{
    "Plan": {
        "Node Type": "Aggregate",
        "Strategy": "Plain",
        "Partial Mode": "Simple",
        "Parallel Aware": false,
        "Startup Cost": 94236.61,
        "Total Cost": 94236.62,
        "Plan Rows": 1,
        "Plan Width": 64,
        "Actual Startup Time": 348.226,
        "Actual Total Time": 379.329,
        "Actual Rows": 1,
        "Actual Loops": 1,
        "Plans": [
            {
                "Node Type": "Nested Loop",
                "Parent Relationship": "Outer",
                "Parallel Aware": false,
                "Join Type": "Inner",
                "Startup Cost": 1004.44,
                "Total Cost": 94236.6,
                "Plan Rows": 1,
                "Plan Width": 32,
                "Actual Startup Time": 155.413,
                "Actual Total Time": 379.287,
                "Actual Rows": 184,
                "Actual Loops": 1,
                "Inner Unique": true,
                "Plans": [
                    {
                        "Node Type": "Nested Loop",
                        "Parent Relationship": "Outer",
                        "Parallel Aware": false,
                        "Join Type": "Inner",
                        "Startup Cost": 1004.3,
                        "Total Cost": 94236.42,
                        "Plan Rows": 1,
                        "Plan Width": 36,
                        "Actual Startup Time": 155.404,
                        "Actual Total Time": 379.095,
                        "Actual Rows": 184,
                        "Actual Loops": 1,
                        "Inner Unique": false,
                        "Join Filter": "(t.id = mi.movie_id)",
                        "Rows Removed by Join Filter": 0,
                        "Plans": [
                            {
                                "Node Type": "Nested Loop",
                                "Parent Relationship": "Outer",
                                "Parallel Aware": false,
                                "Join Type": "Inner",
                                "Startup Cost": 1003.86,
                                "Total Cost": 94234.13,
                                "Plan Rows": 1,
                                "Plan Width": 44,
                                "Actual Startup Time": 155.386,
                                "Actual Total Time": 376.091,
                                "Actual Rows": 77,
                                "Actual Loops": 1,
                                "Inner Unique": true,
                                "Plans": [
                                    {
                                        "Node Type": "Nested Loop",
                                        "Parent Relationship": "Outer",
                                        "Parallel Aware": false,
                                        "Join Type": "Inner",
                                        "Startup Cost": 1003.44,
                                        "Total Cost": 94233.64,
                                        "Plan Rows": 1,
                                        "Plan Width": 48,
                                        "Actual Startup Time": 155.373,
                                        "Actual Total Time": 375.841,
                                        "Actual Rows": 79,
                                        "Actual Loops": 1,
                                        "Inner Unique": false,
                                        "Join Filter": "(t.id = mc.movie_id)",
                                        "Rows Removed by Join Filter": 0,
                                        "Plans": [
                                            {
                                                "Node Type": "Nested Loop",
                                                "Parent Relationship": "Outer",
                                                "Parallel Aware": false,
                                                "Join Type": "Inner",
                                                "Startup Cost": 1003.01,
                                                "Total Cost": 94232.97,
                                                "Plan Rows": 1,
                                                "Plan Width": 40,
                                                "Actual Startup Time": 155.303,
                                                "Actual Total Time": 375.246,
                                                "Actual Rows": 102,
                                                "Actual Loops": 1,
                                                "Inner Unique": true,
                                                "Plans": [
                                                    {
                                                        "Node Type": "Gather",
                                                        "Parent Relationship": "Outer",
                                                        "Parallel Aware": false,
                                                        "Startup Cost": 1002.58,
                                                        "Total Cost": 94232.33,
                                                        "Plan Rows": 1,
                                                        "Plan Width": 44,
                                                        "Actual Startup Time": 154.5,
                                                        "Actual Total Time": 374.829,
                                                        "Actual Rows": 115,
                                                        "Actual Loops": 1,
                                                        "Workers Planned": 1,
                                                        "Workers Launched": 1,
                                                        "Single Copy": false,
                                                        "Plans": [
                                                            {
                                                                "Node Type": "Nested Loop",
                                                                "Parent Relationship": "Outer",
                                                                "Parallel Aware": false,
                                                                "Join Type": "Inner",
                                                                "Startup Cost": 2.58,
                                                                "Total Cost": 93232.23,
                                                                "Plan Rows": 1,
                                                                "Plan Width": 44,
                                                                "Actual Startup Time": 148.254,
                                                                "Actual Total Time": 339.463,
                                                                "Actual Rows": 58,
                                                                "Actual Loops": 2,
                                                                "Inner Unique": true,
                                                                "Plans": [
                                                                    {
                                                                        "Node Type": "Hash Join",
                                                                        "Parent Relationship": "Outer",
                                                                        "Parallel Aware": false,
                                                                        "Join Type": "Inner",
                                                                        "Startup Cost": 2.15,
                                                                        "Total Cost": 93230.95,
                                                                        "Plan Rows": 2,
                                                                        "Plan Width": 23,
                                                                        "Actual Startup Time": 147.382,
                                                                        "Actual Total Time": 337.942,
                                                                        "Actual Rows": 212,
                                                                        "Actual Loops": 2,
                                                                        "Inner Unique": true,
                                                                        "Hash Cond": "(ci.role_id = rt.id)",
                                                                        "Plans": [
                                                                            {
                                                                                "Node Type": "Nested Loop",
                                                                                "Parent Relationship": "Outer",
                                                                                "Parallel Aware": false,
                                                                                "Join Type": "Inner",
                                                                                "Startup Cost": 0.99,
                                                                                "Total Cost": 93229.69,
                                                                                "Plan Rows": 28,
                                                                                "Plan Width": 27,
                                                                                "Actual Startup Time": 147.258,
                                                                                "Actual Total Time": 337.749,
                                                                                "Actual Rows": 212,
                                                                                "Actual Loops": 2,
                                                                                "Inner Unique": false,
                                                                                "Join Filter": "(n.id = ci.person_id)",
                                                                                "Rows Removed by Join Filter": 0,
                                                                                "Plans": [
                                                                                    {
                                                                                        "Node Type": "Nested Loop",
                                                                                        "Parent Relationship": "Outer",
                                                                                        "Parallel Aware": false,
                                                                                        "Join Type": "Inner",
                                                                                        "Startup Cost": 0.42,
                                                                                        "Total Cost": 93066.39,
                                                                                        "Plan Rows": 12,
                                                                                        "Plan Width": 23,
                                                                                        "Actual Startup Time": 144.095,
                                                                                        "Actual Total Time": 328.006,
                                                                                        "Actual Rows": 779,
                                                                                        "Actual Loops": 2,
                                                                                        "Inner Unique": false,
                                                                                        "Plans": [
                                                                                            {
                                                                                                "Node Type": "Seq Scan",
                                                                                                "Parent Relationship": "Outer",
                                                                                                "Parallel Aware": true,
                                                                                                "Relation Name": "name",
                                                                                                "Alias": "n",
                                                                                                "Startup Cost": 0.0,
                                                                                                "Total Cost": 92384.98,
                                                                                                "Plan Rows": 55,
                                                                                                "Plan Width": 19,
                                                                                                "Actual Startup Time": 143.61,
                                                                                                "Actual Total Time": 319.596,
                                                                                                "Actual Rows": 3384,
                                                                                                "Actual Loops": 2,
                                                                                                "Filter": "((name ~~ '%Ang%'::text) AND ((gender)::text = 'f'::text))",
                                                                                                "Rows Removed by Filter": 2080362
                                                                                            },
                                                                                            {
                                                                                                "Node Type": "Index Only Scan",
                                                                                                "Parent Relationship": "Inner",
                                                                                                "Parallel Aware": false,
                                                                                                "Scan Direction": "Forward",
                                                                                                "Index Name": "person_id_aka_name",
                                                                                                "Relation Name": "aka_name",
                                                                                                "Alias": "an",
                                                                                                "Startup Cost": 0.42,
                                                                                                "Total Cost": 12.37,
                                                                                                "Plan Rows": 2,
                                                                                                "Plan Width": 4,
                                                                                                "Actual Startup Time": 0.002,
                                                                                                "Actual Total Time": 0.002,
                                                                                                "Actual Rows": 0,
                                                                                                "Actual Loops": 6768,
                                                                                                "Index Cond": "(person_id = n.id)",
                                                                                                "Rows Removed by Index Recheck": 0,
                                                                                                "Heap Fetches": 1558
                                                                                            }
                                                                                        ]
                                                                                    },
                                                                                    {
                                                                                        "Node Type": "Index Scan",
                                                                                        "Parent Relationship": "Inner",
                                                                                        "Parallel Aware": false,
                                                                                        "Scan Direction": "Forward",
                                                                                        "Index Name": "person_id_cast_info",
                                                                                        "Relation Name": "cast_info",
                                                                                        "Alias": "ci",
                                                                                        "Startup Cost": 0.56,
                                                                                        "Total Cost": 13.45,
                                                                                        "Plan Rows": 13,
                                                                                        "Plan Width": 16,
                                                                                        "Actual Startup Time": 0.011,
                                                                                        "Actual Total Time": 0.012,
                                                                                        "Actual Rows": 0,
                                                                                        "Actual Loops": 1558,
                                                                                        "Index Cond": "(person_id = an.person_id)",
                                                                                        "Rows Removed by Index Recheck": 0,
                                                                                        "Filter": "(note = ANY ('{(voice),\"(voice: Japanese version)\",\"(voice) (uncredited)\",\"(voice: English version)\"}'::text[]))",
                                                                                        "Rows Removed by Filter": 44
                                                                                    }
                                                                                ]
                                                                            },
                                                                            {
                                                                                "Node Type": "Hash",
                                                                                "Parent Relationship": "Inner",
                                                                                "Parallel Aware": false,
                                                                                "Startup Cost": 1.15,
                                                                                "Total Cost": 1.15,
                                                                                "Plan Rows": 1,
                                                                                "Plan Width": 4,
                                                                                "Actual Startup Time": 0.028,
                                                                                "Actual Total Time": 0.029,
                                                                                "Actual Rows": 1,
                                                                                "Actual Loops": 2,
                                                                                "Hash Buckets": 1024,
                                                                                "Original Hash Buckets": 1024,
                                                                                "Hash Batches": 1,
                                                                                "Original Hash Batches": 1,
                                                                                "Peak Memory Usage": 9,
                                                                                "Plans": [
                                                                                    {
                                                                                        "Node Type": "Seq Scan",
                                                                                        "Parent Relationship": "Outer",
                                                                                        "Parallel Aware": false,
                                                                                        "Relation Name": "role_type",
                                                                                        "Alias": "rt",
                                                                                        "Startup Cost": 0.0,
                                                                                        "Total Cost": 1.15,
                                                                                        "Plan Rows": 1,
                                                                                        "Plan Width": 4,
                                                                                        "Actual Startup Time": 0.019,
                                                                                        "Actual Total Time": 0.02,
                                                                                        "Actual Rows": 1,
                                                                                        "Actual Loops": 2,
                                                                                        "Filter": "((role)::text = 'actress'::text)",
                                                                                        "Rows Removed by Filter": 11
                                                                                    }
                                                                                ]
                                                                            }
                                                                        ]
                                                                    },
                                                                    {
                                                                        "Node Type": "Index Scan",
                                                                        "Parent Relationship": "Inner",
                                                                        "Parallel Aware": false,
                                                                        "Scan Direction": "Forward",
                                                                        "Index Name": "title_pkey",
                                                                        "Relation Name": "title",
                                                                        "Alias": "t",
                                                                        "Startup Cost": 0.43,
                                                                        "Total Cost": 0.64,
                                                                        "Plan Rows": 1,
                                                                        "Plan Width": 21,
                                                                        "Actual Startup Time": 0.007,
                                                                        "Actual Total Time": 0.007,
                                                                        "Actual Rows": 0,
                                                                        "Actual Loops": 425,
                                                                        "Index Cond": "(id = ci.movie_id)",
                                                                        "Rows Removed by Index Recheck": 0,
                                                                        "Filter": "((production_year >= 2005) AND (production_year <= 2009))",
                                                                        "Rows Removed by Filter": 1
                                                                    }
                                                                ]
                                                            }
                                                        ]
                                                    },
                                                    {
                                                        "Node Type": "Index Only Scan",
                                                        "Parent Relationship": "Inner",
                                                        "Parallel Aware": false,
                                                        "Scan Direction": "Forward",
                                                        "Index Name": "char_name_pkey",
                                                        "Relation Name": "char_name",
                                                        "Alias": "chn",
                                                        "Startup Cost": 0.43,
                                                        "Total Cost": 0.64,
                                                        "Plan Rows": 1,
                                                        "Plan Width": 4,
                                                        "Actual Startup Time": 0.003,
                                                        "Actual Total Time": 0.003,
                                                        "Actual Rows": 1,
                                                        "Actual Loops": 115,
                                                        "Index Cond": "(id = ci.person_role_id)",
                                                        "Rows Removed by Index Recheck": 0,
                                                        "Heap Fetches": 102
                                                    }
                                                ]
                                            },
                                            {
                                                "Node Type": "Index Scan",
                                                "Parent Relationship": "Inner",
                                                "Parallel Aware": false,
                                                "Scan Direction": "Forward",
                                                "Index Name": "movie_id_movie_companies",
                                                "Relation Name": "movie_companies",
                                                "Alias": "mc",
                                                "Startup Cost": 0.43,
                                                "Total Cost": 0.66,
                                                "Plan Rows": 1,
                                                "Plan Width": 8,
                                                "Actual Startup Time": 0.004,
                                                "Actual Total Time": 0.005,
                                                "Actual Rows": 1,
                                                "Actual Loops": 102,
                                                "Index Cond": "(movie_id = ci.movie_id)",
                                                "Rows Removed by Index Recheck": 0,
                                                "Filter": "((note IS NOT NULL) AND ((note ~~ '%(USA)%'::text) OR (note ~~ '%(worldwide)%'::text)))",
                                                "Rows Removed by Filter": 6
                                            }
                                        ]
                                    },
                                    {
                                        "Node Type": "Index Scan",
                                        "Parent Relationship": "Inner",
                                        "Parallel Aware": false,
                                        "Scan Direction": "Forward",
                                        "Index Name": "company_name_pkey",
                                        "Relation Name": "company_name",
                                        "Alias": "cn",
                                        "Startup Cost": 0.42,
                                        "Total Cost": 0.5,
                                        "Plan Rows": 1,
                                        "Plan Width": 4,
                                        "Actual Startup Time": 0.003,
                                        "Actual Total Time": 0.003,
                                        "Actual Rows": 1,
                                        "Actual Loops": 79,
                                        "Index Cond": "(id = mc.company_id)",
                                        "Rows Removed by Index Recheck": 0,
                                        "Filter": "((country_code)::text = '[us]'::text)",
                                        "Rows Removed by Filter": 0
                                    }
                                ]
                            },
                            {
                                "Node Type": "Index Scan",
                                "Parent Relationship": "Inner",
                                "Parallel Aware": false,
                                "Scan Direction": "Forward",
                                "Index Name": "movie_id_movie_info",
                                "Relation Name": "movie_info",
                                "Alias": "mi",
                                "Startup Cost": 0.43,
                                "Total Cost": 2.26,
                                "Plan Rows": 2,
                                "Plan Width": 8,
                                "Actual Startup Time": 0.009,
                                "Actual Total Time": 0.038,
                                "Actual Rows": 2,
                                "Actual Loops": 77,
                                "Index Cond": "(movie_id = ci.movie_id)",
                                "Rows Removed by Index Recheck": 0,
                                "Filter": "((info IS NOT NULL) AND ((info ~~ 'Japan:%200%'::text) OR (info ~~ 'USA:%200%'::text)))",
                                "Rows Removed by Filter": 166
                            }
                        ]
                    },
                    {
                        "Node Type": "Index Scan",
                        "Parent Relationship": "Inner",
                        "Parallel Aware": false,
                        "Scan Direction": "Forward",
                        "Index Name": "info_type_pkey",
                        "Relation Name": "info_type",
                        "Alias": "it",
                        "Startup Cost": 0.14,
                        "Total Cost": 0.16,
                        "Plan Rows": 1,
                        "Plan Width": 4,
                        "Actual Startup Time": 0.001,
                        "Actual Total Time": 0.001,
                        "Actual Rows": 1,
                        "Actual Loops": 184,
                        "Index Cond": "(id = mi.info_type_id)",
                        "Rows Removed by Index Recheck": 0,
                        "Filter": "((info)::text = 'release dates'::text)",
                        "Rows Removed by Filter": 0
                    }
                ]
            }
        ]
    },
    "Planning Time": 34.661,
    "Triggers": [],
    "Execution Time": 379.457
}