{
  "Plan": {
    "Node Type": "Gather",
    "Parallel Aware": false,
    "Startup Cost": 7199.43,
    "Total Cost": 35920.35,
    "Plan Rows": 4158,
    "Plan Width": 4,
    "Actual Startup Time": 78.913,
    "Actual Total Time": 108.03,
    "Actual Rows": 4712,
    "Actual Loops": 1,
    "Workers Planned": 1,
    "Workers Launched": 1,
    "Single Copy": false,
    "Plans": [
      {
        "Node Type": "Hash Join",
        "Parent Relationship": "Outer",
        "Parallel Aware": true,
        "Join Type": "Inner",
        "Startup Cost": 6199.43,
        "Total Cost": 34504.55,
        "Plan Rows": 2446,
        "Plan Width": 4,
        "Actual Startup Time": 72.652,
        "Actual Total Time": 92.725,
        "Actual Rows": 2356,
        "Actual Loops": 2,
        "Inner Unique": true,
        "Hash Cond": "(mc.company_id = cn.id)",
        "Plans": [
          {
            "Node Type": "Nested Loop",
            "Parent Relationship": "Outer",
            "Parallel Aware": false,
            "Join Type": "Inner",
            "Startup Cost": 94.17,
            "Total Cost": 28392.87,
            "Plan Rows": 2446,
            "Plan Width": 4,
            "Actual Startup Time": 0.921,
            "Actual Total Time": 20.243,
            "Actual Rows": 2356,
            "Actual Loops": 2,
            "Inner Unique": true,
            "Plans": [
              {
                "Node Type": "Hash Join",
                "Parent Relationship": "Outer",
                "Parallel Aware": false,
                "Join Type": "Inner",
                "Startup Cost": 93.74,
                "Total Cost": 10099.81,
                "Plan Rows": 2446,
                "Plan Width": 8,
                "Actual Startup Time": 0.799,
                "Actual Total Time": 4.899,
                "Actual Rows": 2356,
                "Actual Loops": 2,
                "Inner Unique": true,
                "Hash Cond": "(mc.company_type_id = ct.id)",
                "Plans": [
                  {
                    "Node Type": "Bitmap Heap Scan",
                    "Parent Relationship": "Outer",
                    "Parallel Aware": true,
                    "Relation Name": "movie_companies",
                    "Alias": "mc",
                    "Startup Cost": 92.65,
                    "Total Cost": 10085.49,
                    "Plan Rows": 2446,
                    "Plan Width": 12,
                    "Actual Startup Time": 0.752,
                    "Actual Total Time": 4.329,
                    "Actual Rows": 2356,
                    "Actual Loops": 2,
                    "Recheck Cond": "(company_id < 6)",
                    "Rows Removed by Index Recheck": 0,
                    "Exact Heap Blocks": 1516,
                    "Lossy Heap Blocks": 0,
                    "Plans": [
                      {
                        "Node Type": "Bitmap Index Scan",
                        "Parent Relationship": "Outer",
                        "Parallel Aware": false,
                        "Index Name": "company_id_movie_companies",
                        "Startup Cost": 0.0,
                        "Total Cost": 91.62,
                        "Plan Rows": 4158,
                        "Plan Width": 0,
                        "Actual Startup Time": 0.371,
                        "Actual Total Time": 0.372,
                        "Actual Rows": 4712,
                        "Actual Loops": 1,
                        "Index Cond": "(company_id < 6)"
                      }
                    ]
                  },
                  {
                    "Node Type": "Hash",
                    "Parent Relationship": "Inner",
                    "Parallel Aware": false,
                    "Startup Cost": 1.04,
                    "Total Cost": 1.04,
                    "Plan Rows": 4,
                    "Plan Width": 4,
                    "Actual Startup Time": 0.023,
                    "Actual Total Time": 0.024,
                    "Actual Rows": 4,
                    "Actual Loops": 2,
                    "Hash Buckets": 1024,
                    "Original Hash Buckets": 1024,
                    "Hash Batches": 1,
                    "Original Hash Batches": 1,
                    "Peak Memory Usage": 9,
                    "Plans": [
                      {
                        "Node Type": "Seq Scan",
                        "Parent Relationship": "Outer",
                        "Parallel Aware": false,
                        "Relation Name": "company_type",
                        "Alias": "ct",
                        "Startup Cost": 0.0,
                        "Total Cost": 1.04,
                        "Plan Rows": 4,
                        "Plan Width": 4,
                        "Actual Startup Time": 0.018,
                        "Actual Total Time": 0.019,
                        "Actual Rows": 4,
                        "Actual Loops": 2
                      }
                    ]
                  }
                ]
              },
              {
                "Node Type": "Index Only Scan",
                "Parent Relationship": "Inner",
                "Parallel Aware": false,
                "Scan Direction": "Forward",
                "Index Name": "title_pkey",
                "Relation Name": "title",
                "Alias": "t",
                "Startup Cost": 0.43,
                "Total Cost": 7.48,
                "Plan Rows": 1,
                "Plan Width": 4,
                "Actual Startup Time": 0.006,
                "Actual Total Time": 0.006,
                "Actual Rows": 1,
                "Actual Loops": 4712,
                "Index Cond": "(id = mc.movie_id)",
                "Rows Removed by Index Recheck": 0,
                "Heap Fetches": 4712
              }
            ]
          },
          {
            "Node Type": "Hash",
            "Parent Relationship": "Inner",
            "Parallel Aware": true,
            "Startup Cost": 4377.34,
            "Total Cost": 4377.34,
            "Plan Rows": 138234,
            "Plan Width": 4,
            "Actual Startup Time": 67.928,
            "Actual Total Time": 67.929,
            "Actual Rows": 117498,
            "Actual Loops": 2,
            "Hash Buckets": 262144,
            "Original Hash Buckets": 262144,
            "Hash Batches": 1,
            "Original Hash Batches": 1,
            "Peak Memory Usage": 11296,
            "Plans": [
              {
                "Node Type": "Seq Scan",
                "Parent Relationship": "Outer",
                "Parallel Aware": true,
                "Relation Name": "company_name",
                "Alias": "cn",
                "Startup Cost": 0.0,
                "Total Cost": 4377.34,
                "Plan Rows": 138234,
                "Plan Width": 4,
                "Actual Startup Time": 0.038,
                "Actual Total Time": 24.674,
                "Actual Rows": 117498,
                "Actual Loops": 2
              }
            ]
          }
        ]
      }
    ]
  },
  "Planning Time": 0.861,
  "Triggers": [],
  "Execution Time": 108.343
}