[
    {
        "Bao": {
            "Bao prediction": "NaN",
            "Bao recommended hint": "(no hint)"
        }
    },
    {
        "Plan": {
            "Node Type": "Aggregate",
            "Strategy": "Plain",
            "Partial Mode": "Finalize",
            "Parallel Aware": false,
            "Startup Cost": 352342.43,
            "Total Cost": 352342.44,
            "Plan Rows": 1,
            "Plan Width": 8,
            "Actual Startup Time": 755.365,
            "Actual Total Time": 781.7,
            "Actual Rows": 1,
            "Actual Loops": 1,
            "Output": [
                "count(*)"
            ],
            "Plans": [
                {
                    "Node Type": "Gather",
                    "Parent Relationship": "Outer",
                    "Parallel Aware": false,
                    "Startup Cost": 352341.8,
                    "Total Cost": 352342.41,
                    "Plan Rows": 6,
                    "Plan Width": 8,
                    "Actual Startup Time": 755.249,
                    "Actual Total Time": 781.689,
                    "Actual Rows": 7,
                    "Actual Loops": 1,
                    "Output": [
                        "(PARTIAL count(*))"
                    ],
                    "Workers Planned": 6,
                    "Workers Launched": 6,
                    "Single Copy": false,
                    "Plans": [
                        {
                            "Node Type": "Aggregate",
                            "Strategy": "Plain",
                            "Partial Mode": "Partial",
                            "Parent Relationship": "Outer",
                            "Parallel Aware": false,
                            "Startup Cost": 351341.8,
                            "Total Cost": 351341.81,
                            "Plan Rows": 1,
                            "Plan Width": 8,
                            "Actual Startup Time": 745.403,
                            "Actual Total Time": 745.404,
                            "Actual Rows": 1,
                            "Actual Loops": 7,
                            "Output": [
                                "PARTIAL count(*)"
                            ],
                            "Workers": [
                                {
                                    "Worker Number": 0,
                                    "Actual Startup Time": 743.295,
                                    "Actual Total Time": 743.296,
                                    "Actual Rows": 1,
                                    "Actual Loops": 1
                                },
                                {
                                    "Worker Number": 1,
                                    "Actual Startup Time": 743.641,
                                    "Actual Total Time": 743.643,
                                    "Actual Rows": 1,
                                    "Actual Loops": 1
                                },
                                {
                                    "Worker Number": 2,
                                    "Actual Startup Time": 743.817,
                                    "Actual Total Time": 743.819,
                                    "Actual Rows": 1,
                                    "Actual Loops": 1
                                },
                                {
                                    "Worker Number": 3,
                                    "Actual Startup Time": 743.743,
                                    "Actual Total Time": 743.743,
                                    "Actual Rows": 1,
                                    "Actual Loops": 1
                                },
                                {
                                    "Worker Number": 4,
                                    "Actual Startup Time": 743.744,
                                    "Actual Total Time": 743.745,
                                    "Actual Rows": 1,
                                    "Actual Loops": 1
                                },
                                {
                                    "Worker Number": 5,
                                    "Actual Startup Time": 744.722,
                                    "Actual Total Time": 744.724,
                                    "Actual Rows": 1,
                                    "Actual Loops": 1
                                }
                            ],
                            "Plans": [
                                {
                                    "Node Type": "Seq Scan",
                                    "Parent Relationship": "Outer",
                                    "Parallel Aware": true,
                                    "Relation Name": "cast_info",
                                    "Schema": "public",
                                    "Alias": "ci",
                                    "Startup Cost": 0.0,
                                    "Total Cost": 343318.94,
                                    "Plan Rows": 3209145,
                                    "Plan Width": 0,
                                    "Actual Startup Time": 144.838,
                                    "Actual Total Time": 634.055,
                                    "Actual Rows": 2550791,
                                    "Actual Loops": 7,
                                    "Output": [
                                        "id",
                                        "person_id",
                                        "movie_id",
                                        "person_role_id",
                                        "note",
                                        "nr_order",
                                        "role_id"
                                    ],
                                    "Filter": "((ci.person_id > 1198690) AND (ci.role_id < 8))",
                                    "Rows Removed by Filter": 2626972,
                                    "Workers": [
                                        {
                                            "Worker Number": 0,
                                            "Actual Startup Time": 142.732,
                                            "Actual Total Time": 631.353,
                                            "Actual Rows": 1673013,
                                            "Actual Loops": 1
                                        },
                                        {
                                            "Worker Number": 1,
                                            "Actual Startup Time": 143.074,
                                            "Actual Total Time": 634.859,
                                            "Actual Rows": 2643194,
                                            "Actual Loops": 1
                                        },
                                        {
                                            "Worker Number": 2,
                                            "Actual Startup Time": 143.253,
                                            "Actual Total Time": 637.456,
                                            "Actual Rows": 2587250,
                                            "Actual Loops": 1
                                        },
                                        {
                                            "Worker Number": 3,
                                            "Actual Startup Time": 143.185,
                                            "Actual Total Time": 637.367,
                                            "Actual Rows": 2593342,
                                            "Actual Loops": 1
                                        },
                                        {
                                            "Worker Number": 4,
                                            "Actual Startup Time": 143.179,
                                            "Actual Total Time": 637.343,
                                            "Actual Rows": 2589663,
                                            "Actual Loops": 1
                                        },
                                        {
                                            "Worker Number": 5,
                                            "Actual Startup Time": 144.156,
                                            "Actual Total Time": 636.402,
                                            "Actual Rows": 2627121,
                                            "Actual Loops": 1
                                        }
                                    ]
                                }
                            ]
                        }
                    ]
                }
            ]
        },
        "Planning Time": 177.995,
        "Triggers": [],
        "Execution Time": 781.75
    }
]