[
  {
    "Plan": {
      "Node Type": "Aggregate",
      "Strategy": "Plain",
      "Partial Mode": "Finalize",
      "Parallel Aware": false,
      "Startup Cost": 90293.37,
      "Total Cost": 90293.38,
      "Plan Rows": 1,
      "Plan Width": 8,
      "Actual Startup Time": 270.315,
      "Actual Total Time": 289.942,
      "Actual Rows": 1,
      "Actual Loops": 1,
      "Plans": [
        {
          "Node Type": "Gather",
          "Parent Relationship": "Outer",
          "Parallel Aware": false,
          "Startup Cost": 90293.05,
          "Total Cost": 90293.36,
          "Plan Rows": 3,
          "Plan Width": 8,
          "Actual Startup Time": 269.98,
          "Actual Total Time": 289.934,
          "Actual Rows": 4,
          "Actual Loops": 1,
          "Workers Planned": 3,
          "Workers Launched": 3,
          "Single Copy": false,
          "Plans": [
            {
              "Node Type": "Aggregate",
              "Strategy": "Plain",
              "Partial Mode": "Partial",
              "Parent Relationship": "Outer",
              "Parallel Aware": false,
              "Startup Cost": 89293.05,
              "Total Cost": 89293.06,
              "Plan Rows": 1,
              "Plan Width": 8,
              "Actual Startup Time": 265.559,
              "Actual Total Time": 265.563,
              "Actual Rows": 1,
              "Actual Loops": 4,
              "Plans": [
                {
                  "Node Type": "Hash Join",
                  "Parent Relationship": "Outer",
                  "Parallel Aware": true,
                  "Join Type": "Inner",
                  "Startup Cost": 44008.36,
                  "Total Cost": 89259.46,
                  "Plan Rows": 13434,
                  "Plan Width": 0,
                  "Actual Startup Time": 100.131,
                  "Actual Total Time": 264.931,
                  "Actual Rows": 12502,
                  "Actual Loops": 4,
                  "Inner Unique": true,
                  "Hash Cond": "(mk.movie_id = t.id)",
                  "Plans": [
                    {
                      "Node Type": "Seq Scan",
                      "Parent Relationship": "Outer",
                      "Parallel Aware": true,
                      "Relation Name": "movie_keyword",
                      "Alias": "mk",
                      "Startup Cost": 0.0,
                      "Total Cost": 42695.65,
                      "Plan Rows": 973505,
                      "Plan Width": 4,
                      "Actual Startup Time": 0.162,
                      "Actual Total Time": 112.215,
                      "Actual Rows": 755828,
                      "Actual Loops": 4,
                      "Filter": "(keyword_id > 2158)",
                      "Rows Removed by Filter": 375155
                    },
                    {
                      "Node Type": "Hash",
                      "Parent Relationship": "Inner",
                      "Parallel Aware": true,
                      "Startup Cost": 43899.32,
                      "Total Cost": 43899.32,
                      "Plan Rows": 8723,
                      "Plan Width": 4,
                      "Actual Startup Time": 98.668,
                      "Actual Total Time": 98.669,
                      "Actual Rows": 9127,
                      "Actual Loops": 4,
                      "Hash Buckets": 65536,
                      "Original Hash Buckets": 65536,
                      "Hash Batches": 1,
                      "Original Hash Batches": 1,
                      "Peak Memory Usage": 1984,
                      "Plans": [
                        {
                          "Node Type": "Seq Scan",
                          "Parent Relationship": "Outer",
                          "Parallel Aware": true,
                          "Relation Name": "title",
                          "Alias": "t",
                          "Startup Cost": 0.0,
                          "Total Cost": 43899.32,
                          "Plan Rows": 8723,
                          "Plan Width": 4,
                          "Actual Startup Time": 0.042,
                          "Actual Total Time": 94.229,
                          "Actual Rows": 9127,
                          "Actual Loops": 4,
                          "Filter": "(production_year = 1996)",
                          "Rows Removed by Filter": 622951
                        }
                      ]
                    }
                  ]
                }
              ]
            }
          ]
        }
      ]
    },
    "Planning Time": 0.608,
    "Triggers": [],
    "Execution Time": 290.02
  }
]