[
  {
    "Plan": {
      "Node Type": "Aggregate",
      "Strategy": "Plain",
      "Partial Mode": "Finalize",
      "Parallel Aware": false,
      "Startup Cost": 63234.91,
      "Total Cost": 63234.92,
      "Plan Rows": 1,
      "Plan Width": 8,
      "Actual Startup Time": 283.552,
      "Actual Total Time": 299.89,
      "Actual Rows": 1,
      "Actual Loops": 1,
      "Plans": [
        {
          "Node Type": "Gather",
          "Parent Relationship": "Outer",
          "Parallel Aware": false,
          "Startup Cost": 63234.7,
          "Total Cost": 63234.91,
          "Plan Rows": 2,
          "Plan Width": 8,
          "Actual Startup Time": 281.62,
          "Actual Total Time": 299.88,
          "Actual Rows": 3,
          "Actual Loops": 1,
          "Workers Planned": 2,
          "Workers Launched": 2,
          "Single Copy": false,
          "Plans": [
            {
              "Node Type": "Aggregate",
              "Strategy": "Plain",
              "Partial Mode": "Partial",
              "Parent Relationship": "Outer",
              "Parallel Aware": false,
              "Startup Cost": 62234.7,
              "Total Cost": 62234.71,
              "Plan Rows": 1,
              "Plan Width": 8,
              "Actual Startup Time": 274.438,
              "Actual Total Time": 274.442,
              "Actual Rows": 1,
              "Actual Loops": 3,
              "Plans": [
                {
                  "Node Type": "Hash Join",
                  "Parent Relationship": "Outer",
                  "Parallel Aware": true,
                  "Join Type": "Inner",
                  "Startup Cost": 46543.77,
                  "Total Cost": 62170.1,
                  "Plan Rows": 25841,
                  "Plan Width": 0,
                  "Actual Startup Time": 183.586,
                  "Actual Total Time": 272.76,
                  "Actual Rows": 27213,
                  "Actual Loops": 3,
                  "Inner Unique": true,
                  "Hash Cond": "(mi_idx.movie_id = t.id)",
                  "Plans": [
                    {
                      "Node Type": "Seq Scan",
                      "Parent Relationship": "Outer",
                      "Parallel Aware": true,
                      "Relation Name": "movie_info_idx",
                      "Alias": "mi_idx",
                      "Startup Cost": 0.0,
                      "Total Cost": 15122.68,
                      "Plan Rows": 191863,
                      "Plan Width": 4,
                      "Actual Startup Time": 0.035,
                      "Actual Total Time": 49.794,
                      "Actual Rows": 153308,
                      "Actual Loops": 3,
                      "Filter": "(info_type_id = 100)",
                      "Rows Removed by Filter": 306703
                    },
                    {
                      "Node Type": "Hash",
                      "Parent Relationship": "Inner",
                      "Parallel Aware": true,
                      "Startup Cost": 45479.59,
                      "Total Cost": 45479.59,
                      "Plan Rows": 85135,
                      "Plan Width": 4,
                      "Actual Startup Time": 179.293,
                      "Actual Total Time": 179.295,
                      "Actual Rows": 92383,
                      "Actual Loops": 3,
                      "Hash Buckets": 524288,
                      "Original Hash Buckets": 524288,
                      "Hash Batches": 1,
                      "Original Hash Batches": 1,
                      "Peak Memory Usage": 15008,
                      "Plans": [
                        {
                          "Node Type": "Seq Scan",
                          "Parent Relationship": "Outer",
                          "Parallel Aware": true,
                          "Relation Name": "title",
                          "Alias": "t",
                          "Startup Cost": 0.0,
                          "Total Cost": 45479.59,
                          "Plan Rows": 85135,
                          "Plan Width": 4,
                          "Actual Startup Time": 0.083,
                          "Actual Total Time": 142.869,
                          "Actual Rows": 92383,
                          "Actual Loops": 3,
                          "Filter": "((kind_id < 4) AND (production_year > 2005))",
                          "Rows Removed by Filter": 750388
                        }
                      ]
                    }
                  ]
                }
              ]
            }
          ]
        }
      ]
    },
    "Planning Time": 0.64,
    "Triggers": [],
    "Execution Time": 299.964
  }
]