[
  {
    "Plan": {
      "Node Type": "Aggregate",
      "Strategy": "Plain",
      "Partial Mode": "Finalize",
      "Parallel Aware": false,
      "Startup Cost": 338224.59,
      "Total Cost": 338224.6,
      "Plan Rows": 1,
      "Plan Width": 8,
      "Actual Startup Time": 905.881,
      "Actual Total Time": 968.861,
      "Actual Rows": 1,
      "Actual Loops": 1,
      "Plans": [
        {
          "Node Type": "Gather",
          "Parent Relationship": "Outer",
          "Parallel Aware": false,
          "Startup Cost": 338223.97,
          "Total Cost": 338224.58,
          "Plan Rows": 6,
          "Plan Width": 8,
          "Actual Startup Time": 905.74,
          "Actual Total Time": 968.851,
          "Actual Rows": 7,
          "Actual Loops": 1,
          "Workers Planned": 6,
          "Workers Launched": 6,
          "Single Copy": false,
          "Plans": [
            {
              "Node Type": "Aggregate",
              "Strategy": "Plain",
              "Partial Mode": "Partial",
              "Parent Relationship": "Outer",
              "Parallel Aware": false,
              "Startup Cost": 337223.97,
              "Total Cost": 337223.98,
              "Plan Rows": 1,
              "Plan Width": 8,
              "Actual Startup Time": 895.275,
              "Actual Total Time": 895.277,
              "Actual Rows": 1,
              "Actual Loops": 7,
              "Plans": [
                {
                  "Node Type": "Seq Scan",
                  "Parent Relationship": "Outer",
                  "Parallel Aware": true,
                  "Relation Name": "cast_info",
                  "Alias": "ci",
                  "Startup Cost": 0.0,
                  "Total Cost": 328162.03,
                  "Plan Rows": 3624776,
                  "Plan Width": 0,
                  "Actual Startup Time": 0.053,
                  "Actual Total Time": 725.494,
                  "Actual Rows": 3117708,
                  "Actual Loops": 7,
                  "Filter": "(person_id < 2218588)",
                  "Rows Removed by Filter": 2060055
                }
              ]
            }
          ]
        }
      ]
    },
    "Planning Time": 0.244,
    "Triggers": [],
    "Execution Time": 968.933
  }
]