[
  {
    "Plan": {
      "Node Type": "Aggregate",
      "Strategy": "Plain",
      "Partial Mode": "Finalize",
      "Parallel Aware": false,
      "Startup Cost": 421660.09,
      "Total Cost": 421660.1,
      "Plan Rows": 1,
      "Plan Width": 8,
      "Actual Startup Time": 864.517,
      "Actual Total Time": 889.271,
      "Actual Rows": 1,
      "Actual Loops": 1,
      "Plans": [
        {
          "Node Type": "Gather",
          "Parent Relationship": "Outer",
          "Parallel Aware": false,
          "Startup Cost": 421659.77,
          "Total Cost": 421660.08,
          "Plan Rows": 3,
          "Plan Width": 8,
          "Actual Startup Time": 856.902,
          "Actual Total Time": 889.262,
          "Actual Rows": 4,
          "Actual Loops": 1,
          "Workers Planned": 3,
          "Workers Launched": 3,
          "Single Copy": false,
          "Plans": [
            {
              "Node Type": "Aggregate",
              "Strategy": "Plain",
              "Partial Mode": "Partial",
              "Parent Relationship": "Outer",
              "Parallel Aware": false,
              "Startup Cost": 420659.77,
              "Total Cost": 420659.78,
              "Plan Rows": 1,
              "Plan Width": 8,
              "Actual Startup Time": 843.585,
              "Actual Total Time": 843.91,
              "Actual Rows": 1,
              "Actual Loops": 4,
              "Plans": [
                {
                  "Node Type": "Hash Join",
                  "Parent Relationship": "Outer",
                  "Parallel Aware": true,
                  "Join Type": "Inner",
                  "Startup Cost": 388905.68,
                  "Total Cost": 420125.95,
                  "Plan Rows": 213531,
                  "Plan Width": 0,
                  "Actual Startup Time": 722.081,
                  "Actual Total Time": 840.158,
                  "Actual Rows": 92789,
                  "Actual Loops": 4,
                  "Inner Unique": false,
                  "Hash Cond": "(mc.movie_id = t.id)",
                  "Plans": [
                    {
                      "Node Type": "Seq Scan",
                      "Parent Relationship": "Outer",
                      "Parallel Aware": true,
                      "Relation Name": "movie_companies",
                      "Alias": "mc",
                      "Startup Cost": 0.0,
                      "Total Cost": 29310.68,
                      "Plan Rows": 414318,
                      "Plan Width": 4,
                      "Actual Startup Time": 0.02,
                      "Actual Total Time": 63.096,
                      "Actual Rows": 318562,
                      "Actual Loops": 4,
                      "Filter": "(company_type_id = 1)",
                      "Rows Removed by Filter": 333721
                    },
                    {
                      "Node Type": "Hash",
                      "Parent Relationship": "Inner",
                      "Parallel Aware": true,
                      "Startup Cost": 386191.03,
                      "Total Cost": 386191.03,
                      "Plan Rows": 217172,
                      "Plan Width": 8,
                      "Actual Startup Time": 714.397,
                      "Actual Total Time": 714.72,
                      "Actual Rows": 142815,
                      "Actual Loops": 4,
                      "Hash Buckets": 2097152,
                      "Original Hash Buckets": 2097152,
                      "Hash Batches": 1,
                      "Original Hash Batches": 1,
                      "Peak Memory Usage": 38816,
                      "Plans": [
                        {
                          "Node Type": "Hash Join",
                          "Parent Relationship": "Outer",
                          "Parallel Aware": true,
                          "Join Type": "Inner",
                          "Startup Cost": 124132.73,
                          "Total Cost": 386191.03,
                          "Plan Rows": 217172,
                          "Plan Width": 8,
                          "Actual Startup Time": 506.211,
                          "Actual Total Time": 658.297,
                          "Actual Rows": 142815,
                          "Actual Loops": 4,
                          "Inner Unique": true,
                          "Hash Cond": "(ci.movie_id = t.id)",
                          "Plans": [
                            {
                              "Node Type": "Bitmap Heap Scan",
                              "Parent Relationship": "Outer",
                              "Parallel Aware": true,
                              "Relation Name": "cast_info",
                              "Alias": "ci",
                              "Startup Cost": 73983.99,
                              "Total Cost": 335077.74,
                              "Plan Rows": 367450,
                              "Plan Width": 4,
                              "Actual Startup Time": 270.847,
                              "Actual Total Time": 326.2,
                              "Actual Rows": 243598,
                              "Actual Loops": 4,
                              "Recheck Cond": "(person_id < 333242)",
                              "Rows Removed by Index Recheck": 0,
                              "Filter": "(role_id > 1)",
                              "Rows Removed by Filter": 623060,
                              "Exact Heap Blocks": 10104,
                              "Lossy Heap Blocks": 0,
                              "Plans": [
                                {
                                  "Node Type": "Bitmap Index Scan",
                                  "Parent Relationship": "Outer",
                                  "Parallel Aware": false,
                                  "Index Name": "person_id_cast_info",
                                  "Startup Cost": 0.0,
                                  "Total Cost": 73432.82,
                                  "Plan Rows": 3362700,
                                  "Plan Width": 0,
                                  "Actual Startup Time": 179.022,
                                  "Actual Total Time": 179.023,
                                  "Actual Rows": 3466632,
                                  "Actual Loops": 1,
                                  "Index Cond": "(person_id < 333242)"
                                }
                              ]
                            },
                            {
                              "Node Type": "Hash",
                              "Parent Relationship": "Inner",
                              "Parallel Aware": true,
                              "Startup Cost": 45479.1,
                              "Total Cost": 45479.1,
                              "Plan Rows": 373571,
                              "Plan Width": 4,
                              "Actual Startup Time": 231.734,
                              "Actual Total Time": 231.734,
                              "Actual Rows": 369610,
                              "Actual Loops": 4,
                              "Hash Buckets": 2097152,
                              "Original Hash Buckets": 2097152,
                              "Hash Batches": 1,
                              "Original Hash Batches": 1,
                              "Peak Memory Usage": 74272,
                              "Plans": [
                                {
                                  "Node Type": "Seq Scan",
                                  "Parent Relationship": "Outer",
                                  "Parallel Aware": true,
                                  "Relation Name": "title",
                                  "Alias": "t",
                                  "Startup Cost": 0.0,
                                  "Total Cost": 45479.1,
                                  "Plan Rows": 373571,
                                  "Plan Width": 4,
                                  "Actual Startup Time": 0.042,
                                  "Actual Total Time": 105.769,
                                  "Actual Rows": 369610,
                                  "Actual Loops": 4,
                                  "Filter": "((production_year > 0) AND (kind_id = 7))",
                                  "Rows Removed by Filter": 262468
                                }
                              ]
                            }
                          ]
                        }
                      ]
                    }
                  ]
                }
              ]
            }
          ]
        }
      ]
    },
    "Planning Time": 1.488,
    "Triggers": [],
    "Execution Time": 889.375
  }
]