{
  "Plan": {
    "Node Type": "Aggregate",
    "Strategy": "Plain",
    "Partial Mode": "Finalize",
    "Parallel Aware": false,
    "Startup Cost": 207516.55,
    "Total Cost": 207516.56,
    "Plan Rows": 1,
    "Plan Width": 8,
    "Actual Startup Time": 566.146,
    "Actual Total Time": 595.593,
    "Actual Rows": 1,
    "Actual Loops": 1,
    "Plans": [
      {
        "Node Type": "Gather",
        "Parent Relationship": "Outer",
        "Parallel Aware": false,
        "Startup Cost": 207516.44,
        "Total Cost": 207516.55,
        "Plan Rows": 1,
        "Plan Width": 8,
        "Actual Startup Time": 562.932,
        "Actual Total Time": 595.585,
        "Actual Rows": 2,
        "Actual Loops": 1,
        "Workers Planned": 1,
        "Workers Launched": 1,
        "Single Copy": false,
        "Plans": [
          {
            "Node Type": "Aggregate",
            "Strategy": "Plain",
            "Partial Mode": "Partial",
            "Parent Relationship": "Outer",
            "Parallel Aware": false,
            "Startup Cost": 206516.44,
            "Total Cost": 206516.45,
            "Plan Rows": 1,
            "Plan Width": 8,
            "Actual Startup Time": 554.157,
            "Actual Total Time": 554.162,
            "Actual Rows": 1,
            "Actual Loops": 2,
            "Plans": [
              {
                "Node Type": "Nested Loop",
                "Parent Relationship": "Outer",
                "Parallel Aware": false,
                "Join Type": "Inner",
                "Startup Cost": 72474.64,
                "Total Cost": 206441.41,
                "Plan Rows": 30012,
                "Plan Width": 0,
                "Actual Startup Time": 382.076,
                "Actual Total Time": 553.446,
                "Actual Rows": 10302,
                "Actual Loops": 2,
                "Inner Unique": false,
                "Plans": [
                  {
                    "Node Type": "Hash Join",
                    "Parent Relationship": "Outer",
                    "Parallel Aware": true,
                    "Join Type": "Inner",
                    "Startup Cost": 72474.2,
                    "Total Cost": 98424.99,
                    "Plan Rows": 56402,
                    "Plan Width": 8,
                    "Actual Startup Time": 381.988,
                    "Actual Total Time": 461.333,
                    "Actual Rows": 14220,
                    "Actual Loops": 2,
                    "Inner Unique": true,
                    "Hash Cond": "(mk.movie_id = t.id)",
                    "Plans": [
                      {
                        "Node Type": "Bitmap Heap Scan",
                        "Parent Relationship": "Outer",
                        "Parallel Aware": true,
                        "Relation Name": "movie_keyword",
                        "Alias": "mk",
                        "Startup Cost": 3572.25,
                        "Total Cost": 29263.26,
                        "Plan Rows": 98961,
                        "Plan Width": 4,
                        "Actual Startup Time": 18.126,
                        "Actual Total Time": 62.946,
                        "Actual Rows": 91213,
                        "Actual Loops": 2,
                        "Recheck Cond": "(keyword_id < 135)",
                        "Rows Removed by Index Recheck": 0,
                        "Exact Heap Blocks": 14139,
                        "Lossy Heap Blocks": 0,
                        "Plans": [
                          {
                            "Node Type": "Bitmap Index Scan",
                            "Parent Relationship": "Outer",
                            "Parallel Aware": false,
                            "Index Name": "keyword_id_movie_keyword",
                            "Startup Cost": 0.0,
                            "Total Cost": 3530.19,
                            "Plan Rows": 168234,
                            "Plan Width": 0,
                            "Actual Startup Time": 14.605,
                            "Actual Total Time": 14.605,
                            "Actual Rows": 182426,
                            "Actual Loops": 1,
                            "Index Cond": "(keyword_id < 135)"
                          }
                        ]
                      },
                      {
                        "Node Type": "Hash",
                        "Parent Relationship": "Inner",
                        "Parallel Aware": true,
                        "Startup Cost": 58306.47,
                        "Total Cost": 58306.47,
                        "Plan Rows": 847639,
                        "Plan Width": 4,
                        "Actual Startup Time": 349.186,
                        "Actual Total Time": 349.187,
                        "Actual Rows": 739219,
                        "Actual Loops": 2,
                        "Hash Buckets": 2097152,
                        "Original Hash Buckets": 2097152,
                        "Hash Batches": 1,
                        "Original Hash Batches": 1,
                        "Peak Memory Usage": 74272,
                        "Plans": [
                          {
                            "Node Type": "Seq Scan",
                            "Parent Relationship": "Outer",
                            "Parallel Aware": true,
                            "Relation Name": "title",
                            "Alias": "t",
                            "Startup Cost": 0.0,
                            "Total Cost": 58306.47,
                            "Plan Rows": 847639,
                            "Plan Width": 4,
                            "Actual Startup Time": 0.028,
                            "Actual Total Time": 167.526,
                            "Actual Rows": 739219,
                            "Actual Loops": 2,
                            "Filter": "((production_year > 1920) AND (kind_id = 7))",
                            "Rows Removed by Filter": 524937
                          }
                        ]
                      }
                    ]
                  },
                  {
                    "Node Type": "Index Scan",
                    "Parent Relationship": "Inner",
                    "Parallel Aware": false,
                    "Scan Direction": "Forward",
                    "Index Name": "movie_id_movie_info",
                    "Relation Name": "movie_info",
                    "Alias": "mi",
                    "Startup Cost": 0.43,
                    "Total Cost": 1.88,
                    "Plan Rows": 4,
                    "Plan Width": 4,
                    "Actual Startup Time": 0.005,
                    "Actual Total Time": 0.006,
                    "Actual Rows": 1,
                    "Actual Loops": 28439,
                    "Index Cond": "(movie_id = t.id)",
                    "Rows Removed by Index Recheck": 0,
                    "Filter": "(info_type_id = 7)",
                    "Rows Removed by Filter": 7
                  }
                ]
              }
            ]
          }
        ]
      }
    ]
  },
  "Planning Time": 1.02,
  "Triggers": [],
  "Execution Time": 595.7
}