[
  {
    "Plan": {
      "Node Type": "Aggregate",
      "Strategy": "Plain",
      "Partial Mode": "Finalize",
      "Parallel Aware": false,
      "Startup Cost": 118645.88,
      "Total Cost": 118645.89,
      "Plan Rows": 1,
      "Plan Width": 8,
      "Actual Startup Time": 780.346,
      "Actual Total Time": 800.062,
      "Actual Rows": 1,
      "Actual Loops": 1,
      "Plans": [
        {
          "Node Type": "Gather",
          "Parent Relationship": "Outer",
          "Parallel Aware": false,
          "Startup Cost": 118645.56,
          "Total Cost": 118645.87,
          "Plan Rows": 3,
          "Plan Width": 8,
          "Actual Startup Time": 770.502,
          "Actual Total Time": 800.054,
          "Actual Rows": 4,
          "Actual Loops": 1,
          "Workers Planned": 3,
          "Workers Launched": 3,
          "Single Copy": false,
          "Plans": [
            {
              "Node Type": "Aggregate",
              "Strategy": "Plain",
              "Partial Mode": "Partial",
              "Parent Relationship": "Outer",
              "Parallel Aware": false,
              "Startup Cost": 117645.56,
              "Total Cost": 117645.57,
              "Plan Rows": 1,
              "Plan Width": 8,
              "Actual Startup Time": 760.545,
              "Actual Total Time": 760.55,
              "Actual Rows": 1,
              "Actual Loops": 4,
              "Plans": [
                {
                  "Node Type": "Hash Join",
                  "Parent Relationship": "Outer",
                  "Parallel Aware": true,
                  "Join Type": "Inner",
                  "Startup Cost": 68502.8,
                  "Total Cost": 116734.11,
                  "Plan Rows": 364583,
                  "Plan Width": 0,
                  "Actual Startup Time": 453.786,
                  "Actual Total Time": 719.541,
                  "Actual Rows": 959482,
                  "Actual Loops": 4,
                  "Inner Unique": false,
                  "Hash Cond": "(mk.movie_id = t.id)",
                  "Plans": [
                    {
                      "Node Type": "Seq Scan",
                      "Parent Relationship": "Outer",
                      "Parallel Aware": true,
                      "Relation Name": "movie_keyword",
                      "Alias": "mk",
                      "Startup Cost": 0.0,
                      "Total Cost": 42695.65,
                      "Plan Rows": 1071083,
                      "Plan Width": 4,
                      "Actual Startup Time": 0.085,
                      "Actual Total Time": 116.12,
                      "Actual Rows": 828614,
                      "Actual Loops": 4,
                      "Filter": "(keyword_id > 1515)",
                      "Rows Removed by Filter": 302369
                    },
                    {
                      "Node Type": "Hash",
                      "Parent Relationship": "Inner",
                      "Parallel Aware": true,
                      "Startup Cost": 64020.53,
                      "Total Cost": 64020.53,
                      "Plan Rows": 358582,
                      "Plan Width": 8,
                      "Actual Startup Time": 448.405,
                      "Actual Total Time": 448.409,
                      "Actual Rows": 196442,
                      "Actual Loops": 4,
                      "Hash Buckets": 1048576,
                      "Original Hash Buckets": 1048576,
                      "Hash Batches": 1,
                      "Original Hash Batches": 1,
                      "Peak Memory Usage": 39008,
                      "Plans": [
                        {
                          "Node Type": "Hash Join",
                          "Parent Relationship": "Outer",
                          "Parallel Aware": true,
                          "Join Type": "Inner",
                          "Startup Cost": 48825.97,
                          "Total Cost": 64020.53,
                          "Plan Rows": 358582,
                          "Plan Width": 8,
                          "Actual Startup Time": 274.764,
                          "Actual Total Time": 390.003,
                          "Actual Rows": 196442,
                          "Actual Loops": 4,
                          "Inner Unique": true,
                          "Hash Cond": "(mi_idx.movie_id = t.id)",
                          "Plans": [
                            {
                              "Node Type": "Seq Scan",
                              "Parent Relationship": "Outer",
                              "Parallel Aware": true,
                              "Relation Name": "movie_info_idx",
                              "Alias": "mi_idx",
                              "Startup Cost": 0.0,
                              "Total Cost": 13685.15,
                              "Plan Rows": 575015,
                              "Plan Width": 4,
                              "Actual Startup Time": 0.027,
                              "Actual Total Time": 31.463,
                              "Actual Rows": 345009,
                              "Actual Loops": 4
                            },
                            {
                              "Node Type": "Hash",
                              "Parent Relationship": "Inner",
                              "Parallel Aware": true,
                              "Startup Cost": 43898.92,
                              "Total Cost": 43898.92,
                              "Plan Rows": 394164,
                              "Plan Width": 4,
                              "Actual Startup Time": 269.794,
                              "Actual Total Time": 269.795,
                              "Actual Rows": 392642,
                              "Actual Loops": 4,
                              "Hash Buckets": 2097152,
                              "Original Hash Buckets": 2097152,
                              "Hash Batches": 1,
                              "Original Hash Batches": 1,
                              "Peak Memory Usage": 77888,
                              "Plans": [
                                {
                                  "Node Type": "Seq Scan",
                                  "Parent Relationship": "Outer",
                                  "Parallel Aware": true,
                                  "Relation Name": "title",
                                  "Alias": "t",
                                  "Startup Cost": 0.0,
                                  "Total Cost": 43898.92,
                                  "Plan Rows": 394164,
                                  "Plan Width": 4,
                                  "Actual Startup Time": 0.047,
                                  "Actual Total Time": 114.091,
                                  "Actual Rows": 392642,
                                  "Actual Loops": 4,
                                  "Filter": "(production_year > 1996)",
                                  "Rows Removed by Filter": 239436
                                }
                              ]
                            }
                          ]
                        }
                      ]
                    }
                  ]
                }
              ]
            }
          ]
        }
      ]
    },
    "Planning Time": 1.373,
    "Triggers": [],
    "Execution Time": 800.145
  }
]