{
  "Plan": {
    "Node Type": "Aggregate",
    "Strategy": "Plain",
    "Partial Mode": "Finalize",
    "Parallel Aware": false,
    "Startup Cost": 115190.36,
    "Total Cost": 115190.37,
    "Plan Rows": 1,
    "Plan Width": 8,
    "Actual Startup Time": 569.95,
    "Actual Total Time": 581.243,
    "Actual Rows": 1,
    "Actual Loops": 1,
    "Plans": [
      {
        "Node Type": "Gather",
        "Parent Relationship": "Outer",
        "Parallel Aware": false,
        "Startup Cost": 115190.25,
        "Total Cost": 115190.36,
        "Plan Rows": 1,
        "Plan Width": 8,
        "Actual Startup Time": 568.876,
        "Actual Total Time": 581.235,
        "Actual Rows": 2,
        "Actual Loops": 1,
        "Workers Planned": 1,
        "Workers Launched": 1,
        "Single Copy": false,
        "Plans": [
          {
            "Node Type": "Aggregate",
            "Strategy": "Plain",
            "Partial Mode": "Partial",
            "Parent Relationship": "Outer",
            "Parallel Aware": false,
            "Startup Cost": 114190.25,
            "Total Cost": 114190.26,
            "Plan Rows": 1,
            "Plan Width": 8,
            "Actual Startup Time": 562.761,
            "Actual Total Time": 562.765,
            "Actual Rows": 1,
            "Actual Loops": 2,
            "Plans": [
              {
                "Node Type": "Hash Join",
                "Parent Relationship": "Outer",
                "Parallel Aware": true,
                "Join Type": "Inner",
                "Startup Cost": 55505.29,
                "Total Cost": 113556.14,
                "Plan Rows": 253645,
                "Plan Width": 0,
                "Actual Startup Time": 210.071,
                "Actual Total Time": 529.876,
                "Actual Rows": 831888,
                "Actual Loops": 2,
                "Inner Unique": true,
                "Hash Cond": "(mk.movie_id = t.id)",
                "Plans": [
                  {
                    "Node Type": "Seq Scan",
                    "Parent Relationship": "Outer",
                    "Parallel Aware": true,
                    "Relation Name": "movie_keyword",
                    "Alias": "mk",
                    "Startup Cost": 0.0,
                    "Total Cost": 51065.35,
                    "Plan Rows": 2661135,
                    "Plan Width": 4,
                    "Actual Startup Time": 0.014,
                    "Actual Total Time": 151.006,
                    "Actual Rows": 2261965,
                    "Actual Loops": 2
                  },
                  {
                    "Node Type": "Hash",
                    "Parent Relationship": "Inner",
                    "Parallel Aware": true,
                    "Startup Cost": 53733.35,
                    "Total Cost": 53733.35,
                    "Plan Rows": 141755,
                    "Plan Width": 4,
                    "Actual Startup Time": 144.405,
                    "Actual Total Time": 144.406,
                    "Actual Rows": 179772,
                    "Actual Loops": 2,
                    "Hash Buckets": 524288,
                    "Original Hash Buckets": 262144,
                    "Hash Batches": 1,
                    "Original Hash Batches": 1,
                    "Peak Memory Usage": 20224,
                    "Plans": [
                      {
                        "Node Type": "Bitmap Heap Scan",
                        "Parent Relationship": "Outer",
                        "Parallel Aware": true,
                        "Relation Name": "title",
                        "Alias": "t",
                        "Startup Cost": 11883.1,
                        "Total Cost": 53733.35,
                        "Plan Rows": 141755,
                        "Plan Width": 4,
                        "Actual Startup Time": 36.137,
                        "Actual Total Time": 102.473,
                        "Actual Rows": 179772,
                        "Actual Loops": 2,
                        "Recheck Cond": "(kind_id = 1)",
                        "Rows Removed by Index Recheck": 0,
                        "Filter": "(production_year < 1998)",
                        "Rows Removed by Filter": 151641,
                        "Exact Heap Blocks": 8319,
                        "Lossy Heap Blocks": 0,
                        "Plans": [
                          {
                            "Node Type": "Bitmap Index Scan",
                            "Parent Relationship": "Outer",
                            "Parallel Aware": false,
                            "Index Name": "kind_id_title",
                            "Startup Cost": 0.0,
                            "Total Cost": 11822.85,
                            "Plan Rows": 663256,
                            "Plan Width": 0,
                            "Actual Startup Time": 36.643,
                            "Actual Total Time": 36.643,
                            "Actual Rows": 662825,
                            "Actual Loops": 1,
                            "Index Cond": "(kind_id = 1)"
                          }
                        ]
                      }
                    ]
                  }
                ]
              }
            ]
          }
        ]
      }
    ]
  },
  "Planning Time": 0.69,
  "Triggers": [],
  "Execution Time": 581.332
}