{
  "Plan": {
    "Node Type": "Aggregate",
    "Strategy": "Plain",
    "Partial Mode": "Finalize",
    "Parallel Aware": false,
    "Startup Cost": 600271.11,
    "Total Cost": 600271.12,
    "Plan Rows": 1,
    "Plan Width": 8,
    "Actual Startup Time": 6158.931,
    "Actual Total Time": 6226.844,
    "Actual Rows": 1,
    "Actual Loops": 1,
    "Plans": [
      {
        "Node Type": "Gather",
        "Parent Relationship": "Outer",
        "Parallel Aware": false,
        "Startup Cost": 600271.0,
        "Total Cost": 600271.11,
        "Plan Rows": 1,
        "Plan Width": 8,
        "Actual Startup Time": 6156.888,
        "Actual Total Time": 6226.834,
        "Actual Rows": 2,
        "Actual Loops": 1,
        "Workers Planned": 1,
        "Workers Launched": 1,
        "Single Copy": false,
        "Plans": [
          {
            "Node Type": "Aggregate",
            "Strategy": "Plain",
            "Partial Mode": "Partial",
            "Parent Relationship": "Outer",
            "Parallel Aware": false,
            "Startup Cost": 599271.0,
            "Total Cost": 599271.01,
            "Plan Rows": 1,
            "Plan Width": 8,
            "Actual Startup Time": 6151.386,
            "Actual Total Time": 6151.39,
            "Actual Rows": 1,
            "Actual Loops": 2,
            "Plans": [
              {
                "Node Type": "Hash Join",
                "Parent Relationship": "Outer",
                "Parallel Aware": true,
                "Join Type": "Inner",
                "Startup Cost": 63281.16,
                "Total Cost": 585014.51,
                "Plan Rows": 5702595,
                "Plan Width": 0,
                "Actual Startup Time": 286.145,
                "Actual Total Time": 5926.165,
                "Actual Rows": 5677674,
                "Actual Loops": 2,
                "Inner Unique": true,
                "Hash Cond": "(ci.movie_id = t.id)",
                "Plans": [
                  {
                    "Node Type": "Seq Scan",
                    "Parent Relationship": "Outer",
                    "Parallel Aware": true,
                    "Relation Name": "cast_info",
                    "Alias": "ci",
                    "Startup Cost": 0.0,
                    "Total Cost": 465792.95,
                    "Plan Rows": 21310595,
                    "Plan Width": 4,
                    "Actual Startup Time": 0.013,
                    "Actual Total Time": 1384.137,
                    "Actual Rows": 18122172,
                    "Actual Loops": 2
                  },
                  {
                    "Node Type": "Hash",
                    "Parent Relationship": "Inner",
                    "Parallel Aware": true,
                    "Startup Cost": 58306.47,
                    "Total Cost": 58306.47,
                    "Plan Rows": 397975,
                    "Plan Width": 4,
                    "Actual Startup Time": 276.639,
                    "Actual Total Time": 276.64,
                    "Actual Rows": 367886,
                    "Actual Loops": 2,
                    "Hash Buckets": 1048576,
                    "Original Hash Buckets": 1048576,
                    "Hash Batches": 1,
                    "Original Hash Batches": 1,
                    "Peak Memory Usage": 36992,
                    "Plans": [
                      {
                        "Node Type": "Seq Scan",
                        "Parent Relationship": "Outer",
                        "Parallel Aware": true,
                        "Relation Name": "title",
                        "Alias": "t",
                        "Startup Cost": 0.0,
                        "Total Cost": 58306.47,
                        "Plan Rows": 397975,
                        "Plan Width": 4,
                        "Actual Startup Time": 0.033,
                        "Actual Total Time": 169.437,
                        "Actual Rows": 367886,
                        "Actual Loops": 2,
                        "Filter": "((kind_id > 3) AND (production_year > 2005))",
                        "Rows Removed by Filter": 896270
                      }
                    ]
                  }
                ]
              }
            ]
          }
        ]
      }
    ]
  },
  "Planning Time": 0.539,
  "Triggers": [],
  "Execution Time": 6226.92
}