[
  {
    "Plan": {
      "Node Type": "Aggregate",
      "Strategy": "Plain",
      "Partial Mode": "Simple",
      "Parallel Aware": false,
      "Startup Cost": 6995.54,
      "Total Cost": 6995.55,
      "Plan Rows": 1,
      "Plan Width": 8,
      "Actual Startup Time": 5.202,
      "Actual Total Time": 5.204,
      "Actual Rows": 1,
      "Actual Loops": 1,
      "Plans": [
        {
          "Node Type": "Index Scan",
          "Parent Relationship": "Outer",
          "Parallel Aware": false,
          "Scan Direction": "Forward",
          "Index Name": "company_id_movie_companies",
          "Relation Name": "movie_companies",
          "Alias": "mc",
          "Startup Cost": 0.43,
          "Total Cost": 6991.9,
          "Plan Rows": 1457,
          "Plan Width": 0,
          "Actual Startup Time": 1.587,
          "Actual Total Time": 4.876,
          "Actual Rows": 1809,
          "Actual Loops": 1,
          "Index Cond": "(company_id = 708)",
          "Rows Removed by Index Recheck": 0,
          "Filter": "(company_type_id = 2)",
          "Rows Removed by Filter": 602
        }
      ]
    },
    "Planning Time": 0.23,
    "Triggers": [],
    "Execution Time": 5.252
  }
]