[
  {
    "Plan": {
      "Node Type": "Aggregate",
      "Strategy": "Plain",
      "Partial Mode": "Finalize",
      "Parallel Aware": false,
      "Startup Cost": 44772.39,
      "Total Cost": 44772.4,
      "Plan Rows": 1,
      "Plan Width": 8,
      "Actual Startup Time": 127.48,
      "Actual Total Time": 136.948,
      "Actual Rows": 1,
      "Actual Loops": 1,
      "Plans": [
        {
          "Node Type": "Gather",
          "Parent Relationship": "Outer",
          "Parallel Aware": false,
          "Startup Cost": 44772.07,
          "Total Cost": 44772.38,
          "Plan Rows": 3,
          "Plan Width": 8,
          "Actual Startup Time": 127.341,
          "Actual Total Time": 136.94,
          "Actual Rows": 4,
          "Actual Loops": 1,
          "Workers Planned": 3,
          "Workers Launched": 3,
          "Single Copy": false,
          "Plans": [
            {
              "Node Type": "Aggregate",
              "Strategy": "Plain",
              "Partial Mode": "Partial",
              "Parent Relationship": "Outer",
              "Parallel Aware": false,
              "Startup Cost": 43772.07,
              "Total Cost": 43772.08,
              "Plan Rows": 1,
              "Plan Width": 8,
              "Actual Startup Time": 120.891,
              "Actual Total Time": 120.892,
              "Actual Rows": 1,
              "Actual Loops": 4,
              "Plans": [
                {
                  "Node Type": "Seq Scan",
                  "Parent Relationship": "Outer",
                  "Parallel Aware": true,
                  "Relation Name": "movie_keyword",
                  "Alias": "mk",
                  "Startup Cost": 0.0,
                  "Total Cost": 42695.65,
                  "Plan Rows": 430566,
                  "Plan Width": 0,
                  "Actual Startup Time": 1.781,
                  "Actual Total Time": 104.685,
                  "Actual Rows": 335688,
                  "Actual Loops": 4,
                  "Filter": "(keyword_id > 12742)",
                  "Rows Removed by Filter": 795294
                }
              ]
            }
          ]
        }
      ]
    },
    "Planning Time": 0.141,
    "Triggers": [],
    "Execution Time": 136.994
  }
]