[
  {
    "Plan": {
      "Node Type": "Aggregate",
      "Strategy": "Plain",
      "Partial Mode": "Finalize",
      "Parallel Aware": false,
      "Startup Cost": 30982.79,
      "Total Cost": 30982.8,
      "Plan Rows": 1,
      "Plan Width": 8,
      "Actual Startup Time": 112.001,
      "Actual Total Time": 122.705,
      "Actual Rows": 1,
      "Actual Loops": 1,
      "Plans": [
        {
          "Node Type": "Gather",
          "Parent Relationship": "Outer",
          "Parallel Aware": false,
          "Startup Cost": 30982.47,
          "Total Cost": 30982.78,
          "Plan Rows": 3,
          "Plan Width": 8,
          "Actual Startup Time": 111.863,
          "Actual Total Time": 122.695,
          "Actual Rows": 4,
          "Actual Loops": 1,
          "Workers Planned": 3,
          "Workers Launched": 3,
          "Single Copy": false,
          "Plans": [
            {
              "Node Type": "Aggregate",
              "Strategy": "Plain",
              "Partial Mode": "Partial",
              "Parent Relationship": "Outer",
              "Parallel Aware": false,
              "Startup Cost": 29982.47,
              "Total Cost": 29982.48,
              "Plan Rows": 1,
              "Plan Width": 8,
              "Actual Startup Time": 104.301,
              "Actual Total Time": 104.303,
              "Actual Rows": 1,
              "Actual Loops": 4,
              "Plans": [
                {
                  "Node Type": "Seq Scan",
                  "Parent Relationship": "Outer",
                  "Parallel Aware": true,
                  "Relation Name": "movie_companies",
                  "Alias": "mc",
                  "Startup Cost": 0.0,
                  "Total Cost": 29310.68,
                  "Plan Rows": 268717,
                  "Plan Width": 0,
                  "Actual Startup Time": 0.036,
                  "Actual Total Time": 88.869,
                  "Actual Rows": 208544,
                  "Actual Loops": 4,
                  "Filter": "(company_id < 2101)",
                  "Rows Removed by Filter": 443738
                }
              ]
            }
          ]
        }
      ]
    },
    "Planning Time": 0.198,
    "Triggers": [],
    "Execution Time": 122.772
  }
]