{
  "Plan": {
    "Node Type": "Aggregate",
    "Strategy": "Plain",
    "Partial Mode": "Finalize",
    "Parallel Aware": false,
    "Startup Cost": 142179.91,
    "Total Cost": 142179.92,
    "Plan Rows": 1,
    "Plan Width": 8,
    "Actual Startup Time": 1310.496,
    "Actual Total Time": 1334.638,
    "Actual Rows": 1,
    "Actual Loops": 1,
    "Plans": [
      {
        "Node Type": "Gather",
        "Parent Relationship": "Outer",
        "Parallel Aware": false,
        "Startup Cost": 142179.8,
        "Total Cost": 142179.91,
        "Plan Rows": 1,
        "Plan Width": 8,
        "Actual Startup Time": 1304.017,
        "Actual Total Time": 1334.629,
        "Actual Rows": 2,
        "Actual Loops": 1,
        "Workers Planned": 1,
        "Workers Launched": 1,
        "Single Copy": false,
        "Plans": [
          {
            "Node Type": "Aggregate",
            "Strategy": "Plain",
            "Partial Mode": "Partial",
            "Parent Relationship": "Outer",
            "Parallel Aware": false,
            "Startup Cost": 141179.8,
            "Total Cost": 141179.81,
            "Plan Rows": 1,
            "Plan Width": 8,
            "Actual Startup Time": 1296.802,
            "Actual Total Time": 1296.809,
            "Actual Rows": 1,
            "Actual Loops": 2,
            "Plans": [
              {
                "Node Type": "Hash Join",
                "Parent Relationship": "Outer",
                "Parallel Aware": true,
                "Join Type": "Inner",
                "Startup Cost": 120194.77,
                "Total Cost": 140616.71,
                "Plan Rows": 225233,
                "Plan Width": 0,
                "Actual Startup Time": 1046.622,
                "Actual Total Time": 1259.149,
                "Actual Rows": 793113,
                "Actual Loops": 2,
                "Inner Unique": false,
                "Hash Cond": "(mi_idx.movie_id = t.id)",
                "Plans": [
                  {
                    "Node Type": "Seq Scan",
                    "Parent Relationship": "Outer",
                    "Parallel Aware": true,
                    "Relation Name": "movie_info_idx",
                    "Alias": "mi_idx",
                    "Startup Cost": 0.0,
                    "Total Cost": 16052.85,
                    "Plan Rows": 811785,
                    "Plan Width": 4,
                    "Actual Startup Time": 0.026,
                    "Actual Total Time": 58.192,
                    "Actual Rows": 690018,
                    "Actual Loops": 2
                  },
                  {
                    "Node Type": "Hash",
                    "Parent Relationship": "Inner",
                    "Parallel Aware": true,
                    "Startup Cost": 115036.79,
                    "Total Cost": 115036.79,
                    "Plan Rows": 412638,
                    "Plan Width": 8,
                    "Actual Startup Time": 1026.185,
                    "Actual Total Time": 1026.19,
                    "Actual Rows": 345574,
                    "Actual Loops": 2,
                    "Hash Buckets": 1048576,
                    "Original Hash Buckets": 1048576,
                    "Hash Batches": 1,
                    "Original Hash Batches": 1,
                    "Peak Memory Usage": 35264,
                    "Plans": [
                      {
                        "Node Type": "Hash Join",
                        "Parent Relationship": "Outer",
                        "Parallel Aware": true,
                        "Join Type": "Inner",
                        "Startup Cost": 84341.64,
                        "Total Cost": 115036.79,
                        "Plan Rows": 412638,
                        "Plan Width": 8,
                        "Actual Startup Time": 717.53,
                        "Actual Total Time": 934.427,
                        "Actual Rows": 345574,
                        "Actual Loops": 2,
                        "Inner Unique": true,
                        "Hash Cond": "(mk.movie_id = t.id)",
                        "Plans": [
                          {
                            "Node Type": "Bitmap Heap Scan",
                            "Parent Relationship": "Outer",
                            "Parallel Aware": true,
                            "Relation Name": "movie_keyword",
                            "Alias": "mk",
                            "Startup Cost": 14880.94,
                            "Total Cost": 44492.92,
                            "Plan Rows": 412638,
                            "Plan Width": 4,
                            "Actual Startup Time": 72.437,
                            "Actual Total Time": 174.855,
                            "Actual Rows": 345574,
                            "Actual Loops": 2,
                            "Recheck Cond": "(keyword_id > 27254)",
                            "Rows Removed by Index Recheck": 0,
                            "Exact Heap Blocks": 14462,
                            "Lossy Heap Blocks": 0,
                            "Plans": [
                              {
                                "Node Type": "Bitmap Index Scan",
                                "Parent Relationship": "Outer",
                                "Parallel Aware": false,
                                "Index Name": "keyword_id_movie_keyword",
                                "Startup Cost": 0.0,
                                "Total Cost": 14705.57,
                                "Plan Rows": 701485,
                                "Plan Width": 0,
                                "Actual Startup Time": 66.728,
                                "Actual Total Time": 66.729,
                                "Actual Rows": 691148,
                                "Actual Loops": 1,
                                "Index Cond": "(keyword_id > 27254)"
                              }
                            ]
                          },
                          {
                            "Node Type": "Hash",
                            "Parent Relationship": "Inner",
                            "Parallel Aware": true,
                            "Startup Cost": 50870.31,
                            "Total Cost": 50870.31,
                            "Plan Rows": 1487231,
                            "Plan Width": 4,
                            "Actual Startup Time": 626.22,
                            "Actual Total Time": 626.221,
                            "Actual Rows": 1264156,
                            "Actual Loops": 2,
                            "Hash Buckets": 4194304,
                            "Original Hash Buckets": 4194304,
                            "Hash Batches": 1,
                            "Original Hash Batches": 1,
                            "Peak Memory Usage": 131712,
                            "Plans": [
                              {
                                "Node Type": "Seq Scan",
                                "Parent Relationship": "Outer",
                                "Parallel Aware": true,
                                "Relation Name": "title",
                                "Alias": "t",
                                "Startup Cost": 0.0,
                                "Total Cost": 50870.31,
                                "Plan Rows": 1487231,
                                "Plan Width": 4,
                                "Actual Startup Time": 0.063,
                                "Actual Total Time": 184.729,
                                "Actual Rows": 1264156,
                                "Actual Loops": 2
                              }
                            ]
                          }
                        ]
                      }
                    ]
                  }
                ]
              }
            ]
          }
        ]
      }
    ]
  },
  "Planning Time": 1.208,
  "Triggers": [],
  "Execution Time": 1334.758
}