[
    {
        "Bao": {
            "Bao prediction": "NaN",
            "Bao recommended hint": "(no hint)"
        }
    },
    {
        "Plan": {
            "Node Type": "Aggregate",
            "Strategy": "Plain",
            "Partial Mode": "Finalize",
            "Parallel Aware": false,
            "Startup Cost": 331584.02,
            "Total Cost": 331584.03,
            "Plan Rows": 1,
            "Plan Width": 8,
            "Actual Startup Time": 239.199,
            "Actual Total Time": 245.335,
            "Actual Rows": 1,
            "Actual Loops": 1,
            "Output": [
                "count(*)"
            ],
            "Plans": [
                {
                    "Node Type": "Gather",
                    "Parent Relationship": "Outer",
                    "Parallel Aware": false,
                    "Startup Cost": 331583.39,
                    "Total Cost": 331584.0,
                    "Plan Rows": 6,
                    "Plan Width": 8,
                    "Actual Startup Time": 238.324,
                    "Actual Total Time": 245.328,
                    "Actual Rows": 7,
                    "Actual Loops": 1,
                    "Output": [
                        "(PARTIAL count(*))"
                    ],
                    "Workers Planned": 6,
                    "Workers Launched": 6,
                    "Single Copy": false,
                    "Plans": [
                        {
                            "Node Type": "Aggregate",
                            "Strategy": "Plain",
                            "Partial Mode": "Partial",
                            "Parent Relationship": "Outer",
                            "Parallel Aware": false,
                            "Startup Cost": 330583.39,
                            "Total Cost": 330583.4,
                            "Plan Rows": 1,
                            "Plan Width": 8,
                            "Actual Startup Time": 227.988,
                            "Actual Total Time": 227.989,
                            "Actual Rows": 1,
                            "Actual Loops": 7,
                            "Output": [
                                "PARTIAL count(*)"
                            ],
                            "Workers": [
                                {
                                    "Worker Number": 0,
                                    "Actual Startup Time": 225.799,
                                    "Actual Total Time": 225.8,
                                    "Actual Rows": 1,
                                    "Actual Loops": 1
                                },
                                {
                                    "Worker Number": 1,
                                    "Actual Startup Time": 225.816,
                                    "Actual Total Time": 225.818,
                                    "Actual Rows": 1,
                                    "Actual Loops": 1
                                },
                                {
                                    "Worker Number": 2,
                                    "Actual Startup Time": 226.105,
                                    "Actual Total Time": 226.106,
                                    "Actual Rows": 1,
                                    "Actual Loops": 1
                                },
                                {
                                    "Worker Number": 3,
                                    "Actual Startup Time": 226.733,
                                    "Actual Total Time": 226.734,
                                    "Actual Rows": 1,
                                    "Actual Loops": 1
                                },
                                {
                                    "Worker Number": 4,
                                    "Actual Startup Time": 226.57,
                                    "Actual Total Time": 226.571,
                                    "Actual Rows": 1,
                                    "Actual Loops": 1
                                },
                                {
                                    "Worker Number": 5,
                                    "Actual Startup Time": 226.958,
                                    "Actual Total Time": 226.96,
                                    "Actual Rows": 1,
                                    "Actual Loops": 1
                                }
                            ],
                            "Plans": [
                                {
                                    "Node Type": "Bitmap Heap Scan",
                                    "Parent Relationship": "Outer",
                                    "Parallel Aware": true,
                                    "Relation Name": "cast_info",
                                    "Schema": "public",
                                    "Alias": "ci",
                                    "Startup Cost": 69181.82,
                                    "Total Cost": 329734.04,
                                    "Plan Rows": 339742,
                                    "Plan Width": 0,
                                    "Actual Startup Time": 182.113,
                                    "Actual Total Time": 222.291,
                                    "Actual Rows": 127615,
                                    "Actual Loops": 7,
                                    "Recheck Cond": "(ci.person_id < 309175)",
                                    "Rows Removed by Index Recheck": 0,
                                    "Filter": "(ci.role_id > 1)",
                                    "Rows Removed by Filter": 328408,
                                    "Exact Heap Blocks": 7379,
                                    "Lossy Heap Blocks": 0,
                                    "Workers": [
                                        {
                                            "Worker Number": 0,
                                            "Actual Startup Time": 179.925,
                                            "Actual Total Time": 220.496,
                                            "Actual Rows": 124649,
                                            "Actual Loops": 1
                                        },
                                        {
                                            "Worker Number": 1,
                                            "Actual Startup Time": 179.944,
                                            "Actual Total Time": 220.485,
                                            "Actual Rows": 125324,
                                            "Actual Loops": 1
                                        },
                                        {
                                            "Worker Number": 2,
                                            "Actual Startup Time": 180.228,
                                            "Actual Total Time": 220.39,
                                            "Actual Rows": 121725,
                                            "Actual Loops": 1
                                        },
                                        {
                                            "Worker Number": 3,
                                            "Actual Startup Time": 180.868,
                                            "Actual Total Time": 221.13,
                                            "Actual Rows": 119583,
                                            "Actual Loops": 1
                                        },
                                        {
                                            "Worker Number": 4,
                                            "Actual Startup Time": 180.681,
                                            "Actual Total Time": 221.303,
                                            "Actual Rows": 123935,
                                            "Actual Loops": 1
                                        },
                                        {
                                            "Worker Number": 5,
                                            "Actual Startup Time": 181.088,
                                            "Actual Total Time": 221.23,
                                            "Actual Rows": 121328,
                                            "Actual Loops": 1
                                        }
                                    ],
                                    "Plans": [
                                        {
                                            "Node Type": "Bitmap Index Scan",
                                            "Parent Relationship": "Outer",
                                            "Parallel Aware": false,
                                            "Index Name": "person_id_cast_info",
                                            "Startup Cost": 0.0,
                                            "Total Cost": 68672.21,
                                            "Plan Rows": 3146086,
                                            "Plan Width": 0,
                                            "Actual Startup Time": 118.209,
                                            "Actual Total Time": 118.209,
                                            "Actual Rows": 3192161,
                                            "Actual Loops": 1,
                                            "Index Cond": "(ci.person_id < 309175)"
                                        }
                                    ]
                                }
                            ]
                        }
                    ]
                }
            ]
        },
        "Planning Time": 205.216,
        "Triggers": [],
        "Execution Time": 245.39
    }
]