[
  {
    "Plan": {
      "Node Type": "Aggregate",
      "Strategy": "Plain",
      "Partial Mode": "Finalize",
      "Parallel Aware": false,
      "Startup Cost": 144505.55,
      "Total Cost": 144505.56,
      "Plan Rows": 1,
      "Plan Width": 8,
      "Actual Startup Time": 520.222,
      "Actual Total Time": 577.242,
      "Actual Rows": 1,
      "Actual Loops": 1,
      "Plans": [
        {
          "Node Type": "Gather",
          "Parent Relationship": "Outer",
          "Parallel Aware": false,
          "Startup Cost": 144505.23,
          "Total Cost": 144505.54,
          "Plan Rows": 3,
          "Plan Width": 8,
          "Actual Startup Time": 519.26,
          "Actual Total Time": 577.231,
          "Actual Rows": 4,
          "Actual Loops": 1,
          "Workers Planned": 3,
          "Workers Launched": 3,
          "Single Copy": false,
          "Plans": [
            {
              "Node Type": "Aggregate",
              "Strategy": "Plain",
              "Partial Mode": "Partial",
              "Parent Relationship": "Outer",
              "Parallel Aware": false,
              "Startup Cost": 143505.23,
              "Total Cost": 143505.24,
              "Plan Rows": 1,
              "Plan Width": 8,
              "Actual Startup Time": 509.839,
              "Actual Total Time": 509.843,
              "Actual Rows": 1,
              "Actual Loops": 4,
              "Plans": [
                {
                  "Node Type": "Nested Loop",
                  "Parent Relationship": "Outer",
                  "Parallel Aware": false,
                  "Join Type": "Inner",
                  "Startup Cost": 59340.55,
                  "Total Cost": 142986.4,
                  "Plan Rows": 207534,
                  "Plan Width": 0,
                  "Actual Startup Time": 146.26,
                  "Actual Total Time": 497.851,
                  "Actual Rows": 230858,
                  "Actual Loops": 4,
                  "Inner Unique": false,
                  "Join Filter": "(t.id = ci.movie_id)",
                  "Rows Removed by Join Filter": 0,
                  "Plans": [
                    {
                      "Node Type": "Hash Join",
                      "Parent Relationship": "Outer",
                      "Parallel Aware": true,
                      "Join Type": "Inner",
                      "Startup Cost": 59339.99,
                      "Total Cost": 87229.35,
                      "Plan Rows": 14484,
                      "Plan Width": 8,
                      "Actual Startup Time": 146.134,
                      "Actual Total Time": 221.259,
                      "Actual Rows": 4769,
                      "Actual Loops": 4,
                      "Inner Unique": true,
                      "Hash Cond": "(mk.movie_id = t.id)",
                      "Plans": [
                        {
                          "Node Type": "Bitmap Heap Scan",
                          "Parent Relationship": "Outer",
                          "Parallel Aware": true,
                          "Relation Name": "movie_keyword",
                          "Alias": "mk",
                          "Startup Cost": 14937.26,
                          "Total Cost": 42230.4,
                          "Plan Rows": 227131,
                          "Plan Width": 4,
                          "Actual Startup Time": 37.648,
                          "Actual Total Time": 81.179,
                          "Actual Rows": 177914,
                          "Actual Loops": 4,
                          "Recheck Cond": "(keyword_id < 613)",
                          "Rows Removed by Index Recheck": 0,
                          "Exact Heap Blocks": 9973,
                          "Lossy Heap Blocks": 0,
                          "Plans": [
                            {
                              "Node Type": "Bitmap Index Scan",
                              "Parent Relationship": "Outer",
                              "Parallel Aware": false,
                              "Index Name": "keyword_id_movie_keyword",
                              "Startup Cost": 0.0,
                              "Total Cost": 14761.24,
                              "Plan Rows": 704107,
                              "Plan Width": 0,
                              "Actual Startup Time": 33.903,
                              "Actual Total Time": 33.904,
                              "Actual Rows": 711658,
                              "Actual Loops": 1,
                              "Index Cond": "(keyword_id < 613)"
                            }
                          ]
                        },
                        {
                          "Node Type": "Hash",
                          "Parent Relationship": "Inner",
                          "Parallel Aware": true,
                          "Startup Cost": 43898.92,
                          "Total Cost": 43898.92,
                          "Plan Rows": 40305,
                          "Plan Width": 4,
                          "Actual Startup Time": 106.021,
                          "Actual Total Time": 106.022,
                          "Actual Rows": 40004,
                          "Actual Loops": 4,
                          "Hash Buckets": 262144,
                          "Original Hash Buckets": 262144,
                          "Hash Batches": 1,
                          "Original Hash Batches": 1,
                          "Peak Memory Usage": 8384,
                          "Plans": [
                            {
                              "Node Type": "Seq Scan",
                              "Parent Relationship": "Outer",
                              "Parallel Aware": true,
                              "Relation Name": "title",
                              "Alias": "t",
                              "Startup Cost": 0.0,
                              "Total Cost": 43898.92,
                              "Plan Rows": 40305,
                              "Plan Width": 4,
                              "Actual Startup Time": 0.049,
                              "Actual Total Time": 91.356,
                              "Actual Rows": 40004,
                              "Actual Loops": 4,
                              "Filter": "(production_year = 2011)",
                              "Rows Removed by Filter": 592074
                            }
                          ]
                        }
                      ]
                    },
                    {
                      "Node Type": "Index Only Scan",
                      "Parent Relationship": "Inner",
                      "Parallel Aware": false,
                      "Scan Direction": "Forward",
                      "Index Name": "movie_id_cast_info",
                      "Relation Name": "cast_info",
                      "Alias": "ci",
                      "Startup Cost": 0.56,
                      "Total Cost": 3.39,
                      "Plan Rows": 37,
                      "Plan Width": 4,
                      "Actual Startup Time": 0.007,
                      "Actual Total Time": 0.053,
                      "Actual Rows": 48,
                      "Actual Loops": 19075,
                      "Index Cond": "(movie_id = mk.movie_id)",
                      "Rows Removed by Index Recheck": 0,
                      "Heap Fetches": 923431
                    }
                  ]
                }
              ]
            }
          ]
        }
      ]
    },
    "Planning Time": 1.305,
    "Triggers": [],
    "Execution Time": 577.371
  }
]