[
  {
    "Plan": {
      "Node Type": "Aggregate",
      "Strategy": "Plain",
      "Partial Mode": "Finalize",
      "Parallel Aware": false,
      "Startup Cost": 340418.85,
      "Total Cost": 340418.86,
      "Plan Rows": 1,
      "Plan Width": 8,
      "Actual Startup Time": 418.024,
      "Actual Total Time": 439.015,
      "Actual Rows": 1,
      "Actual Loops": 1,
      "Plans": [
        {
          "Node Type": "Gather",
          "Parent Relationship": "Outer",
          "Parallel Aware": false,
          "Startup Cost": 340418.22,
          "Total Cost": 340418.83,
          "Plan Rows": 6,
          "Plan Width": 8,
          "Actual Startup Time": 417.956,
          "Actual Total Time": 439.008,
          "Actual Rows": 7,
          "Actual Loops": 1,
          "Workers Planned": 6,
          "Workers Launched": 6,
          "Single Copy": false,
          "Plans": [
            {
              "Node Type": "Aggregate",
              "Strategy": "Plain",
              "Partial Mode": "Partial",
              "Parent Relationship": "Outer",
              "Parallel Aware": false,
              "Startup Cost": 339418.22,
              "Total Cost": 339418.23,
              "Plan Rows": 1,
              "Plan Width": 8,
              "Actual Startup Time": 408.541,
              "Actual Total Time": 408.542,
              "Actual Rows": 1,
              "Actual Loops": 7,
              "Plans": [
                {
                  "Node Type": "Index Scan",
                  "Parent Relationship": "Outer",
                  "Parallel Aware": true,
                  "Scan Direction": "Forward",
                  "Index Name": "role_id_cast_info",
                  "Relation Name": "cast_info",
                  "Alias": "ci",
                  "Startup Cost": 0.56,
                  "Total Cost": 335235.55,
                  "Plan Rows": 1673069,
                  "Plan Width": 0,
                  "Actual Startup Time": 152.796,
                  "Actual Total Time": 362.495,
                  "Actual Rows": 1062410,
                  "Actual Loops": 7,
                  "Index Cond": "(role_id < 2)",
                  "Rows Removed by Index Recheck": 0,
                  "Filter": "(person_id > 701730)",
                  "Rows Removed by Filter": 747688
                }
              ]
            }
          ]
        }
      ]
    },
    "Planning Time": 0.226,
    "Triggers": [],
    "Execution Time": 439.083
  }
]