[
  {
    "Plan": {
      "Node Type": "Aggregate",
      "Strategy": "Plain",
      "Partial Mode": "Finalize",
      "Parallel Aware": false,
      "Startup Cost": 19572.12,
      "Total Cost": 19572.13,
      "Plan Rows": 1,
      "Plan Width": 8,
      "Actual Startup Time": 11.75,
      "Actual Total Time": 13.638,
      "Actual Rows": 1,
      "Actual Loops": 1,
      "Plans": [
        {
          "Node Type": "Gather",
          "Parent Relationship": "Outer",
          "Parallel Aware": false,
          "Startup Cost": 19572.01,
          "Total Cost": 19572.12,
          "Plan Rows": 1,
          "Plan Width": 8,
          "Actual Startup Time": 10.903,
          "Actual Total Time": 13.631,
          "Actual Rows": 2,
          "Actual Loops": 1,
          "Workers Planned": 1,
          "Workers Launched": 1,
          "Single Copy": false,
          "Plans": [
            {
              "Node Type": "Aggregate",
              "Strategy": "Plain",
              "Partial Mode": "Partial",
              "Parent Relationship": "Outer",
              "Parallel Aware": false,
              "Startup Cost": 18572.01,
              "Total Cost": 18572.02,
              "Plan Rows": 1,
              "Plan Width": 8,
              "Actual Startup Time": 5.289,
              "Actual Total Time": 5.292,
              "Actual Rows": 1,
              "Actual Loops": 2,
              "Plans": [
                {
                  "Node Type": "Nested Loop",
                  "Parent Relationship": "Outer",
                  "Parallel Aware": false,
                  "Join Type": "Inner",
                  "Startup Cost": 56.17,
                  "Total Cost": 18571.47,
                  "Plan Rows": 214,
                  "Plan Width": 0,
                  "Actual Startup Time": 0.734,
                  "Actual Total Time": 5.276,
                  "Actual Rows": 87,
                  "Actual Loops": 2,
                  "Inner Unique": false,
                  "Plans": [
                    {
                      "Node Type": "Nested Loop",
                      "Parent Relationship": "Outer",
                      "Parallel Aware": false,
                      "Join Type": "Inner",
                      "Startup Cost": 55.73,
                      "Total Cost": 18063.53,
                      "Plan Rows": 36,
                      "Plan Width": 8,
                      "Actual Startup Time": 0.723,
                      "Actual Total Time": 5.027,
                      "Actual Rows": 9,
                      "Actual Loops": 2,
                      "Inner Unique": true,
                      "Plans": [
                        {
                          "Node Type": "Bitmap Heap Scan",
                          "Parent Relationship": "Outer",
                          "Parallel Aware": true,
                          "Relation Name": "movie_companies",
                          "Alias": "mc",
                          "Startup Cost": 55.3,
                          "Total Cost": 6827.58,
                          "Plan Rows": 1432,
                          "Plan Width": 4,
                          "Actual Startup Time": 0.711,
                          "Actual Total Time": 0.973,
                          "Actual Rows": 1006,
                          "Actual Loops": 2,
                          "Recheck Cond": "(company_id = 31716)",
                          "Rows Removed by Index Recheck": 0,
                          "Exact Heap Blocks": 63,
                          "Lossy Heap Blocks": 0,
                          "Plans": [
                            {
                              "Node Type": "Bitmap Index Scan",
                              "Parent Relationship": "Outer",
                              "Parallel Aware": false,
                              "Index Name": "company_id_movie_companies",
                              "Startup Cost": 0.0,
                              "Total Cost": 54.69,
                              "Plan Rows": 2435,
                              "Plan Width": 0,
                              "Actual Startup Time": 1.329,
                              "Actual Total Time": 1.33,
                              "Actual Rows": 2012,
                              "Actual Loops": 1,
                              "Index Cond": "(company_id = 31716)"
                            }
                          ]
                        },
                        {
                          "Node Type": "Index Scan",
                          "Parent Relationship": "Inner",
                          "Parallel Aware": false,
                          "Scan Direction": "Forward",
                          "Index Name": "title_pkey",
                          "Relation Name": "title",
                          "Alias": "t",
                          "Startup Cost": 0.43,
                          "Total Cost": 7.85,
                          "Plan Rows": 1,
                          "Plan Width": 4,
                          "Actual Startup Time": 0.004,
                          "Actual Total Time": 0.004,
                          "Actual Rows": 0,
                          "Actual Loops": 2012,
                          "Index Cond": "(id = mc.movie_id)",
                          "Rows Removed by Index Recheck": 0,
                          "Filter": "((production_year < 2008) AND (kind_id = 3))",
                          "Rows Removed by Filter": 1
                        }
                      ]
                    },
                    {
                      "Node Type": "Index Only Scan",
                      "Parent Relationship": "Inner",
                      "Parallel Aware": false,
                      "Scan Direction": "Forward",
                      "Index Name": "movie_id_movie_info",
                      "Relation Name": "movie_info",
                      "Alias": "mi",
                      "Startup Cost": 0.43,
                      "Total Cost": 13.7,
                      "Plan Rows": 41,
                      "Plan Width": 4,
                      "Actual Startup Time": 0.011,
                      "Actual Total Time": 0.026,
                      "Actual Rows": 10,
                      "Actual Loops": 18,
                      "Index Cond": "(movie_id = t.id)",
                      "Rows Removed by Index Recheck": 0,
                      "Heap Fetches": 174
                    }
                  ]
                }
              ]
            }
          ]
        }
      ]
    },
    "Planning Time": 0.818,
    "Triggers": [],
    "Execution Time": 13.703
  }
]