{
  "Plan": {
    "Node Type": "Aggregate",
    "Strategy": "Plain",
    "Partial Mode": "Finalize",
    "Parallel Aware": false,
    "Startup Cost": 104181.21,
    "Total Cost": 104181.22,
    "Plan Rows": 1,
    "Plan Width": 8,
    "Actual Startup Time": 302.686,
    "Actual Total Time": 326.695,
    "Actual Rows": 1,
    "Actual Loops": 1,
    "Plans": [
      {
        "Node Type": "Gather",
        "Parent Relationship": "Outer",
        "Parallel Aware": false,
        "Startup Cost": 104181.1,
        "Total Cost": 104181.21,
        "Plan Rows": 1,
        "Plan Width": 8,
        "Actual Startup Time": 302.578,
        "Actual Total Time": 326.688,
        "Actual Rows": 2,
        "Actual Loops": 1,
        "Workers Planned": 1,
        "Workers Launched": 1,
        "Single Copy": false,
        "Plans": [
          {
            "Node Type": "Aggregate",
            "Strategy": "Plain",
            "Partial Mode": "Partial",
            "Parent Relationship": "Outer",
            "Parallel Aware": false,
            "Startup Cost": 103181.1,
            "Total Cost": 103181.11,
            "Plan Rows": 1,
            "Plan Width": 8,
            "Actual Startup Time": 296.38,
            "Actual Total Time": 296.383,
            "Actual Rows": 1,
            "Actual Loops": 2,
            "Plans": [
              {
                "Node Type": "Nested Loop",
                "Parent Relationship": "Outer",
                "Parallel Aware": false,
                "Join Type": "Inner",
                "Startup Cost": 54669.19,
                "Total Cost": 103162.22,
                "Plan Rows": 7554,
                "Plan Width": 0,
                "Actual Startup Time": 139.06,
                "Actual Total Time": 295.076,
                "Actual Rows": 26626,
                "Actual Loops": 2,
                "Inner Unique": false,
                "Join Filter": "(t.id = mi.movie_id)",
                "Rows Removed by Join Filter": 0,
                "Plans": [
                  {
                    "Node Type": "Hash Join",
                    "Parent Relationship": "Outer",
                    "Parallel Aware": true,
                    "Join Type": "Inner",
                    "Startup Cost": 54668.76,
                    "Total Cost": 97557.04,
                    "Plan Rows": 2153,
                    "Plan Width": 8,
                    "Actual Startup Time": 138.998,
                    "Actual Total Time": 258.586,
                    "Actual Rows": 1344,
                    "Actual Loops": 2,
                    "Inner Unique": true,
                    "Hash Cond": "(mc.movie_id = t.id)",
                    "Plans": [
                      {
                        "Node Type": "Index Scan",
                        "Parent Relationship": "Outer",
                        "Parallel Aware": true,
                        "Scan Direction": "Forward",
                        "Index Name": "company_type_id_movie_companies",
                        "Relation Name": "movie_companies",
                        "Alias": "mc",
                        "Startup Cost": 0.43,
                        "Total Cost": 41574.35,
                        "Plan Rows": 500709,
                        "Plan Width": 4,
                        "Actual Startup Time": 2.375,
                        "Actual Total Time": 95.982,
                        "Actual Rows": 327810,
                        "Actual Loops": 2,
                        "Index Cond": "(company_type_id = 1)",
                        "Rows Removed by Index Recheck": 0,
                        "Filter": "(company_id > 2561)",
                        "Rows Removed by Filter": 309313
                      },
                      {
                        "Node Type": "Hash",
                        "Parent Relationship": "Inner",
                        "Parallel Aware": true,
                        "Startup Cost": 54588.39,
                        "Total Cost": 54588.39,
                        "Plan Rows": 6395,
                        "Plan Width": 4,
                        "Actual Startup Time": 134.824,
                        "Actual Total Time": 134.825,
                        "Actual Rows": 5708,
                        "Actual Loops": 2,
                        "Hash Buckets": 16384,
                        "Original Hash Buckets": 16384,
                        "Hash Batches": 1,
                        "Original Hash Batches": 1,
                        "Peak Memory Usage": 608,
                        "Plans": [
                          {
                            "Node Type": "Seq Scan",
                            "Parent Relationship": "Outer",
                            "Parallel Aware": true,
                            "Relation Name": "title",
                            "Alias": "t",
                            "Startup Cost": 0.0,
                            "Total Cost": 54588.39,
                            "Plan Rows": 6395,
                            "Plan Width": 4,
                            "Actual Startup Time": 0.441,
                            "Actual Total Time": 132.564,
                            "Actual Rows": 5708,
                            "Actual Loops": 2,
                            "Filter": "(production_year = 1964)",
                            "Rows Removed by Filter": 1258448
                          }
                        ]
                      }
                    ]
                  },
                  {
                    "Node Type": "Index Scan",
                    "Parent Relationship": "Inner",
                    "Parallel Aware": false,
                    "Scan Direction": "Forward",
                    "Index Name": "movie_id_movie_info",
                    "Relation Name": "movie_info",
                    "Alias": "mi",
                    "Startup Cost": 0.43,
                    "Total Cost": 2.29,
                    "Plan Rows": 25,
                    "Plan Width": 4,
                    "Actual Startup Time": 0.006,
                    "Actual Total Time": 0.025,
                    "Actual Rows": 20,
                    "Actual Loops": 2687,
                    "Index Cond": "(movie_id = mc.movie_id)",
                    "Rows Removed by Index Recheck": 0,
                    "Filter": "(info_type_id < 15)",
                    "Rows Removed by Filter": 32
                  }
                ]
              }
            ]
          }
        ]
      }
    ]
  },
  "Planning Time": 0.942,
  "Triggers": [],
  "Execution Time": 326.789
}