[
  {
    "Plan": {
      "Node Type": "Aggregate",
      "Strategy": "Plain",
      "Partial Mode": "Finalize",
      "Parallel Aware": false,
      "Startup Cost": 132574.18,
      "Total Cost": 132574.19,
      "Plan Rows": 1,
      "Plan Width": 8,
      "Actual Startup Time": 525.095,
      "Actual Total Time": 580.997,
      "Actual Rows": 1,
      "Actual Loops": 1,
      "Plans": [
        {
          "Node Type": "Gather",
          "Parent Relationship": "Outer",
          "Parallel Aware": false,
          "Startup Cost": 132573.86,
          "Total Cost": 132574.17,
          "Plan Rows": 3,
          "Plan Width": 8,
          "Actual Startup Time": 524.127,
          "Actual Total Time": 580.988,
          "Actual Rows": 4,
          "Actual Loops": 1,
          "Workers Planned": 3,
          "Workers Launched": 3,
          "Single Copy": false,
          "Plans": [
            {
              "Node Type": "Aggregate",
              "Strategy": "Plain",
              "Partial Mode": "Partial",
              "Parent Relationship": "Outer",
              "Parallel Aware": false,
              "Startup Cost": 131573.86,
              "Total Cost": 131573.87,
              "Plan Rows": 1,
              "Plan Width": 8,
              "Actual Startup Time": 514.219,
              "Actual Total Time": 514.222,
              "Actual Rows": 1,
              "Actual Loops": 4,
              "Plans": [
                {
                  "Node Type": "Nested Loop",
                  "Parent Relationship": "Outer",
                  "Parallel Aware": false,
                  "Join Type": "Inner",
                  "Startup Cost": 56183.78,
                  "Total Cost": 131521.67,
                  "Plan Rows": 20878,
                  "Plan Width": 0,
                  "Actual Startup Time": 153.809,
                  "Actual Total Time": 510.147,
                  "Actual Rows": 66188,
                  "Actual Loops": 4,
                  "Inner Unique": false,
                  "Join Filter": "(t.id = ci.movie_id)",
                  "Rows Removed by Join Filter": 0,
                  "Plans": [
                    {
                      "Node Type": "Hash Join",
                      "Parent Relationship": "Outer",
                      "Parallel Aware": true,
                      "Join Type": "Inner",
                      "Startup Cost": 56183.22,
                      "Total Cost": 83346.85,
                      "Plan Rows": 11424,
                      "Plan Width": 8,
                      "Actual Startup Time": 153.692,
                      "Actual Total Time": 217.493,
                      "Actual Rows": 5064,
                      "Actual Loops": 4,
                      "Inner Unique": true,
                      "Hash Cond": "(mk.movie_id = t.id)",
                      "Plans": [
                        {
                          "Node Type": "Bitmap Heap Scan",
                          "Parent Relationship": "Outer",
                          "Parallel Aware": true,
                          "Relation Name": "movie_keyword",
                          "Alias": "mk",
                          "Startup Cost": 11780.49,
                          "Total Cost": 38473.85,
                          "Plan Rows": 179149,
                          "Plan Width": 4,
                          "Actual Startup Time": 37.97,
                          "Actual Total Time": 78.278,
                          "Actual Rows": 135788,
                          "Actual Loops": 4,
                          "Recheck Cond": "(keyword_id > 33820)",
                          "Rows Removed by Index Recheck": 0,
                          "Exact Heap Blocks": 6735,
                          "Lossy Heap Blocks": 0,
                          "Plans": [
                            {
                              "Node Type": "Bitmap Index Scan",
                              "Parent Relationship": "Outer",
                              "Parallel Aware": false,
                              "Index Name": "keyword_id_movie_keyword",
                              "Startup Cost": 0.0,
                              "Total Cost": 11641.65,
                              "Plan Rows": 555362,
                              "Plan Width": 0,
                              "Actual Startup Time": 34.488,
                              "Actual Total Time": 34.488,
                              "Actual Rows": 543153,
                              "Actual Loops": 1,
                              "Index Cond": "(keyword_id > 33820)"
                            }
                          ]
                        },
                        {
                          "Node Type": "Hash",
                          "Parent Relationship": "Inner",
                          "Parallel Aware": true,
                          "Startup Cost": 43898.92,
                          "Total Cost": 43898.92,
                          "Plan Rows": 40305,
                          "Plan Width": 4,
                          "Actual Startup Time": 113.387,
                          "Actual Total Time": 113.388,
                          "Actual Rows": 40004,
                          "Actual Loops": 4,
                          "Hash Buckets": 262144,
                          "Original Hash Buckets": 262144,
                          "Hash Batches": 1,
                          "Original Hash Batches": 1,
                          "Peak Memory Usage": 8384,
                          "Plans": [
                            {
                              "Node Type": "Seq Scan",
                              "Parent Relationship": "Outer",
                              "Parallel Aware": true,
                              "Relation Name": "title",
                              "Alias": "t",
                              "Startup Cost": 0.0,
                              "Total Cost": 43898.92,
                              "Plan Rows": 40305,
                              "Plan Width": 4,
                              "Actual Startup Time": 0.045,
                              "Actual Total Time": 97.807,
                              "Actual Rows": 40004,
                              "Actual Loops": 4,
                              "Filter": "(production_year = 2011)",
                              "Rows Removed by Filter": 592074
                            }
                          ]
                        }
                      ]
                    },
                    {
                      "Node Type": "Index Scan",
                      "Parent Relationship": "Inner",
                      "Parallel Aware": false,
                      "Scan Direction": "Forward",
                      "Index Name": "movie_id_cast_info",
                      "Relation Name": "cast_info",
                      "Alias": "ci",
                      "Startup Cost": 0.56,
                      "Total Cost": 4.15,
                      "Plan Rows": 5,
                      "Plan Width": 4,
                      "Actual Startup Time": 0.008,
                      "Actual Total Time": 0.056,
                      "Actual Rows": 13,
                      "Actual Loops": 20255,
                      "Index Cond": "(movie_id = mk.movie_id)",
                      "Rows Removed by Index Recheck": 0,
                      "Filter": "((person_id < 1323054) AND (role_id < 2))",
                      "Rows Removed by Filter": 47
                    }
                  ]
                }
              ]
            }
          ]
        }
      ]
    },
    "Planning Time": 1.382,
    "Triggers": [],
    "Execution Time": 581.125
  }
]