[
  {
    "Plan": {
      "Node Type": "Aggregate",
      "Strategy": "Plain",
      "Partial Mode": "Finalize",
      "Parallel Aware": false,
      "Startup Cost": 46294.85,
      "Total Cost": 46294.86,
      "Plan Rows": 1,
      "Plan Width": 8,
      "Actual Startup Time": 168.599,
      "Actual Total Time": 178.332,
      "Actual Rows": 1,
      "Actual Loops": 1,
      "Plans": [
        {
          "Node Type": "Gather",
          "Parent Relationship": "Outer",
          "Parallel Aware": false,
          "Startup Cost": 46294.53,
          "Total Cost": 46294.84,
          "Plan Rows": 3,
          "Plan Width": 8,
          "Actual Startup Time": 168.456,
          "Actual Total Time": 178.322,
          "Actual Rows": 4,
          "Actual Loops": 1,
          "Workers Planned": 3,
          "Workers Launched": 3,
          "Single Copy": false,
          "Plans": [
            {
              "Node Type": "Aggregate",
              "Strategy": "Plain",
              "Partial Mode": "Partial",
              "Parent Relationship": "Outer",
              "Parallel Aware": false,
              "Startup Cost": 45294.53,
              "Total Cost": 45294.54,
              "Plan Rows": 1,
              "Plan Width": 8,
              "Actual Startup Time": 159.829,
              "Actual Total Time": 159.83,
              "Actual Rows": 1,
              "Actual Loops": 4,
              "Plans": [
                {
                  "Node Type": "Seq Scan",
                  "Parent Relationship": "Outer",
                  "Parallel Aware": true,
                  "Relation Name": "movie_keyword",
                  "Alias": "mk",
                  "Startup Cost": 0.0,
                  "Total Cost": 42695.65,
                  "Plan Rows": 1039552,
                  "Plan Width": 0,
                  "Actual Startup Time": 0.061,
                  "Actual Total Time": 123.563,
                  "Actual Rows": 802405,
                  "Actual Loops": 4,
                  "Filter": "(keyword_id < 13366)",
                  "Rows Removed by Filter": 328578
                }
              ]
            }
          ]
        }
      ]
    },
    "Planning Time": 0.161,
    "Triggers": [],
    "Execution Time": 178.385
  }
]