[
  {
    "Plan": {
      "Node Type": "Aggregate",
      "Strategy": "Plain",
      "Partial Mode": "Finalize",
      "Parallel Aware": false,
      "Startup Cost": 127171.69,
      "Total Cost": 127171.7,
      "Plan Rows": 1,
      "Plan Width": 8,
      "Actual Startup Time": 444.285,
      "Actual Total Time": 468.037,
      "Actual Rows": 1,
      "Actual Loops": 1,
      "Plans": [
        {
          "Node Type": "Gather",
          "Parent Relationship": "Outer",
          "Parallel Aware": false,
          "Startup Cost": 127171.37,
          "Total Cost": 127171.68,
          "Plan Rows": 3,
          "Plan Width": 8,
          "Actual Startup Time": 442.52,
          "Actual Total Time": 468.027,
          "Actual Rows": 4,
          "Actual Loops": 1,
          "Workers Planned": 3,
          "Workers Launched": 3,
          "Single Copy": false,
          "Plans": [
            {
              "Node Type": "Aggregate",
              "Strategy": "Plain",
              "Partial Mode": "Partial",
              "Parent Relationship": "Outer",
              "Parallel Aware": false,
              "Startup Cost": 126171.37,
              "Total Cost": 126171.38,
              "Plan Rows": 1,
              "Plan Width": 8,
              "Actual Startup Time": 437.518,
              "Actual Total Time": 437.671,
              "Actual Rows": 1,
              "Actual Loops": 4,
              "Plans": [
                {
                  "Node Type": "Hash Join",
                  "Parent Relationship": "Outer",
                  "Parallel Aware": true,
                  "Join Type": "Inner",
                  "Startup Cost": 80030.6,
                  "Total Cost": 126013.13,
                  "Plan Rows": 63296,
                  "Plan Width": 0,
                  "Actual Startup Time": 269.571,
                  "Actual Total Time": 436.382,
                  "Actual Rows": 26764,
                  "Actual Loops": 4,
                  "Inner Unique": false,
                  "Hash Cond": "(mk.movie_id = t.id)",
                  "Plans": [
                    {
                      "Node Type": "Seq Scan",
                      "Parent Relationship": "Outer",
                      "Parallel Aware": true,
                      "Relation Name": "movie_keyword",
                      "Alias": "mk",
                      "Startup Cost": 0.0,
                      "Total Cost": 42695.65,
                      "Plan Rows": 822053,
                      "Plan Width": 4,
                      "Actual Startup Time": 0.034,
                      "Actual Total Time": 111.841,
                      "Actual Rows": 638916,
                      "Actual Loops": 4,
                      "Filter": "(keyword_id < 6435)",
                      "Rows Removed by Filter": 492066
                    },
                    {
                      "Node Type": "Hash",
                      "Parent Relationship": "Inner",
                      "Parallel Aware": true,
                      "Startup Cost": 79245.59,
                      "Total Cost": 79245.59,
                      "Plan Rows": 62801,
                      "Plan Width": 8,
                      "Actual Startup Time": 267.946,
                      "Actual Total Time": 268.097,
                      "Actual Rows": 33404,
                      "Actual Loops": 4,
                      "Hash Buckets": 262144,
                      "Original Hash Buckets": 262144,
                      "Hash Batches": 1,
                      "Original Hash Batches": 1,
                      "Peak Memory Usage": 7328,
                      "Plans": [
                        {
                          "Node Type": "Hash Join",
                          "Parent Relationship": "Outer",
                          "Parallel Aware": true,
                          "Join Type": "Inner",
                          "Startup Cost": 46937.06,
                          "Total Cost": 79245.59,
                          "Plan Rows": 62801,
                          "Plan Width": 8,
                          "Actual Startup Time": 130.579,
                          "Actual Total Time": 257.917,
                          "Actual Rows": 33404,
                          "Actual Loops": 4,
                          "Inner Unique": true,
                          "Hash Cond": "(mc.movie_id = t.id)",
                          "Plans": [
                            {
                              "Node Type": "Seq Scan",
                              "Parent Relationship": "Outer",
                              "Parallel Aware": true,
                              "Relation Name": "movie_companies",
                              "Alias": "mc",
                              "Startup Cost": 0.0,
                              "Total Cost": 31414.82,
                              "Plan Rows": 340461,
                              "Plan Width": 4,
                              "Actual Startup Time": 0.013,
                              "Actual Total Time": 75.011,
                              "Actual Rows": 318562,
                              "Actual Loops": 4,
                              "Filter": "((company_id < 77457) AND (company_type_id = 1))",
                              "Rows Removed by Filter": 333721
                            },
                            {
                              "Node Type": "Hash",
                              "Parent Relationship": "Inner",
                              "Parallel Aware": true,
                              "Startup Cost": 45479.59,
                              "Total Cost": 45479.59,
                              "Plan Rows": 116598,
                              "Plan Width": 4,
                              "Actual Startup Time": 129.049,
                              "Actual Total Time": 129.051,
                              "Actual Rows": 90115,
                              "Actual Loops": 4,
                              "Hash Buckets": 524288,
                              "Original Hash Buckets": 524288,
                              "Hash Batches": 1,
                              "Original Hash Batches": 1,
                              "Peak Memory Usage": 18272,
                              "Plans": [
                                {
                                  "Node Type": "Seq Scan",
                                  "Parent Relationship": "Outer",
                                  "Parallel Aware": true,
                                  "Relation Name": "title",
                                  "Alias": "t",
                                  "Startup Cost": 0.0,
                                  "Total Cost": 45479.59,
                                  "Plan Rows": 116598,
                                  "Plan Width": 4,
                                  "Actual Startup Time": 0.02,
                                  "Actual Total Time": 97.668,
                                  "Actual Rows": 90115,
                                  "Actual Loops": 4,
                                  "Filter": "((production_year < 1994) AND (kind_id = 7))",
                                  "Rows Removed by Filter": 541963
                                }
                              ]
                            }
                          ]
                        }
                      ]
                    }
                  ]
                }
              ]
            }
          ]
        }
      ]
    },
    "Planning Time": 0.638,
    "Triggers": [],
    "Execution Time": 468.083
  }
]