[
    {
        "Bao": {
            "Bao prediction": 480.983,
            "Bao recommended hint": "(no hint)"
        }
    },
    {
        "Plan": {
            "Node Type": "Aggregate",
            "Strategy": "Plain",
            "Partial Mode": "Finalize",
            "Parallel Aware": false,
            "Startup Cost": 45278.0,
            "Total Cost": 45278.01,
            "Plan Rows": 1,
            "Plan Width": 8,
            "Actual Startup Time": 209.111,
            "Actual Total Time": 222.855,
            "Actual Rows": 1,
            "Actual Loops": 1,
            "Output": [
                "count(*)"
            ],
            "Plans": [
                {
                    "Node Type": "Gather",
                    "Parent Relationship": "Outer",
                    "Parallel Aware": false,
                    "Startup Cost": 45277.68,
                    "Total Cost": 45277.99,
                    "Plan Rows": 3,
                    "Plan Width": 8,
                    "Actual Startup Time": 208.877,
                    "Actual Total Time": 222.841,
                    "Actual Rows": 4,
                    "Actual Loops": 1,
                    "Output": [
                        "(PARTIAL count(*))"
                    ],
                    "Workers Planned": 3,
                    "Workers Launched": 3,
                    "Single Copy": false,
                    "Plans": [
                        {
                            "Node Type": "Aggregate",
                            "Strategy": "Plain",
                            "Partial Mode": "Partial",
                            "Parent Relationship": "Outer",
                            "Parallel Aware": false,
                            "Startup Cost": 44277.68,
                            "Total Cost": 44277.69,
                            "Plan Rows": 1,
                            "Plan Width": 8,
                            "Actual Startup Time": 199.68,
                            "Actual Total Time": 199.682,
                            "Actual Rows": 1,
                            "Actual Loops": 4,
                            "Output": [
                                "PARTIAL count(*)"
                            ],
                            "Workers": [
                                {
                                    "Worker Number": 0,
                                    "Actual Startup Time": 196.528,
                                    "Actual Total Time": 196.53,
                                    "Actual Rows": 1,
                                    "Actual Loops": 1
                                },
                                {
                                    "Worker Number": 1,
                                    "Actual Startup Time": 196.534,
                                    "Actual Total Time": 196.536,
                                    "Actual Rows": 1,
                                    "Actual Loops": 1
                                },
                                {
                                    "Worker Number": 2,
                                    "Actual Startup Time": 197.525,
                                    "Actual Total Time": 197.527,
                                    "Actual Rows": 1,
                                    "Actual Loops": 1
                                }
                            ],
                            "Plans": [
                                {
                                    "Node Type": "Seq Scan",
                                    "Parent Relationship": "Outer",
                                    "Parallel Aware": true,
                                    "Relation Name": "movie_keyword",
                                    "Schema": "public",
                                    "Alias": "mk",
                                    "Startup Cost": 0.0,
                                    "Total Cost": 42695.65,
                                    "Plan Rows": 632811,
                                    "Plan Width": 0,
                                    "Actual Startup Time": 0.101,
                                    "Actual Total Time": 164.092,
                                    "Actual Rows": 490013,
                                    "Actual Loops": 4,
                                    "Output": [
                                        "id",
                                        "movie_id",
                                        "keyword_id"
                                    ],
                                    "Filter": "(mk.keyword_id < 3416)",
                                    "Rows Removed by Filter": 640970,
                                    "Workers": [
                                        {
                                            "Worker Number": 0,
                                            "Actual Startup Time": 0.17,
                                            "Actual Total Time": 162.947,
                                            "Actual Rows": 456763,
                                            "Actual Loops": 1
                                        },
                                        {
                                            "Worker Number": 1,
                                            "Actual Startup Time": 0.137,
                                            "Actual Total Time": 163.017,
                                            "Actual Rows": 456302,
                                            "Actual Loops": 1
                                        },
                                        {
                                            "Worker Number": 2,
                                            "Actual Startup Time": 0.065,
                                            "Actual Total Time": 163.567,
                                            "Actual Rows": 455762,
                                            "Actual Loops": 1
                                        }
                                    ]
                                }
                            ]
                        }
                    ]
                }
            ]
        },
        "Planning Time": 1691.115,
        "Triggers": [],
        "Execution Time": 223.005
    }
]