[
  {
    "Plan": {
      "Node Type": "Aggregate",
      "Strategy": "Plain",
      "Partial Mode": "Finalize",
      "Parallel Aware": false,
      "Startup Cost": 336310.16,
      "Total Cost": 336310.17,
      "Plan Rows": 1,
      "Plan Width": 8,
      "Actual Startup Time": 689.424,
      "Actual Total Time": 735.146,
      "Actual Rows": 1,
      "Actual Loops": 1,
      "Plans": [
        {
          "Node Type": "Gather",
          "Parent Relationship": "Outer",
          "Parallel Aware": false,
          "Startup Cost": 336309.54,
          "Total Cost": 336310.15,
          "Plan Rows": 6,
          "Plan Width": 8,
          "Actual Startup Time": 689.222,
          "Actual Total Time": 735.134,
          "Actual Rows": 7,
          "Actual Loops": 1,
          "Workers Planned": 6,
          "Workers Launched": 6,
          "Single Copy": false,
          "Plans": [
            {
              "Node Type": "Aggregate",
              "Strategy": "Plain",
              "Partial Mode": "Partial",
              "Parent Relationship": "Outer",
              "Parallel Aware": false,
              "Startup Cost": 335309.54,
              "Total Cost": 335309.55,
              "Plan Rows": 1,
              "Plan Width": 8,
              "Actual Startup Time": 681.456,
              "Actual Total Time": 681.457,
              "Actual Rows": 1,
              "Actual Loops": 7,
              "Plans": [
                {
                  "Node Type": "Seq Scan",
                  "Parent Relationship": "Outer",
                  "Parallel Aware": true,
                  "Relation Name": "cast_info",
                  "Alias": "ci",
                  "Startup Cost": 0.0,
                  "Total Cost": 328211.39,
                  "Plan Rows": 2839258,
                  "Plan Width": 0,
                  "Actual Startup Time": 226.063,
                  "Actual Total Time": 580.546,
                  "Actual Rows": 2404826,
                  "Actual Loops": 7,
                  "Filter": "(person_id > 1942401)",
                  "Rows Removed by Filter": 2772937
                }
              ]
            }
          ]
        }
      ]
    },
    "Planning Time": 0.158,
    "Triggers": [],
    "Execution Time": 735.214
  }
]