{
  "Plan": {
    "Node Type": "Aggregate",
    "Strategy": "Plain",
    "Partial Mode": "Finalize",
    "Parallel Aware": false,
    "Startup Cost": 120612.88,
    "Total Cost": 120612.89,
    "Plan Rows": 1,
    "Plan Width": 8,
    "Actual Startup Time": 431.474,
    "Actual Total Time": 455.348,
    "Actual Rows": 1,
    "Actual Loops": 1,
    "Plans": [
      {
        "Node Type": "Gather",
        "Parent Relationship": "Outer",
        "Parallel Aware": false,
        "Startup Cost": 120612.76,
        "Total Cost": 120612.87,
        "Plan Rows": 1,
        "Plan Width": 8,
        "Actual Startup Time": 431.15,
        "Actual Total Time": 455.34,
        "Actual Rows": 2,
        "Actual Loops": 1,
        "Workers Planned": 1,
        "Workers Launched": 1,
        "Single Copy": false,
        "Plans": [
          {
            "Node Type": "Aggregate",
            "Strategy": "Plain",
            "Partial Mode": "Partial",
            "Parent Relationship": "Outer",
            "Parallel Aware": false,
            "Startup Cost": 119612.76,
            "Total Cost": 119612.77,
            "Plan Rows": 1,
            "Plan Width": 8,
            "Actual Startup Time": 425.479,
            "Actual Total Time": 425.483,
            "Actual Rows": 1,
            "Actual Loops": 2,
            "Plans": [
              {
                "Node Type": "Nested Loop",
                "Parent Relationship": "Outer",
                "Parallel Aware": false,
                "Join Type": "Inner",
                "Startup Cost": 23014.14,
                "Total Cost": 119560.27,
                "Plan Rows": 20998,
                "Plan Width": 0,
                "Actual Startup Time": 163.53,
                "Actual Total Time": 415.934,
                "Actual Rows": 228408,
                "Actual Loops": 2,
                "Inner Unique": false,
                "Plans": [
                  {
                    "Node Type": "Hash Join",
                    "Parent Relationship": "Outer",
                    "Parallel Aware": true,
                    "Join Type": "Inner",
                    "Startup Cost": 23013.71,
                    "Total Cost": 84015.46,
                    "Plan Rows": 18984,
                    "Plan Width": 8,
                    "Actual Startup Time": 154.507,
                    "Actual Total Time": 248.315,
                    "Actual Rows": 38303,
                    "Actual Loops": 2,
                    "Inner Unique": false,
                    "Hash Cond": "(t.id = mc.movie_id)",
                    "Plans": [
                      {
                        "Node Type": "Seq Scan",
                        "Parent Relationship": "Outer",
                        "Parallel Aware": true,
                        "Relation Name": "title",
                        "Alias": "t",
                        "Startup Cost": 0.0,
                        "Total Cost": 58306.47,
                        "Plan Rows": 413378,
                        "Plan Width": 4,
                        "Actual Startup Time": 0.013,
                        "Actual Total Time": 133.46,
                        "Actual Rows": 374966,
                        "Actual Loops": 2,
                        "Filter": "((kind_id < 7) AND (production_year < 2009))",
                        "Rows Removed by Filter": 889190
                      },
                      {
                        "Node Type": "Hash",
                        "Parent Relationship": "Inner",
                        "Parallel Aware": true,
                        "Startup Cost": 22159.99,
                        "Total Cost": 22159.99,
                        "Plan Rows": 68298,
                        "Plan Width": 4,
                        "Actual Startup Time": 51.182,
                        "Actual Total Time": 51.184,
                        "Actual Rows": 55609,
                        "Actual Loops": 2,
                        "Hash Buckets": 131072,
                        "Original Hash Buckets": 131072,
                        "Hash Batches": 1,
                        "Original Hash Batches": 1,
                        "Peak Memory Usage": 5408,
                        "Plans": [
                          {
                            "Node Type": "Bitmap Heap Scan",
                            "Parent Relationship": "Outer",
                            "Parallel Aware": true,
                            "Relation Name": "movie_companies",
                            "Alias": "mc",
                            "Startup Cost": 2516.26,
                            "Total Cost": 22159.99,
                            "Plan Rows": 68298,
                            "Plan Width": 4,
                            "Actual Startup Time": 12.125,
                            "Actual Total Time": 35.869,
                            "Actual Rows": 55609,
                            "Actual Loops": 2,
                            "Recheck Cond": "(company_id > 151207)",
                            "Rows Removed by Index Recheck": 0,
                            "Exact Heap Blocks": 2596,
                            "Lossy Heap Blocks": 0,
                            "Plans": [
                              {
                                "Node Type": "Bitmap Index Scan",
                                "Parent Relationship": "Outer",
                                "Parallel Aware": false,
                                "Index Name": "company_id_movie_companies",
                                "Startup Cost": 0.0,
                                "Total Cost": 2487.23,
                                "Plan Rows": 116107,
                                "Plan Width": 0,
                                "Actual Startup Time": 14.202,
                                "Actual Total Time": 14.202,
                                "Actual Rows": 111218,
                                "Actual Loops": 1,
                                "Index Cond": "(company_id > 151207)"
                              }
                            ]
                          }
                        ]
                      }
                    ]
                  },
                  {
                    "Node Type": "Index Scan",
                    "Parent Relationship": "Inner",
                    "Parallel Aware": false,
                    "Scan Direction": "Forward",
                    "Index Name": "movie_id_movie_keyword",
                    "Relation Name": "movie_keyword",
                    "Alias": "mk",
                    "Startup Cost": 0.43,
                    "Total Cost": 1.59,
                    "Plan Rows": 28,
                    "Plan Width": 4,
                    "Actual Startup Time": 0.003,
                    "Actual Total Time": 0.004,
                    "Actual Rows": 6,
                    "Actual Loops": 76606,
                    "Index Cond": "(movie_id = t.id)",
                    "Rows Removed by Index Recheck": 0,
                    "Filter": "(keyword_id > 2837)",
                    "Rows Removed by Filter": 4
                  }
                ]
              }
            ]
          }
        ]
      }
    ]
  },
  "Planning Time": 1.075,
  "Triggers": [],
  "Execution Time": 455.455
}