[
  {
    "Plan": {
      "Node Type": "Aggregate",
      "Strategy": "Plain",
      "Partial Mode": "Finalize",
      "Parallel Aware": false,
      "Startup Cost": 78578.47,
      "Total Cost": 78578.48,
      "Plan Rows": 1,
      "Plan Width": 8,
      "Actual Startup Time": 394.17,
      "Actual Total Time": 408.124,
      "Actual Rows": 1,
      "Actual Loops": 1,
      "Plans": [
        {
          "Node Type": "Gather",
          "Parent Relationship": "Outer",
          "Parallel Aware": false,
          "Startup Cost": 78578.15,
          "Total Cost": 78578.46,
          "Plan Rows": 3,
          "Plan Width": 8,
          "Actual Startup Time": 389.608,
          "Actual Total Time": 408.114,
          "Actual Rows": 4,
          "Actual Loops": 1,
          "Workers Planned": 3,
          "Workers Launched": 3,
          "Single Copy": false,
          "Plans": [
            {
              "Node Type": "Aggregate",
              "Strategy": "Plain",
              "Partial Mode": "Partial",
              "Parent Relationship": "Outer",
              "Parallel Aware": false,
              "Startup Cost": 77578.15,
              "Total Cost": 77578.16,
              "Plan Rows": 1,
              "Plan Width": 8,
              "Actual Startup Time": 380.146,
              "Actual Total Time": 380.149,
              "Actual Rows": 1,
              "Actual Loops": 4,
              "Plans": [
                {
                  "Node Type": "Hash Join",
                  "Parent Relationship": "Outer",
                  "Parallel Aware": true,
                  "Join Type": "Inner",
                  "Startup Cost": 46769.59,
                  "Total Cost": 77193.08,
                  "Plan Rows": 154027,
                  "Plan Width": 0,
                  "Actual Startup Time": 203.453,
                  "Actual Total Time": 372.535,
                  "Actual Rows": 169216,
                  "Actual Loops": 4,
                  "Inner Unique": true,
                  "Hash Cond": "(mc.movie_id = t.id)",
                  "Plans": [
                    {
                      "Node Type": "Seq Scan",
                      "Parent Relationship": "Outer",
                      "Parallel Aware": true,
                      "Relation Name": "movie_companies",
                      "Alias": "mc",
                      "Startup Cost": 0.0,
                      "Total Cost": 29310.68,
                      "Plan Rows": 423928,
                      "Plan Width": 4,
                      "Actual Startup Time": 0.028,
                      "Actual Total Time": 70.637,
                      "Actual Rows": 326848,
                      "Actual Loops": 4,
                      "Filter": "(company_id < 11328)",
                      "Rows Removed by Filter": 325434
                    },
                    {
                      "Node Type": "Hash",
                      "Parent Relationship": "Inner",
                      "Parallel Aware": true,
                      "Startup Cost": 43898.92,
                      "Total Cost": 43898.92,
                      "Plan Rows": 229654,
                      "Plan Width": 4,
                      "Actual Startup Time": 198.281,
                      "Actual Total Time": 198.282,
                      "Actual Rows": 231151,
                      "Actual Loops": 4,
                      "Hash Buckets": 1048576,
                      "Original Hash Buckets": 1048576,
                      "Hash Batches": 1,
                      "Original Hash Batches": 1,
                      "Peak Memory Usage": 44416,
                      "Plans": [
                        {
                          "Node Type": "Seq Scan",
                          "Parent Relationship": "Outer",
                          "Parallel Aware": true,
                          "Relation Name": "title",
                          "Alias": "t",
                          "Startup Cost": 0.0,
                          "Total Cost": 43898.92,
                          "Plan Rows": 229654,
                          "Plan Width": 4,
                          "Actual Startup Time": 0.045,
                          "Actual Total Time": 110.354,
                          "Actual Rows": 231151,
                          "Actual Loops": 4,
                          "Filter": "(production_year < 1998)",
                          "Rows Removed by Filter": 400927
                        }
                      ]
                    }
                  ]
                }
              ]
            }
          ]
        }
      ]
    },
    "Planning Time": 0.626,
    "Triggers": [],
    "Execution Time": 408.205
  }
]