[
  {
    "Plan": {
      "Node Type": "Aggregate",
      "Strategy": "Plain",
      "Partial Mode": "Finalize",
      "Parallel Aware": false,
      "Startup Cost": 113569.74,
      "Total Cost": 113569.75,
      "Plan Rows": 1,
      "Plan Width": 8,
      "Actual Startup Time": 682.063,
      "Actual Total Time": 705.117,
      "Actual Rows": 1,
      "Actual Loops": 1,
      "Plans": [
        {
          "Node Type": "Gather",
          "Parent Relationship": "Outer",
          "Parallel Aware": false,
          "Startup Cost": 113569.42,
          "Total Cost": 113569.73,
          "Plan Rows": 3,
          "Plan Width": 8,
          "Actual Startup Time": 673.277,
          "Actual Total Time": 705.109,
          "Actual Rows": 4,
          "Actual Loops": 1,
          "Workers Planned": 3,
          "Workers Launched": 3,
          "Single Copy": false,
          "Plans": [
            {
              "Node Type": "Aggregate",
              "Strategy": "Plain",
              "Partial Mode": "Partial",
              "Parent Relationship": "Outer",
              "Parallel Aware": false,
              "Startup Cost": 112569.42,
              "Total Cost": 112569.43,
              "Plan Rows": 1,
              "Plan Width": 8,
              "Actual Startup Time": 651.788,
              "Actual Total Time": 651.795,
              "Actual Rows": 1,
              "Actual Loops": 4,
              "Plans": [
                {
                  "Node Type": "Hash Join",
                  "Parent Relationship": "Outer",
                  "Parallel Aware": true,
                  "Join Type": "Inner",
                  "Startup Cost": 81758.61,
                  "Total Cost": 112373.79,
                  "Plan Rows": 78253,
                  "Plan Width": 0,
                  "Actual Startup Time": 449.807,
                  "Actual Total Time": 627.798,
                  "Actual Rows": 493903,
                  "Actual Loops": 4,
                  "Inner Unique": false,
                  "Hash Cond": "(mc.movie_id = t.id)",
                  "Plans": [
                    {
                      "Node Type": "Seq Scan",
                      "Parent Relationship": "Outer",
                      "Parallel Aware": true,
                      "Relation Name": "movie_companies",
                      "Alias": "mc",
                      "Startup Cost": 0.0,
                      "Total Cost": 27206.55,
                      "Plan Rows": 841655,
                      "Plan Width": 4,
                      "Actual Startup Time": 0.021,
                      "Actual Total Time": 63.762,
                      "Actual Rows": 652282,
                      "Actual Loops": 4
                    },
                    {
                      "Node Type": "Hash",
                      "Parent Relationship": "Inner",
                      "Parallel Aware": true,
                      "Startup Cost": 80810.76,
                      "Total Cost": 80810.76,
                      "Plan Rows": 75828,
                      "Plan Width": 8,
                      "Actual Startup Time": 426.174,
                      "Actual Total Time": 426.179,
                      "Actual Rows": 56228,
                      "Actual Loops": 4,
                      "Hash Buckets": 262144,
                      "Original Hash Buckets": 262144,
                      "Hash Batches": 1,
                      "Original Hash Batches": 1,
                      "Peak Memory Usage": 10912,
                      "Plans": [
                        {
                          "Node Type": "Hash Join",
                          "Parent Relationship": "Outer",
                          "Parallel Aware": true,
                          "Join Type": "Inner",
                          "Startup Cost": 55209.85,
                          "Total Cost": 80810.76,
                          "Plan Rows": 75828,
                          "Plan Width": 8,
                          "Actual Startup Time": 349.87,
                          "Actual Total Time": 406.867,
                          "Actual Rows": 56228,
                          "Actual Loops": 4,
                          "Inner Unique": true,
                          "Hash Cond": "(mk.movie_id = t.id)",
                          "Plans": [
                            {
                              "Node Type": "Bitmap Heap Scan",
                              "Parent Relationship": "Outer",
                              "Parallel Aware": true,
                              "Relation Name": "movie_keyword",
                              "Alias": "mk",
                              "Startup Cost": 4990.21,
                              "Total Cost": 30392.06,
                              "Plan Rows": 75828,
                              "Plan Width": 4,
                              "Actual Startup Time": 15.884,
                              "Actual Total Time": 50.485,
                              "Actual Rows": 56228,
                              "Actual Loops": 4,
                              "Recheck Cond": "(keyword_id > 64069)",
                              "Rows Removed by Index Recheck": 0,
                              "Exact Heap Blocks": 6641,
                              "Lossy Heap Blocks": 0,
                              "Plans": [
                                {
                                  "Node Type": "Bitmap Index Scan",
                                  "Parent Relationship": "Outer",
                                  "Parallel Aware": false,
                                  "Index Name": "keyword_id_movie_keyword",
                                  "Startup Cost": 0.0,
                                  "Total Cost": 4931.44,
                                  "Plan Rows": 235068,
                                  "Plan Width": 0,
                                  "Actual Startup Time": 12.83,
                                  "Actual Total Time": 12.831,
                                  "Actual Rows": 224911,
                                  "Actual Loops": 1,
                                  "Index Cond": "(keyword_id > 64069)"
                                }
                              ]
                            },
                            {
                              "Node Type": "Hash",
                              "Parent Relationship": "Inner",
                              "Parallel Aware": true,
                              "Startup Cost": 42318.73,
                              "Total Cost": 42318.73,
                              "Plan Rows": 632073,
                              "Plan Width": 4,
                              "Actual Startup Time": 324.862,
                              "Actual Total Time": 324.863,
                              "Actual Rows": 632078,
                              "Actual Loops": 4,
                              "Hash Buckets": 4194304,
                              "Original Hash Buckets": 4194304,
                              "Hash Batches": 1,
                              "Original Hash Batches": 1,
                              "Peak Memory Usage": 131744,
                              "Plans": [
                                {
                                  "Node Type": "Seq Scan",
                                  "Parent Relationship": "Outer",
                                  "Parallel Aware": true,
                                  "Relation Name": "title",
                                  "Alias": "t",
                                  "Startup Cost": 0.0,
                                  "Total Cost": 42318.73,
                                  "Plan Rows": 632073,
                                  "Plan Width": 4,
                                  "Actual Startup Time": 0.033,
                                  "Actual Total Time": 97.145,
                                  "Actual Rows": 632078,
                                  "Actual Loops": 4
                                }
                              ]
                            }
                          ]
                        }
                      ]
                    }
                  ]
                }
              ]
            }
          ]
        }
      ]
    },
    "Planning Time": 1.417,
    "Triggers": [],
    "Execution Time": 705.226
  }
]