[
  {
    "Plan": {
      "Node Type": "Aggregate",
      "Strategy": "Plain",
      "Partial Mode": "Simple",
      "Parallel Aware": false,
      "Startup Cost": 13084.52,
      "Total Cost": 13084.53,
      "Plan Rows": 1,
      "Plan Width": 32,
      "Actual Startup Time": 111325.444,
      "Actual Total Time": 111325.485,
      "Actual Rows": 1,
      "Actual Loops": 1,
      "Output": [
        "min(n.name)"
      ],
      "Plans": [
        {
          "Node Type": "Hash Join",
          "Parent Relationship": "Outer",
          "Parallel Aware": false,
          "Join Type": "Inner",
          "Startup Cost": 6998.84,
          "Total Cost": 13081.31,
          "Plan Rows": 1285,
          "Plan Width": 15,
          "Actual Startup Time": 292.518,
          "Actual Total Time": 110940.614,
          "Actual Rows": 2832555,
          "Actual Loops": 1,
          "Output": [
            "n.name"
          ],
          "Inner Unique": true,
          "Hash Cond": "(mc.company_id = cn.id)",
          "Plans": [
            {
              "Node Type": "Nested Loop",
              "Parent Relationship": "Outer",
              "Parallel Aware": false,
              "Join Type": "Inner",
              "Startup Cost": 12.61,
              "Total Cost": 5155.05,
              "Plan Rows": 358100,
              "Plan Width": 19,
              "Actual Startup Time": 21.653,
              "Actual Total Time": 108055.584,
              "Actual Rows": 7796926,
              "Actual Loops": 1,
              "Output": [
                "mc.company_id",
                "n.name"
              ],
              "Inner Unique": false,
              "Plans": [
                {
                  "Node Type": "Nested Loop",
                  "Parent Relationship": "Outer",
                  "Parallel Aware": false,
                  "Join Type": "Inner",
                  "Startup Cost": 12.18,
                  "Total Cost": 4416.09,
                  "Plan Rows": 1295,
                  "Plan Width": 27,
                  "Actual Startup Time": 17.675,
                  "Actual Total Time": 102623.228,
                  "Actual Rows": 1038393,
                  "Actual Loops": 1,
                  "Output": [
                    "ci.movie_id",
                    "mk.movie_id",
                    "n.name",
                    "t.id"
                  ],
                  "Inner Unique": true,
                  "Plans": [
                    {
                      "Node Type": "Nested Loop",
                      "Parent Relationship": "Outer",
                      "Parallel Aware": false,
                      "Join Type": "Inner",
                      "Startup Cost": 11.75,
                      "Total Cost": 3826.49,
                      "Plan Rows": 1295,
                      "Plan Width": 16,
                      "Actual Startup Time": 17.547,
                      "Actual Total Time": 37084.072,
                      "Actual Rows": 1038393,
                      "Actual Loops": 1,
                      "Output": [
                        "ci.person_id",
                        "ci.movie_id",
                        "mk.movie_id",
                        "t.id"
                      ],
                      "Inner Unique": false,
                      "Join Filter": "(t.id = ci.movie_id)",
                      "Rows Removed by Join Filter": 0,
                      "Plans": [
                        {
                          "Node Type": "Nested Loop",
                          "Parent Relationship": "Outer",
                          "Parallel Aware": false,
                          "Join Type": "Inner",
                          "Startup Cost": 11.19,
                          "Total Cost": 3757.01,
                          "Plan Rows": 34,
                          "Plan Width": 8,
                          "Actual Startup Time": 17.45,
                          "Actual Total Time": 2710.082,
                          "Actual Rows": 41840,
                          "Actual Loops": 1,
                          "Output": [
                            "mk.movie_id",
                            "t.id"
                          ],
                          "Inner Unique": true,
                          "Plans": [
                            {
                              "Node Type": "Nested Loop",
                              "Parent Relationship": "Outer",
                              "Parallel Aware": false,
                              "Join Type": "Inner",
                              "Startup Cost": 10.76,
                              "Total Cost": 3740.45,
                              "Plan Rows": 34,
                              "Plan Width": 4,
                              "Actual Startup Time": 17.344,
                              "Actual Total Time": 675.361,
                              "Actual Rows": 41840,
                              "Actual Loops": 1,
                              "Output": [
                                "mk.movie_id"
                              ],
                              "Inner Unique": false,
                              "Plans": [
                                {
                                  "Node Type": "Seq Scan",
                                  "Parent Relationship": "Outer",
                                  "Parallel Aware": false,
                                  "Relation Name": "keyword",
                                  "Schema": "public",
                                  "Alias": "k",
                                  "Startup Cost": 0.0,
                                  "Total Cost": 2626.12,
                                  "Plan Rows": 1,
                                  "Plan Width": 4,
                                  "Actual Startup Time": 3.722,
                                  "Actual Total Time": 42.061,
                                  "Actual Rows": 1,
                                  "Actual Loops": 1,
                                  "Output": [
                                    "k.id",
                                    "k.keyword",
                                    "k.phonetic_code"
                                  ],
                                  "Filter": "(k.keyword = 'character-name-in-title'::text)",
                                  "Rows Removed by Filter": 134169
                                },
                                {
                                  "Node Type": "Bitmap Heap Scan",
                                  "Parent Relationship": "Inner",
                                  "Parallel Aware": false,
                                  "Relation Name": "movie_keyword",
                                  "Schema": "public",
                                  "Alias": "mk",
                                  "Startup Cost": 10.76,
                                  "Total Cost": 1111.32,
                                  "Plan Rows": 300,
                                  "Plan Width": 8,
                                  "Actual Startup Time": 13.575,
                                  "Actual Total Time": 595.152,
                                  "Actual Rows": 41840,
                                  "Actual Loops": 1,
                                  "Output": [
                                    "mk.id",
                                    "mk.movie_id",
                                    "mk.keyword_id"
                                  ],
                                  "Recheck Cond": "(mk.keyword_id = k.id)",
                                  "Rows Removed by Index Recheck": 0,
                                  "Exact Heap Blocks": 11541,
                                  "Lossy Heap Blocks": 0,
                                  "Plans": [
                                    {
                                      "Node Type": "Bitmap Index Scan",
                                      "Parent Relationship": "Outer",
                                      "Parallel Aware": false,
                                      "Index Name": "keyword_id_movie_keyword",
                                      "Startup Cost": 0.0,
                                      "Total Cost": 10.68,
                                      "Plan Rows": 300,
                                      "Plan Width": 0,
                                      "Actual Startup Time": 11.45,
                                      "Actual Total Time": 11.454,
                                      "Actual Rows": 41840,
                                      "Actual Loops": 1,
                                      "Index Cond": "(mk.keyword_id = k.id)"
                                    }
                                  ]
                                }
                              ]
                            },
                            {
                              "Node Type": "Index Only Scan",
                              "Parent Relationship": "Inner",
                              "Parallel Aware": false,
                              "Scan Direction": "Forward",
                              "Index Name": "title_pkey",
                              "Relation Name": "title",
                              "Schema": "public",
                              "Alias": "t",
                              "Startup Cost": 0.43,
                              "Total Cost": 0.49,
                              "Plan Rows": 1,
                              "Plan Width": 4,
                              "Actual Startup Time": 0.045,
                              "Actual Total Time": 0.045,
                              "Actual Rows": 1,
                              "Actual Loops": 41840,
                              "Output": [
                                "t.id"
                              ],
                              "Index Cond": "(t.id = mk.movie_id)",
                              "Rows Removed by Index Recheck": 0,
                              "Heap Fetches": 41840
                            }
                          ]
                        },
                        {
                          "Node Type": "Index Scan",
                          "Parent Relationship": "Inner",
                          "Parallel Aware": false,
                          "Scan Direction": "Forward",
                          "Index Name": "movie_id_cast_info",
                          "Relation Name": "cast_info",
                          "Schema": "public",
                          "Alias": "ci",
                          "Startup Cost": 0.56,
                          "Total Cost": 1.57,
                          "Plan Rows": 38,
                          "Plan Width": 8,
                          "Actual Startup Time": 0.057,
                          "Actual Total Time": 0.812,
                          "Actual Rows": 25,
                          "Actual Loops": 41840,
                          "Output": [
                            "ci.id",
                            "ci.person_id",
                            "ci.movie_id",
                            "ci.person_role_id",
                            "ci.note",
                            "ci.nr_order",
                            "ci.role_id"
                          ],
                          "Index Cond": "(ci.movie_id = mk.movie_id)",
                          "Rows Removed by Index Recheck": 0
                        }
                      ]
                    },
                    {
                      "Node Type": "Index Scan",
                      "Parent Relationship": "Inner",
                      "Parallel Aware": false,
                      "Scan Direction": "Forward",
                      "Index Name": "name_pkey",
                      "Relation Name": "name",
                      "Schema": "public",
                      "Alias": "n",
                      "Startup Cost": 0.43,
                      "Total Cost": 0.46,
                      "Plan Rows": 1,
                      "Plan Width": 19,
                      "Actual Startup Time": 0.062,
                      "Actual Total Time": 0.062,
                      "Actual Rows": 1,
                      "Actual Loops": 1038393,
                      "Output": [
                        "n.id",
                        "n.name",
                        "n.imdb_index",
                        "n.imdb_id",
                        "n.gender",
                        "n.name_pcode_cf",
                        "n.name_pcode_nf",
                        "n.surname_pcode",
                        "n.md5sum"
                      ],
                      "Index Cond": "(n.id = ci.person_id)",
                      "Rows Removed by Index Recheck": 0
                    }
                  ]
                },
                {
                  "Node Type": "Index Scan",
                  "Parent Relationship": "Inner",
                  "Parallel Aware": false,
                  "Scan Direction": "Forward",
                  "Index Name": "movie_id_movie_companies",
                  "Relation Name": "movie_companies",
                  "Schema": "public",
                  "Alias": "mc",
                  "Startup Cost": 0.43,
                  "Total Cost": 0.52,
                  "Plan Rows": 5,
                  "Plan Width": 8,
                  "Actual Startup Time": 0.003,
                  "Actual Total Time": 0.004,
                  "Actual Rows": 8,
                  "Actual Loops": 1038393,
                  "Output": [
                    "mc.id",
                    "mc.movie_id",
                    "mc.company_id",
                    "mc.company_type_id",
                    "mc.note"
                  ],
                  "Index Cond": "(mc.movie_id = ci.movie_id)",
                  "Rows Removed by Index Recheck": 0
                }
              ]
            },
            {
              "Node Type": "Hash",
              "Parent Relationship": "Inner",
              "Parallel Aware": false,
              "Startup Cost": 5932.46,
              "Total Cost": 5932.46,
              "Plan Rows": 84301,
              "Plan Width": 4,
              "Actual Startup Time": 242.316,
              "Actual Total Time": 242.319,
              "Actual Rows": 84843,
              "Actual Loops": 1,
              "Output": [
                "cn.id"
              ],
              "Hash Buckets": 131072,
              "Original Hash Buckets": 131072,
              "Hash Batches": 1,
              "Original Hash Batches": 1,
              "Peak Memory Usage": 4007,
              "Plans": [
                {
                  "Node Type": "Seq Scan",
                  "Parent Relationship": "Outer",
                  "Parallel Aware": false,
                  "Relation Name": "company_name",
                  "Schema": "public",
                  "Alias": "cn",
                  "Startup Cost": 0.0,
                  "Total Cost": 5932.46,
                  "Plan Rows": 84301,
                  "Plan Width": 4,
                  "Actual Startup Time": 0.036,
                  "Actual Total Time": 184.712,
                  "Actual Rows": 84843,
                  "Actual Loops": 1,
                  "Output": [
                    "cn.id"
                  ],
                  "Filter": "((cn.country_code)::text = '[us]'::text)",
                  "Rows Removed by Filter": 150154
                }
              ]
            }
          ]
        }
      ]
    },
    "Planning Time": 1807.271,
    "Triggers": [],
    "Execution Time": 111329.797
  }
]