[
  {
    "Plan": {
      "Node Type": "Aggregate",
      "Strategy": "Plain",
      "Partial Mode": "Finalize",
      "Parallel Aware": false,
      "Startup Cost": 702978.62,
      "Total Cost": 702978.63,
      "Plan Rows": 1,
      "Plan Width": 8,
      "Actual Startup Time": 9278.639,
      "Actual Total Time": 9387.111,
      "Actual Rows": 1,
      "Actual Loops": 1,
      "Plans": [
        {
          "Node Type": "Gather",
          "Parent Relationship": "Outer",
          "Parallel Aware": false,
          "Startup Cost": 702978.0,
          "Total Cost": 702978.61,
          "Plan Rows": 6,
          "Plan Width": 8,
          "Actual Startup Time": 9197.915,
          "Actual Total Time": 9387.094,
          "Actual Rows": 7,
          "Actual Loops": 1,
          "Workers Planned": 6,
          "Workers Launched": 6,
          "Single Copy": false,
          "Plans": [
            {
              "Node Type": "Aggregate",
              "Strategy": "Plain",
              "Partial Mode": "Partial",
              "Parent Relationship": "Outer",
              "Parallel Aware": false,
              "Startup Cost": 701978.0,
              "Total Cost": 701978.01,
              "Plan Rows": 1,
              "Plan Width": 8,
              "Actual Startup Time": 9143.4,
              "Actual Total Time": 9143.408,
              "Actual Rows": 1,
              "Actual Loops": 7,
              "Plans": [
                {
                  "Node Type": "Hash Join",
                  "Parent Relationship": "Outer",
                  "Parallel Aware": true,
                  "Join Type": "Inner",
                  "Startup Cost": 282455.29,
                  "Total Cost": 662112.66,
                  "Plan Rows": 15946135,
                  "Plan Width": 0,
                  "Actual Startup Time": 2405.907,
                  "Actual Total Time": 7847.207,
                  "Actual Rows": 30385535,
                  "Actual Loops": 7,
                  "Inner Unique": false,
                  "Hash Cond": "(ci.movie_id = t.id)",
                  "Plans": [
                    {
                      "Node Type": "Seq Scan",
                      "Parent Relationship": "Outer",
                      "Parallel Aware": true,
                      "Relation Name": "cast_info",
                      "Alias": "ci",
                      "Startup Cost": 0.0,
                      "Total Cost": 328211.39,
                      "Plan Rows": 3128592,
                      "Plan Width": 4,
                      "Actual Startup Time": 182.543,
                      "Actual Total Time": 603.304,
                      "Actual Rows": 2662916,
                      "Actual Loops": 7,
                      "Filter": "(person_id > 1742204)",
                      "Rows Removed by Filter": 2514848
                    },
                    {
                      "Node Type": "Hash",
                      "Parent Relationship": "Inner",
                      "Parallel Aware": true,
                      "Startup Cost": 250237.45,
                      "Total Cost": 250237.45,
                      "Plan Rows": 2577427,
                      "Plan Width": 8,
                      "Actual Startup Time": 2206.946,
                      "Actual Total Time": 2206.951,
                      "Actual Rows": 1706482,
                      "Actual Loops": 7,
                      "Hash Buckets": 16777216,
                      "Original Hash Buckets": 16777216,
                      "Hash Batches": 1,
                      "Original Hash Batches": 1,
                      "Peak Memory Usage": 598496,
                      "Plans": [
                        {
                          "Node Type": "Hash Join",
                          "Parent Relationship": "Outer",
                          "Parallel Aware": true,
                          "Join Type": "Inner",
                          "Startup Cost": 50758.05,
                          "Total Cost": 250237.45,
                          "Plan Rows": 2577427,
                          "Plan Width": 8,
                          "Actual Startup Time": 250.459,
                          "Actual Total Time": 1340.634,
                          "Actual Rows": 1706482,
                          "Actual Loops": 7,
                          "Inner Unique": true,
                          "Hash Cond": "(mi.movie_id = t.id)",
                          "Plans": [
                            {
                              "Node Type": "Seq Scan",
                              "Parent Relationship": "Outer",
                              "Parallel Aware": true,
                              "Relation Name": "movie_info",
                              "Alias": "mi",
                              "Startup Cost": 0.0,
                              "Total Cost": 191685.19,
                              "Plan Rows": 2969219,
                              "Plan Width": 4,
                              "Actual Startup Time": 0.037,
                              "Actual Total Time": 322.653,
                              "Actual Rows": 2119389,
                              "Actual Loops": 7
                            },
                            {
                              "Node Type": "Hash",
                              "Parent Relationship": "Inner",
                              "Parallel Aware": true,
                              "Startup Cost": 43899.32,
                              "Total Cost": 43899.32,
                              "Plan Rows": 548698,
                              "Plan Width": 4,
                              "Actual Startup Time": 246.639,
                              "Actual Total Time": 246.64,
                              "Actual Rows": 311759,
                              "Actual Loops": 7,
                              "Hash Buckets": 4194304,
                              "Original Hash Buckets": 4194304,
                              "Hash Batches": 1,
                              "Original Hash Batches": 1,
                              "Peak Memory Usage": 118208,
                              "Plans": [
                                {
                                  "Node Type": "Seq Scan",
                                  "Parent Relationship": "Outer",
                                  "Parallel Aware": true,
                                  "Relation Name": "title",
                                  "Alias": "t",
                                  "Startup Cost": 0.0,
                                  "Total Cost": 43899.32,
                                  "Plan Rows": 548698,
                                  "Plan Width": 4,
                                  "Actual Startup Time": 0.068,
                                  "Actual Total Time": 87.041,
                                  "Actual Rows": 311759,
                                  "Actual Loops": 7,
                                  "Filter": "(production_year > 1962)",
                                  "Rows Removed by Filter": 49428
                                }
                              ]
                            }
                          ]
                        }
                      ]
                    }
                  ]
                }
              ]
            }
          ]
        }
      ]
    },
    "Planning Time": 0.698,
    "Triggers": [],
    "Execution Time": 9387.179
  }
]