[
  {
    "Plan": {
      "Node Type": "Aggregate",
      "Strategy": "Plain",
      "Partial Mode": "Finalize",
      "Parallel Aware": false,
      "Startup Cost": 25428.04,
      "Total Cost": 25428.05,
      "Plan Rows": 1,
      "Plan Width": 8,
      "Actual Startup Time": 60.142,
      "Actual Total Time": 64.318,
      "Actual Rows": 1,
      "Actual Loops": 1,
      "Plans": [
        {
          "Node Type": "Gather",
          "Parent Relationship": "Outer",
          "Parallel Aware": false,
          "Startup Cost": 25427.72,
          "Total Cost": 25428.03,
          "Plan Rows": 3,
          "Plan Width": 8,
          "Actual Startup Time": 59.975,
          "Actual Total Time": 64.309,
          "Actual Rows": 4,
          "Actual Loops": 1,
          "Workers Planned": 3,
          "Workers Launched": 3,
          "Single Copy": false,
          "Plans": [
            {
              "Node Type": "Aggregate",
              "Strategy": "Plain",
              "Partial Mode": "Partial",
              "Parent Relationship": "Outer",
              "Parallel Aware": false,
              "Startup Cost": 24427.72,
              "Total Cost": 24427.73,
              "Plan Rows": 1,
              "Plan Width": 8,
              "Actual Startup Time": 53.387,
              "Actual Total Time": 53.389,
              "Actual Rows": 1,
              "Actual Loops": 4,
              "Plans": [
                {
                  "Node Type": "Bitmap Heap Scan",
                  "Parent Relationship": "Outer",
                  "Parallel Aware": true,
                  "Relation Name": "movie_companies",
                  "Alias": "mc",
                  "Startup Cost": 4608.65,
                  "Total Cost": 24256.21,
                  "Plan Rows": 68605,
                  "Plan Width": 0,
                  "Actual Startup Time": 20.463,
                  "Actual Total Time": 49.121,
                  "Actual Rows": 51988,
                  "Actual Loops": 4,
                  "Recheck Cond": "(company_id > 111105)",
                  "Rows Removed by Index Recheck": 0,
                  "Exact Heap Blocks": 2521,
                  "Lossy Heap Blocks": 0,
                  "Plans": [
                    {
                      "Node Type": "Bitmap Index Scan",
                      "Parent Relationship": "Outer",
                      "Parallel Aware": false,
                      "Index Name": "company_id_movie_companies",
                      "Startup Cost": 0.0,
                      "Total Cost": 4555.49,
                      "Plan Rows": 212674,
                      "Plan Width": 0,
                      "Actual Startup Time": 25.119,
                      "Actual Total Time": 25.119,
                      "Actual Rows": 207954,
                      "Actual Loops": 1,
                      "Index Cond": "(company_id > 111105)"
                    }
                  ]
                }
              ]
            }
          ]
        }
      ]
    },
    "Planning Time": 0.193,
    "Triggers": [],
    "Execution Time": 64.394
  }
]