[
  {
    "Plan": {
      "Node Type": "Aggregate",
      "Strategy": "Plain",
      "Partial Mode": "Finalize",
      "Parallel Aware": false,
      "Startup Cost": 220710.4,
      "Total Cost": 220710.41,
      "Plan Rows": 1,
      "Plan Width": 8,
      "Actual Startup Time": 3472.798,
      "Actual Total Time": 3554.446,
      "Actual Rows": 1,
      "Actual Loops": 1,
      "Plans": [
        {
          "Node Type": "Gather",
          "Parent Relationship": "Outer",
          "Parallel Aware": false,
          "Startup Cost": 220710.08,
          "Total Cost": 220710.39,
          "Plan Rows": 3,
          "Plan Width": 8,
          "Actual Startup Time": 3467.609,
          "Actual Total Time": 3554.434,
          "Actual Rows": 4,
          "Actual Loops": 1,
          "Workers Planned": 3,
          "Workers Launched": 3,
          "Single Copy": false,
          "Plans": [
            {
              "Node Type": "Aggregate",
              "Strategy": "Plain",
              "Partial Mode": "Partial",
              "Parent Relationship": "Outer",
              "Parallel Aware": false,
              "Startup Cost": 219710.08,
              "Total Cost": 219710.09,
              "Plan Rows": 1,
              "Plan Width": 8,
              "Actual Startup Time": 3462.105,
              "Actual Total Time": 3462.112,
              "Actual Rows": 1,
              "Actual Loops": 4,
              "Plans": [
                {
                  "Node Type": "Nested Loop",
                  "Parent Relationship": "Outer",
                  "Parallel Aware": false,
                  "Join Type": "Inner",
                  "Startup Cost": 55038.52,
                  "Total Cost": 219346.79,
                  "Plan Rows": 145316,
                  "Plan Width": 0,
                  "Actual Startup Time": 243.27,
                  "Actual Total Time": 3383.728,
                  "Actual Rows": 1414311,
                  "Actual Loops": 4,
                  "Inner Unique": false,
                  "Plans": [
                    {
                      "Node Type": "Hash Join",
                      "Parent Relationship": "Outer",
                      "Parallel Aware": true,
                      "Join Type": "Inner",
                      "Startup Cost": 55037.95,
                      "Total Cost": 81344.96,
                      "Plan Rows": 47800,
                      "Plan Width": 8,
                      "Actual Startup Time": 242.696,
                      "Actual Total Time": 335.262,
                      "Actual Rows": 85260,
                      "Actual Loops": 4,
                      "Inner Unique": true,
                      "Hash Cond": "(mk.movie_id = t.id)",
                      "Plans": [
                        {
                          "Node Type": "Bitmap Heap Scan",
                          "Parent Relationship": "Outer",
                          "Parallel Aware": true,
                          "Relation Name": "movie_keyword",
                          "Alias": "mk",
                          "Startup Cost": 8055.8,
                          "Total Cost": 34041.22,
                          "Plan Rows": 122513,
                          "Plan Width": 4,
                          "Actual Startup Time": 35.536,
                          "Actual Total Time": 81.515,
                          "Actual Rows": 95176,
                          "Actual Loops": 4,
                          "Recheck Cond": "(keyword_id > 44885)",
                          "Rows Removed by Index Recheck": 0,
                          "Exact Heap Blocks": 6049,
                          "Lossy Heap Blocks": 0,
                          "Plans": [
                            {
                              "Node Type": "Bitmap Index Scan",
                              "Parent Relationship": "Outer",
                              "Parallel Aware": false,
                              "Index Name": "keyword_id_movie_keyword",
                              "Startup Cost": 0.0,
                              "Total Cost": 7960.86,
                              "Plan Rows": 379790,
                              "Plan Width": 0,
                              "Actual Startup Time": 30.118,
                              "Actual Total Time": 30.119,
                              "Actual Rows": 380703,
                              "Actual Loops": 1,
                              "Index Cond": "(keyword_id > 44885)"
                            }
                          ]
                        },
                        {
                          "Node Type": "Hash",
                          "Parent Relationship": "Inner",
                          "Parallel Aware": true,
                          "Startup Cost": 43899.32,
                          "Total Cost": 43899.32,
                          "Plan Rows": 246626,
                          "Plan Width": 4,
                          "Actual Startup Time": 203.421,
                          "Actual Total Time": 203.424,
                          "Actual Rows": 246262,
                          "Actual Loops": 4,
                          "Hash Buckets": 1048576,
                          "Original Hash Buckets": 1048576,
                          "Hash Batches": 1,
                          "Original Hash Batches": 1,
                          "Peak Memory Usage": 46784,
                          "Plans": [
                            {
                              "Node Type": "Seq Scan",
                              "Parent Relationship": "Outer",
                              "Parallel Aware": true,
                              "Relation Name": "title",
                              "Alias": "t",
                              "Startup Cost": 0.0,
                              "Total Cost": 43899.32,
                              "Plan Rows": 246626,
                              "Plan Width": 4,
                              "Actual Startup Time": 0.043,
                              "Actual Total Time": 108.813,
                              "Actual Rows": 246262,
                              "Actual Loops": 4,
                              "Filter": "(kind_id < 7)",
                              "Rows Removed by Filter": 385816
                            }
                          ]
                        }
                      ]
                    },
                    {
                      "Node Type": "Index Scan",
                      "Parent Relationship": "Inner",
                      "Parallel Aware": false,
                      "Scan Direction": "Forward",
                      "Index Name": "movie_id_cast_info",
                      "Relation Name": "cast_info",
                      "Alias": "ci",
                      "Startup Cost": 0.56,
                      "Total Cost": 2.82,
                      "Plan Rows": 7,
                      "Plan Width": 4,
                      "Actual Startup Time": 0.024,
                      "Actual Total Time": 0.034,
                      "Actual Rows": 17,
                      "Actual Loops": 341038,
                      "Index Cond": "(movie_id = t.id)",
                      "Rows Removed by Index Recheck": 0,
                      "Filter": "(role_id > 6)",
                      "Rows Removed by Filter": 34
                    }
                  ]
                }
              ]
            }
          ]
        }
      ]
    },
    "Planning Time": 0.576,
    "Triggers": [],
    "Execution Time": 3554.531
  }
]