[
  {
    "Plan": {
      "Node Type": "Aggregate",
      "Strategy": "Plain",
      "Partial Mode": "Finalize",
      "Parallel Aware": false,
      "Startup Cost": 44696.77,
      "Total Cost": 44696.78,
      "Plan Rows": 1,
      "Plan Width": 8,
      "Actual Startup Time": 115.436,
      "Actual Total Time": 124.455,
      "Actual Rows": 1,
      "Actual Loops": 1,
      "Plans": [
        {
          "Node Type": "Gather",
          "Parent Relationship": "Outer",
          "Parallel Aware": false,
          "Startup Cost": 44696.45,
          "Total Cost": 44696.76,
          "Plan Rows": 3,
          "Plan Width": 8,
          "Actual Startup Time": 115.342,
          "Actual Total Time": 124.449,
          "Actual Rows": 4,
          "Actual Loops": 1,
          "Workers Planned": 3,
          "Workers Launched": 3,
          "Single Copy": false,
          "Plans": [
            {
              "Node Type": "Aggregate",
              "Strategy": "Plain",
              "Partial Mode": "Partial",
              "Parent Relationship": "Outer",
              "Parallel Aware": false,
              "Startup Cost": 43696.45,
              "Total Cost": 43696.46,
              "Plan Rows": 1,
              "Plan Width": 8,
              "Actual Startup Time": 111.929,
              "Actual Total Time": 111.93,
              "Actual Rows": 1,
              "Actual Loops": 4,
              "Plans": [
                {
                  "Node Type": "Seq Scan",
                  "Parent Relationship": "Outer",
                  "Parallel Aware": true,
                  "Relation Name": "movie_keyword",
                  "Alias": "mk",
                  "Startup Cost": 0.0,
                  "Total Cost": 42695.65,
                  "Plan Rows": 400319,
                  "Plan Width": 0,
                  "Actual Startup Time": 0.826,
                  "Actual Total Time": 97.225,
                  "Actual Rows": 311180,
                  "Actual Loops": 4,
                  "Filter": "(keyword_id > 14520)",
                  "Rows Removed by Filter": 819802
                }
              ]
            }
          ]
        }
      ]
    },
    "Planning Time": 0.069,
    "Triggers": [],
    "Execution Time": 124.478
  }
]