[
    {
        "Bao": {
            "Bao prediction": 611.403,
            "Bao recommended hint": "(no hint)"
        }
    },
    {
        "Plan": {
            "Node Type": "Aggregate",
            "Strategy": "Plain",
            "Partial Mode": "Simple",
            "Parallel Aware": false,
            "Startup Cost": 39327.71,
            "Total Cost": 39327.72,
            "Plan Rows": 1,
            "Plan Width": 8,
            "Actual Startup Time": 54.731,
            "Actual Total Time": 54.732,
            "Actual Rows": 1,
            "Actual Loops": 1,
            "Output": [
                "count(*)"
            ],
            "Plans": [
                {
                    "Node Type": "Bitmap Heap Scan",
                    "Parent Relationship": "Outer",
                    "Parallel Aware": false,
                    "Relation Name": "title",
                    "Schema": "public",
                    "Alias": "t",
                    "Startup Cost": 1801.98,
                    "Total Cost": 39311.92,
                    "Plan Rows": 6317,
                    "Plan Width": 0,
                    "Actual Startup Time": 19.765,
                    "Actual Total Time": 54.456,
                    "Actual Rows": 3580,
                    "Actual Loops": 1,
                    "Recheck Cond": "(t.kind_id = 3)",
                    "Rows Removed by Index Recheck": 0,
                    "Filter": "(t.production_year = 2011)",
                    "Rows Removed by Filter": 96957,
                    "Exact Heap Blocks": 12707,
                    "Lossy Heap Blocks": 0,
                    "Plans": [
                        {
                            "Node Type": "Bitmap Index Scan",
                            "Parent Relationship": "Outer",
                            "Parallel Aware": false,
                            "Index Name": "kind_id_title",
                            "Startup Cost": 0.0,
                            "Total Cost": 1800.4,
                            "Plan Rows": 100796,
                            "Plan Width": 0,
                            "Actual Startup Time": 15.136,
                            "Actual Total Time": 15.137,
                            "Actual Rows": 100537,
                            "Actual Loops": 1,
                            "Index Cond": "(t.kind_id = 3)"
                        }
                    ]
                }
            ]
        },
        "Planning Time": 530.405,
        "Triggers": [],
        "Execution Time": 54.816
    }
]