{
  "Plan": {
    "Node Type": "Aggregate",
    "Strategy": "Plain",
    "Partial Mode": "Finalize",
    "Parallel Aware": false,
    "Startup Cost": 397853.54,
    "Total Cost": 397853.55,
    "Plan Rows": 1,
    "Plan Width": 8,
    "Actual Startup Time": 555.289,
    "Actual Total Time": 570.048,
    "Actual Rows": 1,
    "Actual Loops": 1,
    "Plans": [
      {
        "Node Type": "Gather",
        "Parent Relationship": "Outer",
        "Parallel Aware": false,
        "Startup Cost": 397853.43,
        "Total Cost": 397853.54,
        "Plan Rows": 1,
        "Plan Width": 8,
        "Actual Startup Time": 554.722,
        "Actual Total Time": 570.037,
        "Actual Rows": 2,
        "Actual Loops": 1,
        "Workers Planned": 1,
        "Workers Launched": 1,
        "Single Copy": false,
        "Plans": [
          {
            "Node Type": "Aggregate",
            "Strategy": "Plain",
            "Partial Mode": "Partial",
            "Parent Relationship": "Outer",
            "Parallel Aware": false,
            "Startup Cost": 396853.43,
            "Total Cost": 396853.44,
            "Plan Rows": 1,
            "Plan Width": 8,
            "Actual Startup Time": 548.545,
            "Actual Total Time": 548.55,
            "Actual Rows": 1,
            "Actual Loops": 2,
            "Plans": [
              {
                "Node Type": "Hash Join",
                "Parent Relationship": "Outer",
                "Parallel Aware": true,
                "Join Type": "Inner",
                "Startup Cost": 112968.69,
                "Total Cost": 396786.89,
                "Plan Rows": 26615,
                "Plan Width": 0,
                "Actual Startup Time": 188.772,
                "Actual Total Time": 546.54,
                "Actual Rows": 41388,
                "Actual Loops": 2,
                "Inner Unique": true,
                "Hash Cond": "(ci.movie_id = t.id)",
                "Plans": [
                  {
                    "Node Type": "Bitmap Heap Scan",
                    "Parent Relationship": "Outer",
                    "Parallel Aware": true,
                    "Relation Name": "cast_info",
                    "Alias": "ci",
                    "Startup Cost": 72952.53,
                    "Total Cost": 355001.27,
                    "Plan Rows": 674080,
                    "Plan Width": 4,
                    "Actual Startup Time": 119.208,
                    "Actual Total Time": 340.118,
                    "Actual Rows": 1233220,
                    "Actual Loops": 2,
                    "Recheck Cond": "(person_id < 329664)",
                    "Rows Removed by Index Recheck": 0,
                    "Filter": "(role_id = 1)",
                    "Rows Removed by Filter": 480946,
                    "Exact Heap Blocks": 20768,
                    "Lossy Heap Blocks": 0,
                    "Plans": [
                      {
                        "Node Type": "Bitmap Index Scan",
                        "Parent Relationship": "Outer",
                        "Parallel Aware": false,
                        "Index Name": "person_id_cast_info",
                        "Startup Cost": 0.0,
                        "Total Cost": 72666.04,
                        "Plan Rows": 3327664,
                        "Plan Width": 0,
                        "Actual Startup Time": 113.5,
                        "Actual Total Time": 113.501,
                        "Actual Rows": 3428334,
                        "Actual Loops": 1,
                        "Index Cond": "(person_id < 329664)"
                      }
                    ]
                  },
                  {
                    "Node Type": "Hash",
                    "Parent Relationship": "Inner",
                    "Parallel Aware": true,
                    "Startup Cost": 39282.14,
                    "Total Cost": 39282.14,
                    "Plan Rows": 58722,
                    "Plan Width": 4,
                    "Actual Startup Time": 67.156,
                    "Actual Total Time": 67.158,
                    "Actual Rows": 52287,
                    "Actual Loops": 2,
                    "Hash Buckets": 131072,
                    "Original Hash Buckets": 131072,
                    "Hash Batches": 1,
                    "Original Hash Batches": 1,
                    "Peak Memory Usage": 5152,
                    "Plans": [
                      {
                        "Node Type": "Bitmap Heap Scan",
                        "Parent Relationship": "Outer",
                        "Parallel Aware": true,
                        "Relation Name": "title",
                        "Alias": "t",
                        "Startup Cost": 2205.89,
                        "Total Cost": 39282.14,
                        "Plan Rows": 58722,
                        "Plan Width": 4,
                        "Actual Startup Time": 16.935,
                        "Actual Total Time": 54.871,
                        "Actual Rows": 52287,
                        "Actual Loops": 2,
                        "Recheck Cond": "(kind_id = 4)",
                        "Rows Removed by Index Recheck": 0,
                        "Filter": "(production_year < 2011)",
                        "Rows Removed by Filter": 6830,
                        "Exact Heap Blocks": 9721,
                        "Lossy Heap Blocks": 0,
                        "Plans": [
                          {
                            "Node Type": "Bitmap Index Scan",
                            "Parent Relationship": "Outer",
                            "Parallel Aware": false,
                            "Index Name": "kind_id_title",
                            "Startup Cost": 0.0,
                            "Total Cost": 2180.94,
                            "Plan Rows": 122201,
                            "Plan Width": 0,
                            "Actual Startup Time": 16.16,
                            "Actual Total Time": 16.16,
                            "Actual Rows": 118234,
                            "Actual Loops": 1,
                            "Index Cond": "(kind_id = 4)"
                          }
                        ]
                      }
                    ]
                  }
                ]
              }
            ]
          }
        ]
      }
    ]
  },
  "Planning Time": 0.519,
  "Triggers": [],
  "Execution Time": 570.154
}