[
  {
    "Plan": {
      "Node Type": "Aggregate",
      "Strategy": "Plain",
      "Partial Mode": "Finalize",
      "Parallel Aware": false,
      "Startup Cost": 354084.29,
      "Total Cost": 354084.3,
      "Plan Rows": 1,
      "Plan Width": 8,
      "Actual Startup Time": 915.596,
      "Actual Total Time": 971.883,
      "Actual Rows": 1,
      "Actual Loops": 1,
      "Plans": [
        {
          "Node Type": "Gather",
          "Parent Relationship": "Outer",
          "Parallel Aware": false,
          "Startup Cost": 354083.67,
          "Total Cost": 354084.28,
          "Plan Rows": 6,
          "Plan Width": 8,
          "Actual Startup Time": 915.368,
          "Actual Total Time": 971.869,
          "Actual Rows": 7,
          "Actual Loops": 1,
          "Workers Planned": 6,
          "Workers Launched": 6,
          "Single Copy": false,
          "Plans": [
            {
              "Node Type": "Aggregate",
              "Strategy": "Plain",
              "Partial Mode": "Partial",
              "Parent Relationship": "Outer",
              "Parallel Aware": false,
              "Startup Cost": 353083.67,
              "Total Cost": 353083.68,
              "Plan Rows": 1,
              "Plan Width": 8,
              "Actual Startup Time": 905.977,
              "Actual Total Time": 905.979,
              "Actual Rows": 1,
              "Actual Loops": 7,
              "Plans": [
                {
                  "Node Type": "Seq Scan",
                  "Parent Relationship": "Outer",
                  "Parallel Aware": true,
                  "Relation Name": "cast_info",
                  "Alias": "ci",
                  "Startup Cost": 0.0,
                  "Total Cost": 343316.27,
                  "Plan Rows": 3906958,
                  "Plan Width": 0,
                  "Actual Startup Time": 236.318,
                  "Actual Total Time": 746.293,
                  "Actual Rows": 3361912,
                  "Actual Loops": 7,
                  "Filter": "((person_id > 20342) AND (role_id > 1))",
                  "Rows Removed by Filter": 1815851
                }
              ]
            }
          ]
        }
      ]
    },
    "Planning Time": 0.219,
    "Triggers": [],
    "Execution Time": 971.938
  }
]