[
  {
    "Plan": {
      "Node Type": "Aggregate",
      "Strategy": "Plain",
      "Partial Mode": "Finalize",
      "Parallel Aware": false,
      "Startup Cost": 200727.29,
      "Total Cost": 200727.3,
      "Plan Rows": 1,
      "Plan Width": 8,
      "Actual Startup Time": 254.038,
      "Actual Total Time": 268.141,
      "Actual Rows": 1,
      "Actual Loops": 1,
      "Plans": [
        {
          "Node Type": "Gather",
          "Parent Relationship": "Outer",
          "Parallel Aware": false,
          "Startup Cost": 200726.66,
          "Total Cost": 200727.27,
          "Plan Rows": 6,
          "Plan Width": 8,
          "Actual Startup Time": 253.953,
          "Actual Total Time": 268.134,
          "Actual Rows": 7,
          "Actual Loops": 1,
          "Workers Planned": 6,
          "Workers Launched": 6,
          "Single Copy": false,
          "Plans": [
            {
              "Node Type": "Aggregate",
              "Strategy": "Plain",
              "Partial Mode": "Partial",
              "Parent Relationship": "Outer",
              "Parallel Aware": false,
              "Startup Cost": 199726.66,
              "Total Cost": 199726.67,
              "Plan Rows": 1,
              "Plan Width": 8,
              "Actual Startup Time": 243.895,
              "Actual Total Time": 243.896,
              "Actual Rows": 1,
              "Actual Loops": 7,
              "Plans": [
                {
                  "Node Type": "Index Scan",
                  "Parent Relationship": "Outer",
                  "Parallel Aware": true,
                  "Scan Direction": "Forward",
                  "Index Name": "role_id_cast_info",
                  "Relation Name": "cast_info",
                  "Alias": "ci",
                  "Startup Cost": 0.56,
                  "Total Cost": 197877.72,
                  "Plan Rows": 739576,
                  "Plan Width": 0,
                  "Actual Startup Time": 0.228,
                  "Actual Total Time": 217.465,
                  "Actual Rows": 539713,
                  "Actual Loops": 7,
                  "Index Cond": "(role_id = 2)",
                  "Rows Removed by Index Recheck": 0,
                  "Filter": "(person_id < 2228068)",
                  "Rows Removed by Filter": 524855
                }
              ]
            }
          ]
        }
      ]
    },
    "Planning Time": 0.232,
    "Triggers": [],
    "Execution Time": 268.205
  }
]