[
  {
    "Plan": {
      "Node Type": "Aggregate",
      "Strategy": "Plain",
      "Partial Mode": "Finalize",
      "Parallel Aware": false,
      "Startup Cost": 349862.78,
      "Total Cost": 349862.79,
      "Plan Rows": 1,
      "Plan Width": 8,
      "Actual Startup Time": 736.333,
      "Actual Total Time": 779.422,
      "Actual Rows": 1,
      "Actual Loops": 1,
      "Plans": [
        {
          "Node Type": "Gather",
          "Parent Relationship": "Outer",
          "Parallel Aware": false,
          "Startup Cost": 349862.15,
          "Total Cost": 349862.76,
          "Plan Rows": 6,
          "Plan Width": 8,
          "Actual Startup Time": 736.146,
          "Actual Total Time": 779.407,
          "Actual Rows": 7,
          "Actual Loops": 1,
          "Workers Planned": 6,
          "Workers Launched": 6,
          "Single Copy": false,
          "Plans": [
            {
              "Node Type": "Aggregate",
              "Strategy": "Plain",
              "Partial Mode": "Partial",
              "Parent Relationship": "Outer",
              "Parallel Aware": false,
              "Startup Cost": 348862.15,
              "Total Cost": 348862.16,
              "Plan Rows": 1,
              "Plan Width": 8,
              "Actual Startup Time": 725.907,
              "Actual Total Time": 725.908,
              "Actual Rows": 1,
              "Actual Loops": 7,
              "Plans": [
                {
                  "Node Type": "Seq Scan",
                  "Parent Relationship": "Outer",
                  "Parallel Aware": true,
                  "Relation Name": "cast_info",
                  "Alias": "ci",
                  "Startup Cost": 0.0,
                  "Total Cost": 343316.27,
                  "Plan Rows": 2218352,
                  "Plan Width": 0,
                  "Actual Startup Time": 162.663,
                  "Actual Total Time": 650.142,
                  "Actual Rows": 1582438,
                  "Actual Loops": 7,
                  "Filter": "((person_id > 1232842) AND (role_id < 3))",
                  "Rows Removed by Filter": 3595325
                }
              ]
            }
          ]
        }
      ]
    },
    "Planning Time": 0.136,
    "Triggers": [],
    "Execution Time": 779.47
  }
]