[
  {
    "Plan": {
      "Node Type": "Aggregate",
      "Strategy": "Plain",
      "Partial Mode": "Finalize",
      "Parallel Aware": false,
      "Startup Cost": 45061.71,
      "Total Cost": 45061.72,
      "Plan Rows": 1,
      "Plan Width": 8,
      "Actual Startup Time": 100.649,
      "Actual Total Time": 113.926,
      "Actual Rows": 1,
      "Actual Loops": 1,
      "Plans": [
        {
          "Node Type": "Gather",
          "Parent Relationship": "Outer",
          "Parallel Aware": false,
          "Startup Cost": 45061.29,
          "Total Cost": 45061.7,
          "Plan Rows": 4,
          "Plan Width": 8,
          "Actual Startup Time": 100.463,
          "Actual Total Time": 113.914,
          "Actual Rows": 5,
          "Actual Loops": 1,
          "Workers Planned": 4,
          "Workers Launched": 4,
          "Single Copy": false,
          "Plans": [
            {
              "Node Type": "Aggregate",
              "Strategy": "Plain",
              "Partial Mode": "Partial",
              "Parent Relationship": "Outer",
              "Parallel Aware": false,
              "Startup Cost": 44061.29,
              "Total Cost": 44061.3,
              "Plan Rows": 1,
              "Plan Width": 8,
              "Actual Startup Time": 90.959,
              "Actual Total Time": 90.96,
              "Actual Rows": 1,
              "Actual Loops": 5,
              "Plans": [
                {
                  "Node Type": "Seq Scan",
                  "Parent Relationship": "Outer",
                  "Parallel Aware": true,
                  "Relation Name": "title",
                  "Alias": "t",
                  "Startup Cost": 0.0,
                  "Total Cost": 43899.32,
                  "Plan Rows": 64787,
                  "Plan Width": 0,
                  "Actual Startup Time": 0.055,
                  "Actual Total Time": 87.876,
                  "Actual Rows": 54780,
                  "Actual Loops": 5,
                  "Filter": "(production_year < 1963)",
                  "Rows Removed by Filter": 450882
                }
              ]
            }
          ]
        }
      ]
    },
    "Planning Time": 0.128,
    "Triggers": [],
    "Execution Time": 113.982
  }
]