[
  {
    "Plan": {
      "Node Type": "Aggregate",
      "Strategy": "Plain",
      "Partial Mode": "Finalize",
      "Parallel Aware": false,
      "Startup Cost": 82603.84,
      "Total Cost": 82603.85,
      "Plan Rows": 1,
      "Plan Width": 8,
      "Actual Startup Time": 390.905,
      "Actual Total Time": 408.43,
      "Actual Rows": 1,
      "Actual Loops": 1,
      "Plans": [
        {
          "Node Type": "Gather",
          "Parent Relationship": "Outer",
          "Parallel Aware": false,
          "Startup Cost": 82603.53,
          "Total Cost": 82603.84,
          "Plan Rows": 3,
          "Plan Width": 8,
          "Actual Startup Time": 385.823,
          "Actual Total Time": 408.42,
          "Actual Rows": 4,
          "Actual Loops": 1,
          "Workers Planned": 3,
          "Workers Launched": 3,
          "Single Copy": false,
          "Plans": [
            {
              "Node Type": "Aggregate",
              "Strategy": "Plain",
              "Partial Mode": "Partial",
              "Parent Relationship": "Outer",
              "Parallel Aware": false,
              "Startup Cost": 81603.53,
              "Total Cost": 81603.54,
              "Plan Rows": 1,
              "Plan Width": 8,
              "Actual Startup Time": 376.878,
              "Actual Total Time": 376.884,
              "Actual Rows": 1,
              "Actual Loops": 4,
              "Plans": [
                {
                  "Node Type": "Hash Join",
                  "Parent Relationship": "Outer",
                  "Parallel Aware": true,
                  "Join Type": "Inner",
                  "Startup Cost": 55775.68,
                  "Total Cost": 81476.38,
                  "Plan Rows": 50860,
                  "Plan Width": 0,
                  "Actual Startup Time": 298.059,
                  "Actual Total Time": 375.402,
                  "Actual Rows": 19074,
                  "Actual Loops": 4,
                  "Inner Unique": true,
                  "Hash Cond": "(mk.movie_id = t.id)",
                  "Plans": [
                    {
                      "Node Type": "Bitmap Heap Scan",
                      "Parent Relationship": "Outer",
                      "Parallel Aware": true,
                      "Relation Name": "movie_keyword",
                      "Alias": "mk",
                      "Startup Cost": 5420.73,
                      "Total Cost": 30905.06,
                      "Plan Rows": 82426,
                      "Plan Width": 4,
                      "Actual Startup Time": 26.859,
                      "Actual Total Time": 74.711,
                      "Actual Rows": 61298,
                      "Actual Loops": 4,
                      "Recheck Cond": "(keyword_id < 212)",
                      "Rows Removed by Index Recheck": 0,
                      "Exact Heap Blocks": 7780,
                      "Lossy Heap Blocks": 0,
                      "Plans": [
                        {
                          "Node Type": "Bitmap Index Scan",
                          "Parent Relationship": "Outer",
                          "Parallel Aware": false,
                          "Index Name": "keyword_id_movie_keyword",
                          "Startup Cost": 0.0,
                          "Total Cost": 5356.85,
                          "Plan Rows": 255522,
                          "Plan Width": 0,
                          "Actual Startup Time": 21.157,
                          "Actual Total Time": 21.158,
                          "Actual Rows": 245191,
                          "Actual Loops": 1,
                          "Index Cond": "(keyword_id < 212)"
                        }
                      ]
                    },
                    {
                      "Node Type": "Hash",
                      "Parent Relationship": "Inner",
                      "Parallel Aware": true,
                      "Startup Cost": 45479.59,
                      "Total Cost": 45479.59,
                      "Plan Rows": 390029,
                      "Plan Width": 4,
                      "Actual Startup Time": 265.837,
                      "Actual Total Time": 265.838,
                      "Actual Rows": 386758,
                      "Actual Loops": 4,
                      "Hash Buckets": 2097152,
                      "Original Hash Buckets": 2097152,
                      "Hash Batches": 1,
                      "Original Hash Batches": 1,
                      "Peak Memory Usage": 76928,
                      "Plans": [
                        {
                          "Node Type": "Seq Scan",
                          "Parent Relationship": "Outer",
                          "Parallel Aware": true,
                          "Relation Name": "title",
                          "Alias": "t",
                          "Startup Cost": 0.0,
                          "Total Cost": 45479.59,
                          "Plan Rows": 390029,
                          "Plan Width": 4,
                          "Actual Startup Time": 0.048,
                          "Actual Total Time": 117.062,
                          "Actual Rows": 386758,
                          "Actual Loops": 4,
                          "Filter": "((kind_id > 2) AND (production_year < 2012))",
                          "Rows Removed by Filter": 245320
                        }
                      ]
                    }
                  ]
                }
              ]
            }
          ]
        }
      ]
    },
    "Planning Time": 0.428,
    "Triggers": [],
    "Execution Time": 408.481
  }
]