{
  "Plan": {
    "Node Type": "Aggregate",
    "Strategy": "Plain",
    "Partial Mode": "Finalize",
    "Parallel Aware": false,
    "Startup Cost": 939179.38,
    "Total Cost": 939179.39,
    "Plan Rows": 1,
    "Plan Width": 128,
    "Actual Startup Time": 7344.473,
    "Actual Total Time": 7448.625,
    "Actual Rows": 1,
    "Actual Loops": 1,
    "Plans": [
      {
        "Node Type": "Gather",
        "Parent Relationship": "Outer",
        "Parallel Aware": false,
        "Startup Cost": 939179.26,
        "Total Cost": 939179.37,
        "Plan Rows": 1,
        "Plan Width": 128,
        "Actual Startup Time": 7321.633,
        "Actual Total Time": 7448.605,
        "Actual Rows": 2,
        "Actual Loops": 1,
        "Workers Planned": 1,
        "Workers Launched": 1,
        "Single Copy": false,
        "Plans": [
          {
            "Node Type": "Aggregate",
            "Strategy": "Plain",
            "Partial Mode": "Partial",
            "Parent Relationship": "Outer",
            "Parallel Aware": false,
            "Startup Cost": 938179.26,
            "Total Cost": 938179.27,
            "Plan Rows": 1,
            "Plan Width": 128,
            "Actual Startup Time": 7318.351,
            "Actual Total Time": 7329.704,
            "Actual Rows": 1,
            "Actual Loops": 2,
            "Plans": [
              {
                "Node Type": "Hash Join",
                "Parent Relationship": "Outer",
                "Parallel Aware": true,
                "Join Type": "Inner",
                "Startup Cost": 326806.96,
                "Total Cost": 937801.72,
                "Plan Rows": 37754,
                "Plan Width": 64,
                "Actual Startup Time": 4495.603,
                "Actual Total Time": 7296.041,
                "Actual Rows": 211745,
                "Actual Loops": 2,
                "Inner Unique": true,
                "Hash Cond": "(mc.company_id = cn.id)",
                "Plans": [
                  {
                    "Node Type": "Hash Join",
                    "Parent Relationship": "Outer",
                    "Parallel Aware": true,
                    "Join Type": "Inner",
                    "Startup Cost": 321457.33,
                    "Total Cost": 932178.85,
                    "Plan Rows": 104091,
                    "Plan Width": 68,
                    "Actual Startup Time": 4450.909,
                    "Actual Total Time": 7195.479,
                    "Actual Rows": 368518,
                    "Actual Loops": 2,
                    "Inner Unique": true,
                    "Hash Cond": "(an.person_id = n.id)",
                    "Plans": [
                      {
                        "Node Type": "Hash Join",
                        "Parent Relationship": "Outer",
                        "Parallel Aware": true,
                        "Join Type": "Inner",
                        "Startup Cost": 228195.26,
                        "Total Cost": 837722.05,
                        "Plan Rows": 455141,
                        "Plan Width": 61,
                        "Actual Startup Time": 3909.067,
                        "Actual Total Time": 6587.288,
                        "Actual Rows": 368686,
                        "Actual Loops": 2,
                        "Inner Unique": false,
                        "Hash Cond": "(ci.person_id = an.person_id)",
                        "Plans": [
                          {
                            "Node Type": "Hash Join",
                            "Parent Relationship": "Outer",
                            "Parallel Aware": true,
                            "Join Type": "Inner",
                            "Startup Cost": 204869.72,
                            "Total Cost": 810991.36,
                            "Plan Rows": 194091,
                            "Plan Width": 41,
                            "Actual Startup Time": 3679.9,
                            "Actual Total Time": 6294.947,
                            "Actual Rows": 165361,
                            "Actual Loops": 2,
                            "Inner Unique": true,
                            "Hash Cond": "(ci.person_role_id = chn.id)",
                            "Plans": [
                              {
                                "Node Type": "Hash Join",
                                "Parent Relationship": "Outer",
                                "Parallel Aware": false,
                                "Join Type": "Inner",
                                "Startup Cost": 126812.0,
                                "Total Cost": 732424.16,
                                "Plan Rows": 194091,
                                "Plan Width": 29,
                                "Actual Startup Time": 2719.654,
                                "Actual Total Time": 5280.077,
                                "Actual Rows": 186701,
                                "Actual Loops": 2,
                                "Inner Unique": true,
                                "Hash Cond": "(ci.role_id = rt.id)",
                                "Plans": [
                                  {
                                    "Node Type": "Hash Join",
                                    "Parent Relationship": "Outer",
                                    "Parallel Aware": true,
                                    "Join Type": "Inner",
                                    "Startup Cost": 126810.84,
                                    "Total Cost": 724149.85,
                                    "Plan Rows": 2329096,
                                    "Plan Width": 33,
                                    "Actual Startup Time": 1889.381,
                                    "Actual Total Time": 5088.433,
                                    "Actual Rows": 3215504,
                                    "Actual Loops": 2,
                                    "Inner Unique": false,
                                    "Hash Cond": "(ci.movie_id = t.id)",
                                    "Plans": [
                                      {
                                        "Node Type": "Seq Scan",
                                        "Parent Relationship": "Outer",
                                        "Parallel Aware": true,
                                        "Relation Name": "cast_info",
                                        "Alias": "ci",
                                        "Startup Cost": 0.0,
                                        "Total Cost": 572354.19,
                                        "Plan Rows": 2256851,
                                        "Plan Width": 16,
                                        "Actual Startup Time": 0.038,
                                        "Actual Total Time": 1963.644,
                                        "Actual Rows": 1906327,
                                        "Actual Loops": 2,
                                        "Filter": "(note = ANY ('{(writer),(producer),(voice),\"(executive producer)\"}'::text[]))",
                                        "Rows Removed by Filter": 16215845
                                      },
                                      {
                                        "Node Type": "Hash",
                                        "Parent Relationship": "Inner",
                                        "Parallel Aware": true,
                                        "Startup Cost": 107626.07,
                                        "Total Cost": 107626.07,
                                        "Plan Rows": 1534782,
                                        "Plan Width": 29,
                                        "Actual Startup Time": 1878.341,
                                        "Actual Total Time": 1889.631,
                                        "Actual Rows": 1304564,
                                        "Actual Loops": 2,
                                        "Hash Buckets": 4194304,
                                        "Original Hash Buckets": 4194304,
                                        "Hash Batches": 1,
                                        "Original Hash Batches": 1,
                                        "Peak Memory Usage": 203136,
                                        "Plans": [
                                          {
                                            "Node Type": "Hash Join",
                                            "Parent Relationship": "Outer",
                                            "Parallel Aware": true,
                                            "Join Type": "Inner",
                                            "Startup Cost": 69459.43,
                                            "Total Cost": 107626.07,
                                            "Plan Rows": 1534782,
                                            "Plan Width": 29,
                                            "Actual Startup Time": 754.03,
                                            "Actual Total Time": 1371.23,
                                            "Actual Rows": 1304564,
                                            "Actual Loops": 2,
                                            "Inner Unique": true,
                                            "Hash Cond": "(mc.movie_id = t.id)",
                                            "Plans": [
                                              {
                                                "Node Type": "Seq Scan",
                                                "Parent Relationship": "Outer",
                                                "Parallel Aware": true,
                                                "Relation Name": "movie_companies",
                                                "Alias": "mc",
                                                "Startup Cost": 0.0,
                                                "Total Cost": 34137.82,
                                                "Plan Rows": 1534782,
                                                "Plan Width": 8,
                                                "Actual Startup Time": 0.013,
                                                "Actual Total Time": 114.842,
                                                "Actual Rows": 1304564,
                                                "Actual Loops": 2
                                              },
                                              {
                                                "Node Type": "Hash",
                                                "Parent Relationship": "Inner",
                                                "Parallel Aware": true,
                                                "Startup Cost": 50869.75,
                                                "Total Cost": 50869.75,
                                                "Plan Rows": 1487175,
                                                "Plan Width": 21,
                                                "Actual Startup Time": 729.856,
                                                "Actual Total Time": 729.858,
                                                "Actual Rows": 1264156,
                                                "Actual Loops": 2,
                                                "Hash Buckets": 4194304,
                                                "Original Hash Buckets": 4194304,
                                                "Hash Batches": 1,
                                                "Original Hash Batches": 1,
                                                "Peak Memory Usage": 174752,
                                                "Plans": [
                                                  {
                                                    "Node Type": "Seq Scan",
                                                    "Parent Relationship": "Outer",
                                                    "Parallel Aware": true,
                                                    "Relation Name": "title",
                                                    "Alias": "t",
                                                    "Startup Cost": 0.0,
                                                    "Total Cost": 50869.75,
                                                    "Plan Rows": 1487175,
                                                    "Plan Width": 21,
                                                    "Actual Startup Time": 0.04,
                                                    "Actual Total Time": 179.394,
                                                    "Actual Rows": 1264156,
                                                    "Actual Loops": 2
                                                  }
                                                ]
                                              }
                                            ]
                                          }
                                        ]
                                      }
                                    ]
                                  },
                                  {
                                    "Node Type": "Hash",
                                    "Parent Relationship": "Inner",
                                    "Parallel Aware": false,
                                    "Startup Cost": 1.15,
                                    "Total Cost": 1.15,
                                    "Plan Rows": 1,
                                    "Plan Width": 4,
                                    "Actual Startup Time": 0.032,
                                    "Actual Total Time": 0.033,
                                    "Actual Rows": 1,
                                    "Actual Loops": 2,
                                    "Hash Buckets": 1024,
                                    "Original Hash Buckets": 1024,
                                    "Hash Batches": 1,
                                    "Original Hash Batches": 1,
                                    "Peak Memory Usage": 9,
                                    "Plans": [
                                      {
                                        "Node Type": "Seq Scan",
                                        "Parent Relationship": "Outer",
                                        "Parallel Aware": false,
                                        "Relation Name": "role_type",
                                        "Alias": "rt",
                                        "Startup Cost": 0.0,
                                        "Total Cost": 1.15,
                                        "Plan Rows": 1,
                                        "Plan Width": 4,
                                        "Actual Startup Time": 0.027,
                                        "Actual Total Time": 0.029,
                                        "Actual Rows": 1,
                                        "Actual Loops": 2,
                                        "Filter": "((role)::text = 'actress'::text)",
                                        "Rows Removed by Filter": 11
                                      }
                                    ]
                                  }
                                ]
                              },
                              {
                                "Node Type": "Hash",
                                "Parent Relationship": "Inner",
                                "Parallel Aware": true,
                                "Startup Cost": 54953.43,
                                "Total Cost": 54953.43,
                                "Plan Rows": 1848343,
                                "Plan Width": 20,
                                "Actual Startup Time": 943.643,
                                "Actual Total Time": 943.644,
                                "Actual Rows": 1570170,
                                "Actual Loops": 2,
                                "Hash Buckets": 4194304,
                                "Original Hash Buckets": 4194304,
                                "Hash Batches": 1,
                                "Original Hash Batches": 1,
                                "Peak Memory Usage": 205088,
                                "Plans": [
                                  {
                                    "Node Type": "Seq Scan",
                                    "Parent Relationship": "Outer",
                                    "Parallel Aware": true,
                                    "Relation Name": "char_name",
                                    "Alias": "chn",
                                    "Startup Cost": 0.0,
                                    "Total Cost": 54953.43,
                                    "Plan Rows": 1848343,
                                    "Plan Width": 20,
                                    "Actual Startup Time": 0.026,
                                    "Actual Total Time": 267.707,
                                    "Actual Rows": 1570170,
                                    "Actual Loops": 2
                                  }
                                ]
                              }
                            ]
                          },
                          {
                            "Node Type": "Hash",
                            "Parent Relationship": "Inner",
                            "Parallel Aware": true,
                            "Startup Cost": 16698.02,
                            "Total Cost": 16698.02,
                            "Plan Rows": 530202,
                            "Plan Width": 20,
                            "Actual Startup Time": 222.619,
                            "Actual Total Time": 222.62,
                            "Actual Rows": 450672,
                            "Actual Loops": 2,
                            "Hash Buckets": 1048576,
                            "Original Hash Buckets": 1048576,
                            "Hash Batches": 1,
                            "Original Hash Batches": 1,
                            "Peak Memory Usage": 58048,
                            "Plans": [
                              {
                                "Node Type": "Seq Scan",
                                "Parent Relationship": "Outer",
                                "Parallel Aware": true,
                                "Relation Name": "aka_name",
                                "Alias": "an",
                                "Startup Cost": 0.0,
                                "Total Cost": 16698.02,
                                "Plan Rows": 530202,
                                "Plan Width": 20,
                                "Actual Startup Time": 0.034,
                                "Actual Total Time": 65.932,
                                "Actual Rows": 450672,
                                "Actual Loops": 2
                              }
                            ]
                          }
                        ]
                      },
                      {
                        "Node Type": "Hash",
                        "Parent Relationship": "Inner",
                        "Parallel Aware": true,
                        "Startup Cost": 86254.38,
                        "Total Cost": 86254.38,
                        "Plan Rows": 560615,
                        "Plan Width": 19,
                        "Actual Startup Time": 537.641,
                        "Actual Total Time": 537.642,
                        "Actual Rows": 480778,
                        "Actual Loops": 2,
                        "Hash Buckets": 1048576,
                        "Original Hash Buckets": 1048576,
                        "Hash Batches": 1,
                        "Original Hash Batches": 1,
                        "Peak Memory Usage": 60544,
                        "Plans": [
                          {
                            "Node Type": "Seq Scan",
                            "Parent Relationship": "Outer",
                            "Parallel Aware": true,
                            "Relation Name": "name",
                            "Alias": "n",
                            "Startup Cost": 0.0,
                            "Total Cost": 86254.38,
                            "Plan Rows": 560615,
                            "Plan Width": 19,
                            "Actual Startup Time": 128.649,
                            "Actual Total Time": 324.022,
                            "Actual Rows": 480778,
                            "Actual Loops": 2,
                            "Filter": "((gender)::text = 'f'::text)",
                            "Rows Removed by Filter": 1602968
                          }
                        ]
                      }
                    ]
                  },
                  {
                    "Node Type": "Hash",
                    "Parent Relationship": "Inner",
                    "Parallel Aware": true,
                    "Startup Cost": 4722.92,
                    "Total Cost": 4722.92,
                    "Plan Rows": 50137,
                    "Plan Width": 4,
                    "Actual Startup Time": 42.117,
                    "Actual Total Time": 42.118,
                    "Actual Rows": 42422,
                    "Actual Loops": 2,
                    "Hash Buckets": 131072,
                    "Original Hash Buckets": 131072,
                    "Hash Batches": 1,
                    "Original Hash Batches": 1,
                    "Peak Memory Usage": 4384,
                    "Plans": [
                      {
                        "Node Type": "Seq Scan",
                        "Parent Relationship": "Outer",
                        "Parallel Aware": true,
                        "Relation Name": "company_name",
                        "Alias": "cn",
                        "Startup Cost": 0.0,
                        "Total Cost": 4722.92,
                        "Plan Rows": 50137,
                        "Plan Width": 4,
                        "Actual Startup Time": 0.036,
                        "Actual Total Time": 26.385,
                        "Actual Rows": 42422,
                        "Actual Loops": 2,
                        "Filter": "((country_code)::text = '[us]'::text)",
                        "Rows Removed by Filter": 75077
                      }
                    ]
                  }
                ]
              }
            ]
          }
        ]
      }
    ]
  },
  "Planning Time": 1.956,
  "Triggers": [],
  "Execution Time": 7448.81
}