[
  {
    "Plan": {
      "Node Type": "Aggregate",
      "Strategy": "Plain",
      "Partial Mode": "Finalize",
      "Parallel Aware": false,
      "Startup Cost": 89852.76,
      "Total Cost": 89852.77,
      "Plan Rows": 1,
      "Plan Width": 8,
      "Actual Startup Time": 385.052,
      "Actual Total Time": 401.995,
      "Actual Rows": 1,
      "Actual Loops": 1,
      "Plans": [
        {
          "Node Type": "Gather",
          "Parent Relationship": "Outer",
          "Parallel Aware": false,
          "Startup Cost": 89852.45,
          "Total Cost": 89852.76,
          "Plan Rows": 3,
          "Plan Width": 8,
          "Actual Startup Time": 380.989,
          "Actual Total Time": 401.984,
          "Actual Rows": 4,
          "Actual Loops": 1,
          "Workers Planned": 3,
          "Workers Launched": 3,
          "Single Copy": false,
          "Plans": [
            {
              "Node Type": "Aggregate",
              "Strategy": "Plain",
              "Partial Mode": "Partial",
              "Parent Relationship": "Outer",
              "Parallel Aware": false,
              "Startup Cost": 88852.45,
              "Total Cost": 88852.46,
              "Plan Rows": 1,
              "Plan Width": 8,
              "Actual Startup Time": 373.232,
              "Actual Total Time": 373.236,
              "Actual Rows": 1,
              "Actual Loops": 4,
              "Plans": [
                {
                  "Node Type": "Hash Join",
                  "Parent Relationship": "Outer",
                  "Parallel Aware": true,
                  "Join Type": "Inner",
                  "Startup Cost": 60973.41,
                  "Total Cost": 88644.95,
                  "Plan Rows": 83000,
                  "Plan Width": 0,
                  "Actual Startup Time": 239.327,
                  "Actual Total Time": 365.727,
                  "Actual Rows": 147305,
                  "Actual Loops": 4,
                  "Inner Unique": true,
                  "Hash Cond": "(mk.movie_id = t.id)",
                  "Plans": [
                    {
                      "Node Type": "Bitmap Heap Scan",
                      "Parent Relationship": "Outer",
                      "Parallel Aware": true,
                      "Relation Name": "movie_keyword",
                      "Alias": "mk",
                      "Startup Cost": 13991.26,
                      "Total Cost": 41104.38,
                      "Plan Rows": 212730,
                      "Plan Width": 4,
                      "Actual Startup Time": 41.402,
                      "Actual Total Time": 106.443,
                      "Actual Rows": 166065,
                      "Actual Loops": 4,
                      "Recheck Cond": "(keyword_id < 519)",
                      "Rows Removed by Index Recheck": 0,
                      "Exact Heap Blocks": 5181,
                      "Lossy Heap Blocks": 0,
                      "Plans": [
                        {
                          "Node Type": "Bitmap Index Scan",
                          "Parent Relationship": "Outer",
                          "Parallel Aware": false,
                          "Index Name": "keyword_id_movie_keyword",
                          "Startup Cost": 0.0,
                          "Total Cost": 13826.4,
                          "Plan Rows": 659462,
                          "Plan Width": 0,
                          "Actual Startup Time": 37.618,
                          "Actual Total Time": 37.619,
                          "Actual Rows": 664261,
                          "Actual Loops": 1,
                          "Index Cond": "(keyword_id < 519)"
                        }
                      ]
                    },
                    {
                      "Node Type": "Hash",
                      "Parent Relationship": "Inner",
                      "Parallel Aware": true,
                      "Startup Cost": 43899.32,
                      "Total Cost": 43899.32,
                      "Plan Rows": 246626,
                      "Plan Width": 4,
                      "Actual Startup Time": 194.627,
                      "Actual Total Time": 194.628,
                      "Actual Rows": 246262,
                      "Actual Loops": 4,
                      "Hash Buckets": 1048576,
                      "Original Hash Buckets": 1048576,
                      "Hash Batches": 1,
                      "Original Hash Batches": 1,
                      "Peak Memory Usage": 46816,
                      "Plans": [
                        {
                          "Node Type": "Seq Scan",
                          "Parent Relationship": "Outer",
                          "Parallel Aware": true,
                          "Relation Name": "title",
                          "Alias": "t",
                          "Startup Cost": 0.0,
                          "Total Cost": 43899.32,
                          "Plan Rows": 246626,
                          "Plan Width": 4,
                          "Actual Startup Time": 0.033,
                          "Actual Total Time": 107.287,
                          "Actual Rows": 246262,
                          "Actual Loops": 4,
                          "Filter": "(kind_id < 7)",
                          "Rows Removed by Filter": 385816
                        }
                      ]
                    }
                  ]
                }
              ]
            }
          ]
        }
      ]
    },
    "Planning Time": 0.293,
    "Triggers": [],
    "Execution Time": 402.046
  }
]