[
  {
    "Plan": {
      "Node Type": "Aggregate",
      "Strategy": "Plain",
      "Partial Mode": "Simple",
      "Parallel Aware": false,
      "Startup Cost": 11232.21,
      "Total Cost": 11232.22,
      "Plan Rows": 1,
      "Plan Width": 128,
      "Actual Startup Time": 1386.703,
      "Actual Total Time": 1386.712,
      "Actual Rows": 1,
      "Actual Loops": 1,
      "Plans": [
        {
          "Node Type": "Nested Loop",
          "Parent Relationship": "Outer",
          "Parallel Aware": false,
          "Join Type": "Inner",
          "Startup Cost": 13.76,
          "Total Cost": 11232.2,
          "Plan Rows": 1,
          "Plan Width": 81,
          "Actual Startup Time": 86.149,
          "Actual Total Time": 1386.593,
          "Actual Rows": 139,
          "Actual Loops": 1,
          "Inner Unique": true,
          "Plans": [
            {
              "Node Type": "Nested Loop",
              "Parent Relationship": "Outer",
              "Parallel Aware": false,
              "Join Type": "Inner",
              "Startup Cost": 13.63,
              "Total Cost": 11232.03,
              "Plan Rows": 1,
              "Plan Width": 85,
              "Actual Startup Time": 75.731,
              "Actual Total Time": 1386.135,
              "Actual Rows": 249,
              "Actual Loops": 1,
              "Inner Unique": true,
              "Plans": [
                {
                  "Node Type": "Nested Loop",
                  "Parent Relationship": "Outer",
                  "Parallel Aware": false,
                  "Join Type": "Inner",
                  "Startup Cost": 13.2,
                  "Total Cost": 11231.37,
                  "Plan Rows": 1,
                  "Plan Width": 74,
                  "Actual Startup Time": 34.013,
                  "Actual Total Time": 1378.737,
                  "Actual Rows": 643,
                  "Actual Loops": 1,
                  "Inner Unique": true,
                  "Join Filter": "(mi.info_type_id = it1.id)",
                  "Rows Removed by Join Filter": 110,
                  "Plans": [
                    {
                      "Node Type": "Nested Loop",
                      "Parent Relationship": "Outer",
                      "Parallel Aware": false,
                      "Join Type": "Inner",
                      "Startup Cost": 13.2,
                      "Total Cost": 11228.94,
                      "Plan Rows": 1,
                      "Plan Width": 78,
                      "Actual Startup Time": 34.001,
                      "Actual Total Time": 1374.846,
                      "Actual Rows": 753,
                      "Actual Loops": 1,
                      "Inner Unique": true,
                      "Plans": [
                        {
                          "Node Type": "Nested Loop",
                          "Parent Relationship": "Outer",
                          "Parallel Aware": false,
                          "Join Type": "Inner",
                          "Startup Cost": 13.07,
                          "Total Cost": 11228.78,
                          "Plan Rows": 1,
                          "Plan Width": 82,
                          "Actual Startup Time": 33.989,
                          "Actual Total Time": 1373.502,
                          "Actual Rows": 753,
                          "Actual Loops": 1,
                          "Inner Unique": false,
                          "Join Filter": "(t.id = mi.movie_id)",
                          "Rows Removed by Join Filter": 0,
                          "Plans": [
                            {
                              "Node Type": "Nested Loop",
                              "Parent Relationship": "Outer",
                              "Parallel Aware": false,
                              "Join Type": "Inner",
                              "Startup Cost": 12.63,
                              "Total Cost": 11227.34,
                              "Plan Rows": 1,
                              "Plan Width": 55,
                              "Actual Startup Time": 6.237,
                              "Actual Total Time": 1262.905,
                              "Actual Rows": 2782,
                              "Actual Loops": 1,
                              "Inner Unique": false,
                              "Join Filter": "(t.id = ci.movie_id)",
                              "Rows Removed by Join Filter": 0,
                              "Plans": [
                                {
                                  "Node Type": "Nested Loop",
                                  "Parent Relationship": "Outer",
                                  "Parallel Aware": false,
                                  "Join Type": "Inner",
                                  "Startup Cost": 12.07,
                                  "Total Cost": 11225.54,
                                  "Plan Rows": 1,
                                  "Plan Width": 47,
                                  "Actual Startup Time": 5.876,
                                  "Actual Total Time": 704.584,
                                  "Actual Rows": 7157,
                                  "Actual Loops": 1,
                                  "Inner Unique": false,
                                  "Join Filter": "(t.id = cc.movie_id)",
                                  "Rows Removed by Join Filter": 0,
                                  "Plans": [
                                    {
                                      "Node Type": "Nested Loop",
                                      "Parent Relationship": "Outer",
                                      "Parallel Aware": false,
                                      "Join Type": "Inner",
                                      "Startup Cost": 11.65,
                                      "Total Cost": 11225.06,
                                      "Plan Rows": 1,
                                      "Plan Width": 35,
                                      "Actual Startup Time": 5.825,
                                      "Actual Total Time": 677.962,
                                      "Actual Rows": 5798,
                                      "Actual Loops": 1,
                                      "Inner Unique": false,
                                      "Join Filter": "(mi_idx.info_type_id = it2.id)",
                                      "Rows Removed by Join Filter": 11677,
                                      "Plans": [
                                        {
                                          "Node Type": "Seq Scan",
                                          "Parent Relationship": "Outer",
                                          "Parallel Aware": false,
                                          "Relation Name": "info_type",
                                          "Alias": "it2",
                                          "Startup Cost": 0.0,
                                          "Total Cost": 2.41,
                                          "Plan Rows": 1,
                                          "Plan Width": 4,
                                          "Actual Startup Time": 0.024,
                                          "Actual Total Time": 0.027,
                                          "Actual Rows": 1,
                                          "Actual Loops": 1,
                                          "Filter": "((info)::text = 'votes'::text)",
                                          "Rows Removed by Filter": 112
                                        },
                                        {
                                          "Node Type": "Nested Loop",
                                          "Parent Relationship": "Inner",
                                          "Parallel Aware": false,
                                          "Join Type": "Inner",
                                          "Startup Cost": 11.65,
                                          "Total Cost": 11221.8,
                                          "Plan Rows": 68,
                                          "Plan Width": 39,
                                          "Actual Startup Time": 5.797,
                                          "Actual Total Time": 676.194,
                                          "Actual Rows": 17475,
                                          "Actual Loops": 1,
                                          "Inner Unique": false,
                                          "Join Filter": "(t.id = mi_idx.movie_id)",
                                          "Rows Removed by Join Filter": 0,
                                          "Plans": [
                                            {
                                              "Node Type": "Nested Loop",
                                              "Parent Relationship": "Outer",
                                              "Parallel Aware": false,
                                              "Join Type": "Inner",
                                              "Startup Cost": 11.22,
                                              "Total Cost": 11209.61,
                                              "Plan Rows": 23,
                                              "Plan Width": 25,
                                              "Actual Startup Time": 5.733,
                                              "Actual Total Time": 632.778,
                                              "Actual Rows": 7301,
                                              "Actual Loops": 1,
                                              "Inner Unique": true,
                                              "Plans": [
                                                {
                                                  "Node Type": "Nested Loop",
                                                  "Parent Relationship": "Outer",
                                                  "Parallel Aware": false,
                                                  "Join Type": "Inner",
                                                  "Startup Cost": 10.79,
                                                  "Total Cost": 11094.02,
                                                  "Plan Rows": 236,
                                                  "Plan Width": 4,
                                                  "Actual Startup Time": 4.636,
                                                  "Actual Total Time": 235.119,
                                                  "Actual Rows": 76714,
                                                  "Actual Loops": 1,
                                                  "Inner Unique": false,
                                                  "Plans": [
                                                    {
                                                      "Node Type": "Seq Scan",
                                                      "Parent Relationship": "Outer",
                                                      "Parallel Aware": false,
                                                      "Relation Name": "keyword",
                                                      "Alias": "k",
                                                      "Startup Cost": 0.0,
                                                      "Total Cost": 3464.69,
                                                      "Plan Rows": 7,
                                                      "Plan Width": 4,
                                                      "Actual Startup Time": 1.156,
                                                      "Actual Total Time": 22.677,
                                                      "Actual Rows": 7,
                                                      "Actual Loops": 1,
                                                      "Filter": "(keyword = ANY ('{murder,violence,blood,gore,death,female-nudity,hospital}'::text[]))",
                                                      "Rows Removed by Filter": 134163
                                                    },
                                                    {
                                                      "Node Type": "Bitmap Heap Scan",
                                                      "Parent Relationship": "Inner",
                                                      "Parallel Aware": false,
                                                      "Relation Name": "movie_keyword",
                                                      "Alias": "mk",
                                                      "Startup Cost": 10.79,
                                                      "Total Cost": 1086.86,
                                                      "Plan Rows": 304,
                                                      "Plan Width": 8,
                                                      "Actual Startup Time": 2.29,
                                                      "Actual Total Time": 28.755,
                                                      "Actual Rows": 10959,
                                                      "Actual Loops": 7,
                                                      "Recheck Cond": "(keyword_id = k.id)",
                                                      "Rows Removed by Index Recheck": 0,
                                                      "Exact Heap Blocks": 53234,
                                                      "Lossy Heap Blocks": 0,
                                                      "Plans": [
                                                        {
                                                          "Node Type": "Bitmap Index Scan",
                                                          "Parent Relationship": "Outer",
                                                          "Parallel Aware": false,
                                                          "Index Name": "keyword_id_movie_keyword",
                                                          "Startup Cost": 0.0,
                                                          "Total Cost": 10.71,
                                                          "Plan Rows": 304,
                                                          "Plan Width": 0,
                                                          "Actual Startup Time": 1.436,
                                                          "Actual Total Time": 1.436,
                                                          "Actual Rows": 10959,
                                                          "Actual Loops": 7,
                                                          "Index Cond": "(keyword_id = k.id)"
                                                        }
                                                      ]
                                                    }
                                                  ]
                                                },
                                                {
                                                  "Node Type": "Index Scan",
                                                  "Parent Relationship": "Inner",
                                                  "Parallel Aware": false,
                                                  "Scan Direction": "Forward",
                                                  "Index Name": "title_pkey",
                                                  "Relation Name": "title",
                                                  "Alias": "t",
                                                  "Startup Cost": 0.43,
                                                  "Total Cost": 0.49,
                                                  "Plan Rows": 1,
                                                  "Plan Width": 21,
                                                  "Actual Startup Time": 0.005,
                                                  "Actual Total Time": 0.005,
                                                  "Actual Rows": 0,
                                                  "Actual Loops": 76714,
                                                  "Index Cond": "(id = mk.movie_id)",
                                                  "Rows Removed by Index Recheck": 0,
                                                  "Filter": "(production_year < 1960)",
                                                  "Rows Removed by Filter": 1
                                                }
                                              ]
                                            },
                                            {
                                              "Node Type": "Index Scan",
                                              "Parent Relationship": "Inner",
                                              "Parallel Aware": false,
                                              "Scan Direction": "Forward",
                                              "Index Name": "movie_id_movie_info_idx",
                                              "Relation Name": "movie_info_idx",
                                              "Alias": "mi_idx",
                                              "Startup Cost": 0.43,
                                              "Total Cost": 0.49,
                                              "Plan Rows": 3,
                                              "Plan Width": 14,
                                              "Actual Startup Time": 0.005,
                                              "Actual Total Time": 0.005,
                                              "Actual Rows": 2,
                                              "Actual Loops": 7301,
                                              "Index Cond": "(movie_id = mk.movie_id)",
                                              "Rows Removed by Index Recheck": 0
                                            }
                                          ]
                                        }
                                      ]
                                    },
                                    {
                                      "Node Type": "Index Scan",
                                      "Parent Relationship": "Inner",
                                      "Parallel Aware": false,
                                      "Scan Direction": "Forward",
                                      "Index Name": "movie_id_complete_cast",
                                      "Relation Name": "complete_cast",
                                      "Alias": "cc",
                                      "Startup Cost": 0.42,
                                      "Total Cost": 0.46,
                                      "Plan Rows": 2,
                                      "Plan Width": 12,
                                      "Actual Startup Time": 0.003,
                                      "Actual Total Time": 0.004,
                                      "Actual Rows": 1,
                                      "Actual Loops": 5798,
                                      "Index Cond": "(movie_id = mk.movie_id)",
                                      "Rows Removed by Index Recheck": 0
                                    }
                                  ]
                                },
                                {
                                  "Node Type": "Index Scan",
                                  "Parent Relationship": "Inner",
                                  "Parallel Aware": false,
                                  "Scan Direction": "Forward",
                                  "Index Name": "movie_id_cast_info",
                                  "Relation Name": "cast_info",
                                  "Alias": "ci",
                                  "Startup Cost": 0.56,
                                  "Total Cost": 1.78,
                                  "Plan Rows": 1,
                                  "Plan Width": 8,
                                  "Actual Startup Time": 0.073,
                                  "Actual Total Time": 0.078,
                                  "Actual Rows": 0,
                                  "Actual Loops": 7157,
                                  "Index Cond": "(movie_id = mk.movie_id)",
                                  "Rows Removed by Index Recheck": 0,
                                  "Filter": "(note = ANY ('{(writer),\"(head writer)\",\"(written by)\",(story),\"(story editor)\"}'::text[]))",
                                  "Rows Removed by Filter": 45
                                }
                              ]
                            },
                            {
                              "Node Type": "Index Scan",
                              "Parent Relationship": "Inner",
                              "Parallel Aware": false,
                              "Scan Direction": "Forward",
                              "Index Name": "movie_id_movie_info",
                              "Relation Name": "movie_info",
                              "Alias": "mi",
                              "Startup Cost": 0.43,
                              "Total Cost": 1.43,
                              "Plan Rows": 1,
                              "Plan Width": 51,
                              "Actual Startup Time": 0.039,
                              "Actual Total Time": 0.039,
                              "Actual Rows": 0,
                              "Actual Loops": 2782,
                              "Index Cond": "(movie_id = mk.movie_id)",
                              "Rows Removed by Index Recheck": 0,
                              "Filter": "(info = ANY ('{Horror,Thriller}'::text[]))",
                              "Rows Removed by Filter": 43
                            }
                          ]
                        },
                        {
                          "Node Type": "Index Scan",
                          "Parent Relationship": "Inner",
                          "Parallel Aware": false,
                          "Scan Direction": "Forward",
                          "Index Name": "comp_cast_type_pkey",
                          "Relation Name": "comp_cast_type",
                          "Alias": "cct1",
                          "Startup Cost": 0.13,
                          "Total Cost": 0.15,
                          "Plan Rows": 1,
                          "Plan Width": 4,
                          "Actual Startup Time": 0.001,
                          "Actual Total Time": 0.001,
                          "Actual Rows": 1,
                          "Actual Loops": 753,
                          "Index Cond": "(id = cc.subject_id)",
                          "Rows Removed by Index Recheck": 0,
                          "Filter": "((kind)::text = ANY ('{cast,crew}'::text[]))",
                          "Rows Removed by Filter": 0
                        }
                      ]
                    },
                    {
                      "Node Type": "Seq Scan",
                      "Parent Relationship": "Inner",
                      "Parallel Aware": false,
                      "Relation Name": "info_type",
                      "Alias": "it1",
                      "Startup Cost": 0.0,
                      "Total Cost": 2.41,
                      "Plan Rows": 1,
                      "Plan Width": 4,
                      "Actual Startup Time": 0.002,
                      "Actual Total Time": 0.003,
                      "Actual Rows": 1,
                      "Actual Loops": 753,
                      "Filter": "((info)::text = 'genres'::text)",
                      "Rows Removed by Filter": 18
                    }
                  ]
                },
                {
                  "Node Type": "Index Scan",
                  "Parent Relationship": "Inner",
                  "Parallel Aware": false,
                  "Scan Direction": "Forward",
                  "Index Name": "name_pkey",
                  "Relation Name": "name",
                  "Alias": "n",
                  "Startup Cost": 0.43,
                  "Total Cost": 0.67,
                  "Plan Rows": 1,
                  "Plan Width": 19,
                  "Actual Startup Time": 0.011,
                  "Actual Total Time": 0.011,
                  "Actual Rows": 0,
                  "Actual Loops": 643,
                  "Index Cond": "(id = ci.person_id)",
                  "Rows Removed by Index Recheck": 0,
                  "Filter": "((gender)::text = 'm'::text)",
                  "Rows Removed by Filter": 1
                }
              ]
            },
            {
              "Node Type": "Index Scan",
              "Parent Relationship": "Inner",
              "Parallel Aware": false,
              "Scan Direction": "Forward",
              "Index Name": "comp_cast_type_pkey",
              "Relation Name": "comp_cast_type",
              "Alias": "cct2",
              "Startup Cost": 0.13,
              "Total Cost": 0.15,
              "Plan Rows": 1,
              "Plan Width": 4,
              "Actual Startup Time": 0.001,
              "Actual Total Time": 0.001,
              "Actual Rows": 1,
              "Actual Loops": 249,
              "Index Cond": "(id = cc.status_id)",
              "Rows Removed by Index Recheck": 0,
              "Filter": "((kind)::text = 'complete+verified'::text)",
              "Rows Removed by Filter": 0
            }
          ]
        }
      ]
    },
    "Planning Time": 129.383,
    "Triggers": [],
    "Execution Time": 1387.228
  }
]