[
  {
    "Plan": {
      "Node Type": "Aggregate",
      "Strategy": "Plain",
      "Partial Mode": "Finalize",
      "Parallel Aware": false,
      "Startup Cost": 175542.31,
      "Total Cost": 175542.32,
      "Plan Rows": 1,
      "Plan Width": 8,
      "Actual Startup Time": 98.17,
      "Actual Total Time": 110.486,
      "Actual Rows": 1,
      "Actual Loops": 1,
      "Plans": [
        {
          "Node Type": "Gather",
          "Parent Relationship": "Outer",
          "Parallel Aware": false,
          "Startup Cost": 175541.89,
          "Total Cost": 175542.3,
          "Plan Rows": 4,
          "Plan Width": 8,
          "Actual Startup Time": 97.482,
          "Actual Total Time": 110.476,
          "Actual Rows": 5,
          "Actual Loops": 1,
          "Workers Planned": 4,
          "Workers Launched": 4,
          "Single Copy": false,
          "Plans": [
            {
              "Node Type": "Aggregate",
              "Strategy": "Plain",
              "Partial Mode": "Partial",
              "Parent Relationship": "Outer",
              "Parallel Aware": false,
              "Startup Cost": 174541.89,
              "Total Cost": 174541.9,
              "Plan Rows": 1,
              "Plan Width": 8,
              "Actual Startup Time": 88.606,
              "Actual Total Time": 88.608,
              "Actual Rows": 1,
              "Actual Loops": 5,
              "Plans": [
                {
                  "Node Type": "Nested Loop",
                  "Parent Relationship": "Outer",
                  "Parallel Aware": false,
                  "Join Type": "Inner",
                  "Startup Cost": 1699.22,
                  "Total Cost": 174522.25,
                  "Plan Rows": 7856,
                  "Plan Width": 0,
                  "Actual Startup Time": 21.189,
                  "Actual Total Time": 87.758,
                  "Actual Rows": 6582,
                  "Actual Loops": 5,
                  "Inner Unique": false,
                  "Plans": [
                    {
                      "Node Type": "Bitmap Heap Scan",
                      "Parent Relationship": "Outer",
                      "Parallel Aware": true,
                      "Relation Name": "title",
                      "Alias": "t",
                      "Startup Cost": 1698.79,
                      "Total Cost": 38053.29,
                      "Plan Rows": 1338,
                      "Plan Width": 4,
                      "Actual Startup Time": 20.95,
                      "Actual Total Time": 54.524,
                      "Actual Rows": 884,
                      "Actual Loops": 5,
                      "Recheck Cond": "(kind_id = 2)",
                      "Rows Removed by Index Recheck": 0,
                      "Filter": "(production_year = 2010)",
                      "Rows Removed by Filter": 17286,
                      "Exact Heap Blocks": 12639,
                      "Lossy Heap Blocks": 0,
                      "Plans": [
                        {
                          "Node Type": "Bitmap Index Scan",
                          "Parent Relationship": "Outer",
                          "Parallel Aware": false,
                          "Index Name": "kind_id_title",
                          "Startup Cost": 0.0,
                          "Total Cost": 1697.45,
                          "Plan Rows": 95069,
                          "Plan Width": 0,
                          "Actual Startup Time": 21.108,
                          "Actual Total Time": 21.108,
                          "Actual Rows": 90852,
                          "Actual Loops": 1,
                          "Index Cond": "(kind_id = 2)"
                        }
                      ]
                    },
                    {
                      "Node Type": "Index Only Scan",
                      "Parent Relationship": "Inner",
                      "Parallel Aware": false,
                      "Scan Direction": "Forward",
                      "Index Name": "movie_id_movie_info",
                      "Relation Name": "movie_info",
                      "Alias": "mi",
                      "Startup Cost": 0.43,
                      "Total Cost": 101.58,
                      "Plan Rows": 41,
                      "Plan Width": 4,
                      "Actual Startup Time": 0.015,
                      "Actual Total Time": 0.036,
                      "Actual Rows": 7,
                      "Actual Loops": 4420,
                      "Index Cond": "(movie_id = t.id)",
                      "Rows Removed by Index Recheck": 0,
                      "Heap Fetches": 32912
                    }
                  ]
                }
              ]
            }
          ]
        }
      ]
    },
    "Planning Time": 0.653,
    "Triggers": [],
    "Execution Time": 110.57
  }
]