[
  {
    "Plan": {
      "Node Type": "Aggregate",
      "Strategy": "Plain",
      "Partial Mode": "Finalize",
      "Parallel Aware": false,
      "Startup Cost": 249786.24,
      "Total Cost": 249786.25,
      "Plan Rows": 1,
      "Plan Width": 8,
      "Actual Startup Time": 1023.17,
      "Actual Total Time": 1046.677,
      "Actual Rows": 1,
      "Actual Loops": 1,
      "Plans": [
        {
          "Node Type": "Gather",
          "Parent Relationship": "Outer",
          "Parallel Aware": false,
          "Startup Cost": 249785.72,
          "Total Cost": 249786.23,
          "Plan Rows": 5,
          "Plan Width": 8,
          "Actual Startup Time": 1016.813,
          "Actual Total Time": 1046.667,
          "Actual Rows": 6,
          "Actual Loops": 1,
          "Workers Planned": 5,
          "Workers Launched": 5,
          "Single Copy": false,
          "Plans": [
            {
              "Node Type": "Aggregate",
              "Strategy": "Plain",
              "Partial Mode": "Partial",
              "Parent Relationship": "Outer",
              "Parallel Aware": false,
              "Startup Cost": 248785.72,
              "Total Cost": 248785.73,
              "Plan Rows": 1,
              "Plan Width": 8,
              "Actual Startup Time": 1007.817,
              "Actual Total Time": 1007.82,
              "Actual Rows": 1,
              "Actual Loops": 6,
              "Plans": [
                {
                  "Node Type": "Hash Join",
                  "Parent Relationship": "Outer",
                  "Parallel Aware": true,
                  "Join Type": "Inner",
                  "Startup Cost": 47577.15,
                  "Total Cost": 246826.77,
                  "Plan Rows": 783579,
                  "Plan Width": 0,
                  "Actual Startup Time": 128.645,
                  "Actual Total Time": 938.784,
                  "Actual Rows": 1397760,
                  "Actual Loops": 6,
                  "Inner Unique": true,
                  "Hash Cond": "(mi.movie_id = t.id)",
                  "Plans": [
                    {
                      "Node Type": "Seq Scan",
                      "Parent Relationship": "Outer",
                      "Parallel Aware": true,
                      "Relation Name": "movie_info",
                      "Alias": "mi",
                      "Startup Cost": 0.0,
                      "Total Cost": 191503.19,
                      "Plan Rows": 2951019,
                      "Plan Width": 4,
                      "Actual Startup Time": 0.017,
                      "Actual Total Time": 290.006,
                      "Actual Rows": 2472620,
                      "Actual Loops": 6
                    },
                    {
                      "Node Type": "Hash",
                      "Parent Relationship": "Inner",
                      "Parallel Aware": true,
                      "Startup Cost": 45479.21,
                      "Total Cost": 45479.21,
                      "Plan Rows": 167835,
                      "Plan Width": 4,
                      "Actual Startup Time": 123.831,
                      "Actual Total Time": 123.831,
                      "Actual Rows": 112922,
                      "Actual Loops": 6,
                      "Hash Buckets": 1048576,
                      "Original Hash Buckets": 1048576,
                      "Hash Batches": 1,
                      "Original Hash Batches": 1,
                      "Peak Memory Usage": 34816,
                      "Plans": [
                        {
                          "Node Type": "Seq Scan",
                          "Parent Relationship": "Outer",
                          "Parallel Aware": true,
                          "Relation Name": "title",
                          "Alias": "t",
                          "Startup Cost": 0.0,
                          "Total Cost": 45479.21,
                          "Plan Rows": 167835,
                          "Plan Width": 4,
                          "Actual Startup Time": 0.033,
                          "Actual Total Time": 75.136,
                          "Actual Rows": 112922,
                          "Actual Loops": 6,
                          "Filter": "((kind_id < 3) AND (production_year < 2012))",
                          "Rows Removed by Filter": 308463
                        }
                      ]
                    }
                  ]
                }
              ]
            }
          ]
        }
      ]
    },
    "Planning Time": 0.568,
    "Triggers": [],
    "Execution Time": 1046.744
  }
]