[
  {
    "Plan": {
      "Node Type": "Aggregate",
      "Strategy": "Plain",
      "Partial Mode": "Finalize",
      "Parallel Aware": false,
      "Startup Cost": 341344.33,
      "Total Cost": 341344.34,
      "Plan Rows": 1,
      "Plan Width": 8,
      "Actual Startup Time": 875.318,
      "Actual Total Time": 932.8,
      "Actual Rows": 1,
      "Actual Loops": 1,
      "Plans": [
        {
          "Node Type": "Gather",
          "Parent Relationship": "Outer",
          "Parallel Aware": false,
          "Startup Cost": 341343.71,
          "Total Cost": 341344.32,
          "Plan Rows": 6,
          "Plan Width": 8,
          "Actual Startup Time": 875.186,
          "Actual Total Time": 932.789,
          "Actual Rows": 7,
          "Actual Loops": 1,
          "Workers Planned": 6,
          "Workers Launched": 6,
          "Single Copy": false,
          "Plans": [
            {
              "Node Type": "Aggregate",
              "Strategy": "Plain",
              "Partial Mode": "Partial",
              "Parent Relationship": "Outer",
              "Parallel Aware": false,
              "Startup Cost": 340343.71,
              "Total Cost": 340343.72,
              "Plan Rows": 1,
              "Plan Width": 8,
              "Actual Startup Time": 868.076,
              "Actual Total Time": 868.077,
              "Actual Rows": 1,
              "Actual Loops": 7,
              "Plans": [
                {
                  "Node Type": "Seq Scan",
                  "Parent Relationship": "Outer",
                  "Parallel Aware": true,
                  "Relation Name": "cast_info",
                  "Alias": "ci",
                  "Startup Cost": 0.0,
                  "Total Cost": 328162.03,
                  "Plan Rows": 4872673,
                  "Plan Width": 0,
                  "Actual Startup Time": 85.876,
                  "Actual Total Time": 672.421,
                  "Actual Rows": 4154641,
                  "Actual Loops": 7,
                  "Filter": "(person_id > 692261)",
                  "Rows Removed by Filter": 1023122
                }
              ]
            }
          ]
        }
      ]
    },
    "Planning Time": 0.103,
    "Triggers": [],
    "Execution Time": 932.847
  }
]