[
  {
    "Plan": {
      "Node Type": "Aggregate",
      "Strategy": "Plain",
      "Partial Mode": "Finalize",
      "Parallel Aware": false,
      "Startup Cost": 281866.75,
      "Total Cost": 281866.76,
      "Plan Rows": 1,
      "Plan Width": 8,
      "Actual Startup Time": 134.132,
      "Actual Total Time": 140.963,
      "Actual Rows": 1,
      "Actual Loops": 1,
      "Plans": [
        {
          "Node Type": "Gather",
          "Parent Relationship": "Outer",
          "Parallel Aware": false,
          "Startup Cost": 281866.13,
          "Total Cost": 281866.74,
          "Plan Rows": 6,
          "Plan Width": 8,
          "Actual Startup Time": 133.465,
          "Actual Total Time": 140.955,
          "Actual Rows": 7,
          "Actual Loops": 1,
          "Workers Planned": 6,
          "Workers Launched": 6,
          "Single Copy": false,
          "Plans": [
            {
              "Node Type": "Aggregate",
              "Strategy": "Plain",
              "Partial Mode": "Partial",
              "Parent Relationship": "Outer",
              "Parallel Aware": false,
              "Startup Cost": 280866.13,
              "Total Cost": 280866.14,
              "Plan Rows": 1,
              "Plan Width": 8,
              "Actual Startup Time": 122.513,
              "Actual Total Time": 122.514,
              "Actual Rows": 1,
              "Actual Loops": 7,
              "Plans": [
                {
                  "Node Type": "Bitmap Heap Scan",
                  "Parent Relationship": "Outer",
                  "Parallel Aware": true,
                  "Relation Name": "cast_info",
                  "Alias": "ci",
                  "Startup Cost": 25314.11,
                  "Total Cost": 280388.62,
                  "Plan Rows": 191001,
                  "Plan Width": 0,
                  "Actual Startup Time": 53.186,
                  "Actual Total Time": 111.82,
                  "Actual Rows": 158933,
                  "Actual Loops": 7,
                  "Recheck Cond": "(person_id > 3845796)",
                  "Rows Removed by Index Recheck": 0,
                  "Exact Heap Blocks": 4993,
                  "Lossy Heap Blocks": 0,
                  "Plans": [
                    {
                      "Node Type": "Bitmap Index Scan",
                      "Parent Relationship": "Outer",
                      "Parallel Aware": false,
                      "Index Name": "person_id_cast_info",
                      "Startup Cost": 0.0,
                      "Total Cost": 25027.61,
                      "Plan Rows": 1146006,
                      "Plan Width": 0,
                      "Actual Startup Time": 60.351,
                      "Actual Total Time": 60.351,
                      "Actual Rows": 1112531,
                      "Actual Loops": 1,
                      "Index Cond": "(person_id > 3845796)"
                    }
                  ]
                }
              ]
            }
          ]
        }
      ]
    },
    "Planning Time": 0.179,
    "Triggers": [],
    "Execution Time": 141.036
  }
]