[
  {
    "Plan": {
      "Node Type": "Aggregate",
      "Strategy": "Plain",
      "Partial Mode": "Finalize",
      "Parallel Aware": false,
      "Startup Cost": 344240.99,
      "Total Cost": 344241.0,
      "Plan Rows": 1,
      "Plan Width": 8,
      "Actual Startup Time": 1066.239,
      "Actual Total Time": 1139.064,
      "Actual Rows": 1,
      "Actual Loops": 1,
      "Plans": [
        {
          "Node Type": "Gather",
          "Parent Relationship": "Outer",
          "Parallel Aware": false,
          "Startup Cost": 344240.37,
          "Total Cost": 344240.98,
          "Plan Rows": 6,
          "Plan Width": 8,
          "Actual Startup Time": 1066.103,
          "Actual Total Time": 1139.05,
          "Actual Rows": 7,
          "Actual Loops": 1,
          "Workers Planned": 6,
          "Workers Launched": 6,
          "Single Copy": false,
          "Plans": [
            {
              "Node Type": "Aggregate",
              "Strategy": "Plain",
              "Partial Mode": "Partial",
              "Parent Relationship": "Outer",
              "Parallel Aware": false,
              "Startup Cost": 343240.37,
              "Total Cost": 343240.38,
              "Plan Rows": 1,
              "Plan Width": 8,
              "Actual Startup Time": 1056.993,
              "Actual Total Time": 1056.994,
              "Actual Rows": 1,
              "Actual Loops": 7,
              "Plans": [
                {
                  "Node Type": "Seq Scan",
                  "Parent Relationship": "Outer",
                  "Parallel Aware": true,
                  "Relation Name": "cast_info",
                  "Alias": "ci",
                  "Startup Cost": 0.0,
                  "Total Cost": 328162.03,
                  "Plan Rows": 6031336,
                  "Plan Width": 0,
                  "Actual Startup Time": 0.047,
                  "Actual Total Time": 783.392,
                  "Actual Rows": 5171075,
                  "Actual Loops": 7,
                  "Filter": "(person_id < 4054805)",
                  "Rows Removed by Filter": 6688
                }
              ]
            }
          ]
        }
      ]
    },
    "Planning Time": 0.311,
    "Triggers": [],
    "Execution Time": 1139.139
  }
]