[
  {
    "Plan": {
      "Node Type": "Aggregate",
      "Strategy": "Plain",
      "Partial Mode": "Finalize",
      "Parallel Aware": false,
      "Startup Cost": 395734.85,
      "Total Cost": 395734.86,
      "Plan Rows": 1,
      "Plan Width": 8,
      "Actual Startup Time": 1558.776,
      "Actual Total Time": 1583.954,
      "Actual Rows": 1,
      "Actual Loops": 1,
      "Plans": [
        {
          "Node Type": "Gather",
          "Parent Relationship": "Outer",
          "Parallel Aware": false,
          "Startup Cost": 395734.23,
          "Total Cost": 395734.84,
          "Plan Rows": 6,
          "Plan Width": 8,
          "Actual Startup Time": 1556.206,
          "Actual Total Time": 1583.945,
          "Actual Rows": 7,
          "Actual Loops": 1,
          "Workers Planned": 6,
          "Workers Launched": 6,
          "Single Copy": false,
          "Plans": [
            {
              "Node Type": "Aggregate",
              "Strategy": "Plain",
              "Partial Mode": "Partial",
              "Parent Relationship": "Outer",
              "Parallel Aware": false,
              "Startup Cost": 394734.23,
              "Total Cost": 394734.24,
              "Plan Rows": 1,
              "Plan Width": 8,
              "Actual Startup Time": 1549.781,
              "Actual Total Time": 1549.784,
              "Actual Rows": 1,
              "Actual Loops": 7,
              "Plans": [
                {
                  "Node Type": "Hash Join",
                  "Parent Relationship": "Outer",
                  "Parallel Aware": true,
                  "Join Type": "Inner",
                  "Startup Cost": 47593.78,
                  "Total Cost": 390889.87,
                  "Plan Rows": 1537742,
                  "Plan Width": 0,
                  "Actual Startup Time": 105.076,
                  "Actual Total Time": 1489.851,
                  "Actual Rows": 1278350,
                  "Actual Loops": 7,
                  "Inner Unique": true,
                  "Hash Cond": "(ci.movie_id = t.id)",
                  "Plans": [
                    {
                      "Node Type": "Seq Scan",
                      "Parent Relationship": "Outer",
                      "Parallel Aware": true,
                      "Relation Name": "cast_info",
                      "Alias": "ci",
                      "Startup Cost": 0.0,
                      "Total Cost": 328213.62,
                      "Plan Rows": 5745696,
                      "Plan Width": 4,
                      "Actual Startup Time": 0.022,
                      "Actual Total Time": 563.635,
                      "Actual Rows": 4908609,
                      "Actual Loops": 7,
                      "Filter": "(person_id < 3690859)",
                      "Rows Removed by Filter": 269154
                    },
                    {
                      "Node Type": "Hash",
                      "Parent Relationship": "Inner",
                      "Parallel Aware": true,
                      "Startup Cost": 45479.21,
                      "Total Cost": 45479.21,
                      "Plan Rows": 169166,
                      "Plan Width": 4,
                      "Actual Startup Time": 102.757,
                      "Actual Total Time": 102.758,
                      "Actual Rows": 82326,
                      "Actual Loops": 7,
                      "Hash Buckets": 1048576,
                      "Original Hash Buckets": 1048576,
                      "Hash Batches": 1,
                      "Original Hash Batches": 1,
                      "Peak Memory Usage": 30880,
                      "Plans": [
                        {
                          "Node Type": "Seq Scan",
                          "Parent Relationship": "Outer",
                          "Parallel Aware": true,
                          "Relation Name": "title",
                          "Alias": "t",
                          "Startup Cost": 0.0,
                          "Total Cost": 45479.21,
                          "Plan Rows": 169166,
                          "Plan Width": 4,
                          "Actual Startup Time": 0.032,
                          "Actual Total Time": 67.931,
                          "Actual Rows": 82326,
                          "Actual Loops": 7,
                          "Filter": "((kind_id < 7) AND (production_year > 1991))",
                          "Rows Removed by Filter": 278861
                        }
                      ]
                    }
                  ]
                }
              ]
            }
          ]
        }
      ]
    },
    "Planning Time": 0.284,
    "Triggers": [],
    "Execution Time": 1583.993
  }
]