{
  "Plan": {
    "Node Type": "Aggregate",
    "Strategy": "Plain",
    "Partial Mode": "Finalize",
    "Parallel Aware": false,
    "Startup Cost": 99634.86,
    "Total Cost": 99634.87,
    "Plan Rows": 1,
    "Plan Width": 8,
    "Actual Startup Time": 313.979,
    "Actual Total Time": 329.318,
    "Actual Rows": 1,
    "Actual Loops": 1,
    "Plans": [
      {
        "Node Type": "Gather",
        "Parent Relationship": "Outer",
        "Parallel Aware": false,
        "Startup Cost": 99634.74,
        "Total Cost": 99634.85,
        "Plan Rows": 1,
        "Plan Width": 8,
        "Actual Startup Time": 313.672,
        "Actual Total Time": 329.311,
        "Actual Rows": 2,
        "Actual Loops": 1,
        "Workers Planned": 1,
        "Workers Launched": 1,
        "Single Copy": false,
        "Plans": [
          {
            "Node Type": "Aggregate",
            "Strategy": "Plain",
            "Partial Mode": "Partial",
            "Parent Relationship": "Outer",
            "Parallel Aware": false,
            "Startup Cost": 98634.74,
            "Total Cost": 98634.75,
            "Plan Rows": 1,
            "Plan Width": 8,
            "Actual Startup Time": 308.115,
            "Actual Total Time": 308.119,
            "Actual Rows": 1,
            "Actual Loops": 2,
            "Plans": [
              {
                "Node Type": "Hash Join",
                "Parent Relationship": "Outer",
                "Parallel Aware": true,
                "Join Type": "Inner",
                "Startup Cost": 58585.21,
                "Total Cost": 98605.53,
                "Plan Rows": 11684,
                "Plan Width": 0,
                "Actual Startup Time": 192.253,
                "Actual Total Time": 307.953,
                "Actual Rows": 3482,
                "Actual Loops": 2,
                "Inner Unique": true,
                "Hash Cond": "(mc.movie_id = t.id)",
                "Plans": [
                  {
                    "Node Type": "Seq Scan",
                    "Parent Relationship": "Outer",
                    "Parallel Aware": true,
                    "Relation Name": "movie_companies",
                    "Alias": "mc",
                    "Startup Cost": 0.0,
                    "Total Cost": 37974.77,
                    "Plan Rows": 779260,
                    "Plan Width": 4,
                    "Actual Startup Time": 44.759,
                    "Actual Total Time": 106.191,
                    "Actual Rows": 667442,
                    "Actual Loops": 2,
                    "Filter": "(company_type_id > 1)",
                    "Rows Removed by Filter": 637123
                  },
                  {
                    "Node Type": "Hash",
                    "Parent Relationship": "Inner",
                    "Parallel Aware": true,
                    "Startup Cost": 58306.47,
                    "Total Cost": 58306.47,
                    "Plan Rows": 22299,
                    "Plan Width": 4,
                    "Actual Startup Time": 145.919,
                    "Actual Total Time": 145.92,
                    "Actual Rows": 20968,
                    "Actual Loops": 2,
                    "Hash Buckets": 65536,
                    "Original Hash Buckets": 65536,
                    "Hash Batches": 1,
                    "Original Hash Batches": 1,
                    "Peak Memory Usage": 2176,
                    "Plans": [
                      {
                        "Node Type": "Seq Scan",
                        "Parent Relationship": "Outer",
                        "Parallel Aware": true,
                        "Relation Name": "title",
                        "Alias": "t",
                        "Startup Cost": 0.0,
                        "Total Cost": 58306.47,
                        "Plan Rows": 22299,
                        "Plan Width": 4,
                        "Actual Startup Time": 0.037,
                        "Actual Total Time": 139.359,
                        "Actual Rows": 20968,
                        "Actual Loops": 2,
                        "Filter": "((kind_id = 7) AND (production_year = 2002))",
                        "Rows Removed by Filter": 1243188
                      }
                    ]
                  }
                ]
              }
            ]
          }
        ]
      }
    ]
  },
  "Planning Time": 0.458,
  "Triggers": [],
  "Execution Time": 329.39
}