{
  "Plan": {
    "Node Type": "Aggregate",
    "Strategy": "Plain",
    "Partial Mode": "Finalize",
    "Parallel Aware": false,
    "Startup Cost": 631062.29,
    "Total Cost": 631062.3,
    "Plan Rows": 1,
    "Plan Width": 8,
    "Actual Startup Time": 3869.276,
    "Actual Total Time": 3928.617,
    "Actual Rows": 1,
    "Actual Loops": 1,
    "Plans": [
      {
        "Node Type": "Gather",
        "Parent Relationship": "Outer",
        "Parallel Aware": false,
        "Startup Cost": 631062.18,
        "Total Cost": 631062.29,
        "Plan Rows": 1,
        "Plan Width": 8,
        "Actual Startup Time": 3868.611,
        "Actual Total Time": 3928.607,
        "Actual Rows": 2,
        "Actual Loops": 1,
        "Workers Planned": 1,
        "Workers Launched": 1,
        "Single Copy": false,
        "Plans": [
          {
            "Node Type": "Aggregate",
            "Strategy": "Plain",
            "Partial Mode": "Partial",
            "Parent Relationship": "Outer",
            "Parallel Aware": false,
            "Startup Cost": 630062.18,
            "Total Cost": 630062.19,
            "Plan Rows": 1,
            "Plan Width": 8,
            "Actual Startup Time": 3862.393,
            "Actual Total Time": 3862.398,
            "Actual Rows": 1,
            "Actual Loops": 2,
            "Plans": [
              {
                "Node Type": "Hash Join",
                "Parent Relationship": "Outer",
                "Parallel Aware": true,
                "Join Type": "Inner",
                "Startup Cost": 102928.61,
                "Total Cost": 629800.89,
                "Plan Rows": 104514,
                "Plan Width": 0,
                "Actual Startup Time": 259.087,
                "Actual Total Time": 3861.196,
                "Actual Rows": 12582,
                "Actual Loops": 2,
                "Inner Unique": false,
                "Hash Cond": "(t.id = mc.movie_id)",
                "Plans": [
                  {
                    "Node Type": "Hash Join",
                    "Parent Relationship": "Outer",
                    "Parallel Aware": true,
                    "Join Type": "Inner",
                    "Startup Cost": 58937.93,
                    "Total Cost": 580671.28,
                    "Plan Rows": 723861,
                    "Plan Width": 8,
                    "Actual Startup Time": 134.927,
                    "Actual Total Time": 3594.491,
                    "Actual Rows": 797318,
                    "Actual Loops": 2,
                    "Inner Unique": true,
                    "Hash Cond": "(ci.movie_id = t.id)",
                    "Plans": [
                      {
                        "Node Type": "Seq Scan",
                        "Parent Relationship": "Outer",
                        "Parallel Aware": true,
                        "Relation Name": "cast_info",
                        "Alias": "ci",
                        "Startup Cost": 0.0,
                        "Total Cost": 465792.95,
                        "Plan Rows": 21310595,
                        "Plan Width": 4,
                        "Actual Startup Time": 0.013,
                        "Actual Total Time": 1342.367,
                        "Actual Rows": 18122172,
                        "Actual Loops": 2
                      },
                      {
                        "Node Type": "Hash",
                        "Parent Relationship": "Inner",
                        "Parallel Aware": true,
                        "Startup Cost": 58306.47,
                        "Total Cost": 58306.47,
                        "Plan Rows": 50517,
                        "Plan Width": 4,
                        "Actual Startup Time": 134.273,
                        "Actual Total Time": 134.274,
                        "Actual Rows": 48361,
                        "Actual Loops": 2,
                        "Hash Buckets": 131072,
                        "Original Hash Buckets": 131072,
                        "Hash Batches": 1,
                        "Original Hash Batches": 1,
                        "Peak Memory Usage": 4864,
                        "Plans": [
                          {
                            "Node Type": "Seq Scan",
                            "Parent Relationship": "Outer",
                            "Parallel Aware": true,
                            "Relation Name": "title",
                            "Alias": "t",
                            "Startup Cost": 0.0,
                            "Total Cost": 58306.47,
                            "Plan Rows": 50517,
                            "Plan Width": 4,
                            "Actual Startup Time": 0.016,
                            "Actual Total Time": 122.006,
                            "Actual Rows": 48361,
                            "Actual Loops": 2,
                            "Filter": "((kind_id > 2) AND (production_year = 2008))",
                            "Rows Removed by Filter": 1215795
                          }
                        ]
                      }
                    ]
                  },
                  {
                    "Node Type": "Hash",
                    "Parent Relationship": "Inner",
                    "Parallel Aware": true,
                    "Startup Cost": 41306.53,
                    "Total Cost": 41306.53,
                    "Plan Rows": 214732,
                    "Plan Width": 4,
                    "Actual Startup Time": 118.233,
                    "Actual Total Time": 118.234,
                    "Actual Rows": 27218,
                    "Actual Loops": 2,
                    "Hash Buckets": 524288,
                    "Original Hash Buckets": 524288,
                    "Hash Batches": 1,
                    "Original Hash Batches": 1,
                    "Peak Memory Usage": 6272,
                    "Plans": [
                      {
                        "Node Type": "Bitmap Heap Scan",
                        "Parent Relationship": "Outer",
                        "Parallel Aware": true,
                        "Relation Name": "movie_companies",
                        "Alias": "mc",
                        "Startup Cost": 15973.38,
                        "Total Cost": 41306.53,
                        "Plan Rows": 214732,
                        "Plan Width": 4,
                        "Actual Startup Time": 52.264,
                        "Actual Total Time": 111.204,
                        "Actual Rows": 27218,
                        "Actual Loops": 2,
                        "Recheck Cond": "(company_id > 35980)",
                        "Rows Removed by Index Recheck": 0,
                        "Filter": "(company_type_id = 1)",
                        "Rows Removed by Filter": 350995,
                        "Exact Heap Blocks": 10029,
                        "Lossy Heap Blocks": 0,
                        "Plans": [
                          {
                            "Node Type": "Bitmap Index Scan",
                            "Parent Relationship": "Outer",
                            "Parallel Aware": false,
                            "Index Name": "company_id_movie_companies",
                            "Startup Cost": 0.0,
                            "Total Cost": 15882.11,
                            "Plan Rows": 741558,
                            "Plan Width": 0,
                            "Actual Startup Time": 50.773,
                            "Actual Total Time": 50.773,
                            "Actual Rows": 756425,
                            "Actual Loops": 1,
                            "Index Cond": "(company_id > 35980)"
                          }
                        ]
                      }
                    ]
                  }
                ]
              }
            ]
          }
        ]
      }
    ]
  },
  "Planning Time": 1.115,
  "Triggers": [],
  "Execution Time": 3928.743
}