[
    {
        "Bao": {
            "Bao prediction": "NaN",
            "Bao recommended hint": "(no hint)"
        }
    },
    {
        "Plan": {
            "Node Type": "Aggregate",
            "Strategy": "Plain",
            "Partial Mode": "Finalize",
            "Parallel Aware": false,
            "Startup Cost": 32689.94,
            "Total Cost": 32689.95,
            "Plan Rows": 1,
            "Plan Width": 8,
            "Actual Startup Time": 79.834,
            "Actual Total Time": 84.296,
            "Actual Rows": 1,
            "Actual Loops": 1,
            "Output": [
                "count(*)"
            ],
            "Plans": [
                {
                    "Node Type": "Gather",
                    "Parent Relationship": "Outer",
                    "Parallel Aware": false,
                    "Startup Cost": 32689.63,
                    "Total Cost": 32689.94,
                    "Plan Rows": 3,
                    "Plan Width": 8,
                    "Actual Startup Time": 79.723,
                    "Actual Total Time": 84.289,
                    "Actual Rows": 4,
                    "Actual Loops": 1,
                    "Output": [
                        "(PARTIAL count(*))"
                    ],
                    "Workers Planned": 3,
                    "Workers Launched": 3,
                    "Single Copy": false,
                    "Plans": [
                        {
                            "Node Type": "Aggregate",
                            "Strategy": "Plain",
                            "Partial Mode": "Partial",
                            "Parent Relationship": "Outer",
                            "Parallel Aware": false,
                            "Startup Cost": 31689.63,
                            "Total Cost": 31689.64,
                            "Plan Rows": 1,
                            "Plan Width": 8,
                            "Actual Startup Time": 72.106,
                            "Actual Total Time": 72.107,
                            "Actual Rows": 1,
                            "Actual Loops": 4,
                            "Output": [
                                "PARTIAL count(*)"
                            ],
                            "Workers": [
                                {
                                    "Worker Number": 0,
                                    "Actual Startup Time": 69.273,
                                    "Actual Total Time": 69.273,
                                    "Actual Rows": 1,
                                    "Actual Loops": 1
                                },
                                {
                                    "Worker Number": 1,
                                    "Actual Startup Time": 69.691,
                                    "Actual Total Time": 69.692,
                                    "Actual Rows": 1,
                                    "Actual Loops": 1
                                },
                                {
                                    "Worker Number": 2,
                                    "Actual Startup Time": 70.007,
                                    "Actual Total Time": 70.008,
                                    "Actual Rows": 1,
                                    "Actual Loops": 1
                                }
                            ],
                            "Plans": [
                                {
                                    "Node Type": "Seq Scan",
                                    "Parent Relationship": "Outer",
                                    "Parallel Aware": true,
                                    "Relation Name": "movie_companies",
                                    "Schema": "public",
                                    "Alias": "mc",
                                    "Startup Cost": 0.0,
                                    "Total Cost": 31414.82,
                                    "Plan Rows": 109923,
                                    "Plan Width": 0,
                                    "Actual Startup Time": 27.604,
                                    "Actual Total Time": 71.611,
                                    "Actual Rows": 8026,
                                    "Actual Loops": 4,
                                    "Output": [
                                        "id",
                                        "movie_id",
                                        "company_id",
                                        "company_type_id",
                                        "note"
                                    ],
                                    "Filter": "((mc.company_id > 46528) AND (mc.company_type_id = 1))",
                                    "Rows Removed by Filter": 644256,
                                    "Workers": [
                                        {
                                            "Worker Number": 0,
                                            "Actual Startup Time": 24.767,
                                            "Actual Total Time": 68.786,
                                            "Actual Rows": 5789,
                                            "Actual Loops": 1
                                        },
                                        {
                                            "Worker Number": 1,
                                            "Actual Startup Time": 25.198,
                                            "Actual Total Time": 69.185,
                                            "Actual Rows": 6071,
                                            "Actual Loops": 1
                                        },
                                        {
                                            "Worker Number": 2,
                                            "Actual Startup Time": 25.503,
                                            "Actual Total Time": 69.513,
                                            "Actual Rows": 8190,
                                            "Actual Loops": 1
                                        }
                                    ]
                                }
                            ]
                        }
                    ]
                }
            ]
        },
        "Planning Time": 182.805,
        "Triggers": [],
        "Execution Time": 84.339
    }
]