[
  {
    "Plan": {
      "Node Type": "Aggregate",
      "Strategy": "Plain",
      "Partial Mode": "Finalize",
      "Parallel Aware": false,
      "Startup Cost": 78520.06,
      "Total Cost": 78520.07,
      "Plan Rows": 1,
      "Plan Width": 8,
      "Actual Startup Time": 171.444,
      "Actual Total Time": 187.788,
      "Actual Rows": 1,
      "Actual Loops": 1,
      "Plans": [
        {
          "Node Type": "Gather",
          "Parent Relationship": "Outer",
          "Parallel Aware": false,
          "Startup Cost": 78519.74,
          "Total Cost": 78520.05,
          "Plan Rows": 3,
          "Plan Width": 8,
          "Actual Startup Time": 171.169,
          "Actual Total Time": 187.781,
          "Actual Rows": 4,
          "Actual Loops": 1,
          "Workers Planned": 3,
          "Workers Launched": 3,
          "Single Copy": false,
          "Plans": [
            {
              "Node Type": "Aggregate",
              "Strategy": "Plain",
              "Partial Mode": "Partial",
              "Parent Relationship": "Outer",
              "Parallel Aware": false,
              "Startup Cost": 77519.74,
              "Total Cost": 77519.75,
              "Plan Rows": 1,
              "Plan Width": 8,
              "Actual Startup Time": 162.47,
              "Actual Total Time": 162.473,
              "Actual Rows": 1,
              "Actual Loops": 4,
              "Plans": [
                {
                  "Node Type": "Hash Join",
                  "Parent Relationship": "Outer",
                  "Parallel Aware": true,
                  "Join Type": "Inner",
                  "Startup Cost": 45581.0,
                  "Total Cost": 77513.39,
                  "Plan Rows": 2543,
                  "Plan Width": 0,
                  "Actual Startup Time": 104.55,
                  "Actual Total Time": 162.329,
                  "Actual Rows": 2298,
                  "Actual Loops": 4,
                  "Inner Unique": true,
                  "Hash Cond": "(mc.movie_id = t.id)",
                  "Plans": [
                    {
                      "Node Type": "Seq Scan",
                      "Parent Relationship": "Outer",
                      "Parallel Aware": true,
                      "Relation Name": "movie_companies",
                      "Alias": "mc",
                      "Startup Cost": 0.0,
                      "Total Cost": 31414.82,
                      "Plan Rows": 197169,
                      "Plan Width": 4,
                      "Actual Startup Time": 8.958,
                      "Actual Total Time": 58.338,
                      "Actual Rows": 88198,
                      "Actual Loops": 4,
                      "Filter": "((company_id > 11717) AND (company_type_id = 1))",
                      "Rows Removed by Filter": 564084
                    },
                    {
                      "Node Type": "Hash",
                      "Parent Relationship": "Inner",
                      "Parallel Aware": true,
                      "Startup Cost": 45479.1,
                      "Total Cost": 45479.1,
                      "Plan Rows": 8152,
                      "Plan Width": 4,
                      "Actual Startup Time": 94.101,
                      "Actual Total Time": 94.102,
                      "Actual Rows": 4443,
                      "Actual Loops": 4,
                      "Hash Buckets": 32768,
                      "Original Hash Buckets": 32768,
                      "Hash Batches": 1,
                      "Original Hash Batches": 1,
                      "Peak Memory Usage": 1024,
                      "Plans": [
                        {
                          "Node Type": "Seq Scan",
                          "Parent Relationship": "Outer",
                          "Parallel Aware": true,
                          "Relation Name": "title",
                          "Alias": "t",
                          "Startup Cost": 0.0,
                          "Total Cost": 45479.1,
                          "Plan Rows": 8152,
                          "Plan Width": 4,
                          "Actual Startup Time": 61.054,
                          "Actual Total Time": 92.345,
                          "Actual Rows": 4443,
                          "Actual Loops": 4,
                          "Filter": "((kind_id = 1) AND (production_year = 2007))",
                          "Rows Removed by Filter": 627635
                        }
                      ]
                    }
                  ]
                }
              ]
            }
          ]
        }
      ]
    },
    "Planning Time": 0.667,
    "Triggers": [],
    "Execution Time": 187.856
  }
]