{
  "Plan": {
    "Node Type": "Aggregate",
    "Strategy": "Plain",
    "Partial Mode": "Finalize",
    "Parallel Aware": false,
    "Startup Cost": 103572.92,
    "Total Cost": 103572.93,
    "Plan Rows": 1,
    "Plan Width": 8,
    "Actual Startup Time": 329.073,
    "Actual Total Time": 343.737,
    "Actual Rows": 1,
    "Actual Loops": 1,
    "Plans": [
      {
        "Node Type": "Gather",
        "Parent Relationship": "Outer",
        "Parallel Aware": false,
        "Startup Cost": 103572.81,
        "Total Cost": 103572.92,
        "Plan Rows": 1,
        "Plan Width": 8,
        "Actual Startup Time": 328.669,
        "Actual Total Time": 343.726,
        "Actual Rows": 2,
        "Actual Loops": 1,
        "Workers Planned": 1,
        "Workers Launched": 1,
        "Single Copy": false,
        "Plans": [
          {
            "Node Type": "Aggregate",
            "Strategy": "Plain",
            "Partial Mode": "Partial",
            "Parent Relationship": "Outer",
            "Parallel Aware": false,
            "Startup Cost": 102572.81,
            "Total Cost": 102572.82,
            "Plan Rows": 1,
            "Plan Width": 8,
            "Actual Startup Time": 323.046,
            "Actual Total Time": 323.051,
            "Actual Rows": 1,
            "Actual Loops": 2,
            "Plans": [
              {
                "Node Type": "Hash Join",
                "Parent Relationship": "Outer",
                "Parallel Aware": true,
                "Join Type": "Inner",
                "Startup Cost": 72341.96,
                "Total Cost": 102557.63,
                "Plan Rows": 6070,
                "Plan Width": 0,
                "Actual Startup Time": 202.934,
                "Actual Total Time": 322.86,
                "Actual Rows": 2342,
                "Actual Loops": 2,
                "Inner Unique": true,
                "Hash Cond": "(mk.movie_id = t.id)",
                "Plans": [
                  {
                    "Node Type": "Bitmap Heap Scan",
                    "Parent Relationship": "Outer",
                    "Parallel Aware": true,
                    "Relation Name": "movie_keyword",
                    "Alias": "mk",
                    "Startup Cost": 13739.28,
                    "Total Cost": 42954.99,
                    "Plan Rows": 380937,
                    "Plan Width": 4,
                    "Actual Startup Time": 43.703,
                    "Actual Total Time": 129.958,
                    "Actual Rows": 315780,
                    "Actual Loops": 2,
                    "Recheck Cond": "(keyword_id > 29033)",
                    "Rows Removed by Index Recheck": 0,
                    "Exact Heap Blocks": 10256,
                    "Lossy Heap Blocks": 0,
                    "Plans": [
                      {
                        "Node Type": "Bitmap Index Scan",
                        "Parent Relationship": "Outer",
                        "Parallel Aware": false,
                        "Index Name": "keyword_id_movie_keyword",
                        "Startup Cost": 0.0,
                        "Total Cost": 13577.38,
                        "Plan Rows": 647593,
                        "Plan Width": 0,
                        "Actual Startup Time": 40.167,
                        "Actual Total Time": 40.169,
                        "Actual Rows": 631561,
                        "Actual Loops": 1,
                        "Index Cond": "(keyword_id > 29033)"
                      }
                    ]
                  },
                  {
                    "Node Type": "Hash",
                    "Parent Relationship": "Inner",
                    "Parallel Aware": true,
                    "Startup Cost": 58306.47,
                    "Total Cost": 58306.47,
                    "Plan Rows": 23697,
                    "Plan Width": 4,
                    "Actual Startup Time": 157.088,
                    "Actual Total Time": 157.089,
                    "Actual Rows": 21493,
                    "Actual Loops": 2,
                    "Hash Buckets": 65536,
                    "Original Hash Buckets": 65536,
                    "Hash Batches": 1,
                    "Original Hash Batches": 1,
                    "Peak Memory Usage": 2208,
                    "Plans": [
                      {
                        "Node Type": "Seq Scan",
                        "Parent Relationship": "Outer",
                        "Parallel Aware": true,
                        "Relation Name": "title",
                        "Alias": "t",
                        "Startup Cost": 0.0,
                        "Total Cost": 58306.47,
                        "Plan Rows": 23697,
                        "Plan Width": 4,
                        "Actual Startup Time": 0.05,
                        "Actual Total Time": 148.565,
                        "Actual Rows": 21493,
                        "Actual Loops": 2,
                        "Filter": "((kind_id > 1) AND (production_year = 1999))",
                        "Rows Removed by Filter": 1242663
                      }
                    ]
                  }
                ]
              }
            ]
          }
        ]
      }
    ]
  },
  "Planning Time": 0.536,
  "Triggers": [],
  "Execution Time": 343.851
}