{
  "Plan": {
    "Node Type": "Aggregate",
    "Strategy": "Plain",
    "Partial Mode": "Finalize",
    "Parallel Aware": false,
    "Startup Cost": 123301.29,
    "Total Cost": 123301.3,
    "Plan Rows": 1,
    "Plan Width": 8,
    "Actual Startup Time": 691.671,
    "Actual Total Time": 711.683,
    "Actual Rows": 1,
    "Actual Loops": 1,
    "Plans": [
      {
        "Node Type": "Gather",
        "Parent Relationship": "Outer",
        "Parallel Aware": false,
        "Startup Cost": 123301.18,
        "Total Cost": 123301.29,
        "Plan Rows": 1,
        "Plan Width": 8,
        "Actual Startup Time": 689.826,
        "Actual Total Time": 711.674,
        "Actual Rows": 2,
        "Actual Loops": 1,
        "Workers Planned": 1,
        "Workers Launched": 1,
        "Single Copy": false,
        "Plans": [
          {
            "Node Type": "Aggregate",
            "Strategy": "Plain",
            "Partial Mode": "Partial",
            "Parent Relationship": "Outer",
            "Parallel Aware": false,
            "Startup Cost": 122301.18,
            "Total Cost": 122301.19,
            "Plan Rows": 1,
            "Plan Width": 8,
            "Actual Startup Time": 684.131,
            "Actual Total Time": 684.135,
            "Actual Rows": 1,
            "Actual Loops": 2,
            "Plans": [
              {
                "Node Type": "Hash Join",
                "Parent Relationship": "Outer",
                "Parallel Aware": true,
                "Join Type": "Inner",
                "Startup Cost": 62683.83,
                "Total Cost": 120734.67,
                "Plan Rows": 626602,
                "Plan Width": 0,
                "Actual Startup Time": 258.503,
                "Actual Total Time": 672.64,
                "Actual Rows": 231130,
                "Actual Loops": 2,
                "Inner Unique": true,
                "Hash Cond": "(mk.movie_id = t.id)",
                "Plans": [
                  {
                    "Node Type": "Seq Scan",
                    "Parent Relationship": "Outer",
                    "Parallel Aware": true,
                    "Relation Name": "movie_keyword",
                    "Alias": "mk",
                    "Startup Cost": 0.0,
                    "Total Cost": 51065.35,
                    "Plan Rows": 2661135,
                    "Plan Width": 4,
                    "Actual Startup Time": 0.016,
                    "Actual Total Time": 180.471,
                    "Actual Rows": 2261965,
                    "Actual Loops": 2
                  },
                  {
                    "Node Type": "Hash",
                    "Parent Relationship": "Inner",
                    "Parallel Aware": true,
                    "Startup Cost": 58306.47,
                    "Total Cost": 58306.47,
                    "Plan Rows": 350189,
                    "Plan Width": 4,
                    "Actual Startup Time": 248.833,
                    "Actual Total Time": 248.833,
                    "Actual Rows": 235539,
                    "Actual Loops": 2,
                    "Hash Buckets": 1048576,
                    "Original Hash Buckets": 1048576,
                    "Hash Batches": 1,
                    "Original Hash Batches": 1,
                    "Peak Memory Usage": 26656,
                    "Plans": [
                      {
                        "Node Type": "Seq Scan",
                        "Parent Relationship": "Outer",
                        "Parallel Aware": true,
                        "Relation Name": "title",
                        "Alias": "t",
                        "Startup Cost": 0.0,
                        "Total Cost": 58306.47,
                        "Plan Rows": 350189,
                        "Plan Width": 4,
                        "Actual Startup Time": 0.037,
                        "Actual Total Time": 175.249,
                        "Actual Rows": 235539,
                        "Actual Loops": 2,
                        "Filter": "((kind_id > 1) AND (production_year < 1995))",
                        "Rows Removed by Filter": 1028617
                      }
                    ]
                  }
                ]
              }
            ]
          }
        ]
      }
    ]
  },
  "Planning Time": 0.565,
  "Triggers": [],
  "Execution Time": 711.747
}