[
  {
    "Plan": {
      "Node Type": "Aggregate",
      "Strategy": "Plain",
      "Partial Mode": "Finalize",
      "Parallel Aware": false,
      "Startup Cost": 10246.43,
      "Total Cost": 10246.44,
      "Plan Rows": 1,
      "Plan Width": 8,
      "Actual Startup Time": 41.98,
      "Actual Total Time": 45.845,
      "Actual Rows": 1,
      "Actual Loops": 1,
      "Plans": [
        {
          "Node Type": "Gather",
          "Parent Relationship": "Outer",
          "Parallel Aware": false,
          "Startup Cost": 10246.11,
          "Total Cost": 10246.42,
          "Plan Rows": 3,
          "Plan Width": 8,
          "Actual Startup Time": 41.86,
          "Actual Total Time": 45.833,
          "Actual Rows": 4,
          "Actual Loops": 1,
          "Workers Planned": 3,
          "Workers Launched": 3,
          "Single Copy": false,
          "Plans": [
            {
              "Node Type": "Aggregate",
              "Strategy": "Plain",
              "Partial Mode": "Partial",
              "Parent Relationship": "Outer",
              "Parallel Aware": false,
              "Startup Cost": 9246.11,
              "Total Cost": 9246.12,
              "Plan Rows": 1,
              "Plan Width": 8,
              "Actual Startup Time": 32.884,
              "Actual Total Time": 32.885,
              "Actual Rows": 1,
              "Actual Loops": 4,
              "Plans": [
                {
                  "Node Type": "Index Scan",
                  "Parent Relationship": "Outer",
                  "Parallel Aware": true,
                  "Scan Direction": "Forward",
                  "Index Name": "role_id_cast_info",
                  "Relation Name": "cast_info",
                  "Alias": "ci",
                  "Startup Cost": 0.56,
                  "Total Cost": 9091.72,
                  "Plan Rows": 61755,
                  "Plan Width": 0,
                  "Actual Startup Time": 0.225,
                  "Actual Total Time": 30.77,
                  "Actual Rows": 19724,
                  "Actual Loops": 4,
                  "Index Cond": "(role_id > 10)",
                  "Rows Removed by Index Recheck": 0,
                  "Filter": "(person_id < 2270939)",
                  "Rows Removed by Filter": 59306
                }
              ]
            }
          ]
        }
      ]
    },
    "Planning Time": 0.238,
    "Triggers": [],
    "Execution Time": 45.906
  }
]