[
  {
    "Plan": {
      "Node Type": "Aggregate",
      "Strategy": "Plain",
      "Partial Mode": "Finalize",
      "Parallel Aware": false,
      "Startup Cost": 45663.2,
      "Total Cost": 45663.21,
      "Plan Rows": 1,
      "Plan Width": 8,
      "Actual Startup Time": 172.296,
      "Actual Total Time": 183.847,
      "Actual Rows": 1,
      "Actual Loops": 1,
      "Plans": [
        {
          "Node Type": "Gather",
          "Parent Relationship": "Outer",
          "Parallel Aware": false,
          "Startup Cost": 45662.89,
          "Total Cost": 45663.2,
          "Plan Rows": 3,
          "Plan Width": 8,
          "Actual Startup Time": 172.017,
          "Actual Total Time": 183.835,
          "Actual Rows": 4,
          "Actual Loops": 1,
          "Workers Planned": 3,
          "Workers Launched": 3,
          "Single Copy": false,
          "Plans": [
            {
              "Node Type": "Aggregate",
              "Strategy": "Plain",
              "Partial Mode": "Partial",
              "Parent Relationship": "Outer",
              "Parallel Aware": false,
              "Startup Cost": 44662.89,
              "Total Cost": 44662.9,
              "Plan Rows": 1,
              "Plan Width": 8,
              "Actual Startup Time": 166.849,
              "Actual Total Time": 166.851,
              "Actual Rows": 1,
              "Actual Loops": 4,
              "Plans": [
                {
                  "Node Type": "Seq Scan",
                  "Parent Relationship": "Outer",
                  "Parallel Aware": true,
                  "Relation Name": "movie_keyword",
                  "Alias": "mk",
                  "Startup Cost": 0.0,
                  "Total Cost": 42695.65,
                  "Plan Rows": 786893,
                  "Plan Width": 0,
                  "Actual Startup Time": 0.047,
                  "Actual Total Time": 133.846,
                  "Actual Rows": 614955,
                  "Actual Loops": 4,
                  "Filter": "(keyword_id < 5894)",
                  "Rows Removed by Filter": 516028
                }
              ]
            }
          ]
        }
      ]
    },
    "Planning Time": 0.164,
    "Triggers": [],
    "Execution Time": 183.897
  }
]