[
  {
    "Plan": {
      "Node Type": "Aggregate",
      "Strategy": "Plain",
      "Partial Mode": "Finalize",
      "Parallel Aware": false,
      "Startup Cost": 45677.17,
      "Total Cost": 45677.18,
      "Plan Rows": 1,
      "Plan Width": 8,
      "Actual Startup Time": 157.598,
      "Actual Total Time": 167.17,
      "Actual Rows": 1,
      "Actual Loops": 1,
      "Plans": [
        {
          "Node Type": "Gather",
          "Parent Relationship": "Outer",
          "Parallel Aware": false,
          "Startup Cost": 45676.86,
          "Total Cost": 45677.17,
          "Plan Rows": 3,
          "Plan Width": 8,
          "Actual Startup Time": 157.474,
          "Actual Total Time": 167.161,
          "Actual Rows": 4,
          "Actual Loops": 1,
          "Workers Planned": 3,
          "Workers Launched": 3,
          "Single Copy": false,
          "Plans": [
            {
              "Node Type": "Aggregate",
              "Strategy": "Plain",
              "Partial Mode": "Partial",
              "Parent Relationship": "Outer",
              "Parallel Aware": false,
              "Startup Cost": 44676.86,
              "Total Cost": 44676.87,
              "Plan Rows": 1,
              "Plan Width": 8,
              "Actual Startup Time": 147.318,
              "Actual Total Time": 147.319,
              "Actual Rows": 1,
              "Actual Loops": 4,
              "Plans": [
                {
                  "Node Type": "Seq Scan",
                  "Parent Relationship": "Outer",
                  "Parallel Aware": true,
                  "Relation Name": "movie_keyword",
                  "Alias": "mk",
                  "Startup Cost": 0.0,
                  "Total Cost": 42695.65,
                  "Plan Rows": 792481,
                  "Plan Width": 0,
                  "Actual Startup Time": 0.064,
                  "Actual Total Time": 118.779,
                  "Actual Rows": 614955,
                  "Actual Loops": 4,
                  "Filter": "(keyword_id < 5894)",
                  "Rows Removed by Filter": 516028
                }
              ]
            }
          ]
        }
      ]
    },
    "Planning Time": 0.156,
    "Triggers": [],
    "Execution Time": 167.221
  }
]