[
  {
    "Plan": {
      "Node Type": "Aggregate",
      "Strategy": "Plain",
      "Partial Mode": "Finalize",
      "Parallel Aware": false,
      "Startup Cost": 357662.43,
      "Total Cost": 357662.44,
      "Plan Rows": 1,
      "Plan Width": 8,
      "Actual Startup Time": 433.994,
      "Actual Total Time": 501.153,
      "Actual Rows": 1,
      "Actual Loops": 1,
      "Plans": [
        {
          "Node Type": "Gather",
          "Parent Relationship": "Outer",
          "Parallel Aware": false,
          "Startup Cost": 357662.01,
          "Total Cost": 357662.42,
          "Plan Rows": 4,
          "Plan Width": 8,
          "Actual Startup Time": 433.636,
          "Actual Total Time": 501.138,
          "Actual Rows": 5,
          "Actual Loops": 1,
          "Workers Planned": 4,
          "Workers Launched": 4,
          "Single Copy": false,
          "Plans": [
            {
              "Node Type": "Aggregate",
              "Strategy": "Plain",
              "Partial Mode": "Partial",
              "Parent Relationship": "Outer",
              "Parallel Aware": false,
              "Startup Cost": 356662.01,
              "Total Cost": 356662.02,
              "Plan Rows": 1,
              "Plan Width": 8,
              "Actual Startup Time": 423.499,
              "Actual Total Time": 423.5,
              "Actual Rows": 1,
              "Actual Loops": 5,
              "Plans": [
                {
                  "Node Type": "Nested Loop",
                  "Parent Relationship": "Outer",
                  "Parallel Aware": false,
                  "Join Type": "Inner",
                  "Startup Cost": 0.56,
                  "Total Cost": 356425.01,
                  "Plan Rows": 94798,
                  "Plan Width": 0,
                  "Actual Startup Time": 0.967,
                  "Actual Total Time": 418.813,
                  "Actual Rows": 60860,
                  "Actual Loops": 5,
                  "Inner Unique": false,
                  "Plans": [
                    {
                      "Node Type": "Seq Scan",
                      "Parent Relationship": "Outer",
                      "Parallel Aware": true,
                      "Relation Name": "title",
                      "Alias": "t",
                      "Startup Cost": 0.0,
                      "Total Cost": 45479.59,
                      "Plan Rows": 11797,
                      "Plan Width": 4,
                      "Actual Startup Time": 0.389,
                      "Actual Total Time": 72.042,
                      "Actual Rows": 7098,
                      "Actual Loops": 5,
                      "Filter": "((kind_id < 7) AND (production_year = 2007))",
                      "Rows Removed by Filter": 498565
                    },
                    {
                      "Node Type": "Index Scan",
                      "Parent Relationship": "Inner",
                      "Parallel Aware": false,
                      "Scan Direction": "Forward",
                      "Index Name": "movie_id_cast_info",
                      "Relation Name": "cast_info",
                      "Alias": "ci",
                      "Startup Cost": 0.56,
                      "Total Cost": 26.16,
                      "Plan Rows": 20,
                      "Plan Width": 4,
                      "Actual Startup Time": 0.023,
                      "Actual Total Time": 0.048,
                      "Actual Rows": 9,
                      "Actual Loops": 35489,
                      "Index Cond": "(movie_id = t.id)",
                      "Rows Removed by Index Recheck": 0,
                      "Filter": "((person_id < 3176731) AND (role_id > 1))",
                      "Rows Removed by Filter": 8
                    }
                  ]
                }
              ]
            }
          ]
        }
      ]
    },
    "Planning Time": 0.681,
    "Triggers": [],
    "Execution Time": 501.284
  }
]