{
  "Plan": {
    "Node Type": "Aggregate",
    "Strategy": "Plain",
    "Partial Mode": "Finalize",
    "Parallel Aware": false,
    "Startup Cost": 80380.44,
    "Total Cost": 80380.45,
    "Plan Rows": 1,
    "Plan Width": 8,
    "Actual Startup Time": 195.112,
    "Actual Total Time": 211.872,
    "Actual Rows": 1,
    "Actual Loops": 1,
    "Plans": [
      {
        "Node Type": "Gather",
        "Parent Relationship": "Outer",
        "Parallel Aware": false,
        "Startup Cost": 80380.33,
        "Total Cost": 80380.44,
        "Plan Rows": 1,
        "Plan Width": 8,
        "Actual Startup Time": 194.867,
        "Actual Total Time": 211.865,
        "Actual Rows": 2,
        "Actual Loops": 1,
        "Workers Planned": 1,
        "Workers Launched": 1,
        "Single Copy": false,
        "Plans": [
          {
            "Node Type": "Aggregate",
            "Strategy": "Plain",
            "Partial Mode": "Partial",
            "Parent Relationship": "Outer",
            "Parallel Aware": false,
            "Startup Cost": 79380.33,
            "Total Cost": 79380.34,
            "Plan Rows": 1,
            "Plan Width": 8,
            "Actual Startup Time": 188.673,
            "Actual Total Time": 188.677,
            "Actual Rows": 1,
            "Actual Loops": 2,
            "Plans": [
              {
                "Node Type": "Nested Loop",
                "Parent Relationship": "Outer",
                "Parallel Aware": false,
                "Join Type": "Inner",
                "Startup Cost": 55078.44,
                "Total Cost": 79380.26,
                "Plan Rows": 29,
                "Plan Width": 0,
                "Actual Startup Time": 166.451,
                "Actual Total Time": 188.63,
                "Actual Rows": 562,
                "Actual Loops": 2,
                "Inner Unique": false,
                "Join Filter": "(t.id = mc.movie_id)",
                "Rows Removed by Join Filter": 0,
                "Plans": [
                  {
                    "Node Type": "Hash Join",
                    "Parent Relationship": "Outer",
                    "Parallel Aware": true,
                    "Join Type": "Inner",
                    "Startup Cost": 55078.01,
                    "Total Cost": 79008.04,
                    "Plan Rows": 58,
                    "Plan Width": 8,
                    "Actual Startup Time": 166.372,
                    "Actual Total Time": 186.507,
                    "Actual Rows": 135,
                    "Actual Loops": 2,
                    "Inner Unique": true,
                    "Hash Cond": "(mk.movie_id = t.id)",
                    "Plans": [
                      {
                        "Node Type": "Bitmap Heap Scan",
                        "Parent Relationship": "Outer",
                        "Parallel Aware": true,
                        "Relation Name": "movie_keyword",
                        "Alias": "mk",
                        "Startup Cost": 389.85,
                        "Total Cost": 24291.7,
                        "Plan Rows": 10734,
                        "Plan Width": 4,
                        "Actual Startup Time": 4.156,
                        "Actual Total Time": 23.045,
                        "Actual Rows": 10261,
                        "Actual Loops": 2,
                        "Recheck Cond": "(keyword_id = 382)",
                        "Rows Removed by Index Recheck": 0,
                        "Exact Heap Blocks": 9199,
                        "Lossy Heap Blocks": 0,
                        "Plans": [
                          {
                            "Node Type": "Bitmap Index Scan",
                            "Parent Relationship": "Outer",
                            "Parallel Aware": false,
                            "Index Name": "keyword_id_movie_keyword",
                            "Startup Cost": 0.0,
                            "Total Cost": 385.28,
                            "Plan Rows": 18247,
                            "Plan Width": 0,
                            "Actual Startup Time": 2.589,
                            "Actual Total Time": 2.589,
                            "Actual Rows": 20522,
                            "Actual Loops": 1,
                            "Index Cond": "(keyword_id = 382)"
                          }
                        ]
                      },
                      {
                        "Node Type": "Hash",
                        "Parent Relationship": "Inner",
                        "Parallel Aware": true,
                        "Startup Cost": 54588.39,
                        "Total Cost": 54588.39,
                        "Plan Rows": 7982,
                        "Plan Width": 4,
                        "Actual Startup Time": 159.857,
                        "Actual Total Time": 159.858,
                        "Actual Rows": 7214,
                        "Actual Loops": 2,
                        "Hash Buckets": 16384,
                        "Original Hash Buckets": 16384,
                        "Hash Batches": 1,
                        "Original Hash Batches": 1,
                        "Peak Memory Usage": 736,
                        "Plans": [
                          {
                            "Node Type": "Seq Scan",
                            "Parent Relationship": "Outer",
                            "Parallel Aware": true,
                            "Relation Name": "title",
                            "Alias": "t",
                            "Startup Cost": 0.0,
                            "Total Cost": 54588.39,
                            "Plan Rows": 7982,
                            "Plan Width": 4,
                            "Actual Startup Time": 0.156,
                            "Actual Total Time": 156.294,
                            "Actual Rows": 7214,
                            "Actual Loops": 2,
                            "Filter": "(production_year = 1978)",
                            "Rows Removed by Filter": 1256942
                          }
                        ]
                      }
                    ]
                  },
                  {
                    "Node Type": "Index Scan",
                    "Parent Relationship": "Inner",
                    "Parallel Aware": false,
                    "Scan Direction": "Forward",
                    "Index Name": "movie_id_movie_companies",
                    "Relation Name": "movie_companies",
                    "Alias": "mc",
                    "Startup Cost": 0.43,
                    "Total Cost": 6.38,
                    "Plan Rows": 3,
                    "Plan Width": 4,
                    "Actual Startup Time": 0.011,
                    "Actual Total Time": 0.015,
                    "Actual Rows": 4,
                    "Actual Loops": 270,
                    "Index Cond": "(movie_id = mk.movie_id)",
                    "Rows Removed by Index Recheck": 0,
                    "Filter": "(company_type_id < 2)",
                    "Rows Removed by Filter": 1
                  }
                ]
              }
            ]
          }
        ]
      }
    ]
  },
  "Planning Time": 1.073,
  "Triggers": [],
  "Execution Time": 211.995
}