[
  {
    "Plan": {
      "Node Type": "Aggregate",
      "Strategy": "Plain",
      "Partial Mode": "Finalize",
      "Parallel Aware": false,
      "Startup Cost": 44398.07,
      "Total Cost": 44398.08,
      "Plan Rows": 1,
      "Plan Width": 8,
      "Actual Startup Time": 116.409,
      "Actual Total Time": 125.793,
      "Actual Rows": 1,
      "Actual Loops": 1,
      "Plans": [
        {
          "Node Type": "Gather",
          "Parent Relationship": "Outer",
          "Parallel Aware": false,
          "Startup Cost": 44397.76,
          "Total Cost": 44398.07,
          "Plan Rows": 3,
          "Plan Width": 8,
          "Actual Startup Time": 116.286,
          "Actual Total Time": 125.785,
          "Actual Rows": 4,
          "Actual Loops": 1,
          "Workers Planned": 3,
          "Workers Launched": 3,
          "Single Copy": false,
          "Plans": [
            {
              "Node Type": "Aggregate",
              "Strategy": "Plain",
              "Partial Mode": "Partial",
              "Parent Relationship": "Outer",
              "Parallel Aware": false,
              "Startup Cost": 43397.76,
              "Total Cost": 43397.77,
              "Plan Rows": 1,
              "Plan Width": 8,
              "Actual Startup Time": 109.704,
              "Actual Total Time": 109.705,
              "Actual Rows": 1,
              "Actual Loops": 4,
              "Plans": [
                {
                  "Node Type": "Seq Scan",
                  "Parent Relationship": "Outer",
                  "Parallel Aware": true,
                  "Relation Name": "movie_keyword",
                  "Alias": "mk",
                  "Startup Cost": 0.0,
                  "Total Cost": 42695.65,
                  "Plan Rows": 280841,
                  "Plan Width": 0,
                  "Actual Startup Time": 2.538,
                  "Actual Total Time": 99.147,
                  "Actual Rows": 216635,
                  "Actual Loops": 4,
                  "Filter": "(keyword_id > 21261)",
                  "Rows Removed by Filter": 914348
                }
              ]
            }
          ]
        }
      ]
    },
    "Planning Time": 0.094,
    "Triggers": [],
    "Execution Time": 125.835
  }
]