{
  "Plan": {
    "Node Type": "Aggregate",
    "Strategy": "Plain",
    "Partial Mode": "Finalize",
    "Parallel Aware": false,
    "Startup Cost": 360398.82,
    "Total Cost": 360398.83,
    "Plan Rows": 1,
    "Plan Width": 8,
    "Actual Startup Time": 2460.788,
    "Actual Total Time": 2501.271,
    "Actual Rows": 1,
    "Actual Loops": 1,
    "Plans": [
      {
        "Node Type": "Gather",
        "Parent Relationship": "Outer",
        "Parallel Aware": false,
        "Startup Cost": 360398.71,
        "Total Cost": 360398.82,
        "Plan Rows": 1,
        "Plan Width": 8,
        "Actual Startup Time": 2458.715,
        "Actual Total Time": 2501.264,
        "Actual Rows": 2,
        "Actual Loops": 1,
        "Workers Planned": 1,
        "Workers Launched": 1,
        "Single Copy": false,
        "Plans": [
          {
            "Node Type": "Aggregate",
            "Strategy": "Plain",
            "Partial Mode": "Partial",
            "Parent Relationship": "Outer",
            "Parallel Aware": false,
            "Startup Cost": 359398.71,
            "Total Cost": 359398.72,
            "Plan Rows": 1,
            "Plan Width": 8,
            "Actual Startup Time": 2450.549,
            "Actual Total Time": 2450.552,
            "Actual Rows": 1,
            "Actual Loops": 2,
            "Plans": [
              {
                "Node Type": "Hash Join",
                "Parent Relationship": "Outer",
                "Parallel Aware": true,
                "Join Type": "Inner",
                "Startup Cost": 65128.9,
                "Total Cost": 351132.85,
                "Plan Rows": 3306345,
                "Plan Width": 0,
                "Actual Startup Time": 414.919,
                "Actual Total Time": 2318.267,
                "Actual Rows": 3382330,
                "Actual Loops": 2,
                "Inner Unique": true,
                "Hash Cond": "(mi.movie_id = t.id)",
                "Plans": [
                  {
                    "Node Type": "Seq Scan",
                    "Parent Relationship": "Outer",
                    "Parallel Aware": true,
                    "Relation Name": "movie_info",
                    "Alias": "mi",
                    "Startup Cost": 0.0,
                    "Total Cost": 270696.42,
                    "Plan Rows": 5831431,
                    "Plan Width": 4,
                    "Actual Startup Time": 33.397,
                    "Actual Total Time": 716.493,
                    "Actual Rows": 4955877,
                    "Actual Loops": 2,
                    "Filter": "(info_type_id > 4)",
                    "Rows Removed by Filter": 2461983
                  },
                  {
                    "Node Type": "Hash",
                    "Parent Relationship": "Inner",
                    "Parallel Aware": true,
                    "Startup Cost": 54588.39,
                    "Total Cost": 54588.39,
                    "Plan Rows": 843241,
                    "Plan Width": 4,
                    "Actual Startup Time": 366.543,
                    "Actual Total Time": 366.544,
                    "Actual Rows": 721649,
                    "Actual Loops": 2,
                    "Hash Buckets": 2097152,
                    "Original Hash Buckets": 2097152,
                    "Hash Batches": 1,
                    "Original Hash Batches": 1,
                    "Peak Memory Usage": 72864,
                    "Plans": [
                      {
                        "Node Type": "Seq Scan",
                        "Parent Relationship": "Outer",
                        "Parallel Aware": true,
                        "Relation Name": "title",
                        "Alias": "t",
                        "Startup Cost": 0.0,
                        "Total Cost": 54588.39,
                        "Plan Rows": 843241,
                        "Plan Width": 4,
                        "Actual Startup Time": 0.028,
                        "Actual Total Time": 166.01,
                        "Actual Rows": 721649,
                        "Actual Loops": 2,
                        "Filter": "(production_year < 2006)",
                        "Rows Removed by Filter": 542507
                      }
                    ]
                  }
                ]
              }
            ]
          }
        ]
      }
    ]
  },
  "Planning Time": 0.59,
  "Triggers": [],
  "Execution Time": 2501.348
}