[
  {
    "Plan": {
      "Node Type": "Aggregate",
      "Strategy": "Plain",
      "Partial Mode": "Finalize",
      "Parallel Aware": false,
      "Startup Cost": 333917.14,
      "Total Cost": 333917.15,
      "Plan Rows": 1,
      "Plan Width": 8,
      "Actual Startup Time": 643.768,
      "Actual Total Time": 701.529,
      "Actual Rows": 1,
      "Actual Loops": 1,
      "Plans": [
        {
          "Node Type": "Gather",
          "Parent Relationship": "Outer",
          "Parallel Aware": false,
          "Startup Cost": 333916.52,
          "Total Cost": 333917.12,
          "Plan Rows": 6,
          "Plan Width": 8,
          "Actual Startup Time": 643.629,
          "Actual Total Time": 701.519,
          "Actual Rows": 7,
          "Actual Loops": 1,
          "Workers Planned": 6,
          "Workers Launched": 6,
          "Single Copy": false,
          "Plans": [
            {
              "Node Type": "Aggregate",
              "Strategy": "Plain",
              "Partial Mode": "Partial",
              "Parent Relationship": "Outer",
              "Parallel Aware": false,
              "Startup Cost": 332916.52,
              "Total Cost": 332916.53,
              "Plan Rows": 1,
              "Plan Width": 8,
              "Actual Startup Time": 634.385,
              "Actual Total Time": 634.386,
              "Actual Rows": 1,
              "Actual Loops": 7,
              "Plans": [
                {
                  "Node Type": "Seq Scan",
                  "Parent Relationship": "Outer",
                  "Parallel Aware": true,
                  "Relation Name": "cast_info",
                  "Alias": "ci",
                  "Startup Cost": 0.0,
                  "Total Cost": 328162.03,
                  "Plan Rows": 1901796,
                  "Plan Width": 0,
                  "Actual Startup Time": 0.05,
                  "Actual Total Time": 563.128,
                  "Actual Rows": 1630189,
                  "Actual Loops": 7,
                  "Filter": "(person_id < 1121462)",
                  "Rows Removed by Filter": 3547575
                }
              ]
            }
          ]
        }
      ]
    },
    "Planning Time": 0.207,
    "Triggers": [],
    "Execution Time": 701.603
  }
]