[
    {
        "Bao": {
            "Bao prediction": "NaN",
            "Bao recommended hint": "(no hint)"
        }
    },
    {
        "Plan": {
            "Node Type": "Aggregate",
            "Strategy": "Plain",
            "Partial Mode": "Finalize",
            "Parallel Aware": false,
            "Startup Cost": 346454.1,
            "Total Cost": 346454.11,
            "Plan Rows": 1,
            "Plan Width": 8,
            "Actual Startup Time": 608.244,
            "Actual Total Time": 636.192,
            "Actual Rows": 1,
            "Actual Loops": 1,
            "Output": [
                "count(*)"
            ],
            "Plans": [
                {
                    "Node Type": "Gather",
                    "Parent Relationship": "Outer",
                    "Parallel Aware": false,
                    "Startup Cost": 346453.47,
                    "Total Cost": 346454.08,
                    "Plan Rows": 6,
                    "Plan Width": 8,
                    "Actual Startup Time": 608.123,
                    "Actual Total Time": 636.184,
                    "Actual Rows": 7,
                    "Actual Loops": 1,
                    "Output": [
                        "(PARTIAL count(*))"
                    ],
                    "Workers Planned": 6,
                    "Workers Launched": 6,
                    "Single Copy": false,
                    "Plans": [
                        {
                            "Node Type": "Aggregate",
                            "Strategy": "Plain",
                            "Partial Mode": "Partial",
                            "Parent Relationship": "Outer",
                            "Parallel Aware": false,
                            "Startup Cost": 345453.47,
                            "Total Cost": 345453.48,
                            "Plan Rows": 1,
                            "Plan Width": 8,
                            "Actual Startup Time": 598.461,
                            "Actual Total Time": 598.462,
                            "Actual Rows": 1,
                            "Actual Loops": 7,
                            "Output": [
                                "PARTIAL count(*)"
                            ],
                            "Workers": [
                                {
                                    "Worker Number": 0,
                                    "Actual Startup Time": 596.299,
                                    "Actual Total Time": 596.3,
                                    "Actual Rows": 1,
                                    "Actual Loops": 1
                                },
                                {
                                    "Worker Number": 1,
                                    "Actual Startup Time": 596.396,
                                    "Actual Total Time": 596.397,
                                    "Actual Rows": 1,
                                    "Actual Loops": 1
                                },
                                {
                                    "Worker Number": 2,
                                    "Actual Startup Time": 596.787,
                                    "Actual Total Time": 596.789,
                                    "Actual Rows": 1,
                                    "Actual Loops": 1
                                },
                                {
                                    "Worker Number": 3,
                                    "Actual Startup Time": 597.07,
                                    "Actual Total Time": 597.071,
                                    "Actual Rows": 1,
                                    "Actual Loops": 1
                                },
                                {
                                    "Worker Number": 4,
                                    "Actual Startup Time": 597.225,
                                    "Actual Total Time": 597.225,
                                    "Actual Rows": 1,
                                    "Actual Loops": 1
                                },
                                {
                                    "Worker Number": 5,
                                    "Actual Startup Time": 597.665,
                                    "Actual Total Time": 597.666,
                                    "Actual Rows": 1,
                                    "Actual Loops": 1
                                }
                            ],
                            "Plans": [
                                {
                                    "Node Type": "Seq Scan",
                                    "Parent Relationship": "Outer",
                                    "Parallel Aware": true,
                                    "Relation Name": "cast_info",
                                    "Schema": "public",
                                    "Alias": "ci",
                                    "Startup Cost": 0.0,
                                    "Total Cost": 343318.94,
                                    "Plan Rows": 853814,
                                    "Plan Width": 0,
                                    "Actual Startup Time": 320.798,
                                    "Actual Total Time": 576.812,
                                    "Actual Rows": 463447,
                                    "Actual Loops": 7,
                                    "Output": [
                                        "id",
                                        "person_id",
                                        "movie_id",
                                        "person_role_id",
                                        "note",
                                        "nr_order",
                                        "role_id"
                                    ],
                                    "Filter": "((ci.person_id < 1145791) AND (ci.role_id > 2))",
                                    "Rows Removed by Filter": 4714316,
                                    "Workers": [
                                        {
                                            "Worker Number": 0,
                                            "Actual Startup Time": 318.653,
                                            "Actual Total Time": 574.562,
                                            "Actual Rows": 317453,
                                            "Actual Loops": 1
                                        },
                                        {
                                            "Worker Number": 1,
                                            "Actual Startup Time": 318.731,
                                            "Actual Total Time": 575.928,
                                            "Actual Rows": 485004,
                                            "Actual Loops": 1
                                        },
                                        {
                                            "Worker Number": 2,
                                            "Actual Startup Time": 319.135,
                                            "Actual Total Time": 575.889,
                                            "Actual Rows": 495610,
                                            "Actual Loops": 1
                                        },
                                        {
                                            "Worker Number": 3,
                                            "Actual Startup Time": 319.404,
                                            "Actual Total Time": 576.503,
                                            "Actual Rows": 490032,
                                            "Actual Loops": 1
                                        },
                                        {
                                            "Worker Number": 4,
                                            "Actual Startup Time": 319.553,
                                            "Actual Total Time": 576.803,
                                            "Actual Rows": 484425,
                                            "Actual Loops": 1
                                        },
                                        {
                                            "Worker Number": 5,
                                            "Actual Startup Time": 319.99,
                                            "Actual Total Time": 575.895,
                                            "Actual Rows": 317473,
                                            "Actual Loops": 1
                                        }
                                    ]
                                }
                            ]
                        }
                    ]
                }
            ]
        },
        "Planning Time": 177.682,
        "Triggers": [],
        "Execution Time": 636.241
    }
]