{
  "Plan": {
    "Node Type": "Aggregate",
    "Strategy": "Plain",
    "Partial Mode": "Finalize",
    "Parallel Aware": false,
    "Startup Cost": 96660.99,
    "Total Cost": 96661.0,
    "Plan Rows": 1,
    "Plan Width": 96,
    "Actual Startup Time": 373.791,
    "Actual Total Time": 385.957,
    "Actual Rows": 1,
    "Actual Loops": 1,
    "Plans": [
      {
        "Node Type": "Gather",
        "Parent Relationship": "Outer",
        "Parallel Aware": false,
        "Startup Cost": 96660.87,
        "Total Cost": 96660.98,
        "Plan Rows": 1,
        "Plan Width": 96,
        "Actual Startup Time": 373.601,
        "Actual Total Time": 385.946,
        "Actual Rows": 2,
        "Actual Loops": 1,
        "Workers Planned": 1,
        "Workers Launched": 1,
        "Single Copy": false,
        "Plans": [
          {
            "Node Type": "Aggregate",
            "Strategy": "Plain",
            "Partial Mode": "Partial",
            "Parent Relationship": "Outer",
            "Parallel Aware": false,
            "Startup Cost": 95660.87,
            "Total Cost": 95660.88,
            "Plan Rows": 1,
            "Plan Width": 96,
            "Actual Startup Time": 366.28,
            "Actual Total Time": 366.287,
            "Actual Rows": 1,
            "Actual Loops": 2,
            "Plans": [
              {
                "Node Type": "Nested Loop",
                "Parent Relationship": "Outer",
                "Parallel Aware": false,
                "Join Type": "Inner",
                "Startup Cost": 37538.69,
                "Total Cost": 95660.74,
                "Plan Rows": 17,
                "Plan Width": 48,
                "Actual Startup Time": 133.016,
                "Actual Total Time": 366.256,
                "Actual Rows": 42,
                "Actual Loops": 2,
                "Inner Unique": true,
                "Plans": [
                  {
                    "Node Type": "Nested Loop",
                    "Parent Relationship": "Outer",
                    "Parallel Aware": false,
                    "Join Type": "Inner",
                    "Startup Cost": 37538.26,
                    "Total Cost": 95653.0,
                    "Plan Rows": 17,
                    "Plan Width": 37,
                    "Actual Startup Time": 132.98,
                    "Actual Total Time": 365.635,
                    "Actual Rows": 42,
                    "Actual Loops": 2,
                    "Inner Unique": false,
                    "Join Filter": "(t.id = ci.movie_id)",
                    "Rows Removed by Join Filter": 0,
                    "Plans": [
                      {
                        "Node Type": "Hash Join",
                        "Parent Relationship": "Outer",
                        "Parallel Aware": false,
                        "Join Type": "Inner",
                        "Startup Cost": 37537.7,
                        "Total Cost": 95651.05,
                        "Plan Rows": 1,
                        "Plan Width": 41,
                        "Actual Startup Time": 132.906,
                        "Actual Total Time": 365.086,
                        "Actual Rows": 16,
                        "Actual Loops": 2,
                        "Inner Unique": true,
                        "Hash Cond": "(mk.keyword_id = k.id)",
                        "Plans": [
                          {
                            "Node Type": "Hash Join",
                            "Parent Relationship": "Outer",
                            "Parallel Aware": true,
                            "Join Type": "Inner",
                            "Startup Cost": 33905.2,
                            "Total Cost": 91956.04,
                            "Plan Rows": 23811,
                            "Plan Width": 29,
                            "Actual Startup Time": 75.621,
                            "Actual Total Time": 322.078,
                            "Actual Rows": 3708,
                            "Actual Loops": 2,
                            "Inner Unique": true,
                            "Hash Cond": "(mk.movie_id = t.id)",
                            "Plans": [
                              {
                                "Node Type": "Seq Scan",
                                "Parent Relationship": "Outer",
                                "Parallel Aware": true,
                                "Relation Name": "movie_keyword",
                                "Alias": "mk",
                                "Startup Cost": 0.0,
                                "Total Cost": 51065.35,
                                "Plan Rows": 2661135,
                                "Plan Width": 8,
                                "Actual Startup Time": 0.011,
                                "Actual Total Time": 151.929,
                                "Actual Rows": 2261965,
                                "Actual Loops": 2
                              },
                              {
                                "Node Type": "Hash",
                                "Parent Relationship": "Inner",
                                "Parallel Aware": true,
                                "Startup Cost": 33738.86,
                                "Total Cost": 33738.86,
                                "Plan Rows": 13307,
                                "Plan Width": 21,
                                "Actual Startup Time": 18.759,
                                "Actual Total Time": 18.76,
                                "Actual Rows": 12254,
                                "Actual Loops": 2,
                                "Hash Buckets": 32768,
                                "Original Hash Buckets": 32768,
                                "Hash Batches": 1,
                                "Original Hash Batches": 1,
                                "Peak Memory Usage": 1888,
                                "Plans": [
                                  {
                                    "Node Type": "Bitmap Heap Scan",
                                    "Parent Relationship": "Outer",
                                    "Parallel Aware": true,
                                    "Relation Name": "title",
                                    "Alias": "t",
                                    "Startup Cost": 427.75,
                                    "Total Cost": 33738.86,
                                    "Plan Rows": 13307,
                                    "Plan Width": 21,
                                    "Actual Startup Time": 2.2,
                                    "Actual Total Time": 15.878,
                                    "Actual Rows": 12254,
                                    "Actual Loops": 2,
                                    "Recheck Cond": "(production_year < 1910)",
                                    "Rows Removed by Index Recheck": 0,
                                    "Exact Heap Blocks": 9236,
                                    "Lossy Heap Blocks": 0,
                                    "Plans": [
                                      {
                                        "Node Type": "Bitmap Index Scan",
                                        "Parent Relationship": "Outer",
                                        "Parallel Aware": false,
                                        "Index Name": "idx_title_production_year",
                                        "Startup Cost": 0.0,
                                        "Total Cost": 422.09,
                                        "Plan Rows": 22622,
                                        "Plan Width": 0,
                                        "Actual Startup Time": 2.946,
                                        "Actual Total Time": 2.947,
                                        "Actual Rows": 24508,
                                        "Actual Loops": 1,
                                        "Index Cond": "(production_year < 1910)"
                                      }
                                    ]
                                  }
                                ]
                              }
                            ]
                          },
                          {
                            "Node Type": "Hash",
                            "Parent Relationship": "Inner",
                            "Parallel Aware": false,
                            "Startup Cost": 3632.4,
                            "Total Cost": 3632.4,
                            "Plan Rows": 8,
                            "Plan Width": 20,
                            "Actual Startup Time": 42.437,
                            "Actual Total Time": 42.438,
                            "Actual Rows": 8,
                            "Actual Loops": 2,
                            "Hash Buckets": 1024,
                            "Original Hash Buckets": 1024,
                            "Hash Batches": 1,
                            "Original Hash Batches": 1,
                            "Peak Memory Usage": 9,
                            "Plans": [
                              {
                                "Node Type": "Seq Scan",
                                "Parent Relationship": "Outer",
                                "Parallel Aware": false,
                                "Relation Name": "keyword",
                                "Alias": "k",
                                "Startup Cost": 0.0,
                                "Total Cost": 3632.4,
                                "Plan Rows": 8,
                                "Plan Width": 20,
                                "Actual Startup Time": 0.335,
                                "Actual Total Time": 42.405,
                                "Actual Rows": 8,
                                "Actual Loops": 2,
                                "Filter": "(keyword = ANY ('{superhero,sequel,second-part,marvel-comics,based-on-comic,tv-special,fight,violence}'::text[]))",
                                "Rows Removed by Filter": 134162
                              }
                            ]
                          }
                        ]
                      },
                      {
                        "Node Type": "Index Scan",
                        "Parent Relationship": "Inner",
                        "Parallel Aware": false,
                        "Scan Direction": "Forward",
                        "Index Name": "movie_id_cast_info",
                        "Relation Name": "cast_info",
                        "Alias": "ci",
                        "Startup Cost": 0.56,
                        "Total Cost": 1.52,
                        "Plan Rows": 35,
                        "Plan Width": 8,
                        "Actual Startup Time": 0.024,
                        "Actual Total Time": 0.032,
                        "Actual Rows": 3,
                        "Actual Loops": 32,
                        "Index Cond": "(movie_id = mk.movie_id)",
                        "Rows Removed by Index Recheck": 0
                      }
                    ]
                  },
                  {
                    "Node Type": "Index Scan",
                    "Parent Relationship": "Inner",
                    "Parallel Aware": false,
                    "Scan Direction": "Forward",
                    "Index Name": "name_pkey",
                    "Relation Name": "name",
                    "Alias": "n",
                    "Startup Cost": 0.43,
                    "Total Cost": 0.46,
                    "Plan Rows": 1,
                    "Plan Width": 19,
                    "Actual Startup Time": 0.014,
                    "Actual Total Time": 0.014,
                    "Actual Rows": 1,
                    "Actual Loops": 85,
                    "Index Cond": "(id = ci.person_id)",
                    "Rows Removed by Index Recheck": 0
                  }
                ]
              }
            ]
          }
        ]
      }
    ]
  },
  "Planning Time": 1.452,
  "Triggers": [],
  "Execution Time": 386.102
}