[
  {
    "Plan": {
      "Node Type": "Aggregate",
      "Strategy": "Plain",
      "Partial Mode": "Finalize",
      "Parallel Aware": false,
      "Startup Cost": 287976.62,
      "Total Cost": 287976.63,
      "Plan Rows": 1,
      "Plan Width": 8,
      "Actual Startup Time": 1593.072,
      "Actual Total Time": 1643.897,
      "Actual Rows": 1,
      "Actual Loops": 1,
      "Plans": [
        {
          "Node Type": "Gather",
          "Parent Relationship": "Outer",
          "Parallel Aware": false,
          "Startup Cost": 287976.1,
          "Total Cost": 287976.61,
          "Plan Rows": 5,
          "Plan Width": 8,
          "Actual Startup Time": 1572.981,
          "Actual Total Time": 1643.885,
          "Actual Rows": 6,
          "Actual Loops": 1,
          "Workers Planned": 5,
          "Workers Launched": 5,
          "Single Copy": false,
          "Plans": [
            {
              "Node Type": "Aggregate",
              "Strategy": "Plain",
              "Partial Mode": "Partial",
              "Parent Relationship": "Outer",
              "Parallel Aware": false,
              "Startup Cost": 286976.1,
              "Total Cost": 286976.11,
              "Plan Rows": 1,
              "Plan Width": 8,
              "Actual Startup Time": 1561.714,
              "Actual Total Time": 1561.721,
              "Actual Rows": 1,
              "Actual Loops": 6,
              "Plans": [
                {
                  "Node Type": "Hash Join",
                  "Parent Relationship": "Outer",
                  "Parallel Aware": true,
                  "Join Type": "Inner",
                  "Startup Cost": 81426.64,
                  "Total Cost": 285784.26,
                  "Plan Rows": 476735,
                  "Plan Width": 0,
                  "Actual Startup Time": 537.669,
                  "Actual Total Time": 1492.951,
                  "Actual Rows": 1136504,
                  "Actual Loops": 6,
                  "Inner Unique": false,
                  "Hash Cond": "(mi.movie_id = t.id)",
                  "Plans": [
                    {
                      "Node Type": "Seq Scan",
                      "Parent Relationship": "Outer",
                      "Parallel Aware": true,
                      "Relation Name": "movie_info",
                      "Alias": "mi",
                      "Startup Cost": 0.0,
                      "Total Cost": 191685.19,
                      "Plan Rows": 2969219,
                      "Plan Width": 4,
                      "Actual Startup Time": 0.047,
                      "Actual Total Time": 369.711,
                      "Actual Rows": 2472620,
                      "Actual Loops": 6
                    },
                    {
                      "Node Type": "Hash",
                      "Parent Relationship": "Inner",
                      "Parallel Aware": true,
                      "Startup Cost": 79789.71,
                      "Total Cost": 79789.71,
                      "Plan Rows": 130955,
                      "Plan Width": 8,
                      "Actual Startup Time": 533.76,
                      "Actual Total Time": 533.765,
                      "Actual Rows": 66902,
                      "Actual Loops": 6,
                      "Hash Buckets": 524288,
                      "Original Hash Buckets": 524288,
                      "Hash Batches": 1,
                      "Original Hash Batches": 1,
                      "Peak Memory Usage": 19904,
                      "Plans": [
                        {
                          "Node Type": "Hash Join",
                          "Parent Relationship": "Outer",
                          "Parallel Aware": true,
                          "Join Type": "Inner",
                          "Startup Cost": 59019.01,
                          "Total Cost": 79789.71,
                          "Plan Rows": 130955,
                          "Plan Width": 8,
                          "Actual Startup Time": 411.275,
                          "Actual Total Time": 499.837,
                          "Actual Rows": 66902,
                          "Actual Loops": 6,
                          "Inner Unique": true,
                          "Hash Cond": "(mc.movie_id = t.id)",
                          "Plans": [
                            {
                              "Node Type": "Bitmap Heap Scan",
                              "Parent Relationship": "Outer",
                              "Parallel Aware": true,
                              "Relation Name": "movie_companies",
                              "Alias": "mc",
                              "Startup Cost": 8798.63,
                              "Total Cost": 29225.57,
                              "Plan Rows": 130955,
                              "Plan Width": 4,
                              "Actual Startup Time": 30.501,
                              "Actual Total Time": 66.827,
                              "Actual Rows": 66902,
                              "Actual Loops": 6,
                              "Recheck Cond": "(company_id < 253)",
                              "Rows Removed by Index Recheck": 0,
                              "Exact Heap Blocks": 3401,
                              "Lossy Heap Blocks": 0,
                              "Plans": [
                                {
                                  "Node Type": "Bitmap Index Scan",
                                  "Parent Relationship": "Outer",
                                  "Parallel Aware": false,
                                  "Index Name": "company_id_movie_companies",
                                  "Startup Cost": 0.0,
                                  "Total Cost": 8697.14,
                                  "Plan Rows": 405961,
                                  "Plan Width": 0,
                                  "Actual Startup Time": 26.182,
                                  "Actual Total Time": 26.183,
                                  "Actual Rows": 401412,
                                  "Actual Loops": 1,
                                  "Index Cond": "(company_id < 253)"
                                }
                              ]
                            },
                            {
                              "Node Type": "Hash",
                              "Parent Relationship": "Inner",
                              "Parallel Aware": true,
                              "Startup Cost": 42319.06,
                              "Total Cost": 42319.06,
                              "Plan Rows": 632106,
                              "Plan Width": 4,
                              "Actual Startup Time": 372.596,
                              "Actual Total Time": 372.596,
                              "Actual Rows": 421385,
                              "Actual Loops": 6,
                              "Hash Buckets": 4194304,
                              "Original Hash Buckets": 4194304,
                              "Hash Batches": 1,
                              "Original Hash Batches": 1,
                              "Peak Memory Usage": 131776,
                              "Plans": [
                                {
                                  "Node Type": "Seq Scan",
                                  "Parent Relationship": "Outer",
                                  "Parallel Aware": true,
                                  "Relation Name": "title",
                                  "Alias": "t",
                                  "Startup Cost": 0.0,
                                  "Total Cost": 42319.06,
                                  "Plan Rows": 632106,
                                  "Plan Width": 4,
                                  "Actual Startup Time": 0.078,
                                  "Actual Total Time": 101.703,
                                  "Actual Rows": 421385,
                                  "Actual Loops": 6
                                }
                              ]
                            }
                          ]
                        }
                      ]
                    }
                  ]
                }
              ]
            }
          ]
        }
      ]
    },
    "Planning Time": 1.503,
    "Triggers": [],
    "Execution Time": 1644.034
  }
]