[
  {
    "Plan": {
      "Node Type": "Aggregate",
      "Strategy": "Plain",
      "Partial Mode": "Finalize",
      "Parallel Aware": false,
      "Startup Cost": 64898.87,
      "Total Cost": 64898.88,
      "Plan Rows": 1,
      "Plan Width": 8,
      "Actual Startup Time": 413.324,
      "Actual Total Time": 425.987,
      "Actual Rows": 1,
      "Actual Loops": 1,
      "Plans": [
        {
          "Node Type": "Gather",
          "Parent Relationship": "Outer",
          "Parallel Aware": false,
          "Startup Cost": 64898.66,
          "Total Cost": 64898.87,
          "Plan Rows": 2,
          "Plan Width": 8,
          "Actual Startup Time": 410.593,
          "Actual Total Time": 425.976,
          "Actual Rows": 3,
          "Actual Loops": 1,
          "Workers Planned": 2,
          "Workers Launched": 2,
          "Single Copy": false,
          "Plans": [
            {
              "Node Type": "Aggregate",
              "Strategy": "Plain",
              "Partial Mode": "Partial",
              "Parent Relationship": "Outer",
              "Parallel Aware": false,
              "Startup Cost": 63898.66,
              "Total Cost": 63898.67,
              "Plan Rows": 1,
              "Plan Width": 8,
              "Actual Startup Time": 403.96,
              "Actual Total Time": 403.964,
              "Actual Rows": 1,
              "Actual Loops": 3,
              "Plans": [
                {
                  "Node Type": "Hash Join",
                  "Parent Relationship": "Outer",
                  "Parallel Aware": true,
                  "Join Type": "Inner",
                  "Startup Cost": 48207.65,
                  "Total Cost": 63402.21,
                  "Plan Rows": 198579,
                  "Plan Width": 0,
                  "Actual Startup Time": 245.264,
                  "Actual Total Time": 389.416,
                  "Actual Rows": 305226,
                  "Actual Loops": 3,
                  "Inner Unique": true,
                  "Hash Cond": "(mi_idx.movie_id = t.id)",
                  "Plans": [
                    {
                      "Node Type": "Seq Scan",
                      "Parent Relationship": "Outer",
                      "Parallel Aware": true,
                      "Relation Name": "movie_info_idx",
                      "Alias": "mi_idx",
                      "Startup Cost": 0.0,
                      "Total Cost": 13685.15,
                      "Plan Rows": 575015,
                      "Plan Width": 4,
                      "Actual Startup Time": 0.023,
                      "Actual Total Time": 39.913,
                      "Actual Rows": 460012,
                      "Actual Loops": 3
                    },
                    {
                      "Node Type": "Hash",
                      "Parent Relationship": "Inner",
                      "Parallel Aware": true,
                      "Startup Cost": 45479.1,
                      "Total Cost": 45479.1,
                      "Plan Rows": 218284,
                      "Plan Width": 4,
                      "Actual Startup Time": 238.78,
                      "Actual Total Time": 238.781,
                      "Actual Rows": 298929,
                      "Actual Loops": 3,
                      "Hash Buckets": 1048576,
                      "Original Hash Buckets": 1048576,
                      "Hash Batches": 1,
                      "Original Hash Batches": 1,
                      "Peak Memory Usage": 43328,
                      "Plans": [
                        {
                          "Node Type": "Seq Scan",
                          "Parent Relationship": "Outer",
                          "Parallel Aware": true,
                          "Relation Name": "title",
                          "Alias": "t",
                          "Startup Cost": 0.0,
                          "Total Cost": 45479.1,
                          "Plan Rows": 218284,
                          "Plan Width": 4,
                          "Actual Startup Time": 0.034,
                          "Actual Total Time": 136.081,
                          "Actual Rows": 298929,
                          "Actual Loops": 3,
                          "Filter": "((kind_id < 7) AND (production_year < 2012))",
                          "Rows Removed by Filter": 543841
                        }
                      ]
                    }
                  ]
                }
              ]
            }
          ]
        }
      ]
    },
    "Planning Time": 0.653,
    "Triggers": [],
    "Execution Time": 426.073
  }
]