{
  "Plan": {
    "Node Type": "Aggregate",
    "Strategy": "Plain",
    "Partial Mode": "Finalize",
    "Parallel Aware": false,
    "Startup Cost": 30582.05,
    "Total Cost": 30582.06,
    "Plan Rows": 1,
    "Plan Width": 8,
    "Actual Startup Time": 39.276,
    "Actual Total Time": 44.856,
    "Actual Rows": 1,
    "Actual Loops": 1,
    "Plans": [
      {
        "Node Type": "Gather",
        "Parent Relationship": "Outer",
        "Parallel Aware": false,
        "Startup Cost": 30581.94,
        "Total Cost": 30582.05,
        "Plan Rows": 1,
        "Plan Width": 8,
        "Actual Startup Time": 39.182,
        "Actual Total Time": 44.85,
        "Actual Rows": 2,
        "Actual Loops": 1,
        "Workers Planned": 1,
        "Workers Launched": 1,
        "Single Copy": false,
        "Plans": [
          {
            "Node Type": "Aggregate",
            "Strategy": "Plain",
            "Partial Mode": "Partial",
            "Parent Relationship": "Outer",
            "Parallel Aware": false,
            "Startup Cost": 29581.94,
            "Total Cost": 29581.95,
            "Plan Rows": 1,
            "Plan Width": 8,
            "Actual Startup Time": 32.965,
            "Actual Total Time": 32.967,
            "Actual Rows": 1,
            "Actual Loops": 2,
            "Plans": [
              {
                "Node Type": "Nested Loop",
                "Parent Relationship": "Outer",
                "Parallel Aware": false,
                "Join Type": "Inner",
                "Startup Cost": 93.58,
                "Total Cost": 29579.5,
                "Plan Rows": 974,
                "Plan Width": 0,
                "Actual Startup Time": 2.935,
                "Actual Total Time": 32.531,
                "Actual Rows": 2368,
                "Actual Loops": 2,
                "Inner Unique": true,
                "Plans": [
                  {
                    "Node Type": "Bitmap Heap Scan",
                    "Parent Relationship": "Outer",
                    "Parallel Aware": true,
                    "Relation Name": "movie_keyword",
                    "Alias": "mk",
                    "Startup Cost": 93.15,
                    "Total Cost": 11023.11,
                    "Plan Rows": 2484,
                    "Plan Width": 4,
                    "Actual Startup Time": 2.738,
                    "Actual Total Time": 10.511,
                    "Actual Rows": 2398,
                    "Actual Loops": 2,
                    "Recheck Cond": "(keyword_id = 11662)",
                    "Rows Removed by Index Recheck": 0,
                    "Exact Heap Blocks": 2698,
                    "Lossy Heap Blocks": 0,
                    "Plans": [
                      {
                        "Node Type": "Bitmap Index Scan",
                        "Parent Relationship": "Outer",
                        "Parallel Aware": false,
                        "Index Name": "keyword_id_movie_keyword",
                        "Startup Cost": 0.0,
                        "Total Cost": 92.1,
                        "Plan Rows": 4222,
                        "Plan Width": 0,
                        "Actual Startup Time": 3.741,
                        "Actual Total Time": 3.742,
                        "Actual Rows": 4797,
                        "Actual Loops": 1,
                        "Index Cond": "(keyword_id = 11662)"
                      }
                    ]
                  },
                  {
                    "Node Type": "Index Scan",
                    "Parent Relationship": "Inner",
                    "Parallel Aware": false,
                    "Scan Direction": "Forward",
                    "Index Name": "title_pkey",
                    "Relation Name": "title",
                    "Alias": "t",
                    "Startup Cost": 0.43,
                    "Total Cost": 7.47,
                    "Plan Rows": 1,
                    "Plan Width": 4,
                    "Actual Startup Time": 0.008,
                    "Actual Total Time": 0.008,
                    "Actual Rows": 1,
                    "Actual Loops": 4797,
                    "Index Cond": "(id = mk.movie_id)",
                    "Rows Removed by Index Recheck": 0,
                    "Filter": "(kind_id < 7)",
                    "Rows Removed by Filter": 0
                  }
                ]
              }
            ]
          }
        ]
      }
    ]
  },
  "Planning Time": 0.463,
  "Triggers": [],
  "Execution Time": 44.948
}