{
  "Plan": {
    "Node Type": "Aggregate",
    "Strategy": "Plain",
    "Partial Mode": "Finalize",
    "Parallel Aware": false,
    "Startup Cost": 631040.14,
    "Total Cost": 631040.15,
    "Plan Rows": 1,
    "Plan Width": 8,
    "Actual Startup Time": 1585.59,
    "Actual Total Time": 1622.04,
    "Actual Rows": 1,
    "Actual Loops": 1,
    "Plans": [
      {
        "Node Type": "Gather",
        "Parent Relationship": "Outer",
        "Parallel Aware": false,
        "Startup Cost": 631040.02,
        "Total Cost": 631040.13,
        "Plan Rows": 1,
        "Plan Width": 8,
        "Actual Startup Time": 1584.933,
        "Actual Total Time": 1622.032,
        "Actual Rows": 2,
        "Actual Loops": 1,
        "Workers Planned": 1,
        "Workers Launched": 1,
        "Single Copy": false,
        "Plans": [
          {
            "Node Type": "Aggregate",
            "Strategy": "Plain",
            "Partial Mode": "Partial",
            "Parent Relationship": "Outer",
            "Parallel Aware": false,
            "Startup Cost": 630040.02,
            "Total Cost": 630040.03,
            "Plan Rows": 1,
            "Plan Width": 8,
            "Actual Startup Time": 1578.853,
            "Actual Total Time": 1578.857,
            "Actual Rows": 1,
            "Actual Loops": 2,
            "Plans": [
              {
                "Node Type": "Hash Join",
                "Parent Relationship": "Outer",
                "Parallel Aware": true,
                "Join Type": "Inner",
                "Startup Cost": 279861.87,
                "Total Cost": 629953.39,
                "Plan Rows": 34654,
                "Plan Width": 0,
                "Actual Startup Time": 627.282,
                "Actual Total Time": 1576.524,
                "Actual Rows": 42160,
                "Actual Loops": 2,
                "Inner Unique": true,
                "Hash Cond": "(ci.movie_id = t.id)",
                "Plans": [
                  {
                    "Node Type": "Bitmap Heap Scan",
                    "Parent Relationship": "Outer",
                    "Parallel Aware": true,
                    "Relation Name": "cast_info",
                    "Alias": "ci",
                    "Startup Cost": 221356.88,
                    "Total Cost": 562929.92,
                    "Plan Rows": 3245131,
                    "Plan Width": 4,
                    "Actual Startup Time": 485.42,
                    "Actual Total Time": 1113.145,
                    "Actual Rows": 3652002,
                    "Actual Loops": 2,
                    "Recheck Cond": "(person_id < 996565)",
                    "Rows Removed by Index Recheck": 0,
                    "Filter": "(role_id < 3)",
                    "Rows Removed by Filter": 1418410,
                    "Exact Heap Blocks": 60350,
                    "Lossy Heap Blocks": 0,
                    "Plans": [
                      {
                        "Node Type": "Bitmap Index Scan",
                        "Parent Relationship": "Outer",
                        "Parallel Aware": false,
                        "Index Name": "person_id_cast_info",
                        "Startup Cost": 0.0,
                        "Total Cost": 219977.7,
                        "Plan Rows": 10073751,
                        "Plan Width": 0,
                        "Actual Startup Time": 464.366,
                        "Actual Total Time": 464.367,
                        "Actual Rows": 10140825,
                        "Actual Loops": 1,
                        "Index Cond": "(person_id < 996565)"
                      }
                    ]
                  },
                  {
                    "Node Type": "Hash",
                    "Parent Relationship": "Inner",
                    "Parallel Aware": true,
                    "Startup Cost": 58306.47,
                    "Total Cost": 58306.47,
                    "Plan Rows": 15882,
                    "Plan Width": 4,
                    "Actual Startup Time": 140.521,
                    "Actual Total Time": 140.522,
                    "Actual Rows": 13542,
                    "Actual Loops": 2,
                    "Hash Buckets": 32768,
                    "Original Hash Buckets": 32768,
                    "Hash Batches": 1,
                    "Original Hash Batches": 1,
                    "Peak Memory Usage": 1344,
                    "Plans": [
                      {
                        "Node Type": "Seq Scan",
                        "Parent Relationship": "Outer",
                        "Parallel Aware": true,
                        "Relation Name": "title",
                        "Alias": "t",
                        "Startup Cost": 0.0,
                        "Total Cost": 58306.47,
                        "Plan Rows": 15882,
                        "Plan Width": 4,
                        "Actual Startup Time": 0.146,
                        "Actual Total Time": 136.987,
                        "Actual Rows": 13542,
                        "Actual Loops": 2,
                        "Filter": "((kind_id < 7) AND (production_year > 2012))",
                        "Rows Removed by Filter": 1250614
                      }
                    ]
                  }
                ]
              }
            ]
          }
        ]
      }
    ]
  },
  "Planning Time": 0.52,
  "Triggers": [],
  "Execution Time": 1622.137
}