[
  {
    "Plan": {
      "Node Type": "Aggregate",
      "Strategy": "Plain",
      "Partial Mode": "Simple",
      "Parallel Aware": false,
      "Startup Cost": 20381.74,
      "Total Cost": 20381.75,
      "Plan Rows": 1,
      "Plan Width": 8,
      "Actual Startup Time": 9.744,
      "Actual Total Time": 9.745,
      "Actual Rows": 1,
      "Actual Loops": 1,
      "Plans": [
        {
          "Node Type": "Bitmap Heap Scan",
          "Parent Relationship": "Outer",
          "Parallel Aware": false,
          "Relation Name": "movie_companies",
          "Alias": "mc",
          "Startup Cost": 447.53,
          "Total Cost": 20330.42,
          "Plan Rows": 20529,
          "Plan Width": 0,
          "Actual Startup Time": 1.678,
          "Actual Total Time": 7.838,
          "Actual Rows": 18933,
          "Actual Loops": 1,
          "Recheck Cond": "(company_id > 217271)",
          "Rows Removed by Index Recheck": 0,
          "Exact Heap Blocks": 825,
          "Lossy Heap Blocks": 0,
          "Plans": [
            {
              "Node Type": "Bitmap Index Scan",
              "Parent Relationship": "Outer",
              "Parallel Aware": false,
              "Index Name": "company_id_movie_companies",
              "Startup Cost": 0.0,
              "Total Cost": 442.4,
              "Plan Rows": 20529,
              "Plan Width": 0,
              "Actual Startup Time": 1.508,
              "Actual Total Time": 1.509,
              "Actual Rows": 18933,
              "Actual Loops": 1,
              "Index Cond": "(company_id > 217271)"
            }
          ]
        }
      ]
    },
    "Planning Time": 0.141,
    "Triggers": [],
    "Execution Time": 9.784
  }
]