[
  {
    "Plan": {
      "Node Type": "Aggregate",
      "Strategy": "Plain",
      "Partial Mode": "Finalize",
      "Parallel Aware": false,
      "Startup Cost": 32660.12,
      "Total Cost": 32660.13,
      "Plan Rows": 1,
      "Plan Width": 8,
      "Actual Startup Time": 101.853,
      "Actual Total Time": 110.495,
      "Actual Rows": 1,
      "Actual Loops": 1,
      "Plans": [
        {
          "Node Type": "Gather",
          "Parent Relationship": "Outer",
          "Parallel Aware": false,
          "Startup Cost": 32659.81,
          "Total Cost": 32660.12,
          "Plan Rows": 3,
          "Plan Width": 8,
          "Actual Startup Time": 101.71,
          "Actual Total Time": 110.482,
          "Actual Rows": 4,
          "Actual Loops": 1,
          "Workers Planned": 3,
          "Workers Launched": 3,
          "Single Copy": false,
          "Plans": [
            {
              "Node Type": "Aggregate",
              "Strategy": "Plain",
              "Partial Mode": "Partial",
              "Parent Relationship": "Outer",
              "Parallel Aware": false,
              "Startup Cost": 31659.81,
              "Total Cost": 31659.82,
              "Plan Rows": 1,
              "Plan Width": 8,
              "Actual Startup Time": 94.814,
              "Actual Total Time": 94.816,
              "Actual Rows": 1,
              "Actual Loops": 4,
              "Plans": [
                {
                  "Node Type": "Seq Scan",
                  "Parent Relationship": "Outer",
                  "Parallel Aware": true,
                  "Relation Name": "movie_companies",
                  "Alias": "mc",
                  "Startup Cost": 0.0,
                  "Total Cost": 31414.82,
                  "Plan Rows": 97995,
                  "Plan Width": 0,
                  "Actual Startup Time": 0.03,
                  "Actual Total Time": 86.414,
                  "Actual Rows": 111045,
                  "Actual Loops": 4,
                  "Filter": "((company_id < 754) AND (company_type_id < 2))",
                  "Rows Removed by Filter": 541237
                }
              ]
            }
          ]
        }
      ]
    },
    "Planning Time": 0.093,
    "Triggers": [],
    "Execution Time": 110.527
  }
]