[
  {
    "Plan": {
      "Node Type": "Aggregate",
      "Strategy": "Plain",
      "Partial Mode": "Finalize",
      "Parallel Aware": false,
      "Startup Cost": 107678.96,
      "Total Cost": 107678.97,
      "Plan Rows": 1,
      "Plan Width": 8,
      "Actual Startup Time": 712.844,
      "Actual Total Time": 729.257,
      "Actual Rows": 1,
      "Actual Loops": 1,
      "Plans": [
        {
          "Node Type": "Gather",
          "Parent Relationship": "Outer",
          "Parallel Aware": false,
          "Startup Cost": 107678.75,
          "Total Cost": 107678.96,
          "Plan Rows": 2,
          "Plan Width": 8,
          "Actual Startup Time": 708.855,
          "Actual Total Time": 729.249,
          "Actual Rows": 3,
          "Actual Loops": 1,
          "Workers Planned": 2,
          "Workers Launched": 2,
          "Single Copy": false,
          "Plans": [
            {
              "Node Type": "Aggregate",
              "Strategy": "Plain",
              "Partial Mode": "Partial",
              "Parent Relationship": "Outer",
              "Parallel Aware": false,
              "Startup Cost": 106678.75,
              "Total Cost": 106678.76,
              "Plan Rows": 1,
              "Plan Width": 8,
              "Actual Startup Time": 699.911,
              "Actual Total Time": 699.917,
              "Actual Rows": 1,
              "Actual Loops": 3,
              "Plans": [
                {
                  "Node Type": "Hash Join",
                  "Parent Relationship": "Outer",
                  "Parallel Aware": true,
                  "Join Type": "Inner",
                  "Startup Cost": 90381.19,
                  "Total Cost": 106479.6,
                  "Plan Rows": 79658,
                  "Plan Width": 0,
                  "Actual Startup Time": 507.182,
                  "Actual Total Time": 659.98,
                  "Actual Rows": 975163,
                  "Actual Loops": 3,
                  "Inner Unique": false,
                  "Hash Cond": "(mi_idx.movie_id = t.id)",
                  "Plans": [
                    {
                      "Node Type": "Seq Scan",
                      "Parent Relationship": "Outer",
                      "Parallel Aware": true,
                      "Relation Name": "movie_info_idx",
                      "Alias": "mi_idx",
                      "Startup Cost": 0.0,
                      "Total Cost": 13685.15,
                      "Plan Rows": 575015,
                      "Plan Width": 4,
                      "Actual Startup Time": 0.027,
                      "Actual Total Time": 34.229,
                      "Actual Rows": 460012,
                      "Actual Loops": 3
                    },
                    {
                      "Node Type": "Hash",
                      "Parent Relationship": "Inner",
                      "Parallel Aware": true,
                      "Startup Cost": 88968.88,
                      "Total Cost": 88968.88,
                      "Plan Rows": 112985,
                      "Plan Width": 8,
                      "Actual Startup Time": 503.144,
                      "Actual Total Time": 503.148,
                      "Actual Rows": 388794,
                      "Actual Loops": 3,
                      "Hash Buckets": 2097152,
                      "Original Hash Buckets": 524288,
                      "Hash Batches": 1,
                      "Original Hash Batches": 1,
                      "Peak Memory Usage": 74336,
                      "Plans": [
                        {
                          "Node Type": "Hash Join",
                          "Parent Relationship": "Outer",
                          "Parallel Aware": true,
                          "Join Type": "Inner",
                          "Startup Cost": 46090.8,
                          "Total Cost": 88968.88,
                          "Plan Rows": 112985,
                          "Plan Width": 8,
                          "Actual Startup Time": 141.53,
                          "Actual Total Time": 404.312,
                          "Actual Rows": 388794,
                          "Actual Loops": 3,
                          "Inner Unique": true,
                          "Hash Cond": "(mk.movie_id = t.id)",
                          "Plans": [
                            {
                              "Node Type": "Seq Scan",
                              "Parent Relationship": "Outer",
                              "Parallel Aware": true,
                              "Relation Name": "movie_keyword",
                              "Alias": "mk",
                              "Startup Cost": 0.0,
                              "Total Cost": 39047.32,
                              "Plan Rows": 1459332,
                              "Plan Width": 4,
                              "Actual Startup Time": 0.021,
                              "Actual Total Time": 108.707,
                              "Actual Rows": 1507977,
                              "Actual Loops": 3
                            },
                            {
                              "Node Type": "Hash",
                              "Parent Relationship": "Inner",
                              "Parallel Aware": true,
                              "Startup Cost": 45479.1,
                              "Total Cost": 45479.1,
                              "Plan Rows": 48936,
                              "Plan Width": 4,
                              "Actual Startup Time": 140.27,
                              "Actual Total Time": 140.271,
                              "Actual Rows": 102398,
                              "Actual Loops": 3,
                              "Hash Buckets": 524288,
                              "Original Hash Buckets": 262144,
                              "Hash Batches": 1,
                              "Original Hash Batches": 1,
                              "Peak Memory Usage": 18208,
                              "Plans": [
                                {
                                  "Node Type": "Seq Scan",
                                  "Parent Relationship": "Outer",
                                  "Parallel Aware": true,
                                  "Relation Name": "title",
                                  "Alias": "t",
                                  "Startup Cost": 0.0,
                                  "Total Cost": 45479.1,
                                  "Plan Rows": 48936,
                                  "Plan Width": 4,
                                  "Actual Startup Time": 0.105,
                                  "Actual Total Time": 109.704,
                                  "Actual Rows": 102398,
                                  "Actual Loops": 3,
                                  "Filter": "((kind_id < 7) AND (production_year < 1980))",
                                  "Rows Removed by Filter": 740373
                                }
                              ]
                            }
                          ]
                        }
                      ]
                    }
                  ]
                }
              ]
            }
          ]
        }
      ]
    },
    "Planning Time": 1.314,
    "Triggers": [],
    "Execution Time": 729.335
  }
]