[
  {
    "Plan": {
      "Node Type": "Aggregate",
      "Strategy": "Plain",
      "Partial Mode": "Finalize",
      "Parallel Aware": false,
      "Startup Cost": 91571.44,
      "Total Cost": 91571.45,
      "Plan Rows": 1,
      "Plan Width": 8,
      "Actual Startup Time": 337.603,
      "Actual Total Time": 354.709,
      "Actual Rows": 1,
      "Actual Loops": 1,
      "Plans": [
        {
          "Node Type": "Gather",
          "Parent Relationship": "Outer",
          "Parallel Aware": false,
          "Startup Cost": 91571.13,
          "Total Cost": 91571.44,
          "Plan Rows": 3,
          "Plan Width": 8,
          "Actual Startup Time": 336.032,
          "Actual Total Time": 354.7,
          "Actual Rows": 4,
          "Actual Loops": 1,
          "Workers Planned": 3,
          "Workers Launched": 3,
          "Single Copy": false,
          "Plans": [
            {
              "Node Type": "Aggregate",
              "Strategy": "Plain",
              "Partial Mode": "Partial",
              "Parent Relationship": "Outer",
              "Parallel Aware": false,
              "Startup Cost": 90571.13,
              "Total Cost": 90571.14,
              "Plan Rows": 1,
              "Plan Width": 8,
              "Actual Startup Time": 327.759,
              "Actual Total Time": 327.763,
              "Actual Rows": 1,
              "Actual Loops": 4,
              "Plans": [
                {
                  "Node Type": "Hash Join",
                  "Parent Relationship": "Outer",
                  "Parallel Aware": true,
                  "Join Type": "Inner",
                  "Startup Cost": 46993.67,
                  "Total Cost": 89871.75,
                  "Plan Rows": 279749,
                  "Plan Width": 0,
                  "Actual Startup Time": 128.798,
                  "Actual Total Time": 324.439,
                  "Actual Rows": 76475,
                  "Actual Loops": 4,
                  "Inner Unique": true,
                  "Hash Cond": "(mk.movie_id = t.id)",
                  "Plans": [
                    {
                      "Node Type": "Seq Scan",
                      "Parent Relationship": "Outer",
                      "Parallel Aware": true,
                      "Relation Name": "movie_keyword",
                      "Alias": "mk",
                      "Startup Cost": 0.0,
                      "Total Cost": 39047.32,
                      "Plan Rows": 1459332,
                      "Plan Width": 4,
                      "Actual Startup Time": 0.021,
                      "Actual Total Time": 91.272,
                      "Actual Rows": 1130982,
                      "Actual Loops": 4
                    },
                    {
                      "Node Type": "Hash",
                      "Parent Relationship": "Inner",
                      "Parallel Aware": true,
                      "Startup Cost": 45479.1,
                      "Total Cost": 45479.1,
                      "Plan Rows": 121166,
                      "Plan Width": 4,
                      "Actual Startup Time": 125.74,
                      "Actual Total Time": 125.741,
                      "Actual Rows": 88052,
                      "Actual Loops": 4,
                      "Hash Buckets": 524288,
                      "Original Hash Buckets": 524288,
                      "Hash Batches": 1,
                      "Original Hash Batches": 1,
                      "Peak Memory Usage": 17920,
                      "Plans": [
                        {
                          "Node Type": "Seq Scan",
                          "Parent Relationship": "Outer",
                          "Parallel Aware": true,
                          "Relation Name": "title",
                          "Alias": "t",
                          "Startup Cost": 0.0,
                          "Total Cost": 45479.1,
                          "Plan Rows": 121166,
                          "Plan Width": 4,
                          "Actual Startup Time": 0.033,
                          "Actual Total Time": 96.465,
                          "Actual Rows": 88052,
                          "Actual Loops": 4,
                          "Filter": "((kind_id > 1) AND (production_year < 1989))",
                          "Rows Removed by Filter": 544026
                        }
                      ]
                    }
                  ]
                }
              ]
            }
          ]
        }
      ]
    },
    "Planning Time": 0.474,
    "Triggers": [],
    "Execution Time": 354.767
  }
]