[
    {
        "Bao": {
            "Bao prediction": "NaN",
            "Bao recommended hint": "(no hint)"
        }
    },
    {
        "Plan": {
            "Node Type": "Aggregate",
            "Strategy": "Plain",
            "Partial Mode": "Finalize",
            "Parallel Aware": false,
            "Startup Cost": 78526.0,
            "Total Cost": 78526.01,
            "Plan Rows": 1,
            "Plan Width": 8,
            "Actual Startup Time": 179.797,
            "Actual Total Time": 191.178,
            "Actual Rows": 1,
            "Actual Loops": 1,
            "Output": [
                "count(*)"
            ],
            "Plans": [
                {
                    "Node Type": "Gather",
                    "Parent Relationship": "Outer",
                    "Parallel Aware": false,
                    "Startup Cost": 78525.68,
                    "Total Cost": 78525.99,
                    "Plan Rows": 3,
                    "Plan Width": 8,
                    "Actual Startup Time": 178.635,
                    "Actual Total Time": 191.171,
                    "Actual Rows": 4,
                    "Actual Loops": 1,
                    "Output": [
                        "(PARTIAL count(*))"
                    ],
                    "Workers Planned": 3,
                    "Workers Launched": 3,
                    "Single Copy": false,
                    "Plans": [
                        {
                            "Node Type": "Aggregate",
                            "Strategy": "Plain",
                            "Partial Mode": "Partial",
                            "Parent Relationship": "Outer",
                            "Parallel Aware": false,
                            "Startup Cost": 77525.68,
                            "Total Cost": 77525.69,
                            "Plan Rows": 1,
                            "Plan Width": 8,
                            "Actual Startup Time": 170.438,
                            "Actual Total Time": 170.441,
                            "Actual Rows": 1,
                            "Actual Loops": 4,
                            "Output": [
                                "PARTIAL count(*)"
                            ],
                            "Workers": [
                                {
                                    "Worker Number": 0,
                                    "Actual Startup Time": 167.395,
                                    "Actual Total Time": 167.398,
                                    "Actual Rows": 1,
                                    "Actual Loops": 1
                                },
                                {
                                    "Worker Number": 1,
                                    "Actual Startup Time": 167.843,
                                    "Actual Total Time": 167.845,
                                    "Actual Rows": 1,
                                    "Actual Loops": 1
                                },
                                {
                                    "Worker Number": 2,
                                    "Actual Startup Time": 168.178,
                                    "Actual Total Time": 168.18,
                                    "Actual Rows": 1,
                                    "Actual Loops": 1
                                }
                            ],
                            "Plans": [
                                {
                                    "Node Type": "Hash Join",
                                    "Parent Relationship": "Outer",
                                    "Parallel Aware": true,
                                    "Join Type": "Inner",
                                    "Startup Cost": 45655.91,
                                    "Total Cost": 77516.2,
                                    "Plan Rows": 3795,
                                    "Plan Width": 0,
                                    "Actual Startup Time": 134.487,
                                    "Actual Total Time": 170.283,
                                    "Actual Rows": 2710,
                                    "Actual Loops": 4,
                                    "Inner Unique": true,
                                    "Hash Cond": "(mc.movie_id = t.id)",
                                    "Workers": [
                                        {
                                            "Worker Number": 0,
                                            "Actual Startup Time": 128.691,
                                            "Actual Total Time": 167.242,
                                            "Actual Rows": 2435,
                                            "Actual Loops": 1
                                        },
                                        {
                                            "Worker Number": 1,
                                            "Actual Startup Time": 140.977,
                                            "Actual Total Time": 167.681,
                                            "Actual Rows": 2556,
                                            "Actual Loops": 1
                                        },
                                        {
                                            "Worker Number": 2,
                                            "Actual Startup Time": 130.167,
                                            "Actual Total Time": 168.014,
                                            "Actual Rows": 2634,
                                            "Actual Loops": 1
                                        }
                                    ],
                                    "Plans": [
                                        {
                                            "Node Type": "Seq Scan",
                                            "Parent Relationship": "Outer",
                                            "Parallel Aware": true,
                                            "Relation Name": "movie_companies",
                                            "Schema": "public",
                                            "Alias": "mc",
                                            "Startup Cost": 0.0,
                                            "Total Cost": 31414.82,
                                            "Plan Rows": 169703,
                                            "Plan Width": 4,
                                            "Actual Startup Time": 27.531,
                                            "Actual Total Time": 55.721,
                                            "Actual Rows": 78911,
                                            "Actual Loops": 4,
                                            "Output": [
                                                "mc.id",
                                                "mc.movie_id",
                                                "mc.company_id",
                                                "mc.company_type_id",
                                                "mc.note"
                                            ],
                                            "Filter": "((mc.company_id < 5756) AND (mc.company_type_id > 1))",
                                            "Rows Removed by Filter": 573371,
                                            "Workers": [
                                                {
                                                    "Worker Number": 0,
                                                    "Actual Startup Time": 27.529,
                                                    "Actual Total Time": 54.577,
                                                    "Actual Rows": 71181,
                                                    "Actual Loops": 1
                                                },
                                                {
                                                    "Worker Number": 1,
                                                    "Actual Startup Time": 27.54,
                                                    "Actual Total Time": 56.296,
                                                    "Actual Rows": 77153,
                                                    "Actual Loops": 1
                                                },
                                                {
                                                    "Worker Number": 2,
                                                    "Actual Startup Time": 27.534,
                                                    "Actual Total Time": 56.236,
                                                    "Actual Rows": 77384,
                                                    "Actual Loops": 1
                                                }
                                            ]
                                        },
                                        {
                                            "Node Type": "Hash",
                                            "Parent Relationship": "Inner",
                                            "Parallel Aware": true,
                                            "Startup Cost": 45479.21,
                                            "Total Cost": 45479.21,
                                            "Plan Rows": 14136,
                                            "Plan Width": 4,
                                            "Actual Startup Time": 100.759,
                                            "Actual Total Time": 100.76,
                                            "Actual Rows": 35825,
                                            "Actual Loops": 4,
                                            "Output": [
                                                "t.id"
                                            ],
                                            "Hash Buckets": 262144,
                                            "Original Hash Buckets": 65536,
                                            "Hash Batches": 1,
                                            "Original Hash Batches": 1,
                                            "Peak Memory Usage": 9248,
                                            "Workers": [
                                                {
                                                    "Worker Number": 0,
                                                    "Actual Startup Time": 97.701,
                                                    "Actual Total Time": 97.702,
                                                    "Actual Rows": 29990,
                                                    "Actual Loops": 1
                                                },
                                                {
                                                    "Worker Number": 1,
                                                    "Actual Startup Time": 98.182,
                                                    "Actual Total Time": 98.182,
                                                    "Actual Rows": 34853,
                                                    "Actual Loops": 1
                                                },
                                                {
                                                    "Worker Number": 2,
                                                    "Actual Startup Time": 98.375,
                                                    "Actual Total Time": 98.376,
                                                    "Actual Rows": 34953,
                                                    "Actual Loops": 1
                                                }
                                            ],
                                            "Plans": [
                                                {
                                                    "Node Type": "Seq Scan",
                                                    "Parent Relationship": "Outer",
                                                    "Parallel Aware": true,
                                                    "Relation Name": "title",
                                                    "Schema": "public",
                                                    "Alias": "t",
                                                    "Startup Cost": 0.0,
                                                    "Total Cost": 45479.21,
                                                    "Plan Rows": 14136,
                                                    "Plan Width": 4,
                                                    "Actual Startup Time": 21.695,
                                                    "Actual Total Time": 86.17,
                                                    "Actual Rows": 35825,
                                                    "Actual Loops": 4,
                                                    "Output": [
                                                        "t.id"
                                                    ],
                                                    "Filter": "((t.kind_id < 7) AND (t.production_year < 1941))",
                                                    "Rows Removed by Filter": 596253,
                                                    "Workers": [
                                                        {
                                                            "Worker Number": 0,
                                                            "Actual Startup Time": 37.911,
                                                            "Actual Total Time": 82.757,
                                                            "Actual Rows": 29990,
                                                            "Actual Loops": 1
                                                        },
                                                        {
                                                            "Worker Number": 1,
                                                            "Actual Startup Time": 37.486,
                                                            "Actual Total Time": 84.315,
                                                            "Actual Rows": 34853,
                                                            "Actual Loops": 1
                                                        },
                                                        {
                                                            "Worker Number": 2,
                                                            "Actual Startup Time": 7.717,
                                                            "Actual Total Time": 84.65,
                                                            "Actual Rows": 34953,
                                                            "Actual Loops": 1
                                                        }
                                                    ]
                                                }
                                            ]
                                        }
                                    ]
                                }
                            ]
                        }
                    ]
                }
            ]
        },
        "Planning Time": 184.037,
        "Triggers": [],
        "Execution Time": 191.232
    }
]