[
  {
    "Plan": {
      "Node Type": "Aggregate",
      "Strategy": "Plain",
      "Partial Mode": "Finalize",
      "Parallel Aware": false,
      "Startup Cost": 647690.29,
      "Total Cost": 647690.3,
      "Plan Rows": 1,
      "Plan Width": 8,
      "Actual Startup Time": 5690.99,
      "Actual Total Time": 5774.875,
      "Actual Rows": 1,
      "Actual Loops": 1,
      "Plans": [
        {
          "Node Type": "Gather",
          "Parent Relationship": "Outer",
          "Parallel Aware": false,
          "Startup Cost": 647689.67,
          "Total Cost": 647690.28,
          "Plan Rows": 6,
          "Plan Width": 8,
          "Actual Startup Time": 5656.683,
          "Actual Total Time": 5774.865,
          "Actual Rows": 7,
          "Actual Loops": 1,
          "Workers Planned": 6,
          "Workers Launched": 6,
          "Single Copy": false,
          "Plans": [
            {
              "Node Type": "Aggregate",
              "Strategy": "Plain",
              "Partial Mode": "Partial",
              "Parent Relationship": "Outer",
              "Parallel Aware": false,
              "Startup Cost": 646689.67,
              "Total Cost": 646689.68,
              "Plan Rows": 1,
              "Plan Width": 8,
              "Actual Startup Time": 5621.893,
              "Actual Total Time": 5621.899,
              "Actual Rows": 1,
              "Actual Loops": 7,
              "Plans": [
                {
                  "Node Type": "Hash Join",
                  "Parent Relationship": "Outer",
                  "Parallel Aware": true,
                  "Join Type": "Inner",
                  "Startup Cost": 259386.63,
                  "Total Cost": 623144.97,
                  "Plan Rows": 9417880,
                  "Plan Width": 0,
                  "Actual Startup Time": 1319.897,
                  "Actual Total Time": 4988.168,
                  "Actual Rows": 15152421,
                  "Actual Loops": 7,
                  "Inner Unique": false,
                  "Hash Cond": "(ci.movie_id = t.id)",
                  "Plans": [
                    {
                      "Node Type": "Seq Scan",
                      "Parent Relationship": "Outer",
                      "Parallel Aware": true,
                      "Relation Name": "cast_info",
                      "Alias": "ci",
                      "Startup Cost": 0.0,
                      "Total Cost": 328162.03,
                      "Plan Rows": 4469480,
                      "Plan Width": 4,
                      "Actual Startup Time": 94.733,
                      "Actual Total Time": 618.53,
                      "Actual Rows": 3818996,
                      "Actual Loops": 7,
                      "Filter": "(person_id > 935028)",
                      "Rows Removed by Filter": 1358767
                    },
                    {
                      "Node Type": "Hash",
                      "Parent Relationship": "Inner",
                      "Parallel Aware": true,
                      "Startup Cost": 246067.88,
                      "Total Cost": 246067.88,
                      "Plan Rows": 1065500,
                      "Plan Width": 8,
                      "Actual Startup Time": 1215.045,
                      "Actual Total Time": 1215.049,
                      "Actual Rows": 621688,
                      "Actual Loops": 7,
                      "Hash Buckets": 8388608,
                      "Original Hash Buckets": 8388608,
                      "Hash Batches": 1,
                      "Original Hash Batches": 1,
                      "Peak Memory Usage": 235904,
                      "Plans": [
                        {
                          "Node Type": "Hash Join",
                          "Parent Relationship": "Outer",
                          "Parallel Aware": true,
                          "Join Type": "Inner",
                          "Startup Cost": 46746.12,
                          "Total Cost": 246067.88,
                          "Plan Rows": 1065500,
                          "Plan Width": 8,
                          "Actual Startup Time": 146.608,
                          "Actual Total Time": 946.342,
                          "Actual Rows": 621688,
                          "Actual Loops": 7,
                          "Inner Unique": true,
                          "Hash Cond": "(mi.movie_id = t.id)",
                          "Plans": [
                            {
                              "Node Type": "Seq Scan",
                              "Parent Relationship": "Outer",
                              "Parallel Aware": true,
                              "Relation Name": "movie_info",
                              "Alias": "mi",
                              "Startup Cost": 0.0,
                              "Total Cost": 191560.33,
                              "Plan Rows": 2956733,
                              "Plan Width": 4,
                              "Actual Startup Time": 0.028,
                              "Actual Total Time": 280.218,
                              "Actual Rows": 2119389,
                              "Actual Loops": 7
                            },
                            {
                              "Node Type": "Hash",
                              "Parent Relationship": "Inner",
                              "Parallel Aware": true,
                              "Startup Cost": 43898.92,
                              "Total Cost": 43898.92,
                              "Plan Rows": 227776,
                              "Plan Width": 4,
                              "Actual Startup Time": 144.52,
                              "Actual Total Time": 144.521,
                              "Actual Rows": 129213,
                              "Actual Loops": 7,
                              "Hash Buckets": 1048576,
                              "Original Hash Buckets": 1048576,
                              "Hash Batches": 1,
                              "Original Hash Batches": 1,
                              "Peak Memory Usage": 43712,
                              "Plans": [
                                {
                                  "Node Type": "Seq Scan",
                                  "Parent Relationship": "Outer",
                                  "Parallel Aware": true,
                                  "Relation Name": "title",
                                  "Alias": "t",
                                  "Startup Cost": 0.0,
                                  "Total Cost": 43898.92,
                                  "Plan Rows": 227776,
                                  "Plan Width": 4,
                                  "Actual Startup Time": 0.043,
                                  "Actual Total Time": 80.756,
                                  "Actual Rows": 129213,
                                  "Actual Loops": 7,
                                  "Filter": "(production_year > 2006)",
                                  "Rows Removed by Filter": 231974
                                }
                              ]
                            }
                          ]
                        }
                      ]
                    }
                  ]
                }
              ]
            }
          ]
        }
      ]
    },
    "Planning Time": 1.304,
    "Triggers": [],
    "Execution Time": 5774.976
  }
]