[
  {
    "Plan": {
      "Node Type": "Aggregate",
      "Strategy": "Plain",
      "Partial Mode": "Finalize",
      "Parallel Aware": false,
      "Startup Cost": 71108.67,
      "Total Cost": 71108.68,
      "Plan Rows": 1,
      "Plan Width": 8,
      "Actual Startup Time": 304.248,
      "Actual Total Time": 340.245,
      "Actual Rows": 1,
      "Actual Loops": 1,
      "Plans": [
        {
          "Node Type": "Gather",
          "Parent Relationship": "Outer",
          "Parallel Aware": false,
          "Startup Cost": 71108.45,
          "Total Cost": 71108.66,
          "Plan Rows": 2,
          "Plan Width": 8,
          "Actual Startup Time": 303.975,
          "Actual Total Time": 340.237,
          "Actual Rows": 3,
          "Actual Loops": 1,
          "Workers Planned": 2,
          "Workers Launched": 2,
          "Single Copy": false,
          "Plans": [
            {
              "Node Type": "Aggregate",
              "Strategy": "Plain",
              "Partial Mode": "Partial",
              "Parent Relationship": "Outer",
              "Parallel Aware": false,
              "Startup Cost": 70108.45,
              "Total Cost": 70108.46,
              "Plan Rows": 1,
              "Plan Width": 8,
              "Actual Startup Time": 294.949,
              "Actual Total Time": 294.954,
              "Actual Rows": 1,
              "Actual Loops": 3,
              "Plans": [
                {
                  "Node Type": "Nested Loop",
                  "Parent Relationship": "Outer",
                  "Parallel Aware": false,
                  "Join Type": "Inner",
                  "Startup Cost": 45582.62,
                  "Total Cost": 70071.59,
                  "Plan Rows": 14746,
                  "Plan Width": 0,
                  "Actual Startup Time": 153.471,
                  "Actual Total Time": 291.396,
                  "Actual Rows": 61719,
                  "Actual Loops": 3,
                  "Inner Unique": false,
                  "Join Filter": "(t.id = mi.movie_id)",
                  "Rows Removed by Join Filter": 0,
                  "Plans": [
                    {
                      "Node Type": "Hash Join",
                      "Parent Relationship": "Outer",
                      "Parallel Aware": true,
                      "Join Type": "Inner",
                      "Startup Cost": 45582.19,
                      "Total Cost": 61212.54,
                      "Plan Rows": 2511,
                      "Plan Width": 8,
                      "Actual Startup Time": 153.355,
                      "Actual Total Time": 189.902,
                      "Actual Rows": 2878,
                      "Actual Loops": 3,
                      "Inner Unique": true,
                      "Hash Cond": "(mi_idx.movie_id = t.id)",
                      "Plans": [
                        {
                          "Node Type": "Seq Scan",
                          "Parent Relationship": "Outer",
                          "Parallel Aware": true,
                          "Relation Name": "movie_info_idx",
                          "Alias": "mi_idx",
                          "Startup Cost": 0.0,
                          "Total Cost": 15122.68,
                          "Plan Rows": 193397,
                          "Plan Width": 4,
                          "Actual Startup Time": 0.036,
                          "Actual Total Time": 41.909,
                          "Actual Rows": 153395,
                          "Actual Loops": 3,
                          "Filter": "(info_type_id > 100)",
                          "Rows Removed by Filter": 306617
                        },
                        {
                          "Node Type": "Hash",
                          "Parent Relationship": "Inner",
                          "Parallel Aware": true,
                          "Startup Cost": 45479.59,
                          "Total Cost": 45479.59,
                          "Plan Rows": 8208,
                          "Plan Width": 4,
                          "Actual Startup Time": 127.566,
                          "Actual Total Time": 127.567,
                          "Actual Rows": 9368,
                          "Actual Loops": 3,
                          "Hash Buckets": 65536,
                          "Original Hash Buckets": 65536,
                          "Hash Batches": 1,
                          "Original Hash Batches": 1,
                          "Peak Memory Usage": 1664,
                          "Plans": [
                            {
                              "Node Type": "Seq Scan",
                              "Parent Relationship": "Outer",
                              "Parallel Aware": true,
                              "Relation Name": "title",
                              "Alias": "t",
                              "Startup Cost": 0.0,
                              "Total Cost": 45479.59,
                              "Plan Rows": 8208,
                              "Plan Width": 4,
                              "Actual Startup Time": 75.113,
                              "Actual Total Time": 123.919,
                              "Actual Rows": 9368,
                              "Actual Loops": 3,
                              "Filter": "((kind_id < 2) AND (production_year = 2009))",
                              "Rows Removed by Filter": 833403
                            }
                          ]
                        }
                      ]
                    },
                    {
                      "Node Type": "Index Only Scan",
                      "Parent Relationship": "Inner",
                      "Parallel Aware": false,
                      "Scan Direction": "Forward",
                      "Index Name": "movie_id_movie_info",
                      "Relation Name": "movie_info",
                      "Alias": "mi",
                      "Startup Cost": 0.43,
                      "Total Cost": 3.02,
                      "Plan Rows": 41,
                      "Plan Width": 4,
                      "Actual Startup Time": 0.009,
                      "Actual Total Time": 0.033,
                      "Actual Rows": 21,
                      "Actual Loops": 8635,
                      "Index Cond": "(movie_id = mi_idx.movie_id)",
                      "Rows Removed by Index Recheck": 0,
                      "Heap Fetches": 185158
                    }
                  ]
                }
              ]
            }
          ]
        }
      ]
    },
    "Planning Time": 1.466,
    "Triggers": [],
    "Execution Time": 340.342
  }
]