[
    {
        "Bao": {
            "Bao prediction": "NaN",
            "Bao recommended hint": "(no hint)"
        }
    },
    {
        "Plan": {
            "Node Type": "Aggregate",
            "Strategy": "Plain",
            "Partial Mode": "Finalize",
            "Parallel Aware": false,
            "Startup Cost": 35996.04,
            "Total Cost": 35996.05,
            "Plan Rows": 1,
            "Plan Width": 8,
            "Actual Startup Time": 22.528,
            "Actual Total Time": 25.969,
            "Actual Rows": 1,
            "Actual Loops": 1,
            "Output": [
                "count(*)"
            ],
            "Plans": [
                {
                    "Node Type": "Gather",
                    "Parent Relationship": "Outer",
                    "Parallel Aware": false,
                    "Startup Cost": 35995.83,
                    "Total Cost": 35996.04,
                    "Plan Rows": 2,
                    "Plan Width": 8,
                    "Actual Startup Time": 22.295,
                    "Actual Total Time": 25.963,
                    "Actual Rows": 3,
                    "Actual Loops": 1,
                    "Output": [
                        "(PARTIAL count(*))"
                    ],
                    "Workers Planned": 2,
                    "Workers Launched": 2,
                    "Single Copy": false,
                    "Plans": [
                        {
                            "Node Type": "Aggregate",
                            "Strategy": "Plain",
                            "Partial Mode": "Partial",
                            "Parent Relationship": "Outer",
                            "Parallel Aware": false,
                            "Startup Cost": 34995.83,
                            "Total Cost": 34995.84,
                            "Plan Rows": 1,
                            "Plan Width": 8,
                            "Actual Startup Time": 14.654,
                            "Actual Total Time": 14.656,
                            "Actual Rows": 1,
                            "Actual Loops": 3,
                            "Output": [
                                "PARTIAL count(*)"
                            ],
                            "Workers": [
                                {
                                    "Worker Number": 0,
                                    "Actual Startup Time": 10.804,
                                    "Actual Total Time": 10.806,
                                    "Actual Rows": 1,
                                    "Actual Loops": 1
                                },
                                {
                                    "Worker Number": 1,
                                    "Actual Startup Time": 11.143,
                                    "Actual Total Time": 11.145,
                                    "Actual Rows": 1,
                                    "Actual Loops": 1
                                }
                            ],
                            "Plans": [
                                {
                                    "Node Type": "Nested Loop",
                                    "Parent Relationship": "Outer",
                                    "Parallel Aware": false,
                                    "Join Type": "Inner",
                                    "Startup Cost": 102.98,
                                    "Total Cost": 34990.17,
                                    "Plan Rows": 2264,
                                    "Plan Width": 0,
                                    "Actual Startup Time": 0.681,
                                    "Actual Total Time": 14.466,
                                    "Actual Rows": 2205,
                                    "Actual Loops": 3,
                                    "Inner Unique": true,
                                    "Workers": [
                                        {
                                            "Worker Number": 0,
                                            "Actual Startup Time": 0.391,
                                            "Actual Total Time": 10.695,
                                            "Actual Rows": 241,
                                            "Actual Loops": 1
                                        },
                                        {
                                            "Worker Number": 1,
                                            "Actual Startup Time": 0.403,
                                            "Actual Total Time": 11.03,
                                            "Actual Rows": 262,
                                            "Actual Loops": 1
                                        }
                                    ],
                                    "Plans": [
                                        {
                                            "Node Type": "Bitmap Heap Scan",
                                            "Parent Relationship": "Outer",
                                            "Parallel Aware": true,
                                            "Relation Name": "movie_info",
                                            "Schema": "public",
                                            "Alias": "mi",
                                            "Startup Cost": 102.55,
                                            "Total Cost": 18598.16,
                                            "Plan Rows": 2264,
                                            "Plan Width": 4,
                                            "Actual Startup Time": 0.514,
                                            "Actual Total Time": 2.606,
                                            "Actual Rows": 2205,
                                            "Actual Loops": 3,
                                            "Output": [
                                                "mi.id",
                                                "mi.movie_id",
                                                "mi.info_type_id",
                                                "mi.info",
                                                "mi.note"
                                            ],
                                            "Recheck Cond": "(mi.info_type_id = 41)",
                                            "Rows Removed by Index Recheck": 0,
                                            "Exact Heap Blocks": 1214,
                                            "Lossy Heap Blocks": 0,
                                            "Workers": [
                                                {
                                                    "Worker Number": 0,
                                                    "Actual Startup Time": 0.158,
                                                    "Actual Total Time": 1.658,
                                                    "Actual Rows": 241,
                                                    "Actual Loops": 1
                                                },
                                                {
                                                    "Worker Number": 1,
                                                    "Actual Startup Time": 0.156,
                                                    "Actual Total Time": 1.777,
                                                    "Actual Rows": 262,
                                                    "Actual Loops": 1
                                                }
                                            ],
                                            "Plans": [
                                                {
                                                    "Node Type": "Bitmap Index Scan",
                                                    "Parent Relationship": "Outer",
                                                    "Parallel Aware": false,
                                                    "Index Name": "info_type_id_movie_info",
                                                    "Startup Cost": 0.0,
                                                    "Total Cost": 101.19,
                                                    "Plan Rows": 5434,
                                                    "Plan Width": 0,
                                                    "Actual Startup Time": 1.048,
                                                    "Actual Total Time": 1.049,
                                                    "Actual Rows": 6614,
                                                    "Actual Loops": 1,
                                                    "Index Cond": "(mi.info_type_id = 41)"
                                                }
                                            ]
                                        },
                                        {
                                            "Node Type": "Index Only Scan",
                                            "Parent Relationship": "Inner",
                                            "Parallel Aware": false,
                                            "Scan Direction": "Forward",
                                            "Index Name": "title_pkey",
                                            "Relation Name": "title",
                                            "Schema": "public",
                                            "Alias": "t",
                                            "Startup Cost": 0.43,
                                            "Total Cost": 7.24,
                                            "Plan Rows": 1,
                                            "Plan Width": 4,
                                            "Actual Startup Time": 0.005,
                                            "Actual Total Time": 0.005,
                                            "Actual Rows": 1,
                                            "Actual Loops": 6614,
                                            "Output": [
                                                "t.id"
                                            ],
                                            "Index Cond": "(t.id = mi.movie_id)",
                                            "Rows Removed by Index Recheck": 0,
                                            "Heap Fetches": 6614,
                                            "Workers": [
                                                {
                                                    "Worker Number": 0,
                                                    "Actual Startup Time": 0.035,
                                                    "Actual Total Time": 0.035,
                                                    "Actual Rows": 1,
                                                    "Actual Loops": 241
                                                },
                                                {
                                                    "Worker Number": 1,
                                                    "Actual Startup Time": 0.033,
                                                    "Actual Total Time": 0.033,
                                                    "Actual Rows": 1,
                                                    "Actual Loops": 262
                                                }
                                            ]
                                        }
                                    ]
                                }
                            ]
                        }
                    ]
                }
            ]
        },
        "Planning Time": 187.513,
        "Triggers": [],
        "Execution Time": 26.027
    }
]