[
  {
    "Plan": {
      "Node Type": "Aggregate",
      "Strategy": "Plain",
      "Partial Mode": "Finalize",
      "Parallel Aware": false,
      "Startup Cost": 101243.4,
      "Total Cost": 101243.41,
      "Plan Rows": 1,
      "Plan Width": 8,
      "Actual Startup Time": 728.255,
      "Actual Total Time": 746.659,
      "Actual Rows": 1,
      "Actual Loops": 1,
      "Plans": [
        {
          "Node Type": "Gather",
          "Parent Relationship": "Outer",
          "Parallel Aware": false,
          "Startup Cost": 101243.18,
          "Total Cost": 101243.39,
          "Plan Rows": 2,
          "Plan Width": 8,
          "Actual Startup Time": 723.451,
          "Actual Total Time": 746.651,
          "Actual Rows": 3,
          "Actual Loops": 1,
          "Workers Planned": 2,
          "Workers Launched": 2,
          "Single Copy": false,
          "Plans": [
            {
              "Node Type": "Aggregate",
              "Strategy": "Plain",
              "Partial Mode": "Partial",
              "Parent Relationship": "Outer",
              "Parallel Aware": false,
              "Startup Cost": 100243.18,
              "Total Cost": 100243.19,
              "Plan Rows": 1,
              "Plan Width": 8,
              "Actual Startup Time": 715.362,
              "Actual Total Time": 715.503,
              "Actual Rows": 1,
              "Actual Loops": 3,
              "Plans": [
                {
                  "Node Type": "Hash Join",
                  "Parent Relationship": "Outer",
                  "Parallel Aware": true,
                  "Join Type": "Inner",
                  "Startup Cost": 83463.63,
                  "Total Cost": 99774.13,
                  "Plan Rows": 187621,
                  "Plan Width": 0,
                  "Actual Startup Time": 581.022,
                  "Actual Total Time": 705.636,
                  "Actual Rows": 210490,
                  "Actual Loops": 3,
                  "Inner Unique": false,
                  "Hash Cond": "(mi_idx.movie_id = t.id)",
                  "Plans": [
                    {
                      "Node Type": "Seq Scan",
                      "Parent Relationship": "Outer",
                      "Parallel Aware": true,
                      "Relation Name": "movie_info_idx",
                      "Alias": "mi_idx",
                      "Startup Cost": 0.0,
                      "Total Cost": 13685.15,
                      "Plan Rows": 575015,
                      "Plan Width": 4,
                      "Actual Startup Time": 0.032,
                      "Actual Total Time": 40.392,
                      "Actual Rows": 460012,
                      "Actual Loops": 3
                    },
                    {
                      "Node Type": "Hash",
                      "Parent Relationship": "Inner",
                      "Parallel Aware": true,
                      "Startup Cost": 80885.64,
                      "Total Cost": 80885.64,
                      "Plan Rows": 206239,
                      "Plan Width": 8,
                      "Actual Startup Time": 574.781,
                      "Actual Total Time": 574.92,
                      "Actual Rows": 172810,
                      "Actual Loops": 3,
                      "Hash Buckets": 1048576,
                      "Original Hash Buckets": 1048576,
                      "Hash Batches": 1,
                      "Original Hash Batches": 1,
                      "Peak Memory Usage": 28512,
                      "Plans": [
                        {
                          "Node Type": "Hash Join",
                          "Parent Relationship": "Outer",
                          "Parallel Aware": true,
                          "Join Type": "Inner",
                          "Startup Cost": 34741.26,
                          "Total Cost": 80885.64,
                          "Plan Rows": 206239,
                          "Plan Width": 8,
                          "Actual Startup Time": 194.035,
                          "Actual Total Time": 507.421,
                          "Actual Rows": 172810,
                          "Actual Loops": 3,
                          "Inner Unique": false,
                          "Hash Cond": "(t.id = mc.movie_id)",
                          "Plans": [
                            {
                              "Node Type": "Seq Scan",
                              "Parent Relationship": "Outer",
                              "Parallel Aware": true,
                              "Relation Name": "title",
                              "Alias": "t",
                              "Startup Cost": 0.0,
                              "Total Cost": 42318.73,
                              "Plan Rows": 632073,
                              "Plan Width": 4,
                              "Actual Startup Time": 0.018,
                              "Actual Total Time": 102.088,
                              "Actual Rows": 842771,
                              "Actual Loops": 3
                            },
                            {
                              "Node Type": "Hash",
                              "Parent Relationship": "Inner",
                              "Parallel Aware": true,
                              "Startup Cost": 31414.82,
                              "Total Cost": 31414.82,
                              "Plan Rows": 266115,
                              "Plan Width": 4,
                              "Actual Startup Time": 187.74,
                              "Actual Total Time": 187.741,
                              "Actual Rows": 172810,
                              "Actual Loops": 3,
                              "Hash Buckets": 1048576,
                              "Original Hash Buckets": 1048576,
                              "Hash Batches": 1,
                              "Original Hash Batches": 1,
                              "Peak Memory Usage": 28512,
                              "Plans": [
                                {
                                  "Node Type": "Seq Scan",
                                  "Parent Relationship": "Outer",
                                  "Parallel Aware": true,
                                  "Relation Name": "movie_companies",
                                  "Alias": "mc",
                                  "Startup Cost": 0.0,
                                  "Total Cost": 31414.82,
                                  "Plan Rows": 266115,
                                  "Plan Width": 4,
                                  "Actual Startup Time": 56.131,
                                  "Actual Total Time": 106.271,
                                  "Actual Rows": 172810,
                                  "Actual Loops": 3,
                                  "Filter": "((company_id < 16798) AND (company_type_id = 2))",
                                  "Rows Removed by Filter": 696900
                                }
                              ]
                            }
                          ]
                        }
                      ]
                    }
                  ]
                }
              ]
            }
          ]
        }
      ]
    },
    "Planning Time": 1.427,
    "Triggers": [],
    "Execution Time": 746.743
  }
]