[
  {
    "Plan": {
      "Node Type": "Aggregate",
      "Strategy": "Plain",
      "Partial Mode": "Finalize",
      "Parallel Aware": false,
      "Startup Cost": 71929.65,
      "Total Cost": 71929.66,
      "Plan Rows": 1,
      "Plan Width": 8,
      "Actual Startup Time": 114.256,
      "Actual Total Time": 127.993,
      "Actual Rows": 1,
      "Actual Loops": 1,
      "Plans": [
        {
          "Node Type": "Gather",
          "Parent Relationship": "Outer",
          "Parallel Aware": false,
          "Startup Cost": 71929.23,
          "Total Cost": 71929.64,
          "Plan Rows": 4,
          "Plan Width": 8,
          "Actual Startup Time": 114.138,
          "Actual Total Time": 127.985,
          "Actual Rows": 5,
          "Actual Loops": 1,
          "Workers Planned": 4,
          "Workers Launched": 4,
          "Single Copy": false,
          "Plans": [
            {
              "Node Type": "Aggregate",
              "Strategy": "Plain",
              "Partial Mode": "Partial",
              "Parent Relationship": "Outer",
              "Parallel Aware": false,
              "Startup Cost": 70929.23,
              "Total Cost": 70929.24,
              "Plan Rows": 1,
              "Plan Width": 8,
              "Actual Startup Time": 108.436,
              "Actual Total Time": 108.438,
              "Actual Rows": 1,
              "Actual Loops": 5,
              "Plans": [
                {
                  "Node Type": "Nested Loop",
                  "Parent Relationship": "Outer",
                  "Parallel Aware": false,
                  "Join Type": "Inner",
                  "Startup Cost": 0.43,
                  "Total Cost": 70926.09,
                  "Plan Rows": 1256,
                  "Plan Width": 0,
                  "Actual Startup Time": 8.327,
                  "Actual Total Time": 108.33,
                  "Actual Rows": 742,
                  "Actual Loops": 5,
                  "Inner Unique": false,
                  "Plans": [
                    {
                      "Node Type": "Seq Scan",
                      "Parent Relationship": "Outer",
                      "Parallel Aware": true,
                      "Relation Name": "title",
                      "Alias": "t",
                      "Startup Cost": 0.0,
                      "Total Cost": 43899.32,
                      "Plan Rows": 3498,
                      "Plan Width": 4,
                      "Actual Startup Time": 0.082,
                      "Actual Total Time": 82.983,
                      "Actual Rows": 2920,
                      "Actual Loops": 5,
                      "Filter": "(production_year = 1967)",
                      "Rows Removed by Filter": 502742
                    },
                    {
                      "Node Type": "Index Scan",
                      "Parent Relationship": "Inner",
                      "Parallel Aware": false,
                      "Scan Direction": "Forward",
                      "Index Name": "movie_id_movie_companies",
                      "Relation Name": "movie_companies",
                      "Alias": "mc",
                      "Startup Cost": 0.43,
                      "Total Cost": 7.71,
                      "Plan Rows": 2,
                      "Plan Width": 4,
                      "Actual Startup Time": 0.008,
                      "Actual Total Time": 0.008,
                      "Actual Rows": 0,
                      "Actual Loops": 14601,
                      "Index Cond": "(movie_id = t.id)",
                      "Rows Removed by Index Recheck": 0,
                      "Filter": "((company_id > 1467) AND (company_type_id < 2))",
                      "Rows Removed by Filter": 1
                    }
                  ]
                }
              ]
            }
          ]
        }
      ]
    },
    "Planning Time": 0.332,
    "Triggers": [],
    "Execution Time": 128.036
  }
]