[
  {
    "Plan": {
      "Node Type": "Aggregate",
      "Strategy": "Plain",
      "Partial Mode": "Finalize",
      "Parallel Aware": false,
      "Startup Cost": 335496.29,
      "Total Cost": 335496.3,
      "Plan Rows": 1,
      "Plan Width": 8,
      "Actual Startup Time": 675.136,
      "Actual Total Time": 717.689,
      "Actual Rows": 1,
      "Actual Loops": 1,
      "Plans": [
        {
          "Node Type": "Gather",
          "Parent Relationship": "Outer",
          "Parallel Aware": false,
          "Startup Cost": 335495.66,
          "Total Cost": 335496.27,
          "Plan Rows": 6,
          "Plan Width": 8,
          "Actual Startup Time": 674.914,
          "Actual Total Time": 717.669,
          "Actual Rows": 7,
          "Actual Loops": 1,
          "Workers Planned": 6,
          "Workers Launched": 6,
          "Single Copy": false,
          "Plans": [
            {
              "Node Type": "Aggregate",
              "Strategy": "Plain",
              "Partial Mode": "Partial",
              "Parent Relationship": "Outer",
              "Parallel Aware": false,
              "Startup Cost": 334495.66,
              "Total Cost": 334495.67,
              "Plan Rows": 1,
              "Plan Width": 8,
              "Actual Startup Time": 669.199,
              "Actual Total Time": 669.201,
              "Actual Rows": 1,
              "Actual Loops": 7,
              "Plans": [
                {
                  "Node Type": "Seq Scan",
                  "Parent Relationship": "Outer",
                  "Parallel Aware": true,
                  "Relation Name": "cast_info",
                  "Alias": "ci",
                  "Startup Cost": 0.0,
                  "Total Cost": 328211.39,
                  "Plan Rows": 2513708,
                  "Plan Width": 0,
                  "Actual Startup Time": 0.036,
                  "Actual Total Time": 568.36,
                  "Actual Rows": 2173708,
                  "Actual Loops": 7,
                  "Filter": "(person_id < 1499318)",
                  "Rows Removed by Filter": 3004055
                }
              ]
            }
          ]
        }
      ]
    },
    "Planning Time": 0.167,
    "Triggers": [],
    "Execution Time": 717.752
  }
]