[
  {
    "Plan": {
      "Node Type": "Aggregate",
      "Strategy": "Plain",
      "Partial Mode": "Finalize",
      "Parallel Aware": false,
      "Startup Cost": 335520.46,
      "Total Cost": 335520.47,
      "Plan Rows": 1,
      "Plan Width": 8,
      "Actual Startup Time": 702.902,
      "Actual Total Time": 760.524,
      "Actual Rows": 1,
      "Actual Loops": 1,
      "Plans": [
        {
          "Node Type": "Gather",
          "Parent Relationship": "Outer",
          "Parallel Aware": false,
          "Startup Cost": 335519.84,
          "Total Cost": 335520.45,
          "Plan Rows": 6,
          "Plan Width": 8,
          "Actual Startup Time": 702.78,
          "Actual Total Time": 760.515,
          "Actual Rows": 7,
          "Actual Loops": 1,
          "Workers Planned": 6,
          "Workers Launched": 6,
          "Single Copy": false,
          "Plans": [
            {
              "Node Type": "Aggregate",
              "Strategy": "Plain",
              "Partial Mode": "Partial",
              "Parent Relationship": "Outer",
              "Parallel Aware": false,
              "Startup Cost": 334519.84,
              "Total Cost": 334519.85,
              "Plan Rows": 1,
              "Plan Width": 8,
              "Actual Startup Time": 693.931,
              "Actual Total Time": 693.933,
              "Actual Rows": 1,
              "Actual Loops": 7,
              "Plans": [
                {
                  "Node Type": "Seq Scan",
                  "Parent Relationship": "Outer",
                  "Parallel Aware": true,
                  "Relation Name": "cast_info",
                  "Alias": "ci",
                  "Startup Cost": 0.0,
                  "Total Cost": 328162.03,
                  "Plan Rows": 2543125,
                  "Plan Width": 0,
                  "Actual Startup Time": 0.045,
                  "Actual Total Time": 594.0,
                  "Actual Rows": 2173708,
                  "Actual Loops": 7,
                  "Filter": "(person_id < 1499318)",
                  "Rows Removed by Filter": 3004055
                }
              ]
            }
          ]
        }
      ]
    },
    "Planning Time": 0.149,
    "Triggers": [],
    "Execution Time": 760.583
  }
]