{
  "Plan": {
    "Node Type": "Aggregate",
    "Strategy": "Plain",
    "Partial Mode": "Finalize",
    "Parallel Aware": false,
    "Startup Cost": 330303.17,
    "Total Cost": 330303.18,
    "Plan Rows": 1,
    "Plan Width": 8,
    "Actual Startup Time": 233.541,
    "Actual Total Time": 243.435,
    "Actual Rows": 1,
    "Actual Loops": 1,
    "Plans": [
      {
        "Node Type": "Gather",
        "Parent Relationship": "Outer",
        "Parallel Aware": false,
        "Startup Cost": 330303.06,
        "Total Cost": 330303.17,
        "Plan Rows": 1,
        "Plan Width": 8,
        "Actual Startup Time": 233.065,
        "Actual Total Time": 243.428,
        "Actual Rows": 2,
        "Actual Loops": 1,
        "Workers Planned": 1,
        "Workers Launched": 1,
        "Single Copy": false,
        "Plans": [
          {
            "Node Type": "Aggregate",
            "Strategy": "Plain",
            "Partial Mode": "Partial",
            "Parent Relationship": "Outer",
            "Parallel Aware": false,
            "Startup Cost": 329303.06,
            "Total Cost": 329303.07,
            "Plan Rows": 1,
            "Plan Width": 8,
            "Actual Startup Time": 227.09,
            "Actual Total Time": 227.093,
            "Actual Rows": 1,
            "Actual Loops": 2,
            "Plans": [
              {
                "Node Type": "Hash Join",
                "Parent Relationship": "Outer",
                "Parallel Aware": true,
                "Join Type": "Inner",
                "Startup Cost": 70191.84,
                "Total Cost": 329287.99,
                "Plan Rows": 6027,
                "Plan Width": 0,
                "Actual Startup Time": 172.231,
                "Actual Total Time": 226.615,
                "Actual Rows": 9573,
                "Actual Loops": 2,
                "Inner Unique": true,
                "Hash Cond": "(ci.movie_id = t.id)",
                "Plans": [
                  {
                    "Node Type": "Bitmap Heap Scan",
                    "Parent Relationship": "Outer",
                    "Parallel Aware": true,
                    "Relation Name": "cast_info",
                    "Alias": "ci",
                    "Startup Cost": 10757.73,
                    "Total Cost": 269593.04,
                    "Plan Rows": 99365,
                    "Plan Width": 4,
                    "Actual Startup Time": 18.203,
                    "Actual Total Time": 49.123,
                    "Actual Rows": 175970,
                    "Actual Loops": 2,
                    "Recheck Cond": "(person_id < 53299)",
                    "Rows Removed by Index Recheck": 0,
                    "Filter": "(role_id = 1)",
                    "Rows Removed by Filter": 60222,
                    "Exact Heap Blocks": 3001,
                    "Lossy Heap Blocks": 0,
                    "Plans": [
                      {
                        "Node Type": "Bitmap Index Scan",
                        "Parent Relationship": "Outer",
                        "Parallel Aware": false,
                        "Index Name": "person_id_cast_info",
                        "Startup Cost": 0.0,
                        "Total Cost": 10715.5,
                        "Plan Rows": 490524,
                        "Plan Width": 0,
                        "Actual Startup Time": 17.454,
                        "Actual Total Time": 17.455,
                        "Actual Rows": 472385,
                        "Actual Loops": 1,
                        "Index Cond": "(person_id < 53299)"
                      }
                    ]
                  },
                  {
                    "Node Type": "Hash",
                    "Parent Relationship": "Inner",
                    "Parallel Aware": true,
                    "Startup Cost": 58306.47,
                    "Total Cost": 58306.47,
                    "Plan Rows": 90212,
                    "Plan Width": 4,
                    "Actual Startup Time": 150.524,
                    "Actual Total Time": 150.524,
                    "Actual Rows": 67380,
                    "Actual Loops": 2,
                    "Hash Buckets": 262144,
                    "Original Hash Buckets": 262144,
                    "Hash Batches": 1,
                    "Original Hash Batches": 1,
                    "Peak Memory Usage": 7360,
                    "Plans": [
                      {
                        "Node Type": "Seq Scan",
                        "Parent Relationship": "Outer",
                        "Parallel Aware": true,
                        "Relation Name": "title",
                        "Alias": "t",
                        "Startup Cost": 0.0,
                        "Total Cost": 58306.47,
                        "Plan Rows": 90212,
                        "Plan Width": 4,
                        "Actual Startup Time": 0.145,
                        "Actual Total Time": 133.588,
                        "Actual Rows": 67380,
                        "Actual Loops": 2,
                        "Filter": "((kind_id < 7) AND (production_year > 2010))",
                        "Rows Removed by Filter": 1196776
                      }
                    ]
                  }
                ]
              }
            ]
          }
        ]
      }
    ]
  },
  "Planning Time": 0.509,
  "Triggers": [],
  "Execution Time": 243.528
}