[
  {
    "Plan": {
      "Node Type": "Aggregate",
      "Strategy": "Plain",
      "Partial Mode": "Finalize",
      "Parallel Aware": false,
      "Startup Cost": 47420.51,
      "Total Cost": 47420.52,
      "Plan Rows": 1,
      "Plan Width": 8,
      "Actual Startup Time": 124.429,
      "Actual Total Time": 136.841,
      "Actual Rows": 1,
      "Actual Loops": 1,
      "Plans": [
        {
          "Node Type": "Gather",
          "Parent Relationship": "Outer",
          "Parallel Aware": false,
          "Startup Cost": 47420.09,
          "Total Cost": 47420.5,
          "Plan Rows": 4,
          "Plan Width": 8,
          "Actual Startup Time": 124.259,
          "Actual Total Time": 136.831,
          "Actual Rows": 5,
          "Actual Loops": 1,
          "Workers Planned": 4,
          "Workers Launched": 4,
          "Single Copy": false,
          "Plans": [
            {
              "Node Type": "Aggregate",
              "Strategy": "Plain",
              "Partial Mode": "Partial",
              "Parent Relationship": "Outer",
              "Parallel Aware": false,
              "Startup Cost": 46420.09,
              "Total Cost": 46420.1,
              "Plan Rows": 1,
              "Plan Width": 8,
              "Actual Startup Time": 117.323,
              "Actual Total Time": 117.324,
              "Actual Rows": 1,
              "Actual Loops": 5,
              "Plans": [
                {
                  "Node Type": "Seq Scan",
                  "Parent Relationship": "Outer",
                  "Parallel Aware": true,
                  "Relation Name": "title",
                  "Alias": "t",
                  "Startup Cost": 0.0,
                  "Total Cost": 45479.1,
                  "Plan Rows": 376398,
                  "Plan Width": 0,
                  "Actual Startup Time": 0.033,
                  "Actual Total Time": 98.909,
                  "Actual Rows": 318980,
                  "Actual Loops": 5,
                  "Filter": "((kind_id > 3) AND (production_year > 1953))",
                  "Rows Removed by Filter": 186683
                }
              ]
            }
          ]
        }
      ]
    },
    "Planning Time": 0.232,
    "Triggers": [],
    "Execution Time": 136.907
  }
]