{
    "Plan": {
        "Node Type": "Aggregate",
        "Strategy": "Plain",
        "Partial Mode": "Finalize",
        "Parallel Aware": false,
        "Startup Cost": 251734.12,
        "Total Cost": 251734.13,
        "Plan Rows": 1,
        "Plan Width": 8,
        "Actual Startup Time": 695.357,
        "Actual Total Time": 736.202,
        "Actual Rows": 1,
        "Actual Loops": 1,
        "Output": [
            "count(*)"
        ],
        "Plans": [
            {
                "Node Type": "Gather",
                "Parent Relationship": "Outer",
                "Parallel Aware": false,
                "Startup Cost": 251733.6,
                "Total Cost": 251734.11,
                "Plan Rows": 5,
                "Plan Width": 8,
                "Actual Startup Time": 682.071,
                "Actual Total Time": 736.189,
                "Actual Rows": 6,
                "Actual Loops": 1,
                "Output": [
                    "(PARTIAL count(*))"
                ],
                "Workers Planned": 5,
                "Workers Launched": 5,
                "Single Copy": false,
                "Plans": [
                    {
                        "Node Type": "Aggregate",
                        "Strategy": "Plain",
                        "Partial Mode": "Partial",
                        "Parent Relationship": "Outer",
                        "Parallel Aware": false,
                        "Startup Cost": 250733.6,
                        "Total Cost": 250733.61,
                        "Plan Rows": 1,
                        "Plan Width": 8,
                        "Actual Startup Time": 659.843,
                        "Actual Total Time": 659.846,
                        "Actual Rows": 1,
                        "Actual Loops": 6,
                        "Output": [
                            "PARTIAL count(*)"
                        ],
                        "Workers": [
                            {
                                "Worker Number": 0,
                                "Actual Startup Time": 655.159,
                                "Actual Total Time": 655.162,
                                "Actual Rows": 1,
                                "Actual Loops": 1
                            },
                            {
                                "Worker Number": 1,
                                "Actual Startup Time": 655.149,
                                "Actual Total Time": 655.151,
                                "Actual Rows": 1,
                                "Actual Loops": 1
                            },
                            {
                                "Worker Number": 2,
                                "Actual Startup Time": 657.032,
                                "Actual Total Time": 657.035,
                                "Actual Rows": 1,
                                "Actual Loops": 1
                            },
                            {
                                "Worker Number": 3,
                                "Actual Startup Time": 655.187,
                                "Actual Total Time": 655.191,
                                "Actual Rows": 1,
                                "Actual Loops": 1
                            },
                            {
                                "Worker Number": 4,
                                "Actual Startup Time": 655.358,
                                "Actual Total Time": 655.361,
                                "Actual Rows": 1,
                                "Actual Loops": 1
                            }
                        ],
                        "Plans": [
                            {
                                "Node Type": "Hash Join",
                                "Parent Relationship": "Outer",
                                "Parallel Aware": true,
                                "Join Type": "Inner",
                                "Startup Cost": 50587.11,
                                "Total Cost": 250168.64,
                                "Plan Rows": 225986,
                                "Plan Width": 0,
                                "Actual Startup Time": 510.297,
                                "Actual Total Time": 652.161,
                                "Actual Rows": 179482,
                                "Actual Loops": 6,
                                "Inner Unique": true,
                                "Hash Cond": "(mi.movie_id = t.id)",
                                "Workers": [
                                    {
                                        "Worker Number": 0,
                                        "Actual Startup Time": 505.92,
                                        "Actual Total Time": 648.329,
                                        "Actual Rows": 175465,
                                        "Actual Loops": 1
                                    },
                                    {
                                        "Worker Number": 1,
                                        "Actual Startup Time": 505.904,
                                        "Actual Total Time": 647.683,
                                        "Actual Rows": 191337,
                                        "Actual Loops": 1
                                    },
                                    {
                                        "Worker Number": 2,
                                        "Actual Startup Time": 505.972,
                                        "Actual Total Time": 648.327,
                                        "Actual Rows": 138399,
                                        "Actual Loops": 1
                                    },
                                    {
                                        "Worker Number": 3,
                                        "Actual Startup Time": 505.945,
                                        "Actual Total Time": 648.368,
                                        "Actual Rows": 175027,
                                        "Actual Loops": 1
                                    },
                                    {
                                        "Worker Number": 4,
                                        "Actual Startup Time": 506.114,
                                        "Actual Total Time": 647.774,
                                        "Actual Rows": 194389,
                                        "Actual Loops": 1
                                    }
                                ],
                                "Plans": [
                                    {
                                        "Node Type": "Seq Scan",
                                        "Parent Relationship": "Outer",
                                        "Parallel Aware": true,
                                        "Relation Name": "movie_info",
                                        "Schema": "public",
                                        "Alias": "mi",
                                        "Startup Cost": 0.0,
                                        "Total Cost": 198880.74,
                                        "Plan Rows": 266969,
                                        "Plan Width": 4,
                                        "Actual Startup Time": 238.911,
                                        "Actual Total Time": 290.841,
                                        "Actual Rows": 220894,
                                        "Actual Loops": 6,
                                        "Output": [
                                            "mi.id",
                                            "mi.movie_id",
                                            "mi.info_type_id",
                                            "mi.info",
                                            "mi.note"
                                        ],
                                        "Filter": "(mi.info_type_id = 8)",
                                        "Rows Removed by Filter": 2251726,
                                        "Workers": [
                                            {
                                                "Worker Number": 0,
                                                "Actual Startup Time": 238.997,
                                                "Actual Total Time": 290.295,
                                                "Actual Rows": 215993,
                                                "Actual Loops": 1
                                            },
                                            {
                                                "Worker Number": 1,
                                                "Actual Startup Time": 238.88,
                                                "Actual Total Time": 290.791,
                                                "Actual Rows": 235267,
                                                "Actual Loops": 1
                                            },
                                            {
                                                "Worker Number": 2,
                                                "Actual Startup Time": 238.89,
                                                "Actual Total Time": 294.804,
                                                "Actual Rows": 170743,
                                                "Actual Loops": 1
                                            },
                                            {
                                                "Worker Number": 3,
                                                "Actual Startup Time": 238.917,
                                                "Actual Total Time": 290.296,
                                                "Actual Rows": 215297,
                                                "Actual Loops": 1
                                            },
                                            {
                                                "Worker Number": 4,
                                                "Actual Startup Time": 238.883,
                                                "Actual Total Time": 291.135,
                                                "Actual Rows": 239345,
                                                "Actual Loops": 1
                                            }
                                        ]
                                    },
                                    {
                                        "Node Type": "Hash",
                                        "Parent Relationship": "Inner",
                                        "Parallel Aware": true,
                                        "Startup Cost": 43899.01,
                                        "Total Cost": 43899.01,
                                        "Plan Rows": 535048,
                                        "Plan Width": 4,
                                        "Actual Startup Time": 263.096,
                                        "Actual Total Time": 263.097,
                                        "Actual Rows": 357781,
                                        "Actual Loops": 6,
                                        "Output": [
                                            "t.id"
                                        ],
                                        "Hash Buckets": 4194304,
                                        "Original Hash Buckets": 4194304,
                                        "Hash Batches": 1,
                                        "Original Hash Batches": 1,
                                        "Peak Memory Usage": 116832,
                                        "Workers": [
                                            {
                                                "Worker Number": 0,
                                                "Actual Startup Time": 266.292,
                                                "Actual Total Time": 266.293,
                                                "Actual Rows": 340417,
                                                "Actual Loops": 1
                                            },
                                            {
                                                "Worker Number": 1,
                                                "Actual Startup Time": 266.189,
                                                "Actual Total Time": 266.19,
                                                "Actual Rows": 358187,
                                                "Actual Loops": 1
                                            },
                                            {
                                                "Worker Number": 2,
                                                "Actual Startup Time": 266.216,
                                                "Actual Total Time": 266.217,
                                                "Actual Rows": 270257,
                                                "Actual Loops": 1
                                            },
                                            {
                                                "Worker Number": 3,
                                                "Actual Startup Time": 266.206,
                                                "Actual Total Time": 266.208,
                                                "Actual Rows": 341093,
                                                "Actual Loops": 1
                                            },
                                            {
                                                "Worker Number": 4,
                                                "Actual Startup Time": 266.395,
                                                "Actual Total Time": 266.396,
                                                "Actual Rows": 354261,
                                                "Actual Loops": 1
                                            }
                                        ],
                                        "Plans": [
                                            {
                                                "Node Type": "Seq Scan",
                                                "Parent Relationship": "Outer",
                                                "Parallel Aware": true,
                                                "Relation Name": "title",
                                                "Schema": "public",
                                                "Alias": "t",
                                                "Startup Cost": 0.0,
                                                "Total Cost": 43899.01,
                                                "Plan Rows": 535048,
                                                "Plan Width": 4,
                                                "Actual Startup Time": 0.06,
                                                "Actual Total Time": 88.046,
                                                "Actual Rows": 357781,
                                                "Actual Loops": 6,
                                                "Output": [
                                                    "t.id"
                                                ],
                                                "Filter": "(t.production_year > 1965)",
                                                "Rows Removed by Filter": 63605,
                                                "Workers": [
                                                    {
                                                        "Worker Number": 0,
                                                        "Actual Startup Time": 0.065,
                                                        "Actual Total Time": 89.374,
                                                        "Actual Rows": 340417,
                                                        "Actual Loops": 1
                                                    },
                                                    {
                                                        "Worker Number": 1,
                                                        "Actual Startup Time": 0.073,
                                                        "Actual Total Time": 89.826,
                                                        "Actual Rows": 358187,
                                                        "Actual Loops": 1
                                                    },
                                                    {
                                                        "Worker Number": 2,
                                                        "Actual Startup Time": 0.069,
                                                        "Actual Total Time": 95.206,
                                                        "Actual Rows": 270257,
                                                        "Actual Loops": 1
                                                    },
                                                    {
                                                        "Worker Number": 3,
                                                        "Actual Startup Time": 0.062,
                                                        "Actual Total Time": 88.633,
                                                        "Actual Rows": 341093,
                                                        "Actual Loops": 1
                                                    },
                                                    {
                                                        "Worker Number": 4,
                                                        "Actual Startup Time": 0.073,
                                                        "Actual Total Time": 90.216,
                                                        "Actual Rows": 354261,
                                                        "Actual Loops": 1
                                                    }
                                                ]
                                            }
                                        ]
                                    }
                                ]
                            }
                        ]
                    }
                ]
            }
        ]
    },
    "Planning Time": 0.7,
    "Triggers": [],
    "Execution Time": 736.283
}