[
  {
    "Plan": {
      "Node Type": "Aggregate",
      "Strategy": "Plain",
      "Partial Mode": "Finalize",
      "Parallel Aware": false,
      "Startup Cost": 162997.93,
      "Total Cost": 162997.94,
      "Plan Rows": 1,
      "Plan Width": 8,
      "Actual Startup Time": 152.424,
      "Actual Total Time": 182.702,
      "Actual Rows": 1,
      "Actual Loops": 1,
      "Plans": [
        {
          "Node Type": "Gather",
          "Parent Relationship": "Outer",
          "Parallel Aware": false,
          "Startup Cost": 162997.51,
          "Total Cost": 162997.92,
          "Plan Rows": 4,
          "Plan Width": 8,
          "Actual Startup Time": 152.075,
          "Actual Total Time": 182.678,
          "Actual Rows": 5,
          "Actual Loops": 1,
          "Workers Planned": 4,
          "Workers Launched": 4,
          "Single Copy": false,
          "Plans": [
            {
              "Node Type": "Aggregate",
              "Strategy": "Plain",
              "Partial Mode": "Partial",
              "Parent Relationship": "Outer",
              "Parallel Aware": false,
              "Startup Cost": 161997.51,
              "Total Cost": 161997.52,
              "Plan Rows": 1,
              "Plan Width": 8,
              "Actual Startup Time": 145.008,
              "Actual Total Time": 145.011,
              "Actual Rows": 1,
              "Actual Loops": 5,
              "Plans": [
                {
                  "Node Type": "Nested Loop",
                  "Parent Relationship": "Outer",
                  "Parallel Aware": false,
                  "Join Type": "Inner",
                  "Startup Cost": 0.56,
                  "Total Cost": 161993.15,
                  "Plan Rows": 1742,
                  "Plan Width": 0,
                  "Actual Startup Time": 56.01,
                  "Actual Total Time": 144.929,
                  "Actual Rows": 566,
                  "Actual Loops": 5,
                  "Inner Unique": false,
                  "Plans": [
                    {
                      "Node Type": "Seq Scan",
                      "Parent Relationship": "Outer",
                      "Parallel Aware": true,
                      "Relation Name": "title",
                      "Alias": "t",
                      "Startup Cost": 0.0,
                      "Total Cost": 45479.59,
                      "Plan Rows": 1018,
                      "Plan Width": 4,
                      "Actual Startup Time": 55.172,
                      "Actual Total Time": 78.603,
                      "Actual Rows": 921,
                      "Actual Loops": 5,
                      "Filter": "((kind_id = 1) AND (production_year = 1970))",
                      "Rows Removed by Filter": 504741
                    },
                    {
                      "Node Type": "Index Scan",
                      "Parent Relationship": "Inner",
                      "Parallel Aware": false,
                      "Scan Direction": "Forward",
                      "Index Name": "movie_id_cast_info",
                      "Relation Name": "cast_info",
                      "Alias": "ci",
                      "Startup Cost": 0.56,
                      "Total Cost": 114.41,
                      "Plan Rows": 4,
                      "Plan Width": 4,
                      "Actual Startup Time": 0.069,
                      "Actual Total Time": 0.071,
                      "Actual Rows": 1,
                      "Actual Loops": 4606,
                      "Index Cond": "(movie_id = t.id)",
                      "Rows Removed by Index Recheck": 0,
                      "Filter": "(role_id = 10)",
                      "Rows Removed by Filter": 15
                    }
                  ]
                }
              ]
            }
          ]
        }
      ]
    },
    "Planning Time": 0.662,
    "Triggers": [],
    "Execution Time": 182.789
  }
]