[
  {
    "Plan": {
      "Node Type": "Aggregate",
      "Strategy": "Plain",
      "Partial Mode": "Finalize",
      "Parallel Aware": false,
      "Startup Cost": 44415.08,
      "Total Cost": 44415.09,
      "Plan Rows": 1,
      "Plan Width": 8,
      "Actual Startup Time": 125.668,
      "Actual Total Time": 135.72,
      "Actual Rows": 1,
      "Actual Loops": 1,
      "Plans": [
        {
          "Node Type": "Gather",
          "Parent Relationship": "Outer",
          "Parallel Aware": false,
          "Startup Cost": 44414.76,
          "Total Cost": 44415.07,
          "Plan Rows": 3,
          "Plan Width": 8,
          "Actual Startup Time": 125.496,
          "Actual Total Time": 135.708,
          "Actual Rows": 4,
          "Actual Loops": 1,
          "Workers Planned": 3,
          "Workers Launched": 3,
          "Single Copy": false,
          "Plans": [
            {
              "Node Type": "Aggregate",
              "Strategy": "Plain",
              "Partial Mode": "Partial",
              "Parent Relationship": "Outer",
              "Parallel Aware": false,
              "Startup Cost": 43414.76,
              "Total Cost": 43414.77,
              "Plan Rows": 1,
              "Plan Width": 8,
              "Actual Startup Time": 119.957,
              "Actual Total Time": 119.959,
              "Actual Rows": 1,
              "Actual Loops": 4,
              "Plans": [
                {
                  "Node Type": "Seq Scan",
                  "Parent Relationship": "Outer",
                  "Parallel Aware": true,
                  "Relation Name": "movie_keyword",
                  "Alias": "mk",
                  "Startup Cost": 0.0,
                  "Total Cost": 42695.65,
                  "Plan Rows": 287643,
                  "Plan Width": 0,
                  "Actual Startup Time": 1.791,
                  "Actual Total Time": 108.054,
                  "Actual Rows": 222005,
                  "Actual Loops": 4,
                  "Filter": "(keyword_id > 20778)",
                  "Rows Removed by Filter": 908977
                }
              ]
            }
          ]
        }
      ]
    },
    "Planning Time": 0.069,
    "Triggers": [],
    "Execution Time": 135.747
  }
]