[
  {
    "Plan": {
      "Node Type": "Aggregate",
      "Strategy": "Plain",
      "Partial Mode": "Finalize",
      "Parallel Aware": false,
      "Startup Cost": 335825.81,
      "Total Cost": 335825.82,
      "Plan Rows": 1,
      "Plan Width": 8,
      "Actual Startup Time": 723.032,
      "Actual Total Time": 767.772,
      "Actual Rows": 1,
      "Actual Loops": 1,
      "Plans": [
        {
          "Node Type": "Gather",
          "Parent Relationship": "Outer",
          "Parallel Aware": false,
          "Startup Cost": 335825.18,
          "Total Cost": 335825.79,
          "Plan Rows": 6,
          "Plan Width": 8,
          "Actual Startup Time": 722.842,
          "Actual Total Time": 767.757,
          "Actual Rows": 7,
          "Actual Loops": 1,
          "Workers Planned": 6,
          "Workers Launched": 6,
          "Single Copy": false,
          "Plans": [
            {
              "Node Type": "Aggregate",
              "Strategy": "Plain",
              "Partial Mode": "Partial",
              "Parent Relationship": "Outer",
              "Parallel Aware": false,
              "Startup Cost": 334825.18,
              "Total Cost": 334825.19,
              "Plan Rows": 1,
              "Plan Width": 8,
              "Actual Startup Time": 714.39,
              "Actual Total Time": 714.391,
              "Actual Rows": 1,
              "Actual Loops": 7,
              "Plans": [
                {
                  "Node Type": "Seq Scan",
                  "Parent Relationship": "Outer",
                  "Parallel Aware": true,
                  "Relation Name": "cast_info",
                  "Alias": "ci",
                  "Startup Cost": 0.0,
                  "Total Cost": 328211.39,
                  "Plan Rows": 2645516,
                  "Plan Width": 0,
                  "Actual Startup Time": 0.052,
                  "Actual Total Time": 600.26,
                  "Actual Rows": 2292525,
                  "Actual Loops": 7,
                  "Filter": "(person_id < 1588426)",
                  "Rows Removed by Filter": 2885239
                }
              ]
            }
          ]
        }
      ]
    },
    "Planning Time": 0.139,
    "Triggers": [],
    "Execution Time": 767.826
  }
]