[
  {
    "Plan": {
      "Node Type": "Aggregate",
      "Strategy": "Plain",
      "Partial Mode": "Finalize",
      "Parallel Aware": false,
      "Startup Cost": 28873.52,
      "Total Cost": 28873.53,
      "Plan Rows": 1,
      "Plan Width": 8,
      "Actual Startup Time": 48.328,
      "Actual Total Time": 57.982,
      "Actual Rows": 1,
      "Actual Loops": 1,
      "Plans": [
        {
          "Node Type": "Gather",
          "Parent Relationship": "Outer",
          "Parallel Aware": false,
          "Startup Cost": 28873.3,
          "Total Cost": 28873.51,
          "Plan Rows": 2,
          "Plan Width": 8,
          "Actual Startup Time": 48.045,
          "Actual Total Time": 57.975,
          "Actual Rows": 3,
          "Actual Loops": 1,
          "Workers Planned": 2,
          "Workers Launched": 2,
          "Single Copy": false,
          "Plans": [
            {
              "Node Type": "Aggregate",
              "Strategy": "Plain",
              "Partial Mode": "Partial",
              "Parent Relationship": "Outer",
              "Parallel Aware": false,
              "Startup Cost": 27873.3,
              "Total Cost": 27873.31,
              "Plan Rows": 1,
              "Plan Width": 8,
              "Actual Startup Time": 42.129,
              "Actual Total Time": 42.131,
              "Actual Rows": 1,
              "Actual Loops": 3,
              "Plans": [
                {
                  "Node Type": "Nested Loop",
                  "Parent Relationship": "Outer",
                  "Parallel Aware": false,
                  "Join Type": "Inner",
                  "Startup Cost": 155.16,
                  "Total Cost": 27835.59,
                  "Plan Rows": 15085,
                  "Plan Width": 0,
                  "Actual Startup Time": 5.129,
                  "Actual Total Time": 41.415,
                  "Actual Rows": 8168,
                  "Actual Loops": 3,
                  "Inner Unique": false,
                  "Plans": [
                    {
                      "Node Type": "Nested Loop",
                      "Parent Relationship": "Outer",
                      "Parallel Aware": false,
                      "Join Type": "Inner",
                      "Startup Cost": 154.6,
                      "Total Cost": 25320.27,
                      "Plan Rows": 1052,
                      "Plan Width": 8,
                      "Actual Startup Time": 4.975,
                      "Actual Total Time": 13.337,
                      "Actual Rows": 594,
                      "Actual Loops": 3,
                      "Inner Unique": true,
                      "Plans": [
                        {
                          "Node Type": "Bitmap Heap Scan",
                          "Parent Relationship": "Outer",
                          "Parallel Aware": true,
                          "Relation Name": "movie_companies",
                          "Alias": "mc",
                          "Startup Cost": 154.17,
                          "Total Cost": 13928.6,
                          "Plan Rows": 1500,
                          "Plan Width": 4,
                          "Actual Startup Time": 3.55,
                          "Actual Total Time": 5.612,
                          "Actual Rows": 903,
                          "Actual Loops": 3,
                          "Recheck Cond": "(company_id = 302)",
                          "Rows Removed by Index Recheck": 0,
                          "Filter": "(company_type_id > 1)",
                          "Rows Removed by Filter": 1326,
                          "Exact Heap Blocks": 3185,
                          "Lossy Heap Blocks": 0,
                          "Plans": [
                            {
                              "Node Type": "Bitmap Index Scan",
                              "Parent Relationship": "Outer",
                              "Parallel Aware": false,
                              "Index Name": "company_id_movie_companies",
                              "Startup Cost": 0.0,
                              "Total Cost": 153.27,
                              "Plan Rows": 7045,
                              "Plan Width": 0,
                              "Actual Startup Time": 2.258,
                              "Actual Total Time": 2.259,
                              "Actual Rows": 6686,
                              "Actual Loops": 1,
                              "Index Cond": "(company_id = 302)"
                            }
                          ]
                        },
                        {
                          "Node Type": "Index Scan",
                          "Parent Relationship": "Inner",
                          "Parallel Aware": false,
                          "Scan Direction": "Forward",
                          "Index Name": "title_pkey",
                          "Relation Name": "title",
                          "Alias": "t",
                          "Startup Cost": 0.43,
                          "Total Cost": 7.59,
                          "Plan Rows": 1,
                          "Plan Width": 4,
                          "Actual Startup Time": 0.008,
                          "Actual Total Time": 0.008,
                          "Actual Rows": 1,
                          "Actual Loops": 2708,
                          "Index Cond": "(id = mc.movie_id)",
                          "Rows Removed by Index Recheck": 0,
                          "Filter": "(kind_id > 2)",
                          "Rows Removed by Filter": 0
                        }
                      ]
                    },
                    {
                      "Node Type": "Index Only Scan",
                      "Parent Relationship": "Inner",
                      "Parallel Aware": false,
                      "Scan Direction": "Forward",
                      "Index Name": "movie_id_cast_info",
                      "Relation Name": "cast_info",
                      "Alias": "ci",
                      "Startup Cost": 0.56,
                      "Total Cost": 2.04,
                      "Plan Rows": 35,
                      "Plan Width": 4,
                      "Actual Startup Time": 0.01,
                      "Actual Total Time": 0.045,
                      "Actual Rows": 14,
                      "Actual Loops": 1783,
                      "Index Cond": "(movie_id = t.id)",
                      "Rows Removed by Index Recheck": 0,
                      "Heap Fetches": 24505
                    }
                  ]
                }
              ]
            }
          ]
        }
      ]
    },
    "Planning Time": 0.856,
    "Triggers": [],
    "Execution Time": 58.044
  }
]