{
  "Plan": {
    "Node Type": "Aggregate",
    "Strategy": "Plain",
    "Partial Mode": "Finalize",
    "Parallel Aware": false,
    "Startup Cost": 84761.17,
    "Total Cost": 84761.18,
    "Plan Rows": 1,
    "Plan Width": 8,
    "Actual Startup Time": 221.3,
    "Actual Total Time": 230.622,
    "Actual Rows": 1,
    "Actual Loops": 1,
    "Plans": [
      {
        "Node Type": "Gather",
        "Parent Relationship": "Outer",
        "Parallel Aware": false,
        "Startup Cost": 84761.05,
        "Total Cost": 84761.16,
        "Plan Rows": 1,
        "Plan Width": 8,
        "Actual Startup Time": 220.826,
        "Actual Total Time": 230.616,
        "Actual Rows": 2,
        "Actual Loops": 1,
        "Workers Planned": 1,
        "Workers Launched": 1,
        "Single Copy": false,
        "Plans": [
          {
            "Node Type": "Aggregate",
            "Strategy": "Plain",
            "Partial Mode": "Partial",
            "Parent Relationship": "Outer",
            "Parallel Aware": false,
            "Startup Cost": 83761.05,
            "Total Cost": 83761.06,
            "Plan Rows": 1,
            "Plan Width": 8,
            "Actual Startup Time": 215.053,
            "Actual Total Time": 215.057,
            "Actual Rows": 1,
            "Actual Loops": 2,
            "Plans": [
              {
                "Node Type": "Hash Join",
                "Parent Relationship": "Outer",
                "Parallel Aware": true,
                "Join Type": "Inner",
                "Startup Cost": 62125.82,
                "Total Cost": 83747.02,
                "Plan Rows": 5612,
                "Plan Width": 0,
                "Actual Startup Time": 168.034,
                "Actual Total Time": 214.633,
                "Actual Rows": 7914,
                "Actual Loops": 2,
                "Inner Unique": true,
                "Hash Cond": "(mc.movie_id = t.id)",
                "Plans": [
                  {
                    "Node Type": "Bitmap Heap Scan",
                    "Parent Relationship": "Outer",
                    "Parallel Aware": true,
                    "Relation Name": "movie_companies",
                    "Alias": "mc",
                    "Startup Cost": 6351.98,
                    "Total Cost": 27742.15,
                    "Plan Rows": 88013,
                    "Plan Width": 4,
                    "Actual Startup Time": 12.276,
                    "Actual Total Time": 37.176,
                    "Actual Rows": 148552,
                    "Actual Loops": 2,
                    "Recheck Cond": "(company_id > 94745)",
                    "Rows Removed by Index Recheck": 0,
                    "Filter": "(company_type_id = 2)",
                    "Rows Removed by Filter": 0,
                    "Exact Heap Blocks": 2594,
                    "Lossy Heap Blocks": 0,
                    "Plans": [
                      {
                        "Node Type": "Bitmap Index Scan",
                        "Parent Relationship": "Outer",
                        "Parallel Aware": false,
                        "Index Name": "company_id_movie_companies",
                        "Startup Cost": 0.0,
                        "Total Cost": 6314.58,
                        "Plan Rows": 294686,
                        "Plan Width": 0,
                        "Actual Startup Time": 11.583,
                        "Actual Total Time": 11.584,
                        "Actual Rows": 297104,
                        "Actual Loops": 1,
                        "Index Cond": "(company_id > 94745)"
                      }
                    ]
                  },
                  {
                    "Node Type": "Hash",
                    "Parent Relationship": "Inner",
                    "Parallel Aware": true,
                    "Startup Cost": 54588.39,
                    "Total Cost": 54588.39,
                    "Plan Rows": 94836,
                    "Plan Width": 4,
                    "Actual Startup Time": 153.467,
                    "Actual Total Time": 153.467,
                    "Actual Rows": 80008,
                    "Actual Loops": 2,
                    "Hash Buckets": 262144,
                    "Original Hash Buckets": 262144,
                    "Hash Batches": 1,
                    "Original Hash Batches": 1,
                    "Peak Memory Usage": 8352,
                    "Plans": [
                      {
                        "Node Type": "Seq Scan",
                        "Parent Relationship": "Outer",
                        "Parallel Aware": true,
                        "Relation Name": "title",
                        "Alias": "t",
                        "Startup Cost": 0.0,
                        "Total Cost": 54588.39,
                        "Plan Rows": 94836,
                        "Plan Width": 4,
                        "Actual Startup Time": 0.032,
                        "Actual Total Time": 131.559,
                        "Actual Rows": 80008,
                        "Actual Loops": 2,
                        "Filter": "(production_year = 2011)",
                        "Rows Removed by Filter": 1184148
                      }
                    ]
                  }
                ]
              }
            ]
          }
        ]
      }
    ]
  },
  "Planning Time": 0.303,
  "Triggers": [],
  "Execution Time": 230.682
}