[
    {
        "Bao": {
            "Bao prediction": 1159.332,
            "Bao recommended hint": "(no hint)"
        }
    },
    {
        "Plan": {
            "Node Type": "Aggregate",
            "Strategy": "Plain",
            "Partial Mode": "Finalize",
            "Parallel Aware": false,
            "Startup Cost": 117550.67,
            "Total Cost": 117550.68,
            "Plan Rows": 1,
            "Plan Width": 8,
            "Actual Startup Time": 483.34,
            "Actual Total Time": 501.637,
            "Actual Rows": 1,
            "Actual Loops": 1,
            "Output": [
                "count(*)"
            ],
            "Plans": [
                {
                    "Node Type": "Gather",
                    "Parent Relationship": "Outer",
                    "Parallel Aware": false,
                    "Startup Cost": 117550.36,
                    "Total Cost": 117550.67,
                    "Plan Rows": 3,
                    "Plan Width": 8,
                    "Actual Startup Time": 480.463,
                    "Actual Total Time": 501.628,
                    "Actual Rows": 4,
                    "Actual Loops": 1,
                    "Output": [
                        "(PARTIAL count(*))"
                    ],
                    "Workers Planned": 3,
                    "Workers Launched": 3,
                    "Single Copy": false,
                    "Plans": [
                        {
                            "Node Type": "Aggregate",
                            "Strategy": "Plain",
                            "Partial Mode": "Partial",
                            "Parent Relationship": "Outer",
                            "Parallel Aware": false,
                            "Startup Cost": 116550.36,
                            "Total Cost": 116550.37,
                            "Plan Rows": 1,
                            "Plan Width": 8,
                            "Actual Startup Time": 469.621,
                            "Actual Total Time": 469.627,
                            "Actual Rows": 1,
                            "Actual Loops": 4,
                            "Output": [
                                "PARTIAL count(*)"
                            ],
                            "Workers": [
                                {
                                    "Worker Number": 0,
                                    "Actual Startup Time": 466.345,
                                    "Actual Total Time": 466.351,
                                    "Actual Rows": 1,
                                    "Actual Loops": 1
                                },
                                {
                                    "Worker Number": 1,
                                    "Actual Startup Time": 466.329,
                                    "Actual Total Time": 466.335,
                                    "Actual Rows": 1,
                                    "Actual Loops": 1
                                },
                                {
                                    "Worker Number": 2,
                                    "Actual Startup Time": 466.354,
                                    "Actual Total Time": 466.36,
                                    "Actual Rows": 1,
                                    "Actual Loops": 1
                                }
                            ],
                            "Plans": [
                                {
                                    "Node Type": "Hash Join",
                                    "Parent Relationship": "Outer",
                                    "Parallel Aware": true,
                                    "Join Type": "Inner",
                                    "Startup Cost": 89509.72,
                                    "Total Cost": 116520.82,
                                    "Plan Rows": 11816,
                                    "Plan Width": 0,
                                    "Actual Startup Time": 371.115,
                                    "Actual Total Time": 466.827,
                                    "Actual Rows": 33561,
                                    "Actual Loops": 4,
                                    "Inner Unique": false,
                                    "Hash Cond": "(mk.movie_id = t.id)",
                                    "Workers": [
                                        {
                                            "Worker Number": 0,
                                            "Actual Startup Time": 367.962,
                                            "Actual Total Time": 463.775,
                                            "Actual Rows": 28917,
                                            "Actual Loops": 1
                                        },
                                        {
                                            "Worker Number": 1,
                                            "Actual Startup Time": 367.52,
                                            "Actual Total Time": 463.583,
                                            "Actual Rows": 34144,
                                            "Actual Loops": 1
                                        },
                                        {
                                            "Worker Number": 2,
                                            "Actual Startup Time": 367.91,
                                            "Actual Total Time": 463.519,
                                            "Actual Rows": 31946,
                                            "Actual Loops": 1
                                        }
                                    ],
                                    "Plans": [
                                        {
                                            "Node Type": "Bitmap Heap Scan",
                                            "Parent Relationship": "Outer",
                                            "Parallel Aware": true,
                                            "Relation Name": "movie_keyword",
                                            "Schema": "public",
                                            "Alias": "mk",
                                            "Startup Cost": 10229.33,
                                            "Total Cost": 36627.6,
                                            "Plan Rows": 155542,
                                            "Plan Width": 4,
                                            "Actual Startup Time": 61.484,
                                            "Actual Total Time": 128.499,
                                            "Actual Rows": 118229,
                                            "Actual Loops": 4,
                                            "Output": [
                                                "mk.id",
                                                "mk.movie_id",
                                                "mk.keyword_id"
                                            ],
                                            "Recheck Cond": "(mk.keyword_id > 37697)",
                                            "Rows Removed by Index Recheck": 0,
                                            "Exact Heap Blocks": 6737,
                                            "Lossy Heap Blocks": 0,
                                            "Workers": [
                                                {
                                                    "Worker Number": 0,
                                                    "Actual Startup Time": 61.557,
                                                    "Actual Total Time": 130.681,
                                                    "Actual Rows": 101364,
                                                    "Actual Loops": 1
                                                },
                                                {
                                                    "Worker Number": 1,
                                                    "Actual Startup Time": 61.242,
                                                    "Actual Total Time": 129.567,
                                                    "Actual Rows": 128163,
                                                    "Actual Loops": 1
                                                },
                                                {
                                                    "Worker Number": 2,
                                                    "Actual Startup Time": 61.494,
                                                    "Actual Total Time": 130.077,
                                                    "Actual Rows": 106091,
                                                    "Actual Loops": 1
                                                }
                                            ],
                                            "Plans": [
                                                {
                                                    "Node Type": "Bitmap Index Scan",
                                                    "Parent Relationship": "Outer",
                                                    "Parallel Aware": false,
                                                    "Index Name": "keyword_id_movie_keyword",
                                                    "Startup Cost": 0.0,
                                                    "Total Cost": 10108.78,
                                                    "Plan Rows": 482180,
                                                    "Plan Width": 0,
                                                    "Actual Startup Time": 55.945,
                                                    "Actual Total Time": 55.946,
                                                    "Actual Rows": 472915,
                                                    "Actual Loops": 1,
                                                    "Index Cond": "(mk.keyword_id > 37697)",
                                                    "Workers": [
                                                        {
                                                            "Worker Number": 1,
                                                            "Actual Startup Time": 55.945,
                                                            "Actual Total Time": 55.946,
                                                            "Actual Rows": 472915,
                                                            "Actual Loops": 1
                                                        }
                                                    ]
                                                }
                                            ]
                                        },
                                        {
                                            "Node Type": "Hash",
                                            "Parent Relationship": "Inner",
                                            "Parallel Aware": true,
                                            "Startup Cost": 78680.15,
                                            "Total Cost": 78680.15,
                                            "Plan Rows": 48019,
                                            "Plan Width": 8,
                                            "Actual Startup Time": 307.323,
                                            "Actual Total Time": 307.328,
                                            "Actual Rows": 34865,
                                            "Actual Loops": 4,
                                            "Output": [
                                                "t.id",
                                                "mc.movie_id"
                                            ],
                                            "Hash Buckets": 262144,
                                            "Original Hash Buckets": 262144,
                                            "Hash Batches": 1,
                                            "Original Hash Batches": 1,
                                            "Peak Memory Usage": 7584,
                                            "Workers": [
                                                {
                                                    "Worker Number": 0,
                                                    "Actual Startup Time": 305.882,
                                                    "Actual Total Time": 305.886,
                                                    "Actual Rows": 31246,
                                                    "Actual Loops": 1
                                                },
                                                {
                                                    "Worker Number": 1,
                                                    "Actual Startup Time": 305.882,
                                                    "Actual Total Time": 305.886,
                                                    "Actual Rows": 33927,
                                                    "Actual Loops": 1
                                                },
                                                {
                                                    "Worker Number": 2,
                                                    "Actual Startup Time": 305.822,
                                                    "Actual Total Time": 305.827,
                                                    "Actual Rows": 33705,
                                                    "Actual Loops": 1
                                                }
                                            ],
                                            "Plans": [
                                                {
                                                    "Node Type": "Hash Join",
                                                    "Parent Relationship": "Outer",
                                                    "Parallel Aware": true,
                                                    "Join Type": "Inner",
                                                    "Startup Cost": 33381.89,
                                                    "Total Cost": 78680.15,
                                                    "Plan Rows": 48019,
                                                    "Plan Width": 8,
                                                    "Actual Startup Time": 124.655,
                                                    "Actual Total Time": 293.42,
                                                    "Actual Rows": 34865,
                                                    "Actual Loops": 4,
                                                    "Output": [
                                                        "t.id",
                                                        "mc.movie_id"
                                                    ],
                                                    "Inner Unique": false,
                                                    "Hash Cond": "(t.id = mc.movie_id)",
                                                    "Workers": [
                                                        {
                                                            "Worker Number": 0,
                                                            "Actual Startup Time": 123.195,
                                                            "Actual Total Time": 291.095,
                                                            "Actual Rows": 31246,
                                                            "Actual Loops": 1
                                                        },
                                                        {
                                                            "Worker Number": 1,
                                                            "Actual Startup Time": 123.145,
                                                            "Actual Total Time": 292.311,
                                                            "Actual Rows": 33927,
                                                            "Actual Loops": 1
                                                        },
                                                        {
                                                            "Worker Number": 2,
                                                            "Actual Startup Time": 123.208,
                                                            "Actual Total Time": 292.622,
                                                            "Actual Rows": 33705,
                                                            "Actual Loops": 1
                                                        }
                                                    ],
                                                    "Plans": [
                                                        {
                                                            "Node Type": "Seq Scan",
                                                            "Parent Relationship": "Outer",
                                                            "Parallel Aware": true,
                                                            "Relation Name": "title",
                                                            "Schema": "public",
                                                            "Alias": "t",
                                                            "Startup Cost": 0.0,
                                                            "Total Cost": 43899.01,
                                                            "Plan Rows": 248871,
                                                            "Plan Width": 4,
                                                            "Actual Startup Time": 0.011,
                                                            "Actual Total Time": 105.111,
                                                            "Actual Rows": 246262,
                                                            "Actual Loops": 4,
                                                            "Output": [
                                                                "t.id",
                                                                "t.title",
                                                                "t.imdb_index",
                                                                "t.kind_id",
                                                                "t.production_year",
                                                                "t.imdb_id",
                                                                "t.phonetic_code",
                                                                "t.episode_of_id",
                                                                "t.season_nr",
                                                                "t.episode_nr",
                                                                "t.series_years",
                                                                "t.md5sum"
                                                            ],
                                                            "Filter": "(t.kind_id < 7)",
                                                            "Rows Removed by Filter": 385816,
                                                            "Workers": [
                                                                {
                                                                    "Worker Number": 0,
                                                                    "Actual Startup Time": 0.017,
                                                                    "Actual Total Time": 104.431,
                                                                    "Actual Rows": 223507,
                                                                    "Actual Loops": 1
                                                                },
                                                                {
                                                                    "Worker Number": 1,
                                                                    "Actual Startup Time": 0.008,
                                                                    "Actual Total Time": 108.023,
                                                                    "Actual Rows": 241738,
                                                                    "Actual Loops": 1
                                                                },
                                                                {
                                                                    "Worker Number": 2,
                                                                    "Actual Startup Time": 0.009,
                                                                    "Actual Total Time": 107.879,
                                                                    "Actual Rows": 240380,
                                                                    "Actual Loops": 1
                                                                }
                                                            ]
                                                        },
                                                        {
                                                            "Node Type": "Hash",
                                                            "Parent Relationship": "Inner",
                                                            "Parallel Aware": true,
                                                            "Startup Cost": 31414.82,
                                                            "Total Cost": 31414.82,
                                                            "Plan Rows": 157366,
                                                            "Plan Width": 4,
                                                            "Actual Startup Time": 122.619,
                                                            "Actual Total Time": 122.62,
                                                            "Actual Rows": 70744,
                                                            "Actual Loops": 4,
                                                            "Output": [
                                                                "mc.movie_id"
                                                            ],
                                                            "Hash Buckets": 524288,
                                                            "Original Hash Buckets": 524288,
                                                            "Hash Batches": 1,
                                                            "Original Hash Batches": 1,
                                                            "Peak Memory Usage": 15232,
                                                            "Workers": [
                                                                {
                                                                    "Worker Number": 0,
                                                                    "Actual Startup Time": 123.071,
                                                                    "Actual Total Time": 123.073,
                                                                    "Actual Rows": 65105,
                                                                    "Actual Loops": 1
                                                                },
                                                                {
                                                                    "Worker Number": 1,
                                                                    "Actual Startup Time": 123.053,
                                                                    "Actual Total Time": 123.055,
                                                                    "Actual Rows": 69187,
                                                                    "Actual Loops": 1
                                                                },
                                                                {
                                                                    "Worker Number": 2,
                                                                    "Actual Startup Time": 123.108,
                                                                    "Actual Total Time": 123.11,
                                                                    "Actual Rows": 69077,
                                                                    "Actual Loops": 1
                                                                }
                                                            ],
                                                            "Plans": [
                                                                {
                                                                    "Node Type": "Seq Scan",
                                                                    "Parent Relationship": "Outer",
                                                                    "Parallel Aware": true,
                                                                    "Relation Name": "movie_companies",
                                                                    "Schema": "public",
                                                                    "Alias": "mc",
                                                                    "Startup Cost": 0.0,
                                                                    "Total Cost": 31414.82,
                                                                    "Plan Rows": 157366,
                                                                    "Plan Width": 4,
                                                                    "Actual Startup Time": 52.161,
                                                                    "Actual Total Time": 95.713,
                                                                    "Actual Rows": 70744,
                                                                    "Actual Loops": 4,
                                                                    "Output": [
                                                                        "mc.movie_id"
                                                                    ],
                                                                    "Filter": "((mc.company_id < 3853) AND (mc.company_type_id = 2))",
                                                                    "Rows Removed by Filter": 581538,
                                                                    "Workers": [
                                                                        {
                                                                            "Worker Number": 0,
                                                                            "Actual Startup Time": 52.138,
                                                                            "Actual Total Time": 94.668,
                                                                            "Actual Rows": 65105,
                                                                            "Actual Loops": 1
                                                                        },
                                                                        {
                                                                            "Worker Number": 1,
                                                                            "Actual Startup Time": 52.136,
                                                                            "Actual Total Time": 96.222,
                                                                            "Actual Rows": 69187,
                                                                            "Actual Loops": 1
                                                                        },
                                                                        {
                                                                            "Worker Number": 2,
                                                                            "Actual Startup Time": 52.164,
                                                                            "Actual Total Time": 96.815,
                                                                            "Actual Rows": 69077,
                                                                            "Actual Loops": 1
                                                                        }
                                                                    ]
                                                                }
                                                            ]
                                                        }
                                                    ]
                                                }
                                            ]
                                        }
                                    ]
                                }
                            ]
                        }
                    ]
                }
            ]
        },
        "Planning Time": 1160.481,
        "Triggers": [],
        "Execution Time": 501.913
    }
]