[
  {
    "Plan": {
      "Node Type": "Aggregate",
      "Strategy": "Plain",
      "Partial Mode": "Finalize",
      "Parallel Aware": false,
      "Startup Cost": 44755.11,
      "Total Cost": 44755.12,
      "Plan Rows": 1,
      "Plan Width": 8,
      "Actual Startup Time": 132.908,
      "Actual Total Time": 139.783,
      "Actual Rows": 1,
      "Actual Loops": 1,
      "Plans": [
        {
          "Node Type": "Gather",
          "Parent Relationship": "Outer",
          "Parallel Aware": false,
          "Startup Cost": 44754.79,
          "Total Cost": 44755.1,
          "Plan Rows": 3,
          "Plan Width": 8,
          "Actual Startup Time": 132.772,
          "Actual Total Time": 139.773,
          "Actual Rows": 4,
          "Actual Loops": 1,
          "Workers Planned": 3,
          "Workers Launched": 3,
          "Single Copy": false,
          "Plans": [
            {
              "Node Type": "Aggregate",
              "Strategy": "Plain",
              "Partial Mode": "Partial",
              "Parent Relationship": "Outer",
              "Parallel Aware": false,
              "Startup Cost": 43754.79,
              "Total Cost": 43754.8,
              "Plan Rows": 1,
              "Plan Width": 8,
              "Actual Startup Time": 127.369,
              "Actual Total Time": 127.371,
              "Actual Rows": 1,
              "Actual Loops": 4,
              "Plans": [
                {
                  "Node Type": "Seq Scan",
                  "Parent Relationship": "Outer",
                  "Parallel Aware": true,
                  "Relation Name": "movie_keyword",
                  "Alias": "mk",
                  "Startup Cost": 0.0,
                  "Total Cost": 42695.65,
                  "Plan Rows": 423654,
                  "Plan Width": 0,
                  "Actual Startup Time": 0.038,
                  "Actual Total Time": 110.148,
                  "Actual Rows": 328249,
                  "Actual Loops": 4,
                  "Filter": "(keyword_id < 1725)",
                  "Rows Removed by Filter": 802734
                }
              ]
            }
          ]
        }
      ]
    },
    "Planning Time": 0.196,
    "Triggers": [],
    "Execution Time": 139.839
  }
]