[
  {
    "Plan": {
      "Node Type": "Aggregate",
      "Strategy": "Plain",
      "Partial Mode": "Finalize",
      "Parallel Aware": false,
      "Startup Cost": 302656.16,
      "Total Cost": 302656.17,
      "Plan Rows": 1,
      "Plan Width": 8,
      "Actual Startup Time": 1673.003,
      "Actual Total Time": 1723.551,
      "Actual Rows": 1,
      "Actual Loops": 1,
      "Plans": [
        {
          "Node Type": "Gather",
          "Parent Relationship": "Outer",
          "Parallel Aware": false,
          "Startup Cost": 302655.64,
          "Total Cost": 302656.15,
          "Plan Rows": 5,
          "Plan Width": 8,
          "Actual Startup Time": 1667.239,
          "Actual Total Time": 1723.542,
          "Actual Rows": 6,
          "Actual Loops": 1,
          "Workers Planned": 5,
          "Workers Launched": 5,
          "Single Copy": false,
          "Plans": [
            {
              "Node Type": "Aggregate",
              "Strategy": "Plain",
              "Partial Mode": "Partial",
              "Parent Relationship": "Outer",
              "Parallel Aware": false,
              "Startup Cost": 301655.64,
              "Total Cost": 301655.65,
              "Plan Rows": 1,
              "Plan Width": 8,
              "Actual Startup Time": 1656.999,
              "Actual Total Time": 1657.005,
              "Actual Rows": 1,
              "Actual Loops": 6,
              "Plans": [
                {
                  "Node Type": "Hash Join",
                  "Parent Relationship": "Outer",
                  "Parallel Aware": true,
                  "Join Type": "Inner",
                  "Startup Cost": 90581.27,
                  "Total Cost": 301001.97,
                  "Plan Rows": 261467,
                  "Plan Width": 0,
                  "Actual Startup Time": 307.961,
                  "Actual Total Time": 1394.665,
                  "Actual Rows": 5662875,
                  "Actual Loops": 6,
                  "Inner Unique": false,
                  "Hash Cond": "(mi.movie_id = t.id)",
                  "Plans": [
                    {
                      "Node Type": "Seq Scan",
                      "Parent Relationship": "Outer",
                      "Parallel Aware": true,
                      "Relation Name": "movie_info",
                      "Alias": "mi",
                      "Startup Cost": 0.0,
                      "Total Cost": 199108.24,
                      "Plan Rows": 2791737,
                      "Plan Width": 4,
                      "Actual Startup Time": 0.029,
                      "Actual Total Time": 367.244,
                      "Actual Rows": 2327249,
                      "Actual Loops": 6,
                      "Filter": "(info_type_id < 98)",
                      "Rows Removed by Filter": 145371
                    },
                    {
                      "Node Type": "Hash",
                      "Parent Relationship": "Inner",
                      "Parallel Aware": true,
                      "Startup Cost": 89626.41,
                      "Total Cost": 89626.41,
                      "Plan Rows": 76389,
                      "Plan Width": 8,
                      "Actual Startup Time": 305.655,
                      "Actual Total Time": 305.659,
                      "Actual Rows": 91359,
                      "Actual Loops": 6,
                      "Hash Buckets": 1048576,
                      "Original Hash Buckets": 262144,
                      "Hash Batches": 1,
                      "Original Hash Batches": 1,
                      "Peak Memory Usage": 35904,
                      "Plans": [
                        {
                          "Node Type": "Hash Join",
                          "Parent Relationship": "Outer",
                          "Parallel Aware": true,
                          "Join Type": "Inner",
                          "Startup Cost": 46259.45,
                          "Total Cost": 89626.41,
                          "Plan Rows": 76389,
                          "Plan Width": 8,
                          "Actual Startup Time": 147.973,
                          "Actual Total Time": 250.344,
                          "Actual Rows": 91359,
                          "Actual Loops": 6,
                          "Inner Unique": true,
                          "Hash Cond": "(mk.movie_id = t.id)",
                          "Plans": [
                            {
                              "Node Type": "Seq Scan",
                              "Parent Relationship": "Outer",
                              "Parallel Aware": true,
                              "Relation Name": "movie_keyword",
                              "Alias": "mk",
                              "Startup Cost": 0.0,
                              "Total Cost": 42695.65,
                              "Plan Rows": 255738,
                              "Plan Width": 4,
                              "Actual Startup Time": 1.49,
                              "Actual Total Time": 71.726,
                              "Actual Rows": 131659,
                              "Actual Loops": 6,
                              "Filter": "(keyword_id > 23746)",
                              "Rows Removed by Filter": 622330
                            },
                            {
                              "Node Type": "Hash",
                              "Parent Relationship": "Inner",
                              "Parallel Aware": true,
                              "Startup Cost": 43899.32,
                              "Total Cost": 43899.32,
                              "Plan Rows": 188810,
                              "Plan Width": 4,
                              "Actual Startup Time": 144.161,
                              "Actual Total Time": 144.162,
                              "Actual Rows": 125613,
                              "Actual Loops": 6,
                              "Hash Buckets": 1048576,
                              "Original Hash Buckets": 1048576,
                              "Hash Batches": 1,
                              "Original Hash Batches": 1,
                              "Peak Memory Usage": 37792,
                              "Plans": [
                                {
                                  "Node Type": "Seq Scan",
                                  "Parent Relationship": "Outer",
                                  "Parallel Aware": true,
                                  "Relation Name": "title",
                                  "Alias": "t",
                                  "Startup Cost": 0.0,
                                  "Total Cost": 43899.32,
                                  "Plan Rows": 188810,
                                  "Plan Width": 4,
                                  "Actual Startup Time": 0.041,
                                  "Actual Total Time": 84.804,
                                  "Actual Rows": 125613,
                                  "Actual Loops": 6,
                                  "Filter": "(kind_id < 3)",
                                  "Rows Removed by Filter": 295772
                                }
                              ]
                            }
                          ]
                        }
                      ]
                    }
                  ]
                }
              ]
            }
          ]
        }
      ]
    },
    "Planning Time": 1.134,
    "Triggers": [],
    "Execution Time": 1723.636
  }
]