[
  {
    "Plan": {
      "Node Type": "Aggregate",
      "Strategy": "Plain",
      "Partial Mode": "Finalize",
      "Parallel Aware": false,
      "Startup Cost": 378264.33,
      "Total Cost": 378264.34,
      "Plan Rows": 1,
      "Plan Width": 8,
      "Actual Startup Time": 646.954,
      "Actual Total Time": 719.089,
      "Actual Rows": 1,
      "Actual Loops": 1,
      "Plans": [
        {
          "Node Type": "Gather",
          "Parent Relationship": "Outer",
          "Parallel Aware": false,
          "Startup Cost": 378263.91,
          "Total Cost": 378264.32,
          "Plan Rows": 4,
          "Plan Width": 8,
          "Actual Startup Time": 646.942,
          "Actual Total Time": 719.08,
          "Actual Rows": 5,
          "Actual Loops": 1,
          "Workers Planned": 4,
          "Workers Launched": 4,
          "Single Copy": false,
          "Plans": [
            {
              "Node Type": "Aggregate",
              "Strategy": "Plain",
              "Partial Mode": "Partial",
              "Parent Relationship": "Outer",
              "Parallel Aware": false,
              "Startup Cost": 377263.91,
              "Total Cost": 377263.92,
              "Plan Rows": 1,
              "Plan Width": 8,
              "Actual Startup Time": 636.28,
              "Actual Total Time": 636.281,
              "Actual Rows": 1,
              "Actual Loops": 5,
              "Plans": [
                {
                  "Node Type": "Nested Loop",
                  "Parent Relationship": "Outer",
                  "Parallel Aware": false,
                  "Join Type": "Inner",
                  "Startup Cost": 0.56,
                  "Total Cost": 376973.49,
                  "Plan Rows": 116168,
                  "Plan Width": 0,
                  "Actual Startup Time": 0.53,
                  "Actual Total Time": 628.12,
                  "Actual Rows": 109065,
                  "Actual Loops": 5,
                  "Inner Unique": false,
                  "Plans": [
                    {
                      "Node Type": "Seq Scan",
                      "Parent Relationship": "Outer",
                      "Parallel Aware": true,
                      "Relation Name": "title",
                      "Alias": "t",
                      "Startup Cost": 0.0,
                      "Total Cost": 45479.59,
                      "Plan Rows": 17126,
                      "Plan Width": 4,
                      "Actual Startup Time": 0.111,
                      "Actual Total Time": 77.786,
                      "Actual Rows": 13886,
                      "Actual Loops": 5,
                      "Filter": "((kind_id < 3) AND (production_year > 2011))",
                      "Rows Removed by Filter": 491776
                    },
                    {
                      "Node Type": "Index Scan",
                      "Parent Relationship": "Inner",
                      "Parallel Aware": false,
                      "Scan Direction": "Forward",
                      "Index Name": "movie_id_cast_info",
                      "Relation Name": "cast_info",
                      "Alias": "ci",
                      "Startup Cost": 0.56,
                      "Total Cost": 19.19,
                      "Plan Rows": 17,
                      "Plan Width": 4,
                      "Actual Startup Time": 0.021,
                      "Actual Total Time": 0.038,
                      "Actual Rows": 8,
                      "Actual Loops": 69431,
                      "Index Cond": "(movie_id = t.id)",
                      "Rows Removed by Index Recheck": 0,
                      "Filter": "(person_id > 1929400)",
                      "Rows Removed by Filter": 8
                    }
                  ]
                }
              ]
            }
          ]
        }
      ]
    },
    "Planning Time": 0.665,
    "Triggers": [],
    "Execution Time": 719.185
  }
]