[
  {
    "Plan": {
      "Node Type": "Aggregate",
      "Strategy": "Plain",
      "Partial Mode": "Finalize",
      "Parallel Aware": false,
      "Startup Cost": 46692.07,
      "Total Cost": 46692.08,
      "Plan Rows": 1,
      "Plan Width": 8,
      "Actual Startup Time": 100.814,
      "Actual Total Time": 113.881,
      "Actual Rows": 1,
      "Actual Loops": 1,
      "Plans": [
        {
          "Node Type": "Gather",
          "Parent Relationship": "Outer",
          "Parallel Aware": false,
          "Startup Cost": 46691.65,
          "Total Cost": 46692.06,
          "Plan Rows": 4,
          "Plan Width": 8,
          "Actual Startup Time": 100.652,
          "Actual Total Time": 113.871,
          "Actual Rows": 5,
          "Actual Loops": 1,
          "Workers Planned": 4,
          "Workers Launched": 4,
          "Single Copy": false,
          "Plans": [
            {
              "Node Type": "Aggregate",
              "Strategy": "Plain",
              "Partial Mode": "Partial",
              "Parent Relationship": "Outer",
              "Parallel Aware": false,
              "Startup Cost": 45691.65,
              "Total Cost": 45691.66,
              "Plan Rows": 1,
              "Plan Width": 8,
              "Actual Startup Time": 92.456,
              "Actual Total Time": 92.458,
              "Actual Rows": 1,
              "Actual Loops": 5,
              "Plans": [
                {
                  "Node Type": "Seq Scan",
                  "Parent Relationship": "Outer",
                  "Parallel Aware": true,
                  "Relation Name": "title",
                  "Alias": "t",
                  "Startup Cost": 0.0,
                  "Total Cost": 45479.1,
                  "Plan Rows": 85020,
                  "Plan Width": 0,
                  "Actual Startup Time": 0.036,
                  "Actual Total Time": 89.387,
                  "Actual Rows": 46782,
                  "Actual Loops": 5,
                  "Filter": "((production_year < 1984) AND (kind_id = 7))",
                  "Rows Removed by Filter": 458880
                }
              ]
            }
          ]
        }
      ]
    },
    "Planning Time": 0.163,
    "Triggers": [],
    "Execution Time": 113.937
  }
]