[
  {
    "Plan": {
      "Node Type": "Aggregate",
      "Strategy": "Plain",
      "Partial Mode": "Finalize",
      "Parallel Aware": false,
      "Startup Cost": 44628.75,
      "Total Cost": 44628.76,
      "Plan Rows": 1,
      "Plan Width": 8,
      "Actual Startup Time": 133.608,
      "Actual Total Time": 140.374,
      "Actual Rows": 1,
      "Actual Loops": 1,
      "Plans": [
        {
          "Node Type": "Gather",
          "Parent Relationship": "Outer",
          "Parallel Aware": false,
          "Startup Cost": 44628.43,
          "Total Cost": 44628.74,
          "Plan Rows": 3,
          "Plan Width": 8,
          "Actual Startup Time": 132.176,
          "Actual Total Time": 140.364,
          "Actual Rows": 4,
          "Actual Loops": 1,
          "Workers Planned": 3,
          "Workers Launched": 3,
          "Single Copy": false,
          "Plans": [
            {
              "Node Type": "Aggregate",
              "Strategy": "Plain",
              "Partial Mode": "Partial",
              "Parent Relationship": "Outer",
              "Parallel Aware": false,
              "Startup Cost": 43628.43,
              "Total Cost": 43628.44,
              "Plan Rows": 1,
              "Plan Width": 8,
              "Actual Startup Time": 128.487,
              "Actual Total Time": 128.488,
              "Actual Rows": 1,
              "Actual Loops": 4,
              "Plans": [
                {
                  "Node Type": "Seq Scan",
                  "Parent Relationship": "Outer",
                  "Parallel Aware": true,
                  "Relation Name": "movie_keyword",
                  "Alias": "mk",
                  "Startup Cost": 0.0,
                  "Total Cost": 42695.65,
                  "Plan Rows": 373110,
                  "Plan Width": 0,
                  "Actual Startup Time": 2.344,
                  "Actual Total Time": 112.49,
                  "Actual Rows": 291691,
                  "Actual Loops": 4,
                  "Filter": "(keyword_id > 16040)",
                  "Rows Removed by Filter": 839292
                }
              ]
            }
          ]
        }
      ]
    },
    "Planning Time": 0.189,
    "Triggers": [],
    "Execution Time": 140.428
  }
]