[
  {
    "Plan": {
      "Node Type": "Aggregate",
      "Strategy": "Plain",
      "Partial Mode": "Finalize",
      "Parallel Aware": false,
      "Startup Cost": 44629.97,
      "Total Cost": 44629.98,
      "Plan Rows": 1,
      "Plan Width": 8,
      "Actual Startup Time": 131.018,
      "Actual Total Time": 142.128,
      "Actual Rows": 1,
      "Actual Loops": 1,
      "Plans": [
        {
          "Node Type": "Gather",
          "Parent Relationship": "Outer",
          "Parallel Aware": false,
          "Startup Cost": 44629.66,
          "Total Cost": 44629.97,
          "Plan Rows": 3,
          "Plan Width": 8,
          "Actual Startup Time": 130.892,
          "Actual Total Time": 142.119,
          "Actual Rows": 4,
          "Actual Loops": 1,
          "Workers Planned": 3,
          "Workers Launched": 3,
          "Single Copy": false,
          "Plans": [
            {
              "Node Type": "Aggregate",
              "Strategy": "Plain",
              "Partial Mode": "Partial",
              "Parent Relationship": "Outer",
              "Parallel Aware": false,
              "Startup Cost": 43629.66,
              "Total Cost": 43629.67,
              "Plan Rows": 1,
              "Plan Width": 8,
              "Actual Startup Time": 123.385,
              "Actual Total Time": 123.387,
              "Actual Rows": 1,
              "Actual Loops": 4,
              "Plans": [
                {
                  "Node Type": "Seq Scan",
                  "Parent Relationship": "Outer",
                  "Parallel Aware": true,
                  "Relation Name": "movie_keyword",
                  "Alias": "mk",
                  "Startup Cost": 0.0,
                  "Total Cost": 42695.65,
                  "Plan Rows": 373601,
                  "Plan Width": 0,
                  "Actual Startup Time": 3.164,
                  "Actual Total Time": 108.377,
                  "Actual Rows": 291691,
                  "Actual Loops": 4,
                  "Filter": "(keyword_id > 16040)",
                  "Rows Removed by Filter": 839292
                }
              ]
            }
          ]
        }
      ]
    },
    "Planning Time": 0.18,
    "Triggers": [],
    "Execution Time": 142.181
  }
]