[
  {
    "Plan": {
      "Node Type": "Aggregate",
      "Strategy": "Plain",
      "Partial Mode": "Finalize",
      "Parallel Aware": false,
      "Startup Cost": 50359.7,
      "Total Cost": 50359.71,
      "Plan Rows": 1,
      "Plan Width": 8,
      "Actual Startup Time": 93.465,
      "Actual Total Time": 103.061,
      "Actual Rows": 1,
      "Actual Loops": 1,
      "Plans": [
        {
          "Node Type": "Gather",
          "Parent Relationship": "Outer",
          "Parallel Aware": false,
          "Startup Cost": 50359.38,
          "Total Cost": 50359.69,
          "Plan Rows": 3,
          "Plan Width": 8,
          "Actual Startup Time": 93.214,
          "Actual Total Time": 103.053,
          "Actual Rows": 4,
          "Actual Loops": 1,
          "Workers Planned": 3,
          "Workers Launched": 3,
          "Single Copy": false,
          "Plans": [
            {
              "Node Type": "Aggregate",
              "Strategy": "Plain",
              "Partial Mode": "Partial",
              "Parent Relationship": "Outer",
              "Parallel Aware": false,
              "Startup Cost": 49359.38,
              "Total Cost": 49359.39,
              "Plan Rows": 1,
              "Plan Width": 8,
              "Actual Startup Time": 84.04,
              "Actual Total Time": 84.042,
              "Actual Rows": 1,
              "Actual Loops": 4,
              "Plans": [
                {
                  "Node Type": "Nested Loop",
                  "Parent Relationship": "Outer",
                  "Parallel Aware": false,
                  "Join Type": "Inner",
                  "Startup Cost": 311.83,
                  "Total Cost": 49352.41,
                  "Plan Rows": 2788,
                  "Plan Width": 0,
                  "Actual Startup Time": 3.457,
                  "Actual Total Time": 79.294,
                  "Actual Rows": 97156,
                  "Actual Loops": 4,
                  "Inner Unique": false,
                  "Plans": [
                    {
                      "Node Type": "Nested Loop",
                      "Parent Relationship": "Outer",
                      "Parallel Aware": false,
                      "Join Type": "Inner",
                      "Startup Cost": 311.4,
                      "Total Cost": 46418.25,
                      "Plan Rows": 1558,
                      "Plan Width": 8,
                      "Actual Startup Time": 3.274,
                      "Actual Total Time": 38.133,
                      "Actual Rows": 1798,
                      "Actual Loops": 4,
                      "Inner Unique": true,
                      "Plans": [
                        {
                          "Node Type": "Bitmap Heap Scan",
                          "Parent Relationship": "Outer",
                          "Parallel Aware": true,
                          "Relation Name": "movie_companies",
                          "Alias": "mc",
                          "Startup Cost": 310.97,
                          "Total Cost": 18716.65,
                          "Plan Rows": 4601,
                          "Plan Width": 4,
                          "Actual Startup Time": 2.259,
                          "Actual Total Time": 8.253,
                          "Actual Rows": 3224,
                          "Actual Loops": 4,
                          "Recheck Cond": "(company_id = 34)",
                          "Rows Removed by Index Recheck": 0,
                          "Exact Heap Blocks": 1645,
                          "Lossy Heap Blocks": 0,
                          "Plans": [
                            {
                              "Node Type": "Bitmap Index Scan",
                              "Parent Relationship": "Outer",
                              "Parallel Aware": false,
                              "Index Name": "company_id_movie_companies",
                              "Startup Cost": 0.0,
                              "Total Cost": 307.4,
                              "Plan Rows": 14263,
                              "Plan Width": 0,
                              "Actual Startup Time": 6.615,
                              "Actual Total Time": 6.616,
                              "Actual Rows": 12894,
                              "Actual Loops": 1,
                              "Index Cond": "(company_id = 34)"
                            }
                          ]
                        },
                        {
                          "Node Type": "Index Scan",
                          "Parent Relationship": "Inner",
                          "Parallel Aware": false,
                          "Scan Direction": "Forward",
                          "Index Name": "title_pkey",
                          "Relation Name": "title",
                          "Alias": "t",
                          "Startup Cost": 0.43,
                          "Total Cost": 6.02,
                          "Plan Rows": 1,
                          "Plan Width": 4,
                          "Actual Startup Time": 0.009,
                          "Actual Total Time": 0.009,
                          "Actual Rows": 1,
                          "Actual Loops": 12894,
                          "Index Cond": "(id = mc.movie_id)",
                          "Rows Removed by Index Recheck": 0,
                          "Filter": "(kind_id < 4)",
                          "Rows Removed by Filter": 0
                        }
                      ]
                    },
                    {
                      "Node Type": "Index Only Scan",
                      "Parent Relationship": "Inner",
                      "Parallel Aware": false,
                      "Scan Direction": "Forward",
                      "Index Name": "movie_id_movie_keyword",
                      "Relation Name": "movie_keyword",
                      "Alias": "mk",
                      "Startup Cost": 0.43,
                      "Total Cost": 1.43,
                      "Plan Rows": 45,
                      "Plan Width": 4,
                      "Actual Startup Time": 0.009,
                      "Actual Total Time": 0.018,
                      "Actual Rows": 54,
                      "Actual Loops": 7194,
                      "Index Cond": "(movie_id = t.id)",
                      "Rows Removed by Index Recheck": 0,
                      "Heap Fetches": 388625
                    }
                  ]
                }
              ]
            }
          ]
        }
      ]
    },
    "Planning Time": 1.453,
    "Triggers": [],
    "Execution Time": 103.164
  }
]