[
  {
    "Plan": {
      "Node Type": "Aggregate",
      "Strategy": "Plain",
      "Partial Mode": "Finalize",
      "Parallel Aware": false,
      "Startup Cost": 517764.62,
      "Total Cost": 517764.63,
      "Plan Rows": 1,
      "Plan Width": 8,
      "Actual Startup Time": 1955.354,
      "Actual Total Time": 2002.144,
      "Actual Rows": 1,
      "Actual Loops": 1,
      "Plans": [
        {
          "Node Type": "Gather",
          "Parent Relationship": "Outer",
          "Parallel Aware": false,
          "Startup Cost": 517764.1,
          "Total Cost": 517764.61,
          "Plan Rows": 5,
          "Plan Width": 8,
          "Actual Startup Time": 1944.812,
          "Actual Total Time": 2002.132,
          "Actual Rows": 6,
          "Actual Loops": 1,
          "Workers Planned": 5,
          "Workers Launched": 5,
          "Single Copy": false,
          "Plans": [
            {
              "Node Type": "Aggregate",
              "Strategy": "Plain",
              "Partial Mode": "Partial",
              "Parent Relationship": "Outer",
              "Parallel Aware": false,
              "Startup Cost": 516764.1,
              "Total Cost": 516764.11,
              "Plan Rows": 1,
              "Plan Width": 8,
              "Actual Startup Time": 1929.601,
              "Actual Total Time": 1929.703,
              "Actual Rows": 1,
              "Actual Loops": 6,
              "Plans": [
                {
                  "Node Type": "Hash Join",
                  "Parent Relationship": "Outer",
                  "Parallel Aware": true,
                  "Join Type": "Inner",
                  "Startup Cost": 307675.86,
                  "Total Cost": 514108.12,
                  "Plan Rows": 1062391,
                  "Plan Width": 0,
                  "Actual Startup Time": 698.468,
                  "Actual Total Time": 1707.461,
                  "Actual Rows": 4732648,
                  "Actual Loops": 6,
                  "Inner Unique": false,
                  "Hash Cond": "(mi.movie_id = t.id)",
                  "Plans": [
                    {
                      "Node Type": "Seq Scan",
                      "Parent Relationship": "Outer",
                      "Parallel Aware": true,
                      "Relation Name": "movie_info",
                      "Alias": "mi",
                      "Startup Cost": 0.0,
                      "Total Cost": 198952.16,
                      "Plan Rows": 1522520,
                      "Plan Width": 4,
                      "Actual Startup Time": 16.8,
                      "Actual Total Time": 338.753,
                      "Actual Rows": 1258142,
                      "Actual Loops": 6,
                      "Filter": "(info_type_id > 7)",
                      "Rows Removed by Filter": 1214478
                    },
                    {
                      "Node Type": "Hash",
                      "Parent Relationship": "Inner",
                      "Parallel Aware": true,
                      "Startup Cost": 304000.44,
                      "Total Cost": 304000.44,
                      "Plan Rows": 294034,
                      "Plan Width": 8,
                      "Actual Startup Time": 659.909,
                      "Actual Total Time": 660.009,
                      "Actual Rows": 174526,
                      "Actual Loops": 6,
                      "Hash Buckets": 2097152,
                      "Original Hash Buckets": 2097152,
                      "Hash Batches": 1,
                      "Original Hash Batches": 1,
                      "Peak Memory Usage": 57440,
                      "Plans": [
                        {
                          "Node Type": "Hash Join",
                          "Parent Relationship": "Outer",
                          "Parallel Aware": true,
                          "Join Type": "Inner",
                          "Startup Cost": 45972.16,
                          "Total Cost": 304000.44,
                          "Plan Rows": 294034,
                          "Plan Width": 8,
                          "Actual Startup Time": 128.329,
                          "Actual Total Time": 579.534,
                          "Actual Rows": 174526,
                          "Actual Loops": 6,
                          "Inner Unique": true,
                          "Hash Cond": "(ci.movie_id = t.id)",
                          "Plans": [
                            {
                              "Node Type": "Index Scan",
                              "Parent Relationship": "Outer",
                              "Parallel Aware": true,
                              "Scan Direction": "Forward",
                              "Index Name": "role_id_cast_info",
                              "Relation Name": "cast_info",
                              "Alias": "ci",
                              "Startup Cost": 0.56,
                              "Total Cost": 255086.64,
                              "Plan Rows": 1120840,
                              "Plan Width": 4,
                              "Actual Startup Time": 0.267,
                              "Actual Total Time": 287.514,
                              "Actual Rows": 473131,
                              "Actual Loops": 6,
                              "Index Cond": "(role_id > 4)",
                              "Rows Removed by Index Recheck": 0,
                              "Filter": "(person_id < 2665307)",
                              "Rows Removed by Filter": 1090986
                            },
                            {
                              "Node Type": "Hash",
                              "Parent Relationship": "Inner",
                              "Parallel Aware": true,
                              "Startup Cost": 43898.92,
                              "Total Cost": 43898.92,
                              "Plan Rows": 165814,
                              "Plan Width": 4,
                              "Actual Startup Time": 126.719,
                              "Actual Total Time": 126.72,
                              "Actual Rows": 110471,
                              "Actual Loops": 6,
                              "Hash Buckets": 1048576,
                              "Original Hash Buckets": 1048576,
                              "Hash Batches": 1,
                              "Original Hash Batches": 1,
                              "Peak Memory Usage": 34240,
                              "Plans": [
                                {
                                  "Node Type": "Seq Scan",
                                  "Parent Relationship": "Outer",
                                  "Parallel Aware": true,
                                  "Relation Name": "title",
                                  "Alias": "t",
                                  "Startup Cost": 0.0,
                                  "Total Cost": 43898.92,
                                  "Plan Rows": 165814,
                                  "Plan Width": 4,
                                  "Actual Startup Time": 41.078,
                                  "Actual Total Time": 81.855,
                                  "Actual Rows": 110471,
                                  "Actual Loops": 6,
                                  "Filter": "(kind_id = 1)",
                                  "Rows Removed by Filter": 310914
                                }
                              ]
                            }
                          ]
                        }
                      ]
                    }
                  ]
                }
              ]
            }
          ]
        }
      ]
    },
    "Planning Time": 1.576,
    "Triggers": [],
    "Execution Time": 2002.245
  }
]