{
  "Plan": {
    "Node Type": "Aggregate",
    "Strategy": "Plain",
    "Partial Mode": "Finalize",
    "Parallel Aware": false,
    "Startup Cost": 117534.97,
    "Total Cost": 117534.98,
    "Plan Rows": 1,
    "Plan Width": 8,
    "Actual Startup Time": 434.903,
    "Actual Total Time": 468.783,
    "Actual Rows": 1,
    "Actual Loops": 1,
    "Plans": [
      {
        "Node Type": "Gather",
        "Parent Relationship": "Outer",
        "Parallel Aware": false,
        "Startup Cost": 117534.86,
        "Total Cost": 117534.97,
        "Plan Rows": 1,
        "Plan Width": 8,
        "Actual Startup Time": 434.414,
        "Actual Total Time": 468.775,
        "Actual Rows": 2,
        "Actual Loops": 1,
        "Workers Planned": 1,
        "Workers Launched": 1,
        "Single Copy": false,
        "Plans": [
          {
            "Node Type": "Aggregate",
            "Strategy": "Plain",
            "Partial Mode": "Partial",
            "Parent Relationship": "Outer",
            "Parallel Aware": false,
            "Startup Cost": 116534.86,
            "Total Cost": 116534.87,
            "Plan Rows": 1,
            "Plan Width": 8,
            "Actual Startup Time": 428.38,
            "Actual Total Time": 428.385,
            "Actual Rows": 1,
            "Actual Loops": 2,
            "Plans": [
              {
                "Node Type": "Nested Loop",
                "Parent Relationship": "Outer",
                "Parallel Aware": false,
                "Join Type": "Inner",
                "Startup Cost": 58771.03,
                "Total Cost": 116507.9,
                "Plan Rows": 10784,
                "Plan Width": 0,
                "Actual Startup Time": 156.056,
                "Actual Total Time": 427.35,
                "Actual Rows": 17226,
                "Actual Loops": 2,
                "Inner Unique": false,
                "Join Filter": "(t.id = mi.movie_id)",
                "Rows Removed by Join Filter": 0,
                "Plans": [
                  {
                    "Node Type": "Hash Join",
                    "Parent Relationship": "Outer",
                    "Parallel Aware": true,
                    "Join Type": "Inner",
                    "Startup Cost": 58770.59,
                    "Total Cost": 76954.38,
                    "Plan Rows": 20267,
                    "Plan Width": 8,
                    "Actual Startup Time": 155.587,
                    "Actual Total Time": 268.198,
                    "Actual Rows": 16034,
                    "Actual Loops": 2,
                    "Inner Unique": true,
                    "Hash Cond": "(mi_idx.movie_id = t.id)",
                    "Plans": [
                      {
                        "Node Type": "Seq Scan",
                        "Parent Relationship": "Outer",
                        "Parallel Aware": true,
                        "Relation Name": "movie_info_idx",
                        "Alias": "mi_idx",
                        "Startup Cost": 0.0,
                        "Total Cost": 16052.85,
                        "Plan Rows": 811785,
                        "Plan Width": 4,
                        "Actual Startup Time": 0.019,
                        "Actual Total Time": 48.423,
                        "Actual Rows": 690018,
                        "Actual Loops": 2
                      },
                      {
                        "Node Type": "Hash",
                        "Parent Relationship": "Inner",
                        "Parallel Aware": true,
                        "Startup Cost": 58306.47,
                        "Total Cost": 58306.47,
                        "Plan Rows": 37130,
                        "Plan Width": 4,
                        "Actual Startup Time": 154.069,
                        "Actual Total Time": 154.07,
                        "Actual Rows": 26952,
                        "Actual Loops": 2,
                        "Hash Buckets": 65536,
                        "Original Hash Buckets": 65536,
                        "Hash Batches": 1,
                        "Original Hash Batches": 1,
                        "Peak Memory Usage": 2656,
                        "Plans": [
                          {
                            "Node Type": "Seq Scan",
                            "Parent Relationship": "Outer",
                            "Parallel Aware": true,
                            "Relation Name": "title",
                            "Alias": "t",
                            "Startup Cost": 0.0,
                            "Total Cost": 58306.47,
                            "Plan Rows": 37130,
                            "Plan Width": 4,
                            "Actual Startup Time": 0.179,
                            "Actual Total Time": 145.505,
                            "Actual Rows": 26952,
                            "Actual Loops": 2,
                            "Filter": "((kind_id < 7) AND (production_year = 2012))",
                            "Rows Removed by Filter": 1237204
                          }
                        ]
                      }
                    ]
                  },
                  {
                    "Node Type": "Index Scan",
                    "Parent Relationship": "Inner",
                    "Parallel Aware": false,
                    "Scan Direction": "Forward",
                    "Index Name": "movie_id_movie_info",
                    "Relation Name": "movie_info",
                    "Alias": "mi",
                    "Startup Cost": 0.43,
                    "Total Cost": 1.9,
                    "Plan Rows": 4,
                    "Plan Width": 4,
                    "Actual Startup Time": 0.007,
                    "Actual Total Time": 0.01,
                    "Actual Rows": 1,
                    "Actual Loops": 32067,
                    "Index Cond": "(movie_id = mi_idx.movie_id)",
                    "Rows Removed by Index Recheck": 0,
                    "Filter": "(info_type_id = 7)",
                    "Rows Removed by Filter": 14
                  }
                ]
              }
            ]
          }
        ]
      }
    ]
  },
  "Planning Time": 0.841,
  "Triggers": [],
  "Execution Time": 468.895
}