[
  {
    "Plan": {
      "Node Type": "Aggregate",
      "Strategy": "Plain",
      "Partial Mode": "Finalize",
      "Parallel Aware": false,
      "Startup Cost": 384391.14,
      "Total Cost": 384391.15,
      "Plan Rows": 1,
      "Plan Width": 8,
      "Actual Startup Time": 1340.325,
      "Actual Total Time": 1396.185,
      "Actual Rows": 1,
      "Actual Loops": 1,
      "Plans": [
        {
          "Node Type": "Gather",
          "Parent Relationship": "Outer",
          "Parallel Aware": false,
          "Startup Cost": 384390.52,
          "Total Cost": 384391.13,
          "Plan Rows": 6,
          "Plan Width": 8,
          "Actual Startup Time": 1338.746,
          "Actual Total Time": 1396.169,
          "Actual Rows": 7,
          "Actual Loops": 1,
          "Workers Planned": 6,
          "Workers Launched": 6,
          "Single Copy": false,
          "Plans": [
            {
              "Node Type": "Aggregate",
              "Strategy": "Plain",
              "Partial Mode": "Partial",
              "Parent Relationship": "Outer",
              "Parallel Aware": false,
              "Startup Cost": 383390.52,
              "Total Cost": 383390.53,
              "Plan Rows": 1,
              "Plan Width": 8,
              "Actual Startup Time": 1328.861,
              "Actual Total Time": 1328.866,
              "Actual Rows": 1,
              "Actual Loops": 7,
              "Plans": [
                {
                  "Node Type": "Hash Join",
                  "Parent Relationship": "Outer",
                  "Parallel Aware": true,
                  "Join Type": "Inner",
                  "Startup Cost": 44334.9,
                  "Total Cost": 382849.57,
                  "Plan Rows": 216377,
                  "Plan Width": 0,
                  "Actual Startup Time": 322.746,
                  "Actual Total Time": 1323.09,
                  "Actual Rows": 94260,
                  "Actual Loops": 7,
                  "Inner Unique": true,
                  "Hash Cond": "(ci.movie_id = t.id)",
                  "Plans": [
                    {
                      "Node Type": "Seq Scan",
                      "Parent Relationship": "Outer",
                      "Parallel Aware": true,
                      "Relation Name": "cast_info",
                      "Alias": "ci",
                      "Startup Cost": 0.0,
                      "Total Cost": 328211.39,
                      "Plan Rows": 3925053,
                      "Plan Width": 4,
                      "Actual Startup Time": 231.179,
                      "Actual Total Time": 756.789,
                      "Actual Rows": 3367665,
                      "Actual Loops": 7,
                      "Filter": "(role_id > 1)",
                      "Rows Removed by Filter": 1810098
                    },
                    {
                      "Node Type": "Hash",
                      "Parent Relationship": "Inner",
                      "Parallel Aware": true,
                      "Startup Cost": 43899.32,
                      "Total Cost": 43899.32,
                      "Plan Rows": 34846,
                      "Plan Width": 4,
                      "Actual Startup Time": 89.169,
                      "Actual Total Time": 89.171,
                      "Actual Rows": 21383,
                      "Actual Loops": 7,
                      "Hash Buckets": 262144,
                      "Original Hash Buckets": 262144,
                      "Hash Batches": 1,
                      "Original Hash Batches": 1,
                      "Peak Memory Usage": 7968,
                      "Plans": [
                        {
                          "Node Type": "Seq Scan",
                          "Parent Relationship": "Outer",
                          "Parallel Aware": true,
                          "Relation Name": "title",
                          "Alias": "t",
                          "Startup Cost": 0.0,
                          "Total Cost": 43899.32,
                          "Plan Rows": 34846,
                          "Plan Width": 4,
                          "Actual Startup Time": 7.655,
                          "Actual Total Time": 79.132,
                          "Actual Rows": 21383,
                          "Actual Loops": 7,
                          "Filter": "(production_year < 1944)",
                          "Rows Removed by Filter": 339805
                        }
                      ]
                    }
                  ]
                }
              ]
            }
          ]
        }
      ]
    },
    "Planning Time": 0.63,
    "Triggers": [],
    "Execution Time": 1396.274
  }
]