{
  "Plan": {
    "Node Type": "Aggregate",
    "Strategy": "Plain",
    "Partial Mode": "Finalize",
    "Parallel Aware": false,
    "Startup Cost": 104071.85,
    "Total Cost": 104071.86,
    "Plan Rows": 1,
    "Plan Width": 8,
    "Actual Startup Time": 326.616,
    "Actual Total Time": 341.096,
    "Actual Rows": 1,
    "Actual Loops": 1,
    "Plans": [
      {
        "Node Type": "Gather",
        "Parent Relationship": "Outer",
        "Parallel Aware": false,
        "Startup Cost": 104071.74,
        "Total Cost": 104071.85,
        "Plan Rows": 1,
        "Plan Width": 8,
        "Actual Startup Time": 326.221,
        "Actual Total Time": 341.089,
        "Actual Rows": 2,
        "Actual Loops": 1,
        "Workers Planned": 1,
        "Workers Launched": 1,
        "Single Copy": false,
        "Plans": [
          {
            "Node Type": "Aggregate",
            "Strategy": "Plain",
            "Partial Mode": "Partial",
            "Parent Relationship": "Outer",
            "Parallel Aware": false,
            "Startup Cost": 103071.74,
            "Total Cost": 103071.75,
            "Plan Rows": 1,
            "Plan Width": 8,
            "Actual Startup Time": 320.32,
            "Actual Total Time": 320.324,
            "Actual Rows": 1,
            "Actual Loops": 2,
            "Plans": [
              {
                "Node Type": "Hash Join",
                "Parent Relationship": "Outer",
                "Parallel Aware": true,
                "Join Type": "Inner",
                "Startup Cost": 71744.33,
                "Total Cost": 103017.19,
                "Plan Rows": 21820,
                "Plan Width": 0,
                "Actual Startup Time": 195.897,
                "Actual Total Time": 319.368,
                "Actual Rows": 16888,
                "Actual Loops": 2,
                "Inner Unique": true,
                "Hash Cond": "(mk.movie_id = t.id)",
                "Plans": [
                  {
                    "Node Type": "Bitmap Heap Scan",
                    "Parent Relationship": "Outer",
                    "Parallel Aware": true,
                    "Relation Name": "movie_keyword",
                    "Alias": "mk",
                    "Startup Cost": 16256.16,
                    "Total Cost": 46345.58,
                    "Plan Rows": 450834,
                    "Plan Width": 4,
                    "Actual Startup Time": 44.453,
                    "Actual Total Time": 123.674,
                    "Actual Rows": 377706,
                    "Actual Loops": 2,
                    "Recheck Cond": "(keyword_id > 24758)",
                    "Rows Removed by Index Recheck": 0,
                    "Exact Heap Blocks": 14096,
                    "Lossy Heap Blocks": 0,
                    "Plans": [
                      {
                        "Node Type": "Bitmap Index Scan",
                        "Parent Relationship": "Outer",
                        "Parallel Aware": false,
                        "Index Name": "keyword_id_movie_keyword",
                        "Startup Cost": 0.0,
                        "Total Cost": 16064.56,
                        "Plan Rows": 766417,
                        "Plan Width": 0,
                        "Actual Startup Time": 40.857,
                        "Actual Total Time": 40.857,
                        "Actual Rows": 755412,
                        "Actual Loops": 1,
                        "Index Cond": "(keyword_id > 24758)"
                      }
                    ]
                  },
                  {
                    "Node Type": "Hash",
                    "Parent Relationship": "Inner",
                    "Parallel Aware": true,
                    "Startup Cost": 54588.39,
                    "Total Cost": 54588.39,
                    "Plan Rows": 71982,
                    "Plan Width": 4,
                    "Actual Startup Time": 149.157,
                    "Actual Total Time": 149.158,
                    "Actual Rows": 61430,
                    "Actual Loops": 2,
                    "Hash Buckets": 131072,
                    "Original Hash Buckets": 131072,
                    "Hash Batches": 1,
                    "Original Hash Batches": 1,
                    "Peak Memory Usage": 5856,
                    "Plans": [
                      {
                        "Node Type": "Seq Scan",
                        "Parent Relationship": "Outer",
                        "Parallel Aware": true,
                        "Relation Name": "title",
                        "Alias": "t",
                        "Startup Cost": 0.0,
                        "Total Cost": 54588.39,
                        "Plan Rows": 71982,
                        "Plan Width": 4,
                        "Actual Startup Time": 0.03,
                        "Actual Total Time": 132.867,
                        "Actual Rows": 61430,
                        "Actual Loops": 2,
                        "Filter": "(production_year = 2008)",
                        "Rows Removed by Filter": 1202726
                      }
                    ]
                  }
                ]
              }
            ]
          }
        ]
      }
    ]
  },
  "Planning Time": 0.445,
  "Triggers": [],
  "Execution Time": 341.188
}