[
  {
    "Plan": {
      "Node Type": "Aggregate",
      "Strategy": "Plain",
      "Partial Mode": "Finalize",
      "Parallel Aware": false,
      "Startup Cost": 169387.25,
      "Total Cost": 169387.26,
      "Plan Rows": 1,
      "Plan Width": 8,
      "Actual Startup Time": 1495.635,
      "Actual Total Time": 1578.707,
      "Actual Rows": 1,
      "Actual Loops": 1,
      "Plans": [
        {
          "Node Type": "Gather",
          "Parent Relationship": "Outer",
          "Parallel Aware": false,
          "Startup Cost": 169386.93,
          "Total Cost": 169387.24,
          "Plan Rows": 3,
          "Plan Width": 8,
          "Actual Startup Time": 1486.05,
          "Actual Total Time": 1578.693,
          "Actual Rows": 4,
          "Actual Loops": 1,
          "Workers Planned": 3,
          "Workers Launched": 3,
          "Single Copy": false,
          "Plans": [
            {
              "Node Type": "Aggregate",
              "Strategy": "Plain",
              "Partial Mode": "Partial",
              "Parent Relationship": "Outer",
              "Parallel Aware": false,
              "Startup Cost": 168386.93,
              "Total Cost": 168386.94,
              "Plan Rows": 1,
              "Plan Width": 8,
              "Actual Startup Time": 1474.108,
              "Actual Total Time": 1474.112,
              "Actual Rows": 1,
              "Actual Loops": 4,
              "Plans": [
                {
                  "Node Type": "Nested Loop",
                  "Parent Relationship": "Outer",
                  "Parallel Aware": false,
                  "Join Type": "Inner",
                  "Startup Cost": 52713.29,
                  "Total Cost": 167076.77,
                  "Plan Rows": 524065,
                  "Plan Width": 0,
                  "Actual Startup Time": 287.778,
                  "Actual Total Time": 1423.731,
                  "Actual Rows": 904233,
                  "Actual Loops": 4,
                  "Inner Unique": false,
                  "Plans": [
                    {
                      "Node Type": "Hash Join",
                      "Parent Relationship": "Outer",
                      "Parallel Aware": true,
                      "Join Type": "Inner",
                      "Startup Cost": 52712.73,
                      "Total Cost": 72471.12,
                      "Plan Rows": 36552,
                      "Plan Width": 8,
                      "Actual Startup Time": 287.679,
                      "Actual Total Time": 351.725,
                      "Actual Rows": 37948,
                      "Actual Loops": 4,
                      "Inner Unique": true,
                      "Hash Cond": "(mc.movie_id = t.id)",
                      "Plans": [
                        {
                          "Node Type": "Bitmap Heap Scan",
                          "Parent Relationship": "Outer",
                          "Parallel Aware": true,
                          "Relation Name": "movie_companies",
                          "Alias": "mc",
                          "Startup Cost": 4302.66,
                          "Total Cost": 23892.98,
                          "Plan Rows": 64026,
                          "Plan Width": 4,
                          "Actual Startup Time": 16.408,
                          "Actual Total Time": 40.425,
                          "Actual Rows": 48010,
                          "Actual Loops": 4,
                          "Recheck Cond": "(company_id < 52)",
                          "Rows Removed by Index Recheck": 0,
                          "Exact Heap Blocks": 4518,
                          "Lossy Heap Blocks": 0,
                          "Plans": [
                            {
                              "Node Type": "Bitmap Index Scan",
                              "Parent Relationship": "Outer",
                              "Parallel Aware": false,
                              "Index Name": "company_id_movie_companies",
                              "Startup Cost": 0.0,
                              "Total Cost": 4253.04,
                              "Plan Rows": 198481,
                              "Plan Width": 0,
                              "Actual Startup Time": 14.355,
                              "Actual Total Time": 14.355,
                              "Actual Rows": 192038,
                              "Actual Loops": 1,
                              "Index Cond": "(company_id < 52)"
                            }
                          ]
                        },
                        {
                          "Node Type": "Hash",
                          "Parent Relationship": "Inner",
                          "Parallel Aware": true,
                          "Startup Cost": 43899.32,
                          "Total Cost": 43899.32,
                          "Plan Rows": 360860,
                          "Plan Width": 4,
                          "Actual Startup Time": 263.347,
                          "Actual Total Time": 263.347,
                          "Actual Rows": 360824,
                          "Actual Loops": 4,
                          "Hash Buckets": 2097152,
                          "Original Hash Buckets": 2097152,
                          "Hash Batches": 1,
                          "Original Hash Batches": 1,
                          "Peak Memory Usage": 72928,
                          "Plans": [
                            {
                              "Node Type": "Seq Scan",
                              "Parent Relationship": "Outer",
                              "Parallel Aware": true,
                              "Relation Name": "title",
                              "Alias": "t",
                              "Startup Cost": 0.0,
                              "Total Cost": 43899.32,
                              "Plan Rows": 360860,
                              "Plan Width": 4,
                              "Actual Startup Time": 0.038,
                              "Actual Total Time": 116.493,
                              "Actual Rows": 360824,
                              "Actual Loops": 4,
                              "Filter": "(production_year < 2006)",
                              "Rows Removed by Filter": 271254
                            }
                          ]
                        }
                      ]
                    },
                    {
                      "Node Type": "Index Only Scan",
                      "Parent Relationship": "Inner",
                      "Parallel Aware": false,
                      "Scan Direction": "Forward",
                      "Index Name": "movie_id_cast_info",
                      "Relation Name": "cast_info",
                      "Alias": "ci",
                      "Startup Cost": 0.56,
                      "Total Cost": 2.24,
                      "Plan Rows": 35,
                      "Plan Width": 4,
                      "Actual Startup Time": 0.005,
                      "Actual Total Time": 0.026,
                      "Actual Rows": 24,
                      "Actual Loops": 151790,
                      "Index Cond": "(movie_id = t.id)",
                      "Rows Removed by Index Recheck": 0,
                      "Heap Fetches": 3616933
                    }
                  ]
                }
              ]
            }
          ]
        }
      ]
    },
    "Planning Time": 1.557,
    "Triggers": [],
    "Execution Time": 1578.838
  }
]