[
  {
    "Plan": {
      "Node Type": "Aggregate",
      "Strategy": "Plain",
      "Partial Mode": "Finalize",
      "Parallel Aware": false,
      "Startup Cost": 83571.86,
      "Total Cost": 83571.87,
      "Plan Rows": 1,
      "Plan Width": 8,
      "Actual Startup Time": 472.54,
      "Actual Total Time": 488.392,
      "Actual Rows": 1,
      "Actual Loops": 1,
      "Plans": [
        {
          "Node Type": "Gather",
          "Parent Relationship": "Outer",
          "Parallel Aware": false,
          "Startup Cost": 83571.54,
          "Total Cost": 83571.85,
          "Plan Rows": 3,
          "Plan Width": 8,
          "Actual Startup Time": 464.562,
          "Actual Total Time": 488.379,
          "Actual Rows": 4,
          "Actual Loops": 1,
          "Workers Planned": 3,
          "Workers Launched": 3,
          "Single Copy": false,
          "Plans": [
            {
              "Node Type": "Aggregate",
              "Strategy": "Plain",
              "Partial Mode": "Partial",
              "Parent Relationship": "Outer",
              "Parallel Aware": false,
              "Startup Cost": 82571.54,
              "Total Cost": 82571.55,
              "Plan Rows": 1,
              "Plan Width": 8,
              "Actual Startup Time": 449.295,
              "Actual Total Time": 449.299,
              "Actual Rows": 1,
              "Actual Loops": 4,
              "Plans": [
                {
                  "Node Type": "Hash Join",
                  "Parent Relationship": "Outer",
                  "Parallel Aware": true,
                  "Join Type": "Inner",
                  "Startup Cost": 56448.25,
                  "Total Cost": 82334.76,
                  "Plan Rows": 94711,
                  "Plan Width": 0,
                  "Actual Startup Time": 374.201,
                  "Actual Total Time": 445.681,
                  "Actual Rows": 74316,
                  "Actual Loops": 4,
                  "Inner Unique": true,
                  "Hash Cond": "(mk.movie_id = t.id)",
                  "Plans": [
                    {
                      "Node Type": "Bitmap Heap Scan",
                      "Parent Relationship": "Outer",
                      "Parallel Aware": true,
                      "Relation Name": "movie_keyword",
                      "Alias": "mk",
                      "Startup Cost": 6227.87,
                      "Total Cost": 31865.76,
                      "Plan Rows": 94711,
                      "Plan Width": 4,
                      "Actual Startup Time": 18.212,
                      "Actual Total Time": 63.345,
                      "Actual Rows": 74316,
                      "Actual Loops": 4,
                      "Recheck Cond": "(keyword_id > 54183)",
                      "Rows Removed by Index Recheck": 0,
                      "Exact Heap Blocks": 7828,
                      "Lossy Heap Blocks": 0,
                      "Plans": [
                        {
                          "Node Type": "Bitmap Index Scan",
                          "Parent Relationship": "Outer",
                          "Parallel Aware": false,
                          "Index Name": "keyword_id_movie_keyword",
                          "Startup Cost": 0.0,
                          "Total Cost": 6154.47,
                          "Plan Rows": 293605,
                          "Plan Width": 0,
                          "Actual Startup Time": 15.056,
                          "Actual Total Time": 15.057,
                          "Actual Rows": 297263,
                          "Actual Loops": 1,
                          "Index Cond": "(keyword_id > 54183)"
                        }
                      ]
                    },
                    {
                      "Node Type": "Hash",
                      "Parent Relationship": "Inner",
                      "Parallel Aware": true,
                      "Startup Cost": 42319.06,
                      "Total Cost": 42319.06,
                      "Plan Rows": 632106,
                      "Plan Width": 4,
                      "Actual Startup Time": 345.549,
                      "Actual Total Time": 345.55,
                      "Actual Rows": 632078,
                      "Actual Loops": 4,
                      "Hash Buckets": 4194304,
                      "Original Hash Buckets": 4194304,
                      "Hash Batches": 1,
                      "Original Hash Batches": 1,
                      "Peak Memory Usage": 131712,
                      "Plans": [
                        {
                          "Node Type": "Seq Scan",
                          "Parent Relationship": "Outer",
                          "Parallel Aware": true,
                          "Relation Name": "title",
                          "Alias": "t",
                          "Startup Cost": 0.0,
                          "Total Cost": 42319.06,
                          "Plan Rows": 632106,
                          "Plan Width": 4,
                          "Actual Startup Time": 0.037,
                          "Actual Total Time": 101.564,
                          "Actual Rows": 632078,
                          "Actual Loops": 4
                        }
                      ]
                    }
                  ]
                }
              ]
            }
          ]
        }
      ]
    },
    "Planning Time": 0.442,
    "Triggers": [],
    "Execution Time": 488.475
  }
]