[
  {
    "Plan": {
      "Node Type": "Aggregate",
      "Strategy": "Plain",
      "Partial Mode": "Finalize",
      "Parallel Aware": false,
      "Startup Cost": 387361.33,
      "Total Cost": 387361.34,
      "Plan Rows": 1,
      "Plan Width": 8,
      "Actual Startup Time": 4755.062,
      "Actual Total Time": 4837.778,
      "Actual Rows": 1,
      "Actual Loops": 1,
      "Plans": [
        {
          "Node Type": "Gather",
          "Parent Relationship": "Outer",
          "Parallel Aware": false,
          "Startup Cost": 387361.01,
          "Total Cost": 387361.32,
          "Plan Rows": 3,
          "Plan Width": 8,
          "Actual Startup Time": 4753.024,
          "Actual Total Time": 4837.766,
          "Actual Rows": 4,
          "Actual Loops": 1,
          "Workers Planned": 3,
          "Workers Launched": 3,
          "Single Copy": false,
          "Plans": [
            {
              "Node Type": "Aggregate",
              "Strategy": "Plain",
              "Partial Mode": "Partial",
              "Parent Relationship": "Outer",
              "Parallel Aware": false,
              "Startup Cost": 386361.01,
              "Total Cost": 386361.02,
              "Plan Rows": 1,
              "Plan Width": 8,
              "Actual Startup Time": 4743.769,
              "Actual Total Time": 4743.772,
              "Actual Rows": 1,
              "Actual Loops": 4,
              "Plans": [
                {
                  "Node Type": "Nested Loop",
                  "Parent Relationship": "Outer",
                  "Parallel Aware": false,
                  "Join Type": "Inner",
                  "Startup Cost": 47377.71,
                  "Total Cost": 382386.68,
                  "Plan Rows": 1589733,
                  "Plan Width": 0,
                  "Actual Startup Time": 177.527,
                  "Actual Total Time": 4473.069,
                  "Actual Rows": 5979069,
                  "Actual Loops": 4,
                  "Inner Unique": false,
                  "Join Filter": "(t.id = ci.movie_id)",
                  "Rows Removed by Join Filter": 0,
                  "Plans": [
                    {
                      "Node Type": "Hash Join",
                      "Parent Relationship": "Outer",
                      "Parallel Aware": true,
                      "Join Type": "Inner",
                      "Startup Cost": 47377.15,
                      "Total Cost": 77900.12,
                      "Plan Rows": 110945,
                      "Plan Width": 8,
                      "Actual Startup Time": 177.425,
                      "Actual Total Time": 326.417,
                      "Actual Rows": 99953,
                      "Actual Loops": 4,
                      "Inner Unique": true,
                      "Hash Cond": "(mc.movie_id = t.id)",
                      "Plans": [
                        {
                          "Node Type": "Seq Scan",
                          "Parent Relationship": "Outer",
                          "Parallel Aware": true,
                          "Relation Name": "movie_companies",
                          "Alias": "mc",
                          "Startup Cost": 0.0,
                          "Total Cost": 29310.68,
                          "Plan Rows": 461823,
                          "Plan Width": 4,
                          "Actual Startup Time": 0.018,
                          "Actual Total Time": 72.589,
                          "Actual Rows": 357570,
                          "Actual Loops": 4,
                          "Filter": "(company_id < 12651)",
                          "Rows Removed by Filter": 294712
                        },
                        {
                          "Node Type": "Hash",
                          "Parent Relationship": "Inner",
                          "Parallel Aware": true,
                          "Startup Cost": 45479.1,
                          "Total Cost": 45479.1,
                          "Plan Rows": 151844,
                          "Plan Width": 4,
                          "Actual Startup Time": 144.117,
                          "Actual Total Time": 144.118,
                          "Actual Rows": 127782,
                          "Actual Loops": 4,
                          "Hash Buckets": 1048576,
                          "Original Hash Buckets": 1048576,
                          "Hash Batches": 1,
                          "Original Hash Batches": 1,
                          "Peak Memory Usage": 28256,
                          "Plans": [
                            {
                              "Node Type": "Seq Scan",
                              "Parent Relationship": "Outer",
                              "Parallel Aware": true,
                              "Relation Name": "title",
                              "Alias": "t",
                              "Startup Cost": 0.0,
                              "Total Cost": 45479.1,
                              "Plan Rows": 151844,
                              "Plan Width": 4,
                              "Actual Startup Time": 47.469,
                              "Actual Total Time": 101.724,
                              "Actual Rows": 127782,
                              "Actual Loops": 4,
                              "Filter": "((production_year > 1941) AND (kind_id = 1))",
                              "Rows Removed by Filter": 504296
                            }
                          ]
                        }
                      ]
                    },
                    {
                      "Node Type": "Index Only Scan",
                      "Parent Relationship": "Inner",
                      "Parallel Aware": false,
                      "Scan Direction": "Forward",
                      "Index Name": "movie_id_cast_info",
                      "Relation Name": "cast_info",
                      "Alias": "ci",
                      "Startup Cost": 0.56,
                      "Total Cost": 2.28,
                      "Plan Rows": 37,
                      "Plan Width": 4,
                      "Actual Startup Time": 0.005,
                      "Actual Total Time": 0.036,
                      "Actual Rows": 60,
                      "Actual Loops": 399813,
                      "Index Cond": "(movie_id = mc.movie_id)",
                      "Rows Removed by Index Recheck": 0,
                      "Heap Fetches": 23916276
                    }
                  ]
                }
              ]
            }
          ]
        }
      ]
    },
    "Planning Time": 1.475,
    "Triggers": [],
    "Execution Time": 4837.884
  }
]