[
  {
    "Plan": {
      "Node Type": "Aggregate",
      "Strategy": "Plain",
      "Partial Mode": "Finalize",
      "Parallel Aware": false,
      "Startup Cost": 9615.79,
      "Total Cost": 9615.8,
      "Plan Rows": 1,
      "Plan Width": 8,
      "Actual Startup Time": 38.005,
      "Actual Total Time": 40.91,
      "Actual Rows": 1,
      "Actual Loops": 1,
      "Plans": [
        {
          "Node Type": "Gather",
          "Parent Relationship": "Outer",
          "Parallel Aware": false,
          "Startup Cost": 9615.47,
          "Total Cost": 9615.78,
          "Plan Rows": 3,
          "Plan Width": 8,
          "Actual Startup Time": 37.923,
          "Actual Total Time": 40.903,
          "Actual Rows": 4,
          "Actual Loops": 1,
          "Workers Planned": 3,
          "Workers Launched": 3,
          "Single Copy": false,
          "Plans": [
            {
              "Node Type": "Aggregate",
              "Strategy": "Plain",
              "Partial Mode": "Partial",
              "Parent Relationship": "Outer",
              "Parallel Aware": false,
              "Startup Cost": 8615.47,
              "Total Cost": 8615.48,
              "Plan Rows": 1,
              "Plan Width": 8,
              "Actual Startup Time": 29.096,
              "Actual Total Time": 29.097,
              "Actual Rows": 1,
              "Actual Loops": 4,
              "Plans": [
                {
                  "Node Type": "Index Scan",
                  "Parent Relationship": "Outer",
                  "Parallel Aware": true,
                  "Scan Direction": "Forward",
                  "Index Name": "role_id_cast_info",
                  "Relation Name": "cast_info",
                  "Alias": "ci",
                  "Startup Cost": 0.56,
                  "Total Cost": 8600.37,
                  "Plan Rows": 6040,
                  "Plan Width": 0,
                  "Actual Startup Time": 0.192,
                  "Actual Total Time": 28.758,
                  "Actual Rows": 2018,
                  "Actual Loops": 4,
                  "Index Cond": "(role_id > 10)",
                  "Rows Removed by Index Recheck": 0,
                  "Filter": "(person_id < 222229)",
                  "Rows Removed by Filter": 77012
                }
              ]
            }
          ]
        }
      ]
    },
    "Planning Time": 0.211,
    "Triggers": [],
    "Execution Time": 40.968
  }
]