[
  {
    "Plan": {
      "Node Type": "Aggregate",
      "Strategy": "Plain",
      "Partial Mode": "Finalize",
      "Parallel Aware": false,
      "Startup Cost": 355901.66,
      "Total Cost": 355901.67,
      "Plan Rows": 1,
      "Plan Width": 8,
      "Actual Startup Time": 927.546,
      "Actual Total Time": 986.157,
      "Actual Rows": 1,
      "Actual Loops": 1,
      "Plans": [
        {
          "Node Type": "Gather",
          "Parent Relationship": "Outer",
          "Parallel Aware": false,
          "Startup Cost": 355901.03,
          "Total Cost": 355901.64,
          "Plan Rows": 6,
          "Plan Width": 8,
          "Actual Startup Time": 927.405,
          "Actual Total Time": 986.146,
          "Actual Rows": 7,
          "Actual Loops": 1,
          "Workers Planned": 6,
          "Workers Launched": 6,
          "Single Copy": false,
          "Plans": [
            {
              "Node Type": "Aggregate",
              "Strategy": "Plain",
              "Partial Mode": "Partial",
              "Parent Relationship": "Outer",
              "Parallel Aware": false,
              "Startup Cost": 354901.03,
              "Total Cost": 354901.04,
              "Plan Rows": 1,
              "Plan Width": 8,
              "Actual Startup Time": 917.93,
              "Actual Total Time": 917.931,
              "Actual Rows": 1,
              "Actual Loops": 7,
              "Plans": [
                {
                  "Node Type": "Seq Scan",
                  "Parent Relationship": "Outer",
                  "Parallel Aware": true,
                  "Relation Name": "cast_info",
                  "Alias": "ci",
                  "Startup Cost": 0.0,
                  "Total Cost": 343257.03,
                  "Plan Rows": 4657602,
                  "Plan Width": 0,
                  "Actual Startup Time": 65.8,
                  "Actual Total Time": 747.683,
                  "Actual Rows": 3934518,
                  "Actual Loops": 7,
                  "Filter": "((person_id > 409628) AND (role_id < 10))",
                  "Rows Removed by Filter": 1243245
                }
              ]
            }
          ]
        }
      ]
    },
    "Planning Time": 0.222,
    "Triggers": [],
    "Execution Time": 986.232
  }
]