[
  {
    "Plan": {
      "Node Type": "Aggregate",
      "Strategy": "Plain",
      "Partial Mode": "Finalize",
      "Parallel Aware": false,
      "Startup Cost": 482517.98,
      "Total Cost": 482517.99,
      "Plan Rows": 1,
      "Plan Width": 8,
      "Actual Startup Time": 4263.301,
      "Actual Total Time": 4331.734,
      "Actual Rows": 1,
      "Actual Loops": 1,
      "Plans": [
        {
          "Node Type": "Gather",
          "Parent Relationship": "Outer",
          "Parallel Aware": false,
          "Startup Cost": 482517.35,
          "Total Cost": 482517.96,
          "Plan Rows": 6,
          "Plan Width": 8,
          "Actual Startup Time": 4231.872,
          "Actual Total Time": 4331.716,
          "Actual Rows": 7,
          "Actual Loops": 1,
          "Workers Planned": 6,
          "Workers Launched": 6,
          "Single Copy": false,
          "Plans": [
            {
              "Node Type": "Aggregate",
              "Strategy": "Plain",
              "Partial Mode": "Partial",
              "Parent Relationship": "Outer",
              "Parallel Aware": false,
              "Startup Cost": 481517.35,
              "Total Cost": 481517.36,
              "Plan Rows": 1,
              "Plan Width": 8,
              "Actual Startup Time": 4211.055,
              "Actual Total Time": 4211.763,
              "Actual Rows": 1,
              "Actual Loops": 7,
              "Plans": [
                {
                  "Node Type": "Hash Join",
                  "Parent Relationship": "Outer",
                  "Parallel Aware": true,
                  "Join Type": "Inner",
                  "Startup Cost": 103793.84,
                  "Total Cost": 469112.77,
                  "Plan Rows": 4961834,
                  "Plan Width": 0,
                  "Actual Startup Time": 647.204,
                  "Actual Total Time": 3605.416,
                  "Actual Rows": 13960804,
                  "Actual Loops": 7,
                  "Inner Unique": false,
                  "Hash Cond": "(ci.movie_id = t.id)",
                  "Plans": [
                    {
                      "Node Type": "Seq Scan",
                      "Parent Relationship": "Outer",
                      "Parallel Aware": true,
                      "Relation Name": "cast_info",
                      "Alias": "ci",
                      "Startup Cost": 0.0,
                      "Total Cost": 328211.39,
                      "Plan Rows": 5627096,
                      "Plan Width": 4,
                      "Actual Startup Time": 30.106,
                      "Actual Total Time": 673.514,
                      "Actual Rows": 4808666,
                      "Actual Loops": 7,
                      "Filter": "(person_id > 248746)",
                      "Rows Removed by Filter": 369098
                    },
                    {
                      "Node Type": "Hash",
                      "Parent Relationship": "Inner",
                      "Parallel Aware": true,
                      "Startup Cost": 94803.92,
                      "Total Cost": 94803.92,
                      "Plan Rows": 719194,
                      "Plan Width": 8,
                      "Actual Startup Time": 607.604,
                      "Actual Total Time": 608.308,
                      "Actual Rows": 321935,
                      "Actual Loops": 7,
                      "Hash Buckets": 4194304,
                      "Original Hash Buckets": 4194304,
                      "Hash Batches": 1,
                      "Original Hash Batches": 1,
                      "Peak Memory Usage": 121024,
                      "Plans": [
                        {
                          "Node Type": "Hash Join",
                          "Parent Relationship": "Outer",
                          "Parallel Aware": true,
                          "Join Type": "Inner",
                          "Startup Cost": 50220.38,
                          "Total Cost": 94803.92,
                          "Plan Rows": 719194,
                          "Plan Width": 8,
                          "Actual Startup Time": 313.15,
                          "Actual Total Time": 474.959,
                          "Actual Rows": 321935,
                          "Actual Loops": 7,
                          "Inner Unique": true,
                          "Hash Cond": "(mk.movie_id = t.id)",
                          "Plans": [
                            {
                              "Node Type": "Seq Scan",
                              "Parent Relationship": "Outer",
                              "Parallel Aware": true,
                              "Relation Name": "movie_keyword",
                              "Alias": "mk",
                              "Startup Cost": 0.0,
                              "Total Cost": 42695.65,
                              "Plan Rows": 719194,
                              "Plan Width": 4,
                              "Actual Startup Time": 0.048,
                              "Actual Total Time": 78.658,
                              "Actual Rows": 321935,
                              "Actual Loops": 7,
                              "Filter": "(keyword_id < 4653)",
                              "Rows Removed by Filter": 324340
                            },
                            {
                              "Node Type": "Hash",
                              "Parent Relationship": "Inner",
                              "Parallel Aware": true,
                              "Startup Cost": 42319.06,
                              "Total Cost": 42319.06,
                              "Plan Rows": 632106,
                              "Plan Width": 4,
                              "Actual Startup Time": 307.794,
                              "Actual Total Time": 307.796,
                              "Actual Rows": 361187,
                              "Actual Loops": 7,
                              "Hash Buckets": 4194304,
                              "Original Hash Buckets": 4194304,
                              "Hash Batches": 1,
                              "Original Hash Batches": 1,
                              "Peak Memory Usage": 131776,
                              "Plans": [
                                {
                                  "Node Type": "Seq Scan",
                                  "Parent Relationship": "Outer",
                                  "Parallel Aware": true,
                                  "Relation Name": "title",
                                  "Alias": "t",
                                  "Startup Cost": 0.0,
                                  "Total Cost": 42319.06,
                                  "Plan Rows": 632106,
                                  "Plan Width": 4,
                                  "Actual Startup Time": 0.067,
                                  "Actual Total Time": 87.464,
                                  "Actual Rows": 361187,
                                  "Actual Loops": 7
                                }
                              ]
                            }
                          ]
                        }
                      ]
                    }
                  ]
                }
              ]
            }
          ]
        }
      ]
    },
    "Planning Time": 0.953,
    "Triggers": [],
    "Execution Time": 4331.792
  }
]