[
  {
    "Plan": {
      "Node Type": "Aggregate",
      "Strategy": "Plain",
      "Partial Mode": "Finalize",
      "Parallel Aware": false,
      "Startup Cost": 164880.84,
      "Total Cost": 164880.85,
      "Plan Rows": 1,
      "Plan Width": 8,
      "Actual Startup Time": 268.595,
      "Actual Total Time": 288.088,
      "Actual Rows": 1,
      "Actual Loops": 1,
      "Plans": [
        {
          "Node Type": "Gather",
          "Parent Relationship": "Outer",
          "Parallel Aware": false,
          "Startup Cost": 164880.32,
          "Total Cost": 164880.83,
          "Plan Rows": 5,
          "Plan Width": 8,
          "Actual Startup Time": 267.952,
          "Actual Total Time": 288.078,
          "Actual Rows": 6,
          "Actual Loops": 1,
          "Workers Planned": 5,
          "Workers Launched": 5,
          "Single Copy": false,
          "Plans": [
            {
              "Node Type": "Aggregate",
              "Strategy": "Plain",
              "Partial Mode": "Partial",
              "Parent Relationship": "Outer",
              "Parallel Aware": false,
              "Startup Cost": 163880.32,
              "Total Cost": 163880.33,
              "Plan Rows": 1,
              "Plan Width": 8,
              "Actual Startup Time": 257.56,
              "Actual Total Time": 257.564,
              "Actual Rows": 1,
              "Actual Loops": 6,
              "Plans": [
                {
                  "Node Type": "Hash Join",
                  "Parent Relationship": "Outer",
                  "Parallel Aware": true,
                  "Join Type": "Inner",
                  "Startup Cost": 44105.43,
                  "Total Cost": 163876.64,
                  "Plan Rows": 1473,
                  "Plan Width": 0,
                  "Actual Startup Time": 100.384,
                  "Actual Total Time": 256.937,
                  "Actual Rows": 10841,
                  "Actual Loops": 6,
                  "Inner Unique": true,
                  "Hash Cond": "(ci.movie_id = t.id)",
                  "Plans": [
                    {
                      "Node Type": "Index Scan",
                      "Parent Relationship": "Outer",
                      "Parallel Aware": true,
                      "Scan Direction": "Forward",
                      "Index Name": "role_id_cast_info",
                      "Relation Name": "cast_info",
                      "Alias": "ci",
                      "Startup Cost": 0.56,
                      "Total Cost": 119623.46,
                      "Plan Rows": 56502,
                      "Plan Width": 4,
                      "Actual Startup Time": 17.782,
                      "Actual Total Time": 131.464,
                      "Actual Rows": 343571,
                      "Actual Loops": 6,
                      "Index Cond": "(role_id = 10)",
                      "Rows Removed by Index Recheck": 0,
                      "Filter": "(person_id > 3624079)",
                      "Rows Removed by Filter": 376932
                    },
                    {
                      "Node Type": "Hash",
                      "Parent Relationship": "Inner",
                      "Parallel Aware": true,
                      "Startup Cost": 43898.92,
                      "Total Cost": 43898.92,
                      "Plan Rows": 16476,
                      "Plan Width": 4,
                      "Actual Startup Time": 81.058,
                      "Actual Total Time": 81.061,
                      "Actual Rows": 10638,
                      "Actual Loops": 6,
                      "Hash Buckets": 131072,
                      "Original Hash Buckets": 131072,
                      "Hash Batches": 1,
                      "Original Hash Batches": 1,
                      "Peak Memory Usage": 3616,
                      "Plans": [
                        {
                          "Node Type": "Seq Scan",
                          "Parent Relationship": "Outer",
                          "Parallel Aware": true,
                          "Relation Name": "title",
                          "Alias": "t",
                          "Startup Cost": 0.0,
                          "Total Cost": 43898.92,
                          "Plan Rows": 16476,
                          "Plan Width": 4,
                          "Actual Startup Time": 0.052,
                          "Actual Total Time": 75.567,
                          "Actual Rows": 10638,
                          "Actual Loops": 6,
                          "Filter": "(production_year = 2013)",
                          "Rows Removed by Filter": 410748
                        }
                      ]
                    }
                  ]
                }
              ]
            }
          ]
        }
      ]
    },
    "Planning Time": 0.581,
    "Triggers": [],
    "Execution Time": 288.171
  }
]