[
  {
    "Plan": {
      "Node Type": "Aggregate",
      "Strategy": "Plain",
      "Partial Mode": "Finalize",
      "Parallel Aware": false,
      "Startup Cost": 82433.69,
      "Total Cost": 82433.7,
      "Plan Rows": 1,
      "Plan Width": 8,
      "Actual Startup Time": 528.382,
      "Actual Total Time": 542.702,
      "Actual Rows": 1,
      "Actual Loops": 1,
      "Plans": [
        {
          "Node Type": "Gather",
          "Parent Relationship": "Outer",
          "Parallel Aware": false,
          "Startup Cost": 82433.37,
          "Total Cost": 82433.68,
          "Plan Rows": 3,
          "Plan Width": 8,
          "Actual Startup Time": 523.2,
          "Actual Total Time": 542.692,
          "Actual Rows": 4,
          "Actual Loops": 1,
          "Workers Planned": 3,
          "Workers Launched": 3,
          "Single Copy": false,
          "Plans": [
            {
              "Node Type": "Aggregate",
              "Strategy": "Plain",
              "Partial Mode": "Partial",
              "Parent Relationship": "Outer",
              "Parallel Aware": false,
              "Startup Cost": 81433.37,
              "Total Cost": 81433.38,
              "Plan Rows": 1,
              "Plan Width": 8,
              "Actual Startup Time": 510.987,
              "Actual Total Time": 510.99,
              "Actual Rows": 1,
              "Actual Loops": 4,
              "Plans": [
                {
                  "Node Type": "Hash Join",
                  "Parent Relationship": "Outer",
                  "Parallel Aware": true,
                  "Join Type": "Inner",
                  "Startup Cost": 50023.77,
                  "Total Cost": 80690.5,
                  "Plan Rows": 297147,
                  "Plan Width": 0,
                  "Actual Startup Time": 292.838,
                  "Actual Total Time": 502.187,
                  "Actual Rows": 174614,
                  "Actual Loops": 4,
                  "Inner Unique": true,
                  "Hash Cond": "(mc.movie_id = t.id)",
                  "Plans": [
                    {
                      "Node Type": "Seq Scan",
                      "Parent Relationship": "Outer",
                      "Parallel Aware": true,
                      "Relation Name": "movie_companies",
                      "Alias": "mc",
                      "Startup Cost": 0.0,
                      "Total Cost": 29310.68,
                      "Plan Rows": 516590,
                      "Plan Width": 4,
                      "Actual Startup Time": 0.022,
                      "Actual Total Time": 78.992,
                      "Actual Rows": 397535,
                      "Actual Loops": 4,
                      "Filter": "(company_id < 16034)",
                      "Rows Removed by Filter": 254747
                    },
                    {
                      "Node Type": "Hash",
                      "Parent Relationship": "Inner",
                      "Parallel Aware": true,
                      "Startup Cost": 45479.1,
                      "Total Cost": 45479.1,
                      "Plan Rows": 363574,
                      "Plan Width": 4,
                      "Actual Startup Time": 284.888,
                      "Actual Total Time": 284.889,
                      "Actual Rows": 392808,
                      "Actual Loops": 4,
                      "Hash Buckets": 2097152,
                      "Original Hash Buckets": 2097152,
                      "Hash Batches": 1,
                      "Original Hash Batches": 1,
                      "Peak Memory Usage": 77920,
                      "Plans": [
                        {
                          "Node Type": "Seq Scan",
                          "Parent Relationship": "Outer",
                          "Parallel Aware": true,
                          "Relation Name": "title",
                          "Alias": "t",
                          "Startup Cost": 0.0,
                          "Total Cost": 45479.1,
                          "Plan Rows": 363574,
                          "Plan Width": 4,
                          "Actual Startup Time": 0.044,
                          "Actual Total Time": 123.801,
                          "Actual Rows": 392808,
                          "Actual Loops": 4,
                          "Filter": "((kind_id > 1) AND (production_year > 1978))",
                          "Rows Removed by Filter": 239270
                        }
                      ]
                    }
                  ]
                }
              ]
            }
          ]
        }
      ]
    },
    "Planning Time": 0.648,
    "Triggers": [],
    "Execution Time": 542.772
  }
]