[
  {
    "Plan": {
      "Node Type": "Aggregate",
      "Strategy": "Plain",
      "Partial Mode": "Finalize",
      "Parallel Aware": false,
      "Startup Cost": 338149.53,
      "Total Cost": 338149.54,
      "Plan Rows": 1,
      "Plan Width": 8,
      "Actual Startup Time": 1037.576,
      "Actual Total Time": 1157.774,
      "Actual Rows": 1,
      "Actual Loops": 1,
      "Plans": [
        {
          "Node Type": "Gather",
          "Parent Relationship": "Outer",
          "Parallel Aware": false,
          "Startup Cost": 338148.9,
          "Total Cost": 338149.51,
          "Plan Rows": 6,
          "Plan Width": 8,
          "Actual Startup Time": 1037.358,
          "Actual Total Time": 1157.755,
          "Actual Rows": 7,
          "Actual Loops": 1,
          "Workers Planned": 6,
          "Workers Launched": 6,
          "Single Copy": false,
          "Plans": [
            {
              "Node Type": "Aggregate",
              "Strategy": "Plain",
              "Partial Mode": "Partial",
              "Parent Relationship": "Outer",
              "Parallel Aware": false,
              "Startup Cost": 337148.9,
              "Total Cost": 337148.91,
              "Plan Rows": 1,
              "Plan Width": 8,
              "Actual Startup Time": 1024.92,
              "Actual Total Time": 1024.925,
              "Actual Rows": 1,
              "Actual Loops": 7,
              "Plans": [
                {
                  "Node Type": "Seq Scan",
                  "Parent Relationship": "Outer",
                  "Parallel Aware": true,
                  "Relation Name": "cast_info",
                  "Alias": "ci",
                  "Startup Cost": 0.0,
                  "Total Cost": 328211.39,
                  "Plan Rows": 3575005,
                  "Plan Width": 0,
                  "Actual Startup Time": 0.092,
                  "Actual Total Time": 844.716,
                  "Actual Rows": 3098531,
                  "Actual Loops": 7,
                  "Filter": "(person_id < 2203354)",
                  "Rows Removed by Filter": 2079233
                }
              ]
            }
          ]
        }
      ]
    },
    "Planning Time": 0.229,
    "Triggers": [],
    "Execution Time": 1157.851
  }
]