[
  {
    "Plan": {
      "Node Type": "Aggregate",
      "Strategy": "Plain",
      "Partial Mode": "Finalize",
      "Parallel Aware": false,
      "Startup Cost": 79741.69,
      "Total Cost": 79741.7,
      "Plan Rows": 1,
      "Plan Width": 8,
      "Actual Startup Time": 337.298,
      "Actual Total Time": 352.038,
      "Actual Rows": 1,
      "Actual Loops": 1,
      "Plans": [
        {
          "Node Type": "Gather",
          "Parent Relationship": "Outer",
          "Parallel Aware": false,
          "Startup Cost": 79741.27,
          "Total Cost": 79741.68,
          "Plan Rows": 4,
          "Plan Width": 8,
          "Actual Startup Time": 334.34,
          "Actual Total Time": 352.026,
          "Actual Rows": 5,
          "Actual Loops": 1,
          "Workers Planned": 4,
          "Workers Launched": 4,
          "Single Copy": false,
          "Plans": [
            {
              "Node Type": "Aggregate",
              "Strategy": "Plain",
              "Partial Mode": "Partial",
              "Parent Relationship": "Outer",
              "Parallel Aware": false,
              "Startup Cost": 78741.27,
              "Total Cost": 78741.28,
              "Plan Rows": 1,
              "Plan Width": 8,
              "Actual Startup Time": 325.339,
              "Actual Total Time": 325.452,
              "Actual Rows": 1,
              "Actual Loops": 5,
              "Plans": [
                {
                  "Node Type": "Hash Join",
                  "Parent Relationship": "Outer",
                  "Parallel Aware": true,
                  "Join Type": "Inner",
                  "Startup Cost": 32778.18,
                  "Total Cost": 78529.95,
                  "Plan Rows": 84528,
                  "Plan Width": 0,
                  "Actual Startup Time": 124.279,
                  "Actual Total Time": 318.681,
                  "Actual Rows": 130232,
                  "Actual Loops": 5,
                  "Inner Unique": false,
                  "Hash Cond": "(t.id = mc.movie_id)",
                  "Plans": [
                    {
                      "Node Type": "Seq Scan",
                      "Parent Relationship": "Outer",
                      "Parallel Aware": true,
                      "Relation Name": "title",
                      "Alias": "t",
                      "Startup Cost": 0.0,
                      "Total Cost": 42318.73,
                      "Plan Rows": 632073,
                      "Plan Width": 4,
                      "Actual Startup Time": 0.01,
                      "Actual Total Time": 64.824,
                      "Actual Rows": 505662,
                      "Actual Loops": 5
                    },
                    {
                      "Node Type": "Hash",
                      "Parent Relationship": "Inner",
                      "Parallel Aware": true,
                      "Startup Cost": 31414.82,
                      "Total Cost": 31414.82,
                      "Plan Rows": 109069,
                      "Plan Width": 4,
                      "Actual Startup Time": 121.267,
                      "Actual Total Time": 121.268,
                      "Actual Rows": 130232,
                      "Actual Loops": 5,
                      "Hash Buckets": 1048576,
                      "Original Hash Buckets": 524288,
                      "Hash Batches": 1,
                      "Original Hash Batches": 1,
                      "Peak Memory Usage": 37824,
                      "Plans": [
                        {
                          "Node Type": "Seq Scan",
                          "Parent Relationship": "Outer",
                          "Parallel Aware": true,
                          "Relation Name": "movie_companies",
                          "Alias": "mc",
                          "Startup Cost": 0.0,
                          "Total Cost": 31414.82,
                          "Plan Rows": 109069,
                          "Plan Width": 4,
                          "Actual Startup Time": 40.543,
                          "Actual Total Time": 73.771,
                          "Actual Rows": 130232,
                          "Actual Loops": 5,
                          "Filter": "((company_id > 48992) AND (company_type_id > 1))",
                          "Rows Removed by Filter": 391594
                        }
                      ]
                    }
                  ]
                }
              ]
            }
          ]
        }
      ]
    },
    "Planning Time": 0.64,
    "Triggers": [],
    "Execution Time": 352.118
  }
]