[
  {
    "Plan": {
      "Node Type": "Aggregate",
      "Strategy": "Plain",
      "Partial Mode": "Finalize",
      "Parallel Aware": false,
      "Startup Cost": 45421.49,
      "Total Cost": 45421.5,
      "Plan Rows": 1,
      "Plan Width": 8,
      "Actual Startup Time": 143.134,
      "Actual Total Time": 152.691,
      "Actual Rows": 1,
      "Actual Loops": 1,
      "Plans": [
        {
          "Node Type": "Gather",
          "Parent Relationship": "Outer",
          "Parallel Aware": false,
          "Startup Cost": 45421.17,
          "Total Cost": 45421.48,
          "Plan Rows": 3,
          "Plan Width": 8,
          "Actual Startup Time": 143.005,
          "Actual Total Time": 152.683,
          "Actual Rows": 4,
          "Actual Loops": 1,
          "Workers Planned": 3,
          "Workers Launched": 3,
          "Single Copy": false,
          "Plans": [
            {
              "Node Type": "Aggregate",
              "Strategy": "Plain",
              "Partial Mode": "Partial",
              "Parent Relationship": "Outer",
              "Parallel Aware": false,
              "Startup Cost": 44421.17,
              "Total Cost": 44421.18,
              "Plan Rows": 1,
              "Plan Width": 8,
              "Actual Startup Time": 137.129,
              "Actual Total Time": 137.13,
              "Actual Rows": 1,
              "Actual Loops": 4,
              "Plans": [
                {
                  "Node Type": "Seq Scan",
                  "Parent Relationship": "Outer",
                  "Parallel Aware": true,
                  "Relation Name": "movie_keyword",
                  "Alias": "mk",
                  "Startup Cost": 0.0,
                  "Total Cost": 42695.65,
                  "Plan Rows": 690206,
                  "Plan Width": 0,
                  "Actual Startup Time": 0.833,
                  "Actual Total Time": 112.136,
                  "Actual Rows": 535058,
                  "Actual Loops": 4,
                  "Filter": "(keyword_id > 5477)",
                  "Rows Removed by Filter": 595925
                }
              ]
            }
          ]
        }
      ]
    },
    "Planning Time": 0.181,
    "Triggers": [],
    "Execution Time": 152.746
  }
]