[
    {
        "Bao": {
            "Bao prediction": "NaN",
            "Bao recommended hint": "(no hint)"
        }
    },
    {
        "Plan": {
            "Node Type": "Aggregate",
            "Strategy": "Plain",
            "Partial Mode": "Finalize",
            "Parallel Aware": false,
            "Startup Cost": 30236.43,
            "Total Cost": 30236.44,
            "Plan Rows": 1,
            "Plan Width": 8,
            "Actual Startup Time": 72.894,
            "Actual Total Time": 76.624,
            "Actual Rows": 1,
            "Actual Loops": 1,
            "Output": [
                "count(*)"
            ],
            "Plans": [
                {
                    "Node Type": "Gather",
                    "Parent Relationship": "Outer",
                    "Parallel Aware": false,
                    "Startup Cost": 30236.11,
                    "Total Cost": 30236.42,
                    "Plan Rows": 3,
                    "Plan Width": 8,
                    "Actual Startup Time": 72.691,
                    "Actual Total Time": 76.617,
                    "Actual Rows": 4,
                    "Actual Loops": 1,
                    "Output": [
                        "(PARTIAL count(*))"
                    ],
                    "Workers Planned": 3,
                    "Workers Launched": 3,
                    "Single Copy": false,
                    "Plans": [
                        {
                            "Node Type": "Aggregate",
                            "Strategy": "Plain",
                            "Partial Mode": "Partial",
                            "Parent Relationship": "Outer",
                            "Parallel Aware": false,
                            "Startup Cost": 29236.11,
                            "Total Cost": 29236.12,
                            "Plan Rows": 1,
                            "Plan Width": 8,
                            "Actual Startup Time": 63.546,
                            "Actual Total Time": 63.548,
                            "Actual Rows": 1,
                            "Actual Loops": 4,
                            "Output": [
                                "PARTIAL count(*)"
                            ],
                            "Workers": [
                                {
                                    "Worker Number": 0,
                                    "Actual Startup Time": 60.353,
                                    "Actual Total Time": 60.355,
                                    "Actual Rows": 1,
                                    "Actual Loops": 1
                                },
                                {
                                    "Worker Number": 1,
                                    "Actual Startup Time": 60.556,
                                    "Actual Total Time": 60.557,
                                    "Actual Rows": 1,
                                    "Actual Loops": 1
                                },
                                {
                                    "Worker Number": 2,
                                    "Actual Startup Time": 60.834,
                                    "Actual Total Time": 60.836,
                                    "Actual Rows": 1,
                                    "Actual Loops": 1
                                }
                            ],
                            "Plans": [
                                {
                                    "Node Type": "Bitmap Heap Scan",
                                    "Parent Relationship": "Outer",
                                    "Parallel Aware": true,
                                    "Relation Name": "movie_keyword",
                                    "Schema": "public",
                                    "Alias": "mk",
                                    "Startup Cost": 3894.34,
                                    "Total Cost": 29088.15,
                                    "Plan Rows": 59185,
                                    "Plan Width": 0,
                                    "Actual Startup Time": 13.755,
                                    "Actual Total Time": 60.4,
                                    "Actual Rows": 46239,
                                    "Actual Loops": 4,
                                    "Recheck Cond": "(mk.keyword_id > 71480)",
                                    "Rows Removed by Index Recheck": 0,
                                    "Exact Heap Blocks": 11265,
                                    "Lossy Heap Blocks": 0,
                                    "Workers": [
                                        {
                                            "Worker Number": 0,
                                            "Actual Startup Time": 10.535,
                                            "Actual Total Time": 57.585,
                                            "Actual Rows": 28531,
                                            "Actual Loops": 1
                                        },
                                        {
                                            "Worker Number": 1,
                                            "Actual Startup Time": 11.008,
                                            "Actual Total Time": 57.875,
                                            "Actual Rows": 25043,
                                            "Actual Loops": 1
                                        },
                                        {
                                            "Worker Number": 2,
                                            "Actual Startup Time": 11.12,
                                            "Actual Total Time": 58.105,
                                            "Actual Rows": 27404,
                                            "Actual Loops": 1
                                        }
                                    ],
                                    "Plans": [
                                        {
                                            "Node Type": "Bitmap Index Scan",
                                            "Parent Relationship": "Outer",
                                            "Parallel Aware": false,
                                            "Index Name": "keyword_id_movie_keyword",
                                            "Startup Cost": 0.0,
                                            "Total Cost": 3848.47,
                                            "Plan Rows": 183472,
                                            "Plan Width": 0,
                                            "Actual Startup Time": 19.269,
                                            "Actual Total Time": 19.27,
                                            "Actual Rows": 184956,
                                            "Actual Loops": 1,
                                            "Index Cond": "(mk.keyword_id > 71480)"
                                        }
                                    ]
                                }
                            ]
                        }
                    ]
                }
            ]
        },
        "Planning Time": 181.172,
        "Triggers": [],
        "Execution Time": 76.685
    }
]