[
  {
    "Plan": {
      "Node Type": "Aggregate",
      "Strategy": "Plain",
      "Partial Mode": "Finalize",
      "Parallel Aware": false,
      "Startup Cost": 45389.74,
      "Total Cost": 45389.75,
      "Plan Rows": 1,
      "Plan Width": 8,
      "Actual Startup Time": 152.488,
      "Actual Total Time": 161.341,
      "Actual Rows": 1,
      "Actual Loops": 1,
      "Plans": [
        {
          "Node Type": "Gather",
          "Parent Relationship": "Outer",
          "Parallel Aware": false,
          "Startup Cost": 45389.42,
          "Total Cost": 45389.73,
          "Plan Rows": 3,
          "Plan Width": 8,
          "Actual Startup Time": 152.39,
          "Actual Total Time": 161.333,
          "Actual Rows": 4,
          "Actual Loops": 1,
          "Workers Planned": 3,
          "Workers Launched": 3,
          "Single Copy": false,
          "Plans": [
            {
              "Node Type": "Aggregate",
              "Strategy": "Plain",
              "Partial Mode": "Partial",
              "Parent Relationship": "Outer",
              "Parallel Aware": false,
              "Startup Cost": 44389.42,
              "Total Cost": 44389.43,
              "Plan Rows": 1,
              "Plan Width": 8,
              "Actual Startup Time": 147.248,
              "Actual Total Time": 147.25,
              "Actual Rows": 1,
              "Actual Loops": 4,
              "Plans": [
                {
                  "Node Type": "Seq Scan",
                  "Parent Relationship": "Outer",
                  "Parallel Aware": true,
                  "Relation Name": "movie_keyword",
                  "Alias": "mk",
                  "Startup Cost": 0.0,
                  "Total Cost": 42695.65,
                  "Plan Rows": 677508,
                  "Plan Width": 0,
                  "Actual Startup Time": 0.047,
                  "Actual Total Time": 121.032,
                  "Actual Rows": 526566,
                  "Actual Loops": 4,
                  "Filter": "(keyword_id < 3800)",
                  "Rows Removed by Filter": 604417
                }
              ]
            }
          ]
        }
      ]
    },
    "Planning Time": 0.186,
    "Triggers": [],
    "Execution Time": 161.396
  }
]