[
    {
        "Bao": {
            "Bao prediction": "NaN",
            "Bao recommended hint": "(no hint)"
        }
    },
    {
        "Plan": {
            "Node Type": "Aggregate",
            "Strategy": "Plain",
            "Partial Mode": "Finalize",
            "Parallel Aware": false,
            "Startup Cost": 118592.02,
            "Total Cost": 118592.03,
            "Plan Rows": 1,
            "Plan Width": 8,
            "Actual Startup Time": 196.81,
            "Actual Total Time": 204.966,
            "Actual Rows": 1,
            "Actual Loops": 1,
            "Output": [
                "count(*)"
            ],
            "Plans": [
                {
                    "Node Type": "Gather",
                    "Parent Relationship": "Outer",
                    "Parallel Aware": false,
                    "Startup Cost": 118591.5,
                    "Total Cost": 118592.01,
                    "Plan Rows": 5,
                    "Plan Width": 8,
                    "Actual Startup Time": 196.693,
                    "Actual Total Time": 204.959,
                    "Actual Rows": 6,
                    "Actual Loops": 1,
                    "Output": [
                        "(PARTIAL count(*))"
                    ],
                    "Workers Planned": 5,
                    "Workers Launched": 5,
                    "Single Copy": false,
                    "Plans": [
                        {
                            "Node Type": "Aggregate",
                            "Strategy": "Plain",
                            "Partial Mode": "Partial",
                            "Parent Relationship": "Outer",
                            "Parallel Aware": false,
                            "Startup Cost": 117591.5,
                            "Total Cost": 117591.51,
                            "Plan Rows": 1,
                            "Plan Width": 8,
                            "Actual Startup Time": 186.88,
                            "Actual Total Time": 186.881,
                            "Actual Rows": 1,
                            "Actual Loops": 6,
                            "Output": [
                                "PARTIAL count(*)"
                            ],
                            "Workers": [
                                {
                                    "Worker Number": 0,
                                    "Actual Startup Time": 184.475,
                                    "Actual Total Time": 184.476,
                                    "Actual Rows": 1,
                                    "Actual Loops": 1
                                },
                                {
                                    "Worker Number": 1,
                                    "Actual Startup Time": 184.693,
                                    "Actual Total Time": 184.694,
                                    "Actual Rows": 1,
                                    "Actual Loops": 1
                                },
                                {
                                    "Worker Number": 2,
                                    "Actual Startup Time": 184.877,
                                    "Actual Total Time": 184.878,
                                    "Actual Rows": 1,
                                    "Actual Loops": 1
                                },
                                {
                                    "Worker Number": 3,
                                    "Actual Startup Time": 185.153,
                                    "Actual Total Time": 185.154,
                                    "Actual Rows": 1,
                                    "Actual Loops": 1
                                },
                                {
                                    "Worker Number": 4,
                                    "Actual Startup Time": 185.755,
                                    "Actual Total Time": 185.756,
                                    "Actual Rows": 1,
                                    "Actual Loops": 1
                                }
                            ],
                            "Plans": [
                                {
                                    "Node Type": "Index Scan",
                                    "Parent Relationship": "Outer",
                                    "Parallel Aware": true,
                                    "Scan Direction": "Forward",
                                    "Index Name": "role_id_cast_info",
                                    "Relation Name": "cast_info",
                                    "Schema": "public",
                                    "Alias": "ci",
                                    "Startup Cost": 0.56,
                                    "Total Cost": 115696.32,
                                    "Plan Rows": 758074,
                                    "Plan Width": 0,
                                    "Actual Startup Time": 0.24,
                                    "Actual Total Time": 155.141,
                                    "Actual Rows": 694963,
                                    "Actual Loops": 6,
                                    "Output": [
                                        "id",
                                        "person_id",
                                        "movie_id",
                                        "person_role_id",
                                        "note",
                                        "nr_order",
                                        "role_id"
                                    ],
                                    "Index Cond": "(ci.role_id = 10)",
                                    "Rows Removed by Index Recheck": 0,
                                    "Filter": "(ci.person_id > 374793)",
                                    "Rows Removed by Filter": 25540,
                                    "Workers": [
                                        {
                                            "Worker Number": 0,
                                            "Actual Startup Time": 0.582,
                                            "Actual Total Time": 152.744,
                                            "Actual Rows": 677569,
                                            "Actual Loops": 1
                                        },
                                        {
                                            "Worker Number": 1,
                                            "Actual Startup Time": 0.234,
                                            "Actual Total Time": 153.482,
                                            "Actual Rows": 668016,
                                            "Actual Loops": 1
                                        },
                                        {
                                            "Worker Number": 2,
                                            "Actual Startup Time": 0.208,
                                            "Actual Total Time": 153.056,
                                            "Actual Rows": 677461,
                                            "Actual Loops": 1
                                        },
                                        {
                                            "Worker Number": 3,
                                            "Actual Startup Time": 0.186,
                                            "Actual Total Time": 154.113,
                                            "Actual Rows": 662512,
                                            "Actual Loops": 1
                                        },
                                        {
                                            "Worker Number": 4,
                                            "Actual Startup Time": 0.198,
                                            "Actual Total Time": 153.985,
                                            "Actual Rows": 675922,
                                            "Actual Loops": 1
                                        }
                                    ]
                                }
                            ]
                        }
                    ]
                }
            ]
        },
        "Planning Time": 187.088,
        "Triggers": [],
        "Execution Time": 205.021
    }
]