{
  "Plan": {
    "Node Type": "Aggregate",
    "Strategy": "Plain",
    "Partial Mode": "Finalize",
    "Parallel Aware": false,
    "Startup Cost": 84759.42,
    "Total Cost": 84759.43,
    "Plan Rows": 1,
    "Plan Width": 8,
    "Actual Startup Time": 328.969,
    "Actual Total Time": 342.294,
    "Actual Rows": 1,
    "Actual Loops": 1,
    "Plans": [
      {
        "Node Type": "Gather",
        "Parent Relationship": "Outer",
        "Parallel Aware": false,
        "Startup Cost": 84759.31,
        "Total Cost": 84759.42,
        "Plan Rows": 1,
        "Plan Width": 8,
        "Actual Startup Time": 328.659,
        "Actual Total Time": 342.286,
        "Actual Rows": 2,
        "Actual Loops": 1,
        "Workers Planned": 1,
        "Workers Launched": 1,
        "Single Copy": false,
        "Plans": [
          {
            "Node Type": "Aggregate",
            "Strategy": "Plain",
            "Partial Mode": "Partial",
            "Parent Relationship": "Outer",
            "Parallel Aware": false,
            "Startup Cost": 83759.31,
            "Total Cost": 83759.32,
            "Plan Rows": 1,
            "Plan Width": 8,
            "Actual Startup Time": 322.475,
            "Actual Total Time": 322.479,
            "Actual Rows": 1,
            "Actual Loops": 2,
            "Plans": [
              {
                "Node Type": "Hash Join",
                "Parent Relationship": "Outer",
                "Parallel Aware": true,
                "Join Type": "Inner",
                "Startup Cost": 23265.47,
                "Total Cost": 83661.39,
                "Plan Rows": 39169,
                "Plan Width": 0,
                "Actual Startup Time": 54.524,
                "Actual Total Time": 321.564,
                "Actual Rows": 11770,
                "Actual Loops": 2,
                "Inner Unique": false,
                "Hash Cond": "(t.id = mc.movie_id)",
                "Plans": [
                  {
                    "Node Type": "Seq Scan",
                    "Parent Relationship": "Outer",
                    "Parallel Aware": true,
                    "Relation Name": "title",
                    "Alias": "t",
                    "Startup Cost": 0.0,
                    "Total Cost": 50870.31,
                    "Plan Rows": 1487231,
                    "Plan Width": 4,
                    "Actual Startup Time": 0.012,
                    "Actual Total Time": 135.385,
                    "Actual Rows": 1264156,
                    "Actual Loops": 2
                  },
                  {
                    "Node Type": "Hash",
                    "Parent Relationship": "Inner",
                    "Parallel Aware": true,
                    "Startup Cost": 22775.86,
                    "Total Cost": 22775.86,
                    "Plan Rows": 39169,
                    "Plan Width": 4,
                    "Actual Startup Time": 51.995,
                    "Actual Total Time": 51.996,
                    "Actual Rows": 11770,
                    "Actual Loops": 2,
                    "Hash Buckets": 131072,
                    "Original Hash Buckets": 131072,
                    "Hash Batches": 1,
                    "Original Hash Batches": 1,
                    "Peak Memory Usage": 1984,
                    "Plans": [
                      {
                        "Node Type": "Bitmap Heap Scan",
                        "Parent Relationship": "Outer",
                        "Parallel Aware": true,
                        "Relation Name": "movie_companies",
                        "Alias": "mc",
                        "Startup Cost": 2828.68,
                        "Total Cost": 22775.86,
                        "Plan Rows": 39169,
                        "Plan Width": 4,
                        "Actual Startup Time": 41.542,
                        "Actual Total Time": 48.681,
                        "Actual Rows": 11770,
                        "Actual Loops": 2,
                        "Recheck Cond": "(company_id < 27)",
                        "Rows Removed by Index Recheck": 0,
                        "Filter": "(company_type_id > 1)",
                        "Rows Removed by Filter": 55633,
                        "Exact Heap Blocks": 8809,
                        "Lossy Heap Blocks": 0,
                        "Plans": [
                          {
                            "Node Type": "Bitmap Index Scan",
                            "Parent Relationship": "Outer",
                            "Parallel Aware": false,
                            "Index Name": "company_id_movie_companies",
                            "Startup Cost": 0.0,
                            "Total Cost": 2812.03,
                            "Plan Rows": 131147,
                            "Plan Width": 0,
                            "Actual Startup Time": 15.932,
                            "Actual Total Time": 15.932,
                            "Actual Rows": 134807,
                            "Actual Loops": 1,
                            "Index Cond": "(company_id < 27)"
                          }
                        ]
                      }
                    ]
                  }
                ]
              }
            ]
          }
        ]
      }
    ]
  },
  "Planning Time": 0.568,
  "Triggers": [],
  "Execution Time": 342.389
}