[
  {
    "Plan": {
      "Node Type": "Aggregate",
      "Strategy": "Plain",
      "Partial Mode": "Finalize",
      "Parallel Aware": false,
      "Startup Cost": 46481.55,
      "Total Cost": 46481.56,
      "Plan Rows": 1,
      "Plan Width": 8,
      "Actual Startup Time": 88.98,
      "Actual Total Time": 101.626,
      "Actual Rows": 1,
      "Actual Loops": 1,
      "Plans": [
        {
          "Node Type": "Gather",
          "Parent Relationship": "Outer",
          "Parallel Aware": false,
          "Startup Cost": 46481.13,
          "Total Cost": 46481.54,
          "Plan Rows": 4,
          "Plan Width": 8,
          "Actual Startup Time": 88.651,
          "Actual Total Time": 101.617,
          "Actual Rows": 5,
          "Actual Loops": 1,
          "Workers Planned": 4,
          "Workers Launched": 4,
          "Single Copy": false,
          "Plans": [
            {
              "Node Type": "Aggregate",
              "Strategy": "Plain",
              "Partial Mode": "Partial",
              "Parent Relationship": "Outer",
              "Parallel Aware": false,
              "Startup Cost": 45481.13,
              "Total Cost": 45481.14,
              "Plan Rows": 1,
              "Plan Width": 8,
              "Actual Startup Time": 84.297,
              "Actual Total Time": 84.299,
              "Actual Rows": 1,
              "Actual Loops": 5,
              "Plans": [
                {
                  "Node Type": "Seq Scan",
                  "Parent Relationship": "Outer",
                  "Parallel Aware": true,
                  "Relation Name": "title",
                  "Alias": "t",
                  "Startup Cost": 0.0,
                  "Total Cost": 45479.59,
                  "Plan Rows": 616,
                  "Plan Width": 0,
                  "Actual Startup Time": 53.866,
                  "Actual Total Time": 84.093,
                  "Actual Rows": 1780,
                  "Actual Loops": 5,
                  "Filter": "((kind_id = 1) AND (production_year = 1913))",
                  "Rows Removed by Filter": 503882
                }
              ]
            }
          ]
        }
      ]
    },
    "Planning Time": 0.095,
    "Triggers": [],
    "Execution Time": 101.668
  }
]