{
  "Plan": {
    "Node Type": "Aggregate",
    "Strategy": "Plain",
    "Partial Mode": "Finalize",
    "Parallel Aware": false,
    "Startup Cost": 165142.78,
    "Total Cost": 165142.79,
    "Plan Rows": 1,
    "Plan Width": 8,
    "Actual Startup Time": 1349.084,
    "Actual Total Time": 1400.522,
    "Actual Rows": 1,
    "Actual Loops": 1,
    "Plans": [
      {
        "Node Type": "Gather",
        "Parent Relationship": "Outer",
        "Parallel Aware": false,
        "Startup Cost": 165142.66,
        "Total Cost": 165142.77,
        "Plan Rows": 1,
        "Plan Width": 8,
        "Actual Startup Time": 1348.254,
        "Actual Total Time": 1400.512,
        "Actual Rows": 2,
        "Actual Loops": 1,
        "Workers Planned": 1,
        "Workers Launched": 1,
        "Single Copy": false,
        "Plans": [
          {
            "Node Type": "Aggregate",
            "Strategy": "Plain",
            "Partial Mode": "Partial",
            "Parent Relationship": "Outer",
            "Parallel Aware": false,
            "Startup Cost": 164142.66,
            "Total Cost": 164142.67,
            "Plan Rows": 1,
            "Plan Width": 8,
            "Actual Startup Time": 1342.001,
            "Actual Total Time": 1342.006,
            "Actual Rows": 1,
            "Actual Loops": 2,
            "Plans": [
              {
                "Node Type": "Nested Loop",
                "Parent Relationship": "Outer",
                "Parallel Aware": false,
                "Join Type": "Inner",
                "Startup Cost": 24260.06,
                "Total Cost": 164082.12,
                "Plan Rows": 24219,
                "Plan Width": 0,
                "Actual Startup Time": 275.503,
                "Actual Total Time": 1334.932,
                "Actual Rows": 83606,
                "Actual Loops": 2,
                "Inner Unique": false,
                "Plans": [
                  {
                    "Node Type": "Hash Join",
                    "Parent Relationship": "Outer",
                    "Parallel Aware": true,
                    "Join Type": "Inner",
                    "Startup Cost": 24259.63,
                    "Total Cost": 84706.91,
                    "Plan Rows": 47902,
                    "Plan Width": 8,
                    "Actual Startup Time": 275.429,
                    "Actual Total Time": 453.646,
                    "Actual Rows": 78471,
                    "Actual Loops": 2,
                    "Inner Unique": false,
                    "Hash Cond": "(t.id = mc.movie_id)",
                    "Plans": [
                      {
                        "Node Type": "Seq Scan",
                        "Parent Relationship": "Outer",
                        "Parallel Aware": true,
                        "Relation Name": "title",
                        "Alias": "t",
                        "Startup Cost": 0.0,
                        "Total Cost": 50870.31,
                        "Plan Rows": 1487231,
                        "Plan Width": 4,
                        "Actual Startup Time": 0.01,
                        "Actual Total Time": 137.553,
                        "Actual Rows": 1264156,
                        "Actual Loops": 2
                      },
                      {
                        "Node Type": "Hash",
                        "Parent Relationship": "Inner",
                        "Parallel Aware": true,
                        "Startup Cost": 23660.85,
                        "Total Cost": 23660.85,
                        "Plan Rows": 47902,
                        "Plan Width": 4,
                        "Actual Startup Time": 68.31,
                        "Actual Total Time": 68.311,
                        "Actual Rows": 78471,
                        "Actual Loops": 2,
                        "Hash Buckets": 262144,
                        "Original Hash Buckets": 131072,
                        "Hash Batches": 1,
                        "Original Hash Batches": 1,
                        "Peak Memory Usage": 9248,
                        "Plans": [
                          {
                            "Node Type": "Bitmap Heap Scan",
                            "Parent Relationship": "Outer",
                            "Parallel Aware": true,
                            "Relation Name": "movie_companies",
                            "Alias": "mc",
                            "Startup Cost": 3455.68,
                            "Total Cost": 23660.85,
                            "Plan Rows": 47902,
                            "Plan Width": 4,
                            "Actual Startup Time": 16.598,
                            "Actual Total Time": 45.998,
                            "Actual Rows": 78471,
                            "Actual Loops": 2,
                            "Recheck Cond": "(company_id > 129098)",
                            "Rows Removed by Index Recheck": 0,
                            "Filter": "(company_type_id = 2)",
                            "Rows Removed by Filter": 0,
                            "Exact Heap Blocks": 2963,
                            "Lossy Heap Blocks": 0,
                            "Plans": [
                              {
                                "Node Type": "Bitmap Index Scan",
                                "Parent Relationship": "Outer",
                                "Parallel Aware": false,
                                "Index Name": "company_id_movie_companies",
                                "Startup Cost": 0.0,
                                "Total Cost": 3435.32,
                                "Plan Rows": 160386,
                                "Plan Width": 0,
                                "Actual Startup Time": 19.07,
                                "Actual Total Time": 19.07,
                                "Actual Rows": 156942,
                                "Actual Loops": 1,
                                "Index Cond": "(company_id > 129098)"
                              }
                            ]
                          }
                        ]
                      }
                    ]
                  },
                  {
                    "Node Type": "Index Scan",
                    "Parent Relationship": "Inner",
                    "Parallel Aware": false,
                    "Scan Direction": "Forward",
                    "Index Name": "movie_id_movie_info",
                    "Relation Name": "movie_info",
                    "Alias": "mi",
                    "Startup Cost": 0.43,
                    "Total Cost": 1.62,
                    "Plan Rows": 4,
                    "Plan Width": 4,
                    "Actual Startup Time": 0.004,
                    "Actual Total Time": 0.011,
                    "Actual Rows": 1,
                    "Actual Loops": 156942,
                    "Index Cond": "(movie_id = t.id)",
                    "Rows Removed by Index Recheck": 0,
                    "Filter": "(info_type_id = 4)",
                    "Rows Removed by Filter": 16
                  }
                ]
              }
            ]
          }
        ]
      }
    ]
  },
  "Planning Time": 0.736,
  "Triggers": [],
  "Execution Time": 1400.657
}