[
  {
    "Plan": {
      "Node Type": "Aggregate",
      "Strategy": "Plain",
      "Partial Mode": "Finalize",
      "Parallel Aware": false,
      "Startup Cost": 343933.15,
      "Total Cost": 343933.16,
      "Plan Rows": 1,
      "Plan Width": 8,
      "Actual Startup Time": 905.957,
      "Actual Total Time": 953.518,
      "Actual Rows": 1,
      "Actual Loops": 1,
      "Plans": [
        {
          "Node Type": "Gather",
          "Parent Relationship": "Outer",
          "Parallel Aware": false,
          "Startup Cost": 343932.53,
          "Total Cost": 343933.14,
          "Plan Rows": 6,
          "Plan Width": 8,
          "Actual Startup Time": 905.786,
          "Actual Total Time": 953.503,
          "Actual Rows": 7,
          "Actual Loops": 1,
          "Workers Planned": 6,
          "Workers Launched": 6,
          "Single Copy": false,
          "Plans": [
            {
              "Node Type": "Aggregate",
              "Strategy": "Plain",
              "Partial Mode": "Partial",
              "Parent Relationship": "Outer",
              "Parallel Aware": false,
              "Startup Cost": 342932.53,
              "Total Cost": 342932.54,
              "Plan Rows": 1,
              "Plan Width": 8,
              "Actual Startup Time": 899.061,
              "Actual Total Time": 899.063,
              "Actual Rows": 1,
              "Actual Loops": 7,
              "Plans": [
                {
                  "Node Type": "Seq Scan",
                  "Parent Relationship": "Outer",
                  "Parallel Aware": true,
                  "Relation Name": "cast_info",
                  "Alias": "ci",
                  "Startup Cost": 0.0,
                  "Total Cost": 328211.39,
                  "Plan Rows": 5888454,
                  "Plan Width": 0,
                  "Actual Startup Time": 0.042,
                  "Actual Total Time": 654.372,
                  "Actual Rows": 5052990,
                  "Actual Loops": 7,
                  "Filter": "(person_id < 3893965)",
                  "Rows Removed by Filter": 124773
                }
              ]
            }
          ]
        }
      ]
    },
    "Planning Time": 0.1,
    "Triggers": [],
    "Execution Time": 953.564
  }
]