[
    {
        "Bao": {
            "Bao prediction": 441.99,
            "Bao recommended hint": "SET enable_mergejoin TO off; SET enable_indexscan TO off; "
        }
    },
    {
        "Plan": {
            "Node Type": "Aggregate",
            "Strategy": "Plain",
            "Partial Mode": "Finalize",
            "Parallel Aware": false,
            "Startup Cost": 344576.04,
            "Total Cost": 344576.05,
            "Plan Rows": 1,
            "Plan Width": 8,
            "Actual Startup Time": 793.168,
            "Actual Total Time": 826.144,
            "Actual Rows": 1,
            "Actual Loops": 1,
            "Output": [
                "count(*)"
            ],
            "Plans": [
                {
                    "Node Type": "Gather",
                    "Parent Relationship": "Outer",
                    "Parallel Aware": false,
                    "Startup Cost": 344575.42,
                    "Total Cost": 344576.03,
                    "Plan Rows": 6,
                    "Plan Width": 8,
                    "Actual Startup Time": 793.056,
                    "Actual Total Time": 826.134,
                    "Actual Rows": 7,
                    "Actual Loops": 1,
                    "Output": [
                        "(PARTIAL count(*))"
                    ],
                    "Workers Planned": 6,
                    "Workers Launched": 6,
                    "Single Copy": false,
                    "Plans": [
                        {
                            "Node Type": "Aggregate",
                            "Strategy": "Plain",
                            "Partial Mode": "Partial",
                            "Parent Relationship": "Outer",
                            "Parallel Aware": false,
                            "Startup Cost": 343575.42,
                            "Total Cost": 343575.43,
                            "Plan Rows": 1,
                            "Plan Width": 8,
                            "Actual Startup Time": 783.54,
                            "Actual Total Time": 783.541,
                            "Actual Rows": 1,
                            "Actual Loops": 7,
                            "Output": [
                                "PARTIAL count(*)"
                            ],
                            "Workers": [
                                {
                                    "Worker Number": 0,
                                    "Actual Startup Time": 781.614,
                                    "Actual Total Time": 781.616,
                                    "Actual Rows": 1,
                                    "Actual Loops": 1
                                },
                                {
                                    "Worker Number": 1,
                                    "Actual Startup Time": 781.609,
                                    "Actual Total Time": 781.61,
                                    "Actual Rows": 1,
                                    "Actual Loops": 1
                                },
                                {
                                    "Worker Number": 2,
                                    "Actual Startup Time": 782.191,
                                    "Actual Total Time": 782.193,
                                    "Actual Rows": 1,
                                    "Actual Loops": 1
                                },
                                {
                                    "Worker Number": 3,
                                    "Actual Startup Time": 782.263,
                                    "Actual Total Time": 782.265,
                                    "Actual Rows": 1,
                                    "Actual Loops": 1
                                },
                                {
                                    "Worker Number": 4,
                                    "Actual Startup Time": 782.283,
                                    "Actual Total Time": 782.284,
                                    "Actual Rows": 1,
                                    "Actual Loops": 1
                                },
                                {
                                    "Worker Number": 5,
                                    "Actual Startup Time": 782.586,
                                    "Actual Total Time": 782.586,
                                    "Actual Rows": 1,
                                    "Actual Loops": 1
                                }
                            ],
                            "Plans": [
                                {
                                    "Node Type": "Seq Scan",
                                    "Parent Relationship": "Outer",
                                    "Parallel Aware": true,
                                    "Relation Name": "cast_info",
                                    "Schema": "public",
                                    "Alias": "ci",
                                    "Startup Cost": 0.0,
                                    "Total Cost": 343318.94,
                                    "Plan Rows": 102592,
                                    "Plan Width": 0,
                                    "Actual Startup Time": 653.458,
                                    "Actual Total Time": 781.326,
                                    "Actual Rows": 31645,
                                    "Actual Loops": 7,
                                    "Output": [
                                        "id",
                                        "person_id",
                                        "movie_id",
                                        "person_role_id",
                                        "note",
                                        "nr_order",
                                        "role_id"
                                    ],
                                    "Filter": "((ci.person_id < 381793) AND (ci.role_id > 8))",
                                    "Rows Removed by Filter": 5146118,
                                    "Workers": [
                                        {
                                            "Worker Number": 0,
                                            "Actual Startup Time": 651.51,
                                            "Actual Total Time": 779.569,
                                            "Actual Rows": 28288,
                                            "Actual Loops": 1
                                        },
                                        {
                                            "Worker Number": 1,
                                            "Actual Startup Time": 651.505,
                                            "Actual Total Time": 779.451,
                                            "Actual Rows": 30222,
                                            "Actual Loops": 1
                                        },
                                        {
                                            "Worker Number": 2,
                                            "Actual Startup Time": 652.128,
                                            "Actual Total Time": 779.98,
                                            "Actual Rows": 30931,
                                            "Actual Loops": 1
                                        },
                                        {
                                            "Worker Number": 3,
                                            "Actual Startup Time": 652.216,
                                            "Actual Total Time": 780.241,
                                            "Actual Rows": 28277,
                                            "Actual Loops": 1
                                        },
                                        {
                                            "Worker Number": 4,
                                            "Actual Startup Time": 652.207,
                                            "Actual Total Time": 780.102,
                                            "Actual Rows": 30900,
                                            "Actual Loops": 1
                                        },
                                        {
                                            "Worker Number": 5,
                                            "Actual Startup Time": 652.498,
                                            "Actual Total Time": 780.419,
                                            "Actual Rows": 30743,
                                            "Actual Loops": 1
                                        }
                                    ]
                                }
                            ]
                        }
                    ]
                }
            ]
        },
        "Planning Time": 2413.133,
        "Triggers": [],
        "Execution Time": 826.278
    }
]