{
  "Plan": {
    "Node Type": "Aggregate",
    "Strategy": "Plain",
    "Partial Mode": "Finalize",
    "Parallel Aware": false,
    "Startup Cost": 124163.76,
    "Total Cost": 124163.77,
    "Plan Rows": 1,
    "Plan Width": 8,
    "Actual Startup Time": 444.593,
    "Actual Total Time": 499.288,
    "Actual Rows": 1,
    "Actual Loops": 1,
    "Plans": [
      {
        "Node Type": "Gather",
        "Parent Relationship": "Outer",
        "Parallel Aware": false,
        "Startup Cost": 124163.64,
        "Total Cost": 124163.75,
        "Plan Rows": 1,
        "Plan Width": 8,
        "Actual Startup Time": 443.982,
        "Actual Total Time": 499.28,
        "Actual Rows": 2,
        "Actual Loops": 1,
        "Workers Planned": 1,
        "Workers Launched": 1,
        "Single Copy": false,
        "Plans": [
          {
            "Node Type": "Aggregate",
            "Strategy": "Plain",
            "Partial Mode": "Partial",
            "Parent Relationship": "Outer",
            "Parallel Aware": false,
            "Startup Cost": 123163.64,
            "Total Cost": 123163.65,
            "Plan Rows": 1,
            "Plan Width": 8,
            "Actual Startup Time": 437.646,
            "Actual Total Time": 437.739,
            "Actual Rows": 1,
            "Actual Loops": 2,
            "Plans": [
              {
                "Node Type": "Nested Loop",
                "Parent Relationship": "Outer",
                "Parallel Aware": false,
                "Join Type": "Inner",
                "Startup Cost": 22863.33,
                "Total Cost": 123069.47,
                "Plan Rows": 37671,
                "Plan Width": 0,
                "Actual Startup Time": 208.773,
                "Actual Total Time": 437.115,
                "Actual Rows": 9080,
                "Actual Loops": 2,
                "Inner Unique": false,
                "Plans": [
                  {
                    "Node Type": "Hash Join",
                    "Parent Relationship": "Outer",
                    "Parallel Aware": true,
                    "Join Type": "Inner",
                    "Startup Cost": 22862.76,
                    "Total Cost": 84276.11,
                    "Plan Rows": 11649,
                    "Plan Width": 8,
                    "Actual Startup Time": 208.618,
                    "Actual Total Time": 255.836,
                    "Actual Rows": 4304,
                    "Actual Loops": 2,
                    "Inner Unique": false,
                    "Hash Cond": "(t.id = mc.movie_id)",
                    "Plans": [
                      {
                        "Node Type": "Seq Scan",
                        "Parent Relationship": "Outer",
                        "Parallel Aware": true,
                        "Relation Name": "title",
                        "Alias": "t",
                        "Startup Cost": 0.0,
                        "Total Cost": 58306.47,
                        "Plan Rows": 486138,
                        "Plan Width": 4,
                        "Actual Startup Time": 0.012,
                        "Actual Total Time": 138.964,
                        "Actual Rows": 438093,
                        "Actual Loops": 2,
                        "Filter": "((kind_id > 1) AND (production_year > 2004))",
                        "Rows Removed by Filter": 826063
                      },
                      {
                        "Node Type": "Hash",
                        "Parent Relationship": "Inner",
                        "Parallel Aware": true,
                        "Startup Cost": 22417.3,
                        "Total Cost": 22417.3,
                        "Plan Rows": 35637,
                        "Plan Width": 4,
                        "Actual Startup Time": 53.944,
                        "Actual Total Time": 53.946,
                        "Actual Rows": 57318,
                        "Actual Loops": 2,
                        "Hash Buckets": 131072,
                        "Original Hash Buckets": 65536,
                        "Hash Batches": 1,
                        "Original Hash Batches": 1,
                        "Peak Memory Usage": 6048,
                        "Plans": [
                          {
                            "Node Type": "Bitmap Heap Scan",
                            "Parent Relationship": "Outer",
                            "Parallel Aware": true,
                            "Relation Name": "movie_companies",
                            "Alias": "mc",
                            "Startup Cost": 2574.48,
                            "Total Cost": 22417.3,
                            "Plan Rows": 35637,
                            "Plan Width": 4,
                            "Actual Startup Time": 12.499,
                            "Actual Total Time": 37.356,
                            "Actual Rows": 57318,
                            "Actual Loops": 2,
                            "Recheck Cond": "(company_id > 149287)",
                            "Rows Removed by Index Recheck": 0,
                            "Filter": "(company_type_id > 1)",
                            "Rows Removed by Filter": 0,
                            "Exact Heap Blocks": 2531,
                            "Lossy Heap Blocks": 0,
                            "Plans": [
                              {
                                "Node Type": "Bitmap Index Scan",
                                "Parent Relationship": "Outer",
                                "Parallel Aware": false,
                                "Index Name": "company_id_movie_companies",
                                "Startup Cost": 0.0,
                                "Total Cost": 2559.33,
                                "Plan Rows": 119320,
                                "Plan Width": 0,
                                "Actual Startup Time": 15.98,
                                "Actual Total Time": 15.981,
                                "Actual Rows": 114636,
                                "Actual Loops": 1,
                                "Index Cond": "(company_id > 149287)"
                              }
                            ]
                          }
                        ]
                      }
                    ]
                  },
                  {
                    "Node Type": "Index Scan",
                    "Parent Relationship": "Inner",
                    "Parallel Aware": false,
                    "Scan Direction": "Forward",
                    "Index Name": "movie_id_cast_info",
                    "Relation Name": "cast_info",
                    "Alias": "ci",
                    "Startup Cost": 0.56,
                    "Total Cost": 3.25,
                    "Plan Rows": 8,
                    "Plan Width": 4,
                    "Actual Startup Time": 0.021,
                    "Actual Total Time": 0.042,
                    "Actual Rows": 2,
                    "Actual Loops": 8607,
                    "Index Cond": "(movie_id = t.id)",
                    "Rows Removed by Index Recheck": 0,
                    "Filter": "((person_id > 1229289) AND (role_id = 1))",
                    "Rows Removed by Filter": 20
                  }
                ]
              }
            ]
          }
        ]
      }
    ]
  },
  "Planning Time": 1.043,
  "Triggers": [],
  "Execution Time": 499.415
}