[
    {
        "Bao": {
            "Bao prediction": "NaN",
            "Bao recommended hint": "(no hint)"
        }
    },
    {
        "Plan": {
            "Node Type": "Aggregate",
            "Strategy": "Plain",
            "Partial Mode": "Finalize",
            "Parallel Aware": false,
            "Startup Cost": 352991.16,
            "Total Cost": 352991.17,
            "Plan Rows": 1,
            "Plan Width": 8,
            "Actual Startup Time": 803.019,
            "Actual Total Time": 830.498,
            "Actual Rows": 1,
            "Actual Loops": 1,
            "Output": [
                "count(*)"
            ],
            "Plans": [
                {
                    "Node Type": "Gather",
                    "Parent Relationship": "Outer",
                    "Parallel Aware": false,
                    "Startup Cost": 352990.53,
                    "Total Cost": 352991.14,
                    "Plan Rows": 6,
                    "Plan Width": 8,
                    "Actual Startup Time": 802.926,
                    "Actual Total Time": 830.491,
                    "Actual Rows": 7,
                    "Actual Loops": 1,
                    "Output": [
                        "(PARTIAL count(*))"
                    ],
                    "Workers Planned": 6,
                    "Workers Launched": 6,
                    "Single Copy": false,
                    "Plans": [
                        {
                            "Node Type": "Aggregate",
                            "Strategy": "Plain",
                            "Partial Mode": "Partial",
                            "Parent Relationship": "Outer",
                            "Parallel Aware": false,
                            "Startup Cost": 351990.53,
                            "Total Cost": 351990.54,
                            "Plan Rows": 1,
                            "Plan Width": 8,
                            "Actual Startup Time": 792.973,
                            "Actual Total Time": 792.974,
                            "Actual Rows": 1,
                            "Actual Loops": 7,
                            "Output": [
                                "PARTIAL count(*)"
                            ],
                            "Workers": [
                                {
                                    "Worker Number": 0,
                                    "Actual Startup Time": 790.342,
                                    "Actual Total Time": 790.343,
                                    "Actual Rows": 1,
                                    "Actual Loops": 1
                                },
                                {
                                    "Worker Number": 1,
                                    "Actual Startup Time": 791.086,
                                    "Actual Total Time": 791.087,
                                    "Actual Rows": 1,
                                    "Actual Loops": 1
                                },
                                {
                                    "Worker Number": 2,
                                    "Actual Startup Time": 791.085,
                                    "Actual Total Time": 791.086,
                                    "Actual Rows": 1,
                                    "Actual Loops": 1
                                },
                                {
                                    "Worker Number": 3,
                                    "Actual Startup Time": 791.661,
                                    "Actual Total Time": 791.662,
                                    "Actual Rows": 1,
                                    "Actual Loops": 1
                                },
                                {
                                    "Worker Number": 4,
                                    "Actual Startup Time": 791.995,
                                    "Actual Total Time": 791.996,
                                    "Actual Rows": 1,
                                    "Actual Loops": 1
                                },
                                {
                                    "Worker Number": 5,
                                    "Actual Startup Time": 792.459,
                                    "Actual Total Time": 792.459,
                                    "Actual Rows": 1,
                                    "Actual Loops": 1
                                }
                            ],
                            "Plans": [
                                {
                                    "Node Type": "Seq Scan",
                                    "Parent Relationship": "Outer",
                                    "Parallel Aware": true,
                                    "Relation Name": "cast_info",
                                    "Schema": "public",
                                    "Alias": "ci",
                                    "Startup Cost": 0.0,
                                    "Total Cost": 343318.94,
                                    "Plan Rows": 3468638,
                                    "Plan Width": 0,
                                    "Actual Startup Time": 209.361,
                                    "Actual Total Time": 653.675,
                                    "Actual Rows": 3201740,
                                    "Actual Loops": 7,
                                    "Output": [
                                        "id",
                                        "person_id",
                                        "movie_id",
                                        "person_role_id",
                                        "note",
                                        "nr_order",
                                        "role_id"
                                    ],
                                    "Filter": "((ci.person_id > 402039) AND (ci.role_id > 1))",
                                    "Rows Removed by Filter": 1976024,
                                    "Workers": [
                                        {
                                            "Worker Number": 0,
                                            "Actual Startup Time": 206.738,
                                            "Actual Total Time": 656.404,
                                            "Actual Rows": 3252949,
                                            "Actual Loops": 1
                                        },
                                        {
                                            "Worker Number": 1,
                                            "Actual Startup Time": 207.476,
                                            "Actual Total Time": 652.699,
                                            "Actual Rows": 3251180,
                                            "Actual Loops": 1
                                        },
                                        {
                                            "Worker Number": 2,
                                            "Actual Startup Time": 207.483,
                                            "Actual Total Time": 648.841,
                                            "Actual Rows": 2148421,
                                            "Actual Loops": 1
                                        },
                                        {
                                            "Worker Number": 3,
                                            "Actual Startup Time": 208.033,
                                            "Actual Total Time": 657.206,
                                            "Actual Rows": 3292742,
                                            "Actual Loops": 1
                                        },
                                        {
                                            "Worker Number": 4,
                                            "Actual Startup Time": 208.391,
                                            "Actual Total Time": 654.123,
                                            "Actual Rows": 3239773,
                                            "Actual Loops": 1
                                        },
                                        {
                                            "Worker Number": 5,
                                            "Actual Startup Time": 208.838,
                                            "Actual Total Time": 654.081,
                                            "Actual Rows": 3251540,
                                            "Actual Loops": 1
                                        }
                                    ]
                                }
                            ]
                        }
                    ]
                }
            ]
        },
        "Planning Time": 216.858,
        "Triggers": [],
        "Execution Time": 830.582
    }
]