[
  {
    "Plan": {
      "Node Type": "Aggregate",
      "Strategy": "Plain",
      "Partial Mode": "Finalize",
      "Parallel Aware": false,
      "Startup Cost": 343037.72,
      "Total Cost": 343037.73,
      "Plan Rows": 1,
      "Plan Width": 8,
      "Actual Startup Time": 841.644,
      "Actual Total Time": 886.423,
      "Actual Rows": 1,
      "Actual Loops": 1,
      "Plans": [
        {
          "Node Type": "Gather",
          "Parent Relationship": "Outer",
          "Parallel Aware": false,
          "Startup Cost": 343037.09,
          "Total Cost": 343037.7,
          "Plan Rows": 6,
          "Plan Width": 8,
          "Actual Startup Time": 841.354,
          "Actual Total Time": 886.412,
          "Actual Rows": 7,
          "Actual Loops": 1,
          "Workers Planned": 6,
          "Workers Launched": 6,
          "Single Copy": false,
          "Plans": [
            {
              "Node Type": "Aggregate",
              "Strategy": "Plain",
              "Partial Mode": "Partial",
              "Parent Relationship": "Outer",
              "Parallel Aware": false,
              "Startup Cost": 342037.09,
              "Total Cost": 342037.1,
              "Plan Rows": 1,
              "Plan Width": 8,
              "Actual Startup Time": 831.169,
              "Actual Total Time": 831.171,
              "Actual Rows": 1,
              "Actual Loops": 7,
              "Plans": [
                {
                  "Node Type": "Seq Scan",
                  "Parent Relationship": "Outer",
                  "Parallel Aware": true,
                  "Relation Name": "cast_info",
                  "Alias": "ci",
                  "Startup Cost": 0.0,
                  "Total Cost": 328211.39,
                  "Plan Rows": 5530280,
                  "Plan Width": 0,
                  "Actual Startup Time": 0.06,
                  "Actual Total Time": 616.248,
                  "Actual Rows": 4748080,
                  "Actual Loops": 7,
                  "Filter": "(person_id < 3503869)",
                  "Rows Removed by Filter": 429683
                }
              ]
            }
          ]
        }
      ]
    },
    "Planning Time": 0.166,
    "Triggers": [],
    "Execution Time": 886.48
  }
]