[
  {
    "Plan": {
      "Node Type": "Aggregate",
      "Strategy": "Plain",
      "Partial Mode": "Finalize",
      "Parallel Aware": false,
      "Startup Cost": 46958.15,
      "Total Cost": 46958.16,
      "Plan Rows": 1,
      "Plan Width": 8,
      "Actual Startup Time": 113.629,
      "Actual Total Time": 129.166,
      "Actual Rows": 1,
      "Actual Loops": 1,
      "Plans": [
        {
          "Node Type": "Gather",
          "Parent Relationship": "Outer",
          "Parallel Aware": false,
          "Startup Cost": 46957.73,
          "Total Cost": 46958.14,
          "Plan Rows": 4,
          "Plan Width": 8,
          "Actual Startup Time": 113.453,
          "Actual Total Time": 129.156,
          "Actual Rows": 5,
          "Actual Loops": 1,
          "Workers Planned": 4,
          "Workers Launched": 4,
          "Single Copy": false,
          "Plans": [
            {
              "Node Type": "Aggregate",
              "Strategy": "Plain",
              "Partial Mode": "Partial",
              "Parent Relationship": "Outer",
              "Parallel Aware": false,
              "Startup Cost": 45957.73,
              "Total Cost": 45957.74,
              "Plan Rows": 1,
              "Plan Width": 8,
              "Actual Startup Time": 104.524,
              "Actual Total Time": 104.525,
              "Actual Rows": 1,
              "Actual Loops": 5,
              "Plans": [
                {
                  "Node Type": "Seq Scan",
                  "Parent Relationship": "Outer",
                  "Parallel Aware": true,
                  "Relation Name": "title",
                  "Alias": "t",
                  "Startup Cost": 0.0,
                  "Total Cost": 45479.59,
                  "Plan Rows": 191258,
                  "Plan Width": 0,
                  "Actual Startup Time": 0.057,
                  "Actual Total Time": 97.511,
                  "Actual Rows": 134117,
                  "Actual Loops": 5,
                  "Filter": "((kind_id < 7) AND (production_year > 1979))",
                  "Rows Removed by Filter": 371546
                }
              ]
            }
          ]
        }
      ]
    },
    "Planning Time": 0.106,
    "Triggers": [],
    "Execution Time": 129.204
  }
]