[
  {
    "Plan": {
      "Node Type": "Aggregate",
      "Strategy": "Plain",
      "Partial Mode": "Finalize",
      "Parallel Aware": false,
      "Startup Cost": 270157.77,
      "Total Cost": 270157.78,
      "Plan Rows": 1,
      "Plan Width": 8,
      "Actual Startup Time": 82.83,
      "Actual Total Time": 87.142,
      "Actual Rows": 1,
      "Actual Loops": 1,
      "Plans": [
        {
          "Node Type": "Gather",
          "Parent Relationship": "Outer",
          "Parallel Aware": false,
          "Startup Cost": 270157.14,
          "Total Cost": 270157.75,
          "Plan Rows": 6,
          "Plan Width": 8,
          "Actual Startup Time": 82.358,
          "Actual Total Time": 87.13,
          "Actual Rows": 7,
          "Actual Loops": 1,
          "Workers Planned": 6,
          "Workers Launched": 6,
          "Single Copy": false,
          "Plans": [
            {
              "Node Type": "Aggregate",
              "Strategy": "Plain",
              "Partial Mode": "Partial",
              "Parent Relationship": "Outer",
              "Parallel Aware": false,
              "Startup Cost": 269157.14,
              "Total Cost": 269157.15,
              "Plan Rows": 1,
              "Plan Width": 8,
              "Actual Startup Time": 74.903,
              "Actual Total Time": 74.904,
              "Actual Rows": 1,
              "Actual Loops": 7,
              "Plans": [
                {
                  "Node Type": "Bitmap Heap Scan",
                  "Parent Relationship": "Outer",
                  "Parallel Aware": true,
                  "Relation Name": "cast_info",
                  "Alias": "ci",
                  "Startup Cost": 14674.79,
                  "Total Cost": 269033.88,
                  "Plan Rows": 49304,
                  "Plan Width": 0,
                  "Actual Startup Time": 59.662,
                  "Actual Total Time": 73.169,
                  "Actual Rows": 25215,
                  "Actual Loops": 7,
                  "Recheck Cond": "(person_id < 73597)",
                  "Rows Removed by Index Recheck": 0,
                  "Filter": "(role_id > 2)",
                  "Rows Removed by Filter": 73072,
                  "Exact Heap Blocks": 2638,
                  "Lossy Heap Blocks": 0,
                  "Plans": [
                    {
                      "Node Type": "Bitmap Index Scan",
                      "Parent Relationship": "Outer",
                      "Parallel Aware": false,
                      "Index Name": "person_id_cast_info",
                      "Startup Cost": 0.0,
                      "Total Cost": 14600.84,
                      "Plan Rows": 668836,
                      "Plan Width": 0,
                      "Actual Startup Time": 39.248,
                      "Actual Total Time": 39.248,
                      "Actual Rows": 688011,
                      "Actual Loops": 1,
                      "Index Cond": "(person_id < 73597)"
                    }
                  ]
                }
              ]
            }
          ]
        }
      ]
    },
    "Planning Time": 0.147,
    "Triggers": [],
    "Execution Time": 87.201
  }
]