[
  {
    "Plan": {
      "Node Type": "Aggregate",
      "Strategy": "Plain",
      "Partial Mode": "Finalize",
      "Parallel Aware": false,
      "Startup Cost": 26352.47,
      "Total Cost": 26352.48,
      "Plan Rows": 1,
      "Plan Width": 8,
      "Actual Startup Time": 68.803,
      "Actual Total Time": 79.773,
      "Actual Rows": 1,
      "Actual Loops": 1,
      "Plans": [
        {
          "Node Type": "Gather",
          "Parent Relationship": "Outer",
          "Parallel Aware": false,
          "Startup Cost": 26352.25,
          "Total Cost": 26352.46,
          "Plan Rows": 2,
          "Plan Width": 8,
          "Actual Startup Time": 68.656,
          "Actual Total Time": 79.764,
          "Actual Rows": 3,
          "Actual Loops": 1,
          "Workers Planned": 2,
          "Workers Launched": 2,
          "Single Copy": false,
          "Plans": [
            {
              "Node Type": "Aggregate",
              "Strategy": "Plain",
              "Partial Mode": "Partial",
              "Parent Relationship": "Outer",
              "Parallel Aware": false,
              "Startup Cost": 25352.25,
              "Total Cost": 25352.26,
              "Plan Rows": 1,
              "Plan Width": 8,
              "Actual Startup Time": 60.006,
              "Actual Total Time": 60.009,
              "Actual Rows": 1,
              "Actual Loops": 3,
              "Plans": [
                {
                  "Node Type": "Nested Loop",
                  "Parent Relationship": "Outer",
                  "Parallel Aware": false,
                  "Join Type": "Inner",
                  "Startup Cost": 137.19,
                  "Total Cost": 25323.11,
                  "Plan Rows": 11655,
                  "Plan Width": 0,
                  "Actual Startup Time": 2.231,
                  "Actual Total Time": 58.082,
                  "Actual Rows": 20471,
                  "Actual Loops": 3,
                  "Inner Unique": false,
                  "Plans": [
                    {
                      "Node Type": "Nested Loop",
                      "Parent Relationship": "Outer",
                      "Parallel Aware": false,
                      "Join Type": "Inner",
                      "Startup Cost": 136.63,
                      "Total Cost": 23273.95,
                      "Plan Rows": 813,
                      "Plan Width": 8,
                      "Actual Startup Time": 1.992,
                      "Actual Total Time": 14.472,
                      "Actual Rows": 1407,
                      "Actual Loops": 3,
                      "Inner Unique": true,
                      "Plans": [
                        {
                          "Node Type": "Bitmap Heap Scan",
                          "Parent Relationship": "Outer",
                          "Parallel Aware": true,
                          "Relation Name": "movie_companies",
                          "Alias": "mc",
                          "Startup Cost": 136.2,
                          "Total Cost": 13039.84,
                          "Plan Rows": 1333,
                          "Plan Width": 4,
                          "Actual Startup Time": 1.747,
                          "Actual Total Time": 3.077,
                          "Actual Rows": 1591,
                          "Actual Loops": 3,
                          "Recheck Cond": "(company_id = 1427)",
                          "Rows Removed by Index Recheck": 0,
                          "Filter": "(company_type_id = 2)",
                          "Rows Removed by Filter": 125,
                          "Exact Heap Blocks": 724,
                          "Lossy Heap Blocks": 0,
                          "Plans": [
                            {
                              "Node Type": "Bitmap Index Scan",
                              "Parent Relationship": "Outer",
                              "Parallel Aware": false,
                              "Index Name": "company_id_movie_companies",
                              "Startup Cost": 0.0,
                              "Total Cost": 135.4,
                              "Plan Rows": 6262,
                              "Plan Width": 0,
                              "Actual Startup Time": 3.338,
                              "Actual Total Time": 3.339,
                              "Actual Rows": 5148,
                              "Actual Loops": 1,
                              "Index Cond": "(company_id = 1427)"
                            }
                          ]
                        },
                        {
                          "Node Type": "Index Scan",
                          "Parent Relationship": "Inner",
                          "Parallel Aware": false,
                          "Scan Direction": "Forward",
                          "Index Name": "title_pkey",
                          "Relation Name": "title",
                          "Alias": "t",
                          "Startup Cost": 0.43,
                          "Total Cost": 7.68,
                          "Plan Rows": 1,
                          "Plan Width": 4,
                          "Actual Startup Time": 0.007,
                          "Actual Total Time": 0.007,
                          "Actual Rows": 1,
                          "Actual Loops": 4773,
                          "Index Cond": "(id = mc.movie_id)",
                          "Rows Removed by Index Recheck": 0,
                          "Filter": "(kind_id = 7)",
                          "Rows Removed by Filter": 0
                        }
                      ]
                    },
                    {
                      "Node Type": "Index Only Scan",
                      "Parent Relationship": "Inner",
                      "Parallel Aware": false,
                      "Scan Direction": "Forward",
                      "Index Name": "movie_id_cast_info",
                      "Relation Name": "cast_info",
                      "Alias": "ci",
                      "Startup Cost": 0.56,
                      "Total Cost": 2.17,
                      "Plan Rows": 35,
                      "Plan Width": 4,
                      "Actual Startup Time": 0.006,
                      "Actual Total Time": 0.029,
                      "Actual Rows": 15,
                      "Actual Loops": 4222,
                      "Index Cond": "(movie_id = t.id)",
                      "Rows Removed by Index Recheck": 0,
                      "Heap Fetches": 61413
                    }
                  ]
                }
              ]
            }
          ]
        }
      ]
    },
    "Planning Time": 1.531,
    "Triggers": [],
    "Execution Time": 79.886
  }
]