[
  {
    "Plan": {
      "Node Type": "Aggregate",
      "Strategy": "Plain",
      "Partial Mode": "Finalize",
      "Parallel Aware": false,
      "Startup Cost": 60560.77,
      "Total Cost": 60560.78,
      "Plan Rows": 1,
      "Plan Width": 8,
      "Actual Startup Time": 104.838,
      "Actual Total Time": 120.667,
      "Actual Rows": 1,
      "Actual Loops": 1,
      "Plans": [
        {
          "Node Type": "Gather",
          "Parent Relationship": "Outer",
          "Parallel Aware": false,
          "Startup Cost": 60560.35,
          "Total Cost": 60560.76,
          "Plan Rows": 4,
          "Plan Width": 8,
          "Actual Startup Time": 104.714,
          "Actual Total Time": 120.66,
          "Actual Rows": 5,
          "Actual Loops": 1,
          "Workers Planned": 4,
          "Workers Launched": 4,
          "Single Copy": false,
          "Plans": [
            {
              "Node Type": "Aggregate",
              "Strategy": "Plain",
              "Partial Mode": "Partial",
              "Parent Relationship": "Outer",
              "Parallel Aware": false,
              "Startup Cost": 59560.35,
              "Total Cost": 59560.36,
              "Plan Rows": 1,
              "Plan Width": 8,
              "Actual Startup Time": 95.092,
              "Actual Total Time": 95.093,
              "Actual Rows": 1,
              "Actual Loops": 5,
              "Plans": [
                {
                  "Node Type": "Nested Loop",
                  "Parent Relationship": "Outer",
                  "Parallel Aware": false,
                  "Join Type": "Inner",
                  "Startup Cost": 0.43,
                  "Total Cost": 59557.95,
                  "Plan Rows": 958,
                  "Plan Width": 0,
                  "Actual Startup Time": 57.648,
                  "Actual Total Time": 94.932,
                  "Actual Rows": 1709,
                  "Actual Loops": 5,
                  "Inner Unique": false,
                  "Plans": [
                    {
                      "Node Type": "Seq Scan",
                      "Parent Relationship": "Outer",
                      "Parallel Aware": true,
                      "Relation Name": "title",
                      "Alias": "t",
                      "Startup Cost": 0.0,
                      "Total Cost": 45479.1,
                      "Plan Rows": 928,
                      "Plan Width": 4,
                      "Actual Startup Time": 57.549,
                      "Actual Total Time": 84.712,
                      "Actual Rows": 860,
                      "Actual Loops": 5,
                      "Filter": "((kind_id = 1) AND (production_year = 1969))",
                      "Rows Removed by Filter": 504802
                    },
                    {
                      "Node Type": "Index Only Scan",
                      "Parent Relationship": "Inner",
                      "Parallel Aware": false,
                      "Scan Direction": "Forward",
                      "Index Name": "movie_id_movie_companies",
                      "Relation Name": "movie_companies",
                      "Alias": "mc",
                      "Startup Cost": 0.43,
                      "Total Cost": 15.12,
                      "Plan Rows": 5,
                      "Plan Width": 4,
                      "Actual Startup Time": 0.01,
                      "Actual Total Time": 0.011,
                      "Actual Rows": 2,
                      "Actual Loops": 4302,
                      "Index Cond": "(movie_id = t.id)",
                      "Rows Removed by Index Recheck": 0,
                      "Heap Fetches": 8547
                    }
                  ]
                }
              ]
            }
          ]
        }
      ]
    },
    "Planning Time": 0.689,
    "Triggers": [],
    "Execution Time": 120.741
  }
]