{
    "Plan": {
        "Node Type": "Aggregate",
        "Strategy": "Plain",
        "Partial Mode": "Finalize",
        "Parallel Aware": false,
        "Startup Cost": 162318.81,
        "Total Cost": 162318.82,
        "Plan Rows": 1,
        "Plan Width": 8,
        "Actual Startup Time": 305.607,
        "Actual Total Time": 329.972,
        "Actual Rows": 1,
        "Actual Loops": 1,
        "Output": [
            "count(*)"
        ],
        "Plans": [
            {
                "Node Type": "Gather",
                "Parent Relationship": "Outer",
                "Parallel Aware": false,
                "Startup Cost": 162318.28,
                "Total Cost": 162318.79,
                "Plan Rows": 5,
                "Plan Width": 8,
                "Actual Startup Time": 305.398,
                "Actual Total Time": 329.963,
                "Actual Rows": 6,
                "Actual Loops": 1,
                "Output": [
                    "(PARTIAL count(*))"
                ],
                "Workers Planned": 5,
                "Workers Launched": 5,
                "Single Copy": false,
                "Plans": [
                    {
                        "Node Type": "Aggregate",
                        "Strategy": "Plain",
                        "Partial Mode": "Partial",
                        "Parent Relationship": "Outer",
                        "Parallel Aware": false,
                        "Startup Cost": 161318.28,
                        "Total Cost": 161318.29,
                        "Plan Rows": 1,
                        "Plan Width": 8,
                        "Actual Startup Time": 294.994,
                        "Actual Total Time": 294.997,
                        "Actual Rows": 1,
                        "Actual Loops": 6,
                        "Output": [
                            "PARTIAL count(*)"
                        ],
                        "Workers": [
                            {
                                "Worker Number": 0,
                                "Actual Startup Time": 292.496,
                                "Actual Total Time": 292.498,
                                "Actual Rows": 1,
                                "Actual Loops": 1
                            },
                            {
                                "Worker Number": 1,
                                "Actual Startup Time": 292.632,
                                "Actual Total Time": 292.635,
                                "Actual Rows": 1,
                                "Actual Loops": 1
                            },
                            {
                                "Worker Number": 2,
                                "Actual Startup Time": 293.348,
                                "Actual Total Time": 293.352,
                                "Actual Rows": 1,
                                "Actual Loops": 1
                            },
                            {
                                "Worker Number": 3,
                                "Actual Startup Time": 293.439,
                                "Actual Total Time": 293.441,
                                "Actual Rows": 1,
                                "Actual Loops": 1
                            },
                            {
                                "Worker Number": 4,
                                "Actual Startup Time": 293.471,
                                "Actual Total Time": 293.474,
                                "Actual Rows": 1,
                                "Actual Loops": 1
                            }
                        ],
                        "Plans": [
                            {
                                "Node Type": "Hash Join",
                                "Parent Relationship": "Outer",
                                "Parallel Aware": true,
                                "Join Type": "Inner",
                                "Startup Cost": 45508.72,
                                "Total Cost": 161310.51,
                                "Plan Rows": 3109,
                                "Plan Width": 0,
                                "Actual Startup Time": 77.065,
                                "Actual Total Time": 294.715,
                                "Actual Rows": 2663,
                                "Actual Loops": 6,
                                "Inner Unique": true,
                                "Hash Cond": "(ci.movie_id = t.id)",
                                "Workers": [
                                    {
                                        "Worker Number": 0,
                                        "Actual Startup Time": 74.164,
                                        "Actual Total Time": 292.203,
                                        "Actual Rows": 1792,
                                        "Actual Loops": 1
                                    },
                                    {
                                        "Worker Number": 1,
                                        "Actual Startup Time": 74.699,
                                        "Actual Total Time": 292.359,
                                        "Actual Rows": 2563,
                                        "Actual Loops": 1
                                    },
                                    {
                                        "Worker Number": 2,
                                        "Actual Startup Time": 75.328,
                                        "Actual Total Time": 293.069,
                                        "Actual Rows": 2802,
                                        "Actual Loops": 1
                                    },
                                    {
                                        "Worker Number": 3,
                                        "Actual Startup Time": 75.603,
                                        "Actual Total Time": 293.168,
                                        "Actual Rows": 2675,
                                        "Actual Loops": 1
                                    },
                                    {
                                        "Worker Number": 4,
                                        "Actual Startup Time": 75.801,
                                        "Actual Total Time": 293.198,
                                        "Actual Rows": 2693,
                                        "Actual Loops": 1
                                    }
                                ],
                                "Plans": [
                                    {
                                        "Node Type": "Index Scan",
                                        "Parent Relationship": "Outer",
                                        "Parallel Aware": true,
                                        "Scan Direction": "Forward",
                                        "Index Name": "role_id_cast_info",
                                        "Relation Name": "cast_info",
                                        "Schema": "public",
                                        "Alias": "ci",
                                        "Startup Cost": 0.56,
                                        "Total Cost": 113575.53,
                                        "Plan Rows": 848315,
                                        "Plan Width": 4,
                                        "Actual Startup Time": 0.234,
                                        "Actual Total Time": 150.47,
                                        "Actual Rows": 720503,
                                        "Actual Loops": 6,
                                        "Output": [
                                            "ci.id",
                                            "ci.person_id",
                                            "ci.movie_id",
                                            "ci.person_role_id",
                                            "ci.note",
                                            "ci.nr_order",
                                            "ci.role_id"
                                        ],
                                        "Index Cond": "(ci.role_id = 10)",
                                        "Rows Removed by Index Recheck": 0,
                                        "Workers": [
                                            {
                                                "Worker Number": 0,
                                                "Actual Startup Time": 0.09,
                                                "Actual Total Time": 149.433,
                                                "Actual Rows": 471520,
                                                "Actual Loops": 1
                                            },
                                            {
                                                "Worker Number": 1,
                                                "Actual Startup Time": 0.366,
                                                "Actual Total Time": 153.849,
                                                "Actual Rows": 707869,
                                                "Actual Loops": 1
                                            },
                                            {
                                                "Worker Number": 2,
                                                "Actual Startup Time": 0.294,
                                                "Actual Total Time": 151.93,
                                                "Actual Rows": 740241,
                                                "Actual Loops": 1
                                            },
                                            {
                                                "Worker Number": 3,
                                                "Actual Startup Time": 0.063,
                                                "Actual Total Time": 151.961,
                                                "Actual Rows": 743759,
                                                "Actual Loops": 1
                                            },
                                            {
                                                "Worker Number": 4,
                                                "Actual Startup Time": 0.528,
                                                "Actual Total Time": 154.096,
                                                "Actual Rows": 702801,
                                                "Actual Loops": 1
                                            }
                                        ]
                                    },
                                    {
                                        "Node Type": "Hash",
                                        "Parent Relationship": "Inner",
                                        "Parallel Aware": true,
                                        "Startup Cost": 45479.21,
                                        "Total Cost": 45479.21,
                                        "Plan Rows": 2316,
                                        "Plan Width": 4,
                                        "Actual Startup Time": 75.52,
                                        "Actual Total Time": 75.521,
                                        "Actual Rows": 783,
                                        "Actual Loops": 6,
                                        "Output": [
                                            "t.id"
                                        ],
                                        "Hash Buckets": 16384,
                                        "Original Hash Buckets": 16384,
                                        "Hash Batches": 1,
                                        "Original Hash Batches": 1,
                                        "Peak Memory Usage": 352,
                                        "Workers": [
                                            {
                                                "Worker Number": 0,
                                                "Actual Startup Time": 73.551,
                                                "Actual Total Time": 73.552,
                                                "Actual Rows": 508,
                                                "Actual Loops": 1
                                            },
                                            {
                                                "Worker Number": 1,
                                                "Actual Startup Time": 73.767,
                                                "Actual Total Time": 73.768,
                                                "Actual Rows": 766,
                                                "Actual Loops": 1
                                            },
                                            {
                                                "Worker Number": 2,
                                                "Actual Startup Time": 74.519,
                                                "Actual Total Time": 74.52,
                                                "Actual Rows": 811,
                                                "Actual Loops": 1
                                            },
                                            {
                                                "Worker Number": 3,
                                                "Actual Startup Time": 74.576,
                                                "Actual Total Time": 74.577,
                                                "Actual Rows": 746,
                                                "Actual Loops": 1
                                            },
                                            {
                                                "Worker Number": 4,
                                                "Actual Startup Time": 74.632,
                                                "Actual Total Time": 74.633,
                                                "Actual Rows": 679,
                                                "Actual Loops": 1
                                            }
                                        ],
                                        "Plans": [
                                            {
                                                "Node Type": "Seq Scan",
                                                "Parent Relationship": "Outer",
                                                "Parallel Aware": true,
                                                "Relation Name": "title",
                                                "Schema": "public",
                                                "Alias": "t",
                                                "Startup Cost": 0.0,
                                                "Total Cost": 45479.21,
                                                "Plan Rows": 2316,
                                                "Plan Width": 4,
                                                "Actual Startup Time": 54.316,
                                                "Actual Total Time": 75.011,
                                                "Actual Rows": 783,
                                                "Actual Loops": 6,
                                                "Output": [
                                                    "t.id"
                                                ],
                                                "Filter": "((t.production_year > 2011) AND (t.kind_id = 3))",
                                                "Rows Removed by Filter": 420603,
                                                "Workers": [
                                                    {
                                                        "Worker Number": 0,
                                                        "Actual Startup Time": 52.426,
                                                        "Actual Total Time": 73.036,
                                                        "Actual Rows": 508,
                                                        "Actual Loops": 1
                                                    },
                                                    {
                                                        "Worker Number": 1,
                                                        "Actual Startup Time": 52.539,
                                                        "Actual Total Time": 73.241,
                                                        "Actual Rows": 766,
                                                        "Actual Loops": 1
                                                    },
                                                    {
                                                        "Worker Number": 2,
                                                        "Actual Startup Time": 53.327,
                                                        "Actual Total Time": 73.968,
                                                        "Actual Rows": 811,
                                                        "Actual Loops": 1
                                                    },
                                                    {
                                                        "Worker Number": 3,
                                                        "Actual Startup Time": 53.34,
                                                        "Actual Total Time": 74.073,
                                                        "Actual Rows": 746,
                                                        "Actual Loops": 1
                                                    },
                                                    {
                                                        "Worker Number": 4,
                                                        "Actual Startup Time": 53.425,
                                                        "Actual Total Time": 74.118,
                                                        "Actual Rows": 679,
                                                        "Actual Loops": 1
                                                    }
                                                ]
                                            }
                                        ]
                                    }
                                ]
                            }
                        ]
                    }
                ]
            }
        ]
    },
    "Planning Time": 0.779,
    "Triggers": [],
    "Execution Time": 330.051
}