[
  {
    "Plan": {
      "Node Type": "Aggregate",
      "Strategy": "Plain",
      "Partial Mode": "Finalize",
      "Parallel Aware": false,
      "Startup Cost": 359311.27,
      "Total Cost": 359311.28,
      "Plan Rows": 1,
      "Plan Width": 8,
      "Actual Startup Time": 500.835,
      "Actual Total Time": 524.601,
      "Actual Rows": 1,
      "Actual Loops": 1,
      "Plans": [
        {
          "Node Type": "Gather",
          "Parent Relationship": "Outer",
          "Parallel Aware": false,
          "Startup Cost": 359310.65,
          "Total Cost": 359311.26,
          "Plan Rows": 6,
          "Plan Width": 8,
          "Actual Startup Time": 491.626,
          "Actual Total Time": 524.587,
          "Actual Rows": 7,
          "Actual Loops": 1,
          "Workers Planned": 6,
          "Workers Launched": 6,
          "Single Copy": false,
          "Plans": [
            {
              "Node Type": "Aggregate",
              "Strategy": "Plain",
              "Partial Mode": "Partial",
              "Parent Relationship": "Outer",
              "Parallel Aware": false,
              "Startup Cost": 358310.65,
              "Total Cost": 358310.66,
              "Plan Rows": 1,
              "Plan Width": 8,
              "Actual Startup Time": 479.4,
              "Actual Total Time": 479.406,
              "Actual Rows": 1,
              "Actual Loops": 7,
              "Plans": [
                {
                  "Node Type": "Hash Join",
                  "Parent Relationship": "Outer",
                  "Parallel Aware": true,
                  "Join Type": "Inner",
                  "Startup Cost": 99317.08,
                  "Total Cost": 358193.74,
                  "Plan Rows": 46764,
                  "Plan Width": 0,
                  "Actual Startup Time": 283.343,
                  "Actual Total Time": 473.645,
                  "Actual Rows": 96636,
                  "Actual Loops": 7,
                  "Inner Unique": true,
                  "Hash Cond": "(ci.movie_id = t.id)",
                  "Plans": [
                    {
                      "Node Type": "Bitmap Heap Scan",
                      "Parent Relationship": "Outer",
                      "Parallel Aware": true,
                      "Relation Name": "cast_info",
                      "Alias": "ci",
                      "Startup Cost": 51125.1,
                      "Total Cost": 309644.16,
                      "Plan Rows": 136224,
                      "Plan Width": 4,
                      "Actual Startup Time": 125.445,
                      "Actual Total Time": 220.238,
                      "Actual Rows": 245485,
                      "Actual Loops": 7,
                      "Recheck Cond": "(person_id < 233640)",
                      "Rows Removed by Index Recheck": 0,
                      "Filter": "(role_id < 2)",
                      "Rows Removed by Filter": 97632,
                      "Exact Heap Blocks": 5170,
                      "Lossy Heap Blocks": 0,
                      "Plans": [
                        {
                          "Node Type": "Bitmap Index Scan",
                          "Parent Relationship": "Outer",
                          "Parallel Aware": false,
                          "Index Name": "person_id_cast_info",
                          "Startup Cost": 0.0,
                          "Total Cost": 50920.76,
                          "Plan Rows": 2332826,
                          "Plan Width": 0,
                          "Actual Startup Time": 118.979,
                          "Actual Total Time": 118.981,
                          "Actual Rows": 2401824,
                          "Actual Loops": 1,
                          "Index Cond": "(person_id < 233640)"
                        }
                      ]
                    },
                    {
                      "Node Type": "Hash",
                      "Parent Relationship": "Inner",
                      "Parallel Aware": true,
                      "Startup Cost": 45479.59,
                      "Total Cost": 45479.59,
                      "Plan Rows": 216992,
                      "Plan Width": 4,
                      "Actual Startup Time": 154.315,
                      "Actual Total Time": 154.316,
                      "Actual Rows": 128113,
                      "Actual Loops": 7,
                      "Hash Buckets": 1048576,
                      "Original Hash Buckets": 1048576,
                      "Hash Batches": 1,
                      "Original Hash Batches": 1,
                      "Peak Memory Usage": 43392,
                      "Plans": [
                        {
                          "Node Type": "Seq Scan",
                          "Parent Relationship": "Outer",
                          "Parallel Aware": true,
                          "Relation Name": "title",
                          "Alias": "t",
                          "Startup Cost": 0.0,
                          "Total Cost": 45479.59,
                          "Plan Rows": 216992,
                          "Plan Width": 4,
                          "Actual Startup Time": 0.059,
                          "Actual Total Time": 89.972,
                          "Actual Rows": 128113,
                          "Actual Loops": 7,
                          "Filter": "((kind_id < 7) AND (production_year < 2012))",
                          "Rows Removed by Filter": 233075
                        }
                      ]
                    }
                  ]
                }
              ]
            }
          ]
        }
      ]
    },
    "Planning Time": 0.612,
    "Triggers": [],
    "Execution Time": 524.741
  }
]