[
  {
    "Plan": {
      "Node Type": "Aggregate",
      "Strategy": "Plain",
      "Partial Mode": "Finalize",
      "Parallel Aware": false,
      "Startup Cost": 360592.23,
      "Total Cost": 360592.24,
      "Plan Rows": 1,
      "Plan Width": 8,
      "Actual Startup Time": 425.946,
      "Actual Total Time": 442.058,
      "Actual Rows": 1,
      "Actual Loops": 1,
      "Plans": [
        {
          "Node Type": "Gather",
          "Parent Relationship": "Outer",
          "Parallel Aware": false,
          "Startup Cost": 360591.6,
          "Total Cost": 360592.21,
          "Plan Rows": 6,
          "Plan Width": 8,
          "Actual Startup Time": 418.886,
          "Actual Total Time": 442.034,
          "Actual Rows": 7,
          "Actual Loops": 1,
          "Workers Planned": 6,
          "Workers Launched": 6,
          "Single Copy": false,
          "Plans": [
            {
              "Node Type": "Aggregate",
              "Strategy": "Plain",
              "Partial Mode": "Partial",
              "Parent Relationship": "Outer",
              "Parallel Aware": false,
              "Startup Cost": 359591.6,
              "Total Cost": 359591.61,
              "Plan Rows": 1,
              "Plan Width": 8,
              "Actual Startup Time": 407.213,
              "Actual Total Time": 407.218,
              "Actual Rows": 1,
              "Actual Loops": 7,
              "Plans": [
                {
                  "Node Type": "Hash Join",
                  "Parent Relationship": "Outer",
                  "Parallel Aware": true,
                  "Join Type": "Inner",
                  "Startup Cost": 100467.86,
                  "Total Cost": 359473.48,
                  "Plan Rows": 47249,
                  "Plan Width": 0,
                  "Actual Startup Time": 235.98,
                  "Actual Total Time": 401.845,
                  "Actual Rows": 96636,
                  "Actual Loops": 7,
                  "Inner Unique": true,
                  "Hash Cond": "(ci.movie_id = t.id)",
                  "Plans": [
                    {
                      "Node Type": "Bitmap Heap Scan",
                      "Parent Relationship": "Outer",
                      "Parallel Aware": true,
                      "Relation Name": "cast_info",
                      "Alias": "ci",
                      "Startup Cost": 52260.21,
                      "Total Cost": 310906.69,
                      "Plan Rows": 136816,
                      "Plan Width": 4,
                      "Actual Startup Time": 89.026,
                      "Actual Total Time": 170.571,
                      "Actual Rows": 245485,
                      "Actual Loops": 7,
                      "Recheck Cond": "(person_id < 233640)",
                      "Rows Removed by Index Recheck": 0,
                      "Filter": "(role_id < 2)",
                      "Rows Removed by Filter": 97632,
                      "Exact Heap Blocks": 3867,
                      "Lossy Heap Blocks": 0,
                      "Plans": [
                        {
                          "Node Type": "Bitmap Index Scan",
                          "Parent Relationship": "Outer",
                          "Parallel Aware": false,
                          "Index Name": "person_id_cast_info",
                          "Startup Cost": 0.0,
                          "Total Cost": 52054.99,
                          "Plan Rows": 2383790,
                          "Plan Width": 0,
                          "Actual Startup Time": 85.052,
                          "Actual Total Time": 85.053,
                          "Actual Rows": 2401824,
                          "Actual Loops": 1,
                          "Index Cond": "(person_id < 233640)"
                        }
                      ]
                    },
                    {
                      "Node Type": "Hash",
                      "Parent Relationship": "Inner",
                      "Parallel Aware": true,
                      "Startup Cost": 45479.1,
                      "Total Cost": 45479.1,
                      "Plan Rows": 218284,
                      "Plan Width": 4,
                      "Actual Startup Time": 143.597,
                      "Actual Total Time": 143.598,
                      "Actual Rows": 128113,
                      "Actual Loops": 7,
                      "Hash Buckets": 1048576,
                      "Original Hash Buckets": 1048576,
                      "Hash Batches": 1,
                      "Original Hash Batches": 1,
                      "Peak Memory Usage": 43360,
                      "Plans": [
                        {
                          "Node Type": "Seq Scan",
                          "Parent Relationship": "Outer",
                          "Parallel Aware": true,
                          "Relation Name": "title",
                          "Alias": "t",
                          "Startup Cost": 0.0,
                          "Total Cost": 45479.1,
                          "Plan Rows": 218284,
                          "Plan Width": 4,
                          "Actual Startup Time": 0.042,
                          "Actual Total Time": 83.965,
                          "Actual Rows": 128113,
                          "Actual Loops": 7,
                          "Filter": "((kind_id < 7) AND (production_year < 2012))",
                          "Rows Removed by Filter": 233075
                        }
                      ]
                    }
                  ]
                }
              ]
            }
          ]
        }
      ]
    },
    "Planning Time": 0.719,
    "Triggers": [],
    "Execution Time": 442.158
  }
]