[
  {
    "Plan": {
      "Node Type": "Aggregate",
      "Strategy": "Plain",
      "Partial Mode": "Finalize",
      "Parallel Aware": false,
      "Startup Cost": 331587.7,
      "Total Cost": 331587.71,
      "Plan Rows": 1,
      "Plan Width": 8,
      "Actual Startup Time": 564.418,
      "Actual Total Time": 624.195,
      "Actual Rows": 1,
      "Actual Loops": 1,
      "Plans": [
        {
          "Node Type": "Gather",
          "Parent Relationship": "Outer",
          "Parallel Aware": false,
          "Startup Cost": 331587.08,
          "Total Cost": 331587.68,
          "Plan Rows": 6,
          "Plan Width": 8,
          "Actual Startup Time": 564.311,
          "Actual Total Time": 624.186,
          "Actual Rows": 7,
          "Actual Loops": 1,
          "Workers Planned": 6,
          "Workers Launched": 6,
          "Single Copy": false,
          "Plans": [
            {
              "Node Type": "Aggregate",
              "Strategy": "Plain",
              "Partial Mode": "Partial",
              "Parent Relationship": "Outer",
              "Parallel Aware": false,
              "Startup Cost": 330587.08,
              "Total Cost": 330587.09,
              "Plan Rows": 1,
              "Plan Width": 8,
              "Actual Startup Time": 555.75,
              "Actual Total Time": 555.751,
              "Actual Rows": 1,
              "Actual Loops": 7,
              "Plans": [
                {
                  "Node Type": "Seq Scan",
                  "Parent Relationship": "Outer",
                  "Parallel Aware": true,
                  "Relation Name": "cast_info",
                  "Alias": "ci",
                  "Startup Cost": 0.0,
                  "Total Cost": 328162.03,
                  "Plan Rows": 970020,
                  "Plan Width": 0,
                  "Actual Startup Time": 345.111,
                  "Actual Total Time": 523.203,
                  "Actual Rows": 805083,
                  "Actual Loops": 7,
                  "Filter": "(person_id > 3087087)",
                  "Rows Removed by Filter": 4372681
                }
              ]
            }
          ]
        }
      ]
    },
    "Planning Time": 0.196,
    "Triggers": [],
    "Execution Time": 624.268
  }
]