[
  {
    "Plan": {
      "Node Type": "Aggregate",
      "Strategy": "Plain",
      "Partial Mode": "Finalize",
      "Parallel Aware": false,
      "Startup Cost": 39712.68,
      "Total Cost": 39712.69,
      "Plan Rows": 1,
      "Plan Width": 8,
      "Actual Startup Time": 107.705,
      "Actual Total Time": 113.104,
      "Actual Rows": 1,
      "Actual Loops": 1,
      "Plans": [
        {
          "Node Type": "Gather",
          "Parent Relationship": "Outer",
          "Parallel Aware": false,
          "Startup Cost": 39712.36,
          "Total Cost": 39712.67,
          "Plan Rows": 3,
          "Plan Width": 8,
          "Actual Startup Time": 107.458,
          "Actual Total Time": 113.098,
          "Actual Rows": 4,
          "Actual Loops": 1,
          "Workers Planned": 3,
          "Workers Launched": 3,
          "Single Copy": false,
          "Plans": [
            {
              "Node Type": "Aggregate",
              "Strategy": "Plain",
              "Partial Mode": "Partial",
              "Parent Relationship": "Outer",
              "Parallel Aware": false,
              "Startup Cost": 38712.36,
              "Total Cost": 38712.37,
              "Plan Rows": 1,
              "Plan Width": 8,
              "Actual Startup Time": 104.854,
              "Actual Total Time": 104.855,
              "Actual Rows": 1,
              "Actual Loops": 4,
              "Plans": [
                {
                  "Node Type": "Bitmap Heap Scan",
                  "Parent Relationship": "Outer",
                  "Parallel Aware": true,
                  "Relation Name": "movie_keyword",
                  "Alias": "mk",
                  "Startup Cost": 11610.09,
                  "Total Cost": 38270.98,
                  "Plan Rows": 176552,
                  "Plan Width": 0,
                  "Actual Startup Time": 32.24,
                  "Actual Total Time": 97.679,
                  "Actual Rows": 135564,
                  "Actual Loops": 4,
                  "Recheck Cond": "(keyword_id > 33876)",
                  "Rows Removed by Index Recheck": 0,
                  "Exact Heap Blocks": 9424,
                  "Lossy Heap Blocks": 0,
                  "Plans": [
                    {
                      "Node Type": "Bitmap Index Scan",
                      "Parent Relationship": "Outer",
                      "Parallel Aware": false,
                      "Index Name": "keyword_id_movie_keyword",
                      "Startup Cost": 0.0,
                      "Total Cost": 11473.26,
                      "Plan Rows": 547310,
                      "Plan Width": 0,
                      "Actual Startup Time": 31.1,
                      "Actual Total Time": 31.1,
                      "Actual Rows": 542255,
                      "Actual Loops": 1,
                      "Index Cond": "(keyword_id > 33876)"
                    }
                  ]
                }
              ]
            }
          ]
        }
      ]
    },
    "Planning Time": 0.061,
    "Triggers": [],
    "Execution Time": 113.131
  }
]