{
    "Plan": {
        "Node Type": "Aggregate",
        "Strategy": "Plain",
        "Partial Mode": "Finalize",
        "Parallel Aware": false,
        "Startup Cost": 239773.43,
        "Total Cost": 239773.44,
        "Plan Rows": 1,
        "Plan Width": 8,
        "Actual Startup Time": 358.262,
        "Actual Total Time": 403.164,
        "Actual Rows": 1,
        "Actual Loops": 1,
        "Output": [
            "count(*)"
        ],
        "Plans": [
            {
                "Node Type": "Gather",
                "Parent Relationship": "Outer",
                "Parallel Aware": false,
                "Startup Cost": 239772.91,
                "Total Cost": 239773.42,
                "Plan Rows": 5,
                "Plan Width": 8,
                "Actual Startup Time": 358.141,
                "Actual Total Time": 403.153,
                "Actual Rows": 6,
                "Actual Loops": 1,
                "Output": [
                    "(PARTIAL count(*))"
                ],
                "Workers Planned": 5,
                "Workers Launched": 5,
                "Single Copy": false,
                "Plans": [
                    {
                        "Node Type": "Aggregate",
                        "Strategy": "Plain",
                        "Partial Mode": "Partial",
                        "Parent Relationship": "Outer",
                        "Parallel Aware": false,
                        "Startup Cost": 238772.91,
                        "Total Cost": 238772.92,
                        "Plan Rows": 1,
                        "Plan Width": 8,
                        "Actual Startup Time": 347.457,
                        "Actual Total Time": 347.459,
                        "Actual Rows": 1,
                        "Actual Loops": 6,
                        "Output": [
                            "PARTIAL count(*)"
                        ],
                        "Workers": [
                            {
                                "Worker Number": 0,
                                "Actual Startup Time": 344.969,
                                "Actual Total Time": 344.971,
                                "Actual Rows": 1,
                                "Actual Loops": 1
                            },
                            {
                                "Worker Number": 1,
                                "Actual Startup Time": 345.113,
                                "Actual Total Time": 345.115,
                                "Actual Rows": 1,
                                "Actual Loops": 1
                            },
                            {
                                "Worker Number": 2,
                                "Actual Startup Time": 345.388,
                                "Actual Total Time": 345.39,
                                "Actual Rows": 1,
                                "Actual Loops": 1
                            },
                            {
                                "Worker Number": 3,
                                "Actual Startup Time": 345.856,
                                "Actual Total Time": 345.857,
                                "Actual Rows": 1,
                                "Actual Loops": 1
                            },
                            {
                                "Worker Number": 4,
                                "Actual Startup Time": 346.122,
                                "Actual Total Time": 346.123,
                                "Actual Rows": 1,
                                "Actual Loops": 1
                            }
                        ],
                        "Plans": [
                            {
                                "Node Type": "Nested Loop",
                                "Parent Relationship": "Outer",
                                "Parallel Aware": false,
                                "Join Type": "Inner",
                                "Startup Cost": 0.43,
                                "Total Cost": 238741.19,
                                "Plan Rows": 12689,
                                "Plan Width": 0,
                                "Actual Startup Time": 178.156,
                                "Actual Total Time": 346.517,
                                "Actual Rows": 10188,
                                "Actual Loops": 6,
                                "Inner Unique": true,
                                "Workers": [
                                    {
                                        "Worker Number": 0,
                                        "Actual Startup Time": 175.694,
                                        "Actual Total Time": 344.026,
                                        "Actual Rows": 8748,
                                        "Actual Loops": 1
                                    },
                                    {
                                        "Worker Number": 1,
                                        "Actual Startup Time": 175.816,
                                        "Actual Total Time": 344.176,
                                        "Actual Rows": 8642,
                                        "Actual Loops": 1
                                    },
                                    {
                                        "Worker Number": 2,
                                        "Actual Startup Time": 176.127,
                                        "Actual Total Time": 344.428,
                                        "Actual Rows": 8684,
                                        "Actual Loops": 1
                                    },
                                    {
                                        "Worker Number": 3,
                                        "Actual Startup Time": 176.549,
                                        "Actual Total Time": 344.901,
                                        "Actual Rows": 8878,
                                        "Actual Loops": 1
                                    },
                                    {
                                        "Worker Number": 4,
                                        "Actual Startup Time": 176.821,
                                        "Actual Total Time": 345.166,
                                        "Actual Rows": 8550,
                                        "Actual Loops": 1
                                    }
                                ],
                                "Plans": [
                                    {
                                        "Node Type": "Seq Scan",
                                        "Parent Relationship": "Outer",
                                        "Parallel Aware": true,
                                        "Relation Name": "movie_info",
                                        "Schema": "public",
                                        "Alias": "mi",
                                        "Startup Cost": 0.0,
                                        "Total Cost": 198880.74,
                                        "Plan Rows": 12689,
                                        "Plan Width": 4,
                                        "Actual Startup Time": 178.066,
                                        "Actual Total Time": 289.815,
                                        "Actual Rows": 10188,
                                        "Actual Loops": 6,
                                        "Output": [
                                            "mi.id",
                                            "mi.movie_id",
                                            "mi.info_type_id",
                                            "mi.info",
                                            "mi.note"
                                        ],
                                        "Filter": "(mi.info_type_id = 103)",
                                        "Rows Removed by Filter": 2462432,
                                        "Workers": [
                                            {
                                                "Worker Number": 0,
                                                "Actual Startup Time": 175.603,
                                                "Actual Total Time": 287.069,
                                                "Actual Rows": 8748,
                                                "Actual Loops": 1
                                            },
                                            {
                                                "Worker Number": 1,
                                                "Actual Startup Time": 175.704,
                                                "Actual Total Time": 286.881,
                                                "Actual Rows": 8642,
                                                "Actual Loops": 1
                                            },
                                            {
                                                "Worker Number": 2,
                                                "Actual Startup Time": 176.042,
                                                "Actual Total Time": 287.476,
                                                "Actual Rows": 8684,
                                                "Actual Loops": 1
                                            },
                                            {
                                                "Worker Number": 3,
                                                "Actual Startup Time": 176.439,
                                                "Actual Total Time": 287.765,
                                                "Actual Rows": 8878,
                                                "Actual Loops": 1
                                            },
                                            {
                                                "Worker Number": 4,
                                                "Actual Startup Time": 176.705,
                                                "Actual Total Time": 288.163,
                                                "Actual Rows": 8550,
                                                "Actual Loops": 1
                                            }
                                        ]
                                    },
                                    {
                                        "Node Type": "Index Only Scan",
                                        "Parent Relationship": "Inner",
                                        "Parallel Aware": false,
                                        "Scan Direction": "Forward",
                                        "Index Name": "title_pkey",
                                        "Relation Name": "title",
                                        "Schema": "public",
                                        "Alias": "t",
                                        "Startup Cost": 0.43,
                                        "Total Cost": 3.14,
                                        "Plan Rows": 1,
                                        "Plan Width": 4,
                                        "Actual Startup Time": 0.005,
                                        "Actual Total Time": 0.005,
                                        "Actual Rows": 1,
                                        "Actual Loops": 61128,
                                        "Output": [
                                            "t.id"
                                        ],
                                        "Index Cond": "(t.id = mi.movie_id)",
                                        "Rows Removed by Index Recheck": 0,
                                        "Heap Fetches": 61128,
                                        "Workers": [
                                            {
                                                "Worker Number": 0,
                                                "Actual Startup Time": 0.006,
                                                "Actual Total Time": 0.006,
                                                "Actual Rows": 1,
                                                "Actual Loops": 8748
                                            },
                                            {
                                                "Worker Number": 1,
                                                "Actual Startup Time": 0.006,
                                                "Actual Total Time": 0.006,
                                                "Actual Rows": 1,
                                                "Actual Loops": 8642
                                            },
                                            {
                                                "Worker Number": 2,
                                                "Actual Startup Time": 0.006,
                                                "Actual Total Time": 0.006,
                                                "Actual Rows": 1,
                                                "Actual Loops": 8684
                                            },
                                            {
                                                "Worker Number": 3,
                                                "Actual Startup Time": 0.006,
                                                "Actual Total Time": 0.006,
                                                "Actual Rows": 1,
                                                "Actual Loops": 8878
                                            },
                                            {
                                                "Worker Number": 4,
                                                "Actual Startup Time": 0.006,
                                                "Actual Total Time": 0.006,
                                                "Actual Rows": 1,
                                                "Actual Loops": 8550
                                            }
                                        ]
                                    }
                                ]
                            }
                        ]
                    }
                ]
            }
        ]
    },
    "Planning Time": 0.691,
    "Triggers": [],
    "Execution Time": 403.252
}