[
  {
    "Plan": {
      "Node Type": "Aggregate",
      "Strategy": "Plain",
      "Partial Mode": "Finalize",
      "Parallel Aware": false,
      "Startup Cost": 78005.31,
      "Total Cost": 78005.32,
      "Plan Rows": 1,
      "Plan Width": 8,
      "Actual Startup Time": 256.617,
      "Actual Total Time": 274.29,
      "Actual Rows": 1,
      "Actual Loops": 1,
      "Plans": [
        {
          "Node Type": "Gather",
          "Parent Relationship": "Outer",
          "Parallel Aware": false,
          "Startup Cost": 78004.99,
          "Total Cost": 78005.3,
          "Plan Rows": 3,
          "Plan Width": 8,
          "Actual Startup Time": 256.307,
          "Actual Total Time": 274.28,
          "Actual Rows": 4,
          "Actual Loops": 1,
          "Workers Planned": 3,
          "Workers Launched": 3,
          "Single Copy": false,
          "Plans": [
            {
              "Node Type": "Aggregate",
              "Strategy": "Plain",
              "Partial Mode": "Partial",
              "Parent Relationship": "Outer",
              "Parallel Aware": false,
              "Startup Cost": 77004.99,
              "Total Cost": 77005.0,
              "Plan Rows": 1,
              "Plan Width": 8,
              "Actual Startup Time": 247.415,
              "Actual Total Time": 247.418,
              "Actual Rows": 1,
              "Actual Loops": 4,
              "Plans": [
                {
                  "Node Type": "Hash Join",
                  "Parent Relationship": "Outer",
                  "Parallel Aware": true,
                  "Join Type": "Inner",
                  "Startup Cost": 45597.41,
                  "Total Cost": 76975.51,
                  "Plan Rows": 11794,
                  "Plan Width": 0,
                  "Actual Startup Time": 109.889,
                  "Actual Total Time": 246.948,
                  "Actual Rows": 6586,
                  "Actual Loops": 4,
                  "Inner Unique": true,
                  "Hash Cond": "(mc.movie_id = t.id)",
                  "Plans": [
                    {
                      "Node Type": "Seq Scan",
                      "Parent Relationship": "Outer",
                      "Parallel Aware": true,
                      "Relation Name": "movie_companies",
                      "Alias": "mc",
                      "Startup Cost": 0.0,
                      "Total Cost": 29310.68,
                      "Plan Rows": 787587,
                      "Plan Width": 4,
                      "Actual Startup Time": 0.023,
                      "Actual Total Time": 77.312,
                      "Actual Rows": 611436,
                      "Actual Loops": 4,
                      "Filter": "(company_id < 126431)",
                      "Rows Removed by Filter": 40846
                    },
                    {
                      "Node Type": "Hash",
                      "Parent Relationship": "Inner",
                      "Parallel Aware": true,
                      "Startup Cost": 45479.1,
                      "Total Cost": 45479.1,
                      "Plan Rows": 9465,
                      "Plan Width": 4,
                      "Actual Startup Time": 108.422,
                      "Actual Total Time": 108.423,
                      "Actual Rows": 11228,
                      "Actual Loops": 4,
                      "Hash Buckets": 65536,
                      "Original Hash Buckets": 65536,
                      "Hash Batches": 1,
                      "Original Hash Batches": 1,
                      "Peak Memory Usage": 2336,
                      "Plans": [
                        {
                          "Node Type": "Seq Scan",
                          "Parent Relationship": "Outer",
                          "Parallel Aware": true,
                          "Relation Name": "title",
                          "Alias": "t",
                          "Startup Cost": 0.0,
                          "Total Cost": 45479.1,
                          "Plan Rows": 9465,
                          "Plan Width": 4,
                          "Actual Startup Time": 0.059,
                          "Actual Total Time": 102.696,
                          "Actual Rows": 11228,
                          "Actual Loops": 4,
                          "Filter": "((kind_id > 1) AND (production_year = 2000))",
                          "Rows Removed by Filter": 620850
                        }
                      ]
                    }
                  ]
                }
              ]
            }
          ]
        }
      ]
    },
    "Planning Time": 0.643,
    "Triggers": [],
    "Execution Time": 274.358
  }
]