{
  "Plan": {
    "Node Type": "Aggregate",
    "Strategy": "Plain",
    "Partial Mode": "Finalize",
    "Parallel Aware": false,
    "Startup Cost": 101118.06,
    "Total Cost": 101118.07,
    "Plan Rows": 1,
    "Plan Width": 8,
    "Actual Startup Time": 452.55,
    "Actual Total Time": 466.179,
    "Actual Rows": 1,
    "Actual Loops": 1,
    "Plans": [
      {
        "Node Type": "Gather",
        "Parent Relationship": "Outer",
        "Parallel Aware": false,
        "Startup Cost": 101117.95,
        "Total Cost": 101118.06,
        "Plan Rows": 1,
        "Plan Width": 8,
        "Actual Startup Time": 452.09,
        "Actual Total Time": 466.171,
        "Actual Rows": 2,
        "Actual Loops": 1,
        "Workers Planned": 1,
        "Workers Launched": 1,
        "Single Copy": false,
        "Plans": [
          {
            "Node Type": "Aggregate",
            "Strategy": "Plain",
            "Partial Mode": "Partial",
            "Parent Relationship": "Outer",
            "Parallel Aware": false,
            "Startup Cost": 100117.95,
            "Total Cost": 100117.96,
            "Plan Rows": 1,
            "Plan Width": 8,
            "Actual Startup Time": 445.794,
            "Actual Total Time": 445.8,
            "Actual Rows": 1,
            "Actual Loops": 2,
            "Plans": [
              {
                "Node Type": "Hash Join",
                "Parent Relationship": "Outer",
                "Parallel Aware": true,
                "Join Type": "Inner",
                "Startup Cost": 80927.11,
                "Total Cost": 100089.98,
                "Plan Rows": 11189,
                "Plan Width": 0,
                "Actual Startup Time": 421.782,
                "Actual Total Time": 444.604,
                "Actual Rows": 23736,
                "Actual Loops": 2,
                "Inner Unique": false,
                "Hash Cond": "(mi_idx.movie_id = t.id)",
                "Plans": [
                  {
                    "Node Type": "Seq Scan",
                    "Parent Relationship": "Outer",
                    "Parallel Aware": true,
                    "Relation Name": "movie_info_idx",
                    "Alias": "mi_idx",
                    "Startup Cost": 0.0,
                    "Total Cost": 16052.85,
                    "Plan Rows": 811785,
                    "Plan Width": 4,
                    "Actual Startup Time": 0.014,
                    "Actual Total Time": 58.299,
                    "Actual Rows": 690018,
                    "Actual Loops": 2
                  },
                  {
                    "Node Type": "Hash",
                    "Parent Relationship": "Inner",
                    "Parallel Aware": true,
                    "Startup Cost": 80670.87,
                    "Total Cost": 80670.87,
                    "Plan Rows": 20499,
                    "Plan Width": 8,
                    "Actual Startup Time": 318.279,
                    "Actual Total Time": 318.284,
                    "Actual Rows": 16242,
                    "Actual Loops": 2,
                    "Hash Buckets": 65536,
                    "Original Hash Buckets": 65536,
                    "Hash Batches": 1,
                    "Original Hash Batches": 1,
                    "Peak Memory Usage": 1792,
                    "Plans": [
                      {
                        "Node Type": "Hash Join",
                        "Parent Relationship": "Outer",
                        "Parallel Aware": true,
                        "Join Type": "Inner",
                        "Startup Cost": 20384.79,
                        "Total Cost": 80670.87,
                        "Plan Rows": 20499,
                        "Plan Width": 8,
                        "Actual Startup Time": 214.031,
                        "Actual Total Time": 312.852,
                        "Actual Rows": 16242,
                        "Actual Loops": 2,
                        "Inner Unique": false,
                        "Hash Cond": "(t.id = mc.movie_id)",
                        "Plans": [
                          {
                            "Node Type": "Seq Scan",
                            "Parent Relationship": "Outer",
                            "Parallel Aware": true,
                            "Relation Name": "title",
                            "Alias": "t",
                            "Startup Cost": 0.0,
                            "Total Cost": 50870.31,
                            "Plan Rows": 1487231,
                            "Plan Width": 4,
                            "Actual Startup Time": 0.019,
                            "Actual Total Time": 143.04,
                            "Actual Rows": 1264156,
                            "Actual Loops": 2
                          },
                          {
                            "Node Type": "Hash",
                            "Parent Relationship": "Inner",
                            "Parallel Aware": true,
                            "Startup Cost": 20128.55,
                            "Total Cost": 20128.55,
                            "Plan Rows": 20499,
                            "Plan Width": 4,
                            "Actual Startup Time": 22.004,
                            "Actual Total Time": 22.005,
                            "Actual Rows": 16242,
                            "Actual Loops": 2,
                            "Hash Buckets": 65536,
                            "Original Hash Buckets": 65536,
                            "Hash Batches": 1,
                            "Original Hash Batches": 1,
                            "Peak Memory Usage": 1792,
                            "Plans": [
                              {
                                "Node Type": "Bitmap Heap Scan",
                                "Parent Relationship": "Outer",
                                "Parallel Aware": true,
                                "Relation Name": "movie_companies",
                                "Alias": "mc",
                                "Startup Cost": 758.51,
                                "Total Cost": 20128.55,
                                "Plan Rows": 20499,
                                "Plan Width": 4,
                                "Actual Startup Time": 2.534,
                                "Actual Total Time": 14.285,
                                "Actual Rows": 16242,
                                "Actual Loops": 2,
                                "Recheck Cond": "(company_id > 205632)",
                                "Rows Removed by Index Recheck": 0,
                                "Exact Heap Blocks": 977,
                                "Lossy Heap Blocks": 0,
                                "Plans": [
                                  {
                                    "Node Type": "Bitmap Index Scan",
                                    "Parent Relationship": "Outer",
                                    "Parallel Aware": false,
                                    "Index Name": "company_id_movie_companies",
                                    "Startup Cost": 0.0,
                                    "Total Cost": 749.8,
                                    "Plan Rows": 34849,
                                    "Plan Width": 0,
                                    "Actual Startup Time": 4.321,
                                    "Actual Total Time": 4.322,
                                    "Actual Rows": 32484,
                                    "Actual Loops": 1,
                                    "Index Cond": "(company_id > 205632)"
                                  }
                                ]
                              }
                            ]
                          }
                        ]
                      }
                    ]
                  }
                ]
              }
            ]
          }
        ]
      }
    ]
  },
  "Planning Time": 1.069,
  "Triggers": [],
  "Execution Time": 466.284
}