[
  {
    "Plan": {
      "Node Type": "Aggregate",
      "Strategy": "Plain",
      "Partial Mode": "Finalize",
      "Parallel Aware": false,
      "Startup Cost": 353090.16,
      "Total Cost": 353090.17,
      "Plan Rows": 1,
      "Plan Width": 8,
      "Actual Startup Time": 870.595,
      "Actual Total Time": 926.628,
      "Actual Rows": 1,
      "Actual Loops": 1,
      "Plans": [
        {
          "Node Type": "Gather",
          "Parent Relationship": "Outer",
          "Parallel Aware": false,
          "Startup Cost": 353089.53,
          "Total Cost": 353090.14,
          "Plan Rows": 6,
          "Plan Width": 8,
          "Actual Startup Time": 870.359,
          "Actual Total Time": 926.619,
          "Actual Rows": 7,
          "Actual Loops": 1,
          "Workers Planned": 6,
          "Workers Launched": 6,
          "Single Copy": false,
          "Plans": [
            {
              "Node Type": "Aggregate",
              "Strategy": "Plain",
              "Partial Mode": "Partial",
              "Parent Relationship": "Outer",
              "Parallel Aware": false,
              "Startup Cost": 352089.53,
              "Total Cost": 352089.54,
              "Plan Rows": 1,
              "Plan Width": 8,
              "Actual Startup Time": 861.087,
              "Actual Total Time": 861.102,
              "Actual Rows": 1,
              "Actual Loops": 7,
              "Plans": [
                {
                  "Node Type": "Seq Scan",
                  "Parent Relationship": "Outer",
                  "Parallel Aware": true,
                  "Relation Name": "cast_info",
                  "Alias": "ci",
                  "Startup Cost": 0.0,
                  "Total Cost": 343257.03,
                  "Plan Rows": 3533001,
                  "Plan Width": 0,
                  "Actual Startup Time": 230.633,
                  "Actual Total Time": 720.894,
                  "Actual Rows": 3207522,
                  "Actual Loops": 7,
                  "Filter": "((person_id > 385819) AND (role_id > 1))",
                  "Rows Removed by Filter": 1970242
                }
              ]
            }
          ]
        }
      ]
    },
    "Planning Time": 0.18,
    "Triggers": [],
    "Execution Time": 926.693
  }
]