[
  {
    "Plan": {
      "Node Type": "Aggregate",
      "Strategy": "Plain",
      "Partial Mode": "Finalize",
      "Parallel Aware": false,
      "Startup Cost": 89624.82,
      "Total Cost": 89624.83,
      "Plan Rows": 1,
      "Plan Width": 8,
      "Actual Startup Time": 275.079,
      "Actual Total Time": 292.532,
      "Actual Rows": 1,
      "Actual Loops": 1,
      "Plans": [
        {
          "Node Type": "Gather",
          "Parent Relationship": "Outer",
          "Parallel Aware": false,
          "Startup Cost": 89624.51,
          "Total Cost": 89624.82,
          "Plan Rows": 3,
          "Plan Width": 8,
          "Actual Startup Time": 274.626,
          "Actual Total Time": 292.522,
          "Actual Rows": 4,
          "Actual Loops": 1,
          "Workers Planned": 3,
          "Workers Launched": 3,
          "Single Copy": false,
          "Plans": [
            {
              "Node Type": "Aggregate",
              "Strategy": "Plain",
              "Partial Mode": "Partial",
              "Parent Relationship": "Outer",
              "Parallel Aware": false,
              "Startup Cost": 88624.51,
              "Total Cost": 88624.52,
              "Plan Rows": 1,
              "Plan Width": 8,
              "Actual Startup Time": 268.396,
              "Actual Total Time": 268.399,
              "Actual Rows": 1,
              "Actual Loops": 4,
              "Plans": [
                {
                  "Node Type": "Hash Join",
                  "Parent Relationship": "Outer",
                  "Parallel Aware": true,
                  "Join Type": "Inner",
                  "Startup Cost": 44088.7,
                  "Total Cost": 88583.44,
                  "Plan Rows": 16426,
                  "Plan Width": 0,
                  "Actual Startup Time": 105.394,
                  "Actual Total Time": 267.563,
                  "Actual Rows": 14330,
                  "Actual Loops": 4,
                  "Inner Unique": true,
                  "Hash Cond": "(mk.movie_id = t.id)",
                  "Plans": [
                    {
                      "Node Type": "Seq Scan",
                      "Parent Relationship": "Outer",
                      "Parallel Aware": true,
                      "Relation Name": "movie_keyword",
                      "Alias": "mk",
                      "Startup Cost": 0.0,
                      "Total Cost": 42695.65,
                      "Plan Rows": 685368,
                      "Plan Width": 4,
                      "Actual Startup Time": 0.391,
                      "Actual Total Time": 116.03,
                      "Actual Rows": 527837,
                      "Actual Loops": 4,
                      "Filter": "(keyword_id > 5661)",
                      "Rows Removed by Filter": 603146
                    },
                    {
                      "Node Type": "Hash",
                      "Parent Relationship": "Inner",
                      "Parallel Aware": true,
                      "Startup Cost": 43899.32,
                      "Total Cost": 43899.32,
                      "Plan Rows": 15150,
                      "Plan Width": 4,
                      "Actual Startup Time": 103.846,
                      "Actual Total Time": 103.848,
                      "Actual Rows": 15642,
                      "Actual Loops": 4,
                      "Hash Buckets": 65536,
                      "Original Hash Buckets": 65536,
                      "Hash Batches": 1,
                      "Original Hash Batches": 1,
                      "Peak Memory Usage": 3040,
                      "Plans": [
                        {
                          "Node Type": "Seq Scan",
                          "Parent Relationship": "Outer",
                          "Parallel Aware": true,
                          "Relation Name": "title",
                          "Alias": "t",
                          "Startup Cost": 0.0,
                          "Total Cost": 43899.32,
                          "Plan Rows": 15150,
                          "Plan Width": 4,
                          "Actual Startup Time": 0.041,
                          "Actual Total Time": 96.837,
                          "Actual Rows": 15642,
                          "Actual Loops": 4,
                          "Filter": "(production_year = 2002)",
                          "Rows Removed by Filter": 616436
                        }
                      ]
                    }
                  ]
                }
              ]
            }
          ]
        }
      ]
    },
    "Planning Time": 0.254,
    "Triggers": [],
    "Execution Time": 292.568
  }
]