[
  {
    "Plan": {
      "Node Type": "Aggregate",
      "Strategy": "Plain",
      "Partial Mode": "Simple",
      "Parallel Aware": false,
      "Startup Cost": 26999.44,
      "Total Cost": 26999.45,
      "Plan Rows": 1,
      "Plan Width": 8,
      "Actual Startup Time": 59.28,
      "Actual Total Time": 59.281,
      "Actual Rows": 1,
      "Actual Loops": 1,
      "Plans": [
        {
          "Node Type": "Bitmap Heap Scan",
          "Parent Relationship": "Outer",
          "Parallel Aware": false,
          "Relation Name": "movie_keyword",
          "Alias": "mk",
          "Startup Cost": 1492.47,
          "Total Cost": 26823.94,
          "Plan Rows": 70198,
          "Plan Width": 0,
          "Actual Startup Time": 19.799,
          "Actual Total Time": 55.278,
          "Actual Rows": 69853,
          "Actual Loops": 1,
          "Recheck Cond": "(keyword_id > 91265)",
          "Rows Removed by Index Recheck": 0,
          "Exact Heap Blocks": 14854,
          "Lossy Heap Blocks": 0,
          "Plans": [
            {
              "Node Type": "Bitmap Index Scan",
              "Parent Relationship": "Outer",
              "Parallel Aware": false,
              "Index Name": "keyword_id_movie_keyword",
              "Startup Cost": 0.0,
              "Total Cost": 1474.92,
              "Plan Rows": 70198,
              "Plan Width": 0,
              "Actual Startup Time": 13.453,
              "Actual Total Time": 13.453,
              "Actual Rows": 69853,
              "Actual Loops": 1,
              "Index Cond": "(keyword_id > 91265)"
            }
          ]
        }
      ]
    },
    "Planning Time": 0.242,
    "Triggers": [],
    "Execution Time": 59.339
  }
]