{
    "Plan": {
        "Node Type": "Aggregate",
        "Strategy": "Plain",
        "Partial Mode": "Finalize",
        "Parallel Aware": false,
        "Startup Cost": 97977.09,
        "Total Cost": 97977.1,
        "Plan Rows": 1,
        "Plan Width": 8,
        "Actual Startup Time": 332.483,
        "Actual Total Time": 359.06,
        "Actual Rows": 1,
        "Actual Loops": 1,
        "Output": [
            "count(*)"
        ],
        "Plans": [
            {
                "Node Type": "Gather",
                "Parent Relationship": "Outer",
                "Parallel Aware": false,
                "Startup Cost": 97976.67,
                "Total Cost": 97977.08,
                "Plan Rows": 4,
                "Plan Width": 8,
                "Actual Startup Time": 330.852,
                "Actual Total Time": 359.052,
                "Actual Rows": 5,
                "Actual Loops": 1,
                "Output": [
                    "(PARTIAL count(*))"
                ],
                "Workers Planned": 4,
                "Workers Launched": 4,
                "Single Copy": false,
                "Plans": [
                    {
                        "Node Type": "Aggregate",
                        "Strategy": "Plain",
                        "Partial Mode": "Partial",
                        "Parent Relationship": "Outer",
                        "Parallel Aware": false,
                        "Startup Cost": 96976.67,
                        "Total Cost": 96976.68,
                        "Plan Rows": 1,
                        "Plan Width": 8,
                        "Actual Startup Time": 320.124,
                        "Actual Total Time": 320.128,
                        "Actual Rows": 1,
                        "Actual Loops": 5,
                        "Output": [
                            "PARTIAL count(*)"
                        ],
                        "Workers": [
                            {
                                "Worker Number": 0,
                                "Actual Startup Time": 317.523,
                                "Actual Total Time": 317.526,
                                "Actual Rows": 1,
                                "Actual Loops": 1
                            },
                            {
                                "Worker Number": 1,
                                "Actual Startup Time": 317.578,
                                "Actual Total Time": 317.582,
                                "Actual Rows": 1,
                                "Actual Loops": 1
                            },
                            {
                                "Worker Number": 2,
                                "Actual Startup Time": 317.748,
                                "Actual Total Time": 317.751,
                                "Actual Rows": 1,
                                "Actual Loops": 1
                            },
                            {
                                "Worker Number": 3,
                                "Actual Startup Time": 317.753,
                                "Actual Total Time": 317.757,
                                "Actual Rows": 1,
                                "Actual Loops": 1
                            }
                        ],
                        "Plans": [
                            {
                                "Node Type": "Nested Loop",
                                "Parent Relationship": "Outer",
                                "Parallel Aware": false,
                                "Join Type": "Inner",
                                "Startup Cost": 31876.76,
                                "Total Cost": 96951.11,
                                "Plan Rows": 10222,
                                "Plan Width": 0,
                                "Actual Startup Time": 82.094,
                                "Actual Total Time": 314.275,
                                "Actual Rows": 124264,
                                "Actual Loops": 5,
                                "Inner Unique": false,
                                "Workers": [
                                    {
                                        "Worker Number": 0,
                                        "Actual Startup Time": 79.468,
                                        "Actual Total Time": 311.513,
                                        "Actual Rows": 82152,
                                        "Actual Loops": 1
                                    },
                                    {
                                        "Worker Number": 1,
                                        "Actual Startup Time": 79.597,
                                        "Actual Total Time": 312.094,
                                        "Actual Rows": 122537,
                                        "Actual Loops": 1
                                    },
                                    {
                                        "Worker Number": 2,
                                        "Actual Startup Time": 79.763,
                                        "Actual Total Time": 312.31,
                                        "Actual Rows": 121820,
                                        "Actual Loops": 1
                                    },
                                    {
                                        "Worker Number": 3,
                                        "Actual Startup Time": 79.804,
                                        "Actual Total Time": 312.509,
                                        "Actual Rows": 117096,
                                        "Actual Loops": 1
                                    }
                                ],
                                "Plans": [
                                    {
                                        "Node Type": "Hash Join",
                                        "Parent Relationship": "Outer",
                                        "Parallel Aware": true,
                                        "Join Type": "Inner",
                                        "Startup Cost": 31876.33,
                                        "Total Cost": 77056.03,
                                        "Plan Rows": 11266,
                                        "Plan Width": 8,
                                        "Actual Startup Time": 81.935,
                                        "Actual Total Time": 197.134,
                                        "Actual Rows": 10899,
                                        "Actual Loops": 5,
                                        "Output": [
                                            "t.id",
                                            "mc.movie_id"
                                        ],
                                        "Inner Unique": false,
                                        "Hash Cond": "(t.id = mc.movie_id)",
                                        "Workers": [
                                            {
                                                "Worker Number": 0,
                                                "Actual Startup Time": 79.382,
                                                "Actual Total Time": 188.458,
                                                "Actual Rows": 7166,
                                                "Actual Loops": 1
                                            },
                                            {
                                                "Worker Number": 1,
                                                "Actual Startup Time": 79.353,
                                                "Actual Total Time": 193.2,
                                                "Actual Rows": 10744,
                                                "Actual Loops": 1
                                            },
                                            {
                                                "Worker Number": 2,
                                                "Actual Startup Time": 79.661,
                                                "Actual Total Time": 193.577,
                                                "Actual Rows": 10323,
                                                "Actual Loops": 1
                                            },
                                            {
                                                "Worker Number": 3,
                                                "Actual Startup Time": 79.593,
                                                "Actual Total Time": 195.223,
                                                "Actual Rows": 10429,
                                                "Actual Loops": 1
                                            }
                                        ],
                                        "Plans": [
                                            {
                                                "Node Type": "Seq Scan",
                                                "Parent Relationship": "Outer",
                                                "Parallel Aware": true,
                                                "Relation Name": "title",
                                                "Schema": "public",
                                                "Alias": "t",
                                                "Startup Cost": 0.0,
                                                "Total Cost": 43899.01,
                                                "Plan Rows": 248871,
                                                "Plan Width": 4,
                                                "Actual Startup Time": 0.027,
                                                "Actual Total Time": 72.919,
                                                "Actual Rows": 197010,
                                                "Actual Loops": 5,
                                                "Output": [
                                                    "t.id",
                                                    "t.title",
                                                    "t.imdb_index",
                                                    "t.kind_id",
                                                    "t.production_year",
                                                    "t.imdb_id",
                                                    "t.phonetic_code",
                                                    "t.episode_of_id",
                                                    "t.season_nr",
                                                    "t.episode_nr",
                                                    "t.series_years",
                                                    "t.md5sum"
                                                ],
                                                "Filter": "(t.kind_id < 7)",
                                                "Rows Removed by Filter": 308653,
                                                "Workers": [
                                                    {
                                                        "Worker Number": 0,
                                                        "Actual Startup Time": 0.033,
                                                        "Actual Total Time": 72.016,
                                                        "Actual Rows": 130517,
                                                        "Actual Loops": 1
                                                    },
                                                    {
                                                        "Worker Number": 1,
                                                        "Actual Startup Time": 0.027,
                                                        "Actual Total Time": 73.139,
                                                        "Actual Rows": 196304,
                                                        "Actual Loops": 1
                                                    },
                                                    {
                                                        "Worker Number": 2,
                                                        "Actual Startup Time": 0.034,
                                                        "Actual Total Time": 72.596,
                                                        "Actual Rows": 187020,
                                                        "Actual Loops": 1
                                                    },
                                                    {
                                                        "Worker Number": 3,
                                                        "Actual Startup Time": 0.03,
                                                        "Actual Total Time": 73.422,
                                                        "Actual Rows": 193179,
                                                        "Actual Loops": 1
                                                    }
                                                ]
                                            },
                                            {
                                                "Node Type": "Hash",
                                                "Parent Relationship": "Inner",
                                                "Parallel Aware": true,
                                                "Startup Cost": 31414.82,
                                                "Total Cost": 31414.82,
                                                "Plan Rows": 36921,
                                                "Plan Width": 4,
                                                "Actual Startup Time": 80.256,
                                                "Actual Total Time": 80.256,
                                                "Actual Rows": 35655,
                                                "Actual Loops": 5,
                                                "Output": [
                                                    "mc.movie_id"
                                                ],
                                                "Hash Buckets": 262144,
                                                "Original Hash Buckets": 131072,
                                                "Hash Batches": 1,
                                                "Original Hash Batches": 1,
                                                "Peak Memory Usage": 10176,
                                                "Workers": [
                                                    {
                                                        "Worker Number": 0,
                                                        "Actual Startup Time": 78.89,
                                                        "Actual Total Time": 78.891,
                                                        "Actual Rows": 30286,
                                                        "Actual Loops": 1
                                                    },
                                                    {
                                                        "Worker Number": 1,
                                                        "Actual Startup Time": 78.889,
                                                        "Actual Total Time": 78.89,
                                                        "Actual Rows": 33003,
                                                        "Actual Loops": 1
                                                    },
                                                    {
                                                        "Worker Number": 2,
                                                        "Actual Startup Time": 79.044,
                                                        "Actual Total Time": 79.045,
                                                        "Actual Rows": 32900,
                                                        "Actual Loops": 1
                                                    },
                                                    {
                                                        "Worker Number": 3,
                                                        "Actual Startup Time": 79.076,
                                                        "Actual Total Time": 79.077,
                                                        "Actual Rows": 32857,
                                                        "Actual Loops": 1
                                                    }
                                                ],
                                                "Plans": [
                                                    {
                                                        "Node Type": "Seq Scan",
                                                        "Parent Relationship": "Outer",
                                                        "Parallel Aware": true,
                                                        "Relation Name": "movie_companies",
                                                        "Schema": "public",
                                                        "Alias": "mc",
                                                        "Startup Cost": 0.0,
                                                        "Total Cost": 31414.82,
                                                        "Plan Rows": 36921,
                                                        "Plan Width": 4,
                                                        "Actual Startup Time": 0.045,
                                                        "Actual Total Time": 61.265,
                                                        "Actual Rows": 35655,
                                                        "Actual Loops": 5,
                                                        "Output": [
                                                            "mc.movie_id"
                                                        ],
                                                        "Filter": "((mc.company_id < 93) AND (mc.company_type_id < 2))",
                                                        "Rows Removed by Filter": 486171,
                                                        "Workers": [
                                                            {
                                                                "Worker Number": 0,
                                                                "Actual Startup Time": 0.053,
                                                                "Actual Total Time": 61.142,
                                                                "Actual Rows": 30286,
                                                                "Actual Loops": 1
                                                            },
                                                            {
                                                                "Worker Number": 1,
                                                                "Actual Startup Time": 0.054,
                                                                "Actual Total Time": 60.665,
                                                                "Actual Rows": 33003,
                                                                "Actual Loops": 1
                                                            },
                                                            {
                                                                "Worker Number": 2,
                                                                "Actual Startup Time": 0.043,
                                                                "Actual Total Time": 60.721,
                                                                "Actual Rows": 32900,
                                                                "Actual Loops": 1
                                                            },
                                                            {
                                                                "Worker Number": 3,
                                                                "Actual Startup Time": 0.05,
                                                                "Actual Total Time": 60.796,
                                                                "Actual Rows": 32857,
                                                                "Actual Loops": 1
                                                            }
                                                        ]
                                                    }
                                                ]
                                            }
                                        ]
                                    },
                                    {
                                        "Node Type": "Index Scan",
                                        "Parent Relationship": "Inner",
                                        "Parallel Aware": false,
                                        "Scan Direction": "Forward",
                                        "Index Name": "movie_id_movie_keyword",
                                        "Relation Name": "movie_keyword",
                                        "Schema": "public",
                                        "Alias": "mk",
                                        "Startup Cost": 0.43,
                                        "Total Cost": 1.54,
                                        "Plan Rows": 23,
                                        "Plan Width": 4,
                                        "Actual Startup Time": 0.007,
                                        "Actual Total Time": 0.01,
                                        "Actual Rows": 11,
                                        "Actual Loops": 54496,
                                        "Output": [
                                            "mk.id",
                                            "mk.movie_id",
                                            "mk.keyword_id"
                                        ],
                                        "Index Cond": "(mk.movie_id = t.id)",
                                        "Rows Removed by Index Recheck": 0,
                                        "Filter": "(mk.keyword_id < 4935)",
                                        "Rows Removed by Filter": 12,
                                        "Workers": [
                                            {
                                                "Worker Number": 0,
                                                "Actual Startup Time": 0.011,
                                                "Actual Total Time": 0.015,
                                                "Actual Rows": 11,
                                                "Actual Loops": 7166
                                            },
                                            {
                                                "Worker Number": 1,
                                                "Actual Startup Time": 0.007,
                                                "Actual Total Time": 0.01,
                                                "Actual Rows": 11,
                                                "Actual Loops": 10744
                                            },
                                            {
                                                "Worker Number": 2,
                                                "Actual Startup Time": 0.007,
                                                "Actual Total Time": 0.01,
                                                "Actual Rows": 12,
                                                "Actual Loops": 10323
                                            },
                                            {
                                                "Worker Number": 3,
                                                "Actual Startup Time": 0.007,
                                                "Actual Total Time": 0.01,
                                                "Actual Rows": 11,
                                                "Actual Loops": 10429
                                            }
                                        ]
                                    }
                                ]
                            }
                        ]
                    }
                ]
            }
        ]
    },
    "Planning Time": 1.669,
    "Triggers": [],
    "Execution Time": 359.156
}