[
  {
    "Plan": {
      "Node Type": "Aggregate",
      "Strategy": "Plain",
      "Partial Mode": "Finalize",
      "Parallel Aware": false,
      "Startup Cost": 40123.85,
      "Total Cost": 40123.86,
      "Plan Rows": 1,
      "Plan Width": 8,
      "Actual Startup Time": 136.143,
      "Actual Total Time": 142.08,
      "Actual Rows": 1,
      "Actual Loops": 1,
      "Plans": [
        {
          "Node Type": "Gather",
          "Parent Relationship": "Outer",
          "Parallel Aware": false,
          "Startup Cost": 40123.54,
          "Total Cost": 40123.85,
          "Plan Rows": 3,
          "Plan Width": 8,
          "Actual Startup Time": 135.948,
          "Actual Total Time": 142.07,
          "Actual Rows": 4,
          "Actual Loops": 1,
          "Workers Planned": 3,
          "Workers Launched": 3,
          "Single Copy": false,
          "Plans": [
            {
              "Node Type": "Aggregate",
              "Strategy": "Plain",
              "Partial Mode": "Partial",
              "Parent Relationship": "Outer",
              "Parallel Aware": false,
              "Startup Cost": 39123.54,
              "Total Cost": 39123.55,
              "Plan Rows": 1,
              "Plan Width": 8,
              "Actual Startup Time": 131.405,
              "Actual Total Time": 131.406,
              "Actual Rows": 1,
              "Actual Loops": 4,
              "Plans": [
                {
                  "Node Type": "Bitmap Heap Scan",
                  "Parent Relationship": "Outer",
                  "Parallel Aware": true,
                  "Relation Name": "movie_keyword",
                  "Alias": "mk",
                  "Startup Cost": 11944.71,
                  "Total Cost": 38669.4,
                  "Plan Rows": 181655,
                  "Plan Width": 0,
                  "Actual Startup Time": 51.152,
                  "Actual Total Time": 123.365,
                  "Actual Rows": 142574,
                  "Actual Loops": 4,
                  "Recheck Cond": "(keyword_id < 405)",
                  "Rows Removed by Index Recheck": 0,
                  "Exact Heap Blocks": 9098,
                  "Lossy Heap Blocks": 0,
                  "Plans": [
                    {
                      "Node Type": "Bitmap Index Scan",
                      "Parent Relationship": "Outer",
                      "Parallel Aware": false,
                      "Index Name": "keyword_id_movie_keyword",
                      "Startup Cost": 0.0,
                      "Total Cost": 11803.92,
                      "Plan Rows": 563132,
                      "Plan Width": 0,
                      "Actual Startup Time": 50.964,
                      "Actual Total Time": 50.965,
                      "Actual Rows": 570298,
                      "Actual Loops": 1,
                      "Index Cond": "(keyword_id < 405)"
                    }
                  ]
                }
              ]
            }
          ]
        }
      ]
    },
    "Planning Time": 0.198,
    "Triggers": [],
    "Execution Time": 142.17
  }
]