{
  "Plan": {
    "Node Type": "Aggregate",
    "Strategy": "Plain",
    "Partial Mode": "Finalize",
    "Parallel Aware": false,
    "Startup Cost": 162114.73,
    "Total Cost": 162114.74,
    "Plan Rows": 1,
    "Plan Width": 8,
    "Actual Startup Time": 592.156,
    "Actual Total Time": 614.144,
    "Actual Rows": 1,
    "Actual Loops": 1,
    "Plans": [
      {
        "Node Type": "Gather",
        "Parent Relationship": "Outer",
        "Parallel Aware": false,
        "Startup Cost": 162114.62,
        "Total Cost": 162114.73,
        "Plan Rows": 1,
        "Plan Width": 8,
        "Actual Startup Time": 591.558,
        "Actual Total Time": 614.137,
        "Actual Rows": 2,
        "Actual Loops": 1,
        "Workers Planned": 1,
        "Workers Launched": 1,
        "Single Copy": false,
        "Plans": [
          {
            "Node Type": "Aggregate",
            "Strategy": "Plain",
            "Partial Mode": "Partial",
            "Parent Relationship": "Outer",
            "Parallel Aware": false,
            "Startup Cost": 161114.62,
            "Total Cost": 161114.63,
            "Plan Rows": 1,
            "Plan Width": 8,
            "Actual Startup Time": 585.705,
            "Actual Total Time": 585.71,
            "Actual Rows": 1,
            "Actual Loops": 2,
            "Plans": [
              {
                "Node Type": "Hash Join",
                "Parent Relationship": "Outer",
                "Parallel Aware": true,
                "Join Type": "Inner",
                "Startup Cost": 117882.9,
                "Total Cost": 161070.03,
                "Plan Rows": 17835,
                "Plan Width": 0,
                "Actual Startup Time": 517.164,
                "Actual Total Time": 585.386,
                "Actual Rows": 7801,
                "Actual Loops": 2,
                "Inner Unique": false,
                "Hash Cond": "(mc.movie_id = t.id)",
                "Plans": [
                  {
                    "Node Type": "Seq Scan",
                    "Parent Relationship": "Outer",
                    "Parallel Aware": true,
                    "Relation Name": "movie_companies",
                    "Alias": "mc",
                    "Startup Cost": 0.0,
                    "Total Cost": 41811.73,
                    "Plan Rows": 338799,
                    "Plan Width": 4,
                    "Actual Startup Time": 49.762,
                    "Actual Total Time": 101.367,
                    "Actual Rows": 183326,
                    "Actual Loops": 2,
                    "Filter": "((company_id < 8304) AND (company_type_id = 2))",
                    "Rows Removed by Filter": 1121238
                  },
                  {
                    "Node Type": "Hash",
                    "Parent Relationship": "Inner",
                    "Parallel Aware": true,
                    "Startup Cost": 116904.25,
                    "Total Cost": 116904.25,
                    "Plan Rows": 78292,
                    "Plan Width": 8,
                    "Actual Startup Time": 463.306,
                    "Actual Total Time": 463.309,
                    "Actual Rows": 20970,
                    "Actual Loops": 2,
                    "Hash Buckets": 262144,
                    "Original Hash Buckets": 262144,
                    "Hash Batches": 1,
                    "Original Hash Batches": 1,
                    "Peak Memory Usage": 3712,
                    "Plans": [
                      {
                        "Node Type": "Hash Join",
                        "Parent Relationship": "Outer",
                        "Parallel Aware": true,
                        "Join Type": "Inner",
                        "Startup Cost": 58853.41,
                        "Total Cost": 116904.25,
                        "Plan Rows": 78292,
                        "Plan Width": 8,
                        "Actual Startup Time": 151.92,
                        "Actual Total Time": 459.512,
                        "Actual Rows": 20970,
                        "Actual Loops": 2,
                        "Inner Unique": true,
                        "Hash Cond": "(mk.movie_id = t.id)",
                        "Plans": [
                          {
                            "Node Type": "Seq Scan",
                            "Parent Relationship": "Outer",
                            "Parallel Aware": true,
                            "Relation Name": "movie_keyword",
                            "Alias": "mk",
                            "Startup Cost": 0.0,
                            "Total Cost": 51065.35,
                            "Plan Rows": 2661135,
                            "Plan Width": 4,
                            "Actual Startup Time": 0.013,
                            "Actual Total Time": 148.894,
                            "Actual Rows": 2261965,
                            "Actual Loops": 2
                          },
                          {
                            "Node Type": "Hash",
                            "Parent Relationship": "Inner",
                            "Parallel Aware": true,
                            "Startup Cost": 58306.47,
                            "Total Cost": 58306.47,
                            "Plan Rows": 43755,
                            "Plan Width": 4,
                            "Actual Startup Time": 150.65,
                            "Actual Total Time": 150.651,
                            "Actual Rows": 42054,
                            "Actual Loops": 2,
                            "Hash Buckets": 131072,
                            "Original Hash Buckets": 131072,
                            "Hash Batches": 1,
                            "Original Hash Batches": 1,
                            "Peak Memory Usage": 4352,
                            "Plans": [
                              {
                                "Node Type": "Seq Scan",
                                "Parent Relationship": "Outer",
                                "Parallel Aware": true,
                                "Relation Name": "title",
                                "Alias": "t",
                                "Startup Cost": 0.0,
                                "Total Cost": 58306.47,
                                "Plan Rows": 43755,
                                "Plan Width": 4,
                                "Actual Startup Time": 0.032,
                                "Actual Total Time": 138.656,
                                "Actual Rows": 42054,
                                "Actual Loops": 2,
                                "Filter": "((kind_id = 7) AND (production_year = 2008))",
                                "Rows Removed by Filter": 1222102
                              }
                            ]
                          }
                        ]
                      }
                    ]
                  }
                ]
              }
            ]
          }
        ]
      }
    ]
  },
  "Planning Time": 1.011,
  "Triggers": [],
  "Execution Time": 614.223
}