[
    {
        "Bao": {
            "Bao prediction": "NaN",
            "Bao recommended hint": "(no hint)"
        }
    },
    {
        "Plan": {
            "Node Type": "Aggregate",
            "Strategy": "Plain",
            "Partial Mode": "Finalize",
            "Parallel Aware": false,
            "Startup Cost": 501909.02,
            "Total Cost": 501909.03,
            "Plan Rows": 1,
            "Plan Width": 8,
            "Actual Startup Time": 673.86,
            "Actual Total Time": 708.139,
            "Actual Rows": 1,
            "Actual Loops": 1,
            "Output": [
                "count(*)"
            ],
            "Plans": [
                {
                    "Node Type": "Gather",
                    "Parent Relationship": "Outer",
                    "Parallel Aware": false,
                    "Startup Cost": 501908.5,
                    "Total Cost": 501909.01,
                    "Plan Rows": 5,
                    "Plan Width": 8,
                    "Actual Startup Time": 673.47,
                    "Actual Total Time": 708.13,
                    "Actual Rows": 6,
                    "Actual Loops": 1,
                    "Output": [
                        "(PARTIAL count(*))"
                    ],
                    "Workers Planned": 5,
                    "Workers Launched": 5,
                    "Single Copy": false,
                    "Plans": [
                        {
                            "Node Type": "Aggregate",
                            "Strategy": "Plain",
                            "Partial Mode": "Partial",
                            "Parent Relationship": "Outer",
                            "Parallel Aware": false,
                            "Startup Cost": 500908.5,
                            "Total Cost": 500908.51,
                            "Plan Rows": 1,
                            "Plan Width": 8,
                            "Actual Startup Time": 663.485,
                            "Actual Total Time": 663.488,
                            "Actual Rows": 1,
                            "Actual Loops": 6,
                            "Output": [
                                "PARTIAL count(*)"
                            ],
                            "Workers": [
                                {
                                    "Worker Number": 0,
                                    "Actual Startup Time": 661.216,
                                    "Actual Total Time": 661.219,
                                    "Actual Rows": 1,
                                    "Actual Loops": 1
                                },
                                {
                                    "Worker Number": 1,
                                    "Actual Startup Time": 661.602,
                                    "Actual Total Time": 661.605,
                                    "Actual Rows": 1,
                                    "Actual Loops": 1
                                },
                                {
                                    "Worker Number": 2,
                                    "Actual Startup Time": 661.365,
                                    "Actual Total Time": 661.367,
                                    "Actual Rows": 1,
                                    "Actual Loops": 1
                                },
                                {
                                    "Worker Number": 3,
                                    "Actual Startup Time": 661.418,
                                    "Actual Total Time": 661.42,
                                    "Actual Rows": 1,
                                    "Actual Loops": 1
                                },
                                {
                                    "Worker Number": 4,
                                    "Actual Startup Time": 662.235,
                                    "Actual Total Time": 662.238,
                                    "Actual Rows": 1,
                                    "Actual Loops": 1
                                }
                            ],
                            "Plans": [
                                {
                                    "Node Type": "Nested Loop",
                                    "Parent Relationship": "Outer",
                                    "Parallel Aware": false,
                                    "Join Type": "Inner",
                                    "Startup Cost": 45862.25,
                                    "Total Cost": 496089.02,
                                    "Plan Rows": 1927791,
                                    "Plan Width": 0,
                                    "Actual Startup Time": 75.654,
                                    "Actual Total Time": 661.427,
                                    "Actual Rows": 29940,
                                    "Actual Loops": 6,
                                    "Inner Unique": false,
                                    "Join Filter": "(t.id = ci.movie_id)",
                                    "Rows Removed by Join Filter": 0,
                                    "Workers": [
                                        {
                                            "Worker Number": 0,
                                            "Actual Startup Time": 73.273,
                                            "Actual Total Time": 658.86,
                                            "Actual Rows": 21942,
                                            "Actual Loops": 1
                                        },
                                        {
                                            "Worker Number": 1,
                                            "Actual Startup Time": 73.86,
                                            "Actual Total Time": 659.523,
                                            "Actual Rows": 18852,
                                            "Actual Loops": 1
                                        },
                                        {
                                            "Worker Number": 2,
                                            "Actual Startup Time": 73.671,
                                            "Actual Total Time": 659.359,
                                            "Actual Rows": 31713,
                                            "Actual Loops": 1
                                        },
                                        {
                                            "Worker Number": 3,
                                            "Actual Startup Time": 73.586,
                                            "Actual Total Time": 659.479,
                                            "Actual Rows": 30532,
                                            "Actual Loops": 1
                                        },
                                        {
                                            "Worker Number": 4,
                                            "Actual Startup Time": 74.615,
                                            "Actual Total Time": 660.055,
                                            "Actual Rows": 36939,
                                            "Actual Loops": 1
                                        }
                                    ],
                                    "Plans": [
                                        {
                                            "Node Type": "Hash Join",
                                            "Parent Relationship": "Outer",
                                            "Parallel Aware": true,
                                            "Join Type": "Inner",
                                            "Startup Cost": 45861.68,
                                            "Total Cost": 252032.91,
                                            "Plan Rows": 134447,
                                            "Plan Width": 8,
                                            "Actual Startup Time": 75.51,
                                            "Actual Total Time": 590.435,
                                            "Actual Rows": 3954,
                                            "Actual Loops": 6,
                                            "Output": [
                                                "t.id",
                                                "mi.movie_id"
                                            ],
                                            "Inner Unique": true,
                                            "Hash Cond": "(mi.movie_id = t.id)",
                                            "Workers": [
                                                {
                                                    "Worker Number": 0,
                                                    "Actual Startup Time": 73.138,
                                                    "Actual Total Time": 581.136,
                                                    "Actual Rows": 2866,
                                                    "Actual Loops": 1
                                                },
                                                {
                                                    "Worker Number": 1,
                                                    "Actual Startup Time": 73.433,
                                                    "Actual Total Time": 587.147,
                                                    "Actual Rows": 2549,
                                                    "Actual Loops": 1
                                                },
                                                {
                                                    "Worker Number": 2,
                                                    "Actual Startup Time": 73.583,
                                                    "Actual Total Time": 583.615,
                                                    "Actual Rows": 4396,
                                                    "Actual Loops": 1
                                                },
                                                {
                                                    "Worker Number": 3,
                                                    "Actual Startup Time": 73.492,
                                                    "Actual Total Time": 587.7,
                                                    "Actual Rows": 4034,
                                                    "Actual Loops": 1
                                                },
                                                {
                                                    "Worker Number": 4,
                                                    "Actual Startup Time": 74.519,
                                                    "Actual Total Time": 581.385,
                                                    "Actual Rows": 4640,
                                                    "Actual Loops": 1
                                                }
                                            ],
                                            "Plans": [
                                                {
                                                    "Node Type": "Seq Scan",
                                                    "Parent Relationship": "Outer",
                                                    "Parallel Aware": true,
                                                    "Relation Name": "movie_info",
                                                    "Schema": "public",
                                                    "Alias": "mi",
                                                    "Startup Cost": 0.0,
                                                    "Total Cost": 198880.74,
                                                    "Plan Rows": 2777326,
                                                    "Plan Width": 4,
                                                    "Actual Startup Time": 0.028,
                                                    "Actual Total Time": 341.227,
                                                    "Actual Rows": 2327249,
                                                    "Actual Loops": 6,
                                                    "Output": [
                                                        "mi.id",
                                                        "mi.movie_id",
                                                        "mi.info_type_id",
                                                        "mi.info",
                                                        "mi.note"
                                                    ],
                                                    "Filter": "(mi.info_type_id < 98)",
                                                    "Rows Removed by Filter": 145371,
                                                    "Workers": [
                                                        {
                                                            "Worker Number": 0,
                                                            "Actual Startup Time": 0.035,
                                                            "Actual Total Time": 338.718,
                                                            "Actual Rows": 1624943,
                                                            "Actual Loops": 1
                                                        },
                                                        {
                                                            "Worker Number": 1,
                                                            "Actual Startup Time": 0.036,
                                                            "Actual Total Time": 346.666,
                                                            "Actual Rows": 1609445,
                                                            "Actual Loops": 1
                                                        },
                                                        {
                                                            "Worker Number": 2,
                                                            "Actual Startup Time": 0.023,
                                                            "Actual Total Time": 338.332,
                                                            "Actual Rows": 2467049,
                                                            "Actual Loops": 1
                                                        },
                                                        {
                                                            "Worker Number": 3,
                                                            "Actual Startup Time": 0.029,
                                                            "Actual Total Time": 341.396,
                                                            "Actual Rows": 2521050,
                                                            "Actual Loops": 1
                                                        },
                                                        {
                                                            "Worker Number": 4,
                                                            "Actual Startup Time": 0.032,
                                                            "Actual Total Time": 344.083,
                                                            "Actual Rows": 2486373,
                                                            "Actual Loops": 1
                                                        }
                                                    ]
                                                },
                                                {
                                                    "Node Type": "Hash",
                                                    "Parent Relationship": "Inner",
                                                    "Parallel Aware": true,
                                                    "Startup Cost": 45479.21,
                                                    "Total Cost": 45479.21,
                                                    "Plan Rows": 30598,
                                                    "Plan Width": 4,
                                                    "Actual Startup Time": 74.101,
                                                    "Actual Total Time": 74.102,
                                                    "Actual Rows": 853,
                                                    "Actual Loops": 6,
                                                    "Output": [
                                                        "t.id"
                                                    ],
                                                    "Hash Buckets": 131072,
                                                    "Original Hash Buckets": 131072,
                                                    "Hash Batches": 1,
                                                    "Original Hash Batches": 1,
                                                    "Peak Memory Usage": 1280,
                                                    "Workers": [
                                                        {
                                                            "Worker Number": 0,
                                                            "Actual Startup Time": 71.968,
                                                            "Actual Total Time": 71.969,
                                                            "Actual Rows": 536,
                                                            "Actual Loops": 1
                                                        },
                                                        {
                                                            "Worker Number": 1,
                                                            "Actual Startup Time": 72.449,
                                                            "Actual Total Time": 72.45,
                                                            "Actual Rows": 550,
                                                            "Actual Loops": 1
                                                        },
                                                        {
                                                            "Worker Number": 2,
                                                            "Actual Startup Time": 72.09,
                                                            "Actual Total Time": 72.091,
                                                            "Actual Rows": 740,
                                                            "Actual Loops": 1
                                                        },
                                                        {
                                                            "Worker Number": 3,
                                                            "Actual Startup Time": 72.053,
                                                            "Actual Total Time": 72.054,
                                                            "Actual Rows": 717,
                                                            "Actual Loops": 1
                                                        },
                                                        {
                                                            "Worker Number": 4,
                                                            "Actual Startup Time": 73.104,
                                                            "Actual Total Time": 73.105,
                                                            "Actual Rows": 731,
                                                            "Actual Loops": 1
                                                        }
                                                    ],
                                                    "Plans": [
                                                        {
                                                            "Node Type": "Seq Scan",
                                                            "Parent Relationship": "Outer",
                                                            "Parallel Aware": true,
                                                            "Relation Name": "title",
                                                            "Schema": "public",
                                                            "Alias": "t",
                                                            "Startup Cost": 0.0,
                                                            "Total Cost": 45479.21,
                                                            "Plan Rows": 30598,
                                                            "Plan Width": 4,
                                                            "Actual Startup Time": 0.486,
                                                            "Actual Total Time": 73.225,
                                                            "Actual Rows": 853,
                                                            "Actual Loops": 6,
                                                            "Output": [
                                                                "t.id"
                                                            ],
                                                            "Filter": "((t.kind_id > 1) AND (t.production_year < 1951))",
                                                            "Rows Removed by Filter": 420532,
                                                            "Workers": [
                                                                {
                                                                    "Worker Number": 0,
                                                                    "Actual Startup Time": 0.916,
                                                                    "Actual Total Time": 71.111,
                                                                    "Actual Rows": 536,
                                                                    "Actual Loops": 1
                                                                },
                                                                {
                                                                    "Worker Number": 1,
                                                                    "Actual Startup Time": 0.105,
                                                                    "Actual Total Time": 71.541,
                                                                    "Actual Rows": 550,
                                                                    "Actual Loops": 1
                                                                },
                                                                {
                                                                    "Worker Number": 2,
                                                                    "Actual Startup Time": 1.25,
                                                                    "Actual Total Time": 71.116,
                                                                    "Actual Rows": 740,
                                                                    "Actual Loops": 1
                                                                },
                                                                {
                                                                    "Worker Number": 3,
                                                                    "Actual Startup Time": 0.218,
                                                                    "Actual Total Time": 71.142,
                                                                    "Actual Rows": 717,
                                                                    "Actual Loops": 1
                                                                },
                                                                {
                                                                    "Worker Number": 4,
                                                                    "Actual Startup Time": 0.255,
                                                                    "Actual Total Time": 72.277,
                                                                    "Actual Rows": 731,
                                                                    "Actual Loops": 1
                                                                }
                                                            ]
                                                        }
                                                    ]
                                                }
                                            ]
                                        },
                                        {
                                            "Node Type": "Index Only Scan",
                                            "Parent Relationship": "Inner",
                                            "Parallel Aware": false,
                                            "Scan Direction": "Forward",
                                            "Index Name": "movie_id_cast_info",
                                            "Relation Name": "cast_info",
                                            "Schema": "public",
                                            "Alias": "ci",
                                            "Startup Cost": 0.56,
                                            "Total Cost": 1.34,
                                            "Plan Rows": 38,
                                            "Plan Width": 4,
                                            "Actual Startup Time": 0.007,
                                            "Actual Total Time": 0.017,
                                            "Actual Rows": 8,
                                            "Actual Loops": 23723,
                                            "Output": [
                                                "ci.movie_id"
                                            ],
                                            "Index Cond": "(ci.movie_id = mi.movie_id)",
                                            "Rows Removed by Index Recheck": 0,
                                            "Heap Fetches": 179640,
                                            "Workers": [
                                                {
                                                    "Worker Number": 0,
                                                    "Actual Startup Time": 0.01,
                                                    "Actual Total Time": 0.025,
                                                    "Actual Rows": 8,
                                                    "Actual Loops": 2866
                                                },
                                                {
                                                    "Worker Number": 1,
                                                    "Actual Startup Time": 0.011,
                                                    "Actual Total Time": 0.027,
                                                    "Actual Rows": 7,
                                                    "Actual Loops": 2549
                                                },
                                                {
                                                    "Worker Number": 2,
                                                    "Actual Startup Time": 0.007,
                                                    "Actual Total Time": 0.016,
                                                    "Actual Rows": 7,
                                                    "Actual Loops": 4396
                                                },
                                                {
                                                    "Worker Number": 3,
                                                    "Actual Startup Time": 0.007,
                                                    "Actual Total Time": 0.017,
                                                    "Actual Rows": 8,
                                                    "Actual Loops": 4034
                                                },
                                                {
                                                    "Worker Number": 4,
                                                    "Actual Startup Time": 0.006,
                                                    "Actual Total Time": 0.016,
                                                    "Actual Rows": 8,
                                                    "Actual Loops": 4640
                                                }
                                            ]
                                        }
                                    ]
                                }
                            ]
                        }
                    ]
                }
            ]
        },
        "Planning Time": 182.551,
        "Triggers": [],
        "Execution Time": 708.227
    }
]