[
  {
    "Plan": {
      "Node Type": "Aggregate",
      "Strategy": "Plain",
      "Partial Mode": "Finalize",
      "Parallel Aware": false,
      "Startup Cost": 26774.84,
      "Total Cost": 26774.85,
      "Plan Rows": 1,
      "Plan Width": 8,
      "Actual Startup Time": 71.354,
      "Actual Total Time": 75.876,
      "Actual Rows": 1,
      "Actual Loops": 1,
      "Plans": [
        {
          "Node Type": "Gather",
          "Parent Relationship": "Outer",
          "Parallel Aware": false,
          "Startup Cost": 26774.52,
          "Total Cost": 26774.83,
          "Plan Rows": 3,
          "Plan Width": 8,
          "Actual Startup Time": 71.2,
          "Actual Total Time": 75.867,
          "Actual Rows": 4,
          "Actual Loops": 1,
          "Workers Planned": 3,
          "Workers Launched": 3,
          "Single Copy": false,
          "Plans": [
            {
              "Node Type": "Aggregate",
              "Strategy": "Plain",
              "Partial Mode": "Partial",
              "Parent Relationship": "Outer",
              "Parallel Aware": false,
              "Startup Cost": 25774.52,
              "Total Cost": 25774.53,
              "Plan Rows": 1,
              "Plan Width": 8,
              "Actual Startup Time": 62.043,
              "Actual Total Time": 62.044,
              "Actual Rows": 1,
              "Actual Loops": 4,
              "Plans": [
                {
                  "Node Type": "Bitmap Heap Scan",
                  "Parent Relationship": "Outer",
                  "Parallel Aware": true,
                  "Relation Name": "movie_companies",
                  "Alias": "mc",
                  "Startup Cost": 5616.5,
                  "Total Cost": 25667.79,
                  "Plan Rows": 42693,
                  "Plan Width": 0,
                  "Actual Startup Time": 24.431,
                  "Actual Total Time": 57.282,
                  "Actual Rows": 64704,
                  "Actual Loops": 4,
                  "Recheck Cond": "(company_id > 99620)",
                  "Rows Removed by Index Recheck": 0,
                  "Filter": "(company_type_id > 1)",
                  "Rows Removed by Filter": 0,
                  "Exact Heap Blocks": 2518,
                  "Lossy Heap Blocks": 0,
                  "Plans": [
                    {
                      "Node Type": "Bitmap Index Scan",
                      "Parent Relationship": "Outer",
                      "Parallel Aware": false,
                      "Index Name": "company_id_movie_companies",
                      "Startup Cost": 0.0,
                      "Total Cost": 5583.42,
                      "Plan Rows": 260665,
                      "Plan Width": 0,
                      "Actual Startup Time": 31.432,
                      "Actual Total Time": 31.432,
                      "Actual Rows": 258816,
                      "Actual Loops": 1,
                      "Index Cond": "(company_id > 99620)"
                    }
                  ]
                }
              ]
            }
          ]
        }
      ]
    },
    "Planning Time": 0.242,
    "Triggers": [],
    "Execution Time": 75.953
  }
]