[
  {
    "Plan": {
      "Node Type": "Aggregate",
      "Strategy": "Plain",
      "Partial Mode": "Finalize",
      "Parallel Aware": false,
      "Startup Cost": 297867.44,
      "Total Cost": 297867.45,
      "Plan Rows": 1,
      "Plan Width": 8,
      "Actual Startup Time": 2474.891,
      "Actual Total Time": 2529.898,
      "Actual Rows": 1,
      "Actual Loops": 1,
      "Plans": [
        {
          "Node Type": "Gather",
          "Parent Relationship": "Outer",
          "Parallel Aware": false,
          "Startup Cost": 297867.13,
          "Total Cost": 297867.44,
          "Plan Rows": 3,
          "Plan Width": 8,
          "Actual Startup Time": 2465.775,
          "Actual Total Time": 2529.884,
          "Actual Rows": 4,
          "Actual Loops": 1,
          "Workers Planned": 3,
          "Workers Launched": 3,
          "Single Copy": false,
          "Plans": [
            {
              "Node Type": "Aggregate",
              "Strategy": "Plain",
              "Partial Mode": "Partial",
              "Parent Relationship": "Outer",
              "Parallel Aware": false,
              "Startup Cost": 296867.13,
              "Total Cost": 296867.14,
              "Plan Rows": 1,
              "Plan Width": 8,
              "Actual Startup Time": 2456.919,
              "Actual Total Time": 2457.056,
              "Actual Rows": 1,
              "Actual Loops": 4,
              "Plans": [
                {
                  "Node Type": "Hash Join",
                  "Parent Relationship": "Outer",
                  "Parallel Aware": true,
                  "Join Type": "Inner",
                  "Startup Cost": 250688.0,
                  "Total Cost": 295945.29,
                  "Plan Rows": 368736,
                  "Plan Width": 0,
                  "Actual Startup Time": 1100.618,
                  "Actual Total Time": 2037.824,
                  "Actual Rows": 9444875,
                  "Actual Loops": 4,
                  "Inner Unique": false,
                  "Hash Cond": "(mk.movie_id = t.id)",
                  "Plans": [
                    {
                      "Node Type": "Seq Scan",
                      "Parent Relationship": "Outer",
                      "Parallel Aware": true,
                      "Relation Name": "movie_keyword",
                      "Alias": "mk",
                      "Startup Cost": 0.0,
                      "Total Cost": 39047.32,
                      "Plan Rows": 1459332,
                      "Plan Width": 4,
                      "Actual Startup Time": 0.033,
                      "Actual Total Time": 97.544,
                      "Actual Rows": 1130982,
                      "Actual Loops": 4
                    },
                    {
                      "Node Type": "Hash",
                      "Parent Relationship": "Inner",
                      "Parallel Aware": true,
                      "Startup Cost": 249090.91,
                      "Total Cost": 249090.91,
                      "Plan Rows": 127767,
                      "Plan Width": 8,
                      "Actual Startup Time": 1095.58,
                      "Actual Total Time": 1095.716,
                      "Actual Rows": 348642,
                      "Actual Loops": 4,
                      "Hash Buckets": 2097152,
                      "Original Hash Buckets": 1048576,
                      "Hash Batches": 1,
                      "Original Hash Batches": 1,
                      "Peak Memory Usage": 79200,
                      "Plans": [
                        {
                          "Node Type": "Hash Join",
                          "Parent Relationship": "Outer",
                          "Parallel Aware": true,
                          "Join Type": "Inner",
                          "Startup Cost": 46142.12,
                          "Total Cost": 249090.91,
                          "Plan Rows": 127767,
                          "Plan Width": 8,
                          "Actual Startup Time": 171.344,
                          "Actual Total Time": 955.348,
                          "Actual Rows": 348642,
                          "Actual Loops": 4,
                          "Inner Unique": true,
                          "Hash Cond": "(mi.movie_id = t.id)",
                          "Plans": [
                            {
                              "Node Type": "Seq Scan",
                              "Parent Relationship": "Outer",
                              "Parallel Aware": true,
                              "Relation Name": "movie_info",
                              "Alias": "mi",
                              "Startup Cost": 0.0,
                              "Total Cost": 198952.16,
                              "Plan Rows": 1522520,
                              "Plan Width": 4,
                              "Actual Startup Time": 25.655,
                              "Actual Total Time": 493.662,
                              "Actual Rows": 1887214,
                              "Actual Loops": 4,
                              "Filter": "(info_type_id > 7)",
                              "Rows Removed by Filter": 1821716
                            },
                            {
                              "Node Type": "Hash",
                              "Parent Relationship": "Inner",
                              "Parallel Aware": true,
                              "Startup Cost": 45479.1,
                              "Total Cost": 45479.1,
                              "Plan Rows": 53042,
                              "Plan Width": 4,
                              "Actual Startup Time": 144.704,
                              "Actual Total Time": 144.705,
                              "Actual Rows": 81864,
                              "Actual Loops": 4,
                              "Hash Buckets": 524288,
                              "Original Hash Buckets": 262144,
                              "Hash Batches": 1,
                              "Original Hash Batches": 1,
                              "Peak Memory Usage": 19040,
                              "Plans": [
                                {
                                  "Node Type": "Seq Scan",
                                  "Parent Relationship": "Outer",
                                  "Parallel Aware": true,
                                  "Relation Name": "title",
                                  "Alias": "t",
                                  "Startup Cost": 0.0,
                                  "Total Cost": 45479.1,
                                  "Plan Rows": 53042,
                                  "Plan Width": 4,
                                  "Actual Startup Time": 0.135,
                                  "Actual Total Time": 111.139,
                                  "Actual Rows": 81864,
                                  "Actual Loops": 4,
                                  "Filter": "((kind_id < 7) AND (production_year < 1983))",
                                  "Rows Removed by Filter": 550214
                                }
                              ]
                            }
                          ]
                        }
                      ]
                    }
                  ]
                }
              ]
            }
          ]
        }
      ]
    },
    "Planning Time": 1.438,
    "Triggers": [],
    "Execution Time": 2530.002
  }
]