[
  {
    "Plan": {
      "Node Type": "Aggregate",
      "Strategy": "Plain",
      "Partial Mode": "Finalize",
      "Parallel Aware": false,
      "Startup Cost": 345043.94,
      "Total Cost": 345043.95,
      "Plan Rows": 1,
      "Plan Width": 8,
      "Actual Startup Time": 373.687,
      "Actual Total Time": 432.052,
      "Actual Rows": 1,
      "Actual Loops": 1,
      "Plans": [
        {
          "Node Type": "Gather",
          "Parent Relationship": "Outer",
          "Parallel Aware": false,
          "Startup Cost": 345043.52,
          "Total Cost": 345043.93,
          "Plan Rows": 4,
          "Plan Width": 8,
          "Actual Startup Time": 373.388,
          "Actual Total Time": 432.026,
          "Actual Rows": 5,
          "Actual Loops": 1,
          "Workers Planned": 4,
          "Workers Launched": 4,
          "Single Copy": false,
          "Plans": [
            {
              "Node Type": "Aggregate",
              "Strategy": "Plain",
              "Partial Mode": "Partial",
              "Parent Relationship": "Outer",
              "Parallel Aware": false,
              "Startup Cost": 344043.52,
              "Total Cost": 344043.53,
              "Plan Rows": 1,
              "Plan Width": 8,
              "Actual Startup Time": 366.609,
              "Actual Total Time": 366.611,
              "Actual Rows": 1,
              "Actual Loops": 5,
              "Plans": [
                {
                  "Node Type": "Nested Loop",
                  "Parent Relationship": "Outer",
                  "Parallel Aware": false,
                  "Join Type": "Inner",
                  "Startup Cost": 0.56,
                  "Total Cost": 343952.51,
                  "Plan Rows": 36402,
                  "Plan Width": 0,
                  "Actual Startup Time": 0.715,
                  "Actual Total Time": 363.516,
                  "Actual Rows": 34828,
                  "Actual Loops": 5,
                  "Inner Unique": false,
                  "Plans": [
                    {
                      "Node Type": "Seq Scan",
                      "Parent Relationship": "Outer",
                      "Parallel Aware": true,
                      "Relation Name": "title",
                      "Alias": "t",
                      "Startup Cost": 0.0,
                      "Total Cost": 45479.59,
                      "Plan Rows": 9239,
                      "Plan Width": 4,
                      "Actual Startup Time": 0.035,
                      "Actual Total Time": 72.843,
                      "Actual Rows": 8387,
                      "Actual Loops": 5,
                      "Filter": "((kind_id = 7) AND (production_year = 2002))",
                      "Rows Removed by Filter": 497275
                    },
                    {
                      "Node Type": "Index Scan",
                      "Parent Relationship": "Inner",
                      "Parallel Aware": false,
                      "Scan Direction": "Forward",
                      "Index Name": "movie_id_cast_info",
                      "Relation Name": "cast_info",
                      "Alias": "ci",
                      "Startup Cost": 0.56,
                      "Total Cost": 32.21,
                      "Plan Rows": 10,
                      "Plan Width": 4,
                      "Actual Startup Time": 0.024,
                      "Actual Total Time": 0.034,
                      "Actual Rows": 4,
                      "Actual Loops": 41935,
                      "Index Cond": "(movie_id = t.id)",
                      "Rows Removed by Index Recheck": 0,
                      "Filter": "((person_id > 1366343) AND (role_id > 2))",
                      "Rows Removed by Filter": 9
                    }
                  ]
                }
              ]
            }
          ]
        }
      ]
    },
    "Planning Time": 0.692,
    "Triggers": [],
    "Execution Time": 432.146
  }
]