{
    "Plan": {
        "Node Type": "Aggregate",
        "Strategy": "Plain",
        "Partial Mode": "Finalize",
        "Parallel Aware": false,
        "Startup Cost": 398417.89,
        "Total Cost": 398417.9,
        "Plan Rows": 1,
        "Plan Width": 8,
        "Actual Startup Time": 1091.816,
        "Actual Total Time": 1143.763,
        "Actual Rows": 1,
        "Actual Loops": 1,
        "Output": [
            "count(*)"
        ],
        "Plans": [
            {
                "Node Type": "Gather",
                "Parent Relationship": "Outer",
                "Parallel Aware": false,
                "Startup Cost": 398417.27,
                "Total Cost": 398417.88,
                "Plan Rows": 6,
                "Plan Width": 8,
                "Actual Startup Time": 1090.258,
                "Actual Total Time": 1143.753,
                "Actual Rows": 7,
                "Actual Loops": 1,
                "Output": [
                    "(PARTIAL count(*))"
                ],
                "Workers Planned": 6,
                "Workers Launched": 6,
                "Single Copy": false,
                "Plans": [
                    {
                        "Node Type": "Aggregate",
                        "Strategy": "Plain",
                        "Partial Mode": "Partial",
                        "Parent Relationship": "Outer",
                        "Parallel Aware": false,
                        "Startup Cost": 397417.27,
                        "Total Cost": 397417.28,
                        "Plan Rows": 1,
                        "Plan Width": 8,
                        "Actual Startup Time": 1082.142,
                        "Actual Total Time": 1082.146,
                        "Actual Rows": 1,
                        "Actual Loops": 7,
                        "Output": [
                            "PARTIAL count(*)"
                        ],
                        "Workers": [
                            {
                                "Worker Number": 0,
                                "Actual Startup Time": 1078.148,
                                "Actual Total Time": 1078.151,
                                "Actual Rows": 1,
                                "Actual Loops": 1
                            },
                            {
                                "Worker Number": 1,
                                "Actual Startup Time": 1078.157,
                                "Actual Total Time": 1078.161,
                                "Actual Rows": 1,
                                "Actual Loops": 1
                            },
                            {
                                "Worker Number": 2,
                                "Actual Startup Time": 1078.445,
                                "Actual Total Time": 1078.448,
                                "Actual Rows": 1,
                                "Actual Loops": 1
                            },
                            {
                                "Worker Number": 3,
                                "Actual Startup Time": 1083.381,
                                "Actual Total Time": 1083.383,
                                "Actual Rows": 1,
                                "Actual Loops": 1
                            },
                            {
                                "Worker Number": 4,
                                "Actual Startup Time": 1083.51,
                                "Actual Total Time": 1083.512,
                                "Actual Rows": 1,
                                "Actual Loops": 1
                            },
                            {
                                "Worker Number": 5,
                                "Actual Startup Time": 1083.632,
                                "Actual Total Time": 1083.635,
                                "Actual Rows": 1,
                                "Actual Loops": 1
                            }
                        ],
                        "Plans": [
                            {
                                "Node Type": "Hash Join",
                                "Parent Relationship": "Outer",
                                "Parallel Aware": true,
                                "Join Type": "Inner",
                                "Startup Cost": 46131.33,
                                "Total Cost": 396836.65,
                                "Plan Rows": 232247,
                                "Plan Width": 0,
                                "Actual Startup Time": 312.303,
                                "Actual Total Time": 1073.057,
                                "Actual Rows": 157009,
                                "Actual Loops": 7,
                                "Inner Unique": true,
                                "Hash Cond": "(ci.movie_id = t.id)",
                                "Workers": [
                                    {
                                        "Worker Number": 0,
                                        "Actual Startup Time": 308.049,
                                        "Actual Total Time": 1068.706,
                                        "Actual Rows": 119896,
                                        "Actual Loops": 1
                                    },
                                    {
                                        "Worker Number": 1,
                                        "Actual Startup Time": 308.33,
                                        "Actual Total Time": 1068.559,
                                        "Actual Rows": 122061,
                                        "Actual Loops": 1
                                    },
                                    {
                                        "Worker Number": 2,
                                        "Actual Startup Time": 308.508,
                                        "Actual Total Time": 1069.843,
                                        "Actual Rows": 179209,
                                        "Actual Loops": 1
                                    },
                                    {
                                        "Worker Number": 3,
                                        "Actual Startup Time": 313.607,
                                        "Actual Total Time": 1074.539,
                                        "Actual Rows": 171773,
                                        "Actual Loops": 1
                                    },
                                    {
                                        "Worker Number": 4,
                                        "Actual Startup Time": 313.853,
                                        "Actual Total Time": 1074.746,
                                        "Actual Rows": 169916,
                                        "Actual Loops": 1
                                    },
                                    {
                                        "Worker Number": 5,
                                        "Actual Startup Time": 313.999,
                                        "Actual Total Time": 1074.173,
                                        "Actual Rows": 121319,
                                        "Actual Loops": 1
                                    }
                                ],
                                "Plans": [
                                    {
                                        "Node Type": "Seq Scan",
                                        "Parent Relationship": "Outer",
                                        "Parallel Aware": true,
                                        "Relation Name": "cast_info",
                                        "Schema": "public",
                                        "Alias": "ci",
                                        "Startup Cost": 0.0,
                                        "Total Cost": 343318.94,
                                        "Plan Rows": 2813854,
                                        "Plan Width": 4,
                                        "Actual Startup Time": 231.696,
                                        "Actual Total Time": 704.96,
                                        "Actual Rows": 1906602,
                                        "Actual Loops": 7,
                                        "Output": [
                                            "ci.id",
                                            "ci.person_id",
                                            "ci.movie_id",
                                            "ci.person_role_id",
                                            "ci.note",
                                            "ci.nr_order",
                                            "ci.role_id"
                                        ],
                                        "Filter": "((ci.person_id < 2691406) AND (ci.role_id > 1))",
                                        "Rows Removed by Filter": 3271162,
                                        "Workers": [
                                            {
                                                "Worker Number": 0,
                                                "Actual Startup Time": 231.57,
                                                "Actual Total Time": 708.413,
                                                "Actual Rows": 1473841,
                                                "Actual Loops": 1
                                            },
                                            {
                                                "Worker Number": 1,
                                                "Actual Startup Time": 231.693,
                                                "Actual Total Time": 711.762,
                                                "Actual Rows": 1483521,
                                                "Actual Loops": 1
                                            },
                                            {
                                                "Worker Number": 2,
                                                "Actual Startup Time": 231.736,
                                                "Actual Total Time": 700.268,
                                                "Actual Rows": 2183284,
                                                "Actual Loops": 1
                                            },
                                            {
                                                "Worker Number": 3,
                                                "Actual Startup Time": 231.725,
                                                "Actual Total Time": 708.304,
                                                "Actual Rows": 2085151,
                                                "Actual Loops": 1
                                            },
                                            {
                                                "Worker Number": 4,
                                                "Actual Startup Time": 231.721,
                                                "Actual Total Time": 708.275,
                                                "Actual Rows": 2064941,
                                                "Actual Loops": 1
                                            },
                                            {
                                                "Worker Number": 5,
                                                "Actual Startup Time": 231.702,
                                                "Actual Total Time": 712.085,
                                                "Actual Rows": 1480481,
                                                "Actual Loops": 1
                                            }
                                        ]
                                    },
                                    {
                                        "Node Type": "Hash",
                                        "Parent Relationship": "Inner",
                                        "Parallel Aware": true,
                                        "Startup Cost": 45479.21,
                                        "Total Cost": 45479.21,
                                        "Plan Rows": 52170,
                                        "Plan Width": 4,
                                        "Actual Startup Time": 79.107,
                                        "Actual Total Time": 79.108,
                                        "Actual Rows": 26056,
                                        "Actual Loops": 7,
                                        "Output": [
                                            "t.id"
                                        ],
                                        "Hash Buckets": 262144,
                                        "Original Hash Buckets": 262144,
                                        "Hash Batches": 1,
                                        "Original Hash Batches": 1,
                                        "Peak Memory Usage": 9344,
                                        "Workers": [
                                            {
                                                "Worker Number": 0,
                                                "Actual Startup Time": 75.643,
                                                "Actual Total Time": 75.644,
                                                "Actual Rows": 20482,
                                                "Actual Loops": 1
                                            },
                                            {
                                                "Worker Number": 1,
                                                "Actual Startup Time": 75.849,
                                                "Actual Total Time": 75.85,
                                                "Actual Rows": 19482,
                                                "Actual Loops": 1
                                            },
                                            {
                                                "Worker Number": 2,
                                                "Actual Startup Time": 76.118,
                                                "Actual Total Time": 76.119,
                                                "Actual Rows": 28097,
                                                "Actual Loops": 1
                                            },
                                            {
                                                "Worker Number": 3,
                                                "Actual Startup Time": 81.306,
                                                "Actual Total Time": 81.306,
                                                "Actual Rows": 27861,
                                                "Actual Loops": 1
                                            },
                                            {
                                                "Worker Number": 4,
                                                "Actual Startup Time": 81.436,
                                                "Actual Total Time": 81.437,
                                                "Actual Rows": 28859,
                                                "Actual Loops": 1
                                            },
                                            {
                                                "Worker Number": 5,
                                                "Actual Startup Time": 81.515,
                                                "Actual Total Time": 81.516,
                                                "Actual Rows": 20702,
                                                "Actual Loops": 1
                                            }
                                        ],
                                        "Plans": [
                                            {
                                                "Node Type": "Seq Scan",
                                                "Parent Relationship": "Outer",
                                                "Parallel Aware": true,
                                                "Relation Name": "title",
                                                "Schema": "public",
                                                "Alias": "t",
                                                "Startup Cost": 0.0,
                                                "Total Cost": 45479.21,
                                                "Plan Rows": 52170,
                                                "Plan Width": 4,
                                                "Actual Startup Time": 37.496,
                                                "Actual Total Time": 69.525,
                                                "Actual Rows": 26056,
                                                "Actual Loops": 7,
                                                "Output": [
                                                    "t.id"
                                                ],
                                                "Filter": "((t.production_year > 2007) AND (t.kind_id = 1))",
                                                "Rows Removed by Filter": 335131,
                                                "Workers": [
                                                    {
                                                        "Worker Number": 0,
                                                        "Actual Startup Time": 39.58,
                                                        "Actual Total Time": 67.14,
                                                        "Actual Rows": 20482,
                                                        "Actual Loops": 1
                                                    },
                                                    {
                                                        "Worker Number": 1,
                                                        "Actual Startup Time": 39.93,
                                                        "Actual Total Time": 66.157,
                                                        "Actual Rows": 19482,
                                                        "Actual Loops": 1
                                                    },
                                                    {
                                                        "Worker Number": 2,
                                                        "Actual Startup Time": 40.073,
                                                        "Actual Total Time": 66.583,
                                                        "Actual Rows": 28097,
                                                        "Actual Loops": 1
                                                    },
                                                    {
                                                        "Worker Number": 3,
                                                        "Actual Startup Time": 45.521,
                                                        "Actual Total Time": 71.707,
                                                        "Actual Rows": 27861,
                                                        "Actual Loops": 1
                                                    },
                                                    {
                                                        "Worker Number": 4,
                                                        "Actual Startup Time": 45.289,
                                                        "Actual Total Time": 72.262,
                                                        "Actual Rows": 28859,
                                                        "Actual Loops": 1
                                                    },
                                                    {
                                                        "Worker Number": 5,
                                                        "Actual Startup Time": 45.535,
                                                        "Actual Total Time": 72.74,
                                                        "Actual Rows": 20702,
                                                        "Actual Loops": 1
                                                    }
                                                ]
                                            }
                                        ]
                                    }
                                ]
                            }
                        ]
                    }
                ]
            }
        ]
    },
    "Planning Time": 0.468,
    "Triggers": [],
    "Execution Time": 1143.829
}