[
  {
    "Plan": {
      "Node Type": "Aggregate",
      "Strategy": "Plain",
      "Partial Mode": "Finalize",
      "Parallel Aware": false,
      "Startup Cost": 204909.4,
      "Total Cost": 204909.41,
      "Plan Rows": 1,
      "Plan Width": 8,
      "Actual Startup Time": 468.371,
      "Actual Total Time": 505.694,
      "Actual Rows": 1,
      "Actual Loops": 1,
      "Plans": [
        {
          "Node Type": "Gather",
          "Parent Relationship": "Outer",
          "Parallel Aware": false,
          "Startup Cost": 204908.88,
          "Total Cost": 204909.39,
          "Plan Rows": 5,
          "Plan Width": 8,
          "Actual Startup Time": 468.236,
          "Actual Total Time": 505.684,
          "Actual Rows": 6,
          "Actual Loops": 1,
          "Workers Planned": 5,
          "Workers Launched": 5,
          "Single Copy": false,
          "Plans": [
            {
              "Node Type": "Aggregate",
              "Strategy": "Plain",
              "Partial Mode": "Partial",
              "Parent Relationship": "Outer",
              "Parallel Aware": false,
              "Startup Cost": 203908.88,
              "Total Cost": 203908.89,
              "Plan Rows": 1,
              "Plan Width": 8,
              "Actual Startup Time": 459.802,
              "Actual Total Time": 459.803,
              "Actual Rows": 1,
              "Actual Loops": 6,
              "Plans": [
                {
                  "Node Type": "Seq Scan",
                  "Parent Relationship": "Outer",
                  "Parallel Aware": true,
                  "Relation Name": "movie_info",
                  "Alias": "mi",
                  "Startup Cost": 0.0,
                  "Total Cost": 198952.16,
                  "Plan Rows": 1982687,
                  "Plan Width": 0,
                  "Actual Startup Time": 29.567,
                  "Actual Total Time": 379.917,
                  "Actual Rows": 1651959,
                  "Actual Loops": 6,
                  "Filter": "(info_type_id > 4)",
                  "Rows Removed by Filter": 820661
                }
              ]
            }
          ]
        }
      ]
    },
    "Planning Time": 0.169,
    "Triggers": [],
    "Execution Time": 505.785
  }
]