[
  {
    "Plan": {
      "Node Type": "Aggregate",
      "Strategy": "Plain",
      "Partial Mode": "Finalize",
      "Parallel Aware": false,
      "Startup Cost": 83896.47,
      "Total Cost": 83896.48,
      "Plan Rows": 1,
      "Plan Width": 8,
      "Actual Startup Time": 701.067,
      "Actual Total Time": 728.914,
      "Actual Rows": 1,
      "Actual Loops": 1,
      "Plans": [
        {
          "Node Type": "Gather",
          "Parent Relationship": "Outer",
          "Parallel Aware": false,
          "Startup Cost": 83896.15,
          "Total Cost": 83896.46,
          "Plan Rows": 3,
          "Plan Width": 8,
          "Actual Startup Time": 685.765,
          "Actual Total Time": 728.866,
          "Actual Rows": 4,
          "Actual Loops": 1,
          "Workers Planned": 3,
          "Workers Launched": 3,
          "Single Copy": false,
          "Plans": [
            {
              "Node Type": "Aggregate",
              "Strategy": "Plain",
              "Partial Mode": "Partial",
              "Parent Relationship": "Outer",
              "Parallel Aware": false,
              "Startup Cost": 82896.15,
              "Total Cost": 82896.16,
              "Plan Rows": 1,
              "Plan Width": 8,
              "Actual Startup Time": 667.32,
              "Actual Total Time": 667.33,
              "Actual Rows": 1,
              "Actual Loops": 4,
              "Plans": [
                {
                  "Node Type": "Hash Join",
                  "Parent Relationship": "Outer",
                  "Parallel Aware": true,
                  "Join Type": "Inner",
                  "Startup Cost": 56704.59,
                  "Total Cost": 82649.69,
                  "Plan Rows": 98585,
                  "Plan Width": 0,
                  "Actual Startup Time": 524.175,
                  "Actual Total Time": 661.384,
                  "Actual Rows": 79993,
                  "Actual Loops": 4,
                  "Inner Unique": true,
                  "Hash Cond": "(mk.movie_id = t.id)",
                  "Plans": [
                    {
                      "Node Type": "Bitmap Heap Scan",
                      "Parent Relationship": "Outer",
                      "Parallel Aware": true,
                      "Relation Name": "movie_keyword",
                      "Alias": "mk",
                      "Startup Cost": 6484.94,
                      "Total Cost": 32171.26,
                      "Plan Rows": 98585,
                      "Plan Width": 4,
                      "Actual Startup Time": 36.624,
                      "Actual Total Time": 115.282,
                      "Actual Rows": 79993,
                      "Actual Loops": 4,
                      "Recheck Cond": "(keyword_id < 255)",
                      "Rows Removed by Index Recheck": 0,
                      "Exact Heap Blocks": 7001,
                      "Lossy Heap Blocks": 0,
                      "Plans": [
                        {
                          "Node Type": "Bitmap Index Scan",
                          "Parent Relationship": "Outer",
                          "Parallel Aware": false,
                          "Index Name": "keyword_id_movie_keyword",
                          "Startup Cost": 0.0,
                          "Total Cost": 6408.54,
                          "Plan Rows": 305614,
                          "Plan Width": 0,
                          "Actual Startup Time": 30.768,
                          "Actual Total Time": 30.769,
                          "Actual Rows": 319973,
                          "Actual Loops": 1,
                          "Index Cond": "(keyword_id < 255)"
                        }
                      ]
                    },
                    {
                      "Node Type": "Hash",
                      "Parent Relationship": "Inner",
                      "Parallel Aware": true,
                      "Startup Cost": 42318.73,
                      "Total Cost": 42318.73,
                      "Plan Rows": 632073,
                      "Plan Width": 4,
                      "Actual Startup Time": 475.719,
                      "Actual Total Time": 475.721,
                      "Actual Rows": 632078,
                      "Actual Loops": 4,
                      "Hash Buckets": 4194304,
                      "Original Hash Buckets": 4194304,
                      "Hash Batches": 1,
                      "Original Hash Batches": 1,
                      "Peak Memory Usage": 131712,
                      "Plans": [
                        {
                          "Node Type": "Seq Scan",
                          "Parent Relationship": "Outer",
                          "Parallel Aware": true,
                          "Relation Name": "title",
                          "Alias": "t",
                          "Startup Cost": 0.0,
                          "Total Cost": 42318.73,
                          "Plan Rows": 632073,
                          "Plan Width": 4,
                          "Actual Startup Time": 0.046,
                          "Actual Total Time": 142.826,
                          "Actual Rows": 632078,
                          "Actual Loops": 4
                        }
                      ]
                    }
                  ]
                }
              ]
            }
          ]
        }
      ]
    },
    "Planning Time": 0.812,
    "Triggers": [],
    "Execution Time": 729.034
  }
]