[
  {
    "Plan": {
      "Node Type": "Aggregate",
      "Strategy": "Plain",
      "Partial Mode": "Finalize",
      "Parallel Aware": false,
      "Startup Cost": 375375.03,
      "Total Cost": 375375.04,
      "Plan Rows": 1,
      "Plan Width": 8,
      "Actual Startup Time": 979.788,
      "Actual Total Time": 1003.27,
      "Actual Rows": 1,
      "Actual Loops": 1,
      "Plans": [
        {
          "Node Type": "Gather",
          "Parent Relationship": "Outer",
          "Parallel Aware": false,
          "Startup Cost": 375374.71,
          "Total Cost": 375375.02,
          "Plan Rows": 3,
          "Plan Width": 8,
          "Actual Startup Time": 960.509,
          "Actual Total Time": 1003.253,
          "Actual Rows": 4,
          "Actual Loops": 1,
          "Workers Planned": 3,
          "Workers Launched": 3,
          "Single Copy": false,
          "Plans": [
            {
              "Node Type": "Aggregate",
              "Strategy": "Plain",
              "Partial Mode": "Partial",
              "Parent Relationship": "Outer",
              "Parallel Aware": false,
              "Startup Cost": 374374.71,
              "Total Cost": 374374.72,
              "Plan Rows": 1,
              "Plan Width": 8,
              "Actual Startup Time": 951.0,
              "Actual Total Time": 952.35,
              "Actual Rows": 1,
              "Actual Loops": 4,
              "Plans": [
                {
                  "Node Type": "Hash Join",
                  "Parent Relationship": "Outer",
                  "Parallel Aware": true,
                  "Join Type": "Inner",
                  "Startup Cost": 341716.63,
                  "Total Cost": 374237.67,
                  "Plan Rows": 54817,
                  "Plan Width": 0,
                  "Actual Startup Time": 777.959,
                  "Actual Total Time": 938.044,
                  "Actual Rows": 322034,
                  "Actual Loops": 4,
                  "Inner Unique": false,
                  "Hash Cond": "(mc.movie_id = t.id)",
                  "Plans": [
                    {
                      "Node Type": "Seq Scan",
                      "Parent Relationship": "Outer",
                      "Parallel Aware": true,
                      "Relation Name": "movie_companies",
                      "Alias": "mc",
                      "Startup Cost": 0.0,
                      "Total Cost": 31414.82,
                      "Plan Rows": 258449,
                      "Plan Width": 4,
                      "Actual Startup Time": 0.022,
                      "Actual Total Time": 72.315,
                      "Actual Rows": 279224,
                      "Actual Loops": 4,
                      "Filter": "((company_id < 18110) AND (company_type_id = 1))",
                      "Rows Removed by Filter": 373058
                    },
                    {
                      "Node Type": "Hash",
                      "Parent Relationship": "Inner",
                      "Parallel Aware": true,
                      "Startup Cost": 340040.75,
                      "Total Cost": 340040.75,
                      "Plan Rows": 134070,
                      "Plan Width": 8,
                      "Actual Startup Time": 772.594,
                      "Actual Total Time": 773.942,
                      "Actual Rows": 283205,
                      "Actual Loops": 4,
                      "Hash Buckets": 2097152,
                      "Original Hash Buckets": 1048576,
                      "Hash Batches": 1,
                      "Original Hash Batches": 1,
                      "Peak Memory Usage": 68928,
                      "Plans": [
                        {
                          "Node Type": "Hash Join",
                          "Parent Relationship": "Outer",
                          "Parallel Aware": true,
                          "Join Type": "Inner",
                          "Startup Cost": 291177.19,
                          "Total Cost": 340040.75,
                          "Plan Rows": 134070,
                          "Plan Width": 8,
                          "Actual Startup Time": 301.693,
                          "Actual Total Time": 643.695,
                          "Actual Rows": 283205,
                          "Actual Loops": 4,
                          "Inner Unique": false,
                          "Hash Cond": "(t.id = ci.movie_id)",
                          "Plans": [
                            {
                              "Node Type": "Seq Scan",
                              "Parent Relationship": "Outer",
                              "Parallel Aware": true,
                              "Relation Name": "title",
                              "Alias": "t",
                              "Startup Cost": 0.0,
                              "Total Cost": 42319.06,
                              "Plan Rows": 632106,
                              "Plan Width": 4,
                              "Actual Startup Time": 0.015,
                              "Actual Total Time": 84.778,
                              "Actual Rows": 632078,
                              "Actual Loops": 4
                            },
                            {
                              "Node Type": "Hash",
                              "Parent Relationship": "Inner",
                              "Parallel Aware": true,
                              "Startup Cost": 290059.94,
                              "Total Cost": 290059.94,
                              "Plan Rows": 89380,
                              "Plan Width": 4,
                              "Actual Startup Time": 298.894,
                              "Actual Total Time": 298.896,
                              "Actual Rows": 283205,
                              "Actual Loops": 4,
                              "Hash Buckets": 2097152,
                              "Original Hash Buckets": 1048576,
                              "Hash Batches": 1,
                              "Original Hash Batches": 1,
                              "Peak Memory Usage": 68928,
                              "Plans": [
                                {
                                  "Node Type": "Bitmap Heap Scan",
                                  "Parent Relationship": "Outer",
                                  "Parallel Aware": true,
                                  "Relation Name": "cast_info",
                                  "Alias": "ci",
                                  "Startup Cost": 33546.36,
                                  "Total Cost": 290059.94,
                                  "Plan Rows": 89380,
                                  "Plan Width": 4,
                                  "Actual Startup Time": 66.75,
                                  "Actual Total Time": 159.596,
                                  "Actual Rows": 283205,
                                  "Actual Loops": 4,
                                  "Recheck Cond": "(person_id < 157288)",
                                  "Rows Removed by Index Recheck": 0,
                                  "Filter": "(role_id = 1)",
                                  "Rows Removed by Filter": 111526,
                                  "Exact Heap Blocks": 6082,
                                  "Lossy Heap Blocks": 0,
                                  "Plans": [
                                    {
                                      "Node Type": "Bitmap Index Scan",
                                      "Parent Relationship": "Outer",
                                      "Parallel Aware": false,
                                      "Index Name": "person_id_cast_info",
                                      "Startup Cost": 0.0,
                                      "Total Cost": 33412.29,
                                      "Plan Rows": 1530630,
                                      "Plan Width": 0,
                                      "Actual Startup Time": 64.108,
                                      "Actual Total Time": 64.109,
                                      "Actual Rows": 1578924,
                                      "Actual Loops": 1,
                                      "Index Cond": "(person_id < 157288)"
                                    }
                                  ]
                                }
                              ]
                            }
                          ]
                        }
                      ]
                    }
                  ]
                }
              ]
            }
          ]
        }
      ]
    },
    "Planning Time": 1.416,
    "Triggers": [],
    "Execution Time": 1003.374
  }
]