[
    {
        "Bao": {
            "Bao prediction": "NaN",
            "Bao recommended hint": "(no hint)"
        }
    },
    {
        "Plan": {
            "Node Type": "Aggregate",
            "Strategy": "Plain",
            "Partial Mode": "Finalize",
            "Parallel Aware": false,
            "Startup Cost": 380926.56,
            "Total Cost": 380926.57,
            "Plan Rows": 1,
            "Plan Width": 8,
            "Actual Startup Time": 1774.901,
            "Actual Total Time": 1810.858,
            "Actual Rows": 1,
            "Actual Loops": 1,
            "Output": [
                "count(*)"
            ],
            "Plans": [
                {
                    "Node Type": "Gather",
                    "Parent Relationship": "Outer",
                    "Parallel Aware": false,
                    "Startup Cost": 380925.94,
                    "Total Cost": 380926.55,
                    "Plan Rows": 6,
                    "Plan Width": 8,
                    "Actual Startup Time": 1769.624,
                    "Actual Total Time": 1810.843,
                    "Actual Rows": 7,
                    "Actual Loops": 1,
                    "Output": [
                        "(PARTIAL count(*))"
                    ],
                    "Workers Planned": 6,
                    "Workers Launched": 6,
                    "Single Copy": false,
                    "Plans": [
                        {
                            "Node Type": "Aggregate",
                            "Strategy": "Plain",
                            "Partial Mode": "Partial",
                            "Parent Relationship": "Outer",
                            "Parallel Aware": false,
                            "Startup Cost": 379925.94,
                            "Total Cost": 379925.95,
                            "Plan Rows": 1,
                            "Plan Width": 8,
                            "Actual Startup Time": 1759.463,
                            "Actual Total Time": 1759.466,
                            "Actual Rows": 1,
                            "Actual Loops": 7,
                            "Output": [
                                "PARTIAL count(*)"
                            ],
                            "Workers": [
                                {
                                    "Worker Number": 0,
                                    "Actual Startup Time": 1756.758,
                                    "Actual Total Time": 1756.76,
                                    "Actual Rows": 1,
                                    "Actual Loops": 1
                                },
                                {
                                    "Worker Number": 1,
                                    "Actual Startup Time": 1756.832,
                                    "Actual Total Time": 1756.835,
                                    "Actual Rows": 1,
                                    "Actual Loops": 1
                                },
                                {
                                    "Worker Number": 2,
                                    "Actual Startup Time": 1758.042,
                                    "Actual Total Time": 1758.045,
                                    "Actual Rows": 1,
                                    "Actual Loops": 1
                                },
                                {
                                    "Worker Number": 3,
                                    "Actual Startup Time": 1757.961,
                                    "Actual Total Time": 1757.964,
                                    "Actual Rows": 1,
                                    "Actual Loops": 1
                                },
                                {
                                    "Worker Number": 4,
                                    "Actual Startup Time": 1758.53,
                                    "Actual Total Time": 1758.533,
                                    "Actual Rows": 1,
                                    "Actual Loops": 1
                                },
                                {
                                    "Worker Number": 5,
                                    "Actual Startup Time": 1758.899,
                                    "Actual Total Time": 1758.903,
                                    "Actual Rows": 1,
                                    "Actual Loops": 1
                                }
                            ],
                            "Plans": [
                                {
                                    "Node Type": "Hash Join",
                                    "Parent Relationship": "Outer",
                                    "Parallel Aware": true,
                                    "Join Type": "Inner",
                                    "Startup Cost": 47360.45,
                                    "Total Cost": 376329.35,
                                    "Plan Rows": 1438635,
                                    "Plan Width": 0,
                                    "Actual Startup Time": 110.009,
                                    "Actual Total Time": 1695.245,
                                    "Actual Rows": 1189292,
                                    "Actual Loops": 7,
                                    "Inner Unique": true,
                                    "Hash Cond": "(ci.movie_id = t.id)",
                                    "Workers": [
                                        {
                                            "Worker Number": 0,
                                            "Actual Startup Time": 107.387,
                                            "Actual Total Time": 1688.16,
                                            "Actual Rows": 1004358,
                                            "Actual Loops": 1
                                        },
                                        {
                                            "Worker Number": 1,
                                            "Actual Startup Time": 107.404,
                                            "Actual Total Time": 1690.658,
                                            "Actual Rows": 892668,
                                            "Actual Loops": 1
                                        },
                                        {
                                            "Worker Number": 2,
                                            "Actual Startup Time": 108.202,
                                            "Actual Total Time": 1688.69,
                                            "Actual Rows": 946770,
                                            "Actual Loops": 1
                                        },
                                        {
                                            "Worker Number": 3,
                                            "Actual Startup Time": 108.594,
                                            "Actual Total Time": 1698.781,
                                            "Actual Rows": 1273960,
                                            "Actual Loops": 1
                                        },
                                        {
                                            "Worker Number": 4,
                                            "Actual Startup Time": 109.175,
                                            "Actual Total Time": 1695.393,
                                            "Actual Rows": 1415910,
                                            "Actual Loops": 1
                                        },
                                        {
                                            "Worker Number": 5,
                                            "Actual Startup Time": 109.598,
                                            "Actual Total Time": 1696.26,
                                            "Actual Rows": 1403520,
                                            "Actual Loops": 1
                                        }
                                    ],
                                    "Plans": [
                                        {
                                            "Node Type": "Seq Scan",
                                            "Parent Relationship": "Outer",
                                            "Parallel Aware": true,
                                            "Relation Name": "cast_info",
                                            "Schema": "public",
                                            "Alias": "ci",
                                            "Startup Cost": 0.0,
                                            "Total Cost": 313108.29,
                                            "Plan Rows": 6042129,
                                            "Plan Width": 4,
                                            "Actual Startup Time": 0.022,
                                            "Actual Total Time": 539.915,
                                            "Actual Rows": 5177763,
                                            "Actual Loops": 7,
                                            "Output": [
                                                "ci.id",
                                                "ci.person_id",
                                                "ci.movie_id",
                                                "ci.person_role_id",
                                                "ci.note",
                                                "ci.nr_order",
                                                "ci.role_id"
                                            ],
                                            "Workers": [
                                                {
                                                    "Worker Number": 0,
                                                    "Actual Startup Time": 0.027,
                                                    "Actual Total Time": 577.302,
                                                    "Actual Rows": 4362552,
                                                    "Actual Loops": 1
                                                },
                                                {
                                                    "Worker Number": 1,
                                                    "Actual Startup Time": 0.021,
                                                    "Actual Total Time": 551.182,
                                                    "Actual Rows": 3874429,
                                                    "Actual Loops": 1
                                                },
                                                {
                                                    "Worker Number": 2,
                                                    "Actual Startup Time": 0.026,
                                                    "Actual Total Time": 576.008,
                                                    "Actual Rows": 4091699,
                                                    "Actual Loops": 1
                                                },
                                                {
                                                    "Worker Number": 3,
                                                    "Actual Startup Time": 0.024,
                                                    "Actual Total Time": 512.873,
                                                    "Actual Rows": 5572512,
                                                    "Actual Loops": 1
                                                },
                                                {
                                                    "Worker Number": 4,
                                                    "Actual Startup Time": 0.025,
                                                    "Actual Total Time": 553.328,
                                                    "Actual Rows": 6156348,
                                                    "Actual Loops": 1
                                                },
                                                {
                                                    "Worker Number": 5,
                                                    "Actual Startup Time": 0.022,
                                                    "Actual Total Time": 550.472,
                                                    "Actual Rows": 6099488,
                                                    "Actual Loops": 1
                                                }
                                            ]
                                        },
                                        {
                                            "Node Type": "Hash",
                                            "Parent Relationship": "Inner",
                                            "Parallel Aware": true,
                                            "Startup Cost": 45479.21,
                                            "Total Cost": 45479.21,
                                            "Plan Rows": 150499,
                                            "Plan Width": 4,
                                            "Actual Startup Time": 107.669,
                                            "Actual Total Time": 107.67,
                                            "Actual Rows": 72487,
                                            "Actual Loops": 7,
                                            "Output": [
                                                "t.id"
                                            ],
                                            "Hash Buckets": 1048576,
                                            "Original Hash Buckets": 1048576,
                                            "Hash Batches": 1,
                                            "Original Hash Batches": 1,
                                            "Peak Memory Usage": 28128,
                                            "Workers": [
                                                {
                                                    "Worker Number": 0,
                                                    "Actual Startup Time": 106.509,
                                                    "Actual Total Time": 106.51,
                                                    "Actual Rows": 56061,
                                                    "Actual Loops": 1
                                                },
                                                {
                                                    "Worker Number": 1,
                                                    "Actual Startup Time": 106.421,
                                                    "Actual Total Time": 106.422,
                                                    "Actual Rows": 55738,
                                                    "Actual Loops": 1
                                                },
                                                {
                                                    "Worker Number": 2,
                                                    "Actual Startup Time": 107.293,
                                                    "Actual Total Time": 107.294,
                                                    "Actual Rows": 56136,
                                                    "Actual Loops": 1
                                                },
                                                {
                                                    "Worker Number": 3,
                                                    "Actual Startup Time": 107.732,
                                                    "Actual Total Time": 107.733,
                                                    "Actual Rows": 76004,
                                                    "Actual Loops": 1
                                                },
                                                {
                                                    "Worker Number": 4,
                                                    "Actual Startup Time": 108.271,
                                                    "Actual Total Time": 108.272,
                                                    "Actual Rows": 80484,
                                                    "Actual Loops": 1
                                                },
                                                {
                                                    "Worker Number": 5,
                                                    "Actual Startup Time": 108.751,
                                                    "Actual Total Time": 108.753,
                                                    "Actual Rows": 79135,
                                                    "Actual Loops": 1
                                                }
                                            ],
                                            "Plans": [
                                                {
                                                    "Node Type": "Seq Scan",
                                                    "Parent Relationship": "Outer",
                                                    "Parallel Aware": true,
                                                    "Relation Name": "title",
                                                    "Schema": "public",
                                                    "Alias": "t",
                                                    "Startup Cost": 0.0,
                                                    "Total Cost": 45479.21,
                                                    "Plan Rows": 150499,
                                                    "Plan Width": 4,
                                                    "Actual Startup Time": 0.052,
                                                    "Actual Total Time": 76.118,
                                                    "Actual Rows": 72487,
                                                    "Actual Loops": 7,
                                                    "Output": [
                                                        "t.id"
                                                    ],
                                                    "Filter": "((t.kind_id < 7) AND (t.production_year > 1997))",
                                                    "Rows Removed by Filter": 288701,
                                                    "Workers": [
                                                        {
                                                            "Worker Number": 0,
                                                            "Actual Startup Time": 0.058,
                                                            "Actual Total Time": 76.342,
                                                            "Actual Rows": 56061,
                                                            "Actual Loops": 1
                                                        },
                                                        {
                                                            "Worker Number": 1,
                                                            "Actual Startup Time": 0.099,
                                                            "Actual Total Time": 76.588,
                                                            "Actual Rows": 55738,
                                                            "Actual Loops": 1
                                                        },
                                                        {
                                                            "Worker Number": 2,
                                                            "Actual Startup Time": 0.058,
                                                            "Actual Total Time": 77.311,
                                                            "Actual Rows": 56136,
                                                            "Actual Loops": 1
                                                        },
                                                        {
                                                            "Worker Number": 3,
                                                            "Actual Startup Time": 0.048,
                                                            "Actual Total Time": 76.585,
                                                            "Actual Rows": 76004,
                                                            "Actual Loops": 1
                                                        },
                                                        {
                                                            "Worker Number": 4,
                                                            "Actual Startup Time": 0.047,
                                                            "Actual Total Time": 76.041,
                                                            "Actual Rows": 80484,
                                                            "Actual Loops": 1
                                                        },
                                                        {
                                                            "Worker Number": 5,
                                                            "Actual Startup Time": 0.04,
                                                            "Actual Total Time": 76.425,
                                                            "Actual Rows": 79135,
                                                            "Actual Loops": 1
                                                        }
                                                    ]
                                                }
                                            ]
                                        }
                                    ]
                                }
                            ]
                        }
                    ]
                }
            ]
        },
        "Planning Time": 182.488,
        "Triggers": [],
        "Execution Time": 1810.926
    }
]