[
  {
    "Plan": {
      "Node Type": "Aggregate",
      "Strategy": "Plain",
      "Partial Mode": "Finalize",
      "Parallel Aware": false,
      "Startup Cost": 331173.88,
      "Total Cost": 331173.89,
      "Plan Rows": 1,
      "Plan Width": 8,
      "Actual Startup Time": 1396.469,
      "Actual Total Time": 1460.741,
      "Actual Rows": 1,
      "Actual Loops": 1,
      "Plans": [
        {
          "Node Type": "Gather",
          "Parent Relationship": "Outer",
          "Parallel Aware": false,
          "Startup Cost": 331173.36,
          "Total Cost": 331173.87,
          "Plan Rows": 5,
          "Plan Width": 8,
          "Actual Startup Time": 1367.145,
          "Actual Total Time": 1460.714,
          "Actual Rows": 6,
          "Actual Loops": 1,
          "Workers Planned": 5,
          "Workers Launched": 5,
          "Single Copy": false,
          "Plans": [
            {
              "Node Type": "Aggregate",
              "Strategy": "Plain",
              "Partial Mode": "Partial",
              "Parent Relationship": "Outer",
              "Parallel Aware": false,
              "Startup Cost": 330173.36,
              "Total Cost": 330173.37,
              "Plan Rows": 1,
              "Plan Width": 8,
              "Actual Startup Time": 1352.715,
              "Actual Total Time": 1353.449,
              "Actual Rows": 1,
              "Actual Loops": 6,
              "Plans": [
                {
                  "Node Type": "Hash Join",
                  "Parent Relationship": "Outer",
                  "Parallel Aware": true,
                  "Join Type": "Inner",
                  "Startup Cost": 254854.62,
                  "Total Cost": 329207.86,
                  "Plan Rows": 386201,
                  "Plan Width": 0,
                  "Actual Startup Time": 946.077,
                  "Actual Total Time": 1318.646,
                  "Actual Rows": 640966,
                  "Actual Loops": 6,
                  "Inner Unique": false,
                  "Hash Cond": "(ci.movie_id = t.id)",
                  "Plans": [
                    {
                      "Node Type": "Index Scan",
                      "Parent Relationship": "Outer",
                      "Parallel Aware": true,
                      "Scan Direction": "Forward",
                      "Index Name": "role_id_cast_info",
                      "Relation Name": "cast_info",
                      "Alias": "ci",
                      "Startup Cost": 0.56,
                      "Total Cost": 71576.68,
                      "Plan Rows": 534592,
                      "Plan Width": 4,
                      "Actual Startup Time": 0.166,
                      "Actual Total Time": 108.456,
                      "Actual Rows": 454824,
                      "Actual Loops": 6,
                      "Index Cond": "(role_id = 4)",
                      "Rows Removed by Index Recheck": 0
                    },
                    {
                      "Node Type": "Hash",
                      "Parent Relationship": "Inner",
                      "Parallel Aware": true,
                      "Startup Cost": 250287.58,
                      "Total Cost": 250287.58,
                      "Plan Rows": 365318,
                      "Plan Width": 8,
                      "Actual Startup Time": 940.228,
                      "Actual Total Time": 940.959,
                      "Actual Rows": 310939,
                      "Actual Loops": 6,
                      "Hash Buckets": 2097152,
                      "Original Hash Buckets": 2097152,
                      "Hash Batches": 1,
                      "Original Hash Batches": 1,
                      "Peak Memory Usage": 89440,
                      "Plans": [
                        {
                          "Node Type": "Hash Join",
                          "Parent Relationship": "Outer",
                          "Parallel Aware": true,
                          "Join Type": "Inner",
                          "Startup Cost": 50220.38,
                          "Total Cost": 250287.58,
                          "Plan Rows": 365318,
                          "Plan Width": 8,
                          "Actual Startup Time": 342.992,
                          "Actual Total Time": 806.788,
                          "Actual Rows": 310939,
                          "Actual Loops": 6,
                          "Inner Unique": true,
                          "Hash Cond": "(mi.movie_id = t.id)",
                          "Plans": [
                            {
                              "Node Type": "Seq Scan",
                              "Parent Relationship": "Outer",
                              "Parallel Aware": true,
                              "Relation Name": "movie_info",
                              "Alias": "mi",
                              "Startup Cost": 0.0,
                              "Total Cost": 199108.24,
                              "Plan Rows": 365318,
                              "Plan Width": 4,
                              "Actual Startup Time": 18.589,
                              "Actual Total Time": 350.867,
                              "Actual Rows": 310939,
                              "Actual Loops": 6,
                              "Filter": "(info_type_id > 17)",
                              "Rows Removed by Filter": 2161681
                            },
                            {
                              "Node Type": "Hash",
                              "Parent Relationship": "Inner",
                              "Parallel Aware": true,
                              "Startup Cost": 42319.06,
                              "Total Cost": 42319.06,
                              "Plan Rows": 632106,
                              "Plan Width": 4,
                              "Actual Startup Time": 319.318,
                              "Actual Total Time": 319.319,
                              "Actual Rows": 421385,
                              "Actual Loops": 6,
                              "Hash Buckets": 4194304,
                              "Original Hash Buckets": 4194304,
                              "Hash Batches": 1,
                              "Original Hash Batches": 1,
                              "Peak Memory Usage": 131808,
                              "Plans": [
                                {
                                  "Node Type": "Seq Scan",
                                  "Parent Relationship": "Outer",
                                  "Parallel Aware": true,
                                  "Relation Name": "title",
                                  "Alias": "t",
                                  "Startup Cost": 0.0,
                                  "Total Cost": 42319.06,
                                  "Plan Rows": 632106,
                                  "Plan Width": 4,
                                  "Actual Startup Time": 0.063,
                                  "Actual Total Time": 91.958,
                                  "Actual Rows": 421385,
                                  "Actual Loops": 6
                                }
                              ]
                            }
                          ]
                        }
                      ]
                    }
                  ]
                }
              ]
            }
          ]
        }
      ]
    },
    "Planning Time": 1.213,
    "Triggers": [],
    "Execution Time": 1460.838
  }
]