[
  {
    "Plan": {
      "Node Type": "Aggregate",
      "Strategy": "Plain",
      "Partial Mode": "Finalize",
      "Parallel Aware": false,
      "Startup Cost": 92304.42,
      "Total Cost": 92304.43,
      "Plan Rows": 1,
      "Plan Width": 8,
      "Actual Startup Time": 315.863,
      "Actual Total Time": 334.692,
      "Actual Rows": 1,
      "Actual Loops": 1,
      "Plans": [
        {
          "Node Type": "Gather",
          "Parent Relationship": "Outer",
          "Parallel Aware": false,
          "Startup Cost": 92304.11,
          "Total Cost": 92304.42,
          "Plan Rows": 3,
          "Plan Width": 8,
          "Actual Startup Time": 315.101,
          "Actual Total Time": 334.676,
          "Actual Rows": 4,
          "Actual Loops": 1,
          "Workers Planned": 3,
          "Workers Launched": 3,
          "Single Copy": false,
          "Plans": [
            {
              "Node Type": "Aggregate",
              "Strategy": "Plain",
              "Partial Mode": "Partial",
              "Parent Relationship": "Outer",
              "Parallel Aware": false,
              "Startup Cost": 91304.11,
              "Total Cost": 91304.12,
              "Plan Rows": 1,
              "Plan Width": 8,
              "Actual Startup Time": 309.634,
              "Actual Total Time": 309.637,
              "Actual Rows": 1,
              "Actual Loops": 4,
              "Plans": [
                {
                  "Node Type": "Hash Join",
                  "Parent Relationship": "Outer",
                  "Parallel Aware": true,
                  "Join Type": "Inner",
                  "Startup Cost": 45682.86,
                  "Total Cost": 91234.14,
                  "Plan Rows": 27986,
                  "Plan Width": 0,
                  "Actual Startup Time": 117.372,
                  "Actual Total Time": 304.806,
                  "Actual Rows": 108499,
                  "Actual Loops": 4,
                  "Inner Unique": true,
                  "Hash Cond": "(mk.movie_id = t.id)",
                  "Plans": [
                    {
                      "Node Type": "Seq Scan",
                      "Parent Relationship": "Outer",
                      "Parallel Aware": true,
                      "Relation Name": "movie_keyword",
                      "Alias": "mk",
                      "Startup Cost": 0.0,
                      "Total Cost": 42695.65,
                      "Plan Rows": 1087858,
                      "Plan Width": 4,
                      "Actual Startup Time": 0.027,
                      "Actual Total Time": 113.653,
                      "Actual Rows": 840698,
                      "Actual Loops": 4,
                      "Filter": "(keyword_id < 16131)",
                      "Rows Removed by Filter": 290284
                    },
                    {
                      "Node Type": "Hash",
                      "Parent Relationship": "Inner",
                      "Parallel Aware": true,
                      "Startup Cost": 45479.59,
                      "Total Cost": 45479.59,
                      "Plan Rows": 16262,
                      "Plan Width": 4,
                      "Actual Startup Time": 116.102,
                      "Actual Total Time": 116.103,
                      "Actual Rows": 42681,
                      "Actual Loops": 4,
                      "Hash Buckets": 262144,
                      "Original Hash Buckets": 65536,
                      "Hash Batches": 1,
                      "Original Hash Batches": 1,
                      "Peak Memory Usage": 10336,
                      "Plans": [
                        {
                          "Node Type": "Seq Scan",
                          "Parent Relationship": "Outer",
                          "Parallel Aware": true,
                          "Relation Name": "title",
                          "Alias": "t",
                          "Startup Cost": 0.0,
                          "Total Cost": 45479.59,
                          "Plan Rows": 16262,
                          "Plan Width": 4,
                          "Actual Startup Time": 0.513,
                          "Actual Total Time": 98.46,
                          "Actual Rows": 42681,
                          "Actual Loops": 4,
                          "Filter": "((kind_id < 7) AND (production_year < 1953))",
                          "Rows Removed by Filter": 589397
                        }
                      ]
                    }
                  ]
                }
              ]
            }
          ]
        }
      ]
    },
    "Planning Time": 0.643,
    "Triggers": [],
    "Execution Time": 334.762
  }
]