[
  {
    "Plan": {
      "Node Type": "Aggregate",
      "Strategy": "Plain",
      "Partial Mode": "Finalize",
      "Parallel Aware": false,
      "Startup Cost": 219604.03,
      "Total Cost": 219604.04,
      "Plan Rows": 1,
      "Plan Width": 8,
      "Actual Startup Time": 196.143,
      "Actual Total Time": 207.028,
      "Actual Rows": 1,
      "Actual Loops": 1,
      "Plans": [
        {
          "Node Type": "Gather",
          "Parent Relationship": "Outer",
          "Parallel Aware": false,
          "Startup Cost": 219603.51,
          "Total Cost": 219604.02,
          "Plan Rows": 5,
          "Plan Width": 8,
          "Actual Startup Time": 193.166,
          "Actual Total Time": 207.021,
          "Actual Rows": 6,
          "Actual Loops": 1,
          "Workers Planned": 5,
          "Workers Launched": 5,
          "Single Copy": false,
          "Plans": [
            {
              "Node Type": "Aggregate",
              "Strategy": "Plain",
              "Partial Mode": "Partial",
              "Parent Relationship": "Outer",
              "Parallel Aware": false,
              "Startup Cost": 218603.51,
              "Total Cost": 218603.52,
              "Plan Rows": 1,
              "Plan Width": 8,
              "Actual Startup Time": 184.654,
              "Actual Total Time": 184.657,
              "Actual Rows": 1,
              "Actual Loops": 6,
              "Plans": [
                {
                  "Node Type": "Hash Join",
                  "Parent Relationship": "Outer",
                  "Parallel Aware": true,
                  "Join Type": "Inner",
                  "Startup Cost": 55283.21,
                  "Total Cost": 218544.45,
                  "Plan Rows": 23623,
                  "Plan Width": 0,
                  "Actual Startup Time": 147.506,
                  "Actual Total Time": 181.068,
                  "Actual Rows": 64693,
                  "Actual Loops": 6,
                  "Inner Unique": true,
                  "Hash Cond": "(mi.movie_id = t.id)",
                  "Plans": [
                    {
                      "Node Type": "Bitmap Heap Scan",
                      "Parent Relationship": "Outer",
                      "Parallel Aware": true,
                      "Relation Name": "movie_info",
                      "Alias": "mi",
                      "Startup Cost": 7577.65,
                      "Total Cost": 170618.78,
                      "Plan Rows": 83851,
                      "Plan Width": 4,
                      "Actual Startup Time": 19.638,
                      "Actual Total Time": 35.746,
                      "Actual Rows": 71442,
                      "Actual Loops": 6,
                      "Recheck Cond": "(info_type_id > 104)",
                      "Rows Removed by Index Recheck": 0,
                      "Exact Heap Blocks": 1029,
                      "Lossy Heap Blocks": 0,
                      "Plans": [
                        {
                          "Node Type": "Bitmap Index Scan",
                          "Parent Relationship": "Outer",
                          "Parallel Aware": false,
                          "Index Name": "info_type_id_movie_info",
                          "Startup Cost": 0.0,
                          "Total Cost": 7472.83,
                          "Plan Rows": 419253,
                          "Plan Width": 0,
                          "Actual Startup Time": 18.387,
                          "Actual Total Time": 18.388,
                          "Actual Rows": 428651,
                          "Actual Loops": 1,
                          "Index Cond": "(info_type_id > 104)"
                        }
                      ]
                    },
                    {
                      "Node Type": "Hash",
                      "Parent Relationship": "Inner",
                      "Parallel Aware": true,
                      "Startup Cost": 45479.59,
                      "Total Cost": 45479.59,
                      "Plan Rows": 178078,
                      "Plan Width": 4,
                      "Actual Startup Time": 121.896,
                      "Actual Total Time": 121.897,
                      "Actual Rows": 102026,
                      "Actual Loops": 6,
                      "Hash Buckets": 1048576,
                      "Original Hash Buckets": 1048576,
                      "Hash Batches": 1,
                      "Original Hash Batches": 1,
                      "Peak Memory Usage": 32224,
                      "Plans": [
                        {
                          "Node Type": "Seq Scan",
                          "Parent Relationship": "Outer",
                          "Parallel Aware": true,
                          "Relation Name": "title",
                          "Alias": "t",
                          "Startup Cost": 0.0,
                          "Total Cost": 45479.59,
                          "Plan Rows": 178078,
                          "Plan Width": 4,
                          "Actual Startup Time": 0.034,
                          "Actual Total Time": 79.375,
                          "Actual Rows": 102026,
                          "Actual Loops": 6,
                          "Filter": "((kind_id < 7) AND (production_year > 1987))",
                          "Rows Removed by Filter": 319360
                        }
                      ]
                    }
                  ]
                }
              ]
            }
          ]
        }
      ]
    },
    "Planning Time": 0.322,
    "Triggers": [],
    "Execution Time": 207.078
  }
]