[
  {
    "Plan": {
      "Node Type": "Aggregate",
      "Strategy": "Plain",
      "Partial Mode": "Finalize",
      "Parallel Aware": false,
      "Startup Cost": 116084.51,
      "Total Cost": 116084.52,
      "Plan Rows": 1,
      "Plan Width": 8,
      "Actual Startup Time": 560.05,
      "Actual Total Time": 580.934,
      "Actual Rows": 1,
      "Actual Loops": 1,
      "Plans": [
        {
          "Node Type": "Gather",
          "Parent Relationship": "Outer",
          "Parallel Aware": false,
          "Startup Cost": 116084.19,
          "Total Cost": 116084.5,
          "Plan Rows": 3,
          "Plan Width": 8,
          "Actual Startup Time": 554.564,
          "Actual Total Time": 580.921,
          "Actual Rows": 4,
          "Actual Loops": 1,
          "Workers Planned": 3,
          "Workers Launched": 3,
          "Single Copy": false,
          "Plans": [
            {
              "Node Type": "Aggregate",
              "Strategy": "Plain",
              "Partial Mode": "Partial",
              "Parent Relationship": "Outer",
              "Parallel Aware": false,
              "Startup Cost": 115084.19,
              "Total Cost": 115084.2,
              "Plan Rows": 1,
              "Plan Width": 8,
              "Actual Startup Time": 542.863,
              "Actual Total Time": 542.869,
              "Actual Rows": 1,
              "Actual Loops": 4,
              "Plans": [
                {
                  "Node Type": "Hash Join",
                  "Parent Relationship": "Outer",
                  "Parallel Aware": true,
                  "Join Type": "Inner",
                  "Startup Cost": 84283.96,
                  "Total Cost": 114893.18,
                  "Plan Rows": 76405,
                  "Plan Width": 0,
                  "Actual Startup Time": 384.05,
                  "Actual Total Time": 526.369,
                  "Actual Rows": 418781,
                  "Actual Loops": 4,
                  "Inner Unique": false,
                  "Hash Cond": "(mc.movie_id = t.id)",
                  "Plans": [
                    {
                      "Node Type": "Seq Scan",
                      "Parent Relationship": "Outer",
                      "Parallel Aware": true,
                      "Relation Name": "movie_companies",
                      "Alias": "mc",
                      "Startup Cost": 0.0,
                      "Total Cost": 27206.55,
                      "Plan Rows": 841655,
                      "Plan Width": 4,
                      "Actual Startup Time": 0.015,
                      "Actual Total Time": 55.587,
                      "Actual Rows": 652282,
                      "Actual Loops": 4
                    },
                    {
                      "Node Type": "Hash",
                      "Parent Relationship": "Inner",
                      "Parallel Aware": true,
                      "Startup Cost": 83358.43,
                      "Total Cost": 83358.43,
                      "Plan Rows": 74042,
                      "Plan Width": 8,
                      "Actual Startup Time": 372.495,
                      "Actual Total Time": 372.499,
                      "Actual Rows": 45367,
                      "Actual Loops": 4,
                      "Hash Buckets": 262144,
                      "Original Hash Buckets": 262144,
                      "Hash Batches": 1,
                      "Original Hash Batches": 1,
                      "Peak Memory Usage": 9216,
                      "Plans": [
                        {
                          "Node Type": "Hash Join",
                          "Parent Relationship": "Outer",
                          "Parallel Aware": true,
                          "Join Type": "Inner",
                          "Startup Cost": 56941.72,
                          "Total Cost": 83358.43,
                          "Plan Rows": 74042,
                          "Plan Width": 8,
                          "Actual Startup Time": 282.863,
                          "Actual Total Time": 360.674,
                          "Actual Rows": 45367,
                          "Actual Loops": 4,
                          "Inner Unique": true,
                          "Hash Cond": "(mk.movie_id = t.id)",
                          "Plans": [
                            {
                              "Node Type": "Bitmap Heap Scan",
                              "Parent Relationship": "Outer",
                              "Parallel Aware": true,
                              "Relation Name": "movie_keyword",
                              "Alias": "mk",
                              "Startup Cost": 8534.07,
                              "Total Cost": 34610.15,
                              "Plan Rows": 129766,
                              "Plan Width": 4,
                              "Actual Startup Time": 30.219,
                              "Actual Total Time": 79.362,
                              "Actual Rows": 100489,
                              "Actual Loops": 4,
                              "Recheck Cond": "(keyword_id > 43159)",
                              "Rows Removed by Index Recheck": 0,
                              "Exact Heap Blocks": 7044,
                              "Lossy Heap Blocks": 0,
                              "Plans": [
                                {
                                  "Node Type": "Bitmap Index Scan",
                                  "Parent Relationship": "Outer",
                                  "Parallel Aware": false,
                                  "Index Name": "keyword_id_movie_keyword",
                                  "Startup Cost": 0.0,
                                  "Total Cost": 8433.5,
                                  "Plan Rows": 402276,
                                  "Plan Width": 0,
                                  "Actual Startup Time": 26.96,
                                  "Actual Total Time": 26.961,
                                  "Actual Rows": 401955,
                                  "Actual Loops": 1,
                                  "Index Cond": "(keyword_id > 43159)"
                                }
                              ]
                            },
                            {
                              "Node Type": "Hash",
                              "Parent Relationship": "Inner",
                              "Parallel Aware": true,
                              "Startup Cost": 43899.32,
                              "Total Cost": 43899.32,
                              "Plan Rows": 360666,
                              "Plan Width": 4,
                              "Actual Startup Time": 246.337,
                              "Actual Total Time": 246.338,
                              "Actual Rows": 358616,
                              "Actual Loops": 4,
                              "Hash Buckets": 2097152,
                              "Original Hash Buckets": 2097152,
                              "Hash Batches": 1,
                              "Original Hash Batches": 1,
                              "Peak Memory Usage": 72576,
                              "Plans": [
                                {
                                  "Node Type": "Seq Scan",
                                  "Parent Relationship": "Outer",
                                  "Parallel Aware": true,
                                  "Relation Name": "title",
                                  "Alias": "t",
                                  "Startup Cost": 0.0,
                                  "Total Cost": 43899.32,
                                  "Plan Rows": 360666,
                                  "Plan Width": 4,
                                  "Actual Startup Time": 0.044,
                                  "Actual Total Time": 108.019,
                                  "Actual Rows": 358616,
                                  "Actual Loops": 4,
                                  "Filter": "(production_year > 1999)",
                                  "Rows Removed by Filter": 273462
                                }
                              ]
                            }
                          ]
                        }
                      ]
                    }
                  ]
                }
              ]
            }
          ]
        }
      ]
    },
    "Planning Time": 1.426,
    "Triggers": [],
    "Execution Time": 581.05
  }
]