{
  "Plan": {
    "Node Type": "Aggregate",
    "Strategy": "Plain",
    "Partial Mode": "Finalize",
    "Parallel Aware": false,
    "Startup Cost": 2145436.61,
    "Total Cost": 2145436.62,
    "Plan Rows": 1,
    "Plan Width": 8,
    "Actual Startup Time": 9452.578,
    "Actual Total Time": 9452.683,
    "Actual Rows": 1,
    "Actual Loops": 1,
    "Plans": [
      {
        "Node Type": "Gather",
        "Parent Relationship": "Outer",
        "Parallel Aware": false,
        "Startup Cost": 2145436.5,
        "Total Cost": 2145436.61,
        "Plan Rows": 1,
        "Plan Width": 8,
        "Actual Startup Time": 9452.565,
        "Actual Total Time": 9452.676,
        "Actual Rows": 2,
        "Actual Loops": 1,
        "Workers Planned": 1,
        "Workers Launched": 1,
        "Single Copy": false,
        "Plans": [
          {
            "Node Type": "Aggregate",
            "Strategy": "Plain",
            "Partial Mode": "Partial",
            "Parent Relationship": "Outer",
            "Parallel Aware": false,
            "Startup Cost": 2144436.5,
            "Total Cost": 2144436.51,
            "Plan Rows": 1,
            "Plan Width": 8,
            "Actual Startup Time": 9253.932,
            "Actual Total Time": 9253.938,
            "Actual Rows": 1,
            "Actual Loops": 2,
            "Plans": [
              {
                "Node Type": "Merge Join",
                "Parent Relationship": "Outer",
                "Parallel Aware": false,
                "Join Type": "Inner",
                "Startup Cost": 1933615.04,
                "Total Cost": 2119241.39,
                "Plan Rows": 10078045,
                "Plan Width": 0,
                "Actual Startup Time": 5498.164,
                "Actual Total Time": 8586.595,
                "Actual Rows": 16780874,
                "Actual Loops": 2,
                "Inner Unique": false,
                "Merge Cond": "(ci.movie_id = t.id)",
                "Plans": [
                  {
                    "Node Type": "Sort",
                    "Parent Relationship": "Outer",
                    "Parallel Aware": false,
                    "Startup Cost": 1355481.41,
                    "Total Cost": 1372718.14,
                    "Plan Rows": 6894692,
                    "Plan Width": 4,
                    "Actual Startup Time": 2821.738,
                    "Actual Total Time": 3472.321,
                    "Actual Rows": 4639547,
                    "Actual Loops": 2,
                    "Sort Key": [
                      "ci.movie_id"
                    ],
                    "Sort Method": "quicksort",
                    "Sort Space Used": 417411,
                    "Sort Space Type": "Memory",
                    "Workers": [
                      {
                        "Worker Number": 0,
                        "Sort Method": "quicksort",
                        "Sort Space Used": 410763,
                        "Sort Space Type": "Memory"
                      }
                    ],
                    "Plans": [
                      {
                        "Node Type": "Seq Scan",
                        "Parent Relationship": "Outer",
                        "Parallel Aware": true,
                        "Relation Name": "cast_info",
                        "Alias": "ci",
                        "Startup Cost": 0.0,
                        "Total Cost": 572345.93,
                        "Plan Rows": 6894692,
                        "Plan Width": 4,
                        "Actual Startup Time": 657.277,
                        "Actual Total Time": 1679.408,
                        "Actual Rows": 4639547,
                        "Actual Loops": 2,
                        "Filter": "((person_id > 2180573) AND (role_id < 8))",
                        "Rows Removed by Filter": 13482625
                      }
                    ]
                  },
                  {
                    "Node Type": "Sort",
                    "Parent Relationship": "Inner",
                    "Parallel Aware": false,
                    "Startup Cost": 578132.91,
                    "Total Cost": 587371.99,
                    "Plan Rows": 3695633,
                    "Plan Width": 8,
                    "Actual Startup Time": 2676.412,
                    "Actual Total Time": 3297.985,
                    "Actual Rows": 17335174,
                    "Actual Loops": 2,
                    "Sort Key": [
                      "mk.movie_id"
                    ],
                    "Sort Method": "quicksort",
                    "Sort Space Used": 393504,
                    "Sort Space Type": "Memory",
                    "Workers": [
                      {
                        "Worker Number": 0,
                        "Sort Method": "quicksort",
                        "Sort Space Used": 393504,
                        "Sort Space Type": "Memory"
                      }
                    ],
                    "Plans": [
                      {
                        "Node Type": "Hash Join",
                        "Parent Relationship": "Outer",
                        "Parallel Aware": false,
                        "Join Type": "Inner",
                        "Startup Cost": 93418.94,
                        "Total Cost": 174987.58,
                        "Plan Rows": 3695633,
                        "Plan Width": 8,
                        "Actual Startup Time": 772.249,
                        "Actual Total Time": 1877.812,
                        "Actual Rows": 4200438,
                        "Actual Loops": 2,
                        "Inner Unique": true,
                        "Hash Cond": "(mk.movie_id = t.id)",
                        "Plans": [
                          {
                            "Node Type": "Seq Scan",
                            "Parent Relationship": "Outer",
                            "Parallel Aware": false,
                            "Relation Name": "movie_keyword",
                            "Alias": "mk",
                            "Startup Cost": 0.0,
                            "Total Cost": 69693.3,
                            "Plan Rows": 4523930,
                            "Plan Width": 4,
                            "Actual Startup Time": 0.033,
                            "Actual Total Time": 303.961,
                            "Actual Rows": 4523930,
                            "Actual Loops": 2
                          },
                          {
                            "Node Type": "Hash",
                            "Parent Relationship": "Inner",
                            "Parallel Aware": false,
                            "Startup Cost": 67601.66,
                            "Total Cost": 67601.66,
                            "Plan Rows": 2065382,
                            "Plan Width": 4,
                            "Actual Startup Time": 764.637,
                            "Actual Total Time": 764.638,
                            "Actual Rows": 2064552,
                            "Actual Loops": 2,
                            "Hash Buckets": 2097152,
                            "Original Hash Buckets": 2097152,
                            "Hash Batches": 1,
                            "Original Hash Batches": 1,
                            "Peak Memory Usage": 88966,
                            "Plans": [
                              {
                                "Node Type": "Seq Scan",
                                "Parent Relationship": "Outer",
                                "Parallel Aware": false,
                                "Relation Name": "title",
                                "Alias": "t",
                                "Startup Cost": 0.0,
                                "Total Cost": 67601.66,
                                "Plan Rows": 2065382,
                                "Plan Width": 4,
                                "Actual Startup Time": 0.028,
                                "Actual Total Time": 310.368,
                                "Actual Rows": 2064552,
                                "Actual Loops": 2,
                                "Filter": "(production_year < 2011)",
                                "Rows Removed by Filter": 463760
                              }
                            ]
                          }
                        ]
                      }
                    ]
                  }
                ]
              }
            ]
          }
        ]
      }
    ]
  },
  "Planning Time": 1.146,
  "Triggers": [],
  "Execution Time": 9490.473
}