[
  {
    "Plan": {
      "Node Type": "Aggregate",
      "Strategy": "Plain",
      "Partial Mode": "Finalize",
      "Parallel Aware": false,
      "Startup Cost": 386641.16,
      "Total Cost": 386641.17,
      "Plan Rows": 1,
      "Plan Width": 8,
      "Actual Startup Time": 3268.368,
      "Actual Total Time": 3353.571,
      "Actual Rows": 1,
      "Actual Loops": 1,
      "Plans": [
        {
          "Node Type": "Gather",
          "Parent Relationship": "Outer",
          "Parallel Aware": false,
          "Startup Cost": 386640.64,
          "Total Cost": 386641.15,
          "Plan Rows": 5,
          "Plan Width": 8,
          "Actual Startup Time": 3263.418,
          "Actual Total Time": 3353.56,
          "Actual Rows": 6,
          "Actual Loops": 1,
          "Workers Planned": 5,
          "Workers Launched": 5,
          "Single Copy": false,
          "Plans": [
            {
              "Node Type": "Aggregate",
              "Strategy": "Plain",
              "Partial Mode": "Partial",
              "Parent Relationship": "Outer",
              "Parallel Aware": false,
              "Startup Cost": 385640.64,
              "Total Cost": 385640.65,
              "Plan Rows": 1,
              "Plan Width": 8,
              "Actual Startup Time": 3252.722,
              "Actual Total Time": 3252.725,
              "Actual Rows": 1,
              "Actual Loops": 6,
              "Plans": [
                {
                  "Node Type": "Nested Loop",
                  "Parent Relationship": "Outer",
                  "Parallel Aware": false,
                  "Join Type": "Inner",
                  "Startup Cost": 87896.09,
                  "Total Cost": 384420.76,
                  "Plan Rows": 487952,
                  "Plan Width": 0,
                  "Actual Startup Time": 359.195,
                  "Actual Total Time": 3180.661,
                  "Actual Rows": 1437126,
                  "Actual Loops": 6,
                  "Inner Unique": false,
                  "Plans": [
                    {
                      "Node Type": "Merge Join",
                      "Parent Relationship": "Outer",
                      "Parallel Aware": false,
                      "Join Type": "Inner",
                      "Startup Cost": 87895.52,
                      "Total Cost": 182632.35,
                      "Plan Rows": 98887,
                      "Plan Width": 8,
                      "Actual Startup Time": 346.811,
                      "Actual Total Time": 710.423,
                      "Actual Rows": 80246,
                      "Actual Loops": 6,
                      "Inner Unique": false,
                      "Merge Cond": "(t.id = mk.movie_id)",
                      "Plans": [
                        {
                          "Node Type": "Index Only Scan",
                          "Parent Relationship": "Outer",
                          "Parallel Aware": true,
                          "Scan Direction": "Forward",
                          "Index Name": "title_pkey",
                          "Relation Name": "title",
                          "Alias": "t",
                          "Startup Cost": 0.43,
                          "Total Cost": 90113.62,
                          "Plan Rows": 505659,
                          "Plan Width": 4,
                          "Actual Startup Time": 0.169,
                          "Actual Total Time": 325.933,
                          "Actual Rows": 420996,
                          "Actual Loops": 6,
                          "Heap Fetches": 2525977
                        },
                        {
                          "Node Type": "Sort",
                          "Parent Relationship": "Inner",
                          "Parallel Aware": false,
                          "Startup Cost": 87884.97,
                          "Total Cost": 89121.06,
                          "Plan Rows": 494435,
                          "Plan Width": 4,
                          "Actual Startup Time": 297.621,
                          "Actual Total Time": 324.365,
                          "Actual Rows": 481477,
                          "Actual Loops": 6,
                          "Sort Key": [
                            "mk.movie_id"
                          ],
                          "Sort Method": "quicksort",
                          "Sort Space Used": 34858,
                          "Sort Space Type": "Memory",
                          "Workers": [
                            {
                              "Worker Number": 0,
                              "Sort Method": "quicksort",
                              "Sort Space Used": 34858,
                              "Sort Space Type": "Memory"
                            },
                            {
                              "Worker Number": 1,
                              "Sort Method": "quicksort",
                              "Sort Space Used": 34858,
                              "Sort Space Type": "Memory"
                            },
                            {
                              "Worker Number": 2,
                              "Sort Method": "quicksort",
                              "Sort Space Used": 34858,
                              "Sort Space Type": "Memory"
                            },
                            {
                              "Worker Number": 3,
                              "Sort Method": "quicksort",
                              "Sort Space Used": 34858,
                              "Sort Space Type": "Memory"
                            },
                            {
                              "Worker Number": 4,
                              "Sort Method": "quicksort",
                              "Sort Space Used": 34858,
                              "Sort Space Type": "Memory"
                            }
                          ],
                          "Plans": [
                            {
                              "Node Type": "Bitmap Heap Scan",
                              "Parent Relationship": "Outer",
                              "Parallel Aware": false,
                              "Relation Name": "movie_keyword",
                              "Alias": "mk",
                              "Startup Cost": 10488.3,
                              "Total Cost": 41122.74,
                              "Plan Rows": 494435,
                              "Plan Width": 4,
                              "Actual Startup Time": 53.061,
                              "Actual Total Time": 186.211,
                              "Actual Rows": 481477,
                              "Actual Loops": 6,
                              "Recheck Cond": "(keyword_id > 37196)",
                              "Rows Removed by Index Recheck": 0,
                              "Exact Heap Blocks": 22917,
                              "Lossy Heap Blocks": 0,
                              "Plans": [
                                {
                                  "Node Type": "Bitmap Index Scan",
                                  "Parent Relationship": "Outer",
                                  "Parallel Aware": false,
                                  "Index Name": "keyword_id_movie_keyword",
                                  "Startup Cost": 0.0,
                                  "Total Cost": 10364.7,
                                  "Plan Rows": 494435,
                                  "Plan Width": 0,
                                  "Actual Startup Time": 49.633,
                                  "Actual Total Time": 49.634,
                                  "Actual Rows": 481477,
                                  "Actual Loops": 6,
                                  "Index Cond": "(keyword_id > 37196)"
                                }
                              ]
                            }
                          ]
                        }
                      ]
                    },
                    {
                      "Node Type": "Index Scan",
                      "Parent Relationship": "Inner",
                      "Parallel Aware": false,
                      "Scan Direction": "Forward",
                      "Index Name": "movie_id_cast_info",
                      "Relation Name": "cast_info",
                      "Alias": "ci",
                      "Startup Cost": 0.56,
                      "Total Cost": 1.91,
                      "Plan Rows": 13,
                      "Plan Width": 4,
                      "Actual Startup Time": 0.004,
                      "Actual Total Time": 0.029,
                      "Actual Rows": 18,
                      "Actual Loops": 481477,
                      "Index Cond": "(movie_id = t.id)",
                      "Rows Removed by Index Recheck": 0,
                      "Filter": "(role_id < 2)",
                      "Rows Removed by Filter": 31
                    }
                  ]
                }
              ]
            }
          ]
        }
      ]
    },
    "Planning Time": 1.327,
    "Triggers": [],
    "Execution Time": 3360.134
  }
]