[
  {
    "Plan": {
      "Node Type": "Aggregate",
      "Strategy": "Plain",
      "Partial Mode": "Finalize",
      "Parallel Aware": false,
      "Startup Cost": 83162.01,
      "Total Cost": 83162.02,
      "Plan Rows": 1,
      "Plan Width": 8,
      "Actual Startup Time": 186.35,
      "Actual Total Time": 203.523,
      "Actual Rows": 1,
      "Actual Loops": 1,
      "Plans": [
        {
          "Node Type": "Gather",
          "Parent Relationship": "Outer",
          "Parallel Aware": false,
          "Startup Cost": 83161.59,
          "Total Cost": 83162.0,
          "Plan Rows": 4,
          "Plan Width": 8,
          "Actual Startup Time": 185.751,
          "Actual Total Time": 203.515,
          "Actual Rows": 5,
          "Actual Loops": 1,
          "Workers Planned": 4,
          "Workers Launched": 4,
          "Single Copy": false,
          "Plans": [
            {
              "Node Type": "Aggregate",
              "Strategy": "Plain",
              "Partial Mode": "Partial",
              "Parent Relationship": "Outer",
              "Parallel Aware": false,
              "Startup Cost": 82161.59,
              "Total Cost": 82161.6,
              "Plan Rows": 1,
              "Plan Width": 8,
              "Actual Startup Time": 175.696,
              "Actual Total Time": 175.701,
              "Actual Rows": 1,
              "Actual Loops": 5,
              "Plans": [
                {
                  "Node Type": "Nested Loop",
                  "Parent Relationship": "Outer",
                  "Parallel Aware": false,
                  "Join Type": "Inner",
                  "Startup Cost": 20645.02,
                  "Total Cost": 82143.07,
                  "Plan Rows": 7407,
                  "Plan Width": 0,
                  "Actual Startup Time": 31.937,
                  "Actual Total Time": 175.356,
                  "Actual Rows": 5937,
                  "Actual Loops": 5,
                  "Inner Unique": false,
                  "Plans": [
                    {
                      "Node Type": "Hash Join",
                      "Parent Relationship": "Outer",
                      "Parallel Aware": true,
                      "Join Type": "Inner",
                      "Startup Cost": 20644.59,
                      "Total Cost": 66495.15,
                      "Plan Rows": 9476,
                      "Plan Width": 8,
                      "Actual Startup Time": 31.057,
                      "Actual Total Time": 146.991,
                      "Actual Rows": 11098,
                      "Actual Loops": 5,
                      "Inner Unique": false,
                      "Hash Cond": "(t.id = mc.movie_id)",
                      "Plans": [
                        {
                          "Node Type": "Seq Scan",
                          "Parent Relationship": "Outer",
                          "Parallel Aware": true,
                          "Relation Name": "title",
                          "Alias": "t",
                          "Startup Cost": 0.0,
                          "Total Cost": 43898.92,
                          "Plan Rows": 384216,
                          "Plan Width": 4,
                          "Actual Startup Time": 0.015,
                          "Actual Total Time": 73.764,
                          "Actual Rows": 308653,
                          "Actual Loops": 5,
                          "Filter": "(kind_id = 7)",
                          "Rows Removed by Filter": 197010
                        },
                        {
                          "Node Type": "Hash",
                          "Parent Relationship": "Inner",
                          "Parallel Aware": true,
                          "Startup Cost": 20393.15,
                          "Total Cost": 20393.15,
                          "Plan Rows": 20115,
                          "Plan Width": 4,
                          "Actual Startup Time": 29.719,
                          "Actual Total Time": 29.723,
                          "Actual Rows": 12415,
                          "Actual Loops": 5,
                          "Hash Buckets": 65536,
                          "Original Hash Buckets": 65536,
                          "Hash Batches": 1,
                          "Original Hash Batches": 1,
                          "Peak Memory Usage": 3008,
                          "Plans": [
                            {
                              "Node Type": "Bitmap Heap Scan",
                              "Parent Relationship": "Outer",
                              "Parallel Aware": true,
                              "Relation Name": "movie_companies",
                              "Alias": "mc",
                              "Startup Cost": 1351.7,
                              "Total Cost": 20393.15,
                              "Plan Rows": 20115,
                              "Plan Width": 4,
                              "Actual Startup Time": 5.455,
                              "Actual Total Time": 21.78,
                              "Actual Rows": 12415,
                              "Actual Loops": 5,
                              "Recheck Cond": "(company_id = 6)",
                              "Rows Removed by Index Recheck": 0,
                              "Exact Heap Blocks": 3018,
                              "Lossy Heap Blocks": 0,
                              "Plans": [
                                {
                                  "Node Type": "Bitmap Index Scan",
                                  "Parent Relationship": "Outer",
                                  "Parallel Aware": false,
                                  "Index Name": "company_id_movie_companies",
                                  "Startup Cost": 0.0,
                                  "Total Cost": 1336.12,
                                  "Plan Rows": 62358,
                                  "Plan Width": 0,
                                  "Actual Startup Time": 9.307,
                                  "Actual Total Time": 9.307,
                                  "Actual Rows": 62075,
                                  "Actual Loops": 1,
                                  "Index Cond": "(company_id = 6)"
                                }
                              ]
                            }
                          ]
                        }
                      ]
                    },
                    {
                      "Node Type": "Index Scan",
                      "Parent Relationship": "Inner",
                      "Parallel Aware": false,
                      "Scan Direction": "Forward",
                      "Index Name": "movie_id_movie_keyword",
                      "Relation Name": "movie_keyword",
                      "Alias": "mk",
                      "Startup Cost": 0.43,
                      "Total Cost": 1.45,
                      "Plan Rows": 20,
                      "Plan Width": 4,
                      "Actual Startup Time": 0.002,
                      "Actual Total Time": 0.002,
                      "Actual Rows": 1,
                      "Actual Loops": 55491,
                      "Index Cond": "(movie_id = t.id)",
                      "Rows Removed by Index Recheck": 0,
                      "Filter": "(keyword_id > 6395)",
                      "Rows Removed by Filter": 1
                    }
                  ]
                }
              ]
            }
          ]
        }
      ]
    },
    "Planning Time": 1.419,
    "Triggers": [],
    "Execution Time": 203.624
  }
]