[
  {
    "Plan": {
      "Node Type": "Aggregate",
      "Strategy": "Plain",
      "Partial Mode": "Finalize",
      "Parallel Aware": false,
      "Startup Cost": 124786.78,
      "Total Cost": 124786.79,
      "Plan Rows": 1,
      "Plan Width": 8,
      "Actual Startup Time": 817.584,
      "Actual Total Time": 839.043,
      "Actual Rows": 1,
      "Actual Loops": 1,
      "Plans": [
        {
          "Node Type": "Gather",
          "Parent Relationship": "Outer",
          "Parallel Aware": false,
          "Startup Cost": 124786.46,
          "Total Cost": 124786.77,
          "Plan Rows": 3,
          "Plan Width": 8,
          "Actual Startup Time": 807.726,
          "Actual Total Time": 839.033,
          "Actual Rows": 4,
          "Actual Loops": 1,
          "Workers Planned": 3,
          "Workers Launched": 3,
          "Single Copy": false,
          "Plans": [
            {
              "Node Type": "Aggregate",
              "Strategy": "Plain",
              "Partial Mode": "Partial",
              "Parent Relationship": "Outer",
              "Parallel Aware": false,
              "Startup Cost": 123786.46,
              "Total Cost": 123786.47,
              "Plan Rows": 1,
              "Plan Width": 8,
              "Actual Startup Time": 802.96,
              "Actual Total Time": 803.091,
              "Actual Rows": 1,
              "Actual Loops": 4,
              "Plans": [
                {
                  "Node Type": "Hash Join",
                  "Parent Relationship": "Outer",
                  "Parallel Aware": true,
                  "Join Type": "Inner",
                  "Startup Cost": 92307.99,
                  "Total Cost": 123299.32,
                  "Plan Rows": 194859,
                  "Plan Width": 0,
                  "Actual Startup Time": 551.689,
                  "Actual Total Time": 765.541,
                  "Actual Rows": 900501,
                  "Actual Loops": 4,
                  "Inner Unique": false,
                  "Hash Cond": "(mc.movie_id = t.id)",
                  "Plans": [
                    {
                      "Node Type": "Seq Scan",
                      "Parent Relationship": "Outer",
                      "Parallel Aware": true,
                      "Relation Name": "movie_companies",
                      "Alias": "mc",
                      "Startup Cost": 0.0,
                      "Total Cost": 27206.55,
                      "Plan Rows": 841655,
                      "Plan Width": 4,
                      "Actual Startup Time": 0.026,
                      "Actual Total Time": 55.192,
                      "Actual Rows": 652282,
                      "Actual Loops": 4
                    },
                    {
                      "Node Type": "Hash",
                      "Parent Relationship": "Inner",
                      "Parallel Aware": true,
                      "Startup Cost": 89947.59,
                      "Total Cost": 89947.59,
                      "Plan Rows": 188832,
                      "Plan Width": 8,
                      "Actual Startup Time": 548.692,
                      "Actual Total Time": 548.821,
                      "Actual Rows": 149261,
                      "Actual Loops": 4,
                      "Hash Buckets": 1048576,
                      "Original Hash Buckets": 1048576,
                      "Hash Batches": 1,
                      "Original Hash Batches": 1,
                      "Peak Memory Usage": 31616,
                      "Plans": [
                        {
                          "Node Type": "Hash Join",
                          "Parent Relationship": "Outer",
                          "Parallel Aware": true,
                          "Join Type": "Inner",
                          "Startup Cost": 62637.5,
                          "Total Cost": 89947.59,
                          "Plan Rows": 188832,
                          "Plan Width": 8,
                          "Actual Startup Time": 381.153,
                          "Actual Total Time": 492.471,
                          "Actual Rows": 149261,
                          "Actual Loops": 4,
                          "Inner Unique": true,
                          "Hash Cond": "(mk.movie_id = t.id)",
                          "Plans": [
                            {
                              "Node Type": "Bitmap Heap Scan",
                              "Parent Relationship": "Outer",
                              "Parallel Aware": true,
                              "Relation Name": "movie_keyword",
                              "Alias": "mk",
                              "Startup Cost": 12417.12,
                              "Total Cost": 39231.52,
                              "Plan Rows": 188832,
                              "Plan Width": 4,
                              "Actual Startup Time": 31.016,
                              "Actual Total Time": 85.585,
                              "Actual Rows": 149261,
                              "Actual Loops": 4,
                              "Recheck Cond": "(keyword_id < 438)",
                              "Rows Removed by Index Recheck": 0,
                              "Exact Heap Blocks": 7422,
                              "Lossy Heap Blocks": 0,
                              "Plans": [
                                {
                                  "Node Type": "Bitmap Index Scan",
                                  "Parent Relationship": "Outer",
                                  "Parallel Aware": false,
                                  "Index Name": "keyword_id_movie_keyword",
                                  "Startup Cost": 0.0,
                                  "Total Cost": 12270.77,
                                  "Plan Rows": 585379,
                                  "Plan Width": 0,
                                  "Actual Startup Time": 27.452,
                                  "Actual Total Time": 27.453,
                                  "Actual Rows": 597043,
                                  "Actual Loops": 1,
                                  "Index Cond": "(keyword_id < 438)"
                                }
                              ]
                            },
                            {
                              "Node Type": "Hash",
                              "Parent Relationship": "Inner",
                              "Parallel Aware": true,
                              "Startup Cost": 42319.06,
                              "Total Cost": 42319.06,
                              "Plan Rows": 632106,
                              "Plan Width": 4,
                              "Actual Startup Time": 342.991,
                              "Actual Total Time": 342.993,
                              "Actual Rows": 632078,
                              "Actual Loops": 4,
                              "Hash Buckets": 4194304,
                              "Original Hash Buckets": 4194304,
                              "Hash Batches": 1,
                              "Original Hash Batches": 1,
                              "Peak Memory Usage": 131744,
                              "Plans": [
                                {
                                  "Node Type": "Seq Scan",
                                  "Parent Relationship": "Outer",
                                  "Parallel Aware": true,
                                  "Relation Name": "title",
                                  "Alias": "t",
                                  "Startup Cost": 0.0,
                                  "Total Cost": 42319.06,
                                  "Plan Rows": 632106,
                                  "Plan Width": 4,
                                  "Actual Startup Time": 0.058,
                                  "Actual Total Time": 96.844,
                                  "Actual Rows": 632078,
                                  "Actual Loops": 4
                                }
                              ]
                            }
                          ]
                        }
                      ]
                    }
                  ]
                }
              ]
            }
          ]
        }
      ]
    },
    "Planning Time": 0.518,
    "Triggers": [],
    "Execution Time": 839.103
  }
]