[
    {
        "Bao": {
            "Bao prediction": 491.829,
            "Bao recommended hint": "(no hint)"
        }
    },
    {
        "Plan": {
            "Node Type": "Aggregate",
            "Strategy": "Plain",
            "Partial Mode": "Finalize",
            "Parallel Aware": false,
            "Startup Cost": 45807.55,
            "Total Cost": 45807.56,
            "Plan Rows": 1,
            "Plan Width": 8,
            "Actual Startup Time": 167.741,
            "Actual Total Time": 173.533,
            "Actual Rows": 1,
            "Actual Loops": 1,
            "Output": [
                "count(*)"
            ],
            "Plans": [
                {
                    "Node Type": "Gather",
                    "Parent Relationship": "Outer",
                    "Parallel Aware": false,
                    "Startup Cost": 45807.23,
                    "Total Cost": 45807.54,
                    "Plan Rows": 3,
                    "Plan Width": 8,
                    "Actual Startup Time": 167.665,
                    "Actual Total Time": 173.527,
                    "Actual Rows": 4,
                    "Actual Loops": 1,
                    "Output": [
                        "(PARTIAL count(*))"
                    ],
                    "Workers Planned": 3,
                    "Workers Launched": 3,
                    "Single Copy": false,
                    "Plans": [
                        {
                            "Node Type": "Aggregate",
                            "Strategy": "Plain",
                            "Partial Mode": "Partial",
                            "Parent Relationship": "Outer",
                            "Parallel Aware": false,
                            "Startup Cost": 44807.23,
                            "Total Cost": 44807.24,
                            "Plan Rows": 1,
                            "Plan Width": 8,
                            "Actual Startup Time": 160.003,
                            "Actual Total Time": 160.004,
                            "Actual Rows": 1,
                            "Actual Loops": 4,
                            "Output": [
                                "PARTIAL count(*)"
                            ],
                            "Workers": [
                                {
                                    "Worker Number": 0,
                                    "Actual Startup Time": 157.493,
                                    "Actual Total Time": 157.494,
                                    "Actual Rows": 1,
                                    "Actual Loops": 1
                                },
                                {
                                    "Worker Number": 1,
                                    "Actual Startup Time": 157.699,
                                    "Actual Total Time": 157.7,
                                    "Actual Rows": 1,
                                    "Actual Loops": 1
                                },
                                {
                                    "Worker Number": 2,
                                    "Actual Startup Time": 157.78,
                                    "Actual Total Time": 157.781,
                                    "Actual Rows": 1,
                                    "Actual Loops": 1
                                }
                            ],
                            "Plans": [
                                {
                                    "Node Type": "Seq Scan",
                                    "Parent Relationship": "Outer",
                                    "Parallel Aware": true,
                                    "Relation Name": "movie_keyword",
                                    "Schema": "public",
                                    "Alias": "mk",
                                    "Startup Cost": 0.0,
                                    "Total Cost": 42695.65,
                                    "Plan Rows": 844632,
                                    "Plan Width": 0,
                                    "Actual Startup Time": 0.493,
                                    "Actual Total Time": 124.042,
                                    "Actual Rows": 655535,
                                    "Actual Loops": 4,
                                    "Output": [
                                        "id",
                                        "movie_id",
                                        "keyword_id"
                                    ],
                                    "Filter": "(mk.keyword_id > 3260)",
                                    "Rows Removed by Filter": 475447,
                                    "Workers": [
                                        {
                                            "Worker Number": 0,
                                            "Actual Startup Time": 0.077,
                                            "Actual Total Time": 122.517,
                                            "Actual Rows": 470784,
                                            "Actual Loops": 1
                                        },
                                        {
                                            "Worker Number": 1,
                                            "Actual Startup Time": 0.057,
                                            "Actual Total Time": 122.402,
                                            "Actual Rows": 649256,
                                            "Actual Loops": 1
                                        },
                                        {
                                            "Worker Number": 2,
                                            "Actual Startup Time": 0.059,
                                            "Actual Total Time": 122.498,
                                            "Actual Rows": 653011,
                                            "Actual Loops": 1
                                        }
                                    ]
                                }
                            ]
                        }
                    ]
                }
            ]
        },
        "Planning Time": 613.334,
        "Triggers": [],
        "Execution Time": 173.617
    }
]