{
  "Plan": {
    "Node Type": "Aggregate",
    "Strategy": "Plain",
    "Partial Mode": "Finalize",
    "Parallel Aware": false,
    "Startup Cost": 110159.24,
    "Total Cost": 110159.25,
    "Plan Rows": 1,
    "Plan Width": 8,
    "Actual Startup Time": 606.109,
    "Actual Total Time": 620.755,
    "Actual Rows": 1,
    "Actual Loops": 1,
    "Plans": [
      {
        "Node Type": "Gather",
        "Parent Relationship": "Outer",
        "Parallel Aware": false,
        "Startup Cost": 110159.13,
        "Total Cost": 110159.24,
        "Plan Rows": 1,
        "Plan Width": 8,
        "Actual Startup Time": 604.845,
        "Actual Total Time": 620.745,
        "Actual Rows": 2,
        "Actual Loops": 1,
        "Workers Planned": 1,
        "Workers Launched": 1,
        "Single Copy": false,
        "Plans": [
          {
            "Node Type": "Aggregate",
            "Strategy": "Plain",
            "Partial Mode": "Partial",
            "Parent Relationship": "Outer",
            "Parallel Aware": false,
            "Startup Cost": 109159.13,
            "Total Cost": 109159.14,
            "Plan Rows": 1,
            "Plan Width": 8,
            "Actual Startup Time": 600.858,
            "Actual Total Time": 600.864,
            "Actual Rows": 1,
            "Actual Loops": 2,
            "Plans": [
              {
                "Node Type": "Hash Join",
                "Parent Relationship": "Outer",
                "Parallel Aware": true,
                "Join Type": "Inner",
                "Startup Cost": 46110.75,
                "Total Cost": 108299.33,
                "Plan Rows": 343922,
                "Plan Width": 0,
                "Actual Startup Time": 183.564,
                "Actual Total Time": 591.903,
                "Actual Rows": 187402,
                "Actual Loops": 2,
                "Inner Unique": false,
                "Hash Cond": "(t.id = mc.movie_id)",
                "Plans": [
                  {
                    "Node Type": "Seq Scan",
                    "Parent Relationship": "Outer",
                    "Parallel Aware": true,
                    "Relation Name": "title",
                    "Alias": "t",
                    "Startup Cost": 0.0,
                    "Total Cost": 50870.31,
                    "Plan Rows": 1487231,
                    "Plan Width": 4,
                    "Actual Startup Time": 0.01,
                    "Actual Total Time": 133.627,
                    "Actual Rows": 1264156,
                    "Actual Loops": 2
                  },
                  {
                    "Node Type": "Hash",
                    "Parent Relationship": "Inner",
                    "Parallel Aware": true,
                    "Startup Cost": 41811.73,
                    "Total Cost": 41811.73,
                    "Plan Rows": 343922,
                    "Plan Width": 4,
                    "Actual Startup Time": 175.983,
                    "Actual Total Time": 175.984,
                    "Actual Rows": 187402,
                    "Actual Loops": 2,
                    "Hash Buckets": 1048576,
                    "Original Hash Buckets": 1048576,
                    "Hash Batches": 1,
                    "Original Hash Batches": 1,
                    "Peak Memory Usage": 22880,
                    "Plans": [
                      {
                        "Node Type": "Seq Scan",
                        "Parent Relationship": "Outer",
                        "Parallel Aware": true,
                        "Relation Name": "movie_companies",
                        "Alias": "mc",
                        "Startup Cost": 0.0,
                        "Total Cost": 41811.73,
                        "Plan Rows": 343922,
                        "Plan Width": 4,
                        "Actual Startup Time": 62.865,
                        "Actual Total Time": 120.592,
                        "Actual Rows": 187402,
                        "Actual Loops": 2,
                        "Filter": "((company_id < 8974) AND (company_type_id > 1))",
                        "Rows Removed by Filter": 1117162
                      }
                    ]
                  }
                ]
              }
            ]
          }
        ]
      }
    ]
  },
  "Planning Time": 0.432,
  "Triggers": [],
  "Execution Time": 620.806
}