{
  "Plan": {
    "Node Type": "Aggregate",
    "Strategy": "Plain",
    "Partial Mode": "Finalize",
    "Parallel Aware": false,
    "Startup Cost": 97739.77,
    "Total Cost": 97739.78,
    "Plan Rows": 1,
    "Plan Width": 8,
    "Actual Startup Time": 699.549,
    "Actual Total Time": 714.578,
    "Actual Rows": 1,
    "Actual Loops": 1,
    "Plans": [
      {
        "Node Type": "Gather",
        "Parent Relationship": "Outer",
        "Parallel Aware": false,
        "Startup Cost": 97739.65,
        "Total Cost": 97739.76,
        "Plan Rows": 1,
        "Plan Width": 8,
        "Actual Startup Time": 698.27,
        "Actual Total Time": 714.569,
        "Actual Rows": 2,
        "Actual Loops": 1,
        "Workers Planned": 1,
        "Workers Launched": 1,
        "Single Copy": false,
        "Plans": [
          {
            "Node Type": "Aggregate",
            "Strategy": "Plain",
            "Partial Mode": "Partial",
            "Parent Relationship": "Outer",
            "Parallel Aware": false,
            "Startup Cost": 96739.65,
            "Total Cost": 96739.66,
            "Plan Rows": 1,
            "Plan Width": 8,
            "Actual Startup Time": 692.251,
            "Actual Total Time": 692.26,
            "Actual Rows": 1,
            "Actual Loops": 2,
            "Plans": [
              {
                "Node Type": "Hash Join",
                "Parent Relationship": "Outer",
                "Parallel Aware": true,
                "Join Type": "Inner",
                "Startup Cost": 34451.13,
                "Total Cost": 96106.47,
                "Plan Rows": 253273,
                "Plan Width": 0,
                "Actual Startup Time": 176.318,
                "Actual Total Time": 678.027,
                "Actual Rows": 219163,
                "Actual Loops": 2,
                "Inner Unique": false,
                "Hash Cond": "(t.id = mc.movie_id)",
                "Plans": [
                  {
                    "Node Type": "Seq Scan",
                    "Parent Relationship": "Outer",
                    "Parallel Aware": true,
                    "Relation Name": "title",
                    "Alias": "t",
                    "Startup Cost": 0.0,
                    "Total Cost": 50870.31,
                    "Plan Rows": 1487231,
                    "Plan Width": 4,
                    "Actual Startup Time": 0.019,
                    "Actual Total Time": 167.705,
                    "Actual Rows": 1264156,
                    "Actual Loops": 2
                  },
                  {
                    "Node Type": "Hash",
                    "Parent Relationship": "Inner",
                    "Parallel Aware": true,
                    "Startup Cost": 31285.21,
                    "Total Cost": 31285.21,
                    "Plan Rows": 253273,
                    "Plan Width": 4,
                    "Actual Startup Time": 158.774,
                    "Actual Total Time": 158.779,
                    "Actual Rows": 219163,
                    "Actual Loops": 2,
                    "Hash Buckets": 524288,
                    "Original Hash Buckets": 524288,
                    "Hash Batches": 1,
                    "Original Hash Batches": 1,
                    "Peak Memory Usage": 21280,
                    "Plans": [
                      {
                        "Node Type": "Bitmap Heap Scan",
                        "Parent Relationship": "Outer",
                        "Parallel Aware": true,
                        "Relation Name": "movie_companies",
                        "Alias": "mc",
                        "Startup Cost": 9329.3,
                        "Total Cost": 31285.21,
                        "Plan Rows": 253273,
                        "Plan Width": 4,
                        "Actual Startup Time": 39.727,
                        "Actual Total Time": 98.198,
                        "Actual Rows": 219163,
                        "Actual Loops": 2,
                        "Recheck Cond": "(company_id > 78373)",
                        "Rows Removed by Index Recheck": 0,
                        "Exact Heap Blocks": 3988,
                        "Lossy Heap Blocks": 0,
                        "Plans": [
                          {
                            "Node Type": "Bitmap Index Scan",
                            "Parent Relationship": "Outer",
                            "Parallel Aware": false,
                            "Index Name": "company_id_movie_companies",
                            "Startup Cost": 0.0,
                            "Total Cost": 9221.66,
                            "Plan Rows": 430564,
                            "Plan Width": 0,
                            "Actual Startup Time": 38.739,
                            "Actual Total Time": 38.739,
                            "Actual Rows": 438326,
                            "Actual Loops": 1,
                            "Index Cond": "(company_id > 78373)"
                          }
                        ]
                      }
                    ]
                  }
                ]
              }
            ]
          }
        ]
      }
    ]
  },
  "Planning Time": 0.511,
  "Triggers": [],
  "Execution Time": 714.662
}