[
    {
        "Bao": {
            "Bao prediction": "NaN",
            "Bao recommended hint": "(no hint)"
        }
    },
    {
        "Plan": {
            "Node Type": "Aggregate",
            "Strategy": "Plain",
            "Partial Mode": "Finalize",
            "Parallel Aware": false,
            "Startup Cost": 281483.58,
            "Total Cost": 281483.59,
            "Plan Rows": 1,
            "Plan Width": 8,
            "Actual Startup Time": 112.996,
            "Actual Total Time": 117.133,
            "Actual Rows": 1,
            "Actual Loops": 1,
            "Output": [
                "count(*)"
            ],
            "Plans": [
                {
                    "Node Type": "Gather",
                    "Parent Relationship": "Outer",
                    "Parallel Aware": false,
                    "Startup Cost": 281482.95,
                    "Total Cost": 281483.56,
                    "Plan Rows": 6,
                    "Plan Width": 8,
                    "Actual Startup Time": 112.566,
                    "Actual Total Time": 117.125,
                    "Actual Rows": 7,
                    "Actual Loops": 1,
                    "Output": [
                        "(PARTIAL count(*))"
                    ],
                    "Workers Planned": 6,
                    "Workers Launched": 6,
                    "Single Copy": false,
                    "Plans": [
                        {
                            "Node Type": "Aggregate",
                            "Strategy": "Plain",
                            "Partial Mode": "Partial",
                            "Parent Relationship": "Outer",
                            "Parallel Aware": false,
                            "Startup Cost": 280482.95,
                            "Total Cost": 280482.96,
                            "Plan Rows": 1,
                            "Plan Width": 8,
                            "Actual Startup Time": 102.308,
                            "Actual Total Time": 102.309,
                            "Actual Rows": 1,
                            "Actual Loops": 7,
                            "Output": [
                                "PARTIAL count(*)"
                            ],
                            "Workers": [
                                {
                                    "Worker Number": 0,
                                    "Actual Startup Time": 99.336,
                                    "Actual Total Time": 99.337,
                                    "Actual Rows": 1,
                                    "Actual Loops": 1
                                },
                                {
                                    "Worker Number": 1,
                                    "Actual Startup Time": 100.44,
                                    "Actual Total Time": 100.441,
                                    "Actual Rows": 1,
                                    "Actual Loops": 1
                                },
                                {
                                    "Worker Number": 2,
                                    "Actual Startup Time": 100.771,
                                    "Actual Total Time": 100.772,
                                    "Actual Rows": 1,
                                    "Actual Loops": 1
                                },
                                {
                                    "Worker Number": 3,
                                    "Actual Startup Time": 100.885,
                                    "Actual Total Time": 100.887,
                                    "Actual Rows": 1,
                                    "Actual Loops": 1
                                },
                                {
                                    "Worker Number": 4,
                                    "Actual Startup Time": 101.184,
                                    "Actual Total Time": 101.185,
                                    "Actual Rows": 1,
                                    "Actual Loops": 1
                                },
                                {
                                    "Worker Number": 5,
                                    "Actual Startup Time": 101.366,
                                    "Actual Total Time": 101.367,
                                    "Actual Rows": 1,
                                    "Actual Loops": 1
                                }
                            ],
                            "Plans": [
                                {
                                    "Node Type": "Bitmap Heap Scan",
                                    "Parent Relationship": "Outer",
                                    "Parallel Aware": true,
                                    "Relation Name": "cast_info",
                                    "Schema": "public",
                                    "Alias": "ci",
                                    "Startup Cost": 24968.78,
                                    "Total Cost": 280011.76,
                                    "Plan Rows": 188478,
                                    "Plan Width": 0,
                                    "Actual Startup Time": 36.905,
                                    "Actual Total Time": 91.865,
                                    "Actual Rows": 174790,
                                    "Actual Loops": 7,
                                    "Recheck Cond": "(ci.person_id > 3825033)",
                                    "Rows Removed by Index Recheck": 0,
                                    "Exact Heap Blocks": 4928,
                                    "Lossy Heap Blocks": 0,
                                    "Workers": [
                                        {
                                            "Worker Number": 0,
                                            "Actual Startup Time": 33.975,
                                            "Actual Total Time": 89.549,
                                            "Actual Rows": 137804,
                                            "Actual Loops": 1
                                        },
                                        {
                                            "Worker Number": 1,
                                            "Actual Startup Time": 35.109,
                                            "Actual Total Time": 90.329,
                                            "Actual Rows": 150428,
                                            "Actual Loops": 1
                                        },
                                        {
                                            "Worker Number": 2,
                                            "Actual Startup Time": 35.645,
                                            "Actual Total Time": 90.786,
                                            "Actual Rows": 148436,
                                            "Actual Loops": 1
                                        },
                                        {
                                            "Worker Number": 3,
                                            "Actual Startup Time": 35.421,
                                            "Actual Total Time": 90.77,
                                            "Actual Rows": 149362,
                                            "Actual Loops": 1
                                        },
                                        {
                                            "Worker Number": 4,
                                            "Actual Startup Time": 35.727,
                                            "Actual Total Time": 91.216,
                                            "Actual Rows": 147741,
                                            "Actual Loops": 1
                                        },
                                        {
                                            "Worker Number": 5,
                                            "Actual Startup Time": 35.996,
                                            "Actual Total Time": 91.317,
                                            "Actual Rows": 150399,
                                            "Actual Loops": 1
                                        }
                                    ],
                                    "Plans": [
                                        {
                                            "Node Type": "Bitmap Index Scan",
                                            "Parent Relationship": "Outer",
                                            "Parallel Aware": false,
                                            "Index Name": "person_id_cast_info",
                                            "Startup Cost": 0.0,
                                            "Total Cost": 24686.07,
                                            "Plan Rows": 1130867,
                                            "Plan Width": 0,
                                            "Actual Startup Time": 43.549,
                                            "Actual Total Time": 43.549,
                                            "Actual Rows": 1223533,
                                            "Actual Loops": 1,
                                            "Index Cond": "(ci.person_id > 3825033)"
                                        }
                                    ]
                                }
                            ]
                        }
                    ]
                }
            ]
        },
        "Planning Time": 184.434,
        "Triggers": [],
        "Execution Time": 117.205
    }
]