{
  "Plan": {
    "Node Type": "Aggregate",
    "Strategy": "Plain",
    "Partial Mode": "Finalize",
    "Parallel Aware": false,
    "Startup Cost": 1780456.95,
    "Total Cost": 1780456.96,
    "Plan Rows": 1,
    "Plan Width": 8,
    "Actual Startup Time": 12505.712,
    "Actual Total Time": 12574.17,
    "Actual Rows": 1,
    "Actual Loops": 1,
    "Plans": [
      {
        "Node Type": "Gather",
        "Parent Relationship": "Outer",
        "Parallel Aware": false,
        "Startup Cost": 1780456.84,
        "Total Cost": 1780456.95,
        "Plan Rows": 1,
        "Plan Width": 8,
        "Actual Startup Time": 12491.164,
        "Actual Total Time": 12574.161,
        "Actual Rows": 2,
        "Actual Loops": 1,
        "Workers Planned": 1,
        "Workers Launched": 1,
        "Single Copy": false,
        "Plans": [
          {
            "Node Type": "Aggregate",
            "Strategy": "Plain",
            "Partial Mode": "Partial",
            "Parent Relationship": "Outer",
            "Parallel Aware": false,
            "Startup Cost": 1779456.84,
            "Total Cost": 1779456.85,
            "Plan Rows": 1,
            "Plan Width": 8,
            "Actual Startup Time": 12475.569,
            "Actual Total Time": 12475.577,
            "Actual Rows": 1,
            "Actual Loops": 2,
            "Plans": [
              {
                "Node Type": "Merge Join",
                "Parent Relationship": "Outer",
                "Parallel Aware": false,
                "Join Type": "Inner",
                "Startup Cost": 1728756.03,
                "Total Cost": 1778178.24,
                "Plan Rows": 511438,
                "Plan Width": 0,
                "Actual Startup Time": 9225.217,
                "Actual Total Time": 12151.13,
                "Actual Rows": 8268396,
                "Actual Loops": 2,
                "Inner Unique": false,
                "Merge Cond": "(t.id = mi.movie_id)",
                "Plans": [
                  {
                    "Node Type": "Sort",
                    "Parent Relationship": "Outer",
                    "Parallel Aware": false,
                    "Startup Cost": 1544389.6,
                    "Total Cost": 1565281.08,
                    "Plan Rows": 8356595,
                    "Plan Width": 8,
                    "Actual Startup Time": 9150.662,
                    "Actual Total Time": 10565.99,
                    "Actual Rows": 7410812,
                    "Actual Loops": 2,
                    "Sort Key": [
                      "t.id"
                    ],
                    "Sort Method": "quicksort",
                    "Sort Space Used": 547190,
                    "Sort Space Type": "Memory",
                    "Workers": [
                      {
                        "Worker Number": 0,
                        "Sort Method": "quicksort",
                        "Sort Space Used": 540924,
                        "Sort Space Type": "Memory"
                      }
                    ],
                    "Plans": [
                      {
                        "Node Type": "Hash Join",
                        "Parent Relationship": "Outer",
                        "Parallel Aware": true,
                        "Join Type": "Inner",
                        "Startup Cost": 61878.3,
                        "Total Cost": 583611.66,
                        "Plan Rows": 8356595,
                        "Plan Width": 8,
                        "Actual Startup Time": 279.559,
                        "Actual Total Time": 7170.788,
                        "Actual Rows": 7412230,
                        "Actual Loops": 2,
                        "Inner Unique": true,
                        "Hash Cond": "(ci.movie_id = t.id)",
                        "Plans": [
                          {
                            "Node Type": "Seq Scan",
                            "Parent Relationship": "Outer",
                            "Parallel Aware": true,
                            "Relation Name": "cast_info",
                            "Alias": "ci",
                            "Startup Cost": 0.0,
                            "Total Cost": 465792.95,
                            "Plan Rows": 21310595,
                            "Plan Width": 4,
                            "Actual Startup Time": 0.015,
                            "Actual Total Time": 1392.074,
                            "Actual Rows": 18122172,
                            "Actual Loops": 2
                          },
                          {
                            "Node Type": "Hash",
                            "Parent Relationship": "Inner",
                            "Parallel Aware": true,
                            "Startup Cost": 54588.39,
                            "Total Cost": 54588.39,
                            "Plan Rows": 583193,
                            "Plan Width": 4,
                            "Actual Startup Time": 270.724,
                            "Actual Total Time": 270.725,
                            "Actual Rows": 492524,
                            "Actual Loops": 2,
                            "Hash Buckets": 1048576,
                            "Original Hash Buckets": 1048576,
                            "Hash Batches": 1,
                            "Original Hash Batches": 1,
                            "Peak Memory Usage": 46752,
                            "Plans": [
                              {
                                "Node Type": "Seq Scan",
                                "Parent Relationship": "Outer",
                                "Parallel Aware": true,
                                "Relation Name": "title",
                                "Alias": "t",
                                "Startup Cost": 0.0,
                                "Total Cost": 54588.39,
                                "Plan Rows": 583193,
                                "Plan Width": 4,
                                "Actual Startup Time": 0.029,
                                "Actual Total Time": 154.925,
                                "Actual Rows": 492524,
                                "Actual Loops": 2,
                                "Filter": "(kind_id < 7)",
                                "Rows Removed by Filter": 771632
                              }
                            ]
                          }
                        ]
                      }
                    ]
                  },
                  {
                    "Node Type": "Sort",
                    "Parent Relationship": "Inner",
                    "Parallel Aware": false,
                    "Startup Cost": 184365.59,
                    "Total Cost": 184752.43,
                    "Plan Rows": 154736,
                    "Plan Width": 4,
                    "Actual Startup Time": 54.053,
                    "Actual Total Time": 328.227,
                    "Actual Rows": 8268600,
                    "Actual Loops": 2,
                    "Sort Key": [
                      "mi.movie_id"
                    ],
                    "Sort Method": "quicksort",
                    "Sort Space Used": 13058,
                    "Sort Space Type": "Memory",
                    "Workers": [
                      {
                        "Worker Number": 0,
                        "Sort Method": "quicksort",
                        "Sort Space Used": 13058,
                        "Sort Space Type": "Memory"
                      }
                    ],
                    "Plans": [
                      {
                        "Node Type": "Bitmap Heap Scan",
                        "Parent Relationship": "Outer",
                        "Parallel Aware": false,
                        "Relation Name": "movie_info",
                        "Alias": "mi",
                        "Startup Cost": 2803.64,
                        "Total Cost": 171027.77,
                        "Plan Rows": 154736,
                        "Plan Width": 4,
                        "Actual Startup Time": 5.433,
                        "Actual Total Time": 28.868,
                        "Actual Rows": 147487,
                        "Actual Loops": 2,
                        "Recheck Cond": "(info_type_id = 107)",
                        "Rows Removed by Index Recheck": 0,
                        "Exact Heap Blocks": 4756,
                        "Lossy Heap Blocks": 0,
                        "Plans": [
                          {
                            "Node Type": "Bitmap Index Scan",
                            "Parent Relationship": "Outer",
                            "Parallel Aware": false,
                            "Index Name": "info_type_id_movie_info",
                            "Startup Cost": 0.0,
                            "Total Cost": 2764.95,
                            "Plan Rows": 154736,
                            "Plan Width": 0,
                            "Actual Startup Time": 4.914,
                            "Actual Total Time": 4.915,
                            "Actual Rows": 147487,
                            "Actual Loops": 2,
                            "Index Cond": "(info_type_id = 107)"
                          }
                        ]
                      }
                    ]
                  }
                ]
              }
            ]
          }
        ]
      }
    ]
  },
  "Planning Time": 1.09,
  "Triggers": [],
  "Execution Time": 12619.821
}