[
  {
    "Plan": {
      "Node Type": "Aggregate",
      "Strategy": "Plain",
      "Partial Mode": "Finalize",
      "Parallel Aware": false,
      "Startup Cost": 37629.29,
      "Total Cost": 37629.3,
      "Plan Rows": 1,
      "Plan Width": 8,
      "Actual Startup Time": 127.911,
      "Actual Total Time": 136.53,
      "Actual Rows": 1,
      "Actual Loops": 1,
      "Plans": [
        {
          "Node Type": "Gather",
          "Parent Relationship": "Outer",
          "Parallel Aware": false,
          "Startup Cost": 37628.97,
          "Total Cost": 37629.28,
          "Plan Rows": 3,
          "Plan Width": 8,
          "Actual Startup Time": 127.668,
          "Actual Total Time": 136.522,
          "Actual Rows": 4,
          "Actual Loops": 1,
          "Workers Planned": 3,
          "Workers Launched": 3,
          "Single Copy": false,
          "Plans": [
            {
              "Node Type": "Aggregate",
              "Strategy": "Plain",
              "Partial Mode": "Partial",
              "Parent Relationship": "Outer",
              "Parallel Aware": false,
              "Startup Cost": 36628.97,
              "Total Cost": 36628.98,
              "Plan Rows": 1,
              "Plan Width": 8,
              "Actual Startup Time": 121.739,
              "Actual Total Time": 121.741,
              "Actual Rows": 1,
              "Actual Loops": 4,
              "Plans": [
                {
                  "Node Type": "Bitmap Heap Scan",
                  "Parent Relationship": "Outer",
                  "Parallel Aware": true,
                  "Relation Name": "movie_keyword",
                  "Alias": "mk",
                  "Startup Cost": 9913.91,
                  "Total Cost": 36252.13,
                  "Plan Rows": 150738,
                  "Plan Width": 0,
                  "Actual Startup Time": 47.524,
                  "Actual Total Time": 115.326,
                  "Actual Rows": 114027,
                  "Actual Loops": 4,
                  "Recheck Cond": "(keyword_id > 38868)",
                  "Rows Removed by Index Recheck": 0,
                  "Exact Heap Blocks": 10469,
                  "Lossy Heap Blocks": 0,
                  "Plans": [
                    {
                      "Node Type": "Bitmap Index Scan",
                      "Parent Relationship": "Outer",
                      "Parallel Aware": false,
                      "Index Name": "keyword_id_movie_keyword",
                      "Startup Cost": 0.0,
                      "Total Cost": 9797.09,
                      "Plan Rows": 467287,
                      "Plan Width": 0,
                      "Actual Startup Time": 49.211,
                      "Actual Total Time": 49.211,
                      "Actual Rows": 456108,
                      "Actual Loops": 1,
                      "Index Cond": "(keyword_id > 38868)"
                    }
                  ]
                }
              ]
            }
          ]
        }
      ]
    },
    "Planning Time": 0.208,
    "Triggers": [],
    "Execution Time": 136.607
  }
]