{
  "Plan": {
    "Node Type": "Aggregate",
    "Strategy": "Plain",
    "Partial Mode": "Finalize",
    "Parallel Aware": false,
    "Startup Cost": 658982.16,
    "Total Cost": 658982.17,
    "Plan Rows": 1,
    "Plan Width": 8,
    "Actual Startup Time": 2171.401,
    "Actual Total Time": 2210.974,
    "Actual Rows": 1,
    "Actual Loops": 1,
    "Plans": [
      {
        "Node Type": "Gather",
        "Parent Relationship": "Outer",
        "Parallel Aware": false,
        "Startup Cost": 658982.05,
        "Total Cost": 658982.16,
        "Plan Rows": 1,
        "Plan Width": 8,
        "Actual Startup Time": 2165.81,
        "Actual Total Time": 2210.963,
        "Actual Rows": 2,
        "Actual Loops": 1,
        "Workers Planned": 1,
        "Workers Launched": 1,
        "Single Copy": false,
        "Plans": [
          {
            "Node Type": "Aggregate",
            "Strategy": "Plain",
            "Partial Mode": "Partial",
            "Parent Relationship": "Outer",
            "Parallel Aware": false,
            "Startup Cost": 657982.05,
            "Total Cost": 657982.06,
            "Plan Rows": 1,
            "Plan Width": 8,
            "Actual Startup Time": 2160.049,
            "Actual Total Time": 2163.534,
            "Actual Rows": 1,
            "Actual Loops": 2,
            "Plans": [
              {
                "Node Type": "Hash Join",
                "Parent Relationship": "Outer",
                "Parallel Aware": true,
                "Join Type": "Inner",
                "Startup Cost": 487420.42,
                "Total Cost": 657696.78,
                "Plan Rows": 114108,
                "Plan Width": 0,
                "Actual Startup Time": 2007.433,
                "Actual Total Time": 2159.937,
                "Actual Rows": 78962,
                "Actual Loops": 2,
                "Inner Unique": false,
                "Hash Cond": "(mi.movie_id = t.id)",
                "Plans": [
                  {
                    "Node Type": "Bitmap Heap Scan",
                    "Parent Relationship": "Outer",
                    "Parallel Aware": true,
                    "Relation Name": "movie_info",
                    "Alias": "mi",
                    "Startup Cost": 14428.12,
                    "Total Cost": 182276.62,
                    "Plan Rows": 468439,
                    "Plan Width": 4,
                    "Actual Startup Time": 23.609,
                    "Actual Total Time": 57.879,
                    "Actual Rows": 401070,
                    "Actual Loops": 2,
                    "Recheck Cond": "(info_type_id < 2)",
                    "Rows Removed by Index Recheck": 0,
                    "Exact Heap Blocks": 2530,
                    "Lossy Heap Blocks": 0,
                    "Plans": [
                      {
                        "Node Type": "Bitmap Index Scan",
                        "Parent Relationship": "Outer",
                        "Parallel Aware": false,
                        "Index Name": "info_type_id_movie_info",
                        "Startup Cost": 0.0,
                        "Total Cost": 14229.04,
                        "Plan Rows": 796347,
                        "Plan Width": 0,
                        "Actual Startup Time": 22.937,
                        "Actual Total Time": 22.938,
                        "Actual Rows": 802140,
                        "Actual Loops": 1,
                        "Index Cond": "(info_type_id < 2)"
                      }
                    ]
                  },
                  {
                    "Node Type": "Hash",
                    "Parent Relationship": "Inner",
                    "Parallel Aware": true,
                    "Startup Cost": 468463.86,
                    "Total Cost": 468463.86,
                    "Plan Rows": 362275,
                    "Plan Width": 8,
                    "Actual Startup Time": 1974.968,
                    "Actual Total Time": 1978.45,
                    "Actual Rows": 677642,
                    "Actual Loops": 2,
                    "Hash Buckets": 2097152,
                    "Original Hash Buckets": 1048576,
                    "Hash Batches": 1,
                    "Original Hash Batches": 1,
                    "Peak Memory Usage": 77632,
                    "Plans": [
                      {
                        "Node Type": "Hash Join",
                        "Parent Relationship": "Outer",
                        "Parallel Aware": true,
                        "Join Type": "Inner",
                        "Startup Cost": 64737.46,
                        "Total Cost": 468463.86,
                        "Plan Rows": 362275,
                        "Plan Width": 8,
                        "Actual Startup Time": 280.436,
                        "Actual Total Time": 1763.882,
                        "Actual Rows": 677642,
                        "Actual Loops": 2,
                        "Inner Unique": true,
                        "Hash Cond": "(ci.movie_id = t.id)",
                        "Plans": [
                          {
                            "Node Type": "Index Scan",
                            "Parent Relationship": "Outer",
                            "Parallel Aware": true,
                            "Scan Direction": "Forward",
                            "Index Name": "role_id_cast_info",
                            "Relation Name": "cast_info",
                            "Alias": "ci",
                            "Startup Cost": 0.56,
                            "Total Cost": 400977.7,
                            "Plan Rows": 1047340,
                            "Plan Width": 4,
                            "Actual Startup Time": 0.054,
                            "Actual Total Time": 856.281,
                            "Actual Rows": 1930889,
                            "Actual Loops": 2,
                            "Index Cond": "(role_id < 2)",
                            "Rows Removed by Index Recheck": 0,
                            "Filter": "(person_id < 515841)",
                            "Rows Removed by Filter": 4404455
                          },
                          {
                            "Node Type": "Hash",
                            "Parent Relationship": "Inner",
                            "Parallel Aware": true,
                            "Startup Cost": 58306.47,
                            "Total Cost": 58306.47,
                            "Plan Rows": 514434,
                            "Plan Width": 4,
                            "Actual Startup Time": 274.881,
                            "Actual Total Time": 274.883,
                            "Actual Rows": 478650,
                            "Actual Loops": 2,
                            "Hash Buckets": 1048576,
                            "Original Hash Buckets": 1048576,
                            "Hash Batches": 1,
                            "Original Hash Batches": 1,
                            "Peak Memory Usage": 45696,
                            "Plans": [
                              {
                                "Node Type": "Seq Scan",
                                "Parent Relationship": "Outer",
                                "Parallel Aware": true,
                                "Relation Name": "title",
                                "Alias": "t",
                                "Startup Cost": 0.0,
                                "Total Cost": 58306.47,
                                "Plan Rows": 514434,
                                "Plan Width": 4,
                                "Actual Startup Time": 0.036,
                                "Actual Total Time": 158.65,
                                "Actual Rows": 478650,
                                "Actual Loops": 2,
                                "Filter": "((production_year > 1999) AND (kind_id = 7))",
                                "Rows Removed by Filter": 785506
                              }
                            ]
                          }
                        ]
                      }
                    ]
                  }
                ]
              }
            ]
          }
        ]
      }
    ]
  },
  "Planning Time": 1.041,
  "Triggers": [],
  "Execution Time": 2211.087
}