{
  "Plan": {
    "Node Type": "Aggregate",
    "Strategy": "Plain",
    "Partial Mode": "Finalize",
    "Parallel Aware": false,
    "Startup Cost": 422007.36,
    "Total Cost": 422007.37,
    "Plan Rows": 1,
    "Plan Width": 8,
    "Actual Startup Time": 698.904,
    "Actual Total Time": 724.693,
    "Actual Rows": 1,
    "Actual Loops": 1,
    "Plans": [
      {
        "Node Type": "Gather",
        "Parent Relationship": "Outer",
        "Parallel Aware": false,
        "Startup Cost": 422007.25,
        "Total Cost": 422007.36,
        "Plan Rows": 1,
        "Plan Width": 8,
        "Actual Startup Time": 698.482,
        "Actual Total Time": 724.684,
        "Actual Rows": 2,
        "Actual Loops": 1,
        "Workers Planned": 1,
        "Workers Launched": 1,
        "Single Copy": false,
        "Plans": [
          {
            "Node Type": "Aggregate",
            "Strategy": "Plain",
            "Partial Mode": "Partial",
            "Parent Relationship": "Outer",
            "Parallel Aware": false,
            "Startup Cost": 421007.25,
            "Total Cost": 421007.26,
            "Plan Rows": 1,
            "Plan Width": 8,
            "Actual Startup Time": 692.54,
            "Actual Total Time": 692.545,
            "Actual Rows": 1,
            "Actual Loops": 2,
            "Plans": [
              {
                "Node Type": "Hash Join",
                "Parent Relationship": "Outer",
                "Parallel Aware": true,
                "Join Type": "Inner",
                "Startup Cost": 136751.69,
                "Total Cost": 420938.31,
                "Plan Rows": 27576,
                "Plan Width": 0,
                "Actual Startup Time": 265.67,
                "Actual Total Time": 690.793,
                "Actual Rows": 24074,
                "Actual Loops": 2,
                "Inner Unique": true,
                "Hash Cond": "(ci.movie_id = t.id)",
                "Plans": [
                  {
                    "Node Type": "Bitmap Heap Scan",
                    "Parent Relationship": "Outer",
                    "Parallel Aware": true,
                    "Relation Name": "cast_info",
                    "Alias": "ci",
                    "Startup Cost": 78199.07,
                    "Total Cost": 356918.8,
                    "Plan Rows": 2082619,
                    "Plan Width": 4,
                    "Actual Startup Time": 108.647,
                    "Actual Total Time": 337.287,
                    "Actual Rows": 1689347,
                    "Actual Loops": 2,
                    "Recheck Cond": "(person_id > 3441409)",
                    "Rows Removed by Index Recheck": 0,
                    "Exact Heap Blocks": 35881,
                    "Lossy Heap Blocks": 0,
                    "Plans": [
                      {
                        "Node Type": "Bitmap Index Scan",
                        "Parent Relationship": "Outer",
                        "Parallel Aware": false,
                        "Index Name": "person_id_cast_info",
                        "Startup Cost": 0.0,
                        "Total Cost": 77313.96,
                        "Plan Rows": 3540452,
                        "Plan Width": 0,
                        "Actual Startup Time": 100.251,
                        "Actual Total Time": 100.252,
                        "Actual Rows": 3378694,
                        "Actual Loops": 1,
                        "Index Cond": "(person_id > 3441409)"
                      }
                    ]
                  },
                  {
                    "Node Type": "Hash",
                    "Parent Relationship": "Inner",
                    "Parallel Aware": true,
                    "Startup Cost": 58306.47,
                    "Total Cost": 58306.47,
                    "Plan Rows": 19692,
                    "Plan Width": 4,
                    "Actual Startup Time": 155.616,
                    "Actual Total Time": 155.617,
                    "Actual Rows": 14056,
                    "Actual Loops": 2,
                    "Hash Buckets": 65536,
                    "Original Hash Buckets": 65536,
                    "Hash Batches": 1,
                    "Original Hash Batches": 1,
                    "Peak Memory Usage": 1632,
                    "Plans": [
                      {
                        "Node Type": "Seq Scan",
                        "Parent Relationship": "Outer",
                        "Parallel Aware": true,
                        "Relation Name": "title",
                        "Alias": "t",
                        "Startup Cost": 0.0,
                        "Total Cost": 58306.47,
                        "Plan Rows": 19692,
                        "Plan Width": 4,
                        "Actual Startup Time": 0.097,
                        "Actual Total Time": 150.832,
                        "Actual Rows": 14056,
                        "Actual Loops": 2,
                        "Filter": "((kind_id < 7) AND (production_year = 2004))",
                        "Rows Removed by Filter": 1250100
                      }
                    ]
                  }
                ]
              }
            ]
          }
        ]
      }
    ]
  },
  "Planning Time": 0.524,
  "Triggers": [],
  "Execution Time": 724.79
}