{
  "Plan": {
    "Node Type": "Aggregate",
    "Strategy": "Plain",
    "Partial Mode": "Simple",
    "Parallel Aware": false,
    "Startup Cost": 44563.58,
    "Total Cost": 44563.59,
    "Plan Rows": 1,
    "Plan Width": 64,
    "Actual Startup Time": 3184.601,
    "Actual Total Time": 3184.607,
    "Actual Rows": 1,
    "Actual Loops": 1,
    "Plans": [
      {
        "Node Type": "Nested Loop",
        "Parent Relationship": "Outer",
        "Parallel Aware": false,
        "Join Type": "Inner",
        "Startup Cost": 44143.77,
        "Total Cost": 44563.56,
        "Plan Rows": 4,
        "Plan Width": 23,
        "Actual Startup Time": 2286.42,
        "Actual Total Time": 3184.413,
        "Actual Rows": 1383,
        "Actual Loops": 1,
        "Inner Unique": true,
        "Plans": [
          {
            "Node Type": "Merge Join",
            "Parent Relationship": "Outer",
            "Parallel Aware": false,
            "Join Type": "Inner",
            "Startup Cost": 44143.34,
            "Total Cost": 44559.65,
            "Plan Rows": 8,
            "Plan Width": 14,
            "Actual Startup Time": 2286.376,
            "Actual Total Time": 3156.777,
            "Actual Rows": 8104,
            "Actual Loops": 1,
            "Inner Unique": true,
            "Merge Cond": "(mk.keyword_id = k.id)",
            "Plans": [
              {
                "Node Type": "Sort",
                "Parent Relationship": "Outer",
                "Parallel Aware": false,
                "Startup Cost": 41516.97,
                "Total Cost": 41725.05,
                "Plan Rows": 83233,
                "Plan Width": 18,
                "Actual Startup Time": 2157.178,
                "Actual Total Time": 2793.988,
                "Actual Rows": 3435061,
                "Actual Loops": 1,
                "Sort Key": [
                  "mk.keyword_id"
                ],
                "Sort Method": "quicksort",
                "Sort Space Used": 259543,
                "Sort Space Type": "Memory",
                "Plans": [
                  {
                    "Node Type": "Nested Loop",
                    "Parent Relationship": "Outer",
                    "Parallel Aware": false,
                    "Join Type": "Inner",
                    "Startup Cost": 4970.06,
                    "Total Cost": 34714.81,
                    "Plan Rows": 83233,
                    "Plan Width": 18,
                    "Actual Startup Time": 35.09,
                    "Actual Total Time": 1413.118,
                    "Actual Rows": 3439752,
                    "Actual Loops": 1,
                    "Inner Unique": false,
                    "Plans": [
                      {
                        "Node Type": "Nested Loop",
                        "Parent Relationship": "Outer",
                        "Parallel Aware": false,
                        "Join Type": "Inner",
                        "Startup Cost": 4969.63,
                        "Total Cost": 18933.21,
                        "Plan Rows": 8345,
                        "Plan Width": 10,
                        "Actual Startup Time": 35.072,
                        "Actual Total Time": 147.214,
                        "Actual Rows": 450291,
                        "Actual Loops": 1,
                        "Inner Unique": false,
                        "Plans": [
                          {
                            "Node Type": "Seq Scan",
                            "Parent Relationship": "Outer",
                            "Parallel Aware": false,
                            "Relation Name": "info_type",
                            "Alias": "it",
                            "Startup Cost": 0.0,
                            "Total Cost": 2.41,
                            "Plan Rows": 1,
                            "Plan Width": 4,
                            "Actual Startup Time": 0.042,
                            "Actual Total Time": 0.047,
                            "Actual Rows": 1,
                            "Actual Loops": 1,
                            "Filter": "((info)::text = 'rating'::text)",
                            "Rows Removed by Filter": 112
                          },
                          {
                            "Node Type": "Bitmap Heap Scan",
                            "Parent Relationship": "Inner",
                            "Parallel Aware": false,
                            "Relation Name": "movie_info_idx",
                            "Alias": "mi_idx",
                            "Startup Cost": 4969.63,
                            "Total Cost": 17044.74,
                            "Plan Rows": 188606,
                            "Plan Width": 14,
                            "Actual Startup Time": 35.019,
                            "Actual Total Time": 113.947,
                            "Actual Rows": 450291,
                            "Actual Loops": 1,
                            "Recheck Cond": "(info_type_id = it.id)",
                            "Rows Removed by Index Recheck": 0,
                            "Filter": "(info > '11'::text)",
                            "Rows Removed by Filter": 9634,
                            "Exact Heap Blocks": 7934,
                            "Lossy Heap Blocks": 0,
                            "Plans": [
                              {
                                "Node Type": "Bitmap Index Scan",
                                "Parent Relationship": "Outer",
                                "Parallel Aware": false,
                                "Index Name": "info_type_id_movie_info_idx",
                                "Startup Cost": 0.0,
                                "Total Cost": 4922.48,
                                "Plan Rows": 276007,
                                "Plan Width": 0,
                                "Actual Startup Time": 33.394,
                                "Actual Total Time": 33.394,
                                "Actual Rows": 459925,
                                "Actual Loops": 1,
                                "Index Cond": "(info_type_id = it.id)"
                              }
                            ]
                          }
                        ]
                      },
                      {
                        "Node Type": "Index Scan",
                        "Parent Relationship": "Inner",
                        "Parallel Aware": false,
                        "Scan Direction": "Forward",
                        "Index Name": "movie_id_movie_keyword",
                        "Relation Name": "movie_keyword",
                        "Alias": "mk",
                        "Startup Cost": 0.43,
                        "Total Cost": 1.43,
                        "Plan Rows": 46,
                        "Plan Width": 8,
                        "Actual Startup Time": 0.001,
                        "Actual Total Time": 0.002,
                        "Actual Rows": 8,
                        "Actual Loops": 450291,
                        "Index Cond": "(movie_id = mi_idx.movie_id)",
                        "Rows Removed by Index Recheck": 0
                      }
                    ]
                  }
                ]
              },
              {
                "Node Type": "Sort",
                "Parent Relationship": "Inner",
                "Parallel Aware": false,
                "Startup Cost": 2626.37,
                "Total Cost": 2626.4,
                "Plan Rows": 13,
                "Plan Width": 4,
                "Actual Startup Time": 13.956,
                "Actual Total Time": 13.968,
                "Actual Rows": 30,
                "Actual Loops": 1,
                "Sort Key": [
                  "k.id"
                ],
                "Sort Method": "quicksort",
                "Sort Space Used": 26,
                "Sort Space Type": "Memory",
                "Plans": [
                  {
                    "Node Type": "Seq Scan",
                    "Parent Relationship": "Outer",
                    "Parallel Aware": false,
                    "Relation Name": "keyword",
                    "Alias": "k",
                    "Startup Cost": 0.0,
                    "Total Cost": 2626.12,
                    "Plan Rows": 13,
                    "Plan Width": 4,
                    "Actual Startup Time": 0.789,
                    "Actual Total Time": 13.933,
                    "Actual Rows": 30,
                    "Actual Loops": 1,
                    "Filter": "(keyword ~~ '%sequel%'::text)",
                    "Rows Removed by Filter": 134140
                  }
                ]
              }
            ]
          },
          {
            "Node Type": "Index Scan",
            "Parent Relationship": "Inner",
            "Parallel Aware": false,
            "Scan Direction": "Forward",
            "Index Name": "title_pkey",
            "Relation Name": "title",
            "Alias": "t",
            "Startup Cost": 0.43,
            "Total Cost": 0.49,
            "Plan Rows": 1,
            "Plan Width": 21,
            "Actual Startup Time": 0.003,
            "Actual Total Time": 0.003,
            "Actual Rows": 0,
            "Actual Loops": 8104,
            "Index Cond": "(id = mk.movie_id)",
            "Rows Removed by Index Recheck": 0,
            "Filter": "(production_year > 2004)",
            "Rows Removed by Filter": 1
          }
        ]
      }
    ]
  },
  "Planning Time": 1.45,
  "Triggers": [],
  "Execution Time": 3184.763
}