[
  {
    "Plan": {
      "Node Type": "Aggregate",
      "Strategy": "Plain",
      "Partial Mode": "Finalize",
      "Parallel Aware": false,
      "Startup Cost": 350159.6,
      "Total Cost": 350159.61,
      "Plan Rows": 1,
      "Plan Width": 8,
      "Actual Startup Time": 665.889,
      "Actual Total Time": 691.869,
      "Actual Rows": 1,
      "Actual Loops": 1,
      "Plans": [
        {
          "Node Type": "Gather",
          "Parent Relationship": "Outer",
          "Parallel Aware": false,
          "Startup Cost": 350158.98,
          "Total Cost": 350159.59,
          "Plan Rows": 6,
          "Plan Width": 8,
          "Actual Startup Time": 665.813,
          "Actual Total Time": 691.861,
          "Actual Rows": 7,
          "Actual Loops": 1,
          "Workers Planned": 6,
          "Workers Launched": 6,
          "Single Copy": false,
          "Plans": [
            {
              "Node Type": "Aggregate",
              "Strategy": "Plain",
              "Partial Mode": "Partial",
              "Parent Relationship": "Outer",
              "Parallel Aware": false,
              "Startup Cost": 349158.98,
              "Total Cost": 349158.99,
              "Plan Rows": 1,
              "Plan Width": 8,
              "Actual Startup Time": 658.893,
              "Actual Total Time": 658.894,
              "Actual Rows": 1,
              "Actual Loops": 7,
              "Plans": [
                {
                  "Node Type": "Seq Scan",
                  "Parent Relationship": "Outer",
                  "Parallel Aware": true,
                  "Relation Name": "cast_info",
                  "Alias": "ci",
                  "Startup Cost": 0.0,
                  "Total Cost": 343318.94,
                  "Plan Rows": 2336016,
                  "Plan Width": 0,
                  "Actual Startup Time": 307.881,
                  "Actual Total Time": 585.708,
                  "Actual Rows": 1661185,
                  "Actual Loops": 7,
                  "Filter": "((person_id < 3241552) AND (role_id > 2))",
                  "Rows Removed by Filter": 3516578
                }
              ]
            }
          ]
        }
      ]
    },
    "Planning Time": 0.113,
    "Triggers": [],
    "Execution Time": 691.903
  }
]