[
  {
    "Plan": {
      "Node Type": "Aggregate",
      "Strategy": "Plain",
      "Partial Mode": "Finalize",
      "Parallel Aware": false,
      "Startup Cost": 96959.75,
      "Total Cost": 96959.76,
      "Plan Rows": 1,
      "Plan Width": 8,
      "Actual Startup Time": 468.337,
      "Actual Total Time": 486.713,
      "Actual Rows": 1,
      "Actual Loops": 1,
      "Plans": [
        {
          "Node Type": "Gather",
          "Parent Relationship": "Outer",
          "Parallel Aware": false,
          "Startup Cost": 96959.44,
          "Total Cost": 96959.75,
          "Plan Rows": 3,
          "Plan Width": 8,
          "Actual Startup Time": 459.899,
          "Actual Total Time": 486.7,
          "Actual Rows": 4,
          "Actual Loops": 1,
          "Workers Planned": 3,
          "Workers Launched": 3,
          "Single Copy": false,
          "Plans": [
            {
              "Node Type": "Aggregate",
              "Strategy": "Plain",
              "Partial Mode": "Partial",
              "Parent Relationship": "Outer",
              "Parallel Aware": false,
              "Startup Cost": 95959.44,
              "Total Cost": 95959.45,
              "Plan Rows": 1,
              "Plan Width": 8,
              "Actual Startup Time": 451.483,
              "Actual Total Time": 451.487,
              "Actual Rows": 1,
              "Actual Loops": 4,
              "Plans": [
                {
                  "Node Type": "Hash Join",
                  "Parent Relationship": "Outer",
                  "Parallel Aware": true,
                  "Join Type": "Inner",
                  "Startup Cost": 49186.54,
                  "Total Cost": 94700.27,
                  "Plan Rows": 503665,
                  "Plan Width": 0,
                  "Actual Startup Time": 238.295,
                  "Actual Total Time": 447.383,
                  "Actual Rows": 93578,
                  "Actual Loops": 4,
                  "Inner Unique": true,
                  "Hash Cond": "(mk.movie_id = t.id)",
                  "Plans": [
                    {
                      "Node Type": "Seq Scan",
                      "Parent Relationship": "Outer",
                      "Parallel Aware": true,
                      "Relation Name": "movie_keyword",
                      "Alias": "mk",
                      "Startup Cost": 0.0,
                      "Total Cost": 42695.65,
                      "Plan Rows": 1073556,
                      "Plan Width": 4,
                      "Actual Startup Time": 0.028,
                      "Actual Total Time": 115.524,
                      "Actual Rows": 831120,
                      "Actual Loops": 4,
                      "Filter": "(keyword_id < 15345)",
                      "Rows Removed by Filter": 299863
                    },
                    {
                      "Node Type": "Hash",
                      "Parent Relationship": "Inner",
                      "Parallel Aware": true,
                      "Startup Cost": 45479.59,
                      "Total Cost": 45479.59,
                      "Plan Rows": 296556,
                      "Plan Width": 4,
                      "Actual Startup Time": 233.815,
                      "Actual Total Time": 233.816,
                      "Actual Rows": 317159,
                      "Actual Loops": 4,
                      "Hash Buckets": 2097152,
                      "Original Hash Buckets": 2097152,
                      "Hash Batches": 1,
                      "Original Hash Batches": 1,
                      "Peak Memory Usage": 66048,
                      "Plans": [
                        {
                          "Node Type": "Seq Scan",
                          "Parent Relationship": "Outer",
                          "Parallel Aware": true,
                          "Relation Name": "title",
                          "Alias": "t",
                          "Startup Cost": 0.0,
                          "Total Cost": 45479.59,
                          "Plan Rows": 296556,
                          "Plan Width": 4,
                          "Actual Startup Time": 0.048,
                          "Actual Total Time": 113.905,
                          "Actual Rows": 317159,
                          "Actual Loops": 4,
                          "Filter": "((production_year > 1980) AND (kind_id = 7))",
                          "Rows Removed by Filter": 314919
                        }
                      ]
                    }
                  ]
                }
              ]
            }
          ]
        }
      ]
    },
    "Planning Time": 0.227,
    "Triggers": [],
    "Execution Time": 486.75
  }
]