[
  {
    "Plan": {
      "Node Type": "Aggregate",
      "Strategy": "Plain",
      "Partial Mode": "Finalize",
      "Parallel Aware": false,
      "Startup Cost": 96941.97,
      "Total Cost": 96941.98,
      "Plan Rows": 1,
      "Plan Width": 8,
      "Actual Startup Time": 516.157,
      "Actual Total Time": 534.274,
      "Actual Rows": 1,
      "Actual Loops": 1,
      "Plans": [
        {
          "Node Type": "Gather",
          "Parent Relationship": "Outer",
          "Parallel Aware": false,
          "Startup Cost": 96941.65,
          "Total Cost": 96941.96,
          "Plan Rows": 3,
          "Plan Width": 8,
          "Actual Startup Time": 508.852,
          "Actual Total Time": 534.261,
          "Actual Rows": 4,
          "Actual Loops": 1,
          "Workers Planned": 3,
          "Workers Launched": 3,
          "Single Copy": false,
          "Plans": [
            {
              "Node Type": "Aggregate",
              "Strategy": "Plain",
              "Partial Mode": "Partial",
              "Parent Relationship": "Outer",
              "Parallel Aware": false,
              "Startup Cost": 95941.65,
              "Total Cost": 95941.66,
              "Plan Rows": 1,
              "Plan Width": 8,
              "Actual Startup Time": 495.991,
              "Actual Total Time": 495.994,
              "Actual Rows": 1,
              "Actual Loops": 4,
              "Plans": [
                {
                  "Node Type": "Hash Join",
                  "Parent Relationship": "Outer",
                  "Parallel Aware": true,
                  "Join Type": "Inner",
                  "Startup Cost": 49172.92,
                  "Total Cost": 94686.81,
                  "Plan Rows": 501934,
                  "Plan Width": 0,
                  "Actual Startup Time": 259.527,
                  "Actual Total Time": 491.223,
                  "Actual Rows": 93578,
                  "Actual Loops": 4,
                  "Inner Unique": true,
                  "Hash Cond": "(mk.movie_id = t.id)",
                  "Plans": [
                    {
                      "Node Type": "Seq Scan",
                      "Parent Relationship": "Outer",
                      "Parallel Aware": true,
                      "Relation Name": "movie_keyword",
                      "Alias": "mk",
                      "Startup Cost": 0.0,
                      "Total Cost": 42695.65,
                      "Plan Rows": 1073614,
                      "Plan Width": 4,
                      "Actual Startup Time": 0.028,
                      "Actual Total Time": 129.454,
                      "Actual Rows": 831120,
                      "Actual Loops": 4,
                      "Filter": "(keyword_id < 15345)",
                      "Rows Removed by Filter": 299863
                    },
                    {
                      "Node Type": "Hash",
                      "Parent Relationship": "Inner",
                      "Parallel Aware": true,
                      "Startup Cost": 45479.1,
                      "Total Cost": 45479.1,
                      "Plan Rows": 295506,
                      "Plan Width": 4,
                      "Actual Startup Time": 251.492,
                      "Actual Total Time": 251.493,
                      "Actual Rows": 317159,
                      "Actual Loops": 4,
                      "Hash Buckets": 2097152,
                      "Original Hash Buckets": 2097152,
                      "Hash Batches": 1,
                      "Original Hash Batches": 1,
                      "Peak Memory Usage": 66048,
                      "Plans": [
                        {
                          "Node Type": "Seq Scan",
                          "Parent Relationship": "Outer",
                          "Parallel Aware": true,
                          "Relation Name": "title",
                          "Alias": "t",
                          "Startup Cost": 0.0,
                          "Total Cost": 45479.1,
                          "Plan Rows": 295506,
                          "Plan Width": 4,
                          "Actual Startup Time": 0.042,
                          "Actual Total Time": 120.544,
                          "Actual Rows": 317159,
                          "Actual Loops": 4,
                          "Filter": "((production_year > 1980) AND (kind_id = 7))",
                          "Rows Removed by Filter": 314919
                        }
                      ]
                    }
                  ]
                }
              ]
            }
          ]
        }
      ]
    },
    "Planning Time": 0.627,
    "Triggers": [],
    "Execution Time": 534.345
  }
]