[
  {
    "Plan": {
      "Node Type": "Aggregate",
      "Strategy": "Plain",
      "Partial Mode": "Finalize",
      "Parallel Aware": false,
      "Startup Cost": 170261.89,
      "Total Cost": 170261.9,
      "Plan Rows": 1,
      "Plan Width": 8,
      "Actual Startup Time": 79.302,
      "Actual Total Time": 87.853,
      "Actual Rows": 1,
      "Actual Loops": 1,
      "Plans": [
        {
          "Node Type": "Gather",
          "Parent Relationship": "Outer",
          "Parallel Aware": false,
          "Startup Cost": 170261.37,
          "Total Cost": 170261.88,
          "Plan Rows": 5,
          "Plan Width": 8,
          "Actual Startup Time": 78.863,
          "Actual Total Time": 87.844,
          "Actual Rows": 6,
          "Actual Loops": 1,
          "Workers Planned": 5,
          "Workers Launched": 5,
          "Single Copy": false,
          "Plans": [
            {
              "Node Type": "Aggregate",
              "Strategy": "Plain",
              "Partial Mode": "Partial",
              "Parent Relationship": "Outer",
              "Parallel Aware": false,
              "Startup Cost": 169261.37,
              "Total Cost": 169261.38,
              "Plan Rows": 1,
              "Plan Width": 8,
              "Actual Startup Time": 73.41,
              "Actual Total Time": 73.411,
              "Actual Rows": 1,
              "Actual Loops": 6,
              "Plans": [
                {
                  "Node Type": "Bitmap Heap Scan",
                  "Parent Relationship": "Outer",
                  "Parallel Aware": true,
                  "Relation Name": "movie_info",
                  "Alias": "mi",
                  "Startup Cost": 6233.6,
                  "Total Cost": 169088.91,
                  "Plan Rows": 68985,
                  "Plan Width": 0,
                  "Actual Startup Time": 24.176,
                  "Actual Total Time": 69.838,
                  "Actual Rows": 54810,
                  "Actual Loops": 6,
                  "Recheck Cond": "(info_type_id = 98)",
                  "Rows Removed by Index Recheck": 0,
                  "Exact Heap Blocks": 10699,
                  "Lossy Heap Blocks": 0,
                  "Plans": [
                    {
                      "Node Type": "Bitmap Index Scan",
                      "Parent Relationship": "Outer",
                      "Parallel Aware": false,
                      "Index Name": "info_type_id_movie_info",
                      "Startup Cost": 0.0,
                      "Total Cost": 6147.37,
                      "Plan Rows": 344924,
                      "Plan Width": 0,
                      "Actual Startup Time": 24.398,
                      "Actual Total Time": 24.398,
                      "Actual Rows": 328857,
                      "Actual Loops": 1,
                      "Index Cond": "(info_type_id = 98)"
                    }
                  ]
                }
              ]
            }
          ]
        }
      ]
    },
    "Planning Time": 0.119,
    "Triggers": [],
    "Execution Time": 87.902
  }
]