[
  {
    "Plan": {
      "Node Type": "Aggregate",
      "Strategy": "Plain",
      "Partial Mode": "Finalize",
      "Parallel Aware": false,
      "Startup Cost": 220641.73,
      "Total Cost": 220641.74,
      "Plan Rows": 1,
      "Plan Width": 8,
      "Actual Startup Time": 191.599,
      "Actual Total Time": 205.872,
      "Actual Rows": 1,
      "Actual Loops": 1,
      "Plans": [
        {
          "Node Type": "Gather",
          "Parent Relationship": "Outer",
          "Parallel Aware": false,
          "Startup Cost": 220641.21,
          "Total Cost": 220641.72,
          "Plan Rows": 5,
          "Plan Width": 8,
          "Actual Startup Time": 190.11,
          "Actual Total Time": 205.862,
          "Actual Rows": 6,
          "Actual Loops": 1,
          "Workers Planned": 5,
          "Workers Launched": 5,
          "Single Copy": false,
          "Plans": [
            {
              "Node Type": "Aggregate",
              "Strategy": "Plain",
              "Partial Mode": "Partial",
              "Parent Relationship": "Outer",
              "Parallel Aware": false,
              "Startup Cost": 219641.21,
              "Total Cost": 219641.22,
              "Plan Rows": 1,
              "Plan Width": 8,
              "Actual Startup Time": 179.728,
              "Actual Total Time": 179.732,
              "Actual Rows": 1,
              "Actual Loops": 6,
              "Plans": [
                {
                  "Node Type": "Hash Join",
                  "Parent Relationship": "Outer",
                  "Parallel Aware": true,
                  "Join Type": "Inner",
                  "Startup Cost": 55759.88,
                  "Total Cost": 219613.25,
                  "Plan Rows": 11182,
                  "Plan Width": 0,
                  "Actual Startup Time": 124.081,
                  "Actual Total Time": 179.534,
                  "Actual Rows": 2311,
                  "Actual Loops": 6,
                  "Inner Unique": true,
                  "Hash Cond": "(mi.movie_id = t.id)",
                  "Plans": [
                    {
                      "Node Type": "Bitmap Heap Scan",
                      "Parent Relationship": "Outer",
                      "Parallel Aware": true,
                      "Relation Name": "movie_info",
                      "Alias": "mi",
                      "Startup Cost": 11142.68,
                      "Total Cost": 174673.18,
                      "Plan Rows": 123000,
                      "Plan Width": 4,
                      "Actual Startup Time": 34.933,
                      "Actual Total Time": 75.618,
                      "Actual Rows": 99743,
                      "Actual Loops": 6,
                      "Recheck Cond": "(info_type_id = 15)",
                      "Rows Removed by Index Recheck": 0,
                      "Exact Heap Blocks": 6649,
                      "Lossy Heap Blocks": 0,
                      "Plans": [
                        {
                          "Node Type": "Bitmap Index Scan",
                          "Parent Relationship": "Outer",
                          "Parallel Aware": false,
                          "Index Name": "info_type_id_movie_info",
                          "Startup Cost": 0.0,
                          "Total Cost": 10988.93,
                          "Plan Rows": 615000,
                          "Plan Width": 0,
                          "Actual Startup Time": 31.675,
                          "Actual Total Time": 31.676,
                          "Actual Rows": 598457,
                          "Actual Loops": 1,
                          "Index Cond": "(info_type_id = 15)"
                        }
                      ]
                    },
                    {
                      "Node Type": "Hash",
                      "Parent Relationship": "Inner",
                      "Parallel Aware": true,
                      "Startup Cost": 43898.92,
                      "Total Cost": 43898.92,
                      "Plan Rows": 57462,
                      "Plan Width": 4,
                      "Actual Startup Time": 86.528,
                      "Actual Total Time": 86.529,
                      "Actual Rows": 38608,
                      "Actual Loops": 6,
                      "Hash Buckets": 262144,
                      "Original Hash Buckets": 262144,
                      "Hash Batches": 1,
                      "Original Hash Batches": 1,
                      "Peak Memory Usage": 11232,
                      "Plans": [
                        {
                          "Node Type": "Seq Scan",
                          "Parent Relationship": "Outer",
                          "Parallel Aware": true,
                          "Relation Name": "title",
                          "Alias": "t",
                          "Startup Cost": 0.0,
                          "Total Cost": 43898.92,
                          "Plan Rows": 57462,
                          "Plan Width": 4,
                          "Actual Startup Time": 0.041,
                          "Actual Total Time": 72.67,
                          "Actual Rows": 38608,
                          "Actual Loops": 6,
                          "Filter": "(production_year > 2011)",
                          "Rows Removed by Filter": 382777
                        }
                      ]
                    }
                  ]
                }
              ]
            }
          ]
        }
      ]
    },
    "Planning Time": 0.595,
    "Triggers": [],
    "Execution Time": 205.962
  }
]