[
  {
    "Plan": {
      "Node Type": "Aggregate",
      "Strategy": "Plain",
      "Partial Mode": "Finalize",
      "Parallel Aware": false,
      "Startup Cost": 45805.1,
      "Total Cost": 45805.11,
      "Plan Rows": 1,
      "Plan Width": 8,
      "Actual Startup Time": 134.824,
      "Actual Total Time": 141.458,
      "Actual Rows": 1,
      "Actual Loops": 1,
      "Plans": [
        {
          "Node Type": "Gather",
          "Parent Relationship": "Outer",
          "Parallel Aware": false,
          "Startup Cost": 45804.78,
          "Total Cost": 45805.09,
          "Plan Rows": 3,
          "Plan Width": 8,
          "Actual Startup Time": 134.736,
          "Actual Total Time": 141.452,
          "Actual Rows": 4,
          "Actual Loops": 1,
          "Workers Planned": 3,
          "Workers Launched": 3,
          "Single Copy": false,
          "Plans": [
            {
              "Node Type": "Aggregate",
              "Strategy": "Plain",
              "Partial Mode": "Partial",
              "Parent Relationship": "Outer",
              "Parallel Aware": false,
              "Startup Cost": 44804.78,
              "Total Cost": 44804.79,
              "Plan Rows": 1,
              "Plan Width": 8,
              "Actual Startup Time": 131.578,
              "Actual Total Time": 131.579,
              "Actual Rows": 1,
              "Actual Loops": 4,
              "Plans": [
                {
                  "Node Type": "Seq Scan",
                  "Parent Relationship": "Outer",
                  "Parallel Aware": true,
                  "Relation Name": "movie_keyword",
                  "Alias": "mk",
                  "Startup Cost": 0.0,
                  "Total Cost": 42695.65,
                  "Plan Rows": 843650,
                  "Plan Width": 0,
                  "Actual Startup Time": 0.215,
                  "Actual Total Time": 102.884,
                  "Actual Rows": 654215,
                  "Actual Loops": 4,
                  "Filter": "(keyword_id > 3270)",
                  "Rows Removed by Filter": 476768
                }
              ]
            }
          ]
        }
      ]
    },
    "Planning Time": 0.093,
    "Triggers": [],
    "Execution Time": 141.487
  }
]