[
  {
    "Plan": {
      "Node Type": "Aggregate",
      "Strategy": "Plain",
      "Partial Mode": "Finalize",
      "Parallel Aware": false,
      "Startup Cost": 45812.08,
      "Total Cost": 45812.09,
      "Plan Rows": 1,
      "Plan Width": 8,
      "Actual Startup Time": 163.73,
      "Actual Total Time": 173.659,
      "Actual Rows": 1,
      "Actual Loops": 1,
      "Plans": [
        {
          "Node Type": "Gather",
          "Parent Relationship": "Outer",
          "Parallel Aware": false,
          "Startup Cost": 45811.76,
          "Total Cost": 45812.07,
          "Plan Rows": 3,
          "Plan Width": 8,
          "Actual Startup Time": 163.626,
          "Actual Total Time": 173.65,
          "Actual Rows": 4,
          "Actual Loops": 1,
          "Workers Planned": 3,
          "Workers Launched": 3,
          "Single Copy": false,
          "Plans": [
            {
              "Node Type": "Aggregate",
              "Strategy": "Plain",
              "Partial Mode": "Partial",
              "Parent Relationship": "Outer",
              "Parallel Aware": false,
              "Startup Cost": 44811.76,
              "Total Cost": 44811.77,
              "Plan Rows": 1,
              "Plan Width": 8,
              "Actual Startup Time": 153.494,
              "Actual Total Time": 153.496,
              "Actual Rows": 1,
              "Actual Loops": 4,
              "Plans": [
                {
                  "Node Type": "Seq Scan",
                  "Parent Relationship": "Outer",
                  "Parallel Aware": true,
                  "Relation Name": "movie_keyword",
                  "Alias": "mk",
                  "Startup Cost": 0.0,
                  "Total Cost": 42695.65,
                  "Plan Rows": 846444,
                  "Plan Width": 0,
                  "Actual Startup Time": 0.489,
                  "Actual Total Time": 122.612,
                  "Actual Rows": 654215,
                  "Actual Loops": 4,
                  "Filter": "(keyword_id > 3270)",
                  "Rows Removed by Filter": 476768
                }
              ]
            }
          ]
        }
      ]
    },
    "Planning Time": 0.176,
    "Triggers": [],
    "Execution Time": 173.713
  }
]