[
  {
    "Plan": {
      "Node Type": "Aggregate",
      "Strategy": "Plain",
      "Partial Mode": "Finalize",
      "Parallel Aware": false,
      "Startup Cost": 32133.34,
      "Total Cost": 32133.35,
      "Plan Rows": 1,
      "Plan Width": 8,
      "Actual Startup Time": 125.1,
      "Actual Total Time": 135.056,
      "Actual Rows": 1,
      "Actual Loops": 1,
      "Plans": [
        {
          "Node Type": "Gather",
          "Parent Relationship": "Outer",
          "Parallel Aware": false,
          "Startup Cost": 32133.02,
          "Total Cost": 32133.33,
          "Plan Rows": 3,
          "Plan Width": 8,
          "Actual Startup Time": 124.897,
          "Actual Total Time": 135.045,
          "Actual Rows": 4,
          "Actual Loops": 1,
          "Workers Planned": 3,
          "Workers Launched": 3,
          "Single Copy": false,
          "Plans": [
            {
              "Node Type": "Aggregate",
              "Strategy": "Plain",
              "Partial Mode": "Partial",
              "Parent Relationship": "Outer",
              "Parallel Aware": false,
              "Startup Cost": 31133.02,
              "Total Cost": 31133.03,
              "Plan Rows": 1,
              "Plan Width": 8,
              "Actual Startup Time": 120.581,
              "Actual Total Time": 120.582,
              "Actual Rows": 1,
              "Actual Loops": 4,
              "Plans": [
                {
                  "Node Type": "Seq Scan",
                  "Parent Relationship": "Outer",
                  "Parallel Aware": true,
                  "Relation Name": "movie_companies",
                  "Alias": "mc",
                  "Startup Cost": 0.0,
                  "Total Cost": 29310.68,
                  "Plan Rows": 728936,
                  "Plan Width": 0,
                  "Actual Startup Time": 0.023,
                  "Actual Total Time": 91.952,
                  "Actual Rows": 565163,
                  "Actual Loops": 4,
                  "Filter": "(company_id < 88447)",
                  "Rows Removed by Filter": 87119
                }
              ]
            }
          ]
        }
      ]
    },
    "Planning Time": 0.216,
    "Triggers": [],
    "Execution Time": 135.113
  }
]