[
  {
    "Plan": {
      "Node Type": "Aggregate",
      "Strategy": "Plain",
      "Partial Mode": "Finalize",
      "Parallel Aware": false,
      "Startup Cost": 604416.95,
      "Total Cost": 604416.96,
      "Plan Rows": 1,
      "Plan Width": 8,
      "Actual Startup Time": 2041.306,
      "Actual Total Time": 2123.449,
      "Actual Rows": 1,
      "Actual Loops": 1,
      "Plans": [
        {
          "Node Type": "Gather",
          "Parent Relationship": "Outer",
          "Parallel Aware": false,
          "Startup Cost": 604416.43,
          "Total Cost": 604416.94,
          "Plan Rows": 5,
          "Plan Width": 8,
          "Actual Startup Time": 2031.983,
          "Actual Total Time": 2123.421,
          "Actual Rows": 6,
          "Actual Loops": 1,
          "Workers Planned": 5,
          "Workers Launched": 5,
          "Single Copy": false,
          "Plans": [
            {
              "Node Type": "Aggregate",
              "Strategy": "Plain",
              "Partial Mode": "Partial",
              "Parent Relationship": "Outer",
              "Parallel Aware": false,
              "Startup Cost": 603416.43,
              "Total Cost": 603416.44,
              "Plan Rows": 1,
              "Plan Width": 8,
              "Actual Startup Time": 2021.953,
              "Actual Total Time": 2022.014,
              "Actual Rows": 1,
              "Actual Loops": 6,
              "Plans": [
                {
                  "Node Type": "Hash Join",
                  "Parent Relationship": "Outer",
                  "Parallel Aware": true,
                  "Join Type": "Inner",
                  "Startup Cost": 395209.6,
                  "Total Cost": 600184.18,
                  "Plan Rows": 1292898,
                  "Plan Width": 0,
                  "Actual Startup Time": 921.002,
                  "Actual Total Time": 1895.126,
                  "Actual Rows": 2983011,
                  "Actual Loops": 6,
                  "Inner Unique": false,
                  "Hash Cond": "(mi.movie_id = t.id)",
                  "Plans": [
                    {
                      "Node Type": "Seq Scan",
                      "Parent Relationship": "Outer",
                      "Parallel Aware": true,
                      "Relation Name": "movie_info",
                      "Alias": "mi",
                      "Startup Cost": 0.0,
                      "Total Cost": 191685.19,
                      "Plan Rows": 2969219,
                      "Plan Width": 4,
                      "Actual Startup Time": 0.023,
                      "Actual Total Time": 305.961,
                      "Actual Rows": 2472620,
                      "Actual Loops": 6
                    },
                    {
                      "Node Type": "Hash",
                      "Parent Relationship": "Inner",
                      "Parallel Aware": true,
                      "Startup Cost": 392915.94,
                      "Total Cost": 392915.94,
                      "Plan Rows": 183493,
                      "Plan Width": 8,
                      "Actual Startup Time": 904.36,
                      "Actual Total Time": 904.418,
                      "Actual Rows": 83521,
                      "Actual Loops": 6,
                      "Hash Buckets": 2097152,
                      "Original Hash Buckets": 2097152,
                      "Hash Batches": 1,
                      "Original Hash Batches": 1,
                      "Peak Memory Usage": 36096,
                      "Plans": [
                        {
                          "Node Type": "Hash Join",
                          "Parent Relationship": "Outer",
                          "Parallel Aware": true,
                          "Join Type": "Inner",
                          "Startup Cost": 46877.86,
                          "Total Cost": 392915.94,
                          "Plan Rows": 183493,
                          "Plan Width": 8,
                          "Actual Startup Time": 344.952,
                          "Actual Total Time": 862.721,
                          "Actual Rows": 83521,
                          "Actual Loops": 6,
                          "Inner Unique": true,
                          "Hash Cond": "(ci.movie_id = t.id)",
                          "Plans": [
                            {
                              "Node Type": "Seq Scan",
                              "Parent Relationship": "Outer",
                              "Parallel Aware": true,
                              "Relation Name": "cast_info",
                              "Alias": "ci",
                              "Startup Cost": 0.0,
                              "Total Cost": 343316.27,
                              "Plan Rows": 1036878,
                              "Plan Width": 4,
                              "Actual Startup Time": 233.757,
                              "Actual Total Time": 649.514,
                              "Actual Rows": 452077,
                              "Actual Loops": 6,
                              "Filter": "((person_id < 949025) AND (role_id > 1))",
                              "Rows Removed by Filter": 5588647
                            },
                            {
                              "Node Type": "Hash",
                              "Parent Relationship": "Inner",
                              "Parallel Aware": true,
                              "Startup Cost": 45479.59,
                              "Total Cost": 45479.59,
                              "Plan Rows": 111862,
                              "Plan Width": 4,
                              "Actual Startup Time": 109.345,
                              "Actual Total Time": 109.347,
                              "Actual Rows": 54182,
                              "Actual Loops": 6,
                              "Hash Buckets": 524288,
                              "Original Hash Buckets": 524288,
                              "Hash Batches": 1,
                              "Original Hash Batches": 1,
                              "Peak Memory Usage": 16864,
                              "Plans": [
                                {
                                  "Node Type": "Seq Scan",
                                  "Parent Relationship": "Outer",
                                  "Parallel Aware": true,
                                  "Relation Name": "title",
                                  "Alias": "t",
                                  "Startup Cost": 0.0,
                                  "Total Cost": 45479.59,
                                  "Plan Rows": 111862,
                                  "Plan Width": 4,
                                  "Actual Startup Time": 46.307,
                                  "Actual Total Time": 86.803,
                                  "Actual Rows": 54182,
                                  "Actual Loops": 6,
                                  "Filter": "((production_year > 1992) AND (kind_id = 1))",
                                  "Rows Removed by Filter": 367204
                                }
                              ]
                            }
                          ]
                        }
                      ]
                    }
                  ]
                }
              ]
            }
          ]
        }
      ]
    },
    "Planning Time": 0.585,
    "Triggers": [],
    "Execution Time": 2123.52
  }
]