{
  "Plan": {
    "Node Type": "Aggregate",
    "Strategy": "Plain",
    "Partial Mode": "Finalize",
    "Parallel Aware": false,
    "Startup Cost": 63567.91,
    "Total Cost": 63567.92,
    "Plan Rows": 1,
    "Plan Width": 8,
    "Actual Startup Time": 110.155,
    "Actual Total Time": 117.934,
    "Actual Rows": 1,
    "Actual Loops": 1,
    "Plans": [
      {
        "Node Type": "Gather",
        "Parent Relationship": "Outer",
        "Parallel Aware": false,
        "Startup Cost": 63567.8,
        "Total Cost": 63567.91,
        "Plan Rows": 1,
        "Plan Width": 8,
        "Actual Startup Time": 109.965,
        "Actual Total Time": 117.928,
        "Actual Rows": 2,
        "Actual Loops": 1,
        "Workers Planned": 1,
        "Workers Launched": 1,
        "Single Copy": false,
        "Plans": [
          {
            "Node Type": "Aggregate",
            "Strategy": "Plain",
            "Partial Mode": "Partial",
            "Parent Relationship": "Outer",
            "Parallel Aware": false,
            "Startup Cost": 62567.8,
            "Total Cost": 62567.81,
            "Plan Rows": 1,
            "Plan Width": 8,
            "Actual Startup Time": 106.867,
            "Actual Total Time": 106.868,
            "Actual Rows": 1,
            "Actual Loops": 2,
            "Plans": [
              {
                "Node Type": "Nested Loop",
                "Parent Relationship": "Outer",
                "Parallel Aware": false,
                "Join Type": "Inner",
                "Startup Cost": 11823.78,
                "Total Cost": 62566.19,
                "Plan Rows": 646,
                "Plan Width": 0,
                "Actual Startup Time": 39.968,
                "Actual Total Time": 106.7,
                "Actual Rows": 1900,
                "Actual Loops": 2,
                "Inner Unique": false,
                "Plans": [
                  {
                    "Node Type": "Bitmap Heap Scan",
                    "Parent Relationship": "Outer",
                    "Parallel Aware": true,
                    "Relation Name": "title",
                    "Alias": "t",
                    "Startup Cost": 11823.35,
                    "Total Cost": 53673.61,
                    "Plan Rows": 1184,
                    "Plan Width": 4,
                    "Actual Startup Time": 36.907,
                    "Actual Total Time": 93.488,
                    "Actual Rows": 1525,
                    "Actual Loops": 2,
                    "Recheck Cond": "(kind_id < 2)",
                    "Rows Removed by Index Recheck": 0,
                    "Filter": "(production_year = 1957)",
                    "Rows Removed by Filter": 329888,
                    "Exact Heap Blocks": 9985,
                    "Lossy Heap Blocks": 0,
                    "Plans": [
                      {
                        "Node Type": "Bitmap Index Scan",
                        "Parent Relationship": "Outer",
                        "Parallel Aware": false,
                        "Index Name": "kind_id_title",
                        "Startup Cost": 0.0,
                        "Total Cost": 11822.85,
                        "Plan Rows": 663256,
                        "Plan Width": 0,
                        "Actual Startup Time": 37.558,
                        "Actual Total Time": 37.559,
                        "Actual Rows": 662825,
                        "Actual Loops": 1,
                        "Index Cond": "(kind_id < 2)"
                      }
                    ]
                  },
                  {
                    "Node Type": "Index Only Scan",
                    "Parent Relationship": "Inner",
                    "Parallel Aware": false,
                    "Scan Direction": "Forward",
                    "Index Name": "movie_id_movie_info_idx",
                    "Relation Name": "movie_info_idx",
                    "Alias": "mi_idx",
                    "Startup Cost": 0.43,
                    "Total Cost": 7.48,
                    "Plan Rows": 3,
                    "Plan Width": 4,
                    "Actual Startup Time": 0.008,
                    "Actual Total Time": 0.008,
                    "Actual Rows": 1,
                    "Actual Loops": 3050,
                    "Index Cond": "(movie_id = t.id)",
                    "Rows Removed by Index Recheck": 0,
                    "Heap Fetches": 3801
                  }
                ]
              }
            ]
          }
        ]
      }
    ]
  },
  "Planning Time": 0.304,
  "Triggers": [],
  "Execution Time": 117.994
}