[
  {
    "Plan": {
      "Node Type": "Aggregate",
      "Strategy": "Plain",
      "Partial Mode": "Finalize",
      "Parallel Aware": false,
      "Startup Cost": 114309.77,
      "Total Cost": 114309.78,
      "Plan Rows": 1,
      "Plan Width": 8,
      "Actual Startup Time": 545.882,
      "Actual Total Time": 568.777,
      "Actual Rows": 1,
      "Actual Loops": 1,
      "Plans": [
        {
          "Node Type": "Gather",
          "Parent Relationship": "Outer",
          "Parallel Aware": false,
          "Startup Cost": 114309.45,
          "Total Cost": 114309.76,
          "Plan Rows": 3,
          "Plan Width": 8,
          "Actual Startup Time": 541.689,
          "Actual Total Time": 568.762,
          "Actual Rows": 4,
          "Actual Loops": 1,
          "Workers Planned": 3,
          "Workers Launched": 3,
          "Single Copy": false,
          "Plans": [
            {
              "Node Type": "Aggregate",
              "Strategy": "Plain",
              "Partial Mode": "Partial",
              "Parent Relationship": "Outer",
              "Parallel Aware": false,
              "Startup Cost": 113309.45,
              "Total Cost": 113309.46,
              "Plan Rows": 1,
              "Plan Width": 8,
              "Actual Startup Time": 528.838,
              "Actual Total Time": 528.969,
              "Actual Rows": 1,
              "Actual Loops": 4,
              "Plans": [
                {
                  "Node Type": "Hash Join",
                  "Parent Relationship": "Outer",
                  "Parallel Aware": true,
                  "Join Type": "Inner",
                  "Startup Cost": 65175.1,
                  "Total Cost": 112995.31,
                  "Plan Rows": 125656,
                  "Plan Width": 0,
                  "Actual Startup Time": 301.288,
                  "Actual Total Time": 520.736,
                  "Actual Rows": 161457,
                  "Actual Loops": 4,
                  "Inner Unique": false,
                  "Hash Cond": "(mk.movie_id = t.id)",
                  "Plans": [
                    {
                      "Node Type": "Seq Scan",
                      "Parent Relationship": "Outer",
                      "Parallel Aware": true,
                      "Relation Name": "movie_keyword",
                      "Alias": "mk",
                      "Startup Cost": 0.0,
                      "Total Cost": 42695.65,
                      "Plan Rows": 1226929,
                      "Plan Width": 4,
                      "Actual Startup Time": 0.104,
                      "Actual Total Time": 127.251,
                      "Actual Rows": 950850,
                      "Actual Loops": 4,
                      "Filter": "(keyword_id > 640)",
                      "Rows Removed by Filter": 180133
                    },
                    {
                      "Node Type": "Hash",
                      "Parent Relationship": "Inner",
                      "Parallel Aware": true,
                      "Startup Cost": 63826.41,
                      "Total Cost": 63826.41,
                      "Plan Rows": 107895,
                      "Plan Width": 8,
                      "Actual Startup Time": 298.454,
                      "Actual Total Time": 298.584,
                      "Actual Rows": 50588,
                      "Actual Loops": 4,
                      "Hash Buckets": 262144,
                      "Original Hash Buckets": 262144,
                      "Hash Batches": 1,
                      "Original Hash Batches": 1,
                      "Peak Memory Usage": 10016,
                      "Plans": [
                        {
                          "Node Type": "Hash Join",
                          "Parent Relationship": "Outer",
                          "Parallel Aware": true,
                          "Join Type": "Inner",
                          "Startup Cost": 47692.42,
                          "Total Cost": 63826.41,
                          "Plan Rows": 107895,
                          "Plan Width": 8,
                          "Actual Startup Time": 190.243,
                          "Actual Total Time": 282.14,
                          "Actual Rows": 50588,
                          "Actual Loops": 4,
                          "Inner Unique": true,
                          "Hash Cond": "(mi_idx.movie_id = t.id)",
                          "Plans": [
                            {
                              "Node Type": "Seq Scan",
                              "Parent Relationship": "Outer",
                              "Parallel Aware": true,
                              "Relation Name": "movie_info_idx",
                              "Alias": "mi_idx",
                              "Startup Cost": 0.0,
                              "Total Cost": 15122.68,
                              "Plan Rows": 385260,
                              "Plan Width": 4,
                              "Actual Startup Time": 0.018,
                              "Actual Total Time": 42.853,
                              "Actual Rows": 230028,
                              "Actual Loops": 4,
                              "Filter": "(info_type_id > 99)",
                              "Rows Removed by Filter": 114981
                            },
                            {
                              "Node Type": "Hash",
                              "Parent Relationship": "Inner",
                              "Parallel Aware": true,
                              "Startup Cost": 45479.59,
                              "Total Cost": 45479.59,
                              "Plan Rows": 177027,
                              "Plan Width": 4,
                              "Actual Startup Time": 186.287,
                              "Actual Total Time": 186.288,
                              "Actual Rows": 151142,
                              "Actual Loops": 4,
                              "Hash Buckets": 1048576,
                              "Original Hash Buckets": 1048576,
                              "Hash Batches": 1,
                              "Original Hash Batches": 1,
                              "Peak Memory Usage": 31936,
                              "Plans": [
                                {
                                  "Node Type": "Seq Scan",
                                  "Parent Relationship": "Outer",
                                  "Parallel Aware": true,
                                  "Relation Name": "title",
                                  "Alias": "t",
                                  "Startup Cost": 0.0,
                                  "Total Cost": 45479.59,
                                  "Plan Rows": 177027,
                                  "Plan Width": 4,
                                  "Actual Startup Time": 0.057,
                                  "Actual Total Time": 119.482,
                                  "Actual Rows": 151142,
                                  "Actual Loops": 4,
                                  "Filter": "((kind_id > 1) AND (production_year < 1999))",
                                  "Rows Removed by Filter": 480936
                                }
                              ]
                            }
                          ]
                        }
                      ]
                    }
                  ]
                }
              ]
            }
          ]
        }
      ]
    },
    "Planning Time": 1.374,
    "Triggers": [],
    "Execution Time": 568.86
  }
]