[
  {
    "Plan": {
      "Node Type": "Aggregate",
      "Strategy": "Plain",
      "Partial Mode": "Finalize",
      "Parallel Aware": false,
      "Startup Cost": 685643.64,
      "Total Cost": 685643.65,
      "Plan Rows": 1,
      "Plan Width": 96,
      "Actual Startup Time": 2647.678,
      "Actual Total Time": 2804.333,
      "Actual Rows": 1,
      "Actual Loops": 1,
      "Plans": [
        {
          "Node Type": "Gather",
          "Parent Relationship": "Outer",
          "Parallel Aware": false,
          "Startup Cost": 685643.2,
          "Total Cost": 685643.61,
          "Plan Rows": 4,
          "Plan Width": 96,
          "Actual Startup Time": 2644.288,
          "Actual Total Time": 2804.31,
          "Actual Rows": 5,
          "Actual Loops": 1,
          "Workers Planned": 4,
          "Workers Launched": 4,
          "Single Copy": false,
          "Plans": [
            {
              "Node Type": "Aggregate",
              "Strategy": "Plain",
              "Partial Mode": "Partial",
              "Parent Relationship": "Outer",
              "Parallel Aware": false,
              "Startup Cost": 684643.2,
              "Total Cost": 684643.21,
              "Plan Rows": 1,
              "Plan Width": 96,
              "Actual Startup Time": 2632.614,
              "Actual Total Time": 2632.822,
              "Actual Rows": 1,
              "Actual Loops": 5,
              "Plans": [
                {
                  "Node Type": "Hash Join",
                  "Parent Relationship": "Outer",
                  "Parallel Aware": true,
                  "Join Type": "Inner",
                  "Startup Cost": 615424.77,
                  "Total Cost": 684643.18,
                  "Plan Rows": 2,
                  "Plan Width": 66,
                  "Actual Startup Time": 2506.922,
                  "Actual Total Time": 2631.825,
                  "Actual Rows": 3760,
                  "Actual Loops": 5,
                  "Inner Unique": false,
                  "Hash Cond": "(n.id = ci.person_id)",
                  "Plans": [
                    {
                      "Node Type": "Seq Scan",
                      "Parent Relationship": "Outer",
                      "Parallel Aware": true,
                      "Relation Name": "name",
                      "Alias": "n",
                      "Startup Cost": 0.0,
                      "Total Cost": 68635.58,
                      "Plan Rows": 155418,
                      "Plan Width": 4,
                      "Actual Startup Time": 60.953,
                      "Actual Total Time": 149.454,
                      "Actual Rows": 192311,
                      "Actual Loops": 5,
                      "Filter": "((gender IS NOT NULL) AND ((gender)::text = 'f'::text))",
                      "Rows Removed by Filter": 641187
                    },
                    {
                      "Node Type": "Hash",
                      "Parent Relationship": "Inner",
                      "Parallel Aware": true,
                      "Startup Cost": 615424.67,
                      "Total Cost": 615424.67,
                      "Plan Rows": 8,
                      "Plan Width": 70,
                      "Actual Startup Time": 2444.684,
                      "Actual Total Time": 2444.89,
                      "Actual Rows": 22712,
                      "Actual Loops": 5,
                      "Hash Buckets": 131072,
                      "Original Hash Buckets": 1024,
                      "Hash Batches": 1,
                      "Original Hash Batches": 1,
                      "Peak Memory Usage": 9432,
                      "Plans": [
                        {
                          "Node Type": "Hash Join",
                          "Parent Relationship": "Outer",
                          "Parallel Aware": true,
                          "Join Type": "Inner",
                          "Startup Cost": 261790.98,
                          "Total Cost": 615424.67,
                          "Plan Rows": 8,
                          "Plan Width": 70,
                          "Actual Startup Time": 985.656,
                          "Actual Total Time": 2335.694,
                          "Actual Rows": 22712,
                          "Actual Loops": 5,
                          "Inner Unique": false,
                          "Hash Cond": "(ci.movie_id = t.id)",
                          "Plans": [
                            {
                              "Node Type": "Seq Scan",
                              "Parent Relationship": "Outer",
                              "Parallel Aware": true,
                              "Relation Name": "cast_info",
                              "Alias": "ci",
                              "Startup Cost": 0.0,
                              "Total Cost": 350807.07,
                              "Plan Rows": 753763,
                              "Plan Width": 8,
                              "Actual Startup Time": 0.036,
                              "Actual Total Time": 1196.161,
                              "Actual Rows": 896875,
                              "Actual Loops": 5,
                              "Filter": "(note = ANY ('{(producer),(voice),\"(executive producer)\",(uncredited),(writer)}'::text[]))",
                              "Rows Removed by Filter": 6351994
                            },
                            {
                              "Node Type": "Hash",
                              "Parent Relationship": "Inner",
                              "Parallel Aware": true,
                              "Startup Cost": 261790.95,
                              "Total Cost": 261790.95,
                              "Plan Rows": 3,
                              "Plan Width": 78,
                              "Actual Startup Time": 985.091,
                              "Actual Total Time": 985.294,
                              "Actual Rows": 5919,
                              "Actual Loops": 5,
                              "Hash Buckets": 32768,
                              "Original Hash Buckets": 1024,
                              "Hash Batches": 1,
                              "Original Hash Batches": 1,
                              "Peak Memory Usage": 2776,
                              "Plans": [
                                {
                                  "Node Type": "Hash Join",
                                  "Parent Relationship": "Outer",
                                  "Parallel Aware": true,
                                  "Join Type": "Inner",
                                  "Startup Cost": 214808.02,
                                  "Total Cost": 261790.95,
                                  "Plan Rows": 3,
                                  "Plan Width": 78,
                                  "Actual Startup Time": 727.681,
                                  "Actual Total Time": 904.235,
                                  "Actual Rows": 5919,
                                  "Actual Loops": 5,
                                  "Inner Unique": false,
                                  "Hash Cond": "(t.id = mi.movie_id)",
                                  "Plans": [
                                    {
                                      "Node Type": "Seq Scan",
                                      "Parent Relationship": "Outer",
                                      "Parallel Aware": true,
                                      "Relation Name": "title",
                                      "Alias": "t",
                                      "Startup Cost": 0.0,
                                      "Total Cost": 45478.74,
                                      "Plan Rows": 401114,
                                      "Plan Width": 21,
                                      "Actual Startup Time": 0.038,
                                      "Actual Total Time": 118.632,
                                      "Actual Rows": 320712,
                                      "Actual Loops": 5,
                                      "Filter": "((production_year >= 1996) AND (production_year <= 2013))",
                                      "Rows Removed by Filter": 184950
                                    },
                                    {
                                      "Node Type": "Hash",
                                      "Parent Relationship": "Inner",
                                      "Parallel Aware": true,
                                      "Startup Cost": 214807.98,
                                      "Total Cost": 214807.98,
                                      "Plan Rows": 3,
                                      "Plan Width": 57,
                                      "Actual Startup Time": 727.05,
                                      "Actual Total Time": 727.248,
                                      "Actual Rows": 11748,
                                      "Actual Loops": 5,
                                      "Hash Buckets": 65536,
                                      "Original Hash Buckets": 1024,
                                      "Hash Batches": 1,
                                      "Original Hash Batches": 1,
                                      "Peak Memory Usage": 4280,
                                      "Plans": [
                                        {
                                          "Node Type": "Hash Join",
                                          "Parent Relationship": "Outer",
                                          "Parallel Aware": true,
                                          "Join Type": "Inner",
                                          "Startup Cost": 15578.43,
                                          "Total Cost": 214807.98,
                                          "Plan Rows": 3,
                                          "Plan Width": 57,
                                          "Actual Startup Time": 620.543,
                                          "Actual Total Time": 707.116,
                                          "Actual Rows": 11748,
                                          "Actual Loops": 5,
                                          "Inner Unique": false,
                                          "Hash Cond": "(mi.movie_id = mi_idx.movie_id)",
                                          "Plans": [
                                            {
                                              "Node Type": "Hash Join",
                                              "Parent Relationship": "Outer",
                                              "Parallel Aware": false,
                                              "Join Type": "Inner",
                                              "Startup Cost": 2.43,
                                              "Total Cost": 199230.29,
                                              "Plan Rows": 447,
                                              "Plan Width": 47,
                                              "Actual Startup Time": 511.047,
                                              "Actual Total Time": 580.19,
                                              "Actual Rows": 50897,
                                              "Actual Loops": 5,
                                              "Inner Unique": true,
                                              "Hash Cond": "(mi.info_type_id = it1.id)",
                                              "Plans": [
                                                {
                                                  "Node Type": "Seq Scan",
                                                  "Parent Relationship": "Outer",
                                                  "Parallel Aware": true,
                                                  "Relation Name": "movie_info",
                                                  "Alias": "mi",
                                                  "Startup Cost": 0.0,
                                                  "Total Cost": 199090.3,
                                                  "Plan Rows": 50511,
                                                  "Plan Width": 51,
                                                  "Actual Startup Time": 365.177,
                                                  "Actual Total Time": 570.921,
                                                  "Actual Rows": 51209,
                                                  "Actual Loops": 5,
                                                  "Filter": "((note IS NULL) AND (info = ANY ('{War,Drama}'::text[])))",
                                                  "Rows Removed by Filter": 2915935
                                                },
                                                {
                                                  "Node Type": "Hash",
                                                  "Parent Relationship": "Inner",
                                                  "Parallel Aware": false,
                                                  "Startup Cost": 2.41,
                                                  "Total Cost": 2.41,
                                                  "Plan Rows": 1,
                                                  "Plan Width": 4,
                                                  "Actual Startup Time": 0.034,
                                                  "Actual Total Time": 0.035,
                                                  "Actual Rows": 1,
                                                  "Actual Loops": 5,
                                                  "Hash Buckets": 1024,
                                                  "Original Hash Buckets": 1024,
                                                  "Hash Batches": 1,
                                                  "Original Hash Batches": 1,
                                                  "Peak Memory Usage": 9,
                                                  "Plans": [
                                                    {
                                                      "Node Type": "Seq Scan",
                                                      "Parent Relationship": "Outer",
                                                      "Parallel Aware": false,
                                                      "Relation Name": "info_type",
                                                      "Alias": "it1",
                                                      "Startup Cost": 0.0,
                                                      "Total Cost": 2.41,
                                                      "Plan Rows": 1,
                                                      "Plan Width": 4,
                                                      "Actual Startup Time": 0.016,
                                                      "Actual Total Time": 0.024,
                                                      "Actual Rows": 1,
                                                      "Actual Loops": 5,
                                                      "Filter": "((info)::text = 'genres'::text)",
                                                      "Rows Removed by Filter": 112
                                                    }
                                                  ]
                                                }
                                              ]
                                            },
                                            {
                                              "Node Type": "Hash",
                                              "Parent Relationship": "Inner",
                                              "Parallel Aware": true,
                                              "Startup Cost": 15558.4,
                                              "Total Cost": 15558.4,
                                              "Plan Rows": 1408,
                                              "Plan Width": 10,
                                              "Actual Startup Time": 109.418,
                                              "Actual Total Time": 109.422,
                                              "Actual Rows": 54424,
                                              "Actual Loops": 5,
                                              "Hash Buckets": 524288,
                                              "Original Hash Buckets": 4096,
                                              "Hash Batches": 1,
                                              "Original Hash Batches": 1,
                                              "Peak Memory Usage": 18912,
                                              "Plans": [
                                                {
                                                  "Node Type": "Hash Join",
                                                  "Parent Relationship": "Outer",
                                                  "Parallel Aware": false,
                                                  "Join Type": "Inner",
                                                  "Startup Cost": 2.43,
                                                  "Total Cost": 15558.4,
                                                  "Plan Rows": 1408,
                                                  "Plan Width": 10,
                                                  "Actual Startup Time": 0.223,
                                                  "Actual Total Time": 70.097,
                                                  "Actual Rows": 54424,
                                                  "Actual Loops": 5,
                                                  "Inner Unique": true,
                                                  "Hash Cond": "(mi_idx.info_type_id = it2.id)",
                                                  "Plans": [
                                                    {
                                                      "Node Type": "Seq Scan",
                                                      "Parent Relationship": "Outer",
                                                      "Parallel Aware": true,
                                                      "Relation Name": "movie_info_idx",
                                                      "Alias": "mi_idx",
                                                      "Startup Cost": 0.0,
                                                      "Total Cost": 15122.68,
                                                      "Plan Rows": 159098,
                                                      "Plan Width": 14,
                                                      "Actual Startup Time": 0.074,
                                                      "Actual Total Time": 56.706,
                                                      "Actual Rows": 77332,
                                                      "Actual Loops": 5,
                                                      "Filter": "(info > '6'::text)",
                                                      "Rows Removed by Filter": 198675
                                                    },
                                                    {
                                                      "Node Type": "Hash",
                                                      "Parent Relationship": "Inner",
                                                      "Parallel Aware": false,
                                                      "Startup Cost": 2.41,
                                                      "Total Cost": 2.41,
                                                      "Plan Rows": 1,
                                                      "Plan Width": 4,
                                                      "Actual Startup Time": 0.104,
                                                      "Actual Total Time": 0.105,
                                                      "Actual Rows": 1,
                                                      "Actual Loops": 5,
                                                      "Hash Buckets": 1024,
                                                      "Original Hash Buckets": 1024,
                                                      "Hash Batches": 1,
                                                      "Original Hash Batches": 1,
                                                      "Peak Memory Usage": 9,
                                                      "Plans": [
                                                        {
                                                          "Node Type": "Seq Scan",
                                                          "Parent Relationship": "Outer",
                                                          "Parallel Aware": false,
                                                          "Relation Name": "info_type",
                                                          "Alias": "it2",
                                                          "Startup Cost": 0.0,
                                                          "Total Cost": 2.41,
                                                          "Plan Rows": 1,
                                                          "Plan Width": 4,
                                                          "Actual Startup Time": 0.081,
                                                          "Actual Total Time": 0.085,
                                                          "Actual Rows": 1,
                                                          "Actual Loops": 5,
                                                          "Filter": "((info)::text = 'rating'::text)",
                                                          "Rows Removed by Filter": 112
                                                        }
                                                      ]
                                                    }
                                                  ]
                                                }
                                              ]
                                            }
                                          ]
                                        }
                                      ]
                                    }
                                  ]
                                }
                              ]
                            }
                          ]
                        }
                      ]
                    }
                  ]
                }
              ]
            }
          ]
        }
      ]
    },
    "Planning Time": 9.74,
    "Triggers": [],
    "Execution Time": 2805.068
  }
]