{
    "Plan": {
        "Node Type": "Aggregate",
        "Strategy": "Plain",
        "Partial Mode": "Simple",
        "Parallel Aware": false,
        "Startup Cost": 80003536160.31,
        "Total Cost": 80003536160.32,
        "Plan Rows": 1,
        "Plan Width": 8,
        "Actual Startup Time": 9014.44,
        "Actual Total Time": 9168.923,
        "Actual Rows": 1,
        "Actual Loops": 1,
        "Output": [
            "count(*)"
        ],
        "Plans": [
            {
                "Node Type": "Hash Join",
                "Parent Relationship": "Outer",
                "Parallel Aware": false,
                "Join Type": "Inner",
                "Startup Cost": 80003536144.13,
                "Total Cost": 80003536160.31,
                "Plan Rows": 1,
                "Plan Width": 0,
                "Actual Startup Time": 9014.431,
                "Actual Total Time": 9168.913,
                "Actual Rows": 0,
                "Actual Loops": 1,
                "Inner Unique": false,
                "Hash Cond": "(pi.info_type_id = it3.id)",
                "Plans": [
                    {
                        "Node Type": "Nested Loop",
                        "Parent Relationship": "Outer",
                        "Parallel Aware": false,
                        "Join Type": "Inner",
                        "Startup Cost": 70003536141.71,
                        "Total Cost": 70003536157.87,
                        "Plan Rows": 1,
                        "Plan Width": 4,
                        "Actual Startup Time": 9014.375,
                        "Actual Total Time": 9168.854,
                        "Actual Rows": 0,
                        "Actual Loops": 1,
                        "Output": [
                            "pi.info_type_id"
                        ],
                        "Inner Unique": true,
                        "Plans": [
                            {
                                "Node Type": "Hash Join",
                                "Parent Relationship": "Outer",
                                "Parallel Aware": false,
                                "Join Type": "Inner",
                                "Startup Cost": 60003536141.57,
                                "Total Cost": 60003536149.7,
                                "Plan Rows": 1,
                                "Plan Width": 8,
                                "Actual Startup Time": 9014.374,
                                "Actual Total Time": 9168.851,
                                "Actual Rows": 0,
                                "Actual Loops": 1,
                                "Output": [
                                    "cc.status_id",
                                    "pi.info_type_id"
                                ],
                                "Inner Unique": false,
                                "Hash Cond": "(t.id = mi.movie_id)",
                                "Plans": [
                                    {
                                        "Node Type": "Nested Loop",
                                        "Parent Relationship": "Outer",
                                        "Parallel Aware": false,
                                        "Join Type": "Inner",
                                        "Startup Cost": 20000731642.11,
                                        "Total Cost": 20000731650.23,
                                        "Plan Rows": 1,
                                        "Plan Width": 16,
                                        "Actual Startup Time": 1245.602,
                                        "Actual Total Time": 1245.62,
                                        "Actual Rows": 1,
                                        "Actual Loops": 1,
                                        "Output": [
                                            "cc.movie_id",
                                            "cc.status_id",
                                            "mk.movie_id",
                                            "t.id"
                                        ],
                                        "Inner Unique": true,
                                        "Plans": [
                                            {
                                                "Node Type": "Merge Join",
                                                "Parent Relationship": "Outer",
                                                "Parallel Aware": false,
                                                "Join Type": "Inner",
                                                "Startup Cost": 10000731641.97,
                                                "Total Cost": 10000731642.07,
                                                "Plan Rows": 1,
                                                "Plan Width": 20,
                                                "Actual Startup Time": 1245.578,
                                                "Actual Total Time": 1245.592,
                                                "Actual Rows": 1,
                                                "Actual Loops": 1,
                                                "Output": [
                                                    "cc.movie_id",
                                                    "cc.subject_id",
                                                    "cc.status_id",
                                                    "mk.movie_id",
                                                    "t.id"
                                                ],
                                                "Inner Unique": false,
                                                "Merge Cond": "(k.id = mk.keyword_id)",
                                                "Plans": [
                                                    {
                                                        "Node Type": "Sort",
                                                        "Parent Relationship": "Outer",
                                                        "Parallel Aware": false,
                                                        "Startup Cost": 2626.14,
                                                        "Total Cost": 2626.14,
                                                        "Plan Rows": 1,
                                                        "Plan Width": 4,
                                                        "Actual Startup Time": 8.365,
                                                        "Actual Total Time": 8.368,
                                                        "Actual Rows": 1,
                                                        "Actual Loops": 1,
                                                        "Output": [
                                                            "k.id"
                                                        ],
                                                        "Sort Key": [
                                                            "k.id"
                                                        ],
                                                        "Sort Method": "quicksort",
                                                        "Sort Space Used": 25,
                                                        "Sort Space Type": "Memory",
                                                        "Plans": [
                                                            {
                                                                "Node Type": "Seq Scan",
                                                                "Parent Relationship": "Outer",
                                                                "Parallel Aware": false,
                                                                "Relation Name": "keyword",
                                                                "Schema": "public",
                                                                "Alias": "k",
                                                                "Startup Cost": 0.0,
                                                                "Total Cost": 2626.12,
                                                                "Plan Rows": 1,
                                                                "Plan Width": 4,
                                                                "Actual Startup Time": 0.033,
                                                                "Actual Total Time": 8.36,
                                                                "Actual Rows": 1,
                                                                "Actual Loops": 1,
                                                                "Output": [
                                                                    "k.id"
                                                                ],
                                                                "Filter": "(k.keyword = 'computer-animation'::text)",
                                                                "Rows Removed by Filter": 134169
                                                            }
                                                        ]
                                                    },
                                                    {
                                                        "Node Type": "Sort",
                                                        "Parent Relationship": "Inner",
                                                        "Parallel Aware": false,
                                                        "Startup Cost": 10000729015.84,
                                                        "Total Cost": 10000729015.88,
                                                        "Plan Rows": 15,
                                                        "Plan Width": 24,
                                                        "Actual Startup Time": 1237.196,
                                                        "Actual Total Time": 1237.209,
                                                        "Actual Rows": 62,
                                                        "Actual Loops": 1,
                                                        "Output": [
                                                            "cc.movie_id",
                                                            "cc.subject_id",
                                                            "cc.status_id",
                                                            "mk.movie_id",
                                                            "mk.keyword_id",
                                                            "t.id"
                                                        ],
                                                        "Sort Key": [
                                                            "mk.keyword_id"
                                                        ],
                                                        "Sort Method": "quicksort",
                                                        "Sort Space Used": 33,
                                                        "Sort Space Type": "Memory",
                                                        "Plans": [
                                                            {
                                                                "Node Type": "Hash Join",
                                                                "Parent Relationship": "Outer",
                                                                "Parallel Aware": false,
                                                                "Join Type": "Inner",
                                                                "Startup Cost": 10000642357.49,
                                                                "Total Cost": 10000729015.55,
                                                                "Plan Rows": 15,
                                                                "Plan Width": 24,
                                                                "Actual Startup Time": 1104.489,
                                                                "Actual Total Time": 1237.171,
                                                                "Actual Rows": 108,
                                                                "Actual Loops": 1,
                                                                "Output": [
                                                                    "cc.movie_id",
                                                                    "cc.subject_id",
                                                                    "cc.status_id",
                                                                    "mk.movie_id",
                                                                    "mk.keyword_id",
                                                                    "t.id"
                                                                ],
                                                                "Inner Unique": false,
                                                                "Hash Cond": "(mk.movie_id = t.id)",
                                                                "Plans": [
                                                                    {
                                                                        "Node Type": "Seq Scan",
                                                                        "Parent Relationship": "Outer",
                                                                        "Parallel Aware": false,
                                                                        "Relation Name": "movie_keyword",
                                                                        "Schema": "public",
                                                                        "Alias": "mk",
                                                                        "Startup Cost": 0.0,
                                                                        "Total Cost": 69693.3,
                                                                        "Plan Rows": 4523930,
                                                                        "Plan Width": 8,
                                                                        "Actual Startup Time": 0.011,
                                                                        "Actual Total Time": 268.566,
                                                                        "Actual Rows": 4523930,
                                                                        "Actual Loops": 1,
                                                                        "Output": [
                                                                            "mk.id",
                                                                            "mk.movie_id",
                                                                            "mk.keyword_id"
                                                                        ]
                                                                    },
                                                                    {
                                                                        "Node Type": "Hash",
                                                                        "Parent Relationship": "Inner",
                                                                        "Parallel Aware": false,
                                                                        "Startup Cost": 10000642357.48,
                                                                        "Total Cost": 10000642357.48,
                                                                        "Plan Rows": 1,
                                                                        "Plan Width": 16,
                                                                        "Actual Startup Time": 712.083,
                                                                        "Actual Total Time": 712.088,
                                                                        "Actual Rows": 1,
                                                                        "Actual Loops": 1,
                                                                        "Output": [
                                                                            "cc.movie_id",
                                                                            "cc.subject_id",
                                                                            "cc.status_id",
                                                                            "t.id"
                                                                        ],
                                                                        "Hash Buckets": 1024,
                                                                        "Original Hash Buckets": 1024,
                                                                        "Hash Batches": 1,
                                                                        "Original Hash Batches": 1,
                                                                        "Peak Memory Usage": 9,
                                                                        "Plans": [
                                                                            {
                                                                                "Node Type": "Nested Loop",
                                                                                "Parent Relationship": "Outer",
                                                                                "Parallel Aware": false,
                                                                                "Join Type": "Inner",
                                                                                "Startup Cost": 10000000001.12,
                                                                                "Total Cost": 10000642357.48,
                                                                                "Plan Rows": 1,
                                                                                "Plan Width": 16,
                                                                                "Actual Startup Time": 315.006,
                                                                                "Actual Total Time": 712.081,
                                                                                "Actual Rows": 1,
                                                                                "Actual Loops": 1,
                                                                                "Output": [
                                                                                    "cc.movie_id",
                                                                                    "cc.subject_id",
                                                                                    "cc.status_id",
                                                                                    "t.id"
                                                                                ],
                                                                                "Inner Unique": true,
                                                                                "Plans": [
                                                                                    {
                                                                                        "Node Type": "Index Scan",
                                                                                        "Parent Relationship": "Outer",
                                                                                        "Parallel Aware": false,
                                                                                        "Scan Direction": "Forward",
                                                                                        "Index Name": "subject_id_complete_cast",
                                                                                        "Relation Name": "complete_cast",
                                                                                        "Schema": "public",
                                                                                        "Alias": "cc",
                                                                                        "Startup Cost": 0.42,
                                                                                        "Total Cost": 4164.71,
                                                                                        "Plan Rows": 135086,
                                                                                        "Plan Width": 12,
                                                                                        "Actual Startup Time": 0.018,
                                                                                        "Actual Total Time": 38.377,
                                                                                        "Actual Rows": 135086,
                                                                                        "Actual Loops": 1,
                                                                                        "Output": [
                                                                                            "cc.id",
                                                                                            "cc.movie_id",
                                                                                            "cc.subject_id",
                                                                                            "cc.status_id"
                                                                                        ]
                                                                                    },
                                                                                    {
                                                                                        "Node Type": "Bitmap Heap Scan",
                                                                                        "Parent Relationship": "Inner",
                                                                                        "Parallel Aware": false,
                                                                                        "Relation Name": "title",
                                                                                        "Schema": "public",
                                                                                        "Alias": "t",
                                                                                        "Startup Cost": 0.7,
                                                                                        "Total Cost": 4.72,
                                                                                        "Plan Rows": 1,
                                                                                        "Plan Width": 4,
                                                                                        "Actual Startup Time": 0.003,
                                                                                        "Actual Total Time": 0.003,
                                                                                        "Actual Rows": 0,
                                                                                        "Actual Loops": 135086,
                                                                                        "Output": [
                                                                                            "t.id",
                                                                                            "t.title",
                                                                                            "t.imdb_index",
                                                                                            "t.kind_id",
                                                                                            "t.production_year",
                                                                                            "t.imdb_id",
                                                                                            "t.phonetic_code",
                                                                                            "t.episode_of_id",
                                                                                            "t.season_nr",
                                                                                            "t.episode_nr",
                                                                                            "t.series_years",
                                                                                            "t.md5sum"
                                                                                        ],
                                                                                        "Recheck Cond": "(t.id = cc.movie_id)",
                                                                                        "Rows Removed by Index Recheck": 0,
                                                                                        "Filter": "((t.production_year >= 1996) AND (t.production_year <= 2008) AND (t.title = 'Shrek 2'::text))",
                                                                                        "Rows Removed by Filter": 1,
                                                                                        "Exact Heap Blocks": 135086,
                                                                                        "Lossy Heap Blocks": 0,
                                                                                        "Plans": [
                                                                                            {
                                                                                                "Node Type": "Bitmap Index Scan",
                                                                                                "Parent Relationship": "Outer",
                                                                                                "Parallel Aware": false,
                                                                                                "Index Name": "title_pkey",
                                                                                                "Startup Cost": 0.0,
                                                                                                "Total Cost": 0.7,
                                                                                                "Plan Rows": 1,
                                                                                                "Plan Width": 0,
                                                                                                "Actual Startup Time": 0.002,
                                                                                                "Actual Total Time": 0.002,
                                                                                                "Actual Rows": 1,
                                                                                                "Actual Loops": 135086,
                                                                                                "Index Cond": "(t.id = cc.movie_id)"
                                                                                            }
                                                                                        ]
                                                                                    }
                                                                                ]
                                                                            }
                                                                        ]
                                                                    }
                                                                ]
                                                            }
                                                        ]
                                                    }
                                                ]
                                            },
                                            {
                                                "Node Type": "Bitmap Heap Scan",
                                                "Parent Relationship": "Inner",
                                                "Parallel Aware": false,
                                                "Relation Name": "comp_cast_type",
                                                "Schema": "public",
                                                "Alias": "cct1",
                                                "Startup Cost": 0.14,
                                                "Total Cost": 4.15,
                                                "Plan Rows": 1,
                                                "Plan Width": 4,
                                                "Actual Startup Time": 0.014,
                                                "Actual Total Time": 0.015,
                                                "Actual Rows": 1,
                                                "Actual Loops": 1,
                                                "Output": [
                                                    "cct1.id",
                                                    "cct1.kind"
                                                ],
                                                "Recheck Cond": "(cct1.id = cc.subject_id)",
                                                "Rows Removed by Index Recheck": 0,
                                                "Filter": "((cct1.kind)::text = 'cast'::text)",
                                                "Rows Removed by Filter": 0,
                                                "Exact Heap Blocks": 1,
                                                "Lossy Heap Blocks": 0,
                                                "Plans": [
                                                    {
                                                        "Node Type": "Bitmap Index Scan",
                                                        "Parent Relationship": "Outer",
                                                        "Parallel Aware": false,
                                                        "Index Name": "comp_cast_type_pkey",
                                                        "Startup Cost": 0.0,
                                                        "Total Cost": 0.14,
                                                        "Plan Rows": 1,
                                                        "Plan Width": 0,
                                                        "Actual Startup Time": 0.006,
                                                        "Actual Total Time": 0.007,
                                                        "Actual Rows": 1,
                                                        "Actual Loops": 1,
                                                        "Index Cond": "(cct1.id = cc.subject_id)"
                                                    }
                                                ]
                                            }
                                        ]
                                    },
                                    {
                                        "Node Type": "Hash",
                                        "Parent Relationship": "Inner",
                                        "Parallel Aware": false,
                                        "Startup Cost": 40002804499.44,
                                        "Total Cost": 40002804499.44,
                                        "Plan Rows": 1,
                                        "Plan Width": 16,
                                        "Actual Startup Time": 7768.759,
                                        "Actual Total Time": 7923.218,
                                        "Actual Rows": 0,
                                        "Actual Loops": 1,
                                        "Output": [
                                            "ci.movie_id",
                                            "mc.movie_id",
                                            "mi.movie_id",
                                            "pi.info_type_id"
                                        ],
                                        "Hash Buckets": 1024,
                                        "Original Hash Buckets": 1024,
                                        "Hash Batches": 1,
                                        "Original Hash Batches": 1,
                                        "Peak Memory Usage": 8,
                                        "Plans": [
                                            {
                                                "Node Type": "Nested Loop",
                                                "Parent Relationship": "Outer",
                                                "Parallel Aware": false,
                                                "Join Type": "Inner",
                                                "Startup Cost": 40002804422.23,
                                                "Total Cost": 40002804499.44,
                                                "Plan Rows": 1,
                                                "Plan Width": 16,
                                                "Actual Startup Time": 7768.758,
                                                "Actual Total Time": 7923.216,
                                                "Actual Rows": 0,
                                                "Actual Loops": 1,
                                                "Output": [
                                                    "ci.movie_id",
                                                    "mc.movie_id",
                                                    "mi.movie_id",
                                                    "pi.info_type_id"
                                                ],
                                                "Inner Unique": true,
                                                "Plans": [
                                                    {
                                                        "Node Type": "Hash Join",
                                                        "Parent Relationship": "Outer",
                                                        "Parallel Aware": false,
                                                        "Join Type": "Inner",
                                                        "Startup Cost": 30002804421.73,
                                                        "Total Cost": 30002804423.29,
                                                        "Plan Rows": 16,
                                                        "Plan Width": 20,
                                                        "Actual Startup Time": 7768.756,
                                                        "Actual Total Time": 7923.211,
                                                        "Actual Rows": 0,
                                                        "Actual Loops": 1,
                                                        "Output": [
                                                            "ci.movie_id",
                                                            "ci.person_role_id",
                                                            "mc.movie_id",
                                                            "mi.movie_id",
                                                            "pi.info_type_id"
                                                        ],
                                                        "Inner Unique": false,
                                                        "Hash Cond": "(rt.id = ci.role_id)",
                                                        "Plans": [
                                                            {
                                                                "Node Type": "Seq Scan",
                                                                "Parent Relationship": "Outer",
                                                                "Parallel Aware": false,
                                                                "Relation Name": "role_type",
                                                                "Schema": "public",
                                                                "Alias": "rt",
                                                                "Startup Cost": 10000000000.0,
                                                                "Total Cost": 10000000001.15,
                                                                "Plan Rows": 1,
                                                                "Plan Width": 4,
                                                                "Actual Startup Time": 0.008,
                                                                "Actual Total Time": 0.023,
                                                                "Actual Rows": 1,
                                                                "Actual Loops": 1,
                                                                "Output": [
                                                                    "rt.id",
                                                                    "rt.role"
                                                                ],
                                                                "Filter": "((rt.role)::text = 'actress'::text)",
                                                                "Rows Removed by Filter": 11
                                                            },
                                                            {
                                                                "Node Type": "Hash",
                                                                "Parent Relationship": "Inner",
                                                                "Parallel Aware": false,
                                                                "Startup Cost": 20002804419.35,
                                                                "Total Cost": 20002804419.35,
                                                                "Plan Rows": 191,
                                                                "Plan Width": 24,
                                                                "Actual Startup Time": 7768.721,
                                                                "Actual Total Time": 7923.173,
                                                                "Actual Rows": 128362,
                                                                "Actual Loops": 1,
                                                                "Output": [
                                                                    "ci.movie_id",
                                                                    "ci.role_id",
                                                                    "ci.person_role_id",
                                                                    "mc.movie_id",
                                                                    "mi.movie_id",
                                                                    "pi.info_type_id"
                                                                ],
                                                                "Hash Buckets": 131072,
                                                                "Original Hash Buckets": 1024,
                                                                "Hash Batches": 1,
                                                                "Original Hash Batches": 1,
                                                                "Peak Memory Usage": 8028,
                                                                "Plans": [
                                                                    {
                                                                        "Node Type": "Gather",
                                                                        "Parent Relationship": "Outer",
                                                                        "Parallel Aware": false,
                                                                        "Startup Cost": 20002609671.74,
                                                                        "Total Cost": 20002804419.35,
                                                                        "Plan Rows": 191,
                                                                        "Plan Width": 24,
                                                                        "Actual Startup Time": 4344.983,
                                                                        "Actual Total Time": 7897.616,
                                                                        "Actual Rows": 128362,
                                                                        "Actual Loops": 1,
                                                                        "Output": [
                                                                            "ci.movie_id",
                                                                            "ci.role_id",
                                                                            "ci.person_role_id",
                                                                            "mc.movie_id",
                                                                            "mi.movie_id",
                                                                            "pi.info_type_id"
                                                                        ],
                                                                        "Workers Planned": 3,
                                                                        "Workers Launched": 3,
                                                                        "Single Copy": false,
                                                                        "Plans": [
                                                                            {
                                                                                "Node Type": "Hash Join",
                                                                                "Parent Relationship": "Outer",
                                                                                "Parallel Aware": true,
                                                                                "Join Type": "Inner",
                                                                                "Startup Cost": 20002608671.74,
                                                                                "Total Cost": 20002803400.25,
                                                                                "Plan Rows": 62,
                                                                                "Plan Width": 24,
                                                                                "Actual Startup Time": 4494.508,
                                                                                "Actual Total Time": 6190.21,
                                                                                "Actual Rows": 32090,
                                                                                "Actual Loops": 4,
                                                                                "Output": [
                                                                                    "ci.movie_id",
                                                                                    "ci.role_id",
                                                                                    "ci.person_role_id",
                                                                                    "mc.movie_id",
                                                                                    "mi.movie_id",
                                                                                    "pi.info_type_id"
                                                                                ],
                                                                                "Inner Unique": false,
                                                                                "Hash Cond": "(n.id = pi.person_id)",
                                                                                "Workers": [
                                                                                    {
                                                                                        "Worker Number": 0,
                                                                                        "Actual Startup Time": 4387.552,
                                                                                        "Actual Total Time": 5996.4,
                                                                                        "Actual Rows": 27261,
                                                                                        "Actual Loops": 1
                                                                                    },
                                                                                    {
                                                                                        "Worker Number": 1,
                                                                                        "Actual Startup Time": 4331.929,
                                                                                        "Actual Total Time": 5930.714,
                                                                                        "Actual Rows": 34560,
                                                                                        "Actual Loops": 1
                                                                                    },
                                                                                    {
                                                                                        "Worker Number": 2,
                                                                                        "Actual Startup Time": 4914.174,
                                                                                        "Actual Total Time": 7025.703,
                                                                                        "Actual Rows": 32087,
                                                                                        "Actual Loops": 1
                                                                                    }
                                                                                ],
                                                                                "Plans": [
                                                                                    {
                                                                                        "Node Type": "Nested Loop",
                                                                                        "Parent Relationship": "Outer",
                                                                                        "Parallel Aware": false,
                                                                                        "Join Type": "Inner",
                                                                                        "Startup Cost": 20002540950.95,
                                                                                        "Total Cost": 20002735628.08,
                                                                                        "Plan Rows": 87,
                                                                                        "Plan Width": 32,
                                                                                        "Actual Startup Time": 4084.294,
                                                                                        "Actual Total Time": 5771.508,
                                                                                        "Actual Rows": 2314,
                                                                                        "Actual Loops": 4,
                                                                                        "Output": [
                                                                                            "an.person_id",
                                                                                            "ci.movie_id",
                                                                                            "ci.person_id",
                                                                                            "ci.role_id",
                                                                                            "ci.person_role_id",
                                                                                            "mc.movie_id",
                                                                                            "mi.movie_id",
                                                                                            "n.id"
                                                                                        ],
                                                                                        "Inner Unique": true,
                                                                                        "Workers": [
                                                                                            {
                                                                                                "Worker Number": 0,
                                                                                                "Actual Startup Time": 3981.726,
                                                                                                "Actual Total Time": 5583.171,
                                                                                                "Actual Rows": 1068,
                                                                                                "Actual Loops": 1
                                                                                            },
                                                                                            {
                                                                                                "Worker Number": 1,
                                                                                                "Actual Startup Time": 3925.453,
                                                                                                "Actual Total Time": 5515.464,
                                                                                                "Actual Rows": 5352,
                                                                                                "Actual Loops": 1
                                                                                            },
                                                                                            {
                                                                                                "Worker Number": 2,
                                                                                                "Actual Startup Time": 4507.993,
                                                                                                "Actual Total Time": 6606.097,
                                                                                                "Actual Rows": 825,
                                                                                                "Actual Loops": 1
                                                                                            }
                                                                                        ],
                                                                                        "Plans": [
                                                                                            {
                                                                                                "Node Type": "Merge Join",
                                                                                                "Parent Relationship": "Outer",
                                                                                                "Parallel Aware": false,
                                                                                                "Join Type": "Inner",
                                                                                                "Startup Cost": 10002540950.52,
                                                                                                "Total Cost": 10002734552.61,
                                                                                                "Plan Rows": 242,
                                                                                                "Plan Width": 36,
                                                                                                "Actual Startup Time": 4084.188,
                                                                                                "Actual Total Time": 5732.873,
                                                                                                "Actual Rows": 5406,
                                                                                                "Actual Loops": 4,
                                                                                                "Output": [
                                                                                                    "an.person_id",
                                                                                                    "ci.movie_id",
                                                                                                    "ci.person_id",
                                                                                                    "ci.role_id",
                                                                                                    "ci.person_role_id",
                                                                                                    "mc.movie_id",
                                                                                                    "mc.company_id",
                                                                                                    "mi.movie_id",
                                                                                                    "n.id"
                                                                                                ],
                                                                                                "Inner Unique": true,
                                                                                                "Merge Cond": "(ci.person_id = n.id)",
                                                                                                "Workers": [
                                                                                                    {
                                                                                                        "Worker Number": 0,
                                                                                                        "Actual Startup Time": 3981.573,
                                                                                                        "Actual Total Time": 5561.738,
                                                                                                        "Actual Rows": 2416,
                                                                                                        "Actual Loops": 1
                                                                                                    },
                                                                                                    {
                                                                                                        "Worker Number": 1,
                                                                                                        "Actual Startup Time": 3925.309,
                                                                                                        "Actual Total Time": 5439.904,
                                                                                                        "Actual Rows": 10533,
                                                                                                        "Actual Loops": 1
                                                                                                    },
                                                                                                    {
                                                                                                        "Worker Number": 2,
                                                                                                        "Actual Startup Time": 4507.9,
                                                                                                        "Actual Total Time": 6579.544,
                                                                                                        "Actual Rows": 2692,
                                                                                                        "Actual Loops": 1
                                                                                                    }
                                                                                                ],
                                                                                                "Plans": [
                                                                                                    {
                                                                                                        "Node Type": "Sort",
                                                                                                        "Parent Relationship": "Outer",
                                                                                                        "Parallel Aware": false,
                                                                                                        "Startup Cost": 2540950.08,
                                                                                                        "Total Cost": 2540986.11,
                                                                                                        "Plan Rows": 14410,
                                                                                                        "Plan Width": 32,
                                                                                                        "Actual Startup Time": 4074.606,
                                                                                                        "Actual Total Time": 4100.754,
                                                                                                        "Actual Rows": 352505,
                                                                                                        "Actual Loops": 4,
                                                                                                        "Output": [
                                                                                                            "an.person_id",
                                                                                                            "ci.movie_id",
                                                                                                            "ci.person_id",
                                                                                                            "ci.role_id",
                                                                                                            "ci.person_role_id",
                                                                                                            "mc.movie_id",
                                                                                                            "mc.company_id",
                                                                                                            "mi.movie_id"
                                                                                                        ],
                                                                                                        "Sort Key": [
                                                                                                            "an.person_id"
                                                                                                        ],
                                                                                                        "Sort Method": "quicksort",
                                                                                                        "Sort Space Used": 70145,
                                                                                                        "Sort Space Type": "Memory",
                                                                                                        "Workers": [
                                                                                                            {
                                                                                                                "Worker Number": 0,
                                                                                                                "Actual Startup Time": 3979.802,
                                                                                                                "Actual Total Time": 4006.425,
                                                                                                                "Actual Rows": 379624,
                                                                                                                "Actual Loops": 1
                                                                                                            },
                                                                                                            {
                                                                                                                "Worker Number": 1,
                                                                                                                "Actual Startup Time": 3910.757,
                                                                                                                "Actual Total Time": 3932.108,
                                                                                                                "Actual Rows": 258702,
                                                                                                                "Actual Loops": 1
                                                                                                            },
                                                                                                            {
                                                                                                                "Worker Number": 2,
                                                                                                                "Actual Startup Time": 4500.789,
                                                                                                                "Actual Total Time": 4532.054,
                                                                                                                "Actual Rows": 347988,
                                                                                                                "Actual Loops": 1
                                                                                                            }
                                                                                                        ],
                                                                                                        "Plans": [
                                                                                                            {
                                                                                                                "Node Type": "Hash Join",
                                                                                                                "Parent Relationship": "Outer",
                                                                                                                "Parallel Aware": true,
                                                                                                                "Join Type": "Inner",
                                                                                                                "Startup Cost": 2444303.75,
                                                                                                                "Total Cost": 2539954.73,
                                                                                                                "Plan Rows": 14410,
                                                                                                                "Plan Width": 32,
                                                                                                                "Actual Startup Time": 3302.758,
                                                                                                                "Actual Total Time": 3956.024,
                                                                                                                "Actual Rows": 488903,
                                                                                                                "Actual Loops": 4,
                                                                                                                "Output": [
                                                                                                                    "an.person_id",
                                                                                                                    "ci.movie_id",
                                                                                                                    "ci.person_id",
                                                                                                                    "ci.role_id",
                                                                                                                    "ci.person_role_id",
                                                                                                                    "mc.movie_id",
                                                                                                                    "mc.company_id",
                                                                                                                    "mi.movie_id"
                                                                                                                ],
                                                                                                                "Inner Unique": false,
                                                                                                                "Hash Cond": "(mc.movie_id = mi.movie_id)",
                                                                                                                "Workers": [
                                                                                                                    {
                                                                                                                        "Worker Number": 0,
                                                                                                                        "Actual Startup Time": 3304.525,
                                                                                                                        "Actual Total Time": 3872.375,
                                                                                                                        "Actual Rows": 465580,
                                                                                                                        "Actual Loops": 1
                                                                                                                    },
                                                                                                                    {
                                                                                                                        "Worker Number": 1,
                                                                                                                        "Actual Startup Time": 3304.149,
                                                                                                                        "Actual Total Time": 3818.514,
                                                                                                                        "Actual Rows": 399409,
                                                                                                                        "Actual Loops": 1
                                                                                                                    },
                                                                                                                    {
                                                                                                                        "Worker Number": 2,
                                                                                                                        "Actual Startup Time": 3446.196,
                                                                                                                        "Actual Total Time": 4324.283,
                                                                                                                        "Actual Rows": 507352,
                                                                                                                        "Actual Loops": 1
                                                                                                                    }
                                                                                                                ],
                                                                                                                "Plans": [
                                                                                                                    {
                                                                                                                        "Node Type": "Merge Join",
                                                                                                                        "Parent Relationship": "Outer",
                                                                                                                        "Parallel Aware": false,
                                                                                                                        "Join Type": "Inner",
                                                                                                                        "Startup Cost": 1541281.41,
                                                                                                                        "Total Cost": 1574616.86,
                                                                                                                        "Plan Rows": 1718254,
                                                                                                                        "Plan Width": 28,
                                                                                                                        "Actual Startup Time": 2230.671,
                                                                                                                        "Actual Total Time": 2760.8,
                                                                                                                        "Actual Rows": 883330,
                                                                                                                        "Actual Loops": 4,
                                                                                                                        "Output": [
                                                                                                                            "an.person_id",
                                                                                                                            "ci.movie_id",
                                                                                                                            "ci.person_id",
                                                                                                                            "ci.role_id",
                                                                                                                            "ci.person_role_id",
                                                                                                                            "mc.movie_id",
                                                                                                                            "mc.company_id"
                                                                                                                        ],
                                                                                                                        "Inner Unique": false,
                                                                                                                        "Merge Cond": "(ci.movie_id = mc.movie_id)",
                                                                                                                        "Workers": [
                                                                                                                            {
                                                                                                                                "Worker Number": 0,
                                                                                                                                "Actual Startup Time": 2232.306,
                                                                                                                                "Actual Total Time": 2694.23,
                                                                                                                                "Actual Rows": 882859,
                                                                                                                                "Actual Loops": 1
                                                                                                                            },
                                                                                                                            {
                                                                                                                                "Worker Number": 1,
                                                                                                                                "Actual Startup Time": 2232.26,
                                                                                                                                "Actual Total Time": 2657.254,
                                                                                                                                "Actual Rows": 688003,
                                                                                                                                "Actual Loops": 1
                                                                                                                            },
                                                                                                                            {
                                                                                                                                "Worker Number": 2,
                                                                                                                                "Actual Startup Time": 2373.829,
                                                                                                                                "Actual Total Time": 3079.094,
                                                                                                                                "Actual Rows": 904538,
                                                                                                                                "Actual Loops": 1
                                                                                                                            }
                                                                                                                        ],
                                                                                                                        "Plans": [
                                                                                                                            {
                                                                                                                                "Node Type": "Sort",
                                                                                                                                "Parent Relationship": "Outer",
                                                                                                                                "Parallel Aware": false,
                                                                                                                                "Startup Cost": 1218330.41,
                                                                                                                                "Total Cost": 1219884.06,
                                                                                                                                "Plan Rows": 621457,
                                                                                                                                "Plan Width": 20,
                                                                                                                                "Actual Startup Time": 1373.735,
                                                                                                                                "Actual Total Time": 1440.446,
                                                                                                                                "Actual Rows": 442723,
                                                                                                                                "Actual Loops": 4,
                                                                                                                                "Output": [
                                                                                                                                    "an.person_id",
                                                                                                                                    "ci.movie_id",
                                                                                                                                    "ci.person_id",
                                                                                                                                    "ci.role_id",
                                                                                                                                    "ci.person_role_id"
                                                                                                                                ],
                                                                                                                                "Sort Key": [
                                                                                                                                    "ci.movie_id"
                                                                                                                                ],
                                                                                                                                "Sort Method": "quicksort",
                                                                                                                                "Sort Space Used": 66517,
                                                                                                                                "Sort Space Type": "Memory",
                                                                                                                                "Workers": [
                                                                                                                                    {
                                                                                                                                        "Worker Number": 0,
                                                                                                                                        "Actual Startup Time": 1370.484,
                                                                                                                                        "Actual Total Time": 1432.159,
                                                                                                                                        "Actual Rows": 408073,
                                                                                                                                        "Actual Loops": 1
                                                                                                                                    },
                                                                                                                                    {
                                                                                                                                        "Worker Number": 1,
                                                                                                                                        "Actual Startup Time": 1368.77,
                                                                                                                                        "Actual Total Time": 1426.932,
                                                                                                                                        "Actual Rows": 377658,
                                                                                                                                        "Actual Loops": 1
                                                                                                                                    },
                                                                                                                                    {
                                                                                                                                        "Worker Number": 2,
                                                                                                                                        "Actual Startup Time": 1372.986,
                                                                                                                                        "Actual Total Time": 1452.835,
                                                                                                                                        "Actual Rows": 438895,
                                                                                                                                        "Actual Loops": 1
                                                                                                                                    }
                                                                                                                                ],
                                                                                                                                "Plans": [
                                                                                                                                    {
                                                                                                                                        "Node Type": "Hash Join",
                                                                                                                                        "Parent Relationship": "Outer",
                                                                                                                                        "Parallel Aware": true,
                                                                                                                                        "Join Type": "Inner",
                                                                                                                                        "Startup Cost": 337432.9,
                                                                                                                                        "Total Cost": 1158529.8,
                                                                                                                                        "Plan Rows": 621457,
                                                                                                                                        "Plan Width": 20,
                                                                                                                                        "Actual Startup Time": 1148.715,
                                                                                                                                        "Actual Total Time": 1268.521,
                                                                                                                                        "Actual Rows": 442723,
                                                                                                                                        "Actual Loops": 4,
                                                                                                                                        "Output": [
                                                                                                                                            "an.person_id",
                                                                                                                                            "ci.movie_id",
                                                                                                                                            "ci.person_id",
                                                                                                                                            "ci.role_id",
                                                                                                                                            "ci.person_role_id"
                                                                                                                                        ],
                                                                                                                                        "Inner Unique": false,
                                                                                                                                        "Hash Cond": "(an.person_id = ci.person_id)",
                                                                                                                                        "Workers": [
                                                                                                                                            {
                                                                                                                                                "Worker Number": 0,
                                                                                                                                                "Actual Startup Time": 1148.691,
                                                                                                                                                "Actual Total Time": 1264.611,
                                                                                                                                                "Actual Rows": 408073,
                                                                                                                                                "Actual Loops": 1
                                                                                                                                            },
                                                                                                                                            {
                                                                                                                                                "Worker Number": 1,
                                                                                                                                                "Actual Startup Time": 1148.713,
                                                                                                                                                "Actual Total Time": 1270.214,
                                                                                                                                                "Actual Rows": 377658,
                                                                                                                                                "Actual Loops": 1
                                                                                                                                            },
                                                                                                                                            {
                                                                                                                                                "Worker Number": 2,
                                                                                                                                                "Actual Startup Time": 1148.733,
                                                                                                                                                "Actual Total Time": 1263.691,
                                                                                                                                                "Actual Rows": 438895,
                                                                                                                                                "Actual Loops": 1
                                                                                                                                            }
                                                                                                                                        ],
                                                                                                                                        "Plans": [
                                                                                                                                            {
                                                                                                                                                "Node Type": "Seq Scan",
                                                                                                                                                "Parent Relationship": "Outer",
                                                                                                                                                "Parallel Aware": true,
                                                                                                                                                "Relation Name": "aka_name",
                                                                                                                                                "Schema": "public",
                                                                                                                                                "Alias": "an",
                                                                                                                                                "Startup Cost": 0.0,
                                                                                                                                                "Total Cost": 14303.56,
                                                                                                                                                "Plan Rows": 290756,
                                                                                                                                                "Plan Width": 4,
                                                                                                                                                "Actual Startup Time": 0.024,
                                                                                                                                                "Actual Total Time": 26.062,
                                                                                                                                                "Actual Rows": 225336,
                                                                                                                                                "Actual Loops": 4,
                                                                                                                                                "Output": [
                                                                                                                                                    "an.id",
                                                                                                                                                    "an.person_id",
                                                                                                                                                    "an.name",
                                                                                                                                                    "an.imdb_index",
                                                                                                                                                    "an.name_pcode_cf",
                                                                                                                                                    "an.name_pcode_nf",
                                                                                                                                                    "an.surname_pcode",
                                                                                                                                                    "an.md5sum"
                                                                                                                                                ],
                                                                                                                                                "Workers": [
                                                                                                                                                    {
                                                                                                                                                        "Worker Number": 0,
                                                                                                                                                        "Actual Startup Time": 0.023,
                                                                                                                                                        "Actual Total Time": 26.319,
                                                                                                                                                        "Actual Rows": 200277,
                                                                                                                                                        "Actual Loops": 1
                                                                                                                                                    },
                                                                                                                                                    {
                                                                                                                                                        "Worker Number": 1,
                                                                                                                                                        "Actual Startup Time": 0.03,
                                                                                                                                                        "Actual Total Time": 29.029,
                                                                                                                                                        "Actual Rows": 223911,
                                                                                                                                                        "Actual Loops": 1
                                                                                                                                                    },
                                                                                                                                                    {
                                                                                                                                                        "Worker Number": 2,
                                                                                                                                                        "Actual Startup Time": 0.036,
                                                                                                                                                        "Actual Total Time": 26.232,
                                                                                                                                                        "Actual Rows": 218785,
                                                                                                                                                        "Actual Loops": 1
                                                                                                                                                    }
                                                                                                                                                ]
                                                                                                                                            },
                                                                                                                                            {
                                                                                                                                                "Node Type": "Hash",
                                                                                                                                                "Parent Relationship": "Inner",
                                                                                                                                                "Parallel Aware": true,
                                                                                                                                                "Startup Cost": 335766.28,
                                                                                                                                                "Total Cost": 335766.28,
                                                                                                                                                "Plan Rows": 133330,
                                                                                                                                                "Plan Width": 16,
                                                                                                                                                "Actual Startup Time": 1147.585,
                                                                                                                                                "Actual Total Time": 1147.587,
                                                                                                                                                "Actual Rows": 209175,
                                                                                                                                                "Actual Loops": 4,
                                                                                                                                                "Output": [
                                                                                                                                                    "ci.movie_id",
                                                                                                                                                    "ci.person_id",
                                                                                                                                                    "ci.role_id",
                                                                                                                                                    "ci.person_role_id"
                                                                                                                                                ],
                                                                                                                                                "Hash Buckets": 1048576,
                                                                                                                                                "Original Hash Buckets": 1048576,
                                                                                                                                                "Hash Batches": 1,
                                                                                                                                                "Original Hash Batches": 1,
                                                                                                                                                "Peak Memory Usage": 47520,
                                                                                                                                                "Workers": [
                                                                                                                                                    {
                                                                                                                                                        "Worker Number": 0,
                                                                                                                                                        "Actual Startup Time": 1148.62,
                                                                                                                                                        "Actual Total Time": 1148.622,
                                                                                                                                                        "Actual Rows": 194444,
                                                                                                                                                        "Actual Loops": 1
                                                                                                                                                    },
                                                                                                                                                    {
                                                                                                                                                        "Worker Number": 1,
                                                                                                                                                        "Actual Startup Time": 1148.51,
                                                                                                                                                        "Actual Total Time": 1148.513,
                                                                                                                                                        "Actual Rows": 175023,
                                                                                                                                                        "Actual Loops": 1
                                                                                                                                                    },
                                                                                                                                                    {
                                                                                                                                                        "Worker Number": 2,
                                                                                                                                                        "Actual Startup Time": 1148.56,
                                                                                                                                                        "Actual Total Time": 1148.562,
                                                                                                                                                        "Actual Rows": 176094,
                                                                                                                                                        "Actual Loops": 1
                                                                                                                                                    }
                                                                                                                                                ],
                                                                                                                                                "Plans": [
                                                                                                                                                    {
                                                                                                                                                        "Node Type": "Seq Scan",
                                                                                                                                                        "Parent Relationship": "Outer",
                                                                                                                                                        "Parallel Aware": true,
                                                                                                                                                        "Relation Name": "cast_info",
                                                                                                                                                        "Schema": "public",
                                                                                                                                                        "Alias": "ci",
                                                                                                                                                        "Startup Cost": 0.0,
                                                                                                                                                        "Total Cost": 335766.28,
                                                                                                                                                        "Plan Rows": 133330,
                                                                                                                                                        "Plan Width": 16,
                                                                                                                                                        "Actual Startup Time": 0.054,
                                                                                                                                                        "Actual Total Time": 1064.38,
                                                                                                                                                        "Actual Rows": 209175,
                                                                                                                                                        "Actual Loops": 4,
                                                                                                                                                        "Output": [
                                                                                                                                                            "ci.movie_id",
                                                                                                                                                            "ci.person_id",
                                                                                                                                                            "ci.role_id",
                                                                                                                                                            "ci.person_role_id"
                                                                                                                                                        ],
                                                                                                                                                        "Filter": "(ci.note = ANY ('{(voice),\"(voice) (uncredited)\",\"(voice: English version)\"}'::text[]))",
                                                                                                                                                        "Rows Removed by Filter": 8851911,
                                                                                                                                                        "Workers": [
                                                                                                                                                            {
                                                                                                                                                                "Worker Number": 0,
                                                                                                                                                                "Actual Startup Time": 0.061,
                                                                                                                                                                "Actual Total Time": 1064.799,
                                                                                                                                                                "Actual Rows": 194444,
                                                                                                                                                                "Actual Loops": 1
                                                                                                                                                            },
                                                                                                                                                            {
                                                                                                                                                                "Worker Number": 1,
                                                                                                                                                                "Actual Startup Time": 0.046,
                                                                                                                                                                "Actual Total Time": 1065.677,
                                                                                                                                                                "Actual Rows": 175023,
                                                                                                                                                                "Actual Loops": 1
                                                                                                                                                            },
                                                                                                                                                            {
                                                                                                                                                                "Worker Number": 2,
                                                                                                                                                                "Actual Startup Time": 0.091,
                                                                                                                                                                "Actual Total Time": 1065.578,
                                                                                                                                                                "Actual Rows": 176094,
                                                                                                                                                                "Actual Loops": 1
                                                                                                                                                            }
                                                                                                                                                        ]
                                                                                                                                                    }
                                                                                                                                                ]
                                                                                                                                            }
                                                                                                                                        ]
                                                                                                                                    }
                                                                                                                                ]
                                                                                                                            },
                                                                                                                            {
                                                                                                                                "Node Type": "Sort",
                                                                                                                                "Parent Relationship": "Inner",
                                                                                                                                "Parallel Aware": false,
                                                                                                                                "Startup Cost": 322951.0,
                                                                                                                                "Total Cost": 329473.82,
                                                                                                                                "Plan Rows": 2609129,
                                                                                                                                "Plan Width": 8,
                                                                                                                                "Actual Startup Time": 856.861,
                                                                                                                                "Actual Total Time": 1005.021,
                                                                                                                                "Actual Rows": 3389092,
                                                                                                                                "Actual Loops": 4,
                                                                                                                                "Output": [
                                                                                                                                    "mc.movie_id",
                                                                                                                                    "mc.company_id"
                                                                                                                                ],
                                                                                                                                "Sort Key": [
                                                                                                                                    "mc.movie_id"
                                                                                                                                ],
                                                                                                                                "Sort Method": "quicksort",
                                                                                                                                "Sort Space Used": 220607,
                                                                                                                                "Sort Space Type": "Memory",
                                                                                                                                "Workers": [
                                                                                                                                    {
                                                                                                                                        "Worker Number": 0,
                                                                                                                                        "Actual Startup Time": 861.794,
                                                                                                                                        "Actual Total Time": 990.199,
                                                                                                                                        "Actual Rows": 3394631,
                                                                                                                                        "Actual Loops": 1
                                                                                                                                    },
                                                                                                                                    {
                                                                                                                                        "Worker Number": 1,
                                                                                                                                        "Actual Startup Time": 863.41,
                                                                                                                                        "Actual Total Time": 984.599,
                                                                                                                                        "Actual Rows": 3194938,
                                                                                                                                        "Actual Loops": 1
                                                                                                                                    },
                                                                                                                                    {
                                                                                                                                        "Worker Number": 2,
                                                                                                                                        "Actual Startup Time": 1000.718,
                                                                                                                                        "Actual Total Time": 1197.166,
                                                                                                                                        "Actual Rows": 3412176,
                                                                                                                                        "Actual Loops": 1
                                                                                                                                    }
                                                                                                                                ],
                                                                                                                                "Plans": [
                                                                                                                                    {
                                                                                                                                        "Node Type": "Seq Scan",
                                                                                                                                        "Parent Relationship": "Outer",
                                                                                                                                        "Parallel Aware": false,
                                                                                                                                        "Relation Name": "movie_companies",
                                                                                                                                        "Schema": "public",
                                                                                                                                        "Alias": "mc",
                                                                                                                                        "Startup Cost": 0.0,
                                                                                                                                        "Total Cost": 44881.29,
                                                                                                                                        "Plan Rows": 2609129,
                                                                                                                                        "Plan Width": 8,
                                                                                                                                        "Actual Startup Time": 0.044,
                                                                                                                                        "Actual Total Time": 270.676,
                                                                                                                                        "Actual Rows": 2609129,
                                                                                                                                        "Actual Loops": 4,
                                                                                                                                        "Output": [
                                                                                                                                            "mc.movie_id",
                                                                                                                                            "mc.company_id"
                                                                                                                                        ],
                                                                                                                                        "Workers": [
                                                                                                                                            {
                                                                                                                                                "Worker Number": 0,
                                                                                                                                                "Actual Startup Time": 0.034,
                                                                                                                                                "Actual Total Time": 276.207,
                                                                                                                                                "Actual Rows": 2609129,
                                                                                                                                                "Actual Loops": 1
                                                                                                                                            },
                                                                                                                                            {
                                                                                                                                                "Worker Number": 1,
                                                                                                                                                "Actual Startup Time": 0.072,
                                                                                                                                                "Actual Total Time": 280.016,
                                                                                                                                                "Actual Rows": 2609129,
                                                                                                                                                "Actual Loops": 1
                                                                                                                                            },
                                                                                                                                            {
                                                                                                                                                "Worker Number": 2,
                                                                                                                                                "Actual Startup Time": 0.056,
                                                                                                                                                "Actual Total Time": 283.618,
                                                                                                                                                "Actual Rows": 2609129,
                                                                                                                                                "Actual Loops": 1
                                                                                                                                            }
                                                                                                                                        ]
                                                                                                                                    }
                                                                                                                                ]
                                                                                                                            }
                                                                                                                        ]
                                                                                                                    },
                                                                                                                    {
                                                                                                                        "Node Type": "Hash",
                                                                                                                        "Parent Relationship": "Inner",
                                                                                                                        "Parallel Aware": true,
                                                                                                                        "Startup Cost": 903012.19,
                                                                                                                        "Total Cost": 903012.19,
                                                                                                                        "Plan Rows": 812,
                                                                                                                        "Plan Width": 4,
                                                                                                                        "Actual Startup Time": 1071.749,
                                                                                                                        "Actual Total Time": 1071.753,
                                                                                                                        "Actual Rows": 96905,
                                                                                                                        "Actual Loops": 4,
                                                                                                                        "Output": [
                                                                                                                            "mi.movie_id"
                                                                                                                        ],
                                                                                                                        "Hash Buckets": 524288,
                                                                                                                        "Original Hash Buckets": 4096,
                                                                                                                        "Hash Batches": 1,
                                                                                                                        "Original Hash Batches": 1,
                                                                                                                        "Peak Memory Usage": 23392,
                                                                                                                        "Workers": [
                                                                                                                            {
                                                                                                                                "Worker Number": 0,
                                                                                                                                "Actual Startup Time": 1071.749,
                                                                                                                                "Actual Total Time": 1071.752,
                                                                                                                                "Actual Rows": 83185,
                                                                                                                                "Actual Loops": 1
                                                                                                                            },
                                                                                                                            {
                                                                                                                                "Worker Number": 1,
                                                                                                                                "Actual Startup Time": 1071.592,
                                                                                                                                "Actual Total Time": 1071.595,
                                                                                                                                "Actual Rows": 83684,
                                                                                                                                "Actual Loops": 1
                                                                                                                            },
                                                                                                                            {
                                                                                                                                "Worker Number": 2,
                                                                                                                                "Actual Startup Time": 1071.819,
                                                                                                                                "Actual Total Time": 1071.823,
                                                                                                                                "Actual Rows": 84446,
                                                                                                                                "Actual Loops": 1
                                                                                                                            }
                                                                                                                        ],
                                                                                                                        "Plans": [
                                                                                                                            {
                                                                                                                                "Node Type": "Merge Join",
                                                                                                                                "Parent Relationship": "Outer",
                                                                                                                                "Parallel Aware": false,
                                                                                                                                "Join Type": "Inner",
                                                                                                                                "Startup Cost": 2.86,
                                                                                                                                "Total Cost": 903012.19,
                                                                                                                                "Plan Rows": 812,
                                                                                                                                "Plan Width": 4,
                                                                                                                                "Actual Startup Time": 586.249,
                                                                                                                                "Actual Total Time": 1011.305,
                                                                                                                                "Actual Rows": 96905,
                                                                                                                                "Actual Loops": 4,
                                                                                                                                "Output": [
                                                                                                                                    "mi.movie_id"
                                                                                                                                ],
                                                                                                                                "Inner Unique": false,
                                                                                                                                "Merge Cond": "(mi.info_type_id = it.id)",
                                                                                                                                "Workers": [
                                                                                                                                    {
                                                                                                                                        "Worker Number": 0,
                                                                                                                                        "Actual Startup Time": 586.363,
                                                                                                                                        "Actual Total Time": 1013.802,
                                                                                                                                        "Actual Rows": 83185,
                                                                                                                                        "Actual Loops": 1
                                                                                                                                    },
                                                                                                                                    {
                                                                                                                                        "Worker Number": 1,
                                                                                                                                        "Actual Startup Time": 586.211,
                                                                                                                                        "Actual Total Time": 1014.502,
                                                                                                                                        "Actual Rows": 83684,
                                                                                                                                        "Actual Loops": 1
                                                                                                                                    },
                                                                                                                                    {
                                                                                                                                        "Worker Number": 2,
                                                                                                                                        "Actual Startup Time": 586.259,
                                                                                                                                        "Actual Total Time": 1010.576,
                                                                                                                                        "Actual Rows": 84446,
                                                                                                                                        "Actual Loops": 1
                                                                                                                                    }
                                                                                                                                ],
                                                                                                                                "Plans": [
                                                                                                                                    {
                                                                                                                                        "Node Type": "Index Scan",
                                                                                                                                        "Parent Relationship": "Outer",
                                                                                                                                        "Parallel Aware": true,
                                                                                                                                        "Scan Direction": "Forward",
                                                                                                                                        "Index Name": "info_type_id_movie_info",
                                                                                                                                        "Relation Name": "movie_info",
                                                                                                                                        "Schema": "public",
                                                                                                                                        "Alias": "mi",
                                                                                                                                        "Startup Cost": 0.43,
                                                                                                                                        "Total Cost": 902768.22,
                                                                                                                                        "Plan Rows": 91744,
                                                                                                                                        "Plan Width": 8,
                                                                                                                                        "Actual Startup Time": 9.264,
                                                                                                                                        "Actual Total Time": 988.332,
                                                                                                                                        "Actual Rows": 96921,
                                                                                                                                        "Actual Loops": 4,
                                                                                                                                        "Output": [
                                                                                                                                            "mi.id",
                                                                                                                                            "mi.movie_id",
                                                                                                                                            "mi.info_type_id",
                                                                                                                                            "mi.info",
                                                                                                                                            "mi.note"
                                                                                                                                        ],
                                                                                                                                        "Filter": "(mi.info ~~ 'USA:%200%'::text)",
                                                                                                                                        "Rows Removed by Filter": 3612009,
                                                                                                                                        "Workers": [
                                                                                                                                            {
                                                                                                                                                "Worker Number": 0,
                                                                                                                                                "Actual Startup Time": 2.253,
                                                                                                                                                "Actual Total Time": 990.482,
                                                                                                                                                "Actual Rows": 83202,
                                                                                                                                                "Actual Loops": 1
                                                                                                                                            },
                                                                                                                                            {
                                                                                                                                                "Worker Number": 1,
                                                                                                                                                "Actual Startup Time": 7.122,
                                                                                                                                                "Actual Total Time": 991.403,
                                                                                                                                                "Actual Rows": 83694,
                                                                                                                                                "Actual Loops": 1
                                                                                                                                            },
                                                                                                                                            {
                                                                                                                                                "Worker Number": 2,
                                                                                                                                                "Actual Startup Time": 15.175,
                                                                                                                                                "Actual Total Time": 987.267,
                                                                                                                                                "Actual Rows": 84456,
                                                                                                                                                "Actual Loops": 1
                                                                                                                                            }
                                                                                                                                        ]
                                                                                                                                    },
                                                                                                                                    {
                                                                                                                                        "Node Type": "Materialize",
                                                                                                                                        "Parent Relationship": "Inner",
                                                                                                                                        "Parallel Aware": false,
                                                                                                                                        "Startup Cost": 2.42,
                                                                                                                                        "Total Cost": 2.43,
                                                                                                                                        "Plan Rows": 1,
                                                                                                                                        "Plan Width": 4,
                                                                                                                                        "Actual Startup Time": 0.078,
                                                                                                                                        "Actual Total Time": 4.026,
                                                                                                                                        "Actual Rows": 1,
                                                                                                                                        "Actual Loops": 4,
                                                                                                                                        "Output": [
                                                                                                                                            "it.id"
                                                                                                                                        ],
                                                                                                                                        "Workers": [
                                                                                                                                            {
                                                                                                                                                "Worker Number": 0,
                                                                                                                                                "Actual Startup Time": 0.109,
                                                                                                                                                "Actual Total Time": 4.04,
                                                                                                                                                "Actual Rows": 1,
                                                                                                                                                "Actual Loops": 1
                                                                                                                                            },
                                                                                                                                            {
                                                                                                                                                "Worker Number": 1,
                                                                                                                                                "Actual Startup Time": 0.09,
                                                                                                                                                "Actual Total Time": 4.013,
                                                                                                                                                "Actual Rows": 1,
                                                                                                                                                "Actual Loops": 1
                                                                                                                                            },
                                                                                                                                            {
                                                                                                                                                "Worker Number": 2,
                                                                                                                                                "Actual Startup Time": 0.084,
                                                                                                                                                "Actual Total Time": 4.042,
                                                                                                                                                "Actual Rows": 1,
                                                                                                                                                "Actual Loops": 1
                                                                                                                                            }
                                                                                                                                        ],
                                                                                                                                        "Plans": [
                                                                                                                                            {
                                                                                                                                                "Node Type": "Sort",
                                                                                                                                                "Parent Relationship": "Outer",
                                                                                                                                                "Parallel Aware": false,
                                                                                                                                                "Startup Cost": 2.42,
                                                                                                                                                "Total Cost": 2.43,
                                                                                                                                                "Plan Rows": 1,
                                                                                                                                                "Plan Width": 4,
                                                                                                                                                "Actual Startup Time": 0.071,
                                                                                                                                                "Actual Total Time": 0.073,
                                                                                                                                                "Actual Rows": 1,
                                                                                                                                                "Actual Loops": 4,
                                                                                                                                                "Output": [
                                                                                                                                                    "it.id"
                                                                                                                                                ],
                                                                                                                                                "Sort Key": [
                                                                                                                                                    "it.id"
                                                                                                                                                ],
                                                                                                                                                "Sort Method": "quicksort",
                                                                                                                                                "Sort Space Used": 25,
                                                                                                                                                "Sort Space Type": "Memory",
                                                                                                                                                "Workers": [
                                                                                                                                                    {
                                                                                                                                                        "Worker Number": 0,
                                                                                                                                                        "Actual Startup Time": 0.101,
                                                                                                                                                        "Actual Total Time": 0.103,
                                                                                                                                                        "Actual Rows": 1,
                                                                                                                                                        "Actual Loops": 1
                                                                                                                                                    },
                                                                                                                                                    {
                                                                                                                                                        "Worker Number": 1,
                                                                                                                                                        "Actual Startup Time": 0.082,
                                                                                                                                                        "Actual Total Time": 0.085,
                                                                                                                                                        "Actual Rows": 1,
                                                                                                                                                        "Actual Loops": 1
                                                                                                                                                    },
                                                                                                                                                    {
                                                                                                                                                        "Worker Number": 2,
                                                                                                                                                        "Actual Startup Time": 0.075,
                                                                                                                                                        "Actual Total Time": 0.077,
                                                                                                                                                        "Actual Rows": 1,
                                                                                                                                                        "Actual Loops": 1
                                                                                                                                                    }
                                                                                                                                                ],
                                                                                                                                                "Plans": [
                                                                                                                                                    {
                                                                                                                                                        "Node Type": "Seq Scan",
                                                                                                                                                        "Parent Relationship": "Outer",
                                                                                                                                                        "Parallel Aware": false,
                                                                                                                                                        "Relation Name": "info_type",
                                                                                                                                                        "Schema": "public",
                                                                                                                                                        "Alias": "it",
                                                                                                                                                        "Startup Cost": 0.0,
                                                                                                                                                        "Total Cost": 2.41,
                                                                                                                                                        "Plan Rows": 1,
                                                                                                                                                        "Plan Width": 4,
                                                                                                                                                        "Actual Startup Time": 0.05,
                                                                                                                                                        "Actual Total Time": 0.056,
                                                                                                                                                        "Actual Rows": 1,
                                                                                                                                                        "Actual Loops": 4,
                                                                                                                                                        "Output": [
                                                                                                                                                            "it.id"
                                                                                                                                                        ],
                                                                                                                                                        "Filter": "((it.info)::text = 'release dates'::text)",
                                                                                                                                                        "Rows Removed by Filter": 112,
                                                                                                                                                        "Workers": [
                                                                                                                                                            {
                                                                                                                                                                "Worker Number": 0,
                                                                                                                                                                "Actual Startup Time": 0.076,
                                                                                                                                                                "Actual Total Time": 0.083,
                                                                                                                                                                "Actual Rows": 1,
                                                                                                                                                                "Actual Loops": 1
                                                                                                                                                            },
                                                                                                                                                            {
                                                                                                                                                                "Worker Number": 1,
                                                                                                                                                                "Actual Startup Time": 0.059,
                                                                                                                                                                "Actual Total Time": 0.066,
                                                                                                                                                                "Actual Rows": 1,
                                                                                                                                                                "Actual Loops": 1
                                                                                                                                                            },
                                                                                                                                                            {
                                                                                                                                                                "Worker Number": 2,
                                                                                                                                                                "Actual Startup Time": 0.051,
                                                                                                                                                                "Actual Total Time": 0.058,
                                                                                                                                                                "Actual Rows": 1,
                                                                                                                                                                "Actual Loops": 1
                                                                                                                                                            }
                                                                                                                                                        ]
                                                                                                                                                    }
                                                                                                                                                ]
                                                                                                                                            }
                                                                                                                                        ]
                                                                                                                                    }
                                                                                                                                ]
                                                                                                                            }
                                                                                                                        ]
                                                                                                                    }
                                                                                                                ]
                                                                                                            }
                                                                                                        ]
                                                                                                    },
                                                                                                    {
                                                                                                        "Node Type": "Index Scan",
                                                                                                        "Parent Relationship": "Inner",
                                                                                                        "Parallel Aware": false,
                                                                                                        "Scan Direction": "Forward",
                                                                                                        "Index Name": "name_pkey",
                                                                                                        "Relation Name": "name",
                                                                                                        "Schema": "public",
                                                                                                        "Alias": "n",
                                                                                                        "Startup Cost": 10000000000.43,
                                                                                                        "Total Cost": 10000199011.55,
                                                                                                        "Plan Rows": 70049,
                                                                                                        "Plan Width": 4,
                                                                                                        "Actual Startup Time": 0.12,
                                                                                                        "Actual Total Time": 1603.493,
                                                                                                        "Actual Rows": 55990,
                                                                                                        "Actual Loops": 4,
                                                                                                        "Output": [
                                                                                                            "n.id",
                                                                                                            "n.name",
                                                                                                            "n.imdb_index",
                                                                                                            "n.imdb_id",
                                                                                                            "n.gender",
                                                                                                            "n.name_pcode_cf",
                                                                                                            "n.name_pcode_nf",
                                                                                                            "n.surname_pcode",
                                                                                                            "n.md5sum"
                                                                                                        ],
                                                                                                        "Filter": "((n.name ~~ '%An%'::text) AND ((n.gender)::text = 'm'::text))",
                                                                                                        "Rows Removed by Filter": 4111501,
                                                                                                        "Workers": [
                                                                                                            {
                                                                                                                "Worker Number": 0,
                                                                                                                "Actual Startup Time": 0.127,
                                                                                                                "Actual Total Time": 1527.479,
                                                                                                                "Actual Rows": 55990,
                                                                                                                "Actual Loops": 1
                                                                                                            },
                                                                                                            {
                                                                                                                "Worker Number": 1,
                                                                                                                "Actual Startup Time": 0.15,
                                                                                                                "Actual Total Time": 1485.377,
                                                                                                                "Actual Rows": 55990,
                                                                                                                "Actual Loops": 1
                                                                                                            },
                                                                                                            {
                                                                                                                "Worker Number": 2,
                                                                                                                "Actual Startup Time": 0.152,
                                                                                                                "Actual Total Time": 2010.871,
                                                                                                                "Actual Rows": 55990,
                                                                                                                "Actual Loops": 1
                                                                                                            }
                                                                                                        ]
                                                                                                    }
                                                                                                ]
                                                                                            },
                                                                                            {
                                                                                                "Node Type": "Bitmap Heap Scan",
                                                                                                "Parent Relationship": "Inner",
                                                                                                "Parallel Aware": false,
                                                                                                "Relation Name": "company_name",
                                                                                                "Schema": "public",
                                                                                                "Alias": "cn",
                                                                                                "Startup Cost": 0.43,
                                                                                                "Total Cost": 4.44,
                                                                                                "Plan Rows": 1,
                                                                                                "Plan Width": 4,
                                                                                                "Actual Startup Time": 0.005,
                                                                                                "Actual Total Time": 0.005,
                                                                                                "Actual Rows": 0,
                                                                                                "Actual Loops": 21625,
                                                                                                "Output": [
                                                                                                    "cn.id",
                                                                                                    "cn.name",
                                                                                                    "cn.country_code",
                                                                                                    "cn.imdb_id",
                                                                                                    "cn.name_pcode_nf",
                                                                                                    "cn.name_pcode_sf",
                                                                                                    "cn.md5sum"
                                                                                                ],
                                                                                                "Recheck Cond": "(cn.id = mc.company_id)",
                                                                                                "Rows Removed by Index Recheck": 0,
                                                                                                "Filter": "((cn.country_code)::text = '[us]'::text)",
                                                                                                "Rows Removed by Filter": 1,
                                                                                                "Exact Heap Blocks": 5984,
                                                                                                "Lossy Heap Blocks": 0,
                                                                                                "Workers": [
                                                                                                    {
                                                                                                        "Worker Number": 0,
                                                                                                        "Actual Startup Time": 0.006,
                                                                                                        "Actual Total Time": 0.006,
                                                                                                        "Actual Rows": 0,
                                                                                                        "Actual Loops": 2416
                                                                                                    },
                                                                                                    {
                                                                                                        "Worker Number": 1,
                                                                                                        "Actual Startup Time": 0.005,
                                                                                                        "Actual Total Time": 0.005,
                                                                                                        "Actual Rows": 1,
                                                                                                        "Actual Loops": 10533
                                                                                                    },
                                                                                                    {
                                                                                                        "Worker Number": 2,
                                                                                                        "Actual Startup Time": 0.007,
                                                                                                        "Actual Total Time": 0.007,
                                                                                                        "Actual Rows": 0,
                                                                                                        "Actual Loops": 2692
                                                                                                    }
                                                                                                ],
                                                                                                "Plans": [
                                                                                                    {
                                                                                                        "Node Type": "Bitmap Index Scan",
                                                                                                        "Parent Relationship": "Outer",
                                                                                                        "Parallel Aware": false,
                                                                                                        "Index Name": "company_name_pkey",
                                                                                                        "Startup Cost": 0.0,
                                                                                                        "Total Cost": 0.43,
                                                                                                        "Plan Rows": 1,
                                                                                                        "Plan Width": 0,
                                                                                                        "Actual Startup Time": 0.003,
                                                                                                        "Actual Total Time": 0.003,
                                                                                                        "Actual Rows": 1,
                                                                                                        "Actual Loops": 21625,
                                                                                                        "Index Cond": "(cn.id = mc.company_id)",
                                                                                                        "Workers": [
                                                                                                            {
                                                                                                                "Worker Number": 0,
                                                                                                                "Actual Startup Time": 0.004,
                                                                                                                "Actual Total Time": 0.004,
                                                                                                                "Actual Rows": 1,
                                                                                                                "Actual Loops": 2416
                                                                                                            },
                                                                                                            {
                                                                                                                "Worker Number": 1,
                                                                                                                "Actual Startup Time": 0.003,
                                                                                                                "Actual Total Time": 0.003,
                                                                                                                "Actual Rows": 1,
                                                                                                                "Actual Loops": 10533
                                                                                                            },
                                                                                                            {
                                                                                                                "Worker Number": 2,
                                                                                                                "Actual Startup Time": 0.004,
                                                                                                                "Actual Total Time": 0.004,
                                                                                                                "Actual Rows": 1,
                                                                                                                "Actual Loops": 2692
                                                                                                            }
                                                                                                        ]
                                                                                                    }
                                                                                                ]
                                                                                            }
                                                                                        ]
                                                                                    },
                                                                                    {
                                                                                        "Node Type": "Hash",
                                                                                        "Parent Relationship": "Inner",
                                                                                        "Parallel Aware": true,
                                                                                        "Startup Cost": 58459.8,
                                                                                        "Total Cost": 58459.8,
                                                                                        "Plan Rows": 740880,
                                                                                        "Plan Width": 8,
                                                                                        "Actual Startup Time": 402.478,
                                                                                        "Actual Total Time": 402.479,
                                                                                        "Actual Rows": 740916,
                                                                                        "Actual Loops": 4,
                                                                                        "Output": [
                                                                                            "pi.person_id",
                                                                                            "pi.info_type_id"
                                                                                        ],
                                                                                        "Hash Buckets": 4194304,
                                                                                        "Original Hash Buckets": 4194304,
                                                                                        "Hash Batches": 1,
                                                                                        "Original Hash Batches": 1,
                                                                                        "Peak Memory Usage": 148800,
                                                                                        "Workers": [
                                                                                            {
                                                                                                "Worker Number": 0,
                                                                                                "Actual Startup Time": 405.293,
                                                                                                "Actual Total Time": 405.294,
                                                                                                "Actual Rows": 603546,
                                                                                                "Actual Loops": 1
                                                                                            },
                                                                                            {
                                                                                                "Worker Number": 1,
                                                                                                "Actual Startup Time": 405.821,
                                                                                                "Actual Total Time": 405.822,
                                                                                                "Actual Rows": 603723,
                                                                                                "Actual Loops": 1
                                                                                            },
                                                                                            {
                                                                                                "Worker Number": 2,
                                                                                                "Actual Startup Time": 405.596,
                                                                                                "Actual Total Time": 405.597,
                                                                                                "Actual Rows": 622592,
                                                                                                "Actual Loops": 1
                                                                                            }
                                                                                        ],
                                                                                        "Plans": [
                                                                                            {
                                                                                                "Node Type": "Seq Scan",
                                                                                                "Parent Relationship": "Outer",
                                                                                                "Parallel Aware": true,
                                                                                                "Relation Name": "person_info",
                                                                                                "Schema": "public",
                                                                                                "Alias": "pi",
                                                                                                "Startup Cost": 0.0,
                                                                                                "Total Cost": 58459.8,
                                                                                                "Plan Rows": 740880,
                                                                                                "Plan Width": 8,
                                                                                                "Actual Startup Time": 0.058,
                                                                                                "Actual Total Time": 171.003,
                                                                                                "Actual Rows": 740916,
                                                                                                "Actual Loops": 4,
                                                                                                "Output": [
                                                                                                    "pi.person_id",
                                                                                                    "pi.info_type_id"
                                                                                                ],
                                                                                                "Workers": [
                                                                                                    {
                                                                                                        "Worker Number": 0,
                                                                                                        "Actual Startup Time": 0.077,
                                                                                                        "Actual Total Time": 175.983,
                                                                                                        "Actual Rows": 603546,
                                                                                                        "Actual Loops": 1
                                                                                                    },
                                                                                                    {
                                                                                                        "Worker Number": 1,
                                                                                                        "Actual Startup Time": 0.077,
                                                                                                        "Actual Total Time": 173.904,
                                                                                                        "Actual Rows": 603723,
                                                                                                        "Actual Loops": 1
                                                                                                    },
                                                                                                    {
                                                                                                        "Worker Number": 2,
                                                                                                        "Actual Startup Time": 0.063,
                                                                                                        "Actual Total Time": 178.64,
                                                                                                        "Actual Rows": 622592,
                                                                                                        "Actual Loops": 1
                                                                                                    }
                                                                                                ]
                                                                                            }
                                                                                        ]
                                                                                    }
                                                                                ]
                                                                            }
                                                                        ]
                                                                    }
                                                                ]
                                                            }
                                                        ]
                                                    },
                                                    {
                                                        "Node Type": "Bitmap Heap Scan",
                                                        "Parent Relationship": "Inner",
                                                        "Parallel Aware": false,
                                                        "Relation Name": "char_name",
                                                        "Schema": "public",
                                                        "Alias": "chn",
                                                        "Startup Cost": 0.49,
                                                        "Total Cost": 4.51,
                                                        "Plan Rows": 1,
                                                        "Plan Width": 4,
                                                        "Actual Startup Time": 0.0,
                                                        "Actual Total Time": 0.0,
                                                        "Actual Rows": 0,
                                                        "Actual Loops": 0,
                                                        "Output": [
                                                            "chn.id",
                                                            "chn.name",
                                                            "chn.imdb_index",
                                                            "chn.imdb_id",
                                                            "chn.name_pcode_nf",
                                                            "chn.surname_pcode",
                                                            "chn.md5sum"
                                                        ],
                                                        "Recheck Cond": "(chn.id = ci.person_role_id)",
                                                        "Rows Removed by Index Recheck": 0,
                                                        "Filter": "(chn.name = 'Queen'::text)",
                                                        "Rows Removed by Filter": 0,
                                                        "Exact Heap Blocks": 0,
                                                        "Lossy Heap Blocks": 0,
                                                        "Plans": [
                                                            {
                                                                "Node Type": "Bitmap Index Scan",
                                                                "Parent Relationship": "Outer",
                                                                "Parallel Aware": false,
                                                                "Index Name": "char_name_pkey",
                                                                "Startup Cost": 0.0,
                                                                "Total Cost": 0.49,
                                                                "Plan Rows": 1,
                                                                "Plan Width": 0,
                                                                "Actual Startup Time": 0.0,
                                                                "Actual Total Time": 0.0,
                                                                "Actual Rows": 0,
                                                                "Actual Loops": 0,
                                                                "Index Cond": "(chn.id = ci.person_role_id)"
                                                            }
                                                        ]
                                                    }
                                                ]
                                            }
                                        ]
                                    }
                                ]
                            },
                            {
                                "Node Type": "Bitmap Heap Scan",
                                "Parent Relationship": "Inner",
                                "Parallel Aware": false,
                                "Relation Name": "comp_cast_type",
                                "Schema": "public",
                                "Alias": "cct2",
                                "Startup Cost": 0.14,
                                "Total Cost": 4.15,
                                "Plan Rows": 1,
                                "Plan Width": 4,
                                "Actual Startup Time": 0.0,
                                "Actual Total Time": 0.0,
                                "Actual Rows": 0,
                                "Actual Loops": 0,
                                "Output": [
                                    "cct2.id",
                                    "cct2.kind"
                                ],
                                "Recheck Cond": "(cct2.id = cc.status_id)",
                                "Rows Removed by Index Recheck": 0,
                                "Filter": "((cct2.kind)::text = 'complete+verified'::text)",
                                "Rows Removed by Filter": 0,
                                "Exact Heap Blocks": 0,
                                "Lossy Heap Blocks": 0,
                                "Plans": [
                                    {
                                        "Node Type": "Bitmap Index Scan",
                                        "Parent Relationship": "Outer",
                                        "Parallel Aware": false,
                                        "Index Name": "comp_cast_type_pkey",
                                        "Startup Cost": 0.0,
                                        "Total Cost": 0.14,
                                        "Plan Rows": 1,
                                        "Plan Width": 0,
                                        "Actual Startup Time": 0.0,
                                        "Actual Total Time": 0.0,
                                        "Actual Rows": 0,
                                        "Actual Loops": 0,
                                        "Index Cond": "(cct2.id = cc.status_id)"
                                    }
                                ]
                            }
                        ]
                    },
                    {
                        "Node Type": "Hash",
                        "Parent Relationship": "Inner",
                        "Parallel Aware": false,
                        "Startup Cost": 10000000002.41,
                        "Total Cost": 10000000002.41,
                        "Plan Rows": 1,
                        "Plan Width": 4,
                        "Actual Startup Time": 0.052,
                        "Actual Total Time": 0.052,
                        "Actual Rows": 1,
                        "Actual Loops": 1,
                        "Output": [
                            "it3.id"
                        ],
                        "Hash Buckets": 1024,
                        "Original Hash Buckets": 1024,
                        "Hash Batches": 1,
                        "Original Hash Batches": 1,
                        "Peak Memory Usage": 9,
                        "Plans": [
                            {
                                "Node Type": "Seq Scan",
                                "Parent Relationship": "Outer",
                                "Parallel Aware": false,
                                "Relation Name": "info_type",
                                "Schema": "public",
                                "Alias": "it3",
                                "Startup Cost": 10000000000.0,
                                "Total Cost": 10000000002.41,
                                "Plan Rows": 1,
                                "Plan Width": 4,
                                "Actual Startup Time": 0.035,
                                "Actual Total Time": 0.04,
                                "Actual Rows": 1,
                                "Actual Loops": 1,
                                "Output": [
                                    "it3.id"
                                ],
                                "Filter": "((it3.info)::text = 'height'::text)",
                                "Rows Removed by Filter": 112
                            }
                        ]
                    }
                ]
            }
        ]
    },
    "Planning Time": 2064.911,
    "Triggers": [],
    "Execution Time": 9169.331
}