{
  "Plan": {
    "Node Type": "Aggregate",
    "Strategy": "Plain",
    "Partial Mode": "Finalize",
    "Parallel Aware": false,
    "Startup Cost": 667287.99,
    "Total Cost": 667288.0,
    "Plan Rows": 1,
    "Plan Width": 8,
    "Actual Startup Time": 4129.899,
    "Actual Total Time": 4154.26,
    "Actual Rows": 1,
    "Actual Loops": 1,
    "Plans": [
      {
        "Node Type": "Gather",
        "Parent Relationship": "Outer",
        "Parallel Aware": false,
        "Startup Cost": 667287.88,
        "Total Cost": 667287.99,
        "Plan Rows": 1,
        "Plan Width": 8,
        "Actual Startup Time": 3609.864,
        "Actual Total Time": 4154.242,
        "Actual Rows": 2,
        "Actual Loops": 1,
        "Workers Planned": 1,
        "Workers Launched": 1,
        "Single Copy": false,
        "Plans": [
          {
            "Node Type": "Aggregate",
            "Strategy": "Plain",
            "Partial Mode": "Partial",
            "Parent Relationship": "Outer",
            "Parallel Aware": false,
            "Startup Cost": 666287.88,
            "Total Cost": 666287.89,
            "Plan Rows": 1,
            "Plan Width": 8,
            "Actual Startup Time": 3857.852,
            "Actual Total Time": 3857.86,
            "Actual Rows": 1,
            "Actual Loops": 2,
            "Plans": [
              {
                "Node Type": "Merge Join",
                "Parent Relationship": "Outer",
                "Parallel Aware": false,
                "Join Type": "Inner",
                "Startup Cost": 643783.1,
                "Total Cost": 664485.91,
                "Plan Rows": 720789,
                "Plan Width": 0,
                "Actual Startup Time": 2683.004,
                "Actual Total Time": 3629.109,
                "Actual Rows": 5442513,
                "Actual Loops": 2,
                "Inner Unique": false,
                "Merge Cond": "(mi.movie_id = t.id)",
                "Plans": [
                  {
                    "Node Type": "Sort",
                    "Parent Relationship": "Outer",
                    "Parallel Aware": false,
                    "Startup Cost": 359796.23,
                    "Total Cost": 363202.27,
                    "Plan Rows": 1362416,
                    "Plan Width": 4,
                    "Actual Startup Time": 594.353,
                    "Actual Total Time": 665.488,
                    "Actual Rows": 1116801,
                    "Actual Loops": 2,
                    "Sort Key": [
                      "mi.movie_id"
                    ],
                    "Sort Method": "quicksort",
                    "Sort Space Used": 117918,
                    "Sort Space Type": "Memory",
                    "Workers": [
                      {
                        "Worker Number": 0,
                        "Sort Method": "quicksort",
                        "Sort Space Used": 60522,
                        "Sort Space Type": "Memory"
                      }
                    ],
                    "Plans": [
                      {
                        "Node Type": "Bitmap Heap Scan",
                        "Parent Relationship": "Outer",
                        "Parallel Aware": true,
                        "Relation Name": "movie_info",
                        "Alias": "mi",
                        "Startup Cost": 41958.26,
                        "Total Cost": 220981.46,
                        "Plan Rows": 1362416,
                        "Plan Width": 4,
                        "Actual Startup Time": 95.547,
                        "Actual Total Time": 313.586,
                        "Actual Rows": 1116925,
                        "Actual Loops": 2,
                        "Recheck Cond": "(info_type_id > 16)",
                        "Rows Removed by Index Recheck": 0,
                        "Exact Heap Blocks": 34393,
                        "Lossy Heap Blocks": 0,
                        "Plans": [
                          {
                            "Node Type": "Bitmap Index Scan",
                            "Parent Relationship": "Outer",
                            "Parallel Aware": false,
                            "Index Name": "info_type_id_movie_info",
                            "Startup Cost": 0.0,
                            "Total Cost": 41379.24,
                            "Plan Rows": 2316107,
                            "Plan Width": 0,
                            "Actual Startup Time": 92.917,
                            "Actual Total Time": 92.919,
                            "Actual Rows": 2233850,
                            "Actual Loops": 1,
                            "Index Cond": "(info_type_id > 16)"
                          }
                        ]
                      }
                    ]
                  },
                  {
                    "Node Type": "Sort",
                    "Parent Relationship": "Inner",
                    "Parallel Aware": false,
                    "Startup Cost": 283986.74,
                    "Total Cost": 287330.74,
                    "Plan Rows": 1337600,
                    "Plan Width": 8,
                    "Actual Startup Time": 2088.639,
                    "Actual Total Time": 2328.405,
                    "Actual Rows": 6048498,
                    "Actual Loops": 2,
                    "Sort Key": [
                      "t.id"
                    ],
                    "Sort Method": "quicksort",
                    "Sort Space Used": 102561,
                    "Sort Space Type": "Memory",
                    "Workers": [
                      {
                        "Worker Number": 0,
                        "Sort Method": "quicksort",
                        "Sort Space Used": 102561,
                        "Sort Space Type": "Memory"
                      }
                    ],
                    "Plans": [
                      {
                        "Node Type": "Hash Join",
                        "Parent Relationship": "Outer",
                        "Parallel Aware": false,
                        "Join Type": "Inner",
                        "Startup Cost": 91908.43,
                        "Total Cost": 147877.81,
                        "Plan Rows": 1337600,
                        "Plan Width": 8,
                        "Actual Startup Time": 876.724,
                        "Actual Total Time": 1758.994,
                        "Actual Rows": 1139384,
                        "Actual Loops": 2,
                        "Inner Unique": true,
                        "Hash Cond": "(mc.movie_id = t.id)",
                        "Plans": [
                          {
                            "Node Type": "Seq Scan",
                            "Parent Relationship": "Outer",
                            "Parallel Aware": false,
                            "Relation Name": "movie_companies",
                            "Alias": "mc",
                            "Startup Cost": 0.0,
                            "Total Cost": 51404.11,
                            "Plan Rows": 1739148,
                            "Plan Width": 4,
                            "Actual Startup Time": 2.592,
                            "Actual Total Time": 302.575,
                            "Actual Rows": 1744662,
                            "Actual Loops": 2,
                            "Filter": "(company_id > 2560)",
                            "Rows Removed by Filter": 864467
                          },
                          {
                            "Node Type": "Hash",
                            "Parent Relationship": "Inner",
                            "Parallel Aware": false,
                            "Startup Cost": 67601.66,
                            "Total Cost": 67601.66,
                            "Plan Rows": 1944541,
                            "Plan Width": 4,
                            "Actual Startup Time": 864.31,
                            "Actual Total Time": 864.311,
                            "Actual Rows": 1932484,
                            "Actual Loops": 2,
                            "Hash Buckets": 2097152,
                            "Original Hash Buckets": 2097152,
                            "Hash Batches": 1,
                            "Original Hash Batches": 1,
                            "Peak Memory Usage": 84323,
                            "Plans": [
                              {
                                "Node Type": "Seq Scan",
                                "Parent Relationship": "Outer",
                                "Parallel Aware": false,
                                "Relation Name": "title",
                                "Alias": "t",
                                "Startup Cost": 0.0,
                                "Total Cost": 67601.66,
                                "Plan Rows": 1944541,
                                "Plan Width": 4,
                                "Actual Startup Time": 0.028,
                                "Actual Total Time": 381.481,
                                "Actual Rows": 1932484,
                                "Actual Loops": 2,
                                "Filter": "(production_year > 1980)",
                                "Rows Removed by Filter": 595828
                              }
                            ]
                          }
                        ]
                      }
                    ]
                  }
                ]
              }
            ]
          }
        ]
      }
    ]
  },
  "Planning Time": 0.856,
  "Triggers": [],
  "Execution Time": 4178.983
}