{
  "Plan": {
    "Node Type": "Aggregate",
    "Strategy": "Plain",
    "Partial Mode": "Finalize",
    "Parallel Aware": false,
    "Startup Cost": 651241.3,
    "Total Cost": 651241.31,
    "Plan Rows": 1,
    "Plan Width": 8,
    "Actual Startup Time": 2275.111,
    "Actual Total Time": 2328.633,
    "Actual Rows": 1,
    "Actual Loops": 1,
    "Plans": [
      {
        "Node Type": "Gather",
        "Parent Relationship": "Outer",
        "Parallel Aware": false,
        "Startup Cost": 651241.19,
        "Total Cost": 651241.3,
        "Plan Rows": 1,
        "Plan Width": 8,
        "Actual Startup Time": 2269.32,
        "Actual Total Time": 2328.623,
        "Actual Rows": 2,
        "Actual Loops": 1,
        "Workers Planned": 1,
        "Workers Launched": 1,
        "Single Copy": false,
        "Plans": [
          {
            "Node Type": "Aggregate",
            "Strategy": "Plain",
            "Partial Mode": "Partial",
            "Parent Relationship": "Outer",
            "Parallel Aware": false,
            "Startup Cost": 650241.19,
            "Total Cost": 650241.2,
            "Plan Rows": 1,
            "Plan Width": 8,
            "Actual Startup Time": 2263.05,
            "Actual Total Time": 2263.056,
            "Actual Rows": 1,
            "Actual Loops": 2,
            "Plans": [
              {
                "Node Type": "Hash Join",
                "Parent Relationship": "Outer",
                "Parallel Aware": true,
                "Join Type": "Inner",
                "Startup Cost": 352846.17,
                "Total Cost": 645520.48,
                "Plan Rows": 1888283,
                "Plan Width": 0,
                "Actual Startup Time": 686.783,
                "Actual Total Time": 2205.455,
                "Actual Rows": 1463720,
                "Actual Loops": 2,
                "Inner Unique": false,
                "Hash Cond": "(mi.movie_id = t.id)",
                "Plans": [
                  {
                    "Node Type": "Seq Scan",
                    "Parent Relationship": "Outer",
                    "Parallel Aware": true,
                    "Relation Name": "movie_info",
                    "Alias": "mi",
                    "Startup Cost": 0.0,
                    "Total Cost": 248955.74,
                    "Plan Rows": 8696274,
                    "Plan Width": 4,
                    "Actual Startup Time": 0.022,
                    "Actual Total Time": 620.793,
                    "Actual Rows": 7417860,
                    "Actual Loops": 2
                  },
                  {
                    "Node Type": "Hash",
                    "Parent Relationship": "Inner",
                    "Parallel Aware": true,
                    "Startup Cost": 348809.51,
                    "Total Cost": 348809.51,
                    "Plan Rows": 322933,
                    "Plan Width": 8,
                    "Actual Startup Time": 676.605,
                    "Actual Total Time": 676.609,
                    "Actual Rows": 106780,
                    "Actual Loops": 2,
                    "Hash Buckets": 1048576,
                    "Original Hash Buckets": 1048576,
                    "Hash Batches": 1,
                    "Original Hash Batches": 1,
                    "Peak Memory Usage": 16576,
                    "Plans": [
                      {
                        "Node Type": "Hash Join",
                        "Parent Relationship": "Outer",
                        "Parallel Aware": true,
                        "Join Type": "Inner",
                        "Startup Cost": 87886.54,
                        "Total Cost": 348809.51,
                        "Plan Rows": 322933,
                        "Plan Width": 8,
                        "Actual Startup Time": 573.324,
                        "Actual Total Time": 644.211,
                        "Actual Rows": 106780,
                        "Actual Loops": 2,
                        "Inner Unique": true,
                        "Hash Cond": "(ci.movie_id = t.id)",
                        "Plans": [
                          {
                            "Node Type": "Bitmap Heap Scan",
                            "Parent Relationship": "Outer",
                            "Parallel Aware": true,
                            "Relation Name": "cast_info",
                            "Alias": "ci",
                            "Startup Cost": 18425.84,
                            "Total Cost": 278501.11,
                            "Plan Rows": 322933,
                            "Plan Width": 4,
                            "Actual Startup Time": 62.055,
                            "Actual Total Time": 81.767,
                            "Actual Rows": 106780,
                            "Actual Loops": 2,
                            "Recheck Cond": "(person_id < 85983)",
                            "Rows Removed by Index Recheck": 0,
                            "Filter": "(role_id > 1)",
                            "Rows Removed by Filter": 302383,
                            "Exact Heap Blocks": 3889,
                            "Lossy Heap Blocks": 0,
                            "Plans": [
                              {
                                "Node Type": "Bitmap Index Scan",
                                "Parent Relationship": "Outer",
                                "Parallel Aware": false,
                                "Index Name": "person_id_cast_info",
                                "Startup Cost": 0.0,
                                "Total Cost": 18288.59,
                                "Plan Rows": 837337,
                                "Plan Width": 0,
                                "Actual Startup Time": 28.986,
                                "Actual Total Time": 28.986,
                                "Actual Rows": 818325,
                                "Actual Loops": 1,
                                "Index Cond": "(person_id < 85983)"
                              }
                            ]
                          },
                          {
                            "Node Type": "Hash",
                            "Parent Relationship": "Inner",
                            "Parallel Aware": true,
                            "Startup Cost": 50870.31,
                            "Total Cost": 50870.31,
                            "Plan Rows": 1487231,
                            "Plan Width": 4,
                            "Actual Startup Time": 495.518,
                            "Actual Total Time": 495.519,
                            "Actual Rows": 1264156,
                            "Actual Loops": 2,
                            "Hash Buckets": 4194304,
                            "Original Hash Buckets": 4194304,
                            "Hash Batches": 1,
                            "Original Hash Batches": 1,
                            "Peak Memory Usage": 131712,
                            "Plans": [
                              {
                                "Node Type": "Seq Scan",
                                "Parent Relationship": "Outer",
                                "Parallel Aware": true,
                                "Relation Name": "title",
                                "Alias": "t",
                                "Startup Cost": 0.0,
                                "Total Cost": 50870.31,
                                "Plan Rows": 1487231,
                                "Plan Width": 4,
                                "Actual Startup Time": 0.033,
                                "Actual Total Time": 150.912,
                                "Actual Rows": 1264156,
                                "Actual Loops": 2
                              }
                            ]
                          }
                        ]
                      }
                    ]
                  }
                ]
              }
            ]
          }
        ]
      }
    ]
  },
  "Planning Time": 0.934,
  "Triggers": [],
  "Execution Time": 2328.739
}