[
  {
    "Plan": {
      "Node Type": "Aggregate",
      "Strategy": "Plain",
      "Partial Mode": "Finalize",
      "Parallel Aware": false,
      "Startup Cost": 155244.62,
      "Total Cost": 155244.63,
      "Plan Rows": 1,
      "Plan Width": 8,
      "Actual Startup Time": 125.885,
      "Actual Total Time": 144.674,
      "Actual Rows": 1,
      "Actual Loops": 1,
      "Plans": [
        {
          "Node Type": "Gather",
          "Parent Relationship": "Outer",
          "Parallel Aware": false,
          "Startup Cost": 155244.2,
          "Total Cost": 155244.61,
          "Plan Rows": 4,
          "Plan Width": 8,
          "Actual Startup Time": 125.755,
          "Actual Total Time": 144.667,
          "Actual Rows": 5,
          "Actual Loops": 1,
          "Workers Planned": 4,
          "Workers Launched": 4,
          "Single Copy": false,
          "Plans": [
            {
              "Node Type": "Aggregate",
              "Strategy": "Plain",
              "Partial Mode": "Partial",
              "Parent Relationship": "Outer",
              "Parallel Aware": false,
              "Startup Cost": 154244.2,
              "Total Cost": 154244.21,
              "Plan Rows": 1,
              "Plan Width": 8,
              "Actual Startup Time": 116.445,
              "Actual Total Time": 116.446,
              "Actual Rows": 1,
              "Actual Loops": 5,
              "Plans": [
                {
                  "Node Type": "Nested Loop",
                  "Parent Relationship": "Outer",
                  "Parallel Aware": false,
                  "Join Type": "Inner",
                  "Startup Cost": 0.43,
                  "Total Cost": 154230.63,
                  "Plan Rows": 5429,
                  "Plan Width": 0,
                  "Actual Startup Time": 58.312,
                  "Actual Total Time": 115.621,
                  "Actual Rows": 10281,
                  "Actual Loops": 5,
                  "Inner Unique": false,
                  "Plans": [
                    {
                      "Node Type": "Seq Scan",
                      "Parent Relationship": "Outer",
                      "Parallel Aware": true,
                      "Relation Name": "title",
                      "Alias": "t",
                      "Startup Cost": 0.0,
                      "Total Cost": 45479.1,
                      "Plan Rows": 928,
                      "Plan Width": 4,
                      "Actual Startup Time": 58.211,
                      "Actual Total Time": 83.691,
                      "Actual Rows": 876,
                      "Actual Loops": 5,
                      "Filter": "((kind_id = 1) AND (production_year = 1979))",
                      "Rows Removed by Filter": 504786
                    },
                    {
                      "Node Type": "Index Only Scan",
                      "Parent Relationship": "Inner",
                      "Parallel Aware": false,
                      "Scan Direction": "Forward",
                      "Index Name": "movie_id_movie_info",
                      "Relation Name": "movie_info",
                      "Alias": "mi",
                      "Startup Cost": 0.43,
                      "Total Cost": 116.77,
                      "Plan Rows": 42,
                      "Plan Width": 4,
                      "Actual Startup Time": 0.013,
                      "Actual Total Time": 0.035,
                      "Actual Rows": 12,
                      "Actual Loops": 4382,
                      "Index Cond": "(movie_id = t.id)",
                      "Rows Removed by Index Recheck": 0,
                      "Heap Fetches": 51407
                    }
                  ]
                }
              ]
            }
          ]
        }
      ]
    },
    "Planning Time": 0.565,
    "Triggers": [],
    "Execution Time": 144.74
  }
]