[
  {
    "Plan": {
      "Node Type": "Aggregate",
      "Strategy": "Plain",
      "Partial Mode": "Finalize",
      "Parallel Aware": false,
      "Startup Cost": 281647.77,
      "Total Cost": 281647.78,
      "Plan Rows": 1,
      "Plan Width": 8,
      "Actual Startup Time": 114.476,
      "Actual Total Time": 121.94,
      "Actual Rows": 1,
      "Actual Loops": 1,
      "Plans": [
        {
          "Node Type": "Gather",
          "Parent Relationship": "Outer",
          "Parallel Aware": false,
          "Startup Cost": 281647.15,
          "Total Cost": 281647.76,
          "Plan Rows": 6,
          "Plan Width": 8,
          "Actual Startup Time": 114.113,
          "Actual Total Time": 121.928,
          "Actual Rows": 7,
          "Actual Loops": 1,
          "Workers Planned": 6,
          "Workers Launched": 6,
          "Single Copy": false,
          "Plans": [
            {
              "Node Type": "Aggregate",
              "Strategy": "Plain",
              "Partial Mode": "Partial",
              "Parent Relationship": "Outer",
              "Parallel Aware": false,
              "Startup Cost": 280647.15,
              "Total Cost": 280647.16,
              "Plan Rows": 1,
              "Plan Width": 8,
              "Actual Startup Time": 106.101,
              "Actual Total Time": 106.103,
              "Actual Rows": 1,
              "Actual Loops": 7,
              "Plans": [
                {
                  "Node Type": "Bitmap Heap Scan",
                  "Parent Relationship": "Outer",
                  "Parallel Aware": true,
                  "Relation Name": "cast_info",
                  "Alias": "ci",
                  "Startup Cost": 24776.02,
                  "Total Cost": 280275.1,
                  "Plan Rows": 148821,
                  "Plan Width": 0,
                  "Actual Startup Time": 38.053,
                  "Actual Total Time": 96.226,
                  "Actual Rows": 149354,
                  "Actual Loops": 7,
                  "Recheck Cond": "(person_id < 118585)",
                  "Rows Removed by Index Recheck": 0,
                  "Filter": "(role_id < 8)",
                  "Rows Removed by Filter": 16617,
                  "Exact Heap Blocks": 3295,
                  "Lossy Heap Blocks": 0,
                  "Plans": [
                    {
                      "Node Type": "Bitmap Index Scan",
                      "Parent Relationship": "Outer",
                      "Parallel Aware": false,
                      "Index Name": "person_id_cast_info",
                      "Startup Cost": 0.0,
                      "Total Cost": 24552.79,
                      "Plan Rows": 1124830,
                      "Plan Width": 0,
                      "Actual Startup Time": 42.384,
                      "Actual Total Time": 42.385,
                      "Actual Rows": 1161800,
                      "Actual Loops": 1,
                      "Index Cond": "(person_id < 118585)"
                    }
                  ]
                }
              ]
            }
          ]
        }
      ]
    },
    "Planning Time": 0.125,
    "Triggers": [],
    "Execution Time": 121.985
  }
]