[
  {
    "Plan": {
      "Node Type": "Aggregate",
      "Strategy": "Plain",
      "Partial Mode": "Simple",
      "Parallel Aware": false,
      "Startup Cost": 20236.72,
      "Total Cost": 20236.73,
      "Plan Rows": 1,
      "Plan Width": 8,
      "Actual Startup Time": 11.847,
      "Actual Total Time": 11.849,
      "Actual Rows": 1,
      "Actual Loops": 1,
      "Plans": [
        {
          "Node Type": "Bitmap Heap Scan",
          "Parent Relationship": "Outer",
          "Parallel Aware": false,
          "Relation Name": "movie_companies",
          "Alias": "mc",
          "Startup Cost": 423.73,
          "Total Cost": 20187.91,
          "Plan Rows": 19523,
          "Plan Width": 0,
          "Actual Startup Time": 2.436,
          "Actual Total Time": 9.663,
          "Actual Rows": 17993,
          "Actual Loops": 1,
          "Recheck Cond": "(company_id > 218114)",
          "Rows Removed by Index Recheck": 0,
          "Exact Heap Blocks": 787,
          "Lossy Heap Blocks": 0,
          "Plans": [
            {
              "Node Type": "Bitmap Index Scan",
              "Parent Relationship": "Outer",
              "Parallel Aware": false,
              "Index Name": "company_id_movie_companies",
              "Startup Cost": 0.0,
              "Total Cost": 418.85,
              "Plan Rows": 19523,
              "Plan Width": 0,
              "Actual Startup Time": 2.203,
              "Actual Total Time": 2.203,
              "Actual Rows": 17993,
              "Actual Loops": 1,
              "Index Cond": "(company_id > 218114)"
            }
          ]
        }
      ]
    },
    "Planning Time": 0.259,
    "Triggers": [],
    "Execution Time": 11.909
  }
]