{
  "Plan": {
    "Node Type": "Aggregate",
    "Strategy": "Plain",
    "Partial Mode": "Finalize",
    "Parallel Aware": false,
    "Startup Cost": 116050.9,
    "Total Cost": 116050.91,
    "Plan Rows": 1,
    "Plan Width": 8,
    "Actual Startup Time": 545.747,
    "Actual Total Time": 562.276,
    "Actual Rows": 1,
    "Actual Loops": 1,
    "Plans": [
      {
        "Node Type": "Gather",
        "Parent Relationship": "Outer",
        "Parallel Aware": false,
        "Startup Cost": 116050.79,
        "Total Cost": 116050.9,
        "Plan Rows": 1,
        "Plan Width": 8,
        "Actual Startup Time": 545.121,
        "Actual Total Time": 562.268,
        "Actual Rows": 2,
        "Actual Loops": 1,
        "Workers Planned": 1,
        "Workers Launched": 1,
        "Single Copy": false,
        "Plans": [
          {
            "Node Type": "Aggregate",
            "Strategy": "Plain",
            "Partial Mode": "Partial",
            "Parent Relationship": "Outer",
            "Parallel Aware": false,
            "Startup Cost": 115050.79,
            "Total Cost": 115050.8,
            "Plan Rows": 1,
            "Plan Width": 8,
            "Actual Startup Time": 539.456,
            "Actual Total Time": 539.46,
            "Actual Rows": 1,
            "Actual Loops": 2,
            "Plans": [
              {
                "Node Type": "Hash Join",
                "Parent Relationship": "Outer",
                "Parallel Aware": true,
                "Join Type": "Inner",
                "Startup Cost": 56364.38,
                "Total Cost": 114415.22,
                "Plan Rows": 254226,
                "Plan Width": 0,
                "Actual Startup Time": 172.284,
                "Actual Total Time": 524.85,
                "Actual Rows": 371426,
                "Actual Loops": 2,
                "Inner Unique": true,
                "Hash Cond": "(mk.movie_id = t.id)",
                "Plans": [
                  {
                    "Node Type": "Seq Scan",
                    "Parent Relationship": "Outer",
                    "Parallel Aware": true,
                    "Relation Name": "movie_keyword",
                    "Alias": "mk",
                    "Startup Cost": 0.0,
                    "Total Cost": 51065.35,
                    "Plan Rows": 2661135,
                    "Plan Width": 4,
                    "Actual Startup Time": 0.01,
                    "Actual Total Time": 149.847,
                    "Actual Rows": 2261965,
                    "Actual Loops": 2
                  },
                  {
                    "Node Type": "Hash",
                    "Parent Relationship": "Inner",
                    "Parallel Aware": true,
                    "Startup Cost": 54588.39,
                    "Total Cost": 54588.39,
                    "Plan Rows": 142079,
                    "Plan Width": 4,
                    "Actual Startup Time": 168.437,
                    "Actual Total Time": 168.438,
                    "Actual Rows": 126260,
                    "Actual Loops": 2,
                    "Hash Buckets": 262144,
                    "Original Hash Buckets": 262144,
                    "Hash Batches": 1,
                    "Original Hash Batches": 1,
                    "Peak Memory Usage": 11968,
                    "Plans": [
                      {
                        "Node Type": "Seq Scan",
                        "Parent Relationship": "Outer",
                        "Parallel Aware": true,
                        "Relation Name": "title",
                        "Alias": "t",
                        "Startup Cost": 0.0,
                        "Total Cost": 54588.39,
                        "Plan Rows": 142079,
                        "Plan Width": 4,
                        "Actual Startup Time": 0.042,
                        "Actual Total Time": 139.181,
                        "Actual Rows": 126260,
                        "Actual Loops": 2,
                        "Filter": "(production_year < 1961)",
                        "Rows Removed by Filter": 1137896
                      }
                    ]
                  }
                ]
              }
            ]
          }
        ]
      }
    ]
  },
  "Planning Time": 0.405,
  "Triggers": [],
  "Execution Time": 562.343
}