[
  {
    "Plan": {
      "Node Type": "Aggregate",
      "Strategy": "Plain",
      "Partial Mode": "Finalize",
      "Parallel Aware": false,
      "Startup Cost": 47080.17,
      "Total Cost": 47080.18,
      "Plan Rows": 1,
      "Plan Width": 8,
      "Actual Startup Time": 106.333,
      "Actual Total Time": 118.163,
      "Actual Rows": 1,
      "Actual Loops": 1,
      "Plans": [
        {
          "Node Type": "Gather",
          "Parent Relationship": "Outer",
          "Parallel Aware": false,
          "Startup Cost": 47079.75,
          "Total Cost": 47080.16,
          "Plan Rows": 4,
          "Plan Width": 8,
          "Actual Startup Time": 106.178,
          "Actual Total Time": 118.155,
          "Actual Rows": 5,
          "Actual Loops": 1,
          "Workers Planned": 4,
          "Workers Launched": 4,
          "Single Copy": false,
          "Plans": [
            {
              "Node Type": "Aggregate",
              "Strategy": "Plain",
              "Partial Mode": "Partial",
              "Parent Relationship": "Outer",
              "Parallel Aware": false,
              "Startup Cost": 46079.75,
              "Total Cost": 46079.76,
              "Plan Rows": 1,
              "Plan Width": 8,
              "Actual Startup Time": 99.38,
              "Actual Total Time": 99.381,
              "Actual Rows": 1,
              "Actual Loops": 5,
              "Plans": [
                {
                  "Node Type": "Seq Scan",
                  "Parent Relationship": "Outer",
                  "Parallel Aware": true,
                  "Relation Name": "title",
                  "Alias": "t",
                  "Startup Cost": 0.0,
                  "Total Cost": 45479.1,
                  "Plan Rows": 240262,
                  "Plan Width": 0,
                  "Actual Startup Time": 0.038,
                  "Actual Total Time": 90.375,
                  "Actual Rows": 194018,
                  "Actual Loops": 5,
                  "Filter": "((kind_id < 7) AND (production_year > 1900))",
                  "Rows Removed by Filter": 311644
                }
              ]
            }
          ]
        }
      ]
    },
    "Planning Time": 0.19,
    "Triggers": [],
    "Execution Time": 118.221
  }
]