[
  {
    "Plan": {
      "Node Type": "Aggregate",
      "Strategy": "Plain",
      "Partial Mode": "Finalize",
      "Parallel Aware": false,
      "Startup Cost": 45319.91,
      "Total Cost": 45319.92,
      "Plan Rows": 1,
      "Plan Width": 8,
      "Actual Startup Time": 143.044,
      "Actual Total Time": 152.739,
      "Actual Rows": 1,
      "Actual Loops": 1,
      "Plans": [
        {
          "Node Type": "Gather",
          "Parent Relationship": "Outer",
          "Parallel Aware": false,
          "Startup Cost": 45319.59,
          "Total Cost": 45319.9,
          "Plan Rows": 3,
          "Plan Width": 8,
          "Actual Startup Time": 142.928,
          "Actual Total Time": 152.731,
          "Actual Rows": 4,
          "Actual Loops": 1,
          "Workers Planned": 3,
          "Workers Launched": 3,
          "Single Copy": false,
          "Plans": [
            {
              "Node Type": "Aggregate",
              "Strategy": "Plain",
              "Partial Mode": "Partial",
              "Parent Relationship": "Outer",
              "Parallel Aware": false,
              "Startup Cost": 44319.59,
              "Total Cost": 44319.6,
              "Plan Rows": 1,
              "Plan Width": 8,
              "Actual Startup Time": 136.141,
              "Actual Total Time": 136.142,
              "Actual Rows": 1,
              "Actual Loops": 4,
              "Plans": [
                {
                  "Node Type": "Seq Scan",
                  "Parent Relationship": "Outer",
                  "Parallel Aware": true,
                  "Relation Name": "movie_keyword",
                  "Alias": "mk",
                  "Startup Cost": 0.0,
                  "Total Cost": 42695.65,
                  "Plan Rows": 649575,
                  "Plan Width": 0,
                  "Actual Startup Time": 0.057,
                  "Actual Total Time": 112.683,
                  "Actual Rows": 504631,
                  "Actual Loops": 4,
                  "Filter": "(keyword_id < 3617)",
                  "Rows Removed by Filter": 626351
                }
              ]
            }
          ]
        }
      ]
    },
    "Planning Time": 0.187,
    "Triggers": [],
    "Execution Time": 152.793
  }
]