[
  {
    "Plan": {
      "Node Type": "Aggregate",
      "Strategy": "Plain",
      "Partial Mode": "Finalize",
      "Parallel Aware": false,
      "Startup Cost": 33373.81,
      "Total Cost": 33373.82,
      "Plan Rows": 1,
      "Plan Width": 8,
      "Actual Startup Time": 114.148,
      "Actual Total Time": 122.366,
      "Actual Rows": 1,
      "Actual Loops": 1,
      "Plans": [
        {
          "Node Type": "Gather",
          "Parent Relationship": "Outer",
          "Parallel Aware": false,
          "Startup Cost": 33373.5,
          "Total Cost": 33373.81,
          "Plan Rows": 3,
          "Plan Width": 8,
          "Actual Startup Time": 113.911,
          "Actual Total Time": 122.358,
          "Actual Rows": 4,
          "Actual Loops": 1,
          "Workers Planned": 3,
          "Workers Launched": 3,
          "Single Copy": false,
          "Plans": [
            {
              "Node Type": "Aggregate",
              "Strategy": "Plain",
              "Partial Mode": "Partial",
              "Parent Relationship": "Outer",
              "Parallel Aware": false,
              "Startup Cost": 32373.5,
              "Total Cost": 32373.51,
              "Plan Rows": 1,
              "Plan Width": 8,
              "Actual Startup Time": 105.149,
              "Actual Total Time": 105.15,
              "Actual Rows": 1,
              "Actual Loops": 4,
              "Plans": [
                {
                  "Node Type": "Seq Scan",
                  "Parent Relationship": "Outer",
                  "Parallel Aware": true,
                  "Relation Name": "movie_companies",
                  "Alias": "mc",
                  "Startup Cost": 0.0,
                  "Total Cost": 31414.82,
                  "Plan Rows": 383471,
                  "Plan Width": 0,
                  "Actual Startup Time": 51.493,
                  "Actual Total Time": 91.203,
                  "Actual Rows": 317704,
                  "Actual Loops": 4,
                  "Filter": "((company_id > 145) AND (company_type_id > 1))",
                  "Rows Removed by Filter": 334578
                }
              ]
            }
          ]
        }
      ]
    },
    "Planning Time": 0.225,
    "Triggers": [],
    "Execution Time": 122.423
  }
]