[
  {
    "Plan": {
      "Node Type": "Aggregate",
      "Strategy": "Plain",
      "Partial Mode": "Finalize",
      "Parallel Aware": false,
      "Startup Cost": 346168.32,
      "Total Cost": 346168.33,
      "Plan Rows": 1,
      "Plan Width": 8,
      "Actual Startup Time": 666.56,
      "Actual Total Time": 723.057,
      "Actual Rows": 1,
      "Actual Loops": 1,
      "Plans": [
        {
          "Node Type": "Gather",
          "Parent Relationship": "Outer",
          "Parallel Aware": false,
          "Startup Cost": 346167.69,
          "Total Cost": 346168.3,
          "Plan Rows": 6,
          "Plan Width": 8,
          "Actual Startup Time": 666.308,
          "Actual Total Time": 723.047,
          "Actual Rows": 7,
          "Actual Loops": 1,
          "Workers Planned": 6,
          "Workers Launched": 6,
          "Single Copy": false,
          "Plans": [
            {
              "Node Type": "Aggregate",
              "Strategy": "Plain",
              "Partial Mode": "Partial",
              "Parent Relationship": "Outer",
              "Parallel Aware": false,
              "Startup Cost": 345167.69,
              "Total Cost": 345167.7,
              "Plan Rows": 1,
              "Plan Width": 8,
              "Actual Startup Time": 656.857,
              "Actual Total Time": 656.859,
              "Actual Rows": 1,
              "Actual Loops": 7,
              "Plans": [
                {
                  "Node Type": "Seq Scan",
                  "Parent Relationship": "Outer",
                  "Parallel Aware": true,
                  "Relation Name": "cast_info",
                  "Alias": "ci",
                  "Startup Cost": 0.0,
                  "Total Cost": 343257.03,
                  "Plan Rows": 764266,
                  "Plan Width": 0,
                  "Actual Startup Time": 380.615,
                  "Actual Total Time": 615.567,
                  "Actual Rows": 978925,
                  "Actual Loops": 7,
                  "Filter": "((person_id > 2978021) AND (role_id > 1))",
                  "Rows Removed by Filter": 4198838
                }
              ]
            }
          ]
        }
      ]
    },
    "Planning Time": 0.214,
    "Triggers": [],
    "Execution Time": 723.128
  }
]