[
  {
    "Plan": {
      "Node Type": "Aggregate",
      "Strategy": "Plain",
      "Partial Mode": "Finalize",
      "Parallel Aware": false,
      "Startup Cost": 44661.44,
      "Total Cost": 44661.45,
      "Plan Rows": 1,
      "Plan Width": 8,
      "Actual Startup Time": 137.579,
      "Actual Total Time": 149.672,
      "Actual Rows": 1,
      "Actual Loops": 1,
      "Plans": [
        {
          "Node Type": "Gather",
          "Parent Relationship": "Outer",
          "Parallel Aware": false,
          "Startup Cost": 44661.12,
          "Total Cost": 44661.43,
          "Plan Rows": 3,
          "Plan Width": 8,
          "Actual Startup Time": 137.415,
          "Actual Total Time": 149.659,
          "Actual Rows": 4,
          "Actual Loops": 1,
          "Workers Planned": 3,
          "Workers Launched": 3,
          "Single Copy": false,
          "Plans": [
            {
              "Node Type": "Aggregate",
              "Strategy": "Plain",
              "Partial Mode": "Partial",
              "Parent Relationship": "Outer",
              "Parallel Aware": false,
              "Startup Cost": 43661.12,
              "Total Cost": 43661.13,
              "Plan Rows": 1,
              "Plan Width": 8,
              "Actual Startup Time": 131.983,
              "Actual Total Time": 131.984,
              "Actual Rows": 1,
              "Actual Loops": 4,
              "Plans": [
                {
                  "Node Type": "Seq Scan",
                  "Parent Relationship": "Outer",
                  "Parallel Aware": true,
                  "Relation Name": "movie_keyword",
                  "Alias": "mk",
                  "Startup Cost": 0.0,
                  "Total Cost": 42695.65,
                  "Plan Rows": 386188,
                  "Plan Width": 0,
                  "Actual Startup Time": 0.886,
                  "Actual Total Time": 115.496,
                  "Actual Rows": 300132,
                  "Actual Loops": 4,
                  "Filter": "(keyword_id > 15315)",
                  "Rows Removed by Filter": 830850
                }
              ]
            }
          ]
        }
      ]
    },
    "Planning Time": 0.185,
    "Triggers": [],
    "Execution Time": 149.724
  }
]