[
  {
    "Plan": {
      "Node Type": "Aggregate",
      "Strategy": "Plain",
      "Partial Mode": "Finalize",
      "Parallel Aware": false,
      "Startup Cost": 44730.87,
      "Total Cost": 44730.88,
      "Plan Rows": 1,
      "Plan Width": 8,
      "Actual Startup Time": 122.032,
      "Actual Total Time": 131.437,
      "Actual Rows": 1,
      "Actual Loops": 1,
      "Plans": [
        {
          "Node Type": "Gather",
          "Parent Relationship": "Outer",
          "Parallel Aware": false,
          "Startup Cost": 44730.56,
          "Total Cost": 44730.87,
          "Plan Rows": 3,
          "Plan Width": 8,
          "Actual Startup Time": 121.92,
          "Actual Total Time": 131.429,
          "Actual Rows": 4,
          "Actual Loops": 1,
          "Workers Planned": 3,
          "Workers Launched": 3,
          "Single Copy": false,
          "Plans": [
            {
              "Node Type": "Aggregate",
              "Strategy": "Plain",
              "Partial Mode": "Partial",
              "Parent Relationship": "Outer",
              "Parallel Aware": false,
              "Startup Cost": 43730.56,
              "Total Cost": 43730.57,
              "Plan Rows": 1,
              "Plan Width": 8,
              "Actual Startup Time": 117.262,
              "Actual Total Time": 117.263,
              "Actual Rows": 1,
              "Actual Loops": 4,
              "Plans": [
                {
                  "Node Type": "Seq Scan",
                  "Parent Relationship": "Outer",
                  "Parallel Aware": true,
                  "Relation Name": "movie_keyword",
                  "Alias": "mk",
                  "Startup Cost": 0.0,
                  "Total Cost": 42695.65,
                  "Plan Rows": 413961,
                  "Plan Width": 0,
                  "Actual Startup Time": 0.039,
                  "Actual Total Time": 102.053,
                  "Actual Rows": 322973,
                  "Actual Loops": 4,
                  "Filter": "(keyword_id < 1678)",
                  "Rows Removed by Filter": 808010
                }
              ]
            }
          ]
        }
      ]
    },
    "Planning Time": 0.147,
    "Triggers": [],
    "Execution Time": 131.481
  }
]