[
    {
        "Bao": {
            "Bao prediction": 437.745,
            "Bao recommended hint": "(no hint)"
        }
    },
    {
        "Plan": {
            "Node Type": "Aggregate",
            "Strategy": "Plain",
            "Partial Mode": "Finalize",
            "Parallel Aware": false,
            "Startup Cost": 32652.02,
            "Total Cost": 32652.03,
            "Plan Rows": 1,
            "Plan Width": 8,
            "Actual Startup Time": 104.035,
            "Actual Total Time": 111.393,
            "Actual Rows": 1,
            "Actual Loops": 1,
            "Output": [
                "count(*)"
            ],
            "Plans": [
                {
                    "Node Type": "Gather",
                    "Parent Relationship": "Outer",
                    "Parallel Aware": false,
                    "Startup Cost": 32651.7,
                    "Total Cost": 32652.01,
                    "Plan Rows": 3,
                    "Plan Width": 8,
                    "Actual Startup Time": 103.901,
                    "Actual Total Time": 111.386,
                    "Actual Rows": 4,
                    "Actual Loops": 1,
                    "Output": [
                        "(PARTIAL count(*))"
                    ],
                    "Workers Planned": 3,
                    "Workers Launched": 3,
                    "Single Copy": false,
                    "Plans": [
                        {
                            "Node Type": "Aggregate",
                            "Strategy": "Plain",
                            "Partial Mode": "Partial",
                            "Parent Relationship": "Outer",
                            "Parallel Aware": false,
                            "Startup Cost": 31651.7,
                            "Total Cost": 31651.71,
                            "Plan Rows": 1,
                            "Plan Width": 8,
                            "Actual Startup Time": 96.122,
                            "Actual Total Time": 96.123,
                            "Actual Rows": 1,
                            "Actual Loops": 4,
                            "Output": [
                                "PARTIAL count(*)"
                            ],
                            "Workers": [
                                {
                                    "Worker Number": 0,
                                    "Actual Startup Time": 93.303,
                                    "Actual Total Time": 93.305,
                                    "Actual Rows": 1,
                                    "Actual Loops": 1
                                },
                                {
                                    "Worker Number": 1,
                                    "Actual Startup Time": 93.787,
                                    "Actual Total Time": 93.788,
                                    "Actual Rows": 1,
                                    "Actual Loops": 1
                                },
                                {
                                    "Worker Number": 2,
                                    "Actual Startup Time": 94.092,
                                    "Actual Total Time": 94.093,
                                    "Actual Rows": 1,
                                    "Actual Loops": 1
                                }
                            ],
                            "Plans": [
                                {
                                    "Node Type": "Seq Scan",
                                    "Parent Relationship": "Outer",
                                    "Parallel Aware": true,
                                    "Relation Name": "movie_companies",
                                    "Schema": "public",
                                    "Alias": "mc",
                                    "Startup Cost": 0.0,
                                    "Total Cost": 31414.82,
                                    "Plan Rows": 94753,
                                    "Plan Width": 0,
                                    "Actual Startup Time": 48.184,
                                    "Actual Total Time": 88.072,
                                    "Actual Rows": 143517,
                                    "Actual Loops": 4,
                                    "Output": [
                                        "id",
                                        "movie_id",
                                        "company_id",
                                        "company_type_id",
                                        "note"
                                    ],
                                    "Filter": "((mc.company_id > 71220) AND (mc.company_type_id > 1))",
                                    "Rows Removed by Filter": 508766,
                                    "Workers": [
                                        {
                                            "Worker Number": 0,
                                            "Actual Startup Time": 45.37,
                                            "Actual Total Time": 85.475,
                                            "Actual Rows": 116510,
                                            "Actual Loops": 1
                                        },
                                        {
                                            "Worker Number": 1,
                                            "Actual Startup Time": 45.85,
                                            "Actual Total Time": 85.978,
                                            "Actual Rows": 116618,
                                            "Actual Loops": 1
                                        },
                                        {
                                            "Worker Number": 2,
                                            "Actual Startup Time": 46.152,
                                            "Actual Total Time": 86.24,
                                            "Actual Rows": 117316,
                                            "Actual Loops": 1
                                        }
                                    ]
                                }
                            ]
                        }
                    ]
                }
            ]
        },
        "Planning Time": 1305.09,
        "Triggers": [],
        "Execution Time": 111.522
    }
]