[
  {
    "Plan": {
      "Node Type": "Aggregate",
      "Strategy": "Plain",
      "Partial Mode": "Finalize",
      "Parallel Aware": false,
      "Startup Cost": 337362.73,
      "Total Cost": 337362.74,
      "Plan Rows": 1,
      "Plan Width": 8,
      "Actual Startup Time": 723.95,
      "Actual Total Time": 779.432,
      "Actual Rows": 1,
      "Actual Loops": 1,
      "Plans": [
        {
          "Node Type": "Gather",
          "Parent Relationship": "Outer",
          "Parallel Aware": false,
          "Startup Cost": 337362.11,
          "Total Cost": 337362.72,
          "Plan Rows": 6,
          "Plan Width": 8,
          "Actual Startup Time": 723.811,
          "Actual Total Time": 779.421,
          "Actual Rows": 7,
          "Actual Loops": 1,
          "Workers Planned": 6,
          "Workers Launched": 6,
          "Single Copy": false,
          "Plans": [
            {
              "Node Type": "Aggregate",
              "Strategy": "Plain",
              "Partial Mode": "Partial",
              "Parent Relationship": "Outer",
              "Parallel Aware": false,
              "Startup Cost": 336362.11,
              "Total Cost": 336362.12,
              "Plan Rows": 1,
              "Plan Width": 8,
              "Actual Startup Time": 713.226,
              "Actual Total Time": 713.227,
              "Actual Rows": 1,
              "Actual Loops": 7,
              "Plans": [
                {
                  "Node Type": "Seq Scan",
                  "Parent Relationship": "Outer",
                  "Parallel Aware": true,
                  "Relation Name": "cast_info",
                  "Alias": "ci",
                  "Startup Cost": 0.0,
                  "Total Cost": 328162.03,
                  "Plan Rows": 3280032,
                  "Plan Width": 0,
                  "Actual Startup Time": 0.054,
                  "Actual Total Time": 591.005,
                  "Actual Rows": 2820786,
                  "Actual Loops": 7,
                  "Filter": "(person_id < 1979639)",
                  "Rows Removed by Filter": 2356977
                }
              ]
            }
          ]
        }
      ]
    },
    "Planning Time": 0.174,
    "Triggers": [],
    "Execution Time": 779.499
  }
]