[
  {
    "Plan": {
      "Node Type": "Aggregate",
      "Strategy": "Plain",
      "Partial Mode": "Finalize",
      "Parallel Aware": false,
      "Startup Cost": 333668.62,
      "Total Cost": 333668.63,
      "Plan Rows": 1,
      "Plan Width": 8,
      "Actual Startup Time": 682.869,
      "Actual Total Time": 732.562,
      "Actual Rows": 1,
      "Actual Loops": 1,
      "Plans": [
        {
          "Node Type": "Gather",
          "Parent Relationship": "Outer",
          "Parallel Aware": false,
          "Startup Cost": 333667.99,
          "Total Cost": 333668.6,
          "Plan Rows": 6,
          "Plan Width": 8,
          "Actual Startup Time": 682.465,
          "Actual Total Time": 732.55,
          "Actual Rows": 7,
          "Actual Loops": 1,
          "Workers Planned": 6,
          "Workers Launched": 6,
          "Single Copy": false,
          "Plans": [
            {
              "Node Type": "Aggregate",
              "Strategy": "Plain",
              "Partial Mode": "Partial",
              "Parent Relationship": "Outer",
              "Parallel Aware": false,
              "Startup Cost": 332667.99,
              "Total Cost": 332668.0,
              "Plan Rows": 1,
              "Plan Width": 8,
              "Actual Startup Time": 673.613,
              "Actual Total Time": 673.614,
              "Actual Rows": 1,
              "Actual Loops": 7,
              "Plans": [
                {
                  "Node Type": "Seq Scan",
                  "Parent Relationship": "Outer",
                  "Parallel Aware": true,
                  "Relation Name": "cast_info",
                  "Alias": "ci",
                  "Startup Cost": 0.0,
                  "Total Cost": 328211.39,
                  "Plan Rows": 1782641,
                  "Plan Width": 0,
                  "Actual Startup Time": 0.056,
                  "Actual Total Time": 589.73,
                  "Actual Rows": 1533004,
                  "Actual Loops": 7,
                  "Filter": "(person_id < 1052874)",
                  "Rows Removed by Filter": 3644759
                }
              ]
            }
          ]
        }
      ]
    },
    "Planning Time": 0.092,
    "Triggers": [],
    "Execution Time": 732.601
  }
]