[
  {
    "Plan": {
      "Node Type": "Aggregate",
      "Strategy": "Plain",
      "Partial Mode": "Finalize",
      "Parallel Aware": false,
      "Startup Cost": 33357.91,
      "Total Cost": 33357.92,
      "Plan Rows": 1,
      "Plan Width": 8,
      "Actual Startup Time": 91.745,
      "Actual Total Time": 98.255,
      "Actual Rows": 1,
      "Actual Loops": 1,
      "Plans": [
        {
          "Node Type": "Gather",
          "Parent Relationship": "Outer",
          "Parallel Aware": false,
          "Startup Cost": 33357.6,
          "Total Cost": 33357.91,
          "Plan Rows": 3,
          "Plan Width": 8,
          "Actual Startup Time": 91.651,
          "Actual Total Time": 98.247,
          "Actual Rows": 4,
          "Actual Loops": 1,
          "Workers Planned": 3,
          "Workers Launched": 3,
          "Single Copy": false,
          "Plans": [
            {
              "Node Type": "Aggregate",
              "Strategy": "Plain",
              "Partial Mode": "Partial",
              "Parent Relationship": "Outer",
              "Parallel Aware": false,
              "Startup Cost": 32357.6,
              "Total Cost": 32357.61,
              "Plan Rows": 1,
              "Plan Width": 8,
              "Actual Startup Time": 87.398,
              "Actual Total Time": 87.399,
              "Actual Rows": 1,
              "Actual Loops": 4,
              "Plans": [
                {
                  "Node Type": "Seq Scan",
                  "Parent Relationship": "Outer",
                  "Parallel Aware": true,
                  "Relation Name": "movie_companies",
                  "Alias": "mc",
                  "Startup Cost": 0.0,
                  "Total Cost": 31414.82,
                  "Plan Rows": 377111,
                  "Plan Width": 0,
                  "Actual Startup Time": 41.776,
                  "Actual Total Time": 76.512,
                  "Actual Rows": 252082,
                  "Actual Loops": 4,
                  "Filter": "((company_id < 91361) AND (company_type_id = 2))",
                  "Rows Removed by Filter": 400200
                }
              ]
            }
          ]
        }
      ]
    },
    "Planning Time": 0.133,
    "Triggers": [],
    "Execution Time": 98.293
  }
]