[
  {
    "Plan": {
      "Node Type": "Aggregate",
      "Strategy": "Plain",
      "Partial Mode": "Finalize",
      "Parallel Aware": false,
      "Startup Cost": 47389.0,
      "Total Cost": 47389.01,
      "Plan Rows": 1,
      "Plan Width": 8,
      "Actual Startup Time": 62.632,
      "Actual Total Time": 68.718,
      "Actual Rows": 1,
      "Actual Loops": 1,
      "Plans": [
        {
          "Node Type": "Gather",
          "Parent Relationship": "Outer",
          "Parallel Aware": false,
          "Startup Cost": 47388.58,
          "Total Cost": 47388.99,
          "Plan Rows": 4,
          "Plan Width": 8,
          "Actual Startup Time": 62.318,
          "Actual Total Time": 68.712,
          "Actual Rows": 5,
          "Actual Loops": 1,
          "Workers Planned": 4,
          "Workers Launched": 4,
          "Single Copy": false,
          "Plans": [
            {
              "Node Type": "Aggregate",
              "Strategy": "Plain",
              "Partial Mode": "Partial",
              "Parent Relationship": "Outer",
              "Parallel Aware": false,
              "Startup Cost": 46388.58,
              "Total Cost": 46388.59,
              "Plan Rows": 1,
              "Plan Width": 8,
              "Actual Startup Time": 52.116,
              "Actual Total Time": 52.118,
              "Actual Rows": 1,
              "Actual Loops": 5,
              "Plans": [
                {
                  "Node Type": "Nested Loop",
                  "Parent Relationship": "Outer",
                  "Parallel Aware": false,
                  "Join Type": "Inner",
                  "Startup Cost": 2181.8,
                  "Total Cost": 46388.37,
                  "Plan Rows": 86,
                  "Plan Width": 0,
                  "Actual Startup Time": 28.025,
                  "Actual Total Time": 52.105,
                  "Actual Rows": 18,
                  "Actual Loops": 5,
                  "Inner Unique": false,
                  "Plans": [
                    {
                      "Node Type": "Bitmap Heap Scan",
                      "Parent Relationship": "Outer",
                      "Parallel Aware": true,
                      "Relation Name": "title",
                      "Alias": "t",
                      "Startup Cost": 2181.37,
                      "Total Cost": 38637.63,
                      "Plan Rows": 437,
                      "Plan Width": 4,
                      "Actual Startup Time": 15.938,
                      "Actual Total Time": 43.911,
                      "Actual Rows": 480,
                      "Actual Loops": 5,
                      "Recheck Cond": "(kind_id = 4)",
                      "Rows Removed by Index Recheck": 0,
                      "Filter": "(production_year = 1995)",
                      "Rows Removed by Filter": 23167,
                      "Exact Heap Blocks": 7578,
                      "Lossy Heap Blocks": 0,
                      "Plans": [
                        {
                          "Node Type": "Bitmap Index Scan",
                          "Parent Relationship": "Outer",
                          "Parallel Aware": false,
                          "Index Name": "kind_id_title",
                          "Startup Cost": 0.0,
                          "Total Cost": 2180.94,
                          "Plan Rows": 122201,
                          "Plan Width": 0,
                          "Actual Startup Time": 17.788,
                          "Actual Total Time": 17.789,
                          "Actual Rows": 118234,
                          "Actual Loops": 1,
                          "Index Cond": "(kind_id = 4)"
                        }
                      ]
                    },
                    {
                      "Node Type": "Index Scan",
                      "Parent Relationship": "Inner",
                      "Parallel Aware": false,
                      "Scan Direction": "Forward",
                      "Index Name": "movie_id_movie_companies",
                      "Relation Name": "movie_companies",
                      "Alias": "mc",
                      "Startup Cost": 0.43,
                      "Total Cost": 17.73,
                      "Plan Rows": 1,
                      "Plan Width": 4,
                      "Actual Startup Time": 0.016,
                      "Actual Total Time": 0.016,
                      "Actual Rows": 0,
                      "Actual Loops": 2400,
                      "Index Cond": "(movie_id = t.id)",
                      "Rows Removed by Index Recheck": 0,
                      "Filter": "((company_id < 4226) AND (company_type_id = 2))",
                      "Rows Removed by Filter": 1
                    }
                  ]
                }
              ]
            }
          ]
        }
      ]
    },
    "Planning Time": 0.658,
    "Triggers": [],
    "Execution Time": 68.821
  }
]