{
  "Plan": {
    "Node Type": "Aggregate",
    "Strategy": "Plain",
    "Partial Mode": "Finalize",
    "Parallel Aware": false,
    "Startup Cost": 1307541.51,
    "Total Cost": 1307541.52,
    "Plan Rows": 1,
    "Plan Width": 8,
    "Actual Startup Time": 6591.128,
    "Actual Total Time": 6663.058,
    "Actual Rows": 1,
    "Actual Loops": 1,
    "Plans": [
      {
        "Node Type": "Gather",
        "Parent Relationship": "Outer",
        "Parallel Aware": false,
        "Startup Cost": 1307541.4,
        "Total Cost": 1307541.51,
        "Plan Rows": 1,
        "Plan Width": 8,
        "Actual Startup Time": 6590.901,
        "Actual Total Time": 6663.05,
        "Actual Rows": 2,
        "Actual Loops": 1,
        "Workers Planned": 1,
        "Workers Launched": 1,
        "Single Copy": false,
        "Plans": [
          {
            "Node Type": "Aggregate",
            "Strategy": "Plain",
            "Partial Mode": "Partial",
            "Parent Relationship": "Outer",
            "Parallel Aware": false,
            "Startup Cost": 1306541.4,
            "Total Cost": 1306541.41,
            "Plan Rows": 1,
            "Plan Width": 8,
            "Actual Startup Time": 6585.04,
            "Actual Total Time": 6585.043,
            "Actual Rows": 1,
            "Actual Loops": 2,
            "Plans": [
              {
                "Node Type": "Merge Join",
                "Parent Relationship": "Outer",
                "Parallel Aware": false,
                "Join Type": "Inner",
                "Startup Cost": 7.82,
                "Total Cost": 1295832.56,
                "Plan Rows": 4283536,
                "Plan Width": 0,
                "Actual Startup Time": 6.041,
                "Actual Total Time": 6187.029,
                "Actual Rows": 9507294,
                "Actual Loops": 2,
                "Inner Unique": false,
                "Merge Cond": "(mi.movie_id = t.id)",
                "Plans": [
                  {
                    "Node Type": "Index Only Scan",
                    "Parent Relationship": "Outer",
                    "Parallel Aware": true,
                    "Scan Direction": "Forward",
                    "Index Name": "movie_id_movie_info",
                    "Relation Name": "movie_info",
                    "Alias": "mi",
                    "Startup Cost": 0.43,
                    "Total Cost": 1018223.42,
                    "Plan Rows": 8696274,
                    "Plan Width": 4,
                    "Actual Startup Time": 0.093,
                    "Actual Total Time": 2411.693,
                    "Actual Rows": 7417331,
                    "Actual Loops": 2,
                    "Heap Fetches": 14834662
                  },
                  {
                    "Node Type": "Materialize",
                    "Parent Relationship": "Inner",
                    "Parallel Aware": false,
                    "Startup Cost": 3.32,
                    "Total Cost": 194878.11,
                    "Plan Rows": 1245365,
                    "Plan Width": 8,
                    "Actual Startup Time": 0.275,
                    "Actual Total Time": 2414.093,
                    "Actual Rows": 10149472,
                    "Actual Loops": 2,
                    "Plans": [
                      {
                        "Node Type": "Merge Join",
                        "Parent Relationship": "Outer",
                        "Parallel Aware": false,
                        "Join Type": "Inner",
                        "Startup Cost": 3.32,
                        "Total Cost": 191764.7,
                        "Plan Rows": 1245365,
                        "Plan Width": 8,
                        "Actual Startup Time": 0.266,
                        "Actual Total Time": 1919.228,
                        "Actual Rows": 1285243,
                        "Actual Loops": 2,
                        "Inner Unique": true,
                        "Merge Cond": "(mi_idx.movie_id = t.id)",
                        "Plans": [
                          {
                            "Node Type": "Index Only Scan",
                            "Parent Relationship": "Outer",
                            "Parallel Aware": false,
                            "Scan Direction": "Forward",
                            "Index Name": "movie_id_movie_info_idx",
                            "Relation Name": "movie_info_idx",
                            "Alias": "mi_idx",
                            "Startup Cost": 0.43,
                            "Total Cost": 53620.22,
                            "Plan Rows": 1380035,
                            "Plan Width": 4,
                            "Actual Startup Time": 0.146,
                            "Actual Total Time": 293.697,
                            "Actual Rows": 1380035,
                            "Actual Loops": 2,
                            "Heap Fetches": 2760070
                          },
                          {
                            "Node Type": "Index Scan",
                            "Parent Relationship": "Inner",
                            "Parallel Aware": false,
                            "Scan Direction": "Forward",
                            "Index Name": "title_pkey",
                            "Relation Name": "title",
                            "Alias": "t",
                            "Startup Cost": 0.43,
                            "Total Cost": 116660.7,
                            "Plan Rows": 2281571,
                            "Plan Width": 4,
                            "Actual Startup Time": 0.097,
                            "Actual Total Time": 1340.748,
                            "Actual Rows": 2274214,
                            "Actual Loops": 2,
                            "Filter": "(production_year > 1952)",
                            "Rows Removed by Filter": 251579
                          }
                        ]
                      }
                    ]
                  }
                ]
              }
            ]
          }
        ]
      }
    ]
  },
  "Planning Time": 0.968,
  "Triggers": [],
  "Execution Time": 6663.168
}