[
  {
    "Plan": {
      "Node Type": "Aggregate",
      "Strategy": "Plain",
      "Partial Mode": "Finalize",
      "Parallel Aware": false,
      "Startup Cost": 79092.69,
      "Total Cost": 79092.7,
      "Plan Rows": 1,
      "Plan Width": 8,
      "Actual Startup Time": 222.643,
      "Actual Total Time": 241.886,
      "Actual Rows": 1,
      "Actual Loops": 1,
      "Plans": [
        {
          "Node Type": "Gather",
          "Parent Relationship": "Outer",
          "Parallel Aware": false,
          "Startup Cost": 79092.37,
          "Total Cost": 79092.68,
          "Plan Rows": 3,
          "Plan Width": 8,
          "Actual Startup Time": 221.726,
          "Actual Total Time": 241.872,
          "Actual Rows": 4,
          "Actual Loops": 1,
          "Workers Planned": 3,
          "Workers Launched": 3,
          "Single Copy": false,
          "Plans": [
            {
              "Node Type": "Aggregate",
              "Strategy": "Plain",
              "Partial Mode": "Partial",
              "Parent Relationship": "Outer",
              "Parallel Aware": false,
              "Startup Cost": 78092.37,
              "Total Cost": 78092.38,
              "Plan Rows": 1,
              "Plan Width": 8,
              "Actual Startup Time": 216.149,
              "Actual Total Time": 216.152,
              "Actual Rows": 1,
              "Actual Loops": 4,
              "Plans": [
                {
                  "Node Type": "Hash Join",
                  "Parent Relationship": "Outer",
                  "Parallel Aware": true,
                  "Join Type": "Inner",
                  "Startup Cost": 45954.74,
                  "Total Cost": 78053.22,
                  "Plan Rows": 15662,
                  "Plan Width": 0,
                  "Actual Startup Time": 120.21,
                  "Actual Total Time": 216.036,
                  "Actual Rows": 1172,
                  "Actual Loops": 4,
                  "Inner Unique": true,
                  "Hash Cond": "(mc.movie_id = t.id)",
                  "Plans": [
                    {
                      "Node Type": "Seq Scan",
                      "Parent Relationship": "Outer",
                      "Parallel Aware": true,
                      "Relation Name": "movie_companies",
                      "Alias": "mc",
                      "Startup Cost": 0.0,
                      "Total Cost": 31414.82,
                      "Plan Rows": 260443,
                      "Plan Width": 4,
                      "Actual Startup Time": 1.659,
                      "Actual Total Time": 74.728,
                      "Actual Rows": 149969,
                      "Actual Loops": 4,
                      "Filter": "((company_id > 3851) AND (company_type_id < 2))",
                      "Rows Removed by Filter": 502313
                    },
                    {
                      "Node Type": "Hash",
                      "Parent Relationship": "Inner",
                      "Parallel Aware": true,
                      "Startup Cost": 45479.59,
                      "Total Cost": 45479.59,
                      "Plan Rows": 38012,
                      "Plan Width": 4,
                      "Actual Startup Time": 117.156,
                      "Actual Total Time": 117.157,
                      "Actual Rows": 39380,
                      "Actual Loops": 4,
                      "Hash Buckets": 262144,
                      "Original Hash Buckets": 262144,
                      "Hash Batches": 1,
                      "Original Hash Batches": 1,
                      "Peak Memory Usage": 8224,
                      "Plans": [
                        {
                          "Node Type": "Seq Scan",
                          "Parent Relationship": "Outer",
                          "Parallel Aware": true,
                          "Relation Name": "title",
                          "Alias": "t",
                          "Startup Cost": 0.0,
                          "Total Cost": 45479.59,
                          "Plan Rows": 38012,
                          "Plan Width": 4,
                          "Actual Startup Time": 0.032,
                          "Actual Total Time": 102.184,
                          "Actual Rows": 39380,
                          "Actual Loops": 4,
                          "Filter": "((kind_id > 3) AND (production_year > 2011))",
                          "Rows Removed by Filter": 592698
                        }
                      ]
                    }
                  ]
                }
              ]
            }
          ]
        }
      ]
    },
    "Planning Time": 0.463,
    "Triggers": [],
    "Execution Time": 241.924
  }
]