[
  {
    "Plan": {
      "Node Type": "Aggregate",
      "Strategy": "Plain",
      "Partial Mode": "Finalize",
      "Parallel Aware": false,
      "Startup Cost": 33096.89,
      "Total Cost": 33096.9,
      "Plan Rows": 1,
      "Plan Width": 8,
      "Actual Startup Time": 104.185,
      "Actual Total Time": 110.264,
      "Actual Rows": 1,
      "Actual Loops": 1,
      "Plans": [
        {
          "Node Type": "Gather",
          "Parent Relationship": "Outer",
          "Parallel Aware": false,
          "Startup Cost": 33096.57,
          "Total Cost": 33096.88,
          "Plan Rows": 3,
          "Plan Width": 8,
          "Actual Startup Time": 103.943,
          "Actual Total Time": 110.256,
          "Actual Rows": 4,
          "Actual Loops": 1,
          "Workers Planned": 3,
          "Workers Launched": 3,
          "Single Copy": false,
          "Plans": [
            {
              "Node Type": "Aggregate",
              "Strategy": "Plain",
              "Partial Mode": "Partial",
              "Parent Relationship": "Outer",
              "Parallel Aware": false,
              "Startup Cost": 32096.57,
              "Total Cost": 32096.58,
              "Plan Rows": 1,
              "Plan Width": 8,
              "Actual Startup Time": 97.068,
              "Actual Total Time": 97.069,
              "Actual Rows": 1,
              "Actual Loops": 4,
              "Plans": [
                {
                  "Node Type": "Seq Scan",
                  "Parent Relationship": "Outer",
                  "Parallel Aware": true,
                  "Relation Name": "movie_companies",
                  "Alias": "mc",
                  "Startup Cost": 0.0,
                  "Total Cost": 31414.82,
                  "Plan Rows": 272702,
                  "Plan Width": 0,
                  "Actual Startup Time": 1.844,
                  "Actual Total Time": 87.657,
                  "Actual Rows": 162442,
                  "Actual Loops": 4,
                  "Filter": "((company_id > 2631) AND (company_type_id = 1))",
                  "Rows Removed by Filter": 489840
                }
              ]
            }
          ]
        }
      ]
    },
    "Planning Time": 0.225,
    "Triggers": [],
    "Execution Time": 110.387
  }
]