{
    "Plan": {
        "Node Type": "Aggregate",
        "Strategy": "Plain",
        "Partial Mode": "Finalize",
        "Parallel Aware": false,
        "Startup Cost": 284458.94,
        "Total Cost": 284458.95,
        "Plan Rows": 1,
        "Plan Width": 8,
        "Actual Startup Time": 1777.476,
        "Actual Total Time": 1820.845,
        "Actual Rows": 1,
        "Actual Loops": 1,
        "Output": [
            "count(*)"
        ],
        "Plans": [
            {
                "Node Type": "Gather",
                "Parent Relationship": "Outer",
                "Parallel Aware": false,
                "Startup Cost": 284458.41,
                "Total Cost": 284458.92,
                "Plan Rows": 5,
                "Plan Width": 8,
                "Actual Startup Time": 1763.636,
                "Actual Total Time": 1820.832,
                "Actual Rows": 6,
                "Actual Loops": 1,
                "Output": [
                    "(PARTIAL count(*))"
                ],
                "Workers Planned": 5,
                "Workers Launched": 5,
                "Single Copy": false,
                "Plans": [
                    {
                        "Node Type": "Aggregate",
                        "Strategy": "Plain",
                        "Partial Mode": "Partial",
                        "Parent Relationship": "Outer",
                        "Parallel Aware": false,
                        "Startup Cost": 283458.41,
                        "Total Cost": 283458.42,
                        "Plan Rows": 1,
                        "Plan Width": 8,
                        "Actual Startup Time": 1753.274,
                        "Actual Total Time": 1753.371,
                        "Actual Rows": 1,
                        "Actual Loops": 6,
                        "Output": [
                            "PARTIAL count(*)"
                        ],
                        "Workers": [
                            {
                                "Worker Number": 0,
                                "Actual Startup Time": 1750.465,
                                "Actual Total Time": 1750.47,
                                "Actual Rows": 1,
                                "Actual Loops": 1
                            },
                            {
                                "Worker Number": 1,
                                "Actual Startup Time": 1752.466,
                                "Actual Total Time": 1752.471,
                                "Actual Rows": 1,
                                "Actual Loops": 1
                            },
                            {
                                "Worker Number": 2,
                                "Actual Startup Time": 1750.509,
                                "Actual Total Time": 1750.513,
                                "Actual Rows": 1,
                                "Actual Loops": 1
                            },
                            {
                                "Worker Number": 3,
                                "Actual Startup Time": 1751.561,
                                "Actual Total Time": 1751.566,
                                "Actual Rows": 1,
                                "Actual Loops": 1
                            },
                            {
                                "Worker Number": 4,
                                "Actual Startup Time": 1751.896,
                                "Actual Total Time": 1751.9,
                                "Actual Rows": 1,
                                "Actual Loops": 1
                            }
                        ],
                        "Plans": [
                            {
                                "Node Type": "Hash Join",
                                "Parent Relationship": "Outer",
                                "Parallel Aware": true,
                                "Join Type": "Inner",
                                "Startup Cost": 77974.3,
                                "Total Cost": 282185.84,
                                "Plan Rows": 509030,
                                "Plan Width": 0,
                                "Actual Startup Time": 347.338,
                                "Actual Total Time": 1519.461,
                                "Actual Rows": 5442263,
                                "Actual Loops": 6,
                                "Inner Unique": false,
                                "Hash Cond": "(mi.movie_id = t.id)",
                                "Workers": [
                                    {
                                        "Worker Number": 0,
                                        "Actual Startup Time": 344.74,
                                        "Actual Total Time": 1520.204,
                                        "Actual Rows": 5773465,
                                        "Actual Loops": 1
                                    },
                                    {
                                        "Worker Number": 1,
                                        "Actual Startup Time": 345.194,
                                        "Actual Total Time": 1511.437,
                                        "Actual Rows": 3903157,
                                        "Actual Loops": 1
                                    },
                                    {
                                        "Worker Number": 2,
                                        "Actual Startup Time": 344.826,
                                        "Actual Total Time": 1535.628,
                                        "Actual Rows": 5645087,
                                        "Actual Loops": 1
                                    },
                                    {
                                        "Worker Number": 3,
                                        "Actual Startup Time": 345.816,
                                        "Actual Total Time": 1522.351,
                                        "Actual Rows": 5756283,
                                        "Actual Loops": 1
                                    },
                                    {
                                        "Worker Number": 4,
                                        "Actual Startup Time": 346.162,
                                        "Actual Total Time": 1522.34,
                                        "Actual Rows": 5753345,
                                        "Actual Loops": 1
                                    }
                                ],
                                "Plans": [
                                    {
                                        "Node Type": "Seq Scan",
                                        "Parent Relationship": "Outer",
                                        "Parallel Aware": true,
                                        "Relation Name": "movie_info",
                                        "Schema": "public",
                                        "Alias": "mi",
                                        "Startup Cost": 0.0,
                                        "Total Cost": 191503.19,
                                        "Plan Rows": 2951019,
                                        "Plan Width": 4,
                                        "Actual Startup Time": 0.058,
                                        "Actual Total Time": 281.978,
                                        "Actual Rows": 2472620,
                                        "Actual Loops": 6,
                                        "Output": [
                                            "mi.id",
                                            "mi.movie_id",
                                            "mi.info_type_id",
                                            "mi.info",
                                            "mi.note"
                                        ],
                                        "Workers": [
                                            {
                                                "Worker Number": 0,
                                                "Actual Startup Time": 0.076,
                                                "Actual Total Time": 288.79,
                                                "Actual Rows": 2611285,
                                                "Actual Loops": 1
                                            },
                                            {
                                                "Worker Number": 1,
                                                "Actual Startup Time": 0.068,
                                                "Actual Total Time": 303.562,
                                                "Actual Rows": 1810083,
                                                "Actual Loops": 1
                                            },
                                            {
                                                "Worker Number": 2,
                                                "Actual Startup Time": 0.036,
                                                "Actual Total Time": 301.044,
                                                "Actual Rows": 2383752,
                                                "Actual Loops": 1
                                            },
                                            {
                                                "Worker Number": 3,
                                                "Actual Startup Time": 0.073,
                                                "Actual Total Time": 290.041,
                                                "Actual Rows": 2614519,
                                                "Actual Loops": 1
                                            },
                                            {
                                                "Worker Number": 4,
                                                "Actual Startup Time": 0.07,
                                                "Actual Total Time": 290.406,
                                                "Actual Rows": 2618956,
                                                "Actual Loops": 1
                                            }
                                        ]
                                    },
                                    {
                                        "Node Type": "Hash",
                                        "Parent Relationship": "Inner",
                                        "Parallel Aware": true,
                                        "Startup Cost": 76215.76,
                                        "Total Cost": 76215.76,
                                        "Plan Rows": 140683,
                                        "Plan Width": 8,
                                        "Actual Startup Time": 343.736,
                                        "Actual Total Time": 343.831,
                                        "Actual Rows": 175523,
                                        "Actual Loops": 6,
                                        "Output": [
                                            "t.id",
                                            "mc.movie_id"
                                        ],
                                        "Hash Buckets": 2097152,
                                        "Original Hash Buckets": 524288,
                                        "Hash Batches": 1,
                                        "Original Hash Batches": 1,
                                        "Peak Memory Usage": 70016,
                                        "Workers": [
                                            {
                                                "Worker Number": 0,
                                                "Actual Startup Time": 342.96,
                                                "Actual Total Time": 342.964,
                                                "Actual Rows": 188982,
                                                "Actual Loops": 1
                                            },
                                            {
                                                "Worker Number": 1,
                                                "Actual Startup Time": 343.374,
                                                "Actual Total Time": 343.377,
                                                "Actual Rows": 130981,
                                                "Actual Loops": 1
                                            },
                                            {
                                                "Worker Number": 2,
                                                "Actual Startup Time": 342.927,
                                                "Actual Total Time": 342.93,
                                                "Actual Rows": 157995,
                                                "Actual Loops": 1
                                            },
                                            {
                                                "Worker Number": 3,
                                                "Actual Startup Time": 344.225,
                                                "Actual Total Time": 344.229,
                                                "Actual Rows": 187391,
                                                "Actual Loops": 1
                                            },
                                            {
                                                "Worker Number": 4,
                                                "Actual Startup Time": 344.378,
                                                "Actual Total Time": 344.381,
                                                "Actual Rows": 187385,
                                                "Actual Loops": 1
                                            }
                                        ],
                                        "Plans": [
                                            {
                                                "Node Type": "Hash Join",
                                                "Parent Relationship": "Outer",
                                                "Parallel Aware": true,
                                                "Join Type": "Inner",
                                                "Startup Cost": 46799.87,
                                                "Total Cost": 76215.76,
                                                "Plan Rows": 140683,
                                                "Plan Width": 8,
                                                "Actual Startup Time": 118.803,
                                                "Actual Total Time": 262.993,
                                                "Actual Rows": 175523,
                                                "Actual Loops": 6,
                                                "Output": [
                                                    "t.id",
                                                    "mc.movie_id"
                                                ],
                                                "Inner Unique": true,
                                                "Hash Cond": "(mc.movie_id = t.id)",
                                                "Workers": [
                                                    {
                                                        "Worker Number": 0,
                                                        "Actual Startup Time": 118.138,
                                                        "Actual Total Time": 262.33,
                                                        "Actual Rows": 188982,
                                                        "Actual Loops": 1
                                                    },
                                                    {
                                                        "Worker Number": 1,
                                                        "Actual Startup Time": 118.321,
                                                        "Actual Total Time": 263.139,
                                                        "Actual Rows": 130981,
                                                        "Actual Loops": 1
                                                    },
                                                    {
                                                        "Worker Number": 2,
                                                        "Actual Startup Time": 118.308,
                                                        "Actual Total Time": 263.683,
                                                        "Actual Rows": 157995,
                                                        "Actual Loops": 1
                                                    },
                                                    {
                                                        "Worker Number": 3,
                                                        "Actual Startup Time": 119.109,
                                                        "Actual Total Time": 263.777,
                                                        "Actual Rows": 187391,
                                                        "Actual Loops": 1
                                                    },
                                                    {
                                                        "Worker Number": 4,
                                                        "Actual Startup Time": 119.399,
                                                        "Actual Total Time": 263.21,
                                                        "Actual Rows": 187385,
                                                        "Actual Loops": 1
                                                    }
                                                ],
                                                "Plans": [
                                                    {
                                                        "Node Type": "Seq Scan",
                                                        "Parent Relationship": "Outer",
                                                        "Parallel Aware": true,
                                                        "Relation Name": "movie_companies",
                                                        "Schema": "public",
                                                        "Alias": "mc",
                                                        "Startup Cost": 0.0,
                                                        "Total Cost": 27206.55,
                                                        "Plan Rows": 841655,
                                                        "Plan Width": 4,
                                                        "Actual Startup Time": 0.018,
                                                        "Actual Total Time": 42.982,
                                                        "Actual Rows": 434855,
                                                        "Actual Loops": 6,
                                                        "Output": [
                                                            "mc.id",
                                                            "mc.movie_id",
                                                            "mc.company_id",
                                                            "mc.company_type_id",
                                                            "mc.note"
                                                        ],
                                                        "Workers": [
                                                            {
                                                                "Worker Number": 0,
                                                                "Actual Startup Time": 0.016,
                                                                "Actual Total Time": 44.048,
                                                                "Actual Rows": 464771,
                                                                "Actual Loops": 1
                                                            },
                                                            {
                                                                "Worker Number": 1,
                                                                "Actual Startup Time": 0.02,
                                                                "Actual Total Time": 47.261,
                                                                "Actual Rows": 324740,
                                                                "Actual Loops": 1
                                                            },
                                                            {
                                                                "Worker Number": 2,
                                                                "Actual Startup Time": 0.022,
                                                                "Actual Total Time": 42.247,
                                                                "Actual Rows": 390173,
                                                                "Actual Loops": 1
                                                            },
                                                            {
                                                                "Worker Number": 3,
                                                                "Actual Startup Time": 0.021,
                                                                "Actual Total Time": 43.838,
                                                                "Actual Rows": 464140,
                                                                "Actual Loops": 1
                                                            },
                                                            {
                                                                "Worker Number": 4,
                                                                "Actual Startup Time": 0.02,
                                                                "Actual Total Time": 43.87,
                                                                "Actual Rows": 463502,
                                                                "Actual Loops": 1
                                                            }
                                                        ]
                                                    },
                                                    {
                                                        "Node Type": "Hash",
                                                        "Parent Relationship": "Inner",
                                                        "Parallel Aware": true,
                                                        "Startup Cost": 45479.21,
                                                        "Total Cost": 45479.21,
                                                        "Plan Rows": 105653,
                                                        "Plan Width": 4,
                                                        "Actual Startup Time": 117.451,
                                                        "Actual Total Time": 117.452,
                                                        "Actual Rows": 86328,
                                                        "Actual Loops": 6,
                                                        "Output": [
                                                            "t.id"
                                                        ],
                                                        "Hash Buckets": 524288,
                                                        "Original Hash Buckets": 524288,
                                                        "Hash Batches": 1,
                                                        "Original Hash Batches": 1,
                                                        "Peak Memory Usage": 24416,
                                                        "Workers": [
                                                            {
                                                                "Worker Number": 0,
                                                                "Actual Startup Time": 117.835,
                                                                "Actual Total Time": 117.836,
                                                                "Actual Rows": 87973,
                                                                "Actual Loops": 1
                                                            },
                                                            {
                                                                "Worker Number": 1,
                                                                "Actual Startup Time": 118.183,
                                                                "Actual Total Time": 118.184,
                                                                "Actual Rows": 65296,
                                                                "Actual Loops": 1
                                                            },
                                                            {
                                                                "Worker Number": 2,
                                                                "Actual Startup Time": 117.829,
                                                                "Actual Total Time": 117.83,
                                                                "Actual Rows": 79119,
                                                                "Actual Loops": 1
                                                            },
                                                            {
                                                                "Worker Number": 3,
                                                                "Actual Startup Time": 118.973,
                                                                "Actual Total Time": 118.975,
                                                                "Actual Rows": 87994,
                                                                "Actual Loops": 1
                                                            },
                                                            {
                                                                "Worker Number": 4,
                                                                "Actual Startup Time": 119.258,
                                                                "Actual Total Time": 119.259,
                                                                "Actual Rows": 87214,
                                                                "Actual Loops": 1
                                                            }
                                                        ],
                                                        "Plans": [
                                                            {
                                                                "Node Type": "Seq Scan",
                                                                "Parent Relationship": "Outer",
                                                                "Parallel Aware": true,
                                                                "Relation Name": "title",
                                                                "Schema": "public",
                                                                "Alias": "t",
                                                                "Startup Cost": 0.0,
                                                                "Total Cost": 45479.21,
                                                                "Plan Rows": 105653,
                                                                "Plan Width": 4,
                                                                "Actual Startup Time": 0.087,
                                                                "Actual Total Time": 82.212,
                                                                "Actual Rows": 86328,
                                                                "Actual Loops": 6,
                                                                "Output": [
                                                                    "t.id"
                                                                ],
                                                                "Filter": "((t.kind_id < 7) AND (t.production_year < 2001))",
                                                                "Rows Removed by Filter": 335057,
                                                                "Workers": [
                                                                    {
                                                                        "Worker Number": 0,
                                                                        "Actual Startup Time": 0.088,
                                                                        "Actual Total Time": 82.671,
                                                                        "Actual Rows": 87973,
                                                                        "Actual Loops": 1
                                                                    },
                                                                    {
                                                                        "Worker Number": 1,
                                                                        "Actual Startup Time": 0.099,
                                                                        "Actual Total Time": 83.368,
                                                                        "Actual Rows": 65296,
                                                                        "Actual Loops": 1
                                                                    },
                                                                    {
                                                                        "Worker Number": 2,
                                                                        "Actual Startup Time": 0.139,
                                                                        "Actual Total Time": 81.176,
                                                                        "Actual Rows": 79119,
                                                                        "Actual Loops": 1
                                                                    },
                                                                    {
                                                                        "Worker Number": 3,
                                                                        "Actual Startup Time": 0.067,
                                                                        "Actual Total Time": 82.928,
                                                                        "Actual Rows": 87994,
                                                                        "Actual Loops": 1
                                                                    },
                                                                    {
                                                                        "Worker Number": 4,
                                                                        "Actual Startup Time": 0.097,
                                                                        "Actual Total Time": 82.212,
                                                                        "Actual Rows": 87214,
                                                                        "Actual Loops": 1
                                                                    }
                                                                ]
                                                            }
                                                        ]
                                                    }
                                                ]
                                            }
                                        ]
                                    }
                                ]
                            }
                        ]
                    }
                ]
            }
        ]
    },
    "Planning Time": 1.589,
    "Triggers": [],
    "Execution Time": 1820.938
}