[
  {
    "Plan": {
      "Node Type": "Aggregate",
      "Strategy": "Plain",
      "Partial Mode": "Finalize",
      "Parallel Aware": false,
      "Startup Cost": 47224.84,
      "Total Cost": 47224.85,
      "Plan Rows": 1,
      "Plan Width": 8,
      "Actual Startup Time": 98.674,
      "Actual Total Time": 109.462,
      "Actual Rows": 1,
      "Actual Loops": 1,
      "Plans": [
        {
          "Node Type": "Gather",
          "Parent Relationship": "Outer",
          "Parallel Aware": false,
          "Startup Cost": 47224.42,
          "Total Cost": 47224.83,
          "Plan Rows": 4,
          "Plan Width": 8,
          "Actual Startup Time": 98.514,
          "Actual Total Time": 109.45,
          "Actual Rows": 5,
          "Actual Loops": 1,
          "Workers Planned": 4,
          "Workers Launched": 4,
          "Single Copy": false,
          "Plans": [
            {
              "Node Type": "Aggregate",
              "Strategy": "Plain",
              "Partial Mode": "Partial",
              "Parent Relationship": "Outer",
              "Parallel Aware": false,
              "Startup Cost": 46224.42,
              "Total Cost": 46224.43,
              "Plan Rows": 1,
              "Plan Width": 8,
              "Actual Startup Time": 93.739,
              "Actual Total Time": 93.74,
              "Actual Rows": 1,
              "Actual Loops": 5,
              "Plans": [
                {
                  "Node Type": "Seq Scan",
                  "Parent Relationship": "Outer",
                  "Parallel Aware": true,
                  "Relation Name": "title",
                  "Alias": "t",
                  "Startup Cost": 0.0,
                  "Total Cost": 45479.59,
                  "Plan Rows": 297934,
                  "Plan Width": 0,
                  "Actual Startup Time": 0.027,
                  "Actual Total Time": 83.284,
                  "Actual Rows": 228787,
                  "Actual Loops": 5,
                  "Filter": "((kind_id > 3) AND (production_year < 2009))",
                  "Rows Removed by Filter": 276875
                }
              ]
            }
          ]
        }
      ]
    },
    "Planning Time": 0.074,
    "Triggers": [],
    "Execution Time": 109.486
  }
]