[
    {
        "Bao": {
            "Bao prediction": "NaN",
            "Bao recommended hint": "(no hint)"
        }
    },
    {
        "Plan": {
            "Node Type": "Aggregate",
            "Strategy": "Plain",
            "Partial Mode": "Finalize",
            "Parallel Aware": false,
            "Startup Cost": 34392.01,
            "Total Cost": 34392.02,
            "Plan Rows": 1,
            "Plan Width": 8,
            "Actual Startup Time": 92.115,
            "Actual Total Time": 98.317,
            "Actual Rows": 1,
            "Actual Loops": 1,
            "Output": [
                "count(*)"
            ],
            "Plans": [
                {
                    "Node Type": "Gather",
                    "Parent Relationship": "Outer",
                    "Parallel Aware": false,
                    "Startup Cost": 34391.69,
                    "Total Cost": 34392.0,
                    "Plan Rows": 3,
                    "Plan Width": 8,
                    "Actual Startup Time": 91.825,
                    "Actual Total Time": 98.308,
                    "Actual Rows": 4,
                    "Actual Loops": 1,
                    "Output": [
                        "(PARTIAL count(*))"
                    ],
                    "Workers Planned": 3,
                    "Workers Launched": 3,
                    "Single Copy": false,
                    "Plans": [
                        {
                            "Node Type": "Aggregate",
                            "Strategy": "Plain",
                            "Partial Mode": "Partial",
                            "Parent Relationship": "Outer",
                            "Parallel Aware": false,
                            "Startup Cost": 33391.69,
                            "Total Cost": 33391.7,
                            "Plan Rows": 1,
                            "Plan Width": 8,
                            "Actual Startup Time": 83.182,
                            "Actual Total Time": 83.184,
                            "Actual Rows": 1,
                            "Actual Loops": 4,
                            "Output": [
                                "PARTIAL count(*)"
                            ],
                            "Workers": [
                                {
                                    "Worker Number": 0,
                                    "Actual Startup Time": 80.035,
                                    "Actual Total Time": 80.037,
                                    "Actual Rows": 1,
                                    "Actual Loops": 1
                                },
                                {
                                    "Worker Number": 1,
                                    "Actual Startup Time": 80.545,
                                    "Actual Total Time": 80.546,
                                    "Actual Rows": 1,
                                    "Actual Loops": 1
                                },
                                {
                                    "Worker Number": 2,
                                    "Actual Startup Time": 80.562,
                                    "Actual Total Time": 80.564,
                                    "Actual Rows": 1,
                                    "Actual Loops": 1
                                }
                            ],
                            "Plans": [
                                {
                                    "Node Type": "Bitmap Heap Scan",
                                    "Parent Relationship": "Outer",
                                    "Parallel Aware": true,
                                    "Relation Name": "movie_keyword",
                                    "Schema": "public",
                                    "Alias": "mk",
                                    "Startup Cost": 7278.27,
                                    "Total Cost": 33115.12,
                                    "Plan Rows": 110628,
                                    "Plan Width": 0,
                                    "Actual Startup Time": 16.428,
                                    "Actual Total Time": 78.266,
                                    "Actual Rows": 85256,
                                    "Actual Loops": 4,
                                    "Recheck Cond": "(mk.keyword_id > 48664)",
                                    "Rows Removed by Index Recheck": 0,
                                    "Exact Heap Blocks": 10746,
                                    "Lossy Heap Blocks": 0,
                                    "Workers": [
                                        {
                                            "Worker Number": 0,
                                            "Actual Startup Time": 13.357,
                                            "Actual Total Time": 75.802,
                                            "Actual Rows": 54501,
                                            "Actual Loops": 1
                                        },
                                        {
                                            "Worker Number": 1,
                                            "Actual Startup Time": 13.927,
                                            "Actual Total Time": 76.162,
                                            "Actual Rows": 60383,
                                            "Actual Loops": 1
                                        },
                                        {
                                            "Worker Number": 2,
                                            "Actual Startup Time": 13.894,
                                            "Actual Total Time": 76.2,
                                            "Actual Rows": 61074,
                                            "Actual Loops": 1
                                        }
                                    ],
                                    "Plans": [
                                        {
                                            "Node Type": "Bitmap Index Scan",
                                            "Parent Relationship": "Outer",
                                            "Parallel Aware": false,
                                            "Index Name": "keyword_id_movie_keyword",
                                            "Startup Cost": 0.0,
                                            "Total Cost": 7192.53,
                                            "Plan Rows": 342947,
                                            "Plan Width": 0,
                                            "Actual Startup Time": 21.334,
                                            "Actual Total Time": 21.335,
                                            "Actual Rows": 341025,
                                            "Actual Loops": 1,
                                            "Index Cond": "(mk.keyword_id > 48664)"
                                        }
                                    ]
                                }
                            ]
                        }
                    ]
                }
            ]
        },
        "Planning Time": 190.203,
        "Triggers": [],
        "Execution Time": 98.36
    }
]