[
  {
    "Plan": {
      "Node Type": "Aggregate",
      "Strategy": "Plain",
      "Partial Mode": "Finalize",
      "Parallel Aware": false,
      "Startup Cost": 235756.89,
      "Total Cost": 235756.9,
      "Plan Rows": 1,
      "Plan Width": 8,
      "Actual Startup Time": 426.784,
      "Actual Total Time": 447.691,
      "Actual Rows": 1,
      "Actual Loops": 1,
      "Plans": [
        {
          "Node Type": "Gather",
          "Parent Relationship": "Outer",
          "Parallel Aware": false,
          "Startup Cost": 235756.37,
          "Total Cost": 235756.88,
          "Plan Rows": 5,
          "Plan Width": 8,
          "Actual Startup Time": 416.188,
          "Actual Total Time": 447.675,
          "Actual Rows": 6,
          "Actual Loops": 1,
          "Workers Planned": 5,
          "Workers Launched": 5,
          "Single Copy": false,
          "Plans": [
            {
              "Node Type": "Aggregate",
              "Strategy": "Plain",
              "Partial Mode": "Partial",
              "Parent Relationship": "Outer",
              "Parallel Aware": false,
              "Startup Cost": 234756.37,
              "Total Cost": 234756.38,
              "Plan Rows": 1,
              "Plan Width": 8,
              "Actual Startup Time": 406.011,
              "Actual Total Time": 406.015,
              "Actual Rows": 1,
              "Actual Loops": 6,
              "Plans": [
                {
                  "Node Type": "Hash Join",
                  "Parent Relationship": "Outer",
                  "Parallel Aware": true,
                  "Join Type": "Inner",
                  "Startup Cost": 68871.24,
                  "Total Cost": 234515.19,
                  "Plan Rows": 96471,
                  "Plan Width": 0,
                  "Actual Startup Time": 283.387,
                  "Actual Total Time": 401.962,
                  "Actual Rows": 66578,
                  "Actual Loops": 6,
                  "Inner Unique": true,
                  "Hash Cond": "(mi.movie_id = t.id)",
                  "Plans": [
                    {
                      "Node Type": "Bitmap Heap Scan",
                      "Parent Relationship": "Outer",
                      "Parallel Aware": true,
                      "Relation Name": "movie_info",
                      "Alias": "mi",
                      "Startup Cost": 21814.1,
                      "Total Cost": 186824.41,
                      "Plan Rows": 241385,
                      "Plan Width": 4,
                      "Actual Startup Time": 75.578,
                      "Actual Total Time": 153.006,
                      "Actual Rows": 198962,
                      "Actual Loops": 6,
                      "Recheck Cond": "(info_type_id > 40)",
                      "Rows Removed by Index Recheck": 0,
                      "Exact Heap Blocks": 7218,
                      "Lossy Heap Blocks": 0,
                      "Plans": [
                        {
                          "Node Type": "Bitmap Index Scan",
                          "Parent Relationship": "Outer",
                          "Parallel Aware": false,
                          "Index Name": "info_type_id_movie_info",
                          "Startup Cost": 0.0,
                          "Total Cost": 21512.37,
                          "Plan Rows": 1206924,
                          "Plan Width": 0,
                          "Actual Startup Time": 66.648,
                          "Actual Total Time": 66.648,
                          "Actual Rows": 1193772,
                          "Actual Loops": 1,
                          "Index Cond": "(info_type_id > 40)"
                        }
                      ]
                    },
                    {
                      "Node Type": "Hash",
                      "Parent Relationship": "Inner",
                      "Parallel Aware": true,
                      "Startup Cost": 43899.32,
                      "Total Cost": 43899.32,
                      "Plan Rows": 252626,
                      "Plan Width": 4,
                      "Actual Startup Time": 180.18,
                      "Actual Total Time": 180.181,
                      "Actual Rows": 168820,
                      "Actual Loops": 6,
                      "Hash Buckets": 1048576,
                      "Original Hash Buckets": 1048576,
                      "Hash Batches": 1,
                      "Original Hash Batches": 1,
                      "Peak Memory Usage": 47936,
                      "Plans": [
                        {
                          "Node Type": "Seq Scan",
                          "Parent Relationship": "Outer",
                          "Parallel Aware": true,
                          "Relation Name": "title",
                          "Alias": "t",
                          "Startup Cost": 0.0,
                          "Total Cost": 43899.32,
                          "Plan Rows": 252626,
                          "Plan Width": 4,
                          "Actual Startup Time": 0.055,
                          "Actual Total Time": 94.937,
                          "Actual Rows": 168820,
                          "Actual Loops": 6,
                          "Filter": "(production_year > 2005)",
                          "Rows Removed by Filter": 252565
                        }
                      ]
                    }
                  ]
                }
              ]
            }
          ]
        }
      ]
    },
    "Planning Time": 0.565,
    "Triggers": [],
    "Execution Time": 447.825
  }
]