[
  {
    "Plan": {
      "Node Type": "Aggregate",
      "Strategy": "Plain",
      "Partial Mode": "Finalize",
      "Parallel Aware": false,
      "Startup Cost": 346340.31,
      "Total Cost": 346340.32,
      "Plan Rows": 1,
      "Plan Width": 8,
      "Actual Startup Time": 742.038,
      "Actual Total Time": 786.882,
      "Actual Rows": 1,
      "Actual Loops": 1,
      "Plans": [
        {
          "Node Type": "Gather",
          "Parent Relationship": "Outer",
          "Parallel Aware": false,
          "Startup Cost": 346339.68,
          "Total Cost": 346340.29,
          "Plan Rows": 6,
          "Plan Width": 8,
          "Actual Startup Time": 741.848,
          "Actual Total Time": 786.871,
          "Actual Rows": 7,
          "Actual Loops": 1,
          "Workers Planned": 6,
          "Workers Launched": 6,
          "Single Copy": false,
          "Plans": [
            {
              "Node Type": "Aggregate",
              "Strategy": "Plain",
              "Partial Mode": "Partial",
              "Parent Relationship": "Outer",
              "Parallel Aware": false,
              "Startup Cost": 345339.68,
              "Total Cost": 345339.69,
              "Plan Rows": 1,
              "Plan Width": 8,
              "Actual Startup Time": 732.687,
              "Actual Total Time": 732.689,
              "Actual Rows": 1,
              "Actual Loops": 7,
              "Plans": [
                {
                  "Node Type": "Seq Scan",
                  "Parent Relationship": "Outer",
                  "Parallel Aware": true,
                  "Relation Name": "cast_info",
                  "Alias": "ci",
                  "Startup Cost": 0.0,
                  "Total Cost": 343316.27,
                  "Plan Rows": 809365,
                  "Plan Width": 0,
                  "Actual Startup Time": 350.482,
                  "Actual Total Time": 660.851,
                  "Actual Rows": 1462612,
                  "Actual Loops": 7,
                  "Filter": "((person_id > 2619625) AND (role_id > 2))",
                  "Rows Removed by Filter": 3715151
                }
              ]
            }
          ]
        }
      ]
    },
    "Planning Time": 0.269,
    "Triggers": [],
    "Execution Time": 786.951
  }
]