{
  "Plan": {
    "Node Type": "Aggregate",
    "Strategy": "Plain",
    "Partial Mode": "Finalize",
    "Parallel Aware": false,
    "Startup Cost": 102062.83,
    "Total Cost": 102062.84,
    "Plan Rows": 1,
    "Plan Width": 8,
    "Actual Startup Time": 256.213,
    "Actual Total Time": 288.616,
    "Actual Rows": 1,
    "Actual Loops": 1,
    "Plans": [
      {
        "Node Type": "Gather",
        "Parent Relationship": "Outer",
        "Parallel Aware": false,
        "Startup Cost": 102062.71,
        "Total Cost": 102062.82,
        "Plan Rows": 1,
        "Plan Width": 8,
        "Actual Startup Time": 255.607,
        "Actual Total Time": 288.607,
        "Actual Rows": 2,
        "Actual Loops": 1,
        "Workers Planned": 1,
        "Workers Launched": 1,
        "Single Copy": false,
        "Plans": [
          {
            "Node Type": "Aggregate",
            "Strategy": "Plain",
            "Partial Mode": "Partial",
            "Parent Relationship": "Outer",
            "Parallel Aware": false,
            "Startup Cost": 101062.71,
            "Total Cost": 101062.72,
            "Plan Rows": 1,
            "Plan Width": 8,
            "Actual Startup Time": 249.447,
            "Actual Total Time": 249.451,
            "Actual Rows": 1,
            "Actual Loops": 2,
            "Plans": [
              {
                "Node Type": "Nested Loop",
                "Parent Relationship": "Outer",
                "Parallel Aware": false,
                "Join Type": "Inner",
                "Startup Cost": 56545.82,
                "Total Cost": 101046.56,
                "Plan Rows": 6461,
                "Plan Width": 0,
                "Actual Startup Time": 150.177,
                "Actual Total Time": 247.482,
                "Actual Rows": 39134,
                "Actual Loops": 2,
                "Inner Unique": false,
                "Join Filter": "(t.id = ci.movie_id)",
                "Rows Removed by Join Filter": 0,
                "Plans": [
                  {
                    "Node Type": "Hash Join",
                    "Parent Relationship": "Outer",
                    "Parallel Aware": true,
                    "Join Type": "Inner",
                    "Startup Cost": 56545.26,
                    "Total Cost": 81625.92,
                    "Plan Rows": 1022,
                    "Plan Width": 8,
                    "Actual Startup Time": 149.905,
                    "Actual Total Time": 172.928,
                    "Actual Rows": 966,
                    "Actual Loops": 2,
                    "Inner Unique": true,
                    "Hash Cond": "(mk.movie_id = t.id)",
                    "Plans": [
                      {
                        "Node Type": "Bitmap Heap Scan",
                        "Parent Relationship": "Outer",
                        "Parallel Aware": true,
                        "Relation Name": "movie_keyword",
                        "Alias": "mk",
                        "Startup Cost": 1498.3,
                        "Total Cost": 26470.21,
                        "Plan Rows": 41432,
                        "Plan Width": 4,
                        "Actual Startup Time": 8.189,
                        "Actual Total Time": 25.559,
                        "Actual Rows": 35052,
                        "Actual Loops": 2,
                        "Recheck Cond": "(keyword_id > 91162)",
                        "Rows Removed by Index Recheck": 0,
                        "Exact Heap Blocks": 11607,
                        "Lossy Heap Blocks": 0,
                        "Plans": [
                          {
                            "Node Type": "Bitmap Index Scan",
                            "Parent Relationship": "Outer",
                            "Parallel Aware": false,
                            "Index Name": "keyword_id_movie_keyword",
                            "Startup Cost": 0.0,
                            "Total Cost": 1480.69,
                            "Plan Rows": 70435,
                            "Plan Width": 0,
                            "Actual Startup Time": 6.013,
                            "Actual Total Time": 6.014,
                            "Actual Rows": 70103,
                            "Actual Loops": 1,
                            "Index Cond": "(keyword_id > 91162)"
                          }
                        ]
                      },
                      {
                        "Node Type": "Hash",
                        "Parent Relationship": "Inner",
                        "Parallel Aware": true,
                        "Startup Cost": 54588.39,
                        "Total Cost": 54588.39,
                        "Plan Rows": 36685,
                        "Plan Width": 4,
                        "Actual Startup Time": 140.306,
                        "Actual Total Time": 140.307,
                        "Actual Rows": 31284,
                        "Actual Loops": 2,
                        "Hash Buckets": 65536,
                        "Original Hash Buckets": 65536,
                        "Hash Batches": 1,
                        "Original Hash Batches": 1,
                        "Peak Memory Usage": 2976,
                        "Plans": [
                          {
                            "Node Type": "Seq Scan",
                            "Parent Relationship": "Outer",
                            "Parallel Aware": true,
                            "Relation Name": "title",
                            "Alias": "t",
                            "Startup Cost": 0.0,
                            "Total Cost": 54588.39,
                            "Plan Rows": 36685,
                            "Plan Width": 4,
                            "Actual Startup Time": 0.037,
                            "Actual Total Time": 131.132,
                            "Actual Rows": 31284,
                            "Actual Loops": 2,
                            "Filter": "(production_year = 2002)",
                            "Rows Removed by Filter": 1232872
                          }
                        ]
                      }
                    ]
                  },
                  {
                    "Node Type": "Index Scan",
                    "Parent Relationship": "Inner",
                    "Parallel Aware": false,
                    "Scan Direction": "Forward",
                    "Index Name": "movie_id_cast_info",
                    "Relation Name": "cast_info",
                    "Alias": "ci",
                    "Startup Cost": 0.56,
                    "Total Cost": 18.8,
                    "Plan Rows": 16,
                    "Plan Width": 4,
                    "Actual Startup Time": 0.031,
                    "Actual Total Time": 0.073,
                    "Actual Rows": 40,
                    "Actual Loops": 1933,
                    "Index Cond": "(movie_id = mk.movie_id)",
                    "Rows Removed by Index Recheck": 0,
                    "Filter": "(person_id > 2038465)",
                    "Rows Removed by Filter": 38
                  }
                ]
              }
            ]
          }
        ]
      }
    ]
  },
  "Planning Time": 1.012,
  "Triggers": [],
  "Execution Time": 288.738
}