{
  "Plan": {
    "Node Type": "Aggregate",
    "Strategy": "Plain",
    "Partial Mode": "Finalize",
    "Parallel Aware": false,
    "Startup Cost": 199926.57,
    "Total Cost": 199926.58,
    "Plan Rows": 1,
    "Plan Width": 8,
    "Actual Startup Time": 2698.488,
    "Actual Total Time": 2731.739,
    "Actual Rows": 1,
    "Actual Loops": 1,
    "Plans": [
      {
        "Node Type": "Gather",
        "Parent Relationship": "Outer",
        "Parallel Aware": false,
        "Startup Cost": 199926.46,
        "Total Cost": 199926.57,
        "Plan Rows": 1,
        "Plan Width": 8,
        "Actual Startup Time": 2689.835,
        "Actual Total Time": 2731.73,
        "Actual Rows": 2,
        "Actual Loops": 1,
        "Workers Planned": 1,
        "Workers Launched": 1,
        "Single Copy": false,
        "Plans": [
          {
            "Node Type": "Aggregate",
            "Strategy": "Plain",
            "Partial Mode": "Partial",
            "Parent Relationship": "Outer",
            "Parallel Aware": false,
            "Startup Cost": 198926.46,
            "Total Cost": 198926.47,
            "Plan Rows": 1,
            "Plan Width": 8,
            "Actual Startup Time": 2682.744,
            "Actual Total Time": 2684.145,
            "Actual Rows": 1,
            "Actual Loops": 2,
            "Plans": [
              {
                "Node Type": "Hash Join",
                "Parent Relationship": "Outer",
                "Parallel Aware": true,
                "Join Type": "Inner",
                "Startup Cost": 120653.22,
                "Total Cost": 195445.9,
                "Plan Rows": 1392221,
                "Plan Width": 0,
                "Actual Startup Time": 1279.146,
                "Actual Total Time": 2305.2,
                "Actual Rows": 8385730,
                "Actual Loops": 2,
                "Inner Unique": false,
                "Hash Cond": "(mk.movie_id = t.id)",
                "Plans": [
                  {
                    "Node Type": "Seq Scan",
                    "Parent Relationship": "Outer",
                    "Parallel Aware": true,
                    "Relation Name": "movie_keyword",
                    "Alias": "mk",
                    "Startup Cost": 0.0,
                    "Total Cost": 57718.19,
                    "Plan Rows": 2369322,
                    "Plan Width": 4,
                    "Actual Startup Time": 0.032,
                    "Actual Total Time": 216.065,
                    "Actual Rows": 2008768,
                    "Actual Loops": 2,
                    "Filter": "(keyword_id > 367)",
                    "Rows Removed by Filter": 253198
                  },
                  {
                    "Node Type": "Hash",
                    "Parent Relationship": "Inner",
                    "Parallel Aware": true,
                    "Startup Cost": 109729.46,
                    "Total Cost": 109729.46,
                    "Plan Rows": 873901,
                    "Plan Width": 8,
                    "Actual Startup Time": 1264.62,
                    "Actual Total Time": 1266.019,
                    "Actual Rows": 742847,
                    "Actual Loops": 2,
                    "Hash Buckets": 2097152,
                    "Original Hash Buckets": 2097152,
                    "Hash Batches": 1,
                    "Original Hash Batches": 1,
                    "Peak Memory Usage": 74528,
                    "Plans": [
                      {
                        "Node Type": "Hash Join",
                        "Parent Relationship": "Outer",
                        "Parallel Aware": true,
                        "Join Type": "Inner",
                        "Startup Cost": 69460.7,
                        "Total Cost": 109729.46,
                        "Plan Rows": 873901,
                        "Plan Width": 8,
                        "Actual Startup Time": 616.556,
                        "Actual Total Time": 1042.114,
                        "Actual Rows": 742847,
                        "Actual Loops": 2,
                        "Inner Unique": true,
                        "Hash Cond": "(mc.movie_id = t.id)",
                        "Plans": [
                          {
                            "Node Type": "Seq Scan",
                            "Parent Relationship": "Outer",
                            "Parallel Aware": true,
                            "Relation Name": "movie_companies",
                            "Alias": "mc",
                            "Startup Cost": 0.0,
                            "Total Cost": 37974.77,
                            "Plan Rows": 873901,
                            "Plan Width": 4,
                            "Actual Startup Time": 9.106,
                            "Actual Total Time": 149.219,
                            "Actual Rows": 742847,
                            "Actual Loops": 2,
                            "Filter": "(company_id > 7939)",
                            "Rows Removed by Filter": 561718
                          },
                          {
                            "Node Type": "Hash",
                            "Parent Relationship": "Inner",
                            "Parallel Aware": true,
                            "Startup Cost": 50870.31,
                            "Total Cost": 50870.31,
                            "Plan Rows": 1487231,
                            "Plan Width": 4,
                            "Actual Startup Time": 593.341,
                            "Actual Total Time": 593.342,
                            "Actual Rows": 1264156,
                            "Actual Loops": 2,
                            "Hash Buckets": 4194304,
                            "Original Hash Buckets": 4194304,
                            "Hash Batches": 1,
                            "Original Hash Batches": 1,
                            "Peak Memory Usage": 131680,
                            "Plans": [
                              {
                                "Node Type": "Seq Scan",
                                "Parent Relationship": "Outer",
                                "Parallel Aware": true,
                                "Relation Name": "title",
                                "Alias": "t",
                                "Startup Cost": 0.0,
                                "Total Cost": 50870.31,
                                "Plan Rows": 1487231,
                                "Plan Width": 4,
                                "Actual Startup Time": 0.029,
                                "Actual Total Time": 180.726,
                                "Actual Rows": 1264156,
                                "Actual Loops": 2
                              }
                            ]
                          }
                        ]
                      }
                    ]
                  }
                ]
              }
            ]
          }
        ]
      }
    ]
  },
  "Planning Time": 0.933,
  "Triggers": [],
  "Execution Time": 2731.823
}