[
  {
    "Plan": {
      "Node Type": "Aggregate",
      "Strategy": "Plain",
      "Partial Mode": "Finalize",
      "Parallel Aware": false,
      "Startup Cost": 78007.39,
      "Total Cost": 78007.4,
      "Plan Rows": 1,
      "Plan Width": 8,
      "Actual Startup Time": 406.198,
      "Actual Total Time": 424.597,
      "Actual Rows": 1,
      "Actual Loops": 1,
      "Plans": [
        {
          "Node Type": "Gather",
          "Parent Relationship": "Outer",
          "Parallel Aware": false,
          "Startup Cost": 78007.07,
          "Total Cost": 78007.38,
          "Plan Rows": 3,
          "Plan Width": 8,
          "Actual Startup Time": 396.353,
          "Actual Total Time": 424.589,
          "Actual Rows": 4,
          "Actual Loops": 1,
          "Workers Planned": 3,
          "Workers Launched": 3,
          "Single Copy": false,
          "Plans": [
            {
              "Node Type": "Aggregate",
              "Strategy": "Plain",
              "Partial Mode": "Partial",
              "Parent Relationship": "Outer",
              "Parallel Aware": false,
              "Startup Cost": 77007.07,
              "Total Cost": 77007.08,
              "Plan Rows": 1,
              "Plan Width": 8,
              "Actual Startup Time": 377.258,
              "Actual Total Time": 377.261,
              "Actual Rows": 1,
              "Actual Loops": 4,
              "Plans": [
                {
                  "Node Type": "Hash Join",
                  "Parent Relationship": "Outer",
                  "Parallel Aware": true,
                  "Join Type": "Inner",
                  "Startup Cost": 52060.08,
                  "Total Cost": 76937.14,
                  "Plan Rows": 27971,
                  "Plan Width": 0,
                  "Actual Startup Time": 342.341,
                  "Actual Total Time": 376.192,
                  "Actual Rows": 21257,
                  "Actual Loops": 4,
                  "Inner Unique": true,
                  "Hash Cond": "(mk.movie_id = t.id)",
                  "Plans": [
                    {
                      "Node Type": "Bitmap Heap Scan",
                      "Parent Relationship": "Outer",
                      "Parallel Aware": true,
                      "Relation Name": "movie_keyword",
                      "Alias": "mk",
                      "Startup Cost": 1840.43,
                      "Total Cost": 26644.07,
                      "Plan Rows": 27971,
                      "Plan Width": 4,
                      "Actual Startup Time": 8.115,
                      "Actual Total Time": 32.507,
                      "Actual Rows": 21257,
                      "Actual Loops": 4,
                      "Recheck Cond": "(keyword_id > 86334)",
                      "Rows Removed by Index Recheck": 0,
                      "Exact Heap Blocks": 6371,
                      "Lossy Heap Blocks": 0,
                      "Plans": [
                        {
                          "Node Type": "Bitmap Index Scan",
                          "Parent Relationship": "Outer",
                          "Parallel Aware": false,
                          "Index Name": "keyword_id_movie_keyword",
                          "Startup Cost": 0.0,
                          "Total Cost": 1818.76,
                          "Plan Rows": 86710,
                          "Plan Width": 0,
                          "Actual Startup Time": 5.642,
                          "Actual Total Time": 5.642,
                          "Actual Rows": 85027,
                          "Actual Loops": 1,
                          "Index Cond": "(keyword_id > 86334)"
                        }
                      ]
                    },
                    {
                      "Node Type": "Hash",
                      "Parent Relationship": "Inner",
                      "Parallel Aware": true,
                      "Startup Cost": 42318.73,
                      "Total Cost": 42318.73,
                      "Plan Rows": 632073,
                      "Plan Width": 4,
                      "Actual Startup Time": 322.945,
                      "Actual Total Time": 322.946,
                      "Actual Rows": 632078,
                      "Actual Loops": 4,
                      "Hash Buckets": 4194304,
                      "Original Hash Buckets": 4194304,
                      "Hash Batches": 1,
                      "Original Hash Batches": 1,
                      "Peak Memory Usage": 131744,
                      "Plans": [
                        {
                          "Node Type": "Seq Scan",
                          "Parent Relationship": "Outer",
                          "Parallel Aware": true,
                          "Relation Name": "title",
                          "Alias": "t",
                          "Startup Cost": 0.0,
                          "Total Cost": 42318.73,
                          "Plan Rows": 632073,
                          "Plan Width": 4,
                          "Actual Startup Time": 0.033,
                          "Actual Total Time": 95.585,
                          "Actual Rows": 632078,
                          "Actual Loops": 4
                        }
                      ]
                    }
                  ]
                }
              ]
            }
          ]
        }
      ]
    },
    "Planning Time": 0.591,
    "Triggers": [],
    "Execution Time": 424.685
  }
]