[
  {
    "Plan": {
      "Node Type": "Aggregate",
      "Strategy": "Plain",
      "Partial Mode": "Finalize",
      "Parallel Aware": false,
      "Startup Cost": 46398.84,
      "Total Cost": 46398.85,
      "Plan Rows": 1,
      "Plan Width": 8,
      "Actual Startup Time": 180.668,
      "Actual Total Time": 190.644,
      "Actual Rows": 1,
      "Actual Loops": 1,
      "Plans": [
        {
          "Node Type": "Gather",
          "Parent Relationship": "Outer",
          "Parallel Aware": false,
          "Startup Cost": 46398.53,
          "Total Cost": 46398.84,
          "Plan Rows": 3,
          "Plan Width": 8,
          "Actual Startup Time": 180.514,
          "Actual Total Time": 190.634,
          "Actual Rows": 4,
          "Actual Loops": 1,
          "Workers Planned": 3,
          "Workers Launched": 3,
          "Single Copy": false,
          "Plans": [
            {
              "Node Type": "Aggregate",
              "Strategy": "Plain",
              "Partial Mode": "Partial",
              "Parent Relationship": "Outer",
              "Parallel Aware": false,
              "Startup Cost": 45398.53,
              "Total Cost": 45398.54,
              "Plan Rows": 1,
              "Plan Width": 8,
              "Actual Startup Time": 172.807,
              "Actual Total Time": 172.809,
              "Actual Rows": 1,
              "Actual Loops": 4,
              "Plans": [
                {
                  "Node Type": "Seq Scan",
                  "Parent Relationship": "Outer",
                  "Parallel Aware": true,
                  "Relation Name": "movie_keyword",
                  "Alias": "mk",
                  "Startup Cost": 0.0,
                  "Total Cost": 42695.65,
                  "Plan Rows": 1081149,
                  "Plan Width": 0,
                  "Actual Startup Time": 0.059,
                  "Actual Total Time": 131.118,
                  "Actual Rows": 836027,
                  "Actual Loops": 4,
                  "Filter": "(keyword_id < 15816)",
                  "Rows Removed by Filter": 294956
                }
              ]
            }
          ]
        }
      ]
    },
    "Planning Time": 0.222,
    "Triggers": [],
    "Execution Time": 190.707
  }
]