{
  "Plan": {
    "Node Type": "Aggregate",
    "Strategy": "Plain",
    "Partial Mode": "Finalize",
    "Parallel Aware": false,
    "Startup Cost": 127975.57,
    "Total Cost": 127975.58,
    "Plan Rows": 1,
    "Plan Width": 8,
    "Actual Startup Time": 983.441,
    "Actual Total Time": 996.985,
    "Actual Rows": 1,
    "Actual Loops": 1,
    "Plans": [
      {
        "Node Type": "Gather",
        "Parent Relationship": "Outer",
        "Parallel Aware": false,
        "Startup Cost": 127975.46,
        "Total Cost": 127975.57,
        "Plan Rows": 1,
        "Plan Width": 8,
        "Actual Startup Time": 981.567,
        "Actual Total Time": 996.974,
        "Actual Rows": 2,
        "Actual Loops": 1,
        "Workers Planned": 1,
        "Workers Launched": 1,
        "Single Copy": false,
        "Plans": [
          {
            "Node Type": "Aggregate",
            "Strategy": "Plain",
            "Partial Mode": "Partial",
            "Parent Relationship": "Outer",
            "Parallel Aware": false,
            "Startup Cost": 126975.46,
            "Total Cost": 126975.46,
            "Plan Rows": 1,
            "Plan Width": 8,
            "Actual Startup Time": 975.821,
            "Actual Total Time": 976.623,
            "Actual Rows": 1,
            "Actual Loops": 2,
            "Plans": [
              {
                "Node Type": "Hash Join",
                "Parent Relationship": "Outer",
                "Parallel Aware": true,
                "Join Type": "Inner",
                "Startup Cost": 84762.96,
                "Total Cost": 126609.5,
                "Plan Rows": 146382,
                "Plan Width": 0,
                "Actual Startup Time": 682.15,
                "Actual Total Time": 959.19,
                "Actual Rows": 329936,
                "Actual Loops": 2,
                "Inner Unique": false,
                "Hash Cond": "(mc.movie_id = t.id)",
                "Plans": [
                  {
                    "Node Type": "Seq Scan",
                    "Parent Relationship": "Outer",
                    "Parallel Aware": true,
                    "Relation Name": "movie_companies",
                    "Alias": "mc",
                    "Startup Cost": 0.0,
                    "Total Cost": 37974.77,
                    "Plan Rows": 802852,
                    "Plan Width": 4,
                    "Actual Startup Time": 16.666,
                    "Actual Total Time": 132.676,
                    "Actual Rows": 688170,
                    "Actual Loops": 2,
                    "Filter": "(company_id > 11141)",
                    "Rows Removed by Filter": 616394
                  },
                  {
                    "Node Type": "Hash",
                    "Parent Relationship": "Inner",
                    "Parallel Aware": true,
                    "Startup Cost": 81373.41,
                    "Total Cost": 81373.41,
                    "Plan Rows": 271164,
                    "Plan Width": 8,
                    "Actual Startup Time": 659.934,
                    "Actual Total Time": 660.734,
                    "Actual Rows": 230092,
                    "Actual Loops": 2,
                    "Hash Buckets": 524288,
                    "Original Hash Buckets": 524288,
                    "Hash Batches": 1,
                    "Original Hash Batches": 1,
                    "Peak Memory Usage": 22112,
                    "Plans": [
                      {
                        "Node Type": "Hash Join",
                        "Parent Relationship": "Outer",
                        "Parallel Aware": true,
                        "Join Type": "Inner",
                        "Startup Cost": 21471.87,
                        "Total Cost": 81373.41,
                        "Plan Rows": 271164,
                        "Plan Width": 8,
                        "Actual Startup Time": 139.001,
                        "Actual Total Time": 590.613,
                        "Actual Rows": 230092,
                        "Actual Loops": 2,
                        "Inner Unique": false,
                        "Hash Cond": "(t.id = mi_idx.movie_id)",
                        "Plans": [
                          {
                            "Node Type": "Seq Scan",
                            "Parent Relationship": "Outer",
                            "Parallel Aware": true,
                            "Relation Name": "title",
                            "Alias": "t",
                            "Startup Cost": 0.0,
                            "Total Cost": 50870.31,
                            "Plan Rows": 1487231,
                            "Plan Width": 4,
                            "Actual Startup Time": 0.009,
                            "Actual Total Time": 133.037,
                            "Actual Rows": 1264156,
                            "Actual Loops": 2
                          },
                          {
                            "Node Type": "Hash",
                            "Parent Relationship": "Inner",
                            "Parallel Aware": true,
                            "Startup Cost": 18082.32,
                            "Total Cost": 18082.32,
                            "Plan Rows": 271164,
                            "Plan Width": 4,
                            "Actual Startup Time": 135.577,
                            "Actual Total Time": 135.578,
                            "Actual Rows": 230092,
                            "Actual Loops": 2,
                            "Hash Buckets": 524288,
                            "Original Hash Buckets": 524288,
                            "Hash Batches": 1,
                            "Original Hash Batches": 1,
                            "Peak Memory Usage": 22112,
                            "Plans": [
                              {
                                "Node Type": "Seq Scan",
                                "Parent Relationship": "Outer",
                                "Parallel Aware": true,
                                "Relation Name": "movie_info_idx",
                                "Alias": "mi_idx",
                                "Startup Cost": 0.0,
                                "Total Cost": 18082.32,
                                "Plan Rows": 271164,
                                "Plan Width": 4,
                                "Actual Startup Time": 0.058,
                                "Actual Total Time": 75.382,
                                "Actual Rows": 230092,
                                "Actual Loops": 2,
                                "Filter": "(info_type_id > 100)",
                                "Rows Removed by Filter": 459925
                              }
                            ]
                          }
                        ]
                      }
                    ]
                  }
                ]
              }
            ]
          }
        ]
      }
    ]
  },
  "Planning Time": 0.86,
  "Triggers": [],
  "Execution Time": 997.071
}