{
  "Plan": {
    "Node Type": "Aggregate",
    "Strategy": "Plain",
    "Partial Mode": "Finalize",
    "Parallel Aware": false,
    "Startup Cost": 139439.74,
    "Total Cost": 139439.75,
    "Plan Rows": 1,
    "Plan Width": 8,
    "Actual Startup Time": 1371.025,
    "Actual Total Time": 1450.35,
    "Actual Rows": 1,
    "Actual Loops": 1,
    "Plans": [
      {
        "Node Type": "Gather",
        "Parent Relationship": "Outer",
        "Parallel Aware": false,
        "Startup Cost": 139439.63,
        "Total Cost": 139439.74,
        "Plan Rows": 1,
        "Plan Width": 8,
        "Actual Startup Time": 1366.988,
        "Actual Total Time": 1450.341,
        "Actual Rows": 2,
        "Actual Loops": 1,
        "Workers Planned": 1,
        "Workers Launched": 1,
        "Single Copy": false,
        "Plans": [
          {
            "Node Type": "Aggregate",
            "Strategy": "Plain",
            "Partial Mode": "Partial",
            "Parent Relationship": "Outer",
            "Parallel Aware": false,
            "Startup Cost": 138439.63,
            "Total Cost": 138439.64,
            "Plan Rows": 1,
            "Plan Width": 8,
            "Actual Startup Time": 1354.272,
            "Actual Total Time": 1354.276,
            "Actual Rows": 1,
            "Actual Loops": 2,
            "Plans": [
              {
                "Node Type": "Nested Loop",
                "Parent Relationship": "Outer",
                "Parallel Aware": false,
                "Join Type": "Inner",
                "Startup Cost": 70198.49,
                "Total Cost": 138311.6,
                "Plan Rows": 51214,
                "Plan Width": 0,
                "Actual Startup Time": 533.814,
                "Actual Total Time": 1349.049,
                "Actual Rows": 95924,
                "Actual Loops": 2,
                "Inner Unique": false,
                "Plans": [
                  {
                    "Node Type": "Hash Join",
                    "Parent Relationship": "Outer",
                    "Parallel Aware": true,
                    "Join Type": "Inner",
                    "Startup Cost": 70197.93,
                    "Total Cost": 96220.31,
                    "Plan Rows": 20402,
                    "Plan Width": 8,
                    "Actual Startup Time": 533.589,
                    "Actual Total Time": 572.53,
                    "Actual Rows": 17355,
                    "Actual Loops": 2,
                    "Inner Unique": true,
                    "Hash Cond": "(mk.movie_id = t.id)",
                    "Plans": [
                      {
                        "Node Type": "Bitmap Heap Scan",
                        "Parent Relationship": "Outer",
                        "Parallel Aware": true,
                        "Relation Name": "movie_keyword",
                        "Alias": "mk",
                        "Startup Cost": 737.23,
                        "Total Cost": 26706.06,
                        "Plan Rows": 20402,
                        "Plan Width": 4,
                        "Actual Startup Time": 6.307,
                        "Actual Total Time": 28.523,
                        "Actual Rows": 17355,
                        "Actual Loops": 2,
                        "Recheck Cond": "(keyword_id = 2488)",
                        "Rows Removed by Index Recheck": 0,
                        "Exact Heap Blocks": 8220,
                        "Lossy Heap Blocks": 0,
                        "Plans": [
                          {
                            "Node Type": "Bitmap Index Scan",
                            "Parent Relationship": "Outer",
                            "Parallel Aware": false,
                            "Index Name": "keyword_id_movie_keyword",
                            "Startup Cost": 0.0,
                            "Total Cost": 728.55,
                            "Plan Rows": 34683,
                            "Plan Width": 0,
                            "Actual Startup Time": 4.164,
                            "Actual Total Time": 4.165,
                            "Actual Rows": 34710,
                            "Actual Loops": 1,
                            "Index Cond": "(keyword_id = 2488)"
                          }
                        ]
                      },
                      {
                        "Node Type": "Hash",
                        "Parent Relationship": "Inner",
                        "Parallel Aware": true,
                        "Startup Cost": 50870.31,
                        "Total Cost": 50870.31,
                        "Plan Rows": 1487231,
                        "Plan Width": 4,
                        "Actual Startup Time": 506.182,
                        "Actual Total Time": 506.183,
                        "Actual Rows": 1264156,
                        "Actual Loops": 2,
                        "Hash Buckets": 4194304,
                        "Original Hash Buckets": 4194304,
                        "Hash Batches": 1,
                        "Original Hash Batches": 1,
                        "Peak Memory Usage": 131712,
                        "Plans": [
                          {
                            "Node Type": "Seq Scan",
                            "Parent Relationship": "Outer",
                            "Parallel Aware": true,
                            "Relation Name": "title",
                            "Alias": "t",
                            "Startup Cost": 0.0,
                            "Total Cost": 50870.31,
                            "Plan Rows": 1487231,
                            "Plan Width": 4,
                            "Actual Startup Time": 0.024,
                            "Actual Total Time": 150.196,
                            "Actual Rows": 1264156,
                            "Actual Loops": 2
                          }
                        ]
                      }
                    ]
                  },
                  {
                    "Node Type": "Index Scan",
                    "Parent Relationship": "Inner",
                    "Parallel Aware": false,
                    "Scan Direction": "Forward",
                    "Index Name": "movie_id_cast_info",
                    "Relation Name": "cast_info",
                    "Alias": "ci",
                    "Startup Cost": 0.56,
                    "Total Cost": 2.0,
                    "Plan Rows": 6,
                    "Plan Width": 4,
                    "Actual Startup Time": 0.022,
                    "Actual Total Time": 0.044,
                    "Actual Rows": 6,
                    "Actual Loops": 34710,
                    "Index Cond": "(movie_id = t.id)",
                    "Rows Removed by Index Recheck": 0,
                    "Filter": "((person_id < 3192944) AND (role_id = 2))",
                    "Rows Removed by Filter": 25
                  }
                ]
              }
            ]
          }
        ]
      }
    ]
  },
  "Planning Time": 0.983,
  "Triggers": [],
  "Execution Time": 1450.526
}