[
  {
    "Plan": {
      "Node Type": "Aggregate",
      "Strategy": "Plain",
      "Partial Mode": "Finalize",
      "Parallel Aware": false,
      "Startup Cost": 87787.49,
      "Total Cost": 87787.5,
      "Plan Rows": 1,
      "Plan Width": 8,
      "Actual Startup Time": 341.192,
      "Actual Total Time": 378.274,
      "Actual Rows": 1,
      "Actual Loops": 1,
      "Plans": [
        {
          "Node Type": "Gather",
          "Parent Relationship": "Outer",
          "Parallel Aware": false,
          "Startup Cost": 87787.28,
          "Total Cost": 87787.49,
          "Plan Rows": 2,
          "Plan Width": 8,
          "Actual Startup Time": 339.881,
          "Actual Total Time": 378.257,
          "Actual Rows": 3,
          "Actual Loops": 1,
          "Workers Planned": 2,
          "Workers Launched": 2,
          "Single Copy": false,
          "Plans": [
            {
              "Node Type": "Aggregate",
              "Strategy": "Plain",
              "Partial Mode": "Partial",
              "Parent Relationship": "Outer",
              "Parallel Aware": false,
              "Startup Cost": 86787.28,
              "Total Cost": 86787.29,
              "Plan Rows": 1,
              "Plan Width": 8,
              "Actual Startup Time": 332.572,
              "Actual Total Time": 332.577,
              "Actual Rows": 1,
              "Actual Loops": 3,
              "Plans": [
                {
                  "Node Type": "Nested Loop",
                  "Parent Relationship": "Outer",
                  "Parallel Aware": false,
                  "Join Type": "Inner",
                  "Startup Cost": 45800.15,
                  "Total Cost": 86764.29,
                  "Plan Rows": 9194,
                  "Plan Width": 0,
                  "Actual Startup Time": 157.449,
                  "Actual Total Time": 331.049,
                  "Actual Rows": 22248,
                  "Actual Loops": 3,
                  "Inner Unique": false,
                  "Join Filter": "(t.id = mi.movie_id)",
                  "Rows Removed by Join Filter": 0,
                  "Plans": [
                    {
                      "Node Type": "Hash Join",
                      "Parent Relationship": "Outer",
                      "Parallel Aware": true,
                      "Join Type": "Inner",
                      "Startup Cost": 45799.71,
                      "Total Cost": 61426.59,
                      "Plan Rows": 7794,
                      "Plan Width": 8,
                      "Actual Startup Time": 157.267,
                      "Actual Total Time": 202.226,
                      "Actual Rows": 5846,
                      "Actual Loops": 3,
                      "Inner Unique": true,
                      "Hash Cond": "(mi_idx.movie_id = t.id)",
                      "Plans": [
                        {
                          "Node Type": "Seq Scan",
                          "Parent Relationship": "Outer",
                          "Parallel Aware": true,
                          "Relation Name": "movie_info_idx",
                          "Alias": "mi_idx",
                          "Startup Cost": 0.0,
                          "Total Cost": 15122.68,
                          "Plan Rows": 192074,
                          "Plan Width": 4,
                          "Actual Startup Time": 0.025,
                          "Actual Total Time": 42.248,
                          "Actual Rows": 153395,
                          "Actual Loops": 3,
                          "Filter": "(info_type_id > 100)",
                          "Rows Removed by Filter": 306617
                        },
                        {
                          "Node Type": "Hash",
                          "Parent Relationship": "Inner",
                          "Parallel Aware": true,
                          "Startup Cost": 45479.1,
                          "Total Cost": 45479.1,
                          "Plan Rows": 25649,
                          "Plan Width": 4,
                          "Actual Startup Time": 128.881,
                          "Actual Total Time": 128.882,
                          "Actual Rows": 32997,
                          "Actual Loops": 3,
                          "Hash Buckets": 131072,
                          "Original Hash Buckets": 131072,
                          "Hash Batches": 1,
                          "Original Hash Batches": 1,
                          "Peak Memory Usage": 4928,
                          "Plans": [
                            {
                              "Node Type": "Seq Scan",
                              "Parent Relationship": "Outer",
                              "Parallel Aware": true,
                              "Relation Name": "title",
                              "Alias": "t",
                              "Startup Cost": 0.0,
                              "Total Cost": 45479.1,
                              "Plan Rows": 25649,
                              "Plan Width": 4,
                              "Actual Startup Time": 50.621,
                              "Actual Total Time": 118.393,
                              "Actual Rows": 32997,
                              "Actual Loops": 3,
                              "Filter": "((production_year > 2010) AND (kind_id = 1))",
                              "Rows Removed by Filter": 809773
                            }
                          ]
                        }
                      ]
                    },
                    {
                      "Node Type": "Index Scan",
                      "Parent Relationship": "Inner",
                      "Parallel Aware": false,
                      "Scan Direction": "Forward",
                      "Index Name": "movie_id_movie_info",
                      "Relation Name": "movie_info",
                      "Alias": "mi",
                      "Startup Cost": 0.43,
                      "Total Cost": 3.15,
                      "Plan Rows": 8,
                      "Plan Width": 4,
                      "Actual Startup Time": 0.012,
                      "Actual Total Time": 0.021,
                      "Actual Rows": 4,
                      "Actual Loops": 17538,
                      "Index Cond": "(movie_id = mi_idx.movie_id)",
                      "Rows Removed by Index Recheck": 0,
                      "Filter": "(info_type_id = 16)",
                      "Rows Removed by Filter": 15
                    }
                  ]
                }
              ]
            }
          ]
        }
      ]
    },
    "Planning Time": 1.399,
    "Triggers": [],
    "Execution Time": 378.37
  }
]