[
  {
    "Plan": {
      "Node Type": "Aggregate",
      "Strategy": "Plain",
      "Partial Mode": "Finalize",
      "Parallel Aware": false,
      "Startup Cost": 53613.02,
      "Total Cost": 53613.03,
      "Plan Rows": 1,
      "Plan Width": 8,
      "Actual Startup Time": 117.743,
      "Actual Total Time": 136.578,
      "Actual Rows": 1,
      "Actual Loops": 1,
      "Plans": [
        {
          "Node Type": "Gather",
          "Parent Relationship": "Outer",
          "Parallel Aware": false,
          "Startup Cost": 53612.6,
          "Total Cost": 53613.01,
          "Plan Rows": 4,
          "Plan Width": 8,
          "Actual Startup Time": 117.58,
          "Actual Total Time": 136.562,
          "Actual Rows": 5,
          "Actual Loops": 1,
          "Workers Planned": 4,
          "Workers Launched": 4,
          "Single Copy": false,
          "Plans": [
            {
              "Node Type": "Aggregate",
              "Strategy": "Plain",
              "Partial Mode": "Partial",
              "Parent Relationship": "Outer",
              "Parallel Aware": false,
              "Startup Cost": 52612.6,
              "Total Cost": 52612.61,
              "Plan Rows": 1,
              "Plan Width": 8,
              "Actual Startup Time": 110.814,
              "Actual Total Time": 110.816,
              "Actual Rows": 1,
              "Actual Loops": 5,
              "Plans": [
                {
                  "Node Type": "Nested Loop",
                  "Parent Relationship": "Outer",
                  "Parallel Aware": false,
                  "Join Type": "Inner",
                  "Startup Cost": 0.86,
                  "Total Cost": 52605.61,
                  "Plan Rows": 2793,
                  "Plan Width": 0,
                  "Actual Startup Time": 5.507,
                  "Actual Total Time": 109.682,
                  "Actual Rows": 16232,
                  "Actual Loops": 5,
                  "Inner Unique": false,
                  "Join Filter": "(t.id = mi.movie_id)",
                  "Rows Removed by Join Filter": 0,
                  "Plans": [
                    {
                      "Node Type": "Nested Loop",
                      "Parent Relationship": "Outer",
                      "Parallel Aware": false,
                      "Join Type": "Inner",
                      "Startup Cost": 0.43,
                      "Total Cost": 51514.8,
                      "Plan Rows": 476,
                      "Plan Width": 8,
                      "Actual Startup Time": 5.375,
                      "Actual Total Time": 83.901,
                      "Actual Rows": 840,
                      "Actual Loops": 5,
                      "Inner Unique": false,
                      "Plans": [
                        {
                          "Node Type": "Seq Scan",
                          "Parent Relationship": "Outer",
                          "Parallel Aware": true,
                          "Relation Name": "title",
                          "Alias": "t",
                          "Startup Cost": 0.0,
                          "Total Cost": 45479.59,
                          "Plan Rows": 872,
                          "Plan Width": 4,
                          "Actual Startup Time": 0.641,
                          "Actual Total Time": 76.367,
                          "Actual Rows": 735,
                          "Actual Loops": 5,
                          "Filter": "((kind_id < 7) AND (production_year = 1958))",
                          "Rows Removed by Filter": 504927
                        },
                        {
                          "Node Type": "Index Only Scan",
                          "Parent Relationship": "Inner",
                          "Parallel Aware": false,
                          "Scan Direction": "Forward",
                          "Index Name": "movie_id_movie_info_idx",
                          "Relation Name": "movie_info_idx",
                          "Alias": "mi_idx",
                          "Startup Cost": 0.43,
                          "Total Cost": 6.89,
                          "Plan Rows": 3,
                          "Plan Width": 4,
                          "Actual Startup Time": 0.009,
                          "Actual Total Time": 0.01,
                          "Actual Rows": 1,
                          "Actual Loops": 3676,
                          "Index Cond": "(movie_id = t.id)",
                          "Rows Removed by Index Recheck": 0,
                          "Heap Fetches": 4199
                        }
                      ]
                    },
                    {
                      "Node Type": "Index Only Scan",
                      "Parent Relationship": "Inner",
                      "Parallel Aware": false,
                      "Scan Direction": "Forward",
                      "Index Name": "movie_id_movie_info",
                      "Relation Name": "movie_info",
                      "Alias": "mi",
                      "Startup Cost": 0.43,
                      "Total Cost": 1.78,
                      "Plan Rows": 41,
                      "Plan Width": 4,
                      "Actual Startup Time": 0.008,
                      "Actual Total Time": 0.028,
                      "Actual Rows": 19,
                      "Actual Loops": 4199,
                      "Index Cond": "(movie_id = mi_idx.movie_id)",
                      "Rows Removed by Index Recheck": 0,
                      "Heap Fetches": 81162
                    }
                  ]
                }
              ]
            }
          ]
        }
      ]
    },
    "Planning Time": 0.541,
    "Triggers": [],
    "Execution Time": 136.629
  }
]