[
  {
    "Plan": {
      "Node Type": "Aggregate",
      "Strategy": "Plain",
      "Partial Mode": "Finalize",
      "Parallel Aware": false,
      "Startup Cost": 302010.23,
      "Total Cost": 302010.24,
      "Plan Rows": 1,
      "Plan Width": 8,
      "Actual Startup Time": 1795.088,
      "Actual Total Time": 1842.614,
      "Actual Rows": 1,
      "Actual Loops": 1,
      "Plans": [
        {
          "Node Type": "Gather",
          "Parent Relationship": "Outer",
          "Parallel Aware": false,
          "Startup Cost": 302009.7,
          "Total Cost": 302010.21,
          "Plan Rows": 5,
          "Plan Width": 8,
          "Actual Startup Time": 1772.995,
          "Actual Total Time": 1842.584,
          "Actual Rows": 6,
          "Actual Loops": 1,
          "Workers Planned": 5,
          "Workers Launched": 5,
          "Single Copy": false,
          "Plans": [
            {
              "Node Type": "Aggregate",
              "Strategy": "Plain",
              "Partial Mode": "Partial",
              "Parent Relationship": "Outer",
              "Parallel Aware": false,
              "Startup Cost": 301009.7,
              "Total Cost": 301009.71,
              "Plan Rows": 1,
              "Plan Width": 8,
              "Actual Startup Time": 1764.322,
              "Actual Total Time": 1764.45,
              "Actual Rows": 1,
              "Actual Loops": 6,
              "Plans": [
                {
                  "Node Type": "Hash Join",
                  "Parent Relationship": "Outer",
                  "Parallel Aware": true,
                  "Join Type": "Inner",
                  "Startup Cost": 93899.07,
                  "Total Cost": 299136.22,
                  "Plan Rows": 749392,
                  "Plan Width": 0,
                  "Actual Startup Time": 499.781,
                  "Actual Total Time": 1562.272,
                  "Actual Rows": 4197506,
                  "Actual Loops": 6,
                  "Inner Unique": false,
                  "Hash Cond": "(mi.movie_id = t.id)",
                  "Plans": [
                    {
                      "Node Type": "Seq Scan",
                      "Parent Relationship": "Outer",
                      "Parallel Aware": true,
                      "Relation Name": "movie_info",
                      "Alias": "mi",
                      "Startup Cost": 0.0,
                      "Total Cost": 191685.19,
                      "Plan Rows": 2969219,
                      "Plan Width": 4,
                      "Actual Startup Time": 0.036,
                      "Actual Total Time": 303.544,
                      "Actual Rows": 2472620,
                      "Actual Loops": 6
                    },
                    {
                      "Node Type": "Hash",
                      "Parent Relationship": "Inner",
                      "Parallel Aware": true,
                      "Startup Cost": 91325.92,
                      "Total Cost": 91325.92,
                      "Plan Rows": 205852,
                      "Plan Width": 8,
                      "Actual Startup Time": 496.555,
                      "Actual Total Time": 496.681,
                      "Actual Rows": 108009,
                      "Actual Loops": 6,
                      "Hash Buckets": 1048576,
                      "Original Hash Buckets": 1048576,
                      "Hash Batches": 1,
                      "Original Hash Batches": 1,
                      "Peak Memory Usage": 33600,
                      "Plans": [
                        {
                          "Node Type": "Hash Join",
                          "Parent Relationship": "Outer",
                          "Parallel Aware": true,
                          "Join Type": "Inner",
                          "Startup Cost": 63758.41,
                          "Total Cost": 91325.92,
                          "Plan Rows": 205852,
                          "Plan Width": 8,
                          "Actual Startup Time": 342.491,
                          "Actual Total Time": 445.027,
                          "Actual Rows": 108009,
                          "Actual Loops": 6,
                          "Inner Unique": true,
                          "Hash Cond": "(mk.movie_id = t.id)",
                          "Plans": [
                            {
                              "Node Type": "Bitmap Heap Scan",
                              "Parent Relationship": "Outer",
                              "Parallel Aware": true,
                              "Relation Name": "movie_keyword",
                              "Alias": "mk",
                              "Startup Cost": 13538.03,
                              "Total Cost": 40565.17,
                              "Plan Rows": 205852,
                              "Plan Width": 4,
                              "Actual Startup Time": 39.214,
                              "Actual Total Time": 91.198,
                              "Actual Rows": 108009,
                              "Actual Loops": 6,
                              "Recheck Cond": "(keyword_id < 500)",
                              "Rows Removed by Index Recheck": 0,
                              "Exact Heap Blocks": 4262,
                              "Lossy Heap Blocks": 0,
                              "Plans": [
                                {
                                  "Node Type": "Bitmap Index Scan",
                                  "Parent Relationship": "Outer",
                                  "Parallel Aware": false,
                                  "Index Name": "keyword_id_movie_keyword",
                                  "Startup Cost": 0.0,
                                  "Total Cost": 13378.49,
                                  "Plan Rows": 638141,
                                  "Plan Width": 0,
                                  "Actual Startup Time": 35.471,
                                  "Actual Total Time": 35.472,
                                  "Actual Rows": 648054,
                                  "Actual Loops": 1,
                                  "Index Cond": "(keyword_id < 500)"
                                }
                              ]
                            },
                            {
                              "Node Type": "Hash",
                              "Parent Relationship": "Inner",
                              "Parallel Aware": true,
                              "Startup Cost": 42319.06,
                              "Total Cost": 42319.06,
                              "Plan Rows": 632106,
                              "Plan Width": 4,
                              "Actual Startup Time": 297.769,
                              "Actual Total Time": 297.77,
                              "Actual Rows": 421385,
                              "Actual Loops": 6,
                              "Hash Buckets": 4194304,
                              "Original Hash Buckets": 4194304,
                              "Hash Batches": 1,
                              "Original Hash Batches": 1,
                              "Peak Memory Usage": 131808,
                              "Plans": [
                                {
                                  "Node Type": "Seq Scan",
                                  "Parent Relationship": "Outer",
                                  "Parallel Aware": true,
                                  "Relation Name": "title",
                                  "Alias": "t",
                                  "Startup Cost": 0.0,
                                  "Total Cost": 42319.06,
                                  "Plan Rows": 632106,
                                  "Plan Width": 4,
                                  "Actual Startup Time": 0.056,
                                  "Actual Total Time": 84.088,
                                  "Actual Rows": 421385,
                                  "Actual Loops": 6
                                }
                              ]
                            }
                          ]
                        }
                      ]
                    }
                  ]
                }
              ]
            }
          ]
        }
      ]
    },
    "Planning Time": 0.538,
    "Triggers": [],
    "Execution Time": 1842.685
  }
]