[
    {
        "Bao": {
            "Bao prediction": "NaN",
            "Bao recommended hint": "(no hint)"
        }
    },
    {
        "Plan": {
            "Node Type": "Aggregate",
            "Strategy": "Plain",
            "Partial Mode": "Finalize",
            "Parallel Aware": false,
            "Startup Cost": 288691.34,
            "Total Cost": 288691.35,
            "Plan Rows": 1,
            "Plan Width": 8,
            "Actual Startup Time": 923.746,
            "Actual Total Time": 944.879,
            "Actual Rows": 1,
            "Actual Loops": 1,
            "Output": [
                "count(*)"
            ],
            "Plans": [
                {
                    "Node Type": "Gather",
                    "Parent Relationship": "Outer",
                    "Parallel Aware": false,
                    "Startup Cost": 288690.82,
                    "Total Cost": 288691.33,
                    "Plan Rows": 5,
                    "Plan Width": 8,
                    "Actual Startup Time": 911.42,
                    "Actual Total Time": 944.869,
                    "Actual Rows": 6,
                    "Actual Loops": 1,
                    "Output": [
                        "(PARTIAL count(*))"
                    ],
                    "Workers Planned": 5,
                    "Workers Launched": 5,
                    "Single Copy": false,
                    "Plans": [
                        {
                            "Node Type": "Aggregate",
                            "Strategy": "Plain",
                            "Partial Mode": "Partial",
                            "Parent Relationship": "Outer",
                            "Parallel Aware": false,
                            "Startup Cost": 287690.82,
                            "Total Cost": 287690.83,
                            "Plan Rows": 1,
                            "Plan Width": 8,
                            "Actual Startup Time": 901.451,
                            "Actual Total Time": 901.852,
                            "Actual Rows": 1,
                            "Actual Loops": 6,
                            "Output": [
                                "PARTIAL count(*)"
                            ],
                            "Workers": [
                                {
                                    "Worker Number": 0,
                                    "Actual Startup Time": 899.94,
                                    "Actual Total Time": 899.945,
                                    "Actual Rows": 1,
                                    "Actual Loops": 1
                                },
                                {
                                    "Worker Number": 1,
                                    "Actual Startup Time": 899.324,
                                    "Actual Total Time": 899.331,
                                    "Actual Rows": 1,
                                    "Actual Loops": 1
                                },
                                {
                                    "Worker Number": 2,
                                    "Actual Startup Time": 901.017,
                                    "Actual Total Time": 901.023,
                                    "Actual Rows": 1,
                                    "Actual Loops": 1
                                },
                                {
                                    "Worker Number": 3,
                                    "Actual Startup Time": 899.328,
                                    "Actual Total Time": 899.334,
                                    "Actual Rows": 1,
                                    "Actual Loops": 1
                                },
                                {
                                    "Worker Number": 4,
                                    "Actual Startup Time": 899.342,
                                    "Actual Total Time": 899.348,
                                    "Actual Rows": 1,
                                    "Actual Loops": 1
                                }
                            ],
                            "Plans": [
                                {
                                    "Node Type": "Hash Join",
                                    "Parent Relationship": "Outer",
                                    "Parallel Aware": true,
                                    "Join Type": "Inner",
                                    "Startup Cost": 86117.9,
                                    "Total Cost": 287180.39,
                                    "Plan Rows": 204172,
                                    "Plan Width": 0,
                                    "Actual Startup Time": 465.389,
                                    "Actual Total Time": 870.232,
                                    "Actual Rows": 712184,
                                    "Actual Loops": 6,
                                    "Inner Unique": false,
                                    "Hash Cond": "(mi.movie_id = t.id)",
                                    "Workers": [
                                        {
                                            "Worker Number": 0,
                                            "Actual Startup Time": 464.152,
                                            "Actual Total Time": 869.132,
                                            "Actual Rows": 751317,
                                            "Actual Loops": 1
                                        },
                                        {
                                            "Worker Number": 1,
                                            "Actual Startup Time": 463.596,
                                            "Actual Total Time": 868.337,
                                            "Actual Rows": 733521,
                                            "Actual Loops": 1
                                        },
                                        {
                                            "Worker Number": 2,
                                            "Actual Startup Time": 463.54,
                                            "Actual Total Time": 870.379,
                                            "Actual Rows": 724903,
                                            "Actual Loops": 1
                                        },
                                        {
                                            "Worker Number": 3,
                                            "Actual Startup Time": 463.531,
                                            "Actual Total Time": 868.718,
                                            "Actual Rows": 724440,
                                            "Actual Loops": 1
                                        },
                                        {
                                            "Worker Number": 4,
                                            "Actual Startup Time": 463.554,
                                            "Actual Total Time": 865.598,
                                            "Actual Rows": 504150,
                                            "Actual Loops": 1
                                        }
                                    ],
                                    "Plans": [
                                        {
                                            "Node Type": "Seq Scan",
                                            "Parent Relationship": "Outer",
                                            "Parallel Aware": true,
                                            "Relation Name": "movie_info",
                                            "Schema": "public",
                                            "Alias": "mi",
                                            "Startup Cost": 0.0,
                                            "Total Cost": 198880.74,
                                            "Plan Rows": 445687,
                                            "Plan Width": 4,
                                            "Actual Startup Time": 14.997,
                                            "Actual Total Time": 274.708,
                                            "Actual Rows": 372308,
                                            "Actual Loops": 6,
                                            "Output": [
                                                "mi.id",
                                                "mi.movie_id",
                                                "mi.info_type_id",
                                                "mi.info",
                                                "mi.note"
                                            ],
                                            "Filter": "(mi.info_type_id > 16)",
                                            "Rows Removed by Filter": 2100312,
                                            "Workers": [
                                                {
                                                    "Worker Number": 0,
                                                    "Actual Startup Time": 15.01,
                                                    "Actual Total Time": 280.28,
                                                    "Actual Rows": 389712,
                                                    "Actual Loops": 1
                                                },
                                                {
                                                    "Worker Number": 1,
                                                    "Actual Startup Time": 15.022,
                                                    "Actual Total Time": 275.533,
                                                    "Actual Rows": 382135,
                                                    "Actual Loops": 1
                                                },
                                                {
                                                    "Worker Number": 2,
                                                    "Actual Startup Time": 15.009,
                                                    "Actual Total Time": 275.888,
                                                    "Actual Rows": 378337,
                                                    "Actual Loops": 1
                                                },
                                                {
                                                    "Worker Number": 3,
                                                    "Actual Startup Time": 14.942,
                                                    "Actual Total Time": 275.935,
                                                    "Actual Rows": 380165,
                                                    "Actual Loops": 1
                                                },
                                                {
                                                    "Worker Number": 4,
                                                    "Actual Startup Time": 14.997,
                                                    "Actual Total Time": 279.933,
                                                    "Actual Rows": 264138,
                                                    "Actual Loops": 1
                                                }
                                            ]
                                        },
                                        {
                                            "Node Type": "Hash",
                                            "Parent Relationship": "Inner",
                                            "Parallel Aware": true,
                                            "Startup Cost": 82498.4,
                                            "Total Cost": 82498.4,
                                            "Plan Rows": 289560,
                                            "Plan Width": 8,
                                            "Actual Startup Time": 446.525,
                                            "Actual Total Time": 446.925,
                                            "Actual Rows": 210950,
                                            "Actual Loops": 6,
                                            "Output": [
                                                "t.id",
                                                "mc.movie_id"
                                            ],
                                            "Hash Buckets": 2097152,
                                            "Original Hash Buckets": 2097152,
                                            "Hash Batches": 1,
                                            "Original Hash Batches": 1,
                                            "Peak Memory Usage": 66016,
                                            "Workers": [
                                                {
                                                    "Worker Number": 0,
                                                    "Actual Startup Time": 448.39,
                                                    "Actual Total Time": 448.393,
                                                    "Actual Rows": 220268,
                                                    "Actual Loops": 1
                                                },
                                                {
                                                    "Worker Number": 1,
                                                    "Actual Startup Time": 447.698,
                                                    "Actual Total Time": 447.702,
                                                    "Actual Rows": 218625,
                                                    "Actual Loops": 1
                                                },
                                                {
                                                    "Worker Number": 2,
                                                    "Actual Startup Time": 447.711,
                                                    "Actual Total Time": 447.715,
                                                    "Actual Rows": 213130,
                                                    "Actual Loops": 1
                                                },
                                                {
                                                    "Worker Number": 3,
                                                    "Actual Startup Time": 447.633,
                                                    "Actual Total Time": 447.638,
                                                    "Actual Rows": 214737,
                                                    "Actual Loops": 1
                                                },
                                                {
                                                    "Worker Number": 4,
                                                    "Actual Startup Time": 447.771,
                                                    "Actual Total Time": 447.775,
                                                    "Actual Rows": 162893,
                                                    "Actual Loops": 1
                                                }
                                            ],
                                            "Plans": [
                                                {
                                                    "Node Type": "Hash Join",
                                                    "Parent Relationship": "Outer",
                                                    "Parallel Aware": true,
                                                    "Join Type": "Inner",
                                                    "Startup Cost": 36085.13,
                                                    "Total Cost": 82498.4,
                                                    "Plan Rows": 289560,
                                                    "Plan Width": 8,
                                                    "Actual Startup Time": 150.216,
                                                    "Actual Total Time": 365.975,
                                                    "Actual Rows": 210950,
                                                    "Actual Loops": 6,
                                                    "Output": [
                                                        "t.id",
                                                        "mc.movie_id"
                                                    ],
                                                    "Inner Unique": false,
                                                    "Hash Cond": "(t.id = mc.movie_id)",
                                                    "Workers": [
                                                        {
                                                            "Worker Number": 0,
                                                            "Actual Startup Time": 150.356,
                                                            "Actual Total Time": 365.502,
                                                            "Actual Rows": 220268,
                                                            "Actual Loops": 1
                                                        },
                                                        {
                                                            "Worker Number": 1,
                                                            "Actual Startup Time": 150.179,
                                                            "Actual Total Time": 366.711,
                                                            "Actual Rows": 218625,
                                                            "Actual Loops": 1
                                                        },
                                                        {
                                                            "Worker Number": 2,
                                                            "Actual Startup Time": 150.177,
                                                            "Actual Total Time": 364.734,
                                                            "Actual Rows": 213130,
                                                            "Actual Loops": 1
                                                        },
                                                        {
                                                            "Worker Number": 3,
                                                            "Actual Startup Time": 150.18,
                                                            "Actual Total Time": 365.26,
                                                            "Actual Rows": 214737,
                                                            "Actual Loops": 1
                                                        },
                                                        {
                                                            "Worker Number": 4,
                                                            "Actual Startup Time": 150.083,
                                                            "Actual Total Time": 365.962,
                                                            "Actual Rows": 162893,
                                                            "Actual Loops": 1
                                                        }
                                                    ],
                                                    "Plans": [
                                                        {
                                                            "Node Type": "Seq Scan",
                                                            "Parent Relationship": "Outer",
                                                            "Parallel Aware": true,
                                                            "Relation Name": "title",
                                                            "Schema": "public",
                                                            "Alias": "t",
                                                            "Startup Cost": 0.0,
                                                            "Total Cost": 42318.81,
                                                            "Plan Rows": 632080,
                                                            "Plan Width": 4,
                                                            "Actual Startup Time": 0.02,
                                                            "Actual Total Time": 54.482,
                                                            "Actual Rows": 421385,
                                                            "Actual Loops": 6,
                                                            "Output": [
                                                                "t.id",
                                                                "t.title",
                                                                "t.imdb_index",
                                                                "t.kind_id",
                                                                "t.production_year",
                                                                "t.imdb_id",
                                                                "t.phonetic_code",
                                                                "t.episode_of_id",
                                                                "t.season_nr",
                                                                "t.episode_nr",
                                                                "t.series_years",
                                                                "t.md5sum"
                                                            ],
                                                            "Workers": [
                                                                {
                                                                    "Worker Number": 0,
                                                                    "Actual Startup Time": 0.038,
                                                                    "Actual Total Time": 57.004,
                                                                    "Actual Rows": 438702,
                                                                    "Actual Loops": 1
                                                                },
                                                                {
                                                                    "Worker Number": 1,
                                                                    "Actual Startup Time": 0.015,
                                                                    "Actual Total Time": 55.084,
                                                                    "Actual Rows": 437452,
                                                                    "Actual Loops": 1
                                                                },
                                                                {
                                                                    "Worker Number": 2,
                                                                    "Actual Startup Time": 0.018,
                                                                    "Actual Total Time": 54.479,
                                                                    "Actual Rows": 422476,
                                                                    "Actual Loops": 1
                                                                },
                                                                {
                                                                    "Worker Number": 3,
                                                                    "Actual Startup Time": 0.017,
                                                                    "Actual Total Time": 54.466,
                                                                    "Actual Rows": 425989,
                                                                    "Actual Loops": 1
                                                                },
                                                                {
                                                                    "Worker Number": 4,
                                                                    "Actual Startup Time": 0.026,
                                                                    "Actual Total Time": 62.54,
                                                                    "Actual Rows": 321975,
                                                                    "Actual Loops": 1
                                                                }
                                                            ]
                                                        },
                                                        {
                                                            "Node Type": "Hash",
                                                            "Parent Relationship": "Inner",
                                                            "Parallel Aware": true,
                                                            "Startup Cost": 31414.82,
                                                            "Total Cost": 31414.82,
                                                            "Plan Rows": 373625,
                                                            "Plan Width": 4,
                                                            "Actual Startup Time": 147.844,
                                                            "Actual Total Time": 147.846,
                                                            "Actual Rows": 210950,
                                                            "Actual Loops": 6,
                                                            "Output": [
                                                                "mc.movie_id"
                                                            ],
                                                            "Hash Buckets": 2097152,
                                                            "Original Hash Buckets": 2097152,
                                                            "Hash Batches": 1,
                                                            "Original Hash Batches": 1,
                                                            "Peak Memory Usage": 66016,
                                                            "Workers": [
                                                                {
                                                                    "Worker Number": 0,
                                                                    "Actual Startup Time": 150.026,
                                                                    "Actual Total Time": 150.028,
                                                                    "Actual Rows": 214136,
                                                                    "Actual Loops": 1
                                                                },
                                                                {
                                                                    "Worker Number": 1,
                                                                    "Actual Startup Time": 149.87,
                                                                    "Actual Total Time": 149.872,
                                                                    "Actual Rows": 221297,
                                                                    "Actual Loops": 1
                                                                },
                                                                {
                                                                    "Worker Number": 2,
                                                                    "Actual Startup Time": 149.849,
                                                                    "Actual Total Time": 149.85,
                                                                    "Actual Rows": 216206,
                                                                    "Actual Loops": 1
                                                                },
                                                                {
                                                                    "Worker Number": 3,
                                                                    "Actual Startup Time": 149.869,
                                                                    "Actual Total Time": 149.871,
                                                                    "Actual Rows": 219469,
                                                                    "Actual Loops": 1
                                                                },
                                                                {
                                                                    "Worker Number": 4,
                                                                    "Actual Startup Time": 149.981,
                                                                    "Actual Total Time": 149.983,
                                                                    "Actual Rows": 153815,
                                                                    "Actual Loops": 1
                                                                }
                                                            ],
                                                            "Plans": [
                                                                {
                                                                    "Node Type": "Seq Scan",
                                                                    "Parent Relationship": "Outer",
                                                                    "Parallel Aware": true,
                                                                    "Relation Name": "movie_companies",
                                                                    "Schema": "public",
                                                                    "Alias": "mc",
                                                                    "Startup Cost": 0.0,
                                                                    "Total Cost": 31414.82,
                                                                    "Plan Rows": 373625,
                                                                    "Plan Width": 4,
                                                                    "Actual Startup Time": 39.611,
                                                                    "Actual Total Time": 71.348,
                                                                    "Actual Rows": 210950,
                                                                    "Actual Loops": 6,
                                                                    "Output": [
                                                                        "mc.movie_id"
                                                                    ],
                                                                    "Filter": "((mc.company_id > 161) AND (mc.company_type_id > 1))",
                                                                    "Rows Removed by Filter": 223904,
                                                                    "Workers": [
                                                                        {
                                                                            "Worker Number": 0,
                                                                            "Actual Startup Time": 39.716,
                                                                            "Actual Total Time": 71.162,
                                                                            "Actual Rows": 214136,
                                                                            "Actual Loops": 1
                                                                        },
                                                                        {
                                                                            "Worker Number": 1,
                                                                            "Actual Startup Time": 39.545,
                                                                            "Actual Total Time": 71.68,
                                                                            "Actual Rows": 221297,
                                                                            "Actual Loops": 1
                                                                        },
                                                                        {
                                                                            "Worker Number": 2,
                                                                            "Actual Startup Time": 39.525,
                                                                            "Actual Total Time": 71.45,
                                                                            "Actual Rows": 216206,
                                                                            "Actual Loops": 1
                                                                        },
                                                                        {
                                                                            "Worker Number": 3,
                                                                            "Actual Startup Time": 39.561,
                                                                            "Actual Total Time": 71.535,
                                                                            "Actual Rows": 219469,
                                                                            "Actual Loops": 1
                                                                        },
                                                                        {
                                                                            "Worker Number": 4,
                                                                            "Actual Startup Time": 39.559,
                                                                            "Actual Total Time": 73.921,
                                                                            "Actual Rows": 153815,
                                                                            "Actual Loops": 1
                                                                        }
                                                                    ]
                                                                }
                                                            ]
                                                        }
                                                    ]
                                                }
                                            ]
                                        }
                                    ]
                                }
                            ]
                        }
                    ]
                }
            ]
        },
        "Planning Time": 224.053,
        "Triggers": [],
        "Execution Time": 944.963
    }
]