[
  {
    "Plan": {
      "Node Type": "Aggregate",
      "Strategy": "Plain",
      "Partial Mode": "Finalize",
      "Parallel Aware": false,
      "Startup Cost": 95016.42,
      "Total Cost": 95016.43,
      "Plan Rows": 1,
      "Plan Width": 8,
      "Actual Startup Time": 426.051,
      "Actual Total Time": 443.782,
      "Actual Rows": 1,
      "Actual Loops": 1,
      "Plans": [
        {
          "Node Type": "Gather",
          "Parent Relationship": "Outer",
          "Parallel Aware": false,
          "Startup Cost": 95016.21,
          "Total Cost": 95016.42,
          "Plan Rows": 2,
          "Plan Width": 8,
          "Actual Startup Time": 422.566,
          "Actual Total Time": 443.772,
          "Actual Rows": 3,
          "Actual Loops": 1,
          "Workers Planned": 2,
          "Workers Launched": 2,
          "Single Copy": false,
          "Plans": [
            {
              "Node Type": "Aggregate",
              "Strategy": "Plain",
              "Partial Mode": "Partial",
              "Parent Relationship": "Outer",
              "Parallel Aware": false,
              "Startup Cost": 94016.21,
              "Total Cost": 94016.22,
              "Plan Rows": 1,
              "Plan Width": 8,
              "Actual Startup Time": 414.592,
              "Actual Total Time": 415.165,
              "Actual Rows": 1,
              "Actual Loops": 3,
              "Plans": [
                {
                  "Node Type": "Hash Join",
                  "Parent Relationship": "Outer",
                  "Parallel Aware": true,
                  "Join Type": "Inner",
                  "Startup Cost": 78123.37,
                  "Total Cost": 93996.79,
                  "Plan Rows": 7769,
                  "Plan Width": 0,
                  "Actual Startup Time": 369.707,
                  "Actual Total Time": 412.659,
                  "Actual Rows": 63909,
                  "Actual Loops": 3,
                  "Inner Unique": false,
                  "Hash Cond": "(mi_idx.movie_id = t.id)",
                  "Plans": [
                    {
                      "Node Type": "Seq Scan",
                      "Parent Relationship": "Outer",
                      "Parallel Aware": true,
                      "Relation Name": "movie_info_idx",
                      "Alias": "mi_idx",
                      "Startup Cost": 0.0,
                      "Total Cost": 15122.68,
                      "Plan Rows": 193512,
                      "Plan Width": 4,
                      "Actual Startup Time": 0.029,
                      "Actual Total Time": 35.116,
                      "Actual Rows": 153308,
                      "Actual Loops": 3,
                      "Filter": "(info_type_id = 100)",
                      "Rows Removed by Filter": 306703
                    },
                    {
                      "Node Type": "Hash",
                      "Parent Relationship": "Inner",
                      "Parallel Aware": true,
                      "Startup Cost": 77714.06,
                      "Total Cost": 77714.06,
                      "Plan Rows": 32745,
                      "Plan Width": 8,
                      "Actual Startup Time": 343.08,
                      "Actual Total Time": 343.651,
                      "Actual Rows": 131718,
                      "Actual Loops": 3,
                      "Hash Buckets": 524288,
                      "Original Hash Buckets": 131072,
                      "Hash Batches": 1,
                      "Original Hash Batches": 1,
                      "Peak Memory Usage": 22656,
                      "Plans": [
                        {
                          "Node Type": "Hash Join",
                          "Parent Relationship": "Outer",
                          "Parallel Aware": true,
                          "Join Type": "Inner",
                          "Startup Cost": 45971.59,
                          "Total Cost": 77714.06,
                          "Plan Rows": 32745,
                          "Plan Width": 8,
                          "Actual Startup Time": 236.036,
                          "Actual Total Time": 310.633,
                          "Actual Rows": 131718,
                          "Actual Loops": 3,
                          "Inner Unique": true,
                          "Hash Cond": "(mc.movie_id = t.id)",
                          "Plans": [
                            {
                              "Node Type": "Seq Scan",
                              "Parent Relationship": "Outer",
                              "Parallel Aware": true,
                              "Relation Name": "movie_companies",
                              "Alias": "mc",
                              "Startup Cost": 0.0,
                              "Total Cost": 31414.82,
                              "Plan Rows": 124820,
                              "Plan Width": 4,
                              "Actual Startup Time": 32.975,
                              "Actual Total Time": 76.274,
                              "Actual Rows": 237812,
                              "Actual Loops": 3,
                              "Filter": "((company_id > 33034) AND (company_type_id > 1))",
                              "Rows Removed by Filter": 631897
                            },
                            {
                              "Node Type": "Hash",
                              "Parent Relationship": "Inner",
                              "Parallel Aware": true,
                              "Startup Cost": 43898.92,
                              "Total Cost": 43898.92,
                              "Plan Rows": 165814,
                              "Plan Width": 4,
                              "Actual Startup Time": 166.009,
                              "Actual Total Time": 166.01,
                              "Actual Rows": 220942,
                              "Actual Loops": 3,
                              "Hash Buckets": 1048576,
                              "Original Hash Buckets": 1048576,
                              "Hash Batches": 1,
                              "Original Hash Batches": 1,
                              "Peak Memory Usage": 34176,
                              "Plans": [
                                {
                                  "Node Type": "Seq Scan",
                                  "Parent Relationship": "Outer",
                                  "Parallel Aware": true,
                                  "Relation Name": "title",
                                  "Alias": "t",
                                  "Startup Cost": 0.0,
                                  "Total Cost": 43898.92,
                                  "Plan Rows": 165814,
                                  "Plan Width": 4,
                                  "Actual Startup Time": 44.148,
                                  "Actual Total Time": 109.394,
                                  "Actual Rows": 220942,
                                  "Actual Loops": 3,
                                  "Filter": "(kind_id = 1)",
                                  "Rows Removed by Filter": 621829
                                }
                              ]
                            }
                          ]
                        }
                      ]
                    }
                  ]
                }
              ]
            }
          ]
        }
      ]
    },
    "Planning Time": 1.402,
    "Triggers": [],
    "Execution Time": 443.909
  }
]