[
    {
        "Bao": {
            "Bao prediction": "NaN",
            "Bao recommended hint": "(no hint)"
        }
    },
    {
        "Plan": {
            "Node Type": "Aggregate",
            "Strategy": "Plain",
            "Partial Mode": "Finalize",
            "Parallel Aware": false,
            "Startup Cost": 588537.72,
            "Total Cost": 588537.73,
            "Plan Rows": 1,
            "Plan Width": 8,
            "Actual Startup Time": 1843.167,
            "Actual Total Time": 1882.324,
            "Actual Rows": 1,
            "Actual Loops": 1,
            "Output": [
                "count(*)"
            ],
            "Plans": [
                {
                    "Node Type": "Gather",
                    "Parent Relationship": "Outer",
                    "Parallel Aware": false,
                    "Startup Cost": 588537.19,
                    "Total Cost": 588537.7,
                    "Plan Rows": 5,
                    "Plan Width": 8,
                    "Actual Startup Time": 1832.01,
                    "Actual Total Time": 1882.312,
                    "Actual Rows": 6,
                    "Actual Loops": 1,
                    "Output": [
                        "(PARTIAL count(*))"
                    ],
                    "Workers Planned": 5,
                    "Workers Launched": 5,
                    "Single Copy": false,
                    "Plans": [
                        {
                            "Node Type": "Aggregate",
                            "Strategy": "Plain",
                            "Partial Mode": "Partial",
                            "Parent Relationship": "Outer",
                            "Parallel Aware": false,
                            "Startup Cost": 587537.19,
                            "Total Cost": 587537.2,
                            "Plan Rows": 1,
                            "Plan Width": 8,
                            "Actual Startup Time": 1822.238,
                            "Actual Total Time": 1822.552,
                            "Actual Rows": 1,
                            "Actual Loops": 6,
                            "Output": [
                                "PARTIAL count(*)"
                            ],
                            "Workers": [
                                {
                                    "Worker Number": 0,
                                    "Actual Startup Time": 1818.999,
                                    "Actual Total Time": 1819.005,
                                    "Actual Rows": 1,
                                    "Actual Loops": 1
                                },
                                {
                                    "Worker Number": 1,
                                    "Actual Startup Time": 1819.789,
                                    "Actual Total Time": 1819.794,
                                    "Actual Rows": 1,
                                    "Actual Loops": 1
                                },
                                {
                                    "Worker Number": 2,
                                    "Actual Startup Time": 1819.862,
                                    "Actual Total Time": 1819.868,
                                    "Actual Rows": 1,
                                    "Actual Loops": 1
                                },
                                {
                                    "Worker Number": 3,
                                    "Actual Startup Time": 1819.878,
                                    "Actual Total Time": 1819.883,
                                    "Actual Rows": 1,
                                    "Actual Loops": 1
                                },
                                {
                                    "Worker Number": 4,
                                    "Actual Startup Time": 1823.248,
                                    "Actual Total Time": 1823.254,
                                    "Actual Rows": 1,
                                    "Actual Loops": 1
                                }
                            ],
                            "Plans": [
                                {
                                    "Node Type": "Hash Join",
                                    "Parent Relationship": "Outer",
                                    "Parallel Aware": true,
                                    "Join Type": "Inner",
                                    "Startup Cost": 377598.74,
                                    "Total Cost": 584933.34,
                                    "Plan Rows": 1041540,
                                    "Plan Width": 0,
                                    "Actual Startup Time": 866.476,
                                    "Actual Total Time": 1740.194,
                                    "Actual Rows": 1612626,
                                    "Actual Loops": 6,
                                    "Inner Unique": false,
                                    "Hash Cond": "(mi.movie_id = t.id)",
                                    "Workers": [
                                        {
                                            "Worker Number": 0,
                                            "Actual Startup Time": 863.718,
                                            "Actual Total Time": 1733.4,
                                            "Actual Rows": 1301830,
                                            "Actual Loops": 1
                                        },
                                        {
                                            "Worker Number": 1,
                                            "Actual Startup Time": 864.502,
                                            "Actual Total Time": 1731.311,
                                            "Actual Rows": 1343845,
                                            "Actual Loops": 1
                                        },
                                        {
                                            "Worker Number": 2,
                                            "Actual Startup Time": 864.575,
                                            "Actual Total Time": 1742.877,
                                            "Actual Rows": 1833606,
                                            "Actual Loops": 1
                                        },
                                        {
                                            "Worker Number": 3,
                                            "Actual Startup Time": 864.581,
                                            "Actual Total Time": 1744.175,
                                            "Actual Rows": 1855960,
                                            "Actual Loops": 1
                                        },
                                        {
                                            "Worker Number": 4,
                                            "Actual Startup Time": 865.104,
                                            "Actual Total Time": 1735.589,
                                            "Actual Rows": 1331925,
                                            "Actual Loops": 1
                                        }
                                    ],
                                    "Plans": [
                                        {
                                            "Node Type": "Seq Scan",
                                            "Parent Relationship": "Outer",
                                            "Parallel Aware": true,
                                            "Relation Name": "movie_info",
                                            "Schema": "public",
                                            "Alias": "mi",
                                            "Startup Cost": 0.0,
                                            "Total Cost": 198880.74,
                                            "Plan Rows": 1791457,
                                            "Plan Width": 4,
                                            "Actual Startup Time": 16.004,
                                            "Actual Total Time": 343.299,
                                            "Actual Rows": 1491793,
                                            "Actual Loops": 6,
                                            "Output": [
                                                "mi.id",
                                                "mi.movie_id",
                                                "mi.info_type_id",
                                                "mi.info",
                                                "mi.note"
                                            ],
                                            "Filter": "(mi.info_type_id > 6)",
                                            "Rows Removed by Filter": 980827,
                                            "Workers": [
                                                {
                                                    "Worker Number": 0,
                                                    "Actual Startup Time": 16.085,
                                                    "Actual Total Time": 354.826,
                                                    "Actual Rows": 1193414,
                                                    "Actual Loops": 1
                                                },
                                                {
                                                    "Worker Number": 1,
                                                    "Actual Startup Time": 15.999,
                                                    "Actual Total Time": 362.778,
                                                    "Actual Rows": 1232435,
                                                    "Actual Loops": 1
                                                },
                                                {
                                                    "Worker Number": 2,
                                                    "Actual Startup Time": 15.974,
                                                    "Actual Total Time": 347.096,
                                                    "Actual Rows": 1694372,
                                                    "Actual Loops": 1
                                                },
                                                {
                                                    "Worker Number": 3,
                                                    "Actual Startup Time": 16.101,
                                                    "Actual Total Time": 331.625,
                                                    "Actual Rows": 1687325,
                                                    "Actual Loops": 1
                                                },
                                                {
                                                    "Worker Number": 4,
                                                    "Actual Startup Time": 15.934,
                                                    "Actual Total Time": 364.989,
                                                    "Actual Rows": 1243427,
                                                    "Actual Loops": 1
                                                }
                                            ]
                                        },
                                        {
                                            "Node Type": "Hash",
                                            "Parent Relationship": "Inner",
                                            "Parallel Aware": true,
                                            "Startup Cost": 374536.36,
                                            "Total Cost": 374536.36,
                                            "Plan Rows": 244991,
                                            "Plan Width": 8,
                                            "Actual Startup Time": 847.287,
                                            "Actual Total Time": 847.6,
                                            "Actual Rows": 329532,
                                            "Actual Loops": 6,
                                            "Output": [
                                                "t.id",
                                                "ci.movie_id"
                                            ],
                                            "Hash Buckets": 2097152,
                                            "Original Hash Buckets": 2097152,
                                            "Hash Batches": 1,
                                            "Original Hash Batches": 1,
                                            "Peak Memory Usage": 93792,
                                            "Workers": [
                                                {
                                                    "Worker Number": 0,
                                                    "Actual Startup Time": 847.167,
                                                    "Actual Total Time": 847.171,
                                                    "Actual Rows": 263320,
                                                    "Actual Loops": 1
                                                },
                                                {
                                                    "Worker Number": 1,
                                                    "Actual Startup Time": 847.867,
                                                    "Actual Total Time": 847.871,
                                                    "Actual Rows": 284436,
                                                    "Actual Loops": 1
                                                },
                                                {
                                                    "Worker Number": 2,
                                                    "Actual Startup Time": 848.015,
                                                    "Actual Total Time": 848.019,
                                                    "Actual Rows": 381102,
                                                    "Actual Loops": 1
                                                },
                                                {
                                                    "Worker Number": 3,
                                                    "Actual Startup Time": 848.065,
                                                    "Actual Total Time": 848.069,
                                                    "Actual Rows": 348041,
                                                    "Actual Loops": 1
                                                },
                                                {
                                                    "Worker Number": 4,
                                                    "Actual Startup Time": 848.556,
                                                    "Actual Total Time": 848.56,
                                                    "Actual Rows": 295672,
                                                    "Actual Loops": 1
                                                }
                                            ],
                                            "Plans": [
                                                {
                                                    "Node Type": "Hash Join",
                                                    "Parent Relationship": "Outer",
                                                    "Parallel Aware": true,
                                                    "Join Type": "Inner",
                                                    "Startup Cost": 114427.11,
                                                    "Total Cost": 374536.36,
                                                    "Plan Rows": 244991,
                                                    "Plan Width": 8,
                                                    "Actual Startup Time": 405.899,
                                                    "Actual Total Time": 717.907,
                                                    "Actual Rows": 329532,
                                                    "Actual Loops": 6,
                                                    "Output": [
                                                        "t.id",
                                                        "ci.movie_id"
                                                    ],
                                                    "Inner Unique": true,
                                                    "Hash Cond": "(ci.movie_id = t.id)",
                                                    "Workers": [
                                                        {
                                                            "Worker Number": 0,
                                                            "Actual Startup Time": 405.796,
                                                            "Actual Total Time": 717.341,
                                                            "Actual Rows": 263320,
                                                            "Actual Loops": 1
                                                        },
                                                        {
                                                            "Worker Number": 1,
                                                            "Actual Startup Time": 406.177,
                                                            "Actual Total Time": 719.788,
                                                            "Actual Rows": 284436,
                                                            "Actual Loops": 1
                                                        },
                                                        {
                                                            "Worker Number": 2,
                                                            "Actual Startup Time": 405.71,
                                                            "Actual Total Time": 717.292,
                                                            "Actual Rows": 381102,
                                                            "Actual Loops": 1
                                                        },
                                                        {
                                                            "Worker Number": 3,
                                                            "Actual Startup Time": 406.244,
                                                            "Actual Total Time": 715.5,
                                                            "Actual Rows": 348041,
                                                            "Actual Loops": 1
                                                        },
                                                        {
                                                            "Worker Number": 4,
                                                            "Actual Startup Time": 405.416,
                                                            "Actual Total Time": 719.542,
                                                            "Actual Rows": 295672,
                                                            "Actual Loops": 1
                                                        }
                                                    ],
                                                    "Plans": [
                                                        {
                                                            "Node Type": "Bitmap Heap Scan",
                                                            "Parent Relationship": "Outer",
                                                            "Parallel Aware": true,
                                                            "Relation Name": "cast_info",
                                                            "Schema": "public",
                                                            "Alias": "ci",
                                                            "Startup Cost": 65003.39,
                                                            "Total Cost": 323824.48,
                                                            "Plan Rows": 490727,
                                                            "Plan Width": 4,
                                                            "Actual Startup Time": 212.778,
                                                            "Actual Total Time": 316.867,
                                                            "Actual Rows": 503642,
                                                            "Actual Loops": 6,
                                                            "Output": [
                                                                "ci.id",
                                                                "ci.person_id",
                                                                "ci.movie_id",
                                                                "ci.person_role_id",
                                                                "ci.note",
                                                                "ci.nr_order",
                                                                "ci.role_id"
                                                            ],
                                                            "Recheck Cond": "(ci.person_id > 3501766)",
                                                            "Rows Removed by Index Recheck": 0,
                                                            "Exact Heap Blocks": 8738,
                                                            "Lossy Heap Blocks": 0,
                                                            "Workers": [
                                                                {
                                                                    "Worker Number": 0,
                                                                    "Actual Startup Time": 212.683,
                                                                    "Actual Total Time": 319.395,
                                                                    "Actual Rows": 401893,
                                                                    "Actual Loops": 1
                                                                },
                                                                {
                                                                    "Worker Number": 1,
                                                                    "Actual Startup Time": 213.013,
                                                                    "Actual Total Time": 324.797,
                                                                    "Actual Rows": 437589,
                                                                    "Actual Loops": 1
                                                                },
                                                                {
                                                                    "Worker Number": 2,
                                                                    "Actual Startup Time": 212.635,
                                                                    "Actual Total Time": 317.897,
                                                                    "Actual Rows": 577966,
                                                                    "Actual Loops": 1
                                                                },
                                                                {
                                                                    "Worker Number": 3,
                                                                    "Actual Startup Time": 213.118,
                                                                    "Actual Total Time": 312.763,
                                                                    "Actual Rows": 532266,
                                                                    "Actual Loops": 1
                                                                },
                                                                {
                                                                    "Worker Number": 4,
                                                                    "Actual Startup Time": 212.442,
                                                                    "Actual Total Time": 323.447,
                                                                    "Actual Rows": 452725,
                                                                    "Actual Loops": 1
                                                                }
                                                            ],
                                                            "Plans": [
                                                                {
                                                                    "Node Type": "Bitmap Index Scan",
                                                                    "Parent Relationship": "Outer",
                                                                    "Parallel Aware": false,
                                                                    "Index Name": "person_id_cast_info",
                                                                    "Startup Cost": 0.0,
                                                                    "Total Cost": 64267.29,
                                                                    "Plan Rows": 2944364,
                                                                    "Plan Width": 0,
                                                                    "Actual Startup Time": 201.712,
                                                                    "Actual Total Time": 201.712,
                                                                    "Actual Rows": 3021851,
                                                                    "Actual Loops": 1,
                                                                    "Index Cond": "(ci.person_id > 3501766)",
                                                                    "Workers": [
                                                                        {
                                                                            "Worker Number": 4,
                                                                            "Actual Startup Time": 201.712,
                                                                            "Actual Total Time": 201.712,
                                                                            "Actual Rows": 3021851,
                                                                            "Actual Loops": 1
                                                                        }
                                                                    ]
                                                                }
                                                            ]
                                                        },
                                                        {
                                                            "Node Type": "Hash",
                                                            "Parent Relationship": "Inner",
                                                            "Parallel Aware": true,
                                                            "Startup Cost": 45479.21,
                                                            "Total Cost": 45479.21,
                                                            "Plan Rows": 315561,
                                                            "Plan Width": 4,
                                                            "Actual Startup Time": 190.985,
                                                            "Actual Total Time": 190.986,
                                                            "Actual Rows": 232492,
                                                            "Actual Loops": 6,
                                                            "Output": [
                                                                "t.id"
                                                            ],
                                                            "Hash Buckets": 2097152,
                                                            "Original Hash Buckets": 2097152,
                                                            "Hash Batches": 1,
                                                            "Original Hash Batches": 1,
                                                            "Peak Memory Usage": 71072,
                                                            "Workers": [
                                                                {
                                                                    "Worker Number": 0,
                                                                    "Actual Startup Time": 192.815,
                                                                    "Actual Total Time": 192.816,
                                                                    "Actual Rows": 175116,
                                                                    "Actual Loops": 1
                                                                },
                                                                {
                                                                    "Worker Number": 1,
                                                                    "Actual Startup Time": 192.854,
                                                                    "Actual Total Time": 192.856,
                                                                    "Actual Rows": 184805,
                                                                    "Actual Loops": 1
                                                                },
                                                                {
                                                                    "Worker Number": 2,
                                                                    "Actual Startup Time": 192.811,
                                                                    "Actual Total Time": 192.812,
                                                                    "Actual Rows": 255074,
                                                                    "Actual Loops": 1
                                                                },
                                                                {
                                                                    "Worker Number": 3,
                                                                    "Actual Startup Time": 192.833,
                                                                    "Actual Total Time": 192.834,
                                                                    "Actual Rows": 230127,
                                                                    "Actual Loops": 1
                                                                },
                                                                {
                                                                    "Worker Number": 4,
                                                                    "Actual Startup Time": 192.892,
                                                                    "Actual Total Time": 192.894,
                                                                    "Actual Rows": 186538,
                                                                    "Actual Loops": 1
                                                                }
                                                            ],
                                                            "Plans": [
                                                                {
                                                                    "Node Type": "Seq Scan",
                                                                    "Parent Relationship": "Outer",
                                                                    "Parallel Aware": true,
                                                                    "Relation Name": "title",
                                                                    "Schema": "public",
                                                                    "Alias": "t",
                                                                    "Startup Cost": 0.0,
                                                                    "Total Cost": 45479.21,
                                                                    "Plan Rows": 315561,
                                                                    "Plan Width": 4,
                                                                    "Actual Startup Time": 0.043,
                                                                    "Actual Total Time": 88.175,
                                                                    "Actual Rows": 232492,
                                                                    "Actual Loops": 6,
                                                                    "Output": [
                                                                        "t.id"
                                                                    ],
                                                                    "Filter": "((t.kind_id > 1) AND (t.production_year > 1991))",
                                                                    "Rows Removed by Filter": 188893,
                                                                    "Workers": [
                                                                        {
                                                                            "Worker Number": 0,
                                                                            "Actual Startup Time": 0.064,
                                                                            "Actual Total Time": 90.836,
                                                                            "Actual Rows": 175116,
                                                                            "Actual Loops": 1
                                                                        },
                                                                        {
                                                                            "Worker Number": 1,
                                                                            "Actual Startup Time": 0.038,
                                                                            "Actual Total Time": 92.928,
                                                                            "Actual Rows": 184805,
                                                                            "Actual Loops": 1
                                                                        },
                                                                        {
                                                                            "Worker Number": 2,
                                                                            "Actual Startup Time": 0.06,
                                                                            "Actual Total Time": 88.398,
                                                                            "Actual Rows": 255074,
                                                                            "Actual Loops": 1
                                                                        },
                                                                        {
                                                                            "Worker Number": 3,
                                                                            "Actual Startup Time": 0.041,
                                                                            "Actual Total Time": 86.088,
                                                                            "Actual Rows": 230127,
                                                                            "Actual Loops": 1
                                                                        },
                                                                        {
                                                                            "Worker Number": 4,
                                                                            "Actual Startup Time": 0.041,
                                                                            "Actual Total Time": 93.184,
                                                                            "Actual Rows": 186538,
                                                                            "Actual Loops": 1
                                                                        }
                                                                    ]
                                                                }
                                                            ]
                                                        }
                                                    ]
                                                }
                                            ]
                                        }
                                    ]
                                }
                            ]
                        }
                    ]
                }
            ]
        },
        "Planning Time": 183.91,
        "Triggers": [],
        "Execution Time": 1882.408
    }
]