{
  "Plan": {
    "Node Type": "Aggregate",
    "Strategy": "Plain",
    "Partial Mode": "Simple",
    "Parallel Aware": false,
    "Startup Cost": 22619.15,
    "Total Cost": 22619.16,
    "Plan Rows": 1,
    "Plan Width": 64,
    "Actual Startup Time": 1444.014,
    "Actual Total Time": 1444.018,
    "Actual Rows": 1,
    "Actual Loops": 1,
    "Plans": [
      {
        "Node Type": "Nested Loop",
        "Parent Relationship": "Outer",
        "Parallel Aware": false,
        "Join Type": "Inner",
        "Startup Cost": 4933.36,
        "Total Cost": 22619.15,
        "Plan Rows": 1,
        "Plan Width": 23,
        "Actual Startup Time": 44.235,
        "Actual Total Time": 1443.798,
        "Actual Rows": 686,
        "Actual Loops": 1,
        "Inner Unique": true,
        "Plans": [
          {
            "Node Type": "Nested Loop",
            "Parent Relationship": "Outer",
            "Parallel Aware": false,
            "Join Type": "Inner",
            "Startup Cost": 4932.94,
            "Total Cost": 21747.61,
            "Plan Rows": 1975,
            "Plan Width": 27,
            "Actual Startup Time": 35.27,
            "Actual Total Time": 655.886,
            "Actual Rows": 554523,
            "Actual Loops": 1,
            "Inner Unique": false,
            "Plans": [
              {
                "Node Type": "Nested Loop",
                "Parent Relationship": "Outer",
                "Parallel Aware": false,
                "Join Type": "Inner",
                "Startup Cost": 4932.51,
                "Total Cost": 19750.9,
                "Plan Rows": 1104,
                "Plan Width": 31,
                "Actual Startup Time": 35.252,
                "Actual Total Time": 369.923,
                "Actual Rows": 79195,
                "Actual Loops": 1,
                "Inner Unique": true,
                "Plans": [
                  {
                    "Node Type": "Nested Loop",
                    "Parent Relationship": "Outer",
                    "Parallel Aware": false,
                    "Join Type": "Inner",
                    "Startup Cost": 4932.08,
                    "Total Cost": 17393.63,
                    "Plan Rows": 1699,
                    "Plan Width": 10,
                    "Actual Startup Time": 35.222,
                    "Actual Total Time": 110.129,
                    "Actual Rows": 121572,
                    "Actual Loops": 1,
                    "Inner Unique": false,
                    "Plans": [
                      {
                        "Node Type": "Seq Scan",
                        "Parent Relationship": "Outer",
                        "Parallel Aware": false,
                        "Relation Name": "info_type",
                        "Alias": "it",
                        "Startup Cost": 0.0,
                        "Total Cost": 2.41,
                        "Plan Rows": 1,
                        "Plan Width": 4,
                        "Actual Startup Time": 0.044,
                        "Actual Total Time": 0.05,
                        "Actual Rows": 1,
                        "Actual Loops": 1,
                        "Filter": "((info)::text = 'rating'::text)",
                        "Rows Removed by Filter": 112
                      },
                      {
                        "Node Type": "Bitmap Heap Scan",
                        "Parent Relationship": "Inner",
                        "Parallel Aware": false,
                        "Relation Name": "movie_info_idx",
                        "Alias": "mi_idx",
                        "Startup Cost": 4932.08,
                        "Total Cost": 17007.19,
                        "Plan Rows": 38403,
                        "Plan Width": 14,
                        "Actual Startup Time": 35.166,
                        "Actual Total Time": 100.649,
                        "Actual Rows": 121572,
                        "Actual Loops": 1,
                        "Recheck Cond": "(info_type_id = it.id)",
                        "Rows Removed by Index Recheck": 0,
                        "Filter": "(info > '7.0'::text)",
                        "Rows Removed by Filter": 338353,
                        "Exact Heap Blocks": 7934,
                        "Lossy Heap Blocks": 0,
                        "Plans": [
                          {
                            "Node Type": "Bitmap Index Scan",
                            "Parent Relationship": "Outer",
                            "Parallel Aware": false,
                            "Index Name": "info_type_id_movie_info_idx",
                            "Startup Cost": 0.0,
                            "Total Cost": 4922.48,
                            "Plan Rows": 276007,
                            "Plan Width": 0,
                            "Actual Startup Time": 33.9,
                            "Actual Total Time": 33.9,
                            "Actual Rows": 459925,
                            "Actual Loops": 1,
                            "Index Cond": "(info_type_id = it.id)"
                          }
                        ]
                      }
                    ]
                  },
                  {
                    "Node Type": "Index Scan",
                    "Parent Relationship": "Inner",
                    "Parallel Aware": false,
                    "Scan Direction": "Forward",
                    "Index Name": "title_pkey",
                    "Relation Name": "title",
                    "Alias": "t",
                    "Startup Cost": 0.43,
                    "Total Cost": 1.39,
                    "Plan Rows": 1,
                    "Plan Width": 21,
                    "Actual Startup Time": 0.002,
                    "Actual Total Time": 0.002,
                    "Actual Rows": 1,
                    "Actual Loops": 121572,
                    "Index Cond": "(id = mi_idx.movie_id)",
                    "Rows Removed by Index Recheck": 0,
                    "Filter": "(production_year > 1994)",
                    "Rows Removed by Filter": 0
                  }
                ]
              },
              {
                "Node Type": "Index Scan",
                "Parent Relationship": "Inner",
                "Parallel Aware": false,
                "Scan Direction": "Forward",
                "Index Name": "movie_id_movie_keyword",
                "Relation Name": "movie_keyword",
                "Alias": "mk",
                "Startup Cost": 0.43,
                "Total Cost": 1.35,
                "Plan Rows": 46,
                "Plan Width": 8,
                "Actual Startup Time": 0.002,
                "Actual Total Time": 0.003,
                "Actual Rows": 7,
                "Actual Loops": 79195,
                "Index Cond": "(movie_id = t.id)",
                "Rows Removed by Index Recheck": 0
              }
            ]
          },
          {
            "Node Type": "Index Scan",
            "Parent Relationship": "Inner",
            "Parallel Aware": false,
            "Scan Direction": "Forward",
            "Index Name": "keyword_pkey",
            "Relation Name": "keyword",
            "Alias": "k",
            "Startup Cost": 0.42,
            "Total Cost": 0.44,
            "Plan Rows": 1,
            "Plan Width": 4,
            "Actual Startup Time": 0.001,
            "Actual Total Time": 0.001,
            "Actual Rows": 0,
            "Actual Loops": 554523,
            "Index Cond": "(id = mk.keyword_id)",
            "Rows Removed by Index Recheck": 0,
            "Filter": "(keyword ~~ '%sequel%'::text)",
            "Rows Removed by Filter": 1
          }
        ]
      }
    ]
  },
  "Planning Time": 1.566,
  "Triggers": [],
  "Execution Time": 1444.146
}