{
  "Plan": {
    "Node Type": "Aggregate",
    "Strategy": "Plain",
    "Partial Mode": "Finalize",
    "Parallel Aware": false,
    "Startup Cost": 87487.19,
    "Total Cost": 87487.2,
    "Plan Rows": 1,
    "Plan Width": 8,
    "Actual Startup Time": 246.941,
    "Actual Total Time": 257.791,
    "Actual Rows": 1,
    "Actual Loops": 1,
    "Plans": [
      {
        "Node Type": "Gather",
        "Parent Relationship": "Outer",
        "Parallel Aware": false,
        "Startup Cost": 87487.07,
        "Total Cost": 87487.18,
        "Plan Rows": 1,
        "Plan Width": 8,
        "Actual Startup Time": 246.152,
        "Actual Total Time": 257.782,
        "Actual Rows": 2,
        "Actual Loops": 1,
        "Workers Planned": 1,
        "Workers Launched": 1,
        "Single Copy": false,
        "Plans": [
          {
            "Node Type": "Aggregate",
            "Strategy": "Plain",
            "Partial Mode": "Partial",
            "Parent Relationship": "Outer",
            "Parallel Aware": false,
            "Startup Cost": 86487.07,
            "Total Cost": 86487.08,
            "Plan Rows": 1,
            "Plan Width": 8,
            "Actual Startup Time": 243.377,
            "Actual Total Time": 243.381,
            "Actual Rows": 1,
            "Actual Loops": 2,
            "Plans": [
              {
                "Node Type": "Hash Join",
                "Parent Relationship": "Outer",
                "Parallel Aware": true,
                "Join Type": "Inner",
                "Startup Cost": 61230.9,
                "Total Cost": 86480.02,
                "Plan Rows": 2822,
                "Plan Width": 0,
                "Actual Startup Time": 216.263,
                "Actual Total Time": 242.777,
                "Actual Rows": 8140,
                "Actual Loops": 2,
                "Inner Unique": true,
                "Hash Cond": "(mk.movie_id = t.id)",
                "Plans": [
                  {
                    "Node Type": "Bitmap Heap Scan",
                    "Parent Relationship": "Outer",
                    "Parallel Aware": true,
                    "Relation Name": "movie_keyword",
                    "Alias": "mk",
                    "Startup Cost": 970.16,
                    "Total Cost": 26148.8,
                    "Plan Rows": 26848,
                    "Plan Width": 4,
                    "Actual Startup Time": 6.823,
                    "Actual Total Time": 26.391,
                    "Actual Rows": 22593,
                    "Actual Loops": 2,
                    "Recheck Cond": "(keyword_id > 101949)",
                    "Rows Removed by Index Recheck": 0,
                    "Exact Heap Blocks": 6367,
                    "Lossy Heap Blocks": 0,
                    "Plans": [
                      {
                        "Node Type": "Bitmap Index Scan",
                        "Parent Relationship": "Outer",
                        "Parallel Aware": false,
                        "Index Name": "keyword_id_movie_keyword",
                        "Startup Cost": 0.0,
                        "Total Cost": 958.75,
                        "Plan Rows": 45642,
                        "Plan Width": 0,
                        "Actual Startup Time": 4.317,
                        "Actual Total Time": 4.318,
                        "Actual Rows": 45186,
                        "Actual Loops": 1,
                        "Index Cond": "(keyword_id > 101949)"
                      }
                    ]
                  },
                  {
                    "Node Type": "Hash",
                    "Parent Relationship": "Inner",
                    "Parallel Aware": true,
                    "Startup Cost": 58306.47,
                    "Total Cost": 58306.47,
                    "Plan Rows": 156342,
                    "Plan Width": 4,
                    "Actual Startup Time": 206.512,
                    "Actual Total Time": 206.513,
                    "Actual Rows": 191306,
                    "Actual Loops": 2,
                    "Hash Buckets": 524288,
                    "Original Hash Buckets": 524288,
                    "Hash Batches": 1,
                    "Original Hash Batches": 1,
                    "Peak Memory Usage": 19104,
                    "Plans": [
                      {
                        "Node Type": "Seq Scan",
                        "Parent Relationship": "Outer",
                        "Parallel Aware": true,
                        "Relation Name": "title",
                        "Alias": "t",
                        "Startup Cost": 0.0,
                        "Total Cost": 58306.47,
                        "Plan Rows": 156342,
                        "Plan Width": 4,
                        "Actual Startup Time": 0.053,
                        "Actual Total Time": 156.031,
                        "Actual Rows": 191306,
                        "Actual Loops": 2,
                        "Filter": "((kind_id < 7) AND (production_year < 1990))",
                        "Rows Removed by Filter": 1072850
                      }
                    ]
                  }
                ]
              }
            ]
          }
        ]
      }
    ]
  },
  "Planning Time": 0.29,
  "Triggers": [],
  "Execution Time": 257.844
}