[
  {
    "Plan": {
      "Node Type": "Aggregate",
      "Strategy": "Plain",
      "Partial Mode": "Finalize",
      "Parallel Aware": false,
      "Startup Cost": 89894.62,
      "Total Cost": 89894.63,
      "Plan Rows": 1,
      "Plan Width": 8,
      "Actual Startup Time": 262.312,
      "Actual Total Time": 280.844,
      "Actual Rows": 1,
      "Actual Loops": 1,
      "Plans": [
        {
          "Node Type": "Gather",
          "Parent Relationship": "Outer",
          "Parallel Aware": false,
          "Startup Cost": 89894.3,
          "Total Cost": 89894.61,
          "Plan Rows": 3,
          "Plan Width": 8,
          "Actual Startup Time": 261.973,
          "Actual Total Time": 280.834,
          "Actual Rows": 4,
          "Actual Loops": 1,
          "Workers Planned": 3,
          "Workers Launched": 3,
          "Single Copy": false,
          "Plans": [
            {
              "Node Type": "Aggregate",
              "Strategy": "Plain",
              "Partial Mode": "Partial",
              "Parent Relationship": "Outer",
              "Parallel Aware": false,
              "Startup Cost": 88894.3,
              "Total Cost": 88894.31,
              "Plan Rows": 1,
              "Plan Width": 8,
              "Actual Startup Time": 253.879,
              "Actual Total Time": 253.882,
              "Actual Rows": 1,
              "Actual Loops": 4,
              "Plans": [
                {
                  "Node Type": "Hash Join",
                  "Parent Relationship": "Outer",
                  "Parallel Aware": true,
                  "Join Type": "Inner",
                  "Startup Cost": 45846.55,
                  "Total Cost": 88724.63,
                  "Plan Rows": 67870,
                  "Plan Width": 0,
                  "Actual Startup Time": 96.186,
                  "Actual Total Time": 253.839,
                  "Actual Rows": 440,
                  "Actual Loops": 4,
                  "Inner Unique": true,
                  "Hash Cond": "(mk.movie_id = t.id)",
                  "Plans": [
                    {
                      "Node Type": "Seq Scan",
                      "Parent Relationship": "Outer",
                      "Parallel Aware": true,
                      "Relation Name": "movie_keyword",
                      "Alias": "mk",
                      "Startup Cost": 0.0,
                      "Total Cost": 39047.32,
                      "Plan Rows": 1459332,
                      "Plan Width": 4,
                      "Actual Startup Time": 0.022,
                      "Actual Total Time": 87.575,
                      "Actual Rows": 1130982,
                      "Actual Loops": 4
                    },
                    {
                      "Node Type": "Hash",
                      "Parent Relationship": "Inner",
                      "Parallel Aware": true,
                      "Startup Cost": 45479.1,
                      "Total Cost": 45479.1,
                      "Plan Rows": 29396,
                      "Plan Width": 4,
                      "Actual Startup Time": 93.92,
                      "Actual Total Time": 93.921,
                      "Actual Rows": 704,
                      "Actual Loops": 4,
                      "Hash Buckets": 131072,
                      "Original Hash Buckets": 131072,
                      "Hash Batches": 1,
                      "Original Hash Batches": 1,
                      "Peak Memory Usage": 1184,
                      "Plans": [
                        {
                          "Node Type": "Seq Scan",
                          "Parent Relationship": "Outer",
                          "Parallel Aware": true,
                          "Relation Name": "title",
                          "Alias": "t",
                          "Startup Cost": 0.0,
                          "Total Cost": 45479.1,
                          "Plan Rows": 29396,
                          "Plan Width": 4,
                          "Actual Startup Time": 0.482,
                          "Actual Total Time": 93.248,
                          "Actual Rows": 704,
                          "Actual Loops": 4,
                          "Filter": "((kind_id > 1) AND (production_year < 1950))",
                          "Rows Removed by Filter": 631374
                        }
                      ]
                    }
                  ]
                }
              ]
            }
          ]
        }
      ]
    },
    "Planning Time": 0.526,
    "Triggers": [],
    "Execution Time": 280.912
  }
]