[
  {
    "Plan": {
      "Node Type": "Aggregate",
      "Strategy": "Plain",
      "Partial Mode": "Finalize",
      "Parallel Aware": false,
      "Startup Cost": 42469.62,
      "Total Cost": 42469.63,
      "Plan Rows": 1,
      "Plan Width": 8,
      "Actual Startup Time": 146.96,
      "Actual Total Time": 155.979,
      "Actual Rows": 1,
      "Actual Loops": 1,
      "Plans": [
        {
          "Node Type": "Gather",
          "Parent Relationship": "Outer",
          "Parallel Aware": false,
          "Startup Cost": 42469.3,
          "Total Cost": 42469.61,
          "Plan Rows": 3,
          "Plan Width": 8,
          "Actual Startup Time": 146.682,
          "Actual Total Time": 155.969,
          "Actual Rows": 4,
          "Actual Loops": 1,
          "Workers Planned": 3,
          "Workers Launched": 3,
          "Single Copy": false,
          "Plans": [
            {
              "Node Type": "Aggregate",
              "Strategy": "Plain",
              "Partial Mode": "Partial",
              "Parent Relationship": "Outer",
              "Parallel Aware": false,
              "Startup Cost": 41469.3,
              "Total Cost": 41469.31,
              "Plan Rows": 1,
              "Plan Width": 8,
              "Actual Startup Time": 137.68,
              "Actual Total Time": 137.682,
              "Actual Rows": 1,
              "Actual Loops": 4,
              "Plans": [
                {
                  "Node Type": "Bitmap Heap Scan",
                  "Parent Relationship": "Outer",
                  "Parallel Aware": true,
                  "Relation Name": "movie_keyword",
                  "Alias": "mk",
                  "Startup Cost": 13854.69,
                  "Total Cost": 40942.53,
                  "Plan Rows": 210708,
                  "Plan Width": 0,
                  "Actual Startup Time": 49.657,
                  "Actual Total Time": 128.827,
                  "Actual Rows": 165687,
                  "Actual Loops": 4,
                  "Recheck Cond": "(keyword_id < 518)",
                  "Rows Removed by Index Recheck": 0,
                  "Exact Heap Blocks": 9904,
                  "Lossy Heap Blocks": 0,
                  "Plans": [
                    {
                      "Node Type": "Bitmap Index Scan",
                      "Parent Relationship": "Outer",
                      "Parallel Aware": false,
                      "Index Name": "keyword_id_movie_keyword",
                      "Startup Cost": 0.0,
                      "Total Cost": 13691.39,
                      "Plan Rows": 653194,
                      "Plan Width": 0,
                      "Actual Startup Time": 54.042,
                      "Actual Total Time": 54.042,
                      "Actual Rows": 662748,
                      "Actual Loops": 1,
                      "Index Cond": "(keyword_id < 518)"
                    }
                  ]
                }
              ]
            }
          ]
        }
      ]
    },
    "Planning Time": 0.221,
    "Triggers": [],
    "Execution Time": 156.06
  }
]