[
  {
    "Plan": {
      "Node Type": "Aggregate",
      "Strategy": "Plain",
      "Partial Mode": "Finalize",
      "Parallel Aware": false,
      "Startup Cost": 251322.89,
      "Total Cost": 251322.9,
      "Plan Rows": 1,
      "Plan Width": 8,
      "Actual Startup Time": 705.719,
      "Actual Total Time": 747.525,
      "Actual Rows": 1,
      "Actual Loops": 1,
      "Plans": [
        {
          "Node Type": "Gather",
          "Parent Relationship": "Outer",
          "Parallel Aware": false,
          "Startup Cost": 251322.37,
          "Total Cost": 251322.88,
          "Plan Rows": 5,
          "Plan Width": 8,
          "Actual Startup Time": 702.966,
          "Actual Total Time": 747.514,
          "Actual Rows": 6,
          "Actual Loops": 1,
          "Workers Planned": 5,
          "Workers Launched": 5,
          "Single Copy": false,
          "Plans": [
            {
              "Node Type": "Aggregate",
              "Strategy": "Plain",
              "Partial Mode": "Partial",
              "Parent Relationship": "Outer",
              "Parallel Aware": false,
              "Startup Cost": 250322.37,
              "Total Cost": 250322.38,
              "Plan Rows": 1,
              "Plan Width": 8,
              "Actual Startup Time": 694.116,
              "Actual Total Time": 694.12,
              "Actual Rows": 1,
              "Actual Loops": 6,
              "Plans": [
                {
                  "Node Type": "Hash Join",
                  "Parent Relationship": "Outer",
                  "Parallel Aware": true,
                  "Join Type": "Inner",
                  "Startup Cost": 47278.46,
                  "Total Cost": 249621.07,
                  "Plan Rows": 280519,
                  "Plan Width": 0,
                  "Actual Startup Time": 157.811,
                  "Actual Total Time": 671.739,
                  "Actual Rows": 429890,
                  "Actual Loops": 6,
                  "Inner Unique": true,
                  "Hash Cond": "(mi.movie_id = t.id)",
                  "Plans": [
                    {
                      "Node Type": "Seq Scan",
                      "Parent Relationship": "Outer",
                      "Parallel Aware": true,
                      "Relation Name": "movie_info",
                      "Alias": "mi",
                      "Startup Cost": 0.0,
                      "Total Cost": 199108.24,
                      "Plan Rows": 1232139,
                      "Plan Width": 4,
                      "Actual Startup Time": 17.509,
                      "Actual Total Time": 342.845,
                      "Actual Rows": 1037249,
                      "Actual Loops": 6,
                      "Filter": "(info_type_id > 8)",
                      "Rows Removed by Filter": 1435371
                    },
                    {
                      "Node Type": "Hash",
                      "Parent Relationship": "Inner",
                      "Parallel Aware": true,
                      "Startup Cost": 45479.59,
                      "Total Cost": 45479.59,
                      "Plan Rows": 143910,
                      "Plan Width": 4,
                      "Actual Startup Time": 122.325,
                      "Actual Total Time": 122.327,
                      "Actual Rows": 76784,
                      "Actual Loops": 6,
                      "Hash Buckets": 1048576,
                      "Original Hash Buckets": 1048576,
                      "Hash Batches": 1,
                      "Original Hash Batches": 1,
                      "Peak Memory Usage": 26304,
                      "Plans": [
                        {
                          "Node Type": "Seq Scan",
                          "Parent Relationship": "Outer",
                          "Parallel Aware": true,
                          "Relation Name": "title",
                          "Alias": "t",
                          "Startup Cost": 0.0,
                          "Total Cost": 45479.59,
                          "Plan Rows": 143910,
                          "Plan Width": 4,
                          "Actual Startup Time": 42.314,
                          "Actual Total Time": 86.351,
                          "Actual Rows": 76784,
                          "Actual Loops": 6,
                          "Filter": "((production_year > 1961) AND (kind_id = 1))",
                          "Rows Removed by Filter": 344602
                        }
                      ]
                    }
                  ]
                }
              ]
            }
          ]
        }
      ]
    },
    "Planning Time": 0.604,
    "Triggers": [],
    "Execution Time": 747.595
  }
]