[
    {
        "Bao": {
            "Bao prediction": "NaN",
            "Bao recommended hint": "(no hint)"
        }
    },
    {
        "Plan": {
            "Node Type": "Aggregate",
            "Strategy": "Plain",
            "Partial Mode": "Finalize",
            "Parallel Aware": false,
            "Startup Cost": 241745.34,
            "Total Cost": 241745.35,
            "Plan Rows": 1,
            "Plan Width": 8,
            "Actual Startup Time": 234.749,
            "Actual Total Time": 250.908,
            "Actual Rows": 1,
            "Actual Loops": 1,
            "Output": [
                "count(*)"
            ],
            "Plans": [
                {
                    "Node Type": "Gather",
                    "Parent Relationship": "Outer",
                    "Parallel Aware": false,
                    "Startup Cost": 241744.82,
                    "Total Cost": 241745.33,
                    "Plan Rows": 5,
                    "Plan Width": 8,
                    "Actual Startup Time": 234.186,
                    "Actual Total Time": 250.899,
                    "Actual Rows": 6,
                    "Actual Loops": 1,
                    "Output": [
                        "(PARTIAL count(*))"
                    ],
                    "Workers Planned": 5,
                    "Workers Launched": 5,
                    "Single Copy": false,
                    "Plans": [
                        {
                            "Node Type": "Aggregate",
                            "Strategy": "Plain",
                            "Partial Mode": "Partial",
                            "Parent Relationship": "Outer",
                            "Parallel Aware": false,
                            "Startup Cost": 240744.82,
                            "Total Cost": 240744.83,
                            "Plan Rows": 1,
                            "Plan Width": 8,
                            "Actual Startup Time": 223.435,
                            "Actual Total Time": 223.439,
                            "Actual Rows": 1,
                            "Actual Loops": 6,
                            "Output": [
                                "PARTIAL count(*)"
                            ],
                            "Workers": [
                                {
                                    "Worker Number": 0,
                                    "Actual Startup Time": 220.949,
                                    "Actual Total Time": 220.954,
                                    "Actual Rows": 1,
                                    "Actual Loops": 1
                                },
                                {
                                    "Worker Number": 1,
                                    "Actual Startup Time": 221.086,
                                    "Actual Total Time": 221.09,
                                    "Actual Rows": 1,
                                    "Actual Loops": 1
                                },
                                {
                                    "Worker Number": 2,
                                    "Actual Startup Time": 221.297,
                                    "Actual Total Time": 221.3,
                                    "Actual Rows": 1,
                                    "Actual Loops": 1
                                },
                                {
                                    "Worker Number": 3,
                                    "Actual Startup Time": 222.078,
                                    "Actual Total Time": 222.082,
                                    "Actual Rows": 1,
                                    "Actual Loops": 1
                                },
                                {
                                    "Worker Number": 4,
                                    "Actual Startup Time": 222.116,
                                    "Actual Total Time": 222.119,
                                    "Actual Rows": 1,
                                    "Actual Loops": 1
                                }
                            ],
                            "Plans": [
                                {
                                    "Node Type": "Nested Loop",
                                    "Parent Relationship": "Outer",
                                    "Parallel Aware": false,
                                    "Join Type": "Inner",
                                    "Startup Cost": 64966.15,
                                    "Total Cost": 240680.0,
                                    "Plan Rows": 25928,
                                    "Plan Width": 0,
                                    "Actual Startup Time": 128.523,
                                    "Actual Total Time": 222.306,
                                    "Actual Rows": 12767,
                                    "Actual Loops": 6,
                                    "Inner Unique": false,
                                    "Join Filter": "(t.id = ci.movie_id)",
                                    "Rows Removed by Join Filter": 0,
                                    "Workers": [
                                        {
                                            "Worker Number": 0,
                                            "Actual Startup Time": 126.299,
                                            "Actual Total Time": 219.766,
                                            "Actual Rows": 7888,
                                            "Actual Loops": 1
                                        },
                                        {
                                            "Worker Number": 1,
                                            "Actual Startup Time": 126.134,
                                            "Actual Total Time": 219.904,
                                            "Actual Rows": 11831,
                                            "Actual Loops": 1
                                        },
                                        {
                                            "Worker Number": 2,
                                            "Actual Startup Time": 126.394,
                                            "Actual Total Time": 220.342,
                                            "Actual Rows": 10294,
                                            "Actual Loops": 1
                                        },
                                        {
                                            "Worker Number": 3,
                                            "Actual Startup Time": 127.164,
                                            "Actual Total Time": 220.949,
                                            "Actual Rows": 11226,
                                            "Actual Loops": 1
                                        },
                                        {
                                            "Worker Number": 4,
                                            "Actual Startup Time": 127.15,
                                            "Actual Total Time": 220.904,
                                            "Actual Rows": 12296,
                                            "Actual Loops": 1
                                        }
                                    ],
                                    "Plans": [
                                        {
                                            "Node Type": "Hash Join",
                                            "Parent Relationship": "Outer",
                                            "Parallel Aware": true,
                                            "Join Type": "Inner",
                                            "Startup Cost": 64965.59,
                                            "Total Cost": 231347.61,
                                            "Plan Rows": 3565,
                                            "Plan Width": 8,
                                            "Actual Startup Time": 128.392,
                                            "Actual Total Time": 165.587,
                                            "Actual Rows": 1030,
                                            "Actual Loops": 6,
                                            "Output": [
                                                "t.id",
                                                "mi.movie_id"
                                            ],
                                            "Inner Unique": true,
                                            "Hash Cond": "(mi.movie_id = t.id)",
                                            "Workers": [
                                                {
                                                    "Worker Number": 0,
                                                    "Actual Startup Time": 126.127,
                                                    "Actual Total Time": 159.849,
                                                    "Actual Rows": 661,
                                                    "Actual Loops": 1
                                                },
                                                {
                                                    "Worker Number": 1,
                                                    "Actual Startup Time": 125.985,
                                                    "Actual Total Time": 158.284,
                                                    "Actual Rows": 904,
                                                    "Actual Loops": 1
                                                },
                                                {
                                                    "Worker Number": 2,
                                                    "Actual Startup Time": 126.257,
                                                    "Actual Total Time": 162.003,
                                                    "Actual Rows": 910,
                                                    "Actual Loops": 1
                                                },
                                                {
                                                    "Worker Number": 3,
                                                    "Actual Startup Time": 127.014,
                                                    "Actual Total Time": 160.536,
                                                    "Actual Rows": 961,
                                                    "Actual Loops": 1
                                                },
                                                {
                                                    "Worker Number": 4,
                                                    "Actual Startup Time": 127.008,
                                                    "Actual Total Time": 159.066,
                                                    "Actual Rows": 878,
                                                    "Actual Loops": 1
                                                }
                                            ],
                                            "Plans": [
                                                {
                                                    "Node Type": "Bitmap Heap Scan",
                                                    "Parent Relationship": "Outer",
                                                    "Parallel Aware": true,
                                                    "Relation Name": "movie_info",
                                                    "Schema": "public",
                                                    "Alias": "mi",
                                                    "Startup Cost": 26313.05,
                                                    "Total Cost": 191933.34,
                                                    "Plan Rows": 290184,
                                                    "Plan Width": 4,
                                                    "Actual Startup Time": 49.363,
                                                    "Actual Total Time": 83.434,
                                                    "Actual Rows": 233650,
                                                    "Actual Loops": 6,
                                                    "Output": [
                                                        "mi.id",
                                                        "mi.movie_id",
                                                        "mi.info_type_id",
                                                        "mi.info",
                                                        "mi.note"
                                                    ],
                                                    "Recheck Cond": "(mi.info_type_id = 7)",
                                                    "Rows Removed by Index Recheck": 0,
                                                    "Exact Heap Blocks": 3345,
                                                    "Lossy Heap Blocks": 0,
                                                    "Workers": [
                                                        {
                                                            "Worker Number": 0,
                                                            "Actual Startup Time": 49.489,
                                                            "Actual Total Time": 81.877,
                                                            "Actual Rows": 152133,
                                                            "Actual Loops": 1
                                                        },
                                                        {
                                                            "Worker Number": 1,
                                                            "Actual Startup Time": 49.432,
                                                            "Actual Total Time": 80.92,
                                                            "Actual Rows": 190368,
                                                            "Actual Loops": 1
                                                        },
                                                        {
                                                            "Worker Number": 2,
                                                            "Actual Startup Time": 49.313,
                                                            "Actual Total Time": 84.093,
                                                            "Actual Rows": 206402,
                                                            "Actual Loops": 1
                                                        },
                                                        {
                                                            "Worker Number": 3,
                                                            "Actual Startup Time": 49.314,
                                                            "Actual Total Time": 81.796,
                                                            "Actual Rows": 197214,
                                                            "Actual Loops": 1
                                                        },
                                                        {
                                                            "Worker Number": 4,
                                                            "Actual Startup Time": 49.667,
                                                            "Actual Total Time": 81.127,
                                                            "Actual Rows": 187228,
                                                            "Actual Loops": 1
                                                        }
                                                    ],
                                                    "Plans": [
                                                        {
                                                            "Node Type": "Bitmap Index Scan",
                                                            "Parent Relationship": "Outer",
                                                            "Parallel Aware": false,
                                                            "Index Name": "info_type_id_movie_info",
                                                            "Startup Cost": 0.0,
                                                            "Total Cost": 25950.32,
                                                            "Plan Rows": 1450918,
                                                            "Plan Width": 0,
                                                            "Actual Startup Time": 47.547,
                                                            "Actual Total Time": 47.548,
                                                            "Actual Rows": 1401902,
                                                            "Actual Loops": 1,
                                                            "Index Cond": "(mi.info_type_id = 7)"
                                                        }
                                                    ]
                                                },
                                                {
                                                    "Node Type": "Hash",
                                                    "Parent Relationship": "Inner",
                                                    "Parallel Aware": true,
                                                    "Startup Cost": 38555.46,
                                                    "Total Cost": 38555.46,
                                                    "Plan Rows": 7766,
                                                    "Plan Width": 4,
                                                    "Actual Startup Time": 51.564,
                                                    "Actual Total Time": 51.565,
                                                    "Actual Rows": 4805,
                                                    "Actual Loops": 6,
                                                    "Output": [
                                                        "t.id"
                                                    ],
                                                    "Hash Buckets": 32768,
                                                    "Original Hash Buckets": 32768,
                                                    "Hash Batches": 1,
                                                    "Original Hash Batches": 1,
                                                    "Peak Memory Usage": 1472,
                                                    "Workers": [
                                                        {
                                                            "Worker Number": 0,
                                                            "Actual Startup Time": 49.773,
                                                            "Actual Total Time": 49.775,
                                                            "Actual Rows": 2824,
                                                            "Actual Loops": 1
                                                        },
                                                        {
                                                            "Worker Number": 1,
                                                            "Actual Startup Time": 49.913,
                                                            "Actual Total Time": 49.914,
                                                            "Actual Rows": 3062,
                                                            "Actual Loops": 1
                                                        },
                                                        {
                                                            "Worker Number": 2,
                                                            "Actual Startup Time": 50.109,
                                                            "Actual Total Time": 50.11,
                                                            "Actual Rows": 2516,
                                                            "Actual Loops": 1
                                                        },
                                                        {
                                                            "Worker Number": 3,
                                                            "Actual Startup Time": 50.79,
                                                            "Actual Total Time": 50.791,
                                                            "Actual Rows": 3222,
                                                            "Actual Loops": 1
                                                        },
                                                        {
                                                            "Worker Number": 4,
                                                            "Actual Startup Time": 50.956,
                                                            "Actual Total Time": 50.957,
                                                            "Actual Rows": 3233,
                                                            "Actual Loops": 1
                                                        }
                                                    ],
                                                    "Plans": [
                                                        {
                                                            "Node Type": "Bitmap Heap Scan",
                                                            "Parent Relationship": "Outer",
                                                            "Parallel Aware": true,
                                                            "Relation Name": "title",
                                                            "Schema": "public",
                                                            "Alias": "t",
                                                            "Startup Cost": 2114.37,
                                                            "Total Cost": 38555.46,
                                                            "Plan Rows": 7766,
                                                            "Plan Width": 4,
                                                            "Actual Startup Time": 15.519,
                                                            "Actual Total Time": 48.866,
                                                            "Actual Rows": 4805,
                                                            "Actual Loops": 6,
                                                            "Output": [
                                                                "t.id"
                                                            ],
                                                            "Recheck Cond": "(t.kind_id = 4)",
                                                            "Rows Removed by Index Recheck": 0,
                                                            "Filter": "(t.production_year > 2008)",
                                                            "Rows Removed by Filter": 14900,
                                                            "Exact Heap Blocks": 6203,
                                                            "Lossy Heap Blocks": 0,
                                                            "Workers": [
                                                                {
                                                                    "Worker Number": 0,
                                                                    "Actual Startup Time": 13.925,
                                                                    "Actual Total Time": 47.373,
                                                                    "Actual Rows": 2824,
                                                                    "Actual Loops": 1
                                                                },
                                                                {
                                                                    "Worker Number": 1,
                                                                    "Actual Startup Time": 14.016,
                                                                    "Actual Total Time": 47.468,
                                                                    "Actual Rows": 3062,
                                                                    "Actual Loops": 1
                                                                },
                                                                {
                                                                    "Worker Number": 2,
                                                                    "Actual Startup Time": 14.014,
                                                                    "Actual Total Time": 47.594,
                                                                    "Actual Rows": 2516,
                                                                    "Actual Loops": 1
                                                                },
                                                                {
                                                                    "Worker Number": 3,
                                                                    "Actual Startup Time": 14.752,
                                                                    "Actual Total Time": 48.147,
                                                                    "Actual Rows": 3222,
                                                                    "Actual Loops": 1
                                                                },
                                                                {
                                                                    "Worker Number": 4,
                                                                    "Actual Startup Time": 14.853,
                                                                    "Actual Total Time": 48.47,
                                                                    "Actual Rows": 3233,
                                                                    "Actual Loops": 1
                                                                }
                                                            ],
                                                            "Plans": [
                                                                {
                                                                    "Node Type": "Bitmap Index Scan",
                                                                    "Parent Relationship": "Outer",
                                                                    "Parallel Aware": false,
                                                                    "Index Name": "kind_id_title",
                                                                    "Startup Cost": 0.0,
                                                                    "Total Cost": 2106.61,
                                                                    "Plan Rows": 118157,
                                                                    "Plan Width": 0,
                                                                    "Actual Startup Time": 16.631,
                                                                    "Actual Total Time": 16.632,
                                                                    "Actual Rows": 118234,
                                                                    "Actual Loops": 1,
                                                                    "Index Cond": "(t.kind_id = 4)"
                                                                }
                                                            ]
                                                        }
                                                    ]
                                                }
                                            ]
                                        },
                                        {
                                            "Node Type": "Index Scan",
                                            "Parent Relationship": "Inner",
                                            "Parallel Aware": false,
                                            "Scan Direction": "Forward",
                                            "Index Name": "movie_id_cast_info",
                                            "Relation Name": "cast_info",
                                            "Schema": "public",
                                            "Alias": "ci",
                                            "Startup Cost": 0.56,
                                            "Total Cost": 2.38,
                                            "Plan Rows": 19,
                                            "Plan Width": 4,
                                            "Actual Startup Time": 0.012,
                                            "Actual Total Time": 0.053,
                                            "Actual Rows": 12,
                                            "Actual Loops": 6180,
                                            "Output": [
                                                "ci.id",
                                                "ci.person_id",
                                                "ci.movie_id",
                                                "ci.person_role_id",
                                                "ci.note",
                                                "ci.nr_order",
                                                "ci.role_id"
                                            ],
                                            "Index Cond": "(ci.movie_id = mi.movie_id)",
                                            "Rows Removed by Index Recheck": 0,
                                            "Filter": "(ci.person_id < 1815849)",
                                            "Rows Removed by Filter": 9,
                                            "Workers": [
                                                {
                                                    "Worker Number": 0,
                                                    "Actual Startup Time": 0.02,
                                                    "Actual Total Time": 0.087,
                                                    "Actual Rows": 12,
                                                    "Actual Loops": 661
                                                },
                                                {
                                                    "Worker Number": 1,
                                                    "Actual Startup Time": 0.015,
                                                    "Actual Total Time": 0.066,
                                                    "Actual Rows": 13,
                                                    "Actual Loops": 904
                                                },
                                                {
                                                    "Worker Number": 2,
                                                    "Actual Startup Time": 0.016,
                                                    "Actual Total Time": 0.062,
                                                    "Actual Rows": 11,
                                                    "Actual Loops": 910
                                                },
                                                {
                                                    "Worker Number": 3,
                                                    "Actual Startup Time": 0.014,
                                                    "Actual Total Time": 0.061,
                                                    "Actual Rows": 12,
                                                    "Actual Loops": 961
                                                },
                                                {
                                                    "Worker Number": 4,
                                                    "Actual Startup Time": 0.016,
                                                    "Actual Total Time": 0.068,
                                                    "Actual Rows": 14,
                                                    "Actual Loops": 878
                                                }
                                            ]
                                        }
                                    ]
                                }
                            ]
                        }
                    ]
                }
            ]
        },
        "Planning Time": 202.299,
        "Triggers": [],
        "Execution Time": 251.212
    }
]