[
  {
    "Plan": {
      "Node Type": "Aggregate",
      "Strategy": "Plain",
      "Partial Mode": "Finalize",
      "Parallel Aware": false,
      "Startup Cost": 93981.67,
      "Total Cost": 93981.68,
      "Plan Rows": 1,
      "Plan Width": 8,
      "Actual Startup Time": 570.527,
      "Actual Total Time": 593.961,
      "Actual Rows": 1,
      "Actual Loops": 1,
      "Plans": [
        {
          "Node Type": "Gather",
          "Parent Relationship": "Outer",
          "Parallel Aware": false,
          "Startup Cost": 93981.35,
          "Total Cost": 93981.66,
          "Plan Rows": 3,
          "Plan Width": 8,
          "Actual Startup Time": 566.195,
          "Actual Total Time": 593.953,
          "Actual Rows": 4,
          "Actual Loops": 1,
          "Workers Planned": 3,
          "Workers Launched": 3,
          "Single Copy": false,
          "Plans": [
            {
              "Node Type": "Aggregate",
              "Strategy": "Plain",
              "Partial Mode": "Partial",
              "Parent Relationship": "Outer",
              "Parallel Aware": false,
              "Startup Cost": 92981.35,
              "Total Cost": 92981.36,
              "Plan Rows": 1,
              "Plan Width": 8,
              "Actual Startup Time": 558.522,
              "Actual Total Time": 558.526,
              "Actual Rows": 1,
              "Actual Loops": 4,
              "Plans": [
                {
                  "Node Type": "Hash Join",
                  "Parent Relationship": "Outer",
                  "Parallel Aware": true,
                  "Join Type": "Inner",
                  "Startup Cost": 45962.36,
                  "Total Cost": 92120.38,
                  "Plan Rows": 344389,
                  "Plan Width": 0,
                  "Actual Startup Time": 242.982,
                  "Actual Total Time": 520.925,
                  "Actual Rows": 661775,
                  "Actual Loops": 4,
                  "Inner Unique": true,
                  "Hash Cond": "(mk.movie_id = t.id)",
                  "Plans": [
                    {
                      "Node Type": "Seq Scan",
                      "Parent Relationship": "Outer",
                      "Parallel Aware": true,
                      "Relation Name": "movie_keyword",
                      "Alias": "mk",
                      "Startup Cost": 0.0,
                      "Total Cost": 42695.65,
                      "Plan Rows": 1318993,
                      "Plan Width": 4,
                      "Actual Startup Time": 0.04,
                      "Actual Total Time": 148.811,
                      "Actual Rows": 1021936,
                      "Actual Loops": 4,
                      "Filter": "(keyword_id > 335)",
                      "Rows Removed by Filter": 109047
                    },
                    {
                      "Node Type": "Hash",
                      "Parent Relationship": "Inner",
                      "Parallel Aware": true,
                      "Startup Cost": 43899.32,
                      "Total Cost": 43899.32,
                      "Plan Rows": 165043,
                      "Plan Width": 4,
                      "Actual Startup Time": 190.856,
                      "Actual Total Time": 190.858,
                      "Actual Rows": 165706,
                      "Actual Loops": 4,
                      "Hash Buckets": 1048576,
                      "Original Hash Buckets": 1048576,
                      "Hash Batches": 1,
                      "Original Hash Batches": 1,
                      "Peak Memory Usage": 34176,
                      "Plans": [
                        {
                          "Node Type": "Seq Scan",
                          "Parent Relationship": "Outer",
                          "Parallel Aware": true,
                          "Relation Name": "title",
                          "Alias": "t",
                          "Startup Cost": 0.0,
                          "Total Cost": 43899.32,
                          "Plan Rows": 165043,
                          "Plan Width": 4,
                          "Actual Startup Time": 53.804,
                          "Actual Total Time": 121.433,
                          "Actual Rows": 165706,
                          "Actual Loops": 4,
                          "Filter": "(kind_id = 1)",
                          "Rows Removed by Filter": 466372
                        }
                      ]
                    }
                  ]
                }
              ]
            }
          ]
        }
      ]
    },
    "Planning Time": 0.381,
    "Triggers": [],
    "Execution Time": 594.012
  }
]