[
  {
    "Plan": {
      "Node Type": "Aggregate",
      "Strategy": "Plain",
      "Partial Mode": "Finalize",
      "Parallel Aware": false,
      "Startup Cost": 346572.45,
      "Total Cost": 346572.46,
      "Plan Rows": 1,
      "Plan Width": 8,
      "Actual Startup Time": 587.908,
      "Actual Total Time": 622.199,
      "Actual Rows": 1,
      "Actual Loops": 1,
      "Plans": [
        {
          "Node Type": "Gather",
          "Parent Relationship": "Outer",
          "Parallel Aware": false,
          "Startup Cost": 346571.82,
          "Total Cost": 346572.43,
          "Plan Rows": 6,
          "Plan Width": 8,
          "Actual Startup Time": 587.747,
          "Actual Total Time": 622.187,
          "Actual Rows": 7,
          "Actual Loops": 1,
          "Workers Planned": 6,
          "Workers Launched": 6,
          "Single Copy": false,
          "Plans": [
            {
              "Node Type": "Aggregate",
              "Strategy": "Plain",
              "Partial Mode": "Partial",
              "Parent Relationship": "Outer",
              "Parallel Aware": false,
              "Startup Cost": 345571.82,
              "Total Cost": 345571.83,
              "Plan Rows": 1,
              "Plan Width": 8,
              "Actual Startup Time": 578.855,
              "Actual Total Time": 578.857,
              "Actual Rows": 1,
              "Actual Loops": 7,
              "Plans": [
                {
                  "Node Type": "Index Scan",
                  "Parent Relationship": "Outer",
                  "Parallel Aware": true,
                  "Scan Direction": "Forward",
                  "Index Name": "role_id_cast_info",
                  "Relation Name": "cast_info",
                  "Alias": "ci",
                  "Startup Cost": 0.56,
                  "Total Cost": 341155.22,
                  "Plan Rows": 1766642,
                  "Plan Width": 0,
                  "Actual Startup Time": 180.8,
                  "Actual Total Time": 510.938,
                  "Actual Rows": 1171690,
                  "Actual Loops": 7,
                  "Index Cond": "(role_id < 2)",
                  "Rows Removed by Index Recheck": 0,
                  "Filter": "(person_id > 597339)",
                  "Rows Removed by Filter": 638408
                }
              ]
            }
          ]
        }
      ]
    },
    "Planning Time": 0.076,
    "Triggers": [],
    "Execution Time": 622.234
  }
]