{
    "Plan": {
        "Node Type": "Aggregate",
        "Strategy": "Plain",
        "Partial Mode": "Finalize",
        "Parallel Aware": false,
        "Startup Cost": 397734.11,
        "Total Cost": 397734.12,
        "Plan Rows": 1,
        "Plan Width": 8,
        "Actual Startup Time": 1166.632,
        "Actual Total Time": 1218.96,
        "Actual Rows": 1,
        "Actual Loops": 1,
        "Output": [
            "count(*)"
        ],
        "Plans": [
            {
                "Node Type": "Gather",
                "Parent Relationship": "Outer",
                "Parallel Aware": false,
                "Startup Cost": 397733.48,
                "Total Cost": 397734.09,
                "Plan Rows": 6,
                "Plan Width": 8,
                "Actual Startup Time": 1164.168,
                "Actual Total Time": 1218.948,
                "Actual Rows": 7,
                "Actual Loops": 1,
                "Output": [
                    "(PARTIAL count(*))"
                ],
                "Workers Planned": 6,
                "Workers Launched": 6,
                "Single Copy": false,
                "Plans": [
                    {
                        "Node Type": "Aggregate",
                        "Strategy": "Plain",
                        "Partial Mode": "Partial",
                        "Parent Relationship": "Outer",
                        "Parallel Aware": false,
                        "Startup Cost": 396733.48,
                        "Total Cost": 396733.49,
                        "Plan Rows": 1,
                        "Plan Width": 8,
                        "Actual Startup Time": 1153.399,
                        "Actual Total Time": 1153.402,
                        "Actual Rows": 1,
                        "Actual Loops": 7,
                        "Output": [
                            "PARTIAL count(*)"
                        ],
                        "Workers": [
                            {
                                "Worker Number": 0,
                                "Actual Startup Time": 1150.984,
                                "Actual Total Time": 1150.987,
                                "Actual Rows": 1,
                                "Actual Loops": 1
                            },
                            {
                                "Worker Number": 1,
                                "Actual Startup Time": 1151.65,
                                "Actual Total Time": 1151.652,
                                "Actual Rows": 1,
                                "Actual Loops": 1
                            },
                            {
                                "Worker Number": 2,
                                "Actual Startup Time": 1151.384,
                                "Actual Total Time": 1151.388,
                                "Actual Rows": 1,
                                "Actual Loops": 1
                            },
                            {
                                "Worker Number": 3,
                                "Actual Startup Time": 1152.092,
                                "Actual Total Time": 1152.096,
                                "Actual Rows": 1,
                                "Actual Loops": 1
                            },
                            {
                                "Worker Number": 4,
                                "Actual Startup Time": 1151.808,
                                "Actual Total Time": 1151.811,
                                "Actual Rows": 1,
                                "Actual Loops": 1
                            },
                            {
                                "Worker Number": 5,
                                "Actual Startup Time": 1152.608,
                                "Actual Total Time": 1152.61,
                                "Actual Rows": 1,
                                "Actual Loops": 1
                            }
                        ],
                        "Plans": [
                            {
                                "Node Type": "Hash Join",
                                "Parent Relationship": "Outer",
                                "Parallel Aware": true,
                                "Join Type": "Inner",
                                "Startup Cost": 46352.97,
                                "Total Cost": 396060.61,
                                "Plan Rows": 269148,
                                "Plan Width": 0,
                                "Actual Startup Time": 351.634,
                                "Actual Total Time": 1142.716,
                                "Actual Rows": 188963,
                                "Actual Loops": 7,
                                "Inner Unique": true,
                                "Hash Cond": "(ci.movie_id = t.id)",
                                "Workers": [
                                    {
                                        "Worker Number": 0,
                                        "Actual Startup Time": 349.289,
                                        "Actual Total Time": 1139.618,
                                        "Actual Rows": 154814,
                                        "Actual Loops": 1
                                    },
                                    {
                                        "Worker Number": 1,
                                        "Actual Startup Time": 349.473,
                                        "Actual Total Time": 1141.001,
                                        "Actual Rows": 180687,
                                        "Actual Loops": 1
                                    },
                                    {
                                        "Worker Number": 2,
                                        "Actual Startup Time": 349.547,
                                        "Actual Total Time": 1140.032,
                                        "Actual Rows": 154927,
                                        "Actual Loops": 1
                                    },
                                    {
                                        "Worker Number": 3,
                                        "Actual Startup Time": 350.246,
                                        "Actual Total Time": 1141.968,
                                        "Actual Rows": 206694,
                                        "Actual Loops": 1
                                    },
                                    {
                                        "Worker Number": 4,
                                        "Actual Startup Time": 350.082,
                                        "Actual Total Time": 1140.897,
                                        "Actual Rows": 185504,
                                        "Actual Loops": 1
                                    },
                                    {
                                        "Worker Number": 5,
                                        "Actual Startup Time": 351.153,
                                        "Actual Total Time": 1142.524,
                                        "Actual Rows": 206785,
                                        "Actual Loops": 1
                                    }
                                ],
                                "Plans": [
                                    {
                                        "Node Type": "Seq Scan",
                                        "Parent Relationship": "Outer",
                                        "Parallel Aware": true,
                                        "Relation Name": "cast_info",
                                        "Schema": "public",
                                        "Alias": "ci",
                                        "Startup Cost": 0.0,
                                        "Total Cost": 343318.94,
                                        "Plan Rows": 2433787,
                                        "Plan Width": 4,
                                        "Actual Startup Time": 241.512,
                                        "Actual Total Time": 709.097,
                                        "Actual Rows": 1394217,
                                        "Actual Loops": 7,
                                        "Output": [
                                            "ci.id",
                                            "ci.person_id",
                                            "ci.movie_id",
                                            "ci.person_role_id",
                                            "ci.note",
                                            "ci.nr_order",
                                            "ci.role_id"
                                        ],
                                        "Filter": "((ci.person_id < 2286942) AND (ci.role_id > 1))",
                                        "Rows Removed by Filter": 3783546,
                                        "Workers": [
                                            {
                                                "Worker Number": 0,
                                                "Actual Startup Time": 241.536,
                                                "Actual Total Time": 717.422,
                                                "Actual Rows": 1138224,
                                                "Actual Loops": 1
                                            },
                                            {
                                                "Worker Number": 1,
                                                "Actual Startup Time": 241.528,
                                                "Actual Total Time": 707.985,
                                                "Actual Rows": 1340329,
                                                "Actual Loops": 1
                                            },
                                            {
                                                "Worker Number": 2,
                                                "Actual Startup Time": 241.489,
                                                "Actual Total Time": 715.537,
                                                "Actual Rows": 1138317,
                                                "Actual Loops": 1
                                            },
                                            {
                                                "Worker Number": 3,
                                                "Actual Startup Time": 241.514,
                                                "Actual Total Time": 709.478,
                                                "Actual Rows": 1510216,
                                                "Actual Loops": 1
                                            },
                                            {
                                                "Worker Number": 4,
                                                "Actual Startup Time": 241.52,
                                                "Actual Total Time": 710.523,
                                                "Actual Rows": 1359066,
                                                "Actual Loops": 1
                                            },
                                            {
                                                "Worker Number": 5,
                                                "Actual Startup Time": 241.505,
                                                "Actual Total Time": 711.727,
                                                "Actual Rows": 1524043,
                                                "Actual Loops": 1
                                            }
                                        ]
                                    },
                                    {
                                        "Node Type": "Hash",
                                        "Parent Relationship": "Inner",
                                        "Parallel Aware": true,
                                        "Startup Cost": 45479.21,
                                        "Total Cost": 45479.21,
                                        "Plan Rows": 69901,
                                        "Plan Width": 4,
                                        "Actual Startup Time": 107.321,
                                        "Actual Total Time": 107.322,
                                        "Actual Rows": 56003,
                                        "Actual Loops": 7,
                                        "Output": [
                                            "t.id"
                                        ],
                                        "Hash Buckets": 524288,
                                        "Original Hash Buckets": 524288,
                                        "Hash Batches": 1,
                                        "Original Hash Batches": 1,
                                        "Peak Memory Usage": 19552,
                                        "Workers": [
                                            {
                                                "Worker Number": 0,
                                                "Actual Startup Time": 106.936,
                                                "Actual Total Time": 106.937,
                                                "Actual Rows": 47096,
                                                "Actual Loops": 1
                                            },
                                            {
                                                "Worker Number": 1,
                                                "Actual Startup Time": 107.302,
                                                "Actual Total Time": 107.303,
                                                "Actual Rows": 54214,
                                                "Actual Loops": 1
                                            },
                                            {
                                                "Worker Number": 2,
                                                "Actual Startup Time": 107.318,
                                                "Actual Total Time": 107.32,
                                                "Actual Rows": 46997,
                                                "Actual Loops": 1
                                            },
                                            {
                                                "Worker Number": 3,
                                                "Actual Startup Time": 108.069,
                                                "Actual Total Time": 108.07,
                                                "Actual Rows": 58178,
                                                "Actual Loops": 1
                                            },
                                            {
                                                "Worker Number": 4,
                                                "Actual Startup Time": 107.768,
                                                "Actual Total Time": 107.769,
                                                "Actual Rows": 55473,
                                                "Actual Loops": 1
                                            },
                                            {
                                                "Worker Number": 5,
                                                "Actual Startup Time": 108.567,
                                                "Actual Total Time": 108.568,
                                                "Actual Rows": 57544,
                                                "Actual Loops": 1
                                            }
                                        ],
                                        "Plans": [
                                            {
                                                "Node Type": "Seq Scan",
                                                "Parent Relationship": "Outer",
                                                "Parallel Aware": true,
                                                "Relation Name": "title",
                                                "Schema": "public",
                                                "Alias": "t",
                                                "Startup Cost": 0.0,
                                                "Total Cost": 45479.21,
                                                "Plan Rows": 69901,
                                                "Plan Width": 4,
                                                "Actual Startup Time": 0.137,
                                                "Actual Total Time": 79.048,
                                                "Actual Rows": 56003,
                                                "Actual Loops": 7,
                                                "Output": [
                                                    "t.id"
                                                ],
                                                "Filter": "((t.kind_id < 7) AND (t.production_year < 1991))",
                                                "Rows Removed by Filter": 305185,
                                                "Workers": [
                                                    {
                                                        "Worker Number": 0,
                                                        "Actual Startup Time": 0.163,
                                                        "Actual Total Time": 79.585,
                                                        "Actual Rows": 47096,
                                                        "Actual Loops": 1
                                                    },
                                                    {
                                                        "Worker Number": 1,
                                                        "Actual Startup Time": 0.241,
                                                        "Actual Total Time": 78.845,
                                                        "Actual Rows": 54214,
                                                        "Actual Loops": 1
                                                    },
                                                    {
                                                        "Worker Number": 2,
                                                        "Actual Startup Time": 0.146,
                                                        "Actual Total Time": 79.728,
                                                        "Actual Rows": 46997,
                                                        "Actual Loops": 1
                                                    },
                                                    {
                                                        "Worker Number": 3,
                                                        "Actual Startup Time": 0.164,
                                                        "Actual Total Time": 79.335,
                                                        "Actual Rows": 58178,
                                                        "Actual Loops": 1
                                                    },
                                                    {
                                                        "Worker Number": 4,
                                                        "Actual Startup Time": 0.086,
                                                        "Actual Total Time": 79.114,
                                                        "Actual Rows": 55473,
                                                        "Actual Loops": 1
                                                    },
                                                    {
                                                        "Worker Number": 5,
                                                        "Actual Startup Time": 0.102,
                                                        "Actual Total Time": 78.962,
                                                        "Actual Rows": 57544,
                                                        "Actual Loops": 1
                                                    }
                                                ]
                                            }
                                        ]
                                    }
                                ]
                            }
                        ]
                    }
                ]
            }
        ]
    },
    "Planning Time": 0.759,
    "Triggers": [],
    "Execution Time": 1219.055
}