{
  "Plan": {
    "Node Type": "Aggregate",
    "Strategy": "Plain",
    "Partial Mode": "Finalize",
    "Parallel Aware": false,
    "Startup Cost": 453148.03,
    "Total Cost": 453148.04,
    "Plan Rows": 1,
    "Plan Width": 8,
    "Actual Startup Time": 1682.421,
    "Actual Total Time": 1695.935,
    "Actual Rows": 1,
    "Actual Loops": 1,
    "Plans": [
      {
        "Node Type": "Gather",
        "Parent Relationship": "Outer",
        "Parallel Aware": false,
        "Startup Cost": 453147.91,
        "Total Cost": 453148.02,
        "Plan Rows": 1,
        "Plan Width": 8,
        "Actual Startup Time": 1682.412,
        "Actual Total Time": 1695.928,
        "Actual Rows": 2,
        "Actual Loops": 1,
        "Workers Planned": 1,
        "Workers Launched": 1,
        "Single Copy": false,
        "Plans": [
          {
            "Node Type": "Aggregate",
            "Strategy": "Plain",
            "Partial Mode": "Partial",
            "Parent Relationship": "Outer",
            "Parallel Aware": false,
            "Startup Cost": 452147.91,
            "Total Cost": 452147.92,
            "Plan Rows": 1,
            "Plan Width": 8,
            "Actual Startup Time": 1670.02,
            "Actual Total Time": 1670.027,
            "Actual Rows": 1,
            "Actual Loops": 2,
            "Plans": [
              {
                "Node Type": "Merge Join",
                "Parent Relationship": "Outer",
                "Parallel Aware": false,
                "Join Type": "Inner",
                "Startup Cost": 446161.63,
                "Total Cost": 452147.71,
                "Plan Rows": 81,
                "Plan Width": 0,
                "Actual Startup Time": 1607.183,
                "Actual Total Time": 1670.014,
                "Actual Rows": 18,
                "Actual Loops": 2,
                "Inner Unique": false,
                "Merge Cond": "(t.id = ci.movie_id)",
                "Plans": [
                  {
                    "Node Type": "Sort",
                    "Parent Relationship": "Outer",
                    "Parallel Aware": false,
                    "Startup Cost": 445095.62,
                    "Total Cost": 448090.59,
                    "Plan Rows": 1197989,
                    "Plan Width": 8,
                    "Actual Startup Time": 1579.305,
                    "Actual Total Time": 1616.657,
                    "Actual Rows": 1114787,
                    "Actual Loops": 2,
                    "Sort Key": [
                      "t.id"
                    ],
                    "Sort Method": "quicksort",
                    "Sort Space Used": 102774,
                    "Sort Space Type": "Memory",
                    "Workers": [
                      {
                        "Worker Number": 0,
                        "Sort Method": "quicksort",
                        "Sort Space Used": 100681,
                        "Sort Space Type": "Memory"
                      }
                    ],
                    "Plans": [
                      {
                        "Node Type": "Hash Join",
                        "Parent Relationship": "Outer",
                        "Parallel Aware": true,
                        "Join Type": "Inner",
                        "Startup Cost": 130194.86,
                        "Total Cost": 324145.55,
                        "Plan Rows": 1197989,
                        "Plan Width": 8,
                        "Actual Startup Time": 545.026,
                        "Actual Total Time": 1317.484,
                        "Actual Rows": 1121602,
                        "Actual Loops": 2,
                        "Inner Unique": true,
                        "Hash Cond": "(mi.movie_id = t.id)",
                        "Plans": [
                          {
                            "Node Type": "Bitmap Heap Scan",
                            "Parent Relationship": "Outer",
                            "Parallel Aware": true,
                            "Relation Name": "movie_info",
                            "Alias": "mi",
                            "Startup Cost": 65065.95,
                            "Total Cost": 253470.26,
                            "Plan Rows": 2112905,
                            "Plan Width": 4,
                            "Actual Startup Time": 135.741,
                            "Actual Total Time": 312.633,
                            "Actual Rows": 1812488,
                            "Actual Loops": 2,
                            "Recheck Cond": "(info_type_id < 4)",
                            "Rows Removed by Index Recheck": 0,
                            "Exact Heap Blocks": 11838,
                            "Lossy Heap Blocks": 0,
                            "Plans": [
                              {
                                "Node Type": "Bitmap Index Scan",
                                "Parent Relationship": "Outer",
                                "Parallel Aware": false,
                                "Index Name": "info_type_id_movie_info",
                                "Startup Cost": 0.0,
                                "Total Cost": 64167.97,
                                "Plan Rows": 3591938,
                                "Plan Width": 0,
                                "Actual Startup Time": 132.228,
                                "Actual Total Time": 132.229,
                                "Actual Rows": 3624977,
                                "Actual Loops": 1,
                                "Index Cond": "(info_type_id < 4)"
                              }
                            ]
                          },
                          {
                            "Node Type": "Hash",
                            "Parent Relationship": "Inner",
                            "Parallel Aware": true,
                            "Startup Cost": 54588.39,
                            "Total Cost": 54588.39,
                            "Plan Rows": 843241,
                            "Plan Width": 4,
                            "Actual Startup Time": 394.453,
                            "Actual Total Time": 394.454,
                            "Actual Rows": 721649,
                            "Actual Loops": 2,
                            "Hash Buckets": 2097152,
                            "Original Hash Buckets": 2097152,
                            "Hash Batches": 1,
                            "Original Hash Batches": 1,
                            "Peak Memory Usage": 72896,
                            "Plans": [
                              {
                                "Node Type": "Seq Scan",
                                "Parent Relationship": "Outer",
                                "Parallel Aware": true,
                                "Relation Name": "title",
                                "Alias": "t",
                                "Startup Cost": 0.0,
                                "Total Cost": 54588.39,
                                "Plan Rows": 843241,
                                "Plan Width": 4,
                                "Actual Startup Time": 0.061,
                                "Actual Total Time": 174.568,
                                "Actual Rows": 721649,
                                "Actual Loops": 2,
                                "Filter": "(production_year < 2006)",
                                "Rows Removed by Filter": 542507
                              }
                            ]
                          }
                        ]
                      }
                    ]
                  },
                  {
                    "Node Type": "Sort",
                    "Parent Relationship": "Inner",
                    "Parallel Aware": false,
                    "Startup Cost": 1066.01,
                    "Total Cost": 1066.44,
                    "Plan Rows": 171,
                    "Plan Width": 4,
                    "Actual Startup Time": 0.132,
                    "Actual Total Time": 0.137,
                    "Actual Rows": 21,
                    "Actual Loops": 2,
                    "Sort Key": [
                      "ci.movie_id"
                    ],
                    "Sort Method": "quicksort",
                    "Sort Space Used": 25,
                    "Sort Space Type": "Memory",
                    "Workers": [
                      {
                        "Worker Number": 0,
                        "Sort Method": "quicksort",
                        "Sort Space Used": 25,
                        "Sort Space Type": "Memory"
                      }
                    ],
                    "Plans": [
                      {
                        "Node Type": "Index Scan",
                        "Parent Relationship": "Outer",
                        "Parallel Aware": false,
                        "Scan Direction": "Forward",
                        "Index Name": "person_id_cast_info",
                        "Relation Name": "cast_info",
                        "Alias": "ci",
                        "Startup Cost": 0.56,
                        "Total Cost": 1059.67,
                        "Plan Rows": 171,
                        "Plan Width": 4,
                        "Actual Startup Time": 0.106,
                        "Actual Total Time": 0.117,
                        "Actual Rows": 12,
                        "Actual Loops": 2,
                        "Index Cond": "(person_id = 967676)",
                        "Rows Removed by Index Recheck": 0,
                        "Filter": "(role_id = 1)",
                        "Rows Removed by Filter": 0
                      }
                    ]
                  }
                ]
              }
            ]
          }
        ]
      }
    ]
  },
  "Planning Time": 1.087,
  "Triggers": [],
  "Execution Time": 1699.839
}