[
  {
    "Plan": {
      "Node Type": "Aggregate",
      "Strategy": "Plain",
      "Partial Mode": "Finalize",
      "Parallel Aware": false,
      "Startup Cost": 227715.19,
      "Total Cost": 227715.2,
      "Plan Rows": 1,
      "Plan Width": 8,
      "Actual Startup Time": 199.561,
      "Actual Total Time": 214.133,
      "Actual Rows": 1,
      "Actual Loops": 1,
      "Plans": [
        {
          "Node Type": "Gather",
          "Parent Relationship": "Outer",
          "Parallel Aware": false,
          "Startup Cost": 227714.66,
          "Total Cost": 227715.17,
          "Plan Rows": 5,
          "Plan Width": 8,
          "Actual Startup Time": 197.84,
          "Actual Total Time": 214.126,
          "Actual Rows": 6,
          "Actual Loops": 1,
          "Workers Planned": 5,
          "Workers Launched": 5,
          "Single Copy": false,
          "Plans": [
            {
              "Node Type": "Aggregate",
              "Strategy": "Plain",
              "Partial Mode": "Partial",
              "Parent Relationship": "Outer",
              "Parallel Aware": false,
              "Startup Cost": 226714.66,
              "Total Cost": 226714.67,
              "Plan Rows": 1,
              "Plan Width": 8,
              "Actual Startup Time": 188.812,
              "Actual Total Time": 188.815,
              "Actual Rows": 1,
              "Actual Loops": 6,
              "Plans": [
                {
                  "Node Type": "Nested Loop",
                  "Parent Relationship": "Outer",
                  "Parallel Aware": false,
                  "Join Type": "Inner",
                  "Startup Cost": 50662.42,
                  "Total Cost": 226704.23,
                  "Plan Rows": 4175,
                  "Plan Width": 0,
                  "Actual Startup Time": 128.595,
                  "Actual Total Time": 186.496,
                  "Actual Rows": 42541,
                  "Actual Loops": 6,
                  "Inner Unique": false,
                  "Plans": [
                    {
                      "Node Type": "Hash Join",
                      "Parent Relationship": "Outer",
                      "Parallel Aware": true,
                      "Join Type": "Inner",
                      "Startup Cost": 50661.99,
                      "Total Cost": 221885.96,
                      "Plan Rows": 7649,
                      "Plan Width": 8,
                      "Actual Startup Time": 128.484,
                      "Actual Total Time": 140.509,
                      "Actual Rows": 14078,
                      "Actual Loops": 6,
                      "Inner Unique": true,
                      "Hash Cond": "(mi.movie_id = t.id)",
                      "Plans": [
                        {
                          "Node Type": "Bitmap Heap Scan",
                          "Parent Relationship": "Outer",
                          "Parallel Aware": true,
                          "Relation Name": "movie_info",
                          "Alias": "mi",
                          "Startup Cost": 3705.36,
                          "Total Cost": 174821.97,
                          "Plan Rows": 40901,
                          "Plan Width": 4,
                          "Actual Startup Time": 8.537,
                          "Actual Total Time": 20.217,
                          "Actual Rows": 32959,
                          "Actual Loops": 6,
                          "Recheck Cond": "(info_type_id > 106)",
                          "Rows Removed by Index Recheck": 0,
                          "Exact Heap Blocks": 1155,
                          "Lossy Heap Blocks": 0,
                          "Plans": [
                            {
                              "Node Type": "Bitmap Index Scan",
                              "Parent Relationship": "Outer",
                              "Parallel Aware": false,
                              "Index Name": "info_type_id_movie_info",
                              "Startup Cost": 0.0,
                              "Total Cost": 3654.24,
                              "Plan Rows": 204507,
                              "Plan Width": 0,
                              "Actual Startup Time": 7.644,
                              "Actual Total Time": 7.644,
                              "Actual Rows": 197754,
                              "Actual Loops": 1,
                              "Index Cond": "(info_type_id > 106)"
                            }
                          ]
                        },
                        {
                          "Node Type": "Hash",
                          "Parent Relationship": "Inner",
                          "Parallel Aware": true,
                          "Startup Cost": 45479.1,
                          "Total Cost": 45479.1,
                          "Plan Rows": 118202,
                          "Plan Width": 4,
                          "Actual Startup Time": 110.998,
                          "Actual Total Time": 110.998,
                          "Actual Rows": 66060,
                          "Actual Loops": 6,
                          "Hash Buckets": 524288,
                          "Original Hash Buckets": 524288,
                          "Hash Batches": 1,
                          "Original Hash Batches": 1,
                          "Peak Memory Usage": 19680,
                          "Plans": [
                            {
                              "Node Type": "Seq Scan",
                              "Parent Relationship": "Outer",
                              "Parallel Aware": true,
                              "Relation Name": "title",
                              "Alias": "t",
                              "Startup Cost": 0.0,
                              "Total Cost": 45479.1,
                              "Plan Rows": 118202,
                              "Plan Width": 4,
                              "Actual Startup Time": 0.038,
                              "Actual Total Time": 82.881,
                              "Actual Rows": 66060,
                              "Actual Loops": 6,
                              "Filter": "((kind_id < 7) AND (production_year > 2003))",
                              "Rows Removed by Filter": 355326
                            }
                          ]
                        }
                      ]
                    },
                    {
                      "Node Type": "Index Only Scan",
                      "Parent Relationship": "Inner",
                      "Parallel Aware": false,
                      "Scan Direction": "Forward",
                      "Index Name": "movie_id_movie_info_idx",
                      "Relation Name": "movie_info_idx",
                      "Alias": "mi_idx",
                      "Startup Cost": 0.43,
                      "Total Cost": 0.6,
                      "Plan Rows": 3,
                      "Plan Width": 4,
                      "Actual Startup Time": 0.002,
                      "Actual Total Time": 0.003,
                      "Actual Rows": 3,
                      "Actual Loops": 84471,
                      "Index Cond": "(movie_id = t.id)",
                      "Rows Removed by Index Recheck": 0,
                      "Heap Fetches": 255245
                    }
                  ]
                }
              ]
            }
          ]
        }
      ]
    },
    "Planning Time": 1.349,
    "Triggers": [],
    "Execution Time": 214.299
  }
]