[
  {
    "Plan": {
      "Node Type": "Aggregate",
      "Strategy": "Plain",
      "Partial Mode": "Finalize",
      "Parallel Aware": false,
      "Startup Cost": 275604.5,
      "Total Cost": 275604.51,
      "Plan Rows": 1,
      "Plan Width": 8,
      "Actual Startup Time": 98.78,
      "Actual Total Time": 105.574,
      "Actual Rows": 1,
      "Actual Loops": 1,
      "Plans": [
        {
          "Node Type": "Gather",
          "Parent Relationship": "Outer",
          "Parallel Aware": false,
          "Startup Cost": 275603.88,
          "Total Cost": 275604.49,
          "Plan Rows": 6,
          "Plan Width": 8,
          "Actual Startup Time": 98.47,
          "Actual Total Time": 105.556,
          "Actual Rows": 7,
          "Actual Loops": 1,
          "Workers Planned": 6,
          "Workers Launched": 6,
          "Single Copy": false,
          "Plans": [
            {
              "Node Type": "Aggregate",
              "Strategy": "Plain",
              "Partial Mode": "Partial",
              "Parent Relationship": "Outer",
              "Parallel Aware": false,
              "Startup Cost": 274603.88,
              "Total Cost": 274603.89,
              "Plan Rows": 1,
              "Plan Width": 8,
              "Actual Startup Time": 91.112,
              "Actual Total Time": 91.114,
              "Actual Rows": 1,
              "Actual Loops": 7,
              "Plans": [
                {
                  "Node Type": "Bitmap Heap Scan",
                  "Parent Relationship": "Outer",
                  "Parallel Aware": true,
                  "Relation Name": "cast_info",
                  "Alias": "ci",
                  "Startup Cost": 19687.53,
                  "Total Cost": 274232.32,
                  "Plan Rows": 148623,
                  "Plan Width": 0,
                  "Actual Startup Time": 37.084,
                  "Actual Total Time": 81.222,
                  "Actual Rows": 132493,
                  "Actual Loops": 7,
                  "Recheck Cond": "(person_id < 95641)",
                  "Rows Removed by Index Recheck": 0,
                  "Exact Heap Blocks": 3072,
                  "Lossy Heap Blocks": 0,
                  "Plans": [
                    {
                      "Node Type": "Bitmap Index Scan",
                      "Parent Relationship": "Outer",
                      "Parallel Aware": false,
                      "Index Name": "person_id_cast_info",
                      "Startup Cost": 0.0,
                      "Total Cost": 19464.6,
                      "Plan Rows": 891738,
                      "Plan Width": 0,
                      "Actual Startup Time": 42.222,
                      "Actual Total Time": 42.223,
                      "Actual Rows": 927449,
                      "Actual Loops": 1,
                      "Index Cond": "(person_id < 95641)"
                    }
                  ]
                }
              ]
            }
          ]
        }
      ]
    },
    "Planning Time": 0.123,
    "Triggers": [],
    "Execution Time": 105.622
  }
]