[
  {
    "Plan": {
      "Node Type": "Aggregate",
      "Strategy": "Plain",
      "Partial Mode": "Finalize",
      "Parallel Aware": false,
      "Startup Cost": 438859.01,
      "Total Cost": 438859.02,
      "Plan Rows": 1,
      "Plan Width": 8,
      "Actual Startup Time": 2379.659,
      "Actual Total Time": 2450.803,
      "Actual Rows": 1,
      "Actual Loops": 1,
      "Plans": [
        {
          "Node Type": "Gather",
          "Parent Relationship": "Outer",
          "Parallel Aware": false,
          "Startup Cost": 438858.38,
          "Total Cost": 438858.99,
          "Plan Rows": 6,
          "Plan Width": 8,
          "Actual Startup Time": 2366.687,
          "Actual Total Time": 2450.764,
          "Actual Rows": 7,
          "Actual Loops": 1,
          "Workers Planned": 6,
          "Workers Launched": 6,
          "Single Copy": false,
          "Plans": [
            {
              "Node Type": "Aggregate",
              "Strategy": "Plain",
              "Partial Mode": "Partial",
              "Parent Relationship": "Outer",
              "Parallel Aware": false,
              "Startup Cost": 437858.38,
              "Total Cost": 437858.39,
              "Plan Rows": 1,
              "Plan Width": 8,
              "Actual Startup Time": 2351.142,
              "Actual Total Time": 2351.459,
              "Actual Rows": 1,
              "Actual Loops": 7,
              "Plans": [
                {
                  "Node Type": "Hash Join",
                  "Parent Relationship": "Outer",
                  "Parallel Aware": true,
                  "Join Type": "Inner",
                  "Startup Cost": 85949.23,
                  "Total Cost": 433407.41,
                  "Plan Rows": 1780390,
                  "Plan Width": 0,
                  "Actual Startup Time": 606.453,
                  "Actual Total Time": 2234.588,
                  "Actual Rows": 2915624,
                  "Actual Loops": 7,
                  "Inner Unique": false,
                  "Hash Cond": "(ci.movie_id = t.id)",
                  "Plans": [
                    {
                      "Node Type": "Seq Scan",
                      "Parent Relationship": "Outer",
                      "Parallel Aware": true,
                      "Relation Name": "cast_info",
                      "Alias": "ci",
                      "Startup Cost": 0.0,
                      "Total Cost": 328162.03,
                      "Plan Rows": 3958715,
                      "Plan Width": 4,
                      "Actual Startup Time": 189.871,
                      "Actual Total Time": 642.667,
                      "Actual Rows": 3367665,
                      "Actual Loops": 7,
                      "Filter": "(role_id > 1)",
                      "Rows Removed by Filter": 1810098
                    },
                    {
                      "Node Type": "Hash",
                      "Parent Relationship": "Inner",
                      "Parallel Aware": true,
                      "Startup Cost": 82395.88,
                      "Total Cost": 82395.88,
                      "Plan Rows": 284268,
                      "Plan Width": 8,
                      "Actual Startup Time": 411.709,
                      "Actual Total Time": 412.025,
                      "Actual Rows": 178711,
                      "Actual Loops": 7,
                      "Hash Buckets": 2097152,
                      "Original Hash Buckets": 2097152,
                      "Hash Batches": 1,
                      "Original Hash Batches": 1,
                      "Peak Memory Usage": 65440,
                      "Plans": [
                        {
                          "Node Type": "Hash Join",
                          "Parent Relationship": "Outer",
                          "Parallel Aware": true,
                          "Join Type": "Inner",
                          "Startup Cost": 35999.79,
                          "Total Cost": 82395.88,
                          "Plan Rows": 284268,
                          "Plan Width": 8,
                          "Actual Startup Time": 141.135,
                          "Actual Total Time": 335.06,
                          "Actual Rows": 178711,
                          "Actual Loops": 7,
                          "Inner Unique": false,
                          "Hash Cond": "(t.id = mc.movie_id)",
                          "Plans": [
                            {
                              "Node Type": "Seq Scan",
                              "Parent Relationship": "Outer",
                              "Parallel Aware": true,
                              "Relation Name": "title",
                              "Alias": "t",
                              "Startup Cost": 0.0,
                              "Total Cost": 42318.73,
                              "Plan Rows": 632073,
                              "Plan Width": 4,
                              "Actual Startup Time": 0.014,
                              "Actual Total Time": 54.168,
                              "Actual Rows": 361187,
                              "Actual Loops": 7
                            },
                            {
                              "Node Type": "Hash",
                              "Parent Relationship": "Inner",
                              "Parallel Aware": true,
                              "Startup Cost": 31414.82,
                              "Total Cost": 31414.82,
                              "Plan Rows": 366798,
                              "Plan Width": 4,
                              "Actual Startup Time": 138.798,
                              "Actual Total Time": 138.799,
                              "Actual Rows": 178711,
                              "Actual Loops": 7,
                              "Hash Buckets": 2097152,
                              "Original Hash Buckets": 2097152,
                              "Hash Batches": 1,
                              "Original Hash Batches": 1,
                              "Peak Memory Usage": 65440,
                              "Plans": [
                                {
                                  "Node Type": "Seq Scan",
                                  "Parent Relationship": "Outer",
                                  "Parallel Aware": true,
                                  "Relation Name": "movie_companies",
                                  "Alias": "mc",
                                  "Startup Cost": 0.0,
                                  "Total Cost": 31414.82,
                                  "Plan Rows": 366798,
                                  "Plan Width": 4,
                                  "Actual Startup Time": 40.924,
                                  "Actual Total Time": 68.18,
                                  "Actual Rows": 178711,
                                  "Actual Loops": 7,
                                  "Filter": "((company_id > 189) AND (company_type_id = 2))",
                                  "Rows Removed by Filter": 194022
                                }
                              ]
                            }
                          ]
                        }
                      ]
                    }
                  ]
                }
              ]
            }
          ]
        }
      ]
    },
    "Planning Time": 1.447,
    "Triggers": [],
    "Execution Time": 2450.915
  }
]