[
  {
    "Plan": {
      "Node Type": "Aggregate",
      "Strategy": "Plain",
      "Partial Mode": "Finalize",
      "Parallel Aware": false,
      "Startup Cost": 314946.9,
      "Total Cost": 314946.91,
      "Plan Rows": 1,
      "Plan Width": 8,
      "Actual Startup Time": 240.054,
      "Actual Total Time": 284.75,
      "Actual Rows": 1,
      "Actual Loops": 1,
      "Plans": [
        {
          "Node Type": "Gather",
          "Parent Relationship": "Outer",
          "Parallel Aware": false,
          "Startup Cost": 314946.48,
          "Total Cost": 314946.89,
          "Plan Rows": 4,
          "Plan Width": 8,
          "Actual Startup Time": 239.893,
          "Actual Total Time": 284.737,
          "Actual Rows": 5,
          "Actual Loops": 1,
          "Workers Planned": 4,
          "Workers Launched": 4,
          "Single Copy": false,
          "Plans": [
            {
              "Node Type": "Aggregate",
              "Strategy": "Plain",
              "Partial Mode": "Partial",
              "Parent Relationship": "Outer",
              "Parallel Aware": false,
              "Startup Cost": 313946.48,
              "Total Cost": 313946.49,
              "Plan Rows": 1,
              "Plan Width": 8,
              "Actual Startup Time": 231.454,
              "Actual Total Time": 231.456,
              "Actual Rows": 1,
              "Actual Loops": 5,
              "Plans": [
                {
                  "Node Type": "Nested Loop",
                  "Parent Relationship": "Outer",
                  "Parallel Aware": false,
                  "Join Type": "Inner",
                  "Startup Cost": 0.56,
                  "Total Cost": 313818.85,
                  "Plan Rows": 51053,
                  "Plan Width": 0,
                  "Actual Startup Time": 0.316,
                  "Actual Total Time": 227.525,
                  "Actual Rows": 47056,
                  "Actual Loops": 5,
                  "Inner Unique": false,
                  "Plans": [
                    {
                      "Node Type": "Seq Scan",
                      "Parent Relationship": "Outer",
                      "Parallel Aware": true,
                      "Relation Name": "title",
                      "Alias": "t",
                      "Startup Cost": 0.0,
                      "Total Cost": 43899.32,
                      "Plan Rows": 3561,
                      "Plan Width": 4,
                      "Actual Startup Time": 0.086,
                      "Actual Total Time": 59.332,
                      "Actual Rows": 2954,
                      "Actual Loops": 5,
                      "Filter": "(production_year = 1982)",
                      "Rows Removed by Filter": 502708
                    },
                    {
                      "Node Type": "Index Only Scan",
                      "Parent Relationship": "Inner",
                      "Parallel Aware": false,
                      "Scan Direction": "Forward",
                      "Index Name": "movie_id_cast_info",
                      "Relation Name": "cast_info",
                      "Alias": "ci",
                      "Startup Cost": 0.56,
                      "Total Cost": 75.45,
                      "Plan Rows": 35,
                      "Plan Width": 4,
                      "Actual Startup Time": 0.011,
                      "Actual Total Time": 0.055,
                      "Actual Rows": 16,
                      "Actual Loops": 14770,
                      "Index Cond": "(movie_id = t.id)",
                      "Rows Removed by Index Recheck": 0,
                      "Heap Fetches": 235282
                    }
                  ]
                }
              ]
            }
          ]
        }
      ]
    },
    "Planning Time": 0.224,
    "Triggers": [],
    "Execution Time": 284.8
  }
]