{
    "Plan": {
        "Node Type": "Aggregate",
        "Strategy": "Plain",
        "Partial Mode": "Finalize",
        "Parallel Aware": false,
        "Startup Cost": 390410.38,
        "Total Cost": 390410.39,
        "Plan Rows": 1,
        "Plan Width": 8,
        "Actual Startup Time": 1554.704,
        "Actual Total Time": 1600.297,
        "Actual Rows": 1,
        "Actual Loops": 1,
        "Output": [
            "count(*)"
        ],
        "Plans": [
            {
                "Node Type": "Gather",
                "Parent Relationship": "Outer",
                "Parallel Aware": false,
                "Startup Cost": 390409.75,
                "Total Cost": 390410.36,
                "Plan Rows": 6,
                "Plan Width": 8,
                "Actual Startup Time": 1550.691,
                "Actual Total Time": 1600.286,
                "Actual Rows": 7,
                "Actual Loops": 1,
                "Output": [
                    "(PARTIAL count(*))"
                ],
                "Workers Planned": 6,
                "Workers Launched": 6,
                "Single Copy": false,
                "Plans": [
                    {
                        "Node Type": "Aggregate",
                        "Strategy": "Plain",
                        "Partial Mode": "Partial",
                        "Parent Relationship": "Outer",
                        "Parallel Aware": false,
                        "Startup Cost": 389409.75,
                        "Total Cost": 389409.76,
                        "Plan Rows": 1,
                        "Plan Width": 8,
                        "Actual Startup Time": 1539.937,
                        "Actual Total Time": 1539.941,
                        "Actual Rows": 1,
                        "Actual Loops": 7,
                        "Output": [
                            "PARTIAL count(*)"
                        ],
                        "Workers": [
                            {
                                "Worker Number": 0,
                                "Actual Startup Time": 1537.222,
                                "Actual Total Time": 1537.236,
                                "Actual Rows": 1,
                                "Actual Loops": 1
                            },
                            {
                                "Worker Number": 1,
                                "Actual Startup Time": 1537.258,
                                "Actual Total Time": 1537.26,
                                "Actual Rows": 1,
                                "Actual Loops": 1
                            },
                            {
                                "Worker Number": 2,
                                "Actual Startup Time": 1538.282,
                                "Actual Total Time": 1538.285,
                                "Actual Rows": 1,
                                "Actual Loops": 1
                            },
                            {
                                "Worker Number": 3,
                                "Actual Startup Time": 1538.774,
                                "Actual Total Time": 1538.777,
                                "Actual Rows": 1,
                                "Actual Loops": 1
                            },
                            {
                                "Worker Number": 4,
                                "Actual Startup Time": 1538.882,
                                "Actual Total Time": 1538.885,
                                "Actual Rows": 1,
                                "Actual Loops": 1
                            },
                            {
                                "Worker Number": 5,
                                "Actual Startup Time": 1539.335,
                                "Actual Total Time": 1539.337,
                                "Actual Rows": 1,
                                "Actual Loops": 1
                            }
                        ],
                        "Plans": [
                            {
                                "Node Type": "Hash Join",
                                "Parent Relationship": "Outer",
                                "Parallel Aware": true,
                                "Join Type": "Inner",
                                "Startup Cost": 47087.21,
                                "Total Cost": 387119.07,
                                "Plan Rows": 916273,
                                "Plan Width": 0,
                                "Actual Startup Time": 198.89,
                                "Actual Total Time": 1503.906,
                                "Actual Rows": 755835,
                                "Actual Loops": 7,
                                "Inner Unique": true,
                                "Hash Cond": "(ci.movie_id = t.id)",
                                "Workers": [
                                    {
                                        "Worker Number": 0,
                                        "Actual Startup Time": 196.098,
                                        "Actual Total Time": 1499.556,
                                        "Actual Rows": 560960,
                                        "Actual Loops": 1
                                    },
                                    {
                                        "Worker Number": 1,
                                        "Actual Startup Time": 196.821,
                                        "Actual Total Time": 1499.338,
                                        "Actual Rows": 568879,
                                        "Actual Loops": 1
                                    },
                                    {
                                        "Worker Number": 2,
                                        "Actual Startup Time": 197.108,
                                        "Actual Total Time": 1503.742,
                                        "Actual Rows": 807500,
                                        "Actual Loops": 1
                                    },
                                    {
                                        "Worker Number": 3,
                                        "Actual Startup Time": 197.686,
                                        "Actual Total Time": 1504.714,
                                        "Actual Rows": 800965,
                                        "Actual Loops": 1
                                    },
                                    {
                                        "Worker Number": 4,
                                        "Actual Startup Time": 197.798,
                                        "Actual Total Time": 1504.834,
                                        "Actual Rows": 800890,
                                        "Actual Loops": 1
                                    },
                                    {
                                        "Worker Number": 5,
                                        "Actual Startup Time": 197.924,
                                        "Actual Total Time": 1505.319,
                                        "Actual Rows": 799683,
                                        "Actual Loops": 1
                                    }
                                ],
                                "Plans": [
                                    {
                                        "Node Type": "Seq Scan",
                                        "Parent Relationship": "Outer",
                                        "Parallel Aware": true,
                                        "Relation Name": "cast_info",
                                        "Schema": "public",
                                        "Alias": "ci",
                                        "Startup Cost": 0.0,
                                        "Total Cost": 328213.62,
                                        "Plan Rows": 4502180,
                                        "Plan Width": 4,
                                        "Actual Startup Time": 98.321,
                                        "Actual Total Time": 639.55,
                                        "Actual Rows": 3850776,
                                        "Actual Loops": 7,
                                        "Output": [
                                            "ci.id",
                                            "ci.person_id",
                                            "ci.movie_id",
                                            "ci.person_role_id",
                                            "ci.note",
                                            "ci.nr_order",
                                            "ci.role_id"
                                        ],
                                        "Filter": "(ci.person_id > 914696)",
                                        "Rows Removed by Filter": 1326987,
                                        "Workers": [
                                            {
                                                "Worker Number": 0,
                                                "Actual Startup Time": 98.349,
                                                "Actual Total Time": 646.21,
                                                "Actual Rows": 2875824,
                                                "Actual Loops": 1
                                            },
                                            {
                                                "Worker Number": 1,
                                                "Actual Startup Time": 98.322,
                                                "Actual Total Time": 644.467,
                                                "Actual Rows": 2888977,
                                                "Actual Loops": 1
                                            },
                                            {
                                                "Worker Number": 2,
                                                "Actual Startup Time": 98.25,
                                                "Actual Total Time": 651.666,
                                                "Actual Rows": 4092651,
                                                "Actual Loops": 1
                                            },
                                            {
                                                "Worker Number": 3,
                                                "Actual Startup Time": 98.363,
                                                "Actual Total Time": 650.223,
                                                "Actual Rows": 4065062,
                                                "Actual Loops": 1
                                            },
                                            {
                                                "Worker Number": 4,
                                                "Actual Startup Time": 98.357,
                                                "Actual Total Time": 653.403,
                                                "Actual Rows": 4101654,
                                                "Actual Loops": 1
                                            },
                                            {
                                                "Worker Number": 5,
                                                "Actual Startup Time": 98.362,
                                                "Actual Total Time": 651.016,
                                                "Actual Rows": 4069233,
                                                "Actual Loops": 1
                                            }
                                        ]
                                    },
                                    {
                                        "Node Type": "Hash",
                                        "Parent Relationship": "Inner",
                                        "Parallel Aware": true,
                                        "Startup Cost": 45479.21,
                                        "Total Cost": 45479.21,
                                        "Plan Rows": 128640,
                                        "Plan Width": 4,
                                        "Actual Startup Time": 98.015,
                                        "Actual Total Time": 98.017,
                                        "Actual Rows": 55225,
                                        "Actual Loops": 7,
                                        "Output": [
                                            "t.id"
                                        ],
                                        "Hash Buckets": 524288,
                                        "Original Hash Buckets": 524288,
                                        "Hash Batches": 1,
                                        "Original Hash Batches": 1,
                                        "Peak Memory Usage": 19360,
                                        "Workers": [
                                            {
                                                "Worker Number": 0,
                                                "Actual Startup Time": 97.113,
                                                "Actual Total Time": 97.125,
                                                "Actual Rows": 41090,
                                                "Actual Loops": 1
                                            },
                                            {
                                                "Worker Number": 1,
                                                "Actual Startup Time": 97.091,
                                                "Actual Total Time": 97.091,
                                                "Actual Rows": 41769,
                                                "Actual Loops": 1
                                            },
                                            {
                                                "Worker Number": 2,
                                                "Actual Startup Time": 98.131,
                                                "Actual Total Time": 98.132,
                                                "Actual Rows": 57794,
                                                "Actual Loops": 1
                                            },
                                            {
                                                "Worker Number": 3,
                                                "Actual Startup Time": 98.621,
                                                "Actual Total Time": 98.622,
                                                "Actual Rows": 58079,
                                                "Actual Loops": 1
                                            },
                                            {
                                                "Worker Number": 4,
                                                "Actual Startup Time": 98.764,
                                                "Actual Total Time": 98.765,
                                                "Actual Rows": 57354,
                                                "Actual Loops": 1
                                            },
                                            {
                                                "Worker Number": 5,
                                                "Actual Startup Time": 98.867,
                                                "Actual Total Time": 98.867,
                                                "Actual Rows": 57046,
                                                "Actual Loops": 1
                                            }
                                        ],
                                        "Plans": [
                                            {
                                                "Node Type": "Seq Scan",
                                                "Parent Relationship": "Outer",
                                                "Parallel Aware": true,
                                                "Relation Name": "title",
                                                "Schema": "public",
                                                "Alias": "t",
                                                "Startup Cost": 0.0,
                                                "Total Cost": 45479.21,
                                                "Plan Rows": 128640,
                                                "Plan Width": 4,
                                                "Actual Startup Time": 40.942,
                                                "Actual Total Time": 75.193,
                                                "Actual Rows": 55225,
                                                "Actual Loops": 7,
                                                "Output": [
                                                    "t.id"
                                                ],
                                                "Filter": "((t.production_year > 1979) AND (t.kind_id = 1))",
                                                "Rows Removed by Filter": 305962,
                                                "Workers": [
                                                    {
                                                        "Worker Number": 0,
                                                        "Actual Startup Time": 46.538,
                                                        "Actual Total Time": 75.336,
                                                        "Actual Rows": 41090,
                                                        "Actual Loops": 1
                                                    },
                                                    {
                                                        "Worker Number": 1,
                                                        "Actual Startup Time": 46.354,
                                                        "Actual Total Time": 75.651,
                                                        "Actual Rows": 41769,
                                                        "Actual Loops": 1
                                                    },
                                                    {
                                                        "Worker Number": 2,
                                                        "Actual Startup Time": 46.716,
                                                        "Actual Total Time": 75.79,
                                                        "Actual Rows": 57794,
                                                        "Actual Loops": 1
                                                    },
                                                    {
                                                        "Worker Number": 3,
                                                        "Actual Startup Time": 46.683,
                                                        "Actual Total Time": 76.002,
                                                        "Actual Rows": 58079,
                                                        "Actual Loops": 1
                                                    },
                                                    {
                                                        "Worker Number": 4,
                                                        "Actual Startup Time": 46.772,
                                                        "Actual Total Time": 75.433,
                                                        "Actual Rows": 57354,
                                                        "Actual Loops": 1
                                                    },
                                                    {
                                                        "Worker Number": 5,
                                                        "Actual Startup Time": 46.846,
                                                        "Actual Total Time": 75.656,
                                                        "Actual Rows": 57046,
                                                        "Actual Loops": 1
                                                    }
                                                ]
                                            }
                                        ]
                                    }
                                ]
                            }
                        ]
                    }
                ]
            }
        ]
    },
    "Planning Time": 0.683,
    "Triggers": [],
    "Execution Time": 1600.378
}