[
  {
    "Plan": {
      "Node Type": "Aggregate",
      "Strategy": "Plain",
      "Partial Mode": "Finalize",
      "Parallel Aware": false,
      "Startup Cost": 48184.83,
      "Total Cost": 48184.84,
      "Plan Rows": 1,
      "Plan Width": 8,
      "Actual Startup Time": 69.809,
      "Actual Total Time": 78.611,
      "Actual Rows": 1,
      "Actual Loops": 1,
      "Plans": [
        {
          "Node Type": "Gather",
          "Parent Relationship": "Outer",
          "Parallel Aware": false,
          "Startup Cost": 48184.61,
          "Total Cost": 48184.82,
          "Plan Rows": 2,
          "Plan Width": 8,
          "Actual Startup Time": 69.544,
          "Actual Total Time": 78.604,
          "Actual Rows": 3,
          "Actual Loops": 1,
          "Workers Planned": 2,
          "Workers Launched": 2,
          "Single Copy": false,
          "Plans": [
            {
              "Node Type": "Aggregate",
              "Strategy": "Plain",
              "Partial Mode": "Partial",
              "Parent Relationship": "Outer",
              "Parallel Aware": false,
              "Startup Cost": 47184.61,
              "Total Cost": 47184.62,
              "Plan Rows": 1,
              "Plan Width": 8,
              "Actual Startup Time": 61.175,
              "Actual Total Time": 61.176,
              "Actual Rows": 1,
              "Actual Loops": 3,
              "Plans": [
                {
                  "Node Type": "Nested Loop",
                  "Parent Relationship": "Outer",
                  "Parallel Aware": false,
                  "Join Type": "Inner",
                  "Startup Cost": 138.58,
                  "Total Cost": 47178.98,
                  "Plan Rows": 2253,
                  "Plan Width": 0,
                  "Actual Startup Time": 1.679,
                  "Actual Total Time": 58.104,
                  "Actual Rows": 40348,
                  "Actual Loops": 3,
                  "Inner Unique": false,
                  "Plans": [
                    {
                      "Node Type": "Nested Loop",
                      "Parent Relationship": "Outer",
                      "Parallel Aware": false,
                      "Join Type": "Inner",
                      "Startup Cost": 138.15,
                      "Total Cost": 45802.19,
                      "Plan Rows": 2183,
                      "Plan Width": 8,
                      "Actual Startup Time": 1.492,
                      "Actual Total Time": 22.365,
                      "Actual Rows": 2206,
                      "Actual Loops": 3,
                      "Inner Unique": true,
                      "Plans": [
                        {
                          "Node Type": "Bitmap Heap Scan",
                          "Parent Relationship": "Outer",
                          "Parallel Aware": true,
                          "Relation Name": "movie_info",
                          "Alias": "mi",
                          "Startup Cost": 137.72,
                          "Total Cost": 24507.86,
                          "Plan Rows": 3080,
                          "Plan Width": 4,
                          "Actual Startup Time": 1.335,
                          "Actual Total Time": 4.652,
                          "Actual Rows": 2207,
                          "Actual Loops": 3,
                          "Recheck Cond": "(info_type_id = 81)",
                          "Rows Removed by Index Recheck": 0,
                          "Exact Heap Blocks": 797,
                          "Lossy Heap Blocks": 0,
                          "Plans": [
                            {
                              "Node Type": "Bitmap Index Scan",
                              "Parent Relationship": "Outer",
                              "Parallel Aware": false,
                              "Index Name": "info_type_id_movie_info",
                              "Startup Cost": 0.0,
                              "Total Cost": 135.88,
                              "Plan Rows": 7392,
                              "Plan Width": 0,
                              "Actual Startup Time": 3.122,
                              "Actual Total Time": 3.123,
                              "Actual Rows": 6620,
                              "Actual Loops": 1,
                              "Index Cond": "(info_type_id = 81)"
                            }
                          ]
                        },
                        {
                          "Node Type": "Index Scan",
                          "Parent Relationship": "Inner",
                          "Parallel Aware": false,
                          "Scan Direction": "Forward",
                          "Index Name": "title_pkey",
                          "Relation Name": "title",
                          "Alias": "t",
                          "Startup Cost": 0.43,
                          "Total Cost": 6.91,
                          "Plan Rows": 1,
                          "Plan Width": 4,
                          "Actual Startup Time": 0.007,
                          "Actual Total Time": 0.007,
                          "Actual Rows": 1,
                          "Actual Loops": 6620,
                          "Index Cond": "(id = mi.movie_id)",
                          "Rows Removed by Index Recheck": 0,
                          "Filter": "(production_year < 2009)",
                          "Rows Removed by Filter": 0
                        }
                      ]
                    },
                    {
                      "Node Type": "Index Only Scan",
                      "Parent Relationship": "Inner",
                      "Parallel Aware": false,
                      "Scan Direction": "Forward",
                      "Index Name": "movie_id_movie_companies",
                      "Relation Name": "movie_companies",
                      "Alias": "mc",
                      "Startup Cost": 0.43,
                      "Total Cost": 0.58,
                      "Plan Rows": 5,
                      "Plan Width": 4,
                      "Actual Startup Time": 0.007,
                      "Actual Total Time": 0.014,
                      "Actual Rows": 18,
                      "Actual Loops": 6619,
                      "Index Cond": "(movie_id = t.id)",
                      "Rows Removed by Index Recheck": 0,
                      "Heap Fetches": 121044
                    }
                  ]
                }
              ]
            }
          ]
        }
      ]
    },
    "Planning Time": 1.491,
    "Triggers": [],
    "Execution Time": 78.711
  }
]