[
  {
    "Plan": {
      "Node Type": "Aggregate",
      "Strategy": "Plain",
      "Partial Mode": "Finalize",
      "Parallel Aware": false,
      "Startup Cost": 343660.02,
      "Total Cost": 343660.03,
      "Plan Rows": 1,
      "Plan Width": 8,
      "Actual Startup Time": 903.715,
      "Actual Total Time": 953.722,
      "Actual Rows": 1,
      "Actual Loops": 1,
      "Plans": [
        {
          "Node Type": "Gather",
          "Parent Relationship": "Outer",
          "Parallel Aware": false,
          "Startup Cost": 343659.39,
          "Total Cost": 343660.0,
          "Plan Rows": 6,
          "Plan Width": 8,
          "Actual Startup Time": 903.535,
          "Actual Total Time": 953.708,
          "Actual Rows": 7,
          "Actual Loops": 1,
          "Workers Planned": 6,
          "Workers Launched": 6,
          "Single Copy": false,
          "Plans": [
            {
              "Node Type": "Aggregate",
              "Strategy": "Plain",
              "Partial Mode": "Partial",
              "Parent Relationship": "Outer",
              "Parallel Aware": false,
              "Startup Cost": 342659.39,
              "Total Cost": 342659.4,
              "Plan Rows": 1,
              "Plan Width": 8,
              "Actual Startup Time": 895.511,
              "Actual Total Time": 895.512,
              "Actual Rows": 1,
              "Actual Loops": 7,
              "Plans": [
                {
                  "Node Type": "Seq Scan",
                  "Parent Relationship": "Outer",
                  "Parallel Aware": true,
                  "Relation Name": "cast_info",
                  "Alias": "ci",
                  "Startup Cost": 0.0,
                  "Total Cost": 328211.39,
                  "Plan Rows": 5779200,
                  "Plan Width": 0,
                  "Actual Startup Time": 0.048,
                  "Actual Total Time": 655.377,
                  "Actual Rows": 4964838,
                  "Actual Loops": 7,
                  "Filter": "(person_id < 3768501)",
                  "Rows Removed by Filter": 212925
                }
              ]
            }
          ]
        }
      ]
    },
    "Planning Time": 0.095,
    "Triggers": [],
    "Execution Time": 953.764
  }
]