[
    {
        "Bao": {
            "Bao prediction": "NaN",
            "Bao recommended hint": "(no hint)"
        }
    },
    {
        "Plan": {
            "Node Type": "Aggregate",
            "Strategy": "Plain",
            "Partial Mode": "Finalize",
            "Parallel Aware": false,
            "Startup Cost": 32906.47,
            "Total Cost": 32906.48,
            "Plan Rows": 1,
            "Plan Width": 8,
            "Actual Startup Time": 87.385,
            "Actual Total Time": 93.148,
            "Actual Rows": 1,
            "Actual Loops": 1,
            "Output": [
                "count(*)"
            ],
            "Plans": [
                {
                    "Node Type": "Gather",
                    "Parent Relationship": "Outer",
                    "Parallel Aware": false,
                    "Startup Cost": 32906.16,
                    "Total Cost": 32906.47,
                    "Plan Rows": 3,
                    "Plan Width": 8,
                    "Actual Startup Time": 87.28,
                    "Actual Total Time": 93.141,
                    "Actual Rows": 4,
                    "Actual Loops": 1,
                    "Output": [
                        "(PARTIAL count(*))"
                    ],
                    "Workers Planned": 3,
                    "Workers Launched": 3,
                    "Single Copy": false,
                    "Plans": [
                        {
                            "Node Type": "Aggregate",
                            "Strategy": "Plain",
                            "Partial Mode": "Partial",
                            "Parent Relationship": "Outer",
                            "Parallel Aware": false,
                            "Startup Cost": 31906.16,
                            "Total Cost": 31906.17,
                            "Plan Rows": 1,
                            "Plan Width": 8,
                            "Actual Startup Time": 79.235,
                            "Actual Total Time": 79.236,
                            "Actual Rows": 1,
                            "Actual Loops": 4,
                            "Output": [
                                "PARTIAL count(*)"
                            ],
                            "Workers": [
                                {
                                    "Worker Number": 0,
                                    "Actual Startup Time": 76.45,
                                    "Actual Total Time": 76.451,
                                    "Actual Rows": 1,
                                    "Actual Loops": 1
                                },
                                {
                                    "Worker Number": 1,
                                    "Actual Startup Time": 76.641,
                                    "Actual Total Time": 76.642,
                                    "Actual Rows": 1,
                                    "Actual Loops": 1
                                },
                                {
                                    "Worker Number": 2,
                                    "Actual Startup Time": 76.969,
                                    "Actual Total Time": 76.97,
                                    "Actual Rows": 1,
                                    "Actual Loops": 1
                                }
                            ],
                            "Plans": [
                                {
                                    "Node Type": "Seq Scan",
                                    "Parent Relationship": "Outer",
                                    "Parallel Aware": true,
                                    "Relation Name": "movie_companies",
                                    "Schema": "public",
                                    "Alias": "mc",
                                    "Startup Cost": 0.0,
                                    "Total Cost": 31414.82,
                                    "Plan Rows": 196535,
                                    "Plan Width": 0,
                                    "Actual Startup Time": 46.233,
                                    "Actual Total Time": 75.06,
                                    "Actual Rows": 98759,
                                    "Actual Loops": 4,
                                    "Output": [
                                        "id",
                                        "movie_id",
                                        "company_id",
                                        "company_type_id",
                                        "note"
                                    ],
                                    "Filter": "((mc.company_id < 10584) AND (mc.company_type_id = 2))",
                                    "Rows Removed by Filter": 553524,
                                    "Workers": [
                                        {
                                            "Worker Number": 0,
                                            "Actual Startup Time": 43.449,
                                            "Actual Total Time": 72.361,
                                            "Actual Rows": 91910,
                                            "Actual Loops": 1
                                        },
                                        {
                                            "Worker Number": 1,
                                            "Actual Startup Time": 43.636,
                                            "Actual Total Time": 72.672,
                                            "Actual Rows": 95323,
                                            "Actual Loops": 1
                                        },
                                        {
                                            "Worker Number": 2,
                                            "Actual Startup Time": 43.965,
                                            "Actual Total Time": 72.881,
                                            "Actual Rows": 91708,
                                            "Actual Loops": 1
                                        }
                                    ]
                                }
                            ]
                        }
                    ]
                }
            ]
        },
        "Planning Time": 210.009,
        "Triggers": [],
        "Execution Time": 93.206
    }
]