{
    "Plan": {
        "Node Type": "Aggregate",
        "Strategy": "Plain",
        "Partial Mode": "Finalize",
        "Parallel Aware": false,
        "Startup Cost": 385705.27,
        "Total Cost": 385705.28,
        "Plan Rows": 1,
        "Plan Width": 8,
        "Actual Startup Time": 1335.767,
        "Actual Total Time": 1387.198,
        "Actual Rows": 1,
        "Actual Loops": 1,
        "Output": [
            "count(*)"
        ],
        "Plans": [
            {
                "Node Type": "Gather",
                "Parent Relationship": "Outer",
                "Parallel Aware": false,
                "Startup Cost": 385704.65,
                "Total Cost": 385705.26,
                "Plan Rows": 6,
                "Plan Width": 8,
                "Actual Startup Time": 1329.417,
                "Actual Total Time": 1387.184,
                "Actual Rows": 7,
                "Actual Loops": 1,
                "Output": [
                    "(PARTIAL count(*))"
                ],
                "Workers Planned": 6,
                "Workers Launched": 6,
                "Single Copy": false,
                "Plans": [
                    {
                        "Node Type": "Aggregate",
                        "Strategy": "Plain",
                        "Partial Mode": "Partial",
                        "Parent Relationship": "Outer",
                        "Parallel Aware": false,
                        "Startup Cost": 384704.65,
                        "Total Cost": 384704.66,
                        "Plan Rows": 1,
                        "Plan Width": 8,
                        "Actual Startup Time": 1318.257,
                        "Actual Total Time": 1318.26,
                        "Actual Rows": 1,
                        "Actual Loops": 7,
                        "Output": [
                            "PARTIAL count(*)"
                        ],
                        "Workers": [
                            {
                                "Worker Number": 0,
                                "Actual Startup Time": 1316.905,
                                "Actual Total Time": 1316.908,
                                "Actual Rows": 1,
                                "Actual Loops": 1
                            },
                            {
                                "Worker Number": 1,
                                "Actual Startup Time": 1316.3,
                                "Actual Total Time": 1316.304,
                                "Actual Rows": 1,
                                "Actual Loops": 1
                            },
                            {
                                "Worker Number": 2,
                                "Actual Startup Time": 1316.654,
                                "Actual Total Time": 1316.656,
                                "Actual Rows": 1,
                                "Actual Loops": 1
                            },
                            {
                                "Worker Number": 3,
                                "Actual Startup Time": 1316.377,
                                "Actual Total Time": 1316.379,
                                "Actual Rows": 1,
                                "Actual Loops": 1
                            },
                            {
                                "Worker Number": 4,
                                "Actual Startup Time": 1316.666,
                                "Actual Total Time": 1316.67,
                                "Actual Rows": 1,
                                "Actual Loops": 1
                            },
                            {
                                "Worker Number": 5,
                                "Actual Startup Time": 1316.446,
                                "Actual Total Time": 1316.449,
                                "Actual Rows": 1,
                                "Actual Loops": 1
                            }
                        ],
                        "Plans": [
                            {
                                "Node Type": "Hash Join",
                                "Parent Relationship": "Outer",
                                "Parallel Aware": true,
                                "Join Type": "Inner",
                                "Startup Cost": 48003.32,
                                "Total Cost": 382724.65,
                                "Plan Rows": 791999,
                                "Plan Width": 0,
                                "Actual Startup Time": 366.852,
                                "Actual Total Time": 1284.694,
                                "Actual Rows": 714233,
                                "Actual Loops": 7,
                                "Inner Unique": true,
                                "Hash Cond": "(ci.movie_id = t.id)",
                                "Workers": [
                                    {
                                        "Worker Number": 0,
                                        "Actual Startup Time": 364.781,
                                        "Actual Total Time": 1281.034,
                                        "Actual Rows": 544964,
                                        "Actual Loops": 1
                                    },
                                    {
                                        "Worker Number": 1,
                                        "Actual Startup Time": 364.891,
                                        "Actual Total Time": 1279.938,
                                        "Actual Rows": 550944,
                                        "Actual Loops": 1
                                    },
                                    {
                                        "Worker Number": 2,
                                        "Actual Startup Time": 365.306,
                                        "Actual Total Time": 1284.572,
                                        "Actual Rows": 763411,
                                        "Actual Loops": 1
                                    },
                                    {
                                        "Worker Number": 3,
                                        "Actual Startup Time": 364.905,
                                        "Actual Total Time": 1285.178,
                                        "Actual Rows": 770532,
                                        "Actual Loops": 1
                                    },
                                    {
                                        "Worker Number": 4,
                                        "Actual Startup Time": 365.282,
                                        "Actual Total Time": 1285.176,
                                        "Actual Rows": 748427,
                                        "Actual Loops": 1
                                    },
                                    {
                                        "Worker Number": 5,
                                        "Actual Startup Time": 365.742,
                                        "Actual Total Time": 1284.21,
                                        "Actual Rows": 793447,
                                        "Actual Loops": 1
                                    }
                                ],
                                "Plans": [
                                    {
                                        "Node Type": "Seq Scan",
                                        "Parent Relationship": "Outer",
                                        "Parallel Aware": true,
                                        "Relation Name": "cast_info",
                                        "Schema": "public",
                                        "Alias": "ci",
                                        "Startup Cost": 0.0,
                                        "Total Cost": 328213.62,
                                        "Plan Rows": 2479124,
                                        "Plan Width": 4,
                                        "Actual Startup Time": 228.661,
                                        "Actual Total Time": 585.397,
                                        "Actual Rows": 2138026,
                                        "Actual Loops": 7,
                                        "Output": [
                                            "ci.id",
                                            "ci.person_id",
                                            "ci.movie_id",
                                            "ci.person_role_id",
                                            "ci.note",
                                            "ci.nr_order",
                                            "ci.role_id"
                                        ],
                                        "Filter": "(ci.person_id > 2153051)",
                                        "Rows Removed by Filter": 3039737,
                                        "Workers": [
                                            {
                                                "Worker Number": 0,
                                                "Actual Startup Time": 228.662,
                                                "Actual Total Time": 605.663,
                                                "Actual Rows": 1631263,
                                                "Actual Loops": 1
                                            },
                                            {
                                                "Worker Number": 1,
                                                "Actual Startup Time": 228.665,
                                                "Actual Total Time": 599.719,
                                                "Actual Rows": 1663834,
                                                "Actual Loops": 1
                                            },
                                            {
                                                "Worker Number": 2,
                                                "Actual Startup Time": 228.651,
                                                "Actual Total Time": 592.711,
                                                "Actual Rows": 2263818,
                                                "Actual Loops": 1
                                            },
                                            {
                                                "Worker Number": 3,
                                                "Actual Startup Time": 228.668,
                                                "Actual Total Time": 577.256,
                                                "Actual Rows": 2316702,
                                                "Actual Loops": 1
                                            },
                                            {
                                                "Worker Number": 4,
                                                "Actual Startup Time": 228.665,
                                                "Actual Total Time": 589.309,
                                                "Actual Rows": 2232835,
                                                "Actual Loops": 1
                                            },
                                            {
                                                "Worker Number": 5,
                                                "Actual Startup Time": 228.685,
                                                "Actual Total Time": 579.641,
                                                "Actual Rows": 2368649,
                                                "Actual Loops": 1
                                            }
                                        ]
                                    },
                                    {
                                        "Node Type": "Hash",
                                        "Parent Relationship": "Inner",
                                        "Parallel Aware": true,
                                        "Startup Cost": 45479.21,
                                        "Total Cost": 45479.21,
                                        "Plan Rows": 201929,
                                        "Plan Width": 4,
                                        "Actual Startup Time": 134.637,
                                        "Actual Total Time": 134.638,
                                        "Actual Rows": 102819,
                                        "Actual Loops": 7,
                                        "Output": [
                                            "t.id"
                                        ],
                                        "Hash Buckets": 1048576,
                                        "Original Hash Buckets": 1048576,
                                        "Hash Batches": 1,
                                        "Original Hash Batches": 1,
                                        "Peak Memory Usage": 36448,
                                        "Workers": [
                                            {
                                                "Worker Number": 0,
                                                "Actual Startup Time": 135.468,
                                                "Actual Total Time": 135.468,
                                                "Actual Rows": 80992,
                                                "Actual Loops": 1
                                            },
                                            {
                                                "Worker Number": 1,
                                                "Actual Startup Time": 135.618,
                                                "Actual Total Time": 135.619,
                                                "Actual Rows": 81779,
                                                "Actual Loops": 1
                                            },
                                            {
                                                "Worker Number": 2,
                                                "Actual Startup Time": 136.024,
                                                "Actual Total Time": 136.024,
                                                "Actual Rows": 102313,
                                                "Actual Loops": 1
                                            },
                                            {
                                                "Worker Number": 3,
                                                "Actual Startup Time": 135.616,
                                                "Actual Total Time": 135.617,
                                                "Actual Rows": 113502,
                                                "Actual Loops": 1
                                            },
                                            {
                                                "Worker Number": 4,
                                                "Actual Startup Time": 136.028,
                                                "Actual Total Time": 136.029,
                                                "Actual Rows": 100578,
                                                "Actual Loops": 1
                                            },
                                            {
                                                "Worker Number": 5,
                                                "Actual Startup Time": 135.659,
                                                "Actual Total Time": 135.66,
                                                "Actual Rows": 113957,
                                                "Actual Loops": 1
                                            }
                                        ],
                                        "Plans": [
                                            {
                                                "Node Type": "Seq Scan",
                                                "Parent Relationship": "Outer",
                                                "Parallel Aware": true,
                                                "Relation Name": "title",
                                                "Schema": "public",
                                                "Alias": "t",
                                                "Startup Cost": 0.0,
                                                "Total Cost": 45479.21,
                                                "Plan Rows": 201929,
                                                "Plan Width": 4,
                                                "Actual Startup Time": 0.064,
                                                "Actual Total Time": 81.253,
                                                "Actual Rows": 102819,
                                                "Actual Loops": 7,
                                                "Output": [
                                                    "t.id"
                                                ],
                                                "Filter": "((t.kind_id < 7) AND (t.production_year > 1971))",
                                                "Rows Removed by Filter": 258369,
                                                "Workers": [
                                                    {
                                                        "Worker Number": 0,
                                                        "Actual Startup Time": 0.098,
                                                        "Actual Total Time": 82.53,
                                                        "Actual Rows": 80992,
                                                        "Actual Loops": 1
                                                    },
                                                    {
                                                        "Worker Number": 1,
                                                        "Actual Startup Time": 0.075,
                                                        "Actual Total Time": 82.497,
                                                        "Actual Rows": 81779,
                                                        "Actual Loops": 1
                                                    },
                                                    {
                                                        "Worker Number": 2,
                                                        "Actual Startup Time": 0.059,
                                                        "Actual Total Time": 81.786,
                                                        "Actual Rows": 102313,
                                                        "Actual Loops": 1
                                                    },
                                                    {
                                                        "Worker Number": 3,
                                                        "Actual Startup Time": 0.065,
                                                        "Actual Total Time": 80.821,
                                                        "Actual Rows": 113502,
                                                        "Actual Loops": 1
                                                    },
                                                    {
                                                        "Worker Number": 4,
                                                        "Actual Startup Time": 0.055,
                                                        "Actual Total Time": 81.776,
                                                        "Actual Rows": 100578,
                                                        "Actual Loops": 1
                                                    },
                                                    {
                                                        "Worker Number": 5,
                                                        "Actual Startup Time": 0.069,
                                                        "Actual Total Time": 80.927,
                                                        "Actual Rows": 113957,
                                                        "Actual Loops": 1
                                                    }
                                                ]
                                            }
                                        ]
                                    }
                                ]
                            }
                        ]
                    }
                ]
            }
        ]
    },
    "Planning Time": 0.743,
    "Triggers": [],
    "Execution Time": 1387.291
}