[
  {
    "Plan": {
      "Node Type": "Aggregate",
      "Strategy": "Plain",
      "Partial Mode": "Finalize",
      "Parallel Aware": false,
      "Startup Cost": 89838.67,
      "Total Cost": 89838.68,
      "Plan Rows": 1,
      "Plan Width": 8,
      "Actual Startup Time": 348.6,
      "Actual Total Time": 364.102,
      "Actual Rows": 1,
      "Actual Loops": 1,
      "Plans": [
        {
          "Node Type": "Gather",
          "Parent Relationship": "Outer",
          "Parallel Aware": false,
          "Startup Cost": 89838.36,
          "Total Cost": 89838.67,
          "Plan Rows": 3,
          "Plan Width": 8,
          "Actual Startup Time": 347.558,
          "Actual Total Time": 364.082,
          "Actual Rows": 4,
          "Actual Loops": 1,
          "Workers Planned": 3,
          "Workers Launched": 3,
          "Single Copy": false,
          "Plans": [
            {
              "Node Type": "Aggregate",
              "Strategy": "Plain",
              "Partial Mode": "Partial",
              "Parent Relationship": "Outer",
              "Parallel Aware": false,
              "Startup Cost": 88838.36,
              "Total Cost": 88838.37,
              "Plan Rows": 1,
              "Plan Width": 8,
              "Actual Startup Time": 341.897,
              "Actual Total Time": 341.959,
              "Actual Rows": 1,
              "Actual Loops": 4,
              "Plans": [
                {
                  "Node Type": "Hash Join",
                  "Parent Relationship": "Outer",
                  "Parallel Aware": true,
                  "Join Type": "Inner",
                  "Startup Cost": 45808.44,
                  "Total Cost": 88686.52,
                  "Plan Rows": 60736,
                  "Plan Width": 0,
                  "Actual Startup Time": 118.527,
                  "Actual Total Time": 332.344,
                  "Actual Rows": 187962,
                  "Actual Loops": 4,
                  "Inner Unique": true,
                  "Hash Cond": "(mk.movie_id = t.id)",
                  "Plans": [
                    {
                      "Node Type": "Seq Scan",
                      "Parent Relationship": "Outer",
                      "Parallel Aware": true,
                      "Relation Name": "movie_keyword",
                      "Alias": "mk",
                      "Startup Cost": 0.0,
                      "Total Cost": 39047.32,
                      "Plan Rows": 1459332,
                      "Plan Width": 4,
                      "Actual Startup Time": 0.026,
                      "Actual Total Time": 94.357,
                      "Actual Rows": 1130982,
                      "Actual Loops": 4
                    },
                    {
                      "Node Type": "Hash",
                      "Parent Relationship": "Inner",
                      "Parallel Aware": true,
                      "Startup Cost": 45479.59,
                      "Total Cost": 45479.59,
                      "Plan Rows": 26308,
                      "Plan Width": 4,
                      "Actual Startup Time": 116.658,
                      "Actual Total Time": 116.659,
                      "Actual Rows": 53104,
                      "Actual Loops": 4,
                      "Hash Buckets": 262144,
                      "Original Hash Buckets": 131072,
                      "Hash Batches": 1,
                      "Original Hash Batches": 1,
                      "Peak Memory Usage": 11456,
                      "Plans": [
                        {
                          "Node Type": "Seq Scan",
                          "Parent Relationship": "Outer",
                          "Parallel Aware": true,
                          "Relation Name": "title",
                          "Alias": "t",
                          "Startup Cost": 0.0,
                          "Total Cost": 45479.59,
                          "Plan Rows": 26308,
                          "Plan Width": 4,
                          "Actual Startup Time": 0.15,
                          "Actual Total Time": 97.753,
                          "Actual Rows": 53104,
                          "Actual Loops": 4,
                          "Filter": "((kind_id < 7) AND (production_year < 1964))",
                          "Rows Removed by Filter": 578974
                        }
                      ]
                    }
                  ]
                }
              ]
            }
          ]
        }
      ]
    },
    "Planning Time": 0.484,
    "Triggers": [],
    "Execution Time": 364.167
  }
]