[
  {
    "Plan": {
      "Node Type": "Aggregate",
      "Strategy": "Plain",
      "Partial Mode": "Finalize",
      "Parallel Aware": false,
      "Startup Cost": 44665.25,
      "Total Cost": 44665.26,
      "Plan Rows": 1,
      "Plan Width": 8,
      "Actual Startup Time": 123.486,
      "Actual Total Time": 132.67,
      "Actual Rows": 1,
      "Actual Loops": 1,
      "Plans": [
        {
          "Node Type": "Gather",
          "Parent Relationship": "Outer",
          "Parallel Aware": false,
          "Startup Cost": 44664.94,
          "Total Cost": 44665.25,
          "Plan Rows": 3,
          "Plan Width": 8,
          "Actual Startup Time": 123.346,
          "Actual Total Time": 132.662,
          "Actual Rows": 4,
          "Actual Loops": 1,
          "Workers Planned": 3,
          "Workers Launched": 3,
          "Single Copy": false,
          "Plans": [
            {
              "Node Type": "Aggregate",
              "Strategy": "Plain",
              "Partial Mode": "Partial",
              "Parent Relationship": "Outer",
              "Parallel Aware": false,
              "Startup Cost": 43664.94,
              "Total Cost": 43664.95,
              "Plan Rows": 1,
              "Plan Width": 8,
              "Actual Startup Time": 117.526,
              "Actual Total Time": 117.528,
              "Actual Rows": 1,
              "Actual Loops": 4,
              "Plans": [
                {
                  "Node Type": "Seq Scan",
                  "Parent Relationship": "Outer",
                  "Parallel Aware": true,
                  "Relation Name": "movie_keyword",
                  "Alias": "mk",
                  "Startup Cost": 0.0,
                  "Total Cost": 42695.65,
                  "Plan Rows": 387713,
                  "Plan Width": 0,
                  "Actual Startup Time": 0.865,
                  "Actual Total Time": 102.577,
                  "Actual Rows": 301416,
                  "Actual Loops": 4,
                  "Filter": "(keyword_id > 15222)",
                  "Rows Removed by Filter": 829566
                }
              ]
            }
          ]
        }
      ]
    },
    "Planning Time": 0.061,
    "Triggers": [],
    "Execution Time": 132.693
  }
]