[
    {
        "Bao": {
            "Bao prediction": "NaN",
            "Bao recommended hint": "(no hint)"
        }
    },
    {
        "Plan": {
            "Node Type": "Aggregate",
            "Strategy": "Plain",
            "Partial Mode": "Simple",
            "Parallel Aware": false,
            "Startup Cost": 26863.03,
            "Total Cost": 26863.04,
            "Plan Rows": 1,
            "Plan Width": 8,
            "Actual Startup Time": 39.917,
            "Actual Total Time": 39.919,
            "Actual Rows": 1,
            "Actual Loops": 1,
            "Output": [
                "count(*)"
            ],
            "Plans": [
                {
                    "Node Type": "Bitmap Heap Scan",
                    "Parent Relationship": "Outer",
                    "Parallel Aware": false,
                    "Relation Name": "movie_keyword",
                    "Schema": "public",
                    "Alias": "mk",
                    "Startup Cost": 1411.71,
                    "Total Cost": 26696.81,
                    "Plan Rows": 66488,
                    "Plan Width": 0,
                    "Actual Startup Time": 10.423,
                    "Actual Total Time": 37.088,
                    "Actual Rows": 62000,
                    "Actual Loops": 1,
                    "Recheck Cond": "(mk.keyword_id > 94365)",
                    "Rows Removed by Index Recheck": 0,
                    "Exact Heap Blocks": 13944,
                    "Lossy Heap Blocks": 0,
                    "Plans": [
                        {
                            "Node Type": "Bitmap Index Scan",
                            "Parent Relationship": "Outer",
                            "Parallel Aware": false,
                            "Index Name": "keyword_id_movie_keyword",
                            "Startup Cost": 0.0,
                            "Total Cost": 1395.09,
                            "Plan Rows": 66488,
                            "Plan Width": 0,
                            "Actual Startup Time": 7.984,
                            "Actual Total Time": 7.985,
                            "Actual Rows": 62000,
                            "Actual Loops": 1,
                            "Index Cond": "(mk.keyword_id > 94365)"
                        }
                    ]
                }
            ]
        },
        "Planning Time": 208.428,
        "Triggers": [],
        "Execution Time": 40.04
    }
]