{
  "Plan": {
    "Node Type": "Aggregate",
    "Strategy": "Plain",
    "Partial Mode": "Finalize",
    "Parallel Aware": false,
    "Startup Cost": 71805.19,
    "Total Cost": 71805.2,
    "Plan Rows": 1,
    "Plan Width": 8,
    "Actual Startup Time": 72.284,
    "Actual Total Time": 80.843,
    "Actual Rows": 1,
    "Actual Loops": 1,
    "Plans": [
      {
        "Node Type": "Gather",
        "Parent Relationship": "Outer",
        "Parallel Aware": false,
        "Startup Cost": 71805.08,
        "Total Cost": 71805.19,
        "Plan Rows": 1,
        "Plan Width": 8,
        "Actual Startup Time": 72.049,
        "Actual Total Time": 80.836,
        "Actual Rows": 2,
        "Actual Loops": 1,
        "Workers Planned": 1,
        "Workers Launched": 1,
        "Single Copy": false,
        "Plans": [
          {
            "Node Type": "Aggregate",
            "Strategy": "Plain",
            "Partial Mode": "Partial",
            "Parent Relationship": "Outer",
            "Parallel Aware": false,
            "Startup Cost": 70805.08,
            "Total Cost": 70805.09,
            "Plan Rows": 1,
            "Plan Width": 8,
            "Actual Startup Time": 65.58,
            "Actual Total Time": 65.582,
            "Actual Rows": 1,
            "Actual Loops": 2,
            "Plans": [
              {
                "Node Type": "Nested Loop",
                "Parent Relationship": "Outer",
                "Parallel Aware": false,
                "Join Type": "Inner",
                "Startup Cost": 600.89,
                "Total Cost": 70805.03,
                "Plan Rows": 19,
                "Plan Width": 0,
                "Actual Startup Time": 35.724,
                "Actual Total Time": 65.571,
                "Actual Rows": 54,
                "Actual Loops": 2,
                "Inner Unique": false,
                "Join Filter": "(t.id = mk.movie_id)",
                "Rows Removed by Join Filter": 0,
                "Plans": [
                  {
                    "Node Type": "Nested Loop",
                    "Parent Relationship": "Outer",
                    "Parallel Aware": false,
                    "Join Type": "Inner",
                    "Startup Cost": 600.46,
                    "Total Cost": 70627.47,
                    "Plan Rows": 23,
                    "Plan Width": 8,
                    "Actual Startup Time": 24.531,
                    "Actual Total Time": 64.704,
                    "Actual Rows": 46,
                    "Actual Loops": 2,
                    "Inner Unique": true,
                    "Plans": [
                      {
                        "Node Type": "Bitmap Heap Scan",
                        "Parent Relationship": "Outer",
                        "Parallel Aware": true,
                        "Relation Name": "movie_companies",
                        "Alias": "mc",
                        "Startup Cost": 600.03,
                        "Total Cost": 20557.4,
                        "Plan Rows": 8286,
                        "Plan Width": 4,
                        "Actual Startup Time": 19.966,
                        "Actual Total Time": 26.297,
                        "Actual Rows": 7235,
                        "Actual Loops": 2,
                        "Recheck Cond": "(company_id = 27)",
                        "Rows Removed by Index Recheck": 0,
                        "Filter": "(company_type_id = 2)",
                        "Rows Removed by Filter": 6416,
                        "Exact Heap Blocks": 6085,
                        "Lossy Heap Blocks": 0,
                        "Plans": [
                          {
                            "Node Type": "Bitmap Index Scan",
                            "Parent Relationship": "Outer",
                            "Parallel Aware": false,
                            "Index Name": "company_id_movie_companies",
                            "Startup Cost": 0.0,
                            "Total Cost": 596.51,
                            "Plan Rows": 27744,
                            "Plan Width": 0,
                            "Actual Startup Time": 9.763,
                            "Actual Total Time": 9.764,
                            "Actual Rows": 27303,
                            "Actual Loops": 1,
                            "Index Cond": "(company_id = 27)"
                          }
                        ]
                      },
                      {
                        "Node Type": "Index Scan",
                        "Parent Relationship": "Inner",
                        "Parallel Aware": false,
                        "Scan Direction": "Forward",
                        "Index Name": "title_pkey",
                        "Relation Name": "title",
                        "Alias": "t",
                        "Startup Cost": 0.43,
                        "Total Cost": 6.04,
                        "Plan Rows": 1,
                        "Plan Width": 4,
                        "Actual Startup Time": 0.005,
                        "Actual Total Time": 0.005,
                        "Actual Rows": 0,
                        "Actual Loops": 14470,
                        "Index Cond": "(id = mc.movie_id)",
                        "Rows Removed by Index Recheck": 0,
                        "Filter": "((kind_id < 7) AND (production_year = 1984))",
                        "Rows Removed by Filter": 1
                      }
                    ]
                  },
                  {
                    "Node Type": "Index Scan",
                    "Parent Relationship": "Inner",
                    "Parallel Aware": false,
                    "Scan Direction": "Forward",
                    "Index Name": "movie_id_movie_keyword",
                    "Relation Name": "movie_keyword",
                    "Alias": "mk",
                    "Startup Cost": 0.43,
                    "Total Cost": 7.44,
                    "Plan Rows": 22,
                    "Plan Width": 4,
                    "Actual Startup Time": 0.018,
                    "Actual Total Time": 0.018,
                    "Actual Rows": 1,
                    "Actual Loops": 93,
                    "Index Cond": "(movie_id = mc.movie_id)",
                    "Rows Removed by Index Recheck": 0,
                    "Filter": "(keyword_id > 5274)",
                    "Rows Removed by Filter": 2
                  }
                ]
              }
            ]
          }
        ]
      }
    ]
  },
  "Planning Time": 1.142,
  "Triggers": [],
  "Execution Time": 80.951
}