[
  {
    "Plan": {
      "Node Type": "Aggregate",
      "Strategy": "Plain",
      "Partial Mode": "Finalize",
      "Parallel Aware": false,
      "Startup Cost": 37634.42,
      "Total Cost": 37634.43,
      "Plan Rows": 1,
      "Plan Width": 8,
      "Actual Startup Time": 118.356,
      "Actual Total Time": 125.602,
      "Actual Rows": 1,
      "Actual Loops": 1,
      "Plans": [
        {
          "Node Type": "Gather",
          "Parent Relationship": "Outer",
          "Parallel Aware": false,
          "Startup Cost": 37634.2,
          "Total Cost": 37634.41,
          "Plan Rows": 2,
          "Plan Width": 8,
          "Actual Startup Time": 116.943,
          "Actual Total Time": 125.594,
          "Actual Rows": 3,
          "Actual Loops": 1,
          "Workers Planned": 2,
          "Workers Launched": 2,
          "Single Copy": false,
          "Plans": [
            {
              "Node Type": "Aggregate",
              "Strategy": "Plain",
              "Partial Mode": "Partial",
              "Parent Relationship": "Outer",
              "Parallel Aware": false,
              "Startup Cost": 36634.2,
              "Total Cost": 36634.21,
              "Plan Rows": 1,
              "Plan Width": 8,
              "Actual Startup Time": 108.71,
              "Actual Total Time": 108.713,
              "Actual Rows": 1,
              "Actual Loops": 3,
              "Plans": [
                {
                  "Node Type": "Nested Loop",
                  "Parent Relationship": "Outer",
                  "Parallel Aware": false,
                  "Join Type": "Inner",
                  "Startup Cost": 17706.05,
                  "Total Cost": 36634.0,
                  "Plan Rows": 82,
                  "Plan Width": 0,
                  "Actual Startup Time": 91.651,
                  "Actual Total Time": 108.627,
                  "Actual Rows": 764,
                  "Actual Loops": 3,
                  "Inner Unique": true,
                  "Plans": [
                    {
                      "Node Type": "Hash Join",
                      "Parent Relationship": "Outer",
                      "Parallel Aware": true,
                      "Join Type": "Inner",
                      "Startup Cost": 17705.62,
                      "Total Cost": 33960.86,
                      "Plan Rows": 3182,
                      "Plan Width": 8,
                      "Actual Startup Time": 90.815,
                      "Actual Total Time": 98.248,
                      "Actual Rows": 1458,
                      "Actual Loops": 3,
                      "Inner Unique": false,
                      "Hash Cond": "(mk.movie_id = mi_idx.movie_id)",
                      "Plans": [
                        {
                          "Node Type": "Bitmap Heap Scan",
                          "Parent Relationship": "Outer",
                          "Parallel Aware": true,
                          "Relation Name": "movie_keyword",
                          "Alias": "mk",
                          "Startup Cost": 164.04,
                          "Total Cost": 16394.0,
                          "Plan Rows": 3205,
                          "Plan Width": 4,
                          "Actual Startup Time": 2.741,
                          "Actual Total Time": 8.211,
                          "Actual Rows": 2187,
                          "Actual Loops": 3,
                          "Recheck Cond": "(keyword_id = 12015)",
                          "Rows Removed by Index Recheck": 0,
                          "Exact Heap Blocks": 2853,
                          "Lossy Heap Blocks": 0,
                          "Plans": [
                            {
                              "Node Type": "Bitmap Index Scan",
                              "Parent Relationship": "Outer",
                              "Parallel Aware": false,
                              "Index Name": "keyword_id_movie_keyword",
                              "Startup Cost": 0.0,
                              "Total Cost": 162.12,
                              "Plan Rows": 7691,
                              "Plan Width": 0,
                              "Actual Startup Time": 2.082,
                              "Actual Total Time": 2.083,
                              "Actual Rows": 6560,
                              "Actual Loops": 1,
                              "Index Cond": "(keyword_id = 12015)"
                            }
                          ]
                        },
                        {
                          "Node Type": "Hash",
                          "Parent Relationship": "Inner",
                          "Parallel Aware": true,
                          "Startup Cost": 15122.68,
                          "Total Cost": 15122.68,
                          "Plan Rows": 193512,
                          "Plan Width": 4,
                          "Actual Startup Time": 84.308,
                          "Actual Total Time": 84.309,
                          "Actual Rows": 153308,
                          "Actual Loops": 3,
                          "Hash Buckets": 524288,
                          "Original Hash Buckets": 524288,
                          "Hash Batches": 1,
                          "Original Hash Batches": 1,
                          "Peak Memory Usage": 22144,
                          "Plans": [
                            {
                              "Node Type": "Seq Scan",
                              "Parent Relationship": "Outer",
                              "Parallel Aware": true,
                              "Relation Name": "movie_info_idx",
                              "Alias": "mi_idx",
                              "Startup Cost": 0.0,
                              "Total Cost": 15122.68,
                              "Plan Rows": 193512,
                              "Plan Width": 4,
                              "Actual Startup Time": 0.056,
                              "Actual Total Time": 48.86,
                              "Actual Rows": 153308,
                              "Actual Loops": 3,
                              "Filter": "(info_type_id = 100)",
                              "Rows Removed by Filter": 306703
                            }
                          ]
                        }
                      ]
                    },
                    {
                      "Node Type": "Index Scan",
                      "Parent Relationship": "Inner",
                      "Parallel Aware": false,
                      "Scan Direction": "Forward",
                      "Index Name": "title_pkey",
                      "Relation Name": "title",
                      "Alias": "t",
                      "Startup Cost": 0.43,
                      "Total Cost": 0.84,
                      "Plan Rows": 1,
                      "Plan Width": 4,
                      "Actual Startup Time": 0.007,
                      "Actual Total Time": 0.007,
                      "Actual Rows": 1,
                      "Actual Loops": 4373,
                      "Index Cond": "(id = mi_idx.movie_id)",
                      "Rows Removed by Index Recheck": 0,
                      "Filter": "((production_year < 2005) AND (kind_id = 1))",
                      "Rows Removed by Filter": 0
                    }
                  ]
                }
              ]
            }
          ]
        }
      ]
    },
    "Planning Time": 1.36,
    "Triggers": [],
    "Execution Time": 125.704
  }
]