{
  "Plan": {
    "Node Type": "Aggregate",
    "Strategy": "Plain",
    "Partial Mode": "Finalize",
    "Parallel Aware": false,
    "Startup Cost": 766719.66,
    "Total Cost": 766719.67,
    "Plan Rows": 1,
    "Plan Width": 8,
    "Actual Startup Time": 3711.798,
    "Actual Total Time": 3763.381,
    "Actual Rows": 1,
    "Actual Loops": 1,
    "Plans": [
      {
        "Node Type": "Gather",
        "Parent Relationship": "Outer",
        "Parallel Aware": false,
        "Startup Cost": 766719.55,
        "Total Cost": 766719.66,
        "Plan Rows": 1,
        "Plan Width": 8,
        "Actual Startup Time": 3699.384,
        "Actual Total Time": 3763.371,
        "Actual Rows": 2,
        "Actual Loops": 1,
        "Workers Planned": 1,
        "Workers Launched": 1,
        "Single Copy": false,
        "Plans": [
          {
            "Node Type": "Aggregate",
            "Strategy": "Plain",
            "Partial Mode": "Partial",
            "Parent Relationship": "Outer",
            "Parallel Aware": false,
            "Startup Cost": 765719.55,
            "Total Cost": 765719.56,
            "Plan Rows": 1,
            "Plan Width": 8,
            "Actual Startup Time": 3687.483,
            "Actual Total Time": 3689.836,
            "Actual Rows": 1,
            "Actual Loops": 2,
            "Plans": [
              {
                "Node Type": "Hash Join",
                "Parent Relationship": "Outer",
                "Parallel Aware": true,
                "Join Type": "Inner",
                "Startup Cost": 367201.59,
                "Total Cost": 752394.26,
                "Plan Rows": 5330115,
                "Plan Width": 0,
                "Actual Startup Time": 2329.301,
                "Actual Total Time": 3407.345,
                "Actual Rows": 7081800,
                "Actual Loops": 2,
                "Inner Unique": false,
                "Hash Cond": "(ci.movie_id = t.id)",
                "Plans": [
                  {
                    "Node Type": "Bitmap Heap Scan",
                    "Parent Relationship": "Outer",
                    "Parallel Aware": true,
                    "Relation Name": "cast_info",
                    "Alias": "ci",
                    "Startup Cost": 206977.57,
                    "Total Cost": 542675.14,
                    "Plan Rows": 3628299,
                    "Plan Width": 4,
                    "Actual Startup Time": 899.655,
                    "Actual Total Time": 1123.156,
                    "Actual Rows": 1338438,
                    "Actual Loops": 2,
                    "Recheck Cond": "(person_id < 934815)",
                    "Rows Removed by Index Recheck": 0,
                    "Filter": "(role_id > 1)",
                    "Rows Removed by Filter": 3413820,
                    "Exact Heap Blocks": 50850,
                    "Lossy Heap Blocks": 0,
                    "Plans": [
                      {
                        "Node Type": "Bitmap Index Scan",
                        "Parent Relationship": "Outer",
                        "Parallel Aware": false,
                        "Index Name": "person_id_cast_info",
                        "Startup Cost": 0.0,
                        "Total Cost": 205435.54,
                        "Plan Rows": 9407864,
                        "Plan Width": 0,
                        "Actual Startup Time": 574.099,
                        "Actual Total Time": 574.1,
                        "Actual Rows": 9504518,
                        "Actual Loops": 1,
                        "Index Cond": "(person_id < 934815)"
                      }
                    ]
                  },
                  {
                    "Node Type": "Hash",
                    "Parent Relationship": "Inner",
                    "Parallel Aware": true,
                    "Startup Cost": 132914.0,
                    "Total Cost": 132914.0,
                    "Plan Rows": 2184801,
                    "Plan Width": 8,
                    "Actual Startup Time": 1407.51,
                    "Actual Total Time": 1409.86,
                    "Actual Rows": 1852436,
                    "Actual Loops": 2,
                    "Hash Buckets": 4194304,
                    "Original Hash Buckets": 4194304,
                    "Hash Batches": 1,
                    "Original Hash Batches": 1,
                    "Peak Memory Usage": 177728,
                    "Plans": [
                      {
                        "Node Type": "Hash Join",
                        "Parent Relationship": "Outer",
                        "Parallel Aware": true,
                        "Join Type": "Inner",
                        "Startup Cost": 69460.7,
                        "Total Cost": 132914.0,
                        "Plan Rows": 2184801,
                        "Plan Width": 8,
                        "Actual Startup Time": 547.0,
                        "Actual Total Time": 1090.975,
                        "Actual Rows": 1852436,
                        "Actual Loops": 2,
                        "Inner Unique": true,
                        "Hash Cond": "(mk.movie_id = t.id)",
                        "Plans": [
                          {
                            "Node Type": "Seq Scan",
                            "Parent Relationship": "Outer",
                            "Parallel Aware": true,
                            "Relation Name": "movie_keyword",
                            "Alias": "mk",
                            "Startup Cost": 0.0,
                            "Total Cost": 57718.19,
                            "Plan Rows": 2184801,
                            "Plan Width": 4,
                            "Actual Startup Time": 0.054,
                            "Actual Total Time": 214.524,
                            "Actual Rows": 1852436,
                            "Actual Loops": 2,
                            "Filter": "(keyword_id > 784)",
                            "Rows Removed by Filter": 409530
                          },
                          {
                            "Node Type": "Hash",
                            "Parent Relationship": "Inner",
                            "Parallel Aware": true,
                            "Startup Cost": 50870.31,
                            "Total Cost": 50870.31,
                            "Plan Rows": 1487231,
                            "Plan Width": 4,
                            "Actual Startup Time": 534.189,
                            "Actual Total Time": 534.19,
                            "Actual Rows": 1264156,
                            "Actual Loops": 2,
                            "Hash Buckets": 4194304,
                            "Original Hash Buckets": 4194304,
                            "Hash Batches": 1,
                            "Original Hash Batches": 1,
                            "Peak Memory Usage": 131712,
                            "Plans": [
                              {
                                "Node Type": "Seq Scan",
                                "Parent Relationship": "Outer",
                                "Parallel Aware": true,
                                "Relation Name": "title",
                                "Alias": "t",
                                "Startup Cost": 0.0,
                                "Total Cost": 50870.31,
                                "Plan Rows": 1487231,
                                "Plan Width": 4,
                                "Actual Startup Time": 0.027,
                                "Actual Total Time": 160.916,
                                "Actual Rows": 1264156,
                                "Actual Loops": 2
                              }
                            ]
                          }
                        ]
                      }
                    ]
                  }
                ]
              }
            ]
          }
        ]
      }
    ]
  },
  "Planning Time": 0.993,
  "Triggers": [],
  "Execution Time": 3763.512
}