{
  "Plan": {
    "Node Type": "Aggregate",
    "Strategy": "Plain",
    "Partial Mode": "Simple",
    "Parallel Aware": false,
    "Startup Cost": 1147213.6,
    "Total Cost": 1147213.61,
    "Plan Rows": 1,
    "Plan Width": 128,
    "Actual Startup Time": 4435.111,
    "Actual Total Time": 4535.122,
    "Actual Rows": 1,
    "Actual Loops": 1,
    "Plans": [
      {
        "Node Type": "Gather",
        "Parent Relationship": "Outer",
        "Parallel Aware": false,
        "Startup Cost": 1057103.79,
        "Total Cost": 1147213.59,
        "Plan Rows": 1,
        "Plan Width": 81,
        "Actual Startup Time": 4054.556,
        "Actual Total Time": 4529.385,
        "Actual Rows": 26153,
        "Actual Loops": 1,
        "Workers Planned": 1,
        "Workers Launched": 1,
        "Single Copy": false,
        "Plans": [
          {
            "Node Type": "Hash Join",
            "Parent Relationship": "Outer",
            "Parallel Aware": true,
            "Join Type": "Inner",
            "Startup Cost": 1056103.79,
            "Total Cost": 1146213.49,
            "Plan Rows": 1,
            "Plan Width": 81,
            "Actual Startup Time": 4047.118,
            "Actual Total Time": 4418.479,
            "Actual Rows": 13076,
            "Actual Loops": 2,
            "Inner Unique": false,
            "Hash Cond": "(n.id = ci.person_id)",
            "Plans": [
              {
                "Node Type": "Seq Scan",
                "Parent Relationship": "Outer",
                "Parallel Aware": true,
                "Relation Name": "name",
                "Alias": "n",
                "Startup Cost": 0.0,
                "Total Cost": 86255.48,
                "Plan Rows": 1027789,
                "Plan Width": 19,
                "Actual Startup Time": 0.016,
                "Actual Total Time": 278.356,
                "Actual Rows": 869790,
                "Actual Loops": 2,
                "Filter": "((gender)::text = 'm'::text)",
                "Rows Removed by Filter": 1213956
              },
              {
                "Node Type": "Hash",
                "Parent Relationship": "Inner",
                "Parallel Aware": true,
                "Startup Cost": 1056103.78,
                "Total Cost": 1056103.78,
                "Plan Rows": 1,
                "Plan Width": 70,
                "Actual Startup Time": 4045.555,
                "Actual Total Time": 4045.724,
                "Actual Rows": 21450,
                "Actual Loops": 2,
                "Hash Buckets": 65536,
                "Original Hash Buckets": 1024,
                "Hash Batches": 1,
                "Original Hash Batches": 1,
                "Peak Memory Usage": 3928,
                "Plans": [
                  {
                    "Node Type": "Hash Join",
                    "Parent Relationship": "Outer",
                    "Parallel Aware": false,
                    "Join Type": "Inner",
                    "Startup Cost": 740635.24,
                    "Total Cost": 1056103.78,
                    "Plan Rows": 1,
                    "Plan Width": 70,
                    "Actual Startup Time": 3842.234,
                    "Actual Total Time": 4028.384,
                    "Actual Rows": 21450,
                    "Actual Loops": 2,
                    "Inner Unique": true,
                    "Hash Cond": "(mi.info_type_id = it1.id)",
                    "Plans": [
                      {
                        "Node Type": "Hash Join",
                        "Parent Relationship": "Outer",
                        "Parallel Aware": true,
                        "Join Type": "Inner",
                        "Startup Cost": 740632.82,
                        "Total Cost": 1056101.35,
                        "Plan Rows": 1,
                        "Plan Width": 74,
                        "Actual Startup Time": 3492.469,
                        "Actual Total Time": 4024.511,
                        "Actual Rows": 23347,
                        "Actual Loops": 2,
                        "Inner Unique": false,
                        "Hash Cond": "(mi.movie_id = ci.movie_id)",
                        "Plans": [
                          {
                            "Node Type": "Seq Scan",
                            "Parent Relationship": "Outer",
                            "Parallel Aware": true,
                            "Relation Name": "movie_info",
                            "Alias": "mi",
                            "Startup Cost": 0.0,
                            "Total Cost": 315051.15,
                            "Plan Rows": 111299,
                            "Plan Width": 51,
                            "Actual Startup Time": 734.194,
                            "Actual Total Time": 1349.339,
                            "Actual Rows": 94486,
                            "Actual Loops": 2,
                            "Filter": "(info = ANY ('{Horror,Action,Sci-Fi,Thriller,Crime,War}'::text[]))",
                            "Rows Removed by Filter": 7323374
                          },
                          {
                            "Node Type": "Hash",
                            "Parent Relationship": "Inner",
                            "Parallel Aware": true,
                            "Startup Cost": 740632.79,
                            "Total Cost": 740632.79,
                            "Plan Rows": 2,
                            "Plan Width": 43,
                            "Actual Startup Time": 2655.123,
                            "Actual Total Time": 2655.287,
                            "Actual Rows": 19496,
                            "Actual Loops": 2,
                            "Hash Buckets": 65536,
                            "Original Hash Buckets": 1024,
                            "Hash Batches": 1,
                            "Original Hash Batches": 1,
                            "Peak Memory Usage": 4056,
                            "Plans": [
                              {
                                "Node Type": "Hash Join",
                                "Parent Relationship": "Outer",
                                "Parallel Aware": true,
                                "Join Type": "Inner",
                                "Startup Cost": 684183.61,
                                "Total Cost": 740632.79,
                                "Plan Rows": 2,
                                "Plan Width": 43,
                                "Actual Startup Time": 2324.305,
                                "Actual Total Time": 2617.172,
                                "Actual Rows": 19496,
                                "Actual Loops": 2,
                                "Inner Unique": false,
                                "Hash Cond": "(t.id = ci.movie_id)",
                                "Plans": [
                                  {
                                    "Node Type": "Seq Scan",
                                    "Parent Relationship": "Outer",
                                    "Parallel Aware": true,
                                    "Relation Name": "title",
                                    "Alias": "t",
                                    "Startup Cost": 0.0,
                                    "Total Cost": 50871.58,
                                    "Plan Rows": 1487358,
                                    "Plan Width": 21,
                                    "Actual Startup Time": 0.014,
                                    "Actual Total Time": 139.736,
                                    "Actual Rows": 1264156,
                                    "Actual Loops": 2
                                  },
                                  {
                                    "Node Type": "Hash",
                                    "Parent Relationship": "Inner",
                                    "Parallel Aware": true,
                                    "Startup Cost": 684183.58,
                                    "Total Cost": 684183.58,
                                    "Plan Rows": 2,
                                    "Plan Width": 22,
                                    "Actual Startup Time": 2323.818,
                                    "Actual Total Time": 2323.98,
                                    "Actual Rows": 19496,
                                    "Actual Loops": 2,
                                    "Hash Buckets": 65536,
                                    "Original Hash Buckets": 1024,
                                    "Hash Batches": 1,
                                    "Original Hash Batches": 1,
                                    "Peak Memory Usage": 3160,
                                    "Plans": [
                                      {
                                        "Node Type": "Hash Join",
                                        "Parent Relationship": "Outer",
                                        "Parallel Aware": false,
                                        "Join Type": "Inner",
                                        "Startup Cost": 665084.49,
                                        "Total Cost": 684183.58,
                                        "Plan Rows": 2,
                                        "Plan Width": 22,
                                        "Actual Startup Time": 2157.587,
                                        "Actual Total Time": 2307.974,
                                        "Actual Rows": 19496,
                                        "Actual Loops": 2,
                                        "Inner Unique": true,
                                        "Hash Cond": "(mi_idx.info_type_id = it2.id)",
                                        "Plans": [
                                          {
                                            "Node Type": "Hash Join",
                                            "Parent Relationship": "Outer",
                                            "Parallel Aware": true,
                                            "Join Type": "Inner",
                                            "Startup Cost": 665082.06,
                                            "Total Cost": 684180.51,
                                            "Plan Rows": 238,
                                            "Plan Width": 26,
                                            "Actual Startup Time": 2157.497,
                                            "Actual Total Time": 2301.89,
                                            "Actual Rows": 58692,
                                            "Actual Loops": 2,
                                            "Inner Unique": false,
                                            "Hash Cond": "(mi_idx.movie_id = ci.movie_id)",
                                            "Plans": [
                                              {
                                                "Node Type": "Seq Scan",
                                                "Parent Relationship": "Outer",
                                                "Parallel Aware": true,
                                                "Relation Name": "movie_info_idx",
                                                "Alias": "mi_idx",
                                                "Startup Cost": 0.0,
                                                "Total Cost": 16052.85,
                                                "Plan Rows": 811785,
                                                "Plan Width": 14,
                                                "Actual Startup Time": 0.028,
                                                "Actual Total Time": 63.934,
                                                "Actual Rows": 690018,
                                                "Actual Loops": 2
                                              },
                                              {
                                                "Node Type": "Hash",
                                                "Parent Relationship": "Inner",
                                                "Parallel Aware": true,
                                                "Startup Cost": 665079.98,
                                                "Total Cost": 665079.98,
                                                "Plan Rows": 167,
                                                "Plan Width": 12,
                                                "Actual Startup Time": 2156.641,
                                                "Actual Total Time": 2156.798,
                                                "Actual Rows": 21589,
                                                "Actual Loops": 2,
                                                "Hash Buckets": 65536,
                                                "Original Hash Buckets": 1024,
                                                "Hash Batches": 1,
                                                "Original Hash Batches": 1,
                                                "Peak Memory Usage": 3096,
                                                "Plans": [
                                                  {
                                                    "Node Type": "Hash Join",
                                                    "Parent Relationship": "Outer",
                                                    "Parallel Aware": true,
                                                    "Join Type": "Inner",
                                                    "Startup Cost": 61517.57,
                                                    "Total Cost": 665079.98,
                                                    "Plan Rows": 167,
                                                    "Plan Width": 12,
                                                    "Actual Startup Time": 1319.882,
                                                    "Actual Total Time": 2131.83,
                                                    "Actual Rows": 21589,
                                                    "Actual Loops": 2,
                                                    "Inner Unique": false,
                                                    "Hash Cond": "(ci.movie_id = mk.movie_id)",
                                                    "Plans": [
                                                      {
                                                        "Node Type": "Seq Scan",
                                                        "Parent Relationship": "Outer",
                                                        "Parallel Aware": true,
                                                        "Relation Name": "cast_info",
                                                        "Alias": "ci",
                                                        "Startup Cost": 0.0,
                                                        "Total Cost": 599269.14,
                                                        "Plan Rows": 686766,
                                                        "Plan Width": 8,
                                                        "Actual Startup Time": 121.227,
                                                        "Actual Total Time": 1700.284,
                                                        "Actual Rows": 622358,
                                                        "Actual Loops": 2,
                                                        "Filter": "(note = ANY ('{(writer),\"(head writer)\",\"(written by)\",(story),\"(story editor)\"}'::text[]))",
                                                        "Rows Removed by Filter": 17499814
                                                      },
                                                      {
                                                        "Node Type": "Hash",
                                                        "Parent Relationship": "Inner",
                                                        "Parallel Aware": true,
                                                        "Startup Cost": 61515.83,
                                                        "Total Cost": 61515.83,
                                                        "Plan Rows": 139,
                                                        "Plan Width": 4,
                                                        "Actual Startup Time": 353.809,
                                                        "Actual Total Time": 353.813,
                                                        "Actual Rows": 38357,
                                                        "Actual Loops": 2,
                                                        "Hash Buckets": 131072,
                                                        "Original Hash Buckets": 1024,
                                                        "Hash Batches": 1,
                                                        "Original Hash Batches": 1,
                                                        "Peak Memory Usage": 5080,
                                                        "Plans": [
                                                          {
                                                            "Node Type": "Hash Join",
                                                            "Parent Relationship": "Outer",
                                                            "Parallel Aware": false,
                                                            "Join Type": "Inner",
                                                            "Startup Cost": 3464.78,
                                                            "Total Cost": 61515.83,
                                                            "Plan Rows": 139,
                                                            "Plan Width": 4,
                                                            "Actual Startup Time": 39.817,
                                                            "Actual Total Time": 332.913,
                                                            "Actual Rows": 38357,
                                                            "Actual Loops": 2,
                                                            "Inner Unique": true,
                                                            "Hash Cond": "(mk.keyword_id = k.id)",
                                                            "Plans": [
                                                              {
                                                                "Node Type": "Seq Scan",
                                                                "Parent Relationship": "Outer",
                                                                "Parallel Aware": true,
                                                                "Relation Name": "movie_keyword",
                                                                "Alias": "mk",
                                                                "Startup Cost": 0.0,
                                                                "Total Cost": 51065.35,
                                                                "Plan Rows": 2661135,
                                                                "Plan Width": 8,
                                                                "Actual Startup Time": 0.029,
                                                                "Actual Total Time": 153.715,
                                                                "Actual Rows": 2261965,
                                                                "Actual Loops": 2
                                                              },
                                                              {
                                                                "Node Type": "Hash",
                                                                "Parent Relationship": "Inner",
                                                                "Parallel Aware": false,
                                                                "Startup Cost": 3464.69,
                                                                "Total Cost": 3464.69,
                                                                "Plan Rows": 7,
                                                                "Plan Width": 4,
                                                                "Actual Startup Time": 39.691,
                                                                "Actual Total Time": 39.692,
                                                                "Actual Rows": 7,
                                                                "Actual Loops": 2,
                                                                "Hash Buckets": 1024,
                                                                "Original Hash Buckets": 1024,
                                                                "Hash Batches": 1,
                                                                "Original Hash Batches": 1,
                                                                "Peak Memory Usage": 9,
                                                                "Plans": [
                                                                  {
                                                                    "Node Type": "Seq Scan",
                                                                    "Parent Relationship": "Outer",
                                                                    "Parallel Aware": false,
                                                                    "Relation Name": "keyword",
                                                                    "Alias": "k",
                                                                    "Startup Cost": 0.0,
                                                                    "Total Cost": 3464.69,
                                                                    "Plan Rows": 7,
                                                                    "Plan Width": 4,
                                                                    "Actual Startup Time": 2.334,
                                                                    "Actual Total Time": 39.676,
                                                                    "Actual Rows": 7,
                                                                    "Actual Loops": 2,
                                                                    "Filter": "(keyword = ANY ('{murder,violence,blood,gore,death,female-nudity,hospital}'::text[]))",
                                                                    "Rows Removed by Filter": 134163
                                                                  }
                                                                ]
                                                              }
                                                            ]
                                                          }
                                                        ]
                                                      }
                                                    ]
                                                  }
                                                ]
                                              }
                                            ]
                                          },
                                          {
                                            "Node Type": "Hash",
                                            "Parent Relationship": "Inner",
                                            "Parallel Aware": false,
                                            "Startup Cost": 2.41,
                                            "Total Cost": 2.41,
                                            "Plan Rows": 1,
                                            "Plan Width": 4,
                                            "Actual Startup Time": 0.053,
                                            "Actual Total Time": 0.054,
                                            "Actual Rows": 1,
                                            "Actual Loops": 2,
                                            "Hash Buckets": 1024,
                                            "Original Hash Buckets": 1024,
                                            "Hash Batches": 1,
                                            "Original Hash Batches": 1,
                                            "Peak Memory Usage": 9,
                                            "Plans": [
                                              {
                                                "Node Type": "Seq Scan",
                                                "Parent Relationship": "Outer",
                                                "Parallel Aware": false,
                                                "Relation Name": "info_type",
                                                "Alias": "it2",
                                                "Startup Cost": 0.0,
                                                "Total Cost": 2.41,
                                                "Plan Rows": 1,
                                                "Plan Width": 4,
                                                "Actual Startup Time": 0.038,
                                                "Actual Total Time": 0.042,
                                                "Actual Rows": 1,
                                                "Actual Loops": 2,
                                                "Filter": "((info)::text = 'votes'::text)",
                                                "Rows Removed by Filter": 112
                                              }
                                            ]
                                          }
                                        ]
                                      }
                                    ]
                                  }
                                ]
                              }
                            ]
                          }
                        ]
                      },
                      {
                        "Node Type": "Hash",
                        "Parent Relationship": "Inner",
                        "Parallel Aware": false,
                        "Startup Cost": 2.41,
                        "Total Cost": 2.41,
                        "Plan Rows": 1,
                        "Plan Width": 4,
                        "Actual Startup Time": 0.115,
                        "Actual Total Time": 0.116,
                        "Actual Rows": 1,
                        "Actual Loops": 2,
                        "Hash Buckets": 1024,
                        "Original Hash Buckets": 1024,
                        "Hash Batches": 1,
                        "Original Hash Batches": 1,
                        "Peak Memory Usage": 9,
                        "Plans": [
                          {
                            "Node Type": "Seq Scan",
                            "Parent Relationship": "Outer",
                            "Parallel Aware": false,
                            "Relation Name": "info_type",
                            "Alias": "it1",
                            "Startup Cost": 0.0,
                            "Total Cost": 2.41,
                            "Plan Rows": 1,
                            "Plan Width": 4,
                            "Actual Startup Time": 0.053,
                            "Actual Total Time": 0.098,
                            "Actual Rows": 1,
                            "Actual Loops": 2,
                            "Filter": "((info)::text = 'genres'::text)",
                            "Rows Removed by Filter": 112
                          }
                        ]
                      }
                    ]
                  }
                ]
              }
            ]
          }
        ]
      }
    ]
  },
  "Planning Time": 2.143,
  "Triggers": [],
  "Execution Time": 4535.303
}