[
  {
    "Plan": {
      "Node Type": "Aggregate",
      "Strategy": "Plain",
      "Partial Mode": "Finalize",
      "Parallel Aware": false,
      "Startup Cost": 93130.38,
      "Total Cost": 93130.39,
      "Plan Rows": 1,
      "Plan Width": 8,
      "Actual Startup Time": 265.757,
      "Actual Total Time": 280.623,
      "Actual Rows": 1,
      "Actual Loops": 1,
      "Plans": [
        {
          "Node Type": "Gather",
          "Parent Relationship": "Outer",
          "Parallel Aware": false,
          "Startup Cost": 93130.16,
          "Total Cost": 93130.37,
          "Plan Rows": 2,
          "Plan Width": 8,
          "Actual Startup Time": 265.119,
          "Actual Total Time": 280.605,
          "Actual Rows": 3,
          "Actual Loops": 1,
          "Workers Planned": 2,
          "Workers Launched": 2,
          "Single Copy": false,
          "Plans": [
            {
              "Node Type": "Aggregate",
              "Strategy": "Plain",
              "Partial Mode": "Partial",
              "Parent Relationship": "Outer",
              "Parallel Aware": false,
              "Startup Cost": 92130.16,
              "Total Cost": 92130.17,
              "Plan Rows": 1,
              "Plan Width": 8,
              "Actual Startup Time": 256.927,
              "Actual Total Time": 256.931,
              "Actual Rows": 1,
              "Actual Loops": 3,
              "Plans": [
                {
                  "Node Type": "Nested Loop",
                  "Parent Relationship": "Outer",
                  "Parallel Aware": false,
                  "Join Type": "Inner",
                  "Startup Cost": 38486.04,
                  "Total Cost": 92096.71,
                  "Plan Rows": 13381,
                  "Plan Width": 0,
                  "Actual Startup Time": 94.007,
                  "Actual Total Time": 254.217,
                  "Actual Rows": 57089,
                  "Actual Loops": 3,
                  "Inner Unique": false,
                  "Join Filter": "(t.id = mk.movie_id)",
                  "Rows Removed by Join Filter": 0,
                  "Plans": [
                    {
                      "Node Type": "Hash Join",
                      "Parent Relationship": "Outer",
                      "Parallel Aware": true,
                      "Join Type": "Inner",
                      "Startup Cost": 38485.61,
                      "Total Cost": 53680.17,
                      "Plan Rows": 23250,
                      "Plan Width": 8,
                      "Actual Startup Time": 93.89,
                      "Actual Total Time": 146.503,
                      "Actual Rows": 37049,
                      "Actual Loops": 3,
                      "Inner Unique": true,
                      "Hash Cond": "(mi_idx.movie_id = t.id)",
                      "Plans": [
                        {
                          "Node Type": "Seq Scan",
                          "Parent Relationship": "Outer",
                          "Parallel Aware": true,
                          "Relation Name": "movie_info_idx",
                          "Alias": "mi_idx",
                          "Startup Cost": 0.0,
                          "Total Cost": 13685.15,
                          "Plan Rows": 575015,
                          "Plan Width": 4,
                          "Actual Startup Time": 0.021,
                          "Actual Total Time": 35.111,
                          "Actual Rows": 460012,
                          "Actual Loops": 3
                        },
                        {
                          "Node Type": "Hash",
                          "Parent Relationship": "Inner",
                          "Parallel Aware": true,
                          "Startup Cost": 38166.15,
                          "Total Cost": 38166.15,
                          "Plan Rows": 25557,
                          "Plan Width": 4,
                          "Actual Startup Time": 60.359,
                          "Actual Total Time": 60.36,
                          "Actual Rows": 33512,
                          "Actual Loops": 3,
                          "Hash Buckets": 131072,
                          "Original Hash Buckets": 131072,
                          "Hash Batches": 1,
                          "Original Hash Batches": 1,
                          "Peak Memory Usage": 4992,
                          "Plans": [
                            {
                              "Node Type": "Bitmap Heap Scan",
                              "Parent Relationship": "Outer",
                              "Parallel Aware": true,
                              "Relation Name": "title",
                              "Alias": "t",
                              "Startup Cost": 1848.69,
                              "Total Cost": 38166.15,
                              "Plan Rows": 25557,
                              "Plan Width": 4,
                              "Actual Startup Time": 14.527,
                              "Actual Total Time": 48.905,
                              "Actual Rows": 33512,
                              "Actual Loops": 3,
                              "Recheck Cond": "(kind_id = 3)",
                              "Rows Removed by Index Recheck": 0,
                              "Exact Heap Blocks": 8679,
                              "Lossy Heap Blocks": 0,
                              "Plans": [
                                {
                                  "Node Type": "Bitmap Index Scan",
                                  "Parent Relationship": "Outer",
                                  "Parallel Aware": false,
                                  "Index Name": "kind_id_title",
                                  "Startup Cost": 0.0,
                                  "Total Cost": 1823.13,
                                  "Plan Rows": 102227,
                                  "Plan Width": 0,
                                  "Actual Startup Time": 13.824,
                                  "Actual Total Time": 13.825,
                                  "Actual Rows": 100537,
                                  "Actual Loops": 1,
                                  "Index Cond": "(kind_id = 3)"
                                }
                              ]
                            }
                          ]
                        }
                      ]
                    },
                    {
                      "Node Type": "Index Scan",
                      "Parent Relationship": "Inner",
                      "Parallel Aware": false,
                      "Scan Direction": "Forward",
                      "Index Name": "movie_id_movie_keyword",
                      "Relation Name": "movie_keyword",
                      "Alias": "mk",
                      "Startup Cost": 0.43,
                      "Total Cost": 1.46,
                      "Plan Rows": 15,
                      "Plan Width": 4,
                      "Actual Startup Time": 0.002,
                      "Actual Total Time": 0.003,
                      "Actual Rows": 2,
                      "Actual Loops": 111147,
                      "Index Cond": "(movie_id = mi_idx.movie_id)",
                      "Rows Removed by Index Recheck": 0,
                      "Filter": "(keyword_id > 11342)",
                      "Rows Removed by Filter": 4
                    }
                  ]
                }
              ]
            }
          ]
        }
      ]
    },
    "Planning Time": 1.257,
    "Triggers": [],
    "Execution Time": 280.738
  }
]