[
  {
    "Plan": {
      "Node Type": "Aggregate",
      "Strategy": "Plain",
      "Partial Mode": "Finalize",
      "Parallel Aware": false,
      "Startup Cost": 12551.63,
      "Total Cost": 12551.64,
      "Plan Rows": 1,
      "Plan Width": 8,
      "Actual Startup Time": 11.671,
      "Actual Total Time": 13.448,
      "Actual Rows": 1,
      "Actual Loops": 1,
      "Plans": [
        {
          "Node Type": "Gather",
          "Parent Relationship": "Outer",
          "Parallel Aware": false,
          "Startup Cost": 12551.52,
          "Total Cost": 12551.63,
          "Plan Rows": 1,
          "Plan Width": 8,
          "Actual Startup Time": 10.677,
          "Actual Total Time": 13.437,
          "Actual Rows": 2,
          "Actual Loops": 1,
          "Workers Planned": 1,
          "Workers Launched": 1,
          "Single Copy": false,
          "Plans": [
            {
              "Node Type": "Aggregate",
              "Strategy": "Plain",
              "Partial Mode": "Partial",
              "Parent Relationship": "Outer",
              "Parallel Aware": false,
              "Startup Cost": 11551.52,
              "Total Cost": 11551.53,
              "Plan Rows": 1,
              "Plan Width": 8,
              "Actual Startup Time": 5.105,
              "Actual Total Time": 5.107,
              "Actual Rows": 1,
              "Actual Loops": 2,
              "Plans": [
                {
                  "Node Type": "Nested Loop",
                  "Parent Relationship": "Outer",
                  "Parallel Aware": false,
                  "Join Type": "Inner",
                  "Startup Cost": 32.1,
                  "Total Cost": 11549.39,
                  "Plan Rows": 853,
                  "Plan Width": 0,
                  "Actual Startup Time": 0.999,
                  "Actual Total Time": 4.995,
                  "Actual Rows": 570,
                  "Actual Loops": 2,
                  "Inner Unique": true,
                  "Plans": [
                    {
                      "Node Type": "Bitmap Heap Scan",
                      "Parent Relationship": "Outer",
                      "Parallel Aware": true,
                      "Relation Name": "movie_keyword",
                      "Alias": "mk",
                      "Startup Cost": 31.67,
                      "Total Cost": 4663.69,
                      "Plan Rows": 853,
                      "Plan Width": 4,
                      "Actual Startup Time": 0.981,
                      "Actual Total Time": 1.755,
                      "Actual Rows": 570,
                      "Actual Loops": 2,
                      "Recheck Cond": "(keyword_id > 133048)",
                      "Rows Removed by Index Recheck": 0,
                      "Exact Heap Blocks": 372,
                      "Lossy Heap Blocks": 0,
                      "Plans": [
                        {
                          "Node Type": "Bitmap Index Scan",
                          "Parent Relationship": "Outer",
                          "Parallel Aware": false,
                          "Index Name": "keyword_id_movie_keyword",
                          "Startup Cost": 0.0,
                          "Total Cost": 31.31,
                          "Plan Rows": 1450,
                          "Plan Width": 0,
                          "Actual Startup Time": 1.701,
                          "Actual Total Time": 1.701,
                          "Actual Rows": 1141,
                          "Actual Loops": 1,
                          "Index Cond": "(keyword_id > 133048)"
                        }
                      ]
                    },
                    {
                      "Node Type": "Index Only Scan",
                      "Parent Relationship": "Inner",
                      "Parallel Aware": false,
                      "Scan Direction": "Forward",
                      "Index Name": "title_pkey",
                      "Relation Name": "title",
                      "Alias": "t",
                      "Startup Cost": 0.43,
                      "Total Cost": 8.07,
                      "Plan Rows": 1,
                      "Plan Width": 4,
                      "Actual Startup Time": 0.005,
                      "Actual Total Time": 0.005,
                      "Actual Rows": 1,
                      "Actual Loops": 1141,
                      "Index Cond": "(id = mk.movie_id)",
                      "Rows Removed by Index Recheck": 0,
                      "Heap Fetches": 1141
                    }
                  ]
                }
              ]
            }
          ]
        }
      ]
    },
    "Planning Time": 0.684,
    "Triggers": [],
    "Execution Time": 13.543
  }
]