{
  "Plan": {
    "Node Type": "Aggregate",
    "Strategy": "Plain",
    "Partial Mode": "Finalize",
    "Parallel Aware": false,
    "Startup Cost": 276220.03,
    "Total Cost": 276220.04,
    "Plan Rows": 1,
    "Plan Width": 8,
    "Actual Startup Time": 1255.346,
    "Actual Total Time": 1277.364,
    "Actual Rows": 1,
    "Actual Loops": 1,
    "Plans": [
      {
        "Node Type": "Gather",
        "Parent Relationship": "Outer",
        "Parallel Aware": false,
        "Startup Cost": 276219.92,
        "Total Cost": 276220.03,
        "Plan Rows": 1,
        "Plan Width": 8,
        "Actual Startup Time": 1252.864,
        "Actual Total Time": 1277.355,
        "Actual Rows": 2,
        "Actual Loops": 1,
        "Workers Planned": 1,
        "Workers Launched": 1,
        "Single Copy": false,
        "Plans": [
          {
            "Node Type": "Aggregate",
            "Strategy": "Plain",
            "Partial Mode": "Partial",
            "Parent Relationship": "Outer",
            "Parallel Aware": false,
            "Startup Cost": 275219.92,
            "Total Cost": 275219.93,
            "Plan Rows": 1,
            "Plan Width": 8,
            "Actual Startup Time": 1245.925,
            "Actual Total Time": 1245.931,
            "Actual Rows": 1,
            "Actual Loops": 2,
            "Plans": [
              {
                "Node Type": "Hash Join",
                "Parent Relationship": "Outer",
                "Parallel Aware": true,
                "Join Type": "Inner",
                "Startup Cost": 115797.11,
                "Total Cost": 274668.2,
                "Plan Rows": 220685,
                "Plan Width": 0,
                "Actual Startup Time": 528.206,
                "Actual Total Time": 1218.107,
                "Actual Rows": 698273,
                "Actual Loops": 2,
                "Inner Unique": false,
                "Hash Cond": "(ci.movie_id = t.id)",
                "Plans": [
                  {
                    "Node Type": "Index Scan",
                    "Parent Relationship": "Outer",
                    "Parallel Aware": true,
                    "Scan Direction": "Forward",
                    "Index Name": "role_id_cast_info",
                    "Relation Name": "cast_info",
                    "Alias": "ci",
                    "Startup Cost": 0.56,
                    "Total Cost": 150483.06,
                    "Plan Rows": 1890790,
                    "Plan Width": 4,
                    "Actual Startup Time": 0.065,
                    "Actual Total Time": 356.967,
                    "Actual Rows": 2076872,
                    "Actual Loops": 2,
                    "Index Cond": "(role_id > 9)",
                    "Rows Removed by Index Recheck": 0,
                    "Filter": "(person_id > 1115803)",
                    "Rows Removed by Filter": 242696
                  },
                  {
                    "Node Type": "Hash",
                    "Parent Relationship": "Inner",
                    "Parallel Aware": true,
                    "Startup Cost": 113626.75,
                    "Total Cost": 113626.75,
                    "Plan Rows": 173583,
                    "Plan Width": 8,
                    "Actual Startup Time": 524.163,
                    "Actual Total Time": 524.167,
                    "Actual Rows": 203970,
                    "Actual Loops": 2,
                    "Hash Buckets": 524288,
                    "Original Hash Buckets": 524288,
                    "Hash Batches": 1,
                    "Original Hash Batches": 1,
                    "Peak Memory Usage": 20096,
                    "Plans": [
                      {
                        "Node Type": "Hash Join",
                        "Parent Relationship": "Outer",
                        "Parallel Aware": true,
                        "Join Type": "Inner",
                        "Startup Cost": 80644.63,
                        "Total Cost": 113626.75,
                        "Plan Rows": 173583,
                        "Plan Width": 8,
                        "Actual Startup Time": 300.697,
                        "Actual Total Time": 484.699,
                        "Actual Rows": 203970,
                        "Actual Loops": 2,
                        "Inner Unique": true,
                        "Hash Cond": "(mk.movie_id = t.id)",
                        "Plans": [
                          {
                            "Node Type": "Bitmap Heap Scan",
                            "Parent Relationship": "Outer",
                            "Parallel Aware": true,
                            "Relation Name": "movie_keyword",
                            "Alias": "mk",
                            "Startup Cost": 20333.06,
                            "Total Cost": 51835.1,
                            "Plan Rows": 563843,
                            "Plan Width": 4,
                            "Actual Startup Time": 56.406,
                            "Actual Total Time": 143.642,
                            "Actual Rows": 480492,
                            "Actual Loops": 2,
                            "Recheck Cond": "(keyword_id < 903)",
                            "Rows Removed by Index Recheck": 0,
                            "Exact Heap Blocks": 12325,
                            "Lossy Heap Blocks": 0,
                            "Plans": [
                              {
                                "Node Type": "Bitmap Index Scan",
                                "Parent Relationship": "Outer",
                                "Parallel Aware": false,
                                "Index Name": "keyword_id_movie_keyword",
                                "Startup Cost": 0.0,
                                "Total Cost": 20093.43,
                                "Plan Rows": 958533,
                                "Plan Width": 0,
                                "Actual Startup Time": 52.69,
                                "Actual Total Time": 52.69,
                                "Actual Rows": 960985,
                                "Actual Loops": 1,
                                "Index Cond": "(keyword_id < 903)"
                              }
                            ]
                          },
                          {
                            "Node Type": "Hash",
                            "Parent Relationship": "Inner",
                            "Parallel Aware": true,
                            "Startup Cost": 54588.39,
                            "Total Cost": 54588.39,
                            "Plan Rows": 457854,
                            "Plan Width": 4,
                            "Actual Startup Time": 239.383,
                            "Actual Total Time": 239.383,
                            "Actual Rows": 391338,
                            "Actual Loops": 2,
                            "Hash Buckets": 1048576,
                            "Original Hash Buckets": 1048576,
                            "Hash Batches": 1,
                            "Original Hash Batches": 1,
                            "Peak Memory Usage": 38816,
                            "Plans": [
                              {
                                "Node Type": "Seq Scan",
                                "Parent Relationship": "Outer",
                                "Parallel Aware": true,
                                "Relation Name": "title",
                                "Alias": "t",
                                "Startup Cost": 0.0,
                                "Total Cost": 54588.39,
                                "Plan Rows": 457854,
                                "Plan Width": 4,
                                "Actual Startup Time": 0.034,
                                "Actual Total Time": 145.856,
                                "Actual Rows": 391338,
                                "Actual Loops": 2,
                                "Filter": "(production_year < 1994)",
                                "Rows Removed by Filter": 872818
                              }
                            ]
                          }
                        ]
                      }
                    ]
                  }
                ]
              }
            ]
          }
        ]
      }
    ]
  },
  "Planning Time": 0.598,
  "Triggers": [],
  "Execution Time": 1277.437
}