[
  {
    "Plan": {
      "Node Type": "Aggregate",
      "Strategy": "Plain",
      "Partial Mode": "Finalize",
      "Parallel Aware": false,
      "Startup Cost": 33365.51,
      "Total Cost": 33365.52,
      "Plan Rows": 1,
      "Plan Width": 8,
      "Actual Startup Time": 104.156,
      "Actual Total Time": 112.023,
      "Actual Rows": 1,
      "Actual Loops": 1,
      "Plans": [
        {
          "Node Type": "Gather",
          "Parent Relationship": "Outer",
          "Parallel Aware": false,
          "Startup Cost": 33365.19,
          "Total Cost": 33365.5,
          "Plan Rows": 3,
          "Plan Width": 8,
          "Actual Startup Time": 104.054,
          "Actual Total Time": 112.015,
          "Actual Rows": 4,
          "Actual Loops": 1,
          "Workers Planned": 3,
          "Workers Launched": 3,
          "Single Copy": false,
          "Plans": [
            {
              "Node Type": "Aggregate",
              "Strategy": "Plain",
              "Partial Mode": "Partial",
              "Parent Relationship": "Outer",
              "Parallel Aware": false,
              "Startup Cost": 32365.19,
              "Total Cost": 32365.2,
              "Plan Rows": 1,
              "Plan Width": 8,
              "Actual Startup Time": 97.078,
              "Actual Total Time": 97.079,
              "Actual Rows": 1,
              "Actual Loops": 4,
              "Plans": [
                {
                  "Node Type": "Seq Scan",
                  "Parent Relationship": "Outer",
                  "Parallel Aware": true,
                  "Relation Name": "movie_companies",
                  "Alias": "mc",
                  "Startup Cost": 0.0,
                  "Total Cost": 31414.82,
                  "Plan Rows": 380149,
                  "Plan Width": 0,
                  "Actual Startup Time": 47.871,
                  "Actual Total Time": 85.85,
                  "Actual Rows": 262710,
                  "Actual Loops": 4,
                  "Filter": "((company_id < 95373) AND (company_type_id = 2))",
                  "Rows Removed by Filter": 389572
                }
              ]
            }
          ]
        }
      ]
    },
    "Planning Time": 0.184,
    "Triggers": [],
    "Execution Time": 112.073
  }
]