[
  {
    "Plan": {
      "Node Type": "Aggregate",
      "Strategy": "Plain",
      "Partial Mode": "Finalize",
      "Parallel Aware": false,
      "Startup Cost": 32611.86,
      "Total Cost": 32611.87,
      "Plan Rows": 1,
      "Plan Width": 8,
      "Actual Startup Time": 78.992,
      "Actual Total Time": 92.644,
      "Actual Rows": 1,
      "Actual Loops": 1,
      "Plans": [
        {
          "Node Type": "Gather",
          "Parent Relationship": "Outer",
          "Parallel Aware": false,
          "Startup Cost": 32611.54,
          "Total Cost": 32611.85,
          "Plan Rows": 3,
          "Plan Width": 8,
          "Actual Startup Time": 78.906,
          "Actual Total Time": 92.637,
          "Actual Rows": 4,
          "Actual Loops": 1,
          "Workers Planned": 3,
          "Workers Launched": 3,
          "Single Copy": false,
          "Plans": [
            {
              "Node Type": "Aggregate",
              "Strategy": "Plain",
              "Partial Mode": "Partial",
              "Parent Relationship": "Outer",
              "Parallel Aware": false,
              "Startup Cost": 31611.54,
              "Total Cost": 31611.55,
              "Plan Rows": 1,
              "Plan Width": 8,
              "Actual Startup Time": 75.193,
              "Actual Total Time": 75.194,
              "Actual Rows": 1,
              "Actual Loops": 4,
              "Plans": [
                {
                  "Node Type": "Seq Scan",
                  "Parent Relationship": "Outer",
                  "Parallel Aware": true,
                  "Relation Name": "movie_companies",
                  "Alias": "mc",
                  "Startup Cost": 0.0,
                  "Total Cost": 31414.82,
                  "Plan Rows": 78689,
                  "Plan Width": 0,
                  "Actual Startup Time": 38.334,
                  "Actual Total Time": 70.35,
                  "Actual Rows": 122052,
                  "Actual Loops": 4,
                  "Filter": "((company_id > 74819) AND (company_type_id = 2))",
                  "Rows Removed by Filter": 530231
                }
              ]
            }
          ]
        }
      ]
    },
    "Planning Time": 0.142,
    "Triggers": [],
    "Execution Time": 92.686
  }
]