{
  "Plan": {
    "Node Type": "Aggregate",
    "Strategy": "Plain",
    "Partial Mode": "Finalize",
    "Parallel Aware": false,
    "Startup Cost": 540639.19,
    "Total Cost": 540639.2,
    "Plan Rows": 1,
    "Plan Width": 8,
    "Actual Startup Time": 5663.288,
    "Actual Total Time": 5770.494,
    "Actual Rows": 1,
    "Actual Loops": 1,
    "Plans": [
      {
        "Node Type": "Gather",
        "Parent Relationship": "Outer",
        "Parallel Aware": false,
        "Startup Cost": 540639.08,
        "Total Cost": 540639.19,
        "Plan Rows": 1,
        "Plan Width": 8,
        "Actual Startup Time": 5654.739,
        "Actual Total Time": 5770.476,
        "Actual Rows": 2,
        "Actual Loops": 1,
        "Workers Planned": 1,
        "Workers Launched": 1,
        "Single Copy": false,
        "Plans": [
          {
            "Node Type": "Aggregate",
            "Strategy": "Plain",
            "Partial Mode": "Partial",
            "Parent Relationship": "Outer",
            "Parallel Aware": false,
            "Startup Cost": 539639.08,
            "Total Cost": 539639.09,
            "Plan Rows": 1,
            "Plan Width": 8,
            "Actual Startup Time": 5642.806,
            "Actual Total Time": 5642.811,
            "Actual Rows": 1,
            "Actual Loops": 2,
            "Plans": [
              {
                "Node Type": "Nested Loop",
                "Parent Relationship": "Outer",
                "Parallel Aware": false,
                "Join Type": "Inner",
                "Startup Cost": 76779.09,
                "Total Cost": 537136.63,
                "Plan Rows": 1000978,
                "Plan Width": 0,
                "Actual Startup Time": 538.602,
                "Actual Total Time": 5565.272,
                "Actual Rows": 1588373,
                "Actual Loops": 2,
                "Inner Unique": false,
                "Plans": [
                  {
                    "Node Type": "Hash Join",
                    "Parent Relationship": "Outer",
                    "Parallel Aware": true,
                    "Join Type": "Inner",
                    "Startup Cost": 76778.53,
                    "Total Cost": 104301.6,
                    "Plan Rows": 202914,
                    "Plan Width": 8,
                    "Actual Startup Time": 538.361,
                    "Actual Total Time": 699.933,
                    "Actual Rows": 181846,
                    "Actual Loops": 2,
                    "Inner Unique": true,
                    "Hash Cond": "(mk.movie_id = t.id)",
                    "Plans": [
                      {
                        "Node Type": "Bitmap Heap Scan",
                        "Parent Relationship": "Outer",
                        "Parallel Aware": true,
                        "Relation Name": "movie_keyword",
                        "Alias": "mk",
                        "Startup Cost": 7317.83,
                        "Total Cost": 34308.25,
                        "Plan Rows": 202914,
                        "Plan Width": 4,
                        "Actual Startup Time": 21.381,
                        "Actual Total Time": 85.381,
                        "Actual Rows": 181846,
                        "Actual Loops": 2,
                        "Recheck Cond": "(keyword_id < 335)",
                        "Rows Removed by Index Recheck": 0,
                        "Exact Heap Blocks": 12925,
                        "Lossy Heap Blocks": 0,
                        "Plans": [
                          {
                            "Node Type": "Bitmap Index Scan",
                            "Parent Relationship": "Outer",
                            "Parallel Aware": false,
                            "Index Name": "keyword_id_movie_keyword",
                            "Startup Cost": 0.0,
                            "Total Cost": 7231.59,
                            "Plan Rows": 344954,
                            "Plan Width": 0,
                            "Actual Startup Time": 17.852,
                            "Actual Total Time": 17.853,
                            "Actual Rows": 363692,
                            "Actual Loops": 1,
                            "Index Cond": "(keyword_id < 335)"
                          }
                        ]
                      },
                      {
                        "Node Type": "Hash",
                        "Parent Relationship": "Inner",
                        "Parallel Aware": true,
                        "Startup Cost": 50870.31,
                        "Total Cost": 50870.31,
                        "Plan Rows": 1487231,
                        "Plan Width": 4,
                        "Actual Startup Time": 494.726,
                        "Actual Total Time": 494.727,
                        "Actual Rows": 1264156,
                        "Actual Loops": 2,
                        "Hash Buckets": 4194304,
                        "Original Hash Buckets": 4194304,
                        "Hash Batches": 1,
                        "Original Hash Batches": 1,
                        "Peak Memory Usage": 131680,
                        "Plans": [
                          {
                            "Node Type": "Seq Scan",
                            "Parent Relationship": "Outer",
                            "Parallel Aware": true,
                            "Relation Name": "title",
                            "Alias": "t",
                            "Startup Cost": 0.0,
                            "Total Cost": 50870.31,
                            "Plan Rows": 1487231,
                            "Plan Width": 4,
                            "Actual Startup Time": 0.025,
                            "Actual Total Time": 148.26,
                            "Actual Rows": 1264156,
                            "Actual Loops": 2
                          }
                        ]
                      }
                    ]
                  },
                  {
                    "Node Type": "Index Scan",
                    "Parent Relationship": "Inner",
                    "Parallel Aware": false,
                    "Scan Direction": "Forward",
                    "Index Name": "movie_id_cast_info",
                    "Relation Name": "cast_info",
                    "Alias": "ci",
                    "Startup Cost": 0.56,
                    "Total Cost": 2.0,
                    "Plan Rows": 13,
                    "Plan Width": 4,
                    "Actual Startup Time": 0.016,
                    "Actual Total Time": 0.026,
                    "Actual Rows": 9,
                    "Actual Loops": 363692,
                    "Index Cond": "(movie_id = t.id)",
                    "Rows Removed by Index Recheck": 0,
                    "Filter": "((person_id < 2829684) AND (role_id > 2))",
                    "Rows Removed by Filter": 34
                  }
                ]
              }
            ]
          }
        ]
      }
    ]
  },
  "Planning Time": 0.957,
  "Triggers": [],
  "Execution Time": 5770.621
}