[
  {
    "Plan": {
      "Node Type": "Aggregate",
      "Strategy": "Plain",
      "Partial Mode": "Finalize",
      "Parallel Aware": false,
      "Startup Cost": 105430.31,
      "Total Cost": 105430.32,
      "Plan Rows": 1,
      "Plan Width": 8,
      "Actual Startup Time": 618.098,
      "Actual Total Time": 639.279,
      "Actual Rows": 1,
      "Actual Loops": 1,
      "Plans": [
        {
          "Node Type": "Gather",
          "Parent Relationship": "Outer",
          "Parallel Aware": false,
          "Startup Cost": 105430.0,
          "Total Cost": 105430.31,
          "Plan Rows": 3,
          "Plan Width": 8,
          "Actual Startup Time": 601.073,
          "Actual Total Time": 639.27,
          "Actual Rows": 4,
          "Actual Loops": 1,
          "Workers Planned": 3,
          "Workers Launched": 3,
          "Single Copy": false,
          "Plans": [
            {
              "Node Type": "Aggregate",
              "Strategy": "Plain",
              "Partial Mode": "Partial",
              "Parent Relationship": "Outer",
              "Parallel Aware": false,
              "Startup Cost": 104430.0,
              "Total Cost": 104430.01,
              "Plan Rows": 1,
              "Plan Width": 8,
              "Actual Startup Time": 594.629,
              "Actual Total Time": 594.637,
              "Actual Rows": 1,
              "Actual Loops": 4,
              "Plans": [
                {
                  "Node Type": "Hash Join",
                  "Parent Relationship": "Outer",
                  "Parallel Aware": true,
                  "Join Type": "Inner",
                  "Startup Cost": 60497.83,
                  "Total Cost": 104357.3,
                  "Plan Rows": 29078,
                  "Plan Width": 0,
                  "Actual Startup Time": 435.237,
                  "Actual Total Time": 590.524,
                  "Actual Rows": 77834,
                  "Actual Loops": 4,
                  "Inner Unique": false,
                  "Hash Cond": "(mk.movie_id = t.id)",
                  "Plans": [
                    {
                      "Node Type": "Seq Scan",
                      "Parent Relationship": "Outer",
                      "Parallel Aware": true,
                      "Relation Name": "movie_keyword",
                      "Alias": "mk",
                      "Startup Cost": 0.0,
                      "Total Cost": 42695.65,
                      "Plan Rows": 285339,
                      "Plan Width": 4,
                      "Actual Startup Time": 0.019,
                      "Actual Total Time": 107.498,
                      "Actual Rows": 221777,
                      "Actual Loops": 4,
                      "Filter": "(keyword_id < 839)",
                      "Rows Removed by Filter": 909205
                    },
                    {
                      "Node Type": "Hash",
                      "Parent Relationship": "Inner",
                      "Parallel Aware": true,
                      "Startup Cost": 59458.86,
                      "Total Cost": 59458.86,
                      "Plan Rows": 83117,
                      "Plan Width": 8,
                      "Actual Startup Time": 433.769,
                      "Actual Total Time": 433.775,
                      "Actual Rows": 65808,
                      "Actual Loops": 4,
                      "Hash Buckets": 262144,
                      "Original Hash Buckets": 262144,
                      "Hash Batches": 1,
                      "Original Hash Batches": 1,
                      "Peak Memory Usage": 12416,
                      "Plans": [
                        {
                          "Node Type": "Hash Join",
                          "Parent Relationship": "Outer",
                          "Parallel Aware": true,
                          "Join Type": "Inner",
                          "Startup Cost": 50354.99,
                          "Total Cost": 59458.86,
                          "Plan Rows": 83117,
                          "Plan Width": 8,
                          "Actual Startup Time": 339.444,
                          "Actual Total Time": 406.85,
                          "Actual Rows": 65808,
                          "Actual Loops": 4,
                          "Inner Unique": true,
                          "Hash Cond": "(ci.movie_id = t.id)",
                          "Plans": [
                            {
                              "Node Type": "Index Scan",
                              "Parent Relationship": "Outer",
                              "Parallel Aware": true,
                              "Scan Direction": "Forward",
                              "Index Name": "role_id_cast_info",
                              "Relation Name": "cast_info",
                              "Alias": "ci",
                              "Startup Cost": 0.56,
                              "Total Cost": 8837.38,
                              "Plan Rows": 101739,
                              "Plan Width": 4,
                              "Actual Startup Time": 0.084,
                              "Actual Total Time": 15.617,
                              "Actual Rows": 79030,
                              "Actual Loops": 4,
                              "Index Cond": "(role_id > 10)",
                              "Rows Removed by Index Recheck": 0
                            },
                            {
                              "Node Type": "Hash",
                              "Parent Relationship": "Inner",
                              "Parallel Aware": true,
                              "Startup Cost": 43899.32,
                              "Total Cost": 43899.32,
                              "Plan Rows": 516408,
                              "Plan Width": 4,
                              "Actual Startup Time": 334.508,
                              "Actual Total Time": 334.51,
                              "Actual Rows": 516138,
                              "Actual Loops": 4,
                              "Hash Buckets": 2097152,
                              "Original Hash Buckets": 2097152,
                              "Hash Batches": 1,
                              "Original Hash Batches": 1,
                              "Peak Memory Usage": 97248,
                              "Plans": [
                                {
                                  "Node Type": "Seq Scan",
                                  "Parent Relationship": "Outer",
                                  "Parallel Aware": true,
                                  "Relation Name": "title",
                                  "Alias": "t",
                                  "Startup Cost": 0.0,
                                  "Total Cost": 43899.32,
                                  "Plan Rows": 516408,
                                  "Plan Width": 4,
                                  "Actual Startup Time": 0.052,
                                  "Actual Total Time": 128.983,
                                  "Actual Rows": 516138,
                                  "Actual Loops": 4,
                                  "Filter": "(production_year < 2011)",
                                  "Rows Removed by Filter": 115940
                                }
                              ]
                            }
                          ]
                        }
                      ]
                    }
                  ]
                }
              ]
            }
          ]
        }
      ]
    },
    "Planning Time": 0.603,
    "Triggers": [],
    "Execution Time": 639.339
  }
]