[
  {
    "Plan": {
      "Node Type": "Aggregate",
      "Strategy": "Plain",
      "Partial Mode": "Finalize",
      "Parallel Aware": false,
      "Startup Cost": 33317.75,
      "Total Cost": 33317.76,
      "Plan Rows": 1,
      "Plan Width": 8,
      "Actual Startup Time": 86.918,
      "Actual Total Time": 95.8,
      "Actual Rows": 1,
      "Actual Loops": 1,
      "Plans": [
        {
          "Node Type": "Gather",
          "Parent Relationship": "Outer",
          "Parallel Aware": false,
          "Startup Cost": 33317.44,
          "Total Cost": 33317.75,
          "Plan Rows": 3,
          "Plan Width": 8,
          "Actual Startup Time": 86.77,
          "Actual Total Time": 95.789,
          "Actual Rows": 4,
          "Actual Loops": 1,
          "Workers Planned": 3,
          "Workers Launched": 3,
          "Single Copy": false,
          "Plans": [
            {
              "Node Type": "Aggregate",
              "Strategy": "Plain",
              "Partial Mode": "Partial",
              "Parent Relationship": "Outer",
              "Parallel Aware": false,
              "Startup Cost": 32317.44,
              "Total Cost": 32317.45,
              "Plan Rows": 1,
              "Plan Width": 8,
              "Actual Startup Time": 83.419,
              "Actual Total Time": 83.42,
              "Actual Rows": 1,
              "Actual Loops": 4,
              "Plans": [
                {
                  "Node Type": "Seq Scan",
                  "Parent Relationship": "Outer",
                  "Parallel Aware": true,
                  "Relation Name": "movie_companies",
                  "Alias": "mc",
                  "Startup Cost": 0.0,
                  "Total Cost": 31414.82,
                  "Plan Rows": 361047,
                  "Plan Width": 0,
                  "Actual Startup Time": 0.013,
                  "Actual Total Time": 70.143,
                  "Actual Rows": 318562,
                  "Actual Loops": 4,
                  "Filter": "((company_id < 91546) AND (company_type_id = 1))",
                  "Rows Removed by Filter": 333721
                }
              ]
            }
          ]
        }
      ]
    },
    "Planning Time": 0.099,
    "Triggers": [],
    "Execution Time": 95.829
  }
]