[
  {
    "Plan": {
      "Node Type": "Aggregate",
      "Strategy": "Plain",
      "Partial Mode": "Finalize",
      "Parallel Aware": false,
      "Startup Cost": 39698.46,
      "Total Cost": 39698.47,
      "Plan Rows": 1,
      "Plan Width": 8,
      "Actual Startup Time": 63.747,
      "Actual Total Time": 68.955,
      "Actual Rows": 1,
      "Actual Loops": 1,
      "Plans": [
        {
          "Node Type": "Gather",
          "Parent Relationship": "Outer",
          "Parallel Aware": false,
          "Startup Cost": 39698.04,
          "Total Cost": 39698.45,
          "Plan Rows": 4,
          "Plan Width": 8,
          "Actual Startup Time": 63.502,
          "Actual Total Time": 68.948,
          "Actual Rows": 5,
          "Actual Loops": 1,
          "Workers Planned": 4,
          "Workers Launched": 4,
          "Single Copy": false,
          "Plans": [
            {
              "Node Type": "Aggregate",
              "Strategy": "Plain",
              "Partial Mode": "Partial",
              "Parent Relationship": "Outer",
              "Parallel Aware": false,
              "Startup Cost": 38698.04,
              "Total Cost": 38698.05,
              "Plan Rows": 1,
              "Plan Width": 8,
              "Actual Startup Time": 54.127,
              "Actual Total Time": 54.128,
              "Actual Rows": 1,
              "Actual Loops": 5,
              "Plans": [
                {
                  "Node Type": "Bitmap Heap Scan",
                  "Parent Relationship": "Outer",
                  "Parallel Aware": true,
                  "Relation Name": "title",
                  "Alias": "t",
                  "Startup Cost": 2198.32,
                  "Total Cost": 38654.58,
                  "Plan Rows": 17384,
                  "Plan Width": 0,
                  "Actual Startup Time": 16.505,
                  "Actual Total Time": 52.431,
                  "Actual Rows": 18244,
                  "Actual Loops": 5,
                  "Recheck Cond": "(kind_id = 4)",
                  "Rows Removed by Index Recheck": 0,
                  "Filter": "(production_year > 1999)",
                  "Rows Removed by Filter": 5403,
                  "Exact Heap Blocks": 7292,
                  "Lossy Heap Blocks": 0,
                  "Plans": [
                    {
                      "Node Type": "Bitmap Index Scan",
                      "Parent Relationship": "Outer",
                      "Parallel Aware": false,
                      "Index Name": "kind_id_title",
                      "Startup Cost": 0.0,
                      "Total Cost": 2180.94,
                      "Plan Rows": 122201,
                      "Plan Width": 0,
                      "Actual Startup Time": 20.654,
                      "Actual Total Time": 20.654,
                      "Actual Rows": 118234,
                      "Actual Loops": 1,
                      "Index Cond": "(kind_id = 4)"
                    }
                  ]
                }
              ]
            }
          ]
        }
      ]
    },
    "Planning Time": 0.159,
    "Triggers": [],
    "Execution Time": 69.018
  }
]