[
  {
    "Plan": {
      "Node Type": "Aggregate",
      "Strategy": "Plain",
      "Partial Mode": "Finalize",
      "Parallel Aware": false,
      "Startup Cost": 31171.58,
      "Total Cost": 31171.59,
      "Plan Rows": 1,
      "Plan Width": 8,
      "Actual Startup Time": 93.668,
      "Actual Total Time": 101.98,
      "Actual Rows": 1,
      "Actual Loops": 1,
      "Plans": [
        {
          "Node Type": "Gather",
          "Parent Relationship": "Outer",
          "Parallel Aware": false,
          "Startup Cost": 31171.26,
          "Total Cost": 31171.57,
          "Plan Rows": 3,
          "Plan Width": 8,
          "Actual Startup Time": 93.531,
          "Actual Total Time": 101.97,
          "Actual Rows": 4,
          "Actual Loops": 1,
          "Workers Planned": 3,
          "Workers Launched": 3,
          "Single Copy": false,
          "Plans": [
            {
              "Node Type": "Aggregate",
              "Strategy": "Plain",
              "Partial Mode": "Partial",
              "Parent Relationship": "Outer",
              "Parallel Aware": false,
              "Startup Cost": 30171.26,
              "Total Cost": 30171.27,
              "Plan Rows": 1,
              "Plan Width": 8,
              "Actual Startup Time": 87.223,
              "Actual Total Time": 87.224,
              "Actual Rows": 1,
              "Actual Loops": 4,
              "Plans": [
                {
                  "Node Type": "Seq Scan",
                  "Parent Relationship": "Outer",
                  "Parallel Aware": true,
                  "Relation Name": "movie_companies",
                  "Alias": "mc",
                  "Startup Cost": 0.0,
                  "Total Cost": 29310.68,
                  "Plan Rows": 344232,
                  "Plan Width": 0,
                  "Actual Startup Time": 0.039,
                  "Actual Total Time": 72.41,
                  "Actual Rows": 266559,
                  "Actual Loops": 4,
                  "Filter": "(company_id < 6454)",
                  "Rows Removed by Filter": 385724
                }
              ]
            }
          ]
        }
      ]
    },
    "Planning Time": 0.125,
    "Triggers": [],
    "Execution Time": 102.019
  }
]