[
  {
    "Plan": {
      "Node Type": "Aggregate",
      "Strategy": "Plain",
      "Partial Mode": "Finalize",
      "Parallel Aware": false,
      "Startup Cost": 45102.48,
      "Total Cost": 45102.49,
      "Plan Rows": 1,
      "Plan Width": 8,
      "Actual Startup Time": 121.091,
      "Actual Total Time": 130.587,
      "Actual Rows": 1,
      "Actual Loops": 1,
      "Plans": [
        {
          "Node Type": "Gather",
          "Parent Relationship": "Outer",
          "Parallel Aware": false,
          "Startup Cost": 45102.16,
          "Total Cost": 45102.47,
          "Plan Rows": 3,
          "Plan Width": 8,
          "Actual Startup Time": 120.978,
          "Actual Total Time": 130.58,
          "Actual Rows": 4,
          "Actual Loops": 1,
          "Workers Planned": 3,
          "Workers Launched": 3,
          "Single Copy": false,
          "Plans": [
            {
              "Node Type": "Aggregate",
              "Strategy": "Plain",
              "Partial Mode": "Partial",
              "Parent Relationship": "Outer",
              "Parallel Aware": false,
              "Startup Cost": 44102.16,
              "Total Cost": 44102.17,
              "Plan Rows": 1,
              "Plan Width": 8,
              "Actual Startup Time": 117.387,
              "Actual Total Time": 117.389,
              "Actual Rows": 1,
              "Actual Loops": 4,
              "Plans": [
                {
                  "Node Type": "Seq Scan",
                  "Parent Relationship": "Outer",
                  "Parallel Aware": true,
                  "Relation Name": "movie_keyword",
                  "Alias": "mk",
                  "Startup Cost": 0.0,
                  "Total Cost": 42695.65,
                  "Plan Rows": 562602,
                  "Plan Width": 0,
                  "Actual Startup Time": 0.534,
                  "Actual Total Time": 98.581,
                  "Actual Rows": 433533,
                  "Actual Loops": 4,
                  "Filter": "(keyword_id > 8138)",
                  "Rows Removed by Filter": 697449
                }
              ]
            }
          ]
        }
      ]
    },
    "Planning Time": 0.067,
    "Triggers": [],
    "Execution Time": 130.615
  }
]