[
  {
    "Plan": {
      "Node Type": "Aggregate",
      "Strategy": "Plain",
      "Partial Mode": "Finalize",
      "Parallel Aware": false,
      "Startup Cost": 352811.54,
      "Total Cost": 352811.55,
      "Plan Rows": 1,
      "Plan Width": 8,
      "Actual Startup Time": 412.707,
      "Actual Total Time": 471.252,
      "Actual Rows": 1,
      "Actual Loops": 1,
      "Plans": [
        {
          "Node Type": "Gather",
          "Parent Relationship": "Outer",
          "Parallel Aware": false,
          "Startup Cost": 352811.12,
          "Total Cost": 352811.53,
          "Plan Rows": 4,
          "Plan Width": 8,
          "Actual Startup Time": 412.405,
          "Actual Total Time": 471.242,
          "Actual Rows": 5,
          "Actual Loops": 1,
          "Workers Planned": 4,
          "Workers Launched": 4,
          "Single Copy": false,
          "Plans": [
            {
              "Node Type": "Aggregate",
              "Strategy": "Plain",
              "Partial Mode": "Partial",
              "Parent Relationship": "Outer",
              "Parallel Aware": false,
              "Startup Cost": 351811.12,
              "Total Cost": 351811.13,
              "Plan Rows": 1,
              "Plan Width": 8,
              "Actual Startup Time": 405.419,
              "Actual Total Time": 405.421,
              "Actual Rows": 1,
              "Actual Loops": 5,
              "Plans": [
                {
                  "Node Type": "Nested Loop",
                  "Parent Relationship": "Outer",
                  "Parallel Aware": false,
                  "Join Type": "Inner",
                  "Startup Cost": 0.56,
                  "Total Cost": 351653.83,
                  "Plan Rows": 62916,
                  "Plan Width": 0,
                  "Actual Startup Time": 0.653,
                  "Actual Total Time": 401.206,
                  "Actual Rows": 48718,
                  "Actual Loops": 5,
                  "Inner Unique": false,
                  "Plans": [
                    {
                      "Node Type": "Seq Scan",
                      "Parent Relationship": "Outer",
                      "Parallel Aware": true,
                      "Relation Name": "title",
                      "Alias": "t",
                      "Startup Cost": 0.0,
                      "Total Cost": 45479.1,
                      "Plan Rows": 10964,
                      "Plan Width": 4,
                      "Actual Startup Time": 0.115,
                      "Actual Total Time": 70.547,
                      "Actual Rows": 6781,
                      "Actual Loops": 5,
                      "Filter": "((kind_id < 7) AND (production_year = 2006))",
                      "Rows Removed by Filter": 498881
                    },
                    {
                      "Node Type": "Index Scan",
                      "Parent Relationship": "Inner",
                      "Parallel Aware": false,
                      "Scan Direction": "Forward",
                      "Index Name": "movie_id_cast_info",
                      "Relation Name": "cast_info",
                      "Alias": "ci",
                      "Startup Cost": 0.56,
                      "Total Cost": 27.78,
                      "Plan Rows": 15,
                      "Plan Width": 4,
                      "Actual Startup Time": 0.027,
                      "Actual Total Time": 0.048,
                      "Actual Rows": 7,
                      "Actual Loops": 33905,
                      "Index Cond": "(movie_id = t.id)",
                      "Rows Removed by Index Recheck": 0,
                      "Filter": "(person_id > 2214471)",
                      "Rows Removed by Filter": 10
                    }
                  ]
                }
              ]
            }
          ]
        }
      ]
    },
    "Planning Time": 0.626,
    "Triggers": [],
    "Execution Time": 471.34
  }
]