[
  {
    "Plan": {
      "Node Type": "Aggregate",
      "Strategy": "Plain",
      "Partial Mode": "Finalize",
      "Parallel Aware": false,
      "Startup Cost": 125756.28,
      "Total Cost": 125756.29,
      "Plan Rows": 1,
      "Plan Width": 8,
      "Actual Startup Time": 1068.145,
      "Actual Total Time": 1095.19,
      "Actual Rows": 1,
      "Actual Loops": 1,
      "Plans": [
        {
          "Node Type": "Gather",
          "Parent Relationship": "Outer",
          "Parallel Aware": false,
          "Startup Cost": 125755.96,
          "Total Cost": 125756.27,
          "Plan Rows": 3,
          "Plan Width": 8,
          "Actual Startup Time": 1064.427,
          "Actual Total Time": 1095.179,
          "Actual Rows": 4,
          "Actual Loops": 1,
          "Workers Planned": 3,
          "Workers Launched": 3,
          "Single Copy": false,
          "Plans": [
            {
              "Node Type": "Aggregate",
              "Strategy": "Plain",
              "Partial Mode": "Partial",
              "Parent Relationship": "Outer",
              "Parallel Aware": false,
              "Startup Cost": 124755.96,
              "Total Cost": 124755.97,
              "Plan Rows": 1,
              "Plan Width": 8,
              "Actual Startup Time": 1055.313,
              "Actual Total Time": 1055.47,
              "Actual Rows": 1,
              "Actual Loops": 4,
              "Plans": [
                {
                  "Node Type": "Hash Join",
                  "Parent Relationship": "Outer",
                  "Parallel Aware": true,
                  "Join Type": "Inner",
                  "Startup Cost": 78787.42,
                  "Total Cost": 124031.6,
                  "Plan Rows": 289744,
                  "Plan Width": 0,
                  "Actual Startup Time": 618.036,
                  "Actual Total Time": 999.564,
                  "Actual Rows": 902716,
                  "Actual Loops": 4,
                  "Inner Unique": false,
                  "Hash Cond": "(mk.movie_id = t.id)",
                  "Plans": [
                    {
                      "Node Type": "Seq Scan",
                      "Parent Relationship": "Outer",
                      "Parallel Aware": true,
                      "Relation Name": "movie_keyword",
                      "Alias": "mk",
                      "Startup Cost": 0.0,
                      "Total Cost": 39047.32,
                      "Plan Rows": 1459332,
                      "Plan Width": 4,
                      "Actual Startup Time": 0.037,
                      "Actual Total Time": 127.38,
                      "Actual Rows": 1130982,
                      "Actual Loops": 4
                    },
                    {
                      "Node Type": "Hash",
                      "Parent Relationship": "Inner",
                      "Parallel Aware": true,
                      "Startup Cost": 77218.72,
                      "Total Cost": 77218.72,
                      "Plan Rows": 125496,
                      "Plan Width": 8,
                      "Actual Startup Time": 607.273,
                      "Actual Total Time": 607.428,
                      "Actual Rows": 127704,
                      "Actual Loops": 4,
                      "Hash Buckets": 524288,
                      "Original Hash Buckets": 524288,
                      "Hash Batches": 1,
                      "Original Hash Batches": 1,
                      "Peak Memory Usage": 24128,
                      "Plans": [
                        {
                          "Node Type": "Hash Join",
                          "Parent Relationship": "Outer",
                          "Parallel Aware": true,
                          "Join Type": "Inner",
                          "Startup Cost": 31334.81,
                          "Total Cost": 77218.72,
                          "Plan Rows": 125496,
                          "Plan Width": 8,
                          "Actual Startup Time": 174.695,
                          "Actual Total Time": 547.784,
                          "Actual Rows": 127704,
                          "Actual Loops": 4,
                          "Inner Unique": false,
                          "Hash Cond": "(t.id = mc.movie_id)",
                          "Plans": [
                            {
                              "Node Type": "Seq Scan",
                              "Parent Relationship": "Outer",
                              "Parallel Aware": true,
                              "Relation Name": "title",
                              "Alias": "t",
                              "Startup Cost": 0.0,
                              "Total Cost": 42318.73,
                              "Plan Rows": 632073,
                              "Plan Width": 4,
                              "Actual Startup Time": 0.016,
                              "Actual Total Time": 114.844,
                              "Actual Rows": 632078,
                              "Actual Loops": 4
                            },
                            {
                              "Node Type": "Hash",
                              "Parent Relationship": "Inner",
                              "Parallel Aware": true,
                              "Startup Cost": 29310.68,
                              "Total Cost": 29310.68,
                              "Plan Rows": 161930,
                              "Plan Width": 4,
                              "Actual Startup Time": 172.575,
                              "Actual Total Time": 172.577,
                              "Actual Rows": 127704,
                              "Actual Loops": 4,
                              "Hash Buckets": 524288,
                              "Original Hash Buckets": 524288,
                              "Hash Batches": 1,
                              "Original Hash Batches": 1,
                              "Peak Memory Usage": 24160,
                              "Plans": [
                                {
                                  "Node Type": "Seq Scan",
                                  "Parent Relationship": "Outer",
                                  "Parallel Aware": true,
                                  "Relation Name": "movie_companies",
                                  "Alias": "mc",
                                  "Startup Cost": 0.0,
                                  "Total Cost": 29310.68,
                                  "Plan Rows": 161930,
                                  "Plan Width": 4,
                                  "Actual Startup Time": 60.869,
                                  "Actual Total Time": 115.355,
                                  "Actual Rows": 127704,
                                  "Actual Loops": 4,
                                  "Filter": "(company_id > 73715)",
                                  "Rows Removed by Filter": 524578
                                }
                              ]
                            }
                          ]
                        }
                      ]
                    }
                  ]
                }
              ]
            }
          ]
        }
      ]
    },
    "Planning Time": 1.333,
    "Triggers": [],
    "Execution Time": 1095.274
  }
]