{
  "Plan": {
    "Node Type": "Aggregate",
    "Strategy": "Plain",
    "Partial Mode": "Finalize",
    "Parallel Aware": false,
    "Startup Cost": 628215.67,
    "Total Cost": 628215.68,
    "Plan Rows": 1,
    "Plan Width": 8,
    "Actual Startup Time": 3877.955,
    "Actual Total Time": 3934.367,
    "Actual Rows": 1,
    "Actual Loops": 1,
    "Plans": [
      {
        "Node Type": "Gather",
        "Parent Relationship": "Outer",
        "Parallel Aware": false,
        "Startup Cost": 628215.56,
        "Total Cost": 628215.67,
        "Plan Rows": 1,
        "Plan Width": 8,
        "Actual Startup Time": 3876.161,
        "Actual Total Time": 3934.357,
        "Actual Rows": 2,
        "Actual Loops": 1,
        "Workers Planned": 1,
        "Workers Launched": 1,
        "Single Copy": false,
        "Plans": [
          {
            "Node Type": "Aggregate",
            "Strategy": "Plain",
            "Partial Mode": "Partial",
            "Parent Relationship": "Outer",
            "Parallel Aware": false,
            "Startup Cost": 627215.56,
            "Total Cost": 627215.57,
            "Plan Rows": 1,
            "Plan Width": 8,
            "Actual Startup Time": 3870.561,
            "Actual Total Time": 3870.687,
            "Actual Rows": 1,
            "Actual Loops": 2,
            "Plans": [
              {
                "Node Type": "Hash Join",
                "Parent Relationship": "Outer",
                "Parallel Aware": true,
                "Join Type": "Inner",
                "Startup Cost": 595408.31,
                "Total Cost": 627023.66,
                "Plan Rows": 76761,
                "Plan Width": 0,
                "Actual Startup Time": 3701.119,
                "Actual Total Time": 3855.844,
                "Actual Rows": 379380,
                "Actual Loops": 2,
                "Inner Unique": false,
                "Hash Cond": "(mk.movie_id = t.id)",
                "Plans": [
                  {
                    "Node Type": "Bitmap Heap Scan",
                    "Parent Relationship": "Outer",
                    "Parallel Aware": true,
                    "Relation Name": "movie_keyword",
                    "Alias": "mk",
                    "Startup Cost": 9680.5,
                    "Total Cost": 37489.41,
                    "Plan Rows": 268392,
                    "Plan Width": 4,
                    "Actual Startup Time": 25.398,
                    "Actual Total Time": 89.766,
                    "Actual Rows": 236272,
                    "Actual Loops": 2,
                    "Recheck Cond": "(keyword_id < 359)",
                    "Rows Removed by Index Recheck": 0,
                    "Exact Heap Blocks": 12993,
                    "Lossy Heap Blocks": 0,
                    "Plans": [
                      {
                        "Node Type": "Bitmap Index Scan",
                        "Parent Relationship": "Outer",
                        "Parallel Aware": false,
                        "Index Name": "keyword_id_movie_keyword",
                        "Startup Cost": 0.0,
                        "Total Cost": 9566.44,
                        "Plan Rows": 456267,
                        "Plan Width": 0,
                        "Actual Startup Time": 21.749,
                        "Actual Total Time": 21.75,
                        "Actual Rows": 472545,
                        "Actual Loops": 1,
                        "Index Cond": "(keyword_id < 359)"
                      }
                    ]
                  },
                  {
                    "Node Type": "Hash",
                    "Parent Relationship": "Inner",
                    "Parallel Aware": true,
                    "Startup Cost": 580410.88,
                    "Total Cost": 580410.88,
                    "Plan Rows": 425354,
                    "Plan Width": 8,
                    "Actual Startup Time": 3669.536,
                    "Actual Total Time": 3669.66,
                    "Actual Rows": 359599,
                    "Actual Loops": 2,
                    "Hash Buckets": 1048576,
                    "Original Hash Buckets": 1048576,
                    "Hash Batches": 1,
                    "Original Hash Batches": 1,
                    "Peak Memory Usage": 36384,
                    "Plans": [
                      {
                        "Node Type": "Hash Join",
                        "Parent Relationship": "Outer",
                        "Parallel Aware": true,
                        "Join Type": "Inner",
                        "Startup Cost": 58677.53,
                        "Total Cost": 580410.88,
                        "Plan Rows": 425354,
                        "Plan Width": 8,
                        "Actual Startup Time": 152.779,
                        "Actual Total Time": 3557.336,
                        "Actual Rows": 359599,
                        "Actual Loops": 2,
                        "Inner Unique": true,
                        "Hash Cond": "(ci.movie_id = t.id)",
                        "Plans": [
                          {
                            "Node Type": "Seq Scan",
                            "Parent Relationship": "Outer",
                            "Parallel Aware": true,
                            "Relation Name": "cast_info",
                            "Alias": "ci",
                            "Startup Cost": 0.0,
                            "Total Cost": 465792.95,
                            "Plan Rows": 21310595,
                            "Plan Width": 4,
                            "Actual Startup Time": 0.014,
                            "Actual Total Time": 1411.226,
                            "Actual Rows": 18122172,
                            "Actual Loops": 2
                          },
                          {
                            "Node Type": "Hash",
                            "Parent Relationship": "Inner",
                            "Parallel Aware": true,
                            "Startup Cost": 58306.47,
                            "Total Cost": 58306.47,
                            "Plan Rows": 29685,
                            "Plan Width": 4,
                            "Actual Startup Time": 152.508,
                            "Actual Total Time": 152.509,
                            "Actual Rows": 22006,
                            "Actual Loops": 2,
                            "Hash Buckets": 65536,
                            "Original Hash Buckets": 65536,
                            "Hash Batches": 1,
                            "Original Hash Batches": 1,
                            "Peak Memory Usage": 2272,
                            "Plans": [
                              {
                                "Node Type": "Seq Scan",
                                "Parent Relationship": "Outer",
                                "Parallel Aware": true,
                                "Relation Name": "title",
                                "Alias": "t",
                                "Startup Cost": 0.0,
                                "Total Cost": 58306.47,
                                "Plan Rows": 29685,
                                "Plan Width": 4,
                                "Actual Startup Time": 0.161,
                                "Actual Total Time": 146.086,
                                "Actual Rows": 22006,
                                "Actual Loops": 2,
                                "Filter": "((kind_id < 7) AND (production_year = 2009))",
                                "Rows Removed by Filter": 1242150
                              }
                            ]
                          }
                        ]
                      }
                    ]
                  }
                ]
              }
            ]
          }
        ]
      }
    ]
  },
  "Planning Time": 0.644,
  "Triggers": [],
  "Execution Time": 3934.458
}