[
  {
    "Plan": {
      "Node Type": "Aggregate",
      "Strategy": "Plain",
      "Partial Mode": "Finalize",
      "Parallel Aware": false,
      "Startup Cost": 333100.59,
      "Total Cost": 333100.6,
      "Plan Rows": 1,
      "Plan Width": 8,
      "Actual Startup Time": 596.252,
      "Actual Total Time": 638.84,
      "Actual Rows": 1,
      "Actual Loops": 1,
      "Plans": [
        {
          "Node Type": "Gather",
          "Parent Relationship": "Outer",
          "Parallel Aware": false,
          "Startup Cost": 333099.97,
          "Total Cost": 333100.58,
          "Plan Rows": 6,
          "Plan Width": 8,
          "Actual Startup Time": 596.081,
          "Actual Total Time": 638.831,
          "Actual Rows": 7,
          "Actual Loops": 1,
          "Workers Planned": 6,
          "Workers Launched": 6,
          "Single Copy": false,
          "Plans": [
            {
              "Node Type": "Aggregate",
              "Strategy": "Plain",
              "Partial Mode": "Partial",
              "Parent Relationship": "Outer",
              "Parallel Aware": false,
              "Startup Cost": 332099.97,
              "Total Cost": 332099.98,
              "Plan Rows": 1,
              "Plan Width": 8,
              "Actual Startup Time": 587.777,
              "Actual Total Time": 587.778,
              "Actual Rows": 1,
              "Actual Loops": 7,
              "Plans": [
                {
                  "Node Type": "Seq Scan",
                  "Parent Relationship": "Outer",
                  "Parallel Aware": true,
                  "Relation Name": "cast_info",
                  "Alias": "ci",
                  "Startup Cost": 0.0,
                  "Total Cost": 328211.39,
                  "Plan Rows": 1555430,
                  "Plan Width": 0,
                  "Actual Startup Time": 290.163,
                  "Actual Total Time": 527.331,
                  "Actual Rows": 1317853,
                  "Actual Loops": 7,
                  "Filter": "(person_id > 2777853)",
                  "Rows Removed by Filter": 3859910
                }
              ]
            }
          ]
        }
      ]
    },
    "Planning Time": 0.087,
    "Triggers": [],
    "Execution Time": 638.884
  }
]