[
  {
    "Plan": {
      "Node Type": "Aggregate",
      "Strategy": "Plain",
      "Partial Mode": "Finalize",
      "Parallel Aware": false,
      "Startup Cost": 38855.71,
      "Total Cost": 38855.72,
      "Plan Rows": 1,
      "Plan Width": 8,
      "Actual Startup Time": 50.297,
      "Actual Total Time": 56.714,
      "Actual Rows": 1,
      "Actual Loops": 1,
      "Plans": [
        {
          "Node Type": "Gather",
          "Parent Relationship": "Outer",
          "Parallel Aware": false,
          "Startup Cost": 38855.5,
          "Total Cost": 38855.71,
          "Plan Rows": 2,
          "Plan Width": 8,
          "Actual Startup Time": 50.163,
          "Actual Total Time": 56.707,
          "Actual Rows": 3,
          "Actual Loops": 1,
          "Workers Planned": 2,
          "Workers Launched": 2,
          "Single Copy": false,
          "Plans": [
            {
              "Node Type": "Aggregate",
              "Strategy": "Plain",
              "Partial Mode": "Partial",
              "Parent Relationship": "Outer",
              "Parallel Aware": false,
              "Startup Cost": 37855.5,
              "Total Cost": 37855.51,
              "Plan Rows": 1,
              "Plan Width": 8,
              "Actual Startup Time": 42.069,
              "Actual Total Time": 42.071,
              "Actual Rows": 1,
              "Actual Loops": 3,
              "Plans": [
                {
                  "Node Type": "Nested Loop",
                  "Parent Relationship": "Outer",
                  "Parallel Aware": false,
                  "Join Type": "Inner",
                  "Startup Cost": 163.3,
                  "Total Cost": 37855.05,
                  "Plan Rows": 180,
                  "Plan Width": 0,
                  "Actual Startup Time": 5.367,
                  "Actual Total Time": 42.038,
                  "Actual Rows": 84,
                  "Actual Loops": 3,
                  "Inner Unique": true,
                  "Plans": [
                    {
                      "Node Type": "Bitmap Heap Scan",
                      "Parent Relationship": "Outer",
                      "Parallel Aware": true,
                      "Relation Name": "movie_keyword",
                      "Alias": "mk",
                      "Startup Cost": 162.87,
                      "Total Cost": 16204.0,
                      "Plan Rows": 3142,
                      "Plan Width": 4,
                      "Actual Startup Time": 4.359,
                      "Actual Total Time": 15.648,
                      "Actual Rows": 2260,
                      "Actual Loops": 3,
                      "Recheck Cond": "(keyword_id = 1135)",
                      "Rows Removed by Index Recheck": 0,
                      "Exact Heap Blocks": 4095,
                      "Lossy Heap Blocks": 0,
                      "Plans": [
                        {
                          "Node Type": "Bitmap Index Scan",
                          "Parent Relationship": "Outer",
                          "Parallel Aware": false,
                          "Index Name": "keyword_id_movie_keyword",
                          "Startup Cost": 0.0,
                          "Total Cost": 160.98,
                          "Plan Rows": 7540,
                          "Plan Width": 0,
                          "Actual Startup Time": 8.494,
                          "Actual Total Time": 8.494,
                          "Actual Rows": 6780,
                          "Actual Loops": 1,
                          "Index Cond": "(keyword_id = 1135)"
                        }
                      ]
                    },
                    {
                      "Node Type": "Index Scan",
                      "Parent Relationship": "Inner",
                      "Parallel Aware": false,
                      "Scan Direction": "Forward",
                      "Index Name": "title_pkey",
                      "Relation Name": "title",
                      "Alias": "t",
                      "Startup Cost": 0.43,
                      "Total Cost": 6.89,
                      "Plan Rows": 1,
                      "Plan Width": 4,
                      "Actual Startup Time": 0.011,
                      "Actual Total Time": 0.011,
                      "Actual Rows": 0,
                      "Actual Loops": 6780,
                      "Index Cond": "(id = mk.movie_id)",
                      "Rows Removed by Index Recheck": 0,
                      "Filter": "(production_year = 2010)",
                      "Rows Removed by Filter": 1
                    }
                  ]
                }
              ]
            }
          ]
        }
      ]
    },
    "Planning Time": 0.617,
    "Triggers": [],
    "Execution Time": 56.806
  }
]