[
  {
    "Plan": {
      "Node Type": "Aggregate",
      "Strategy": "Plain",
      "Partial Mode": "Finalize",
      "Parallel Aware": false,
      "Startup Cost": 45759.07,
      "Total Cost": 45759.08,
      "Plan Rows": 1,
      "Plan Width": 8,
      "Actual Startup Time": 152.028,
      "Actual Total Time": 161.803,
      "Actual Rows": 1,
      "Actual Loops": 1,
      "Plans": [
        {
          "Node Type": "Gather",
          "Parent Relationship": "Outer",
          "Parallel Aware": false,
          "Startup Cost": 45758.75,
          "Total Cost": 45759.06,
          "Plan Rows": 3,
          "Plan Width": 8,
          "Actual Startup Time": 151.927,
          "Actual Total Time": 161.794,
          "Actual Rows": 4,
          "Actual Loops": 1,
          "Workers Planned": 3,
          "Workers Launched": 3,
          "Single Copy": false,
          "Plans": [
            {
              "Node Type": "Aggregate",
              "Strategy": "Plain",
              "Partial Mode": "Partial",
              "Parent Relationship": "Outer",
              "Parallel Aware": false,
              "Startup Cost": 44758.75,
              "Total Cost": 44758.76,
              "Plan Rows": 1,
              "Plan Width": 8,
              "Actual Startup Time": 145.992,
              "Actual Total Time": 145.993,
              "Actual Rows": 1,
              "Actual Loops": 4,
              "Plans": [
                {
                  "Node Type": "Seq Scan",
                  "Parent Relationship": "Outer",
                  "Parallel Aware": true,
                  "Relation Name": "movie_keyword",
                  "Alias": "mk",
                  "Startup Cost": 0.0,
                  "Total Cost": 42695.65,
                  "Plan Rows": 825239,
                  "Plan Width": 0,
                  "Actual Startup Time": 0.046,
                  "Actual Total Time": 117.595,
                  "Actual Rows": 640154,
                  "Actual Loops": 4,
                  "Filter": "(keyword_id < 6480)",
                  "Rows Removed by Filter": 490828
                }
              ]
            }
          ]
        }
      ]
    },
    "Planning Time": 0.184,
    "Triggers": [],
    "Execution Time": 161.859
  }
]