[
    {
        "Bao": {
            "Bao prediction": "NaN",
            "Bao recommended hint": "(no hint)"
        }
    },
    {
        "Plan": {
            "Node Type": "Aggregate",
            "Strategy": "Plain",
            "Partial Mode": "Finalize",
            "Parallel Aware": false,
            "Startup Cost": 29966.77,
            "Total Cost": 29966.78,
            "Plan Rows": 1,
            "Plan Width": 8,
            "Actual Startup Time": 74.472,
            "Actual Total Time": 78.262,
            "Actual Rows": 1,
            "Actual Loops": 1,
            "Output": [
                "count(*)"
            ],
            "Plans": [
                {
                    "Node Type": "Gather",
                    "Parent Relationship": "Outer",
                    "Parallel Aware": false,
                    "Startup Cost": 29966.46,
                    "Total Cost": 29966.77,
                    "Plan Rows": 3,
                    "Plan Width": 8,
                    "Actual Startup Time": 74.311,
                    "Actual Total Time": 78.255,
                    "Actual Rows": 4,
                    "Actual Loops": 1,
                    "Output": [
                        "(PARTIAL count(*))"
                    ],
                    "Workers Planned": 3,
                    "Workers Launched": 3,
                    "Single Copy": false,
                    "Plans": [
                        {
                            "Node Type": "Aggregate",
                            "Strategy": "Plain",
                            "Partial Mode": "Partial",
                            "Parent Relationship": "Outer",
                            "Parallel Aware": false,
                            "Startup Cost": 28966.46,
                            "Total Cost": 28966.47,
                            "Plan Rows": 1,
                            "Plan Width": 8,
                            "Actual Startup Time": 65.828,
                            "Actual Total Time": 65.83,
                            "Actual Rows": 1,
                            "Actual Loops": 4,
                            "Output": [
                                "PARTIAL count(*)"
                            ],
                            "Workers": [
                                {
                                    "Worker Number": 0,
                                    "Actual Startup Time": 62.968,
                                    "Actual Total Time": 62.97,
                                    "Actual Rows": 1,
                                    "Actual Loops": 1
                                },
                                {
                                    "Worker Number": 1,
                                    "Actual Startup Time": 63.068,
                                    "Actual Total Time": 63.069,
                                    "Actual Rows": 1,
                                    "Actual Loops": 1
                                },
                                {
                                    "Worker Number": 2,
                                    "Actual Startup Time": 63.359,
                                    "Actual Total Time": 63.361,
                                    "Actual Rows": 1,
                                    "Actual Loops": 1
                                }
                            ],
                            "Plans": [
                                {
                                    "Node Type": "Bitmap Heap Scan",
                                    "Parent Relationship": "Outer",
                                    "Parallel Aware": true,
                                    "Relation Name": "movie_companies",
                                    "Schema": "public",
                                    "Alias": "mc",
                                    "Startup Cost": 8319.17,
                                    "Total Cost": 28656.91,
                                    "Plan Rows": 123819,
                                    "Plan Width": 0,
                                    "Actual Startup Time": 25.118,
                                    "Actual Total Time": 59.276,
                                    "Actual Rows": 97266,
                                    "Actual Loops": 4,
                                    "Recheck Cond": "(mc.company_id > 83330)",
                                    "Rows Removed by Index Recheck": 0,
                                    "Exact Heap Blocks": 3473,
                                    "Lossy Heap Blocks": 0,
                                    "Workers": [
                                        {
                                            "Worker Number": 0,
                                            "Actual Startup Time": 22.243,
                                            "Actual Total Time": 56.951,
                                            "Actual Rows": 60659,
                                            "Actual Loops": 1
                                        },
                                        {
                                            "Worker Number": 1,
                                            "Actual Startup Time": 22.457,
                                            "Actual Total Time": 56.991,
                                            "Actual Rows": 61764,
                                            "Actual Loops": 1
                                        },
                                        {
                                            "Worker Number": 2,
                                            "Actual Startup Time": 22.828,
                                            "Actual Total Time": 57.634,
                                            "Actual Rows": 54890,
                                            "Actual Loops": 1
                                        }
                                    ],
                                    "Plans": [
                                        {
                                            "Node Type": "Bitmap Index Scan",
                                            "Parent Relationship": "Outer",
                                            "Parallel Aware": false,
                                            "Index Name": "company_id_movie_companies",
                                            "Startup Cost": 0.0,
                                            "Total Cost": 8223.22,
                                            "Plan Rows": 383838,
                                            "Plan Width": 0,
                                            "Actual Startup Time": 31.887,
                                            "Actual Total Time": 31.887,
                                            "Actual Rows": 389064,
                                            "Actual Loops": 1,
                                            "Index Cond": "(mc.company_id > 83330)"
                                        }
                                    ]
                                }
                            ]
                        }
                    ]
                }
            ]
        },
        "Planning Time": 213.286,
        "Triggers": [],
        "Execution Time": 78.329
    }
]