[
    {
        "Bao": {
            "Bao prediction": "NaN",
            "Bao recommended hint": "(no hint)"
        }
    },
    {
        "Plan": {
            "Node Type": "Aggregate",
            "Strategy": "Plain",
            "Partial Mode": "Finalize",
            "Parallel Aware": false,
            "Startup Cost": 45868.25,
            "Total Cost": 45868.26,
            "Plan Rows": 1,
            "Plan Width": 8,
            "Actual Startup Time": 126.498,
            "Actual Total Time": 134.193,
            "Actual Rows": 1,
            "Actual Loops": 1,
            "Output": [
                "count(*)"
            ],
            "Plans": [
                {
                    "Node Type": "Gather",
                    "Parent Relationship": "Outer",
                    "Parallel Aware": false,
                    "Startup Cost": 45867.83,
                    "Total Cost": 45868.24,
                    "Plan Rows": 4,
                    "Plan Width": 8,
                    "Actual Startup Time": 126.379,
                    "Actual Total Time": 134.183,
                    "Actual Rows": 5,
                    "Actual Loops": 1,
                    "Output": [
                        "(PARTIAL count(*))"
                    ],
                    "Workers Planned": 4,
                    "Workers Launched": 4,
                    "Single Copy": false,
                    "Plans": [
                        {
                            "Node Type": "Aggregate",
                            "Strategy": "Plain",
                            "Partial Mode": "Partial",
                            "Parent Relationship": "Outer",
                            "Parallel Aware": false,
                            "Startup Cost": 44867.83,
                            "Total Cost": 44867.84,
                            "Plan Rows": 1,
                            "Plan Width": 8,
                            "Actual Startup Time": 117.372,
                            "Actual Total Time": 117.373,
                            "Actual Rows": 1,
                            "Actual Loops": 5,
                            "Output": [
                                "PARTIAL count(*)"
                            ],
                            "Workers": [
                                {
                                    "Worker Number": 0,
                                    "Actual Startup Time": 114.58,
                                    "Actual Total Time": 114.581,
                                    "Actual Rows": 1,
                                    "Actual Loops": 1
                                },
                                {
                                    "Worker Number": 1,
                                    "Actual Startup Time": 115.163,
                                    "Actual Total Time": 115.165,
                                    "Actual Rows": 1,
                                    "Actual Loops": 1
                                },
                                {
                                    "Worker Number": 2,
                                    "Actual Startup Time": 115.432,
                                    "Actual Total Time": 115.434,
                                    "Actual Rows": 1,
                                    "Actual Loops": 1
                                },
                                {
                                    "Worker Number": 3,
                                    "Actual Startup Time": 115.773,
                                    "Actual Total Time": 115.775,
                                    "Actual Rows": 1,
                                    "Actual Loops": 1
                                }
                            ],
                            "Plans": [
                                {
                                    "Node Type": "Seq Scan",
                                    "Parent Relationship": "Outer",
                                    "Parallel Aware": true,
                                    "Relation Name": "title",
                                    "Schema": "public",
                                    "Alias": "t",
                                    "Startup Cost": 0.0,
                                    "Total Cost": 43899.01,
                                    "Plan Rows": 387530,
                                    "Plan Width": 0,
                                    "Actual Startup Time": 0.045,
                                    "Actual Total Time": 97.797,
                                    "Actual Rows": 310345,
                                    "Actual Loops": 5,
                                    "Output": [
                                        "id",
                                        "title",
                                        "imdb_index",
                                        "kind_id",
                                        "production_year",
                                        "imdb_id",
                                        "phonetic_code",
                                        "episode_of_id",
                                        "season_nr",
                                        "episode_nr",
                                        "series_years",
                                        "md5sum"
                                    ],
                                    "Filter": "(t.production_year < 2007)",
                                    "Rows Removed by Filter": 195317,
                                    "Workers": [
                                        {
                                            "Worker Number": 0,
                                            "Actual Startup Time": 0.055,
                                            "Actual Total Time": 97.087,
                                            "Actual Rows": 235086,
                                            "Actual Loops": 1
                                        },
                                        {
                                            "Worker Number": 1,
                                            "Actual Startup Time": 0.061,
                                            "Actual Total Time": 97.718,
                                            "Actual Rows": 348243,
                                            "Actual Loops": 1
                                        },
                                        {
                                            "Worker Number": 2,
                                            "Actual Startup Time": 0.045,
                                            "Actual Total Time": 97.478,
                                            "Actual Rows": 234404,
                                            "Actual Loops": 1
                                        },
                                        {
                                            "Worker Number": 3,
                                            "Actual Startup Time": 0.05,
                                            "Actual Total Time": 98.303,
                                            "Actual Rows": 340567,
                                            "Actual Loops": 1
                                        }
                                    ]
                                }
                            ]
                        }
                    ]
                }
            ]
        },
        "Planning Time": 271.95,
        "Triggers": [],
        "Execution Time": 134.275
    }
]