[
  {
    "Plan": {
      "Node Type": "Aggregate",
      "Strategy": "Plain",
      "Partial Mode": "Finalize",
      "Parallel Aware": false,
      "Startup Cost": 46759.66,
      "Total Cost": 46759.67,
      "Plan Rows": 1,
      "Plan Width": 8,
      "Actual Startup Time": 104.509,
      "Actual Total Time": 117.829,
      "Actual Rows": 1,
      "Actual Loops": 1,
      "Plans": [
        {
          "Node Type": "Gather",
          "Parent Relationship": "Outer",
          "Parallel Aware": false,
          "Startup Cost": 46759.24,
          "Total Cost": 46759.65,
          "Plan Rows": 4,
          "Plan Width": 8,
          "Actual Startup Time": 104.09,
          "Actual Total Time": 117.817,
          "Actual Rows": 5,
          "Actual Loops": 1,
          "Workers Planned": 4,
          "Workers Launched": 4,
          "Single Copy": false,
          "Plans": [
            {
              "Node Type": "Aggregate",
              "Strategy": "Plain",
              "Partial Mode": "Partial",
              "Parent Relationship": "Outer",
              "Parallel Aware": false,
              "Startup Cost": 45759.24,
              "Total Cost": 45759.25,
              "Plan Rows": 1,
              "Plan Width": 8,
              "Actual Startup Time": 98.539,
              "Actual Total Time": 98.541,
              "Actual Rows": 1,
              "Actual Loops": 5,
              "Plans": [
                {
                  "Node Type": "Seq Scan",
                  "Parent Relationship": "Outer",
                  "Parallel Aware": true,
                  "Relation Name": "title",
                  "Alias": "t",
                  "Startup Cost": 0.0,
                  "Total Cost": 45479.59,
                  "Plan Rows": 111862,
                  "Plan Width": 0,
                  "Actual Startup Time": 44.6,
                  "Actual Total Time": 94.716,
                  "Actual Rows": 65018,
                  "Actual Loops": 5,
                  "Filter": "((production_year > 1992) AND (kind_id = 1))",
                  "Rows Removed by Filter": 440645
                }
              ]
            }
          ]
        }
      ]
    },
    "Planning Time": 0.13,
    "Triggers": [],
    "Execution Time": 117.877
  }
]