[
    {
        "Bao": {
            "Bao prediction": 574.546,
            "Bao recommended hint": "(no hint)"
        }
    },
    {
        "Plan": {
            "Node Type": "Aggregate",
            "Strategy": "Plain",
            "Partial Mode": "Finalize",
            "Parallel Aware": false,
            "Startup Cost": 225154.68,
            "Total Cost": 225154.69,
            "Plan Rows": 1,
            "Plan Width": 8,
            "Actual Startup Time": 161.904,
            "Actual Total Time": 167.722,
            "Actual Rows": 1,
            "Actual Loops": 1,
            "Output": [
                "count(*)"
            ],
            "Plans": [
                {
                    "Node Type": "Gather",
                    "Parent Relationship": "Outer",
                    "Parallel Aware": false,
                    "Startup Cost": 225154.16,
                    "Total Cost": 225154.67,
                    "Plan Rows": 5,
                    "Plan Width": 8,
                    "Actual Startup Time": 160.657,
                    "Actual Total Time": 167.715,
                    "Actual Rows": 6,
                    "Actual Loops": 1,
                    "Output": [
                        "(PARTIAL count(*))"
                    ],
                    "Workers Planned": 5,
                    "Workers Launched": 5,
                    "Single Copy": false,
                    "Plans": [
                        {
                            "Node Type": "Aggregate",
                            "Strategy": "Plain",
                            "Partial Mode": "Partial",
                            "Parent Relationship": "Outer",
                            "Parallel Aware": false,
                            "Startup Cost": 224154.16,
                            "Total Cost": 224154.17,
                            "Plan Rows": 1,
                            "Plan Width": 8,
                            "Actual Startup Time": 151.08,
                            "Actual Total Time": 151.083,
                            "Actual Rows": 1,
                            "Actual Loops": 6,
                            "Output": [
                                "PARTIAL count(*)"
                            ],
                            "Workers": [
                                {
                                    "Worker Number": 0,
                                    "Actual Startup Time": 148.876,
                                    "Actual Total Time": 148.879,
                                    "Actual Rows": 1,
                                    "Actual Loops": 1
                                },
                                {
                                    "Worker Number": 1,
                                    "Actual Startup Time": 149.356,
                                    "Actual Total Time": 149.358,
                                    "Actual Rows": 1,
                                    "Actual Loops": 1
                                },
                                {
                                    "Worker Number": 2,
                                    "Actual Startup Time": 149.25,
                                    "Actual Total Time": 149.253,
                                    "Actual Rows": 1,
                                    "Actual Loops": 1
                                },
                                {
                                    "Worker Number": 3,
                                    "Actual Startup Time": 149.342,
                                    "Actual Total Time": 149.345,
                                    "Actual Rows": 1,
                                    "Actual Loops": 1
                                },
                                {
                                    "Worker Number": 4,
                                    "Actual Startup Time": 149.792,
                                    "Actual Total Time": 149.795,
                                    "Actual Rows": 1,
                                    "Actual Loops": 1
                                }
                            ],
                            "Plans": [
                                {
                                    "Node Type": "Hash Join",
                                    "Parent Relationship": "Outer",
                                    "Parallel Aware": true,
                                    "Join Type": "Inner",
                                    "Startup Cost": 59857.65,
                                    "Total Cost": 224116.58,
                                    "Plan Rows": 15031,
                                    "Plan Width": 0,
                                    "Actual Startup Time": 110.921,
                                    "Actual Total Time": 150.51,
                                    "Actual Rows": 8274,
                                    "Actual Loops": 6,
                                    "Inner Unique": true,
                                    "Hash Cond": "(mi.movie_id = t.id)",
                                    "Workers": [
                                        {
                                            "Worker Number": 0,
                                            "Actual Startup Time": 108.785,
                                            "Actual Total Time": 148.28,
                                            "Actual Rows": 7530,
                                            "Actual Loops": 1
                                        },
                                        {
                                            "Worker Number": 1,
                                            "Actual Startup Time": 109.554,
                                            "Actual Total Time": 148.727,
                                            "Actual Rows": 8218,
                                            "Actual Loops": 1
                                        },
                                        {
                                            "Worker Number": 2,
                                            "Actual Startup Time": 109.002,
                                            "Actual Total Time": 148.645,
                                            "Actual Rows": 7899,
                                            "Actual Loops": 1
                                        },
                                        {
                                            "Worker Number": 3,
                                            "Actual Startup Time": 109.062,
                                            "Actual Total Time": 148.799,
                                            "Actual Rows": 7195,
                                            "Actual Loops": 1
                                        },
                                        {
                                            "Worker Number": 4,
                                            "Actual Startup Time": 109.678,
                                            "Actual Total Time": 149.173,
                                            "Actual Rows": 7953,
                                            "Actual Loops": 1
                                        }
                                    ],
                                    "Plans": [
                                        {
                                            "Node Type": "Bitmap Heap Scan",
                                            "Parent Relationship": "Outer",
                                            "Parallel Aware": true,
                                            "Relation Name": "movie_info",
                                            "Schema": "public",
                                            "Alias": "mi",
                                            "Startup Cost": 13585.73,
                                            "Total Cost": 177451.4,
                                            "Plan Rows": 149814,
                                            "Plan Width": 4,
                                            "Actual Startup Time": 23.962,
                                            "Actual Total Time": 41.863,
                                            "Actual Rows": 133690,
                                            "Actual Loops": 6,
                                            "Output": [
                                                "mi.id",
                                                "mi.movie_id",
                                                "mi.info_type_id",
                                                "mi.info",
                                                "mi.note"
                                            ],
                                            "Recheck Cond": "(mi.info_type_id < 2)",
                                            "Rows Removed by Index Recheck": 0,
                                            "Exact Heap Blocks": 988,
                                            "Lossy Heap Blocks": 0,
                                            "Workers": [
                                                {
                                                    "Worker Number": 0,
                                                    "Actual Startup Time": 23.937,
                                                    "Actual Total Time": 41.911,
                                                    "Actual Rows": 128898,
                                                    "Actual Loops": 1
                                                },
                                                {
                                                    "Worker Number": 1,
                                                    "Actual Startup Time": 23.999,
                                                    "Actual Total Time": 41.924,
                                                    "Actual Rows": 129493,
                                                    "Actual Loops": 1
                                                },
                                                {
                                                    "Worker Number": 2,
                                                    "Actual Startup Time": 23.888,
                                                    "Actual Total Time": 41.782,
                                                    "Actual Rows": 128465,
                                                    "Actual Loops": 1
                                                },
                                                {
                                                    "Worker Number": 3,
                                                    "Actual Startup Time": 23.946,
                                                    "Actual Total Time": 42.225,
                                                    "Actual Rows": 124390,
                                                    "Actual Loops": 1
                                                },
                                                {
                                                    "Worker Number": 4,
                                                    "Actual Startup Time": 24.111,
                                                    "Actual Total Time": 42.003,
                                                    "Actual Rows": 128786,
                                                    "Actual Loops": 1
                                                }
                                            ],
                                            "Plans": [
                                                {
                                                    "Node Type": "Bitmap Index Scan",
                                                    "Parent Relationship": "Outer",
                                                    "Parallel Aware": false,
                                                    "Index Name": "info_type_id_movie_info",
                                                    "Startup Cost": 0.0,
                                                    "Total Cost": 13398.46,
                                                    "Plan Rows": 749070,
                                                    "Plan Width": 0,
                                                    "Actual Startup Time": 23.19,
                                                    "Actual Total Time": 23.19,
                                                    "Actual Rows": 802140,
                                                    "Actual Loops": 1,
                                                    "Index Cond": "(mi.info_type_id < 2)"
                                                }
                                            ]
                                        },
                                        {
                                            "Node Type": "Hash",
                                            "Parent Relationship": "Inner",
                                            "Parallel Aware": true,
                                            "Startup Cost": 45479.21,
                                            "Total Cost": 45479.21,
                                            "Plan Rows": 63417,
                                            "Plan Width": 4,
                                            "Actual Startup Time": 84.946,
                                            "Actual Total Time": 84.946,
                                            "Actual Rows": 21596,
                                            "Actual Loops": 6,
                                            "Output": [
                                                "t.id"
                                            ],
                                            "Hash Buckets": 262144,
                                            "Original Hash Buckets": 262144,
                                            "Hash Batches": 1,
                                            "Original Hash Batches": 1,
                                            "Peak Memory Usage": 7168,
                                            "Workers": [
                                                {
                                                    "Worker Number": 0,
                                                    "Actual Startup Time": 84.069,
                                                    "Actual Total Time": 84.069,
                                                    "Actual Rows": 19616,
                                                    "Actual Loops": 1
                                                },
                                                {
                                                    "Worker Number": 1,
                                                    "Actual Startup Time": 84.31,
                                                    "Actual Total Time": 84.311,
                                                    "Actual Rows": 19560,
                                                    "Actual Loops": 1
                                                },
                                                {
                                                    "Worker Number": 2,
                                                    "Actual Startup Time": 84.313,
                                                    "Actual Total Time": 84.313,
                                                    "Actual Rows": 19692,
                                                    "Actual Loops": 1
                                                },
                                                {
                                                    "Worker Number": 3,
                                                    "Actual Startup Time": 84.493,
                                                    "Actual Total Time": 84.494,
                                                    "Actual Rows": 19600,
                                                    "Actual Loops": 1
                                                },
                                                {
                                                    "Worker Number": 4,
                                                    "Actual Startup Time": 84.978,
                                                    "Actual Total Time": 84.978,
                                                    "Actual Rows": 19243,
                                                    "Actual Loops": 1
                                                }
                                            ],
                                            "Plans": [
                                                {
                                                    "Node Type": "Seq Scan",
                                                    "Parent Relationship": "Outer",
                                                    "Parallel Aware": true,
                                                    "Relation Name": "title",
                                                    "Schema": "public",
                                                    "Alias": "t",
                                                    "Startup Cost": 0.0,
                                                    "Total Cost": 45479.21,
                                                    "Plan Rows": 63417,
                                                    "Plan Width": 4,
                                                    "Actual Startup Time": 0.047,
                                                    "Actual Total Time": 75.239,
                                                    "Actual Rows": 21596,
                                                    "Actual Loops": 6,
                                                    "Output": [
                                                        "t.id"
                                                    ],
                                                    "Filter": "((t.kind_id > 3) AND (t.production_year < 1971))",
                                                    "Rows Removed by Filter": 399790,
                                                    "Workers": [
                                                        {
                                                            "Worker Number": 0,
                                                            "Actual Startup Time": 0.076,
                                                            "Actual Total Time": 75.301,
                                                            "Actual Rows": 19616,
                                                            "Actual Loops": 1
                                                        },
                                                        {
                                                            "Worker Number": 1,
                                                            "Actual Startup Time": 0.045,
                                                            "Actual Total Time": 74.99,
                                                            "Actual Rows": 19560,
                                                            "Actual Loops": 1
                                                        },
                                                        {
                                                            "Worker Number": 2,
                                                            "Actual Startup Time": 0.054,
                                                            "Actual Total Time": 75.049,
                                                            "Actual Rows": 19692,
                                                            "Actual Loops": 1
                                                        },
                                                        {
                                                            "Worker Number": 3,
                                                            "Actual Startup Time": 0.045,
                                                            "Actual Total Time": 75.018,
                                                            "Actual Rows": 19600,
                                                            "Actual Loops": 1
                                                        },
                                                        {
                                                            "Worker Number": 4,
                                                            "Actual Startup Time": 0.037,
                                                            "Actual Total Time": 75.181,
                                                            "Actual Rows": 19243,
                                                            "Actual Loops": 1
                                                        }
                                                    ]
                                                }
                                            ]
                                        }
                                    ]
                                }
                            ]
                        }
                    ]
                }
            ]
        },
        "Planning Time": 530.604,
        "Triggers": [],
        "Execution Time": 167.838
    }
]