{
  "Plan": {
    "Node Type": "Aggregate",
    "Strategy": "Plain",
    "Partial Mode": "Finalize",
    "Parallel Aware": false,
    "Startup Cost": 513425.67,
    "Total Cost": 513425.68,
    "Plan Rows": 1,
    "Plan Width": 8,
    "Actual Startup Time": 3121.94,
    "Actual Total Time": 3160.471,
    "Actual Rows": 1,
    "Actual Loops": 1,
    "Plans": [
      {
        "Node Type": "Gather",
        "Parent Relationship": "Outer",
        "Parallel Aware": false,
        "Startup Cost": 513425.55,
        "Total Cost": 513425.66,
        "Plan Rows": 1,
        "Plan Width": 8,
        "Actual Startup Time": 3115.831,
        "Actual Total Time": 3160.461,
        "Actual Rows": 2,
        "Actual Loops": 1,
        "Workers Planned": 1,
        "Workers Launched": 1,
        "Single Copy": false,
        "Plans": [
          {
            "Node Type": "Aggregate",
            "Strategy": "Plain",
            "Partial Mode": "Partial",
            "Parent Relationship": "Outer",
            "Parallel Aware": false,
            "Startup Cost": 512425.55,
            "Total Cost": 512425.56,
            "Plan Rows": 1,
            "Plan Width": 8,
            "Actual Startup Time": 3110.012,
            "Actual Total Time": 3111.339,
            "Actual Rows": 1,
            "Actual Loops": 2,
            "Plans": [
              {
                "Node Type": "Hash Join",
                "Parent Relationship": "Outer",
                "Parallel Aware": true,
                "Join Type": "Inner",
                "Startup Cost": 466204.0,
                "Total Cost": 511537.17,
                "Plan Rows": 355352,
                "Plan Width": 0,
                "Actual Startup Time": 2109.392,
                "Actual Total Time": 2928.141,
                "Actual Rows": 4800192,
                "Actual Loops": 2,
                "Inner Unique": false,
                "Hash Cond": "(mc.movie_id = t.id)",
                "Plans": [
                  {
                    "Node Type": "Seq Scan",
                    "Parent Relationship": "Outer",
                    "Parallel Aware": true,
                    "Relation Name": "movie_companies",
                    "Alias": "mc",
                    "Startup Cost": 0.0,
                    "Total Cost": 37974.77,
                    "Plan Rows": 1404827,
                    "Plan Width": 4,
                    "Actual Startup Time": 0.035,
                    "Actual Total Time": 126.098,
                    "Actual Rows": 1194124,
                    "Actual Loops": 2,
                    "Filter": "(company_id > 73)",
                    "Rows Removed by Filter": 110440
                  },
                  {
                    "Node Type": "Hash",
                    "Parent Relationship": "Inner",
                    "Parallel Aware": true,
                    "Startup Cost": 461501.55,
                    "Total Cost": 461501.55,
                    "Plan Rows": 376196,
                    "Plan Width": 8,
                    "Actual Startup Time": 2100.065,
                    "Actual Total Time": 2101.391,
                    "Actual Rows": 887142,
                    "Actual Loops": 2,
                    "Hash Buckets": 2097152,
                    "Original Hash Buckets": 1048576,
                    "Hash Batches": 1,
                    "Original Hash Batches": 1,
                    "Peak Memory Usage": 94016,
                    "Plans": [
                      {
                        "Node Type": "Hash Join",
                        "Parent Relationship": "Outer",
                        "Parallel Aware": true,
                        "Join Type": "Inner",
                        "Startup Cost": 60821.52,
                        "Total Cost": 461501.55,
                        "Plan Rows": 376196,
                        "Plan Width": 8,
                        "Actual Startup Time": 204.479,
                        "Actual Total Time": 1835.034,
                        "Actual Rows": 887142,
                        "Actual Loops": 2,
                        "Inner Unique": true,
                        "Hash Cond": "(ci.movie_id = t.id)",
                        "Plans": [
                          {
                            "Node Type": "Index Scan",
                            "Parent Relationship": "Outer",
                            "Parallel Aware": true,
                            "Scan Direction": "Forward",
                            "Index Name": "role_id_cast_info",
                            "Relation Name": "cast_info",
                            "Alias": "ci",
                            "Startup Cost": 0.56,
                            "Total Cost": 396668.75,
                            "Plan Rows": 1528318,
                            "Plan Width": 4,
                            "Actual Startup Time": 0.097,
                            "Actual Total Time": 876.418,
                            "Actual Rows": 3301859,
                            "Actual Loops": 2,
                            "Index Cond": "(role_id > 3)",
                            "Rows Removed by Index Recheck": 0,
                            "Filter": "(person_id > 2918645)",
                            "Rows Removed by Filter": 2754964
                          },
                          {
                            "Node Type": "Hash",
                            "Parent Relationship": "Inner",
                            "Parallel Aware": true,
                            "Startup Cost": 56244.93,
                            "Total Cost": 56244.93,
                            "Plan Rows": 366082,
                            "Plan Width": 4,
                            "Actual Startup Time": 198.91,
                            "Actual Total Time": 198.912,
                            "Actual Rows": 253762,
                            "Actual Loops": 2,
                            "Hash Buckets": 1048576,
                            "Original Hash Buckets": 1048576,
                            "Hash Batches": 1,
                            "Original Hash Batches": 1,
                            "Peak Memory Usage": 28096,
                            "Plans": [
                              {
                                "Node Type": "Bitmap Heap Scan",
                                "Parent Relationship": "Outer",
                                "Parallel Aware": true,
                                "Relation Name": "title",
                                "Alias": "t",
                                "Startup Cost": 13594.54,
                                "Total Cost": 56244.93,
                                "Plan Rows": 366082,
                                "Plan Width": 4,
                                "Actual Startup Time": 36.561,
                                "Actual Total Time": 136.489,
                                "Actual Rows": 253762,
                                "Actual Loops": 2,
                                "Recheck Cond": "(kind_id < 3)",
                                "Rows Removed by Index Recheck": 0,
                                "Filter": "(production_year > 1970)",
                                "Rows Removed by Filter": 123076,
                                "Exact Heap Blocks": 25769,
                                "Lossy Heap Blocks": 0,
                                "Plans": [
                                  {
                                    "Node Type": "Bitmap Index Scan",
                                    "Parent Relationship": "Outer",
                                    "Parallel Aware": false,
                                    "Index Name": "kind_id_title",
                                    "Startup Cost": 0.0,
                                    "Total Cost": 13438.96,
                                    "Plan Rows": 753937,
                                    "Plan Width": 0,
                                    "Actual Startup Time": 30.761,
                                    "Actual Total Time": 30.761,
                                    "Actual Rows": 753677,
                                    "Actual Loops": 1,
                                    "Index Cond": "(kind_id < 3)"
                                  }
                                ]
                              }
                            ]
                          }
                        ]
                      }
                    ]
                  }
                ]
              }
            ]
          }
        ]
      }
    ]
  },
  "Planning Time": 1.094,
  "Triggers": [],
  "Execution Time": 3160.582
}