{
  "Plan": {
    "Node Type": "Aggregate",
    "Strategy": "Plain",
    "Partial Mode": "Finalize",
    "Parallel Aware": false,
    "Startup Cost": 273286.59,
    "Total Cost": 273286.6,
    "Plan Rows": 1,
    "Plan Width": 8,
    "Actual Startup Time": 616.614,
    "Actual Total Time": 637.558,
    "Actual Rows": 1,
    "Actual Loops": 1,
    "Plans": [
      {
        "Node Type": "Gather",
        "Parent Relationship": "Outer",
        "Parallel Aware": false,
        "Startup Cost": 273286.48,
        "Total Cost": 273286.59,
        "Plan Rows": 1,
        "Plan Width": 8,
        "Actual Startup Time": 611.532,
        "Actual Total Time": 637.548,
        "Actual Rows": 2,
        "Actual Loops": 1,
        "Workers Planned": 1,
        "Workers Launched": 1,
        "Single Copy": false,
        "Plans": [
          {
            "Node Type": "Aggregate",
            "Strategy": "Plain",
            "Partial Mode": "Partial",
            "Parent Relationship": "Outer",
            "Parallel Aware": false,
            "Startup Cost": 272286.48,
            "Total Cost": 272286.49,
            "Plan Rows": 1,
            "Plan Width": 8,
            "Actual Startup Time": 603.461,
            "Actual Total Time": 603.466,
            "Actual Rows": 1,
            "Actual Loops": 2,
            "Plans": [
              {
                "Node Type": "Nested Loop",
                "Parent Relationship": "Outer",
                "Parallel Aware": false,
                "Join Type": "Inner",
                "Startup Cost": 70685.19,
                "Total Cost": 271105.2,
                "Plan Rows": 472513,
                "Plan Width": 0,
                "Actual Startup Time": 482.207,
                "Actual Total Time": 601.386,
                "Actual Rows": 38004,
                "Actual Loops": 2,
                "Inner Unique": false,
                "Plans": [
                  {
                    "Node Type": "Hash Join",
                    "Parent Relationship": "Outer",
                    "Parallel Aware": true,
                    "Join Type": "Inner",
                    "Startup Cost": 70684.76,
                    "Total Cost": 97149.45,
                    "Plan Rows": 80809,
                    "Plan Width": 8,
                    "Actual Startup Time": 482.103,
                    "Actual Total Time": 570.767,
                    "Actual Rows": 3348,
                    "Actual Loops": 2,
                    "Inner Unique": true,
                    "Hash Cond": "(mk.movie_id = t.id)",
                    "Plans": [
                      {
                        "Node Type": "Bitmap Heap Scan",
                        "Parent Relationship": "Outer",
                        "Parallel Aware": true,
                        "Relation Name": "movie_keyword",
                        "Alias": "mk",
                        "Startup Cost": 4795.89,
                        "Total Cost": 30911.62,
                        "Plan Rows": 132938,
                        "Plan Width": 4,
                        "Actual Startup Time": 14.636,
                        "Actual Total Time": 72.37,
                        "Actual Rows": 108342,
                        "Actual Loops": 2,
                        "Recheck Cond": "(keyword_id > 65362)",
                        "Rows Removed by Index Recheck": 0,
                        "Exact Heap Blocks": 14402,
                        "Lossy Heap Blocks": 0,
                        "Plans": [
                          {
                            "Node Type": "Bitmap Index Scan",
                            "Parent Relationship": "Outer",
                            "Parallel Aware": false,
                            "Index Name": "keyword_id_movie_keyword",
                            "Startup Cost": 0.0,
                            "Total Cost": 4739.39,
                            "Plan Rows": 225995,
                            "Plan Width": 0,
                            "Actual Startup Time": 11.571,
                            "Actual Total Time": 11.572,
                            "Actual Rows": 216684,
                            "Actual Loops": 1,
                            "Index Cond": "(keyword_id > 65362)"
                          }
                        ]
                      },
                      {
                        "Node Type": "Hash",
                        "Parent Relationship": "Inner",
                        "Parallel Aware": true,
                        "Startup Cost": 54588.39,
                        "Total Cost": 54588.39,
                        "Plan Rows": 904038,
                        "Plan Width": 4,
                        "Actual Startup Time": 453.217,
                        "Actual Total Time": 453.218,
                        "Actual Rows": 771632,
                        "Actual Loops": 2,
                        "Hash Buckets": 2097152,
                        "Original Hash Buckets": 2097152,
                        "Hash Batches": 1,
                        "Original Hash Batches": 1,
                        "Peak Memory Usage": 76800,
                        "Plans": [
                          {
                            "Node Type": "Seq Scan",
                            "Parent Relationship": "Outer",
                            "Parallel Aware": true,
                            "Relation Name": "title",
                            "Alias": "t",
                            "Startup Cost": 0.0,
                            "Total Cost": 54588.39,
                            "Plan Rows": 904038,
                            "Plan Width": 4,
                            "Actual Startup Time": 0.03,
                            "Actual Total Time": 194.491,
                            "Actual Rows": 771632,
                            "Actual Loops": 2,
                            "Filter": "(kind_id = 7)",
                            "Rows Removed by Filter": 492524
                          }
                        ]
                      }
                    ]
                  },
                  {
                    "Node Type": "Index Only Scan",
                    "Parent Relationship": "Inner",
                    "Parallel Aware": false,
                    "Scan Direction": "Forward",
                    "Index Name": "movie_id_movie_info",
                    "Relation Name": "movie_info",
                    "Alias": "mi",
                    "Startup Cost": 0.43,
                    "Total Cost": 1.73,
                    "Plan Rows": 42,
                    "Plan Width": 4,
                    "Actual Startup Time": 0.003,
                    "Actual Total Time": 0.008,
                    "Actual Rows": 11,
                    "Actual Loops": 6695,
                    "Index Cond": "(movie_id = t.id)",
                    "Rows Removed by Index Recheck": 0,
                    "Heap Fetches": 76008
                  }
                ]
              }
            ]
          }
        ]
      }
    ]
  },
  "Planning Time": 1.059,
  "Triggers": [],
  "Execution Time": 637.664
}