[
  {
    "Plan": {
      "Node Type": "Aggregate",
      "Strategy": "Plain",
      "Partial Mode": "Finalize",
      "Parallel Aware": false,
      "Startup Cost": 416077.89,
      "Total Cost": 416077.9,
      "Plan Rows": 1,
      "Plan Width": 8,
      "Actual Startup Time": 2049.602,
      "Actual Total Time": 2131.217,
      "Actual Rows": 1,
      "Actual Loops": 1,
      "Plans": [
        {
          "Node Type": "Gather",
          "Parent Relationship": "Outer",
          "Parallel Aware": false,
          "Startup Cost": 416077.57,
          "Total Cost": 416077.88,
          "Plan Rows": 3,
          "Plan Width": 8,
          "Actual Startup Time": 2048.423,
          "Actual Total Time": 2131.196,
          "Actual Rows": 4,
          "Actual Loops": 1,
          "Workers Planned": 3,
          "Workers Launched": 3,
          "Single Copy": false,
          "Plans": [
            {
              "Node Type": "Aggregate",
              "Strategy": "Plain",
              "Partial Mode": "Partial",
              "Parent Relationship": "Outer",
              "Parallel Aware": false,
              "Startup Cost": 415077.57,
              "Total Cost": 415077.58,
              "Plan Rows": 1,
              "Plan Width": 8,
              "Actual Startup Time": 2039.635,
              "Actual Total Time": 2039.638,
              "Actual Rows": 1,
              "Actual Loops": 4,
              "Plans": [
                {
                  "Node Type": "Nested Loop",
                  "Parent Relationship": "Outer",
                  "Parallel Aware": false,
                  "Join Type": "Inner",
                  "Startup Cost": 45121.66,
                  "Total Cost": 412456.04,
                  "Plan Rows": 1048613,
                  "Plan Width": 0,
                  "Actual Startup Time": 135.96,
                  "Actual Total Time": 1969.19,
                  "Actual Rows": 1645961,
                  "Actual Loops": 4,
                  "Inner Unique": false,
                  "Join Filter": "(t.id = ci.movie_id)",
                  "Rows Removed by Join Filter": 0,
                  "Plans": [
                    {
                      "Node Type": "Hash Join",
                      "Parent Relationship": "Outer",
                      "Parallel Aware": true,
                      "Join Type": "Inner",
                      "Startup Cost": 45121.09,
                      "Total Cost": 90562.0,
                      "Plan Rows": 161774,
                      "Plan Width": 8,
                      "Actual Startup Time": 135.853,
                      "Actual Total Time": 328.2,
                      "Actual Rows": 51457,
                      "Actual Loops": 4,
                      "Inner Unique": true,
                      "Hash Cond": "(mk.movie_id = t.id)",
                      "Plans": [
                        {
                          "Node Type": "Seq Scan",
                          "Parent Relationship": "Outer",
                          "Parallel Aware": true,
                          "Relation Name": "movie_keyword",
                          "Alias": "mk",
                          "Startup Cost": 0.0,
                          "Total Cost": 42695.65,
                          "Plan Rows": 1045810,
                          "Plan Width": 4,
                          "Actual Startup Time": 0.025,
                          "Actual Total Time": 102.702,
                          "Actual Rows": 808706,
                          "Actual Loops": 4,
                          "Filter": "(keyword_id < 13714)",
                          "Rows Removed by Filter": 322276
                        },
                        {
                          "Node Type": "Hash",
                          "Parent Relationship": "Inner",
                          "Parallel Aware": true,
                          "Startup Cost": 43898.92,
                          "Total Cost": 43898.92,
                          "Plan Rows": 97774,
                          "Plan Width": 4,
                          "Actual Startup Time": 132.692,
                          "Actual Total Time": 132.693,
                          "Actual Rows": 97916,
                          "Actual Loops": 4,
                          "Hash Buckets": 524288,
                          "Original Hash Buckets": 524288,
                          "Hash Batches": 1,
                          "Original Hash Batches": 1,
                          "Peak Memory Usage": 19488,
                          "Plans": [
                            {
                              "Node Type": "Seq Scan",
                              "Parent Relationship": "Outer",
                              "Parallel Aware": true,
                              "Relation Name": "title",
                              "Alias": "t",
                              "Startup Cost": 0.0,
                              "Total Cost": 43898.92,
                              "Plan Rows": 97774,
                              "Plan Width": 4,
                              "Actual Startup Time": 0.035,
                              "Actual Total Time": 96.669,
                              "Actual Rows": 97916,
                              "Actual Loops": 4,
                              "Filter": "(production_year > 2010)",
                              "Rows Removed by Filter": 534162
                            }
                          ]
                        }
                      ]
                    },
                    {
                      "Node Type": "Index Scan",
                      "Parent Relationship": "Inner",
                      "Parallel Aware": false,
                      "Scan Direction": "Forward",
                      "Index Name": "movie_id_cast_info",
                      "Relation Name": "cast_info",
                      "Alias": "ci",
                      "Startup Cost": 0.56,
                      "Total Cost": 1.78,
                      "Plan Rows": 17,
                      "Plan Width": 4,
                      "Actual Startup Time": 0.015,
                      "Actual Total Time": 0.029,
                      "Actual Rows": 32,
                      "Actual Loops": 205829,
                      "Index Cond": "(movie_id = mk.movie_id)",
                      "Rows Removed by Index Recheck": 0,
                      "Filter": "(role_id > 2)",
                      "Rows Removed by Filter": 26
                    }
                  ]
                }
              ]
            }
          ]
        }
      ]
    },
    "Planning Time": 1.351,
    "Triggers": [],
    "Execution Time": 2131.319
  }
]