[
    {
        "Bao": {
            "Bao prediction": 465.071,
            "Bao recommended hint": "(no hint)"
        }
    },
    {
        "Plan": {
            "Node Type": "Aggregate",
            "Strategy": "Plain",
            "Partial Mode": "Finalize",
            "Parallel Aware": false,
            "Startup Cost": 33339.95,
            "Total Cost": 33339.96,
            "Plan Rows": 1,
            "Plan Width": 8,
            "Actual Startup Time": 141.611,
            "Actual Total Time": 148.023,
            "Actual Rows": 1,
            "Actual Loops": 1,
            "Output": [
                "count(*)"
            ],
            "Plans": [
                {
                    "Node Type": "Gather",
                    "Parent Relationship": "Outer",
                    "Parallel Aware": false,
                    "Startup Cost": 33339.63,
                    "Total Cost": 33339.94,
                    "Plan Rows": 3,
                    "Plan Width": 8,
                    "Actual Startup Time": 141.472,
                    "Actual Total Time": 148.012,
                    "Actual Rows": 4,
                    "Actual Loops": 1,
                    "Output": [
                        "(PARTIAL count(*))"
                    ],
                    "Workers Planned": 3,
                    "Workers Launched": 3,
                    "Single Copy": false,
                    "Plans": [
                        {
                            "Node Type": "Aggregate",
                            "Strategy": "Plain",
                            "Partial Mode": "Partial",
                            "Parent Relationship": "Outer",
                            "Parallel Aware": false,
                            "Startup Cost": 32339.63,
                            "Total Cost": 32339.64,
                            "Plan Rows": 1,
                            "Plan Width": 8,
                            "Actual Startup Time": 133.16,
                            "Actual Total Time": 133.162,
                            "Actual Rows": 1,
                            "Actual Loops": 4,
                            "Output": [
                                "PARTIAL count(*)"
                            ],
                            "Workers": [
                                {
                                    "Worker Number": 0,
                                    "Actual Startup Time": 130.464,
                                    "Actual Total Time": 130.466,
                                    "Actual Rows": 1,
                                    "Actual Loops": 1
                                },
                                {
                                    "Worker Number": 1,
                                    "Actual Startup Time": 130.45,
                                    "Actual Total Time": 130.451,
                                    "Actual Rows": 1,
                                    "Actual Loops": 1
                                },
                                {
                                    "Worker Number": 2,
                                    "Actual Startup Time": 130.935,
                                    "Actual Total Time": 130.938,
                                    "Actual Rows": 1,
                                    "Actual Loops": 1
                                }
                            ],
                            "Plans": [
                                {
                                    "Node Type": "Seq Scan",
                                    "Parent Relationship": "Outer",
                                    "Parallel Aware": true,
                                    "Relation Name": "movie_companies",
                                    "Schema": "public",
                                    "Alias": "mc",
                                    "Startup Cost": 0.0,
                                    "Total Cost": 31414.82,
                                    "Plan Rows": 369924,
                                    "Plan Width": 0,
                                    "Actual Startup Time": 56.753,
                                    "Actual Total Time": 113.087,
                                    "Actual Rows": 314237,
                                    "Actual Loops": 4,
                                    "Output": [
                                        "id",
                                        "movie_id",
                                        "company_id",
                                        "company_type_id",
                                        "note"
                                    ],
                                    "Filter": "((mc.company_id > 169) AND (mc.company_type_id > 1))",
                                    "Rows Removed by Filter": 338046,
                                    "Workers": [
                                        {
                                            "Worker Number": 0,
                                            "Actual Startup Time": 54.066,
                                            "Actual Total Time": 110.527,
                                            "Actual Rows": 304610,
                                            "Actual Loops": 1
                                        },
                                        {
                                            "Worker Number": 1,
                                            "Actual Startup Time": 54.035,
                                            "Actual Total Time": 110.564,
                                            "Actual Rows": 303619,
                                            "Actual Loops": 1
                                        },
                                        {
                                            "Worker Number": 2,
                                            "Actual Startup Time": 54.535,
                                            "Actual Total Time": 111.019,
                                            "Actual Rows": 304941,
                                            "Actual Loops": 1
                                        }
                                    ]
                                }
                            ]
                        }
                    ]
                }
            ]
        },
        "Planning Time": 1577.109,
        "Triggers": [],
        "Execution Time": 148.155
    }
]