[
  {
    "Plan": {
      "Node Type": "Aggregate",
      "Strategy": "Plain",
      "Partial Mode": "Finalize",
      "Parallel Aware": false,
      "Startup Cost": 32654.44,
      "Total Cost": 32654.45,
      "Plan Rows": 1,
      "Plan Width": 8,
      "Actual Startup Time": 67.655,
      "Actual Total Time": 75.325,
      "Actual Rows": 1,
      "Actual Loops": 1,
      "Plans": [
        {
          "Node Type": "Gather",
          "Parent Relationship": "Outer",
          "Parallel Aware": false,
          "Startup Cost": 32654.12,
          "Total Cost": 32654.43,
          "Plan Rows": 3,
          "Plan Width": 8,
          "Actual Startup Time": 67.547,
          "Actual Total Time": 75.317,
          "Actual Rows": 4,
          "Actual Loops": 1,
          "Workers Planned": 3,
          "Workers Launched": 3,
          "Single Copy": false,
          "Plans": [
            {
              "Node Type": "Aggregate",
              "Strategy": "Plain",
              "Partial Mode": "Partial",
              "Parent Relationship": "Outer",
              "Parallel Aware": false,
              "Startup Cost": 31654.12,
              "Total Cost": 31654.13,
              "Plan Rows": 1,
              "Plan Width": 8,
              "Actual Startup Time": 64.329,
              "Actual Total Time": 64.33,
              "Actual Rows": 1,
              "Actual Loops": 4,
              "Plans": [
                {
                  "Node Type": "Seq Scan",
                  "Parent Relationship": "Outer",
                  "Parallel Aware": true,
                  "Relation Name": "movie_companies",
                  "Alias": "mc",
                  "Startup Cost": 0.0,
                  "Total Cost": 31414.82,
                  "Plan Rows": 95722,
                  "Plan Width": 0,
                  "Actual Startup Time": 32.772,
                  "Actual Total Time": 64.267,
                  "Actual Rows": 1013,
                  "Actual Loops": 4,
                  "Filter": "((company_id > 67153) AND (company_type_id = 1))",
                  "Rows Removed by Filter": 651270
                }
              ]
            }
          ]
        }
      ]
    },
    "Planning Time": 0.102,
    "Triggers": [],
    "Execution Time": 75.353
  }
]