[
  {
    "Plan": {
      "Node Type": "Aggregate",
      "Strategy": "Plain",
      "Partial Mode": "Finalize",
      "Parallel Aware": false,
      "Startup Cost": 334971.37,
      "Total Cost": 334971.38,
      "Plan Rows": 1,
      "Plan Width": 8,
      "Actual Startup Time": 761.354,
      "Actual Total Time": 809.736,
      "Actual Rows": 1,
      "Actual Loops": 1,
      "Plans": [
        {
          "Node Type": "Gather",
          "Parent Relationship": "Outer",
          "Parallel Aware": false,
          "Startup Cost": 334970.74,
          "Total Cost": 334971.35,
          "Plan Rows": 6,
          "Plan Width": 8,
          "Actual Startup Time": 761.179,
          "Actual Total Time": 809.726,
          "Actual Rows": 7,
          "Actual Loops": 1,
          "Workers Planned": 6,
          "Workers Launched": 6,
          "Single Copy": false,
          "Plans": [
            {
              "Node Type": "Aggregate",
              "Strategy": "Plain",
              "Partial Mode": "Partial",
              "Parent Relationship": "Outer",
              "Parallel Aware": false,
              "Startup Cost": 333970.74,
              "Total Cost": 333970.75,
              "Plan Rows": 1,
              "Plan Width": 8,
              "Actual Startup Time": 753.869,
              "Actual Total Time": 753.871,
              "Actual Rows": 1,
              "Actual Loops": 7,
              "Plans": [
                {
                  "Node Type": "Seq Scan",
                  "Parent Relationship": "Outer",
                  "Parallel Aware": true,
                  "Relation Name": "cast_info",
                  "Alias": "ci",
                  "Startup Cost": 0.0,
                  "Total Cost": 328211.39,
                  "Plan Rows": 2303741,
                  "Plan Width": 0,
                  "Actual Startup Time": 0.048,
                  "Actual Total Time": 645.857,
                  "Actual Rows": 1996117,
                  "Actual Loops": 7,
                  "Filter": "(person_id < 1376776)",
                  "Rows Removed by Filter": 3181646
                }
              ]
            }
          ]
        }
      ]
    },
    "Planning Time": 0.109,
    "Triggers": [],
    "Execution Time": 809.783
  }
]