[
    {
        "Bao": {
            "Bao prediction": "NaN",
            "Bao recommended hint": "(no hint)"
        }
    },
    {
        "Plan": {
            "Node Type": "Aggregate",
            "Strategy": "Plain",
            "Partial Mode": "Finalize",
            "Parallel Aware": false,
            "Startup Cost": 352406.93,
            "Total Cost": 352406.94,
            "Plan Rows": 1,
            "Plan Width": 8,
            "Actual Startup Time": 737.399,
            "Actual Total Time": 768.066,
            "Actual Rows": 1,
            "Actual Loops": 1,
            "Output": [
                "count(*)"
            ],
            "Plans": [
                {
                    "Node Type": "Gather",
                    "Parent Relationship": "Outer",
                    "Parallel Aware": false,
                    "Startup Cost": 352406.3,
                    "Total Cost": 352406.91,
                    "Plan Rows": 6,
                    "Plan Width": 8,
                    "Actual Startup Time": 737.291,
                    "Actual Total Time": 768.058,
                    "Actual Rows": 7,
                    "Actual Loops": 1,
                    "Output": [
                        "(PARTIAL count(*))"
                    ],
                    "Workers Planned": 6,
                    "Workers Launched": 6,
                    "Single Copy": false,
                    "Plans": [
                        {
                            "Node Type": "Aggregate",
                            "Strategy": "Plain",
                            "Partial Mode": "Partial",
                            "Parent Relationship": "Outer",
                            "Parallel Aware": false,
                            "Startup Cost": 351406.3,
                            "Total Cost": 351406.32,
                            "Plan Rows": 1,
                            "Plan Width": 8,
                            "Actual Startup Time": 727.262,
                            "Actual Total Time": 727.263,
                            "Actual Rows": 1,
                            "Actual Loops": 7,
                            "Output": [
                                "PARTIAL count(*)"
                            ],
                            "Workers": [
                                {
                                    "Worker Number": 0,
                                    "Actual Startup Time": 724.869,
                                    "Actual Total Time": 724.87,
                                    "Actual Rows": 1,
                                    "Actual Loops": 1
                                },
                                {
                                    "Worker Number": 1,
                                    "Actual Startup Time": 725.044,
                                    "Actual Total Time": 725.045,
                                    "Actual Rows": 1,
                                    "Actual Loops": 1
                                },
                                {
                                    "Worker Number": 2,
                                    "Actual Startup Time": 725.582,
                                    "Actual Total Time": 725.582,
                                    "Actual Rows": 1,
                                    "Actual Loops": 1
                                },
                                {
                                    "Worker Number": 3,
                                    "Actual Startup Time": 726.065,
                                    "Actual Total Time": 726.066,
                                    "Actual Rows": 1,
                                    "Actual Loops": 1
                                },
                                {
                                    "Worker Number": 4,
                                    "Actual Startup Time": 726.197,
                                    "Actual Total Time": 726.198,
                                    "Actual Rows": 1,
                                    "Actual Loops": 1
                                },
                                {
                                    "Worker Number": 5,
                                    "Actual Startup Time": 726.331,
                                    "Actual Total Time": 726.331,
                                    "Actual Rows": 1,
                                    "Actual Loops": 1
                                }
                            ],
                            "Plans": [
                                {
                                    "Node Type": "Seq Scan",
                                    "Parent Relationship": "Outer",
                                    "Parallel Aware": true,
                                    "Relation Name": "cast_info",
                                    "Schema": "public",
                                    "Alias": "ci",
                                    "Startup Cost": 0.0,
                                    "Total Cost": 343318.94,
                                    "Plan Rows": 3234946,
                                    "Plan Width": 0,
                                    "Actual Startup Time": 138.817,
                                    "Actual Total Time": 621.664,
                                    "Actual Rows": 2568955,
                                    "Actual Loops": 7,
                                    "Output": [
                                        "id",
                                        "person_id",
                                        "movie_id",
                                        "person_role_id",
                                        "note",
                                        "nr_order",
                                        "role_id"
                                    ],
                                    "Filter": "((ci.person_id > 1153093) AND (ci.role_id < 7))",
                                    "Rows Removed by Filter": 2608809,
                                    "Workers": [
                                        {
                                            "Worker Number": 0,
                                            "Actual Startup Time": 136.433,
                                            "Actual Total Time": 621.518,
                                            "Actual Rows": 2421950,
                                            "Actual Loops": 1
                                        },
                                        {
                                            "Worker Number": 1,
                                            "Actual Startup Time": 136.614,
                                            "Actual Total Time": 621.177,
                                            "Actual Rows": 2436262,
                                            "Actual Loops": 1
                                        },
                                        {
                                            "Worker Number": 2,
                                            "Actual Startup Time": 137.122,
                                            "Actual Total Time": 622.351,
                                            "Actual Rows": 2534652,
                                            "Actual Loops": 1
                                        },
                                        {
                                            "Worker Number": 3,
                                            "Actual Startup Time": 137.607,
                                            "Actual Total Time": 622.921,
                                            "Actual Rows": 2531197,
                                            "Actual Loops": 1
                                        },
                                        {
                                            "Worker Number": 4,
                                            "Actual Startup Time": 137.756,
                                            "Actual Total Time": 623.2,
                                            "Actual Rows": 2526141,
                                            "Actual Loops": 1
                                        },
                                        {
                                            "Worker Number": 5,
                                            "Actual Startup Time": 137.89,
                                            "Actual Total Time": 622.505,
                                            "Actual Rows": 2428709,
                                            "Actual Loops": 1
                                        }
                                    ]
                                }
                            ]
                        }
                    ]
                }
            ]
        },
        "Planning Time": 254.583,
        "Triggers": [],
        "Execution Time": 768.128
    }
]