[
  {
    "Plan": {
      "Node Type": "Aggregate",
      "Strategy": "Plain",
      "Partial Mode": "Finalize",
      "Parallel Aware": false,
      "Startup Cost": 33185.8,
      "Total Cost": 33185.81,
      "Plan Rows": 1,
      "Plan Width": 8,
      "Actual Startup Time": 102.864,
      "Actual Total Time": 110.933,
      "Actual Rows": 1,
      "Actual Loops": 1,
      "Plans": [
        {
          "Node Type": "Gather",
          "Parent Relationship": "Outer",
          "Parallel Aware": false,
          "Startup Cost": 33185.48,
          "Total Cost": 33185.79,
          "Plan Rows": 3,
          "Plan Width": 8,
          "Actual Startup Time": 102.71,
          "Actual Total Time": 110.925,
          "Actual Rows": 4,
          "Actual Loops": 1,
          "Workers Planned": 3,
          "Workers Launched": 3,
          "Single Copy": false,
          "Plans": [
            {
              "Node Type": "Aggregate",
              "Strategy": "Plain",
              "Partial Mode": "Partial",
              "Parent Relationship": "Outer",
              "Parallel Aware": false,
              "Startup Cost": 32185.48,
              "Total Cost": 32185.49,
              "Plan Rows": 1,
              "Plan Width": 8,
              "Actual Startup Time": 97.301,
              "Actual Total Time": 97.303,
              "Actual Rows": 1,
              "Actual Loops": 4,
              "Plans": [
                {
                  "Node Type": "Seq Scan",
                  "Parent Relationship": "Outer",
                  "Parallel Aware": true,
                  "Relation Name": "movie_companies",
                  "Alias": "mc",
                  "Startup Cost": 0.0,
                  "Total Cost": 31414.82,
                  "Plan Rows": 308265,
                  "Plan Width": 0,
                  "Actual Startup Time": 41.596,
                  "Actual Total Time": 83.525,
                  "Actual Rows": 279283,
                  "Actual Loops": 4,
                  "Filter": "((company_id > 1442) AND (company_type_id = 2))",
                  "Rows Removed by Filter": 372999
                }
              ]
            }
          ]
        }
      ]
    },
    "Planning Time": 0.102,
    "Triggers": [],
    "Execution Time": 110.962
  }
]