[
  {
    "Plan": {
      "Node Type": "Aggregate",
      "Strategy": "Plain",
      "Partial Mode": "Simple",
      "Parallel Aware": false,
      "Startup Cost": 29004.67,
      "Total Cost": 29004.68,
      "Plan Rows": 1,
      "Plan Width": 8,
      "Actual Startup Time": 86.199,
      "Actual Total Time": 86.2,
      "Actual Rows": 1,
      "Actual Loops": 1,
      "Plans": [
        {
          "Node Type": "Bitmap Heap Scan",
          "Parent Relationship": "Outer",
          "Parallel Aware": false,
          "Relation Name": "movie_keyword",
          "Alias": "mk",
          "Startup Cost": 2666.12,
          "Total Cost": 28690.58,
          "Plan Rows": 125637,
          "Plan Width": 0,
          "Actual Startup Time": 24.179,
          "Actual Total Time": 78.168,
          "Actual Rows": 122095,
          "Actual Loops": 1,
          "Recheck Cond": "(keyword_id > 77636)",
          "Rows Removed by Index Recheck": 0,
          "Exact Heap Blocks": 18361,
          "Lossy Heap Blocks": 0,
          "Plans": [
            {
              "Node Type": "Bitmap Index Scan",
              "Parent Relationship": "Outer",
              "Parallel Aware": false,
              "Index Name": "keyword_id_movie_keyword",
              "Startup Cost": 0.0,
              "Total Cost": 2634.71,
              "Plan Rows": 125637,
              "Plan Width": 0,
              "Actual Startup Time": 18.278,
              "Actual Total Time": 18.278,
              "Actual Rows": 122095,
              "Actual Loops": 1,
              "Index Cond": "(keyword_id > 77636)"
            }
          ]
        }
      ]
    },
    "Planning Time": 0.135,
    "Triggers": [],
    "Execution Time": 86.248
  }
]