[
  {
    "Plan": {
      "Node Type": "Aggregate",
      "Strategy": "Plain",
      "Partial Mode": "Finalize",
      "Parallel Aware": false,
      "Startup Cost": 65504.51,
      "Total Cost": 65504.52,
      "Plan Rows": 1,
      "Plan Width": 8,
      "Actual Startup Time": 107.303,
      "Actual Total Time": 119.664,
      "Actual Rows": 1,
      "Actual Loops": 1,
      "Plans": [
        {
          "Node Type": "Gather",
          "Parent Relationship": "Outer",
          "Parallel Aware": false,
          "Startup Cost": 65504.09,
          "Total Cost": 65504.5,
          "Plan Rows": 4,
          "Plan Width": 8,
          "Actual Startup Time": 107.171,
          "Actual Total Time": 119.655,
          "Actual Rows": 5,
          "Actual Loops": 1,
          "Workers Planned": 4,
          "Workers Launched": 4,
          "Single Copy": false,
          "Plans": [
            {
              "Node Type": "Aggregate",
              "Strategy": "Plain",
              "Partial Mode": "Partial",
              "Parent Relationship": "Outer",
              "Parallel Aware": false,
              "Startup Cost": 64504.09,
              "Total Cost": 64504.1,
              "Plan Rows": 1,
              "Plan Width": 8,
              "Actual Startup Time": 97.25,
              "Actual Total Time": 97.252,
              "Actual Rows": 1,
              "Actual Loops": 5,
              "Plans": [
                {
                  "Node Type": "Nested Loop",
                  "Parent Relationship": "Outer",
                  "Parallel Aware": false,
                  "Join Type": "Inner",
                  "Startup Cost": 0.43,
                  "Total Cost": 64498.98,
                  "Plan Rows": 2046,
                  "Plan Width": 0,
                  "Actual Startup Time": 1.178,
                  "Actual Total Time": 97.205,
                  "Actual Rows": 251,
                  "Actual Loops": 5,
                  "Inner Unique": false,
                  "Plans": [
                    {
                      "Node Type": "Seq Scan",
                      "Parent Relationship": "Outer",
                      "Parallel Aware": true,
                      "Relation Name": "title",
                      "Alias": "t",
                      "Startup Cost": 0.0,
                      "Total Cost": 45479.1,
                      "Plan Rows": 2318,
                      "Plan Width": 4,
                      "Actual Startup Time": 0.079,
                      "Actual Total Time": 88.087,
                      "Actual Rows": 1559,
                      "Actual Loops": 5,
                      "Filter": "((kind_id = 7) AND (production_year = 1976))",
                      "Rows Removed by Filter": 504103
                    },
                    {
                      "Node Type": "Index Scan",
                      "Parent Relationship": "Inner",
                      "Parallel Aware": false,
                      "Scan Direction": "Forward",
                      "Index Name": "movie_id_movie_keyword",
                      "Relation Name": "movie_keyword",
                      "Alias": "mk",
                      "Startup Cost": 0.43,
                      "Total Cost": 7.99,
                      "Plan Rows": 22,
                      "Plan Width": 4,
                      "Actual Startup Time": 0.005,
                      "Actual Total Time": 0.005,
                      "Actual Rows": 0,
                      "Actual Loops": 7796,
                      "Index Cond": "(movie_id = t.id)",
                      "Rows Removed by Index Recheck": 0,
                      "Filter": "(keyword_id < 4608)",
                      "Rows Removed by Filter": 0
                    }
                  ]
                }
              ]
            }
          ]
        }
      ]
    },
    "Planning Time": 0.629,
    "Triggers": [],
    "Execution Time": 119.733
  }
]