{
  "Plan": {
    "Node Type": "Aggregate",
    "Strategy": "Plain",
    "Partial Mode": "Finalize",
    "Parallel Aware": false,
    "Startup Cost": 83016.88,
    "Total Cost": 83016.89,
    "Plan Rows": 1,
    "Plan Width": 8,
    "Actual Startup Time": 452.238,
    "Actual Total Time": 463.022,
    "Actual Rows": 1,
    "Actual Loops": 1,
    "Plans": [
      {
        "Node Type": "Gather",
        "Parent Relationship": "Outer",
        "Parallel Aware": false,
        "Startup Cost": 83016.77,
        "Total Cost": 83016.88,
        "Plan Rows": 1,
        "Plan Width": 8,
        "Actual Startup Time": 451.726,
        "Actual Total Time": 463.015,
        "Actual Rows": 2,
        "Actual Loops": 1,
        "Workers Planned": 1,
        "Workers Launched": 1,
        "Single Copy": false,
        "Plans": [
          {
            "Node Type": "Aggregate",
            "Strategy": "Plain",
            "Partial Mode": "Partial",
            "Parent Relationship": "Outer",
            "Parallel Aware": false,
            "Startup Cost": 82016.77,
            "Total Cost": 82016.78,
            "Plan Rows": 1,
            "Plan Width": 8,
            "Actual Startup Time": 446.069,
            "Actual Total Time": 446.072,
            "Actual Rows": 1,
            "Actual Loops": 2,
            "Plans": [
              {
                "Node Type": "Hash Join",
                "Parent Relationship": "Outer",
                "Parallel Aware": true,
                "Join Type": "Inner",
                "Startup Cost": 63289.04,
                "Total Cost": 81472.83,
                "Plan Rows": 217574,
                "Plan Width": 0,
                "Actual Startup Time": 269.671,
                "Actual Total Time": 438.954,
                "Actual Rows": 142354,
                "Actual Loops": 2,
                "Inner Unique": true,
                "Hash Cond": "(mi_idx.movie_id = t.id)",
                "Plans": [
                  {
                    "Node Type": "Seq Scan",
                    "Parent Relationship": "Outer",
                    "Parallel Aware": true,
                    "Relation Name": "movie_info_idx",
                    "Alias": "mi_idx",
                    "Startup Cost": 0.0,
                    "Total Cost": 16052.85,
                    "Plan Rows": 811785,
                    "Plan Width": 4,
                    "Actual Startup Time": 0.019,
                    "Actual Total Time": 56.486,
                    "Actual Rows": 690018,
                    "Actual Loops": 2
                  },
                  {
                    "Node Type": "Hash",
                    "Parent Relationship": "Inner",
                    "Parallel Aware": true,
                    "Startup Cost": 58306.47,
                    "Total Cost": 58306.47,
                    "Plan Rows": 398606,
                    "Plan Width": 4,
                    "Actual Startup Time": 260.742,
                    "Actual Total Time": 260.742,
                    "Actual Rows": 282531,
                    "Actual Loops": 2,
                    "Hash Buckets": 1048576,
                    "Original Hash Buckets": 1048576,
                    "Hash Batches": 1,
                    "Original Hash Batches": 1,
                    "Peak Memory Usage": 30336,
                    "Plans": [
                      {
                        "Node Type": "Seq Scan",
                        "Parent Relationship": "Outer",
                        "Parallel Aware": true,
                        "Relation Name": "title",
                        "Alias": "t",
                        "Startup Cost": 0.0,
                        "Total Cost": 58306.47,
                        "Plan Rows": 398606,
                        "Plan Width": 4,
                        "Actual Startup Time": 0.027,
                        "Actual Total Time": 174.767,
                        "Actual Rows": 282531,
                        "Actual Loops": 2,
                        "Filter": "((kind_id > 1) AND (production_year < 1998))",
                        "Rows Removed by Filter": 981625
                      }
                    ]
                  }
                ]
              }
            ]
          }
        ]
      }
    ]
  },
  "Planning Time": 0.422,
  "Triggers": [],
  "Execution Time": 463.092
}