{
  "Plan": {
    "Node Type": "Aggregate",
    "Strategy": "Plain",
    "Partial Mode": "Finalize",
    "Parallel Aware": false,
    "Startup Cost": 25295.05,
    "Total Cost": 25295.06,
    "Plan Rows": 1,
    "Plan Width": 8,
    "Actual Startup Time": 117.368,
    "Actual Total Time": 121.455,
    "Actual Rows": 1,
    "Actual Loops": 1,
    "Plans": [
      {
        "Node Type": "Gather",
        "Parent Relationship": "Outer",
        "Parallel Aware": false,
        "Startup Cost": 25294.94,
        "Total Cost": 25295.05,
        "Plan Rows": 1,
        "Plan Width": 8,
        "Actual Startup Time": 117.268,
        "Actual Total Time": 121.449,
        "Actual Rows": 2,
        "Actual Loops": 1,
        "Workers Planned": 1,
        "Workers Launched": 1,
        "Single Copy": false,
        "Plans": [
          {
            "Node Type": "Aggregate",
            "Strategy": "Plain",
            "Partial Mode": "Partial",
            "Parent Relationship": "Outer",
            "Parallel Aware": false,
            "Startup Cost": 24294.94,
            "Total Cost": 24294.95,
            "Plan Rows": 1,
            "Plan Width": 8,
            "Actual Startup Time": 110.938,
            "Actual Total Time": 110.941,
            "Actual Rows": 1,
            "Actual Loops": 2,
            "Plans": [
              {
                "Node Type": "Hash Join",
                "Parent Relationship": "Outer",
                "Parallel Aware": false,
                "Join Type": "Inner",
                "Startup Cost": 5197.27,
                "Total Cost": 24294.82,
                "Plan Rows": 50,
                "Plan Width": 0,
                "Actual Startup Time": 108.711,
                "Actual Total Time": 110.933,
                "Actual Rows": 3,
                "Actual Loops": 2,
                "Inner Unique": false,
                "Hash Cond": "(mi_idx.movie_id = t.id)",
                "Plans": [
                  {
                    "Node Type": "Seq Scan",
                    "Parent Relationship": "Outer",
                    "Parallel Aware": true,
                    "Relation Name": "movie_info_idx",
                    "Alias": "mi_idx",
                    "Startup Cost": 0.0,
                    "Total Cost": 16052.85,
                    "Plan Rows": 811785,
                    "Plan Width": 4,
                    "Actual Startup Time": 0.044,
                    "Actual Total Time": 57.765,
                    "Actual Rows": 690018,
                    "Actual Loops": 2
                  },
                  {
                    "Node Type": "Hash",
                    "Parent Relationship": "Inner",
                    "Parallel Aware": false,
                    "Startup Cost": 5195.32,
                    "Total Cost": 5195.32,
                    "Plan Rows": 156,
                    "Plan Width": 8,
                    "Actual Startup Time": 5.698,
                    "Actual Total Time": 5.7,
                    "Actual Rows": 2,
                    "Actual Loops": 2,
                    "Hash Buckets": 1024,
                    "Original Hash Buckets": 1024,
                    "Hash Batches": 1,
                    "Original Hash Batches": 1,
                    "Peak Memory Usage": 9,
                    "Plans": [
                      {
                        "Node Type": "Nested Loop",
                        "Parent Relationship": "Outer",
                        "Parallel Aware": false,
                        "Join Type": "Inner",
                        "Startup Cost": 0.99,
                        "Total Cost": 5195.32,
                        "Plan Rows": 156,
                        "Plan Width": 8,
                        "Actual Startup Time": 0.717,
                        "Actual Total Time": 5.685,
                        "Actual Rows": 2,
                        "Actual Loops": 2,
                        "Inner Unique": true,
                        "Plans": [
                          {
                            "Node Type": "Index Scan",
                            "Parent Relationship": "Outer",
                            "Parallel Aware": false,
                            "Scan Direction": "Forward",
                            "Index Name": "person_id_cast_info",
                            "Relation Name": "cast_info",
                            "Alias": "ci",
                            "Startup Cost": 0.56,
                            "Total Cost": 1058.43,
                            "Plan Rows": 497,
                            "Plan Width": 4,
                            "Actual Startup Time": 0.59,
                            "Actual Total Time": 0.809,
                            "Actual Rows": 329,
                            "Actual Loops": 2,
                            "Index Cond": "(person_id = 2620577)",
                            "Rows Removed by Index Recheck": 0
                          },
                          {
                            "Node Type": "Index Scan",
                            "Parent Relationship": "Inner",
                            "Parallel Aware": false,
                            "Scan Direction": "Forward",
                            "Index Name": "title_pkey",
                            "Relation Name": "title",
                            "Alias": "t",
                            "Startup Cost": 0.43,
                            "Total Cost": 8.32,
                            "Plan Rows": 1,
                            "Plan Width": 4,
                            "Actual Startup Time": 0.014,
                            "Actual Total Time": 0.014,
                            "Actual Rows": 0,
                            "Actual Loops": 658,
                            "Index Cond": "(id = ci.movie_id)",
                            "Rows Removed by Index Recheck": 0,
                            "Filter": "((kind_id < 7) AND (production_year > 1974))",
                            "Rows Removed by Filter": 1
                          }
                        ]
                      }
                    ]
                  }
                ]
              }
            ]
          }
        ]
      }
    ]
  },
  "Planning Time": 1.078,
  "Triggers": [],
  "Execution Time": 121.546
}