[
  {
    "Plan": {
      "Node Type": "Aggregate",
      "Strategy": "Plain",
      "Partial Mode": "Finalize",
      "Parallel Aware": false,
      "Startup Cost": 31869.1,
      "Total Cost": 31869.11,
      "Plan Rows": 1,
      "Plan Width": 8,
      "Actual Startup Time": 124.401,
      "Actual Total Time": 132.703,
      "Actual Rows": 1,
      "Actual Loops": 1,
      "Plans": [
        {
          "Node Type": "Gather",
          "Parent Relationship": "Outer",
          "Parallel Aware": false,
          "Startup Cost": 31868.78,
          "Total Cost": 31869.09,
          "Plan Rows": 3,
          "Plan Width": 8,
          "Actual Startup Time": 124.254,
          "Actual Total Time": 132.693,
          "Actual Rows": 4,
          "Actual Loops": 1,
          "Workers Planned": 3,
          "Workers Launched": 3,
          "Single Copy": false,
          "Plans": [
            {
              "Node Type": "Aggregate",
              "Strategy": "Plain",
              "Partial Mode": "Partial",
              "Parent Relationship": "Outer",
              "Parallel Aware": false,
              "Startup Cost": 30868.78,
              "Total Cost": 30868.79,
              "Plan Rows": 1,
              "Plan Width": 8,
              "Actual Startup Time": 117.503,
              "Actual Total Time": 117.504,
              "Actual Rows": 1,
              "Actual Loops": 4,
              "Plans": [
                {
                  "Node Type": "Seq Scan",
                  "Parent Relationship": "Outer",
                  "Parallel Aware": true,
                  "Relation Name": "movie_companies",
                  "Alias": "mc",
                  "Startup Cost": 0.0,
                  "Total Cost": 29310.68,
                  "Plan Rows": 623240,
                  "Plan Width": 0,
                  "Actual Startup Time": 0.03,
                  "Actual Total Time": 90.31,
                  "Actual Rows": 484354,
                  "Actual Loops": 4,
                  "Filter": "(company_id < 50259)",
                  "Rows Removed by Filter": 167928
                }
              ]
            }
          ]
        }
      ]
    },
    "Planning Time": 0.111,
    "Triggers": [],
    "Execution Time": 132.738
  }
]