[
  {
    "Plan": {
      "Node Type": "Aggregate",
      "Strategy": "Plain",
      "Partial Mode": "Finalize",
      "Parallel Aware": false,
      "Startup Cost": 361843.34,
      "Total Cost": 361843.35,
      "Plan Rows": 1,
      "Plan Width": 8,
      "Actual Startup Time": 502.995,
      "Actual Total Time": 568.913,
      "Actual Rows": 1,
      "Actual Loops": 1,
      "Plans": [
        {
          "Node Type": "Gather",
          "Parent Relationship": "Outer",
          "Parallel Aware": false,
          "Startup Cost": 361842.92,
          "Total Cost": 361843.33,
          "Plan Rows": 4,
          "Plan Width": 8,
          "Actual Startup Time": 502.887,
          "Actual Total Time": 568.903,
          "Actual Rows": 5,
          "Actual Loops": 1,
          "Workers Planned": 4,
          "Workers Launched": 4,
          "Single Copy": false,
          "Plans": [
            {
              "Node Type": "Aggregate",
              "Strategy": "Plain",
              "Partial Mode": "Partial",
              "Parent Relationship": "Outer",
              "Parallel Aware": false,
              "Startup Cost": 360842.92,
              "Total Cost": 360842.93,
              "Plan Rows": 1,
              "Plan Width": 8,
              "Actual Startup Time": 493.438,
              "Actual Total Time": 493.439,
              "Actual Rows": 1,
              "Actual Loops": 5,
              "Plans": [
                {
                  "Node Type": "Nested Loop",
                  "Parent Relationship": "Outer",
                  "Parallel Aware": false,
                  "Join Type": "Inner",
                  "Startup Cost": 0.56,
                  "Total Cost": 360390.98,
                  "Plan Rows": 180775,
                  "Plan Width": 0,
                  "Actual Startup Time": 0.838,
                  "Actual Total Time": 483.55,
                  "Actual Rows": 143840,
                  "Actual Loops": 5,
                  "Inner Unique": false,
                  "Plans": [
                    {
                      "Node Type": "Seq Scan",
                      "Parent Relationship": "Outer",
                      "Parallel Aware": true,
                      "Relation Name": "title",
                      "Alias": "t",
                      "Startup Cost": 0.0,
                      "Total Cost": 45479.1,
                      "Plan Rows": 12616,
                      "Plan Width": 4,
                      "Actual Startup Time": 0.215,
                      "Actual Total Time": 72.693,
                      "Actual Rows": 8802,
                      "Actual Loops": 5,
                      "Filter": "((kind_id < 7) AND (production_year = 2009))",
                      "Rows Removed by Filter": 496860
                    },
                    {
                      "Node Type": "Index Only Scan",
                      "Parent Relationship": "Inner",
                      "Parallel Aware": false,
                      "Scan Direction": "Forward",
                      "Index Name": "movie_id_cast_info",
                      "Relation Name": "cast_info",
                      "Alias": "ci",
                      "Startup Cost": 0.56,
                      "Total Cost": 24.59,
                      "Plan Rows": 37,
                      "Plan Width": 4,
                      "Actual Startup Time": 0.01,
                      "Actual Total Time": 0.045,
                      "Actual Rows": 16,
                      "Actual Loops": 44012,
                      "Index Cond": "(movie_id = t.id)",
                      "Rows Removed by Index Recheck": 0,
                      "Heap Fetches": 719198
                    }
                  ]
                }
              ]
            }
          ]
        }
      ]
    },
    "Planning Time": 0.629,
    "Triggers": [],
    "Execution Time": 569.014
  }
]