[
  {
    "Plan": {
      "Node Type": "Aggregate",
      "Strategy": "Plain",
      "Partial Mode": "Finalize",
      "Parallel Aware": false,
      "Startup Cost": 44659.39,
      "Total Cost": 44659.4,
      "Plan Rows": 1,
      "Plan Width": 8,
      "Actual Startup Time": 139.121,
      "Actual Total Time": 146.708,
      "Actual Rows": 1,
      "Actual Loops": 1,
      "Plans": [
        {
          "Node Type": "Gather",
          "Parent Relationship": "Outer",
          "Parallel Aware": false,
          "Startup Cost": 44659.07,
          "Total Cost": 44659.38,
          "Plan Rows": 3,
          "Plan Width": 8,
          "Actual Startup Time": 139.031,
          "Actual Total Time": 146.702,
          "Actual Rows": 4,
          "Actual Loops": 1,
          "Workers Planned": 3,
          "Workers Launched": 3,
          "Single Copy": false,
          "Plans": [
            {
              "Node Type": "Aggregate",
              "Strategy": "Plain",
              "Partial Mode": "Partial",
              "Parent Relationship": "Outer",
              "Parallel Aware": false,
              "Startup Cost": 43659.07,
              "Total Cost": 43659.08,
              "Plan Rows": 1,
              "Plan Width": 8,
              "Actual Startup Time": 134.464,
              "Actual Total Time": 134.465,
              "Actual Rows": 1,
              "Actual Loops": 4,
              "Plans": [
                {
                  "Node Type": "Seq Scan",
                  "Parent Relationship": "Outer",
                  "Parallel Aware": true,
                  "Relation Name": "movie_keyword",
                  "Alias": "mk",
                  "Startup Cost": 0.0,
                  "Total Cost": 42695.65,
                  "Plan Rows": 385367,
                  "Plan Width": 0,
                  "Actual Startup Time": 0.128,
                  "Actual Total Time": 116.151,
                  "Actual Rows": 297465,
                  "Actual Loops": 4,
                  "Filter": "(keyword_id < 1420)",
                  "Rows Removed by Filter": 833517
                }
              ]
            }
          ]
        }
      ]
    },
    "Planning Time": 0.055,
    "Triggers": [],
    "Execution Time": 146.732
  }
]