[
  {
    "Plan": {
      "Node Type": "Aggregate",
      "Strategy": "Plain",
      "Partial Mode": "Finalize",
      "Parallel Aware": false,
      "Startup Cost": 44641.51,
      "Total Cost": 44641.52,
      "Plan Rows": 1,
      "Plan Width": 8,
      "Actual Startup Time": 146.302,
      "Actual Total Time": 157.102,
      "Actual Rows": 1,
      "Actual Loops": 1,
      "Plans": [
        {
          "Node Type": "Gather",
          "Parent Relationship": "Outer",
          "Parallel Aware": false,
          "Startup Cost": 44641.19,
          "Total Cost": 44641.5,
          "Plan Rows": 3,
          "Plan Width": 8,
          "Actual Startup Time": 146.189,
          "Actual Total Time": 157.092,
          "Actual Rows": 4,
          "Actual Loops": 1,
          "Workers Planned": 3,
          "Workers Launched": 3,
          "Single Copy": false,
          "Plans": [
            {
              "Node Type": "Aggregate",
              "Strategy": "Plain",
              "Partial Mode": "Partial",
              "Parent Relationship": "Outer",
              "Parallel Aware": false,
              "Startup Cost": 43641.19,
              "Total Cost": 43641.2,
              "Plan Rows": 1,
              "Plan Width": 8,
              "Actual Startup Time": 138.607,
              "Actual Total Time": 138.609,
              "Actual Rows": 1,
              "Actual Loops": 4,
              "Plans": [
                {
                  "Node Type": "Seq Scan",
                  "Parent Relationship": "Outer",
                  "Parallel Aware": true,
                  "Relation Name": "movie_keyword",
                  "Alias": "mk",
                  "Startup Cost": 0.0,
                  "Total Cost": 42695.65,
                  "Plan Rows": 378215,
                  "Plan Width": 0,
                  "Actual Startup Time": 0.064,
                  "Actual Total Time": 121.528,
                  "Actual Rows": 297465,
                  "Actual Loops": 4,
                  "Filter": "(keyword_id < 1420)",
                  "Rows Removed by Filter": 833517
                }
              ]
            }
          ]
        }
      ]
    },
    "Planning Time": 0.224,
    "Triggers": [],
    "Execution Time": 157.161
  }
]