[
  {
    "Bao": {
      "Bao prediction": 1761.028,
      "Bao recommended hint": "SET enable_nestloop TO off; SET enable_mergejoin TO off; SET enable_indexscan TO off; "
    }
  },
  {
    "Plan": {
      "Node Type": "Aggregate",
      "Strategy": "Plain",
      "Partial Mode": "Simple",
      "Parallel Aware": false,
      "Startup Cost": 190390.89,
      "Total Cost": 190390.9,
      "Plan Rows": 1,
      "Plan Width": 192,
      "Actual Startup Time": 628.818,
      "Actual Total Time": 655.01,
      "Actual Rows": 1,
      "Actual Loops": 1,
      "Plans": [
        {
          "Node Type": "Hash Join",
          "Parent Relationship": "Outer",
          "Parallel Aware": false,
          "Join Type": "Inner",
          "Startup Cost": 145703.41,
          "Total Cost": 190390.88,
          "Plan Rows": 1,
          "Plan Width": 84,
          "Actual Startup Time": 627.447,
          "Actual Total Time": 654.993,
          "Actual Rows": 4,
          "Actual Loops": 1,
          "Inner Unique": true,
          "Hash Cond": "(t2.kind_id = kt2.id)",
          "Plans": [
            {
              "Node Type": "Hash Join",
              "Parent Relationship": "Outer",
              "Parallel Aware": false,
              "Join Type": "Inner",
              "Startup Cost": 145702.31,
              "Total Cost": 190389.78,
              "Plan Rows": 1,
              "Plan Width": 88,
              "Actual Startup Time": 627.361,
              "Actual Total Time": 654.904,
              "Actual Rows": 4,
              "Actual Loops": 1,
              "Inner Unique": true,
              "Hash Cond": "(t1.kind_id = kt1.id)",
              "Plans": [
                {
                  "Node Type": "Gather",
                  "Parent Relationship": "Outer",
                  "Parallel Aware": false,
                  "Startup Cost": 145701.21,
                  "Total Cost": 190388.67,
                  "Plan Rows": 1,
                  "Plan Width": 92,
                  "Actual Startup Time": 627.322,
                  "Actual Total Time": 654.858,
                  "Actual Rows": 4,
                  "Actual Loops": 1,
                  "Workers Planned": 4,
                  "Workers Launched": 4,
                  "Single Copy": false,
                  "Plans": [
                    {
                      "Node Type": "Hash Join",
                      "Parent Relationship": "Outer",
                      "Parallel Aware": true,
                      "Join Type": "Inner",
                      "Startup Cost": 144701.21,
                      "Total Cost": 189388.57,
                      "Plan Rows": 1,
                      "Plan Width": 92,
                      "Actual Startup Time": 597.464,
                      "Actual Total Time": 615.884,
                      "Actual Rows": 1,
                      "Actual Loops": 5,
                      "Inner Unique": false,
                      "Hash Cond": "(t1.id = ml.movie_id)",
                      "Plans": [
                        {
                          "Node Type": "Seq Scan",
                          "Parent Relationship": "Outer",
                          "Parallel Aware": true,
                          "Relation Name": "title",
                          "Alias": "t1",
                          "Startup Cost": 0.0,
                          "Total Cost": 42317.53,
                          "Plan Rows": 631953,
                          "Plan Width": 25,
                          "Actual Startup Time": 0.007,
                          "Actual Total Time": 54.156,
                          "Actual Rows": 505662,
                          "Actual Loops": 5
                        },
                        {
                          "Node Type": "Hash",
                          "Parent Relationship": "Inner",
                          "Parallel Aware": true,
                          "Startup Cost": 144701.2,
                          "Total Cost": 144701.2,
                          "Plan Rows": 1,
                          "Plan Width": 83,
                          "Actual Startup Time": 518.902,
                          "Actual Total Time": 518.929,
                          "Actual Rows": 1,
                          "Actual Loops": 5,
                          "Hash Buckets": 1024,
                          "Original Hash Buckets": 1024,
                          "Hash Batches": 1,
                          "Original Hash Batches": 1,
                          "Peak Memory Usage": 104,
                          "Plans": [
                            {
                              "Node Type": "Hash Join",
                              "Parent Relationship": "Outer",
                              "Parallel Aware": true,
                              "Join Type": "Inner",
                              "Startup Cost": 139805.48,
                              "Total Cost": 144701.2,
                              "Plan Rows": 1,
                              "Plan Width": 83,
                              "Actual Startup Time": 513.219,
                              "Actual Total Time": 518.828,
                              "Actual Rows": 1,
                              "Actual Loops": 5,
                              "Inner Unique": false,
                              "Hash Cond": "(cn2.id = mc2.company_id)",
                              "Plans": [
                                {
                                  "Node Type": "Seq Scan",
                                  "Parent Relationship": "Outer",
                                  "Parallel Aware": true,
                                  "Relation Name": "company_name",
                                  "Alias": "cn2",
                                  "Startup Cost": 0.0,
                                  "Total Cost": 4377.34,
                                  "Plan Rows": 138234,
                                  "Plan Width": 23,
                                  "Actual Startup Time": 0.006,
                                  "Actual Total Time": 6.277,
                                  "Actual Rows": 46999,
                                  "Actual Loops": 5
                                },
                                {
                                  "Node Type": "Hash",
                                  "Parent Relationship": "Inner",
                                  "Parallel Aware": true,
                                  "Startup Cost": 139805.46,
                                  "Total Cost": 139805.46,
                                  "Plan Rows": 1,
                                  "Plan Width": 68,
                                  "Actual Startup Time": 508.369,
                                  "Actual Total Time": 508.393,
                                  "Actual Rows": 1,
                                  "Actual Loops": 5,
                                  "Hash Buckets": 1024,
                                  "Original Hash Buckets": 1024,
                                  "Hash Batches": 1,
                                  "Original Hash Batches": 1,
                                  "Peak Memory Usage": 40,
                                  "Plans": [
                                    {
                                      "Node Type": "Hash Join",
                                      "Parent Relationship": "Outer",
                                      "Parallel Aware": true,
                                      "Join Type": "Inner",
                                      "Startup Cost": 110358.07,
                                      "Total Cost": 139805.46,
                                      "Plan Rows": 1,
                                      "Plan Width": 68,
                                      "Actual Startup Time": 487.379,
                                      "Actual Total Time": 508.323,
                                      "Actual Rows": 1,
                                      "Actual Loops": 5,
                                      "Inner Unique": false,
                                      "Hash Cond": "(mc1.movie_id = ml.movie_id)",
                                      "Plans": [
                                        {
                                          "Node Type": "Hash Join",
                                          "Parent Relationship": "Outer",
                                          "Parallel Aware": true,
                                          "Join Type": "Inner",
                                          "Startup Cost": 4740.14,
                                          "Total Cost": 34156.08,
                                          "Plan Rows": 8388,
                                          "Plan Width": 23,
                                          "Actual Startup Time": 9.622,
                                          "Actual Total Time": 113.671,
                                          "Actual Rows": 11282,
                                          "Actual Loops": 5,
                                          "Inner Unique": true,
                                          "Hash Cond": "(mc1.company_id = cn1.id)",
                                          "Plans": [
                                            {
                                              "Node Type": "Seq Scan",
                                              "Parent Relationship": "Outer",
                                              "Parallel Aware": true,
                                              "Relation Name": "movie_companies",
                                              "Alias": "mc1",
                                              "Startup Cost": 0.0,
                                              "Total Cost": 27206.55,
                                              "Plan Rows": 841655,
                                              "Plan Width": 8,
                                              "Actual Startup Time": 0.01,
                                              "Actual Total Time": 48.114,
                                              "Actual Rows": 521826,
                                              "Actual Loops": 5
                                            },
                                            {
                                              "Node Type": "Hash",
                                              "Parent Relationship": "Inner",
                                              "Parallel Aware": true,
                                              "Startup Cost": 4722.92,
                                              "Total Cost": 4722.92,
                                              "Plan Rows": 1378,
                                              "Plan Width": 23,
                                              "Actual Startup Time": 9.488,
                                              "Actual Total Time": 9.489,
                                              "Actual Rows": 468,
                                              "Actual Loops": 5,
                                              "Hash Buckets": 4096,
                                              "Original Hash Buckets": 4096,
                                              "Hash Batches": 1,
                                              "Original Hash Batches": 1,
                                              "Peak Memory Usage": 224,
                                              "Plans": [
                                                {
                                                  "Node Type": "Seq Scan",
                                                  "Parent Relationship": "Outer",
                                                  "Parallel Aware": true,
                                                  "Relation Name": "company_name",
                                                  "Alias": "cn1",
                                                  "Startup Cost": 0.0,
                                                  "Total Cost": 4722.92,
                                                  "Plan Rows": 1378,
                                                  "Plan Width": 23,
                                                  "Actual Startup Time": 0.027,
                                                  "Actual Total Time": 9.04,
                                                  "Actual Rows": 468,
                                                  "Actual Loops": 5,
                                                  "Filter": "((country_code)::text = '[nl]'::text)",
                                                  "Rows Removed by Filter": 46531
                                                }
                                              ]
                                            }
                                          ]
                                        },
                                        {
                                          "Node Type": "Hash",
                                          "Parent Relationship": "Inner",
                                          "Parallel Aware": true,
                                          "Startup Cost": 105617.91,
                                          "Total Cost": 105617.91,
                                          "Plan Rows": 1,
                                          "Plan Width": 45,
                                          "Actual Startup Time": 393.635,
                                          "Actual Total Time": 393.652,
                                          "Actual Rows": 1,
                                          "Actual Loops": 5,
                                          "Hash Buckets": 1024,
                                          "Original Hash Buckets": 1024,
                                          "Hash Batches": 1,
                                          "Original Hash Batches": 1,
                                          "Peak Memory Usage": 104,
                                          "Plans": [
                                            {
                                              "Node Type": "Hash Join",
                                              "Parent Relationship": "Outer",
                                              "Parallel Aware": true,
                                              "Join Type": "Inner",
                                              "Startup Cost": 76051.56,
                                              "Total Cost": 105617.91,
                                              "Plan Rows": 1,
                                              "Plan Width": 45,
                                              "Actual Startup Time": 336.396,
                                              "Actual Total Time": 393.388,
                                              "Actual Rows": 1,
                                              "Actual Loops": 5,
                                              "Inner Unique": false,
                                              "Hash Cond": "(t2.id = ml.linked_movie_id)",
                                              "Plans": [
                                                {
                                                  "Node Type": "Hash Join",
                                                  "Parent Relationship": "Outer",
                                                  "Parallel Aware": true,
                                                  "Join Type": "Inner",
                                                  "Startup Cost": 44273.95,
                                                  "Total Cost": 73689.84,
                                                  "Plan Rows": 40119,
                                                  "Plan Width": 33,
                                                  "Actual Startup Time": 99.616,
                                                  "Actual Total Time": 244.284,
                                                  "Actual Rows": 20101,
                                                  "Actual Loops": 5,
                                                  "Inner Unique": true,
                                                  "Hash Cond": "(mc2.movie_id = t2.id)",
                                                  "Plans": [
                                                    {
                                                      "Node Type": "Seq Scan",
                                                      "Parent Relationship": "Outer",
                                                      "Parallel Aware": true,
                                                      "Relation Name": "movie_companies",
                                                      "Alias": "mc2",
                                                      "Startup Cost": 0.0,
                                                      "Total Cost": 27206.55,
                                                      "Plan Rows": 841655,
                                                      "Plan Width": 8,
                                                      "Actual Startup Time": 0.036,
                                                      "Actual Total Time": 61.825,
                                                      "Actual Rows": 521826,
                                                      "Actual Loops": 5
                                                    },
                                                    {
                                                      "Node Type": "Hash",
                                                      "Parent Relationship": "Inner",
                                                      "Parallel Aware": true,
                                                      "Startup Cost": 43897.41,
                                                      "Total Cost": 43897.41,
                                                      "Plan Rows": 30123,
                                                      "Plan Width": 25,
                                                      "Actual Startup Time": 99.154,
                                                      "Actual Total Time": 99.154,
                                                      "Actual Rows": 23913,
                                                      "Actual Loops": 5,
                                                      "Hash Buckets": 131072,
                                                      "Original Hash Buckets": 131072,
                                                      "Hash Batches": 1,
                                                      "Original Hash Batches": 1,
                                                      "Peak Memory Usage": 8096,
                                                      "Plans": [
                                                        {
                                                          "Node Type": "Seq Scan",
                                                          "Parent Relationship": "Outer",
                                                          "Parallel Aware": true,
                                                          "Relation Name": "title",
                                                          "Alias": "t2",
                                                          "Startup Cost": 0.0,
                                                          "Total Cost": 43897.41,
                                                          "Plan Rows": 30123,
                                                          "Plan Width": 25,
                                                          "Actual Startup Time": 0.025,
                                                          "Actual Total Time": 86.605,
                                                          "Actual Rows": 23913,
                                                          "Actual Loops": 5,
                                                          "Filter": "(production_year = 2007)",
                                                          "Rows Removed by Filter": 481749
                                                        }
                                                      ]
                                                    }
                                                  ]
                                                },
                                                {
                                                  "Node Type": "Hash",
                                                  "Parent Relationship": "Inner",
                                                  "Parallel Aware": true,
                                                  "Startup Cost": 31777.6,
                                                  "Total Cost": 31777.6,
                                                  "Plan Rows": 1,
                                                  "Plan Width": 28,
                                                  "Actual Startup Time": 147.152,
                                                  "Actual Total Time": 147.165,
                                                  "Actual Rows": 6,
                                                  "Actual Loops": 5,
                                                  "Hash Buckets": 1024,
                                                  "Original Hash Buckets": 1024,
                                                  "Hash Batches": 1,
                                                  "Original Hash Batches": 1,
                                                  "Peak Memory Usage": 168,
                                                  "Plans": [
                                                    {
                                                      "Node Type": "Hash Join",
                                                      "Parent Relationship": "Outer",
                                                      "Parallel Aware": true,
                                                      "Join Type": "Inner",
                                                      "Startup Cost": 16507.33,
                                                      "Total Cost": 31777.6,
                                                      "Plan Rows": 1,
                                                      "Plan Width": 28,
                                                      "Actual Startup Time": 77.765,
                                                      "Actual Total Time": 146.945,
                                                      "Actual Rows": 6,
                                                      "Actual Loops": 5,
                                                      "Inner Unique": false,
                                                      "Hash Cond": "(mi_idx1.movie_id = ml.movie_id)",
                                                      "Plans": [
                                                        {
                                                          "Node Type": "Hash Join",
                                                          "Parent Relationship": "Outer",
                                                          "Parallel Aware": false,
                                                          "Join Type": "Inner",
                                                          "Startup Cost": 2.43,
                                                          "Total Cost": 15253.6,
                                                          "Plan Rows": 5089,
                                                          "Plan Width": 10,
                                                          "Actual Startup Time": 0.079,
                                                          "Actual Total Time": 63.344,
                                                          "Actual Rows": 91985,
                                                          "Actual Loops": 5,
                                                          "Inner Unique": true,
                                                          "Hash Cond": "(mi_idx1.info_type_id = it1.id)",
                                                          "Plans": [
                                                            {
                                                              "Node Type": "Seq Scan",
                                                              "Parent Relationship": "Outer",
                                                              "Parallel Aware": true,
                                                              "Relation Name": "movie_info_idx",
                                                              "Alias": "mi_idx1",
                                                              "Startup Cost": 0.0,
                                                              "Total Cost": 13685.15,
                                                              "Plan Rows": 575015,
                                                              "Plan Width": 14,
                                                              "Actual Startup Time": 0.023,
                                                              "Actual Total Time": 26.759,
                                                              "Actual Rows": 276007,
                                                              "Actual Loops": 5
                                                            },
                                                            {
                                                              "Node Type": "Hash",
                                                              "Parent Relationship": "Inner",
                                                              "Parallel Aware": false,
                                                              "Startup Cost": 2.41,
                                                              "Total Cost": 2.41,
                                                              "Plan Rows": 1,
                                                              "Plan Width": 4,
                                                              "Actual Startup Time": 0.027,
                                                              "Actual Total Time": 0.028,
                                                              "Actual Rows": 1,
                                                              "Actual Loops": 5,
                                                              "Hash Buckets": 1024,
                                                              "Original Hash Buckets": 1024,
                                                              "Hash Batches": 1,
                                                              "Original Hash Batches": 1,
                                                              "Peak Memory Usage": 9,
                                                              "Plans": [
                                                                {
                                                                  "Node Type": "Seq Scan",
                                                                  "Parent Relationship": "Outer",
                                                                  "Parallel Aware": false,
                                                                  "Relation Name": "info_type",
                                                                  "Alias": "it1",
                                                                  "Startup Cost": 0.0,
                                                                  "Total Cost": 2.41,
                                                                  "Plan Rows": 1,
                                                                  "Plan Width": 4,
                                                                  "Actual Startup Time": 0.019,
                                                                  "Actual Total Time": 0.021,
                                                                  "Actual Rows": 1,
                                                                  "Actual Loops": 5,
                                                                  "Filter": "((info)::text = 'rating'::text COLLATE \"C\")",
                                                                  "Rows Removed by Filter": 112
                                                                }
                                                              ]
                                                            }
                                                          ]
                                                        },
                                                        {
                                                          "Node Type": "Hash",
                                                          "Parent Relationship": "Inner",
                                                          "Parallel Aware": true,
                                                          "Startup Cost": 16504.8,
                                                          "Total Cost": 16504.8,
                                                          "Plan Rows": 9,
                                                          "Plan Width": 18,
                                                          "Actual Startup Time": 76.487,
                                                          "Actual Total Time": 76.495,
                                                          "Actual Rows": 7,
                                                          "Actual Loops": 5,
                                                          "Hash Buckets": 1024,
                                                          "Original Hash Buckets": 1024,
                                                          "Hash Batches": 1,
                                                          "Original Hash Batches": 1,
                                                          "Peak Memory Usage": 168,
                                                          "Plans": [
                                                            {
                                                              "Node Type": "Hash Join",
                                                              "Parent Relationship": "Outer",
                                                              "Parallel Aware": false,
                                                              "Join Type": "Inner",
                                                              "Startup Cost": 584.73,
                                                              "Total Cost": 16504.8,
                                                              "Plan Rows": 9,
                                                              "Plan Width": 18,
                                                              "Actual Startup Time": 28.423,
                                                              "Actual Total Time": 76.424,
                                                              "Actual Rows": 7,
                                                              "Actual Loops": 5,
                                                              "Inner Unique": false,
                                                              "Hash Cond": "(mi_idx2.movie_id = ml.linked_movie_id)",
                                                              "Plans": [
                                                                {
                                                                  "Node Type": "Hash Join",
                                                                  "Parent Relationship": "Outer",
                                                                  "Parallel Aware": false,
                                                                  "Join Type": "Inner",
                                                                  "Startup Cost": 2.43,
                                                                  "Total Cost": 15894.28,
                                                                  "Plan Rows": 2499,
                                                                  "Plan Width": 10,
                                                                  "Actual Startup Time": 0.271,
                                                                  "Actual Total Time": 61.978,
                                                                  "Actual Rows": 5118,
                                                                  "Actual Loops": 5,
                                                                  "Inner Unique": true,
                                                                  "Hash Cond": "(mi_idx2.info_type_id = it2.id)",
                                                                  "Plans": [
                                                                    {
                                                                      "Node Type": "Seq Scan",
                                                                      "Parent Relationship": "Outer",
                                                                      "Parallel Aware": true,
                                                                      "Relation Name": "movie_info_idx",
                                                                      "Alias": "mi_idx2",
                                                                      "Startup Cost": 0.0,
                                                                      "Total Cost": 15122.68,
                                                                      "Plan Rows": 282429,
                                                                      "Plan Width": 14,
                                                                      "Actual Startup Time": 0.066,
                                                                      "Actual Total Time": 50.736,
                                                                      "Actual Rows": 134966,
                                                                      "Actual Loops": 5,
                                                                      "Filter": "(info < '3.0'::text)",
                                                                      "Rows Removed by Filter": 141041
                                                                    },
                                                                    {
                                                                      "Node Type": "Hash",
                                                                      "Parent Relationship": "Inner",
                                                                      "Parallel Aware": false,
                                                                      "Startup Cost": 2.41,
                                                                      "Total Cost": 2.41,
                                                                      "Plan Rows": 1,
                                                                      "Plan Width": 4,
                                                                      "Actual Startup Time": 0.093,
                                                                      "Actual Total Time": 0.094,
                                                                      "Actual Rows": 1,
                                                                      "Actual Loops": 5,
                                                                      "Hash Buckets": 1024,
                                                                      "Original Hash Buckets": 1024,
                                                                      "Hash Batches": 1,
                                                                      "Original Hash Batches": 1,
                                                                      "Peak Memory Usage": 9,
                                                                      "Plans": [
                                                                        {
                                                                          "Node Type": "Seq Scan",
                                                                          "Parent Relationship": "Outer",
                                                                          "Parallel Aware": false,
                                                                          "Relation Name": "info_type",
                                                                          "Alias": "it2",
                                                                          "Startup Cost": 0.0,
                                                                          "Total Cost": 2.41,
                                                                          "Plan Rows": 1,
                                                                          "Plan Width": 4,
                                                                          "Actual Startup Time": 0.074,
                                                                          "Actual Total Time": 0.08,
                                                                          "Actual Rows": 1,
                                                                          "Actual Loops": 5,
                                                                          "Filter": "((info)::text = 'rating'::text COLLATE \"C\")",
                                                                          "Rows Removed by Filter": 112
                                                                        }
                                                                      ]
                                                                    }
                                                                  ]
                                                                },
                                                                {
                                                                  "Node Type": "Hash",
                                                                  "Parent Relationship": "Inner",
                                                                  "Parallel Aware": false,
                                                                  "Startup Cost": 561.48,
                                                                  "Total Cost": 561.48,
                                                                  "Plan Rows": 1666,
                                                                  "Plan Width": 8,
                                                                  "Actual Startup Time": 13.52,
                                                                  "Actual Total Time": 13.523,
                                                                  "Actual Rows": 2315,
                                                                  "Actual Loops": 5,
                                                                  "Hash Buckets": 4096,
                                                                  "Original Hash Buckets": 2048,
                                                                  "Hash Batches": 1,
                                                                  "Original Hash Batches": 1,
                                                                  "Peak Memory Usage": 123,
                                                                  "Plans": [
                                                                    {
                                                                      "Node Type": "Hash Join",
                                                                      "Parent Relationship": "Outer",
                                                                      "Parallel Aware": false,
                                                                      "Join Type": "Inner",
                                                                      "Startup Cost": 1.24,
                                                                      "Total Cost": 561.48,
                                                                      "Plan Rows": 1666,
                                                                      "Plan Width": 8,
                                                                      "Actual Startup Time": 0.195,
                                                                      "Actual Total Time": 12.682,
                                                                      "Actual Rows": 2315,
                                                                      "Actual Loops": 5,
                                                                      "Inner Unique": true,
                                                                      "Hash Cond": "(ml.link_type_id = lt.id)",
                                                                      "Plans": [
                                                                        {
                                                                          "Node Type": "Seq Scan",
                                                                          "Parent Relationship": "Outer",
                                                                          "Parallel Aware": false,
                                                                          "Relation Name": "movie_link",
                                                                          "Alias": "ml",
                                                                          "Startup Cost": 0.0,
                                                                          "Total Cost": 462.97,
                                                                          "Plan Rows": 29997,
                                                                          "Plan Width": 12,
                                                                          "Actual Startup Time": 0.061,
                                                                          "Actual Total Time": 6.786,
                                                                          "Actual Rows": 29997,
                                                                          "Actual Loops": 5
                                                                        },
                                                                        {
                                                                          "Node Type": "Hash",
                                                                          "Parent Relationship": "Inner",
                                                                          "Parallel Aware": false,
                                                                          "Startup Cost": 1.23,
                                                                          "Total Cost": 1.23,
                                                                          "Plan Rows": 1,
                                                                          "Plan Width": 4,
                                                                          "Actual Startup Time": 0.07,
                                                                          "Actual Total Time": 0.07,
                                                                          "Actual Rows": 2,
                                                                          "Actual Loops": 5,
                                                                          "Hash Buckets": 1024,
                                                                          "Original Hash Buckets": 1024,
                                                                          "Hash Batches": 1,
                                                                          "Original Hash Batches": 1,
                                                                          "Peak Memory Usage": 9,
                                                                          "Plans": [
                                                                            {
                                                                              "Node Type": "Seq Scan",
                                                                              "Parent Relationship": "Outer",
                                                                              "Parallel Aware": false,
                                                                              "Relation Name": "link_type",
                                                                              "Alias": "lt",
                                                                              "Startup Cost": 0.0,
                                                                              "Total Cost": 1.23,
                                                                              "Plan Rows": 1,
                                                                              "Plan Width": 4,
                                                                              "Actual Startup Time": 0.039,
                                                                              "Actual Total Time": 0.049,
                                                                              "Actual Rows": 2,
                                                                              "Actual Loops": 5,
                                                                              "Filter": "((link)::text ~~ '%follow%'::text)",
                                                                              "Rows Removed by Filter": 16
                                                                            }
                                                                          ]
                                                                        }
                                                                      ]
                                                                    }
                                                                  ]
                                                                }
                                                              ]
                                                            }
                                                          ]
                                                        }
                                                      ]
                                                    }
                                                  ]
                                                }
                                              ]
                                            }
                                          ]
                                        }
                                      ]
                                    }
                                  ]
                                }
                              ]
                            }
                          ]
                        }
                      ]
                    }
                  ]
                },
                {
                  "Node Type": "Hash",
                  "Parent Relationship": "Inner",
                  "Parallel Aware": false,
                  "Startup Cost": 1.09,
                  "Total Cost": 1.09,
                  "Plan Rows": 1,
                  "Plan Width": 4,
                  "Actual Startup Time": 0.012,
                  "Actual Total Time": 0.014,
                  "Actual Rows": 1,
                  "Actual Loops": 1,
                  "Hash Buckets": 1024,
                  "Original Hash Buckets": 1024,
                  "Hash Batches": 1,
                  "Original Hash Batches": 1,
                  "Peak Memory Usage": 9,
                  "Plans": [
                    {
                      "Node Type": "Seq Scan",
                      "Parent Relationship": "Outer",
                      "Parallel Aware": false,
                      "Relation Name": "kind_type",
                      "Alias": "kt1",
                      "Startup Cost": 0.0,
                      "Total Cost": 1.09,
                      "Plan Rows": 1,
                      "Plan Width": 4,
                      "Actual Startup Time": 0.005,
                      "Actual Total Time": 0.008,
                      "Actual Rows": 1,
                      "Actual Loops": 1,
                      "Filter": "((kind)::text = 'tv series'::text COLLATE \"C\")",
                      "Rows Removed by Filter": 6
                    }
                  ]
                }
              ]
            },
            {
              "Node Type": "Hash",
              "Parent Relationship": "Inner",
              "Parallel Aware": false,
              "Startup Cost": 1.09,
              "Total Cost": 1.09,
              "Plan Rows": 1,
              "Plan Width": 4,
              "Actual Startup Time": 0.029,
              "Actual Total Time": 0.03,
              "Actual Rows": 1,
              "Actual Loops": 1,
              "Hash Buckets": 1024,
              "Original Hash Buckets": 1024,
              "Hash Batches": 1,
              "Original Hash Batches": 1,
              "Peak Memory Usage": 9,
              "Plans": [
                {
                  "Node Type": "Seq Scan",
                  "Parent Relationship": "Outer",
                  "Parallel Aware": false,
                  "Relation Name": "kind_type",
                  "Alias": "kt2",
                  "Startup Cost": 0.0,
                  "Total Cost": 1.09,
                  "Plan Rows": 1,
                  "Plan Width": 4,
                  "Actual Startup Time": 0.017,
                  "Actual Total Time": 0.019,
                  "Actual Rows": 1,
                  "Actual Loops": 1,
                  "Filter": "((kind)::text = 'tv series'::text COLLATE \"C\")",
                  "Rows Removed by Filter": 6
                }
              ]
            }
          ]
        }
      ]
    },
    "Planning Time": 7306.979,
    "Triggers": [],
    "Execution Time": 655.751
  }
]