[
  {
    "Plan": {
      "Node Type": "Aggregate",
      "Strategy": "Plain",
      "Partial Mode": "Finalize",
      "Parallel Aware": false,
      "Startup Cost": 286194.19,
      "Total Cost": 286194.2,
      "Plan Rows": 1,
      "Plan Width": 8,
      "Actual Startup Time": 923.587,
      "Actual Total Time": 973.959,
      "Actual Rows": 1,
      "Actual Loops": 1,
      "Plans": [
        {
          "Node Type": "Gather",
          "Parent Relationship": "Outer",
          "Parallel Aware": false,
          "Startup Cost": 286193.66,
          "Total Cost": 286194.17,
          "Plan Rows": 5,
          "Plan Width": 8,
          "Actual Startup Time": 919.001,
          "Actual Total Time": 973.932,
          "Actual Rows": 6,
          "Actual Loops": 1,
          "Workers Planned": 5,
          "Workers Launched": 5,
          "Single Copy": false,
          "Plans": [
            {
              "Node Type": "Aggregate",
              "Strategy": "Plain",
              "Partial Mode": "Partial",
              "Parent Relationship": "Outer",
              "Parallel Aware": false,
              "Startup Cost": 285193.66,
              "Total Cost": 285193.67,
              "Plan Rows": 1,
              "Plan Width": 8,
              "Actual Startup Time": 908.671,
              "Actual Total Time": 908.779,
              "Actual Rows": 1,
              "Actual Loops": 6,
              "Plans": [
                {
                  "Node Type": "Hash Join",
                  "Parent Relationship": "Outer",
                  "Parallel Aware": true,
                  "Join Type": "Inner",
                  "Startup Cost": 79784.45,
                  "Total Cost": 283988.1,
                  "Plan Rows": 482225,
                  "Plan Width": 0,
                  "Actual Startup Time": 251.551,
                  "Actual Total Time": 893.455,
                  "Actual Rows": 304693,
                  "Actual Loops": 6,
                  "Inner Unique": false,
                  "Hash Cond": "(mi.movie_id = t.id)",
                  "Plans": [
                    {
                      "Node Type": "Seq Scan",
                      "Parent Relationship": "Outer",
                      "Parallel Aware": true,
                      "Relation Name": "movie_info",
                      "Alias": "mi",
                      "Startup Cost": 0.0,
                      "Total Cost": 191560.33,
                      "Plan Rows": 2956733,
                      "Plan Width": 4,
                      "Actual Startup Time": 0.023,
                      "Actual Total Time": 320.229,
                      "Actual Rows": 2472620,
                      "Actual Loops": 6
                    },
                    {
                      "Node Type": "Hash",
                      "Parent Relationship": "Inner",
                      "Parallel Aware": true,
                      "Startup Cost": 78121.75,
                      "Total Cost": 78121.75,
                      "Plan Rows": 133016,
                      "Plan Width": 8,
                      "Actual Startup Time": 248.296,
                      "Actual Total Time": 248.403,
                      "Actual Rows": 32552,
                      "Actual Loops": 6,
                      "Hash Buckets": 524288,
                      "Original Hash Buckets": 524288,
                      "Hash Batches": 1,
                      "Original Hash Batches": 1,
                      "Peak Memory Usage": 11808,
                      "Plans": [
                        {
                          "Node Type": "Hash Join",
                          "Parent Relationship": "Outer",
                          "Parallel Aware": true,
                          "Join Type": "Inner",
                          "Startup Cost": 47015.52,
                          "Total Cost": 78121.75,
                          "Plan Rows": 133016,
                          "Plan Width": 8,
                          "Actual Startup Time": 123.423,
                          "Actual Total Time": 236.491,
                          "Actual Rows": 32552,
                          "Actual Loops": 6,
                          "Inner Unique": true,
                          "Hash Cond": "(mc.movie_id = t.id)",
                          "Plans": [
                            {
                              "Node Type": "Seq Scan",
                              "Parent Relationship": "Outer",
                              "Parallel Aware": true,
                              "Relation Name": "movie_companies",
                              "Alias": "mc",
                              "Startup Cost": 0.0,
                              "Total Cost": 29310.68,
                              "Plan Rows": 684018,
                              "Plan Width": 4,
                              "Actual Startup Time": 0.091,
                              "Actual Total Time": 56.344,
                              "Actual Rows": 353435,
                              "Actual Loops": 6,
                              "Filter": "(company_id > 426)",
                              "Rows Removed by Filter": 81420
                            },
                            {
                              "Node Type": "Hash",
                              "Parent Relationship": "Inner",
                              "Parallel Aware": true,
                              "Startup Cost": 45479.1,
                              "Total Cost": 45479.1,
                              "Plan Rows": 122914,
                              "Plan Width": 4,
                              "Actual Startup Time": 121.613,
                              "Actual Total Time": 121.614,
                              "Actual Rows": 60277,
                              "Actual Loops": 6,
                              "Hash Buckets": 524288,
                              "Original Hash Buckets": 524288,
                              "Hash Batches": 1,
                              "Original Hash Batches": 1,
                              "Peak Memory Usage": 18368,
                              "Plans": [
                                {
                                  "Node Type": "Seq Scan",
                                  "Parent Relationship": "Outer",
                                  "Parallel Aware": true,
                                  "Relation Name": "title",
                                  "Alias": "t",
                                  "Startup Cost": 0.0,
                                  "Total Cost": 45479.1,
                                  "Plan Rows": 122914,
                                  "Plan Width": 4,
                                  "Actual Startup Time": 0.051,
                                  "Actual Total Time": 89.132,
                                  "Actual Rows": 60277,
                                  "Actual Loops": 6,
                                  "Filter": "((kind_id > 2) AND (production_year < 1991))",
                                  "Rows Removed by Filter": 361108
                                }
                              ]
                            }
                          ]
                        }
                      ]
                    }
                  ]
                }
              ]
            }
          ]
        }
      ]
    },
    "Planning Time": 1.451,
    "Triggers": [],
    "Execution Time": 974.054
  }
]