{
  "Plan": {
    "Node Type": "Aggregate",
    "Strategy": "Plain",
    "Partial Mode": "Finalize",
    "Parallel Aware": false,
    "Startup Cost": 876722.49,
    "Total Cost": 876722.5,
    "Plan Rows": 1,
    "Plan Width": 8,
    "Actual Startup Time": 5520.24,
    "Actual Total Time": 5589.317,
    "Actual Rows": 1,
    "Actual Loops": 1,
    "Plans": [
      {
        "Node Type": "Gather",
        "Parent Relationship": "Outer",
        "Parallel Aware": false,
        "Startup Cost": 876722.38,
        "Total Cost": 876722.49,
        "Plan Rows": 1,
        "Plan Width": 8,
        "Actual Startup Time": 5507.259,
        "Actual Total Time": 5589.307,
        "Actual Rows": 2,
        "Actual Loops": 1,
        "Workers Planned": 1,
        "Workers Launched": 1,
        "Single Copy": false,
        "Plans": [
          {
            "Node Type": "Aggregate",
            "Strategy": "Plain",
            "Partial Mode": "Partial",
            "Parent Relationship": "Outer",
            "Parallel Aware": false,
            "Startup Cost": 875722.38,
            "Total Cost": 875722.39,
            "Plan Rows": 1,
            "Plan Width": 8,
            "Actual Startup Time": 5487.966,
            "Actual Total Time": 5487.975,
            "Actual Rows": 1,
            "Actual Loops": 2,
            "Plans": [
              {
                "Node Type": "Hash Join",
                "Parent Relationship": "Outer",
                "Parallel Aware": true,
                "Join Type": "Inner",
                "Startup Cost": 677347.47,
                "Total Cost": 870257.73,
                "Plan Rows": 2185859,
                "Plan Width": 0,
                "Actual Startup Time": 5156.282,
                "Actual Total Time": 5478.757,
                "Actual Rows": 201238,
                "Actual Loops": 2,
                "Inner Unique": false,
                "Hash Cond": "(mi.movie_id = t.id)",
                "Plans": [
                  {
                    "Node Type": "Bitmap Heap Scan",
                    "Parent Relationship": "Outer",
                    "Parallel Aware": true,
                    "Relation Name": "movie_info",
                    "Alias": "mi",
                    "Startup Cost": 27808.97,
                    "Total Cost": 201089.01,
                    "Plan Rows": 902963,
                    "Plan Width": 4,
                    "Actual Startup Time": 59.928,
                    "Actual Total Time": 135.57,
                    "Actual Rows": 766954,
                    "Actual Loops": 2,
                    "Recheck Cond": "(info_type_id = 3)",
                    "Rows Removed by Index Recheck": 0,
                    "Exact Heap Blocks": 5148,
                    "Lossy Heap Blocks": 0,
                    "Plans": [
                      {
                        "Node Type": "Bitmap Index Scan",
                        "Parent Relationship": "Outer",
                        "Parallel Aware": false,
                        "Index Name": "info_type_id_movie_info",
                        "Startup Cost": 0.0,
                        "Total Cost": 27425.21,
                        "Plan Rows": 1535037,
                        "Plan Width": 0,
                        "Actual Startup Time": 58.455,
                        "Actual Total Time": 58.456,
                        "Actual Rows": 1533909,
                        "Actual Loops": 1,
                        "Index Cond": "(info_type_id = 3)"
                      }
                    ]
                  },
                  {
                    "Node Type": "Hash",
                    "Parent Relationship": "Inner",
                    "Parallel Aware": true,
                    "Startup Cost": 604535.57,
                    "Total Cost": 604535.57,
                    "Plan Rows": 3600234,
                    "Plan Width": 8,
                    "Actual Startup Time": 5064.303,
                    "Actual Total Time": 5064.309,
                    "Actual Rows": 3147242,
                    "Actual Loops": 2,
                    "Hash Buckets": 8388608,
                    "Original Hash Buckets": 8388608,
                    "Hash Batches": 1,
                    "Original Hash Batches": 1,
                    "Peak Memory Usage": 311808,
                    "Plans": [
                      {
                        "Node Type": "Hash Join",
                        "Parent Relationship": "Outer",
                        "Parallel Aware": true,
                        "Join Type": "Inner",
                        "Startup Cost": 68933.17,
                        "Total Cost": 604535.57,
                        "Plan Rows": 3600234,
                        "Plan Width": 8,
                        "Actual Startup Time": 1070.758,
                        "Actual Total Time": 3963.051,
                        "Actual Rows": 3147242,
                        "Actual Loops": 2,
                        "Inner Unique": true,
                        "Hash Cond": "(ci.movie_id = t.id)",
                        "Plans": [
                          {
                            "Node Type": "Seq Scan",
                            "Parent Relationship": "Outer",
                            "Parallel Aware": true,
                            "Relation Name": "cast_info",
                            "Alias": "ci",
                            "Startup Cost": 0.0,
                            "Total Cost": 519069.44,
                            "Plan Rows": 6298264,
                            "Plan Width": 4,
                            "Actual Startup Time": 657.754,
                            "Actual Total Time": 1423.065,
                            "Actual Rows": 5298456,
                            "Actual Loops": 2,
                            "Filter": "(person_id > 2648784)",
                            "Rows Removed by Filter": 12823716
                          },
                          {
                            "Node Type": "Hash",
                            "Parent Relationship": "Inner",
                            "Parallel Aware": true,
                            "Startup Cost": 58306.47,
                            "Total Cost": 58306.47,
                            "Plan Rows": 850136,
                            "Plan Width": 4,
                            "Actual Startup Time": 407.277,
                            "Actual Total Time": 407.278,
                            "Actual Rows": 745436,
                            "Actual Loops": 2,
                            "Hash Buckets": 2097152,
                            "Original Hash Buckets": 2097152,
                            "Hash Batches": 1,
                            "Original Hash Batches": 1,
                            "Peak Memory Usage": 74752,
                            "Plans": [
                              {
                                "Node Type": "Seq Scan",
                                "Parent Relationship": "Outer",
                                "Parallel Aware": true,
                                "Relation Name": "title",
                                "Alias": "t",
                                "Startup Cost": 0.0,
                                "Total Cost": 58306.47,
                                "Plan Rows": 850136,
                                "Plan Width": 4,
                                "Actual Startup Time": 0.034,
                                "Actual Total Time": 176.03,
                                "Actual Rows": 745436,
                                "Actual Loops": 2,
                                "Filter": "((kind_id > 4) AND (production_year > 1924))",
                                "Rows Removed by Filter": 518720
                              }
                            ]
                          }
                        ]
                      }
                    ]
                  }
                ]
              }
            ]
          }
        ]
      }
    ]
  },
  "Planning Time": 0.902,
  "Triggers": [],
  "Execution Time": 5589.426
}