[
  {
    "Plan": {
      "Node Type": "Aggregate",
      "Strategy": "Plain",
      "Partial Mode": "Finalize",
      "Parallel Aware": false,
      "Startup Cost": 81953.85,
      "Total Cost": 81953.86,
      "Plan Rows": 1,
      "Plan Width": 8,
      "Actual Startup Time": 305.153,
      "Actual Total Time": 320.765,
      "Actual Rows": 1,
      "Actual Loops": 1,
      "Plans": [
        {
          "Node Type": "Gather",
          "Parent Relationship": "Outer",
          "Parallel Aware": false,
          "Startup Cost": 81953.43,
          "Total Cost": 81953.84,
          "Plan Rows": 4,
          "Plan Width": 8,
          "Actual Startup Time": 300.481,
          "Actual Total Time": 320.757,
          "Actual Rows": 5,
          "Actual Loops": 1,
          "Workers Planned": 4,
          "Workers Launched": 4,
          "Single Copy": false,
          "Plans": [
            {
              "Node Type": "Aggregate",
              "Strategy": "Plain",
              "Partial Mode": "Partial",
              "Parent Relationship": "Outer",
              "Parallel Aware": false,
              "Startup Cost": 80953.43,
              "Total Cost": 80953.44,
              "Plan Rows": 1,
              "Plan Width": 8,
              "Actual Startup Time": 290.328,
              "Actual Total Time": 290.332,
              "Actual Rows": 1,
              "Actual Loops": 5,
              "Plans": [
                {
                  "Node Type": "Hash Join",
                  "Parent Relationship": "Outer",
                  "Parallel Aware": true,
                  "Join Type": "Inner",
                  "Startup Cost": 34410.77,
                  "Total Cost": 80489.06,
                  "Plan Rows": 185749,
                  "Plan Width": 0,
                  "Actual Startup Time": 139.244,
                  "Actual Total Time": 285.867,
                  "Actual Rows": 104845,
                  "Actual Loops": 5,
                  "Inner Unique": false,
                  "Hash Cond": "(t.id = mc.movie_id)",
                  "Plans": [
                    {
                      "Node Type": "Seq Scan",
                      "Parent Relationship": "Outer",
                      "Parallel Aware": true,
                      "Relation Name": "title",
                      "Alias": "t",
                      "Startup Cost": 0.0,
                      "Total Cost": 42318.73,
                      "Plan Rows": 632073,
                      "Plan Width": 4,
                      "Actual Startup Time": 0.014,
                      "Actual Total Time": 63.401,
                      "Actual Rows": 505662,
                      "Actual Loops": 5
                    },
                    {
                      "Node Type": "Hash",
                      "Parent Relationship": "Inner",
                      "Parallel Aware": true,
                      "Startup Cost": 31414.82,
                      "Total Cost": 31414.82,
                      "Plan Rows": 239676,
                      "Plan Width": 4,
                      "Actual Startup Time": 108.998,
                      "Actual Total Time": 108.999,
                      "Actual Rows": 104845,
                      "Actual Loops": 5,
                      "Hash Buckets": 1048576,
                      "Original Hash Buckets": 1048576,
                      "Hash Batches": 1,
                      "Original Hash Batches": 1,
                      "Peak Memory Usage": 28768,
                      "Plans": [
                        {
                          "Node Type": "Seq Scan",
                          "Parent Relationship": "Outer",
                          "Parallel Aware": true,
                          "Relation Name": "movie_companies",
                          "Alias": "mc",
                          "Startup Cost": 0.0,
                          "Total Cost": 31414.82,
                          "Plan Rows": 239676,
                          "Plan Width": 4,
                          "Actual Startup Time": 11.375,
                          "Actual Total Time": 70.562,
                          "Actual Rows": 104845,
                          "Actual Loops": 5,
                          "Filter": "((company_id > 7457) AND (company_type_id < 2))",
                          "Rows Removed by Filter": 416981
                        }
                      ]
                    }
                  ]
                }
              ]
            }
          ]
        }
      ]
    },
    "Planning Time": 0.618,
    "Triggers": [],
    "Execution Time": 320.862
  }
]