[
  {
    "Plan": {
      "Node Type": "Aggregate",
      "Strategy": "Plain",
      "Partial Mode": "Finalize",
      "Parallel Aware": false,
      "Startup Cost": 392297.08,
      "Total Cost": 392297.09,
      "Plan Rows": 1,
      "Plan Width": 8,
      "Actual Startup Time": 1252.757,
      "Actual Total Time": 1279.929,
      "Actual Rows": 1,
      "Actual Loops": 1,
      "Plans": [
        {
          "Node Type": "Gather",
          "Parent Relationship": "Outer",
          "Parallel Aware": false,
          "Startup Cost": 392296.46,
          "Total Cost": 392297.07,
          "Plan Rows": 6,
          "Plan Width": 8,
          "Actual Startup Time": 1243.776,
          "Actual Total Time": 1279.917,
          "Actual Rows": 7,
          "Actual Loops": 1,
          "Workers Planned": 6,
          "Workers Launched": 6,
          "Single Copy": false,
          "Plans": [
            {
              "Node Type": "Aggregate",
              "Strategy": "Plain",
              "Partial Mode": "Partial",
              "Parent Relationship": "Outer",
              "Parallel Aware": false,
              "Startup Cost": 391296.46,
              "Total Cost": 391296.47,
              "Plan Rows": 1,
              "Plan Width": 8,
              "Actual Startup Time": 1228.513,
              "Actual Total Time": 1228.516,
              "Actual Rows": 1,
              "Actual Loops": 7,
              "Plans": [
                {
                  "Node Type": "Hash Join",
                  "Parent Relationship": "Outer",
                  "Parallel Aware": true,
                  "Join Type": "Inner",
                  "Startup Cost": 49444.34,
                  "Total Cost": 388645.53,
                  "Plan Rows": 1060371,
                  "Plan Width": 0,
                  "Actual Startup Time": 181.781,
                  "Actual Total Time": 1179.83,
                  "Actual Rows": 1225229,
                  "Actual Loops": 7,
                  "Inner Unique": true,
                  "Hash Cond": "(ci.movie_id = t.id)",
                  "Plans": [
                    {
                      "Node Type": "Index Scan",
                      "Parent Relationship": "Outer",
                      "Parallel Aware": true,
                      "Scan Direction": "Forward",
                      "Index Name": "role_id_cast_info",
                      "Relation Name": "cast_info",
                      "Alias": "ci",
                      "Startup Cost": 0.56,
                      "Total Cost": 335235.55,
                      "Plan Rows": 1510931,
                      "Plan Width": 4,
                      "Actual Startup Time": 0.132,
                      "Actual Total Time": 333.689,
                      "Actual Rows": 1810098,
                      "Actual Loops": 7,
                      "Index Cond": "(role_id = 1)",
                      "Rows Removed by Index Recheck": 0,
                      "Filter": "(person_id < 2730904)",
                      "Rows Removed by Filter": 0
                    },
                    {
                      "Node Type": "Hash",
                      "Parent Relationship": "Inner",
                      "Parallel Aware": true,
                      "Startup Cost": 43898.92,
                      "Total Cost": 43898.92,
                      "Plan Rows": 443589,
                      "Plan Width": 4,
                      "Actual Startup Time": 176.893,
                      "Actual Total Time": 176.894,
                      "Actual Rows": 253519,
                      "Actual Loops": 7,
                      "Hash Buckets": 2097152,
                      "Original Hash Buckets": 2097152,
                      "Hash Batches": 1,
                      "Original Hash Batches": 1,
                      "Peak Memory Usage": 85920,
                      "Plans": [
                        {
                          "Node Type": "Seq Scan",
                          "Parent Relationship": "Outer",
                          "Parallel Aware": true,
                          "Relation Name": "title",
                          "Alias": "t",
                          "Startup Cost": 0.0,
                          "Total Cost": 43898.92,
                          "Plan Rows": 443589,
                          "Plan Width": 4,
                          "Actual Startup Time": 0.038,
                          "Actual Total Time": 71.538,
                          "Actual Rows": 253519,
                          "Actual Loops": 7,
                          "Filter": "(kind_id > 2)",
                          "Rows Removed by Filter": 107668
                        }
                      ]
                    }
                  ]
                }
              ]
            }
          ]
        }
      ]
    },
    "Planning Time": 0.635,
    "Triggers": [],
    "Execution Time": 1280.025
  }
]