[
  {
    "Plan": {
      "Node Type": "Aggregate",
      "Strategy": "Plain",
      "Partial Mode": "Finalize",
      "Parallel Aware": false,
      "Startup Cost": 32776.25,
      "Total Cost": 32776.26,
      "Plan Rows": 1,
      "Plan Width": 8,
      "Actual Startup Time": 91.713,
      "Actual Total Time": 100.191,
      "Actual Rows": 1,
      "Actual Loops": 1,
      "Plans": [
        {
          "Node Type": "Gather",
          "Parent Relationship": "Outer",
          "Parallel Aware": false,
          "Startup Cost": 32775.93,
          "Total Cost": 32776.24,
          "Plan Rows": 3,
          "Plan Width": 8,
          "Actual Startup Time": 91.622,
          "Actual Total Time": 100.182,
          "Actual Rows": 4,
          "Actual Loops": 1,
          "Workers Planned": 3,
          "Workers Launched": 3,
          "Single Copy": false,
          "Plans": [
            {
              "Node Type": "Aggregate",
              "Strategy": "Plain",
              "Partial Mode": "Partial",
              "Parent Relationship": "Outer",
              "Parallel Aware": false,
              "Startup Cost": 31775.93,
              "Total Cost": 31775.94,
              "Plan Rows": 1,
              "Plan Width": 8,
              "Actual Startup Time": 86.22,
              "Actual Total Time": 86.221,
              "Actual Rows": 1,
              "Actual Loops": 4,
              "Plans": [
                {
                  "Node Type": "Seq Scan",
                  "Parent Relationship": "Outer",
                  "Parallel Aware": true,
                  "Relation Name": "movie_companies",
                  "Alias": "mc",
                  "Startup Cost": 0.0,
                  "Total Cost": 31414.82,
                  "Plan Rows": 144444,
                  "Plan Width": 0,
                  "Actual Startup Time": 0.024,
                  "Actual Total Time": 76.016,
                  "Actual Rows": 162302,
                  "Actual Loops": 4,
                  "Filter": "((company_id < 3115) AND (company_type_id < 2))",
                  "Rows Removed by Filter": 489981
                }
              ]
            }
          ]
        }
      ]
    },
    "Planning Time": 0.088,
    "Triggers": [],
    "Execution Time": 100.219
  }
]