[
  {
    "Plan": {
      "Node Type": "Aggregate",
      "Strategy": "Plain",
      "Partial Mode": "Finalize",
      "Parallel Aware": false,
      "Startup Cost": 99059.81,
      "Total Cost": 99059.82,
      "Plan Rows": 1,
      "Plan Width": 8,
      "Actual Startup Time": 747.264,
      "Actual Total Time": 767.381,
      "Actual Rows": 1,
      "Actual Loops": 1,
      "Plans": [
        {
          "Node Type": "Gather",
          "Parent Relationship": "Outer",
          "Parallel Aware": false,
          "Startup Cost": 99059.6,
          "Total Cost": 99059.81,
          "Plan Rows": 2,
          "Plan Width": 8,
          "Actual Startup Time": 738.266,
          "Actual Total Time": 767.367,
          "Actual Rows": 3,
          "Actual Loops": 1,
          "Workers Planned": 2,
          "Workers Launched": 2,
          "Single Copy": false,
          "Plans": [
            {
              "Node Type": "Aggregate",
              "Strategy": "Plain",
              "Partial Mode": "Partial",
              "Parent Relationship": "Outer",
              "Parallel Aware": false,
              "Startup Cost": 98059.6,
              "Total Cost": 98059.61,
              "Plan Rows": 1,
              "Plan Width": 8,
              "Actual Startup Time": 734.244,
              "Actual Total Time": 734.253,
              "Actual Rows": 1,
              "Actual Loops": 3,
              "Plans": [
                {
                  "Node Type": "Hash Join",
                  "Parent Relationship": "Outer",
                  "Parallel Aware": true,
                  "Join Type": "Inner",
                  "Startup Cost": 81905.62,
                  "Total Cost": 97923.14,
                  "Plan Rows": 54582,
                  "Plan Width": 0,
                  "Actual Startup Time": 613.782,
                  "Actual Total Time": 726.382,
                  "Actual Rows": 165590,
                  "Actual Loops": 3,
                  "Inner Unique": false,
                  "Hash Cond": "(mi_idx.movie_id = t.id)",
                  "Plans": [
                    {
                      "Node Type": "Seq Scan",
                      "Parent Relationship": "Outer",
                      "Parallel Aware": true,
                      "Relation Name": "movie_info_idx",
                      "Alias": "mi_idx",
                      "Startup Cost": 0.0,
                      "Total Cost": 13685.15,
                      "Plan Rows": 575015,
                      "Plan Width": 4,
                      "Actual Startup Time": 0.02,
                      "Actual Total Time": 41.409,
                      "Actual Rows": 460012,
                      "Actual Loops": 3
                    },
                    {
                      "Node Type": "Hash",
                      "Parent Relationship": "Inner",
                      "Parallel Aware": true,
                      "Startup Cost": 80937.86,
                      "Total Cost": 80937.86,
                      "Plan Rows": 77421,
                      "Plan Width": 8,
                      "Actual Startup Time": 611.175,
                      "Actual Total Time": 611.182,
                      "Actual Rows": 78501,
                      "Actual Loops": 3,
                      "Hash Buckets": 262144,
                      "Original Hash Buckets": 262144,
                      "Hash Batches": 1,
                      "Original Hash Batches": 1,
                      "Peak Memory Usage": 11328,
                      "Plans": [
                        {
                          "Node Type": "Hash Join",
                          "Parent Relationship": "Outer",
                          "Parallel Aware": true,
                          "Join Type": "Inner",
                          "Startup Cost": 55312.86,
                          "Total Cost": 80937.86,
                          "Plan Rows": 77421,
                          "Plan Width": 8,
                          "Actual Startup Time": 491.647,
                          "Actual Total Time": 581.993,
                          "Actual Rows": 78501,
                          "Actual Loops": 3,
                          "Inner Unique": true,
                          "Hash Cond": "(mk.movie_id = t.id)",
                          "Plans": [
                            {
                              "Node Type": "Bitmap Heap Scan",
                              "Parent Relationship": "Outer",
                              "Parallel Aware": true,
                              "Relation Name": "movie_keyword",
                              "Alias": "mk",
                              "Startup Cost": 5092.48,
                              "Total Cost": 30514.25,
                              "Plan Rows": 77421,
                              "Plan Width": 4,
                              "Actual Startup Time": 14.829,
                              "Actual Total Time": 64.234,
                              "Actual Rows": 78501,
                              "Actual Loops": 3,
                              "Recheck Cond": "(keyword_id < 189)",
                              "Rows Removed by Index Recheck": 0,
                              "Exact Heap Blocks": 11127,
                              "Lossy Heap Blocks": 0,
                              "Plans": [
                                {
                                  "Node Type": "Bitmap Index Scan",
                                  "Parent Relationship": "Outer",
                                  "Parallel Aware": false,
                                  "Index Name": "keyword_id_movie_keyword",
                                  "Startup Cost": 0.0,
                                  "Total Cost": 5032.48,
                                  "Plan Rows": 240006,
                                  "Plan Width": 0,
                                  "Actual Startup Time": 11.372,
                                  "Actual Total Time": 11.372,
                                  "Actual Rows": 235503,
                                  "Actual Loops": 1,
                                  "Index Cond": "(keyword_id < 189)"
                                }
                              ]
                            },
                            {
                              "Node Type": "Hash",
                              "Parent Relationship": "Inner",
                              "Parallel Aware": true,
                              "Startup Cost": 42319.06,
                              "Total Cost": 42319.06,
                              "Plan Rows": 632106,
                              "Plan Width": 4,
                              "Actual Startup Time": 464.252,
                              "Actual Total Time": 464.254,
                              "Actual Rows": 842771,
                              "Actual Loops": 3,
                              "Hash Buckets": 4194304,
                              "Original Hash Buckets": 4194304,
                              "Hash Batches": 1,
                              "Original Hash Batches": 1,
                              "Peak Memory Usage": 131744,
                              "Plans": [
                                {
                                  "Node Type": "Seq Scan",
                                  "Parent Relationship": "Outer",
                                  "Parallel Aware": true,
                                  "Relation Name": "title",
                                  "Alias": "t",
                                  "Startup Cost": 0.0,
                                  "Total Cost": 42319.06,
                                  "Plan Rows": 632106,
                                  "Plan Width": 4,
                                  "Actual Startup Time": 0.038,
                                  "Actual Total Time": 132.167,
                                  "Actual Rows": 842771,
                                  "Actual Loops": 3
                                }
                              ]
                            }
                          ]
                        }
                      ]
                    }
                  ]
                }
              ]
            }
          ]
        }
      ]
    },
    "Planning Time": 1.205,
    "Triggers": [],
    "Execution Time": 767.498
  }
]