[
  {
    "Plan": {
      "Node Type": "Aggregate",
      "Strategy": "Plain",
      "Partial Mode": "Finalize",
      "Parallel Aware": false,
      "Startup Cost": 98639.97,
      "Total Cost": 98639.98,
      "Plan Rows": 1,
      "Plan Width": 8,
      "Actual Startup Time": 668.964,
      "Actual Total Time": 688.562,
      "Actual Rows": 1,
      "Actual Loops": 1,
      "Plans": [
        {
          "Node Type": "Gather",
          "Parent Relationship": "Outer",
          "Parallel Aware": false,
          "Startup Cost": 98639.76,
          "Total Cost": 98639.97,
          "Plan Rows": 2,
          "Plan Width": 8,
          "Actual Startup Time": 659.21,
          "Actual Total Time": 688.528,
          "Actual Rows": 3,
          "Actual Loops": 1,
          "Workers Planned": 2,
          "Workers Launched": 2,
          "Single Copy": false,
          "Plans": [
            {
              "Node Type": "Aggregate",
              "Strategy": "Plain",
              "Partial Mode": "Partial",
              "Parent Relationship": "Outer",
              "Parallel Aware": false,
              "Startup Cost": 97639.76,
              "Total Cost": 97639.77,
              "Plan Rows": 1,
              "Plan Width": 8,
              "Actual Startup Time": 640.681,
              "Actual Total Time": 640.877,
              "Actual Rows": 1,
              "Actual Loops": 3,
              "Plans": [
                {
                  "Node Type": "Hash Join",
                  "Parent Relationship": "Outer",
                  "Parallel Aware": true,
                  "Join Type": "Inner",
                  "Startup Cost": 81503.1,
                  "Total Cost": 97510.86,
                  "Plan Rows": 51558,
                  "Plan Width": 0,
                  "Actual Startup Time": 537.807,
                  "Actual Total Time": 634.14,
                  "Actual Rows": 165590,
                  "Actual Loops": 3,
                  "Inner Unique": false,
                  "Hash Cond": "(mi_idx.movie_id = t.id)",
                  "Plans": [
                    {
                      "Node Type": "Seq Scan",
                      "Parent Relationship": "Outer",
                      "Parallel Aware": true,
                      "Relation Name": "movie_info_idx",
                      "Alias": "mi_idx",
                      "Startup Cost": 0.0,
                      "Total Cost": 13685.15,
                      "Plan Rows": 575015,
                      "Plan Width": 4,
                      "Actual Startup Time": 0.03,
                      "Actual Total Time": 34.879,
                      "Actual Rows": 460012,
                      "Actual Loops": 3
                    },
                    {
                      "Node Type": "Hash",
                      "Parent Relationship": "Inner",
                      "Parallel Aware": true,
                      "Startup Cost": 80589.01,
                      "Total Cost": 80589.01,
                      "Plan Rows": 73127,
                      "Plan Width": 8,
                      "Actual Startup Time": 535.286,
                      "Actual Total Time": 535.48,
                      "Actual Rows": 78501,
                      "Actual Loops": 3,
                      "Hash Buckets": 262144,
                      "Original Hash Buckets": 262144,
                      "Hash Batches": 1,
                      "Original Hash Batches": 1,
                      "Peak Memory Usage": 11328,
                      "Plans": [
                        {
                          "Node Type": "Hash Join",
                          "Parent Relationship": "Outer",
                          "Parallel Aware": true,
                          "Join Type": "Inner",
                          "Startup Cost": 55028.96,
                          "Total Cost": 80589.01,
                          "Plan Rows": 73127,
                          "Plan Width": 8,
                          "Actual Startup Time": 425.251,
                          "Actual Total Time": 511.811,
                          "Actual Rows": 78501,
                          "Actual Loops": 3,
                          "Inner Unique": true,
                          "Hash Cond": "(mk.movie_id = t.id)",
                          "Plans": [
                            {
                              "Node Type": "Bitmap Heap Scan",
                              "Parent Relationship": "Outer",
                              "Parallel Aware": true,
                              "Relation Name": "movie_keyword",
                              "Alias": "mk",
                              "Startup Cost": 4809.32,
                              "Total Cost": 30177.41,
                              "Plan Rows": 73127,
                              "Plan Width": 4,
                              "Actual Startup Time": 18.535,
                              "Actual Total Time": 66.48,
                              "Actual Rows": 78501,
                              "Actual Loops": 3,
                              "Recheck Cond": "(keyword_id < 189)",
                              "Rows Removed by Index Recheck": 0,
                              "Exact Heap Blocks": 9865,
                              "Lossy Heap Blocks": 0,
                              "Plans": [
                                {
                                  "Node Type": "Bitmap Index Scan",
                                  "Parent Relationship": "Outer",
                                  "Parallel Aware": false,
                                  "Index Name": "keyword_id_movie_keyword",
                                  "Startup Cost": 0.0,
                                  "Total Cost": 4752.64,
                                  "Plan Rows": 226695,
                                  "Plan Width": 0,
                                  "Actual Startup Time": 14.981,
                                  "Actual Total Time": 14.982,
                                  "Actual Rows": 235503,
                                  "Actual Loops": 1,
                                  "Index Cond": "(keyword_id < 189)"
                                }
                              ]
                            },
                            {
                              "Node Type": "Hash",
                              "Parent Relationship": "Inner",
                              "Parallel Aware": true,
                              "Startup Cost": 42318.73,
                              "Total Cost": 42318.73,
                              "Plan Rows": 632073,
                              "Plan Width": 4,
                              "Actual Startup Time": 393.683,
                              "Actual Total Time": 393.684,
                              "Actual Rows": 842771,
                              "Actual Loops": 3,
                              "Hash Buckets": 4194304,
                              "Original Hash Buckets": 4194304,
                              "Hash Batches": 1,
                              "Original Hash Batches": 1,
                              "Peak Memory Usage": 131712,
                              "Plans": [
                                {
                                  "Node Type": "Seq Scan",
                                  "Parent Relationship": "Outer",
                                  "Parallel Aware": true,
                                  "Relation Name": "title",
                                  "Alias": "t",
                                  "Startup Cost": 0.0,
                                  "Total Cost": 42318.73,
                                  "Plan Rows": 632073,
                                  "Plan Width": 4,
                                  "Actual Startup Time": 0.031,
                                  "Actual Total Time": 115.144,
                                  "Actual Rows": 842771,
                                  "Actual Loops": 3
                                }
                              ]
                            }
                          ]
                        }
                      ]
                    }
                  ]
                }
              ]
            }
          ]
        }
      ]
    },
    "Planning Time": 1.325,
    "Triggers": [],
    "Execution Time": 688.663
  }
]