[
  {
    "Plan": {
      "Node Type": "Aggregate",
      "Strategy": "Plain",
      "Partial Mode": "Finalize",
      "Parallel Aware": false,
      "Startup Cost": 392956.07,
      "Total Cost": 392956.08,
      "Plan Rows": 1,
      "Plan Width": 8,
      "Actual Startup Time": 820.246,
      "Actual Total Time": 883.169,
      "Actual Rows": 1,
      "Actual Loops": 1,
      "Plans": [
        {
          "Node Type": "Gather",
          "Parent Relationship": "Outer",
          "Parallel Aware": false,
          "Startup Cost": 392955.44,
          "Total Cost": 392956.05,
          "Plan Rows": 6,
          "Plan Width": 8,
          "Actual Startup Time": 816.495,
          "Actual Total Time": 883.158,
          "Actual Rows": 7,
          "Actual Loops": 1,
          "Workers Planned": 6,
          "Workers Launched": 6,
          "Single Copy": false,
          "Plans": [
            {
              "Node Type": "Aggregate",
              "Strategy": "Plain",
              "Partial Mode": "Partial",
              "Parent Relationship": "Outer",
              "Parallel Aware": false,
              "Startup Cost": 391955.44,
              "Total Cost": 391955.45,
              "Plan Rows": 1,
              "Plan Width": 8,
              "Actual Startup Time": 806.647,
              "Actual Total Time": 806.65,
              "Actual Rows": 1,
              "Actual Loops": 7,
              "Plans": [
                {
                  "Node Type": "Hash Join",
                  "Parent Relationship": "Outer",
                  "Parallel Aware": true,
                  "Join Type": "Inner",
                  "Startup Cost": 47073.22,
                  "Total Cost": 391693.49,
                  "Plan Rows": 104782,
                  "Plan Width": 0,
                  "Actual Startup Time": 510.385,
                  "Actual Total Time": 800.146,
                  "Actual Rows": 147702,
                  "Actual Loops": 7,
                  "Inner Unique": true,
                  "Hash Cond": "(ci.movie_id = t.id)",
                  "Plans": [
                    {
                      "Node Type": "Seq Scan",
                      "Parent Relationship": "Outer",
                      "Parallel Aware": true,
                      "Relation Name": "cast_info",
                      "Alias": "ci",
                      "Startup Cost": 0.0,
                      "Total Cost": 343257.03,
                      "Plan Rows": 519328,
                      "Plan Width": 4,
                      "Actual Startup Time": 415.842,
                      "Actual Total Time": 576.882,
                      "Actual Rows": 649950,
                      "Actual Loops": 7,
                      "Filter": "((person_id > 3232039) AND (role_id > 1))",
                      "Rows Removed by Filter": 4527813
                    },
                    {
                      "Node Type": "Hash",
                      "Parent Relationship": "Inner",
                      "Parallel Aware": true,
                      "Startup Cost": 45479.1,
                      "Total Cost": 45479.1,
                      "Plan Rows": 127530,
                      "Plan Width": 4,
                      "Actual Startup Time": 92.657,
                      "Actual Total Time": 92.658,
                      "Actual Rows": 54587,
                      "Actual Loops": 7,
                      "Hash Buckets": 524288,
                      "Original Hash Buckets": 524288,
                      "Hash Batches": 1,
                      "Original Hash Batches": 1,
                      "Peak Memory Usage": 19136,
                      "Plans": [
                        {
                          "Node Type": "Seq Scan",
                          "Parent Relationship": "Outer",
                          "Parallel Aware": true,
                          "Relation Name": "title",
                          "Alias": "t",
                          "Startup Cost": 0.0,
                          "Total Cost": 45479.1,
                          "Plan Rows": 127530,
                          "Plan Width": 4,
                          "Actual Startup Time": 38.809,
                          "Actual Total Time": 73.03,
                          "Actual Rows": 54587,
                          "Actual Loops": 7,
                          "Filter": "((production_year > 1980) AND (kind_id = 1))",
                          "Rows Removed by Filter": 306600
                        }
                      ]
                    }
                  ]
                }
              ]
            }
          ]
        }
      ]
    },
    "Planning Time": 0.326,
    "Triggers": [],
    "Execution Time": 883.229
  }
]