[
  {
    "Plan": {
      "Node Type": "Aggregate",
      "Strategy": "Plain",
      "Partial Mode": "Finalize",
      "Parallel Aware": false,
      "Startup Cost": 218084.56,
      "Total Cost": 218084.57,
      "Plan Rows": 1,
      "Plan Width": 8,
      "Actual Startup Time": 130.506,
      "Actual Total Time": 144.454,
      "Actual Rows": 1,
      "Actual Loops": 1,
      "Plans": [
        {
          "Node Type": "Gather",
          "Parent Relationship": "Outer",
          "Parallel Aware": false,
          "Startup Cost": 218084.04,
          "Total Cost": 218084.55,
          "Plan Rows": 5,
          "Plan Width": 8,
          "Actual Startup Time": 130.254,
          "Actual Total Time": 144.447,
          "Actual Rows": 6,
          "Actual Loops": 1,
          "Workers Planned": 5,
          "Workers Launched": 5,
          "Single Copy": false,
          "Plans": [
            {
              "Node Type": "Aggregate",
              "Strategy": "Plain",
              "Partial Mode": "Partial",
              "Parent Relationship": "Outer",
              "Parallel Aware": false,
              "Startup Cost": 217084.04,
              "Total Cost": 217084.05,
              "Plan Rows": 1,
              "Plan Width": 8,
              "Actual Startup Time": 122.284,
              "Actual Total Time": 122.287,
              "Actual Rows": 1,
              "Actual Loops": 6,
              "Plans": [
                {
                  "Node Type": "Hash Join",
                  "Parent Relationship": "Outer",
                  "Parallel Aware": true,
                  "Join Type": "Inner",
                  "Startup Cost": 53717.18,
                  "Total Cost": 217083.01,
                  "Plan Rows": 414,
                  "Plan Width": 0,
                  "Actual Startup Time": 100.336,
                  "Actual Total Time": 122.274,
                  "Actual Rows": 14,
                  "Actual Loops": 6,
                  "Inner Unique": true,
                  "Hash Cond": "(mi.movie_id = t.id)",
                  "Plans": [
                    {
                      "Node Type": "Bitmap Heap Scan",
                      "Parent Relationship": "Outer",
                      "Parallel Aware": true,
                      "Relation Name": "movie_info",
                      "Alias": "mi",
                      "Startup Cost": 8201.59,
                      "Total Cost": 171329.16,
                      "Plan Rows": 90765,
                      "Plan Width": 4,
                      "Actual Startup Time": 15.393,
                      "Actual Total Time": 33.756,
                      "Actual Rows": 77606,
                      "Actual Loops": 6,
                      "Recheck Cond": "(info_type_id > 103)",
                      "Rows Removed by Index Recheck": 0,
                      "Exact Heap Blocks": 1604,
                      "Lossy Heap Blocks": 0,
                      "Plans": [
                        {
                          "Node Type": "Bitmap Index Scan",
                          "Parent Relationship": "Outer",
                          "Parallel Aware": false,
                          "Index Name": "info_type_id_movie_info",
                          "Startup Cost": 0.0,
                          "Total Cost": 8088.14,
                          "Plan Rows": 453827,
                          "Plan Width": 0,
                          "Actual Startup Time": 14.566,
                          "Actual Total Time": 14.566,
                          "Actual Rows": 465636,
                          "Actual Loops": 1,
                          "Index Cond": "(info_type_id > 103)"
                        }
                      ]
                    },
                    {
                      "Node Type": "Hash",
                      "Parent Relationship": "Inner",
                      "Parallel Aware": true,
                      "Startup Cost": 45479.59,
                      "Total Cost": 45479.59,
                      "Plan Rows": 2880,
                      "Plan Width": 4,
                      "Actual Startup Time": 79.165,
                      "Actual Total Time": 79.166,
                      "Actual Rows": 1719,
                      "Actual Loops": 6,
                      "Hash Buckets": 16384,
                      "Original Hash Buckets": 16384,
                      "Hash Batches": 1,
                      "Original Hash Batches": 1,
                      "Peak Memory Usage": 672,
                      "Plans": [
                        {
                          "Node Type": "Seq Scan",
                          "Parent Relationship": "Outer",
                          "Parallel Aware": true,
                          "Relation Name": "title",
                          "Alias": "t",
                          "Startup Cost": 0.0,
                          "Total Cost": 45479.59,
                          "Plan Rows": 2880,
                          "Plan Width": 4,
                          "Actual Startup Time": 0.126,
                          "Actual Total Time": 77.951,
                          "Actual Rows": 1719,
                          "Actual Loops": 6,
                          "Filter": "((kind_id > 1) AND (production_year = 1980))",
                          "Rows Removed by Filter": 419666
                        }
                      ]
                    }
                  ]
                }
              ]
            }
          ]
        }
      ]
    },
    "Planning Time": 0.654,
    "Triggers": [],
    "Execution Time": 144.535
  }
]