[
    {
        "Bao": {
            "Bao prediction": 709.232,
            "Bao recommended hint": "SET enable_nestloop TO off; "
        }
    },
    {
        "Plan": {
            "Node Type": "Aggregate",
            "Strategy": "Plain",
            "Partial Mode": "Finalize",
            "Parallel Aware": false,
            "Startup Cost": 269057.55,
            "Total Cost": 269057.56,
            "Plan Rows": 1,
            "Plan Width": 8,
            "Actual Startup Time": 366.483,
            "Actual Total Time": 382.999,
            "Actual Rows": 1,
            "Actual Loops": 1,
            "Output": [
                "count(*)"
            ],
            "Plans": [
                {
                    "Node Type": "Gather",
                    "Parent Relationship": "Outer",
                    "Parallel Aware": false,
                    "Startup Cost": 269056.92,
                    "Total Cost": 269057.53,
                    "Plan Rows": 6,
                    "Plan Width": 8,
                    "Actual Startup Time": 365.154,
                    "Actual Total Time": 382.987,
                    "Actual Rows": 7,
                    "Actual Loops": 1,
                    "Output": [
                        "(PARTIAL count(*))"
                    ],
                    "Workers Planned": 6,
                    "Workers Launched": 6,
                    "Single Copy": false,
                    "Plans": [
                        {
                            "Node Type": "Aggregate",
                            "Strategy": "Plain",
                            "Partial Mode": "Partial",
                            "Parent Relationship": "Outer",
                            "Parallel Aware": false,
                            "Startup Cost": 268056.92,
                            "Total Cost": 268056.93,
                            "Plan Rows": 1,
                            "Plan Width": 8,
                            "Actual Startup Time": 354.272,
                            "Actual Total Time": 354.279,
                            "Actual Rows": 1,
                            "Actual Loops": 7,
                            "Output": [
                                "PARTIAL count(*)"
                            ],
                            "Workers": [
                                {
                                    "Worker Number": 0,
                                    "Actual Startup Time": 352.18,
                                    "Actual Total Time": 352.186,
                                    "Actual Rows": 1,
                                    "Actual Loops": 1
                                },
                                {
                                    "Worker Number": 1,
                                    "Actual Startup Time": 352.282,
                                    "Actual Total Time": 352.288,
                                    "Actual Rows": 1,
                                    "Actual Loops": 1
                                },
                                {
                                    "Worker Number": 2,
                                    "Actual Startup Time": 352.337,
                                    "Actual Total Time": 352.348,
                                    "Actual Rows": 1,
                                    "Actual Loops": 1
                                },
                                {
                                    "Worker Number": 3,
                                    "Actual Startup Time": 352.788,
                                    "Actual Total Time": 352.793,
                                    "Actual Rows": 1,
                                    "Actual Loops": 1
                                },
                                {
                                    "Worker Number": 4,
                                    "Actual Startup Time": 352.887,
                                    "Actual Total Time": 352.892,
                                    "Actual Rows": 1,
                                    "Actual Loops": 1
                                },
                                {
                                    "Worker Number": 5,
                                    "Actual Startup Time": 353.434,
                                    "Actual Total Time": 353.44,
                                    "Actual Rows": 1,
                                    "Actual Loops": 1
                                }
                            ],
                            "Plans": [
                                {
                                    "Node Type": "Hash Join",
                                    "Parent Relationship": "Outer",
                                    "Parallel Aware": true,
                                    "Join Type": "Inner",
                                    "Startup Cost": 65343.8,
                                    "Total Cost": 268052.72,
                                    "Plan Rows": 1682,
                                    "Plan Width": 0,
                                    "Actual Startup Time": 144.384,
                                    "Actual Total Time": 354.266,
                                    "Actual Rows": 8,
                                    "Actual Loops": 7,
                                    "Inner Unique": false,
                                    "Hash Cond": "(ci.movie_id = t.id)",
                                    "Workers": [
                                        {
                                            "Worker Number": 0,
                                            "Actual Startup Time": 127.578,
                                            "Actual Total Time": 352.172,
                                            "Actual Rows": 8,
                                            "Actual Loops": 1
                                        },
                                        {
                                            "Worker Number": 1,
                                            "Actual Startup Time": 148.411,
                                            "Actual Total Time": 352.276,
                                            "Actual Rows": 5,
                                            "Actual Loops": 1
                                        },
                                        {
                                            "Worker Number": 2,
                                            "Actual Startup Time": 171.938,
                                            "Actual Total Time": 352.334,
                                            "Actual Rows": 4,
                                            "Actual Loops": 1
                                        },
                                        {
                                            "Worker Number": 3,
                                            "Actual Startup Time": 147.115,
                                            "Actual Total Time": 352.78,
                                            "Actual Rows": 17,
                                            "Actual Loops": 1
                                        },
                                        {
                                            "Worker Number": 4,
                                            "Actual Startup Time": 136.967,
                                            "Actual Total Time": 352.88,
                                            "Actual Rows": 7,
                                            "Actual Loops": 1
                                        },
                                        {
                                            "Worker Number": 5,
                                            "Actual Startup Time": 134.144,
                                            "Actual Total Time": 353.425,
                                            "Actual Rows": 11,
                                            "Actual Loops": 1
                                        }
                                    ],
                                    "Plans": [
                                        {
                                            "Node Type": "Index Scan",
                                            "Parent Relationship": "Outer",
                                            "Parallel Aware": true,
                                            "Scan Direction": "Forward",
                                            "Index Name": "role_id_cast_info",
                                            "Relation Name": "cast_info",
                                            "Schema": "public",
                                            "Alias": "ci",
                                            "Startup Cost": 0.56,
                                            "Total Cost": 200814.65,
                                            "Plan Rows": 504168,
                                            "Plan Width": 4,
                                            "Actual Startup Time": 6.491,
                                            "Actual Total Time": 233.007,
                                            "Actual Rows": 379,
                                            "Actual Loops": 7,
                                            "Output": [
                                                "ci.id",
                                                "ci.person_id",
                                                "ci.movie_id",
                                                "ci.person_role_id",
                                                "ci.note",
                                                "ci.nr_order",
                                                "ci.role_id"
                                            ],
                                            "Index Cond": "(ci.role_id = 2)",
                                            "Rows Removed by Index Recheck": 0,
                                            "Filter": "(ci.person_id < 1443300)",
                                            "Rows Removed by Filter": 1064189,
                                            "Workers": [
                                                {
                                                    "Worker Number": 0,
                                                    "Actual Startup Time": 8.681,
                                                    "Actual Total Time": 233.163,
                                                    "Actual Rows": 215,
                                                    "Actual Loops": 1
                                                },
                                                {
                                                    "Worker Number": 1,
                                                    "Actual Startup Time": 23.757,
                                                    "Actual Total Time": 232.948,
                                                    "Actual Rows": 478,
                                                    "Actual Loops": 1
                                                },
                                                {
                                                    "Worker Number": 2,
                                                    "Actual Startup Time": 0.122,
                                                    "Actual Total Time": 232.979,
                                                    "Actual Rows": 134,
                                                    "Actual Loops": 1
                                                },
                                                {
                                                    "Worker Number": 3,
                                                    "Actual Startup Time": 0.766,
                                                    "Actual Total Time": 233.087,
                                                    "Actual Rows": 433,
                                                    "Actual Loops": 1
                                                },
                                                {
                                                    "Worker Number": 4,
                                                    "Actual Startup Time": 8.098,
                                                    "Actual Total Time": 232.95,
                                                    "Actual Rows": 325,
                                                    "Actual Loops": 1
                                                },
                                                {
                                                    "Worker Number": 5,
                                                    "Actual Startup Time": 1.389,
                                                    "Actual Total Time": 232.997,
                                                    "Actual Rows": 524,
                                                    "Actual Loops": 1
                                                }
                                            ]
                                        },
                                        {
                                            "Node Type": "Hash",
                                            "Parent Relationship": "Inner",
                                            "Parallel Aware": true,
                                            "Startup Cost": 65316.88,
                                            "Total Cost": 65316.88,
                                            "Plan Rows": 2108,
                                            "Plan Width": 8,
                                            "Actual Startup Time": 119.977,
                                            "Actual Total Time": 119.982,
                                            "Actual Rows": 2922,
                                            "Actual Loops": 7,
                                            "Output": [
                                                "t.id",
                                                "mc.movie_id"
                                            ],
                                            "Hash Buckets": 32768,
                                            "Original Hash Buckets": 16384,
                                            "Hash Batches": 1,
                                            "Original Hash Batches": 1,
                                            "Peak Memory Usage": 1312,
                                            "Workers": [
                                                {
                                                    "Worker Number": 0,
                                                    "Actual Startup Time": 118.401,
                                                    "Actual Total Time": 118.404,
                                                    "Actual Rows": 2458,
                                                    "Actual Loops": 1
                                                },
                                                {
                                                    "Worker Number": 1,
                                                    "Actual Startup Time": 118.427,
                                                    "Actual Total Time": 118.431,
                                                    "Actual Rows": 2415,
                                                    "Actual Loops": 1
                                                },
                                                {
                                                    "Worker Number": 2,
                                                    "Actual Startup Time": 118.574,
                                                    "Actual Total Time": 118.584,
                                                    "Actual Rows": 2379,
                                                    "Actual Loops": 1
                                                },
                                                {
                                                    "Worker Number": 3,
                                                    "Actual Startup Time": 119.027,
                                                    "Actual Total Time": 119.031,
                                                    "Actual Rows": 2456,
                                                    "Actual Loops": 1
                                                },
                                                {
                                                    "Worker Number": 4,
                                                    "Actual Startup Time": 119.093,
                                                    "Actual Total Time": 119.097,
                                                    "Actual Rows": 3527,
                                                    "Actual Loops": 1
                                                },
                                                {
                                                    "Worker Number": 5,
                                                    "Actual Startup Time": 119.723,
                                                    "Actual Total Time": 119.727,
                                                    "Actual Rows": 3452,
                                                    "Actual Loops": 1
                                                }
                                            ],
                                            "Plans": [
                                                {
                                                    "Node Type": "Hash Join",
                                                    "Parent Relationship": "Outer",
                                                    "Parallel Aware": true,
                                                    "Join Type": "Inner",
                                                    "Startup Cost": 20580.24,
                                                    "Total Cost": 65316.88,
                                                    "Plan Rows": 2108,
                                                    "Plan Width": 8,
                                                    "Actual Startup Time": 92.738,
                                                    "Actual Total Time": 117.193,
                                                    "Actual Rows": 2922,
                                                    "Actual Loops": 7,
                                                    "Output": [
                                                        "t.id",
                                                        "mc.movie_id"
                                                    ],
                                                    "Inner Unique": false,
                                                    "Hash Cond": "(t.id = mc.movie_id)",
                                                    "Workers": [
                                                        {
                                                            "Worker Number": 0,
                                                            "Actual Startup Time": 90.221,
                                                            "Actual Total Time": 115.612,
                                                            "Actual Rows": 2458,
                                                            "Actual Loops": 1
                                                        },
                                                        {
                                                            "Worker Number": 1,
                                                            "Actual Startup Time": 86.583,
                                                            "Actual Total Time": 115.751,
                                                            "Actual Rows": 2415,
                                                            "Actual Loops": 1
                                                        },
                                                        {
                                                            "Worker Number": 2,
                                                            "Actual Startup Time": 96.385,
                                                            "Actual Total Time": 115.871,
                                                            "Actual Rows": 2379,
                                                            "Actual Loops": 1
                                                        },
                                                        {
                                                            "Worker Number": 3,
                                                            "Actual Startup Time": 93.358,
                                                            "Actual Total Time": 116.101,
                                                            "Actual Rows": 2456,
                                                            "Actual Loops": 1
                                                        },
                                                        {
                                                            "Worker Number": 4,
                                                            "Actual Startup Time": 88.298,
                                                            "Actual Total Time": 116.394,
                                                            "Actual Rows": 3527,
                                                            "Actual Loops": 1
                                                        },
                                                        {
                                                            "Worker Number": 5,
                                                            "Actual Startup Time": 93.767,
                                                            "Actual Total Time": 116.948,
                                                            "Actual Rows": 3452,
                                                            "Actual Loops": 1
                                                        }
                                                    ],
                                                    "Plans": [
                                                        {
                                                            "Node Type": "Seq Scan",
                                                            "Parent Relationship": "Outer",
                                                            "Parallel Aware": true,
                                                            "Relation Name": "title",
                                                            "Schema": "public",
                                                            "Alias": "t",
                                                            "Startup Cost": 0.0,
                                                            "Total Cost": 43899.01,
                                                            "Plan Rows": 166168,
                                                            "Plan Width": 4,
                                                            "Actual Startup Time": 0.021,
                                                            "Actual Total Time": 71.668,
                                                            "Actual Rows": 94581,
                                                            "Actual Loops": 7,
                                                            "Output": [
                                                                "t.id",
                                                                "t.title",
                                                                "t.imdb_index",
                                                                "t.kind_id",
                                                                "t.production_year",
                                                                "t.imdb_id",
                                                                "t.phonetic_code",
                                                                "t.episode_of_id",
                                                                "t.season_nr",
                                                                "t.episode_nr",
                                                                "t.series_years",
                                                                "t.md5sum"
                                                            ],
                                                            "Filter": "(t.production_year > 2008)",
                                                            "Rows Removed by Filter": 266607,
                                                            "Workers": [
                                                                {
                                                                    "Worker Number": 0,
                                                                    "Actual Startup Time": 0.014,
                                                                    "Actual Total Time": 72.362,
                                                                    "Actual Rows": 79455,
                                                                    "Actual Loops": 1
                                                                },
                                                                {
                                                                    "Worker Number": 1,
                                                                    "Actual Startup Time": 0.024,
                                                                    "Actual Total Time": 72.62,
                                                                    "Actual Rows": 78804,
                                                                    "Actual Loops": 1
                                                                },
                                                                {
                                                                    "Worker Number": 2,
                                                                    "Actual Startup Time": 0.037,
                                                                    "Actual Total Time": 72.875,
                                                                    "Actual Rows": 75440,
                                                                    "Actual Loops": 1
                                                                },
                                                                {
                                                                    "Worker Number": 3,
                                                                    "Actual Startup Time": 0.017,
                                                                    "Actual Total Time": 72.3,
                                                                    "Actual Rows": 78458,
                                                                    "Actual Loops": 1
                                                                },
                                                                {
                                                                    "Worker Number": 4,
                                                                    "Actual Startup Time": 0.023,
                                                                    "Actual Total Time": 72.319,
                                                                    "Actual Rows": 112692,
                                                                    "Actual Loops": 1
                                                                },
                                                                {
                                                                    "Worker Number": 5,
                                                                    "Actual Startup Time": 0.02,
                                                                    "Actual Total Time": 71.793,
                                                                    "Actual Rows": 107270,
                                                                    "Actual Loops": 1
                                                                }
                                                            ]
                                                        },
                                                        {
                                                            "Node Type": "Hash",
                                                            "Parent Relationship": "Inner",
                                                            "Parallel Aware": true,
                                                            "Startup Cost": 20450.88,
                                                            "Total Cost": 20450.88,
                                                            "Plan Rows": 10349,
                                                            "Plan Width": 4,
                                                            "Actual Startup Time": 25.721,
                                                            "Actual Total Time": 25.724,
                                                            "Actual Rows": 9265,
                                                            "Actual Loops": 7,
                                                            "Output": [
                                                                "mc.movie_id"
                                                            ],
                                                            "Hash Buckets": 65536,
                                                            "Original Hash Buckets": 32768,
                                                            "Hash Batches": 1,
                                                            "Original Hash Batches": 1,
                                                            "Peak Memory Usage": 3424,
                                                            "Workers": [
                                                                {
                                                                    "Worker Number": 0,
                                                                    "Actual Startup Time": 24.237,
                                                                    "Actual Total Time": 24.238,
                                                                    "Actual Rows": 9689,
                                                                    "Actual Loops": 1
                                                                },
                                                                {
                                                                    "Worker Number": 1,
                                                                    "Actual Startup Time": 24.21,
                                                                    "Actual Total Time": 24.212,
                                                                    "Actual Rows": 8427,
                                                                    "Actual Loops": 1
                                                                },
                                                                {
                                                                    "Worker Number": 2,
                                                                    "Actual Startup Time": 24.382,
                                                                    "Actual Total Time": 24.389,
                                                                    "Actual Rows": 7047,
                                                                    "Actual Loops": 1
                                                                },
                                                                {
                                                                    "Worker Number": 3,
                                                                    "Actual Startup Time": 24.854,
                                                                    "Actual Total Time": 24.856,
                                                                    "Actual Rows": 8241,
                                                                    "Actual Loops": 1
                                                                },
                                                                {
                                                                    "Worker Number": 4,
                                                                    "Actual Startup Time": 24.919,
                                                                    "Actual Total Time": 24.921,
                                                                    "Actual Rows": 8225,
                                                                    "Actual Loops": 1
                                                                },
                                                                {
                                                                    "Worker Number": 5,
                                                                    "Actual Startup Time": 25.495,
                                                                    "Actual Total Time": 25.497,
                                                                    "Actual Rows": 8043,
                                                                    "Actual Loops": 1
                                                                }
                                                            ],
                                                            "Plans": [
                                                                {
                                                                    "Node Type": "Bitmap Heap Scan",
                                                                    "Parent Relationship": "Outer",
                                                                    "Parallel Aware": true,
                                                                    "Relation Name": "movie_companies",
                                                                    "Schema": "public",
                                                                    "Alias": "mc",
                                                                    "Startup Cost": 1356.4,
                                                                    "Total Cost": 20450.88,
                                                                    "Plan Rows": 10349,
                                                                    "Plan Width": 4,
                                                                    "Actual Startup Time": 3.053,
                                                                    "Actual Total Time": 16.63,
                                                                    "Actual Rows": 9265,
                                                                    "Actual Loops": 7,
                                                                    "Output": [
                                                                        "mc.movie_id"
                                                                    ],
                                                                    "Recheck Cond": "(mc.company_id > 180257)",
                                                                    "Rows Removed by Index Recheck": 0,
                                                                    "Filter": "(mc.company_type_id = 2)",
                                                                    "Rows Removed by Filter": 0,
                                                                    "Exact Heap Blocks": 534,
                                                                    "Lossy Heap Blocks": 0,
                                                                    "Workers": [
                                                                        {
                                                                            "Worker Number": 0,
                                                                            "Actual Startup Time": 1.604,
                                                                            "Actual Total Time": 15.391,
                                                                            "Actual Rows": 9689,
                                                                            "Actual Loops": 1
                                                                        },
                                                                        {
                                                                            "Worker Number": 1,
                                                                            "Actual Startup Time": 1.698,
                                                                            "Actual Total Time": 15.239,
                                                                            "Actual Rows": 8427,
                                                                            "Actual Loops": 1
                                                                        },
                                                                        {
                                                                            "Worker Number": 2,
                                                                            "Actual Startup Time": 1.596,
                                                                            "Actual Total Time": 15.546,
                                                                            "Actual Rows": 7047,
                                                                            "Actual Loops": 1
                                                                        },
                                                                        {
                                                                            "Worker Number": 3,
                                                                            "Actual Startup Time": 2.327,
                                                                            "Actual Total Time": 15.831,
                                                                            "Actual Rows": 8241,
                                                                            "Actual Loops": 1
                                                                        },
                                                                        {
                                                                            "Worker Number": 4,
                                                                            "Actual Startup Time": 2.136,
                                                                            "Actual Total Time": 17.192,
                                                                            "Actual Rows": 8225,
                                                                            "Actual Loops": 1
                                                                        },
                                                                        {
                                                                            "Worker Number": 5,
                                                                            "Actual Startup Time": 2.804,
                                                                            "Actual Total Time": 17.321,
                                                                            "Actual Rows": 8043,
                                                                            "Actual Loops": 1
                                                                        }
                                                                    ],
                                                                    "Plans": [
                                                                        {
                                                                            "Node Type": "Bitmap Index Scan",
                                                                            "Parent Relationship": "Outer",
                                                                            "Parallel Aware": false,
                                                                            "Index Name": "company_id_movie_companies",
                                                                            "Startup Cost": 0.0,
                                                                            "Total Cost": 1348.38,
                                                                            "Plan Rows": 62926,
                                                                            "Plan Width": 0,
                                                                            "Actual Startup Time": 7.997,
                                                                            "Actual Total Time": 7.997,
                                                                            "Actual Rows": 64854,
                                                                            "Actual Loops": 1,
                                                                            "Index Cond": "(mc.company_id > 180257)"
                                                                        }
                                                                    ]
                                                                }
                                                            ]
                                                        }
                                                    ]
                                                }
                                            ]
                                        }
                                    ]
                                }
                            ]
                        }
                    ]
                }
            ]
        },
        "Planning Time": 464.082,
        "Triggers": [],
        "Execution Time": 383.266
    }
]