{
  "Plan": {
    "Node Type": "Aggregate",
    "Strategy": "Plain",
    "Partial Mode": "Finalize",
    "Parallel Aware": false,
    "Startup Cost": 410672.15,
    "Total Cost": 410672.16,
    "Plan Rows": 1,
    "Plan Width": 8,
    "Actual Startup Time": 1111.891,
    "Actual Total Time": 1128.14,
    "Actual Rows": 1,
    "Actual Loops": 1,
    "Plans": [
      {
        "Node Type": "Gather",
        "Parent Relationship": "Outer",
        "Parallel Aware": false,
        "Startup Cost": 410672.04,
        "Total Cost": 410672.15,
        "Plan Rows": 1,
        "Plan Width": 8,
        "Actual Startup Time": 1107.223,
        "Actual Total Time": 1128.131,
        "Actual Rows": 2,
        "Actual Loops": 1,
        "Workers Planned": 1,
        "Workers Launched": 1,
        "Single Copy": false,
        "Plans": [
          {
            "Node Type": "Aggregate",
            "Strategy": "Plain",
            "Partial Mode": "Partial",
            "Parent Relationship": "Outer",
            "Parallel Aware": false,
            "Startup Cost": 409672.04,
            "Total Cost": 409672.05,
            "Plan Rows": 1,
            "Plan Width": 8,
            "Actual Startup Time": 1101.41,
            "Actual Total Time": 1102.239,
            "Actual Rows": 1,
            "Actual Loops": 2,
            "Plans": [
              {
                "Node Type": "Hash Join",
                "Parent Relationship": "Outer",
                "Parallel Aware": true,
                "Join Type": "Inner",
                "Startup Cost": 145737.56,
                "Total Cost": 409356.44,
                "Plan Rows": 126240,
                "Plan Width": 0,
                "Actual Startup Time": 814.513,
                "Actual Total Time": 1057.292,
                "Actual Rows": 1080846,
                "Actual Loops": 2,
                "Inner Unique": false,
                "Hash Cond": "(ci.movie_id = t.id)",
                "Plans": [
                  {
                    "Node Type": "Bitmap Heap Scan",
                    "Parent Relationship": "Outer",
                    "Parallel Aware": true,
                    "Relation Name": "cast_info",
                    "Alias": "ci",
                    "Startup Cost": 23545.72,
                    "Total Cost": 284070.64,
                    "Plan Rows": 627033,
                    "Plan Width": 4,
                    "Actual Startup Time": 37.214,
                    "Actual Total Time": 89.327,
                    "Actual Rows": 535586,
                    "Actual Loops": 2,
                    "Recheck Cond": "(person_id < 109499)",
                    "Rows Removed by Index Recheck": 0,
                    "Exact Heap Blocks": 5664,
                    "Lossy Heap Blocks": 0,
                    "Plans": [
                      {
                        "Node Type": "Bitmap Index Scan",
                        "Parent Relationship": "Outer",
                        "Parallel Aware": false,
                        "Index Name": "person_id_cast_info",
                        "Startup Cost": 0.0,
                        "Total Cost": 23279.23,
                        "Plan Rows": 1065956,
                        "Plan Width": 0,
                        "Actual Startup Time": 35.64,
                        "Actual Total Time": 35.641,
                        "Actual Rows": 1071172,
                        "Actual Loops": 1,
                        "Index Cond": "(person_id < 109499)"
                      }
                    ]
                  },
                  {
                    "Node Type": "Hash",
                    "Parent Relationship": "Inner",
                    "Parallel Aware": true,
                    "Startup Cost": 118449.05,
                    "Total Cost": 118449.05,
                    "Plan Rows": 299423,
                    "Plan Width": 8,
                    "Actual Startup Time": 771.793,
                    "Actual Total Time": 772.62,
                    "Actual Rows": 824542,
                    "Actual Loops": 2,
                    "Hash Buckets": 2097152,
                    "Original Hash Buckets": 524288,
                    "Hash Batches": 1,
                    "Original Hash Batches": 1,
                    "Peak Memory Usage": 93216,
                    "Plans": [
                      {
                        "Node Type": "Hash Join",
                        "Parent Relationship": "Outer",
                        "Parallel Aware": true,
                        "Join Type": "Inner",
                        "Startup Cost": 60398.21,
                        "Total Cost": 118449.05,
                        "Plan Rows": 299423,
                        "Plan Width": 8,
                        "Actual Startup Time": 190.389,
                        "Actual Total Time": 602.854,
                        "Actual Rows": 824542,
                        "Actual Loops": 2,
                        "Inner Unique": true,
                        "Hash Cond": "(mk.movie_id = t.id)",
                        "Plans": [
                          {
                            "Node Type": "Seq Scan",
                            "Parent Relationship": "Outer",
                            "Parallel Aware": true,
                            "Relation Name": "movie_keyword",
                            "Alias": "mk",
                            "Startup Cost": 0.0,
                            "Total Cost": 51065.35,
                            "Plan Rows": 2661135,
                            "Plan Width": 4,
                            "Actual Startup Time": 0.009,
                            "Actual Total Time": 151.396,
                            "Actual Rows": 2261965,
                            "Actual Loops": 2
                          },
                          {
                            "Node Type": "Hash",
                            "Parent Relationship": "Inner",
                            "Parallel Aware": true,
                            "Startup Cost": 58306.47,
                            "Total Cost": 58306.47,
                            "Plan Rows": 167339,
                            "Plan Width": 4,
                            "Actual Startup Time": 186.916,
                            "Actual Total Time": 186.917,
                            "Actual Rows": 200746,
                            "Actual Loops": 2,
                            "Hash Buckets": 524288,
                            "Original Hash Buckets": 524288,
                            "Hash Batches": 1,
                            "Original Hash Batches": 1,
                            "Peak Memory Usage": 19840,
                            "Plans": [
                              {
                                "Node Type": "Seq Scan",
                                "Parent Relationship": "Outer",
                                "Parallel Aware": true,
                                "Relation Name": "title",
                                "Alias": "t",
                                "Startup Cost": 0.0,
                                "Total Cost": 58306.47,
                                "Plan Rows": 167339,
                                "Plan Width": 4,
                                "Actual Startup Time": 0.071,
                                "Actual Total Time": 140.683,
                                "Actual Rows": 200746,
                                "Actual Loops": 2,
                                "Filter": "((kind_id < 7) AND (production_year < 1992))",
                                "Rows Removed by Filter": 1063410
                              }
                            ]
                          }
                        ]
                      }
                    ]
                  }
                ]
              }
            ]
          }
        ]
      }
    ]
  },
  "Planning Time": 0.95,
  "Triggers": [],
  "Execution Time": 1128.269
}