[
    {
        "Bao": {
            "Bao prediction": 492.526,
            "Bao recommended hint": "(no hint)"
        }
    },
    {
        "Plan": {
            "Node Type": "Aggregate",
            "Strategy": "Plain",
            "Partial Mode": "Finalize",
            "Parallel Aware": false,
            "Startup Cost": 349996.16,
            "Total Cost": 349996.17,
            "Plan Rows": 1,
            "Plan Width": 8,
            "Actual Startup Time": 835.593,
            "Actual Total Time": 865.775,
            "Actual Rows": 1,
            "Actual Loops": 1,
            "Output": [
                "count(*)"
            ],
            "Plans": [
                {
                    "Node Type": "Gather",
                    "Parent Relationship": "Outer",
                    "Parallel Aware": false,
                    "Startup Cost": 349995.53,
                    "Total Cost": 349996.14,
                    "Plan Rows": 6,
                    "Plan Width": 8,
                    "Actual Startup Time": 835.52,
                    "Actual Total Time": 865.766,
                    "Actual Rows": 7,
                    "Actual Loops": 1,
                    "Output": [
                        "(PARTIAL count(*))"
                    ],
                    "Workers Planned": 6,
                    "Workers Launched": 6,
                    "Single Copy": false,
                    "Plans": [
                        {
                            "Node Type": "Aggregate",
                            "Strategy": "Plain",
                            "Partial Mode": "Partial",
                            "Parent Relationship": "Outer",
                            "Parallel Aware": false,
                            "Startup Cost": 348995.53,
                            "Total Cost": 348995.54,
                            "Plan Rows": 1,
                            "Plan Width": 8,
                            "Actual Startup Time": 826.137,
                            "Actual Total Time": 826.138,
                            "Actual Rows": 1,
                            "Actual Loops": 7,
                            "Output": [
                                "PARTIAL count(*)"
                            ],
                            "Workers": [
                                {
                                    "Worker Number": 0,
                                    "Actual Startup Time": 824.248,
                                    "Actual Total Time": 824.249,
                                    "Actual Rows": 1,
                                    "Actual Loops": 1
                                },
                                {
                                    "Worker Number": 1,
                                    "Actual Startup Time": 824.336,
                                    "Actual Total Time": 824.337,
                                    "Actual Rows": 1,
                                    "Actual Loops": 1
                                },
                                {
                                    "Worker Number": 2,
                                    "Actual Startup Time": 824.791,
                                    "Actual Total Time": 824.792,
                                    "Actual Rows": 1,
                                    "Actual Loops": 1
                                },
                                {
                                    "Worker Number": 3,
                                    "Actual Startup Time": 824.839,
                                    "Actual Total Time": 824.84,
                                    "Actual Rows": 1,
                                    "Actual Loops": 1
                                },
                                {
                                    "Worker Number": 4,
                                    "Actual Startup Time": 824.742,
                                    "Actual Total Time": 824.743,
                                    "Actual Rows": 1,
                                    "Actual Loops": 1
                                },
                                {
                                    "Worker Number": 5,
                                    "Actual Startup Time": 825.248,
                                    "Actual Total Time": 825.249,
                                    "Actual Rows": 1,
                                    "Actual Loops": 1
                                }
                            ],
                            "Plans": [
                                {
                                    "Node Type": "Seq Scan",
                                    "Parent Relationship": "Outer",
                                    "Parallel Aware": true,
                                    "Relation Name": "cast_info",
                                    "Schema": "public",
                                    "Alias": "ci",
                                    "Startup Cost": 0.0,
                                    "Total Cost": 343318.94,
                                    "Plan Rows": 2270638,
                                    "Plan Width": 0,
                                    "Actual Startup Time": 361.533,
                                    "Actual Total Time": 714.449,
                                    "Actual Rows": 2083357,
                                    "Actual Loops": 7,
                                    "Output": [
                                        "id",
                                        "person_id",
                                        "movie_id",
                                        "person_role_id",
                                        "note",
                                        "nr_order",
                                        "role_id"
                                    ],
                                    "Filter": "((ci.person_id > 535779) AND (ci.role_id > 2))",
                                    "Rows Removed by Filter": 3094407,
                                    "Workers": [
                                        {
                                            "Worker Number": 0,
                                            "Actual Startup Time": 359.651,
                                            "Actual Total Time": 714.083,
                                            "Actual Rows": 1661642,
                                            "Actual Loops": 1
                                        },
                                        {
                                            "Worker Number": 1,
                                            "Actual Startup Time": 359.723,
                                            "Actual Total Time": 713.788,
                                            "Actual Rows": 1672467,
                                            "Actual Loops": 1
                                        },
                                        {
                                            "Worker Number": 2,
                                            "Actual Startup Time": 360.186,
                                            "Actual Total Time": 714.275,
                                            "Actual Rows": 1671232,
                                            "Actual Loops": 1
                                        },
                                        {
                                            "Worker Number": 3,
                                            "Actual Startup Time": 360.234,
                                            "Actual Total Time": 715.909,
                                            "Actual Rows": 2634184,
                                            "Actual Loops": 1
                                        },
                                        {
                                            "Worker Number": 4,
                                            "Actual Startup Time": 360.143,
                                            "Actual Total Time": 715.568,
                                            "Actual Rows": 2268569,
                                            "Actual Loops": 1
                                        },
                                        {
                                            "Worker Number": 5,
                                            "Actual Startup Time": 360.655,
                                            "Actual Total Time": 716.565,
                                            "Actual Rows": 2632713,
                                            "Actual Loops": 1
                                        }
                                    ]
                                }
                            ]
                        }
                    ]
                }
            ]
        },
        "Planning Time": 1232.192,
        "Triggers": [],
        "Execution Time": 865.866
    }
]