[
    {
        "Bao": {
            "Bao prediction": "NaN",
            "Bao recommended hint": "(no hint)"
        }
    },
    {
        "Plan": {
            "Node Type": "Aggregate",
            "Strategy": "Plain",
            "Partial Mode": "Finalize",
            "Parallel Aware": false,
            "Startup Cost": 350595.29,
            "Total Cost": 350595.3,
            "Plan Rows": 1,
            "Plan Width": 8,
            "Actual Startup Time": 731.578,
            "Actual Total Time": 759.511,
            "Actual Rows": 1,
            "Actual Loops": 1,
            "Output": [
                "count(*)"
            ],
            "Plans": [
                {
                    "Node Type": "Gather",
                    "Parent Relationship": "Outer",
                    "Parallel Aware": false,
                    "Startup Cost": 350594.67,
                    "Total Cost": 350595.28,
                    "Plan Rows": 6,
                    "Plan Width": 8,
                    "Actual Startup Time": 731.436,
                    "Actual Total Time": 759.502,
                    "Actual Rows": 7,
                    "Actual Loops": 1,
                    "Output": [
                        "(PARTIAL count(*))"
                    ],
                    "Workers Planned": 6,
                    "Workers Launched": 6,
                    "Single Copy": false,
                    "Plans": [
                        {
                            "Node Type": "Aggregate",
                            "Strategy": "Plain",
                            "Partial Mode": "Partial",
                            "Parent Relationship": "Outer",
                            "Parallel Aware": false,
                            "Startup Cost": 349594.67,
                            "Total Cost": 349594.68,
                            "Plan Rows": 1,
                            "Plan Width": 8,
                            "Actual Startup Time": 721.557,
                            "Actual Total Time": 721.558,
                            "Actual Rows": 1,
                            "Actual Loops": 7,
                            "Output": [
                                "PARTIAL count(*)"
                            ],
                            "Workers": [
                                {
                                    "Worker Number": 0,
                                    "Actual Startup Time": 719.38,
                                    "Actual Total Time": 719.38,
                                    "Actual Rows": 1,
                                    "Actual Loops": 1
                                },
                                {
                                    "Worker Number": 1,
                                    "Actual Startup Time": 719.452,
                                    "Actual Total Time": 719.453,
                                    "Actual Rows": 1,
                                    "Actual Loops": 1
                                },
                                {
                                    "Worker Number": 2,
                                    "Actual Startup Time": 719.86,
                                    "Actual Total Time": 719.861,
                                    "Actual Rows": 1,
                                    "Actual Loops": 1
                                },
                                {
                                    "Worker Number": 3,
                                    "Actual Startup Time": 720.119,
                                    "Actual Total Time": 720.12,
                                    "Actual Rows": 1,
                                    "Actual Loops": 1
                                },
                                {
                                    "Worker Number": 4,
                                    "Actual Startup Time": 720.12,
                                    "Actual Total Time": 720.121,
                                    "Actual Rows": 1,
                                    "Actual Loops": 1
                                },
                                {
                                    "Worker Number": 5,
                                    "Actual Startup Time": 720.85,
                                    "Actual Total Time": 720.851,
                                    "Actual Rows": 1,
                                    "Actual Loops": 1
                                }
                            ],
                            "Plans": [
                                {
                                    "Node Type": "Seq Scan",
                                    "Parent Relationship": "Outer",
                                    "Parallel Aware": true,
                                    "Relation Name": "cast_info",
                                    "Schema": "public",
                                    "Alias": "ci",
                                    "Startup Cost": 0.0,
                                    "Total Cost": 343318.94,
                                    "Plan Rows": 2510291,
                                    "Plan Width": 0,
                                    "Actual Startup Time": 320.172,
                                    "Actual Total Time": 625.424,
                                    "Actual Rows": 2215532,
                                    "Actual Loops": 7,
                                    "Output": [
                                        "id",
                                        "person_id",
                                        "movie_id",
                                        "person_role_id",
                                        "note",
                                        "nr_order",
                                        "role_id"
                                    ],
                                    "Filter": "((ci.person_id > 211398) AND (ci.role_id > 2))",
                                    "Rows Removed by Filter": 2962231,
                                    "Workers": [
                                        {
                                            "Worker Number": 0,
                                            "Actual Startup Time": 317.97,
                                            "Actual Total Time": 627.514,
                                            "Actual Rows": 2246979,
                                            "Actual Loops": 1
                                        },
                                        {
                                            "Worker Number": 1,
                                            "Actual Startup Time": 318.079,
                                            "Actual Total Time": 627.77,
                                            "Actual Rows": 2240952,
                                            "Actual Loops": 1
                                        },
                                        {
                                            "Worker Number": 2,
                                            "Actual Startup Time": 318.472,
                                            "Actual Total Time": 622.169,
                                            "Actual Rows": 1480270,
                                            "Actual Loops": 1
                                        },
                                        {
                                            "Worker Number": 3,
                                            "Actual Startup Time": 318.744,
                                            "Actual Total Time": 626.174,
                                            "Actual Rows": 2287744,
                                            "Actual Loops": 1
                                        },
                                        {
                                            "Worker Number": 4,
                                            "Actual Startup Time": 318.745,
                                            "Actual Total Time": 625.787,
                                            "Actual Rows": 2296941,
                                            "Actual Loops": 1
                                        },
                                        {
                                            "Worker Number": 5,
                                            "Actual Startup Time": 319.468,
                                            "Actual Total Time": 628.662,
                                            "Actual Rows": 2255051,
                                            "Actual Loops": 1
                                        }
                                    ]
                                }
                            ]
                        }
                    ]
                }
            ]
        },
        "Planning Time": 181.317,
        "Triggers": [],
        "Execution Time": 759.556
    }
]