{
  "Plan": {
    "Node Type": "Aggregate",
    "Strategy": "Plain",
    "Partial Mode": "Finalize",
    "Parallel Aware": false,
    "Startup Cost": 122745.62,
    "Total Cost": 122745.63,
    "Plan Rows": 1,
    "Plan Width": 8,
    "Actual Startup Time": 486.235,
    "Actual Total Time": 504.928,
    "Actual Rows": 1,
    "Actual Loops": 1,
    "Plans": [
      {
        "Node Type": "Gather",
        "Parent Relationship": "Outer",
        "Parallel Aware": false,
        "Startup Cost": 122745.51,
        "Total Cost": 122745.62,
        "Plan Rows": 1,
        "Plan Width": 8,
        "Actual Startup Time": 485.312,
        "Actual Total Time": 504.921,
        "Actual Rows": 2,
        "Actual Loops": 1,
        "Workers Planned": 1,
        "Workers Launched": 1,
        "Single Copy": false,
        "Plans": [
          {
            "Node Type": "Aggregate",
            "Strategy": "Plain",
            "Partial Mode": "Partial",
            "Parent Relationship": "Outer",
            "Parallel Aware": false,
            "Startup Cost": 121745.51,
            "Total Cost": 121745.52,
            "Plan Rows": 1,
            "Plan Width": 8,
            "Actual Startup Time": 481.34,
            "Actual Total Time": 481.346,
            "Actual Rows": 1,
            "Actual Loops": 2,
            "Plans": [
              {
                "Node Type": "Hash Join",
                "Parent Relationship": "Outer",
                "Parallel Aware": true,
                "Join Type": "Inner",
                "Startup Cost": 102580.27,
                "Total Cost": 121728.08,
                "Plan Rows": 6973,
                "Plan Width": 0,
                "Actual Startup Time": 406.092,
                "Actual Total Time": 480.883,
                "Actual Rows": 7130,
                "Actual Loops": 2,
                "Inner Unique": false,
                "Hash Cond": "(mi_idx.movie_id = t.id)",
                "Plans": [
                  {
                    "Node Type": "Seq Scan",
                    "Parent Relationship": "Outer",
                    "Parallel Aware": true,
                    "Relation Name": "movie_info_idx",
                    "Alias": "mi_idx",
                    "Startup Cost": 0.0,
                    "Total Cost": 18082.32,
                    "Plan Rows": 273193,
                    "Plan Width": 4,
                    "Actual Startup Time": 0.024,
                    "Actual Total Time": 57.175,
                    "Actual Rows": 229962,
                    "Actual Loops": 2,
                    "Filter": "(info_type_id = 100)",
                    "Rows Removed by Filter": 460055
                  },
                  {
                    "Node Type": "Hash",
                    "Parent Relationship": "Inner",
                    "Parallel Aware": true,
                    "Startup Cost": 102105.77,
                    "Total Cost": 102105.77,
                    "Plan Rows": 37960,
                    "Plan Width": 8,
                    "Actual Startup Time": 399.659,
                    "Actual Total Time": 399.663,
                    "Actual Rows": 14229,
                    "Actual Loops": 2,
                    "Hash Buckets": 65536,
                    "Original Hash Buckets": 65536,
                    "Hash Batches": 1,
                    "Original Hash Batches": 1,
                    "Peak Memory Usage": 1664,
                    "Plans": [
                      {
                        "Node Type": "Hash Join",
                        "Parent Relationship": "Outer",
                        "Parallel Aware": true,
                        "Join Type": "Inner",
                        "Startup Cost": 71336.2,
                        "Total Cost": 102105.77,
                        "Plan Rows": 37960,
                        "Plan Width": 8,
                        "Actual Startup Time": 252.023,
                        "Actual Total Time": 395.389,
                        "Actual Rows": 14229,
                        "Actual Loops": 2,
                        "Inner Unique": true,
                        "Hash Cond": "(mk.movie_id = t.id)",
                        "Plans": [
                          {
                            "Node Type": "Bitmap Heap Scan",
                            "Parent Relationship": "Outer",
                            "Parallel Aware": true,
                            "Relation Name": "movie_keyword",
                            "Alias": "mk",
                            "Startup Cost": 15057.76,
                            "Total Cost": 44731.24,
                            "Plan Rows": 417558,
                            "Plan Width": 4,
                            "Actual Startup Time": 68.841,
                            "Actual Total Time": 156.398,
                            "Actual Rows": 350028,
                            "Actual Loops": 2,
                            "Recheck Cond": "(keyword_id > 26916)",
                            "Rows Removed by Index Recheck": 0,
                            "Exact Heap Blocks": 14616,
                            "Lossy Heap Blocks": 0,
                            "Plans": [
                              {
                                "Node Type": "Bitmap Index Scan",
                                "Parent Relationship": "Outer",
                                "Parallel Aware": false,
                                "Index Name": "keyword_id_movie_keyword",
                                "Startup Cost": 0.0,
                                "Total Cost": 14880.3,
                                "Plan Rows": 709849,
                                "Plan Width": 0,
                                "Actual Startup Time": 63.12,
                                "Actual Total Time": 63.121,
                                "Actual Rows": 700056,
                                "Actual Loops": 1,
                                "Index Cond": "(keyword_id > 26916)"
                              }
                            ]
                          },
                          {
                            "Node Type": "Hash",
                            "Parent Relationship": "Inner",
                            "Parallel Aware": true,
                            "Startup Cost": 54588.39,
                            "Total Cost": 54588.39,
                            "Plan Rows": 135204,
                            "Plan Width": 4,
                            "Actual Startup Time": 180.784,
                            "Actual Total Time": 180.785,
                            "Actual Rows": 115824,
                            "Actual Loops": 2,
                            "Hash Buckets": 262144,
                            "Original Hash Buckets": 262144,
                            "Hash Batches": 1,
                            "Original Hash Batches": 1,
                            "Peak Memory Usage": 11136,
                            "Plans": [
                              {
                                "Node Type": "Seq Scan",
                                "Parent Relationship": "Outer",
                                "Parallel Aware": true,
                                "Relation Name": "title",
                                "Alias": "t",
                                "Startup Cost": 0.0,
                                "Total Cost": 54588.39,
                                "Plan Rows": 135204,
                                "Plan Width": 4,
                                "Actual Startup Time": 0.023,
                                "Actual Total Time": 148.909,
                                "Actual Rows": 115824,
                                "Actual Loops": 2,
                                "Filter": "(production_year > 2011)",
                                "Rows Removed by Filter": 1148332
                              }
                            ]
                          }
                        ]
                      }
                    ]
                  }
                ]
              }
            ]
          }
        ]
      }
    ]
  },
  "Planning Time": 0.873,
  "Triggers": [],
  "Execution Time": 505.071
}