[
  {
    "Plan": {
      "Node Type": "Aggregate",
      "Strategy": "Plain",
      "Partial Mode": "Finalize",
      "Parallel Aware": false,
      "Startup Cost": 96947.41,
      "Total Cost": 96947.42,
      "Plan Rows": 1,
      "Plan Width": 8,
      "Actual Startup Time": 434.948,
      "Actual Total Time": 451.507,
      "Actual Rows": 1,
      "Actual Loops": 1,
      "Plans": [
        {
          "Node Type": "Gather",
          "Parent Relationship": "Outer",
          "Parallel Aware": false,
          "Startup Cost": 96947.1,
          "Total Cost": 96947.41,
          "Plan Rows": 3,
          "Plan Width": 8,
          "Actual Startup Time": 431.66,
          "Actual Total Time": 451.486,
          "Actual Rows": 4,
          "Actual Loops": 1,
          "Workers Planned": 3,
          "Workers Launched": 3,
          "Single Copy": false,
          "Plans": [
            {
              "Node Type": "Aggregate",
              "Strategy": "Plain",
              "Partial Mode": "Partial",
              "Parent Relationship": "Outer",
              "Parallel Aware": false,
              "Startup Cost": 95947.1,
              "Total Cost": 95947.11,
              "Plan Rows": 1,
              "Plan Width": 8,
              "Actual Startup Time": 422.803,
              "Actual Total Time": 422.806,
              "Actual Rows": 1,
              "Actual Loops": 4,
              "Plans": [
                {
                  "Node Type": "Hash Join",
                  "Parent Relationship": "Outer",
                  "Parallel Aware": true,
                  "Join Type": "Inner",
                  "Startup Cost": 48258.57,
                  "Total Cost": 94694.1,
                  "Plan Rows": 501199,
                  "Plan Width": 0,
                  "Actual Startup Time": 194.977,
                  "Actual Total Time": 415.537,
                  "Actual Rows": 181512,
                  "Actual Loops": 4,
                  "Inner Unique": true,
                  "Hash Cond": "(mk.movie_id = t.id)",
                  "Plans": [
                    {
                      "Node Type": "Seq Scan",
                      "Parent Relationship": "Outer",
                      "Parallel Aware": true,
                      "Relation Name": "movie_keyword",
                      "Alias": "mk",
                      "Startup Cost": 0.0,
                      "Total Cost": 42695.65,
                      "Plan Rows": 1424709,
                      "Plan Width": 4,
                      "Actual Startup Time": 0.03,
                      "Actual Total Time": 111.16,
                      "Actual Rows": 1104319,
                      "Actual Loops": 4,
                      "Filter": "(keyword_id < 80821)",
                      "Rows Removed by Filter": 26664
                    },
                    {
                      "Node Type": "Hash",
                      "Parent Relationship": "Inner",
                      "Parallel Aware": true,
                      "Startup Cost": 45479.1,
                      "Total Cost": 45479.1,
                      "Plan Rows": 222358,
                      "Plan Width": 4,
                      "Actual Startup Time": 189.729,
                      "Actual Total Time": 189.73,
                      "Actual Rows": 236932,
                      "Actual Loops": 4,
                      "Hash Buckets": 1048576,
                      "Original Hash Buckets": 1048576,
                      "Hash Batches": 1,
                      "Original Hash Batches": 1,
                      "Peak Memory Usage": 45344,
                      "Plans": [
                        {
                          "Node Type": "Seq Scan",
                          "Parent Relationship": "Outer",
                          "Parallel Aware": true,
                          "Relation Name": "title",
                          "Alias": "t",
                          "Startup Cost": 0.0,
                          "Total Cost": 45479.1,
                          "Plan Rows": 222358,
                          "Plan Width": 4,
                          "Actual Startup Time": 0.043,
                          "Actual Total Time": 105.369,
                          "Actual Rows": 236932,
                          "Actual Loops": 4,
                          "Filter": "((kind_id > 1) AND (production_year > 2003))",
                          "Rows Removed by Filter": 395146
                        }
                      ]
                    }
                  ]
                }
              ]
            }
          ]
        }
      ]
    },
    "Planning Time": 0.633,
    "Triggers": [],
    "Execution Time": 451.58
  }
]