{
  "Plan": {
    "Node Type": "Aggregate",
    "Strategy": "Plain",
    "Partial Mode": "Finalize",
    "Parallel Aware": false,
    "Startup Cost": 403356.56,
    "Total Cost": 403356.57,
    "Plan Rows": 1,
    "Plan Width": 8,
    "Actual Startup Time": 1846.212,
    "Actual Total Time": 1901.599,
    "Actual Rows": 1,
    "Actual Loops": 1,
    "Plans": [
      {
        "Node Type": "Gather",
        "Parent Relationship": "Outer",
        "Parallel Aware": false,
        "Startup Cost": 403356.45,
        "Total Cost": 403356.56,
        "Plan Rows": 1,
        "Plan Width": 8,
        "Actual Startup Time": 1841.657,
        "Actual Total Time": 1901.589,
        "Actual Rows": 2,
        "Actual Loops": 1,
        "Workers Planned": 1,
        "Workers Launched": 1,
        "Single Copy": false,
        "Plans": [
          {
            "Node Type": "Aggregate",
            "Strategy": "Plain",
            "Partial Mode": "Partial",
            "Parent Relationship": "Outer",
            "Parallel Aware": false,
            "Startup Cost": 402356.45,
            "Total Cost": 402356.46,
            "Plan Rows": 1,
            "Plan Width": 8,
            "Actual Startup Time": 1833.478,
            "Actual Total Time": 1833.802,
            "Actual Rows": 1,
            "Actual Loops": 2,
            "Plans": [
              {
                "Node Type": "Hash Join",
                "Parent Relationship": "Outer",
                "Parallel Aware": true,
                "Join Type": "Inner",
                "Startup Cost": 369726.04,
                "Total Cost": 401717.88,
                "Plan Rows": 255427,
                "Plan Width": 0,
                "Actual Startup Time": 1695.982,
                "Actual Total Time": 1826.949,
                "Actual Rows": 145930,
                "Actual Loops": 2,
                "Inner Unique": false,
                "Hash Cond": "(mk.movie_id = t.id)",
                "Plans": [
                  {
                    "Node Type": "Bitmap Heap Scan",
                    "Parent Relationship": "Outer",
                    "Parallel Aware": true,
                    "Relation Name": "movie_keyword",
                    "Alias": "mk",
                    "Startup Cost": 13393.69,
                    "Total Cost": 42490.25,
                    "Plan Rows": 371405,
                    "Plan Width": 4,
                    "Actual Startup Time": 37.795,
                    "Actual Total Time": 110.538,
                    "Actual Rows": 307550,
                    "Actual Loops": 2,
                    "Recheck Cond": "(keyword_id > 29737)",
                    "Rows Removed by Index Recheck": 0,
                    "Exact Heap Blocks": 13431,
                    "Lossy Heap Blocks": 0,
                    "Plans": [
                      {
                        "Node Type": "Bitmap Index Scan",
                        "Parent Relationship": "Outer",
                        "Parallel Aware": false,
                        "Index Name": "keyword_id_movie_keyword",
                        "Startup Cost": 0.0,
                        "Total Cost": 13235.84,
                        "Plan Rows": 631388,
                        "Plan Width": 0,
                        "Actual Startup Time": 34.349,
                        "Actual Total Time": 34.35,
                        "Actual Rows": 615101,
                        "Actual Loops": 1,
                        "Index Cond": "(keyword_id > 29737)"
                      }
                    ]
                  },
                  {
                    "Node Type": "Hash",
                    "Parent Relationship": "Inner",
                    "Parallel Aware": true,
                    "Startup Cost": 343547.14,
                    "Total Cost": 343547.14,
                    "Plan Rows": 1022817,
                    "Plan Width": 8,
                    "Actual Startup Time": 1643.5,
                    "Actual Total Time": 1643.822,
                    "Actual Rows": 400220,
                    "Actual Loops": 2,
                    "Hash Buckets": 2097152,
                    "Original Hash Buckets": 2097152,
                    "Hash Batches": 1,
                    "Original Hash Batches": 1,
                    "Peak Memory Usage": 47744,
                    "Plans": [
                      {
                        "Node Type": "Hash Join",
                        "Parent Relationship": "Outer",
                        "Parallel Aware": true,
                        "Join Type": "Inner",
                        "Startup Cost": 63855.07,
                        "Total Cost": 343547.14,
                        "Plan Rows": 1022817,
                        "Plan Width": 8,
                        "Actual Startup Time": 263.864,
                        "Actual Total Time": 1515.378,
                        "Actual Rows": 400220,
                        "Actual Loops": 2,
                        "Inner Unique": true,
                        "Hash Cond": "(mi.movie_id = t.id)",
                        "Plans": [
                          {
                            "Node Type": "Seq Scan",
                            "Parent Relationship": "Outer",
                            "Parallel Aware": true,
                            "Relation Name": "movie_info",
                            "Alias": "mi",
                            "Startup Cost": 0.0,
                            "Total Cost": 270696.42,
                            "Plan Rows": 3426912,
                            "Plan Width": 4,
                            "Actual Startup Time": 0.01,
                            "Actual Total Time": 657.274,
                            "Actual Rows": 2942482,
                            "Actual Loops": 2,
                            "Filter": "(info_type_id < 7)",
                            "Rows Removed by Filter": 4475378
                          },
                          {
                            "Node Type": "Hash",
                            "Parent Relationship": "Inner",
                            "Parallel Aware": true,
                            "Startup Cost": 58306.47,
                            "Total Cost": 58306.47,
                            "Plan Rows": 443888,
                            "Plan Width": 4,
                            "Actual Startup Time": 257.939,
                            "Actual Total Time": 257.94,
                            "Actual Rows": 398319,
                            "Actual Loops": 2,
                            "Hash Buckets": 1048576,
                            "Original Hash Buckets": 1048576,
                            "Hash Batches": 1,
                            "Original Hash Batches": 1,
                            "Peak Memory Usage": 39392,
                            "Plans": [
                              {
                                "Node Type": "Seq Scan",
                                "Parent Relationship": "Outer",
                                "Parallel Aware": true,
                                "Relation Name": "title",
                                "Alias": "t",
                                "Startup Cost": 0.0,
                                "Total Cost": 58306.47,
                                "Plan Rows": 443888,
                                "Plan Width": 4,
                                "Actual Startup Time": 0.031,
                                "Actual Total Time": 159.625,
                                "Actual Rows": 398319,
                                "Actual Loops": 2,
                                "Filter": "((kind_id > 1) AND (production_year > 2005))",
                                "Rows Removed by Filter": 865837
                              }
                            ]
                          }
                        ]
                      }
                    ]
                  }
                ]
              }
            ]
          }
        ]
      }
    ]
  },
  "Planning Time": 0.955,
  "Triggers": [],
  "Execution Time": 1901.713
}