[
  {
    "Plan": {
      "Node Type": "Aggregate",
      "Strategy": "Plain",
      "Partial Mode": "Finalize",
      "Parallel Aware": false,
      "Startup Cost": 77683.43,
      "Total Cost": 77683.44,
      "Plan Rows": 1,
      "Plan Width": 8,
      "Actual Startup Time": 240.667,
      "Actual Total Time": 255.458,
      "Actual Rows": 1,
      "Actual Loops": 1,
      "Plans": [
        {
          "Node Type": "Gather",
          "Parent Relationship": "Outer",
          "Parallel Aware": false,
          "Startup Cost": 77683.01,
          "Total Cost": 77683.42,
          "Plan Rows": 4,
          "Plan Width": 8,
          "Actual Startup Time": 238.331,
          "Actual Total Time": 255.45,
          "Actual Rows": 5,
          "Actual Loops": 1,
          "Workers Planned": 4,
          "Workers Launched": 4,
          "Single Copy": false,
          "Plans": [
            {
              "Node Type": "Aggregate",
              "Strategy": "Plain",
              "Partial Mode": "Partial",
              "Parent Relationship": "Outer",
              "Parallel Aware": false,
              "Startup Cost": 76683.01,
              "Total Cost": 76683.02,
              "Plan Rows": 1,
              "Plan Width": 8,
              "Actual Startup Time": 229.853,
              "Actual Total Time": 229.905,
              "Actual Rows": 1,
              "Actual Loops": 5,
              "Plans": [
                {
                  "Node Type": "Nested Loop",
                  "Parent Relationship": "Outer",
                  "Parallel Aware": false,
                  "Join Type": "Inner",
                  "Startup Cost": 27419.96,
                  "Total Cost": 76676.33,
                  "Plan Rows": 2670,
                  "Plan Width": 0,
                  "Actual Startup Time": 98.771,
                  "Actual Total Time": 228.017,
                  "Actual Rows": 31651,
                  "Actual Loops": 5,
                  "Inner Unique": false,
                  "Plans": [
                    {
                      "Node Type": "Hash Join",
                      "Parent Relationship": "Outer",
                      "Parallel Aware": true,
                      "Join Type": "Inner",
                      "Startup Cost": 27419.53,
                      "Total Cost": 73314.44,
                      "Plan Rows": 4892,
                      "Plan Width": 8,
                      "Actual Startup Time": 97.133,
                      "Actual Total Time": 151.879,
                      "Actual Rows": 24813,
                      "Actual Loops": 5,
                      "Inner Unique": false,
                      "Hash Cond": "(t.id = mc.movie_id)",
                      "Plans": [
                        {
                          "Node Type": "Seq Scan",
                          "Parent Relationship": "Outer",
                          "Parallel Aware": true,
                          "Relation Name": "title",
                          "Alias": "t",
                          "Startup Cost": 0.0,
                          "Total Cost": 45479.21,
                          "Plan Rows": 79984,
                          "Plan Width": 4,
                          "Actual Startup Time": 0.016,
                          "Actual Total Time": 63.803,
                          "Actual Rows": 86672,
                          "Actual Loops": 5,
                          "Filter": "((kind_id < 7) AND (production_year < 1995))",
                          "Rows Removed by Filter": 418991
                        },
                        {
                          "Node Type": "Hash",
                          "Parent Relationship": "Inner",
                          "Parallel Aware": true,
                          "Startup Cost": 26795.93,
                          "Total Cost": 26795.93,
                          "Plan Rows": 49888,
                          "Plan Width": 4,
                          "Actual Startup Time": 60.936,
                          "Actual Total Time": 60.937,
                          "Actual Rows": 61188,
                          "Actual Loops": 5,
                          "Hash Buckets": 524288,
                          "Original Hash Buckets": 262144,
                          "Hash Batches": 1,
                          "Original Hash Batches": 1,
                          "Peak Memory Usage": 18144,
                          "Plans": [
                            {
                              "Node Type": "Bitmap Heap Scan",
                              "Parent Relationship": "Outer",
                              "Parallel Aware": true,
                              "Relation Name": "movie_companies",
                              "Alias": "mc",
                              "Startup Cost": 6538.15,
                              "Total Cost": 26795.93,
                              "Plan Rows": 49888,
                              "Plan Width": 4,
                              "Actual Startup Time": 6.69,
                              "Actual Total Time": 33.48,
                              "Actual Rows": 61188,
                              "Actual Loops": 5,
                              "Recheck Cond": "(company_id > 93251)",
                              "Rows Removed by Index Recheck": 0,
                              "Filter": "(company_type_id = 2)",
                              "Rows Removed by Filter": 0,
                              "Exact Heap Blocks": 1832,
                              "Lossy Heap Blocks": 0,
                              "Plans": [
                                {
                                  "Node Type": "Bitmap Index Scan",
                                  "Parent Relationship": "Outer",
                                  "Parallel Aware": false,
                                  "Index Name": "company_id_movie_companies",
                                  "Startup Cost": 0.0,
                                  "Total Cost": 6499.49,
                                  "Plan Rows": 303341,
                                  "Plan Width": 0,
                                  "Actual Startup Time": 12.342,
                                  "Actual Total Time": 12.342,
                                  "Actual Rows": 305940,
                                  "Actual Loops": 1,
                                  "Index Cond": "(company_id > 93251)"
                                }
                              ]
                            }
                          ]
                        }
                      ]
                    },
                    {
                      "Node Type": "Index Only Scan",
                      "Parent Relationship": "Inner",
                      "Parallel Aware": false,
                      "Scan Direction": "Forward",
                      "Index Name": "movie_id_movie_info_idx",
                      "Relation Name": "movie_info_idx",
                      "Alias": "mi_idx",
                      "Startup Cost": 0.43,
                      "Total Cost": 0.66,
                      "Plan Rows": 3,
                      "Plan Width": 4,
                      "Actual Startup Time": 0.003,
                      "Actual Total Time": 0.003,
                      "Actual Rows": 1,
                      "Actual Loops": 124065,
                      "Index Cond": "(movie_id = t.id)",
                      "Rows Removed by Index Recheck": 0,
                      "Heap Fetches": 158257
                    }
                  ]
                }
              ]
            }
          ]
        }
      ]
    },
    "Planning Time": 0.398,
    "Triggers": [],
    "Execution Time": 255.502
  }
]