[
  {
    "Plan": {
      "Node Type": "Aggregate",
      "Strategy": "Plain",
      "Partial Mode": "Finalize",
      "Parallel Aware": false,
      "Startup Cost": 77798.21,
      "Total Cost": 77798.22,
      "Plan Rows": 1,
      "Plan Width": 8,
      "Actual Startup Time": 271.109,
      "Actual Total Time": 286.36,
      "Actual Rows": 1,
      "Actual Loops": 1,
      "Plans": [
        {
          "Node Type": "Gather",
          "Parent Relationship": "Outer",
          "Parallel Aware": false,
          "Startup Cost": 77797.79,
          "Total Cost": 77798.2,
          "Plan Rows": 4,
          "Plan Width": 8,
          "Actual Startup Time": 269.565,
          "Actual Total Time": 286.351,
          "Actual Rows": 5,
          "Actual Loops": 1,
          "Workers Planned": 4,
          "Workers Launched": 4,
          "Single Copy": false,
          "Plans": [
            {
              "Node Type": "Aggregate",
              "Strategy": "Plain",
              "Partial Mode": "Partial",
              "Parent Relationship": "Outer",
              "Parallel Aware": false,
              "Startup Cost": 76797.79,
              "Total Cost": 76797.8,
              "Plan Rows": 1,
              "Plan Width": 8,
              "Actual Startup Time": 259.353,
              "Actual Total Time": 259.41,
              "Actual Rows": 1,
              "Actual Loops": 5,
              "Plans": [
                {
                  "Node Type": "Nested Loop",
                  "Parent Relationship": "Outer",
                  "Parallel Aware": false,
                  "Join Type": "Inner",
                  "Startup Cost": 27533.84,
                  "Total Cost": 76791.12,
                  "Plan Rows": 2667,
                  "Plan Width": 0,
                  "Actual Startup Time": 131.169,
                  "Actual Total Time": 257.839,
                  "Actual Rows": 31651,
                  "Actual Loops": 5,
                  "Inner Unique": false,
                  "Plans": [
                    {
                      "Node Type": "Hash Join",
                      "Parent Relationship": "Outer",
                      "Parallel Aware": true,
                      "Join Type": "Inner",
                      "Startup Cost": 27533.41,
                      "Total Cost": 73423.85,
                      "Plan Rows": 4886,
                      "Plan Width": 8,
                      "Actual Startup Time": 129.354,
                      "Actual Total Time": 188.816,
                      "Actual Rows": 24813,
                      "Actual Loops": 5,
                      "Inner Unique": false,
                      "Hash Cond": "(t.id = mc.movie_id)",
                      "Plans": [
                        {
                          "Node Type": "Seq Scan",
                          "Parent Relationship": "Outer",
                          "Parallel Aware": true,
                          "Relation Name": "title",
                          "Alias": "t",
                          "Startup Cost": 0.0,
                          "Total Cost": 45479.1,
                          "Plan Rows": 79116,
                          "Plan Width": 4,
                          "Actual Startup Time": 0.018,
                          "Actual Total Time": 71.515,
                          "Actual Rows": 86672,
                          "Actual Loops": 5,
                          "Filter": "((kind_id < 7) AND (production_year < 1995))",
                          "Rows Removed by Filter": 418991
                        },
                        {
                          "Node Type": "Hash",
                          "Parent Relationship": "Inner",
                          "Parallel Aware": true,
                          "Startup Cost": 26903.83,
                          "Total Cost": 26903.83,
                          "Plan Rows": 50367,
                          "Plan Width": 4,
                          "Actual Startup Time": 86.102,
                          "Actual Total Time": 86.103,
                          "Actual Rows": 61188,
                          "Actual Loops": 5,
                          "Hash Buckets": 524288,
                          "Original Hash Buckets": 262144,
                          "Hash Batches": 1,
                          "Original Hash Batches": 1,
                          "Peak Memory Usage": 18176,
                          "Plans": [
                            {
                              "Node Type": "Bitmap Heap Scan",
                              "Parent Relationship": "Outer",
                              "Parallel Aware": true,
                              "Relation Name": "movie_companies",
                              "Alias": "mc",
                              "Startup Cost": 6625.84,
                              "Total Cost": 26903.83,
                              "Plan Rows": 50367,
                              "Plan Width": 4,
                              "Actual Startup Time": 26.104,
                              "Actual Total Time": 55.681,
                              "Actual Rows": 61188,
                              "Actual Loops": 5,
                              "Recheck Cond": "(company_id > 93251)",
                              "Rows Removed by Index Recheck": 0,
                              "Filter": "(company_type_id = 2)",
                              "Rows Removed by Filter": 0,
                              "Exact Heap Blocks": 1809,
                              "Lossy Heap Blocks": 0,
                              "Plans": [
                                {
                                  "Node Type": "Bitmap Index Scan",
                                  "Parent Relationship": "Outer",
                                  "Parallel Aware": false,
                                  "Index Name": "company_id_movie_companies",
                                  "Startup Cost": 0.0,
                                  "Total Cost": 6586.81,
                                  "Plan Rows": 307517,
                                  "Plan Width": 0,
                                  "Actual Startup Time": 28.091,
                                  "Actual Total Time": 28.091,
                                  "Actual Rows": 305940,
                                  "Actual Loops": 1,
                                  "Index Cond": "(company_id > 93251)"
                                }
                              ]
                            }
                          ]
                        }
                      ]
                    },
                    {
                      "Node Type": "Index Only Scan",
                      "Parent Relationship": "Inner",
                      "Parallel Aware": false,
                      "Scan Direction": "Forward",
                      "Index Name": "movie_id_movie_info_idx",
                      "Relation Name": "movie_info_idx",
                      "Alias": "mi_idx",
                      "Startup Cost": 0.43,
                      "Total Cost": 0.66,
                      "Plan Rows": 3,
                      "Plan Width": 4,
                      "Actual Startup Time": 0.002,
                      "Actual Total Time": 0.003,
                      "Actual Rows": 1,
                      "Actual Loops": 124065,
                      "Index Cond": "(movie_id = t.id)",
                      "Rows Removed by Index Recheck": 0,
                      "Heap Fetches": 158257
                    }
                  ]
                }
              ]
            }
          ]
        }
      ]
    },
    "Planning Time": 1.437,
    "Triggers": [],
    "Execution Time": 286.467
  }
]