[
  {
    "Plan": {
      "Node Type": "Aggregate",
      "Strategy": "Plain",
      "Partial Mode": "Finalize",
      "Parallel Aware": false,
      "Startup Cost": 26059.49,
      "Total Cost": 26059.5,
      "Plan Rows": 1,
      "Plan Width": 8,
      "Actual Startup Time": 24.718,
      "Actual Total Time": 31.036,
      "Actual Rows": 1,
      "Actual Loops": 1,
      "Plans": [
        {
          "Node Type": "Gather",
          "Parent Relationship": "Outer",
          "Parallel Aware": false,
          "Startup Cost": 26059.27,
          "Total Cost": 26059.48,
          "Plan Rows": 2,
          "Plan Width": 8,
          "Actual Startup Time": 24.624,
          "Actual Total Time": 31.031,
          "Actual Rows": 3,
          "Actual Loops": 1,
          "Workers Planned": 2,
          "Workers Launched": 2,
          "Single Copy": false,
          "Plans": [
            {
              "Node Type": "Aggregate",
              "Strategy": "Plain",
              "Partial Mode": "Partial",
              "Parent Relationship": "Outer",
              "Parallel Aware": false,
              "Startup Cost": 25059.27,
              "Total Cost": 25059.28,
              "Plan Rows": 1,
              "Plan Width": 8,
              "Actual Startup Time": 21.168,
              "Actual Total Time": 21.169,
              "Actual Rows": 1,
              "Actual Loops": 3,
              "Plans": [
                {
                  "Node Type": "Nested Loop",
                  "Parent Relationship": "Outer",
                  "Parallel Aware": false,
                  "Join Type": "Inner",
                  "Startup Cost": 99.13,
                  "Total Cost": 25058.37,
                  "Plan Rows": 360,
                  "Plan Width": 0,
                  "Actual Startup Time": 0.724,
                  "Actual Total Time": 21.128,
                  "Actual Rows": 343,
                  "Actual Loops": 3,
                  "Inner Unique": false,
                  "Plans": [
                    {
                      "Node Type": "Nested Loop",
                      "Parent Relationship": "Outer",
                      "Parallel Aware": false,
                      "Join Type": "Inner",
                      "Startup Cost": 98.56,
                      "Total Cost": 23880.89,
                      "Plan Rows": 121,
                      "Plan Width": 8,
                      "Actual Startup Time": 0.504,
                      "Actual Total Time": 13.463,
                      "Actual Rows": 349,
                      "Actual Loops": 3,
                      "Inner Unique": true,
                      "Plans": [
                        {
                          "Node Type": "Bitmap Heap Scan",
                          "Parent Relationship": "Outer",
                          "Parallel Aware": true,
                          "Relation Name": "movie_companies",
                          "Alias": "mc",
                          "Startup Cost": 98.13,
                          "Total Cost": 10386.55,
                          "Plan Rows": 1812,
                          "Plan Width": 4,
                          "Actual Startup Time": 0.394,
                          "Actual Total Time": 3.049,
                          "Actual Rows": 1426,
                          "Actual Loops": 3,
                          "Recheck Cond": "(company_id = 69)",
                          "Rows Removed by Index Recheck": 0,
                          "Exact Heap Blocks": 1328,
                          "Lossy Heap Blocks": 0,
                          "Plans": [
                            {
                              "Node Type": "Bitmap Index Scan",
                              "Parent Relationship": "Outer",
                              "Parallel Aware": false,
                              "Index Name": "company_id_movie_companies",
                              "Startup Cost": 0.0,
                              "Total Cost": 97.05,
                              "Plan Rows": 4349,
                              "Plan Width": 0,
                              "Actual Startup Time": 0.815,
                              "Actual Total Time": 0.815,
                              "Actual Rows": 4279,
                              "Actual Loops": 1,
                              "Index Cond": "(company_id = 69)"
                            }
                          ]
                        },
                        {
                          "Node Type": "Index Scan",
                          "Parent Relationship": "Inner",
                          "Parallel Aware": false,
                          "Scan Direction": "Forward",
                          "Index Name": "title_pkey",
                          "Relation Name": "title",
                          "Alias": "t",
                          "Startup Cost": 0.43,
                          "Total Cost": 7.45,
                          "Plan Rows": 1,
                          "Plan Width": 4,
                          "Actual Startup Time": 0.007,
                          "Actual Total Time": 0.007,
                          "Actual Rows": 0,
                          "Actual Loops": 4279,
                          "Index Cond": "(id = mc.movie_id)",
                          "Rows Removed by Index Recheck": 0,
                          "Filter": "((kind_id < 7) AND (production_year < 1976))",
                          "Rows Removed by Filter": 1
                        }
                      ]
                    },
                    {
                      "Node Type": "Index Scan",
                      "Parent Relationship": "Inner",
                      "Parallel Aware": false,
                      "Scan Direction": "Forward",
                      "Index Name": "movie_id_cast_info",
                      "Relation Name": "cast_info",
                      "Alias": "ci",
                      "Startup Cost": 0.56,
                      "Total Cost": 9.66,
                      "Plan Rows": 7,
                      "Plan Width": 4,
                      "Actual Startup Time": 0.017,
                      "Actual Total Time": 0.022,
                      "Actual Rows": 1,
                      "Actual Loops": 1046,
                      "Index Cond": "(movie_id = t.id)",
                      "Rows Removed by Index Recheck": 0,
                      "Filter": "(role_id = 2)",
                      "Rows Removed by Filter": 3
                    }
                  ]
                }
              ]
            }
          ]
        }
      ]
    },
    "Planning Time": 0.57,
    "Triggers": [],
    "Execution Time": 31.084
  }
]