[
    {
        "Bao": {
            "Bao prediction": "NaN",
            "Bao recommended hint": "(no hint)"
        }
    },
    {
        "Plan": {
            "Node Type": "Aggregate",
            "Strategy": "Plain",
            "Partial Mode": "Finalize",
            "Parallel Aware": false,
            "Startup Cost": 24610.9,
            "Total Cost": 24610.91,
            "Plan Rows": 1,
            "Plan Width": 8,
            "Actual Startup Time": 48.515,
            "Actual Total Time": 52.108,
            "Actual Rows": 1,
            "Actual Loops": 1,
            "Output": [
                "count(*)"
            ],
            "Plans": [
                {
                    "Node Type": "Gather",
                    "Parent Relationship": "Outer",
                    "Parallel Aware": false,
                    "Startup Cost": 24610.58,
                    "Total Cost": 24610.89,
                    "Plan Rows": 3,
                    "Plan Width": 8,
                    "Actual Startup Time": 48.205,
                    "Actual Total Time": 52.102,
                    "Actual Rows": 4,
                    "Actual Loops": 1,
                    "Output": [
                        "(PARTIAL count(*))"
                    ],
                    "Workers Planned": 3,
                    "Workers Launched": 3,
                    "Single Copy": false,
                    "Plans": [
                        {
                            "Node Type": "Aggregate",
                            "Strategy": "Plain",
                            "Partial Mode": "Partial",
                            "Parent Relationship": "Outer",
                            "Parallel Aware": false,
                            "Startup Cost": 23610.58,
                            "Total Cost": 23610.59,
                            "Plan Rows": 1,
                            "Plan Width": 8,
                            "Actual Startup Time": 39.493,
                            "Actual Total Time": 39.495,
                            "Actual Rows": 1,
                            "Actual Loops": 4,
                            "Output": [
                                "PARTIAL count(*)"
                            ],
                            "Workers": [
                                {
                                    "Worker Number": 0,
                                    "Actual Startup Time": 36.625,
                                    "Actual Total Time": 36.627,
                                    "Actual Rows": 1,
                                    "Actual Loops": 1
                                },
                                {
                                    "Worker Number": 1,
                                    "Actual Startup Time": 36.619,
                                    "Actual Total Time": 36.62,
                                    "Actual Rows": 1,
                                    "Actual Loops": 1
                                },
                                {
                                    "Worker Number": 2,
                                    "Actual Startup Time": 36.741,
                                    "Actual Total Time": 36.742,
                                    "Actual Rows": 1,
                                    "Actual Loops": 1
                                }
                            ],
                            "Plans": [
                                {
                                    "Node Type": "Bitmap Heap Scan",
                                    "Parent Relationship": "Outer",
                                    "Parallel Aware": true,
                                    "Relation Name": "movie_companies",
                                    "Schema": "public",
                                    "Alias": "mc",
                                    "Startup Cost": 3941.09,
                                    "Total Cost": 23464.0,
                                    "Plan Rows": 58633,
                                    "Plan Width": 0,
                                    "Actual Startup Time": 4.03,
                                    "Actual Total Time": 36.184,
                                    "Actual Rows": 45604,
                                    "Actual Loops": 4,
                                    "Recheck Cond": "(mc.company_id < 46)",
                                    "Rows Removed by Index Recheck": 0,
                                    "Exact Heap Blocks": 9219,
                                    "Lossy Heap Blocks": 0,
                                    "Workers": [
                                        {
                                            "Worker Number": 0,
                                            "Actual Startup Time": 1.295,
                                            "Actual Total Time": 33.715,
                                            "Actual Rows": 24032,
                                            "Actual Loops": 1
                                        },
                                        {
                                            "Worker Number": 1,
                                            "Actual Startup Time": 1.294,
                                            "Actual Total Time": 33.956,
                                            "Actual Rows": 22473,
                                            "Actual Loops": 1
                                        },
                                        {
                                            "Worker Number": 2,
                                            "Actual Startup Time": 1.252,
                                            "Actual Total Time": 33.856,
                                            "Actual Rows": 23265,
                                            "Actual Loops": 1
                                        }
                                    ],
                                    "Plans": [
                                        {
                                            "Node Type": "Bitmap Index Scan",
                                            "Parent Relationship": "Outer",
                                            "Parallel Aware": false,
                                            "Index Name": "company_id_movie_companies",
                                            "Startup Cost": 0.0,
                                            "Total Cost": 3895.64,
                                            "Plan Rows": 181762,
                                            "Plan Width": 0,
                                            "Actual Startup Time": 9.812,
                                            "Actual Total Time": 9.812,
                                            "Actual Rows": 182418,
                                            "Actual Loops": 1,
                                            "Index Cond": "(mc.company_id < 46)"
                                        }
                                    ]
                                }
                            ]
                        }
                    ]
                }
            ]
        },
        "Planning Time": 196.342,
        "Triggers": [],
        "Execution Time": 52.152
    }
]