[
  {
    "Plan": {
      "Node Type": "Aggregate",
      "Strategy": "Plain",
      "Partial Mode": "Finalize",
      "Parallel Aware": false,
      "Startup Cost": 398520.39,
      "Total Cost": 398520.4,
      "Plan Rows": 1,
      "Plan Width": 8,
      "Actual Startup Time": 1324.757,
      "Actual Total Time": 1391.841,
      "Actual Rows": 1,
      "Actual Loops": 1,
      "Plans": [
        {
          "Node Type": "Gather",
          "Parent Relationship": "Outer",
          "Parallel Aware": false,
          "Startup Cost": 398519.77,
          "Total Cost": 398520.38,
          "Plan Rows": 6,
          "Plan Width": 8,
          "Actual Startup Time": 1321.591,
          "Actual Total Time": 1391.827,
          "Actual Rows": 7,
          "Actual Loops": 1,
          "Workers Planned": 6,
          "Workers Launched": 6,
          "Single Copy": false,
          "Plans": [
            {
              "Node Type": "Aggregate",
              "Strategy": "Plain",
              "Partial Mode": "Partial",
              "Parent Relationship": "Outer",
              "Parallel Aware": false,
              "Startup Cost": 397519.77,
              "Total Cost": 397519.78,
              "Plan Rows": 1,
              "Plan Width": 8,
              "Actual Startup Time": 1310.914,
              "Actual Total Time": 1310.917,
              "Actual Rows": 1,
              "Actual Loops": 7,
              "Plans": [
                {
                  "Node Type": "Hash Join",
                  "Parent Relationship": "Outer",
                  "Parallel Aware": true,
                  "Join Type": "Inner",
                  "Startup Cost": 46741.14,
                  "Total Cost": 396526.62,
                  "Plan Rows": 397259,
                  "Plan Width": 0,
                  "Actual Startup Time": 103.885,
                  "Actual Total Time": 1288.794,
                  "Actual Rows": 491242,
                  "Actual Loops": 7,
                  "Inner Unique": true,
                  "Hash Cond": "(ci.movie_id = t.id)",
                  "Plans": [
                    {
                      "Node Type": "Seq Scan",
                      "Parent Relationship": "Outer",
                      "Parallel Aware": true,
                      "Relation Name": "cast_info",
                      "Alias": "ci",
                      "Startup Cost": 0.0,
                      "Total Cost": 343257.03,
                      "Plan Rows": 2487026,
                      "Plan Width": 4,
                      "Actual Startup Time": 0.029,
                      "Actual Total Time": 671.997,
                      "Actual Rows": 2874666,
                      "Actual Loops": 7,
                      "Filter": "((person_id < 2802994) AND (role_id < 3))",
                      "Rows Removed by Filter": 2303098
                    },
                    {
                      "Node Type": "Hash",
                      "Parent Relationship": "Inner",
                      "Parallel Aware": true,
                      "Startup Cost": 45479.1,
                      "Total Cost": 45479.1,
                      "Plan Rows": 100963,
                      "Plan Width": 4,
                      "Actual Startup Time": 101.182,
                      "Actual Total Time": 101.183,
                      "Actual Rows": 62031,
                      "Actual Loops": 7,
                      "Hash Buckets": 524288,
                      "Original Hash Buckets": 524288,
                      "Hash Batches": 1,
                      "Original Hash Batches": 1,
                      "Peak Memory Usage": 21184,
                      "Plans": [
                        {
                          "Node Type": "Seq Scan",
                          "Parent Relationship": "Outer",
                          "Parallel Aware": true,
                          "Relation Name": "title",
                          "Alias": "t",
                          "Startup Cost": 0.0,
                          "Total Cost": 45479.1,
                          "Plan Rows": 100963,
                          "Plan Width": 4,
                          "Actual Startup Time": 0.044,
                          "Actual Total Time": 73.719,
                          "Actual Rows": 62031,
                          "Actual Loops": 7,
                          "Filter": "((production_year > 2008) AND (kind_id = 7))",
                          "Rows Removed by Filter": 299156
                        }
                      ]
                    }
                  ]
                }
              ]
            }
          ]
        }
      ]
    },
    "Planning Time": 0.647,
    "Triggers": [],
    "Execution Time": 1391.933
  }
]