[
  {
    "Plan": {
      "Node Type": "Aggregate",
      "Strategy": "Plain",
      "Partial Mode": "Finalize",
      "Parallel Aware": false,
      "Startup Cost": 47343.09,
      "Total Cost": 47343.1,
      "Plan Rows": 1,
      "Plan Width": 8,
      "Actual Startup Time": 110.704,
      "Actual Total Time": 123.693,
      "Actual Rows": 1,
      "Actual Loops": 1,
      "Plans": [
        {
          "Node Type": "Gather",
          "Parent Relationship": "Outer",
          "Parallel Aware": false,
          "Startup Cost": 47342.67,
          "Total Cost": 47343.08,
          "Plan Rows": 4,
          "Plan Width": 8,
          "Actual Startup Time": 110.453,
          "Actual Total Time": 123.685,
          "Actual Rows": 5,
          "Actual Loops": 1,
          "Workers Planned": 4,
          "Workers Launched": 4,
          "Single Copy": false,
          "Plans": [
            {
              "Node Type": "Aggregate",
              "Strategy": "Plain",
              "Partial Mode": "Partial",
              "Parent Relationship": "Outer",
              "Parallel Aware": false,
              "Startup Cost": 46342.67,
              "Total Cost": 46342.68,
              "Plan Rows": 1,
              "Plan Width": 8,
              "Actual Startup Time": 103.932,
              "Actual Total Time": 103.933,
              "Actual Rows": 1,
              "Actual Loops": 5,
              "Plans": [
                {
                  "Node Type": "Seq Scan",
                  "Parent Relationship": "Outer",
                  "Parallel Aware": true,
                  "Relation Name": "title",
                  "Alias": "t",
                  "Startup Cost": 0.0,
                  "Total Cost": 45479.1,
                  "Plan Rows": 345429,
                  "Plan Width": 0,
                  "Actual Startup Time": 0.03,
                  "Actual Total Time": 88.879,
                  "Actual Rows": 292613,
                  "Actual Loops": 5,
                  "Filter": "((kind_id > 4) AND (production_year > 1956))",
                  "Rows Removed by Filter": 213049
                }
              ]
            }
          ]
        }
      ]
    },
    "Planning Time": 0.187,
    "Triggers": [],
    "Execution Time": 123.754
  }
]