[
  {
    "Plan": {
      "Node Type": "Aggregate",
      "Strategy": "Plain",
      "Partial Mode": "Finalize",
      "Parallel Aware": false,
      "Startup Cost": 46491.31,
      "Total Cost": 46491.32,
      "Plan Rows": 1,
      "Plan Width": 8,
      "Actual Startup Time": 103.238,
      "Actual Total Time": 116.168,
      "Actual Rows": 1,
      "Actual Loops": 1,
      "Plans": [
        {
          "Node Type": "Gather",
          "Parent Relationship": "Outer",
          "Parallel Aware": false,
          "Startup Cost": 46490.89,
          "Total Cost": 46491.3,
          "Plan Rows": 4,
          "Plan Width": 8,
          "Actual Startup Time": 103.046,
          "Actual Total Time": 116.157,
          "Actual Rows": 5,
          "Actual Loops": 1,
          "Workers Planned": 4,
          "Workers Launched": 4,
          "Single Copy": false,
          "Plans": [
            {
              "Node Type": "Aggregate",
              "Strategy": "Plain",
              "Partial Mode": "Partial",
              "Parent Relationship": "Outer",
              "Parallel Aware": false,
              "Startup Cost": 45490.89,
              "Total Cost": 45490.9,
              "Plan Rows": 1,
              "Plan Width": 8,
              "Actual Startup Time": 93.393,
              "Actual Total Time": 93.394,
              "Actual Rows": 1,
              "Actual Loops": 5,
              "Plans": [
                {
                  "Node Type": "Seq Scan",
                  "Parent Relationship": "Outer",
                  "Parallel Aware": true,
                  "Relation Name": "title",
                  "Alias": "t",
                  "Startup Cost": 0.0,
                  "Total Cost": 45479.59,
                  "Plan Rows": 4521,
                  "Plan Width": 0,
                  "Actual Startup Time": 60.091,
                  "Actual Total Time": 93.022,
                  "Actual Rows": 4404,
                  "Actual Loops": 5,
                  "Filter": "((kind_id < 2) AND (production_year > 2012))",
                  "Rows Removed by Filter": 501258
                }
              ]
            }
          ]
        }
      ]
    },
    "Planning Time": 0.26,
    "Triggers": [],
    "Execution Time": 116.232
  }
]