[
  {
    "Plan": {
      "Node Type": "Aggregate",
      "Strategy": "Plain",
      "Partial Mode": "Finalize",
      "Parallel Aware": false,
      "Startup Cost": 46021.03,
      "Total Cost": 46021.04,
      "Plan Rows": 1,
      "Plan Width": 8,
      "Actual Startup Time": 176.156,
      "Actual Total Time": 183.971,
      "Actual Rows": 1,
      "Actual Loops": 1,
      "Plans": [
        {
          "Node Type": "Gather",
          "Parent Relationship": "Outer",
          "Parallel Aware": false,
          "Startup Cost": 46020.71,
          "Total Cost": 46021.02,
          "Plan Rows": 3,
          "Plan Width": 8,
          "Actual Startup Time": 175.997,
          "Actual Total Time": 183.959,
          "Actual Rows": 4,
          "Actual Loops": 1,
          "Workers Planned": 3,
          "Workers Launched": 3,
          "Single Copy": false,
          "Plans": [
            {
              "Node Type": "Aggregate",
              "Strategy": "Plain",
              "Partial Mode": "Partial",
              "Parent Relationship": "Outer",
              "Parallel Aware": false,
              "Startup Cost": 45020.71,
              "Total Cost": 45020.72,
              "Plan Rows": 1,
              "Plan Width": 8,
              "Actual Startup Time": 170.011,
              "Actual Total Time": 170.013,
              "Actual Rows": 1,
              "Actual Loops": 4,
              "Plans": [
                {
                  "Node Type": "Seq Scan",
                  "Parent Relationship": "Outer",
                  "Parallel Aware": true,
                  "Relation Name": "movie_keyword",
                  "Alias": "mk",
                  "Startup Cost": 0.0,
                  "Total Cost": 42695.65,
                  "Plan Rows": 930024,
                  "Plan Width": 0,
                  "Actual Startup Time": 0.245,
                  "Actual Total Time": 131.511,
                  "Actual Rows": 717222,
                  "Actual Loops": 4,
                  "Filter": "(keyword_id > 2523)",
                  "Rows Removed by Filter": 413760
                }
              ]
            }
          ]
        }
      ]
    },
    "Planning Time": 0.18,
    "Triggers": [],
    "Execution Time": 184.027
  }
]