[
    {
        "Bao": {
            "Bao prediction": "NaN",
            "Bao recommended hint": "(no hint)"
        }
    },
    {
        "Plan": {
            "Node Type": "Aggregate",
            "Strategy": "Plain",
            "Partial Mode": "Finalize",
            "Parallel Aware": false,
            "Startup Cost": 347703.34,
            "Total Cost": 347703.35,
            "Plan Rows": 1,
            "Plan Width": 8,
            "Actual Startup Time": 765.697,
            "Actual Total Time": 795.639,
            "Actual Rows": 1,
            "Actual Loops": 1,
            "Output": [
                "count(*)"
            ],
            "Plans": [
                {
                    "Node Type": "Gather",
                    "Parent Relationship": "Outer",
                    "Parallel Aware": false,
                    "Startup Cost": 347702.72,
                    "Total Cost": 347703.33,
                    "Plan Rows": 6,
                    "Plan Width": 8,
                    "Actual Startup Time": 765.585,
                    "Actual Total Time": 795.627,
                    "Actual Rows": 7,
                    "Actual Loops": 1,
                    "Output": [
                        "(PARTIAL count(*))"
                    ],
                    "Workers Planned": 6,
                    "Workers Launched": 6,
                    "Single Copy": false,
                    "Plans": [
                        {
                            "Node Type": "Aggregate",
                            "Strategy": "Plain",
                            "Partial Mode": "Partial",
                            "Parent Relationship": "Outer",
                            "Parallel Aware": false,
                            "Startup Cost": 346702.72,
                            "Total Cost": 346702.73,
                            "Plan Rows": 1,
                            "Plan Width": 8,
                            "Actual Startup Time": 757.16,
                            "Actual Total Time": 757.161,
                            "Actual Rows": 1,
                            "Actual Loops": 7,
                            "Output": [
                                "PARTIAL count(*)"
                            ],
                            "Workers": [
                                {
                                    "Worker Number": 0,
                                    "Actual Startup Time": 753.956,
                                    "Actual Total Time": 753.957,
                                    "Actual Rows": 1,
                                    "Actual Loops": 1
                                },
                                {
                                    "Worker Number": 1,
                                    "Actual Startup Time": 759.607,
                                    "Actual Total Time": 759.608,
                                    "Actual Rows": 1,
                                    "Actual Loops": 1
                                },
                                {
                                    "Worker Number": 2,
                                    "Actual Startup Time": 754.956,
                                    "Actual Total Time": 754.957,
                                    "Actual Rows": 1,
                                    "Actual Loops": 1
                                },
                                {
                                    "Worker Number": 3,
                                    "Actual Startup Time": 754.996,
                                    "Actual Total Time": 754.998,
                                    "Actual Rows": 1,
                                    "Actual Loops": 1
                                },
                                {
                                    "Worker Number": 4,
                                    "Actual Startup Time": 755.545,
                                    "Actual Total Time": 755.546,
                                    "Actual Rows": 1,
                                    "Actual Loops": 1
                                },
                                {
                                    "Worker Number": 5,
                                    "Actual Startup Time": 755.903,
                                    "Actual Total Time": 755.904,
                                    "Actual Rows": 1,
                                    "Actual Loops": 1
                                }
                            ],
                            "Plans": [
                                {
                                    "Node Type": "Seq Scan",
                                    "Parent Relationship": "Outer",
                                    "Parallel Aware": true,
                                    "Relation Name": "cast_info",
                                    "Schema": "public",
                                    "Alias": "ci",
                                    "Startup Cost": 0.0,
                                    "Total Cost": 343318.94,
                                    "Plan Rows": 1353510,
                                    "Plan Width": 0,
                                    "Actual Startup Time": 312.014,
                                    "Actual Total Time": 667.85,
                                    "Actual Rows": 1814527,
                                    "Actual Loops": 7,
                                    "Output": [
                                        "id",
                                        "person_id",
                                        "movie_id",
                                        "person_role_id",
                                        "note",
                                        "nr_order",
                                        "role_id"
                                    ],
                                    "Filter": "((ci.person_id > 2410456) AND (ci.role_id > 1))",
                                    "Rows Removed by Filter": 3363237,
                                    "Workers": [
                                        {
                                            "Worker Number": 0,
                                            "Actual Startup Time": 308.81,
                                            "Actual Total Time": 667.773,
                                            "Actual Rows": 2077463,
                                            "Actual Loops": 1
                                        },
                                        {
                                            "Worker Number": 1,
                                            "Actual Startup Time": 314.459,
                                            "Actual Total Time": 673.077,
                                            "Actual Rows": 2108745,
                                            "Actual Loops": 1
                                        },
                                        {
                                            "Worker Number": 2,
                                            "Actual Startup Time": 309.792,
                                            "Actual Total Time": 667.102,
                                            "Actual Rows": 1317592,
                                            "Actual Loops": 1
                                        },
                                        {
                                            "Worker Number": 3,
                                            "Actual Startup Time": 309.868,
                                            "Actual Total Time": 666.413,
                                            "Actual Rows": 1329171,
                                            "Actual Loops": 1
                                        },
                                        {
                                            "Worker Number": 4,
                                            "Actual Startup Time": 310.399,
                                            "Actual Total Time": 669.01,
                                            "Actual Rows": 2106467,
                                            "Actual Loops": 1
                                        },
                                        {
                                            "Worker Number": 5,
                                            "Actual Startup Time": 310.754,
                                            "Actual Total Time": 669.521,
                                            "Actual Rows": 2107602,
                                            "Actual Loops": 1
                                        }
                                    ]
                                }
                            ]
                        }
                    ]
                }
            ]
        },
        "Planning Time": 285.09,
        "Triggers": [],
        "Execution Time": 795.73
    }
]