[
  {
    "Plan": {
      "Node Type": "Aggregate",
      "Strategy": "Plain",
      "Partial Mode": "Simple",
      "Parallel Aware": false,
      "Startup Cost": 31608.63,
      "Total Cost": 31608.64,
      "Plan Rows": 1,
      "Plan Width": 96,
      "Actual Startup Time": 6265.769,
      "Actual Total Time": 6265.776,
      "Actual Rows": 1,
      "Actual Loops": 1,
      "Plans": [
        {
          "Node Type": "Nested Loop",
          "Parent Relationship": "Outer",
          "Parallel Aware": false,
          "Join Type": "Inner",
          "Startup Cost": 6243.96,
          "Total Cost": 31608.42,
          "Plan Rows": 27,
          "Plan Width": 66,
          "Actual Startup Time": 1401.63,
          "Actual Total Time": 6249.181,
          "Actual Rows": 111101,
          "Actual Loops": 1,
          "Inner Unique": false,
          "Join Filter": "(mi.info_type_id = it2.id)",
          "Rows Removed by Join Filter": 405226,
          "Plans": [
            {
              "Node Type": "Seq Scan",
              "Parent Relationship": "Outer",
              "Parallel Aware": false,
              "Relation Name": "info_type",
              "Alias": "it2",
              "Startup Cost": 0.0,
              "Total Cost": 2.41,
              "Plan Rows": 1,
              "Plan Width": 4,
              "Actual Startup Time": 0.035,
              "Actual Total Time": 0.052,
              "Actual Rows": 1,
              "Actual Loops": 1,
              "Filter": "((info)::text = 'release dates'::text)",
              "Rows Removed by Filter": 112
            },
            {
              "Node Type": "Nested Loop",
              "Parent Relationship": "Inner",
              "Parallel Aware": false,
              "Join Type": "Inner",
              "Startup Cost": 6243.96,
              "Total Cost": 31567.87,
              "Plan Rows": 3051,
              "Plan Width": 70,
              "Actual Startup Time": 1401.544,
              "Actual Total Time": 6211.65,
              "Actual Rows": 516327,
              "Actual Loops": 1,
              "Inner Unique": false,
              "Plans": [
                {
                  "Node Type": "Nested Loop",
                  "Parent Relationship": "Outer",
                  "Parallel Aware": false,
                  "Join Type": "Inner",
                  "Startup Cost": 6243.53,
                  "Total Cost": 31383.92,
                  "Plan Rows": 98,
                  "Plan Width": 35,
                  "Actual Startup Time": 1401.484,
                  "Actual Total Time": 5430.878,
                  "Actual Rows": 16470,
                  "Actual Loops": 1,
                  "Inner Unique": true,
                  "Plans": [
                    {
                      "Node Type": "Nested Loop",
                      "Parent Relationship": "Outer",
                      "Parallel Aware": false,
                      "Join Type": "Inner",
                      "Startup Cost": 6243.11,
                      "Total Cost": 30340.86,
                      "Plan Rows": 2339,
                      "Plan Width": 39,
                      "Actual Startup Time": 1399.998,
                      "Actual Total Time": 3814.009,
                      "Actual Rows": 302610,
                      "Actual Loops": 1,
                      "Inner Unique": false,
                      "Join Filter": "(mc.company_type_id = ct.id)",
                      "Rows Removed by Join Filter": 470474,
                      "Plans": [
                        {
                          "Node Type": "Seq Scan",
                          "Parent Relationship": "Outer",
                          "Parallel Aware": false,
                          "Relation Name": "company_type",
                          "Alias": "ct",
                          "Startup Cost": 0.0,
                          "Total Cost": 1.05,
                          "Plan Rows": 1,
                          "Plan Width": 4,
                          "Actual Startup Time": 0.031,
                          "Actual Total Time": 0.034,
                          "Actual Rows": 1,
                          "Actual Loops": 1,
                          "Filter": "((kind)::text = 'production companies'::text)",
                          "Rows Removed by Filter": 3
                        },
                        {
                          "Node Type": "Nested Loop",
                          "Parent Relationship": "Inner",
                          "Parallel Aware": false,
                          "Join Type": "Inner",
                          "Startup Cost": 6243.11,
                          "Total Cost": 30222.87,
                          "Plan Rows": 9355,
                          "Plan Width": 43,
                          "Actual Startup Time": 1399.964,
                          "Actual Total Time": 3743.539,
                          "Actual Rows": 773084,
                          "Actual Loops": 1,
                          "Inner Unique": false,
                          "Plans": [
                            {
                              "Node Type": "Nested Loop",
                              "Parent Relationship": "Outer",
                              "Parallel Aware": false,
                              "Join Type": "Inner",
                              "Startup Cost": 6242.68,
                              "Total Cost": 29154.42,
                              "Plan Rows": 1745,
                              "Plan Width": 31,
                              "Actual Startup Time": 1399.851,
                              "Actual Total Time": 2817.425,
                              "Actual Rows": 209880,
                              "Actual Loops": 1,
                              "Inner Unique": false,
                              "Join Filter": "(t.kind_id = kt.id)",
                              "Rows Removed by Join Filter": 250045,
                              "Plans": [
                                {
                                  "Node Type": "Seq Scan",
                                  "Parent Relationship": "Outer",
                                  "Parallel Aware": false,
                                  "Relation Name": "kind_type",
                                  "Alias": "kt",
                                  "Startup Cost": 0.0,
                                  "Total Cost": 1.09,
                                  "Plan Rows": 1,
                                  "Plan Width": 4,
                                  "Actual Startup Time": 0.03,
                                  "Actual Total Time": 0.032,
                                  "Actual Rows": 1,
                                  "Actual Loops": 1,
                                  "Filter": "((kind)::text = 'movie'::text)",
                                  "Rows Removed by Filter": 6
                                },
                                {
                                  "Node Type": "Nested Loop",
                                  "Parent Relationship": "Inner",
                                  "Parallel Aware": false,
                                  "Join Type": "Inner",
                                  "Startup Cost": 6242.68,
                                  "Total Cost": 29000.67,
                                  "Plan Rows": 12213,
                                  "Plan Width": 35,
                                  "Actual Startup Time": 395.8,
                                  "Actual Total Time": 2761.039,
                                  "Actual Rows": 459925,
                                  "Actual Loops": 1,
                                  "Inner Unique": true,
                                  "Plans": [
                                    {
                                      "Node Type": "Nested Loop",
                                      "Parent Relationship": "Outer",
                                      "Parallel Aware": false,
                                      "Join Type": "Inner",
                                      "Startup Cost": 6242.25,
                                      "Total Cost": 21942.36,
                                      "Plan Rows": 12213,
                                      "Plan Width": 10,
                                      "Actual Startup Time": 395.74,
                                      "Actual Total Time": 636.853,
                                      "Actual Rows": 459925,
                                      "Actual Loops": 1,
                                      "Inner Unique": false,
                                      "Plans": [
                                        {
                                          "Node Type": "Seq Scan",
                                          "Parent Relationship": "Outer",
                                          "Parallel Aware": false,
                                          "Relation Name": "info_type",
                                          "Alias": "it",
                                          "Startup Cost": 0.0,
                                          "Total Cost": 2.41,
                                          "Plan Rows": 1,
                                          "Plan Width": 4,
                                          "Actual Startup Time": 0.018,
                                          "Actual Total Time": 0.026,
                                          "Actual Rows": 1,
                                          "Actual Loops": 1,
                                          "Filter": "((info)::text = 'rating'::text)",
                                          "Rows Removed by Filter": 112
                                        },
                                        {
                                          "Node Type": "Bitmap Heap Scan",
                                          "Parent Relationship": "Inner",
                                          "Parallel Aware": false,
                                          "Relation Name": "movie_info_idx",
                                          "Alias": "miidx",
                                          "Startup Cost": 6242.25,
                                          "Total Cost": 18489.86,
                                          "Plan Rows": 345009,
                                          "Plan Width": 14,
                                          "Actual Startup Time": 395.712,
                                          "Actual Total Time": 568.695,
                                          "Actual Rows": 459925,
                                          "Actual Loops": 1,
                                          "Recheck Cond": "(info_type_id = it.id)",
                                          "Rows Removed by Index Recheck": 0,
                                          "Exact Heap Blocks": 7934,
                                          "Lossy Heap Blocks": 0,
                                          "Plans": [
                                            {
                                              "Node Type": "Bitmap Index Scan",
                                              "Parent Relationship": "Outer",
                                              "Parallel Aware": false,
                                              "Index Name": "info_type_id_movie_info_idx",
                                              "Startup Cost": 0.0,
                                              "Total Cost": 6155.99,
                                              "Plan Rows": 345009,
                                              "Plan Width": 0,
                                              "Actual Startup Time": 394.471,
                                              "Actual Total Time": 394.474,
                                              "Actual Rows": 459925,
                                              "Actual Loops": 1,
                                              "Index Cond": "(info_type_id = it.id)"
                                            }
                                          ]
                                        }
                                      ]
                                    },
                                    {
                                      "Node Type": "Index Scan",
                                      "Parent Relationship": "Inner",
                                      "Parallel Aware": false,
                                      "Scan Direction": "Forward",
                                      "Index Name": "title_pkey",
                                      "Relation Name": "title",
                                      "Alias": "t",
                                      "Startup Cost": 0.43,
                                      "Total Cost": 0.58,
                                      "Plan Rows": 1,
                                      "Plan Width": 25,
                                      "Actual Startup Time": 0.004,
                                      "Actual Total Time": 0.004,
                                      "Actual Rows": 1,
                                      "Actual Loops": 459925,
                                      "Index Cond": "(id = miidx.movie_id)",
                                      "Rows Removed by Index Recheck": 0
                                    }
                                  ]
                                }
                              ]
                            },
                            {
                              "Node Type": "Index Scan",
                              "Parent Relationship": "Inner",
                              "Parallel Aware": false,
                              "Scan Direction": "Forward",
                              "Index Name": "movie_id_movie_companies",
                              "Relation Name": "movie_companies",
                              "Alias": "mc",
                              "Startup Cost": 0.43,
                              "Total Cost": 0.56,
                              "Plan Rows": 5,
                              "Plan Width": 12,
                              "Actual Startup Time": 0.002,
                              "Actual Total Time": 0.004,
                              "Actual Rows": 4,
                              "Actual Loops": 209880,
                              "Index Cond": "(movie_id = t.id)",
                              "Rows Removed by Index Recheck": 0
                            }
                          ]
                        }
                      ]
                    },
                    {
                      "Node Type": "Index Scan",
                      "Parent Relationship": "Inner",
                      "Parallel Aware": false,
                      "Scan Direction": "Forward",
                      "Index Name": "company_name_pkey",
                      "Relation Name": "company_name",
                      "Alias": "cn",
                      "Startup Cost": 0.42,
                      "Total Cost": 0.45,
                      "Plan Rows": 1,
                      "Plan Width": 4,
                      "Actual Startup Time": 0.005,
                      "Actual Total Time": 0.005,
                      "Actual Rows": 0,
                      "Actual Loops": 302610,
                      "Index Cond": "(id = mc.company_id)",
                      "Rows Removed by Index Recheck": 0,
                      "Filter": "((country_code)::text = '[de]'::text)",
                      "Rows Removed by Filter": 1
                    }
                  ]
                },
                {
                  "Node Type": "Index Scan",
                  "Parent Relationship": "Inner",
                  "Parallel Aware": false,
                  "Scan Direction": "Forward",
                  "Index Name": "movie_id_movie_info",
                  "Relation Name": "movie_info",
                  "Alias": "mi",
                  "Startup Cost": 0.43,
                  "Total Cost": 1.48,
                  "Plan Rows": 40,
                  "Plan Width": 51,
                  "Actual Startup Time": 0.011,
                  "Actual Total Time": 0.043,
                  "Actual Rows": 31,
                  "Actual Loops": 16470,
                  "Index Cond": "(movie_id = t.id)",
                  "Rows Removed by Index Recheck": 0
                }
              ]
            }
          ]
        }
      ]
    },
    "Planning Time": 14.394,
    "Triggers": [],
    "Execution Time": 6266.399
  }
]