{
    "Plan": {
        "Node Type": "Aggregate",
        "Strategy": "Plain",
        "Partial Mode": "Finalize",
        "Parallel Aware": false,
        "Startup Cost": 254064.81,
        "Total Cost": 254064.82,
        "Plan Rows": 1,
        "Plan Width": 8,
        "Actual Startup Time": 790.717,
        "Actual Total Time": 830.451,
        "Actual Rows": 1,
        "Actual Loops": 1,
        "Output": [
            "count(*)"
        ],
        "Plans": [
            {
                "Node Type": "Gather",
                "Parent Relationship": "Outer",
                "Parallel Aware": false,
                "Startup Cost": 254064.28,
                "Total Cost": 254064.79,
                "Plan Rows": 5,
                "Plan Width": 8,
                "Actual Startup Time": 787.175,
                "Actual Total Time": 830.441,
                "Actual Rows": 6,
                "Actual Loops": 1,
                "Output": [
                    "(PARTIAL count(*))"
                ],
                "Workers Planned": 5,
                "Workers Launched": 5,
                "Single Copy": false,
                "Plans": [
                    {
                        "Node Type": "Aggregate",
                        "Strategy": "Plain",
                        "Partial Mode": "Partial",
                        "Parent Relationship": "Outer",
                        "Parallel Aware": false,
                        "Startup Cost": 253064.28,
                        "Total Cost": 253064.29,
                        "Plan Rows": 1,
                        "Plan Width": 8,
                        "Actual Startup Time": 776.776,
                        "Actual Total Time": 776.779,
                        "Actual Rows": 1,
                        "Actual Loops": 6,
                        "Output": [
                            "PARTIAL count(*)"
                        ],
                        "Workers": [
                            {
                                "Worker Number": 0,
                                "Actual Startup Time": 774.536,
                                "Actual Total Time": 774.539,
                                "Actual Rows": 1,
                                "Actual Loops": 1
                            },
                            {
                                "Worker Number": 1,
                                "Actual Startup Time": 774.806,
                                "Actual Total Time": 774.809,
                                "Actual Rows": 1,
                                "Actual Loops": 1
                            },
                            {
                                "Worker Number": 2,
                                "Actual Startup Time": 774.869,
                                "Actual Total Time": 774.872,
                                "Actual Rows": 1,
                                "Actual Loops": 1
                            },
                            {
                                "Worker Number": 3,
                                "Actual Startup Time": 775.245,
                                "Actual Total Time": 775.247,
                                "Actual Rows": 1,
                                "Actual Loops": 1
                            },
                            {
                                "Worker Number": 4,
                                "Actual Startup Time": 774.845,
                                "Actual Total Time": 774.848,
                                "Actual Rows": 1,
                                "Actual Loops": 1
                            }
                        ],
                        "Plans": [
                            {
                                "Node Type": "Hash Join",
                                "Parent Relationship": "Outer",
                                "Parallel Aware": true,
                                "Join Type": "Inner",
                                "Startup Cost": 47622.82,
                                "Total Cost": 251717.15,
                                "Plan Rows": 538853,
                                "Plan Width": 0,
                                "Actual Startup Time": 153.797,
                                "Actual Total Time": 765.594,
                                "Actual Rows": 254670,
                                "Actual Loops": 6,
                                "Inner Unique": true,
                                "Hash Cond": "(mi.movie_id = t.id)",
                                "Workers": [
                                    {
                                        "Worker Number": 0,
                                        "Actual Startup Time": 151.661,
                                        "Actual Total Time": 762.459,
                                        "Actual Rows": 184224,
                                        "Actual Loops": 1
                                    },
                                    {
                                        "Worker Number": 1,
                                        "Actual Startup Time": 151.793,
                                        "Actual Total Time": 764.292,
                                        "Actual Rows": 257052,
                                        "Actual Loops": 1
                                    },
                                    {
                                        "Worker Number": 2,
                                        "Actual Startup Time": 151.942,
                                        "Actual Total Time": 764.241,
                                        "Actual Rows": 265329,
                                        "Actual Loops": 1
                                    },
                                    {
                                        "Worker Number": 3,
                                        "Actual Startup Time": 151.845,
                                        "Actual Total Time": 764.689,
                                        "Actual Rows": 256735,
                                        "Actual Loops": 1
                                    },
                                    {
                                        "Worker Number": 4,
                                        "Actual Startup Time": 152.089,
                                        "Actual Total Time": 764.432,
                                        "Actual Rows": 253355,
                                        "Actual Loops": 1
                                    }
                                ],
                                "Plans": [
                                    {
                                        "Node Type": "Seq Scan",
                                        "Parent Relationship": "Outer",
                                        "Parallel Aware": true,
                                        "Relation Name": "movie_info",
                                        "Schema": "public",
                                        "Alias": "mi",
                                        "Startup Cost": 0.0,
                                        "Total Cost": 198880.74,
                                        "Plan Rows": 1986127,
                                        "Plan Width": 4,
                                        "Actual Startup Time": 15.972,
                                        "Actual Total Time": 335.639,
                                        "Actual Rows": 1651959,
                                        "Actual Loops": 6,
                                        "Output": [
                                            "mi.id",
                                            "mi.movie_id",
                                            "mi.info_type_id",
                                            "mi.info",
                                            "mi.note"
                                        ],
                                        "Filter": "(mi.info_type_id > 4)",
                                        "Rows Removed by Filter": 820661,
                                        "Workers": [
                                            {
                                                "Worker Number": 0,
                                                "Actual Startup Time": 15.939,
                                                "Actual Total Time": 352.851,
                                                "Actual Rows": 1150375,
                                                "Actual Loops": 1
                                            },
                                            {
                                                "Worker Number": 1,
                                                "Actual Startup Time": 15.961,
                                                "Actual Total Time": 342.636,
                                                "Actual Rows": 1648539,
                                                "Actual Loops": 1
                                            },
                                            {
                                                "Worker Number": 2,
                                                "Actual Startup Time": 15.964,
                                                "Actual Total Time": 334.872,
                                                "Actual Rows": 1705479,
                                                "Actual Loops": 1
                                            },
                                            {
                                                "Worker Number": 3,
                                                "Actual Startup Time": 15.955,
                                                "Actual Total Time": 343.091,
                                                "Actual Rows": 1652601,
                                                "Actual Loops": 1
                                            },
                                            {
                                                "Worker Number": 4,
                                                "Actual Startup Time": 16.104,
                                                "Actual Total Time": 343.823,
                                                "Actual Rows": 1654433,
                                                "Actual Loops": 1
                                            }
                                        ]
                                    },
                                    {
                                        "Node Type": "Hash",
                                        "Parent Relationship": "Inner",
                                        "Parallel Aware": true,
                                        "Startup Cost": 45479.21,
                                        "Total Cost": 45479.21,
                                        "Plan Rows": 171489,
                                        "Plan Width": 4,
                                        "Actual Startup Time": 133.746,
                                        "Actual Total Time": 133.747,
                                        "Actual Rows": 99416,
                                        "Actual Loops": 6,
                                        "Output": [
                                            "t.id"
                                        ],
                                        "Hash Buckets": 1048576,
                                        "Original Hash Buckets": 1048576,
                                        "Hash Batches": 1,
                                        "Original Hash Batches": 1,
                                        "Peak Memory Usage": 31616,
                                        "Workers": [
                                            {
                                                "Worker Number": 0,
                                                "Actual Startup Time": 134.683,
                                                "Actual Total Time": 134.684,
                                                "Actual Rows": 74305,
                                                "Actual Loops": 1
                                            },
                                            {
                                                "Worker Number": 1,
                                                "Actual Startup Time": 134.924,
                                                "Actual Total Time": 134.925,
                                                "Actual Rows": 87796,
                                                "Actual Loops": 1
                                            },
                                            {
                                                "Worker Number": 2,
                                                "Actual Startup Time": 135.022,
                                                "Actual Total Time": 135.023,
                                                "Actual Rows": 99646,
                                                "Actual Loops": 1
                                            },
                                            {
                                                "Worker Number": 3,
                                                "Actual Startup Time": 134.938,
                                                "Actual Total Time": 134.939,
                                                "Actual Rows": 90145,
                                                "Actual Loops": 1
                                            },
                                            {
                                                "Worker Number": 4,
                                                "Actual Startup Time": 135.021,
                                                "Actual Total Time": 135.022,
                                                "Actual Rows": 89772,
                                                "Actual Loops": 1
                                            }
                                        ],
                                        "Plans": [
                                            {
                                                "Node Type": "Seq Scan",
                                                "Parent Relationship": "Outer",
                                                "Parallel Aware": true,
                                                "Relation Name": "title",
                                                "Schema": "public",
                                                "Alias": "t",
                                                "Startup Cost": 0.0,
                                                "Total Cost": 45479.21,
                                                "Plan Rows": 171489,
                                                "Plan Width": 4,
                                                "Actual Startup Time": 0.062,
                                                "Actual Total Time": 82.728,
                                                "Actual Rows": 99416,
                                                "Actual Loops": 6,
                                                "Output": [
                                                    "t.id"
                                                ],
                                                "Filter": "((t.production_year < 2002) AND (t.kind_id = 7))",
                                                "Rows Removed by Filter": 321970,
                                                "Workers": [
                                                    {
                                                        "Worker Number": 0,
                                                        "Actual Startup Time": 0.086,
                                                        "Actual Total Time": 85.536,
                                                        "Actual Rows": 74305,
                                                        "Actual Loops": 1
                                                    },
                                                    {
                                                        "Worker Number": 1,
                                                        "Actual Startup Time": 0.07,
                                                        "Actual Total Time": 83.561,
                                                        "Actual Rows": 87796,
                                                        "Actual Loops": 1
                                                    },
                                                    {
                                                        "Worker Number": 2,
                                                        "Actual Startup Time": 0.068,
                                                        "Actual Total Time": 84.109,
                                                        "Actual Rows": 99646,
                                                        "Actual Loops": 1
                                                    },
                                                    {
                                                        "Worker Number": 3,
                                                        "Actual Startup Time": 0.068,
                                                        "Actual Total Time": 83.725,
                                                        "Actual Rows": 90145,
                                                        "Actual Loops": 1
                                                    },
                                                    {
                                                        "Worker Number": 4,
                                                        "Actual Startup Time": 0.06,
                                                        "Actual Total Time": 83.905,
                                                        "Actual Rows": 89772,
                                                        "Actual Loops": 1
                                                    }
                                                ]
                                            }
                                        ]
                                    }
                                ]
                            }
                        ]
                    }
                ]
            }
        ]
    },
    "Planning Time": 0.76,
    "Triggers": [],
    "Execution Time": 830.531
}