[
  {
    "Plan": {
      "Node Type": "Aggregate",
      "Strategy": "Plain",
      "Partial Mode": "Simple",
      "Parallel Aware": false,
      "Startup Cost": 12284.07,
      "Total Cost": 12284.08,
      "Plan Rows": 1,
      "Plan Width": 8,
      "Actual Startup Time": 10.631,
      "Actual Total Time": 10.633,
      "Actual Rows": 1,
      "Actual Loops": 1,
      "Plans": [
        {
          "Node Type": "Bitmap Heap Scan",
          "Parent Relationship": "Outer",
          "Parallel Aware": false,
          "Relation Name": "movie_info",
          "Alias": "mi",
          "Startup Cost": 63.17,
          "Total Cost": 12275.44,
          "Plan Rows": 3450,
          "Plan Width": 0,
          "Actual Startup Time": 1.856,
          "Actual Total Time": 9.547,
          "Actual Rows": 6578,
          "Actual Loops": 1,
          "Recheck Cond": "(info_type_id = 77)",
          "Rows Removed by Index Recheck": 0,
          "Exact Heap Blocks": 1315,
          "Lossy Heap Blocks": 0,
          "Plans": [
            {
              "Node Type": "Bitmap Index Scan",
              "Parent Relationship": "Outer",
              "Parallel Aware": false,
              "Index Name": "info_type_id_movie_info",
              "Startup Cost": 0.0,
              "Total Cost": 62.31,
              "Plan Rows": 3450,
              "Plan Width": 0,
              "Actual Startup Time": 1.325,
              "Actual Total Time": 1.326,
              "Actual Rows": 6578,
              "Actual Loops": 1,
              "Index Cond": "(info_type_id = 77)"
            }
          ]
        }
      ]
    },
    "Planning Time": 0.203,
    "Triggers": [],
    "Execution Time": 10.742
  }
]