[
  {
    "Plan": {
      "Node Type": "Aggregate",
      "Strategy": "Plain",
      "Partial Mode": "Finalize",
      "Parallel Aware": false,
      "Startup Cost": 91721.82,
      "Total Cost": 91721.83,
      "Plan Rows": 1,
      "Plan Width": 8,
      "Actual Startup Time": 367.774,
      "Actual Total Time": 385.948,
      "Actual Rows": 1,
      "Actual Loops": 1,
      "Plans": [
        {
          "Node Type": "Gather",
          "Parent Relationship": "Outer",
          "Parallel Aware": false,
          "Startup Cost": 91721.5,
          "Total Cost": 91721.81,
          "Plan Rows": 3,
          "Plan Width": 8,
          "Actual Startup Time": 361.599,
          "Actual Total Time": 385.939,
          "Actual Rows": 4,
          "Actual Loops": 1,
          "Workers Planned": 3,
          "Workers Launched": 3,
          "Single Copy": false,
          "Plans": [
            {
              "Node Type": "Aggregate",
              "Strategy": "Plain",
              "Partial Mode": "Partial",
              "Parent Relationship": "Outer",
              "Parallel Aware": false,
              "Startup Cost": 90721.5,
              "Total Cost": 90721.51,
              "Plan Rows": 1,
              "Plan Width": 8,
              "Actual Startup Time": 353.117,
              "Actual Total Time": 353.122,
              "Actual Rows": 1,
              "Actual Loops": 4,
              "Plans": [
                {
                  "Node Type": "Nested Loop",
                  "Parent Relationship": "Outer",
                  "Parallel Aware": false,
                  "Join Type": "Inner",
                  "Startup Cost": 51697.19,
                  "Total Cost": 90698.15,
                  "Plan Rows": 9341,
                  "Plan Width": 0,
                  "Actual Startup Time": 272.228,
                  "Actual Total Time": 352.656,
                  "Actual Rows": 5922,
                  "Actual Loops": 4,
                  "Inner Unique": false,
                  "Plans": [
                    {
                      "Node Type": "Hash Join",
                      "Parent Relationship": "Outer",
                      "Parallel Aware": true,
                      "Join Type": "Inner",
                      "Startup Cost": 51696.76,
                      "Total Cost": 76739.04,
                      "Plan Rows": 25787,
                      "Plan Width": 8,
                      "Actual Startup Time": 272.013,
                      "Actual Total Time": 321.311,
                      "Actual Rows": 6619,
                      "Actual Loops": 4,
                      "Inner Unique": true,
                      "Hash Cond": "(mk.movie_id = t.id)",
                      "Plans": [
                        {
                          "Node Type": "Bitmap Heap Scan",
                          "Parent Relationship": "Outer",
                          "Parallel Aware": true,
                          "Relation Name": "movie_keyword",
                          "Alias": "mk",
                          "Startup Cost": 2558.87,
                          "Total Cost": 27499.04,
                          "Plan Rows": 38894,
                          "Plan Width": 4,
                          "Actual Startup Time": 10.908,
                          "Actual Total Time": 42.94,
                          "Actual Rows": 30480,
                          "Actual Loops": 4,
                          "Recheck Cond": "(keyword_id < 117)",
                          "Rows Removed by Index Recheck": 0,
                          "Exact Heap Blocks": 7798,
                          "Lossy Heap Blocks": 0,
                          "Plans": [
                            {
                              "Node Type": "Bitmap Index Scan",
                              "Parent Relationship": "Outer",
                              "Parallel Aware": false,
                              "Index Name": "keyword_id_movie_keyword",
                              "Startup Cost": 0.0,
                              "Total Cost": 2528.72,
                              "Plan Rows": 120572,
                              "Plan Width": 0,
                              "Actual Startup Time": 7.54,
                              "Actual Total Time": 7.54,
                              "Actual Rows": 121921,
                              "Actual Loops": 1,
                              "Index Cond": "(keyword_id < 117)"
                            }
                          ]
                        },
                        {
                          "Node Type": "Hash",
                          "Parent Relationship": "Inner",
                          "Parallel Aware": true,
                          "Startup Cost": 43899.32,
                          "Total Cost": 43899.32,
                          "Plan Rows": 419086,
                          "Plan Width": 4,
                          "Actual Startup Time": 255.854,
                          "Actual Total Time": 255.855,
                          "Actual Rows": 418524,
                          "Actual Loops": 4,
                          "Hash Buckets": 2097152,
                          "Original Hash Buckets": 2097152,
                          "Hash Batches": 1,
                          "Original Hash Batches": 1,
                          "Peak Memory Usage": 81952,
                          "Plans": [
                            {
                              "Node Type": "Seq Scan",
                              "Parent Relationship": "Outer",
                              "Parallel Aware": true,
                              "Relation Name": "title",
                              "Alias": "t",
                              "Startup Cost": 0.0,
                              "Total Cost": 43899.32,
                              "Plan Rows": 419086,
                              "Plan Width": 4,
                              "Actual Startup Time": 0.025,
                              "Actual Total Time": 103.641,
                              "Actual Rows": 418524,
                              "Actual Loops": 4,
                              "Filter": "(kind_id > 3)",
                              "Rows Removed by Filter": 213554
                            }
                          ]
                        }
                      ]
                    },
                    {
                      "Node Type": "Index Scan",
                      "Parent Relationship": "Inner",
                      "Parallel Aware": false,
                      "Scan Direction": "Forward",
                      "Index Name": "movie_id_movie_info_idx",
                      "Relation Name": "movie_info_idx",
                      "Alias": "mi_idx",
                      "Startup Cost": 0.43,
                      "Total Cost": 0.52,
                      "Plan Rows": 2,
                      "Plan Width": 4,
                      "Actual Startup Time": 0.004,
                      "Actual Total Time": 0.004,
                      "Actual Rows": 1,
                      "Actual Loops": 26477,
                      "Index Cond": "(movie_id = t.id)",
                      "Rows Removed by Index Recheck": 0,
                      "Filter": "(info_type_id < 101)",
                      "Rows Removed by Filter": 0
                    }
                  ]
                }
              ]
            }
          ]
        }
      ]
    },
    "Planning Time": 0.552,
    "Triggers": [],
    "Execution Time": 386.01
  }
]