{
  "Plan": {
    "Node Type": "Aggregate",
    "Strategy": "Plain",
    "Partial Mode": "Finalize",
    "Parallel Aware": false,
    "Startup Cost": 83110.63,
    "Total Cost": 83110.64,
    "Plan Rows": 1,
    "Plan Width": 8,
    "Actual Startup Time": 254.842,
    "Actual Total Time": 274.345,
    "Actual Rows": 1,
    "Actual Loops": 1,
    "Plans": [
      {
        "Node Type": "Gather",
        "Parent Relationship": "Outer",
        "Parallel Aware": false,
        "Startup Cost": 83110.52,
        "Total Cost": 83110.63,
        "Plan Rows": 1,
        "Plan Width": 8,
        "Actual Startup Time": 254.53,
        "Actual Total Time": 274.337,
        "Actual Rows": 2,
        "Actual Loops": 1,
        "Workers Planned": 1,
        "Workers Launched": 1,
        "Single Copy": false,
        "Plans": [
          {
            "Node Type": "Aggregate",
            "Strategy": "Plain",
            "Partial Mode": "Partial",
            "Parent Relationship": "Outer",
            "Parallel Aware": false,
            "Startup Cost": 82110.52,
            "Total Cost": 82110.53,
            "Plan Rows": 1,
            "Plan Width": 8,
            "Actual Startup Time": 248.403,
            "Actual Total Time": 248.407,
            "Actual Rows": 1,
            "Actual Loops": 2,
            "Plans": [
              {
                "Node Type": "Nested Loop",
                "Parent Relationship": "Outer",
                "Parallel Aware": false,
                "Join Type": "Inner",
                "Startup Cost": 54854.67,
                "Total Cost": 82093.18,
                "Plan Rows": 6935,
                "Plan Width": 0,
                "Actual Startup Time": 140.458,
                "Actual Total Time": 247.04,
                "Actual Rows": 29690,
                "Actual Loops": 2,
                "Inner Unique": false,
                "Join Filter": "(t.id = mk.movie_id)",
                "Rows Removed by Join Filter": 0,
                "Plans": [
                  {
                    "Node Type": "Hash Join",
                    "Parent Relationship": "Outer",
                    "Parallel Aware": true,
                    "Join Type": "Inner",
                    "Startup Cost": 54854.24,
                    "Total Cost": 73648.0,
                    "Plan Rows": 3876,
                    "Plan Width": 8,
                    "Actual Startup Time": 140.388,
                    "Actual Total Time": 213.844,
                    "Actual Rows": 3908,
                    "Actual Loops": 2,
                    "Inner Unique": true,
                    "Hash Cond": "(mi_idx.movie_id = t.id)",
                    "Plans": [
                      {
                        "Node Type": "Seq Scan",
                        "Parent Relationship": "Outer",
                        "Parallel Aware": true,
                        "Relation Name": "movie_info_idx",
                        "Alias": "mi_idx",
                        "Startup Cost": 0.0,
                        "Total Cost": 18082.32,
                        "Plan Rows": 271028,
                        "Plan Width": 4,
                        "Actual Startup Time": 0.019,
                        "Actual Total Time": 49.086,
                        "Actual Rows": 229962,
                        "Actual Loops": 2,
                        "Filter": "(info_type_id = 101)",
                        "Rows Removed by Filter": 460055
                      },
                      {
                        "Node Type": "Hash",
                        "Parent Relationship": "Inner",
                        "Parallel Aware": true,
                        "Startup Cost": 54588.39,
                        "Total Cost": 54588.39,
                        "Plan Rows": 21268,
                        "Plan Width": 4,
                        "Actual Startup Time": 138.773,
                        "Actual Total Time": 138.774,
                        "Actual Rows": 18218,
                        "Actual Loops": 2,
                        "Hash Buckets": 65536,
                        "Original Hash Buckets": 65536,
                        "Hash Batches": 1,
                        "Original Hash Batches": 1,
                        "Peak Memory Usage": 1952,
                        "Plans": [
                          {
                            "Node Type": "Seq Scan",
                            "Parent Relationship": "Outer",
                            "Parallel Aware": true,
                            "Relation Name": "title",
                            "Alias": "t",
                            "Startup Cost": 0.0,
                            "Total Cost": 54588.39,
                            "Plan Rows": 21268,
                            "Plan Width": 4,
                            "Actual Startup Time": 0.032,
                            "Actual Total Time": 132.638,
                            "Actual Rows": 18218,
                            "Actual Loops": 2,
                            "Filter": "(production_year = 1995)",
                            "Rows Removed by Filter": 1245938
                          }
                        ]
                      }
                    ]
                  },
                  {
                    "Node Type": "Index Only Scan",
                    "Parent Relationship": "Inner",
                    "Parallel Aware": false,
                    "Scan Direction": "Forward",
                    "Index Name": "movie_id_movie_keyword",
                    "Relation Name": "movie_keyword",
                    "Alias": "mk",
                    "Startup Cost": 0.43,
                    "Total Cost": 1.62,
                    "Plan Rows": 45,
                    "Plan Width": 4,
                    "Actual Startup Time": 0.007,
                    "Actual Total Time": 0.008,
                    "Actual Rows": 8,
                    "Actual Loops": 7816,
                    "Index Cond": "(movie_id = mi_idx.movie_id)",
                    "Rows Removed by Index Recheck": 0,
                    "Heap Fetches": 59381
                  }
                ]
              }
            ]
          }
        ]
      }
    ]
  },
  "Planning Time": 0.827,
  "Triggers": [],
  "Execution Time": 274.427
}