[
  {
    "Plan": {
      "Node Type": "Aggregate",
      "Strategy": "Plain",
      "Partial Mode": "Finalize",
      "Parallel Aware": false,
      "Startup Cost": 44474.6,
      "Total Cost": 44474.61,
      "Plan Rows": 1,
      "Plan Width": 8,
      "Actual Startup Time": 124.459,
      "Actual Total Time": 131.524,
      "Actual Rows": 1,
      "Actual Loops": 1,
      "Plans": [
        {
          "Node Type": "Gather",
          "Parent Relationship": "Outer",
          "Parallel Aware": false,
          "Startup Cost": 44474.28,
          "Total Cost": 44474.59,
          "Plan Rows": 3,
          "Plan Width": 8,
          "Actual Startup Time": 124.336,
          "Actual Total Time": 131.517,
          "Actual Rows": 4,
          "Actual Loops": 1,
          "Workers Planned": 3,
          "Workers Launched": 3,
          "Single Copy": false,
          "Plans": [
            {
              "Node Type": "Aggregate",
              "Strategy": "Plain",
              "Partial Mode": "Partial",
              "Parent Relationship": "Outer",
              "Parallel Aware": false,
              "Startup Cost": 43474.28,
              "Total Cost": 43474.29,
              "Plan Rows": 1,
              "Plan Width": 8,
              "Actual Startup Time": 119.15,
              "Actual Total Time": 119.151,
              "Actual Rows": 1,
              "Actual Loops": 4,
              "Plans": [
                {
                  "Node Type": "Seq Scan",
                  "Parent Relationship": "Outer",
                  "Parallel Aware": true,
                  "Relation Name": "movie_keyword",
                  "Alias": "mk",
                  "Startup Cost": 0.0,
                  "Total Cost": 42695.65,
                  "Plan Rows": 311450,
                  "Plan Width": 0,
                  "Actual Startup Time": 2.102,
                  "Actual Total Time": 106.144,
                  "Actual Rows": 241903,
                  "Actual Loops": 4,
                  "Filter": "(keyword_id > 19671)",
                  "Rows Removed by Filter": 889080
                }
              ]
            }
          ]
        }
      ]
    },
    "Planning Time": 0.098,
    "Triggers": [],
    "Execution Time": 131.554
  }
]