[
  {
    "Plan": {
      "Node Type": "Aggregate",
      "Strategy": "Plain",
      "Partial Mode": "Finalize",
      "Parallel Aware": false,
      "Startup Cost": 388289.58,
      "Total Cost": 388289.59,
      "Plan Rows": 1,
      "Plan Width": 8,
      "Actual Startup Time": 1698.581,
      "Actual Total Time": 1768.065,
      "Actual Rows": 1,
      "Actual Loops": 1,
      "Plans": [
        {
          "Node Type": "Gather",
          "Parent Relationship": "Outer",
          "Parallel Aware": false,
          "Startup Cost": 388288.96,
          "Total Cost": 388289.57,
          "Plan Rows": 6,
          "Plan Width": 8,
          "Actual Startup Time": 1695.971,
          "Actual Total Time": 1768.04,
          "Actual Rows": 7,
          "Actual Loops": 1,
          "Workers Planned": 6,
          "Workers Launched": 6,
          "Single Copy": false,
          "Plans": [
            {
              "Node Type": "Aggregate",
              "Strategy": "Plain",
              "Partial Mode": "Partial",
              "Parent Relationship": "Outer",
              "Parallel Aware": false,
              "Startup Cost": 387288.96,
              "Total Cost": 387288.97,
              "Plan Rows": 1,
              "Plan Width": 8,
              "Actual Startup Time": 1687.662,
              "Actual Total Time": 1687.666,
              "Actual Rows": 1,
              "Actual Loops": 7,
              "Plans": [
                {
                  "Node Type": "Hash Join",
                  "Parent Relationship": "Outer",
                  "Parallel Aware": true,
                  "Join Type": "Inner",
                  "Startup Cost": 46195.94,
                  "Total Cost": 386265.09,
                  "Plan Rows": 409546,
                  "Plan Width": 0,
                  "Actual Startup Time": 225.552,
                  "Actual Total Time": 1660.555,
                  "Actual Rows": 435300,
                  "Actual Loops": 7,
                  "Inner Unique": true,
                  "Hash Cond": "(ci.movie_id = t.id)",
                  "Plans": [
                    {
                      "Node Type": "Seq Scan",
                      "Parent Relationship": "Outer",
                      "Parallel Aware": true,
                      "Relation Name": "cast_info",
                      "Alias": "ci",
                      "Startup Cost": 0.0,
                      "Total Cost": 328211.39,
                      "Plan Rows": 4517236,
                      "Plan Width": 4,
                      "Actual Startup Time": 109.719,
                      "Actual Total Time": 771.385,
                      "Actual Rows": 3864682,
                      "Actual Loops": 7,
                      "Filter": "(person_id > 903621)",
                      "Rows Removed by Filter": 1313081
                    },
                    {
                      "Node Type": "Hash",
                      "Parent Relationship": "Inner",
                      "Parallel Aware": true,
                      "Startup Cost": 45479.59,
                      "Total Cost": 45479.59,
                      "Plan Rows": 57308,
                      "Plan Width": 4,
                      "Actual Startup Time": 114.693,
                      "Actual Total Time": 114.694,
                      "Actual Rows": 49949,
                      "Actual Loops": 7,
                      "Hash Buckets": 524288,
                      "Original Hash Buckets": 262144,
                      "Hash Batches": 1,
                      "Original Hash Batches": 1,
                      "Peak Memory Usage": 19904,
                      "Plans": [
                        {
                          "Node Type": "Seq Scan",
                          "Parent Relationship": "Outer",
                          "Parallel Aware": true,
                          "Relation Name": "title",
                          "Alias": "t",
                          "Startup Cost": 0.0,
                          "Total Cost": 45479.59,
                          "Plan Rows": 57308,
                          "Plan Width": 4,
                          "Actual Startup Time": 0.095,
                          "Actual Total Time": 83.179,
                          "Actual Rows": 49949,
                          "Actual Loops": 7,
                          "Filter": "((kind_id < 7) AND (production_year < 1986))",
                          "Rows Removed by Filter": 311238
                        }
                      ]
                    }
                  ]
                }
              ]
            }
          ]
        }
      ]
    },
    "Planning Time": 0.338,
    "Triggers": [],
    "Execution Time": 1768.128
  }
]