[
    {
        "Bao": {
            "Bao prediction": "NaN",
            "Bao recommended hint": "(no hint)"
        }
    },
    {
        "Plan": {
            "Node Type": "Aggregate",
            "Strategy": "Plain",
            "Partial Mode": "Finalize",
            "Parallel Aware": false,
            "Startup Cost": 33389.17,
            "Total Cost": 33389.18,
            "Plan Rows": 1,
            "Plan Width": 8,
            "Actual Startup Time": 102.627,
            "Actual Total Time": 107.699,
            "Actual Rows": 1,
            "Actual Loops": 1,
            "Output": [
                "count(*)"
            ],
            "Plans": [
                {
                    "Node Type": "Gather",
                    "Parent Relationship": "Outer",
                    "Parallel Aware": false,
                    "Startup Cost": 33388.85,
                    "Total Cost": 33389.16,
                    "Plan Rows": 3,
                    "Plan Width": 8,
                    "Actual Startup Time": 102.555,
                    "Actual Total Time": 107.691,
                    "Actual Rows": 4,
                    "Actual Loops": 1,
                    "Output": [
                        "(PARTIAL count(*))"
                    ],
                    "Workers Planned": 3,
                    "Workers Launched": 3,
                    "Single Copy": false,
                    "Plans": [
                        {
                            "Node Type": "Aggregate",
                            "Strategy": "Plain",
                            "Partial Mode": "Partial",
                            "Parent Relationship": "Outer",
                            "Parallel Aware": false,
                            "Startup Cost": 32388.85,
                            "Total Cost": 32388.86,
                            "Plan Rows": 1,
                            "Plan Width": 8,
                            "Actual Startup Time": 94.302,
                            "Actual Total Time": 94.302,
                            "Actual Rows": 1,
                            "Actual Loops": 4,
                            "Output": [
                                "PARTIAL count(*)"
                            ],
                            "Workers": [
                                {
                                    "Worker Number": 0,
                                    "Actual Startup Time": 91.558,
                                    "Actual Total Time": 91.559,
                                    "Actual Rows": 1,
                                    "Actual Loops": 1
                                },
                                {
                                    "Worker Number": 1,
                                    "Actual Startup Time": 91.671,
                                    "Actual Total Time": 91.672,
                                    "Actual Rows": 1,
                                    "Actual Loops": 1
                                },
                                {
                                    "Worker Number": 2,
                                    "Actual Startup Time": 91.954,
                                    "Actual Total Time": 91.955,
                                    "Actual Rows": 1,
                                    "Actual Loops": 1
                                }
                            ],
                            "Plans": [
                                {
                                    "Node Type": "Seq Scan",
                                    "Parent Relationship": "Outer",
                                    "Parallel Aware": true,
                                    "Relation Name": "movie_companies",
                                    "Schema": "public",
                                    "Alias": "mc",
                                    "Startup Cost": 0.0,
                                    "Total Cost": 31414.82,
                                    "Plan Rows": 389612,
                                    "Plan Width": 0,
                                    "Actual Startup Time": 42.516,
                                    "Actual Total Time": 80.386,
                                    "Actual Rows": 320004,
                                    "Actual Loops": 4,
                                    "Output": [
                                        "id",
                                        "movie_id",
                                        "company_id",
                                        "company_type_id",
                                        "note"
                                    ],
                                    "Filter": "((mc.company_id > 93) AND (mc.company_type_id = 2))",
                                    "Rows Removed by Filter": 332278,
                                    "Workers": [
                                        {
                                            "Worker Number": 0,
                                            "Actual Startup Time": 39.753,
                                            "Actual Total Time": 77.674,
                                            "Actual Rows": 210607,
                                            "Actual Loops": 1
                                        },
                                        {
                                            "Worker Number": 1,
                                            "Actual Startup Time": 39.901,
                                            "Actual Total Time": 77.887,
                                            "Actual Rows": 342744,
                                            "Actual Loops": 1
                                        },
                                        {
                                            "Worker Number": 2,
                                            "Actual Startup Time": 40.172,
                                            "Actual Total Time": 78.452,
                                            "Actual Rows": 335019,
                                            "Actual Loops": 1
                                        }
                                    ]
                                }
                            ]
                        }
                    ]
                }
            ]
        },
        "Planning Time": 203.969,
        "Triggers": [],
        "Execution Time": 107.784
    }
]