{
  "Plan": {
    "Node Type": "Aggregate",
    "Strategy": "Plain",
    "Partial Mode": "Finalize",
    "Parallel Aware": false,
    "Startup Cost": 137080.1,
    "Total Cost": 137080.11,
    "Plan Rows": 1,
    "Plan Width": 8,
    "Actual Startup Time": 443.041,
    "Actual Total Time": 462.015,
    "Actual Rows": 1,
    "Actual Loops": 1,
    "Plans": [
      {
        "Node Type": "Gather",
        "Parent Relationship": "Outer",
        "Parallel Aware": false,
        "Startup Cost": 137079.99,
        "Total Cost": 137080.1,
        "Plan Rows": 1,
        "Plan Width": 8,
        "Actual Startup Time": 442.433,
        "Actual Total Time": 462.007,
        "Actual Rows": 2,
        "Actual Loops": 1,
        "Workers Planned": 1,
        "Workers Launched": 1,
        "Single Copy": false,
        "Plans": [
          {
            "Node Type": "Aggregate",
            "Strategy": "Plain",
            "Partial Mode": "Partial",
            "Parent Relationship": "Outer",
            "Parallel Aware": false,
            "Startup Cost": 136079.99,
            "Total Cost": 136080.0,
            "Plan Rows": 1,
            "Plan Width": 8,
            "Actual Startup Time": 436.094,
            "Actual Total Time": 436.098,
            "Actual Rows": 1,
            "Actual Loops": 2,
            "Plans": [
              {
                "Node Type": "Nested Loop",
                "Parent Relationship": "Outer",
                "Parallel Aware": false,
                "Join Type": "Inner",
                "Startup Cost": 32551.24,
                "Total Cost": 136044.21,
                "Plan Rows": 14312,
                "Plan Width": 0,
                "Actual Startup Time": 104.747,
                "Actual Total Time": 434.79,
                "Actual Rows": 16273,
                "Actual Loops": 2,
                "Inner Unique": false,
                "Plans": [
                  {
                    "Node Type": "Hash Join",
                    "Parent Relationship": "Outer",
                    "Parallel Aware": true,
                    "Join Type": "Inner",
                    "Startup Cost": 32550.81,
                    "Total Cost": 93745.99,
                    "Plan Rows": 79589,
                    "Plan Width": 8,
                    "Actual Startup Time": 104.676,
                    "Actual Total Time": 350.965,
                    "Actual Rows": 35024,
                    "Actual Loops": 2,
                    "Inner Unique": false,
                    "Hash Cond": "(t.id = mc.movie_id)",
                    "Plans": [
                      {
                        "Node Type": "Seq Scan",
                        "Parent Relationship": "Outer",
                        "Parallel Aware": true,
                        "Relation Name": "title",
                        "Alias": "t",
                        "Startup Cost": 0.0,
                        "Total Cost": 54588.39,
                        "Plan Rows": 982180,
                        "Plan Width": 4,
                        "Actual Startup Time": 0.011,
                        "Actual Total Time": 148.906,
                        "Actual Rows": 835646,
                        "Actual Loops": 2,
                        "Filter": "(production_year < 2008)",
                        "Rows Removed by Filter": 428510
                      },
                      {
                        "Node Type": "Hash",
                        "Parent Relationship": "Inner",
                        "Parallel Aware": true,
                        "Startup Cost": 31044.37,
                        "Total Cost": 31044.37,
                        "Plan Rows": 120515,
                        "Plan Width": 4,
                        "Actual Startup Time": 101.133,
                        "Actual Total Time": 101.134,
                        "Actual Rows": 47100,
                        "Actual Loops": 2,
                        "Hash Buckets": 262144,
                        "Original Hash Buckets": 262144,
                        "Hash Batches": 1,
                        "Original Hash Batches": 1,
                        "Peak Memory Usage": 5760,
                        "Plans": [
                          {
                            "Node Type": "Bitmap Heap Scan",
                            "Parent Relationship": "Outer",
                            "Parallel Aware": true,
                            "Relation Name": "movie_companies",
                            "Alias": "mc",
                            "Startup Cost": 8693.98,
                            "Total Cost": 31044.37,
                            "Plan Rows": 120515,
                            "Plan Width": 4,
                            "Actual Startup Time": 74.39,
                            "Actual Total Time": 91.787,
                            "Actual Rows": 47100,
                            "Actual Loops": 2,
                            "Recheck Cond": "(company_id < 253)",
                            "Rows Removed by Index Recheck": 0,
                            "Filter": "(company_type_id = 2)",
                            "Rows Removed by Filter": 153606,
                            "Exact Heap Blocks": 13362,
                            "Lossy Heap Blocks": 0,
                            "Plans": [
                              {
                                "Node Type": "Bitmap Index Scan",
                                "Parent Relationship": "Outer",
                                "Parallel Aware": false,
                                "Index Name": "company_id_movie_companies",
                                "Startup Cost": 0.0,
                                "Total Cost": 8642.76,
                                "Plan Rows": 403511,
                                "Plan Width": 0,
                                "Actual Startup Time": 31.512,
                                "Actual Total Time": 31.512,
                                "Actual Rows": 401412,
                                "Actual Loops": 1,
                                "Index Cond": "(company_id < 253)"
                              }
                            ]
                          }
                        ]
                      }
                    ]
                  },
                  {
                    "Node Type": "Index Scan",
                    "Parent Relationship": "Inner",
                    "Parallel Aware": false,
                    "Scan Direction": "Forward",
                    "Index Name": "movie_id_movie_info_idx",
                    "Relation Name": "movie_info_idx",
                    "Alias": "mi_idx",
                    "Startup Cost": 0.43,
                    "Total Cost": 0.52,
                    "Plan Rows": 1,
                    "Plan Width": 4,
                    "Actual Startup Time": 0.002,
                    "Actual Total Time": 0.002,
                    "Actual Rows": 0,
                    "Actual Loops": 70049,
                    "Index Cond": "(movie_id = t.id)",
                    "Rows Removed by Index Recheck": 0,
                    "Filter": "(info_type_id < 100)",
                    "Rows Removed by Filter": 1
                  }
                ]
              }
            ]
          }
        ]
      }
    ]
  },
  "Planning Time": 1.207,
  "Triggers": [],
  "Execution Time": 462.123
}