[
  {
    "Plan": {
      "Node Type": "Aggregate",
      "Strategy": "Plain",
      "Partial Mode": "Finalize",
      "Parallel Aware": false,
      "Startup Cost": 121783.54,
      "Total Cost": 121783.55,
      "Plan Rows": 1,
      "Plan Width": 8,
      "Actual Startup Time": 163.606,
      "Actual Total Time": 174.803,
      "Actual Rows": 1,
      "Actual Loops": 1,
      "Plans": [
        {
          "Node Type": "Gather",
          "Parent Relationship": "Outer",
          "Parallel Aware": false,
          "Startup Cost": 121783.01,
          "Total Cost": 121783.52,
          "Plan Rows": 5,
          "Plan Width": 8,
          "Actual Startup Time": 163.514,
          "Actual Total Time": 174.79,
          "Actual Rows": 6,
          "Actual Loops": 1,
          "Workers Planned": 5,
          "Workers Launched": 5,
          "Single Copy": false,
          "Plans": [
            {
              "Node Type": "Aggregate",
              "Strategy": "Plain",
              "Partial Mode": "Partial",
              "Parent Relationship": "Outer",
              "Parallel Aware": false,
              "Startup Cost": 120783.01,
              "Total Cost": 120783.02,
              "Plan Rows": 1,
              "Plan Width": 8,
              "Actual Startup Time": 154.629,
              "Actual Total Time": 154.63,
              "Actual Rows": 1,
              "Actual Loops": 6,
              "Plans": [
                {
                  "Node Type": "Index Scan",
                  "Parent Relationship": "Outer",
                  "Parallel Aware": true,
                  "Scan Direction": "Forward",
                  "Index Name": "role_id_cast_info",
                  "Relation Name": "cast_info",
                  "Alias": "ci",
                  "Startup Cost": 0.56,
                  "Total Cost": 119623.46,
                  "Plan Rows": 463824,
                  "Plan Width": 0,
                  "Actual Startup Time": 0.22,
                  "Actual Total Time": 147.862,
                  "Actual Rows": 124276,
                  "Actual Loops": 6,
                  "Index Cond": "(role_id = 10)",
                  "Rows Removed by Index Recheck": 0,
                  "Filter": "(person_id < 1924849)",
                  "Rows Removed by Filter": 596227
                }
              ]
            }
          ]
        }
      ]
    },
    "Planning Time": 0.266,
    "Triggers": [],
    "Execution Time": 174.864
  }
]