{
  "Plan": {
    "Node Type": "Aggregate",
    "Strategy": "Plain",
    "Partial Mode": "Simple",
    "Parallel Aware": false,
    "Startup Cost": 169962.78,
    "Total Cost": 169962.79,
    "Plan Rows": 1,
    "Plan Width": 32,
    "Actual Startup Time": 10975.076,
    "Actual Total Time": 11058.164,
    "Actual Rows": 1,
    "Actual Loops": 1,
    "Plans": [
      {
        "Node Type": "Nested Loop",
        "Parent Relationship": "Outer",
        "Parallel Aware": false,
        "Join Type": "Inner",
        "Startup Cost": 122556.79,
        "Total Cost": 169962.77,
        "Plan Rows": 1,
        "Plan Width": 17,
        "Actual Startup Time": 10975.071,
        "Actual Total Time": 11058.157,
        "Actual Rows": 0,
        "Actual Loops": 1,
        "Inner Unique": true,
        "Plans": [
          {
            "Node Type": "Gather",
            "Parent Relationship": "Outer",
            "Parallel Aware": false,
            "Startup Cost": 122556.36,
            "Total Cost": 169962.31,
            "Plan Rows": 1,
            "Plan Width": 21,
            "Actual Startup Time": 1798.98,
            "Actual Total Time": 10685.79,
            "Actual Rows": 79797,
            "Actual Loops": 1,
            "Workers Planned": 3,
            "Workers Launched": 3,
            "Single Copy": false,
            "Plans": [
              {
                "Node Type": "Nested Loop",
                "Parent Relationship": "Outer",
                "Parallel Aware": false,
                "Join Type": "Inner",
                "Startup Cost": 121556.36,
                "Total Cost": 168962.21,
                "Plan Rows": 1,
                "Plan Width": 21,
                "Actual Startup Time": 1722.375,
                "Actual Total Time": 10858.19,
                "Actual Rows": 19949,
                "Actual Loops": 4,
                "Inner Unique": true,
                "Plans": [
                  {
                    "Node Type": "Hash Join",
                    "Parent Relationship": "Outer",
                    "Parallel Aware": true,
                    "Join Type": "Inner",
                    "Startup Cost": 121555.94,
                    "Total Cost": 166081.91,
                    "Plan Rows": 6418,
                    "Plan Width": 25,
                    "Actual Startup Time": 1690.158,
                    "Actual Total Time": 2341.663,
                    "Actual Rows": 4213450,
                    "Actual Loops": 4,
                    "Inner Unique": false,
                    "Hash Cond": "(mk.movie_id = t.id)",
                    "Plans": [
                      {
                        "Node Type": "Seq Scan",
                        "Parent Relationship": "Outer",
                        "Parallel Aware": true,
                        "Relation Name": "movie_keyword",
                        "Alias": "mk",
                        "Startup Cost": 0.0,
                        "Total Cost": 39047.32,
                        "Plan Rows": 1459332,
                        "Plan Width": 8,
                        "Actual Startup Time": 0.021,
                        "Actual Total Time": 105.941,
                        "Actual Rows": 1130982,
                        "Actual Loops": 4
                      },
                      {
                        "Node Type": "Hash",
                        "Parent Relationship": "Inner",
                        "Parallel Aware": true,
                        "Startup Cost": 121542.62,
                        "Total Cost": 121542.62,
                        "Plan Rows": 1066,
                        "Plan Width": 33,
                        "Actual Startup Time": 1636.721,
                        "Actual Total Time": 1637.011,
                        "Actual Rows": 141829,
                        "Actual Loops": 4,
                        "Hash Buckets": 1048576,
                        "Original Hash Buckets": 8192,
                        "Hash Batches": 1,
                        "Original Hash Batches": 1,
                        "Peak Memory Usage": 54240,
                        "Plans": [
                          {
                            "Node Type": "Hash Join",
                            "Parent Relationship": "Outer",
                            "Parallel Aware": true,
                            "Join Type": "Inner",
                            "Startup Cost": 48996.99,
                            "Total Cost": 121542.62,
                            "Plan Rows": 1066,
                            "Plan Width": 33,
                            "Actual Startup Time": 994.091,
                            "Actual Total Time": 1517.246,
                            "Actual Rows": 141829,
                            "Actual Loops": 4,
                            "Inner Unique": false,
                            "Hash Cond": "(n.id = ci.person_id)",
                            "Plans": [
                              {
                                "Node Type": "Seq Scan",
                                "Parent Relationship": "Outer",
                                "Parallel Aware": true,
                                "Relation Name": "name",
                                "Alias": "n",
                                "Startup Cost": 0.0,
                                "Total Cost": 66031.44,
                                "Plan Rows": 1041844,
                                "Plan Width": 4,
                                "Actual Startup Time": 0.016,
                                "Actual Total Time": 194.698,
                                "Actual Rows": 1041873,
                                "Actual Loops": 4
                              },
                              {
                                "Node Type": "Hash",
                                "Parent Relationship": "Inner",
                                "Parallel Aware": true,
                                "Startup Cost": 48983.67,
                                "Total Cost": 48983.67,
                                "Plan Rows": 1066,
                                "Plan Width": 37,
                                "Actual Startup Time": 993.914,
                                "Actual Total Time": 993.93,
                                "Actual Rows": 141829,
                                "Actual Loops": 4,
                                "Hash Buckets": 1048576,
                                "Original Hash Buckets": 8192,
                                "Hash Batches": 1,
                                "Original Hash Batches": 1,
                                "Peak Memory Usage": 56480,
                                "Plans": [
                                  {
                                    "Node Type": "Hash Join",
                                    "Parent Relationship": "Outer",
                                    "Parallel Aware": false,
                                    "Join Type": "Inner",
                                    "Startup Cost": 3238.11,
                                    "Total Cost": 48983.67,
                                    "Plan Rows": 1066,
                                    "Plan Width": 37,
                                    "Actual Startup Time": 268.037,
                                    "Actual Total Time": 850.925,
                                    "Actual Rows": 141829,
                                    "Actual Loops": 4,
                                    "Inner Unique": true,
                                    "Hash Cond": "(t.kind_id = kt.id)",
                                    "Plans": [
                                      {
                                        "Node Type": "Nested Loop",
                                        "Parent Relationship": "Outer",
                                        "Parallel Aware": false,
                                        "Join Type": "Inner",
                                        "Startup Cost": 3237.01,
                                        "Total Cost": 48951.11,
                                        "Plan Rows": 7464,
                                        "Plan Width": 41,
                                        "Actual Startup Time": 99.28,
                                        "Actual Total Time": 808.565,
                                        "Actual Rows": 154982,
                                        "Actual Loops": 4,
                                        "Inner Unique": false,
                                        "Plans": [
                                          {
                                            "Node Type": "Hash Join",
                                            "Parent Relationship": "Outer",
                                            "Parallel Aware": false,
                                            "Join Type": "Inner",
                                            "Startup Cost": 3236.45,
                                            "Total Cost": 47372.55,
                                            "Plan Rows": 200,
                                            "Plan Width": 29,
                                            "Actual Startup Time": 99.106,
                                            "Actual Total Time": 255.957,
                                            "Actual Rows": 4704,
                                            "Actual Loops": 4,
                                            "Inner Unique": true,
                                            "Hash Cond": "(cc.subject_id = cct1.id)",
                                            "Plans": [
                                              {
                                                "Node Type": "Hash Join",
                                                "Parent Relationship": "Outer",
                                                "Parallel Aware": false,
                                                "Join Type": "Inner",
                                                "Startup Cost": 3235.39,
                                                "Total Cost": 47367.17,
                                                "Plan Rows": 798,
                                                "Plan Width": 33,
                                                "Actual Startup Time": 99.014,
                                                "Actual Total Time": 253.718,
                                                "Actual Rows": 7922,
                                                "Actual Loops": 4,
                                                "Inner Unique": false,
                                                "Hash Cond": "(t.id = cc.movie_id)",
                                                "Plans": [
                                                  {
                                                    "Node Type": "Seq Scan",
                                                    "Parent Relationship": "Outer",
                                                    "Parallel Aware": true,
                                                    "Relation Name": "title",
                                                    "Alias": "t",
                                                    "Startup Cost": 0.0,
                                                    "Total Cost": 43899.59,
                                                    "Plan Rows": 59788,
                                                    "Plan Width": 25,
                                                    "Actual Startup Time": 0.12,
                                                    "Actual Total Time": 126.158,
                                                    "Actual Rows": 60350,
                                                    "Actual Loops": 4,
                                                    "Filter": "(production_year < 1960)",
                                                    "Rows Removed by Filter": 571728
                                                  },
                                                  {
                                                    "Node Type": "Hash",
                                                    "Parent Relationship": "Inner",
                                                    "Parallel Aware": false,
                                                    "Startup Cost": 2813.24,
                                                    "Total Cost": 2813.24,
                                                    "Plan Rows": 33772,
                                                    "Plan Width": 8,
                                                    "Actual Startup Time": 98.084,
                                                    "Actual Total Time": 98.087,
                                                    "Actual Rows": 135086,
                                                    "Actual Loops": 4,
                                                    "Hash Buckets": 262144,
                                                    "Original Hash Buckets": 65536,
                                                    "Hash Batches": 1,
                                                    "Original Hash Batches": 1,
                                                    "Peak Memory Usage": 7325,
                                                    "Plans": [
                                                      {
                                                        "Node Type": "Hash Join",
                                                        "Parent Relationship": "Outer",
                                                        "Parallel Aware": false,
                                                        "Join Type": "Inner",
                                                        "Startup Cost": 1.06,
                                                        "Total Cost": 2813.24,
                                                        "Plan Rows": 33772,
                                                        "Plan Width": 8,
                                                        "Actual Startup Time": 0.132,
                                                        "Actual Total Time": 59.021,
                                                        "Actual Rows": 135086,
                                                        "Actual Loops": 4,
                                                        "Inner Unique": true,
                                                        "Hash Cond": "(cc.status_id = cct2.id)",
                                                        "Plans": [
                                                          {
                                                            "Node Type": "Seq Scan",
                                                            "Parent Relationship": "Outer",
                                                            "Parallel Aware": false,
                                                            "Relation Name": "complete_cast",
                                                            "Alias": "cc",
                                                            "Startup Cost": 0.0,
                                                            "Total Cost": 2081.86,
                                                            "Plan Rows": 135086,
                                                            "Plan Width": 12,
                                                            "Actual Startup Time": 0.066,
                                                            "Actual Total Time": 21.33,
                                                            "Actual Rows": 135086,
                                                            "Actual Loops": 4
                                                          },
                                                          {
                                                            "Node Type": "Hash",
                                                            "Parent Relationship": "Inner",
                                                            "Parallel Aware": false,
                                                            "Startup Cost": 1.05,
                                                            "Total Cost": 1.05,
                                                            "Plan Rows": 1,
                                                            "Plan Width": 4,
                                                            "Actual Startup Time": 0.022,
                                                            "Actual Total Time": 0.023,
                                                            "Actual Rows": 2,
                                                            "Actual Loops": 4,
                                                            "Hash Buckets": 1024,
                                                            "Original Hash Buckets": 1024,
                                                            "Hash Batches": 1,
                                                            "Original Hash Batches": 1,
                                                            "Peak Memory Usage": 9,
                                                            "Plans": [
                                                              {
                                                                "Node Type": "Seq Scan",
                                                                "Parent Relationship": "Outer",
                                                                "Parallel Aware": false,
                                                                "Relation Name": "comp_cast_type",
                                                                "Alias": "cct2",
                                                                "Startup Cost": 0.0,
                                                                "Total Cost": 1.05,
                                                                "Plan Rows": 1,
                                                                "Plan Width": 4,
                                                                "Actual Startup Time": 0.011,
                                                                "Actual Total Time": 0.013,
                                                                "Actual Rows": 2,
                                                                "Actual Loops": 4,
                                                                "Filter": "((kind)::text ~~ '%complete%'::text)",
                                                                "Rows Removed by Filter": 2
                                                              }
                                                            ]
                                                          }
                                                        ]
                                                      }
                                                    ]
                                                  }
                                                ]
                                              },
                                              {
                                                "Node Type": "Hash",
                                                "Parent Relationship": "Inner",
                                                "Parallel Aware": false,
                                                "Startup Cost": 1.05,
                                                "Total Cost": 1.05,
                                                "Plan Rows": 1,
                                                "Plan Width": 4,
                                                "Actual Startup Time": 0.043,
                                                "Actual Total Time": 0.044,
                                                "Actual Rows": 1,
                                                "Actual Loops": 4,
                                                "Hash Buckets": 1024,
                                                "Original Hash Buckets": 1024,
                                                "Hash Batches": 1,
                                                "Original Hash Batches": 1,
                                                "Peak Memory Usage": 9,
                                                "Plans": [
                                                  {
                                                    "Node Type": "Seq Scan",
                                                    "Parent Relationship": "Outer",
                                                    "Parallel Aware": false,
                                                    "Relation Name": "comp_cast_type",
                                                    "Alias": "cct1",
                                                    "Startup Cost": 0.0,
                                                    "Total Cost": 1.05,
                                                    "Plan Rows": 1,
                                                    "Plan Width": 4,
                                                    "Actual Startup Time": 0.032,
                                                    "Actual Total Time": 0.035,
                                                    "Actual Rows": 1,
                                                    "Actual Loops": 4,
                                                    "Filter": "((kind)::text = 'cast'::text)",
                                                    "Rows Removed by Filter": 3
                                                  }
                                                ]
                                              }
                                            ]
                                          },
                                          {
                                            "Node Type": "Index Scan",
                                            "Parent Relationship": "Inner",
                                            "Parallel Aware": false,
                                            "Scan Direction": "Forward",
                                            "Index Name": "movie_id_cast_info",
                                            "Relation Name": "cast_info",
                                            "Alias": "ci",
                                            "Startup Cost": 0.56,
                                            "Total Cost": 7.52,
                                            "Plan Rows": 37,
                                            "Plan Width": 12,
                                            "Actual Startup Time": 0.025,
                                            "Actual Total Time": 0.11,
                                            "Actual Rows": 33,
                                            "Actual Loops": 18814,
                                            "Index Cond": "(movie_id = t.id)",
                                            "Rows Removed by Index Recheck": 0
                                          }
                                        ]
                                      },
                                      {
                                        "Node Type": "Hash",
                                        "Parent Relationship": "Inner",
                                        "Parallel Aware": false,
                                        "Startup Cost": 1.09,
                                        "Total Cost": 1.09,
                                        "Plan Rows": 1,
                                        "Plan Width": 4,
                                        "Actual Startup Time": 0.067,
                                        "Actual Total Time": 0.068,
                                        "Actual Rows": 1,
                                        "Actual Loops": 4,
                                        "Hash Buckets": 1024,
                                        "Original Hash Buckets": 1024,
                                        "Hash Batches": 1,
                                        "Original Hash Batches": 1,
                                        "Peak Memory Usage": 9,
                                        "Plans": [
                                          {
                                            "Node Type": "Seq Scan",
                                            "Parent Relationship": "Outer",
                                            "Parallel Aware": false,
                                            "Relation Name": "kind_type",
                                            "Alias": "kt",
                                            "Startup Cost": 0.0,
                                            "Total Cost": 1.09,
                                            "Plan Rows": 1,
                                            "Plan Width": 4,
                                            "Actual Startup Time": 0.047,
                                            "Actual Total Time": 0.051,
                                            "Actual Rows": 1,
                                            "Actual Loops": 4,
                                            "Filter": "((kind)::text = 'movie'::text)",
                                            "Rows Removed by Filter": 6
                                          }
                                        ]
                                      }
                                    ]
                                  }
                                ]
                              }
                            ]
                          }
                        ]
                      }
                    ]
                  },
                  {
                    "Node Type": "Index Scan",
                    "Parent Relationship": "Inner",
                    "Parallel Aware": false,
                    "Scan Direction": "Forward",
                    "Index Name": "keyword_pkey",
                    "Relation Name": "keyword",
                    "Alias": "k",
                    "Startup Cost": 0.42,
                    "Total Cost": 0.45,
                    "Plan Rows": 1,
                    "Plan Width": 4,
                    "Actual Startup Time": 0.002,
                    "Actual Total Time": 0.002,
                    "Actual Rows": 0,
                    "Actual Loops": 16853801,
                    "Index Cond": "(id = mk.keyword_id)",
                    "Rows Removed by Index Recheck": 0,
                    "Filter": "(keyword = ANY ('{superhero,sequel,second-part,marvel-comics,based-on-comic,tv-special,fight,violence}'::text[]))",
                    "Rows Removed by Filter": 1
                  }
                ]
              }
            ]
          },
          {
            "Node Type": "Index Scan",
            "Parent Relationship": "Inner",
            "Parallel Aware": false,
            "Scan Direction": "Forward",
            "Index Name": "char_name_pkey",
            "Relation Name": "char_name",
            "Alias": "chn",
            "Startup Cost": 0.43,
            "Total Cost": 0.46,
            "Plan Rows": 1,
            "Plan Width": 4,
            "Actual Startup Time": 0.004,
            "Actual Total Time": 0.004,
            "Actual Rows": 0,
            "Actual Loops": 79797,
            "Index Cond": "(id = ci.person_role_id)",
            "Rows Removed by Index Recheck": 0,
            "Filter": "((name !~~ '%Sherlock%'::text) AND ((name ~~ '%Tony%Stark%'::text) OR (name ~~ '%Iron%Man%'::text)))",
            "Rows Removed by Filter": 1
          }
        ]
      }
    ]
  },
  "Planning Time": 26.66,
  "Triggers": [],
  "Execution Time": 11059.113
}