[
  {
    "Plan": {
      "Node Type": "Aggregate",
      "Strategy": "Plain",
      "Partial Mode": "Finalize",
      "Parallel Aware": false,
      "Startup Cost": 58132.1,
      "Total Cost": 58132.11,
      "Plan Rows": 1,
      "Plan Width": 8,
      "Actual Startup Time": 115.891,
      "Actual Total Time": 131.133,
      "Actual Rows": 1,
      "Actual Loops": 1,
      "Plans": [
        {
          "Node Type": "Gather",
          "Parent Relationship": "Outer",
          "Parallel Aware": false,
          "Startup Cost": 58131.68,
          "Total Cost": 58132.09,
          "Plan Rows": 4,
          "Plan Width": 8,
          "Actual Startup Time": 115.68,
          "Actual Total Time": 131.115,
          "Actual Rows": 5,
          "Actual Loops": 1,
          "Workers Planned": 4,
          "Workers Launched": 4,
          "Single Copy": false,
          "Plans": [
            {
              "Node Type": "Aggregate",
              "Strategy": "Plain",
              "Partial Mode": "Partial",
              "Parent Relationship": "Outer",
              "Parallel Aware": false,
              "Startup Cost": 57131.68,
              "Total Cost": 57131.69,
              "Plan Rows": 1,
              "Plan Width": 8,
              "Actual Startup Time": 106.514,
              "Actual Total Time": 106.517,
              "Actual Rows": 1,
              "Actual Loops": 5,
              "Plans": [
                {
                  "Node Type": "Nested Loop",
                  "Parent Relationship": "Outer",
                  "Parallel Aware": false,
                  "Join Type": "Inner",
                  "Startup Cost": 0.43,
                  "Total Cost": 57125.82,
                  "Plan Rows": 2345,
                  "Plan Width": 0,
                  "Actual Startup Time": 11.463,
                  "Actual Total Time": 106.45,
                  "Actual Rows": 592,
                  "Actual Loops": 5,
                  "Inner Unique": false,
                  "Plans": [
                    {
                      "Node Type": "Seq Scan",
                      "Parent Relationship": "Outer",
                      "Parallel Aware": true,
                      "Relation Name": "title",
                      "Alias": "t",
                      "Startup Cost": 0.0,
                      "Total Cost": 45479.59,
                      "Plan Rows": 1311,
                      "Plan Width": 4,
                      "Actual Startup Time": 1.246,
                      "Actual Total Time": 100.801,
                      "Actual Rows": 804,
                      "Actual Loops": 5,
                      "Filter": "((kind_id = 7) AND (production_year = 1954))",
                      "Rows Removed by Filter": 504858
                    },
                    {
                      "Node Type": "Index Only Scan",
                      "Parent Relationship": "Inner",
                      "Parallel Aware": false,
                      "Scan Direction": "Forward",
                      "Index Name": "movie_id_movie_keyword",
                      "Relation Name": "movie_keyword",
                      "Alias": "mk",
                      "Startup Cost": 0.43,
                      "Total Cost": 8.42,
                      "Plan Rows": 46,
                      "Plan Width": 4,
                      "Actual Startup Time": 0.006,
                      "Actual Total Time": 0.006,
                      "Actual Rows": 1,
                      "Actual Loops": 4021,
                      "Index Cond": "(movie_id = t.id)",
                      "Rows Removed by Index Recheck": 0,
                      "Heap Fetches": 2960
                    }
                  ]
                }
              ]
            }
          ]
        }
      ]
    },
    "Planning Time": 0.554,
    "Triggers": [],
    "Execution Time": 131.199
  }
]