[
  {
    "Plan": {
      "Node Type": "Aggregate",
      "Strategy": "Plain",
      "Partial Mode": "Finalize",
      "Parallel Aware": false,
      "Startup Cost": 272351.34,
      "Total Cost": 272351.35,
      "Plan Rows": 1,
      "Plan Width": 8,
      "Actual Startup Time": 1163.237,
      "Actual Total Time": 1295.695,
      "Actual Rows": 1,
      "Actual Loops": 1,
      "Plans": [
        {
          "Node Type": "Gather",
          "Parent Relationship": "Outer",
          "Parallel Aware": false,
          "Startup Cost": 272350.82,
          "Total Cost": 272351.33,
          "Plan Rows": 5,
          "Plan Width": 8,
          "Actual Startup Time": 1161.072,
          "Actual Total Time": 1295.679,
          "Actual Rows": 6,
          "Actual Loops": 1,
          "Workers Planned": 5,
          "Workers Launched": 5,
          "Single Copy": false,
          "Plans": [
            {
              "Node Type": "Aggregate",
              "Strategy": "Plain",
              "Partial Mode": "Partial",
              "Parent Relationship": "Outer",
              "Parallel Aware": false,
              "Startup Cost": 271350.82,
              "Total Cost": 271350.83,
              "Plan Rows": 1,
              "Plan Width": 8,
              "Actual Startup Time": 1151.543,
              "Actual Total Time": 1151.553,
              "Actual Rows": 1,
              "Actual Loops": 6,
              "Plans": [
                {
                  "Node Type": "Nested Loop",
                  "Parent Relationship": "Outer",
                  "Parallel Aware": false,
                  "Join Type": "Inner",
                  "Startup Cost": 66928.35,
                  "Total Cost": 271028.12,
                  "Plan Rows": 129080,
                  "Plan Width": 0,
                  "Actual Startup Time": 150.257,
                  "Actual Total Time": 1131.528,
                  "Actual Rows": 234278,
                  "Actual Loops": 6,
                  "Inner Unique": false,
                  "Join Filter": "(t.id = ci.movie_id)",
                  "Rows Removed by Join Filter": 0,
                  "Plans": [
                    {
                      "Node Type": "Hash Join",
                      "Parent Relationship": "Outer",
                      "Parallel Aware": true,
                      "Join Type": "Inner",
                      "Startup Cost": 66927.78,
                      "Total Cost": 233603.34,
                      "Plan Rows": 14871,
                      "Plan Width": 8,
                      "Actual Startup Time": 150.06,
                      "Actual Total Time": 273.678,
                      "Actual Rows": 28350,
                      "Actual Loops": 6,
                      "Inner Unique": true,
                      "Hash Cond": "(mi.movie_id = t.id)",
                      "Plans": [
                        {
                          "Node Type": "Bitmap Heap Scan",
                          "Parent Relationship": "Outer",
                          "Parallel Aware": true,
                          "Relation Name": "movie_info",
                          "Alias": "mi",
                          "Startup Cost": 27973.07,
                          "Total Cost": 193835.95,
                          "Plan Rows": 309591,
                          "Plan Width": 4,
                          "Actual Startup Time": 70.44,
                          "Actual Total Time": 118.813,
                          "Actual Rows": 255652,
                          "Actual Loops": 6,
                          "Recheck Cond": "(info_type_id = 3)",
                          "Rows Removed by Index Recheck": 0,
                          "Exact Heap Blocks": 2304,
                          "Lossy Heap Blocks": 0,
                          "Plans": [
                            {
                              "Node Type": "Bitmap Index Scan",
                              "Parent Relationship": "Outer",
                              "Parallel Aware": false,
                              "Index Name": "info_type_id_movie_info",
                              "Startup Cost": 0.0,
                              "Total Cost": 27586.08,
                              "Plan Rows": 1547953,
                              "Plan Width": 0,
                              "Actual Startup Time": 67.907,
                              "Actual Total Time": 67.909,
                              "Actual Rows": 1533909,
                              "Actual Loops": 1,
                              "Index Cond": "(info_type_id = 3)"
                            }
                          ]
                        },
                        {
                          "Node Type": "Hash",
                          "Parent Relationship": "Inner",
                          "Parallel Aware": true,
                          "Startup Cost": 38575.19,
                          "Total Cost": 38575.19,
                          "Plan Rows": 30362,
                          "Plan Width": 4,
                          "Actual Startup Time": 61.488,
                          "Actual Total Time": 61.493,
                          "Actual Rows": 19706,
                          "Actual Loops": 6,
                          "Hash Buckets": 131072,
                          "Original Hash Buckets": 131072,
                          "Hash Batches": 1,
                          "Original Hash Batches": 1,
                          "Peak Memory Usage": 5760,
                          "Plans": [
                            {
                              "Node Type": "Bitmap Heap Scan",
                              "Parent Relationship": "Outer",
                              "Parallel Aware": true,
                              "Relation Name": "title",
                              "Alias": "t",
                              "Startup Cost": 2197.66,
                              "Total Cost": 38575.19,
                              "Plan Rows": 30362,
                              "Plan Width": 4,
                              "Actual Startup Time": 16.324,
                              "Actual Total Time": 51.713,
                              "Actual Rows": 19706,
                              "Actual Loops": 6,
                              "Recheck Cond": "(kind_id = 4)",
                              "Rows Removed by Index Recheck": 0,
                              "Exact Heap Blocks": 4190,
                              "Lossy Heap Blocks": 0,
                              "Plans": [
                                {
                                  "Node Type": "Bitmap Index Scan",
                                  "Parent Relationship": "Outer",
                                  "Parallel Aware": false,
                                  "Index Name": "kind_id_title",
                                  "Startup Cost": 0.0,
                                  "Total Cost": 2167.3,
                                  "Plan Rows": 121449,
                                  "Plan Width": 0,
                                  "Actual Startup Time": 14.955,
                                  "Actual Total Time": 14.956,
                                  "Actual Rows": 118234,
                                  "Actual Loops": 1,
                                  "Index Cond": "(kind_id = 4)"
                                }
                              ]
                            }
                          ]
                        }
                      ]
                    },
                    {
                      "Node Type": "Index Scan",
                      "Parent Relationship": "Inner",
                      "Parallel Aware": false,
                      "Scan Direction": "Forward",
                      "Index Name": "movie_id_cast_info",
                      "Relation Name": "cast_info",
                      "Alias": "ci",
                      "Startup Cost": 0.56,
                      "Total Cost": 2.25,
                      "Plan Rows": 21,
                      "Plan Width": 4,
                      "Actual Startup Time": 0.007,
                      "Actual Total Time": 0.029,
                      "Actual Rows": 8,
                      "Actual Loops": 170102,
                      "Index Cond": "(movie_id = mi.movie_id)",
                      "Rows Removed by Index Recheck": 0,
                      "Filter": "(person_id < 2265067)",
                      "Rows Removed by Filter": 4
                    }
                  ]
                }
              ]
            }
          ]
        }
      ]
    },
    "Planning Time": 1.445,
    "Triggers": [],
    "Execution Time": 1295.868
  }
]