[
  {
    "Bao": {
      "Bao prediction": 1361.378,
      "Bao recommended hint": "SET enable_nestloop TO off; SET enable_hashjoin TO off; "
    }
  },
  {
    "Plan": {
      "Node Type": "Aggregate",
      "Strategy": "Plain",
      "Partial Mode": "Simple",
      "Parallel Aware": false,
      "Startup Cost": 1436174.34,
      "Total Cost": 1436174.35,
      "Plan Rows": 1,
      "Plan Width": 96,
      "Actual Startup Time": 8021.034,
      "Actual Total Time": 8021.512,
      "Actual Rows": 1,
      "Actual Loops": 1,
      "Plans": [
        {
          "Node Type": "Merge Join",
          "Parent Relationship": "Outer",
          "Parallel Aware": false,
          "Join Type": "Inner",
          "Startup Cost": 1299608.53,
          "Total Cost": 1436174.33,
          "Plan Rows": 1,
          "Plan Width": 48,
          "Actual Startup Time": 6730.112,
          "Actual Total Time": 8019.575,
          "Actual Rows": 16308,
          "Actual Loops": 1,
          "Inner Unique": false,
          "Merge Cond": "(chn.id = ci.person_role_id)",
          "Plans": [
            {
              "Node Type": "Index Scan",
              "Parent Relationship": "Outer",
              "Parallel Aware": false,
              "Scan Direction": "Forward",
              "Index Name": "char_name_pkey",
              "Relation Name": "char_name",
              "Alias": "chn",
              "Startup Cost": 0.43,
              "Total Cost": 128715.58,
              "Plan Rows": 3140252,
              "Plan Width": 20,
              "Actual Startup Time": 0.036,
              "Actual Total Time": 1142.884,
              "Actual Rows": 2547725,
              "Actual Loops": 1
            },
            {
              "Node Type": "Sort",
              "Parent Relationship": "Inner",
              "Parallel Aware": false,
              "Startup Cost": 1299608.1,
              "Total Cost": 1299608.11,
              "Plan Rows": 1,
              "Plan Width": 36,
              "Actual Startup Time": 6715.116,
              "Actual Total Time": 6716.228,
              "Actual Rows": 16309,
              "Actual Loops": 1,
              "Sort Key": [
                "ci.person_role_id"
              ],
              "Sort Method": "quicksort",
              "Sort Space Used": 2076,
              "Sort Space Type": "Memory",
              "Plans": [
                {
                  "Node Type": "Merge Join",
                  "Parent Relationship": "Outer",
                  "Parallel Aware": false,
                  "Join Type": "Inner",
                  "Startup Cost": 1235608.41,
                  "Total Cost": 1299608.09,
                  "Plan Rows": 1,
                  "Plan Width": 36,
                  "Actual Startup Time": 6588.982,
                  "Actual Total Time": 6711.951,
                  "Actual Rows": 16740,
                  "Actual Loops": 1,
                  "Inner Unique": false,
                  "Merge Cond": "(n.id = ci.person_id)",
                  "Plans": [
                    {
                      "Node Type": "Merge Join",
                      "Parent Relationship": "Outer",
                      "Parallel Aware": false,
                      "Join Type": "Inner",
                      "Startup Cost": 213934.88,
                      "Total Cost": 214115.09,
                      "Plan Rows": 61,
                      "Plan Width": 23,
                      "Actual Startup Time": 841.203,
                      "Actual Total Time": 884.462,
                      "Actual Rows": 10050,
                      "Actual Loops": 1,
                      "Inner Unique": true,
                      "Merge Cond": "(pi.person_id = n.id)",
                      "Plans": [
                        {
                          "Node Type": "Sort",
                          "Parent Relationship": "Outer",
                          "Parallel Aware": false,
                          "Startup Cost": 140086.22,
                          "Total Cost": 140151.84,
                          "Plan Rows": 26247,
                          "Plan Width": 4,
                          "Actual Startup Time": 561.985,
                          "Actual Total Time": 615.448,
                          "Actual Rows": 566697,
                          "Actual Loops": 1,
                          "Sort Key": [
                            "pi.person_id"
                          ],
                          "Sort Method": "quicksort",
                          "Sort Space Used": 53664,
                          "Sort Space Type": "Memory",
                          "Plans": [
                            {
                              "Node Type": "Gather",
                              "Parent Relationship": "Outer",
                              "Parallel Aware": false,
                              "Startup Cost": 131762.01,
                              "Total Cost": 138159.71,
                              "Plan Rows": 26247,
                              "Plan Width": 4,
                              "Actual Startup Time": 330.24,
                              "Actual Total Time": 416.563,
                              "Actual Rows": 620526,
                              "Actual Loops": 1,
                              "Workers Planned": 4,
                              "Workers Launched": 4,
                              "Single Copy": false,
                              "Plans": [
                                {
                                  "Node Type": "Merge Join",
                                  "Parent Relationship": "Outer",
                                  "Parallel Aware": false,
                                  "Join Type": "Inner",
                                  "Startup Cost": 130762.01,
                                  "Total Cost": 134535.01,
                                  "Plan Rows": 6562,
                                  "Plan Width": 4,
                                  "Actual Startup Time": 317.215,
                                  "Actual Total Time": 347.584,
                                  "Actual Rows": 124105,
                                  "Actual Loops": 5,
                                  "Inner Unique": true,
                                  "Merge Cond": "(pi.info_type_id = it3.id)",
                                  "Plans": [
                                    {
                                      "Node Type": "Sort",
                                      "Parent Relationship": "Outer",
                                      "Parallel Aware": false,
                                      "Startup Cost": 130759.59,
                                      "Total Cost": 132613.28,
                                      "Plan Rows": 741474,
                                      "Plan Width": 8,
                                      "Actual Startup Time": 313.683,
                                      "Actual Total Time": 327.008,
                                      "Actual Rows": 139158,
                                      "Actual Loops": 5,
                                      "Sort Key": [
                                        "pi.info_type_id"
                                      ],
                                      "Sort Method": "quicksort",
                                      "Sort Space Used": 62410,
                                      "Sort Space Type": "Memory",
                                      "Workers": [
                                        {
                                          "Worker Number": 0,
                                          "Sort Method": "quicksort",
                                          "Sort Space Used": 35471,
                                          "Sort Space Type": "Memory"
                                        },
                                        {
                                          "Worker Number": 1,
                                          "Sort Method": "quicksort",
                                          "Sort Space Used": 50453,
                                          "Sort Space Type": "Memory"
                                        },
                                        {
                                          "Worker Number": 2,
                                          "Sort Method": "quicksort",
                                          "Sort Space Used": 50588,
                                          "Sort Space Type": "Memory"
                                        },
                                        {
                                          "Worker Number": 3,
                                          "Sort Method": "quicksort",
                                          "Sort Space Used": 50595,
                                          "Sort Space Type": "Memory"
                                        }
                                      ],
                                      "Plans": [
                                        {
                                          "Node Type": "Seq Scan",
                                          "Parent Relationship": "Outer",
                                          "Parallel Aware": true,
                                          "Relation Name": "person_info",
                                          "Alias": "pi",
                                          "Startup Cost": 0.0,
                                          "Total Cost": 58465.74,
                                          "Plan Rows": 741474,
                                          "Plan Width": 8,
                                          "Actual Startup Time": 0.06,
                                          "Actual Total Time": 169.554,
                                          "Actual Rows": 592733,
                                          "Actual Loops": 5
                                        }
                                      ]
                                    },
                                    {
                                      "Node Type": "Sort",
                                      "Parent Relationship": "Inner",
                                      "Parallel Aware": false,
                                      "Startup Cost": 2.42,
                                      "Total Cost": 2.43,
                                      "Plan Rows": 1,
                                      "Plan Width": 4,
                                      "Actual Startup Time": 0.081,
                                      "Actual Total Time": 0.082,
                                      "Actual Rows": 1,
                                      "Actual Loops": 5,
                                      "Sort Key": [
                                        "it3.id"
                                      ],
                                      "Sort Method": "quicksort",
                                      "Sort Space Used": 25,
                                      "Sort Space Type": "Memory",
                                      "Workers": [
                                        {
                                          "Worker Number": 0,
                                          "Sort Method": "quicksort",
                                          "Sort Space Used": 25,
                                          "Sort Space Type": "Memory"
                                        },
                                        {
                                          "Worker Number": 1,
                                          "Sort Method": "quicksort",
                                          "Sort Space Used": 25,
                                          "Sort Space Type": "Memory"
                                        },
                                        {
                                          "Worker Number": 2,
                                          "Sort Method": "quicksort",
                                          "Sort Space Used": 25,
                                          "Sort Space Type": "Memory"
                                        },
                                        {
                                          "Worker Number": 3,
                                          "Sort Method": "quicksort",
                                          "Sort Space Used": 25,
                                          "Sort Space Type": "Memory"
                                        }
                                      ],
                                      "Plans": [
                                        {
                                          "Node Type": "Seq Scan",
                                          "Parent Relationship": "Outer",
                                          "Parallel Aware": false,
                                          "Relation Name": "info_type",
                                          "Alias": "it3",
                                          "Startup Cost": 0.0,
                                          "Total Cost": 2.41,
                                          "Plan Rows": 1,
                                          "Plan Width": 4,
                                          "Actual Startup Time": 0.057,
                                          "Actual Total Time": 0.063,
                                          "Actual Rows": 1,
                                          "Actual Loops": 5,
                                          "Filter": "((info)::text = 'trivia'::text)",
                                          "Rows Removed by Filter": 112
                                        }
                                      ]
                                    }
                                  ]
                                }
                              ]
                            }
                          ]
                        },
                        {
                          "Node Type": "Sort",
                          "Parent Relationship": "Inner",
                          "Parallel Aware": false,
                          "Startup Cost": 73848.65,
                          "Total Cost": 73872.84,
                          "Plan Rows": 9675,
                          "Plan Width": 19,
                          "Actual Startup Time": 229.132,
                          "Actual Total Time": 233.224,
                          "Actual Rows": 49831,
                          "Actual Loops": 1,
                          "Sort Key": [
                            "n.id"
                          ],
                          "Sort Method": "quicksort",
                          "Sort Space Used": 5246,
                          "Sort Space Type": "Memory",
                          "Plans": [
                            {
                              "Node Type": "Gather",
                              "Parent Relationship": "Outer",
                              "Parallel Aware": false,
                              "Startup Cost": 1000.0,
                              "Total Cost": 73208.16,
                              "Plan Rows": 9675,
                              "Plan Width": 19,
                              "Actual Startup Time": 98.255,
                              "Actual Total Time": 216.822,
                              "Actual Rows": 50011,
                              "Actual Loops": 1,
                              "Workers Planned": 4,
                              "Workers Launched": 4,
                              "Single Copy": false,
                              "Plans": [
                                {
                                  "Node Type": "Seq Scan",
                                  "Parent Relationship": "Outer",
                                  "Parallel Aware": true,
                                  "Relation Name": "name",
                                  "Alias": "n",
                                  "Startup Cost": 0.0,
                                  "Total Cost": 71240.66,
                                  "Plan Rows": 2419,
                                  "Plan Width": 19,
                                  "Actual Startup Time": 88.885,
                                  "Actual Total Time": 207.476,
                                  "Actual Rows": 10002,
                                  "Actual Loops": 5,
                                  "Filter": "((name ~~ '%An%'::text) AND ((gender)::text = 'f'::text))",
                                  "Rows Removed by Filter": 823496
                                }
                              ]
                            }
                          ]
                        }
                      ]
                    },
                    {
                      "Node Type": "Materialize",
                      "Parent Relationship": "Inner",
                      "Parallel Aware": false,
                      "Startup Cost": 1021673.53,
                      "Total Cost": 1085498.75,
                      "Plan Rows": 1,
                      "Plan Width": 29,
                      "Actual Startup Time": 5624.036,
                      "Actual Total Time": 5824.854,
                      "Actual Rows": 21014,
                      "Actual Loops": 1,
                      "Plans": [
                        {
                          "Node Type": "Merge Join",
                          "Parent Relationship": "Outer",
                          "Parallel Aware": false,
                          "Join Type": "Inner",
                          "Startup Cost": 1021673.53,
                          "Total Cost": 1085498.74,
                          "Plan Rows": 1,
                          "Plan Width": 29,
                          "Actual Startup Time": 5624.029,
                          "Actual Total Time": 5823.225,
                          "Actual Rows": 4490,
                          "Actual Loops": 1,
                          "Inner Unique": false,
                          "Merge Cond": "(an.person_id = ci.person_id)",
                          "Plans": [
                            {
                              "Node Type": "Index Only Scan",
                              "Parent Relationship": "Outer",
                              "Parallel Aware": false,
                              "Scan Direction": "Forward",
                              "Index Name": "person_id_aka_name",
                              "Relation Name": "aka_name",
                              "Alias": "an",
                              "Startup Cost": 0.42,
                              "Total Cost": 72027.93,
                              "Plan Rows": 901343,
                              "Plan Width": 4,
                              "Actual Startup Time": 0.051,
                              "Actual Total Time": 193.792,
                              "Actual Rows": 577743,
                              "Actual Loops": 1,
                              "Heap Fetches": 577743
                            },
                            {
                              "Node Type": "Materialize",
                              "Parent Relationship": "Inner",
                              "Parallel Aware": false,
                              "Startup Cost": 1021673.11,
                              "Total Cost": 1021673.12,
                              "Plan Rows": 1,
                              "Plan Width": 25,
                              "Actual Startup Time": 5600.204,
                              "Actual Total Time": 5601.205,
                              "Actual Rows": 5040,
                              "Actual Loops": 1,
                              "Plans": [
                                {
                                  "Node Type": "Sort",
                                  "Parent Relationship": "Outer",
                                  "Parallel Aware": false,
                                  "Startup Cost": 1021673.11,
                                  "Total Cost": 1021673.11,
                                  "Plan Rows": 1,
                                  "Plan Width": 25,
                                  "Actual Startup Time": 5600.201,
                                  "Actual Total Time": 5600.806,
                                  "Actual Rows": 2088,
                                  "Actual Loops": 1,
                                  "Sort Key": [
                                    "ci.person_id"
                                  ],
                                  "Sort Method": "quicksort",
                                  "Sort Space Used": 233,
                                  "Sort Space Type": "Memory",
                                  "Plans": [
                                    {
                                      "Node Type": "Merge Join",
                                      "Parent Relationship": "Outer",
                                      "Parallel Aware": false,
                                      "Join Type": "Inner",
                                      "Startup Cost": 1008997.22,
                                      "Total Cost": 1021673.1,
                                      "Plan Rows": 1,
                                      "Plan Width": 25,
                                      "Actual Startup Time": 5470.56,
                                      "Actual Total Time": 5599.96,
                                      "Actual Rows": 2088,
                                      "Actual Loops": 1,
                                      "Inner Unique": false,
                                      "Merge Cond": "(cn.id = mc.company_id)",
                                      "Plans": [
                                        {
                                          "Node Type": "Index Scan",
                                          "Parent Relationship": "Outer",
                                          "Parallel Aware": false,
                                          "Scan Direction": "Forward",
                                          "Index Name": "company_name_pkey",
                                          "Relation Name": "company_name",
                                          "Alias": "cn",
                                          "Startup Cost": 0.42,
                                          "Total Cost": 12469.43,
                                          "Plan Rows": 85931,
                                          "Plan Width": 4,
                                          "Actual Startup Time": 0.023,
                                          "Actual Total Time": 123.287,
                                          "Actual Rows": 80993,
                                          "Actual Loops": 1,
                                          "Filter": "((country_code)::text = '[us]'::text)",
                                          "Rows Removed by Filter": 142694
                                        },
                                        {
                                          "Node Type": "Sort",
                                          "Parent Relationship": "Inner",
                                          "Parallel Aware": false,
                                          "Startup Cost": 1008996.8,
                                          "Total Cost": 1008996.8,
                                          "Plan Rows": 1,
                                          "Plan Width": 29,
                                          "Actual Startup Time": 5470.471,
                                          "Actual Total Time": 5471.345,
                                          "Actual Rows": 10531,
                                          "Actual Loops": 1,
                                          "Sort Key": [
                                            "mc.company_id"
                                          ],
                                          "Sort Method": "quicksort",
                                          "Sort Space Used": 1176,
                                          "Sort Space Type": "Memory",
                                          "Plans": [
                                            {
                                              "Node Type": "Merge Join",
                                              "Parent Relationship": "Outer",
                                              "Parallel Aware": false,
                                              "Join Type": "Inner",
                                              "Startup Cost": 860343.47,
                                              "Total Cost": 1008996.79,
                                              "Plan Rows": 1,
                                              "Plan Width": 29,
                                              "Actual Startup Time": 5010.203,
                                              "Actual Total Time": 5468.472,
                                              "Actual Rows": 10531,
                                              "Actual Loops": 1,
                                              "Inner Unique": false,
                                              "Merge Cond": "(t.id = mi.movie_id)",
                                              "Plans": [
                                                {
                                                  "Node Type": "Merge Join",
                                                  "Parent Relationship": "Outer",
                                                  "Parallel Aware": false,
                                                  "Join Type": "Inner",
                                                  "Startup Cost": 78340.61,
                                                  "Total Cost": 227094.05,
                                                  "Plan Rows": 17561,
                                                  "Plan Width": 33,
                                                  "Actual Startup Time": 308.785,
                                                  "Actual Total Time": 1139.449,
                                                  "Actual Rows": 27143,
                                                  "Actual Loops": 1,
                                                  "Inner Unique": false,
                                                  "Merge Cond": "(t.id = mc.movie_id)",
                                                  "Plans": [
                                                    {
                                                      "Node Type": "Gather Merge",
                                                      "Parent Relationship": "Outer",
                                                      "Parallel Aware": false,
                                                      "Startup Cost": 78340.18,
                                                      "Total Cost": 80123.5,
                                                      "Plan Rows": 3511,
                                                      "Plan Width": 25,
                                                      "Actual Startup Time": 308.525,
                                                      "Actual Total Time": 398.956,
                                                      "Actual Rows": 1925,
                                                      "Actual Loops": 1,
                                                      "Workers Planned": 4,
                                                      "Workers Launched": 4,
                                                      "Plans": [
                                                        {
                                                          "Node Type": "Merge Join",
                                                          "Parent Relationship": "Outer",
                                                          "Parallel Aware": false,
                                                          "Join Type": "Inner",
                                                          "Startup Cost": 77340.12,
                                                          "Total Cost": 78705.24,
                                                          "Plan Rows": 878,
                                                          "Plan Width": 25,
                                                          "Actual Startup Time": 294.275,
                                                          "Actual Total Time": 353.917,
                                                          "Actual Rows": 395,
                                                          "Actual Loops": 5,
                                                          "Inner Unique": false,
                                                          "Merge Cond": "(t.id = cc.movie_id)",
                                                          "Plans": [
                                                            {
                                                              "Node Type": "Sort",
                                                              "Parent Relationship": "Outer",
                                                              "Parallel Aware": false,
                                                              "Startup Cost": 69142.38,
                                                              "Total Cost": 69799.53,
                                                              "Plan Rows": 262859,
                                                              "Plan Width": 21,
                                                              "Actual Startup Time": 221.193,
                                                              "Actual Total Time": 251.243,
                                                              "Actual Rows": 207956,
                                                              "Actual Loops": 5,
                                                              "Sort Key": [
                                                                "t.id"
                                                              ],
                                                              "Sort Method": "quicksort",
                                                              "Sort Space Used": 35108,
                                                              "Sort Space Type": "Memory",
                                                              "Workers": [
                                                                {
                                                                  "Worker Number": 0,
                                                                  "Sort Method": "quicksort",
                                                                  "Sort Space Used": 18021,
                                                                  "Sort Space Type": "Memory"
                                                                },
                                                                {
                                                                  "Worker Number": 1,
                                                                  "Sort Method": "quicksort",
                                                                  "Sort Space Used": 18955,
                                                                  "Sort Space Type": "Memory"
                                                                },
                                                                {
                                                                  "Worker Number": 2,
                                                                  "Sort Method": "quicksort",
                                                                  "Sort Space Used": 18153,
                                                                  "Sort Space Type": "Memory"
                                                                },
                                                                {
                                                                  "Worker Number": 3,
                                                                  "Sort Method": "quicksort",
                                                                  "Sort Space Used": 18967,
                                                                  "Sort Space Type": "Memory"
                                                                }
                                                              ],
                                                              "Plans": [
                                                                {
                                                                  "Node Type": "Seq Scan",
                                                                  "Parent Relationship": "Outer",
                                                                  "Parallel Aware": true,
                                                                  "Relation Name": "title",
                                                                  "Alias": "t",
                                                                  "Startup Cost": 0.0,
                                                                  "Total Cost": 45479.91,
                                                                  "Plan Rows": 262859,
                                                                  "Plan Width": 21,
                                                                  "Actual Startup Time": 0.047,
                                                                  "Actual Total Time": 128.142,
                                                                  "Actual Rows": 208560,
                                                                  "Actual Loops": 5,
                                                                  "Filter": "((production_year >= 2000) AND (production_year <= 2010))",
                                                                  "Rows Removed by Filter": 297102
                                                                }
                                                              ]
                                                            },
                                                            {
                                                              "Node Type": "Sort",
                                                              "Parent Relationship": "Inner",
                                                              "Parallel Aware": false,
                                                              "Startup Cost": 8197.59,
                                                              "Total Cost": 8218.7,
                                                              "Plan Rows": 8443,
                                                              "Plan Width": 4,
                                                              "Actual Startup Time": 72.585,
                                                              "Actual Total Time": 74.785,
                                                              "Actual Rows": 17730,
                                                              "Actual Loops": 5,
                                                              "Sort Key": [
                                                                "cc.movie_id"
                                                              ],
                                                              "Sort Method": "quicksort",
                                                              "Sort Space Used": 1607,
                                                              "Sort Space Type": "Memory",
                                                              "Workers": [
                                                                {
                                                                  "Worker Number": 0,
                                                                  "Sort Method": "quicksort",
                                                                  "Sort Space Used": 1607,
                                                                  "Sort Space Type": "Memory"
                                                                },
                                                                {
                                                                  "Worker Number": 1,
                                                                  "Sort Method": "quicksort",
                                                                  "Sort Space Used": 1607,
                                                                  "Sort Space Type": "Memory"
                                                                },
                                                                {
                                                                  "Worker Number": 2,
                                                                  "Sort Method": "quicksort",
                                                                  "Sort Space Used": 1607,
                                                                  "Sort Space Type": "Memory"
                                                                },
                                                                {
                                                                  "Worker Number": 3,
                                                                  "Sort Method": "quicksort",
                                                                  "Sort Space Used": 1607,
                                                                  "Sort Space Type": "Memory"
                                                                }
                                                              ],
                                                              "Plans": [
                                                                {
                                                                  "Node Type": "Merge Join",
                                                                  "Parent Relationship": "Outer",
                                                                  "Parallel Aware": false,
                                                                  "Join Type": "Inner",
                                                                  "Startup Cost": 7393.66,
                                                                  "Total Cost": 7646.96,
                                                                  "Plan Rows": 8443,
                                                                  "Plan Width": 4,
                                                                  "Actual Startup Time": 61.527,
                                                                  "Actual Total Time": 65.599,
                                                                  "Actual Rows": 17879,
                                                                  "Actual Loops": 5,
                                                                  "Inner Unique": true,
                                                                  "Merge Cond": "(cc.status_id = cct2.id)",
                                                                  "Plans": [
                                                                    {
                                                                      "Node Type": "Sort",
                                                                      "Parent Relationship": "Outer",
                                                                      "Parallel Aware": false,
                                                                      "Startup Cost": 7392.6,
                                                                      "Total Cost": 7477.03,
                                                                      "Plan Rows": 33772,
                                                                      "Plan Width": 8,
                                                                      "Actual Startup Time": 53.104,
                                                                      "Actual Total Time": 57.816,
                                                                      "Actual Rows": 85941,
                                                                      "Actual Loops": 5,
                                                                      "Sort Key": [
                                                                        "cc.status_id"
                                                                      ],
                                                                      "Sort Method": "quicksort",
                                                                      "Sort Space Used": 7101,
                                                                      "Sort Space Type": "Memory",
                                                                      "Workers": [
                                                                        {
                                                                          "Worker Number": 0,
                                                                          "Sort Method": "quicksort",
                                                                          "Sort Space Used": 7101,
                                                                          "Sort Space Type": "Memory"
                                                                        },
                                                                        {
                                                                          "Worker Number": 1,
                                                                          "Sort Method": "quicksort",
                                                                          "Sort Space Used": 7101,
                                                                          "Sort Space Type": "Memory"
                                                                        },
                                                                        {
                                                                          "Worker Number": 2,
                                                                          "Sort Method": "quicksort",
                                                                          "Sort Space Used": 7101,
                                                                          "Sort Space Type": "Memory"
                                                                        },
                                                                        {
                                                                          "Worker Number": 3,
                                                                          "Sort Method": "quicksort",
                                                                          "Sort Space Used": 7101,
                                                                          "Sort Space Type": "Memory"
                                                                        }
                                                                      ],
                                                                      "Plans": [
                                                                        {
                                                                          "Node Type": "Merge Join",
                                                                          "Parent Relationship": "Outer",
                                                                          "Parallel Aware": false,
                                                                          "Join Type": "Inner",
                                                                          "Startup Cost": 0.55,
                                                                          "Total Cost": 4852.35,
                                                                          "Plan Rows": 33772,
                                                                          "Plan Width": 8,
                                                                          "Actual Startup Time": 0.086,
                                                                          "Actual Total Time": 34.526,
                                                                          "Actual Rows": 85941,
                                                                          "Actual Loops": 5,
                                                                          "Inner Unique": true,
                                                                          "Merge Cond": "(cc.subject_id = cct1.id)",
                                                                          "Plans": [
                                                                            {
                                                                              "Node Type": "Index Scan",
                                                                              "Parent Relationship": "Outer",
                                                                              "Parallel Aware": false,
                                                                              "Scan Direction": "Forward",
                                                                              "Index Name": "subject_id_complete_cast",
                                                                              "Relation Name": "complete_cast",
                                                                              "Alias": "cc",
                                                                              "Startup Cost": 0.42,
                                                                              "Total Cost": 4164.71,
                                                                              "Plan Rows": 135086,
                                                                              "Plan Width": 12,
                                                                              "Actual Startup Time": 0.065,
                                                                              "Actual Total Time": 18.534,
                                                                              "Actual Rows": 85942,
                                                                              "Actual Loops": 5
                                                                            },
                                                                            {
                                                                              "Node Type": "Index Scan",
                                                                              "Parent Relationship": "Inner",
                                                                              "Parallel Aware": false,
                                                                              "Scan Direction": "Forward",
                                                                              "Index Name": "comp_cast_type_pkey",
                                                                              "Relation Name": "comp_cast_type",
                                                                              "Alias": "cct1",
                                                                              "Startup Cost": 0.13,
                                                                              "Total Cost": 12.2,
                                                                              "Plan Rows": 1,
                                                                              "Plan Width": 4,
                                                                              "Actual Startup Time": 0.017,
                                                                              "Actual Total Time": 0.021,
                                                                              "Actual Rows": 1,
                                                                              "Actual Loops": 5,
                                                                              "Filter": "((kind)::text = 'cast'::text)",
                                                                              "Rows Removed by Filter": 3
                                                                            }
                                                                          ]
                                                                        }
                                                                      ]
                                                                    },
                                                                    {
                                                                      "Node Type": "Sort",
                                                                      "Parent Relationship": "Inner",
                                                                      "Parallel Aware": false,
                                                                      "Startup Cost": 1.06,
                                                                      "Total Cost": 1.06,
                                                                      "Plan Rows": 1,
                                                                      "Plan Width": 4,
                                                                      "Actual Startup Time": 0.04,
                                                                      "Actual Total Time": 0.041,
                                                                      "Actual Rows": 1,
                                                                      "Actual Loops": 5,
                                                                      "Sort Key": [
                                                                        "cct2.id"
                                                                      ],
                                                                      "Sort Method": "quicksort",
                                                                      "Sort Space Used": 25,
                                                                      "Sort Space Type": "Memory",
                                                                      "Workers": [
                                                                        {
                                                                          "Worker Number": 0,
                                                                          "Sort Method": "quicksort",
                                                                          "Sort Space Used": 25,
                                                                          "Sort Space Type": "Memory"
                                                                        },
                                                                        {
                                                                          "Worker Number": 1,
                                                                          "Sort Method": "quicksort",
                                                                          "Sort Space Used": 25,
                                                                          "Sort Space Type": "Memory"
                                                                        },
                                                                        {
                                                                          "Worker Number": 2,
                                                                          "Sort Method": "quicksort",
                                                                          "Sort Space Used": 25,
                                                                          "Sort Space Type": "Memory"
                                                                        },
                                                                        {
                                                                          "Worker Number": 3,
                                                                          "Sort Method": "quicksort",
                                                                          "Sort Space Used": 25,
                                                                          "Sort Space Type": "Memory"
                                                                        }
                                                                      ],
                                                                      "Plans": [
                                                                        {
                                                                          "Node Type": "Seq Scan",
                                                                          "Parent Relationship": "Outer",
                                                                          "Parallel Aware": false,
                                                                          "Relation Name": "comp_cast_type",
                                                                          "Alias": "cct2",
                                                                          "Startup Cost": 0.0,
                                                                          "Total Cost": 1.05,
                                                                          "Plan Rows": 1,
                                                                          "Plan Width": 4,
                                                                          "Actual Startup Time": 0.032,
                                                                          "Actual Total Time": 0.033,
                                                                          "Actual Rows": 1,
                                                                          "Actual Loops": 5,
                                                                          "Filter": "((kind)::text = 'complete+verified'::text)",
                                                                          "Rows Removed by Filter": 3
                                                                        }
                                                                      ]
                                                                    }
                                                                  ]
                                                                }
                                                              ]
                                                            }
                                                          ]
                                                        }
                                                      ]
                                                    },
                                                    {
                                                      "Node Type": "Index Scan",
                                                      "Parent Relationship": "Inner",
                                                      "Parallel Aware": false,
                                                      "Scan Direction": "Forward",
                                                      "Index Name": "movie_id_movie_companies",
                                                      "Relation Name": "movie_companies",
                                                      "Alias": "mc",
                                                      "Startup Cost": 0.43,
                                                      "Total Cost": 140404.76,
                                                      "Plan Rows": 2609129,
                                                      "Plan Width": 8,
                                                      "Actual Startup Time": 0.032,
                                                      "Actual Total Time": 582.931,
                                                      "Actual Rows": 2543714,
                                                      "Actual Loops": 1
                                                    }
                                                  ]
                                                },
                                                {
                                                  "Node Type": "Sort",
                                                  "Parent Relationship": "Inner",
                                                  "Parallel Aware": false,
                                                  "Startup Cost": 782002.86,
                                                  "Total Cost": 782002.87,
                                                  "Plan Rows": 1,
                                                  "Plan Width": 20,
                                                  "Actual Startup Time": 4325.561,
                                                  "Actual Total Time": 4326.432,
                                                  "Actual Rows": 12341,
                                                  "Actual Loops": 1,
                                                  "Sort Key": [
                                                    "ci.movie_id"
                                                  ],
                                                  "Sort Method": "quicksort",
                                                  "Sort Space Used": 258,
                                                  "Sort Space Type": "Memory",
                                                  "Plans": [
                                                    {
                                                      "Node Type": "Merge Join",
                                                      "Parent Relationship": "Outer",
                                                      "Parallel Aware": false,
                                                      "Join Type": "Inner",
                                                      "Startup Cost": 781979.24,
                                                      "Total Cost": 782002.85,
                                                      "Plan Rows": 1,
                                                      "Plan Width": 20,
                                                      "Actual Startup Time": 4324.358,
                                                      "Actual Total Time": 4325.284,
                                                      "Actual Rows": 2227,
                                                      "Actual Loops": 1,
                                                      "Inner Unique": true,
                                                      "Merge Cond": "(mk.keyword_id = k.id)",
                                                      "Plans": [
                                                        {
                                                          "Node Type": "Sort",
                                                          "Parent Relationship": "Outer",
                                                          "Parallel Aware": false,
                                                          "Startup Cost": 779353.02,
                                                          "Total Cost": 779364.86,
                                                          "Plan Rows": 4736,
                                                          "Plan Width": 24,
                                                          "Actual Startup Time": 4095.7,
                                                          "Actual Total Time": 4227.236,
                                                          "Actual Rows": 776396,
                                                          "Actual Loops": 1,
                                                          "Sort Key": [
                                                            "mk.keyword_id"
                                                          ],
                                                          "Sort Method": "quicksort",
                                                          "Sort Space Used": 162621,
                                                          "Sort Space Type": "Memory",
                                                          "Plans": [
                                                            {
                                                              "Node Type": "Merge Join",
                                                              "Parent Relationship": "Outer",
                                                              "Parallel Aware": false,
                                                              "Join Type": "Inner",
                                                              "Startup Cost": 590149.18,
                                                              "Total Cost": 779063.9,
                                                              "Plan Rows": 4736,
                                                              "Plan Width": 24,
                                                              "Actual Startup Time": 2319.697,
                                                              "Actual Total Time": 3717.277,
                                                              "Actual Rows": 1452403,
                                                              "Actual Loops": 1,
                                                              "Inner Unique": false,
                                                              "Merge Cond": "(mi.movie_id = mk.movie_id)",
                                                              "Plans": [
                                                                {
                                                                  "Node Type": "Merge Join",
                                                                  "Parent Relationship": "Outer",
                                                                  "Parallel Aware": false,
                                                                  "Join Type": "Inner",
                                                                  "Startup Cost": 590148.75,
                                                                  "Total Cost": 590557.28,
                                                                  "Plan Rows": 378,
                                                                  "Plan Width": 16,
                                                                  "Actual Startup Time": 2319.549,
                                                                  "Actual Total Time": 2434.68,
                                                                  "Actual Rows": 147136,
                                                                  "Actual Loops": 1,
                                                                  "Inner Unique": false,
                                                                  "Merge Cond": "(ci.movie_id = mi.movie_id)",
                                                                  "Plans": [
                                                                    {
                                                                      "Node Type": "Sort",
                                                                      "Parent Relationship": "Outer",
                                                                      "Parallel Aware": false,
                                                                      "Startup Cost": 372117.62,
                                                                      "Total Cost": 372307.98,
                                                                      "Plan Rows": 76141,
                                                                      "Plan Width": 12,
                                                                      "Actual Startup Time": 1552.029,
                                                                      "Actual Total Time": 1580.915,
                                                                      "Actual Rows": 276166,
                                                                      "Actual Loops": 1,
                                                                      "Sort Key": [
                                                                        "ci.movie_id"
                                                                      ],
                                                                      "Sort Method": "quicksort",
                                                                      "Sort Space Used": 25234,
                                                                      "Sort Space Type": "Memory",
                                                                      "Plans": [
                                                                        {
                                                                          "Node Type": "Gather",
                                                                          "Parent Relationship": "Outer",
                                                                          "Parallel Aware": false,
                                                                          "Startup Cost": 357441.54,
                                                                          "Total Cost": 365943.96,
                                                                          "Plan Rows": 76141,
                                                                          "Plan Width": 12,
                                                                          "Actual Startup Time": 1456.985,
                                                                          "Actual Total Time": 1496.673,
                                                                          "Actual Rows": 276166,
                                                                          "Actual Loops": 1,
                                                                          "Workers Planned": 6,
                                                                          "Workers Launched": 3,
                                                                          "Single Copy": false,
                                                                          "Plans": [
                                                                            {
                                                                              "Node Type": "Merge Join",
                                                                              "Parent Relationship": "Outer",
                                                                              "Parallel Aware": false,
                                                                              "Join Type": "Inner",
                                                                              "Startup Cost": 356441.54,
                                                                              "Total Cost": 357329.86,
                                                                              "Plan Rows": 12690,
                                                                              "Plan Width": 12,
                                                                              "Actual Startup Time": 1443.886,
                                                                              "Actual Total Time": 1458.606,
                                                                              "Actual Rows": 69042,
                                                                              "Actual Loops": 4,
                                                                              "Inner Unique": true,
                                                                              "Merge Cond": "(ci.role_id = rt.id)",
                                                                              "Plans": [
                                                                                {
                                                                                  "Node Type": "Sort",
                                                                                  "Parent Relationship": "Outer",
                                                                                  "Parallel Aware": false,
                                                                                  "Startup Cost": 356440.38,
                                                                                  "Total Cost": 356821.09,
                                                                                  "Plan Rows": 152283,
                                                                                  "Plan Width": 16,
                                                                                  "Actual Startup Time": 1426.74,
                                                                                  "Actual Total Time": 1436.692,
                                                                                  "Actual Rows": 216782,
                                                                                  "Actual Loops": 4,
                                                                                  "Sort Key": [
                                                                                    "ci.role_id"
                                                                                  ],
                                                                                  "Sort Method": "quicksort",
                                                                                  "Sort Space Used": 26687,
                                                                                  "Sort Space Type": "Memory",
                                                                                  "Workers": [
                                                                                    {
                                                                                      "Worker Number": 0,
                                                                                      "Sort Method": "quicksort",
                                                                                      "Sort Space Used": 14558,
                                                                                      "Sort Space Type": "Memory"
                                                                                    },
                                                                                    {
                                                                                      "Worker Number": 1,
                                                                                      "Sort Method": "quicksort",
                                                                                      "Sort Space Used": 14420,
                                                                                      "Sort Space Type": "Memory"
                                                                                    },
                                                                                    {
                                                                                      "Worker Number": 2,
                                                                                      "Sort Method": "quicksort",
                                                                                      "Sort Space Used": 15720,
                                                                                      "Sort Space Type": "Memory"
                                                                                    }
                                                                                  ],
                                                                                  "Plans": [
                                                                                    {
                                                                                      "Node Type": "Seq Scan",
                                                                                      "Parent Relationship": "Outer",
                                                                                      "Parallel Aware": true,
                                                                                      "Relation Name": "cast_info",
                                                                                      "Alias": "ci",
                                                                                      "Startup Cost": 0.0,
                                                                                      "Total Cost": 343331.56,
                                                                                      "Plan Rows": 152283,
                                                                                      "Plan Width": 16,
                                                                                      "Actual Startup Time": 0.1,
                                                                                      "Actual Total Time": 1372.839,
                                                                                      "Actual Rows": 216869,
                                                                                      "Actual Loops": 4,
                                                                                      "Filter": "(note = ANY ('{(voice),\"(voice: Japanese version)\",\"(voice) (uncredited)\",\"(voice: English version)\"}'::text[]))",
                                                                                      "Rows Removed by Filter": 8844217
                                                                                    }
                                                                                  ]
                                                                                },
                                                                                {
                                                                                  "Node Type": "Sort",
                                                                                  "Parent Relationship": "Inner",
                                                                                  "Parallel Aware": false,
                                                                                  "Startup Cost": 1.16,
                                                                                  "Total Cost": 1.16,
                                                                                  "Plan Rows": 1,
                                                                                  "Plan Width": 4,
                                                                                  "Actual Startup Time": 0.08,
                                                                                  "Actual Total Time": 0.081,
                                                                                  "Actual Rows": 1,
                                                                                  "Actual Loops": 4,
                                                                                  "Sort Key": [
                                                                                    "rt.id"
                                                                                  ],
                                                                                  "Sort Method": "quicksort",
                                                                                  "Sort Space Used": 25,
                                                                                  "Sort Space Type": "Memory",
                                                                                  "Workers": [
                                                                                    {
                                                                                      "Worker Number": 0,
                                                                                      "Sort Method": "quicksort",
                                                                                      "Sort Space Used": 25,
                                                                                      "Sort Space Type": "Memory"
                                                                                    },
                                                                                    {
                                                                                      "Worker Number": 1,
                                                                                      "Sort Method": "quicksort",
                                                                                      "Sort Space Used": 25,
                                                                                      "Sort Space Type": "Memory"
                                                                                    },
                                                                                    {
                                                                                      "Worker Number": 2,
                                                                                      "Sort Method": "quicksort",
                                                                                      "Sort Space Used": 25,
                                                                                      "Sort Space Type": "Memory"
                                                                                    }
                                                                                  ],
                                                                                  "Plans": [
                                                                                    {
                                                                                      "Node Type": "Seq Scan",
                                                                                      "Parent Relationship": "Outer",
                                                                                      "Parallel Aware": false,
                                                                                      "Relation Name": "role_type",
                                                                                      "Alias": "rt",
                                                                                      "Startup Cost": 0.0,
                                                                                      "Total Cost": 1.15,
                                                                                      "Plan Rows": 1,
                                                                                      "Plan Width": 4,
                                                                                      "Actual Startup Time": 0.058,
                                                                                      "Actual Total Time": 0.06,
                                                                                      "Actual Rows": 1,
                                                                                      "Actual Loops": 4,
                                                                                      "Filter": "((role)::text = 'actress'::text)",
                                                                                      "Rows Removed by Filter": 11
                                                                                    }
                                                                                  ]
                                                                                }
                                                                              ]
                                                                            }
                                                                          ]
                                                                        }
                                                                      ]
                                                                    },
                                                                    {
                                                                      "Node Type": "Sort",
                                                                      "Parent Relationship": "Inner",
                                                                      "Parallel Aware": false,
                                                                      "Startup Cost": 218031.11,
                                                                      "Total Cost": 218043.15,
                                                                      "Plan Rows": 4814,
                                                                      "Plan Width": 4,
                                                                      "Actual Startup Time": 767.482,
                                                                      "Actual Total Time": 792.056,
                                                                      "Actual Rows": 567017,
                                                                      "Actual Loops": 1,
                                                                      "Sort Key": [
                                                                        "mi.movie_id"
                                                                      ],
                                                                      "Sort Method": "quicksort",
                                                                      "Sort Space Used": 33431,
                                                                      "Sort Space Type": "Memory",
                                                                      "Plans": [
                                                                        {
                                                                          "Node Type": "Gather",
                                                                          "Parent Relationship": "Outer",
                                                                          "Parallel Aware": false,
                                                                          "Startup Cost": 216701.69,
                                                                          "Total Cost": 217736.67,
                                                                          "Plan Rows": 4814,
                                                                          "Plan Width": 4,
                                                                          "Actual Startup Time": 618.838,
                                                                          "Actual Total Time": 671.759,
                                                                          "Actual Rows": 451039,
                                                                          "Actual Loops": 1,
                                                                          "Workers Planned": 5,
                                                                          "Workers Launched": 5,
                                                                          "Single Copy": false,
                                                                          "Plans": [
                                                                            {
                                                                              "Node Type": "Merge Join",
                                                                              "Parent Relationship": "Outer",
                                                                              "Parallel Aware": false,
                                                                              "Join Type": "Inner",
                                                                              "Startup Cost": 215701.69,
                                                                              "Total Cost": 216255.27,
                                                                              "Plan Rows": 963,
                                                                              "Plan Width": 4,
                                                                              "Actual Startup Time": 609.196,
                                                                              "Actual Total Time": 624.936,
                                                                              "Actual Rows": 75173,
                                                                              "Actual Loops": 6,
                                                                              "Inner Unique": true,
                                                                              "Merge Cond": "(mi.info_type_id = it.id)",
                                                                              "Plans": [
                                                                                {
                                                                                  "Node Type": "Sort",
                                                                                  "Parent Relationship": "Outer",
                                                                                  "Parallel Aware": false,
                                                                                  "Startup Cost": 215699.27,
                                                                                  "Total Cost": 215971.24,
                                                                                  "Plan Rows": 108788,
                                                                                  "Plan Width": 8,
                                                                                  "Actual Startup Time": 609.063,
                                                                                  "Actual Total Time": 613.295,
                                                                                  "Actual Rows": 75184,
                                                                                  "Actual Loops": 6,
                                                                                  "Sort Key": [
                                                                                    "mi.info_type_id"
                                                                                  ],
                                                                                  "Sort Method": "quicksort",
                                                                                  "Sort Space Used": 8045,
                                                                                  "Sort Space Type": "Memory",
                                                                                  "Workers": [
                                                                                    {
                                                                                      "Worker Number": 0,
                                                                                      "Sort Method": "quicksort",
                                                                                      "Sort Space Used": 6320,
                                                                                      "Sort Space Type": "Memory"
                                                                                    },
                                                                                    {
                                                                                      "Worker Number": 1,
                                                                                      "Sort Method": "quicksort",
                                                                                      "Sort Space Used": 6244,
                                                                                      "Sort Space Type": "Memory"
                                                                                    },
                                                                                    {
                                                                                      "Worker Number": 2,
                                                                                      "Sort Method": "quicksort",
                                                                                      "Sort Space Used": 6350,
                                                                                      "Sort Space Type": "Memory"
                                                                                    },
                                                                                    {
                                                                                      "Worker Number": 3,
                                                                                      "Sort Method": "quicksort",
                                                                                      "Sort Space Used": 6276,
                                                                                      "Sort Space Type": "Memory"
                                                                                    },
                                                                                    {
                                                                                      "Worker Number": 4,
                                                                                      "Sort Method": "quicksort",
                                                                                      "Sort Space Used": 6346,
                                                                                      "Sort Space Type": "Memory"
                                                                                    }
                                                                                  ],
                                                                                  "Plans": [
                                                                                    {
                                                                                      "Node Type": "Seq Scan",
                                                                                      "Parent Relationship": "Outer",
                                                                                      "Parallel Aware": true,
                                                                                      "Relation Name": "movie_info",
                                                                                      "Alias": "mi",
                                                                                      "Startup Cost": 0.0,
                                                                                      "Total Cost": 206598.52,
                                                                                      "Plan Rows": 108788,
                                                                                      "Plan Width": 8,
                                                                                      "Actual Startup Time": 71.492,
                                                                                      "Actual Total Time": 591.657,
                                                                                      "Actual Rows": 75184,
                                                                                      "Actual Loops": 6,
                                                                                      "Filter": "((info IS NOT NULL) AND ((info ~~ 'Japan:%200%'::text) OR (info ~~ 'USA:%200%'::text)))",
                                                                                      "Rows Removed by Filter": 2397436
                                                                                    }
                                                                                  ]
                                                                                },
                                                                                {
                                                                                  "Node Type": "Sort",
                                                                                  "Parent Relationship": "Inner",
                                                                                  "Parallel Aware": false,
                                                                                  "Startup Cost": 2.42,
                                                                                  "Total Cost": 2.43,
                                                                                  "Plan Rows": 1,
                                                                                  "Plan Width": 4,
                                                                                  "Actual Startup Time": 0.116,
                                                                                  "Actual Total Time": 0.116,
                                                                                  "Actual Rows": 1,
                                                                                  "Actual Loops": 6,
                                                                                  "Sort Key": [
                                                                                    "it.id"
                                                                                  ],
                                                                                  "Sort Method": "quicksort",
                                                                                  "Sort Space Used": 25,
                                                                                  "Sort Space Type": "Memory",
                                                                                  "Workers": [
                                                                                    {
                                                                                      "Worker Number": 0,
                                                                                      "Sort Method": "quicksort",
                                                                                      "Sort Space Used": 25,
                                                                                      "Sort Space Type": "Memory"
                                                                                    },
                                                                                    {
                                                                                      "Worker Number": 1,
                                                                                      "Sort Method": "quicksort",
                                                                                      "Sort Space Used": 25,
                                                                                      "Sort Space Type": "Memory"
                                                                                    },
                                                                                    {
                                                                                      "Worker Number": 2,
                                                                                      "Sort Method": "quicksort",
                                                                                      "Sort Space Used": 25,
                                                                                      "Sort Space Type": "Memory"
                                                                                    },
                                                                                    {
                                                                                      "Worker Number": 3,
                                                                                      "Sort Method": "quicksort",
                                                                                      "Sort Space Used": 25,
                                                                                      "Sort Space Type": "Memory"
                                                                                    },
                                                                                    {
                                                                                      "Worker Number": 4,
                                                                                      "Sort Method": "quicksort",
                                                                                      "Sort Space Used": 25,
                                                                                      "Sort Space Type": "Memory"
                                                                                    }
                                                                                  ],
                                                                                  "Plans": [
                                                                                    {
                                                                                      "Node Type": "Seq Scan",
                                                                                      "Parent Relationship": "Outer",
                                                                                      "Parallel Aware": false,
                                                                                      "Relation Name": "info_type",
                                                                                      "Alias": "it",
                                                                                      "Startup Cost": 0.0,
                                                                                      "Total Cost": 2.41,
                                                                                      "Plan Rows": 1,
                                                                                      "Plan Width": 4,
                                                                                      "Actual Startup Time": 0.077,
                                                                                      "Actual Total Time": 0.093,
                                                                                      "Actual Rows": 1,
                                                                                      "Actual Loops": 6,
                                                                                      "Filter": "((info)::text = 'release dates'::text)",
                                                                                      "Rows Removed by Filter": 112
                                                                                    }
                                                                                  ]
                                                                                }
                                                                              ]
                                                                            }
                                                                          ]
                                                                        }
                                                                      ]
                                                                    }
                                                                  ]
                                                                },
                                                                {
                                                                  "Node Type": "Index Scan",
                                                                  "Parent Relationship": "Inner",
                                                                  "Parallel Aware": false,
                                                                  "Scan Direction": "Forward",
                                                                  "Index Name": "movie_id_movie_keyword",
                                                                  "Relation Name": "movie_keyword",
                                                                  "Alias": "mk",
                                                                  "Startup Cost": 0.43,
                                                                  "Total Cost": 177148.48,
                                                                  "Plan Rows": 4523930,
                                                                  "Plan Width": 8,
                                                                  "Actual Startup Time": 0.048,
                                                                  "Actual Total Time": 835.313,
                                                                  "Actual Rows": 5848063,
                                                                  "Actual Loops": 1
                                                                }
                                                              ]
                                                            }
                                                          ]
                                                        },
                                                        {
                                                          "Node Type": "Sort",
                                                          "Parent Relationship": "Inner",
                                                          "Parallel Aware": false,
                                                          "Startup Cost": 2626.14,
                                                          "Total Cost": 2626.14,
                                                          "Plan Rows": 1,
                                                          "Plan Width": 4,
                                                          "Actual Startup Time": 11.095,
                                                          "Actual Total Time": 11.096,
                                                          "Actual Rows": 1,
                                                          "Actual Loops": 1,
                                                          "Sort Key": [
                                                            "k.id"
                                                          ],
                                                          "Sort Method": "quicksort",
                                                          "Sort Space Used": 25,
                                                          "Sort Space Type": "Memory",
                                                          "Plans": [
                                                            {
                                                              "Node Type": "Seq Scan",
                                                              "Parent Relationship": "Outer",
                                                              "Parallel Aware": false,
                                                              "Relation Name": "keyword",
                                                              "Alias": "k",
                                                              "Startup Cost": 0.0,
                                                              "Total Cost": 2626.12,
                                                              "Plan Rows": 1,
                                                              "Plan Width": 4,
                                                              "Actual Startup Time": 0.079,
                                                              "Actual Total Time": 11.074,
                                                              "Actual Rows": 1,
                                                              "Actual Loops": 1,
                                                              "Filter": "(keyword = 'computer-animation'::text)",
                                                              "Rows Removed by Filter": 134169
                                                            }
                                                          ]
                                                        }
                                                      ]
                                                    }
                                                  ]
                                                }
                                              ]
                                            }
                                          ]
                                        }
                                      ]
                                    }
                                  ]
                                }
                              ]
                            }
                          ]
                        }
                      ]
                    }
                  ]
                }
              ]
            }
          ]
        }
      ]
    },
    "Planning Time": 72893.706,
    "Triggers": [],
    "Execution Time": 8038.352
  }
]