[
    {
        "Bao": {
            "Bao prediction": "NaN",
            "Bao recommended hint": "(no hint)"
        }
    },
    {
        "Plan": {
            "Node Type": "Aggregate",
            "Strategy": "Plain",
            "Partial Mode": "Finalize",
            "Parallel Aware": false,
            "Startup Cost": 33389.54,
            "Total Cost": 33389.55,
            "Plan Rows": 1,
            "Plan Width": 8,
            "Actual Startup Time": 92.625,
            "Actual Total Time": 96.225,
            "Actual Rows": 1,
            "Actual Loops": 1,
            "Output": [
                "count(*)"
            ],
            "Plans": [
                {
                    "Node Type": "Gather",
                    "Parent Relationship": "Outer",
                    "Parallel Aware": false,
                    "Startup Cost": 33389.22,
                    "Total Cost": 33389.53,
                    "Plan Rows": 3,
                    "Plan Width": 8,
                    "Actual Startup Time": 92.538,
                    "Actual Total Time": 96.218,
                    "Actual Rows": 4,
                    "Actual Loops": 1,
                    "Output": [
                        "(PARTIAL count(*))"
                    ],
                    "Workers Planned": 3,
                    "Workers Launched": 3,
                    "Single Copy": false,
                    "Plans": [
                        {
                            "Node Type": "Aggregate",
                            "Strategy": "Plain",
                            "Partial Mode": "Partial",
                            "Parent Relationship": "Outer",
                            "Parallel Aware": false,
                            "Startup Cost": 32389.22,
                            "Total Cost": 32389.23,
                            "Plan Rows": 1,
                            "Plan Width": 8,
                            "Actual Startup Time": 84.404,
                            "Actual Total Time": 84.405,
                            "Actual Rows": 1,
                            "Actual Loops": 4,
                            "Output": [
                                "PARTIAL count(*)"
                            ],
                            "Workers": [
                                {
                                    "Worker Number": 0,
                                    "Actual Startup Time": 81.804,
                                    "Actual Total Time": 81.806,
                                    "Actual Rows": 1,
                                    "Actual Loops": 1
                                },
                                {
                                    "Worker Number": 1,
                                    "Actual Startup Time": 81.869,
                                    "Actual Total Time": 81.869,
                                    "Actual Rows": 1,
                                    "Actual Loops": 1
                                },
                                {
                                    "Worker Number": 2,
                                    "Actual Startup Time": 81.876,
                                    "Actual Total Time": 81.876,
                                    "Actual Rows": 1,
                                    "Actual Loops": 1
                                }
                            ],
                            "Plans": [
                                {
                                    "Node Type": "Seq Scan",
                                    "Parent Relationship": "Outer",
                                    "Parallel Aware": true,
                                    "Relation Name": "movie_companies",
                                    "Schema": "public",
                                    "Alias": "mc",
                                    "Startup Cost": 0.0,
                                    "Total Cost": 31414.82,
                                    "Plan Rows": 389760,
                                    "Plan Width": 0,
                                    "Actual Startup Time": 39.926,
                                    "Actual Total Time": 73.281,
                                    "Actual Rows": 273205,
                                    "Actual Loops": 4,
                                    "Output": [
                                        "id",
                                        "movie_id",
                                        "company_id",
                                        "company_type_id",
                                        "note"
                                    ],
                                    "Filter": "((mc.company_id < 102633) AND (mc.company_type_id = 2))",
                                    "Rows Removed by Filter": 379078,
                                    "Workers": [
                                        {
                                            "Worker Number": 0,
                                            "Actual Startup Time": 37.328,
                                            "Actual Total Time": 70.823,
                                            "Actual Rows": 263095,
                                            "Actual Loops": 1
                                        },
                                        {
                                            "Worker Number": 1,
                                            "Actual Startup Time": 37.391,
                                            "Actual Total Time": 70.916,
                                            "Actual Rows": 263286,
                                            "Actual Loops": 1
                                        },
                                        {
                                            "Worker Number": 2,
                                            "Actual Startup Time": 37.396,
                                            "Actual Total Time": 70.942,
                                            "Actual Rows": 260035,
                                            "Actual Loops": 1
                                        }
                                    ]
                                }
                            ]
                        }
                    ]
                }
            ]
        },
        "Planning Time": 185.457,
        "Triggers": [],
        "Execution Time": 96.307
    }
]