[
    {
        "Bao": {
            "Bao prediction": "NaN",
            "Bao recommended hint": "(no hint)"
        }
    },
    {
        "Plan": {
            "Node Type": "Aggregate",
            "Strategy": "Plain",
            "Partial Mode": "Finalize",
            "Parallel Aware": false,
            "Startup Cost": 117739.68,
            "Total Cost": 117739.69,
            "Plan Rows": 1,
            "Plan Width": 8,
            "Actual Startup Time": 193.715,
            "Actual Total Time": 203.594,
            "Actual Rows": 1,
            "Actual Loops": 1,
            "Output": [
                "count(*)"
            ],
            "Plans": [
                {
                    "Node Type": "Gather",
                    "Parent Relationship": "Outer",
                    "Parallel Aware": false,
                    "Startup Cost": 117739.16,
                    "Total Cost": 117739.67,
                    "Plan Rows": 5,
                    "Plan Width": 8,
                    "Actual Startup Time": 193.607,
                    "Actual Total Time": 203.585,
                    "Actual Rows": 6,
                    "Actual Loops": 1,
                    "Output": [
                        "(PARTIAL count(*))"
                    ],
                    "Workers Planned": 5,
                    "Workers Launched": 5,
                    "Single Copy": false,
                    "Plans": [
                        {
                            "Node Type": "Aggregate",
                            "Strategy": "Plain",
                            "Partial Mode": "Partial",
                            "Parent Relationship": "Outer",
                            "Parallel Aware": false,
                            "Startup Cost": 116739.16,
                            "Total Cost": 116739.17,
                            "Plan Rows": 1,
                            "Plan Width": 8,
                            "Actual Startup Time": 183.827,
                            "Actual Total Time": 183.828,
                            "Actual Rows": 1,
                            "Actual Loops": 6,
                            "Output": [
                                "PARTIAL count(*)"
                            ],
                            "Workers": [
                                {
                                    "Worker Number": 0,
                                    "Actual Startup Time": 181.202,
                                    "Actual Total Time": 181.204,
                                    "Actual Rows": 1,
                                    "Actual Loops": 1
                                },
                                {
                                    "Worker Number": 1,
                                    "Actual Startup Time": 181.671,
                                    "Actual Total Time": 181.672,
                                    "Actual Rows": 1,
                                    "Actual Loops": 1
                                },
                                {
                                    "Worker Number": 2,
                                    "Actual Startup Time": 181.858,
                                    "Actual Total Time": 181.86,
                                    "Actual Rows": 1,
                                    "Actual Loops": 1
                                },
                                {
                                    "Worker Number": 3,
                                    "Actual Startup Time": 182.273,
                                    "Actual Total Time": 182.274,
                                    "Actual Rows": 1,
                                    "Actual Loops": 1
                                },
                                {
                                    "Worker Number": 4,
                                    "Actual Startup Time": 182.72,
                                    "Actual Total Time": 182.722,
                                    "Actual Rows": 1,
                                    "Actual Loops": 1
                                }
                            ],
                            "Plans": [
                                {
                                    "Node Type": "Index Scan",
                                    "Parent Relationship": "Outer",
                                    "Parallel Aware": true,
                                    "Scan Direction": "Forward",
                                    "Index Name": "role_id_cast_info",
                                    "Relation Name": "cast_info",
                                    "Schema": "public",
                                    "Alias": "ci",
                                    "Startup Cost": 0.56,
                                    "Total Cost": 115696.32,
                                    "Plan Rows": 417138,
                                    "Plan Width": 0,
                                    "Actual Startup Time": 0.242,
                                    "Actual Total Time": 176.46,
                                    "Actual Rows": 114613,
                                    "Actual Loops": 6,
                                    "Output": [
                                        "id",
                                        "person_id",
                                        "movie_id",
                                        "person_role_id",
                                        "note",
                                        "nr_order",
                                        "role_id"
                                    ],
                                    "Index Cond": "(ci.role_id = 10)",
                                    "Rows Removed by Index Recheck": 0,
                                    "Filter": "(ci.person_id < 1756121)",
                                    "Rows Removed by Filter": 605890,
                                    "Workers": [
                                        {
                                            "Worker Number": 0,
                                            "Actual Startup Time": 0.624,
                                            "Actual Total Time": 173.769,
                                            "Actual Rows": 96751,
                                            "Actual Loops": 1
                                        },
                                        {
                                            "Worker Number": 1,
                                            "Actual Startup Time": 0.199,
                                            "Actual Total Time": 174.181,
                                            "Actual Rows": 97159,
                                            "Actual Loops": 1
                                        },
                                        {
                                            "Worker Number": 2,
                                            "Actual Startup Time": 0.165,
                                            "Actual Total Time": 175.17,
                                            "Actual Rows": 129108,
                                            "Actual Loops": 1
                                        },
                                        {
                                            "Worker Number": 3,
                                            "Actual Startup Time": 0.171,
                                            "Actual Total Time": 174.616,
                                            "Actual Rows": 95836,
                                            "Actual Loops": 1
                                        },
                                        {
                                            "Worker Number": 4,
                                            "Actual Startup Time": 0.243,
                                            "Actual Total Time": 175.278,
                                            "Actual Rows": 96541,
                                            "Actual Loops": 1
                                        }
                                    ]
                                }
                            ]
                        }
                    ]
                }
            ]
        },
        "Planning Time": 195.96,
        "Triggers": [],
        "Execution Time": 203.647
    }
]