[
    {
        "Bao": {
            "Bao prediction": "NaN",
            "Bao recommended hint": "(no hint)"
        }
    },
    {
        "Plan": {
            "Node Type": "Aggregate",
            "Strategy": "Plain",
            "Partial Mode": "Finalize",
            "Parallel Aware": false,
            "Startup Cost": 32678.19,
            "Total Cost": 32678.2,
            "Plan Rows": 1,
            "Plan Width": 8,
            "Actual Startup Time": 95.5,
            "Actual Total Time": 100.728,
            "Actual Rows": 1,
            "Actual Loops": 1,
            "Output": [
                "count(*)"
            ],
            "Plans": [
                {
                    "Node Type": "Gather",
                    "Parent Relationship": "Outer",
                    "Parallel Aware": false,
                    "Startup Cost": 32677.87,
                    "Total Cost": 32678.18,
                    "Plan Rows": 3,
                    "Plan Width": 8,
                    "Actual Startup Time": 95.381,
                    "Actual Total Time": 100.721,
                    "Actual Rows": 4,
                    "Actual Loops": 1,
                    "Output": [
                        "(PARTIAL count(*))"
                    ],
                    "Workers Planned": 3,
                    "Workers Launched": 3,
                    "Single Copy": false,
                    "Plans": [
                        {
                            "Node Type": "Aggregate",
                            "Strategy": "Plain",
                            "Partial Mode": "Partial",
                            "Parent Relationship": "Outer",
                            "Parallel Aware": false,
                            "Startup Cost": 31677.87,
                            "Total Cost": 31677.88,
                            "Plan Rows": 1,
                            "Plan Width": 8,
                            "Actual Startup Time": 87.107,
                            "Actual Total Time": 87.108,
                            "Actual Rows": 1,
                            "Actual Loops": 4,
                            "Output": [
                                "PARTIAL count(*)"
                            ],
                            "Workers": [
                                {
                                    "Worker Number": 0,
                                    "Actual Startup Time": 84.168,
                                    "Actual Total Time": 84.169,
                                    "Actual Rows": 1,
                                    "Actual Loops": 1
                                },
                                {
                                    "Worker Number": 1,
                                    "Actual Startup Time": 84.619,
                                    "Actual Total Time": 84.62,
                                    "Actual Rows": 1,
                                    "Actual Loops": 1
                                },
                                {
                                    "Worker Number": 2,
                                    "Actual Startup Time": 84.614,
                                    "Actual Total Time": 84.615,
                                    "Actual Rows": 1,
                                    "Actual Loops": 1
                                }
                            ],
                            "Plans": [
                                {
                                    "Node Type": "Seq Scan",
                                    "Parent Relationship": "Outer",
                                    "Parallel Aware": true,
                                    "Relation Name": "movie_companies",
                                    "Schema": "public",
                                    "Alias": "mc",
                                    "Startup Cost": 0.0,
                                    "Total Cost": 31414.82,
                                    "Plan Rows": 105221,
                                    "Plan Width": 0,
                                    "Actual Startup Time": 41.548,
                                    "Actual Total Time": 79.311,
                                    "Actual Rows": 155755,
                                    "Actual Loops": 4,
                                    "Output": [
                                        "id",
                                        "movie_id",
                                        "company_id",
                                        "company_type_id",
                                        "note"
                                    ],
                                    "Filter": "((mc.company_id > 57370) AND (mc.company_type_id = 2))",
                                    "Rows Removed by Filter": 496527,
                                    "Workers": [
                                        {
                                            "Worker Number": 0,
                                            "Actual Startup Time": 38.598,
                                            "Actual Total Time": 76.664,
                                            "Actual Rows": 112645,
                                            "Actual Loops": 1
                                        },
                                        {
                                            "Worker Number": 1,
                                            "Actual Startup Time": 39.048,
                                            "Actual Total Time": 77.039,
                                            "Actual Rows": 113712,
                                            "Actual Loops": 1
                                        },
                                        {
                                            "Worker Number": 2,
                                            "Actual Startup Time": 39.065,
                                            "Actual Total Time": 77.178,
                                            "Actual Rows": 179144,
                                            "Actual Loops": 1
                                        }
                                    ]
                                }
                            ]
                        }
                    ]
                }
            ]
        },
        "Planning Time": 177.372,
        "Triggers": [],
        "Execution Time": 100.783
    }
]