[
  {
    "Plan": {
      "Node Type": "Aggregate",
      "Strategy": "Plain",
      "Partial Mode": "Finalize",
      "Parallel Aware": false,
      "Startup Cost": 214626.06,
      "Total Cost": 214626.07,
      "Plan Rows": 1,
      "Plan Width": 8,
      "Actual Startup Time": 410.81,
      "Actual Total Time": 435.38,
      "Actual Rows": 1,
      "Actual Loops": 1,
      "Plans": [
        {
          "Node Type": "Gather",
          "Parent Relationship": "Outer",
          "Parallel Aware": false,
          "Startup Cost": 214625.74,
          "Total Cost": 214626.05,
          "Plan Rows": 3,
          "Plan Width": 8,
          "Actual Startup Time": 406.232,
          "Actual Total Time": 435.369,
          "Actual Rows": 4,
          "Actual Loops": 1,
          "Workers Planned": 3,
          "Workers Launched": 3,
          "Single Copy": false,
          "Plans": [
            {
              "Node Type": "Aggregate",
              "Strategy": "Plain",
              "Partial Mode": "Partial",
              "Parent Relationship": "Outer",
              "Parallel Aware": false,
              "Startup Cost": 213625.74,
              "Total Cost": 213625.75,
              "Plan Rows": 1,
              "Plan Width": 8,
              "Actual Startup Time": 398.364,
              "Actual Total Time": 398.368,
              "Actual Rows": 1,
              "Actual Loops": 4,
              "Plans": [
                {
                  "Node Type": "Nested Loop",
                  "Parent Relationship": "Outer",
                  "Parallel Aware": false,
                  "Join Type": "Inner",
                  "Startup Cost": 58271.41,
                  "Total Cost": 213540.67,
                  "Plan Rows": 34029,
                  "Plan Width": 0,
                  "Actual Startup Time": 232.438,
                  "Actual Total Time": 397.759,
                  "Actual Rows": 8070,
                  "Actual Loops": 4,
                  "Inner Unique": false,
                  "Plans": [
                    {
                      "Node Type": "Hash Join",
                      "Parent Relationship": "Outer",
                      "Parallel Aware": true,
                      "Join Type": "Inner",
                      "Startup Cost": 58270.97,
                      "Total Cost": 84878.95,
                      "Plan Rows": 61741,
                      "Plan Width": 8,
                      "Actual Startup Time": 231.858,
                      "Actual Total Time": 312.713,
                      "Actual Rows": 10520,
                      "Actual Loops": 4,
                      "Inner Unique": true,
                      "Hash Cond": "(mk.movie_id = t.id)",
                      "Plans": [
                        {
                          "Node Type": "Bitmap Heap Scan",
                          "Parent Relationship": "Outer",
                          "Parallel Aware": true,
                          "Relation Name": "movie_keyword",
                          "Alias": "mk",
                          "Startup Cost": 9365.86,
                          "Total Cost": 35600.0,
                          "Plan Rows": 142411,
                          "Plan Width": 4,
                          "Actual Startup Time": 27.837,
                          "Actual Total Time": 76.407,
                          "Actual Rows": 110633,
                          "Actual Loops": 4,
                          "Recheck Cond": "(keyword_id < 347)",
                          "Rows Removed by Index Recheck": 0,
                          "Exact Heap Blocks": 7245,
                          "Lossy Heap Blocks": 0,
                          "Plans": [
                            {
                              "Node Type": "Bitmap Index Scan",
                              "Parent Relationship": "Outer",
                              "Parallel Aware": false,
                              "Index Name": "keyword_id_movie_keyword",
                              "Startup Cost": 0.0,
                              "Total Cost": 9255.5,
                              "Plan Rows": 441475,
                              "Plan Width": 0,
                              "Actual Startup Time": 24.184,
                              "Actual Total Time": 24.185,
                              "Actual Rows": 442531,
                              "Actual Loops": 1,
                              "Index Cond": "(keyword_id < 347)"
                            }
                          ]
                        },
                        {
                          "Node Type": "Hash",
                          "Parent Relationship": "Inner",
                          "Parallel Aware": true,
                          "Startup Cost": 45479.59,
                          "Total Cost": 45479.59,
                          "Plan Rows": 274042,
                          "Plan Width": 4,
                          "Actual Startup Time": 198.724,
                          "Actual Total Time": 198.725,
                          "Actual Rows": 261056,
                          "Actual Loops": 4,
                          "Hash Buckets": 2097152,
                          "Original Hash Buckets": 2097152,
                          "Hash Batches": 1,
                          "Original Hash Batches": 1,
                          "Peak Memory Usage": 57312,
                          "Plans": [
                            {
                              "Node Type": "Seq Scan",
                              "Parent Relationship": "Outer",
                              "Parallel Aware": true,
                              "Relation Name": "title",
                              "Alias": "t",
                              "Startup Cost": 0.0,
                              "Total Cost": 45479.59,
                              "Plan Rows": 274042,
                              "Plan Width": 4,
                              "Actual Startup Time": 0.037,
                              "Actual Total Time": 100.942,
                              "Actual Rows": 261056,
                              "Actual Loops": 4,
                              "Filter": "((production_year < 2009) AND (kind_id = 7))",
                              "Rows Removed by Filter": 371022
                            }
                          ]
                        }
                      ]
                    },
                    {
                      "Node Type": "Index Scan",
                      "Parent Relationship": "Inner",
                      "Parallel Aware": false,
                      "Scan Direction": "Forward",
                      "Index Name": "movie_id_movie_info",
                      "Relation Name": "movie_info",
                      "Alias": "mi",
                      "Startup Cost": 0.43,
                      "Total Cost": 2.04,
                      "Plan Rows": 4,
                      "Plan Width": 4,
                      "Actual Startup Time": 0.006,
                      "Actual Total Time": 0.008,
                      "Actual Rows": 1,
                      "Actual Loops": 42080,
                      "Index Cond": "(movie_id = t.id)",
                      "Rows Removed by Index Recheck": 0,
                      "Filter": "(info_type_id = 7)",
                      "Rows Removed by Filter": 8
                    }
                  ]
                }
              ]
            }
          ]
        }
      ]
    },
    "Planning Time": 0.664,
    "Triggers": [],
    "Execution Time": 435.458
  }
]