[
  {
    "Plan": {
      "Node Type": "Aggregate",
      "Strategy": "Plain",
      "Partial Mode": "Finalize",
      "Parallel Aware": false,
      "Startup Cost": 210400.77,
      "Total Cost": 210400.78,
      "Plan Rows": 1,
      "Plan Width": 8,
      "Actual Startup Time": 458.203,
      "Actual Total Time": 485.797,
      "Actual Rows": 1,
      "Actual Loops": 1,
      "Plans": [
        {
          "Node Type": "Gather",
          "Parent Relationship": "Outer",
          "Parallel Aware": false,
          "Startup Cost": 210400.45,
          "Total Cost": 210400.76,
          "Plan Rows": 3,
          "Plan Width": 8,
          "Actual Startup Time": 451.877,
          "Actual Total Time": 485.787,
          "Actual Rows": 4,
          "Actual Loops": 1,
          "Workers Planned": 3,
          "Workers Launched": 3,
          "Single Copy": false,
          "Plans": [
            {
              "Node Type": "Aggregate",
              "Strategy": "Plain",
              "Partial Mode": "Partial",
              "Parent Relationship": "Outer",
              "Parallel Aware": false,
              "Startup Cost": 209400.45,
              "Total Cost": 209400.46,
              "Plan Rows": 1,
              "Plan Width": 8,
              "Actual Startup Time": 438.971,
              "Actual Total Time": 438.975,
              "Actual Rows": 1,
              "Actual Loops": 4,
              "Plans": [
                {
                  "Node Type": "Nested Loop",
                  "Parent Relationship": "Outer",
                  "Parallel Aware": false,
                  "Join Type": "Inner",
                  "Startup Cost": 57921.87,
                  "Total Cost": 209321.68,
                  "Plan Rows": 31507,
                  "Plan Width": 0,
                  "Actual Startup Time": 258.73,
                  "Actual Total Time": 438.348,
                  "Actual Rows": 8070,
                  "Actual Loops": 4,
                  "Inner Unique": false,
                  "Plans": [
                    {
                      "Node Type": "Hash Join",
                      "Parent Relationship": "Outer",
                      "Parallel Aware": true,
                      "Join Type": "Inner",
                      "Startup Cost": 57921.44,
                      "Total Cost": 84454.0,
                      "Plan Rows": 59212,
                      "Plan Width": 8,
                      "Actual Startup Time": 257.572,
                      "Actual Total Time": 347.672,
                      "Actual Rows": 10520,
                      "Actual Loops": 4,
                      "Inner Unique": true,
                      "Hash Cond": "(mk.movie_id = t.id)",
                      "Plans": [
                        {
                          "Node Type": "Bitmap Heap Scan",
                          "Parent Relationship": "Outer",
                          "Parallel Aware": true,
                          "Relation Name": "movie_keyword",
                          "Alias": "mk",
                          "Startup Cost": 9038.09,
                          "Total Cost": 35209.91,
                          "Plan Rows": 137426,
                          "Plan Width": 4,
                          "Actual Startup Time": 30.527,
                          "Actual Total Time": 86.17,
                          "Actual Rows": 110633,
                          "Actual Loops": 4,
                          "Recheck Cond": "(keyword_id < 347)",
                          "Rows Removed by Index Recheck": 0,
                          "Exact Heap Blocks": 8270,
                          "Lossy Heap Blocks": 0,
                          "Plans": [
                            {
                              "Node Type": "Bitmap Index Scan",
                              "Parent Relationship": "Outer",
                              "Parallel Aware": false,
                              "Index Name": "keyword_id_movie_keyword",
                              "Startup Cost": 0.0,
                              "Total Cost": 8931.58,
                              "Plan Rows": 426020,
                              "Plan Width": 0,
                              "Actual Startup Time": 26.797,
                              "Actual Total Time": 26.798,
                              "Actual Rows": 442531,
                              "Actual Loops": 1,
                              "Index Cond": "(keyword_id < 347)"
                            }
                          ]
                        },
                        {
                          "Node Type": "Hash",
                          "Parent Relationship": "Inner",
                          "Parallel Aware": true,
                          "Startup Cost": 45479.1,
                          "Total Cost": 45479.1,
                          "Plan Rows": 272340,
                          "Plan Width": 4,
                          "Actual Startup Time": 219.458,
                          "Actual Total Time": 219.459,
                          "Actual Rows": 261056,
                          "Actual Loops": 4,
                          "Hash Buckets": 2097152,
                          "Original Hash Buckets": 2097152,
                          "Hash Batches": 1,
                          "Original Hash Batches": 1,
                          "Peak Memory Usage": 57312,
                          "Plans": [
                            {
                              "Node Type": "Seq Scan",
                              "Parent Relationship": "Outer",
                              "Parallel Aware": true,
                              "Relation Name": "title",
                              "Alias": "t",
                              "Startup Cost": 0.0,
                              "Total Cost": 45479.1,
                              "Plan Rows": 272340,
                              "Plan Width": 4,
                              "Actual Startup Time": 0.036,
                              "Actual Total Time": 111.644,
                              "Actual Rows": 261056,
                              "Actual Loops": 4,
                              "Filter": "((production_year < 2009) AND (kind_id = 7))",
                              "Rows Removed by Filter": 371022
                            }
                          ]
                        }
                      ]
                    },
                    {
                      "Node Type": "Index Scan",
                      "Parent Relationship": "Inner",
                      "Parallel Aware": false,
                      "Scan Direction": "Forward",
                      "Index Name": "movie_id_movie_info",
                      "Relation Name": "movie_info",
                      "Alias": "mi",
                      "Startup Cost": 0.43,
                      "Total Cost": 2.07,
                      "Plan Rows": 4,
                      "Plan Width": 4,
                      "Actual Startup Time": 0.006,
                      "Actual Total Time": 0.008,
                      "Actual Rows": 1,
                      "Actual Loops": 42080,
                      "Index Cond": "(movie_id = t.id)",
                      "Rows Removed by Index Recheck": 0,
                      "Filter": "(info_type_id = 7)",
                      "Rows Removed by Filter": 8
                    }
                  ]
                }
              ]
            }
          ]
        }
      ]
    },
    "Planning Time": 1.467,
    "Triggers": [],
    "Execution Time": 485.913
  }
]