{
  "Plan": {
    "Node Type": "Aggregate",
    "Strategy": "Plain",
    "Partial Mode": "Finalize",
    "Parallel Aware": false,
    "Startup Cost": 103724.75,
    "Total Cost": 103724.76,
    "Plan Rows": 1,
    "Plan Width": 8,
    "Actual Startup Time": 450.449,
    "Actual Total Time": 460.904,
    "Actual Rows": 1,
    "Actual Loops": 1,
    "Plans": [
      {
        "Node Type": "Gather",
        "Parent Relationship": "Outer",
        "Parallel Aware": false,
        "Startup Cost": 103724.64,
        "Total Cost": 103724.75,
        "Plan Rows": 1,
        "Plan Width": 8,
        "Actual Startup Time": 448.505,
        "Actual Total Time": 460.895,
        "Actual Rows": 2,
        "Actual Loops": 1,
        "Workers Planned": 1,
        "Workers Launched": 1,
        "Single Copy": false,
        "Plans": [
          {
            "Node Type": "Aggregate",
            "Strategy": "Plain",
            "Partial Mode": "Partial",
            "Parent Relationship": "Outer",
            "Parallel Aware": false,
            "Startup Cost": 102724.64,
            "Total Cost": 102724.65,
            "Plan Rows": 1,
            "Plan Width": 8,
            "Actual Startup Time": 442.661,
            "Actual Total Time": 442.665,
            "Actual Rows": 1,
            "Actual Loops": 2,
            "Plans": [
              {
                "Node Type": "Hash Join",
                "Parent Relationship": "Outer",
                "Parallel Aware": true,
                "Join Type": "Inner",
                "Startup Cost": 58576.08,
                "Total Cost": 102267.92,
                "Plan Rows": 182686,
                "Plan Width": 0,
                "Actual Startup Time": 317.949,
                "Actual Total Time": 432.877,
                "Actual Rows": 230088,
                "Actual Loops": 2,
                "Inner Unique": true,
                "Hash Cond": "(mc.movie_id = t.id)",
                "Plans": [
                  {
                    "Node Type": "Seq Scan",
                    "Parent Relationship": "Outer",
                    "Parallel Aware": true,
                    "Relation Name": "movie_companies",
                    "Alias": "mc",
                    "Startup Cost": 0.0,
                    "Total Cost": 41811.73,
                    "Plan Rows": 716235,
                    "Plan Width": 4,
                    "Actual Startup Time": 52.774,
                    "Actual Total Time": 121.137,
                    "Actual Rows": 564376,
                    "Actual Loops": 2,
                    "Filter": "((company_id < 111685) AND (company_type_id > 1))",
                    "Rows Removed by Filter": 740189
                  },
                  {
                    "Node Type": "Hash",
                    "Parent Relationship": "Inner",
                    "Parallel Aware": true,
                    "Startup Cost": 53834.33,
                    "Total Cost": 53834.33,
                    "Plan Rows": 379340,
                    "Plan Width": 4,
                    "Actual Startup Time": 186.596,
                    "Actual Total Time": 186.597,
                    "Actual Rows": 328156,
                    "Actual Loops": 2,
                    "Hash Buckets": 1048576,
                    "Original Hash Buckets": 1048576,
                    "Hash Batches": 1,
                    "Original Hash Batches": 1,
                    "Peak Memory Usage": 33920,
                    "Plans": [
                      {
                        "Node Type": "Bitmap Heap Scan",
                        "Parent Relationship": "Outer",
                        "Parallel Aware": true,
                        "Relation Name": "title",
                        "Alias": "t",
                        "Startup Cost": 11984.07,
                        "Total Cost": 53834.33,
                        "Plan Rows": 379340,
                        "Plan Width": 4,
                        "Actual Startup Time": 32.985,
                        "Actual Total Time": 105.528,
                        "Actual Rows": 328156,
                        "Actual Loops": 2,
                        "Recheck Cond": "(kind_id = 1)",
                        "Rows Removed by Index Recheck": 0,
                        "Filter": "(production_year > 0)",
                        "Rows Removed by Filter": 3257,
                        "Exact Heap Blocks": 7521,
                        "Lossy Heap Blocks": 0,
                        "Plans": [
                          {
                            "Node Type": "Bitmap Index Scan",
                            "Parent Relationship": "Outer",
                            "Parallel Aware": false,
                            "Index Name": "kind_id_title",
                            "Startup Cost": 0.0,
                            "Total Cost": 11822.85,
                            "Plan Rows": 663256,
                            "Plan Width": 0,
                            "Actual Startup Time": 30.869,
                            "Actual Total Time": 30.869,
                            "Actual Rows": 662825,
                            "Actual Loops": 1,
                            "Index Cond": "(kind_id = 1)"
                          }
                        ]
                      }
                    ]
                  }
                ]
              }
            ]
          }
        ]
      }
    ]
  },
  "Planning Time": 0.636,
  "Triggers": [],
  "Execution Time": 460.988
}