[
  {
    "Plan": {
      "Node Type": "Aggregate",
      "Strategy": "Plain",
      "Partial Mode": "Finalize",
      "Parallel Aware": false,
      "Startup Cost": 434263.57,
      "Total Cost": 434263.58,
      "Plan Rows": 1,
      "Plan Width": 8,
      "Actual Startup Time": 3244.4,
      "Actual Total Time": 3315.218,
      "Actual Rows": 1,
      "Actual Loops": 1,
      "Plans": [
        {
          "Node Type": "Gather",
          "Parent Relationship": "Outer",
          "Parallel Aware": false,
          "Startup Cost": 434262.94,
          "Total Cost": 434263.55,
          "Plan Rows": 6,
          "Plan Width": 8,
          "Actual Startup Time": 3234.425,
          "Actual Total Time": 3315.206,
          "Actual Rows": 7,
          "Actual Loops": 1,
          "Workers Planned": 6,
          "Workers Launched": 6,
          "Single Copy": false,
          "Plans": [
            {
              "Node Type": "Aggregate",
              "Strategy": "Plain",
              "Partial Mode": "Partial",
              "Parent Relationship": "Outer",
              "Parallel Aware": false,
              "Startup Cost": 433262.94,
              "Total Cost": 433262.95,
              "Plan Rows": 1,
              "Plan Width": 8,
              "Actual Startup Time": 3221.681,
              "Actual Total Time": 3221.686,
              "Actual Rows": 1,
              "Actual Loops": 7,
              "Plans": [
                {
                  "Node Type": "Hash Join",
                  "Parent Relationship": "Outer",
                  "Parallel Aware": true,
                  "Join Type": "Inner",
                  "Startup Cost": 85159.67,
                  "Total Cost": 427066.08,
                  "Plan Rows": 2478747,
                  "Plan Width": 0,
                  "Actual Startup Time": 486.86,
                  "Actual Total Time": 3011.164,
                  "Actual Rows": 4145678,
                  "Actual Loops": 7,
                  "Inner Unique": false,
                  "Hash Cond": "(ci.movie_id = t.id)",
                  "Plans": [
                    {
                      "Node Type": "Seq Scan",
                      "Parent Relationship": "Outer",
                      "Parallel Aware": true,
                      "Relation Name": "cast_info",
                      "Alias": "ci",
                      "Startup Cost": 0.0,
                      "Total Cost": 313067.02,
                      "Plan Rows": 6038002,
                      "Plan Width": 4,
                      "Actual Startup Time": 0.026,
                      "Actual Total Time": 604.011,
                      "Actual Rows": 5177763,
                      "Actual Loops": 7
                    },
                    {
                      "Node Type": "Hash",
                      "Parent Relationship": "Inner",
                      "Parallel Aware": true,
                      "Startup Cost": 81916.14,
                      "Total Cost": 81916.14,
                      "Plan Rows": 259482,
                      "Plan Width": 8,
                      "Actual Startup Time": 482.077,
                      "Actual Total Time": 482.08,
                      "Actual Rows": 170052,
                      "Actual Loops": 7,
                      "Hash Buckets": 2097152,
                      "Original Hash Buckets": 1048576,
                      "Hash Batches": 1,
                      "Original Hash Batches": 1,
                      "Peak Memory Usage": 71232,
                      "Plans": [
                        {
                          "Node Type": "Hash Join",
                          "Parent Relationship": "Outer",
                          "Parallel Aware": true,
                          "Join Type": "Inner",
                          "Startup Cost": 35600.01,
                          "Total Cost": 81916.14,
                          "Plan Rows": 259482,
                          "Plan Width": 8,
                          "Actual Startup Time": 176.557,
                          "Actual Total Time": 386.038,
                          "Actual Rows": 170052,
                          "Actual Loops": 7,
                          "Inner Unique": false,
                          "Hash Cond": "(t.id = mc.movie_id)",
                          "Plans": [
                            {
                              "Node Type": "Seq Scan",
                              "Parent Relationship": "Outer",
                              "Parallel Aware": true,
                              "Relation Name": "title",
                              "Alias": "t",
                              "Startup Cost": 0.0,
                              "Total Cost": 42318.73,
                              "Plan Rows": 632073,
                              "Plan Width": 4,
                              "Actual Startup Time": 0.016,
                              "Actual Total Time": 62.126,
                              "Actual Rows": 361187,
                              "Actual Loops": 7
                            },
                            {
                              "Node Type": "Hash",
                              "Parent Relationship": "Inner",
                              "Parallel Aware": true,
                              "Startup Cost": 31414.82,
                              "Total Cost": 31414.82,
                              "Plan Rows": 334815,
                              "Plan Width": 4,
                              "Actual Startup Time": 174.932,
                              "Actual Total Time": 174.933,
                              "Actual Rows": 170052,
                              "Actual Loops": 7,
                              "Hash Buckets": 2097152,
                              "Original Hash Buckets": 1048576,
                              "Hash Batches": 1,
                              "Original Hash Batches": 1,
                              "Peak Memory Usage": 71232,
                              "Plans": [
                                {
                                  "Node Type": "Seq Scan",
                                  "Parent Relationship": "Outer",
                                  "Parallel Aware": true,
                                  "Relation Name": "movie_companies",
                                  "Alias": "mc",
                                  "Startup Cost": 0.0,
                                  "Total Cost": 31414.82,
                                  "Plan Rows": 334815,
                                  "Plan Width": 4,
                                  "Actual Startup Time": 42.59,
                                  "Actual Total Time": 75.631,
                                  "Actual Rows": 170052,
                                  "Actual Loops": 7,
                                  "Filter": "((company_id > 588) AND (company_type_id > 1))",
                                  "Rows Removed by Filter": 202680
                                }
                              ]
                            }
                          ]
                        }
                      ]
                    }
                  ]
                }
              ]
            }
          ]
        }
      ]
    },
    "Planning Time": 1.36,
    "Triggers": [],
    "Execution Time": 3315.322
  }
]