[
  {
    "Plan": {
      "Node Type": "Aggregate",
      "Strategy": "Plain",
      "Partial Mode": "Finalize",
      "Parallel Aware": false,
      "Startup Cost": 646960.01,
      "Total Cost": 646960.02,
      "Plan Rows": 1,
      "Plan Width": 8,
      "Actual Startup Time": 4109.082,
      "Actual Total Time": 4190.603,
      "Actual Rows": 1,
      "Actual Loops": 1,
      "Plans": [
        {
          "Node Type": "Gather",
          "Parent Relationship": "Outer",
          "Parallel Aware": false,
          "Startup Cost": 646959.39,
          "Total Cost": 646960.0,
          "Plan Rows": 6,
          "Plan Width": 8,
          "Actual Startup Time": 4080.493,
          "Actual Total Time": 4190.588,
          "Actual Rows": 7,
          "Actual Loops": 1,
          "Workers Planned": 6,
          "Workers Launched": 6,
          "Single Copy": false,
          "Plans": [
            {
              "Node Type": "Aggregate",
              "Strategy": "Plain",
              "Partial Mode": "Partial",
              "Parent Relationship": "Outer",
              "Parallel Aware": false,
              "Startup Cost": 645959.39,
              "Total Cost": 645959.4,
              "Plan Rows": 1,
              "Plan Width": 8,
              "Actual Startup Time": 4048.956,
              "Actual Total Time": 4049.264,
              "Actual Rows": 1,
              "Actual Loops": 7,
              "Plans": [
                {
                  "Node Type": "Hash Join",
                  "Parent Relationship": "Outer",
                  "Parallel Aware": true,
                  "Join Type": "Inner",
                  "Startup Cost": 259211.84,
                  "Total Cost": 617604.93,
                  "Plan Rows": 11341785,
                  "Plan Width": 0,
                  "Actual Startup Time": 1081.525,
                  "Actual Total Time": 3765.579,
                  "Actual Rows": 6860832,
                  "Actual Loops": 7,
                  "Inner Unique": false,
                  "Hash Cond": "(ci.movie_id = t.id)",
                  "Plans": [
                    {
                      "Node Type": "Seq Scan",
                      "Parent Relationship": "Outer",
                      "Parallel Aware": true,
                      "Relation Name": "cast_info",
                      "Alias": "ci",
                      "Startup Cost": 0.0,
                      "Total Cost": 313067.02,
                      "Plan Rows": 6038002,
                      "Plan Width": 4,
                      "Actual Startup Time": 0.022,
                      "Actual Total Time": 526.119,
                      "Actual Rows": 5177763,
                      "Actual Loops": 7
                    },
                    {
                      "Node Type": "Hash",
                      "Parent Relationship": "Inner",
                      "Parallel Aware": true,
                      "Startup Cost": 247338.98,
                      "Total Cost": 247338.98,
                      "Plan Rows": 949829,
                      "Plan Width": 8,
                      "Actual Startup Time": 1071.538,
                      "Actual Total Time": 1071.845,
                      "Actual Rows": 340404,
                      "Actual Loops": 7,
                      "Hash Buckets": 8388608,
                      "Original Hash Buckets": 8388608,
                      "Hash Batches": 1,
                      "Original Hash Batches": 1,
                      "Peak Memory Usage": 158848,
                      "Plans": [
                        {
                          "Node Type": "Hash Join",
                          "Parent Relationship": "Outer",
                          "Parallel Aware": true,
                          "Join Type": "Inner",
                          "Startup Cost": 48017.21,
                          "Total Cost": 247338.98,
                          "Plan Rows": 949829,
                          "Plan Width": 8,
                          "Actual Startup Time": 135.001,
                          "Actual Total Time": 890.981,
                          "Actual Rows": 340404,
                          "Actual Loops": 7,
                          "Inner Unique": true,
                          "Hash Cond": "(mi.movie_id = t.id)",
                          "Plans": [
                            {
                              "Node Type": "Seq Scan",
                              "Parent Relationship": "Outer",
                              "Parallel Aware": true,
                              "Relation Name": "movie_info",
                              "Alias": "mi",
                              "Startup Cost": 0.0,
                              "Total Cost": 191560.33,
                              "Plan Rows": 2956733,
                              "Plan Width": 4,
                              "Actual Startup Time": 0.033,
                              "Actual Total Time": 292.956,
                              "Actual Rows": 2119389,
                              "Actual Loops": 7
                            },
                            {
                              "Node Type": "Hash",
                              "Parent Relationship": "Inner",
                              "Parallel Aware": true,
                              "Startup Cost": 45479.1,
                              "Total Cost": 45479.1,
                              "Plan Rows": 203049,
                              "Plan Width": 4,
                              "Actual Startup Time": 133.927,
                              "Actual Total Time": 133.928,
                              "Actual Rows": 105537,
                              "Actual Loops": 7,
                              "Hash Buckets": 1048576,
                              "Original Hash Buckets": 1048576,
                              "Hash Batches": 1,
                              "Original Hash Batches": 1,
                              "Peak Memory Usage": 37184,
                              "Plans": [
                                {
                                  "Node Type": "Seq Scan",
                                  "Parent Relationship": "Outer",
                                  "Parallel Aware": true,
                                  "Relation Name": "title",
                                  "Alias": "t",
                                  "Startup Cost": 0.0,
                                  "Total Cost": 45479.1,
                                  "Plan Rows": 203049,
                                  "Plan Width": 4,
                                  "Actual Startup Time": 0.049,
                                  "Actual Total Time": 80.994,
                                  "Actual Rows": 105537,
                                  "Actual Loops": 7,
                                  "Filter": "((production_year < 2005) AND (kind_id = 7))",
                                  "Rows Removed by Filter": 255650
                                }
                              ]
                            }
                          ]
                        }
                      ]
                    }
                  ]
                }
              ]
            }
          ]
        }
      ]
    },
    "Planning Time": 1.374,
    "Triggers": [],
    "Execution Time": 4190.701
  }
]