[
  {
    "Plan": {
      "Node Type": "Aggregate",
      "Strategy": "Plain",
      "Partial Mode": "Finalize",
      "Parallel Aware": false,
      "Startup Cost": 31606.47,
      "Total Cost": 31606.48,
      "Plan Rows": 1,
      "Plan Width": 8,
      "Actual Startup Time": 119.916,
      "Actual Total Time": 129.259,
      "Actual Rows": 1,
      "Actual Loops": 1,
      "Plans": [
        {
          "Node Type": "Gather",
          "Parent Relationship": "Outer",
          "Parallel Aware": false,
          "Startup Cost": 31606.15,
          "Total Cost": 31606.46,
          "Plan Rows": 3,
          "Plan Width": 8,
          "Actual Startup Time": 119.784,
          "Actual Total Time": 129.25,
          "Actual Rows": 4,
          "Actual Loops": 1,
          "Workers Planned": 3,
          "Workers Launched": 3,
          "Single Copy": false,
          "Plans": [
            {
              "Node Type": "Aggregate",
              "Strategy": "Plain",
              "Partial Mode": "Partial",
              "Parent Relationship": "Outer",
              "Parallel Aware": false,
              "Startup Cost": 30606.15,
              "Total Cost": 30606.16,
              "Plan Rows": 1,
              "Plan Width": 8,
              "Actual Startup Time": 113.17,
              "Actual Total Time": 113.171,
              "Actual Rows": 1,
              "Actual Loops": 4,
              "Plans": [
                {
                  "Node Type": "Seq Scan",
                  "Parent Relationship": "Outer",
                  "Parallel Aware": true,
                  "Relation Name": "movie_companies",
                  "Alias": "mc",
                  "Startup Cost": 0.0,
                  "Total Cost": 29310.68,
                  "Plan Rows": 518189,
                  "Plan Width": 0,
                  "Actual Startup Time": 4.235,
                  "Actual Total Time": 91.916,
                  "Actual Rows": 400322,
                  "Actual Loops": 4,
                  "Filter": "(company_id > 4883)",
                  "Rows Removed by Filter": 251960
                }
              ]
            }
          ]
        }
      ]
    },
    "Planning Time": 0.101,
    "Triggers": [],
    "Execution Time": 129.296
  }
]