[
  {
    "Plan": {
      "Node Type": "Aggregate",
      "Strategy": "Plain",
      "Partial Mode": "Finalize",
      "Parallel Aware": false,
      "Startup Cost": 31601.66,
      "Total Cost": 31601.67,
      "Plan Rows": 1,
      "Plan Width": 8,
      "Actual Startup Time": 110.401,
      "Actual Total Time": 118.272,
      "Actual Rows": 1,
      "Actual Loops": 1,
      "Plans": [
        {
          "Node Type": "Gather",
          "Parent Relationship": "Outer",
          "Parallel Aware": false,
          "Startup Cost": 31601.34,
          "Total Cost": 31601.65,
          "Plan Rows": 3,
          "Plan Width": 8,
          "Actual Startup Time": 110.263,
          "Actual Total Time": 118.263,
          "Actual Rows": 4,
          "Actual Loops": 1,
          "Workers Planned": 3,
          "Workers Launched": 3,
          "Single Copy": false,
          "Plans": [
            {
              "Node Type": "Aggregate",
              "Strategy": "Plain",
              "Partial Mode": "Partial",
              "Parent Relationship": "Outer",
              "Parallel Aware": false,
              "Startup Cost": 30601.34,
              "Total Cost": 30601.35,
              "Plan Rows": 1,
              "Plan Width": 8,
              "Actual Startup Time": 101.63,
              "Actual Total Time": 101.631,
              "Actual Rows": 1,
              "Actual Loops": 4,
              "Plans": [
                {
                  "Node Type": "Seq Scan",
                  "Parent Relationship": "Outer",
                  "Parallel Aware": true,
                  "Relation Name": "movie_companies",
                  "Alias": "mc",
                  "Startup Cost": 0.0,
                  "Total Cost": 29310.68,
                  "Plan Rows": 516265,
                  "Plan Width": 0,
                  "Actual Startup Time": 6.524,
                  "Actual Total Time": 84.717,
                  "Actual Rows": 400322,
                  "Actual Loops": 4,
                  "Filter": "(company_id > 4883)",
                  "Rows Removed by Filter": 251960
                }
              ]
            }
          ]
        }
      ]
    },
    "Planning Time": 0.2,
    "Triggers": [],
    "Execution Time": 118.332
  }
]