[
  {
    "Plan": {
      "Node Type": "Aggregate",
      "Strategy": "Plain",
      "Partial Mode": "Finalize",
      "Parallel Aware": false,
      "Startup Cost": 48493.12,
      "Total Cost": 48493.13,
      "Plan Rows": 1,
      "Plan Width": 8,
      "Actual Startup Time": 98.622,
      "Actual Total Time": 111.233,
      "Actual Rows": 1,
      "Actual Loops": 1,
      "Plans": [
        {
          "Node Type": "Gather",
          "Parent Relationship": "Outer",
          "Parallel Aware": false,
          "Startup Cost": 48492.7,
          "Total Cost": 48493.11,
          "Plan Rows": 4,
          "Plan Width": 8,
          "Actual Startup Time": 98.462,
          "Actual Total Time": 111.226,
          "Actual Rows": 5,
          "Actual Loops": 1,
          "Workers Planned": 4,
          "Workers Launched": 4,
          "Single Copy": false,
          "Plans": [
            {
              "Node Type": "Aggregate",
              "Strategy": "Plain",
              "Partial Mode": "Partial",
              "Parent Relationship": "Outer",
              "Parallel Aware": false,
              "Startup Cost": 47492.7,
              "Total Cost": 47492.71,
              "Plan Rows": 1,
              "Plan Width": 8,
              "Actual Startup Time": 89.392,
              "Actual Total Time": 89.393,
              "Actual Rows": 1,
              "Actual Loops": 5,
              "Plans": [
                {
                  "Node Type": "Nested Loop",
                  "Parent Relationship": "Outer",
                  "Parallel Aware": false,
                  "Join Type": "Inner",
                  "Startup Cost": 0.43,
                  "Total Cost": 47492.57,
                  "Plan Rows": 52,
                  "Plan Width": 0,
                  "Actual Startup Time": 56.893,
                  "Actual Total Time": 89.318,
                  "Actual Rows": 516,
                  "Actual Loops": 5,
                  "Inner Unique": false,
                  "Plans": [
                    {
                      "Node Type": "Seq Scan",
                      "Parent Relationship": "Outer",
                      "Parallel Aware": true,
                      "Relation Name": "title",
                      "Alias": "t",
                      "Startup Cost": 0.0,
                      "Total Cost": 45479.59,
                      "Plan Rows": 99,
                      "Plan Width": 4,
                      "Actual Startup Time": 56.803,
                      "Actual Total Time": 81.681,
                      "Actual Rows": 524,
                      "Actual Loops": 5,
                      "Filter": "((kind_id = 1) AND (production_year = 1903))",
                      "Rows Removed by Filter": 505139
                    },
                    {
                      "Node Type": "Index Scan",
                      "Parent Relationship": "Inner",
                      "Parallel Aware": false,
                      "Scan Direction": "Forward",
                      "Index Name": "movie_id_movie_companies",
                      "Relation Name": "movie_companies",
                      "Alias": "mc",
                      "Startup Cost": 0.43,
                      "Total Cost": 20.3,
                      "Plan Rows": 3,
                      "Plan Width": 4,
                      "Actual Startup Time": 0.014,
                      "Actual Total Time": 0.014,
                      "Actual Rows": 1,
                      "Actual Loops": 2618,
                      "Index Cond": "(movie_id = t.id)",
                      "Rows Removed by Index Recheck": 0,
                      "Filter": "(company_type_id > 1)",
                      "Rows Removed by Filter": 1
                    }
                  ]
                }
              ]
            }
          ]
        }
      ]
    },
    "Planning Time": 0.435,
    "Triggers": [],
    "Execution Time": 111.277
  }
]