[
  {
    "Plan": {
      "Node Type": "Aggregate",
      "Strategy": "Plain",
      "Partial Mode": "Simple",
      "Parallel Aware": false,
      "Startup Cost": 2638.98,
      "Total Cost": 2638.99,
      "Plan Rows": 1,
      "Plan Width": 8,
      "Actual Startup Time": 11.748,
      "Actual Total Time": 11.75,
      "Actual Rows": 1,
      "Actual Loops": 1,
      "Plans": [
        {
          "Node Type": "Nested Loop",
          "Parent Relationship": "Outer",
          "Parallel Aware": false,
          "Join Type": "Inner",
          "Startup Cost": 1.43,
          "Total Cost": 2638.26,
          "Plan Rows": 290,
          "Plan Width": 0,
          "Actual Startup Time": 11.399,
          "Actual Total Time": 11.737,
          "Actual Rows": 19,
          "Actual Loops": 1,
          "Inner Unique": false,
          "Plans": [
            {
              "Node Type": "Nested Loop",
              "Parent Relationship": "Outer",
              "Parallel Aware": false,
              "Join Type": "Inner",
              "Startup Cost": 0.99,
              "Total Cost": 2351.56,
              "Plan Rows": 162,
              "Plan Width": 8,
              "Actual Startup Time": 11.375,
              "Actual Total Time": 11.568,
              "Actual Rows": 12,
              "Actual Loops": 1,
              "Inner Unique": true,
              "Plans": [
                {
                  "Node Type": "Index Scan",
                  "Parent Relationship": "Outer",
                  "Parallel Aware": false,
                  "Scan Direction": "Forward",
                  "Index Name": "person_id_cast_info",
                  "Relation Name": "cast_info",
                  "Alias": "ci",
                  "Startup Cost": 0.56,
                  "Total Cost": 987.07,
                  "Plan Rows": 162,
                  "Plan Width": 4,
                  "Actual Startup Time": 11.342,
                  "Actual Total Time": 11.364,
                  "Actual Rows": 12,
                  "Actual Loops": 1,
                  "Index Cond": "(person_id = 1206980)",
                  "Rows Removed by Index Recheck": 0,
                  "Filter": "(role_id > 3)",
                  "Rows Removed by Filter": 3
                },
                {
                  "Node Type": "Index Only Scan",
                  "Parent Relationship": "Inner",
                  "Parallel Aware": false,
                  "Scan Direction": "Forward",
                  "Index Name": "title_pkey",
                  "Relation Name": "title",
                  "Alias": "t",
                  "Startup Cost": 0.43,
                  "Total Cost": 8.42,
                  "Plan Rows": 1,
                  "Plan Width": 4,
                  "Actual Startup Time": 0.015,
                  "Actual Total Time": 0.015,
                  "Actual Rows": 1,
                  "Actual Loops": 12,
                  "Index Cond": "(id = ci.movie_id)",
                  "Rows Removed by Index Recheck": 0,
                  "Heap Fetches": 12
                }
              ]
            },
            {
              "Node Type": "Index Only Scan",
              "Parent Relationship": "Inner",
              "Parallel Aware": false,
              "Scan Direction": "Forward",
              "Index Name": "movie_id_movie_keyword",
              "Relation Name": "movie_keyword",
              "Alias": "mk",
              "Startup Cost": 0.43,
              "Total Cost": 1.31,
              "Plan Rows": 46,
              "Plan Width": 4,
              "Actual Startup Time": 0.012,
              "Actual Total Time": 0.013,
              "Actual Rows": 2,
              "Actual Loops": 12,
              "Index Cond": "(movie_id = t.id)",
              "Rows Removed by Index Recheck": 0,
              "Heap Fetches": 19
            }
          ]
        }
      ]
    },
    "Planning Time": 0.735,
    "Triggers": [],
    "Execution Time": 11.78
  }
]