{
  "Plan": {
    "Node Type": "Aggregate",
    "Strategy": "Plain",
    "Partial Mode": "Simple",
    "Parallel Aware": false,
    "Startup Cost": 44034.96,
    "Total Cost": 44034.97,
    "Plan Rows": 1,
    "Plan Width": 96,
    "Actual Startup Time": 93.042,
    "Actual Total Time": 105.507,
    "Actual Rows": 1,
    "Actual Loops": 1,
    "Plans": [
      {
        "Node Type": "Gather",
        "Parent Relationship": "Outer",
        "Parallel Aware": false,
        "Startup Cost": 1006.45,
        "Total Cost": 44034.95,
        "Plan Rows": 1,
        "Plan Width": 42,
        "Actual Startup Time": 22.246,
        "Actual Total Time": 105.48,
        "Actual Rows": 51,
        "Actual Loops": 1,
        "Workers Planned": 1,
        "Workers Launched": 1,
        "Single Copy": false,
        "Plans": [
          {
            "Node Type": "Hash Join",
            "Parent Relationship": "Outer",
            "Parallel Aware": false,
            "Join Type": "Inner",
            "Startup Cost": 6.45,
            "Total Cost": 43034.85,
            "Plan Rows": 1,
            "Plan Width": 42,
            "Actual Startup Time": 31.614,
            "Actual Total Time": 85.784,
            "Actual Rows": 26,
            "Actual Loops": 2,
            "Inner Unique": true,
            "Hash Cond": "(mi.info_type_id = it2.id)",
            "Plans": [
              {
                "Node Type": "Nested Loop",
                "Parent Relationship": "Outer",
                "Parallel Aware": false,
                "Join Type": "Inner",
                "Startup Cost": 4.03,
                "Total Cost": 43032.42,
                "Plan Rows": 4,
                "Plan Width": 46,
                "Actual Startup Time": 31.122,
                "Actual Total Time": 85.323,
                "Actual Rows": 182,
                "Actual Loops": 2,
                "Inner Unique": false,
                "Plans": [
                  {
                    "Node Type": "Nested Loop",
                    "Parent Relationship": "Outer",
                    "Parallel Aware": false,
                    "Join Type": "Inner",
                    "Startup Cost": 3.59,
                    "Total Cost": 43030.58,
                    "Plan Rows": 1,
                    "Plan Width": 54,
                    "Actual Startup Time": 31.077,
                    "Actual Total Time": 85.036,
                    "Actual Rows": 2,
                    "Actual Loops": 2,
                    "Inner Unique": true,
                    "Plans": [
                      {
                        "Node Type": "Hash Join",
                        "Parent Relationship": "Outer",
                        "Parallel Aware": false,
                        "Join Type": "Inner",
                        "Startup Cost": 3.45,
                        "Total Cost": 43030.4,
                        "Plan Rows": 1,
                        "Plan Width": 58,
                        "Actual Startup Time": 31.06,
                        "Actual Total Time": 85.017,
                        "Actual Rows": 4,
                        "Actual Loops": 2,
                        "Inner Unique": true,
                        "Hash Cond": "(t.kind_id = kt.id)",
                        "Plans": [
                          {
                            "Node Type": "Nested Loop",
                            "Parent Relationship": "Outer",
                            "Parallel Aware": false,
                            "Join Type": "Inner",
                            "Startup Cost": 2.35,
                            "Total Cost": 43029.29,
                            "Plan Rows": 1,
                            "Plan Width": 62,
                            "Actual Startup Time": 30.977,
                            "Actual Total Time": 84.931,
                            "Actual Rows": 4,
                            "Actual Loops": 2,
                            "Inner Unique": false,
                            "Plans": [
                              {
                                "Node Type": "Nested Loop",
                                "Parent Relationship": "Outer",
                                "Parallel Aware": false,
                                "Join Type": "Inner",
                                "Startup Cost": 1.92,
                                "Total Cost": 43028.76,
                                "Plan Rows": 1,
                                "Plan Width": 48,
                                "Actual Startup Time": 30.941,
                                "Actual Total Time": 84.89,
                                "Actual Rows": 2,
                                "Actual Loops": 2,
                                "Inner Unique": true,
                                "Plans": [
                                  {
                                    "Node Type": "Hash Join",
                                    "Parent Relationship": "Outer",
                                    "Parallel Aware": false,
                                    "Join Type": "Inner",
                                    "Startup Cost": 1.49,
                                    "Total Cost": 41668.48,
                                    "Plan Rows": 2596,
                                    "Plan Width": 23,
                                    "Actual Startup Time": 0.337,
                                    "Actual Total Time": 37.534,
                                    "Actual Rows": 9375,
                                    "Actual Loops": 2,
                                    "Inner Unique": true,
                                    "Hash Cond": "(mc.company_type_id = ct.id)",
                                    "Plans": [
                                      {
                                        "Node Type": "Nested Loop",
                                        "Parent Relationship": "Outer",
                                        "Parallel Aware": false,
                                        "Join Type": "Inner",
                                        "Startup Cost": 0.43,
                                        "Total Cost": 41611.28,
                                        "Plan Rows": 10384,
                                        "Plan Width": 27,
                                        "Actual Startup Time": 0.244,
                                        "Actual Total Time": 35.023,
                                        "Actual Rows": 11880,
                                        "Actual Loops": 2,
                                        "Inner Unique": false,
                                        "Plans": [
                                          {
                                            "Node Type": "Seq Scan",
                                            "Parent Relationship": "Outer",
                                            "Parallel Aware": true,
                                            "Relation Name": "company_name",
                                            "Alias": "cn",
                                            "Startup Cost": 0.0,
                                            "Total Cost": 4722.92,
                                            "Plan Rows": 935,
                                            "Plan Width": 23,
                                            "Actual Startup Time": 0.083,
                                            "Actual Total Time": 12.142,
                                            "Actual Rows": 730,
                                            "Actual Loops": 2,
                                            "Filter": "((country_code)::text = '[ar]'::text)",
                                            "Rows Removed by Filter": 116768
                                          },
                                          {
                                            "Node Type": "Index Scan",
                                            "Parent Relationship": "Inner",
                                            "Parallel Aware": false,
                                            "Scan Direction": "Forward",
                                            "Index Name": "company_id_movie_companies",
                                            "Relation Name": "movie_companies",
                                            "Alias": "mc",
                                            "Startup Cost": 0.43,
                                            "Total Cost": 38.14,
                                            "Plan Rows": 131,
                                            "Plan Width": 12,
                                            "Actual Startup Time": 0.007,
                                            "Actual Total Time": 0.029,
                                            "Actual Rows": 16,
                                            "Actual Loops": 1460,
                                            "Index Cond": "(company_id = cn.id)",
                                            "Rows Removed by Index Recheck": 0
                                          }
                                        ]
                                      },
                                      {
                                        "Node Type": "Hash",
                                        "Parent Relationship": "Inner",
                                        "Parallel Aware": false,
                                        "Startup Cost": 1.05,
                                        "Total Cost": 1.05,
                                        "Plan Rows": 1,
                                        "Plan Width": 4,
                                        "Actual Startup Time": 0.057,
                                        "Actual Total Time": 0.058,
                                        "Actual Rows": 1,
                                        "Actual Loops": 2,
                                        "Hash Buckets": 1024,
                                        "Original Hash Buckets": 1024,
                                        "Hash Batches": 1,
                                        "Original Hash Batches": 1,
                                        "Peak Memory Usage": 9,
                                        "Plans": [
                                          {
                                            "Node Type": "Seq Scan",
                                            "Parent Relationship": "Outer",
                                            "Parallel Aware": false,
                                            "Relation Name": "company_type",
                                            "Alias": "ct",
                                            "Startup Cost": 0.0,
                                            "Total Cost": 1.05,
                                            "Plan Rows": 1,
                                            "Plan Width": 4,
                                            "Actual Startup Time": 0.044,
                                            "Actual Total Time": 0.047,
                                            "Actual Rows": 1,
                                            "Actual Loops": 2,
                                            "Filter": "((kind)::text = 'distributors'::text)",
                                            "Rows Removed by Filter": 3
                                          }
                                        ]
                                      }
                                    ]
                                  },
                                  {
                                    "Node Type": "Index Scan",
                                    "Parent Relationship": "Inner",
                                    "Parallel Aware": false,
                                    "Scan Direction": "Forward",
                                    "Index Name": "title_pkey",
                                    "Relation Name": "title",
                                    "Alias": "t",
                                    "Startup Cost": 0.43,
                                    "Total Cost": 0.52,
                                    "Plan Rows": 1,
                                    "Plan Width": 25,
                                    "Actual Startup Time": 0.005,
                                    "Actual Total Time": 0.005,
                                    "Actual Rows": 0,
                                    "Actual Loops": 18750,
                                    "Index Cond": "(id = mc.movie_id)",
                                    "Rows Removed by Index Recheck": 0,
                                    "Filter": "((title <> ''::text) AND ((title ~~ 'Champion%'::text) OR (title ~~ 'Loser%'::text)))",
                                    "Rows Removed by Filter": 1
                                  }
                                ]
                              },
                              {
                                "Node Type": "Index Scan",
                                "Parent Relationship": "Inner",
                                "Parallel Aware": false,
                                "Scan Direction": "Forward",
                                "Index Name": "movie_id_movie_info_idx",
                                "Relation Name": "movie_info_idx",
                                "Alias": "miidx",
                                "Startup Cost": 0.43,
                                "Total Cost": 0.5,
                                "Plan Rows": 3,
                                "Plan Width": 14,
                                "Actual Startup Time": 0.023,
                                "Actual Total Time": 0.024,
                                "Actual Rows": 3,
                                "Actual Loops": 3,
                                "Index Cond": "(movie_id = mc.movie_id)",
                                "Rows Removed by Index Recheck": 0
                              }
                            ]
                          },
                          {
                            "Node Type": "Hash",
                            "Parent Relationship": "Inner",
                            "Parallel Aware": false,
                            "Startup Cost": 1.09,
                            "Total Cost": 1.09,
                            "Plan Rows": 1,
                            "Plan Width": 4,
                            "Actual Startup Time": 0.048,
                            "Actual Total Time": 0.049,
                            "Actual Rows": 1,
                            "Actual Loops": 2,
                            "Hash Buckets": 1024,
                            "Original Hash Buckets": 1024,
                            "Hash Batches": 1,
                            "Original Hash Batches": 1,
                            "Peak Memory Usage": 9,
                            "Plans": [
                              {
                                "Node Type": "Seq Scan",
                                "Parent Relationship": "Outer",
                                "Parallel Aware": false,
                                "Relation Name": "kind_type",
                                "Alias": "kt",
                                "Startup Cost": 0.0,
                                "Total Cost": 1.09,
                                "Plan Rows": 1,
                                "Plan Width": 4,
                                "Actual Startup Time": 0.036,
                                "Actual Total Time": 0.039,
                                "Actual Rows": 1,
                                "Actual Loops": 2,
                                "Filter": "((kind)::text = 'movie'::text)",
                                "Rows Removed by Filter": 6
                              }
                            ]
                          }
                        ]
                      },
                      {
                        "Node Type": "Index Scan",
                        "Parent Relationship": "Inner",
                        "Parallel Aware": false,
                        "Scan Direction": "Forward",
                        "Index Name": "info_type_pkey",
                        "Relation Name": "info_type",
                        "Alias": "it",
                        "Startup Cost": 0.14,
                        "Total Cost": 0.16,
                        "Plan Rows": 1,
                        "Plan Width": 4,
                        "Actual Startup Time": 0.003,
                        "Actual Total Time": 0.003,
                        "Actual Rows": 0,
                        "Actual Loops": 9,
                        "Index Cond": "(id = miidx.info_type_id)",
                        "Rows Removed by Index Recheck": 0,
                        "Filter": "((info)::text = 'rating'::text)",
                        "Rows Removed by Filter": 1
                      }
                    ]
                  },
                  {
                    "Node Type": "Index Scan",
                    "Parent Relationship": "Inner",
                    "Parallel Aware": false,
                    "Scan Direction": "Forward",
                    "Index Name": "movie_id_movie_info",
                    "Relation Name": "movie_info",
                    "Alias": "mi",
                    "Startup Cost": 0.43,
                    "Total Cost": 1.45,
                    "Plan Rows": 39,
                    "Plan Width": 8,
                    "Actual Startup Time": 0.03,
                    "Actual Total Time": 0.17,
                    "Actual Rows": 121,
                    "Actual Loops": 3,
                    "Index Cond": "(movie_id = mc.movie_id)",
                    "Rows Removed by Index Recheck": 0
                  }
                ]
              },
              {
                "Node Type": "Hash",
                "Parent Relationship": "Inner",
                "Parallel Aware": false,
                "Startup Cost": 2.41,
                "Total Cost": 2.41,
                "Plan Rows": 1,
                "Plan Width": 4,
                "Actual Startup Time": 0.092,
                "Actual Total Time": 0.092,
                "Actual Rows": 1,
                "Actual Loops": 2,
                "Hash Buckets": 1024,
                "Original Hash Buckets": 1024,
                "Hash Batches": 1,
                "Original Hash Batches": 1,
                "Peak Memory Usage": 9,
                "Plans": [
                  {
                    "Node Type": "Seq Scan",
                    "Parent Relationship": "Outer",
                    "Parallel Aware": false,
                    "Relation Name": "info_type",
                    "Alias": "it2",
                    "Startup Cost": 0.0,
                    "Total Cost": 2.41,
                    "Plan Rows": 1,
                    "Plan Width": 4,
                    "Actual Startup Time": 0.046,
                    "Actual Total Time": 0.073,
                    "Actual Rows": 1,
                    "Actual Loops": 2,
                    "Filter": "((info)::text = 'release dates'::text)",
                    "Rows Removed by Filter": 112
                  }
                ]
              }
            ]
          }
        ]
      }
    ]
  },
  "Planning Time": 2.77,
  "Triggers": [],
  "Execution Time": 105.66
}