{
  "Plan": {
    "Node Type": "Aggregate",
    "Strategy": "Plain",
    "Partial Mode": "Finalize",
    "Parallel Aware": false,
    "Startup Cost": 33865.84,
    "Total Cost": 33865.85,
    "Plan Rows": 1,
    "Plan Width": 8,
    "Actual Startup Time": 94.174,
    "Actual Total Time": 110.043,
    "Actual Rows": 1,
    "Actual Loops": 1,
    "Plans": [
      {
        "Node Type": "Gather",
        "Parent Relationship": "Outer",
        "Parallel Aware": false,
        "Startup Cost": 33865.73,
        "Total Cost": 33865.84,
        "Plan Rows": 1,
        "Plan Width": 8,
        "Actual Startup Time": 94.097,
        "Actual Total Time": 110.037,
        "Actual Rows": 2,
        "Actual Loops": 1,
        "Workers Planned": 1,
        "Workers Launched": 1,
        "Single Copy": false,
        "Plans": [
          {
            "Node Type": "Aggregate",
            "Strategy": "Plain",
            "Partial Mode": "Partial",
            "Parent Relationship": "Outer",
            "Parallel Aware": false,
            "Startup Cost": 32865.73,
            "Total Cost": 32865.74,
            "Plan Rows": 1,
            "Plan Width": 8,
            "Actual Startup Time": 90.652,
            "Actual Total Time": 90.653,
            "Actual Rows": 1,
            "Actual Loops": 2,
            "Plans": [
              {
                "Node Type": "Nested Loop",
                "Parent Relationship": "Outer",
                "Parallel Aware": false,
                "Join Type": "Inner",
                "Startup Cost": 95.19,
                "Total Cost": 32851.73,
                "Plan Rows": 5599,
                "Plan Width": 0,
                "Actual Startup Time": 1.604,
                "Actual Total Time": 86.901,
                "Actual Rows": 65332,
                "Actual Loops": 2,
                "Inner Unique": false,
                "Plans": [
                  {
                    "Node Type": "Nested Loop",
                    "Parent Relationship": "Outer",
                    "Parallel Aware": false,
                    "Join Type": "Inner",
                    "Startup Cost": 94.75,
                    "Total Cost": 30448.4,
                    "Plan Rows": 958,
                    "Plan Width": 8,
                    "Actual Startup Time": 1.518,
                    "Actual Total Time": 19.461,
                    "Actual Rows": 1592,
                    "Actual Loops": 2,
                    "Inner Unique": true,
                    "Plans": [
                      {
                        "Node Type": "Bitmap Heap Scan",
                        "Parent Relationship": "Outer",
                        "Parallel Aware": true,
                        "Relation Name": "movie_keyword",
                        "Alias": "mk",
                        "Startup Cost": 94.32,
                        "Total Cost": 11305.86,
                        "Plan Rows": 2572,
                        "Plan Width": 4,
                        "Actual Startup Time": 1.44,
                        "Actual Total Time": 6.952,
                        "Actual Rows": 1716,
                        "Actual Loops": 2,
                        "Recheck Cond": "(keyword_id = 3219)",
                        "Rows Removed by Index Recheck": 0,
                        "Exact Heap Blocks": 2245,
                        "Lossy Heap Blocks": 0,
                        "Plans": [
                          {
                            "Node Type": "Bitmap Index Scan",
                            "Parent Relationship": "Outer",
                            "Parallel Aware": false,
                            "Index Name": "keyword_id_movie_keyword",
                            "Startup Cost": 0.0,
                            "Total Cost": 93.23,
                            "Plan Rows": 4373,
                            "Plan Width": 0,
                            "Actual Startup Time": 1.948,
                            "Actual Total Time": 1.949,
                            "Actual Rows": 3432,
                            "Actual Loops": 1,
                            "Index Cond": "(keyword_id = 3219)"
                          }
                        ]
                      },
                      {
                        "Node Type": "Index Scan",
                        "Parent Relationship": "Inner",
                        "Parallel Aware": false,
                        "Scan Direction": "Forward",
                        "Index Name": "title_pkey",
                        "Relation Name": "title",
                        "Alias": "t",
                        "Startup Cost": 0.43,
                        "Total Cost": 7.44,
                        "Plan Rows": 1,
                        "Plan Width": 4,
                        "Actual Startup Time": 0.007,
                        "Actual Total Time": 0.007,
                        "Actual Rows": 1,
                        "Actual Loops": 3432,
                        "Index Cond": "(id = mk.movie_id)",
                        "Rows Removed by Index Recheck": 0,
                        "Filter": "((kind_id < 7) AND (production_year > 1914))",
                        "Rows Removed by Filter": 0
                      }
                    ]
                  },
                  {
                    "Node Type": "Index Only Scan",
                    "Parent Relationship": "Inner",
                    "Parallel Aware": false,
                    "Scan Direction": "Forward",
                    "Index Name": "movie_id_movie_info",
                    "Relation Name": "movie_info",
                    "Alias": "mi",
                    "Startup Cost": 0.43,
                    "Total Cost": 2.09,
                    "Plan Rows": 42,
                    "Plan Width": 4,
                    "Actual Startup Time": 0.01,
                    "Actual Total Time": 0.039,
                    "Actual Rows": 41,
                    "Actual Loops": 3185,
                    "Index Cond": "(movie_id = t.id)",
                    "Rows Removed by Index Recheck": 0,
                    "Heap Fetches": 130665
                  }
                ]
              }
            ]
          }
        ]
      }
    ]
  },
  "Planning Time": 0.608,
  "Triggers": [],
  "Execution Time": 110.111
}