{
  "Plan": {
    "Node Type": "Aggregate",
    "Strategy": "Plain",
    "Partial Mode": "Finalize",
    "Parallel Aware": false,
    "Startup Cost": 98172.53,
    "Total Cost": 98172.54,
    "Plan Rows": 1,
    "Plan Width": 8,
    "Actual Startup Time": 289.003,
    "Actual Total Time": 299.792,
    "Actual Rows": 1,
    "Actual Loops": 1,
    "Plans": [
      {
        "Node Type": "Gather",
        "Parent Relationship": "Outer",
        "Parallel Aware": false,
        "Startup Cost": 98172.42,
        "Total Cost": 98172.53,
        "Plan Rows": 1,
        "Plan Width": 8,
        "Actual Startup Time": 288.592,
        "Actual Total Time": 299.785,
        "Actual Rows": 2,
        "Actual Loops": 1,
        "Workers Planned": 1,
        "Workers Launched": 1,
        "Single Copy": false,
        "Plans": [
          {
            "Node Type": "Aggregate",
            "Strategy": "Plain",
            "Partial Mode": "Partial",
            "Parent Relationship": "Outer",
            "Parallel Aware": false,
            "Startup Cost": 97172.42,
            "Total Cost": 97172.43,
            "Plan Rows": 1,
            "Plan Width": 8,
            "Actual Startup Time": 282.949,
            "Actual Total Time": 282.953,
            "Actual Rows": 1,
            "Actual Loops": 2,
            "Plans": [
              {
                "Node Type": "Hash Join",
                "Parent Relationship": "Outer",
                "Parallel Aware": true,
                "Join Type": "Inner",
                "Startup Cost": 71189.29,
                "Total Cost": 97157.23,
                "Plan Rows": 6076,
                "Plan Width": 0,
                "Actual Startup Time": 197.395,
                "Actual Total Time": 282.309,
                "Actual Rows": 12470,
                "Actual Loops": 2,
                "Inner Unique": true,
                "Hash Cond": "(mc.movie_id = t.id)",
                "Plans": [
                  {
                    "Node Type": "Bitmap Heap Scan",
                    "Parent Relationship": "Outer",
                    "Parallel Aware": true,
                    "Relation Name": "movie_companies",
                    "Alias": "mc",
                    "Startup Cost": 16094.63,
                    "Total Cost": 41476.83,
                    "Plan Rows": 223139,
                    "Plan Width": 4,
                    "Actual Startup Time": 58.829,
                    "Actual Total Time": 107.218,
                    "Actual Rows": 352682,
                    "Actual Loops": 2,
                    "Recheck Cond": "(company_id > 35166)",
                    "Rows Removed by Index Recheck": 0,
                    "Filter": "(company_type_id > 1)",
                    "Rows Removed by Filter": 28319,
                    "Exact Heap Blocks": 9558,
                    "Lossy Heap Blocks": 0,
                    "Plans": [
                      {
                        "Node Type": "Bitmap Index Scan",
                        "Parent Relationship": "Outer",
                        "Parallel Aware": false,
                        "Index Name": "company_id_movie_companies",
                        "Startup Cost": 0.0,
                        "Total Cost": 15999.8,
                        "Plan Rows": 747116,
                        "Plan Width": 0,
                        "Actual Startup Time": 42.152,
                        "Actual Total Time": 42.152,
                        "Actual Rows": 762002,
                        "Actual Loops": 1,
                        "Index Cond": "(company_id > 35166)"
                      }
                    ]
                  },
                  {
                    "Node Type": "Hash",
                    "Parent Relationship": "Inner",
                    "Parallel Aware": true,
                    "Startup Cost": 54588.39,
                    "Total Cost": 54588.39,
                    "Plan Rows": 40501,
                    "Plan Width": 4,
                    "Actual Startup Time": 136.995,
                    "Actual Total Time": 136.996,
                    "Actual Rows": 33671,
                    "Actual Loops": 2,
                    "Hash Buckets": 131072,
                    "Original Hash Buckets": 131072,
                    "Hash Batches": 1,
                    "Original Hash Batches": 1,
                    "Peak Memory Usage": 3712,
                    "Plans": [
                      {
                        "Node Type": "Seq Scan",
                        "Parent Relationship": "Outer",
                        "Parallel Aware": true,
                        "Relation Name": "title",
                        "Alias": "t",
                        "Startup Cost": 0.0,
                        "Total Cost": 54588.39,
                        "Plan Rows": 40501,
                        "Plan Width": 4,
                        "Actual Startup Time": 0.044,
                        "Actual Total Time": 126.679,
                        "Actual Rows": 33671,
                        "Actual Loops": 2,
                        "Filter": "(production_year > 2012)",
                        "Rows Removed by Filter": 1230485
                      }
                    ]
                  }
                ]
              }
            ]
          }
        ]
      }
    ]
  },
  "Planning Time": 0.328,
  "Triggers": [],
  "Execution Time": 299.873
}