[
  {
    "Plan": {
      "Node Type": "Aggregate",
      "Strategy": "Plain",
      "Partial Mode": "Finalize",
      "Parallel Aware": false,
      "Startup Cost": 92264.24,
      "Total Cost": 92264.25,
      "Plan Rows": 1,
      "Plan Width": 8,
      "Actual Startup Time": 521.127,
      "Actual Total Time": 539.002,
      "Actual Rows": 1,
      "Actual Loops": 1,
      "Plans": [
        {
          "Node Type": "Gather",
          "Parent Relationship": "Outer",
          "Parallel Aware": false,
          "Startup Cost": 92263.93,
          "Total Cost": 92264.24,
          "Plan Rows": 3,
          "Plan Width": 8,
          "Actual Startup Time": 507.745,
          "Actual Total Time": 538.992,
          "Actual Rows": 4,
          "Actual Loops": 1,
          "Workers Planned": 3,
          "Workers Launched": 3,
          "Single Copy": false,
          "Plans": [
            {
              "Node Type": "Aggregate",
              "Strategy": "Plain",
              "Partial Mode": "Partial",
              "Parent Relationship": "Outer",
              "Parallel Aware": false,
              "Startup Cost": 91263.93,
              "Total Cost": 91263.94,
              "Plan Rows": 1,
              "Plan Width": 8,
              "Actual Startup Time": 491.373,
              "Actual Total Time": 491.377,
              "Actual Rows": 1,
              "Actual Loops": 4,
              "Plans": [
                {
                  "Node Type": "Hash Join",
                  "Parent Relationship": "Outer",
                  "Parallel Aware": true,
                  "Join Type": "Inner",
                  "Startup Cost": 63303.92,
                  "Total Cost": 90766.62,
                  "Plan Rows": 198922,
                  "Plan Width": 0,
                  "Actual Startup Time": 368.687,
                  "Actual Total Time": 483.844,
                  "Actual Rows": 156192,
                  "Actual Loops": 4,
                  "Inner Unique": true,
                  "Hash Cond": "(mk.movie_id = t.id)",
                  "Plans": [
                    {
                      "Node Type": "Bitmap Heap Scan",
                      "Parent Relationship": "Outer",
                      "Parallel Aware": true,
                      "Relation Name": "movie_keyword",
                      "Alias": "mk",
                      "Startup Cost": 13083.54,
                      "Total Cost": 40024.07,
                      "Plan Rows": 198922,
                      "Plan Width": 4,
                      "Actual Startup Time": 33.426,
                      "Actual Total Time": 90.54,
                      "Actual Rows": 156192,
                      "Actual Loops": 4,
                      "Recheck Cond": "(keyword_id < 483)",
                      "Rows Removed by Index Recheck": 0,
                      "Exact Heap Blocks": 7888,
                      "Lossy Heap Blocks": 0,
                      "Plans": [
                        {
                          "Node Type": "Bitmap Index Scan",
                          "Parent Relationship": "Outer",
                          "Parallel Aware": false,
                          "Index Name": "keyword_id_movie_keyword",
                          "Startup Cost": 0.0,
                          "Total Cost": 12929.38,
                          "Plan Rows": 616659,
                          "Plan Width": 0,
                          "Actual Startup Time": 29.831,
                          "Actual Total Time": 29.832,
                          "Actual Rows": 624768,
                          "Actual Loops": 1,
                          "Index Cond": "(keyword_id < 483)"
                        }
                      ]
                    },
                    {
                      "Node Type": "Hash",
                      "Parent Relationship": "Inner",
                      "Parallel Aware": true,
                      "Startup Cost": 42319.06,
                      "Total Cost": 42319.06,
                      "Plan Rows": 632106,
                      "Plan Width": 4,
                      "Actual Startup Time": 324.673,
                      "Actual Total Time": 324.674,
                      "Actual Rows": 632078,
                      "Actual Loops": 4,
                      "Hash Buckets": 4194304,
                      "Original Hash Buckets": 4194304,
                      "Hash Batches": 1,
                      "Original Hash Batches": 1,
                      "Peak Memory Usage": 131744,
                      "Plans": [
                        {
                          "Node Type": "Seq Scan",
                          "Parent Relationship": "Outer",
                          "Parallel Aware": true,
                          "Relation Name": "title",
                          "Alias": "t",
                          "Startup Cost": 0.0,
                          "Total Cost": 42319.06,
                          "Plan Rows": 632106,
                          "Plan Width": 4,
                          "Actual Startup Time": 0.044,
                          "Actual Total Time": 96.823,
                          "Actual Rows": 632078,
                          "Actual Loops": 4
                        }
                      ]
                    }
                  ]
                }
              ]
            }
          ]
        }
      ]
    },
    "Planning Time": 0.486,
    "Triggers": [],
    "Execution Time": 539.072
  }
]