[
  {
    "Plan": {
      "Node Type": "Aggregate",
      "Strategy": "Plain",
      "Partial Mode": "Finalize",
      "Parallel Aware": false,
      "Startup Cost": 346816.61,
      "Total Cost": 346816.62,
      "Plan Rows": 1,
      "Plan Width": 8,
      "Actual Startup Time": 657.987,
      "Actual Total Time": 701.451,
      "Actual Rows": 1,
      "Actual Loops": 1,
      "Plans": [
        {
          "Node Type": "Gather",
          "Parent Relationship": "Outer",
          "Parallel Aware": false,
          "Startup Cost": 346815.98,
          "Total Cost": 346816.59,
          "Plan Rows": 6,
          "Plan Width": 8,
          "Actual Startup Time": 657.762,
          "Actual Total Time": 701.433,
          "Actual Rows": 7,
          "Actual Loops": 1,
          "Workers Planned": 6,
          "Workers Launched": 6,
          "Single Copy": false,
          "Plans": [
            {
              "Node Type": "Aggregate",
              "Strategy": "Plain",
              "Partial Mode": "Partial",
              "Parent Relationship": "Outer",
              "Parallel Aware": false,
              "Startup Cost": 345815.98,
              "Total Cost": 345815.99,
              "Plan Rows": 1,
              "Plan Width": 8,
              "Actual Startup Time": 650.351,
              "Actual Total Time": 650.353,
              "Actual Rows": 1,
              "Actual Loops": 7,
              "Plans": [
                {
                  "Node Type": "Seq Scan",
                  "Parent Relationship": "Outer",
                  "Parallel Aware": true,
                  "Relation Name": "cast_info",
                  "Alias": "ci",
                  "Startup Cost": 0.0,
                  "Total Cost": 343316.27,
                  "Plan Rows": 999884,
                  "Plan Width": 0,
                  "Actual Startup Time": 0.049,
                  "Actual Total Time": 603.574,
                  "Actual Rows": 987630,
                  "Actual Loops": 7,
                  "Filter": "((person_id < 747275) AND (role_id < 8))",
                  "Rows Removed by Filter": 4190134
                }
              ]
            }
          ]
        }
      ]
    },
    "Planning Time": 0.111,
    "Triggers": [],
    "Execution Time": 701.501
  }
]