[
  {
    "Plan": {
      "Node Type": "Aggregate",
      "Strategy": "Plain",
      "Partial Mode": "Finalize",
      "Parallel Aware": false,
      "Startup Cost": 43109.05,
      "Total Cost": 43109.06,
      "Plan Rows": 1,
      "Plan Width": 8,
      "Actual Startup Time": 135.649,
      "Actual Total Time": 145.976,
      "Actual Rows": 1,
      "Actual Loops": 1,
      "Plans": [
        {
          "Node Type": "Gather",
          "Parent Relationship": "Outer",
          "Parallel Aware": false,
          "Startup Cost": 43108.73,
          "Total Cost": 43109.04,
          "Plan Rows": 3,
          "Plan Width": 8,
          "Actual Startup Time": 135.29,
          "Actual Total Time": 145.965,
          "Actual Rows": 4,
          "Actual Loops": 1,
          "Workers Planned": 3,
          "Workers Launched": 3,
          "Single Copy": false,
          "Plans": [
            {
              "Node Type": "Aggregate",
              "Strategy": "Plain",
              "Partial Mode": "Partial",
              "Parent Relationship": "Outer",
              "Parallel Aware": false,
              "Startup Cost": 42108.73,
              "Total Cost": 42108.74,
              "Plan Rows": 1,
              "Plan Width": 8,
              "Actual Startup Time": 131.438,
              "Actual Total Time": 131.44,
              "Actual Rows": 1,
              "Actual Loops": 4,
              "Plans": [
                {
                  "Node Type": "Bitmap Heap Scan",
                  "Parent Relationship": "Outer",
                  "Parallel Aware": true,
                  "Relation Name": "movie_keyword",
                  "Alias": "mk",
                  "Startup Cost": 14375.95,
                  "Total Cost": 41562.27,
                  "Plan Rows": 218585,
                  "Plan Width": 0,
                  "Actual Startup Time": 43.578,
                  "Actual Total Time": 122.226,
                  "Actual Rows": 169114,
                  "Actual Loops": 4,
                  "Recheck Cond": "(keyword_id > 27697)",
                  "Rows Removed by Index Recheck": 0,
                  "Exact Heap Blocks": 9097,
                  "Lossy Heap Blocks": 0,
                  "Plans": [
                    {
                      "Node Type": "Bitmap Index Scan",
                      "Parent Relationship": "Outer",
                      "Parallel Aware": false,
                      "Index Name": "keyword_id_movie_keyword",
                      "Startup Cost": 0.0,
                      "Total Cost": 14206.55,
                      "Plan Rows": 677615,
                      "Plan Width": 0,
                      "Actual Startup Time": 43.291,
                      "Actual Total Time": 43.292,
                      "Actual Rows": 676458,
                      "Actual Loops": 1,
                      "Index Cond": "(keyword_id > 27697)"
                    }
                  ]
                }
              ]
            }
          ]
        }
      ]
    },
    "Planning Time": 0.188,
    "Triggers": [],
    "Execution Time": 146.052
  }
]