{
  "Plan": {
    "Node Type": "Aggregate",
    "Strategy": "Plain",
    "Partial Mode": "Finalize",
    "Parallel Aware": false,
    "Startup Cost": 161894.77,
    "Total Cost": 161894.78,
    "Plan Rows": 1,
    "Plan Width": 8,
    "Actual Startup Time": 604.139,
    "Actual Total Time": 624.933,
    "Actual Rows": 1,
    "Actual Loops": 1,
    "Plans": [
      {
        "Node Type": "Gather",
        "Parent Relationship": "Outer",
        "Parallel Aware": false,
        "Startup Cost": 161894.65,
        "Total Cost": 161894.76,
        "Plan Rows": 1,
        "Plan Width": 8,
        "Actual Startup Time": 603.653,
        "Actual Total Time": 624.925,
        "Actual Rows": 2,
        "Actual Loops": 1,
        "Workers Planned": 1,
        "Workers Launched": 1,
        "Single Copy": false,
        "Plans": [
          {
            "Node Type": "Aggregate",
            "Strategy": "Plain",
            "Partial Mode": "Partial",
            "Parent Relationship": "Outer",
            "Parallel Aware": false,
            "Startup Cost": 160894.65,
            "Total Cost": 160894.66,
            "Plan Rows": 1,
            "Plan Width": 8,
            "Actual Startup Time": 599.796,
            "Actual Total Time": 599.802,
            "Actual Rows": 1,
            "Actual Loops": 2,
            "Plans": [
              {
                "Node Type": "Hash Join",
                "Parent Relationship": "Outer",
                "Parallel Aware": true,
                "Join Type": "Inner",
                "Startup Cost": 120439.68,
                "Total Cost": 160727.12,
                "Plan Rows": 67012,
                "Plan Width": 0,
                "Actual Startup Time": 386.348,
                "Actual Total Time": 598.929,
                "Actual Rows": 18488,
                "Actual Loops": 2,
                "Inner Unique": false,
                "Hash Cond": "(mc.movie_id = t.id)",
                "Plans": [
                  {
                    "Node Type": "Seq Scan",
                    "Parent Relationship": "Outer",
                    "Parallel Aware": true,
                    "Relation Name": "movie_companies",
                    "Alias": "mc",
                    "Startup Cost": 0.0,
                    "Total Cost": 34137.82,
                    "Plan Rows": 1534782,
                    "Plan Width": 4,
                    "Actual Startup Time": 0.011,
                    "Actual Total Time": 107.458,
                    "Actual Rows": 1304564,
                    "Actual Loops": 2
                  },
                  {
                    "Node Type": "Hash",
                    "Parent Relationship": "Inner",
                    "Parallel Aware": true,
                    "Startup Cost": 119627.98,
                    "Total Cost": 119627.98,
                    "Plan Rows": 64936,
                    "Plan Width": 8,
                    "Actual Startup Time": 385.263,
                    "Actual Total Time": 385.267,
                    "Actual Rows": 8269,
                    "Actual Loops": 2,
                    "Hash Buckets": 131072,
                    "Original Hash Buckets": 131072,
                    "Hash Batches": 1,
                    "Original Hash Batches": 1,
                    "Peak Memory Usage": 1696,
                    "Plans": [
                      {
                        "Node Type": "Hash Join",
                        "Parent Relationship": "Outer",
                        "Parallel Aware": true,
                        "Join Type": "Inner",
                        "Startup Cost": 59830.37,
                        "Total Cost": 119627.98,
                        "Plan Rows": 64936,
                        "Plan Width": 8,
                        "Actual Startup Time": 151.06,
                        "Actual Total Time": 382.921,
                        "Actual Rows": 8269,
                        "Actual Loops": 2,
                        "Inner Unique": true,
                        "Hash Cond": "(mk.movie_id = t.id)",
                        "Plans": [
                          {
                            "Node Type": "Seq Scan",
                            "Parent Relationship": "Outer",
                            "Parallel Aware": true,
                            "Relation Name": "movie_keyword",
                            "Alias": "mk",
                            "Startup Cost": 0.0,
                            "Total Cost": 57718.19,
                            "Plan Rows": 792162,
                            "Plan Width": 4,
                            "Actual Startup Time": 0.013,
                            "Actual Total Time": 166.661,
                            "Actual Rows": 680757,
                            "Actual Loops": 2,
                            "Filter": "(keyword_id < 1774)",
                            "Rows Removed by Filter": 1581208
                          },
                          {
                            "Node Type": "Hash",
                            "Parent Relationship": "Inner",
                            "Parallel Aware": true,
                            "Startup Cost": 58306.47,
                            "Total Cost": 58306.47,
                            "Plan Rows": 121912,
                            "Plan Width": 4,
                            "Actual Startup Time": 149.845,
                            "Actual Total Time": 149.847,
                            "Actual Rows": 56150,
                            "Actual Loops": 2,
                            "Hash Buckets": 262144,
                            "Original Hash Buckets": 262144,
                            "Hash Batches": 1,
                            "Original Hash Batches": 1,
                            "Peak Memory Usage": 6464,
                            "Plans": [
                              {
                                "Node Type": "Seq Scan",
                                "Parent Relationship": "Outer",
                                "Parallel Aware": true,
                                "Relation Name": "title",
                                "Alias": "t",
                                "Startup Cost": 0.0,
                                "Total Cost": 58306.47,
                                "Plan Rows": 121912,
                                "Plan Width": 4,
                                "Actual Startup Time": 0.022,
                                "Actual Total Time": 133.692,
                                "Actual Rows": 56150,
                                "Actual Loops": 2,
                                "Filter": "((production_year < 1969) AND (kind_id = 7))",
                                "Rows Removed by Filter": 1208006
                              }
                            ]
                          }
                        ]
                      }
                    ]
                  }
                ]
              }
            ]
          }
        ]
      }
    ]
  },
  "Planning Time": 0.388,
  "Triggers": [],
  "Execution Time": 624.982
}