{
    "Plan": {
        "Node Type": "Aggregate",
        "Strategy": "Plain",
        "Partial Mode": "Simple",
        "Parallel Aware": false,
        "Startup Cost": 2045.59,
        "Total Cost": 2045.6,
        "Plan Rows": 1,
        "Plan Width": 8,
        "Actual Startup Time": 29.44,
        "Actual Total Time": 29.445,
        "Actual Rows": 1,
        "Actual Loops": 1,
        "Output": [
            "count(*)"
        ],
        "Plans": [
            {
                "Node Type": "Nested Loop",
                "Parent Relationship": "Outer",
                "Parallel Aware": false,
                "Join Type": "Inner",
                "Startup Cost": 1045.49,
                "Total Cost": 2045.59,
                "Plan Rows": 1,
                "Plan Width": 0,
                "Actual Startup Time": 27.407,
                "Actual Total Time": 29.419,
                "Actual Rows": 1,
                "Actual Loops": 1,
                "Inner Unique": true,
                "Plans": [
                    {
                        "Node Type": "Hash Join",
                        "Parent Relationship": "Outer",
                        "Parallel Aware": false,
                        "Join Type": "Inner",
                        "Startup Cost": 1045.06,
                        "Total Cost": 2037.27,
                        "Plan Rows": 1,
                        "Plan Width": 8,
                        "Actual Startup Time": 27.369,
                        "Actual Total Time": 29.379,
                        "Actual Rows": 1,
                        "Actual Loops": 1,
                        "Output": [
                            "ci.movie_id",
                            "mk.movie_id"
                        ],
                        "Inner Unique": false,
                        "Hash Cond": "(mk.movie_id = ci.movie_id)",
                        "Plans": [
                            {
                                "Node Type": "Index Scan",
                                "Parent Relationship": "Outer",
                                "Parallel Aware": false,
                                "Scan Direction": "Forward",
                                "Index Name": "keyword_id_movie_keyword",
                                "Relation Name": "movie_keyword",
                                "Schema": "public",
                                "Alias": "mk",
                                "Startup Cost": 0.43,
                                "Total Cost": 980.12,
                                "Plan Rows": 244,
                                "Plan Width": 4,
                                "Actual Startup Time": 0.163,
                                "Actual Total Time": 9.339,
                                "Actual Rows": 3830,
                                "Actual Loops": 1,
                                "Output": [
                                    "mk.id",
                                    "mk.movie_id",
                                    "mk.keyword_id"
                                ],
                                "Index Cond": "(mk.keyword_id = 141)",
                                "Rows Removed by Index Recheck": 0
                            },
                            {
                                "Node Type": "Hash",
                                "Parent Relationship": "Inner",
                                "Parallel Aware": false,
                                "Startup Cost": 1038.33,
                                "Total Cost": 1038.33,
                                "Plan Rows": 504,
                                "Plan Width": 4,
                                "Actual Startup Time": 18.89,
                                "Actual Total Time": 18.891,
                                "Actual Rows": 70,
                                "Actual Loops": 1,
                                "Output": [
                                    "ci.movie_id"
                                ],
                                "Hash Buckets": 1024,
                                "Original Hash Buckets": 1024,
                                "Hash Batches": 1,
                                "Original Hash Batches": 1,
                                "Peak Memory Usage": 11,
                                "Plans": [
                                    {
                                        "Node Type": "Index Scan",
                                        "Parent Relationship": "Outer",
                                        "Parallel Aware": false,
                                        "Scan Direction": "Forward",
                                        "Index Name": "person_id_cast_info",
                                        "Relation Name": "cast_info",
                                        "Schema": "public",
                                        "Alias": "ci",
                                        "Startup Cost": 0.56,
                                        "Total Cost": 1038.33,
                                        "Plan Rows": 504,
                                        "Plan Width": 4,
                                        "Actual Startup Time": 18.806,
                                        "Actual Total Time": 18.851,
                                        "Actual Rows": 70,
                                        "Actual Loops": 1,
                                        "Output": [
                                            "ci.movie_id"
                                        ],
                                        "Index Cond": "(ci.person_id = 3748426)",
                                        "Rows Removed by Index Recheck": 0
                                    }
                                ]
                            }
                        ]
                    },
                    {
                        "Node Type": "Index Scan",
                        "Parent Relationship": "Inner",
                        "Parallel Aware": false,
                        "Scan Direction": "Forward",
                        "Index Name": "title_pkey",
                        "Relation Name": "title",
                        "Schema": "public",
                        "Alias": "t",
                        "Startup Cost": 0.43,
                        "Total Cost": 8.33,
                        "Plan Rows": 1,
                        "Plan Width": 4,
                        "Actual Startup Time": 0.03,
                        "Actual Total Time": 0.03,
                        "Actual Rows": 1,
                        "Actual Loops": 1,
                        "Output": [
                            "t.id",
                            "t.title",
                            "t.imdb_index",
                            "t.kind_id",
                            "t.production_year",
                            "t.imdb_id",
                            "t.phonetic_code",
                            "t.episode_of_id",
                            "t.season_nr",
                            "t.episode_nr",
                            "t.series_years",
                            "t.md5sum"
                        ],
                        "Index Cond": "(t.id = ci.movie_id)",
                        "Rows Removed by Index Recheck": 0,
                        "Filter": "((t.kind_id < 7) AND (t.production_year > 0))",
                        "Rows Removed by Filter": 0
                    }
                ]
            }
        ]
    },
    "Planning Time": 1.635,
    "Triggers": [],
    "Execution Time": 29.536
}