[
  {
    "Plan": {
      "Node Type": "Aggregate",
      "Strategy": "Plain",
      "Partial Mode": "Finalize",
      "Parallel Aware": false,
      "Startup Cost": 559588.17,
      "Total Cost": 559588.18,
      "Plan Rows": 1,
      "Plan Width": 128,
      "Actual Startup Time": 3763.107,
      "Actual Total Time": 3903.225,
      "Actual Rows": 1,
      "Actual Loops": 1,
      "Plans": [
        {
          "Node Type": "Gather",
          "Parent Relationship": "Outer",
          "Parallel Aware": false,
          "Startup Cost": 559587.83,
          "Total Cost": 559588.14,
          "Plan Rows": 3,
          "Plan Width": 128,
          "Actual Startup Time": 3749.695,
          "Actual Total Time": 3903.21,
          "Actual Rows": 4,
          "Actual Loops": 1,
          "Workers Planned": 3,
          "Workers Launched": 3,
          "Single Copy": false,
          "Plans": [
            {
              "Node Type": "Aggregate",
              "Strategy": "Plain",
              "Partial Mode": "Partial",
              "Parent Relationship": "Outer",
              "Parallel Aware": false,
              "Startup Cost": 558587.83,
              "Total Cost": 558587.84,
              "Plan Rows": 1,
              "Plan Width": 128,
              "Actual Startup Time": 3739.361,
              "Actual Total Time": 3740.611,
              "Actual Rows": 1,
              "Actual Loops": 4,
              "Plans": [
                {
                  "Node Type": "Hash Join",
                  "Parent Relationship": "Outer",
                  "Parallel Aware": true,
                  "Join Type": "Inner",
                  "Startup Cost": 542773.05,
                  "Total Cost": 558179.1,
                  "Plan Rows": 40873,
                  "Plan Width": 64,
                  "Actual Startup Time": 3597.687,
                  "Actual Total Time": 3714.882,
                  "Actual Rows": 224408,
                  "Actual Loops": 4,
                  "Inner Unique": false,
                  "Hash Cond": "(an.person_id = n.id)",
                  "Plans": [
                    {
                      "Node Type": "Seq Scan",
                      "Parent Relationship": "Outer",
                      "Parallel Aware": true,
                      "Relation Name": "aka_name",
                      "Alias": "an",
                      "Startup Cost": 0.0,
                      "Total Cost": 14303.56,
                      "Plan Rows": 290756,
                      "Plan Width": 20,
                      "Actual Startup Time": 0.036,
                      "Actual Total Time": 33.367,
                      "Actual Rows": 225336,
                      "Actual Loops": 4
                    },
                    {
                      "Node Type": "Hash",
                      "Parent Relationship": "Inner",
                      "Parallel Aware": true,
                      "Startup Cost": 542555.17,
                      "Total Cost": 542555.17,
                      "Plan Rows": 17430,
                      "Plan Width": 56,
                      "Actual Startup Time": 3593.905,
                      "Actual Total Time": 3595.153,
                      "Actual Rows": 154109,
                      "Actual Loops": 4,
                      "Hash Buckets": 1048576,
                      "Original Hash Buckets": 65536,
                      "Hash Batches": 1,
                      "Original Hash Batches": 1,
                      "Peak Memory Usage": 72736,
                      "Plans": [
                        {
                          "Node Type": "Hash Join",
                          "Parent Relationship": "Outer",
                          "Parallel Aware": true,
                          "Join Type": "Inner",
                          "Startup Cost": 511950.9,
                          "Total Cost": 542555.17,
                          "Plan Rows": 17430,
                          "Plan Width": 56,
                          "Actual Startup Time": 3236.5,
                          "Actual Total Time": 3480.753,
                          "Actual Rows": 154109,
                          "Actual Loops": 4,
                          "Inner Unique": false,
                          "Hash Cond": "(mc.movie_id = ci.movie_id)",
                          "Plans": [
                            {
                              "Node Type": "Hash Join",
                              "Parent Relationship": "Outer",
                              "Parallel Aware": true,
                              "Join Type": "Inner",
                              "Startup Cost": 5349.63,
                              "Total Cost": 34765.57,
                              "Plan Rows": 305267,
                              "Plan Width": 4,
                              "Actual Startup Time": 16.788,
                              "Actual Total Time": 179.215,
                              "Actual Rows": 288450,
                              "Actual Loops": 4,
                              "Inner Unique": true,
                              "Hash Cond": "(mc.company_id = cn.id)",
                              "Plans": [
                                {
                                  "Node Type": "Seq Scan",
                                  "Parent Relationship": "Outer",
                                  "Parallel Aware": true,
                                  "Relation Name": "movie_companies",
                                  "Alias": "mc",
                                  "Startup Cost": 0.0,
                                  "Total Cost": 27206.55,
                                  "Plan Rows": 841655,
                                  "Plan Width": 8,
                                  "Actual Startup Time": 0.017,
                                  "Actual Total Time": 63.443,
                                  "Actual Rows": 652282,
                                  "Actual Loops": 4
                                },
                                {
                                  "Node Type": "Hash",
                                  "Parent Relationship": "Inner",
                                  "Parallel Aware": true,
                                  "Startup Cost": 4722.92,
                                  "Total Cost": 4722.92,
                                  "Plan Rows": 50137,
                                  "Plan Width": 4,
                                  "Actual Startup Time": 16.08,
                                  "Actual Total Time": 16.081,
                                  "Actual Rows": 21211,
                                  "Actual Loops": 4,
                                  "Hash Buckets": 131072,
                                  "Original Hash Buckets": 131072,
                                  "Hash Batches": 1,
                                  "Original Hash Batches": 1,
                                  "Peak Memory Usage": 4416,
                                  "Plans": [
                                    {
                                      "Node Type": "Seq Scan",
                                      "Parent Relationship": "Outer",
                                      "Parallel Aware": true,
                                      "Relation Name": "company_name",
                                      "Alias": "cn",
                                      "Startup Cost": 0.0,
                                      "Total Cost": 4722.92,
                                      "Plan Rows": 50137,
                                      "Plan Width": 4,
                                      "Actual Startup Time": 0.025,
                                      "Actual Total Time": 9.627,
                                      "Actual Rows": 21211,
                                      "Actual Loops": 4,
                                      "Filter": "((country_code)::text = '[us]'::text)",
                                      "Rows Removed by Filter": 37538
                                    }
                                  ]
                                }
                              ]
                            },
                            {
                              "Node Type": "Hash",
                              "Parent Relationship": "Inner",
                              "Parallel Aware": true,
                              "Startup Cost": 506412.76,
                              "Total Cost": 506412.76,
                              "Plan Rows": 15081,
                              "Plan Width": 64,
                              "Actual Startup Time": 3218.314,
                              "Actual Total Time": 3218.324,
                              "Actual Rows": 90368,
                              "Actual Loops": 4,
                              "Hash Buckets": 524288,
                              "Original Hash Buckets": 65536,
                              "Hash Batches": 1,
                              "Original Hash Batches": 1,
                              "Peak Memory Usage": 44352,
                              "Plans": [
                                {
                                  "Node Type": "Hash Join",
                                  "Parent Relationship": "Outer",
                                  "Parallel Aware": true,
                                  "Join Type": "Inner",
                                  "Startup Cost": 461698.95,
                                  "Total Cost": 506412.76,
                                  "Plan Rows": 15081,
                                  "Plan Width": 64,
                                  "Actual Startup Time": 2873.696,
                                  "Actual Total Time": 3133.817,
                                  "Actual Rows": 90368,
                                  "Actual Loops": 4,
                                  "Inner Unique": false,
                                  "Hash Cond": "(t.id = ci.movie_id)",
                                  "Plans": [
                                    {
                                      "Node Type": "Seq Scan",
                                      "Parent Relationship": "Outer",
                                      "Parallel Aware": true,
                                      "Relation Name": "title",
                                      "Alias": "t",
                                      "Startup Cost": 0.0,
                                      "Total Cost": 42318.49,
                                      "Plan Rows": 632049,
                                      "Plan Width": 21,
                                      "Actual Startup Time": 0.029,
                                      "Actual Total Time": 97.984,
                                      "Actual Rows": 632078,
                                      "Actual Loops": 4
                                    },
                                    {
                                      "Node Type": "Hash",
                                      "Parent Relationship": "Inner",
                                      "Parallel Aware": true,
                                      "Startup Cost": 461573.28,
                                      "Total Cost": 461573.28,
                                      "Plan Rows": 10054,
                                      "Plan Width": 43,
                                      "Actual Startup Time": 2873.278,
                                      "Actual Total Time": 2873.286,
                                      "Actual Rows": 90368,
                                      "Actual Loops": 4,
                                      "Hash Buckets": 524288,
                                      "Original Hash Buckets": 65536,
                                      "Hash Batches": 1,
                                      "Original Hash Batches": 1,
                                      "Peak Memory Usage": 34976,
                                      "Plans": [
                                        {
                                          "Node Type": "Nested Loop",
                                          "Parent Relationship": "Outer",
                                          "Parallel Aware": false,
                                          "Join Type": "Inner",
                                          "Startup Cost": 71615.46,
                                          "Total Cost": 461573.28,
                                          "Plan Rows": 10054,
                                          "Plan Width": 43,
                                          "Actual Startup Time": 856.915,
                                          "Actual Total Time": 2760.267,
                                          "Actual Rows": 90368,
                                          "Actual Loops": 4,
                                          "Inner Unique": true,
                                          "Plans": [
                                            {
                                              "Node Type": "Hash Join",
                                              "Parent Relationship": "Outer",
                                              "Parallel Aware": false,
                                              "Join Type": "Inner",
                                              "Startup Cost": 71615.01,
                                              "Total Cost": 416687.71,
                                              "Plan Rows": 10054,
                                              "Plan Width": 31,
                                              "Actual Startup Time": 856.812,
                                              "Actual Total Time": 1962.052,
                                              "Actual Rows": 97579,
                                              "Actual Loops": 4,
                                              "Inner Unique": true,
                                              "Hash Cond": "(ci.role_id = rt.id)",
                                              "Plans": [
                                                {
                                                  "Node Type": "Hash Join",
                                                  "Parent Relationship": "Outer",
                                                  "Parallel Aware": true,
                                                  "Join Type": "Inner",
                                                  "Startup Cost": 71613.85,
                                                  "Total Cost": 416257.99,
                                                  "Plan Rows": 120647,
                                                  "Plan Width": 35,
                                                  "Actual Startup Time": 856.666,
                                                  "Actual Total Time": 1929.858,
                                                  "Actual Rows": 132835,
                                                  "Actual Loops": 4,
                                                  "Inner Unique": true,
                                                  "Hash Cond": "(ci.person_id = n.id)",
                                                  "Plans": [
                                                    {
                                                      "Node Type": "Seq Scan",
                                                      "Parent Relationship": "Outer",
                                                      "Parallel Aware": true,
                                                      "Relation Name": "cast_info",
                                                      "Alias": "ci",
                                                      "Startup Cost": 0.0,
                                                      "Total Cost": 343259.37,
                                                      "Plan Rows": 527534,
                                                      "Plan Width": 16,
                                                      "Actual Startup Time": 0.03,
                                                      "Actual Total Time": 1411.411,
                                                      "Actual Rows": 778755,
                                                      "Actual Loops": 4,
                                                      "Filter": "(note = ANY ('{\"(executive producer)\",(voice),(writer),(uncredited)}'::text[]))",
                                                      "Rows Removed by Filter": 8282331
                                                    },
                                                    {
                                                      "Node Type": "Hash",
                                                      "Parent Relationship": "Inner",
                                                      "Parallel Aware": true,
                                                      "Startup Cost": 68635.58,
                                                      "Total Cost": 68635.58,
                                                      "Plan Rows": 238261,
                                                      "Plan Width": 19,
                                                      "Actual Startup Time": 336.331,
                                                      "Actual Total Time": 336.332,
                                                      "Actual Rows": 240389,
                                                      "Actual Loops": 4,
                                                      "Hash Buckets": 1048576,
                                                      "Original Hash Buckets": 1048576,
                                                      "Hash Batches": 1,
                                                      "Original Hash Batches": 1,
                                                      "Peak Memory Usage": 60608,
                                                      "Plans": [
                                                        {
                                                          "Node Type": "Seq Scan",
                                                          "Parent Relationship": "Outer",
                                                          "Parallel Aware": true,
                                                          "Relation Name": "name",
                                                          "Alias": "n",
                                                          "Startup Cost": 0.0,
                                                          "Total Cost": 68635.58,
                                                          "Plan Rows": 238261,
                                                          "Plan Width": 19,
                                                          "Actual Startup Time": 94.221,
                                                          "Actual Total Time": 218.089,
                                                          "Actual Rows": 240389,
                                                          "Actual Loops": 4,
                                                          "Filter": "((gender)::text = 'f'::text)",
                                                          "Rows Removed by Filter": 801484
                                                        }
                                                      ]
                                                    }
                                                  ]
                                                },
                                                {
                                                  "Node Type": "Hash",
                                                  "Parent Relationship": "Inner",
                                                  "Parallel Aware": false,
                                                  "Startup Cost": 1.15,
                                                  "Total Cost": 1.15,
                                                  "Plan Rows": 1,
                                                  "Plan Width": 4,
                                                  "Actual Startup Time": 0.095,
                                                  "Actual Total Time": 0.096,
                                                  "Actual Rows": 1,
                                                  "Actual Loops": 4,
                                                  "Hash Buckets": 1024,
                                                  "Original Hash Buckets": 1024,
                                                  "Hash Batches": 1,
                                                  "Original Hash Batches": 1,
                                                  "Peak Memory Usage": 9,
                                                  "Plans": [
                                                    {
                                                      "Node Type": "Seq Scan",
                                                      "Parent Relationship": "Outer",
                                                      "Parallel Aware": false,
                                                      "Relation Name": "role_type",
                                                      "Alias": "rt",
                                                      "Startup Cost": 0.0,
                                                      "Total Cost": 1.15,
                                                      "Plan Rows": 1,
                                                      "Plan Width": 4,
                                                      "Actual Startup Time": 0.069,
                                                      "Actual Total Time": 0.073,
                                                      "Actual Rows": 1,
                                                      "Actual Loops": 4,
                                                      "Filter": "((role)::text = 'actress'::text)",
                                                      "Rows Removed by Filter": 11
                                                    }
                                                  ]
                                                }
                                              ]
                                            },
                                            {
                                              "Node Type": "Bitmap Heap Scan",
                                              "Parent Relationship": "Inner",
                                              "Parallel Aware": false,
                                              "Relation Name": "char_name",
                                              "Alias": "chn",
                                              "Startup Cost": 0.45,
                                              "Total Cost": 4.46,
                                              "Plan Rows": 1,
                                              "Plan Width": 20,
                                              "Actual Startup Time": 0.006,
                                              "Actual Total Time": 0.006,
                                              "Actual Rows": 1,
                                              "Actual Loops": 390315,
                                              "Recheck Cond": "(id = ci.person_role_id)",
                                              "Rows Removed by Index Recheck": 0,
                                              "Exact Heap Blocks": 80200,
                                              "Lossy Heap Blocks": 0,
                                              "Plans": [
                                                {
                                                  "Node Type": "Bitmap Index Scan",
                                                  "Parent Relationship": "Outer",
                                                  "Parallel Aware": false,
                                                  "Index Name": "char_name_pkey",
                                                  "Startup Cost": 0.0,
                                                  "Total Cost": 0.45,
                                                  "Plan Rows": 1,
                                                  "Plan Width": 0,
                                                  "Actual Startup Time": 0.004,
                                                  "Actual Total Time": 0.004,
                                                  "Actual Rows": 1,
                                                  "Actual Loops": 390315,
                                                  "Index Cond": "(id = ci.person_role_id)"
                                                }
                                              ]
                                            }
                                          ]
                                        }
                                      ]
                                    }
                                  ]
                                }
                              ]
                            }
                          ]
                        }
                      ]
                    }
                  ]
                }
              ]
            }
          ]
        }
      ]
    },
    "Planning Time": 11.526,
    "Triggers": [],
    "Execution Time": 3903.794
  }
]