{
  "Plan": {
    "Node Type": "Aggregate",
    "Strategy": "Plain",
    "Partial Mode": "Finalize",
    "Parallel Aware": false,
    "Startup Cost": 171062.45,
    "Total Cost": 171062.46,
    "Plan Rows": 1,
    "Plan Width": 8,
    "Actual Startup Time": 577.034,
    "Actual Total Time": 599.712,
    "Actual Rows": 1,
    "Actual Loops": 1,
    "Plans": [
      {
        "Node Type": "Gather",
        "Parent Relationship": "Outer",
        "Parallel Aware": false,
        "Startup Cost": 171062.34,
        "Total Cost": 171062.45,
        "Plan Rows": 1,
        "Plan Width": 8,
        "Actual Startup Time": 573.378,
        "Actual Total Time": 599.702,
        "Actual Rows": 2,
        "Actual Loops": 1,
        "Workers Planned": 1,
        "Workers Launched": 1,
        "Single Copy": false,
        "Plans": [
          {
            "Node Type": "Aggregate",
            "Strategy": "Plain",
            "Partial Mode": "Partial",
            "Parent Relationship": "Outer",
            "Parallel Aware": false,
            "Startup Cost": 170062.34,
            "Total Cost": 170062.35,
            "Plan Rows": 1,
            "Plan Width": 8,
            "Actual Startup Time": 565.786,
            "Actual Total Time": 565.792,
            "Actual Rows": 1,
            "Actual Loops": 2,
            "Plans": [
              {
                "Node Type": "Nested Loop",
                "Parent Relationship": "Outer",
                "Parallel Aware": false,
                "Join Type": "Inner",
                "Startup Cost": 76312.26,
                "Total Cost": 170008.02,
                "Plan Rows": 21725,
                "Plan Width": 0,
                "Actual Startup Time": 408.08,
                "Actual Total Time": 564.726,
                "Actual Rows": 11942,
                "Actual Loops": 2,
                "Inner Unique": false,
                "Plans": [
                  {
                    "Node Type": "Hash Join",
                    "Parent Relationship": "Outer",
                    "Parallel Aware": true,
                    "Join Type": "Inner",
                    "Startup Cost": 76311.84,
                    "Total Cost": 104445.76,
                    "Plan Rows": 120816,
                    "Plan Width": 8,
                    "Actual Startup Time": 407.984,
                    "Actual Total Time": 520.722,
                    "Actual Rows": 18158,
                    "Actual Loops": 2,
                    "Inner Unique": true,
                    "Hash Cond": "(mk.movie_id = t.id)",
                    "Plans": [
                      {
                        "Node Type": "Bitmap Heap Scan",
                        "Parent Relationship": "Outer",
                        "Parallel Aware": true,
                        "Relation Name": "movie_keyword",
                        "Alias": "mk",
                        "Startup Cost": 8773.92,
                        "Total Cost": 36269.18,
                        "Plan Rows": 243301,
                        "Plan Width": 4,
                        "Actual Startup Time": 26.75,
                        "Actual Total Time": 97.168,
                        "Actual Rows": 201982,
                        "Actual Loops": 2,
                        "Recheck Cond": "(keyword_id > 43043)",
                        "Rows Removed by Index Recheck": 0,
                        "Exact Heap Blocks": 15171,
                        "Lossy Heap Blocks": 0,
                        "Plans": [
                          {
                            "Node Type": "Bitmap Index Scan",
                            "Parent Relationship": "Outer",
                            "Parallel Aware": false,
                            "Index Name": "keyword_id_movie_keyword",
                            "Startup Cost": 0.0,
                            "Total Cost": 8670.52,
                            "Plan Rows": 413611,
                            "Plan Width": 0,
                            "Actual Startup Time": 23.383,
                            "Actual Total Time": 23.383,
                            "Actual Rows": 403964,
                            "Actual Loops": 1,
                            "Index Cond": "(keyword_id > 43043)"
                          }
                        ]
                      },
                      {
                        "Node Type": "Hash",
                        "Parent Relationship": "Inner",
                        "Parallel Aware": true,
                        "Startup Cost": 58306.47,
                        "Total Cost": 58306.47,
                        "Plan Rows": 738516,
                        "Plan Width": 4,
                        "Actual Startup Time": 366.931,
                        "Actual Total Time": 366.932,
                        "Actual Rows": 610767,
                        "Actual Loops": 2,
                        "Hash Buckets": 2097152,
                        "Original Hash Buckets": 2097152,
                        "Hash Batches": 1,
                        "Original Hash Batches": 1,
                        "Peak Memory Usage": 64192,
                        "Plans": [
                          {
                            "Node Type": "Seq Scan",
                            "Parent Relationship": "Outer",
                            "Parallel Aware": true,
                            "Relation Name": "title",
                            "Alias": "t",
                            "Startup Cost": 0.0,
                            "Total Cost": 58306.47,
                            "Plan Rows": 738516,
                            "Plan Width": 4,
                            "Actual Startup Time": 0.043,
                            "Actual Total Time": 193.367,
                            "Actual Rows": 610767,
                            "Actual Loops": 2,
                            "Filter": "((production_year < 2011) AND (kind_id = 7))",
                            "Rows Removed by Filter": 653389
                          }
                        ]
                      }
                    ]
                  },
                  {
                    "Node Type": "Index Scan",
                    "Parent Relationship": "Inner",
                    "Parallel Aware": false,
                    "Scan Direction": "Forward",
                    "Index Name": "movie_id_movie_info_idx",
                    "Relation Name": "movie_info_idx",
                    "Alias": "mi_idx",
                    "Startup Cost": 0.43,
                    "Total Cost": 0.53,
                    "Plan Rows": 1,
                    "Plan Width": 4,
                    "Actual Startup Time": 0.002,
                    "Actual Total Time": 0.002,
                    "Actual Rows": 1,
                    "Actual Loops": 36317,
                    "Index Cond": "(movie_id = t.id)",
                    "Rows Removed by Index Recheck": 0,
                    "Filter": "(info_type_id < 100)",
                    "Rows Removed by Filter": 1
                  }
                ]
              }
            ]
          }
        ]
      }
    ]
  },
  "Planning Time": 1.073,
  "Triggers": [],
  "Execution Time": 599.83
}