[
  {
    "Plan": {
      "Node Type": "Aggregate",
      "Strategy": "Plain",
      "Partial Mode": "Finalize",
      "Parallel Aware": false,
      "Startup Cost": 46484.6,
      "Total Cost": 46484.61,
      "Plan Rows": 1,
      "Plan Width": 8,
      "Actual Startup Time": 91.593,
      "Actual Total Time": 102.437,
      "Actual Rows": 1,
      "Actual Loops": 1,
      "Plans": [
        {
          "Node Type": "Gather",
          "Parent Relationship": "Outer",
          "Parallel Aware": false,
          "Startup Cost": 46484.18,
          "Total Cost": 46484.59,
          "Plan Rows": 4,
          "Plan Width": 8,
          "Actual Startup Time": 91.404,
          "Actual Total Time": 102.428,
          "Actual Rows": 5,
          "Actual Loops": 1,
          "Workers Planned": 4,
          "Workers Launched": 4,
          "Single Copy": false,
          "Plans": [
            {
              "Node Type": "Aggregate",
              "Strategy": "Plain",
              "Partial Mode": "Partial",
              "Parent Relationship": "Outer",
              "Parallel Aware": false,
              "Startup Cost": 45484.18,
              "Total Cost": 45484.19,
              "Plan Rows": 1,
              "Plan Width": 8,
              "Actual Startup Time": 84.031,
              "Actual Total Time": 84.032,
              "Actual Rows": 1,
              "Actual Loops": 5,
              "Plans": [
                {
                  "Node Type": "Seq Scan",
                  "Parent Relationship": "Outer",
                  "Parallel Aware": true,
                  "Relation Name": "title",
                  "Alias": "t",
                  "Startup Cost": 0.0,
                  "Total Cost": 45479.1,
                  "Plan Rows": 2032,
                  "Plan Width": 0,
                  "Actual Startup Time": 0.663,
                  "Actual Total Time": 83.818,
                  "Actual Rows": 1734,
                  "Actual Loops": 5,
                  "Filter": "((kind_id < 7) AND (production_year = 1989))",
                  "Rows Removed by Filter": 503929
                }
              ]
            }
          ]
        }
      ]
    },
    "Planning Time": 0.133,
    "Triggers": [],
    "Execution Time": 102.481
  }
]