[
  {
    "Plan": {
      "Node Type": "Aggregate",
      "Strategy": "Plain",
      "Partial Mode": "Finalize",
      "Parallel Aware": false,
      "Startup Cost": 143044.12,
      "Total Cost": 143044.13,
      "Plan Rows": 1,
      "Plan Width": 8,
      "Actual Startup Time": 1272.291,
      "Actual Total Time": 1304.821,
      "Actual Rows": 1,
      "Actual Loops": 1,
      "Plans": [
        {
          "Node Type": "Gather",
          "Parent Relationship": "Outer",
          "Parallel Aware": false,
          "Startup Cost": 143043.8,
          "Total Cost": 143044.11,
          "Plan Rows": 3,
          "Plan Width": 8,
          "Actual Startup Time": 1261.226,
          "Actual Total Time": 1304.809,
          "Actual Rows": 4,
          "Actual Loops": 1,
          "Workers Planned": 3,
          "Workers Launched": 3,
          "Single Copy": false,
          "Plans": [
            {
              "Node Type": "Aggregate",
              "Strategy": "Plain",
              "Partial Mode": "Partial",
              "Parent Relationship": "Outer",
              "Parallel Aware": false,
              "Startup Cost": 142043.8,
              "Total Cost": 142043.81,
              "Plan Rows": 1,
              "Plan Width": 8,
              "Actual Startup Time": 1249.223,
              "Actual Total Time": 1249.227,
              "Actual Rows": 1,
              "Actual Loops": 4,
              "Plans": [
                {
                  "Node Type": "Nested Loop",
                  "Parent Relationship": "Outer",
                  "Parallel Aware": false,
                  "Join Type": "Inner",
                  "Startup Cost": 52438.47,
                  "Total Cost": 141549.37,
                  "Plan Rows": 197772,
                  "Plan Width": 0,
                  "Actual Startup Time": 395.989,
                  "Actual Total Time": 1159.902,
                  "Actual Rows": 1815565,
                  "Actual Loops": 4,
                  "Inner Unique": false,
                  "Plans": [
                    {
                      "Node Type": "Hash Join",
                      "Parent Relationship": "Outer",
                      "Parallel Aware": true,
                      "Join Type": "Inner",
                      "Startup Cost": 52438.03,
                      "Total Cost": 77401.47,
                      "Plan Rows": 33682,
                      "Plan Width": 8,
                      "Actual Startup Time": 395.787,
                      "Actual Total Time": 435.021,
                      "Actual Rows": 25850,
                      "Actual Loops": 4,
                      "Inner Unique": true,
                      "Hash Cond": "(mk.movie_id = t.id)",
                      "Plans": [
                        {
                          "Node Type": "Bitmap Heap Scan",
                          "Parent Relationship": "Outer",
                          "Parallel Aware": true,
                          "Relation Name": "movie_keyword",
                          "Alias": "mk",
                          "Startup Cost": 2217.65,
                          "Total Cost": 27092.68,
                          "Plan Rows": 33682,
                          "Plan Width": 4,
                          "Actual Startup Time": 11.01,
                          "Actual Total Time": 33.666,
                          "Actual Rows": 25850,
                          "Actual Loops": 4,
                          "Recheck Cond": "(keyword_id > 81474)",
                          "Rows Removed by Index Recheck": 0,
                          "Exact Heap Blocks": 5194,
                          "Lossy Heap Blocks": 0,
                          "Plans": [
                            {
                              "Node Type": "Bitmap Index Scan",
                              "Parent Relationship": "Outer",
                              "Parallel Aware": false,
                              "Index Name": "keyword_id_movie_keyword",
                              "Startup Cost": 0.0,
                              "Total Cost": 2191.55,
                              "Plan Rows": 104415,
                              "Plan Width": 0,
                              "Actual Startup Time": 8.313,
                              "Actual Total Time": 8.314,
                              "Actual Rows": 103398,
                              "Actual Loops": 1,
                              "Index Cond": "(keyword_id > 81474)"
                            }
                          ]
                        },
                        {
                          "Node Type": "Hash",
                          "Parent Relationship": "Inner",
                          "Parallel Aware": true,
                          "Startup Cost": 42319.06,
                          "Total Cost": 42319.06,
                          "Plan Rows": 632106,
                          "Plan Width": 4,
                          "Actual Startup Time": 376.306,
                          "Actual Total Time": 376.307,
                          "Actual Rows": 632078,
                          "Actual Loops": 4,
                          "Hash Buckets": 4194304,
                          "Original Hash Buckets": 4194304,
                          "Hash Batches": 1,
                          "Original Hash Batches": 1,
                          "Peak Memory Usage": 131712,
                          "Plans": [
                            {
                              "Node Type": "Seq Scan",
                              "Parent Relationship": "Outer",
                              "Parallel Aware": true,
                              "Relation Name": "title",
                              "Alias": "t",
                              "Startup Cost": 0.0,
                              "Total Cost": 42319.06,
                              "Plan Rows": 632106,
                              "Plan Width": 4,
                              "Actual Startup Time": 0.048,
                              "Actual Total Time": 111.784,
                              "Actual Rows": 632078,
                              "Actual Loops": 4
                            }
                          ]
                        }
                      ]
                    },
                    {
                      "Node Type": "Index Only Scan",
                      "Parent Relationship": "Inner",
                      "Parallel Aware": false,
                      "Scan Direction": "Forward",
                      "Index Name": "movie_id_movie_info",
                      "Relation Name": "movie_info",
                      "Alias": "mi",
                      "Startup Cost": 0.43,
                      "Total Cost": 1.49,
                      "Plan Rows": 41,
                      "Plan Width": 4,
                      "Actual Startup Time": 0.005,
                      "Actual Total Time": 0.023,
                      "Actual Rows": 70,
                      "Actual Loops": 103398,
                      "Index Cond": "(movie_id = t.id)",
                      "Rows Removed by Index Recheck": 0,
                      "Heap Fetches": 7262259
                    }
                  ]
                }
              ]
            }
          ]
        }
      ]
    },
    "Planning Time": 0.536,
    "Triggers": [],
    "Execution Time": 1304.88
  }
]