{
  "Plan": {
    "Node Type": "Aggregate",
    "Strategy": "Plain",
    "Partial Mode": "Finalize",
    "Parallel Aware": false,
    "Startup Cost": 501250.58,
    "Total Cost": 501250.59,
    "Plan Rows": 1,
    "Plan Width": 8,
    "Actual Startup Time": 191.782,
    "Actual Total Time": 210.554,
    "Actual Rows": 1,
    "Actual Loops": 1,
    "Plans": [
      {
        "Node Type": "Gather",
        "Parent Relationship": "Outer",
        "Parallel Aware": false,
        "Startup Cost": 501250.46,
        "Total Cost": 501250.57,
        "Plan Rows": 1,
        "Plan Width": 8,
        "Actual Startup Time": 191.657,
        "Actual Total Time": 210.546,
        "Actual Rows": 2,
        "Actual Loops": 1,
        "Workers Planned": 1,
        "Workers Launched": 1,
        "Single Copy": false,
        "Plans": [
          {
            "Node Type": "Aggregate",
            "Strategy": "Plain",
            "Partial Mode": "Partial",
            "Parent Relationship": "Outer",
            "Parallel Aware": false,
            "Startup Cost": 500250.46,
            "Total Cost": 500250.47,
            "Plan Rows": 1,
            "Plan Width": 8,
            "Actual Startup Time": 185.708,
            "Actual Total Time": 185.709,
            "Actual Rows": 1,
            "Actual Loops": 2,
            "Plans": [
              {
                "Node Type": "Nested Loop",
                "Parent Relationship": "Outer",
                "Parallel Aware": false,
                "Join Type": "Inner",
                "Startup Cost": 0.56,
                "Total Cost": 500092.49,
                "Plan Rows": 63191,
                "Plan Width": 0,
                "Actual Startup Time": 82.753,
                "Actual Total Time": 185.298,
                "Actual Rows": 4516,
                "Actual Loops": 2,
                "Inner Unique": false,
                "Plans": [
                  {
                    "Node Type": "Seq Scan",
                    "Parent Relationship": "Outer",
                    "Parallel Aware": true,
                    "Relation Name": "title",
                    "Alias": "t",
                    "Startup Cost": 0.0,
                    "Total Cost": 54588.39,
                    "Plan Rows": 4410,
                    "Plan Width": 4,
                    "Actual Startup Time": 82.604,
                    "Actual Total Time": 152.483,
                    "Actual Rows": 3844,
                    "Actual Loops": 2,
                    "Filter": "(production_year < 1901)",
                    "Rows Removed by Filter": 1260312
                  },
                  {
                    "Node Type": "Index Only Scan",
                    "Parent Relationship": "Inner",
                    "Parallel Aware": false,
                    "Scan Direction": "Forward",
                    "Index Name": "movie_id_cast_info",
                    "Relation Name": "cast_info",
                    "Alias": "ci",
                    "Startup Cost": 0.56,
                    "Total Cost": 100.65,
                    "Plan Rows": 37,
                    "Plan Width": 4,
                    "Actual Startup Time": 0.007,
                    "Actual Total Time": 0.008,
                    "Actual Rows": 1,
                    "Actual Loops": 7688,
                    "Index Cond": "(movie_id = t.id)",
                    "Rows Removed by Index Recheck": 0,
                    "Heap Fetches": 9032
                  }
                ]
              }
            ]
          }
        ]
      }
    ]
  },
  "Planning Time": 0.379,
  "Triggers": [],
  "Execution Time": 210.614
}