[
  {
    "Plan": {
      "Node Type": "Aggregate",
      "Strategy": "Plain",
      "Partial Mode": "Finalize",
      "Parallel Aware": false,
      "Startup Cost": 378305.82,
      "Total Cost": 378305.83,
      "Plan Rows": 1,
      "Plan Width": 8,
      "Actual Startup Time": 1438.032,
      "Actual Total Time": 1498.487,
      "Actual Rows": 1,
      "Actual Loops": 1,
      "Plans": [
        {
          "Node Type": "Gather",
          "Parent Relationship": "Outer",
          "Parallel Aware": false,
          "Startup Cost": 378305.19,
          "Total Cost": 378305.8,
          "Plan Rows": 6,
          "Plan Width": 8,
          "Actual Startup Time": 1434.921,
          "Actual Total Time": 1498.462,
          "Actual Rows": 7,
          "Actual Loops": 1,
          "Workers Planned": 6,
          "Workers Launched": 6,
          "Single Copy": false,
          "Plans": [
            {
              "Node Type": "Aggregate",
              "Strategy": "Plain",
              "Partial Mode": "Partial",
              "Parent Relationship": "Outer",
              "Parallel Aware": false,
              "Startup Cost": 377305.19,
              "Total Cost": 377305.2,
              "Plan Rows": 1,
              "Plan Width": 8,
              "Actual Startup Time": 1424.086,
              "Actual Total Time": 1424.089,
              "Actual Rows": 1,
              "Actual Loops": 7,
              "Plans": [
                {
                  "Node Type": "Hash Join",
                  "Parent Relationship": "Outer",
                  "Parallel Aware": true,
                  "Join Type": "Inner",
                  "Startup Cost": 46478.67,
                  "Total Cost": 375395.47,
                  "Plan Rows": 763888,
                  "Plan Width": 0,
                  "Actual Startup Time": 94.446,
                  "Actual Total Time": 1405.808,
                  "Actual Rows": 351601,
                  "Actual Loops": 7,
                  "Inner Unique": true,
                  "Hash Cond": "(ci.movie_id = t.id)",
                  "Plans": [
                    {
                      "Node Type": "Seq Scan",
                      "Parent Relationship": "Outer",
                      "Parallel Aware": true,
                      "Relation Name": "cast_info",
                      "Alias": "ci",
                      "Startup Cost": 0.0,
                      "Total Cost": 313067.02,
                      "Plan Rows": 6038002,
                      "Plan Width": 4,
                      "Actual Startup Time": 0.022,
                      "Actual Total Time": 570.964,
                      "Actual Rows": 5177763,
                      "Actual Loops": 7
                    },
                    {
                      "Node Type": "Hash",
                      "Parent Relationship": "Inner",
                      "Parallel Aware": true,
                      "Startup Cost": 45479.1,
                      "Total Cost": 45479.1,
                      "Plan Rows": 79966,
                      "Plan Width": 4,
                      "Actual Startup Time": 91.986,
                      "Actual Total Time": 91.987,
                      "Actual Rows": 31087,
                      "Actual Loops": 7,
                      "Hash Buckets": 524288,
                      "Original Hash Buckets": 524288,
                      "Hash Batches": 1,
                      "Original Hash Batches": 1,
                      "Peak Memory Usage": 12736,
                      "Plans": [
                        {
                          "Node Type": "Seq Scan",
                          "Parent Relationship": "Outer",
                          "Parallel Aware": true,
                          "Relation Name": "title",
                          "Alias": "t",
                          "Startup Cost": 0.0,
                          "Total Cost": 45479.1,
                          "Plan Rows": 79966,
                          "Plan Width": 4,
                          "Actual Startup Time": 0.046,
                          "Actual Total Time": 76.629,
                          "Actual Rows": 31087,
                          "Actual Loops": 7,
                          "Filter": "((production_year < 1982) AND (kind_id = 7))",
                          "Rows Removed by Filter": 330100
                        }
                      ]
                    }
                  ]
                }
              ]
            }
          ]
        }
      ]
    },
    "Planning Time": 0.592,
    "Triggers": [],
    "Execution Time": 1498.574
  }
]