{
  "Plan": {
    "Node Type": "Aggregate",
    "Strategy": "Plain",
    "Partial Mode": "Finalize",
    "Parallel Aware": false,
    "Startup Cost": 83050.48,
    "Total Cost": 83050.49,
    "Plan Rows": 1,
    "Plan Width": 8,
    "Actual Startup Time": 259.154,
    "Actual Total Time": 272.879,
    "Actual Rows": 1,
    "Actual Loops": 1,
    "Plans": [
      {
        "Node Type": "Gather",
        "Parent Relationship": "Outer",
        "Parallel Aware": false,
        "Startup Cost": 83050.37,
        "Total Cost": 83050.48,
        "Plan Rows": 1,
        "Plan Width": 8,
        "Actual Startup Time": 258.375,
        "Actual Total Time": 272.865,
        "Actual Rows": 2,
        "Actual Loops": 1,
        "Workers Planned": 1,
        "Workers Launched": 1,
        "Single Copy": false,
        "Plans": [
          {
            "Node Type": "Aggregate",
            "Strategy": "Plain",
            "Partial Mode": "Partial",
            "Parent Relationship": "Outer",
            "Parallel Aware": false,
            "Startup Cost": 82050.37,
            "Total Cost": 82050.38,
            "Plan Rows": 1,
            "Plan Width": 8,
            "Actual Startup Time": 252.377,
            "Actual Total Time": 252.383,
            "Actual Rows": 1,
            "Actual Loops": 2,
            "Plans": [
              {
                "Node Type": "Hash Join",
                "Parent Relationship": "Outer",
                "Parallel Aware": true,
                "Join Type": "Inner",
                "Startup Cost": 23563.45,
                "Total Cost": 81974.74,
                "Plan Rows": 30251,
                "Plan Width": 0,
                "Actual Startup Time": 66.257,
                "Actual Total Time": 251.691,
                "Actual Rows": 10727,
                "Actual Loops": 2,
                "Inner Unique": false,
                "Hash Cond": "(t.id = mc.movie_id)",
                "Plans": [
                  {
                    "Node Type": "Seq Scan",
                    "Parent Relationship": "Outer",
                    "Parallel Aware": true,
                    "Relation Name": "title",
                    "Alias": "t",
                    "Startup Cost": 0.0,
                    "Total Cost": 54588.39,
                    "Plan Rows": 583193,
                    "Plan Width": 4,
                    "Actual Startup Time": 0.012,
                    "Actual Total Time": 124.238,
                    "Actual Rows": 492524,
                    "Actual Loops": 2,
                    "Filter": "(kind_id < 7)",
                    "Rows Removed by Filter": 771632
                  },
                  {
                    "Node Type": "Hash",
                    "Parent Relationship": "Inner",
                    "Parallel Aware": true,
                    "Startup Cost": 22599.14,
                    "Total Cost": 22599.14,
                    "Plan Rows": 77145,
                    "Plan Width": 4,
                    "Actual Startup Time": 62.74,
                    "Actual Total Time": 62.742,
                    "Actual Rows": 67404,
                    "Actual Loops": 2,
                    "Hash Buckets": 262144,
                    "Original Hash Buckets": 262144,
                    "Hash Batches": 1,
                    "Original Hash Batches": 1,
                    "Peak Memory Usage": 7360,
                    "Plans": [
                      {
                        "Node Type": "Bitmap Heap Scan",
                        "Parent Relationship": "Outer",
                        "Parallel Aware": true,
                        "Relation Name": "movie_companies",
                        "Alias": "mc",
                        "Startup Cost": 2844.82,
                        "Total Cost": 22599.14,
                        "Plan Rows": 77145,
                        "Plan Width": 4,
                        "Actual Startup Time": 14.514,
                        "Actual Total Time": 44.9,
                        "Actual Rows": 67404,
                        "Actual Loops": 2,
                        "Recheck Cond": "(company_id < 27)",
                        "Rows Removed by Index Recheck": 0,
                        "Exact Heap Blocks": 8485,
                        "Lossy Heap Blocks": 0,
                        "Plans": [
                          {
                            "Node Type": "Bitmap Index Scan",
                            "Parent Relationship": "Outer",
                            "Parallel Aware": false,
                            "Index Name": "company_id_movie_companies",
                            "Startup Cost": 0.0,
                            "Total Cost": 2812.03,
                            "Plan Rows": 131147,
                            "Plan Width": 0,
                            "Actual Startup Time": 13.897,
                            "Actual Total Time": 13.898,
                            "Actual Rows": 134807,
                            "Actual Loops": 1,
                            "Index Cond": "(company_id < 27)"
                          }
                        ]
                      }
                    ]
                  }
                ]
              }
            ]
          }
        ]
      }
    ]
  },
  "Planning Time": 0.623,
  "Triggers": [],
  "Execution Time": 272.98
}