[
  {
    "Plan": {
      "Node Type": "Aggregate",
      "Strategy": "Plain",
      "Partial Mode": "Finalize",
      "Parallel Aware": false,
      "Startup Cost": 44524.19,
      "Total Cost": 44524.2,
      "Plan Rows": 1,
      "Plan Width": 8,
      "Actual Startup Time": 135.676,
      "Actual Total Time": 146.272,
      "Actual Rows": 1,
      "Actual Loops": 1,
      "Plans": [
        {
          "Node Type": "Gather",
          "Parent Relationship": "Outer",
          "Parallel Aware": false,
          "Startup Cost": 44523.87,
          "Total Cost": 44524.18,
          "Plan Rows": 3,
          "Plan Width": 8,
          "Actual Startup Time": 135.561,
          "Actual Total Time": 146.265,
          "Actual Rows": 4,
          "Actual Loops": 1,
          "Workers Planned": 3,
          "Workers Launched": 3,
          "Single Copy": false,
          "Plans": [
            {
              "Node Type": "Aggregate",
              "Strategy": "Plain",
              "Partial Mode": "Partial",
              "Parent Relationship": "Outer",
              "Parallel Aware": false,
              "Startup Cost": 43523.87,
              "Total Cost": 43523.88,
              "Plan Rows": 1,
              "Plan Width": 8,
              "Actual Startup Time": 126.921,
              "Actual Total Time": 126.922,
              "Actual Rows": 1,
              "Actual Loops": 4,
              "Plans": [
                {
                  "Node Type": "Seq Scan",
                  "Parent Relationship": "Outer",
                  "Parallel Aware": true,
                  "Relation Name": "movie_keyword",
                  "Alias": "mk",
                  "Startup Cost": 0.0,
                  "Total Cost": 42695.65,
                  "Plan Rows": 331286,
                  "Plan Width": 0,
                  "Actual Startup Time": 3.529,
                  "Actual Total Time": 112.822,
                  "Actual Rows": 255588,
                  "Actual Loops": 4,
                  "Filter": "(keyword_id > 17563)",
                  "Rows Removed by Filter": 875395
                }
              ]
            }
          ]
        }
      ]
    },
    "Planning Time": 0.151,
    "Triggers": [],
    "Execution Time": 146.323
  }
]