[
  {
    "Plan": {
      "Node Type": "Aggregate",
      "Strategy": "Plain",
      "Partial Mode": "Finalize",
      "Parallel Aware": false,
      "Startup Cost": 45801.41,
      "Total Cost": 45801.42,
      "Plan Rows": 1,
      "Plan Width": 8,
      "Actual Startup Time": 114.76,
      "Actual Total Time": 126.425,
      "Actual Rows": 1,
      "Actual Loops": 1,
      "Plans": [
        {
          "Node Type": "Gather",
          "Parent Relationship": "Outer",
          "Parallel Aware": false,
          "Startup Cost": 45800.99,
          "Total Cost": 45801.4,
          "Plan Rows": 4,
          "Plan Width": 8,
          "Actual Startup Time": 114.464,
          "Actual Total Time": 126.415,
          "Actual Rows": 5,
          "Actual Loops": 1,
          "Workers Planned": 4,
          "Workers Launched": 4,
          "Single Copy": false,
          "Plans": [
            {
              "Node Type": "Aggregate",
              "Strategy": "Plain",
              "Partial Mode": "Partial",
              "Parent Relationship": "Outer",
              "Parallel Aware": false,
              "Startup Cost": 44800.99,
              "Total Cost": 44801.0,
              "Plan Rows": 1,
              "Plan Width": 8,
              "Actual Startup Time": 107.867,
              "Actual Total Time": 107.87,
              "Actual Rows": 1,
              "Actual Loops": 5,
              "Plans": [
                {
                  "Node Type": "Seq Scan",
                  "Parent Relationship": "Outer",
                  "Parallel Aware": true,
                  "Relation Name": "title",
                  "Alias": "t",
                  "Startup Cost": 0.0,
                  "Total Cost": 43899.32,
                  "Plan Rows": 360666,
                  "Plan Width": 0,
                  "Actual Startup Time": 0.046,
                  "Actual Total Time": 93.491,
                  "Actual Rows": 286893,
                  "Actual Loops": 5,
                  "Filter": "(production_year > 1999)",
                  "Rows Removed by Filter": 218769
                }
              ]
            }
          ]
        }
      ]
    },
    "Planning Time": 0.076,
    "Triggers": [],
    "Execution Time": 126.455
  }
]