{
  "Plan": {
    "Node Type": "Aggregate",
    "Strategy": "Plain",
    "Partial Mode": "Finalize",
    "Parallel Aware": false,
    "Startup Cost": 68081.39,
    "Total Cost": 68081.4,
    "Plan Rows": 1,
    "Plan Width": 8,
    "Actual Startup Time": 152.621,
    "Actual Total Time": 165.633,
    "Actual Rows": 1,
    "Actual Loops": 1,
    "Plans": [
      {
        "Node Type": "Gather",
        "Parent Relationship": "Outer",
        "Parallel Aware": false,
        "Startup Cost": 68081.28,
        "Total Cost": 68081.39,
        "Plan Rows": 1,
        "Plan Width": 8,
        "Actual Startup Time": 152.497,
        "Actual Total Time": 165.626,
        "Actual Rows": 2,
        "Actual Loops": 1,
        "Workers Planned": 1,
        "Workers Launched": 1,
        "Single Copy": false,
        "Plans": [
          {
            "Node Type": "Aggregate",
            "Strategy": "Plain",
            "Partial Mode": "Partial",
            "Parent Relationship": "Outer",
            "Parallel Aware": false,
            "Startup Cost": 67081.28,
            "Total Cost": 67081.29,
            "Plan Rows": 1,
            "Plan Width": 8,
            "Actual Startup Time": 146.698,
            "Actual Total Time": 146.699,
            "Actual Rows": 1,
            "Actual Loops": 2,
            "Plans": [
              {
                "Node Type": "Nested Loop",
                "Parent Relationship": "Outer",
                "Parallel Aware": false,
                "Join Type": "Inner",
                "Startup Cost": 0.43,
                "Total Cost": 67079.69,
                "Plan Rows": 636,
                "Plan Width": 0,
                "Actual Startup Time": 13.314,
                "Actual Total Time": 146.564,
                "Actual Rows": 1807,
                "Actual Loops": 2,
                "Inner Unique": false,
                "Plans": [
                  {
                    "Node Type": "Seq Scan",
                    "Parent Relationship": "Outer",
                    "Parallel Aware": true,
                    "Relation Name": "title",
                    "Alias": "t",
                    "Startup Cost": 0.0,
                    "Total Cost": 58306.47,
                    "Plan Rows": 1166,
                    "Plan Width": 4,
                    "Actual Startup Time": 4.401,
                    "Actual Total Time": 135.279,
                    "Actual Rows": 1586,
                    "Actual Loops": 2,
                    "Filter": "((kind_id < 7) AND (production_year = 1953))",
                    "Rows Removed by Filter": 1262570
                  },
                  {
                    "Node Type": "Index Only Scan",
                    "Parent Relationship": "Inner",
                    "Parallel Aware": false,
                    "Scan Direction": "Forward",
                    "Index Name": "movie_id_movie_info_idx",
                    "Relation Name": "movie_info_idx",
                    "Alias": "mi_idx",
                    "Startup Cost": 0.43,
                    "Total Cost": 7.49,
                    "Plan Rows": 3,
                    "Plan Width": 4,
                    "Actual Startup Time": 0.006,
                    "Actual Total Time": 0.007,
                    "Actual Rows": 1,
                    "Actual Loops": 3172,
                    "Index Cond": "(movie_id = t.id)",
                    "Rows Removed by Index Recheck": 0,
                    "Heap Fetches": 3614
                  }
                ]
              }
            ]
          }
        ]
      }
    ]
  },
  "Planning Time": 0.406,
  "Triggers": [],
  "Execution Time": 165.7
}