[
  {
    "Plan": {
      "Node Type": "Aggregate",
      "Strategy": "Plain",
      "Partial Mode": "Finalize",
      "Parallel Aware": false,
      "Startup Cost": 330667.04,
      "Total Cost": 330667.05,
      "Plan Rows": 1,
      "Plan Width": 8,
      "Actual Startup Time": 550.117,
      "Actual Total Time": 612.373,
      "Actual Rows": 1,
      "Actual Loops": 1,
      "Plans": [
        {
          "Node Type": "Gather",
          "Parent Relationship": "Outer",
          "Parallel Aware": false,
          "Startup Cost": 330666.41,
          "Total Cost": 330667.02,
          "Plan Rows": 6,
          "Plan Width": 8,
          "Actual Startup Time": 549.941,
          "Actual Total Time": 612.362,
          "Actual Rows": 7,
          "Actual Loops": 1,
          "Workers Planned": 6,
          "Workers Launched": 6,
          "Single Copy": false,
          "Plans": [
            {
              "Node Type": "Aggregate",
              "Strategy": "Plain",
              "Partial Mode": "Partial",
              "Parent Relationship": "Outer",
              "Parallel Aware": false,
              "Startup Cost": 329666.41,
              "Total Cost": 329666.42,
              "Plan Rows": 1,
              "Plan Width": 8,
              "Actual Startup Time": 542.66,
              "Actual Total Time": 542.662,
              "Actual Rows": 1,
              "Actual Loops": 7,
              "Plans": [
                {
                  "Node Type": "Seq Scan",
                  "Parent Relationship": "Outer",
                  "Parallel Aware": true,
                  "Relation Name": "cast_info",
                  "Alias": "ci",
                  "Startup Cost": 0.0,
                  "Total Cost": 328211.39,
                  "Plan Rows": 582008,
                  "Plan Width": 0,
                  "Actual Startup Time": 0.045,
                  "Actual Total Time": 517.169,
                  "Actual Rows": 517405,
                  "Actual Loops": 7,
                  "Filter": "(person_id < 347032)",
                  "Rows Removed by Filter": 4660358
                }
              ]
            }
          ]
        }
      ]
    },
    "Planning Time": 0.205,
    "Triggers": [],
    "Execution Time": 612.445
  }
]