[
  {
    "Plan": {
      "Node Type": "Aggregate",
      "Strategy": "Plain",
      "Partial Mode": "Finalize",
      "Parallel Aware": false,
      "Startup Cost": 30678.64,
      "Total Cost": 30678.65,
      "Plan Rows": 1,
      "Plan Width": 8,
      "Actual Startup Time": 85.12,
      "Actual Total Time": 92.797,
      "Actual Rows": 1,
      "Actual Loops": 1,
      "Plans": [
        {
          "Node Type": "Gather",
          "Parent Relationship": "Outer",
          "Parallel Aware": false,
          "Startup Cost": 30678.33,
          "Total Cost": 30678.64,
          "Plan Rows": 3,
          "Plan Width": 8,
          "Actual Startup Time": 85.018,
          "Actual Total Time": 92.79,
          "Actual Rows": 4,
          "Actual Loops": 1,
          "Workers Planned": 3,
          "Workers Launched": 3,
          "Single Copy": false,
          "Plans": [
            {
              "Node Type": "Aggregate",
              "Strategy": "Plain",
              "Partial Mode": "Partial",
              "Parent Relationship": "Outer",
              "Parallel Aware": false,
              "Startup Cost": 29678.33,
              "Total Cost": 29678.34,
              "Plan Rows": 1,
              "Plan Width": 8,
              "Actual Startup Time": 77.967,
              "Actual Total Time": 77.968,
              "Actual Rows": 1,
              "Actual Loops": 4,
              "Plans": [
                {
                  "Node Type": "Seq Scan",
                  "Parent Relationship": "Outer",
                  "Parallel Aware": true,
                  "Relation Name": "movie_companies",
                  "Alias": "mc",
                  "Startup Cost": 0.0,
                  "Total Cost": 29310.68,
                  "Plan Rows": 147058,
                  "Plan Width": 0,
                  "Actual Startup Time": 45.456,
                  "Actual Total Time": 73.076,
                  "Actual Rows": 115572,
                  "Actual Loops": 4,
                  "Filter": "(company_id > 76410)",
                  "Rows Removed by Filter": 536710
                }
              ]
            }
          ]
        }
      ]
    },
    "Planning Time": 0.186,
    "Triggers": [],
    "Execution Time": 92.854
  }
]