[
    {
        "Bao": {
            "Bao prediction": "NaN",
            "Bao recommended hint": "(no hint)"
        }
    },
    {
        "Plan": {
            "Node Type": "Aggregate",
            "Strategy": "Plain",
            "Partial Mode": "Finalize",
            "Parallel Aware": false,
            "Startup Cost": 31325.53,
            "Total Cost": 31325.54,
            "Plan Rows": 1,
            "Plan Width": 8,
            "Actual Startup Time": 94.992,
            "Actual Total Time": 99.797,
            "Actual Rows": 1,
            "Actual Loops": 1,
            "Output": [
                "count(*)"
            ],
            "Plans": [
                {
                    "Node Type": "Gather",
                    "Parent Relationship": "Outer",
                    "Parallel Aware": false,
                    "Startup Cost": 31325.21,
                    "Total Cost": 31325.52,
                    "Plan Rows": 3,
                    "Plan Width": 8,
                    "Actual Startup Time": 94.905,
                    "Actual Total Time": 99.792,
                    "Actual Rows": 4,
                    "Actual Loops": 1,
                    "Output": [
                        "(PARTIAL count(*))"
                    ],
                    "Workers Planned": 3,
                    "Workers Launched": 3,
                    "Single Copy": false,
                    "Plans": [
                        {
                            "Node Type": "Aggregate",
                            "Strategy": "Plain",
                            "Partial Mode": "Partial",
                            "Parent Relationship": "Outer",
                            "Parallel Aware": false,
                            "Startup Cost": 30325.21,
                            "Total Cost": 30325.22,
                            "Plan Rows": 1,
                            "Plan Width": 8,
                            "Actual Startup Time": 86.928,
                            "Actual Total Time": 86.929,
                            "Actual Rows": 1,
                            "Actual Loops": 4,
                            "Output": [
                                "PARTIAL count(*)"
                            ],
                            "Workers": [
                                {
                                    "Worker Number": 0,
                                    "Actual Startup Time": 84.256,
                                    "Actual Total Time": 84.257,
                                    "Actual Rows": 1,
                                    "Actual Loops": 1
                                },
                                {
                                    "Worker Number": 1,
                                    "Actual Startup Time": 84.347,
                                    "Actual Total Time": 84.349,
                                    "Actual Rows": 1,
                                    "Actual Loops": 1
                                },
                                {
                                    "Worker Number": 2,
                                    "Actual Startup Time": 84.479,
                                    "Actual Total Time": 84.48,
                                    "Actual Rows": 1,
                                    "Actual Loops": 1
                                }
                            ],
                            "Plans": [
                                {
                                    "Node Type": "Seq Scan",
                                    "Parent Relationship": "Outer",
                                    "Parallel Aware": true,
                                    "Relation Name": "movie_companies",
                                    "Schema": "public",
                                    "Alias": "mc",
                                    "Startup Cost": 0.0,
                                    "Total Cost": 29310.68,
                                    "Plan Rows": 405813,
                                    "Plan Width": 0,
                                    "Actual Startup Time": 14.06,
                                    "Actual Total Time": 72.757,
                                    "Actual Rows": 315891,
                                    "Actual Loops": 4,
                                    "Output": [
                                        "id",
                                        "movie_id",
                                        "company_id",
                                        "company_type_id",
                                        "note"
                                    ],
                                    "Filter": "(mc.company_id > 11531)",
                                    "Rows Removed by Filter": 336391,
                                    "Workers": [
                                        {
                                            "Worker Number": 0,
                                            "Actual Startup Time": 11.381,
                                            "Actual Total Time": 70.37,
                                            "Actual Rows": 290460,
                                            "Actual Loops": 1
                                        },
                                        {
                                            "Worker Number": 1,
                                            "Actual Startup Time": 11.502,
                                            "Actual Total Time": 70.411,
                                            "Actual Rows": 291204,
                                            "Actual Loops": 1
                                        },
                                        {
                                            "Worker Number": 2,
                                            "Actual Startup Time": 11.617,
                                            "Actual Total Time": 70.884,
                                            "Actual Rows": 278171,
                                            "Actual Loops": 1
                                        }
                                    ]
                                }
                            ]
                        }
                    ]
                }
            ]
        },
        "Planning Time": 187.06,
        "Triggers": [],
        "Execution Time": 99.842
    }
]