{
  "Plan": {
    "Node Type": "Aggregate",
    "Strategy": "Plain",
    "Partial Mode": "Finalize",
    "Parallel Aware": false,
    "Startup Cost": 825631.9,
    "Total Cost": 825631.91,
    "Plan Rows": 1,
    "Plan Width": 8,
    "Actual Startup Time": 10335.458,
    "Actual Total Time": 10443.719,
    "Actual Rows": 1,
    "Actual Loops": 1,
    "Plans": [
      {
        "Node Type": "Gather",
        "Parent Relationship": "Outer",
        "Parallel Aware": false,
        "Startup Cost": 825631.79,
        "Total Cost": 825631.9,
        "Plan Rows": 1,
        "Plan Width": 8,
        "Actual Startup Time": 10311.511,
        "Actual Total Time": 10443.708,
        "Actual Rows": 2,
        "Actual Loops": 1,
        "Workers Planned": 1,
        "Workers Launched": 1,
        "Single Copy": false,
        "Plans": [
          {
            "Node Type": "Aggregate",
            "Strategy": "Plain",
            "Partial Mode": "Partial",
            "Parent Relationship": "Outer",
            "Parallel Aware": false,
            "Startup Cost": 824631.79,
            "Total Cost": 824631.8,
            "Plan Rows": 1,
            "Plan Width": 8,
            "Actual Startup Time": 10289.856,
            "Actual Total Time": 10292.539,
            "Actual Rows": 1,
            "Actual Loops": 2,
            "Plans": [
              {
                "Node Type": "Hash Join",
                "Parent Relationship": "Outer",
                "Parallel Aware": true,
                "Join Type": "Inner",
                "Startup Cost": 699479.44,
                "Total Cost": 808821.82,
                "Plan Rows": 6323988,
                "Plan Width": 0,
                "Actual Startup Time": 7664.848,
                "Actual Total Time": 9525.391,
                "Actual Rows": 19133278,
                "Actual Loops": 2,
                "Inner Unique": false,
                "Hash Cond": "(mk.movie_id = t.id)",
                "Plans": [
                  {
                    "Node Type": "Seq Scan",
                    "Parent Relationship": "Outer",
                    "Parallel Aware": true,
                    "Relation Name": "movie_keyword",
                    "Alias": "mk",
                    "Startup Cost": 0.0,
                    "Total Cost": 57718.19,
                    "Plan Rows": 1282155,
                    "Plan Width": 4,
                    "Actual Startup Time": 0.526,
                    "Actual Total Time": 199.836,
                    "Actual Rows": 1089822,
                    "Actual Loops": 2,
                    "Filter": "(keyword_id > 5215)",
                    "Rows Removed by Filter": 1172142
                  },
                  {
                    "Node Type": "Hash",
                    "Parent Relationship": "Inner",
                    "Parallel Aware": true,
                    "Startup Cost": 607785.83,
                    "Total Cost": 607785.83,
                    "Plan Rows": 7335489,
                    "Plan Width": 8,
                    "Actual Startup Time": 7597.886,
                    "Actual Total Time": 7600.567,
                    "Actual Rows": 6222381,
                    "Actual Loops": 2,
                    "Hash Buckets": 16777216,
                    "Original Hash Buckets": 16777216,
                    "Hash Batches": 1,
                    "Original Hash Batches": 1,
                    "Peak Memory Usage": 617952,
                    "Plans": [
                      {
                        "Node Type": "Hash Join",
                        "Parent Relationship": "Outer",
                        "Parallel Aware": true,
                        "Join Type": "Inner",
                        "Startup Cost": 69460.7,
                        "Total Cost": 607785.83,
                        "Plan Rows": 7335489,
                        "Plan Width": 8,
                        "Actual Startup Time": 708.333,
                        "Actual Total Time": 5383.99,
                        "Actual Rows": 6222381,
                        "Actual Loops": 2,
                        "Inner Unique": true,
                        "Hash Cond": "(ci.movie_id = t.id)",
                        "Plans": [
                          {
                            "Node Type": "Seq Scan",
                            "Parent Relationship": "Outer",
                            "Parallel Aware": true,
                            "Relation Name": "cast_info",
                            "Alias": "ci",
                            "Startup Cost": 0.0,
                            "Total Cost": 519069.44,
                            "Plan Rows": 7335489,
                            "Plan Width": 4,
                            "Actual Startup Time": 0.02,
                            "Actual Total Time": 1497.278,
                            "Actual Rows": 6222381,
                            "Actual Loops": 2,
                            "Filter": "(person_id < 1227679)",
                            "Rows Removed by Filter": 11899791
                          },
                          {
                            "Node Type": "Hash",
                            "Parent Relationship": "Inner",
                            "Parallel Aware": true,
                            "Startup Cost": 50870.31,
                            "Total Cost": 50870.31,
                            "Plan Rows": 1487231,
                            "Plan Width": 4,
                            "Actual Startup Time": 692.898,
                            "Actual Total Time": 692.9,
                            "Actual Rows": 1264156,
                            "Actual Loops": 2,
                            "Hash Buckets": 4194304,
                            "Original Hash Buckets": 4194304,
                            "Hash Batches": 1,
                            "Original Hash Batches": 1,
                            "Peak Memory Usage": 131712,
                            "Plans": [
                              {
                                "Node Type": "Seq Scan",
                                "Parent Relationship": "Outer",
                                "Parallel Aware": true,
                                "Relation Name": "title",
                                "Alias": "t",
                                "Startup Cost": 0.0,
                                "Total Cost": 50870.31,
                                "Plan Rows": 1487231,
                                "Plan Width": 4,
                                "Actual Startup Time": 0.04,
                                "Actual Total Time": 216.598,
                                "Actual Rows": 1264156,
                                "Actual Loops": 2
                              }
                            ]
                          }
                        ]
                      }
                    ]
                  }
                ]
              }
            ]
          }
        ]
      }
    ]
  },
  "Planning Time": 0.47,
  "Triggers": [],
  "Execution Time": 10443.775
}