[
    {
        "Bao": {
            "Bao prediction": 656.646,
            "Bao recommended hint": "(no hint)"
        }
    },
    {
        "Plan": {
            "Node Type": "Aggregate",
            "Strategy": "Plain",
            "Partial Mode": "Finalize",
            "Parallel Aware": false,
            "Startup Cost": 28122.69,
            "Total Cost": 28122.7,
            "Plan Rows": 1,
            "Plan Width": 8,
            "Actual Startup Time": 67.276,
            "Actual Total Time": 70.236,
            "Actual Rows": 1,
            "Actual Loops": 1,
            "Output": [
                "count(*)"
            ],
            "Plans": [
                {
                    "Node Type": "Gather",
                    "Parent Relationship": "Outer",
                    "Parallel Aware": false,
                    "Startup Cost": 28122.37,
                    "Total Cost": 28122.68,
                    "Plan Rows": 3,
                    "Plan Width": 8,
                    "Actual Startup Time": 67.132,
                    "Actual Total Time": 70.228,
                    "Actual Rows": 4,
                    "Actual Loops": 1,
                    "Output": [
                        "(PARTIAL count(*))"
                    ],
                    "Workers Planned": 3,
                    "Workers Launched": 3,
                    "Single Copy": false,
                    "Plans": [
                        {
                            "Node Type": "Aggregate",
                            "Strategy": "Plain",
                            "Partial Mode": "Partial",
                            "Parent Relationship": "Outer",
                            "Parallel Aware": false,
                            "Startup Cost": 27122.37,
                            "Total Cost": 27122.38,
                            "Plan Rows": 1,
                            "Plan Width": 8,
                            "Actual Startup Time": 59.358,
                            "Actual Total Time": 59.361,
                            "Actual Rows": 1,
                            "Actual Loops": 4,
                            "Output": [
                                "PARTIAL count(*)"
                            ],
                            "Workers": [
                                {
                                    "Worker Number": 0,
                                    "Actual Startup Time": 56.736,
                                    "Actual Total Time": 56.737,
                                    "Actual Rows": 1,
                                    "Actual Loops": 1
                                },
                                {
                                    "Worker Number": 1,
                                    "Actual Startup Time": 56.951,
                                    "Actual Total Time": 56.952,
                                    "Actual Rows": 1,
                                    "Actual Loops": 1
                                },
                                {
                                    "Worker Number": 2,
                                    "Actual Startup Time": 56.991,
                                    "Actual Total Time": 56.993,
                                    "Actual Rows": 1,
                                    "Actual Loops": 1
                                }
                            ],
                            "Plans": [
                                {
                                    "Node Type": "Bitmap Heap Scan",
                                    "Parent Relationship": "Outer",
                                    "Parallel Aware": true,
                                    "Relation Name": "movie_companies",
                                    "Schema": "public",
                                    "Alias": "mc",
                                    "Startup Cost": 6811.83,
                                    "Total Cost": 26868.95,
                                    "Plan Rows": 101369,
                                    "Plan Width": 0,
                                    "Actual Startup Time": 23.591,
                                    "Actual Total Time": 53.23,
                                    "Actual Rows": 78741,
                                    "Actual Loops": 4,
                                    "Recheck Cond": "(mc.company_id > 92045)",
                                    "Rows Removed by Index Recheck": 0,
                                    "Exact Heap Blocks": 2865,
                                    "Lossy Heap Blocks": 0,
                                    "Workers": [
                                        {
                                            "Worker Number": 0,
                                            "Actual Startup Time": 21.13,
                                            "Actual Total Time": 51.444,
                                            "Actual Rows": 41078,
                                            "Actual Loops": 1
                                        },
                                        {
                                            "Worker Number": 1,
                                            "Actual Startup Time": 21.287,
                                            "Actual Total Time": 51.443,
                                            "Actual Rows": 42634,
                                            "Actual Loops": 1
                                        },
                                        {
                                            "Worker Number": 2,
                                            "Actual Startup Time": 21.203,
                                            "Actual Total Time": 51.519,
                                            "Actual Rows": 42408,
                                            "Actual Loops": 1
                                        }
                                    ],
                                    "Plans": [
                                        {
                                            "Node Type": "Bitmap Index Scan",
                                            "Parent Relationship": "Outer",
                                            "Parallel Aware": false,
                                            "Index Name": "company_id_movie_companies",
                                            "Startup Cost": 0.0,
                                            "Total Cost": 6733.27,
                                            "Plan Rows": 314245,
                                            "Plan Width": 0,
                                            "Actual Startup Time": 29.957,
                                            "Actual Total Time": 29.96,
                                            "Actual Rows": 314963,
                                            "Actual Loops": 1,
                                            "Index Cond": "(mc.company_id > 92045)"
                                        }
                                    ]
                                }
                            ]
                        }
                    ]
                }
            ]
        },
        "Planning Time": 236.854,
        "Triggers": [],
        "Execution Time": 70.301
    }
]