{
  "Plan": {
    "Node Type": "Aggregate",
    "Strategy": "Plain",
    "Partial Mode": "Finalize",
    "Parallel Aware": false,
    "Startup Cost": 328437.59,
    "Total Cost": 328437.6,
    "Plan Rows": 1,
    "Plan Width": 8,
    "Actual Startup Time": 186.132,
    "Actual Total Time": 210.625,
    "Actual Rows": 1,
    "Actual Loops": 1,
    "Plans": [
      {
        "Node Type": "Gather",
        "Parent Relationship": "Outer",
        "Parallel Aware": false,
        "Startup Cost": 328437.47,
        "Total Cost": 328437.58,
        "Plan Rows": 1,
        "Plan Width": 8,
        "Actual Startup Time": 186.026,
        "Actual Total Time": 210.617,
        "Actual Rows": 2,
        "Actual Loops": 1,
        "Workers Planned": 1,
        "Workers Launched": 1,
        "Single Copy": false,
        "Plans": [
          {
            "Node Type": "Aggregate",
            "Strategy": "Plain",
            "Partial Mode": "Partial",
            "Parent Relationship": "Outer",
            "Parallel Aware": false,
            "Startup Cost": 327437.47,
            "Total Cost": 327437.48,
            "Plan Rows": 1,
            "Plan Width": 8,
            "Actual Startup Time": 180.202,
            "Actual Total Time": 180.204,
            "Actual Rows": 1,
            "Actual Loops": 2,
            "Plans": [
              {
                "Node Type": "Nested Loop",
                "Parent Relationship": "Outer",
                "Parallel Aware": false,
                "Join Type": "Inner",
                "Startup Cost": 0.43,
                "Total Cost": 327415.41,
                "Plan Rows": 8825,
                "Plan Width": 0,
                "Actual Startup Time": 1.841,
                "Actual Total Time": 179.263,
                "Actual Rows": 14961,
                "Actual Loops": 2,
                "Inner Unique": false,
                "Plans": [
                  {
                    "Node Type": "Seq Scan",
                    "Parent Relationship": "Outer",
                    "Parallel Aware": true,
                    "Relation Name": "title",
                    "Alias": "t",
                    "Startup Cost": 0.0,
                    "Total Cost": 58306.47,
                    "Plan Rows": 2352,
                    "Plan Width": 4,
                    "Actual Startup Time": 1.707,
                    "Actual Total Time": 131.232,
                    "Actual Rows": 1838,
                    "Actual Loops": 2,
                    "Filter": "((kind_id < 7) AND (production_year = 1958))",
                    "Rows Removed by Filter": 1262318
                  },
                  {
                    "Node Type": "Index Scan",
                    "Parent Relationship": "Inner",
                    "Parallel Aware": false,
                    "Scan Direction": "Forward",
                    "Index Name": "movie_id_movie_info",
                    "Relation Name": "movie_info",
                    "Alias": "mi",
                    "Startup Cost": 0.43,
                    "Total Cost": 114.15,
                    "Plan Rows": 27,
                    "Plan Width": 4,
                    "Actual Startup Time": 0.009,
                    "Actual Total Time": 0.025,
                    "Actual Rows": 8,
                    "Actual Loops": 3676,
                    "Index Cond": "(movie_id = t.id)",
                    "Rows Removed by Index Recheck": 0,
                    "Filter": "(info_type_id < 16)",
                    "Rows Removed by Filter": 3
                  }
                ]
              }
            ]
          }
        ]
      }
    ]
  },
  "Planning Time": 0.464,
  "Triggers": [],
  "Execution Time": 210.7
}