[
    {
        "Bao": {
            "Bao prediction": "NaN",
            "Bao recommended hint": "(no hint)"
        }
    },
    {
        "Plan": {
            "Node Type": "Aggregate",
            "Strategy": "Plain",
            "Partial Mode": "Simple",
            "Parallel Aware": false,
            "Startup Cost": 21493.18,
            "Total Cost": 21493.19,
            "Plan Rows": 1,
            "Plan Width": 8,
            "Actual Startup Time": 22.839,
            "Actual Total Time": 22.84,
            "Actual Rows": 1,
            "Actual Loops": 1,
            "Output": [
                "count(*)"
            ],
            "Plans": [
                {
                    "Node Type": "Bitmap Heap Scan",
                    "Parent Relationship": "Outer",
                    "Parallel Aware": false,
                    "Relation Name": "movie_companies",
                    "Schema": "public",
                    "Alias": "mc",
                    "Startup Cost": 1541.08,
                    "Total Cost": 21402.17,
                    "Plan Rows": 36405,
                    "Plan Width": 0,
                    "Actual Startup Time": 3.76,
                    "Actual Total Time": 19.582,
                    "Actual Rows": 73146,
                    "Actual Loops": 1,
                    "Recheck Cond": "(mc.company_id > 174536)",
                    "Rows Removed by Index Recheck": 0,
                    "Filter": "(mc.company_type_id > 1)",
                    "Rows Removed by Filter": 0,
                    "Exact Heap Blocks": 2530,
                    "Lossy Heap Blocks": 0,
                    "Plans": [
                        {
                            "Node Type": "Bitmap Index Scan",
                            "Parent Relationship": "Outer",
                            "Parallel Aware": false,
                            "Index Name": "company_id_movie_companies",
                            "Startup Cost": 0.0,
                            "Total Cost": 1531.98,
                            "Plan Rows": 71406,
                            "Plan Width": 0,
                            "Actual Startup Time": 3.414,
                            "Actual Total Time": 3.414,
                            "Actual Rows": 73146,
                            "Actual Loops": 1,
                            "Index Cond": "(mc.company_id > 174536)"
                        }
                    ]
                }
            ]
        },
        "Planning Time": 178.341,
        "Triggers": [],
        "Execution Time": 22.887
    }
]