[
  {
    "Plan": {
      "Node Type": "Aggregate",
      "Strategy": "Plain",
      "Partial Mode": "Finalize",
      "Parallel Aware": false,
      "Startup Cost": 334696.5,
      "Total Cost": 334696.51,
      "Plan Rows": 1,
      "Plan Width": 8,
      "Actual Startup Time": 627.934,
      "Actual Total Time": 679.359,
      "Actual Rows": 1,
      "Actual Loops": 1,
      "Plans": [
        {
          "Node Type": "Gather",
          "Parent Relationship": "Outer",
          "Parallel Aware": false,
          "Startup Cost": 334695.87,
          "Total Cost": 334696.48,
          "Plan Rows": 6,
          "Plan Width": 8,
          "Actual Startup Time": 627.635,
          "Actual Total Time": 679.345,
          "Actual Rows": 7,
          "Actual Loops": 1,
          "Workers Planned": 6,
          "Workers Launched": 6,
          "Single Copy": false,
          "Plans": [
            {
              "Node Type": "Aggregate",
              "Strategy": "Plain",
              "Partial Mode": "Partial",
              "Parent Relationship": "Outer",
              "Parallel Aware": false,
              "Startup Cost": 333695.87,
              "Total Cost": 333695.88,
              "Plan Rows": 1,
              "Plan Width": 8,
              "Actual Startup Time": 622.574,
              "Actual Total Time": 622.576,
              "Actual Rows": 1,
              "Actual Loops": 7,
              "Plans": [
                {
                  "Node Type": "Seq Scan",
                  "Parent Relationship": "Outer",
                  "Parallel Aware": true,
                  "Relation Name": "cast_info",
                  "Alias": "ci",
                  "Startup Cost": 0.0,
                  "Total Cost": 328211.39,
                  "Plan Rows": 2193792,
                  "Plan Width": 0,
                  "Actual Startup Time": 0.032,
                  "Actual Total Time": 540.539,
                  "Actual Rows": 1895488,
                  "Actual Loops": 7,
                  "Filter": "(person_id < 1308097)",
                  "Rows Removed by Filter": 3282275
                }
              ]
            }
          ]
        }
      ]
    },
    "Planning Time": 0.096,
    "Triggers": [],
    "Execution Time": 679.401
  }
]