[
  {
    "Plan": {
      "Node Type": "Aggregate",
      "Strategy": "Plain",
      "Partial Mode": "Finalize",
      "Parallel Aware": false,
      "Startup Cost": 83575.97,
      "Total Cost": 83575.98,
      "Plan Rows": 1,
      "Plan Width": 8,
      "Actual Startup Time": 310.881,
      "Actual Total Time": 326.864,
      "Actual Rows": 1,
      "Actual Loops": 1,
      "Plans": [
        {
          "Node Type": "Gather",
          "Parent Relationship": "Outer",
          "Parallel Aware": false,
          "Startup Cost": 83575.66,
          "Total Cost": 83575.97,
          "Plan Rows": 3,
          "Plan Width": 8,
          "Actual Startup Time": 307.643,
          "Actual Total Time": 326.852,
          "Actual Rows": 4,
          "Actual Loops": 1,
          "Workers Planned": 3,
          "Workers Launched": 3,
          "Single Copy": false,
          "Plans": [
            {
              "Node Type": "Aggregate",
              "Strategy": "Plain",
              "Partial Mode": "Partial",
              "Parent Relationship": "Outer",
              "Parallel Aware": false,
              "Startup Cost": 82575.66,
              "Total Cost": 82575.67,
              "Plan Rows": 1,
              "Plan Width": 8,
              "Actual Startup Time": 299.036,
              "Actual Total Time": 299.04,
              "Actual Rows": 1,
              "Actual Loops": 4,
              "Plans": [
                {
                  "Node Type": "Hash Join",
                  "Parent Relationship": "Outer",
                  "Parallel Aware": true,
                  "Join Type": "Inner",
                  "Startup Cost": 55933.59,
                  "Total Cost": 82442.47,
                  "Plan Rows": 53275,
                  "Plan Width": 0,
                  "Actual Startup Time": 214.592,
                  "Actual Total Time": 294.695,
                  "Actual Rows": 90802,
                  "Actual Loops": 4,
                  "Inner Unique": true,
                  "Hash Cond": "(mk.movie_id = t.id)",
                  "Plans": [
                    {
                      "Node Type": "Bitmap Heap Scan",
                      "Parent Relationship": "Outer",
                      "Parallel Aware": true,
                      "Relation Name": "movie_keyword",
                      "Alias": "mk",
                      "Startup Cost": 8936.46,
                      "Total Cost": 35088.71,
                      "Plan Rows": 135860,
                      "Plan Width": 4,
                      "Actual Startup Time": 27.565,
                      "Actual Total Time": 76.87,
                      "Actual Rows": 102012,
                      "Actual Loops": 4,
                      "Recheck Cond": "(keyword_id > 42380)",
                      "Rows Removed by Index Recheck": 0,
                      "Exact Heap Blocks": 6852,
                      "Lossy Heap Blocks": 0,
                      "Plans": [
                        {
                          "Node Type": "Bitmap Index Scan",
                          "Parent Relationship": "Outer",
                          "Parallel Aware": false,
                          "Index Name": "keyword_id_movie_keyword",
                          "Startup Cost": 0.0,
                          "Total Cost": 8831.17,
                          "Plan Rows": 421165,
                          "Plan Width": 0,
                          "Actual Startup Time": 24.102,
                          "Actual Total Time": 24.103,
                          "Actual Rows": 408048,
                          "Actual Loops": 1,
                          "Index Cond": "(keyword_id > 42380)"
                        }
                      ]
                    },
                    {
                      "Node Type": "Hash",
                      "Parent Relationship": "Inner",
                      "Parallel Aware": true,
                      "Startup Cost": 43898.92,
                      "Total Cost": 43898.92,
                      "Plan Rows": 247857,
                      "Plan Width": 4,
                      "Actual Startup Time": 181.778,
                      "Actual Total Time": 181.779,
                      "Actual Rows": 246262,
                      "Actual Loops": 4,
                      "Hash Buckets": 1048576,
                      "Original Hash Buckets": 1048576,
                      "Hash Batches": 1,
                      "Original Hash Batches": 1,
                      "Peak Memory Usage": 46784,
                      "Plans": [
                        {
                          "Node Type": "Seq Scan",
                          "Parent Relationship": "Outer",
                          "Parallel Aware": true,
                          "Relation Name": "title",
                          "Alias": "t",
                          "Startup Cost": 0.0,
                          "Total Cost": 43898.92,
                          "Plan Rows": 247857,
                          "Plan Width": 4,
                          "Actual Startup Time": 0.055,
                          "Actual Total Time": 102.278,
                          "Actual Rows": 246262,
                          "Actual Loops": 4,
                          "Filter": "(kind_id < 7)",
                          "Rows Removed by Filter": 385816
                        }
                      ]
                    }
                  ]
                }
              ]
            }
          ]
        }
      ]
    },
    "Planning Time": 0.649,
    "Triggers": [],
    "Execution Time": 326.964
  }
]