{
    "Plan": {
        "Node Type": "Aggregate",
        "Strategy": "Plain",
        "Partial Mode": "Finalize",
        "Parallel Aware": false,
        "Startup Cost": 77727.03,
        "Total Cost": 77727.04,
        "Plan Rows": 1,
        "Plan Width": 8,
        "Actual Startup Time": 178.658,
        "Actual Total Time": 192.901,
        "Actual Rows": 1,
        "Actual Loops": 1,
        "Output": [
            "count(*)"
        ],
        "Plans": [
            {
                "Node Type": "Gather",
                "Parent Relationship": "Outer",
                "Parallel Aware": false,
                "Startup Cost": 77726.61,
                "Total Cost": 77727.02,
                "Plan Rows": 4,
                "Plan Width": 8,
                "Actual Startup Time": 177.749,
                "Actual Total Time": 192.892,
                "Actual Rows": 5,
                "Actual Loops": 1,
                "Output": [
                    "(PARTIAL count(*))"
                ],
                "Workers Planned": 4,
                "Workers Launched": 4,
                "Single Copy": false,
                "Plans": [
                    {
                        "Node Type": "Aggregate",
                        "Strategy": "Plain",
                        "Partial Mode": "Partial",
                        "Parent Relationship": "Outer",
                        "Parallel Aware": false,
                        "Startup Cost": 76726.61,
                        "Total Cost": 76726.62,
                        "Plan Rows": 1,
                        "Plan Width": 8,
                        "Actual Startup Time": 168.269,
                        "Actual Total Time": 168.272,
                        "Actual Rows": 1,
                        "Actual Loops": 5,
                        "Output": [
                            "PARTIAL count(*)"
                        ],
                        "Workers": [
                            {
                                "Worker Number": 0,
                                "Actual Startup Time": 165.171,
                                "Actual Total Time": 165.175,
                                "Actual Rows": 1,
                                "Actual Loops": 1
                            },
                            {
                                "Worker Number": 1,
                                "Actual Startup Time": 166.003,
                                "Actual Total Time": 166.007,
                                "Actual Rows": 1,
                                "Actual Loops": 1
                            },
                            {
                                "Worker Number": 2,
                                "Actual Startup Time": 166.481,
                                "Actual Total Time": 166.483,
                                "Actual Rows": 1,
                                "Actual Loops": 1
                            },
                            {
                                "Worker Number": 3,
                                "Actual Startup Time": 166.692,
                                "Actual Total Time": 166.695,
                                "Actual Rows": 1,
                                "Actual Loops": 1
                            }
                        ],
                        "Plans": [
                            {
                                "Node Type": "Hash Join",
                                "Parent Relationship": "Outer",
                                "Parallel Aware": true,
                                "Join Type": "Inner",
                                "Startup Cost": 32110.02,
                                "Total Cost": 76703.92,
                                "Plan Rows": 9078,
                                "Plan Width": 0,
                                "Actual Startup Time": 74.468,
                                "Actual Total Time": 168.071,
                                "Actual Rows": 1522,
                                "Actual Loops": 5,
                                "Inner Unique": false,
                                "Hash Cond": "(t.id = mc.movie_id)",
                                "Workers": [
                                    {
                                        "Worker Number": 0,
                                        "Actual Startup Time": 71.483,
                                        "Actual Total Time": 164.988,
                                        "Actual Rows": 1474,
                                        "Actual Loops": 1
                                    },
                                    {
                                        "Worker Number": 1,
                                        "Actual Startup Time": 72.261,
                                        "Actual Total Time": 165.782,
                                        "Actual Rows": 1099,
                                        "Actual Loops": 1
                                    },
                                    {
                                        "Worker Number": 2,
                                        "Actual Startup Time": 72.648,
                                        "Actual Total Time": 166.276,
                                        "Actual Rows": 1636,
                                        "Actual Loops": 1
                                    },
                                    {
                                        "Worker Number": 3,
                                        "Actual Startup Time": 72.825,
                                        "Actual Total Time": 166.45,
                                        "Actual Rows": 1107,
                                        "Actual Loops": 1
                                    }
                                ],
                                "Plans": [
                                    {
                                        "Node Type": "Seq Scan",
                                        "Parent Relationship": "Outer",
                                        "Parallel Aware": true,
                                        "Relation Name": "title",
                                        "Schema": "public",
                                        "Alias": "t",
                                        "Startup Cost": 0.0,
                                        "Total Cost": 43899.01,
                                        "Plan Rows": 133123,
                                        "Plan Width": 4,
                                        "Actual Startup Time": 0.026,
                                        "Actual Total Time": 74.317,
                                        "Actual Rows": 106674,
                                        "Actual Loops": 5,
                                        "Output": [
                                            "t.id",
                                            "t.title",
                                            "t.imdb_index",
                                            "t.kind_id",
                                            "t.production_year",
                                            "t.imdb_id",
                                            "t.phonetic_code",
                                            "t.episode_of_id",
                                            "t.season_nr",
                                            "t.episode_nr",
                                            "t.series_years",
                                            "t.md5sum"
                                        ],
                                        "Filter": "(t.production_year > 2009)",
                                        "Rows Removed by Filter": 398989,
                                        "Workers": [
                                            {
                                                "Worker Number": 0,
                                                "Actual Startup Time": 0.028,
                                                "Actual Total Time": 73.614,
                                                "Actual Rows": 98075,
                                                "Actual Loops": 1
                                            },
                                            {
                                                "Worker Number": 1,
                                                "Actual Startup Time": 0.031,
                                                "Actual Total Time": 75.842,
                                                "Actual Rows": 78235,
                                                "Actual Loops": 1
                                            },
                                            {
                                                "Worker Number": 2,
                                                "Actual Startup Time": 0.03,
                                                "Actual Total Time": 74.976,
                                                "Actual Rows": 115585,
                                                "Actual Loops": 1
                                            },
                                            {
                                                "Worker Number": 3,
                                                "Actual Startup Time": 0.037,
                                                "Actual Total Time": 75.909,
                                                "Actual Rows": 77965,
                                                "Actual Loops": 1
                                            }
                                        ]
                                    },
                                    {
                                        "Node Type": "Hash",
                                        "Parent Relationship": "Inner",
                                        "Parallel Aware": true,
                                        "Startup Cost": 31414.82,
                                        "Total Cost": 31414.82,
                                        "Plan Rows": 55616,
                                        "Plan Width": 4,
                                        "Actual Startup Time": 72.27,
                                        "Actual Total Time": 72.271,
                                        "Actual Rows": 13865,
                                        "Actual Loops": 5,
                                        "Output": [
                                            "mc.movie_id"
                                        ],
                                        "Hash Buckets": 262144,
                                        "Original Hash Buckets": 262144,
                                        "Hash Batches": 1,
                                        "Original Hash Batches": 1,
                                        "Peak Memory Usage": 4864,
                                        "Workers": [
                                            {
                                                "Worker Number": 0,
                                                "Actual Startup Time": 70.629,
                                                "Actual Total Time": 70.63,
                                                "Actual Rows": 13342,
                                                "Actual Loops": 1
                                            },
                                            {
                                                "Worker Number": 1,
                                                "Actual Startup Time": 71.497,
                                                "Actual Total Time": 71.498,
                                                "Actual Rows": 9903,
                                                "Actual Loops": 1
                                            },
                                            {
                                                "Worker Number": 2,
                                                "Actual Startup Time": 71.935,
                                                "Actual Total Time": 71.935,
                                                "Actual Rows": 17061,
                                                "Actual Loops": 1
                                            },
                                            {
                                                "Worker Number": 3,
                                                "Actual Startup Time": 72.055,
                                                "Actual Total Time": 72.056,
                                                "Actual Rows": 10163,
                                                "Actual Loops": 1
                                            }
                                        ],
                                        "Plans": [
                                            {
                                                "Node Type": "Seq Scan",
                                                "Parent Relationship": "Outer",
                                                "Parallel Aware": true,
                                                "Relation Name": "movie_companies",
                                                "Schema": "public",
                                                "Alias": "mc",
                                                "Startup Cost": 0.0,
                                                "Total Cost": 31414.82,
                                                "Plan Rows": 55616,
                                                "Plan Width": 4,
                                                "Actual Startup Time": 42.551,
                                                "Actual Total Time": 67.248,
                                                "Actual Rows": 13865,
                                                "Actual Loops": 5,
                                                "Output": [
                                                    "mc.movie_id"
                                                ],
                                                "Filter": "((mc.company_id < 164) AND (mc.company_type_id = 2))",
                                                "Rows Removed by Filter": 507961,
                                                "Workers": [
                                                    {
                                                        "Worker Number": 0,
                                                        "Actual Startup Time": 40.902,
                                                        "Actual Total Time": 64.782,
                                                        "Actual Rows": 13342,
                                                        "Actual Loops": 1
                                                    },
                                                    {
                                                        "Worker Number": 1,
                                                        "Actual Startup Time": 41.779,
                                                        "Actual Total Time": 66.733,
                                                        "Actual Rows": 9903,
                                                        "Actual Loops": 1
                                                    },
                                                    {
                                                        "Worker Number": 2,
                                                        "Actual Startup Time": 42.202,
                                                        "Actual Total Time": 67.241,
                                                        "Actual Rows": 17061,
                                                        "Actual Loops": 1
                                                    },
                                                    {
                                                        "Worker Number": 3,
                                                        "Actual Startup Time": 42.323,
                                                        "Actual Total Time": 67.22,
                                                        "Actual Rows": 10163,
                                                        "Actual Loops": 1
                                                    }
                                                ]
                                            }
                                        ]
                                    }
                                ]
                            }
                        ]
                    }
                ]
            }
        ]
    },
    "Planning Time": 0.774,
    "Triggers": [],
    "Execution Time": 192.977
}