[
  {
    "Plan": {
      "Node Type": "Aggregate",
      "Strategy": "Plain",
      "Partial Mode": "Finalize",
      "Parallel Aware": false,
      "Startup Cost": 46585.92,
      "Total Cost": 46585.93,
      "Plan Rows": 1,
      "Plan Width": 8,
      "Actual Startup Time": 93.855,
      "Actual Total Time": 106.025,
      "Actual Rows": 1,
      "Actual Loops": 1,
      "Plans": [
        {
          "Node Type": "Gather",
          "Parent Relationship": "Outer",
          "Parallel Aware": false,
          "Startup Cost": 46585.5,
          "Total Cost": 46585.91,
          "Plan Rows": 4,
          "Plan Width": 8,
          "Actual Startup Time": 93.687,
          "Actual Total Time": 106.008,
          "Actual Rows": 5,
          "Actual Loops": 1,
          "Workers Planned": 4,
          "Workers Launched": 4,
          "Single Copy": false,
          "Plans": [
            {
              "Node Type": "Aggregate",
              "Strategy": "Plain",
              "Partial Mode": "Partial",
              "Parent Relationship": "Outer",
              "Parallel Aware": false,
              "Startup Cost": 45585.5,
              "Total Cost": 45585.51,
              "Plan Rows": 1,
              "Plan Width": 8,
              "Actual Startup Time": 87.902,
              "Actual Total Time": 87.904,
              "Actual Rows": 1,
              "Actual Loops": 5,
              "Plans": [
                {
                  "Node Type": "Seq Scan",
                  "Parent Relationship": "Outer",
                  "Parallel Aware": true,
                  "Relation Name": "title",
                  "Alias": "t",
                  "Startup Cost": 0.0,
                  "Total Cost": 45479.59,
                  "Plan Rows": 42364,
                  "Plan Width": 0,
                  "Actual Startup Time": 0.028,
                  "Actual Total Time": 85.554,
                  "Actual Rows": 34014,
                  "Actual Loops": 5,
                  "Filter": "((kind_id > 1) AND (production_year > 2011))",
                  "Rows Removed by Filter": 471649
                }
              ]
            }
          ]
        }
      ]
    },
    "Planning Time": 0.196,
    "Triggers": [],
    "Execution Time": 106.085
  }
]