[
  {
    "Plan": {
      "Node Type": "Aggregate",
      "Strategy": "Plain",
      "Partial Mode": "Finalize",
      "Parallel Aware": false,
      "Startup Cost": 46609.71,
      "Total Cost": 46609.72,
      "Plan Rows": 1,
      "Plan Width": 8,
      "Actual Startup Time": 77.136,
      "Actual Total Time": 84.152,
      "Actual Rows": 1,
      "Actual Loops": 1,
      "Plans": [
        {
          "Node Type": "Gather",
          "Parent Relationship": "Outer",
          "Parallel Aware": false,
          "Startup Cost": 46609.29,
          "Total Cost": 46609.7,
          "Plan Rows": 4,
          "Plan Width": 8,
          "Actual Startup Time": 77.032,
          "Actual Total Time": 84.145,
          "Actual Rows": 5,
          "Actual Loops": 1,
          "Workers Planned": 4,
          "Workers Launched": 4,
          "Single Copy": false,
          "Plans": [
            {
              "Node Type": "Aggregate",
              "Strategy": "Plain",
              "Partial Mode": "Partial",
              "Parent Relationship": "Outer",
              "Parallel Aware": false,
              "Startup Cost": 45609.29,
              "Total Cost": 45609.3,
              "Plan Rows": 1,
              "Plan Width": 8,
              "Actual Startup Time": 73.645,
              "Actual Total Time": 73.646,
              "Actual Rows": 1,
              "Actual Loops": 5,
              "Plans": [
                {
                  "Node Type": "Seq Scan",
                  "Parent Relationship": "Outer",
                  "Parallel Aware": true,
                  "Relation Name": "title",
                  "Alias": "t",
                  "Startup Cost": 0.0,
                  "Total Cost": 45479.21,
                  "Plan Rows": 52031,
                  "Plan Width": 0,
                  "Actual Startup Time": 40.577,
                  "Actual Total Time": 70.706,
                  "Actual Rows": 67258,
                  "Actual Loops": 5,
                  "Filter": "((production_year < 1994) AND (kind_id = 1))",
                  "Rows Removed by Filter": 438404
                }
              ]
            }
          ]
        }
      ]
    },
    "Planning Time": 0.102,
    "Triggers": [],
    "Execution Time": 84.185
  }
]