[
  {
    "Plan": {
      "Node Type": "Aggregate",
      "Strategy": "Plain",
      "Partial Mode": "Finalize",
      "Parallel Aware": false,
      "Startup Cost": 46607.14,
      "Total Cost": 46607.15,
      "Plan Rows": 1,
      "Plan Width": 8,
      "Actual Startup Time": 93.463,
      "Actual Total Time": 106.11,
      "Actual Rows": 1,
      "Actual Loops": 1,
      "Plans": [
        {
          "Node Type": "Gather",
          "Parent Relationship": "Outer",
          "Parallel Aware": false,
          "Startup Cost": 46606.72,
          "Total Cost": 46607.13,
          "Plan Rows": 4,
          "Plan Width": 8,
          "Actual Startup Time": 93.217,
          "Actual Total Time": 106.101,
          "Actual Rows": 5,
          "Actual Loops": 1,
          "Workers Planned": 4,
          "Workers Launched": 4,
          "Single Copy": false,
          "Plans": [
            {
              "Node Type": "Aggregate",
              "Strategy": "Plain",
              "Partial Mode": "Partial",
              "Parent Relationship": "Outer",
              "Parallel Aware": false,
              "Startup Cost": 45606.72,
              "Total Cost": 45606.73,
              "Plan Rows": 1,
              "Plan Width": 8,
              "Actual Startup Time": 86.388,
              "Actual Total Time": 86.39,
              "Actual Rows": 1,
              "Actual Loops": 5,
              "Plans": [
                {
                  "Node Type": "Seq Scan",
                  "Parent Relationship": "Outer",
                  "Parallel Aware": true,
                  "Relation Name": "title",
                  "Alias": "t",
                  "Startup Cost": 0.0,
                  "Total Cost": 45479.1,
                  "Plan Rows": 51047,
                  "Plan Width": 0,
                  "Actual Startup Time": 52.134,
                  "Actual Total Time": 83.559,
                  "Actual Rows": 67258,
                  "Actual Loops": 5,
                  "Filter": "((production_year < 1994) AND (kind_id = 1))",
                  "Rows Removed by Filter": 438404
                }
              ]
            }
          ]
        }
      ]
    },
    "Planning Time": 0.19,
    "Triggers": [],
    "Execution Time": 106.176
  }
]