[
  {
    "Plan": {
      "Node Type": "Aggregate",
      "Strategy": "Plain",
      "Partial Mode": "Simple",
      "Parallel Aware": false,
      "Startup Cost": 20462.08,
      "Total Cost": 20462.09,
      "Plan Rows": 1,
      "Plan Width": 8,
      "Actual Startup Time": 17.841,
      "Actual Total Time": 17.842,
      "Actual Rows": 1,
      "Actual Loops": 1,
      "Plans": [
        {
          "Node Type": "Bitmap Heap Scan",
          "Parent Relationship": "Outer",
          "Parallel Aware": false,
          "Relation Name": "movie_companies",
          "Alias": "mc",
          "Startup Cost": 989.23,
          "Total Cost": 20348.27,
          "Plan Rows": 45523,
          "Plan Width": 0,
          "Actual Startup Time": 2.305,
          "Actual Total Time": 15.041,
          "Actual Rows": 42928,
          "Actual Loops": 1,
          "Recheck Cond": "(company_id > 197066)",
          "Rows Removed by Index Recheck": 0,
          "Exact Heap Blocks": 1633,
          "Lossy Heap Blocks": 0,
          "Plans": [
            {
              "Node Type": "Bitmap Index Scan",
              "Parent Relationship": "Outer",
              "Parallel Aware": false,
              "Index Name": "company_id_movie_companies",
              "Startup Cost": 0.0,
              "Total Cost": 977.85,
              "Plan Rows": 45523,
              "Plan Width": 0,
              "Actual Startup Time": 2.108,
              "Actual Total Time": 2.109,
              "Actual Rows": 42928,
              "Actual Loops": 1,
              "Index Cond": "(company_id > 197066)"
            }
          ]
        }
      ]
    },
    "Planning Time": 0.089,
    "Triggers": [],
    "Execution Time": 17.875
  }
]