{
    "Plan": {
        "Node Type": "Aggregate",
        "Strategy": "Plain",
        "Partial Mode": "Finalize",
        "Parallel Aware": false,
        "Startup Cost": 697385.86,
        "Total Cost": 697385.87,
        "Plan Rows": 1,
        "Plan Width": 8,
        "Actual Startup Time": 5591.968,
        "Actual Total Time": 5668.652,
        "Actual Rows": 1,
        "Actual Loops": 1,
        "Output": [
            "count(*)"
        ],
        "Plans": [
            {
                "Node Type": "Gather",
                "Parent Relationship": "Outer",
                "Parallel Aware": false,
                "Startup Cost": 697385.23,
                "Total Cost": 697385.84,
                "Plan Rows": 6,
                "Plan Width": 8,
                "Actual Startup Time": 5550.653,
                "Actual Total Time": 5668.635,
                "Actual Rows": 7,
                "Actual Loops": 1,
                "Output": [
                    "(PARTIAL count(*))"
                ],
                "Workers Planned": 6,
                "Workers Launched": 6,
                "Single Copy": false,
                "Plans": [
                    {
                        "Node Type": "Aggregate",
                        "Strategy": "Plain",
                        "Partial Mode": "Partial",
                        "Parent Relationship": "Outer",
                        "Parallel Aware": false,
                        "Startup Cost": 696385.23,
                        "Total Cost": 696385.24,
                        "Plan Rows": 1,
                        "Plan Width": 8,
                        "Actual Startup Time": 5516.575,
                        "Actual Total Time": 5517.772,
                        "Actual Rows": 1,
                        "Actual Loops": 7,
                        "Output": [
                            "PARTIAL count(*)"
                        ],
                        "Workers": [
                            {
                                "Worker Number": 0,
                                "Actual Startup Time": 5510.24,
                                "Actual Total Time": 5510.244,
                                "Actual Rows": 1,
                                "Actual Loops": 1
                            },
                            {
                                "Worker Number": 1,
                                "Actual Startup Time": 5510.241,
                                "Actual Total Time": 5510.246,
                                "Actual Rows": 1,
                                "Actual Loops": 1
                            },
                            {
                                "Worker Number": 2,
                                "Actual Startup Time": 5510.753,
                                "Actual Total Time": 5510.756,
                                "Actual Rows": 1,
                                "Actual Loops": 1
                            },
                            {
                                "Worker Number": 3,
                                "Actual Startup Time": 5510.482,
                                "Actual Total Time": 5510.487,
                                "Actual Rows": 1,
                                "Actual Loops": 1
                            },
                            {
                                "Worker Number": 4,
                                "Actual Startup Time": 5514.278,
                                "Actual Total Time": 5514.284,
                                "Actual Rows": 1,
                                "Actual Loops": 1
                            },
                            {
                                "Worker Number": 5,
                                "Actual Startup Time": 5510.557,
                                "Actual Total Time": 5510.561,
                                "Actual Rows": 1,
                                "Actual Loops": 1
                            }
                        ],
                        "Plans": [
                            {
                                "Node Type": "Hash Join",
                                "Parent Relationship": "Outer",
                                "Parallel Aware": true,
                                "Join Type": "Inner",
                                "Startup Cost": 268577.15,
                                "Total Cost": 649446.81,
                                "Plan Rows": 18775368,
                                "Plan Width": 0,
                                "Actual Startup Time": 1407.379,
                                "Actual Total Time": 5035.883,
                                "Actual Rows": 12098742,
                                "Actual Loops": 7,
                                "Inner Unique": false,
                                "Hash Cond": "(ci.movie_id = t.id)",
                                "Workers": [
                                    {
                                        "Worker Number": 0,
                                        "Actual Startup Time": 1401.648,
                                        "Actual Total Time": 5009.624,
                                        "Actual Rows": 11783296,
                                        "Actual Loops": 1
                                    },
                                    {
                                        "Worker Number": 1,
                                        "Actual Startup Time": 1401.643,
                                        "Actual Total Time": 5042.575,
                                        "Actual Rows": 11391493,
                                        "Actual Loops": 1
                                    },
                                    {
                                        "Worker Number": 2,
                                        "Actual Startup Time": 1401.875,
                                        "Actual Total Time": 5019.694,
                                        "Actual Rows": 12218713,
                                        "Actual Loops": 1
                                    },
                                    {
                                        "Worker Number": 3,
                                        "Actual Startup Time": 1401.949,
                                        "Actual Total Time": 5033.524,
                                        "Actual Rows": 12622430,
                                        "Actual Loops": 1
                                    },
                                    {
                                        "Worker Number": 4,
                                        "Actual Startup Time": 1401.718,
                                        "Actual Total Time": 5065.082,
                                        "Actual Rows": 11875043,
                                        "Actual Loops": 1
                                    },
                                    {
                                        "Worker Number": 5,
                                        "Actual Startup Time": 1401.942,
                                        "Actual Total Time": 5032.804,
                                        "Actual Rows": 12644147,
                                        "Actual Loops": 1
                                    }
                                ],
                                "Plans": [
                                    {
                                        "Node Type": "Seq Scan",
                                        "Parent Relationship": "Outer",
                                        "Parallel Aware": true,
                                        "Relation Name": "cast_info",
                                        "Schema": "public",
                                        "Alias": "ci",
                                        "Startup Cost": 0.0,
                                        "Total Cost": 313108.29,
                                        "Plan Rows": 6042129,
                                        "Plan Width": 4,
                                        "Actual Startup Time": 0.038,
                                        "Actual Total Time": 543.443,
                                        "Actual Rows": 5177763,
                                        "Actual Loops": 7,
                                        "Output": [
                                            "ci.id",
                                            "ci.person_id",
                                            "ci.movie_id",
                                            "ci.person_role_id",
                                            "ci.note",
                                            "ci.nr_order",
                                            "ci.role_id"
                                        ],
                                        "Workers": [
                                            {
                                                "Worker Number": 0,
                                                "Actual Startup Time": 0.047,
                                                "Actual Total Time": 571.023,
                                                "Actual Rows": 5040514,
                                                "Actual Loops": 1
                                            },
                                            {
                                                "Worker Number": 1,
                                                "Actual Startup Time": 0.041,
                                                "Actual Total Time": 573.09,
                                                "Actual Rows": 4868272,
                                                "Actual Loops": 1
                                            },
                                            {
                                                "Worker Number": 2,
                                                "Actual Startup Time": 0.049,
                                                "Actual Total Time": 566.881,
                                                "Actual Rows": 5266513,
                                                "Actual Loops": 1
                                            },
                                            {
                                                "Worker Number": 3,
                                                "Actual Startup Time": 0.037,
                                                "Actual Total Time": 555.56,
                                                "Actual Rows": 5415593,
                                                "Actual Loops": 1
                                            },
                                            {
                                                "Worker Number": 4,
                                                "Actual Startup Time": 0.035,
                                                "Actual Total Time": 558.033,
                                                "Actual Rows": 5061805,
                                                "Actual Loops": 1
                                            },
                                            {
                                                "Worker Number": 5,
                                                "Actual Startup Time": 0.042,
                                                "Actual Total Time": 552.747,
                                                "Actual Rows": 5389962,
                                                "Actual Loops": 1
                                            }
                                        ]
                                    },
                                    {
                                        "Node Type": "Hash",
                                        "Parent Relationship": "Inner",
                                        "Parallel Aware": true,
                                        "Startup Cost": 248935.82,
                                        "Total Cost": 248935.82,
                                        "Plan Rows": 1571306,
                                        "Plan Width": 8,
                                        "Actual Startup Time": 1396.763,
                                        "Actual Total Time": 1397.958,
                                        "Actual Rows": 527958,
                                        "Actual Loops": 7,
                                        "Output": [
                                            "t.id",
                                            "mi.movie_id"
                                        ],
                                        "Hash Buckets": 8388608,
                                        "Original Hash Buckets": 8388608,
                                        "Hash Batches": 1,
                                        "Original Hash Batches": 1,
                                        "Peak Memory Usage": 210272,
                                        "Workers": [
                                            {
                                                "Worker Number": 0,
                                                "Actual Startup Time": 1400.915,
                                                "Actual Total Time": 1400.918,
                                                "Actual Rows": 428200,
                                                "Actual Loops": 1
                                            },
                                            {
                                                "Worker Number": 1,
                                                "Actual Startup Time": 1400.737,
                                                "Actual Total Time": 1400.74,
                                                "Actual Rows": 415753,
                                                "Actual Loops": 1
                                            },
                                            {
                                                "Worker Number": 2,
                                                "Actual Startup Time": 1401.155,
                                                "Actual Total Time": 1401.157,
                                                "Actual Rows": 454202,
                                                "Actual Loops": 1
                                            },
                                            {
                                                "Worker Number": 3,
                                                "Actual Startup Time": 1401.059,
                                                "Actual Total Time": 1401.063,
                                                "Actual Rows": 601710,
                                                "Actual Loops": 1
                                            },
                                            {
                                                "Worker Number": 4,
                                                "Actual Startup Time": 1400.938,
                                                "Actual Total Time": 1400.942,
                                                "Actual Rows": 565422,
                                                "Actual Loops": 1
                                            },
                                            {
                                                "Worker Number": 5,
                                                "Actual Startup Time": 1401.116,
                                                "Actual Total Time": 1401.118,
                                                "Actual Rows": 605352,
                                                "Actual Loops": 1
                                            }
                                        ],
                                        "Plans": [
                                            {
                                                "Node Type": "Hash Join",
                                                "Parent Relationship": "Outer",
                                                "Parallel Aware": true,
                                                "Join Type": "Inner",
                                                "Startup Cost": 49686.2,
                                                "Total Cost": 248935.82,
                                                "Plan Rows": 1571306,
                                                "Plan Width": 8,
                                                "Actual Startup Time": 184.188,
                                                "Actual Total Time": 1118.634,
                                                "Actual Rows": 527958,
                                                "Actual Loops": 7,
                                                "Output": [
                                                    "t.id",
                                                    "mi.movie_id"
                                                ],
                                                "Inner Unique": true,
                                                "Hash Cond": "(mi.movie_id = t.id)",
                                                "Workers": [
                                                    {
                                                        "Worker Number": 0,
                                                        "Actual Startup Time": 184.116,
                                                        "Actual Total Time": 1123.451,
                                                        "Actual Rows": 428200,
                                                        "Actual Loops": 1
                                                    },
                                                    {
                                                        "Worker Number": 1,
                                                        "Actual Startup Time": 184.063,
                                                        "Actual Total Time": 1116.379,
                                                        "Actual Rows": 415753,
                                                        "Actual Loops": 1
                                                    },
                                                    {
                                                        "Worker Number": 2,
                                                        "Actual Startup Time": 184.253,
                                                        "Actual Total Time": 1119.89,
                                                        "Actual Rows": 454202,
                                                        "Actual Loops": 1
                                                    },
                                                    {
                                                        "Worker Number": 3,
                                                        "Actual Startup Time": 184.218,
                                                        "Actual Total Time": 1117.315,
                                                        "Actual Rows": 601710,
                                                        "Actual Loops": 1
                                                    },
                                                    {
                                                        "Worker Number": 4,
                                                        "Actual Startup Time": 184.19,
                                                        "Actual Total Time": 1117.785,
                                                        "Actual Rows": 565422,
                                                        "Actual Loops": 1
                                                    },
                                                    {
                                                        "Worker Number": 5,
                                                        "Actual Startup Time": 184.167,
                                                        "Actual Total Time": 1117.294,
                                                        "Actual Rows": 605352,
                                                        "Actual Loops": 1
                                                    }
                                                ],
                                                "Plans": [
                                                    {
                                                        "Node Type": "Seq Scan",
                                                        "Parent Relationship": "Outer",
                                                        "Parallel Aware": true,
                                                        "Relation Name": "movie_info",
                                                        "Schema": "public",
                                                        "Alias": "mi",
                                                        "Startup Cost": 0.0,
                                                        "Total Cost": 191503.19,
                                                        "Plan Rows": 2951019,
                                                        "Plan Width": 4,
                                                        "Actual Startup Time": 0.038,
                                                        "Actual Total Time": 311.122,
                                                        "Actual Rows": 2119389,
                                                        "Actual Loops": 7,
                                                        "Output": [
                                                            "mi.id",
                                                            "mi.movie_id",
                                                            "mi.info_type_id",
                                                            "mi.info",
                                                            "mi.note"
                                                        ],
                                                        "Workers": [
                                                            {
                                                                "Worker Number": 0,
                                                                "Actual Startup Time": 0.047,
                                                                "Actual Total Time": 343.461,
                                                                "Actual Rows": 1731126,
                                                                "Actual Loops": 1
                                                            },
                                                            {
                                                                "Worker Number": 1,
                                                                "Actual Startup Time": 0.055,
                                                                "Actual Total Time": 334.504,
                                                                "Actual Rows": 1650060,
                                                                "Actual Loops": 1
                                                            },
                                                            {
                                                                "Worker Number": 2,
                                                                "Actual Startup Time": 0.045,
                                                                "Actual Total Time": 334.954,
                                                                "Actual Rows": 1775905,
                                                                "Actual Loops": 1
                                                            },
                                                            {
                                                                "Worker Number": 3,
                                                                "Actual Startup Time": 0.032,
                                                                "Actual Total Time": 308.043,
                                                                "Actual Rows": 2378333,
                                                                "Actual Loops": 1
                                                            },
                                                            {
                                                                "Worker Number": 4,
                                                                "Actual Startup Time": 0.038,
                                                                "Actual Total Time": 308.516,
                                                                "Actual Rows": 2249097,
                                                                "Actual Loops": 1
                                                            },
                                                            {
                                                                "Worker Number": 5,
                                                                "Actual Startup Time": 0.034,
                                                                "Actual Total Time": 307.017,
                                                                "Actual Rows": 2385528,
                                                                "Actual Loops": 1
                                                            }
                                                        ]
                                                    },
                                                    {
                                                        "Node Type": "Hash",
                                                        "Parent Relationship": "Inner",
                                                        "Parallel Aware": true,
                                                        "Startup Cost": 45479.21,
                                                        "Total Cost": 45479.21,
                                                        "Plan Rows": 336559,
                                                        "Plan Width": 4,
                                                        "Actual Startup Time": 182.129,
                                                        "Actual Total Time": 182.13,
                                                        "Actual Rows": 189683,
                                                        "Actual Loops": 7,
                                                        "Output": [
                                                            "t.id"
                                                        ],
                                                        "Hash Buckets": 2097152,
                                                        "Original Hash Buckets": 2097152,
                                                        "Hash Batches": 1,
                                                        "Original Hash Batches": 1,
                                                        "Peak Memory Usage": 68480,
                                                        "Workers": [
                                                            {
                                                                "Worker Number": 0,
                                                                "Actual Startup Time": 183.919,
                                                                "Actual Total Time": 183.919,
                                                                "Actual Rows": 151621,
                                                                "Actual Loops": 1
                                                            },
                                                            {
                                                                "Worker Number": 1,
                                                                "Actual Startup Time": 183.913,
                                                                "Actual Total Time": 183.914,
                                                                "Actual Rows": 144356,
                                                                "Actual Loops": 1
                                                            },
                                                            {
                                                                "Worker Number": 2,
                                                                "Actual Startup Time": 183.926,
                                                                "Actual Total Time": 183.927,
                                                                "Actual Rows": 156243,
                                                                "Actual Loops": 1
                                                            },
                                                            {
                                                                "Worker Number": 3,
                                                                "Actual Startup Time": 183.938,
                                                                "Actual Total Time": 183.939,
                                                                "Actual Rows": 197960,
                                                                "Actual Loops": 1
                                                            },
                                                            {
                                                                "Worker Number": 4,
                                                                "Actual Startup Time": 183.908,
                                                                "Actual Total Time": 183.91,
                                                                "Actual Rows": 188462,
                                                                "Actual Loops": 1
                                                            },
                                                            {
                                                                "Worker Number": 5,
                                                                "Actual Startup Time": 183.902,
                                                                "Actual Total Time": 183.903,
                                                                "Actual Rows": 204621,
                                                                "Actual Loops": 1
                                                            }
                                                        ],
                                                        "Plans": [
                                                            {
                                                                "Node Type": "Seq Scan",
                                                                "Parent Relationship": "Outer",
                                                                "Parallel Aware": true,
                                                                "Relation Name": "title",
                                                                "Schema": "public",
                                                                "Alias": "t",
                                                                "Startup Cost": 0.0,
                                                                "Total Cost": 45479.21,
                                                                "Plan Rows": 336559,
                                                                "Plan Width": 4,
                                                                "Actual Startup Time": 0.066,
                                                                "Actual Total Time": 80.922,
                                                                "Actual Rows": 189683,
                                                                "Actual Loops": 7,
                                                                "Output": [
                                                                    "t.id"
                                                                ],
                                                                "Filter": "((t.production_year < 2012) AND (t.kind_id = 7))",
                                                                "Rows Removed by Filter": 171504,
                                                                "Workers": [
                                                                    {
                                                                        "Worker Number": 0,
                                                                        "Actual Startup Time": 0.075,
                                                                        "Actual Total Time": 83.735,
                                                                        "Actual Rows": 151621,
                                                                        "Actual Loops": 1
                                                                    },
                                                                    {
                                                                        "Worker Number": 1,
                                                                        "Actual Startup Time": 0.083,
                                                                        "Actual Total Time": 84.17,
                                                                        "Actual Rows": 144356,
                                                                        "Actual Loops": 1
                                                                    },
                                                                    {
                                                                        "Worker Number": 2,
                                                                        "Actual Startup Time": 0.075,
                                                                        "Actual Total Time": 83.471,
                                                                        "Actual Rows": 156243,
                                                                        "Actual Loops": 1
                                                                    },
                                                                    {
                                                                        "Worker Number": 3,
                                                                        "Actual Startup Time": 0.066,
                                                                        "Actual Total Time": 80.941,
                                                                        "Actual Rows": 197960,
                                                                        "Actual Loops": 1
                                                                    },
                                                                    {
                                                                        "Worker Number": 4,
                                                                        "Actual Startup Time": 0.07,
                                                                        "Actual Total Time": 81.68,
                                                                        "Actual Rows": 188462,
                                                                        "Actual Loops": 1
                                                                    },
                                                                    {
                                                                        "Worker Number": 5,
                                                                        "Actual Startup Time": 0.073,
                                                                        "Actual Total Time": 81.0,
                                                                        "Actual Rows": 204621,
                                                                        "Actual Loops": 1
                                                                    }
                                                                ]
                                                            }
                                                        ]
                                                    }
                                                ]
                                            }
                                        ]
                                    }
                                ]
                            }
                        ]
                    }
                ]
            }
        ]
    },
    "Planning Time": 1.609,
    "Triggers": [],
    "Execution Time": 5668.76
}