[
  {
    "Plan": {
      "Node Type": "Aggregate",
      "Strategy": "Plain",
      "Partial Mode": "Finalize",
      "Parallel Aware": false,
      "Startup Cost": 87488.6,
      "Total Cost": 87488.61,
      "Plan Rows": 1,
      "Plan Width": 8,
      "Actual Startup Time": 447.908,
      "Actual Total Time": 470.537,
      "Actual Rows": 1,
      "Actual Loops": 1,
      "Plans": [
        {
          "Node Type": "Gather",
          "Parent Relationship": "Outer",
          "Parallel Aware": false,
          "Startup Cost": 87488.38,
          "Total Cost": 87488.59,
          "Plan Rows": 2,
          "Plan Width": 8,
          "Actual Startup Time": 445.994,
          "Actual Total Time": 470.526,
          "Actual Rows": 3,
          "Actual Loops": 1,
          "Workers Planned": 2,
          "Workers Launched": 2,
          "Single Copy": false,
          "Plans": [
            {
              "Node Type": "Aggregate",
              "Strategy": "Plain",
              "Partial Mode": "Partial",
              "Parent Relationship": "Outer",
              "Parallel Aware": false,
              "Startup Cost": 86488.38,
              "Total Cost": 86488.39,
              "Plan Rows": 1,
              "Plan Width": 8,
              "Actual Startup Time": 437.997,
              "Actual Total Time": 438.078,
              "Actual Rows": 1,
              "Actual Loops": 3,
              "Plans": [
                {
                  "Node Type": "Hash Join",
                  "Parent Relationship": "Outer",
                  "Parallel Aware": true,
                  "Join Type": "Inner",
                  "Startup Cost": 70585.08,
                  "Total Cost": 86453.25,
                  "Plan Rows": 14052,
                  "Plan Width": 0,
                  "Actual Startup Time": 358.94,
                  "Actual Total Time": 436.284,
                  "Actual Rows": 29102,
                  "Actual Loops": 3,
                  "Inner Unique": false,
                  "Hash Cond": "(mi_idx.movie_id = t.id)",
                  "Plans": [
                    {
                      "Node Type": "Seq Scan",
                      "Parent Relationship": "Outer",
                      "Parallel Aware": true,
                      "Relation Name": "movie_info_idx",
                      "Alias": "mi_idx",
                      "Startup Cost": 0.0,
                      "Total Cost": 15122.68,
                      "Plan Rows": 189429,
                      "Plan Width": 4,
                      "Actual Startup Time": 0.037,
                      "Actual Total Time": 44.844,
                      "Actual Rows": 153308,
                      "Actual Loops": 3,
                      "Filter": "(info_type_id = 99)",
                      "Rows Removed by Filter": 306703
                    },
                    {
                      "Node Type": "Hash",
                      "Parent Relationship": "Inner",
                      "Parallel Aware": true,
                      "Startup Cost": 69998.96,
                      "Total Cost": 69998.96,
                      "Plan Rows": 46890,
                      "Plan Width": 8,
                      "Actual Startup Time": 356.252,
                      "Actual Total Time": 356.332,
                      "Actual Rows": 62015,
                      "Actual Loops": 3,
                      "Hash Buckets": 262144,
                      "Original Hash Buckets": 262144,
                      "Hash Batches": 1,
                      "Original Hash Batches": 1,
                      "Peak Memory Usage": 9376,
                      "Plans": [
                        {
                          "Node Type": "Hash Join",
                          "Parent Relationship": "Outer",
                          "Parallel Aware": true,
                          "Join Type": "Inner",
                          "Startup Cost": 24368.6,
                          "Total Cost": 69998.96,
                          "Plan Rows": 46890,
                          "Plan Width": 8,
                          "Actual Startup Time": 75.812,
                          "Actual Total Time": 336.366,
                          "Actual Rows": 62015,
                          "Actual Loops": 3,
                          "Inner Unique": false,
                          "Hash Cond": "(t.id = mc.movie_id)",
                          "Plans": [
                            {
                              "Node Type": "Seq Scan",
                              "Parent Relationship": "Outer",
                              "Parallel Aware": true,
                              "Relation Name": "title",
                              "Alias": "t",
                              "Startup Cost": 0.0,
                              "Total Cost": 42318.73,
                              "Plan Rows": 632073,
                              "Plan Width": 4,
                              "Actual Startup Time": 0.012,
                              "Actual Total Time": 105.712,
                              "Actual Rows": 842771,
                              "Actual Loops": 3
                            },
                            {
                              "Node Type": "Hash",
                              "Parent Relationship": "Inner",
                              "Parallel Aware": true,
                              "Startup Cost": 23612.31,
                              "Total Cost": 23612.31,
                              "Plan Rows": 60503,
                              "Plan Width": 4,
                              "Actual Startup Time": 74.476,
                              "Actual Total Time": 74.478,
                              "Actual Rows": 62015,
                              "Actual Loops": 3,
                              "Hash Buckets": 262144,
                              "Original Hash Buckets": 262144,
                              "Hash Batches": 1,
                              "Original Hash Batches": 1,
                              "Peak Memory Usage": 9376,
                              "Plans": [
                                {
                                  "Node Type": "Bitmap Heap Scan",
                                  "Parent Relationship": "Outer",
                                  "Parallel Aware": true,
                                  "Relation Name": "movie_companies",
                                  "Alias": "mc",
                                  "Startup Cost": 4066.02,
                                  "Total Cost": 23612.31,
                                  "Plan Rows": 60503,
                                  "Plan Width": 4,
                                  "Actual Startup Time": 21.945,
                                  "Actual Total Time": 57.999,
                                  "Actual Rows": 62015,
                                  "Actual Loops": 3,
                                  "Recheck Cond": "(company_id < 49)",
                                  "Rows Removed by Index Recheck": 0,
                                  "Exact Heap Blocks": 9856,
                                  "Lossy Heap Blocks": 0,
                                  "Plans": [
                                    {
                                      "Node Type": "Bitmap Index Scan",
                                      "Parent Relationship": "Outer",
                                      "Parallel Aware": false,
                                      "Index Name": "company_id_movie_companies",
                                      "Startup Cost": 0.0,
                                      "Total Cost": 4019.13,
                                      "Plan Rows": 187560,
                                      "Plan Width": 0,
                                      "Actual Startup Time": 19.423,
                                      "Actual Total Time": 19.423,
                                      "Actual Rows": 186044,
                                      "Actual Loops": 1,
                                      "Index Cond": "(company_id < 49)"
                                    }
                                  ]
                                }
                              ]
                            }
                          ]
                        }
                      ]
                    }
                  ]
                }
              ]
            }
          ]
        }
      ]
    },
    "Planning Time": 1.426,
    "Triggers": [],
    "Execution Time": 470.654
  }
]