[
    {
        "Bao": {
            "Bao prediction": "NaN",
            "Bao recommended hint": "(no hint)"
        }
    },
    {
        "Plan": {
            "Node Type": "Aggregate",
            "Strategy": "Plain",
            "Partial Mode": "Finalize",
            "Parallel Aware": false,
            "Startup Cost": 220332.81,
            "Total Cost": 220332.82,
            "Plan Rows": 1,
            "Plan Width": 8,
            "Actual Startup Time": 724.734,
            "Actual Total Time": 774.545,
            "Actual Rows": 1,
            "Actual Loops": 1,
            "Output": [
                "count(*)"
            ],
            "Plans": [
                {
                    "Node Type": "Gather",
                    "Parent Relationship": "Outer",
                    "Parallel Aware": false,
                    "Startup Cost": 220332.39,
                    "Total Cost": 220332.8,
                    "Plan Rows": 4,
                    "Plan Width": 8,
                    "Actual Startup Time": 722.815,
                    "Actual Total Time": 774.534,
                    "Actual Rows": 5,
                    "Actual Loops": 1,
                    "Output": [
                        "(PARTIAL count(*))"
                    ],
                    "Workers Planned": 4,
                    "Workers Launched": 4,
                    "Single Copy": false,
                    "Plans": [
                        {
                            "Node Type": "Aggregate",
                            "Strategy": "Plain",
                            "Partial Mode": "Partial",
                            "Parent Relationship": "Outer",
                            "Parallel Aware": false,
                            "Startup Cost": 219332.39,
                            "Total Cost": 219332.4,
                            "Plan Rows": 1,
                            "Plan Width": 8,
                            "Actual Startup Time": 713.358,
                            "Actual Total Time": 713.362,
                            "Actual Rows": 1,
                            "Actual Loops": 5,
                            "Output": [
                                "PARTIAL count(*)"
                            ],
                            "Workers": [
                                {
                                    "Worker Number": 0,
                                    "Actual Startup Time": 710.562,
                                    "Actual Total Time": 710.566,
                                    "Actual Rows": 1,
                                    "Actual Loops": 1
                                },
                                {
                                    "Worker Number": 1,
                                    "Actual Startup Time": 710.838,
                                    "Actual Total Time": 710.841,
                                    "Actual Rows": 1,
                                    "Actual Loops": 1
                                },
                                {
                                    "Worker Number": 2,
                                    "Actual Startup Time": 711.455,
                                    "Actual Total Time": 711.459,
                                    "Actual Rows": 1,
                                    "Actual Loops": 1
                                },
                                {
                                    "Worker Number": 3,
                                    "Actual Startup Time": 711.499,
                                    "Actual Total Time": 711.503,
                                    "Actual Rows": 1,
                                    "Actual Loops": 1
                                }
                            ],
                            "Plans": [
                                {
                                    "Node Type": "Nested Loop",
                                    "Parent Relationship": "Outer",
                                    "Parallel Aware": false,
                                    "Join Type": "Inner",
                                    "Startup Cost": 32863.14,
                                    "Total Cost": 219302.14,
                                    "Plan Rows": 12102,
                                    "Plan Width": 0,
                                    "Actual Startup Time": 80.293,
                                    "Actual Total Time": 712.049,
                                    "Actual Rows": 18832,
                                    "Actual Loops": 5,
                                    "Inner Unique": false,
                                    "Workers": [
                                        {
                                            "Worker Number": 0,
                                            "Actual Startup Time": 77.162,
                                            "Actual Total Time": 709.218,
                                            "Actual Rows": 19270,
                                            "Actual Loops": 1
                                        },
                                        {
                                            "Worker Number": 1,
                                            "Actual Startup Time": 78.424,
                                            "Actual Total Time": 709.665,
                                            "Actual Rows": 17410,
                                            "Actual Loops": 1
                                        },
                                        {
                                            "Worker Number": 2,
                                            "Actual Startup Time": 79.193,
                                            "Actual Total Time": 710.084,
                                            "Actual Rows": 12309,
                                            "Actual Loops": 1
                                        },
                                        {
                                            "Worker Number": 3,
                                            "Actual Startup Time": 78.273,
                                            "Actual Total Time": 710.148,
                                            "Actual Rows": 19760,
                                            "Actual Loops": 1
                                        }
                                    ],
                                    "Plans": [
                                        {
                                            "Node Type": "Hash Join",
                                            "Parent Relationship": "Outer",
                                            "Parallel Aware": true,
                                            "Join Type": "Inner",
                                            "Startup Cost": 32862.71,
                                            "Total Cost": 78631.49,
                                            "Plan Rows": 89769,
                                            "Plan Width": 8,
                                            "Actual Startup Time": 79.164,
                                            "Actual Total Time": 259.325,
                                            "Actual Rows": 41062,
                                            "Actual Loops": 5,
                                            "Output": [
                                                "t.id",
                                                "mc.movie_id"
                                            ],
                                            "Inner Unique": false,
                                            "Hash Cond": "(t.id = mc.movie_id)",
                                            "Workers": [
                                                {
                                                    "Worker Number": 0,
                                                    "Actual Startup Time": 76.377,
                                                    "Actual Total Time": 254.809,
                                                    "Actual Rows": 40920,
                                                    "Actual Loops": 1
                                                },
                                                {
                                                    "Worker Number": 1,
                                                    "Actual Startup Time": 76.685,
                                                    "Actual Total Time": 246.961,
                                                    "Actual Rows": 39138,
                                                    "Actual Loops": 1
                                                },
                                                {
                                                    "Worker Number": 2,
                                                    "Actual Startup Time": 77.154,
                                                    "Actual Total Time": 248.27,
                                                    "Actual Rows": 28315,
                                                    "Actual Loops": 1
                                                },
                                                {
                                                    "Worker Number": 3,
                                                    "Actual Startup Time": 77.34,
                                                    "Actual Total Time": 256.202,
                                                    "Actual Rows": 41507,
                                                    "Actual Loops": 1
                                                }
                                            ],
                                            "Plans": [
                                                {
                                                    "Node Type": "Seq Scan",
                                                    "Parent Relationship": "Outer",
                                                    "Parallel Aware": true,
                                                    "Relation Name": "title",
                                                    "Schema": "public",
                                                    "Alias": "t",
                                                    "Startup Cost": 0.0,
                                                    "Total Cost": 42318.81,
                                                    "Plan Rows": 632080,
                                                    "Plan Width": 4,
                                                    "Actual Startup Time": 0.009,
                                                    "Actual Total Time": 58.167,
                                                    "Actual Rows": 505662,
                                                    "Actual Loops": 5,
                                                    "Output": [
                                                        "t.id",
                                                        "t.title",
                                                        "t.imdb_index",
                                                        "t.kind_id",
                                                        "t.production_year",
                                                        "t.imdb_id",
                                                        "t.phonetic_code",
                                                        "t.episode_of_id",
                                                        "t.season_nr",
                                                        "t.episode_nr",
                                                        "t.series_years",
                                                        "t.md5sum"
                                                    ],
                                                    "Workers": [
                                                        {
                                                            "Worker Number": 0,
                                                            "Actual Startup Time": 0.009,
                                                            "Actual Total Time": 58.16,
                                                            "Actual Rows": 502203,
                                                            "Actual Loops": 1
                                                        },
                                                        {
                                                            "Worker Number": 1,
                                                            "Actual Startup Time": 0.01,
                                                            "Actual Total Time": 56.806,
                                                            "Actual Rows": 483935,
                                                            "Actual Loops": 1
                                                        },
                                                        {
                                                            "Worker Number": 2,
                                                            "Actual Startup Time": 0.013,
                                                            "Actual Total Time": 62.264,
                                                            "Actual Rows": 350595,
                                                            "Actual Loops": 1
                                                        },
                                                        {
                                                            "Worker Number": 3,
                                                            "Actual Startup Time": 0.01,
                                                            "Actual Total Time": 58.592,
                                                            "Actual Rows": 508539,
                                                            "Actual Loops": 1
                                                        }
                                                    ]
                                                },
                                                {
                                                    "Node Type": "Hash",
                                                    "Parent Relationship": "Inner",
                                                    "Parallel Aware": true,
                                                    "Startup Cost": 31414.82,
                                                    "Total Cost": 31414.82,
                                                    "Plan Rows": 115831,
                                                    "Plan Width": 4,
                                                    "Actual Startup Time": 77.506,
                                                    "Actual Total Time": 77.507,
                                                    "Actual Rows": 41062,
                                                    "Actual Loops": 5,
                                                    "Output": [
                                                        "mc.movie_id"
                                                    ],
                                                    "Hash Buckets": 524288,
                                                    "Original Hash Buckets": 524288,
                                                    "Hash Batches": 1,
                                                    "Original Hash Batches": 1,
                                                    "Peak Memory Usage": 12224,
                                                    "Workers": [
                                                        {
                                                            "Worker Number": 0,
                                                            "Actual Startup Time": 75.942,
                                                            "Actual Total Time": 75.943,
                                                            "Actual Rows": 42994,
                                                            "Actual Loops": 1
                                                        },
                                                        {
                                                            "Worker Number": 1,
                                                            "Actual Startup Time": 76.221,
                                                            "Actual Total Time": 76.222,
                                                            "Actual Rows": 42690,
                                                            "Actual Loops": 1
                                                        },
                                                        {
                                                            "Worker Number": 2,
                                                            "Actual Startup Time": 76.644,
                                                            "Actual Total Time": 76.645,
                                                            "Actual Rows": 29757,
                                                            "Actual Loops": 1
                                                        },
                                                        {
                                                            "Worker Number": 3,
                                                            "Actual Startup Time": 76.876,
                                                            "Actual Total Time": 76.877,
                                                            "Actual Rows": 41966,
                                                            "Actual Loops": 1
                                                        }
                                                    ],
                                                    "Plans": [
                                                        {
                                                            "Node Type": "Seq Scan",
                                                            "Parent Relationship": "Outer",
                                                            "Parallel Aware": true,
                                                            "Relation Name": "movie_companies",
                                                            "Schema": "public",
                                                            "Alias": "mc",
                                                            "Startup Cost": 0.0,
                                                            "Total Cost": 31414.82,
                                                            "Plan Rows": 115831,
                                                            "Plan Width": 4,
                                                            "Actual Startup Time": 38.46,
                                                            "Actual Total Time": 63.485,
                                                            "Actual Rows": 41062,
                                                            "Actual Loops": 5,
                                                            "Output": [
                                                                "mc.movie_id"
                                                            ],
                                                            "Filter": "((mc.company_id < 1310) AND (mc.company_type_id > 1))",
                                                            "Rows Removed by Filter": 480764,
                                                            "Workers": [
                                                                {
                                                                    "Worker Number": 0,
                                                                    "Actual Startup Time": 36.887,
                                                                    "Actual Total Time": 61.656,
                                                                    "Actual Rows": 42994,
                                                                    "Actual Loops": 1
                                                                },
                                                                {
                                                                    "Worker Number": 1,
                                                                    "Actual Startup Time": 37.161,
                                                                    "Actual Total Time": 62.714,
                                                                    "Actual Rows": 42690,
                                                                    "Actual Loops": 1
                                                                },
                                                                {
                                                                    "Worker Number": 2,
                                                                    "Actual Startup Time": 37.586,
                                                                    "Actual Total Time": 63.608,
                                                                    "Actual Rows": 29757,
                                                                    "Actual Loops": 1
                                                                },
                                                                {
                                                                    "Worker Number": 3,
                                                                    "Actual Startup Time": 37.823,
                                                                    "Actual Total Time": 62.727,
                                                                    "Actual Rows": 41966,
                                                                    "Actual Loops": 1
                                                                }
                                                            ]
                                                        }
                                                    ]
                                                }
                                            ]
                                        },
                                        {
                                            "Node Type": "Index Scan",
                                            "Parent Relationship": "Inner",
                                            "Parallel Aware": false,
                                            "Scan Direction": "Forward",
                                            "Index Name": "movie_id_movie_info",
                                            "Relation Name": "movie_info",
                                            "Schema": "public",
                                            "Alias": "mi",
                                            "Startup Cost": 0.43,
                                            "Total Cost": 1.56,
                                            "Plan Rows": 1,
                                            "Plan Width": 4,
                                            "Actual Startup Time": 0.01,
                                            "Actual Total Time": 0.011,
                                            "Actual Rows": 0,
                                            "Actual Loops": 205310,
                                            "Output": [
                                                "mi.id",
                                                "mi.movie_id",
                                                "mi.info_type_id",
                                                "mi.info",
                                                "mi.note"
                                            ],
                                            "Index Cond": "(mi.movie_id = t.id)",
                                            "Rows Removed by Index Recheck": 0,
                                            "Filter": "(mi.info_type_id = 17)",
                                            "Rows Removed by Filter": 11,
                                            "Workers": [
                                                {
                                                    "Worker Number": 0,
                                                    "Actual Startup Time": 0.01,
                                                    "Actual Total Time": 0.011,
                                                    "Actual Rows": 0,
                                                    "Actual Loops": 40920
                                                },
                                                {
                                                    "Worker Number": 1,
                                                    "Actual Startup Time": 0.011,
                                                    "Actual Total Time": 0.012,
                                                    "Actual Rows": 0,
                                                    "Actual Loops": 39138
                                                },
                                                {
                                                    "Worker Number": 2,
                                                    "Actual Startup Time": 0.015,
                                                    "Actual Total Time": 0.016,
                                                    "Actual Rows": 0,
                                                    "Actual Loops": 28315
                                                },
                                                {
                                                    "Worker Number": 3,
                                                    "Actual Startup Time": 0.01,
                                                    "Actual Total Time": 0.011,
                                                    "Actual Rows": 0,
                                                    "Actual Loops": 41507
                                                }
                                            ]
                                        }
                                    ]
                                }
                            ]
                        }
                    ]
                }
            ]
        },
        "Planning Time": 197.891,
        "Triggers": [],
        "Execution Time": 774.629
    }
]