{
  "Plan": {
    "Node Type": "Aggregate",
    "Strategy": "Plain",
    "Partial Mode": "Finalize",
    "Parallel Aware": false,
    "Startup Cost": 101321.64,
    "Total Cost": 101321.65,
    "Plan Rows": 1,
    "Plan Width": 8,
    "Actual Startup Time": 118.743,
    "Actual Total Time": 132.956,
    "Actual Rows": 1,
    "Actual Loops": 1,
    "Plans": [
      {
        "Node Type": "Gather",
        "Parent Relationship": "Outer",
        "Parallel Aware": false,
        "Startup Cost": 101321.53,
        "Total Cost": 101321.64,
        "Plan Rows": 1,
        "Plan Width": 8,
        "Actual Startup Time": 118.615,
        "Actual Total Time": 132.95,
        "Actual Rows": 2,
        "Actual Loops": 1,
        "Workers Planned": 1,
        "Workers Launched": 1,
        "Single Copy": false,
        "Plans": [
          {
            "Node Type": "Aggregate",
            "Strategy": "Plain",
            "Partial Mode": "Partial",
            "Parent Relationship": "Outer",
            "Parallel Aware": false,
            "Startup Cost": 100321.53,
            "Total Cost": 100321.54,
            "Plan Rows": 1,
            "Plan Width": 8,
            "Actual Startup Time": 112.348,
            "Actual Total Time": 112.35,
            "Actual Rows": 1,
            "Actual Loops": 2,
            "Plans": [
              {
                "Node Type": "Nested Loop",
                "Parent Relationship": "Outer",
                "Parallel Aware": false,
                "Join Type": "Inner",
                "Startup Cost": 491.7,
                "Total Cost": 100295.76,
                "Plan Rows": 10308,
                "Plan Width": 0,
                "Actual Startup Time": 6.267,
                "Actual Total Time": 110.758,
                "Actual Rows": 18112,
                "Actual Loops": 2,
                "Inner Unique": false,
                "Plans": [
                  {
                    "Node Type": "Nested Loop",
                    "Parent Relationship": "Outer",
                    "Parallel Aware": false,
                    "Join Type": "Inner",
                    "Startup Cost": 491.27,
                    "Total Cost": 94020.5,
                    "Plan Rows": 9989,
                    "Plan Width": 8,
                    "Actual Startup Time": 6.159,
                    "Actual Total Time": 72.639,
                    "Actual Rows": 7930,
                    "Actual Loops": 2,
                    "Inner Unique": true,
                    "Plans": [
                      {
                        "Node Type": "Bitmap Heap Scan",
                        "Parent Relationship": "Outer",
                        "Parallel Aware": true,
                        "Relation Name": "movie_keyword",
                        "Alias": "mk",
                        "Startup Cost": 490.84,
                        "Total Cost": 25701.97,
                        "Plan Rows": 13541,
                        "Plan Width": 4,
                        "Actual Startup Time": 6.057,
                        "Actual Total Time": 19.095,
                        "Actual Rows": 11240,
                        "Actual Loops": 2,
                        "Recheck Cond": "(keyword_id < 5)",
                        "Rows Removed by Index Recheck": 0,
                        "Exact Heap Blocks": 5098,
                        "Lossy Heap Blocks": 0,
                        "Plans": [
                          {
                            "Node Type": "Bitmap Index Scan",
                            "Parent Relationship": "Outer",
                            "Parallel Aware": false,
                            "Index Name": "keyword_id_movie_keyword",
                            "Startup Cost": 0.0,
                            "Total Cost": 485.08,
                            "Plan Rows": 23020,
                            "Plan Width": 0,
                            "Actual Startup Time": 8.634,
                            "Actual Total Time": 8.635,
                            "Actual Rows": 22479,
                            "Actual Loops": 1,
                            "Index Cond": "(keyword_id < 5)"
                          }
                        ]
                      },
                      {
                        "Node Type": "Index Scan",
                        "Parent Relationship": "Inner",
                        "Parallel Aware": false,
                        "Scan Direction": "Forward",
                        "Index Name": "title_pkey",
                        "Relation Name": "title",
                        "Alias": "t",
                        "Startup Cost": 0.43,
                        "Total Cost": 5.05,
                        "Plan Rows": 1,
                        "Plan Width": 4,
                        "Actual Startup Time": 0.004,
                        "Actual Total Time": 0.004,
                        "Actual Rows": 1,
                        "Actual Loops": 22479,
                        "Index Cond": "(id = mk.movie_id)",
                        "Rows Removed by Index Recheck": 0,
                        "Filter": "(kind_id > 1)",
                        "Rows Removed by Filter": 0
                      }
                    ]
                  },
                  {
                    "Node Type": "Index Only Scan",
                    "Parent Relationship": "Inner",
                    "Parallel Aware": false,
                    "Scan Direction": "Forward",
                    "Index Name": "movie_id_movie_companies",
                    "Relation Name": "movie_companies",
                    "Alias": "mc",
                    "Startup Cost": 0.43,
                    "Total Cost": 0.58,
                    "Plan Rows": 5,
                    "Plan Width": 4,
                    "Actual Startup Time": 0.003,
                    "Actual Total Time": 0.004,
                    "Actual Rows": 2,
                    "Actual Loops": 15861,
                    "Index Cond": "(movie_id = t.id)",
                    "Rows Removed by Index Recheck": 0,
                    "Heap Fetches": 36225
                  }
                ]
              }
            ]
          }
        ]
      }
    ]
  },
  "Planning Time": 1.11,
  "Triggers": [],
  "Execution Time": 133.057
}