[
  {
    "Plan": {
      "Node Type": "Aggregate",
      "Strategy": "Plain",
      "Partial Mode": "Finalize",
      "Parallel Aware": false,
      "Startup Cost": 32025.37,
      "Total Cost": 32025.38,
      "Plan Rows": 1,
      "Plan Width": 8,
      "Actual Startup Time": 84.782,
      "Actual Total Time": 103.363,
      "Actual Rows": 1,
      "Actual Loops": 1,
      "Plans": [
        {
          "Node Type": "Gather",
          "Parent Relationship": "Outer",
          "Parallel Aware": false,
          "Startup Cost": 32025.16,
          "Total Cost": 32025.37,
          "Plan Rows": 2,
          "Plan Width": 8,
          "Actual Startup Time": 84.536,
          "Actual Total Time": 103.355,
          "Actual Rows": 3,
          "Actual Loops": 1,
          "Workers Planned": 2,
          "Workers Launched": 2,
          "Single Copy": false,
          "Plans": [
            {
              "Node Type": "Aggregate",
              "Strategy": "Plain",
              "Partial Mode": "Partial",
              "Parent Relationship": "Outer",
              "Parallel Aware": false,
              "Startup Cost": 31025.16,
              "Total Cost": 31025.17,
              "Plan Rows": 1,
              "Plan Width": 8,
              "Actual Startup Time": 78.705,
              "Actual Total Time": 78.707,
              "Actual Rows": 1,
              "Actual Loops": 3,
              "Plans": [
                {
                  "Node Type": "Nested Loop",
                  "Parent Relationship": "Outer",
                  "Parallel Aware": false,
                  "Join Type": "Inner",
                  "Startup Cost": 119.37,
                  "Total Cost": 31020.58,
                  "Plan Rows": 1830,
                  "Plan Width": 0,
                  "Actual Startup Time": 1.247,
                  "Actual Total Time": 76.578,
                  "Actual Rows": 37324,
                  "Actual Loops": 3,
                  "Inner Unique": false,
                  "Plans": [
                    {
                      "Node Type": "Nested Loop",
                      "Parent Relationship": "Outer",
                      "Parallel Aware": false,
                      "Join Type": "Inner",
                      "Startup Cost": 118.94,
                      "Total Cost": 29532.05,
                      "Plan Rows": 469,
                      "Plan Width": 8,
                      "Actual Startup Time": 1.089,
                      "Actual Total Time": 18.08,
                      "Actual Rows": 1210,
                      "Actual Loops": 3,
                      "Inner Unique": true,
                      "Plans": [
                        {
                          "Node Type": "Bitmap Heap Scan",
                          "Parent Relationship": "Outer",
                          "Parallel Aware": true,
                          "Relation Name": "movie_keyword",
                          "Alias": "mk",
                          "Startup Cost": 118.51,
                          "Total Cost": 13140.73,
                          "Plan Rows": 2262,
                          "Plan Width": 4,
                          "Actual Startup Time": 0.827,
                          "Actual Total Time": 6.006,
                          "Actual Rows": 1400,
                          "Actual Loops": 3,
                          "Recheck Cond": "(keyword_id = 1002)",
                          "Rows Removed by Index Recheck": 0,
                          "Exact Heap Blocks": 2403,
                          "Lossy Heap Blocks": 0,
                          "Plans": [
                            {
                              "Node Type": "Bitmap Index Scan",
                              "Parent Relationship": "Outer",
                              "Parallel Aware": false,
                              "Index Name": "keyword_id_movie_keyword",
                              "Startup Cost": 0.0,
                              "Total Cost": 117.15,
                              "Plan Rows": 5429,
                              "Plan Width": 0,
                              "Actual Startup Time": 1.608,
                              "Actual Total Time": 1.609,
                              "Actual Rows": 4200,
                              "Actual Loops": 1,
                              "Index Cond": "(keyword_id = 1002)"
                            }
                          ]
                        },
                        {
                          "Node Type": "Index Scan",
                          "Parent Relationship": "Inner",
                          "Parallel Aware": false,
                          "Scan Direction": "Forward",
                          "Index Name": "title_pkey",
                          "Relation Name": "title",
                          "Alias": "t",
                          "Startup Cost": 0.43,
                          "Total Cost": 7.25,
                          "Plan Rows": 1,
                          "Plan Width": 4,
                          "Actual Startup Time": 0.008,
                          "Actual Total Time": 0.008,
                          "Actual Rows": 1,
                          "Actual Loops": 4200,
                          "Index Cond": "(id = mk.movie_id)",
                          "Rows Removed by Index Recheck": 0,
                          "Filter": "((kind_id < 7) AND (production_year < 2005))",
                          "Rows Removed by Filter": 0
                        }
                      ]
                    },
                    {
                      "Node Type": "Index Scan",
                      "Parent Relationship": "Inner",
                      "Parallel Aware": false,
                      "Scan Direction": "Forward",
                      "Index Name": "movie_id_movie_info",
                      "Relation Name": "movie_info",
                      "Alias": "mi",
                      "Startup Cost": 0.43,
                      "Total Cost": 2.9,
                      "Plan Rows": 27,
                      "Plan Width": 4,
                      "Actual Startup Time": 0.014,
                      "Actual Total Time": 0.046,
                      "Actual Rows": 31,
                      "Actual Loops": 3631,
                      "Index Cond": "(movie_id = t.id)",
                      "Rows Removed by Index Recheck": 0,
                      "Filter": "(info_type_id > 4)",
                      "Rows Removed by Filter": 5
                    }
                  ]
                }
              ]
            }
          ]
        }
      ]
    },
    "Planning Time": 0.575,
    "Triggers": [],
    "Execution Time": 103.429
  }
]