{
  "Plan": {
    "Node Type": "Aggregate",
    "Strategy": "Plain",
    "Partial Mode": "Finalize",
    "Parallel Aware": false,
    "Startup Cost": 539458.25,
    "Total Cost": 539458.26,
    "Plan Rows": 1,
    "Plan Width": 8,
    "Actual Startup Time": 12030.961,
    "Actual Total Time": 12085.79,
    "Actual Rows": 1,
    "Actual Loops": 1,
    "Plans": [
      {
        "Node Type": "Gather",
        "Parent Relationship": "Outer",
        "Parallel Aware": false,
        "Startup Cost": 539458.13,
        "Total Cost": 539458.24,
        "Plan Rows": 1,
        "Plan Width": 8,
        "Actual Startup Time": 12022.063,
        "Actual Total Time": 12085.782,
        "Actual Rows": 2,
        "Actual Loops": 1,
        "Workers Planned": 1,
        "Workers Launched": 1,
        "Single Copy": false,
        "Plans": [
          {
            "Node Type": "Aggregate",
            "Strategy": "Plain",
            "Partial Mode": "Partial",
            "Parent Relationship": "Outer",
            "Parallel Aware": false,
            "Startup Cost": 538458.13,
            "Total Cost": 538458.14,
            "Plan Rows": 1,
            "Plan Width": 8,
            "Actual Startup Time": 12009.294,
            "Actual Total Time": 12009.299,
            "Actual Rows": 1,
            "Actual Loops": 2,
            "Plans": [
              {
                "Node Type": "Hash Join",
                "Parent Relationship": "Outer",
                "Parallel Aware": true,
                "Join Type": "Inner",
                "Startup Cost": 156052.58,
                "Total Cost": 511625.44,
                "Plan Rows": 10733078,
                "Plan Width": 0,
                "Actual Startup Time": 1218.448,
                "Actual Total Time": 8753.942,
                "Actual Rows": 81903573,
                "Actual Loops": 2,
                "Inner Unique": false,
                "Hash Cond": "(mi.movie_id = t.id)",
                "Plans": [
                  {
                    "Node Type": "Seq Scan",
                    "Parent Relationship": "Outer",
                    "Parallel Aware": true,
                    "Relation Name": "movie_info",
                    "Alias": "mi",
                    "Startup Cost": 0.0,
                    "Total Cost": 248955.74,
                    "Plan Rows": 8696274,
                    "Plan Width": 4,
                    "Actual Startup Time": 0.019,
                    "Actual Total Time": 657.17,
                    "Actual Rows": 7417860,
                    "Actual Loops": 2
                  },
                  {
                    "Node Type": "Hash",
                    "Parent Relationship": "Inner",
                    "Parallel Aware": true,
                    "Startup Cost": 133108.03,
                    "Total Cost": 133108.03,
                    "Plan Rows": 1835564,
                    "Plan Width": 8,
                    "Actual Startup Time": 1196.408,
                    "Actual Total Time": 1196.411,
                    "Actual Rows": 1459606,
                    "Actual Loops": 2,
                    "Hash Buckets": 4194304,
                    "Original Hash Buckets": 4194304,
                    "Hash Batches": 1,
                    "Original Hash Batches": 1,
                    "Peak Memory Usage": 147008,
                    "Plans": [
                      {
                        "Node Type": "Hash Join",
                        "Parent Relationship": "Outer",
                        "Parallel Aware": true,
                        "Join Type": "Inner",
                        "Startup Cost": 69301.86,
                        "Total Cost": 133108.03,
                        "Plan Rows": 1835564,
                        "Plan Width": 8,
                        "Actual Startup Time": 424.674,
                        "Actual Total Time": 932.034,
                        "Actual Rows": 1459606,
                        "Actual Loops": 2,
                        "Inner Unique": true,
                        "Hash Cond": "(mk.movie_id = t.id)",
                        "Plans": [
                          {
                            "Node Type": "Seq Scan",
                            "Parent Relationship": "Outer",
                            "Parallel Aware": true,
                            "Relation Name": "movie_keyword",
                            "Alias": "mk",
                            "Startup Cost": 0.0,
                            "Total Cost": 57718.19,
                            "Plan Rows": 2319225,
                            "Plan Width": 4,
                            "Actual Startup Time": 0.014,
                            "Actual Total Time": 215.849,
                            "Actual Rows": 1976959,
                            "Actual Loops": 2,
                            "Filter": "(keyword_id < 32207)",
                            "Rows Removed by Filter": 285006
                          },
                          {
                            "Node Type": "Hash",
                            "Parent Relationship": "Inner",
                            "Parallel Aware": true,
                            "Startup Cost": 54588.39,
                            "Total Cost": 54588.39,
                            "Plan Rows": 1177078,
                            "Plan Width": 4,
                            "Actual Startup Time": 418.886,
                            "Actual Total Time": 418.887,
                            "Actual Rows": 995328,
                            "Actual Loops": 2,
                            "Hash Buckets": 2097152,
                            "Original Hash Buckets": 2097152,
                            "Hash Batches": 1,
                            "Original Hash Batches": 1,
                            "Peak Memory Usage": 94272,
                            "Plans": [
                              {
                                "Node Type": "Seq Scan",
                                "Parent Relationship": "Outer",
                                "Parallel Aware": true,
                                "Relation Name": "title",
                                "Alias": "t",
                                "Startup Cost": 0.0,
                                "Total Cost": 54588.39,
                                "Plan Rows": 1177078,
                                "Plan Width": 4,
                                "Actual Startup Time": 0.037,
                                "Actual Total Time": 175.293,
                                "Actual Rows": 995328,
                                "Actual Loops": 2,
                                "Filter": "(production_year > 1976)",
                                "Rows Removed by Filter": 268828
                              }
                            ]
                          }
                        ]
                      }
                    ]
                  }
                ]
              }
            ]
          }
        ]
      }
    ]
  },
  "Planning Time": 0.889,
  "Triggers": [],
  "Execution Time": 12085.875
}