[
    {
        "Bao": {
            "Bao prediction": 428.958,
            "Bao recommended hint": "SET enable_mergejoin TO off; "
        }
    },
    {
        "Plan": {
            "Node Type": "Aggregate",
            "Strategy": "Plain",
            "Partial Mode": "Simple",
            "Parallel Aware": false,
            "Startup Cost": 9026.03,
            "Total Cost": 9026.04,
            "Plan Rows": 1,
            "Plan Width": 8,
            "Actual Startup Time": 2.622,
            "Actual Total Time": 2.623,
            "Actual Rows": 1,
            "Actual Loops": 1,
            "Output": [
                "count(*)"
            ],
            "Plans": [
                {
                    "Node Type": "Index Scan",
                    "Parent Relationship": "Outer",
                    "Parallel Aware": false,
                    "Scan Direction": "Forward",
                    "Index Name": "company_id_movie_companies",
                    "Relation Name": "movie_companies",
                    "Schema": "public",
                    "Alias": "mc",
                    "Startup Cost": 0.43,
                    "Total Cost": 9021.45,
                    "Plan Rows": 1833,
                    "Plan Width": 0,
                    "Actual Startup Time": 0.04,
                    "Actual Total Time": 2.322,
                    "Actual Rows": 2875,
                    "Actual Loops": 1,
                    "Output": [
                        "id",
                        "movie_id",
                        "company_id",
                        "company_type_id",
                        "note"
                    ],
                    "Index Cond": "(mc.company_id = 82)",
                    "Rows Removed by Index Recheck": 0,
                    "Filter": "(mc.company_type_id < 2)",
                    "Rows Removed by Filter": 677
                }
            ]
        },
        "Planning Time": 613.974,
        "Triggers": [],
        "Execution Time": 2.689
    }
]