[
  {
    "Plan": {
      "Node Type": "Aggregate",
      "Strategy": "Plain",
      "Partial Mode": "Finalize",
      "Parallel Aware": false,
      "Startup Cost": 106493.59,
      "Total Cost": 106493.6,
      "Plan Rows": 1,
      "Plan Width": 8,
      "Actual Startup Time": 124.335,
      "Actual Total Time": 144.724,
      "Actual Rows": 1,
      "Actual Loops": 1,
      "Plans": [
        {
          "Node Type": "Gather",
          "Parent Relationship": "Outer",
          "Parallel Aware": false,
          "Startup Cost": 106493.17,
          "Total Cost": 106493.58,
          "Plan Rows": 4,
          "Plan Width": 8,
          "Actual Startup Time": 124.079,
          "Actual Total Time": 144.716,
          "Actual Rows": 5,
          "Actual Loops": 1,
          "Workers Planned": 4,
          "Workers Launched": 4,
          "Single Copy": false,
          "Plans": [
            {
              "Node Type": "Aggregate",
              "Strategy": "Plain",
              "Partial Mode": "Partial",
              "Parent Relationship": "Outer",
              "Parallel Aware": false,
              "Startup Cost": 105493.17,
              "Total Cost": 105493.18,
              "Plan Rows": 1,
              "Plan Width": 8,
              "Actual Startup Time": 114.356,
              "Actual Total Time": 114.357,
              "Actual Rows": 1,
              "Actual Loops": 5,
              "Plans": [
                {
                  "Node Type": "Nested Loop",
                  "Parent Relationship": "Outer",
                  "Parallel Aware": false,
                  "Join Type": "Inner",
                  "Startup Cost": 0.56,
                  "Total Cost": 105476.96,
                  "Plan Rows": 6484,
                  "Plan Width": 0,
                  "Actual Startup Time": 59.075,
                  "Actual Total Time": 113.619,
                  "Actual Rows": 7144,
                  "Actual Loops": 5,
                  "Inner Unique": false,
                  "Plans": [
                    {
                      "Node Type": "Seq Scan",
                      "Parent Relationship": "Outer",
                      "Parallel Aware": true,
                      "Relation Name": "title",
                      "Alias": "t",
                      "Startup Cost": 0.0,
                      "Total Cost": 43898.92,
                      "Plan Rows": 452,
                      "Plan Width": 4,
                      "Actual Startup Time": 58.961,
                      "Actual Total Time": 79.295,
                      "Actual Rows": 513,
                      "Actual Loops": 5,
                      "Filter": "(production_year = 1932)",
                      "Rows Removed by Filter": 505149
                    },
                    {
                      "Node Type": "Index Only Scan",
                      "Parent Relationship": "Inner",
                      "Parallel Aware": false,
                      "Scan Direction": "Forward",
                      "Index Name": "movie_id_cast_info",
                      "Relation Name": "cast_info",
                      "Alias": "ci",
                      "Startup Cost": 0.56,
                      "Total Cost": 135.86,
                      "Plan Rows": 37,
                      "Plan Width": 4,
                      "Actual Startup Time": 0.014,
                      "Actual Total Time": 0.065,
                      "Actual Rows": 14,
                      "Actual Loops": 2567,
                      "Index Cond": "(movie_id = t.id)",
                      "Rows Removed by Index Recheck": 0,
                      "Heap Fetches": 35721
                    }
                  ]
                }
              ]
            }
          ]
        }
      ]
    },
    "Planning Time": 0.6,
    "Triggers": [],
    "Execution Time": 144.793
  }
]