[
  {
    "Plan": {
      "Node Type": "Aggregate",
      "Strategy": "Plain",
      "Partial Mode": "Finalize",
      "Parallel Aware": false,
      "Startup Cost": 63889.86,
      "Total Cost": 63889.87,
      "Plan Rows": 1,
      "Plan Width": 8,
      "Actual Startup Time": 105.641,
      "Actual Total Time": 118.711,
      "Actual Rows": 1,
      "Actual Loops": 1,
      "Plans": [
        {
          "Node Type": "Gather",
          "Parent Relationship": "Outer",
          "Parallel Aware": false,
          "Startup Cost": 63889.44,
          "Total Cost": 63889.85,
          "Plan Rows": 4,
          "Plan Width": 8,
          "Actual Startup Time": 105.397,
          "Actual Total Time": 118.702,
          "Actual Rows": 5,
          "Actual Loops": 1,
          "Workers Planned": 4,
          "Workers Launched": 4,
          "Single Copy": false,
          "Plans": [
            {
              "Node Type": "Aggregate",
              "Strategy": "Plain",
              "Partial Mode": "Partial",
              "Parent Relationship": "Outer",
              "Parallel Aware": false,
              "Startup Cost": 62889.44,
              "Total Cost": 62889.45,
              "Plan Rows": 1,
              "Plan Width": 8,
              "Actual Startup Time": 95.432,
              "Actual Total Time": 95.434,
              "Actual Rows": 1,
              "Actual Loops": 5,
              "Plans": [
                {
                  "Node Type": "Nested Loop",
                  "Parent Relationship": "Outer",
                  "Parallel Aware": false,
                  "Join Type": "Inner",
                  "Startup Cost": 0.43,
                  "Total Cost": 62882.83,
                  "Plan Rows": 2643,
                  "Plan Width": 0,
                  "Actual Startup Time": 1.98,
                  "Actual Total Time": 95.375,
                  "Actual Rows": 548,
                  "Actual Loops": 5,
                  "Inner Unique": false,
                  "Plans": [
                    {
                      "Node Type": "Seq Scan",
                      "Parent Relationship": "Outer",
                      "Parallel Aware": true,
                      "Relation Name": "title",
                      "Alias": "t",
                      "Startup Cost": 0.0,
                      "Total Cost": 45479.59,
                      "Plan Rows": 2056,
                      "Plan Width": 4,
                      "Actual Startup Time": 0.33,
                      "Actual Total Time": 86.743,
                      "Actual Rows": 1681,
                      "Actual Loops": 5,
                      "Filter": "((kind_id = 7) AND (production_year = 1973))",
                      "Rows Removed by Filter": 503981
                    },
                    {
                      "Node Type": "Index Scan",
                      "Parent Relationship": "Inner",
                      "Parallel Aware": false,
                      "Scan Direction": "Forward",
                      "Index Name": "movie_id_movie_keyword",
                      "Relation Name": "movie_keyword",
                      "Alias": "mk",
                      "Startup Cost": 0.43,
                      "Total Cost": 8.13,
                      "Plan Rows": 33,
                      "Plan Width": 4,
                      "Actual Startup Time": 0.005,
                      "Actual Total Time": 0.005,
                      "Actual Rows": 0,
                      "Actual Loops": 8406,
                      "Index Cond": "(movie_id = t.id)",
                      "Rows Removed by Index Recheck": 0,
                      "Filter": "(keyword_id < 13992)",
                      "Rows Removed by Filter": 0
                    }
                  ]
                }
              ]
            }
          ]
        }
      ]
    },
    "Planning Time": 0.535,
    "Triggers": [],
    "Execution Time": 118.773
  }
]