[
  {
    "Plan": {
      "Node Type": "Aggregate",
      "Strategy": "Plain",
      "Partial Mode": "Finalize",
      "Parallel Aware": false,
      "Startup Cost": 74157.26,
      "Total Cost": 74157.27,
      "Plan Rows": 1,
      "Plan Width": 8,
      "Actual Startup Time": 281.897,
      "Actual Total Time": 297.759,
      "Actual Rows": 1,
      "Actual Loops": 1,
      "Plans": [
        {
          "Node Type": "Gather",
          "Parent Relationship": "Outer",
          "Parallel Aware": false,
          "Startup Cost": 74156.84,
          "Total Cost": 74157.25,
          "Plan Rows": 4,
          "Plan Width": 8,
          "Actual Startup Time": 280.252,
          "Actual Total Time": 297.749,
          "Actual Rows": 5,
          "Actual Loops": 1,
          "Workers Planned": 4,
          "Workers Launched": 4,
          "Single Copy": false,
          "Plans": [
            {
              "Node Type": "Aggregate",
              "Strategy": "Plain",
              "Partial Mode": "Partial",
              "Parent Relationship": "Outer",
              "Parallel Aware": false,
              "Startup Cost": 73156.84,
              "Total Cost": 73156.85,
              "Plan Rows": 1,
              "Plan Width": 8,
              "Actual Startup Time": 269.96,
              "Actual Total Time": 269.964,
              "Actual Rows": 1,
              "Actual Loops": 5,
              "Plans": [
                {
                  "Node Type": "Nested Loop",
                  "Parent Relationship": "Outer",
                  "Parallel Aware": false,
                  "Join Type": "Inner",
                  "Startup Cost": 23404.22,
                  "Total Cost": 73145.83,
                  "Plan Rows": 4406,
                  "Plan Width": 0,
                  "Actual Startup Time": 117.731,
                  "Actual Total Time": 267.553,
                  "Actual Rows": 45815,
                  "Actual Loops": 5,
                  "Inner Unique": false,
                  "Plans": [
                    {
                      "Node Type": "Hash Join",
                      "Parent Relationship": "Outer",
                      "Parallel Aware": true,
                      "Join Type": "Inner",
                      "Startup Cost": 23403.8,
                      "Total Cost": 68568.04,
                      "Plan Rows": 8071,
                      "Plan Width": 8,
                      "Actual Startup Time": 115.961,
                      "Actual Total Time": 177.176,
                      "Actual Rows": 31695,
                      "Actual Loops": 5,
                      "Inner Unique": false,
                      "Hash Cond": "(t.id = mc.movie_id)",
                      "Plans": [
                        {
                          "Node Type": "Seq Scan",
                          "Parent Relationship": "Outer",
                          "Parallel Aware": true,
                          "Relation Name": "title",
                          "Alias": "t",
                          "Startup Cost": 0.0,
                          "Total Cost": 43898.92,
                          "Plan Rows": 247857,
                          "Plan Width": 4,
                          "Actual Startup Time": 0.016,
                          "Actual Total Time": 76.863,
                          "Actual Rows": 197010,
                          "Actual Loops": 5,
                          "Filter": "(kind_id < 7)",
                          "Rows Removed by Filter": 308653
                        },
                        {
                          "Node Type": "Hash",
                          "Parent Relationship": "Inner",
                          "Parallel Aware": true,
                          "Startup Cost": 23071.81,
                          "Total Cost": 23071.81,
                          "Plan Rows": 26559,
                          "Plan Width": 4,
                          "Actual Startup Time": 57.459,
                          "Actual Total Time": 57.46,
                          "Actual Rows": 31695,
                          "Actual Loops": 5,
                          "Hash Buckets": 262144,
                          "Original Hash Buckets": 131072,
                          "Hash Batches": 1,
                          "Original Hash Batches": 1,
                          "Peak Memory Usage": 9408,
                          "Plans": [
                            {
                              "Node Type": "Bitmap Heap Scan",
                              "Parent Relationship": "Outer",
                              "Parallel Aware": true,
                              "Relation Name": "movie_companies",
                              "Alias": "mc",
                              "Startup Cost": 3497.18,
                              "Total Cost": 23071.81,
                              "Plan Rows": 26559,
                              "Plan Width": 4,
                              "Actual Startup Time": 11.18,
                              "Actual Total Time": 36.516,
                              "Actual Rows": 31695,
                              "Actual Loops": 5,
                              "Recheck Cond": "(company_id > 128435)",
                              "Rows Removed by Index Recheck": 0,
                              "Filter": "(company_type_id > 1)",
                              "Rows Removed by Filter": 0,
                              "Exact Heap Blocks": 1466,
                              "Lossy Heap Blocks": 0,
                              "Plans": [
                                {
                                  "Node Type": "Bitmap Index Scan",
                                  "Parent Relationship": "Outer",
                                  "Parallel Aware": false,
                                  "Index Name": "company_id_movie_companies",
                                  "Startup Cost": 0.0,
                                  "Total Cost": 3476.6,
                                  "Plan Rows": 162156,
                                  "Plan Width": 0,
                                  "Actual Startup Time": 14.858,
                                  "Actual Total Time": 14.858,
                                  "Actual Rows": 158475,
                                  "Actual Loops": 1,
                                  "Index Cond": "(company_id > 128435)"
                                }
                              ]
                            }
                          ]
                        }
                      ]
                    },
                    {
                      "Node Type": "Index Only Scan",
                      "Parent Relationship": "Inner",
                      "Parallel Aware": false,
                      "Scan Direction": "Forward",
                      "Index Name": "movie_id_movie_info_idx",
                      "Relation Name": "movie_info_idx",
                      "Alias": "mi_idx",
                      "Startup Cost": 0.43,
                      "Total Cost": 0.54,
                      "Plan Rows": 3,
                      "Plan Width": 4,
                      "Actual Startup Time": 0.002,
                      "Actual Total Time": 0.003,
                      "Actual Rows": 1,
                      "Actual Loops": 158475,
                      "Index Cond": "(movie_id = t.id)",
                      "Rows Removed by Index Recheck": 0,
                      "Heap Fetches": 229077
                    }
                  ]
                }
              ]
            }
          ]
        }
      ]
    },
    "Planning Time": 1.488,
    "Triggers": [],
    "Execution Time": 297.87
  }
]