[
  {
    "Plan": {
      "Node Type": "Aggregate",
      "Strategy": "Plain",
      "Partial Mode": "Finalize",
      "Parallel Aware": false,
      "Startup Cost": 51236.7,
      "Total Cost": 51236.71,
      "Plan Rows": 1,
      "Plan Width": 8,
      "Actual Startup Time": 95.698,
      "Actual Total Time": 109.267,
      "Actual Rows": 1,
      "Actual Loops": 1,
      "Plans": [
        {
          "Node Type": "Gather",
          "Parent Relationship": "Outer",
          "Parallel Aware": false,
          "Startup Cost": 51236.28,
          "Total Cost": 51236.69,
          "Plan Rows": 4,
          "Plan Width": 8,
          "Actual Startup Time": 95.502,
          "Actual Total Time": 109.258,
          "Actual Rows": 5,
          "Actual Loops": 1,
          "Workers Planned": 4,
          "Workers Launched": 4,
          "Single Copy": false,
          "Plans": [
            {
              "Node Type": "Aggregate",
              "Strategy": "Plain",
              "Partial Mode": "Partial",
              "Parent Relationship": "Outer",
              "Parallel Aware": false,
              "Startup Cost": 50236.28,
              "Total Cost": 50236.29,
              "Plan Rows": 1,
              "Plan Width": 8,
              "Actual Startup Time": 89.001,
              "Actual Total Time": 89.003,
              "Actual Rows": 1,
              "Actual Loops": 5,
              "Plans": [
                {
                  "Node Type": "Nested Loop",
                  "Parent Relationship": "Outer",
                  "Parallel Aware": false,
                  "Join Type": "Inner",
                  "Startup Cost": 0.43,
                  "Total Cost": 50234.02,
                  "Plan Rows": 906,
                  "Plan Width": 0,
                  "Actual Startup Time": 52.435,
                  "Actual Total Time": 88.955,
                  "Actual Rows": 394,
                  "Actual Loops": 5,
                  "Inner Unique": false,
                  "Plans": [
                    {
                      "Node Type": "Seq Scan",
                      "Parent Relationship": "Outer",
                      "Parallel Aware": true,
                      "Relation Name": "title",
                      "Alias": "t",
                      "Startup Cost": 0.0,
                      "Total Cost": 45479.59,
                      "Plan Rows": 506,
                      "Plan Width": 4,
                      "Actual Startup Time": 52.06,
                      "Actual Total Time": 78.117,
                      "Actual Rows": 1554,
                      "Actual Loops": 5,
                      "Filter": "((kind_id = 1) AND (production_year = 1912))",
                      "Rows Removed by Filter": 504108
                    },
                    {
                      "Node Type": "Index Only Scan",
                      "Parent Relationship": "Inner",
                      "Parallel Aware": false,
                      "Scan Direction": "Forward",
                      "Index Name": "movie_id_movie_keyword",
                      "Relation Name": "movie_keyword",
                      "Alias": "mk",
                      "Startup Cost": 0.43,
                      "Total Cost": 8.94,
                      "Plan Rows": 46,
                      "Plan Width": 4,
                      "Actual Startup Time": 0.006,
                      "Actual Total Time": 0.007,
                      "Actual Rows": 0,
                      "Actual Loops": 7770,
                      "Index Cond": "(movie_id = t.id)",
                      "Rows Removed by Index Recheck": 0,
                      "Heap Fetches": 1972
                    }
                  ]
                }
              ]
            }
          ]
        }
      ]
    },
    "Planning Time": 0.287,
    "Triggers": [],
    "Execution Time": 109.308
  }
]