{
  "Plan": {
    "Node Type": "Aggregate",
    "Strategy": "Plain",
    "Partial Mode": "Finalize",
    "Parallel Aware": false,
    "Startup Cost": 426735.79,
    "Total Cost": 426735.8,
    "Plan Rows": 1,
    "Plan Width": 8,
    "Actual Startup Time": 5308.261,
    "Actual Total Time": 5351.238,
    "Actual Rows": 1,
    "Actual Loops": 1,
    "Plans": [
      {
        "Node Type": "Gather",
        "Parent Relationship": "Outer",
        "Parallel Aware": false,
        "Startup Cost": 426735.68,
        "Total Cost": 426735.79,
        "Plan Rows": 1,
        "Plan Width": 8,
        "Actual Startup Time": 5303.031,
        "Actual Total Time": 5351.228,
        "Actual Rows": 2,
        "Actual Loops": 1,
        "Workers Planned": 1,
        "Workers Launched": 1,
        "Single Copy": false,
        "Plans": [
          {
            "Node Type": "Aggregate",
            "Strategy": "Plain",
            "Partial Mode": "Partial",
            "Parent Relationship": "Outer",
            "Parallel Aware": false,
            "Startup Cost": 425735.68,
            "Total Cost": 425735.69,
            "Plan Rows": 1,
            "Plan Width": 8,
            "Actual Startup Time": 5299.914,
            "Actual Total Time": 5300.194,
            "Actual Rows": 1,
            "Actual Loops": 2,
            "Plans": [
              {
                "Node Type": "Hash Join",
                "Parent Relationship": "Outer",
                "Parallel Aware": true,
                "Join Type": "Inner",
                "Startup Cost": 122312.62,
                "Total Cost": 419217.14,
                "Plan Rows": 2607417,
                "Plan Width": 0,
                "Actual Startup Time": 970.219,
                "Actual Total Time": 4370.352,
                "Actual Rows": 20458648,
                "Actual Loops": 2,
                "Inner Unique": false,
                "Hash Cond": "(mi.movie_id = t.id)",
                "Plans": [
                  {
                    "Node Type": "Seq Scan",
                    "Parent Relationship": "Outer",
                    "Parallel Aware": true,
                    "Relation Name": "movie_info",
                    "Alias": "mi",
                    "Startup Cost": 0.0,
                    "Total Cost": 248955.74,
                    "Plan Rows": 8696274,
                    "Plan Width": 4,
                    "Actual Startup Time": 0.026,
                    "Actual Total Time": 664.023,
                    "Actual Rows": 7417860,
                    "Actual Loops": 2
                  },
                  {
                    "Node Type": "Hash",
                    "Parent Relationship": "Inner",
                    "Parallel Aware": true,
                    "Startup Cost": 116738.63,
                    "Total Cost": 116738.63,
                    "Plan Rows": 445919,
                    "Plan Width": 8,
                    "Actual Startup Time": 962.834,
                    "Actual Total Time": 963.113,
                    "Actual Rows": 373370,
                    "Actual Loops": 2,
                    "Hash Buckets": 1048576,
                    "Original Hash Buckets": 1048576,
                    "Hash Batches": 1,
                    "Original Hash Batches": 1,
                    "Peak Memory Usage": 37440,
                    "Plans": [
                      {
                        "Node Type": "Hash Join",
                        "Parent Relationship": "Outer",
                        "Parallel Aware": true,
                        "Join Type": "Inner",
                        "Startup Cost": 85540.11,
                        "Total Cost": 116738.63,
                        "Plan Rows": 445919,
                        "Plan Width": 8,
                        "Actual Startup Time": 669.522,
                        "Actual Total Time": 871.452,
                        "Actual Rows": 373370,
                        "Actual Loops": 2,
                        "Inner Unique": true,
                        "Hash Cond": "(mk.movie_id = t.id)",
                        "Plans": [
                          {
                            "Node Type": "Bitmap Heap Scan",
                            "Parent Relationship": "Outer",
                            "Parallel Aware": true,
                            "Relation Name": "movie_keyword",
                            "Alias": "mk",
                            "Startup Cost": 16079.41,
                            "Total Cost": 46107.4,
                            "Plan Rows": 445919,
                            "Plan Width": 4,
                            "Actual Startup Time": 52.996,
                            "Actual Total Time": 141.265,
                            "Actual Rows": 373370,
                            "Actual Loops": 2,
                            "Recheck Cond": "(keyword_id > 25053)",
                            "Rows Removed by Index Recheck": 0,
                            "Exact Heap Blocks": 9481,
                            "Lossy Heap Blocks": 0,
                            "Plans": [
                              {
                                "Node Type": "Bitmap Index Scan",
                                "Parent Relationship": "Outer",
                                "Parallel Aware": false,
                                "Index Name": "keyword_id_movie_keyword",
                                "Startup Cost": 0.0,
                                "Total Cost": 15889.9,
                                "Plan Rows": 758062,
                                "Plan Width": 0,
                                "Actual Startup Time": 49.535,
                                "Actual Total Time": 49.536,
                                "Actual Rows": 746741,
                                "Actual Loops": 1,
                                "Index Cond": "(keyword_id > 25053)"
                              }
                            ]
                          },
                          {
                            "Node Type": "Hash",
                            "Parent Relationship": "Inner",
                            "Parallel Aware": true,
                            "Startup Cost": 50870.31,
                            "Total Cost": 50870.31,
                            "Plan Rows": 1487231,
                            "Plan Width": 4,
                            "Actual Startup Time": 600.142,
                            "Actual Total Time": 600.143,
                            "Actual Rows": 1264156,
                            "Actual Loops": 2,
                            "Hash Buckets": 4194304,
                            "Original Hash Buckets": 4194304,
                            "Hash Batches": 1,
                            "Original Hash Batches": 1,
                            "Peak Memory Usage": 131712,
                            "Plans": [
                              {
                                "Node Type": "Seq Scan",
                                "Parent Relationship": "Outer",
                                "Parallel Aware": true,
                                "Relation Name": "title",
                                "Alias": "t",
                                "Startup Cost": 0.0,
                                "Total Cost": 50870.31,
                                "Plan Rows": 1487231,
                                "Plan Width": 4,
                                "Actual Startup Time": 0.027,
                                "Actual Total Time": 181.8,
                                "Actual Rows": 1264156,
                                "Actual Loops": 2
                              }
                            ]
                          }
                        ]
                      }
                    ]
                  }
                ]
              }
            ]
          }
        ]
      }
    ]
  },
  "Planning Time": 0.498,
  "Triggers": [],
  "Execution Time": 5351.309
}