{
  "Plan": {
    "Node Type": "Aggregate",
    "Strategy": "Plain",
    "Partial Mode": "Finalize",
    "Parallel Aware": false,
    "Startup Cost": 500163.32,
    "Total Cost": 500163.33,
    "Plan Rows": 1,
    "Plan Width": 8,
    "Actual Startup Time": 234.356,
    "Actual Total Time": 267.632,
    "Actual Rows": 1,
    "Actual Loops": 1,
    "Plans": [
      {
        "Node Type": "Gather",
        "Parent Relationship": "Outer",
        "Parallel Aware": false,
        "Startup Cost": 500163.21,
        "Total Cost": 500163.32,
        "Plan Rows": 1,
        "Plan Width": 8,
        "Actual Startup Time": 234.228,
        "Actual Total Time": 267.623,
        "Actual Rows": 2,
        "Actual Loops": 1,
        "Workers Planned": 1,
        "Workers Launched": 1,
        "Single Copy": false,
        "Plans": [
          {
            "Node Type": "Aggregate",
            "Strategy": "Plain",
            "Partial Mode": "Partial",
            "Parent Relationship": "Outer",
            "Parallel Aware": false,
            "Startup Cost": 499163.21,
            "Total Cost": 499163.22,
            "Plan Rows": 1,
            "Plan Width": 8,
            "Actual Startup Time": 228.304,
            "Actual Total Time": 228.306,
            "Actual Rows": 1,
            "Actual Loops": 2,
            "Plans": [
              {
                "Node Type": "Nested Loop",
                "Parent Relationship": "Outer",
                "Parallel Aware": false,
                "Join Type": "Inner",
                "Startup Cost": 0.56,
                "Total Cost": 499007.76,
                "Plan Rows": 62179,
                "Plan Width": 0,
                "Actual Startup Time": 0.328,
                "Actual Total Time": 225.237,
                "Actual Rows": 47654,
                "Actual Loops": 2,
                "Inner Unique": false,
                "Plans": [
                  {
                    "Node Type": "Seq Scan",
                    "Parent Relationship": "Outer",
                    "Parallel Aware": true,
                    "Relation Name": "title",
                    "Alias": "t",
                    "Startup Cost": 0.0,
                    "Total Cost": 58306.47,
                    "Plan Rows": 4339,
                    "Plan Width": 4,
                    "Actual Startup Time": 0.149,
                    "Actual Total Time": 123.604,
                    "Actual Rows": 3817,
                    "Actual Loops": 2,
                    "Filter": "((kind_id = 7) AND (production_year = 1972))",
                    "Rows Removed by Filter": 1260339
                  },
                  {
                    "Node Type": "Index Only Scan",
                    "Parent Relationship": "Inner",
                    "Parallel Aware": false,
                    "Scan Direction": "Forward",
                    "Index Name": "movie_id_cast_info",
                    "Relation Name": "cast_info",
                    "Alias": "ci",
                    "Startup Cost": 0.56,
                    "Total Cost": 101.2,
                    "Plan Rows": 37,
                    "Plan Width": 4,
                    "Actual Startup Time": 0.007,
                    "Actual Total Time": 0.025,
                    "Actual Rows": 12,
                    "Actual Loops": 7634,
                    "Index Cond": "(movie_id = t.id)",
                    "Rows Removed by Index Recheck": 0,
                    "Heap Fetches": 95309
                  }
                ]
              }
            ]
          }
        ]
      }
    ]
  },
  "Planning Time": 0.459,
  "Triggers": [],
  "Execution Time": 267.71
}