[
  {
    "Plan": {
      "Node Type": "Aggregate",
      "Strategy": "Plain",
      "Partial Mode": "Finalize",
      "Parallel Aware": false,
      "Startup Cost": 549100.58,
      "Total Cost": 549100.59,
      "Plan Rows": 1,
      "Plan Width": 8,
      "Actual Startup Time": 2243.436,
      "Actual Total Time": 2292.59,
      "Actual Rows": 1,
      "Actual Loops": 1,
      "Plans": [
        {
          "Node Type": "Gather",
          "Parent Relationship": "Outer",
          "Parallel Aware": false,
          "Startup Cost": 549100.06,
          "Total Cost": 549100.57,
          "Plan Rows": 5,
          "Plan Width": 8,
          "Actual Startup Time": 2216.614,
          "Actual Total Time": 2292.571,
          "Actual Rows": 6,
          "Actual Loops": 1,
          "Workers Planned": 5,
          "Workers Launched": 5,
          "Single Copy": false,
          "Plans": [
            {
              "Node Type": "Aggregate",
              "Strategy": "Plain",
              "Partial Mode": "Partial",
              "Parent Relationship": "Outer",
              "Parallel Aware": false,
              "Startup Cost": 548100.06,
              "Total Cost": 548100.07,
              "Plan Rows": 1,
              "Plan Width": 8,
              "Actual Startup Time": 2206.507,
              "Actual Total Time": 2206.635,
              "Actual Rows": 1,
              "Actual Loops": 6,
              "Plans": [
                {
                  "Node Type": "Hash Join",
                  "Parent Relationship": "Outer",
                  "Parallel Aware": true,
                  "Join Type": "Inner",
                  "Startup Cost": 340684.5,
                  "Total Cost": 545342.59,
                  "Plan Rows": 1102989,
                  "Plan Width": 0,
                  "Actual Startup Time": 654.606,
                  "Actual Total Time": 1970.922,
                  "Actual Rows": 5504260,
                  "Actual Loops": 6,
                  "Inner Unique": false,
                  "Hash Cond": "(mi.movie_id = t.id)",
                  "Plans": [
                    {
                      "Node Type": "Seq Scan",
                      "Parent Relationship": "Outer",
                      "Parallel Aware": true,
                      "Relation Name": "movie_info",
                      "Alias": "mi",
                      "Startup Cost": 0.0,
                      "Total Cost": 191685.19,
                      "Plan Rows": 2969219,
                      "Plan Width": 4,
                      "Actual Startup Time": 0.025,
                      "Actual Total Time": 277.456,
                      "Actual Rows": 2472620,
                      "Actual Loops": 6
                    },
                    {
                      "Node Type": "Hash",
                      "Parent Relationship": "Inner",
                      "Parallel Aware": true,
                      "Startup Cost": 338727.74,
                      "Total Cost": 338727.74,
                      "Plan Rows": 156541,
                      "Plan Width": 8,
                      "Actual Startup Time": 650.627,
                      "Actual Total Time": 650.753,
                      "Actual Rows": 227856,
                      "Actual Loops": 6,
                      "Hash Buckets": 2097152,
                      "Original Hash Buckets": 1048576,
                      "Hash Batches": 1,
                      "Original Hash Batches": 1,
                      "Peak Memory Usage": 78144,
                      "Plans": [
                        {
                          "Node Type": "Hash Join",
                          "Parent Relationship": "Outer",
                          "Parallel Aware": true,
                          "Join Type": "Inner",
                          "Startup Cost": 82015.3,
                          "Total Cost": 338727.74,
                          "Plan Rows": 156541,
                          "Plan Width": 8,
                          "Actual Startup Time": 335.377,
                          "Actual Total Time": 523.095,
                          "Actual Rows": 227856,
                          "Actual Loops": 6,
                          "Inner Unique": true,
                          "Hash Cond": "(ci.movie_id = t.id)",
                          "Plans": [
                            {
                              "Node Type": "Bitmap Heap Scan",
                              "Parent Relationship": "Outer",
                              "Parallel Aware": true,
                              "Relation Name": "cast_info",
                              "Alias": "ci",
                              "Startup Cost": 31794.92,
                              "Total Cost": 288096.44,
                              "Plan Rows": 156541,
                              "Plan Width": 4,
                              "Actual Startup Time": 48.796,
                              "Actual Total Time": 112.038,
                              "Actual Rows": 227856,
                              "Actual Loops": 6,
                              "Recheck Cond": "(person_id > 3796435)",
                              "Rows Removed by Index Recheck": 0,
                              "Filter": "(role_id > 1)",
                              "Rows Removed by Filter": 0,
                              "Exact Heap Blocks": 3705,
                              "Lossy Heap Blocks": 0,
                              "Plans": [
                                {
                                  "Node Type": "Bitmap Index Scan",
                                  "Parent Relationship": "Outer",
                                  "Parallel Aware": false,
                                  "Index Name": "person_id_cast_info",
                                  "Startup Cost": 0.0,
                                  "Total Cost": 31560.11,
                                  "Plan Rows": 1445806,
                                  "Plan Width": 0,
                                  "Actual Startup Time": 45.526,
                                  "Actual Total Time": 45.527,
                                  "Actual Rows": 1367139,
                                  "Actual Loops": 1,
                                  "Index Cond": "(person_id > 3796435)"
                                }
                              ]
                            },
                            {
                              "Node Type": "Hash",
                              "Parent Relationship": "Inner",
                              "Parallel Aware": true,
                              "Startup Cost": 42319.06,
                              "Total Cost": 42319.06,
                              "Plan Rows": 632106,
                              "Plan Width": 4,
                              "Actual Startup Time": 280.972,
                              "Actual Total Time": 280.974,
                              "Actual Rows": 421385,
                              "Actual Loops": 6,
                              "Hash Buckets": 4194304,
                              "Original Hash Buckets": 4194304,
                              "Hash Batches": 1,
                              "Original Hash Batches": 1,
                              "Peak Memory Usage": 131744,
                              "Plans": [
                                {
                                  "Node Type": "Seq Scan",
                                  "Parent Relationship": "Outer",
                                  "Parallel Aware": true,
                                  "Relation Name": "title",
                                  "Alias": "t",
                                  "Startup Cost": 0.0,
                                  "Total Cost": 42319.06,
                                  "Plan Rows": 632106,
                                  "Plan Width": 4,
                                  "Actual Startup Time": 0.063,
                                  "Actual Total Time": 78.908,
                                  "Actual Rows": 421385,
                                  "Actual Loops": 6
                                }
                              ]
                            }
                          ]
                        }
                      ]
                    }
                  ]
                }
              ]
            }
          ]
        }
      ]
    },
    "Planning Time": 1.357,
    "Triggers": [],
    "Execution Time": 2292.705
  }
]