[
  {
    "Plan": {
      "Node Type": "Aggregate",
      "Strategy": "Plain",
      "Partial Mode": "Finalize",
      "Parallel Aware": false,
      "Startup Cost": 547077.01,
      "Total Cost": 547077.02,
      "Plan Rows": 1,
      "Plan Width": 8,
      "Actual Startup Time": 2211.206,
      "Actual Total Time": 2263.402,
      "Actual Rows": 1,
      "Actual Loops": 1,
      "Plans": [
        {
          "Node Type": "Gather",
          "Parent Relationship": "Outer",
          "Parallel Aware": false,
          "Startup Cost": 547076.49,
          "Total Cost": 547077.0,
          "Plan Rows": 5,
          "Plan Width": 8,
          "Actual Startup Time": 2167.74,
          "Actual Total Time": 2263.388,
          "Actual Rows": 6,
          "Actual Loops": 1,
          "Workers Planned": 5,
          "Workers Launched": 5,
          "Single Copy": false,
          "Plans": [
            {
              "Node Type": "Aggregate",
              "Strategy": "Plain",
              "Partial Mode": "Partial",
              "Parent Relationship": "Outer",
              "Parallel Aware": false,
              "Startup Cost": 546076.49,
              "Total Cost": 546076.5,
              "Plan Rows": 1,
              "Plan Width": 8,
              "Actual Startup Time": 2157.196,
              "Actual Total Time": 2157.375,
              "Actual Rows": 1,
              "Actual Loops": 6,
              "Plans": [
                {
                  "Node Type": "Hash Join",
                  "Parent Relationship": "Outer",
                  "Parallel Aware": true,
                  "Join Type": "Inner",
                  "Startup Cost": 339017.66,
                  "Total Cost": 543430.04,
                  "Plan Rows": 1058580,
                  "Plan Width": 0,
                  "Actual Startup Time": 630.461,
                  "Actual Total Time": 1936.14,
                  "Actual Rows": 5504260,
                  "Actual Loops": 6,
                  "Inner Unique": false,
                  "Hash Cond": "(mi.movie_id = t.id)",
                  "Plans": [
                    {
                      "Node Type": "Seq Scan",
                      "Parent Relationship": "Outer",
                      "Parallel Aware": true,
                      "Relation Name": "movie_info",
                      "Alias": "mi",
                      "Startup Cost": 0.0,
                      "Total Cost": 191560.33,
                      "Plan Rows": 2956733,
                      "Plan Width": 4,
                      "Actual Startup Time": 0.055,
                      "Actual Total Time": 288.598,
                      "Actual Rows": 2472620,
                      "Actual Loops": 6
                    },
                    {
                      "Node Type": "Hash",
                      "Parent Relationship": "Inner",
                      "Parallel Aware": true,
                      "Startup Cost": 337131.85,
                      "Total Cost": 337131.85,
                      "Plan Rows": 150865,
                      "Plan Width": 8,
                      "Actual Startup Time": 626.37,
                      "Actual Total Time": 626.545,
                      "Actual Rows": 227856,
                      "Actual Loops": 6,
                      "Hash Buckets": 2097152,
                      "Original Hash Buckets": 1048576,
                      "Hash Batches": 1,
                      "Original Hash Batches": 1,
                      "Peak Memory Usage": 78112,
                      "Plans": [
                        {
                          "Node Type": "Hash Join",
                          "Parent Relationship": "Outer",
                          "Parallel Aware": true,
                          "Join Type": "Inner",
                          "Startup Cost": 80597.25,
                          "Total Cost": 337131.85,
                          "Plan Rows": 150865,
                          "Plan Width": 8,
                          "Actual Startup Time": 326.834,
                          "Actual Total Time": 508.435,
                          "Actual Rows": 227856,
                          "Actual Loops": 6,
                          "Inner Unique": true,
                          "Hash Cond": "(ci.movie_id = t.id)",
                          "Plans": [
                            {
                              "Node Type": "Bitmap Heap Scan",
                              "Parent Relationship": "Outer",
                              "Parallel Aware": true,
                              "Relation Name": "cast_info",
                              "Alias": "ci",
                              "Startup Cost": 30377.6,
                              "Total Cost": 286516.18,
                              "Plan Rows": 150865,
                              "Plan Width": 4,
                              "Actual Startup Time": 57.349,
                              "Actual Total Time": 113.968,
                              "Actual Rows": 227856,
                              "Actual Loops": 6,
                              "Recheck Cond": "(person_id > 3796435)",
                              "Rows Removed by Index Recheck": 0,
                              "Filter": "(role_id > 1)",
                              "Rows Removed by Filter": 0,
                              "Exact Heap Blocks": 3505,
                              "Lossy Heap Blocks": 0,
                              "Plans": [
                                {
                                  "Node Type": "Bitmap Index Scan",
                                  "Parent Relationship": "Outer",
                                  "Parallel Aware": false,
                                  "Index Name": "person_id_cast_info",
                                  "Startup Cost": 0.0,
                                  "Total Cost": 30151.3,
                                  "Plan Rows": 1380632,
                                  "Plan Width": 0,
                                  "Actual Startup Time": 54.249,
                                  "Actual Total Time": 54.25,
                                  "Actual Rows": 1367139,
                                  "Actual Loops": 1,
                                  "Index Cond": "(person_id > 3796435)"
                                }
                              ]
                            },
                            {
                              "Node Type": "Hash",
                              "Parent Relationship": "Inner",
                              "Parallel Aware": true,
                              "Startup Cost": 42318.73,
                              "Total Cost": 42318.73,
                              "Plan Rows": 632073,
                              "Plan Width": 4,
                              "Actual Startup Time": 264.307,
                              "Actual Total Time": 264.308,
                              "Actual Rows": 421385,
                              "Actual Loops": 6,
                              "Hash Buckets": 4194304,
                              "Original Hash Buckets": 4194304,
                              "Hash Batches": 1,
                              "Original Hash Batches": 1,
                              "Peak Memory Usage": 131776,
                              "Plans": [
                                {
                                  "Node Type": "Seq Scan",
                                  "Parent Relationship": "Outer",
                                  "Parallel Aware": true,
                                  "Relation Name": "title",
                                  "Alias": "t",
                                  "Startup Cost": 0.0,
                                  "Total Cost": 42318.73,
                                  "Plan Rows": 632073,
                                  "Plan Width": 4,
                                  "Actual Startup Time": 0.038,
                                  "Actual Total Time": 75.475,
                                  "Actual Rows": 421385,
                                  "Actual Loops": 6
                                }
                              ]
                            }
                          ]
                        }
                      ]
                    }
                  ]
                }
              ]
            }
          ]
        }
      ]
    },
    "Planning Time": 1.404,
    "Triggers": [],
    "Execution Time": 2263.512
  }
]