[
  {
    "Plan": {
      "Node Type": "Aggregate",
      "Strategy": "Plain",
      "Partial Mode": "Finalize",
      "Parallel Aware": false,
      "Startup Cost": 46259.21,
      "Total Cost": 46259.22,
      "Plan Rows": 1,
      "Plan Width": 8,
      "Actual Startup Time": 194.553,
      "Actual Total Time": 206.938,
      "Actual Rows": 1,
      "Actual Loops": 1,
      "Plans": [
        {
          "Node Type": "Gather",
          "Parent Relationship": "Outer",
          "Parallel Aware": false,
          "Startup Cost": 46258.89,
          "Total Cost": 46259.2,
          "Plan Rows": 3,
          "Plan Width": 8,
          "Actual Startup Time": 194.399,
          "Actual Total Time": 206.929,
          "Actual Rows": 4,
          "Actual Loops": 1,
          "Workers Planned": 3,
          "Workers Launched": 3,
          "Single Copy": false,
          "Plans": [
            {
              "Node Type": "Aggregate",
              "Strategy": "Plain",
              "Partial Mode": "Partial",
              "Parent Relationship": "Outer",
              "Parallel Aware": false,
              "Startup Cost": 45258.89,
              "Total Cost": 45258.9,
              "Plan Rows": 1,
              "Plan Width": 8,
              "Actual Startup Time": 189.757,
              "Actual Total Time": 189.759,
              "Actual Rows": 1,
              "Actual Loops": 4,
              "Plans": [
                {
                  "Node Type": "Seq Scan",
                  "Parent Relationship": "Outer",
                  "Parallel Aware": true,
                  "Relation Name": "movie_keyword",
                  "Alias": "mk",
                  "Startup Cost": 0.0,
                  "Total Cost": 42695.65,
                  "Plan Rows": 1025294,
                  "Plan Width": 0,
                  "Actual Startup Time": 0.034,
                  "Actual Total Time": 145.047,
                  "Actual Rows": 794449,
                  "Actual Loops": 4,
                  "Filter": "(keyword_id < 12674)",
                  "Rows Removed by Filter": 336534
                }
              ]
            }
          ]
        }
      ]
    },
    "Planning Time": 0.185,
    "Triggers": [],
    "Execution Time": 207.001
  }
]