[
    {
        "Bao": {
            "Bao prediction": "NaN",
            "Bao recommended hint": "(no hint)"
        }
    },
    {
        "Plan": {
            "Node Type": "Aggregate",
            "Strategy": "Plain",
            "Partial Mode": "Finalize",
            "Parallel Aware": false,
            "Startup Cost": 21821.59,
            "Total Cost": 21821.6,
            "Plan Rows": 1,
            "Plan Width": 8,
            "Actual Startup Time": 24.021,
            "Actual Total Time": 27.727,
            "Actual Rows": 1,
            "Actual Loops": 1,
            "Output": [
                "count(*)"
            ],
            "Plans": [
                {
                    "Node Type": "Gather",
                    "Parent Relationship": "Outer",
                    "Parallel Aware": false,
                    "Startup Cost": 21821.48,
                    "Total Cost": 21821.59,
                    "Plan Rows": 1,
                    "Plan Width": 8,
                    "Actual Startup Time": 23.841,
                    "Actual Total Time": 27.718,
                    "Actual Rows": 2,
                    "Actual Loops": 1,
                    "Output": [
                        "(PARTIAL count(*))"
                    ],
                    "Workers Planned": 1,
                    "Workers Launched": 1,
                    "Single Copy": false,
                    "Plans": [
                        {
                            "Node Type": "Aggregate",
                            "Strategy": "Plain",
                            "Partial Mode": "Partial",
                            "Parent Relationship": "Outer",
                            "Parallel Aware": false,
                            "Startup Cost": 20821.48,
                            "Total Cost": 20821.49,
                            "Plan Rows": 1,
                            "Plan Width": 8,
                            "Actual Startup Time": 17.97,
                            "Actual Total Time": 17.973,
                            "Actual Rows": 1,
                            "Actual Loops": 2,
                            "Output": [
                                "PARTIAL count(*)"
                            ],
                            "Workers": [
                                {
                                    "Worker Number": 0,
                                    "Actual Startup Time": 12.683,
                                    "Actual Total Time": 12.685,
                                    "Actual Rows": 1,
                                    "Actual Loops": 1
                                }
                            ],
                            "Plans": [
                                {
                                    "Node Type": "Nested Loop",
                                    "Parent Relationship": "Outer",
                                    "Parallel Aware": false,
                                    "Join Type": "Inner",
                                    "Startup Cost": 63.1,
                                    "Total Cost": 20819.54,
                                    "Plan Rows": 778,
                                    "Plan Width": 0,
                                    "Actual Startup Time": 1.615,
                                    "Actual Total Time": 17.846,
                                    "Actual Rows": 466,
                                    "Actual Loops": 2,
                                    "Inner Unique": true,
                                    "Workers": [
                                        {
                                            "Worker Number": 0,
                                            "Actual Startup Time": 0.386,
                                            "Actual Total Time": 12.65,
                                            "Actual Rows": 61,
                                            "Actual Loops": 1
                                        }
                                    ],
                                    "Plans": [
                                        {
                                            "Node Type": "Bitmap Heap Scan",
                                            "Parent Relationship": "Outer",
                                            "Parallel Aware": true,
                                            "Relation Name": "movie_companies",
                                            "Schema": "public",
                                            "Alias": "mc",
                                            "Startup Cost": 62.67,
                                            "Total Cost": 7737.43,
                                            "Plan Rows": 1688,
                                            "Plan Width": 4,
                                            "Actual Startup Time": 1.461,
                                            "Actual Total Time": 4.5,
                                            "Actual Rows": 1380,
                                            "Actual Loops": 2,
                                            "Output": [
                                                "mc.id",
                                                "mc.movie_id",
                                                "mc.company_id",
                                                "mc.company_type_id",
                                                "mc.note"
                                            ],
                                            "Recheck Cond": "(mc.company_id = 31)",
                                            "Rows Removed by Index Recheck": 0,
                                            "Exact Heap Blocks": 1134,
                                            "Lossy Heap Blocks": 0,
                                            "Workers": [
                                                {
                                                    "Worker Number": 0,
                                                    "Actual Startup Time": 0.14,
                                                    "Actual Total Time": 2.735,
                                                    "Actual Rows": 237,
                                                    "Actual Loops": 1
                                                }
                                            ],
                                            "Plans": [
                                                {
                                                    "Node Type": "Bitmap Index Scan",
                                                    "Parent Relationship": "Outer",
                                                    "Parallel Aware": false,
                                                    "Index Name": "company_id_movie_companies",
                                                    "Startup Cost": 0.0,
                                                    "Total Cost": 61.95,
                                                    "Plan Rows": 2870,
                                                    "Plan Width": 0,
                                                    "Actual Startup Time": 2.172,
                                                    "Actual Total Time": 2.172,
                                                    "Actual Rows": 2760,
                                                    "Actual Loops": 1,
                                                    "Index Cond": "(mc.company_id = 31)"
                                                }
                                            ]
                                        },
                                        {
                                            "Node Type": "Index Scan",
                                            "Parent Relationship": "Inner",
                                            "Parallel Aware": false,
                                            "Scan Direction": "Forward",
                                            "Index Name": "title_pkey",
                                            "Relation Name": "title",
                                            "Schema": "public",
                                            "Alias": "t",
                                            "Startup Cost": 0.43,
                                            "Total Cost": 7.75,
                                            "Plan Rows": 1,
                                            "Plan Width": 4,
                                            "Actual Startup Time": 0.009,
                                            "Actual Total Time": 0.009,
                                            "Actual Rows": 0,
                                            "Actual Loops": 2760,
                                            "Output": [
                                                "t.id",
                                                "t.title",
                                                "t.imdb_index",
                                                "t.kind_id",
                                                "t.production_year",
                                                "t.imdb_id",
                                                "t.phonetic_code",
                                                "t.episode_of_id",
                                                "t.season_nr",
                                                "t.episode_nr",
                                                "t.series_years",
                                                "t.md5sum"
                                            ],
                                            "Index Cond": "(t.id = mc.movie_id)",
                                            "Rows Removed by Index Recheck": 0,
                                            "Filter": "((t.production_year < 2010) AND (t.kind_id = 7))",
                                            "Rows Removed by Filter": 1,
                                            "Workers": [
                                                {
                                                    "Worker Number": 0,
                                                    "Actual Startup Time": 0.04,
                                                    "Actual Total Time": 0.04,
                                                    "Actual Rows": 0,
                                                    "Actual Loops": 237
                                                }
                                            ]
                                        }
                                    ]
                                }
                            ]
                        }
                    ]
                }
            ]
        },
        "Planning Time": 200.456,
        "Triggers": [],
        "Execution Time": 27.849
    }
]