[
  {
    "Plan": {
      "Node Type": "Aggregate",
      "Strategy": "Plain",
      "Partial Mode": "Finalize",
      "Parallel Aware": false,
      "Startup Cost": 78293.04,
      "Total Cost": 78293.05,
      "Plan Rows": 1,
      "Plan Width": 8,
      "Actual Startup Time": 392.813,
      "Actual Total Time": 407.43,
      "Actual Rows": 1,
      "Actual Loops": 1,
      "Plans": [
        {
          "Node Type": "Gather",
          "Parent Relationship": "Outer",
          "Parallel Aware": false,
          "Startup Cost": 78292.73,
          "Total Cost": 78293.04,
          "Plan Rows": 3,
          "Plan Width": 8,
          "Actual Startup Time": 390.641,
          "Actual Total Time": 407.422,
          "Actual Rows": 4,
          "Actual Loops": 1,
          "Workers Planned": 3,
          "Workers Launched": 3,
          "Single Copy": false,
          "Plans": [
            {
              "Node Type": "Aggregate",
              "Strategy": "Plain",
              "Partial Mode": "Partial",
              "Parent Relationship": "Outer",
              "Parallel Aware": false,
              "Startup Cost": 77292.73,
              "Total Cost": 77292.74,
              "Plan Rows": 1,
              "Plan Width": 8,
              "Actual Startup Time": 380.524,
              "Actual Total Time": 380.527,
              "Actual Rows": 1,
              "Actual Loops": 4,
              "Plans": [
                {
                  "Node Type": "Hash Join",
                  "Parent Relationship": "Outer",
                  "Parallel Aware": true,
                  "Join Type": "Inner",
                  "Startup Cost": 47372.57,
                  "Total Cost": 76788.46,
                  "Plan Rows": 201705,
                  "Plan Width": 0,
                  "Actual Startup Time": 200.391,
                  "Actual Total Time": 367.987,
                  "Actual Rows": 246490,
                  "Actual Loops": 4,
                  "Inner Unique": true,
                  "Hash Cond": "(mc.movie_id = t.id)",
                  "Plans": [
                    {
                      "Node Type": "Seq Scan",
                      "Parent Relationship": "Outer",
                      "Parallel Aware": true,
                      "Relation Name": "movie_companies",
                      "Alias": "mc",
                      "Startup Cost": 0.0,
                      "Total Cost": 27206.55,
                      "Plan Rows": 841655,
                      "Plan Width": 4,
                      "Actual Startup Time": 0.019,
                      "Actual Total Time": 63.741,
                      "Actual Rows": 652282,
                      "Actual Loops": 4
                    },
                    {
                      "Node Type": "Hash",
                      "Parent Relationship": "Inner",
                      "Parallel Aware": true,
                      "Startup Cost": 45479.1,
                      "Total Cost": 45479.1,
                      "Plan Rows": 151478,
                      "Plan Width": 4,
                      "Actual Startup Time": 164.869,
                      "Actual Total Time": 164.87,
                      "Actual Rows": 126750,
                      "Actual Loops": 4,
                      "Hash Buckets": 1048576,
                      "Original Hash Buckets": 1048576,
                      "Hash Batches": 1,
                      "Original Hash Batches": 1,
                      "Peak Memory Usage": 28064,
                      "Plans": [
                        {
                          "Node Type": "Seq Scan",
                          "Parent Relationship": "Outer",
                          "Parallel Aware": true,
                          "Relation Name": "title",
                          "Alias": "t",
                          "Startup Cost": 0.0,
                          "Total Cost": 45479.1,
                          "Plan Rows": 151478,
                          "Plan Width": 4,
                          "Actual Startup Time": 56.861,
                          "Actual Total Time": 121.326,
                          "Actual Rows": 126750,
                          "Actual Loops": 4,
                          "Filter": "((production_year > 1943) AND (kind_id = 1))",
                          "Rows Removed by Filter": 505328
                        }
                      ]
                    }
                  ]
                }
              ]
            }
          ]
        }
      ]
    },
    "Planning Time": 0.64,
    "Triggers": [],
    "Execution Time": 407.504
  }
]