{
  "Plan": {
    "Node Type": "Aggregate",
    "Strategy": "Plain",
    "Partial Mode": "Finalize",
    "Parallel Aware": false,
    "Startup Cost": 159273.78,
    "Total Cost": 159273.79,
    "Plan Rows": 1,
    "Plan Width": 8,
    "Actual Startup Time": 856.242,
    "Actual Total Time": 873.826,
    "Actual Rows": 1,
    "Actual Loops": 1,
    "Plans": [
      {
        "Node Type": "Gather",
        "Parent Relationship": "Outer",
        "Parallel Aware": false,
        "Startup Cost": 159273.67,
        "Total Cost": 159273.78,
        "Plan Rows": 1,
        "Plan Width": 8,
        "Actual Startup Time": 854.408,
        "Actual Total Time": 873.817,
        "Actual Rows": 2,
        "Actual Loops": 1,
        "Workers Planned": 1,
        "Workers Launched": 1,
        "Single Copy": false,
        "Plans": [
          {
            "Node Type": "Aggregate",
            "Strategy": "Plain",
            "Partial Mode": "Partial",
            "Parent Relationship": "Outer",
            "Parallel Aware": false,
            "Startup Cost": 158273.67,
            "Total Cost": 158273.68,
            "Plan Rows": 1,
            "Plan Width": 8,
            "Actual Startup Time": 847.631,
            "Actual Total Time": 847.637,
            "Actual Rows": 1,
            "Actual Loops": 2,
            "Plans": [
              {
                "Node Type": "Hash Join",
                "Parent Relationship": "Outer",
                "Parallel Aware": true,
                "Join Type": "Inner",
                "Startup Cost": 117280.06,
                "Total Cost": 157945.49,
                "Plan Rows": 131270,
                "Plan Width": 0,
                "Actual Startup Time": 511.322,
                "Actual Total Time": 811.874,
                "Actual Rows": 914815,
                "Actual Loops": 2,
                "Inner Unique": false,
                "Hash Cond": "(mc.movie_id = t.id)",
                "Plans": [
                  {
                    "Node Type": "Seq Scan",
                    "Parent Relationship": "Outer",
                    "Parallel Aware": true,
                    "Relation Name": "movie_companies",
                    "Alias": "mc",
                    "Startup Cost": 0.0,
                    "Total Cost": 34137.82,
                    "Plan Rows": 1534782,
                    "Plan Width": 4,
                    "Actual Startup Time": 0.015,
                    "Actual Total Time": 93.321,
                    "Actual Rows": 1304564,
                    "Actual Loops": 2
                  },
                  {
                    "Node Type": "Hash",
                    "Parent Relationship": "Inner",
                    "Parallel Aware": true,
                    "Startup Cost": 115690.02,
                    "Total Cost": 115690.02,
                    "Plan Rows": 127203,
                    "Plan Width": 8,
                    "Actual Startup Time": 507.715,
                    "Actual Total Time": 507.72,
                    "Actual Rows": 154048,
                    "Actual Loops": 2,
                    "Hash Buckets": 524288,
                    "Original Hash Buckets": 262144,
                    "Hash Batches": 1,
                    "Original Hash Batches": 1,
                    "Peak Memory Usage": 18208,
                    "Plans": [
                      {
                        "Node Type": "Hash Join",
                        "Parent Relationship": "Outer",
                        "Parallel Aware": true,
                        "Join Type": "Inner",
                        "Startup Cost": 81491.5,
                        "Total Cost": 115690.02,
                        "Plan Rows": 127203,
                        "Plan Width": 8,
                        "Actual Startup Time": 271.985,
                        "Actual Total Time": 470.568,
                        "Actual Rows": 154048,
                        "Actual Loops": 2,
                        "Inner Unique": true,
                        "Hash Cond": "(mk.movie_id = t.id)",
                        "Plans": [
                          {
                            "Node Type": "Bitmap Heap Scan",
                            "Parent Relationship": "Outer",
                            "Parallel Aware": true,
                            "Relation Name": "movie_keyword",
                            "Alias": "mk",
                            "Startup Cost": 23232.64,
                            "Total Cost": 55739.97,
                            "Plan Rows": 644266,
                            "Plan Width": 4,
                            "Actual Startup Time": 65.306,
                            "Actual Total Time": 160.98,
                            "Actual Rows": 554824,
                            "Actual Loops": 2,
                            "Recheck Cond": "(keyword_id < 1138)",
                            "Rows Removed by Index Recheck": 0,
                            "Exact Heap Blocks": 12273,
                            "Lossy Heap Blocks": 0,
                            "Plans": [
                              {
                                "Node Type": "Bitmap Index Scan",
                                "Parent Relationship": "Outer",
                                "Parallel Aware": false,
                                "Index Name": "keyword_id_movie_keyword",
                                "Startup Cost": 0.0,
                                "Total Cost": 22958.83,
                                "Plan Rows": 1095253,
                                "Plan Width": 0,
                                "Actual Startup Time": 61.607,
                                "Actual Total Time": 61.608,
                                "Actual Rows": 1109647,
                                "Actual Loops": 1,
                                "Index Cond": "(keyword_id < 1138)"
                              }
                            ]
                          },
                          {
                            "Node Type": "Hash",
                            "Parent Relationship": "Inner",
                            "Parallel Aware": true,
                            "Startup Cost": 54588.39,
                            "Total Cost": 54588.39,
                            "Plan Rows": 293637,
                            "Plan Width": 4,
                            "Actual Startup Time": 202.269,
                            "Actual Total Time": 202.27,
                            "Actual Rows": 254478,
                            "Actual Loops": 2,
                            "Hash Buckets": 524288,
                            "Original Hash Buckets": 524288,
                            "Hash Batches": 1,
                            "Original Hash Batches": 1,
                            "Peak Memory Usage": 24032,
                            "Plans": [
                              {
                                "Node Type": "Seq Scan",
                                "Parent Relationship": "Outer",
                                "Parallel Aware": true,
                                "Relation Name": "title",
                                "Alias": "t",
                                "Startup Cost": 0.0,
                                "Total Cost": 54588.39,
                                "Plan Rows": 293637,
                                "Plan Width": 4,
                                "Actual Startup Time": 0.027,
                                "Actual Total Time": 141.436,
                                "Actual Rows": 254478,
                                "Actual Loops": 2,
                                "Filter": "(production_year < 1980)",
                                "Rows Removed by Filter": 1009678
                              }
                            ]
                          }
                        ]
                      }
                    ]
                  }
                ]
              }
            ]
          }
        ]
      }
    ]
  },
  "Planning Time": 0.961,
  "Triggers": [],
  "Execution Time": 873.928
}