[
  {
    "Plan": {
      "Node Type": "Aggregate",
      "Strategy": "Plain",
      "Partial Mode": "Finalize",
      "Parallel Aware": false,
      "Startup Cost": 109847.68,
      "Total Cost": 109847.69,
      "Plan Rows": 1,
      "Plan Width": 8,
      "Actual Startup Time": 663.629,
      "Actual Total Time": 681.905,
      "Actual Rows": 1,
      "Actual Loops": 1,
      "Plans": [
        {
          "Node Type": "Gather",
          "Parent Relationship": "Outer",
          "Parallel Aware": false,
          "Startup Cost": 109847.47,
          "Total Cost": 109847.68,
          "Plan Rows": 2,
          "Plan Width": 8,
          "Actual Startup Time": 658.531,
          "Actual Total Time": 681.894,
          "Actual Rows": 3,
          "Actual Loops": 1,
          "Workers Planned": 2,
          "Workers Launched": 2,
          "Single Copy": false,
          "Plans": [
            {
              "Node Type": "Aggregate",
              "Strategy": "Plain",
              "Partial Mode": "Partial",
              "Parent Relationship": "Outer",
              "Parallel Aware": false,
              "Startup Cost": 108847.47,
              "Total Cost": 108847.48,
              "Plan Rows": 1,
              "Plan Width": 8,
              "Actual Startup Time": 651.844,
              "Actual Total Time": 652.218,
              "Actual Rows": 1,
              "Actual Loops": 3,
              "Plans": [
                {
                  "Node Type": "Hash Join",
                  "Parent Relationship": "Outer",
                  "Parallel Aware": true,
                  "Join Type": "Inner",
                  "Startup Cost": 92625.44,
                  "Total Cost": 108681.3,
                  "Plan Rows": 66466,
                  "Plan Width": 0,
                  "Actual Startup Time": 488.54,
                  "Actual Total Time": 625.436,
                  "Actual Rows": 576996,
                  "Actual Loops": 3,
                  "Inner Unique": false,
                  "Hash Cond": "(mi_idx.movie_id = t.id)",
                  "Plans": [
                    {
                      "Node Type": "Seq Scan",
                      "Parent Relationship": "Outer",
                      "Parallel Aware": true,
                      "Relation Name": "movie_info_idx",
                      "Alias": "mi_idx",
                      "Startup Cost": 0.0,
                      "Total Cost": 13685.15,
                      "Plan Rows": 575015,
                      "Plan Width": 4,
                      "Actual Startup Time": 0.015,
                      "Actual Total Time": 39.885,
                      "Actual Rows": 460012,
                      "Actual Loops": 3
                    },
                    {
                      "Node Type": "Hash",
                      "Parent Relationship": "Inner",
                      "Parallel Aware": true,
                      "Startup Cost": 91446.96,
                      "Total Cost": 91446.96,
                      "Plan Rows": 94278,
                      "Plan Width": 8,
                      "Actual Startup Time": 482.072,
                      "Actual Total Time": 482.445,
                      "Actual Rows": 220882,
                      "Actual Loops": 3,
                      "Hash Buckets": 1048576,
                      "Original Hash Buckets": 524288,
                      "Hash Batches": 1,
                      "Original Hash Batches": 1,
                      "Peak Memory Usage": 38272,
                      "Plans": [
                        {
                          "Node Type": "Hash Join",
                          "Parent Relationship": "Outer",
                          "Parallel Aware": true,
                          "Join Type": "Inner",
                          "Startup Cost": 47964.35,
                          "Total Cost": 91446.96,
                          "Plan Rows": 94278,
                          "Plan Width": 8,
                          "Actual Startup Time": 225.225,
                          "Actual Total Time": 418.951,
                          "Actual Rows": 220882,
                          "Actual Loops": 3,
                          "Inner Unique": true,
                          "Hash Cond": "(mk.movie_id = t.id)",
                          "Plans": [
                            {
                              "Node Type": "Seq Scan",
                              "Parent Relationship": "Outer",
                              "Parallel Aware": true,
                              "Relation Name": "movie_keyword",
                              "Alias": "mk",
                              "Startup Cost": 0.0,
                              "Total Cost": 42695.65,
                              "Plan Rows": 299795,
                              "Plan Width": 4,
                              "Actual Startup Time": 1.925,
                              "Actual Total Time": 128.163,
                              "Actual Rows": 305118,
                              "Actual Loops": 3,
                              "Filter": "(keyword_id > 20330)",
                              "Rows Removed by Filter": 1202859
                            },
                            {
                              "Node Type": "Hash",
                              "Parent Relationship": "Inner",
                              "Parallel Aware": true,
                              "Startup Cost": 45479.59,
                              "Total Cost": 45479.59,
                              "Plan Rows": 198781,
                              "Plan Width": 4,
                              "Actual Startup Time": 219.544,
                              "Actual Total Time": 219.545,
                              "Actual Rows": 248744,
                              "Actual Loops": 3,
                              "Hash Buckets": 1048576,
                              "Original Hash Buckets": 1048576,
                              "Hash Batches": 1,
                              "Original Hash Batches": 1,
                              "Peak Memory Usage": 37408,
                              "Plans": [
                                {
                                  "Node Type": "Seq Scan",
                                  "Parent Relationship": "Outer",
                                  "Parallel Aware": true,
                                  "Relation Name": "title",
                                  "Alias": "t",
                                  "Startup Cost": 0.0,
                                  "Total Cost": 45479.59,
                                  "Plan Rows": 198781,
                                  "Plan Width": 4,
                                  "Actual Startup Time": 0.039,
                                  "Actual Total Time": 134.09,
                                  "Actual Rows": 248744,
                                  "Actual Loops": 3,
                                  "Filter": "((kind_id < 4) AND (production_year > 1924))",
                                  "Rows Removed by Filter": 594026
                                }
                              ]
                            }
                          ]
                        }
                      ]
                    }
                  ]
                }
              ]
            }
          ]
        }
      ]
    },
    "Planning Time": 0.537,
    "Triggers": [],
    "Execution Time": 681.952
  }
]