[
  {
    "Plan": {
      "Node Type": "Aggregate",
      "Strategy": "Plain",
      "Partial Mode": "Finalize",
      "Parallel Aware": false,
      "Startup Cost": 88216.34,
      "Total Cost": 88216.35,
      "Plan Rows": 1,
      "Plan Width": 8,
      "Actual Startup Time": 425.588,
      "Actual Total Time": 445.003,
      "Actual Rows": 1,
      "Actual Loops": 1,
      "Plans": [
        {
          "Node Type": "Gather",
          "Parent Relationship": "Outer",
          "Parallel Aware": false,
          "Startup Cost": 88216.02,
          "Total Cost": 88216.33,
          "Plan Rows": 3,
          "Plan Width": 8,
          "Actual Startup Time": 422.737,
          "Actual Total Time": 444.995,
          "Actual Rows": 4,
          "Actual Loops": 1,
          "Workers Planned": 3,
          "Workers Launched": 3,
          "Single Copy": false,
          "Plans": [
            {
              "Node Type": "Aggregate",
              "Strategy": "Plain",
              "Partial Mode": "Partial",
              "Parent Relationship": "Outer",
              "Parallel Aware": false,
              "Startup Cost": 87216.02,
              "Total Cost": 87216.03,
              "Plan Rows": 1,
              "Plan Width": 8,
              "Actual Startup Time": 413.153,
              "Actual Total Time": 413.157,
              "Actual Rows": 1,
              "Actual Loops": 4,
              "Plans": [
                {
                  "Node Type": "Nested Loop",
                  "Parent Relationship": "Outer",
                  "Parallel Aware": false,
                  "Join Type": "Inner",
                  "Startup Cost": 51430.51,
                  "Total Cost": 87191.07,
                  "Plan Rows": 9981,
                  "Plan Width": 0,
                  "Actual Startup Time": 159.219,
                  "Actual Total Time": 399.712,
                  "Actual Rows": 296782,
                  "Actual Loops": 4,
                  "Inner Unique": false,
                  "Plans": [
                    {
                      "Node Type": "Hash Join",
                      "Parent Relationship": "Outer",
                      "Parallel Aware": true,
                      "Join Type": "Inner",
                      "Startup Cost": 51430.08,
                      "Total Cost": 76914.91,
                      "Plan Rows": 12673,
                      "Plan Width": 8,
                      "Actual Startup Time": 159.107,
                      "Actual Total Time": 206.555,
                      "Actual Rows": 34420,
                      "Actual Loops": 4,
                      "Inner Unique": true,
                      "Hash Cond": "(mk.movie_id = t.id)",
                      "Plans": [
                        {
                          "Node Type": "Bitmap Heap Scan",
                          "Parent Relationship": "Outer",
                          "Parallel Aware": true,
                          "Relation Name": "movie_keyword",
                          "Alias": "mk",
                          "Startup Cost": 4481.83,
                          "Total Cost": 29787.75,
                          "Plan Rows": 68154,
                          "Plan Width": 4,
                          "Actual Startup Time": 15.354,
                          "Actual Total Time": 47.294,
                          "Actual Rows": 51181,
                          "Actual Loops": 4,
                          "Recheck Cond": "(keyword_id > 67513)",
                          "Rows Removed by Index Recheck": 0,
                          "Exact Heap Blocks": 5819,
                          "Lossy Heap Blocks": 0,
                          "Plans": [
                            {
                              "Node Type": "Bitmap Index Scan",
                              "Parent Relationship": "Outer",
                              "Parallel Aware": false,
                              "Index Name": "keyword_id_movie_keyword",
                              "Startup Cost": 0.0,
                              "Total Cost": 4429.01,
                              "Plan Rows": 211277,
                              "Plan Width": 0,
                              "Actual Startup Time": 12.29,
                              "Actual Total Time": 12.291,
                              "Actual Rows": 204723,
                              "Actual Loops": 1,
                              "Index Cond": "(keyword_id > 67513)"
                            }
                          ]
                        },
                        {
                          "Node Type": "Hash",
                          "Parent Relationship": "Inner",
                          "Parallel Aware": true,
                          "Startup Cost": 45479.1,
                          "Total Cost": 45479.1,
                          "Plan Rows": 117532,
                          "Plan Width": 4,
                          "Actual Startup Time": 138.545,
                          "Actual Total Time": 138.546,
                          "Actual Rows": 124006,
                          "Actual Loops": 4,
                          "Hash Buckets": 524288,
                          "Original Hash Buckets": 524288,
                          "Hash Batches": 1,
                          "Original Hash Batches": 1,
                          "Peak Memory Usage": 23552,
                          "Plans": [
                            {
                              "Node Type": "Seq Scan",
                              "Parent Relationship": "Outer",
                              "Parallel Aware": true,
                              "Relation Name": "title",
                              "Alias": "t",
                              "Startup Cost": 0.0,
                              "Total Cost": 45479.1,
                              "Plan Rows": 117532,
                              "Plan Width": 4,
                              "Actual Startup Time": 59.033,
                              "Actual Total Time": 100.698,
                              "Actual Rows": 124006,
                              "Actual Loops": 4,
                              "Filter": "((production_year < 2009) AND (kind_id = 1))",
                              "Rows Removed by Filter": 508072
                            }
                          ]
                        }
                      ]
                    },
                    {
                      "Node Type": "Index Scan",
                      "Parent Relationship": "Inner",
                      "Parallel Aware": false,
                      "Scan Direction": "Forward",
                      "Index Name": "movie_id_movie_companies",
                      "Relation Name": "movie_companies",
                      "Alias": "mc",
                      "Startup Cost": 0.43,
                      "Total Cost": 0.77,
                      "Plan Rows": 4,
                      "Plan Width": 4,
                      "Actual Startup Time": 0.003,
                      "Actual Total Time": 0.005,
                      "Actual Rows": 9,
                      "Actual Loops": 137679,
                      "Index Cond": "(movie_id = t.id)",
                      "Rows Removed by Index Recheck": 0,
                      "Filter": "(company_id > 742)",
                      "Rows Removed by Filter": 1
                    }
                  ]
                }
              ]
            }
          ]
        }
      ]
    },
    "Planning Time": 1.446,
    "Triggers": [],
    "Execution Time": 445.113
  }
]