[
  {
    "Plan": {
      "Node Type": "Aggregate",
      "Strategy": "Plain",
      "Partial Mode": "Finalize",
      "Parallel Aware": false,
      "Startup Cost": 46536.15,
      "Total Cost": 46536.16,
      "Plan Rows": 1,
      "Plan Width": 8,
      "Actual Startup Time": 193.462,
      "Actual Total Time": 204.746,
      "Actual Rows": 1,
      "Actual Loops": 1,
      "Plans": [
        {
          "Node Type": "Gather",
          "Parent Relationship": "Outer",
          "Parallel Aware": false,
          "Startup Cost": 46535.84,
          "Total Cost": 46536.15,
          "Plan Rows": 3,
          "Plan Width": 8,
          "Actual Startup Time": 193.31,
          "Actual Total Time": 204.734,
          "Actual Rows": 4,
          "Actual Loops": 1,
          "Workers Planned": 3,
          "Workers Launched": 3,
          "Single Copy": false,
          "Plans": [
            {
              "Node Type": "Aggregate",
              "Strategy": "Plain",
              "Partial Mode": "Partial",
              "Parent Relationship": "Outer",
              "Parallel Aware": false,
              "Startup Cost": 45535.84,
              "Total Cost": 45535.85,
              "Plan Rows": 1,
              "Plan Width": 8,
              "Actual Startup Time": 184.981,
              "Actual Total Time": 184.982,
              "Actual Rows": 1,
              "Actual Loops": 4,
              "Plans": [
                {
                  "Node Type": "Seq Scan",
                  "Parent Relationship": "Outer",
                  "Parallel Aware": true,
                  "Relation Name": "movie_keyword",
                  "Alias": "mk",
                  "Startup Cost": 0.0,
                  "Total Cost": 42695.65,
                  "Plan Rows": 1136073,
                  "Plan Width": 0,
                  "Actual Startup Time": 0.061,
                  "Actual Total Time": 138.17,
                  "Actual Rows": 880050,
                  "Actual Loops": 4,
                  "Filter": "(keyword_id < 18383)",
                  "Rows Removed by Filter": 250933
                }
              ]
            }
          ]
        }
      ]
    },
    "Planning Time": 0.185,
    "Triggers": [],
    "Execution Time": 204.792
  }
]