[
  {
    "Plan": {
      "Node Type": "Aggregate",
      "Strategy": "Plain",
      "Partial Mode": "Finalize",
      "Parallel Aware": false,
      "Startup Cost": 46533.28,
      "Total Cost": 46533.29,
      "Plan Rows": 1,
      "Plan Width": 8,
      "Actual Startup Time": 171.338,
      "Actual Total Time": 180.798,
      "Actual Rows": 1,
      "Actual Loops": 1,
      "Plans": [
        {
          "Node Type": "Gather",
          "Parent Relationship": "Outer",
          "Parallel Aware": false,
          "Startup Cost": 46532.96,
          "Total Cost": 46533.27,
          "Plan Rows": 3,
          "Plan Width": 8,
          "Actual Startup Time": 171.158,
          "Actual Total Time": 180.79,
          "Actual Rows": 4,
          "Actual Loops": 1,
          "Workers Planned": 3,
          "Workers Launched": 3,
          "Single Copy": false,
          "Plans": [
            {
              "Node Type": "Aggregate",
              "Strategy": "Plain",
              "Partial Mode": "Partial",
              "Parent Relationship": "Outer",
              "Parallel Aware": false,
              "Startup Cost": 45532.96,
              "Total Cost": 45532.97,
              "Plan Rows": 1,
              "Plan Width": 8,
              "Actual Startup Time": 163.013,
              "Actual Total Time": 163.014,
              "Actual Rows": 1,
              "Actual Loops": 4,
              "Plans": [
                {
                  "Node Type": "Seq Scan",
                  "Parent Relationship": "Outer",
                  "Parallel Aware": true,
                  "Relation Name": "movie_keyword",
                  "Alias": "mk",
                  "Startup Cost": 0.0,
                  "Total Cost": 42695.65,
                  "Plan Rows": 1134924,
                  "Plan Width": 0,
                  "Actual Startup Time": 0.059,
                  "Actual Total Time": 123.11,
                  "Actual Rows": 880050,
                  "Actual Loops": 4,
                  "Filter": "(keyword_id < 18383)",
                  "Rows Removed by Filter": 250933
                }
              ]
            }
          ]
        }
      ]
    },
    "Planning Time": 0.155,
    "Triggers": [],
    "Execution Time": 180.872
  }
]