[
  {
    "Plan": {
      "Node Type": "Aggregate",
      "Strategy": "Plain",
      "Partial Mode": "Finalize",
      "Parallel Aware": false,
      "Startup Cost": 46481.46,
      "Total Cost": 46481.47,
      "Plan Rows": 1,
      "Plan Width": 8,
      "Actual Startup Time": 92.493,
      "Actual Total Time": 104.495,
      "Actual Rows": 1,
      "Actual Loops": 1,
      "Plans": [
        {
          "Node Type": "Gather",
          "Parent Relationship": "Outer",
          "Parallel Aware": false,
          "Startup Cost": 46481.04,
          "Total Cost": 46481.45,
          "Plan Rows": 4,
          "Plan Width": 8,
          "Actual Startup Time": 92.325,
          "Actual Total Time": 104.485,
          "Actual Rows": 5,
          "Actual Loops": 1,
          "Workers Planned": 4,
          "Workers Launched": 4,
          "Single Copy": false,
          "Plans": [
            {
              "Node Type": "Aggregate",
              "Strategy": "Plain",
              "Partial Mode": "Partial",
              "Parent Relationship": "Outer",
              "Parallel Aware": false,
              "Startup Cost": 45481.04,
              "Total Cost": 45481.05,
              "Plan Rows": 1,
              "Plan Width": 8,
              "Actual Startup Time": 84.447,
              "Actual Total Time": 84.449,
              "Actual Rows": 1,
              "Actual Loops": 5,
              "Plans": [
                {
                  "Node Type": "Seq Scan",
                  "Parent Relationship": "Outer",
                  "Parallel Aware": true,
                  "Relation Name": "title",
                  "Alias": "t",
                  "Startup Cost": 0.0,
                  "Total Cost": 45479.59,
                  "Plan Rows": 583,
                  "Plan Width": 0,
                  "Actual Startup Time": 55.002,
                  "Actual Total Time": 84.35,
                  "Actual Rows": 738,
                  "Actual Loops": 5,
                  "Filter": "((kind_id = 1) AND (production_year = 1964))",
                  "Rows Removed by Filter": 504924
                }
              ]
            }
          ]
        }
      ]
    },
    "Planning Time": 0.078,
    "Triggers": [],
    "Execution Time": 104.524
  }
]