[
  {
    "Plan": {
      "Node Type": "Aggregate",
      "Strategy": "Plain",
      "Partial Mode": "Finalize",
      "Parallel Aware": false,
      "Startup Cost": 246755.12,
      "Total Cost": 246755.13,
      "Plan Rows": 1,
      "Plan Width": 8,
      "Actual Startup Time": 571.187,
      "Actual Total Time": 585.82,
      "Actual Rows": 1,
      "Actual Loops": 1,
      "Plans": [
        {
          "Node Type": "Gather",
          "Parent Relationship": "Outer",
          "Parallel Aware": false,
          "Startup Cost": 246754.91,
          "Total Cost": 246755.12,
          "Plan Rows": 2,
          "Plan Width": 8,
          "Actual Startup Time": 563.955,
          "Actual Total Time": 585.811,
          "Actual Rows": 3,
          "Actual Loops": 1,
          "Workers Planned": 2,
          "Workers Launched": 2,
          "Single Copy": false,
          "Plans": [
            {
              "Node Type": "Aggregate",
              "Strategy": "Plain",
              "Partial Mode": "Partial",
              "Parent Relationship": "Outer",
              "Parallel Aware": false,
              "Startup Cost": 245754.91,
              "Total Cost": 245754.92,
              "Plan Rows": 1,
              "Plan Width": 8,
              "Actual Startup Time": 560.829,
              "Actual Total Time": 560.838,
              "Actual Rows": 1,
              "Actual Loops": 3,
              "Plans": [
                {
                  "Node Type": "Hash Join",
                  "Parent Relationship": "Outer",
                  "Parallel Aware": true,
                  "Join Type": "Inner",
                  "Startup Cost": 229397.98,
                  "Total Cost": 245468.53,
                  "Plan Rows": 114549,
                  "Plan Width": 0,
                  "Actual Startup Time": 469.844,
                  "Actual Total Time": 558.52,
                  "Actual Rows": 56334,
                  "Actual Loops": 3,
                  "Inner Unique": false,
                  "Hash Cond": "(mi_idx.movie_id = t.id)",
                  "Plans": [
                    {
                      "Node Type": "Seq Scan",
                      "Parent Relationship": "Outer",
                      "Parallel Aware": true,
                      "Relation Name": "movie_info_idx",
                      "Alias": "mi_idx",
                      "Startup Cost": 0.0,
                      "Total Cost": 13685.15,
                      "Plan Rows": 575015,
                      "Plan Width": 4,
                      "Actual Startup Time": 0.017,
                      "Actual Total Time": 39.221,
                      "Actual Rows": 460012,
                      "Actual Loops": 3
                    },
                    {
                      "Node Type": "Hash",
                      "Parent Relationship": "Inner",
                      "Parallel Aware": true,
                      "Startup Cost": 228138.77,
                      "Total Cost": 228138.77,
                      "Plan Rows": 100737,
                      "Plan Width": 8,
                      "Actual Startup Time": 467.743,
                      "Actual Total Time": 467.749,
                      "Actual Rows": 56346,
                      "Actual Loops": 3,
                      "Hash Buckets": 524288,
                      "Original Hash Buckets": 524288,
                      "Hash Batches": 1,
                      "Original Hash Batches": 1,
                      "Peak Memory Usage": 10752,
                      "Plans": [
                        {
                          "Node Type": "Hash Join",
                          "Parent Relationship": "Outer",
                          "Parallel Aware": true,
                          "Join Type": "Inner",
                          "Startup Cost": 63647.29,
                          "Total Cost": 228138.77,
                          "Plan Rows": 100737,
                          "Plan Width": 8,
                          "Actual Startup Time": 324.561,
                          "Actual Total Time": 449.686,
                          "Actual Rows": 56346,
                          "Actual Loops": 3,
                          "Inner Unique": true,
                          "Hash Cond": "(mi.movie_id = t.id)",
                          "Plans": [
                            {
                              "Node Type": "Bitmap Heap Scan",
                              "Parent Relationship": "Outer",
                              "Parallel Aware": true,
                              "Relation Name": "movie_info",
                              "Alias": "mi",
                              "Startup Cost": 14929.49,
                              "Total Cost": 178987.34,
                              "Plan Rows": 165188,
                              "Plan Width": 4,
                              "Actual Startup Time": 24.654,
                              "Actual Total Time": 51.749,
                              "Actual Rows": 267380,
                              "Actual Loops": 3,
                              "Recheck Cond": "(info_type_id < 2)",
                              "Rows Removed by Index Recheck": 0,
                              "Exact Heap Blocks": 1635,
                              "Lossy Heap Blocks": 0,
                              "Plans": [
                                {
                                  "Node Type": "Bitmap Index Scan",
                                  "Parent Relationship": "Outer",
                                  "Parallel Aware": false,
                                  "Index Name": "info_type_id_movie_info",
                                  "Startup Cost": 0.0,
                                  "Total Cost": 14723.0,
                                  "Plan Rows": 825942,
                                  "Plan Width": 0,
                                  "Actual Startup Time": 23.897,
                                  "Actual Total Time": 23.897,
                                  "Actual Rows": 802140,
                                  "Actual Loops": 1,
                                  "Index Cond": "(info_type_id < 2)"
                                }
                              ]
                            },
                            {
                              "Node Type": "Hash",
                              "Parent Relationship": "Inner",
                              "Parallel Aware": true,
                              "Startup Cost": 43899.32,
                              "Total Cost": 43899.32,
                              "Plan Rows": 385479,
                              "Plan Width": 4,
                              "Actual Startup Time": 294.067,
                              "Actual Total Time": 294.068,
                              "Actual Rows": 514421,
                              "Actual Loops": 3,
                              "Hash Buckets": 2097152,
                              "Original Hash Buckets": 2097152,
                              "Hash Batches": 1,
                              "Original Hash Batches": 1,
                              "Peak Memory Usage": 76800,
                              "Plans": [
                                {
                                  "Node Type": "Seq Scan",
                                  "Parent Relationship": "Outer",
                                  "Parallel Aware": true,
                                  "Relation Name": "title",
                                  "Alias": "t",
                                  "Startup Cost": 0.0,
                                  "Total Cost": 43899.32,
                                  "Plan Rows": 385479,
                                  "Plan Width": 4,
                                  "Actual Startup Time": 0.03,
                                  "Actual Total Time": 119.825,
                                  "Actual Rows": 514421,
                                  "Actual Loops": 3,
                                  "Filter": "(kind_id = 7)",
                                  "Rows Removed by Filter": 328349
                                }
                              ]
                            }
                          ]
                        }
                      ]
                    }
                  ]
                }
              ]
            }
          ]
        }
      ]
    },
    "Planning Time": 0.547,
    "Triggers": [],
    "Execution Time": 585.88
  }
]