[
  {
    "Plan": {
      "Node Type": "Aggregate",
      "Strategy": "Plain",
      "Partial Mode": "Finalize",
      "Parallel Aware": false,
      "Startup Cost": 348653.13,
      "Total Cost": 348653.14,
      "Plan Rows": 1,
      "Plan Width": 8,
      "Actual Startup Time": 927.549,
      "Actual Total Time": 1000.702,
      "Actual Rows": 1,
      "Actual Loops": 1,
      "Plans": [
        {
          "Node Type": "Gather",
          "Parent Relationship": "Outer",
          "Parallel Aware": false,
          "Startup Cost": 348652.51,
          "Total Cost": 348653.11,
          "Plan Rows": 6,
          "Plan Width": 8,
          "Actual Startup Time": 927.396,
          "Actual Total Time": 1000.69,
          "Actual Rows": 7,
          "Actual Loops": 1,
          "Workers Planned": 6,
          "Workers Launched": 6,
          "Single Copy": false,
          "Plans": [
            {
              "Node Type": "Aggregate",
              "Strategy": "Plain",
              "Partial Mode": "Partial",
              "Parent Relationship": "Outer",
              "Parallel Aware": false,
              "Startup Cost": 347652.51,
              "Total Cost": 347652.52,
              "Plan Rows": 1,
              "Plan Width": 8,
              "Actual Startup Time": 918.684,
              "Actual Total Time": 918.686,
              "Actual Rows": 1,
              "Actual Loops": 7,
              "Plans": [
                {
                  "Node Type": "Seq Scan",
                  "Parent Relationship": "Outer",
                  "Parallel Aware": true,
                  "Relation Name": "cast_info",
                  "Alias": "ci",
                  "Startup Cost": 0.0,
                  "Total Cost": 343316.27,
                  "Plan Rows": 1734494,
                  "Plan Width": 0,
                  "Actual Startup Time": 299.149,
                  "Actual Total Time": 784.388,
                  "Actual Rows": 2246872,
                  "Actual Loops": 7,
                  "Filter": "((person_id > 2063977) AND (role_id > 1))",
                  "Rows Removed by Filter": 2930891
                }
              ]
            }
          ]
        }
      ]
    },
    "Planning Time": 0.282,
    "Triggers": [],
    "Execution Time": 1000.784
  }
]