{
  "Plan": {
    "Node Type": "Aggregate",
    "Strategy": "Plain",
    "Partial Mode": "Finalize",
    "Parallel Aware": false,
    "Startup Cost": 95646.24,
    "Total Cost": 95646.25,
    "Plan Rows": 1,
    "Plan Width": 8,
    "Actual Startup Time": 231.963,
    "Actual Total Time": 247.24,
    "Actual Rows": 1,
    "Actual Loops": 1,
    "Plans": [
      {
        "Node Type": "Gather",
        "Parent Relationship": "Outer",
        "Parallel Aware": false,
        "Startup Cost": 95646.13,
        "Total Cost": 95646.24,
        "Plan Rows": 1,
        "Plan Width": 8,
        "Actual Startup Time": 231.655,
        "Actual Total Time": 247.233,
        "Actual Rows": 2,
        "Actual Loops": 1,
        "Workers Planned": 1,
        "Workers Launched": 1,
        "Single Copy": false,
        "Plans": [
          {
            "Node Type": "Aggregate",
            "Strategy": "Plain",
            "Partial Mode": "Partial",
            "Parent Relationship": "Outer",
            "Parallel Aware": false,
            "Startup Cost": 94646.13,
            "Total Cost": 94646.14,
            "Plan Rows": 1,
            "Plan Width": 8,
            "Actual Startup Time": 225.577,
            "Actual Total Time": 225.58,
            "Actual Rows": 1,
            "Actual Loops": 2,
            "Plans": [
              {
                "Node Type": "Nested Loop",
                "Parent Relationship": "Outer",
                "Parallel Aware": false,
                "Join Type": "Inner",
                "Startup Cost": 58506.36,
                "Total Cost": 94642.32,
                "Plan Rows": 1522,
                "Plan Width": 0,
                "Actual Startup Time": 143.258,
                "Actual Total Time": 225.521,
                "Actual Rows": 564,
                "Actual Loops": 2,
                "Inner Unique": false,
                "Join Filter": "(t.id = mi.movie_id)",
                "Rows Removed by Join Filter": 0,
                "Plans": [
                  {
                    "Node Type": "Hash Join",
                    "Parent Relationship": "Outer",
                    "Parallel Aware": true,
                    "Join Type": "Inner",
                    "Startup Cost": 58505.92,
                    "Total Cost": 85213.75,
                    "Plan Rows": 3009,
                    "Plan Width": 8,
                    "Actual Startup Time": 143.037,
                    "Actual Total Time": 214.556,
                    "Actual Rows": 1750,
                    "Actual Loops": 2,
                    "Inner Unique": true,
                    "Hash Cond": "(ci.movie_id = t.id)",
                    "Plans": [
                      {
                        "Node Type": "Index Scan",
                        "Parent Relationship": "Outer",
                        "Parallel Aware": true,
                        "Scan Direction": "Forward",
                        "Index Name": "role_id_cast_info",
                        "Relation Name": "cast_info",
                        "Alias": "ci",
                        "Startup Cost": 0.56,
                        "Total Cost": 25970.03,
                        "Plan Rows": 281279,
                        "Plan Width": 4,
                        "Actual Startup Time": 0.174,
                        "Actual Total Time": 52.929,
                        "Actual Rows": 152216,
                        "Actual Loops": 2,
                        "Index Cond": "(role_id = 6)",
                        "Rows Removed by Index Recheck": 0,
                        "Filter": "(person_id < 2176878)",
                        "Rows Removed by Filter": 234620
                      },
                      {
                        "Node Type": "Hash",
                        "Parent Relationship": "Inner",
                        "Parallel Aware": true,
                        "Startup Cost": 58306.47,
                        "Total Cost": 58306.47,
                        "Plan Rows": 15911,
                        "Plan Width": 4,
                        "Actual Startup Time": 141.341,
                        "Actual Total Time": 141.341,
                        "Actual Rows": 16067,
                        "Actual Loops": 2,
                        "Hash Buckets": 32768,
                        "Original Hash Buckets": 32768,
                        "Hash Batches": 1,
                        "Original Hash Batches": 1,
                        "Peak Memory Usage": 1568,
                        "Plans": [
                          {
                            "Node Type": "Seq Scan",
                            "Parent Relationship": "Outer",
                            "Parallel Aware": true,
                            "Relation Name": "title",
                            "Alias": "t",
                            "Startup Cost": 0.0,
                            "Total Cost": 58306.47,
                            "Plan Rows": 15911,
                            "Plan Width": 4,
                            "Actual Startup Time": 0.084,
                            "Actual Total Time": 136.631,
                            "Actual Rows": 16067,
                            "Actual Loops": 2,
                            "Filter": "((kind_id = 7) AND (production_year = 1998))",
                            "Rows Removed by Filter": 1248089
                          }
                        ]
                      }
                    ]
                  },
                  {
                    "Node Type": "Index Scan",
                    "Parent Relationship": "Inner",
                    "Parallel Aware": false,
                    "Scan Direction": "Forward",
                    "Index Name": "movie_id_movie_info",
                    "Relation Name": "movie_info",
                    "Alias": "mi",
                    "Startup Cost": 0.43,
                    "Total Cost": 3.08,
                    "Plan Rows": 4,
                    "Plan Width": 4,
                    "Actual Startup Time": 0.005,
                    "Actual Total Time": 0.006,
                    "Actual Rows": 0,
                    "Actual Loops": 3499,
                    "Index Cond": "(movie_id = ci.movie_id)",
                    "Rows Removed by Index Recheck": 0,
                    "Filter": "(info_type_id = 4)",
                    "Rows Removed by Filter": 4
                  }
                ]
              }
            ]
          }
        ]
      }
    ]
  },
  "Planning Time": 1.01,
  "Triggers": [],
  "Execution Time": 247.328
}