[
    {
        "Bao": {
            "Bao prediction": 516.161,
            "Bao recommended hint": "(no hint)"
        }
    },
    {
        "Plan": {
            "Node Type": "Aggregate",
            "Strategy": "Plain",
            "Partial Mode": "Simple",
            "Parallel Aware": false,
            "Startup Cost": 11339.3,
            "Total Cost": 11339.31,
            "Plan Rows": 1,
            "Plan Width": 8,
            "Actual Startup Time": 13.834,
            "Actual Total Time": 13.836,
            "Actual Rows": 1,
            "Actual Loops": 1,
            "Output": [
                "count(*)"
            ],
            "Plans": [
                {
                    "Node Type": "Bitmap Heap Scan",
                    "Parent Relationship": "Outer",
                    "Parallel Aware": false,
                    "Relation Name": "movie_keyword",
                    "Schema": "public",
                    "Alias": "mk",
                    "Startup Cost": 94.32,
                    "Total Cost": 11328.37,
                    "Plan Rows": 4373,
                    "Plan Width": 0,
                    "Actual Startup Time": 4.137,
                    "Actual Total Time": 13.111,
                    "Actual Rows": 4517,
                    "Actual Loops": 1,
                    "Recheck Cond": "(mk.keyword_id = 115)",
                    "Rows Removed by Index Recheck": 0,
                    "Exact Heap Blocks": 3586,
                    "Lossy Heap Blocks": 0,
                    "Plans": [
                        {
                            "Node Type": "Bitmap Index Scan",
                            "Parent Relationship": "Outer",
                            "Parallel Aware": false,
                            "Index Name": "keyword_id_movie_keyword",
                            "Startup Cost": 0.0,
                            "Total Cost": 93.23,
                            "Plan Rows": 4373,
                            "Plan Width": 0,
                            "Actual Startup Time": 2.481,
                            "Actual Total Time": 2.481,
                            "Actual Rows": 4517,
                            "Actual Loops": 1,
                            "Index Cond": "(mk.keyword_id = 115)"
                        }
                    ]
                }
            ]
        },
        "Planning Time": 1312.433,
        "Triggers": [],
        "Execution Time": 13.957
    }
]