[
  {
    "Plan": {
      "Node Type": "Aggregate",
      "Strategy": "Plain",
      "Partial Mode": "Finalize",
      "Parallel Aware": false,
      "Startup Cost": 51196.89,
      "Total Cost": 51196.9,
      "Plan Rows": 1,
      "Plan Width": 8,
      "Actual Startup Time": 85.656,
      "Actual Total Time": 98.529,
      "Actual Rows": 1,
      "Actual Loops": 1,
      "Plans": [
        {
          "Node Type": "Gather",
          "Parent Relationship": "Outer",
          "Parallel Aware": false,
          "Startup Cost": 51196.47,
          "Total Cost": 51196.88,
          "Plan Rows": 4,
          "Plan Width": 8,
          "Actual Startup Time": 85.501,
          "Actual Total Time": 98.518,
          "Actual Rows": 5,
          "Actual Loops": 1,
          "Workers Planned": 4,
          "Workers Launched": 4,
          "Single Copy": false,
          "Plans": [
            {
              "Node Type": "Aggregate",
              "Strategy": "Plain",
              "Partial Mode": "Partial",
              "Parent Relationship": "Outer",
              "Parallel Aware": false,
              "Startup Cost": 50196.47,
              "Total Cost": 50196.48,
              "Plan Rows": 1,
              "Plan Width": 8,
              "Actual Startup Time": 79.969,
              "Actual Total Time": 79.97,
              "Actual Rows": 1,
              "Actual Loops": 5,
              "Plans": [
                {
                  "Node Type": "Nested Loop",
                  "Parent Relationship": "Outer",
                  "Parallel Aware": false,
                  "Join Type": "Inner",
                  "Startup Cost": 0.43,
                  "Total Cost": 50195.55,
                  "Plan Rows": 370,
                  "Plan Width": 0,
                  "Actual Startup Time": 49.833,
                  "Actual Total Time": 79.883,
                  "Actual Rows": 1353,
                  "Actual Loops": 5,
                  "Inner Unique": false,
                  "Plans": [
                    {
                      "Node Type": "Seq Scan",
                      "Parent Relationship": "Outer",
                      "Parallel Aware": true,
                      "Relation Name": "title",
                      "Alias": "t",
                      "Startup Cost": 0.0,
                      "Total Cost": 43899.32,
                      "Plan Rows": 695,
                      "Plan Width": 4,
                      "Actual Startup Time": 45.385,
                      "Actual Total Time": 72.807,
                      "Actual Rows": 493,
                      "Actual Loops": 5,
                      "Filter": "(production_year = 1935)",
                      "Rows Removed by Filter": 505169
                    },
                    {
                      "Node Type": "Index Scan",
                      "Parent Relationship": "Inner",
                      "Parallel Aware": false,
                      "Scan Direction": "Forward",
                      "Index Name": "movie_id_movie_keyword",
                      "Relation Name": "movie_keyword",
                      "Alias": "mk",
                      "Startup Cost": 0.43,
                      "Total Cost": 8.92,
                      "Plan Rows": 14,
                      "Plan Width": 4,
                      "Actual Startup Time": 0.012,
                      "Actual Total Time": 0.014,
                      "Actual Rows": 3,
                      "Actual Loops": 2467,
                      "Index Cond": "(movie_id = t.id)",
                      "Rows Removed by Index Recheck": 0,
                      "Filter": "(keyword_id < 1767)",
                      "Rows Removed by Filter": 7
                    }
                  ]
                }
              ]
            }
          ]
        }
      ]
    },
    "Planning Time": 0.25,
    "Triggers": [],
    "Execution Time": 98.575
  }
]