{
  "Plan": {
    "Node Type": "Aggregate",
    "Strategy": "Plain",
    "Partial Mode": "Finalize",
    "Parallel Aware": false,
    "Startup Cost": 218099.25,
    "Total Cost": 218099.26,
    "Plan Rows": 1,
    "Plan Width": 8,
    "Actual Startup Time": 1687.366,
    "Actual Total Time": 1706.921,
    "Actual Rows": 1,
    "Actual Loops": 1,
    "Plans": [
      {
        "Node Type": "Gather",
        "Parent Relationship": "Outer",
        "Parallel Aware": false,
        "Startup Cost": 218099.14,
        "Total Cost": 218099.25,
        "Plan Rows": 1,
        "Plan Width": 8,
        "Actual Startup Time": 1686.544,
        "Actual Total Time": 1706.912,
        "Actual Rows": 2,
        "Actual Loops": 1,
        "Workers Planned": 1,
        "Workers Launched": 1,
        "Single Copy": false,
        "Plans": [
          {
            "Node Type": "Aggregate",
            "Strategy": "Plain",
            "Partial Mode": "Partial",
            "Parent Relationship": "Outer",
            "Parallel Aware": false,
            "Startup Cost": 217099.14,
            "Total Cost": 217099.15,
            "Plan Rows": 1,
            "Plan Width": 8,
            "Actual Startup Time": 1680.01,
            "Actual Total Time": 1680.014,
            "Actual Rows": 1,
            "Actual Loops": 2,
            "Plans": [
              {
                "Node Type": "Nested Loop",
                "Parent Relationship": "Outer",
                "Parallel Aware": false,
                "Join Type": "Inner",
                "Startup Cost": 59481.23,
                "Total Cost": 216826.18,
                "Plan Rows": 109185,
                "Plan Width": 0,
                "Actual Startup Time": 233.966,
                "Actual Total Time": 1653.394,
                "Actual Rows": 472371,
                "Actual Loops": 2,
                "Inner Unique": false,
                "Join Filter": "(t.id = mc.movie_id)",
                "Rows Removed by Join Filter": 0,
                "Plans": [
                  {
                    "Node Type": "Hash Join",
                    "Parent Relationship": "Outer",
                    "Parallel Aware": true,
                    "Join Type": "Inner",
                    "Startup Cost": 59480.8,
                    "Total Cost": 151255.28,
                    "Plan Rows": 105802,
                    "Plan Width": 8,
                    "Actual Startup Time": 233.879,
                    "Actual Total Time": 861.532,
                    "Actual Rows": 155658,
                    "Actual Loops": 2,
                    "Inner Unique": true,
                    "Hash Cond": "(ci.movie_id = t.id)",
                    "Plans": [
                      {
                        "Node Type": "Index Scan",
                        "Parent Relationship": "Outer",
                        "Parallel Aware": true,
                        "Scan Direction": "Forward",
                        "Index Name": "role_id_cast_info",
                        "Relation Name": "cast_info",
                        "Alias": "ci",
                        "Startup Cost": 0.56,
                        "Total Cost": 87376.26,
                        "Plan Rows": 1675723,
                        "Plan Width": 4,
                        "Actual Startup Time": 0.197,
                        "Actual Total Time": 239.65,
                        "Actual Rows": 1364472,
                        "Actual Loops": 2,
                        "Index Cond": "(role_id = 4)",
                        "Rows Removed by Index Recheck": 0
                      },
                      {
                        "Node Type": "Hash",
                        "Parent Relationship": "Inner",
                        "Parallel Aware": true,
                        "Startup Cost": 58306.47,
                        "Total Cost": 58306.47,
                        "Plan Rows": 93901,
                        "Plan Width": 4,
                        "Actual Startup Time": 230.049,
                        "Actual Total Time": 230.05,
                        "Actual Rows": 146824,
                        "Actual Loops": 2,
                        "Hash Buckets": 524288,
                        "Original Hash Buckets": 262144,
                        "Hash Batches": 1,
                        "Original Hash Batches": 1,
                        "Peak Memory Usage": 17664,
                        "Plans": [
                          {
                            "Node Type": "Seq Scan",
                            "Parent Relationship": "Outer",
                            "Parallel Aware": true,
                            "Relation Name": "title",
                            "Alias": "t",
                            "Startup Cost": 0.0,
                            "Total Cost": 58306.47,
                            "Plan Rows": 93901,
                            "Plan Width": 4,
                            "Actual Startup Time": 0.1,
                            "Actual Total Time": 173.495,
                            "Actual Rows": 146824,
                            "Actual Loops": 2,
                            "Filter": "((kind_id < 4) AND (production_year < 1978))",
                            "Rows Removed by Filter": 1117332
                          }
                        ]
                      }
                    ]
                  },
                  {
                    "Node Type": "Index Only Scan",
                    "Parent Relationship": "Inner",
                    "Parallel Aware": false,
                    "Scan Direction": "Forward",
                    "Index Name": "movie_id_movie_companies",
                    "Relation Name": "movie_companies",
                    "Alias": "mc",
                    "Startup Cost": 0.43,
                    "Total Cost": 0.56,
                    "Plan Rows": 5,
                    "Plan Width": 4,
                    "Actual Startup Time": 0.003,
                    "Actual Total Time": 0.005,
                    "Actual Rows": 3,
                    "Actual Loops": 311316,
                    "Index Cond": "(movie_id = ci.movie_id)",
                    "Rows Removed by Index Recheck": 0,
                    "Heap Fetches": 944742
                  }
                ]
              }
            ]
          }
        ]
      }
    ]
  },
  "Planning Time": 1.081,
  "Triggers": [],
  "Execution Time": 1707.014
}