[
  {
    "Plan": {
      "Node Type": "Aggregate",
      "Strategy": "Plain",
      "Partial Mode": "Finalize",
      "Parallel Aware": false,
      "Startup Cost": 32996.34,
      "Total Cost": 32996.35,
      "Plan Rows": 1,
      "Plan Width": 8,
      "Actual Startup Time": 38.14,
      "Actual Total Time": 44.868,
      "Actual Rows": 1,
      "Actual Loops": 1,
      "Plans": [
        {
          "Node Type": "Gather",
          "Parent Relationship": "Outer",
          "Parallel Aware": false,
          "Startup Cost": 32996.12,
          "Total Cost": 32996.33,
          "Plan Rows": 2,
          "Plan Width": 8,
          "Actual Startup Time": 37.996,
          "Actual Total Time": 44.862,
          "Actual Rows": 3,
          "Actual Loops": 1,
          "Workers Planned": 2,
          "Workers Launched": 2,
          "Single Copy": false,
          "Plans": [
            {
              "Node Type": "Aggregate",
              "Strategy": "Plain",
              "Partial Mode": "Partial",
              "Parent Relationship": "Outer",
              "Parallel Aware": false,
              "Startup Cost": 31996.12,
              "Total Cost": 31996.13,
              "Plan Rows": 1,
              "Plan Width": 8,
              "Actual Startup Time": 32.057,
              "Actual Total Time": 32.058,
              "Actual Rows": 1,
              "Actual Loops": 3,
              "Plans": [
                {
                  "Node Type": "Nested Loop",
                  "Parent Relationship": "Outer",
                  "Parallel Aware": false,
                  "Join Type": "Inner",
                  "Startup Cost": 223.09,
                  "Total Cost": 31990.9,
                  "Plan Rows": 2091,
                  "Plan Width": 0,
                  "Actual Startup Time": 1.778,
                  "Actual Total Time": 31.767,
                  "Actual Rows": 2373,
                  "Actual Loops": 3,
                  "Inner Unique": true,
                  "Plans": [
                    {
                      "Node Type": "Bitmap Heap Scan",
                      "Parent Relationship": "Outer",
                      "Parallel Aware": true,
                      "Relation Name": "movie_companies",
                      "Alias": "mc",
                      "Startup Cost": 222.66,
                      "Total Cost": 16692.36,
                      "Plan Rows": 2091,
                      "Plan Width": 4,
                      "Actual Startup Time": 1.593,
                      "Actual Total Time": 10.703,
                      "Actual Rows": 2373,
                      "Actual Loops": 3,
                      "Recheck Cond": "(company_id = 2561)",
                      "Rows Removed by Index Recheck": 0,
                      "Filter": "(company_type_id < 2)",
                      "Rows Removed by Filter": 1013,
                      "Exact Heap Blocks": 4125,
                      "Lossy Heap Blocks": 0,
                      "Plans": [
                        {
                          "Node Type": "Bitmap Index Scan",
                          "Parent Relationship": "Outer",
                          "Parallel Aware": false,
                          "Index Name": "company_id_movie_companies",
                          "Startup Cost": 0.0,
                          "Total Cost": 221.4,
                          "Plan Rows": 10263,
                          "Plan Width": 0,
                          "Actual Startup Time": 3.346,
                          "Actual Total Time": 3.347,
                          "Actual Rows": 10160,
                          "Actual Loops": 1,
                          "Index Cond": "(company_id = 2561)"
                        }
                      ]
                    },
                    {
                      "Node Type": "Index Only Scan",
                      "Parent Relationship": "Inner",
                      "Parallel Aware": false,
                      "Scan Direction": "Forward",
                      "Index Name": "title_pkey",
                      "Relation Name": "title",
                      "Alias": "t",
                      "Startup Cost": 0.43,
                      "Total Cost": 7.32,
                      "Plan Rows": 1,
                      "Plan Width": 4,
                      "Actual Startup Time": 0.008,
                      "Actual Total Time": 0.008,
                      "Actual Rows": 1,
                      "Actual Loops": 7120,
                      "Index Cond": "(id = mc.movie_id)",
                      "Rows Removed by Index Recheck": 0,
                      "Heap Fetches": 7120
                    }
                  ]
                }
              ]
            }
          ]
        }
      ]
    },
    "Planning Time": 0.313,
    "Triggers": [],
    "Execution Time": 44.925
  }
]