{
  "Plan": {
    "Node Type": "Aggregate",
    "Strategy": "Plain",
    "Partial Mode": "Finalize",
    "Parallel Aware": false,
    "Startup Cost": 136254.16,
    "Total Cost": 136254.17,
    "Plan Rows": 1,
    "Plan Width": 8,
    "Actual Startup Time": 1083.881,
    "Actual Total Time": 1106.045,
    "Actual Rows": 1,
    "Actual Loops": 1,
    "Plans": [
      {
        "Node Type": "Gather",
        "Parent Relationship": "Outer",
        "Parallel Aware": false,
        "Startup Cost": 136254.05,
        "Total Cost": 136254.16,
        "Plan Rows": 1,
        "Plan Width": 8,
        "Actual Startup Time": 1077.401,
        "Actual Total Time": 1106.037,
        "Actual Rows": 2,
        "Actual Loops": 1,
        "Workers Planned": 1,
        "Workers Launched": 1,
        "Single Copy": false,
        "Plans": [
          {
            "Node Type": "Aggregate",
            "Strategy": "Plain",
            "Partial Mode": "Partial",
            "Parent Relationship": "Outer",
            "Parallel Aware": false,
            "Startup Cost": 135254.05,
            "Total Cost": 135254.06,
            "Plan Rows": 1,
            "Plan Width": 8,
            "Actual Startup Time": 1065.718,
            "Actual Total Time": 1065.723,
            "Actual Rows": 1,
            "Actual Loops": 2,
            "Plans": [
              {
                "Node Type": "Hash Join",
                "Parent Relationship": "Outer",
                "Parallel Aware": true,
                "Join Type": "Inner",
                "Startup Cost": 69460.7,
                "Total Cost": 131314.95,
                "Plan Rows": 1575638,
                "Plan Width": 0,
                "Actual Startup Time": 592.653,
                "Actual Total Time": 1014.475,
                "Actual Rows": 1335229,
                "Actual Loops": 2,
                "Inner Unique": true,
                "Hash Cond": "(mk.movie_id = t.id)",
                "Plans": [
                  {
                    "Node Type": "Seq Scan",
                    "Parent Relationship": "Outer",
                    "Parallel Aware": true,
                    "Relation Name": "movie_keyword",
                    "Alias": "mk",
                    "Startup Cost": 0.0,
                    "Total Cost": 57718.19,
                    "Plan Rows": 1575638,
                    "Plan Width": 4,
                    "Actual Startup Time": 0.332,
                    "Actual Total Time": 197.102,
                    "Actual Rows": 1335229,
                    "Actual Loops": 2,
                    "Filter": "(keyword_id > 3082)",
                    "Rows Removed by Filter": 926736
                  },
                  {
                    "Node Type": "Hash",
                    "Parent Relationship": "Inner",
                    "Parallel Aware": true,
                    "Startup Cost": 50870.31,
                    "Total Cost": 50870.31,
                    "Plan Rows": 1487231,
                    "Plan Width": 4,
                    "Actual Startup Time": 570.117,
                    "Actual Total Time": 570.119,
                    "Actual Rows": 1264156,
                    "Actual Loops": 2,
                    "Hash Buckets": 4194304,
                    "Original Hash Buckets": 4194304,
                    "Hash Batches": 1,
                    "Original Hash Batches": 1,
                    "Peak Memory Usage": 131712,
                    "Plans": [
                      {
                        "Node Type": "Seq Scan",
                        "Parent Relationship": "Outer",
                        "Parallel Aware": true,
                        "Relation Name": "title",
                        "Alias": "t",
                        "Startup Cost": 0.0,
                        "Total Cost": 50870.31,
                        "Plan Rows": 1487231,
                        "Plan Width": 4,
                        "Actual Startup Time": 0.023,
                        "Actual Total Time": 159.215,
                        "Actual Rows": 1264156,
                        "Actual Loops": 2
                      }
                    ]
                  }
                ]
              }
            ]
          }
        ]
      }
    ]
  },
  "Planning Time": 0.726,
  "Triggers": [],
  "Execution Time": 1106.114
}