{
  "Plan": {
    "Node Type": "Aggregate",
    "Strategy": "Plain",
    "Partial Mode": "Finalize",
    "Parallel Aware": false,
    "Startup Cost": 606792.24,
    "Total Cost": 606792.25,
    "Plan Rows": 1,
    "Plan Width": 8,
    "Actual Startup Time": 4591.096,
    "Actual Total Time": 4597.446,
    "Actual Rows": 1,
    "Actual Loops": 1,
    "Plans": [
      {
        "Node Type": "Gather",
        "Parent Relationship": "Outer",
        "Parallel Aware": false,
        "Startup Cost": 606792.13,
        "Total Cost": 606792.24,
        "Plan Rows": 1,
        "Plan Width": 8,
        "Actual Startup Time": 4591.085,
        "Actual Total Time": 4597.439,
        "Actual Rows": 2,
        "Actual Loops": 1,
        "Workers Planned": 1,
        "Workers Launched": 1,
        "Single Copy": false,
        "Plans": [
          {
            "Node Type": "Aggregate",
            "Strategy": "Plain",
            "Partial Mode": "Partial",
            "Parent Relationship": "Outer",
            "Parallel Aware": false,
            "Startup Cost": 605792.13,
            "Total Cost": 605792.14,
            "Plan Rows": 1,
            "Plan Width": 8,
            "Actual Startup Time": 4451.37,
            "Actual Total Time": 4451.377,
            "Actual Rows": 1,
            "Actual Loops": 2,
            "Plans": [
              {
                "Node Type": "Merge Join",
                "Parent Relationship": "Outer",
                "Parallel Aware": false,
                "Join Type": "Inner",
                "Startup Cost": 590814.8,
                "Total Cost": 605177.37,
                "Plan Rows": 245904,
                "Plan Width": 0,
                "Actual Startup Time": 3834.675,
                "Actual Total Time": 4403.43,
                "Actual Rows": 1159361,
                "Actual Loops": 2,
                "Inner Unique": false,
                "Merge Cond": "(t.id = ci.movie_id)",
                "Plans": [
                  {
                    "Node Type": "Sort",
                    "Parent Relationship": "Outer",
                    "Parallel Aware": false,
                    "Startup Cost": 553311.59,
                    "Total Cost": 558522.49,
                    "Plan Rows": 2084360,
                    "Plan Width": 8,
                    "Actual Startup Time": 3713.751,
                    "Actual Total Time": 3890.084,
                    "Actual Rows": 3861995,
                    "Actual Loops": 2,
                    "Sort Key": [
                      "t.id"
                    ],
                    "Sort Method": "quicksort",
                    "Sort Space Used": 404188,
                    "Sort Space Type": "Memory",
                    "Workers": [
                      {
                        "Worker Number": 0,
                        "Sort Method": "quicksort",
                        "Sort Space Used": 252791,
                        "Sort Space Type": "Memory"
                      }
                    ],
                    "Plans": [
                      {
                        "Node Type": "Hash Join",
                        "Parent Relationship": "Outer",
                        "Parallel Aware": true,
                        "Join Type": "Inner",
                        "Startup Cost": 62762.29,
                        "Total Cost": 334545.78,
                        "Plan Rows": 2084360,
                        "Plan Width": 8,
                        "Actual Startup Time": 284.539,
                        "Actual Total Time": 2801.616,
                        "Actual Rows": 3862041,
                        "Actual Loops": 2,
                        "Inner Unique": true,
                        "Hash Cond": "(mi.movie_id = t.id)",
                        "Plans": [
                          {
                            "Node Type": "Seq Scan",
                            "Parent Relationship": "Outer",
                            "Parallel Aware": true,
                            "Relation Name": "movie_info",
                            "Alias": "mi",
                            "Startup Cost": 0.0,
                            "Total Cost": 248955.74,
                            "Plan Rows": 8696274,
                            "Plan Width": 4,
                            "Actual Startup Time": 0.011,
                            "Actual Total Time": 729.487,
                            "Actual Rows": 7417860,
                            "Actual Loops": 2
                          },
                          {
                            "Node Type": "Hash",
                            "Parent Relationship": "Inner",
                            "Parallel Aware": true,
                            "Startup Cost": 58306.47,
                            "Total Cost": 58306.47,
                            "Plan Rows": 356466,
                            "Plan Width": 4,
                            "Actual Startup Time": 273.281,
                            "Actual Total Time": 273.283,
                            "Actual Rows": 337845,
                            "Actual Loops": 2,
                            "Hash Buckets": 1048576,
                            "Original Hash Buckets": 1048576,
                            "Hash Batches": 1,
                            "Original Hash Batches": 1,
                            "Peak Memory Usage": 34656,
                            "Plans": [
                              {
                                "Node Type": "Seq Scan",
                                "Parent Relationship": "Outer",
                                "Parallel Aware": true,
                                "Relation Name": "title",
                                "Alias": "t",
                                "Startup Cost": 0.0,
                                "Total Cost": 58306.47,
                                "Plan Rows": 356466,
                                "Plan Width": 4,
                                "Actual Startup Time": 0.038,
                                "Actual Total Time": 178.3,
                                "Actual Rows": 337845,
                                "Actual Loops": 2,
                                "Filter": "((kind_id < 7) AND (production_year < 2007))",
                                "Rows Removed by Filter": 926311
                              }
                            ]
                          }
                        ]
                      }
                    ]
                  },
                  {
                    "Node Type": "Sort",
                    "Parent Relationship": "Inner",
                    "Parallel Aware": false,
                    "Startup Cost": 37503.18,
                    "Total Cost": 38248.87,
                    "Plan Rows": 298277,
                    "Plan Width": 4,
                    "Actual Startup Time": 120.901,
                    "Actual Total Time": 188.513,
                    "Actual Rows": 1383700,
                    "Actual Loops": 2,
                    "Sort Key": [
                      "ci.movie_id"
                    ],
                    "Sort Method": "quicksort",
                    "Sort Space Used": 27107,
                    "Sort Space Type": "Memory",
                    "Workers": [
                      {
                        "Worker Number": 0,
                        "Sort Method": "quicksort",
                        "Sort Space Used": 27107,
                        "Sort Space Type": "Memory"
                      }
                    ],
                    "Plans": [
                      {
                        "Node Type": "Index Scan",
                        "Parent Relationship": "Outer",
                        "Parallel Aware": false,
                        "Scan Direction": "Forward",
                        "Index Name": "role_id_cast_info",
                        "Relation Name": "cast_info",
                        "Alias": "ci",
                        "Startup Cost": 0.56,
                        "Total Cost": 10380.41,
                        "Plan Rows": 298277,
                        "Plan Width": 4,
                        "Actual Startup Time": 0.119,
                        "Actual Total Time": 48.784,
                        "Actual Rows": 316118,
                        "Actual Loops": 2,
                        "Index Cond": "(role_id = 11)",
                        "Rows Removed by Index Recheck": 0
                      }
                    ]
                  }
                ]
              }
            ]
          }
        ]
      }
    ]
  },
  "Planning Time": 1.036,
  "Triggers": [],
  "Execution Time": 4616.866
}