[
  {
    "Plan": {
      "Node Type": "Aggregate",
      "Strategy": "Plain",
      "Partial Mode": "Finalize",
      "Parallel Aware": false,
      "Startup Cost": 44903.39,
      "Total Cost": 44903.4,
      "Plan Rows": 1,
      "Plan Width": 8,
      "Actual Startup Time": 92.002,
      "Actual Total Time": 103.49,
      "Actual Rows": 1,
      "Actual Loops": 1,
      "Plans": [
        {
          "Node Type": "Gather",
          "Parent Relationship": "Outer",
          "Parallel Aware": false,
          "Startup Cost": 44902.97,
          "Total Cost": 44903.38,
          "Plan Rows": 4,
          "Plan Width": 8,
          "Actual Startup Time": 91.739,
          "Actual Total Time": 103.481,
          "Actual Rows": 5,
          "Actual Loops": 1,
          "Workers Planned": 4,
          "Workers Launched": 4,
          "Single Copy": false,
          "Plans": [
            {
              "Node Type": "Aggregate",
              "Strategy": "Plain",
              "Partial Mode": "Partial",
              "Parent Relationship": "Outer",
              "Parallel Aware": false,
              "Startup Cost": 43902.97,
              "Total Cost": 43902.98,
              "Plan Rows": 1,
              "Plan Width": 8,
              "Actual Startup Time": 84.564,
              "Actual Total Time": 84.566,
              "Actual Rows": 1,
              "Actual Loops": 5,
              "Plans": [
                {
                  "Node Type": "Seq Scan",
                  "Parent Relationship": "Outer",
                  "Parallel Aware": true,
                  "Relation Name": "title",
                  "Alias": "t",
                  "Startup Cost": 0.0,
                  "Total Cost": 43898.92,
                  "Plan Rows": 1622,
                  "Plan Width": 0,
                  "Actual Startup Time": 0.318,
                  "Actual Total Time": 84.348,
                  "Actual Rows": 1601,
                  "Actual Loops": 5,
                  "Filter": "(production_year = 1955)",
                  "Rows Removed by Filter": 504061
                }
              ]
            }
          ]
        }
      ]
    },
    "Planning Time": 0.124,
    "Triggers": [],
    "Execution Time": 103.539
  }
]