[
  {
    "Plan": {
      "Node Type": "Aggregate",
      "Strategy": "Plain",
      "Partial Mode": "Finalize",
      "Parallel Aware": false,
      "Startup Cost": 44950.02,
      "Total Cost": 44950.03,
      "Plan Rows": 1,
      "Plan Width": 8,
      "Actual Startup Time": 130.497,
      "Actual Total Time": 139.672,
      "Actual Rows": 1,
      "Actual Loops": 1,
      "Plans": [
        {
          "Node Type": "Gather",
          "Parent Relationship": "Outer",
          "Parallel Aware": false,
          "Startup Cost": 44949.7,
          "Total Cost": 44950.01,
          "Plan Rows": 3,
          "Plan Width": 8,
          "Actual Startup Time": 130.405,
          "Actual Total Time": 139.664,
          "Actual Rows": 4,
          "Actual Loops": 1,
          "Workers Planned": 3,
          "Workers Launched": 3,
          "Single Copy": false,
          "Plans": [
            {
              "Node Type": "Aggregate",
              "Strategy": "Plain",
              "Partial Mode": "Partial",
              "Parent Relationship": "Outer",
              "Parallel Aware": false,
              "Startup Cost": 43949.7,
              "Total Cost": 43949.71,
              "Plan Rows": 1,
              "Plan Width": 8,
              "Actual Startup Time": 123.551,
              "Actual Total Time": 123.553,
              "Actual Rows": 1,
              "Actual Loops": 4,
              "Plans": [
                {
                  "Node Type": "Seq Scan",
                  "Parent Relationship": "Outer",
                  "Parallel Aware": true,
                  "Relation Name": "movie_keyword",
                  "Alias": "mk",
                  "Startup Cost": 0.0,
                  "Total Cost": 42695.65,
                  "Plan Rows": 501620,
                  "Plan Width": 0,
                  "Actual Startup Time": 0.923,
                  "Actual Total Time": 105.604,
                  "Actual Rows": 385862,
                  "Actual Loops": 4,
                  "Filter": "(keyword_id > 10248)",
                  "Rows Removed by Filter": 745120
                }
              ]
            }
          ]
        }
      ]
    },
    "Planning Time": 0.073,
    "Triggers": [],
    "Execution Time": 139.703
  }
]