[
  {
    "Plan": {
      "Node Type": "Aggregate",
      "Strategy": "Plain",
      "Partial Mode": "Finalize",
      "Parallel Aware": false,
      "Startup Cost": 231282.12,
      "Total Cost": 231282.13,
      "Plan Rows": 1,
      "Plan Width": 8,
      "Actual Startup Time": 188.313,
      "Actual Total Time": 217.486,
      "Actual Rows": 1,
      "Actual Loops": 1,
      "Plans": [
        {
          "Node Type": "Gather",
          "Parent Relationship": "Outer",
          "Parallel Aware": false,
          "Startup Cost": 231281.7,
          "Total Cost": 231282.11,
          "Plan Rows": 4,
          "Plan Width": 8,
          "Actual Startup Time": 188.102,
          "Actual Total Time": 217.475,
          "Actual Rows": 5,
          "Actual Loops": 1,
          "Workers Planned": 4,
          "Workers Launched": 4,
          "Single Copy": false,
          "Plans": [
            {
              "Node Type": "Aggregate",
              "Strategy": "Plain",
              "Partial Mode": "Partial",
              "Parent Relationship": "Outer",
              "Parallel Aware": false,
              "Startup Cost": 230281.7,
              "Total Cost": 230281.71,
              "Plan Rows": 1,
              "Plan Width": 8,
              "Actual Startup Time": 182.057,
              "Actual Total Time": 182.059,
              "Actual Rows": 1,
              "Actual Loops": 5,
              "Plans": [
                {
                  "Node Type": "Nested Loop",
                  "Parent Relationship": "Outer",
                  "Parallel Aware": false,
                  "Join Type": "Inner",
                  "Startup Cost": 0.43,
                  "Total Cost": 230274.91,
                  "Plan Rows": 2716,
                  "Plan Width": 0,
                  "Actual Startup Time": 0.723,
                  "Actual Total Time": 181.756,
                  "Actual Rows": 3033,
                  "Actual Loops": 5,
                  "Inner Unique": false,
                  "Plans": [
                    {
                      "Node Type": "Seq Scan",
                      "Parent Relationship": "Outer",
                      "Parallel Aware": true,
                      "Relation Name": "title",
                      "Alias": "t",
                      "Startup Cost": 0.0,
                      "Total Cost": 43899.32,
                      "Plan Rows": 5689,
                      "Plan Width": 4,
                      "Actual Startup Time": 0.066,
                      "Actual Total Time": 83.632,
                      "Actual Rows": 4608,
                      "Actual Loops": 5,
                      "Filter": "(production_year = 1990)",
                      "Rows Removed by Filter": 501054
                    },
                    {
                      "Node Type": "Index Scan",
                      "Parent Relationship": "Inner",
                      "Parallel Aware": false,
                      "Scan Direction": "Forward",
                      "Index Name": "movie_id_movie_info",
                      "Relation Name": "movie_info",
                      "Alias": "mi",
                      "Startup Cost": 0.43,
                      "Total Cost": 32.73,
                      "Plan Rows": 3,
                      "Plan Width": 4,
                      "Actual Startup Time": 0.019,
                      "Actual Total Time": 0.021,
                      "Actual Rows": 1,
                      "Actual Loops": 23040,
                      "Index Cond": "(movie_id = t.id)",
                      "Rows Removed by Index Recheck": 0,
                      "Filter": "(info_type_id > 18)",
                      "Rows Removed by Filter": 6
                    }
                  ]
                }
              ]
            }
          ]
        }
      ]
    },
    "Planning Time": 0.686,
    "Triggers": [],
    "Execution Time": 217.565
  }
]