[
  {
    "Plan": {
      "Node Type": "Aggregate",
      "Strategy": "Plain",
      "Partial Mode": "Finalize",
      "Parallel Aware": false,
      "Startup Cost": 33018.69,
      "Total Cost": 33018.7,
      "Plan Rows": 1,
      "Plan Width": 8,
      "Actual Startup Time": 118.834,
      "Actual Total Time": 129.369,
      "Actual Rows": 1,
      "Actual Loops": 1,
      "Plans": [
        {
          "Node Type": "Gather",
          "Parent Relationship": "Outer",
          "Parallel Aware": false,
          "Startup Cost": 33018.37,
          "Total Cost": 33018.68,
          "Plan Rows": 3,
          "Plan Width": 8,
          "Actual Startup Time": 118.649,
          "Actual Total Time": 129.361,
          "Actual Rows": 4,
          "Actual Loops": 1,
          "Workers Planned": 3,
          "Workers Launched": 3,
          "Single Copy": false,
          "Plans": [
            {
              "Node Type": "Aggregate",
              "Strategy": "Plain",
              "Partial Mode": "Partial",
              "Parent Relationship": "Outer",
              "Parallel Aware": false,
              "Startup Cost": 32018.37,
              "Total Cost": 32018.38,
              "Plan Rows": 1,
              "Plan Width": 8,
              "Actual Startup Time": 110.262,
              "Actual Total Time": 110.264,
              "Actual Rows": 1,
              "Actual Loops": 4,
              "Plans": [
                {
                  "Node Type": "Seq Scan",
                  "Parent Relationship": "Outer",
                  "Parallel Aware": true,
                  "Relation Name": "movie_companies",
                  "Alias": "mc",
                  "Startup Cost": 0.0,
                  "Total Cost": 31414.82,
                  "Plan Rows": 241420,
                  "Plan Width": 0,
                  "Actual Startup Time": 52.012,
                  "Actual Total Time": 96.944,
                  "Actual Rows": 239619,
                  "Actual Loops": 4,
                  "Filter": "((company_id > 9171) AND (company_type_id = 2))",
                  "Rows Removed by Filter": 412663
                }
              ]
            }
          ]
        }
      ]
    },
    "Planning Time": 0.174,
    "Triggers": [],
    "Execution Time": 129.415
  }
]