[
  {
    "Plan": {
      "Node Type": "Aggregate",
      "Strategy": "Plain",
      "Partial Mode": "Finalize",
      "Parallel Aware": false,
      "Startup Cost": 33009.89,
      "Total Cost": 33009.9,
      "Plan Rows": 1,
      "Plan Width": 8,
      "Actual Startup Time": 101.458,
      "Actual Total Time": 109.651,
      "Actual Rows": 1,
      "Actual Loops": 1,
      "Plans": [
        {
          "Node Type": "Gather",
          "Parent Relationship": "Outer",
          "Parallel Aware": false,
          "Startup Cost": 33009.58,
          "Total Cost": 33009.89,
          "Plan Rows": 3,
          "Plan Width": 8,
          "Actual Startup Time": 101.325,
          "Actual Total Time": 109.643,
          "Actual Rows": 4,
          "Actual Loops": 1,
          "Workers Planned": 3,
          "Workers Launched": 3,
          "Single Copy": false,
          "Plans": [
            {
              "Node Type": "Aggregate",
              "Strategy": "Plain",
              "Partial Mode": "Partial",
              "Parent Relationship": "Outer",
              "Parallel Aware": false,
              "Startup Cost": 32009.58,
              "Total Cost": 32009.59,
              "Plan Rows": 1,
              "Plan Width": 8,
              "Actual Startup Time": 92.999,
              "Actual Total Time": 93.0,
              "Actual Rows": 1,
              "Actual Loops": 4,
              "Plans": [
                {
                  "Node Type": "Seq Scan",
                  "Parent Relationship": "Outer",
                  "Parallel Aware": true,
                  "Relation Name": "movie_companies",
                  "Alias": "mc",
                  "Startup Cost": 0.0,
                  "Total Cost": 31414.82,
                  "Plan Rows": 237903,
                  "Plan Width": 0,
                  "Actual Startup Time": 49.646,
                  "Actual Total Time": 83.656,
                  "Actual Rows": 239619,
                  "Actual Loops": 4,
                  "Filter": "((company_id > 9171) AND (company_type_id = 2))",
                  "Rows Removed by Filter": 412663
                }
              ]
            }
          ]
        }
      ]
    },
    "Planning Time": 0.218,
    "Triggers": [],
    "Execution Time": 109.715
  }
]