[
  {
    "Plan": {
      "Node Type": "Aggregate",
      "Strategy": "Plain",
      "Partial Mode": "Finalize",
      "Parallel Aware": false,
      "Startup Cost": 218472.42,
      "Total Cost": 218472.43,
      "Plan Rows": 1,
      "Plan Width": 8,
      "Actual Startup Time": 862.996,
      "Actual Total Time": 892.784,
      "Actual Rows": 1,
      "Actual Loops": 1,
      "Plans": [
        {
          "Node Type": "Gather",
          "Parent Relationship": "Outer",
          "Parallel Aware": false,
          "Startup Cost": 218472.1,
          "Total Cost": 218472.41,
          "Plan Rows": 3,
          "Plan Width": 8,
          "Actual Startup Time": 843.419,
          "Actual Total Time": 892.762,
          "Actual Rows": 4,
          "Actual Loops": 1,
          "Workers Planned": 3,
          "Workers Launched": 3,
          "Single Copy": false,
          "Plans": [
            {
              "Node Type": "Aggregate",
              "Strategy": "Plain",
              "Partial Mode": "Partial",
              "Parent Relationship": "Outer",
              "Parallel Aware": false,
              "Startup Cost": 217472.1,
              "Total Cost": 217472.11,
              "Plan Rows": 1,
              "Plan Width": 8,
              "Actual Startup Time": 835.989,
              "Actual Total Time": 835.997,
              "Actual Rows": 1,
              "Actual Loops": 4,
              "Plans": [
                {
                  "Node Type": "Hash Join",
                  "Parent Relationship": "Outer",
                  "Parallel Aware": true,
                  "Join Type": "Inner",
                  "Startup Cost": 170995.77,
                  "Total Cost": 216845.76,
                  "Plan Rows": 250535,
                  "Plan Width": 0,
                  "Actual Startup Time": 629.837,
                  "Actual Total Time": 815.402,
                  "Actual Rows": 521486,
                  "Actual Loops": 4,
                  "Inner Unique": false,
                  "Hash Cond": "(mk.movie_id = t.id)",
                  "Plans": [
                    {
                      "Node Type": "Seq Scan",
                      "Parent Relationship": "Outer",
                      "Parallel Aware": true,
                      "Relation Name": "movie_keyword",
                      "Alias": "mk",
                      "Startup Cost": 0.0,
                      "Total Cost": 42695.65,
                      "Plan Rows": 707539,
                      "Plan Width": 4,
                      "Actual Startup Time": 0.058,
                      "Actual Total Time": 97.471,
                      "Actual Rows": 551205,
                      "Actual Loops": 4,
                      "Filter": "(keyword_id < 4443)",
                      "Rows Removed by Filter": 579777
                    },
                    {
                      "Node Type": "Hash",
                      "Parent Relationship": "Inner",
                      "Parallel Aware": true,
                      "Startup Cost": 168757.52,
                      "Total Cost": 168757.52,
                      "Plan Rows": 179060,
                      "Plan Width": 8,
                      "Actual Startup Time": 625.25,
                      "Actual Total Time": 625.254,
                      "Actual Rows": 74428,
                      "Actual Loops": 4,
                      "Hash Buckets": 1048576,
                      "Original Hash Buckets": 1048576,
                      "Hash Batches": 1,
                      "Original Hash Batches": 1,
                      "Peak Memory Usage": 19904,
                      "Plans": [
                        {
                          "Node Type": "Hash Join",
                          "Parent Relationship": "Outer",
                          "Parallel Aware": true,
                          "Join Type": "Inner",
                          "Startup Cost": 50220.95,
                          "Total Cost": 168757.52,
                          "Plan Rows": 179060,
                          "Plan Width": 8,
                          "Actual Startup Time": 360.865,
                          "Actual Total Time": 589.784,
                          "Actual Rows": 74428,
                          "Actual Loops": 4,
                          "Inner Unique": true,
                          "Hash Cond": "(ci.movie_id = t.id)",
                          "Plans": [
                            {
                              "Node Type": "Index Scan",
                              "Parent Relationship": "Outer",
                              "Parallel Aware": true,
                              "Scan Direction": "Forward",
                              "Index Name": "role_id_cast_info",
                              "Relation Name": "cast_info",
                              "Alias": "ci",
                              "Startup Cost": 0.56,
                              "Total Cost": 118067.1,
                              "Plan Rows": 179060,
                              "Plan Width": 4,
                              "Actual Startup Time": 0.089,
                              "Actual Total Time": 180.112,
                              "Actual Rows": 74428,
                              "Actual Loops": 4,
                              "Index Cond": "(role_id = 10)",
                              "Rows Removed by Index Recheck": 0,
                              "Filter": "(person_id < 740934)",
                              "Rows Removed by Filter": 1006327
                            },
                            {
                              "Node Type": "Hash",
                              "Parent Relationship": "Inner",
                              "Parallel Aware": true,
                              "Startup Cost": 42319.06,
                              "Total Cost": 42319.06,
                              "Plan Rows": 632106,
                              "Plan Width": 4,
                              "Actual Startup Time": 352.903,
                              "Actual Total Time": 352.904,
                              "Actual Rows": 632078,
                              "Actual Loops": 4,
                              "Hash Buckets": 4194304,
                              "Original Hash Buckets": 4194304,
                              "Hash Batches": 1,
                              "Original Hash Batches": 1,
                              "Peak Memory Usage": 131744,
                              "Plans": [
                                {
                                  "Node Type": "Seq Scan",
                                  "Parent Relationship": "Outer",
                                  "Parallel Aware": true,
                                  "Relation Name": "title",
                                  "Alias": "t",
                                  "Startup Cost": 0.0,
                                  "Total Cost": 42319.06,
                                  "Plan Rows": 632106,
                                  "Plan Width": 4,
                                  "Actual Startup Time": 0.048,
                                  "Actual Total Time": 100.291,
                                  "Actual Rows": 632078,
                                  "Actual Loops": 4
                                }
                              ]
                            }
                          ]
                        }
                      ]
                    }
                  ]
                }
              ]
            }
          ]
        }
      ]
    },
    "Planning Time": 0.968,
    "Triggers": [],
    "Execution Time": 892.871
  }
]