[
  {
    "Plan": {
      "Node Type": "Aggregate",
      "Strategy": "Plain",
      "Partial Mode": "Finalize",
      "Parallel Aware": false,
      "Startup Cost": 46483.25,
      "Total Cost": 46483.26,
      "Plan Rows": 1,
      "Plan Width": 8,
      "Actual Startup Time": 91.909,
      "Actual Total Time": 103.528,
      "Actual Rows": 1,
      "Actual Loops": 1,
      "Plans": [
        {
          "Node Type": "Gather",
          "Parent Relationship": "Outer",
          "Parallel Aware": false,
          "Startup Cost": 46482.83,
          "Total Cost": 46483.24,
          "Plan Rows": 4,
          "Plan Width": 8,
          "Actual Startup Time": 91.715,
          "Actual Total Time": 103.517,
          "Actual Rows": 5,
          "Actual Loops": 1,
          "Workers Planned": 4,
          "Workers Launched": 4,
          "Single Copy": false,
          "Plans": [
            {
              "Node Type": "Aggregate",
              "Strategy": "Plain",
              "Partial Mode": "Partial",
              "Parent Relationship": "Outer",
              "Parallel Aware": false,
              "Startup Cost": 45482.83,
              "Total Cost": 45482.84,
              "Plan Rows": 1,
              "Plan Width": 8,
              "Actual Startup Time": 84.622,
              "Actual Total Time": 84.623,
              "Actual Rows": 1,
              "Actual Loops": 5,
              "Plans": [
                {
                  "Node Type": "Seq Scan",
                  "Parent Relationship": "Outer",
                  "Parallel Aware": true,
                  "Relation Name": "title",
                  "Alias": "t",
                  "Startup Cost": 0.0,
                  "Total Cost": 45479.59,
                  "Plan Rows": 1298,
                  "Plan Width": 0,
                  "Actual Startup Time": 54.933,
                  "Actual Total Time": 84.507,
                  "Actual Rows": 929,
                  "Actual Loops": 5,
                  "Filter": "((kind_id = 1) AND (production_year = 1986))",
                  "Rows Removed by Filter": 504734
                }
              ]
            }
          ]
        }
      ]
    },
    "Planning Time": 0.099,
    "Triggers": [],
    "Execution Time": 103.57
  }
]