[
  {
    "Plan": {
      "Node Type": "Aggregate",
      "Strategy": "Plain",
      "Partial Mode": "Finalize",
      "Parallel Aware": false,
      "Startup Cost": 81569.6,
      "Total Cost": 81569.61,
      "Plan Rows": 1,
      "Plan Width": 8,
      "Actual Startup Time": 474.068,
      "Actual Total Time": 495.041,
      "Actual Rows": 1,
      "Actual Loops": 1,
      "Plans": [
        {
          "Node Type": "Gather",
          "Parent Relationship": "Outer",
          "Parallel Aware": false,
          "Startup Cost": 81569.28,
          "Total Cost": 81569.59,
          "Plan Rows": 3,
          "Plan Width": 8,
          "Actual Startup Time": 464.168,
          "Actual Total Time": 495.031,
          "Actual Rows": 4,
          "Actual Loops": 1,
          "Workers Planned": 3,
          "Workers Launched": 3,
          "Single Copy": false,
          "Plans": [
            {
              "Node Type": "Aggregate",
              "Strategy": "Plain",
              "Partial Mode": "Partial",
              "Parent Relationship": "Outer",
              "Parallel Aware": false,
              "Startup Cost": 80569.28,
              "Total Cost": 80569.29,
              "Plan Rows": 1,
              "Plan Width": 8,
              "Actual Startup Time": 446.41,
              "Actual Total Time": 446.413,
              "Actual Rows": 1,
              "Actual Loops": 4,
              "Plans": [
                {
                  "Node Type": "Hash Join",
                  "Parent Relationship": "Outer",
                  "Parallel Aware": true,
                  "Join Type": "Inner",
                  "Startup Cost": 54869.81,
                  "Total Cost": 80392.62,
                  "Plan Rows": 70665,
                  "Plan Width": 0,
                  "Actual Startup Time": 371.628,
                  "Actual Total Time": 443.403,
                  "Actual Rows": 56619,
                  "Actual Loops": 4,
                  "Inner Unique": true,
                  "Hash Cond": "(mk.movie_id = t.id)",
                  "Plans": [
                    {
                      "Node Type": "Bitmap Heap Scan",
                      "Parent Relationship": "Outer",
                      "Parallel Aware": true,
                      "Relation Name": "movie_keyword",
                      "Alias": "mk",
                      "Startup Cost": 4650.16,
                      "Total Cost": 29987.48,
                      "Plan Rows": 70665,
                      "Plan Width": 4,
                      "Actual Startup Time": 15.697,
                      "Actual Total Time": 57.587,
                      "Actual Rows": 56619,
                      "Actual Loops": 4,
                      "Recheck Cond": "(keyword_id < 184)",
                      "Rows Removed by Index Recheck": 0,
                      "Exact Heap Blocks": 6300,
                      "Lossy Heap Blocks": 0,
                      "Plans": [
                        {
                          "Node Type": "Bitmap Index Scan",
                          "Parent Relationship": "Outer",
                          "Parallel Aware": false,
                          "Index Name": "keyword_id_movie_keyword",
                          "Startup Cost": 0.0,
                          "Total Cost": 4595.4,
                          "Plan Rows": 219062,
                          "Plan Width": 0,
                          "Actual Startup Time": 12.122,
                          "Actual Total Time": 12.122,
                          "Actual Rows": 226476,
                          "Actual Loops": 1,
                          "Index Cond": "(keyword_id < 184)"
                        }
                      ]
                    },
                    {
                      "Node Type": "Hash",
                      "Parent Relationship": "Inner",
                      "Parallel Aware": true,
                      "Startup Cost": 42318.73,
                      "Total Cost": 42318.73,
                      "Plan Rows": 632073,
                      "Plan Width": 4,
                      "Actual Startup Time": 344.445,
                      "Actual Total Time": 344.445,
                      "Actual Rows": 632078,
                      "Actual Loops": 4,
                      "Hash Buckets": 4194304,
                      "Original Hash Buckets": 4194304,
                      "Hash Batches": 1,
                      "Original Hash Batches": 1,
                      "Peak Memory Usage": 131744,
                      "Plans": [
                        {
                          "Node Type": "Seq Scan",
                          "Parent Relationship": "Outer",
                          "Parallel Aware": true,
                          "Relation Name": "title",
                          "Alias": "t",
                          "Startup Cost": 0.0,
                          "Total Cost": 42318.73,
                          "Plan Rows": 632073,
                          "Plan Width": 4,
                          "Actual Startup Time": 0.034,
                          "Actual Total Time": 102.813,
                          "Actual Rows": 632078,
                          "Actual Loops": 4
                        }
                      ]
                    }
                  ]
                }
              ]
            }
          ]
        }
      ]
    },
    "Planning Time": 0.584,
    "Triggers": [],
    "Execution Time": 495.131
  }
]