{
    "Plan": {
        "Node Type": "Aggregate",
        "Strategy": "Plain",
        "Partial Mode": "Simple",
        "Parallel Aware": false,
        "Startup Cost": 60001376744.46,
        "Total Cost": 60001376744.47,
        "Plan Rows": 1,
        "Plan Width": 96,
        "Actual Startup Time": 6147.051,
        "Actual Total Time": 6147.265,
        "Actual Rows": 1,
        "Actual Loops": 1,
        "Output": [
            "min(chn.name)",
            "min(n.name)",
            "min(t.title)"
        ],
        "Plans": [
            {
                "Node Type": "Nested Loop",
                "Parent Relationship": "Outer",
                "Parallel Aware": false,
                "Join Type": "Inner",
                "Startup Cost": 60001365150.23,
                "Total Cost": 60001376744.45,
                "Plan Rows": 1,
                "Plan Width": 48,
                "Actual Startup Time": 6146.805,
                "Actual Total Time": 6147.25,
                "Actual Rows": 5,
                "Actual Loops": 1,
                "Output": [
                    "chn.name",
                    "n.name",
                    "t.title"
                ],
                "Inner Unique": true,
                "Join Filter": "(ci.person_id = n.id)",
                "Rows Removed by Join Filter": 0,
                "Plans": [
                    {
                        "Node Type": "Merge Join",
                        "Parent Relationship": "Outer",
                        "Parallel Aware": false,
                        "Join Type": "Inner",
                        "Startup Cost": 50001365149.72,
                        "Total Cost": 50001376739.92,
                        "Plan Rows": 1,
                        "Plan Width": 41,
                        "Actual Startup Time": 6146.75,
                        "Actual Total Time": 6147.147,
                        "Actual Rows": 11,
                        "Actual Loops": 1,
                        "Output": [
                            "an.person_id",
                            "ci.person_id",
                            "chn.name",
                            "t.title"
                        ],
                        "Inner Unique": false,
                        "Merge Cond": "(cn.id = mc.company_id)",
                        "Plans": [
                            {
                                "Node Type": "Gather Merge",
                                "Parent Relationship": "Outer",
                                "Parallel Aware": false,
                                "Startup Cost": 1000.43,
                                "Total Cost": 12590.6,
                                "Plan Rows": 1,
                                "Plan Width": 4,
                                "Actual Startup Time": 155.08,
                                "Actual Total Time": 155.366,
                                "Actual Rows": 1,
                                "Actual Loops": 1,
                                "Output": [
                                    "cn.id"
                                ],
                                "Workers Planned": 1,
                                "Workers Launched": 1,
                                "Plans": [
                                    {
                                        "Node Type": "Index Scan",
                                        "Parent Relationship": "Outer",
                                        "Parallel Aware": true,
                                        "Scan Direction": "Forward",
                                        "Index Name": "company_name_pkey",
                                        "Relation Name": "company_name",
                                        "Schema": "public",
                                        "Alias": "cn",
                                        "Startup Cost": 0.42,
                                        "Total Cost": 11590.48,
                                        "Plan Rows": 1,
                                        "Plan Width": 4,
                                        "Actual Startup Time": 79.148,
                                        "Actual Total Time": 79.238,
                                        "Actual Rows": 0,
                                        "Actual Loops": 2,
                                        "Output": [
                                            "cn.id"
                                        ],
                                        "Filter": "(((cn.country_code)::text = '[us]'::text) AND (cn.name = 'DreamWorks Animation'::text))",
                                        "Rows Removed by Filter": 117498,
                                        "Workers": [
                                            {
                                                "Worker Number": 0,
                                                "Actual Startup Time": 143.533,
                                                "Actual Total Time": 143.534,
                                                "Actual Rows": 0,
                                                "Actual Loops": 1
                                            }
                                        ]
                                    }
                                ]
                            },
                            {
                                "Node Type": "Sort",
                                "Parent Relationship": "Inner",
                                "Parallel Aware": false,
                                "Startup Cost": 50001364149.29,
                                "Total Cost": 50001364149.3,
                                "Plan Rows": 1,
                                "Plan Width": 45,
                                "Actual Startup Time": 5991.644,
                                "Actual Total Time": 5991.751,
                                "Actual Rows": 22,
                                "Actual Loops": 1,
                                "Output": [
                                    "an.person_id",
                                    "ci.person_id",
                                    "chn.name",
                                    "mc.company_id",
                                    "t.title"
                                ],
                                "Sort Key": [
                                    "mc.company_id"
                                ],
                                "Sort Method": "quicksort",
                                "Sort Space Used": 26,
                                "Sort Space Type": "Memory",
                                "Plans": [
                                    {
                                        "Node Type": "Hash Join",
                                        "Parent Relationship": "Outer",
                                        "Parallel Aware": false,
                                        "Join Type": "Inner",
                                        "Startup Cost": 50001309483.75,
                                        "Total Cost": 50001364149.28,
                                        "Plan Rows": 1,
                                        "Plan Width": 45,
                                        "Actual Startup Time": 5751.509,
                                        "Actual Total Time": 5991.711,
                                        "Actual Rows": 22,
                                        "Actual Loops": 1,
                                        "Output": [
                                            "an.person_id",
                                            "ci.person_id",
                                            "chn.name",
                                            "mc.company_id",
                                            "t.title"
                                        ],
                                        "Inner Unique": false,
                                        "Hash Cond": "(mc.movie_id = t.id)",
                                        "Plans": [
                                            {
                                                "Node Type": "Seq Scan",
                                                "Parent Relationship": "Outer",
                                                "Parallel Aware": false,
                                                "Relation Name": "movie_companies",
                                                "Schema": "public",
                                                "Alias": "mc",
                                                "Startup Cost": 10000000000.0,
                                                "Total Cost": 10000044881.29,
                                                "Plan Rows": 2609129,
                                                "Plan Width": 8,
                                                "Actual Startup Time": 0.035,
                                                "Actual Total Time": 195.061,
                                                "Actual Rows": 2609129,
                                                "Actual Loops": 1,
                                                "Output": [
                                                    "mc.id",
                                                    "mc.movie_id",
                                                    "mc.company_id",
                                                    "mc.company_type_id",
                                                    "mc.note"
                                                ]
                                            },
                                            {
                                                "Node Type": "Hash",
                                                "Parent Relationship": "Inner",
                                                "Parallel Aware": false,
                                                "Startup Cost": 40001309483.73,
                                                "Total Cost": 40001309483.73,
                                                "Plan Rows": 1,
                                                "Plan Width": 57,
                                                "Actual Startup Time": 5639.549,
                                                "Actual Total Time": 5639.653,
                                                "Actual Rows": 11,
                                                "Actual Loops": 1,
                                                "Output": [
                                                    "an.person_id",
                                                    "ci.movie_id",
                                                    "ci.person_id",
                                                    "chn.name",
                                                    "mi.movie_id",
                                                    "mk.movie_id",
                                                    "t.title",
                                                    "t.id"
                                                ],
                                                "Hash Buckets": 1024,
                                                "Original Hash Buckets": 1024,
                                                "Hash Batches": 1,
                                                "Original Hash Batches": 1,
                                                "Peak Memory Usage": 9,
                                                "Plans": [
                                                    {
                                                        "Node Type": "Merge Join",
                                                        "Parent Relationship": "Outer",
                                                        "Parallel Aware": false,
                                                        "Join Type": "Inner",
                                                        "Startup Cost": 40001293782.58,
                                                        "Total Cost": 40001309483.73,
                                                        "Plan Rows": 1,
                                                        "Plan Width": 57,
                                                        "Actual Startup Time": 5085.81,
                                                        "Actual Total Time": 5639.631,
                                                        "Actual Rows": 11,
                                                        "Actual Loops": 1,
                                                        "Output": [
                                                            "an.person_id",
                                                            "ci.movie_id",
                                                            "ci.person_id",
                                                            "chn.name",
                                                            "mi.movie_id",
                                                            "mk.movie_id",
                                                            "t.title",
                                                            "t.id"
                                                        ],
                                                        "Inner Unique": false,
                                                        "Merge Cond": "(chn.id = ci.person_role_id)",
                                                        "Plans": [
                                                            {
                                                                "Node Type": "Sort",
                                                                "Parent Relationship": "Outer",
                                                                "Parallel Aware": false,
                                                                "Startup Cost": 406719.03,
                                                                "Total Cost": 414569.6,
                                                                "Plan Rows": 3140227,
                                                                "Plan Width": 20,
                                                                "Actual Startup Time": 1964.233,
                                                                "Actual Total Time": 2285.527,
                                                                "Actual Rows": 2473788,
                                                                "Actual Loops": 1,
                                                                "Output": [
                                                                    "chn.name",
                                                                    "chn.id"
                                                                ],
                                                                "Sort Key": [
                                                                    "chn.id"
                                                                ],
                                                                "Sort Method": "quicksort",
                                                                "Sort Space Used": 318840,
                                                                "Sort Space Type": "Memory",
                                                                "Plans": [
                                                                    {
                                                                        "Node Type": "Seq Scan",
                                                                        "Parent Relationship": "Outer",
                                                                        "Parallel Aware": false,
                                                                        "Relation Name": "char_name",
                                                                        "Schema": "public",
                                                                        "Alias": "chn",
                                                                        "Startup Cost": 0.0,
                                                                        "Total Cost": 67850.27,
                                                                        "Plan Rows": 3140227,
                                                                        "Plan Width": 20,
                                                                        "Actual Startup Time": 0.024,
                                                                        "Actual Total Time": 493.926,
                                                                        "Actual Rows": 3140339,
                                                                        "Actual Loops": 1,
                                                                        "Output": [
                                                                            "chn.name",
                                                                            "chn.id"
                                                                        ]
                                                                    }
                                                                ]
                                                            },
                                                            {
                                                                "Node Type": "Sort",
                                                                "Parent Relationship": "Inner",
                                                                "Parallel Aware": false,
                                                                "Startup Cost": 40000887063.55,
                                                                "Total Cost": 40000887063.55,
                                                                "Plan Rows": 1,
                                                                "Plan Width": 45,
                                                                "Actual Startup Time": 3117.653,
                                                                "Actual Total Time": 3117.759,
                                                                "Actual Rows": 11,
                                                                "Actual Loops": 1,
                                                                "Output": [
                                                                    "an.person_id",
                                                                    "ci.movie_id",
                                                                    "ci.person_id",
                                                                    "ci.person_role_id",
                                                                    "mi.movie_id",
                                                                    "mk.movie_id",
                                                                    "t.title",
                                                                    "t.id"
                                                                ],
                                                                "Sort Key": [
                                                                    "ci.person_role_id"
                                                                ],
                                                                "Sort Method": "quicksort",
                                                                "Sort Space Used": 26,
                                                                "Sort Space Type": "Memory",
                                                                "Plans": [
                                                                    {
                                                                        "Node Type": "Merge Join",
                                                                        "Parent Relationship": "Outer",
                                                                        "Parallel Aware": false,
                                                                        "Join Type": "Inner",
                                                                        "Startup Cost": 40000887063.51,
                                                                        "Total Cost": 40000887063.54,
                                                                        "Plan Rows": 1,
                                                                        "Plan Width": 45,
                                                                        "Actual Startup Time": 3117.629,
                                                                        "Actual Total Time": 3117.734,
                                                                        "Actual Rows": 11,
                                                                        "Actual Loops": 1,
                                                                        "Output": [
                                                                            "an.person_id",
                                                                            "ci.movie_id",
                                                                            "ci.person_id",
                                                                            "ci.person_role_id",
                                                                            "mi.movie_id",
                                                                            "mk.movie_id",
                                                                            "t.title",
                                                                            "t.id"
                                                                        ],
                                                                        "Inner Unique": false,
                                                                        "Merge Cond": "(mi.info_type_id = it.id)",
                                                                        "Plans": [
                                                                            {
                                                                                "Node Type": "Sort",
                                                                                "Parent Relationship": "Outer",
                                                                                "Parallel Aware": false,
                                                                                "Startup Cost": 40000887061.09,
                                                                                "Total Cost": 40000887061.1,
                                                                                "Plan Rows": 1,
                                                                                "Plan Width": 49,
                                                                                "Actual Startup Time": 3117.593,
                                                                                "Actual Total Time": 3117.691,
                                                                                "Actual Rows": 11,
                                                                                "Actual Loops": 1,
                                                                                "Output": [
                                                                                    "an.person_id",
                                                                                    "ci.movie_id",
                                                                                    "ci.person_id",
                                                                                    "ci.person_role_id",
                                                                                    "mi.movie_id",
                                                                                    "mi.info_type_id",
                                                                                    "mk.movie_id",
                                                                                    "t.title",
                                                                                    "t.id"
                                                                                ],
                                                                                "Sort Key": [
                                                                                    "mi.info_type_id"
                                                                                ],
                                                                                "Sort Method": "quicksort",
                                                                                "Sort Space Used": 26,
                                                                                "Sort Space Type": "Memory",
                                                                                "Plans": [
                                                                                    {
                                                                                        "Node Type": "Nested Loop",
                                                                                        "Parent Relationship": "Outer",
                                                                                        "Parallel Aware": false,
                                                                                        "Join Type": "Inner",
                                                                                        "Startup Cost": 40000863263.57,
                                                                                        "Total Cost": 40000887061.08,
                                                                                        "Plan Rows": 1,
                                                                                        "Plan Width": 49,
                                                                                        "Actual Startup Time": 3022.261,
                                                                                        "Actual Total Time": 3117.672,
                                                                                        "Actual Rows": 11,
                                                                                        "Actual Loops": 1,
                                                                                        "Output": [
                                                                                            "an.person_id",
                                                                                            "ci.movie_id",
                                                                                            "ci.person_id",
                                                                                            "ci.person_role_id",
                                                                                            "mi.movie_id",
                                                                                            "mi.info_type_id",
                                                                                            "mk.movie_id",
                                                                                            "t.title",
                                                                                            "t.id"
                                                                                        ],
                                                                                        "Inner Unique": true,
                                                                                        "Plans": [
                                                                                            {
                                                                                                "Node Type": "Hash Join",
                                                                                                "Parent Relationship": "Outer",
                                                                                                "Parallel Aware": false,
                                                                                                "Join Type": "Inner",
                                                                                                "Startup Cost": 30000863263.42,
                                                                                                "Total Cost": 30000887052.91,
                                                                                                "Plan Rows": 1,
                                                                                                "Plan Width": 53,
                                                                                                "Actual Startup Time": 3002.603,
                                                                                                "Actual Total Time": 3117.355,
                                                                                                "Actual Rows": 55,
                                                                                                "Actual Loops": 1,
                                                                                                "Output": [
                                                                                                    "an.person_id",
                                                                                                    "ci.movie_id",
                                                                                                    "ci.person_id",
                                                                                                    "ci.role_id",
                                                                                                    "ci.person_role_id",
                                                                                                    "mi.movie_id",
                                                                                                    "mi.info_type_id",
                                                                                                    "mk.movie_id",
                                                                                                    "t.title",
                                                                                                    "t.id"
                                                                                                ],
                                                                                                "Inner Unique": false,
                                                                                                "Hash Cond": "(an.person_id = ci.person_id)",
                                                                                                "Plans": [
                                                                                                    {
                                                                                                        "Node Type": "Seq Scan",
                                                                                                        "Parent Relationship": "Outer",
                                                                                                        "Parallel Aware": false,
                                                                                                        "Relation Name": "aka_name",
                                                                                                        "Schema": "public",
                                                                                                        "Alias": "an",
                                                                                                        "Startup Cost": 0.0,
                                                                                                        "Total Cost": 20409.43,
                                                                                                        "Plan Rows": 901343,
                                                                                                        "Plan Width": 4,
                                                                                                        "Actual Startup Time": 0.027,
                                                                                                        "Actual Total Time": 70.844,
                                                                                                        "Actual Rows": 901343,
                                                                                                        "Actual Loops": 1,
                                                                                                        "Output": [
                                                                                                            "an.id",
                                                                                                            "an.person_id",
                                                                                                            "an.name",
                                                                                                            "an.imdb_index",
                                                                                                            "an.name_pcode_cf",
                                                                                                            "an.name_pcode_nf",
                                                                                                            "an.surname_pcode",
                                                                                                            "an.md5sum"
                                                                                                        ]
                                                                                                    },
                                                                                                    {
                                                                                                        "Node Type": "Hash",
                                                                                                        "Parent Relationship": "Inner",
                                                                                                        "Parallel Aware": false,
                                                                                                        "Startup Cost": 30000863263.41,
                                                                                                        "Total Cost": 30000863263.41,
                                                                                                        "Plan Rows": 1,
                                                                                                        "Plan Width": 49,
                                                                                                        "Actual Startup Time": 2994.64,
                                                                                                        "Actual Total Time": 2994.732,
                                                                                                        "Actual Rows": 22,
                                                                                                        "Actual Loops": 1,
                                                                                                        "Output": [
                                                                                                            "ci.movie_id",
                                                                                                            "ci.person_id",
                                                                                                            "ci.role_id",
                                                                                                            "ci.person_role_id",
                                                                                                            "mi.movie_id",
                                                                                                            "mi.info_type_id",
                                                                                                            "mk.movie_id",
                                                                                                            "t.title",
                                                                                                            "t.id"
                                                                                                        ],
                                                                                                        "Hash Buckets": 1024,
                                                                                                        "Original Hash Buckets": 1024,
                                                                                                        "Hash Batches": 1,
                                                                                                        "Original Hash Batches": 1,
                                                                                                        "Peak Memory Usage": 10,
                                                                                                        "Plans": [
                                                                                                            {
                                                                                                                "Node Type": "Nested Loop",
                                                                                                                "Parent Relationship": "Outer",
                                                                                                                "Parallel Aware": false,
                                                                                                                "Join Type": "Inner",
                                                                                                                "Startup Cost": 30000861232.99,
                                                                                                                "Total Cost": 30000863263.41,
                                                                                                                "Plan Rows": 1,
                                                                                                                "Plan Width": 49,
                                                                                                                "Actual Startup Time": 2971.458,
                                                                                                                "Actual Total Time": 2994.717,
                                                                                                                "Actual Rows": 22,
                                                                                                                "Actual Loops": 1,
                                                                                                                "Output": [
                                                                                                                    "ci.movie_id",
                                                                                                                    "ci.person_id",
                                                                                                                    "ci.role_id",
                                                                                                                    "ci.person_role_id",
                                                                                                                    "mi.movie_id",
                                                                                                                    "mi.info_type_id",
                                                                                                                    "mk.movie_id",
                                                                                                                    "t.title",
                                                                                                                    "t.id"
                                                                                                                ],
                                                                                                                "Inner Unique": false,
                                                                                                                "Join Filter": "(t.id = ci.movie_id)",
                                                                                                                "Rows Removed by Join Filter": 0,
                                                                                                                "Plans": [
                                                                                                                    {
                                                                                                                        "Node Type": "Nested Loop",
                                                                                                                        "Parent Relationship": "Outer",
                                                                                                                        "Parallel Aware": false,
                                                                                                                        "Join Type": "Inner",
                                                                                                                        "Startup Cost": 20000861232.03,
                                                                                                                        "Total Cost": 20000863257.77,
                                                                                                                        "Plan Rows": 1,
                                                                                                                        "Plan Width": 33,
                                                                                                                        "Actual Startup Time": 2971.413,
                                                                                                                        "Actual Total Time": 2994.503,
                                                                                                                        "Actual Rows": 1,
                                                                                                                        "Actual Loops": 1,
                                                                                                                        "Output": [
                                                                                                                            "mk.movie_id",
                                                                                                                            "mi.movie_id",
                                                                                                                            "mi.info_type_id",
                                                                                                                            "t.title",
                                                                                                                            "t.id"
                                                                                                                        ],
                                                                                                                        "Inner Unique": true,
                                                                                                                        "Join Filter": "(mi.movie_id = t.id)",
                                                                                                                        "Rows Removed by Join Filter": 0,
                                                                                                                        "Plans": [
                                                                                                                            {
                                                                                                                                "Node Type": "Merge Join",
                                                                                                                                "Parent Relationship": "Outer",
                                                                                                                                "Parallel Aware": false,
                                                                                                                                "Join Type": "Inner",
                                                                                                                                "Startup Cost": 10000861231.58,
                                                                                                                                "Total Cost": 10000862765.44,
                                                                                                                                "Plan Rows": 110,
                                                                                                                                "Plan Width": 12,
                                                                                                                                "Actual Startup Time": 2927.898,
                                                                                                                                "Actual Total Time": 2963.066,
                                                                                                                                "Actual Rows": 5092,
                                                                                                                                "Actual Loops": 1,
                                                                                                                                "Output": [
                                                                                                                                    "mk.movie_id",
                                                                                                                                    "mi.movie_id",
                                                                                                                                    "mi.info_type_id"
                                                                                                                                ],
                                                                                                                                "Inner Unique": false,
                                                                                                                                "Merge Cond": "(mk.movie_id = mi.movie_id)",
                                                                                                                                "Plans": [
                                                                                                                                    {
                                                                                                                                        "Node Type": "Sort",
                                                                                                                                        "Parent Relationship": "Outer",
                                                                                                                                        "Parallel Aware": false,
                                                                                                                                        "Startup Cost": 10000595381.81,
                                                                                                                                        "Total Cost": 10000595382.15,
                                                                                                                                        "Plan Rows": 135,
                                                                                                                                        "Plan Width": 4,
                                                                                                                                        "Actual Startup Time": 2307.097,
                                                                                                                                        "Actual Total Time": 2310.429,
                                                                                                                                        "Actual Rows": 26979,
                                                                                                                                        "Actual Loops": 1,
                                                                                                                                        "Output": [
                                                                                                                                            "mk.movie_id"
                                                                                                                                        ],
                                                                                                                                        "Sort Key": [
                                                                                                                                            "mk.movie_id"
                                                                                                                                        ],
                                                                                                                                        "Sort Method": "quicksort",
                                                                                                                                        "Sort Space Used": 2033,
                                                                                                                                        "Sort Space Type": "Memory",
                                                                                                                                        "Plans": [
                                                                                                                                            {
                                                                                                                                                "Node Type": "Merge Join",
                                                                                                                                                "Parent Relationship": "Outer",
                                                                                                                                                "Parallel Aware": false,
                                                                                                                                                "Join Type": "Inner",
                                                                                                                                                "Startup Cost": 10000572756.02,
                                                                                                                                                "Total Cost": 10000595377.04,
                                                                                                                                                "Plan Rows": 135,
                                                                                                                                                "Plan Width": 4,
                                                                                                                                                "Actual Startup Time": 1567.389,
                                                                                                                                                "Actual Total Time": 2302.128,
                                                                                                                                                "Actual Rows": 26979,
                                                                                                                                                "Actual Loops": 1,
                                                                                                                                                "Output": [
                                                                                                                                                    "mk.movie_id"
                                                                                                                                                ],
                                                                                                                                                "Inner Unique": false,
                                                                                                                                                "Merge Cond": "(k.id = mk.keyword_id)",
                                                                                                                                                "Plans": [
                                                                                                                                                    {
                                                                                                                                                        "Node Type": "Sort",
                                                                                                                                                        "Parent Relationship": "Outer",
                                                                                                                                                        "Parallel Aware": false,
                                                                                                                                                        "Startup Cost": 10000002961.59,
                                                                                                                                                        "Total Cost": 10000002961.6,
                                                                                                                                                        "Plan Rows": 4,
                                                                                                                                                        "Plan Width": 4,
                                                                                                                                                        "Actual Startup Time": 22.008,
                                                                                                                                                        "Actual Total Time": 22.013,
                                                                                                                                                        "Actual Rows": 4,
                                                                                                                                                        "Actual Loops": 1,
                                                                                                                                                        "Output": [
                                                                                                                                                            "k.id"
                                                                                                                                                        ],
                                                                                                                                                        "Sort Key": [
                                                                                                                                                            "k.id"
                                                                                                                                                        ],
                                                                                                                                                        "Sort Method": "quicksort",
                                                                                                                                                        "Sort Space Used": 25,
                                                                                                                                                        "Sort Space Type": "Memory",
                                                                                                                                                        "Plans": [
                                                                                                                                                            {
                                                                                                                                                                "Node Type": "Seq Scan",
                                                                                                                                                                "Parent Relationship": "Outer",
                                                                                                                                                                "Parallel Aware": false,
                                                                                                                                                                "Relation Name": "keyword",
                                                                                                                                                                "Schema": "public",
                                                                                                                                                                "Alias": "k",
                                                                                                                                                                "Startup Cost": 10000000000.0,
                                                                                                                                                                "Total Cost": 10000002961.55,
                                                                                                                                                                "Plan Rows": 4,
                                                                                                                                                                "Plan Width": 4,
                                                                                                                                                                "Actual Startup Time": 0.025,
                                                                                                                                                                "Actual Total Time": 22.0,
                                                                                                                                                                "Actual Rows": 4,
                                                                                                                                                                "Actual Loops": 1,
                                                                                                                                                                "Output": [
                                                                                                                                                                    "k.id"
                                                                                                                                                                ],
                                                                                                                                                                "Filter": "(k.keyword = ANY ('{marvel-comics,fight,murder,cooking}'::text[]))",
                                                                                                                                                                "Rows Removed by Filter": 134166
                                                                                                                                                            }
                                                                                                                                                        ]
                                                                                                                                                    },
                                                                                                                                                    {
                                                                                                                                                        "Node Type": "Sort",
                                                                                                                                                        "Parent Relationship": "Inner",
                                                                                                                                                        "Parallel Aware": false,
                                                                                                                                                        "Startup Cost": 569794.43,
                                                                                                                                                        "Total Cost": 581104.25,
                                                                                                                                                        "Plan Rows": 4523930,
                                                                                                                                                        "Plan Width": 8,
                                                                                                                                                        "Actual Startup Time": 1489.493,
                                                                                                                                                        "Actual Total Time": 2061.802,
                                                                                                                                                        "Actual Rows": 2796931,
                                                                                                                                                        "Actual Loops": 1,
                                                                                                                                                        "Output": [
                                                                                                                                                            "mk.movie_id",
                                                                                                                                                            "mk.keyword_id"
                                                                                                                                                        ],
                                                                                                                                                        "Sort Key": [
                                                                                                                                                            "mk.keyword_id"
                                                                                                                                                        ],
                                                                                                                                                        "Sort Method": "quicksort",
                                                                                                                                                        "Sort Space Used": 408668,
                                                                                                                                                        "Sort Space Type": "Memory",
                                                                                                                                                        "Plans": [
                                                                                                                                                            {
                                                                                                                                                                "Node Type": "Seq Scan",
                                                                                                                                                                "Parent Relationship": "Outer",
                                                                                                                                                                "Parallel Aware": false,
                                                                                                                                                                "Relation Name": "movie_keyword",
                                                                                                                                                                "Schema": "public",
                                                                                                                                                                "Alias": "mk",
                                                                                                                                                                "Startup Cost": 0.0,
                                                                                                                                                                "Total Cost": 69693.3,
                                                                                                                                                                "Plan Rows": 4523930,
                                                                                                                                                                "Plan Width": 8,
                                                                                                                                                                "Actual Startup Time": 0.016,
                                                                                                                                                                "Actual Total Time": 438.976,
                                                                                                                                                                "Actual Rows": 4523930,
                                                                                                                                                                "Actual Loops": 1,
                                                                                                                                                                "Output": [
                                                                                                                                                                    "mk.movie_id",
                                                                                                                                                                    "mk.keyword_id"
                                                                                                                                                                ]
                                                                                                                                                            }
                                                                                                                                                        ]
                                                                                                                                                    }
                                                                                                                                                ]
                                                                                                                                            }
                                                                                                                                        ]
                                                                                                                                    },
                                                                                                                                    {
                                                                                                                                        "Node Type": "Sort",
                                                                                                                                        "Parent Relationship": "Inner",
                                                                                                                                        "Parallel Aware": false,
                                                                                                                                        "Startup Cost": 265849.62,
                                                                                                                                        "Total Cost": 266616.0,
                                                                                                                                        "Plan Rows": 306554,
                                                                                                                                        "Plan Width": 8,
                                                                                                                                        "Actual Startup Time": 620.618,
                                                                                                                                        "Actual Total Time": 633.533,
                                                                                                                                        "Actual Rows": 301770,
                                                                                                                                        "Actual Loops": 1,
                                                                                                                                        "Output": [
                                                                                                                                            "mi.movie_id",
                                                                                                                                            "mi.info_type_id"
                                                                                                                                        ],
                                                                                                                                        "Sort Key": [
                                                                                                                                            "mi.movie_id"
                                                                                                                                        ],
                                                                                                                                        "Sort Method": "quicksort",
                                                                                                                                        "Sort Space Used": 26409,
                                                                                                                                        "Sort Space Type": "Memory",
                                                                                                                                        "Plans": [
                                                                                                                                            {
                                                                                                                                                "Node Type": "Gather",
                                                                                                                                                "Parent Relationship": "Outer",
                                                                                                                                                "Parallel Aware": false,
                                                                                                                                                "Startup Cost": 1000.0,
                                                                                                                                                "Total Cost": 237913.68,
                                                                                                                                                "Plan Rows": 306554,
                                                                                                                                                "Plan Width": 8,
                                                                                                                                                "Actual Startup Time": 89.963,
                                                                                                                                                "Actual Total Time": 558.803,
                                                                                                                                                "Actual Rows": 301247,
                                                                                                                                                "Actual Loops": 1,
                                                                                                                                                "Output": [
                                                                                                                                                    "mi.movie_id",
                                                                                                                                                    "mi.info_type_id"
                                                                                                                                                ],
                                                                                                                                                "Workers Planned": 5,
                                                                                                                                                "Workers Launched": 5,
                                                                                                                                                "Single Copy": false,
                                                                                                                                                "Plans": [
                                                                                                                                                    {
                                                                                                                                                        "Node Type": "Seq Scan",
                                                                                                                                                        "Parent Relationship": "Outer",
                                                                                                                                                        "Parallel Aware": true,
                                                                                                                                                        "Relation Name": "movie_info",
                                                                                                                                                        "Schema": "public",
                                                                                                                                                        "Alias": "mi",
                                                                                                                                                        "Startup Cost": 0.0,
                                                                                                                                                        "Total Cost": 206258.29,
                                                                                                                                                        "Plan Rows": 61311,
                                                                                                                                                        "Plan Width": 8,
                                                                                                                                                        "Actual Startup Time": 118.018,
                                                                                                                                                        "Actual Total Time": 559.303,
                                                                                                                                                        "Actual Rows": 50208,
                                                                                                                                                        "Actual Loops": 6,
                                                                                                                                                        "Output": [
                                                                                                                                                            "mi.movie_id",
                                                                                                                                                            "mi.info_type_id"
                                                                                                                                                        ],
                                                                                                                                                        "Filter": "((mi.info IS NOT NULL) AND ((mi.info ~~ 'Japan:%201%'::text) OR (mi.info ~~ 'USA:%201%'::text)))",
                                                                                                                                                        "Rows Removed by Filter": 2422412,
                                                                                                                                                        "Workers": [
                                                                                                                                                            {
                                                                                                                                                                "Worker Number": 0,
                                                                                                                                                                "Actual Startup Time": 154.045,
                                                                                                                                                                "Actual Total Time": 566.749,
                                                                                                                                                                "Actual Rows": 50740,
                                                                                                                                                                "Actual Loops": 1
                                                                                                                                                            },
                                                                                                                                                            {
                                                                                                                                                                "Worker Number": 1,
                                                                                                                                                                "Actual Startup Time": 154.435,
                                                                                                                                                                "Actual Total Time": 566.95,
                                                                                                                                                                "Actual Rows": 52485,
                                                                                                                                                                "Actual Loops": 1
                                                                                                                                                            },
                                                                                                                                                            {
                                                                                                                                                                "Worker Number": 2,
                                                                                                                                                                "Actual Startup Time": 76.636,
                                                                                                                                                                "Actual Total Time": 567.664,
                                                                                                                                                                "Actual Rows": 51612,
                                                                                                                                                                "Actual Loops": 1
                                                                                                                                                            },
                                                                                                                                                            {
                                                                                                                                                                "Worker Number": 3,
                                                                                                                                                                "Actual Startup Time": 78.332,
                                                                                                                                                                "Actual Total Time": 567.959,
                                                                                                                                                                "Actual Rows": 49943,
                                                                                                                                                                "Actual Loops": 1
                                                                                                                                                            },
                                                                                                                                                            {
                                                                                                                                                                "Worker Number": 4,
                                                                                                                                                                "Actual Startup Time": 155.218,
                                                                                                                                                                "Actual Total Time": 567.956,
                                                                                                                                                                "Actual Rows": 51768,
                                                                                                                                                                "Actual Loops": 1
                                                                                                                                                            }
                                                                                                                                                        ]
                                                                                                                                                    }
                                                                                                                                                ]
                                                                                                                                            }
                                                                                                                                        ]
                                                                                                                                    }
                                                                                                                                ]
                                                                                                                            },
                                                                                                                            {
                                                                                                                                "Node Type": "Bitmap Heap Scan",
                                                                                                                                "Parent Relationship": "Inner",
                                                                                                                                "Parallel Aware": false,
                                                                                                                                "Relation Name": "title",
                                                                                                                                "Schema": "public",
                                                                                                                                "Alias": "t",
                                                                                                                                "Startup Cost": 0.45,
                                                                                                                                "Total Cost": 4.46,
                                                                                                                                "Plan Rows": 1,
                                                                                                                                "Plan Width": 21,
                                                                                                                                "Actual Startup Time": 0.004,
                                                                                                                                "Actual Total Time": 0.004,
                                                                                                                                "Actual Rows": 0,
                                                                                                                                "Actual Loops": 5092,
                                                                                                                                "Output": [
                                                                                                                                    "t.id",
                                                                                                                                    "t.title",
                                                                                                                                    "t.imdb_index",
                                                                                                                                    "t.kind_id",
                                                                                                                                    "t.production_year",
                                                                                                                                    "t.imdb_id",
                                                                                                                                    "t.phonetic_code",
                                                                                                                                    "t.episode_of_id",
                                                                                                                                    "t.season_nr",
                                                                                                                                    "t.episode_nr",
                                                                                                                                    "t.series_years",
                                                                                                                                    "t.md5sum"
                                                                                                                                ],
                                                                                                                                "Recheck Cond": "(t.id = mk.movie_id)",
                                                                                                                                "Rows Removed by Index Recheck": 0,
                                                                                                                                "Filter": "((t.title ~~ 'Kung Fu Panda%'::text) AND (t.production_year > 2008))",
                                                                                                                                "Rows Removed by Filter": 1,
                                                                                                                                "Exact Heap Blocks": 5092,
                                                                                                                                "Lossy Heap Blocks": 0,
                                                                                                                                "Plans": [
                                                                                                                                    {
                                                                                                                                        "Node Type": "Bitmap Index Scan",
                                                                                                                                        "Parent Relationship": "Outer",
                                                                                                                                        "Parallel Aware": false,
                                                                                                                                        "Index Name": "title_pkey",
                                                                                                                                        "Startup Cost": 0.0,
                                                                                                                                        "Total Cost": 0.45,
                                                                                                                                        "Plan Rows": 1,
                                                                                                                                        "Plan Width": 0,
                                                                                                                                        "Actual Startup Time": 0.003,
                                                                                                                                        "Actual Total Time": 0.003,
                                                                                                                                        "Actual Rows": 1,
                                                                                                                                        "Actual Loops": 5092,
                                                                                                                                        "Index Cond": "(t.id = mk.movie_id)"
                                                                                                                                    }
                                                                                                                                ]
                                                                                                                            }
                                                                                                                        ]
                                                                                                                    },
                                                                                                                    {
                                                                                                                        "Node Type": "Bitmap Heap Scan",
                                                                                                                        "Parent Relationship": "Inner",
                                                                                                                        "Parallel Aware": false,
                                                                                                                        "Relation Name": "cast_info",
                                                                                                                        "Schema": "public",
                                                                                                                        "Alias": "ci",
                                                                                                                        "Startup Cost": 0.97,
                                                                                                                        "Total Cost": 5.63,
                                                                                                                        "Plan Rows": 1,
                                                                                                                        "Plan Width": 16,
                                                                                                                        "Actual Startup Time": 0.039,
                                                                                                                        "Actual Total Time": 0.203,
                                                                                                                        "Actual Rows": 22,
                                                                                                                        "Actual Loops": 1,
                                                                                                                        "Output": [
                                                                                                                            "ci.id",
                                                                                                                            "ci.person_id",
                                                                                                                            "ci.movie_id",
                                                                                                                            "ci.person_role_id",
                                                                                                                            "ci.note",
                                                                                                                            "ci.nr_order",
                                                                                                                            "ci.role_id"
                                                                                                                        ],
                                                                                                                        "Recheck Cond": "(ci.movie_id = mk.movie_id)",
                                                                                                                        "Rows Removed by Index Recheck": 0,
                                                                                                                        "Filter": "(ci.note = ANY ('{(voice),\"(voice: Japanese version)\",\"(voice) (uncredited)\",\"(voice: English version)\"}'::text[]))",
                                                                                                                        "Rows Removed by Filter": 47,
                                                                                                                        "Exact Heap Blocks": 64,
                                                                                                                        "Lossy Heap Blocks": 0,
                                                                                                                        "Plans": [
                                                                                                                            {
                                                                                                                                "Node Type": "Bitmap Index Scan",
                                                                                                                                "Parent Relationship": "Outer",
                                                                                                                                "Parallel Aware": false,
                                                                                                                                "Index Name": "movie_id_cast_info",
                                                                                                                                "Startup Cost": 0.0,
                                                                                                                                "Total Cost": 0.97,
                                                                                                                                "Plan Rows": 38,
                                                                                                                                "Plan Width": 0,
                                                                                                                                "Actual Startup Time": 0.023,
                                                                                                                                "Actual Total Time": 0.023,
                                                                                                                                "Actual Rows": 69,
                                                                                                                                "Actual Loops": 1,
                                                                                                                                "Index Cond": "(ci.movie_id = mk.movie_id)"
                                                                                                                            }
                                                                                                                        ]
                                                                                                                    }
                                                                                                                ]
                                                                                                            }
                                                                                                        ]
                                                                                                    }
                                                                                                ]
                                                                                            },
                                                                                            {
                                                                                                "Node Type": "Bitmap Heap Scan",
                                                                                                "Parent Relationship": "Inner",
                                                                                                "Parallel Aware": false,
                                                                                                "Relation Name": "role_type",
                                                                                                "Schema": "public",
                                                                                                "Alias": "rt",
                                                                                                "Startup Cost": 0.14,
                                                                                                "Total Cost": 4.16,
                                                                                                "Plan Rows": 1,
                                                                                                "Plan Width": 4,
                                                                                                "Actual Startup Time": 0.003,
                                                                                                "Actual Total Time": 0.003,
                                                                                                "Actual Rows": 0,
                                                                                                "Actual Loops": 55,
                                                                                                "Output": [
                                                                                                    "rt.id",
                                                                                                    "rt.role"
                                                                                                ],
                                                                                                "Recheck Cond": "(rt.id = ci.role_id)",
                                                                                                "Rows Removed by Index Recheck": 0,
                                                                                                "Filter": "((rt.role)::text = 'actress'::text)",
                                                                                                "Rows Removed by Filter": 1,
                                                                                                "Exact Heap Blocks": 55,
                                                                                                "Lossy Heap Blocks": 0,
                                                                                                "Plans": [
                                                                                                    {
                                                                                                        "Node Type": "Bitmap Index Scan",
                                                                                                        "Parent Relationship": "Outer",
                                                                                                        "Parallel Aware": false,
                                                                                                        "Index Name": "role_type_pkey",
                                                                                                        "Startup Cost": 0.0,
                                                                                                        "Total Cost": 0.14,
                                                                                                        "Plan Rows": 1,
                                                                                                        "Plan Width": 0,
                                                                                                        "Actual Startup Time": 0.002,
                                                                                                        "Actual Total Time": 0.002,
                                                                                                        "Actual Rows": 1,
                                                                                                        "Actual Loops": 55,
                                                                                                        "Index Cond": "(rt.id = ci.role_id)"
                                                                                                    }
                                                                                                ]
                                                                                            }
                                                                                        ]
                                                                                    }
                                                                                ]
                                                                            },
                                                                            {
                                                                                "Node Type": "Sort",
                                                                                "Parent Relationship": "Inner",
                                                                                "Parallel Aware": false,
                                                                                "Startup Cost": 2.42,
                                                                                "Total Cost": 2.43,
                                                                                "Plan Rows": 1,
                                                                                "Plan Width": 4,
                                                                                "Actual Startup Time": 0.029,
                                                                                "Actual Total Time": 0.031,
                                                                                "Actual Rows": 1,
                                                                                "Actual Loops": 1,
                                                                                "Output": [
                                                                                    "it.id"
                                                                                ],
                                                                                "Sort Key": [
                                                                                    "it.id"
                                                                                ],
                                                                                "Sort Method": "quicksort",
                                                                                "Sort Space Used": 25,
                                                                                "Sort Space Type": "Memory",
                                                                                "Plans": [
                                                                                    {
                                                                                        "Node Type": "Seq Scan",
                                                                                        "Parent Relationship": "Outer",
                                                                                        "Parallel Aware": false,
                                                                                        "Relation Name": "info_type",
                                                                                        "Schema": "public",
                                                                                        "Alias": "it",
                                                                                        "Startup Cost": 0.0,
                                                                                        "Total Cost": 2.41,
                                                                                        "Plan Rows": 1,
                                                                                        "Plan Width": 4,
                                                                                        "Actual Startup Time": 0.014,
                                                                                        "Actual Total Time": 0.018,
                                                                                        "Actual Rows": 1,
                                                                                        "Actual Loops": 1,
                                                                                        "Output": [
                                                                                            "it.id"
                                                                                        ],
                                                                                        "Filter": "((it.info)::text = 'release dates'::text)",
                                                                                        "Rows Removed by Filter": 112
                                                                                    }
                                                                                ]
                                                                            }
                                                                        ]
                                                                    }
                                                                ]
                                                            }
                                                        ]
                                                    }
                                                ]
                                            }
                                        ]
                                    }
                                ]
                            }
                        ]
                    },
                    {
                        "Node Type": "Bitmap Heap Scan",
                        "Parent Relationship": "Inner",
                        "Parallel Aware": false,
                        "Relation Name": "name",
                        "Schema": "public",
                        "Alias": "n",
                        "Startup Cost": 0.5,
                        "Total Cost": 4.52,
                        "Plan Rows": 1,
                        "Plan Width": 19,
                        "Actual Startup Time": 0.006,
                        "Actual Total Time": 0.006,
                        "Actual Rows": 0,
                        "Actual Loops": 11,
                        "Output": [
                            "n.id",
                            "n.name",
                            "n.imdb_index",
                            "n.imdb_id",
                            "n.gender",
                            "n.name_pcode_cf",
                            "n.name_pcode_nf",
                            "n.surname_pcode",
                            "n.md5sum"
                        ],
                        "Recheck Cond": "(n.id = an.person_id)",
                        "Rows Removed by Index Recheck": 0,
                        "Filter": "((n.name ~~ '%An%'::text) AND ((n.gender)::text = 'f'::text))",
                        "Rows Removed by Filter": 1,
                        "Exact Heap Blocks": 11,
                        "Lossy Heap Blocks": 0,
                        "Plans": [
                            {
                                "Node Type": "Bitmap Index Scan",
                                "Parent Relationship": "Outer",
                                "Parallel Aware": false,
                                "Index Name": "name_pkey",
                                "Startup Cost": 0.0,
                                "Total Cost": 0.5,
                                "Plan Rows": 1,
                                "Plan Width": 0,
                                "Actual Startup Time": 0.004,
                                "Actual Total Time": 0.004,
                                "Actual Rows": 1,
                                "Actual Loops": 11,
                                "Index Cond": "(n.id = an.person_id)"
                            }
                        ]
                    }
                ]
            }
        ]
    },
    "Planning Time": 52.493,
    "Triggers": [],
    "Execution Time": 6178.974
}