[
  {
    "Plan": {
      "Node Type": "Aggregate",
      "Strategy": "Plain",
      "Partial Mode": "Finalize",
      "Parallel Aware": false,
      "Startup Cost": 44370.63,
      "Total Cost": 44370.64,
      "Plan Rows": 1,
      "Plan Width": 8,
      "Actual Startup Time": 134.874,
      "Actual Total Time": 143.562,
      "Actual Rows": 1,
      "Actual Loops": 1,
      "Plans": [
        {
          "Node Type": "Gather",
          "Parent Relationship": "Outer",
          "Parallel Aware": false,
          "Startup Cost": 44370.32,
          "Total Cost": 44370.63,
          "Plan Rows": 3,
          "Plan Width": 8,
          "Actual Startup Time": 134.714,
          "Actual Total Time": 143.553,
          "Actual Rows": 4,
          "Actual Loops": 1,
          "Workers Planned": 3,
          "Workers Launched": 3,
          "Single Copy": false,
          "Plans": [
            {
              "Node Type": "Aggregate",
              "Strategy": "Plain",
              "Partial Mode": "Partial",
              "Parent Relationship": "Outer",
              "Parallel Aware": false,
              "Startup Cost": 43370.32,
              "Total Cost": 43370.33,
              "Plan Rows": 1,
              "Plan Width": 8,
              "Actual Startup Time": 125.776,
              "Actual Total Time": 125.777,
              "Actual Rows": 1,
              "Actual Loops": 4,
              "Plans": [
                {
                  "Node Type": "Seq Scan",
                  "Parent Relationship": "Outer",
                  "Parallel Aware": true,
                  "Relation Name": "movie_keyword",
                  "Alias": "mk",
                  "Startup Cost": 0.0,
                  "Total Cost": 42695.65,
                  "Plan Rows": 269865,
                  "Plan Width": 0,
                  "Actual Startup Time": 5.288,
                  "Actual Total Time": 114.199,
                  "Actual Rows": 208662,
                  "Actual Loops": 4,
                  "Filter": "(keyword_id > 22049)",
                  "Rows Removed by Filter": 922320
                }
              ]
            }
          ]
        }
      ]
    },
    "Planning Time": 0.192,
    "Triggers": [],
    "Execution Time": 143.618
  }
]