[
  {
    "Plan": {
      "Node Type": "Aggregate",
      "Strategy": "Plain",
      "Partial Mode": "Finalize",
      "Parallel Aware": false,
      "Startup Cost": 298842.38,
      "Total Cost": 298842.39,
      "Plan Rows": 1,
      "Plan Width": 8,
      "Actual Startup Time": 1590.742,
      "Actual Total Time": 1633.18,
      "Actual Rows": 1,
      "Actual Loops": 1,
      "Plans": [
        {
          "Node Type": "Gather",
          "Parent Relationship": "Outer",
          "Parallel Aware": false,
          "Startup Cost": 298841.86,
          "Total Cost": 298842.37,
          "Plan Rows": 5,
          "Plan Width": 8,
          "Actual Startup Time": 1564.375,
          "Actual Total Time": 1633.154,
          "Actual Rows": 6,
          "Actual Loops": 1,
          "Workers Planned": 5,
          "Workers Launched": 5,
          "Single Copy": false,
          "Plans": [
            {
              "Node Type": "Aggregate",
              "Strategy": "Plain",
              "Partial Mode": "Partial",
              "Parent Relationship": "Outer",
              "Parallel Aware": false,
              "Startup Cost": 297841.86,
              "Total Cost": 297841.87,
              "Plan Rows": 1,
              "Plan Width": 8,
              "Actual Startup Time": 1553.742,
              "Actual Total Time": 1554.174,
              "Actual Rows": 1,
              "Actual Loops": 6,
              "Plans": [
                {
                  "Node Type": "Hash Join",
                  "Parent Relationship": "Outer",
                  "Parallel Aware": true,
                  "Join Type": "Inner",
                  "Startup Cost": 83372.08,
                  "Total Cost": 295283.76,
                  "Plan Rows": 1023240,
                  "Plan Width": 0,
                  "Actual Startup Time": 483.86,
                  "Actual Total Time": 1487.433,
                  "Actual Rows": 1480927,
                  "Actual Loops": 6,
                  "Inner Unique": false,
                  "Hash Cond": "(mi.movie_id = t.id)",
                  "Plans": [
                    {
                      "Node Type": "Seq Scan",
                      "Parent Relationship": "Outer",
                      "Parallel Aware": true,
                      "Relation Name": "movie_info",
                      "Alias": "mi",
                      "Startup Cost": 0.0,
                      "Total Cost": 198952.16,
                      "Plan Rows": 2773711,
                      "Plan Width": 4,
                      "Actual Startup Time": 0.028,
                      "Actual Total Time": 374.883,
                      "Actual Rows": 2327249,
                      "Actual Loops": 6,
                      "Filter": "(info_type_id < 98)",
                      "Rows Removed by Filter": 145371
                    },
                    {
                      "Node Type": "Hash",
                      "Parent Relationship": "Inner",
                      "Parallel Aware": true,
                      "Startup Cost": 80457.38,
                      "Total Cost": 80457.38,
                      "Plan Rows": 233176,
                      "Plan Width": 8,
                      "Actual Startup Time": 478.745,
                      "Actual Total Time": 479.175,
                      "Actual Rows": 157709,
                      "Actual Loops": 6,
                      "Hash Buckets": 1048576,
                      "Original Hash Buckets": 1048576,
                      "Hash Batches": 1,
                      "Original Hash Batches": 1,
                      "Peak Memory Usage": 45344,
                      "Plans": [
                        {
                          "Node Type": "Hash Join",
                          "Parent Relationship": "Outer",
                          "Parallel Aware": true,
                          "Join Type": "Inner",
                          "Startup Cost": 50857.71,
                          "Total Cost": 80457.38,
                          "Plan Rows": 233176,
                          "Plan Width": 8,
                          "Actual Startup Time": 278.855,
                          "Actual Total Time": 408.358,
                          "Actual Rows": 157709,
                          "Actual Loops": 6,
                          "Inner Unique": true,
                          "Hash Cond": "(ci.movie_id = t.id)",
                          "Plans": [
                            {
                              "Node Type": "Index Scan",
                              "Parent Relationship": "Outer",
                              "Parallel Aware": true,
                              "Scan Direction": "Forward",
                              "Index Name": "role_id_cast_info",
                              "Relation Name": "cast_info",
                              "Alias": "ci",
                              "Startup Cost": 0.56,
                              "Total Cost": 28905.22,
                              "Plan Rows": 264766,
                              "Plan Width": 4,
                              "Actual Startup Time": 0.16,
                              "Actual Total Time": 34.794,
                              "Actual Rows": 182260,
                              "Actual Loops": 6,
                              "Index Cond": "(role_id = 9)",
                              "Rows Removed by Index Recheck": 0
                            },
                            {
                              "Node Type": "Hash",
                              "Parent Relationship": "Inner",
                              "Parallel Aware": true,
                              "Startup Cost": 43898.92,
                              "Total Cost": 43898.92,
                              "Plan Rows": 556658,
                              "Plan Width": 4,
                              "Actual Startup Time": 273.276,
                              "Actual Total Time": 273.277,
                              "Actual Rows": 370762,
                              "Actual Loops": 6,
                              "Hash Buckets": 4194304,
                              "Original Hash Buckets": 4194304,
                              "Hash Batches": 1,
                              "Original Hash Batches": 1,
                              "Peak Memory Usage": 119904,
                              "Plans": [
                                {
                                  "Node Type": "Seq Scan",
                                  "Parent Relationship": "Outer",
                                  "Parallel Aware": true,
                                  "Relation Name": "title",
                                  "Alias": "t",
                                  "Startup Cost": 0.0,
                                  "Total Cost": 43898.92,
                                  "Plan Rows": 556658,
                                  "Plan Width": 4,
                                  "Actual Startup Time": 0.045,
                                  "Actual Total Time": 93.85,
                                  "Actual Rows": 370762,
                                  "Actual Loops": 6,
                                  "Filter": "(production_year < 2012)",
                                  "Rows Removed by Filter": 50624
                                }
                              ]
                            }
                          ]
                        }
                      ]
                    }
                  ]
                }
              ]
            }
          ]
        }
      ]
    },
    "Planning Time": 1.423,
    "Triggers": [],
    "Execution Time": 1633.288
  }
]