[
  {
    "Plan": {
      "Node Type": "Aggregate",
      "Strategy": "Plain",
      "Partial Mode": "Finalize",
      "Parallel Aware": false,
      "Startup Cost": 136105.25,
      "Total Cost": 136105.26,
      "Plan Rows": 1,
      "Plan Width": 8,
      "Actual Startup Time": 1015.039,
      "Actual Total Time": 1049.613,
      "Actual Rows": 1,
      "Actual Loops": 1,
      "Plans": [
        {
          "Node Type": "Gather",
          "Parent Relationship": "Outer",
          "Parallel Aware": false,
          "Startup Cost": 136104.93,
          "Total Cost": 136105.24,
          "Plan Rows": 3,
          "Plan Width": 8,
          "Actual Startup Time": 990.771,
          "Actual Total Time": 1049.598,
          "Actual Rows": 4,
          "Actual Loops": 1,
          "Workers Planned": 3,
          "Workers Launched": 3,
          "Single Copy": false,
          "Plans": [
            {
              "Node Type": "Aggregate",
              "Strategy": "Plain",
              "Partial Mode": "Partial",
              "Parent Relationship": "Outer",
              "Parallel Aware": false,
              "Startup Cost": 135104.93,
              "Total Cost": 135104.94,
              "Plan Rows": 1,
              "Plan Width": 8,
              "Actual Startup Time": 980.329,
              "Actual Total Time": 981.086,
              "Actual Rows": 1,
              "Actual Loops": 4,
              "Plans": [
                {
                  "Node Type": "Hash Join",
                  "Parent Relationship": "Outer",
                  "Parallel Aware": true,
                  "Join Type": "Inner",
                  "Startup Cost": 87009.61,
                  "Total Cost": 134163.14,
                  "Plan Rows": 376718,
                  "Plan Width": 0,
                  "Actual Startup Time": 668.816,
                  "Actual Total Time": 943.019,
                  "Actual Rows": 753724,
                  "Actual Loops": 4,
                  "Inner Unique": false,
                  "Hash Cond": "(mk.movie_id = t.id)",
                  "Plans": [
                    {
                      "Node Type": "Seq Scan",
                      "Parent Relationship": "Outer",
                      "Parallel Aware": true,
                      "Relation Name": "movie_keyword",
                      "Alias": "mk",
                      "Startup Cost": 0.0,
                      "Total Cost": 42695.65,
                      "Plan Rows": 864707,
                      "Plan Width": 4,
                      "Actual Startup Time": 0.068,
                      "Actual Total Time": 126.854,
                      "Actual Rows": 671486,
                      "Actual Loops": 4,
                      "Filter": "(keyword_id < 7580)",
                      "Rows Removed by Filter": 459497
                    },
                    {
                      "Node Type": "Hash",
                      "Parent Relationship": "Inner",
                      "Parallel Aware": true,
                      "Startup Cost": 82567.95,
                      "Total Cost": 82567.95,
                      "Plan Rows": 355333,
                      "Plan Width": 8,
                      "Actual Startup Time": 661.518,
                      "Actual Total Time": 662.272,
                      "Actual Rows": 220705,
                      "Actual Loops": 4,
                      "Hash Buckets": 2097152,
                      "Original Hash Buckets": 2097152,
                      "Hash Batches": 1,
                      "Original Hash Batches": 1,
                      "Peak Memory Usage": 50976,
                      "Plans": [
                        {
                          "Node Type": "Hash Join",
                          "Parent Relationship": "Outer",
                          "Parallel Aware": true,
                          "Join Type": "Inner",
                          "Startup Cost": 50220.38,
                          "Total Cost": 82567.95,
                          "Plan Rows": 355333,
                          "Plan Width": 8,
                          "Actual Startup Time": 415.517,
                          "Actual Total Time": 567.452,
                          "Actual Rows": 220705,
                          "Actual Loops": 4,
                          "Inner Unique": true,
                          "Hash Cond": "(mc.movie_id = t.id)",
                          "Plans": [
                            {
                              "Node Type": "Seq Scan",
                              "Parent Relationship": "Outer",
                              "Parallel Aware": true,
                              "Relation Name": "movie_companies",
                              "Alias": "mc",
                              "Startup Cost": 0.0,
                              "Total Cost": 31414.82,
                              "Plan Rows": 355333,
                              "Plan Width": 4,
                              "Actual Startup Time": 35.152,
                              "Actual Total Time": 81.032,
                              "Actual Rows": 220705,
                              "Actual Loops": 4,
                              "Filter": "((company_id < 77181) AND (company_type_id > 1))",
                              "Rows Removed by Filter": 431577
                            },
                            {
                              "Node Type": "Hash",
                              "Parent Relationship": "Inner",
                              "Parallel Aware": true,
                              "Startup Cost": 42319.06,
                              "Total Cost": 42319.06,
                              "Plan Rows": 632106,
                              "Plan Width": 4,
                              "Actual Startup Time": 373.309,
                              "Actual Total Time": 373.31,
                              "Actual Rows": 632078,
                              "Actual Loops": 4,
                              "Hash Buckets": 4194304,
                              "Original Hash Buckets": 4194304,
                              "Hash Batches": 1,
                              "Original Hash Batches": 1,
                              "Peak Memory Usage": 131744,
                              "Plans": [
                                {
                                  "Node Type": "Seq Scan",
                                  "Parent Relationship": "Outer",
                                  "Parallel Aware": true,
                                  "Relation Name": "title",
                                  "Alias": "t",
                                  "Startup Cost": 0.0,
                                  "Total Cost": 42319.06,
                                  "Plan Rows": 632106,
                                  "Plan Width": 4,
                                  "Actual Startup Time": 0.05,
                                  "Actual Total Time": 109.818,
                                  "Actual Rows": 632078,
                                  "Actual Loops": 4
                                }
                              ]
                            }
                          ]
                        }
                      ]
                    }
                  ]
                }
              ]
            }
          ]
        }
      ]
    },
    "Planning Time": 1.311,
    "Triggers": [],
    "Execution Time": 1049.691
  }
]