[
  {
    "Plan": {
      "Node Type": "Aggregate",
      "Strategy": "Plain",
      "Partial Mode": "Finalize",
      "Parallel Aware": false,
      "Startup Cost": 134496.38,
      "Total Cost": 134496.39,
      "Plan Rows": 1,
      "Plan Width": 8,
      "Actual Startup Time": 786.306,
      "Actual Total Time": 805.604,
      "Actual Rows": 1,
      "Actual Loops": 1,
      "Plans": [
        {
          "Node Type": "Gather",
          "Parent Relationship": "Outer",
          "Parallel Aware": false,
          "Startup Cost": 134496.06,
          "Total Cost": 134496.37,
          "Plan Rows": 3,
          "Plan Width": 8,
          "Actual Startup Time": 777.953,
          "Actual Total Time": 805.597,
          "Actual Rows": 4,
          "Actual Loops": 1,
          "Workers Planned": 3,
          "Workers Launched": 3,
          "Single Copy": false,
          "Plans": [
            {
              "Node Type": "Aggregate",
              "Strategy": "Plain",
              "Partial Mode": "Partial",
              "Parent Relationship": "Outer",
              "Parallel Aware": false,
              "Startup Cost": 133496.06,
              "Total Cost": 133496.07,
              "Plan Rows": 1,
              "Plan Width": 8,
              "Actual Startup Time": 764.484,
              "Actual Total Time": 764.489,
              "Actual Rows": 1,
              "Actual Loops": 4,
              "Plans": [
                {
                  "Node Type": "Hash Join",
                  "Parent Relationship": "Outer",
                  "Parallel Aware": true,
                  "Join Type": "Inner",
                  "Startup Cost": 85649.7,
                  "Total Cost": 132550.86,
                  "Plan Rows": 378078,
                  "Plan Width": 0,
                  "Actual Startup Time": 509.205,
                  "Actual Total Time": 735.379,
                  "Actual Rows": 753724,
                  "Actual Loops": 4,
                  "Inner Unique": false,
                  "Hash Cond": "(mk.movie_id = t.id)",
                  "Plans": [
                    {
                      "Node Type": "Seq Scan",
                      "Parent Relationship": "Outer",
                      "Parallel Aware": true,
                      "Relation Name": "movie_keyword",
                      "Alias": "mk",
                      "Startup Cost": 0.0,
                      "Total Cost": 42695.65,
                      "Plan Rows": 869419,
                      "Plan Width": 4,
                      "Actual Startup Time": 0.033,
                      "Actual Total Time": 103.207,
                      "Actual Rows": 671486,
                      "Actual Loops": 4,
                      "Filter": "(keyword_id < 7580)",
                      "Rows Removed by Filter": 459497
                    },
                    {
                      "Node Type": "Hash",
                      "Parent Relationship": "Inner",
                      "Parallel Aware": true,
                      "Startup Cost": 82213.89,
                      "Total Cost": 82213.89,
                      "Plan Rows": 274865,
                      "Plan Width": 8,
                      "Actual Startup Time": 501.339,
                      "Actual Total Time": 501.343,
                      "Actual Rows": 220705,
                      "Actual Loops": 4,
                      "Hash Buckets": 2097152,
                      "Original Hash Buckets": 2097152,
                      "Hash Batches": 1,
                      "Original Hash Batches": 1,
                      "Peak Memory Usage": 50976,
                      "Plans": [
                        {
                          "Node Type": "Hash Join",
                          "Parent Relationship": "Outer",
                          "Parallel Aware": true,
                          "Join Type": "Inner",
                          "Startup Cost": 35848.13,
                          "Total Cost": 82213.89,
                          "Plan Rows": 274865,
                          "Plan Width": 8,
                          "Actual Startup Time": 159.151,
                          "Actual Total Time": 419.07,
                          "Actual Rows": 220705,
                          "Actual Loops": 4,
                          "Inner Unique": false,
                          "Hash Cond": "(t.id = mc.movie_id)",
                          "Plans": [
                            {
                              "Node Type": "Seq Scan",
                              "Parent Relationship": "Outer",
                              "Parallel Aware": true,
                              "Relation Name": "title",
                              "Alias": "t",
                              "Startup Cost": 0.0,
                              "Total Cost": 42318.73,
                              "Plan Rows": 632073,
                              "Plan Width": 4,
                              "Actual Startup Time": 0.009,
                              "Actual Total Time": 73.63,
                              "Actual Rows": 632078,
                              "Actual Loops": 4
                            },
                            {
                              "Node Type": "Hash",
                              "Parent Relationship": "Inner",
                              "Parallel Aware": true,
                              "Startup Cost": 31414.82,
                              "Total Cost": 31414.82,
                              "Plan Rows": 354665,
                              "Plan Width": 4,
                              "Actual Startup Time": 155.634,
                              "Actual Total Time": 155.636,
                              "Actual Rows": 220705,
                              "Actual Loops": 4,
                              "Hash Buckets": 2097152,
                              "Original Hash Buckets": 2097152,
                              "Hash Batches": 1,
                              "Original Hash Batches": 1,
                              "Peak Memory Usage": 51008,
                              "Plans": [
                                {
                                  "Node Type": "Seq Scan",
                                  "Parent Relationship": "Outer",
                                  "Parallel Aware": true,
                                  "Relation Name": "movie_companies",
                                  "Alias": "mc",
                                  "Startup Cost": 0.0,
                                  "Total Cost": 31414.82,
                                  "Plan Rows": 354665,
                                  "Plan Width": 4,
                                  "Actual Startup Time": 47.3,
                                  "Actual Total Time": 85.607,
                                  "Actual Rows": 220705,
                                  "Actual Loops": 4,
                                  "Filter": "((company_id < 77181) AND (company_type_id > 1))",
                                  "Rows Removed by Filter": 431577
                                }
                              ]
                            }
                          ]
                        }
                      ]
                    }
                  ]
                }
              ]
            }
          ]
        }
      ]
    },
    "Planning Time": 1.406,
    "Triggers": [],
    "Execution Time": 805.686
  }
]