{
  "Plan": {
    "Node Type": "Aggregate",
    "Strategy": "Plain",
    "Partial Mode": "Finalize",
    "Parallel Aware": false,
    "Startup Cost": 110669.51,
    "Total Cost": 110669.52,
    "Plan Rows": 1,
    "Plan Width": 8,
    "Actual Startup Time": 427.71,
    "Actual Total Time": 444.685,
    "Actual Rows": 1,
    "Actual Loops": 1,
    "Plans": [
      {
        "Node Type": "Gather",
        "Parent Relationship": "Outer",
        "Parallel Aware": false,
        "Startup Cost": 110669.39,
        "Total Cost": 110669.5,
        "Plan Rows": 1,
        "Plan Width": 8,
        "Actual Startup Time": 426.709,
        "Actual Total Time": 444.676,
        "Actual Rows": 2,
        "Actual Loops": 1,
        "Workers Planned": 1,
        "Workers Launched": 1,
        "Single Copy": false,
        "Plans": [
          {
            "Node Type": "Aggregate",
            "Strategy": "Plain",
            "Partial Mode": "Partial",
            "Parent Relationship": "Outer",
            "Parallel Aware": false,
            "Startup Cost": 109669.39,
            "Total Cost": 109669.4,
            "Plan Rows": 1,
            "Plan Width": 8,
            "Actual Startup Time": 420.898,
            "Actual Total Time": 420.902,
            "Actual Rows": 1,
            "Actual Loops": 2,
            "Plans": [
              {
                "Node Type": "Hash Join",
                "Parent Relationship": "Outer",
                "Parallel Aware": true,
                "Join Type": "Inner",
                "Startup Cost": 45223.29,
                "Total Cost": 109287.81,
                "Plan Rows": 152634,
                "Plan Width": 0,
                "Actual Startup Time": 332.336,
                "Actual Total Time": 419.838,
                "Actual Rows": 18538,
                "Actual Loops": 2,
                "Inner Unique": false,
                "Hash Cond": "(t.id = mc.movie_id)",
                "Plans": [
                  {
                    "Node Type": "Seq Scan",
                    "Parent Relationship": "Outer",
                    "Parallel Aware": true,
                    "Relation Name": "title",
                    "Alias": "t",
                    "Startup Cost": 0.0,
                    "Total Cost": 58306.47,
                    "Plan Rows": 777632,
                    "Plan Width": 4,
                    "Actual Startup Time": 0.012,
                    "Actual Total Time": 170.174,
                    "Actual Rows": 649064,
                    "Actual Loops": 2,
                    "Filter": "((kind_id > 1) AND (production_year < 2009))",
                    "Rows Removed by Filter": 615092
                  },
                  {
                    "Node Type": "Hash",
                    "Parent Relationship": "Inner",
                    "Parallel Aware": true,
                    "Startup Cost": 41574.35,
                    "Total Cost": 41574.35,
                    "Plan Rows": 291915,
                    "Plan Width": 4,
                    "Actual Startup Time": 143.456,
                    "Actual Total Time": 143.457,
                    "Actual Rows": 96585,
                    "Actual Loops": 2,
                    "Hash Buckets": 524288,
                    "Original Hash Buckets": 524288,
                    "Hash Batches": 1,
                    "Original Hash Batches": 1,
                    "Peak Memory Usage": 11680,
                    "Plans": [
                      {
                        "Node Type": "Index Scan",
                        "Parent Relationship": "Outer",
                        "Parallel Aware": true,
                        "Scan Direction": "Forward",
                        "Index Name": "company_type_id_movie_companies",
                        "Relation Name": "movie_companies",
                        "Alias": "mc",
                        "Startup Cost": 0.43,
                        "Total Cost": 41574.35,
                        "Plan Rows": 291915,
                        "Plan Width": 4,
                        "Actual Startup Time": 46.028,
                        "Actual Total Time": 119.829,
                        "Actual Rows": 96585,
                        "Actual Loops": 2,
                        "Index Cond": "(company_type_id < 2)",
                        "Rows Removed by Index Recheck": 0,
                        "Filter": "(company_id > 16014)",
                        "Rows Removed by Filter": 540538
                      }
                    ]
                  }
                ]
              }
            ]
          }
        ]
      }
    ]
  },
  "Planning Time": 0.678,
  "Triggers": [],
  "Execution Time": 444.761
}