[
  {
    "Plan": {
      "Node Type": "Aggregate",
      "Strategy": "Plain",
      "Partial Mode": "Finalize",
      "Parallel Aware": false,
      "Startup Cost": 33194.63,
      "Total Cost": 33194.64,
      "Plan Rows": 1,
      "Plan Width": 8,
      "Actual Startup Time": 103.722,
      "Actual Total Time": 111.291,
      "Actual Rows": 1,
      "Actual Loops": 1,
      "Plans": [
        {
          "Node Type": "Gather",
          "Parent Relationship": "Outer",
          "Parallel Aware": false,
          "Startup Cost": 33194.31,
          "Total Cost": 33194.62,
          "Plan Rows": 3,
          "Plan Width": 8,
          "Actual Startup Time": 103.613,
          "Actual Total Time": 111.283,
          "Actual Rows": 4,
          "Actual Loops": 1,
          "Workers Planned": 3,
          "Workers Launched": 3,
          "Single Copy": false,
          "Plans": [
            {
              "Node Type": "Aggregate",
              "Strategy": "Plain",
              "Partial Mode": "Partial",
              "Parent Relationship": "Outer",
              "Parallel Aware": false,
              "Startup Cost": 32194.31,
              "Total Cost": 32194.32,
              "Plan Rows": 1,
              "Plan Width": 8,
              "Actual Startup Time": 95.185,
              "Actual Total Time": 95.186,
              "Actual Rows": 1,
              "Actual Loops": 4,
              "Plans": [
                {
                  "Node Type": "Seq Scan",
                  "Parent Relationship": "Outer",
                  "Parallel Aware": true,
                  "Relation Name": "movie_companies",
                  "Alias": "mc",
                  "Startup Cost": 0.0,
                  "Total Cost": 31414.82,
                  "Plan Rows": 311798,
                  "Plan Width": 0,
                  "Actual Startup Time": 0.52,
                  "Actual Total Time": 84.168,
                  "Actual Rows": 203469,
                  "Actual Loops": 4,
                  "Filter": "((company_id > 846) AND (company_type_id < 2))",
                  "Rows Removed by Filter": 448813
                }
              ]
            }
          ]
        }
      ]
    },
    "Planning Time": 0.21,
    "Triggers": [],
    "Execution Time": 111.374
  }
]