[
  {
    "Plan": {
      "Node Type": "Aggregate",
      "Strategy": "Plain",
      "Partial Mode": "Finalize",
      "Parallel Aware": false,
      "Startup Cost": 19144.69,
      "Total Cost": 19144.7,
      "Plan Rows": 1,
      "Plan Width": 96,
      "Actual Startup Time": 1510.253,
      "Actual Total Time": 1634.708,
      "Actual Rows": 1,
      "Actual Loops": 1,
      "Plans": [
        {
          "Node Type": "Gather",
          "Parent Relationship": "Outer",
          "Parallel Aware": false,
          "Startup Cost": 19144.47,
          "Total Cost": 19144.68,
          "Plan Rows": 2,
          "Plan Width": 96,
          "Actual Startup Time": 1509.667,
          "Actual Total Time": 1634.693,
          "Actual Rows": 3,
          "Actual Loops": 1,
          "Workers Planned": 2,
          "Workers Launched": 2,
          "Single Copy": false,
          "Plans": [
            {
              "Node Type": "Aggregate",
              "Strategy": "Plain",
              "Partial Mode": "Partial",
              "Parent Relationship": "Outer",
              "Parallel Aware": false,
              "Startup Cost": 18144.47,
              "Total Cost": 18144.48,
              "Plan Rows": 1,
              "Plan Width": 96,
              "Actual Startup Time": 1500.361,
              "Actual Total Time": 1500.368,
              "Actual Rows": 1,
              "Actual Loops": 3,
              "Plans": [
                {
                  "Node Type": "Nested Loop",
                  "Parent Relationship": "Outer",
                  "Parallel Aware": false,
                  "Join Type": "Inner",
                  "Startup Cost": 6.71,
                  "Total Cost": 18144.46,
                  "Plan Rows": 1,
                  "Plan Width": 65,
                  "Actual Startup Time": 34.897,
                  "Actual Total Time": 1497.359,
                  "Actual Rows": 7155,
                  "Actual Loops": 3,
                  "Inner Unique": true,
                  "Plans": [
                    {
                      "Node Type": "Nested Loop",
                      "Parent Relationship": "Outer",
                      "Parallel Aware": false,
                      "Join Type": "Inner",
                      "Startup Cost": 6.28,
                      "Total Cost": 18142.4,
                      "Plan Rows": 4,
                      "Plan Width": 69,
                      "Actual Startup Time": 20.282,
                      "Actual Total Time": 1381.08,
                      "Actual Rows": 11702,
                      "Actual Loops": 3,
                      "Inner Unique": false,
                      "Plans": [
                        {
                          "Node Type": "Hash Join",
                          "Parent Relationship": "Outer",
                          "Parallel Aware": false,
                          "Join Type": "Inner",
                          "Startup Cost": 5.72,
                          "Total Cost": 18139.9,
                          "Plan Rows": 1,
                          "Plan Width": 77,
                          "Actual Startup Time": 8.169,
                          "Actual Total Time": 1068.15,
                          "Actual Rows": 1989,
                          "Actual Loops": 3,
                          "Inner Unique": true,
                          "Hash Cond": "(mi.info_type_id = it1.id)",
                          "Plans": [
                            {
                              "Node Type": "Nested Loop",
                              "Parent Relationship": "Outer",
                              "Parallel Aware": false,
                              "Join Type": "Inner",
                              "Startup Cost": 3.29,
                              "Total Cost": 18137.16,
                              "Plan Rows": 115,
                              "Plan Width": 81,
                              "Actual Startup Time": 7.833,
                              "Actual Total Time": 1066.376,
                              "Actual Rows": 1989,
                              "Actual Loops": 3,
                              "Inner Unique": false,
                              "Plans": [
                                {
                                  "Node Type": "Nested Loop",
                                  "Parent Relationship": "Outer",
                                  "Parallel Aware": false,
                                  "Join Type": "Inner",
                                  "Startup Cost": 2.86,
                                  "Total Cost": 16768.07,
                                  "Plan Rows": 734,
                                  "Plan Width": 30,
                                  "Actual Startup Time": 0.342,
                                  "Actual Total Time": 421.046,
                                  "Actual Rows": 39680,
                                  "Actual Loops": 3,
                                  "Inner Unique": true,
                                  "Plans": [
                                    {
                                      "Node Type": "Hash Join",
                                      "Parent Relationship": "Outer",
                                      "Parallel Aware": false,
                                      "Join Type": "Inner",
                                      "Startup Cost": 2.43,
                                      "Total Cost": 15521.46,
                                      "Plan Rows": 1288,
                                      "Plan Width": 9,
                                      "Actual Startup Time": 0.146,
                                      "Actual Total Time": 108.998,
                                      "Actual Rows": 78339,
                                      "Actual Loops": 3,
                                      "Inner Unique": true,
                                      "Hash Cond": "(mi_idx.info_type_id = it2.id)",
                                      "Plans": [
                                        {
                                          "Node Type": "Seq Scan",
                                          "Parent Relationship": "Outer",
                                          "Parallel Aware": true,
                                          "Relation Name": "movie_info_idx",
                                          "Alias": "mi_idx",
                                          "Startup Cost": 0.0,
                                          "Total Cost": 15122.68,
                                          "Plan Rows": 145531,
                                          "Plan Width": 13,
                                          "Actual Startup Time": 0.046,
                                          "Actual Total Time": 79.551,
                                          "Actual Rows": 116140,
                                          "Actual Loops": 3,
                                          "Filter": "(info > '6.2'::text)",
                                          "Rows Removed by Filter": 343872
                                        },
                                        {
                                          "Node Type": "Hash",
                                          "Parent Relationship": "Inner",
                                          "Parallel Aware": false,
                                          "Startup Cost": 2.41,
                                          "Total Cost": 2.41,
                                          "Plan Rows": 1,
                                          "Plan Width": 4,
                                          "Actual Startup Time": 0.042,
                                          "Actual Total Time": 0.043,
                                          "Actual Rows": 1,
                                          "Actual Loops": 3,
                                          "Hash Buckets": 1024,
                                          "Original Hash Buckets": 1024,
                                          "Hash Batches": 1,
                                          "Original Hash Batches": 1,
                                          "Peak Memory Usage": 9,
                                          "Plans": [
                                            {
                                              "Node Type": "Seq Scan",
                                              "Parent Relationship": "Outer",
                                              "Parallel Aware": false,
                                              "Relation Name": "info_type",
                                              "Alias": "it2",
                                              "Startup Cost": 0.0,
                                              "Total Cost": 2.41,
                                              "Plan Rows": 1,
                                              "Plan Width": 4,
                                              "Actual Startup Time": 0.025,
                                              "Actual Total Time": 0.029,
                                              "Actual Rows": 1,
                                              "Actual Loops": 3,
                                              "Filter": "((info)::text = 'rating'::text)",
                                              "Rows Removed by Filter": 112
                                            }
                                          ]
                                        }
                                      ]
                                    },
                                    {
                                      "Node Type": "Index Scan",
                                      "Parent Relationship": "Inner",
                                      "Parallel Aware": false,
                                      "Scan Direction": "Forward",
                                      "Index Name": "title_pkey",
                                      "Relation Name": "title",
                                      "Alias": "t",
                                      "Startup Cost": 0.43,
                                      "Total Cost": 0.97,
                                      "Plan Rows": 1,
                                      "Plan Width": 21,
                                      "Actual Startup Time": 0.004,
                                      "Actual Total Time": 0.004,
                                      "Actual Rows": 1,
                                      "Actual Loops": 235017,
                                      "Index Cond": "(id = mi_idx.movie_id)",
                                      "Rows Removed by Index Recheck": 0,
                                      "Filter": "((production_year >= 2000) AND (production_year <= 2013))",
                                      "Rows Removed by Filter": 0
                                    }
                                  ]
                                },
                                {
                                  "Node Type": "Index Scan",
                                  "Parent Relationship": "Inner",
                                  "Parallel Aware": false,
                                  "Scan Direction": "Forward",
                                  "Index Name": "movie_id_movie_info",
                                  "Relation Name": "movie_info",
                                  "Alias": "mi",
                                  "Startup Cost": 0.43,
                                  "Total Cost": 1.86,
                                  "Plan Rows": 1,
                                  "Plan Width": 51,
                                  "Actual Startup Time": 0.016,
                                  "Actual Total Time": 0.016,
                                  "Actual Rows": 0,
                                  "Actual Loops": 119040,
                                  "Index Cond": "(movie_id = t.id)",
                                  "Rows Removed by Index Recheck": 0,
                                  "Filter": "((note IS NULL) AND (info = ANY ('{Thriller,Horror}'::text[])))",
                                  "Rows Removed by Filter": 15
                                }
                              ]
                            },
                            {
                              "Node Type": "Hash",
                              "Parent Relationship": "Inner",
                              "Parallel Aware": false,
                              "Startup Cost": 2.41,
                              "Total Cost": 2.41,
                              "Plan Rows": 1,
                              "Plan Width": 4,
                              "Actual Startup Time": 0.079,
                              "Actual Total Time": 0.08,
                              "Actual Rows": 1,
                              "Actual Loops": 3,
                              "Hash Buckets": 1024,
                              "Original Hash Buckets": 1024,
                              "Hash Batches": 1,
                              "Original Hash Batches": 1,
                              "Peak Memory Usage": 9,
                              "Plans": [
                                {
                                  "Node Type": "Seq Scan",
                                  "Parent Relationship": "Outer",
                                  "Parallel Aware": false,
                                  "Relation Name": "info_type",
                                  "Alias": "it1",
                                  "Startup Cost": 0.0,
                                  "Total Cost": 2.41,
                                  "Plan Rows": 1,
                                  "Plan Width": 4,
                                  "Actual Startup Time": 0.046,
                                  "Actual Total Time": 0.063,
                                  "Actual Rows": 1,
                                  "Actual Loops": 3,
                                  "Filter": "((info)::text = 'genres'::text)",
                                  "Rows Removed by Filter": 112
                                }
                              ]
                            }
                          ]
                        },
                        {
                          "Node Type": "Index Scan",
                          "Parent Relationship": "Inner",
                          "Parallel Aware": false,
                          "Scan Direction": "Forward",
                          "Index Name": "movie_id_cast_info",
                          "Relation Name": "cast_info",
                          "Alias": "ci",
                          "Startup Cost": 0.56,
                          "Total Cost": 2.46,
                          "Plan Rows": 4,
                          "Plan Width": 8,
                          "Actual Startup Time": 0.059,
                          "Actual Total Time": 0.155,
                          "Actual Rows": 6,
                          "Actual Loops": 5968,
                          "Index Cond": "(movie_id = t.id)",
                          "Rows Removed by Index Recheck": 0,
                          "Filter": "(note = ANY ('{\"(executive producer)\",(producer),(uncredited),(writer),(voice)}'::text[]))",
                          "Rows Removed by Filter": 36
                        }
                      ]
                    },
                    {
                      "Node Type": "Index Scan",
                      "Parent Relationship": "Inner",
                      "Parallel Aware": false,
                      "Scan Direction": "Forward",
                      "Index Name": "name_pkey",
                      "Relation Name": "name",
                      "Alias": "n",
                      "Startup Cost": 0.43,
                      "Total Cost": 0.51,
                      "Plan Rows": 1,
                      "Plan Width": 4,
                      "Actual Startup Time": 0.009,
                      "Actual Total Time": 0.009,
                      "Actual Rows": 1,
                      "Actual Loops": 35105,
                      "Index Cond": "(id = ci.person_id)",
                      "Rows Removed by Index Recheck": 0,
                      "Filter": "((gender IS NOT NULL) AND ((gender)::text = 'm'::text))",
                      "Rows Removed by Filter": 0
                    }
                  ]
                }
              ]
            }
          ]
        }
      ]
    },
    "Planning Time": 12.846,
    "Triggers": [],
    "Execution Time": 1635.193
  }
]