{
  "Plan": {
    "Node Type": "Aggregate",
    "Strategy": "Plain",
    "Partial Mode": "Finalize",
    "Parallel Aware": false,
    "Startup Cost": 124161.74,
    "Total Cost": 124161.75,
    "Plan Rows": 1,
    "Plan Width": 8,
    "Actual Startup Time": 485.61,
    "Actual Total Time": 503.233,
    "Actual Rows": 1,
    "Actual Loops": 1,
    "Plans": [
      {
        "Node Type": "Gather",
        "Parent Relationship": "Outer",
        "Parallel Aware": false,
        "Startup Cost": 124161.62,
        "Total Cost": 124161.73,
        "Plan Rows": 1,
        "Plan Width": 8,
        "Actual Startup Time": 485.296,
        "Actual Total Time": 503.225,
        "Actual Rows": 2,
        "Actual Loops": 1,
        "Workers Planned": 1,
        "Workers Launched": 1,
        "Single Copy": false,
        "Plans": [
          {
            "Node Type": "Aggregate",
            "Strategy": "Plain",
            "Partial Mode": "Partial",
            "Parent Relationship": "Outer",
            "Parallel Aware": false,
            "Startup Cost": 123161.62,
            "Total Cost": 123161.63,
            "Plan Rows": 1,
            "Plan Width": 8,
            "Actual Startup Time": 479.073,
            "Actual Total Time": 479.077,
            "Actual Rows": 1,
            "Actual Loops": 2,
            "Plans": [
              {
                "Node Type": "Hash Join",
                "Parent Relationship": "Outer",
                "Parallel Aware": true,
                "Join Type": "Inner",
                "Startup Cost": 113065.0,
                "Total Cost": 123156.83,
                "Plan Rows": 1918,
                "Plan Width": 0,
                "Actual Startup Time": 441.361,
                "Actual Total Time": 478.642,
                "Actual Rows": 10184,
                "Actual Loops": 2,
                "Inner Unique": false,
                "Hash Cond": "(ci.movie_id = t.id)",
                "Plans": [
                  {
                    "Node Type": "Index Scan",
                    "Parent Relationship": "Outer",
                    "Parallel Aware": true,
                    "Scan Direction": "Forward",
                    "Index Name": "role_id_cast_info",
                    "Relation Name": "cast_info",
                    "Alias": "ci",
                    "Startup Cost": 0.56,
                    "Total Cost": 9590.86,
                    "Plan Rows": 130736,
                    "Plan Width": 4,
                    "Actual Startup Time": 0.081,
                    "Actual Total Time": 24.148,
                    "Actual Rows": 139312,
                    "Actual Loops": 2,
                    "Index Cond": "(role_id > 10)",
                    "Rows Removed by Index Recheck": 0,
                    "Filter": "(person_id > 921412)",
                    "Rows Removed by Filter": 18746
                  },
                  {
                    "Node Type": "Hash",
                    "Parent Relationship": "Inner",
                    "Parallel Aware": true,
                    "Startup Cost": 112791.67,
                    "Total Cost": 112791.67,
                    "Plan Rows": 21821,
                    "Plan Width": 8,
                    "Actual Startup Time": 440.078,
                    "Actual Total Time": 440.081,
                    "Actual Rows": 24176,
                    "Actual Loops": 2,
                    "Hash Buckets": 65536,
                    "Original Hash Buckets": 65536,
                    "Hash Batches": 1,
                    "Original Hash Batches": 1,
                    "Peak Memory Usage": 2432,
                    "Plans": [
                      {
                        "Node Type": "Hash Join",
                        "Parent Relationship": "Outer",
                        "Parallel Aware": true,
                        "Join Type": "Inner",
                        "Startup Cost": 54740.83,
                        "Total Cost": 112791.67,
                        "Plan Rows": 21821,
                        "Plan Width": 8,
                        "Actual Startup Time": 135.672,
                        "Actual Total Time": 435.62,
                        "Actual Rows": 24176,
                        "Actual Loops": 2,
                        "Inner Unique": true,
                        "Hash Cond": "(mk.movie_id = t.id)",
                        "Plans": [
                          {
                            "Node Type": "Seq Scan",
                            "Parent Relationship": "Outer",
                            "Parallel Aware": true,
                            "Relation Name": "movie_keyword",
                            "Alias": "mk",
                            "Startup Cost": 0.0,
                            "Total Cost": 51065.35,
                            "Plan Rows": 2661135,
                            "Plan Width": 4,
                            "Actual Startup Time": 0.013,
                            "Actual Total Time": 150.961,
                            "Actual Rows": 2261965,
                            "Actual Loops": 2
                          },
                          {
                            "Node Type": "Hash",
                            "Parent Relationship": "Inner",
                            "Parallel Aware": true,
                            "Startup Cost": 54588.39,
                            "Total Cost": 54588.39,
                            "Plan Rows": 12195,
                            "Plan Width": 4,
                            "Actual Startup Time": 135.289,
                            "Actual Total Time": 135.289,
                            "Actual Rows": 9930,
                            "Actual Loops": 2,
                            "Hash Buckets": 32768,
                            "Original Hash Buckets": 32768,
                            "Hash Batches": 1,
                            "Original Hash Batches": 1,
                            "Peak Memory Usage": 1088,
                            "Plans": [
                              {
                                "Node Type": "Seq Scan",
                                "Parent Relationship": "Outer",
                                "Parallel Aware": true,
                                "Relation Name": "title",
                                "Alias": "t",
                                "Startup Cost": 0.0,
                                "Total Cost": 54588.39,
                                "Plan Rows": 12195,
                                "Plan Width": 4,
                                "Actual Startup Time": 0.076,
                                "Actual Total Time": 131.549,
                                "Actual Rows": 9930,
                                "Actual Loops": 2,
                                "Filter": "(production_year = 1988)",
                                "Rows Removed by Filter": 1254226
                              }
                            ]
                          }
                        ]
                      }
                    ]
                  }
                ]
              }
            ]
          }
        ]
      }
    ]
  },
  "Planning Time": 0.933,
  "Triggers": [],
  "Execution Time": 503.322
}