[
  {
    "Plan": {
      "Node Type": "Aggregate",
      "Strategy": "Plain",
      "Partial Mode": "Finalize",
      "Parallel Aware": false,
      "Startup Cost": 327347.17,
      "Total Cost": 327347.18,
      "Plan Rows": 1,
      "Plan Width": 8,
      "Actual Startup Time": 296.617,
      "Actual Total Time": 311.319,
      "Actual Rows": 1,
      "Actual Loops": 1,
      "Plans": [
        {
          "Node Type": "Gather",
          "Parent Relationship": "Outer",
          "Parallel Aware": false,
          "Startup Cost": 327346.55,
          "Total Cost": 327347.16,
          "Plan Rows": 6,
          "Plan Width": 8,
          "Actual Startup Time": 295.425,
          "Actual Total Time": 311.302,
          "Actual Rows": 7,
          "Actual Loops": 1,
          "Workers Planned": 6,
          "Workers Launched": 6,
          "Single Copy": false,
          "Plans": [
            {
              "Node Type": "Aggregate",
              "Strategy": "Plain",
              "Partial Mode": "Partial",
              "Parent Relationship": "Outer",
              "Parallel Aware": false,
              "Startup Cost": 326346.55,
              "Total Cost": 326346.56,
              "Plan Rows": 1,
              "Plan Width": 8,
              "Actual Startup Time": 284.285,
              "Actual Total Time": 284.287,
              "Actual Rows": 1,
              "Actual Loops": 7,
              "Plans": [
                {
                  "Node Type": "Bitmap Heap Scan",
                  "Parent Relationship": "Outer",
                  "Parallel Aware": true,
                  "Relation Name": "cast_info",
                  "Alias": "ci",
                  "Startup Cost": 66167.11,
                  "Total Cost": 325097.81,
                  "Plan Rows": 499496,
                  "Plan Width": 0,
                  "Actual Startup Time": 135.319,
                  "Actual Total Time": 261.498,
                  "Actual Rows": 417498,
                  "Actual Loops": 7,
                  "Recheck Cond": "(person_id > 3514680)",
                  "Rows Removed by Index Recheck": 0,
                  "Exact Heap Blocks": 10313,
                  "Lossy Heap Blocks": 0,
                  "Plans": [
                    {
                      "Node Type": "Bitmap Index Scan",
                      "Parent Relationship": "Outer",
                      "Parallel Aware": false,
                      "Index Name": "person_id_cast_info",
                      "Startup Cost": 0.0,
                      "Total Cost": 65417.87,
                      "Plan Rows": 2996974,
                      "Plan Width": 0,
                      "Actual Startup Time": 138.711,
                      "Actual Total Time": 138.712,
                      "Actual Rows": 2922484,
                      "Actual Loops": 1,
                      "Index Cond": "(person_id > 3514680)"
                    }
                  ]
                }
              ]
            }
          ]
        }
      ]
    },
    "Planning Time": 0.157,
    "Triggers": [],
    "Execution Time": 311.391
  }
]