{
  "Plan": {
    "Node Type": "Aggregate",
    "Strategy": "Plain",
    "Partial Mode": "Finalize",
    "Parallel Aware": false,
    "Startup Cost": 647203.65,
    "Total Cost": 647203.66,
    "Plan Rows": 1,
    "Plan Width": 8,
    "Actual Startup Time": 6512.102,
    "Actual Total Time": 6568.956,
    "Actual Rows": 1,
    "Actual Loops": 1,
    "Plans": [
      {
        "Node Type": "Gather",
        "Parent Relationship": "Outer",
        "Parallel Aware": false,
        "Startup Cost": 647203.54,
        "Total Cost": 647203.65,
        "Plan Rows": 1,
        "Plan Width": 8,
        "Actual Startup Time": 6510.705,
        "Actual Total Time": 6568.945,
        "Actual Rows": 2,
        "Actual Loops": 1,
        "Workers Planned": 1,
        "Workers Launched": 1,
        "Single Copy": false,
        "Plans": [
          {
            "Node Type": "Aggregate",
            "Strategy": "Plain",
            "Partial Mode": "Partial",
            "Parent Relationship": "Outer",
            "Parallel Aware": false,
            "Startup Cost": 646203.54,
            "Total Cost": 646203.55,
            "Plan Rows": 1,
            "Plan Width": 8,
            "Actual Startup Time": 6503.795,
            "Actual Total Time": 6503.798,
            "Actual Rows": 1,
            "Actual Loops": 2,
            "Plans": [
              {
                "Node Type": "Hash Join",
                "Parent Relationship": "Outer",
                "Parallel Aware": true,
                "Join Type": "Inner",
                "Startup Cost": 61878.3,
                "Total Cost": 628459.73,
                "Plan Rows": 7097525,
                "Plan Width": 0,
                "Actual Startup Time": 459.953,
                "Actual Total Time": 6244.684,
                "Actual Rows": 6226754,
                "Actual Loops": 2,
                "Inner Unique": true,
                "Hash Cond": "(ci.movie_id = t.id)",
                "Plans": [
                  {
                    "Node Type": "Seq Scan",
                    "Parent Relationship": "Outer",
                    "Parallel Aware": true,
                    "Relation Name": "cast_info",
                    "Alias": "ci",
                    "Startup Cost": 0.0,
                    "Total Cost": 519069.44,
                    "Plan Rows": 18099774,
                    "Plan Width": 4,
                    "Actual Startup Time": 136.381,
                    "Actual Total Time": 1687.456,
                    "Actual Rows": 15314648,
                    "Actual Loops": 2,
                    "Filter": "(person_id > 542554)",
                    "Rows Removed by Filter": 2807524
                  },
                  {
                    "Node Type": "Hash",
                    "Parent Relationship": "Inner",
                    "Parallel Aware": true,
                    "Startup Cost": 54588.39,
                    "Total Cost": 54588.39,
                    "Plan Rows": 583193,
                    "Plan Width": 4,
                    "Actual Startup Time": 313.003,
                    "Actual Total Time": 313.003,
                    "Actual Rows": 492524,
                    "Actual Loops": 2,
                    "Hash Buckets": 1048576,
                    "Original Hash Buckets": 1048576,
                    "Hash Batches": 1,
                    "Original Hash Batches": 1,
                    "Peak Memory Usage": 46784,
                    "Plans": [
                      {
                        "Node Type": "Seq Scan",
                        "Parent Relationship": "Outer",
                        "Parallel Aware": true,
                        "Relation Name": "title",
                        "Alias": "t",
                        "Startup Cost": 0.0,
                        "Total Cost": 54588.39,
                        "Plan Rows": 583193,
                        "Plan Width": 4,
                        "Actual Startup Time": 0.067,
                        "Actual Total Time": 165.608,
                        "Actual Rows": 492524,
                        "Actual Loops": 2,
                        "Filter": "(kind_id < 7)",
                        "Rows Removed by Filter": 771632
                      }
                    ]
                  }
                ]
              }
            ]
          }
        ]
      }
    ]
  },
  "Planning Time": 0.778,
  "Triggers": [],
  "Execution Time": 6569.088
}