[
  {
    "Plan": {
      "Node Type": "Aggregate",
      "Strategy": "Plain",
      "Partial Mode": "Finalize",
      "Parallel Aware": false,
      "Startup Cost": 319386.09,
      "Total Cost": 319386.1,
      "Plan Rows": 1,
      "Plan Width": 8,
      "Actual Startup Time": 246.213,
      "Actual Total Time": 258.643,
      "Actual Rows": 1,
      "Actual Loops": 1,
      "Plans": [
        {
          "Node Type": "Gather",
          "Parent Relationship": "Outer",
          "Parallel Aware": false,
          "Startup Cost": 319385.56,
          "Total Cost": 319386.07,
          "Plan Rows": 5,
          "Plan Width": 8,
          "Actual Startup Time": 236.512,
          "Actual Total Time": 258.636,
          "Actual Rows": 6,
          "Actual Loops": 1,
          "Workers Planned": 5,
          "Workers Launched": 5,
          "Single Copy": false,
          "Plans": [
            {
              "Node Type": "Aggregate",
              "Strategy": "Plain",
              "Partial Mode": "Partial",
              "Parent Relationship": "Outer",
              "Parallel Aware": false,
              "Startup Cost": 318385.56,
              "Total Cost": 318385.57,
              "Plan Rows": 1,
              "Plan Width": 8,
              "Actual Startup Time": 229.419,
              "Actual Total Time": 229.422,
              "Actual Rows": 1,
              "Actual Loops": 6,
              "Plans": [
                {
                  "Node Type": "Hash Join",
                  "Parent Relationship": "Outer",
                  "Parallel Aware": true,
                  "Join Type": "Inner",
                  "Startup Cost": 59827.28,
                  "Total Cost": 318277.82,
                  "Plan Rows": 43099,
                  "Plan Width": 0,
                  "Actual Startup Time": 209.731,
                  "Actual Total Time": 228.545,
                  "Actual Rows": 15564,
                  "Actual Loops": 6,
                  "Inner Unique": true,
                  "Hash Cond": "(ci.movie_id = t.id)",
                  "Plans": [
                    {
                      "Node Type": "Bitmap Heap Scan",
                      "Parent Relationship": "Outer",
                      "Parallel Aware": true,
                      "Relation Name": "cast_info",
                      "Alias": "ci",
                      "Startup Cost": 10338.55,
                      "Total Cost": 268629.17,
                      "Plan Rows": 60920,
                      "Plan Width": 4,
                      "Actual Startup Time": 25.718,
                      "Actual Total Time": 31.578,
                      "Actual Rows": 20059,
                      "Actual Loops": 6,
                      "Recheck Cond": "(person_id < 53210)",
                      "Rows Removed by Index Recheck": 0,
                      "Filter": "(role_id > 1)",
                      "Rows Removed by Filter": 58545,
                      "Exact Heap Blocks": 1173,
                      "Lossy Heap Blocks": 0,
                      "Plans": [
                        {
                          "Node Type": "Bitmap Index Scan",
                          "Parent Relationship": "Outer",
                          "Parallel Aware": false,
                          "Index Name": "person_id_cast_info",
                          "Startup Cost": 0.0,
                          "Total Cost": 10262.4,
                          "Plan Rows": 470111,
                          "Plan Width": 0,
                          "Actual Startup Time": 15.058,
                          "Actual Total Time": 15.059,
                          "Actual Rows": 471624,
                          "Actual Loops": 1,
                          "Index Cond": "(person_id < 53210)"
                        }
                      ]
                    },
                    {
                      "Node Type": "Hash",
                      "Parent Relationship": "Inner",
                      "Parallel Aware": true,
                      "Startup Cost": 43899.01,
                      "Total Cost": 43899.01,
                      "Plan Rows": 447178,
                      "Plan Width": 4,
                      "Actual Startup Time": 181.312,
                      "Actual Total Time": 181.313,
                      "Actual Rows": 298897,
                      "Actual Loops": 6,
                      "Hash Buckets": 2097152,
                      "Original Hash Buckets": 2097152,
                      "Hash Batches": 1,
                      "Original Hash Batches": 1,
                      "Peak Memory Usage": 86624,
                      "Plans": [
                        {
                          "Node Type": "Seq Scan",
                          "Parent Relationship": "Outer",
                          "Parallel Aware": true,
                          "Relation Name": "title",
                          "Alias": "t",
                          "Startup Cost": 0.0,
                          "Total Cost": 43899.01,
                          "Plan Rows": 447178,
                          "Plan Width": 4,
                          "Actual Startup Time": 0.021,
                          "Actual Total Time": 75.002,
                          "Actual Rows": 298897,
                          "Actual Loops": 6,
                          "Filter": "(production_year > 1988)",
                          "Rows Removed by Filter": 122488
                        }
                      ]
                    }
                  ]
                }
              ]
            }
          ]
        }
      ]
    },
    "Planning Time": 0.227,
    "Triggers": [],
    "Execution Time": 258.696
  }
]