[
  {
    "Plan": {
      "Node Type": "Aggregate",
      "Strategy": "Plain",
      "Partial Mode": "Finalize",
      "Parallel Aware": false,
      "Startup Cost": 132582.71,
      "Total Cost": 132582.72,
      "Plan Rows": 1,
      "Plan Width": 8,
      "Actual Startup Time": 1155.426,
      "Actual Total Time": 1175.451,
      "Actual Rows": 1,
      "Actual Loops": 1,
      "Plans": [
        {
          "Node Type": "Gather",
          "Parent Relationship": "Outer",
          "Parallel Aware": false,
          "Startup Cost": 132582.39,
          "Total Cost": 132582.7,
          "Plan Rows": 3,
          "Plan Width": 8,
          "Actual Startup Time": 1144.986,
          "Actual Total Time": 1175.44,
          "Actual Rows": 4,
          "Actual Loops": 1,
          "Workers Planned": 3,
          "Workers Launched": 3,
          "Single Copy": false,
          "Plans": [
            {
              "Node Type": "Aggregate",
              "Strategy": "Plain",
              "Partial Mode": "Partial",
              "Parent Relationship": "Outer",
              "Parallel Aware": false,
              "Startup Cost": 131582.39,
              "Total Cost": 131582.4,
              "Plan Rows": 1,
              "Plan Width": 8,
              "Actual Startup Time": 1132.212,
              "Actual Total Time": 1132.925,
              "Actual Rows": 1,
              "Actual Loops": 4,
              "Plans": [
                {
                  "Node Type": "Hash Join",
                  "Parent Relationship": "Outer",
                  "Parallel Aware": true,
                  "Join Type": "Inner",
                  "Startup Cost": 83798.03,
                  "Total Cost": 129950.12,
                  "Plan Rows": 652908,
                  "Plan Width": 0,
                  "Actual Startup Time": 581.245,
                  "Actual Total Time": 1014.948,
                  "Actual Rows": 2783209,
                  "Actual Loops": 4,
                  "Inner Unique": false,
                  "Hash Cond": "(mk.movie_id = t.id)",
                  "Plans": [
                    {
                      "Node Type": "Seq Scan",
                      "Parent Relationship": "Outer",
                      "Parallel Aware": true,
                      "Relation Name": "movie_keyword",
                      "Alias": "mk",
                      "Startup Cost": 0.0,
                      "Total Cost": 39047.32,
                      "Plan Rows": 1459332,
                      "Plan Width": 4,
                      "Actual Startup Time": 0.033,
                      "Actual Total Time": 95.793,
                      "Actual Rows": 1130982,
                      "Actual Loops": 4
                    },
                    {
                      "Node Type": "Hash",
                      "Parent Relationship": "Inner",
                      "Parallel Aware": true,
                      "Startup Cost": 80263.15,
                      "Total Cost": 80263.15,
                      "Plan Rows": 282791,
                      "Plan Width": 8,
                      "Actual Startup Time": 573.212,
                      "Actual Total Time": 573.923,
                      "Actual Rows": 283875,
                      "Actual Loops": 4,
                      "Hash Buckets": 2097152,
                      "Original Hash Buckets": 2097152,
                      "Hash Batches": 1,
                      "Original Hash Batches": 1,
                      "Peak Memory Usage": 60864,
                      "Plans": [
                        {
                          "Node Type": "Hash Join",
                          "Parent Relationship": "Outer",
                          "Parallel Aware": true,
                          "Join Type": "Inner",
                          "Startup Cost": 33871.82,
                          "Total Cost": 80263.15,
                          "Plan Rows": 282791,
                          "Plan Width": 8,
                          "Actual Startup Time": 180.041,
                          "Actual Total Time": 483.097,
                          "Actual Rows": 283875,
                          "Actual Loops": 4,
                          "Inner Unique": false,
                          "Hash Cond": "(t.id = mc.movie_id)",
                          "Plans": [
                            {
                              "Node Type": "Seq Scan",
                              "Parent Relationship": "Outer",
                              "Parallel Aware": true,
                              "Relation Name": "title",
                              "Alias": "t",
                              "Startup Cost": 0.0,
                              "Total Cost": 42318.73,
                              "Plan Rows": 632073,
                              "Plan Width": 4,
                              "Actual Startup Time": 0.01,
                              "Actual Total Time": 77.896,
                              "Actual Rows": 632078,
                              "Actual Loops": 4
                            },
                            {
                              "Node Type": "Hash",
                              "Parent Relationship": "Inner",
                              "Parallel Aware": true,
                              "Startup Cost": 29310.68,
                              "Total Cost": 29310.68,
                              "Plan Rows": 364891,
                              "Plan Width": 4,
                              "Actual Startup Time": 176.222,
                              "Actual Total Time": 176.223,
                              "Actual Rows": 283875,
                              "Actual Loops": 4,
                              "Hash Buckets": 2097152,
                              "Original Hash Buckets": 2097152,
                              "Hash Batches": 1,
                              "Original Hash Batches": 1,
                              "Peak Memory Usage": 60864,
                              "Plans": [
                                {
                                  "Node Type": "Seq Scan",
                                  "Parent Relationship": "Outer",
                                  "Parallel Aware": true,
                                  "Relation Name": "movie_companies",
                                  "Alias": "mc",
                                  "Startup Cost": 0.0,
                                  "Total Cost": 29310.68,
                                  "Plan Rows": 364891,
                                  "Plan Width": 4,
                                  "Actual Startup Time": 17.721,
                                  "Actual Total Time": 82.068,
                                  "Actual Rows": 283875,
                                  "Actual Loops": 4,
                                  "Filter": "(company_id > 13452)",
                                  "Rows Removed by Filter": 368408
                                }
                              ]
                            }
                          ]
                        }
                      ]
                    }
                  ]
                }
              ]
            }
          ]
        }
      ]
    },
    "Planning Time": 1.414,
    "Triggers": [],
    "Execution Time": 1175.53
  }
]