{
    "Plan": {
        "Node Type": "Aggregate",
        "Strategy": "Plain",
        "Partial Mode": "Finalize",
        "Parallel Aware": false,
        "Startup Cost": 613354.04,
        "Total Cost": 613354.05,
        "Plan Rows": 1,
        "Plan Width": 8,
        "Actual Startup Time": 5737.555,
        "Actual Total Time": 5808.779,
        "Actual Rows": 1,
        "Actual Loops": 1,
        "Output": [
            "count(*)"
        ],
        "Plans": [
            {
                "Node Type": "Gather",
                "Parent Relationship": "Outer",
                "Parallel Aware": false,
                "Startup Cost": 613353.52,
                "Total Cost": 613354.03,
                "Plan Rows": 5,
                "Plan Width": 8,
                "Actual Startup Time": 5702.158,
                "Actual Total Time": 5808.764,
                "Actual Rows": 6,
                "Actual Loops": 1,
                "Output": [
                    "(PARTIAL count(*))"
                ],
                "Workers Planned": 5,
                "Workers Launched": 5,
                "Single Copy": false,
                "Plans": [
                    {
                        "Node Type": "Aggregate",
                        "Strategy": "Plain",
                        "Partial Mode": "Partial",
                        "Parent Relationship": "Outer",
                        "Parallel Aware": false,
                        "Startup Cost": 612353.52,
                        "Total Cost": 612353.53,
                        "Plan Rows": 1,
                        "Plan Width": 8,
                        "Actual Startup Time": 5681.731,
                        "Actual Total Time": 5682.409,
                        "Actual Rows": 1,
                        "Actual Loops": 6,
                        "Output": [
                            "PARTIAL count(*)"
                        ],
                        "Workers": [
                            {
                                "Worker Number": 0,
                                "Actual Startup Time": 5677.131,
                                "Actual Total Time": 5677.137,
                                "Actual Rows": 1,
                                "Actual Loops": 1
                            },
                            {
                                "Worker Number": 1,
                                "Actual Startup Time": 5677.137,
                                "Actual Total Time": 5677.143,
                                "Actual Rows": 1,
                                "Actual Loops": 1
                            },
                            {
                                "Worker Number": 2,
                                "Actual Startup Time": 5680.305,
                                "Actual Total Time": 5680.319,
                                "Actual Rows": 1,
                                "Actual Loops": 1
                            },
                            {
                                "Worker Number": 3,
                                "Actual Startup Time": 5677.246,
                                "Actual Total Time": 5677.251,
                                "Actual Rows": 1,
                                "Actual Loops": 1
                            },
                            {
                                "Worker Number": 4,
                                "Actual Startup Time": 5677.348,
                                "Actual Total Time": 5677.355,
                                "Actual Rows": 1,
                                "Actual Loops": 1
                            }
                        ],
                        "Plans": [
                            {
                                "Node Type": "Hash Join",
                                "Parent Relationship": "Outer",
                                "Parallel Aware": true,
                                "Join Type": "Inner",
                                "Startup Cost": 398831.75,
                                "Total Cost": 605782.17,
                                "Plan Rows": 2628540,
                                "Plan Width": 0,
                                "Actual Startup Time": 1772.993,
                                "Actual Total Time": 4998.201,
                                "Actual Rows": 17536437,
                                "Actual Loops": 6,
                                "Inner Unique": false,
                                "Hash Cond": "(mi.movie_id = t.id)",
                                "Workers": [
                                    {
                                        "Worker Number": 0,
                                        "Actual Startup Time": 1768.977,
                                        "Actual Total Time": 5003.964,
                                        "Actual Rows": 17182610,
                                        "Actual Loops": 1
                                    },
                                    {
                                        "Worker Number": 1,
                                        "Actual Startup Time": 1768.852,
                                        "Actual Total Time": 5013.129,
                                        "Actual Rows": 17153118,
                                        "Actual Loops": 1
                                    },
                                    {
                                        "Worker Number": 2,
                                        "Actual Startup Time": 1769.015,
                                        "Actual Total Time": 4976.178,
                                        "Actual Rows": 17400713,
                                        "Actual Loops": 1
                                    },
                                    {
                                        "Worker Number": 3,
                                        "Actual Startup Time": 1768.967,
                                        "Actual Total Time": 4992.257,
                                        "Actual Rows": 17973698,
                                        "Actual Loops": 1
                                    },
                                    {
                                        "Worker Number": 4,
                                        "Actual Startup Time": 1769.043,
                                        "Actual Total Time": 5017.42,
                                        "Actual Rows": 17037536,
                                        "Actual Loops": 1
                                    }
                                ],
                                "Plans": [
                                    {
                                        "Node Type": "Seq Scan",
                                        "Parent Relationship": "Outer",
                                        "Parallel Aware": true,
                                        "Relation Name": "movie_info",
                                        "Schema": "public",
                                        "Alias": "mi",
                                        "Startup Cost": 0.0,
                                        "Total Cost": 191503.19,
                                        "Plan Rows": 2951019,
                                        "Plan Width": 4,
                                        "Actual Startup Time": 0.034,
                                        "Actual Total Time": 291.037,
                                        "Actual Rows": 2472620,
                                        "Actual Loops": 6,
                                        "Output": [
                                            "mi.id",
                                            "mi.movie_id",
                                            "mi.info_type_id",
                                            "mi.info",
                                            "mi.note"
                                        ],
                                        "Workers": [
                                            {
                                                "Worker Number": 0,
                                                "Actual Startup Time": 0.039,
                                                "Actual Total Time": 306.399,
                                                "Actual Rows": 2370074,
                                                "Actual Loops": 1
                                            },
                                            {
                                                "Worker Number": 1,
                                                "Actual Startup Time": 0.034,
                                                "Actual Total Time": 302.047,
                                                "Actual Rows": 2385832,
                                                "Actual Loops": 1
                                            },
                                            {
                                                "Worker Number": 2,
                                                "Actual Startup Time": 0.043,
                                                "Actual Total Time": 311.245,
                                                "Actual Rows": 2440783,
                                                "Actual Loops": 1
                                            },
                                            {
                                                "Worker Number": 3,
                                                "Actual Startup Time": 0.044,
                                                "Actual Total Time": 300.73,
                                                "Actual Rows": 2534739,
                                                "Actual Loops": 1
                                            },
                                            {
                                                "Worker Number": 4,
                                                "Actual Startup Time": 0.032,
                                                "Actual Total Time": 303.274,
                                                "Actual Rows": 2391965,
                                                "Actual Loops": 1
                                            }
                                        ]
                                    },
                                    {
                                        "Node Type": "Hash",
                                        "Parent Relationship": "Inner",
                                        "Parallel Aware": true,
                                        "Startup Cost": 394140.02,
                                        "Total Cost": 394140.02,
                                        "Plan Rows": 375339,
                                        "Plan Width": 8,
                                        "Actual Startup Time": 1761.52,
                                        "Actual Total Time": 1762.195,
                                        "Actual Rows": 688438,
                                        "Actual Loops": 6,
                                        "Output": [
                                            "t.id",
                                            "ci.movie_id"
                                        ],
                                        "Hash Buckets": 4194304,
                                        "Original Hash Buckets": 4194304,
                                        "Hash Batches": 1,
                                        "Original Hash Batches": 1,
                                        "Peak Memory Usage": 194496,
                                        "Workers": [
                                            {
                                                "Worker Number": 0,
                                                "Actual Startup Time": 1764.792,
                                                "Actual Total Time": 1764.796,
                                                "Actual Rows": 567385,
                                                "Actual Loops": 1
                                            },
                                            {
                                                "Worker Number": 1,
                                                "Actual Startup Time": 1764.706,
                                                "Actual Total Time": 1764.71,
                                                "Actual Rows": 766590,
                                                "Actual Loops": 1
                                            },
                                            {
                                                "Worker Number": 2,
                                                "Actual Startup Time": 1764.897,
                                                "Actual Total Time": 1764.91,
                                                "Actual Rows": 589898,
                                                "Actual Loops": 1
                                            },
                                            {
                                                "Worker Number": 3,
                                                "Actual Startup Time": 1765.037,
                                                "Actual Total Time": 1765.041,
                                                "Actual Rows": 789422,
                                                "Actual Loops": 1
                                            },
                                            {
                                                "Worker Number": 4,
                                                "Actual Startup Time": 1765.155,
                                                "Actual Total Time": 1765.159,
                                                "Actual Rows": 759350,
                                                "Actual Loops": 1
                                            }
                                        ],
                                        "Plans": [
                                            {
                                                "Node Type": "Hash Join",
                                                "Parent Relationship": "Outer",
                                                "Parallel Aware": true,
                                                "Join Type": "Inner",
                                                "Startup Cost": 47530.94,
                                                "Total Cost": 394140.02,
                                                "Plan Rows": 375339,
                                                "Plan Width": 8,
                                                "Actual Startup Time": 155.241,
                                                "Actual Total Time": 1425.167,
                                                "Actual Rows": 688438,
                                                "Actual Loops": 6,
                                                "Output": [
                                                    "t.id",
                                                    "ci.movie_id"
                                                ],
                                                "Inner Unique": true,
                                                "Hash Cond": "(ci.movie_id = t.id)",
                                                "Workers": [
                                                    {
                                                        "Worker Number": 0,
                                                        "Actual Startup Time": 155.185,
                                                        "Actual Total Time": 1436.073,
                                                        "Actual Rows": 567385,
                                                        "Actual Loops": 1
                                                    },
                                                    {
                                                        "Worker Number": 1,
                                                        "Actual Startup Time": 155.309,
                                                        "Actual Total Time": 1414.609,
                                                        "Actual Rows": 766590,
                                                        "Actual Loops": 1
                                                    },
                                                    {
                                                        "Worker Number": 2,
                                                        "Actual Startup Time": 155.402,
                                                        "Actual Total Time": 1433.958,
                                                        "Actual Rows": 589898,
                                                        "Actual Loops": 1
                                                    },
                                                    {
                                                        "Worker Number": 3,
                                                        "Actual Startup Time": 155.101,
                                                        "Actual Total Time": 1421.763,
                                                        "Actual Rows": 789422,
                                                        "Actual Loops": 1
                                                    },
                                                    {
                                                        "Worker Number": 4,
                                                        "Actual Startup Time": 155.036,
                                                        "Actual Total Time": 1419.861,
                                                        "Actual Rows": 759350,
                                                        "Actual Loops": 1
                                                    }
                                                ],
                                                "Plans": [
                                                    {
                                                        "Node Type": "Index Scan",
                                                        "Parent Relationship": "Outer",
                                                        "Parallel Aware": true,
                                                        "Scan Direction": "Forward",
                                                        "Index Name": "role_id_cast_info",
                                                        "Relation Name": "cast_info",
                                                        "Schema": "public",
                                                        "Alias": "ci",
                                                        "Startup Cost": 0.56,
                                                        "Total Cost": 342814.42,
                                                        "Plan Rows": 1445795,
                                                        "Plan Width": 4,
                                                        "Actual Startup Time": 0.24,
                                                        "Actual Total Time": 550.289,
                                                        "Actual Rows": 2111781,
                                                        "Actual Loops": 6,
                                                        "Output": [
                                                            "ci.id",
                                                            "ci.person_id",
                                                            "ci.movie_id",
                                                            "ci.person_role_id",
                                                            "ci.note",
                                                            "ci.nr_order",
                                                            "ci.role_id"
                                                        ],
                                                        "Index Cond": "(ci.role_id < 2)",
                                                        "Rows Removed by Index Recheck": 0,
                                                        "Filter": "(ci.person_id < 2522148)",
                                                        "Rows Removed by Filter": 0,
                                                        "Workers": [
                                                            {
                                                                "Worker Number": 0,
                                                                "Actual Startup Time": 0.225,
                                                                "Actual Total Time": 583.046,
                                                                "Actual Rows": 1749931,
                                                                "Actual Loops": 1
                                                            },
                                                            {
                                                                "Worker Number": 1,
                                                                "Actual Startup Time": 0.318,
                                                                "Actual Total Time": 529.459,
                                                                "Actual Rows": 2338830,
                                                                "Actual Loops": 1
                                                            },
                                                            {
                                                                "Worker Number": 2,
                                                                "Actual Startup Time": 0.278,
                                                                "Actual Total Time": 590.523,
                                                                "Actual Rows": 1790491,
                                                                "Actual Loops": 1
                                                            },
                                                            {
                                                                "Worker Number": 3,
                                                                "Actual Startup Time": 0.159,
                                                                "Actual Total Time": 542.515,
                                                                "Actual Rows": 2428141,
                                                                "Actual Loops": 1
                                                            },
                                                            {
                                                                "Worker Number": 4,
                                                                "Actual Startup Time": 0.132,
                                                                "Actual Total Time": 532.661,
                                                                "Actual Rows": 2334151,
                                                                "Actual Loops": 1
                                                            }
                                                        ]
                                                    },
                                                    {
                                                        "Node Type": "Hash",
                                                        "Parent Relationship": "Inner",
                                                        "Parallel Aware": true,
                                                        "Startup Cost": 45479.21,
                                                        "Total Cost": 45479.21,
                                                        "Plan Rows": 164093,
                                                        "Plan Width": 4,
                                                        "Actual Startup Time": 153.508,
                                                        "Actual Total Time": 153.51,
                                                        "Actual Rows": 118530,
                                                        "Actual Loops": 6,
                                                        "Output": [
                                                            "t.id"
                                                        ],
                                                        "Hash Buckets": 1048576,
                                                        "Original Hash Buckets": 1048576,
                                                        "Hash Batches": 1,
                                                        "Original Hash Batches": 1,
                                                        "Peak Memory Usage": 36128,
                                                        "Workers": [
                                                            {
                                                                "Worker Number": 0,
                                                                "Actual Startup Time": 154.89,
                                                                "Actual Total Time": 154.892,
                                                                "Actual Rows": 97689,
                                                                "Actual Loops": 1
                                                            },
                                                            {
                                                                "Worker Number": 1,
                                                                "Actual Startup Time": 154.863,
                                                                "Actual Total Time": 154.864,
                                                                "Actual Rows": 129462,
                                                                "Actual Loops": 1
                                                            },
                                                            {
                                                                "Worker Number": 2,
                                                                "Actual Startup Time": 154.841,
                                                                "Actual Total Time": 154.842,
                                                                "Actual Rows": 98968,
                                                                "Actual Loops": 1
                                                            },
                                                            {
                                                                "Worker Number": 3,
                                                                "Actual Startup Time": 154.83,
                                                                "Actual Total Time": 154.831,
                                                                "Actual Rows": 130974,
                                                                "Actual Loops": 1
                                                            },
                                                            {
                                                                "Worker Number": 4,
                                                                "Actual Startup Time": 154.802,
                                                                "Actual Total Time": 154.803,
                                                                "Actual Rows": 128801,
                                                                "Actual Loops": 1
                                                            }
                                                        ],
                                                        "Plans": [
                                                            {
                                                                "Node Type": "Seq Scan",
                                                                "Parent Relationship": "Outer",
                                                                "Parallel Aware": true,
                                                                "Relation Name": "title",
                                                                "Schema": "public",
                                                                "Alias": "t",
                                                                "Startup Cost": 0.0,
                                                                "Total Cost": 45479.21,
                                                                "Plan Rows": 164093,
                                                                "Plan Width": 4,
                                                                "Actual Startup Time": 0.065,
                                                                "Actual Total Time": 92.46,
                                                                "Actual Rows": 118530,
                                                                "Actual Loops": 6,
                                                                "Output": [
                                                                    "t.id"
                                                                ],
                                                                "Filter": "((t.kind_id < 7) AND (t.production_year < 2008))",
                                                                "Rows Removed by Filter": 302856,
                                                                "Workers": [
                                                                    {
                                                                        "Worker Number": 0,
                                                                        "Actual Startup Time": 0.076,
                                                                        "Actual Total Time": 93.722,
                                                                        "Actual Rows": 97689,
                                                                        "Actual Loops": 1
                                                                    },
                                                                    {
                                                                        "Worker Number": 1,
                                                                        "Actual Startup Time": 0.076,
                                                                        "Actual Total Time": 91.837,
                                                                        "Actual Rows": 129462,
                                                                        "Actual Loops": 1
                                                                    },
                                                                    {
                                                                        "Worker Number": 2,
                                                                        "Actual Startup Time": 0.077,
                                                                        "Actual Total Time": 93.988,
                                                                        "Actual Rows": 98968,
                                                                        "Actual Loops": 1
                                                                    },
                                                                    {
                                                                        "Worker Number": 3,
                                                                        "Actual Startup Time": 0.07,
                                                                        "Actual Total Time": 92.077,
                                                                        "Actual Rows": 130974,
                                                                        "Actual Loops": 1
                                                                    },
                                                                    {
                                                                        "Worker Number": 4,
                                                                        "Actual Startup Time": 0.071,
                                                                        "Actual Total Time": 91.765,
                                                                        "Actual Rows": 128801,
                                                                        "Actual Loops": 1
                                                                    }
                                                                ]
                                                            }
                                                        ]
                                                    }
                                                ]
                                            }
                                        ]
                                    }
                                ]
                            }
                        ]
                    }
                ]
            }
        ]
    },
    "Planning Time": 1.525,
    "Triggers": [],
    "Execution Time": 5808.878
}