[
  {
    "Plan": {
      "Node Type": "Aggregate",
      "Strategy": "Plain",
      "Partial Mode": "Finalize",
      "Parallel Aware": false,
      "Startup Cost": 46354.05,
      "Total Cost": 46354.06,
      "Plan Rows": 1,
      "Plan Width": 8,
      "Actual Startup Time": 159.58,
      "Actual Total Time": 168.662,
      "Actual Rows": 1,
      "Actual Loops": 1,
      "Plans": [
        {
          "Node Type": "Gather",
          "Parent Relationship": "Outer",
          "Parallel Aware": false,
          "Startup Cost": 46353.73,
          "Total Cost": 46354.04,
          "Plan Rows": 3,
          "Plan Width": 8,
          "Actual Startup Time": 159.479,
          "Actual Total Time": 168.655,
          "Actual Rows": 4,
          "Actual Loops": 1,
          "Workers Planned": 3,
          "Workers Launched": 3,
          "Single Copy": false,
          "Plans": [
            {
              "Node Type": "Aggregate",
              "Strategy": "Plain",
              "Partial Mode": "Partial",
              "Parent Relationship": "Outer",
              "Parallel Aware": false,
              "Startup Cost": 45353.73,
              "Total Cost": 45353.74,
              "Plan Rows": 1,
              "Plan Width": 8,
              "Actual Startup Time": 154.475,
              "Actual Total Time": 154.476,
              "Actual Rows": 1,
              "Actual Loops": 4,
              "Plans": [
                {
                  "Node Type": "Seq Scan",
                  "Parent Relationship": "Outer",
                  "Parallel Aware": true,
                  "Relation Name": "movie_keyword",
                  "Alias": "mk",
                  "Startup Cost": 0.0,
                  "Total Cost": 42695.65,
                  "Plan Rows": 1063231,
                  "Plan Width": 0,
                  "Actual Startup Time": 0.036,
                  "Actual Total Time": 116.412,
                  "Actual Rows": 823354,
                  "Actual Loops": 4,
                  "Filter": "(keyword_id < 14736)",
                  "Rows Removed by Filter": 307629
                }
              ]
            }
          ]
        }
      ]
    },
    "Planning Time": 0.076,
    "Triggers": [],
    "Execution Time": 168.686
  }
]