{
    "Plan": {
        "Node Type": "Aggregate",
        "Strategy": "Plain",
        "Partial Mode": "Finalize",
        "Parallel Aware": false,
        "Startup Cost": 461809.96,
        "Total Cost": 461809.97,
        "Plan Rows": 1,
        "Plan Width": 8,
        "Actual Startup Time": 3122.325,
        "Actual Total Time": 3175.498,
        "Actual Rows": 1,
        "Actual Loops": 1,
        "Output": [
            "count(*)"
        ],
        "Plans": [
            {
                "Node Type": "Gather",
                "Parent Relationship": "Outer",
                "Parallel Aware": false,
                "Startup Cost": 461809.34,
                "Total Cost": 461809.95,
                "Plan Rows": 6,
                "Plan Width": 8,
                "Actual Startup Time": 3095.737,
                "Actual Total Time": 3175.483,
                "Actual Rows": 7,
                "Actual Loops": 1,
                "Output": [
                    "(PARTIAL count(*))"
                ],
                "Workers Planned": 6,
                "Workers Launched": 6,
                "Single Copy": false,
                "Plans": [
                    {
                        "Node Type": "Aggregate",
                        "Strategy": "Plain",
                        "Partial Mode": "Partial",
                        "Parent Relationship": "Outer",
                        "Parallel Aware": false,
                        "Startup Cost": 460809.34,
                        "Total Cost": 460809.35,
                        "Plan Rows": 1,
                        "Plan Width": 8,
                        "Actual Startup Time": 3080.308,
                        "Actual Total Time": 3080.656,
                        "Actual Rows": 1,
                        "Actual Loops": 7,
                        "Output": [
                            "PARTIAL count(*)"
                        ],
                        "Workers": [
                            {
                                "Worker Number": 0,
                                "Actual Startup Time": 3077.579,
                                "Actual Total Time": 3077.584,
                                "Actual Rows": 1,
                                "Actual Loops": 1
                            },
                            {
                                "Worker Number": 1,
                                "Actual Startup Time": 3077.608,
                                "Actual Total Time": 3077.613,
                                "Actual Rows": 1,
                                "Actual Loops": 1
                            },
                            {
                                "Worker Number": 2,
                                "Actual Startup Time": 3077.558,
                                "Actual Total Time": 3077.564,
                                "Actual Rows": 1,
                                "Actual Loops": 1
                            },
                            {
                                "Worker Number": 3,
                                "Actual Startup Time": 3077.545,
                                "Actual Total Time": 3077.55,
                                "Actual Rows": 1,
                                "Actual Loops": 1
                            },
                            {
                                "Worker Number": 4,
                                "Actual Startup Time": 3079.438,
                                "Actual Total Time": 3079.442,
                                "Actual Rows": 1,
                                "Actual Loops": 1
                            },
                            {
                                "Worker Number": 5,
                                "Actual Startup Time": 3077.777,
                                "Actual Total Time": 3077.783,
                                "Actual Rows": 1,
                                "Actual Loops": 1
                            }
                        ],
                        "Plans": [
                            {
                                "Node Type": "Hash Join",
                                "Parent Relationship": "Outer",
                                "Parallel Aware": true,
                                "Join Type": "Inner",
                                "Startup Cost": 85770.32,
                                "Total Cost": 454774.01,
                                "Plan Rows": 2414133,
                                "Plan Width": 0,
                                "Actual Startup Time": 535.322,
                                "Actual Total Time": 2854.171,
                                "Actual Rows": 4395250,
                                "Actual Loops": 7,
                                "Inner Unique": false,
                                "Hash Cond": "(ci.movie_id = t.id)",
                                "Workers": [
                                    {
                                        "Worker Number": 0,
                                        "Actual Startup Time": 532.894,
                                        "Actual Total Time": 2848.006,
                                        "Actual Rows": 4319233,
                                        "Actual Loops": 1
                                    },
                                    {
                                        "Worker Number": 1,
                                        "Actual Startup Time": 532.861,
                                        "Actual Total Time": 2848.816,
                                        "Actual Rows": 4288243,
                                        "Actual Loops": 1
                                    },
                                    {
                                        "Worker Number": 2,
                                        "Actual Startup Time": 532.826,
                                        "Actual Total Time": 2856.708,
                                        "Actual Rows": 3844591,
                                        "Actual Loops": 1
                                    },
                                    {
                                        "Worker Number": 3,
                                        "Actual Startup Time": 532.879,
                                        "Actual Total Time": 2865.703,
                                        "Actual Rows": 5244164,
                                        "Actual Loops": 1
                                    },
                                    {
                                        "Worker Number": 4,
                                        "Actual Startup Time": 532.814,
                                        "Actual Total Time": 2842.262,
                                        "Actual Rows": 3737243,
                                        "Actual Loops": 1
                                    },
                                    {
                                        "Worker Number": 5,
                                        "Actual Startup Time": 533.026,
                                        "Actual Total Time": 2845.471,
                                        "Actual Rows": 4089916,
                                        "Actual Loops": 1
                                    }
                                ],
                                "Plans": [
                                    {
                                        "Node Type": "Seq Scan",
                                        "Parent Relationship": "Outer",
                                        "Parallel Aware": true,
                                        "Relation Name": "cast_info",
                                        "Schema": "public",
                                        "Alias": "ci",
                                        "Startup Cost": 0.0,
                                        "Total Cost": 343318.94,
                                        "Plan Rows": 4772591,
                                        "Plan Width": 4,
                                        "Actual Startup Time": 53.517,
                                        "Actual Total Time": 835.769,
                                        "Actual Rows": 4025862,
                                        "Actual Loops": 7,
                                        "Output": [
                                            "ci.id",
                                            "ci.person_id",
                                            "ci.movie_id",
                                            "ci.person_role_id",
                                            "ci.note",
                                            "ci.nr_order",
                                            "ci.role_id"
                                        ],
                                        "Filter": "((ci.person_id > 341954) AND (ci.role_id < 10))",
                                        "Rows Removed by Filter": 1151901,
                                        "Workers": [
                                            {
                                                "Worker Number": 0,
                                                "Actual Startup Time": 53.527,
                                                "Actual Total Time": 857.694,
                                                "Actual Rows": 3987564,
                                                "Actual Loops": 1
                                            },
                                            {
                                                "Worker Number": 1,
                                                "Actual Startup Time": 53.517,
                                                "Actual Total Time": 856.066,
                                                "Actual Rows": 3959221,
                                                "Actual Loops": 1
                                            },
                                            {
                                                "Worker Number": 2,
                                                "Actual Startup Time": 53.538,
                                                "Actual Total Time": 846.367,
                                                "Actual Rows": 3539795,
                                                "Actual Loops": 1
                                            },
                                            {
                                                "Worker Number": 3,
                                                "Actual Startup Time": 53.531,
                                                "Actual Total Time": 831.034,
                                                "Actual Rows": 4777744,
                                                "Actual Loops": 1
                                            },
                                            {
                                                "Worker Number": 4,
                                                "Actual Startup Time": 53.501,
                                                "Actual Total Time": 868.924,
                                                "Actual Rows": 3369190,
                                                "Actual Loops": 1
                                            },
                                            {
                                                "Worker Number": 5,
                                                "Actual Startup Time": 53.502,
                                                "Actual Total Time": 865.297,
                                                "Actual Rows": 3785502,
                                                "Actual Loops": 1
                                            }
                                        ]
                                    },
                                    {
                                        "Node Type": "Hash",
                                        "Parent Relationship": "Inner",
                                        "Parallel Aware": true,
                                        "Startup Cost": 80613.43,
                                        "Total Cost": 80613.43,
                                        "Plan Rows": 412551,
                                        "Plan Width": 8,
                                        "Actual Startup Time": 476.822,
                                        "Actual Total Time": 477.169,
                                        "Actual Rows": 182035,
                                        "Actual Loops": 7,
                                        "Output": [
                                            "t.id",
                                            "mc.movie_id"
                                        ],
                                        "Hash Buckets": 2097152,
                                        "Original Hash Buckets": 2097152,
                                        "Hash Batches": 1,
                                        "Original Hash Batches": 1,
                                        "Peak Memory Usage": 66304,
                                        "Workers": [
                                            {
                                                "Worker Number": 0,
                                                "Actual Startup Time": 478.622,
                                                "Actual Total Time": 478.626,
                                                "Actual Rows": 159342,
                                                "Actual Loops": 1
                                            },
                                            {
                                                "Worker Number": 1,
                                                "Actual Startup Time": 478.701,
                                                "Actual Total Time": 478.703,
                                                "Actual Rows": 158534,
                                                "Actual Loops": 1
                                            },
                                            {
                                                "Worker Number": 2,
                                                "Actual Startup Time": 478.554,
                                                "Actual Total Time": 478.557,
                                                "Actual Rows": 151636,
                                                "Actual Loops": 1
                                            },
                                            {
                                                "Worker Number": 3,
                                                "Actual Startup Time": 478.541,
                                                "Actual Total Time": 478.544,
                                                "Actual Rows": 220011,
                                                "Actual Loops": 1
                                            },
                                            {
                                                "Worker Number": 4,
                                                "Actual Startup Time": 478.644,
                                                "Actual Total Time": 478.647,
                                                "Actual Rows": 156680,
                                                "Actual Loops": 1
                                            },
                                            {
                                                "Worker Number": 5,
                                                "Actual Startup Time": 478.726,
                                                "Actual Total Time": 478.729,
                                                "Actual Rows": 209209,
                                                "Actual Loops": 1
                                            }
                                        ],
                                        "Plans": [
                                            {
                                                "Node Type": "Hash Join",
                                                "Parent Relationship": "Outer",
                                                "Parallel Aware": true,
                                                "Join Type": "Inner",
                                                "Startup Cost": 50219.81,
                                                "Total Cost": 80613.43,
                                                "Plan Rows": 412551,
                                                "Plan Width": 8,
                                                "Actual Startup Time": 267.71,
                                                "Actual Total Time": 396.738,
                                                "Actual Rows": 182035,
                                                "Actual Loops": 7,
                                                "Output": [
                                                    "t.id",
                                                    "mc.movie_id"
                                                ],
                                                "Inner Unique": true,
                                                "Hash Cond": "(mc.movie_id = t.id)",
                                                "Workers": [
                                                    {
                                                        "Worker Number": 0,
                                                        "Actual Startup Time": 267.775,
                                                        "Actual Total Time": 395.994,
                                                        "Actual Rows": 159342,
                                                        "Actual Loops": 1
                                                    },
                                                    {
                                                        "Worker Number": 1,
                                                        "Actual Startup Time": 267.707,
                                                        "Actual Total Time": 395.992,
                                                        "Actual Rows": 158534,
                                                        "Actual Loops": 1
                                                    },
                                                    {
                                                        "Worker Number": 2,
                                                        "Actual Startup Time": 267.69,
                                                        "Actual Total Time": 396.332,
                                                        "Actual Rows": 151636,
                                                        "Actual Loops": 1
                                                    },
                                                    {
                                                        "Worker Number": 3,
                                                        "Actual Startup Time": 267.656,
                                                        "Actual Total Time": 395.37,
                                                        "Actual Rows": 220011,
                                                        "Actual Loops": 1
                                                    },
                                                    {
                                                        "Worker Number": 4,
                                                        "Actual Startup Time": 267.69,
                                                        "Actual Total Time": 395.618,
                                                        "Actual Rows": 156680,
                                                        "Actual Loops": 1
                                                    },
                                                    {
                                                        "Worker Number": 5,
                                                        "Actual Startup Time": 267.666,
                                                        "Actual Total Time": 400.299,
                                                        "Actual Rows": 209209,
                                                        "Actual Loops": 1
                                                    }
                                                ],
                                                "Plans": [
                                                    {
                                                        "Node Type": "Seq Scan",
                                                        "Parent Relationship": "Outer",
                                                        "Parallel Aware": true,
                                                        "Relation Name": "movie_companies",
                                                        "Schema": "public",
                                                        "Alias": "mc",
                                                        "Startup Cost": 0.0,
                                                        "Total Cost": 29310.68,
                                                        "Plan Rows": 412551,
                                                        "Plan Width": 4,
                                                        "Actual Startup Time": 0.031,
                                                        "Actual Total Time": 54.539,
                                                        "Actual Rows": 182035,
                                                        "Actual Loops": 7,
                                                        "Output": [
                                                            "mc.id",
                                                            "mc.movie_id",
                                                            "mc.company_id",
                                                            "mc.company_type_id",
                                                            "mc.note"
                                                        ],
                                                        "Filter": "(mc.company_type_id = 1)",
                                                        "Rows Removed by Filter": 190698,
                                                        "Workers": [
                                                            {
                                                                "Worker Number": 0,
                                                                "Actual Startup Time": 0.032,
                                                                "Actual Total Time": 56.827,
                                                                "Actual Rows": 159342,
                                                                "Actual Loops": 1
                                                            },
                                                            {
                                                                "Worker Number": 1,
                                                                "Actual Startup Time": 0.034,
                                                                "Actual Total Time": 56.711,
                                                                "Actual Rows": 158534,
                                                                "Actual Loops": 1
                                                            },
                                                            {
                                                                "Worker Number": 2,
                                                                "Actual Startup Time": 0.037,
                                                                "Actual Total Time": 56.461,
                                                                "Actual Rows": 151636,
                                                                "Actual Loops": 1
                                                            },
                                                            {
                                                                "Worker Number": 3,
                                                                "Actual Startup Time": 0.029,
                                                                "Actual Total Time": 53.542,
                                                                "Actual Rows": 220011,
                                                                "Actual Loops": 1
                                                            },
                                                            {
                                                                "Worker Number": 4,
                                                                "Actual Startup Time": 0.041,
                                                                "Actual Total Time": 56.625,
                                                                "Actual Rows": 156680,
                                                                "Actual Loops": 1
                                                            },
                                                            {
                                                                "Worker Number": 5,
                                                                "Actual Startup Time": 0.03,
                                                                "Actual Total Time": 53.581,
                                                                "Actual Rows": 209209,
                                                                "Actual Loops": 1
                                                            }
                                                        ]
                                                    },
                                                    {
                                                        "Node Type": "Hash",
                                                        "Parent Relationship": "Inner",
                                                        "Parallel Aware": true,
                                                        "Startup Cost": 42318.81,
                                                        "Total Cost": 42318.81,
                                                        "Plan Rows": 632080,
                                                        "Plan Width": 4,
                                                        "Actual Startup Time": 263.952,
                                                        "Actual Total Time": 263.953,
                                                        "Actual Rows": 361187,
                                                        "Actual Loops": 7,
                                                        "Output": [
                                                            "t.id"
                                                        ],
                                                        "Hash Buckets": 4194304,
                                                        "Original Hash Buckets": 4194304,
                                                        "Hash Batches": 1,
                                                        "Original Hash Batches": 1,
                                                        "Peak Memory Usage": 131744,
                                                        "Workers": [
                                                            {
                                                                "Worker Number": 0,
                                                                "Actual Startup Time": 267.395,
                                                                "Actual Total Time": 267.396,
                                                                "Actual Rows": 310763,
                                                                "Actual Loops": 1
                                                            },
                                                            {
                                                                "Worker Number": 1,
                                                                "Actual Startup Time": 267.568,
                                                                "Actual Total Time": 267.569,
                                                                "Actual Rows": 308127,
                                                                "Actual Loops": 1
                                                            },
                                                            {
                                                                "Worker Number": 2,
                                                                "Actual Startup Time": 267.563,
                                                                "Actual Total Time": 267.564,
                                                                "Actual Rows": 299666,
                                                                "Actual Loops": 1
                                                            },
                                                            {
                                                                "Worker Number": 3,
                                                                "Actual Startup Time": 267.511,
                                                                "Actual Total Time": 267.512,
                                                                "Actual Rows": 409956,
                                                                "Actual Loops": 1
                                                            },
                                                            {
                                                                "Worker Number": 4,
                                                                "Actual Startup Time": 267.538,
                                                                "Actual Total Time": 267.539,
                                                                "Actual Rows": 319689,
                                                                "Actual Loops": 1
                                                            },
                                                            {
                                                                "Worker Number": 5,
                                                                "Actual Startup Time": 267.528,
                                                                "Actual Total Time": 267.53,
                                                                "Actual Rows": 376250,
                                                                "Actual Loops": 1
                                                            }
                                                        ],
                                                        "Plans": [
                                                            {
                                                                "Node Type": "Seq Scan",
                                                                "Parent Relationship": "Outer",
                                                                "Parallel Aware": true,
                                                                "Relation Name": "title",
                                                                "Schema": "public",
                                                                "Alias": "t",
                                                                "Startup Cost": 0.0,
                                                                "Total Cost": 42318.81,
                                                                "Plan Rows": 632080,
                                                                "Plan Width": 4,
                                                                "Actual Startup Time": 0.061,
                                                                "Actual Total Time": 77.667,
                                                                "Actual Rows": 361187,
                                                                "Actual Loops": 7,
                                                                "Output": [
                                                                    "t.id"
                                                                ],
                                                                "Workers": [
                                                                    {
                                                                        "Worker Number": 0,
                                                                        "Actual Startup Time": 0.07,
                                                                        "Actual Total Time": 81.729,
                                                                        "Actual Rows": 310763,
                                                                        "Actual Loops": 1
                                                                    },
                                                                    {
                                                                        "Worker Number": 1,
                                                                        "Actual Startup Time": 0.07,
                                                                        "Actual Total Time": 81.345,
                                                                        "Actual Rows": 308127,
                                                                        "Actual Loops": 1
                                                                    },
                                                                    {
                                                                        "Worker Number": 2,
                                                                        "Actual Startup Time": 0.065,
                                                                        "Actual Total Time": 82.064,
                                                                        "Actual Rows": 299666,
                                                                        "Actual Loops": 1
                                                                    },
                                                                    {
                                                                        "Worker Number": 3,
                                                                        "Actual Startup Time": 0.07,
                                                                        "Actual Total Time": 77.587,
                                                                        "Actual Rows": 409956,
                                                                        "Actual Loops": 1
                                                                    },
                                                                    {
                                                                        "Worker Number": 4,
                                                                        "Actual Startup Time": 0.064,
                                                                        "Actual Total Time": 80.424,
                                                                        "Actual Rows": 319689,
                                                                        "Actual Loops": 1
                                                                    },
                                                                    {
                                                                        "Worker Number": 5,
                                                                        "Actual Startup Time": 0.072,
                                                                        "Actual Total Time": 77.939,
                                                                        "Actual Rows": 376250,
                                                                        "Actual Loops": 1
                                                                    }
                                                                ]
                                                            }
                                                        ]
                                                    }
                                                ]
                                            }
                                        ]
                                    }
                                ]
                            }
                        ]
                    }
                ]
            }
        ]
    },
    "Planning Time": 1.596,
    "Triggers": [],
    "Execution Time": 3175.607
}