{
    "Plan": {
        "Node Type": "Aggregate",
        "Strategy": "Plain",
        "Partial Mode": "Finalize",
        "Parallel Aware": false,
        "Startup Cost": 1071682.72,
        "Total Cost": 1071682.73,
        "Plan Rows": 1,
        "Plan Width": 8,
        "Actual Startup Time": 8106.681,
        "Actual Total Time": 8277.143,
        "Actual Rows": 1,
        "Actual Loops": 1,
        "Output": [
            "count(*)"
        ],
        "Plans": [
            {
                "Node Type": "Gather",
                "Parent Relationship": "Outer",
                "Parallel Aware": false,
                "Startup Cost": 1071682.4,
                "Total Cost": 1071682.71,
                "Plan Rows": 3,
                "Plan Width": 8,
                "Actual Startup Time": 7974.793,
                "Actual Total Time": 8277.127,
                "Actual Rows": 4,
                "Actual Loops": 1,
                "Output": [
                    "(PARTIAL count(*))"
                ],
                "Workers Planned": 3,
                "Workers Launched": 3,
                "Single Copy": false,
                "Plans": [
                    {
                        "Node Type": "Aggregate",
                        "Strategy": "Plain",
                        "Partial Mode": "Partial",
                        "Parent Relationship": "Outer",
                        "Parallel Aware": false,
                        "Startup Cost": 1070682.4,
                        "Total Cost": 1070682.41,
                        "Plan Rows": 1,
                        "Plan Width": 8,
                        "Actual Startup Time": 7912.226,
                        "Actual Total Time": 7912.235,
                        "Actual Rows": 1,
                        "Actual Loops": 4,
                        "Output": [
                            "PARTIAL count(*)"
                        ],
                        "Workers": [
                            {
                                "Worker Number": 0,
                                "Actual Startup Time": 7883.684,
                                "Actual Total Time": 7883.689,
                                "Actual Rows": 1,
                                "Actual Loops": 1
                            },
                            {
                                "Worker Number": 1,
                                "Actual Startup Time": 7883.92,
                                "Actual Total Time": 7883.926,
                                "Actual Rows": 1,
                                "Actual Loops": 1
                            },
                            {
                                "Worker Number": 2,
                                "Actual Startup Time": 7907.552,
                                "Actual Total Time": 7907.561,
                                "Actual Rows": 1,
                                "Actual Loops": 1
                            }
                        ],
                        "Plans": [
                            {
                                "Node Type": "Hash Join",
                                "Parent Relationship": "Outer",
                                "Parallel Aware": true,
                                "Join Type": "Inner",
                                "Startup Cost": 1040417.69,
                                "Total Cost": 1068172.08,
                                "Plan Rows": 1004130,
                                "Plan Width": 0,
                                "Actual Startup Time": 6906.063,
                                "Actual Total Time": 7783.482,
                                "Actual Rows": 2418452,
                                "Actual Loops": 4,
                                "Inner Unique": false,
                                "Hash Cond": "(t.id = ci.movie_id)",
                                "Workers": [
                                    {
                                        "Worker Number": 0,
                                        "Actual Startup Time": 6883.677,
                                        "Actual Total Time": 7737.869,
                                        "Actual Rows": 2391395,
                                        "Actual Loops": 1
                                    },
                                    {
                                        "Worker Number": 1,
                                        "Actual Startup Time": 6883.514,
                                        "Actual Total Time": 7762.808,
                                        "Actual Rows": 1971325,
                                        "Actual Loops": 1
                                    },
                                    {
                                        "Worker Number": 2,
                                        "Actual Startup Time": 6883.267,
                                        "Actual Total Time": 7785.281,
                                        "Actual Rows": 2001486,
                                        "Actual Loops": 1
                                    }
                                ],
                                "Plans": [
                                    {
                                        "Node Type": "Hash Join",
                                        "Parent Relationship": "Outer",
                                        "Parallel Aware": true,
                                        "Join Type": "Inner",
                                        "Startup Cost": 83091.42,
                                        "Total Cost": 108371.61,
                                        "Plan Rows": 80064,
                                        "Plan Width": 8,
                                        "Actual Startup Time": 279.734,
                                        "Actual Total Time": 451.124,
                                        "Actual Rows": 134103,
                                        "Actual Loops": 4,
                                        "Output": [
                                            "t.id",
                                            "mc.movie_id"
                                        ],
                                        "Inner Unique": true,
                                        "Hash Cond": "(mc.movie_id = t.id)",
                                        "Workers": [
                                            {
                                                "Worker Number": 0,
                                                "Actual Startup Time": 279.831,
                                                "Actual Total Time": 450.8,
                                                "Actual Rows": 131525,
                                                "Actual Loops": 1
                                            },
                                            {
                                                "Worker Number": 1,
                                                "Actual Startup Time": 279.81,
                                                "Actual Total Time": 445.349,
                                                "Actual Rows": 109339,
                                                "Actual Loops": 1
                                            },
                                            {
                                                "Worker Number": 2,
                                                "Actual Startup Time": 279.563,
                                                "Actual Total Time": 447.438,
                                                "Actual Rows": 110903,
                                                "Actual Loops": 1
                                            }
                                        ],
                                        "Plans": [
                                            {
                                                "Node Type": "Bitmap Heap Scan",
                                                "Parent Relationship": "Outer",
                                                "Parallel Aware": true,
                                                "Relation Name": "movie_companies",
                                                "Schema": "public",
                                                "Alias": "mc",
                                                "Startup Cost": 24025.64,
                                                "Total Cost": 48179.44,
                                                "Plan Rows": 429104,
                                                "Plan Width": 4,
                                                "Actual Startup Time": 65.69,
                                                "Actual Total Time": 118.131,
                                                "Actual Rows": 333721,
                                                "Actual Loops": 4,
                                                "Output": [
                                                    "mc.id",
                                                    "mc.movie_id",
                                                    "mc.company_id",
                                                    "mc.company_type_id",
                                                    "mc.note"
                                                ],
                                                "Recheck Cond": "(mc.company_type_id > 1)",
                                                "Rows Removed by Index Recheck": 0,
                                                "Exact Heap Blocks": 2685,
                                                "Lossy Heap Blocks": 0,
                                                "Workers": [
                                                    {
                                                        "Worker Number": 0,
                                                        "Actual Startup Time": 65.757,
                                                        "Actual Total Time": 120.453,
                                                        "Actual Rows": 318713,
                                                        "Actual Loops": 1
                                                    },
                                                    {
                                                        "Worker Number": 1,
                                                        "Actual Startup Time": 65.766,
                                                        "Actual Total Time": 115.853,
                                                        "Actual Rows": 268953,
                                                        "Actual Loops": 1
                                                    },
                                                    {
                                                        "Worker Number": 2,
                                                        "Actual Startup Time": 65.523,
                                                        "Actual Total Time": 116.324,
                                                        "Actual Rows": 276141,
                                                        "Actual Loops": 1
                                                    }
                                                ],
                                                "Plans": [
                                                    {
                                                        "Node Type": "Bitmap Index Scan",
                                                        "Parent Relationship": "Outer",
                                                        "Parallel Aware": false,
                                                        "Index Name": "company_type_id_movie_companies",
                                                        "Startup Cost": 0.0,
                                                        "Total Cost": 23693.09,
                                                        "Plan Rows": 1330221,
                                                        "Plan Width": 0,
                                                        "Actual Startup Time": 63.791,
                                                        "Actual Total Time": 63.793,
                                                        "Actual Rows": 1334883,
                                                        "Actual Loops": 1,
                                                        "Index Cond": "(mc.company_type_id > 1)",
                                                        "Workers": [
                                                            {
                                                                "Worker Number": 2,
                                                                "Actual Startup Time": 63.791,
                                                                "Actual Total Time": 63.793,
                                                                "Actual Rows": 1334883,
                                                                "Actual Loops": 1
                                                            }
                                                        ]
                                                    }
                                                ]
                                            },
                                            {
                                                "Node Type": "Hash",
                                                "Parent Relationship": "Inner",
                                                "Parallel Aware": true,
                                                "Startup Cost": 57591.57,
                                                "Total Cost": 57591.57,
                                                "Plan Rows": 117936,
                                                "Plan Width": 4,
                                                "Actual Startup Time": 213.489,
                                                "Actual Total Time": 213.491,
                                                "Actual Rows": 139373,
                                                "Actual Loops": 4,
                                                "Output": [
                                                    "t.id"
                                                ],
                                                "Hash Buckets": 1048576,
                                                "Original Hash Buckets": 524288,
                                                "Hash Batches": 1,
                                                "Original Hash Batches": 1,
                                                "Peak Memory Usage": 34176,
                                                "Workers": [
                                                    {
                                                        "Worker Number": 0,
                                                        "Actual Startup Time": 213.918,
                                                        "Actual Total Time": 213.919,
                                                        "Actual Rows": 127702,
                                                        "Actual Loops": 1
                                                    },
                                                    {
                                                        "Worker Number": 1,
                                                        "Actual Startup Time": 213.942,
                                                        "Actual Total Time": 213.944,
                                                        "Actual Rows": 120745,
                                                        "Actual Loops": 1
                                                    },
                                                    {
                                                        "Worker Number": 2,
                                                        "Actual Startup Time": 213.911,
                                                        "Actual Total Time": 213.913,
                                                        "Actual Rows": 121584,
                                                        "Actual Loops": 1
                                                    }
                                                ],
                                                "Plans": [
                                                    {
                                                        "Node Type": "Bitmap Heap Scan",
                                                        "Parent Relationship": "Outer",
                                                        "Parallel Aware": true,
                                                        "Relation Name": "title",
                                                        "Schema": "public",
                                                        "Alias": "t",
                                                        "Startup Cost": 17860.5,
                                                        "Total Cost": 57591.57,
                                                        "Plan Rows": 117936,
                                                        "Plan Width": 4,
                                                        "Actual Startup Time": 40.695,
                                                        "Actual Total Time": 154.003,
                                                        "Actual Rows": 139373,
                                                        "Actual Loops": 4,
                                                        "Output": [
                                                            "t.id"
                                                        ],
                                                        "Recheck Cond": "(t.kind_id < 7)",
                                                        "Rows Removed by Index Recheck": 0,
                                                        "Filter": "(t.production_year < 2003)",
                                                        "Rows Removed by Filter": 106889,
                                                        "Exact Heap Blocks": 13332,
                                                        "Lossy Heap Blocks": 0,
                                                        "Workers": [
                                                            {
                                                                "Worker Number": 0,
                                                                "Actual Startup Time": 40.712,
                                                                "Actual Total Time": 154.112,
                                                                "Actual Rows": 127702,
                                                                "Actual Loops": 1
                                                            },
                                                            {
                                                                "Worker Number": 1,
                                                                "Actual Startup Time": 40.774,
                                                                "Actual Total Time": 154.211,
                                                                "Actual Rows": 120745,
                                                                "Actual Loops": 1
                                                            },
                                                            {
                                                                "Worker Number": 2,
                                                                "Actual Startup Time": 40.68,
                                                                "Actual Total Time": 153.946,
                                                                "Actual Rows": 121584,
                                                                "Actual Loops": 1
                                                            }
                                                        ],
                                                        "Plans": [
                                                            {
                                                                "Node Type": "Bitmap Index Scan",
                                                                "Parent Relationship": "Outer",
                                                                "Parallel Aware": false,
                                                                "Index Name": "kind_id_title",
                                                                "Startup Cost": 0.0,
                                                                "Total Cost": 17742.57,
                                                                "Plan Rows": 995485,
                                                                "Plan Width": 0,
                                                                "Actual Startup Time": 35.007,
                                                                "Actual Total Time": 35.008,
                                                                "Actual Rows": 985048,
                                                                "Actual Loops": 1,
                                                                "Index Cond": "(t.kind_id < 7)"
                                                            }
                                                        ]
                                                    }
                                                ]
                                            }
                                        ]
                                    },
                                    {
                                        "Node Type": "Hash",
                                        "Parent Relationship": "Inner",
                                        "Parallel Aware": true,
                                        "Startup Cost": 891265.67,
                                        "Total Cost": 891265.67,
                                        "Plan Rows": 5284849,
                                        "Plan Width": 4,
                                        "Actual Startup Time": 6562.099,
                                        "Actual Total Time": 6562.1,
                                        "Actual Rows": 7901302,
                                        "Actual Loops": 4,
                                        "Output": [
                                            "ci.movie_id"
                                        ],
                                        "Hash Buckets": 33554432,
                                        "Original Hash Buckets": 33554432,
                                        "Hash Batches": 1,
                                        "Original Hash Batches": 1,
                                        "Peak Memory Usage": 1498592,
                                        "Workers": [
                                            {
                                                "Worker Number": 0,
                                                "Actual Startup Time": 6603.455,
                                                "Actual Total Time": 6603.455,
                                                "Actual Rows": 7494518,
                                                "Actual Loops": 1
                                            },
                                            {
                                                "Worker Number": 1,
                                                "Actual Startup Time": 6603.275,
                                                "Actual Total Time": 6603.276,
                                                "Actual Rows": 6832600,
                                                "Actual Loops": 1
                                            },
                                            {
                                                "Worker Number": 2,
                                                "Actual Startup Time": 6603.244,
                                                "Actual Total Time": 6603.246,
                                                "Actual Rows": 6829997,
                                                "Actual Loops": 1
                                            }
                                        ],
                                        "Plans": [
                                            {
                                                "Node Type": "Bitmap Heap Scan",
                                                "Parent Relationship": "Outer",
                                                "Parallel Aware": true,
                                                "Relation Name": "cast_info",
                                                "Schema": "public",
                                                "Alias": "ci",
                                                "Startup Cost": 572518.05,
                                                "Total Cost": 891265.67,
                                                "Plan Rows": 5284849,
                                                "Plan Width": 4,
                                                "Actual Startup Time": 1513.696,
                                                "Actual Total Time": 3098.494,
                                                "Actual Rows": 7901302,
                                                "Actual Loops": 4,
                                                "Output": [
                                                    "ci.movie_id"
                                                ],
                                                "Recheck Cond": "(ci.role_id < 10)",
                                                "Rows Removed by Index Recheck": 0,
                                                "Exact Heap Blocks": 70441,
                                                "Lossy Heap Blocks": 0,
                                                "Workers": [
                                                    {
                                                        "Worker Number": 0,
                                                        "Actual Startup Time": 1513.716,
                                                        "Actual Total Time": 3161.125,
                                                        "Actual Rows": 7494518,
                                                        "Actual Loops": 1
                                                    },
                                                    {
                                                        "Worker Number": 1,
                                                        "Actual Startup Time": 1513.762,
                                                        "Actual Total Time": 3099.376,
                                                        "Actual Rows": 6832600,
                                                        "Actual Loops": 1
                                                    },
                                                    {
                                                        "Worker Number": 2,
                                                        "Actual Startup Time": 1513.815,
                                                        "Actual Total Time": 3100.89,
                                                        "Actual Rows": 6829997,
                                                        "Actual Loops": 1
                                                    }
                                                ],
                                                "Plans": [
                                                    {
                                                        "Node Type": "Bitmap Index Scan",
                                                        "Parent Relationship": "Outer",
                                                        "Parallel Aware": false,
                                                        "Index Name": "role_id_cast_info",
                                                        "Startup Cost": 0.0,
                                                        "Total Cost": 564590.78,
                                                        "Plan Rows": 31709095,
                                                        "Plan Width": 0,
                                                        "Actual Startup Time": 1450.171,
                                                        "Actual Total Time": 1450.172,
                                                        "Actual Rows": 31605208,
                                                        "Actual Loops": 1,
                                                        "Index Cond": "(ci.role_id < 10)"
                                                    }
                                                ]
                                            }
                                        ]
                                    }
                                ]
                            }
                        ]
                    }
                ]
            }
        ]
    },
    "Planning Time": 4.066,
    "Triggers": [],
    "Execution Time": 8277.821
}