[
  {
    "Plan": {
      "Node Type": "Aggregate",
      "Strategy": "Plain",
      "Partial Mode": "Finalize",
      "Parallel Aware": false,
      "Startup Cost": 33083.93,
      "Total Cost": 33083.94,
      "Plan Rows": 1,
      "Plan Width": 8,
      "Actual Startup Time": 106.694,
      "Actual Total Time": 115.049,
      "Actual Rows": 1,
      "Actual Loops": 1,
      "Plans": [
        {
          "Node Type": "Gather",
          "Parent Relationship": "Outer",
          "Parallel Aware": false,
          "Startup Cost": 33083.61,
          "Total Cost": 33083.92,
          "Plan Rows": 3,
          "Plan Width": 8,
          "Actual Startup Time": 106.542,
          "Actual Total Time": 115.041,
          "Actual Rows": 4,
          "Actual Loops": 1,
          "Workers Planned": 3,
          "Workers Launched": 3,
          "Single Copy": false,
          "Plans": [
            {
              "Node Type": "Aggregate",
              "Strategy": "Plain",
              "Partial Mode": "Partial",
              "Parent Relationship": "Outer",
              "Parallel Aware": false,
              "Startup Cost": 32083.61,
              "Total Cost": 32083.62,
              "Plan Rows": 1,
              "Plan Width": 8,
              "Actual Startup Time": 100.826,
              "Actual Total Time": 100.827,
              "Actual Rows": 1,
              "Actual Loops": 4,
              "Plans": [
                {
                  "Node Type": "Seq Scan",
                  "Parent Relationship": "Outer",
                  "Parallel Aware": true,
                  "Relation Name": "movie_companies",
                  "Alias": "mc",
                  "Startup Cost": 0.0,
                  "Total Cost": 31414.82,
                  "Plan Rows": 267516,
                  "Plan Width": 0,
                  "Actual Startup Time": 46.567,
                  "Actual Total Time": 87.664,
                  "Actual Rows": 259575,
                  "Actual Loops": 4,
                  "Filter": "((company_id > 4595) AND (company_type_id > 1))",
                  "Rows Removed by Filter": 392707
                }
              ]
            }
          ]
        }
      ]
    },
    "Planning Time": 0.109,
    "Triggers": [],
    "Execution Time": 115.09
  }
]