[
  {
    "Plan": {
      "Node Type": "Aggregate",
      "Strategy": "Plain",
      "Partial Mode": "Finalize",
      "Parallel Aware": false,
      "Startup Cost": 19684.52,
      "Total Cost": 19684.53,
      "Plan Rows": 1,
      "Plan Width": 8,
      "Actual Startup Time": 42.894,
      "Actual Total Time": 47.551,
      "Actual Rows": 1,
      "Actual Loops": 1,
      "Plans": [
        {
          "Node Type": "Gather",
          "Parent Relationship": "Outer",
          "Parallel Aware": false,
          "Startup Cost": 19684.41,
          "Total Cost": 19684.52,
          "Plan Rows": 1,
          "Plan Width": 8,
          "Actual Startup Time": 42.65,
          "Actual Total Time": 47.541,
          "Actual Rows": 2,
          "Actual Loops": 1,
          "Workers Planned": 1,
          "Workers Launched": 1,
          "Single Copy": false,
          "Plans": [
            {
              "Node Type": "Aggregate",
              "Strategy": "Plain",
              "Partial Mode": "Partial",
              "Parent Relationship": "Outer",
              "Parallel Aware": false,
              "Startup Cost": 18684.41,
              "Total Cost": 18684.42,
              "Plan Rows": 1,
              "Plan Width": 8,
              "Actual Startup Time": 36.496,
              "Actual Total Time": 36.497,
              "Actual Rows": 1,
              "Actual Loops": 2,
              "Plans": [
                {
                  "Node Type": "Nested Loop",
                  "Parent Relationship": "Outer",
                  "Parallel Aware": false,
                  "Join Type": "Inner",
                  "Startup Cost": 55.49,
                  "Total Cost": 18683.75,
                  "Plan Rows": 266,
                  "Plan Width": 0,
                  "Actual Startup Time": 1.743,
                  "Actual Total Time": 36.263,
                  "Actual Rows": 1876,
                  "Actual Loops": 2,
                  "Inner Unique": false,
                  "Plans": [
                    {
                      "Node Type": "Nested Loop",
                      "Parent Relationship": "Outer",
                      "Parallel Aware": false,
                      "Join Type": "Inner",
                      "Startup Cost": 55.06,
                      "Total Cost": 17498.26,
                      "Plan Rows": 542,
                      "Plan Width": 8,
                      "Actual Startup Time": 1.55,
                      "Actual Total Time": 13.326,
                      "Actual Rows": 553,
                      "Actual Loops": 2,
                      "Inner Unique": true,
                      "Plans": [
                        {
                          "Node Type": "Bitmap Heap Scan",
                          "Parent Relationship": "Outer",
                          "Parallel Aware": true,
                          "Relation Name": "movie_companies",
                          "Alias": "mc",
                          "Startup Cost": 54.63,
                          "Total Cost": 6638.12,
                          "Plan Rows": 1381,
                          "Plan Width": 4,
                          "Actual Startup Time": 1.399,
                          "Actual Total Time": 3.844,
                          "Actual Rows": 1053,
                          "Actual Loops": 2,
                          "Recheck Cond": "(company_id = 554)",
                          "Rows Removed by Index Recheck": 0,
                          "Exact Heap Blocks": 891,
                          "Lossy Heap Blocks": 0,
                          "Plans": [
                            {
                              "Node Type": "Bitmap Index Scan",
                              "Parent Relationship": "Outer",
                              "Parallel Aware": false,
                              "Index Name": "company_id_movie_companies",
                              "Startup Cost": 0.0,
                              "Total Cost": 54.04,
                              "Plan Rows": 2348,
                              "Plan Width": 0,
                              "Actual Startup Time": 2.177,
                              "Actual Total Time": 2.177,
                              "Actual Rows": 2106,
                              "Actual Loops": 1,
                              "Index Cond": "(company_id = 554)"
                            }
                          ]
                        },
                        {
                          "Node Type": "Index Scan",
                          "Parent Relationship": "Inner",
                          "Parallel Aware": false,
                          "Scan Direction": "Forward",
                          "Index Name": "title_pkey",
                          "Relation Name": "title",
                          "Alias": "t",
                          "Startup Cost": 0.43,
                          "Total Cost": 7.86,
                          "Plan Rows": 1,
                          "Plan Width": 4,
                          "Actual Startup Time": 0.008,
                          "Actual Total Time": 0.008,
                          "Actual Rows": 1,
                          "Actual Loops": 2106,
                          "Index Cond": "(id = mc.movie_id)",
                          "Rows Removed by Index Recheck": 0,
                          "Filter": "(kind_id < 7)",
                          "Rows Removed by Filter": 0
                        }
                      ]
                    },
                    {
                      "Node Type": "Index Scan",
                      "Parent Relationship": "Inner",
                      "Parallel Aware": false,
                      "Scan Direction": "Forward",
                      "Index Name": "movie_id_movie_info",
                      "Relation Name": "movie_info",
                      "Alias": "mi",
                      "Startup Cost": 0.43,
                      "Total Cost": 2.15,
                      "Plan Rows": 4,
                      "Plan Width": 4,
                      "Actual Startup Time": 0.031,
                      "Actual Total Time": 0.041,
                      "Actual Rows": 3,
                      "Actual Loops": 1106,
                      "Index Cond": "(movie_id = t.id)",
                      "Rows Removed by Index Recheck": 0,
                      "Filter": "(info_type_id > 18)",
                      "Rows Removed by Filter": 19
                    }
                  ]
                }
              ]
            }
          ]
        }
      ]
    },
    "Planning Time": 1.453,
    "Triggers": [],
    "Execution Time": 47.651
  }
]