{
  "Plan": {
    "Node Type": "Aggregate",
    "Strategy": "Plain",
    "Partial Mode": "Finalize",
    "Parallel Aware": false,
    "Startup Cost": 312807.58,
    "Total Cost": 312807.59,
    "Plan Rows": 1,
    "Plan Width": 8,
    "Actual Startup Time": 935.524,
    "Actual Total Time": 967.13,
    "Actual Rows": 1,
    "Actual Loops": 1,
    "Plans": [
      {
        "Node Type": "Gather",
        "Parent Relationship": "Outer",
        "Parallel Aware": false,
        "Startup Cost": 312807.47,
        "Total Cost": 312807.58,
        "Plan Rows": 1,
        "Plan Width": 8,
        "Actual Startup Time": 933.233,
        "Actual Total Time": 967.12,
        "Actual Rows": 2,
        "Actual Loops": 1,
        "Workers Planned": 1,
        "Workers Launched": 1,
        "Single Copy": false,
        "Plans": [
          {
            "Node Type": "Aggregate",
            "Strategy": "Plain",
            "Partial Mode": "Partial",
            "Parent Relationship": "Outer",
            "Parallel Aware": false,
            "Startup Cost": 311807.47,
            "Total Cost": 311807.48,
            "Plan Rows": 1,
            "Plan Width": 8,
            "Actual Startup Time": 926.557,
            "Actual Total Time": 926.874,
            "Actual Rows": 1,
            "Actual Loops": 2,
            "Plans": [
              {
                "Node Type": "Hash Join",
                "Parent Relationship": "Outer",
                "Parallel Aware": true,
                "Join Type": "Inner",
                "Startup Cost": 126822.56,
                "Total Cost": 311553.17,
                "Plan Rows": 101719,
                "Plan Width": 0,
                "Actual Startup Time": 599.485,
                "Actual Total Time": 923.227,
                "Actual Rows": 57924,
                "Actual Loops": 2,
                "Inner Unique": false,
                "Hash Cond": "(mi.movie_id = t.id)",
                "Plans": [
                  {
                    "Node Type": "Bitmap Heap Scan",
                    "Parent Relationship": "Outer",
                    "Parallel Aware": true,
                    "Relation Name": "movie_info",
                    "Alias": "mi",
                    "Startup Cost": 41958.26,
                    "Total Cost": 220981.46,
                    "Plan Rows": 1362416,
                    "Plan Width": 4,
                    "Actual Startup Time": 133.211,
                    "Actual Total Time": 317.382,
                    "Actual Rows": 1116925,
                    "Actual Loops": 2,
                    "Recheck Cond": "(info_type_id > 16)",
                    "Rows Removed by Index Recheck": 0,
                    "Exact Heap Blocks": 34206,
                    "Lossy Heap Blocks": 0,
                    "Plans": [
                      {
                        "Node Type": "Bitmap Index Scan",
                        "Parent Relationship": "Outer",
                        "Parallel Aware": false,
                        "Index Name": "info_type_id_movie_info",
                        "Startup Cost": 0.0,
                        "Total Cost": 41379.24,
                        "Plan Rows": 2316107,
                        "Plan Width": 0,
                        "Actual Startup Time": 120.16,
                        "Actual Total Time": 120.161,
                        "Actual Rows": 2233850,
                        "Actual Loops": 1,
                        "Index Cond": "(info_type_id > 16)"
                      }
                    ]
                  },
                  {
                    "Node Type": "Hash",
                    "Parent Relationship": "Inner",
                    "Parallel Aware": true,
                    "Startup Cost": 83476.32,
                    "Total Cost": 83476.32,
                    "Plan Rows": 111038,
                    "Plan Width": 8,
                    "Actual Startup Time": 462.536,
                    "Actual Total Time": 462.851,
                    "Actual Rows": 49675,
                    "Actual Loops": 2,
                    "Hash Buckets": 262144,
                    "Original Hash Buckets": 262144,
                    "Hash Batches": 1,
                    "Original Hash Batches": 1,
                    "Peak Memory Usage": 5952,
                    "Plans": [
                      {
                        "Node Type": "Hash Join",
                        "Parent Relationship": "Outer",
                        "Parallel Aware": true,
                        "Join Type": "Inner",
                        "Startup Cost": 21470.17,
                        "Total Cost": 83476.32,
                        "Plan Rows": 111038,
                        "Plan Width": 8,
                        "Actual Startup Time": 139.611,
                        "Actual Total Time": 445.069,
                        "Actual Rows": 49675,
                        "Actual Loops": 2,
                        "Inner Unique": false,
                        "Hash Cond": "(t.id = mi_idx.movie_id)",
                        "Plans": [
                          {
                            "Node Type": "Seq Scan",
                            "Parent Relationship": "Outer",
                            "Parallel Aware": true,
                            "Relation Name": "title",
                            "Alias": "t",
                            "Startup Cost": 0.0,
                            "Total Cost": 58306.47,
                            "Plan Rows": 609306,
                            "Plan Width": 4,
                            "Actual Startup Time": 0.011,
                            "Actual Total Time": 172.094,
                            "Actual Rows": 567114,
                            "Actual Loops": 2,
                            "Filter": "((production_year > 1992) AND (kind_id = 7))",
                            "Rows Removed by Filter": 697042
                          },
                          {
                            "Node Type": "Hash",
                            "Parent Relationship": "Inner",
                            "Parallel Aware": true,
                            "Startup Cost": 18082.32,
                            "Total Cost": 18082.32,
                            "Plan Rows": 271028,
                            "Plan Width": 4,
                            "Actual Startup Time": 135.331,
                            "Actual Total Time": 135.332,
                            "Actual Rows": 229962,
                            "Actual Loops": 2,
                            "Hash Buckets": 524288,
                            "Original Hash Buckets": 524288,
                            "Hash Batches": 1,
                            "Original Hash Batches": 1,
                            "Peak Memory Usage": 22112,
                            "Plans": [
                              {
                                "Node Type": "Seq Scan",
                                "Parent Relationship": "Outer",
                                "Parallel Aware": true,
                                "Relation Name": "movie_info_idx",
                                "Alias": "mi_idx",
                                "Startup Cost": 0.0,
                                "Total Cost": 18082.32,
                                "Plan Rows": 271028,
                                "Plan Width": 4,
                                "Actual Startup Time": 0.043,
                                "Actual Total Time": 79.183,
                                "Actual Rows": 229962,
                                "Actual Loops": 2,
                                "Filter": "(info_type_id = 101)",
                                "Rows Removed by Filter": 460055
                              }
                            ]
                          }
                        ]
                      }
                    ]
                  }
                ]
              }
            ]
          }
        ]
      }
    ]
  },
  "Planning Time": 0.979,
  "Triggers": [],
  "Execution Time": 967.239
}