{
  "Plan": {
    "Node Type": "Aggregate",
    "Strategy": "Plain",
    "Partial Mode": "Finalize",
    "Parallel Aware": false,
    "Startup Cost": 200371.77,
    "Total Cost": 200371.78,
    "Plan Rows": 1,
    "Plan Width": 8,
    "Actual Startup Time": 648.065,
    "Actual Total Time": 666.117,
    "Actual Rows": 1,
    "Actual Loops": 1,
    "Plans": [
      {
        "Node Type": "Gather",
        "Parent Relationship": "Outer",
        "Parallel Aware": false,
        "Startup Cost": 200371.66,
        "Total Cost": 200371.77,
        "Plan Rows": 1,
        "Plan Width": 8,
        "Actual Startup Time": 647.926,
        "Actual Total Time": 666.108,
        "Actual Rows": 2,
        "Actual Loops": 1,
        "Workers Planned": 1,
        "Workers Launched": 1,
        "Single Copy": false,
        "Plans": [
          {
            "Node Type": "Aggregate",
            "Strategy": "Plain",
            "Partial Mode": "Partial",
            "Parent Relationship": "Outer",
            "Parallel Aware": false,
            "Startup Cost": 199371.66,
            "Total Cost": 199371.67,
            "Plan Rows": 1,
            "Plan Width": 8,
            "Actual Startup Time": 642.089,
            "Actual Total Time": 642.092,
            "Actual Rows": 1,
            "Actual Loops": 2,
            "Plans": [
              {
                "Node Type": "Hash Join",
                "Parent Relationship": "Outer",
                "Parallel Aware": true,
                "Join Type": "Inner",
                "Startup Cost": 54693.05,
                "Total Cost": 199351.6,
                "Plan Rows": 8026,
                "Plan Width": 0,
                "Actual Startup Time": 137.13,
                "Actual Total Time": 641.856,
                "Actual Rows": 2916,
                "Actual Loops": 2,
                "Inner Unique": true,
                "Hash Cond": "(ci.movie_id = t.id)",
                "Plans": [
                  {
                    "Node Type": "Index Scan",
                    "Parent Relationship": "Outer",
                    "Parallel Aware": true,
                    "Scan Direction": "Forward",
                    "Index Name": "role_id_cast_info",
                    "Relation Name": "cast_info",
                    "Alias": "ci",
                    "Startup Cost": 0.56,
                    "Total Cost": 140896.75,
                    "Plan Rows": 1433273,
                    "Plan Width": 4,
                    "Actual Startup Time": 0.074,
                    "Actual Total Time": 336.413,
                    "Actual Rows": 1848126,
                    "Actual Loops": 2,
                    "Index Cond": "(role_id = 10)",
                    "Rows Removed by Index Recheck": 0,
                    "Filter": "(person_id > 1591843)",
                    "Rows Removed by Filter": 313383
                  },
                  {
                    "Node Type": "Hash",
                    "Parent Relationship": "Inner",
                    "Parallel Aware": true,
                    "Startup Cost": 54588.39,
                    "Total Cost": 54588.39,
                    "Plan Rows": 8328,
                    "Plan Width": 4,
                    "Actual Startup Time": 135.9,
                    "Actual Total Time": 135.901,
                    "Actual Rows": 7174,
                    "Actual Loops": 2,
                    "Hash Buckets": 16384,
                    "Original Hash Buckets": 16384,
                    "Hash Batches": 1,
                    "Original Hash Batches": 1,
                    "Peak Memory Usage": 704,
                    "Plans": [
                      {
                        "Node Type": "Seq Scan",
                        "Parent Relationship": "Outer",
                        "Parallel Aware": true,
                        "Relation Name": "title",
                        "Alias": "t",
                        "Startup Cost": 0.0,
                        "Total Cost": 54588.39,
                        "Plan Rows": 8328,
                        "Plan Width": 4,
                        "Actual Startup Time": 0.112,
                        "Actual Total Time": 133.387,
                        "Actual Rows": 7174,
                        "Actual Loops": 2,
                        "Filter": "(production_year = 1969)",
                        "Rows Removed by Filter": 1256982
                      }
                    ]
                  }
                ]
              }
            ]
          }
        ]
      }
    ]
  },
  "Planning Time": 0.521,
  "Triggers": [],
  "Execution Time": 666.203
}