[
  {
    "Plan": {
      "Node Type": "Aggregate",
      "Strategy": "Plain",
      "Partial Mode": "Finalize",
      "Parallel Aware": false,
      "Startup Cost": 31567.68,
      "Total Cost": 31567.69,
      "Plan Rows": 1,
      "Plan Width": 8,
      "Actual Startup Time": 104.449,
      "Actual Total Time": 112.916,
      "Actual Rows": 1,
      "Actual Loops": 1,
      "Plans": [
        {
          "Node Type": "Gather",
          "Parent Relationship": "Outer",
          "Parallel Aware": false,
          "Startup Cost": 31567.37,
          "Total Cost": 31567.68,
          "Plan Rows": 3,
          "Plan Width": 8,
          "Actual Startup Time": 104.213,
          "Actual Total Time": 112.905,
          "Actual Rows": 4,
          "Actual Loops": 1,
          "Workers Planned": 3,
          "Workers Launched": 3,
          "Single Copy": false,
          "Plans": [
            {
              "Node Type": "Aggregate",
              "Strategy": "Plain",
              "Partial Mode": "Partial",
              "Parent Relationship": "Outer",
              "Parallel Aware": false,
              "Startup Cost": 30567.37,
              "Total Cost": 30567.38,
              "Plan Rows": 1,
              "Plan Width": 8,
              "Actual Startup Time": 95.072,
              "Actual Total Time": 95.074,
              "Actual Rows": 1,
              "Actual Loops": 4,
              "Plans": [
                {
                  "Node Type": "Bitmap Heap Scan",
                  "Parent Relationship": "Outer",
                  "Parallel Aware": true,
                  "Relation Name": "movie_keyword",
                  "Alias": "mk",
                  "Startup Cost": 4978.35,
                  "Total Cost": 30378.2,
                  "Plan Rows": 75668,
                  "Plan Width": 0,
                  "Actual Startup Time": 31.071,
                  "Actual Total Time": 90.679,
                  "Actual Rows": 56076,
                  "Actual Loops": 4,
                  "Recheck Cond": "(keyword_id > 64140)",
                  "Rows Removed by Index Recheck": 0,
                  "Exact Heap Blocks": 8874,
                  "Lossy Heap Blocks": 0,
                  "Plans": [
                    {
                      "Node Type": "Bitmap Index Scan",
                      "Parent Relationship": "Outer",
                      "Parallel Aware": false,
                      "Index Name": "keyword_id_movie_keyword",
                      "Startup Cost": 0.0,
                      "Total Cost": 4919.71,
                      "Plan Rows": 234570,
                      "Plan Width": 0,
                      "Actual Startup Time": 33.088,
                      "Actual Total Time": 33.089,
                      "Actual Rows": 224302,
                      "Actual Loops": 1,
                      "Index Cond": "(keyword_id > 64140)"
                    }
                  ]
                }
              ]
            }
          ]
        }
      ]
    },
    "Planning Time": 0.158,
    "Triggers": [],
    "Execution Time": 112.987
  }
]