{
  "Plan": {
    "Node Type": "Aggregate",
    "Strategy": "Plain",
    "Partial Mode": "Simple",
    "Parallel Aware": false,
    "Startup Cost": 931843.5,
    "Total Cost": 931843.51,
    "Plan Rows": 1,
    "Plan Width": 64,
    "Actual Startup Time": 7321.438,
    "Actual Total Time": 7741.331,
    "Actual Rows": 1,
    "Actual Loops": 1,
    "Plans": [
      {
        "Node Type": "Nested Loop",
        "Parent Relationship": "Outer",
        "Parallel Aware": false,
        "Join Type": "Inner",
        "Startup Cost": 880980.18,
        "Total Cost": 931843.49,
        "Plan Rows": 1,
        "Plan Width": 32,
        "Actual Startup Time": 6661.614,
        "Actual Total Time": 7741.296,
        "Actual Rows": 32,
        "Actual Loops": 1,
        "Inner Unique": false,
        "Join Filter": "(pi.info_type_id = it.id)",
        "Rows Removed by Join Filter": 0,
        "Plans": [
          {
            "Node Type": "Seq Scan",
            "Parent Relationship": "Outer",
            "Parallel Aware": false,
            "Relation Name": "info_type",
            "Alias": "it",
            "Startup Cost": 0.0,
            "Total Cost": 2.41,
            "Plan Rows": 1,
            "Plan Width": 4,
            "Actual Startup Time": 0.064,
            "Actual Total Time": 0.075,
            "Actual Rows": 1,
            "Actual Loops": 1,
            "Filter": "((info)::text = 'mini biography'::text)",
            "Rows Removed by Filter": 112
          },
          {
            "Node Type": "Nested Loop",
            "Parent Relationship": "Inner",
            "Parallel Aware": false,
            "Join Type": "Inner",
            "Startup Cost": 880980.18,
            "Total Cost": 931841.07,
            "Plan Rows": 1,
            "Plan Width": 36,
            "Actual Startup Time": 6661.545,
            "Actual Total Time": 7741.203,
            "Actual Rows": 32,
            "Actual Loops": 1,
            "Inner Unique": false,
            "Join Filter": "(n.id = pi.person_id)",
            "Rows Removed by Join Filter": 0,
            "Plans": [
              {
                "Node Type": "Nested Loop",
                "Parent Relationship": "Outer",
                "Parallel Aware": false,
                "Join Type": "Inner",
                "Startup Cost": 880979.75,
                "Total Cost": 930339.55,
                "Plan Rows": 1581,
                "Plan Width": 44,
                "Actual Startup Time": 6142.411,
                "Actual Total Time": 7473.752,
                "Actual Rows": 19250,
                "Actual Loops": 1,
                "Inner Unique": false,
                "Join Filter": "(ml.link_type_id = lt.id)",
                "Rows Removed by Join Filter": 64809,
                "Plans": [
                  {
                    "Node Type": "Seq Scan",
                    "Parent Relationship": "Outer",
                    "Parallel Aware": false,
                    "Relation Name": "link_type",
                    "Alias": "lt",
                    "Startup Cost": 0.0,
                    "Total Cost": 1.23,
                    "Plan Rows": 1,
                    "Plan Width": 4,
                    "Actual Startup Time": 0.009,
                    "Actual Total Time": 0.014,
                    "Actual Rows": 1,
                    "Actual Loops": 1,
                    "Filter": "((link)::text = 'features'::text)",
                    "Rows Removed by Filter": 17
                  },
                  {
                    "Node Type": "Gather",
                    "Parent Relationship": "Inner",
                    "Parallel Aware": false,
                    "Startup Cost": 880979.75,
                    "Total Cost": 929982.66,
                    "Plan Rows": 28453,
                    "Plan Width": 48,
                    "Actual Startup Time": 6142.351,
                    "Actual Total Time": 7462.866,
                    "Actual Rows": 84059,
                    "Actual Loops": 1,
                    "Workers Planned": 4,
                    "Workers Launched": 4,
                    "Single Copy": false,
                    "Plans": [
                      {
                        "Node Type": "Nested Loop",
                        "Parent Relationship": "Outer",
                        "Parallel Aware": false,
                        "Join Type": "Inner",
                        "Startup Cost": 879979.75,
                        "Total Cost": 926137.36,
                        "Plan Rows": 7113,
                        "Plan Width": 48,
                        "Actual Startup Time": 5923.637,
                        "Actual Total Time": 6669.209,
                        "Actual Rows": 16812,
                        "Actual Loops": 5,
                        "Inner Unique": true,
                        "Plans": [
                          {
                            "Node Type": "Nested Loop",
                            "Parent Relationship": "Outer",
                            "Parallel Aware": false,
                            "Join Type": "Inner",
                            "Startup Cost": 879979.32,
                            "Total Cost": 901611.77,
                            "Plan Rows": 53612,
                            "Plan Width": 39,
                            "Actual Startup Time": 5922.976,
                            "Actual Total Time": 6456.819,
                            "Actual Rows": 65219,
                            "Actual Loops": 5,
                            "Inner Unique": false,
                            "Join Filter": "(n.id = an.person_id)",
                            "Rows Removed by Join Filter": 0,
                            "Plans": [
                              {
                                "Node Type": "Merge Join",
                                "Parent Relationship": "Outer",
                                "Parallel Aware": false,
                                "Join Type": "Inner",
                                "Startup Cost": 879978.89,
                                "Total Cost": 885695.26,
                                "Plan Rows": 32376,
                                "Plan Width": 35,
                                "Actual Startup Time": 5922.735,
                                "Actual Total Time": 6257.88,
                                "Actual Rows": 57706,
                                "Actual Loops": 5,
                                "Inner Unique": false,
                                "Merge Cond": "(ci.movie_id = ml.linked_movie_id)",
                                "Plans": [
                                  {
                                    "Node Type": "Sort",
                                    "Parent Relationship": "Outer",
                                    "Parallel Aware": false,
                                    "Startup Cost": 877284.7,
                                    "Total Cost": 879901.49,
                                    "Plan Rows": 1046716,
                                    "Plan Width": 27,
                                    "Actual Startup Time": 5906.968,
                                    "Actual Total Time": 6111.789,
                                    "Actual Rows": 1100651,
                                    "Actual Loops": 5,
                                    "Sort Key": [
                                      "ci.movie_id"
                                    ],
                                    "Sort Method": "quicksort",
                                    "Sort Space Used": 104046,
                                    "Sort Space Type": "Memory",
                                    "Workers": [
                                      {
                                        "Worker Number": 0,
                                        "Sort Method": "quicksort",
                                        "Sort Space Used": 101563,
                                        "Sort Space Type": "Memory"
                                      },
                                      {
                                        "Worker Number": 1,
                                        "Sort Method": "quicksort",
                                        "Sort Space Used": 102172,
                                        "Sort Space Type": "Memory"
                                      },
                                      {
                                        "Worker Number": 2,
                                        "Sort Method": "quicksort",
                                        "Sort Space Used": 102169,
                                        "Sort Space Type": "Memory"
                                      },
                                      {
                                        "Worker Number": 3,
                                        "Sort Method": "quicksort",
                                        "Sort Space Used": 167637,
                                        "Sort Space Type": "Memory"
                                      }
                                    ],
                                    "Plans": [
                                      {
                                        "Node Type": "Hash Join",
                                        "Parent Relationship": "Outer",
                                        "Parallel Aware": true,
                                        "Join Type": "Inner",
                                        "Startup Cost": 388653.84,
                                        "Total Cost": 772626.51,
                                        "Plan Rows": 1046716,
                                        "Plan Width": 27,
                                        "Actual Startup Time": 4812.175,
                                        "Actual Total Time": 5383.556,
                                        "Actual Rows": 1100974,
                                        "Actual Loops": 5,
                                        "Inner Unique": false,
                                        "Hash Cond": "(n.id = ci.person_id)",
                                        "Plans": [
                                          {
                                            "Node Type": "Seq Scan",
                                            "Parent Relationship": "Outer",
                                            "Parallel Aware": true,
                                            "Relation Name": "name",
                                            "Alias": "n",
                                            "Startup Cost": 0.0,
                                            "Total Cost": 79054.5,
                                            "Plan Rows": 120307,
                                            "Plan Width": 19,
                                            "Actual Startup Time": 0.03,
                                            "Actual Total Time": 261.906,
                                            "Actual Rows": 108658,
                                            "Actual Loops": 5,
                                            "Filter": "(((name_pcode_cf)::text >= 'A'::text) AND ((name_pcode_cf)::text <= 'F'::text) AND (((gender)::text = 'm'::text) OR (((gender)::text = 'f'::text) AND (name ~~ 'B%'::text))))",
                                            "Rows Removed by Filter": 724840
                                          },
                                          {
                                            "Node Type": "Hash",
                                            "Parent Relationship": "Inner",
                                            "Parallel Aware": true,
                                            "Startup Cost": 313116.71,
                                            "Total Cost": 313116.71,
                                            "Plan Rows": 6042971,
                                            "Plan Width": 8,
                                            "Actual Startup Time": 4668.567,
                                            "Actual Total Time": 4668.569,
                                            "Actual Rows": 7248869,
                                            "Actual Loops": 5,
                                            "Hash Buckets": 67108864,
                                            "Original Hash Buckets": 67108864,
                                            "Hash Batches": 1,
                                            "Original Hash Batches": 1,
                                            "Peak Memory Usage": 1942272,
                                            "Plans": [
                                              {
                                                "Node Type": "Seq Scan",
                                                "Parent Relationship": "Outer",
                                                "Parallel Aware": true,
                                                "Relation Name": "cast_info",
                                                "Alias": "ci",
                                                "Startup Cost": 0.0,
                                                "Total Cost": 313116.71,
                                                "Plan Rows": 6042971,
                                                "Plan Width": 8,
                                                "Actual Startup Time": 0.151,
                                                "Actual Total Time": 1567.296,
                                                "Actual Rows": 7248869,
                                                "Actual Loops": 5
                                              }
                                            ]
                                          }
                                        ]
                                      }
                                    ]
                                  },
                                  {
                                    "Node Type": "Sort",
                                    "Parent Relationship": "Inner",
                                    "Parallel Aware": false,
                                    "Startup Cost": 2693.63,
                                    "Total Cost": 2768.62,
                                    "Plan Rows": 29997,
                                    "Plan Width": 8,
                                    "Actual Startup Time": 15.707,
                                    "Actual Total Time": 26.094,
                                    "Actual Rows": 69903,
                                    "Actual Loops": 5,
                                    "Sort Key": [
                                      "ml.linked_movie_id"
                                    ],
                                    "Sort Method": "quicksort",
                                    "Sort Space Used": 2175,
                                    "Sort Space Type": "Memory",
                                    "Workers": [
                                      {
                                        "Worker Number": 0,
                                        "Sort Method": "quicksort",
                                        "Sort Space Used": 2175,
                                        "Sort Space Type": "Memory"
                                      },
                                      {
                                        "Worker Number": 1,
                                        "Sort Method": "quicksort",
                                        "Sort Space Used": 2175,
                                        "Sort Space Type": "Memory"
                                      },
                                      {
                                        "Worker Number": 2,
                                        "Sort Method": "quicksort",
                                        "Sort Space Used": 2175,
                                        "Sort Space Type": "Memory"
                                      },
                                      {
                                        "Worker Number": 3,
                                        "Sort Method": "quicksort",
                                        "Sort Space Used": 2175,
                                        "Sort Space Type": "Memory"
                                      }
                                    ],
                                    "Plans": [
                                      {
                                        "Node Type": "Seq Scan",
                                        "Parent Relationship": "Outer",
                                        "Parallel Aware": false,
                                        "Relation Name": "movie_link",
                                        "Alias": "ml",
                                        "Startup Cost": 0.0,
                                        "Total Cost": 462.97,
                                        "Plan Rows": 29997,
                                        "Plan Width": 8,
                                        "Actual Startup Time": 0.104,
                                        "Actual Total Time": 5.724,
                                        "Actual Rows": 29997,
                                        "Actual Loops": 5
                                      }
                                    ]
                                  }
                                ]
                              },
                              {
                                "Node Type": "Index Scan",
                                "Parent Relationship": "Inner",
                                "Parallel Aware": false,
                                "Scan Direction": "Forward",
                                "Index Name": "person_id_aka_name",
                                "Relation Name": "aka_name",
                                "Alias": "an",
                                "Startup Cost": 0.42,
                                "Total Cost": 0.47,
                                "Plan Rows": 2,
                                "Plan Width": 4,
                                "Actual Startup Time": 0.003,
                                "Actual Total Time": 0.003,
                                "Actual Rows": 1,
                                "Actual Loops": 288531,
                                "Index Cond": "(person_id = ci.person_id)",
                                "Rows Removed by Index Recheck": 0,
                                "Filter": "(name ~~ '%a%'::text)",
                                "Rows Removed by Filter": 0
                              }
                            ]
                          },
                          {
                            "Node Type": "Index Scan",
                            "Parent Relationship": "Inner",
                            "Parallel Aware": false,
                            "Scan Direction": "Forward",
                            "Index Name": "title_pkey",
                            "Relation Name": "title",
                            "Alias": "t",
                            "Startup Cost": 0.43,
                            "Total Cost": 0.46,
                            "Plan Rows": 1,
                            "Plan Width": 21,
                            "Actual Startup Time": 0.003,
                            "Actual Total Time": 0.003,
                            "Actual Rows": 0,
                            "Actual Loops": 326096,
                            "Index Cond": "(id = ci.movie_id)",
                            "Rows Removed by Index Recheck": 0,
                            "Filter": "((production_year >= 1980) AND (production_year <= 1995))",
                            "Rows Removed by Filter": 1
                          }
                        ]
                      }
                    ]
                  }
                ]
              },
              {
                "Node Type": "Index Scan",
                "Parent Relationship": "Inner",
                "Parallel Aware": false,
                "Scan Direction": "Forward",
                "Index Name": "person_id_person_info",
                "Relation Name": "person_info",
                "Alias": "pi",
                "Startup Cost": 0.43,
                "Total Cost": 0.94,
                "Plan Rows": 1,
                "Plan Width": 8,
                "Actual Startup Time": 0.014,
                "Actual Total Time": 0.014,
                "Actual Rows": 0,
                "Actual Loops": 19250,
                "Index Cond": "(person_id = ci.person_id)",
                "Rows Removed by Index Recheck": 0,
                "Filter": "(note = 'Volker Boehm'::text)",
                "Rows Removed by Filter": 40
              }
            ]
          }
        ]
      }
    ]
  },
  "Planning Time": 14.797,
  "Triggers": [],
  "Execution Time": 7758.128
}