{
  "Plan": {
    "Node Type": "Aggregate",
    "Strategy": "Plain",
    "Partial Mode": "Finalize",
    "Parallel Aware": false,
    "Startup Cost": 137071.86,
    "Total Cost": 137071.87,
    "Plan Rows": 1,
    "Plan Width": 8,
    "Actual Startup Time": 388.291,
    "Actual Total Time": 403.988,
    "Actual Rows": 1,
    "Actual Loops": 1,
    "Plans": [
      {
        "Node Type": "Gather",
        "Parent Relationship": "Outer",
        "Parallel Aware": false,
        "Startup Cost": 137071.75,
        "Total Cost": 137071.86,
        "Plan Rows": 1,
        "Plan Width": 8,
        "Actual Startup Time": 388.122,
        "Actual Total Time": 403.981,
        "Actual Rows": 2,
        "Actual Loops": 1,
        "Workers Planned": 1,
        "Workers Launched": 1,
        "Single Copy": false,
        "Plans": [
          {
            "Node Type": "Aggregate",
            "Strategy": "Plain",
            "Partial Mode": "Partial",
            "Parent Relationship": "Outer",
            "Parallel Aware": false,
            "Startup Cost": 136071.75,
            "Total Cost": 136071.76,
            "Plan Rows": 1,
            "Plan Width": 8,
            "Actual Startup Time": 382.229,
            "Actual Total Time": 382.233,
            "Actual Rows": 1,
            "Actual Loops": 2,
            "Plans": [
              {
                "Node Type": "Nested Loop",
                "Parent Relationship": "Outer",
                "Parallel Aware": false,
                "Join Type": "Inner",
                "Startup Cost": 58470.38,
                "Total Cost": 135959.56,
                "Plan Rows": 44873,
                "Plan Width": 0,
                "Actual Startup Time": 147.902,
                "Actual Total Time": 381.375,
                "Actual Rows": 17622,
                "Actual Loops": 2,
                "Inner Unique": false,
                "Join Filter": "(t.id = mi.movie_id)",
                "Rows Removed by Join Filter": 0,
                "Plans": [
                  {
                    "Node Type": "Hash Join",
                    "Parent Relationship": "Outer",
                    "Parallel Aware": true,
                    "Join Type": "Inner",
                    "Startup Cost": 58469.94,
                    "Total Cost": 118478.85,
                    "Plan Rows": 7674,
                    "Plan Width": 8,
                    "Actual Startup Time": 147.823,
                    "Actual Total Time": 365.797,
                    "Actual Rows": 1981,
                    "Actual Loops": 2,
                    "Inner Unique": true,
                    "Hash Cond": "(mk.movie_id = t.id)",
                    "Plans": [
                      {
                        "Node Type": "Seq Scan",
                        "Parent Relationship": "Outer",
                        "Parallel Aware": true,
                        "Relation Name": "movie_keyword",
                        "Alias": "mk",
                        "Startup Cost": 0.0,
                        "Total Cost": 57718.19,
                        "Plan Rows": 872654,
                        "Plan Width": 4,
                        "Actual Startup Time": 1.089,
                        "Actual Total Time": 166.275,
                        "Actual Rows": 745939,
                        "Actual Loops": 2,
                        "Filter": "(keyword_id > 10896)",
                        "Rows Removed by Filter": 1516026
                      },
                      {
                        "Node Type": "Hash",
                        "Parent Relationship": "Inner",
                        "Parallel Aware": true,
                        "Startup Cost": 58306.47,
                        "Total Cost": 58306.47,
                        "Plan Rows": 13078,
                        "Plan Width": 4,
                        "Actual Startup Time": 145.268,
                        "Actual Total Time": 145.269,
                        "Actual Rows": 12150,
                        "Actual Loops": 2,
                        "Hash Buckets": 32768,
                        "Original Hash Buckets": 32768,
                        "Hash Batches": 1,
                        "Original Hash Batches": 1,
                        "Peak Memory Usage": 1248,
                        "Plans": [
                          {
                            "Node Type": "Seq Scan",
                            "Parent Relationship": "Outer",
                            "Parallel Aware": true,
                            "Relation Name": "title",
                            "Alias": "t",
                            "Startup Cost": 0.0,
                            "Total Cost": 58306.47,
                            "Plan Rows": 13078,
                            "Plan Width": 4,
                            "Actual Startup Time": 0.075,
                            "Actual Total Time": 140.557,
                            "Actual Rows": 12150,
                            "Actual Loops": 2,
                            "Filter": "((kind_id = 7) AND (production_year = 1996))",
                            "Rows Removed by Filter": 1252006
                          }
                        ]
                      }
                    ]
                  },
                  {
                    "Node Type": "Index Only Scan",
                    "Parent Relationship": "Inner",
                    "Parallel Aware": false,
                    "Scan Direction": "Forward",
                    "Index Name": "movie_id_movie_info",
                    "Relation Name": "movie_info",
                    "Alias": "mi",
                    "Startup Cost": 0.43,
                    "Total Cost": 1.75,
                    "Plan Rows": 42,
                    "Plan Width": 4,
                    "Actual Startup Time": 0.003,
                    "Actual Total Time": 0.007,
                    "Actual Rows": 9,
                    "Actual Loops": 3962,
                    "Index Cond": "(movie_id = mk.movie_id)",
                    "Rows Removed by Index Recheck": 0,
                    "Heap Fetches": 35243
                  }
                ]
              }
            ]
          }
        ]
      }
    ]
  },
  "Planning Time": 0.956,
  "Triggers": [],
  "Execution Time": 404.076
}