[
  {
    "Plan": {
      "Node Type": "Aggregate",
      "Strategy": "Plain",
      "Partial Mode": "Finalize",
      "Parallel Aware": false,
      "Startup Cost": 349612.0,
      "Total Cost": 349612.01,
      "Plan Rows": 1,
      "Plan Width": 8,
      "Actual Startup Time": 732.081,
      "Actual Total Time": 799.486,
      "Actual Rows": 1,
      "Actual Loops": 1,
      "Plans": [
        {
          "Node Type": "Gather",
          "Parent Relationship": "Outer",
          "Parallel Aware": false,
          "Startup Cost": 349611.37,
          "Total Cost": 349611.98,
          "Plan Rows": 6,
          "Plan Width": 8,
          "Actual Startup Time": 731.94,
          "Actual Total Time": 799.476,
          "Actual Rows": 7,
          "Actual Loops": 1,
          "Workers Planned": 6,
          "Workers Launched": 6,
          "Single Copy": false,
          "Plans": [
            {
              "Node Type": "Aggregate",
              "Strategy": "Plain",
              "Partial Mode": "Partial",
              "Parent Relationship": "Outer",
              "Parallel Aware": false,
              "Startup Cost": 348611.37,
              "Total Cost": 348611.38,
              "Plan Rows": 1,
              "Plan Width": 8,
              "Actual Startup Time": 721.669,
              "Actual Total Time": 721.67,
              "Actual Rows": 1,
              "Actual Loops": 7,
              "Plans": [
                {
                  "Node Type": "Seq Scan",
                  "Parent Relationship": "Outer",
                  "Parallel Aware": true,
                  "Relation Name": "cast_info",
                  "Alias": "ci",
                  "Startup Cost": 0.0,
                  "Total Cost": 343257.03,
                  "Plan Rows": 2141738,
                  "Plan Width": 0,
                  "Actual Startup Time": 333.201,
                  "Actual Total Time": 642.626,
                  "Actual Rows": 1986742,
                  "Actual Loops": 7,
                  "Filter": "((person_id > 780278) AND (role_id > 2))",
                  "Rows Removed by Filter": 3191022
                }
              ]
            }
          ]
        }
      ]
    },
    "Planning Time": 0.232,
    "Triggers": [],
    "Execution Time": 799.563
  }
]