{
  "Plan": {
    "Node Type": "Aggregate",
    "Strategy": "Plain",
    "Partial Mode": "Finalize",
    "Parallel Aware": false,
    "Startup Cost": 757871.16,
    "Total Cost": 757871.17,
    "Plan Rows": 1,
    "Plan Width": 8,
    "Actual Startup Time": 3257.778,
    "Actual Total Time": 3331.165,
    "Actual Rows": 1,
    "Actual Loops": 1,
    "Plans": [
      {
        "Node Type": "Gather",
        "Parent Relationship": "Outer",
        "Parallel Aware": false,
        "Startup Cost": 757871.05,
        "Total Cost": 757871.16,
        "Plan Rows": 1,
        "Plan Width": 8,
        "Actual Startup Time": 3256.658,
        "Actual Total Time": 3331.154,
        "Actual Rows": 2,
        "Actual Loops": 1,
        "Workers Planned": 1,
        "Workers Launched": 1,
        "Single Copy": false,
        "Plans": [
          {
            "Node Type": "Aggregate",
            "Strategy": "Plain",
            "Partial Mode": "Partial",
            "Parent Relationship": "Outer",
            "Parallel Aware": false,
            "Startup Cost": 756871.05,
            "Total Cost": 756871.06,
            "Plan Rows": 1,
            "Plan Width": 8,
            "Actual Startup Time": 3250.928,
            "Actual Total Time": 3250.935,
            "Actual Rows": 1,
            "Actual Loops": 2,
            "Plans": [
              {
                "Node Type": "Hash Join",
                "Parent Relationship": "Outer",
                "Parallel Aware": true,
                "Join Type": "Inner",
                "Startup Cost": 443434.3,
                "Total Cost": 753850.03,
                "Plan Rows": 1208405,
                "Plan Width": 0,
                "Actual Startup Time": 1695.71,
                "Actual Total Time": 3208.601,
                "Actual Rows": 1100464,
                "Actual Loops": 2,
                "Inner Unique": false,
                "Hash Cond": "(mi.movie_id = t.id)",
                "Plans": [
                  {
                    "Node Type": "Seq Scan",
                    "Parent Relationship": "Outer",
                    "Parallel Aware": true,
                    "Relation Name": "movie_info",
                    "Alias": "mi",
                    "Startup Cost": 0.0,
                    "Total Cost": 248955.74,
                    "Plan Rows": 8696274,
                    "Plan Width": 4,
                    "Actual Startup Time": 0.016,
                    "Actual Total Time": 642.42,
                    "Actual Rows": 7417860,
                    "Actual Loops": 2
                  },
                  {
                    "Node Type": "Hash",
                    "Parent Relationship": "Inner",
                    "Parallel Aware": true,
                    "Startup Cost": 440851.04,
                    "Total Cost": 440851.04,
                    "Plan Rows": 206661,
                    "Plan Width": 8,
                    "Actual Startup Time": 1688.605,
                    "Actual Total Time": 1688.61,
                    "Actual Rows": 117988,
                    "Actual Loops": 2,
                    "Hash Buckets": 524288,
                    "Original Hash Buckets": 524288,
                    "Hash Batches": 1,
                    "Original Hash Batches": 1,
                    "Peak Memory Usage": 13344,
                    "Plans": [
                      {
                        "Node Type": "Hash Join",
                        "Parent Relationship": "Outer",
                        "Parallel Aware": true,
                        "Join Type": "Inner",
                        "Startup Cost": 38956.54,
                        "Total Cost": 440851.04,
                        "Plan Rows": 206661,
                        "Plan Width": 8,
                        "Actual Startup Time": 76.785,
                        "Actual Total Time": 1652.923,
                        "Actual Rows": 117988,
                        "Actual Loops": 2,
                        "Inner Unique": true,
                        "Hash Cond": "(ci.movie_id = t.id)",
                        "Plans": [
                          {
                            "Node Type": "Index Scan",
                            "Parent Relationship": "Outer",
                            "Parallel Aware": true,
                            "Scan Direction": "Forward",
                            "Index Name": "role_id_cast_info",
                            "Relation Name": "cast_info",
                            "Alias": "ci",
                            "Startup Cost": 0.56,
                            "Total Cost": 382631.05,
                            "Plan Rows": 7338659,
                            "Plan Width": 4,
                            "Actual Startup Time": 0.049,
                            "Actual Total Time": 817.78,
                            "Actual Rows": 6335344,
                            "Actual Loops": 2,
                            "Index Cond": "(role_id = 1)",
                            "Rows Removed by Index Recheck": 0
                          },
                          {
                            "Node Type": "Hash",
                            "Parent Relationship": "Inner",
                            "Parallel Aware": true,
                            "Startup Cost": 38432.46,
                            "Total Cost": 38432.46,
                            "Plan Rows": 41881,
                            "Plan Width": 4,
                            "Actual Startup Time": 75.507,
                            "Actual Total Time": 75.509,
                            "Actual Rows": 38898,
                            "Actual Loops": 2,
                            "Hash Buckets": 131072,
                            "Original Hash Buckets": 131072,
                            "Hash Batches": 1,
                            "Original Hash Batches": 1,
                            "Peak Memory Usage": 4096,
                            "Plans": [
                              {
                                "Node Type": "Bitmap Heap Scan",
                                "Parent Relationship": "Outer",
                                "Parallel Aware": true,
                                "Relation Name": "title",
                                "Alias": "t",
                                "Startup Cost": 1634.34,
                                "Total Cost": 38432.46,
                                "Plan Rows": 41881,
                                "Plan Width": 4,
                                "Actual Startup Time": 21.786,
                                "Actual Total Time": 66.354,
                                "Actual Rows": 38898,
                                "Actual Loops": 2,
                                "Recheck Cond": "(kind_id = 2)",
                                "Rows Removed by Index Recheck": 0,
                                "Filter": "(production_year > 1977)",
                                "Rows Removed by Filter": 6528,
                                "Exact Heap Blocks": 19939,
                                "Lossy Heap Blocks": 0,
                                "Plans": [
                                  {
                                    "Node Type": "Bitmap Index Scan",
                                    "Parent Relationship": "Outer",
                                    "Parallel Aware": false,
                                    "Index Name": "kind_id_title",
                                    "Startup Cost": 0.0,
                                    "Total Cost": 1616.54,
                                    "Plan Rows": 90681,
                                    "Plan Width": 0,
                                    "Actual Startup Time": 15.357,
                                    "Actual Total Time": 15.357,
                                    "Actual Rows": 90852,
                                    "Actual Loops": 1,
                                    "Index Cond": "(kind_id = 2)"
                                  }
                                ]
                              }
                            ]
                          }
                        ]
                      }
                    ]
                  }
                ]
              }
            ]
          }
        ]
      }
    ]
  },
  "Planning Time": 0.949,
  "Triggers": [],
  "Execution Time": 3331.292
}