[
  {
    "Plan": {
      "Node Type": "Aggregate",
      "Strategy": "Plain",
      "Partial Mode": "Finalize",
      "Parallel Aware": false,
      "Startup Cost": 82257.3,
      "Total Cost": 82257.31,
      "Plan Rows": 1,
      "Plan Width": 8,
      "Actual Startup Time": 496.492,
      "Actual Total Time": 513.224,
      "Actual Rows": 1,
      "Actual Loops": 1,
      "Plans": [
        {
          "Node Type": "Gather",
          "Parent Relationship": "Outer",
          "Parallel Aware": false,
          "Startup Cost": 82256.88,
          "Total Cost": 82257.29,
          "Plan Rows": 4,
          "Plan Width": 8,
          "Actual Startup Time": 487.482,
          "Actual Total Time": 513.197,
          "Actual Rows": 5,
          "Actual Loops": 1,
          "Workers Planned": 4,
          "Workers Launched": 4,
          "Single Copy": false,
          "Plans": [
            {
              "Node Type": "Aggregate",
              "Strategy": "Plain",
              "Partial Mode": "Partial",
              "Parent Relationship": "Outer",
              "Parallel Aware": false,
              "Startup Cost": 81256.88,
              "Total Cost": 81256.89,
              "Plan Rows": 1,
              "Plan Width": 8,
              "Actual Startup Time": 478.119,
              "Actual Total Time": 478.123,
              "Actual Rows": 1,
              "Actual Loops": 5,
              "Plans": [
                {
                  "Node Type": "Hash Join",
                  "Parent Relationship": "Outer",
                  "Parallel Aware": true,
                  "Join Type": "Inner",
                  "Startup Cost": 34634.72,
                  "Total Cost": 80757.8,
                  "Plan Rows": 199634,
                  "Plan Width": 0,
                  "Actual Startup Time": 169.936,
                  "Actual Total Time": 466.134,
                  "Actual Rows": 203674,
                  "Actual Loops": 5,
                  "Inner Unique": false,
                  "Hash Cond": "(t.id = mc.movie_id)",
                  "Plans": [
                    {
                      "Node Type": "Seq Scan",
                      "Parent Relationship": "Outer",
                      "Parallel Aware": true,
                      "Relation Name": "title",
                      "Alias": "t",
                      "Startup Cost": 0.0,
                      "Total Cost": 42318.73,
                      "Plan Rows": 632073,
                      "Plan Width": 4,
                      "Actual Startup Time": 0.017,
                      "Actual Total Time": 79.336,
                      "Actual Rows": 505662,
                      "Actual Loops": 5
                    },
                    {
                      "Node Type": "Hash",
                      "Parent Relationship": "Inner",
                      "Parallel Aware": true,
                      "Startup Cost": 31414.82,
                      "Total Cost": 31414.82,
                      "Plan Rows": 257592,
                      "Plan Width": 4,
                      "Actual Startup Time": 165.832,
                      "Actual Total Time": 165.833,
                      "Actual Rows": 203674,
                      "Actual Loops": 5,
                      "Hash Buckets": 1048576,
                      "Original Hash Buckets": 1048576,
                      "Hash Batches": 1,
                      "Original Hash Batches": 1,
                      "Peak Memory Usage": 48128,
                      "Plans": [
                        {
                          "Node Type": "Seq Scan",
                          "Parent Relationship": "Outer",
                          "Parallel Aware": true,
                          "Relation Name": "movie_companies",
                          "Alias": "mc",
                          "Startup Cost": 0.0,
                          "Total Cost": 31414.82,
                          "Plan Rows": 257592,
                          "Plan Width": 4,
                          "Actual Startup Time": 48.641,
                          "Actual Total Time": 90.542,
                          "Actual Rows": 203674,
                          "Actual Loops": 5,
                          "Filter": "((company_id > 5806) AND (company_type_id > 1))",
                          "Rows Removed by Filter": 318152
                        }
                      ]
                    }
                  ]
                }
              ]
            }
          ]
        }
      ]
    },
    "Planning Time": 0.586,
    "Triggers": [],
    "Execution Time": 513.293
  }
]