[
  {
    "Plan": {
      "Node Type": "Aggregate",
      "Strategy": "Plain",
      "Partial Mode": "Finalize",
      "Parallel Aware": false,
      "Startup Cost": 30774.99,
      "Total Cost": 30775.0,
      "Plan Rows": 1,
      "Plan Width": 8,
      "Actual Startup Time": 92.074,
      "Actual Total Time": 100.125,
      "Actual Rows": 1,
      "Actual Loops": 1,
      "Plans": [
        {
          "Node Type": "Gather",
          "Parent Relationship": "Outer",
          "Parallel Aware": false,
          "Startup Cost": 30774.67,
          "Total Cost": 30774.98,
          "Plan Rows": 3,
          "Plan Width": 8,
          "Actual Startup Time": 91.952,
          "Actual Total Time": 100.116,
          "Actual Rows": 4,
          "Actual Loops": 1,
          "Workers Planned": 3,
          "Workers Launched": 3,
          "Single Copy": false,
          "Plans": [
            {
              "Node Type": "Aggregate",
              "Strategy": "Plain",
              "Partial Mode": "Partial",
              "Parent Relationship": "Outer",
              "Parallel Aware": false,
              "Startup Cost": 29774.67,
              "Total Cost": 29774.68,
              "Plan Rows": 1,
              "Plan Width": 8,
              "Actual Startup Time": 85.553,
              "Actual Total Time": 85.554,
              "Actual Rows": 1,
              "Actual Loops": 4,
              "Plans": [
                {
                  "Node Type": "Seq Scan",
                  "Parent Relationship": "Outer",
                  "Parallel Aware": true,
                  "Relation Name": "movie_companies",
                  "Alias": "mc",
                  "Startup Cost": 0.0,
                  "Total Cost": 29310.68,
                  "Plan Rows": 185597,
                  "Plan Width": 0,
                  "Actual Startup Time": 0.037,
                  "Actual Total Time": 75.591,
                  "Actual Rows": 142636,
                  "Actual Loops": 4,
                  "Filter": "(company_id < 598)",
                  "Rows Removed by Filter": 509646
                }
              ]
            }
          ]
        }
      ]
    },
    "Planning Time": 0.221,
    "Triggers": [],
    "Execution Time": 100.176
  }
]