[
  {
    "Plan": {
      "Node Type": "Aggregate",
      "Strategy": "Plain",
      "Partial Mode": "Finalize",
      "Parallel Aware": false,
      "Startup Cost": 331616.99,
      "Total Cost": 331617.0,
      "Plan Rows": 1,
      "Plan Width": 8,
      "Actual Startup Time": 607.556,
      "Actual Total Time": 667.667,
      "Actual Rows": 1,
      "Actual Loops": 1,
      "Plans": [
        {
          "Node Type": "Gather",
          "Parent Relationship": "Outer",
          "Parallel Aware": false,
          "Startup Cost": 331616.37,
          "Total Cost": 331616.98,
          "Plan Rows": 6,
          "Plan Width": 8,
          "Actual Startup Time": 607.434,
          "Actual Total Time": 667.655,
          "Actual Rows": 7,
          "Actual Loops": 1,
          "Workers Planned": 6,
          "Workers Launched": 6,
          "Single Copy": false,
          "Plans": [
            {
              "Node Type": "Aggregate",
              "Strategy": "Plain",
              "Partial Mode": "Partial",
              "Parent Relationship": "Outer",
              "Parallel Aware": false,
              "Startup Cost": 330616.37,
              "Total Cost": 330616.38,
              "Plan Rows": 1,
              "Plan Width": 8,
              "Actual Startup Time": 598.23,
              "Actual Total Time": 598.231,
              "Actual Rows": 1,
              "Actual Loops": 7,
              "Plans": [
                {
                  "Node Type": "Seq Scan",
                  "Parent Relationship": "Outer",
                  "Parallel Aware": true,
                  "Relation Name": "cast_info",
                  "Alias": "ci",
                  "Startup Cost": 0.0,
                  "Total Cost": 328162.03,
                  "Plan Rows": 981736,
                  "Plan Width": 0,
                  "Actual Startup Time": 0.048,
                  "Actual Total Time": 556.647,
                  "Actual Rows": 865688,
                  "Actual Loops": 7,
                  "Filter": "(person_id < 585077)",
                  "Rows Removed by Filter": 4312075
                }
              ]
            }
          ]
        }
      ]
    },
    "Planning Time": 0.224,
    "Triggers": [],
    "Execution Time": 667.739
  }
]