[
  {
    "Plan": {
      "Node Type": "Aggregate",
      "Strategy": "Plain",
      "Partial Mode": "Finalize",
      "Parallel Aware": false,
      "Startup Cost": 92408.38,
      "Total Cost": 92408.39,
      "Plan Rows": 1,
      "Plan Width": 8,
      "Actual Startup Time": 371.699,
      "Actual Total Time": 389.514,
      "Actual Rows": 1,
      "Actual Loops": 1,
      "Plans": [
        {
          "Node Type": "Gather",
          "Parent Relationship": "Outer",
          "Parallel Aware": false,
          "Startup Cost": 92408.16,
          "Total Cost": 92408.37,
          "Plan Rows": 2,
          "Plan Width": 8,
          "Actual Startup Time": 370.155,
          "Actual Total Time": 389.504,
          "Actual Rows": 3,
          "Actual Loops": 1,
          "Workers Planned": 2,
          "Workers Launched": 2,
          "Single Copy": false,
          "Plans": [
            {
              "Node Type": "Aggregate",
              "Strategy": "Plain",
              "Partial Mode": "Partial",
              "Parent Relationship": "Outer",
              "Parallel Aware": false,
              "Startup Cost": 91408.16,
              "Total Cost": 91408.17,
              "Plan Rows": 1,
              "Plan Width": 8,
              "Actual Startup Time": 363.815,
              "Actual Total Time": 364.005,
              "Actual Rows": 1,
              "Actual Loops": 3,
              "Plans": [
                {
                  "Node Type": "Hash Join",
                  "Parent Relationship": "Outer",
                  "Parallel Aware": true,
                  "Join Type": "Inner",
                  "Startup Cost": 75418.04,
                  "Total Cost": 91343.25,
                  "Plan Rows": 25965,
                  "Plan Width": 0,
                  "Actual Startup Time": 283.53,
                  "Actual Total Time": 361.635,
                  "Actual Rows": 59367,
                  "Actual Loops": 3,
                  "Inner Unique": false,
                  "Hash Cond": "(mi_idx.movie_id = t.id)",
                  "Plans": [
                    {
                      "Node Type": "Seq Scan",
                      "Parent Relationship": "Outer",
                      "Parallel Aware": true,
                      "Relation Name": "movie_info_idx",
                      "Alias": "mi_idx",
                      "Startup Cost": 0.0,
                      "Total Cost": 13685.15,
                      "Plan Rows": 575015,
                      "Plan Width": 4,
                      "Actual Startup Time": 0.027,
                      "Actual Total Time": 32.241,
                      "Actual Rows": 460012,
                      "Actual Loops": 3
                    },
                    {
                      "Node Type": "Hash",
                      "Parent Relationship": "Inner",
                      "Parallel Aware": true,
                      "Startup Cost": 74957.69,
                      "Total Cost": 74957.69,
                      "Plan Rows": 36828,
                      "Plan Width": 8,
                      "Actual Startup Time": 281.134,
                      "Actual Total Time": 281.323,
                      "Actual Rows": 63215,
                      "Actual Loops": 3,
                      "Hash Buckets": 262144,
                      "Original Hash Buckets": 131072,
                      "Hash Batches": 1,
                      "Original Hash Batches": 1,
                      "Peak Memory Usage": 10560,
                      "Plans": [
                        {
                          "Node Type": "Hash Join",
                          "Parent Relationship": "Outer",
                          "Parallel Aware": true,
                          "Join Type": "Inner",
                          "Startup Cost": 44784.69,
                          "Total Cost": 74957.69,
                          "Plan Rows": 36828,
                          "Plan Width": 8,
                          "Actual Startup Time": 147.469,
                          "Actual Total Time": 265.135,
                          "Actual Rows": 63215,
                          "Actual Loops": 3,
                          "Inner Unique": true,
                          "Hash Cond": "(mc.movie_id = t.id)",
                          "Plans": [
                            {
                              "Node Type": "Seq Scan",
                              "Parent Relationship": "Outer",
                              "Parallel Aware": true,
                              "Relation Name": "movie_companies",
                              "Alias": "mc",
                              "Startup Cost": 0.0,
                              "Total Cost": 29310.68,
                              "Plan Rows": 328501,
                              "Plan Width": 4,
                              "Actual Startup Time": 10.694,
                              "Actual Total Time": 74.72,
                              "Actual Rows": 343238,
                              "Actual Loops": 3,
                              "Filter": "(company_id > 15607)",
                              "Rows Removed by Filter": 526472
                            },
                            {
                              "Node Type": "Hash",
                              "Parent Relationship": "Inner",
                              "Parallel Aware": true,
                              "Startup Cost": 43898.92,
                              "Total Cost": 43898.92,
                              "Plan Rows": 70862,
                              "Plan Width": 4,
                              "Actual Startup Time": 133.775,
                              "Actual Total Time": 133.776,
                              "Actual Rows": 98824,
                              "Actual Loops": 3,
                              "Hash Buckets": 524288,
                              "Original Hash Buckets": 524288,
                              "Hash Batches": 1,
                              "Original Hash Batches": 1,
                              "Peak Memory Usage": 15744,
                              "Plans": [
                                {
                                  "Node Type": "Seq Scan",
                                  "Parent Relationship": "Outer",
                                  "Parallel Aware": true,
                                  "Relation Name": "title",
                                  "Alias": "t",
                                  "Startup Cost": 0.0,
                                  "Total Cost": 43898.92,
                                  "Plan Rows": 70862,
                                  "Plan Width": 4,
                                  "Actual Startup Time": 0.032,
                                  "Actual Total Time": 104.809,
                                  "Actual Rows": 98824,
                                  "Actual Loops": 3,
                                  "Filter": "(production_year < 1965)",
                                  "Rows Removed by Filter": 743947
                                }
                              ]
                            }
                          ]
                        }
                      ]
                    }
                  ]
                }
              ]
            }
          ]
        }
      ]
    },
    "Planning Time": 1.363,
    "Triggers": [],
    "Execution Time": 389.595
  }
]