[
  {
    "Plan": {
      "Node Type": "Aggregate",
      "Strategy": "Plain",
      "Partial Mode": "Finalize",
      "Parallel Aware": false,
      "Startup Cost": 45903.97,
      "Total Cost": 45903.98,
      "Plan Rows": 1,
      "Plan Width": 8,
      "Actual Startup Time": 146.558,
      "Actual Total Time": 156.22,
      "Actual Rows": 1,
      "Actual Loops": 1,
      "Plans": [
        {
          "Node Type": "Gather",
          "Parent Relationship": "Outer",
          "Parallel Aware": false,
          "Startup Cost": 45903.66,
          "Total Cost": 45903.97,
          "Plan Rows": 3,
          "Plan Width": 8,
          "Actual Startup Time": 146.387,
          "Actual Total Time": 156.209,
          "Actual Rows": 4,
          "Actual Loops": 1,
          "Workers Planned": 3,
          "Workers Launched": 3,
          "Single Copy": false,
          "Plans": [
            {
              "Node Type": "Aggregate",
              "Strategy": "Plain",
              "Partial Mode": "Partial",
              "Parent Relationship": "Outer",
              "Parallel Aware": false,
              "Startup Cost": 44903.66,
              "Total Cost": 44903.67,
              "Plan Rows": 1,
              "Plan Width": 8,
              "Actual Startup Time": 142.939,
              "Actual Total Time": 142.94,
              "Actual Rows": 1,
              "Actual Loops": 4,
              "Plans": [
                {
                  "Node Type": "Seq Scan",
                  "Parent Relationship": "Outer",
                  "Parallel Aware": true,
                  "Relation Name": "movie_keyword",
                  "Alias": "mk",
                  "Startup Cost": 0.0,
                  "Total Cost": 42695.65,
                  "Plan Rows": 883201,
                  "Plan Width": 0,
                  "Actual Startup Time": 0.026,
                  "Actual Total Time": 112.546,
                  "Actual Rows": 687709,
                  "Actual Loops": 4,
                  "Filter": "(keyword_id < 7821)",
                  "Rows Removed by Filter": 443274
                }
              ]
            }
          ]
        }
      ]
    },
    "Planning Time": 0.193,
    "Triggers": [],
    "Execution Time": 156.278
  }
]