[
  {
    "Bao": {
      "Bao prediction": 4239.316,
      "Bao recommended hint": "SET enable_hashjoin TO off; SET enable_mergejoin TO off; "
    }
  },
  {
    "Plan": {
      "Node Type": "Aggregate",
      "Strategy": "Plain",
      "Partial Mode": "Simple",
      "Parallel Aware": false,
      "Startup Cost": 69489.67,
      "Total Cost": 69489.68,
      "Plan Rows": 1,
      "Plan Width": 64,
      "Actual Startup Time": 349.986,
      "Actual Total Time": 350.002,
      "Actual Rows": 1,
      "Actual Loops": 1,
      "Plans": [
        {
          "Node Type": "Nested Loop",
          "Parent Relationship": "Outer",
          "Parallel Aware": false,
          "Join Type": "Inner",
          "Startup Cost": 1230.72,
          "Total Cost": 69489.67,
          "Plan Rows": 1,
          "Plan Width": 27,
          "Actual Startup Time": 217.029,
          "Actual Total Time": 349.748,
          "Actual Rows": 618,
          "Actual Loops": 1,
          "Inner Unique": true,
          "Plans": [
            {
              "Node Type": "Nested Loop",
              "Parent Relationship": "Outer",
              "Parallel Aware": false,
              "Join Type": "Inner",
              "Startup Cost": 1230.3,
              "Total Cost": 69489.23,
              "Plan Rows": 1,
              "Plan Width": 31,
              "Actual Startup Time": 216.982,
              "Actual Total Time": 345.605,
              "Actual Rows": 618,
              "Actual Loops": 1,
              "Inner Unique": true,
              "Plans": [
                {
                  "Node Type": "Nested Loop",
                  "Parent Relationship": "Outer",
                  "Parallel Aware": false,
                  "Join Type": "Inner",
                  "Startup Cost": 1230.17,
                  "Total Cost": 69489.07,
                  "Plan Rows": 1,
                  "Plan Width": 35,
                  "Actual Startup Time": 216.958,
                  "Actual Total Time": 344.749,
                  "Actual Rows": 618,
                  "Actual Loops": 1,
                  "Inner Unique": true,
                  "Plans": [
                    {
                      "Node Type": "Nested Loop",
                      "Parent Relationship": "Outer",
                      "Parallel Aware": false,
                      "Join Type": "Inner",
                      "Startup Cost": 1229.75,
                      "Total Cost": 69488.63,
                      "Plan Rows": 1,
                      "Plan Width": 39,
                      "Actual Startup Time": 216.893,
                      "Actual Total Time": 343.245,
                      "Actual Rows": 618,
                      "Actual Loops": 1,
                      "Inner Unique": false,
                      "Join Filter": "(t.id = mc.movie_id)",
                      "Rows Removed by Join Filter": 0,
                      "Plans": [
                        {
                          "Node Type": "Nested Loop",
                          "Parent Relationship": "Outer",
                          "Parallel Aware": false,
                          "Join Type": "Inner",
                          "Startup Cost": 1229.32,
                          "Total Cost": 69488.02,
                          "Plan Rows": 1,
                          "Plan Width": 47,
                          "Actual Startup Time": 216.84,
                          "Actual Total Time": 341.536,
                          "Actual Rows": 615,
                          "Actual Loops": 1,
                          "Inner Unique": false,
                          "Plans": [
                            {
                              "Node Type": "Nested Loop",
                              "Parent Relationship": "Outer",
                              "Parallel Aware": false,
                              "Join Type": "Inner",
                              "Startup Cost": 1228.89,
                              "Total Cost": 69486.22,
                              "Plan Rows": 1,
                              "Plan Width": 39,
                              "Actual Startup Time": 216.776,
                              "Actual Total Time": 341.102,
                              "Actual Rows": 5,
                              "Actual Loops": 1,
                              "Inner Unique": true,
                              "Plans": [
                                {
                                  "Node Type": "Nested Loop",
                                  "Parent Relationship": "Outer",
                                  "Parallel Aware": false,
                                  "Join Type": "Inner",
                                  "Startup Cost": 1228.74,
                                  "Total Cost": 69485.73,
                                  "Plan Rows": 2,
                                  "Plan Width": 43,
                                  "Actual Startup Time": 216.76,
                                  "Actual Total Time": 341.057,
                                  "Actual Rows": 5,
                                  "Actual Loops": 1,
                                  "Inner Unique": false,
                                  "Plans": [
                                    {
                                      "Node Type": "Nested Loop",
                                      "Parent Relationship": "Outer",
                                      "Parallel Aware": false,
                                      "Join Type": "Inner",
                                      "Startup Cost": 1228.31,
                                      "Total Cost": 63909.61,
                                      "Plan Rows": 2626,
                                      "Plan Width": 35,
                                      "Actual Startup Time": 3.065,
                                      "Actual Total Time": 186.372,
                                      "Actual Rows": 1033,
                                      "Actual Loops": 1,
                                      "Inner Unique": false,
                                      "Join Filter": "(t.kind_id = kt.id)",
                                      "Rows Removed by Join Filter": 1050,
                                      "Plans": [
                                        {
                                          "Node Type": "Seq Scan",
                                          "Parent Relationship": "Outer",
                                          "Parallel Aware": false,
                                          "Relation Name": "kind_type",
                                          "Alias": "kt",
                                          "Startup Cost": 0.0,
                                          "Total Cost": 1.09,
                                          "Plan Rows": 1,
                                          "Plan Width": 14,
                                          "Actual Startup Time": 0.01,
                                          "Actual Total Time": 0.015,
                                          "Actual Rows": 1,
                                          "Actual Loops": 1,
                                          "Filter": "((kind)::text = 'movie'::text)",
                                          "Rows Removed by Filter": 6
                                        },
                                        {
                                          "Node Type": "Nested Loop",
                                          "Parent Relationship": "Inner",
                                          "Parallel Aware": false,
                                          "Join Type": "Inner",
                                          "Startup Cost": 1228.31,
                                          "Total Cost": 63678.71,
                                          "Plan Rows": 18385,
                                          "Plan Width": 29,
                                          "Actual Startup Time": 3.052,
                                          "Actual Total Time": 185.853,
                                          "Actual Rows": 2083,
                                          "Actual Loops": 1,
                                          "Inner Unique": true,
                                          "Plans": [
                                            {
                                              "Node Type": "Nested Loop",
                                              "Parent Relationship": "Outer",
                                              "Parallel Aware": false,
                                              "Join Type": "Inner",
                                              "Startup Cost": 1227.88,
                                              "Total Cost": 3479.65,
                                              "Plan Rows": 33772,
                                              "Plan Width": 4,
                                              "Actual Startup Time": 2.816,
                                              "Actual Total Time": 16.796,
                                              "Actual Rows": 24592,
                                              "Actual Loops": 1,
                                              "Inner Unique": false,
                                              "Plans": [
                                                {
                                                  "Node Type": "Seq Scan",
                                                  "Parent Relationship": "Outer",
                                                  "Parallel Aware": false,
                                                  "Relation Name": "comp_cast_type",
                                                  "Alias": "cct1",
                                                  "Startup Cost": 0.0,
                                                  "Total Cost": 1.05,
                                                  "Plan Rows": 1,
                                                  "Plan Width": 4,
                                                  "Actual Startup Time": 0.006,
                                                  "Actual Total Time": 0.01,
                                                  "Actual Rows": 1,
                                                  "Actual Loops": 1,
                                                  "Filter": "((kind)::text = 'complete+verified'::text)",
                                                  "Rows Removed by Filter": 3
                                                },
                                                {
                                                  "Node Type": "Bitmap Heap Scan",
                                                  "Parent Relationship": "Inner",
                                                  "Parallel Aware": false,
                                                  "Relation Name": "complete_cast",
                                                  "Alias": "cc",
                                                  "Startup Cost": 1227.88,
                                                  "Total Cost": 2803.17,
                                                  "Plan Rows": 67543,
                                                  "Plan Width": 8,
                                                  "Actual Startup Time": 2.804,
                                                  "Actual Total Time": 12.625,
                                                  "Actual Rows": 24592,
                                                  "Actual Loops": 1,
                                                  "Recheck Cond": "(status_id = cct1.id)",
                                                  "Rows Removed by Index Recheck": 0,
                                                  "Exact Heap Blocks": 706,
                                                  "Lossy Heap Blocks": 0,
                                                  "Plans": [
                                                    {
                                                      "Node Type": "Bitmap Index Scan",
                                                      "Parent Relationship": "Outer",
                                                      "Parallel Aware": false,
                                                      "Index Name": "status_id_complete_cast",
                                                      "Startup Cost": 0.0,
                                                      "Total Cost": 1210.99,
                                                      "Plan Rows": 67543,
                                                      "Plan Width": 0,
                                                      "Actual Startup Time": 2.631,
                                                      "Actual Total Time": 2.632,
                                                      "Actual Rows": 24592,
                                                      "Actual Loops": 1,
                                                      "Index Cond": "(status_id = cct1.id)"
                                                    }
                                                  ]
                                                }
                                              ]
                                            },
                                            {
                                              "Node Type": "Index Scan",
                                              "Parent Relationship": "Inner",
                                              "Parallel Aware": false,
                                              "Scan Direction": "Forward",
                                              "Index Name": "title_pkey",
                                              "Relation Name": "title",
                                              "Alias": "t",
                                              "Startup Cost": 0.43,
                                              "Total Cost": 1.78,
                                              "Plan Rows": 1,
                                              "Plan Width": 25,
                                              "Actual Startup Time": 0.006,
                                              "Actual Total Time": 0.006,
                                              "Actual Rows": 0,
                                              "Actual Loops": 24592,
                                              "Index Cond": "(id = cc.movie_id)",
                                              "Rows Removed by Index Recheck": 0,
                                              "Filter": "(production_year > 2000)",
                                              "Rows Removed by Filter": 1
                                            }
                                          ]
                                        }
                                      ]
                                    },
                                    {
                                      "Node Type": "Index Scan",
                                      "Parent Relationship": "Inner",
                                      "Parallel Aware": false,
                                      "Scan Direction": "Forward",
                                      "Index Name": "movie_id_movie_info",
                                      "Relation Name": "movie_info",
                                      "Alias": "mi",
                                      "Startup Cost": 0.43,
                                      "Total Cost": 2.11,
                                      "Plan Rows": 1,
                                      "Plan Width": 8,
                                      "Actual Startup Time": 0.149,
                                      "Actual Total Time": 0.149,
                                      "Actual Rows": 0,
                                      "Actual Loops": 1033,
                                      "Index Cond": "(movie_id = t.id)",
                                      "Rows Removed by Index Recheck": 0,
                                      "Filter": "((info IS NOT NULL) AND (note ~~ '%internet%'::text) AND ((info ~~ 'USA:% 199%'::text) OR (info ~~ 'USA:% 200%'::text)))",
                                      "Rows Removed by Filter": 211
                                    }
                                  ]
                                },
                                {
                                  "Node Type": "Index Scan",
                                  "Parent Relationship": "Inner",
                                  "Parallel Aware": false,
                                  "Scan Direction": "Forward",
                                  "Index Name": "info_type_pkey",
                                  "Relation Name": "info_type",
                                  "Alias": "it1",
                                  "Startup Cost": 0.14,
                                  "Total Cost": 0.21,
                                  "Plan Rows": 1,
                                  "Plan Width": 4,
                                  "Actual Startup Time": 0.006,
                                  "Actual Total Time": 0.006,
                                  "Actual Rows": 1,
                                  "Actual Loops": 5,
                                  "Index Cond": "(id = mi.info_type_id)",
                                  "Rows Removed by Index Recheck": 0,
                                  "Filter": "((info)::text = 'release dates'::text)",
                                  "Rows Removed by Filter": 0
                                }
                              ]
                            },
                            {
                              "Node Type": "Index Scan",
                              "Parent Relationship": "Inner",
                              "Parallel Aware": false,
                              "Scan Direction": "Forward",
                              "Index Name": "movie_id_movie_keyword",
                              "Relation Name": "movie_keyword",
                              "Alias": "mk",
                              "Startup Cost": 0.43,
                              "Total Cost": 1.35,
                              "Plan Rows": 45,
                              "Plan Width": 8,
                              "Actual Startup Time": 0.029,
                              "Actual Total Time": 0.062,
                              "Actual Rows": 123,
                              "Actual Loops": 5,
                              "Index Cond": "(movie_id = t.id)",
                              "Rows Removed by Index Recheck": 0
                            }
                          ]
                        },
                        {
                          "Node Type": "Index Scan",
                          "Parent Relationship": "Inner",
                          "Parallel Aware": false,
                          "Scan Direction": "Forward",
                          "Index Name": "movie_id_movie_companies",
                          "Relation Name": "movie_companies",
                          "Alias": "mc",
                          "Startup Cost": 0.43,
                          "Total Cost": 0.54,
                          "Plan Rows": 5,
                          "Plan Width": 12,
                          "Actual Startup Time": 0.002,
                          "Actual Total Time": 0.002,
                          "Actual Rows": 1,
                          "Actual Loops": 615,
                          "Index Cond": "(movie_id = mk.movie_id)",
                          "Rows Removed by Index Recheck": 0
                        }
                      ]
                    },
                    {
                      "Node Type": "Index Scan",
                      "Parent Relationship": "Inner",
                      "Parallel Aware": false,
                      "Scan Direction": "Forward",
                      "Index Name": "company_name_pkey",
                      "Relation Name": "company_name",
                      "Alias": "cn",
                      "Startup Cost": 0.42,
                      "Total Cost": 0.45,
                      "Plan Rows": 1,
                      "Plan Width": 4,
                      "Actual Startup Time": 0.002,
                      "Actual Total Time": 0.002,
                      "Actual Rows": 1,
                      "Actual Loops": 618,
                      "Index Cond": "(id = mc.company_id)",
                      "Rows Removed by Index Recheck": 0,
                      "Filter": "((country_code)::text = '[us]'::text)",
                      "Rows Removed by Filter": 0
                    }
                  ]
                },
                {
                  "Node Type": "Index Only Scan",
                  "Parent Relationship": "Inner",
                  "Parallel Aware": false,
                  "Scan Direction": "Forward",
                  "Index Name": "company_type_pkey",
                  "Relation Name": "company_type",
                  "Alias": "ct",
                  "Startup Cost": 0.13,
                  "Total Cost": 0.15,
                  "Plan Rows": 1,
                  "Plan Width": 4,
                  "Actual Startup Time": 0.001,
                  "Actual Total Time": 0.001,
                  "Actual Rows": 1,
                  "Actual Loops": 618,
                  "Index Cond": "(id = mc.company_type_id)",
                  "Rows Removed by Index Recheck": 0,
                  "Heap Fetches": 618
                }
              ]
            },
            {
              "Node Type": "Index Only Scan",
              "Parent Relationship": "Inner",
              "Parallel Aware": false,
              "Scan Direction": "Forward",
              "Index Name": "keyword_pkey",
              "Relation Name": "keyword",
              "Alias": "k",
              "Startup Cost": 0.42,
              "Total Cost": 0.44,
              "Plan Rows": 1,
              "Plan Width": 4,
              "Actual Startup Time": 0.006,
              "Actual Total Time": 0.006,
              "Actual Rows": 1,
              "Actual Loops": 618,
              "Index Cond": "(id = mk.keyword_id)",
              "Rows Removed by Index Recheck": 0,
              "Heap Fetches": 618
            }
          ]
        }
      ]
    },
    "Planning Time": 1507.308,
    "Triggers": [],
    "Execution Time": 350.637
  }
]