[
  {
    "Plan": {
      "Node Type": "Aggregate",
      "Strategy": "Plain",
      "Partial Mode": "Finalize",
      "Parallel Aware": false,
      "Startup Cost": 77282.61,
      "Total Cost": 77282.62,
      "Plan Rows": 1,
      "Plan Width": 8,
      "Actual Startup Time": 259.834,
      "Actual Total Time": 281.645,
      "Actual Rows": 1,
      "Actual Loops": 1,
      "Plans": [
        {
          "Node Type": "Gather",
          "Parent Relationship": "Outer",
          "Parallel Aware": false,
          "Startup Cost": 77282.3,
          "Total Cost": 77282.61,
          "Plan Rows": 3,
          "Plan Width": 8,
          "Actual Startup Time": 256.685,
          "Actual Total Time": 281.635,
          "Actual Rows": 4,
          "Actual Loops": 1,
          "Workers Planned": 3,
          "Workers Launched": 3,
          "Single Copy": false,
          "Plans": [
            {
              "Node Type": "Aggregate",
              "Strategy": "Plain",
              "Partial Mode": "Partial",
              "Parent Relationship": "Outer",
              "Parallel Aware": false,
              "Startup Cost": 76282.3,
              "Total Cost": 76282.31,
              "Plan Rows": 1,
              "Plan Width": 8,
              "Actual Startup Time": 247.315,
              "Actual Total Time": 247.32,
              "Actual Rows": 1,
              "Actual Loops": 4,
              "Plans": [
                {
                  "Node Type": "Hash Join",
                  "Parent Relationship": "Outer",
                  "Parallel Aware": true,
                  "Join Type": "Inner",
                  "Startup Cost": 50816.29,
                  "Total Cost": 76261.02,
                  "Plan Rows": 8510,
                  "Plan Width": 0,
                  "Actual Startup Time": 183.802,
                  "Actual Total Time": 245.414,
                  "Actual Rows": 27860,
                  "Actual Loops": 4,
                  "Inner Unique": true,
                  "Hash Cond": "(mk.movie_id = t.id)",
                  "Plans": [
                    {
                      "Node Type": "Bitmap Heap Scan",
                      "Parent Relationship": "Outer",
                      "Parallel Aware": true,
                      "Relation Name": "movie_keyword",
                      "Alias": "mk",
                      "Startup Cost": 4310.14,
                      "Total Cost": 29582.93,
                      "Plan Rows": 65503,
                      "Plan Width": 4,
                      "Actual Startup Time": 16.598,
                      "Actual Total Time": 63.844,
                      "Actual Rows": 51587,
                      "Actual Loops": 4,
                      "Recheck Cond": "(keyword_id > 67291)",
                      "Rows Removed by Index Recheck": 0,
                      "Exact Heap Blocks": 8188,
                      "Lossy Heap Blocks": 0,
                      "Plans": [
                        {
                          "Node Type": "Bitmap Index Scan",
                          "Parent Relationship": "Outer",
                          "Parallel Aware": false,
                          "Index Name": "keyword_id_movie_keyword",
                          "Startup Cost": 0.0,
                          "Total Cost": 4259.38,
                          "Plan Rows": 203059,
                          "Plan Width": 0,
                          "Actual Startup Time": 13.307,
                          "Actual Total Time": 13.309,
                          "Actual Rows": 206349,
                          "Actual Loops": 1,
                          "Index Cond": "(keyword_id > 67291)"
                        }
                      ]
                    },
                    {
                      "Node Type": "Hash",
                      "Parent Relationship": "Inner",
                      "Parallel Aware": true,
                      "Startup Cost": 45479.59,
                      "Total Cost": 45479.59,
                      "Plan Rows": 82125,
                      "Plan Width": 4,
                      "Actual Startup Time": 161.631,
                      "Actual Total Time": 161.632,
                      "Actual Rows": 102880,
                      "Actual Loops": 4,
                      "Hash Buckets": 524288,
                      "Original Hash Buckets": 524288,
                      "Hash Batches": 1,
                      "Original Hash Batches": 1,
                      "Peak Memory Usage": 20256,
                      "Plans": [
                        {
                          "Node Type": "Seq Scan",
                          "Parent Relationship": "Outer",
                          "Parallel Aware": true,
                          "Relation Name": "title",
                          "Alias": "t",
                          "Startup Cost": 0.0,
                          "Total Cost": 45479.59,
                          "Plan Rows": 82125,
                          "Plan Width": 4,
                          "Actual Startup Time": 66.617,
                          "Actual Total Time": 120.896,
                          "Actual Rows": 102880,
                          "Actual Loops": 4,
                          "Filter": "((production_year < 2004) AND (kind_id = 1))",
                          "Rows Removed by Filter": 529198
                        }
                      ]
                    }
                  ]
                }
              ]
            }
          ]
        }
      ]
    },
    "Planning Time": 0.529,
    "Triggers": [],
    "Execution Time": 281.713
  }
]