{
  "Plan": {
    "Node Type": "Aggregate",
    "Strategy": "Plain",
    "Partial Mode": "Finalize",
    "Parallel Aware": false,
    "Startup Cost": 547364.88,
    "Total Cost": 547364.89,
    "Plan Rows": 1,
    "Plan Width": 8,
    "Actual Startup Time": 1893.353,
    "Actual Total Time": 1923.022,
    "Actual Rows": 1,
    "Actual Loops": 1,
    "Plans": [
      {
        "Node Type": "Gather",
        "Parent Relationship": "Outer",
        "Parallel Aware": false,
        "Startup Cost": 547364.76,
        "Total Cost": 547364.87,
        "Plan Rows": 1,
        "Plan Width": 8,
        "Actual Startup Time": 1888.166,
        "Actual Total Time": 1923.011,
        "Actual Rows": 2,
        "Actual Loops": 1,
        "Workers Planned": 1,
        "Workers Launched": 1,
        "Single Copy": false,
        "Plans": [
          {
            "Node Type": "Aggregate",
            "Strategy": "Plain",
            "Partial Mode": "Partial",
            "Parent Relationship": "Outer",
            "Parallel Aware": false,
            "Startup Cost": 546364.76,
            "Total Cost": 546364.77,
            "Plan Rows": 1,
            "Plan Width": 8,
            "Actual Startup Time": 1882.451,
            "Actual Total Time": 1882.456,
            "Actual Rows": 1,
            "Actual Loops": 2,
            "Plans": [
              {
                "Node Type": "Hash Join",
                "Parent Relationship": "Outer",
                "Parallel Aware": true,
                "Join Type": "Inner",
                "Startup Cost": 218165.3,
                "Total Cost": 539946.0,
                "Plan Rows": 2567507,
                "Plan Width": 0,
                "Actual Startup Time": 718.86,
                "Actual Total Time": 1831.941,
                "Actual Rows": 1186801,
                "Actual Loops": 2,
                "Inner Unique": true,
                "Hash Cond": "(ci.movie_id = t.id)",
                "Plans": [
                  {
                    "Node Type": "Bitmap Heap Scan",
                    "Parent Relationship": "Outer",
                    "Parallel Aware": true,
                    "Relation Name": "cast_info",
                    "Alias": "ci",
                    "Startup Cost": 149863.4,
                    "Total Cost": 462507.56,
                    "Plan Rows": 3480580,
                    "Plan Width": 4,
                    "Actual Startup Time": 301.463,
                    "Actual Total Time": 723.973,
                    "Actual Rows": 1831812,
                    "Actual Loops": 2,
                    "Recheck Cond": "(person_id > 2995897)",
                    "Rows Removed by Index Recheck": 0,
                    "Filter": "(role_id < 10)",
                    "Rows Removed by Filter": 1483735,
                    "Exact Heap Blocks": 45033,
                    "Lossy Heap Blocks": 0,
                    "Plans": [
                      {
                        "Node Type": "Bitmap Index Scan",
                        "Parent Relationship": "Outer",
                        "Parallel Aware": false,
                        "Index Name": "person_id_cast_info",
                        "Startup Cost": 0.0,
                        "Total Cost": 148384.15,
                        "Plan Rows": 6795145,
                        "Plan Width": 0,
                        "Actual Startup Time": 286.744,
                        "Actual Total Time": 286.745,
                        "Actual Rows": 6631094,
                        "Actual Loops": 1,
                        "Index Cond": "(person_id > 2995897)"
                      }
                    ]
                  },
                  {
                    "Node Type": "Hash",
                    "Parent Relationship": "Inner",
                    "Parallel Aware": true,
                    "Startup Cost": 54588.39,
                    "Total Cost": 54588.39,
                    "Plan Rows": 1097081,
                    "Plan Width": 4,
                    "Actual Startup Time": 404.443,
                    "Actual Total Time": 404.444,
                    "Actual Rows": 932744,
                    "Actual Loops": 2,
                    "Hash Buckets": 2097152,
                    "Original Hash Buckets": 2097152,
                    "Hash Batches": 1,
                    "Original Hash Batches": 1,
                    "Peak Memory Usage": 89408,
                    "Plans": [
                      {
                        "Node Type": "Seq Scan",
                        "Parent Relationship": "Outer",
                        "Parallel Aware": true,
                        "Relation Name": "title",
                        "Alias": "t",
                        "Startup Cost": 0.0,
                        "Total Cost": 54588.39,
                        "Plan Rows": 1097081,
                        "Plan Width": 4,
                        "Actual Startup Time": 0.025,
                        "Actual Total Time": 167.73,
                        "Actual Rows": 932744,
                        "Actual Loops": 2,
                        "Filter": "(kind_id > 1)",
                        "Rows Removed by Filter": 331412
                      }
                    ]
                  }
                ]
              }
            ]
          }
        ]
      }
    ]
  },
  "Planning Time": 0.597,
  "Triggers": [],
  "Execution Time": 1923.103
}