[
  {
    "Plan": {
      "Node Type": "Aggregate",
      "Strategy": "Plain",
      "Partial Mode": "Simple",
      "Parallel Aware": false,
      "Startup Cost": 3253.26,
      "Total Cost": 3253.27,
      "Plan Rows": 1,
      "Plan Width": 8,
      "Actual Startup Time": 12.289,
      "Actual Total Time": 12.29,
      "Actual Rows": 1,
      "Actual Loops": 1,
      "Plans": [
        {
          "Node Type": "Nested Loop",
          "Parent Relationship": "Outer",
          "Parallel Aware": false,
          "Join Type": "Inner",
          "Startup Cost": 0.99,
          "Total Cost": 3253.24,
          "Plan Rows": 7,
          "Plan Width": 0,
          "Actual Startup Time": 11.882,
          "Actual Total Time": 12.285,
          "Actual Rows": 1,
          "Actual Loops": 1,
          "Inner Unique": true,
          "Plans": [
            {
              "Node Type": "Index Scan",
              "Parent Relationship": "Outer",
              "Parallel Aware": false,
              "Scan Direction": "Forward",
              "Index Name": "person_id_cast_info",
              "Relation Name": "cast_info",
              "Alias": "ci",
              "Startup Cost": 0.56,
              "Total Cost": 987.07,
              "Plan Rows": 270,
              "Plan Width": 4,
              "Actual Startup Time": 11.809,
              "Actual Total Time": 11.853,
              "Actual Rows": 72,
              "Actual Loops": 1,
              "Index Cond": "(person_id = 2466733)",
              "Rows Removed by Index Recheck": 0,
              "Filter": "(role_id < 3)",
              "Rows Removed by Filter": 50
            },
            {
              "Node Type": "Index Scan",
              "Parent Relationship": "Inner",
              "Parallel Aware": false,
              "Scan Direction": "Forward",
              "Index Name": "title_pkey",
              "Relation Name": "title",
              "Alias": "t",
              "Startup Cost": 0.43,
              "Total Cost": 8.39,
              "Plan Rows": 1,
              "Plan Width": 4,
              "Actual Startup Time": 0.006,
              "Actual Total Time": 0.006,
              "Actual Rows": 0,
              "Actual Loops": 72,
              "Index Cond": "(id = ci.movie_id)",
              "Rows Removed by Index Recheck": 0,
              "Filter": "((kind_id < 7) AND (production_year = 2012))",
              "Rows Removed by Filter": 1
            }
          ]
        }
      ]
    },
    "Planning Time": 0.302,
    "Triggers": [],
    "Execution Time": 12.321
  }
]