[
  {
    "Plan": {
      "Node Type": "Aggregate",
      "Strategy": "Plain",
      "Partial Mode": "Finalize",
      "Parallel Aware": false,
      "Startup Cost": 69108.1,
      "Total Cost": 69108.11,
      "Plan Rows": 1,
      "Plan Width": 32,
      "Actual Startup Time": 167.558,
      "Actual Total Time": 179.581,
      "Actual Rows": 1,
      "Actual Loops": 1,
      "Plans": [
        {
          "Node Type": "Gather",
          "Parent Relationship": "Outer",
          "Parallel Aware": false,
          "Startup Cost": 69107.79,
          "Total Cost": 69108.1,
          "Plan Rows": 3,
          "Plan Width": 32,
          "Actual Startup Time": 167.41,
          "Actual Total Time": 179.575,
          "Actual Rows": 4,
          "Actual Loops": 1,
          "Workers Planned": 3,
          "Workers Launched": 3,
          "Single Copy": false,
          "Plans": [
            {
              "Node Type": "Aggregate",
              "Strategy": "Plain",
              "Partial Mode": "Partial",
              "Parent Relationship": "Outer",
              "Parallel Aware": false,
              "Startup Cost": 68107.79,
              "Total Cost": 68107.8,
              "Plan Rows": 1,
              "Plan Width": 32,
              "Actual Startup Time": 156.829,
              "Actual Total Time": 156.834,
              "Actual Rows": 1,
              "Actual Loops": 4,
              "Plans": [
                {
                  "Node Type": "Hash Join",
                  "Parent Relationship": "Outer",
                  "Parallel Aware": false,
                  "Join Type": "Inner",
                  "Startup Cost": 5.47,
                  "Total Cost": 68066.56,
                  "Plan Rows": 16489,
                  "Plan Width": 17,
                  "Actual Startup Time": 105.782,
                  "Actual Total Time": 156.761,
                  "Actual Rows": 213,
                  "Actual Loops": 4,
                  "Inner Unique": true,
                  "Hash Cond": "(mi.info_type_id = it.id)",
                  "Plans": [
                    {
                      "Node Type": "Nested Loop",
                      "Parent Relationship": "Outer",
                      "Parallel Aware": false,
                      "Join Type": "Inner",
                      "Startup Cost": 1.93,
                      "Total Cost": 68018.11,
                      "Plan Rows": 16489,
                      "Plan Width": 21,
                      "Actual Startup Time": 105.683,
                      "Actual Total Time": 156.535,
                      "Actual Rows": 213,
                      "Actual Loops": 4,
                      "Inner Unique": false,
                      "Plans": [
                        {
                          "Node Type": "Nested Loop",
                          "Parent Relationship": "Outer",
                          "Parallel Aware": false,
                          "Join Type": "Inner",
                          "Startup Cost": 1.49,
                          "Total Cost": 52899.32,
                          "Plan Rows": 5904,
                          "Plan Width": 25,
                          "Actual Startup Time": 105.489,
                          "Actual Total Time": 144.041,
                          "Actual Rows": 119,
                          "Actual Loops": 4,
                          "Inner Unique": true,
                          "Plans": [
                            {
                              "Node Type": "Hash Join",
                              "Parent Relationship": "Outer",
                              "Parallel Aware": false,
                              "Join Type": "Inner",
                              "Startup Cost": 1.06,
                              "Total Cost": 31735.32,
                              "Plan Rows": 14772,
                              "Plan Width": 4,
                              "Actual Startup Time": 103.572,
                              "Actual Total Time": 139.842,
                              "Actual Rows": 200,
                              "Actual Loops": 4,
                              "Inner Unique": true,
                              "Hash Cond": "(mc.company_type_id = ct.id)",
                              "Plans": [
                                {
                                  "Node Type": "Seq Scan",
                                  "Parent Relationship": "Outer",
                                  "Parallel Aware": true,
                                  "Relation Name": "movie_companies",
                                  "Alias": "mc",
                                  "Startup Cost": 0.0,
                                  "Total Cost": 31414.82,
                                  "Plan Rows": 59087,
                                  "Plan Width": 8,
                                  "Actual Startup Time": 0.107,
                                  "Actual Total Time": 133.12,
                                  "Actual Rows": 73907,
                                  "Actual Loops": 4,
                                  "Filter": "((note !~~ '%(TV)%'::text) AND (note ~~ '%(USA)%'::text))",
                                  "Rows Removed by Filter": 578375
                                },
                                {
                                  "Node Type": "Hash",
                                  "Parent Relationship": "Inner",
                                  "Parallel Aware": false,
                                  "Startup Cost": 1.05,
                                  "Total Cost": 1.05,
                                  "Plan Rows": 1,
                                  "Plan Width": 4,
                                  "Actual Startup Time": 0.071,
                                  "Actual Total Time": 0.071,
                                  "Actual Rows": 1,
                                  "Actual Loops": 4,
                                  "Hash Buckets": 1024,
                                  "Original Hash Buckets": 1024,
                                  "Hash Batches": 1,
                                  "Original Hash Batches": 1,
                                  "Peak Memory Usage": 9,
                                  "Plans": [
                                    {
                                      "Node Type": "Seq Scan",
                                      "Parent Relationship": "Outer",
                                      "Parallel Aware": false,
                                      "Relation Name": "company_type",
                                      "Alias": "ct",
                                      "Startup Cost": 0.0,
                                      "Total Cost": 1.05,
                                      "Plan Rows": 1,
                                      "Plan Width": 4,
                                      "Actual Startup Time": 0.048,
                                      "Actual Total Time": 0.051,
                                      "Actual Rows": 1,
                                      "Actual Loops": 4,
                                      "Filter": "((kind)::text = 'production companies'::text)",
                                      "Rows Removed by Filter": 3
                                    }
                                  ]
                                }
                              ]
                            },
                            {
                              "Node Type": "Index Scan",
                              "Parent Relationship": "Inner",
                              "Parallel Aware": false,
                              "Scan Direction": "Forward",
                              "Index Name": "title_pkey",
                              "Relation Name": "title",
                              "Alias": "t",
                              "Startup Cost": 0.43,
                              "Total Cost": 1.43,
                              "Plan Rows": 1,
                              "Plan Width": 21,
                              "Actual Startup Time": 0.02,
                              "Actual Total Time": 0.02,
                              "Actual Rows": 1,
                              "Actual Loops": 798,
                              "Index Cond": "(id = mc.movie_id)",
                              "Rows Removed by Index Recheck": 0,
                              "Filter": "(production_year > 2005)",
                              "Rows Removed by Filter": 0
                            }
                          ]
                        },
                        {
                          "Node Type": "Index Scan",
                          "Parent Relationship": "Inner",
                          "Parallel Aware": false,
                          "Scan Direction": "Forward",
                          "Index Name": "movie_id_movie_info",
                          "Relation Name": "movie_info",
                          "Alias": "mi",
                          "Startup Cost": 0.43,
                          "Total Cost": 2.52,
                          "Plan Rows": 4,
                          "Plan Width": 8,
                          "Actual Startup Time": 0.038,
                          "Actual Total Time": 0.104,
                          "Actual Rows": 2,
                          "Actual Loops": 477,
                          "Index Cond": "(movie_id = t.id)",
                          "Rows Removed by Index Recheck": 0,
                          "Filter": "(info = ANY ('{Germany,American,Denmark,Norway,English,Swedish,Denish,Danish,USA,America}'::text[]))",
                          "Rows Removed by Filter": 10
                        }
                      ]
                    },
                    {
                      "Node Type": "Hash",
                      "Parent Relationship": "Inner",
                      "Parallel Aware": false,
                      "Startup Cost": 2.13,
                      "Total Cost": 2.13,
                      "Plan Rows": 113,
                      "Plan Width": 4,
                      "Actual Startup Time": 0.067,
                      "Actual Total Time": 0.068,
                      "Actual Rows": 113,
                      "Actual Loops": 4,
                      "Hash Buckets": 1024,
                      "Original Hash Buckets": 1024,
                      "Hash Batches": 1,
                      "Original Hash Batches": 1,
                      "Peak Memory Usage": 12,
                      "Plans": [
                        {
                          "Node Type": "Seq Scan",
                          "Parent Relationship": "Outer",
                          "Parallel Aware": false,
                          "Relation Name": "info_type",
                          "Alias": "it",
                          "Startup Cost": 0.0,
                          "Total Cost": 2.13,
                          "Plan Rows": 113,
                          "Plan Width": 4,
                          "Actual Startup Time": 0.029,
                          "Actual Total Time": 0.04,
                          "Actual Rows": 113,
                          "Actual Loops": 4
                        }
                      ]
                    }
                  ]
                }
              ]
            }
          ]
        }
      ]
    },
    "Planning Time": 8.381,
    "Triggers": [],
    "Execution Time": 179.982
  }
]