[
  {
    "Plan": {
      "Node Type": "Aggregate",
      "Strategy": "Plain",
      "Partial Mode": "Finalize",
      "Parallel Aware": false,
      "Startup Cost": 90163.91,
      "Total Cost": 90163.92,
      "Plan Rows": 1,
      "Plan Width": 8,
      "Actual Startup Time": 335.844,
      "Actual Total Time": 351.064,
      "Actual Rows": 1,
      "Actual Loops": 1,
      "Plans": [
        {
          "Node Type": "Gather",
          "Parent Relationship": "Outer",
          "Parallel Aware": false,
          "Startup Cost": 90163.59,
          "Total Cost": 90163.9,
          "Plan Rows": 3,
          "Plan Width": 8,
          "Actual Startup Time": 332.6,
          "Actual Total Time": 351.053,
          "Actual Rows": 4,
          "Actual Loops": 1,
          "Workers Planned": 3,
          "Workers Launched": 3,
          "Single Copy": false,
          "Plans": [
            {
              "Node Type": "Aggregate",
              "Strategy": "Plain",
              "Partial Mode": "Partial",
              "Parent Relationship": "Outer",
              "Parallel Aware": false,
              "Startup Cost": 89163.59,
              "Total Cost": 89163.6,
              "Plan Rows": 1,
              "Plan Width": 8,
              "Actual Startup Time": 323.467,
              "Actual Total Time": 323.471,
              "Actual Rows": 1,
              "Actual Loops": 4,
              "Plans": [
                {
                  "Node Type": "Hash Join",
                  "Parent Relationship": "Outer",
                  "Parallel Aware": true,
                  "Join Type": "Inner",
                  "Startup Cost": 45557.71,
                  "Total Cost": 89011.95,
                  "Plan Rows": 60655,
                  "Plan Width": 0,
                  "Actual Startup Time": 175.122,
                  "Actual Total Time": 322.245,
                  "Actual Rows": 20670,
                  "Actual Loops": 4,
                  "Inner Unique": true,
                  "Hash Cond": "(mk.movie_id = t.id)",
                  "Plans": [
                    {
                      "Node Type": "Seq Scan",
                      "Parent Relationship": "Outer",
                      "Parallel Aware": true,
                      "Relation Name": "movie_keyword",
                      "Alias": "mk",
                      "Startup Cost": 0.0,
                      "Total Cost": 42695.65,
                      "Plan Rows": 288987,
                      "Plan Width": 4,
                      "Actual Startup Time": 0.037,
                      "Actual Total Time": 108.107,
                      "Actual Rows": 225976,
                      "Actual Loops": 4,
                      "Filter": "(keyword_id < 858)",
                      "Rows Removed by Filter": 905006
                    },
                    {
                      "Node Type": "Hash",
                      "Parent Relationship": "Inner",
                      "Parallel Aware": true,
                      "Startup Cost": 43899.32,
                      "Total Cost": 43899.32,
                      "Plan Rows": 132671,
                      "Plan Width": 4,
                      "Actual Startup Time": 171.198,
                      "Actual Total Time": 171.2,
                      "Actual Rows": 133342,
                      "Actual Loops": 4,
                      "Hash Buckets": 1048576,
                      "Original Hash Buckets": 1048576,
                      "Hash Batches": 1,
                      "Original Hash Batches": 1,
                      "Peak Memory Usage": 29120,
                      "Plans": [
                        {
                          "Node Type": "Seq Scan",
                          "Parent Relationship": "Outer",
                          "Parallel Aware": true,
                          "Relation Name": "title",
                          "Alias": "t",
                          "Startup Cost": 0.0,
                          "Total Cost": 43899.32,
                          "Plan Rows": 132671,
                          "Plan Width": 4,
                          "Actual Startup Time": 0.038,
                          "Actual Total Time": 119.021,
                          "Actual Rows": 133342,
                          "Actual Loops": 4,
                          "Filter": "(production_year > 2009)",
                          "Rows Removed by Filter": 498736
                        }
                      ]
                    }
                  ]
                }
              ]
            }
          ]
        }
      ]
    },
    "Planning Time": 0.329,
    "Triggers": [],
    "Execution Time": 351.111
  }
]