[
  {
    "Plan": {
      "Node Type": "Aggregate",
      "Strategy": "Plain",
      "Partial Mode": "Finalize",
      "Parallel Aware": false,
      "Startup Cost": 270061.8,
      "Total Cost": 270061.81,
      "Plan Rows": 1,
      "Plan Width": 8,
      "Actual Startup Time": 635.813,
      "Actual Total Time": 655.853,
      "Actual Rows": 1,
      "Actual Loops": 1,
      "Plans": [
        {
          "Node Type": "Gather",
          "Parent Relationship": "Outer",
          "Parallel Aware": false,
          "Startup Cost": 270061.48,
          "Total Cost": 270061.79,
          "Plan Rows": 3,
          "Plan Width": 8,
          "Actual Startup Time": 625.358,
          "Actual Total Time": 655.829,
          "Actual Rows": 4,
          "Actual Loops": 1,
          "Workers Planned": 3,
          "Workers Launched": 3,
          "Single Copy": false,
          "Plans": [
            {
              "Node Type": "Aggregate",
              "Strategy": "Plain",
              "Partial Mode": "Partial",
              "Parent Relationship": "Outer",
              "Parallel Aware": false,
              "Startup Cost": 269061.48,
              "Total Cost": 269061.49,
              "Plan Rows": 1,
              "Plan Width": 8,
              "Actual Startup Time": 620.703,
              "Actual Total Time": 620.711,
              "Actual Rows": 1,
              "Actual Loops": 4,
              "Plans": [
                {
                  "Node Type": "Hash Join",
                  "Parent Relationship": "Outer",
                  "Parallel Aware": true,
                  "Join Type": "Inner",
                  "Startup Cost": 223553.08,
                  "Total Cost": 268512.27,
                  "Plan Rows": 219686,
                  "Plan Width": 0,
                  "Actual Startup Time": 414.872,
                  "Actual Total Time": 616.079,
                  "Actual Rows": 92116,
                  "Actual Loops": 4,
                  "Inner Unique": false,
                  "Hash Cond": "(mk.movie_id = t.id)",
                  "Plans": [
                    {
                      "Node Type": "Seq Scan",
                      "Parent Relationship": "Outer",
                      "Parallel Aware": true,
                      "Relation Name": "movie_keyword",
                      "Alias": "mk",
                      "Startup Cost": 0.0,
                      "Total Cost": 39047.32,
                      "Plan Rows": 1459332,
                      "Plan Width": 4,
                      "Actual Startup Time": 0.07,
                      "Actual Total Time": 97.094,
                      "Actual Rows": 1130982,
                      "Actual Loops": 4
                    },
                    {
                      "Node Type": "Hash",
                      "Parent Relationship": "Inner",
                      "Parallel Aware": true,
                      "Startup Cost": 222601.52,
                      "Total Cost": 222601.52,
                      "Plan Rows": 76125,
                      "Plan Width": 8,
                      "Actual Startup Time": 412.873,
                      "Actual Total Time": 412.879,
                      "Actual Rows": 17202,
                      "Actual Loops": 4,
                      "Hash Buckets": 524288,
                      "Original Hash Buckets": 524288,
                      "Hash Batches": 1,
                      "Original Hash Batches": 1,
                      "Peak Memory Usage": 6848,
                      "Plans": [
                        {
                          "Node Type": "Hash Join",
                          "Parent Relationship": "Outer",
                          "Parallel Aware": true,
                          "Join Type": "Inner",
                          "Startup Cost": 59050.26,
                          "Total Cost": 222601.52,
                          "Plan Rows": 76125,
                          "Plan Width": 8,
                          "Actual Startup Time": 335.053,
                          "Actual Total Time": 398.186,
                          "Actual Rows": 17202,
                          "Actual Loops": 4,
                          "Inner Unique": true,
                          "Hash Cond": "(mi.movie_id = t.id)",
                          "Plans": [
                            {
                              "Node Type": "Bitmap Heap Scan",
                              "Parent Relationship": "Outer",
                              "Parallel Aware": true,
                              "Relation Name": "movie_info",
                              "Alias": "mi",
                              "Startup Cost": 9312.65,
                              "Total Cost": 172593.47,
                              "Plan Rows": 103025,
                              "Plan Width": 4,
                              "Actual Startup Time": 29.556,
                              "Actual Total Time": 52.804,
                              "Actual Rows": 131691,
                              "Actual Loops": 4,
                              "Recheck Cond": "(info_type_id > 102)",
                              "Rows Removed by Index Recheck": 0,
                              "Exact Heap Blocks": 1615,
                              "Lossy Heap Blocks": 0,
                              "Plans": [
                                {
                                  "Node Type": "Bitmap Index Scan",
                                  "Parent Relationship": "Outer",
                                  "Parallel Aware": false,
                                  "Index Name": "info_type_id_movie_info",
                                  "Startup Cost": 0.0,
                                  "Total Cost": 9183.87,
                                  "Plan Rows": 515125,
                                  "Plan Width": 0,
                                  "Actual Startup Time": 28.304,
                                  "Actual Total Time": 28.304,
                                  "Actual Rows": 526764,
                                  "Actual Loops": 1,
                                  "Index Cond": "(info_type_id > 102)"
                                }
                              ]
                            },
                            {
                              "Node Type": "Hash",
                              "Parent Relationship": "Inner",
                              "Parallel Aware": true,
                              "Startup Cost": 43899.32,
                              "Total Cost": 43899.32,
                              "Plan Rows": 467063,
                              "Plan Width": 4,
                              "Actual Startup Time": 299.856,
                              "Actual Total Time": 299.857,
                              "Actual Rows": 466372,
                              "Actual Loops": 4,
                              "Hash Buckets": 2097152,
                              "Original Hash Buckets": 2097152,
                              "Hash Batches": 1,
                              "Original Hash Batches": 1,
                              "Peak Memory Usage": 89440,
                              "Plans": [
                                {
                                  "Node Type": "Seq Scan",
                                  "Parent Relationship": "Outer",
                                  "Parallel Aware": true,
                                  "Relation Name": "title",
                                  "Alias": "t",
                                  "Startup Cost": 0.0,
                                  "Total Cost": 43899.32,
                                  "Plan Rows": 467063,
                                  "Plan Width": 4,
                                  "Actual Startup Time": 0.048,
                                  "Actual Total Time": 120.187,
                                  "Actual Rows": 466372,
                                  "Actual Loops": 4,
                                  "Filter": "(kind_id > 1)",
                                  "Rows Removed by Filter": 165706
                                }
                              ]
                            }
                          ]
                        }
                      ]
                    }
                  ]
                }
              ]
            }
          ]
        }
      ]
    },
    "Planning Time": 0.769,
    "Triggers": [],
    "Execution Time": 655.914
  }
]