[
    {
        "Bao": {
            "Bao prediction": 1254.802,
            "Bao recommended hint": "(no hint)"
        }
    },
    {
        "Plan": {
            "Node Type": "Aggregate",
            "Strategy": "Plain",
            "Partial Mode": "Finalize",
            "Parallel Aware": false,
            "Startup Cost": 124269.68,
            "Total Cost": 124269.69,
            "Plan Rows": 1,
            "Plan Width": 8,
            "Actual Startup Time": 747.834,
            "Actual Total Time": 769.935,
            "Actual Rows": 1,
            "Actual Loops": 1,
            "Output": [
                "count(*)"
            ],
            "Plans": [
                {
                    "Node Type": "Gather",
                    "Parent Relationship": "Outer",
                    "Parallel Aware": false,
                    "Startup Cost": 124269.37,
                    "Total Cost": 124269.68,
                    "Plan Rows": 3,
                    "Plan Width": 8,
                    "Actual Startup Time": 743.401,
                    "Actual Total Time": 769.918,
                    "Actual Rows": 4,
                    "Actual Loops": 1,
                    "Output": [
                        "(PARTIAL count(*))"
                    ],
                    "Workers Planned": 3,
                    "Workers Launched": 3,
                    "Single Copy": false,
                    "Plans": [
                        {
                            "Node Type": "Aggregate",
                            "Strategy": "Plain",
                            "Partial Mode": "Partial",
                            "Parent Relationship": "Outer",
                            "Parallel Aware": false,
                            "Startup Cost": 123269.37,
                            "Total Cost": 123269.38,
                            "Plan Rows": 1,
                            "Plan Width": 8,
                            "Actual Startup Time": 733.051,
                            "Actual Total Time": 733.204,
                            "Actual Rows": 1,
                            "Actual Loops": 4,
                            "Output": [
                                "PARTIAL count(*)"
                            ],
                            "Workers": [
                                {
                                    "Worker Number": 0,
                                    "Actual Startup Time": 730.057,
                                    "Actual Total Time": 730.066,
                                    "Actual Rows": 1,
                                    "Actual Loops": 1
                                },
                                {
                                    "Worker Number": 1,
                                    "Actual Startup Time": 729.693,
                                    "Actual Total Time": 729.717,
                                    "Actual Rows": 1,
                                    "Actual Loops": 1
                                },
                                {
                                    "Worker Number": 2,
                                    "Actual Startup Time": 729.888,
                                    "Actual Total Time": 729.896,
                                    "Actual Rows": 1,
                                    "Actual Loops": 1
                                }
                            ],
                            "Plans": [
                                {
                                    "Node Type": "Hash Join",
                                    "Parent Relationship": "Outer",
                                    "Parallel Aware": true,
                                    "Join Type": "Inner",
                                    "Startup Cost": 78178.48,
                                    "Total Cost": 123020.03,
                                    "Plan Rows": 99735,
                                    "Plan Width": 0,
                                    "Actual Startup Time": 390.478,
                                    "Actual Total Time": 708.781,
                                    "Actual Rows": 376486,
                                    "Actual Loops": 4,
                                    "Inner Unique": false,
                                    "Hash Cond": "(mk.movie_id = t.id)",
                                    "Workers": [
                                        {
                                            "Worker Number": 0,
                                            "Actual Startup Time": 387.337,
                                            "Actual Total Time": 706.61,
                                            "Actual Rows": 358922,
                                            "Actual Loops": 1
                                        },
                                        {
                                            "Worker Number": 1,
                                            "Actual Startup Time": 386.954,
                                            "Actual Total Time": 706.045,
                                            "Actual Rows": 344956,
                                            "Actual Loops": 1
                                        },
                                        {
                                            "Worker Number": 2,
                                            "Actual Startup Time": 387.449,
                                            "Actual Total Time": 705.029,
                                            "Actual Rows": 393909,
                                            "Actual Loops": 1
                                        }
                                    ],
                                    "Plans": [
                                        {
                                            "Node Type": "Seq Scan",
                                            "Parent Relationship": "Outer",
                                            "Parallel Aware": true,
                                            "Relation Name": "movie_keyword",
                                            "Schema": "public",
                                            "Alias": "mk",
                                            "Startup Cost": 0.0,
                                            "Total Cost": 39047.32,
                                            "Plan Rows": 1459332,
                                            "Plan Width": 4,
                                            "Actual Startup Time": 0.031,
                                            "Actual Total Time": 138.722,
                                            "Actual Rows": 1130982,
                                            "Actual Loops": 4,
                                            "Output": [
                                                "mk.id",
                                                "mk.movie_id",
                                                "mk.keyword_id"
                                            ],
                                            "Workers": [
                                                {
                                                    "Worker Number": 0,
                                                    "Actual Startup Time": 0.031,
                                                    "Actual Total Time": 143.473,
                                                    "Actual Rows": 1068745,
                                                    "Actual Loops": 1
                                                },
                                                {
                                                    "Worker Number": 1,
                                                    "Actual Startup Time": 0.034,
                                                    "Actual Total Time": 141.197,
                                                    "Actual Rows": 1052220,
                                                    "Actual Loops": 1
                                                },
                                                {
                                                    "Worker Number": 2,
                                                    "Actual Startup Time": 0.039,
                                                    "Actual Total Time": 141.213,
                                                    "Actual Rows": 1151070,
                                                    "Actual Loops": 1
                                                }
                                            ]
                                        },
                                        {
                                            "Node Type": "Hash",
                                            "Parent Relationship": "Inner",
                                            "Parallel Aware": true,
                                            "Startup Cost": 77481.73,
                                            "Total Cost": 77481.73,
                                            "Plan Rows": 55740,
                                            "Plan Width": 8,
                                            "Actual Startup Time": 387.724,
                                            "Actual Total Time": 387.874,
                                            "Actual Rows": 29610,
                                            "Actual Loops": 4,
                                            "Output": [
                                                "t.id",
                                                "mc.movie_id"
                                            ],
                                            "Hash Buckets": 262144,
                                            "Original Hash Buckets": 262144,
                                            "Hash Batches": 1,
                                            "Original Hash Batches": 1,
                                            "Peak Memory Usage": 6752,
                                            "Workers": [
                                                {
                                                    "Worker Number": 0,
                                                    "Actual Startup Time": 386.032,
                                                    "Actual Total Time": 386.039,
                                                    "Actual Rows": 25906,
                                                    "Actual Loops": 1
                                                },
                                                {
                                                    "Worker Number": 1,
                                                    "Actual Startup Time": 386.159,
                                                    "Actual Total Time": 386.18,
                                                    "Actual Rows": 29900,
                                                    "Actual Loops": 1
                                                },
                                                {
                                                    "Worker Number": 2,
                                                    "Actual Startup Time": 386.392,
                                                    "Actual Total Time": 386.397,
                                                    "Actual Rows": 30395,
                                                    "Actual Loops": 1
                                                }
                                            ],
                                            "Plans": [
                                                {
                                                    "Node Type": "Hash Join",
                                                    "Parent Relationship": "Outer",
                                                    "Parallel Aware": true,
                                                    "Join Type": "Inner",
                                                    "Startup Cost": 45120.48,
                                                    "Total Cost": 77481.73,
                                                    "Plan Rows": 55740,
                                                    "Plan Width": 8,
                                                    "Actual Startup Time": 190.28,
                                                    "Actual Total Time": 374.647,
                                                    "Actual Rows": 29610,
                                                    "Actual Loops": 4,
                                                    "Output": [
                                                        "t.id",
                                                        "mc.movie_id"
                                                    ],
                                                    "Inner Unique": true,
                                                    "Hash Cond": "(mc.movie_id = t.id)",
                                                    "Workers": [
                                                        {
                                                            "Worker Number": 0,
                                                            "Actual Startup Time": 188.532,
                                                            "Actual Total Time": 374.428,
                                                            "Actual Rows": 25906,
                                                            "Actual Loops": 1
                                                        },
                                                        {
                                                            "Worker Number": 1,
                                                            "Actual Startup Time": 188.543,
                                                            "Actual Total Time": 372.31,
                                                            "Actual Rows": 29900,
                                                            "Actual Loops": 1
                                                        },
                                                        {
                                                            "Worker Number": 2,
                                                            "Actual Startup Time": 188.948,
                                                            "Actual Total Time": 372.282,
                                                            "Actual Rows": 30395,
                                                            "Actual Loops": 1
                                                        }
                                                    ],
                                                    "Plans": [
                                                        {
                                                            "Node Type": "Seq Scan",
                                                            "Parent Relationship": "Outer",
                                                            "Parallel Aware": true,
                                                            "Relation Name": "movie_companies",
                                                            "Schema": "public",
                                                            "Alias": "mc",
                                                            "Startup Cost": 0.0,
                                                            "Total Cost": 31414.82,
                                                            "Plan Rows": 360546,
                                                            "Plan Width": 4,
                                                            "Actual Startup Time": 0.037,
                                                            "Actual Total Time": 104.387,
                                                            "Actual Rows": 318562,
                                                            "Actual Loops": 4,
                                                            "Output": [
                                                                "mc.id",
                                                                "mc.movie_id",
                                                                "mc.company_id",
                                                                "mc.company_type_id",
                                                                "mc.note"
                                                            ],
                                                            "Filter": "((mc.company_id < 90157) AND (mc.company_type_id < 2))",
                                                            "Rows Removed by Filter": 333721,
                                                            "Workers": [
                                                                {
                                                                    "Worker Number": 0,
                                                                    "Actual Startup Time": 0.047,
                                                                    "Actual Total Time": 104.321,
                                                                    "Actual Rows": 282493,
                                                                    "Actual Loops": 1
                                                                },
                                                                {
                                                                    "Worker Number": 1,
                                                                    "Actual Startup Time": 0.051,
                                                                    "Actual Total Time": 105.621,
                                                                    "Actual Rows": 319407,
                                                                    "Actual Loops": 1
                                                                },
                                                                {
                                                                    "Worker Number": 2,
                                                                    "Actual Startup Time": 0.037,
                                                                    "Actual Total Time": 106.148,
                                                                    "Actual Rows": 322890,
                                                                    "Actual Loops": 1
                                                                }
                                                            ]
                                                        },
                                                        {
                                                            "Node Type": "Hash",
                                                            "Parent Relationship": "Inner",
                                                            "Parallel Aware": true,
                                                            "Startup Cost": 43899.01,
                                                            "Total Cost": 43899.01,
                                                            "Plan Rows": 97718,
                                                            "Plan Width": 4,
                                                            "Actual Startup Time": 187.905,
                                                            "Actual Total Time": 187.91,
                                                            "Actual Rows": 97916,
                                                            "Actual Loops": 4,
                                                            "Output": [
                                                                "t.id"
                                                            ],
                                                            "Hash Buckets": 524288,
                                                            "Original Hash Buckets": 524288,
                                                            "Hash Batches": 1,
                                                            "Original Hash Batches": 1,
                                                            "Peak Memory Usage": 19456,
                                                            "Workers": [
                                                                {
                                                                    "Worker Number": 0,
                                                                    "Actual Startup Time": 188.39,
                                                                    "Actual Total Time": 188.392,
                                                                    "Actual Rows": 79995,
                                                                    "Actual Loops": 1
                                                                },
                                                                {
                                                                    "Worker Number": 1,
                                                                    "Actual Startup Time": 188.369,
                                                                    "Actual Total Time": 188.385,
                                                                    "Actual Rows": 92710,
                                                                    "Actual Loops": 1
                                                                },
                                                                {
                                                                    "Worker Number": 2,
                                                                    "Actual Startup Time": 188.588,
                                                                    "Actual Total Time": 188.59,
                                                                    "Actual Rows": 92396,
                                                                    "Actual Loops": 1
                                                                }
                                                            ],
                                                            "Plans": [
                                                                {
                                                                    "Node Type": "Seq Scan",
                                                                    "Parent Relationship": "Outer",
                                                                    "Parallel Aware": true,
                                                                    "Relation Name": "title",
                                                                    "Schema": "public",
                                                                    "Alias": "t",
                                                                    "Startup Cost": 0.0,
                                                                    "Total Cost": 43899.01,
                                                                    "Plan Rows": 97718,
                                                                    "Plan Width": 4,
                                                                    "Actual Startup Time": 0.049,
                                                                    "Actual Total Time": 134.139,
                                                                    "Actual Rows": 97916,
                                                                    "Actual Loops": 4,
                                                                    "Output": [
                                                                        "t.id"
                                                                    ],
                                                                    "Filter": "(t.production_year > 2010)",
                                                                    "Rows Removed by Filter": 534162,
                                                                    "Workers": [
                                                                        {
                                                                            "Worker Number": 0,
                                                                            "Actual Startup Time": 0.064,
                                                                            "Actual Total Time": 133.507,
                                                                            "Actual Rows": 79995,
                                                                            "Actual Loops": 1
                                                                        },
                                                                        {
                                                                            "Worker Number": 1,
                                                                            "Actual Startup Time": 0.066,
                                                                            "Actual Total Time": 137.576,
                                                                            "Actual Rows": 92710,
                                                                            "Actual Loops": 1
                                                                        },
                                                                        {
                                                                            "Worker Number": 2,
                                                                            "Actual Startup Time": 0.04,
                                                                            "Actual Total Time": 136.755,
                                                                            "Actual Rows": 92396,
                                                                            "Actual Loops": 1
                                                                        }
                                                                    ]
                                                                }
                                                            ]
                                                        }
                                                    ]
                                                }
                                            ]
                                        }
                                    ]
                                }
                            ]
                        }
                    ]
                }
            ]
        },
        "Planning Time": 3923.416,
        "Triggers": [],
        "Execution Time": 770.1
    }
]