[
    {
        "Bao": {
            "Bao prediction": 794.732,
            "Bao recommended hint": "SET enable_nestloop TO off; "
        }
    },
    {
        "Plan": {
            "Node Type": "Aggregate",
            "Strategy": "Plain",
            "Partial Mode": "Finalize",
            "Parallel Aware": false,
            "Startup Cost": 428979.2,
            "Total Cost": 428979.21,
            "Plan Rows": 1,
            "Plan Width": 8,
            "Actual Startup Time": 1159.106,
            "Actual Total Time": 1196.328,
            "Actual Rows": 1,
            "Actual Loops": 1,
            "Output": [
                "count(*)"
            ],
            "Plans": [
                {
                    "Node Type": "Gather",
                    "Parent Relationship": "Outer",
                    "Parallel Aware": false,
                    "Startup Cost": 428978.57,
                    "Total Cost": 428979.18,
                    "Plan Rows": 6,
                    "Plan Width": 8,
                    "Actual Startup Time": 1158.964,
                    "Actual Total Time": 1196.32,
                    "Actual Rows": 7,
                    "Actual Loops": 1,
                    "Output": [
                        "(PARTIAL count(*))"
                    ],
                    "Workers Planned": 6,
                    "Workers Launched": 6,
                    "Single Copy": false,
                    "Plans": [
                        {
                            "Node Type": "Aggregate",
                            "Strategy": "Plain",
                            "Partial Mode": "Partial",
                            "Parent Relationship": "Outer",
                            "Parallel Aware": false,
                            "Startup Cost": 427978.57,
                            "Total Cost": 427978.58,
                            "Plan Rows": 1,
                            "Plan Width": 8,
                            "Actual Startup Time": 1148.285,
                            "Actual Total Time": 1148.291,
                            "Actual Rows": 1,
                            "Actual Loops": 7,
                            "Output": [
                                "PARTIAL count(*)"
                            ],
                            "Workers": [
                                {
                                    "Worker Number": 0,
                                    "Actual Startup Time": 1146.076,
                                    "Actual Total Time": 1146.092,
                                    "Actual Rows": 1,
                                    "Actual Loops": 1
                                },
                                {
                                    "Worker Number": 1,
                                    "Actual Startup Time": 1146.293,
                                    "Actual Total Time": 1146.299,
                                    "Actual Rows": 1,
                                    "Actual Loops": 1
                                },
                                {
                                    "Worker Number": 2,
                                    "Actual Startup Time": 1146.449,
                                    "Actual Total Time": 1146.452,
                                    "Actual Rows": 1,
                                    "Actual Loops": 1
                                },
                                {
                                    "Worker Number": 3,
                                    "Actual Startup Time": 1146.705,
                                    "Actual Total Time": 1146.71,
                                    "Actual Rows": 1,
                                    "Actual Loops": 1
                                },
                                {
                                    "Worker Number": 4,
                                    "Actual Startup Time": 1147.26,
                                    "Actual Total Time": 1147.264,
                                    "Actual Rows": 1,
                                    "Actual Loops": 1
                                },
                                {
                                    "Worker Number": 5,
                                    "Actual Startup Time": 1147.262,
                                    "Actual Total Time": 1147.266,
                                    "Actual Rows": 1,
                                    "Actual Loops": 1
                                }
                            ],
                            "Plans": [
                                {
                                    "Node Type": "Hash Join",
                                    "Parent Relationship": "Outer",
                                    "Parallel Aware": true,
                                    "Join Type": "Inner",
                                    "Startup Cost": 92209.67,
                                    "Total Cost": 427977.11,
                                    "Plan Rows": 583,
                                    "Plan Width": 0,
                                    "Actual Startup Time": 288.4,
                                    "Actual Total Time": 1148.208,
                                    "Actual Rows": 338,
                                    "Actual Loops": 7,
                                    "Inner Unique": false,
                                    "Hash Cond": "(ci.movie_id = t.id)",
                                    "Workers": [
                                        {
                                            "Worker Number": 0,
                                            "Actual Startup Time": 290.799,
                                            "Actual Total Time": 1145.999,
                                            "Actual Rows": 236,
                                            "Actual Loops": 1
                                        },
                                        {
                                            "Worker Number": 1,
                                            "Actual Startup Time": 285.043,
                                            "Actual Total Time": 1146.223,
                                            "Actual Rows": 222,
                                            "Actual Loops": 1
                                        },
                                        {
                                            "Worker Number": 2,
                                            "Actual Startup Time": 287.405,
                                            "Actual Total Time": 1146.377,
                                            "Actual Rows": 343,
                                            "Actual Loops": 1
                                        },
                                        {
                                            "Worker Number": 3,
                                            "Actual Startup Time": 284.49,
                                            "Actual Total Time": 1146.619,
                                            "Actual Rows": 392,
                                            "Actual Loops": 1
                                        },
                                        {
                                            "Worker Number": 4,
                                            "Actual Startup Time": 285.336,
                                            "Actual Total Time": 1147.178,
                                            "Actual Rows": 349,
                                            "Actual Loops": 1
                                        },
                                        {
                                            "Worker Number": 5,
                                            "Actual Startup Time": 286.184,
                                            "Actual Total Time": 1147.184,
                                            "Actual Rows": 360,
                                            "Actual Loops": 1
                                        }
                                    ],
                                    "Plans": [
                                        {
                                            "Node Type": "Seq Scan",
                                            "Parent Relationship": "Outer",
                                            "Parallel Aware": true,
                                            "Relation Name": "cast_info",
                                            "Schema": "public",
                                            "Alias": "ci",
                                            "Startup Cost": 0.0,
                                            "Total Cost": 313108.29,
                                            "Plan Rows": 6042129,
                                            "Plan Width": 4,
                                            "Actual Startup Time": 0.024,
                                            "Actual Total Time": 493.713,
                                            "Actual Rows": 5177763,
                                            "Actual Loops": 7,
                                            "Output": [
                                                "ci.id",
                                                "ci.person_id",
                                                "ci.movie_id",
                                                "ci.person_role_id",
                                                "ci.note",
                                                "ci.nr_order",
                                                "ci.role_id"
                                            ],
                                            "Workers": [
                                                {
                                                    "Worker Number": 0,
                                                    "Actual Startup Time": 0.03,
                                                    "Actual Total Time": 491.05,
                                                    "Actual Rows": 3591195,
                                                    "Actual Loops": 1
                                                },
                                                {
                                                    "Worker Number": 1,
                                                    "Actual Startup Time": 0.032,
                                                    "Actual Total Time": 498.916,
                                                    "Actual Rows": 3583338,
                                                    "Actual Loops": 1
                                                },
                                                {
                                                    "Worker Number": 2,
                                                    "Actual Startup Time": 0.023,
                                                    "Actual Total Time": 502.811,
                                                    "Actual Rows": 5513161,
                                                    "Actual Loops": 1
                                                },
                                                {
                                                    "Worker Number": 3,
                                                    "Actual Startup Time": 0.028,
                                                    "Actual Total Time": 510.684,
                                                    "Actual Rows": 5618373,
                                                    "Actual Loops": 1
                                                },
                                                {
                                                    "Worker Number": 4,
                                                    "Actual Startup Time": 0.024,
                                                    "Actual Total Time": 503.08,
                                                    "Actual Rows": 5512399,
                                                    "Actual Loops": 1
                                                },
                                                {
                                                    "Worker Number": 5,
                                                    "Actual Startup Time": 0.023,
                                                    "Actual Total Time": 502.928,
                                                    "Actual Rows": 5499459,
                                                    "Actual Loops": 1
                                                }
                                            ]
                                        },
                                        {
                                            "Node Type": "Hash",
                                            "Parent Relationship": "Inner",
                                            "Parallel Aware": true,
                                            "Startup Cost": 92209.05,
                                            "Total Cost": 92209.05,
                                            "Plan Rows": 49,
                                            "Plan Width": 8,
                                            "Actual Startup Time": 284.743,
                                            "Actual Total Time": 284.745,
                                            "Actual Rows": 5,
                                            "Actual Loops": 7,
                                            "Output": [
                                                "t.id",
                                                "mk.movie_id"
                                            ],
                                            "Hash Buckets": 1024,
                                            "Original Hash Buckets": 1024,
                                            "Hash Batches": 1,
                                            "Original Hash Batches": 1,
                                            "Peak Memory Usage": 232,
                                            "Workers": [
                                                {
                                                    "Worker Number": 0,
                                                    "Actual Startup Time": 283.017,
                                                    "Actual Total Time": 283.02,
                                                    "Actual Rows": 7,
                                                    "Actual Loops": 1
                                                },
                                                {
                                                    "Worker Number": 1,
                                                    "Actual Startup Time": 283.164,
                                                    "Actual Total Time": 283.167,
                                                    "Actual Rows": 1,
                                                    "Actual Loops": 1
                                                },
                                                {
                                                    "Worker Number": 2,
                                                    "Actual Startup Time": 283.429,
                                                    "Actual Total Time": 283.432,
                                                    "Actual Rows": 5,
                                                    "Actual Loops": 1
                                                },
                                                {
                                                    "Worker Number": 3,
                                                    "Actual Startup Time": 283.662,
                                                    "Actual Total Time": 283.665,
                                                    "Actual Rows": 7,
                                                    "Actual Loops": 1
                                                },
                                                {
                                                    "Worker Number": 4,
                                                    "Actual Startup Time": 284.205,
                                                    "Actual Total Time": 284.207,
                                                    "Actual Rows": 6,
                                                    "Actual Loops": 1
                                                },
                                                {
                                                    "Worker Number": 5,
                                                    "Actual Startup Time": 284.27,
                                                    "Actual Total Time": 284.273,
                                                    "Actual Rows": 4,
                                                    "Actual Loops": 1
                                                }
                                            ],
                                            "Plans": [
                                                {
                                                    "Node Type": "Merge Join",
                                                    "Parent Relationship": "Outer",
                                                    "Parallel Aware": false,
                                                    "Join Type": "Inner",
                                                    "Startup Cost": 939.23,
                                                    "Total Cost": 92209.05,
                                                    "Plan Rows": 49,
                                                    "Plan Width": 8,
                                                    "Actual Startup Time": 168.346,
                                                    "Actual Total Time": 284.146,
                                                    "Actual Rows": 5,
                                                    "Actual Loops": 7,
                                                    "Output": [
                                                        "t.id",
                                                        "mk.movie_id"
                                                    ],
                                                    "Inner Unique": false,
                                                    "Merge Cond": "(t.id = mk.movie_id)",
                                                    "Workers": [
                                                        {
                                                            "Worker Number": 0,
                                                            "Actual Startup Time": 186.004,
                                                            "Actual Total Time": 282.243,
                                                            "Actual Rows": 7,
                                                            "Actual Loops": 1
                                                        },
                                                        {
                                                            "Worker Number": 1,
                                                            "Actual Startup Time": 248.554,
                                                            "Actual Total Time": 283.056,
                                                            "Actual Rows": 1,
                                                            "Actual Loops": 1
                                                        },
                                                        {
                                                            "Worker Number": 2,
                                                            "Actual Startup Time": 141.38,
                                                            "Actual Total Time": 282.948,
                                                            "Actual Rows": 5,
                                                            "Actual Loops": 1
                                                        },
                                                        {
                                                            "Worker Number": 3,
                                                            "Actual Startup Time": 23.375,
                                                            "Actual Total Time": 282.796,
                                                            "Actual Rows": 7,
                                                            "Actual Loops": 1
                                                        },
                                                        {
                                                            "Worker Number": 4,
                                                            "Actual Startup Time": 216.16,
                                                            "Actual Total Time": 283.317,
                                                            "Actual Rows": 6,
                                                            "Actual Loops": 1
                                                        },
                                                        {
                                                            "Worker Number": 5,
                                                            "Actual Startup Time": 205.206,
                                                            "Actual Total Time": 283.925,
                                                            "Actual Rows": 4,
                                                            "Actual Loops": 1
                                                        }
                                                    ],
                                                    "Plans": [
                                                        {
                                                            "Node Type": "Index Only Scan",
                                                            "Parent Relationship": "Outer",
                                                            "Parallel Aware": true,
                                                            "Scan Direction": "Forward",
                                                            "Index Name": "title_pkey",
                                                            "Relation Name": "title",
                                                            "Schema": "public",
                                                            "Alias": "t",
                                                            "Startup Cost": 0.43,
                                                            "Total Cost": 90115.52,
                                                            "Plan Rows": 505664,
                                                            "Plan Width": 4,
                                                            "Actual Startup Time": 0.145,
                                                            "Actual Total Time": 262.633,
                                                            "Actual Rows": 357289,
                                                            "Actual Loops": 7,
                                                            "Output": [
                                                                "t.id"
                                                            ],
                                                            "Heap Fetches": 2501025,
                                                            "Workers": [
                                                                {
                                                                    "Worker Number": 0,
                                                                    "Actual Startup Time": 0.13,
                                                                    "Actual Total Time": 258.105,
                                                                    "Actual Rows": 294043,
                                                                    "Actual Loops": 1
                                                                },
                                                                {
                                                                    "Worker Number": 1,
                                                                    "Actual Startup Time": 0.153,
                                                                    "Actual Total Time": 259.972,
                                                                    "Actual Rows": 264015,
                                                                    "Actual Loops": 1
                                                                },
                                                                {
                                                                    "Worker Number": 2,
                                                                    "Actual Startup Time": 0.136,
                                                                    "Actual Total Time": 261.647,
                                                                    "Actual Rows": 390428,
                                                                    "Actual Loops": 1
                                                                },
                                                                {
                                                                    "Worker Number": 3,
                                                                    "Actual Startup Time": 0.139,
                                                                    "Actual Total Time": 263.502,
                                                                    "Actual Rows": 365479,
                                                                    "Actual Loops": 1
                                                                },
                                                                {
                                                                    "Worker Number": 4,
                                                                    "Actual Startup Time": 0.246,
                                                                    "Actual Total Time": 261.946,
                                                                    "Actual Rows": 391325,
                                                                    "Actual Loops": 1
                                                                },
                                                                {
                                                                    "Worker Number": 5,
                                                                    "Actual Startup Time": 0.162,
                                                                    "Actual Total Time": 262.274,
                                                                    "Actual Rows": 386975,
                                                                    "Actual Loops": 1
                                                                }
                                                            ]
                                                        },
                                                        {
                                                            "Node Type": "Sort",
                                                            "Parent Relationship": "Inner",
                                                            "Parallel Aware": false,
                                                            "Startup Cost": 918.38,
                                                            "Total Cost": 918.99,
                                                            "Plan Rows": 244,
                                                            "Plan Width": 4,
                                                            "Actual Startup Time": 1.392,
                                                            "Actual Total Time": 1.406,
                                                            "Actual Rows": 35,
                                                            "Actual Loops": 7,
                                                            "Output": [
                                                                "mk.movie_id"
                                                            ],
                                                            "Sort Key": [
                                                                "mk.movie_id"
                                                            ],
                                                            "Sort Method": "quicksort",
                                                            "Sort Space Used": 26,
                                                            "Sort Space Type": "Memory",
                                                            "Workers": [
                                                                {
                                                                    "Worker Number": 0,
                                                                    "Actual Startup Time": 1.563,
                                                                    "Actual Total Time": 1.581,
                                                                    "Actual Rows": 35,
                                                                    "Actual Loops": 1
                                                                },
                                                                {
                                                                    "Worker Number": 1,
                                                                    "Actual Startup Time": 1.598,
                                                                    "Actual Total Time": 1.614,
                                                                    "Actual Rows": 35,
                                                                    "Actual Loops": 1
                                                                },
                                                                {
                                                                    "Worker Number": 2,
                                                                    "Actual Startup Time": 1.583,
                                                                    "Actual Total Time": 1.595,
                                                                    "Actual Rows": 35,
                                                                    "Actual Loops": 1
                                                                },
                                                                {
                                                                    "Worker Number": 3,
                                                                    "Actual Startup Time": 1.604,
                                                                    "Actual Total Time": 1.616,
                                                                    "Actual Rows": 35,
                                                                    "Actual Loops": 1
                                                                },
                                                                {
                                                                    "Worker Number": 4,
                                                                    "Actual Startup Time": 1.575,
                                                                    "Actual Total Time": 1.588,
                                                                    "Actual Rows": 35,
                                                                    "Actual Loops": 1
                                                                },
                                                                {
                                                                    "Worker Number": 5,
                                                                    "Actual Startup Time": 1.608,
                                                                    "Actual Total Time": 1.622,
                                                                    "Actual Rows": 35,
                                                                    "Actual Loops": 1
                                                                }
                                                            ],
                                                            "Plans": [
                                                                {
                                                                    "Node Type": "Bitmap Heap Scan",
                                                                    "Parent Relationship": "Outer",
                                                                    "Parallel Aware": false,
                                                                    "Relation Name": "movie_keyword",
                                                                    "Schema": "public",
                                                                    "Alias": "mk",
                                                                    "Startup Cost": 6.32,
                                                                    "Total Cost": 908.7,
                                                                    "Plan Rows": 244,
                                                                    "Plan Width": 4,
                                                                    "Actual Startup Time": 0.213,
                                                                    "Actual Total Time": 1.29,
                                                                    "Actual Rows": 35,
                                                                    "Actual Loops": 7,
                                                                    "Output": [
                                                                        "mk.movie_id"
                                                                    ],
                                                                    "Recheck Cond": "(mk.keyword_id = 12399)",
                                                                    "Rows Removed by Index Recheck": 0,
                                                                    "Exact Heap Blocks": 35,
                                                                    "Lossy Heap Blocks": 0,
                                                                    "Workers": [
                                                                        {
                                                                            "Worker Number": 0,
                                                                            "Actual Startup Time": 0.238,
                                                                            "Actual Total Time": 1.453,
                                                                            "Actual Rows": 35,
                                                                            "Actual Loops": 1
                                                                        },
                                                                        {
                                                                            "Worker Number": 1,
                                                                            "Actual Startup Time": 0.238,
                                                                            "Actual Total Time": 1.477,
                                                                            "Actual Rows": 35,
                                                                            "Actual Loops": 1
                                                                        },
                                                                        {
                                                                            "Worker Number": 2,
                                                                            "Actual Startup Time": 0.238,
                                                                            "Actual Total Time": 1.472,
                                                                            "Actual Rows": 35,
                                                                            "Actual Loops": 1
                                                                        },
                                                                        {
                                                                            "Worker Number": 3,
                                                                            "Actual Startup Time": 0.257,
                                                                            "Actual Total Time": 1.492,
                                                                            "Actual Rows": 35,
                                                                            "Actual Loops": 1
                                                                        },
                                                                        {
                                                                            "Worker Number": 4,
                                                                            "Actual Startup Time": 0.232,
                                                                            "Actual Total Time": 1.458,
                                                                            "Actual Rows": 35,
                                                                            "Actual Loops": 1
                                                                        },
                                                                        {
                                                                            "Worker Number": 5,
                                                                            "Actual Startup Time": 0.239,
                                                                            "Actual Total Time": 1.494,
                                                                            "Actual Rows": 35,
                                                                            "Actual Loops": 1
                                                                        }
                                                                    ],
                                                                    "Plans": [
                                                                        {
                                                                            "Node Type": "Bitmap Index Scan",
                                                                            "Parent Relationship": "Outer",
                                                                            "Parallel Aware": false,
                                                                            "Index Name": "keyword_id_movie_keyword",
                                                                            "Startup Cost": 0.0,
                                                                            "Total Cost": 6.26,
                                                                            "Plan Rows": 244,
                                                                            "Plan Width": 0,
                                                                            "Actual Startup Time": 0.159,
                                                                            "Actual Total Time": 0.16,
                                                                            "Actual Rows": 35,
                                                                            "Actual Loops": 7,
                                                                            "Index Cond": "(mk.keyword_id = 12399)",
                                                                            "Workers": [
                                                                                {
                                                                                    "Worker Number": 0,
                                                                                    "Actual Startup Time": 0.179,
                                                                                    "Actual Total Time": 0.179,
                                                                                    "Actual Rows": 35,
                                                                                    "Actual Loops": 1
                                                                                },
                                                                                {
                                                                                    "Worker Number": 1,
                                                                                    "Actual Startup Time": 0.179,
                                                                                    "Actual Total Time": 0.179,
                                                                                    "Actual Rows": 35,
                                                                                    "Actual Loops": 1
                                                                                },
                                                                                {
                                                                                    "Worker Number": 2,
                                                                                    "Actual Startup Time": 0.179,
                                                                                    "Actual Total Time": 0.179,
                                                                                    "Actual Rows": 35,
                                                                                    "Actual Loops": 1
                                                                                },
                                                                                {
                                                                                    "Worker Number": 3,
                                                                                    "Actual Startup Time": 0.198,
                                                                                    "Actual Total Time": 0.198,
                                                                                    "Actual Rows": 35,
                                                                                    "Actual Loops": 1
                                                                                },
                                                                                {
                                                                                    "Worker Number": 4,
                                                                                    "Actual Startup Time": 0.172,
                                                                                    "Actual Total Time": 0.173,
                                                                                    "Actual Rows": 35,
                                                                                    "Actual Loops": 1
                                                                                },
                                                                                {
                                                                                    "Worker Number": 5,
                                                                                    "Actual Startup Time": 0.179,
                                                                                    "Actual Total Time": 0.179,
                                                                                    "Actual Rows": 35,
                                                                                    "Actual Loops": 1
                                                                                }
                                                                            ]
                                                                        }
                                                                    ]
                                                                }
                                                            ]
                                                        }
                                                    ]
                                                }
                                            ]
                                        }
                                    ]
                                }
                            ]
                        }
                    ]
                }
            ]
        },
        "Planning Time": 234.641,
        "Triggers": [],
        "Execution Time": 1196.476
    }
]