[
  {
    "Plan": {
      "Node Type": "Aggregate",
      "Strategy": "Plain",
      "Partial Mode": "Finalize",
      "Parallel Aware": false,
      "Startup Cost": 300811.26,
      "Total Cost": 300811.27,
      "Plan Rows": 1,
      "Plan Width": 8,
      "Actual Startup Time": 2157.412,
      "Actual Total Time": 2202.071,
      "Actual Rows": 1,
      "Actual Loops": 1,
      "Plans": [
        {
          "Node Type": "Gather",
          "Parent Relationship": "Outer",
          "Parallel Aware": false,
          "Startup Cost": 300810.74,
          "Total Cost": 300811.25,
          "Plan Rows": 5,
          "Plan Width": 8,
          "Actual Startup Time": 2147.438,
          "Actual Total Time": 2202.062,
          "Actual Rows": 6,
          "Actual Loops": 1,
          "Workers Planned": 5,
          "Workers Launched": 5,
          "Single Copy": false,
          "Plans": [
            {
              "Node Type": "Aggregate",
              "Strategy": "Plain",
              "Partial Mode": "Partial",
              "Parent Relationship": "Outer",
              "Parallel Aware": false,
              "Startup Cost": 299810.74,
              "Total Cost": 299810.75,
              "Plan Rows": 1,
              "Plan Width": 8,
              "Actual Startup Time": 2138.183,
              "Actual Total Time": 2138.19,
              "Actual Rows": 1,
              "Actual Loops": 6,
              "Plans": [
                {
                  "Node Type": "Hash Join",
                  "Parent Relationship": "Outer",
                  "Parallel Aware": true,
                  "Join Type": "Inner",
                  "Startup Cost": 91150.95,
                  "Total Cost": 298868.46,
                  "Plan Rows": 376912,
                  "Plan Width": 0,
                  "Actual Startup Time": 391.616,
                  "Actual Total Time": 1694.503,
                  "Actual Rows": 11229954,
                  "Actual Loops": 6,
                  "Inner Unique": false,
                  "Hash Cond": "(mi.movie_id = t.id)",
                  "Plans": [
                    {
                      "Node Type": "Seq Scan",
                      "Parent Relationship": "Outer",
                      "Parallel Aware": true,
                      "Relation Name": "movie_info",
                      "Alias": "mi",
                      "Startup Cost": 0.0,
                      "Total Cost": 199108.24,
                      "Plan Rows": 1971577,
                      "Plan Width": 4,
                      "Actual Startup Time": 15.627,
                      "Actual Total Time": 313.306,
                      "Actual Rows": 1651959,
                      "Actual Loops": 6,
                      "Filter": "(info_type_id > 4)",
                      "Rows Removed by Filter": 820661
                    },
                    {
                      "Node Type": "Hash",
                      "Parent Relationship": "Inner",
                      "Parallel Aware": true,
                      "Startup Cost": 89201.89,
                      "Total Cost": 89201.89,
                      "Plan Rows": 155925,
                      "Plan Width": 8,
                      "Actual Startup Time": 373.545,
                      "Actual Total Time": 373.55,
                      "Actual Rows": 266776,
                      "Actual Loops": 6,
                      "Hash Buckets": 2097152,
                      "Original Hash Buckets": 524288,
                      "Hash Batches": 1,
                      "Original Hash Batches": 1,
                      "Peak Memory Usage": 91392,
                      "Plans": [
                        {
                          "Node Type": "Hash Join",
                          "Parent Relationship": "Outer",
                          "Parallel Aware": true,
                          "Join Type": "Inner",
                          "Startup Cost": 46323.81,
                          "Total Cost": 89201.89,
                          "Plan Rows": 155925,
                          "Plan Width": 8,
                          "Actual Startup Time": 111.175,
                          "Actual Total Time": 266.486,
                          "Actual Rows": 266776,
                          "Actual Loops": 6,
                          "Inner Unique": true,
                          "Hash Cond": "(mk.movie_id = t.id)",
                          "Plans": [
                            {
                              "Node Type": "Seq Scan",
                              "Parent Relationship": "Outer",
                              "Parallel Aware": true,
                              "Relation Name": "movie_keyword",
                              "Alias": "mk",
                              "Startup Cost": 0.0,
                              "Total Cost": 39047.32,
                              "Plan Rows": 1459332,
                              "Plan Width": 4,
                              "Actual Startup Time": 0.03,
                              "Actual Total Time": 63.042,
                              "Actual Rows": 753988,
                              "Actual Loops": 6
                            },
                            {
                              "Node Type": "Hash",
                              "Parent Relationship": "Inner",
                              "Parallel Aware": true,
                              "Startup Cost": 45479.59,
                              "Total Cost": 45479.59,
                              "Plan Rows": 67538,
                              "Plan Width": 4,
                              "Actual Startup Time": 109.801,
                              "Actual Total Time": 109.803,
                              "Actual Rows": 65336,
                              "Actual Loops": 6,
                              "Hash Buckets": 524288,
                              "Original Hash Buckets": 524288,
                              "Hash Batches": 1,
                              "Original Hash Batches": 1,
                              "Peak Memory Usage": 19552,
                              "Plans": [
                                {
                                  "Node Type": "Seq Scan",
                                  "Parent Relationship": "Outer",
                                  "Parallel Aware": true,
                                  "Relation Name": "title",
                                  "Alias": "t",
                                  "Startup Cost": 0.0,
                                  "Total Cost": 45479.59,
                                  "Plan Rows": 67538,
                                  "Plan Width": 4,
                                  "Actual Startup Time": 0.07,
                                  "Actual Total Time": 80.065,
                                  "Actual Rows": 65336,
                                  "Actual Loops": 6,
                                  "Filter": "((kind_id < 7) AND (production_year < 1991))",
                                  "Rows Removed by Filter": 356049
                                }
                              ]
                            }
                          ]
                        }
                      ]
                    }
                  ]
                }
              ]
            }
          ]
        }
      ]
    },
    "Planning Time": 1.161,
    "Triggers": [],
    "Execution Time": 2202.155
  }
]