[
  {
    "Plan": {
      "Node Type": "Aggregate",
      "Strategy": "Plain",
      "Partial Mode": "Finalize",
      "Parallel Aware": false,
      "Startup Cost": 30971.99,
      "Total Cost": 30972.0,
      "Plan Rows": 1,
      "Plan Width": 8,
      "Actual Startup Time": 66.1,
      "Actual Total Time": 74.02,
      "Actual Rows": 1,
      "Actual Loops": 1,
      "Plans": [
        {
          "Node Type": "Gather",
          "Parent Relationship": "Outer",
          "Parallel Aware": false,
          "Startup Cost": 30971.68,
          "Total Cost": 30971.99,
          "Plan Rows": 3,
          "Plan Width": 8,
          "Actual Startup Time": 65.879,
          "Actual Total Time": 74.013,
          "Actual Rows": 4,
          "Actual Loops": 1,
          "Workers Planned": 3,
          "Workers Launched": 3,
          "Single Copy": false,
          "Plans": [
            {
              "Node Type": "Aggregate",
              "Strategy": "Plain",
              "Partial Mode": "Partial",
              "Parent Relationship": "Outer",
              "Parallel Aware": false,
              "Startup Cost": 29971.68,
              "Total Cost": 29971.69,
              "Plan Rows": 1,
              "Plan Width": 8,
              "Actual Startup Time": 62.259,
              "Actual Total Time": 62.26,
              "Actual Rows": 1,
              "Actual Loops": 4,
              "Plans": [
                {
                  "Node Type": "Bitmap Heap Scan",
                  "Parent Relationship": "Outer",
                  "Parallel Aware": true,
                  "Relation Name": "movie_keyword",
                  "Alias": "mk",
                  "Startup Cost": 4493.24,
                  "Total Cost": 29800.94,
                  "Plan Rows": 68296,
                  "Plan Width": 0,
                  "Actual Startup Time": 15.153,
                  "Actual Total Time": 59.451,
                  "Actual Rows": 52146,
                  "Actual Loops": 4,
                  "Recheck Cond": "(keyword_id < 140)",
                  "Rows Removed by Index Recheck": 0,
                  "Exact Heap Blocks": 11560,
                  "Lossy Heap Blocks": 0,
                  "Plans": [
                    {
                      "Node Type": "Bitmap Index Scan",
                      "Parent Relationship": "Outer",
                      "Parallel Aware": false,
                      "Index Name": "keyword_id_movie_keyword",
                      "Startup Cost": 0.0,
                      "Total Cost": 4440.31,
                      "Plan Rows": 211717,
                      "Plan Width": 0,
                      "Actual Startup Time": 14.64,
                      "Actual Total Time": 14.64,
                      "Actual Rows": 208584,
                      "Actual Loops": 1,
                      "Index Cond": "(keyword_id < 140)"
                    }
                  ]
                }
              ]
            }
          ]
        }
      ]
    },
    "Planning Time": 0.077,
    "Triggers": [],
    "Execution Time": 74.054
  }
]