{
  "Plan": {
    "Node Type": "Aggregate",
    "Strategy": "Plain",
    "Partial Mode": "Finalize",
    "Parallel Aware": false,
    "Startup Cost": 109752.88,
    "Total Cost": 109752.89,
    "Plan Rows": 1,
    "Plan Width": 8,
    "Actual Startup Time": 937.66,
    "Actual Total Time": 956.473,
    "Actual Rows": 1,
    "Actual Loops": 1,
    "Plans": [
      {
        "Node Type": "Gather",
        "Parent Relationship": "Outer",
        "Parallel Aware": false,
        "Startup Cost": 109752.77,
        "Total Cost": 109752.88,
        "Plan Rows": 1,
        "Plan Width": 8,
        "Actual Startup Time": 934.738,
        "Actual Total Time": 956.463,
        "Actual Rows": 2,
        "Actual Loops": 1,
        "Workers Planned": 1,
        "Workers Launched": 1,
        "Single Copy": false,
        "Plans": [
          {
            "Node Type": "Aggregate",
            "Strategy": "Plain",
            "Partial Mode": "Partial",
            "Parent Relationship": "Outer",
            "Parallel Aware": false,
            "Startup Cost": 108752.77,
            "Total Cost": 108752.78,
            "Plan Rows": 1,
            "Plan Width": 8,
            "Actual Startup Time": 928.4,
            "Actual Total Time": 928.403,
            "Actual Rows": 1,
            "Actual Loops": 2,
            "Plans": [
              {
                "Node Type": "Hash Join",
                "Parent Relationship": "Outer",
                "Parallel Aware": true,
                "Join Type": "Inner",
                "Startup Cost": 44327.32,
                "Total Cost": 107482.26,
                "Plan Rows": 508204,
                "Plan Width": 0,
                "Actual Startup Time": 287.069,
                "Actual Total Time": 904.85,
                "Actual Rows": 438738,
                "Actual Loops": 2,
                "Inner Unique": false,
                "Hash Cond": "(t.id = mc.movie_id)",
                "Plans": [
                  {
                    "Node Type": "Seq Scan",
                    "Parent Relationship": "Outer",
                    "Parallel Aware": true,
                    "Relation Name": "title",
                    "Alias": "t",
                    "Startup Cost": 0.0,
                    "Total Cost": 50870.31,
                    "Plan Rows": 1487231,
                    "Plan Width": 4,
                    "Actual Startup Time": 0.011,
                    "Actual Total Time": 147.027,
                    "Actual Rows": 1264156,
                    "Actual Loops": 2
                  },
                  {
                    "Node Type": "Hash",
                    "Parent Relationship": "Inner",
                    "Parallel Aware": true,
                    "Startup Cost": 37974.77,
                    "Total Cost": 37974.77,
                    "Plan Rows": 508204,
                    "Plan Width": 4,
                    "Actual Startup Time": 277.066,
                    "Actual Total Time": 277.067,
                    "Actual Rows": 438738,
                    "Actual Loops": 2,
                    "Hash Buckets": 1048576,
                    "Original Hash Buckets": 1048576,
                    "Hash Batches": 1,
                    "Original Hash Batches": 1,
                    "Peak Memory Usage": 42560,
                    "Plans": [
                      {
                        "Node Type": "Seq Scan",
                        "Parent Relationship": "Outer",
                        "Parallel Aware": true,
                        "Relation Name": "movie_companies",
                        "Alias": "mc",
                        "Startup Cost": 0.0,
                        "Total Cost": 37974.77,
                        "Plan Rows": 508204,
                        "Plan Width": 4,
                        "Actual Startup Time": 36.0,
                        "Actual Total Time": 160.245,
                        "Actual Rows": 438738,
                        "Actual Loops": 2,
                        "Filter": "(company_id > 23042)",
                        "Rows Removed by Filter": 865827
                      }
                    ]
                  }
                ]
              }
            ]
          }
        ]
      }
    ]
  },
  "Planning Time": 0.844,
  "Triggers": [],
  "Execution Time": 956.559
}