[
  {
    "Plan": {
      "Node Type": "Aggregate",
      "Strategy": "Plain",
      "Partial Mode": "Finalize",
      "Parallel Aware": false,
      "Startup Cost": 250932.95,
      "Total Cost": 250932.96,
      "Plan Rows": 1,
      "Plan Width": 8,
      "Actual Startup Time": 674.196,
      "Actual Total Time": 714.579,
      "Actual Rows": 1,
      "Actual Loops": 1,
      "Plans": [
        {
          "Node Type": "Gather",
          "Parent Relationship": "Outer",
          "Parallel Aware": false,
          "Startup Cost": 250932.43,
          "Total Cost": 250932.94,
          "Plan Rows": 5,
          "Plan Width": 8,
          "Actual Startup Time": 668.988,
          "Actual Total Time": 714.567,
          "Actual Rows": 6,
          "Actual Loops": 1,
          "Workers Planned": 5,
          "Workers Launched": 5,
          "Single Copy": false,
          "Plans": [
            {
              "Node Type": "Aggregate",
              "Strategy": "Plain",
              "Partial Mode": "Partial",
              "Parent Relationship": "Outer",
              "Parallel Aware": false,
              "Startup Cost": 249932.43,
              "Total Cost": 249932.44,
              "Plan Rows": 1,
              "Plan Width": 8,
              "Actual Startup Time": 659.22,
              "Actual Total Time": 659.223,
              "Actual Rows": 1,
              "Actual Loops": 6,
              "Plans": [
                {
                  "Node Type": "Hash Join",
                  "Parent Relationship": "Outer",
                  "Parallel Aware": true,
                  "Join Type": "Inner",
                  "Startup Cost": 47488.25,
                  "Total Cost": 249251.6,
                  "Plan Rows": 272331,
                  "Plan Width": 0,
                  "Actual Startup Time": 142.302,
                  "Actual Total Time": 636.106,
                  "Actual Rows": 517059,
                  "Actual Loops": 6,
                  "Inner Unique": true,
                  "Hash Cond": "(mi.movie_id = t.id)",
                  "Plans": [
                    {
                      "Node Type": "Seq Scan",
                      "Parent Relationship": "Outer",
                      "Parallel Aware": true,
                      "Relation Name": "movie_info",
                      "Alias": "mi",
                      "Startup Cost": 0.0,
                      "Total Cost": 198952.16,
                      "Plan Rows": 1070929,
                      "Plan Width": 4,
                      "Actual Startup Time": 0.027,
                      "Actual Total Time": 311.836,
                      "Actual Rows": 901753,
                      "Actual Loops": 6,
                      "Filter": "(info_type_id < 6)",
                      "Rows Removed by Filter": 1570867
                    },
                    {
                      "Node Type": "Hash",
                      "Parent Relationship": "Inner",
                      "Parallel Aware": true,
                      "Startup Cost": 45479.1,
                      "Total Cost": 45479.1,
                      "Plan Rows": 160732,
                      "Plan Width": 4,
                      "Actual Startup Time": 125.939,
                      "Actual Total Time": 125.939,
                      "Actual Rows": 108104,
                      "Actual Loops": 6,
                      "Hash Buckets": 1048576,
                      "Original Hash Buckets": 1048576,
                      "Hash Batches": 1,
                      "Original Hash Batches": 1,
                      "Peak Memory Usage": 33664,
                      "Plans": [
                        {
                          "Node Type": "Seq Scan",
                          "Parent Relationship": "Outer",
                          "Parallel Aware": true,
                          "Relation Name": "title",
                          "Alias": "t",
                          "Startup Cost": 0.0,
                          "Total Cost": 45479.1,
                          "Plan Rows": 160732,
                          "Plan Width": 4,
                          "Actual Startup Time": 45.434,
                          "Actual Total Time": 86.796,
                          "Actual Rows": 108104,
                          "Actual Loops": 6,
                          "Filter": "((production_year > 1900) AND (kind_id = 1))",
                          "Rows Removed by Filter": 313281
                        }
                      ]
                    }
                  ]
                }
              ]
            }
          ]
        }
      ]
    },
    "Planning Time": 0.641,
    "Triggers": [],
    "Execution Time": 714.658
  }
]