[
  {
    "Plan": {
      "Node Type": "Aggregate",
      "Strategy": "Plain",
      "Partial Mode": "Finalize",
      "Parallel Aware": false,
      "Startup Cost": 89569.76,
      "Total Cost": 89569.77,
      "Plan Rows": 1,
      "Plan Width": 8,
      "Actual Startup Time": 321.463,
      "Actual Total Time": 338.457,
      "Actual Rows": 1,
      "Actual Loops": 1,
      "Plans": [
        {
          "Node Type": "Gather",
          "Parent Relationship": "Outer",
          "Parallel Aware": false,
          "Startup Cost": 89569.44,
          "Total Cost": 89569.75,
          "Plan Rows": 3,
          "Plan Width": 8,
          "Actual Startup Time": 318.699,
          "Actual Total Time": 338.446,
          "Actual Rows": 4,
          "Actual Loops": 1,
          "Workers Planned": 3,
          "Workers Launched": 3,
          "Single Copy": false,
          "Plans": [
            {
              "Node Type": "Aggregate",
              "Strategy": "Plain",
              "Partial Mode": "Partial",
              "Parent Relationship": "Outer",
              "Parallel Aware": false,
              "Startup Cost": 88569.44,
              "Total Cost": 88569.45,
              "Plan Rows": 1,
              "Plan Width": 8,
              "Actual Startup Time": 309.657,
              "Actual Total Time": 309.661,
              "Actual Rows": 1,
              "Actual Loops": 4,
              "Plans": [
                {
                  "Node Type": "Hash Join",
                  "Parent Relationship": "Outer",
                  "Parallel Aware": true,
                  "Join Type": "Inner",
                  "Startup Cost": 60812.93,
                  "Total Cost": 88477.15,
                  "Plan Rows": 36915,
                  "Plan Width": 0,
                  "Actual Startup Time": 205.83,
                  "Actual Total Time": 305.603,
                  "Actual Rows": 82948,
                  "Actual Loops": 4,
                  "Inner Unique": true,
                  "Hash Cond": "(mk.movie_id = t.id)",
                  "Plans": [
                    {
                      "Node Type": "Bitmap Heap Scan",
                      "Parent Relationship": "Outer",
                      "Parallel Aware": true,
                      "Relation Name": "movie_keyword",
                      "Alias": "mk",
                      "Startup Cost": 13959.65,
                      "Total Cost": 41066.72,
                      "Plan Rows": 212246,
                      "Plan Width": 4,
                      "Actual Startup Time": 43.469,
                      "Actual Total Time": 108.583,
                      "Actual Rows": 161178,
                      "Actual Loops": 4,
                      "Recheck Cond": "(keyword_id > 29028)",
                      "Rows Removed by Index Recheck": 0,
                      "Exact Heap Blocks": 7775,
                      "Lossy Heap Blocks": 0,
                      "Plans": [
                        {
                          "Node Type": "Bitmap Index Scan",
                          "Parent Relationship": "Outer",
                          "Parallel Aware": false,
                          "Index Name": "keyword_id_movie_keyword",
                          "Startup Cost": 0.0,
                          "Total Cost": 13795.16,
                          "Plan Rows": 657963,
                          "Plan Width": 0,
                          "Actual Startup Time": 39.762,
                          "Actual Total Time": 39.763,
                          "Actual Rows": 644711,
                          "Actual Loops": 1,
                          "Index Cond": "(keyword_id > 29028)"
                        }
                      ]
                    },
                    {
                      "Node Type": "Hash",
                      "Parent Relationship": "Inner",
                      "Parallel Aware": true,
                      "Startup Cost": 45479.1,
                      "Total Cost": 45479.1,
                      "Plan Rows": 109935,
                      "Plan Width": 4,
                      "Actual Startup Time": 156.798,
                      "Actual Total Time": 156.799,
                      "Actual Rows": 134215,
                      "Actual Loops": 4,
                      "Hash Buckets": 1048576,
                      "Original Hash Buckets": 524288,
                      "Hash Batches": 1,
                      "Original Hash Batches": 1,
                      "Peak Memory Usage": 33312,
                      "Plans": [
                        {
                          "Node Type": "Seq Scan",
                          "Parent Relationship": "Outer",
                          "Parallel Aware": true,
                          "Relation Name": "title",
                          "Alias": "t",
                          "Startup Cost": 0.0,
                          "Total Cost": 45479.1,
                          "Plan Rows": 109935,
                          "Plan Width": 4,
                          "Actual Startup Time": 0.043,
                          "Actual Total Time": 103.062,
                          "Actual Rows": 134215,
                          "Actual Loops": 4,
                          "Filter": "((kind_id < 7) AND (production_year < 2002))",
                          "Rows Removed by Filter": 497863
                        }
                      ]
                    }
                  ]
                }
              ]
            }
          ]
        }
      ]
    },
    "Planning Time": 0.578,
    "Triggers": [],
    "Execution Time": 338.545
  }
]