[
  {
    "Plan": {
      "Node Type": "Aggregate",
      "Strategy": "Plain",
      "Partial Mode": "Finalize",
      "Parallel Aware": false,
      "Startup Cost": 22073.41,
      "Total Cost": 22073.42,
      "Plan Rows": 1,
      "Plan Width": 8,
      "Actual Startup Time": 37.278,
      "Actual Total Time": 41.219,
      "Actual Rows": 1,
      "Actual Loops": 1,
      "Plans": [
        {
          "Node Type": "Gather",
          "Parent Relationship": "Outer",
          "Parallel Aware": false,
          "Startup Cost": 22073.2,
          "Total Cost": 22073.41,
          "Plan Rows": 2,
          "Plan Width": 8,
          "Actual Startup Time": 36.989,
          "Actual Total Time": 41.212,
          "Actual Rows": 3,
          "Actual Loops": 1,
          "Workers Planned": 2,
          "Workers Launched": 2,
          "Single Copy": false,
          "Plans": [
            {
              "Node Type": "Aggregate",
              "Strategy": "Plain",
              "Partial Mode": "Partial",
              "Parent Relationship": "Outer",
              "Parallel Aware": false,
              "Startup Cost": 21073.2,
              "Total Cost": 21073.21,
              "Plan Rows": 1,
              "Plan Width": 8,
              "Actual Startup Time": 28.758,
              "Actual Total Time": 28.759,
              "Actual Rows": 1,
              "Actual Loops": 3,
              "Plans": [
                {
                  "Node Type": "Nested Loop",
                  "Parent Relationship": "Outer",
                  "Parallel Aware": false,
                  "Join Type": "Inner",
                  "Startup Cost": 75.58,
                  "Total Cost": 21069.35,
                  "Plan Rows": 1538,
                  "Plan Width": 0,
                  "Actual Startup Time": 1.682,
                  "Actual Total Time": 28.091,
                  "Actual Rows": 5552,
                  "Actual Loops": 3,
                  "Inner Unique": false,
                  "Plans": [
                    {
                      "Node Type": "Nested Loop",
                      "Parent Relationship": "Outer",
                      "Parallel Aware": false,
                      "Join Type": "Inner",
                      "Startup Cost": 75.15,
                      "Total Cost": 19532.75,
                      "Plan Rows": 859,
                      "Plan Width": 8,
                      "Actual Startup Time": 1.415,
                      "Actual Total Time": 20.663,
                      "Actual Rows": 632,
                      "Actual Loops": 3,
                      "Inner Unique": true,
                      "Plans": [
                        {
                          "Node Type": "Bitmap Heap Scan",
                          "Parent Relationship": "Outer",
                          "Parallel Aware": true,
                          "Relation Name": "movie_companies",
                          "Alias": "mc",
                          "Startup Cost": 74.72,
                          "Total Cost": 8740.97,
                          "Plan Rows": 1413,
                          "Plan Width": 4,
                          "Actual Startup Time": 1.196,
                          "Actual Total Time": 4.996,
                          "Actual Rows": 1297,
                          "Actual Loops": 3,
                          "Recheck Cond": "(company_id = 240)",
                          "Rows Removed by Index Recheck": 0,
                          "Exact Heap Blocks": 1335,
                          "Lossy Heap Blocks": 0,
                          "Plans": [
                            {
                              "Node Type": "Bitmap Index Scan",
                              "Parent Relationship": "Outer",
                              "Parallel Aware": false,
                              "Index Name": "company_id_movie_companies",
                              "Startup Cost": 0.0,
                              "Total Cost": 73.87,
                              "Plan Rows": 3392,
                              "Plan Width": 0,
                              "Actual Startup Time": 2.539,
                              "Actual Total Time": 2.54,
                              "Actual Rows": 3890,
                              "Actual Loops": 1,
                              "Index Cond": "(company_id = 240)"
                            }
                          ]
                        },
                        {
                          "Node Type": "Index Scan",
                          "Parent Relationship": "Inner",
                          "Parallel Aware": false,
                          "Scan Direction": "Forward",
                          "Index Name": "title_pkey",
                          "Relation Name": "title",
                          "Alias": "t",
                          "Startup Cost": 0.43,
                          "Total Cost": 7.64,
                          "Plan Rows": 1,
                          "Plan Width": 4,
                          "Actual Startup Time": 0.011,
                          "Actual Total Time": 0.011,
                          "Actual Rows": 0,
                          "Actual Loops": 3890,
                          "Index Cond": "(id = mc.movie_id)",
                          "Rows Removed by Index Recheck": 0,
                          "Filter": "(kind_id = 7)",
                          "Rows Removed by Filter": 1
                        }
                      ]
                    },
                    {
                      "Node Type": "Index Only Scan",
                      "Parent Relationship": "Inner",
                      "Parallel Aware": false,
                      "Scan Direction": "Forward",
                      "Index Name": "movie_id_movie_keyword",
                      "Relation Name": "movie_keyword",
                      "Alias": "mk",
                      "Startup Cost": 0.43,
                      "Total Cost": 1.34,
                      "Plan Rows": 45,
                      "Plan Width": 4,
                      "Actual Startup Time": 0.006,
                      "Actual Total Time": 0.009,
                      "Actual Rows": 9,
                      "Actual Loops": 1895,
                      "Index Cond": "(movie_id = t.id)",
                      "Rows Removed by Index Recheck": 0,
                      "Heap Fetches": 16657
                    }
                  ]
                }
              ]
            }
          ]
        }
      ]
    },
    "Planning Time": 1.472,
    "Triggers": [],
    "Execution Time": 41.321
  }
]