{
  "Plan": {
    "Node Type": "Aggregate",
    "Strategy": "Plain",
    "Partial Mode": "Finalize",
    "Parallel Aware": false,
    "Startup Cost": 564026.48,
    "Total Cost": 564026.49,
    "Plan Rows": 1,
    "Plan Width": 8,
    "Actual Startup Time": 4411.64,
    "Actual Total Time": 4449.569,
    "Actual Rows": 1,
    "Actual Loops": 1,
    "Plans": [
      {
        "Node Type": "Gather",
        "Parent Relationship": "Outer",
        "Parallel Aware": false,
        "Startup Cost": 564026.37,
        "Total Cost": 564026.48,
        "Plan Rows": 1,
        "Plan Width": 8,
        "Actual Startup Time": 4219.934,
        "Actual Total Time": 4449.552,
        "Actual Rows": 2,
        "Actual Loops": 1,
        "Workers Planned": 1,
        "Workers Launched": 1,
        "Single Copy": false,
        "Plans": [
          {
            "Node Type": "Aggregate",
            "Strategy": "Plain",
            "Partial Mode": "Partial",
            "Parent Relationship": "Outer",
            "Parallel Aware": false,
            "Startup Cost": 563026.37,
            "Total Cost": 563026.38,
            "Plan Rows": 1,
            "Plan Width": 8,
            "Actual Startup Time": 4302.027,
            "Actual Total Time": 4302.038,
            "Actual Rows": 1,
            "Actual Loops": 2,
            "Plans": [
              {
                "Node Type": "Merge Join",
                "Parent Relationship": "Outer",
                "Parallel Aware": false,
                "Join Type": "Inner",
                "Startup Cost": 531941.72,
                "Total Cost": 560265.49,
                "Plan Rows": 1104354,
                "Plan Width": 0,
                "Actual Startup Time": 1961.208,
                "Actual Total Time": 3779.641,
                "Actual Rows": 12461976,
                "Actual Loops": 2,
                "Inner Unique": false,
                "Merge Cond": "(t.id = mc.movie_id)",
                "Plans": [
                  {
                    "Node Type": "Sort",
                    "Parent Relationship": "Outer",
                    "Parallel Aware": false,
                    "Startup Cost": 356649.22,
                    "Total Cost": 362083.98,
                    "Plan Rows": 2173902,
                    "Plan Width": 8,
                    "Actual Startup Time": 1475.332,
                    "Actual Total Time": 1572.512,
                    "Actual Rows": 2100210,
                    "Actual Loops": 2,
                    "Sort Key": [
                      "mk.movie_id"
                    ],
                    "Sort Method": "quicksort",
                    "Sort Space Used": 199525,
                    "Sort Space Type": "Memory",
                    "Workers": [
                      {
                        "Worker Number": 0,
                        "Sort Method": "quicksort",
                        "Sort Space Used": 144827,
                        "Sort Space Type": "Memory"
                      }
                    ],
                    "Plans": [
                      {
                        "Node Type": "Hash Join",
                        "Parent Relationship": "Outer",
                        "Parallel Aware": true,
                        "Join Type": "Inner",
                        "Startup Cost": 69775.03,
                        "Total Cost": 127825.87,
                        "Plan Rows": 2173902,
                        "Plan Width": 8,
                        "Actual Startup Time": 506.519,
                        "Actual Total Time": 1085.763,
                        "Actual Rows": 2100219,
                        "Actual Loops": 2,
                        "Inner Unique": true,
                        "Hash Cond": "(mk.movie_id = t.id)",
                        "Plans": [
                          {
                            "Node Type": "Seq Scan",
                            "Parent Relationship": "Outer",
                            "Parallel Aware": true,
                            "Relation Name": "movie_keyword",
                            "Alias": "mk",
                            "Startup Cost": 0.0,
                            "Total Cost": 51065.35,
                            "Plan Rows": 2661135,
                            "Plan Width": 4,
                            "Actual Startup Time": 0.015,
                            "Actual Total Time": 165.592,
                            "Actual Rows": 2261965,
                            "Actual Loops": 2
                          },
                          {
                            "Node Type": "Hash",
                            "Parent Relationship": "Inner",
                            "Parallel Aware": true,
                            "Startup Cost": 54588.39,
                            "Total Cost": 54588.39,
                            "Plan Rows": 1214931,
                            "Plan Width": 4,
                            "Actual Startup Time": 494.55,
                            "Actual Total Time": 494.552,
                            "Actual Rows": 1032276,
                            "Actual Loops": 2,
                            "Hash Buckets": 2097152,
                            "Original Hash Buckets": 2097152,
                            "Hash Batches": 1,
                            "Original Hash Batches": 1,
                            "Peak Memory Usage": 97184,
                            "Plans": [
                              {
                                "Node Type": "Seq Scan",
                                "Parent Relationship": "Outer",
                                "Parallel Aware": true,
                                "Relation Name": "title",
                                "Alias": "t",
                                "Startup Cost": 0.0,
                                "Total Cost": 54588.39,
                                "Plan Rows": 1214931,
                                "Plan Width": 4,
                                "Actual Startup Time": 0.031,
                                "Actual Total Time": 181.653,
                                "Actual Rows": 1032276,
                                "Actual Loops": 2,
                                "Filter": "(production_year < 2011)",
                                "Rows Removed by Filter": 231880
                              }
                            ]
                          }
                        ]
                      }
                    ]
                  },
                  {
                    "Node Type": "Sort",
                    "Parent Relationship": "Inner",
                    "Parallel Aware": false,
                    "Startup Cost": 175292.27,
                    "Total Cost": 178503.24,
                    "Plan Rows": 1284387,
                    "Plan Width": 4,
                    "Actual Startup Time": 485.855,
                    "Actual Total Time": 944.986,
                    "Actual Rows": 13332914,
                    "Actual Loops": 2,
                    "Sort Key": [
                      "mc.movie_id"
                    ],
                    "Sort Method": "quicksort",
                    "Sort Space Used": 108883,
                    "Sort Space Type": "Memory",
                    "Workers": [
                      {
                        "Worker Number": 0,
                        "Sort Method": "quicksort",
                        "Sort Space Used": 108883,
                        "Sort Space Type": "Memory"
                      }
                    ],
                    "Plans": [
                      {
                        "Node Type": "Index Scan",
                        "Parent Relationship": "Outer",
                        "Parallel Aware": false,
                        "Scan Direction": "Forward",
                        "Index Name": "company_type_id_movie_companies",
                        "Relation Name": "movie_companies",
                        "Alias": "mc",
                        "Startup Cost": 0.43,
                        "Total Cost": 44974.2,
                        "Plan Rows": 1284387,
                        "Plan Width": 4,
                        "Actual Startup Time": 0.066,
                        "Actual Total Time": 210.79,
                        "Actual Rows": 1274246,
                        "Actual Loops": 2,
                        "Index Cond": "(company_type_id = 1)",
                        "Rows Removed by Index Recheck": 0
                      }
                    ]
                  }
                ]
              }
            ]
          }
        ]
      }
    ]
  },
  "Planning Time": 0.568,
  "Triggers": [],
  "Execution Time": 4462.498
}