[
    {
        "Bao": {
            "Bao prediction": "NaN",
            "Bao recommended hint": "(no hint)"
        }
    },
    {
        "Plan": {
            "Node Type": "Aggregate",
            "Strategy": "Plain",
            "Partial Mode": "Finalize",
            "Parallel Aware": false,
            "Startup Cost": 273729.88,
            "Total Cost": 273729.89,
            "Plan Rows": 1,
            "Plan Width": 8,
            "Actual Startup Time": 48.821,
            "Actual Total Time": 52.277,
            "Actual Rows": 1,
            "Actual Loops": 1,
            "Output": [
                "count(*)"
            ],
            "Plans": [
                {
                    "Node Type": "Gather",
                    "Parent Relationship": "Outer",
                    "Parallel Aware": false,
                    "Startup Cost": 273729.36,
                    "Total Cost": 273729.87,
                    "Plan Rows": 5,
                    "Plan Width": 8,
                    "Actual Startup Time": 48.601,
                    "Actual Total Time": 52.27,
                    "Actual Rows": 6,
                    "Actual Loops": 1,
                    "Output": [
                        "(PARTIAL count(*))"
                    ],
                    "Workers Planned": 5,
                    "Workers Launched": 5,
                    "Single Copy": false,
                    "Plans": [
                        {
                            "Node Type": "Aggregate",
                            "Strategy": "Plain",
                            "Partial Mode": "Partial",
                            "Parent Relationship": "Outer",
                            "Parallel Aware": false,
                            "Startup Cost": 272729.36,
                            "Total Cost": 272729.37,
                            "Plan Rows": 1,
                            "Plan Width": 8,
                            "Actual Startup Time": 38.563,
                            "Actual Total Time": 38.564,
                            "Actual Rows": 1,
                            "Actual Loops": 6,
                            "Output": [
                                "PARTIAL count(*)"
                            ],
                            "Workers": [
                                {
                                    "Worker Number": 0,
                                    "Actual Startup Time": 36.227,
                                    "Actual Total Time": 36.228,
                                    "Actual Rows": 1,
                                    "Actual Loops": 1
                                },
                                {
                                    "Worker Number": 1,
                                    "Actual Startup Time": 36.538,
                                    "Actual Total Time": 36.539,
                                    "Actual Rows": 1,
                                    "Actual Loops": 1
                                },
                                {
                                    "Worker Number": 2,
                                    "Actual Startup Time": 36.55,
                                    "Actual Total Time": 36.551,
                                    "Actual Rows": 1,
                                    "Actual Loops": 1
                                },
                                {
                                    "Worker Number": 3,
                                    "Actual Startup Time": 36.882,
                                    "Actual Total Time": 36.883,
                                    "Actual Rows": 1,
                                    "Actual Loops": 1
                                },
                                {
                                    "Worker Number": 4,
                                    "Actual Startup Time": 36.875,
                                    "Actual Total Time": 36.876,
                                    "Actual Rows": 1,
                                    "Actual Loops": 1
                                }
                            ],
                            "Plans": [
                                {
                                    "Node Type": "Bitmap Heap Scan",
                                    "Parent Relationship": "Outer",
                                    "Parallel Aware": true,
                                    "Relation Name": "cast_info",
                                    "Schema": "public",
                                    "Alias": "ci",
                                    "Startup Cost": 9158.86,
                                    "Total Cost": 272521.99,
                                    "Plan Rows": 82950,
                                    "Plan Width": 0,
                                    "Actual Startup Time": 7.749,
                                    "Actual Total Time": 32.342,
                                    "Actual Rows": 70087,
                                    "Actual Loops": 6,
                                    "Recheck Cond": "(ci.person_id < 47653)",
                                    "Rows Removed by Index Recheck": 0,
                                    "Exact Heap Blocks": 2137,
                                    "Lossy Heap Blocks": 0,
                                    "Workers": [
                                        {
                                            "Worker Number": 0,
                                            "Actual Startup Time": 5.558,
                                            "Actual Total Time": 30.377,
                                            "Actual Rows": 43352,
                                            "Actual Loops": 1
                                        },
                                        {
                                            "Worker Number": 1,
                                            "Actual Startup Time": 5.734,
                                            "Actual Total Time": 30.58,
                                            "Actual Rows": 44467,
                                            "Actual Loops": 1
                                        },
                                        {
                                            "Worker Number": 2,
                                            "Actual Startup Time": 5.735,
                                            "Actual Total Time": 30.677,
                                            "Actual Rows": 43880,
                                            "Actual Loops": 1
                                        },
                                        {
                                            "Worker Number": 3,
                                            "Actual Startup Time": 6.188,
                                            "Actual Total Time": 30.928,
                                            "Actual Rows": 44189,
                                            "Actual Loops": 1
                                        },
                                        {
                                            "Worker Number": 4,
                                            "Actual Startup Time": 6.02,
                                            "Actual Total Time": 31.013,
                                            "Actual Rows": 44389,
                                            "Actual Loops": 1
                                        }
                                    ],
                                    "Plans": [
                                        {
                                            "Node Type": "Bitmap Index Scan",
                                            "Parent Relationship": "Outer",
                                            "Parallel Aware": false,
                                            "Index Name": "person_id_cast_info",
                                            "Startup Cost": 0.0,
                                            "Total Cost": 9055.18,
                                            "Plan Rows": 414748,
                                            "Plan Width": 0,
                                            "Actual Startup Time": 16.608,
                                            "Actual Total Time": 16.609,
                                            "Actual Rows": 420524,
                                            "Actual Loops": 1,
                                            "Index Cond": "(ci.person_id < 47653)"
                                        }
                                    ]
                                }
                            ]
                        }
                    ]
                }
            ]
        },
        "Planning Time": 181.218,
        "Triggers": [],
        "Execution Time": 52.324
    }
]