[
  {
    "Plan": {
      "Node Type": "Aggregate",
      "Strategy": "Plain",
      "Partial Mode": "Finalize",
      "Parallel Aware": false,
      "Startup Cost": 47104.28,
      "Total Cost": 47104.29,
      "Plan Rows": 1,
      "Plan Width": 8,
      "Actual Startup Time": 167.341,
      "Actual Total Time": 177.241,
      "Actual Rows": 1,
      "Actual Loops": 1,
      "Plans": [
        {
          "Node Type": "Gather",
          "Parent Relationship": "Outer",
          "Parallel Aware": false,
          "Startup Cost": 47103.96,
          "Total Cost": 47104.27,
          "Plan Rows": 3,
          "Plan Width": 8,
          "Actual Startup Time": 167.171,
          "Actual Total Time": 177.227,
          "Actual Rows": 4,
          "Actual Loops": 1,
          "Workers Planned": 3,
          "Workers Launched": 3,
          "Single Copy": false,
          "Plans": [
            {
              "Node Type": "Aggregate",
              "Strategy": "Plain",
              "Partial Mode": "Partial",
              "Parent Relationship": "Outer",
              "Parallel Aware": false,
              "Startup Cost": 46103.96,
              "Total Cost": 46103.97,
              "Plan Rows": 1,
              "Plan Width": 8,
              "Actual Startup Time": 162.18,
              "Actual Total Time": 162.181,
              "Actual Rows": 1,
              "Actual Loops": 4,
              "Plans": [
                {
                  "Node Type": "Seq Scan",
                  "Parent Relationship": "Outer",
                  "Parallel Aware": true,
                  "Relation Name": "movie_keyword",
                  "Alias": "mk",
                  "Startup Cost": 0.0,
                  "Total Cost": 42695.65,
                  "Plan Rows": 1363324,
                  "Plan Width": 0,
                  "Actual Startup Time": 0.036,
                  "Actual Total Time": 116.824,
                  "Actual Rows": 1055432,
                  "Actual Loops": 4,
                  "Filter": "(keyword_id < 53737)",
                  "Rows Removed by Filter": 75551
                }
              ]
            }
          ]
        }
      ]
    },
    "Planning Time": 0.074,
    "Triggers": [],
    "Execution Time": 177.267
  }
]