{
  "Plan": {
    "Node Type": "Aggregate",
    "Strategy": "Plain",
    "Partial Mode": "Finalize",
    "Parallel Aware": false,
    "Startup Cost": 30579.62,
    "Total Cost": 30579.63,
    "Plan Rows": 1,
    "Plan Width": 8,
    "Actual Startup Time": 35.338,
    "Actual Total Time": 39.953,
    "Actual Rows": 1,
    "Actual Loops": 1,
    "Plans": [
      {
        "Node Type": "Gather",
        "Parent Relationship": "Outer",
        "Parallel Aware": false,
        "Startup Cost": 30579.5,
        "Total Cost": 30579.61,
        "Plan Rows": 1,
        "Plan Width": 8,
        "Actual Startup Time": 35.043,
        "Actual Total Time": 39.945,
        "Actual Rows": 2,
        "Actual Loops": 1,
        "Workers Planned": 1,
        "Workers Launched": 1,
        "Single Copy": false,
        "Plans": [
          {
            "Node Type": "Aggregate",
            "Strategy": "Plain",
            "Partial Mode": "Partial",
            "Parent Relationship": "Outer",
            "Parallel Aware": false,
            "Startup Cost": 29579.5,
            "Total Cost": 29579.51,
            "Plan Rows": 1,
            "Plan Width": 8,
            "Actual Startup Time": 28.936,
            "Actual Total Time": 28.938,
            "Actual Rows": 1,
            "Actual Loops": 2,
            "Plans": [
              {
                "Node Type": "Nested Loop",
                "Parent Relationship": "Outer",
                "Parallel Aware": false,
                "Join Type": "Inner",
                "Startup Cost": 93.58,
                "Total Cost": 29573.29,
                "Plan Rows": 2484,
                "Plan Width": 0,
                "Actual Startup Time": 2.495,
                "Actual Total Time": 28.569,
                "Actual Rows": 2076,
                "Actual Loops": 2,
                "Inner Unique": true,
                "Plans": [
                  {
                    "Node Type": "Bitmap Heap Scan",
                    "Parent Relationship": "Outer",
                    "Parallel Aware": true,
                    "Relation Name": "movie_keyword",
                    "Alias": "mk",
                    "Startup Cost": 93.15,
                    "Total Cost": 11023.11,
                    "Plan Rows": 2484,
                    "Plan Width": 4,
                    "Actual Startup Time": 2.34,
                    "Actual Total Time": 9.11,
                    "Actual Rows": 2076,
                    "Actual Loops": 2,
                    "Recheck Cond": "(keyword_id = 3644)",
                    "Rows Removed by Index Recheck": 0,
                    "Exact Heap Blocks": 2230,
                    "Lossy Heap Blocks": 0,
                    "Plans": [
                      {
                        "Node Type": "Bitmap Index Scan",
                        "Parent Relationship": "Outer",
                        "Parallel Aware": false,
                        "Index Name": "keyword_id_movie_keyword",
                        "Startup Cost": 0.0,
                        "Total Cost": 92.1,
                        "Plan Rows": 4222,
                        "Plan Width": 0,
                        "Actual Startup Time": 3.291,
                        "Actual Total Time": 3.292,
                        "Actual Rows": 4151,
                        "Actual Loops": 1,
                        "Index Cond": "(keyword_id = 3644)"
                      }
                    ]
                  },
                  {
                    "Node Type": "Index Only Scan",
                    "Parent Relationship": "Inner",
                    "Parallel Aware": false,
                    "Scan Direction": "Forward",
                    "Index Name": "title_pkey",
                    "Relation Name": "title",
                    "Alias": "t",
                    "Startup Cost": 0.43,
                    "Total Cost": 7.47,
                    "Plan Rows": 1,
                    "Plan Width": 4,
                    "Actual Startup Time": 0.009,
                    "Actual Total Time": 0.009,
                    "Actual Rows": 1,
                    "Actual Loops": 4151,
                    "Index Cond": "(id = mk.movie_id)",
                    "Rows Removed by Index Recheck": 0,
                    "Heap Fetches": 4151
                  }
                ]
              }
            ]
          }
        ]
      }
    ]
  },
  "Planning Time": 0.594,
  "Triggers": [],
  "Execution Time": 40.036
}