[
    {
        "Bao": {
            "Bao prediction": "NaN",
            "Bao recommended hint": "(no hint)"
        }
    },
    {
        "Plan": {
            "Node Type": "Aggregate",
            "Strategy": "Plain",
            "Partial Mode": "Finalize",
            "Parallel Aware": false,
            "Startup Cost": 357261.1,
            "Total Cost": 357261.11,
            "Plan Rows": 1,
            "Plan Width": 8,
            "Actual Startup Time": 857.979,
            "Actual Total Time": 879.254,
            "Actual Rows": 1,
            "Actual Loops": 1,
            "Output": [
                "count(*)"
            ],
            "Plans": [
                {
                    "Node Type": "Gather",
                    "Parent Relationship": "Outer",
                    "Parallel Aware": false,
                    "Startup Cost": 357260.48,
                    "Total Cost": 357261.09,
                    "Plan Rows": 6,
                    "Plan Width": 8,
                    "Actual Startup Time": 857.869,
                    "Actual Total Time": 879.244,
                    "Actual Rows": 7,
                    "Actual Loops": 1,
                    "Output": [
                        "(PARTIAL count(*))"
                    ],
                    "Workers Planned": 6,
                    "Workers Launched": 6,
                    "Single Copy": false,
                    "Plans": [
                        {
                            "Node Type": "Aggregate",
                            "Strategy": "Plain",
                            "Partial Mode": "Partial",
                            "Parent Relationship": "Outer",
                            "Parallel Aware": false,
                            "Startup Cost": 356260.48,
                            "Total Cost": 356260.49,
                            "Plan Rows": 1,
                            "Plan Width": 8,
                            "Actual Startup Time": 847.535,
                            "Actual Total Time": 847.536,
                            "Actual Rows": 1,
                            "Actual Loops": 7,
                            "Output": [
                                "PARTIAL count(*)"
                            ],
                            "Workers": [
                                {
                                    "Worker Number": 0,
                                    "Actual Startup Time": 845.014,
                                    "Actual Total Time": 845.016,
                                    "Actual Rows": 1,
                                    "Actual Loops": 1
                                },
                                {
                                    "Worker Number": 1,
                                    "Actual Startup Time": 845.582,
                                    "Actual Total Time": 845.583,
                                    "Actual Rows": 1,
                                    "Actual Loops": 1
                                },
                                {
                                    "Worker Number": 2,
                                    "Actual Startup Time": 845.789,
                                    "Actual Total Time": 845.791,
                                    "Actual Rows": 1,
                                    "Actual Loops": 1
                                },
                                {
                                    "Worker Number": 3,
                                    "Actual Startup Time": 846.221,
                                    "Actual Total Time": 846.222,
                                    "Actual Rows": 1,
                                    "Actual Loops": 1
                                },
                                {
                                    "Worker Number": 4,
                                    "Actual Startup Time": 846.552,
                                    "Actual Total Time": 846.553,
                                    "Actual Rows": 1,
                                    "Actual Loops": 1
                                },
                                {
                                    "Worker Number": 5,
                                    "Actual Startup Time": 846.591,
                                    "Actual Total Time": 846.592,
                                    "Actual Rows": 1,
                                    "Actual Loops": 1
                                }
                            ],
                            "Plans": [
                                {
                                    "Node Type": "Seq Scan",
                                    "Parent Relationship": "Outer",
                                    "Parallel Aware": true,
                                    "Relation Name": "cast_info",
                                    "Schema": "public",
                                    "Alias": "ci",
                                    "Startup Cost": 0.0,
                                    "Total Cost": 343318.94,
                                    "Plan Rows": 5176616,
                                    "Plan Width": 0,
                                    "Actual Startup Time": 22.121,
                                    "Actual Total Time": 666.407,
                                    "Actual Rows": 4411317,
                                    "Actual Loops": 7,
                                    "Output": [
                                        "id",
                                        "person_id",
                                        "movie_id",
                                        "person_role_id",
                                        "note",
                                        "nr_order",
                                        "role_id"
                                    ],
                                    "Filter": "((ci.person_id > 80492) AND (ci.role_id < 10))",
                                    "Rows Removed by Filter": 766447,
                                    "Workers": [
                                        {
                                            "Worker Number": 0,
                                            "Actual Startup Time": 19.618,
                                            "Actual Total Time": 667.956,
                                            "Actual Rows": 4256791,
                                            "Actual Loops": 1
                                        },
                                        {
                                            "Worker Number": 1,
                                            "Actual Startup Time": 20.176,
                                            "Actual Total Time": 669.14,
                                            "Actual Rows": 4309154,
                                            "Actual Loops": 1
                                        },
                                        {
                                            "Worker Number": 2,
                                            "Actual Startup Time": 20.376,
                                            "Actual Total Time": 668.794,
                                            "Actual Rows": 4259359,
                                            "Actual Loops": 1
                                        },
                                        {
                                            "Worker Number": 3,
                                            "Actual Startup Time": 20.789,
                                            "Actual Total Time": 669.872,
                                            "Actual Rows": 4304708,
                                            "Actual Loops": 1
                                        },
                                        {
                                            "Worker Number": 4,
                                            "Actual Startup Time": 21.146,
                                            "Actual Total Time": 669.867,
                                            "Actual Rows": 4311989,
                                            "Actual Loops": 1
                                        },
                                        {
                                            "Worker Number": 5,
                                            "Actual Startup Time": 21.176,
                                            "Actual Total Time": 668.912,
                                            "Actual Rows": 4278139,
                                            "Actual Loops": 1
                                        }
                                    ]
                                }
                            ]
                        }
                    ]
                }
            ]
        },
        "Planning Time": 233.633,
        "Triggers": [],
        "Execution Time": 879.342
    }
]