[
  {
    "Plan": {
      "Node Type": "Aggregate",
      "Strategy": "Plain",
      "Partial Mode": "Finalize",
      "Parallel Aware": false,
      "Startup Cost": 23117.89,
      "Total Cost": 23117.9,
      "Plan Rows": 1,
      "Plan Width": 8,
      "Actual Startup Time": 45.588,
      "Actual Total Time": 50.112,
      "Actual Rows": 1,
      "Actual Loops": 1,
      "Plans": [
        {
          "Node Type": "Gather",
          "Parent Relationship": "Outer",
          "Parallel Aware": false,
          "Startup Cost": 23117.57,
          "Total Cost": 23117.88,
          "Plan Rows": 3,
          "Plan Width": 8,
          "Actual Startup Time": 45.365,
          "Actual Total Time": 50.106,
          "Actual Rows": 4,
          "Actual Loops": 1,
          "Workers Planned": 3,
          "Workers Launched": 3,
          "Single Copy": false,
          "Plans": [
            {
              "Node Type": "Aggregate",
              "Strategy": "Plain",
              "Partial Mode": "Partial",
              "Parent Relationship": "Outer",
              "Parallel Aware": false,
              "Startup Cost": 22117.57,
              "Total Cost": 22117.58,
              "Plan Rows": 1,
              "Plan Width": 8,
              "Actual Startup Time": 36.26,
              "Actual Total Time": 36.261,
              "Actual Rows": 1,
              "Actual Loops": 4,
              "Plans": [
                {
                  "Node Type": "Bitmap Heap Scan",
                  "Parent Relationship": "Outer",
                  "Parallel Aware": true,
                  "Relation Name": "movie_companies",
                  "Alias": "mc",
                  "Startup Cost": 2720.6,
                  "Total Cost": 22016.41,
                  "Plan Rows": 40465,
                  "Plan Width": 0,
                  "Actual Startup Time": 10.125,
                  "Actual Total Time": 33.167,
                  "Actual Rows": 30681,
                  "Actual Loops": 4,
                  "Recheck Cond": "(company_id > 144894)",
                  "Rows Removed by Index Recheck": 0,
                  "Exact Heap Blocks": 1966,
                  "Lossy Heap Blocks": 0,
                  "Plans": [
                    {
                      "Node Type": "Bitmap Index Scan",
                      "Parent Relationship": "Outer",
                      "Parallel Aware": false,
                      "Index Name": "company_id_movie_companies",
                      "Startup Cost": 0.0,
                      "Total Cost": 2689.24,
                      "Plan Rows": 125441,
                      "Plan Width": 0,
                      "Actual Startup Time": 16.859,
                      "Actual Total Time": 16.86,
                      "Actual Rows": 122725,
                      "Actual Loops": 1,
                      "Index Cond": "(company_id > 144894)"
                    }
                  ]
                }
              ]
            }
          ]
        }
      ]
    },
    "Planning Time": 0.227,
    "Triggers": [],
    "Execution Time": 50.186
  }
]