[
  {
    "Plan": {
      "Node Type": "Aggregate",
      "Strategy": "Plain",
      "Partial Mode": "Finalize",
      "Parallel Aware": false,
      "Startup Cost": 23163.8,
      "Total Cost": 23163.81,
      "Plan Rows": 1,
      "Plan Width": 8,
      "Actual Startup Time": 44.707,
      "Actual Total Time": 48.547,
      "Actual Rows": 1,
      "Actual Loops": 1,
      "Plans": [
        {
          "Node Type": "Gather",
          "Parent Relationship": "Outer",
          "Parallel Aware": false,
          "Startup Cost": 23163.49,
          "Total Cost": 23163.8,
          "Plan Rows": 3,
          "Plan Width": 8,
          "Actual Startup Time": 44.483,
          "Actual Total Time": 48.541,
          "Actual Rows": 4,
          "Actual Loops": 1,
          "Workers Planned": 3,
          "Workers Launched": 3,
          "Single Copy": false,
          "Plans": [
            {
              "Node Type": "Aggregate",
              "Strategy": "Plain",
              "Partial Mode": "Partial",
              "Parent Relationship": "Outer",
              "Parallel Aware": false,
              "Startup Cost": 22163.49,
              "Total Cost": 22163.5,
              "Plan Rows": 1,
              "Plan Width": 8,
              "Actual Startup Time": 38.554,
              "Actual Total Time": 38.555,
              "Actual Rows": 1,
              "Actual Loops": 4,
              "Plans": [
                {
                  "Node Type": "Bitmap Heap Scan",
                  "Parent Relationship": "Outer",
                  "Parallel Aware": true,
                  "Relation Name": "movie_companies",
                  "Alias": "mc",
                  "Startup Cost": 2758.09,
                  "Total Cost": 22060.92,
                  "Plan Rows": 41026,
                  "Plan Width": 0,
                  "Actual Startup Time": 13.755,
                  "Actual Total Time": 35.704,
                  "Actual Rows": 30681,
                  "Actual Loops": 4,
                  "Recheck Cond": "(company_id > 144894)",
                  "Rows Removed by Index Recheck": 0,
                  "Exact Heap Blocks": 2266,
                  "Lossy Heap Blocks": 0,
                  "Plans": [
                    {
                      "Node Type": "Bitmap Index Scan",
                      "Parent Relationship": "Outer",
                      "Parallel Aware": false,
                      "Index Name": "company_id_movie_companies",
                      "Startup Cost": 0.0,
                      "Total Cost": 2726.29,
                      "Plan Rows": 127182,
                      "Plan Width": 0,
                      "Actual Startup Time": 17.703,
                      "Actual Total Time": 17.703,
                      "Actual Rows": 122725,
                      "Actual Loops": 1,
                      "Index Cond": "(company_id > 144894)"
                    }
                  ]
                }
              ]
            }
          ]
        }
      ]
    },
    "Planning Time": 0.184,
    "Triggers": [],
    "Execution Time": 48.62
  }
]