{
  "Plan": {
    "Node Type": "Aggregate",
    "Strategy": "Plain",
    "Partial Mode": "Finalize",
    "Parallel Aware": false,
    "Startup Cost": 114905.2,
    "Total Cost": 114905.21,
    "Plan Rows": 1,
    "Plan Width": 8,
    "Actual Startup Time": 408.158,
    "Actual Total Time": 456.597,
    "Actual Rows": 1,
    "Actual Loops": 1,
    "Plans": [
      {
        "Node Type": "Gather",
        "Parent Relationship": "Outer",
        "Parallel Aware": false,
        "Startup Cost": 114905.09,
        "Total Cost": 114905.2,
        "Plan Rows": 1,
        "Plan Width": 8,
        "Actual Startup Time": 407.67,
        "Actual Total Time": 456.588,
        "Actual Rows": 2,
        "Actual Loops": 1,
        "Workers Planned": 1,
        "Workers Launched": 1,
        "Single Copy": false,
        "Plans": [
          {
            "Node Type": "Aggregate",
            "Strategy": "Plain",
            "Partial Mode": "Partial",
            "Parent Relationship": "Outer",
            "Parallel Aware": false,
            "Startup Cost": 113905.09,
            "Total Cost": 113905.1,
            "Plan Rows": 1,
            "Plan Width": 8,
            "Actual Startup Time": 401.393,
            "Actual Total Time": 401.398,
            "Actual Rows": 1,
            "Actual Loops": 2,
            "Plans": [
              {
                "Node Type": "Nested Loop",
                "Parent Relationship": "Outer",
                "Parallel Aware": false,
                "Join Type": "Inner",
                "Startup Cost": 69888.7,
                "Total Cost": 113850.47,
                "Plan Rows": 21848,
                "Plan Width": 0,
                "Actual Startup Time": 177.643,
                "Actual Total Time": 399.359,
                "Actual Rows": 35178,
                "Actual Loops": 2,
                "Inner Unique": false,
                "Join Filter": "(t.id = ci.movie_id)",
                "Rows Removed by Join Filter": 0,
                "Plans": [
                  {
                    "Node Type": "Hash Join",
                    "Parent Relationship": "Outer",
                    "Parallel Aware": true,
                    "Join Type": "Inner",
                    "Startup Cost": 69888.14,
                    "Total Cost": 99116.37,
                    "Plan Rows": 3371,
                    "Plan Width": 8,
                    "Actual Startup Time": 177.575,
                    "Actual Total Time": 275.704,
                    "Actual Rows": 2246,
                    "Actual Loops": 2,
                    "Inner Unique": true,
                    "Hash Cond": "(mk.movie_id = t.id)",
                    "Plans": [
                      {
                        "Node Type": "Bitmap Heap Scan",
                        "Parent Relationship": "Outer",
                        "Parallel Aware": true,
                        "Relation Name": "movie_keyword",
                        "Alias": "mk",
                        "Startup Cost": 11383.14,
                        "Total Cost": 39782.79,
                        "Plan Rows": 315652,
                        "Plan Width": 4,
                        "Actual Startup Time": 36.086,
                        "Actual Total Time": 103.652,
                        "Actual Rows": 273753,
                        "Actual Loops": 2,
                        "Recheck Cond": "(keyword_id < 394)",
                        "Rows Removed by Index Recheck": 0,
                        "Exact Heap Blocks": 15563,
                        "Lossy Heap Blocks": 0,
                        "Plans": [
                          {
                            "Node Type": "Bitmap Index Scan",
                            "Parent Relationship": "Outer",
                            "Parallel Aware": false,
                            "Index Name": "keyword_id_movie_keyword",
                            "Startup Cost": 0.0,
                            "Total Cost": 11248.99,
                            "Plan Rows": 536608,
                            "Plan Width": 0,
                            "Actual Startup Time": 32.488,
                            "Actual Total Time": 32.489,
                            "Actual Rows": 547506,
                            "Actual Loops": 1,
                            "Index Cond": "(keyword_id < 394)"
                          }
                        ]
                      },
                      {
                        "Node Type": "Hash",
                        "Parent Relationship": "Inner",
                        "Parallel Aware": true,
                        "Startup Cost": 58306.47,
                        "Total Cost": 58306.47,
                        "Plan Rows": 15882,
                        "Plan Width": 4,
                        "Actual Startup Time": 139.97,
                        "Actual Total Time": 139.971,
                        "Actual Rows": 13542,
                        "Actual Loops": 2,
                        "Hash Buckets": 32768,
                        "Original Hash Buckets": 32768,
                        "Hash Batches": 1,
                        "Original Hash Batches": 1,
                        "Peak Memory Usage": 1344,
                        "Plans": [
                          {
                            "Node Type": "Seq Scan",
                            "Parent Relationship": "Outer",
                            "Parallel Aware": true,
                            "Relation Name": "title",
                            "Alias": "t",
                            "Startup Cost": 0.0,
                            "Total Cost": 58306.47,
                            "Plan Rows": 15882,
                            "Plan Width": 4,
                            "Actual Startup Time": 0.738,
                            "Actual Total Time": 136.411,
                            "Actual Rows": 13542,
                            "Actual Loops": 2,
                            "Filter": "((kind_id < 7) AND (production_year > 2012))",
                            "Rows Removed by Filter": 1250614
                          }
                        ]
                      }
                    ]
                  },
                  {
                    "Node Type": "Index Scan",
                    "Parent Relationship": "Inner",
                    "Parallel Aware": false,
                    "Scan Direction": "Forward",
                    "Index Name": "movie_id_cast_info",
                    "Relation Name": "cast_info",
                    "Alias": "ci",
                    "Startup Cost": 0.56,
                    "Total Cost": 4.16,
                    "Plan Rows": 17,
                    "Plan Width": 4,
                    "Actual Startup Time": 0.033,
                    "Actual Total Time": 0.053,
                    "Actual Rows": 16,
                    "Actual Loops": 4491,
                    "Index Cond": "(movie_id = mk.movie_id)",
                    "Rows Removed by Index Recheck": 0,
                    "Filter": "(role_id > 2)",
                    "Rows Removed by Filter": 18
                  }
                ]
              }
            ]
          }
        ]
      }
    ]
  },
  "Planning Time": 0.993,
  "Triggers": [],
  "Execution Time": 456.721
}