[
  {
    "Plan": {
      "Node Type": "Aggregate",
      "Strategy": "Plain",
      "Partial Mode": "Simple",
      "Parallel Aware": false,
      "Startup Cost": 11131.98,
      "Total Cost": 11131.99,
      "Plan Rows": 1,
      "Plan Width": 8,
      "Actual Startup Time": 8.262,
      "Actual Total Time": 8.263,
      "Actual Rows": 1,
      "Actual Loops": 1,
      "Plans": [
        {
          "Node Type": "Index Only Scan",
          "Parent Relationship": "Outer",
          "Parallel Aware": false,
          "Scan Direction": "Forward",
          "Index Name": "company_id_movie_companies",
          "Relation Name": "movie_companies",
          "Alias": "mc",
          "Startup Cost": 0.43,
          "Total Cost": 11120.02,
          "Plan Rows": 4783,
          "Plan Width": 0,
          "Actual Startup Time": 0.103,
          "Actual Total Time": 7.475,
          "Actual Rows": 4831,
          "Actual Loops": 1,
          "Index Cond": "(company_id = 11149)",
          "Rows Removed by Index Recheck": 0,
          "Heap Fetches": 4831
        }
      ]
    },
    "Planning Time": 0.116,
    "Triggers": [],
    "Execution Time": 8.299
  }
]