{
  "Plan": {
    "Node Type": "Aggregate",
    "Strategy": "Plain",
    "Partial Mode": "Finalize",
    "Parallel Aware": false,
    "Startup Cost": 125081.45,
    "Total Cost": 125081.46,
    "Plan Rows": 1,
    "Plan Width": 8,
    "Actual Startup Time": 640.574,
    "Actual Total Time": 657.981,
    "Actual Rows": 1,
    "Actual Loops": 1,
    "Plans": [
      {
        "Node Type": "Gather",
        "Parent Relationship": "Outer",
        "Parallel Aware": false,
        "Startup Cost": 125081.34,
        "Total Cost": 125081.45,
        "Plan Rows": 1,
        "Plan Width": 8,
        "Actual Startup Time": 638.878,
        "Actual Total Time": 657.974,
        "Actual Rows": 2,
        "Actual Loops": 1,
        "Workers Planned": 1,
        "Workers Launched": 1,
        "Single Copy": false,
        "Plans": [
          {
            "Node Type": "Aggregate",
            "Strategy": "Plain",
            "Partial Mode": "Partial",
            "Parent Relationship": "Outer",
            "Parallel Aware": false,
            "Startup Cost": 124081.34,
            "Total Cost": 124081.35,
            "Plan Rows": 1,
            "Plan Width": 8,
            "Actual Startup Time": 633.251,
            "Actual Total Time": 633.254,
            "Actual Rows": 1,
            "Actual Loops": 2,
            "Plans": [
              {
                "Node Type": "Hash Join",
                "Parent Relationship": "Outer",
                "Parallel Aware": true,
                "Join Type": "Inner",
                "Startup Cost": 63994.83,
                "Total Cost": 122045.67,
                "Plan Rows": 814266,
                "Plan Width": 0,
                "Actual Startup Time": 262.563,
                "Actual Total Time": 626.359,
                "Actual Rows": 174708,
                "Actual Loops": 2,
                "Inner Unique": true,
                "Hash Cond": "(mk.movie_id = t.id)",
                "Plans": [
                  {
                    "Node Type": "Seq Scan",
                    "Parent Relationship": "Outer",
                    "Parallel Aware": true,
                    "Relation Name": "movie_keyword",
                    "Alias": "mk",
                    "Startup Cost": 0.0,
                    "Total Cost": 51065.35,
                    "Plan Rows": 2661135,
                    "Plan Width": 4,
                    "Actual Startup Time": 0.014,
                    "Actual Total Time": 150.847,
                    "Actual Rows": 2261965,
                    "Actual Loops": 2
                  },
                  {
                    "Node Type": "Hash",
                    "Parent Relationship": "Inner",
                    "Parallel Aware": true,
                    "Startup Cost": 58306.47,
                    "Total Cost": 58306.47,
                    "Plan Rows": 455069,
                    "Plan Width": 4,
                    "Actual Startup Time": 255.719,
                    "Actual Total Time": 255.72,
                    "Actual Rows": 420005,
                    "Actual Loops": 2,
                    "Hash Buckets": 1048576,
                    "Original Hash Buckets": 1048576,
                    "Hash Batches": 1,
                    "Original Hash Batches": 1,
                    "Peak Memory Usage": 41088,
                    "Plans": [
                      {
                        "Node Type": "Seq Scan",
                        "Parent Relationship": "Outer",
                        "Parallel Aware": true,
                        "Relation Name": "title",
                        "Alias": "t",
                        "Startup Cost": 0.0,
                        "Total Cost": 58306.47,
                        "Plan Rows": 455069,
                        "Plan Width": 4,
                        "Actual Startup Time": 0.027,
                        "Actual Total Time": 159.029,
                        "Actual Rows": 420005,
                        "Actual Loops": 2,
                        "Filter": "((production_year > 2002) AND (kind_id = 7))",
                        "Rows Removed by Filter": 844151
                      }
                    ]
                  }
                ]
              }
            ]
          }
        ]
      }
    ]
  },
  "Planning Time": 0.421,
  "Triggers": [],
  "Execution Time": 658.028
}