[
  {
    "Plan": {
      "Node Type": "Aggregate",
      "Strategy": "Plain",
      "Partial Mode": "Finalize",
      "Parallel Aware": false,
      "Startup Cost": 46362.32,
      "Total Cost": 46362.33,
      "Plan Rows": 1,
      "Plan Width": 8,
      "Actual Startup Time": 190.838,
      "Actual Total Time": 199.794,
      "Actual Rows": 1,
      "Actual Loops": 1,
      "Plans": [
        {
          "Node Type": "Gather",
          "Parent Relationship": "Outer",
          "Parallel Aware": false,
          "Startup Cost": 46362.0,
          "Total Cost": 46362.31,
          "Plan Rows": 3,
          "Plan Width": 8,
          "Actual Startup Time": 190.678,
          "Actual Total Time": 199.783,
          "Actual Rows": 4,
          "Actual Loops": 1,
          "Workers Planned": 3,
          "Workers Launched": 3,
          "Single Copy": false,
          "Plans": [
            {
              "Node Type": "Aggregate",
              "Strategy": "Plain",
              "Partial Mode": "Partial",
              "Parent Relationship": "Outer",
              "Parallel Aware": false,
              "Startup Cost": 45362.0,
              "Total Cost": 45362.01,
              "Plan Rows": 1,
              "Plan Width": 8,
              "Actual Startup Time": 182.124,
              "Actual Total Time": 182.126,
              "Actual Rows": 1,
              "Actual Loops": 4,
              "Plans": [
                {
                  "Node Type": "Seq Scan",
                  "Parent Relationship": "Outer",
                  "Parallel Aware": true,
                  "Relation Name": "movie_keyword",
                  "Alias": "mk",
                  "Startup Cost": 0.0,
                  "Total Cost": 42695.65,
                  "Plan Rows": 1066538,
                  "Plan Width": 0,
                  "Actual Startup Time": 0.059,
                  "Actual Total Time": 137.858,
                  "Actual Rows": 825728,
                  "Actual Loops": 4,
                  "Filter": "(keyword_id < 14917)",
                  "Rows Removed by Filter": 305254
                }
              ]
            }
          ]
        }
      ]
    },
    "Planning Time": 0.23,
    "Triggers": [],
    "Execution Time": 199.849
  }
]