[
  {
    "Plan": {
      "Node Type": "Aggregate",
      "Strategy": "Plain",
      "Partial Mode": "Finalize",
      "Parallel Aware": false,
      "Startup Cost": 334473.21,
      "Total Cost": 334473.22,
      "Plan Rows": 1,
      "Plan Width": 8,
      "Actual Startup Time": 722.726,
      "Actual Total Time": 772.03,
      "Actual Rows": 1,
      "Actual Loops": 1,
      "Plans": [
        {
          "Node Type": "Gather",
          "Parent Relationship": "Outer",
          "Parallel Aware": false,
          "Startup Cost": 334472.59,
          "Total Cost": 334473.2,
          "Plan Rows": 6,
          "Plan Width": 8,
          "Actual Startup Time": 722.498,
          "Actual Total Time": 772.012,
          "Actual Rows": 7,
          "Actual Loops": 1,
          "Workers Planned": 6,
          "Workers Launched": 6,
          "Single Copy": false,
          "Plans": [
            {
              "Node Type": "Aggregate",
              "Strategy": "Plain",
              "Partial Mode": "Partial",
              "Parent Relationship": "Outer",
              "Parallel Aware": false,
              "Startup Cost": 333472.59,
              "Total Cost": 333472.6,
              "Plan Rows": 1,
              "Plan Width": 8,
              "Actual Startup Time": 714.684,
              "Actual Total Time": 714.687,
              "Actual Rows": 1,
              "Actual Loops": 7,
              "Plans": [
                {
                  "Node Type": "Seq Scan",
                  "Parent Relationship": "Outer",
                  "Parallel Aware": true,
                  "Relation Name": "cast_info",
                  "Alias": "ci",
                  "Startup Cost": 0.0,
                  "Total Cost": 328211.39,
                  "Plan Rows": 2104479,
                  "Plan Width": 0,
                  "Actual Startup Time": 288.753,
                  "Actual Total Time": 620.577,
                  "Actual Rows": 1782185,
                  "Actual Loops": 7,
                  "Filter": "(person_id > 2435890)",
                  "Rows Removed by Filter": 3395578
                }
              ]
            }
          ]
        }
      ]
    },
    "Planning Time": 0.211,
    "Triggers": [],
    "Execution Time": 772.105
  }
]