[
  {
    "Plan": {
      "Node Type": "Aggregate",
      "Strategy": "Plain",
      "Partial Mode": "Finalize",
      "Parallel Aware": false,
      "Startup Cost": 334369.74,
      "Total Cost": 334369.75,
      "Plan Rows": 1,
      "Plan Width": 8,
      "Actual Startup Time": 653.199,
      "Actual Total Time": 711.478,
      "Actual Rows": 1,
      "Actual Loops": 1,
      "Plans": [
        {
          "Node Type": "Gather",
          "Parent Relationship": "Outer",
          "Parallel Aware": false,
          "Startup Cost": 334369.11,
          "Total Cost": 334369.72,
          "Plan Rows": 6,
          "Plan Width": 8,
          "Actual Startup Time": 653.094,
          "Actual Total Time": 711.469,
          "Actual Rows": 7,
          "Actual Loops": 1,
          "Workers Planned": 6,
          "Workers Launched": 6,
          "Single Copy": false,
          "Plans": [
            {
              "Node Type": "Aggregate",
              "Strategy": "Plain",
              "Partial Mode": "Partial",
              "Parent Relationship": "Outer",
              "Parallel Aware": false,
              "Startup Cost": 333369.11,
              "Total Cost": 333369.12,
              "Plan Rows": 1,
              "Plan Width": 8,
              "Actual Startup Time": 642.662,
              "Actual Total Time": 642.663,
              "Actual Rows": 1,
              "Actual Loops": 7,
              "Plans": [
                {
                  "Node Type": "Seq Scan",
                  "Parent Relationship": "Outer",
                  "Parallel Aware": true,
                  "Relation Name": "cast_info",
                  "Alias": "ci",
                  "Startup Cost": 0.0,
                  "Total Cost": 328162.03,
                  "Plan Rows": 2082834,
                  "Plan Width": 0,
                  "Actual Startup Time": 266.284,
                  "Actual Total Time": 569.504,
                  "Actual Rows": 1782185,
                  "Actual Loops": 7,
                  "Filter": "(person_id > 2435890)",
                  "Rows Removed by Filter": 3395578
                }
              ]
            }
          ]
        }
      ]
    },
    "Planning Time": 0.177,
    "Triggers": [],
    "Execution Time": 711.547
  }
]