[
  {
    "Plan": {
      "Node Type": "Aggregate",
      "Strategy": "Plain",
      "Partial Mode": "Finalize",
      "Parallel Aware": false,
      "Startup Cost": 139081.41,
      "Total Cost": 139081.42,
      "Plan Rows": 1,
      "Plan Width": 8,
      "Actual Startup Time": 983.854,
      "Actual Total Time": 1050.788,
      "Actual Rows": 1,
      "Actual Loops": 1,
      "Plans": [
        {
          "Node Type": "Gather",
          "Parent Relationship": "Outer",
          "Parallel Aware": false,
          "Startup Cost": 139081.09,
          "Total Cost": 139081.4,
          "Plan Rows": 3,
          "Plan Width": 8,
          "Actual Startup Time": 983.409,
          "Actual Total Time": 1050.781,
          "Actual Rows": 4,
          "Actual Loops": 1,
          "Workers Planned": 3,
          "Workers Launched": 3,
          "Single Copy": false,
          "Plans": [
            {
              "Node Type": "Aggregate",
              "Strategy": "Plain",
              "Partial Mode": "Partial",
              "Parent Relationship": "Outer",
              "Parallel Aware": false,
              "Startup Cost": 138081.09,
              "Total Cost": 138081.1,
              "Plan Rows": 1,
              "Plan Width": 8,
              "Actual Startup Time": 979.557,
              "Actual Total Time": 979.561,
              "Actual Rows": 1,
              "Actual Loops": 4,
              "Plans": [
                {
                  "Node Type": "Nested Loop",
                  "Parent Relationship": "Outer",
                  "Parallel Aware": false,
                  "Join Type": "Inner",
                  "Startup Cost": 45673.95,
                  "Total Cost": 137689.7,
                  "Plan Rows": 156556,
                  "Plan Width": 0,
                  "Actual Startup Time": 98.402,
                  "Actual Total Time": 952.838,
                  "Actual Rows": 474913,
                  "Actual Loops": 4,
                  "Inner Unique": false,
                  "Join Filter": "(t.id = ci.movie_id)",
                  "Rows Removed by Join Filter": 0,
                  "Plans": [
                    {
                      "Node Type": "Hash Join",
                      "Parent Relationship": "Outer",
                      "Parallel Aware": true,
                      "Join Type": "Inner",
                      "Startup Cost": 45673.39,
                      "Total Cost": 90750.41,
                      "Plan Rows": 22252,
                      "Plan Width": 8,
                      "Actual Startup Time": 98.002,
                      "Actual Total Time": 276.664,
                      "Actual Rows": 15251,
                      "Actual Loops": 4,
                      "Inner Unique": true,
                      "Hash Cond": "(mk.movie_id = t.id)",
                      "Plans": [
                        {
                          "Node Type": "Seq Scan",
                          "Parent Relationship": "Outer",
                          "Parallel Aware": true,
                          "Relation Name": "movie_keyword",
                          "Alias": "mk",
                          "Startup Cost": 0.0,
                          "Total Cost": 42695.65,
                          "Plan Rows": 907188,
                          "Plan Width": 4,
                          "Actual Startup Time": 0.035,
                          "Actual Total Time": 115.081,
                          "Actual Rows": 705453,
                          "Actual Loops": 4,
                          "Filter": "(keyword_id < 8454)",
                          "Rows Removed by Filter": 425530
                        },
                        {
                          "Node Type": "Hash",
                          "Parent Relationship": "Inner",
                          "Parallel Aware": true,
                          "Startup Cost": 45479.59,
                          "Total Cost": 45479.59,
                          "Plan Rows": 15504,
                          "Plan Width": 4,
                          "Actual Startup Time": 97.324,
                          "Actual Total Time": 97.324,
                          "Actual Rows": 13442,
                          "Actual Loops": 4,
                          "Hash Buckets": 65536,
                          "Original Hash Buckets": 65536,
                          "Hash Batches": 1,
                          "Original Hash Batches": 1,
                          "Peak Memory Usage": 2656,
                          "Plans": [
                            {
                              "Node Type": "Seq Scan",
                              "Parent Relationship": "Outer",
                              "Parallel Aware": true,
                              "Relation Name": "title",
                              "Alias": "t",
                              "Startup Cost": 0.0,
                              "Total Cost": 45479.59,
                              "Plan Rows": 15504,
                              "Plan Width": 4,
                              "Actual Startup Time": 0.086,
                              "Actual Total Time": 91.911,
                              "Actual Rows": 13442,
                              "Actual Loops": 4,
                              "Filter": "((kind_id < 7) AND (production_year = 2011))",
                              "Rows Removed by Filter": 618636
                            }
                          ]
                        }
                      ]
                    },
                    {
                      "Node Type": "Index Scan",
                      "Parent Relationship": "Inner",
                      "Parallel Aware": false,
                      "Scan Direction": "Forward",
                      "Index Name": "movie_id_cast_info",
                      "Relation Name": "cast_info",
                      "Alias": "ci",
                      "Startup Cost": 0.56,
                      "Total Cost": 1.9,
                      "Plan Rows": 17,
                      "Plan Width": 4,
                      "Actual Startup Time": 0.005,
                      "Actual Total Time": 0.041,
                      "Actual Rows": 31,
                      "Actual Loops": 61003,
                      "Index Cond": "(movie_id = mk.movie_id)",
                      "Rows Removed by Index Recheck": 0,
                      "Filter": "((person_id < 2759909) AND (role_id < 4))",
                      "Rows Removed by Filter": 34
                    }
                  ]
                }
              ]
            }
          ]
        }
      ]
    },
    "Planning Time": 0.539,
    "Triggers": [],
    "Execution Time": 1050.876
  }
]