[
  {
    "Plan": {
      "Node Type": "Aggregate",
      "Strategy": "Plain",
      "Partial Mode": "Finalize",
      "Parallel Aware": false,
      "Startup Cost": 336504.29,
      "Total Cost": 336504.3,
      "Plan Rows": 1,
      "Plan Width": 8,
      "Actual Startup Time": 761.106,
      "Actual Total Time": 818.607,
      "Actual Rows": 1,
      "Actual Loops": 1,
      "Plans": [
        {
          "Node Type": "Gather",
          "Parent Relationship": "Outer",
          "Parallel Aware": false,
          "Startup Cost": 336503.66,
          "Total Cost": 336504.27,
          "Plan Rows": 6,
          "Plan Width": 8,
          "Actual Startup Time": 760.966,
          "Actual Total Time": 818.597,
          "Actual Rows": 7,
          "Actual Loops": 1,
          "Workers Planned": 6,
          "Workers Launched": 6,
          "Single Copy": false,
          "Plans": [
            {
              "Node Type": "Aggregate",
              "Strategy": "Plain",
              "Partial Mode": "Partial",
              "Parent Relationship": "Outer",
              "Parallel Aware": false,
              "Startup Cost": 335503.66,
              "Total Cost": 335503.67,
              "Plan Rows": 1,
              "Plan Width": 8,
              "Actual Startup Time": 751.407,
              "Actual Total Time": 751.408,
              "Actual Rows": 1,
              "Actual Loops": 7,
              "Plans": [
                {
                  "Node Type": "Seq Scan",
                  "Parent Relationship": "Outer",
                  "Parallel Aware": true,
                  "Relation Name": "cast_info",
                  "Alias": "ci",
                  "Startup Cost": 0.0,
                  "Total Cost": 328162.03,
                  "Plan Rows": 2936655,
                  "Plan Width": 0,
                  "Actual Startup Time": 0.051,
                  "Actual Total Time": 630.532,
                  "Actual Rows": 2523255,
                  "Actual Loops": 7,
                  "Filter": "(person_id < 1749281)",
                  "Rows Removed by Filter": 2654508
                }
              ]
            }
          ]
        }
      ]
    },
    "Planning Time": 0.194,
    "Triggers": [],
    "Execution Time": 818.677
  }
]