{
  "Plan": {
    "Node Type": "Aggregate",
    "Strategy": "Plain",
    "Partial Mode": "Finalize",
    "Parallel Aware": false,
    "Startup Cost": 68388.06,
    "Total Cost": 68388.07,
    "Plan Rows": 1,
    "Plan Width": 8,
    "Actual Startup Time": 154.902,
    "Actual Total Time": 161.282,
    "Actual Rows": 1,
    "Actual Loops": 1,
    "Plans": [
      {
        "Node Type": "Gather",
        "Parent Relationship": "Outer",
        "Parallel Aware": false,
        "Startup Cost": 68387.95,
        "Total Cost": 68388.06,
        "Plan Rows": 1,
        "Plan Width": 8,
        "Actual Startup Time": 154.698,
        "Actual Total Time": 161.275,
        "Actual Rows": 2,
        "Actual Loops": 1,
        "Workers Planned": 1,
        "Workers Launched": 1,
        "Single Copy": false,
        "Plans": [
          {
            "Node Type": "Aggregate",
            "Strategy": "Plain",
            "Partial Mode": "Partial",
            "Parent Relationship": "Outer",
            "Parallel Aware": false,
            "Startup Cost": 67387.95,
            "Total Cost": 67387.96,
            "Plan Rows": 1,
            "Plan Width": 8,
            "Actual Startup Time": 148.598,
            "Actual Total Time": 148.603,
            "Actual Rows": 1,
            "Actual Loops": 2,
            "Plans": [
              {
                "Node Type": "Hash Join",
                "Parent Relationship": "Outer",
                "Parallel Aware": true,
                "Join Type": "Inner",
                "Startup Cost": 48273.66,
                "Total Cost": 67382.8,
                "Plan Rows": 2057,
                "Plan Width": 0,
                "Actual Startup Time": 31.748,
                "Actual Total Time": 148.226,
                "Actual Rows": 6002,
                "Actual Loops": 2,
                "Inner Unique": false,
                "Hash Cond": "(mi_idx.movie_id = t.id)",
                "Plans": [
                  {
                    "Node Type": "Seq Scan",
                    "Parent Relationship": "Outer",
                    "Parallel Aware": true,
                    "Relation Name": "movie_info_idx",
                    "Alias": "mi_idx",
                    "Startup Cost": 0.0,
                    "Total Cost": 16052.85,
                    "Plan Rows": 811785,
                    "Plan Width": 4,
                    "Actual Startup Time": 0.021,
                    "Actual Total Time": 58.891,
                    "Actual Rows": 690018,
                    "Actual Loops": 2
                  },
                  {
                    "Node Type": "Hash",
                    "Parent Relationship": "Inner",
                    "Parallel Aware": true,
                    "Startup Cost": 48226.56,
                    "Total Cost": 48226.56,
                    "Plan Rows": 3768,
                    "Plan Width": 8,
                    "Actual Startup Time": 30.482,
                    "Actual Total Time": 30.484,
                    "Actual Rows": 2581,
                    "Actual Loops": 2,
                    "Hash Buckets": 8192,
                    "Original Hash Buckets": 8192,
                    "Hash Batches": 1,
                    "Original Hash Batches": 1,
                    "Peak Memory Usage": 288,
                    "Plans": [
                      {
                        "Node Type": "Nested Loop",
                        "Parent Relationship": "Outer",
                        "Parallel Aware": false,
                        "Join Type": "Inner",
                        "Startup Cost": 118.51,
                        "Total Cost": 48226.56,
                        "Plan Rows": 3768,
                        "Plan Width": 8,
                        "Actual Startup Time": 1.328,
                        "Actual Total Time": 28.906,
                        "Actual Rows": 2581,
                        "Actual Loops": 2,
                        "Inner Unique": true,
                        "Plans": [
                          {
                            "Node Type": "Bitmap Heap Scan",
                            "Parent Relationship": "Outer",
                            "Parallel Aware": true,
                            "Relation Name": "movie_info",
                            "Alias": "mi",
                            "Startup Cost": 118.08,
                            "Total Cost": 21581.94,
                            "Plan Rows": 3768,
                            "Plan Width": 4,
                            "Actual Startup Time": 1.176,
                            "Actual Total Time": 5.846,
                            "Actual Rows": 2581,
                            "Actual Loops": 2,
                            "Recheck Cond": "(info_type_id = 92)",
                            "Rows Removed by Index Recheck": 0,
                            "Exact Heap Blocks": 1382,
                            "Lossy Heap Blocks": 0,
                            "Plans": [
                              {
                                "Node Type": "Bitmap Index Scan",
                                "Parent Relationship": "Outer",
                                "Parallel Aware": false,
                                "Index Name": "info_type_id_movie_info",
                                "Startup Cost": 0.0,
                                "Total Cost": 116.48,
                                "Plan Rows": 6406,
                                "Plan Width": 0,
                                "Actual Startup Time": 1.401,
                                "Actual Total Time": 1.401,
                                "Actual Rows": 5162,
                                "Actual Loops": 1,
                                "Index Cond": "(info_type_id = 92)"
                              }
                            ]
                          },
                          {
                            "Node Type": "Index Only Scan",
                            "Parent Relationship": "Inner",
                            "Parallel Aware": false,
                            "Scan Direction": "Forward",
                            "Index Name": "title_pkey",
                            "Relation Name": "title",
                            "Alias": "t",
                            "Startup Cost": 0.43,
                            "Total Cost": 7.07,
                            "Plan Rows": 1,
                            "Plan Width": 4,
                            "Actual Startup Time": 0.008,
                            "Actual Total Time": 0.008,
                            "Actual Rows": 1,
                            "Actual Loops": 5162,
                            "Index Cond": "(id = mi.movie_id)",
                            "Rows Removed by Index Recheck": 0,
                            "Heap Fetches": 5162
                          }
                        ]
                      }
                    ]
                  }
                ]
              }
            ]
          }
        ]
      }
    ]
  },
  "Planning Time": 1.091,
  "Triggers": [],
  "Execution Time": 161.387
}