[
  {
    "Plan": {
      "Node Type": "Aggregate",
      "Strategy": "Plain",
      "Partial Mode": "Finalize",
      "Parallel Aware": false,
      "Startup Cost": 470114.61,
      "Total Cost": 470114.62,
      "Plan Rows": 1,
      "Plan Width": 8,
      "Actual Startup Time": 2659.325,
      "Actual Total Time": 2718.835,
      "Actual Rows": 1,
      "Actual Loops": 1,
      "Plans": [
        {
          "Node Type": "Gather",
          "Parent Relationship": "Outer",
          "Parallel Aware": false,
          "Startup Cost": 470113.98,
          "Total Cost": 470114.59,
          "Plan Rows": 6,
          "Plan Width": 8,
          "Actual Startup Time": 2632.375,
          "Actual Total Time": 2718.822,
          "Actual Rows": 7,
          "Actual Loops": 1,
          "Workers Planned": 6,
          "Workers Launched": 6,
          "Single Copy": false,
          "Plans": [
            {
              "Node Type": "Aggregate",
              "Strategy": "Plain",
              "Partial Mode": "Partial",
              "Parent Relationship": "Outer",
              "Parallel Aware": false,
              "Startup Cost": 469113.98,
              "Total Cost": 469113.99,
              "Plan Rows": 1,
              "Plan Width": 8,
              "Actual Startup Time": 2621.39,
              "Actual Total Time": 2621.824,
              "Actual Rows": 1,
              "Actual Loops": 7,
              "Plans": [
                {
                  "Node Type": "Hash Join",
                  "Parent Relationship": "Outer",
                  "Parallel Aware": true,
                  "Join Type": "Inner",
                  "Startup Cost": 100347.05,
                  "Total Cost": 463790.1,
                  "Plan Rows": 2129551,
                  "Plan Width": 0,
                  "Actual Startup Time": 621.788,
                  "Actual Total Time": 2383.671,
                  "Actual Rows": 4686306,
                  "Actual Loops": 7,
                  "Inner Unique": false,
                  "Hash Cond": "(ci.movie_id = t.id)",
                  "Plans": [
                    {
                      "Node Type": "Seq Scan",
                      "Parent Relationship": "Outer",
                      "Parallel Aware": true,
                      "Relation Name": "cast_info",
                      "Alias": "ci",
                      "Startup Cost": 0.0,
                      "Total Cost": 343316.27,
                      "Plan Rows": 3535272,
                      "Plan Width": 4,
                      "Actual Startup Time": 107.083,
                      "Actual Total Time": 770.577,
                      "Actual Rows": 2879934,
                      "Actual Loops": 7,
                      "Filter": "((person_id > 749607) AND (role_id < 5))",
                      "Rows Removed by Filter": 2297830
                    },
                    {
                      "Node Type": "Hash",
                      "Parent Relationship": "Inner",
                      "Parallel Aware": true,
                      "Startup Cost": 94205.72,
                      "Total Cost": 94205.72,
                      "Plan Rows": 491307,
                      "Plan Width": 8,
                      "Actual Startup Time": 510.99,
                      "Actual Total Time": 511.422,
                      "Actual Rows": 216320,
                      "Actual Loops": 7,
                      "Hash Buckets": 2097152,
                      "Original Hash Buckets": 2097152,
                      "Hash Batches": 1,
                      "Original Hash Batches": 1,
                      "Peak Memory Usage": 75744,
                      "Plans": [
                        {
                          "Node Type": "Hash Join",
                          "Parent Relationship": "Outer",
                          "Parallel Aware": true,
                          "Join Type": "Inner",
                          "Startup Cost": 50220.38,
                          "Total Cost": 94205.72,
                          "Plan Rows": 491307,
                          "Plan Width": 8,
                          "Actual Startup Time": 281.677,
                          "Actual Total Time": 422.536,
                          "Actual Rows": 216320,
                          "Actual Loops": 7,
                          "Inner Unique": true,
                          "Hash Cond": "(mk.movie_id = t.id)",
                          "Plans": [
                            {
                              "Node Type": "Seq Scan",
                              "Parent Relationship": "Outer",
                              "Parallel Aware": true,
                              "Relation Name": "movie_keyword",
                              "Alias": "mk",
                              "Startup Cost": 0.0,
                              "Total Cost": 42695.65,
                              "Plan Rows": 491307,
                              "Plan Width": 4,
                              "Actual Startup Time": 0.55,
                              "Actual Total Time": 78.152,
                              "Actual Rows": 216320,
                              "Actual Loops": 7,
                              "Filter": "(keyword_id > 10693)",
                              "Rows Removed by Filter": 429956
                            },
                            {
                              "Node Type": "Hash",
                              "Parent Relationship": "Inner",
                              "Parallel Aware": true,
                              "Startup Cost": 42319.06,
                              "Total Cost": 42319.06,
                              "Plan Rows": 632106,
                              "Plan Width": 4,
                              "Actual Startup Time": 277.285,
                              "Actual Total Time": 277.287,
                              "Actual Rows": 361187,
                              "Actual Loops": 7,
                              "Hash Buckets": 4194304,
                              "Original Hash Buckets": 4194304,
                              "Hash Batches": 1,
                              "Original Hash Batches": 1,
                              "Peak Memory Usage": 131776,
                              "Plans": [
                                {
                                  "Node Type": "Seq Scan",
                                  "Parent Relationship": "Outer",
                                  "Parallel Aware": true,
                                  "Relation Name": "title",
                                  "Alias": "t",
                                  "Startup Cost": 0.0,
                                  "Total Cost": 42319.06,
                                  "Plan Rows": 632106,
                                  "Plan Width": 4,
                                  "Actual Startup Time": 0.056,
                                  "Actual Total Time": 84.344,
                                  "Actual Rows": 361187,
                                  "Actual Loops": 7
                                }
                              ]
                            }
                          ]
                        }
                      ]
                    }
                  ]
                }
              ]
            }
          ]
        }
      ]
    },
    "Planning Time": 0.544,
    "Triggers": [],
    "Execution Time": 2718.887
  }
]