[
  {
    "Plan": {
      "Node Type": "Aggregate",
      "Strategy": "Plain",
      "Partial Mode": "Finalize",
      "Parallel Aware": false,
      "Startup Cost": 469756.53,
      "Total Cost": 469756.54,
      "Plan Rows": 1,
      "Plan Width": 8,
      "Actual Startup Time": 2361.56,
      "Actual Total Time": 2427.622,
      "Actual Rows": 1,
      "Actual Loops": 1,
      "Plans": [
        {
          "Node Type": "Gather",
          "Parent Relationship": "Outer",
          "Parallel Aware": false,
          "Startup Cost": 469755.91,
          "Total Cost": 469756.52,
          "Plan Rows": 6,
          "Plan Width": 8,
          "Actual Startup Time": 2348.919,
          "Actual Total Time": 2427.61,
          "Actual Rows": 7,
          "Actual Loops": 1,
          "Workers Planned": 6,
          "Workers Launched": 6,
          "Single Copy": false,
          "Plans": [
            {
              "Node Type": "Aggregate",
              "Strategy": "Plain",
              "Partial Mode": "Partial",
              "Parent Relationship": "Outer",
              "Parallel Aware": false,
              "Startup Cost": 468755.91,
              "Total Cost": 468755.92,
              "Plan Rows": 1,
              "Plan Width": 8,
              "Actual Startup Time": 2333.992,
              "Actual Total Time": 2334.318,
              "Actual Rows": 1,
              "Actual Loops": 7,
              "Plans": [
                {
                  "Node Type": "Hash Join",
                  "Parent Relationship": "Outer",
                  "Parallel Aware": true,
                  "Join Type": "Inner",
                  "Startup Cost": 100246.11,
                  "Total Cost": 463510.63,
                  "Plan Rows": 2098111,
                  "Plan Width": 0,
                  "Actual Startup Time": 548.771,
                  "Actual Total Time": 2140.848,
                  "Actual Rows": 4686306,
                  "Actual Loops": 7,
                  "Inner Unique": false,
                  "Hash Cond": "(ci.movie_id = t.id)",
                  "Plans": [
                    {
                      "Node Type": "Seq Scan",
                      "Parent Relationship": "Outer",
                      "Parallel Aware": true,
                      "Relation Name": "cast_info",
                      "Alias": "ci",
                      "Startup Cost": 0.0,
                      "Total Cost": 343257.03,
                      "Plan Rows": 3530506,
                      "Plan Width": 4,
                      "Actual Startup Time": 87.396,
                      "Actual Total Time": 667.716,
                      "Actual Rows": 2879934,
                      "Actual Loops": 7,
                      "Filter": "((person_id > 749607) AND (role_id < 5))",
                      "Rows Removed by Filter": 2297830
                    },
                    {
                      "Node Type": "Hash",
                      "Parent Relationship": "Inner",
                      "Parallel Aware": true,
                      "Startup Cost": 94187.59,
                      "Total Cost": 94187.59,
                      "Plan Rows": 484682,
                      "Plan Width": 8,
                      "Actual Startup Time": 456.455,
                      "Actual Total Time": 456.779,
                      "Actual Rows": 216320,
                      "Actual Loops": 7,
                      "Hash Buckets": 2097152,
                      "Original Hash Buckets": 2097152,
                      "Hash Batches": 1,
                      "Original Hash Batches": 1,
                      "Peak Memory Usage": 75712,
                      "Plans": [
                        {
                          "Node Type": "Hash Join",
                          "Parent Relationship": "Outer",
                          "Parallel Aware": true,
                          "Join Type": "Inner",
                          "Startup Cost": 50219.64,
                          "Total Cost": 94187.59,
                          "Plan Rows": 484682,
                          "Plan Width": 8,
                          "Actual Startup Time": 246.535,
                          "Actual Total Time": 370.906,
                          "Actual Rows": 216320,
                          "Actual Loops": 7,
                          "Inner Unique": true,
                          "Hash Cond": "(mk.movie_id = t.id)",
                          "Plans": [
                            {
                              "Node Type": "Seq Scan",
                              "Parent Relationship": "Outer",
                              "Parallel Aware": true,
                              "Relation Name": "movie_keyword",
                              "Alias": "mk",
                              "Startup Cost": 0.0,
                              "Total Cost": 42695.65,
                              "Plan Rows": 484682,
                              "Plan Width": 4,
                              "Actual Startup Time": 0.494,
                              "Actual Total Time": 68.749,
                              "Actual Rows": 216320,
                              "Actual Loops": 7,
                              "Filter": "(keyword_id > 10693)",
                              "Rows Removed by Filter": 429956
                            },
                            {
                              "Node Type": "Hash",
                              "Parent Relationship": "Inner",
                              "Parallel Aware": true,
                              "Startup Cost": 42318.73,
                              "Total Cost": 42318.73,
                              "Plan Rows": 632073,
                              "Plan Width": 4,
                              "Actual Startup Time": 242.213,
                              "Actual Total Time": 242.214,
                              "Actual Rows": 361187,
                              "Actual Loops": 7,
                              "Hash Buckets": 4194304,
                              "Original Hash Buckets": 4194304,
                              "Hash Batches": 1,
                              "Original Hash Batches": 1,
                              "Peak Memory Usage": 131776,
                              "Plans": [
                                {
                                  "Node Type": "Seq Scan",
                                  "Parent Relationship": "Outer",
                                  "Parallel Aware": true,
                                  "Relation Name": "title",
                                  "Alias": "t",
                                  "Startup Cost": 0.0,
                                  "Total Cost": 42318.73,
                                  "Plan Rows": 632073,
                                  "Plan Width": 4,
                                  "Actual Startup Time": 0.041,
                                  "Actual Total Time": 70.731,
                                  "Actual Rows": 361187,
                                  "Actual Loops": 7
                                }
                              ]
                            }
                          ]
                        }
                      ]
                    }
                  ]
                }
              ]
            }
          ]
        }
      ]
    },
    "Planning Time": 1.255,
    "Triggers": [],
    "Execution Time": 2427.713
  }
]