[
  {
    "Plan": {
      "Node Type": "Aggregate",
      "Strategy": "Plain",
      "Partial Mode": "Finalize",
      "Parallel Aware": false,
      "Startup Cost": 433971.28,
      "Total Cost": 433971.29,
      "Plan Rows": 1,
      "Plan Width": 8,
      "Actual Startup Time": 1761.881,
      "Actual Total Time": 1826.674,
      "Actual Rows": 1,
      "Actual Loops": 1,
      "Plans": [
        {
          "Node Type": "Gather",
          "Parent Relationship": "Outer",
          "Parallel Aware": false,
          "Startup Cost": 433970.65,
          "Total Cost": 433971.26,
          "Plan Rows": 6,
          "Plan Width": 8,
          "Actual Startup Time": 1750.401,
          "Actual Total Time": 1826.648,
          "Actual Rows": 7,
          "Actual Loops": 1,
          "Workers Planned": 6,
          "Workers Launched": 6,
          "Single Copy": false,
          "Plans": [
            {
              "Node Type": "Aggregate",
              "Strategy": "Plain",
              "Partial Mode": "Partial",
              "Parent Relationship": "Outer",
              "Parallel Aware": false,
              "Startup Cost": 432970.65,
              "Total Cost": 432970.66,
              "Plan Rows": 1,
              "Plan Width": 8,
              "Actual Startup Time": 1739.572,
              "Actual Total Time": 1739.652,
              "Actual Rows": 1,
              "Actual Loops": 7,
              "Plans": [
                {
                  "Node Type": "Hash Join",
                  "Parent Relationship": "Outer",
                  "Parallel Aware": true,
                  "Join Type": "Inner",
                  "Startup Cost": 91790.85,
                  "Total Cost": 430582.22,
                  "Plan Rows": 955373,
                  "Plan Width": 0,
                  "Actual Startup Time": 262.619,
                  "Actual Total Time": 1629.1,
                  "Actual Rows": 2813604,
                  "Actual Loops": 7,
                  "Inner Unique": false,
                  "Hash Cond": "(ci.movie_id = t.id)",
                  "Plans": [
                    {
                      "Node Type": "Seq Scan",
                      "Parent Relationship": "Outer",
                      "Parallel Aware": true,
                      "Relation Name": "cast_info",
                      "Alias": "ci",
                      "Startup Cost": 0.0,
                      "Total Cost": 313067.02,
                      "Plan Rows": 6038002,
                      "Plan Width": 4,
                      "Actual Startup Time": 0.015,
                      "Actual Total Time": 496.997,
                      "Actual Rows": 5177763,
                      "Actual Loops": 7
                    },
                    {
                      "Node Type": "Hash",
                      "Parent Relationship": "Inner",
                      "Parallel Aware": true,
                      "Startup Cost": 90177.78,
                      "Total Cost": 90177.78,
                      "Plan Rows": 129046,
                      "Plan Width": 8,
                      "Actual Startup Time": 260.182,
                      "Actual Total Time": 260.26,
                      "Actual Rows": 78597,
                      "Actual Loops": 7,
                      "Hash Buckets": 1048576,
                      "Original Hash Buckets": 524288,
                      "Hash Batches": 1,
                      "Original Hash Batches": 1,
                      "Peak Memory Usage": 33920,
                      "Plans": [
                        {
                          "Node Type": "Hash Join",
                          "Parent Relationship": "Outer",
                          "Parallel Aware": true,
                          "Join Type": "Inner",
                          "Startup Cost": 46420.89,
                          "Total Cost": 90177.78,
                          "Plan Rows": 129046,
                          "Plan Width": 8,
                          "Actual Startup Time": 135.207,
                          "Actual Total Time": 225.834,
                          "Actual Rows": 78597,
                          "Actual Loops": 7,
                          "Inner Unique": true,
                          "Hash Cond": "(mk.movie_id = t.id)",
                          "Plans": [
                            {
                              "Node Type": "Seq Scan",
                              "Parent Relationship": "Outer",
                              "Parallel Aware": true,
                              "Relation Name": "movie_keyword",
                              "Alias": "mk",
                              "Startup Cost": 0.0,
                              "Total Cost": 42695.65,
                              "Plan Rows": 404279,
                              "Plan Width": 4,
                              "Actual Startup Time": 0.614,
                              "Actual Total Time": 59.714,
                              "Actual Rows": 180131,
                              "Actual Loops": 7,
                              "Filter": "(keyword_id > 14219)",
                              "Rows Removed by Filter": 466145
                            },
                            {
                              "Node Type": "Hash",
                              "Parent Relationship": "Inner",
                              "Parallel Aware": true,
                              "Startup Cost": 43898.92,
                              "Total Cost": 43898.92,
                              "Plan Rows": 201758,
                              "Plan Width": 4,
                              "Actual Startup Time": 132.711,
                              "Actual Total Time": 132.712,
                              "Actual Rows": 116101,
                              "Actual Loops": 7,
                              "Hash Buckets": 1048576,
                              "Original Hash Buckets": 1048576,
                              "Hash Batches": 1,
                              "Original Hash Batches": 1,
                              "Peak Memory Usage": 40128,
                              "Plans": [
                                {
                                  "Node Type": "Seq Scan",
                                  "Parent Relationship": "Outer",
                                  "Parallel Aware": true,
                                  "Relation Name": "title",
                                  "Alias": "t",
                                  "Startup Cost": 0.0,
                                  "Total Cost": 43898.92,
                                  "Plan Rows": 201758,
                                  "Plan Width": 4,
                                  "Actual Startup Time": 0.048,
                                  "Actual Total Time": 75.444,
                                  "Actual Rows": 116101,
                                  "Actual Loops": 7,
                                  "Filter": "(production_year < 1995)",
                                  "Rows Removed by Filter": 245087
                                }
                              ]
                            }
                          ]
                        }
                      ]
                    }
                  ]
                }
              ]
            }
          ]
        }
      ]
    },
    "Planning Time": 1.331,
    "Triggers": [],
    "Execution Time": 1826.775
  }
]