{
  "Plan": {
    "Node Type": "Aggregate",
    "Strategy": "Plain",
    "Partial Mode": "Finalize",
    "Parallel Aware": false,
    "Startup Cost": 653959.94,
    "Total Cost": 653959.95,
    "Plan Rows": 1,
    "Plan Width": 8,
    "Actual Startup Time": 7189.371,
    "Actual Total Time": 7257.809,
    "Actual Rows": 1,
    "Actual Loops": 1,
    "Plans": [
      {
        "Node Type": "Gather",
        "Parent Relationship": "Outer",
        "Parallel Aware": false,
        "Startup Cost": 653959.82,
        "Total Cost": 653959.93,
        "Plan Rows": 1,
        "Plan Width": 8,
        "Actual Startup Time": 7187.537,
        "Actual Total Time": 7257.801,
        "Actual Rows": 2,
        "Actual Loops": 1,
        "Workers Planned": 1,
        "Workers Launched": 1,
        "Single Copy": false,
        "Plans": [
          {
            "Node Type": "Aggregate",
            "Strategy": "Plain",
            "Partial Mode": "Partial",
            "Parent Relationship": "Outer",
            "Parallel Aware": false,
            "Startup Cost": 652959.82,
            "Total Cost": 652959.83,
            "Plan Rows": 1,
            "Plan Width": 8,
            "Actual Startup Time": 7181.56,
            "Actual Total Time": 7181.564,
            "Actual Rows": 1,
            "Actual Loops": 2,
            "Plans": [
              {
                "Node Type": "Hash Join",
                "Parent Relationship": "Outer",
                "Parallel Aware": true,
                "Join Type": "Inner",
                "Startup Cost": 60788.5,
                "Total Cost": 635337.77,
                "Plan Rows": 7048822,
                "Plan Width": 0,
                "Actual Startup Time": 313.01,
                "Actual Total Time": 6942.566,
                "Actual Rows": 5551010,
                "Actual Loops": 2,
                "Inner Unique": true,
                "Hash Cond": "(ci.movie_id = t.id)",
                "Plans": [
                  {
                    "Node Type": "Seq Scan",
                    "Parent Relationship": "Outer",
                    "Parallel Aware": true,
                    "Relation Name": "cast_info",
                    "Alias": "ci",
                    "Startup Cost": 0.0,
                    "Total Cost": 519069.44,
                    "Plan Rows": 21135138,
                    "Plan Width": 4,
                    "Actual Startup Time": 0.018,
                    "Actual Total Time": 2074.302,
                    "Actual Rows": 17964113,
                    "Actual Loops": 2,
                    "Filter": "(role_id < 11)",
                    "Rows Removed by Filter": 158059
                  },
                  {
                    "Node Type": "Hash",
                    "Parent Relationship": "Inner",
                    "Parallel Aware": true,
                    "Startup Cost": 54588.39,
                    "Total Cost": 54588.39,
                    "Plan Rows": 496009,
                    "Plan Width": 4,
                    "Actual Startup Time": 303.706,
                    "Actual Total Time": 303.707,
                    "Actual Rows": 424570,
                    "Actual Loops": 2,
                    "Hash Buckets": 1048576,
                    "Original Hash Buckets": 1048576,
                    "Hash Batches": 1,
                    "Original Hash Batches": 1,
                    "Peak Memory Usage": 41440,
                    "Plans": [
                      {
                        "Node Type": "Seq Scan",
                        "Parent Relationship": "Outer",
                        "Parallel Aware": true,
                        "Relation Name": "title",
                        "Alias": "t",
                        "Startup Cost": 0.0,
                        "Total Cost": 54588.39,
                        "Plan Rows": 496009,
                        "Plan Width": 4,
                        "Actual Startup Time": 0.03,
                        "Actual Total Time": 180.065,
                        "Actual Rows": 424570,
                        "Actual Loops": 2,
                        "Filter": "(production_year < 1996)",
                        "Rows Removed by Filter": 839586
                      }
                    ]
                  }
                ]
              }
            ]
          }
        ]
      }
    ]
  },
  "Planning Time": 0.669,
  "Triggers": [],
  "Execution Time": 7257.893
}