[
    {
        "Bao": {
            "Bao prediction": "NaN",
            "Bao recommended hint": "(no hint)"
        }
    },
    {
        "Plan": {
            "Node Type": "Aggregate",
            "Strategy": "Plain",
            "Partial Mode": "Finalize",
            "Parallel Aware": false,
            "Startup Cost": 503762.36,
            "Total Cost": 503762.37,
            "Plan Rows": 1,
            "Plan Width": 8,
            "Actual Startup Time": 5003.755,
            "Actual Total Time": 5064.217,
            "Actual Rows": 1,
            "Actual Loops": 1,
            "Output": [
                "count(*)"
            ],
            "Plans": [
                {
                    "Node Type": "Gather",
                    "Parent Relationship": "Outer",
                    "Parallel Aware": false,
                    "Startup Cost": 503761.73,
                    "Total Cost": 503762.34,
                    "Plan Rows": 6,
                    "Plan Width": 8,
                    "Actual Startup Time": 4959.565,
                    "Actual Total Time": 5064.205,
                    "Actual Rows": 7,
                    "Actual Loops": 1,
                    "Output": [
                        "(PARTIAL count(*))"
                    ],
                    "Workers Planned": 6,
                    "Workers Launched": 6,
                    "Single Copy": false,
                    "Plans": [
                        {
                            "Node Type": "Aggregate",
                            "Strategy": "Plain",
                            "Partial Mode": "Partial",
                            "Parent Relationship": "Outer",
                            "Parallel Aware": false,
                            "Startup Cost": 502761.73,
                            "Total Cost": 502761.74,
                            "Plan Rows": 1,
                            "Plan Width": 8,
                            "Actual Startup Time": 4937.345,
                            "Actual Total Time": 4938.436,
                            "Actual Rows": 1,
                            "Actual Loops": 7,
                            "Output": [
                                "PARTIAL count(*)"
                            ],
                            "Workers": [
                                {
                                    "Worker Number": 0,
                                    "Actual Startup Time": 4933.018,
                                    "Actual Total Time": 4933.023,
                                    "Actual Rows": 1,
                                    "Actual Loops": 1
                                },
                                {
                                    "Worker Number": 1,
                                    "Actual Startup Time": 4936.767,
                                    "Actual Total Time": 4936.77,
                                    "Actual Rows": 1,
                                    "Actual Loops": 1
                                },
                                {
                                    "Worker Number": 2,
                                    "Actual Startup Time": 4933.202,
                                    "Actual Total Time": 4933.207,
                                    "Actual Rows": 1,
                                    "Actual Loops": 1
                                },
                                {
                                    "Worker Number": 3,
                                    "Actual Startup Time": 4933.135,
                                    "Actual Total Time": 4933.14,
                                    "Actual Rows": 1,
                                    "Actual Loops": 1
                                },
                                {
                                    "Worker Number": 4,
                                    "Actual Startup Time": 4932.977,
                                    "Actual Total Time": 4932.982,
                                    "Actual Rows": 1,
                                    "Actual Loops": 1
                                },
                                {
                                    "Worker Number": 5,
                                    "Actual Startup Time": 4933.168,
                                    "Actual Total Time": 4933.172,
                                    "Actual Rows": 1,
                                    "Actual Loops": 1
                                }
                            ],
                            "Plans": [
                                {
                                    "Node Type": "Hash Join",
                                    "Parent Relationship": "Outer",
                                    "Parallel Aware": true,
                                    "Join Type": "Inner",
                                    "Startup Cost": 111339.54,
                                    "Total Cost": 482558.51,
                                    "Plan Rows": 8081290,
                                    "Plan Width": 0,
                                    "Actual Startup Time": 713.923,
                                    "Actual Total Time": 3971.388,
                                    "Actual Rows": 22551104,
                                    "Actual Loops": 7,
                                    "Inner Unique": false,
                                    "Hash Cond": "(ci.movie_id = t.id)",
                                    "Workers": [
                                        {
                                            "Worker Number": 0,
                                            "Actual Startup Time": 710.091,
                                            "Actual Total Time": 3938.363,
                                            "Actual Rows": 20073649,
                                            "Actual Loops": 1
                                        },
                                        {
                                            "Worker Number": 1,
                                            "Actual Startup Time": 710.096,
                                            "Actual Total Time": 3958.756,
                                            "Actual Rows": 22529652,
                                            "Actual Loops": 1
                                        },
                                        {
                                            "Worker Number": 2,
                                            "Actual Startup Time": 710.342,
                                            "Actual Total Time": 3981.446,
                                            "Actual Rows": 23275960,
                                            "Actual Loops": 1
                                        },
                                        {
                                            "Worker Number": 3,
                                            "Actual Startup Time": 710.198,
                                            "Actual Total Time": 3983.698,
                                            "Actual Rows": 23294389,
                                            "Actual Loops": 1
                                        },
                                        {
                                            "Worker Number": 4,
                                            "Actual Startup Time": 710.152,
                                            "Actual Total Time": 3960.439,
                                            "Actual Rows": 22122249,
                                            "Actual Loops": 1
                                        },
                                        {
                                            "Worker Number": 5,
                                            "Actual Startup Time": 710.271,
                                            "Actual Total Time": 3976.507,
                                            "Actual Rows": 23452912,
                                            "Actual Loops": 1
                                        }
                                    ],
                                    "Plans": [
                                        {
                                            "Node Type": "Seq Scan",
                                            "Parent Relationship": "Outer",
                                            "Parallel Aware": true,
                                            "Relation Name": "cast_info",
                                            "Schema": "public",
                                            "Alias": "ci",
                                            "Startup Cost": 0.0,
                                            "Total Cost": 328213.62,
                                            "Plan Rows": 4516450,
                                            "Plan Width": 4,
                                            "Actual Startup Time": 87.29,
                                            "Actual Total Time": 552.452,
                                            "Actual Rows": 3860842,
                                            "Actual Loops": 7,
                                            "Output": [
                                                "ci.id",
                                                "ci.person_id",
                                                "ci.movie_id",
                                                "ci.person_role_id",
                                                "ci.note",
                                                "ci.nr_order",
                                                "ci.role_id"
                                            ],
                                            "Filter": "(ci.person_id > 906353)",
                                            "Rows Removed by Filter": 1316921,
                                            "Workers": [
                                                {
                                                    "Worker Number": 0,
                                                    "Actual Startup Time": 87.219,
                                                    "Actual Total Time": 563.695,
                                                    "Actual Rows": 3416785,
                                                    "Actual Loops": 1
                                                },
                                                {
                                                    "Worker Number": 1,
                                                    "Actual Startup Time": 87.315,
                                                    "Actual Total Time": 557.057,
                                                    "Actual Rows": 3847550,
                                                    "Actual Loops": 1
                                                },
                                                {
                                                    "Worker Number": 2,
                                                    "Actual Startup Time": 87.284,
                                                    "Actual Total Time": 569.08,
                                                    "Actual Rows": 3991104,
                                                    "Actual Loops": 1
                                                },
                                                {
                                                    "Worker Number": 3,
                                                    "Actual Startup Time": 87.293,
                                                    "Actual Total Time": 568.581,
                                                    "Actual Rows": 3994887,
                                                    "Actual Loops": 1
                                                },
                                                {
                                                    "Worker Number": 4,
                                                    "Actual Startup Time": 87.324,
                                                    "Actual Total Time": 556.395,
                                                    "Actual Rows": 3763287,
                                                    "Actual Loops": 1
                                                },
                                                {
                                                    "Worker Number": 5,
                                                    "Actual Startup Time": 87.301,
                                                    "Actual Total Time": 567.559,
                                                    "Actual Rows": 4015442,
                                                    "Actual Loops": 1
                                                }
                                            ]
                                        },
                                        {
                                            "Node Type": "Hash",
                                            "Parent Relationship": "Inner",
                                            "Parallel Aware": true,
                                            "Startup Cost": 93097.89,
                                            "Total Cost": 93097.89,
                                            "Plan Rows": 1459332,
                                            "Plan Width": 8,
                                            "Actual Startup Time": 618.105,
                                            "Actual Total Time": 619.194,
                                            "Actual Rows": 646276,
                                            "Actual Loops": 7,
                                            "Output": [
                                                "t.id",
                                                "mk.movie_id"
                                            ],
                                            "Hash Buckets": 8388608,
                                            "Original Hash Buckets": 8388608,
                                            "Hash Batches": 1,
                                            "Original Hash Batches": 1,
                                            "Peak Memory Usage": 242592,
                                            "Workers": [
                                                {
                                                    "Worker Number": 0,
                                                    "Actual Startup Time": 621.957,
                                                    "Actual Total Time": 621.961,
                                                    "Actual Rows": 457135,
                                                    "Actual Loops": 1
                                                },
                                                {
                                                    "Worker Number": 1,
                                                    "Actual Startup Time": 622.063,
                                                    "Actual Total Time": 622.065,
                                                    "Actual Rows": 664335,
                                                    "Actual Loops": 1
                                                },
                                                {
                                                    "Worker Number": 2,
                                                    "Actual Startup Time": 622.144,
                                                    "Actual Total Time": 622.147,
                                                    "Actual Rows": 671920,
                                                    "Actual Loops": 1
                                                },
                                                {
                                                    "Worker Number": 3,
                                                    "Actual Startup Time": 622.141,
                                                    "Actual Total Time": 622.145,
                                                    "Actual Rows": 677285,
                                                    "Actual Loops": 1
                                                },
                                                {
                                                    "Worker Number": 4,
                                                    "Actual Startup Time": 622.032,
                                                    "Actual Total Time": 622.035,
                                                    "Actual Rows": 649720,
                                                    "Actual Loops": 1
                                                },
                                                {
                                                    "Worker Number": 5,
                                                    "Actual Startup Time": 622.224,
                                                    "Actual Total Time": 622.227,
                                                    "Actual Rows": 696835,
                                                    "Actual Loops": 1
                                                }
                                            ],
                                            "Plans": [
                                                {
                                                    "Node Type": "Hash Join",
                                                    "Parent Relationship": "Outer",
                                                    "Parallel Aware": true,
                                                    "Join Type": "Inner",
                                                    "Startup Cost": 50219.81,
                                                    "Total Cost": 93097.89,
                                                    "Plan Rows": 1459332,
                                                    "Plan Width": 8,
                                                    "Actual Startup Time": 233.991,
                                                    "Actual Total Time": 425.42,
                                                    "Actual Rows": 646276,
                                                    "Actual Loops": 7,
                                                    "Output": [
                                                        "t.id",
                                                        "mk.movie_id"
                                                    ],
                                                    "Inner Unique": true,
                                                    "Hash Cond": "(mk.movie_id = t.id)",
                                                    "Workers": [
                                                        {
                                                            "Worker Number": 0,
                                                            "Actual Startup Time": 234.076,
                                                            "Actual Total Time": 425.465,
                                                            "Actual Rows": 457135,
                                                            "Actual Loops": 1
                                                        },
                                                        {
                                                            "Worker Number": 1,
                                                            "Actual Startup Time": 233.941,
                                                            "Actual Total Time": 425.021,
                                                            "Actual Rows": 664335,
                                                            "Actual Loops": 1
                                                        },
                                                        {
                                                            "Worker Number": 2,
                                                            "Actual Startup Time": 233.931,
                                                            "Actual Total Time": 423.599,
                                                            "Actual Rows": 671920,
                                                            "Actual Loops": 1
                                                        },
                                                        {
                                                            "Worker Number": 3,
                                                            "Actual Startup Time": 234.0,
                                                            "Actual Total Time": 425.23,
                                                            "Actual Rows": 677285,
                                                            "Actual Loops": 1
                                                        },
                                                        {
                                                            "Worker Number": 4,
                                                            "Actual Startup Time": 234.015,
                                                            "Actual Total Time": 423.703,
                                                            "Actual Rows": 649720,
                                                            "Actual Loops": 1
                                                        },
                                                        {
                                                            "Worker Number": 5,
                                                            "Actual Startup Time": 233.909,
                                                            "Actual Total Time": 423.001,
                                                            "Actual Rows": 696835,
                                                            "Actual Loops": 1
                                                        }
                                                    ],
                                                    "Plans": [
                                                        {
                                                            "Node Type": "Seq Scan",
                                                            "Parent Relationship": "Outer",
                                                            "Parallel Aware": true,
                                                            "Relation Name": "movie_keyword",
                                                            "Schema": "public",
                                                            "Alias": "mk",
                                                            "Startup Cost": 0.0,
                                                            "Total Cost": 39047.32,
                                                            "Plan Rows": 1459332,
                                                            "Plan Width": 4,
                                                            "Actual Startup Time": 0.018,
                                                            "Actual Total Time": 58.574,
                                                            "Actual Rows": 646276,
                                                            "Actual Loops": 7,
                                                            "Output": [
                                                                "mk.id",
                                                                "mk.movie_id",
                                                                "mk.keyword_id"
                                                            ],
                                                            "Workers": [
                                                                {
                                                                    "Worker Number": 0,
                                                                    "Actual Startup Time": 0.026,
                                                                    "Actual Total Time": 60.268,
                                                                    "Actual Rows": 457135,
                                                                    "Actual Loops": 1
                                                                },
                                                                {
                                                                    "Worker Number": 1,
                                                                    "Actual Startup Time": 0.012,
                                                                    "Actual Total Time": 59.881,
                                                                    "Actual Rows": 664335,
                                                                    "Actual Loops": 1
                                                                },
                                                                {
                                                                    "Worker Number": 2,
                                                                    "Actual Startup Time": 0.016,
                                                                    "Actual Total Time": 59.231,
                                                                    "Actual Rows": 671920,
                                                                    "Actual Loops": 1
                                                                },
                                                                {
                                                                    "Worker Number": 3,
                                                                    "Actual Startup Time": 0.026,
                                                                    "Actual Total Time": 59.436,
                                                                    "Actual Rows": 677285,
                                                                    "Actual Loops": 1
                                                                },
                                                                {
                                                                    "Worker Number": 4,
                                                                    "Actual Startup Time": 0.021,
                                                                    "Actual Total Time": 59.802,
                                                                    "Actual Rows": 649720,
                                                                    "Actual Loops": 1
                                                                },
                                                                {
                                                                    "Worker Number": 5,
                                                                    "Actual Startup Time": 0.013,
                                                                    "Actual Total Time": 59.11,
                                                                    "Actual Rows": 696835,
                                                                    "Actual Loops": 1
                                                                }
                                                            ]
                                                        },
                                                        {
                                                            "Node Type": "Hash",
                                                            "Parent Relationship": "Inner",
                                                            "Parallel Aware": true,
                                                            "Startup Cost": 42318.81,
                                                            "Total Cost": 42318.81,
                                                            "Plan Rows": 632080,
                                                            "Plan Width": 4,
                                                            "Actual Startup Time": 230.655,
                                                            "Actual Total Time": 230.656,
                                                            "Actual Rows": 361187,
                                                            "Actual Loops": 7,
                                                            "Output": [
                                                                "t.id"
                                                            ],
                                                            "Hash Buckets": 4194304,
                                                            "Original Hash Buckets": 4194304,
                                                            "Hash Batches": 1,
                                                            "Original Hash Batches": 1,
                                                            "Peak Memory Usage": 131776,
                                                            "Workers": [
                                                                {
                                                                    "Worker Number": 0,
                                                                    "Actual Startup Time": 233.76,
                                                                    "Actual Total Time": 233.762,
                                                                    "Actual Rows": 271383,
                                                                    "Actual Loops": 1
                                                                },
                                                                {
                                                                    "Worker Number": 1,
                                                                    "Actual Startup Time": 233.743,
                                                                    "Actual Total Time": 233.744,
                                                                    "Actual Rows": 355195,
                                                                    "Actual Loops": 1
                                                                },
                                                                {
                                                                    "Worker Number": 2,
                                                                    "Actual Startup Time": 233.85,
                                                                    "Actual Total Time": 233.852,
                                                                    "Actual Rows": 353343,
                                                                    "Actual Loops": 1
                                                                },
                                                                {
                                                                    "Worker Number": 3,
                                                                    "Actual Startup Time": 233.694,
                                                                    "Actual Total Time": 233.695,
                                                                    "Actual Rows": 348880,
                                                                    "Actual Loops": 1
                                                                },
                                                                {
                                                                    "Worker Number": 4,
                                                                    "Actual Startup Time": 233.707,
                                                                    "Actual Total Time": 233.709,
                                                                    "Actual Rows": 353596,
                                                                    "Actual Loops": 1
                                                                },
                                                                {
                                                                    "Worker Number": 5,
                                                                    "Actual Startup Time": 233.694,
                                                                    "Actual Total Time": 233.695,
                                                                    "Actual Rows": 351378,
                                                                    "Actual Loops": 1
                                                                }
                                                            ],
                                                            "Plans": [
                                                                {
                                                                    "Node Type": "Seq Scan",
                                                                    "Parent Relationship": "Outer",
                                                                    "Parallel Aware": true,
                                                                    "Relation Name": "title",
                                                                    "Schema": "public",
                                                                    "Alias": "t",
                                                                    "Startup Cost": 0.0,
                                                                    "Total Cost": 42318.81,
                                                                    "Plan Rows": 632080,
                                                                    "Plan Width": 4,
                                                                    "Actual Startup Time": 0.055,
                                                                    "Actual Total Time": 65.316,
                                                                    "Actual Rows": 361187,
                                                                    "Actual Loops": 7,
                                                                    "Output": [
                                                                        "t.id"
                                                                    ],
                                                                    "Workers": [
                                                                        {
                                                                            "Worker Number": 0,
                                                                            "Actual Startup Time": 0.081,
                                                                            "Actual Total Time": 70.878,
                                                                            "Actual Rows": 271383,
                                                                            "Actual Loops": 1
                                                                        },
                                                                        {
                                                                            "Worker Number": 1,
                                                                            "Actual Startup Time": 0.047,
                                                                            "Actual Total Time": 67.667,
                                                                            "Actual Rows": 355195,
                                                                            "Actual Loops": 1
                                                                        },
                                                                        {
                                                                            "Worker Number": 2,
                                                                            "Actual Startup Time": 0.076,
                                                                            "Actual Total Time": 66.431,
                                                                            "Actual Rows": 353343,
                                                                            "Actual Loops": 1
                                                                        },
                                                                        {
                                                                            "Worker Number": 3,
                                                                            "Actual Startup Time": 0.08,
                                                                            "Actual Total Time": 66.046,
                                                                            "Actual Rows": 348880,
                                                                            "Actual Loops": 1
                                                                        },
                                                                        {
                                                                            "Worker Number": 4,
                                                                            "Actual Startup Time": 0.048,
                                                                            "Actual Total Time": 67.388,
                                                                            "Actual Rows": 353596,
                                                                            "Actual Loops": 1
                                                                        },
                                                                        {
                                                                            "Worker Number": 5,
                                                                            "Actual Startup Time": 0.042,
                                                                            "Actual Total Time": 65.909,
                                                                            "Actual Rows": 351378,
                                                                            "Actual Loops": 1
                                                                        }
                                                                    ]
                                                                }
                                                            ]
                                                        }
                                                    ]
                                                }
                                            ]
                                        }
                                    ]
                                }
                            ]
                        }
                    ]
                }
            ]
        },
        "Planning Time": 211.002,
        "Triggers": [],
        "Execution Time": 5064.279
    }
]