[
  {
    "Plan": {
      "Node Type": "Aggregate",
      "Strategy": "Plain",
      "Partial Mode": "Finalize",
      "Parallel Aware": false,
      "Startup Cost": 292270.44,
      "Total Cost": 292270.45,
      "Plan Rows": 1,
      "Plan Width": 8,
      "Actual Startup Time": 141.084,
      "Actual Total Time": 150.245,
      "Actual Rows": 1,
      "Actual Loops": 1,
      "Plans": [
        {
          "Node Type": "Gather",
          "Parent Relationship": "Outer",
          "Parallel Aware": false,
          "Startup Cost": 292269.82,
          "Total Cost": 292270.43,
          "Plan Rows": 6,
          "Plan Width": 8,
          "Actual Startup Time": 140.48,
          "Actual Total Time": 150.233,
          "Actual Rows": 7,
          "Actual Loops": 1,
          "Workers Planned": 6,
          "Workers Launched": 6,
          "Single Copy": false,
          "Plans": [
            {
              "Node Type": "Aggregate",
              "Strategy": "Plain",
              "Partial Mode": "Partial",
              "Parent Relationship": "Outer",
              "Parallel Aware": false,
              "Startup Cost": 291269.82,
              "Total Cost": 291269.83,
              "Plan Rows": 1,
              "Plan Width": 8,
              "Actual Startup Time": 133.155,
              "Actual Total Time": 133.158,
              "Actual Rows": 1,
              "Actual Loops": 7,
              "Plans": [
                {
                  "Node Type": "Bitmap Heap Scan",
                  "Parent Relationship": "Outer",
                  "Parallel Aware": true,
                  "Relation Name": "cast_info",
                  "Alias": "ci",
                  "Startup Cost": 34658.37,
                  "Total Cost": 290615.74,
                  "Plan Rows": 261630,
                  "Plan Width": 0,
                  "Actual Startup Time": 56.744,
                  "Actual Total Time": 119.607,
                  "Actual Rows": 231038,
                  "Actual Loops": 7,
                  "Recheck Cond": "(person_id < 161247)",
                  "Rows Removed by Index Recheck": 0,
                  "Exact Heap Blocks": 4136,
                  "Lossy Heap Blocks": 0,
                  "Plans": [
                    {
                      "Node Type": "Bitmap Index Scan",
                      "Parent Relationship": "Outer",
                      "Parallel Aware": false,
                      "Index Name": "person_id_cast_info",
                      "Startup Cost": 0.0,
                      "Total Cost": 34265.92,
                      "Plan Rows": 1569781,
                      "Plan Width": 0,
                      "Actual Startup Time": 60.625,
                      "Actual Total Time": 60.625,
                      "Actual Rows": 1617264,
                      "Actual Loops": 1,
                      "Index Cond": "(person_id < 161247)"
                    }
                  ]
                }
              ]
            }
          ]
        }
      ]
    },
    "Planning Time": 0.1,
    "Triggers": [],
    "Execution Time": 150.285
  }
]