[
  {
    "Plan": {
      "Node Type": "Aggregate",
      "Strategy": "Plain",
      "Partial Mode": "Simple",
      "Parallel Aware": false,
      "Startup Cost": 22635.02,
      "Total Cost": 22635.03,
      "Plan Rows": 1,
      "Plan Width": 8,
      "Actual Startup Time": 47.994,
      "Actual Total Time": 47.996,
      "Actual Rows": 1,
      "Actual Loops": 1,
      "Plans": [
        {
          "Node Type": "Bitmap Heap Scan",
          "Parent Relationship": "Outer",
          "Parallel Aware": false,
          "Relation Name": "movie_companies",
          "Alias": "mc",
          "Startup Cost": 2272.76,
          "Total Cost": 22372.97,
          "Plan Rows": 104817,
          "Plan Width": 0,
          "Actual Startup Time": 15.373,
          "Actual Total Time": 40.381,
          "Actual Rows": 103903,
          "Actual Loops": 1,
          "Recheck Cond": "(company_id > 155280)",
          "Rows Removed by Index Recheck": 0,
          "Exact Heap Blocks": 3227,
          "Lossy Heap Blocks": 0,
          "Plans": [
            {
              "Node Type": "Bitmap Index Scan",
              "Parent Relationship": "Outer",
              "Parallel Aware": false,
              "Index Name": "company_id_movie_companies",
              "Startup Cost": 0.0,
              "Total Cost": 2246.56,
              "Plan Rows": 104817,
              "Plan Width": 0,
              "Actual Startup Time": 14.026,
              "Actual Total Time": 14.026,
              "Actual Rows": 103903,
              "Actual Loops": 1,
              "Index Cond": "(company_id > 155280)"
            }
          ]
        }
      ]
    },
    "Planning Time": 0.174,
    "Triggers": [],
    "Execution Time": 48.055
  }
]