[
  {
    "Plan": {
      "Node Type": "Aggregate",
      "Strategy": "Plain",
      "Partial Mode": "Simple",
      "Parallel Aware": false,
      "Startup Cost": 22800.78,
      "Total Cost": 22800.79,
      "Plan Rows": 1,
      "Plan Width": 8,
      "Actual Startup Time": 47.827,
      "Actual Total Time": 47.828,
      "Actual Rows": 1,
      "Actual Loops": 1,
      "Plans": [
        {
          "Node Type": "Bitmap Heap Scan",
          "Parent Relationship": "Outer",
          "Parallel Aware": false,
          "Relation Name": "movie_companies",
          "Alias": "mc",
          "Startup Cost": 2371.43,
          "Total Cost": 22527.55,
          "Plan Rows": 109290,
          "Plan Width": 0,
          "Actual Startup Time": 17.429,
          "Actual Total Time": 41.174,
          "Actual Rows": 103903,
          "Actual Loops": 1,
          "Recheck Cond": "(company_id > 155280)",
          "Rows Removed by Index Recheck": 0,
          "Exact Heap Blocks": 3227,
          "Lossy Heap Blocks": 0,
          "Plans": [
            {
              "Node Type": "Bitmap Index Scan",
              "Parent Relationship": "Outer",
              "Parallel Aware": false,
              "Index Name": "company_id_movie_companies",
              "Startup Cost": 0.0,
              "Total Cost": 2344.11,
              "Plan Rows": 109290,
              "Plan Width": 0,
              "Actual Startup Time": 16.539,
              "Actual Total Time": 16.54,
              "Actual Rows": 103903,
              "Actual Loops": 1,
              "Index Cond": "(company_id > 155280)"
            }
          ]
        }
      ]
    },
    "Planning Time": 0.152,
    "Triggers": [],
    "Execution Time": 47.882
  }
]