{
  "Plan": {
    "Node Type": "Aggregate",
    "Strategy": "Plain",
    "Partial Mode": "Simple",
    "Parallel Aware": false,
    "Startup Cost": 325011.5,
    "Total Cost": 325011.51,
    "Plan Rows": 1,
    "Plan Width": 32,
    "Actual Startup Time": 1864.905,
    "Actual Total Time": 1865.043,
    "Actual Rows": 1,
    "Actual Loops": 1,
    "Plans": [
      {
        "Node Type": "Nested Loop",
        "Parent Relationship": "Outer",
        "Parallel Aware": false,
        "Join Type": "Inner",
        "Startup Cost": 201656.78,
        "Total Cost": 325011.5,
        "Plan Rows": 1,
        "Plan Width": 17,
        "Actual Startup Time": 1427.843,
        "Actual Total Time": 1865.024,
        "Actual Rows": 7,
        "Actual Loops": 1,
        "Inner Unique": false,
        "Join Filter": "(mk.keyword_id = k.id)",
        "Rows Removed by Join Filter": 115373,
        "Plans": [
          {
            "Node Type": "Seq Scan",
            "Parent Relationship": "Outer",
            "Parallel Aware": false,
            "Relation Name": "keyword",
            "Alias": "k",
            "Startup Cost": 0.0,
            "Total Cost": 2626.12,
            "Plan Rows": 13,
            "Plan Width": 4,
            "Actual Startup Time": 3.695,
            "Actual Total Time": 18.037,
            "Actual Rows": 30,
            "Actual Loops": 1,
            "Filter": "(keyword ~~ '%sequel%'::text)",
            "Rows Removed by Filter": 134140
          },
          {
            "Node Type": "Materialize",
            "Parent Relationship": "Inner",
            "Parallel Aware": false,
            "Startup Cost": 201656.78,
            "Total Cost": 321868.7,
            "Plan Rows": 2684,
            "Plan Width": 21,
            "Actual Startup Time": 16.456,
            "Actual Total Time": 61.382,
            "Actual Rows": 3846,
            "Actual Loops": 30,
            "Plans": [
              {
                "Node Type": "Merge Join",
                "Parent Relationship": "Outer",
                "Parallel Aware": false,
                "Join Type": "Inner",
                "Startup Cost": 201656.78,
                "Total Cost": 321855.28,
                "Plan Rows": 2684,
                "Plan Width": 21,
                "Actual Startup Time": 493.646,
                "Actual Total Time": 1836.699,
                "Actual Rows": 3846,
                "Actual Loops": 1,
                "Inner Unique": false,
                "Merge Cond": "(t.id = mi.movie_id)",
                "Plans": [
                  {
                    "Node Type": "Index Scan",
                    "Parent Relationship": "Outer",
                    "Parallel Aware": false,
                    "Scan Direction": "Forward",
                    "Index Name": "title_pkey",
                    "Relation Name": "title",
                    "Alias": "t",
                    "Startup Cost": 0.43,
                    "Total Cost": 116680.33,
                    "Plan Rows": 1436358,
                    "Plan Width": 21,
                    "Actual Startup Time": 0.041,
                    "Actual Total Time": 1291.517,
                    "Actual Rows": 1438936,
                    "Actual Loops": 1,
                    "Filter": "(production_year < 2006)",
                    "Rows Removed by Filter": 1082150
                  },
                  {
                    "Node Type": "Sort",
                    "Parent Relationship": "Inner",
                    "Parallel Aware": false,
                    "Startup Cost": 201653.17,
                    "Total Cost": 201664.98,
                    "Plan Rows": 4724,
                    "Plan Width": 12,
                    "Actual Startup Time": 471.423,
                    "Actual Total Time": 472.133,
                    "Actual Rows": 7574,
                    "Actual Loops": 1,
                    "Sort Key": [
                      "mi.movie_id"
                    ],
                    "Sort Method": "quicksort",
                    "Sort Space Used": 548,
                    "Sort Space Type": "Memory",
                    "Plans": [
                      {
                        "Node Type": "Gather",
                        "Parent Relationship": "Outer",
                        "Parallel Aware": false,
                        "Startup Cost": 1000.43,
                        "Total Cost": 201364.86,
                        "Plan Rows": 4724,
                        "Plan Width": 12,
                        "Actual Startup Time": 52.133,
                        "Actual Total Time": 470.13,
                        "Actual Rows": 7574,
                        "Actual Loops": 1,
                        "Workers Planned": 5,
                        "Workers Launched": 5,
                        "Single Copy": false,
                        "Plans": [
                          {
                            "Node Type": "Nested Loop",
                            "Parent Relationship": "Outer",
                            "Parallel Aware": false,
                            "Join Type": "Inner",
                            "Startup Cost": 0.43,
                            "Total Cost": 199892.46,
                            "Plan Rows": 945,
                            "Plan Width": 12,
                            "Actual Startup Time": 39.0,
                            "Actual Total Time": 459.449,
                            "Actual Rows": 1262,
                            "Actual Loops": 6,
                            "Inner Unique": false,
                            "Plans": [
                              {
                                "Node Type": "Seq Scan",
                                "Parent Relationship": "Outer",
                                "Parallel Aware": true,
                                "Relation Name": "movie_info",
                                "Alias": "mi",
                                "Startup Cost": 0.0,
                                "Total Cost": 199164.27,
                                "Plan Rows": 75,
                                "Plan Width": 4,
                                "Actual Startup Time": 36.941,
                                "Actual Total Time": 450.42,
                                "Actual Rows": 381,
                                "Actual Loops": 6,
                                "Filter": "(info = 'Bulgaria'::text)",
                                "Rows Removed by Filter": 2472239
                              },
                              {
                                "Node Type": "Index Scan",
                                "Parent Relationship": "Inner",
                                "Parallel Aware": false,
                                "Scan Direction": "Forward",
                                "Index Name": "movie_id_movie_keyword",
                                "Relation Name": "movie_keyword",
                                "Alias": "mk",
                                "Startup Cost": 0.43,
                                "Total Cost": 9.25,
                                "Plan Rows": 46,
                                "Plan Width": 8,
                                "Actual Startup Time": 0.022,
                                "Actual Total Time": 0.022,
                                "Actual Rows": 3,
                                "Actual Loops": 2287,
                                "Index Cond": "(movie_id = mi.movie_id)",
                                "Rows Removed by Index Recheck": 0
                              }
                            ]
                          }
                        ]
                      }
                    ]
                  }
                ]
              }
            ]
          }
        ]
      }
    ]
  },
  "Planning Time": 6.139,
  "Triggers": [],
  "Execution Time": 1865.651
}