{
  "Plan": {
    "Node Type": "Aggregate",
    "Strategy": "Plain",
    "Partial Mode": "Finalize",
    "Parallel Aware": false,
    "Startup Cost": 85562.19,
    "Total Cost": 85562.2,
    "Plan Rows": 1,
    "Plan Width": 8,
    "Actual Startup Time": 80.275,
    "Actual Total Time": 90.89,
    "Actual Rows": 1,
    "Actual Loops": 1,
    "Plans": [
      {
        "Node Type": "Gather",
        "Parent Relationship": "Outer",
        "Parallel Aware": false,
        "Startup Cost": 85562.08,
        "Total Cost": 85562.19,
        "Plan Rows": 1,
        "Plan Width": 8,
        "Actual Startup Time": 80.161,
        "Actual Total Time": 90.884,
        "Actual Rows": 2,
        "Actual Loops": 1,
        "Workers Planned": 1,
        "Workers Launched": 1,
        "Single Copy": false,
        "Plans": [
          {
            "Node Type": "Aggregate",
            "Strategy": "Plain",
            "Partial Mode": "Partial",
            "Parent Relationship": "Outer",
            "Parallel Aware": false,
            "Startup Cost": 84562.08,
            "Total Cost": 84562.09,
            "Plan Rows": 1,
            "Plan Width": 8,
            "Actual Startup Time": 74.195,
            "Actual Total Time": 74.196,
            "Actual Rows": 1,
            "Actual Loops": 2,
            "Plans": [
              {
                "Node Type": "Nested Loop",
                "Parent Relationship": "Outer",
                "Parallel Aware": false,
                "Join Type": "Inner",
                "Startup Cost": 390.28,
                "Total Cost": 84535.24,
                "Plan Rows": 10734,
                "Plan Width": 0,
                "Actual Startup Time": 8.838,
                "Actual Total Time": 73.306,
                "Actual Rows": 10261,
                "Actual Loops": 2,
                "Inner Unique": true,
                "Plans": [
                  {
                    "Node Type": "Bitmap Heap Scan",
                    "Parent Relationship": "Outer",
                    "Parallel Aware": true,
                    "Relation Name": "movie_keyword",
                    "Alias": "mk",
                    "Startup Cost": 389.85,
                    "Total Cost": 24291.7,
                    "Plan Rows": 10734,
                    "Plan Width": 4,
                    "Actual Startup Time": 8.684,
                    "Actual Total Time": 27.909,
                    "Actual Rows": 10261,
                    "Actual Loops": 2,
                    "Recheck Cond": "(keyword_id = 382)",
                    "Rows Removed by Index Recheck": 0,
                    "Exact Heap Blocks": 8815,
                    "Lossy Heap Blocks": 0,
                    "Plans": [
                      {
                        "Node Type": "Bitmap Index Scan",
                        "Parent Relationship": "Outer",
                        "Parallel Aware": false,
                        "Index Name": "keyword_id_movie_keyword",
                        "Startup Cost": 0.0,
                        "Total Cost": 385.28,
                        "Plan Rows": 18247,
                        "Plan Width": 0,
                        "Actual Startup Time": 8.923,
                        "Actual Total Time": 8.923,
                        "Actual Rows": 20522,
                        "Actual Loops": 1,
                        "Index Cond": "(keyword_id = 382)"
                      }
                    ]
                  },
                  {
                    "Node Type": "Index Only Scan",
                    "Parent Relationship": "Inner",
                    "Parallel Aware": false,
                    "Scan Direction": "Forward",
                    "Index Name": "title_pkey",
                    "Relation Name": "title",
                    "Alias": "t",
                    "Startup Cost": 0.43,
                    "Total Cost": 5.61,
                    "Plan Rows": 1,
                    "Plan Width": 4,
                    "Actual Startup Time": 0.004,
                    "Actual Total Time": 0.004,
                    "Actual Rows": 1,
                    "Actual Loops": 20522,
                    "Index Cond": "(id = mk.movie_id)",
                    "Rows Removed by Index Recheck": 0,
                    "Heap Fetches": 20522
                  }
                ]
              }
            ]
          }
        ]
      }
    ]
  },
  "Planning Time": 0.572,
  "Triggers": [],
  "Execution Time": 90.973
}