[
  {
    "Plan": {
      "Node Type": "Aggregate",
      "Strategy": "Plain",
      "Partial Mode": "Finalize",
      "Parallel Aware": false,
      "Startup Cost": 69699.5,
      "Total Cost": 69699.51,
      "Plan Rows": 1,
      "Plan Width": 8,
      "Actual Startup Time": 102.171,
      "Actual Total Time": 116.479,
      "Actual Rows": 1,
      "Actual Loops": 1,
      "Plans": [
        {
          "Node Type": "Gather",
          "Parent Relationship": "Outer",
          "Parallel Aware": false,
          "Startup Cost": 69699.08,
          "Total Cost": 69699.49,
          "Plan Rows": 4,
          "Plan Width": 8,
          "Actual Startup Time": 101.803,
          "Actual Total Time": 116.467,
          "Actual Rows": 5,
          "Actual Loops": 1,
          "Workers Planned": 4,
          "Workers Launched": 4,
          "Single Copy": false,
          "Plans": [
            {
              "Node Type": "Aggregate",
              "Strategy": "Plain",
              "Partial Mode": "Partial",
              "Parent Relationship": "Outer",
              "Parallel Aware": false,
              "Startup Cost": 68699.08,
              "Total Cost": 68699.09,
              "Plan Rows": 1,
              "Plan Width": 8,
              "Actual Startup Time": 94.781,
              "Actual Total Time": 94.783,
              "Actual Rows": 1,
              "Actual Loops": 5,
              "Plans": [
                {
                  "Node Type": "Nested Loop",
                  "Parent Relationship": "Outer",
                  "Parallel Aware": false,
                  "Join Type": "Inner",
                  "Startup Cost": 0.43,
                  "Total Cost": 68696.47,
                  "Plan Rows": 1045,
                  "Plan Width": 0,
                  "Actual Startup Time": 1.113,
                  "Actual Total Time": 94.616,
                  "Actual Rows": 1866,
                  "Actual Loops": 5,
                  "Inner Unique": false,
                  "Plans": [
                    {
                      "Node Type": "Seq Scan",
                      "Parent Relationship": "Outer",
                      "Parallel Aware": true,
                      "Relation Name": "title",
                      "Alias": "t",
                      "Startup Cost": 0.0,
                      "Total Cost": 45479.59,
                      "Plan Rows": 2072,
                      "Plan Width": 4,
                      "Actual Startup Time": 0.329,
                      "Actual Total Time": 75.759,
                      "Actual Rows": 1664,
                      "Actual Loops": 5,
                      "Filter": "((kind_id < 7) AND (production_year = 1988))",
                      "Rows Removed by Filter": 503999
                    },
                    {
                      "Node Type": "Index Scan",
                      "Parent Relationship": "Inner",
                      "Parallel Aware": false,
                      "Scan Direction": "Forward",
                      "Index Name": "movie_id_movie_companies",
                      "Relation Name": "movie_companies",
                      "Alias": "mc",
                      "Startup Cost": 0.43,
                      "Total Cost": 11.18,
                      "Plan Rows": 3,
                      "Plan Width": 4,
                      "Actual Startup Time": 0.009,
                      "Actual Total Time": 0.011,
                      "Actual Rows": 1,
                      "Actual Loops": 8319,
                      "Index Cond": "(movie_id = t.id)",
                      "Rows Removed by Index Recheck": 0,
                      "Filter": "(company_type_id < 2)",
                      "Rows Removed by Filter": 1
                    }
                  ]
                }
              ]
            }
          ]
        }
      ]
    },
    "Planning Time": 0.726,
    "Triggers": [],
    "Execution Time": 116.548
  }
]