[
    {
        "Bao": {
            "Bao prediction": "NaN",
            "Bao recommended hint": "(no hint)"
        }
    },
    {
        "Plan": {
            "Node Type": "Aggregate",
            "Strategy": "Plain",
            "Partial Mode": "Finalize",
            "Parallel Aware": false,
            "Startup Cost": 37645.59,
            "Total Cost": 37645.6,
            "Plan Rows": 1,
            "Plan Width": 8,
            "Actual Startup Time": 112.387,
            "Actual Total Time": 121.556,
            "Actual Rows": 1,
            "Actual Loops": 1,
            "Output": [
                "count(*)"
            ],
            "Plans": [
                {
                    "Node Type": "Gather",
                    "Parent Relationship": "Outer",
                    "Parallel Aware": false,
                    "Startup Cost": 37645.27,
                    "Total Cost": 37645.58,
                    "Plan Rows": 3,
                    "Plan Width": 8,
                    "Actual Startup Time": 112.123,
                    "Actual Total Time": 121.548,
                    "Actual Rows": 4,
                    "Actual Loops": 1,
                    "Output": [
                        "(PARTIAL count(*))"
                    ],
                    "Workers Planned": 3,
                    "Workers Launched": 3,
                    "Single Copy": false,
                    "Plans": [
                        {
                            "Node Type": "Aggregate",
                            "Strategy": "Plain",
                            "Partial Mode": "Partial",
                            "Parent Relationship": "Outer",
                            "Parallel Aware": false,
                            "Startup Cost": 36645.27,
                            "Total Cost": 36645.28,
                            "Plan Rows": 1,
                            "Plan Width": 8,
                            "Actual Startup Time": 103.537,
                            "Actual Total Time": 103.539,
                            "Actual Rows": 1,
                            "Actual Loops": 4,
                            "Output": [
                                "PARTIAL count(*)"
                            ],
                            "Workers": [
                                {
                                    "Worker Number": 0,
                                    "Actual Startup Time": 100.437,
                                    "Actual Total Time": 100.439,
                                    "Actual Rows": 1,
                                    "Actual Loops": 1
                                },
                                {
                                    "Worker Number": 1,
                                    "Actual Startup Time": 100.716,
                                    "Actual Total Time": 100.718,
                                    "Actual Rows": 1,
                                    "Actual Loops": 1
                                },
                                {
                                    "Worker Number": 2,
                                    "Actual Startup Time": 101.156,
                                    "Actual Total Time": 101.157,
                                    "Actual Rows": 1,
                                    "Actual Loops": 1
                                }
                            ],
                            "Plans": [
                                {
                                    "Node Type": "Bitmap Heap Scan",
                                    "Parent Relationship": "Outer",
                                    "Parallel Aware": true,
                                    "Relation Name": "movie_keyword",
                                    "Schema": "public",
                                    "Alias": "mk",
                                    "Startup Cost": 9927.01,
                                    "Total Cost": 36267.89,
                                    "Plan Rows": 150950,
                                    "Plan Width": 0,
                                    "Actual Startup Time": 25.276,
                                    "Actual Total Time": 96.289,
                                    "Actual Rows": 114868,
                                    "Actual Loops": 4,
                                    "Recheck Cond": "(mk.keyword_id > 38632)",
                                    "Rows Removed by Index Recheck": 0,
                                    "Exact Heap Blocks": 11316,
                                    "Lossy Heap Blocks": 0,
                                    "Workers": [
                                        {
                                            "Worker Number": 0,
                                            "Actual Startup Time": 22.479,
                                            "Actual Total Time": 93.905,
                                            "Actual Rows": 71295,
                                            "Actual Loops": 1
                                        },
                                        {
                                            "Worker Number": 1,
                                            "Actual Startup Time": 22.504,
                                            "Actual Total Time": 94.711,
                                            "Actual Rows": 90450,
                                            "Actual Loops": 1
                                        },
                                        {
                                            "Worker Number": 2,
                                            "Actual Startup Time": 22.898,
                                            "Actual Total Time": 94.592,
                                            "Actual Rows": 71341,
                                            "Actual Loops": 1
                                        }
                                    ],
                                    "Plans": [
                                        {
                                            "Node Type": "Bitmap Index Scan",
                                            "Parent Relationship": "Outer",
                                            "Parallel Aware": false,
                                            "Index Name": "keyword_id_movie_keyword",
                                            "Startup Cost": 0.0,
                                            "Total Cost": 9810.03,
                                            "Plan Rows": 467946,
                                            "Plan Width": 0,
                                            "Actual Startup Time": 29.458,
                                            "Actual Total Time": 29.458,
                                            "Actual Rows": 459473,
                                            "Actual Loops": 1,
                                            "Index Cond": "(mk.keyword_id > 38632)"
                                        }
                                    ]
                                }
                            ]
                        }
                    ]
                }
            ]
        },
        "Planning Time": 177.127,
        "Triggers": [],
        "Execution Time": 121.616
    }
]