[
  {
    "Plan": {
      "Node Type": "Aggregate",
      "Strategy": "Plain",
      "Partial Mode": "Finalize",
      "Parallel Aware": false,
      "Startup Cost": 325416.83,
      "Total Cost": 325416.84,
      "Plan Rows": 1,
      "Plan Width": 8,
      "Actual Startup Time": 715.895,
      "Actual Total Time": 743.067,
      "Actual Rows": 1,
      "Actual Loops": 1,
      "Plans": [
        {
          "Node Type": "Gather",
          "Parent Relationship": "Outer",
          "Parallel Aware": false,
          "Startup Cost": 325416.21,
          "Total Cost": 325416.82,
          "Plan Rows": 6,
          "Plan Width": 8,
          "Actual Startup Time": 703.894,
          "Actual Total Time": 743.04,
          "Actual Rows": 7,
          "Actual Loops": 1,
          "Workers Planned": 6,
          "Workers Launched": 6,
          "Single Copy": false,
          "Plans": [
            {
              "Node Type": "Aggregate",
              "Strategy": "Plain",
              "Partial Mode": "Partial",
              "Parent Relationship": "Outer",
              "Parallel Aware": false,
              "Startup Cost": 324416.21,
              "Total Cost": 324416.22,
              "Plan Rows": 1,
              "Plan Width": 8,
              "Actual Startup Time": 692.498,
              "Actual Total Time": 692.573,
              "Actual Rows": 1,
              "Actual Loops": 7,
              "Plans": [
                {
                  "Node Type": "Hash Join",
                  "Parent Relationship": "Outer",
                  "Parallel Aware": true,
                  "Join Type": "Inner",
                  "Startup Cost": 90519.5,
                  "Total Cost": 324130.51,
                  "Plan Rows": 114281,
                  "Plan Width": 0,
                  "Actual Startup Time": 354.377,
                  "Actual Total Time": 681.294,
                  "Actual Rows": 243997,
                  "Actual Loops": 7,
                  "Inner Unique": false,
                  "Hash Cond": "(ci.movie_id = t.id)",
                  "Plans": [
                    {
                      "Node Type": "Index Scan",
                      "Parent Relationship": "Outer",
                      "Parallel Aware": true,
                      "Scan Direction": "Forward",
                      "Index Name": "role_id_cast_info",
                      "Relation Name": "cast_info",
                      "Alias": "ci",
                      "Startup Cost": 0.56,
                      "Total Cost": 230750.01,
                      "Plan Rows": 664777,
                      "Plan Width": 4,
                      "Actual Startup Time": 0.3,
                      "Actual Total Time": 245.472,
                      "Actual Rows": 285289,
                      "Actual Loops": 7,
                      "Index Cond": "(role_id > 5)",
                      "Rows Removed by Index Recheck": 0,
                      "Filter": "(person_id < 1667062)",
                      "Rows Removed by Filter": 927042
                    },
                    {
                      "Node Type": "Hash",
                      "Parent Relationship": "Inner",
                      "Parallel Aware": true,
                      "Startup Cost": 88766.37,
                      "Total Cost": 88766.37,
                      "Plan Rows": 140205,
                      "Plan Width": 8,
                      "Actual Startup Time": 351.852,
                      "Actual Total Time": 351.925,
                      "Actual Rows": 54080,
                      "Actual Loops": 7,
                      "Hash Buckets": 524288,
                      "Original Hash Buckets": 524288,
                      "Hash Batches": 1,
                      "Original Hash Batches": 1,
                      "Peak Memory Usage": 18976,
                      "Plans": [
                        {
                          "Node Type": "Hash Join",
                          "Parent Relationship": "Outer",
                          "Parallel Aware": true,
                          "Join Type": "Inner",
                          "Startup Cost": 61689.56,
                          "Total Cost": 88766.37,
                          "Plan Rows": 140205,
                          "Plan Width": 8,
                          "Actual Startup Time": 254.53,
                          "Actual Total Time": 330.668,
                          "Actual Rows": 54080,
                          "Actual Loops": 7,
                          "Inner Unique": true,
                          "Hash Cond": "(mk.movie_id = t.id)",
                          "Plans": [
                            {
                              "Node Type": "Bitmap Heap Scan",
                              "Parent Relationship": "Outer",
                              "Parallel Aware": true,
                              "Relation Name": "movie_keyword",
                              "Alias": "mk",
                              "Startup Cost": 11402.58,
                              "Total Cost": 38024.2,
                              "Plan Rows": 173409,
                              "Plan Width": 4,
                              "Actual Startup Time": 31.241,
                              "Actual Total Time": 77.957,
                              "Actual Rows": 74212,
                              "Actual Loops": 7,
                              "Recheck Cond": "(keyword_id > 34833)",
                              "Rows Removed by Index Recheck": 0,
                              "Exact Heap Blocks": 4961,
                              "Lossy Heap Blocks": 0,
                              "Plans": [
                                {
                                  "Node Type": "Bitmap Index Scan",
                                  "Parent Relationship": "Outer",
                                  "Parallel Aware": false,
                                  "Index Name": "keyword_id_movie_keyword",
                                  "Startup Cost": 0.0,
                                  "Total Cost": 11268.19,
                                  "Plan Rows": 537568,
                                  "Plan Width": 0,
                                  "Actual Startup Time": 27.758,
                                  "Actual Total Time": 27.759,
                                  "Actual Rows": 519482,
                                  "Actual Loops": 1,
                                  "Index Cond": "(keyword_id > 34833)"
                                }
                              ]
                            },
                            {
                              "Node Type": "Hash",
                              "Parent Relationship": "Inner",
                              "Parallel Aware": true,
                              "Startup Cost": 43898.92,
                              "Total Cost": 43898.92,
                              "Plan Rows": 511045,
                              "Plan Width": 4,
                              "Actual Startup Time": 220.092,
                              "Actual Total Time": 220.094,
                              "Actual Rows": 290348,
                              "Actual Loops": 7,
                              "Hash Buckets": 2097152,
                              "Original Hash Buckets": 2097152,
                              "Hash Batches": 1,
                              "Original Hash Batches": 1,
                              "Peak Memory Usage": 96000,
                              "Plans": [
                                {
                                  "Node Type": "Seq Scan",
                                  "Parent Relationship": "Outer",
                                  "Parallel Aware": true,
                                  "Relation Name": "title",
                                  "Alias": "t",
                                  "Startup Cost": 0.0,
                                  "Total Cost": 43898.92,
                                  "Plan Rows": 511045,
                                  "Plan Width": 4,
                                  "Actual Startup Time": 0.052,
                                  "Actual Total Time": 83.827,
                                  "Actual Rows": 290348,
                                  "Actual Loops": 7,
                                  "Filter": "(production_year > 1973)",
                                  "Rows Removed by Filter": 70839
                                }
                              ]
                            }
                          ]
                        }
                      ]
                    }
                  ]
                }
              ]
            }
          ]
        }
      ]
    },
    "Planning Time": 1.376,
    "Triggers": [],
    "Execution Time": 743.195
  }
]