[
    {
        "Bao": {
            "Bao prediction": 878.201,
            "Bao recommended hint": "(no hint)"
        }
    },
    {
        "Plan": {
            "Node Type": "Aggregate",
            "Strategy": "Plain",
            "Partial Mode": "Finalize",
            "Parallel Aware": false,
            "Startup Cost": 72352.44,
            "Total Cost": 72352.45,
            "Plan Rows": 1,
            "Plan Width": 8,
            "Actual Startup Time": 288.452,
            "Actual Total Time": 297.198,
            "Actual Rows": 1,
            "Actual Loops": 1,
            "Output": [
                "count(*)"
            ],
            "Plans": [
                {
                    "Node Type": "Gather",
                    "Parent Relationship": "Outer",
                    "Parallel Aware": false,
                    "Startup Cost": 72352.02,
                    "Total Cost": 72352.43,
                    "Plan Rows": 4,
                    "Plan Width": 8,
                    "Actual Startup Time": 286.878,
                    "Actual Total Time": 297.188,
                    "Actual Rows": 5,
                    "Actual Loops": 1,
                    "Output": [
                        "(PARTIAL count(*))"
                    ],
                    "Workers Planned": 4,
                    "Workers Launched": 4,
                    "Single Copy": false,
                    "Plans": [
                        {
                            "Node Type": "Aggregate",
                            "Strategy": "Plain",
                            "Partial Mode": "Partial",
                            "Parent Relationship": "Outer",
                            "Parallel Aware": false,
                            "Startup Cost": 71352.02,
                            "Total Cost": 71352.03,
                            "Plan Rows": 1,
                            "Plan Width": 8,
                            "Actual Startup Time": 277.726,
                            "Actual Total Time": 277.73,
                            "Actual Rows": 1,
                            "Actual Loops": 5,
                            "Output": [
                                "PARTIAL count(*)"
                            ],
                            "Workers": [
                                {
                                    "Worker Number": 0,
                                    "Actual Startup Time": 275.419,
                                    "Actual Total Time": 275.422,
                                    "Actual Rows": 1,
                                    "Actual Loops": 1
                                },
                                {
                                    "Worker Number": 1,
                                    "Actual Startup Time": 275.547,
                                    "Actual Total Time": 275.55,
                                    "Actual Rows": 1,
                                    "Actual Loops": 1
                                },
                                {
                                    "Worker Number": 2,
                                    "Actual Startup Time": 275.592,
                                    "Actual Total Time": 275.596,
                                    "Actual Rows": 1,
                                    "Actual Loops": 1
                                },
                                {
                                    "Worker Number": 3,
                                    "Actual Startup Time": 275.979,
                                    "Actual Total Time": 275.983,
                                    "Actual Rows": 1,
                                    "Actual Loops": 1
                                }
                            ],
                            "Plans": [
                                {
                                    "Node Type": "Hash Join",
                                    "Parent Relationship": "Outer",
                                    "Parallel Aware": true,
                                    "Join Type": "Inner",
                                    "Startup Cost": 25547.58,
                                    "Total Cost": 71210.01,
                                    "Plan Rows": 56802,
                                    "Plan Width": 0,
                                    "Actual Startup Time": 86.188,
                                    "Actual Total Time": 274.144,
                                    "Actual Rows": 45487,
                                    "Actual Loops": 5,
                                    "Inner Unique": false,
                                    "Hash Cond": "(t.id = mc.movie_id)",
                                    "Workers": [
                                        {
                                            "Worker Number": 0,
                                            "Actual Startup Time": 83.928,
                                            "Actual Total Time": 271.843,
                                            "Actual Rows": 43094,
                                            "Actual Loops": 1
                                        },
                                        {
                                            "Worker Number": 1,
                                            "Actual Startup Time": 84.034,
                                            "Actual Total Time": 272.003,
                                            "Actual Rows": 43384,
                                            "Actual Loops": 1
                                        },
                                        {
                                            "Worker Number": 2,
                                            "Actual Startup Time": 84.082,
                                            "Actual Total Time": 271.954,
                                            "Actual Rows": 43098,
                                            "Actual Loops": 1
                                        },
                                        {
                                            "Worker Number": 3,
                                            "Actual Startup Time": 84.293,
                                            "Actual Total Time": 272.487,
                                            "Actual Rows": 42722,
                                            "Actual Loops": 1
                                        }
                                    ],
                                    "Plans": [
                                        {
                                            "Node Type": "Seq Scan",
                                            "Parent Relationship": "Outer",
                                            "Parallel Aware": true,
                                            "Relation Name": "title",
                                            "Schema": "public",
                                            "Alias": "t",
                                            "Startup Cost": 0.0,
                                            "Total Cost": 42318.81,
                                            "Plan Rows": 632080,
                                            "Plan Width": 4,
                                            "Actual Startup Time": 0.008,
                                            "Actual Total Time": 72.898,
                                            "Actual Rows": 505662,
                                            "Actual Loops": 5,
                                            "Output": [
                                                "t.id",
                                                "t.title",
                                                "t.imdb_index",
                                                "t.kind_id",
                                                "t.production_year",
                                                "t.imdb_id",
                                                "t.phonetic_code",
                                                "t.episode_of_id",
                                                "t.season_nr",
                                                "t.episode_nr",
                                                "t.series_years",
                                                "t.md5sum"
                                            ],
                                            "Workers": [
                                                {
                                                    "Worker Number": 0,
                                                    "Actual Startup Time": 0.007,
                                                    "Actual Total Time": 74.79,
                                                    "Actual Rows": 480645,
                                                    "Actual Loops": 1
                                                },
                                                {
                                                    "Worker Number": 1,
                                                    "Actual Startup Time": 0.009,
                                                    "Actual Total Time": 74.772,
                                                    "Actual Rows": 483024,
                                                    "Actual Loops": 1
                                                },
                                                {
                                                    "Worker Number": 2,
                                                    "Actual Startup Time": 0.012,
                                                    "Actual Total Time": 75.054,
                                                    "Actual Rows": 476344,
                                                    "Actual Loops": 1
                                                },
                                                {
                                                    "Worker Number": 3,
                                                    "Actual Startup Time": 0.007,
                                                    "Actual Total Time": 74.312,
                                                    "Actual Rows": 475927,
                                                    "Actual Loops": 1
                                                }
                                            ]
                                        },
                                        {
                                            "Node Type": "Hash",
                                            "Parent Relationship": "Inner",
                                            "Parallel Aware": true,
                                            "Startup Cost": 24631.43,
                                            "Total Cost": 24631.43,
                                            "Plan Rows": 73292,
                                            "Plan Width": 4,
                                            "Actual Startup Time": 84.338,
                                            "Actual Total Time": 84.339,
                                            "Actual Rows": 45487,
                                            "Actual Loops": 5,
                                            "Output": [
                                                "mc.movie_id"
                                            ],
                                            "Hash Buckets": 262144,
                                            "Original Hash Buckets": 262144,
                                            "Hash Batches": 1,
                                            "Original Hash Batches": 1,
                                            "Peak Memory Usage": 11008,
                                            "Workers": [
                                                {
                                                    "Worker Number": 0,
                                                    "Actual Startup Time": 83.51,
                                                    "Actual Total Time": 83.512,
                                                    "Actual Rows": 35784,
                                                    "Actual Loops": 1
                                                },
                                                {
                                                    "Worker Number": 1,
                                                    "Actual Startup Time": 83.618,
                                                    "Actual Total Time": 83.619,
                                                    "Actual Rows": 33498,
                                                    "Actual Loops": 1
                                                },
                                                {
                                                    "Worker Number": 2,
                                                    "Actual Startup Time": 83.659,
                                                    "Actual Total Time": 83.66,
                                                    "Actual Rows": 33274,
                                                    "Actual Loops": 1
                                                },
                                                {
                                                    "Worker Number": 3,
                                                    "Actual Startup Time": 83.885,
                                                    "Actual Total Time": 83.887,
                                                    "Actual Rows": 36508,
                                                    "Actual Loops": 1
                                                }
                                            ],
                                            "Plans": [
                                                {
                                                    "Node Type": "Bitmap Heap Scan",
                                                    "Parent Relationship": "Outer",
                                                    "Parallel Aware": true,
                                                    "Relation Name": "movie_companies",
                                                    "Schema": "public",
                                                    "Alias": "mc",
                                                    "Startup Cost": 4925.28,
                                                    "Total Cost": 24631.43,
                                                    "Plan Rows": 73292,
                                                    "Plan Width": 4,
                                                    "Actual Startup Time": 27.044,
                                                    "Actual Total Time": 64.79,
                                                    "Actual Rows": 45487,
                                                    "Actual Loops": 5,
                                                    "Output": [
                                                        "mc.movie_id"
                                                    ],
                                                    "Recheck Cond": "(mc.company_id < 84)",
                                                    "Rows Removed by Index Recheck": 0,
                                                    "Exact Heap Blocks": 6493,
                                                    "Lossy Heap Blocks": 0,
                                                    "Workers": [
                                                        {
                                                            "Worker Number": 0,
                                                            "Actual Startup Time": 26.279,
                                                            "Actual Total Time": 64.544,
                                                            "Actual Rows": 35784,
                                                            "Actual Loops": 1
                                                        },
                                                        {
                                                            "Worker Number": 1,
                                                            "Actual Startup Time": 26.321,
                                                            "Actual Total Time": 65.67,
                                                            "Actual Rows": 33498,
                                                            "Actual Loops": 1
                                                        },
                                                        {
                                                            "Worker Number": 2,
                                                            "Actual Startup Time": 26.565,
                                                            "Actual Total Time": 65.405,
                                                            "Actual Rows": 33274,
                                                            "Actual Loops": 1
                                                        },
                                                        {
                                                            "Worker Number": 3,
                                                            "Actual Startup Time": 26.536,
                                                            "Actual Total Time": 65.836,
                                                            "Actual Rows": 36508,
                                                            "Actual Loops": 1
                                                        }
                                                    ],
                                                    "Plans": [
                                                        {
                                                            "Node Type": "Bitmap Index Scan",
                                                            "Parent Relationship": "Outer",
                                                            "Parallel Aware": false,
                                                            "Index Name": "company_id_movie_companies",
                                                            "Startup Cost": 0.0,
                                                            "Total Cost": 4868.48,
                                                            "Plan Rows": 227206,
                                                            "Plan Width": 0,
                                                            "Actual Startup Time": 24.855,
                                                            "Actual Total Time": 24.855,
                                                            "Actual Rows": 227437,
                                                            "Actual Loops": 1,
                                                            "Index Cond": "(mc.company_id < 84)"
                                                        }
                                                    ]
                                                }
                                            ]
                                        }
                                    ]
                                }
                            ]
                        }
                    ]
                }
            ]
        },
        "Planning Time": 1236.917,
        "Triggers": [],
        "Execution Time": 297.332
    }
]