[
  {
    "Plan": {
      "Node Type": "Aggregate",
      "Strategy": "Plain",
      "Partial Mode": "Finalize",
      "Parallel Aware": false,
      "Startup Cost": 45595.34,
      "Total Cost": 45595.35,
      "Plan Rows": 1,
      "Plan Width": 8,
      "Actual Startup Time": 167.834,
      "Actual Total Time": 177.787,
      "Actual Rows": 1,
      "Actual Loops": 1,
      "Plans": [
        {
          "Node Type": "Gather",
          "Parent Relationship": "Outer",
          "Parallel Aware": false,
          "Startup Cost": 45595.02,
          "Total Cost": 45595.33,
          "Plan Rows": 3,
          "Plan Width": 8,
          "Actual Startup Time": 167.734,
          "Actual Total Time": 177.778,
          "Actual Rows": 4,
          "Actual Loops": 1,
          "Workers Planned": 3,
          "Workers Launched": 3,
          "Single Copy": false,
          "Plans": [
            {
              "Node Type": "Aggregate",
              "Strategy": "Plain",
              "Partial Mode": "Partial",
              "Parent Relationship": "Outer",
              "Parallel Aware": false,
              "Startup Cost": 44595.02,
              "Total Cost": 44595.03,
              "Plan Rows": 1,
              "Plan Width": 8,
              "Actual Startup Time": 162.116,
              "Actual Total Time": 162.118,
              "Actual Rows": 1,
              "Actual Loops": 4,
              "Plans": [
                {
                  "Node Type": "Seq Scan",
                  "Parent Relationship": "Outer",
                  "Parallel Aware": true,
                  "Relation Name": "movie_keyword",
                  "Alias": "mk",
                  "Startup Cost": 0.0,
                  "Total Cost": 42695.65,
                  "Plan Rows": 759746,
                  "Plan Width": 0,
                  "Actual Startup Time": 0.35,
                  "Actual Total Time": 128.963,
                  "Actual Rows": 585204,
                  "Actual Loops": 4,
                  "Filter": "(keyword_id > 4314)",
                  "Rows Removed by Filter": 545778
                }
              ]
            }
          ]
        }
      ]
    },
    "Planning Time": 0.128,
    "Triggers": [],
    "Execution Time": 177.829
  }
]