[
  {
    "Plan": {
      "Node Type": "Aggregate",
      "Strategy": "Plain",
      "Partial Mode": "Finalize",
      "Parallel Aware": false,
      "Startup Cost": 404196.44,
      "Total Cost": 404196.45,
      "Plan Rows": 1,
      "Plan Width": 8,
      "Actual Startup Time": 1334.371,
      "Actual Total Time": 1396.156,
      "Actual Rows": 1,
      "Actual Loops": 1,
      "Plans": [
        {
          "Node Type": "Gather",
          "Parent Relationship": "Outer",
          "Parallel Aware": false,
          "Startup Cost": 404195.81,
          "Total Cost": 404196.42,
          "Plan Rows": 6,
          "Plan Width": 8,
          "Actual Startup Time": 1329.188,
          "Actual Total Time": 1396.144,
          "Actual Rows": 7,
          "Actual Loops": 1,
          "Workers Planned": 6,
          "Workers Launched": 6,
          "Single Copy": false,
          "Plans": [
            {
              "Node Type": "Aggregate",
              "Strategy": "Plain",
              "Partial Mode": "Partial",
              "Parent Relationship": "Outer",
              "Parallel Aware": false,
              "Startup Cost": 403195.81,
              "Total Cost": 403195.82,
              "Plan Rows": 1,
              "Plan Width": 8,
              "Actual Startup Time": 1314.259,
              "Actual Total Time": 1314.262,
              "Actual Rows": 1,
              "Actual Loops": 7,
              "Plans": [
                {
                  "Node Type": "Hash Join",
                  "Parent Relationship": "Outer",
                  "Parallel Aware": true,
                  "Join Type": "Inner",
                  "Startup Cost": 50081.04,
                  "Total Cost": 399678.6,
                  "Plan Rows": 1406886,
                  "Plan Width": 0,
                  "Actual Startup Time": 387.574,
                  "Actual Total Time": 1278.171,
                  "Actual Rows": 782654,
                  "Actual Loops": 7,
                  "Inner Unique": true,
                  "Hash Cond": "(ci.movie_id = t.id)",
                  "Plans": [
                    {
                      "Node Type": "Seq Scan",
                      "Parent Relationship": "Outer",
                      "Parallel Aware": true,
                      "Relation Name": "cast_info",
                      "Alias": "ci",
                      "Startup Cost": 0.0,
                      "Total Cost": 343257.03,
                      "Plan Rows": 2415437,
                      "Plan Width": 4,
                      "Actual Startup Time": 207.127,
                      "Actual Total Time": 619.248,
                      "Actual Rows": 1355030,
                      "Actual Loops": 7,
                      "Filter": "((person_id < 2256845) AND (role_id > 1))",
                      "Rows Removed by Filter": 3822733
                    },
                    {
                      "Node Type": "Hash",
                      "Parent Relationship": "Inner",
                      "Parallel Aware": true,
                      "Startup Cost": 45479.1,
                      "Total Cost": 45479.1,
                      "Plan Rows": 368155,
                      "Plan Width": 4,
                      "Actual Startup Time": 175.42,
                      "Actual Total Time": 175.421,
                      "Actual Rows": 207325,
                      "Actual Loops": 7,
                      "Hash Buckets": 2097152,
                      "Original Hash Buckets": 2097152,
                      "Hash Batches": 1,
                      "Original Hash Batches": 1,
                      "Peak Memory Usage": 73280,
                      "Plans": [
                        {
                          "Node Type": "Seq Scan",
                          "Parent Relationship": "Outer",
                          "Parallel Aware": true,
                          "Relation Name": "title",
                          "Alias": "t",
                          "Startup Cost": 0.0,
                          "Total Cost": 45479.1,
                          "Plan Rows": 368155,
                          "Plan Width": 4,
                          "Actual Startup Time": 0.039,
                          "Actual Total Time": 79.686,
                          "Actual Rows": 207325,
                          "Actual Loops": 7,
                          "Filter": "((kind_id > 3) AND (production_year < 2012))",
                          "Rows Removed by Filter": 153863
                        }
                      ]
                    }
                  ]
                }
              ]
            }
          ]
        }
      ]
    },
    "Planning Time": 0.663,
    "Triggers": [],
    "Execution Time": 1396.243
  }
]