{
  "Plan": {
    "Node Type": "Aggregate",
    "Strategy": "Plain",
    "Partial Mode": "Finalize",
    "Parallel Aware": false,
    "Startup Cost": 54937.48,
    "Total Cost": 54937.49,
    "Plan Rows": 1,
    "Plan Width": 8,
    "Actual Startup Time": 124.886,
    "Actual Total Time": 133.939,
    "Actual Rows": 1,
    "Actual Loops": 1,
    "Plans": [
      {
        "Node Type": "Gather",
        "Parent Relationship": "Outer",
        "Parallel Aware": false,
        "Startup Cost": 54937.37,
        "Total Cost": 54937.48,
        "Plan Rows": 1,
        "Plan Width": 8,
        "Actual Startup Time": 105.304,
        "Actual Total Time": 133.931,
        "Actual Rows": 2,
        "Actual Loops": 1,
        "Workers Planned": 1,
        "Workers Launched": 1,
        "Single Copy": false,
        "Plans": [
          {
            "Node Type": "Aggregate",
            "Strategy": "Plain",
            "Partial Mode": "Partial",
            "Parent Relationship": "Outer",
            "Parallel Aware": false,
            "Startup Cost": 53937.37,
            "Total Cost": 53937.38,
            "Plan Rows": 1,
            "Plan Width": 8,
            "Actual Startup Time": 108.725,
            "Actual Total Time": 108.728,
            "Actual Rows": 1,
            "Actual Loops": 2,
            "Plans": [
              {
                "Node Type": "Merge Join",
                "Parent Relationship": "Outer",
                "Parallel Aware": false,
                "Join Type": "Inner",
                "Startup Cost": 53598.15,
                "Total Cost": 53936.3,
                "Plan Rows": 429,
                "Plan Width": 0,
                "Actual Startup Time": 104.256,
                "Actual Total Time": 108.717,
                "Actual Rows": 91,
                "Actual Loops": 2,
                "Inner Unique": true,
                "Merge Cond": "(ci.movie_id = t.id)",
                "Plans": [
                  {
                    "Node Type": "Sort",
                    "Parent Relationship": "Outer",
                    "Parallel Aware": false,
                    "Startup Cost": 12554.91,
                    "Total Cost": 12652.11,
                    "Plan Rows": 38881,
                    "Plan Width": 4,
                    "Actual Startup Time": 42.932,
                    "Actual Total Time": 43.76,
                    "Actual Rows": 16546,
                    "Actual Loops": 2,
                    "Sort Key": [
                      "ci.movie_id"
                    ],
                    "Sort Method": "quicksort",
                    "Sort Space Used": 1801,
                    "Sort Space Type": "Memory",
                    "Workers": [
                      {
                        "Worker Number": 0,
                        "Sort Method": "quicksort",
                        "Sort Space Used": 903,
                        "Sort Space Type": "Memory"
                      }
                    ],
                    "Plans": [
                      {
                        "Node Type": "Index Scan",
                        "Parent Relationship": "Outer",
                        "Parallel Aware": true,
                        "Scan Direction": "Forward",
                        "Index Name": "role_id_cast_info",
                        "Relation Name": "cast_info",
                        "Alias": "ci",
                        "Startup Cost": 0.56,
                        "Total Cost": 9590.86,
                        "Plan Rows": 38881,
                        "Plan Width": 4,
                        "Actual Startup Time": 0.114,
                        "Actual Total Time": 37.376,
                        "Actual Rows": 16546,
                        "Actual Loops": 2,
                        "Index Cond": "(role_id > 10)",
                        "Rows Removed by Index Recheck": 0,
                        "Filter": "(person_id < 800106)",
                        "Rows Removed by Filter": 141514
                      }
                    ]
                  },
                  {
                    "Node Type": "Sort",
                    "Parent Relationship": "Inner",
                    "Parallel Aware": false,
                    "Startup Cost": 41043.24,
                    "Total Cost": 41113.04,
                    "Plan Rows": 27917,
                    "Plan Width": 4,
                    "Actual Startup Time": 61.217,
                    "Actual Total Time": 62.611,
                    "Actual Rows": 28228,
                    "Actual Loops": 2,
                    "Sort Key": [
                      "t.id"
                    ],
                    "Sort Method": "quicksort",
                    "Sort Space Used": 2093,
                    "Sort Space Type": "Memory",
                    "Workers": [
                      {
                        "Worker Number": 0,
                        "Sort Method": "quicksort",
                        "Sort Space Used": 2093,
                        "Sort Space Type": "Memory"
                      }
                    ],
                    "Plans": [
                      {
                        "Node Type": "Bitmap Heap Scan",
                        "Parent Relationship": "Outer",
                        "Parallel Aware": false,
                        "Relation Name": "title",
                        "Alias": "t",
                        "Startup Cost": 1623.52,
                        "Total Cost": 38981.73,
                        "Plan Rows": 27917,
                        "Plan Width": 4,
                        "Actual Startup Time": 8.296,
                        "Actual Total Time": 55.015,
                        "Actual Rows": 28258,
                        "Actual Loops": 2,
                        "Recheck Cond": "(kind_id = 2)",
                        "Rows Removed by Index Recheck": 0,
                        "Filter": "(production_year < 1994)",
                        "Rows Removed by Filter": 62594,
                        "Exact Heap Blocks": 23872,
                        "Lossy Heap Blocks": 0,
                        "Plans": [
                          {
                            "Node Type": "Bitmap Index Scan",
                            "Parent Relationship": "Outer",
                            "Parallel Aware": false,
                            "Index Name": "kind_id_title",
                            "Startup Cost": 0.0,
                            "Total Cost": 1616.54,
                            "Plan Rows": 90681,
                            "Plan Width": 0,
                            "Actual Startup Time": 5.367,
                            "Actual Total Time": 5.367,
                            "Actual Rows": 90852,
                            "Actual Loops": 2,
                            "Index Cond": "(kind_id = 2)"
                          }
                        ]
                      }
                    ]
                  }
                ]
              }
            ]
          }
        ]
      }
    ]
  },
  "Planning Time": 0.703,
  "Triggers": [],
  "Execution Time": 134.094
}