[
  {
    "Plan": {
      "Node Type": "Aggregate",
      "Strategy": "Plain",
      "Partial Mode": "Finalize",
      "Parallel Aware": false,
      "Startup Cost": 250555.3,
      "Total Cost": 250555.31,
      "Plan Rows": 1,
      "Plan Width": 8,
      "Actual Startup Time": 643.157,
      "Actual Total Time": 686.125,
      "Actual Rows": 1,
      "Actual Loops": 1,
      "Plans": [
        {
          "Node Type": "Gather",
          "Parent Relationship": "Outer",
          "Parallel Aware": false,
          "Startup Cost": 250554.78,
          "Total Cost": 250555.29,
          "Plan Rows": 5,
          "Plan Width": 8,
          "Actual Startup Time": 640.677,
          "Actual Total Time": 686.113,
          "Actual Rows": 6,
          "Actual Loops": 1,
          "Workers Planned": 5,
          "Workers Launched": 5,
          "Single Copy": false,
          "Plans": [
            {
              "Node Type": "Aggregate",
              "Strategy": "Plain",
              "Partial Mode": "Partial",
              "Parent Relationship": "Outer",
              "Parallel Aware": false,
              "Startup Cost": 249554.78,
              "Total Cost": 249554.79,
              "Plan Rows": 1,
              "Plan Width": 8,
              "Actual Startup Time": 630.452,
              "Actual Total Time": 630.454,
              "Actual Rows": 1,
              "Actual Loops": 6,
              "Plans": [
                {
                  "Node Type": "Hash Join",
                  "Parent Relationship": "Outer",
                  "Parallel Aware": true,
                  "Join Type": "Inner",
                  "Startup Cost": 46948.25,
                  "Total Cost": 249004.98,
                  "Plan Rows": 219918,
                  "Plan Width": 0,
                  "Actual Startup Time": 142.518,
                  "Actual Total Time": 613.971,
                  "Actual Rows": 387090,
                  "Actual Loops": 6,
                  "Inner Unique": true,
                  "Hash Cond": "(mi.movie_id = t.id)",
                  "Plans": [
                    {
                      "Node Type": "Seq Scan",
                      "Parent Relationship": "Outer",
                      "Parallel Aware": true,
                      "Relation Name": "movie_info",
                      "Alias": "mi",
                      "Startup Cost": 0.0,
                      "Total Cost": 198952.16,
                      "Plan Rows": 1182693,
                      "Plan Width": 4,
                      "Actual Startup Time": 16.478,
                      "Actual Total Time": 316.388,
                      "Actual Rows": 978171,
                      "Actual Loops": 6,
                      "Filter": "(info_type_id > 13)",
                      "Rows Removed by Filter": 1494449
                    },
                    {
                      "Node Type": "Hash",
                      "Parent Relationship": "Inner",
                      "Parallel Aware": true,
                      "Startup Cost": 45479.1,
                      "Total Cost": 45479.1,
                      "Plan Rows": 117532,
                      "Plan Width": 4,
                      "Actual Startup Time": 108.571,
                      "Actual Total Time": 108.572,
                      "Actual Rows": 82671,
                      "Actual Loops": 6,
                      "Hash Buckets": 524288,
                      "Original Hash Buckets": 524288,
                      "Hash Batches": 1,
                      "Original Hash Batches": 1,
                      "Peak Memory Usage": 23616,
                      "Plans": [
                        {
                          "Node Type": "Seq Scan",
                          "Parent Relationship": "Outer",
                          "Parallel Aware": true,
                          "Relation Name": "title",
                          "Alias": "t",
                          "Startup Cost": 0.0,
                          "Total Cost": 45479.1,
                          "Plan Rows": 117532,
                          "Plan Width": 4,
                          "Actual Startup Time": 49.36,
                          "Actual Total Time": 80.787,
                          "Actual Rows": 82671,
                          "Actual Loops": 6,
                          "Filter": "((kind_id < 2) AND (production_year < 2009))",
                          "Rows Removed by Filter": 338714
                        }
                      ]
                    }
                  ]
                }
              ]
            }
          ]
        }
      ]
    },
    "Planning Time": 0.655,
    "Triggers": [],
    "Execution Time": 686.21
  }
]