{
  "Plan": {
    "Node Type": "Aggregate",
    "Strategy": "Plain",
    "Partial Mode": "Finalize",
    "Parallel Aware": false,
    "Startup Cost": 285140.17,
    "Total Cost": 285140.18,
    "Plan Rows": 1,
    "Plan Width": 8,
    "Actual Startup Time": 689.224,
    "Actual Total Time": 711.114,
    "Actual Rows": 1,
    "Actual Loops": 1,
    "Plans": [
      {
        "Node Type": "Gather",
        "Parent Relationship": "Outer",
        "Parallel Aware": false,
        "Startup Cost": 285140.05,
        "Total Cost": 285140.16,
        "Plan Rows": 1,
        "Plan Width": 8,
        "Actual Startup Time": 686.816,
        "Actual Total Time": 711.107,
        "Actual Rows": 2,
        "Actual Loops": 1,
        "Workers Planned": 1,
        "Workers Launched": 1,
        "Single Copy": false,
        "Plans": [
          {
            "Node Type": "Aggregate",
            "Strategy": "Plain",
            "Partial Mode": "Partial",
            "Parent Relationship": "Outer",
            "Parallel Aware": false,
            "Startup Cost": 284140.05,
            "Total Cost": 284140.06,
            "Plan Rows": 1,
            "Plan Width": 8,
            "Actual Startup Time": 680.469,
            "Actual Total Time": 680.475,
            "Actual Rows": 1,
            "Actual Loops": 2,
            "Plans": [
              {
                "Node Type": "Hash Join",
                "Parent Relationship": "Outer",
                "Parallel Aware": true,
                "Join Type": "Inner",
                "Startup Cost": 115606.41,
                "Total Cost": 283942.63,
                "Plan Rows": 78971,
                "Plan Width": 0,
                "Actual Startup Time": 580.356,
                "Actual Total Time": 676.057,
                "Actual Rows": 94526,
                "Actual Loops": 2,
                "Inner Unique": false,
                "Hash Cond": "(mi.movie_id = t.id)",
                "Plans": [
                  {
                    "Node Type": "Bitmap Heap Scan",
                    "Parent Relationship": "Outer",
                    "Parallel Aware": true,
                    "Relation Name": "movie_info",
                    "Alias": "mi",
                    "Startup Cost": 11142.68,
                    "Total Cost": 177657.74,
                    "Plan Rows": 361765,
                    "Plan Width": 4,
                    "Actual Startup Time": 32.781,
                    "Actual Total Time": 88.187,
                    "Actual Rows": 299228,
                    "Actual Loops": 2,
                    "Recheck Cond": "(info_type_id = 15)",
                    "Rows Removed by Index Recheck": 0,
                    "Exact Heap Blocks": 10839,
                    "Lossy Heap Blocks": 0,
                    "Plans": [
                      {
                        "Node Type": "Bitmap Index Scan",
                        "Parent Relationship": "Outer",
                        "Parallel Aware": false,
                        "Index Name": "info_type_id_movie_info",
                        "Startup Cost": 0.0,
                        "Total Cost": 10988.93,
                        "Plan Rows": 615000,
                        "Plan Width": 0,
                        "Actual Startup Time": 29.677,
                        "Actual Total Time": 29.678,
                        "Actual Rows": 598457,
                        "Actual Loops": 1,
                        "Index Cond": "(info_type_id = 15)"
                      }
                    ]
                  },
                  {
                    "Node Type": "Hash",
                    "Parent Relationship": "Inner",
                    "Parallel Aware": true,
                    "Startup Cost": 100405.55,
                    "Total Cost": 100405.55,
                    "Plan Rows": 324654,
                    "Plan Width": 8,
                    "Actual Startup Time": 538.364,
                    "Actual Total Time": 538.368,
                    "Actual Rows": 160185,
                    "Actual Loops": 2,
                    "Hash Buckets": 1048576,
                    "Original Hash Buckets": 1048576,
                    "Hash Batches": 1,
                    "Original Hash Batches": 1,
                    "Peak Memory Usage": 20736,
                    "Plans": [
                      {
                        "Node Type": "Hash Join",
                        "Parent Relationship": "Outer",
                        "Parallel Aware": true,
                        "Join Type": "Inner",
                        "Startup Cost": 62238.92,
                        "Total Cost": 100405.55,
                        "Plan Rows": 324654,
                        "Plan Width": 8,
                        "Actual Startup Time": 209.53,
                        "Actual Total Time": 495.638,
                        "Actual Rows": 160185,
                        "Actual Loops": 2,
                        "Inner Unique": true,
                        "Hash Cond": "(mc.movie_id = t.id)",
                        "Plans": [
                          {
                            "Node Type": "Seq Scan",
                            "Parent Relationship": "Outer",
                            "Parallel Aware": true,
                            "Relation Name": "movie_companies",
                            "Alias": "mc",
                            "Startup Cost": 0.0,
                            "Total Cost": 34137.82,
                            "Plan Rows": 1534782,
                            "Plan Width": 4,
                            "Actual Startup Time": 0.013,
                            "Actual Total Time": 97.022,
                            "Actual Rows": 1304564,
                            "Actual Loops": 2
                          },
                          {
                            "Node Type": "Hash",
                            "Parent Relationship": "Inner",
                            "Parallel Aware": true,
                            "Startup Cost": 58306.47,
                            "Total Cost": 58306.47,
                            "Plan Rows": 314596,
                            "Plan Width": 4,
                            "Actual Startup Time": 204.057,
                            "Actual Total Time": 204.058,
                            "Actual Rows": 214124,
                            "Actual Loops": 2,
                            "Hash Buckets": 1048576,
                            "Original Hash Buckets": 1048576,
                            "Hash Batches": 1,
                            "Original Hash Batches": 1,
                            "Peak Memory Usage": 24992,
                            "Plans": [
                              {
                                "Node Type": "Seq Scan",
                                "Parent Relationship": "Outer",
                                "Parallel Aware": true,
                                "Relation Name": "title",
                                "Alias": "t",
                                "Startup Cost": 0.0,
                                "Total Cost": 58306.47,
                                "Plan Rows": 314596,
                                "Plan Width": 4,
                                "Actual Startup Time": 0.034,
                                "Actual Total Time": 145.216,
                                "Actual Rows": 214124,
                                "Actual Loops": 2,
                                "Filter": "((production_year < 1997) AND (kind_id = 7))",
                                "Rows Removed by Filter": 1050032
                              }
                            ]
                          }
                        ]
                      }
                    ]
                  }
                ]
              }
            ]
          }
        ]
      }
    ]
  },
  "Planning Time": 0.979,
  "Triggers": [],
  "Execution Time": 711.213
}