{
  "Plan": {
    "Node Type": "Aggregate",
    "Strategy": "Plain",
    "Partial Mode": "Finalize",
    "Parallel Aware": false,
    "Startup Cost": 606133.46,
    "Total Cost": 606133.47,
    "Plan Rows": 1,
    "Plan Width": 8,
    "Actual Startup Time": 2737.83,
    "Actual Total Time": 2805.624,
    "Actual Rows": 1,
    "Actual Loops": 1,
    "Plans": [
      {
        "Node Type": "Gather",
        "Parent Relationship": "Outer",
        "Parallel Aware": false,
        "Startup Cost": 606133.35,
        "Total Cost": 606133.46,
        "Plan Rows": 1,
        "Plan Width": 8,
        "Actual Startup Time": 2737.577,
        "Actual Total Time": 2805.615,
        "Actual Rows": 2,
        "Actual Loops": 1,
        "Workers Planned": 1,
        "Workers Launched": 1,
        "Single Copy": false,
        "Plans": [
          {
            "Node Type": "Aggregate",
            "Strategy": "Plain",
            "Partial Mode": "Partial",
            "Parent Relationship": "Outer",
            "Parallel Aware": false,
            "Startup Cost": 605133.35,
            "Total Cost": 605133.36,
            "Plan Rows": 1,
            "Plan Width": 8,
            "Actual Startup Time": 2731.821,
            "Actual Total Time": 2731.825,
            "Actual Rows": 1,
            "Actual Loops": 2,
            "Plans": [
              {
                "Node Type": "Hash Join",
                "Parent Relationship": "Outer",
                "Parallel Aware": true,
                "Join Type": "Inner",
                "Startup Cost": 54915.58,
                "Total Cost": 604619.85,
                "Plan Rows": 205399,
                "Plan Width": 0,
                "Actual Startup Time": 145.405,
                "Actual Total Time": 2722.891,
                "Actual Rows": 187723,
                "Actual Loops": 2,
                "Inner Unique": true,
                "Hash Cond": "(ci.movie_id = t.id)",
                "Plans": [
                  {
                    "Node Type": "Seq Scan",
                    "Parent Relationship": "Outer",
                    "Parallel Aware": true,
                    "Relation Name": "cast_info",
                    "Alias": "ci",
                    "Startup Cost": 0.0,
                    "Total Cost": 519069.44,
                    "Plan Rows": 11670392,
                    "Plan Width": 4,
                    "Actual Startup Time": 0.015,
                    "Actual Total Time": 1666.276,
                    "Actual Rows": 10061330,
                    "Actual Loops": 2,
                    "Filter": "(role_id < 3)",
                    "Rows Removed by Filter": 8060842
                  },
                  {
                    "Node Type": "Hash",
                    "Parent Relationship": "Inner",
                    "Parallel Aware": true,
                    "Startup Cost": 54588.39,
                    "Total Cost": 54588.39,
                    "Plan Rows": 26175,
                    "Plan Width": 4,
                    "Actual Startup Time": 143.773,
                    "Actual Total Time": 143.774,
                    "Actual Rows": 23292,
                    "Actual Loops": 2,
                    "Hash Buckets": 65536,
                    "Original Hash Buckets": 65536,
                    "Hash Batches": 1,
                    "Original Hash Batches": 1,
                    "Peak Memory Usage": 2368,
                    "Plans": [
                      {
                        "Node Type": "Seq Scan",
                        "Parent Relationship": "Outer",
                        "Parallel Aware": true,
                        "Relation Name": "title",
                        "Alias": "t",
                        "Startup Cost": 0.0,
                        "Total Cost": 54588.39,
                        "Plan Rows": 26175,
                        "Plan Width": 4,
                        "Actual Startup Time": 0.072,
                        "Actual Total Time": 136.636,
                        "Actual Rows": 23292,
                        "Actual Loops": 2,
                        "Filter": "(production_year = 1998)",
                        "Rows Removed by Filter": 1240864
                      }
                    ]
                  }
                ]
              }
            ]
          }
        ]
      }
    ]
  },
  "Planning Time": 0.45,
  "Triggers": [],
  "Execution Time": 2805.711
}