[
  {
    "Plan": {
      "Node Type": "Aggregate",
      "Strategy": "Plain",
      "Partial Mode": "Finalize",
      "Parallel Aware": false,
      "Startup Cost": 82628.36,
      "Total Cost": 82628.37,
      "Plan Rows": 1,
      "Plan Width": 8,
      "Actual Startup Time": 426.962,
      "Actual Total Time": 441.397,
      "Actual Rows": 1,
      "Actual Loops": 1,
      "Plans": [
        {
          "Node Type": "Gather",
          "Parent Relationship": "Outer",
          "Parallel Aware": false,
          "Startup Cost": 82628.04,
          "Total Cost": 82628.35,
          "Plan Rows": 3,
          "Plan Width": 8,
          "Actual Startup Time": 419.158,
          "Actual Total Time": 441.385,
          "Actual Rows": 4,
          "Actual Loops": 1,
          "Workers Planned": 3,
          "Workers Launched": 3,
          "Single Copy": false,
          "Plans": [
            {
              "Node Type": "Aggregate",
              "Strategy": "Plain",
              "Partial Mode": "Partial",
              "Parent Relationship": "Outer",
              "Parallel Aware": false,
              "Startup Cost": 81628.04,
              "Total Cost": 81628.05,
              "Plan Rows": 1,
              "Plan Width": 8,
              "Actual Startup Time": 409.023,
              "Actual Total Time": 409.026,
              "Actual Rows": 1,
              "Actual Loops": 4,
              "Plans": [
                {
                  "Node Type": "Hash Join",
                  "Parent Relationship": "Outer",
                  "Parallel Aware": true,
                  "Join Type": "Inner",
                  "Startup Cost": 50158.95,
                  "Total Cost": 80849.67,
                  "Plan Rows": 311350,
                  "Plan Width": 0,
                  "Actual Startup Time": 247.442,
                  "Actual Total Time": 406.439,
                  "Actual Rows": 63834,
                  "Actual Loops": 4,
                  "Inner Unique": true,
                  "Hash Cond": "(mc.movie_id = t.id)",
                  "Plans": [
                    {
                      "Node Type": "Seq Scan",
                      "Parent Relationship": "Outer",
                      "Parallel Aware": true,
                      "Relation Name": "movie_companies",
                      "Alias": "mc",
                      "Startup Cost": 0.0,
                      "Total Cost": 29310.68,
                      "Plan Rows": 525729,
                      "Plan Width": 4,
                      "Actual Startup Time": 1.848,
                      "Actual Total Time": 65.892,
                      "Actual Rows": 406994,
                      "Actual Loops": 4,
                      "Filter": "(company_id > 4401)",
                      "Rows Removed by Filter": 245289
                    },
                    {
                      "Node Type": "Hash",
                      "Parent Relationship": "Inner",
                      "Parallel Aware": true,
                      "Startup Cost": 45479.59,
                      "Total Cost": 45479.59,
                      "Plan Rows": 374349,
                      "Plan Width": 4,
                      "Actual Startup Time": 238.837,
                      "Actual Total Time": 238.838,
                      "Actual Rows": 369610,
                      "Actual Loops": 4,
                      "Hash Buckets": 2097152,
                      "Original Hash Buckets": 2097152,
                      "Hash Batches": 1,
                      "Original Hash Batches": 1,
                      "Peak Memory Usage": 74304,
                      "Plans": [
                        {
                          "Node Type": "Seq Scan",
                          "Parent Relationship": "Outer",
                          "Parallel Aware": true,
                          "Relation Name": "title",
                          "Alias": "t",
                          "Startup Cost": 0.0,
                          "Total Cost": 45479.59,
                          "Plan Rows": 374349,
                          "Plan Width": 4,
                          "Actual Startup Time": 0.034,
                          "Actual Total Time": 109.243,
                          "Actual Rows": 369610,
                          "Actual Loops": 4,
                          "Filter": "((production_year > 0) AND (kind_id = 7))",
                          "Rows Removed by Filter": 262468
                        }
                      ]
                    }
                  ]
                }
              ]
            }
          ]
        }
      ]
    },
    "Planning Time": 0.401,
    "Triggers": [],
    "Execution Time": 441.444
  }
]