[
  {
    "Plan": {
      "Node Type": "Aggregate",
      "Strategy": "Plain",
      "Partial Mode": "Simple",
      "Parallel Aware": false,
      "Startup Cost": 25894.52,
      "Total Cost": 25894.53,
      "Plan Rows": 1,
      "Plan Width": 8,
      "Actual Startup Time": 29.958,
      "Actual Total Time": 29.96,
      "Actual Rows": 1,
      "Actual Loops": 1,
      "Plans": [
        {
          "Node Type": "Bitmap Heap Scan",
          "Parent Relationship": "Outer",
          "Parallel Aware": false,
          "Relation Name": "movie_keyword",
          "Alias": "mk",
          "Startup Cost": 491.45,
          "Total Cost": 25836.77,
          "Plan Rows": 23099,
          "Plan Width": 0,
          "Actual Startup Time": 8.552,
          "Actual Total Time": 27.652,
          "Actual Rows": 21425,
          "Actual Loops": 1,
          "Recheck Cond": "(keyword_id > 116298)",
          "Rows Removed by Index Recheck": 0,
          "Exact Heap Blocks": 6447,
          "Lossy Heap Blocks": 0,
          "Plans": [
            {
              "Node Type": "Bitmap Index Scan",
              "Parent Relationship": "Outer",
              "Parallel Aware": false,
              "Index Name": "keyword_id_movie_keyword",
              "Startup Cost": 0.0,
              "Total Cost": 485.68,
              "Plan Rows": 23099,
              "Plan Width": 0,
              "Actual Startup Time": 5.398,
              "Actual Total Time": 5.399,
              "Actual Rows": 21425,
              "Actual Loops": 1,
              "Index Cond": "(keyword_id > 116298)"
            }
          ]
        }
      ]
    },
    "Planning Time": 0.245,
    "Triggers": [],
    "Execution Time": 30.009
  }
]