[
  {
    "Plan": {
      "Node Type": "Aggregate",
      "Strategy": "Plain",
      "Partial Mode": "Finalize",
      "Parallel Aware": false,
      "Startup Cost": 128399.49,
      "Total Cost": 128399.5,
      "Plan Rows": 1,
      "Plan Width": 8,
      "Actual Startup Time": 1102.716,
      "Actual Total Time": 1122.299,
      "Actual Rows": 1,
      "Actual Loops": 1,
      "Plans": [
        {
          "Node Type": "Gather",
          "Parent Relationship": "Outer",
          "Parallel Aware": false,
          "Startup Cost": 128399.17,
          "Total Cost": 128399.48,
          "Plan Rows": 3,
          "Plan Width": 8,
          "Actual Startup Time": 1095.177,
          "Actual Total Time": 1122.276,
          "Actual Rows": 4,
          "Actual Loops": 1,
          "Workers Planned": 3,
          "Workers Launched": 3,
          "Single Copy": false,
          "Plans": [
            {
              "Node Type": "Aggregate",
              "Strategy": "Plain",
              "Partial Mode": "Partial",
              "Parent Relationship": "Outer",
              "Parallel Aware": false,
              "Startup Cost": 127399.17,
              "Total Cost": 127399.18,
              "Plan Rows": 1,
              "Plan Width": 8,
              "Actual Startup Time": 1087.227,
              "Actual Total Time": 1087.826,
              "Actual Rows": 1,
              "Actual Loops": 4,
              "Plans": [
                {
                  "Node Type": "Hash Join",
                  "Parent Relationship": "Outer",
                  "Parallel Aware": true,
                  "Join Type": "Inner",
                  "Startup Cost": 80781.54,
                  "Total Cost": 126483.23,
                  "Plan Rows": 366378,
                  "Plan Width": 0,
                  "Actual Startup Time": 450.634,
                  "Actual Total Time": 917.565,
                  "Actual Rows": 4186182,
                  "Actual Loops": 4,
                  "Inner Unique": false,
                  "Hash Cond": "(mk.movie_id = t.id)",
                  "Plans": [
                    {
                      "Node Type": "Seq Scan",
                      "Parent Relationship": "Outer",
                      "Parallel Aware": true,
                      "Relation Name": "movie_keyword",
                      "Alias": "mk",
                      "Startup Cost": 0.0,
                      "Total Cost": 39047.32,
                      "Plan Rows": 1459332,
                      "Plan Width": 4,
                      "Actual Startup Time": 0.059,
                      "Actual Total Time": 82.143,
                      "Actual Rows": 1130982,
                      "Actual Loops": 4
                    },
                    {
                      "Node Type": "Hash",
                      "Parent Relationship": "Inner",
                      "Parallel Aware": true,
                      "Startup Cost": 78221.92,
                      "Total Cost": 78221.92,
                      "Plan Rows": 204769,
                      "Plan Width": 8,
                      "Actual Startup Time": 445.366,
                      "Actual Total Time": 445.964,
                      "Actual Rows": 202002,
                      "Actual Loops": 4,
                      "Hash Buckets": 1048576,
                      "Original Hash Buckets": 1048576,
                      "Hash Batches": 1,
                      "Original Hash Batches": 1,
                      "Peak Memory Usage": 39840,
                      "Plans": [
                        {
                          "Node Type": "Hash Join",
                          "Parent Relationship": "Outer",
                          "Parallel Aware": true,
                          "Join Type": "Inner",
                          "Startup Cost": 47831.02,
                          "Total Cost": 78221.92,
                          "Plan Rows": 204769,
                          "Plan Width": 8,
                          "Actual Startup Time": 232.931,
                          "Actual Total Time": 382.122,
                          "Actual Rows": 202002,
                          "Actual Loops": 4,
                          "Inner Unique": true,
                          "Hash Cond": "(mc.movie_id = t.id)",
                          "Plans": [
                            {
                              "Node Type": "Seq Scan",
                              "Parent Relationship": "Outer",
                              "Parallel Aware": true,
                              "Relation Name": "movie_companies",
                              "Alias": "mc",
                              "Startup Cost": 0.0,
                              "Total Cost": 29310.68,
                              "Plan Rows": 411513,
                              "Plan Width": 4,
                              "Actual Startup Time": 0.01,
                              "Actual Total Time": 66.286,
                              "Actual Rows": 318562,
                              "Actual Loops": 4,
                              "Filter": "(company_type_id < 2)",
                              "Rows Removed by Filter": 333721
                            },
                            {
                              "Node Type": "Hash",
                              "Parent Relationship": "Inner",
                              "Parallel Aware": true,
                              "Startup Cost": 43899.32,
                              "Total Cost": 43899.32,
                              "Plan Rows": 314536,
                              "Plan Width": 4,
                              "Actual Startup Time": 228.118,
                              "Actual Total Time": 228.119,
                              "Actual Rows": 315925,
                              "Actual Loops": 4,
                              "Hash Buckets": 2097152,
                              "Original Hash Buckets": 2097152,
                              "Hash Batches": 1,
                              "Original Hash Batches": 1,
                              "Peak Memory Usage": 65888,
                              "Plans": [
                                {
                                  "Node Type": "Seq Scan",
                                  "Parent Relationship": "Outer",
                                  "Parallel Aware": true,
                                  "Relation Name": "title",
                                  "Alias": "t",
                                  "Startup Cost": 0.0,
                                  "Total Cost": 43899.32,
                                  "Plan Rows": 314536,
                                  "Plan Width": 4,
                                  "Actual Startup Time": 0.049,
                                  "Actual Total Time": 105.793,
                                  "Actual Rows": 315925,
                                  "Actual Loops": 4,
                                  "Filter": "(production_year < 2004)",
                                  "Rows Removed by Filter": 316153
                                }
                              ]
                            }
                          ]
                        }
                      ]
                    }
                  ]
                }
              ]
            }
          ]
        }
      ]
    },
    "Planning Time": 1.187,
    "Triggers": [],
    "Execution Time": 1122.374
  }
]