[
    {
        "Bao": {
            "Bao prediction": "NaN",
            "Bao recommended hint": "(no hint)"
        }
    },
    {
        "Plan": {
            "Node Type": "Aggregate",
            "Strategy": "Plain",
            "Partial Mode": "Finalize",
            "Parallel Aware": false,
            "Startup Cost": 44316.23,
            "Total Cost": 44316.24,
            "Plan Rows": 1,
            "Plan Width": 8,
            "Actual Startup Time": 116.358,
            "Actual Total Time": 121.089,
            "Actual Rows": 1,
            "Actual Loops": 1,
            "Output": [
                "count(*)"
            ],
            "Plans": [
                {
                    "Node Type": "Gather",
                    "Parent Relationship": "Outer",
                    "Parallel Aware": false,
                    "Startup Cost": 44315.91,
                    "Total Cost": 44316.22,
                    "Plan Rows": 3,
                    "Plan Width": 8,
                    "Actual Startup Time": 116.251,
                    "Actual Total Time": 121.081,
                    "Actual Rows": 4,
                    "Actual Loops": 1,
                    "Output": [
                        "(PARTIAL count(*))"
                    ],
                    "Workers Planned": 3,
                    "Workers Launched": 3,
                    "Single Copy": false,
                    "Plans": [
                        {
                            "Node Type": "Aggregate",
                            "Strategy": "Plain",
                            "Partial Mode": "Partial",
                            "Parent Relationship": "Outer",
                            "Parallel Aware": false,
                            "Startup Cost": 43315.91,
                            "Total Cost": 43315.92,
                            "Plan Rows": 1,
                            "Plan Width": 8,
                            "Actual Startup Time": 107.936,
                            "Actual Total Time": 107.937,
                            "Actual Rows": 1,
                            "Actual Loops": 4,
                            "Output": [
                                "PARTIAL count(*)"
                            ],
                            "Workers": [
                                {
                                    "Worker Number": 0,
                                    "Actual Startup Time": 105.059,
                                    "Actual Total Time": 105.061,
                                    "Actual Rows": 1,
                                    "Actual Loops": 1
                                },
                                {
                                    "Worker Number": 1,
                                    "Actual Startup Time": 105.258,
                                    "Actual Total Time": 105.259,
                                    "Actual Rows": 1,
                                    "Actual Loops": 1
                                },
                                {
                                    "Worker Number": 2,
                                    "Actual Startup Time": 105.683,
                                    "Actual Total Time": 105.684,
                                    "Actual Rows": 1,
                                    "Actual Loops": 1
                                }
                            ],
                            "Plans": [
                                {
                                    "Node Type": "Seq Scan",
                                    "Parent Relationship": "Outer",
                                    "Parallel Aware": true,
                                    "Relation Name": "movie_keyword",
                                    "Schema": "public",
                                    "Alias": "mk",
                                    "Startup Cost": 0.0,
                                    "Total Cost": 42695.65,
                                    "Plan Rows": 248102,
                                    "Plan Width": 0,
                                    "Actual Startup Time": 6.101,
                                    "Actual Total Time": 97.624,
                                    "Actual Rows": 188101,
                                    "Actual Loops": 4,
                                    "Output": [
                                        "id",
                                        "movie_id",
                                        "keyword_id"
                                    ],
                                    "Filter": "(mk.keyword_id > 24865)",
                                    "Rows Removed by Filter": 942882,
                                    "Workers": [
                                        {
                                            "Worker Number": 0,
                                            "Actual Startup Time": 3.229,
                                            "Actual Total Time": 95.167,
                                            "Actual Rows": 179445,
                                            "Actual Loops": 1
                                        },
                                        {
                                            "Worker Number": 1,
                                            "Actual Startup Time": 3.423,
                                            "Actual Total Time": 95.357,
                                            "Actual Rows": 173781,
                                            "Actual Loops": 1
                                        },
                                        {
                                            "Worker Number": 2,
                                            "Actual Startup Time": 3.884,
                                            "Actual Total Time": 95.704,
                                            "Actual Rows": 177212,
                                            "Actual Loops": 1
                                        }
                                    ]
                                }
                            ]
                        }
                    ]
                }
            ]
        },
        "Planning Time": 265.477,
        "Triggers": [],
        "Execution Time": 121.156
    }
]