[
  {
    "Plan": {
      "Node Type": "Aggregate",
      "Strategy": "Plain",
      "Partial Mode": "Finalize",
      "Parallel Aware": false,
      "Startup Cost": 65054.63,
      "Total Cost": 65054.64,
      "Plan Rows": 1,
      "Plan Width": 8,
      "Actual Startup Time": 96.581,
      "Actual Total Time": 110.62,
      "Actual Rows": 1,
      "Actual Loops": 1,
      "Plans": [
        {
          "Node Type": "Gather",
          "Parent Relationship": "Outer",
          "Parallel Aware": false,
          "Startup Cost": 65054.21,
          "Total Cost": 65054.62,
          "Plan Rows": 4,
          "Plan Width": 8,
          "Actual Startup Time": 96.423,
          "Actual Total Time": 110.612,
          "Actual Rows": 5,
          "Actual Loops": 1,
          "Workers Planned": 4,
          "Workers Launched": 4,
          "Single Copy": false,
          "Plans": [
            {
              "Node Type": "Aggregate",
              "Strategy": "Plain",
              "Partial Mode": "Partial",
              "Parent Relationship": "Outer",
              "Parallel Aware": false,
              "Startup Cost": 64054.21,
              "Total Cost": 64054.22,
              "Plan Rows": 1,
              "Plan Width": 8,
              "Actual Startup Time": 90.918,
              "Actual Total Time": 90.919,
              "Actual Rows": 1,
              "Actual Loops": 5,
              "Plans": [
                {
                  "Node Type": "Nested Loop",
                  "Parent Relationship": "Outer",
                  "Parallel Aware": false,
                  "Join Type": "Inner",
                  "Startup Cost": 0.43,
                  "Total Cost": 64053.7,
                  "Plan Rows": 206,
                  "Plan Width": 0,
                  "Actual Startup Time": 90.085,
                  "Actual Total Time": 90.91,
                  "Actual Rows": 0,
                  "Actual Loops": 5,
                  "Inner Unique": false,
                  "Plans": [
                    {
                      "Node Type": "Seq Scan",
                      "Parent Relationship": "Outer",
                      "Parallel Aware": true,
                      "Relation Name": "title",
                      "Alias": "t",
                      "Startup Cost": 0.0,
                      "Total Cost": 43899.32,
                      "Plan Rows": 1559,
                      "Plan Width": 4,
                      "Actual Startup Time": 51.551,
                      "Actual Total Time": 75.184,
                      "Actual Rows": 1625,
                      "Actual Loops": 5,
                      "Filter": "(production_year = 1914)",
                      "Rows Removed by Filter": 504037
                    },
                    {
                      "Node Type": "Index Scan",
                      "Parent Relationship": "Inner",
                      "Parallel Aware": false,
                      "Scan Direction": "Forward",
                      "Index Name": "movie_id_movie_companies",
                      "Relation Name": "movie_companies",
                      "Alias": "mc",
                      "Startup Cost": 0.43,
                      "Total Cost": 12.92,
                      "Plan Rows": 1,
                      "Plan Width": 4,
                      "Actual Startup Time": 0.009,
                      "Actual Total Time": 0.009,
                      "Actual Rows": 0,
                      "Actual Loops": 8125,
                      "Index Cond": "(movie_id = t.id)",
                      "Rows Removed by Index Recheck": 0,
                      "Filter": "((company_id < 864) AND (company_type_id = 2))",
                      "Rows Removed by Filter": 2
                    }
                  ]
                }
              ]
            }
          ]
        }
      ]
    },
    "Planning Time": 0.423,
    "Triggers": [],
    "Execution Time": 110.665
  }
]