[
  {
    "Plan": {
      "Node Type": "Aggregate",
      "Strategy": "Plain",
      "Partial Mode": "Finalize",
      "Parallel Aware": false,
      "Startup Cost": 46507.99,
      "Total Cost": 46508.0,
      "Plan Rows": 1,
      "Plan Width": 8,
      "Actual Startup Time": 88.959,
      "Actual Total Time": 101.242,
      "Actual Rows": 1,
      "Actual Loops": 1,
      "Plans": [
        {
          "Node Type": "Gather",
          "Parent Relationship": "Outer",
          "Parallel Aware": false,
          "Startup Cost": 46507.57,
          "Total Cost": 46507.98,
          "Plan Rows": 4,
          "Plan Width": 8,
          "Actual Startup Time": 88.755,
          "Actual Total Time": 101.227,
          "Actual Rows": 5,
          "Actual Loops": 1,
          "Workers Planned": 4,
          "Workers Launched": 4,
          "Single Copy": false,
          "Plans": [
            {
              "Node Type": "Aggregate",
              "Strategy": "Plain",
              "Partial Mode": "Partial",
              "Parent Relationship": "Outer",
              "Parallel Aware": false,
              "Startup Cost": 45507.57,
              "Total Cost": 45507.58,
              "Plan Rows": 1,
              "Plan Width": 8,
              "Actual Startup Time": 83.178,
              "Actual Total Time": 83.179,
              "Actual Rows": 1,
              "Actual Loops": 5,
              "Plans": [
                {
                  "Node Type": "Seq Scan",
                  "Parent Relationship": "Outer",
                  "Parallel Aware": true,
                  "Relation Name": "title",
                  "Alias": "t",
                  "Startup Cost": 0.0,
                  "Total Cost": 45479.59,
                  "Plan Rows": 11194,
                  "Plan Width": 0,
                  "Actual Startup Time": 0.034,
                  "Actual Total Time": 82.247,
                  "Actual Rows": 10573,
                  "Actual Loops": 5,
                  "Filter": "((kind_id > 1) AND (production_year = 2002))",
                  "Rows Removed by Filter": 495090
                }
              ]
            }
          ]
        }
      ]
    },
    "Planning Time": 0.212,
    "Triggers": [],
    "Execution Time": 101.3
  }
]