[
  {
    "Plan": {
      "Node Type": "Aggregate",
      "Strategy": "Plain",
      "Partial Mode": "Finalize",
      "Parallel Aware": false,
      "Startup Cost": 357029.65,
      "Total Cost": 357029.66,
      "Plan Rows": 1,
      "Plan Width": 8,
      "Actual Startup Time": 423.411,
      "Actual Total Time": 490.08,
      "Actual Rows": 1,
      "Actual Loops": 1,
      "Plans": [
        {
          "Node Type": "Gather",
          "Parent Relationship": "Outer",
          "Parallel Aware": false,
          "Startup Cost": 357029.23,
          "Total Cost": 357029.64,
          "Plan Rows": 4,
          "Plan Width": 8,
          "Actual Startup Time": 423.272,
          "Actual Total Time": 490.071,
          "Actual Rows": 5,
          "Actual Loops": 1,
          "Workers Planned": 4,
          "Workers Launched": 4,
          "Single Copy": false,
          "Plans": [
            {
              "Node Type": "Aggregate",
              "Strategy": "Plain",
              "Partial Mode": "Partial",
              "Parent Relationship": "Outer",
              "Parallel Aware": false,
              "Startup Cost": 356029.23,
              "Total Cost": 356029.24,
              "Plan Rows": 1,
              "Plan Width": 8,
              "Actual Startup Time": 413.514,
              "Actual Total Time": 413.516,
              "Actual Rows": 1,
              "Actual Loops": 5,
              "Plans": [
                {
                  "Node Type": "Nested Loop",
                  "Parent Relationship": "Outer",
                  "Parallel Aware": false,
                  "Join Type": "Inner",
                  "Startup Cost": 0.56,
                  "Total Cost": 355881.24,
                  "Plan Rows": 59195,
                  "Plan Width": 0,
                  "Actual Startup Time": 0.934,
                  "Actual Total Time": 410.647,
                  "Actual Rows": 40292,
                  "Actual Loops": 5,
                  "Inner Unique": false,
                  "Plans": [
                    {
                      "Node Type": "Seq Scan",
                      "Parent Relationship": "Outer",
                      "Parallel Aware": true,
                      "Relation Name": "title",
                      "Alias": "t",
                      "Startup Cost": 0.0,
                      "Total Cost": 45479.1,
                      "Plan Rows": 11996,
                      "Plan Width": 4,
                      "Actual Startup Time": 0.339,
                      "Actual Total Time": 67.949,
                      "Actual Rows": 7750,
                      "Actual Loops": 5,
                      "Filter": "((kind_id < 7) AND (production_year = 2008))",
                      "Rows Removed by Filter": 497912
                    },
                    {
                      "Node Type": "Index Scan",
                      "Parent Relationship": "Inner",
                      "Parallel Aware": false,
                      "Scan Direction": "Forward",
                      "Index Name": "movie_id_cast_info",
                      "Relation Name": "cast_info",
                      "Alias": "ci",
                      "Startup Cost": 0.56,
                      "Total Cost": 25.75,
                      "Plan Rows": 13,
                      "Plan Width": 4,
                      "Actual Startup Time": 0.012,
                      "Actual Total Time": 0.043,
                      "Actual Rows": 5,
                      "Actual Loops": 38752,
                      "Index Cond": "(movie_id = t.id)",
                      "Rows Removed by Index Recheck": 0,
                      "Filter": "(role_id < 2)",
                      "Rows Removed by Filter": 11
                    }
                  ]
                }
              ]
            }
          ]
        }
      ]
    },
    "Planning Time": 0.616,
    "Triggers": [],
    "Execution Time": 490.169
  }
]