[
  {
    "Plan": {
      "Node Type": "Hash Join",
      "Parallel Aware": false,
      "Join Type": "Inner",
      "Startup Cost": 185072.42,
      "Total Cost": 1535568.35,
      "Plan Rows": 22703569,
      "Plan Width": 40,
      "Actual Startup Time": 3319.72,
      "Actual Total Time": 49544.297,
      "Actual Rows": 52901816,
      "Actual Loops": 1,
      "Inner Unique": true,
      "Hash Cond": "(t.kind_id = kt.id)",
      "Plans": [
        {
          "Node Type": "Hash Join",
          "Parent Relationship": "Outer",
          "Parallel Aware": false,
          "Join Type": "Inner",
          "Startup Cost": 185071.27,
          "Total Cost": 1439887.86,
          "Plan Rows": 22703569,
          "Plan Width": 44,
          "Actual Startup Time": 3319.612,
          "Actual Total Time": 43293.928,
          "Actual Rows": 52901816,
          "Actual Loops": 1,
          "Inner Unique": false,
          "Hash Cond": "(t.id = mc.movie_id)",
          "Plans": [
            {
              "Node Type": "Hash Join",
              "Parent Relationship": "Outer",
              "Parallel Aware": false,
              "Join Type": "Inner",
              "Startup Cost": 92883.67,
              "Total Cost": 803374.74,
              "Plan Rows": 36261696,
              "Plan Width": 12,
              "Actual Startup Time": 1259.111,
              "Actual Total Time": 21897.289,
              "Actual Rows": 36244344,
              "Actual Loops": 1,
              "Inner Unique": true,
              "Hash Cond": "(ci.movie_id = t.id)",
              "Plans": [
                {
                  "Node Type": "Seq Scan",
                  "Parent Relationship": "Outer",
                  "Parallel Aware": false,
                  "Relation Name": "cast_info",
                  "Alias": "ci",
                  "Startup Cost": 0.0,
                  "Total Cost": 615303.96,
                  "Plan Rows": 36261696,
                  "Plan Width": 4,
                  "Actual Startup Time": 0.023,
                  "Actual Total Time": 2729.145,
                  "Actual Rows": 36244344,
                  "Actual Loops": 1
                },
                {
                  "Node Type": "Hash",
                  "Parent Relationship": "Inner",
                  "Parallel Aware": false,
                  "Startup Cost": 61280.52,
                  "Total Cost": 61280.52,
                  "Plan Rows": 2528252,
                  "Plan Width": 8,
                  "Actual Startup Time": 1229.641,
                  "Actual Total Time": 1229.642,
                  "Actual Rows": 2528312,
                  "Actual Loops": 1,
                  "Hash Buckets": 4194304,
                  "Original Hash Buckets": 4194304,
                  "Hash Batches": 1,
                  "Original Hash Batches": 1,
                  "Peak Memory Usage": 131531,
                  "Plans": [
                    {
                      "Node Type": "Seq Scan",
                      "Parent Relationship": "Outer",
                      "Parallel Aware": false,
                      "Relation Name": "title",
                      "Alias": "t",
                      "Startup Cost": 0.0,
                      "Total Cost": 61280.52,
                      "Plan Rows": 2528252,
                      "Plan Width": 8,
                      "Actual Startup Time": 0.058,
                      "Actual Total Time": 458.255,
                      "Actual Rows": 2528312,
                      "Actual Loops": 1
                    }
                  ]
                }
              ]
            },
            {
              "Node Type": "Hash",
              "Parent Relationship": "Inner",
              "Parallel Aware": false,
              "Startup Cost": 72400.76,
              "Total Cost": 72400.76,
              "Plan Rows": 1582947,
              "Plan Width": 40,
              "Actual Startup Time": 2043.642,
              "Actual Total Time": 2043.658,
              "Actual Rows": 1565442,
              "Actual Loops": 1,
              "Hash Buckets": 2097152,
              "Original Hash Buckets": 2097152,
              "Hash Batches": 1,
              "Original Hash Batches": 1,
              "Peak Memory Usage": 115000,
              "Plans": [
                {
                  "Node Type": "Hash Join",
                  "Parent Relationship": "Outer",
                  "Parallel Aware": false,
                  "Join Type": "Inner",
                  "Startup Cost": 8283.52,
                  "Total Cost": 72400.76,
                  "Plan Rows": 1582947,
                  "Plan Width": 40,
                  "Actual Startup Time": 106.801,
                  "Actual Total Time": 1352.175,
                  "Actual Rows": 1565442,
                  "Actual Loops": 1,
                  "Inner Unique": true,
                  "Hash Cond": "(mc.company_type_id = ct.id)",
                  "Plans": [
                    {
                      "Node Type": "Hash Join",
                      "Parent Relationship": "Outer",
                      "Parallel Aware": false,
                      "Join Type": "Inner",
                      "Startup Cost": 8282.43,
                      "Total Cost": 63841.86,
                      "Plan Rows": 1582947,
                      "Plan Width": 40,
                      "Actual Startup Time": 106.738,
                      "Actual Total Time": 1033.958,
                      "Actual Rows": 1565442,
                      "Actual Loops": 1,
                      "Inner Unique": true,
                      "Hash Cond": "(mc.company_id = cn.id)",
                      "Plans": [
                        {
                          "Node Type": "Seq Scan",
                          "Parent Relationship": "Outer",
                          "Parallel Aware": false,
                          "Relation Name": "movie_companies",
                          "Alias": "mc",
                          "Startup Cost": 0.0,
                          "Total Cost": 51404.11,
                          "Plan Rows": 1582947,
                          "Plan Width": 40,
                          "Actual Startup Time": 0.012,
                          "Actual Total Time": 412.754,
                          "Actual Rows": 1565442,
                          "Actual Loops": 1,
                          "Filter": "(company_id < 15149)",
                          "Rows Removed by Filter": 1043687
                        },
                        {
                          "Node Type": "Hash",
                          "Parent Relationship": "Inner",
                          "Parallel Aware": false,
                          "Startup Cost": 5344.97,
                          "Total Cost": 5344.97,
                          "Plan Rows": 234997,
                          "Plan Width": 4,
                          "Actual Startup Time": 105.192,
                          "Actual Total Time": 105.192,
                          "Actual Rows": 234997,
                          "Actual Loops": 1,
                          "Hash Buckets": 262144,
                          "Original Hash Buckets": 262144,
                          "Hash Batches": 1,
                          "Original Hash Batches": 1,
                          "Peak Memory Usage": 10310,
                          "Plans": [
                            {
                              "Node Type": "Seq Scan",
                              "Parent Relationship": "Outer",
                              "Parallel Aware": false,
                              "Relation Name": "company_name",
                              "Alias": "cn",
                              "Startup Cost": 0.0,
                              "Total Cost": 5344.97,
                              "Plan Rows": 234997,
                              "Plan Width": 4,
                              "Actual Startup Time": 0.034,
                              "Actual Total Time": 48.032,
                              "Actual Rows": 234997,
                              "Actual Loops": 1
                            }
                          ]
                        }
                      ]
                    },
                    {
                      "Node Type": "Hash",
                      "Parent Relationship": "Inner",
                      "Parallel Aware": false,
                      "Startup Cost": 1.04,
                      "Total Cost": 1.04,
                      "Plan Rows": 4,
                      "Plan Width": 4,
                      "Actual Startup Time": 0.023,
                      "Actual Total Time": 0.024,
                      "Actual Rows": 4,
                      "Actual Loops": 1,
                      "Hash Buckets": 1024,
                      "Original Hash Buckets": 1024,
                      "Hash Batches": 1,
                      "Original Hash Batches": 1,
                      "Peak Memory Usage": 9,
                      "Plans": [
                        {
                          "Node Type": "Seq Scan",
                          "Parent Relationship": "Outer",
                          "Parallel Aware": false,
                          "Relation Name": "company_type",
                          "Alias": "ct",
                          "Startup Cost": 0.0,
                          "Total Cost": 1.04,
                          "Plan Rows": 4,
                          "Plan Width": 4,
                          "Actual Startup Time": 0.011,
                          "Actual Total Time": 0.012,
                          "Actual Rows": 4,
                          "Actual Loops": 1
                        }
                      ]
                    }
                  ]
                }
              ]
            }
          ]
        },
        {
          "Node Type": "Hash",
          "Parent Relationship": "Inner",
          "Parallel Aware": false,
          "Startup Cost": 1.07,
          "Total Cost": 1.07,
          "Plan Rows": 7,
          "Plan Width": 4,
          "Actual Startup Time": 0.038,
          "Actual Total Time": 0.039,
          "Actual Rows": 7,
          "Actual Loops": 1,
          "Hash Buckets": 1024,
          "Original Hash Buckets": 1024,
          "Hash Batches": 1,
          "Original Hash Batches": 1,
          "Peak Memory Usage": 9,
          "Plans": [
            {
              "Node Type": "Seq Scan",
              "Parent Relationship": "Outer",
              "Parallel Aware": false,
              "Relation Name": "kind_type",
              "Alias": "kt",
              "Startup Cost": 0.0,
              "Total Cost": 1.07,
              "Plan Rows": 7,
              "Plan Width": 4,
              "Actual Startup Time": 0.012,
              "Actual Total Time": 0.015,
              "Actual Rows": 7,
              "Actual Loops": 1
            }
          ]
        }
      ]
    },
    "Planning Time": 9.142,
    "Triggers": [],
    "Execution Time": 51170.174
  }
]