[
  {
    "Plan": {
      "Node Type": "Aggregate",
      "Strategy": "Plain",
      "Partial Mode": "Finalize",
      "Parallel Aware": false,
      "Startup Cost": 32980.06,
      "Total Cost": 32980.07,
      "Plan Rows": 1,
      "Plan Width": 8,
      "Actual Startup Time": 103.382,
      "Actual Total Time": 109.022,
      "Actual Rows": 1,
      "Actual Loops": 1,
      "Plans": [
        {
          "Node Type": "Gather",
          "Parent Relationship": "Outer",
          "Parallel Aware": false,
          "Startup Cost": 32979.74,
          "Total Cost": 32980.05,
          "Plan Rows": 3,
          "Plan Width": 8,
          "Actual Startup Time": 103.258,
          "Actual Total Time": 109.015,
          "Actual Rows": 4,
          "Actual Loops": 1,
          "Workers Planned": 3,
          "Workers Launched": 3,
          "Single Copy": false,
          "Plans": [
            {
              "Node Type": "Aggregate",
              "Strategy": "Plain",
              "Partial Mode": "Partial",
              "Parent Relationship": "Outer",
              "Parallel Aware": false,
              "Startup Cost": 31979.74,
              "Total Cost": 31979.75,
              "Plan Rows": 1,
              "Plan Width": 8,
              "Actual Startup Time": 96.589,
              "Actual Total Time": 96.59,
              "Actual Rows": 1,
              "Actual Loops": 4,
              "Plans": [
                {
                  "Node Type": "Seq Scan",
                  "Parent Relationship": "Outer",
                  "Parallel Aware": true,
                  "Relation Name": "movie_companies",
                  "Alias": "mc",
                  "Startup Cost": 0.0,
                  "Total Cost": 31414.82,
                  "Plan Rows": 225968,
                  "Plan Width": 0,
                  "Actual Startup Time": 45.137,
                  "Actual Total Time": 85.017,
                  "Actual Rows": 231944,
                  "Actual Loops": 4,
                  "Filter": "((company_id > 11149) AND (company_type_id > 1))",
                  "Rows Removed by Filter": 420338
                }
              ]
            }
          ]
        }
      ]
    },
    "Planning Time": 0.221,
    "Triggers": [],
    "Execution Time": 109.076
  }
]