[
  {
    "Plan": {
      "Node Type": "Aggregate",
      "Strategy": "Plain",
      "Partial Mode": "Finalize",
      "Parallel Aware": false,
      "Startup Cost": 32968.19,
      "Total Cost": 32968.2,
      "Plan Rows": 1,
      "Plan Width": 8,
      "Actual Startup Time": 96.175,
      "Actual Total Time": 103.822,
      "Actual Rows": 1,
      "Actual Loops": 1,
      "Plans": [
        {
          "Node Type": "Gather",
          "Parent Relationship": "Outer",
          "Parallel Aware": false,
          "Startup Cost": 32967.87,
          "Total Cost": 32968.18,
          "Plan Rows": 3,
          "Plan Width": 8,
          "Actual Startup Time": 96.047,
          "Actual Total Time": 103.815,
          "Actual Rows": 4,
          "Actual Loops": 1,
          "Workers Planned": 3,
          "Workers Launched": 3,
          "Single Copy": false,
          "Plans": [
            {
              "Node Type": "Aggregate",
              "Strategy": "Plain",
              "Partial Mode": "Partial",
              "Parent Relationship": "Outer",
              "Parallel Aware": false,
              "Startup Cost": 31967.87,
              "Total Cost": 31967.88,
              "Plan Rows": 1,
              "Plan Width": 8,
              "Actual Startup Time": 89.271,
              "Actual Total Time": 89.272,
              "Actual Rows": 1,
              "Actual Loops": 4,
              "Plans": [
                {
                  "Node Type": "Seq Scan",
                  "Parent Relationship": "Outer",
                  "Parallel Aware": true,
                  "Relation Name": "movie_companies",
                  "Alias": "mc",
                  "Startup Cost": 0.0,
                  "Total Cost": 31414.82,
                  "Plan Rows": 221222,
                  "Plan Width": 0,
                  "Actual Startup Time": 45.279,
                  "Actual Total Time": 80.064,
                  "Actual Rows": 231944,
                  "Actual Loops": 4,
                  "Filter": "((company_id > 11149) AND (company_type_id > 1))",
                  "Rows Removed by Filter": 420338
                }
              ]
            }
          ]
        }
      ]
    },
    "Planning Time": 0.154,
    "Triggers": [],
    "Execution Time": 103.866
  }
]