[
  {
    "Plan": {
      "Node Type": "Aggregate",
      "Strategy": "Plain",
      "Partial Mode": "Finalize",
      "Parallel Aware": false,
      "Startup Cost": 38836.11,
      "Total Cost": 38836.12,
      "Plan Rows": 1,
      "Plan Width": 8,
      "Actual Startup Time": 135.095,
      "Actual Total Time": 141.664,
      "Actual Rows": 1,
      "Actual Loops": 1,
      "Plans": [
        {
          "Node Type": "Gather",
          "Parent Relationship": "Outer",
          "Parallel Aware": false,
          "Startup Cost": 38835.79,
          "Total Cost": 38836.1,
          "Plan Rows": 3,
          "Plan Width": 8,
          "Actual Startup Time": 134.814,
          "Actual Total Time": 141.652,
          "Actual Rows": 4,
          "Actual Loops": 1,
          "Workers Planned": 3,
          "Workers Launched": 3,
          "Single Copy": false,
          "Plans": [
            {
              "Node Type": "Aggregate",
              "Strategy": "Plain",
              "Partial Mode": "Partial",
              "Parent Relationship": "Outer",
              "Parallel Aware": false,
              "Startup Cost": 37835.79,
              "Total Cost": 37835.8,
              "Plan Rows": 1,
              "Plan Width": 8,
              "Actual Startup Time": 126.126,
              "Actual Total Time": 126.128,
              "Actual Rows": 1,
              "Actual Loops": 4,
              "Plans": [
                {
                  "Node Type": "Bitmap Heap Scan",
                  "Parent Relationship": "Outer",
                  "Parallel Aware": true,
                  "Relation Name": "movie_keyword",
                  "Alias": "mk",
                  "Startup Cost": 10896.71,
                  "Total Cost": 37421.61,
                  "Plan Rows": 165672,
                  "Plan Width": 0,
                  "Actual Startup Time": 47.493,
                  "Actual Total Time": 118.674,
                  "Actual Rows": 128498,
                  "Actual Loops": 4,
                  "Recheck Cond": "(keyword_id > 35253)",
                  "Rows Removed by Index Recheck": 0,
                  "Exact Heap Blocks": 8986,
                  "Lossy Heap Blocks": 0,
                  "Plans": [
                    {
                      "Node Type": "Bitmap Index Scan",
                      "Parent Relationship": "Outer",
                      "Parallel Aware": false,
                      "Index Name": "keyword_id_movie_keyword",
                      "Startup Cost": 0.0,
                      "Total Cost": 10768.31,
                      "Plan Rows": 513584,
                      "Plan Width": 0,
                      "Actual Startup Time": 51.506,
                      "Actual Total Time": 51.507,
                      "Actual Rows": 513994,
                      "Actual Loops": 1,
                      "Index Cond": "(keyword_id > 35253)"
                    }
                  ]
                }
              ]
            }
          ]
        }
      ]
    },
    "Planning Time": 0.178,
    "Triggers": [],
    "Execution Time": 141.74
  }
]