[
  {
    "Plan": {
      "Node Type": "Aggregate",
      "Strategy": "Plain",
      "Partial Mode": "Finalize",
      "Parallel Aware": false,
      "Startup Cost": 341578.7,
      "Total Cost": 341578.71,
      "Plan Rows": 1,
      "Plan Width": 8,
      "Actual Startup Time": 1003.386,
      "Actual Total Time": 1053.319,
      "Actual Rows": 1,
      "Actual Loops": 1,
      "Plans": [
        {
          "Node Type": "Gather",
          "Parent Relationship": "Outer",
          "Parallel Aware": false,
          "Startup Cost": 341578.08,
          "Total Cost": 341578.69,
          "Plan Rows": 6,
          "Plan Width": 8,
          "Actual Startup Time": 1003.167,
          "Actual Total Time": 1053.3,
          "Actual Rows": 7,
          "Actual Loops": 1,
          "Workers Planned": 6,
          "Workers Launched": 6,
          "Single Copy": false,
          "Plans": [
            {
              "Node Type": "Aggregate",
              "Strategy": "Plain",
              "Partial Mode": "Partial",
              "Parent Relationship": "Outer",
              "Parallel Aware": false,
              "Startup Cost": 340578.08,
              "Total Cost": 340578.09,
              "Plan Rows": 1,
              "Plan Width": 8,
              "Actual Startup Time": 996.504,
              "Actual Total Time": 996.506,
              "Actual Rows": 1,
              "Actual Loops": 7,
              "Plans": [
                {
                  "Node Type": "Seq Scan",
                  "Parent Relationship": "Outer",
                  "Parallel Aware": true,
                  "Relation Name": "cast_info",
                  "Alias": "ci",
                  "Startup Cost": 0.0,
                  "Total Cost": 328211.39,
                  "Plan Rows": 4946674,
                  "Plan Width": 0,
                  "Actual Startup Time": 0.043,
                  "Actual Total Time": 745.494,
                  "Actual Rows": 4249832,
                  "Actual Loops": 7,
                  "Filter": "(person_id < 3007089)",
                  "Rows Removed by Filter": 927932
                }
              ]
            }
          ]
        }
      ]
    },
    "Planning Time": 0.115,
    "Triggers": [],
    "Execution Time": 1053.365
  }
]