[
  {
    "Plan": {
      "Node Type": "Aggregate",
      "Strategy": "Plain",
      "Partial Mode": "Finalize",
      "Parallel Aware": false,
      "Startup Cost": 247060.41,
      "Total Cost": 247060.42,
      "Plan Rows": 1,
      "Plan Width": 8,
      "Actual Startup Time": 445.592,
      "Actual Total Time": 492.67,
      "Actual Rows": 1,
      "Actual Loops": 1,
      "Plans": [
        {
          "Node Type": "Gather",
          "Parent Relationship": "Outer",
          "Parallel Aware": false,
          "Startup Cost": 247059.89,
          "Total Cost": 247060.4,
          "Plan Rows": 5,
          "Plan Width": 8,
          "Actual Startup Time": 444.837,
          "Actual Total Time": 492.658,
          "Actual Rows": 6,
          "Actual Loops": 1,
          "Workers Planned": 5,
          "Workers Launched": 5,
          "Single Copy": false,
          "Plans": [
            {
              "Node Type": "Aggregate",
              "Strategy": "Plain",
              "Partial Mode": "Partial",
              "Parent Relationship": "Outer",
              "Parallel Aware": false,
              "Startup Cost": 246059.89,
              "Total Cost": 246059.9,
              "Plan Rows": 1,
              "Plan Width": 8,
              "Actual Startup Time": 439.546,
              "Actual Total Time": 439.55,
              "Actual Rows": 1,
              "Actual Loops": 6,
              "Plans": [
                {
                  "Node Type": "Hash Join",
                  "Parent Relationship": "Outer",
                  "Parallel Aware": true,
                  "Join Type": "Inner",
                  "Startup Cost": 45759.21,
                  "Total Cost": 246021.01,
                  "Plan Rows": 15552,
                  "Plan Width": 0,
                  "Actual Startup Time": 97.328,
                  "Actual Total Time": 438.386,
                  "Actual Rows": 20434,
                  "Actual Loops": 6,
                  "Inner Unique": true,
                  "Hash Cond": "(mi.movie_id = t.id)",
                  "Plans": [
                    {
                      "Node Type": "Seq Scan",
                      "Parent Relationship": "Outer",
                      "Parallel Aware": true,
                      "Relation Name": "movie_info",
                      "Alias": "mi",
                      "Startup Cost": 0.0,
                      "Total Cost": 199108.24,
                      "Plan Rows": 439450,
                      "Plan Width": 4,
                      "Actual Startup Time": 15.855,
                      "Actual Total Time": 317.531,
                      "Actual Rows": 372308,
                      "Actual Loops": 6,
                      "Filter": "(info_type_id > 16)",
                      "Rows Removed by Filter": 2100312
                    },
                    {
                      "Node Type": "Hash",
                      "Parent Relationship": "Inner",
                      "Parallel Aware": true,
                      "Startup Cost": 45479.59,
                      "Total Cost": 45479.59,
                      "Plan Rows": 22370,
                      "Plan Width": 4,
                      "Actual Startup Time": 79.922,
                      "Actual Total Time": 79.923,
                      "Actual Rows": 13498,
                      "Actual Loops": 6,
                      "Hash Buckets": 131072,
                      "Original Hash Buckets": 131072,
                      "Hash Batches": 1,
                      "Original Hash Batches": 1,
                      "Peak Memory Usage": 4288,
                      "Plans": [
                        {
                          "Node Type": "Seq Scan",
                          "Parent Relationship": "Outer",
                          "Parallel Aware": true,
                          "Relation Name": "title",
                          "Alias": "t",
                          "Startup Cost": 0.0,
                          "Total Cost": 45479.59,
                          "Plan Rows": 22370,
                          "Plan Width": 4,
                          "Actual Startup Time": 0.098,
                          "Actual Total Time": 73.522,
                          "Actual Rows": 13498,
                          "Actual Loops": 6,
                          "Filter": "((kind_id < 7) AND (production_year > 2011))",
                          "Rows Removed by Filter": 407887
                        }
                      ]
                    }
                  ]
                }
              ]
            }
          ]
        }
      ]
    },
    "Planning Time": 0.578,
    "Triggers": [],
    "Execution Time": 492.744
  }
]