{
    "Plan": {
        "Node Type": "Aggregate",
        "Strategy": "Plain",
        "Partial Mode": "Simple",
        "Parallel Aware": false,
        "Startup Cost": 40000729359.91,
        "Total Cost": 40000729359.92,
        "Plan Rows": 1,
        "Plan Width": 64,
        "Actual Startup Time": 28491.156,
        "Actual Total Time": 28491.176,
        "Actual Rows": 1,
        "Actual Loops": 1,
        "Output": [
            "min((kt.kind)::text)",
            "min(t.title)"
        ],
        "Plans": [
            {
                "Node Type": "Hash Join",
                "Parent Relationship": "Outer",
                "Parallel Aware": false,
                "Join Type": "Inner",
                "Startup Cost": 40000487747.99,
                "Total Cost": 40000729359.91,
                "Plan Rows": 1,
                "Plan Width": 27,
                "Actual Startup Time": 7499.259,
                "Actual Total Time": 28491.021,
                "Actual Rows": 618,
                "Actual Loops": 1,
                "Output": [
                    "kt.kind",
                    "t.title"
                ],
                "Inner Unique": true,
                "Hash Cond": "(mi.info_type_id = it1.id)",
                "Plans": [
                    {
                        "Node Type": "Nested Loop",
                        "Parent Relationship": "Outer",
                        "Parallel Aware": false,
                        "Join Type": "Inner",
                        "Startup Cost": 30000487733.85,
                        "Total Cost": 30000729345.68,
                        "Plan Rows": 37,
                        "Plan Width": 31,
                        "Actual Startup Time": 7499.212,
                        "Actual Total Time": 28490.819,
                        "Actual Rows": 618,
                        "Actual Loops": 1,
                        "Output": [
                            "mi.info_type_id",
                            "t.title",
                            "kt.kind"
                        ],
                        "Inner Unique": false,
                        "Join Filter": "(t.id = mi.movie_id)",
                        "Rows Removed by Join Filter": 0,
                        "Plans": [
                            {
                                "Node Type": "Merge Join",
                                "Parent Relationship": "Outer",
                                "Parallel Aware": false,
                                "Join Type": "Inner",
                                "Startup Cost": 20000487733.08,
                                "Total Cost": 20000488394.24,
                                "Plan Rows": 43273,
                                "Plan Width": 43,
                                "Actual Startup Time": 4787.887,
                                "Actual Total Time": 5080.265,
                                "Actual Rows": 540126,
                                "Actual Loops": 1,
                                "Output": [
                                    "cc.movie_id",
                                    "mc.movie_id",
                                    "mk.movie_id",
                                    "t.title",
                                    "t.id",
                                    "kt.kind"
                                ],
                                "Inner Unique": true,
                                "Merge Cond": "(mc.company_type_id = ct.id)",
                                "Plans": [
                                    {
                                        "Node Type": "Sort",
                                        "Parent Relationship": "Outer",
                                        "Parallel Aware": false,
                                        "Startup Cost": 20000487732.95,
                                        "Total Cost": 20000487841.13,
                                        "Plan Rows": 43273,
                                        "Plan Width": 47,
                                        "Actual Startup Time": 4787.869,
                                        "Actual Total Time": 4912.168,
                                        "Actual Rows": 540126,
                                        "Actual Loops": 1,
                                        "Output": [
                                            "cc.movie_id",
                                            "mc.movie_id",
                                            "mc.company_type_id",
                                            "mk.movie_id",
                                            "t.title",
                                            "t.id",
                                            "kt.kind"
                                        ],
                                        "Sort Key": [
                                            "mc.company_type_id"
                                        ],
                                        "Sort Method": "quicksort",
                                        "Sort Space Used": 74168,
                                        "Sort Space Type": "Memory",
                                        "Plans": [
                                            {
                                                "Node Type": "Merge Join",
                                                "Parent Relationship": "Outer",
                                                "Parallel Aware": false,
                                                "Join Type": "Inner",
                                                "Startup Cost": 20000470724.84,
                                                "Total Cost": 20000484400.67,
                                                "Plan Rows": 43273,
                                                "Plan Width": 47,
                                                "Actual Startup Time": 3682.7,
                                                "Actual Total Time": 4655.59,
                                                "Actual Rows": 540126,
                                                "Actual Loops": 1,
                                                "Output": [
                                                    "cc.movie_id",
                                                    "mc.movie_id",
                                                    "mc.company_type_id",
                                                    "mk.movie_id",
                                                    "t.title",
                                                    "t.id",
                                                    "kt.kind"
                                                ],
                                                "Inner Unique": true,
                                                "Merge Cond": "(mc.company_id = cn.id)",
                                                "Plans": [
                                                    {
                                                        "Node Type": "Sort",
                                                        "Parent Relationship": "Outer",
                                                        "Parallel Aware": false,
                                                        "Startup Cost": 20000470709.66,
                                                        "Total Cost": 20000471011.23,
                                                        "Plan Rows": 120629,
                                                        "Plan Width": 51,
                                                        "Actual Startup Time": 3682.617,
                                                        "Actual Total Time": 4228.469,
                                                        "Actual Rows": 2373159,
                                                        "Actual Loops": 1,
                                                        "Output": [
                                                            "cc.movie_id",
                                                            "mc.movie_id",
                                                            "mc.company_id",
                                                            "mc.company_type_id",
                                                            "mk.movie_id",
                                                            "t.title",
                                                            "t.id",
                                                            "kt.kind"
                                                        ],
                                                        "Sort Key": [
                                                            "mc.company_id"
                                                        ],
                                                        "Sort Method": "quicksort",
                                                        "Sort Space Used": 341430,
                                                        "Sort Space Type": "Memory",
                                                        "Plans": [
                                                            {
                                                                "Node Type": "Nested Loop",
                                                                "Parent Relationship": "Outer",
                                                                "Parallel Aware": false,
                                                                "Join Type": "Inner",
                                                                "Startup Cost": 20000385050.09,
                                                                "Total Cost": 20000460528.44,
                                                                "Plan Rows": 120629,
                                                                "Plan Width": 51,
                                                                "Actual Startup Time": 1919.692,
                                                                "Actual Total Time": 3016.221,
                                                                "Actual Rows": 2373159,
                                                                "Actual Loops": 1,
                                                                "Output": [
                                                                    "cc.movie_id",
                                                                    "mc.movie_id",
                                                                    "mc.company_id",
                                                                    "mc.company_type_id",
                                                                    "mk.movie_id",
                                                                    "t.title",
                                                                    "t.id",
                                                                    "kt.kind"
                                                                ],
                                                                "Inner Unique": false,
                                                                "Join Filter": "(t.id = mc.movie_id)",
                                                                "Rows Removed by Join Filter": 0,
                                                                "Plans": [
                                                                    {
                                                                        "Node Type": "Hash Join",
                                                                        "Parent Relationship": "Outer",
                                                                        "Parallel Aware": false,
                                                                        "Join Type": "Inner",
                                                                        "Startup Cost": 20000385049.66,
                                                                        "Total Cost": 20000394611.49,
                                                                        "Plan Rows": 108948,
                                                                        "Plan Width": 39,
                                                                        "Actual Startup Time": 1919.615,
                                                                        "Actual Total Time": 2117.435,
                                                                        "Actual Rows": 87972,
                                                                        "Actual Loops": 1,
                                                                        "Output": [
                                                                            "cc.movie_id",
                                                                            "mk.movie_id",
                                                                            "t.title",
                                                                            "t.id",
                                                                            "kt.kind"
                                                                        ],
                                                                        "Inner Unique": true,
                                                                        "Hash Cond": "(cc.status_id = cct1.id)",
                                                                        "Plans": [
                                                                            {
                                                                                "Node Type": "Merge Join",
                                                                                "Parent Relationship": "Outer",
                                                                                "Parallel Aware": false,
                                                                                "Join Type": "Inner",
                                                                                "Startup Cost": 10000385037.44,
                                                                                "Total Cost": 10000392243.3,
                                                                                "Plan Rows": 435787,
                                                                                "Plan Width": 43,
                                                                                "Actual Startup Time": 1919.587,
                                                                                "Actual Total Time": 2088.147,
                                                                                "Actual Rows": 277496,
                                                                                "Actual Loops": 1,
                                                                                "Output": [
                                                                                    "cc.movie_id",
                                                                                    "cc.status_id",
                                                                                    "mk.movie_id",
                                                                                    "t.title",
                                                                                    "t.id",
                                                                                    "kt.kind"
                                                                                ],
                                                                                "Inner Unique": false,
                                                                                "Merge Cond": "(k.id = mk.keyword_id)",
                                                                                "Plans": [
                                                                                    {
                                                                                        "Node Type": "Sort",
                                                                                        "Parent Relationship": "Outer",
                                                                                        "Parallel Aware": false,
                                                                                        "Startup Cost": 13717.76,
                                                                                        "Total Cost": 14053.18,
                                                                                        "Plan Rows": 134170,
                                                                                        "Plan Width": 4,
                                                                                        "Actual Startup Time": 38.49,
                                                                                        "Actual Total Time": 60.026,
                                                                                        "Actual Rows": 134045,
                                                                                        "Actual Loops": 1,
                                                                                        "Output": [
                                                                                            "k.id"
                                                                                        ],
                                                                                        "Sort Key": [
                                                                                            "k.id"
                                                                                        ],
                                                                                        "Sort Method": "quicksort",
                                                                                        "Sort Space Used": 12434,
                                                                                        "Sort Space Type": "Memory",
                                                                                        "Plans": [
                                                                                            {
                                                                                                "Node Type": "Seq Scan",
                                                                                                "Parent Relationship": "Outer",
                                                                                                "Parallel Aware": false,
                                                                                                "Relation Name": "keyword",
                                                                                                "Schema": "public",
                                                                                                "Alias": "k",
                                                                                                "Startup Cost": 0.0,
                                                                                                "Total Cost": 2290.7,
                                                                                                "Plan Rows": 134170,
                                                                                                "Plan Width": 4,
                                                                                                "Actual Startup Time": 0.012,
                                                                                                "Actual Total Time": 12.569,
                                                                                                "Actual Rows": 134170,
                                                                                                "Actual Loops": 1,
                                                                                                "Output": [
                                                                                                    "k.id"
                                                                                                ]
                                                                                            }
                                                                                        ]
                                                                                    },
                                                                                    {
                                                                                        "Node Type": "Sort",
                                                                                        "Parent Relationship": "Inner",
                                                                                        "Parallel Aware": false,
                                                                                        "Startup Cost": 10000371319.62,
                                                                                        "Total Cost": 10000372409.09,
                                                                                        "Plan Rows": 435787,
                                                                                        "Plan Width": 47,
                                                                                        "Actual Startup Time": 1881.086,
                                                                                        "Actual Total Time": 1959.394,
                                                                                        "Actual Rows": 277496,
                                                                                        "Actual Loops": 1,
                                                                                        "Output": [
                                                                                            "cc.movie_id",
                                                                                            "cc.status_id",
                                                                                            "mk.movie_id",
                                                                                            "mk.keyword_id",
                                                                                            "t.title",
                                                                                            "t.id",
                                                                                            "kt.kind"
                                                                                        ],
                                                                                        "Sort Key": [
                                                                                            "mk.keyword_id"
                                                                                        ],
                                                                                        "Sort Method": "quicksort",
                                                                                        "Sort Space Used": 37478,
                                                                                        "Sort Space Type": "Memory",
                                                                                        "Plans": [
                                                                                            {
                                                                                                "Node Type": "Hash Join",
                                                                                                "Parent Relationship": "Outer",
                                                                                                "Parallel Aware": false,
                                                                                                "Join Type": "Inner",
                                                                                                "Startup Cost": 10000240774.74,
                                                                                                "Total Cost": 10000330501.05,
                                                                                                "Plan Rows": 435787,
                                                                                                "Plan Width": 47,
                                                                                                "Actual Startup Time": 1572.717,
                                                                                                "Actual Total Time": 1810.484,
                                                                                                "Actual Rows": 277496,
                                                                                                "Actual Loops": 1,
                                                                                                "Output": [
                                                                                                    "cc.movie_id",
                                                                                                    "cc.status_id",
                                                                                                    "mk.movie_id",
                                                                                                    "mk.keyword_id",
                                                                                                    "t.title",
                                                                                                    "t.id",
                                                                                                    "kt.kind"
                                                                                                ],
                                                                                                "Inner Unique": false,
                                                                                                "Hash Cond": "(t.id = mk.movie_id)",
                                                                                                "Plans": [
                                                                                                    {
                                                                                                        "Node Type": "Hash Join",
                                                                                                        "Parent Relationship": "Outer",
                                                                                                        "Parallel Aware": false,
                                                                                                        "Join Type": "Inner",
                                                                                                        "Startup Cost": 10000007048.16,
                                                                                                        "Total Cost": 10000082140.31,
                                                                                                        "Plan Rows": 9578,
                                                                                                        "Plan Width": 39,
                                                                                                        "Actual Startup Time": 268.399,
                                                                                                        "Actual Total Time": 476.843,
                                                                                                        "Actual Rows": 4979,
                                                                                                        "Actual Loops": 1,
                                                                                                        "Output": [
                                                                                                            "cc.movie_id",
                                                                                                            "cc.status_id",
                                                                                                            "t.title",
                                                                                                            "t.id",
                                                                                                            "kt.kind"
                                                                                                        ],
                                                                                                        "Inner Unique": false,
                                                                                                        "Hash Cond": "(t.id = cc.movie_id)",
                                                                                                        "Plans": [
                                                                                                            {
                                                                                                                "Node Type": "Hash Join",
                                                                                                                "Parent Relationship": "Outer",
                                                                                                                "Parallel Aware": false,
                                                                                                                "Join Type": "Inner",
                                                                                                                "Startup Cost": 1.1,
                                                                                                                "Total Cost": 74101.19,
                                                                                                                "Plan Rows": 179257,
                                                                                                                "Plan Width": 31,
                                                                                                                "Actual Startup Time": 12.906,
                                                                                                                "Actual Total Time": 379.603,
                                                                                                                "Actual Rows": 255571,
                                                                                                                "Actual Loops": 1,
                                                                                                                "Output": [
                                                                                                                    "kt.kind",
                                                                                                                    "t.title",
                                                                                                                    "t.id"
                                                                                                                ],
                                                                                                                "Inner Unique": false,
                                                                                                                "Hash Cond": "(t.kind_id = kt.id)",
                                                                                                                "Plans": [
                                                                                                                    {
                                                                                                                        "Node Type": "Seq Scan",
                                                                                                                        "Parent Relationship": "Outer",
                                                                                                                        "Parallel Aware": false,
                                                                                                                        "Relation Name": "title",
                                                                                                                        "Schema": "public",
                                                                                                                        "Alias": "t",
                                                                                                                        "Startup Cost": 0.0,
                                                                                                                        "Total Cost": 67602.02,
                                                                                                                        "Plan Rows": 1254799,
                                                                                                                        "Plan Width": 25,
                                                                                                                        "Actual Startup Time": 0.021,
                                                                                                                        "Actual Total Time": 290.323,
                                                                                                                        "Actual Rows": 1260295,
                                                                                                                        "Actual Loops": 1,
                                                                                                                        "Output": [
                                                                                                                            "t.id",
                                                                                                                            "t.title",
                                                                                                                            "t.imdb_index",
                                                                                                                            "t.kind_id",
                                                                                                                            "t.production_year",
                                                                                                                            "t.imdb_id",
                                                                                                                            "t.phonetic_code",
                                                                                                                            "t.episode_of_id",
                                                                                                                            "t.season_nr",
                                                                                                                            "t.episode_nr",
                                                                                                                            "t.series_years",
                                                                                                                            "t.md5sum"
                                                                                                                        ],
                                                                                                                        "Filter": "(t.production_year > 2002)",
                                                                                                                        "Rows Removed by Filter": 1268017
                                                                                                                    },
                                                                                                                    {
                                                                                                                        "Node Type": "Hash",
                                                                                                                        "Parent Relationship": "Inner",
                                                                                                                        "Parallel Aware": false,
                                                                                                                        "Startup Cost": 1.09,
                                                                                                                        "Total Cost": 1.09,
                                                                                                                        "Plan Rows": 1,
                                                                                                                        "Plan Width": 14,
                                                                                                                        "Actual Startup Time": 0.012,
                                                                                                                        "Actual Total Time": 0.013,
                                                                                                                        "Actual Rows": 1,
                                                                                                                        "Actual Loops": 1,
                                                                                                                        "Output": [
                                                                                                                            "kt.kind",
                                                                                                                            "kt.id"
                                                                                                                        ],
                                                                                                                        "Hash Buckets": 1024,
                                                                                                                        "Original Hash Buckets": 1024,
                                                                                                                        "Hash Batches": 1,
                                                                                                                        "Original Hash Batches": 1,
                                                                                                                        "Peak Memory Usage": 9,
                                                                                                                        "Plans": [
                                                                                                                            {
                                                                                                                                "Node Type": "Seq Scan",
                                                                                                                                "Parent Relationship": "Outer",
                                                                                                                                "Parallel Aware": false,
                                                                                                                                "Relation Name": "kind_type",
                                                                                                                                "Schema": "public",
                                                                                                                                "Alias": "kt",
                                                                                                                                "Startup Cost": 0.0,
                                                                                                                                "Total Cost": 1.09,
                                                                                                                                "Plan Rows": 1,
                                                                                                                                "Plan Width": 14,
                                                                                                                                "Actual Startup Time": 0.009,
                                                                                                                                "Actual Total Time": 0.01,
                                                                                                                                "Actual Rows": 1,
                                                                                                                                "Actual Loops": 1,
                                                                                                                                "Output": [
                                                                                                                                    "kt.kind",
                                                                                                                                    "kt.id"
                                                                                                                                ],
                                                                                                                                "Filter": "((kt.kind)::text = 'movie'::text)",
                                                                                                                                "Rows Removed by Filter": 6
                                                                                                                            }
                                                                                                                        ]
                                                                                                                    }
                                                                                                                ]
                                                                                                            },
                                                                                                            {
                                                                                                                "Node Type": "Hash",
                                                                                                                "Parent Relationship": "Inner",
                                                                                                                "Parallel Aware": false,
                                                                                                                "Startup Cost": 10000005358.48,
                                                                                                                "Total Cost": 10000005358.48,
                                                                                                                "Plan Rows": 135086,
                                                                                                                "Plan Width": 8,
                                                                                                                "Actual Startup Time": 38.913,
                                                                                                                "Actual Total Time": 38.915,
                                                                                                                "Actual Rows": 135086,
                                                                                                                "Actual Loops": 1,
                                                                                                                "Output": [
                                                                                                                    "cc.movie_id",
                                                                                                                    "cc.status_id"
                                                                                                                ],
                                                                                                                "Hash Buckets": 262144,
                                                                                                                "Original Hash Buckets": 262144,
                                                                                                                "Hash Batches": 1,
                                                                                                                "Original Hash Batches": 1,
                                                                                                                "Peak Memory Usage": 7325,
                                                                                                                "Plans": [
                                                                                                                    {
                                                                                                                        "Node Type": "Index Scan",
                                                                                                                        "Parent Relationship": "Outer",
                                                                                                                        "Parallel Aware": false,
                                                                                                                        "Scan Direction": "Forward",
                                                                                                                        "Index Name": "status_id_complete_cast",
                                                                                                                        "Relation Name": "complete_cast",
                                                                                                                        "Schema": "public",
                                                                                                                        "Alias": "cc",
                                                                                                                        "Startup Cost": 10000000000.42,
                                                                                                                        "Total Cost": 10000005358.48,
                                                                                                                        "Plan Rows": 135086,
                                                                                                                        "Plan Width": 8,
                                                                                                                        "Actual Startup Time": 0.024,
                                                                                                                        "Actual Total Time": 21.855,
                                                                                                                        "Actual Rows": 135086,
                                                                                                                        "Actual Loops": 1,
                                                                                                                        "Output": [
                                                                                                                            "cc.movie_id",
                                                                                                                            "cc.status_id"
                                                                                                                        ]
                                                                                                                    }
                                                                                                                ]
                                                                                                            }
                                                                                                        ]
                                                                                                    },
                                                                                                    {
                                                                                                        "Node Type": "Hash",
                                                                                                        "Parent Relationship": "Inner",
                                                                                                        "Parallel Aware": false,
                                                                                                        "Startup Cost": 177177.46,
                                                                                                        "Total Cost": 177177.46,
                                                                                                        "Plan Rows": 4523930,
                                                                                                        "Plan Width": 8,
                                                                                                        "Actual Startup Time": 1294.742,
                                                                                                        "Actual Total Time": 1294.743,
                                                                                                        "Actual Rows": 4523930,
                                                                                                        "Actual Loops": 1,
                                                                                                        "Output": [
                                                                                                            "mk.movie_id",
                                                                                                            "mk.keyword_id"
                                                                                                        ],
                                                                                                        "Hash Buckets": 8388608,
                                                                                                        "Original Hash Buckets": 8388608,
                                                                                                        "Hash Batches": 1,
                                                                                                        "Original Hash Batches": 1,
                                                                                                        "Peak Memory Usage": 242253,
                                                                                                        "Plans": [
                                                                                                            {
                                                                                                                "Node Type": "Index Scan",
                                                                                                                "Parent Relationship": "Outer",
                                                                                                                "Parallel Aware": false,
                                                                                                                "Scan Direction": "Forward",
                                                                                                                "Index Name": "movie_id_movie_keyword",
                                                                                                                "Relation Name": "movie_keyword",
                                                                                                                "Schema": "public",
                                                                                                                "Alias": "mk",
                                                                                                                "Startup Cost": 0.43,
                                                                                                                "Total Cost": 177177.46,
                                                                                                                "Plan Rows": 4523930,
                                                                                                                "Plan Width": 8,
                                                                                                                "Actual Startup Time": 0.029,
                                                                                                                "Actual Total Time": 728.751,
                                                                                                                "Actual Rows": 4523930,
                                                                                                                "Actual Loops": 1,
                                                                                                                "Output": [
                                                                                                                    "mk.movie_id",
                                                                                                                    "mk.keyword_id"
                                                                                                                ]
                                                                                                            }
                                                                                                        ]
                                                                                                    }
                                                                                                ]
                                                                                            }
                                                                                        ]
                                                                                    }
                                                                                ]
                                                                            },
                                                                            {
                                                                                "Node Type": "Hash",
                                                                                "Parent Relationship": "Inner",
                                                                                "Parallel Aware": false,
                                                                                "Startup Cost": 10000000012.2,
                                                                                "Total Cost": 10000000012.2,
                                                                                "Plan Rows": 1,
                                                                                "Plan Width": 4,
                                                                                "Actual Startup Time": 0.01,
                                                                                "Actual Total Time": 0.011,
                                                                                "Actual Rows": 1,
                                                                                "Actual Loops": 1,
                                                                                "Output": [
                                                                                    "cct1.id"
                                                                                ],
                                                                                "Hash Buckets": 1024,
                                                                                "Original Hash Buckets": 1024,
                                                                                "Hash Batches": 1,
                                                                                "Original Hash Batches": 1,
                                                                                "Peak Memory Usage": 9,
                                                                                "Plans": [
                                                                                    {
                                                                                        "Node Type": "Index Scan",
                                                                                        "Parent Relationship": "Outer",
                                                                                        "Parallel Aware": false,
                                                                                        "Scan Direction": "Forward",
                                                                                        "Index Name": "comp_cast_type_pkey",
                                                                                        "Relation Name": "comp_cast_type",
                                                                                        "Schema": "public",
                                                                                        "Alias": "cct1",
                                                                                        "Startup Cost": 10000000000.13,
                                                                                        "Total Cost": 10000000012.2,
                                                                                        "Plan Rows": 1,
                                                                                        "Plan Width": 4,
                                                                                        "Actual Startup Time": 0.009,
                                                                                        "Actual Total Time": 0.009,
                                                                                        "Actual Rows": 1,
                                                                                        "Actual Loops": 1,
                                                                                        "Output": [
                                                                                            "cct1.id"
                                                                                        ],
                                                                                        "Filter": "((cct1.kind)::text = 'complete+verified'::text)",
                                                                                        "Rows Removed by Filter": 3
                                                                                    }
                                                                                ]
                                                                            }
                                                                        ]
                                                                    },
                                                                    {
                                                                        "Node Type": "Index Scan",
                                                                        "Parent Relationship": "Inner",
                                                                        "Parallel Aware": false,
                                                                        "Scan Direction": "Forward",
                                                                        "Index Name": "movie_id_movie_companies",
                                                                        "Relation Name": "movie_companies",
                                                                        "Schema": "public",
                                                                        "Alias": "mc",
                                                                        "Startup Cost": 0.43,
                                                                        "Total Cost": 0.54,
                                                                        "Plan Rows": 5,
                                                                        "Plan Width": 12,
                                                                        "Actual Startup Time": 0.003,
                                                                        "Actual Total Time": 0.007,
                                                                        "Actual Rows": 27,
                                                                        "Actual Loops": 87972,
                                                                        "Output": [
                                                                            "mc.id",
                                                                            "mc.movie_id",
                                                                            "mc.company_id",
                                                                            "mc.company_type_id",
                                                                            "mc.note"
                                                                        ],
                                                                        "Index Cond": "(mc.movie_id = mk.movie_id)",
                                                                        "Rows Removed by Index Recheck": 0
                                                                    }
                                                                ]
                                                            }
                                                        ]
                                                    },
                                                    {
                                                        "Node Type": "Index Scan",
                                                        "Parent Relationship": "Inner",
                                                        "Parallel Aware": false,
                                                        "Scan Direction": "Forward",
                                                        "Index Name": "company_name_pkey",
                                                        "Relation Name": "company_name",
                                                        "Schema": "public",
                                                        "Alias": "cn",
                                                        "Startup Cost": 0.42,
                                                        "Total Cost": 12454.44,
                                                        "Plan Rows": 84301,
                                                        "Plan Width": 4,
                                                        "Actual Startup Time": 0.045,
                                                        "Actual Total Time": 129.861,
                                                        "Actual Rows": 84800,
                                                        "Actual Loops": 1,
                                                        "Output": [
                                                            "cn.id",
                                                            "cn.name",
                                                            "cn.country_code",
                                                            "cn.imdb_id",
                                                            "cn.name_pcode_nf",
                                                            "cn.name_pcode_sf",
                                                            "cn.md5sum"
                                                        ],
                                                        "Filter": "((cn.country_code)::text = '[us]'::text)",
                                                        "Rows Removed by Filter": 149681
                                                    }
                                                ]
                                            }
                                        ]
                                    },
                                    {
                                        "Node Type": "Index Scan",
                                        "Parent Relationship": "Inner",
                                        "Parallel Aware": false,
                                        "Scan Direction": "Forward",
                                        "Index Name": "company_type_pkey",
                                        "Relation Name": "company_type",
                                        "Schema": "public",
                                        "Alias": "ct",
                                        "Startup Cost": 0.13,
                                        "Total Cost": 12.19,
                                        "Plan Rows": 4,
                                        "Plan Width": 4,
                                        "Actual Startup Time": 0.014,
                                        "Actual Total Time": 0.018,
                                        "Actual Rows": 2,
                                        "Actual Loops": 1,
                                        "Output": [
                                            "ct.id",
                                            "ct.kind"
                                        ]
                                    }
                                ]
                            },
                            {
                                "Node Type": "Bitmap Heap Scan",
                                "Parent Relationship": "Inner",
                                "Parallel Aware": false,
                                "Relation Name": "movie_info",
                                "Schema": "public",
                                "Alias": "mi",
                                "Startup Cost": 0.78,
                                "Total Cost": 5.56,
                                "Plan Rows": 1,
                                "Plan Width": 8,
                                "Actual Startup Time": 0.041,
                                "Actual Total Time": 0.041,
                                "Actual Rows": 0,
                                "Actual Loops": 540126,
                                "Output": [
                                    "mi.id",
                                    "mi.movie_id",
                                    "mi.info_type_id",
                                    "mi.info",
                                    "mi.note"
                                ],
                                "Recheck Cond": "(mi.movie_id = mk.movie_id)",
                                "Rows Removed by Index Recheck": 0,
                                "Filter": "((mi.info IS NOT NULL) AND (mi.note ~~ '%internet%'::text) AND ((mi.info ~~ 'USA:% 199%'::text) OR (mi.info ~~ 'USA:% 200%'::text)))",
                                "Rows Removed by Filter": 275,
                                "Exact Heap Blocks": 13944044,
                                "Lossy Heap Blocks": 0,
                                "Plans": [
                                    {
                                        "Node Type": "Bitmap Index Scan",
                                        "Parent Relationship": "Outer",
                                        "Parallel Aware": false,
                                        "Index Name": "movie_id_movie_info",
                                        "Startup Cost": 0.0,
                                        "Total Cost": 0.78,
                                        "Plan Rows": 39,
                                        "Plan Width": 0,
                                        "Actual Startup Time": 0.009,
                                        "Actual Total Time": 0.009,
                                        "Actual Rows": 275,
                                        "Actual Loops": 540126,
                                        "Index Cond": "(mi.movie_id = mk.movie_id)"
                                    }
                                ]
                            }
                        ]
                    },
                    {
                        "Node Type": "Hash",
                        "Parent Relationship": "Inner",
                        "Parallel Aware": false,
                        "Startup Cost": 10000000014.12,
                        "Total Cost": 10000000014.12,
                        "Plan Rows": 1,
                        "Plan Width": 4,
                        "Actual Startup Time": 0.037,
                        "Actual Total Time": 0.038,
                        "Actual Rows": 1,
                        "Actual Loops": 1,
                        "Output": [
                            "it1.id"
                        ],
                        "Hash Buckets": 1024,
                        "Original Hash Buckets": 1024,
                        "Hash Batches": 1,
                        "Original Hash Batches": 1,
                        "Peak Memory Usage": 9,
                        "Plans": [
                            {
                                "Node Type": "Index Scan",
                                "Parent Relationship": "Outer",
                                "Parallel Aware": false,
                                "Scan Direction": "Forward",
                                "Index Name": "info_type_pkey",
                                "Relation Name": "info_type",
                                "Schema": "public",
                                "Alias": "it1",
                                "Startup Cost": 10000000000.14,
                                "Total Cost": 10000000014.12,
                                "Plan Rows": 1,
                                "Plan Width": 4,
                                "Actual Startup Time": 0.02,
                                "Actual Total Time": 0.034,
                                "Actual Rows": 1,
                                "Actual Loops": 1,
                                "Output": [
                                    "it1.id"
                                ],
                                "Filter": "((it1.info)::text = 'release dates'::text)",
                                "Rows Removed by Filter": 112
                            }
                        ]
                    }
                ]
            }
        ]
    },
    "Planning Time": 32.797,
    "Triggers": [],
    "Execution Time": 28508.591
}