[
    {
        "Bao": {
            "Bao prediction": "NaN",
            "Bao recommended hint": "(no hint)"
        }
    },
    {
        "Plan": {
            "Node Type": "Aggregate",
            "Strategy": "Plain",
            "Partial Mode": "Finalize",
            "Parallel Aware": false,
            "Startup Cost": 306419.52,
            "Total Cost": 306419.53,
            "Plan Rows": 1,
            "Plan Width": 8,
            "Actual Startup Time": 187.454,
            "Actual Total Time": 193.58,
            "Actual Rows": 1,
            "Actual Loops": 1,
            "Output": [
                "count(*)"
            ],
            "Plans": [
                {
                    "Node Type": "Gather",
                    "Parent Relationship": "Outer",
                    "Parallel Aware": false,
                    "Startup Cost": 306418.9,
                    "Total Cost": 306419.51,
                    "Plan Rows": 6,
                    "Plan Width": 8,
                    "Actual Startup Time": 187.002,
                    "Actual Total Time": 193.572,
                    "Actual Rows": 7,
                    "Actual Loops": 1,
                    "Output": [
                        "(PARTIAL count(*))"
                    ],
                    "Workers Planned": 6,
                    "Workers Launched": 6,
                    "Single Copy": false,
                    "Plans": [
                        {
                            "Node Type": "Aggregate",
                            "Strategy": "Plain",
                            "Partial Mode": "Partial",
                            "Parent Relationship": "Outer",
                            "Parallel Aware": false,
                            "Startup Cost": 305418.9,
                            "Total Cost": 305418.91,
                            "Plan Rows": 1,
                            "Plan Width": 8,
                            "Actual Startup Time": 176.598,
                            "Actual Total Time": 176.599,
                            "Actual Rows": 1,
                            "Actual Loops": 7,
                            "Output": [
                                "PARTIAL count(*)"
                            ],
                            "Workers": [
                                {
                                    "Worker Number": 0,
                                    "Actual Startup Time": 174.004,
                                    "Actual Total Time": 174.006,
                                    "Actual Rows": 1,
                                    "Actual Loops": 1
                                },
                                {
                                    "Worker Number": 1,
                                    "Actual Startup Time": 174.496,
                                    "Actual Total Time": 174.497,
                                    "Actual Rows": 1,
                                    "Actual Loops": 1
                                },
                                {
                                    "Worker Number": 2,
                                    "Actual Startup Time": 174.796,
                                    "Actual Total Time": 174.798,
                                    "Actual Rows": 1,
                                    "Actual Loops": 1
                                },
                                {
                                    "Worker Number": 3,
                                    "Actual Startup Time": 175.194,
                                    "Actual Total Time": 175.195,
                                    "Actual Rows": 1,
                                    "Actual Loops": 1
                                },
                                {
                                    "Worker Number": 4,
                                    "Actual Startup Time": 175.393,
                                    "Actual Total Time": 175.394,
                                    "Actual Rows": 1,
                                    "Actual Loops": 1
                                },
                                {
                                    "Worker Number": 5,
                                    "Actual Startup Time": 175.719,
                                    "Actual Total Time": 175.721,
                                    "Actual Rows": 1,
                                    "Actual Loops": 1
                                }
                            ],
                            "Plans": [
                                {
                                    "Node Type": "Bitmap Heap Scan",
                                    "Parent Relationship": "Outer",
                                    "Parallel Aware": true,
                                    "Relation Name": "cast_info",
                                    "Schema": "public",
                                    "Alias": "ci",
                                    "Startup Cost": 47368.16,
                                    "Total Cost": 304524.94,
                                    "Plan Rows": 357583,
                                    "Plan Width": 0,
                                    "Actual Startup Time": 69.837,
                                    "Actual Total Time": 159.941,
                                    "Actual Rows": 319860,
                                    "Actual Loops": 7,
                                    "Recheck Cond": "(ci.person_id > 3624264)",
                                    "Rows Removed by Index Recheck": 0,
                                    "Exact Heap Blocks": 8098,
                                    "Lossy Heap Blocks": 0,
                                    "Workers": [
                                        {
                                            "Worker Number": 0,
                                            "Actual Startup Time": 67.481,
                                            "Actual Total Time": 157.054,
                                            "Actual Rows": 219347,
                                            "Actual Loops": 1
                                        },
                                        {
                                            "Worker Number": 1,
                                            "Actual Startup Time": 68.265,
                                            "Actual Total Time": 159.136,
                                            "Actual Rows": 283884,
                                            "Actual Loops": 1
                                        },
                                        {
                                            "Worker Number": 2,
                                            "Actual Startup Time": 67.889,
                                            "Actual Total Time": 158.452,
                                            "Actual Rows": 308076,
                                            "Actual Loops": 1
                                        },
                                        {
                                            "Worker Number": 3,
                                            "Actual Startup Time": 68.415,
                                            "Actual Total Time": 159.822,
                                            "Actual Rows": 287177,
                                            "Actual Loops": 1
                                        },
                                        {
                                            "Worker Number": 4,
                                            "Actual Startup Time": 68.725,
                                            "Actual Total Time": 160.07,
                                            "Actual Rows": 283799,
                                            "Actual Loops": 1
                                        },
                                        {
                                            "Worker Number": 5,
                                            "Actual Startup Time": 68.822,
                                            "Actual Total Time": 159.288,
                                            "Actual Rows": 308805,
                                            "Actual Loops": 1
                                        }
                                    ],
                                    "Plans": [
                                        {
                                            "Node Type": "Bitmap Index Scan",
                                            "Parent Relationship": "Outer",
                                            "Parallel Aware": false,
                                            "Index Name": "person_id_cast_info",
                                            "Startup Cost": 0.0,
                                            "Total Cost": 46831.79,
                                            "Plan Rows": 2145496,
                                            "Plan Width": 0,
                                            "Actual Startup Time": 74.192,
                                            "Actual Total Time": 74.193,
                                            "Actual Rows": 2239023,
                                            "Actual Loops": 1,
                                            "Index Cond": "(ci.person_id > 3624264)"
                                        }
                                    ]
                                }
                            ]
                        }
                    ]
                }
            ]
        },
        "Planning Time": 177.759,
        "Triggers": [],
        "Execution Time": 193.634
    }
]