{
  "Plan": {
    "Node Type": "Aggregate",
    "Strategy": "Plain",
    "Partial Mode": "Finalize",
    "Parallel Aware": false,
    "Startup Cost": 144185.42,
    "Total Cost": 144185.43,
    "Plan Rows": 1,
    "Plan Width": 8,
    "Actual Startup Time": 1014.757,
    "Actual Total Time": 1038.024,
    "Actual Rows": 1,
    "Actual Loops": 1,
    "Plans": [
      {
        "Node Type": "Gather",
        "Parent Relationship": "Outer",
        "Parallel Aware": false,
        "Startup Cost": 144185.3,
        "Total Cost": 144185.41,
        "Plan Rows": 1,
        "Plan Width": 8,
        "Actual Startup Time": 1009.993,
        "Actual Total Time": 1038.017,
        "Actual Rows": 2,
        "Actual Loops": 1,
        "Workers Planned": 1,
        "Workers Launched": 1,
        "Single Copy": false,
        "Plans": [
          {
            "Node Type": "Aggregate",
            "Strategy": "Plain",
            "Partial Mode": "Partial",
            "Parent Relationship": "Outer",
            "Parallel Aware": false,
            "Startup Cost": 143185.3,
            "Total Cost": 143185.31,
            "Plan Rows": 1,
            "Plan Width": 8,
            "Actual Startup Time": 1003.918,
            "Actual Total Time": 1003.925,
            "Actual Rows": 1,
            "Actual Loops": 2,
            "Plans": [
              {
                "Node Type": "Hash Join",
                "Parent Relationship": "Outer",
                "Parallel Aware": true,
                "Join Type": "Inner",
                "Startup Cost": 121722.0,
                "Total Cost": 142785.76,
                "Plan Rows": 159818,
                "Plan Width": 0,
                "Actual Startup Time": 831.101,
                "Actual Total Time": 980.921,
                "Actual Rows": 566032,
                "Actual Loops": 2,
                "Inner Unique": false,
                "Hash Cond": "(mi_idx.movie_id = t.id)",
                "Plans": [
                  {
                    "Node Type": "Seq Scan",
                    "Parent Relationship": "Outer",
                    "Parallel Aware": true,
                    "Relation Name": "movie_info_idx",
                    "Alias": "mi_idx",
                    "Startup Cost": 0.0,
                    "Total Cost": 18082.32,
                    "Plan Rows": 544356,
                    "Plan Width": 4,
                    "Actual Startup Time": 0.025,
                    "Actual Total Time": 56.041,
                    "Actual Rows": 460055,
                    "Actual Loops": 2,
                    "Filter": "(info_type_id > 99)",
                    "Rows Removed by Filter": 229962
                  },
                  {
                    "Node Type": "Hash",
                    "Parent Relationship": "Inner",
                    "Parallel Aware": true,
                    "Startup Cost": 116264.01,
                    "Total Cost": 116264.01,
                    "Plan Rows": 436639,
                    "Plan Width": 8,
                    "Actual Startup Time": 814.917,
                    "Actual Total Time": 814.922,
                    "Actual Rows": 367622,
                    "Actual Loops": 2,
                    "Hash Buckets": 1048576,
                    "Original Hash Buckets": 1048576,
                    "Hash Batches": 1,
                    "Original Hash Batches": 1,
                    "Peak Memory Usage": 36992,
                    "Plans": [
                      {
                        "Node Type": "Hash Join",
                        "Parent Relationship": "Outer",
                        "Parallel Aware": true,
                        "Join Type": "Inner",
                        "Startup Cost": 85205.85,
                        "Total Cost": 116264.01,
                        "Plan Rows": 436639,
                        "Plan Width": 8,
                        "Actual Startup Time": 560.452,
                        "Actual Total Time": 733.87,
                        "Actual Rows": 367622,
                        "Actual Loops": 2,
                        "Inner Unique": true,
                        "Hash Cond": "(mk.movie_id = t.id)",
                        "Plans": [
                          {
                            "Node Type": "Bitmap Heap Scan",
                            "Parent Relationship": "Outer",
                            "Parallel Aware": true,
                            "Relation Name": "movie_keyword",
                            "Alias": "mk",
                            "Startup Cost": 15745.15,
                            "Total Cost": 45657.13,
                            "Plan Rows": 436639,
                            "Plan Width": 4,
                            "Actual Startup Time": 39.75,
                            "Actual Total Time": 115.46,
                            "Actual Rows": 367622,
                            "Actual Loops": 2,
                            "Recheck Cond": "(keyword_id > 25610)",
                            "Rows Removed by Index Recheck": 0,
                            "Exact Heap Blocks": 12552,
                            "Lossy Heap Blocks": 0,
                            "Plans": [
                              {
                                "Node Type": "Bitmap Index Scan",
                                "Parent Relationship": "Outer",
                                "Parallel Aware": false,
                                "Index Name": "keyword_id_movie_keyword",
                                "Startup Cost": 0.0,
                                "Total Cost": 15559.58,
                                "Plan Rows": 742286,
                                "Plan Width": 0,
                                "Actual Startup Time": 36.207,
                                "Actual Total Time": 36.207,
                                "Actual Rows": 735244,
                                "Actual Loops": 1,
                                "Index Cond": "(keyword_id > 25610)"
                              }
                            ]
                          },
                          {
                            "Node Type": "Hash",
                            "Parent Relationship": "Inner",
                            "Parallel Aware": true,
                            "Startup Cost": 50870.31,
                            "Total Cost": 50870.31,
                            "Plan Rows": 1487231,
                            "Plan Width": 4,
                            "Actual Startup Time": 505.613,
                            "Actual Total Time": 505.614,
                            "Actual Rows": 1264156,
                            "Actual Loops": 2,
                            "Hash Buckets": 4194304,
                            "Original Hash Buckets": 4194304,
                            "Hash Batches": 1,
                            "Original Hash Batches": 1,
                            "Peak Memory Usage": 131712,
                            "Plans": [
                              {
                                "Node Type": "Seq Scan",
                                "Parent Relationship": "Outer",
                                "Parallel Aware": true,
                                "Relation Name": "title",
                                "Alias": "t",
                                "Startup Cost": 0.0,
                                "Total Cost": 50870.31,
                                "Plan Rows": 1487231,
                                "Plan Width": 4,
                                "Actual Startup Time": 0.031,
                                "Actual Total Time": 146.472,
                                "Actual Rows": 1264156,
                                "Actual Loops": 2
                              }
                            ]
                          }
                        ]
                      }
                    ]
                  }
                ]
              }
            ]
          }
        ]
      }
    ]
  },
  "Planning Time": 0.926,
  "Triggers": [],
  "Execution Time": 1038.119
}