[
  {
    "Plan": {
      "Node Type": "Aggregate",
      "Strategy": "Plain",
      "Partial Mode": "Simple",
      "Parallel Aware": false,
      "Startup Cost": 5195.65,
      "Total Cost": 5195.66,
      "Plan Rows": 1,
      "Plan Width": 8,
      "Actual Startup Time": 0.726,
      "Actual Total Time": 0.728,
      "Actual Rows": 1,
      "Actual Loops": 1,
      "Plans": [
        {
          "Node Type": "Nested Loop",
          "Parent Relationship": "Outer",
          "Parallel Aware": false,
          "Join Type": "Inner",
          "Startup Cost": 0.99,
          "Total Cost": 5195.32,
          "Plan Rows": 133,
          "Plan Width": 0,
          "Actual Startup Time": 0.668,
          "Actual Total Time": 0.719,
          "Actual Rows": 4,
          "Actual Loops": 1,
          "Inner Unique": true,
          "Plans": [
            {
              "Node Type": "Index Scan",
              "Parent Relationship": "Outer",
              "Parallel Aware": false,
              "Scan Direction": "Forward",
              "Index Name": "person_id_cast_info",
              "Relation Name": "cast_info",
              "Alias": "ci",
              "Startup Cost": 0.56,
              "Total Cost": 1058.43,
              "Plan Rows": 497,
              "Plan Width": 4,
              "Actual Startup Time": 0.635,
              "Actual Total Time": 0.639,
              "Actual Rows": 4,
              "Actual Loops": 1,
              "Index Cond": "(person_id = 3360198)",
              "Rows Removed by Index Recheck": 0
            },
            {
              "Node Type": "Index Scan",
              "Parent Relationship": "Inner",
              "Parallel Aware": false,
              "Scan Direction": "Forward",
              "Index Name": "title_pkey",
              "Relation Name": "title",
              "Alias": "t",
              "Startup Cost": 0.43,
              "Total Cost": 8.32,
              "Plan Rows": 1,
              "Plan Width": 4,
              "Actual Startup Time": 0.017,
              "Actual Total Time": 0.017,
              "Actual Rows": 1,
              "Actual Loops": 4,
              "Index Cond": "(id = ci.movie_id)",
              "Rows Removed by Index Recheck": 0,
              "Filter": "((kind_id < 7) AND (production_year > 1991))",
              "Rows Removed by Filter": 0
            }
          ]
        }
      ]
    },
    "Planning Time": 0.585,
    "Triggers": [],
    "Execution Time": 0.787
  }
]