[
  {
    "Plan": {
      "Node Type": "Aggregate",
      "Strategy": "Plain",
      "Partial Mode": "Finalize",
      "Parallel Aware": false,
      "Startup Cost": 46729.14,
      "Total Cost": 46729.15,
      "Plan Rows": 1,
      "Plan Width": 8,
      "Actual Startup Time": 201.347,
      "Actual Total Time": 212.017,
      "Actual Rows": 1,
      "Actual Loops": 1,
      "Plans": [
        {
          "Node Type": "Gather",
          "Parent Relationship": "Outer",
          "Parallel Aware": false,
          "Startup Cost": 46728.82,
          "Total Cost": 46729.13,
          "Plan Rows": 3,
          "Plan Width": 8,
          "Actual Startup Time": 201.214,
          "Actual Total Time": 212.005,
          "Actual Rows": 4,
          "Actual Loops": 1,
          "Workers Planned": 3,
          "Workers Launched": 3,
          "Single Copy": false,
          "Plans": [
            {
              "Node Type": "Aggregate",
              "Strategy": "Plain",
              "Partial Mode": "Partial",
              "Parent Relationship": "Outer",
              "Parallel Aware": false,
              "Startup Cost": 45728.82,
              "Total Cost": 45728.83,
              "Plan Rows": 1,
              "Plan Width": 8,
              "Actual Startup Time": 193.39,
              "Actual Total Time": 193.391,
              "Actual Rows": 1,
              "Actual Loops": 4,
              "Plans": [
                {
                  "Node Type": "Seq Scan",
                  "Parent Relationship": "Outer",
                  "Parallel Aware": true,
                  "Relation Name": "movie_keyword",
                  "Alias": "mk",
                  "Startup Cost": 0.0,
                  "Total Cost": 42695.65,
                  "Plan Rows": 1213266,
                  "Plan Width": 0,
                  "Actual Startup Time": 0.125,
                  "Actual Total Time": 144.344,
                  "Actual Rows": 937323,
                  "Actual Loops": 4,
                  "Filter": "(keyword_id > 731)",
                  "Rows Removed by Filter": 193660
                }
              ]
            }
          ]
        }
      ]
    },
    "Planning Time": 0.2,
    "Triggers": [],
    "Execution Time": 212.085
  }
]