[
  {
    "Plan": {
      "Node Type": "Aggregate",
      "Strategy": "Plain",
      "Partial Mode": "Finalize",
      "Parallel Aware": false,
      "Startup Cost": 332712.89,
      "Total Cost": 332712.9,
      "Plan Rows": 1,
      "Plan Width": 8,
      "Actual Startup Time": 605.74,
      "Actual Total Time": 649.703,
      "Actual Rows": 1,
      "Actual Loops": 1,
      "Plans": [
        {
          "Node Type": "Gather",
          "Parent Relationship": "Outer",
          "Parallel Aware": false,
          "Startup Cost": 332712.27,
          "Total Cost": 332712.88,
          "Plan Rows": 6,
          "Plan Width": 8,
          "Actual Startup Time": 605.534,
          "Actual Total Time": 649.683,
          "Actual Rows": 7,
          "Actual Loops": 1,
          "Workers Planned": 6,
          "Workers Launched": 6,
          "Single Copy": false,
          "Plans": [
            {
              "Node Type": "Aggregate",
              "Strategy": "Plain",
              "Partial Mode": "Partial",
              "Parent Relationship": "Outer",
              "Parallel Aware": false,
              "Startup Cost": 331712.27,
              "Total Cost": 331712.28,
              "Plan Rows": 1,
              "Plan Width": 8,
              "Actual Startup Time": 597.296,
              "Actual Total Time": 597.297,
              "Actual Rows": 1,
              "Actual Loops": 7,
              "Plans": [
                {
                  "Node Type": "Seq Scan",
                  "Parent Relationship": "Outer",
                  "Parallel Aware": true,
                  "Relation Name": "cast_info",
                  "Alias": "ci",
                  "Startup Cost": 0.0,
                  "Total Cost": 328211.39,
                  "Plan Rows": 1400350,
                  "Plan Width": 0,
                  "Actual Startup Time": 311.297,
                  "Actual Total Time": 540.816,
                  "Actual Rows": 1188948,
                  "Actual Loops": 7,
                  "Filter": "(person_id > 2850679)",
                  "Rows Removed by Filter": 3988815
                }
              ]
            }
          ]
        }
      ]
    },
    "Planning Time": 0.159,
    "Triggers": [],
    "Execution Time": 649.77
  }
]