{
  "Plan": {
    "Node Type": "Aggregate",
    "Strategy": "Plain",
    "Partial Mode": "Finalize",
    "Parallel Aware": false,
    "Startup Cost": 73932.42,
    "Total Cost": 73932.43,
    "Plan Rows": 1,
    "Plan Width": 8,
    "Actual Startup Time": 115.612,
    "Actual Total Time": 123.919,
    "Actual Rows": 1,
    "Actual Loops": 1,
    "Plans": [
      {
        "Node Type": "Gather",
        "Parent Relationship": "Outer",
        "Parallel Aware": false,
        "Startup Cost": 73932.31,
        "Total Cost": 73932.42,
        "Plan Rows": 1,
        "Plan Width": 8,
        "Actual Startup Time": 115.455,
        "Actual Total Time": 123.913,
        "Actual Rows": 2,
        "Actual Loops": 1,
        "Workers Planned": 1,
        "Workers Launched": 1,
        "Single Copy": false,
        "Plans": [
          {
            "Node Type": "Aggregate",
            "Strategy": "Plain",
            "Partial Mode": "Partial",
            "Parent Relationship": "Outer",
            "Parallel Aware": false,
            "Startup Cost": 72932.31,
            "Total Cost": 72932.32,
            "Plan Rows": 1,
            "Plan Width": 8,
            "Actual Startup Time": 109.409,
            "Actual Total Time": 109.411,
            "Actual Rows": 1,
            "Actual Loops": 2,
            "Plans": [
              {
                "Node Type": "Nested Loop",
                "Parent Relationship": "Outer",
                "Parallel Aware": false,
                "Join Type": "Inner",
                "Startup Cost": 11824.19,
                "Total Cost": 72927.98,
                "Plan Rows": 1731,
                "Plan Width": 0,
                "Actual Startup Time": 40.689,
                "Actual Total Time": 109.199,
                "Actual Rows": 3630,
                "Actual Loops": 2,
                "Inner Unique": false,
                "Plans": [
                  {
                    "Node Type": "Bitmap Heap Scan",
                    "Parent Relationship": "Outer",
                    "Parallel Aware": true,
                    "Relation Name": "title",
                    "Alias": "t",
                    "Startup Cost": 11823.76,
                    "Total Cost": 53674.02,
                    "Plan Rows": 2146,
                    "Plan Width": 4,
                    "Actual Startup Time": 39.848,
                    "Actual Total Time": 93.143,
                    "Actual Rows": 1876,
                    "Actual Loops": 2,
                    "Recheck Cond": "(kind_id = 1)",
                    "Rows Removed by Index Recheck": 0,
                    "Filter": "(production_year = 1965)",
                    "Rows Removed by Filter": 329536,
                    "Exact Heap Blocks": 9322,
                    "Lossy Heap Blocks": 0,
                    "Plans": [
                      {
                        "Node Type": "Bitmap Index Scan",
                        "Parent Relationship": "Outer",
                        "Parallel Aware": false,
                        "Index Name": "kind_id_title",
                        "Startup Cost": 0.0,
                        "Total Cost": 11822.85,
                        "Plan Rows": 663256,
                        "Plan Width": 0,
                        "Actual Startup Time": 42.615,
                        "Actual Total Time": 42.616,
                        "Actual Rows": 662825,
                        "Actual Loops": 1,
                        "Index Cond": "(kind_id = 1)"
                      }
                    ]
                  },
                  {
                    "Node Type": "Index Scan",
                    "Parent Relationship": "Inner",
                    "Parallel Aware": false,
                    "Scan Direction": "Forward",
                    "Index Name": "movie_id_movie_keyword",
                    "Relation Name": "movie_keyword",
                    "Alias": "mk",
                    "Startup Cost": 0.43,
                    "Total Cost": 8.76,
                    "Plan Rows": 21,
                    "Plan Width": 4,
                    "Actual Startup Time": 0.008,
                    "Actual Total Time": 0.008,
                    "Actual Rows": 2,
                    "Actual Loops": 3753,
                    "Index Cond": "(movie_id = t.id)",
                    "Rows Removed by Index Recheck": 0,
                    "Filter": "(keyword_id > 6037)",
                    "Rows Removed by Filter": 2
                  }
                ]
              }
            ]
          }
        ]
      }
    ]
  },
  "Planning Time": 0.441,
  "Triggers": [],
  "Execution Time": 124.007
}