{
    "Plan": {
        "Node Type": "Aggregate",
        "Strategy": "Plain",
        "Partial Mode": "Simple",
        "Parallel Aware": false,
        "Startup Cost": 10000156639.44,
        "Total Cost": 10000156639.45,
        "Plan Rows": 1,
        "Plan Width": 8,
        "Actual Startup Time": 2670.137,
        "Actual Total Time": 2670.142,
        "Actual Rows": 1,
        "Actual Loops": 1,
        "Output": [
            "count(*)"
        ],
        "Plans": [
            {
                "Node Type": "Hash Join",
                "Parent Relationship": "Outer",
                "Parallel Aware": false,
                "Join Type": "Inner",
                "Startup Cost": 10000027700.58,
                "Total Cost": 10000155985.66,
                "Plan Rows": 261510,
                "Plan Width": 0,
                "Actual Startup Time": 251.875,
                "Actual Total Time": 2652.826,
                "Actual Rows": 316298,
                "Actual Loops": 1,
                "Inner Unique": false,
                "Hash Cond": "(t.id = mi_idx.movie_id)",
                "Plans": [
                    {
                        "Node Type": "Index Scan",
                        "Parent Relationship": "Outer",
                        "Parallel Aware": false,
                        "Scan Direction": "Forward",
                        "Index Name": "title_pkey",
                        "Relation Name": "title",
                        "Schema": "public",
                        "Alias": "t",
                        "Startup Cost": 10000000000.43,
                        "Total Cost": 10000116662.9,
                        "Plan Rows": 1441202,
                        "Plan Width": 4,
                        "Actual Startup Time": 0.032,
                        "Actual Total Time": 1840.296,
                        "Actual Rows": 1443298,
                        "Actual Loops": 1,
                        "Output": [
                            "t.id",
                            "t.title",
                            "t.imdb_index",
                            "t.kind_id",
                            "t.production_year",
                            "t.imdb_id",
                            "t.phonetic_code",
                            "t.episode_of_id",
                            "t.season_nr",
                            "t.episode_nr",
                            "t.series_years",
                            "t.md5sum"
                        ],
                        "Filter": "(t.production_year < 2006)",
                        "Rows Removed by Filter": 1085014
                    },
                    {
                        "Node Type": "Hash",
                        "Parent Relationship": "Inner",
                        "Parallel Aware": false,
                        "Startup Cost": 21965.52,
                        "Total Cost": 21965.52,
                        "Plan Rows": 458770,
                        "Plan Width": 4,
                        "Actual Startup Time": 244.548,
                        "Actual Total Time": 244.551,
                        "Actual Rows": 459925,
                        "Actual Loops": 1,
                        "Output": [
                            "mi_idx.movie_id"
                        ],
                        "Hash Buckets": 524288,
                        "Original Hash Buckets": 524288,
                        "Hash Batches": 1,
                        "Original Hash Batches": 1,
                        "Peak Memory Usage": 20266,
                        "Plans": [
                            {
                                "Node Type": "Bitmap Heap Scan",
                                "Parent Relationship": "Outer",
                                "Parallel Aware": false,
                                "Relation Name": "movie_info_idx",
                                "Schema": "public",
                                "Alias": "mi_idx",
                                "Startup Cost": 8295.89,
                                "Total Cost": 21965.52,
                                "Plan Rows": 458770,
                                "Plan Width": 4,
                                "Actual Startup Time": 32.982,
                                "Actual Total Time": 131.116,
                                "Actual Rows": 459925,
                                "Actual Loops": 1,
                                "Output": [
                                    "mi_idx.movie_id"
                                ],
                                "Recheck Cond": "(mi_idx.info_type_id = 99)",
                                "Rows Removed by Index Recheck": 0,
                                "Exact Heap Blocks": 7934,
                                "Lossy Heap Blocks": 0,
                                "Plans": [
                                    {
                                        "Node Type": "Bitmap Index Scan",
                                        "Parent Relationship": "Outer",
                                        "Parallel Aware": false,
                                        "Index Name": "info_type_id_movie_info_idx",
                                        "Startup Cost": 0.0,
                                        "Total Cost": 8181.2,
                                        "Plan Rows": 458770,
                                        "Plan Width": 0,
                                        "Actual Startup Time": 31.5,
                                        "Actual Total Time": 31.5,
                                        "Actual Rows": 459925,
                                        "Actual Loops": 1,
                                        "Index Cond": "(mi_idx.info_type_id = 99)"
                                    }
                                ]
                            }
                        ]
                    }
                ]
            }
        ]
    },
    "Planning Time": 2.518,
    "Triggers": [],
    "Execution Time": 2670.899
}