[
    {
        "Bao": {
            "Bao prediction": "NaN",
            "Bao recommended hint": "(no hint)"
        }
    },
    {
        "Plan": {
            "Node Type": "Aggregate",
            "Strategy": "Plain",
            "Partial Mode": "Simple",
            "Parallel Aware": false,
            "Startup Cost": 255591.57,
            "Total Cost": 255591.58,
            "Plan Rows": 1,
            "Plan Width": 8,
            "Actual Startup Time": 44.34,
            "Actual Total Time": 44.341,
            "Actual Rows": 1,
            "Actual Loops": 1,
            "Output": [
                "count(*)"
            ],
            "Plans": [
                {
                    "Node Type": "Bitmap Heap Scan",
                    "Parent Relationship": "Outer",
                    "Parallel Aware": false,
                    "Relation Name": "cast_info",
                    "Schema": "public",
                    "Alias": "ci",
                    "Startup Cost": 4338.87,
                    "Total Cost": 255100.5,
                    "Plan Rows": 196426,
                    "Plan Width": 0,
                    "Actual Startup Time": 9.291,
                    "Actual Total Time": 32.937,
                    "Actual Rows": 191261,
                    "Actual Loops": 1,
                    "Recheck Cond": "(ci.person_id < 23025)",
                    "Rows Removed by Index Recheck": 0,
                    "Exact Heap Blocks": 2072,
                    "Lossy Heap Blocks": 0,
                    "Plans": [
                        {
                            "Node Type": "Bitmap Index Scan",
                            "Parent Relationship": "Outer",
                            "Parallel Aware": false,
                            "Index Name": "person_id_cast_info",
                            "Startup Cost": 0.0,
                            "Total Cost": 4289.76,
                            "Plan Rows": 196426,
                            "Plan Width": 0,
                            "Actual Startup Time": 8.947,
                            "Actual Total Time": 8.947,
                            "Actual Rows": 191261,
                            "Actual Loops": 1,
                            "Index Cond": "(ci.person_id < 23025)"
                        }
                    ]
                }
            ]
        },
        "Planning Time": 286.6,
        "Triggers": [],
        "Execution Time": 44.386
    }
]