{
  "Plan": {
    "Node Type": "Aggregate",
    "Strategy": "Plain",
    "Partial Mode": "Finalize",
    "Parallel Aware": false,
    "Startup Cost": 700181.25,
    "Total Cost": 700181.26,
    "Plan Rows": 1,
    "Plan Width": 8,
    "Actual Startup Time": 6063.766,
    "Actual Total Time": 6131.769,
    "Actual Rows": 1,
    "Actual Loops": 1,
    "Plans": [
      {
        "Node Type": "Gather",
        "Parent Relationship": "Outer",
        "Parallel Aware": false,
        "Startup Cost": 700181.14,
        "Total Cost": 700181.25,
        "Plan Rows": 1,
        "Plan Width": 8,
        "Actual Startup Time": 6058.886,
        "Actual Total Time": 6131.761,
        "Actual Rows": 2,
        "Actual Loops": 1,
        "Workers Planned": 1,
        "Workers Launched": 1,
        "Single Copy": false,
        "Plans": [
          {
            "Node Type": "Aggregate",
            "Strategy": "Plain",
            "Partial Mode": "Partial",
            "Parent Relationship": "Outer",
            "Parallel Aware": false,
            "Startup Cost": 699181.14,
            "Total Cost": 699181.15,
            "Plan Rows": 1,
            "Plan Width": 8,
            "Actual Startup Time": 6046.329,
            "Actual Total Time": 6046.332,
            "Actual Rows": 1,
            "Actual Loops": 2,
            "Plans": [
              {
                "Node Type": "Hash Join",
                "Parent Relationship": "Outer",
                "Parallel Aware": true,
                "Join Type": "Inner",
                "Startup Cost": 69460.7,
                "Total Cost": 671193.6,
                "Plan Rows": 11195018,
                "Plan Width": 0,
                "Actual Startup Time": 1054.428,
                "Actual Total Time": 5720.888,
                "Actual Rows": 8253918,
                "Actual Loops": 2,
                "Inner Unique": true,
                "Hash Cond": "(ci.movie_id = t.id)",
                "Plans": [
                  {
                    "Node Type": "Seq Scan",
                    "Parent Relationship": "Outer",
                    "Parallel Aware": true,
                    "Relation Name": "cast_info",
                    "Alias": "ci",
                    "Startup Cost": 0.0,
                    "Total Cost": 572345.93,
                    "Plan Rows": 11195018,
                    "Plan Width": 4,
                    "Actual Startup Time": 518.219,
                    "Actual Total Time": 1734.157,
                    "Actual Rows": 8253918,
                    "Actual Loops": 2,
                    "Filter": "((person_id < 2959282) AND (role_id > 1))",
                    "Rows Removed by Filter": 9868254
                  },
                  {
                    "Node Type": "Hash",
                    "Parent Relationship": "Inner",
                    "Parallel Aware": true,
                    "Startup Cost": 50870.31,
                    "Total Cost": 50870.31,
                    "Plan Rows": 1487231,
                    "Plan Width": 4,
                    "Actual Startup Time": 514.637,
                    "Actual Total Time": 514.638,
                    "Actual Rows": 1264156,
                    "Actual Loops": 2,
                    "Hash Buckets": 4194304,
                    "Original Hash Buckets": 4194304,
                    "Hash Batches": 1,
                    "Original Hash Batches": 1,
                    "Peak Memory Usage": 131712,
                    "Plans": [
                      {
                        "Node Type": "Seq Scan",
                        "Parent Relationship": "Outer",
                        "Parallel Aware": true,
                        "Relation Name": "title",
                        "Alias": "t",
                        "Startup Cost": 0.0,
                        "Total Cost": 50870.31,
                        "Plan Rows": 1487231,
                        "Plan Width": 4,
                        "Actual Startup Time": 0.024,
                        "Actual Total Time": 152.88,
                        "Actual Rows": 1264156,
                        "Actual Loops": 2
                      }
                    ]
                  }
                ]
              }
            ]
          }
        ]
      }
    ]
  },
  "Planning Time": 0.665,
  "Triggers": [],
  "Execution Time": 6131.848
}