[
  {
    "Plan": {
      "Node Type": "Aggregate",
      "Strategy": "Plain",
      "Partial Mode": "Finalize",
      "Parallel Aware": false,
      "Startup Cost": 94070.99,
      "Total Cost": 94071.0,
      "Plan Rows": 1,
      "Plan Width": 8,
      "Actual Startup Time": 368.538,
      "Actual Total Time": 384.536,
      "Actual Rows": 1,
      "Actual Loops": 1,
      "Plans": [
        {
          "Node Type": "Gather",
          "Parent Relationship": "Outer",
          "Parallel Aware": false,
          "Startup Cost": 94070.67,
          "Total Cost": 94070.98,
          "Plan Rows": 3,
          "Plan Width": 8,
          "Actual Startup Time": 366.331,
          "Actual Total Time": 384.528,
          "Actual Rows": 4,
          "Actual Loops": 1,
          "Workers Planned": 3,
          "Workers Launched": 3,
          "Single Copy": false,
          "Plans": [
            {
              "Node Type": "Aggregate",
              "Strategy": "Plain",
              "Partial Mode": "Partial",
              "Parent Relationship": "Outer",
              "Parallel Aware": false,
              "Startup Cost": 93070.67,
              "Total Cost": 93070.68,
              "Plan Rows": 1,
              "Plan Width": 8,
              "Actual Startup Time": 357.385,
              "Actual Total Time": 357.388,
              "Actual Rows": 1,
              "Actual Loops": 4,
              "Plans": [
                {
                  "Node Type": "Hash Join",
                  "Parent Relationship": "Outer",
                  "Parallel Aware": true,
                  "Join Type": "Inner",
                  "Startup Cost": 47730.97,
                  "Total Cost": 92506.31,
                  "Plan Rows": 225745,
                  "Plan Width": 0,
                  "Actual Startup Time": 165.022,
                  "Actual Total Time": 344.63,
                  "Actual Rows": 320346,
                  "Actual Loops": 4,
                  "Inner Unique": true,
                  "Hash Cond": "(mk.movie_id = t.id)",
                  "Plans": [
                    {
                      "Node Type": "Seq Scan",
                      "Parent Relationship": "Outer",
                      "Parallel Aware": true,
                      "Relation Name": "movie_keyword",
                      "Alias": "mk",
                      "Startup Cost": 0.0,
                      "Total Cost": 42695.65,
                      "Plan Rows": 792260,
                      "Plan Width": 4,
                      "Actual Startup Time": 0.227,
                      "Actual Total Time": 100.304,
                      "Actual Rows": 610527,
                      "Actual Loops": 4,
                      "Filter": "(keyword_id > 3688)",
                      "Rows Removed by Filter": 520456
                    },
                    {
                      "Node Type": "Hash",
                      "Parent Relationship": "Inner",
                      "Parallel Aware": true,
                      "Startup Cost": 45479.59,
                      "Total Cost": 45479.59,
                      "Plan Rows": 180111,
                      "Plan Width": 4,
                      "Actual Startup Time": 159.327,
                      "Actual Total Time": 159.327,
                      "Actual Rows": 155070,
                      "Actual Loops": 4,
                      "Hash Buckets": 1048576,
                      "Original Hash Buckets": 1048576,
                      "Hash Batches": 1,
                      "Original Hash Batches": 1,
                      "Peak Memory Usage": 32512,
                      "Plans": [
                        {
                          "Node Type": "Seq Scan",
                          "Parent Relationship": "Outer",
                          "Parallel Aware": true,
                          "Relation Name": "title",
                          "Alias": "t",
                          "Startup Cost": 0.0,
                          "Total Cost": 45479.59,
                          "Plan Rows": 180111,
                          "Plan Width": 4,
                          "Actual Startup Time": 0.065,
                          "Actual Total Time": 100.976,
                          "Actual Rows": 155070,
                          "Actual Loops": 4,
                          "Filter": "((kind_id < 7) AND (production_year > 1986))",
                          "Rows Removed by Filter": 477008
                        }
                      ]
                    }
                  ]
                }
              ]
            }
          ]
        }
      ]
    },
    "Planning Time": 0.67,
    "Triggers": [],
    "Execution Time": 384.618
  }
]