[
  {
    "Plan": {
      "Node Type": "Aggregate",
      "Strategy": "Plain",
      "Partial Mode": "Finalize",
      "Parallel Aware": false,
      "Startup Cost": 203840.67,
      "Total Cost": 203840.68,
      "Plan Rows": 1,
      "Plan Width": 8,
      "Actual Startup Time": 1071.309,
      "Actual Total Time": 1121.671,
      "Actual Rows": 1,
      "Actual Loops": 1,
      "Plans": [
        {
          "Node Type": "Gather",
          "Parent Relationship": "Outer",
          "Parallel Aware": false,
          "Startup Cost": 203840.25,
          "Total Cost": 203840.66,
          "Plan Rows": 4,
          "Plan Width": 8,
          "Actual Startup Time": 1068.688,
          "Actual Total Time": 1121.658,
          "Actual Rows": 5,
          "Actual Loops": 1,
          "Workers Planned": 4,
          "Workers Launched": 4,
          "Single Copy": false,
          "Plans": [
            {
              "Node Type": "Aggregate",
              "Strategy": "Plain",
              "Partial Mode": "Partial",
              "Parent Relationship": "Outer",
              "Parallel Aware": false,
              "Startup Cost": 202840.25,
              "Total Cost": 202840.26,
              "Plan Rows": 1,
              "Plan Width": 8,
              "Actual Startup Time": 1058.528,
              "Actual Total Time": 1058.534,
              "Actual Rows": 1,
              "Actual Loops": 5,
              "Plans": [
                {
                  "Node Type": "Nested Loop",
                  "Parent Relationship": "Outer",
                  "Parallel Aware": false,
                  "Join Type": "Inner",
                  "Startup Cost": 27496.39,
                  "Total Cost": 201898.06,
                  "Plan Rows": 376874,
                  "Plan Width": 0,
                  "Actual Startup Time": 172.665,
                  "Actual Total Time": 1010.659,
                  "Actual Rows": 964093,
                  "Actual Loops": 5,
                  "Inner Unique": false,
                  "Plans": [
                    {
                      "Node Type": "Hash Join",
                      "Parent Relationship": "Outer",
                      "Parallel Aware": true,
                      "Join Type": "Inner",
                      "Startup Cost": 27495.96,
                      "Total Cost": 74386.07,
                      "Plan Rows": 64453,
                      "Plan Width": 8,
                      "Actual Startup Time": 172.576,
                      "Actual Total Time": 284.466,
                      "Actual Rows": 51733,
                      "Actual Loops": 5,
                      "Inner Unique": false,
                      "Hash Cond": "(t.id = mc.movie_id)",
                      "Plans": [
                        {
                          "Node Type": "Seq Scan",
                          "Parent Relationship": "Outer",
                          "Parallel Aware": true,
                          "Relation Name": "title",
                          "Alias": "t",
                          "Startup Cost": 0.0,
                          "Total Cost": 43898.92,
                          "Plan Rows": 556658,
                          "Plan Width": 4,
                          "Actual Startup Time": 0.014,
                          "Actual Total Time": 87.688,
                          "Actual Rows": 444914,
                          "Actual Loops": 5,
                          "Filter": "(production_year < 2012)",
                          "Rows Removed by Filter": 60749
                        },
                        {
                          "Node Type": "Hash",
                          "Parent Relationship": "Inner",
                          "Parallel Aware": true,
                          "Startup Cost": 26315.56,
                          "Total Cost": 26315.56,
                          "Plan Rows": 94432,
                          "Plan Width": 4,
                          "Actual Startup Time": 78.685,
                          "Actual Total Time": 78.687,
                          "Actual Rows": 58024,
                          "Actual Loops": 5,
                          "Hash Buckets": 524288,
                          "Original Hash Buckets": 524288,
                          "Hash Batches": 1,
                          "Original Hash Batches": 1,
                          "Peak Memory Usage": 15552,
                          "Plans": [
                            {
                              "Node Type": "Bitmap Heap Scan",
                              "Parent Relationship": "Outer",
                              "Parallel Aware": true,
                              "Relation Name": "movie_companies",
                              "Alias": "mc",
                              "Startup Cost": 6345.16,
                              "Total Cost": 26315.56,
                              "Plan Rows": 94432,
                              "Plan Width": 4,
                              "Actual Startup Time": 24.297,
                              "Actual Total Time": 52.455,
                              "Actual Rows": 58024,
                              "Actual Loops": 5,
                              "Recheck Cond": "(company_id > 94928)",
                              "Rows Removed by Index Recheck": 0,
                              "Exact Heap Blocks": 1480,
                              "Lossy Heap Blocks": 0,
                              "Plans": [
                                {
                                  "Node Type": "Bitmap Index Scan",
                                  "Parent Relationship": "Outer",
                                  "Parallel Aware": false,
                                  "Index Name": "company_id_movie_companies",
                                  "Startup Cost": 0.0,
                                  "Total Cost": 6271.97,
                                  "Plan Rows": 292739,
                                  "Plan Width": 0,
                                  "Actual Startup Time": 23.545,
                                  "Actual Total Time": 23.545,
                                  "Actual Rows": 290121,
                                  "Actual Loops": 1,
                                  "Index Cond": "(company_id > 94928)"
                                }
                              ]
                            }
                          ]
                        }
                      ]
                    },
                    {
                      "Node Type": "Index Only Scan",
                      "Parent Relationship": "Inner",
                      "Parallel Aware": false,
                      "Scan Direction": "Forward",
                      "Index Name": "movie_id_movie_info",
                      "Relation Name": "movie_info",
                      "Alias": "mi",
                      "Startup Cost": 0.43,
                      "Total Cost": 1.56,
                      "Plan Rows": 42,
                      "Plan Width": 4,
                      "Actual Startup Time": 0.004,
                      "Actual Total Time": 0.013,
                      "Actual Rows": 19,
                      "Actual Loops": 258665,
                      "Index Cond": "(movie_id = t.id)",
                      "Rows Removed by Index Recheck": 0,
                      "Heap Fetches": 4820467
                    }
                  ]
                }
              ]
            }
          ]
        }
      ]
    },
    "Planning Time": 1.42,
    "Triggers": [],
    "Execution Time": 1121.793
  }
]