[
  {
    "Plan": {
      "Node Type": "Aggregate",
      "Strategy": "Plain",
      "Partial Mode": "Finalize",
      "Parallel Aware": false,
      "Startup Cost": 33169.52,
      "Total Cost": 33169.53,
      "Plan Rows": 1,
      "Plan Width": 8,
      "Actual Startup Time": 79.458,
      "Actual Total Time": 85.175,
      "Actual Rows": 1,
      "Actual Loops": 1,
      "Plans": [
        {
          "Node Type": "Gather",
          "Parent Relationship": "Outer",
          "Parallel Aware": false,
          "Startup Cost": 33169.21,
          "Total Cost": 33169.52,
          "Plan Rows": 3,
          "Plan Width": 8,
          "Actual Startup Time": 79.362,
          "Actual Total Time": 85.168,
          "Actual Rows": 4,
          "Actual Loops": 1,
          "Workers Planned": 3,
          "Workers Launched": 3,
          "Single Copy": false,
          "Plans": [
            {
              "Node Type": "Aggregate",
              "Strategy": "Plain",
              "Partial Mode": "Partial",
              "Parent Relationship": "Outer",
              "Parallel Aware": false,
              "Startup Cost": 32169.21,
              "Total Cost": 32169.22,
              "Plan Rows": 1,
              "Plan Width": 8,
              "Actual Startup Time": 75.914,
              "Actual Total Time": 75.915,
              "Actual Rows": 1,
              "Actual Loops": 4,
              "Plans": [
                {
                  "Node Type": "Seq Scan",
                  "Parent Relationship": "Outer",
                  "Parallel Aware": true,
                  "Relation Name": "movie_companies",
                  "Alias": "mc",
                  "Startup Cost": 0.0,
                  "Total Cost": 31414.82,
                  "Plan Rows": 301755,
                  "Plan Width": 0,
                  "Actual Startup Time": 34.895,
                  "Actual Total Time": 68.811,
                  "Actual Rows": 156194,
                  "Actual Loops": 4,
                  "Filter": "((company_id < 33967) AND (company_type_id = 2))",
                  "Rows Removed by Filter": 496088
                }
              ]
            }
          ]
        }
      ]
    },
    "Planning Time": 0.099,
    "Triggers": [],
    "Execution Time": 85.202
  }
]