[
  {
    "Plan": {
      "Node Type": "Aggregate",
      "Strategy": "Plain",
      "Partial Mode": "Finalize",
      "Parallel Aware": false,
      "Startup Cost": 46868.16,
      "Total Cost": 46868.17,
      "Plan Rows": 1,
      "Plan Width": 8,
      "Actual Startup Time": 126.762,
      "Actual Total Time": 140.68,
      "Actual Rows": 1,
      "Actual Loops": 1,
      "Plans": [
        {
          "Node Type": "Gather",
          "Parent Relationship": "Outer",
          "Parallel Aware": false,
          "Startup Cost": 46867.74,
          "Total Cost": 46868.15,
          "Plan Rows": 4,
          "Plan Width": 8,
          "Actual Startup Time": 126.601,
          "Actual Total Time": 140.671,
          "Actual Rows": 5,
          "Actual Loops": 1,
          "Workers Planned": 4,
          "Workers Launched": 4,
          "Single Copy": false,
          "Plans": [
            {
              "Node Type": "Aggregate",
              "Strategy": "Plain",
              "Partial Mode": "Partial",
              "Parent Relationship": "Outer",
              "Parallel Aware": false,
              "Startup Cost": 45867.74,
              "Total Cost": 45867.75,
              "Plan Rows": 1,
              "Plan Width": 8,
              "Actual Startup Time": 117.61,
              "Actual Total Time": 117.612,
              "Actual Rows": 1,
              "Actual Loops": 5,
              "Plans": [
                {
                  "Node Type": "Seq Scan",
                  "Parent Relationship": "Outer",
                  "Parallel Aware": true,
                  "Relation Name": "title",
                  "Alias": "t",
                  "Startup Cost": 0.0,
                  "Total Cost": 45479.1,
                  "Plan Rows": 155457,
                  "Plan Width": 0,
                  "Actual Startup Time": 0.041,
                  "Actual Total Time": 107.856,
                  "Actual Rows": 135385,
                  "Actual Loops": 5,
                  "Filter": "((production_year > 2005) AND (kind_id = 7))",
                  "Rows Removed by Filter": 370277
                }
              ]
            }
          ]
        }
      ]
    },
    "Planning Time": 0.168,
    "Triggers": [],
    "Execution Time": 140.734
  }
]