[
  {
    "Plan": {
      "Node Type": "Aggregate",
      "Strategy": "Plain",
      "Partial Mode": "Finalize",
      "Parallel Aware": false,
      "Startup Cost": 58703.37,
      "Total Cost": 58703.38,
      "Plan Rows": 1,
      "Plan Width": 8,
      "Actual Startup Time": 122.343,
      "Actual Total Time": 140.623,
      "Actual Rows": 1,
      "Actual Loops": 1,
      "Plans": [
        {
          "Node Type": "Gather",
          "Parent Relationship": "Outer",
          "Parallel Aware": false,
          "Startup Cost": 58702.95,
          "Total Cost": 58703.36,
          "Plan Rows": 4,
          "Plan Width": 8,
          "Actual Startup Time": 122.14,
          "Actual Total Time": 140.615,
          "Actual Rows": 5,
          "Actual Loops": 1,
          "Workers Planned": 4,
          "Workers Launched": 4,
          "Single Copy": false,
          "Plans": [
            {
              "Node Type": "Aggregate",
              "Strategy": "Plain",
              "Partial Mode": "Partial",
              "Parent Relationship": "Outer",
              "Parallel Aware": false,
              "Startup Cost": 57702.95,
              "Total Cost": 57702.96,
              "Plan Rows": 1,
              "Plan Width": 8,
              "Actual Startup Time": 111.537,
              "Actual Total Time": 111.539,
              "Actual Rows": 1,
              "Actual Loops": 5,
              "Plans": [
                {
                  "Node Type": "Nested Loop",
                  "Parent Relationship": "Outer",
                  "Parallel Aware": false,
                  "Join Type": "Inner",
                  "Startup Cost": 0.43,
                  "Total Cost": 57699.84,
                  "Plan Rows": 1243,
                  "Plan Width": 0,
                  "Actual Startup Time": 67.56,
                  "Actual Total Time": 111.362,
                  "Actual Rows": 1650,
                  "Actual Loops": 5,
                  "Inner Unique": false,
                  "Plans": [
                    {
                      "Node Type": "Seq Scan",
                      "Parent Relationship": "Outer",
                      "Parallel Aware": true,
                      "Relation Name": "title",
                      "Alias": "t",
                      "Startup Cost": 0.0,
                      "Total Cost": 45479.59,
                      "Plan Rows": 2278,
                      "Plan Width": 4,
                      "Actual Startup Time": 65.599,
                      "Actual Total Time": 99.028,
                      "Actual Rows": 1172,
                      "Actual Loops": 5,
                      "Filter": "((kind_id = 1) AND (production_year = 1996))",
                      "Rows Removed by Filter": 504490
                    },
                    {
                      "Node Type": "Index Only Scan",
                      "Parent Relationship": "Inner",
                      "Parallel Aware": false,
                      "Scan Direction": "Forward",
                      "Index Name": "movie_id_movie_info_idx",
                      "Relation Name": "movie_info_idx",
                      "Alias": "mi_idx",
                      "Startup Cost": 0.43,
                      "Total Cost": 5.33,
                      "Plan Rows": 3,
                      "Plan Width": 4,
                      "Actual Startup Time": 0.009,
                      "Actual Total Time": 0.01,
                      "Actual Rows": 1,
                      "Actual Loops": 5862,
                      "Index Cond": "(movie_id = t.id)",
                      "Rows Removed by Index Recheck": 0,
                      "Heap Fetches": 8252
                    }
                  ]
                }
              ]
            }
          ]
        }
      ]
    },
    "Planning Time": 0.618,
    "Triggers": [],
    "Execution Time": 140.698
  }
]