{
    "Plan": {
        "Node Type": "Aggregate",
        "Strategy": "Plain",
        "Partial Mode": "Finalize",
        "Parallel Aware": false,
        "Startup Cost": 173842.8,
        "Total Cost": 173842.81,
        "Plan Rows": 1,
        "Plan Width": 8,
        "Actual Startup Time": 471.475,
        "Actual Total Time": 501.2,
        "Actual Rows": 1,
        "Actual Loops": 1,
        "Output": [
            "count(*)"
        ],
        "Plans": [
            {
                "Node Type": "Gather",
                "Parent Relationship": "Outer",
                "Parallel Aware": false,
                "Startup Cost": 173842.28,
                "Total Cost": 173842.79,
                "Plan Rows": 5,
                "Plan Width": 8,
                "Actual Startup Time": 467.292,
                "Actual Total Time": 501.189,
                "Actual Rows": 6,
                "Actual Loops": 1,
                "Output": [
                    "(PARTIAL count(*))"
                ],
                "Workers Planned": 5,
                "Workers Launched": 5,
                "Single Copy": false,
                "Plans": [
                    {
                        "Node Type": "Aggregate",
                        "Strategy": "Plain",
                        "Partial Mode": "Partial",
                        "Parent Relationship": "Outer",
                        "Parallel Aware": false,
                        "Startup Cost": 172842.28,
                        "Total Cost": 172842.29,
                        "Plan Rows": 1,
                        "Plan Width": 8,
                        "Actual Startup Time": 453.721,
                        "Actual Total Time": 453.768,
                        "Actual Rows": 1,
                        "Actual Loops": 6,
                        "Output": [
                            "PARTIAL count(*)"
                        ],
                        "Workers": [
                            {
                                "Worker Number": 0,
                                "Actual Startup Time": 436.338,
                                "Actual Total Time": 436.344,
                                "Actual Rows": 1,
                                "Actual Loops": 1
                            },
                            {
                                "Worker Number": 1,
                                "Actual Startup Time": 454.25,
                                "Actual Total Time": 454.256,
                                "Actual Rows": 1,
                                "Actual Loops": 1
                            },
                            {
                                "Worker Number": 2,
                                "Actual Startup Time": 455.017,
                                "Actual Total Time": 455.023,
                                "Actual Rows": 1,
                                "Actual Loops": 1
                            },
                            {
                                "Worker Number": 3,
                                "Actual Startup Time": 455.051,
                                "Actual Total Time": 455.057,
                                "Actual Rows": 1,
                                "Actual Loops": 1
                            },
                            {
                                "Worker Number": 4,
                                "Actual Startup Time": 455.305,
                                "Actual Total Time": 455.31,
                                "Actual Rows": 1,
                                "Actual Loops": 1
                            }
                        ],
                        "Plans": [
                            {
                                "Node Type": "Hash Join",
                                "Parent Relationship": "Outer",
                                "Parallel Aware": true,
                                "Join Type": "Inner",
                                "Startup Cost": 62370.1,
                                "Total Cost": 172824.08,
                                "Plan Rows": 7280,
                                "Plan Width": 0,
                                "Actual Startup Time": 171.002,
                                "Actual Total Time": 451.829,
                                "Actual Rows": 23045,
                                "Actual Loops": 6,
                                "Inner Unique": false,
                                "Hash Cond": "(ci.movie_id = t.id)",
                                "Workers": [
                                    {
                                        "Worker Number": 0,
                                        "Actual Startup Time": 153.683,
                                        "Actual Total Time": 434.435,
                                        "Actual Rows": 19454,
                                        "Actual Loops": 1
                                    },
                                    {
                                        "Worker Number": 1,
                                        "Actual Startup Time": 171.38,
                                        "Actual Total Time": 452.309,
                                        "Actual Rows": 19881,
                                        "Actual Loops": 1
                                    },
                                    {
                                        "Worker Number": 2,
                                        "Actual Startup Time": 172.023,
                                        "Actual Total Time": 452.977,
                                        "Actual Rows": 21278,
                                        "Actual Loops": 1
                                    },
                                    {
                                        "Worker Number": 3,
                                        "Actual Startup Time": 172.485,
                                        "Actual Total Time": 453.094,
                                        "Actual Rows": 20528,
                                        "Actual Loops": 1
                                    },
                                    {
                                        "Worker Number": 4,
                                        "Actual Startup Time": 172.937,
                                        "Actual Total Time": 453.384,
                                        "Actual Rows": 18492,
                                        "Actual Loops": 1
                                    }
                                ],
                                "Plans": [
                                    {
                                        "Node Type": "Index Scan",
                                        "Parent Relationship": "Outer",
                                        "Parallel Aware": true,
                                        "Scan Direction": "Forward",
                                        "Index Name": "role_id_cast_info",
                                        "Relation Name": "cast_info",
                                        "Schema": "public",
                                        "Alias": "ci",
                                        "Startup Cost": 0.56,
                                        "Total Cost": 109204.72,
                                        "Plan Rows": 325197,
                                        "Plan Width": 4,
                                        "Actual Startup Time": 0.287,
                                        "Actual Total Time": 194.772,
                                        "Actual Rows": 417275,
                                        "Actual Loops": 6,
                                        "Output": [
                                            "ci.id",
                                            "ci.person_id",
                                            "ci.movie_id",
                                            "ci.person_role_id",
                                            "ci.note",
                                            "ci.nr_order",
                                            "ci.role_id"
                                        ],
                                        "Index Cond": "(ci.role_id = 3)",
                                        "Rows Removed by Index Recheck": 0,
                                        "Filter": "(ci.person_id > 2170464)",
                                        "Rows Removed by Filter": 250731,
                                        "Workers": [
                                            {
                                                "Worker Number": 0,
                                                "Actual Startup Time": 0.378,
                                                "Actual Total Time": 195.466,
                                                "Actual Rows": 364192,
                                                "Actual Loops": 1
                                            },
                                            {
                                                "Worker Number": 1,
                                                "Actual Startup Time": 0.277,
                                                "Actual Total Time": 196.358,
                                                "Actual Rows": 351229,
                                                "Actual Loops": 1
                                            },
                                            {
                                                "Worker Number": 2,
                                                "Actual Startup Time": 0.161,
                                                "Actual Total Time": 195.308,
                                                "Actual Rows": 374776,
                                                "Actual Loops": 1
                                            },
                                            {
                                                "Worker Number": 3,
                                                "Actual Startup Time": 0.419,
                                                "Actual Total Time": 195.971,
                                                "Actual Rows": 366437,
                                                "Actual Loops": 1
                                            },
                                            {
                                                "Worker Number": 4,
                                                "Actual Startup Time": 0.326,
                                                "Actual Total Time": 197.114,
                                                "Actual Rows": 341596,
                                                "Actual Loops": 1
                                            }
                                        ]
                                    },
                                    {
                                        "Node Type": "Hash",
                                        "Parent Relationship": "Inner",
                                        "Parallel Aware": true,
                                        "Startup Cost": 62074.72,
                                        "Total Cost": 62074.72,
                                        "Plan Rows": 23585,
                                        "Plan Width": 8,
                                        "Actual Startup Time": 169.396,
                                        "Actual Total Time": 169.441,
                                        "Actual Rows": 10848,
                                        "Actual Loops": 6,
                                        "Output": [
                                            "t.id",
                                            "mi_idx.movie_id"
                                        ],
                                        "Hash Buckets": 65536,
                                        "Original Hash Buckets": 65536,
                                        "Hash Batches": 1,
                                        "Original Hash Batches": 1,
                                        "Peak Memory Usage": 3168,
                                        "Workers": [
                                            {
                                                "Worker Number": 0,
                                                "Actual Startup Time": 152.479,
                                                "Actual Total Time": 152.484,
                                                "Actual Rows": 9350,
                                                "Actual Loops": 1
                                            },
                                            {
                                                "Worker Number": 1,
                                                "Actual Startup Time": 170.691,
                                                "Actual Total Time": 170.696,
                                                "Actual Rows": 9356,
                                                "Actual Loops": 1
                                            },
                                            {
                                                "Worker Number": 2,
                                                "Actual Startup Time": 171.448,
                                                "Actual Total Time": 171.452,
                                                "Actual Rows": 10069,
                                                "Actual Loops": 1
                                            },
                                            {
                                                "Worker Number": 3,
                                                "Actual Startup Time": 171.413,
                                                "Actual Total Time": 171.417,
                                                "Actual Rows": 9979,
                                                "Actual Loops": 1
                                            },
                                            {
                                                "Worker Number": 4,
                                                "Actual Startup Time": 171.715,
                                                "Actual Total Time": 171.719,
                                                "Actual Rows": 9416,
                                                "Actual Loops": 1
                                            }
                                        ],
                                        "Plans": [
                                            {
                                                "Node Type": "Hash Join",
                                                "Parent Relationship": "Outer",
                                                "Parallel Aware": true,
                                                "Join Type": "Inner",
                                                "Startup Cost": 46446.18,
                                                "Total Cost": 62074.72,
                                                "Plan Rows": 23585,
                                                "Plan Width": 8,
                                                "Actual Startup Time": 113.09,
                                                "Actual Total Time": 165.035,
                                                "Actual Rows": 10848,
                                                "Actual Loops": 6,
                                                "Output": [
                                                    "t.id",
                                                    "mi_idx.movie_id"
                                                ],
                                                "Inner Unique": true,
                                                "Hash Cond": "(mi_idx.movie_id = t.id)",
                                                "Workers": [
                                                    {
                                                        "Worker Number": 0,
                                                        "Actual Startup Time": 96.083,
                                                        "Actual Total Time": 148.078,
                                                        "Actual Rows": 9350,
                                                        "Actual Loops": 1
                                                    },
                                                    {
                                                        "Worker Number": 1,
                                                        "Actual Startup Time": 114.255,
                                                        "Actual Total Time": 166.355,
                                                        "Actual Rows": 9356,
                                                        "Actual Loops": 1
                                                    },
                                                    {
                                                        "Worker Number": 2,
                                                        "Actual Startup Time": 115.224,
                                                        "Actual Total Time": 167.039,
                                                        "Actual Rows": 10069,
                                                        "Actual Loops": 1
                                                    },
                                                    {
                                                        "Worker Number": 3,
                                                        "Actual Startup Time": 115.13,
                                                        "Actual Total Time": 167.348,
                                                        "Actual Rows": 9979,
                                                        "Actual Loops": 1
                                                    },
                                                    {
                                                        "Worker Number": 4,
                                                        "Actual Startup Time": 115.471,
                                                        "Actual Total Time": 167.305,
                                                        "Actual Rows": 9416,
                                                        "Actual Loops": 1
                                                    }
                                                ],
                                                "Plans": [
                                                    {
                                                        "Node Type": "Seq Scan",
                                                        "Parent Relationship": "Outer",
                                                        "Parallel Aware": true,
                                                        "Relation Name": "movie_info_idx",
                                                        "Schema": "public",
                                                        "Alias": "mi_idx",
                                                        "Startup Cost": 0.0,
                                                        "Total Cost": 15122.68,
                                                        "Plan Rows": 192707,
                                                        "Plan Width": 4,
                                                        "Actual Startup Time": 0.015,
                                                        "Actual Total Time": 29.046,
                                                        "Actual Rows": 76654,
                                                        "Actual Loops": 6,
                                                        "Output": [
                                                            "mi_idx.id",
                                                            "mi_idx.movie_id",
                                                            "mi_idx.info_type_id",
                                                            "mi_idx.info",
                                                            "mi_idx.note"
                                                        ],
                                                        "Filter": "(mi_idx.info_type_id = 100)",
                                                        "Rows Removed by Filter": 153352,
                                                        "Workers": [
                                                            {
                                                                "Worker Number": 0,
                                                                "Actual Startup Time": 0.018,
                                                                "Actual Total Time": 29.723,
                                                                "Actual Rows": 66447,
                                                                "Actual Loops": 1
                                                            },
                                                            {
                                                                "Worker Number": 1,
                                                                "Actual Startup Time": 0.02,
                                                                "Actual Total Time": 29.495,
                                                                "Actual Rows": 66502,
                                                                "Actual Loops": 1
                                                            },
                                                            {
                                                                "Worker Number": 2,
                                                                "Actual Startup Time": 0.013,
                                                                "Actual Total Time": 30.045,
                                                                "Actual Rows": 71070,
                                                                "Actual Loops": 1
                                                            },
                                                            {
                                                                "Worker Number": 3,
                                                                "Actual Startup Time": 0.012,
                                                                "Actual Total Time": 29.884,
                                                                "Actual Rows": 70666,
                                                                "Actual Loops": 1
                                                            },
                                                            {
                                                                "Worker Number": 4,
                                                                "Actual Startup Time": 0.014,
                                                                "Actual Total Time": 29.642,
                                                                "Actual Rows": 66331,
                                                                "Actual Loops": 1
                                                            }
                                                        ]
                                                    },
                                                    {
                                                        "Node Type": "Hash",
                                                        "Parent Relationship": "Inner",
                                                        "Parallel Aware": true,
                                                        "Startup Cost": 45479.21,
                                                        "Total Cost": 45479.21,
                                                        "Plan Rows": 77358,
                                                        "Plan Width": 4,
                                                        "Actual Startup Time": 111.489,
                                                        "Actual Total Time": 111.49,
                                                        "Actual Rows": 44433,
                                                        "Actual Loops": 6,
                                                        "Output": [
                                                            "t.id"
                                                        ],
                                                        "Hash Buckets": 524288,
                                                        "Original Hash Buckets": 524288,
                                                        "Hash Batches": 1,
                                                        "Original Hash Batches": 1,
                                                        "Peak Memory Usage": 14656,
                                                        "Workers": [
                                                            {
                                                                "Worker Number": 0,
                                                                "Actual Startup Time": 95.833,
                                                                "Actual Total Time": 95.834,
                                                                "Actual Rows": 36092,
                                                                "Actual Loops": 1
                                                            },
                                                            {
                                                                "Worker Number": 1,
                                                                "Actual Startup Time": 114.085,
                                                                "Actual Total Time": 114.087,
                                                                "Actual Rows": 39355,
                                                                "Actual Loops": 1
                                                            },
                                                            {
                                                                "Worker Number": 2,
                                                                "Actual Startup Time": 114.96,
                                                                "Actual Total Time": 114.961,
                                                                "Actual Rows": 41620,
                                                                "Actual Loops": 1
                                                            },
                                                            {
                                                                "Worker Number": 3,
                                                                "Actual Startup Time": 114.985,
                                                                "Actual Total Time": 114.987,
                                                                "Actual Rows": 41335,
                                                                "Actual Loops": 1
                                                            },
                                                            {
                                                                "Worker Number": 4,
                                                                "Actual Startup Time": 115.199,
                                                                "Actual Total Time": 115.2,
                                                                "Actual Rows": 38515,
                                                                "Actual Loops": 1
                                                            }
                                                        ],
                                                        "Plans": [
                                                            {
                                                                "Node Type": "Seq Scan",
                                                                "Parent Relationship": "Outer",
                                                                "Parallel Aware": true,
                                                                "Relation Name": "title",
                                                                "Schema": "public",
                                                                "Alias": "t",
                                                                "Startup Cost": 0.0,
                                                                "Total Cost": 45479.21,
                                                                "Plan Rows": 77358,
                                                                "Plan Width": 4,
                                                                "Actual Startup Time": 0.138,
                                                                "Actual Total Time": 88.514,
                                                                "Actual Rows": 44433,
                                                                "Actual Loops": 6,
                                                                "Output": [
                                                                    "t.id"
                                                                ],
                                                                "Filter": "((t.kind_id < 7) AND (t.production_year > 2007))",
                                                                "Rows Removed by Filter": 376952,
                                                                "Workers": [
                                                                    {
                                                                        "Worker Number": 0,
                                                                        "Actual Startup Time": 0.184,
                                                                        "Actual Total Time": 74.963,
                                                                        "Actual Rows": 36092,
                                                                        "Actual Loops": 1
                                                                    },
                                                                    {
                                                                        "Worker Number": 1,
                                                                        "Actual Startup Time": 0.293,
                                                                        "Actual Total Time": 91.745,
                                                                        "Actual Rows": 39355,
                                                                        "Actual Loops": 1
                                                                    },
                                                                    {
                                                                        "Worker Number": 2,
                                                                        "Actual Startup Time": 0.08,
                                                                        "Actual Total Time": 92.314,
                                                                        "Actual Rows": 41620,
                                                                        "Actual Loops": 1
                                                                    },
                                                                    {
                                                                        "Worker Number": 3,
                                                                        "Actual Startup Time": 0.122,
                                                                        "Actual Total Time": 92.4,
                                                                        "Actual Rows": 41335,
                                                                        "Actual Loops": 1
                                                                    },
                                                                    {
                                                                        "Worker Number": 4,
                                                                        "Actual Startup Time": 0.087,
                                                                        "Actual Total Time": 90.602,
                                                                        "Actual Rows": 38515,
                                                                        "Actual Loops": 1
                                                                    }
                                                                ]
                                                            }
                                                        ]
                                                    }
                                                ]
                                            }
                                        ]
                                    }
                                ]
                            }
                        ]
                    }
                ]
            }
        ]
    },
    "Planning Time": 1.524,
    "Triggers": [],
    "Execution Time": 501.3
}