{
  "Plan": {
    "Node Type": "Aggregate",
    "Strategy": "Plain",
    "Partial Mode": "Finalize",
    "Parallel Aware": false,
    "Startup Cost": 101413.72,
    "Total Cost": 101413.73,
    "Plan Rows": 1,
    "Plan Width": 8,
    "Actual Startup Time": 460.544,
    "Actual Total Time": 472.94,
    "Actual Rows": 1,
    "Actual Loops": 1,
    "Plans": [
      {
        "Node Type": "Gather",
        "Parent Relationship": "Outer",
        "Parallel Aware": false,
        "Startup Cost": 101413.61,
        "Total Cost": 101413.72,
        "Plan Rows": 1,
        "Plan Width": 8,
        "Actual Startup Time": 459.013,
        "Actual Total Time": 472.932,
        "Actual Rows": 2,
        "Actual Loops": 1,
        "Workers Planned": 1,
        "Workers Launched": 1,
        "Single Copy": false,
        "Plans": [
          {
            "Node Type": "Aggregate",
            "Strategy": "Plain",
            "Partial Mode": "Partial",
            "Parent Relationship": "Outer",
            "Parallel Aware": false,
            "Startup Cost": 100413.61,
            "Total Cost": 100413.62,
            "Plan Rows": 1,
            "Plan Width": 8,
            "Actual Startup Time": 456.108,
            "Actual Total Time": 456.111,
            "Actual Rows": 1,
            "Actual Loops": 2,
            "Plans": [
              {
                "Node Type": "Hash Join",
                "Parent Relationship": "Outer",
                "Parallel Aware": true,
                "Join Type": "Inner",
                "Startup Cost": 36589.04,
                "Total Cost": 100210.77,
                "Plan Rows": 81135,
                "Plan Width": 0,
                "Actual Startup Time": 158.79,
                "Actual Total Time": 453.47,
                "Actual Rows": 53516,
                "Actual Loops": 2,
                "Inner Unique": false,
                "Hash Cond": "(t.id = mc.movie_id)",
                "Plans": [
                  {
                    "Node Type": "Seq Scan",
                    "Parent Relationship": "Outer",
                    "Parallel Aware": true,
                    "Relation Name": "title",
                    "Alias": "t",
                    "Startup Cost": 0.0,
                    "Total Cost": 58306.47,
                    "Plan Rows": 774080,
                    "Plan Width": 4,
                    "Actual Startup Time": 0.012,
                    "Actual Total Time": 140.98,
                    "Actual Rows": 697768,
                    "Actual Loops": 2,
                    "Filter": "((kind_id > 4) AND (production_year > 1966))",
                    "Rows Removed by Filter": 566388
                  },
                  {
                    "Node Type": "Hash",
                    "Parent Relationship": "Inner",
                    "Parallel Aware": true,
                    "Startup Cost": 34640.49,
                    "Total Cost": 34640.49,
                    "Plan Rows": 155884,
                    "Plan Width": 4,
                    "Actual Startup Time": 154.429,
                    "Actual Total Time": 154.43,
                    "Actual Rows": 266140,
                    "Actual Loops": 2,
                    "Hash Buckets": 1048576,
                    "Original Hash Buckets": 524288,
                    "Hash Batches": 1,
                    "Original Hash Batches": 1,
                    "Peak Memory Usage": 33120,
                    "Plans": [
                      {
                        "Node Type": "Bitmap Heap Scan",
                        "Parent Relationship": "Outer",
                        "Parallel Aware": true,
                        "Relation Name": "movie_companies",
                        "Alias": "mc",
                        "Startup Cost": 11245.19,
                        "Total Cost": 34640.49,
                        "Plan Rows": 155884,
                        "Plan Width": 4,
                        "Actual Startup Time": 34.403,
                        "Actual Total Time": 87.497,
                        "Actual Rows": 266140,
                        "Actual Loops": 2,
                        "Recheck Cond": "(company_id > 72623)",
                        "Rows Removed by Index Recheck": 0,
                        "Filter": "(company_type_id = 2)",
                        "Rows Removed by Filter": 0,
                        "Exact Heap Blocks": 4493,
                        "Lossy Heap Blocks": 0,
                        "Plans": [
                          {
                            "Node Type": "Bitmap Index Scan",
                            "Parent Relationship": "Outer",
                            "Parallel Aware": false,
                            "Index Name": "company_id_movie_companies",
                            "Startup Cost": 0.0,
                            "Total Cost": 11178.93,
                            "Plan Rows": 521934,
                            "Plan Width": 0,
                            "Actual Startup Time": 33.159,
                            "Actual Total Time": 33.16,
                            "Actual Rows": 532279,
                            "Actual Loops": 1,
                            "Index Cond": "(company_id > 72623)"
                          }
                        ]
                      }
                    ]
                  }
                ]
              }
            ]
          }
        ]
      }
    ]
  },
  "Planning Time": 0.482,
  "Triggers": [],
  "Execution Time": 473.0
}