[
    {
        "Bao": {
            "Bao prediction": "NaN",
            "Bao recommended hint": "(no hint)"
        }
    },
    {
        "Plan": {
            "Node Type": "Aggregate",
            "Strategy": "Plain",
            "Partial Mode": "Simple",
            "Parallel Aware": false,
            "Startup Cost": 19600.75,
            "Total Cost": 19600.76,
            "Plan Rows": 1,
            "Plan Width": 8,
            "Actual Startup Time": 5.559,
            "Actual Total Time": 5.56,
            "Actual Rows": 1,
            "Actual Loops": 1,
            "Output": [
                "count(*)"
            ],
            "Plans": [
                {
                    "Node Type": "Bitmap Heap Scan",
                    "Parent Relationship": "Outer",
                    "Parallel Aware": false,
                    "Relation Name": "movie_companies",
                    "Schema": "public",
                    "Alias": "mc",
                    "Startup Cost": 360.28,
                    "Total Cost": 19559.51,
                    "Plan Rows": 16497,
                    "Plan Width": 0,
                    "Actual Startup Time": 0.727,
                    "Actual Total Time": 4.719,
                    "Actual Rows": 17993,
                    "Actual Loops": 1,
                    "Recheck Cond": "(mc.company_id > 218114)",
                    "Rows Removed by Index Recheck": 0,
                    "Exact Heap Blocks": 787,
                    "Lossy Heap Blocks": 0,
                    "Plans": [
                        {
                            "Node Type": "Bitmap Index Scan",
                            "Parent Relationship": "Outer",
                            "Parallel Aware": false,
                            "Index Name": "company_id_movie_companies",
                            "Startup Cost": 0.0,
                            "Total Cost": 356.16,
                            "Plan Rows": 16497,
                            "Plan Width": 0,
                            "Actual Startup Time": 0.654,
                            "Actual Total Time": 0.654,
                            "Actual Rows": 17993,
                            "Actual Loops": 1,
                            "Index Cond": "(mc.company_id > 218114)"
                        }
                    ]
                }
            ]
        },
        "Planning Time": 186.147,
        "Triggers": [],
        "Execution Time": 5.602
    }
]