[
  {
    "Plan": {
      "Node Type": "Aggregate",
      "Strategy": "Plain",
      "Partial Mode": "Finalize",
      "Parallel Aware": false,
      "Startup Cost": 220804.77,
      "Total Cost": 220804.78,
      "Plan Rows": 1,
      "Plan Width": 8,
      "Actual Startup Time": 179.301,
      "Actual Total Time": 195.271,
      "Actual Rows": 1,
      "Actual Loops": 1,
      "Plans": [
        {
          "Node Type": "Gather",
          "Parent Relationship": "Outer",
          "Parallel Aware": false,
          "Startup Cost": 220804.25,
          "Total Cost": 220804.76,
          "Plan Rows": 5,
          "Plan Width": 8,
          "Actual Startup Time": 177.558,
          "Actual Total Time": 195.261,
          "Actual Rows": 6,
          "Actual Loops": 1,
          "Workers Planned": 5,
          "Workers Launched": 5,
          "Single Copy": false,
          "Plans": [
            {
              "Node Type": "Aggregate",
              "Strategy": "Plain",
              "Partial Mode": "Partial",
              "Parent Relationship": "Outer",
              "Parallel Aware": false,
              "Startup Cost": 219804.25,
              "Total Cost": 219804.26,
              "Plan Rows": 1,
              "Plan Width": 8,
              "Actual Startup Time": 171.478,
              "Actual Total Time": 171.482,
              "Actual Rows": 1,
              "Actual Loops": 6,
              "Plans": [
                {
                  "Node Type": "Hash Join",
                  "Parent Relationship": "Outer",
                  "Parallel Aware": true,
                  "Join Type": "Inner",
                  "Startup Cost": 56077.31,
                  "Total Cost": 219793.33,
                  "Plan Rows": 4367,
                  "Plan Width": 0,
                  "Actual Startup Time": 115.401,
                  "Actual Total Time": 171.336,
                  "Actual Rows": 1728,
                  "Actual Loops": 6,
                  "Inner Unique": true,
                  "Hash Cond": "(mi.movie_id = t.id)",
                  "Plans": [
                    {
                      "Node Type": "Bitmap Heap Scan",
                      "Parent Relationship": "Outer",
                      "Parallel Aware": true,
                      "Relation Name": "movie_info",
                      "Alias": "mi",
                      "Startup Cost": 10294.8,
                      "Total Cost": 173711.78,
                      "Plan Rows": 113919,
                      "Plan Width": 4,
                      "Actual Startup Time": 25.974,
                      "Actual Total Time": 68.897,
                      "Actual Rows": 99743,
                      "Actual Loops": 6,
                      "Recheck Cond": "(info_type_id = 15)",
                      "Rows Removed by Index Recheck": 0,
                      "Exact Heap Blocks": 5943,
                      "Lossy Heap Blocks": 0,
                      "Plans": [
                        {
                          "Node Type": "Bitmap Index Scan",
                          "Parent Relationship": "Outer",
                          "Parallel Aware": false,
                          "Index Name": "info_type_id_movie_info",
                          "Startup Cost": 0.0,
                          "Total Cost": 10152.4,
                          "Plan Rows": 569595,
                          "Plan Width": 0,
                          "Actual Startup Time": 22.799,
                          "Actual Total Time": 22.799,
                          "Actual Rows": 598457,
                          "Actual Loops": 1,
                          "Index Cond": "(info_type_id = 15)"
                        }
                      ]
                    },
                    {
                      "Node Type": "Hash",
                      "Parent Relationship": "Inner",
                      "Parallel Aware": true,
                      "Startup Cost": 45479.59,
                      "Total Cost": 45479.59,
                      "Plan Rows": 24234,
                      "Plan Width": 4,
                      "Actual Startup Time": 87.602,
                      "Actual Total Time": 87.603,
                      "Actual Rows": 17708,
                      "Actual Loops": 6,
                      "Hash Buckets": 131072,
                      "Original Hash Buckets": 131072,
                      "Hash Batches": 1,
                      "Original Hash Batches": 1,
                      "Peak Memory Usage": 5280,
                      "Plans": [
                        {
                          "Node Type": "Seq Scan",
                          "Parent Relationship": "Outer",
                          "Parallel Aware": true,
                          "Relation Name": "title",
                          "Alias": "t",
                          "Startup Cost": 0.0,
                          "Total Cost": 45479.59,
                          "Plan Rows": 24234,
                          "Plan Width": 4,
                          "Actual Startup Time": 0.029,
                          "Actual Total Time": 79.148,
                          "Actual Rows": 17708,
                          "Actual Loops": 6,
                          "Filter": "((kind_id = 7) AND (production_year = 2011))",
                          "Rows Removed by Filter": 403678
                        }
                      ]
                    }
                  ]
                }
              ]
            }
          ]
        }
      ]
    },
    "Planning Time": 0.664,
    "Triggers": [],
    "Execution Time": 195.417
  }
]