{
  "Plan": {
    "Node Type": "Aggregate",
    "Strategy": "Plain",
    "Partial Mode": "Finalize",
    "Parallel Aware": false,
    "Startup Cost": 656409.95,
    "Total Cost": 656409.96,
    "Plan Rows": 1,
    "Plan Width": 64,
    "Actual Startup Time": 32336.099,
    "Actual Total Time": 32344.649,
    "Actual Rows": 1,
    "Actual Loops": 1,
    "Plans": [
      {
        "Node Type": "Gather",
        "Parent Relationship": "Outer",
        "Parallel Aware": false,
        "Startup Cost": 656409.83,
        "Total Cost": 656409.94,
        "Plan Rows": 1,
        "Plan Width": 64,
        "Actual Startup Time": 32336.081,
        "Actual Total Time": 32344.632,
        "Actual Rows": 1,
        "Actual Loops": 1,
        "Workers Planned": 1,
        "Workers Launched": 0,
        "Single Copy": false,
        "Plans": [
          {
            "Node Type": "Aggregate",
            "Strategy": "Plain",
            "Partial Mode": "Partial",
            "Parent Relationship": "Outer",
            "Parallel Aware": false,
            "Startup Cost": 655409.83,
            "Total Cost": 655409.84,
            "Plan Rows": 1,
            "Plan Width": 64,
            "Actual Startup Time": 32334.758,
            "Actual Total Time": 32334.79,
            "Actual Rows": 1,
            "Actual Loops": 1,
            "Plans": [
              {
                "Node Type": "Nested Loop",
                "Parent Relationship": "Outer",
                "Parallel Aware": false,
                "Join Type": "Inner",
                "Startup Cost": 300341.44,
                "Total Cost": 655405.95,
                "Plan Rows": 776,
                "Plan Width": 32,
                "Actual Startup Time": 2141.587,
                "Actual Total Time": 31955.69,
                "Actual Rows": 3047037,
                "Actual Loops": 1,
                "Inner Unique": true,
                "Plans": [
                  {
                    "Node Type": "Hash Join",
                    "Parent Relationship": "Outer",
                    "Parallel Aware": false,
                    "Join Type": "Inner",
                    "Startup Cost": 300341.01,
                    "Total Cost": 653624.96,
                    "Plan Rows": 3395,
                    "Plan Width": 25,
                    "Actual Startup Time": 2141.571,
                    "Actual Total Time": 27971.417,
                    "Actual Rows": 3048158,
                    "Actual Loops": 1,
                    "Inner Unique": true,
                    "Hash Cond": "(mi.info_type_id = it.id)",
                    "Plans": [
                      {
                        "Node Type": "Nested Loop",
                        "Parent Relationship": "Outer",
                        "Parallel Aware": false,
                        "Join Type": "Inner",
                        "Startup Cost": 300338.58,
                        "Total Cost": 652577.8,
                        "Plan Rows": 383605,
                        "Plan Width": 29,
                        "Actual Startup Time": 2141.492,
                        "Actual Total Time": 26771.6,
                        "Actual Rows": 15966563,
                        "Actual Loops": 1,
                        "Inner Unique": true,
                        "Plans": [
                          {
                            "Node Type": "Nested Loop",
                            "Parent Relationship": "Outer",
                            "Parallel Aware": false,
                            "Join Type": "Inner",
                            "Startup Cost": 300338.15,
                            "Total Cost": 461585.68,
                            "Plan Rows": 383605,
                            "Plan Width": 33,
                            "Actual Startup Time": 2141.475,
                            "Actual Total Time": 7719.249,
                            "Actual Rows": 16613956,
                            "Actual Loops": 1,
                            "Inner Unique": false,
                            "Join Filter": "(t.id = mi.movie_id)",
                            "Rows Removed by Join Filter": 0,
                            "Plans": [
                              {
                                "Node Type": "Hash Join",
                                "Parent Relationship": "Outer",
                                "Parallel Aware": true,
                                "Join Type": "Inner",
                                "Startup Cost": 300337.72,
                                "Total Cost": 341763.97,
                                "Plan Rows": 65357,
                                "Plan Width": 41,
                                "Actual Startup Time": 2141.451,
                                "Actual Total Time": 2918.792,
                                "Actual Rows": 240624,
                                "Actual Loops": 1,
                                "Inner Unique": true,
                                "Hash Cond": "(mc.company_id = cn.id)",
                                "Plans": [
                                  {
                                    "Node Type": "Hash Join",
                                    "Parent Relationship": "Outer",
                                    "Parallel Aware": true,
                                    "Join Type": "Inner",
                                    "Startup Cost": 294988.09,
                                    "Total Cost": 335941.32,
                                    "Plan Rows": 180196,
                                    "Plan Width": 45,
                                    "Actual Startup Time": 2081.688,
                                    "Actual Total Time": 2781.933,
                                    "Actual Rows": 564041,
                                    "Actual Loops": 1,
                                    "Inner Unique": false,
                                    "Hash Cond": "(mc.movie_id = t.id)",
                                    "Plans": [
                                      {
                                        "Node Type": "Seq Scan",
                                        "Parent Relationship": "Outer",
                                        "Parallel Aware": true,
                                        "Relation Name": "movie_companies",
                                        "Alias": "mc",
                                        "Startup Cost": 0.0,
                                        "Total Cost": 34137.82,
                                        "Plan Rows": 1534782,
                                        "Plan Width": 8,
                                        "Actual Startup Time": 0.007,
                                        "Actual Total Time": 178.267,
                                        "Actual Rows": 2609129,
                                        "Actual Loops": 1
                                      },
                                      {
                                        "Node Type": "Hash",
                                        "Parent Relationship": "Inner",
                                        "Parallel Aware": true,
                                        "Startup Cost": 292805.5,
                                        "Total Cost": 292805.5,
                                        "Plan Rows": 174607,
                                        "Plan Width": 37,
                                        "Actual Startup Time": 2078.428,
                                        "Actual Total Time": 2078.455,
                                        "Actual Rows": 176919,
                                        "Actual Loops": 1,
                                        "Hash Buckets": 524288,
                                        "Original Hash Buckets": 524288,
                                        "Hash Batches": 1,
                                        "Original Hash Batches": 1,
                                        "Peak Memory Usage": 17632,
                                        "Plans": [
                                          {
                                            "Node Type": "Hash Join",
                                            "Parent Relationship": "Outer",
                                            "Parallel Aware": true,
                                            "Join Type": "Inner",
                                            "Startup Cost": 225370.05,
                                            "Total Cost": 292805.5,
                                            "Plan Rows": 174607,
                                            "Plan Width": 37,
                                            "Actual Startup Time": 1601.67,
                                            "Actual Total Time": 2024.888,
                                            "Actual Rows": 176919,
                                            "Actual Loops": 1,
                                            "Inner Unique": true,
                                            "Hash Cond": "(ci.movie_id = t.id)",
                                            "Plans": [
                                              {
                                                "Node Type": "Merge Join",
                                                "Parent Relationship": "Outer",
                                                "Parallel Aware": false,
                                                "Join Type": "Inner",
                                                "Startup Cost": 163326.25,
                                                "Total Cost": 229618.96,
                                                "Plan Rows": 435332,
                                                "Plan Width": 16,
                                                "Actual Startup Time": 1004.545,
                                                "Actual Total Time": 1308.941,
                                                "Actual Rows": 581233,
                                                "Actual Loops": 1,
                                                "Inner Unique": false,
                                                "Merge Cond": "(an.person_id = ci.person_id)",
                                                "Plans": [
                                                  {
                                                    "Node Type": "Index Only Scan",
                                                    "Parent Relationship": "Outer",
                                                    "Parallel Aware": true,
                                                    "Scan Direction": "Forward",
                                                    "Index Name": "person_id_aka_name",
                                                    "Relation Name": "aka_name",
                                                    "Alias": "an",
                                                    "Startup Cost": 0.42,
                                                    "Total Cost": 68304.47,
                                                    "Plan Rows": 530202,
                                                    "Plan Width": 4,
                                                    "Actual Startup Time": 0.025,
                                                    "Actual Total Time": 174.215,
                                                    "Actual Rows": 578863,
                                                    "Actual Loops": 1,
                                                    "Heap Fetches": 578863
                                                  },
                                                  {
                                                    "Node Type": "Sort",
                                                    "Parent Relationship": "Inner",
                                                    "Parallel Aware": false,
                                                    "Startup Cost": 163314.14,
                                                    "Total Cost": 164103.12,
                                                    "Plan Rows": 315594,
                                                    "Plan Width": 12,
                                                    "Actual Startup Time": 1004.226,
                                                    "Actual Total Time": 1033.52,
                                                    "Actual Rows": 764273,
                                                    "Actual Loops": 1,
                                                    "Sort Key": [
                                                      "ci.person_id"
                                                    ],
                                                    "Sort Method": "quicksort",
                                                    "Sort Space Used": 30593,
                                                    "Sort Space Type": "Memory",
                                                    "Plans": [
                                                      {
                                                        "Node Type": "Nested Loop",
                                                        "Parent Relationship": "Outer",
                                                        "Parallel Aware": false,
                                                        "Join Type": "Inner",
                                                        "Startup Cost": 0.56,
                                                        "Total Cost": 134488.24,
                                                        "Plan Rows": 315594,
                                                        "Plan Width": 12,
                                                        "Actual Startup Time": 0.046,
                                                        "Actual Total Time": 937.809,
                                                        "Actual Rows": 390494,
                                                        "Actual Loops": 1,
                                                        "Inner Unique": false,
                                                        "Plans": [
                                                          {
                                                            "Node Type": "Seq Scan",
                                                            "Parent Relationship": "Outer",
                                                            "Parallel Aware": false,
                                                            "Relation Name": "role_type",
                                                            "Alias": "rt",
                                                            "Startup Cost": 0.0,
                                                            "Total Cost": 1.15,
                                                            "Plan Rows": 1,
                                                            "Plan Width": 4,
                                                            "Actual Startup Time": 0.014,
                                                            "Actual Total Time": 0.018,
                                                            "Actual Rows": 1,
                                                            "Actual Loops": 1,
                                                            "Filter": "((role)::text = 'actress'::text)",
                                                            "Rows Removed by Filter": 11
                                                          },
                                                          {
                                                            "Node Type": "Index Scan",
                                                            "Parent Relationship": "Inner",
                                                            "Parallel Aware": false,
                                                            "Scan Direction": "Forward",
                                                            "Index Name": "role_id_cast_info",
                                                            "Relation Name": "cast_info",
                                                            "Alias": "ci",
                                                            "Startup Cost": 0.56,
                                                            "Total Cost": 131044.24,
                                                            "Plan Rows": 344285,
                                                            "Plan Width": 16,
                                                            "Actual Startup Time": 0.027,
                                                            "Actual Total Time": 909.878,
                                                            "Actual Rows": 390494,
                                                            "Actual Loops": 1,
                                                            "Index Cond": "(role_id = rt.id)",
                                                            "Rows Removed by Index Recheck": 0,
                                                            "Filter": "(note = ANY ('{(uncredited),\"(executive producer)\",(producer),(voice)}'::text[]))",
                                                            "Rows Removed by Filter": 7061479
                                                          }
                                                        ]
                                                      }
                                                    ]
                                                  }
                                                ]
                                              },
                                              {
                                                "Node Type": "Hash",
                                                "Parent Relationship": "Inner",
                                                "Parallel Aware": true,
                                                "Startup Cost": 54587.68,
                                                "Total Cost": 54587.68,
                                                "Plan Rows": 596489,
                                                "Plan Width": 21,
                                                "Actual Startup Time": 590.463,
                                                "Actual Total Time": 590.464,
                                                "Actual Rows": 1012920,
                                                "Actual Loops": 1,
                                                "Hash Buckets": 1048576,
                                                "Original Hash Buckets": 1048576,
                                                "Hash Batches": 1,
                                                "Original Hash Batches": 1,
                                                "Peak Memory Usage": 65024,
                                                "Plans": [
                                                  {
                                                    "Node Type": "Seq Scan",
                                                    "Parent Relationship": "Outer",
                                                    "Parallel Aware": true,
                                                    "Relation Name": "title",
                                                    "Alias": "t",
                                                    "Startup Cost": 0.0,
                                                    "Total Cost": 54587.68,
                                                    "Plan Rows": 596489,
                                                    "Plan Width": 21,
                                                    "Actual Startup Time": 0.009,
                                                    "Actual Total Time": 285.515,
                                                    "Actual Rows": 1012920,
                                                    "Actual Loops": 1,
                                                    "Filter": "(production_year > 2005)",
                                                    "Rows Removed by Filter": 1515392
                                                  }
                                                ]
                                              }
                                            ]
                                          }
                                        ]
                                      }
                                    ]
                                  },
                                  {
                                    "Node Type": "Hash",
                                    "Parent Relationship": "Inner",
                                    "Parallel Aware": true,
                                    "Startup Cost": 4722.92,
                                    "Total Cost": 4722.92,
                                    "Plan Rows": 50137,
                                    "Plan Width": 4,
                                    "Actual Startup Time": 56.643,
                                    "Actual Total Time": 56.643,
                                    "Actual Rows": 84843,
                                    "Actual Loops": 1,
                                    "Hash Buckets": 131072,
                                    "Original Hash Buckets": 131072,
                                    "Hash Batches": 1,
                                    "Original Hash Batches": 1,
                                    "Peak Memory Usage": 4352,
                                    "Plans": [
                                      {
                                        "Node Type": "Seq Scan",
                                        "Parent Relationship": "Outer",
                                        "Parallel Aware": true,
                                        "Relation Name": "company_name",
                                        "Alias": "cn",
                                        "Startup Cost": 0.0,
                                        "Total Cost": 4722.92,
                                        "Plan Rows": 50137,
                                        "Plan Width": 4,
                                        "Actual Startup Time": 0.02,
                                        "Actual Total Time": 36.375,
                                        "Actual Rows": 84843,
                                        "Actual Loops": 1,
                                        "Filter": "((country_code)::text = '[us]'::text)",
                                        "Rows Removed by Filter": 150154
                                      }
                                    ]
                                  }
                                ]
                              },
                              {
                                "Node Type": "Index Scan",
                                "Parent Relationship": "Inner",
                                "Parallel Aware": false,
                                "Scan Direction": "Forward",
                                "Index Name": "movie_id_movie_info",
                                "Relation Name": "movie_info",
                                "Alias": "mi",
                                "Startup Cost": 0.43,
                                "Total Cost": 1.35,
                                "Plan Rows": 39,
                                "Plan Width": 8,
                                "Actual Startup Time": 0.002,
                                "Actual Total Time": 0.012,
                                "Actual Rows": 69,
                                "Actual Loops": 240624,
                                "Index Cond": "(movie_id = ci.movie_id)",
                                "Rows Removed by Index Recheck": 0
                              }
                            ]
                          },
                          {
                            "Node Type": "Index Only Scan",
                            "Parent Relationship": "Inner",
                            "Parallel Aware": false,
                            "Scan Direction": "Forward",
                            "Index Name": "char_name_pkey",
                            "Relation Name": "char_name",
                            "Alias": "chn",
                            "Startup Cost": 0.43,
                            "Total Cost": 0.5,
                            "Plan Rows": 1,
                            "Plan Width": 4,
                            "Actual Startup Time": 0.001,
                            "Actual Total Time": 0.001,
                            "Actual Rows": 1,
                            "Actual Loops": 16613956,
                            "Index Cond": "(id = ci.person_role_id)",
                            "Rows Removed by Index Recheck": 0,
                            "Heap Fetches": 15966563
                          }
                        ]
                      },
                      {
                        "Node Type": "Hash",
                        "Parent Relationship": "Inner",
                        "Parallel Aware": false,
                        "Startup Cost": 2.41,
                        "Total Cost": 2.41,
                        "Plan Rows": 1,
                        "Plan Width": 4,
                        "Actual Startup Time": 0.055,
                        "Actual Total Time": 0.056,
                        "Actual Rows": 1,
                        "Actual Loops": 1,
                        "Hash Buckets": 1024,
                        "Original Hash Buckets": 1024,
                        "Hash Batches": 1,
                        "Original Hash Batches": 1,
                        "Peak Memory Usage": 9,
                        "Plans": [
                          {
                            "Node Type": "Seq Scan",
                            "Parent Relationship": "Outer",
                            "Parallel Aware": false,
                            "Relation Name": "info_type",
                            "Alias": "it",
                            "Startup Cost": 0.0,
                            "Total Cost": 2.41,
                            "Plan Rows": 1,
                            "Plan Width": 4,
                            "Actual Startup Time": 0.03,
                            "Actual Total Time": 0.048,
                            "Actual Rows": 1,
                            "Actual Loops": 1,
                            "Filter": "((info)::text = 'release dates'::text)",
                            "Rows Removed by Filter": 112
                          }
                        ]
                      }
                    ]
                  },
                  {
                    "Node Type": "Index Scan",
                    "Parent Relationship": "Inner",
                    "Parallel Aware": false,
                    "Scan Direction": "Forward",
                    "Index Name": "name_pkey",
                    "Relation Name": "name",
                    "Alias": "n",
                    "Startup Cost": 0.43,
                    "Total Cost": 0.52,
                    "Plan Rows": 1,
                    "Plan Width": 19,
                    "Actual Startup Time": 0.001,
                    "Actual Total Time": 0.001,
                    "Actual Rows": 1,
                    "Actual Loops": 3048158,
                    "Index Cond": "(id = ci.person_id)",
                    "Rows Removed by Index Recheck": 0,
                    "Filter": "((gender)::text = 'f'::text)",
                    "Rows Removed by Filter": 0
                  }
                ]
              }
            ]
          }
        ]
      }
    ]
  },
  "Planning Time": 3.248,
  "Triggers": [],
  "Execution Time": 32344.903
}