[
  {
    "Plan": {
      "Node Type": "Aggregate",
      "Strategy": "Plain",
      "Partial Mode": "Finalize",
      "Parallel Aware": false,
      "Startup Cost": 9786.34,
      "Total Cost": 9786.35,
      "Plan Rows": 1,
      "Plan Width": 8,
      "Actual Startup Time": 35.444,
      "Actual Total Time": 37.863,
      "Actual Rows": 1,
      "Actual Loops": 1,
      "Plans": [
        {
          "Node Type": "Gather",
          "Parent Relationship": "Outer",
          "Parallel Aware": false,
          "Startup Cost": 9786.03,
          "Total Cost": 9786.34,
          "Plan Rows": 3,
          "Plan Width": 8,
          "Actual Startup Time": 35.377,
          "Actual Total Time": 37.858,
          "Actual Rows": 4,
          "Actual Loops": 1,
          "Workers Planned": 3,
          "Workers Launched": 3,
          "Single Copy": false,
          "Plans": [
            {
              "Node Type": "Aggregate",
              "Strategy": "Plain",
              "Partial Mode": "Partial",
              "Parent Relationship": "Outer",
              "Parallel Aware": false,
              "Startup Cost": 8786.03,
              "Total Cost": 8786.04,
              "Plan Rows": 1,
              "Plan Width": 8,
              "Actual Startup Time": 29.366,
              "Actual Total Time": 29.367,
              "Actual Rows": 1,
              "Actual Loops": 4,
              "Plans": [
                {
                  "Node Type": "Index Scan",
                  "Parent Relationship": "Outer",
                  "Parallel Aware": true,
                  "Scan Direction": "Forward",
                  "Index Name": "role_id_cast_info",
                  "Relation Name": "cast_info",
                  "Alias": "ci",
                  "Startup Cost": 0.56,
                  "Total Cost": 8600.37,
                  "Plan Rows": 74262,
                  "Plan Width": 0,
                  "Actual Startup Time": 0.117,
                  "Actual Total Time": 24.426,
                  "Actual Rows": 70552,
                  "Actual Loops": 4,
                  "Index Cond": "(role_id > 10)",
                  "Rows Removed by Index Recheck": 0,
                  "Filter": "(person_id > 824888)",
                  "Rows Removed by Filter": 8478
                }
              ]
            }
          ]
        }
      ]
    },
    "Planning Time": 0.119,
    "Triggers": [],
    "Execution Time": 37.897
  }
]