{
    "Plan": {
        "Node Type": "Aggregate",
        "Strategy": "Plain",
        "Partial Mode": "Finalize",
        "Parallel Aware": false,
        "Startup Cost": 107125.56,
        "Total Cost": 107125.57,
        "Plan Rows": 1,
        "Plan Width": 8,
        "Actual Startup Time": 184.508,
        "Actual Total Time": 195.084,
        "Actual Rows": 1,
        "Actual Loops": 1,
        "Output": [
            "count(*)"
        ],
        "Plans": [
            {
                "Node Type": "Gather",
                "Parent Relationship": "Outer",
                "Parallel Aware": false,
                "Startup Cost": 107125.14,
                "Total Cost": 107125.55,
                "Plan Rows": 4,
                "Plan Width": 8,
                "Actual Startup Time": 184.237,
                "Actual Total Time": 195.076,
                "Actual Rows": 5,
                "Actual Loops": 1,
                "Output": [
                    "(PARTIAL count(*))"
                ],
                "Workers Planned": 4,
                "Workers Launched": 4,
                "Single Copy": false,
                "Plans": [
                    {
                        "Node Type": "Aggregate",
                        "Strategy": "Plain",
                        "Partial Mode": "Partial",
                        "Parent Relationship": "Outer",
                        "Parallel Aware": false,
                        "Startup Cost": 106125.14,
                        "Total Cost": 106125.15,
                        "Plan Rows": 1,
                        "Plan Width": 8,
                        "Actual Startup Time": 173.96,
                        "Actual Total Time": 173.964,
                        "Actual Rows": 1,
                        "Actual Loops": 5,
                        "Output": [
                            "PARTIAL count(*)"
                        ],
                        "Workers": [
                            {
                                "Worker Number": 0,
                                "Actual Startup Time": 171.481,
                                "Actual Total Time": 171.484,
                                "Actual Rows": 1,
                                "Actual Loops": 1
                            },
                            {
                                "Worker Number": 1,
                                "Actual Startup Time": 171.642,
                                "Actual Total Time": 171.645,
                                "Actual Rows": 1,
                                "Actual Loops": 1
                            },
                            {
                                "Worker Number": 2,
                                "Actual Startup Time": 171.641,
                                "Actual Total Time": 171.644,
                                "Actual Rows": 1,
                                "Actual Loops": 1
                            },
                            {
                                "Worker Number": 3,
                                "Actual Startup Time": 171.703,
                                "Actual Total Time": 171.706,
                                "Actual Rows": 1,
                                "Actual Loops": 1
                            }
                        ],
                        "Plans": [
                            {
                                "Node Type": "Nested Loop",
                                "Parent Relationship": "Outer",
                                "Parallel Aware": false,
                                "Join Type": "Inner",
                                "Startup Cost": 26788.83,
                                "Total Cost": 106117.82,
                                "Plan Rows": 2929,
                                "Plan Width": 0,
                                "Actual Startup Time": 64.061,
                                "Actual Total Time": 173.926,
                                "Actual Rows": 331,
                                "Actual Loops": 5,
                                "Inner Unique": false,
                                "Workers": [
                                    {
                                        "Worker Number": 0,
                                        "Actual Startup Time": 84.368,
                                        "Actual Total Time": 171.451,
                                        "Actual Rows": 226,
                                        "Actual Loops": 1
                                    },
                                    {
                                        "Worker Number": 1,
                                        "Actual Startup Time": 68.857,
                                        "Actual Total Time": 171.604,
                                        "Actual Rows": 387,
                                        "Actual Loops": 1
                                    },
                                    {
                                        "Worker Number": 2,
                                        "Actual Startup Time": 66.366,
                                        "Actual Total Time": 171.608,
                                        "Actual Rows": 298,
                                        "Actual Loops": 1
                                    },
                                    {
                                        "Worker Number": 3,
                                        "Actual Startup Time": 50.73,
                                        "Actual Total Time": 171.675,
                                        "Actual Rows": 203,
                                        "Actual Loops": 1
                                    }
                                ],
                                "Plans": [
                                    {
                                        "Node Type": "Hash Join",
                                        "Parent Relationship": "Outer",
                                        "Parallel Aware": false,
                                        "Join Type": "Inner",
                                        "Startup Cost": 26788.39,
                                        "Total Cost": 100744.43,
                                        "Plan Rows": 3323,
                                        "Plan Width": 8,
                                        "Actual Startup Time": 49.533,
                                        "Actual Total Time": 164.405,
                                        "Actual Rows": 1545,
                                        "Actual Loops": 5,
                                        "Output": [
                                            "t.id",
                                            "ci.movie_id"
                                        ],
                                        "Inner Unique": false,
                                        "Hash Cond": "(t.id = ci.movie_id)",
                                        "Workers": [
                                            {
                                                "Worker Number": 0,
                                                "Actual Startup Time": 62.359,
                                                "Actual Total Time": 162.581,
                                                "Actual Rows": 1034,
                                                "Actual Loops": 1
                                            },
                                            {
                                                "Worker Number": 1,
                                                "Actual Startup Time": 50.348,
                                                "Actual Total Time": 161.26,
                                                "Actual Rows": 1621,
                                                "Actual Loops": 1
                                            },
                                            {
                                                "Worker Number": 2,
                                                "Actual Startup Time": 41.168,
                                                "Actual Total Time": 161.467,
                                                "Actual Rows": 1550,
                                                "Actual Loops": 1
                                            },
                                            {
                                                "Worker Number": 3,
                                                "Actual Startup Time": 43.879,
                                                "Actual Total Time": 161.288,
                                                "Actual Rows": 1670,
                                                "Actual Loops": 1
                                            }
                                        ],
                                        "Plans": [
                                            {
                                                "Node Type": "Seq Scan",
                                                "Parent Relationship": "Outer",
                                                "Parallel Aware": true,
                                                "Relation Name": "title",
                                                "Schema": "public",
                                                "Alias": "t",
                                                "Startup Cost": 0.0,
                                                "Total Cost": 42318.81,
                                                "Plan Rows": 632080,
                                                "Plan Width": 4,
                                                "Actual Startup Time": 0.053,
                                                "Actual Total Time": 76.245,
                                                "Actual Rows": 505662,
                                                "Actual Loops": 5,
                                                "Output": [
                                                    "t.id",
                                                    "t.title",
                                                    "t.imdb_index",
                                                    "t.kind_id",
                                                    "t.production_year",
                                                    "t.imdb_id",
                                                    "t.phonetic_code",
                                                    "t.episode_of_id",
                                                    "t.season_nr",
                                                    "t.episode_nr",
                                                    "t.series_years",
                                                    "t.md5sum"
                                                ],
                                                "Workers": [
                                                    {
                                                        "Worker Number": 0,
                                                        "Actual Startup Time": 0.055,
                                                        "Actual Total Time": 76.318,
                                                        "Actual Rows": 358096,
                                                        "Actual Loops": 1
                                                    },
                                                    {
                                                        "Worker Number": 1,
                                                        "Actual Startup Time": 0.066,
                                                        "Actual Total Time": 77.367,
                                                        "Actual Rows": 505639,
                                                        "Actual Loops": 1
                                                    },
                                                    {
                                                        "Worker Number": 2,
                                                        "Actual Startup Time": 0.067,
                                                        "Actual Total Time": 77.506,
                                                        "Actual Rows": 498275,
                                                        "Actual Loops": 1
                                                    },
                                                    {
                                                        "Worker Number": 3,
                                                        "Actual Startup Time": 0.064,
                                                        "Actual Total Time": 77.48,
                                                        "Actual Rows": 503792,
                                                        "Actual Loops": 1
                                                    }
                                                ]
                                            },
                                            {
                                                "Node Type": "Hash",
                                                "Parent Relationship": "Inner",
                                                "Parallel Aware": false,
                                                "Startup Cost": 26622.23,
                                                "Total Cost": 26622.23,
                                                "Plan Rows": 13293,
                                                "Plan Width": 4,
                                                "Actual Startup Time": 37.171,
                                                "Actual Total Time": 37.172,
                                                "Actual Rows": 7725,
                                                "Actual Loops": 5,
                                                "Output": [
                                                    "ci.movie_id"
                                                ],
                                                "Hash Buckets": 16384,
                                                "Original Hash Buckets": 16384,
                                                "Hash Batches": 1,
                                                "Original Hash Batches": 1,
                                                "Peak Memory Usage": 400,
                                                "Workers": [
                                                    {
                                                        "Worker Number": 0,
                                                        "Actual Startup Time": 34.747,
                                                        "Actual Total Time": 34.748,
                                                        "Actual Rows": 7725,
                                                        "Actual Loops": 1
                                                    },
                                                    {
                                                        "Worker Number": 1,
                                                        "Actual Startup Time": 34.886,
                                                        "Actual Total Time": 34.887,
                                                        "Actual Rows": 7725,
                                                        "Actual Loops": 1
                                                    },
                                                    {
                                                        "Worker Number": 2,
                                                        "Actual Startup Time": 34.832,
                                                        "Actual Total Time": 34.833,
                                                        "Actual Rows": 7725,
                                                        "Actual Loops": 1
                                                    },
                                                    {
                                                        "Worker Number": 3,
                                                        "Actual Startup Time": 34.935,
                                                        "Actual Total Time": 34.935,
                                                        "Actual Rows": 7725,
                                                        "Actual Loops": 1
                                                    }
                                                ],
                                                "Plans": [
                                                    {
                                                        "Node Type": "Index Scan",
                                                        "Parent Relationship": "Outer",
                                                        "Parallel Aware": false,
                                                        "Scan Direction": "Forward",
                                                        "Index Name": "person_id_cast_info",
                                                        "Relation Name": "cast_info",
                                                        "Schema": "public",
                                                        "Alias": "ci",
                                                        "Startup Cost": 0.56,
                                                        "Total Cost": 26622.23,
                                                        "Plan Rows": 13293,
                                                        "Plan Width": 4,
                                                        "Actual Startup Time": 10.606,
                                                        "Actual Total Time": 33.158,
                                                        "Actual Rows": 7725,
                                                        "Actual Loops": 5,
                                                        "Output": [
                                                            "ci.movie_id"
                                                        ],
                                                        "Index Cond": "(ci.person_id = 1495180)",
                                                        "Rows Removed by Index Recheck": 0,
                                                        "Workers": [
                                                            {
                                                                "Worker Number": 0,
                                                                "Actual Startup Time": 8.126,
                                                                "Actual Total Time": 30.649,
                                                                "Actual Rows": 7725,
                                                                "Actual Loops": 1
                                                            },
                                                            {
                                                                "Worker Number": 1,
                                                                "Actual Startup Time": 8.226,
                                                                "Actual Total Time": 30.762,
                                                                "Actual Rows": 7725,
                                                                "Actual Loops": 1
                                                            },
                                                            {
                                                                "Worker Number": 2,
                                                                "Actual Startup Time": 8.186,
                                                                "Actual Total Time": 30.616,
                                                                "Actual Rows": 7725,
                                                                "Actual Loops": 1
                                                            },
                                                            {
                                                                "Worker Number": 3,
                                                                "Actual Startup Time": 8.222,
                                                                "Actual Total Time": 30.865,
                                                                "Actual Rows": 7725,
                                                                "Actual Loops": 1
                                                            }
                                                        ]
                                                    }
                                                ]
                                            }
                                        ]
                                    },
                                    {
                                        "Node Type": "Index Scan",
                                        "Parent Relationship": "Inner",
                                        "Parallel Aware": false,
                                        "Scan Direction": "Forward",
                                        "Index Name": "movie_id_movie_info",
                                        "Relation Name": "movie_info",
                                        "Schema": "public",
                                        "Alias": "mi",
                                        "Startup Cost": 0.43,
                                        "Total Cost": 1.56,
                                        "Plan Rows": 6,
                                        "Plan Width": 4,
                                        "Actual Startup Time": 0.005,
                                        "Actual Total Time": 0.006,
                                        "Actual Rows": 0,
                                        "Actual Loops": 7725,
                                        "Output": [
                                            "mi.id",
                                            "mi.movie_id",
                                            "mi.info_type_id",
                                            "mi.info",
                                            "mi.note"
                                        ],
                                        "Index Cond": "(mi.movie_id = t.id)",
                                        "Rows Removed by Index Recheck": 0,
                                        "Filter": "(mi.info_type_id > 16)",
                                        "Rows Removed by Filter": 4,
                                        "Workers": [
                                            {
                                                "Worker Number": 0,
                                                "Actual Startup Time": 0.007,
                                                "Actual Total Time": 0.008,
                                                "Actual Rows": 0,
                                                "Actual Loops": 1034
                                            },
                                            {
                                                "Worker Number": 1,
                                                "Actual Startup Time": 0.005,
                                                "Actual Total Time": 0.006,
                                                "Actual Rows": 0,
                                                "Actual Loops": 1621
                                            },
                                            {
                                                "Worker Number": 2,
                                                "Actual Startup Time": 0.005,
                                                "Actual Total Time": 0.006,
                                                "Actual Rows": 0,
                                                "Actual Loops": 1550
                                            },
                                            {
                                                "Worker Number": 3,
                                                "Actual Startup Time": 0.005,
                                                "Actual Total Time": 0.006,
                                                "Actual Rows": 0,
                                                "Actual Loops": 1670
                                            }
                                        ]
                                    }
                                ]
                            }
                        ]
                    }
                ]
            }
        ]
    },
    "Planning Time": 1.684,
    "Triggers": [],
    "Execution Time": 195.184
}