[
  {
    "Plan": {
      "Node Type": "Aggregate",
      "Strategy": "Plain",
      "Partial Mode": "Finalize",
      "Parallel Aware": false,
      "Startup Cost": 75904.02,
      "Total Cost": 75904.03,
      "Plan Rows": 1,
      "Plan Width": 8,
      "Actual Startup Time": 163.627,
      "Actual Total Time": 181.031,
      "Actual Rows": 1,
      "Actual Loops": 1,
      "Plans": [
        {
          "Node Type": "Gather",
          "Parent Relationship": "Outer",
          "Parallel Aware": false,
          "Startup Cost": 75903.71,
          "Total Cost": 75904.02,
          "Plan Rows": 3,
          "Plan Width": 8,
          "Actual Startup Time": 163.093,
          "Actual Total Time": 181.024,
          "Actual Rows": 4,
          "Actual Loops": 1,
          "Workers Planned": 3,
          "Workers Launched": 3,
          "Single Copy": false,
          "Plans": [
            {
              "Node Type": "Aggregate",
              "Strategy": "Plain",
              "Partial Mode": "Partial",
              "Parent Relationship": "Outer",
              "Parallel Aware": false,
              "Startup Cost": 74903.71,
              "Total Cost": 74903.72,
              "Plan Rows": 1,
              "Plan Width": 8,
              "Actual Startup Time": 153.947,
              "Actual Total Time": 153.951,
              "Actual Rows": 1,
              "Actual Loops": 4,
              "Plans": [
                {
                  "Node Type": "Hash Join",
                  "Parent Relationship": "Outer",
                  "Parallel Aware": true,
                  "Join Type": "Inner",
                  "Startup Cost": 49543.3,
                  "Total Cost": 74901.21,
                  "Plan Rows": 998,
                  "Plan Width": 0,
                  "Actual Startup Time": 112.007,
                  "Actual Total Time": 153.843,
                  "Actual Rows": 1091,
                  "Actual Loops": 4,
                  "Inner Unique": true,
                  "Hash Cond": "(mk.movie_id = t.id)",
                  "Plans": [
                    {
                      "Node Type": "Bitmap Heap Scan",
                      "Parent Relationship": "Outer",
                      "Parallel Aware": true,
                      "Relation Name": "movie_keyword",
                      "Alias": "mk",
                      "Startup Cost": 3932.24,
                      "Total Cost": 29133.27,
                      "Plan Rows": 59763,
                      "Plan Width": 4,
                      "Actual Startup Time": 14.402,
                      "Actual Total Time": 49.767,
                      "Actual Rows": 46927,
                      "Actual Loops": 4,
                      "Recheck Cond": "(keyword_id > 71399)",
                      "Rows Removed by Index Recheck": 0,
                      "Exact Heap Blocks": 7840,
                      "Lossy Heap Blocks": 0,
                      "Plans": [
                        {
                          "Node Type": "Bitmap Index Scan",
                          "Parent Relationship": "Outer",
                          "Parallel Aware": false,
                          "Index Name": "keyword_id_movie_keyword",
                          "Startup Cost": 0.0,
                          "Total Cost": 3885.92,
                          "Plan Rows": 185265,
                          "Plan Width": 0,
                          "Actual Startup Time": 11.411,
                          "Actual Total Time": 11.411,
                          "Actual Rows": 187709,
                          "Actual Loops": 1,
                          "Index Cond": "(keyword_id > 71399)"
                        }
                      ]
                    },
                    {
                      "Node Type": "Hash",
                      "Parent Relationship": "Inner",
                      "Parallel Aware": true,
                      "Startup Cost": 45479.1,
                      "Total Cost": 45479.1,
                      "Plan Rows": 10557,
                      "Plan Width": 4,
                      "Actual Startup Time": 95.716,
                      "Actual Total Time": 95.717,
                      "Actual Rows": 9890,
                      "Actual Loops": 4,
                      "Hash Buckets": 65536,
                      "Original Hash Buckets": 65536,
                      "Hash Batches": 1,
                      "Original Hash Batches": 1,
                      "Peak Memory Usage": 2144,
                      "Plans": [
                        {
                          "Node Type": "Seq Scan",
                          "Parent Relationship": "Outer",
                          "Parallel Aware": true,
                          "Relation Name": "title",
                          "Alias": "t",
                          "Startup Cost": 0.0,
                          "Total Cost": 45479.1,
                          "Plan Rows": 10557,
                          "Plan Width": 4,
                          "Actual Startup Time": 47.039,
                          "Actual Total Time": 92.441,
                          "Actual Rows": 9890,
                          "Actual Loops": 4,
                          "Filter": "((kind_id = 1) AND (production_year = 2012))",
                          "Rows Removed by Filter": 622188
                        }
                      ]
                    }
                  ]
                }
              ]
            }
          ]
        }
      ]
    },
    "Planning Time": 0.62,
    "Triggers": [],
    "Execution Time": 181.123
  }
]