[
  {
    "Plan": {
      "Node Type": "Aggregate",
      "Strategy": "Plain",
      "Partial Mode": "Finalize",
      "Parallel Aware": false,
      "Startup Cost": 98404.79,
      "Total Cost": 98404.8,
      "Plan Rows": 1,
      "Plan Width": 8,
      "Actual Startup Time": 752.18,
      "Actual Total Time": 768.168,
      "Actual Rows": 1,
      "Actual Loops": 1,
      "Plans": [
        {
          "Node Type": "Gather",
          "Parent Relationship": "Outer",
          "Parallel Aware": false,
          "Startup Cost": 98404.57,
          "Total Cost": 98404.78,
          "Plan Rows": 2,
          "Plan Width": 8,
          "Actual Startup Time": 748.591,
          "Actual Total Time": 768.16,
          "Actual Rows": 3,
          "Actual Loops": 1,
          "Workers Planned": 2,
          "Workers Launched": 2,
          "Single Copy": false,
          "Plans": [
            {
              "Node Type": "Aggregate",
              "Strategy": "Plain",
              "Partial Mode": "Partial",
              "Parent Relationship": "Outer",
              "Parallel Aware": false,
              "Startup Cost": 97404.57,
              "Total Cost": 97404.58,
              "Plan Rows": 1,
              "Plan Width": 8,
              "Actual Startup Time": 740.22,
              "Actual Total Time": 740.226,
              "Actual Rows": 1,
              "Actual Loops": 3,
              "Plans": [
                {
                  "Node Type": "Hash Join",
                  "Parent Relationship": "Outer",
                  "Parallel Aware": true,
                  "Join Type": "Inner",
                  "Startup Cost": 80907.08,
                  "Total Cost": 97076.55,
                  "Plan Rows": 131209,
                  "Plan Width": 0,
                  "Actual Startup Time": 595.135,
                  "Actual Total Time": 728.27,
                  "Actual Rows": 292865,
                  "Actual Loops": 3,
                  "Inner Unique": false,
                  "Hash Cond": "(mi_idx.movie_id = t.id)",
                  "Plans": [
                    {
                      "Node Type": "Seq Scan",
                      "Parent Relationship": "Outer",
                      "Parallel Aware": true,
                      "Relation Name": "movie_info_idx",
                      "Alias": "mi_idx",
                      "Startup Cost": 0.0,
                      "Total Cost": 13685.15,
                      "Plan Rows": 575015,
                      "Plan Width": 4,
                      "Actual Startup Time": 0.03,
                      "Actual Total Time": 37.869,
                      "Actual Rows": 460012,
                      "Actual Loops": 3
                    },
                    {
                      "Node Type": "Hash",
                      "Parent Relationship": "Inner",
                      "Parallel Aware": true,
                      "Startup Cost": 79104.23,
                      "Total Cost": 79104.23,
                      "Plan Rows": 144228,
                      "Plan Width": 8,
                      "Actual Startup Time": 588.438,
                      "Actual Total Time": 588.442,
                      "Actual Rows": 199426,
                      "Actual Loops": 3,
                      "Hash Buckets": 1048576,
                      "Original Hash Buckets": 1048576,
                      "Hash Batches": 1,
                      "Original Hash Batches": 1,
                      "Peak Memory Usage": 31648,
                      "Plans": [
                        {
                          "Node Type": "Hash Join",
                          "Parent Relationship": "Outer",
                          "Parallel Aware": true,
                          "Join Type": "Inner",
                          "Startup Cost": 32158.33,
                          "Total Cost": 79104.23,
                          "Plan Rows": 144228,
                          "Plan Width": 8,
                          "Actual Startup Time": 176.711,
                          "Actual Total Time": 522.623,
                          "Actual Rows": 199426,
                          "Actual Loops": 3,
                          "Inner Unique": false,
                          "Hash Cond": "(t.id = mc.movie_id)",
                          "Plans": [
                            {
                              "Node Type": "Seq Scan",
                              "Parent Relationship": "Outer",
                              "Parallel Aware": true,
                              "Relation Name": "title",
                              "Alias": "t",
                              "Startup Cost": 0.0,
                              "Total Cost": 43898.92,
                              "Plan Rows": 516346,
                              "Plan Width": 4,
                              "Actual Startup Time": 0.014,
                              "Actual Total Time": 123.104,
                              "Actual Rows": 688184,
                              "Actual Loops": 3,
                              "Filter": "(production_year < 2011)",
                              "Rows Removed by Filter": 154587
                            },
                            {
                              "Node Type": "Hash",
                              "Parent Relationship": "Inner",
                              "Parallel Aware": true,
                              "Startup Cost": 29310.68,
                              "Total Cost": 29310.68,
                              "Plan Rows": 227812,
                              "Plan Width": 4,
                              "Actual Startup Time": 172.932,
                              "Actual Total Time": 172.933,
                              "Actual Rows": 240187,
                              "Actual Loops": 3,
                              "Hash Buckets": 1048576,
                              "Original Hash Buckets": 1048576,
                              "Hash Batches": 1,
                              "Original Hash Batches": 1,
                              "Peak Memory Usage": 36448,
                              "Plans": [
                                {
                                  "Node Type": "Seq Scan",
                                  "Parent Relationship": "Outer",
                                  "Parallel Aware": true,
                                  "Relation Name": "movie_companies",
                                  "Alias": "mc",
                                  "Startup Cost": 0.0,
                                  "Total Cost": 29310.68,
                                  "Plan Rows": 227812,
                                  "Plan Width": 4,
                                  "Actual Startup Time": 34.817,
                                  "Actual Total Time": 102.344,
                                  "Actual Rows": 240187,
                                  "Actual Loops": 3,
                                  "Filter": "(company_id > 42220)",
                                  "Rows Removed by Filter": 629523
                                }
                              ]
                            }
                          ]
                        }
                      ]
                    }
                  ]
                }
              ]
            }
          ]
        }
      ]
    },
    "Planning Time": 1.484,
    "Triggers": [],
    "Execution Time": 768.26
  }
]