[
  {
    "Plan": {
      "Node Type": "Aggregate",
      "Strategy": "Plain",
      "Partial Mode": "Simple",
      "Parallel Aware": false,
      "Startup Cost": 953.43,
      "Total Cost": 953.44,
      "Plan Rows": 1,
      "Plan Width": 96,
      "Actual Startup Time": 11.354,
      "Actual Total Time": 11.363,
      "Actual Rows": 1,
      "Actual Loops": 1,
      "Plans": [
        {
          "Node Type": "Nested Loop",
          "Parent Relationship": "Outer",
          "Parallel Aware": false,
          "Join Type": "Inner",
          "Startup Cost": 340.57,
          "Total Cost": 953.42,
          "Plan Rows": 1,
          "Plan Width": 48,
          "Actual Startup Time": 7.417,
          "Actual Total Time": 11.302,
          "Actual Rows": 171,
          "Actual Loops": 1,
          "Inner Unique": false,
          "Join Filter": "(ml.movie_id = mi.movie_id)",
          "Rows Removed by Join Filter": 0,
          "Plans": [
            {
              "Node Type": "Nested Loop",
              "Parent Relationship": "Outer",
              "Parallel Aware": false,
              "Join Type": "Inner",
              "Startup Cost": 340.13,
              "Total Cost": 951.59,
              "Plan Rows": 1,
              "Plan Width": 68,
              "Actual Startup Time": 7.177,
              "Actual Total Time": 10.412,
              "Actual Rows": 57,
              "Actual Loops": 1,
              "Inner Unique": true,
              "Plans": [
                {
                  "Node Type": "Nested Loop",
                  "Parent Relationship": "Outer",
                  "Parallel Aware": false,
                  "Join Type": "Inner",
                  "Startup Cost": 339.71,
                  "Total Cost": 939.65,
                  "Plan Rows": 27,
                  "Plan Width": 72,
                  "Actual Startup Time": 6.943,
                  "Actual Total Time": 9.164,
                  "Actual Rows": 513,
                  "Actual Loops": 1,
                  "Inner Unique": false,
                  "Join Filter": "(ml.movie_id = mk.movie_id)",
                  "Rows Removed by Join Filter": 0,
                  "Plans": [
                    {
                      "Node Type": "Nested Loop",
                      "Parent Relationship": "Outer",
                      "Parallel Aware": false,
                      "Join Type": "Inner",
                      "Startup Cost": 339.28,
                      "Total Cost": 937.7,
                      "Plan Rows": 1,
                      "Plan Width": 64,
                      "Actual Startup Time": 6.888,
                      "Actual Total Time": 8.803,
                      "Actual Rows": 57,
                      "Actual Loops": 1,
                      "Inner Unique": true,
                      "Join Filter": "(ml.movie_id = t.id)",
                      "Rows Removed by Join Filter": 0,
                      "Plans": [
                        {
                          "Node Type": "Nested Loop",
                          "Parent Relationship": "Outer",
                          "Parallel Aware": false,
                          "Join Type": "Inner",
                          "Startup Cost": 338.85,
                          "Total Cost": 935.27,
                          "Plan Rows": 4,
                          "Plan Width": 43,
                          "Actual Startup Time": 5.181,
                          "Actual Total Time": 8.522,
                          "Actual Rows": 60,
                          "Actual Loops": 1,
                          "Inner Unique": true,
                          "Plans": [
                            {
                              "Node Type": "Hash Join",
                              "Parent Relationship": "Outer",
                              "Parallel Aware": false,
                              "Join Type": "Inner",
                              "Startup Cost": 338.43,
                              "Total Cost": 927.5,
                              "Plan Rows": 17,
                              "Plan Width": 28,
                              "Actual Startup Time": 4.772,
                              "Actual Total Time": 7.67,
                              "Actual Rows": 171,
                              "Actual Loops": 1,
                              "Inner Unique": true,
                              "Hash Cond": "(mc.company_type_id = ct.id)",
                              "Plans": [
                                {
                                  "Node Type": "Nested Loop",
                                  "Parent Relationship": "Outer",
                                  "Parallel Aware": false,
                                  "Join Type": "Inner",
                                  "Startup Cost": 337.37,
                                  "Total Cost": 926.07,
                                  "Plan Rows": 69,
                                  "Plan Width": 32,
                                  "Actual Startup Time": 4.711,
                                  "Actual Total Time": 7.554,
                                  "Actual Rows": 179,
                                  "Actual Loops": 1,
                                  "Inner Unique": false,
                                  "Join Filter": "(ml.movie_id = mc.movie_id)",
                                  "Rows Removed by Join Filter": 0,
                                  "Plans": [
                                    {
                                      "Node Type": "Hash Join",
                                      "Parent Relationship": "Outer",
                                      "Parallel Aware": false,
                                      "Join Type": "Inner",
                                      "Startup Cost": 336.94,
                                      "Total Cost": 692.0,
                                      "Plan Rows": 168,
                                      "Plan Width": 20,
                                      "Actual Startup Time": 4.632,
                                      "Actual Total Time": 6.886,
                                      "Actual Rows": 29,
                                      "Actual Loops": 1,
                                      "Inner Unique": true,
                                      "Hash Cond": "(cc.status_id = cct2.id)",
                                      "Plans": [
                                        {
                                          "Node Type": "Hash Join",
                                          "Parent Relationship": "Outer",
                                          "Parallel Aware": false,
                                          "Join Type": "Inner",
                                          "Startup Cost": 335.88,
                                          "Total Cost": 687.3,
                                          "Plan Rows": 672,
                                          "Plan Width": 24,
                                          "Actual Startup Time": 4.595,
                                          "Actual Total Time": 6.838,
                                          "Actual Rows": 29,
                                          "Actual Loops": 1,
                                          "Inner Unique": true,
                                          "Hash Cond": "(cc.subject_id = cct1.id)",
                                          "Plans": [
                                            {
                                              "Node Type": "Merge Join",
                                              "Parent Relationship": "Outer",
                                              "Parallel Aware": false,
                                              "Join Type": "Inner",
                                              "Startup Cost": 334.81,
                                              "Total Cost": 671.71,
                                              "Plan Rows": 2688,
                                              "Plan Width": 28,
                                              "Actual Startup Time": 3.131,
                                              "Actual Total Time": 6.766,
                                              "Actual Rows": 257,
                                              "Actual Loops": 1,
                                              "Inner Unique": false,
                                              "Merge Cond": "(cc.movie_id = ml.movie_id)",
                                              "Plans": [
                                                {
                                                  "Node Type": "Index Scan",
                                                  "Parent Relationship": "Outer",
                                                  "Parallel Aware": false,
                                                  "Scan Direction": "Forward",
                                                  "Index Name": "movie_id_complete_cast",
                                                  "Relation Name": "complete_cast",
                                                  "Alias": "cc",
                                                  "Startup Cost": 0.42,
                                                  "Total Cost": 6657.64,
                                                  "Plan Rows": 135086,
                                                  "Plan Width": 12,
                                                  "Actual Startup Time": 0.03,
                                                  "Actual Total Time": 3.018,
                                                  "Actual Rows": 5993,
                                                  "Actual Loops": 1
                                                },
                                                {
                                                  "Node Type": "Sort",
                                                  "Parent Relationship": "Inner",
                                                  "Parallel Aware": false,
                                                  "Startup Cost": 334.38,
                                                  "Total Cost": 338.55,
                                                  "Plan Rows": 1666,
                                                  "Plan Width": 16,
                                                  "Actual Startup Time": 2.75,
                                                  "Actual Total Time": 2.896,
                                                  "Actual Rows": 2341,
                                                  "Actual Loops": 1,
                                                  "Sort Key": [
                                                    "ml.movie_id"
                                                  ],
                                                  "Sort Method": "quicksort",
                                                  "Sort Space Used": 205,
                                                  "Sort Space Type": "Memory",
                                                  "Plans": [
                                                    {
                                                      "Node Type": "Nested Loop",
                                                      "Parent Relationship": "Outer",
                                                      "Parallel Aware": false,
                                                      "Join Type": "Inner",
                                                      "Startup Cost": 38.82,
                                                      "Total Cost": 245.23,
                                                      "Plan Rows": 1666,
                                                      "Plan Width": 16,
                                                      "Actual Startup Time": 0.17,
                                                      "Actual Total Time": 1.834,
                                                      "Actual Rows": 2315,
                                                      "Actual Loops": 1,
                                                      "Inner Unique": false,
                                                      "Plans": [
                                                        {
                                                          "Node Type": "Seq Scan",
                                                          "Parent Relationship": "Outer",
                                                          "Parallel Aware": false,
                                                          "Relation Name": "link_type",
                                                          "Alias": "lt",
                                                          "Startup Cost": 0.0,
                                                          "Total Cost": 1.23,
                                                          "Plan Rows": 1,
                                                          "Plan Width": 16,
                                                          "Actual Startup Time": 0.006,
                                                          "Actual Total Time": 0.011,
                                                          "Actual Rows": 2,
                                                          "Actual Loops": 1,
                                                          "Filter": "((link)::text ~~ '%follow%'::text)",
                                                          "Rows Removed by Filter": 16
                                                        },
                                                        {
                                                          "Node Type": "Bitmap Heap Scan",
                                                          "Parent Relationship": "Inner",
                                                          "Parallel Aware": false,
                                                          "Relation Name": "movie_link",
                                                          "Alias": "ml",
                                                          "Startup Cost": 38.82,
                                                          "Total Cost": 225.26,
                                                          "Plan Rows": 1875,
                                                          "Plan Width": 8,
                                                          "Actual Startup Time": 0.121,
                                                          "Actual Total Time": 0.744,
                                                          "Actual Rows": 1158,
                                                          "Actual Loops": 2,
                                                          "Recheck Cond": "(link_type_id = lt.id)",
                                                          "Rows Removed by Index Recheck": 0,
                                                          "Exact Heap Blocks": 191,
                                                          "Lossy Heap Blocks": 0,
                                                          "Plans": [
                                                            {
                                                              "Node Type": "Bitmap Index Scan",
                                                              "Parent Relationship": "Outer",
                                                              "Parallel Aware": false,
                                                              "Index Name": "link_type_id_movie_link",
                                                              "Startup Cost": 0.0,
                                                              "Total Cost": 38.35,
                                                              "Plan Rows": 1875,
                                                              "Plan Width": 0,
                                                              "Actual Startup Time": 0.104,
                                                              "Actual Total Time": 0.104,
                                                              "Actual Rows": 1158,
                                                              "Actual Loops": 2,
                                                              "Index Cond": "(link_type_id = lt.id)"
                                                            }
                                                          ]
                                                        }
                                                      ]
                                                    }
                                                  ]
                                                }
                                              ]
                                            },
                                            {
                                              "Node Type": "Hash",
                                              "Parent Relationship": "Inner",
                                              "Parallel Aware": false,
                                              "Startup Cost": 1.05,
                                              "Total Cost": 1.05,
                                              "Plan Rows": 1,
                                              "Plan Width": 4,
                                              "Actual Startup Time": 0.01,
                                              "Actual Total Time": 0.01,
                                              "Actual Rows": 1,
                                              "Actual Loops": 1,
                                              "Hash Buckets": 1024,
                                              "Original Hash Buckets": 1024,
                                              "Hash Batches": 1,
                                              "Original Hash Batches": 1,
                                              "Peak Memory Usage": 9,
                                              "Plans": [
                                                {
                                                  "Node Type": "Seq Scan",
                                                  "Parent Relationship": "Outer",
                                                  "Parallel Aware": false,
                                                  "Relation Name": "comp_cast_type",
                                                  "Alias": "cct1",
                                                  "Startup Cost": 0.0,
                                                  "Total Cost": 1.05,
                                                  "Plan Rows": 1,
                                                  "Plan Width": 4,
                                                  "Actual Startup Time": 0.004,
                                                  "Actual Total Time": 0.006,
                                                  "Actual Rows": 1,
                                                  "Actual Loops": 1,
                                                  "Filter": "((kind)::text = 'crew'::text)",
                                                  "Rows Removed by Filter": 3
                                                }
                                              ]
                                            }
                                          ]
                                        },
                                        {
                                          "Node Type": "Hash",
                                          "Parent Relationship": "Inner",
                                          "Parallel Aware": false,
                                          "Startup Cost": 1.05,
                                          "Total Cost": 1.05,
                                          "Plan Rows": 1,
                                          "Plan Width": 4,
                                          "Actual Startup Time": 0.014,
                                          "Actual Total Time": 0.014,
                                          "Actual Rows": 2,
                                          "Actual Loops": 1,
                                          "Hash Buckets": 1024,
                                          "Original Hash Buckets": 1024,
                                          "Hash Batches": 1,
                                          "Original Hash Batches": 1,
                                          "Peak Memory Usage": 9,
                                          "Plans": [
                                            {
                                              "Node Type": "Seq Scan",
                                              "Parent Relationship": "Outer",
                                              "Parallel Aware": false,
                                              "Relation Name": "comp_cast_type",
                                              "Alias": "cct2",
                                              "Startup Cost": 0.0,
                                              "Total Cost": 1.05,
                                              "Plan Rows": 1,
                                              "Plan Width": 4,
                                              "Actual Startup Time": 0.007,
                                              "Actual Total Time": 0.008,
                                              "Actual Rows": 2,
                                              "Actual Loops": 1,
                                              "Filter": "((kind)::text ~~ 'complete%'::text)",
                                              "Rows Removed by Filter": 2
                                            }
                                          ]
                                        }
                                      ]
                                    },
                                    {
                                      "Node Type": "Index Scan",
                                      "Parent Relationship": "Inner",
                                      "Parallel Aware": false,
                                      "Scan Direction": "Forward",
                                      "Index Name": "movie_id_movie_companies",
                                      "Relation Name": "movie_companies",
                                      "Alias": "mc",
                                      "Startup Cost": 0.43,
                                      "Total Cost": 1.36,
                                      "Plan Rows": 3,
                                      "Plan Width": 12,
                                      "Actual Startup Time": 0.017,
                                      "Actual Total Time": 0.021,
                                      "Actual Rows": 6,
                                      "Actual Loops": 29,
                                      "Index Cond": "(movie_id = cc.movie_id)",
                                      "Rows Removed by Index Recheck": 0,
                                      "Filter": "(note IS NULL)",
                                      "Rows Removed by Filter": 3
                                    }
                                  ]
                                },
                                {
                                  "Node Type": "Hash",
                                  "Parent Relationship": "Inner",
                                  "Parallel Aware": false,
                                  "Startup Cost": 1.05,
                                  "Total Cost": 1.05,
                                  "Plan Rows": 1,
                                  "Plan Width": 4,
                                  "Actual Startup Time": 0.027,
                                  "Actual Total Time": 0.027,
                                  "Actual Rows": 1,
                                  "Actual Loops": 1,
                                  "Hash Buckets": 1024,
                                  "Original Hash Buckets": 1024,
                                  "Hash Batches": 1,
                                  "Original Hash Batches": 1,
                                  "Peak Memory Usage": 9,
                                  "Plans": [
                                    {
                                      "Node Type": "Seq Scan",
                                      "Parent Relationship": "Outer",
                                      "Parallel Aware": false,
                                      "Relation Name": "company_type",
                                      "Alias": "ct",
                                      "Startup Cost": 0.0,
                                      "Total Cost": 1.05,
                                      "Plan Rows": 1,
                                      "Plan Width": 4,
                                      "Actual Startup Time": 0.012,
                                      "Actual Total Time": 0.014,
                                      "Actual Rows": 1,
                                      "Actual Loops": 1,
                                      "Filter": "((kind)::text = 'production companies'::text)",
                                      "Rows Removed by Filter": 3
                                    }
                                  ]
                                }
                              ]
                            },
                            {
                              "Node Type": "Index Scan",
                              "Parent Relationship": "Inner",
                              "Parallel Aware": false,
                              "Scan Direction": "Forward",
                              "Index Name": "company_name_pkey",
                              "Relation Name": "company_name",
                              "Alias": "cn",
                              "Startup Cost": 0.42,
                              "Total Cost": 0.46,
                              "Plan Rows": 1,
                              "Plan Width": 23,
                              "Actual Startup Time": 0.005,
                              "Actual Total Time": 0.005,
                              "Actual Rows": 0,
                              "Actual Loops": 171,
                              "Index Cond": "(id = mc.company_id)",
                              "Rows Removed by Index Recheck": 0,
                              "Filter": "(((country_code)::text <> '[pl]'::text) AND ((name ~~ '%Film%'::text) OR (name ~~ '%Warner%'::text)))",
                              "Rows Removed by Filter": 1
                            }
                          ]
                        },
                        {
                          "Node Type": "Index Scan",
                          "Parent Relationship": "Inner",
                          "Parallel Aware": false,
                          "Scan Direction": "Forward",
                          "Index Name": "title_pkey",
                          "Relation Name": "title",
                          "Alias": "t",
                          "Startup Cost": 0.43,
                          "Total Cost": 0.59,
                          "Plan Rows": 1,
                          "Plan Width": 21,
                          "Actual Startup Time": 0.004,
                          "Actual Total Time": 0.004,
                          "Actual Rows": 1,
                          "Actual Loops": 60,
                          "Index Cond": "(id = mc.movie_id)",
                          "Rows Removed by Index Recheck": 0,
                          "Filter": "((production_year >= 1996) AND (production_year <= 2002))",
                          "Rows Removed by Filter": 0
                        }
                      ]
                    },
                    {
                      "Node Type": "Index Scan",
                      "Parent Relationship": "Inner",
                      "Parallel Aware": false,
                      "Scan Direction": "Forward",
                      "Index Name": "movie_id_movie_keyword",
                      "Relation Name": "movie_keyword",
                      "Alias": "mk",
                      "Startup Cost": 0.43,
                      "Total Cost": 1.38,
                      "Plan Rows": 46,
                      "Plan Width": 8,
                      "Actual Startup Time": 0.003,
                      "Actual Total Time": 0.004,
                      "Actual Rows": 9,
                      "Actual Loops": 57,
                      "Index Cond": "(movie_id = mc.movie_id)",
                      "Rows Removed by Index Recheck": 0
                    }
                  ]
                },
                {
                  "Node Type": "Index Scan",
                  "Parent Relationship": "Inner",
                  "Parallel Aware": false,
                  "Scan Direction": "Forward",
                  "Index Name": "keyword_pkey",
                  "Relation Name": "keyword",
                  "Alias": "k",
                  "Startup Cost": 0.42,
                  "Total Cost": 0.44,
                  "Plan Rows": 1,
                  "Plan Width": 4,
                  "Actual Startup Time": 0.002,
                  "Actual Total Time": 0.002,
                  "Actual Rows": 0,
                  "Actual Loops": 513,
                  "Index Cond": "(id = mk.keyword_id)",
                  "Rows Removed by Index Recheck": 0,
                  "Filter": "(keyword = 'sequel'::text)",
                  "Rows Removed by Filter": 1
                }
              ]
            },
            {
              "Node Type": "Index Scan",
              "Parent Relationship": "Inner",
              "Parallel Aware": false,
              "Scan Direction": "Forward",
              "Index Name": "movie_id_movie_info",
              "Relation Name": "movie_info",
              "Alias": "mi",
              "Startup Cost": 0.43,
              "Total Cost": 1.8,
              "Plan Rows": 2,
              "Plan Width": 4,
              "Actual Startup Time": 0.011,
              "Actual Total Time": 0.015,
              "Actual Rows": 3,
              "Actual Loops": 57,
              "Index Cond": "(movie_id = mk.movie_id)",
              "Rows Removed by Index Recheck": 0,
              "Filter": "(info = ANY ('{German,Swedish,USA,Danish,Bulgaria,Norwegian,American,Germany,Thriller}'::text[]))",
              "Rows Removed by Filter": 12
            }
          ]
        }
      ]
    },
    "Planning Time": 146.128,
    "Triggers": [],
    "Execution Time": 11.915
  }
]