[
  {
    "Plan": {
      "Node Type": "Aggregate",
      "Strategy": "Plain",
      "Partial Mode": "Finalize",
      "Parallel Aware": false,
      "Startup Cost": 59387.87,
      "Total Cost": 59387.88,
      "Plan Rows": 1,
      "Plan Width": 8,
      "Actual Startup Time": 297.952,
      "Actual Total Time": 309.718,
      "Actual Rows": 1,
      "Actual Loops": 1,
      "Plans": [
        {
          "Node Type": "Gather",
          "Parent Relationship": "Outer",
          "Parallel Aware": false,
          "Startup Cost": 59387.55,
          "Total Cost": 59387.86,
          "Plan Rows": 3,
          "Plan Width": 8,
          "Actual Startup Time": 293.025,
          "Actual Total Time": 309.71,
          "Actual Rows": 4,
          "Actual Loops": 1,
          "Workers Planned": 3,
          "Workers Launched": 3,
          "Single Copy": false,
          "Plans": [
            {
              "Node Type": "Aggregate",
              "Strategy": "Plain",
              "Partial Mode": "Partial",
              "Parent Relationship": "Outer",
              "Parallel Aware": false,
              "Startup Cost": 58387.55,
              "Total Cost": 58387.56,
              "Plan Rows": 1,
              "Plan Width": 8,
              "Actual Startup Time": 280.242,
              "Actual Total Time": 280.245,
              "Actual Rows": 1,
              "Actual Loops": 4,
              "Plans": [
                {
                  "Node Type": "Hash Join",
                  "Parent Relationship": "Outer",
                  "Parallel Aware": true,
                  "Join Type": "Inner",
                  "Startup Cost": 48940.92,
                  "Total Cost": 58357.52,
                  "Plan Rows": 12010,
                  "Plan Width": 0,
                  "Actual Startup Time": 265.887,
                  "Actual Total Time": 280.168,
                  "Actual Rows": 1112,
                  "Actual Loops": 4,
                  "Inner Unique": true,
                  "Hash Cond": "(ci.movie_id = t.id)",
                  "Plans": [
                    {
                      "Node Type": "Index Scan",
                      "Parent Relationship": "Outer",
                      "Parallel Aware": true,
                      "Scan Direction": "Forward",
                      "Index Name": "role_id_cast_info",
                      "Relation Name": "cast_info",
                      "Alias": "ci",
                      "Startup Cost": 0.56,
                      "Total Cost": 9367.76,
                      "Plan Rows": 18823,
                      "Plan Width": 4,
                      "Actual Startup Time": 0.136,
                      "Actual Total Time": 10.623,
                      "Actual Rows": 2080,
                      "Actual Loops": 4,
                      "Index Cond": "(role_id = 7)",
                      "Rows Removed by Index Recheck": 0,
                      "Filter": "(person_id < 648144)",
                      "Rows Removed by Filter": 67021
                    },
                    {
                      "Node Type": "Hash",
                      "Parent Relationship": "Inner",
                      "Parallel Aware": true,
                      "Startup Cost": 43898.92,
                      "Total Cost": 43898.92,
                      "Plan Rows": 403315,
                      "Plan Width": 4,
                      "Actual Startup Time": 257.929,
                      "Actual Total Time": 257.93,
                      "Actual Rows": 401769,
                      "Actual Loops": 4,
                      "Hash Buckets": 2097152,
                      "Original Hash Buckets": 2097152,
                      "Hash Batches": 1,
                      "Original Hash Batches": 1,
                      "Peak Memory Usage": 79328,
                      "Plans": [
                        {
                          "Node Type": "Seq Scan",
                          "Parent Relationship": "Outer",
                          "Parallel Aware": true,
                          "Relation Name": "title",
                          "Alias": "t",
                          "Startup Cost": 0.0,
                          "Total Cost": 43898.92,
                          "Plan Rows": 403315,
                          "Plan Width": 4,
                          "Actual Startup Time": 0.046,
                          "Actual Total Time": 107.642,
                          "Actual Rows": 401769,
                          "Actual Loops": 4,
                          "Filter": "(production_year > 1995)",
                          "Rows Removed by Filter": 230309
                        }
                      ]
                    }
                  ]
                }
              ]
            }
          ]
        }
      ]
    },
    "Planning Time": 0.617,
    "Triggers": [],
    "Execution Time": 309.791
  }
]