[
  {
    "Plan": {
      "Node Type": "Aggregate",
      "Strategy": "Plain",
      "Partial Mode": "Finalize",
      "Parallel Aware": false,
      "Startup Cost": 218244.25,
      "Total Cost": 218244.26,
      "Plan Rows": 1,
      "Plan Width": 8,
      "Actual Startup Time": 558.303,
      "Actual Total Time": 582.557,
      "Actual Rows": 1,
      "Actual Loops": 1,
      "Plans": [
        {
          "Node Type": "Gather",
          "Parent Relationship": "Outer",
          "Parallel Aware": false,
          "Startup Cost": 218243.72,
          "Total Cost": 218244.23,
          "Plan Rows": 5,
          "Plan Width": 8,
          "Actual Startup Time": 547.725,
          "Actual Total Time": 582.547,
          "Actual Rows": 6,
          "Actual Loops": 1,
          "Workers Planned": 5,
          "Workers Launched": 5,
          "Single Copy": false,
          "Plans": [
            {
              "Node Type": "Aggregate",
              "Strategy": "Plain",
              "Partial Mode": "Partial",
              "Parent Relationship": "Outer",
              "Parallel Aware": false,
              "Startup Cost": 217243.72,
              "Total Cost": 217243.73,
              "Plan Rows": 1,
              "Plan Width": 8,
              "Actual Startup Time": 536.605,
              "Actual Total Time": 536.769,
              "Actual Rows": 1,
              "Actual Loops": 6,
              "Plans": [
                {
                  "Node Type": "Hash Join",
                  "Parent Relationship": "Outer",
                  "Parallel Aware": true,
                  "Join Type": "Inner",
                  "Startup Cost": 95341.67,
                  "Total Cost": 216727.08,
                  "Plan Rows": 206656,
                  "Plan Width": 0,
                  "Actual Startup Time": 295.874,
                  "Actual Total Time": 527.713,
                  "Actual Rows": 228356,
                  "Actual Loops": 6,
                  "Inner Unique": false,
                  "Hash Cond": "(ci.movie_id = t.id)",
                  "Plans": [
                    {
                      "Node Type": "Index Scan",
                      "Parent Relationship": "Outer",
                      "Parallel Aware": true,
                      "Scan Direction": "Forward",
                      "Index Name": "role_id_cast_info",
                      "Relation Name": "cast_info",
                      "Alias": "ci",
                      "Startup Cost": 0.56,
                      "Total Cost": 117431.66,
                      "Plan Rows": 876718,
                      "Plan Width": 4,
                      "Actual Startup Time": 0.123,
                      "Actual Total Time": 117.643,
                      "Actual Rows": 720503,
                      "Actual Loops": 6,
                      "Index Cond": "(role_id = 10)",
                      "Rows Removed by Index Recheck": 0
                    },
                    {
                      "Node Type": "Hash",
                      "Parent Relationship": "Inner",
                      "Parallel Aware": true,
                      "Startup Cost": 92938.05,
                      "Total Cost": 92938.05,
                      "Plan Rows": 192244,
                      "Plan Width": 8,
                      "Actual Startup Time": 292.14,
                      "Actual Total Time": 292.303,
                      "Actual Rows": 31356,
                      "Actual Loops": 6,
                      "Hash Buckets": 1048576,
                      "Original Hash Buckets": 1048576,
                      "Hash Batches": 1,
                      "Original Hash Batches": 1,
                      "Peak Memory Usage": 15616,
                      "Plans": [
                        {
                          "Node Type": "Hash Join",
                          "Parent Relationship": "Outer",
                          "Parallel Aware": true,
                          "Join Type": "Inner",
                          "Startup Cost": 49158.87,
                          "Total Cost": 92938.05,
                          "Plan Rows": 192244,
                          "Plan Width": 8,
                          "Actual Startup Time": 178.419,
                          "Actual Total Time": 277.411,
                          "Actual Rows": 31356,
                          "Actual Loops": 6,
                          "Inner Unique": true,
                          "Hash Cond": "(mk.movie_id = t.id)",
                          "Plans": [
                            {
                              "Node Type": "Seq Scan",
                              "Parent Relationship": "Outer",
                              "Parallel Aware": true,
                              "Relation Name": "movie_keyword",
                              "Alias": "mk",
                              "Startup Cost": 0.0,
                              "Total Cost": 42695.65,
                              "Plan Rows": 412771,
                              "Plan Width": 4,
                              "Actual Startup Time": 0.68,
                              "Actual Total Time": 66.671,
                              "Actual Rows": 214162,
                              "Actual Loops": 6,
                              "Filter": "(keyword_id > 13751)",
                              "Rows Removed by Filter": 539827
                            },
                            {
                              "Node Type": "Hash",
                              "Parent Relationship": "Inner",
                              "Parallel Aware": true,
                              "Startup Cost": 45479.1,
                              "Total Cost": 45479.1,
                              "Plan Rows": 294382,
                              "Plan Width": 4,
                              "Actual Startup Time": 174.552,
                              "Actual Total Time": 174.553,
                              "Actual Rows": 189993,
                              "Actual Loops": 6,
                              "Hash Buckets": 2097152,
                              "Original Hash Buckets": 2097152,
                              "Hash Batches": 1,
                              "Original Hash Batches": 1,
                              "Peak Memory Usage": 61088,
                              "Plans": [
                                {
                                  "Node Type": "Seq Scan",
                                  "Parent Relationship": "Outer",
                                  "Parallel Aware": true,
                                  "Relation Name": "title",
                                  "Alias": "t",
                                  "Startup Cost": 0.0,
                                  "Total Cost": 45479.1,
                                  "Plan Rows": 294382,
                                  "Plan Width": 4,
                                  "Actual Startup Time": 0.041,
                                  "Actual Total Time": 81.528,
                                  "Actual Rows": 189993,
                                  "Actual Loops": 6,
                                  "Filter": "((kind_id > 4) AND (production_year < 2010))",
                                  "Rows Removed by Filter": 231392
                                }
                              ]
                            }
                          ]
                        }
                      ]
                    }
                  ]
                }
              ]
            }
          ]
        }
      ]
    },
    "Planning Time": 1.418,
    "Triggers": [],
    "Execution Time": 582.653
  }
]