[
  {
    "Plan": {
      "Node Type": "Aggregate",
      "Strategy": "Plain",
      "Partial Mode": "Finalize",
      "Parallel Aware": false,
      "Startup Cost": 46967.58,
      "Total Cost": 46967.59,
      "Plan Rows": 1,
      "Plan Width": 8,
      "Actual Startup Time": 186.806,
      "Actual Total Time": 196.434,
      "Actual Rows": 1,
      "Actual Loops": 1,
      "Plans": [
        {
          "Node Type": "Gather",
          "Parent Relationship": "Outer",
          "Parallel Aware": false,
          "Startup Cost": 46967.27,
          "Total Cost": 46967.58,
          "Plan Rows": 3,
          "Plan Width": 8,
          "Actual Startup Time": 186.687,
          "Actual Total Time": 196.425,
          "Actual Rows": 4,
          "Actual Loops": 1,
          "Workers Planned": 3,
          "Workers Launched": 3,
          "Single Copy": false,
          "Plans": [
            {
              "Node Type": "Aggregate",
              "Strategy": "Plain",
              "Partial Mode": "Partial",
              "Parent Relationship": "Outer",
              "Parallel Aware": false,
              "Startup Cost": 45967.27,
              "Total Cost": 45967.28,
              "Plan Rows": 1,
              "Plan Width": 8,
              "Actual Startup Time": 178.386,
              "Actual Total Time": 178.387,
              "Actual Rows": 1,
              "Actual Loops": 4,
              "Plans": [
                {
                  "Node Type": "Seq Scan",
                  "Parent Relationship": "Outer",
                  "Parallel Aware": true,
                  "Relation Name": "movie_keyword",
                  "Alias": "mk",
                  "Startup Cost": 0.0,
                  "Total Cost": 42695.65,
                  "Plan Rows": 1308645,
                  "Plan Width": 0,
                  "Actual Startup Time": 0.068,
                  "Actual Total Time": 130.248,
                  "Actual Rows": 1017039,
                  "Actual Loops": 4,
                  "Filter": "(keyword_id < 38896)",
                  "Rows Removed by Filter": 113943
                }
              ]
            }
          ]
        }
      ]
    },
    "Planning Time": 0.156,
    "Triggers": [],
    "Execution Time": 196.486
  }
]