[
  {
    "Plan": {
      "Node Type": "Aggregate",
      "Strategy": "Plain",
      "Partial Mode": "Finalize",
      "Parallel Aware": false,
      "Startup Cost": 349824.08,
      "Total Cost": 349824.09,
      "Plan Rows": 1,
      "Plan Width": 8,
      "Actual Startup Time": 761.448,
      "Actual Total Time": 819.337,
      "Actual Rows": 1,
      "Actual Loops": 1,
      "Plans": [
        {
          "Node Type": "Gather",
          "Parent Relationship": "Outer",
          "Parallel Aware": false,
          "Startup Cost": 349823.46,
          "Total Cost": 349824.07,
          "Plan Rows": 6,
          "Plan Width": 8,
          "Actual Startup Time": 761.201,
          "Actual Total Time": 819.327,
          "Actual Rows": 7,
          "Actual Loops": 1,
          "Workers Planned": 6,
          "Workers Launched": 6,
          "Single Copy": false,
          "Plans": [
            {
              "Node Type": "Aggregate",
              "Strategy": "Plain",
              "Partial Mode": "Partial",
              "Parent Relationship": "Outer",
              "Parallel Aware": false,
              "Startup Cost": 348823.46,
              "Total Cost": 348823.47,
              "Plan Rows": 1,
              "Plan Width": 8,
              "Actual Startup Time": 752.585,
              "Actual Total Time": 752.586,
              "Actual Rows": 1,
              "Actual Loops": 7,
              "Plans": [
                {
                  "Node Type": "Seq Scan",
                  "Parent Relationship": "Outer",
                  "Parallel Aware": true,
                  "Relation Name": "cast_info",
                  "Alias": "ci",
                  "Startup Cost": 0.0,
                  "Total Cost": 343257.03,
                  "Plan Rows": 2226571,
                  "Plan Width": 0,
                  "Actual Startup Time": 205.707,
                  "Actual Total Time": 645.408,
                  "Actual Rows": 2735568,
                  "Actual Loops": 7,
                  "Filter": "((person_id > 1564344) AND (role_id > 1))",
                  "Rows Removed by Filter": 2442196
                }
              ]
            }
          ]
        }
      ]
    },
    "Planning Time": 0.174,
    "Triggers": [],
    "Execution Time": 819.397
  }
]