[
    {
        "Bao": {
            "Bao prediction": "NaN",
            "Bao recommended hint": "(no hint)"
        }
    },
    {
        "Plan": {
            "Node Type": "Aggregate",
            "Strategy": "Plain",
            "Partial Mode": "Finalize",
            "Parallel Aware": false,
            "Startup Cost": 185060.4,
            "Total Cost": 185060.41,
            "Plan Rows": 1,
            "Plan Width": 8,
            "Actual Startup Time": 130.833,
            "Actual Total Time": 136.926,
            "Actual Rows": 1,
            "Actual Loops": 1,
            "Output": [
                "count(*)"
            ],
            "Plans": [
                {
                    "Node Type": "Gather",
                    "Parent Relationship": "Outer",
                    "Parallel Aware": false,
                    "Startup Cost": 185059.88,
                    "Total Cost": 185060.39,
                    "Plan Rows": 5,
                    "Plan Width": 8,
                    "Actual Startup Time": 130.095,
                    "Actual Total Time": 136.918,
                    "Actual Rows": 6,
                    "Actual Loops": 1,
                    "Output": [
                        "(PARTIAL count(*))"
                    ],
                    "Workers Planned": 5,
                    "Workers Launched": 5,
                    "Single Copy": false,
                    "Plans": [
                        {
                            "Node Type": "Aggregate",
                            "Strategy": "Plain",
                            "Partial Mode": "Partial",
                            "Parent Relationship": "Outer",
                            "Parallel Aware": false,
                            "Startup Cost": 184059.88,
                            "Total Cost": 184059.89,
                            "Plan Rows": 1,
                            "Plan Width": 8,
                            "Actual Startup Time": 120.007,
                            "Actual Total Time": 120.008,
                            "Actual Rows": 1,
                            "Actual Loops": 6,
                            "Output": [
                                "PARTIAL count(*)"
                            ],
                            "Workers": [
                                {
                                    "Worker Number": 0,
                                    "Actual Startup Time": 117.768,
                                    "Actual Total Time": 117.77,
                                    "Actual Rows": 1,
                                    "Actual Loops": 1
                                },
                                {
                                    "Worker Number": 1,
                                    "Actual Startup Time": 118.042,
                                    "Actual Total Time": 118.043,
                                    "Actual Rows": 1,
                                    "Actual Loops": 1
                                },
                                {
                                    "Worker Number": 2,
                                    "Actual Startup Time": 117.992,
                                    "Actual Total Time": 117.993,
                                    "Actual Rows": 1,
                                    "Actual Loops": 1
                                },
                                {
                                    "Worker Number": 3,
                                    "Actual Startup Time": 117.912,
                                    "Actual Total Time": 117.913,
                                    "Actual Rows": 1,
                                    "Actual Loops": 1
                                },
                                {
                                    "Worker Number": 4,
                                    "Actual Startup Time": 118.549,
                                    "Actual Total Time": 118.55,
                                    "Actual Rows": 1,
                                    "Actual Loops": 1
                                }
                            ],
                            "Plans": [
                                {
                                    "Node Type": "Bitmap Heap Scan",
                                    "Parent Relationship": "Outer",
                                    "Parallel Aware": true,
                                    "Relation Name": "movie_info",
                                    "Schema": "public",
                                    "Alias": "mi",
                                    "Startup Cost": 18935.03,
                                    "Total Cost": 183537.9,
                                    "Plan Rows": 208790,
                                    "Plan Width": 0,
                                    "Actual Startup Time": 34.671,
                                    "Actual Total Time": 108.703,
                                    "Actual Rows": 175481,
                                    "Actual Loops": 6,
                                    "Recheck Cond": "(mi.info_type_id > 77)",
                                    "Rows Removed by Index Recheck": 0,
                                    "Exact Heap Blocks": 10854,
                                    "Lossy Heap Blocks": 0,
                                    "Workers": [
                                        {
                                            "Worker Number": 0,
                                            "Actual Startup Time": 32.407,
                                            "Actual Total Time": 107.243,
                                            "Actual Rows": 144854,
                                            "Actual Loops": 1
                                        },
                                        {
                                            "Worker Number": 1,
                                            "Actual Startup Time": 32.784,
                                            "Actual Total Time": 107.209,
                                            "Actual Rows": 112976,
                                            "Actual Loops": 1
                                        },
                                        {
                                            "Worker Number": 2,
                                            "Actual Startup Time": 32.635,
                                            "Actual Total Time": 107.361,
                                            "Actual Rows": 146189,
                                            "Actual Loops": 1
                                        },
                                        {
                                            "Worker Number": 3,
                                            "Actual Startup Time": 32.703,
                                            "Actual Total Time": 107.3,
                                            "Actual Rows": 145083,
                                            "Actual Loops": 1
                                        },
                                        {
                                            "Worker Number": 4,
                                            "Actual Startup Time": 33.356,
                                            "Actual Total Time": 108.012,
                                            "Actual Rows": 135460,
                                            "Actual Loops": 1
                                        }
                                    ],
                                    "Plans": [
                                        {
                                            "Node Type": "Bitmap Index Scan",
                                            "Parent Relationship": "Outer",
                                            "Parallel Aware": false,
                                            "Index Name": "info_type_id_movie_info",
                                            "Startup Cost": 0.0,
                                            "Total Cost": 18674.05,
                                            "Plan Rows": 1043948,
                                            "Plan Width": 0,
                                            "Actual Startup Time": 38.806,
                                            "Actual Total Time": 38.807,
                                            "Actual Rows": 1052885,
                                            "Actual Loops": 1,
                                            "Index Cond": "(mi.info_type_id > 77)"
                                        }
                                    ]
                                }
                            ]
                        }
                    ]
                }
            ]
        },
        "Planning Time": 182.352,
        "Triggers": [],
        "Execution Time": 137.003
    }
]