{
  "Plan": {
    "Node Type": "Aggregate",
    "Strategy": "Plain",
    "Partial Mode": "Finalize",
    "Parallel Aware": false,
    "Startup Cost": 823077.48,
    "Total Cost": 823077.49,
    "Plan Rows": 1,
    "Plan Width": 8,
    "Actual Startup Time": 11365.236,
    "Actual Total Time": 11427.454,
    "Actual Rows": 1,
    "Actual Loops": 1,
    "Plans": [
      {
        "Node Type": "Gather",
        "Parent Relationship": "Outer",
        "Parallel Aware": false,
        "Startup Cost": 823077.37,
        "Total Cost": 823077.48,
        "Plan Rows": 1,
        "Plan Width": 8,
        "Actual Startup Time": 11358.769,
        "Actual Total Time": 11427.446,
        "Actual Rows": 2,
        "Actual Loops": 1,
        "Workers Planned": 1,
        "Workers Launched": 1,
        "Single Copy": false,
        "Plans": [
          {
            "Node Type": "Aggregate",
            "Strategy": "Plain",
            "Partial Mode": "Partial",
            "Parent Relationship": "Outer",
            "Parallel Aware": false,
            "Startup Cost": 822077.37,
            "Total Cost": 822077.38,
            "Plan Rows": 1,
            "Plan Width": 8,
            "Actual Startup Time": 11351.195,
            "Actual Total Time": 11351.203,
            "Actual Rows": 1,
            "Actual Loops": 2,
            "Plans": [
              {
                "Node Type": "Hash Join",
                "Parent Relationship": "Outer",
                "Parallel Aware": true,
                "Join Type": "Inner",
                "Startup Cost": 131105.34,
                "Total Cost": 806153.8,
                "Plan Rows": 6369428,
                "Plan Width": 0,
                "Actual Startup Time": 1284.397,
                "Actual Total Time": 9553.002,
                "Actual Rows": 43469198,
                "Actual Loops": 2,
                "Inner Unique": false,
                "Hash Cond": "(ci.movie_id = t.id)",
                "Plans": [
                  {
                    "Node Type": "Seq Scan",
                    "Parent Relationship": "Outer",
                    "Parallel Aware": true,
                    "Relation Name": "cast_info",
                    "Alias": "ci",
                    "Startup Cost": 0.0,
                    "Total Cost": 572345.93,
                    "Plan Rows": 17396082,
                    "Plan Width": 4,
                    "Actual Startup Time": 76.963,
                    "Actual Total Time": 2064.348,
                    "Actual Rows": 14715260,
                    "Actual Loops": 2,
                    "Filter": "((person_id > 221292) AND (role_id < 10))",
                    "Rows Removed by Filter": 3406912
                  },
                  {
                    "Node Type": "Hash",
                    "Parent Relationship": "Inner",
                    "Parallel Aware": true,
                    "Startup Cost": 124298.63,
                    "Total Cost": 124298.63,
                    "Plan Rows": 544537,
                    "Plan Width": 8,
                    "Actual Startup Time": 1198.443,
                    "Actual Total Time": 1198.449,
                    "Actual Rows": 1156930,
                    "Actual Loops": 2,
                    "Hash Buckets": 4194304,
                    "Original Hash Buckets": 1048576,
                    "Hash Batches": 1,
                    "Original Hash Batches": 1,
                    "Peak Memory Usage": 147904,
                    "Plans": [
                      {
                        "Node Type": "Hash Join",
                        "Parent Relationship": "Outer",
                        "Parallel Aware": true,
                        "Join Type": "Inner",
                        "Startup Cost": 61137.55,
                        "Total Cost": 124298.63,
                        "Plan Rows": 544537,
                        "Plan Width": 8,
                        "Actual Startup Time": 305.851,
                        "Actual Total Time": 868.132,
                        "Actual Rows": 1156930,
                        "Actual Loops": 2,
                        "Inner Unique": true,
                        "Hash Cond": "(mk.movie_id = t.id)",
                        "Plans": [
                          {
                            "Node Type": "Seq Scan",
                            "Parent Relationship": "Outer",
                            "Parallel Aware": true,
                            "Relation Name": "movie_keyword",
                            "Alias": "mk",
                            "Startup Cost": 0.0,
                            "Total Cost": 57718.19,
                            "Plan Rows": 2073477,
                            "Plan Width": 4,
                            "Actual Startup Time": 0.096,
                            "Actual Total Time": 258.715,
                            "Actual Rows": 1760362,
                            "Actual Loops": 2,
                            "Filter": "(keyword_id > 957)",
                            "Rows Removed by Filter": 501604
                          },
                          {
                            "Node Type": "Hash",
                            "Parent Relationship": "Inner",
                            "Parallel Aware": true,
                            "Startup Cost": 56255.34,
                            "Total Cost": 56255.34,
                            "Plan Rows": 390577,
                            "Plan Width": 4,
                            "Actual Startup Time": 300.416,
                            "Actual Total Time": 300.419,
                            "Actual Rows": 338768,
                            "Actual Loops": 2,
                            "Hash Buckets": 1048576,
                            "Original Hash Buckets": 1048576,
                            "Hash Batches": 1,
                            "Original Hash Batches": 1,
                            "Peak Memory Usage": 34720,
                            "Plans": [
                              {
                                "Node Type": "Bitmap Heap Scan",
                                "Parent Relationship": "Outer",
                                "Parallel Aware": true,
                                "Relation Name": "title",
                                "Alias": "t",
                                "Startup Cost": 13604.95,
                                "Total Cost": 56255.34,
                                "Plan Rows": 390577,
                                "Plan Width": 4,
                                "Actual Startup Time": 50.311,
                                "Actual Total Time": 182.467,
                                "Actual Rows": 338768,
                                "Actual Loops": 2,
                                "Recheck Cond": "(kind_id < 3)",
                                "Rows Removed by Index Recheck": 0,
                                "Filter": "(production_year < 2012)",
                                "Rows Removed by Filter": 38071,
                                "Exact Heap Blocks": 21364,
                                "Lossy Heap Blocks": 0,
                                "Plans": [
                                  {
                                    "Node Type": "Bitmap Index Scan",
                                    "Parent Relationship": "Outer",
                                    "Parallel Aware": false,
                                    "Index Name": "kind_id_title",
                                    "Startup Cost": 0.0,
                                    "Total Cost": 13438.96,
                                    "Plan Rows": 753937,
                                    "Plan Width": 0,
                                    "Actual Startup Time": 41.217,
                                    "Actual Total Time": 41.218,
                                    "Actual Rows": 753677,
                                    "Actual Loops": 1,
                                    "Index Cond": "(kind_id < 3)"
                                  }
                                ]
                              }
                            ]
                          }
                        ]
                      }
                    ]
                  }
                ]
              }
            ]
          }
        ]
      }
    ]
  },
  "Planning Time": 1.022,
  "Triggers": [],
  "Execution Time": 11427.567
}