[
  {
    "Plan": {
      "Node Type": "Aggregate",
      "Strategy": "Plain",
      "Partial Mode": "Finalize",
      "Parallel Aware": false,
      "Startup Cost": 350777.31,
      "Total Cost": 350777.32,
      "Plan Rows": 1,
      "Plan Width": 8,
      "Actual Startup Time": 1033.94,
      "Actual Total Time": 1105.145,
      "Actual Rows": 1,
      "Actual Loops": 1,
      "Plans": [
        {
          "Node Type": "Gather",
          "Parent Relationship": "Outer",
          "Parallel Aware": false,
          "Startup Cost": 350776.68,
          "Total Cost": 350777.29,
          "Plan Rows": 6,
          "Plan Width": 8,
          "Actual Startup Time": 1033.715,
          "Actual Total Time": 1105.129,
          "Actual Rows": 7,
          "Actual Loops": 1,
          "Workers Planned": 6,
          "Workers Launched": 6,
          "Single Copy": false,
          "Plans": [
            {
              "Node Type": "Aggregate",
              "Strategy": "Plain",
              "Partial Mode": "Partial",
              "Parent Relationship": "Outer",
              "Parallel Aware": false,
              "Startup Cost": 349776.68,
              "Total Cost": 349776.69,
              "Plan Rows": 1,
              "Plan Width": 8,
              "Actual Startup Time": 1022.692,
              "Actual Total Time": 1022.694,
              "Actual Rows": 1,
              "Actual Loops": 7,
              "Plans": [
                {
                  "Node Type": "Seq Scan",
                  "Parent Relationship": "Outer",
                  "Parallel Aware": true,
                  "Relation Name": "cast_info",
                  "Alias": "ci",
                  "Startup Cost": 0.0,
                  "Total Cost": 343316.27,
                  "Plan Rows": 2584165,
                  "Plan Width": 0,
                  "Actual Startup Time": 316.667,
                  "Actual Total Time": 899.765,
                  "Actual Rows": 1930755,
                  "Actual Loops": 7,
                  "Filter": "((person_id > 1785330) AND (role_id < 9))",
                  "Rows Removed by Filter": 3247008
                }
              ]
            }
          ]
        }
      ]
    },
    "Planning Time": 0.235,
    "Triggers": [],
    "Execution Time": 1105.222
  }
]