[
  {
    "Plan": {
      "Node Type": "Aggregate",
      "Strategy": "Plain",
      "Partial Mode": "Finalize",
      "Parallel Aware": false,
      "Startup Cost": 31135.4,
      "Total Cost": 31135.41,
      "Plan Rows": 1,
      "Plan Width": 8,
      "Actual Startup Time": 88.845,
      "Actual Total Time": 95.989,
      "Actual Rows": 1,
      "Actual Loops": 1,
      "Plans": [
        {
          "Node Type": "Gather",
          "Parent Relationship": "Outer",
          "Parallel Aware": false,
          "Startup Cost": 31135.08,
          "Total Cost": 31135.39,
          "Plan Rows": 3,
          "Plan Width": 8,
          "Actual Startup Time": 88.686,
          "Actual Total Time": 95.981,
          "Actual Rows": 4,
          "Actual Loops": 1,
          "Workers Planned": 3,
          "Workers Launched": 3,
          "Single Copy": false,
          "Plans": [
            {
              "Node Type": "Aggregate",
              "Strategy": "Plain",
              "Partial Mode": "Partial",
              "Parent Relationship": "Outer",
              "Parallel Aware": false,
              "Startup Cost": 30135.08,
              "Total Cost": 30135.09,
              "Plan Rows": 1,
              "Plan Width": 8,
              "Actual Startup Time": 83.66,
              "Actual Total Time": 83.661,
              "Actual Rows": 1,
              "Actual Loops": 4,
              "Plans": [
                {
                  "Node Type": "Seq Scan",
                  "Parent Relationship": "Outer",
                  "Parallel Aware": true,
                  "Relation Name": "movie_companies",
                  "Alias": "mc",
                  "Startup Cost": 0.0,
                  "Total Cost": 29310.68,
                  "Plan Rows": 329759,
                  "Plan Width": 0,
                  "Actual Startup Time": 0.023,
                  "Actual Total Time": 71.418,
                  "Actual Rows": 256452,
                  "Actual Loops": 4,
                  "Filter": "(company_id < 5541)",
                  "Rows Removed by Filter": 395830
                }
              ]
            }
          ]
        }
      ]
    },
    "Planning Time": 0.195,
    "Triggers": [],
    "Execution Time": 96.046
  }
]