{
  "Plan": {
    "Node Type": "Aggregate",
    "Strategy": "Plain",
    "Partial Mode": "Finalize",
    "Parallel Aware": false,
    "Startup Cost": 129800.18,
    "Total Cost": 129800.19,
    "Plan Rows": 1,
    "Plan Width": 8,
    "Actual Startup Time": 304.212,
    "Actual Total Time": 321.698,
    "Actual Rows": 1,
    "Actual Loops": 1,
    "Plans": [
      {
        "Node Type": "Gather",
        "Parent Relationship": "Outer",
        "Parallel Aware": false,
        "Startup Cost": 129800.07,
        "Total Cost": 129800.18,
        "Plan Rows": 1,
        "Plan Width": 8,
        "Actual Startup Time": 303.973,
        "Actual Total Time": 321.691,
        "Actual Rows": 2,
        "Actual Loops": 1,
        "Workers Planned": 1,
        "Workers Launched": 1,
        "Single Copy": false,
        "Plans": [
          {
            "Node Type": "Aggregate",
            "Strategy": "Plain",
            "Partial Mode": "Partial",
            "Parent Relationship": "Outer",
            "Parallel Aware": false,
            "Startup Cost": 128800.07,
            "Total Cost": 128800.08,
            "Plan Rows": 1,
            "Plan Width": 8,
            "Actual Startup Time": 298.103,
            "Actual Total Time": 298.106,
            "Actual Rows": 1,
            "Actual Loops": 2,
            "Plans": [
              {
                "Node Type": "Nested Loop",
                "Parent Relationship": "Outer",
                "Parallel Aware": false,
                "Join Type": "Inner",
                "Startup Cost": 72660.6,
                "Total Cost": 128636.02,
                "Plan Rows": 65621,
                "Plan Width": 0,
                "Actual Startup Time": 175.288,
                "Actual Total Time": 297.025,
                "Actual Rows": 18052,
                "Actual Loops": 2,
                "Inner Unique": false,
                "Join Filter": "(t.id = ci.movie_id)",
                "Rows Removed by Join Filter": 0,
                "Plans": [
                  {
                    "Node Type": "Hash Join",
                    "Parent Relationship": "Outer",
                    "Parallel Aware": true,
                    "Join Type": "Inner",
                    "Startup Cost": 72660.04,
                    "Total Cost": 103004.22,
                    "Plan Rows": 6501,
                    "Plan Width": 8,
                    "Actual Startup Time": 175.196,
                    "Actual Total Time": 267.573,
                    "Actual Rows": 842,
                    "Actual Loops": 2,
                    "Inner Unique": true,
                    "Hash Cond": "(mk.movie_id = t.id)",
                    "Plans": [
                      {
                        "Node Type": "Bitmap Heap Scan",
                        "Parent Relationship": "Outer",
                        "Parallel Aware": true,
                        "Relation Name": "movie_keyword",
                        "Alias": "mk",
                        "Startup Cost": 14043.22,
                        "Total Cost": 43365.14,
                        "Plan Rows": 389434,
                        "Plan Width": 4,
                        "Actual Startup Time": 36.642,
                        "Actual Total Time": 101.788,
                        "Actual Rows": 325664,
                        "Actual Loops": 2,
                        "Recheck Cond": "(keyword_id > 28851)",
                        "Rows Removed by Index Recheck": 0,
                        "Exact Heap Blocks": 13998,
                        "Lossy Heap Blocks": 0,
                        "Plans": [
                          {
                            "Node Type": "Bitmap Index Scan",
                            "Parent Relationship": "Outer",
                            "Parallel Aware": false,
                            "Index Name": "keyword_id_movie_keyword",
                            "Startup Cost": 0.0,
                            "Total Cost": 13877.71,
                            "Plan Rows": 662037,
                            "Plan Width": 0,
                            "Actual Startup Time": 33.111,
                            "Actual Total Time": 33.112,
                            "Actual Rows": 651328,
                            "Actual Loops": 1,
                            "Index Cond": "(keyword_id > 28851)"
                          }
                        ]
                      },
                      {
                        "Node Type": "Hash",
                        "Parent Relationship": "Inner",
                        "Parallel Aware": true,
                        "Startup Cost": 58306.47,
                        "Total Cost": 58306.47,
                        "Plan Rows": 24828,
                        "Plan Width": 4,
                        "Actual Startup Time": 135.503,
                        "Actual Total Time": 135.504,
                        "Actual Rows": 20204,
                        "Actual Loops": 2,
                        "Hash Buckets": 65536,
                        "Original Hash Buckets": 65536,
                        "Hash Batches": 1,
                        "Original Hash Batches": 1,
                        "Peak Memory Usage": 2112,
                        "Plans": [
                          {
                            "Node Type": "Seq Scan",
                            "Parent Relationship": "Outer",
                            "Parallel Aware": true,
                            "Relation Name": "title",
                            "Alias": "t",
                            "Startup Cost": 0.0,
                            "Total Cost": 58306.47,
                            "Plan Rows": 24828,
                            "Plan Width": 4,
                            "Actual Startup Time": 0.039,
                            "Actual Total Time": 129.789,
                            "Actual Rows": 20204,
                            "Actual Loops": 2,
                            "Filter": "((kind_id > 4) AND (production_year > 2012))",
                            "Rows Removed by Filter": 1243952
                          }
                        ]
                      }
                    ]
                  },
                  {
                    "Node Type": "Index Scan",
                    "Parent Relationship": "Inner",
                    "Parallel Aware": false,
                    "Scan Direction": "Forward",
                    "Index Name": "movie_id_cast_info",
                    "Relation Name": "cast_info",
                    "Alias": "ci",
                    "Startup Cost": 0.56,
                    "Total Cost": 3.62,
                    "Plan Rows": 26,
                    "Plan Width": 4,
                    "Actual Startup Time": 0.005,
                    "Actual Total Time": 0.032,
                    "Actual Rows": 21,
                    "Actual Loops": 1684,
                    "Index Cond": "(movie_id = mk.movie_id)",
                    "Rows Removed by Index Recheck": 0,
                    "Filter": "(person_id < 2648702)",
                    "Rows Removed by Filter": 14
                  }
                ]
              }
            ]
          }
        ]
      }
    ]
  },
  "Planning Time": 0.506,
  "Triggers": [],
  "Execution Time": 321.762
}