[
  {
    "Plan": {
      "Node Type": "Aggregate",
      "Strategy": "Plain",
      "Partial Mode": "Finalize",
      "Parallel Aware": false,
      "Startup Cost": 33128.92,
      "Total Cost": 33128.93,
      "Plan Rows": 1,
      "Plan Width": 8,
      "Actual Startup Time": 100.917,
      "Actual Total Time": 108.784,
      "Actual Rows": 1,
      "Actual Loops": 1,
      "Plans": [
        {
          "Node Type": "Gather",
          "Parent Relationship": "Outer",
          "Parallel Aware": false,
          "Startup Cost": 33128.6,
          "Total Cost": 33128.91,
          "Plan Rows": 3,
          "Plan Width": 8,
          "Actual Startup Time": 100.799,
          "Actual Total Time": 108.776,
          "Actual Rows": 4,
          "Actual Loops": 1,
          "Workers Planned": 3,
          "Workers Launched": 3,
          "Single Copy": false,
          "Plans": [
            {
              "Node Type": "Aggregate",
              "Strategy": "Plain",
              "Partial Mode": "Partial",
              "Parent Relationship": "Outer",
              "Parallel Aware": false,
              "Startup Cost": 32128.6,
              "Total Cost": 32128.61,
              "Plan Rows": 1,
              "Plan Width": 8,
              "Actual Startup Time": 93.503,
              "Actual Total Time": 93.505,
              "Actual Rows": 1,
              "Actual Loops": 4,
              "Plans": [
                {
                  "Node Type": "Seq Scan",
                  "Parent Relationship": "Outer",
                  "Parallel Aware": true,
                  "Relation Name": "movie_companies",
                  "Alias": "mc",
                  "Startup Cost": 0.0,
                  "Total Cost": 31414.82,
                  "Plan Rows": 285514,
                  "Plan Width": 0,
                  "Actual Startup Time": 48.763,
                  "Actual Total Time": 83.338,
                  "Actual Rows": 270723,
                  "Actual Loops": 4,
                  "Filter": "((company_id > 2507) AND (company_type_id = 2))",
                  "Rows Removed by Filter": 381559
                }
              ]
            }
          ]
        }
      ]
    },
    "Planning Time": 0.265,
    "Triggers": [],
    "Execution Time": 108.843
  }
]