{
  "Plan": {
    "Node Type": "Aggregate",
    "Strategy": "Plain",
    "Partial Mode": "Finalize",
    "Parallel Aware": false,
    "Startup Cost": 25294.09,
    "Total Cost": 25294.1,
    "Plan Rows": 1,
    "Plan Width": 8,
    "Actual Startup Time": 115.013,
    "Actual Total Time": 118.885,
    "Actual Rows": 1,
    "Actual Loops": 1,
    "Plans": [
      {
        "Node Type": "Gather",
        "Parent Relationship": "Outer",
        "Parallel Aware": false,
        "Startup Cost": 25293.98,
        "Total Cost": 25294.09,
        "Plan Rows": 1,
        "Plan Width": 8,
        "Actual Startup Time": 114.88,
        "Actual Total Time": 118.877,
        "Actual Rows": 2,
        "Actual Loops": 1,
        "Workers Planned": 1,
        "Workers Launched": 1,
        "Single Copy": false,
        "Plans": [
          {
            "Node Type": "Aggregate",
            "Strategy": "Plain",
            "Partial Mode": "Partial",
            "Parent Relationship": "Outer",
            "Parallel Aware": false,
            "Startup Cost": 24293.98,
            "Total Cost": 24293.99,
            "Plan Rows": 1,
            "Plan Width": 8,
            "Actual Startup Time": 108.793,
            "Actual Total Time": 108.797,
            "Actual Rows": 1,
            "Actual Loops": 2,
            "Plans": [
              {
                "Node Type": "Hash Join",
                "Parent Relationship": "Outer",
                "Parallel Aware": false,
                "Join Type": "Inner",
                "Startup Cost": 5196.55,
                "Total Cost": 24293.9,
                "Plan Rows": 31,
                "Plan Width": 0,
                "Actual Startup Time": 82.613,
                "Actual Total Time": 108.787,
                "Actual Rows": 3,
                "Actual Loops": 2,
                "Inner Unique": false,
                "Hash Cond": "(mi_idx.movie_id = t.id)",
                "Plans": [
                  {
                    "Node Type": "Seq Scan",
                    "Parent Relationship": "Outer",
                    "Parallel Aware": true,
                    "Relation Name": "movie_info_idx",
                    "Alias": "mi_idx",
                    "Startup Cost": 0.0,
                    "Total Cost": 16052.85,
                    "Plan Rows": 811785,
                    "Plan Width": 4,
                    "Actual Startup Time": 0.036,
                    "Actual Total Time": 58.661,
                    "Actual Rows": 690018,
                    "Actual Loops": 2
                  },
                  {
                    "Node Type": "Hash",
                    "Parent Relationship": "Inner",
                    "Parallel Aware": false,
                    "Startup Cost": 5195.32,
                    "Total Cost": 5195.32,
                    "Plan Rows": 98,
                    "Plan Width": 8,
                    "Actual Startup Time": 1.241,
                    "Actual Total Time": 1.243,
                    "Actual Rows": 2,
                    "Actual Loops": 2,
                    "Hash Buckets": 1024,
                    "Original Hash Buckets": 1024,
                    "Hash Batches": 1,
                    "Original Hash Batches": 1,
                    "Peak Memory Usage": 9,
                    "Plans": [
                      {
                        "Node Type": "Nested Loop",
                        "Parent Relationship": "Outer",
                        "Parallel Aware": false,
                        "Join Type": "Inner",
                        "Startup Cost": 0.99,
                        "Total Cost": 5195.32,
                        "Plan Rows": 98,
                        "Plan Width": 8,
                        "Actual Startup Time": 0.584,
                        "Actual Total Time": 1.23,
                        "Actual Rows": 2,
                        "Actual Loops": 2,
                        "Inner Unique": true,
                        "Plans": [
                          {
                            "Node Type": "Index Scan",
                            "Parent Relationship": "Outer",
                            "Parallel Aware": false,
                            "Scan Direction": "Forward",
                            "Index Name": "person_id_cast_info",
                            "Relation Name": "cast_info",
                            "Alias": "ci",
                            "Startup Cost": 0.56,
                            "Total Cost": 1058.43,
                            "Plan Rows": 497,
                            "Plan Width": 4,
                            "Actual Startup Time": 0.448,
                            "Actual Total Time": 0.512,
                            "Actual Rows": 11,
                            "Actual Loops": 2,
                            "Index Cond": "(person_id = 1364143)",
                            "Rows Removed by Index Recheck": 0
                          },
                          {
                            "Node Type": "Index Scan",
                            "Parent Relationship": "Inner",
                            "Parallel Aware": false,
                            "Scan Direction": "Forward",
                            "Index Name": "title_pkey",
                            "Relation Name": "title",
                            "Alias": "t",
                            "Startup Cost": 0.43,
                            "Total Cost": 8.32,
                            "Plan Rows": 1,
                            "Plan Width": 4,
                            "Actual Startup Time": 0.062,
                            "Actual Total Time": 0.062,
                            "Actual Rows": 0,
                            "Actual Loops": 22,
                            "Index Cond": "(id = ci.movie_id)",
                            "Rows Removed by Index Recheck": 0,
                            "Filter": "((kind_id < 7) AND (production_year > 2002))",
                            "Rows Removed by Filter": 1
                          }
                        ]
                      }
                    ]
                  }
                ]
              }
            ]
          }
        ]
      }
    ]
  },
  "Planning Time": 1.125,
  "Triggers": [],
  "Execution Time": 119.006
}