[
  {
    "Plan": {
      "Node Type": "Aggregate",
      "Strategy": "Plain",
      "Partial Mode": "Simple",
      "Parallel Aware": false,
      "Startup Cost": 1059.81,
      "Total Cost": 1059.82,
      "Plan Rows": 1,
      "Plan Width": 8,
      "Actual Startup Time": 1.219,
      "Actual Total Time": 1.22,
      "Actual Rows": 1,
      "Actual Loops": 1,
      "Plans": [
        {
          "Node Type": "Index Scan",
          "Parent Relationship": "Outer",
          "Parallel Aware": false,
          "Scan Direction": "Forward",
          "Index Name": "person_id_cast_info",
          "Relation Name": "cast_info",
          "Alias": "ci",
          "Startup Cost": 0.56,
          "Total Cost": 1059.67,
          "Plan Rows": 56,
          "Plan Width": 0,
          "Actual Startup Time": 0.627,
          "Actual Total Time": 1.148,
          "Actual Rows": 450,
          "Actual Loops": 1,
          "Index Cond": "(person_id = 2884114)",
          "Rows Removed by Index Recheck": 0,
          "Filter": "(role_id = 3)",
          "Rows Removed by Filter": 7
        }
      ]
    },
    "Planning Time": 0.167,
    "Triggers": [],
    "Execution Time": 1.26
  }
]