[
  {
    "Plan": {
      "Node Type": "Aggregate",
      "Strategy": "Plain",
      "Partial Mode": "Finalize",
      "Parallel Aware": false,
      "Startup Cost": 33459.71,
      "Total Cost": 33459.72,
      "Plan Rows": 1,
      "Plan Width": 8,
      "Actual Startup Time": 89.844,
      "Actual Total Time": 98.058,
      "Actual Rows": 1,
      "Actual Loops": 1,
      "Plans": [
        {
          "Node Type": "Gather",
          "Parent Relationship": "Outer",
          "Parallel Aware": false,
          "Startup Cost": 33459.39,
          "Total Cost": 33459.7,
          "Plan Rows": 3,
          "Plan Width": 8,
          "Actual Startup Time": 89.756,
          "Actual Total Time": 98.051,
          "Actual Rows": 4,
          "Actual Loops": 1,
          "Workers Planned": 3,
          "Workers Launched": 3,
          "Single Copy": false,
          "Plans": [
            {
              "Node Type": "Aggregate",
              "Strategy": "Plain",
              "Partial Mode": "Partial",
              "Parent Relationship": "Outer",
              "Parallel Aware": false,
              "Startup Cost": 32459.39,
              "Total Cost": 32459.4,
              "Plan Rows": 1,
              "Plan Width": 8,
              "Actual Startup Time": 86.551,
              "Actual Total Time": 86.552,
              "Actual Rows": 1,
              "Actual Loops": 4,
              "Plans": [
                {
                  "Node Type": "Seq Scan",
                  "Parent Relationship": "Outer",
                  "Parallel Aware": true,
                  "Relation Name": "movie_companies",
                  "Alias": "mc",
                  "Startup Cost": 0.0,
                  "Total Cost": 31414.82,
                  "Plan Rows": 417828,
                  "Plan Width": 0,
                  "Actual Startup Time": 35.882,
                  "Actual Total Time": 73.012,
                  "Actual Rows": 315239,
                  "Actual Loops": 4,
                  "Filter": "((company_id < 173976) AND (company_type_id > 1))",
                  "Rows Removed by Filter": 337043
                }
              ]
            }
          ]
        }
      ]
    },
    "Planning Time": 0.11,
    "Triggers": [],
    "Execution Time": 98.088
  }
]