[
  {
    "Plan": {
      "Node Type": "Aggregate",
      "Strategy": "Plain",
      "Partial Mode": "Finalize",
      "Parallel Aware": false,
      "Startup Cost": 340297.83,
      "Total Cost": 340297.84,
      "Plan Rows": 1,
      "Plan Width": 8,
      "Actual Startup Time": 941.454,
      "Actual Total Time": 1005.782,
      "Actual Rows": 1,
      "Actual Loops": 1,
      "Plans": [
        {
          "Node Type": "Gather",
          "Parent Relationship": "Outer",
          "Parallel Aware": false,
          "Startup Cost": 340297.2,
          "Total Cost": 340297.81,
          "Plan Rows": 6,
          "Plan Width": 8,
          "Actual Startup Time": 941.296,
          "Actual Total Time": 1005.77,
          "Actual Rows": 7,
          "Actual Loops": 1,
          "Workers Planned": 6,
          "Workers Launched": 6,
          "Single Copy": false,
          "Plans": [
            {
              "Node Type": "Aggregate",
              "Strategy": "Plain",
              "Partial Mode": "Partial",
              "Parent Relationship": "Outer",
              "Parallel Aware": false,
              "Startup Cost": 339297.2,
              "Total Cost": 339297.21,
              "Plan Rows": 1,
              "Plan Width": 8,
              "Actual Startup Time": 930.864,
              "Actual Total Time": 930.865,
              "Actual Rows": 1,
              "Actual Loops": 7,
              "Plans": [
                {
                  "Node Type": "Seq Scan",
                  "Parent Relationship": "Outer",
                  "Parallel Aware": true,
                  "Relation Name": "cast_info",
                  "Alias": "ci",
                  "Startup Cost": 0.0,
                  "Total Cost": 328162.03,
                  "Plan Rows": 4454071,
                  "Plan Width": 0,
                  "Actual Startup Time": 0.056,
                  "Actual Total Time": 729.106,
                  "Actual Rows": 3831845,
                  "Actual Loops": 7,
                  "Filter": "(person_id < 2762580)",
                  "Rows Removed by Filter": 1345918
                }
              ]
            }
          ]
        }
      ]
    },
    "Planning Time": 0.195,
    "Triggers": [],
    "Execution Time": 1005.855
  }
]