{
    "Plan": {
        "Node Type": "Aggregate",
        "Strategy": "Plain",
        "Partial Mode": "Finalize",
        "Parallel Aware": false,
        "Startup Cost": 45909.88,
        "Total Cost": 45909.89,
        "Plan Rows": 1,
        "Plan Width": 8,
        "Actual Startup Time": 236.129,
        "Actual Total Time": 250.178,
        "Actual Rows": 1,
        "Actual Loops": 1,
        "Output": [
            "count(*)"
        ],
        "Plans": [
            {
                "Node Type": "Gather",
                "Parent Relationship": "Outer",
                "Parallel Aware": false,
                "Startup Cost": 45909.57,
                "Total Cost": 45909.88,
                "Plan Rows": 3,
                "Plan Width": 8,
                "Actual Startup Time": 236.018,
                "Actual Total Time": 250.168,
                "Actual Rows": 4,
                "Actual Loops": 1,
                "Output": [
                    "(PARTIAL count(*))"
                ],
                "Workers Planned": 3,
                "Workers Launched": 3,
                "Single Copy": false,
                "Plans": [
                    {
                        "Node Type": "Aggregate",
                        "Strategy": "Plain",
                        "Partial Mode": "Partial",
                        "Parent Relationship": "Outer",
                        "Parallel Aware": false,
                        "Startup Cost": 44909.57,
                        "Total Cost": 44909.58,
                        "Plan Rows": 1,
                        "Plan Width": 8,
                        "Actual Startup Time": 227.028,
                        "Actual Total Time": 227.029,
                        "Actual Rows": 1,
                        "Actual Loops": 4,
                        "Output": [
                            "PARTIAL count(*)"
                        ],
                        "Workers": [
                            {
                                "Worker Number": 0,
                                "Actual Startup Time": 223.725,
                                "Actual Total Time": 223.726,
                                "Actual Rows": 1,
                                "Actual Loops": 1
                            },
                            {
                                "Worker Number": 1,
                                "Actual Startup Time": 224.617,
                                "Actual Total Time": 224.619,
                                "Actual Rows": 1,
                                "Actual Loops": 1
                            },
                            {
                                "Worker Number": 2,
                                "Actual Startup Time": 224.856,
                                "Actual Total Time": 224.857,
                                "Actual Rows": 1,
                                "Actual Loops": 1
                            }
                        ],
                        "Plans": [
                            {
                                "Node Type": "Seq Scan",
                                "Parent Relationship": "Outer",
                                "Parallel Aware": true,
                                "Relation Name": "movie_keyword",
                                "Schema": "public",
                                "Alias": "mk",
                                "Startup Cost": 0.0,
                                "Total Cost": 42695.65,
                                "Plan Rows": 885565,
                                "Plan Width": 0,
                                "Actual Startup Time": 0.067,
                                "Actual Total Time": 181.87,
                                "Actual Rows": 692399,
                                "Actual Loops": 4,
                                "Output": [
                                    "id",
                                    "movie_id",
                                    "keyword_id"
                                ],
                                "Filter": "(mk.keyword_id < 7919)",
                                "Rows Removed by Filter": 438583,
                                "Workers": [
                                    {
                                        "Worker Number": 0,
                                        "Actual Startup Time": 0.074,
                                        "Actual Total Time": 180.051,
                                        "Actual Rows": 672838,
                                        "Actual Loops": 1
                                    },
                                    {
                                        "Worker Number": 1,
                                        "Actual Startup Time": 0.076,
                                        "Actual Total Time": 180.258,
                                        "Actual Rows": 685207,
                                        "Actual Loops": 1
                                    },
                                    {
                                        "Worker Number": 2,
                                        "Actual Startup Time": 0.072,
                                        "Actual Total Time": 180.399,
                                        "Actual Rows": 681330,
                                        "Actual Loops": 1
                                    }
                                ]
                            }
                        ]
                    }
                ]
            }
        ]
    },
    "Planning Time": 1.912,
    "Triggers": [],
    "Execution Time": 250.478
}