[
  {
    "Plan": {
      "Node Type": "Aggregate",
      "Strategy": "Plain",
      "Partial Mode": "Finalize",
      "Parallel Aware": false,
      "Startup Cost": 46615.32,
      "Total Cost": 46615.33,
      "Plan Rows": 1,
      "Plan Width": 8,
      "Actual Startup Time": 96.19,
      "Actual Total Time": 110.237,
      "Actual Rows": 1,
      "Actual Loops": 1,
      "Plans": [
        {
          "Node Type": "Gather",
          "Parent Relationship": "Outer",
          "Parallel Aware": false,
          "Startup Cost": 46614.9,
          "Total Cost": 46615.31,
          "Plan Rows": 4,
          "Plan Width": 8,
          "Actual Startup Time": 96.02,
          "Actual Total Time": 110.229,
          "Actual Rows": 5,
          "Actual Loops": 1,
          "Workers Planned": 4,
          "Workers Launched": 4,
          "Single Copy": false,
          "Plans": [
            {
              "Node Type": "Aggregate",
              "Strategy": "Plain",
              "Partial Mode": "Partial",
              "Parent Relationship": "Outer",
              "Parallel Aware": false,
              "Startup Cost": 45614.9,
              "Total Cost": 45614.91,
              "Plan Rows": 1,
              "Plan Width": 8,
              "Actual Startup Time": 89.509,
              "Actual Total Time": 89.51,
              "Actual Rows": 1,
              "Actual Loops": 5,
              "Plans": [
                {
                  "Node Type": "Seq Scan",
                  "Parent Relationship": "Outer",
                  "Parallel Aware": true,
                  "Relation Name": "title",
                  "Alias": "t",
                  "Startup Cost": 0.0,
                  "Total Cost": 45479.59,
                  "Plan Rows": 54127,
                  "Plan Width": 0,
                  "Actual Startup Time": 0.041,
                  "Actual Total Time": 88.044,
                  "Actual Rows": 19956,
                  "Actual Loops": 5,
                  "Filter": "((kind_id > 1) AND (production_year < 1966))",
                  "Rows Removed by Filter": 485706
                }
              ]
            }
          ]
        }
      ]
    },
    "Planning Time": 0.201,
    "Triggers": [],
    "Execution Time": 110.299
  }
]