[
  {
    "Plan": {
      "Node Type": "Aggregate",
      "Strategy": "Plain",
      "Partial Mode": "Finalize",
      "Parallel Aware": false,
      "Startup Cost": 46616.62,
      "Total Cost": 46616.63,
      "Plan Rows": 1,
      "Plan Width": 8,
      "Actual Startup Time": 96.377,
      "Actual Total Time": 108.189,
      "Actual Rows": 1,
      "Actual Loops": 1,
      "Plans": [
        {
          "Node Type": "Gather",
          "Parent Relationship": "Outer",
          "Parallel Aware": false,
          "Startup Cost": 46616.2,
          "Total Cost": 46616.61,
          "Plan Rows": 4,
          "Plan Width": 8,
          "Actual Startup Time": 96.11,
          "Actual Total Time": 108.18,
          "Actual Rows": 5,
          "Actual Loops": 1,
          "Workers Planned": 4,
          "Workers Launched": 4,
          "Single Copy": false,
          "Plans": [
            {
              "Node Type": "Aggregate",
              "Strategy": "Plain",
              "Partial Mode": "Partial",
              "Parent Relationship": "Outer",
              "Parallel Aware": false,
              "Startup Cost": 45616.2,
              "Total Cost": 45616.21,
              "Plan Rows": 1,
              "Plan Width": 8,
              "Actual Startup Time": 88.455,
              "Actual Total Time": 88.457,
              "Actual Rows": 1,
              "Actual Loops": 5,
              "Plans": [
                {
                  "Node Type": "Seq Scan",
                  "Parent Relationship": "Outer",
                  "Parallel Aware": true,
                  "Relation Name": "title",
                  "Alias": "t",
                  "Startup Cost": 0.0,
                  "Total Cost": 45479.1,
                  "Plan Rows": 54842,
                  "Plan Width": 0,
                  "Actual Startup Time": 0.048,
                  "Actual Total Time": 86.862,
                  "Actual Rows": 19956,
                  "Actual Loops": 5,
                  "Filter": "((kind_id > 1) AND (production_year < 1966))",
                  "Rows Removed by Filter": 485706
                }
              ]
            }
          ]
        }
      ]
    },
    "Planning Time": 0.184,
    "Triggers": [],
    "Execution Time": 108.247
  }
]