{
  "Plan": {
    "Node Type": "Aggregate",
    "Strategy": "Plain",
    "Partial Mode": "Finalize",
    "Parallel Aware": false,
    "Startup Cost": 483094.0,
    "Total Cost": 483094.01,
    "Plan Rows": 1,
    "Plan Width": 8,
    "Actual Startup Time": 1123.435,
    "Actual Total Time": 1155.6,
    "Actual Rows": 1,
    "Actual Loops": 1,
    "Plans": [
      {
        "Node Type": "Gather",
        "Parent Relationship": "Outer",
        "Parallel Aware": false,
        "Startup Cost": 483093.89,
        "Total Cost": 483094.0,
        "Plan Rows": 1,
        "Plan Width": 8,
        "Actual Startup Time": 1122.074,
        "Actual Total Time": 1155.591,
        "Actual Rows": 2,
        "Actual Loops": 1,
        "Workers Planned": 1,
        "Workers Launched": 1,
        "Single Copy": false,
        "Plans": [
          {
            "Node Type": "Aggregate",
            "Strategy": "Plain",
            "Partial Mode": "Partial",
            "Parent Relationship": "Outer",
            "Parallel Aware": false,
            "Startup Cost": 482093.89,
            "Total Cost": 482093.9,
            "Plan Rows": 1,
            "Plan Width": 8,
            "Actual Startup Time": 1116.045,
            "Actual Total Time": 1116.049,
            "Actual Rows": 1,
            "Actual Loops": 2,
            "Plans": [
              {
                "Node Type": "Hash Join",
                "Parent Relationship": "Outer",
                "Parallel Aware": true,
                "Join Type": "Inner",
                "Startup Cost": 179174.32,
                "Total Cost": 481569.96,
                "Plan Rows": 209571,
                "Plan Width": 0,
                "Actual Startup Time": 426.457,
                "Actual Total Time": 1105.912,
                "Actual Rows": 226670,
                "Actual Loops": 2,
                "Inner Unique": true,
                "Hash Cond": "(ci.movie_id = t.id)",
                "Plans": [
                  {
                    "Node Type": "Bitmap Heap Scan",
                    "Parent Relationship": "Outer",
                    "Parallel Aware": true,
                    "Relation Name": "cast_info",
                    "Alias": "ci",
                    "Startup Cost": 123400.48,
                    "Total Cost": 417169.0,
                    "Plan Rows": 3286521,
                    "Plan Width": 4,
                    "Actual Startup Time": 264.824,
                    "Actual Total Time": 571.93,
                    "Actual Rows": 2710854,
                    "Actual Loops": 2,
                    "Recheck Cond": "(person_id > 3114547)",
                    "Rows Removed by Index Recheck": 0,
                    "Exact Heap Blocks": 39409,
                    "Lossy Heap Blocks": 0,
                    "Plans": [
                      {
                        "Node Type": "Bitmap Index Scan",
                        "Parent Relationship": "Outer",
                        "Parallel Aware": false,
                        "Index Name": "person_id_cast_info",
                        "Startup Cost": 0.0,
                        "Total Cost": 122003.71,
                        "Plan Rows": 5587086,
                        "Plan Width": 0,
                        "Actual Startup Time": 251.944,
                        "Actual Total Time": 251.945,
                        "Actual Rows": 5421707,
                        "Actual Loops": 1,
                        "Index Cond": "(person_id > 3114547)"
                      }
                    ]
                  },
                  {
                    "Node Type": "Hash",
                    "Parent Relationship": "Inner",
                    "Parallel Aware": true,
                    "Startup Cost": 54588.39,
                    "Total Cost": 54588.39,
                    "Plan Rows": 94836,
                    "Plan Width": 4,
                    "Actual Startup Time": 157.856,
                    "Actual Total Time": 157.856,
                    "Actual Rows": 80008,
                    "Actual Loops": 2,
                    "Hash Buckets": 262144,
                    "Original Hash Buckets": 262144,
                    "Hash Batches": 1,
                    "Original Hash Batches": 1,
                    "Peak Memory Usage": 8352,
                    "Plans": [
                      {
                        "Node Type": "Seq Scan",
                        "Parent Relationship": "Outer",
                        "Parallel Aware": true,
                        "Relation Name": "title",
                        "Alias": "t",
                        "Startup Cost": 0.0,
                        "Total Cost": 54588.39,
                        "Plan Rows": 94836,
                        "Plan Width": 4,
                        "Actual Startup Time": 0.032,
                        "Actual Total Time": 135.878,
                        "Actual Rows": 80008,
                        "Actual Loops": 2,
                        "Filter": "(production_year = 2011)",
                        "Rows Removed by Filter": 1184148
                      }
                    ]
                  }
                ]
              }
            ]
          }
        ]
      }
    ]
  },
  "Planning Time": 0.594,
  "Triggers": [],
  "Execution Time": 1155.697
}