[
  {
    "Plan": {
      "Node Type": "Aggregate",
      "Strategy": "Plain",
      "Partial Mode": "Finalize",
      "Parallel Aware": false,
      "Startup Cost": 47146.69,
      "Total Cost": 47146.7,
      "Plan Rows": 1,
      "Plan Width": 8,
      "Actual Startup Time": 188.792,
      "Actual Total Time": 196.285,
      "Actual Rows": 1,
      "Actual Loops": 1,
      "Plans": [
        {
          "Node Type": "Gather",
          "Parent Relationship": "Outer",
          "Parallel Aware": false,
          "Startup Cost": 47146.38,
          "Total Cost": 47146.69,
          "Plan Rows": 3,
          "Plan Width": 8,
          "Actual Startup Time": 188.663,
          "Actual Total Time": 196.276,
          "Actual Rows": 4,
          "Actual Loops": 1,
          "Workers Planned": 3,
          "Workers Launched": 3,
          "Single Copy": false,
          "Plans": [
            {
              "Node Type": "Aggregate",
              "Strategy": "Plain",
              "Partial Mode": "Partial",
              "Parent Relationship": "Outer",
              "Parallel Aware": false,
              "Startup Cost": 46146.38,
              "Total Cost": 46146.39,
              "Plan Rows": 1,
              "Plan Width": 8,
              "Actual Startup Time": 180.579,
              "Actual Total Time": 180.581,
              "Actual Rows": 1,
              "Actual Loops": 4,
              "Plans": [
                {
                  "Node Type": "Seq Scan",
                  "Parent Relationship": "Outer",
                  "Parallel Aware": true,
                  "Relation Name": "movie_keyword",
                  "Alias": "mk",
                  "Startup Cost": 0.0,
                  "Total Cost": 42695.65,
                  "Plan Rows": 1380289,
                  "Plan Width": 0,
                  "Actual Startup Time": 0.058,
                  "Actual Total Time": 130.24,
                  "Actual Rows": 1072298,
                  "Actual Loops": 4,
                  "Filter": "(keyword_id < 62684)",
                  "Rows Removed by Filter": 58685
                }
              ]
            }
          ]
        }
      ]
    },
    "Planning Time": 0.074,
    "Triggers": [],
    "Execution Time": 196.315
  }
]