[
  {
    "Plan": {
      "Node Type": "Aggregate",
      "Strategy": "Plain",
      "Partial Mode": "Finalize",
      "Parallel Aware": false,
      "Startup Cost": 95674.76,
      "Total Cost": 95674.77,
      "Plan Rows": 1,
      "Plan Width": 8,
      "Actual Startup Time": 362.982,
      "Actual Total Time": 381.026,
      "Actual Rows": 1,
      "Actual Loops": 1,
      "Plans": [
        {
          "Node Type": "Gather",
          "Parent Relationship": "Outer",
          "Parallel Aware": false,
          "Startup Cost": 95674.55,
          "Total Cost": 95674.76,
          "Plan Rows": 2,
          "Plan Width": 8,
          "Actual Startup Time": 360.566,
          "Actual Total Time": 381.018,
          "Actual Rows": 3,
          "Actual Loops": 1,
          "Workers Planned": 2,
          "Workers Launched": 2,
          "Single Copy": false,
          "Plans": [
            {
              "Node Type": "Aggregate",
              "Strategy": "Plain",
              "Partial Mode": "Partial",
              "Parent Relationship": "Outer",
              "Parallel Aware": false,
              "Startup Cost": 94674.55,
              "Total Cost": 94674.56,
              "Plan Rows": 1,
              "Plan Width": 8,
              "Actual Startup Time": 350.462,
              "Actual Total Time": 350.468,
              "Actual Rows": 1,
              "Actual Loops": 3,
              "Plans": [
                {
                  "Node Type": "Hash Join",
                  "Parent Relationship": "Outer",
                  "Parallel Aware": true,
                  "Join Type": "Inner",
                  "Startup Cost": 78658.01,
                  "Total Cost": 94598.1,
                  "Plan Rows": 30578,
                  "Plan Width": 0,
                  "Actual Startup Time": 309.16,
                  "Actual Total Time": 349.276,
                  "Actual Rows": 29640,
                  "Actual Loops": 3,
                  "Inner Unique": false,
                  "Hash Cond": "(mi_idx.movie_id = t.id)",
                  "Plans": [
                    {
                      "Node Type": "Seq Scan",
                      "Parent Relationship": "Outer",
                      "Parallel Aware": true,
                      "Relation Name": "movie_info_idx",
                      "Alias": "mi_idx",
                      "Startup Cost": 0.0,
                      "Total Cost": 13685.15,
                      "Plan Rows": 575015,
                      "Plan Width": 4,
                      "Actual Startup Time": 0.029,
                      "Actual Total Time": 32.615,
                      "Actual Rows": 460012,
                      "Actual Loops": 3
                    },
                    {
                      "Node Type": "Hash",
                      "Parent Relationship": "Inner",
                      "Parallel Aware": true,
                      "Startup Cost": 78115.89,
                      "Total Cost": 78115.89,
                      "Plan Rows": 43370,
                      "Plan Width": 8,
                      "Actual Startup Time": 276.693,
                      "Actual Total Time": 276.697,
                      "Actual Rows": 15941,
                      "Actual Loops": 3,
                      "Hash Buckets": 262144,
                      "Original Hash Buckets": 262144,
                      "Hash Batches": 1,
                      "Original Hash Batches": 1,
                      "Peak Memory Usage": 3968,
                      "Plans": [
                        {
                          "Node Type": "Hash Join",
                          "Parent Relationship": "Outer",
                          "Parallel Aware": true,
                          "Join Type": "Inner",
                          "Startup Cost": 46331.27,
                          "Total Cost": 78115.89,
                          "Plan Rows": 43370,
                          "Plan Width": 8,
                          "Actual Startup Time": 202.95,
                          "Actual Total Time": 272.345,
                          "Actual Rows": 15941,
                          "Actual Loops": 3,
                          "Inner Unique": true,
                          "Hash Cond": "(mc.movie_id = t.id)",
                          "Plans": [
                            {
                              "Node Type": "Seq Scan",
                              "Parent Relationship": "Outer",
                              "Parallel Aware": true,
                              "Relation Name": "movie_companies",
                              "Alias": "mc",
                              "Startup Cost": 0.0,
                              "Total Cost": 31414.82,
                              "Plan Rows": 140877,
                              "Plan Width": 4,
                              "Actual Startup Time": 11.771,
                              "Actual Total Time": 67.734,
                              "Actual Rows": 40571,
                              "Actual Loops": 3,
                              "Filter": "((company_id > 21319) AND (company_type_id = 1))",
                              "Rows Removed by Filter": 829139
                            },
                            {
                              "Node Type": "Hash",
                              "Parent Relationship": "Inner",
                              "Parallel Aware": true,
                              "Startup Cost": 43898.92,
                              "Total Cost": 43898.92,
                              "Plan Rows": 194588,
                              "Plan Width": 4,
                              "Actual Startup Time": 186.502,
                              "Actual Total Time": 186.503,
                              "Actual Rows": 260892,
                              "Actual Loops": 3,
                              "Hash Buckets": 1048576,
                              "Original Hash Buckets": 1048576,
                              "Hash Batches": 1,
                              "Original Hash Batches": 1,
                              "Peak Memory Usage": 38848,
                              "Plans": [
                                {
                                  "Node Type": "Seq Scan",
                                  "Parent Relationship": "Outer",
                                  "Parallel Aware": true,
                                  "Relation Name": "title",
                                  "Alias": "t",
                                  "Startup Cost": 0.0,
                                  "Total Cost": 43898.92,
                                  "Plan Rows": 194588,
                                  "Plan Width": 4,
                                  "Actual Startup Time": 0.036,
                                  "Actual Total Time": 115.609,
                                  "Actual Rows": 260892,
                                  "Actual Loops": 3,
                                  "Filter": "(production_year < 1994)",
                                  "Rows Removed by Filter": 581878
                                }
                              ]
                            }
                          ]
                        }
                      ]
                    }
                  ]
                }
              ]
            }
          ]
        }
      ]
    },
    "Planning Time": 1.341,
    "Triggers": [],
    "Execution Time": 381.104
  }
]