[
  {
    "Plan": {
      "Node Type": "Aggregate",
      "Strategy": "Plain",
      "Partial Mode": "Finalize",
      "Parallel Aware": false,
      "Startup Cost": 124819.01,
      "Total Cost": 124819.02,
      "Plan Rows": 1,
      "Plan Width": 8,
      "Actual Startup Time": 621.915,
      "Actual Total Time": 647.445,
      "Actual Rows": 1,
      "Actual Loops": 1,
      "Plans": [
        {
          "Node Type": "Gather",
          "Parent Relationship": "Outer",
          "Parallel Aware": false,
          "Startup Cost": 124818.69,
          "Total Cost": 124819.0,
          "Plan Rows": 3,
          "Plan Width": 8,
          "Actual Startup Time": 618.31,
          "Actual Total Time": 647.423,
          "Actual Rows": 4,
          "Actual Loops": 1,
          "Workers Planned": 3,
          "Workers Launched": 3,
          "Single Copy": false,
          "Plans": [
            {
              "Node Type": "Aggregate",
              "Strategy": "Plain",
              "Partial Mode": "Partial",
              "Parent Relationship": "Outer",
              "Parallel Aware": false,
              "Startup Cost": 123818.69,
              "Total Cost": 123818.7,
              "Plan Rows": 1,
              "Plan Width": 8,
              "Actual Startup Time": 609.316,
              "Actual Total Time": 609.454,
              "Actual Rows": 1,
              "Actual Loops": 4,
              "Plans": [
                {
                  "Node Type": "Hash Join",
                  "Parent Relationship": "Outer",
                  "Parallel Aware": true,
                  "Join Type": "Inner",
                  "Startup Cost": 78404.55,
                  "Total Cost": 123371.53,
                  "Plan Rows": 178865,
                  "Plan Width": 0,
                  "Actual Startup Time": 373.734,
                  "Actual Total Time": 601.776,
                  "Actual Rows": 156200,
                  "Actual Loops": 4,
                  "Inner Unique": false,
                  "Hash Cond": "(mk.movie_id = t.id)",
                  "Plans": [
                    {
                      "Node Type": "Seq Scan",
                      "Parent Relationship": "Outer",
                      "Parallel Aware": true,
                      "Relation Name": "movie_keyword",
                      "Alias": "mk",
                      "Startup Cost": 0.0,
                      "Total Cost": 39047.32,
                      "Plan Rows": 1459332,
                      "Plan Width": 4,
                      "Actual Startup Time": 0.035,
                      "Actual Total Time": 105.509,
                      "Actual Rows": 1130982,
                      "Actual Loops": 4
                    },
                    {
                      "Node Type": "Hash",
                      "Parent Relationship": "Inner",
                      "Parallel Aware": true,
                      "Startup Cost": 77436.16,
                      "Total Cost": 77436.16,
                      "Plan Rows": 77471,
                      "Plan Width": 8,
                      "Actual Startup Time": 370.271,
                      "Actual Total Time": 370.407,
                      "Actual Rows": 74715,
                      "Actual Loops": 4,
                      "Hash Buckets": 524288,
                      "Original Hash Buckets": 524288,
                      "Hash Batches": 1,
                      "Original Hash Batches": 1,
                      "Peak Memory Usage": 15872,
                      "Plans": [
                        {
                          "Node Type": "Hash Join",
                          "Parent Relationship": "Outer",
                          "Parallel Aware": true,
                          "Join Type": "Inner",
                          "Startup Cost": 31366.27,
                          "Total Cost": 77436.16,
                          "Plan Rows": 77471,
                          "Plan Width": 8,
                          "Actual Startup Time": 132.632,
                          "Actual Total Time": 344.154,
                          "Actual Rows": 74715,
                          "Actual Loops": 4,
                          "Inner Unique": false,
                          "Hash Cond": "(t.id = mc.movie_id)",
                          "Plans": [
                            {
                              "Node Type": "Seq Scan",
                              "Parent Relationship": "Outer",
                              "Parallel Aware": true,
                              "Relation Name": "title",
                              "Alias": "t",
                              "Startup Cost": 0.0,
                              "Total Cost": 43898.92,
                              "Plan Rows": 384216,
                              "Plan Width": 4,
                              "Actual Startup Time": 0.014,
                              "Actual Total Time": 100.605,
                              "Actual Rows": 385816,
                              "Actual Loops": 4,
                              "Filter": "(kind_id = 7)",
                              "Rows Removed by Filter": 246262
                            },
                            {
                              "Node Type": "Hash",
                              "Parent Relationship": "Inner",
                              "Parallel Aware": true,
                              "Startup Cost": 29310.68,
                              "Total Cost": 29310.68,
                              "Plan Rows": 164447,
                              "Plan Width": 4,
                              "Actual Startup Time": 130.694,
                              "Actual Total Time": 130.695,
                              "Actual Rows": 126861,
                              "Actual Loops": 4,
                              "Hash Buckets": 524288,
                              "Original Hash Buckets": 524288,
                              "Hash Batches": 1,
                              "Original Hash Batches": 1,
                              "Peak Memory Usage": 24000,
                              "Plans": [
                                {
                                  "Node Type": "Seq Scan",
                                  "Parent Relationship": "Outer",
                                  "Parallel Aware": true,
                                  "Relation Name": "movie_companies",
                                  "Alias": "mc",
                                  "Startup Cost": 0.0,
                                  "Total Cost": 29310.68,
                                  "Plan Rows": 164447,
                                  "Plan Width": 4,
                                  "Actual Startup Time": 0.051,
                                  "Actual Total Time": 79.755,
                                  "Actual Rows": 126861,
                                  "Actual Loops": 4,
                                  "Filter": "(company_id < 462)",
                                  "Rows Removed by Filter": 525421
                                }
                              ]
                            }
                          ]
                        }
                      ]
                    }
                  ]
                }
              ]
            }
          ]
        }
      ]
    },
    "Planning Time": 1.377,
    "Triggers": [],
    "Execution Time": 647.53
  }
]