[
    {
        "Bao": {
            "Bao prediction": 534.053,
            "Bao recommended hint": "SET enable_nestloop TO off; "
        }
    },
    {
        "Plan": {
            "Node Type": "Aggregate",
            "Strategy": "Plain",
            "Partial Mode": "Finalize",
            "Parallel Aware": false,
            "Startup Cost": 414309.0,
            "Total Cost": 414309.01,
            "Plan Rows": 1,
            "Plan Width": 8,
            "Actual Startup Time": 1801.361,
            "Actual Total Time": 1830.625,
            "Actual Rows": 1,
            "Actual Loops": 1,
            "Output": [
                "count(*)"
            ],
            "Plans": [
                {
                    "Node Type": "Gather",
                    "Parent Relationship": "Outer",
                    "Parallel Aware": false,
                    "Startup Cost": 414308.58,
                    "Total Cost": 414308.99,
                    "Plan Rows": 4,
                    "Plan Width": 8,
                    "Actual Startup Time": 1787.248,
                    "Actual Total Time": 1830.616,
                    "Actual Rows": 5,
                    "Actual Loops": 1,
                    "Output": [
                        "(PARTIAL count(*))"
                    ],
                    "Workers Planned": 4,
                    "Workers Launched": 4,
                    "Single Copy": false,
                    "Plans": [
                        {
                            "Node Type": "Aggregate",
                            "Strategy": "Plain",
                            "Partial Mode": "Partial",
                            "Parent Relationship": "Outer",
                            "Parallel Aware": false,
                            "Startup Cost": 413308.58,
                            "Total Cost": 413308.59,
                            "Plan Rows": 1,
                            "Plan Width": 8,
                            "Actual Startup Time": 1778.701,
                            "Actual Total Time": 1778.707,
                            "Actual Rows": 1,
                            "Actual Loops": 5,
                            "Output": [
                                "PARTIAL count(*)"
                            ],
                            "Workers": [
                                {
                                    "Worker Number": 0,
                                    "Actual Startup Time": 1780.66,
                                    "Actual Total Time": 1780.666,
                                    "Actual Rows": 1,
                                    "Actual Loops": 1
                                },
                                {
                                    "Worker Number": 1,
                                    "Actual Startup Time": 1774.99,
                                    "Actual Total Time": 1774.996,
                                    "Actual Rows": 1,
                                    "Actual Loops": 1
                                },
                                {
                                    "Worker Number": 2,
                                    "Actual Startup Time": 1775.487,
                                    "Actual Total Time": 1775.493,
                                    "Actual Rows": 1,
                                    "Actual Loops": 1
                                },
                                {
                                    "Worker Number": 3,
                                    "Actual Startup Time": 1775.995,
                                    "Actual Total Time": 1776.001,
                                    "Actual Rows": 1,
                                    "Actual Loops": 1
                                }
                            ],
                            "Plans": [
                                {
                                    "Node Type": "Hash Join",
                                    "Parent Relationship": "Outer",
                                    "Parallel Aware": true,
                                    "Join Type": "Inner",
                                    "Startup Cost": 368619.02,
                                    "Total Cost": 413308.41,
                                    "Plan Rows": 66,
                                    "Plan Width": 0,
                                    "Actual Startup Time": 1640.243,
                                    "Actual Total Time": 1778.549,
                                    "Actual Rows": 2053,
                                    "Actual Loops": 5,
                                    "Inner Unique": false,
                                    "Hash Cond": "(t.id = ci.movie_id)",
                                    "Workers": [
                                        {
                                            "Worker Number": 0,
                                            "Actual Startup Time": 1639.641,
                                            "Actual Total Time": 1780.472,
                                            "Actual Rows": 2502,
                                            "Actual Loops": 1
                                        },
                                        {
                                            "Worker Number": 1,
                                            "Actual Startup Time": 1638.299,
                                            "Actual Total Time": 1774.867,
                                            "Actual Rows": 2099,
                                            "Actual Loops": 1
                                        },
                                        {
                                            "Worker Number": 2,
                                            "Actual Startup Time": 1636.008,
                                            "Actual Total Time": 1775.363,
                                            "Actual Rows": 1400,
                                            "Actual Loops": 1
                                        },
                                        {
                                            "Worker Number": 3,
                                            "Actual Startup Time": 1641.139,
                                            "Actual Total Time": 1775.853,
                                            "Actual Rows": 1588,
                                            "Actual Loops": 1
                                        }
                                    ],
                                    "Plans": [
                                        {
                                            "Node Type": "Seq Scan",
                                            "Parent Relationship": "Outer",
                                            "Parallel Aware": true,
                                            "Relation Name": "title",
                                            "Schema": "public",
                                            "Alias": "t",
                                            "Startup Cost": 0.0,
                                            "Total Cost": 42318.81,
                                            "Plan Rows": 632080,
                                            "Plan Width": 4,
                                            "Actual Startup Time": 0.02,
                                            "Actual Total Time": 83.052,
                                            "Actual Rows": 505662,
                                            "Actual Loops": 5,
                                            "Output": [
                                                "t.id",
                                                "t.title",
                                                "t.imdb_index",
                                                "t.kind_id",
                                                "t.production_year",
                                                "t.imdb_id",
                                                "t.phonetic_code",
                                                "t.episode_of_id",
                                                "t.season_nr",
                                                "t.episode_nr",
                                                "t.series_years",
                                                "t.md5sum"
                                            ],
                                            "Workers": [
                                                {
                                                    "Worker Number": 0,
                                                    "Actual Startup Time": 0.02,
                                                    "Actual Total Time": 85.259,
                                                    "Actual Rows": 422719,
                                                    "Actual Loops": 1
                                                },
                                                {
                                                    "Worker Number": 1,
                                                    "Actual Startup Time": 0.022,
                                                    "Actual Total Time": 86.917,
                                                    "Actual Rows": 596283,
                                                    "Actual Loops": 1
                                                },
                                                {
                                                    "Worker Number": 2,
                                                    "Actual Startup Time": 0.021,
                                                    "Actual Total Time": 85.857,
                                                    "Actual Rows": 414333,
                                                    "Actual Loops": 1
                                                },
                                                {
                                                    "Worker Number": 3,
                                                    "Actual Startup Time": 0.024,
                                                    "Actual Total Time": 85.388,
                                                    "Actual Rows": 424953,
                                                    "Actual Loops": 1
                                                }
                                            ]
                                        },
                                        {
                                            "Node Type": "Hash",
                                            "Parent Relationship": "Inner",
                                            "Parallel Aware": true,
                                            "Startup Cost": 368617.54,
                                            "Total Cost": 368617.54,
                                            "Plan Rows": 118,
                                            "Plan Width": 8,
                                            "Actual Startup Time": 1636.176,
                                            "Actual Total Time": 1636.179,
                                            "Actual Rows": 2053,
                                            "Actual Loops": 5,
                                            "Output": [
                                                "ci.movie_id",
                                                "mk.movie_id"
                                            ],
                                            "Hash Buckets": 16384,
                                            "Original Hash Buckets": 1024,
                                            "Hash Batches": 1,
                                            "Original Hash Batches": 1,
                                            "Peak Memory Usage": 728,
                                            "Workers": [
                                                {
                                                    "Worker Number": 0,
                                                    "Actual Startup Time": 1638.921,
                                                    "Actual Total Time": 1638.925,
                                                    "Actual Rows": 2044,
                                                    "Actual Loops": 1
                                                },
                                                {
                                                    "Worker Number": 1,
                                                    "Actual Startup Time": 1633.012,
                                                    "Actual Total Time": 1633.016,
                                                    "Actual Rows": 2000,
                                                    "Actual Loops": 1
                                                },
                                                {
                                                    "Worker Number": 2,
                                                    "Actual Startup Time": 1633.542,
                                                    "Actual Total Time": 1633.546,
                                                    "Actual Rows": 2010,
                                                    "Actual Loops": 1
                                                },
                                                {
                                                    "Worker Number": 3,
                                                    "Actual Startup Time": 1634.015,
                                                    "Actual Total Time": 1634.019,
                                                    "Actual Rows": 2007,
                                                    "Actual Loops": 1
                                                }
                                            ],
                                            "Plans": [
                                                {
                                                    "Node Type": "Merge Join",
                                                    "Parent Relationship": "Outer",
                                                    "Parallel Aware": false,
                                                    "Join Type": "Inner",
                                                    "Startup Cost": 366335.87,
                                                    "Total Cost": 368617.54,
                                                    "Plan Rows": 118,
                                                    "Plan Width": 8,
                                                    "Actual Startup Time": 1221.419,
                                                    "Actual Total Time": 1510.76,
                                                    "Actual Rows": 2053,
                                                    "Actual Loops": 5,
                                                    "Output": [
                                                        "ci.movie_id",
                                                        "mk.movie_id"
                                                    ],
                                                    "Inner Unique": false,
                                                    "Merge Cond": "(ci.movie_id = mk.movie_id)",
                                                    "Workers": [
                                                        {
                                                            "Worker Number": 0,
                                                            "Actual Startup Time": 1212.142,
                                                            "Actual Total Time": 1505.789,
                                                            "Actual Rows": 2044,
                                                            "Actual Loops": 1
                                                        },
                                                        {
                                                            "Worker Number": 1,
                                                            "Actual Startup Time": 1213.381,
                                                            "Actual Total Time": 1459.958,
                                                            "Actual Rows": 2000,
                                                            "Actual Loops": 1
                                                        },
                                                        {
                                                            "Worker Number": 2,
                                                            "Actual Startup Time": 1216.235,
                                                            "Actual Total Time": 1508.582,
                                                            "Actual Rows": 2010,
                                                            "Actual Loops": 1
                                                        },
                                                        {
                                                            "Worker Number": 3,
                                                            "Actual Startup Time": 1216.248,
                                                            "Actual Total Time": 1512.209,
                                                            "Actual Rows": 2007,
                                                            "Actual Loops": 1
                                                        }
                                                    ],
                                                    "Plans": [
                                                        {
                                                            "Node Type": "Sort",
                                                            "Parent Relationship": "Outer",
                                                            "Parallel Aware": false,
                                                            "Startup Cost": 365416.96,
                                                            "Total Cost": 366556.86,
                                                            "Plan Rows": 455960,
                                                            "Plan Width": 4,
                                                            "Actual Startup Time": 1209.216,
                                                            "Actual Total Time": 1374.075,
                                                            "Actual Rows": 1382897,
                                                            "Actual Loops": 5,
                                                            "Output": [
                                                                "ci.movie_id"
                                                            ],
                                                            "Sort Key": [
                                                                "ci.movie_id"
                                                            ],
                                                            "Sort Method": "quicksort",
                                                            "Sort Space Used": 118745,
                                                            "Sort Space Type": "Memory",
                                                            "Workers": [
                                                                {
                                                                    "Worker Number": 0,
                                                                    "Actual Startup Time": 1199.251,
                                                                    "Actual Total Time": 1366.26,
                                                                    "Actual Rows": 1340882,
                                                                    "Actual Loops": 1
                                                                },
                                                                {
                                                                    "Worker Number": 1,
                                                                    "Actual Startup Time": 1199.534,
                                                                    "Actual Total Time": 1342.488,
                                                                    "Actual Rows": 1360202,
                                                                    "Actual Loops": 1
                                                                },
                                                                {
                                                                    "Worker Number": 2,
                                                                    "Actual Startup Time": 1203.548,
                                                                    "Actual Total Time": 1370.135,
                                                                    "Actual Rows": 1353354,
                                                                    "Actual Loops": 1
                                                                },
                                                                {
                                                                    "Worker Number": 3,
                                                                    "Actual Startup Time": 1204.139,
                                                                    "Actual Total Time": 1371.334,
                                                                    "Actual Rows": 1378510,
                                                                    "Actual Loops": 1
                                                                }
                                                            ],
                                                            "Plans": [
                                                                {
                                                                    "Node Type": "Index Scan",
                                                                    "Parent Relationship": "Outer",
                                                                    "Parallel Aware": true,
                                                                    "Scan Direction": "Forward",
                                                                    "Index Name": "role_id_cast_info",
                                                                    "Relation Name": "cast_info",
                                                                    "Schema": "public",
                                                                    "Alias": "ci",
                                                                    "Startup Cost": 0.56,
                                                                    "Total Cost": 322560.04,
                                                                    "Plan Rows": 455960,
                                                                    "Plan Width": 4,
                                                                    "Actual Startup Time": 0.148,
                                                                    "Actual Total Time": 673.711,
                                                                    "Actual Rows": 1385729,
                                                                    "Actual Loops": 5,
                                                                    "Output": [
                                                                        "ci.movie_id"
                                                                    ],
                                                                    "Index Cond": "(ci.role_id > 3)",
                                                                    "Rows Removed by Index Recheck": 0,
                                                                    "Filter": "(ci.person_id > 2858509)",
                                                                    "Rows Removed by Filter": 1037000,
                                                                    "Workers": [
                                                                        {
                                                                            "Worker Number": 0,
                                                                            "Actual Startup Time": 0.072,
                                                                            "Actual Total Time": 683.583,
                                                                            "Actual Rows": 1343560,
                                                                            "Actual Loops": 1
                                                                        },
                                                                        {
                                                                            "Worker Number": 1,
                                                                            "Actual Startup Time": 0.348,
                                                                            "Actual Total Time": 677.332,
                                                                            "Actual Rows": 1363048,
                                                                            "Actual Loops": 1
                                                                        },
                                                                        {
                                                                            "Worker Number": 2,
                                                                            "Actual Startup Time": 0.112,
                                                                            "Actual Total Time": 678.223,
                                                                            "Actual Rows": 1356202,
                                                                            "Actual Loops": 1
                                                                        },
                                                                        {
                                                                            "Worker Number": 3,
                                                                            "Actual Startup Time": 0.119,
                                                                            "Actual Total Time": 676.289,
                                                                            "Actual Rows": 1381197,
                                                                            "Actual Loops": 1
                                                                        }
                                                                    ]
                                                                }
                                                            ]
                                                        },
                                                        {
                                                            "Node Type": "Sort",
                                                            "Parent Relationship": "Inner",
                                                            "Parallel Aware": false,
                                                            "Startup Cost": 918.38,
                                                            "Total Cost": 918.99,
                                                            "Plan Rows": 244,
                                                            "Plan Width": 4,
                                                            "Actual Startup Time": 4.17,
                                                            "Actual Total Time": 4.361,
                                                            "Actual Rows": 2473,
                                                            "Actual Loops": 5,
                                                            "Output": [
                                                                "mk.movie_id"
                                                            ],
                                                            "Sort Key": [
                                                                "mk.movie_id"
                                                            ],
                                                            "Sort Method": "quicksort",
                                                            "Sort Space Used": 66,
                                                            "Sort Space Type": "Memory",
                                                            "Workers": [
                                                                {
                                                                    "Worker Number": 0,
                                                                    "Actual Startup Time": 4.727,
                                                                    "Actual Total Time": 4.93,
                                                                    "Actual Rows": 2489,
                                                                    "Actual Loops": 1
                                                                },
                                                                {
                                                                    "Worker Number": 1,
                                                                    "Actual Startup Time": 5.536,
                                                                    "Actual Total Time": 5.674,
                                                                    "Actual Rows": 2442,
                                                                    "Actual Loops": 1
                                                                },
                                                                {
                                                                    "Worker Number": 2,
                                                                    "Actual Startup Time": 4.553,
                                                                    "Actual Total Time": 4.747,
                                                                    "Actual Rows": 2416,
                                                                    "Actual Loops": 1
                                                                },
                                                                {
                                                                    "Worker Number": 3,
                                                                    "Actual Startup Time": 4.788,
                                                                    "Actual Total Time": 4.985,
                                                                    "Actual Rows": 2421,
                                                                    "Actual Loops": 1
                                                                }
                                                            ],
                                                            "Plans": [
                                                                {
                                                                    "Node Type": "Bitmap Heap Scan",
                                                                    "Parent Relationship": "Outer",
                                                                    "Parallel Aware": false,
                                                                    "Relation Name": "movie_keyword",
                                                                    "Schema": "public",
                                                                    "Alias": "mk",
                                                                    "Startup Cost": 6.32,
                                                                    "Total Cost": 908.7,
                                                                    "Plan Rows": 244,
                                                                    "Plan Width": 4,
                                                                    "Actual Startup Time": 0.31,
                                                                    "Actual Total Time": 3.838,
                                                                    "Actual Rows": 894,
                                                                    "Actual Loops": 5,
                                                                    "Output": [
                                                                        "mk.movie_id"
                                                                    ],
                                                                    "Recheck Cond": "(mk.keyword_id = 12530)",
                                                                    "Rows Removed by Index Recheck": 0,
                                                                    "Exact Heap Blocks": 691,
                                                                    "Lossy Heap Blocks": 0,
                                                                    "Workers": [
                                                                        {
                                                                            "Worker Number": 0,
                                                                            "Actual Startup Time": 0.328,
                                                                            "Actual Total Time": 4.36,
                                                                            "Actual Rows": 894,
                                                                            "Actual Loops": 1
                                                                        },
                                                                        {
                                                                            "Worker Number": 1,
                                                                            "Actual Startup Time": 0.342,
                                                                            "Actual Total Time": 5.135,
                                                                            "Actual Rows": 894,
                                                                            "Actual Loops": 1
                                                                        },
                                                                        {
                                                                            "Worker Number": 2,
                                                                            "Actual Startup Time": 0.338,
                                                                            "Actual Total Time": 4.19,
                                                                            "Actual Rows": 894,
                                                                            "Actual Loops": 1
                                                                        },
                                                                        {
                                                                            "Worker Number": 3,
                                                                            "Actual Startup Time": 0.321,
                                                                            "Actual Total Time": 4.424,
                                                                            "Actual Rows": 894,
                                                                            "Actual Loops": 1
                                                                        }
                                                                    ],
                                                                    "Plans": [
                                                                        {
                                                                            "Node Type": "Bitmap Index Scan",
                                                                            "Parent Relationship": "Outer",
                                                                            "Parallel Aware": false,
                                                                            "Index Name": "keyword_id_movie_keyword",
                                                                            "Startup Cost": 0.0,
                                                                            "Total Cost": 6.26,
                                                                            "Plan Rows": 244,
                                                                            "Plan Width": 0,
                                                                            "Actual Startup Time": 0.187,
                                                                            "Actual Total Time": 0.187,
                                                                            "Actual Rows": 894,
                                                                            "Actual Loops": 5,
                                                                            "Index Cond": "(mk.keyword_id = 12530)",
                                                                            "Workers": [
                                                                                {
                                                                                    "Worker Number": 0,
                                                                                    "Actual Startup Time": 0.201,
                                                                                    "Actual Total Time": 0.201,
                                                                                    "Actual Rows": 894,
                                                                                    "Actual Loops": 1
                                                                                },
                                                                                {
                                                                                    "Worker Number": 1,
                                                                                    "Actual Startup Time": 0.205,
                                                                                    "Actual Total Time": 0.205,
                                                                                    "Actual Rows": 894,
                                                                                    "Actual Loops": 1
                                                                                },
                                                                                {
                                                                                    "Worker Number": 2,
                                                                                    "Actual Startup Time": 0.212,
                                                                                    "Actual Total Time": 0.213,
                                                                                    "Actual Rows": 894,
                                                                                    "Actual Loops": 1
                                                                                },
                                                                                {
                                                                                    "Worker Number": 3,
                                                                                    "Actual Startup Time": 0.196,
                                                                                    "Actual Total Time": 0.196,
                                                                                    "Actual Rows": 894,
                                                                                    "Actual Loops": 1
                                                                                }
                                                                            ]
                                                                        }
                                                                    ]
                                                                }
                                                            ]
                                                        }
                                                    ]
                                                }
                                            ]
                                        }
                                    ]
                                }
                            ]
                        }
                    ]
                }
            ]
        },
        "Planning Time": 5257.892,
        "Triggers": [],
        "Execution Time": 1843.502
    }
]