[
  {
    "Plan": {
      "Node Type": "Aggregate",
      "Strategy": "Plain",
      "Partial Mode": "Finalize",
      "Parallel Aware": false,
      "Startup Cost": 30936.65,
      "Total Cost": 30936.66,
      "Plan Rows": 1,
      "Plan Width": 8,
      "Actual Startup Time": 97.663,
      "Actual Total Time": 104.355,
      "Actual Rows": 1,
      "Actual Loops": 1,
      "Plans": [
        {
          "Node Type": "Gather",
          "Parent Relationship": "Outer",
          "Parallel Aware": false,
          "Startup Cost": 30936.33,
          "Total Cost": 30936.64,
          "Plan Rows": 3,
          "Plan Width": 8,
          "Actual Startup Time": 97.565,
          "Actual Total Time": 104.346,
          "Actual Rows": 4,
          "Actual Loops": 1,
          "Workers Planned": 3,
          "Workers Launched": 3,
          "Single Copy": false,
          "Plans": [
            {
              "Node Type": "Aggregate",
              "Strategy": "Plain",
              "Partial Mode": "Partial",
              "Parent Relationship": "Outer",
              "Parallel Aware": false,
              "Startup Cost": 29936.33,
              "Total Cost": 29936.34,
              "Plan Rows": 1,
              "Plan Width": 8,
              "Actual Startup Time": 89.315,
              "Actual Total Time": 89.316,
              "Actual Rows": 1,
              "Actual Loops": 4,
              "Plans": [
                {
                  "Node Type": "Seq Scan",
                  "Parent Relationship": "Outer",
                  "Parallel Aware": true,
                  "Relation Name": "movie_companies",
                  "Alias": "mc",
                  "Startup Cost": 0.0,
                  "Total Cost": 29310.68,
                  "Plan Rows": 250260,
                  "Plan Width": 0,
                  "Actual Startup Time": 0.048,
                  "Actual Total Time": 75.641,
                  "Actual Rows": 191813,
                  "Actual Loops": 4,
                  "Filter": "(company_id < 1609)",
                  "Rows Removed by Filter": 460469
                }
              ]
            }
          ]
        }
      ]
    },
    "Planning Time": 0.2,
    "Triggers": [],
    "Execution Time": 104.406
  }
]