[
  {
    "Plan": {
      "Node Type": "Aggregate",
      "Strategy": "Plain",
      "Partial Mode": "Finalize",
      "Parallel Aware": false,
      "Startup Cost": 83380.9,
      "Total Cost": 83380.91,
      "Plan Rows": 1,
      "Plan Width": 8,
      "Actual Startup Time": 125.431,
      "Actual Total Time": 143.067,
      "Actual Rows": 1,
      "Actual Loops": 1,
      "Plans": [
        {
          "Node Type": "Gather",
          "Parent Relationship": "Outer",
          "Parallel Aware": false,
          "Startup Cost": 83380.48,
          "Total Cost": 83380.89,
          "Plan Rows": 4,
          "Plan Width": 8,
          "Actual Startup Time": 125.313,
          "Actual Total Time": 143.061,
          "Actual Rows": 5,
          "Actual Loops": 1,
          "Workers Planned": 4,
          "Workers Launched": 4,
          "Single Copy": false,
          "Plans": [
            {
              "Node Type": "Aggregate",
              "Strategy": "Plain",
              "Partial Mode": "Partial",
              "Parent Relationship": "Outer",
              "Parallel Aware": false,
              "Startup Cost": 82380.48,
              "Total Cost": 82380.49,
              "Plan Rows": 1,
              "Plan Width": 8,
              "Actual Startup Time": 116.387,
              "Actual Total Time": 116.388,
              "Actual Rows": 1,
              "Actual Loops": 5,
              "Plans": [
                {
                  "Node Type": "Nested Loop",
                  "Parent Relationship": "Outer",
                  "Parallel Aware": false,
                  "Join Type": "Inner",
                  "Startup Cost": 0.43,
                  "Total Cost": 82357.52,
                  "Plan Rows": 9184,
                  "Plan Width": 0,
                  "Actual Startup Time": 2.224,
                  "Actual Total Time": 116.007,
                  "Actual Rows": 6347,
                  "Actual Loops": 5,
                  "Inner Unique": false,
                  "Plans": [
                    {
                      "Node Type": "Seq Scan",
                      "Parent Relationship": "Outer",
                      "Parallel Aware": true,
                      "Relation Name": "title",
                      "Alias": "t",
                      "Startup Cost": 0.0,
                      "Total Cost": 45479.1,
                      "Plan Rows": 5133,
                      "Plan Width": 4,
                      "Actual Startup Time": 0.31,
                      "Actual Total Time": 82.134,
                      "Actual Rows": 4866,
                      "Actual Loops": 5,
                      "Filter": "((kind_id < 3) AND (production_year > 2012))",
                      "Rows Removed by Filter": 500796
                    },
                    {
                      "Node Type": "Index Only Scan",
                      "Parent Relationship": "Inner",
                      "Parallel Aware": false,
                      "Scan Direction": "Forward",
                      "Index Name": "movie_id_movie_keyword",
                      "Relation Name": "movie_keyword",
                      "Alias": "mk",
                      "Startup Cost": 0.43,
                      "Total Cost": 6.73,
                      "Plan Rows": 45,
                      "Plan Width": 4,
                      "Actual Startup Time": 0.006,
                      "Actual Total Time": 0.007,
                      "Actual Rows": 1,
                      "Actual Loops": 24331,
                      "Index Cond": "(movie_id = t.id)",
                      "Rows Removed by Index Recheck": 0,
                      "Heap Fetches": 31733
                    }
                  ]
                }
              ]
            }
          ]
        }
      ]
    },
    "Planning Time": 0.615,
    "Triggers": [],
    "Execution Time": 143.143
  }
]