{
    "Plan": {
        "Node Type": "Aggregate",
        "Strategy": "Plain",
        "Partial Mode": "Finalize",
        "Parallel Aware": false,
        "Startup Cost": 633748.12,
        "Total Cost": 633748.13,
        "Plan Rows": 1,
        "Plan Width": 8,
        "Actual Startup Time": 9048.259,
        "Actual Total Time": 9125.264,
        "Actual Rows": 1,
        "Actual Loops": 1,
        "Output": [
            "count(*)"
        ],
        "Plans": [
            {
                "Node Type": "Gather",
                "Parent Relationship": "Outer",
                "Parallel Aware": false,
                "Startup Cost": 633747.49,
                "Total Cost": 633748.1,
                "Plan Rows": 6,
                "Plan Width": 8,
                "Actual Startup Time": 9004.666,
                "Actual Total Time": 9125.254,
                "Actual Rows": 7,
                "Actual Loops": 1,
                "Output": [
                    "(PARTIAL count(*))"
                ],
                "Workers Planned": 6,
                "Workers Launched": 6,
                "Single Copy": false,
                "Plans": [
                    {
                        "Node Type": "Aggregate",
                        "Strategy": "Plain",
                        "Partial Mode": "Partial",
                        "Parent Relationship": "Outer",
                        "Parallel Aware": false,
                        "Startup Cost": 632747.49,
                        "Total Cost": 632747.5,
                        "Plan Rows": 1,
                        "Plan Width": 8,
                        "Actual Startup Time": 8976.884,
                        "Actual Total Time": 8976.89,
                        "Actual Rows": 1,
                        "Actual Loops": 7,
                        "Output": [
                            "PARTIAL count(*)"
                        ],
                        "Workers": [
                            {
                                "Worker Number": 0,
                                "Actual Startup Time": 8972.408,
                                "Actual Total Time": 8972.412,
                                "Actual Rows": 1,
                                "Actual Loops": 1
                            },
                            {
                                "Worker Number": 1,
                                "Actual Startup Time": 8972.545,
                                "Actual Total Time": 8972.549,
                                "Actual Rows": 1,
                                "Actual Loops": 1
                            },
                            {
                                "Worker Number": 2,
                                "Actual Startup Time": 8972.403,
                                "Actual Total Time": 8972.407,
                                "Actual Rows": 1,
                                "Actual Loops": 1
                            },
                            {
                                "Worker Number": 3,
                                "Actual Startup Time": 8972.513,
                                "Actual Total Time": 8972.517,
                                "Actual Rows": 1,
                                "Actual Loops": 1
                            },
                            {
                                "Worker Number": 4,
                                "Actual Startup Time": 8972.39,
                                "Actual Total Time": 8972.396,
                                "Actual Rows": 1,
                                "Actual Loops": 1
                            },
                            {
                                "Worker Number": 5,
                                "Actual Startup Time": 8972.378,
                                "Actual Total Time": 8972.383,
                                "Actual Rows": 1,
                                "Actual Loops": 1
                            }
                        ],
                        "Plans": [
                            {
                                "Node Type": "Hash Join",
                                "Parent Relationship": "Outer",
                                "Parallel Aware": true,
                                "Join Type": "Inner",
                                "Startup Cost": 253541.51,
                                "Total Cost": 616331.7,
                                "Plan Rows": 6566318,
                                "Plan Width": 0,
                                "Actual Startup Time": 1385.117,
                                "Actual Total Time": 7785.151,
                                "Actual Rows": 28992184,
                                "Actual Loops": 7,
                                "Inner Unique": false,
                                "Hash Cond": "(ci.movie_id = t.id)",
                                "Workers": [
                                    {
                                        "Worker Number": 0,
                                        "Actual Startup Time": 1381.502,
                                        "Actual Total Time": 7790.918,
                                        "Actual Rows": 30405031,
                                        "Actual Loops": 1
                                    },
                                    {
                                        "Worker Number": 1,
                                        "Actual Startup Time": 1381.452,
                                        "Actual Total Time": 7762.394,
                                        "Actual Rows": 30233616,
                                        "Actual Loops": 1
                                    },
                                    {
                                        "Worker Number": 2,
                                        "Actual Startup Time": 1381.591,
                                        "Actual Total Time": 7741.54,
                                        "Actual Rows": 28445964,
                                        "Actual Loops": 1
                                    },
                                    {
                                        "Worker Number": 3,
                                        "Actual Startup Time": 1381.596,
                                        "Actual Total Time": 7736.136,
                                        "Actual Rows": 24637421,
                                        "Actual Loops": 1
                                    },
                                    {
                                        "Worker Number": 4,
                                        "Actual Startup Time": 1381.498,
                                        "Actual Total Time": 7904.869,
                                        "Actual Rows": 27464409,
                                        "Actual Loops": 1
                                    },
                                    {
                                        "Worker Number": 5,
                                        "Actual Startup Time": 1381.492,
                                        "Actual Total Time": 7779.543,
                                        "Actual Rows": 30604786,
                                        "Actual Loops": 1
                                    }
                                ],
                                "Plans": [
                                    {
                                        "Node Type": "Seq Scan",
                                        "Parent Relationship": "Outer",
                                        "Parallel Aware": true,
                                        "Relation Name": "cast_info",
                                        "Schema": "public",
                                        "Alias": "ci",
                                        "Startup Cost": 0.0,
                                        "Total Cost": 328213.62,
                                        "Plan Rows": 5718385,
                                        "Plan Width": 4,
                                        "Actual Startup Time": 20.998,
                                        "Actual Total Time": 658.981,
                                        "Actual Rows": 4895183,
                                        "Actual Loops": 7,
                                        "Output": [
                                            "ci.id",
                                            "ci.person_id",
                                            "ci.movie_id",
                                            "ci.person_role_id",
                                            "ci.note",
                                            "ci.nr_order",
                                            "ci.role_id"
                                        ],
                                        "Filter": "(ci.person_id > 193077)",
                                        "Rows Removed by Filter": 282580,
                                        "Workers": [
                                            {
                                                "Worker Number": 0,
                                                "Actual Startup Time": 21.024,
                                                "Actual Total Time": 675.64,
                                                "Actual Rows": 5116411,
                                                "Actual Loops": 1
                                            },
                                            {
                                                "Worker Number": 1,
                                                "Actual Startup Time": 21.006,
                                                "Actual Total Time": 682.44,
                                                "Actual Rows": 5064431,
                                                "Actual Loops": 1
                                            },
                                            {
                                                "Worker Number": 2,
                                                "Actual Startup Time": 20.996,
                                                "Actual Total Time": 688.474,
                                                "Actual Rows": 4854834,
                                                "Actual Loops": 1
                                            },
                                            {
                                                "Worker Number": 3,
                                                "Actual Startup Time": 20.933,
                                                "Actual Total Time": 697.815,
                                                "Actual Rows": 4159366,
                                                "Actual Loops": 1
                                            },
                                            {
                                                "Worker Number": 4,
                                                "Actual Startup Time": 21.003,
                                                "Actual Total Time": 656.964,
                                                "Actual Rows": 4618493,
                                                "Actual Loops": 1
                                            },
                                            {
                                                "Worker Number": 5,
                                                "Actual Startup Time": 21.011,
                                                "Actual Total Time": 677.356,
                                                "Actual Rows": 5161289,
                                                "Actual Loops": 1
                                            }
                                        ]
                                    },
                                    {
                                        "Node Type": "Hash",
                                        "Parent Relationship": "Inner",
                                        "Parallel Aware": true,
                                        "Startup Cost": 246283.45,
                                        "Total Cost": 246283.45,
                                        "Plan Rows": 580645,
                                        "Plan Width": 8,
                                        "Actual Startup Time": 1357.137,
                                        "Actual Total Time": 1357.142,
                                        "Actual Rows": 944515,
                                        "Actual Loops": 7,
                                        "Output": [
                                            "t.id",
                                            "mi.movie_id"
                                        ],
                                        "Hash Buckets": 8388608,
                                        "Original Hash Buckets": 4194304,
                                        "Hash Batches": 1,
                                        "Original Hash Batches": 1,
                                        "Peak Memory Usage": 357056,
                                        "Workers": [
                                            {
                                                "Worker Number": 0,
                                                "Actual Startup Time": 1359.799,
                                                "Actual Total Time": 1359.802,
                                                "Actual Rows": 980322,
                                                "Actual Loops": 1
                                            },
                                            {
                                                "Worker Number": 1,
                                                "Actual Startup Time": 1359.749,
                                                "Actual Total Time": 1359.752,
                                                "Actual Rows": 986069,
                                                "Actual Loops": 1
                                            },
                                            {
                                                "Worker Number": 2,
                                                "Actual Startup Time": 1359.808,
                                                "Actual Total Time": 1359.811,
                                                "Actual Rows": 993012,
                                                "Actual Loops": 1
                                            },
                                            {
                                                "Worker Number": 3,
                                                "Actual Startup Time": 1359.741,
                                                "Actual Total Time": 1359.744,
                                                "Actual Rows": 714873,
                                                "Actual Loops": 1
                                            },
                                            {
                                                "Worker Number": 4,
                                                "Actual Startup Time": 1359.761,
                                                "Actual Total Time": 1359.765,
                                                "Actual Rows": 865807,
                                                "Actual Loops": 1
                                            },
                                            {
                                                "Worker Number": 5,
                                                "Actual Startup Time": 1359.753,
                                                "Actual Total Time": 1359.756,
                                                "Actual Rows": 990831,
                                                "Actual Loops": 1
                                            }
                                        ],
                                        "Plans": [
                                            {
                                                "Node Type": "Hash Join",
                                                "Parent Relationship": "Outer",
                                                "Parallel Aware": true,
                                                "Join Type": "Inner",
                                                "Startup Cost": 47033.82,
                                                "Total Cost": 246283.45,
                                                "Plan Rows": 580645,
                                                "Plan Width": 8,
                                                "Actual Startup Time": 126.357,
                                                "Actual Total Time": 901.576,
                                                "Actual Rows": 944515,
                                                "Actual Loops": 7,
                                                "Output": [
                                                    "t.id",
                                                    "mi.movie_id"
                                                ],
                                                "Inner Unique": true,
                                                "Hash Cond": "(mi.movie_id = t.id)",
                                                "Workers": [
                                                    {
                                                        "Worker Number": 0,
                                                        "Actual Startup Time": 126.291,
                                                        "Actual Total Time": 900.701,
                                                        "Actual Rows": 980322,
                                                        "Actual Loops": 1
                                                    },
                                                    {
                                                        "Worker Number": 1,
                                                        "Actual Startup Time": 126.35,
                                                        "Actual Total Time": 901.319,
                                                        "Actual Rows": 986069,
                                                        "Actual Loops": 1
                                                    },
                                                    {
                                                        "Worker Number": 2,
                                                        "Actual Startup Time": 126.293,
                                                        "Actual Total Time": 902.01,
                                                        "Actual Rows": 993012,
                                                        "Actual Loops": 1
                                                    },
                                                    {
                                                        "Worker Number": 3,
                                                        "Actual Startup Time": 126.341,
                                                        "Actual Total Time": 910.325,
                                                        "Actual Rows": 714873,
                                                        "Actual Loops": 1
                                                    },
                                                    {
                                                        "Worker Number": 4,
                                                        "Actual Startup Time": 126.505,
                                                        "Actual Total Time": 909.195,
                                                        "Actual Rows": 865807,
                                                        "Actual Loops": 1
                                                    },
                                                    {
                                                        "Worker Number": 5,
                                                        "Actual Startup Time": 126.274,
                                                        "Actual Total Time": 902.062,
                                                        "Actual Rows": 990831,
                                                        "Actual Loops": 1
                                                    }
                                                ],
                                                "Plans": [
                                                    {
                                                        "Node Type": "Seq Scan",
                                                        "Parent Relationship": "Outer",
                                                        "Parallel Aware": true,
                                                        "Relation Name": "movie_info",
                                                        "Schema": "public",
                                                        "Alias": "mi",
                                                        "Startup Cost": 0.0,
                                                        "Total Cost": 191503.19,
                                                        "Plan Rows": 2951019,
                                                        "Plan Width": 4,
                                                        "Actual Startup Time": 0.027,
                                                        "Actual Total Time": 261.544,
                                                        "Actual Rows": 2119389,
                                                        "Actual Loops": 7,
                                                        "Output": [
                                                            "mi.id",
                                                            "mi.movie_id",
                                                            "mi.info_type_id",
                                                            "mi.info",
                                                            "mi.note"
                                                        ],
                                                        "Workers": [
                                                            {
                                                                "Worker Number": 0,
                                                                "Actual Startup Time": 0.028,
                                                                "Actual Total Time": 266.289,
                                                                "Actual Rows": 2193455,
                                                                "Actual Loops": 1
                                                            },
                                                            {
                                                                "Worker Number": 1,
                                                                "Actual Startup Time": 0.031,
                                                                "Actual Total Time": 267.732,
                                                                "Actual Rows": 2202368,
                                                                "Actual Loops": 1
                                                            },
                                                            {
                                                                "Worker Number": 2,
                                                                "Actual Startup Time": 0.027,
                                                                "Actual Total Time": 268.756,
                                                                "Actual Rows": 2232784,
                                                                "Actual Loops": 1
                                                            },
                                                            {
                                                                "Worker Number": 3,
                                                                "Actual Startup Time": 0.031,
                                                                "Actual Total Time": 285.121,
                                                                "Actual Rows": 1601079,
                                                                "Actual Loops": 1
                                                            },
                                                            {
                                                                "Worker Number": 4,
                                                                "Actual Startup Time": 0.04,
                                                                "Actual Total Time": 269.061,
                                                                "Actual Rows": 1900576,
                                                                "Actual Loops": 1
                                                            },
                                                            {
                                                                "Worker Number": 5,
                                                                "Actual Startup Time": 0.024,
                                                                "Actual Total Time": 268.056,
                                                                "Actual Rows": 2218582,
                                                                "Actual Loops": 1
                                                            }
                                                        ]
                                                    },
                                                    {
                                                        "Node Type": "Hash",
                                                        "Parent Relationship": "Inner",
                                                        "Parallel Aware": true,
                                                        "Startup Cost": 45479.21,
                                                        "Total Cost": 45479.21,
                                                        "Plan Rows": 124369,
                                                        "Plan Width": 4,
                                                        "Actual Startup Time": 124.842,
                                                        "Actual Total Time": 124.843,
                                                        "Actual Rows": 83060,
                                                        "Actual Loops": 7,
                                                        "Output": [
                                                            "t.id"
                                                        ],
                                                        "Hash Buckets": 1048576,
                                                        "Original Hash Buckets": 524288,
                                                        "Hash Batches": 1,
                                                        "Original Hash Batches": 1,
                                                        "Peak Memory Usage": 35136,
                                                        "Workers": [
                                                            {
                                                                "Worker Number": 0,
                                                                "Actual Startup Time": 125.256,
                                                                "Actual Total Time": 125.257,
                                                                "Actual Rows": 83296,
                                                                "Actual Loops": 1
                                                            },
                                                            {
                                                                "Worker Number": 1,
                                                                "Actual Startup Time": 125.251,
                                                                "Actual Total Time": 125.252,
                                                                "Actual Rows": 83569,
                                                                "Actual Loops": 1
                                                            },
                                                            {
                                                                "Worker Number": 2,
                                                                "Actual Startup Time": 125.237,
                                                                "Actual Total Time": 125.238,
                                                                "Actual Rows": 85183,
                                                                "Actual Loops": 1
                                                            },
                                                            {
                                                                "Worker Number": 3,
                                                                "Actual Startup Time": 125.249,
                                                                "Actual Total Time": 125.249,
                                                                "Actual Rows": 61230,
                                                                "Actual Loops": 1
                                                            },
                                                            {
                                                                "Worker Number": 4,
                                                                "Actual Startup Time": 125.223,
                                                                "Actual Total Time": 125.225,
                                                                "Actual Rows": 70995,
                                                                "Actual Loops": 1
                                                            },
                                                            {
                                                                "Worker Number": 5,
                                                                "Actual Startup Time": 125.22,
                                                                "Actual Total Time": 125.221,
                                                                "Actual Rows": 84559,
                                                                "Actual Loops": 1
                                                            }
                                                        ],
                                                        "Plans": [
                                                            {
                                                                "Node Type": "Seq Scan",
                                                                "Parent Relationship": "Outer",
                                                                "Parallel Aware": true,
                                                                "Relation Name": "title",
                                                                "Schema": "public",
                                                                "Alias": "t",
                                                                "Startup Cost": 0.0,
                                                                "Total Cost": 45479.21,
                                                                "Plan Rows": 124369,
                                                                "Plan Width": 4,
                                                                "Actual Startup Time": 0.086,
                                                                "Actual Total Time": 75.44,
                                                                "Actual Rows": 83060,
                                                                "Actual Loops": 7,
                                                                "Output": [
                                                                    "t.id"
                                                                ],
                                                                "Filter": "((t.kind_id < 7) AND (t.production_year < 2004))",
                                                                "Rows Removed by Filter": 278128,
                                                                "Workers": [
                                                                    {
                                                                        "Worker Number": 0,
                                                                        "Actual Startup Time": 0.107,
                                                                        "Actual Total Time": 76.065,
                                                                        "Actual Rows": 83296,
                                                                        "Actual Loops": 1
                                                                    },
                                                                    {
                                                                        "Worker Number": 1,
                                                                        "Actual Startup Time": 0.098,
                                                                        "Actual Total Time": 75.791,
                                                                        "Actual Rows": 83569,
                                                                        "Actual Loops": 1
                                                                    },
                                                                    {
                                                                        "Worker Number": 2,
                                                                        "Actual Startup Time": 0.11,
                                                                        "Actual Total Time": 75.848,
                                                                        "Actual Rows": 85183,
                                                                        "Actual Loops": 1
                                                                    },
                                                                    {
                                                                        "Worker Number": 3,
                                                                        "Actual Startup Time": 0.083,
                                                                        "Actual Total Time": 77.3,
                                                                        "Actual Rows": 61230,
                                                                        "Actual Loops": 1
                                                                    },
                                                                    {
                                                                        "Worker Number": 4,
                                                                        "Actual Startup Time": 0.108,
                                                                        "Actual Total Time": 73.448,
                                                                        "Actual Rows": 70995,
                                                                        "Actual Loops": 1
                                                                    },
                                                                    {
                                                                        "Worker Number": 5,
                                                                        "Actual Startup Time": 0.075,
                                                                        "Actual Total Time": 75.975,
                                                                        "Actual Rows": 84559,
                                                                        "Actual Loops": 1
                                                                    }
                                                                ]
                                                            }
                                                        ]
                                                    }
                                                ]
                                            }
                                        ]
                                    }
                                ]
                            }
                        ]
                    }
                ]
            }
        ]
    },
    "Planning Time": 1.474,
    "Triggers": [],
    "Execution Time": 9125.354
}