[
  {
    "Plan": {
      "Node Type": "Aggregate",
      "Strategy": "Plain",
      "Partial Mode": "Finalize",
      "Parallel Aware": false,
      "Startup Cost": 46919.66,
      "Total Cost": 46919.67,
      "Plan Rows": 1,
      "Plan Width": 8,
      "Actual Startup Time": 177.756,
      "Actual Total Time": 187.487,
      "Actual Rows": 1,
      "Actual Loops": 1,
      "Plans": [
        {
          "Node Type": "Gather",
          "Parent Relationship": "Outer",
          "Parallel Aware": false,
          "Startup Cost": 46919.34,
          "Total Cost": 46919.65,
          "Plan Rows": 3,
          "Plan Width": 8,
          "Actual Startup Time": 177.608,
          "Actual Total Time": 187.474,
          "Actual Rows": 4,
          "Actual Loops": 1,
          "Workers Planned": 3,
          "Workers Launched": 3,
          "Single Copy": false,
          "Plans": [
            {
              "Node Type": "Aggregate",
              "Strategy": "Plain",
              "Partial Mode": "Partial",
              "Parent Relationship": "Outer",
              "Parallel Aware": false,
              "Startup Cost": 45919.34,
              "Total Cost": 45919.35,
              "Plan Rows": 1,
              "Plan Width": 8,
              "Actual Startup Time": 172.966,
              "Actual Total Time": 172.967,
              "Actual Rows": 1,
              "Actual Loops": 4,
              "Plans": [
                {
                  "Node Type": "Seq Scan",
                  "Parent Relationship": "Outer",
                  "Parallel Aware": true,
                  "Relation Name": "movie_keyword",
                  "Alias": "mk",
                  "Startup Cost": 0.0,
                  "Total Cost": 42695.65,
                  "Plan Rows": 1289474,
                  "Plan Width": 0,
                  "Actual Startup Time": 0.033,
                  "Actual Total Time": 126.286,
                  "Actual Rows": 1000050,
                  "Actual Loops": 4,
                  "Filter": "(keyword_id < 34634)",
                  "Rows Removed by Filter": 130932
                }
              ]
            }
          ]
        }
      ]
    },
    "Planning Time": 0.146,
    "Triggers": [],
    "Execution Time": 187.535
  }
]