[
  {
    "Plan": {
      "Node Type": "Aggregate",
      "Strategy": "Plain",
      "Partial Mode": "Finalize",
      "Parallel Aware": false,
      "Startup Cost": 43883.86,
      "Total Cost": 43883.87,
      "Plan Rows": 1,
      "Plan Width": 8,
      "Actual Startup Time": 160.277,
      "Actual Total Time": 168.952,
      "Actual Rows": 1,
      "Actual Loops": 1,
      "Plans": [
        {
          "Node Type": "Gather",
          "Parent Relationship": "Outer",
          "Parallel Aware": false,
          "Startup Cost": 43883.55,
          "Total Cost": 43883.86,
          "Plan Rows": 3,
          "Plan Width": 8,
          "Actual Startup Time": 159.983,
          "Actual Total Time": 168.944,
          "Actual Rows": 4,
          "Actual Loops": 1,
          "Workers Planned": 3,
          "Workers Launched": 3,
          "Single Copy": false,
          "Plans": [
            {
              "Node Type": "Aggregate",
              "Strategy": "Plain",
              "Partial Mode": "Partial",
              "Parent Relationship": "Outer",
              "Parallel Aware": false,
              "Startup Cost": 42883.55,
              "Total Cost": 42883.56,
              "Plan Rows": 1,
              "Plan Width": 8,
              "Actual Startup Time": 152.042,
              "Actual Total Time": 152.044,
              "Actual Rows": 1,
              "Actual Loops": 4,
              "Plans": [
                {
                  "Node Type": "Bitmap Heap Scan",
                  "Parent Relationship": "Outer",
                  "Parallel Aware": true,
                  "Relation Name": "movie_keyword",
                  "Alias": "mk",
                  "Startup Cost": 15006.7,
                  "Total Cost": 42313.07,
                  "Plan Rows": 228190,
                  "Plan Width": 0,
                  "Actual Startup Time": 60.576,
                  "Actual Total Time": 142.306,
                  "Actual Rows": 179111,
                  "Actual Loops": 4,
                  "Recheck Cond": "(keyword_id < 621)",
                  "Rows Removed by Index Recheck": 0,
                  "Exact Heap Blocks": 9680,
                  "Lossy Heap Blocks": 0,
                  "Plans": [
                    {
                      "Node Type": "Bitmap Index Scan",
                      "Parent Relationship": "Outer",
                      "Parallel Aware": false,
                      "Index Name": "keyword_id_movie_keyword",
                      "Startup Cost": 0.0,
                      "Total Cost": 14829.85,
                      "Plan Rows": 707389,
                      "Plan Width": 0,
                      "Actual Startup Time": 64.06,
                      "Actual Total Time": 64.06,
                      "Actual Rows": 716445,
                      "Actual Loops": 1,
                      "Index Cond": "(keyword_id < 621)"
                    }
                  ]
                }
              ]
            }
          ]
        }
      ]
    },
    "Planning Time": 0.226,
    "Triggers": [],
    "Execution Time": 169.03
  }
]