{
  "Plan": {
    "Node Type": "Aggregate",
    "Strategy": "Plain",
    "Partial Mode": "Finalize",
    "Parallel Aware": false,
    "Startup Cost": 145716.33,
    "Total Cost": 145716.34,
    "Plan Rows": 1,
    "Plan Width": 8,
    "Actual Startup Time": 655.233,
    "Actual Total Time": 668.786,
    "Actual Rows": 1,
    "Actual Loops": 1,
    "Plans": [
      {
        "Node Type": "Gather",
        "Parent Relationship": "Outer",
        "Parallel Aware": false,
        "Startup Cost": 145716.22,
        "Total Cost": 145716.33,
        "Plan Rows": 1,
        "Plan Width": 8,
        "Actual Startup Time": 654.797,
        "Actual Total Time": 668.776,
        "Actual Rows": 2,
        "Actual Loops": 1,
        "Workers Planned": 1,
        "Workers Launched": 1,
        "Single Copy": false,
        "Plans": [
          {
            "Node Type": "Aggregate",
            "Strategy": "Plain",
            "Partial Mode": "Partial",
            "Parent Relationship": "Outer",
            "Parallel Aware": false,
            "Startup Cost": 144716.22,
            "Total Cost": 144716.23,
            "Plan Rows": 1,
            "Plan Width": 8,
            "Actual Startup Time": 649.121,
            "Actual Total Time": 649.235,
            "Actual Rows": 1,
            "Actual Loops": 2,
            "Plans": [
              {
                "Node Type": "Hash Join",
                "Parent Relationship": "Outer",
                "Parallel Aware": true,
                "Join Type": "Inner",
                "Startup Cost": 83181.09,
                "Total Cost": 144569.92,
                "Plan Rows": 58518,
                "Plan Width": 0,
                "Actual Startup Time": 473.715,
                "Actual Total Time": 639.342,
                "Actual Rows": 249283,
                "Actual Loops": 2,
                "Inner Unique": false,
                "Hash Cond": "(mk.movie_id = t.id)",
                "Plans": [
                  {
                    "Node Type": "Seq Scan",
                    "Parent Relationship": "Outer",
                    "Parallel Aware": true,
                    "Relation Name": "movie_keyword",
                    "Alias": "mk",
                    "Startup Cost": 0.0,
                    "Total Cost": 51065.35,
                    "Plan Rows": 2661135,
                    "Plan Width": 4,
                    "Actual Startup Time": 0.01,
                    "Actual Total Time": 155.561,
                    "Actual Rows": 2261965,
                    "Actual Loops": 2
                  },
                  {
                    "Node Type": "Hash",
                    "Parent Relationship": "Inner",
                    "Parallel Aware": true,
                    "Startup Cost": 82772.29,
                    "Total Cost": 82772.29,
                    "Plan Rows": 32704,
                    "Plan Width": 8,
                    "Actual Startup Time": 304.797,
                    "Actual Total Time": 304.91,
                    "Actual Rows": 25359,
                    "Actual Loops": 2,
                    "Hash Buckets": 65536,
                    "Original Hash Buckets": 65536,
                    "Hash Batches": 1,
                    "Original Hash Batches": 1,
                    "Peak Memory Usage": 2528,
                    "Plans": [
                      {
                        "Node Type": "Hash Join",
                        "Parent Relationship": "Outer",
                        "Parallel Aware": true,
                        "Join Type": "Inner",
                        "Startup Cost": 21852.9,
                        "Total Cost": 82772.29,
                        "Plan Rows": 32704,
                        "Plan Width": 8,
                        "Actual Startup Time": 217.503,
                        "Actual Total Time": 297.422,
                        "Actual Rows": 25359,
                        "Actual Loops": 2,
                        "Inner Unique": false,
                        "Hash Cond": "(t.id = mc.movie_id)",
                        "Plans": [
                          {
                            "Node Type": "Seq Scan",
                            "Parent Relationship": "Outer",
                            "Parallel Aware": true,
                            "Relation Name": "title",
                            "Alias": "t",
                            "Startup Cost": 0.0,
                            "Total Cost": 54588.39,
                            "Plan Rows": 982180,
                            "Plan Width": 4,
                            "Actual Startup Time": 0.017,
                            "Actual Total Time": 154.527,
                            "Actual Rows": 835646,
                            "Actual Loops": 2,
                            "Filter": "(production_year < 2008)",
                            "Rows Removed by Filter": 428510
                          },
                          {
                            "Node Type": "Hash",
                            "Parent Relationship": "Inner",
                            "Parallel Aware": true,
                            "Startup Cost": 21233.89,
                            "Total Cost": 21233.89,
                            "Plan Rows": 49521,
                            "Plan Width": 4,
                            "Actual Startup Time": 43.251,
                            "Actual Total Time": 43.253,
                            "Actual Rows": 40316,
                            "Actual Loops": 2,
                            "Hash Buckets": 131072,
                            "Original Hash Buckets": 131072,
                            "Hash Batches": 1,
                            "Original Hash Batches": 1,
                            "Peak Memory Usage": 4224,
                            "Plans": [
                              {
                                "Node Type": "Bitmap Heap Scan",
                                "Parent Relationship": "Outer",
                                "Parallel Aware": true,
                                "Relation Name": "movie_companies",
                                "Alias": "mc",
                                "Startup Cost": 1824.87,
                                "Total Cost": 21233.89,
                                "Plan Rows": 49521,
                                "Plan Width": 4,
                                "Actual Startup Time": 7.847,
                                "Actual Total Time": 28.323,
                                "Actual Rows": 40316,
                                "Actual Loops": 2,
                                "Recheck Cond": "(company_id > 169641)",
                                "Rows Removed by Index Recheck": 0,
                                "Exact Heap Blocks": 1968,
                                "Lossy Heap Blocks": 0,
                                "Plans": [
                                  {
                                    "Node Type": "Bitmap Index Scan",
                                    "Parent Relationship": "Outer",
                                    "Parallel Aware": false,
                                    "Index Name": "company_id_movie_companies",
                                    "Startup Cost": 0.0,
                                    "Total Cost": 1803.83,
                                    "Plan Rows": 84186,
                                    "Plan Width": 0,
                                    "Actual Startup Time": 10.086,
                                    "Actual Total Time": 10.087,
                                    "Actual Rows": 80632,
                                    "Actual Loops": 1,
                                    "Index Cond": "(company_id > 169641)"
                                  }
                                ]
                              }
                            ]
                          }
                        ]
                      }
                    ]
                  }
                ]
              }
            ]
          }
        ]
      }
    ]
  },
  "Planning Time": 0.93,
  "Triggers": [],
  "Execution Time": 668.904
}