[
  {
    "Plan": {
      "Node Type": "Aggregate",
      "Strategy": "Plain",
      "Partial Mode": "Finalize",
      "Parallel Aware": false,
      "Startup Cost": 32983.24,
      "Total Cost": 32983.25,
      "Plan Rows": 1,
      "Plan Width": 8,
      "Actual Startup Time": 97.757,
      "Actual Total Time": 106.138,
      "Actual Rows": 1,
      "Actual Loops": 1,
      "Plans": [
        {
          "Node Type": "Gather",
          "Parent Relationship": "Outer",
          "Parallel Aware": false,
          "Startup Cost": 32982.92,
          "Total Cost": 32983.23,
          "Plan Rows": 3,
          "Plan Width": 8,
          "Actual Startup Time": 97.609,
          "Actual Total Time": 106.128,
          "Actual Rows": 4,
          "Actual Loops": 1,
          "Workers Planned": 3,
          "Workers Launched": 3,
          "Single Copy": false,
          "Plans": [
            {
              "Node Type": "Aggregate",
              "Strategy": "Plain",
              "Partial Mode": "Partial",
              "Parent Relationship": "Outer",
              "Parallel Aware": false,
              "Startup Cost": 31982.92,
              "Total Cost": 31982.93,
              "Plan Rows": 1,
              "Plan Width": 8,
              "Actual Startup Time": 93.746,
              "Actual Total Time": 93.747,
              "Actual Rows": 1,
              "Actual Loops": 4,
              "Plans": [
                {
                  "Node Type": "Seq Scan",
                  "Parent Relationship": "Outer",
                  "Parallel Aware": true,
                  "Relation Name": "movie_companies",
                  "Alias": "mc",
                  "Startup Cost": 0.0,
                  "Total Cost": 31414.82,
                  "Plan Rows": 227241,
                  "Plan Width": 0,
                  "Actual Startup Time": 0.023,
                  "Actual Total Time": 80.38,
                  "Actual Rows": 246810,
                  "Actual Loops": 4,
                  "Filter": "((company_id < 13015) AND (company_type_id = 1))",
                  "Rows Removed by Filter": 405472
                }
              ]
            }
          ]
        }
      ]
    },
    "Planning Time": 0.186,
    "Triggers": [],
    "Execution Time": 106.186
  }
]