[
  {
    "Plan": {
      "Node Type": "Aggregate",
      "Strategy": "Plain",
      "Partial Mode": "Finalize",
      "Parallel Aware": false,
      "Startup Cost": 81901.11,
      "Total Cost": 81901.12,
      "Plan Rows": 1,
      "Plan Width": 8,
      "Actual Startup Time": 490.727,
      "Actual Total Time": 505.328,
      "Actual Rows": 1,
      "Actual Loops": 1,
      "Plans": [
        {
          "Node Type": "Gather",
          "Parent Relationship": "Outer",
          "Parallel Aware": false,
          "Startup Cost": 81900.79,
          "Total Cost": 81901.1,
          "Plan Rows": 3,
          "Plan Width": 8,
          "Actual Startup Time": 482.334,
          "Actual Total Time": 505.314,
          "Actual Rows": 4,
          "Actual Loops": 1,
          "Workers Planned": 3,
          "Workers Launched": 3,
          "Single Copy": false,
          "Plans": [
            {
              "Node Type": "Aggregate",
              "Strategy": "Plain",
              "Partial Mode": "Partial",
              "Parent Relationship": "Outer",
              "Parallel Aware": false,
              "Startup Cost": 80900.79,
              "Total Cost": 80900.8,
              "Plan Rows": 1,
              "Plan Width": 8,
              "Actual Startup Time": 469.446,
              "Actual Total Time": 469.451,
              "Actual Rows": 1,
              "Actual Loops": 4,
              "Plans": [
                {
                  "Node Type": "Hash Join",
                  "Parent Relationship": "Outer",
                  "Parallel Aware": true,
                  "Join Type": "Inner",
                  "Startup Cost": 55130.75,
                  "Total Cost": 80714.12,
                  "Plan Rows": 74669,
                  "Plan Width": 0,
                  "Actual Startup Time": 406.771,
                  "Actual Total Time": 466.469,
                  "Actual Rows": 59110,
                  "Actual Loops": 4,
                  "Inner Unique": true,
                  "Hash Cond": "(mk.movie_id = t.id)",
                  "Plans": [
                    {
                      "Node Type": "Bitmap Heap Scan",
                      "Parent Relationship": "Outer",
                      "Parallel Aware": true,
                      "Relation Name": "movie_keyword",
                      "Alias": "mk",
                      "Startup Cost": 4910.36,
                      "Total Cost": 30297.73,
                      "Plan Rows": 74669,
                      "Plan Width": 4,
                      "Actual Startup Time": 16.24,
                      "Actual Total Time": 54.147,
                      "Actual Rows": 59110,
                      "Actual Loops": 4,
                      "Recheck Cond": "(keyword_id > 62448)",
                      "Rows Removed by Index Recheck": 0,
                      "Exact Heap Blocks": 7370,
                      "Lossy Heap Blocks": 0,
                      "Plans": [
                        {
                          "Node Type": "Bitmap Index Scan",
                          "Parent Relationship": "Outer",
                          "Parallel Aware": false,
                          "Index Name": "keyword_id_movie_keyword",
                          "Startup Cost": 0.0,
                          "Total Cost": 4852.49,
                          "Plan Rows": 231475,
                          "Plan Width": 0,
                          "Actual Startup Time": 13.267,
                          "Actual Total Time": 13.267,
                          "Actual Rows": 236442,
                          "Actual Loops": 1,
                          "Index Cond": "(keyword_id > 62448)"
                        }
                      ]
                    },
                    {
                      "Node Type": "Hash",
                      "Parent Relationship": "Inner",
                      "Parallel Aware": true,
                      "Startup Cost": 42319.06,
                      "Total Cost": 42319.06,
                      "Plan Rows": 632106,
                      "Plan Width": 4,
                      "Actual Startup Time": 382.032,
                      "Actual Total Time": 382.033,
                      "Actual Rows": 632078,
                      "Actual Loops": 4,
                      "Hash Buckets": 4194304,
                      "Original Hash Buckets": 4194304,
                      "Hash Batches": 1,
                      "Original Hash Batches": 1,
                      "Peak Memory Usage": 131744,
                      "Plans": [
                        {
                          "Node Type": "Seq Scan",
                          "Parent Relationship": "Outer",
                          "Parallel Aware": true,
                          "Relation Name": "title",
                          "Alias": "t",
                          "Startup Cost": 0.0,
                          "Total Cost": 42319.06,
                          "Plan Rows": 632106,
                          "Plan Width": 4,
                          "Actual Startup Time": 0.037,
                          "Actual Total Time": 113.523,
                          "Actual Rows": 632078,
                          "Actual Loops": 4
                        }
                      ]
                    }
                  ]
                }
              ]
            }
          ]
        }
      ]
    },
    "Planning Time": 0.254,
    "Triggers": [],
    "Execution Time": 505.37
  }
]