[
    {
        "Bao": {
            "Bao prediction": "NaN",
            "Bao recommended hint": "(no hint)"
        }
    },
    {
        "Plan": {
            "Node Type": "Aggregate",
            "Strategy": "Plain",
            "Partial Mode": "Finalize",
            "Parallel Aware": false,
            "Startup Cost": 30993.81,
            "Total Cost": 30993.82,
            "Plan Rows": 1,
            "Plan Width": 8,
            "Actual Startup Time": 89.267,
            "Actual Total Time": 94.884,
            "Actual Rows": 1,
            "Actual Loops": 1,
            "Output": [
                "count(*)"
            ],
            "Plans": [
                {
                    "Node Type": "Gather",
                    "Parent Relationship": "Outer",
                    "Parallel Aware": false,
                    "Startup Cost": 30993.5,
                    "Total Cost": 30993.81,
                    "Plan Rows": 3,
                    "Plan Width": 8,
                    "Actual Startup Time": 89.203,
                    "Actual Total Time": 94.877,
                    "Actual Rows": 4,
                    "Actual Loops": 1,
                    "Output": [
                        "(PARTIAL count(*))"
                    ],
                    "Workers Planned": 3,
                    "Workers Launched": 3,
                    "Single Copy": false,
                    "Plans": [
                        {
                            "Node Type": "Aggregate",
                            "Strategy": "Plain",
                            "Partial Mode": "Partial",
                            "Parent Relationship": "Outer",
                            "Parallel Aware": false,
                            "Startup Cost": 29993.5,
                            "Total Cost": 29993.51,
                            "Plan Rows": 1,
                            "Plan Width": 8,
                            "Actual Startup Time": 81.172,
                            "Actual Total Time": 81.173,
                            "Actual Rows": 1,
                            "Actual Loops": 4,
                            "Output": [
                                "PARTIAL count(*)"
                            ],
                            "Workers": [
                                {
                                    "Worker Number": 0,
                                    "Actual Startup Time": 78.416,
                                    "Actual Total Time": 78.418,
                                    "Actual Rows": 1,
                                    "Actual Loops": 1
                                },
                                {
                                    "Worker Number": 1,
                                    "Actual Startup Time": 78.501,
                                    "Actual Total Time": 78.502,
                                    "Actual Rows": 1,
                                    "Actual Loops": 1
                                },
                                {
                                    "Worker Number": 2,
                                    "Actual Startup Time": 78.981,
                                    "Actual Total Time": 78.982,
                                    "Actual Rows": 1,
                                    "Actual Loops": 1
                                }
                            ],
                            "Plans": [
                                {
                                    "Node Type": "Seq Scan",
                                    "Parent Relationship": "Outer",
                                    "Parallel Aware": true,
                                    "Relation Name": "movie_companies",
                                    "Schema": "public",
                                    "Alias": "mc",
                                    "Startup Cost": 0.0,
                                    "Total Cost": 29310.68,
                                    "Plan Rows": 273126,
                                    "Plan Width": 0,
                                    "Actual Startup Time": 19.641,
                                    "Actual Total Time": 72.074,
                                    "Actual Rows": 212487,
                                    "Actual Loops": 4,
                                    "Output": [
                                        "id",
                                        "movie_id",
                                        "company_id",
                                        "company_type_id",
                                        "note"
                                    ],
                                    "Filter": "(mc.company_id > 25245)",
                                    "Rows Removed by Filter": 439795,
                                    "Workers": [
                                        {
                                            "Worker Number": 0,
                                            "Actual Startup Time": 16.885,
                                            "Actual Total Time": 69.688,
                                            "Actual Rows": 195671,
                                            "Actual Loops": 1
                                        },
                                        {
                                            "Worker Number": 1,
                                            "Actual Startup Time": 16.984,
                                            "Actual Total Time": 69.522,
                                            "Actual Rows": 199358,
                                            "Actual Loops": 1
                                        },
                                        {
                                            "Worker Number": 2,
                                            "Actual Startup Time": 17.456,
                                            "Actual Total Time": 70.033,
                                            "Actual Rows": 198233,
                                            "Actual Loops": 1
                                        }
                                    ]
                                }
                            ]
                        }
                    ]
                }
            ]
        },
        "Planning Time": 206.713,
        "Triggers": [],
        "Execution Time": 94.963
    }
]