[
  {
    "Plan": {
      "Node Type": "Aggregate",
      "Strategy": "Plain",
      "Partial Mode": "Finalize",
      "Parallel Aware": false,
      "Startup Cost": 279376.13,
      "Total Cost": 279376.14,
      "Plan Rows": 1,
      "Plan Width": 8,
      "Actual Startup Time": 549.308,
      "Actual Total Time": 572.324,
      "Actual Rows": 1,
      "Actual Loops": 1,
      "Plans": [
        {
          "Node Type": "Gather",
          "Parent Relationship": "Outer",
          "Parallel Aware": false,
          "Startup Cost": 279375.51,
          "Total Cost": 279376.12,
          "Plan Rows": 6,
          "Plan Width": 8,
          "Actual Startup Time": 544.96,
          "Actual Total Time": 572.312,
          "Actual Rows": 7,
          "Actual Loops": 1,
          "Workers Planned": 6,
          "Workers Launched": 6,
          "Single Copy": false,
          "Plans": [
            {
              "Node Type": "Aggregate",
              "Strategy": "Plain",
              "Partial Mode": "Partial",
              "Parent Relationship": "Outer",
              "Parallel Aware": false,
              "Startup Cost": 278375.51,
              "Total Cost": 278375.52,
              "Plan Rows": 1,
              "Plan Width": 8,
              "Actual Startup Time": 533.616,
              "Actual Total Time": 533.62,
              "Actual Rows": 1,
              "Actual Loops": 7,
              "Plans": [
                {
                  "Node Type": "Hash Join",
                  "Parent Relationship": "Outer",
                  "Parallel Aware": true,
                  "Join Type": "Inner",
                  "Startup Cost": 47132.61,
                  "Total Cost": 278293.52,
                  "Plan Rows": 32794,
                  "Plan Width": 0,
                  "Actual Startup Time": 129.131,
                  "Actual Total Time": 527.373,
                  "Actual Rows": 117841,
                  "Actual Loops": 7,
                  "Inner Unique": true,
                  "Hash Cond": "(ci.movie_id = t.id)",
                  "Plans": [
                    {
                      "Node Type": "Index Scan",
                      "Parent Relationship": "Outer",
                      "Parallel Aware": true,
                      "Scan Direction": "Forward",
                      "Index Name": "role_id_cast_info",
                      "Relation Name": "cast_info",
                      "Alias": "ci",
                      "Startup Cost": 0.56,
                      "Total Cost": 230750.01,
                      "Plan Rows": 156749,
                      "Plan Width": 4,
                      "Actual Startup Time": 14.704,
                      "Actual Total Time": 277.384,
                      "Actual Rows": 537583,
                      "Actual Loops": 7,
                      "Index Cond": "(role_id > 5)",
                      "Rows Removed by Index Recheck": 0,
                      "Filter": "(person_id > 3374333)",
                      "Rows Removed by Filter": 674747
                    },
                    {
                      "Node Type": "Hash",
                      "Parent Relationship": "Inner",
                      "Parallel Aware": true,
                      "Startup Cost": 45479.1,
                      "Total Cost": 45479.1,
                      "Plan Rows": 132236,
                      "Plan Width": 4,
                      "Actual Startup Time": 111.238,
                      "Actual Total Time": 111.239,
                      "Actual Rows": 57676,
                      "Actual Loops": 7,
                      "Hash Buckets": 1048576,
                      "Original Hash Buckets": 1048576,
                      "Hash Batches": 1,
                      "Original Hash Batches": 1,
                      "Peak Memory Usage": 24064,
                      "Plans": [
                        {
                          "Node Type": "Seq Scan",
                          "Parent Relationship": "Outer",
                          "Parallel Aware": true,
                          "Relation Name": "title",
                          "Alias": "t",
                          "Startup Cost": 0.0,
                          "Total Cost": 45479.1,
                          "Plan Rows": 132236,
                          "Plan Width": 4,
                          "Actual Startup Time": 46.343,
                          "Actual Total Time": 83.192,
                          "Actual Rows": 57676,
                          "Actual Loops": 7,
                          "Filter": "((production_year > 1975) AND (kind_id = 1))",
                          "Rows Removed by Filter": 303512
                        }
                      ]
                    }
                  ]
                }
              ]
            }
          ]
        }
      ]
    },
    "Planning Time": 0.668,
    "Triggers": [],
    "Execution Time": 572.408
  }
]