[
  {
    "Plan": {
      "Node Type": "Aggregate",
      "Strategy": "Plain",
      "Partial Mode": "Finalize",
      "Parallel Aware": false,
      "Startup Cost": 32043.01,
      "Total Cost": 32043.02,
      "Plan Rows": 1,
      "Plan Width": 8,
      "Actual Startup Time": 132.507,
      "Actual Total Time": 140.338,
      "Actual Rows": 1,
      "Actual Loops": 1,
      "Plans": [
        {
          "Node Type": "Gather",
          "Parent Relationship": "Outer",
          "Parallel Aware": false,
          "Startup Cost": 32042.69,
          "Total Cost": 32043.0,
          "Plan Rows": 3,
          "Plan Width": 8,
          "Actual Startup Time": 132.397,
          "Actual Total Time": 140.33,
          "Actual Rows": 4,
          "Actual Loops": 1,
          "Workers Planned": 3,
          "Workers Launched": 3,
          "Single Copy": false,
          "Plans": [
            {
              "Node Type": "Aggregate",
              "Strategy": "Plain",
              "Partial Mode": "Partial",
              "Parent Relationship": "Outer",
              "Parallel Aware": false,
              "Startup Cost": 31042.69,
              "Total Cost": 31042.7,
              "Plan Rows": 1,
              "Plan Width": 8,
              "Actual Startup Time": 125.43,
              "Actual Total Time": 125.431,
              "Actual Rows": 1,
              "Actual Loops": 4,
              "Plans": [
                {
                  "Node Type": "Seq Scan",
                  "Parent Relationship": "Outer",
                  "Parallel Aware": true,
                  "Relation Name": "movie_companies",
                  "Alias": "mc",
                  "Startup Cost": 0.0,
                  "Total Cost": 29310.68,
                  "Plan Rows": 692805,
                  "Plan Width": 0,
                  "Actual Startup Time": 0.12,
                  "Actual Total Time": 94.417,
                  "Actual Rows": 538920,
                  "Actual Loops": 4,
                  "Filter": "(company_id > 377)",
                  "Rows Removed by Filter": 113362
                }
              ]
            }
          ]
        }
      ]
    },
    "Planning Time": 0.107,
    "Triggers": [],
    "Execution Time": 140.372
  }
]