[
  {
    "Plan": {
      "Node Type": "Aggregate",
      "Strategy": "Plain",
      "Partial Mode": "Finalize",
      "Parallel Aware": false,
      "Startup Cost": 47013.0,
      "Total Cost": 47013.01,
      "Plan Rows": 1,
      "Plan Width": 8,
      "Actual Startup Time": 173.617,
      "Actual Total Time": 183.186,
      "Actual Rows": 1,
      "Actual Loops": 1,
      "Plans": [
        {
          "Node Type": "Gather",
          "Parent Relationship": "Outer",
          "Parallel Aware": false,
          "Startup Cost": 47012.68,
          "Total Cost": 47012.99,
          "Plan Rows": 3,
          "Plan Width": 8,
          "Actual Startup Time": 173.478,
          "Actual Total Time": 183.176,
          "Actual Rows": 4,
          "Actual Loops": 1,
          "Workers Planned": 3,
          "Workers Launched": 3,
          "Single Copy": false,
          "Plans": [
            {
              "Node Type": "Aggregate",
              "Strategy": "Plain",
              "Partial Mode": "Partial",
              "Parent Relationship": "Outer",
              "Parallel Aware": false,
              "Startup Cost": 46012.68,
              "Total Cost": 46012.69,
              "Plan Rows": 1,
              "Plan Width": 8,
              "Actual Startup Time": 166.081,
              "Actual Total Time": 166.082,
              "Actual Rows": 1,
              "Actual Loops": 4,
              "Plans": [
                {
                  "Node Type": "Seq Scan",
                  "Parent Relationship": "Outer",
                  "Parallel Aware": true,
                  "Relation Name": "movie_keyword",
                  "Alias": "mk",
                  "Startup Cost": 0.0,
                  "Total Cost": 42695.65,
                  "Plan Rows": 1326811,
                  "Plan Width": 0,
                  "Actual Startup Time": 0.053,
                  "Actual Total Time": 121.002,
                  "Actual Rows": 1030865,
                  "Actual Loops": 4,
                  "Filter": "(keyword_id < 43310)",
                  "Rows Removed by Filter": 100118
                }
              ]
            }
          ]
        }
      ]
    },
    "Planning Time": 0.18,
    "Triggers": [],
    "Execution Time": 183.241
  }
]