[
  {
    "Plan": {
      "Node Type": "Aggregate",
      "Strategy": "Plain",
      "Partial Mode": "Finalize",
      "Parallel Aware": false,
      "Startup Cost": 100881.49,
      "Total Cost": 100881.5,
      "Plan Rows": 1,
      "Plan Width": 8,
      "Actual Startup Time": 781.21,
      "Actual Total Time": 805.87,
      "Actual Rows": 1,
      "Actual Loops": 1,
      "Plans": [
        {
          "Node Type": "Gather",
          "Parent Relationship": "Outer",
          "Parallel Aware": false,
          "Startup Cost": 100881.28,
          "Total Cost": 100881.49,
          "Plan Rows": 2,
          "Plan Width": 8,
          "Actual Startup Time": 767.822,
          "Actual Total Time": 805.862,
          "Actual Rows": 3,
          "Actual Loops": 1,
          "Workers Planned": 2,
          "Workers Launched": 2,
          "Single Copy": false,
          "Plans": [
            {
              "Node Type": "Aggregate",
              "Strategy": "Plain",
              "Partial Mode": "Partial",
              "Parent Relationship": "Outer",
              "Parallel Aware": false,
              "Startup Cost": 99881.28,
              "Total Cost": 99881.29,
              "Plan Rows": 1,
              "Plan Width": 8,
              "Actual Startup Time": 752.503,
              "Actual Total Time": 752.511,
              "Actual Rows": 1,
              "Actual Loops": 3,
              "Plans": [
                {
                  "Node Type": "Hash Join",
                  "Parent Relationship": "Outer",
                  "Parallel Aware": true,
                  "Join Type": "Inner",
                  "Startup Cost": 83651.79,
                  "Total Cost": 99711.85,
                  "Plan Rows": 67770,
                  "Plan Width": 0,
                  "Actual Startup Time": 648.198,
                  "Actual Total Time": 741.525,
                  "Actual Rows": 233489,
                  "Actual Loops": 3,
                  "Inner Unique": false,
                  "Hash Cond": "(mi_idx.movie_id = t.id)",
                  "Plans": [
                    {
                      "Node Type": "Seq Scan",
                      "Parent Relationship": "Outer",
                      "Parallel Aware": true,
                      "Relation Name": "movie_info_idx",
                      "Alias": "mi_idx",
                      "Startup Cost": 0.0,
                      "Total Cost": 13685.15,
                      "Plan Rows": 575015,
                      "Plan Width": 4,
                      "Actual Startup Time": 0.057,
                      "Actual Total Time": 40.536,
                      "Actual Rows": 460012,
                      "Actual Loops": 3
                    },
                    {
                      "Node Type": "Hash",
                      "Parent Relationship": "Inner",
                      "Parallel Aware": true,
                      "Startup Cost": 82450.2,
                      "Total Cost": 82450.2,
                      "Plan Rows": 96127,
                      "Plan Width": 8,
                      "Actual Startup Time": 623.64,
                      "Actual Total Time": 623.646,
                      "Actual Rows": 100801,
                      "Actual Loops": 3,
                      "Hash Buckets": 524288,
                      "Original Hash Buckets": 524288,
                      "Hash Batches": 1,
                      "Original Hash Batches": 1,
                      "Peak Memory Usage": 16000,
                      "Plans": [
                        {
                          "Node Type": "Hash Join",
                          "Parent Relationship": "Outer",
                          "Parallel Aware": true,
                          "Join Type": "Inner",
                          "Startup Cost": 56542.28,
                          "Total Cost": 82450.2,
                          "Plan Rows": 96127,
                          "Plan Width": 8,
                          "Actual Startup Time": 491.947,
                          "Actual Total Time": 589.973,
                          "Actual Rows": 100801,
                          "Actual Loops": 3,
                          "Inner Unique": true,
                          "Hash Cond": "(mk.movie_id = t.id)",
                          "Plans": [
                            {
                              "Node Type": "Bitmap Heap Scan",
                              "Parent Relationship": "Outer",
                              "Parallel Aware": true,
                              "Relation Name": "movie_keyword",
                              "Alias": "mk",
                              "Startup Cost": 6321.89,
                              "Total Cost": 31977.49,
                              "Plan Rows": 96127,
                              "Plan Width": 4,
                              "Actual Startup Time": 30.929,
                              "Actual Total Time": 87.465,
                              "Actual Rows": 100801,
                              "Actual Loops": 3,
                              "Recheck Cond": "(keyword_id > 53664)",
                              "Rows Removed by Index Recheck": 0,
                              "Exact Heap Blocks": 8988,
                              "Lossy Heap Blocks": 0,
                              "Plans": [
                                {
                                  "Node Type": "Bitmap Index Scan",
                                  "Parent Relationship": "Outer",
                                  "Parallel Aware": false,
                                  "Index Name": "keyword_id_movie_keyword",
                                  "Startup Cost": 0.0,
                                  "Total Cost": 6247.39,
                                  "Plan Rows": 297995,
                                  "Plan Width": 0,
                                  "Actual Startup Time": 25.819,
                                  "Actual Total Time": 25.819,
                                  "Actual Rows": 302402,
                                  "Actual Loops": 1,
                                  "Index Cond": "(keyword_id > 53664)"
                                }
                              ]
                            },
                            {
                              "Node Type": "Hash",
                              "Parent Relationship": "Inner",
                              "Parallel Aware": true,
                              "Startup Cost": 42319.06,
                              "Total Cost": 42319.06,
                              "Plan Rows": 632106,
                              "Plan Width": 4,
                              "Actual Startup Time": 450.917,
                              "Actual Total Time": 450.919,
                              "Actual Rows": 842771,
                              "Actual Loops": 3,
                              "Hash Buckets": 4194304,
                              "Original Hash Buckets": 4194304,
                              "Hash Batches": 1,
                              "Original Hash Batches": 1,
                              "Peak Memory Usage": 131744,
                              "Plans": [
                                {
                                  "Node Type": "Seq Scan",
                                  "Parent Relationship": "Outer",
                                  "Parallel Aware": true,
                                  "Relation Name": "title",
                                  "Alias": "t",
                                  "Startup Cost": 0.0,
                                  "Total Cost": 42319.06,
                                  "Plan Rows": 632106,
                                  "Plan Width": 4,
                                  "Actual Startup Time": 0.046,
                                  "Actual Total Time": 132.74,
                                  "Actual Rows": 842771,
                                  "Actual Loops": 3
                                }
                              ]
                            }
                          ]
                        }
                      ]
                    }
                  ]
                }
              ]
            }
          ]
        }
      ]
    },
    "Planning Time": 0.614,
    "Triggers": [],
    "Execution Time": 805.927
  }
]