{
  "Plan": {
    "Node Type": "Aggregate",
    "Strategy": "Plain",
    "Partial Mode": "Finalize",
    "Parallel Aware": false,
    "Startup Cost": 3766503.28,
    "Total Cost": 3766503.29,
    "Plan Rows": 1,
    "Plan Width": 8,
    "Actual Startup Time": 46467.489,
    "Actual Total Time": 46606.136,
    "Actual Rows": 1,
    "Actual Loops": 1,
    "Plans": [
      {
        "Node Type": "Gather",
        "Parent Relationship": "Outer",
        "Parallel Aware": false,
        "Startup Cost": 3766503.17,
        "Total Cost": 3766503.28,
        "Plan Rows": 1,
        "Plan Width": 8,
        "Actual Startup Time": 46458.588,
        "Actual Total Time": 46606.122,
        "Actual Rows": 2,
        "Actual Loops": 1,
        "Workers Planned": 1,
        "Workers Launched": 1,
        "Single Copy": false,
        "Plans": [
          {
            "Node Type": "Aggregate",
            "Strategy": "Plain",
            "Partial Mode": "Partial",
            "Parent Relationship": "Outer",
            "Parallel Aware": false,
            "Startup Cost": 3765503.17,
            "Total Cost": 3765503.18,
            "Plan Rows": 1,
            "Plan Width": 8,
            "Actual Startup Time": 46456.867,
            "Actual Total Time": 46456.869,
            "Actual Rows": 1,
            "Actual Loops": 2,
            "Plans": [
              {
                "Node Type": "Merge Join",
                "Parent Relationship": "Outer",
                "Parallel Aware": false,
                "Join Type": "Inner",
                "Startup Cost": 39.44,
                "Total Cost": 3651432.5,
                "Plan Rows": 45628266,
                "Plan Width": 0,
                "Actual Startup Time": 6.004,
                "Actual Total Time": 39306.717,
                "Actual Rows": 182339825,
                "Actual Loops": 2,
                "Inner Unique": false,
                "Merge Cond": "(t.id = mi.movie_id)",
                "Plans": [
                  {
                    "Node Type": "Nested Loop",
                    "Parent Relationship": "Outer",
                    "Parallel Aware": false,
                    "Join Type": "Inner",
                    "Startup Cost": 0.99,
                    "Total Cost": 1869826.79,
                    "Plan Rows": 7803317,
                    "Plan Width": 8,
                    "Actual Startup Time": 0.464,
                    "Actual Total Time": 9981.708,
                    "Actual Rows": 7175054,
                    "Actual Loops": 2,
                    "Inner Unique": false,
                    "Plans": [
                      {
                        "Node Type": "Index Scan",
                        "Parent Relationship": "Outer",
                        "Parallel Aware": true,
                        "Scan Direction": "Forward",
                        "Index Name": "title_pkey",
                        "Relation Name": "title",
                        "Alias": "t",
                        "Startup Cost": 0.43,
                        "Total Cost": 107365.5,
                        "Plan Rows": 544581,
                        "Plan Width": 4,
                        "Actual Startup Time": 0.293,
                        "Actual Total Time": 801.504,
                        "Actual Rows": 439601,
                        "Actual Loops": 2,
                        "Filter": "((kind_id < 7) AND (production_year > 1923))",
                        "Rows Removed by Filter": 824555
                      },
                      {
                        "Node Type": "Index Only Scan",
                        "Parent Relationship": "Inner",
                        "Parallel Aware": false,
                        "Scan Direction": "Forward",
                        "Index Name": "movie_id_cast_info",
                        "Relation Name": "cast_info",
                        "Alias": "ci",
                        "Startup Cost": 0.56,
                        "Total Cost": 2.87,
                        "Plan Rows": 37,
                        "Plan Width": 4,
                        "Actual Startup Time": 0.003,
                        "Actual Total Time": 0.019,
                        "Actual Rows": 16,
                        "Actual Loops": 879202,
                        "Index Cond": "(movie_id = t.id)",
                        "Rows Removed by Index Recheck": 0,
                        "Heap Fetches": 14350109
                      }
                    ]
                  },
                  {
                    "Node Type": "Materialize",
                    "Parent Relationship": "Inner",
                    "Parallel Aware": false,
                    "Startup Cost": 0.43,
                    "Total Cost": 1116056.49,
                    "Plan Rows": 14783665,
                    "Plan Width": 4,
                    "Actual Startup Time": 0.168,
                    "Actual Total Time": 12222.025,
                    "Actual Rows": 192370064,
                    "Actual Loops": 2,
                    "Plans": [
                      {
                        "Node Type": "Index Only Scan",
                        "Parent Relationship": "Outer",
                        "Parallel Aware": false,
                        "Scan Direction": "Forward",
                        "Index Name": "movie_id_movie_info",
                        "Relation Name": "movie_info",
                        "Alias": "mi",
                        "Startup Cost": 0.43,
                        "Total Cost": 1079097.33,
                        "Plan Rows": 14783665,
                        "Plan Width": 4,
                        "Actual Startup Time": 0.158,
                        "Actual Total Time": 4314.567,
                        "Actual Rows": 14834566,
                        "Actual Loops": 2,
                        "Heap Fetches": 29669132
                      }
                    ]
                  }
                ]
              }
            ]
          }
        ]
      }
    ]
  },
  "Planning Time": 1.04,
  "Triggers": [],
  "Execution Time": 46606.267
}