[
  {
    "Bao": {
      "Bao prediction": 780.195,
      "Bao recommended hint": "SET enable_nestloop TO off; SET enable_hashjoin TO off; "
    }
  },
  {
    "Plan": {
      "Node Type": "Aggregate",
      "Strategy": "Plain",
      "Partial Mode": "Simple",
      "Parallel Aware": false,
      "Startup Cost": 480858.5,
      "Total Cost": 480858.51,
      "Plan Rows": 1,
      "Plan Width": 96,
      "Actual Startup Time": 2642.026,
      "Actual Total Time": 2642.273,
      "Actual Rows": 1,
      "Actual Loops": 1,
      "Plans": [
        {
          "Node Type": "Merge Join",
          "Parent Relationship": "Outer",
          "Parallel Aware": false,
          "Join Type": "Inner",
          "Startup Cost": 478244.05,
          "Total Cost": 480858.49,
          "Plan Rows": 2,
          "Plan Width": 42,
          "Actual Startup Time": 2421.786,
          "Actual Total Time": 2641.631,
          "Actual Rows": 4711,
          "Actual Loops": 1,
          "Inner Unique": false,
          "Merge Cond": "(t.id = mc.movie_id)",
          "Plans": [
            {
              "Node Type": "Merge Join",
              "Parent Relationship": "Outer",
              "Parallel Aware": false,
              "Join Type": "Inner",
              "Startup Cost": 326893.59,
              "Total Cost": 328315.41,
              "Plan Rows": 5,
              "Plan Width": 35,
              "Actual Startup Time": 1710.45,
              "Actual Total Time": 1811.842,
              "Actual Rows": 7964,
              "Actual Loops": 1,
              "Inner Unique": false,
              "Merge Cond": "(t.id = mi.movie_id)",
              "Plans": [
                {
                  "Node Type": "Gather Merge",
                  "Parent Relationship": "Outer",
                  "Parallel Aware": false,
                  "Startup Cost": 113349.86,
                  "Total Cost": 114757.57,
                  "Plan Rows": 710,
                  "Plan Width": 31,
                  "Actual Startup Time": 551.391,
                  "Actual Total Time": 620.15,
                  "Actual Rows": 52304,
                  "Actual Loops": 1,
                  "Workers Planned": 4,
                  "Workers Launched": 4,
                  "Plans": [
                    {
                      "Node Type": "Merge Join",
                      "Parent Relationship": "Outer",
                      "Parallel Aware": false,
                      "Join Type": "Inner",
                      "Startup Cost": 112349.8,
                      "Total Cost": 113672.95,
                      "Plan Rows": 178,
                      "Plan Width": 31,
                      "Actual Startup Time": 516.763,
                      "Actual Total Time": 611.498,
                      "Actual Rows": 10461,
                      "Actual Loops": 5,
                      "Inner Unique": false,
                      "Merge Cond": "(t.id = mi_idx.movie_id)",
                      "Plans": [
                        {
                          "Node Type": "Sort",
                          "Parent Relationship": "Outer",
                          "Parallel Aware": false,
                          "Startup Cost": 69142.38,
                          "Total Cost": 69799.53,
                          "Plan Rows": 262859,
                          "Plan Width": 21,
                          "Actual Startup Time": 223.799,
                          "Actual Total Time": 257.717,
                          "Actual Rows": 208517,
                          "Actual Loops": 5,
                          "Sort Key": [
                            "t.id"
                          ],
                          "Sort Method": "quicksort",
                          "Sort Space Used": 21126,
                          "Sort Space Type": "Memory",
                          "Workers": [
                            {
                              "Worker Number": 0,
                              "Sort Method": "quicksort",
                              "Sort Space Used": 18134,
                              "Sort Space Type": "Memory"
                            },
                            {
                              "Worker Number": 1,
                              "Sort Method": "quicksort",
                              "Sort Space Used": 31670,
                              "Sort Space Type": "Memory"
                            },
                            {
                              "Worker Number": 2,
                              "Sort Method": "quicksort",
                              "Sort Space Used": 19038,
                              "Sort Space Type": "Memory"
                            },
                            {
                              "Worker Number": 3,
                              "Sort Method": "quicksort",
                              "Sort Space Used": 19236,
                              "Sort Space Type": "Memory"
                            }
                          ],
                          "Plans": [
                            {
                              "Node Type": "Seq Scan",
                              "Parent Relationship": "Outer",
                              "Parallel Aware": true,
                              "Relation Name": "title",
                              "Alias": "t",
                              "Startup Cost": 0.0,
                              "Total Cost": 45479.91,
                              "Plan Rows": 262859,
                              "Plan Width": 21,
                              "Actual Startup Time": 0.049,
                              "Actual Total Time": 127.368,
                              "Actual Rows": 208560,
                              "Actual Loops": 5,
                              "Filter": "((production_year >= 2000) AND (production_year <= 2010))",
                              "Rows Removed by Filter": 297102
                            }
                          ]
                        },
                        {
                          "Node Type": "Sort",
                          "Parent Relationship": "Inner",
                          "Parallel Aware": false,
                          "Startup Cost": 43207.35,
                          "Total Cost": 43211.62,
                          "Plan Rows": 1708,
                          "Plan Width": 10,
                          "Actual Startup Time": 292.91,
                          "Actual Total Time": 302.629,
                          "Actual Rows": 121572,
                          "Actual Loops": 5,
                          "Sort Key": [
                            "mi_idx.movie_id"
                          ],
                          "Sort Method": "quicksort",
                          "Sort Space Used": 8771,
                          "Sort Space Type": "Memory",
                          "Workers": [
                            {
                              "Worker Number": 0,
                              "Sort Method": "quicksort",
                              "Sort Space Used": 8771,
                              "Sort Space Type": "Memory"
                            },
                            {
                              "Worker Number": 1,
                              "Sort Method": "quicksort",
                              "Sort Space Used": 8771,
                              "Sort Space Type": "Memory"
                            },
                            {
                              "Worker Number": 2,
                              "Sort Method": "quicksort",
                              "Sort Space Used": 8771,
                              "Sort Space Type": "Memory"
                            },
                            {
                              "Worker Number": 3,
                              "Sort Method": "quicksort",
                              "Sort Space Used": 8771,
                              "Sort Space Type": "Memory"
                            }
                          ],
                          "Plans": [
                            {
                              "Node Type": "Merge Join",
                              "Parent Relationship": "Outer",
                              "Parallel Aware": false,
                              "Join Type": "Inner",
                              "Startup Cost": 42133.47,
                              "Total Cost": 43115.65,
                              "Plan Rows": 1708,
                              "Plan Width": 10,
                              "Actual Startup Time": 231.341,
                              "Actual Total Time": 256.535,
                              "Actual Rows": 121572,
                              "Actual Loops": 5,
                              "Inner Unique": false,
                              "Merge Cond": "(it2.id = mi_idx.info_type_id)",
                              "Plans": [
                                {
                                  "Node Type": "Sort",
                                  "Parent Relationship": "Outer",
                                  "Parallel Aware": false,
                                  "Startup Cost": 2.42,
                                  "Total Cost": 2.43,
                                  "Plan Rows": 1,
                                  "Plan Width": 4,
                                  "Actual Startup Time": 0.054,
                                  "Actual Total Time": 0.055,
                                  "Actual Rows": 1,
                                  "Actual Loops": 5,
                                  "Sort Key": [
                                    "it2.id"
                                  ],
                                  "Sort Method": "quicksort",
                                  "Sort Space Used": 25,
                                  "Sort Space Type": "Memory",
                                  "Workers": [
                                    {
                                      "Worker Number": 0,
                                      "Sort Method": "quicksort",
                                      "Sort Space Used": 25,
                                      "Sort Space Type": "Memory"
                                    },
                                    {
                                      "Worker Number": 1,
                                      "Sort Method": "quicksort",
                                      "Sort Space Used": 25,
                                      "Sort Space Type": "Memory"
                                    },
                                    {
                                      "Worker Number": 2,
                                      "Sort Method": "quicksort",
                                      "Sort Space Used": 25,
                                      "Sort Space Type": "Memory"
                                    },
                                    {
                                      "Worker Number": 3,
                                      "Sort Method": "quicksort",
                                      "Sort Space Used": 25,
                                      "Sort Space Type": "Memory"
                                    }
                                  ],
                                  "Plans": [
                                    {
                                      "Node Type": "Seq Scan",
                                      "Parent Relationship": "Outer",
                                      "Parallel Aware": false,
                                      "Relation Name": "info_type",
                                      "Alias": "it2",
                                      "Startup Cost": 0.0,
                                      "Total Cost": 2.41,
                                      "Plan Rows": 1,
                                      "Plan Width": 4,
                                      "Actual Startup Time": 0.049,
                                      "Actual Total Time": 0.051,
                                      "Actual Rows": 1,
                                      "Actual Loops": 5,
                                      "Filter": "((info)::text = 'rating'::text)",
                                      "Rows Removed by Filter": 112
                                    }
                                  ]
                                },
                                {
                                  "Node Type": "Sort",
                                  "Parent Relationship": "Inner",
                                  "Parallel Aware": false,
                                  "Startup Cost": 42131.04,
                                  "Total Cost": 42613.59,
                                  "Plan Rows": 193020,
                                  "Plan Width": 14,
                                  "Actual Startup Time": 220.95,
                                  "Actual Total Time": 232.119,
                                  "Actual Rows": 192806,
                                  "Actual Loops": 5,
                                  "Sort Key": [
                                    "mi_idx.info_type_id"
                                  ],
                                  "Sort Method": "quicksort",
                                  "Sort Space Used": 15241,
                                  "Sort Space Type": "Memory",
                                  "Workers": [
                                    {
                                      "Worker Number": 0,
                                      "Sort Method": "quicksort",
                                      "Sort Space Used": 15241,
                                      "Sort Space Type": "Memory"
                                    },
                                    {
                                      "Worker Number": 1,
                                      "Sort Method": "quicksort",
                                      "Sort Space Used": 15241,
                                      "Sort Space Type": "Memory"
                                    },
                                    {
                                      "Worker Number": 2,
                                      "Sort Method": "quicksort",
                                      "Sort Space Used": 15241,
                                      "Sort Space Type": "Memory"
                                    },
                                    {
                                      "Worker Number": 3,
                                      "Sort Method": "quicksort",
                                      "Sort Space Used": 15241,
                                      "Sort Space Type": "Memory"
                                    }
                                  ],
                                  "Plans": [
                                    {
                                      "Node Type": "Seq Scan",
                                      "Parent Relationship": "Outer",
                                      "Parallel Aware": false,
                                      "Relation Name": "movie_info_idx",
                                      "Alias": "mi_idx",
                                      "Startup Cost": 0.0,
                                      "Total Cost": 25185.44,
                                      "Plan Rows": 193020,
                                      "Plan Width": 14,
                                      "Actual Startup Time": 0.047,
                                      "Actual Total Time": 173.738,
                                      "Actual Rows": 192839,
                                      "Actual Loops": 5,
                                      "Filter": "(info > '7.0'::text)",
                                      "Rows Removed by Filter": 1187196
                                    }
                                  ]
                                }
                              ]
                            }
                          ]
                        }
                      ]
                    }
                  ]
                },
                {
                  "Node Type": "Sort",
                  "Parent Relationship": "Inner",
                  "Parallel Aware": false,
                  "Startup Cost": 213543.73,
                  "Total Cost": 213550.88,
                  "Plan Rows": 2860,
                  "Plan Width": 4,
                  "Actual Startup Time": 1158.918,
                  "Actual Total Time": 1171.301,
                  "Actual Rows": 325234,
                  "Actual Loops": 1,
                  "Sort Key": [
                    "mi.movie_id"
                  ],
                  "Sort Method": "quicksort",
                  "Sort Space Used": 27535,
                  "Sort Space Type": "Memory",
                  "Plans": [
                    {
                      "Node Type": "Gather",
                      "Parent Relationship": "Outer",
                      "Parallel Aware": false,
                      "Startup Cost": 212764.68,
                      "Total Cost": 213379.54,
                      "Plan Rows": 2860,
                      "Plan Width": 4,
                      "Actual Startup Time": 988.766,
                      "Actual Total Time": 1061.721,
                      "Actual Rows": 325255,
                      "Actual Loops": 1,
                      "Workers Planned": 5,
                      "Workers Launched": 3,
                      "Single Copy": false,
                      "Plans": [
                        {
                          "Node Type": "Merge Join",
                          "Parent Relationship": "Outer",
                          "Parallel Aware": false,
                          "Join Type": "Inner",
                          "Startup Cost": 211764.68,
                          "Total Cost": 212093.54,
                          "Plan Rows": 572,
                          "Plan Width": 4,
                          "Actual Startup Time": 978.759,
                          "Actual Total Time": 997.126,
                          "Actual Rows": 81314,
                          "Actual Loops": 4,
                          "Inner Unique": true,
                          "Merge Cond": "(mi.info_type_id = it1.id)",
                          "Plans": [
                            {
                              "Node Type": "Sort",
                              "Parent Relationship": "Outer",
                              "Parallel Aware": false,
                              "Startup Cost": 211762.25,
                              "Total Cost": 211923.82,
                              "Plan Rows": 64628,
                              "Plan Width": 8,
                              "Actual Startup Time": 978.646,
                              "Actual Total Time": 983.364,
                              "Actual Rows": 81315,
                              "Actual Loops": 4,
                              "Sort Key": [
                                "mi.info_type_id"
                              ],
                              "Sort Method": "quicksort",
                              "Sort Space Used": 6969,
                              "Sort Space Type": "Memory",
                              "Workers": [
                                {
                                  "Worker Number": 0,
                                  "Sort Method": "quicksort",
                                  "Sort Space Used": 6911,
                                  "Sort Space Type": "Memory"
                                },
                                {
                                  "Worker Number": 1,
                                  "Sort Method": "quicksort",
                                  "Sort Space Used": 6969,
                                  "Sort Space Type": "Memory"
                                },
                                {
                                  "Worker Number": 2,
                                  "Sort Method": "quicksort",
                                  "Sort Space Used": 6785,
                                  "Sort Space Type": "Memory"
                                }
                              ],
                              "Plans": [
                                {
                                  "Node Type": "Seq Scan",
                                  "Parent Relationship": "Outer",
                                  "Parallel Aware": true,
                                  "Relation Name": "movie_info",
                                  "Alias": "mi",
                                  "Startup Cost": 0.0,
                                  "Total Cost": 206598.52,
                                  "Plan Rows": 64628,
                                  "Plan Width": 8,
                                  "Actual Startup Time": 594.499,
                                  "Actual Total Time": 959.158,
                                  "Actual Rows": 81828,
                                  "Actual Loops": 4,
                                  "Filter": "(info = ANY ('{Drama,Horror,Western,Family}'::text[]))",
                                  "Rows Removed by Filter": 3627102
                                }
                              ]
                            },
                            {
                              "Node Type": "Sort",
                              "Parent Relationship": "Inner",
                              "Parallel Aware": false,
                              "Startup Cost": 2.42,
                              "Total Cost": 2.43,
                              "Plan Rows": 1,
                              "Plan Width": 4,
                              "Actual Startup Time": 0.102,
                              "Actual Total Time": 0.104,
                              "Actual Rows": 1,
                              "Actual Loops": 4,
                              "Sort Key": [
                                "it1.id"
                              ],
                              "Sort Method": "quicksort",
                              "Sort Space Used": 25,
                              "Sort Space Type": "Memory",
                              "Workers": [
                                {
                                  "Worker Number": 0,
                                  "Sort Method": "quicksort",
                                  "Sort Space Used": 25,
                                  "Sort Space Type": "Memory"
                                },
                                {
                                  "Worker Number": 1,
                                  "Sort Method": "quicksort",
                                  "Sort Space Used": 25,
                                  "Sort Space Type": "Memory"
                                },
                                {
                                  "Worker Number": 2,
                                  "Sort Method": "quicksort",
                                  "Sort Space Used": 25,
                                  "Sort Space Type": "Memory"
                                }
                              ],
                              "Plans": [
                                {
                                  "Node Type": "Seq Scan",
                                  "Parent Relationship": "Outer",
                                  "Parallel Aware": false,
                                  "Relation Name": "info_type",
                                  "Alias": "it1",
                                  "Startup Cost": 0.0,
                                  "Total Cost": 2.41,
                                  "Plan Rows": 1,
                                  "Plan Width": 4,
                                  "Actual Startup Time": 0.075,
                                  "Actual Total Time": 0.083,
                                  "Actual Rows": 1,
                                  "Actual Loops": 4,
                                  "Filter": "((info)::text = 'genres'::text)",
                                  "Rows Removed by Filter": 112
                                }
                              ]
                            }
                          ]
                        }
                      ]
                    }
                  ]
                }
              ]
            },
            {
              "Node Type": "Sort",
              "Parent Relationship": "Inner",
              "Parallel Aware": false,
              "Startup Cost": 151350.46,
              "Total Cost": 151946.76,
              "Plan Rows": 238519,
              "Plan Width": 23,
              "Actual Startup Time": 711.287,
              "Actual Total Time": 778.404,
              "Actual Rows": 552604,
              "Actual Loops": 1,
              "Sort Key": [
                "mc.movie_id"
              ],
              "Sort Method": "quicksort",
              "Sort Space Used": 66142,
              "Sort Space Type": "Memory",
              "Plans": [
                {
                  "Node Type": "Gather",
                  "Parent Relationship": "Outer",
                  "Parallel Aware": false,
                  "Startup Cost": 103975.64,
                  "Total Cost": 130046.25,
                  "Plan Rows": 238519,
                  "Plan Width": 23,
                  "Actual Startup Time": 400.547,
                  "Actual Total Time": 565.418,
                  "Actual Rows": 552328,
                  "Actual Loops": 1,
                  "Workers Planned": 3,
                  "Workers Launched": 3,
                  "Single Copy": false,
                  "Plans": [
                    {
                      "Node Type": "Merge Join",
                      "Parent Relationship": "Outer",
                      "Parallel Aware": false,
                      "Join Type": "Inner",
                      "Startup Cost": 102975.64,
                      "Total Cost": 105194.35,
                      "Plan Rows": 76942,
                      "Plan Width": 23,
                      "Actual Startup Time": 407.252,
                      "Actual Total Time": 509.989,
                      "Actual Rows": 138082,
                      "Actual Loops": 4,
                      "Inner Unique": true,
                      "Merge Cond": "(mc.company_id = cn.id)",
                      "Plans": [
                        {
                          "Node Type": "Sort",
                          "Parent Relationship": "Outer",
                          "Parallel Aware": false,
                          "Startup Cost": 89968.58,
                          "Total Cost": 90494.62,
                          "Plan Rows": 210414,
                          "Plan Width": 8,
                          "Actual Startup Time": 338.403,
                          "Actual Total Time": 380.663,
                          "Actual Rows": 333721,
                          "Actual Loops": 4,
                          "Sort Key": [
                            "mc.company_id"
                          ],
                          "Sort Method": "quicksort",
                          "Sort Space Used": 28901,
                          "Sort Space Type": "Memory",
                          "Workers": [
                            {
                              "Worker Number": 0,
                              "Sort Method": "quicksort",
                              "Sort Space Used": 32472,
                              "Sort Space Type": "Memory"
                            },
                            {
                              "Worker Number": 1,
                              "Sort Method": "quicksort",
                              "Sort Space Used": 25122,
                              "Sort Space Type": "Memory"
                            },
                            {
                              "Worker Number": 2,
                              "Sort Method": "quicksort",
                              "Sort Space Used": 25232,
                              "Sort Space Type": "Memory"
                            }
                          ],
                          "Plans": [
                            {
                              "Node Type": "Merge Join",
                              "Parent Relationship": "Outer",
                              "Parallel Aware": false,
                              "Join Type": "Inner",
                              "Startup Cost": 1.49,
                              "Total Cost": 71364.97,
                              "Plan Rows": 210414,
                              "Plan Width": 8,
                              "Actual Startup Time": 119.529,
                              "Actual Total Time": 242.274,
                              "Actual Rows": 333721,
                              "Actual Loops": 4,
                              "Inner Unique": true,
                              "Merge Cond": "(mc.company_type_id = ct.id)",
                              "Plans": [
                                {
                                  "Node Type": "Index Scan",
                                  "Parent Relationship": "Outer",
                                  "Parallel Aware": true,
                                  "Scan Direction": "Forward",
                                  "Index Name": "company_type_id_movie_companies",
                                  "Relation Name": "movie_companies",
                                  "Alias": "mc",
                                  "Startup Cost": 0.43,
                                  "Total Cost": 67155.62,
                                  "Plan Rows": 841655,
                                  "Plan Width": 12,
                                  "Actual Startup Time": 0.148,
                                  "Actual Total Time": 158.519,
                                  "Actual Rows": 652282,
                                  "Actual Loops": 4
                                },
                                {
                                  "Node Type": "Sort",
                                  "Parent Relationship": "Inner",
                                  "Parallel Aware": false,
                                  "Startup Cost": 1.06,
                                  "Total Cost": 1.06,
                                  "Plan Rows": 1,
                                  "Plan Width": 4,
                                  "Actual Startup Time": 0.081,
                                  "Actual Total Time": 0.082,
                                  "Actual Rows": 1,
                                  "Actual Loops": 4,
                                  "Sort Key": [
                                    "ct.id"
                                  ],
                                  "Sort Method": "quicksort",
                                  "Sort Space Used": 25,
                                  "Sort Space Type": "Memory",
                                  "Workers": [
                                    {
                                      "Worker Number": 0,
                                      "Sort Method": "quicksort",
                                      "Sort Space Used": 25,
                                      "Sort Space Type": "Memory"
                                    },
                                    {
                                      "Worker Number": 1,
                                      "Sort Method": "quicksort",
                                      "Sort Space Used": 25,
                                      "Sort Space Type": "Memory"
                                    },
                                    {
                                      "Worker Number": 2,
                                      "Sort Method": "quicksort",
                                      "Sort Space Used": 25,
                                      "Sort Space Type": "Memory"
                                    }
                                  ],
                                  "Plans": [
                                    {
                                      "Node Type": "Seq Scan",
                                      "Parent Relationship": "Outer",
                                      "Parallel Aware": false,
                                      "Relation Name": "company_type",
                                      "Alias": "ct",
                                      "Startup Cost": 0.0,
                                      "Total Cost": 1.05,
                                      "Plan Rows": 1,
                                      "Plan Width": 4,
                                      "Actual Startup Time": 0.062,
                                      "Actual Total Time": 0.063,
                                      "Actual Rows": 1,
                                      "Actual Loops": 4,
                                      "Filter": "((kind)::text = 'production companies'::text)",
                                      "Rows Removed by Filter": 3
                                    }
                                  ]
                                }
                              ]
                            }
                          ]
                        },
                        {
                          "Node Type": "Sort",
                          "Parent Relationship": "Inner",
                          "Parallel Aware": false,
                          "Startup Cost": 12974.89,
                          "Total Cost": 13189.72,
                          "Plan Rows": 85931,
                          "Plan Width": 23,
                          "Actual Startup Time": 68.838,
                          "Actual Total Time": 80.902,
                          "Actual Rows": 84843,
                          "Actual Loops": 4,
                          "Sort Key": [
                            "cn.id"
                          ],
                          "Sort Method": "quicksort",
                          "Sort Space Used": 9413,
                          "Sort Space Type": "Memory",
                          "Workers": [
                            {
                              "Worker Number": 0,
                              "Sort Method": "quicksort",
                              "Sort Space Used": 9413,
                              "Sort Space Type": "Memory"
                            },
                            {
                              "Worker Number": 1,
                              "Sort Method": "quicksort",
                              "Sort Space Used": 9413,
                              "Sort Space Type": "Memory"
                            },
                            {
                              "Worker Number": 2,
                              "Sort Method": "quicksort",
                              "Sort Space Used": 9413,
                              "Sort Space Type": "Memory"
                            }
                          ],
                          "Plans": [
                            {
                              "Node Type": "Seq Scan",
                              "Parent Relationship": "Outer",
                              "Parallel Aware": false,
                              "Relation Name": "company_name",
                              "Alias": "cn",
                              "Startup Cost": 0.0,
                              "Total Cost": 5932.46,
                              "Plan Rows": 85931,
                              "Plan Width": 23,
                              "Actual Startup Time": 0.048,
                              "Actual Total Time": 35.117,
                              "Actual Rows": 84843,
                              "Actual Loops": 4,
                              "Filter": "((country_code)::text = '[us]'::text)",
                              "Rows Removed by Filter": 150154
                            }
                          ]
                        }
                      ]
                    }
                  ]
                }
              ]
            }
          ]
        }
      ]
    },
    "Planning Time": 554.653,
    "Triggers": [],
    "Execution Time": 2655.793
  }
]