[
  {
    "Plan": {
      "Node Type": "Aggregate",
      "Strategy": "Plain",
      "Partial Mode": "Finalize",
      "Parallel Aware": false,
      "Startup Cost": 46799.98,
      "Total Cost": 46799.99,
      "Plan Rows": 1,
      "Plan Width": 8,
      "Actual Startup Time": 95.912,
      "Actual Total Time": 107.086,
      "Actual Rows": 1,
      "Actual Loops": 1,
      "Plans": [
        {
          "Node Type": "Gather",
          "Parent Relationship": "Outer",
          "Parallel Aware": false,
          "Startup Cost": 46799.56,
          "Total Cost": 46799.97,
          "Plan Rows": 4,
          "Plan Width": 8,
          "Actual Startup Time": 95.735,
          "Actual Total Time": 107.078,
          "Actual Rows": 5,
          "Actual Loops": 1,
          "Workers Planned": 4,
          "Workers Launched": 4,
          "Single Copy": false,
          "Plans": [
            {
              "Node Type": "Aggregate",
              "Strategy": "Plain",
              "Partial Mode": "Partial",
              "Parent Relationship": "Outer",
              "Parallel Aware": false,
              "Startup Cost": 45799.56,
              "Total Cost": 45799.57,
              "Plan Rows": 1,
              "Plan Width": 8,
              "Actual Startup Time": 89.236,
              "Actual Total Time": 89.237,
              "Actual Rows": 1,
              "Actual Loops": 5,
              "Plans": [
                {
                  "Node Type": "Seq Scan",
                  "Parent Relationship": "Outer",
                  "Parallel Aware": true,
                  "Relation Name": "title",
                  "Alias": "t",
                  "Startup Cost": 0.0,
                  "Total Cost": 45479.59,
                  "Plan Rows": 127990,
                  "Plan Width": 0,
                  "Actual Startup Time": 39.917,
                  "Actual Total Time": 85.508,
                  "Actual Rows": 77315,
                  "Actual Loops": 5,
                  "Filter": "((kind_id < 2) AND (production_year > 1979))",
                  "Rows Removed by Filter": 428347
                }
              ]
            }
          ]
        }
      ]
    },
    "Planning Time": 0.129,
    "Triggers": [],
    "Execution Time": 107.129
  }
]