[
  {
    "Plan": {
      "Node Type": "Aggregate",
      "Strategy": "Plain",
      "Partial Mode": "Finalize",
      "Parallel Aware": false,
      "Startup Cost": 348373.08,
      "Total Cost": 348373.09,
      "Plan Rows": 1,
      "Plan Width": 8,
      "Actual Startup Time": 781.408,
      "Actual Total Time": 840.752,
      "Actual Rows": 1,
      "Actual Loops": 1,
      "Plans": [
        {
          "Node Type": "Gather",
          "Parent Relationship": "Outer",
          "Parallel Aware": false,
          "Startup Cost": 348372.45,
          "Total Cost": 348373.06,
          "Plan Rows": 6,
          "Plan Width": 8,
          "Actual Startup Time": 781.264,
          "Actual Total Time": 840.741,
          "Actual Rows": 7,
          "Actual Loops": 1,
          "Workers Planned": 6,
          "Workers Launched": 6,
          "Single Copy": false,
          "Plans": [
            {
              "Node Type": "Aggregate",
              "Strategy": "Plain",
              "Partial Mode": "Partial",
              "Parent Relationship": "Outer",
              "Parallel Aware": false,
              "Startup Cost": 347372.45,
              "Total Cost": 347372.46,
              "Plan Rows": 1,
              "Plan Width": 8,
              "Actual Startup Time": 769.769,
              "Actual Total Time": 769.77,
              "Actual Rows": 1,
              "Actual Loops": 7,
              "Plans": [
                {
                  "Node Type": "Seq Scan",
                  "Parent Relationship": "Outer",
                  "Parallel Aware": true,
                  "Relation Name": "cast_info",
                  "Alias": "ci",
                  "Startup Cost": 0.0,
                  "Total Cost": 343257.03,
                  "Plan Rows": 1646170,
                  "Plan Width": 0,
                  "Actual Startup Time": 273.667,
                  "Actual Total Time": 676.821,
                  "Actual Rows": 2146377,
                  "Actual Loops": 7,
                  "Filter": "((person_id > 2144943) AND (role_id > 1))",
                  "Rows Removed by Filter": 3031387
                }
              ]
            }
          ]
        }
      ]
    },
    "Planning Time": 0.121,
    "Triggers": [],
    "Execution Time": 840.803
  }
]