[
  {
    "Plan": {
      "Node Type": "Aggregate",
      "Strategy": "Plain",
      "Partial Mode": "Finalize",
      "Parallel Aware": false,
      "Startup Cost": 31060.6,
      "Total Cost": 31060.61,
      "Plan Rows": 1,
      "Plan Width": 8,
      "Actual Startup Time": 104.285,
      "Actual Total Time": 112.103,
      "Actual Rows": 1,
      "Actual Loops": 1,
      "Plans": [
        {
          "Node Type": "Gather",
          "Parent Relationship": "Outer",
          "Parallel Aware": false,
          "Startup Cost": 31060.28,
          "Total Cost": 31060.59,
          "Plan Rows": 3,
          "Plan Width": 8,
          "Actual Startup Time": 104.15,
          "Actual Total Time": 112.087,
          "Actual Rows": 4,
          "Actual Loops": 1,
          "Workers Planned": 3,
          "Workers Launched": 3,
          "Single Copy": false,
          "Plans": [
            {
              "Node Type": "Aggregate",
              "Strategy": "Plain",
              "Partial Mode": "Partial",
              "Parent Relationship": "Outer",
              "Parallel Aware": false,
              "Startup Cost": 30060.28,
              "Total Cost": 30060.29,
              "Plan Rows": 1,
              "Plan Width": 8,
              "Actual Startup Time": 95.734,
              "Actual Total Time": 95.735,
              "Actual Rows": 1,
              "Actual Loops": 4,
              "Plans": [
                {
                  "Node Type": "Seq Scan",
                  "Parent Relationship": "Outer",
                  "Parallel Aware": true,
                  "Relation Name": "movie_companies",
                  "Alias": "mc",
                  "Startup Cost": 0.0,
                  "Total Cost": 29310.68,
                  "Plan Rows": 299841,
                  "Plan Width": 0,
                  "Actual Startup Time": 0.044,
                  "Actual Total Time": 81.123,
                  "Actual Rows": 232676,
                  "Actual Loops": 4,
                  "Filter": "(company_id < 3312)",
                  "Rows Removed by Filter": 419606
                }
              ]
            }
          ]
        }
      ]
    },
    "Planning Time": 0.167,
    "Triggers": [],
    "Execution Time": 112.155
  }
]