[
  {
    "Plan": {
      "Node Type": "Aggregate",
      "Strategy": "Plain",
      "Partial Mode": "Finalize",
      "Parallel Aware": false,
      "Startup Cost": 112397.78,
      "Total Cost": 112397.79,
      "Plan Rows": 1,
      "Plan Width": 8,
      "Actual Startup Time": 705.291,
      "Actual Total Time": 724.549,
      "Actual Rows": 1,
      "Actual Loops": 1,
      "Plans": [
        {
          "Node Type": "Gather",
          "Parent Relationship": "Outer",
          "Parallel Aware": false,
          "Startup Cost": 112397.57,
          "Total Cost": 112397.78,
          "Plan Rows": 2,
          "Plan Width": 8,
          "Actual Startup Time": 699.038,
          "Actual Total Time": 724.539,
          "Actual Rows": 3,
          "Actual Loops": 1,
          "Workers Planned": 2,
          "Workers Launched": 2,
          "Single Copy": false,
          "Plans": [
            {
              "Node Type": "Aggregate",
              "Strategy": "Plain",
              "Partial Mode": "Partial",
              "Parent Relationship": "Outer",
              "Parallel Aware": false,
              "Startup Cost": 111397.57,
              "Total Cost": 111397.58,
              "Plan Rows": 1,
              "Plan Width": 8,
              "Actual Startup Time": 690.85,
              "Actual Total Time": 690.858,
              "Actual Rows": 1,
              "Actual Loops": 3,
              "Plans": [
                {
                  "Node Type": "Hash Join",
                  "Parent Relationship": "Outer",
                  "Parallel Aware": true,
                  "Join Type": "Inner",
                  "Startup Cost": 94871.64,
                  "Total Cost": 111098.72,
                  "Plan Rows": 119541,
                  "Plan Width": 0,
                  "Actual Startup Time": 588.084,
                  "Actual Total Time": 684.527,
                  "Actual Rows": 136369,
                  "Actual Loops": 3,
                  "Inner Unique": false,
                  "Hash Cond": "(mi_idx.movie_id = t.id)",
                  "Plans": [
                    {
                      "Node Type": "Seq Scan",
                      "Parent Relationship": "Outer",
                      "Parallel Aware": true,
                      "Relation Name": "movie_info_idx",
                      "Alias": "mi_idx",
                      "Startup Cost": 0.0,
                      "Total Cost": 13685.15,
                      "Plan Rows": 575015,
                      "Plan Width": 4,
                      "Actual Startup Time": 0.032,
                      "Actual Total Time": 39.552,
                      "Actual Rows": 460012,
                      "Actual Loops": 3
                    },
                    {
                      "Node Type": "Hash",
                      "Parent Relationship": "Inner",
                      "Parallel Aware": true,
                      "Startup Cost": 92752.12,
                      "Total Cost": 92752.12,
                      "Plan Rows": 169562,
                      "Plan Width": 8,
                      "Actual Startup Time": 578.249,
                      "Actual Total Time": 578.255,
                      "Actual Rows": 78141,
                      "Actual Loops": 3,
                      "Hash Buckets": 1048576,
                      "Original Hash Buckets": 1048576,
                      "Hash Batches": 1,
                      "Original Hash Batches": 1,
                      "Peak Memory Usage": 17408,
                      "Plans": [
                        {
                          "Node Type": "Hash Join",
                          "Parent Relationship": "Outer",
                          "Parallel Aware": true,
                          "Join Type": "Inner",
                          "Startup Cost": 64827.26,
                          "Total Cost": 92752.12,
                          "Plan Rows": 169562,
                          "Plan Width": 8,
                          "Actual Startup Time": 421.463,
                          "Actual Total Time": 556.086,
                          "Actual Rows": 78141,
                          "Actual Loops": 3,
                          "Inner Unique": true,
                          "Hash Cond": "(mk.movie_id = t.id)",
                          "Plans": [
                            {
                              "Node Type": "Bitmap Heap Scan",
                              "Parent Relationship": "Outer",
                              "Parallel Aware": true,
                              "Relation Name": "movie_keyword",
                              "Alias": "mk",
                              "Startup Cost": 15089.65,
                              "Total Cost": 42412.13,
                              "Plan Rows": 229478,
                              "Plan Width": 4,
                              "Actual Startup Time": 51.044,
                              "Actual Total Time": 122.399,
                              "Actual Rows": 236362,
                              "Actual Loops": 3,
                              "Recheck Cond": "(keyword_id > 26633)",
                              "Rows Removed by Index Recheck": 0,
                              "Exact Heap Blocks": 6137,
                              "Lossy Heap Blocks": 0,
                              "Plans": [
                                {
                                  "Node Type": "Bitmap Index Scan",
                                  "Parent Relationship": "Outer",
                                  "Parallel Aware": false,
                                  "Index Name": "keyword_id_movie_keyword",
                                  "Startup Cost": 0.0,
                                  "Total Cost": 14911.81,
                                  "Plan Rows": 711383,
                                  "Plan Width": 0,
                                  "Actual Startup Time": 47.484,
                                  "Actual Total Time": 47.485,
                                  "Actual Rows": 709085,
                                  "Actual Loops": 1,
                                  "Index Cond": "(keyword_id > 26633)"
                                }
                              ]
                            },
                            {
                              "Node Type": "Hash",
                              "Parent Relationship": "Inner",
                              "Parallel Aware": true,
                              "Startup Cost": 43899.32,
                              "Total Cost": 43899.32,
                              "Plan Rows": 467063,
                              "Plan Width": 4,
                              "Actual Startup Time": 364.235,
                              "Actual Total Time": 364.236,
                              "Actual Rows": 621829,
                              "Actual Loops": 3,
                              "Hash Buckets": 2097152,
                              "Original Hash Buckets": 2097152,
                              "Hash Batches": 1,
                              "Original Hash Batches": 1,
                              "Peak Memory Usage": 89408,
                              "Plans": [
                                {
                                  "Node Type": "Seq Scan",
                                  "Parent Relationship": "Outer",
                                  "Parallel Aware": true,
                                  "Relation Name": "title",
                                  "Alias": "t",
                                  "Startup Cost": 0.0,
                                  "Total Cost": 43899.32,
                                  "Plan Rows": 467063,
                                  "Plan Width": 4,
                                  "Actual Startup Time": 0.051,
                                  "Actual Total Time": 139.498,
                                  "Actual Rows": 621829,
                                  "Actual Loops": 3,
                                  "Filter": "(kind_id > 1)",
                                  "Rows Removed by Filter": 220942
                                }
                              ]
                            }
                          ]
                        }
                      ]
                    }
                  ]
                }
              ]
            }
          ]
        }
      ]
    },
    "Planning Time": 0.767,
    "Triggers": [],
    "Execution Time": 724.619
  }
]