[
  {
    "Plan": {
      "Node Type": "Aggregate",
      "Strategy": "Plain",
      "Partial Mode": "Finalize",
      "Parallel Aware": false,
      "Startup Cost": 75717.54,
      "Total Cost": 75717.55,
      "Plan Rows": 1,
      "Plan Width": 8,
      "Actual Startup Time": 236.173,
      "Actual Total Time": 251.712,
      "Actual Rows": 1,
      "Actual Loops": 1,
      "Plans": [
        {
          "Node Type": "Gather",
          "Parent Relationship": "Outer",
          "Parallel Aware": false,
          "Startup Cost": 75717.12,
          "Total Cost": 75717.53,
          "Plan Rows": 4,
          "Plan Width": 8,
          "Actual Startup Time": 234.864,
          "Actual Total Time": 251.7,
          "Actual Rows": 5,
          "Actual Loops": 1,
          "Workers Planned": 4,
          "Workers Launched": 4,
          "Single Copy": false,
          "Plans": [
            {
              "Node Type": "Aggregate",
              "Strategy": "Plain",
              "Partial Mode": "Partial",
              "Parent Relationship": "Outer",
              "Parallel Aware": false,
              "Startup Cost": 74717.12,
              "Total Cost": 74717.13,
              "Plan Rows": 1,
              "Plan Width": 8,
              "Actual Startup Time": 225.12,
              "Actual Total Time": 225.124,
              "Actual Rows": 1,
              "Actual Loops": 5,
              "Plans": [
                {
                  "Node Type": "Hash Join",
                  "Parent Relationship": "Outer",
                  "Parallel Aware": true,
                  "Join Type": "Inner",
                  "Startup Cost": 28977.65,
                  "Total Cost": 74603.43,
                  "Plan Rows": 45474,
                  "Plan Width": 0,
                  "Actual Startup Time": 92.588,
                  "Actual Total Time": 224.079,
                  "Actual Rows": 15593,
                  "Actual Loops": 5,
                  "Inner Unique": false,
                  "Hash Cond": "(t.id = mc.movie_id)",
                  "Plans": [
                    {
                      "Node Type": "Seq Scan",
                      "Parent Relationship": "Outer",
                      "Parallel Aware": true,
                      "Relation Name": "title",
                      "Alias": "t",
                      "Startup Cost": 0.0,
                      "Total Cost": 42318.73,
                      "Plan Rows": 632073,
                      "Plan Width": 4,
                      "Actual Startup Time": 0.012,
                      "Actual Total Time": 68.075,
                      "Actual Rows": 505662,
                      "Actual Loops": 5
                    },
                    {
                      "Node Type": "Hash",
                      "Parent Relationship": "Inner",
                      "Parallel Aware": true,
                      "Startup Cost": 28244.21,
                      "Total Cost": 28244.21,
                      "Plan Rows": 58675,
                      "Plan Width": 4,
                      "Actual Startup Time": 90.569,
                      "Actual Total Time": 90.57,
                      "Actual Rows": 15593,
                      "Actual Loops": 5,
                      "Hash Buckets": 262144,
                      "Original Hash Buckets": 262144,
                      "Hash Batches": 1,
                      "Original Hash Batches": 1,
                      "Peak Memory Usage": 5184,
                      "Plans": [
                        {
                          "Node Type": "Bitmap Heap Scan",
                          "Parent Relationship": "Outer",
                          "Parallel Aware": true,
                          "Relation Name": "movie_companies",
                          "Alias": "mc",
                          "Startup Cost": 7720.76,
                          "Total Cost": 28244.21,
                          "Plan Rows": 58675,
                          "Plan Width": 4,
                          "Actual Startup Time": 71.775,
                          "Actual Total Time": 85.11,
                          "Actual Rows": 15593,
                          "Actual Loops": 5,
                          "Recheck Cond": "(company_id < 171)",
                          "Rows Removed by Index Recheck": 0,
                          "Filter": "(company_type_id > 1)",
                          "Rows Removed by Filter": 54984,
                          "Exact Heap Blocks": 8384,
                          "Lossy Heap Blocks": 0,
                          "Plans": [
                            {
                              "Node Type": "Bitmap Index Scan",
                              "Parent Relationship": "Outer",
                              "Parallel Aware": false,
                              "Index Name": "company_id_movie_companies",
                              "Startup Cost": 0.0,
                              "Total Cost": 7675.28,
                              "Plan Rows": 358247,
                              "Plan Width": 0,
                              "Actual Startup Time": 28.782,
                              "Actual Total Time": 28.782,
                              "Actual Rows": 352883,
                              "Actual Loops": 1,
                              "Index Cond": "(company_id < 171)"
                            }
                          ]
                        }
                      ]
                    }
                  ]
                }
              ]
            }
          ]
        }
      ]
    },
    "Planning Time": 0.652,
    "Triggers": [],
    "Execution Time": 251.813
  }
]