{
  "Plan": {
    "Node Type": "Aggregate",
    "Strategy": "Plain",
    "Partial Mode": "Finalize",
    "Parallel Aware": false,
    "Startup Cost": 271823.88,
    "Total Cost": 271823.89,
    "Plan Rows": 1,
    "Plan Width": 8,
    "Actual Startup Time": 946.892,
    "Actual Total Time": 965.872,
    "Actual Rows": 1,
    "Actual Loops": 1,
    "Plans": [
      {
        "Node Type": "Gather",
        "Parent Relationship": "Outer",
        "Parallel Aware": false,
        "Startup Cost": 271823.77,
        "Total Cost": 271823.88,
        "Plan Rows": 1,
        "Plan Width": 8,
        "Actual Startup Time": 944.703,
        "Actual Total Time": 965.865,
        "Actual Rows": 2,
        "Actual Loops": 1,
        "Workers Planned": 1,
        "Workers Launched": 1,
        "Single Copy": false,
        "Plans": [
          {
            "Node Type": "Aggregate",
            "Strategy": "Plain",
            "Partial Mode": "Partial",
            "Parent Relationship": "Outer",
            "Parallel Aware": false,
            "Startup Cost": 270823.77,
            "Total Cost": 270823.78,
            "Plan Rows": 1,
            "Plan Width": 8,
            "Actual Startup Time": 937.854,
            "Actual Total Time": 937.861,
            "Actual Rows": 1,
            "Actual Loops": 2,
            "Plans": [
              {
                "Node Type": "Merge Join",
                "Parent Relationship": "Outer",
                "Parallel Aware": false,
                "Join Type": "Inner",
                "Startup Cost": 264715.29,
                "Total Cost": 270587.83,
                "Plan Rows": 94375,
                "Plan Width": 0,
                "Actual Startup Time": 900.756,
                "Actual Total Time": 934.204,
                "Actual Rows": 86370,
                "Actual Loops": 2,
                "Inner Unique": false,
                "Merge Cond": "(t.id = mc.movie_id)",
                "Plans": [
                  {
                    "Node Type": "Sort",
                    "Parent Relationship": "Outer",
                    "Parallel Aware": false,
                    "Startup Cost": 176767.31,
                    "Total Cost": 178169.86,
                    "Plan Rows": 561021,
                    "Plan Width": 8,
                    "Actual Startup Time": 677.431,
                    "Actual Total Time": 686.772,
                    "Actual Rows": 236929,
                    "Actual Loops": 2,
                    "Sort Key": [
                      "mk.movie_id"
                    ],
                    "Sort Method": "quicksort",
                    "Sort Space Used": 17494,
                    "Sort Space Type": "Memory",
                    "Workers": [
                      {
                        "Worker Number": 0,
                        "Sort Method": "quicksort",
                        "Sort Space Used": 17009,
                        "Sort Space Type": "Memory"
                      }
                    ],
                    "Plans": [
                      {
                        "Node Type": "Hash Join",
                        "Parent Relationship": "Outer",
                        "Parallel Aware": true,
                        "Join Type": "Inner",
                        "Startup Cost": 58527.04,
                        "Total Cost": 123196.27,
                        "Plan Rows": 561021,
                        "Plan Width": 8,
                        "Actual Startup Time": 238.63,
                        "Actual Total Time": 638.556,
                        "Actual Rows": 236942,
                        "Actual Loops": 2,
                        "Inner Unique": true,
                        "Hash Cond": "(mk.movie_id = t.id)",
                        "Plans": [
                          {
                            "Node Type": "Seq Scan",
                            "Parent Relationship": "Outer",
                            "Parallel Aware": true,
                            "Relation Name": "movie_keyword",
                            "Alias": "mk",
                            "Startup Cost": 0.0,
                            "Total Cost": 57718.19,
                            "Plan Rows": 2648009,
                            "Plan Width": 4,
                            "Actual Startup Time": 0.012,
                            "Actual Total Time": 201.44,
                            "Actual Rows": 2250842,
                            "Actual Loops": 2,
                            "Filter": "(keyword_id > 3)",
                            "Rows Removed by Filter": 11123
                          },
                          {
                            "Node Type": "Hash",
                            "Parent Relationship": "Inner",
                            "Parallel Aware": true,
                            "Startup Cost": 54588.39,
                            "Total Cost": 54588.39,
                            "Plan Rows": 315092,
                            "Plan Width": 4,
                            "Actual Startup Time": 229.535,
                            "Actual Total Time": 229.536,
                            "Actual Rows": 266684,
                            "Actual Loops": 2,
                            "Hash Buckets": 1048576,
                            "Original Hash Buckets": 1048576,
                            "Hash Batches": 1,
                            "Original Hash Batches": 1,
                            "Peak Memory Usage": 29088,
                            "Plans": [
                              {
                                "Node Type": "Seq Scan",
                                "Parent Relationship": "Outer",
                                "Parallel Aware": true,
                                "Relation Name": "title",
                                "Alias": "t",
                                "Startup Cost": 0.0,
                                "Total Cost": 54588.39,
                                "Plan Rows": 315092,
                                "Plan Width": 4,
                                "Actual Startup Time": 0.03,
                                "Actual Total Time": 145.292,
                                "Actual Rows": 266684,
                                "Actual Loops": 2,
                                "Filter": "(production_year > 2009)",
                                "Rows Removed by Filter": 997472
                              }
                            ]
                          }
                        ]
                      }
                    ]
                  },
                  {
                    "Node Type": "Sort",
                    "Parent Relationship": "Inner",
                    "Parallel Aware": false,
                    "Startup Cost": 87947.93,
                    "Total Cost": 89011.21,
                    "Plan Rows": 425312,
                    "Plan Width": 4,
                    "Actual Startup Time": 215.362,
                    "Actual Total Time": 222.112,
                    "Actual Rows": 190522,
                    "Actual Loops": 2,
                    "Sort Key": [
                      "mc.movie_id"
                    ],
                    "Sort Method": "quicksort",
                    "Sort Space Used": 8150,
                    "Sort Space Type": "Memory",
                    "Workers": [
                      {
                        "Worker Number": 0,
                        "Sort Method": "quicksort",
                        "Sort Space Used": 8150,
                        "Sort Space Type": "Memory"
                      }
                    ],
                    "Plans": [
                      {
                        "Node Type": "Index Scan",
                        "Parent Relationship": "Outer",
                        "Parallel Aware": false,
                        "Scan Direction": "Forward",
                        "Index Name": "company_type_id_movie_companies",
                        "Relation Name": "movie_companies",
                        "Alias": "mc",
                        "Startup Cost": 0.43,
                        "Total Cost": 48185.17,
                        "Plan Rows": 425312,
                        "Plan Width": 4,
                        "Actual Startup Time": 88.437,
                        "Actual Total Time": 195.562,
                        "Actual Rows": 108329,
                        "Actual Loops": 2,
                        "Index Cond": "(company_type_id < 2)",
                        "Rows Removed by Index Recheck": 0,
                        "Filter": "(company_id > 23039)",
                        "Rows Removed by Filter": 1165917
                      }
                    ]
                  }
                ]
              }
            ]
          }
        ]
      }
    ]
  },
  "Planning Time": 1.171,
  "Triggers": [],
  "Execution Time": 965.983
}