[
  {
    "Plan": {
      "Node Type": "Aggregate",
      "Strategy": "Plain",
      "Partial Mode": "Finalize",
      "Parallel Aware": false,
      "Startup Cost": 150615.28,
      "Total Cost": 150615.29,
      "Plan Rows": 1,
      "Plan Width": 8,
      "Actual Startup Time": 482.775,
      "Actual Total Time": 526.726,
      "Actual Rows": 1,
      "Actual Loops": 1,
      "Plans": [
        {
          "Node Type": "Gather",
          "Parent Relationship": "Outer",
          "Parallel Aware": false,
          "Startup Cost": 150614.97,
          "Total Cost": 150615.28,
          "Plan Rows": 3,
          "Plan Width": 8,
          "Actual Startup Time": 477.627,
          "Actual Total Time": 526.718,
          "Actual Rows": 4,
          "Actual Loops": 1,
          "Workers Planned": 3,
          "Workers Launched": 3,
          "Single Copy": false,
          "Plans": [
            {
              "Node Type": "Aggregate",
              "Strategy": "Plain",
              "Partial Mode": "Partial",
              "Parent Relationship": "Outer",
              "Parallel Aware": false,
              "Startup Cost": 149614.97,
              "Total Cost": 149614.98,
              "Plan Rows": 1,
              "Plan Width": 8,
              "Actual Startup Time": 467.432,
              "Actual Total Time": 467.435,
              "Actual Rows": 1,
              "Actual Loops": 4,
              "Plans": [
                {
                  "Node Type": "Nested Loop",
                  "Parent Relationship": "Outer",
                  "Parallel Aware": false,
                  "Join Type": "Inner",
                  "Startup Cost": 48362.65,
                  "Total Cost": 149567.27,
                  "Plan Rows": 19077,
                  "Plan Width": 0,
                  "Actual Startup Time": 211.329,
                  "Actual Total Time": 465.726,
                  "Actual Rows": 21792,
                  "Actual Loops": 4,
                  "Inner Unique": false,
                  "Plans": [
                    {
                      "Node Type": "Hash Join",
                      "Parent Relationship": "Outer",
                      "Parallel Aware": true,
                      "Join Type": "Inner",
                      "Startup Cost": 48362.21,
                      "Total Cost": 80001.24,
                      "Plan Rows": 31161,
                      "Plan Width": 8,
                      "Actual Startup Time": 211.166,
                      "Actual Total Time": 258.017,
                      "Actual Rows": 16338,
                      "Actual Loops": 4,
                      "Inner Unique": true,
                      "Hash Cond": "(mc.movie_id = t.id)",
                      "Plans": [
                        {
                          "Node Type": "Seq Scan",
                          "Parent Relationship": "Outer",
                          "Parallel Aware": true,
                          "Relation Name": "movie_companies",
                          "Alias": "mc",
                          "Startup Cost": 0.0,
                          "Total Cost": 31414.82,
                          "Plan Rows": 85413,
                          "Plan Width": 4,
                          "Actual Startup Time": 30.102,
                          "Actual Total Time": 57.347,
                          "Actual Rows": 34238,
                          "Actual Loops": 4,
                          "Filter": "((company_id < 474) AND (company_type_id > 1))",
                          "Rows Removed by Filter": 618044
                        },
                        {
                          "Node Type": "Hash",
                          "Parent Relationship": "Inner",
                          "Parallel Aware": true,
                          "Startup Cost": 45479.59,
                          "Total Cost": 45479.59,
                          "Plan Rows": 230610,
                          "Plan Width": 4,
                          "Actual Startup Time": 176.777,
                          "Actual Total Time": 176.778,
                          "Actual Rows": 221220,
                          "Actual Loops": 4,
                          "Hash Buckets": 1048576,
                          "Original Hash Buckets": 1048576,
                          "Hash Batches": 1,
                          "Original Hash Batches": 1,
                          "Peak Memory Usage": 42848,
                          "Plans": [
                            {
                              "Node Type": "Seq Scan",
                              "Parent Relationship": "Outer",
                              "Parallel Aware": true,
                              "Relation Name": "title",
                              "Alias": "t",
                              "Startup Cost": 0.0,
                              "Total Cost": 45479.59,
                              "Plan Rows": 230610,
                              "Plan Width": 4,
                              "Actual Startup Time": 0.049,
                              "Actual Total Time": 104.156,
                              "Actual Rows": 221220,
                              "Actual Loops": 4,
                              "Filter": "((kind_id < 7) AND (production_year > 1921))",
                              "Rows Removed by Filter": 410858
                            }
                          ]
                        }
                      ]
                    },
                    {
                      "Node Type": "Index Scan",
                      "Parent Relationship": "Inner",
                      "Parallel Aware": false,
                      "Scan Direction": "Forward",
                      "Index Name": "movie_id_movie_info",
                      "Relation Name": "movie_info",
                      "Alias": "mi",
                      "Startup Cost": 0.43,
                      "Total Cost": 2.19,
                      "Plan Rows": 4,
                      "Plan Width": 4,
                      "Actual Startup Time": 0.012,
                      "Actual Total Time": 0.012,
                      "Actual Rows": 1,
                      "Actual Loops": 65354,
                      "Index Cond": "(movie_id = t.id)",
                      "Rows Removed by Index Recheck": 0,
                      "Filter": "(info_type_id = 3)",
                      "Rows Removed by Filter": 12
                    }
                  ]
                }
              ]
            }
          ]
        }
      ]
    },
    "Planning Time": 1.119,
    "Triggers": [],
    "Execution Time": 526.806
  }
]