[
  {
    "Plan": {
      "Node Type": "Aggregate",
      "Strategy": "Plain",
      "Partial Mode": "Finalize",
      "Parallel Aware": false,
      "Startup Cost": 133962.95,
      "Total Cost": 133962.96,
      "Plan Rows": 1,
      "Plan Width": 8,
      "Actual Startup Time": 420.41,
      "Actual Total Time": 472.574,
      "Actual Rows": 1,
      "Actual Loops": 1,
      "Plans": [
        {
          "Node Type": "Gather",
          "Parent Relationship": "Outer",
          "Parallel Aware": false,
          "Startup Cost": 133962.53,
          "Total Cost": 133962.94,
          "Plan Rows": 4,
          "Plan Width": 8,
          "Actual Startup Time": 419.769,
          "Actual Total Time": 472.564,
          "Actual Rows": 5,
          "Actual Loops": 1,
          "Workers Planned": 4,
          "Workers Launched": 4,
          "Single Copy": false,
          "Plans": [
            {
              "Node Type": "Aggregate",
              "Strategy": "Plain",
              "Partial Mode": "Partial",
              "Parent Relationship": "Outer",
              "Parallel Aware": false,
              "Startup Cost": 132962.53,
              "Total Cost": 132962.54,
              "Plan Rows": 1,
              "Plan Width": 8,
              "Actual Startup Time": 409.693,
              "Actual Total Time": 409.696,
              "Actual Rows": 1,
              "Actual Loops": 5,
              "Plans": [
                {
                  "Node Type": "Nested Loop",
                  "Parent Relationship": "Outer",
                  "Parallel Aware": false,
                  "Join Type": "Inner",
                  "Startup Cost": 32466.07,
                  "Total Cost": 132926.22,
                  "Plan Rows": 14525,
                  "Plan Width": 0,
                  "Actual Startup Time": 75.57,
                  "Actual Total Time": 408.056,
                  "Actual Rows": 17433,
                  "Actual Loops": 5,
                  "Inner Unique": false,
                  "Plans": [
                    {
                      "Node Type": "Hash Join",
                      "Parent Relationship": "Outer",
                      "Parallel Aware": true,
                      "Join Type": "Inner",
                      "Startup Cost": 32465.63,
                      "Total Cost": 79182.41,
                      "Plan Rows": 23924,
                      "Plan Width": 8,
                      "Actual Startup Time": 75.411,
                      "Actual Total Time": 185.704,
                      "Actual Rows": 13071,
                      "Actual Loops": 5,
                      "Inner Unique": false,
                      "Hash Cond": "(t.id = mc.movie_id)",
                      "Plans": [
                        {
                          "Node Type": "Seq Scan",
                          "Parent Relationship": "Outer",
                          "Parallel Aware": true,
                          "Relation Name": "title",
                          "Alias": "t",
                          "Startup Cost": 0.0,
                          "Total Cost": 45479.1,
                          "Plan Rows": 232103,
                          "Plan Width": 4,
                          "Actual Startup Time": 0.016,
                          "Actual Total Time": 70.902,
                          "Actual Rows": 176976,
                          "Actual Loops": 5,
                          "Filter": "((kind_id < 7) AND (production_year > 1921))",
                          "Rows Removed by Filter": 328686
                        },
                        {
                          "Node Type": "Hash",
                          "Parent Relationship": "Inner",
                          "Parallel Aware": true,
                          "Startup Cost": 31414.82,
                          "Total Cost": 31414.82,
                          "Plan Rows": 84065,
                          "Plan Width": 4,
                          "Actual Startup Time": 73.437,
                          "Actual Total Time": 73.437,
                          "Actual Rows": 27391,
                          "Actual Loops": 5,
                          "Hash Buckets": 262144,
                          "Original Hash Buckets": 262144,
                          "Hash Batches": 1,
                          "Original Hash Batches": 1,
                          "Peak Memory Usage": 7488,
                          "Plans": [
                            {
                              "Node Type": "Seq Scan",
                              "Parent Relationship": "Outer",
                              "Parallel Aware": true,
                              "Relation Name": "movie_companies",
                              "Alias": "mc",
                              "Startup Cost": 0.0,
                              "Total Cost": 31414.82,
                              "Plan Rows": 84065,
                              "Plan Width": 4,
                              "Actual Startup Time": 41.193,
                              "Actual Total Time": 65.659,
                              "Actual Rows": 27391,
                              "Actual Loops": 5,
                              "Filter": "((company_id < 474) AND (company_type_id > 1))",
                              "Rows Removed by Filter": 494435
                            }
                          ]
                        }
                      ]
                    },
                    {
                      "Node Type": "Index Scan",
                      "Parent Relationship": "Inner",
                      "Parallel Aware": false,
                      "Scan Direction": "Forward",
                      "Index Name": "movie_id_movie_info",
                      "Relation Name": "movie_info",
                      "Alias": "mi",
                      "Startup Cost": 0.43,
                      "Total Cost": 2.21,
                      "Plan Rows": 4,
                      "Plan Width": 4,
                      "Actual Startup Time": 0.016,
                      "Actual Total Time": 0.017,
                      "Actual Rows": 1,
                      "Actual Loops": 65354,
                      "Index Cond": "(movie_id = t.id)",
                      "Rows Removed by Index Recheck": 0,
                      "Filter": "(info_type_id = 3)",
                      "Rows Removed by Filter": 12
                    }
                  ]
                }
              ]
            }
          ]
        }
      ]
    },
    "Planning Time": 1.531,
    "Triggers": [],
    "Execution Time": 472.713
  }
]