[
  {
    "Plan": {
      "Node Type": "Aggregate",
      "Strategy": "Plain",
      "Partial Mode": "Finalize",
      "Parallel Aware": false,
      "Startup Cost": 289821.69,
      "Total Cost": 289821.7,
      "Plan Rows": 1,
      "Plan Width": 8,
      "Actual Startup Time": 1348.65,
      "Actual Total Time": 1395.912,
      "Actual Rows": 1,
      "Actual Loops": 1,
      "Plans": [
        {
          "Node Type": "Gather",
          "Parent Relationship": "Outer",
          "Parallel Aware": false,
          "Startup Cost": 289821.17,
          "Total Cost": 289821.68,
          "Plan Rows": 5,
          "Plan Width": 8,
          "Actual Startup Time": 1341.847,
          "Actual Total Time": 1395.902,
          "Actual Rows": 6,
          "Actual Loops": 1,
          "Workers Planned": 5,
          "Workers Launched": 5,
          "Single Copy": false,
          "Plans": [
            {
              "Node Type": "Aggregate",
              "Strategy": "Plain",
              "Partial Mode": "Partial",
              "Parent Relationship": "Outer",
              "Parallel Aware": false,
              "Startup Cost": 288821.17,
              "Total Cost": 288821.18,
              "Plan Rows": 1,
              "Plan Width": 8,
              "Actual Startup Time": 1331.14,
              "Actual Total Time": 1331.283,
              "Actual Rows": 1,
              "Actual Loops": 6,
              "Plans": [
                {
                  "Node Type": "Hash Join",
                  "Parent Relationship": "Outer",
                  "Parallel Aware": true,
                  "Join Type": "Inner",
                  "Startup Cost": 82244.48,
                  "Total Cost": 286856.86,
                  "Plan Rows": 785723,
                  "Plan Width": 0,
                  "Actual Startup Time": 301.06,
                  "Actual Total Time": 1204.988,
                  "Actual Rows": 2895462,
                  "Actual Loops": 6,
                  "Inner Unique": false,
                  "Hash Cond": "(mi.movie_id = t.id)",
                  "Plans": [
                    {
                      "Node Type": "Seq Scan",
                      "Parent Relationship": "Outer",
                      "Parallel Aware": true,
                      "Relation Name": "movie_info",
                      "Alias": "mi",
                      "Startup Cost": 0.0,
                      "Total Cost": 191560.33,
                      "Plan Rows": 2956733,
                      "Plan Width": 4,
                      "Actual Startup Time": 0.012,
                      "Actual Total Time": 308.287,
                      "Actual Rows": 2472620,
                      "Actual Loops": 6
                    },
                    {
                      "Node Type": "Hash",
                      "Parent Relationship": "Inner",
                      "Parallel Aware": true,
                      "Startup Cost": 80144.9,
                      "Total Cost": 80144.9,
                      "Plan Rows": 167967,
                      "Plan Width": 8,
                      "Actual Startup Time": 285.331,
                      "Actual Total Time": 285.473,
                      "Actual Rows": 73839,
                      "Actual Loops": 6,
                      "Hash Buckets": 1048576,
                      "Original Hash Buckets": 1048576,
                      "Hash Batches": 1,
                      "Original Hash Batches": 1,
                      "Peak Memory Usage": 25632,
                      "Plans": [
                        {
                          "Node Type": "Hash Join",
                          "Parent Relationship": "Outer",
                          "Parallel Aware": true,
                          "Join Type": "Inner",
                          "Startup Cost": 34123.97,
                          "Total Cost": 80144.9,
                          "Plan Rows": 167967,
                          "Plan Width": 8,
                          "Actual Startup Time": 182.141,
                          "Actual Total Time": 254.054,
                          "Actual Rows": 73839,
                          "Actual Loops": 6,
                          "Inner Unique": false,
                          "Hash Cond": "(t.id = mc.movie_id)",
                          "Plans": [
                            {
                              "Node Type": "Seq Scan",
                              "Parent Relationship": "Outer",
                              "Parallel Aware": true,
                              "Relation Name": "title",
                              "Alias": "t",
                              "Startup Cost": 0.0,
                              "Total Cost": 42318.73,
                              "Plan Rows": 632073,
                              "Plan Width": 4,
                              "Actual Startup Time": 0.015,
                              "Actual Total Time": 60.927,
                              "Actual Rows": 421385,
                              "Actual Loops": 6
                            },
                            {
                              "Node Type": "Hash",
                              "Parent Relationship": "Inner",
                              "Parallel Aware": true,
                              "Startup Cost": 31414.82,
                              "Total Cost": 31414.82,
                              "Plan Rows": 216732,
                              "Plan Width": 4,
                              "Actual Startup Time": 99.82,
                              "Actual Total Time": 99.823,
                              "Actual Rows": 73839,
                              "Actual Loops": 6,
                              "Hash Buckets": 1048576,
                              "Original Hash Buckets": 1048576,
                              "Hash Batches": 1,
                              "Original Hash Batches": 1,
                              "Peak Memory Usage": 25632,
                              "Plans": [
                                {
                                  "Node Type": "Seq Scan",
                                  "Parent Relationship": "Outer",
                                  "Parallel Aware": true,
                                  "Relation Name": "movie_companies",
                                  "Alias": "mc",
                                  "Startup Cost": 0.0,
                                  "Total Cost": 31414.82,
                                  "Plan Rows": 216732,
                                  "Plan Width": 4,
                                  "Actual Startup Time": 17.42,
                                  "Actual Total Time": 65.009,
                                  "Actual Rows": 73839,
                                  "Actual Loops": 6,
                                  "Filter": "((company_id > 11141) AND (company_type_id < 2))",
                                  "Rows Removed by Filter": 361016
                                }
                              ]
                            }
                          ]
                        }
                      ]
                    }
                  ]
                }
              ]
            }
          ]
        }
      ]
    },
    "Planning Time": 1.418,
    "Triggers": [],
    "Execution Time": 1396.026
  }
]