[
  {
    "Plan": {
      "Node Type": "Aggregate",
      "Strategy": "Plain",
      "Partial Mode": "Finalize",
      "Parallel Aware": false,
      "Startup Cost": 404318.79,
      "Total Cost": 404318.8,
      "Plan Rows": 1,
      "Plan Width": 8,
      "Actual Startup Time": 1713.328,
      "Actual Total Time": 1756.315,
      "Actual Rows": 1,
      "Actual Loops": 1,
      "Plans": [
        {
          "Node Type": "Gather",
          "Parent Relationship": "Outer",
          "Parallel Aware": false,
          "Startup Cost": 404318.47,
          "Total Cost": 404318.78,
          "Plan Rows": 3,
          "Plan Width": 8,
          "Actual Startup Time": 1681.23,
          "Actual Total Time": 1756.303,
          "Actual Rows": 4,
          "Actual Loops": 1,
          "Workers Planned": 3,
          "Workers Launched": 3,
          "Single Copy": false,
          "Plans": [
            {
              "Node Type": "Aggregate",
              "Strategy": "Plain",
              "Partial Mode": "Partial",
              "Parent Relationship": "Outer",
              "Parallel Aware": false,
              "Startup Cost": 403318.47,
              "Total Cost": 403318.48,
              "Plan Rows": 1,
              "Plan Width": 8,
              "Actual Startup Time": 1668.759,
              "Actual Total Time": 1669.096,
              "Actual Rows": 1,
              "Actual Loops": 4,
              "Plans": [
                {
                  "Node Type": "Hash Join",
                  "Parent Relationship": "Outer",
                  "Parallel Aware": true,
                  "Join Type": "Inner",
                  "Startup Cost": 370163.77,
                  "Total Cost": 401643.3,
                  "Plan Rows": 670066,
                  "Plan Width": 0,
                  "Actual Startup Time": 1232.326,
                  "Actual Total Time": 1614.745,
                  "Actual Rows": 1229114,
                  "Actual Loops": 4,
                  "Inner Unique": false,
                  "Hash Cond": "(mc.movie_id = t.id)",
                  "Plans": [
                    {
                      "Node Type": "Seq Scan",
                      "Parent Relationship": "Outer",
                      "Parallel Aware": true,
                      "Relation Name": "movie_companies",
                      "Alias": "mc",
                      "Startup Cost": 0.0,
                      "Total Cost": 27206.55,
                      "Plan Rows": 841655,
                      "Plan Width": 4,
                      "Actual Startup Time": 0.023,
                      "Actual Total Time": 63.051,
                      "Actual Rows": 652282,
                      "Actual Loops": 4
                    },
                    {
                      "Node Type": "Hash",
                      "Parent Relationship": "Inner",
                      "Parallel Aware": true,
                      "Startup Cost": 365970.33,
                      "Total Cost": 365970.33,
                      "Plan Rows": 335475,
                      "Plan Width": 8,
                      "Actual Startup Time": 1224.759,
                      "Actual Total Time": 1225.093,
                      "Actual Rows": 576955,
                      "Actual Loops": 4,
                      "Hash Buckets": 4194304,
                      "Original Hash Buckets": 2097152,
                      "Hash Batches": 1,
                      "Original Hash Batches": 1,
                      "Peak Memory Usage": 139488,
                      "Plans": [
                        {
                          "Node Type": "Hash Join",
                          "Parent Relationship": "Outer",
                          "Parallel Aware": true,
                          "Join Type": "Inner",
                          "Startup Cost": 106066.89,
                          "Total Cost": 365970.33,
                          "Plan Rows": 335475,
                          "Plan Width": 8,
                          "Actual Startup Time": 489.25,
                          "Actual Total Time": 930.449,
                          "Actual Rows": 576955,
                          "Actual Loops": 4,
                          "Inner Unique": true,
                          "Hash Cond": "(ci.movie_id = t.id)",
                          "Plans": [
                            {
                              "Node Type": "Bitmap Heap Scan",
                              "Parent Relationship": "Outer",
                              "Parallel Aware": true,
                              "Relation Name": "cast_info",
                              "Alias": "ci",
                              "Startup Cost": 55847.24,
                              "Total Cost": 314870.07,
                              "Plan Rows": 335475,
                              "Plan Width": 4,
                              "Actual Startup Time": 131.426,
                              "Actual Total Time": 258.806,
                              "Actual Rows": 576955,
                              "Actual Loops": 4,
                              "Recheck Cond": "(person_id < 247668)",
                              "Rows Removed by Index Recheck": 0,
                              "Filter": "(role_id < 8)",
                              "Rows Removed by Filter": 65771,
                              "Exact Heap Blocks": 7970,
                              "Lossy Heap Blocks": 0,
                              "Plans": [
                                {
                                  "Node Type": "Bitmap Index Scan",
                                  "Parent Relationship": "Outer",
                                  "Parallel Aware": false,
                                  "Index Name": "person_id_cast_info",
                                  "Startup Cost": 0.0,
                                  "Total Cost": 55344.03,
                                  "Plan Rows": 2534329,
                                  "Plan Width": 0,
                                  "Actual Startup Time": 127.298,
                                  "Actual Total Time": 127.298,
                                  "Actual Rows": 2570904,
                                  "Actual Loops": 1,
                                  "Index Cond": "(person_id < 247668)"
                                }
                              ]
                            },
                            {
                              "Node Type": "Hash",
                              "Parent Relationship": "Inner",
                              "Parallel Aware": true,
                              "Startup Cost": 42318.73,
                              "Total Cost": 42318.73,
                              "Plan Rows": 632073,
                              "Plan Width": 4,
                              "Actual Startup Time": 351.399,
                              "Actual Total Time": 351.401,
                              "Actual Rows": 632078,
                              "Actual Loops": 4,
                              "Hash Buckets": 4194304,
                              "Original Hash Buckets": 4194304,
                              "Hash Batches": 1,
                              "Original Hash Batches": 1,
                              "Peak Memory Usage": 131712,
                              "Plans": [
                                {
                                  "Node Type": "Seq Scan",
                                  "Parent Relationship": "Outer",
                                  "Parallel Aware": true,
                                  "Relation Name": "title",
                                  "Alias": "t",
                                  "Startup Cost": 0.0,
                                  "Total Cost": 42318.73,
                                  "Plan Rows": 632073,
                                  "Plan Width": 4,
                                  "Actual Startup Time": 0.042,
                                  "Actual Total Time": 103.351,
                                  "Actual Rows": 632078,
                                  "Actual Loops": 4
                                }
                              ]
                            }
                          ]
                        }
                      ]
                    }
                  ]
                }
              ]
            }
          ]
        }
      ]
    },
    "Planning Time": 1.472,
    "Triggers": [],
    "Execution Time": 1756.421
  }
]