{
  "Plan": {
    "Node Type": "Aggregate",
    "Strategy": "Plain",
    "Partial Mode": "Finalize",
    "Parallel Aware": false,
    "Startup Cost": 360892.42,
    "Total Cost": 360892.43,
    "Plan Rows": 1,
    "Plan Width": 8,
    "Actual Startup Time": 3405.953,
    "Actual Total Time": 3446.251,
    "Actual Rows": 1,
    "Actual Loops": 1,
    "Plans": [
      {
        "Node Type": "Gather",
        "Parent Relationship": "Outer",
        "Parallel Aware": false,
        "Startup Cost": 360892.31,
        "Total Cost": 360892.42,
        "Plan Rows": 1,
        "Plan Width": 8,
        "Actual Startup Time": 3401.367,
        "Actual Total Time": 3446.242,
        "Actual Rows": 2,
        "Actual Loops": 1,
        "Workers Planned": 1,
        "Workers Launched": 1,
        "Single Copy": false,
        "Plans": [
          {
            "Node Type": "Aggregate",
            "Strategy": "Plain",
            "Partial Mode": "Partial",
            "Parent Relationship": "Outer",
            "Parallel Aware": false,
            "Startup Cost": 359892.31,
            "Total Cost": 359892.32,
            "Plan Rows": 1,
            "Plan Width": 8,
            "Actual Startup Time": 3393.732,
            "Actual Total Time": 3393.736,
            "Actual Rows": 1,
            "Actual Loops": 2,
            "Plans": [
              {
                "Node Type": "Hash Join",
                "Parent Relationship": "Outer",
                "Parallel Aware": true,
                "Join Type": "Inner",
                "Startup Cost": 70039.45,
                "Total Cost": 341822.94,
                "Plan Rows": 7227747,
                "Plan Width": 0,
                "Actual Startup Time": 493.245,
                "Actual Total Time": 3165.836,
                "Actual Rows": 5654053,
                "Actual Loops": 2,
                "Inner Unique": true,
                "Hash Cond": "(mi.movie_id = t.id)",
                "Plans": [
                  {
                    "Node Type": "Seq Scan",
                    "Parent Relationship": "Outer",
                    "Parallel Aware": true,
                    "Relation Name": "movie_info",
                    "Alias": "mi",
                    "Startup Cost": 0.0,
                    "Total Cost": 248955.74,
                    "Plan Rows": 8696274,
                    "Plan Width": 4,
                    "Actual Startup Time": 0.009,
                    "Actual Total Time": 600.3,
                    "Actual Rows": 7417860,
                    "Actual Loops": 2
                  },
                  {
                    "Node Type": "Hash",
                    "Parent Relationship": "Inner",
                    "Parallel Aware": true,
                    "Startup Cost": 54588.39,
                    "Total Cost": 54588.39,
                    "Plan Rows": 1236085,
                    "Plan Width": 4,
                    "Actual Startup Time": 477.745,
                    "Actual Total Time": 477.746,
                    "Actual Rows": 1044894,
                    "Actual Loops": 2,
                    "Hash Buckets": 4194304,
                    "Original Hash Buckets": 4194304,
                    "Hash Batches": 1,
                    "Original Hash Batches": 1,
                    "Peak Memory Usage": 114528,
                    "Plans": [
                      {
                        "Node Type": "Seq Scan",
                        "Parent Relationship": "Outer",
                        "Parallel Aware": true,
                        "Relation Name": "title",
                        "Alias": "t",
                        "Startup Cost": 0.0,
                        "Total Cost": 54588.39,
                        "Plan Rows": 1236085,
                        "Plan Width": 4,
                        "Actual Startup Time": 0.021,
                        "Actual Total Time": 173.753,
                        "Actual Rows": 1044894,
                        "Actual Loops": 2,
                        "Filter": "(production_year > 1969)",
                        "Rows Removed by Filter": 219262
                      }
                    ]
                  }
                ]
              }
            ]
          }
        ]
      }
    ]
  },
  "Planning Time": 0.272,
  "Triggers": [],
  "Execution Time": 3446.291
}