[
  {
    "Plan": {
      "Node Type": "Aggregate",
      "Strategy": "Plain",
      "Partial Mode": "Finalize",
      "Parallel Aware": false,
      "Startup Cost": 32270.76,
      "Total Cost": 32270.77,
      "Plan Rows": 1,
      "Plan Width": 8,
      "Actual Startup Time": 119.544,
      "Actual Total Time": 127.236,
      "Actual Rows": 1,
      "Actual Loops": 1,
      "Plans": [
        {
          "Node Type": "Gather",
          "Parent Relationship": "Outer",
          "Parallel Aware": false,
          "Startup Cost": 32270.44,
          "Total Cost": 32270.75,
          "Plan Rows": 3,
          "Plan Width": 8,
          "Actual Startup Time": 119.306,
          "Actual Total Time": 127.227,
          "Actual Rows": 4,
          "Actual Loops": 1,
          "Workers Planned": 3,
          "Workers Launched": 3,
          "Single Copy": false,
          "Plans": [
            {
              "Node Type": "Aggregate",
              "Strategy": "Plain",
              "Partial Mode": "Partial",
              "Parent Relationship": "Outer",
              "Parallel Aware": false,
              "Startup Cost": 31270.44,
              "Total Cost": 31270.45,
              "Plan Rows": 1,
              "Plan Width": 8,
              "Actual Startup Time": 112.101,
              "Actual Total Time": 112.102,
              "Actual Rows": 1,
              "Actual Loops": 4,
              "Plans": [
                {
                  "Node Type": "Seq Scan",
                  "Parent Relationship": "Outer",
                  "Parallel Aware": true,
                  "Relation Name": "movie_companies",
                  "Alias": "mc",
                  "Startup Cost": 0.0,
                  "Total Cost": 29310.68,
                  "Plan Rows": 783903,
                  "Plan Width": 0,
                  "Actual Startup Time": 0.043,
                  "Actual Total Time": 83.317,
                  "Actual Rows": 608612,
                  "Actual Loops": 4,
                  "Filter": "(company_id < 122153)",
                  "Rows Removed by Filter": 43670
                }
              ]
            }
          ]
        }
      ]
    },
    "Planning Time": 0.184,
    "Triggers": [],
    "Execution Time": 127.289
  }
]