{
  "Plan": {
    "Node Type": "Aggregate",
    "Strategy": "Plain",
    "Partial Mode": "Finalize",
    "Parallel Aware": false,
    "Startup Cost": 782131.73,
    "Total Cost": 782131.74,
    "Plan Rows": 1,
    "Plan Width": 32,
    "Actual Startup Time": 7474.475,
    "Actual Total Time": 7561.048,
    "Actual Rows": 1,
    "Actual Loops": 1,
    "Plans": [
      {
        "Node Type": "Gather",
        "Parent Relationship": "Outer",
        "Parallel Aware": false,
        "Startup Cost": 782131.62,
        "Total Cost": 782131.73,
        "Plan Rows": 1,
        "Plan Width": 32,
        "Actual Startup Time": 7461.487,
        "Actual Total Time": 7561.035,
        "Actual Rows": 2,
        "Actual Loops": 1,
        "Workers Planned": 1,
        "Workers Launched": 1,
        "Single Copy": false,
        "Plans": [
          {
            "Node Type": "Aggregate",
            "Strategy": "Plain",
            "Partial Mode": "Partial",
            "Parent Relationship": "Outer",
            "Parallel Aware": false,
            "Startup Cost": 781131.62,
            "Total Cost": 781131.63,
            "Plan Rows": 1,
            "Plan Width": 32,
            "Actual Startup Time": 7455.797,
            "Actual Total Time": 7461.057,
            "Actual Rows": 1,
            "Actual Loops": 2,
            "Plans": [
              {
                "Node Type": "Nested Loop",
                "Parent Relationship": "Outer",
                "Parallel Aware": false,
                "Join Type": "Inner",
                "Startup Cost": 694342.61,
                "Total Cost": 781131.59,
                "Plan Rows": 12,
                "Plan Width": 15,
                "Actual Startup Time": 5346.067,
                "Actual Total Time": 7441.573,
                "Actual Rows": 274312,
                "Actual Loops": 2,
                "Inner Unique": true,
                "Plans": [
                  {
                    "Node Type": "Nested Loop",
                    "Parent Relationship": "Outer",
                    "Parallel Aware": false,
                    "Join Type": "Inner",
                    "Startup Cost": 694342.19,
                    "Total Cost": 781126.26,
                    "Plan Rows": 12,
                    "Plan Width": 19,
                    "Actual Startup Time": 5346.027,
                    "Actual Total Time": 7022.698,
                    "Actual Rows": 274312,
                    "Actual Loops": 2,
                    "Inner Unique": false,
                    "Plans": [
                      {
                        "Node Type": "Hash Join",
                        "Parent Relationship": "Outer",
                        "Parallel Aware": false,
                        "Join Type": "Inner",
                        "Startup Cost": 694341.76,
                        "Total Cost": 781119.42,
                        "Plan Rows": 12,
                        "Plan Width": 27,
                        "Actual Startup Time": 5345.98,
                        "Actual Total Time": 6869.532,
                        "Actual Rows": 37120,
                        "Actual Loops": 2,
                        "Inner Unique": true,
                        "Hash Cond": "(mk.keyword_id = k.id)",
                        "Plans": [
                          {
                            "Node Type": "Hash Join",
                            "Parent Relationship": "Outer",
                            "Parallel Aware": true,
                            "Join Type": "Inner",
                            "Startup Cost": 691715.62,
                            "Total Cost": 774448.64,
                            "Plan Rows": 1540768,
                            "Plan Width": 31,
                            "Actual Startup Time": 5321.723,
                            "Actual Total Time": 6488.724,
                            "Actual Rows": 7488514,
                            "Actual Loops": 2,
                            "Inner Unique": false,
                            "Hash Cond": "(mk.movie_id = ci.movie_id)",
                            "Plans": [
                              {
                                "Node Type": "Seq Scan",
                                "Parent Relationship": "Outer",
                                "Parallel Aware": true,
                                "Relation Name": "movie_keyword",
                                "Alias": "mk",
                                "Startup Cost": 0.0,
                                "Total Cost": 51065.35,
                                "Plan Rows": 2661135,
                                "Plan Width": 8,
                                "Actual Startup Time": 0.017,
                                "Actual Total Time": 167.647,
                                "Actual Rows": 2261965,
                                "Actual Loops": 2
                              },
                              {
                                "Node Type": "Hash",
                                "Parent Relationship": "Inner",
                                "Parallel Aware": true,
                                "Startup Cost": 680952.4,
                                "Total Cost": 680952.4,
                                "Plan Rows": 861058,
                                "Plan Width": 23,
                                "Actual Startup Time": 5312.624,
                                "Actual Total Time": 5317.879,
                                "Actual Rows": 1084532,
                                "Actual Loops": 2,
                                "Hash Buckets": 4194304,
                                "Original Hash Buckets": 2097152,
                                "Hash Batches": 1,
                                "Original Hash Batches": 1,
                                "Peak Memory Usage": 173664,
                                "Plans": [
                                  {
                                    "Node Type": "Hash Join",
                                    "Parent Relationship": "Outer",
                                    "Parallel Aware": true,
                                    "Join Type": "Inner",
                                    "Startup Cost": 156951.85,
                                    "Total Cost": 680952.4,
                                    "Plan Rows": 861058,
                                    "Plan Width": 23,
                                    "Actual Startup Time": 915.339,
                                    "Actual Total Time": 4734.602,
                                    "Actual Rows": 1084532,
                                    "Actual Loops": 2,
                                    "Inner Unique": true,
                                    "Hash Cond": "(ci.movie_id = t.id)",
                                    "Plans": [
                                      {
                                        "Node Type": "Hash Join",
                                        "Parent Relationship": "Outer",
                                        "Parallel Aware": true,
                                        "Join Type": "Inner",
                                        "Startup Cost": 87492.41,
                                        "Total Cost": 609232.69,
                                        "Plan Rows": 861058,
                                        "Plan Width": 19,
                                        "Actual Startup Time": 318.766,
                                        "Actual Total Time": 3479.649,
                                        "Actual Rows": 1084532,
                                        "Actual Loops": 2,
                                        "Inner Unique": true,
                                        "Hash Cond": "(ci.person_id = n.id)",
                                        "Plans": [
                                          {
                                            "Node Type": "Seq Scan",
                                            "Parent Relationship": "Outer",
                                            "Parallel Aware": true,
                                            "Relation Name": "cast_info",
                                            "Alias": "ci",
                                            "Startup Cost": 0.0,
                                            "Total Cost": 465798.46,
                                            "Plan Rows": 21311146,
                                            "Plan Width": 8,
                                            "Actual Startup Time": 0.009,
                                            "Actual Total Time": 1414.65,
                                            "Actual Rows": 18122172,
                                            "Actual Loops": 2
                                          },
                                          {
                                            "Node Type": "Hash",
                                            "Parent Relationship": "Inner",
                                            "Parallel Aware": true,
                                            "Startup Cost": 86254.38,
                                            "Total Cost": 86254.38,
                                            "Plan Rows": 99043,
                                            "Plan Width": 19,
                                            "Actual Startup Time": 318.235,
                                            "Actual Total Time": 318.237,
                                            "Actual Rows": 116744,
                                            "Actual Loops": 2,
                                            "Hash Buckets": 262144,
                                            "Original Hash Buckets": 262144,
                                            "Hash Batches": 1,
                                            "Original Hash Batches": 1,
                                            "Peak Memory Usage": 14784,
                                            "Plans": [
                                              {
                                                "Node Type": "Seq Scan",
                                                "Parent Relationship": "Outer",
                                                "Parallel Aware": true,
                                                "Relation Name": "name",
                                                "Alias": "n",
                                                "Startup Cost": 0.0,
                                                "Total Cost": 86254.38,
                                                "Plan Rows": 99043,
                                                "Plan Width": 19,
                                                "Actual Startup Time": 0.041,
                                                "Actual Total Time": 271.903,
                                                "Actual Rows": 116744,
                                                "Actual Loops": 2,
                                                "Filter": "(name ~~ '%W%'::text)",
                                                "Rows Removed by Filter": 1967002
                                              }
                                            ]
                                          }
                                        ]
                                      },
                                      {
                                        "Node Type": "Hash",
                                        "Parent Relationship": "Inner",
                                        "Parallel Aware": true,
                                        "Startup Cost": 50869.75,
                                        "Total Cost": 50869.75,
                                        "Plan Rows": 1487175,
                                        "Plan Width": 4,
                                        "Actual Startup Time": 581.553,
                                        "Actual Total Time": 581.554,
                                        "Actual Rows": 1264156,
                                        "Actual Loops": 2,
                                        "Hash Buckets": 4194304,
                                        "Original Hash Buckets": 4194304,
                                        "Hash Batches": 1,
                                        "Original Hash Batches": 1,
                                        "Peak Memory Usage": 131680,
                                        "Plans": [
                                          {
                                            "Node Type": "Seq Scan",
                                            "Parent Relationship": "Outer",
                                            "Parallel Aware": true,
                                            "Relation Name": "title",
                                            "Alias": "t",
                                            "Startup Cost": 0.0,
                                            "Total Cost": 50869.75,
                                            "Plan Rows": 1487175,
                                            "Plan Width": 4,
                                            "Actual Startup Time": 0.029,
                                            "Actual Total Time": 158.683,
                                            "Actual Rows": 1264156,
                                            "Actual Loops": 2
                                          }
                                        ]
                                      }
                                    ]
                                  }
                                ]
                              }
                            ]
                          },
                          {
                            "Node Type": "Hash",
                            "Parent Relationship": "Inner",
                            "Parallel Aware": false,
                            "Startup Cost": 2626.12,
                            "Total Cost": 2626.12,
                            "Plan Rows": 1,
                            "Plan Width": 4,
                            "Actual Startup Time": 23.805,
                            "Actual Total Time": 23.806,
                            "Actual Rows": 1,
                            "Actual Loops": 2,
                            "Hash Buckets": 1024,
                            "Original Hash Buckets": 1024,
                            "Hash Batches": 1,
                            "Original Hash Batches": 1,
                            "Peak Memory Usage": 9,
                            "Plans": [
                              {
                                "Node Type": "Seq Scan",
                                "Parent Relationship": "Outer",
                                "Parallel Aware": false,
                                "Relation Name": "keyword",
                                "Alias": "k",
                                "Startup Cost": 0.0,
                                "Total Cost": 2626.12,
                                "Plan Rows": 1,
                                "Plan Width": 4,
                                "Actual Startup Time": 1.734,
                                "Actual Total Time": 23.787,
                                "Actual Rows": 1,
                                "Actual Loops": 2,
                                "Filter": "(keyword = 'character-name-in-title'::text)",
                                "Rows Removed by Filter": 134169
                              }
                            ]
                          }
                        ]
                      },
                      {
                        "Node Type": "Index Scan",
                        "Parent Relationship": "Inner",
                        "Parallel Aware": false,
                        "Scan Direction": "Forward",
                        "Index Name": "movie_id_movie_companies",
                        "Relation Name": "movie_companies",
                        "Alias": "mc",
                        "Startup Cost": 0.43,
                        "Total Cost": 0.52,
                        "Plan Rows": 5,
                        "Plan Width": 8,
                        "Actual Startup Time": 0.002,
                        "Actual Total Time": 0.003,
                        "Actual Rows": 7,
                        "Actual Loops": 74239,
                        "Index Cond": "(movie_id = ci.movie_id)",
                        "Rows Removed by Index Recheck": 0
                      }
                    ]
                  },
                  {
                    "Node Type": "Index Only Scan",
                    "Parent Relationship": "Inner",
                    "Parallel Aware": false,
                    "Scan Direction": "Forward",
                    "Index Name": "company_name_pkey",
                    "Relation Name": "company_name",
                    "Alias": "cn",
                    "Startup Cost": 0.42,
                    "Total Cost": 0.44,
                    "Plan Rows": 1,
                    "Plan Width": 4,
                    "Actual Startup Time": 0.001,
                    "Actual Total Time": 0.001,
                    "Actual Rows": 1,
                    "Actual Loops": 548625,
                    "Index Cond": "(id = mc.company_id)",
                    "Rows Removed by Index Recheck": 0,
                    "Heap Fetches": 548625
                  }
                ]
              }
            ]
          }
        ]
      }
    ]
  },
  "Planning Time": 2.357,
  "Triggers": [],
  "Execution Time": 7561.193
}