[
  {
    "Plan": {
      "Node Type": "Aggregate",
      "Strategy": "Plain",
      "Partial Mode": "Finalize",
      "Parallel Aware": false,
      "Startup Cost": 467125.82,
      "Total Cost": 467125.83,
      "Plan Rows": 1,
      "Plan Width": 8,
      "Actual Startup Time": 2618.233,
      "Actual Total Time": 2670.941,
      "Actual Rows": 1,
      "Actual Loops": 1,
      "Plans": [
        {
          "Node Type": "Gather",
          "Parent Relationship": "Outer",
          "Parallel Aware": false,
          "Startup Cost": 467125.2,
          "Total Cost": 467125.81,
          "Plan Rows": 6,
          "Plan Width": 8,
          "Actual Startup Time": 2576.364,
          "Actual Total Time": 2670.928,
          "Actual Rows": 7,
          "Actual Loops": 1,
          "Workers Planned": 6,
          "Workers Launched": 6,
          "Single Copy": false,
          "Plans": [
            {
              "Node Type": "Aggregate",
              "Strategy": "Plain",
              "Partial Mode": "Partial",
              "Parent Relationship": "Outer",
              "Parallel Aware": false,
              "Startup Cost": 466125.2,
              "Total Cost": 466125.21,
              "Plan Rows": 1,
              "Plan Width": 8,
              "Actual Startup Time": 2543.962,
              "Actual Total Time": 2545.517,
              "Actual Rows": 1,
              "Actual Loops": 7,
              "Plans": [
                {
                  "Node Type": "Hash Join",
                  "Parent Relationship": "Outer",
                  "Parallel Aware": true,
                  "Join Type": "Inner",
                  "Startup Cost": 114749.51,
                  "Total Cost": 459938.82,
                  "Plan Rows": 2474549,
                  "Plan Width": 0,
                  "Actual Startup Time": 636.81,
                  "Actual Total Time": 2139.952,
                  "Actual Rows": 10195515,
                  "Actual Loops": 7,
                  "Inner Unique": false,
                  "Hash Cond": "(ci.movie_id = t.id)",
                  "Plans": [
                    {
                      "Node Type": "Index Scan",
                      "Parent Relationship": "Outer",
                      "Parallel Aware": true,
                      "Scan Direction": "Forward",
                      "Index Name": "role_id_cast_info",
                      "Relation Name": "cast_info",
                      "Alias": "ci",
                      "Startup Cost": 0.56,
                      "Total Cost": 331632.96,
                      "Plan Rows": 1486532,
                      "Plan Width": 4,
                      "Actual Startup Time": 0.244,
                      "Actual Total Time": 330.548,
                      "Actual Rows": 1438515,
                      "Actual Loops": 7,
                      "Index Cond": "(role_id > 3)",
                      "Rows Removed by Index Recheck": 0,
                      "Filter": "(person_id > 993943)",
                      "Rows Removed by Filter": 292005
                    },
                    {
                      "Node Type": "Hash",
                      "Parent Relationship": "Inner",
                      "Parallel Aware": true,
                      "Startup Cost": 97778.32,
                      "Total Cost": 97778.32,
                      "Plan Rows": 1357650,
                      "Plan Width": 8,
                      "Actual Startup Time": 626.908,
                      "Actual Total Time": 628.461,
                      "Actual Rows": 632566,
                      "Actual Loops": 7,
                      "Hash Buckets": 8388608,
                      "Original Hash Buckets": 8388608,
                      "Hash Batches": 1,
                      "Original Hash Batches": 1,
                      "Peak Memory Usage": 238880,
                      "Plans": [
                        {
                          "Node Type": "Hash Join",
                          "Parent Relationship": "Outer",
                          "Parallel Aware": true,
                          "Join Type": "Inner",
                          "Startup Cost": 51254.74,
                          "Total Cost": 97778.32,
                          "Plan Rows": 1357650,
                          "Plan Width": 8,
                          "Actual Startup Time": 239.024,
                          "Actual Total Time": 441.881,
                          "Actual Rows": 632566,
                          "Actual Loops": 7,
                          "Inner Unique": true,
                          "Hash Cond": "(mk.movie_id = t.id)",
                          "Plans": [
                            {
                              "Node Type": "Seq Scan",
                              "Parent Relationship": "Outer",
                              "Parallel Aware": true,
                              "Relation Name": "movie_keyword",
                              "Alias": "mk",
                              "Startup Cost": 0.0,
                              "Total Cost": 42695.65,
                              "Plan Rows": 1458255,
                              "Plan Width": 4,
                              "Actual Startup Time": 0.03,
                              "Actual Total Time": 82.494,
                              "Actual Rows": 645922,
                              "Actual Loops": 7,
                              "Filter": "(keyword_id < 131779)",
                              "Rows Removed by Filter": 354
                            },
                            {
                              "Node Type": "Hash",
                              "Parent Relationship": "Inner",
                              "Parallel Aware": true,
                              "Startup Cost": 43898.92,
                              "Total Cost": 43898.92,
                              "Plan Rows": 588466,
                              "Plan Width": 4,
                              "Actual Startup Time": 235.654,
                              "Actual Total Time": 235.655,
                              "Actual Rows": 336034,
                              "Actual Loops": 7,
                              "Hash Buckets": 4194304,
                              "Original Hash Buckets": 4194304,
                              "Hash Batches": 1,
                              "Original Hash Batches": 1,
                              "Peak Memory Usage": 124928,
                              "Plans": [
                                {
                                  "Node Type": "Seq Scan",
                                  "Parent Relationship": "Outer",
                                  "Parallel Aware": true,
                                  "Relation Name": "title",
                                  "Alias": "t",
                                  "Startup Cost": 0.0,
                                  "Total Cost": 43898.92,
                                  "Plan Rows": 588466,
                                  "Plan Width": 4,
                                  "Actual Startup Time": 0.05,
                                  "Actual Total Time": 80.25,
                                  "Actual Rows": 336034,
                                  "Actual Loops": 7,
                                  "Filter": "(production_year > 1925)",
                                  "Rows Removed by Filter": 25153
                                }
                              ]
                            }
                          ]
                        }
                      ]
                    }
                  ]
                }
              ]
            }
          ]
        }
      ]
    },
    "Planning Time": 1.39,
    "Triggers": [],
    "Execution Time": 2671.034
  }
]