[
  {
    "Plan": {
      "Node Type": "Aggregate",
      "Strategy": "Plain",
      "Partial Mode": "Simple",
      "Parallel Aware": false,
      "Startup Cost": 3092.93,
      "Total Cost": 3092.94,
      "Plan Rows": 1,
      "Plan Width": 8,
      "Actual Startup Time": 4.901,
      "Actual Total Time": 4.905,
      "Actual Rows": 1,
      "Actual Loops": 1,
      "Plans": [
        {
          "Node Type": "Nested Loop",
          "Parent Relationship": "Outer",
          "Parallel Aware": false,
          "Join Type": "Inner",
          "Startup Cost": 7.21,
          "Total Cost": 3092.72,
          "Plan Rows": 86,
          "Plan Width": 0,
          "Actual Startup Time": 0.562,
          "Actual Total Time": 4.801,
          "Actual Rows": 414,
          "Actual Loops": 1,
          "Inner Unique": false,
          "Plans": [
            {
              "Node Type": "Nested Loop",
              "Parent Relationship": "Outer",
              "Parallel Aware": false,
              "Join Type": "Inner",
              "Startup Cost": 6.78,
              "Total Cost": 3006.58,
              "Plan Rows": 158,
              "Plan Width": 8,
              "Actual Startup Time": 0.54,
              "Actual Total Time": 2.959,
              "Actual Rows": 151,
              "Actual Loops": 1,
              "Inner Unique": true,
              "Plans": [
                {
                  "Node Type": "Bitmap Heap Scan",
                  "Parent Relationship": "Outer",
                  "Parallel Aware": false,
                  "Relation Name": "movie_keyword",
                  "Alias": "mk",
                  "Startup Cost": 6.35,
                  "Total Cost": 922.98,
                  "Plan Rows": 248,
                  "Plan Width": 4,
                  "Actual Startup Time": 0.506,
                  "Actual Total Time": 1.032,
                  "Actual Rows": 177,
                  "Actual Loops": 1,
                  "Recheck Cond": "(keyword_id = 3264)",
                  "Rows Removed by Index Recheck": 0,
                  "Exact Heap Blocks": 142,
                  "Lossy Heap Blocks": 0,
                  "Plans": [
                    {
                      "Node Type": "Bitmap Index Scan",
                      "Parent Relationship": "Outer",
                      "Parallel Aware": false,
                      "Index Name": "keyword_id_movie_keyword",
                      "Startup Cost": 0.0,
                      "Total Cost": 6.29,
                      "Plan Rows": 248,
                      "Plan Width": 0,
                      "Actual Startup Time": 0.415,
                      "Actual Total Time": 0.416,
                      "Actual Rows": 177,
                      "Actual Loops": 1,
                      "Index Cond": "(keyword_id = 3264)"
                    }
                  ]
                },
                {
                  "Node Type": "Index Scan",
                  "Parent Relationship": "Inner",
                  "Parallel Aware": false,
                  "Scan Direction": "Forward",
                  "Index Name": "title_pkey",
                  "Relation Name": "title",
                  "Alias": "t",
                  "Startup Cost": 0.43,
                  "Total Cost": 8.4,
                  "Plan Rows": 1,
                  "Plan Width": 4,
                  "Actual Startup Time": 0.01,
                  "Actual Total Time": 0.01,
                  "Actual Rows": 1,
                  "Actual Loops": 177,
                  "Index Cond": "(id = mk.movie_id)",
                  "Rows Removed by Index Recheck": 0,
                  "Filter": "(production_year > 1995)",
                  "Rows Removed by Filter": 0
                }
              ]
            },
            {
              "Node Type": "Index Only Scan",
              "Parent Relationship": "Inner",
              "Parallel Aware": false,
              "Scan Direction": "Forward",
              "Index Name": "movie_id_movie_info_idx",
              "Relation Name": "movie_info_idx",
              "Alias": "mi_idx",
              "Startup Cost": 0.43,
              "Total Cost": 0.52,
              "Plan Rows": 3,
              "Plan Width": 4,
              "Actual Startup Time": 0.009,
              "Actual Total Time": 0.011,
              "Actual Rows": 3,
              "Actual Loops": 151,
              "Index Cond": "(movie_id = t.id)",
              "Rows Removed by Index Recheck": 0,
              "Heap Fetches": 414
            }
          ]
        }
      ]
    },
    "Planning Time": 1.307,
    "Triggers": [],
    "Execution Time": 5.0
  }
]