[
  {
    "Plan": {
      "Node Type": "Aggregate",
      "Strategy": "Plain",
      "Partial Mode": "Finalize",
      "Parallel Aware": false,
      "Startup Cost": 65795.37,
      "Total Cost": 65795.38,
      "Plan Rows": 1,
      "Plan Width": 8,
      "Actual Startup Time": 89.85,
      "Actual Total Time": 95.265,
      "Actual Rows": 1,
      "Actual Loops": 1,
      "Plans": [
        {
          "Node Type": "Gather",
          "Parent Relationship": "Outer",
          "Parallel Aware": false,
          "Startup Cost": 65795.05,
          "Total Cost": 65795.36,
          "Plan Rows": 3,
          "Plan Width": 8,
          "Actual Startup Time": 89.49,
          "Actual Total Time": 95.227,
          "Actual Rows": 4,
          "Actual Loops": 1,
          "Workers Planned": 3,
          "Workers Launched": 3,
          "Single Copy": false,
          "Plans": [
            {
              "Node Type": "Aggregate",
              "Strategy": "Plain",
              "Partial Mode": "Partial",
              "Parent Relationship": "Outer",
              "Parallel Aware": false,
              "Startup Cost": 64795.05,
              "Total Cost": 64795.06,
              "Plan Rows": 1,
              "Plan Width": 8,
              "Actual Startup Time": 79.795,
              "Actual Total Time": 79.8,
              "Actual Rows": 1,
              "Actual Loops": 4,
              "Plans": [
                {
                  "Node Type": "Hash Join",
                  "Parent Relationship": "Outer",
                  "Parallel Aware": true,
                  "Join Type": "Inner",
                  "Startup Cost": 39269.96,
                  "Total Cost": 64794.29,
                  "Plan Rows": 303,
                  "Plan Width": 0,
                  "Actual Startup Time": 63.974,
                  "Actual Total Time": 79.75,
                  "Actual Rows": 385,
                  "Actual Loops": 4,
                  "Inner Unique": true,
                  "Hash Cond": "(mk.movie_id = t.id)",
                  "Plans": [
                    {
                      "Node Type": "Bitmap Heap Scan",
                      "Parent Relationship": "Outer",
                      "Parallel Aware": true,
                      "Relation Name": "movie_keyword",
                      "Alias": "mk",
                      "Startup Cost": 869.14,
                      "Total Cost": 26358.87,
                      "Plan Rows": 13183,
                      "Plan Width": 4,
                      "Actual Startup Time": 4.213,
                      "Actual Total Time": 22.013,
                      "Actual Rows": 10460,
                      "Actual Loops": 4,
                      "Recheck Cond": "(keyword_id = 117)",
                      "Rows Removed by Index Recheck": 0,
                      "Exact Heap Blocks": 5661,
                      "Lossy Heap Blocks": 0,
                      "Plans": [
                        {
                          "Node Type": "Bitmap Index Scan",
                          "Parent Relationship": "Outer",
                          "Parallel Aware": false,
                          "Index Name": "keyword_id_movie_keyword",
                          "Startup Cost": 0.0,
                          "Total Cost": 858.93,
                          "Plan Rows": 40866,
                          "Plan Width": 0,
                          "Actual Startup Time": 2.506,
                          "Actual Total Time": 2.507,
                          "Actual Rows": 41840,
                          "Actual Loops": 1,
                          "Index Cond": "(keyword_id = 117)"
                        }
                      ]
                    },
                    {
                      "Node Type": "Hash",
                      "Parent Relationship": "Inner",
                      "Parallel Aware": true,
                      "Startup Cost": 38219.03,
                      "Total Cost": 38219.03,
                      "Plan Rows": 14543,
                      "Plan Width": 4,
                      "Actual Startup Time": 53.396,
                      "Actual Total Time": 53.399,
                      "Actual Rows": 11640,
                      "Actual Loops": 4,
                      "Hash Buckets": 65536,
                      "Original Hash Buckets": 65536,
                      "Hash Batches": 1,
                      "Original Hash Batches": 1,
                      "Peak Memory Usage": 2400,
                      "Plans": [
                        {
                          "Node Type": "Bitmap Heap Scan",
                          "Parent Relationship": "Outer",
                          "Parallel Aware": true,
                          "Relation Name": "title",
                          "Alias": "t",
                          "Startup Cost": 1837.68,
                          "Total Cost": 38219.03,
                          "Plan Rows": 14543,
                          "Plan Width": 4,
                          "Actual Startup Time": 13.243,
                          "Actual Total Time": 48.108,
                          "Actual Rows": 11640,
                          "Actual Loops": 4,
                          "Recheck Cond": "(kind_id = 3)",
                          "Rows Removed by Index Recheck": 0,
                          "Filter": "(production_year > 1999)",
                          "Rows Removed by Filter": 13494,
                          "Exact Heap Blocks": 7642,
                          "Lossy Heap Blocks": 0,
                          "Plans": [
                            {
                              "Node Type": "Bitmap Index Scan",
                              "Parent Relationship": "Outer",
                              "Parallel Aware": false,
                              "Index Name": "kind_id_title",
                              "Startup Cost": 0.0,
                              "Total Cost": 1823.13,
                              "Plan Rows": 102227,
                              "Plan Width": 0,
                              "Actual Startup Time": 15.16,
                              "Actual Total Time": 15.16,
                              "Actual Rows": 100537,
                              "Actual Loops": 1,
                              "Index Cond": "(kind_id = 3)"
                            }
                          ]
                        }
                      ]
                    }
                  ]
                }
              ]
            }
          ]
        }
      ]
    },
    "Planning Time": 0.634,
    "Triggers": [],
    "Execution Time": 95.365
  }
]