{
  "Plan": {
    "Node Type": "Aggregate",
    "Strategy": "Plain",
    "Partial Mode": "Finalize",
    "Parallel Aware": false,
    "Startup Cost": 631739.89,
    "Total Cost": 631739.9,
    "Plan Rows": 1,
    "Plan Width": 8,
    "Actual Startup Time": 1501.66,
    "Actual Total Time": 1521.614,
    "Actual Rows": 1,
    "Actual Loops": 1,
    "Plans": [
      {
        "Node Type": "Gather",
        "Parent Relationship": "Outer",
        "Parallel Aware": false,
        "Startup Cost": 631739.78,
        "Total Cost": 631739.89,
        "Plan Rows": 1,
        "Plan Width": 8,
        "Actual Startup Time": 1496.838,
        "Actual Total Time": 1521.605,
        "Actual Rows": 2,
        "Actual Loops": 1,
        "Workers Planned": 1,
        "Workers Launched": 1,
        "Single Copy": false,
        "Plans": [
          {
            "Node Type": "Aggregate",
            "Strategy": "Plain",
            "Partial Mode": "Partial",
            "Parent Relationship": "Outer",
            "Parallel Aware": false,
            "Startup Cost": 630739.78,
            "Total Cost": 630739.79,
            "Plan Rows": 1,
            "Plan Width": 8,
            "Actual Startup Time": 1490.661,
            "Actual Total Time": 1490.921,
            "Actual Rows": 1,
            "Actual Loops": 2,
            "Plans": [
              {
                "Node Type": "Hash Join",
                "Parent Relationship": "Outer",
                "Parallel Aware": true,
                "Join Type": "Inner",
                "Startup Cost": 336977.15,
                "Total Cost": 629732.12,
                "Plan Rows": 403061,
                "Plan Width": 0,
                "Actual Startup Time": 867.066,
                "Actual Total Time": 1463.783,
                "Actual Rows": 621901,
                "Actual Loops": 2,
                "Inner Unique": false,
                "Hash Cond": "(ci.movie_id = t.id)",
                "Plans": [
                  {
                    "Node Type": "Bitmap Heap Scan",
                    "Parent Relationship": "Outer",
                    "Parallel Aware": true,
                    "Relation Name": "cast_info",
                    "Alias": "ci",
                    "Startup Cost": 87104.15,
                    "Total Cost": 368788.87,
                    "Plan Rows": 2319817,
                    "Plan Width": 4,
                    "Actual Startup Time": 139.34,
                    "Actual Total Time": 359.412,
                    "Actual Rows": 1871922,
                    "Actual Loops": 2,
                    "Recheck Cond": "(person_id > 3378825)",
                    "Rows Removed by Index Recheck": 0,
                    "Exact Heap Blocks": 29367,
                    "Lossy Heap Blocks": 0,
                    "Plans": [
                      {
                        "Node Type": "Bitmap Index Scan",
                        "Parent Relationship": "Outer",
                        "Parallel Aware": false,
                        "Index Name": "person_id_cast_info",
                        "Startup Cost": 0.0,
                        "Total Cost": 86118.23,
                        "Plan Rows": 3943689,
                        "Plan Width": 0,
                        "Actual Startup Time": 130.006,
                        "Actual Total Time": 130.006,
                        "Actual Rows": 3743844,
                        "Actual Loops": 1,
                        "Index Cond": "(person_id > 3378825)"
                      }
                    ]
                  },
                  {
                    "Node Type": "Hash",
                    "Parent Relationship": "Inner",
                    "Parallel Aware": true,
                    "Startup Cost": 246642.97,
                    "Total Cost": 246642.97,
                    "Plan Rows": 258402,
                    "Plan Width": 8,
                    "Actual Startup Time": 722.293,
                    "Actual Total Time": 722.551,
                    "Actual Rows": 186668,
                    "Actual Loops": 2,
                    "Hash Buckets": 524288,
                    "Original Hash Buckets": 524288,
                    "Hash Batches": 1,
                    "Original Hash Batches": 1,
                    "Peak Memory Usage": 18720,
                    "Plans": [
                      {
                        "Node Type": "Hash Join",
                        "Parent Relationship": "Outer",
                        "Parallel Aware": true,
                        "Join Type": "Inner",
                        "Startup Cost": 80458.51,
                        "Total Cost": 246642.97,
                        "Plan Rows": 258402,
                        "Plan Width": 8,
                        "Actual Startup Time": 558.088,
                        "Actual Total Time": 682.025,
                        "Actual Rows": 186668,
                        "Actual Loops": 2,
                        "Inner Unique": true,
                        "Hash Cond": "(mi.movie_id = t.id)",
                        "Plans": [
                          {
                            "Node Type": "Bitmap Heap Scan",
                            "Parent Relationship": "Outer",
                            "Parallel Aware": true,
                            "Relation Name": "movie_info",
                            "Alias": "mi",
                            "Startup Cost": 8535.51,
                            "Total Cost": 173992.52,
                            "Plan Rows": 277121,
                            "Plan Width": 4,
                            "Actual Startup Time": 15.082,
                            "Actual Total Time": 36.039,
                            "Actual Rows": 237222,
                            "Actual Loops": 2,
                            "Recheck Cond": "(info_type_id = 6)",
                            "Rows Removed by Index Recheck": 0,
                            "Exact Heap Blocks": 1631,
                            "Lossy Heap Blocks": 0,
                            "Plans": [
                              {
                                "Node Type": "Bitmap Index Scan",
                                "Parent Relationship": "Outer",
                                "Parallel Aware": false,
                                "Index Name": "info_type_id_movie_info",
                                "Startup Cost": 0.0,
                                "Total Cost": 8417.73,
                                "Plan Rows": 471106,
                                "Plan Width": 0,
                                "Actual Startup Time": 14.631,
                                "Actual Total Time": 14.631,
                                "Actual Rows": 474443,
                                "Actual Loops": 1,
                                "Index Cond": "(info_type_id = 6)"
                              }
                            ]
                          },
                          {
                            "Node Type": "Hash",
                            "Parent Relationship": "Inner",
                            "Parallel Aware": true,
                            "Startup Cost": 54588.39,
                            "Total Cost": 54588.39,
                            "Plan Rows": 1386769,
                            "Plan Width": 4,
                            "Actual Startup Time": 525.498,
                            "Actual Total Time": 525.499,
                            "Actual Rows": 1177512,
                            "Actual Loops": 2,
                            "Hash Buckets": 4194304,
                            "Original Hash Buckets": 4194304,
                            "Hash Batches": 1,
                            "Original Hash Batches": 1,
                            "Peak Memory Usage": 124928,
                            "Plans": [
                              {
                                "Node Type": "Seq Scan",
                                "Parent Relationship": "Outer",
                                "Parallel Aware": true,
                                "Relation Name": "title",
                                "Alias": "t",
                                "Startup Cost": 0.0,
                                "Total Cost": 54588.39,
                                "Plan Rows": 1386769,
                                "Plan Width": 4,
                                "Actual Startup Time": 0.038,
                                "Actual Total Time": 180.464,
                                "Actual Rows": 1177512,
                                "Actual Loops": 2,
                                "Filter": "(production_year > 1924)",
                                "Rows Removed by Filter": 86644
                              }
                            ]
                          }
                        ]
                      }
                    ]
                  }
                ]
              }
            ]
          }
        ]
      }
    ]
  },
  "Planning Time": 0.919,
  "Triggers": [],
  "Execution Time": 1521.73
}