[
  {
    "Plan": {
      "Node Type": "Aggregate",
      "Strategy": "Plain",
      "Partial Mode": "Finalize",
      "Parallel Aware": false,
      "Startup Cost": 38211.43,
      "Total Cost": 38211.44,
      "Plan Rows": 1,
      "Plan Width": 8,
      "Actual Startup Time": 130.784,
      "Actual Total Time": 138.906,
      "Actual Rows": 1,
      "Actual Loops": 1,
      "Plans": [
        {
          "Node Type": "Gather",
          "Parent Relationship": "Outer",
          "Parallel Aware": false,
          "Startup Cost": 38211.11,
          "Total Cost": 38211.42,
          "Plan Rows": 3,
          "Plan Width": 8,
          "Actual Startup Time": 130.493,
          "Actual Total Time": 138.898,
          "Actual Rows": 4,
          "Actual Loops": 1,
          "Workers Planned": 3,
          "Workers Launched": 3,
          "Single Copy": false,
          "Plans": [
            {
              "Node Type": "Aggregate",
              "Strategy": "Plain",
              "Partial Mode": "Partial",
              "Parent Relationship": "Outer",
              "Parallel Aware": false,
              "Startup Cost": 37211.11,
              "Total Cost": 37211.12,
              "Plan Rows": 1,
              "Plan Width": 8,
              "Actual Startup Time": 121.533,
              "Actual Total Time": 121.535,
              "Actual Rows": 1,
              "Actual Loops": 4,
              "Plans": [
                {
                  "Node Type": "Bitmap Heap Scan",
                  "Parent Relationship": "Outer",
                  "Parallel Aware": true,
                  "Relation Name": "movie_keyword",
                  "Alias": "mk",
                  "Startup Cost": 10387.6,
                  "Total Cost": 36816.19,
                  "Plan Rows": 157967,
                  "Plan Width": 0,
                  "Actual Startup Time": 43.069,
                  "Actual Total Time": 114.384,
                  "Actual Rows": 119180,
                  "Actual Loops": 4,
                  "Recheck Cond": "(keyword_id > 37474)",
                  "Rows Removed by Index Recheck": 0,
                  "Exact Heap Blocks": 10576,
                  "Lossy Heap Blocks": 0,
                  "Plans": [
                    {
                      "Node Type": "Bitmap Index Scan",
                      "Parent Relationship": "Outer",
                      "Parallel Aware": false,
                      "Index Name": "keyword_id_movie_keyword",
                      "Startup Cost": 0.0,
                      "Total Cost": 10265.18,
                      "Plan Rows": 489699,
                      "Plan Width": 0,
                      "Actual Startup Time": 47.858,
                      "Actual Total Time": 47.858,
                      "Actual Rows": 476719,
                      "Actual Loops": 1,
                      "Index Cond": "(keyword_id > 37474)"
                    }
                  ]
                }
              ]
            }
          ]
        }
      ]
    },
    "Planning Time": 0.162,
    "Triggers": [],
    "Execution Time": 138.978
  }
]