[
  {
    "Plan": {
      "Node Type": "Aggregate",
      "Strategy": "Plain",
      "Partial Mode": "Finalize",
      "Parallel Aware": false,
      "Startup Cost": 33136.98,
      "Total Cost": 33136.99,
      "Plan Rows": 1,
      "Plan Width": 8,
      "Actual Startup Time": 97.183,
      "Actual Total Time": 103.36,
      "Actual Rows": 1,
      "Actual Loops": 1,
      "Plans": [
        {
          "Node Type": "Gather",
          "Parent Relationship": "Outer",
          "Parallel Aware": false,
          "Startup Cost": 33136.66,
          "Total Cost": 33136.97,
          "Plan Rows": 3,
          "Plan Width": 8,
          "Actual Startup Time": 96.954,
          "Actual Total Time": 103.353,
          "Actual Rows": 4,
          "Actual Loops": 1,
          "Workers Planned": 3,
          "Workers Launched": 3,
          "Single Copy": false,
          "Plans": [
            {
              "Node Type": "Aggregate",
              "Strategy": "Plain",
              "Partial Mode": "Partial",
              "Parent Relationship": "Outer",
              "Parallel Aware": false,
              "Startup Cost": 32136.66,
              "Total Cost": 32136.67,
              "Plan Rows": 1,
              "Plan Width": 8,
              "Actual Startup Time": 88.532,
              "Actual Total Time": 88.533,
              "Actual Rows": 1,
              "Actual Loops": 4,
              "Plans": [
                {
                  "Node Type": "Seq Scan",
                  "Parent Relationship": "Outer",
                  "Parallel Aware": true,
                  "Relation Name": "movie_companies",
                  "Alias": "mc",
                  "Startup Cost": 0.0,
                  "Total Cost": 31414.82,
                  "Plan Rows": 288737,
                  "Plan Width": 0,
                  "Actual Startup Time": 50.563,
                  "Actual Total Time": 82.395,
                  "Actual Rows": 145189,
                  "Actual Loops": 4,
                  "Filter": "((company_id < 25488) AND (company_type_id = 2))",
                  "Rows Removed by Filter": 507093
                }
              ]
            }
          ]
        }
      ]
    },
    "Planning Time": 0.229,
    "Triggers": [],
    "Execution Time": 103.413
  }
]