[
  {
    "Plan": {
      "Node Type": "Aggregate",
      "Strategy": "Plain",
      "Partial Mode": "Finalize",
      "Parallel Aware": false,
      "Startup Cost": 46225.5,
      "Total Cost": 46225.51,
      "Plan Rows": 1,
      "Plan Width": 8,
      "Actual Startup Time": 171.202,
      "Actual Total Time": 180.665,
      "Actual Rows": 1,
      "Actual Loops": 1,
      "Plans": [
        {
          "Node Type": "Gather",
          "Parent Relationship": "Outer",
          "Parallel Aware": false,
          "Startup Cost": 46225.18,
          "Total Cost": 46225.49,
          "Plan Rows": 3,
          "Plan Width": 8,
          "Actual Startup Time": 171.082,
          "Actual Total Time": 180.653,
          "Actual Rows": 4,
          "Actual Loops": 1,
          "Workers Planned": 3,
          "Workers Launched": 3,
          "Single Copy": false,
          "Plans": [
            {
              "Node Type": "Aggregate",
              "Strategy": "Plain",
              "Partial Mode": "Partial",
              "Parent Relationship": "Outer",
              "Parallel Aware": false,
              "Startup Cost": 45225.18,
              "Total Cost": 45225.19,
              "Plan Rows": 1,
              "Plan Width": 8,
              "Actual Startup Time": 164.751,
              "Actual Total Time": 164.752,
              "Actual Rows": 1,
              "Actual Loops": 4,
              "Plans": [
                {
                  "Node Type": "Seq Scan",
                  "Parent Relationship": "Outer",
                  "Parallel Aware": true,
                  "Relation Name": "movie_keyword",
                  "Alias": "mk",
                  "Startup Cost": 0.0,
                  "Total Cost": 42695.65,
                  "Plan Rows": 1011812,
                  "Plan Width": 0,
                  "Actual Startup Time": 0.253,
                  "Actual Total Time": 127.846,
                  "Actual Rows": 781397,
                  "Actual Loops": 4,
                  "Filter": "(keyword_id > 1887)",
                  "Rows Removed by Filter": 349586
                }
              ]
            }
          ]
        }
      ]
    },
    "Planning Time": 0.164,
    "Triggers": [],
    "Execution Time": 180.717
  }
]