[
  {
    "Plan": {
      "Node Type": "Aggregate",
      "Strategy": "Plain",
      "Partial Mode": "Finalize",
      "Parallel Aware": false,
      "Startup Cost": 346428.58,
      "Total Cost": 346428.59,
      "Plan Rows": 1,
      "Plan Width": 8,
      "Actual Startup Time": 616.48,
      "Actual Total Time": 671.455,
      "Actual Rows": 1,
      "Actual Loops": 1,
      "Plans": [
        {
          "Node Type": "Gather",
          "Parent Relationship": "Outer",
          "Parallel Aware": false,
          "Startup Cost": 346427.96,
          "Total Cost": 346428.57,
          "Plan Rows": 6,
          "Plan Width": 8,
          "Actual Startup Time": 616.352,
          "Actual Total Time": 671.445,
          "Actual Rows": 7,
          "Actual Loops": 1,
          "Workers Planned": 6,
          "Workers Launched": 6,
          "Single Copy": false,
          "Plans": [
            {
              "Node Type": "Aggregate",
              "Strategy": "Plain",
              "Partial Mode": "Partial",
              "Parent Relationship": "Outer",
              "Parallel Aware": false,
              "Startup Cost": 345427.96,
              "Total Cost": 345427.97,
              "Plan Rows": 1,
              "Plan Width": 8,
              "Actual Startup Time": 607.608,
              "Actual Total Time": 607.609,
              "Actual Rows": 1,
              "Actual Loops": 7,
              "Plans": [
                {
                  "Node Type": "Seq Scan",
                  "Parent Relationship": "Outer",
                  "Parallel Aware": true,
                  "Relation Name": "cast_info",
                  "Alias": "ci",
                  "Startup Cost": 0.0,
                  "Total Cost": 343257.03,
                  "Plan Rows": 868372,
                  "Plan Width": 0,
                  "Actual Startup Time": 222.018,
                  "Actual Total Time": 593.957,
                  "Actual Rows": 321577,
                  "Actual Loops": 7,
                  "Filter": "((person_id < 792352) AND (role_id > 1))",
                  "Rows Removed by Filter": 4856186
                }
              ]
            }
          ]
        }
      ]
    },
    "Planning Time": 0.222,
    "Triggers": [],
    "Execution Time": 671.526
  }
]