{
  "Plan": {
    "Node Type": "Aggregate",
    "Strategy": "Plain",
    "Partial Mode": "Simple",
    "Parallel Aware": false,
    "Startup Cost": 3516.44,
    "Total Cost": 3516.45,
    "Plan Rows": 1,
    "Plan Width": 8,
    "Actual Startup Time": 0.771,
    "Actual Total Time": 0.774,
    "Actual Rows": 1,
    "Actual Loops": 1,
    "Plans": [
      {
        "Node Type": "Nested Loop",
        "Parent Relationship": "Outer",
        "Parallel Aware": false,
        "Join Type": "Inner",
        "Startup Cost": 7.35,
        "Total Cost": 3515.13,
        "Plan Rows": 525,
        "Plan Width": 0,
        "Actual Startup Time": 0.262,
        "Actual Total Time": 0.762,
        "Actual Rows": 23,
        "Actual Loops": 1,
        "Inner Unique": false,
        "Plans": [
          {
            "Node Type": "Nested Loop",
            "Parent Relationship": "Outer",
            "Parallel Aware": false,
            "Join Type": "Inner",
            "Startup Cost": 6.78,
            "Total Cost": 3005.96,
            "Plan Rows": 248,
            "Plan Width": 8,
            "Actual Startup Time": 0.138,
            "Actual Total Time": 0.27,
            "Actual Rows": 6,
            "Actual Loops": 1,
            "Inner Unique": true,
            "Plans": [
              {
                "Node Type": "Bitmap Heap Scan",
                "Parent Relationship": "Outer",
                "Parallel Aware": false,
                "Relation Name": "movie_keyword",
                "Alias": "mk",
                "Startup Cost": 6.35,
                "Total Cost": 922.98,
                "Plan Rows": 248,
                "Plan Width": 4,
                "Actual Startup Time": 0.11,
                "Actual Total Time": 0.149,
                "Actual Rows": 6,
                "Actual Loops": 1,
                "Recheck Cond": "(keyword_id = 40133)",
                "Rows Removed by Index Recheck": 0,
                "Exact Heap Blocks": 6,
                "Lossy Heap Blocks": 0,
                "Plans": [
                  {
                    "Node Type": "Bitmap Index Scan",
                    "Parent Relationship": "Outer",
                    "Parallel Aware": false,
                    "Index Name": "keyword_id_movie_keyword",
                    "Startup Cost": 0.0,
                    "Total Cost": 6.29,
                    "Plan Rows": 248,
                    "Plan Width": 0,
                    "Actual Startup Time": 0.098,
                    "Actual Total Time": 0.099,
                    "Actual Rows": 6,
                    "Actual Loops": 1,
                    "Index Cond": "(keyword_id = 40133)"
                  }
                ]
              },
              {
                "Node Type": "Index Only Scan",
                "Parent Relationship": "Inner",
                "Parallel Aware": false,
                "Scan Direction": "Forward",
                "Index Name": "title_pkey",
                "Relation Name": "title",
                "Alias": "t",
                "Startup Cost": 0.43,
                "Total Cost": 8.4,
                "Plan Rows": 1,
                "Plan Width": 4,
                "Actual Startup Time": 0.017,
                "Actual Total Time": 0.017,
                "Actual Rows": 1,
                "Actual Loops": 6,
                "Index Cond": "(id = mk.movie_id)",
                "Rows Removed by Index Recheck": 0,
                "Heap Fetches": 6
              }
            ]
          },
          {
            "Node Type": "Index Scan",
            "Parent Relationship": "Inner",
            "Parallel Aware": false,
            "Scan Direction": "Forward",
            "Index Name": "movie_id_cast_info",
            "Relation Name": "cast_info",
            "Alias": "ci",
            "Startup Cost": 0.56,
            "Total Cost": 2.0,
            "Plan Rows": 5,
            "Plan Width": 4,
            "Actual Startup Time": 0.023,
            "Actual Total Time": 0.079,
            "Actual Rows": 4,
            "Actual Loops": 6,
            "Index Cond": "(movie_id = t.id)",
            "Rows Removed by Index Recheck": 0,
            "Filter": "((person_id < 808545) AND (role_id < 4))",
            "Rows Removed by Filter": 14
          }
        ]
      }
    ]
  },
  "Planning Time": 1.037,
  "Triggers": [],
  "Execution Time": 0.867
}