{
  "Plan": {
    "Node Type": "Aggregate",
    "Strategy": "Plain",
    "Partial Mode": "Finalize",
    "Parallel Aware": false,
    "Startup Cost": 443635.74,
    "Total Cost": 443635.75,
    "Plan Rows": 1,
    "Plan Width": 8,
    "Actual Startup Time": 2160.103,
    "Actual Total Time": 2191.369,
    "Actual Rows": 1,
    "Actual Loops": 1,
    "Plans": [
      {
        "Node Type": "Gather",
        "Parent Relationship": "Outer",
        "Parallel Aware": false,
        "Startup Cost": 443635.63,
        "Total Cost": 443635.74,
        "Plan Rows": 1,
        "Plan Width": 8,
        "Actual Startup Time": 2159.767,
        "Actual Total Time": 2191.361,
        "Actual Rows": 2,
        "Actual Loops": 1,
        "Workers Planned": 1,
        "Workers Launched": 1,
        "Single Copy": false,
        "Plans": [
          {
            "Node Type": "Aggregate",
            "Strategy": "Plain",
            "Partial Mode": "Partial",
            "Parent Relationship": "Outer",
            "Parallel Aware": false,
            "Startup Cost": 442635.63,
            "Total Cost": 442635.64,
            "Plan Rows": 1,
            "Plan Width": 8,
            "Actual Startup Time": 2153.02,
            "Actual Total Time": 2153.024,
            "Actual Rows": 1,
            "Actual Loops": 2,
            "Plans": [
              {
                "Node Type": "Hash Join",
                "Parent Relationship": "Outer",
                "Parallel Aware": true,
                "Join Type": "Inner",
                "Startup Cost": 40016.73,
                "Total Cost": 441911.23,
                "Plan Rows": 289759,
                "Plan Width": 0,
                "Actual Startup Time": 77.174,
                "Actual Total Time": 2139.87,
                "Actual Rows": 225438,
                "Actual Loops": 2,
                "Inner Unique": true,
                "Hash Cond": "(ci.movie_id = t.id)",
                "Plans": [
                  {
                    "Node Type": "Index Scan",
                    "Parent Relationship": "Outer",
                    "Parallel Aware": true,
                    "Scan Direction": "Forward",
                    "Index Name": "role_id_cast_info",
                    "Relation Name": "cast_info",
                    "Alias": "ci",
                    "Startup Cost": 0.56,
                    "Total Cost": 382631.05,
                    "Plan Rows": 7338659,
                    "Plan Width": 4,
                    "Actual Startup Time": 0.054,
                    "Actual Total Time": 1076.994,
                    "Actual Rows": 6335344,
                    "Actual Loops": 2,
                    "Index Cond": "(role_id = 1)",
                    "Rows Removed by Index Recheck": 0
                  },
                  {
                    "Node Type": "Hash",
                    "Parent Relationship": "Inner",
                    "Parallel Aware": true,
                    "Startup Cost": 39282.14,
                    "Total Cost": 39282.14,
                    "Plan Rows": 58722,
                    "Plan Width": 4,
                    "Actual Startup Time": 75.302,
                    "Actual Total Time": 75.303,
                    "Actual Rows": 52287,
                    "Actual Loops": 2,
                    "Hash Buckets": 131072,
                    "Original Hash Buckets": 131072,
                    "Hash Batches": 1,
                    "Original Hash Batches": 1,
                    "Peak Memory Usage": 5152,
                    "Plans": [
                      {
                        "Node Type": "Bitmap Heap Scan",
                        "Parent Relationship": "Outer",
                        "Parallel Aware": true,
                        "Relation Name": "title",
                        "Alias": "t",
                        "Startup Cost": 2205.89,
                        "Total Cost": 39282.14,
                        "Plan Rows": 58722,
                        "Plan Width": 4,
                        "Actual Startup Time": 17.39,
                        "Actual Total Time": 60.333,
                        "Actual Rows": 52287,
                        "Actual Loops": 2,
                        "Recheck Cond": "(kind_id = 4)",
                        "Rows Removed by Index Recheck": 0,
                        "Filter": "(production_year < 2011)",
                        "Rows Removed by Filter": 6830,
                        "Exact Heap Blocks": 10023,
                        "Lossy Heap Blocks": 0,
                        "Plans": [
                          {
                            "Node Type": "Bitmap Index Scan",
                            "Parent Relationship": "Outer",
                            "Parallel Aware": false,
                            "Index Name": "kind_id_title",
                            "Startup Cost": 0.0,
                            "Total Cost": 2180.94,
                            "Plan Rows": 122201,
                            "Plan Width": 0,
                            "Actual Startup Time": 16.989,
                            "Actual Total Time": 16.99,
                            "Actual Rows": 118234,
                            "Actual Loops": 1,
                            "Index Cond": "(kind_id = 4)"
                          }
                        ]
                      }
                    ]
                  }
                ]
              }
            ]
          }
        ]
      }
    ]
  },
  "Planning Time": 0.492,
  "Triggers": [],
  "Execution Time": 2191.47
}