[
  {
    "Plan": {
      "Node Type": "Aggregate",
      "Strategy": "Plain",
      "Partial Mode": "Finalize",
      "Parallel Aware": false,
      "Startup Cost": 754830.15,
      "Total Cost": 754830.16,
      "Plan Rows": 1,
      "Plan Width": 64,
      "Actual Startup Time": 4198.971,
      "Actual Total Time": 4398.77,
      "Actual Rows": 1,
      "Actual Loops": 1,
      "Plans": [
        {
          "Node Type": "Gather",
          "Parent Relationship": "Outer",
          "Parallel Aware": false,
          "Startup Cost": 754830.04,
          "Total Cost": 754830.15,
          "Plan Rows": 1,
          "Plan Width": 64,
          "Actual Startup Time": 4198.776,
          "Actual Total Time": 4398.758,
          "Actual Rows": 2,
          "Actual Loops": 1,
          "Workers Planned": 1,
          "Workers Launched": 1,
          "Single Copy": false,
          "Plans": [
            {
              "Node Type": "Aggregate",
              "Strategy": "Plain",
              "Partial Mode": "Partial",
              "Parent Relationship": "Outer",
              "Parallel Aware": false,
              "Startup Cost": 753830.04,
              "Total Cost": 753830.05,
              "Plan Rows": 1,
              "Plan Width": 64,
              "Actual Startup Time": 4191.131,
              "Actual Total Time": 4191.159,
              "Actual Rows": 1,
              "Actual Loops": 2,
              "Plans": [
                {
                  "Node Type": "Hash Join",
                  "Parent Relationship": "Outer",
                  "Parallel Aware": false,
                  "Join Type": "Inner",
                  "Startup Cost": 748919.09,
                  "Total Cost": 753830.03,
                  "Plan Rows": 1,
                  "Plan Width": 32,
                  "Actual Startup Time": 4183.664,
                  "Actual Total Time": 4191.148,
                  "Actual Rows": 0,
                  "Actual Loops": 2,
                  "Inner Unique": true,
                  "Hash Cond": "(ci.role_id = rt.id)",
                  "Plans": [
                    {
                      "Node Type": "Hash Join",
                      "Parent Relationship": "Outer",
                      "Parallel Aware": true,
                      "Join Type": "Inner",
                      "Startup Cost": 748917.93,
                      "Total Cost": 753828.87,
                      "Plan Rows": 1,
                      "Plan Width": 36,
                      "Actual Startup Time": 4183.162,
                      "Actual Total Time": 4190.644,
                      "Actual Rows": 0,
                      "Actual Loops": 2,
                      "Inner Unique": false,
                      "Hash Cond": "(cn.id = mc.company_id)",
                      "Plans": [
                        {
                          "Node Type": "Seq Scan",
                          "Parent Relationship": "Outer",
                          "Parallel Aware": true,
                          "Relation Name": "company_name",
                          "Alias": "cn",
                          "Startup Cost": 0.0,
                          "Total Cost": 4722.92,
                          "Plan Rows": 50137,
                          "Plan Width": 4,
                          "Actual Startup Time": 0.016,
                          "Actual Total Time": 14.411,
                          "Actual Rows": 42422,
                          "Actual Loops": 2,
                          "Filter": "((country_code)::text = '[us]'::text)",
                          "Rows Removed by Filter": 75077
                        },
                        {
                          "Node Type": "Hash",
                          "Parent Relationship": "Inner",
                          "Parallel Aware": true,
                          "Startup Cost": 748917.91,
                          "Total Cost": 748917.91,
                          "Plan Rows": 1,
                          "Plan Width": 40,
                          "Actual Startup Time": 4173.599,
                          "Actual Total Time": 4173.623,
                          "Actual Rows": 0,
                          "Actual Loops": 2,
                          "Hash Buckets": 1024,
                          "Original Hash Buckets": 1024,
                          "Hash Batches": 1,
                          "Original Hash Batches": 1,
                          "Peak Memory Usage": 40,
                          "Plans": [
                            {
                              "Node Type": "Hash Join",
                              "Parent Relationship": "Outer",
                              "Parallel Aware": true,
                              "Join Type": "Inner",
                              "Startup Cost": 701646.65,
                              "Total Cost": 748917.91,
                              "Plan Rows": 1,
                              "Plan Width": 40,
                              "Actual Startup Time": 4044.57,
                              "Actual Total Time": 4173.548,
                              "Actual Rows": 0,
                              "Actual Loops": 2,
                              "Inner Unique": false,
                              "Hash Cond": "(chn.id = ci.person_role_id)",
                              "Plans": [
                                {
                                  "Node Type": "Seq Scan",
                                  "Parent Relationship": "Outer",
                                  "Parallel Aware": true,
                                  "Relation Name": "char_name",
                                  "Alias": "chn",
                                  "Startup Cost": 0.0,
                                  "Total Cost": 44325.46,
                                  "Plan Rows": 785546,
                                  "Plan Width": 4,
                                  "Actual Startup Time": 0.007,
                                  "Actual Total Time": 170.769,
                                  "Actual Rows": 1570170,
                                  "Actual Loops": 2
                                },
                                {
                                  "Node Type": "Hash",
                                  "Parent Relationship": "Inner",
                                  "Parallel Aware": true,
                                  "Startup Cost": 701646.64,
                                  "Total Cost": 701646.64,
                                  "Plan Rows": 1,
                                  "Plan Width": 44,
                                  "Actual Startup Time": 3911.977,
                                  "Actual Total Time": 3912.0,
                                  "Actual Rows": 0,
                                  "Actual Loops": 2,
                                  "Hash Buckets": 1024,
                                  "Original Hash Buckets": 1024,
                                  "Hash Batches": 1,
                                  "Original Hash Batches": 1,
                                  "Peak Memory Usage": 40,
                                  "Plans": [
                                    {
                                      "Node Type": "Hash Join",
                                      "Parent Relationship": "Outer",
                                      "Parallel Aware": true,
                                      "Join Type": "Inner",
                                      "Startup Cost": 686579.81,
                                      "Total Cost": 701646.64,
                                      "Plan Rows": 1,
                                      "Plan Width": 44,
                                      "Actual Startup Time": 3899.95,
                                      "Actual Total Time": 3911.952,
                                      "Actual Rows": 0,
                                      "Actual Loops": 2,
                                      "Inner Unique": false,
                                      "Hash Cond": "(n.id = ci.person_id)",
                                      "Plans": [
                                        {
                                          "Node Type": "Hash Join",
                                          "Parent Relationship": "Outer",
                                          "Parallel Aware": true,
                                          "Join Type": "Inner",
                                          "Startup Cost": 71240.4,
                                          "Total Cost": 86307.19,
                                          "Plan Rows": 7,
                                          "Plan Width": 23,
                                          "Actual Startup Time": 338.993,
                                          "Actual Total Time": 430.358,
                                          "Actual Rows": 190,
                                          "Actual Loops": 2,
                                          "Inner Unique": true,
                                          "Hash Cond": "(an.person_id = n.id)",
                                          "Plans": [
                                            {
                                              "Node Type": "Seq Scan",
                                              "Parent Relationship": "Outer",
                                              "Parallel Aware": true,
                                              "Relation Name": "aka_name",
                                              "Alias": "an",
                                              "Startup Cost": 0.0,
                                              "Total Cost": 14303.56,
                                              "Plan Rows": 290756,
                                              "Plan Width": 4,
                                              "Actual Startup Time": 0.025,
                                              "Actual Total Time": 55.761,
                                              "Actual Rows": 450672,
                                              "Actual Loops": 2
                                            },
                                            {
                                              "Node Type": "Hash",
                                              "Parent Relationship": "Inner",
                                              "Parallel Aware": true,
                                              "Startup Cost": 71240.1,
                                              "Total Cost": 71240.1,
                                              "Plan Rows": 24,
                                              "Plan Width": 19,
                                              "Actual Startup Time": 338.385,
                                              "Actual Total Time": 338.387,
                                              "Actual Rows": 1045,
                                              "Actual Loops": 2,
                                              "Hash Buckets": 2048,
                                              "Original Hash Buckets": 1024,
                                              "Hash Batches": 1,
                                              "Original Hash Batches": 1,
                                              "Peak Memory Usage": 184,
                                              "Plans": [
                                                {
                                                  "Node Type": "Seq Scan",
                                                  "Parent Relationship": "Outer",
                                                  "Parallel Aware": true,
                                                  "Relation Name": "name",
                                                  "Alias": "n",
                                                  "Startup Cost": 0.0,
                                                  "Total Cost": 71240.1,
                                                  "Plan Rows": 24,
                                                  "Plan Width": 19,
                                                  "Actual Startup Time": 132.54,
                                                  "Actual Total Time": 318.319,
                                                  "Actual Rows": 1045,
                                                  "Actual Loops": 2,
                                                  "Filter": "((name ~~ '%Claire%'::text) AND ((gender)::text = 'f'::text))",
                                                  "Rows Removed by Filter": 2082700
                                                }
                                              ]
                                            }
                                          ]
                                        },
                                        {
                                          "Node Type": "Hash",
                                          "Parent Relationship": "Inner",
                                          "Parallel Aware": true,
                                          "Startup Cost": 615339.39,
                                          "Total Cost": 615339.39,
                                          "Plan Rows": 1,
                                          "Plan Width": 33,
                                          "Actual Startup Time": 3481.474,
                                          "Actual Total Time": 3481.487,
                                          "Actual Rows": 0,
                                          "Actual Loops": 2,
                                          "Hash Buckets": 1024,
                                          "Original Hash Buckets": 1024,
                                          "Hash Batches": 1,
                                          "Original Hash Batches": 1,
                                          "Peak Memory Usage": 40,
                                          "Plans": [
                                            {
                                              "Node Type": "Hash Join",
                                              "Parent Relationship": "Outer",
                                              "Parallel Aware": true,
                                              "Join Type": "Inner",
                                              "Startup Cost": 287174.62,
                                              "Total Cost": 615339.39,
                                              "Plan Rows": 1,
                                              "Plan Width": 33,
                                              "Actual Startup Time": 3112.127,
                                              "Actual Total Time": 3481.439,
                                              "Actual Rows": 0,
                                              "Actual Loops": 2,
                                              "Inner Unique": false,
                                              "Hash Cond": "(ci.movie_id = t.id)",
                                              "Plans": [
                                                {
                                                  "Node Type": "Seq Scan",
                                                  "Parent Relationship": "Outer",
                                                  "Parallel Aware": true,
                                                  "Relation Name": "cast_info",
                                                  "Alias": "ci",
                                                  "Startup Cost": 0.0,
                                                  "Total Cost": 328163.97,
                                                  "Plan Rows": 209,
                                                  "Plan Width": 16,
                                                  "Actual Startup Time": 622.453,
                                                  "Actual Total Time": 1636.36,
                                                  "Actual Rows": 53,
                                                  "Actual Loops": 2,
                                                  "Filter": "(note = '(as Claire)'::text)",
                                                  "Rows Removed by Filter": 18122119
                                                },
                                                {
                                                  "Node Type": "Hash",
                                                  "Parent Relationship": "Inner",
                                                  "Parallel Aware": true,
                                                  "Startup Cost": 287174.61,
                                                  "Total Cost": 287174.61,
                                                  "Plan Rows": 1,
                                                  "Plan Width": 33,
                                                  "Actual Startup Time": 1844.985,
                                                  "Actual Total Time": 1844.995,
                                                  "Actual Rows": 3,
                                                  "Actual Loops": 2,
                                                  "Hash Buckets": 1024,
                                                  "Original Hash Buckets": 1024,
                                                  "Hash Batches": 1,
                                                  "Original Hash Batches": 1,
                                                  "Peak Memory Usage": 40,
                                                  "Plans": [
                                                    {
                                                      "Node Type": "Hash Join",
                                                      "Parent Relationship": "Outer",
                                                      "Parallel Aware": true,
                                                      "Join Type": "Inner",
                                                      "Startup Cost": 80663.98,
                                                      "Total Cost": 287174.61,
                                                      "Plan Rows": 1,
                                                      "Plan Width": 33,
                                                      "Actual Startup Time": 1355.414,
                                                      "Actual Total Time": 1844.964,
                                                      "Actual Rows": 3,
                                                      "Actual Loops": 2,
                                                      "Inner Unique": false,
                                                      "Hash Cond": "(mi.movie_id = t.id)",
                                                      "Plans": [
                                                        {
                                                          "Node Type": "Hash Join",
                                                          "Parent Relationship": "Outer",
                                                          "Parallel Aware": false,
                                                          "Join Type": "Inner",
                                                          "Startup Cost": 2.43,
                                                          "Total Cost": 206513.03,
                                                          "Plan Rows": 3,
                                                          "Plan Width": 4,
                                                          "Actual Startup Time": 353.833,
                                                          "Actual Total Time": 1336.806,
                                                          "Actual Rows": 34739,
                                                          "Actual Loops": 2,
                                                          "Inner Unique": true,
                                                          "Hash Cond": "(mi.info_type_id = it.id)",
                                                          "Plans": [
                                                            {
                                                              "Node Type": "Seq Scan",
                                                              "Parent Relationship": "Outer",
                                                              "Parallel Aware": true,
                                                              "Relation Name": "movie_info",
                                                              "Alias": "mi",
                                                              "Startup Cost": 0.0,
                                                              "Total Cost": 206509.76,
                                                              "Plan Rows": 309,
                                                              "Plan Width": 8,
                                                              "Actual Startup Time": 353.739,
                                                              "Actual Total Time": 1329.597,
                                                              "Actual Rows": 34739,
                                                              "Actual Loops": 2,
                                                              "Filter": "((info IS NOT NULL) AND ((info ~~ 'Japan:%2007%'::text) OR (info ~~ 'USA:%2008%'::text)))",
                                                              "Rows Removed by Filter": 7383121
                                                            },
                                                            {
                                                              "Node Type": "Hash",
                                                              "Parent Relationship": "Inner",
                                                              "Parallel Aware": false,
                                                              "Startup Cost": 2.41,
                                                              "Total Cost": 2.41,
                                                              "Plan Rows": 1,
                                                              "Plan Width": 4,
                                                              "Actual Startup Time": 0.05,
                                                              "Actual Total Time": 0.051,
                                                              "Actual Rows": 1,
                                                              "Actual Loops": 2,
                                                              "Hash Buckets": 1024,
                                                              "Original Hash Buckets": 1024,
                                                              "Hash Batches": 1,
                                                              "Original Hash Batches": 1,
                                                              "Peak Memory Usage": 9,
                                                              "Plans": [
                                                                {
                                                                  "Node Type": "Seq Scan",
                                                                  "Parent Relationship": "Outer",
                                                                  "Parallel Aware": false,
                                                                  "Relation Name": "info_type",
                                                                  "Alias": "it",
                                                                  "Startup Cost": 0.0,
                                                                  "Total Cost": 2.41,
                                                                  "Plan Rows": 1,
                                                                  "Plan Width": 4,
                                                                  "Actual Startup Time": 0.034,
                                                                  "Actual Total Time": 0.041,
                                                                  "Actual Rows": 1,
                                                                  "Actual Loops": 2,
                                                                  "Filter": "((info)::text = 'release dates'::text)",
                                                                  "Rows Removed by Filter": 112
                                                                }
                                                              ]
                                                            }
                                                          ]
                                                        },
                                                        {
                                                          "Node Type": "Hash",
                                                          "Parent Relationship": "Inner",
                                                          "Parallel Aware": true,
                                                          "Startup Cost": 80661.53,
                                                          "Total Cost": 80661.53,
                                                          "Plan Rows": 2,
                                                          "Plan Width": 29,
                                                          "Actual Startup Time": 504.842,
                                                          "Actual Total Time": 504.846,
                                                          "Actual Rows": 4,
                                                          "Actual Loops": 2,
                                                          "Hash Buckets": 1024,
                                                          "Original Hash Buckets": 1024,
                                                          "Hash Batches": 1,
                                                          "Original Hash Batches": 1,
                                                          "Peak Memory Usage": 72,
                                                          "Plans": [
                                                            {
                                                              "Node Type": "Hash Join",
                                                              "Parent Relationship": "Outer",
                                                              "Parallel Aware": true,
                                                              "Join Type": "Inner",
                                                              "Startup Cost": 47059.27,
                                                              "Total Cost": 80661.53,
                                                              "Plan Rows": 2,
                                                              "Plan Width": 29,
                                                              "Actual Startup Time": 325.194,
                                                              "Actual Total Time": 504.755,
                                                              "Actual Rows": 4,
                                                              "Actual Loops": 2,
                                                              "Inner Unique": true,
                                                              "Hash Cond": "(mc.movie_id = t.id)",
                                                              "Plans": [
                                                                {
                                                                  "Node Type": "Seq Scan",
                                                                  "Parent Relationship": "Outer",
                                                                  "Parallel Aware": true,
                                                                  "Relation Name": "movie_companies",
                                                                  "Alias": "mc",
                                                                  "Startup Cost": 0.0,
                                                                  "Total Cost": 33518.95,
                                                                  "Plan Rows": 31735,
                                                                  "Plan Width": 8,
                                                                  "Actual Startup Time": 0.015,
                                                                  "Actual Total Time": 213.166,
                                                                  "Actual Rows": 99260,
                                                                  "Actual Loops": 2,
                                                                  "Filter": "((note ~~ '%(200%)%'::text) AND ((note ~~ '%(USA)%'::text) OR (note ~~ '%(worldwide)%'::text)))",
                                                                  "Rows Removed by Filter": 1205305
                                                                },
                                                                {
                                                                  "Node Type": "Hash",
                                                                  "Parent Relationship": "Inner",
                                                                  "Parallel Aware": true,
                                                                  "Startup Cost": 47058.86,
                                                                  "Total Cost": 47058.86,
                                                                  "Plan Rows": 33,
                                                                  "Plan Width": 21,
                                                                  "Actual Startup Time": 283.824,
                                                                  "Actual Total Time": 283.825,
                                                                  "Actual Rows": 18,
                                                                  "Actual Loops": 2,
                                                                  "Hash Buckets": 1024,
                                                                  "Original Hash Buckets": 1024,
                                                                  "Hash Batches": 1,
                                                                  "Original Hash Batches": 1,
                                                                  "Peak Memory Usage": 72,
                                                                  "Plans": [
                                                                    {
                                                                      "Node Type": "Seq Scan",
                                                                      "Parent Relationship": "Outer",
                                                                      "Parallel Aware": true,
                                                                      "Relation Name": "title",
                                                                      "Alias": "t",
                                                                      "Startup Cost": 0.0,
                                                                      "Total Cost": 47058.86,
                                                                      "Plan Rows": 33,
                                                                      "Plan Width": 21,
                                                                      "Actual Startup Time": 28.918,
                                                                      "Actual Total Time": 283.756,
                                                                      "Actual Rows": 18,
                                                                      "Actual Loops": 2,
                                                                      "Filter": "((title ~~ '%Anywhere%'::text) AND (production_year >= 2000) AND (production_year <= 2013))",
                                                                      "Rows Removed by Filter": 1264138
                                                                    }
                                                                  ]
                                                                }
                                                              ]
                                                            }
                                                          ]
                                                        }
                                                      ]
                                                    }
                                                  ]
                                                }
                                              ]
                                            }
                                          ]
                                        }
                                      ]
                                    }
                                  ]
                                }
                              ]
                            }
                          ]
                        }
                      ]
                    },
                    {
                      "Node Type": "Hash",
                      "Parent Relationship": "Inner",
                      "Parallel Aware": false,
                      "Startup Cost": 1.15,
                      "Total Cost": 1.15,
                      "Plan Rows": 1,
                      "Plan Width": 4,
                      "Actual Startup Time": 0.082,
                      "Actual Total Time": 0.083,
                      "Actual Rows": 1,
                      "Actual Loops": 2,
                      "Hash Buckets": 1024,
                      "Original Hash Buckets": 1024,
                      "Hash Batches": 1,
                      "Original Hash Batches": 1,
                      "Peak Memory Usage": 9,
                      "Plans": [
                        {
                          "Node Type": "Seq Scan",
                          "Parent Relationship": "Outer",
                          "Parallel Aware": false,
                          "Relation Name": "role_type",
                          "Alias": "rt",
                          "Startup Cost": 0.0,
                          "Total Cost": 1.15,
                          "Plan Rows": 1,
                          "Plan Width": 4,
                          "Actual Startup Time": 0.053,
                          "Actual Total Time": 0.057,
                          "Actual Rows": 1,
                          "Actual Loops": 2,
                          "Filter": "((role)::text = 'actress'::text)",
                          "Rows Removed by Filter": 11
                        }
                      ]
                    }
                  ]
                }
              ]
            }
          ]
        }
      ]
    },
    "Planning Time": 35.684,
    "Triggers": [],
    "Execution Time": 4399.305
  }
]