[
  {
    "Plan": {
      "Node Type": "Aggregate",
      "Strategy": "Plain",
      "Partial Mode": "Finalize",
      "Parallel Aware": false,
      "Startup Cost": 228470.39,
      "Total Cost": 228470.4,
      "Plan Rows": 1,
      "Plan Width": 8,
      "Actual Startup Time": 366.186,
      "Actual Total Time": 382.421,
      "Actual Rows": 1,
      "Actual Loops": 1,
      "Plans": [
        {
          "Node Type": "Gather",
          "Parent Relationship": "Outer",
          "Parallel Aware": false,
          "Startup Cost": 228469.87,
          "Total Cost": 228470.38,
          "Plan Rows": 5,
          "Plan Width": 8,
          "Actual Startup Time": 348.334,
          "Actual Total Time": 382.411,
          "Actual Rows": 6,
          "Actual Loops": 1,
          "Workers Planned": 5,
          "Workers Launched": 5,
          "Single Copy": false,
          "Plans": [
            {
              "Node Type": "Aggregate",
              "Strategy": "Plain",
              "Partial Mode": "Partial",
              "Parent Relationship": "Outer",
              "Parallel Aware": false,
              "Startup Cost": 227469.87,
              "Total Cost": 227469.88,
              "Plan Rows": 1,
              "Plan Width": 8,
              "Actual Startup Time": 333.521,
              "Actual Total Time": 333.525,
              "Actual Rows": 1,
              "Actual Loops": 6,
              "Plans": [
                {
                  "Node Type": "Hash Join",
                  "Parent Relationship": "Outer",
                  "Parallel Aware": true,
                  "Join Type": "Inner",
                  "Startup Cost": 63064.96,
                  "Total Cost": 227183.68,
                  "Plan Rows": 114477,
                  "Plan Width": 0,
                  "Actual Startup Time": 264.839,
                  "Actual Total Time": 329.18,
                  "Actual Rows": 87703,
                  "Actual Loops": 6,
                  "Inner Unique": true,
                  "Hash Cond": "(mi.movie_id = t.id)",
                  "Plans": [
                    {
                      "Node Type": "Bitmap Heap Scan",
                      "Parent Relationship": "Outer",
                      "Parallel Aware": true,
                      "Relation Name": "movie_info",
                      "Alias": "mi",
                      "Startup Cost": 12730.49,
                      "Total Cost": 176480.28,
                      "Plan Rows": 140543,
                      "Plan Width": 4,
                      "Actual Startup Time": 28.499,
                      "Actual Total Time": 48.371,
                      "Actual Rows": 110154,
                      "Actual Loops": 6,
                      "Recheck Cond": "(info_type_id = 18)",
                      "Rows Removed by Index Recheck": 0,
                      "Exact Heap Blocks": 1284,
                      "Lossy Heap Blocks": 0,
                      "Plans": [
                        {
                          "Node Type": "Bitmap Index Scan",
                          "Parent Relationship": "Outer",
                          "Parallel Aware": false,
                          "Index Name": "info_type_id_movie_info",
                          "Startup Cost": 0.0,
                          "Total Cost": 12554.81,
                          "Plan Rows": 702717,
                          "Plan Width": 0,
                          "Actual Startup Time": 27.528,
                          "Actual Total Time": 27.529,
                          "Actual Rows": 660923,
                          "Actual Loops": 1,
                          "Index Cond": "(info_type_id = 18)"
                        }
                      ]
                    },
                    {
                      "Node Type": "Hash",
                      "Parent Relationship": "Inner",
                      "Parallel Aware": true,
                      "Startup Cost": 43898.92,
                      "Total Cost": 43898.92,
                      "Plan Rows": 514844,
                      "Plan Width": 4,
                      "Actual Startup Time": 230.7,
                      "Actual Total Time": 230.701,
                      "Actual Rows": 341120,
                      "Actual Loops": 6,
                      "Hash Buckets": 2097152,
                      "Original Hash Buckets": 2097152,
                      "Hash Batches": 1,
                      "Original Hash Batches": 1,
                      "Peak Memory Usage": 96544,
                      "Plans": [
                        {
                          "Node Type": "Seq Scan",
                          "Parent Relationship": "Outer",
                          "Parallel Aware": true,
                          "Relation Name": "title",
                          "Alias": "t",
                          "Startup Cost": 0.0,
                          "Total Cost": 43898.92,
                          "Plan Rows": 514844,
                          "Plan Width": 4,
                          "Actual Startup Time": 0.042,
                          "Actual Total Time": 86.857,
                          "Actual Rows": 341120,
                          "Actual Loops": 6,
                          "Filter": "(production_year > 1972)",
                          "Rows Removed by Filter": 80265
                        }
                      ]
                    }
                  ]
                }
              ]
            }
          ]
        }
      ]
    },
    "Planning Time": 0.645,
    "Triggers": [],
    "Execution Time": 382.512
  }
]