[
  {
    "Plan": {
      "Node Type": "Aggregate",
      "Strategy": "Plain",
      "Partial Mode": "Finalize",
      "Parallel Aware": false,
      "Startup Cost": 347403.41,
      "Total Cost": 347403.42,
      "Plan Rows": 1,
      "Plan Width": 8,
      "Actual Startup Time": 524.212,
      "Actual Total Time": 561.609,
      "Actual Rows": 1,
      "Actual Loops": 1,
      "Plans": [
        {
          "Node Type": "Gather",
          "Parent Relationship": "Outer",
          "Parallel Aware": false,
          "Startup Cost": 347402.78,
          "Total Cost": 347403.39,
          "Plan Rows": 6,
          "Plan Width": 8,
          "Actual Startup Time": 524.077,
          "Actual Total Time": 561.6,
          "Actual Rows": 7,
          "Actual Loops": 1,
          "Workers Planned": 6,
          "Workers Launched": 6,
          "Single Copy": false,
          "Plans": [
            {
              "Node Type": "Aggregate",
              "Strategy": "Plain",
              "Partial Mode": "Partial",
              "Parent Relationship": "Outer",
              "Parallel Aware": false,
              "Startup Cost": 346402.78,
              "Total Cost": 346402.79,
              "Plan Rows": 1,
              "Plan Width": 8,
              "Actual Startup Time": 516.35,
              "Actual Total Time": 516.352,
              "Actual Rows": 1,
              "Actual Loops": 7,
              "Plans": [
                {
                  "Node Type": "Index Scan",
                  "Parent Relationship": "Outer",
                  "Parallel Aware": true,
                  "Scan Direction": "Forward",
                  "Index Name": "role_id_cast_info",
                  "Relation Name": "cast_info",
                  "Alias": "ci",
                  "Startup Cost": 0.56,
                  "Total Cost": 341155.22,
                  "Plan Rows": 2099026,
                  "Plan Width": 0,
                  "Actual Startup Time": 13.069,
                  "Actual Total Time": 425.579,
                  "Actual Rows": 1775513,
                  "Actual Loops": 7,
                  "Index Cond": "(role_id < 2)",
                  "Rows Removed by Index Recheck": 0,
                  "Filter": "(person_id > 37301)",
                  "Rows Removed by Filter": 34586
                }
              ]
            }
          ]
        }
      ]
    },
    "Planning Time": 0.145,
    "Triggers": [],
    "Execution Time": 561.656
  }
]