[
  {
    "Plan": {
      "Node Type": "Aggregate",
      "Strategy": "Plain",
      "Partial Mode": "Finalize",
      "Parallel Aware": false,
      "Startup Cost": 341387.85,
      "Total Cost": 341387.86,
      "Plan Rows": 1,
      "Plan Width": 8,
      "Actual Startup Time": 519.699,
      "Actual Total Time": 543.64,
      "Actual Rows": 1,
      "Actual Loops": 1,
      "Plans": [
        {
          "Node Type": "Gather",
          "Parent Relationship": "Outer",
          "Parallel Aware": false,
          "Startup Cost": 341387.22,
          "Total Cost": 341387.83,
          "Plan Rows": 6,
          "Plan Width": 8,
          "Actual Startup Time": 519.516,
          "Actual Total Time": 543.628,
          "Actual Rows": 7,
          "Actual Loops": 1,
          "Workers Planned": 6,
          "Workers Launched": 6,
          "Single Copy": false,
          "Plans": [
            {
              "Node Type": "Aggregate",
              "Strategy": "Plain",
              "Partial Mode": "Partial",
              "Parent Relationship": "Outer",
              "Parallel Aware": false,
              "Startup Cost": 340387.22,
              "Total Cost": 340387.23,
              "Plan Rows": 1,
              "Plan Width": 8,
              "Actual Startup Time": 510.942,
              "Actual Total Time": 510.944,
              "Actual Rows": 1,
              "Actual Loops": 7,
              "Plans": [
                {
                  "Node Type": "Index Scan",
                  "Parent Relationship": "Outer",
                  "Parallel Aware": true,
                  "Scan Direction": "Forward",
                  "Index Name": "role_id_cast_info",
                  "Relation Name": "cast_info",
                  "Alias": "ci",
                  "Startup Cost": 0.56,
                  "Total Cost": 335235.55,
                  "Plan Rows": 2060669,
                  "Plan Width": 0,
                  "Actual Startup Time": 16.365,
                  "Actual Total Time": 424.498,
                  "Actual Rows": 1775513,
                  "Actual Loops": 7,
                  "Index Cond": "(role_id < 2)",
                  "Rows Removed by Index Recheck": 0,
                  "Filter": "(person_id > 37301)",
                  "Rows Removed by Filter": 34586
                }
              ]
            }
          ]
        }
      ]
    },
    "Planning Time": 0.303,
    "Triggers": [],
    "Execution Time": 543.707
  }
]