[
  {
    "Plan": {
      "Node Type": "Aggregate",
      "Strategy": "Plain",
      "Partial Mode": "Finalize",
      "Parallel Aware": false,
      "Startup Cost": 43511.13,
      "Total Cost": 43511.14,
      "Plan Rows": 1,
      "Plan Width": 8,
      "Actual Startup Time": 160.495,
      "Actual Total Time": 169.493,
      "Actual Rows": 1,
      "Actual Loops": 1,
      "Plans": [
        {
          "Node Type": "Gather",
          "Parent Relationship": "Outer",
          "Parallel Aware": false,
          "Startup Cost": 43510.81,
          "Total Cost": 43511.12,
          "Plan Rows": 3,
          "Plan Width": 8,
          "Actual Startup Time": 160.268,
          "Actual Total Time": 169.484,
          "Actual Rows": 4,
          "Actual Loops": 1,
          "Workers Planned": 3,
          "Workers Launched": 3,
          "Single Copy": false,
          "Plans": [
            {
              "Node Type": "Aggregate",
              "Strategy": "Plain",
              "Partial Mode": "Partial",
              "Parent Relationship": "Outer",
              "Parallel Aware": false,
              "Startup Cost": 42510.81,
              "Total Cost": 42510.82,
              "Plan Rows": 1,
              "Plan Width": 8,
              "Actual Startup Time": 155.668,
              "Actual Total Time": 155.67,
              "Actual Rows": 1,
              "Actual Loops": 4,
              "Plans": [
                {
                  "Node Type": "Bitmap Heap Scan",
                  "Parent Relationship": "Outer",
                  "Parallel Aware": true,
                  "Relation Name": "movie_keyword",
                  "Alias": "mk",
                  "Startup Cost": 14703.43,
                  "Total Cost": 41951.91,
                  "Plan Rows": 223559,
                  "Plan Width": 0,
                  "Actual Startup Time": 69.298,
                  "Actual Total Time": 146.422,
                  "Actual Rows": 175950,
                  "Actual Loops": 4,
                  "Recheck Cond": "(keyword_id < 586)",
                  "Rows Removed by Index Recheck": 0,
                  "Exact Heap Blocks": 10182,
                  "Lossy Heap Blocks": 0,
                  "Plans": [
                    {
                      "Node Type": "Bitmap Index Scan",
                      "Parent Relationship": "Outer",
                      "Parallel Aware": false,
                      "Index Name": "keyword_id_movie_keyword",
                      "Startup Cost": 0.0,
                      "Total Cost": 14530.17,
                      "Plan Rows": 693032,
                      "Plan Width": 0,
                      "Actual Startup Time": 69.708,
                      "Actual Total Time": 69.709,
                      "Actual Rows": 703798,
                      "Actual Loops": 1,
                      "Index Cond": "(keyword_id < 586)"
                    }
                  ]
                }
              ]
            }
          ]
        }
      ]
    },
    "Planning Time": 0.128,
    "Triggers": [],
    "Execution Time": 169.548
  }
]