[
  {
    "Plan": {
      "Node Type": "Aggregate",
      "Strategy": "Plain",
      "Partial Mode": "Finalize",
      "Parallel Aware": false,
      "Startup Cost": 307782.15,
      "Total Cost": 307782.16,
      "Plan Rows": 1,
      "Plan Width": 8,
      "Actual Startup Time": 1121.842,
      "Actual Total Time": 1173.462,
      "Actual Rows": 1,
      "Actual Loops": 1,
      "Plans": [
        {
          "Node Type": "Gather",
          "Parent Relationship": "Outer",
          "Parallel Aware": false,
          "Startup Cost": 307781.63,
          "Total Cost": 307782.14,
          "Plan Rows": 5,
          "Plan Width": 8,
          "Actual Startup Time": 1107.117,
          "Actual Total Time": 1173.447,
          "Actual Rows": 6,
          "Actual Loops": 1,
          "Workers Planned": 5,
          "Workers Launched": 5,
          "Single Copy": false,
          "Plans": [
            {
              "Node Type": "Aggregate",
              "Strategy": "Plain",
              "Partial Mode": "Partial",
              "Parent Relationship": "Outer",
              "Parallel Aware": false,
              "Startup Cost": 306781.63,
              "Total Cost": 306781.64,
              "Plan Rows": 1,
              "Plan Width": 8,
              "Actual Startup Time": 1099.208,
              "Actual Total Time": 1099.544,
              "Actual Rows": 1,
              "Actual Loops": 6,
              "Plans": [
                {
                  "Node Type": "Hash Join",
                  "Parent Relationship": "Outer",
                  "Parallel Aware": true,
                  "Join Type": "Inner",
                  "Startup Cost": 97606.3,
                  "Total Cost": 304006.67,
                  "Plan Rows": 1109985,
                  "Plan Width": 0,
                  "Actual Startup Time": 378.885,
                  "Actual Total Time": 1080.657,
                  "Actual Rows": 359868,
                  "Actual Loops": 6,
                  "Inner Unique": false,
                  "Hash Cond": "(mi.movie_id = t.id)",
                  "Plans": [
                    {
                      "Node Type": "Seq Scan",
                      "Parent Relationship": "Outer",
                      "Parallel Aware": true,
                      "Relation Name": "movie_info",
                      "Alias": "mi",
                      "Startup Cost": 0.0,
                      "Total Cost": 191685.19,
                      "Plan Rows": 2969219,
                      "Plan Width": 4,
                      "Actual Startup Time": 0.032,
                      "Actual Total Time": 341.573,
                      "Actual Rows": 2472620,
                      "Actual Loops": 6
                    },
                    {
                      "Node Type": "Hash",
                      "Parent Relationship": "Inner",
                      "Parallel Aware": true,
                      "Startup Cost": 93795.0,
                      "Total Cost": 93795.0,
                      "Plan Rows": 304904,
                      "Plan Width": 8,
                      "Actual Startup Time": 376.194,
                      "Actual Total Time": 376.528,
                      "Actual Rows": 36348,
                      "Actual Loops": 6,
                      "Hash Buckets": 1048576,
                      "Original Hash Buckets": 1048576,
                      "Hash Batches": 1,
                      "Original Hash Batches": 1,
                      "Peak Memory Usage": 16800,
                      "Plans": [
                        {
                          "Node Type": "Hash Join",
                          "Parent Relationship": "Outer",
                          "Parallel Aware": true,
                          "Join Type": "Inner",
                          "Startup Cost": 49543.04,
                          "Total Cost": 93795.0,
                          "Plan Rows": 304904,
                          "Plan Width": 8,
                          "Actual Startup Time": 218.936,
                          "Actual Total Time": 357.474,
                          "Actual Rows": 36348,
                          "Actual Loops": 6,
                          "Inner Unique": true,
                          "Hash Cond": "(mk.movie_id = t.id)",
                          "Plans": [
                            {
                              "Node Type": "Seq Scan",
                              "Parent Relationship": "Outer",
                              "Parallel Aware": true,
                              "Relation Name": "movie_keyword",
                              "Alias": "mk",
                              "Startup Cost": 0.0,
                              "Total Cost": 42695.65,
                              "Plan Rows": 592882,
                              "Plan Width": 4,
                              "Actual Startup Time": 0.033,
                              "Actual Total Time": 84.914,
                              "Actual Rows": 306064,
                              "Actual Loops": 6,
                              "Filter": "(keyword_id < 3037)",
                              "Rows Removed by Filter": 447925
                            },
                            {
                              "Node Type": "Hash",
                              "Parent Relationship": "Inner",
                              "Parallel Aware": true,
                              "Startup Cost": 45479.59,
                              "Total Cost": 45479.59,
                              "Plan Rows": 325076,
                              "Plan Width": 4,
                              "Actual Startup Time": 215.676,
                              "Actual Total Time": 215.678,
                              "Actual Rows": 229048,
                              "Actual Loops": 6,
                              "Hash Buckets": 2097152,
                              "Original Hash Buckets": 2097152,
                              "Hash Batches": 1,
                              "Original Hash Batches": 1,
                              "Peak Memory Usage": 70272,
                              "Plans": [
                                {
                                  "Node Type": "Seq Scan",
                                  "Parent Relationship": "Outer",
                                  "Parallel Aware": true,
                                  "Relation Name": "title",
                                  "Alias": "t",
                                  "Startup Cost": 0.0,
                                  "Total Cost": 45479.59,
                                  "Plan Rows": 325076,
                                  "Plan Width": 4,
                                  "Actual Startup Time": 0.067,
                                  "Actual Total Time": 96.744,
                                  "Actual Rows": 229048,
                                  "Actual Loops": 6,
                                  "Filter": "((production_year > 1967) AND (kind_id = 7))",
                                  "Rows Removed by Filter": 192338
                                }
                              ]
                            }
                          ]
                        }
                      ]
                    }
                  ]
                }
              ]
            }
          ]
        }
      ]
    },
    "Planning Time": 0.594,
    "Triggers": [],
    "Execution Time": 1173.518
  }
]