{
  "Plan": {
    "Node Type": "Aggregate",
    "Strategy": "Plain",
    "Partial Mode": "Finalize",
    "Parallel Aware": false,
    "Startup Cost": 111911.65,
    "Total Cost": 111911.66,
    "Plan Rows": 1,
    "Plan Width": 8,
    "Actual Startup Time": 314.958,
    "Actual Total Time": 334.545,
    "Actual Rows": 1,
    "Actual Loops": 1,
    "Plans": [
      {
        "Node Type": "Gather",
        "Parent Relationship": "Outer",
        "Parallel Aware": false,
        "Startup Cost": 111911.54,
        "Total Cost": 111911.65,
        "Plan Rows": 1,
        "Plan Width": 8,
        "Actual Startup Time": 314.353,
        "Actual Total Time": 334.535,
        "Actual Rows": 2,
        "Actual Loops": 1,
        "Workers Planned": 1,
        "Workers Launched": 1,
        "Single Copy": false,
        "Plans": [
          {
            "Node Type": "Aggregate",
            "Strategy": "Plain",
            "Partial Mode": "Partial",
            "Parent Relationship": "Outer",
            "Parallel Aware": false,
            "Startup Cost": 110911.54,
            "Total Cost": 110911.55,
            "Plan Rows": 1,
            "Plan Width": 8,
            "Actual Startup Time": 308.147,
            "Actual Total Time": 308.151,
            "Actual Rows": 1,
            "Actual Loops": 2,
            "Plans": [
              {
                "Node Type": "Nested Loop",
                "Parent Relationship": "Outer",
                "Parallel Aware": false,
                "Join Type": "Inner",
                "Startup Cost": 56610.89,
                "Total Cost": 110881.85,
                "Plan Rows": 11876,
                "Plan Width": 0,
                "Actual Startup Time": 149.067,
                "Actual Total Time": 306.909,
                "Actual Rows": 25392,
                "Actual Loops": 2,
                "Inner Unique": false,
                "Join Filter": "(t.id = mk.movie_id)",
                "Rows Removed by Join Filter": 0,
                "Plans": [
                  {
                    "Node Type": "Hash Join",
                    "Parent Relationship": "Outer",
                    "Parallel Aware": true,
                    "Join Type": "Inner",
                    "Startup Cost": 56610.45,
                    "Total Cost": 74794.24,
                    "Plan Rows": 22007,
                    "Plan Width": 8,
                    "Actual Startup Time": 146.204,
                    "Actual Total Time": 251.101,
                    "Actual Rows": 16510,
                    "Actual Loops": 2,
                    "Inner Unique": true,
                    "Hash Cond": "(mi_idx.movie_id = t.id)",
                    "Plans": [
                      {
                        "Node Type": "Seq Scan",
                        "Parent Relationship": "Outer",
                        "Parallel Aware": true,
                        "Relation Name": "movie_info_idx",
                        "Alias": "mi_idx",
                        "Startup Cost": 0.0,
                        "Total Cost": 16052.85,
                        "Plan Rows": 811785,
                        "Plan Width": 4,
                        "Actual Startup Time": 0.019,
                        "Actual Total Time": 46.049,
                        "Actual Rows": 690018,
                        "Actual Loops": 2
                      },
                      {
                        "Node Type": "Hash",
                        "Parent Relationship": "Inner",
                        "Parallel Aware": true,
                        "Startup Cost": 56106.48,
                        "Total Cost": 56106.48,
                        "Plan Rows": 40318,
                        "Plan Width": 4,
                        "Actual Startup Time": 143.714,
                        "Actual Total Time": 143.715,
                        "Actual Rows": 34716,
                        "Actual Loops": 2,
                        "Hash Buckets": 131072,
                        "Original Hash Buckets": 131072,
                        "Hash Batches": 1,
                        "Original Hash Batches": 1,
                        "Peak Memory Usage": 3776,
                        "Plans": [
                          {
                            "Node Type": "Bitmap Heap Scan",
                            "Parent Relationship": "Outer",
                            "Parallel Aware": true,
                            "Relation Name": "title",
                            "Alias": "t",
                            "Startup Cost": 13456.09,
                            "Total Cost": 56106.48,
                            "Plan Rows": 40318,
                            "Plan Width": 4,
                            "Actual Startup Time": 48.257,
                            "Actual Total Time": 135.797,
                            "Actual Rows": 34716,
                            "Actual Loops": 2,
                            "Recheck Cond": "(kind_id < 3)",
                            "Rows Removed by Index Recheck": 0,
                            "Filter": "(production_year > 2011)",
                            "Rows Removed by Filter": 342123,
                            "Exact Heap Blocks": 27926,
                            "Lossy Heap Blocks": 0,
                            "Plans": [
                              {
                                "Node Type": "Bitmap Index Scan",
                                "Parent Relationship": "Outer",
                                "Parallel Aware": false,
                                "Index Name": "kind_id_title",
                                "Startup Cost": 0.0,
                                "Total Cost": 13438.96,
                                "Plan Rows": 753937,
                                "Plan Width": 0,
                                "Actual Startup Time": 46.13,
                                "Actual Total Time": 46.13,
                                "Actual Rows": 753677,
                                "Actual Loops": 1,
                                "Index Cond": "(kind_id < 3)"
                              }
                            ]
                          }
                        ]
                      }
                    ]
                  },
                  {
                    "Node Type": "Index Scan",
                    "Parent Relationship": "Inner",
                    "Parallel Aware": false,
                    "Scan Direction": "Forward",
                    "Index Name": "movie_id_movie_keyword",
                    "Relation Name": "movie_keyword",
                    "Alias": "mk",
                    "Startup Cost": 0.43,
                    "Total Cost": 1.46,
                    "Plan Rows": 14,
                    "Plan Width": 4,
                    "Actual Startup Time": 0.003,
                    "Actual Total Time": 0.003,
                    "Actual Rows": 2,
                    "Actual Loops": 33021,
                    "Index Cond": "(movie_id = mi_idx.movie_id)",
                    "Rows Removed by Index Recheck": 0,
                    "Filter": "(keyword_id > 12189)",
                    "Rows Removed by Filter": 3
                  }
                ]
              }
            ]
          }
        ]
      }
    ]
  },
  "Planning Time": 0.922,
  "Triggers": [],
  "Execution Time": 334.65
}