[
    {
        "Bao": {
            "Bao prediction": "NaN",
            "Bao recommended hint": "(no hint)"
        }
    },
    {
        "Plan": {
            "Node Type": "Aggregate",
            "Strategy": "Plain",
            "Partial Mode": "Finalize",
            "Parallel Aware": false,
            "Startup Cost": 351141.91,
            "Total Cost": 351141.92,
            "Plan Rows": 1,
            "Plan Width": 8,
            "Actual Startup Time": 726.019,
            "Actual Total Time": 754.652,
            "Actual Rows": 1,
            "Actual Loops": 1,
            "Output": [
                "count(*)"
            ],
            "Plans": [
                {
                    "Node Type": "Gather",
                    "Parent Relationship": "Outer",
                    "Parallel Aware": false,
                    "Startup Cost": 351141.29,
                    "Total Cost": 351141.9,
                    "Plan Rows": 6,
                    "Plan Width": 8,
                    "Actual Startup Time": 725.903,
                    "Actual Total Time": 754.644,
                    "Actual Rows": 7,
                    "Actual Loops": 1,
                    "Output": [
                        "(PARTIAL count(*))"
                    ],
                    "Workers Planned": 6,
                    "Workers Launched": 6,
                    "Single Copy": false,
                    "Plans": [
                        {
                            "Node Type": "Aggregate",
                            "Strategy": "Plain",
                            "Partial Mode": "Partial",
                            "Parent Relationship": "Outer",
                            "Parallel Aware": false,
                            "Startup Cost": 350141.29,
                            "Total Cost": 350141.3,
                            "Plan Rows": 1,
                            "Plan Width": 8,
                            "Actual Startup Time": 715.978,
                            "Actual Total Time": 715.979,
                            "Actual Rows": 1,
                            "Actual Loops": 7,
                            "Output": [
                                "PARTIAL count(*)"
                            ],
                            "Workers": [
                                {
                                    "Worker Number": 0,
                                    "Actual Startup Time": 713.752,
                                    "Actual Total Time": 713.754,
                                    "Actual Rows": 1,
                                    "Actual Loops": 1
                                },
                                {
                                    "Worker Number": 1,
                                    "Actual Startup Time": 713.839,
                                    "Actual Total Time": 713.84,
                                    "Actual Rows": 1,
                                    "Actual Loops": 1
                                },
                                {
                                    "Worker Number": 2,
                                    "Actual Startup Time": 714.266,
                                    "Actual Total Time": 714.266,
                                    "Actual Rows": 1,
                                    "Actual Loops": 1
                                },
                                {
                                    "Worker Number": 3,
                                    "Actual Startup Time": 714.672,
                                    "Actual Total Time": 714.673,
                                    "Actual Rows": 1,
                                    "Actual Loops": 1
                                },
                                {
                                    "Worker Number": 4,
                                    "Actual Startup Time": 714.609,
                                    "Actual Total Time": 714.61,
                                    "Actual Rows": 1,
                                    "Actual Loops": 1
                                },
                                {
                                    "Worker Number": 5,
                                    "Actual Startup Time": 715.254,
                                    "Actual Total Time": 715.255,
                                    "Actual Rows": 1,
                                    "Actual Loops": 1
                                }
                            ],
                            "Plans": [
                                {
                                    "Node Type": "Seq Scan",
                                    "Parent Relationship": "Outer",
                                    "Parallel Aware": true,
                                    "Relation Name": "cast_info",
                                    "Schema": "public",
                                    "Alias": "ci",
                                    "Startup Cost": 0.0,
                                    "Total Cost": 343318.94,
                                    "Plan Rows": 2728939,
                                    "Plan Width": 0,
                                    "Actual Startup Time": 227.692,
                                    "Actual Total Time": 615.315,
                                    "Actual Rows": 2334475,
                                    "Actual Loops": 7,
                                    "Output": [
                                        "id",
                                        "person_id",
                                        "movie_id",
                                        "person_role_id",
                                        "note",
                                        "nr_order",
                                        "role_id"
                                    ],
                                    "Filter": "((ci.person_id > 1970698) AND (ci.role_id < 11))",
                                    "Rows Removed by Filter": 2843289,
                                    "Workers": [
                                        {
                                            "Worker Number": 0,
                                            "Actual Startup Time": 225.476,
                                            "Actual Total Time": 615.087,
                                            "Actual Rows": 2392068,
                                            "Actual Loops": 1
                                        },
                                        {
                                            "Worker Number": 1,
                                            "Actual Startup Time": 225.553,
                                            "Actual Total Time": 615.976,
                                            "Actual Rows": 2340780,
                                            "Actual Loops": 1
                                        },
                                        {
                                            "Worker Number": 2,
                                            "Actual Startup Time": 225.975,
                                            "Actual Total Time": 616.04,
                                            "Actual Rows": 2383708,
                                            "Actual Loops": 1
                                        },
                                        {
                                            "Worker Number": 3,
                                            "Actual Startup Time": 226.387,
                                            "Actual Total Time": 616.611,
                                            "Actual Rows": 2380755,
                                            "Actual Loops": 1
                                        },
                                        {
                                            "Worker Number": 4,
                                            "Actual Startup Time": 226.321,
                                            "Actual Total Time": 616.626,
                                            "Actual Rows": 2343157,
                                            "Actual Loops": 1
                                        },
                                        {
                                            "Worker Number": 5,
                                            "Actual Startup Time": 226.965,
                                            "Actual Total Time": 612.609,
                                            "Actual Rows": 1545119,
                                            "Actual Loops": 1
                                        }
                                    ]
                                }
                            ]
                        }
                    ]
                }
            ]
        },
        "Planning Time": 226.995,
        "Triggers": [],
        "Execution Time": 754.705
    }
]