{
  "Plan": {
    "Node Type": "Aggregate",
    "Strategy": "Plain",
    "Partial Mode": "Finalize",
    "Parallel Aware": false,
    "Startup Cost": 270960.71,
    "Total Cost": 270960.72,
    "Plan Rows": 1,
    "Plan Width": 8,
    "Actual Startup Time": 194.057,
    "Actual Total Time": 223.487,
    "Actual Rows": 1,
    "Actual Loops": 1,
    "Plans": [
      {
        "Node Type": "Gather",
        "Parent Relationship": "Outer",
        "Parallel Aware": false,
        "Startup Cost": 270960.6,
        "Total Cost": 270960.71,
        "Plan Rows": 1,
        "Plan Width": 8,
        "Actual Startup Time": 193.954,
        "Actual Total Time": 223.481,
        "Actual Rows": 2,
        "Actual Loops": 1,
        "Workers Planned": 1,
        "Workers Launched": 1,
        "Single Copy": false,
        "Plans": [
          {
            "Node Type": "Aggregate",
            "Strategy": "Plain",
            "Partial Mode": "Partial",
            "Parent Relationship": "Outer",
            "Parallel Aware": false,
            "Startup Cost": 269960.6,
            "Total Cost": 269960.61,
            "Plan Rows": 1,
            "Plan Width": 8,
            "Actual Startup Time": 189.861,
            "Actual Total Time": 189.863,
            "Actual Rows": 1,
            "Actual Loops": 2,
            "Plans": [
              {
                "Node Type": "Nested Loop",
                "Parent Relationship": "Outer",
                "Parallel Aware": false,
                "Join Type": "Inner",
                "Startup Cost": 0.56,
                "Total Cost": 269927.54,
                "Plan Rows": 13225,
                "Plan Width": 0,
                "Actual Startup Time": 1.635,
                "Actual Total Time": 189.302,
                "Actual Rows": 7387,
                "Actual Loops": 2,
                "Inner Unique": false,
                "Plans": [
                  {
                    "Node Type": "Seq Scan",
                    "Parent Relationship": "Outer",
                    "Parallel Aware": true,
                    "Relation Name": "title",
                    "Alias": "t",
                    "Startup Cost": 0.0,
                    "Total Cost": 54588.39,
                    "Plan Rows": 1685,
                    "Plan Width": 4,
                    "Actual Startup Time": 1.287,
                    "Actual Total Time": 127.254,
                    "Actual Rows": 1538,
                    "Actual Loops": 2,
                    "Filter": "(production_year = 2014)",
                    "Rows Removed by Filter": 1262618
                  },
                  {
                    "Node Type": "Index Scan",
                    "Parent Relationship": "Inner",
                    "Parallel Aware": false,
                    "Scan Direction": "Forward",
                    "Index Name": "movie_id_cast_info",
                    "Relation Name": "cast_info",
                    "Alias": "ci",
                    "Startup Cost": 0.56,
                    "Total Cost": 127.6,
                    "Plan Rows": 20,
                    "Plan Width": 4,
                    "Actual Startup Time": 0.013,
                    "Actual Total Time": 0.04,
                    "Actual Rows": 5,
                    "Actual Loops": 3077,
                    "Index Cond": "(movie_id = t.id)",
                    "Rows Removed by Index Recheck": 0,
                    "Filter": "(role_id < 3)",
                    "Rows Removed by Filter": 8
                  }
                ]
              }
            ]
          }
        ]
      }
    ]
  },
  "Planning Time": 0.452,
  "Triggers": [],
  "Execution Time": 223.566
}