{
  "Plan": {
    "Node Type": "Aggregate",
    "Strategy": "Plain",
    "Partial Mode": "Finalize",
    "Parallel Aware": false,
    "Startup Cost": 166039.94,
    "Total Cost": 166039.95,
    "Plan Rows": 1,
    "Plan Width": 8,
    "Actual Startup Time": 466.574,
    "Actual Total Time": 503.68,
    "Actual Rows": 1,
    "Actual Loops": 1,
    "Plans": [
      {
        "Node Type": "Gather",
        "Parent Relationship": "Outer",
        "Parallel Aware": false,
        "Startup Cost": 166039.83,
        "Total Cost": 166039.94,
        "Plan Rows": 1,
        "Plan Width": 8,
        "Actual Startup Time": 466.213,
        "Actual Total Time": 503.673,
        "Actual Rows": 2,
        "Actual Loops": 1,
        "Workers Planned": 1,
        "Workers Launched": 1,
        "Single Copy": false,
        "Plans": [
          {
            "Node Type": "Aggregate",
            "Strategy": "Plain",
            "Partial Mode": "Partial",
            "Parent Relationship": "Outer",
            "Parallel Aware": false,
            "Startup Cost": 165039.83,
            "Total Cost": 165039.84,
            "Plan Rows": 1,
            "Plan Width": 8,
            "Actual Startup Time": 459.904,
            "Actual Total Time": 459.907,
            "Actual Rows": 1,
            "Actual Loops": 2,
            "Plans": [
              {
                "Node Type": "Nested Loop",
                "Parent Relationship": "Outer",
                "Parallel Aware": false,
                "Join Type": "Inner",
                "Startup Cost": 55095.09,
                "Total Cost": 164729.23,
                "Plan Rows": 124241,
                "Plan Width": 0,
                "Actual Startup Time": 147.285,
                "Actual Total Time": 453.995,
                "Actual Rows": 127220,
                "Actual Loops": 2,
                "Inner Unique": false,
                "Join Filter": "(t.id = mi.movie_id)",
                "Rows Removed by Join Filter": 0,
                "Plans": [
                  {
                    "Node Type": "Hash Join",
                    "Parent Relationship": "Outer",
                    "Parallel Aware": true,
                    "Join Type": "Inner",
                    "Startup Cost": 55094.65,
                    "Total Cost": 114860.95,
                    "Plan Rows": 21248,
                    "Plan Width": 8,
                    "Actual Startup Time": 147.222,
                    "Actual Total Time": 358.687,
                    "Actual Rows": 6780,
                    "Actual Loops": 2,
                    "Inner Unique": true,
                    "Hash Cond": "(mk.movie_id = t.id)",
                    "Plans": [
                      {
                        "Node Type": "Seq Scan",
                        "Parent Relationship": "Outer",
                        "Parallel Aware": true,
                        "Relation Name": "movie_keyword",
                        "Alias": "mk",
                        "Startup Cost": 0.0,
                        "Total Cost": 57718.19,
                        "Plan Rows": 780232,
                        "Plan Width": 4,
                        "Actual Startup Time": 0.012,
                        "Actual Total Time": 157.38,
                        "Actual Rows": 670392,
                        "Actual Loops": 2,
                        "Filter": "(keyword_id < 1749)",
                        "Rows Removed by Filter": 1591572
                      },
                      {
                        "Node Type": "Hash",
                        "Parent Relationship": "Inner",
                        "Parallel Aware": true,
                        "Startup Cost": 54588.39,
                        "Total Cost": 54588.39,
                        "Plan Rows": 40501,
                        "Plan Width": 4,
                        "Actual Startup Time": 144.626,
                        "Actual Total Time": 144.627,
                        "Actual Rows": 33671,
                        "Actual Loops": 2,
                        "Hash Buckets": 131072,
                        "Original Hash Buckets": 131072,
                        "Hash Batches": 1,
                        "Original Hash Batches": 1,
                        "Peak Memory Usage": 3680,
                        "Plans": [
                          {
                            "Node Type": "Seq Scan",
                            "Parent Relationship": "Outer",
                            "Parallel Aware": true,
                            "Relation Name": "title",
                            "Alias": "t",
                            "Startup Cost": 0.0,
                            "Total Cost": 54588.39,
                            "Plan Rows": 40501,
                            "Plan Width": 4,
                            "Actual Startup Time": 0.079,
                            "Actual Total Time": 133.93,
                            "Actual Rows": 33671,
                            "Actual Loops": 2,
                            "Filter": "(production_year > 2012)",
                            "Rows Removed by Filter": 1230485
                          }
                        ]
                      }
                    ]
                  },
                  {
                    "Node Type": "Index Only Scan",
                    "Parent Relationship": "Inner",
                    "Parallel Aware": false,
                    "Scan Direction": "Forward",
                    "Index Name": "movie_id_movie_info",
                    "Relation Name": "movie_info",
                    "Alias": "mi",
                    "Startup Cost": 0.43,
                    "Total Cost": 1.82,
                    "Plan Rows": 42,
                    "Plan Width": 4,
                    "Actual Startup Time": 0.004,
                    "Actual Total Time": 0.012,
                    "Actual Rows": 19,
                    "Actual Loops": 13560,
                    "Index Cond": "(movie_id = mk.movie_id)",
                    "Rows Removed by Index Recheck": 0,
                    "Heap Fetches": 254439
                  }
                ]
              }
            ]
          }
        ]
      }
    ]
  },
  "Planning Time": 0.924,
  "Triggers": [],
  "Execution Time": 503.769
}