[
  {
    "Plan": {
      "Node Type": "Aggregate",
      "Strategy": "Plain",
      "Partial Mode": "Finalize",
      "Parallel Aware": false,
      "Startup Cost": 47138.68,
      "Total Cost": 47138.69,
      "Plan Rows": 1,
      "Plan Width": 8,
      "Actual Startup Time": 102.302,
      "Actual Total Time": 114.911,
      "Actual Rows": 1,
      "Actual Loops": 1,
      "Plans": [
        {
          "Node Type": "Gather",
          "Parent Relationship": "Outer",
          "Parallel Aware": false,
          "Startup Cost": 47138.26,
          "Total Cost": 47138.67,
          "Plan Rows": 4,
          "Plan Width": 8,
          "Actual Startup Time": 102.114,
          "Actual Total Time": 114.89,
          "Actual Rows": 5,
          "Actual Loops": 1,
          "Workers Planned": 4,
          "Workers Launched": 4,
          "Single Copy": false,
          "Plans": [
            {
              "Node Type": "Aggregate",
              "Strategy": "Plain",
              "Partial Mode": "Partial",
              "Parent Relationship": "Outer",
              "Parallel Aware": false,
              "Startup Cost": 46138.26,
              "Total Cost": 46138.27,
              "Plan Rows": 1,
              "Plan Width": 8,
              "Actual Startup Time": 97.979,
              "Actual Total Time": 97.981,
              "Actual Rows": 1,
              "Actual Loops": 5,
              "Plans": [
                {
                  "Node Type": "Seq Scan",
                  "Parent Relationship": "Outer",
                  "Parallel Aware": true,
                  "Relation Name": "title",
                  "Alias": "t",
                  "Startup Cost": 0.0,
                  "Total Cost": 45479.59,
                  "Plan Rows": 263468,
                  "Plan Width": 0,
                  "Actual Startup Time": 0.024,
                  "Actual Total Time": 87.118,
                  "Actual Rows": 228426,
                  "Actual Loops": 5,
                  "Filter": "((kind_id > 4) AND (production_year > 1992))",
                  "Rows Removed by Filter": 277236
                }
              ]
            }
          ]
        }
      ]
    },
    "Planning Time": 0.097,
    "Triggers": [],
    "Execution Time": 114.949
  }
]