[
  {
    "Plan": {
      "Node Type": "Aggregate",
      "Strategy": "Plain",
      "Partial Mode": "Finalize",
      "Parallel Aware": false,
      "Startup Cost": 32640.47,
      "Total Cost": 32640.48,
      "Plan Rows": 1,
      "Plan Width": 8,
      "Actual Startup Time": 91.604,
      "Actual Total Time": 99.711,
      "Actual Rows": 1,
      "Actual Loops": 1,
      "Plans": [
        {
          "Node Type": "Gather",
          "Parent Relationship": "Outer",
          "Parallel Aware": false,
          "Startup Cost": 32640.16,
          "Total Cost": 32640.47,
          "Plan Rows": 3,
          "Plan Width": 8,
          "Actual Startup Time": 91.502,
          "Actual Total Time": 99.703,
          "Actual Rows": 4,
          "Actual Loops": 1,
          "Workers Planned": 3,
          "Workers Launched": 3,
          "Single Copy": false,
          "Plans": [
            {
              "Node Type": "Aggregate",
              "Strategy": "Plain",
              "Partial Mode": "Partial",
              "Parent Relationship": "Outer",
              "Parallel Aware": false,
              "Startup Cost": 31640.16,
              "Total Cost": 31640.17,
              "Plan Rows": 1,
              "Plan Width": 8,
              "Actual Startup Time": 83.383,
              "Actual Total Time": 83.384,
              "Actual Rows": 1,
              "Actual Loops": 4,
              "Plans": [
                {
                  "Node Type": "Seq Scan",
                  "Parent Relationship": "Outer",
                  "Parallel Aware": true,
                  "Relation Name": "movie_companies",
                  "Alias": "mc",
                  "Startup Cost": 0.0,
                  "Total Cost": 31414.82,
                  "Plan Rows": 90135,
                  "Plan Width": 0,
                  "Actual Startup Time": 46.332,
                  "Actual Total Time": 77.773,
                  "Actual Rows": 141154,
                  "Actual Loops": 4,
                  "Filter": "((company_id > 71525) AND (company_type_id = 2))",
                  "Rows Removed by Filter": 511128
                }
              ]
            }
          ]
        }
      ]
    },
    "Planning Time": 0.223,
    "Triggers": [],
    "Execution Time": 99.771
  }
]