{
  "Plan": {
    "Node Type": "Aggregate",
    "Strategy": "Plain",
    "Partial Mode": "Finalize",
    "Parallel Aware": false,
    "Startup Cost": 87896.03,
    "Total Cost": 87896.04,
    "Plan Rows": 1,
    "Plan Width": 8,
    "Actual Startup Time": 301.142,
    "Actual Total Time": 316.133,
    "Actual Rows": 1,
    "Actual Loops": 1,
    "Plans": [
      {
        "Node Type": "Gather",
        "Parent Relationship": "Outer",
        "Parallel Aware": false,
        "Startup Cost": 87895.92,
        "Total Cost": 87896.03,
        "Plan Rows": 1,
        "Plan Width": 8,
        "Actual Startup Time": 299.425,
        "Actual Total Time": 316.126,
        "Actual Rows": 2,
        "Actual Loops": 1,
        "Workers Planned": 1,
        "Workers Launched": 1,
        "Single Copy": false,
        "Plans": [
          {
            "Node Type": "Aggregate",
            "Strategy": "Plain",
            "Partial Mode": "Partial",
            "Parent Relationship": "Outer",
            "Parallel Aware": false,
            "Startup Cost": 86895.92,
            "Total Cost": 86895.93,
            "Plan Rows": 1,
            "Plan Width": 8,
            "Actual Startup Time": 293.573,
            "Actual Total Time": 293.576,
            "Actual Rows": 1,
            "Actual Loops": 2,
            "Plans": [
              {
                "Node Type": "Hash Join",
                "Parent Relationship": "Outer",
                "Parallel Aware": true,
                "Join Type": "Inner",
                "Startup Cost": 60858.35,
                "Total Cost": 86880.74,
                "Plan Rows": 6072,
                "Plan Width": 0,
                "Actual Startup Time": 264.643,
                "Actual Total Time": 293.136,
                "Actual Rows": 7228,
                "Actual Loops": 2,
                "Inner Unique": true,
                "Hash Cond": "(mk.movie_id = t.id)",
                "Plans": [
                  {
                    "Node Type": "Bitmap Heap Scan",
                    "Parent Relationship": "Outer",
                    "Parallel Aware": true,
                    "Relation Name": "movie_keyword",
                    "Alias": "mk",
                    "Startup Cost": 737.23,
                    "Total Cost": 26706.06,
                    "Plan Rows": 20402,
                    "Plan Width": 4,
                    "Actual Startup Time": 5.823,
                    "Actual Total Time": 26.215,
                    "Actual Rows": 17355,
                    "Actual Loops": 2,
                    "Recheck Cond": "(keyword_id = 2488)",
                    "Rows Removed by Index Recheck": 0,
                    "Exact Heap Blocks": 10079,
                    "Lossy Heap Blocks": 0,
                    "Plans": [
                      {
                        "Node Type": "Bitmap Index Scan",
                        "Parent Relationship": "Outer",
                        "Parallel Aware": false,
                        "Index Name": "keyword_id_movie_keyword",
                        "Startup Cost": 0.0,
                        "Total Cost": 728.55,
                        "Plan Rows": 34683,
                        "Plan Width": 0,
                        "Actual Startup Time": 3.681,
                        "Actual Total Time": 3.681,
                        "Actual Rows": 34710,
                        "Actual Loops": 1,
                        "Index Cond": "(keyword_id = 2488)"
                      }
                    ]
                  },
                  {
                    "Node Type": "Hash",
                    "Parent Relationship": "Inner",
                    "Parallel Aware": true,
                    "Startup Cost": 54588.39,
                    "Total Cost": 54588.39,
                    "Plan Rows": 442619,
                    "Plan Width": 4,
                    "Actual Startup Time": 249.602,
                    "Actual Total Time": 249.603,
                    "Actual Rows": 377951,
                    "Actual Loops": 2,
                    "Hash Buckets": 1048576,
                    "Original Hash Buckets": 1048576,
                    "Hash Batches": 1,
                    "Original Hash Batches": 1,
                    "Peak Memory Usage": 37792,
                    "Plans": [
                      {
                        "Node Type": "Seq Scan",
                        "Parent Relationship": "Outer",
                        "Parallel Aware": true,
                        "Relation Name": "title",
                        "Alias": "t",
                        "Startup Cost": 0.0,
                        "Total Cost": 54588.39,
                        "Plan Rows": 442619,
                        "Plan Width": 4,
                        "Actual Startup Time": 0.03,
                        "Actual Total Time": 151.85,
                        "Actual Rows": 377951,
                        "Actual Loops": 2,
                        "Filter": "(production_year < 1993)",
                        "Rows Removed by Filter": 886205
                      }
                    ]
                  }
                ]
              }
            ]
          }
        ]
      }
    ]
  },
  "Planning Time": 0.422,
  "Triggers": [],
  "Execution Time": 316.22
}