[
  {
    "Plan": {
      "Node Type": "Aggregate",
      "Strategy": "Plain",
      "Partial Mode": "Finalize",
      "Parallel Aware": false,
      "Startup Cost": 31591.91,
      "Total Cost": 31591.92,
      "Plan Rows": 1,
      "Plan Width": 8,
      "Actual Startup Time": 121.22,
      "Actual Total Time": 127.674,
      "Actual Rows": 1,
      "Actual Loops": 1,
      "Plans": [
        {
          "Node Type": "Gather",
          "Parent Relationship": "Outer",
          "Parallel Aware": false,
          "Startup Cost": 31591.59,
          "Total Cost": 31591.9,
          "Plan Rows": 3,
          "Plan Width": 8,
          "Actual Startup Time": 120.966,
          "Actual Total Time": 127.665,
          "Actual Rows": 4,
          "Actual Loops": 1,
          "Workers Planned": 3,
          "Workers Launched": 3,
          "Single Copy": false,
          "Plans": [
            {
              "Node Type": "Aggregate",
              "Strategy": "Plain",
              "Partial Mode": "Partial",
              "Parent Relationship": "Outer",
              "Parallel Aware": false,
              "Startup Cost": 30591.59,
              "Total Cost": 30591.6,
              "Plan Rows": 1,
              "Plan Width": 8,
              "Actual Startup Time": 113.674,
              "Actual Total Time": 113.675,
              "Actual Rows": 1,
              "Actual Loops": 4,
              "Plans": [
                {
                  "Node Type": "Seq Scan",
                  "Parent Relationship": "Outer",
                  "Parallel Aware": true,
                  "Relation Name": "movie_companies",
                  "Alias": "mc",
                  "Startup Cost": 0.0,
                  "Total Cost": 29310.68,
                  "Plan Rows": 512363,
                  "Plan Width": 0,
                  "Actual Startup Time": 7.153,
                  "Actual Total Time": 92.512,
                  "Actual Rows": 396247,
                  "Actual Loops": 4,
                  "Filter": "(company_id > 5486)",
                  "Rows Removed by Filter": 256036
                }
              ]
            }
          ]
        }
      ]
    },
    "Planning Time": 0.131,
    "Triggers": [],
    "Execution Time": 127.717
  }
]