[
  {
    "Plan": {
      "Node Type": "Aggregate",
      "Strategy": "Plain",
      "Partial Mode": "Finalize",
      "Parallel Aware": false,
      "Startup Cost": 31588.69,
      "Total Cost": 31588.7,
      "Plan Rows": 1,
      "Plan Width": 8,
      "Actual Startup Time": 106.127,
      "Actual Total Time": 114.26,
      "Actual Rows": 1,
      "Actual Loops": 1,
      "Plans": [
        {
          "Node Type": "Gather",
          "Parent Relationship": "Outer",
          "Parallel Aware": false,
          "Startup Cost": 31588.37,
          "Total Cost": 31588.68,
          "Plan Rows": 3,
          "Plan Width": 8,
          "Actual Startup Time": 106.031,
          "Actual Total Time": 114.254,
          "Actual Rows": 4,
          "Actual Loops": 1,
          "Workers Planned": 3,
          "Workers Launched": 3,
          "Single Copy": false,
          "Plans": [
            {
              "Node Type": "Aggregate",
              "Strategy": "Plain",
              "Partial Mode": "Partial",
              "Parent Relationship": "Outer",
              "Parallel Aware": false,
              "Startup Cost": 30588.37,
              "Total Cost": 30588.38,
              "Plan Rows": 1,
              "Plan Width": 8,
              "Actual Startup Time": 99.912,
              "Actual Total Time": 99.913,
              "Actual Rows": 1,
              "Actual Loops": 4,
              "Plans": [
                {
                  "Node Type": "Seq Scan",
                  "Parent Relationship": "Outer",
                  "Parallel Aware": true,
                  "Relation Name": "movie_companies",
                  "Alias": "mc",
                  "Startup Cost": 0.0,
                  "Total Cost": 29310.68,
                  "Plan Rows": 511076,
                  "Plan Width": 0,
                  "Actual Startup Time": 6.782,
                  "Actual Total Time": 81.827,
                  "Actual Rows": 396247,
                  "Actual Loops": 4,
                  "Filter": "(company_id > 5486)",
                  "Rows Removed by Filter": 256036
                }
              ]
            }
          ]
        }
      ]
    },
    "Planning Time": 0.122,
    "Triggers": [],
    "Execution Time": 114.298
  }
]