[
    {
        "Bao": {
            "Bao prediction": 450.444,
            "Bao recommended hint": "(no hint)"
        }
    },
    {
        "Plan": {
            "Node Type": "Aggregate",
            "Strategy": "Plain",
            "Partial Mode": "Finalize",
            "Parallel Aware": false,
            "Startup Cost": 44469.77,
            "Total Cost": 44469.78,
            "Plan Rows": 1,
            "Plan Width": 8,
            "Actual Startup Time": 129.04,
            "Actual Total Time": 135.276,
            "Actual Rows": 1,
            "Actual Loops": 1,
            "Output": [
                "count(*)"
            ],
            "Plans": [
                {
                    "Node Type": "Gather",
                    "Parent Relationship": "Outer",
                    "Parallel Aware": false,
                    "Startup Cost": 44469.46,
                    "Total Cost": 44469.77,
                    "Plan Rows": 3,
                    "Plan Width": 8,
                    "Actual Startup Time": 128.958,
                    "Actual Total Time": 135.269,
                    "Actual Rows": 4,
                    "Actual Loops": 1,
                    "Output": [
                        "(PARTIAL count(*))"
                    ],
                    "Workers Planned": 3,
                    "Workers Launched": 3,
                    "Single Copy": false,
                    "Plans": [
                        {
                            "Node Type": "Aggregate",
                            "Strategy": "Plain",
                            "Partial Mode": "Partial",
                            "Parent Relationship": "Outer",
                            "Parallel Aware": false,
                            "Startup Cost": 43469.46,
                            "Total Cost": 43469.47,
                            "Plan Rows": 1,
                            "Plan Width": 8,
                            "Actual Startup Time": 121.268,
                            "Actual Total Time": 121.269,
                            "Actual Rows": 1,
                            "Actual Loops": 4,
                            "Output": [
                                "PARTIAL count(*)"
                            ],
                            "Workers": [
                                {
                                    "Worker Number": 0,
                                    "Actual Startup Time": 118.7,
                                    "Actual Total Time": 118.701,
                                    "Actual Rows": 1,
                                    "Actual Loops": 1
                                },
                                {
                                    "Worker Number": 1,
                                    "Actual Startup Time": 119.043,
                                    "Actual Total Time": 119.044,
                                    "Actual Rows": 1,
                                    "Actual Loops": 1
                                },
                                {
                                    "Worker Number": 2,
                                    "Actual Startup Time": 118.947,
                                    "Actual Total Time": 118.948,
                                    "Actual Rows": 1,
                                    "Actual Loops": 1
                                }
                            ],
                            "Plans": [
                                {
                                    "Node Type": "Seq Scan",
                                    "Parent Relationship": "Outer",
                                    "Parallel Aware": true,
                                    "Relation Name": "movie_keyword",
                                    "Schema": "public",
                                    "Alias": "mk",
                                    "Startup Cost": 0.0,
                                    "Total Cost": 42695.65,
                                    "Plan Rows": 309521,
                                    "Plan Width": 0,
                                    "Actual Startup Time": 4.579,
                                    "Actual Total Time": 107.585,
                                    "Actual Rows": 236410,
                                    "Actual Loops": 4,
                                    "Output": [
                                        "id",
                                        "movie_id",
                                        "keyword_id"
                                    ],
                                    "Filter": "(mk.keyword_id > 20079)",
                                    "Rows Removed by Filter": 894572,
                                    "Workers": [
                                        {
                                            "Worker Number": 0,
                                            "Actual Startup Time": 2.029,
                                            "Actual Total Time": 105.257,
                                            "Actual Rows": 164414,
                                            "Actual Loops": 1
                                        },
                                        {
                                            "Worker Number": 1,
                                            "Actual Startup Time": 2.383,
                                            "Actual Total Time": 105.545,
                                            "Actual Rows": 242589,
                                            "Actual Loops": 1
                                        },
                                        {
                                            "Worker Number": 2,
                                            "Actual Startup Time": 2.253,
                                            "Actual Total Time": 105.818,
                                            "Actual Rows": 240806,
                                            "Actual Loops": 1
                                        }
                                    ]
                                }
                            ]
                        }
                    ]
                }
            ]
        },
        "Planning Time": 1040.583,
        "Triggers": [],
        "Execution Time": 135.385
    }
]