[
  {
    "Plan": {
      "Node Type": "Aggregate",
      "Strategy": "Plain",
      "Partial Mode": "Finalize",
      "Parallel Aware": false,
      "Startup Cost": 241376.04,
      "Total Cost": 241376.05,
      "Plan Rows": 1,
      "Plan Width": 8,
      "Actual Startup Time": 367.842,
      "Actual Total Time": 380.259,
      "Actual Rows": 1,
      "Actual Loops": 1,
      "Plans": [
        {
          "Node Type": "Gather",
          "Parent Relationship": "Outer",
          "Parallel Aware": false,
          "Startup Cost": 241375.51,
          "Total Cost": 241376.02,
          "Plan Rows": 5,
          "Plan Width": 8,
          "Actual Startup Time": 360.174,
          "Actual Total Time": 380.249,
          "Actual Rows": 6,
          "Actual Loops": 1,
          "Workers Planned": 5,
          "Workers Launched": 5,
          "Single Copy": false,
          "Plans": [
            {
              "Node Type": "Aggregate",
              "Strategy": "Plain",
              "Partial Mode": "Partial",
              "Parent Relationship": "Outer",
              "Parallel Aware": false,
              "Startup Cost": 240375.51,
              "Total Cost": 240375.52,
              "Plan Rows": 1,
              "Plan Width": 8,
              "Actual Startup Time": 351.326,
              "Actual Total Time": 351.452,
              "Actual Rows": 1,
              "Actual Loops": 6,
              "Plans": [
                {
                  "Node Type": "Hash Join",
                  "Parent Relationship": "Outer",
                  "Parallel Aware": true,
                  "Join Type": "Inner",
                  "Startup Cost": 73883.14,
                  "Total Cost": 240091.64,
                  "Plan Rows": 113549,
                  "Plan Width": 0,
                  "Actual Startup Time": 261.739,
                  "Actual Total Time": 350.688,
                  "Actual Rows": 7537,
                  "Actual Loops": 6,
                  "Inner Unique": true,
                  "Hash Cond": "(mi.movie_id = t.id)",
                  "Plans": [
                    {
                      "Node Type": "Bitmap Heap Scan",
                      "Parent Relationship": "Outer",
                      "Parallel Aware": true,
                      "Relation Name": "movie_info",
                      "Alias": "mi",
                      "Startup Cost": 25184.48,
                      "Total Cost": 190661.36,
                      "Plan Rows": 278711,
                      "Plan Width": 4,
                      "Actual Startup Time": 45.596,
                      "Actual Total Time": 84.989,
                      "Actual Rows": 233650,
                      "Actual Loops": 6,
                      "Recheck Cond": "(info_type_id = 7)",
                      "Rows Removed by Index Recheck": 0,
                      "Exact Heap Blocks": 2019,
                      "Lossy Heap Blocks": 0,
                      "Plans": [
                        {
                          "Node Type": "Bitmap Index Scan",
                          "Parent Relationship": "Outer",
                          "Parallel Aware": false,
                          "Index Name": "info_type_id_movie_info",
                          "Startup Cost": 0.0,
                          "Total Cost": 24836.09,
                          "Plan Rows": 1393554,
                          "Plan Width": 0,
                          "Actual Startup Time": 44.047,
                          "Actual Total Time": 44.048,
                          "Actual Rows": 1401902,
                          "Actual Loops": 1,
                          "Index Cond": "(info_type_id = 7)"
                        }
                      ]
                    },
                    {
                      "Node Type": "Hash",
                      "Parent Relationship": "Inner",
                      "Parallel Aware": true,
                      "Startup Cost": 45479.59,
                      "Total Cost": 45479.59,
                      "Plan Rows": 257526,
                      "Plan Width": 4,
                      "Actual Startup Time": 212.676,
                      "Actual Total Time": 212.677,
                      "Actual Rows": 186330,
                      "Actual Loops": 6,
                      "Hash Buckets": 2097152,
                      "Original Hash Buckets": 1048576,
                      "Hash Batches": 1,
                      "Original Hash Batches": 1,
                      "Peak Memory Usage": 68416,
                      "Plans": [
                        {
                          "Node Type": "Seq Scan",
                          "Parent Relationship": "Outer",
                          "Parallel Aware": true,
                          "Relation Name": "title",
                          "Alias": "t",
                          "Startup Cost": 0.0,
                          "Total Cost": 45479.59,
                          "Plan Rows": 257526,
                          "Plan Width": 4,
                          "Actual Startup Time": 0.037,
                          "Actual Total Time": 95.121,
                          "Actual Rows": 186330,
                          "Actual Loops": 6,
                          "Filter": "((production_year > 1993) AND (kind_id = 7))",
                          "Rows Removed by Filter": 235055
                        }
                      ]
                    }
                  ]
                }
              ]
            }
          ]
        }
      ]
    },
    "Planning Time": 0.53,
    "Triggers": [],
    "Execution Time": 380.336
  }
]