{
  "Plan": {
    "Node Type": "Aggregate",
    "Strategy": "Plain",
    "Partial Mode": "Finalize",
    "Parallel Aware": false,
    "Startup Cost": 492653.39,
    "Total Cost": 492653.4,
    "Plan Rows": 1,
    "Plan Width": 8,
    "Actual Startup Time": 827.209,
    "Actual Total Time": 852.367,
    "Actual Rows": 1,
    "Actual Loops": 1,
    "Plans": [
      {
        "Node Type": "Gather",
        "Parent Relationship": "Outer",
        "Parallel Aware": false,
        "Startup Cost": 492653.28,
        "Total Cost": 492653.39,
        "Plan Rows": 1,
        "Plan Width": 8,
        "Actual Startup Time": 826.732,
        "Actual Total Time": 852.358,
        "Actual Rows": 2,
        "Actual Loops": 1,
        "Workers Planned": 1,
        "Workers Launched": 1,
        "Single Copy": false,
        "Plans": [
          {
            "Node Type": "Aggregate",
            "Strategy": "Plain",
            "Partial Mode": "Partial",
            "Parent Relationship": "Outer",
            "Parallel Aware": false,
            "Startup Cost": 491653.28,
            "Total Cost": 491653.29,
            "Plan Rows": 1,
            "Plan Width": 8,
            "Actual Startup Time": 820.376,
            "Actual Total Time": 820.382,
            "Actual Rows": 1,
            "Actual Loops": 2,
            "Plans": [
              {
                "Node Type": "Hash Join",
                "Parent Relationship": "Outer",
                "Parallel Aware": true,
                "Join Type": "Inner",
                "Startup Cost": 187402.08,
                "Total Cost": 491612.69,
                "Plan Rows": 16234,
                "Plan Width": 0,
                "Actual Startup Time": 279.041,
                "Actual Total Time": 818.388,
                "Actual Rows": 35569,
                "Actual Loops": 2,
                "Inner Unique": false,
                "Hash Cond": "(ci.movie_id = t.id)",
                "Plans": [
                  {
                    "Node Type": "Bitmap Heap Scan",
                    "Parent Relationship": "Outer",
                    "Parallel Aware": true,
                    "Relation Name": "cast_info",
                    "Alias": "ci",
                    "Startup Cost": 118828.9,
                    "Total Cost": 411075.99,
                    "Plan Rows": 3164807,
                    "Plan Width": 4,
                    "Actual Startup Time": 216.205,
                    "Actual Total Time": 494.034,
                    "Actual Rows": 2771170,
                    "Actual Loops": 2,
                    "Recheck Cond": "(person_id < 535148)",
                    "Rows Removed by Index Recheck": 0,
                    "Exact Heap Blocks": 32998,
                    "Lossy Heap Blocks": 0,
                    "Plans": [
                      {
                        "Node Type": "Bitmap Index Scan",
                        "Parent Relationship": "Outer",
                        "Parallel Aware": false,
                        "Index Name": "person_id_cast_info",
                        "Startup Cost": 0.0,
                        "Total Cost": 117483.86,
                        "Plan Rows": 5380172,
                        "Plan Width": 0,
                        "Actual Startup Time": 206.015,
                        "Actual Total Time": 206.016,
                        "Actual Rows": 5542340,
                        "Actual Loops": 1,
                        "Index Cond": "(person_id < 535148)"
                      }
                    ]
                  },
                  {
                    "Node Type": "Hash",
                    "Parent Relationship": "Inner",
                    "Parallel Aware": true,
                    "Startup Cost": 68477.82,
                    "Total Cost": 68477.82,
                    "Plan Rows": 7629,
                    "Plan Width": 8,
                    "Actual Startup Time": 61.981,
                    "Actual Total Time": 61.984,
                    "Actual Rows": 7182,
                    "Actual Loops": 2,
                    "Hash Buckets": 16384,
                    "Original Hash Buckets": 16384,
                    "Hash Batches": 1,
                    "Original Hash Batches": 1,
                    "Peak Memory Usage": 736,
                    "Plans": [
                      {
                        "Node Type": "Nested Loop",
                        "Parent Relationship": "Outer",
                        "Parallel Aware": false,
                        "Join Type": "Inner",
                        "Startup Cost": 277.37,
                        "Total Cost": 68477.82,
                        "Plan Rows": 7629,
                        "Plan Width": 8,
                        "Actual Startup Time": 3.575,
                        "Actual Total Time": 59.285,
                        "Actual Rows": 7182,
                        "Actual Loops": 2,
                        "Inner Unique": true,
                        "Plans": [
                          {
                            "Node Type": "Bitmap Heap Scan",
                            "Parent Relationship": "Outer",
                            "Parallel Aware": true,
                            "Relation Name": "movie_keyword",
                            "Alias": "mk",
                            "Startup Cost": 276.94,
                            "Total Cost": 21465.18,
                            "Plan Rows": 7629,
                            "Plan Width": 4,
                            "Actual Startup Time": 3.446,
                            "Actual Total Time": 15.145,
                            "Actual Rows": 7182,
                            "Actual Loops": 2,
                            "Recheck Cond": "(keyword_id = 1)",
                            "Rows Removed by Index Recheck": 0,
                            "Exact Heap Blocks": 4478,
                            "Lossy Heap Blocks": 0,
                            "Plans": [
                              {
                                "Node Type": "Bitmap Index Scan",
                                "Parent Relationship": "Outer",
                                "Parallel Aware": false,
                                "Index Name": "keyword_id_movie_keyword",
                                "Startup Cost": 0.0,
                                "Total Cost": 273.7,
                                "Plan Rows": 12969,
                                "Plan Width": 0,
                                "Actual Startup Time": 3.986,
                                "Actual Total Time": 3.986,
                                "Actual Rows": 14364,
                                "Actual Loops": 1,
                                "Index Cond": "(keyword_id = 1)"
                              }
                            ]
                          },
                          {
                            "Node Type": "Index Only Scan",
                            "Parent Relationship": "Inner",
                            "Parallel Aware": false,
                            "Scan Direction": "Forward",
                            "Index Name": "title_pkey",
                            "Relation Name": "title",
                            "Alias": "t",
                            "Startup Cost": 0.43,
                            "Total Cost": 6.16,
                            "Plan Rows": 1,
                            "Plan Width": 4,
                            "Actual Startup Time": 0.006,
                            "Actual Total Time": 0.006,
                            "Actual Rows": 1,
                            "Actual Loops": 14364,
                            "Index Cond": "(id = mk.movie_id)",
                            "Rows Removed by Index Recheck": 0,
                            "Heap Fetches": 14364
                          }
                        ]
                      }
                    ]
                  }
                ]
              }
            ]
          }
        ]
      }
    ]
  },
  "Planning Time": 0.901,
  "Triggers": [],
  "Execution Time": 852.52
}