{
  "Plan": {
    "Node Type": "Aggregate",
    "Strategy": "Plain",
    "Partial Mode": "Finalize",
    "Parallel Aware": false,
    "Startup Cost": 137181.71,
    "Total Cost": 137181.72,
    "Plan Rows": 1,
    "Plan Width": 8,
    "Actual Startup Time": 954.558,
    "Actual Total Time": 972.877,
    "Actual Rows": 1,
    "Actual Loops": 1,
    "Plans": [
      {
        "Node Type": "Gather",
        "Parent Relationship": "Outer",
        "Parallel Aware": false,
        "Startup Cost": 137181.59,
        "Total Cost": 137181.7,
        "Plan Rows": 1,
        "Plan Width": 8,
        "Actual Startup Time": 950.246,
        "Actual Total Time": 972.869,
        "Actual Rows": 2,
        "Actual Loops": 1,
        "Workers Planned": 1,
        "Workers Launched": 1,
        "Single Copy": false,
        "Plans": [
          {
            "Node Type": "Aggregate",
            "Strategy": "Plain",
            "Partial Mode": "Partial",
            "Parent Relationship": "Outer",
            "Parallel Aware": false,
            "Startup Cost": 136181.59,
            "Total Cost": 136181.6,
            "Plan Rows": 1,
            "Plan Width": 8,
            "Actual Startup Time": 937.711,
            "Actual Total Time": 937.715,
            "Actual Rows": 1,
            "Actual Loops": 2,
            "Plans": [
              {
                "Node Type": "Hash Join",
                "Parent Relationship": "Outer",
                "Parallel Aware": true,
                "Join Type": "Inner",
                "Startup Cost": 70372.2,
                "Total Cost": 132564.13,
                "Plan Rows": 1446984,
                "Plan Width": 0,
                "Actual Startup Time": 499.999,
                "Actual Total Time": 893.473,
                "Actual Rows": 1157096,
                "Actual Loops": 2,
                "Inner Unique": true,
                "Hash Cond": "(mk.movie_id = t.id)",
                "Plans": [
                  {
                    "Node Type": "Seq Scan",
                    "Parent Relationship": "Outer",
                    "Parallel Aware": true,
                    "Relation Name": "movie_keyword",
                    "Alias": "mk",
                    "Startup Cost": 0.0,
                    "Total Cost": 57718.19,
                    "Plan Rows": 1704278,
                    "Plan Width": 4,
                    "Actual Startup Time": 0.224,
                    "Actual Total Time": 188.173,
                    "Actual Rows": 1441516,
                    "Actual Loops": 2,
                    "Filter": "(keyword_id > 2488)",
                    "Rows Removed by Filter": 820450
                  },
                  {
                    "Node Type": "Hash",
                    "Parent Relationship": "Inner",
                    "Parallel Aware": true,
                    "Startup Cost": 54588.39,
                    "Total Cost": 54588.39,
                    "Plan Rows": 1262705,
                    "Plan Width": 4,
                    "Actual Startup Time": 477.938,
                    "Actual Total Time": 477.939,
                    "Actual Rows": 1066486,
                    "Actual Loops": 2,
                    "Hash Buckets": 4194304,
                    "Original Hash Buckets": 4194304,
                    "Hash Batches": 1,
                    "Original Hash Batches": 1,
                    "Peak Memory Usage": 116256,
                    "Plans": [
                      {
                        "Node Type": "Seq Scan",
                        "Parent Relationship": "Outer",
                        "Parallel Aware": true,
                        "Relation Name": "title",
                        "Alias": "t",
                        "Startup Cost": 0.0,
                        "Total Cost": 54588.39,
                        "Plan Rows": 1262705,
                        "Plan Width": 4,
                        "Actual Startup Time": 0.028,
                        "Actual Total Time": 176.079,
                        "Actual Rows": 1066486,
                        "Actual Loops": 2,
                        "Filter": "(production_year > 1966)",
                        "Rows Removed by Filter": 197670
                      }
                    ]
                  }
                ]
              }
            ]
          }
        ]
      }
    ]
  },
  "Planning Time": 0.661,
  "Triggers": [],
  "Execution Time": 972.944
}