[
  {
    "Plan": {
      "Node Type": "Aggregate",
      "Strategy": "Plain",
      "Partial Mode": "Finalize",
      "Parallel Aware": false,
      "Startup Cost": 347448.33,
      "Total Cost": 347448.34,
      "Plan Rows": 1,
      "Plan Width": 8,
      "Actual Startup Time": 722.079,
      "Actual Total Time": 765.323,
      "Actual Rows": 1,
      "Actual Loops": 1,
      "Plans": [
        {
          "Node Type": "Gather",
          "Parent Relationship": "Outer",
          "Parallel Aware": false,
          "Startup Cost": 347447.71,
          "Total Cost": 347448.32,
          "Plan Rows": 6,
          "Plan Width": 8,
          "Actual Startup Time": 721.902,
          "Actual Total Time": 765.304,
          "Actual Rows": 7,
          "Actual Loops": 1,
          "Workers Planned": 6,
          "Workers Launched": 6,
          "Single Copy": false,
          "Plans": [
            {
              "Node Type": "Aggregate",
              "Strategy": "Plain",
              "Partial Mode": "Partial",
              "Parent Relationship": "Outer",
              "Parallel Aware": false,
              "Startup Cost": 346447.71,
              "Total Cost": 346447.72,
              "Plan Rows": 1,
              "Plan Width": 8,
              "Actual Startup Time": 715.036,
              "Actual Total Time": 715.037,
              "Actual Rows": 1,
              "Actual Loops": 7,
              "Plans": [
                {
                  "Node Type": "Seq Scan",
                  "Parent Relationship": "Outer",
                  "Parallel Aware": true,
                  "Relation Name": "cast_info",
                  "Alias": "ci",
                  "Startup Cost": 0.0,
                  "Total Cost": 343316.27,
                  "Plan Rows": 1252575,
                  "Plan Width": 0,
                  "Actual Startup Time": 308.186,
                  "Actual Total Time": 635.609,
                  "Actual Rows": 1634789,
                  "Actual Loops": 7,
                  "Filter": "((person_id > 2554125) AND (role_id > 1))",
                  "Rows Removed by Filter": 3542975
                }
              ]
            }
          ]
        }
      ]
    },
    "Planning Time": 0.067,
    "Triggers": [],
    "Execution Time": 765.369
  }
]