[
    {
        "Bao": {
            "Bao prediction": "NaN",
            "Bao recommended hint": "(no hint)"
        }
    },
    {
        "Plan": {
            "Node Type": "Aggregate",
            "Strategy": "Plain",
            "Partial Mode": "Finalize",
            "Parallel Aware": false,
            "Startup Cost": 71530.54,
            "Total Cost": 71530.55,
            "Plan Rows": 1,
            "Plan Width": 8,
            "Actual Startup Time": 212.973,
            "Actual Total Time": 222.359,
            "Actual Rows": 1,
            "Actual Loops": 1,
            "Output": [
                "count(*)"
            ],
            "Plans": [
                {
                    "Node Type": "Gather",
                    "Parent Relationship": "Outer",
                    "Parallel Aware": false,
                    "Startup Cost": 71530.12,
                    "Total Cost": 71530.53,
                    "Plan Rows": 4,
                    "Plan Width": 8,
                    "Actual Startup Time": 211.486,
                    "Actual Total Time": 222.351,
                    "Actual Rows": 5,
                    "Actual Loops": 1,
                    "Output": [
                        "(PARTIAL count(*))"
                    ],
                    "Workers Planned": 4,
                    "Workers Launched": 4,
                    "Single Copy": false,
                    "Plans": [
                        {
                            "Node Type": "Aggregate",
                            "Strategy": "Plain",
                            "Partial Mode": "Partial",
                            "Parent Relationship": "Outer",
                            "Parallel Aware": false,
                            "Startup Cost": 70530.12,
                            "Total Cost": 70530.13,
                            "Plan Rows": 1,
                            "Plan Width": 8,
                            "Actual Startup Time": 201.717,
                            "Actual Total Time": 201.721,
                            "Actual Rows": 1,
                            "Actual Loops": 5,
                            "Output": [
                                "PARTIAL count(*)"
                            ],
                            "Workers": [
                                {
                                    "Worker Number": 0,
                                    "Actual Startup Time": 198.847,
                                    "Actual Total Time": 198.85,
                                    "Actual Rows": 1,
                                    "Actual Loops": 1
                                },
                                {
                                    "Worker Number": 1,
                                    "Actual Startup Time": 199.371,
                                    "Actual Total Time": 199.374,
                                    "Actual Rows": 1,
                                    "Actual Loops": 1
                                },
                                {
                                    "Worker Number": 2,
                                    "Actual Startup Time": 199.427,
                                    "Actual Total Time": 199.43,
                                    "Actual Rows": 1,
                                    "Actual Loops": 1
                                },
                                {
                                    "Worker Number": 3,
                                    "Actual Startup Time": 199.756,
                                    "Actual Total Time": 199.759,
                                    "Actual Rows": 1,
                                    "Actual Loops": 1
                                }
                            ],
                            "Plans": [
                                {
                                    "Node Type": "Hash Join",
                                    "Parent Relationship": "Outer",
                                    "Parallel Aware": true,
                                    "Join Type": "Inner",
                                    "Startup Cost": 23676.58,
                                    "Total Cost": 70440.78,
                                    "Plan Rows": 35738,
                                    "Plan Width": 0,
                                    "Actual Startup Time": 49.04,
                                    "Actual Total Time": 199.941,
                                    "Actual Rows": 26970,
                                    "Actual Loops": 5,
                                    "Inner Unique": false,
                                    "Hash Cond": "(t.id = mc.movie_id)",
                                    "Workers": [
                                        {
                                            "Worker Number": 0,
                                            "Actual Startup Time": 46.18,
                                            "Actual Total Time": 196.886,
                                            "Actual Rows": 19166,
                                            "Actual Loops": 1
                                        },
                                        {
                                            "Worker Number": 1,
                                            "Actual Startup Time": 46.588,
                                            "Actual Total Time": 197.452,
                                            "Actual Rows": 18630,
                                            "Actual Loops": 1
                                        },
                                        {
                                            "Worker Number": 2,
                                            "Actual Startup Time": 46.799,
                                            "Actual Total Time": 197.737,
                                            "Actual Rows": 28646,
                                            "Actual Loops": 1
                                        },
                                        {
                                            "Worker Number": 3,
                                            "Actual Startup Time": 47.091,
                                            "Actual Total Time": 198.001,
                                            "Actual Rows": 30377,
                                            "Actual Loops": 1
                                        }
                                    ],
                                    "Plans": [
                                        {
                                            "Node Type": "Seq Scan",
                                            "Parent Relationship": "Outer",
                                            "Parallel Aware": true,
                                            "Relation Name": "title",
                                            "Schema": "public",
                                            "Alias": "t",
                                            "Startup Cost": 0.0,
                                            "Total Cost": 43899.01,
                                            "Plan Rows": 549983,
                                            "Plan Width": 4,
                                            "Actual Startup Time": 0.01,
                                            "Actual Total Time": 83.237,
                                            "Actual Rows": 440739,
                                            "Actual Loops": 5,
                                            "Output": [
                                                "t.id",
                                                "t.title",
                                                "t.imdb_index",
                                                "t.kind_id",
                                                "t.production_year",
                                                "t.imdb_id",
                                                "t.phonetic_code",
                                                "t.episode_of_id",
                                                "t.season_nr",
                                                "t.episode_nr",
                                                "t.series_years",
                                                "t.md5sum"
                                            ],
                                            "Filter": "(t.production_year > 1960)",
                                            "Rows Removed by Filter": 64923,
                                            "Workers": [
                                                {
                                                    "Worker Number": 0,
                                                    "Actual Startup Time": 0.011,
                                                    "Actual Total Time": 86.257,
                                                    "Actual Rows": 314531,
                                                    "Actual Loops": 1
                                                },
                                                {
                                                    "Worker Number": 1,
                                                    "Actual Startup Time": 0.01,
                                                    "Actual Total Time": 85.327,
                                                    "Actual Rows": 305738,
                                                    "Actual Loops": 1
                                                },
                                                {
                                                    "Worker Number": 2,
                                                    "Actual Startup Time": 0.009,
                                                    "Actual Total Time": 82.826,
                                                    "Actual Rows": 468805,
                                                    "Actual Loops": 1
                                                },
                                                {
                                                    "Worker Number": 3,
                                                    "Actual Startup Time": 0.012,
                                                    "Actual Total Time": 83.578,
                                                    "Actual Rows": 490699,
                                                    "Actual Loops": 1
                                                }
                                            ]
                                        },
                                        {
                                            "Node Type": "Hash",
                                            "Parent Relationship": "Inner",
                                            "Parallel Aware": true,
                                            "Startup Cost": 23014.13,
                                            "Total Cost": 23014.13,
                                            "Plan Rows": 52996,
                                            "Plan Width": 4,
                                            "Actual Startup Time": 47.978,
                                            "Actual Total Time": 47.979,
                                            "Actual Rows": 33542,
                                            "Actual Loops": 5,
                                            "Output": [
                                                "mc.movie_id"
                                            ],
                                            "Hash Buckets": 262144,
                                            "Original Hash Buckets": 262144,
                                            "Hash Batches": 1,
                                            "Original Hash Batches": 1,
                                            "Peak Memory Usage": 8672,
                                            "Workers": [
                                                {
                                                    "Worker Number": 0,
                                                    "Actual Startup Time": 45.781,
                                                    "Actual Total Time": 45.783,
                                                    "Actual Rows": 24413,
                                                    "Actual Loops": 1
                                                },
                                                {
                                                    "Worker Number": 1,
                                                    "Actual Startup Time": 46.127,
                                                    "Actual Total Time": 46.128,
                                                    "Actual Rows": 20761,
                                                    "Actual Loops": 1
                                                },
                                                {
                                                    "Worker Number": 2,
                                                    "Actual Startup Time": 46.34,
                                                    "Actual Total Time": 46.341,
                                                    "Actual Rows": 23163,
                                                    "Actual Loops": 1
                                                },
                                                {
                                                    "Worker Number": 3,
                                                    "Actual Startup Time": 46.638,
                                                    "Actual Total Time": 46.639,
                                                    "Actual Rows": 22668,
                                                    "Actual Loops": 1
                                                }
                                            ],
                                            "Plans": [
                                                {
                                                    "Node Type": "Bitmap Heap Scan",
                                                    "Parent Relationship": "Outer",
                                                    "Parallel Aware": true,
                                                    "Relation Name": "movie_companies",
                                                    "Schema": "public",
                                                    "Alias": "mc",
                                                    "Startup Cost": 3561.67,
                                                    "Total Cost": 23014.13,
                                                    "Plan Rows": 52996,
                                                    "Plan Width": 4,
                                                    "Actual Startup Time": 4.389,
                                                    "Actual Total Time": 34.77,
                                                    "Actual Rows": 33542,
                                                    "Actual Loops": 5,
                                                    "Output": [
                                                        "mc.movie_id"
                                                    ],
                                                    "Recheck Cond": "(mc.company_id < 34)",
                                                    "Rows Removed by Index Recheck": 0,
                                                    "Exact Heap Blocks": 6824,
                                                    "Lossy Heap Blocks": 0,
                                                    "Workers": [
                                                        {
                                                            "Worker Number": 0,
                                                            "Actual Startup Time": 2.064,
                                                            "Actual Total Time": 33.251,
                                                            "Actual Rows": 24413,
                                                            "Actual Loops": 1
                                                        },
                                                        {
                                                            "Worker Number": 1,
                                                            "Actual Startup Time": 2.807,
                                                            "Actual Total Time": 34.225,
                                                            "Actual Rows": 20761,
                                                            "Actual Loops": 1
                                                        },
                                                        {
                                                            "Worker Number": 2,
                                                            "Actual Startup Time": 2.845,
                                                            "Actual Total Time": 34.525,
                                                            "Actual Rows": 23163,
                                                            "Actual Loops": 1
                                                        },
                                                        {
                                                            "Worker Number": 3,
                                                            "Actual Startup Time": 3.068,
                                                            "Actual Total Time": 34.646,
                                                            "Actual Rows": 22668,
                                                            "Actual Loops": 1
                                                        }
                                                    ],
                                                    "Plans": [
                                                        {
                                                            "Node Type": "Bitmap Index Scan",
                                                            "Parent Relationship": "Outer",
                                                            "Parallel Aware": false,
                                                            "Index Name": "company_id_movie_companies",
                                                            "Startup Cost": 0.0,
                                                            "Total Cost": 3520.6,
                                                            "Plan Rows": 164289,
                                                            "Plan Width": 0,
                                                            "Actual Startup Time": 8.877,
                                                            "Actual Total Time": 8.877,
                                                            "Actual Rows": 167708,
                                                            "Actual Loops": 1,
                                                            "Index Cond": "(mc.company_id < 34)"
                                                        }
                                                    ]
                                                }
                                            ]
                                        }
                                    ]
                                }
                            ]
                        }
                    ]
                }
            ]
        },
        "Planning Time": 202.704,
        "Triggers": [],
        "Execution Time": 222.417
    }
]