[
  {
    "Plan": {
      "Node Type": "Aggregate",
      "Strategy": "Plain",
      "Partial Mode": "Finalize",
      "Parallel Aware": false,
      "Startup Cost": 90348.38,
      "Total Cost": 90348.39,
      "Plan Rows": 1,
      "Plan Width": 8,
      "Actual Startup Time": 228.371,
      "Actual Total Time": 246.856,
      "Actual Rows": 1,
      "Actual Loops": 1,
      "Plans": [
        {
          "Node Type": "Gather",
          "Parent Relationship": "Outer",
          "Parallel Aware": false,
          "Startup Cost": 90348.06,
          "Total Cost": 90348.37,
          "Plan Rows": 3,
          "Plan Width": 8,
          "Actual Startup Time": 226.776,
          "Actual Total Time": 246.847,
          "Actual Rows": 4,
          "Actual Loops": 1,
          "Workers Planned": 3,
          "Workers Launched": 3,
          "Single Copy": false,
          "Plans": [
            {
              "Node Type": "Aggregate",
              "Strategy": "Plain",
              "Partial Mode": "Partial",
              "Parent Relationship": "Outer",
              "Parallel Aware": false,
              "Startup Cost": 89348.06,
              "Total Cost": 89348.07,
              "Plan Rows": 1,
              "Plan Width": 8,
              "Actual Startup Time": 223.735,
              "Actual Total Time": 223.8,
              "Actual Rows": 1,
              "Actual Loops": 4,
              "Plans": [
                {
                  "Node Type": "Hash Join",
                  "Parent Relationship": "Outer",
                  "Parallel Aware": true,
                  "Join Type": "Inner",
                  "Startup Cost": 45845.47,
                  "Total Cost": 89313.98,
                  "Plan Rows": 13634,
                  "Plan Width": 0,
                  "Actual Startup Time": 128.168,
                  "Actual Total Time": 221.449,
                  "Actual Rows": 54826,
                  "Actual Loops": 4,
                  "Inner Unique": true,
                  "Hash Cond": "(mk.movie_id = t.id)",
                  "Plans": [
                    {
                      "Node Type": "Seq Scan",
                      "Parent Relationship": "Outer",
                      "Parallel Aware": true,
                      "Relation Name": "movie_keyword",
                      "Alias": "mk",
                      "Startup Cost": 0.0,
                      "Total Cost": 42695.65,
                      "Plan Rows": 294419,
                      "Plan Width": 4,
                      "Actual Startup Time": 1.432,
                      "Actual Total Time": 84.246,
                      "Actual Rows": 224944,
                      "Actual Loops": 4,
                      "Filter": "(keyword_id > 20513)",
                      "Rows Removed by Filter": 906039
                    },
                    {
                      "Node Type": "Hash",
                      "Parent Relationship": "Inner",
                      "Parallel Aware": true,
                      "Startup Cost": 45479.59,
                      "Total Cost": 45479.59,
                      "Plan Rows": 29271,
                      "Plan Width": 4,
                      "Actual Startup Time": 106.016,
                      "Actual Total Time": 106.019,
                      "Actual Rows": 64237,
                      "Actual Loops": 4,
                      "Hash Buckets": 262144,
                      "Original Hash Buckets": 131072,
                      "Hash Batches": 1,
                      "Original Hash Batches": 1,
                      "Peak Memory Usage": 13184,
                      "Plans": [
                        {
                          "Node Type": "Seq Scan",
                          "Parent Relationship": "Outer",
                          "Parallel Aware": true,
                          "Relation Name": "title",
                          "Alias": "t",
                          "Startup Cost": 0.0,
                          "Total Cost": 45479.59,
                          "Plan Rows": 29271,
                          "Plan Width": 4,
                          "Actual Startup Time": 45.344,
                          "Actual Total Time": 83.42,
                          "Actual Rows": 64237,
                          "Actual Loops": 4,
                          "Filter": "((production_year < 1977) AND (kind_id = 1))",
                          "Rows Removed by Filter": 567841
                        }
                      ]
                    }
                  ]
                }
              ]
            }
          ]
        }
      ]
    },
    "Planning Time": 0.211,
    "Triggers": [],
    "Execution Time": 246.886
  }
]