[
  {
    "Plan": {
      "Node Type": "Aggregate",
      "Strategy": "Plain",
      "Partial Mode": "Finalize",
      "Parallel Aware": false,
      "Startup Cost": 90354.73,
      "Total Cost": 90354.74,
      "Plan Rows": 1,
      "Plan Width": 8,
      "Actual Startup Time": 273.528,
      "Actual Total Time": 291.705,
      "Actual Rows": 1,
      "Actual Loops": 1,
      "Plans": [
        {
          "Node Type": "Gather",
          "Parent Relationship": "Outer",
          "Parallel Aware": false,
          "Startup Cost": 90354.42,
          "Total Cost": 90354.73,
          "Plan Rows": 3,
          "Plan Width": 8,
          "Actual Startup Time": 272.233,
          "Actual Total Time": 291.696,
          "Actual Rows": 4,
          "Actual Loops": 1,
          "Workers Planned": 3,
          "Workers Launched": 3,
          "Single Copy": false,
          "Plans": [
            {
              "Node Type": "Aggregate",
              "Strategy": "Plain",
              "Partial Mode": "Partial",
              "Parent Relationship": "Outer",
              "Parallel Aware": false,
              "Startup Cost": 89354.42,
              "Total Cost": 89354.43,
              "Plan Rows": 1,
              "Plan Width": 8,
              "Actual Startup Time": 263.935,
              "Actual Total Time": 263.998,
              "Actual Rows": 1,
              "Actual Loops": 4,
              "Plans": [
                {
                  "Node Type": "Hash Join",
                  "Parent Relationship": "Outer",
                  "Parallel Aware": true,
                  "Join Type": "Inner",
                  "Startup Cost": 45852.47,
                  "Total Cost": 89319.69,
                  "Plan Rows": 13890,
                  "Plan Width": 0,
                  "Actual Startup Time": 153.08,
                  "Actual Total Time": 261.284,
                  "Actual Rows": 54826,
                  "Actual Loops": 4,
                  "Inner Unique": true,
                  "Hash Cond": "(mk.movie_id = t.id)",
                  "Plans": [
                    {
                      "Node Type": "Seq Scan",
                      "Parent Relationship": "Outer",
                      "Parallel Aware": true,
                      "Relation Name": "movie_keyword",
                      "Alias": "mk",
                      "Startup Cost": 0.0,
                      "Total Cost": 42695.65,
                      "Plan Rows": 293929,
                      "Plan Width": 4,
                      "Actual Startup Time": 1.692,
                      "Actual Total Time": 99.923,
                      "Actual Rows": 224944,
                      "Actual Loops": 4,
                      "Filter": "(keyword_id > 20513)",
                      "Rows Removed by Filter": 906039
                    },
                    {
                      "Node Type": "Hash",
                      "Parent Relationship": "Inner",
                      "Parallel Aware": true,
                      "Startup Cost": 45479.1,
                      "Total Cost": 45479.1,
                      "Plan Rows": 29870,
                      "Plan Width": 4,
                      "Actual Startup Time": 126.036,
                      "Actual Total Time": 126.037,
                      "Actual Rows": 64237,
                      "Actual Loops": 4,
                      "Hash Buckets": 262144,
                      "Original Hash Buckets": 131072,
                      "Hash Batches": 1,
                      "Original Hash Batches": 1,
                      "Peak Memory Usage": 13152,
                      "Plans": [
                        {
                          "Node Type": "Seq Scan",
                          "Parent Relationship": "Outer",
                          "Parallel Aware": true,
                          "Relation Name": "title",
                          "Alias": "t",
                          "Startup Cost": 0.0,
                          "Total Cost": 45479.1,
                          "Plan Rows": 29870,
                          "Plan Width": 4,
                          "Actual Startup Time": 61.886,
                          "Actual Total Time": 102.487,
                          "Actual Rows": 64237,
                          "Actual Loops": 4,
                          "Filter": "((production_year < 1977) AND (kind_id = 1))",
                          "Rows Removed by Filter": 567841
                        }
                      ]
                    }
                  ]
                }
              ]
            }
          ]
        }
      ]
    },
    "Planning Time": 0.636,
    "Triggers": [],
    "Execution Time": 291.772
  }
]