[
  {
    "Plan": {
      "Node Type": "Aggregate",
      "Strategy": "Plain",
      "Partial Mode": "Finalize",
      "Parallel Aware": false,
      "Startup Cost": 213670.09,
      "Total Cost": 213670.1,
      "Plan Rows": 1,
      "Plan Width": 8,
      "Actual Startup Time": 190.186,
      "Actual Total Time": 200.784,
      "Actual Rows": 1,
      "Actual Loops": 1,
      "Plans": [
        {
          "Node Type": "Gather",
          "Parent Relationship": "Outer",
          "Parallel Aware": false,
          "Startup Cost": 213669.57,
          "Total Cost": 213670.08,
          "Plan Rows": 5,
          "Plan Width": 8,
          "Actual Startup Time": 186.089,
          "Actual Total Time": 200.776,
          "Actual Rows": 6,
          "Actual Loops": 1,
          "Workers Planned": 5,
          "Workers Launched": 5,
          "Single Copy": false,
          "Plans": [
            {
              "Node Type": "Aggregate",
              "Strategy": "Plain",
              "Partial Mode": "Partial",
              "Parent Relationship": "Outer",
              "Parallel Aware": false,
              "Startup Cost": 212669.57,
              "Total Cost": 212669.58,
              "Plan Rows": 1,
              "Plan Width": 8,
              "Actual Startup Time": 175.284,
              "Actual Total Time": 175.287,
              "Actual Rows": 1,
              "Actual Loops": 6,
              "Plans": [
                {
                  "Node Type": "Hash Join",
                  "Parent Relationship": "Outer",
                  "Parallel Aware": true,
                  "Join Type": "Inner",
                  "Startup Cost": 48883.32,
                  "Total Cost": 212647.85,
                  "Plan Rows": 8689,
                  "Plan Width": 0,
                  "Actual Startup Time": 159.677,
                  "Actual Total Time": 174.834,
                  "Actual Rows": 7062,
                  "Actual Loops": 6,
                  "Inner Unique": true,
                  "Hash Cond": "(mi.movie_id = t.id)",
                  "Plans": [
                    {
                      "Node Type": "Bitmap Heap Scan",
                      "Parent Relationship": "Outer",
                      "Parallel Aware": true,
                      "Relation Name": "movie_info",
                      "Alias": "mi",
                      "Startup Cost": 2541.64,
                      "Total Cost": 166232.39,
                      "Plan Rows": 28109,
                      "Plan Width": 4,
                      "Actual Startup Time": 6.885,
                      "Actual Total Time": 11.974,
                      "Actual Rows": 23344,
                      "Actual Loops": 6,
                      "Recheck Cond": "(info_type_id = 9)",
                      "Rows Removed by Index Recheck": 0,
                      "Exact Heap Blocks": 272,
                      "Lossy Heap Blocks": 0,
                      "Plans": [
                        {
                          "Node Type": "Bitmap Index Scan",
                          "Parent Relationship": "Outer",
                          "Parallel Aware": false,
                          "Index Name": "info_type_id_movie_info",
                          "Startup Cost": 0.0,
                          "Total Cost": 2506.51,
                          "Plan Rows": 140543,
                          "Plan Width": 0,
                          "Actual Startup Time": 6.488,
                          "Actual Total Time": 6.489,
                          "Actual Rows": 140065,
                          "Actual Loops": 1,
                          "Index Cond": "(info_type_id = 9)"
                        }
                      ]
                    },
                    {
                      "Node Type": "Hash",
                      "Parent Relationship": "Inner",
                      "Parallel Aware": true,
                      "Startup Cost": 43899.32,
                      "Total Cost": 43899.32,
                      "Plan Rows": 195388,
                      "Plan Width": 4,
                      "Actual Startup Time": 149.571,
                      "Actual Total Time": 149.571,
                      "Actual Rows": 130821,
                      "Actual Loops": 6,
                      "Hash Buckets": 1048576,
                      "Original Hash Buckets": 1048576,
                      "Hash Batches": 1,
                      "Original Hash Batches": 1,
                      "Peak Memory Usage": 39008,
                      "Plans": [
                        {
                          "Node Type": "Seq Scan",
                          "Parent Relationship": "Outer",
                          "Parallel Aware": true,
                          "Relation Name": "title",
                          "Alias": "t",
                          "Startup Cost": 0.0,
                          "Total Cost": 43899.32,
                          "Plan Rows": 195388,
                          "Plan Width": 4,
                          "Actual Startup Time": 0.037,
                          "Actual Total Time": 85.146,
                          "Actual Rows": 130821,
                          "Actual Loops": 6,
                          "Filter": "(production_year > 2007)",
                          "Rows Removed by Filter": 290564
                        }
                      ]
                    }
                  ]
                }
              ]
            }
          ]
        }
      ]
    },
    "Planning Time": 0.603,
    "Triggers": [],
    "Execution Time": 200.874
  }
]