{
  "Plan": {
    "Node Type": "Aggregate",
    "Strategy": "Plain",
    "Partial Mode": "Finalize",
    "Parallel Aware": false,
    "Startup Cost": 209879.79,
    "Total Cost": 209879.8,
    "Plan Rows": 1,
    "Plan Width": 8,
    "Actual Startup Time": 1112.735,
    "Actual Total Time": 1133.33,
    "Actual Rows": 1,
    "Actual Loops": 1,
    "Plans": [
      {
        "Node Type": "Gather",
        "Parent Relationship": "Outer",
        "Parallel Aware": false,
        "Startup Cost": 209879.68,
        "Total Cost": 209879.79,
        "Plan Rows": 1,
        "Plan Width": 8,
        "Actual Startup Time": 1111.666,
        "Actual Total Time": 1133.324,
        "Actual Rows": 2,
        "Actual Loops": 1,
        "Workers Planned": 1,
        "Workers Launched": 1,
        "Single Copy": false,
        "Plans": [
          {
            "Node Type": "Aggregate",
            "Strategy": "Plain",
            "Partial Mode": "Partial",
            "Parent Relationship": "Outer",
            "Parallel Aware": false,
            "Startup Cost": 208879.68,
            "Total Cost": 208879.69,
            "Plan Rows": 1,
            "Plan Width": 8,
            "Actual Startup Time": 1105.604,
            "Actual Total Time": 1105.607,
            "Actual Rows": 1,
            "Actual Loops": 2,
            "Plans": [
              {
                "Node Type": "Nested Loop",
                "Parent Relationship": "Outer",
                "Parallel Aware": false,
                "Join Type": "Inner",
                "Startup Cost": 21425.61,
                "Total Cost": 208613.54,
                "Plan Rows": 106456,
                "Plan Width": 0,
                "Actual Startup Time": 119.995,
                "Actual Total Time": 1091.919,
                "Actual Rows": 247318,
                "Actual Loops": 2,
                "Inner Unique": false,
                "Plans": [
                  {
                    "Node Type": "Hash Join",
                    "Parent Relationship": "Outer",
                    "Parallel Aware": true,
                    "Join Type": "Inner",
                    "Startup Cost": 21425.18,
                    "Total Cost": 82858.18,
                    "Plan Rows": 203174,
                    "Plan Width": 8,
                    "Actual Startup Time": 119.939,
                    "Actual Total Time": 551.841,
                    "Actual Rows": 197901,
                    "Actual Loops": 2,
                    "Inner Unique": false,
                    "Hash Cond": "(t.id = mi_idx.movie_id)",
                    "Plans": [
                      {
                        "Node Type": "Seq Scan",
                        "Parent Relationship": "Outer",
                        "Parallel Aware": true,
                        "Relation Name": "title",
                        "Alias": "t",
                        "Startup Cost": 0.0,
                        "Total Cost": 54588.39,
                        "Plan Rows": 1129894,
                        "Plan Width": 4,
                        "Actual Startup Time": 0.01,
                        "Actual Total Time": 158.241,
                        "Actual Rows": 961424,
                        "Actual Loops": 2,
                        "Filter": "(production_year < 2010)",
                        "Rows Removed by Filter": 302732
                      },
                      {
                        "Node Type": "Hash",
                        "Parent Relationship": "Inner",
                        "Parallel Aware": true,
                        "Startup Cost": 18082.32,
                        "Total Cost": 18082.32,
                        "Plan Rows": 267429,
                        "Plan Width": 4,
                        "Actual Startup Time": 114.399,
                        "Actual Total Time": 114.4,
                        "Actual Rows": 229962,
                        "Actual Loops": 2,
                        "Hash Buckets": 524288,
                        "Original Hash Buckets": 524288,
                        "Hash Batches": 1,
                        "Original Hash Batches": 1,
                        "Peak Memory Usage": 22144,
                        "Plans": [
                          {
                            "Node Type": "Seq Scan",
                            "Parent Relationship": "Outer",
                            "Parallel Aware": true,
                            "Relation Name": "movie_info_idx",
                            "Alias": "mi_idx",
                            "Startup Cost": 0.0,
                            "Total Cost": 18082.32,
                            "Plan Rows": 267429,
                            "Plan Width": 4,
                            "Actual Startup Time": 0.042,
                            "Actual Total Time": 66.139,
                            "Actual Rows": 229962,
                            "Actual Loops": 2,
                            "Filter": "(info_type_id = 99)",
                            "Rows Removed by Filter": 460055
                          }
                        ]
                      }
                    ]
                  },
                  {
                    "Node Type": "Index Scan",
                    "Parent Relationship": "Inner",
                    "Parallel Aware": false,
                    "Scan Direction": "Forward",
                    "Index Name": "movie_id_movie_companies",
                    "Relation Name": "movie_companies",
                    "Alias": "mc",
                    "Startup Cost": 0.43,
                    "Total Cost": 0.59,
                    "Plan Rows": 3,
                    "Plan Width": 4,
                    "Actual Startup Time": 0.002,
                    "Actual Total Time": 0.002,
                    "Actual Rows": 1,
                    "Actual Loops": 395802,
                    "Index Cond": "(movie_id = t.id)",
                    "Rows Removed by Index Recheck": 0,
                    "Filter": "(company_type_id > 1)",
                    "Rows Removed by Filter": 2
                  }
                ]
              }
            ]
          }
        ]
      }
    ]
  },
  "Planning Time": 1.102,
  "Triggers": [],
  "Execution Time": 1133.416
}