{
  "Plan": {
    "Node Type": "Aggregate",
    "Strategy": "Plain",
    "Partial Mode": "Finalize",
    "Parallel Aware": false,
    "Startup Cost": 139178.46,
    "Total Cost": 139178.47,
    "Plan Rows": 1,
    "Plan Width": 8,
    "Actual Startup Time": 1175.458,
    "Actual Total Time": 1199.272,
    "Actual Rows": 1,
    "Actual Loops": 1,
    "Plans": [
      {
        "Node Type": "Gather",
        "Parent Relationship": "Outer",
        "Parallel Aware": false,
        "Startup Cost": 139178.35,
        "Total Cost": 139178.46,
        "Plan Rows": 1,
        "Plan Width": 8,
        "Actual Startup Time": 1169.191,
        "Actual Total Time": 1199.261,
        "Actual Rows": 2,
        "Actual Loops": 1,
        "Workers Planned": 1,
        "Workers Launched": 1,
        "Single Copy": false,
        "Plans": [
          {
            "Node Type": "Aggregate",
            "Strategy": "Plain",
            "Partial Mode": "Partial",
            "Parent Relationship": "Outer",
            "Parallel Aware": false,
            "Startup Cost": 138178.35,
            "Total Cost": 138178.36,
            "Plan Rows": 1,
            "Plan Width": 8,
            "Actual Startup Time": 1163.24,
            "Actual Total Time": 1163.48,
            "Actual Rows": 1,
            "Actual Loops": 2,
            "Plans": [
              {
                "Node Type": "Hash Join",
                "Parent Relationship": "Outer",
                "Parallel Aware": true,
                "Join Type": "Inner",
                "Startup Cost": 116965.88,
                "Total Cost": 137849.43,
                "Plan Rows": 131565,
                "Plan Width": 0,
                "Actual Startup Time": 963.163,
                "Actual Total Time": 1140.118,
                "Actual Rows": 471165,
                "Actual Loops": 2,
                "Inner Unique": false,
                "Hash Cond": "(mi_idx.movie_id = t.id)",
                "Plans": [
                  {
                    "Node Type": "Seq Scan",
                    "Parent Relationship": "Outer",
                    "Parallel Aware": true,
                    "Relation Name": "movie_info_idx",
                    "Alias": "mi_idx",
                    "Startup Cost": 0.0,
                    "Total Cost": 18082.32,
                    "Plan Rows": 540622,
                    "Plan Width": 4,
                    "Actual Startup Time": 0.043,
                    "Actual Total Time": 71.33,
                    "Actual Rows": 459925,
                    "Actual Loops": 2,
                    "Filter": "(info_type_id < 101)",
                    "Rows Removed by Filter": 230092
                  },
                  {
                    "Node Type": "Hash",
                    "Parent Relationship": "Inner",
                    "Parallel Aware": true,
                    "Startup Cost": 112441.75,
                    "Total Cost": 112441.75,
                    "Plan Rows": 361930,
                    "Plan Width": 8,
                    "Actual Startup Time": 943.895,
                    "Actual Total Time": 944.133,
                    "Actual Rows": 302894,
                    "Actual Loops": 2,
                    "Hash Buckets": 1048576,
                    "Original Hash Buckets": 1048576,
                    "Hash Batches": 1,
                    "Original Hash Batches": 1,
                    "Peak Memory Usage": 31936,
                    "Plans": [
                      {
                        "Node Type": "Hash Join",
                        "Parent Relationship": "Outer",
                        "Parallel Aware": true,
                        "Join Type": "Inner",
                        "Startup Cost": 82513.56,
                        "Total Cost": 112441.75,
                        "Plan Rows": 361930,
                        "Plan Width": 8,
                        "Actual Startup Time": 675.062,
                        "Actual Total Time": 864.465,
                        "Actual Rows": 302894,
                        "Actual Loops": 2,
                        "Inner Unique": true,
                        "Hash Cond": "(mk.movie_id = t.id)",
                        "Plans": [
                          {
                            "Node Type": "Bitmap Heap Scan",
                            "Parent Relationship": "Outer",
                            "Parallel Aware": true,
                            "Relation Name": "movie_keyword",
                            "Alias": "mk",
                            "Startup Cost": 13052.86,
                            "Total Cost": 42030.99,
                            "Plan Rows": 361930,
                            "Plan Width": 4,
                            "Actual Startup Time": 43.125,
                            "Actual Total Time": 135.98,
                            "Actual Rows": 302894,
                            "Actual Loops": 2,
                            "Recheck Cond": "(keyword_id > 30469)",
                            "Rows Removed by Index Recheck": 0,
                            "Exact Heap Blocks": 14911,
                            "Lossy Heap Blocks": 0,
                            "Plans": [
                              {
                                "Node Type": "Bitmap Index Scan",
                                "Parent Relationship": "Outer",
                                "Parallel Aware": false,
                                "Index Name": "keyword_id_movie_keyword",
                                "Startup Cost": 0.0,
                                "Total Cost": 12899.04,
                                "Plan Rows": 615281,
                                "Plan Width": 0,
                                "Actual Startup Time": 39.686,
                                "Actual Total Time": 39.686,
                                "Actual Rows": 605787,
                                "Actual Loops": 1,
                                "Index Cond": "(keyword_id > 30469)"
                              }
                            ]
                          },
                          {
                            "Node Type": "Hash",
                            "Parent Relationship": "Inner",
                            "Parallel Aware": true,
                            "Startup Cost": 50870.31,
                            "Total Cost": 50870.31,
                            "Plan Rows": 1487231,
                            "Plan Width": 4,
                            "Actual Startup Time": 617.378,
                            "Actual Total Time": 617.38,
                            "Actual Rows": 1264156,
                            "Actual Loops": 2,
                            "Hash Buckets": 4194304,
                            "Original Hash Buckets": 4194304,
                            "Hash Batches": 1,
                            "Original Hash Batches": 1,
                            "Peak Memory Usage": 131712,
                            "Plans": [
                              {
                                "Node Type": "Seq Scan",
                                "Parent Relationship": "Outer",
                                "Parallel Aware": true,
                                "Relation Name": "title",
                                "Alias": "t",
                                "Startup Cost": 0.0,
                                "Total Cost": 50870.31,
                                "Plan Rows": 1487231,
                                "Plan Width": 4,
                                "Actual Startup Time": 0.057,
                                "Actual Total Time": 179.646,
                                "Actual Rows": 1264156,
                                "Actual Loops": 2
                              }
                            ]
                          }
                        ]
                      }
                    ]
                  }
                ]
              }
            ]
          }
        ]
      }
    ]
  },
  "Planning Time": 0.617,
  "Triggers": [],
  "Execution Time": 1199.354
}