[
  {
    "Plan": {
      "Node Type": "Aggregate",
      "Strategy": "Plain",
      "Partial Mode": "Finalize",
      "Parallel Aware": false,
      "Startup Cost": 64055.07,
      "Total Cost": 64055.08,
      "Plan Rows": 1,
      "Plan Width": 8,
      "Actual Startup Time": 330.183,
      "Actual Total Time": 344.24,
      "Actual Rows": 1,
      "Actual Loops": 1,
      "Plans": [
        {
          "Node Type": "Gather",
          "Parent Relationship": "Outer",
          "Parallel Aware": false,
          "Startup Cost": 64054.85,
          "Total Cost": 64055.06,
          "Plan Rows": 2,
          "Plan Width": 8,
          "Actual Startup Time": 327.343,
          "Actual Total Time": 344.23,
          "Actual Rows": 3,
          "Actual Loops": 1,
          "Workers Planned": 2,
          "Workers Launched": 2,
          "Single Copy": false,
          "Plans": [
            {
              "Node Type": "Aggregate",
              "Strategy": "Plain",
              "Partial Mode": "Partial",
              "Parent Relationship": "Outer",
              "Parallel Aware": false,
              "Startup Cost": 63054.85,
              "Total Cost": 63054.86,
              "Plan Rows": 1,
              "Plan Width": 8,
              "Actual Startup Time": 320.093,
              "Actual Total Time": 320.097,
              "Actual Rows": 1,
              "Actual Loops": 3,
              "Plans": [
                {
                  "Node Type": "Hash Join",
                  "Parent Relationship": "Outer",
                  "Parallel Aware": true,
                  "Join Type": "Inner",
                  "Startup Cost": 47493.74,
                  "Total Cost": 62688.3,
                  "Plan Rows": 146622,
                  "Plan Width": 0,
                  "Actual Startup Time": 206.253,
                  "Actual Total Time": 316.158,
                  "Actual Rows": 80903,
                  "Actual Loops": 3,
                  "Inner Unique": true,
                  "Hash Cond": "(mi_idx.movie_id = t.id)",
                  "Plans": [
                    {
                      "Node Type": "Seq Scan",
                      "Parent Relationship": "Outer",
                      "Parallel Aware": true,
                      "Relation Name": "movie_info_idx",
                      "Alias": "mi_idx",
                      "Startup Cost": 0.0,
                      "Total Cost": 13685.15,
                      "Plan Rows": 575015,
                      "Plan Width": 4,
                      "Actual Startup Time": 0.032,
                      "Actual Total Time": 39.602,
                      "Actual Rows": 460012,
                      "Actual Loops": 3
                    },
                    {
                      "Node Type": "Hash",
                      "Parent Relationship": "Inner",
                      "Parallel Aware": true,
                      "Startup Cost": 45479.1,
                      "Total Cost": 45479.1,
                      "Plan Rows": 161171,
                      "Plan Width": 4,
                      "Actual Startup Time": 199.336,
                      "Actual Total Time": 199.337,
                      "Actual Rows": 176741,
                      "Actual Loops": 3,
                      "Hash Buckets": 1048576,
                      "Original Hash Buckets": 1048576,
                      "Hash Batches": 1,
                      "Original Hash Batches": 1,
                      "Peak Memory Usage": 28960,
                      "Plans": [
                        {
                          "Node Type": "Seq Scan",
                          "Parent Relationship": "Outer",
                          "Parallel Aware": true,
                          "Relation Name": "title",
                          "Alias": "t",
                          "Startup Cost": 0.0,
                          "Total Cost": 45479.1,
                          "Plan Rows": 161171,
                          "Plan Width": 4,
                          "Actual Startup Time": 0.036,
                          "Actual Total Time": 132.971,
                          "Actual Rows": 176741,
                          "Actual Loops": 3,
                          "Filter": "((kind_id > 2) AND (production_year < 1998))",
                          "Rows Removed by Filter": 666030
                        }
                      ]
                    }
                  ]
                }
              ]
            }
          ]
        }
      ]
    },
    "Planning Time": 0.576,
    "Triggers": [],
    "Execution Time": 344.318
  }
]