[
  {
    "Plan": {
      "Node Type": "Aggregate",
      "Strategy": "Plain",
      "Partial Mode": "Simple",
      "Parallel Aware": false,
      "Startup Cost": 7479.93,
      "Total Cost": 7479.94,
      "Plan Rows": 1,
      "Plan Width": 96,
      "Actual Startup Time": 277.028,
      "Actual Total Time": 277.038,
      "Actual Rows": 1,
      "Actual Loops": 1,
      "Plans": [
        {
          "Node Type": "Nested Loop",
          "Parent Relationship": "Outer",
          "Parallel Aware": false,
          "Join Type": "Inner",
          "Startup Cost": 13.76,
          "Total Cost": 7479.92,
          "Plan Rows": 1,
          "Plan Width": 38,
          "Actual Startup Time": 277.023,
          "Actual Total Time": 277.032,
          "Actual Rows": 0,
          "Actual Loops": 1,
          "Inner Unique": true,
          "Plans": [
            {
              "Node Type": "Nested Loop",
              "Parent Relationship": "Outer",
              "Parallel Aware": false,
              "Join Type": "Inner",
              "Startup Cost": 13.33,
              "Total Cost": 7479.47,
              "Plan Rows": 1,
              "Plan Width": 42,
              "Actual Startup Time": 277.022,
              "Actual Total Time": 277.031,
              "Actual Rows": 0,
              "Actual Loops": 1,
              "Inner Unique": true,
              "Plans": [
                {
                  "Node Type": "Nested Loop",
                  "Parent Relationship": "Outer",
                  "Parallel Aware": false,
                  "Join Type": "Inner",
                  "Startup Cost": 13.2,
                  "Total Cost": 7479.3,
                  "Plan Rows": 1,
                  "Plan Width": 46,
                  "Actual Startup Time": 277.021,
                  "Actual Total Time": 277.029,
                  "Actual Rows": 0,
                  "Actual Loops": 1,
                  "Inner Unique": true,
                  "Plans": [
                    {
                      "Node Type": "Nested Loop",
                      "Parent Relationship": "Outer",
                      "Parallel Aware": false,
                      "Join Type": "Inner",
                      "Startup Cost": 13.07,
                      "Total Cost": 7479.13,
                      "Plan Rows": 1,
                      "Plan Width": 50,
                      "Actual Startup Time": 277.02,
                      "Actual Total Time": 277.028,
                      "Actual Rows": 0,
                      "Actual Loops": 1,
                      "Inner Unique": true,
                      "Plans": [
                        {
                          "Node Type": "Nested Loop",
                          "Parent Relationship": "Outer",
                          "Parallel Aware": false,
                          "Join Type": "Inner",
                          "Startup Cost": 12.64,
                          "Total Cost": 7478.67,
                          "Plan Rows": 1,
                          "Plan Width": 38,
                          "Actual Startup Time": 277.02,
                          "Actual Total Time": 277.026,
                          "Actual Rows": 0,
                          "Actual Loops": 1,
                          "Inner Unique": false,
                          "Join Filter": "(t.id = cc.movie_id)",
                          "Rows Removed by Join Filter": 0,
                          "Plans": [
                            {
                              "Node Type": "Nested Loop",
                              "Parent Relationship": "Outer",
                              "Parallel Aware": false,
                              "Join Type": "Inner",
                              "Startup Cost": 12.22,
                              "Total Cost": 7478.19,
                              "Plan Rows": 1,
                              "Plan Width": 46,
                              "Actual Startup Time": 38.974,
                              "Actual Total Time": 268.021,
                              "Actual Rows": 4105,
                              "Actual Loops": 1,
                              "Inner Unique": false,
                              "Join Filter": "(t.id = ci.movie_id)",
                              "Rows Removed by Join Filter": 0,
                              "Plans": [
                                {
                                  "Node Type": "Nested Loop",
                                  "Parent Relationship": "Outer",
                                  "Parallel Aware": false,
                                  "Join Type": "Inner",
                                  "Startup Cost": 11.65,
                                  "Total Cost": 7476.24,
                                  "Plan Rows": 1,
                                  "Plan Width": 34,
                                  "Actual Startup Time": 38.9,
                                  "Actual Total Time": 246.952,
                                  "Actual Rows": 11,
                                  "Actual Loops": 1,
                                  "Inner Unique": true,
                                  "Join Filter": "(mi_idx.info_type_id = it2.id)",
                                  "Rows Removed by Join Filter": 25,
                                  "Plans": [
                                    {
                                      "Node Type": "Nested Loop",
                                      "Parent Relationship": "Outer",
                                      "Parallel Aware": false,
                                      "Join Type": "Inner",
                                      "Startup Cost": 11.65,
                                      "Total Cost": 7473.81,
                                      "Plan Rows": 1,
                                      "Plan Width": 38,
                                      "Actual Startup Time": 18.704,
                                      "Actual Total Time": 246.412,
                                      "Actual Rows": 36,
                                      "Actual Loops": 1,
                                      "Inner Unique": false,
                                      "Join Filter": "(t.id = mi_idx.movie_id)",
                                      "Rows Removed by Join Filter": 0,
                                      "Plans": [
                                        {
                                          "Node Type": "Nested Loop",
                                          "Parent Relationship": "Outer",
                                          "Parallel Aware": false,
                                          "Join Type": "Inner",
                                          "Startup Cost": 11.23,
                                          "Total Cost": 7472.79,
                                          "Plan Rows": 2,
                                          "Plan Width": 25,
                                          "Actual Startup Time": 11.904,
                                          "Actual Total Time": 236.127,
                                          "Actual Rows": 747,
                                          "Actual Loops": 1,
                                          "Inner Unique": false,
                                          "Join Filter": "(t.kind_id = kt.id)",
                                          "Rows Removed by Join Filter": 208,
                                          "Plans": [
                                            {
                                              "Node Type": "Seq Scan",
                                              "Parent Relationship": "Outer",
                                              "Parallel Aware": false,
                                              "Relation Name": "kind_type",
                                              "Alias": "kt",
                                              "Startup Cost": 0.0,
                                              "Total Cost": 1.09,
                                              "Plan Rows": 1,
                                              "Plan Width": 4,
                                              "Actual Startup Time": 0.009,
                                              "Actual Total Time": 0.012,
                                              "Actual Rows": 1,
                                              "Actual Loops": 1,
                                              "Filter": "((kind)::text = 'movie'::text)",
                                              "Rows Removed by Filter": 6
                                            },
                                            {
                                              "Node Type": "Nested Loop",
                                              "Parent Relationship": "Inner",
                                              "Parallel Aware": false,
                                              "Join Type": "Inner",
                                              "Startup Cost": 11.23,
                                              "Total Cost": 7471.55,
                                              "Plan Rows": 12,
                                              "Plan Width": 29,
                                              "Actual Startup Time": 0.91,
                                              "Actual Total Time": 235.894,
                                              "Actual Rows": 955,
                                              "Actual Loops": 1,
                                              "Inner Unique": true,
                                              "Plans": [
                                                {
                                                  "Node Type": "Nested Loop",
                                                  "Parent Relationship": "Outer",
                                                  "Parallel Aware": false,
                                                  "Join Type": "Inner",
                                                  "Startup Cost": 10.8,
                                                  "Total Cost": 7405.43,
                                                  "Plan Rows": 135,
                                                  "Plan Width": 4,
                                                  "Actual Startup Time": 0.814,
                                                  "Actual Total Time": 90.307,
                                                  "Actual Rows": 32374,
                                                  "Actual Loops": 1,
                                                  "Inner Unique": false,
                                                  "Plans": [
                                                    {
                                                      "Node Type": "Seq Scan",
                                                      "Parent Relationship": "Outer",
                                                      "Parallel Aware": false,
                                                      "Relation Name": "keyword",
                                                      "Alias": "k",
                                                      "Startup Cost": 0.0,
                                                      "Total Cost": 2961.55,
                                                      "Plan Rows": 4,
                                                      "Plan Width": 4,
                                                      "Actual Startup Time": 0.101,
                                                      "Actual Total Time": 21.499,
                                                      "Actual Rows": 4,
                                                      "Actual Loops": 1,
                                                      "Filter": "(keyword = ANY ('{murder,sequel,based-on-comic,magnet}'::text[]))",
                                                      "Rows Removed by Filter": 134166
                                                    },
                                                    {
                                                      "Node Type": "Bitmap Heap Scan",
                                                      "Parent Relationship": "Inner",
                                                      "Parallel Aware": false,
                                                      "Relation Name": "movie_keyword",
                                                      "Alias": "mk",
                                                      "Startup Cost": 10.8,
                                                      "Total Cost": 1107.92,
                                                      "Plan Rows": 305,
                                                      "Plan Width": 8,
                                                      "Actual Startup Time": 2.163,
                                                      "Actual Total Time": 15.799,
                                                      "Actual Rows": 8094,
                                                      "Actual Loops": 4,
                                                      "Recheck Cond": "(keyword_id = k.id)",
                                                      "Rows Removed by Index Recheck": 0,
                                                      "Exact Heap Blocks": 19660,
                                                      "Lossy Heap Blocks": 0,
                                                      "Plans": [
                                                        {
                                                          "Node Type": "Bitmap Index Scan",
                                                          "Parent Relationship": "Outer",
                                                          "Parallel Aware": false,
                                                          "Index Name": "keyword_id_movie_keyword",
                                                          "Startup Cost": 0.0,
                                                          "Total Cost": 10.72,
                                                          "Plan Rows": 305,
                                                          "Plan Width": 0,
                                                          "Actual Startup Time": 1.323,
                                                          "Actual Total Time": 1.323,
                                                          "Actual Rows": 8094,
                                                          "Actual Loops": 4,
                                                          "Index Cond": "(keyword_id = k.id)"
                                                        }
                                                      ]
                                                    }
                                                  ]
                                                },
                                                {
                                                  "Node Type": "Index Scan",
                                                  "Parent Relationship": "Inner",
                                                  "Parallel Aware": false,
                                                  "Scan Direction": "Forward",
                                                  "Index Name": "title_pkey",
                                                  "Relation Name": "title",
                                                  "Alias": "t",
                                                  "Startup Cost": 0.43,
                                                  "Total Cost": 0.49,
                                                  "Plan Rows": 1,
                                                  "Plan Width": 25,
                                                  "Actual Startup Time": 0.004,
                                                  "Actual Total Time": 0.004,
                                                  "Actual Rows": 0,
                                                  "Actual Loops": 32374,
                                                  "Index Cond": "(id = mk.movie_id)",
                                                  "Rows Removed by Index Recheck": 0,
                                                  "Filter": "(production_year > 2011)",
                                                  "Rows Removed by Filter": 1
                                                }
                                              ]
                                            }
                                          ]
                                        },
                                        {
                                          "Node Type": "Index Scan",
                                          "Parent Relationship": "Inner",
                                          "Parallel Aware": false,
                                          "Scan Direction": "Forward",
                                          "Index Name": "movie_id_movie_info_idx",
                                          "Relation Name": "movie_info_idx",
                                          "Alias": "mi_idx",
                                          "Startup Cost": 0.43,
                                          "Total Cost": 0.5,
                                          "Plan Rows": 1,
                                          "Plan Width": 13,
                                          "Actual Startup Time": 0.013,
                                          "Actual Total Time": 0.013,
                                          "Actual Rows": 0,
                                          "Actual Loops": 747,
                                          "Index Cond": "(movie_id = mk.movie_id)",
                                          "Rows Removed by Index Recheck": 0,
                                          "Filter": "(info > '8.0'::text)",
                                          "Rows Removed by Filter": 1
                                        }
                                      ]
                                    },
                                    {
                                      "Node Type": "Seq Scan",
                                      "Parent Relationship": "Inner",
                                      "Parallel Aware": false,
                                      "Relation Name": "info_type",
                                      "Alias": "it2",
                                      "Startup Cost": 0.0,
                                      "Total Cost": 2.41,
                                      "Plan Rows": 1,
                                      "Plan Width": 4,
                                      "Actual Startup Time": 0.01,
                                      "Actual Total Time": 0.011,
                                      "Actual Rows": 1,
                                      "Actual Loops": 36,
                                      "Filter": "((info)::text = 'rating'::text)",
                                      "Rows Removed by Filter": 108
                                    }
                                  ]
                                },
                                {
                                  "Node Type": "Index Scan",
                                  "Parent Relationship": "Inner",
                                  "Parallel Aware": false,
                                  "Scan Direction": "Forward",
                                  "Index Name": "movie_id_cast_info",
                                  "Relation Name": "cast_info",
                                  "Alias": "ci",
                                  "Startup Cost": 0.56,
                                  "Total Cost": 1.52,
                                  "Plan Rows": 35,
                                  "Plan Width": 12,
                                  "Actual Startup Time": 0.043,
                                  "Actual Total Time": 1.786,
                                  "Actual Rows": 373,
                                  "Actual Loops": 11,
                                  "Index Cond": "(movie_id = mk.movie_id)",
                                  "Rows Removed by Index Recheck": 0
                                }
                              ]
                            },
                            {
                              "Node Type": "Index Scan",
                              "Parent Relationship": "Inner",
                              "Parallel Aware": false,
                              "Scan Direction": "Forward",
                              "Index Name": "movie_id_complete_cast",
                              "Relation Name": "complete_cast",
                              "Alias": "cc",
                              "Startup Cost": 0.42,
                              "Total Cost": 0.46,
                              "Plan Rows": 2,
                              "Plan Width": 12,
                              "Actual Startup Time": 0.002,
                              "Actual Total Time": 0.002,
                              "Actual Rows": 0,
                              "Actual Loops": 4105,
                              "Index Cond": "(movie_id = ci.movie_id)",
                              "Rows Removed by Index Recheck": 0
                            }
                          ]
                        },
                        {
                          "Node Type": "Index Scan",
                          "Parent Relationship": "Inner",
                          "Parallel Aware": false,
                          "Scan Direction": "Forward",
                          "Index Name": "char_name_pkey",
                          "Relation Name": "char_name",
                          "Alias": "chn",
                          "Startup Cost": 0.43,
                          "Total Cost": 0.46,
                          "Plan Rows": 1,
                          "Plan Width": 20,
                          "Actual Startup Time": 0.0,
                          "Actual Total Time": 0.0,
                          "Actual Rows": 0,
                          "Actual Loops": 0,
                          "Index Cond": "(id = ci.person_role_id)",
                          "Rows Removed by Index Recheck": 0,
                          "Filter": "((name IS NOT NULL) AND ((name ~~ '%man%'::text) OR (name ~~ '%Man%'::text)))",
                          "Rows Removed by Filter": 0
                        }
                      ]
                    },
                    {
                      "Node Type": "Index Scan",
                      "Parent Relationship": "Inner",
                      "Parallel Aware": false,
                      "Scan Direction": "Forward",
                      "Index Name": "comp_cast_type_pkey",
                      "Relation Name": "comp_cast_type",
                      "Alias": "cct1",
                      "Startup Cost": 0.13,
                      "Total Cost": 0.15,
                      "Plan Rows": 1,
                      "Plan Width": 4,
                      "Actual Startup Time": 0.0,
                      "Actual Total Time": 0.0,
                      "Actual Rows": 0,
                      "Actual Loops": 0,
                      "Index Cond": "(id = cc.subject_id)",
                      "Rows Removed by Index Recheck": 0,
                      "Filter": "((kind)::text = 'cast'::text)",
                      "Rows Removed by Filter": 0
                    }
                  ]
                },
                {
                  "Node Type": "Index Scan",
                  "Parent Relationship": "Inner",
                  "Parallel Aware": false,
                  "Scan Direction": "Forward",
                  "Index Name": "comp_cast_type_pkey",
                  "Relation Name": "comp_cast_type",
                  "Alias": "cct2",
                  "Startup Cost": 0.13,
                  "Total Cost": 0.15,
                  "Plan Rows": 1,
                  "Plan Width": 4,
                  "Actual Startup Time": 0.0,
                  "Actual Total Time": 0.0,
                  "Actual Rows": 0,
                  "Actual Loops": 0,
                  "Index Cond": "(id = cc.status_id)",
                  "Rows Removed by Index Recheck": 0,
                  "Filter": "((kind)::text ~~ '%complete%'::text)",
                  "Rows Removed by Filter": 0
                }
              ]
            },
            {
              "Node Type": "Index Only Scan",
              "Parent Relationship": "Inner",
              "Parallel Aware": false,
              "Scan Direction": "Forward",
              "Index Name": "name_pkey",
              "Relation Name": "name",
              "Alias": "n",
              "Startup Cost": 0.43,
              "Total Cost": 0.46,
              "Plan Rows": 1,
              "Plan Width": 4,
              "Actual Startup Time": 0.0,
              "Actual Total Time": 0.0,
              "Actual Rows": 0,
              "Actual Loops": 0,
              "Index Cond": "(id = ci.person_id)",
              "Rows Removed by Index Recheck": 0,
              "Heap Fetches": 0
            }
          ]
        }
      ]
    },
    "Planning Time": 99.654,
    "Triggers": [],
    "Execution Time": 277.564
  }
]