[
  {
    "Plan": {
      "Node Type": "Aggregate",
      "Strategy": "Plain",
      "Partial Mode": "Finalize",
      "Parallel Aware": false,
      "Startup Cost": 767405.12,
      "Total Cost": 767405.13,
      "Plan Rows": 1,
      "Plan Width": 64,
      "Actual Startup Time": 5279.115,
      "Actual Total Time": 5461.297,
      "Actual Rows": 1,
      "Actual Loops": 1,
      "Plans": [
        {
          "Node Type": "Gather",
          "Parent Relationship": "Outer",
          "Parallel Aware": false,
          "Startup Cost": 767404.79,
          "Total Cost": 767405.1,
          "Plan Rows": 3,
          "Plan Width": 64,
          "Actual Startup Time": 5175.477,
          "Actual Total Time": 5461.27,
          "Actual Rows": 4,
          "Actual Loops": 1,
          "Workers Planned": 3,
          "Workers Launched": 3,
          "Single Copy": false,
          "Plans": [
            {
              "Node Type": "Aggregate",
              "Strategy": "Plain",
              "Partial Mode": "Partial",
              "Parent Relationship": "Outer",
              "Parallel Aware": false,
              "Startup Cost": 766404.79,
              "Total Cost": 766404.8,
              "Plan Rows": 1,
              "Plan Width": 64,
              "Actual Startup Time": 5161.56,
              "Actual Total Time": 5161.589,
              "Actual Rows": 1,
              "Actual Loops": 4,
              "Plans": [
                {
                  "Node Type": "Hash Join",
                  "Parent Relationship": "Outer",
                  "Parallel Aware": true,
                  "Join Type": "Inner",
                  "Startup Cost": 750992.44,
                  "Total Cost": 766387.37,
                  "Plan Rows": 3484,
                  "Plan Width": 32,
                  "Actual Startup Time": 4953.194,
                  "Actual Total Time": 5121.993,
                  "Actual Rows": 477408,
                  "Actual Loops": 4,
                  "Inner Unique": false,
                  "Hash Cond": "(an.person_id = n.id)",
                  "Plans": [
                    {
                      "Node Type": "Seq Scan",
                      "Parent Relationship": "Outer",
                      "Parallel Aware": true,
                      "Relation Name": "aka_name",
                      "Alias": "an",
                      "Startup Cost": 0.0,
                      "Total Cost": 14303.56,
                      "Plan Rows": 290756,
                      "Plan Width": 4,
                      "Actual Startup Time": 0.048,
                      "Actual Total Time": 37.424,
                      "Actual Rows": 225336,
                      "Actual Loops": 4
                    },
                    {
                      "Node Type": "Hash",
                      "Parent Relationship": "Inner",
                      "Parallel Aware": true,
                      "Startup Cost": 750973.88,
                      "Total Cost": 750973.88,
                      "Plan Rows": 1485,
                      "Plan Width": 40,
                      "Actual Startup Time": 4952.241,
                      "Actual Total Time": 4952.267,
                      "Actual Rows": 724493,
                      "Actual Loops": 4,
                      "Hash Buckets": 4194304,
                      "Original Hash Buckets": 8192,
                      "Hash Batches": 1,
                      "Original Hash Batches": 1,
                      "Peak Memory Usage": 284384,
                      "Plans": [
                        {
                          "Node Type": "Hash Join",
                          "Parent Relationship": "Outer",
                          "Parallel Aware": true,
                          "Join Type": "Inner",
                          "Startup Cost": 720598.43,
                          "Total Cost": 750973.88,
                          "Plan Rows": 1485,
                          "Plan Width": 40,
                          "Actual Startup Time": 3905.786,
                          "Actual Total Time": 4562.157,
                          "Actual Rows": 724493,
                          "Actual Loops": 4,
                          "Inner Unique": true,
                          "Hash Cond": "(mc.company_id = cn.id)",
                          "Plans": [
                            {
                              "Node Type": "Hash Join",
                              "Parent Relationship": "Outer",
                              "Parallel Aware": true,
                              "Join Type": "Inner",
                              "Startup Cost": 715248.8,
                              "Total Cost": 745613.49,
                              "Plan Rows": 4096,
                              "Plan Width": 44,
                              "Actual Startup Time": 3872.203,
                              "Actual Total Time": 4310.426,
                              "Actual Rows": 2807053,
                              "Actual Loops": 4,
                              "Inner Unique": false,
                              "Hash Cond": "(mc.movie_id = t.id)",
                              "Plans": [
                                {
                                  "Node Type": "Seq Scan",
                                  "Parent Relationship": "Outer",
                                  "Parallel Aware": true,
                                  "Relation Name": "movie_companies",
                                  "Alias": "mc",
                                  "Startup Cost": 0.0,
                                  "Total Cost": 27206.55,
                                  "Plan Rows": 841655,
                                  "Plan Width": 8,
                                  "Actual Startup Time": 0.017,
                                  "Actual Total Time": 66.453,
                                  "Actual Rows": 652282,
                                  "Actual Loops": 4
                                },
                                {
                                  "Node Type": "Hash",
                                  "Parent Relationship": "Inner",
                                  "Parallel Aware": true,
                                  "Startup Cost": 715241.53,
                                  "Total Cost": 715241.53,
                                  "Plan Rows": 582,
                                  "Plan Width": 52,
                                  "Actual Startup Time": 3872.02,
                                  "Actual Total Time": 3872.04,
                                  "Actual Rows": 123853,
                                  "Actual Loops": 4,
                                  "Hash Buckets": 524288,
                                  "Original Hash Buckets": 4096,
                                  "Hash Batches": 1,
                                  "Original Hash Batches": 1,
                                  "Peak Memory Usage": 51616,
                                  "Plans": [
                                    {
                                      "Node Type": "Hash Join",
                                      "Parent Relationship": "Outer",
                                      "Parallel Aware": true,
                                      "Join Type": "Inner",
                                      "Startup Cost": 670389.57,
                                      "Total Cost": 715241.53,
                                      "Plan Rows": 582,
                                      "Plan Width": 52,
                                      "Actual Startup Time": 3567.789,
                                      "Actual Total Time": 3789.062,
                                      "Actual Rows": 123853,
                                      "Actual Loops": 4,
                                      "Inner Unique": true,
                                      "Hash Cond": "(ci.person_role_id = chn.id)",
                                      "Plans": [
                                        {
                                          "Node Type": "Hash Join",
                                          "Parent Relationship": "Outer",
                                          "Parallel Aware": true,
                                          "Join Type": "Inner",
                                          "Startup Cost": 616244.79,
                                          "Total Cost": 661095.22,
                                          "Plan Rows": 582,
                                          "Plan Width": 56,
                                          "Actual Startup Time": 3011.623,
                                          "Actual Total Time": 3198.322,
                                          "Actual Rows": 125202,
                                          "Actual Loops": 4,
                                          "Inner Unique": false,
                                          "Hash Cond": "(t.id = mi.movie_id)",
                                          "Plans": [
                                            {
                                              "Node Type": "Seq Scan",
                                              "Parent Relationship": "Outer",
                                              "Parallel Aware": true,
                                              "Relation Name": "title",
                                              "Alias": "t",
                                              "Startup Cost": 0.0,
                                              "Total Cost": 43898.62,
                                              "Plan Rows": 253508,
                                              "Plan Width": 21,
                                              "Actual Startup Time": 0.029,
                                              "Actual Total Time": 106.99,
                                              "Actual Rows": 253230,
                                              "Actual Loops": 4,
                                              "Filter": "(production_year > 2005)",
                                              "Rows Removed by Filter": 378848
                                            },
                                            {
                                              "Node Type": "Hash",
                                              "Parent Relationship": "Inner",
                                              "Parallel Aware": true,
                                              "Startup Cost": 616230.29,
                                              "Total Cost": 616230.29,
                                              "Plan Rows": 1160,
                                              "Plan Width": 35,
                                              "Actual Startup Time": 3011.393,
                                              "Actual Total Time": 3011.408,
                                              "Actual Rows": 318886,
                                              "Actual Loops": 4,
                                              "Hash Buckets": 2097152,
                                              "Original Hash Buckets": 8192,
                                              "Hash Batches": 1,
                                              "Original Hash Batches": 1,
                                              "Peak Memory Usage": 121920,
                                              "Plans": [
                                                {
                                                  "Node Type": "Hash Join",
                                                  "Parent Relationship": "Outer",
                                                  "Parallel Aware": true,
                                                  "Join Type": "Inner",
                                                  "Startup Cost": 416376.4,
                                                  "Total Cost": 616230.29,
                                                  "Plan Rows": 1160,
                                                  "Plan Width": 35,
                                                  "Actual Startup Time": 2117.888,
                                                  "Actual Total Time": 2845.236,
                                                  "Actual Rows": 318886,
                                                  "Actual Loops": 4,
                                                  "Inner Unique": false,
                                                  "Hash Cond": "(mi.movie_id = ci.movie_id)",
                                                  "Plans": [
                                                    {
                                                      "Node Type": "Hash Join",
                                                      "Parent Relationship": "Outer",
                                                      "Parallel Aware": false,
                                                      "Join Type": "Inner",
                                                      "Startup Cost": 2.43,
                                                      "Total Cost": 199755.89,
                                                      "Plan Rows": 26264,
                                                      "Plan Width": 4,
                                                      "Actual Startup Time": 227.461,
                                                      "Actual Total Time": 805.813,
                                                      "Actual Rows": 759180,
                                                      "Actual Loops": 4,
                                                      "Inner Unique": true,
                                                      "Hash Cond": "(mi.info_type_id = it.id)",
                                                      "Plans": [
                                                        {
                                                          "Node Type": "Seq Scan",
                                                          "Parent Relationship": "Outer",
                                                          "Parallel Aware": true,
                                                          "Relation Name": "movie_info",
                                                          "Alias": "mi",
                                                          "Startup Cost": 0.0,
                                                          "Total Cost": 191670.84,
                                                          "Plan Rows": 2967784,
                                                          "Plan Width": 8,
                                                          "Actual Startup Time": 0.046,
                                                          "Actual Total Time": 484.33,
                                                          "Actual Rows": 3708930,
                                                          "Actual Loops": 4
                                                        },
                                                        {
                                                          "Node Type": "Hash",
                                                          "Parent Relationship": "Inner",
                                                          "Parallel Aware": false,
                                                          "Startup Cost": 2.41,
                                                          "Total Cost": 2.41,
                                                          "Plan Rows": 1,
                                                          "Plan Width": 4,
                                                          "Actual Startup Time": 0.058,
                                                          "Actual Total Time": 0.06,
                                                          "Actual Rows": 1,
                                                          "Actual Loops": 4,
                                                          "Hash Buckets": 1024,
                                                          "Original Hash Buckets": 1024,
                                                          "Hash Batches": 1,
                                                          "Original Hash Batches": 1,
                                                          "Peak Memory Usage": 9,
                                                          "Plans": [
                                                            {
                                                              "Node Type": "Seq Scan",
                                                              "Parent Relationship": "Outer",
                                                              "Parallel Aware": false,
                                                              "Relation Name": "info_type",
                                                              "Alias": "it",
                                                              "Startup Cost": 0.0,
                                                              "Total Cost": 2.41,
                                                              "Plan Rows": 1,
                                                              "Plan Width": 4,
                                                              "Actual Startup Time": 0.042,
                                                              "Actual Total Time": 0.049,
                                                              "Actual Rows": 1,
                                                              "Actual Loops": 4,
                                                              "Filter": "((info)::text = 'release dates'::text)",
                                                              "Rows Removed by Filter": 112
                                                            }
                                                          ]
                                                        }
                                                      ]
                                                    },
                                                    {
                                                      "Node Type": "Hash",
                                                      "Parent Relationship": "Inner",
                                                      "Parallel Aware": true,
                                                      "Startup Cost": 416276.78,
                                                      "Total Cost": 416276.78,
                                                      "Plan Rows": 7776,
                                                      "Plan Width": 31,
                                                      "Actual Startup Time": 1890.082,
                                                      "Actual Total Time": 1890.09,
                                                      "Actual Rows": 41945,
                                                      "Actual Loops": 4,
                                                      "Hash Buckets": 262144,
                                                      "Original Hash Buckets": 65536,
                                                      "Hash Batches": 1,
                                                      "Original Hash Batches": 1,
                                                      "Peak Memory Usage": 14560,
                                                      "Plans": [
                                                        {
                                                          "Node Type": "Hash Join",
                                                          "Parent Relationship": "Outer",
                                                          "Parallel Aware": false,
                                                          "Join Type": "Inner",
                                                          "Startup Cost": 71615.01,
                                                          "Total Cost": 416276.78,
                                                          "Plan Rows": 7776,
                                                          "Plan Width": 31,
                                                          "Actual Startup Time": 806.728,
                                                          "Actual Total Time": 1859.196,
                                                          "Actual Rows": 41945,
                                                          "Actual Loops": 4,
                                                          "Inner Unique": true,
                                                          "Hash Cond": "(ci.role_id = rt.id)",
                                                          "Plans": [
                                                            {
                                                              "Node Type": "Hash Join",
                                                              "Parent Relationship": "Outer",
                                                              "Parallel Aware": true,
                                                              "Join Type": "Inner",
                                                              "Startup Cost": 71613.85,
                                                              "Total Cost": 415944.18,
                                                              "Plan Rows": 93306,
                                                              "Plan Width": 35,
                                                              "Actual Startup Time": 806.648,
                                                              "Actual Total Time": 1846.572,
                                                              "Actual Rows": 77188,
                                                              "Actual Loops": 4,
                                                              "Inner Unique": true,
                                                              "Hash Cond": "(ci.person_id = n.id)",
                                                              "Plans": [
                                                                {
                                                                  "Node Type": "Seq Scan",
                                                                  "Parent Relationship": "Outer",
                                                                  "Parallel Aware": true,
                                                                  "Relation Name": "cast_info",
                                                                  "Alias": "ci",
                                                                  "Startup Cost": 0.0,
                                                                  "Total Cost": 343259.37,
                                                                  "Plan Rows": 407986,
                                                                  "Plan Width": 16,
                                                                  "Actual Startup Time": 0.029,
                                                                  "Actual Total Time": 1394.182,
                                                                  "Actual Rows": 600299,
                                                                  "Actual Loops": 4,
                                                                  "Filter": "(note = ANY ('{(uncredited),\"(executive producer)\",(writer),\"(as Amanda and Antonella)\"}'::text[]))",
                                                                  "Rows Removed by Filter": 8460787
                                                                },
                                                                {
                                                                  "Node Type": "Hash",
                                                                  "Parent Relationship": "Inner",
                                                                  "Parallel Aware": true,
                                                                  "Startup Cost": 68635.58,
                                                                  "Total Cost": 68635.58,
                                                                  "Plan Rows": 238261,
                                                                  "Plan Width": 19,
                                                                  "Actual Startup Time": 319.756,
                                                                  "Actual Total Time": 319.757,
                                                                  "Actual Rows": 240389,
                                                                  "Actual Loops": 4,
                                                                  "Hash Buckets": 1048576,
                                                                  "Original Hash Buckets": 1048576,
                                                                  "Hash Batches": 1,
                                                                  "Original Hash Batches": 1,
                                                                  "Peak Memory Usage": 60608,
                                                                  "Plans": [
                                                                    {
                                                                      "Node Type": "Seq Scan",
                                                                      "Parent Relationship": "Outer",
                                                                      "Parallel Aware": true,
                                                                      "Relation Name": "name",
                                                                      "Alias": "n",
                                                                      "Startup Cost": 0.0,
                                                                      "Total Cost": 68635.58,
                                                                      "Plan Rows": 238261,
                                                                      "Plan Width": 19,
                                                                      "Actual Startup Time": 77.1,
                                                                      "Actual Total Time": 197.922,
                                                                      "Actual Rows": 240389,
                                                                      "Actual Loops": 4,
                                                                      "Filter": "((gender)::text = 'f'::text)",
                                                                      "Rows Removed by Filter": 801484
                                                                    }
                                                                  ]
                                                                }
                                                              ]
                                                            },
                                                            {
                                                              "Node Type": "Hash",
                                                              "Parent Relationship": "Inner",
                                                              "Parallel Aware": false,
                                                              "Startup Cost": 1.15,
                                                              "Total Cost": 1.15,
                                                              "Plan Rows": 1,
                                                              "Plan Width": 4,
                                                              "Actual Startup Time": 0.047,
                                                              "Actual Total Time": 0.048,
                                                              "Actual Rows": 1,
                                                              "Actual Loops": 4,
                                                              "Hash Buckets": 1024,
                                                              "Original Hash Buckets": 1024,
                                                              "Hash Batches": 1,
                                                              "Original Hash Batches": 1,
                                                              "Peak Memory Usage": 9,
                                                              "Plans": [
                                                                {
                                                                  "Node Type": "Seq Scan",
                                                                  "Parent Relationship": "Outer",
                                                                  "Parallel Aware": false,
                                                                  "Relation Name": "role_type",
                                                                  "Alias": "rt",
                                                                  "Startup Cost": 0.0,
                                                                  "Total Cost": 1.15,
                                                                  "Plan Rows": 1,
                                                                  "Plan Width": 4,
                                                                  "Actual Startup Time": 0.038,
                                                                  "Actual Total Time": 0.04,
                                                                  "Actual Rows": 1,
                                                                  "Actual Loops": 4,
                                                                  "Filter": "((role)::text = 'actress'::text)",
                                                                  "Rows Removed by Filter": 11
                                                                }
                                                              ]
                                                            }
                                                          ]
                                                        }
                                                      ]
                                                    }
                                                  ]
                                                }
                                              ]
                                            }
                                          ]
                                        },
                                        {
                                          "Node Type": "Hash",
                                          "Parent Relationship": "Inner",
                                          "Parallel Aware": true,
                                          "Startup Cost": 44325.46,
                                          "Total Cost": 44325.46,
                                          "Plan Rows": 785546,
                                          "Plan Width": 4,
                                          "Actual Startup Time": 546.692,
                                          "Actual Total Time": 546.693,
                                          "Actual Rows": 785085,
                                          "Actual Loops": 4,
                                          "Hash Buckets": 4194304,
                                          "Original Hash Buckets": 4194304,
                                          "Hash Batches": 1,
                                          "Original Hash Batches": 1,
                                          "Peak Memory Usage": 155712,
                                          "Plans": [
                                            {
                                              "Node Type": "Seq Scan",
                                              "Parent Relationship": "Outer",
                                              "Parallel Aware": true,
                                              "Relation Name": "char_name",
                                              "Alias": "chn",
                                              "Startup Cost": 0.0,
                                              "Total Cost": 44325.46,
                                              "Plan Rows": 785546,
                                              "Plan Width": 4,
                                              "Actual Startup Time": 0.067,
                                              "Actual Total Time": 175.437,
                                              "Actual Rows": 785085,
                                              "Actual Loops": 4
                                            }
                                          ]
                                        }
                                      ]
                                    }
                                  ]
                                }
                              ]
                            },
                            {
                              "Node Type": "Hash",
                              "Parent Relationship": "Inner",
                              "Parallel Aware": true,
                              "Startup Cost": 4722.92,
                              "Total Cost": 4722.92,
                              "Plan Rows": 50137,
                              "Plan Width": 4,
                              "Actual Startup Time": 33.03,
                              "Actual Total Time": 33.031,
                              "Actual Rows": 21211,
                              "Actual Loops": 4,
                              "Hash Buckets": 131072,
                              "Original Hash Buckets": 131072,
                              "Hash Batches": 1,
                              "Original Hash Batches": 1,
                              "Peak Memory Usage": 4416,
                              "Plans": [
                                {
                                  "Node Type": "Seq Scan",
                                  "Parent Relationship": "Outer",
                                  "Parallel Aware": true,
                                  "Relation Name": "company_name",
                                  "Alias": "cn",
                                  "Startup Cost": 0.0,
                                  "Total Cost": 4722.92,
                                  "Plan Rows": 50137,
                                  "Plan Width": 4,
                                  "Actual Startup Time": 0.059,
                                  "Actual Total Time": 24.341,
                                  "Actual Rows": 21211,
                                  "Actual Loops": 4,
                                  "Filter": "((country_code)::text = '[us]'::text)",
                                  "Rows Removed by Filter": 37538
                                }
                              ]
                            }
                          ]
                        }
                      ]
                    }
                  ]
                }
              ]
            }
          ]
        }
      ]
    },
    "Planning Time": 38.485,
    "Triggers": [],
    "Execution Time": 5461.845
  }
]