[
  {
    "Plan": {
      "Node Type": "Aggregate",
      "Strategy": "Plain",
      "Partial Mode": "Finalize",
      "Parallel Aware": false,
      "Startup Cost": 352516.49,
      "Total Cost": 352516.5,
      "Plan Rows": 1,
      "Plan Width": 8,
      "Actual Startup Time": 831.187,
      "Actual Total Time": 877.618,
      "Actual Rows": 1,
      "Actual Loops": 1,
      "Plans": [
        {
          "Node Type": "Gather",
          "Parent Relationship": "Outer",
          "Parallel Aware": false,
          "Startup Cost": 352515.86,
          "Total Cost": 352516.47,
          "Plan Rows": 6,
          "Plan Width": 8,
          "Actual Startup Time": 831.005,
          "Actual Total Time": 877.607,
          "Actual Rows": 7,
          "Actual Loops": 1,
          "Workers Planned": 6,
          "Workers Launched": 6,
          "Single Copy": false,
          "Plans": [
            {
              "Node Type": "Aggregate",
              "Strategy": "Plain",
              "Partial Mode": "Partial",
              "Parent Relationship": "Outer",
              "Parallel Aware": false,
              "Startup Cost": 351515.86,
              "Total Cost": 351515.88,
              "Plan Rows": 1,
              "Plan Width": 8,
              "Actual Startup Time": 822.717,
              "Actual Total Time": 822.718,
              "Actual Rows": 1,
              "Actual Loops": 7,
              "Plans": [
                {
                  "Node Type": "Seq Scan",
                  "Parent Relationship": "Outer",
                  "Parallel Aware": true,
                  "Relation Name": "cast_info",
                  "Alias": "ci",
                  "Startup Cost": 0.0,
                  "Total Cost": 343316.27,
                  "Plan Rows": 3279838,
                  "Plan Width": 0,
                  "Actual Startup Time": 94.778,
                  "Actual Total Time": 694.849,
                  "Actual Rows": 2670465,
                  "Actual Loops": 7,
                  "Filter": "((person_id > 659164) AND (role_id < 4))",
                  "Rows Removed by Filter": 2507299
                }
              ]
            }
          ]
        }
      ]
    },
    "Planning Time": 0.108,
    "Triggers": [],
    "Execution Time": 877.665
  }
]