[
  {
    "Plan": {
      "Node Type": "Aggregate",
      "Strategy": "Plain",
      "Partial Mode": "Finalize",
      "Parallel Aware": false,
      "Startup Cost": 352392.08,
      "Total Cost": 352392.09,
      "Plan Rows": 1,
      "Plan Width": 8,
      "Actual Startup Time": 758.233,
      "Actual Total Time": 815.112,
      "Actual Rows": 1,
      "Actual Loops": 1,
      "Plans": [
        {
          "Node Type": "Gather",
          "Parent Relationship": "Outer",
          "Parallel Aware": false,
          "Startup Cost": 352391.45,
          "Total Cost": 352392.06,
          "Plan Rows": 6,
          "Plan Width": 8,
          "Actual Startup Time": 758.106,
          "Actual Total Time": 815.101,
          "Actual Rows": 7,
          "Actual Loops": 1,
          "Workers Planned": 6,
          "Workers Launched": 6,
          "Single Copy": false,
          "Plans": [
            {
              "Node Type": "Aggregate",
              "Strategy": "Plain",
              "Partial Mode": "Partial",
              "Parent Relationship": "Outer",
              "Parallel Aware": false,
              "Startup Cost": 351391.45,
              "Total Cost": 351391.46,
              "Plan Rows": 1,
              "Plan Width": 8,
              "Actual Startup Time": 750.191,
              "Actual Total Time": 750.192,
              "Actual Rows": 1,
              "Actual Loops": 7,
              "Plans": [
                {
                  "Node Type": "Seq Scan",
                  "Parent Relationship": "Outer",
                  "Parallel Aware": true,
                  "Relation Name": "cast_info",
                  "Alias": "ci",
                  "Startup Cost": 0.0,
                  "Total Cost": 343257.03,
                  "Plan Rows": 3253770,
                  "Plan Width": 0,
                  "Actual Startup Time": 90.681,
                  "Actual Total Time": 648.378,
                  "Actual Rows": 2670465,
                  "Actual Loops": 7,
                  "Filter": "((person_id > 659164) AND (role_id < 4))",
                  "Rows Removed by Filter": 2507299
                }
              ]
            }
          ]
        }
      ]
    },
    "Planning Time": 0.186,
    "Triggers": [],
    "Execution Time": 815.174
  }
]