[
  {
    "Plan": {
      "Node Type": "Aggregate",
      "Strategy": "Plain",
      "Partial Mode": "Finalize",
      "Parallel Aware": false,
      "Startup Cost": 41747.38,
      "Total Cost": 41747.39,
      "Plan Rows": 1,
      "Plan Width": 8,
      "Actual Startup Time": 179.66,
      "Actual Total Time": 191.358,
      "Actual Rows": 1,
      "Actual Loops": 1,
      "Plans": [
        {
          "Node Type": "Gather",
          "Parent Relationship": "Outer",
          "Parallel Aware": false,
          "Startup Cost": 41747.06,
          "Total Cost": 41747.37,
          "Plan Rows": 3,
          "Plan Width": 8,
          "Actual Startup Time": 179.343,
          "Actual Total Time": 191.344,
          "Actual Rows": 4,
          "Actual Loops": 1,
          "Workers Planned": 3,
          "Workers Launched": 3,
          "Single Copy": false,
          "Plans": [
            {
              "Node Type": "Aggregate",
              "Strategy": "Plain",
              "Partial Mode": "Partial",
              "Parent Relationship": "Outer",
              "Parallel Aware": false,
              "Startup Cost": 40747.06,
              "Total Cost": 40747.07,
              "Plan Rows": 1,
              "Plan Width": 8,
              "Actual Startup Time": 170.716,
              "Actual Total Time": 170.718,
              "Actual Rows": 1,
              "Actual Loops": 4,
              "Plans": [
                {
                  "Node Type": "Bitmap Heap Scan",
                  "Parent Relationship": "Outer",
                  "Parallel Aware": true,
                  "Relation Name": "movie_keyword",
                  "Alias": "mk",
                  "Startup Cost": 13267.07,
                  "Total Cost": 40242.73,
                  "Plan Rows": 201733,
                  "Plan Width": 0,
                  "Actual Startup Time": 67.319,
                  "Actual Total Time": 159.429,
                  "Actual Rows": 156819,
                  "Actual Loops": 4,
                  "Recheck Cond": "(keyword_id > 29262)",
                  "Rows Removed by Index Recheck": 0,
                  "Exact Heap Blocks": 8095,
                  "Lossy Heap Blocks": 0,
                  "Plans": [
                    {
                      "Node Type": "Bitmap Index Scan",
                      "Parent Relationship": "Outer",
                      "Parallel Aware": false,
                      "Index Name": "keyword_id_movie_keyword",
                      "Startup Cost": 0.0,
                      "Total Cost": 13110.72,
                      "Plan Rows": 625372,
                      "Plan Width": 0,
                      "Actual Startup Time": 69.747,
                      "Actual Total Time": 69.748,
                      "Actual Rows": 627277,
                      "Actual Loops": 1,
                      "Index Cond": "(keyword_id > 29262)"
                    }
                  ]
                }
              ]
            }
          ]
        }
      ]
    },
    "Planning Time": 0.146,
    "Triggers": [],
    "Execution Time": 191.436
  }
]