{
    "Plan": {
        "Node Type": "Aggregate",
        "Strategy": "Plain",
        "Partial Mode": "Finalize",
        "Parallel Aware": false,
        "Startup Cost": 378427.37,
        "Total Cost": 378427.38,
        "Plan Rows": 1,
        "Plan Width": 8,
        "Actual Startup Time": 2223.948,
        "Actual Total Time": 2275.373,
        "Actual Rows": 1,
        "Actual Loops": 1,
        "Output": [
            "count(*)"
        ],
        "Plans": [
            {
                "Node Type": "Gather",
                "Parent Relationship": "Outer",
                "Parallel Aware": false,
                "Startup Cost": 378426.75,
                "Total Cost": 378427.36,
                "Plan Rows": 6,
                "Plan Width": 8,
                "Actual Startup Time": 2221.33,
                "Actual Total Time": 2275.364,
                "Actual Rows": 7,
                "Actual Loops": 1,
                "Output": [
                    "(PARTIAL count(*))"
                ],
                "Workers Planned": 6,
                "Workers Launched": 6,
                "Single Copy": false,
                "Plans": [
                    {
                        "Node Type": "Aggregate",
                        "Strategy": "Plain",
                        "Partial Mode": "Partial",
                        "Parent Relationship": "Outer",
                        "Parallel Aware": false,
                        "Startup Cost": 377426.75,
                        "Total Cost": 377426.76,
                        "Plan Rows": 1,
                        "Plan Width": 8,
                        "Actual Startup Time": 2209.502,
                        "Actual Total Time": 2209.506,
                        "Actual Rows": 1,
                        "Actual Loops": 7,
                        "Output": [
                            "PARTIAL count(*)"
                        ],
                        "Workers": [
                            {
                                "Worker Number": 0,
                                "Actual Startup Time": 2203.234,
                                "Actual Total Time": 2203.236,
                                "Actual Rows": 1,
                                "Actual Loops": 1
                            },
                            {
                                "Worker Number": 1,
                                "Actual Startup Time": 2207.68,
                                "Actual Total Time": 2207.682,
                                "Actual Rows": 1,
                                "Actual Loops": 1
                            },
                            {
                                "Worker Number": 2,
                                "Actual Startup Time": 2208.336,
                                "Actual Total Time": 2208.338,
                                "Actual Rows": 1,
                                "Actual Loops": 1
                            },
                            {
                                "Worker Number": 3,
                                "Actual Startup Time": 2207.999,
                                "Actual Total Time": 2208.002,
                                "Actual Rows": 1,
                                "Actual Loops": 1
                            },
                            {
                                "Worker Number": 4,
                                "Actual Startup Time": 2209.353,
                                "Actual Total Time": 2209.356,
                                "Actual Rows": 1,
                                "Actual Loops": 1
                            },
                            {
                                "Worker Number": 5,
                                "Actual Startup Time": 2209.433,
                                "Actual Total Time": 2209.436,
                                "Actual Rows": 1,
                                "Actual Loops": 1
                            }
                        ],
                        "Plans": [
                            {
                                "Node Type": "Hash Join",
                                "Parent Relationship": "Outer",
                                "Parallel Aware": true,
                                "Join Type": "Inner",
                                "Startup Cost": 45464.63,
                                "Total Cost": 374433.54,
                                "Plan Rows": 1197284,
                                "Plan Width": 0,
                                "Actual Startup Time": 133.073,
                                "Actual Total Time": 2154.449,
                                "Actual Rows": 819594,
                                "Actual Loops": 7,
                                "Inner Unique": true,
                                "Hash Cond": "(ci.movie_id = t.id)",
                                "Workers": [
                                    {
                                        "Worker Number": 0,
                                        "Actual Startup Time": 126.947,
                                        "Actual Total Time": 2147.784,
                                        "Actual Rows": 810975,
                                        "Actual Loops": 1
                                    },
                                    {
                                        "Worker Number": 1,
                                        "Actual Startup Time": 131.343,
                                        "Actual Total Time": 2155.561,
                                        "Actual Rows": 839630,
                                        "Actual Loops": 1
                                    },
                                    {
                                        "Worker Number": 2,
                                        "Actual Startup Time": 131.925,
                                        "Actual Total Time": 2153.36,
                                        "Actual Rows": 827349,
                                        "Actual Loops": 1
                                    },
                                    {
                                        "Worker Number": 3,
                                        "Actual Startup Time": 131.611,
                                        "Actual Total Time": 2155.351,
                                        "Actual Rows": 751291,
                                        "Actual Loops": 1
                                    },
                                    {
                                        "Worker Number": 4,
                                        "Actual Startup Time": 133.012,
                                        "Actual Total Time": 2154.07,
                                        "Actual Rows": 791938,
                                        "Actual Loops": 1
                                    },
                                    {
                                        "Worker Number": 5,
                                        "Actual Startup Time": 133.125,
                                        "Actual Total Time": 2153.273,
                                        "Actual Rows": 801921,
                                        "Actual Loops": 1
                                    }
                                ],
                                "Plans": [
                                    {
                                        "Node Type": "Seq Scan",
                                        "Parent Relationship": "Outer",
                                        "Parallel Aware": true,
                                        "Relation Name": "cast_info",
                                        "Schema": "public",
                                        "Alias": "ci",
                                        "Startup Cost": 0.0,
                                        "Total Cost": 313108.29,
                                        "Plan Rows": 6042129,
                                        "Plan Width": 4,
                                        "Actual Startup Time": 0.031,
                                        "Actual Total Time": 688.549,
                                        "Actual Rows": 5177763,
                                        "Actual Loops": 7,
                                        "Output": [
                                            "ci.id",
                                            "ci.person_id",
                                            "ci.movie_id",
                                            "ci.person_role_id",
                                            "ci.note",
                                            "ci.nr_order",
                                            "ci.role_id"
                                        ],
                                        "Workers": [
                                            {
                                                "Worker Number": 0,
                                                "Actual Startup Time": 0.04,
                                                "Actual Total Time": 698.808,
                                                "Actual Rows": 5189118,
                                                "Actual Loops": 1
                                            },
                                            {
                                                "Worker Number": 1,
                                                "Actual Startup Time": 0.036,
                                                "Actual Total Time": 703.724,
                                                "Actual Rows": 5302583,
                                                "Actual Loops": 1
                                            },
                                            {
                                                "Worker Number": 2,
                                                "Actual Startup Time": 0.033,
                                                "Actual Total Time": 702.785,
                                                "Actual Rows": 5357919,
                                                "Actual Loops": 1
                                            },
                                            {
                                                "Worker Number": 3,
                                                "Actual Startup Time": 0.036,
                                                "Actual Total Time": 700.123,
                                                "Actual Rows": 4688538,
                                                "Actual Loops": 1
                                            },
                                            {
                                                "Worker Number": 4,
                                                "Actual Startup Time": 0.031,
                                                "Actual Total Time": 700.119,
                                                "Actual Rows": 4946396,
                                                "Actual Loops": 1
                                            },
                                            {
                                                "Worker Number": 5,
                                                "Actual Startup Time": 0.035,
                                                "Actual Total Time": 701.366,
                                                "Actual Rows": 4974159,
                                                "Actual Loops": 1
                                            }
                                        ]
                                    },
                                    {
                                        "Node Type": "Hash",
                                        "Parent Relationship": "Inner",
                                        "Parallel Aware": true,
                                        "Startup Cost": 43899.01,
                                        "Total Cost": 43899.01,
                                        "Plan Rows": 125250,
                                        "Plan Width": 4,
                                        "Actual Startup Time": 130.401,
                                        "Actual Total Time": 130.402,
                                        "Actual Rows": 70576,
                                        "Actual Loops": 7,
                                        "Output": [
                                            "t.id"
                                        ],
                                        "Hash Buckets": 524288,
                                        "Original Hash Buckets": 524288,
                                        "Hash Batches": 1,
                                        "Original Hash Batches": 1,
                                        "Peak Memory Usage": 23552,
                                        "Workers": [
                                            {
                                                "Worker Number": 0,
                                                "Actual Startup Time": 126.019,
                                                "Actual Total Time": 126.02,
                                                "Actual Rows": 67212,
                                                "Actual Loops": 1
                                            },
                                            {
                                                "Worker Number": 1,
                                                "Actual Startup Time": 130.547,
                                                "Actual Total Time": 130.548,
                                                "Actual Rows": 63216,
                                                "Actual Loops": 1
                                            },
                                            {
                                                "Worker Number": 2,
                                                "Actual Startup Time": 131.199,
                                                "Actual Total Time": 131.2,
                                                "Actual Rows": 69889,
                                                "Actual Loops": 1
                                            },
                                            {
                                                "Worker Number": 3,
                                                "Actual Startup Time": 130.837,
                                                "Actual Total Time": 130.838,
                                                "Actual Rows": 62486,
                                                "Actual Loops": 1
                                            },
                                            {
                                                "Worker Number": 4,
                                                "Actual Startup Time": 132.163,
                                                "Actual Total Time": 132.163,
                                                "Actual Rows": 67567,
                                                "Actual Loops": 1
                                            },
                                            {
                                                "Worker Number": 5,
                                                "Actual Startup Time": 132.26,
                                                "Actual Total Time": 132.261,
                                                "Actual Rows": 67156,
                                                "Actual Loops": 1
                                            }
                                        ],
                                        "Plans": [
                                            {
                                                "Node Type": "Seq Scan",
                                                "Parent Relationship": "Outer",
                                                "Parallel Aware": true,
                                                "Relation Name": "title",
                                                "Schema": "public",
                                                "Alias": "t",
                                                "Startup Cost": 0.0,
                                                "Total Cost": 43899.01,
                                                "Plan Rows": 125250,
                                                "Plan Width": 4,
                                                "Actual Startup Time": 0.077,
                                                "Actual Total Time": 83.353,
                                                "Actual Rows": 70576,
                                                "Actual Loops": 7,
                                                "Output": [
                                                    "t.id"
                                                ],
                                                "Filter": "(t.production_year < 1979)",
                                                "Rows Removed by Filter": 290612,
                                                "Workers": [
                                                    {
                                                        "Worker Number": 0,
                                                        "Actual Startup Time": 0.094,
                                                        "Actual Total Time": 82.177,
                                                        "Actual Rows": 67212,
                                                        "Actual Loops": 1
                                                    },
                                                    {
                                                        "Worker Number": 1,
                                                        "Actual Startup Time": 0.083,
                                                        "Actual Total Time": 84.13,
                                                        "Actual Rows": 63216,
                                                        "Actual Loops": 1
                                                    },
                                                    {
                                                        "Worker Number": 2,
                                                        "Actual Startup Time": 0.09,
                                                        "Actual Total Time": 85.267,
                                                        "Actual Rows": 69889,
                                                        "Actual Loops": 1
                                                    },
                                                    {
                                                        "Worker Number": 3,
                                                        "Actual Startup Time": 0.08,
                                                        "Actual Total Time": 83.922,
                                                        "Actual Rows": 62486,
                                                        "Actual Loops": 1
                                                    },
                                                    {
                                                        "Worker Number": 4,
                                                        "Actual Startup Time": 0.08,
                                                        "Actual Total Time": 84.207,
                                                        "Actual Rows": 67567,
                                                        "Actual Loops": 1
                                                    },
                                                    {
                                                        "Worker Number": 5,
                                                        "Actual Startup Time": 0.088,
                                                        "Actual Total Time": 84.199,
                                                        "Actual Rows": 67156,
                                                        "Actual Loops": 1
                                                    }
                                                ]
                                            }
                                        ]
                                    }
                                ]
                            }
                        ]
                    }
                ]
            }
        ]
    },
    "Planning Time": 0.658,
    "Triggers": [],
    "Execution Time": 2275.456
}