[
    {
        "Bao": {
            "Bao prediction": "NaN",
            "Bao recommended hint": "(no hint)"
        }
    },
    {
        "Plan": {
            "Node Type": "Aggregate",
            "Strategy": "Plain",
            "Partial Mode": "Finalize",
            "Parallel Aware": false,
            "Startup Cost": 41917.45,
            "Total Cost": 41917.46,
            "Plan Rows": 1,
            "Plan Width": 8,
            "Actual Startup Time": 115.103,
            "Actual Total Time": 119.804,
            "Actual Rows": 1,
            "Actual Loops": 1,
            "Output": [
                "count(*)"
            ],
            "Plans": [
                {
                    "Node Type": "Gather",
                    "Parent Relationship": "Outer",
                    "Parallel Aware": false,
                    "Startup Cost": 41917.14,
                    "Total Cost": 41917.45,
                    "Plan Rows": 3,
                    "Plan Width": 8,
                    "Actual Startup Time": 114.904,
                    "Actual Total Time": 119.797,
                    "Actual Rows": 4,
                    "Actual Loops": 1,
                    "Output": [
                        "(PARTIAL count(*))"
                    ],
                    "Workers Planned": 3,
                    "Workers Launched": 3,
                    "Single Copy": false,
                    "Plans": [
                        {
                            "Node Type": "Aggregate",
                            "Strategy": "Plain",
                            "Partial Mode": "Partial",
                            "Parent Relationship": "Outer",
                            "Parallel Aware": false,
                            "Startup Cost": 40917.14,
                            "Total Cost": 40917.15,
                            "Plan Rows": 1,
                            "Plan Width": 8,
                            "Actual Startup Time": 106.088,
                            "Actual Total Time": 106.089,
                            "Actual Rows": 1,
                            "Actual Loops": 4,
                            "Output": [
                                "PARTIAL count(*)"
                            ],
                            "Workers": [
                                {
                                    "Worker Number": 0,
                                    "Actual Startup Time": 103.124,
                                    "Actual Total Time": 103.125,
                                    "Actual Rows": 1,
                                    "Actual Loops": 1
                                },
                                {
                                    "Worker Number": 1,
                                    "Actual Startup Time": 103.22,
                                    "Actual Total Time": 103.222,
                                    "Actual Rows": 1,
                                    "Actual Loops": 1
                                },
                                {
                                    "Worker Number": 2,
                                    "Actual Startup Time": 103.711,
                                    "Actual Total Time": 103.713,
                                    "Actual Rows": 1,
                                    "Actual Loops": 1
                                }
                            ],
                            "Plans": [
                                {
                                    "Node Type": "Bitmap Heap Scan",
                                    "Parent Relationship": "Outer",
                                    "Parallel Aware": true,
                                    "Relation Name": "movie_keyword",
                                    "Schema": "public",
                                    "Alias": "mk",
                                    "Startup Cost": 13405.6,
                                    "Total Cost": 40407.55,
                                    "Plan Rows": 203836,
                                    "Plan Width": 0,
                                    "Actual Startup Time": 31.29,
                                    "Actual Total Time": 97.65,
                                    "Actual Rows": 153896,
                                    "Actual Loops": 4,
                                    "Recheck Cond": "(mk.keyword_id > 29654)",
                                    "Rows Removed by Index Recheck": 0,
                                    "Exact Heap Blocks": 10271,
                                    "Lossy Heap Blocks": 0,
                                    "Workers": [
                                        {
                                            "Worker Number": 0,
                                            "Actual Startup Time": 28.562,
                                            "Actual Total Time": 95.524,
                                            "Actual Rows": 118401,
                                            "Actual Loops": 1
                                        },
                                        {
                                            "Worker Number": 1,
                                            "Actual Startup Time": 28.41,
                                            "Actual Total Time": 95.571,
                                            "Actual Rows": 113664,
                                            "Actual Loops": 1
                                        },
                                        {
                                            "Worker Number": 2,
                                            "Actual Startup Time": 29.0,
                                            "Actual Total Time": 96.112,
                                            "Actual Rows": 114455,
                                            "Actual Loops": 1
                                        }
                                    ],
                                    "Plans": [
                                        {
                                            "Node Type": "Bitmap Index Scan",
                                            "Parent Relationship": "Outer",
                                            "Parallel Aware": false,
                                            "Index Name": "keyword_id_movie_keyword",
                                            "Startup Cost": 0.0,
                                            "Total Cost": 13247.62,
                                            "Plan Rows": 631892,
                                            "Plan Width": 0,
                                            "Actual Startup Time": 35.819,
                                            "Actual Total Time": 35.82,
                                            "Actual Rows": 615582,
                                            "Actual Loops": 1,
                                            "Index Cond": "(mk.keyword_id > 29654)"
                                        }
                                    ]
                                }
                            ]
                        }
                    ]
                }
            ]
        },
        "Planning Time": 201.766,
        "Triggers": [],
        "Execution Time": 119.911
    }
]