{
  "Plan": {
    "Node Type": "Aggregate",
    "Strategy": "Plain",
    "Partial Mode": "Simple",
    "Parallel Aware": false,
    "Startup Cost": 63549.73,
    "Total Cost": 63549.74,
    "Plan Rows": 1,
    "Plan Width": 8,
    "Actual Startup Time": 91.584,
    "Actual Total Time": 91.586,
    "Actual Rows": 1,
    "Actual Loops": 1,
    "Plans": [
      {
        "Node Type": "Nested Loop",
        "Parent Relationship": "Outer",
        "Parallel Aware": false,
        "Join Type": "Inner",
        "Startup Cost": 40851.98,
        "Total Cost": 63548.41,
        "Plan Rows": 528,
        "Plan Width": 0,
        "Actual Startup Time": 65.455,
        "Actual Total Time": 91.277,
        "Actual Rows": 6145,
        "Actual Loops": 1,
        "Inner Unique": false,
        "Plans": [
          {
            "Node Type": "Hash Join",
            "Parent Relationship": "Outer",
            "Parallel Aware": false,
            "Join Type": "Inner",
            "Startup Cost": 40851.55,
            "Total Cost": 62642.96,
            "Plan Rows": 512,
            "Plan Width": 8,
            "Actual Startup Time": 65.436,
            "Actual Total Time": 77.784,
            "Actual Rows": 3641,
            "Actual Loops": 1,
            "Inner Unique": true,
            "Hash Cond": "(mk.movie_id = t.id)",
            "Plans": [
              {
                "Node Type": "Bitmap Heap Scan",
                "Parent Relationship": "Outer",
                "Parallel Aware": false,
                "Relation Name": "movie_keyword",
                "Alias": "mk",
                "Startup Cost": 294.79,
                "Total Cost": 22050.18,
                "Plan Rows": 13723,
                "Plan Width": 4,
                "Actual Startup Time": 4.302,
                "Actual Total Time": 14.01,
                "Actual Rows": 13753,
                "Actual Loops": 1,
                "Recheck Cond": "(keyword_id = 121)",
                "Rows Removed by Index Recheck": 0,
                "Exact Heap Blocks": 6829,
                "Lossy Heap Blocks": 0,
                "Plans": [
                  {
                    "Node Type": "Bitmap Index Scan",
                    "Parent Relationship": "Outer",
                    "Parallel Aware": false,
                    "Index Name": "keyword_id_movie_keyword",
                    "Startup Cost": 0.0,
                    "Total Cost": 291.36,
                    "Plan Rows": 13723,
                    "Plan Width": 0,
                    "Actual Startup Time": 2.392,
                    "Actual Total Time": 2.392,
                    "Actual Rows": 13753,
                    "Actual Loops": 1,
                    "Index Cond": "(keyword_id = 121)"
                  }
                ]
              },
              {
                "Node Type": "Hash",
                "Parent Relationship": "Inner",
                "Parallel Aware": false,
                "Startup Cost": 39378.11,
                "Total Cost": 39378.11,
                "Plan Rows": 94292,
                "Plan Width": 4,
                "Actual Startup Time": 60.297,
                "Actual Total Time": 60.298,
                "Actual Rows": 100453,
                "Actual Loops": 1,
                "Hash Buckets": 131072,
                "Original Hash Buckets": 131072,
                "Hash Batches": 1,
                "Original Hash Batches": 1,
                "Peak Memory Usage": 4556,
                "Plans": [
                  {
                    "Node Type": "Bitmap Heap Scan",
                    "Parent Relationship": "Outer",
                    "Parallel Aware": false,
                    "Relation Name": "title",
                    "Alias": "t",
                    "Startup Cost": 1846.71,
                    "Total Cost": 39378.11,
                    "Plan Rows": 94292,
                    "Plan Width": 4,
                    "Actual Startup Time": 12.43,
                    "Actual Total Time": 47.409,
                    "Actual Rows": 100453,
                    "Actual Loops": 1,
                    "Recheck Cond": "(kind_id = 3)",
                    "Rows Removed by Index Recheck": 0,
                    "Filter": "(production_year > 1934)",
                    "Rows Removed by Filter": 84,
                    "Exact Heap Blocks": 12707,
                    "Lossy Heap Blocks": 0,
                    "Plans": [
                      {
                        "Node Type": "Bitmap Index Scan",
                        "Parent Relationship": "Outer",
                        "Parallel Aware": false,
                        "Index Name": "kind_id_title",
                        "Startup Cost": 0.0,
                        "Total Cost": 1823.13,
                        "Plan Rows": 102227,
                        "Plan Width": 0,
                        "Actual Startup Time": 9.474,
                        "Actual Total Time": 9.474,
                        "Actual Rows": 100537,
                        "Actual Loops": 1,
                        "Index Cond": "(kind_id = 3)"
                      }
                    ]
                  }
                ]
              }
            ]
          },
          {
            "Node Type": "Index Only Scan",
            "Parent Relationship": "Inner",
            "Parallel Aware": false,
            "Scan Direction": "Forward",
            "Index Name": "movie_id_movie_companies",
            "Relation Name": "movie_companies",
            "Alias": "mc",
            "Startup Cost": 0.43,
            "Total Cost": 1.72,
            "Plan Rows": 5,
            "Plan Width": 4,
            "Actual Startup Time": 0.003,
            "Actual Total Time": 0.003,
            "Actual Rows": 2,
            "Actual Loops": 3641,
            "Index Cond": "(movie_id = t.id)",
            "Rows Removed by Index Recheck": 0,
            "Heap Fetches": 6145
          }
        ]
      }
    ]
  },
  "Planning Time": 0.64,
  "Triggers": [],
  "Execution Time": 91.662
}