[
  {
    "Plan": {
      "Node Type": "Aggregate",
      "Strategy": "Plain",
      "Partial Mode": "Finalize",
      "Parallel Aware": false,
      "Startup Cost": 31868.1,
      "Total Cost": 31868.11,
      "Plan Rows": 1,
      "Plan Width": 8,
      "Actual Startup Time": 130.571,
      "Actual Total Time": 139.203,
      "Actual Rows": 1,
      "Actual Loops": 1,
      "Plans": [
        {
          "Node Type": "Gather",
          "Parent Relationship": "Outer",
          "Parallel Aware": false,
          "Startup Cost": 31867.78,
          "Total Cost": 31868.09,
          "Plan Rows": 3,
          "Plan Width": 8,
          "Actual Startup Time": 130.44,
          "Actual Total Time": 139.193,
          "Actual Rows": 4,
          "Actual Loops": 1,
          "Workers Planned": 3,
          "Workers Launched": 3,
          "Single Copy": false,
          "Plans": [
            {
              "Node Type": "Aggregate",
              "Strategy": "Plain",
              "Partial Mode": "Partial",
              "Parent Relationship": "Outer",
              "Parallel Aware": false,
              "Startup Cost": 30867.78,
              "Total Cost": 30867.79,
              "Plan Rows": 1,
              "Plan Width": 8,
              "Actual Startup Time": 121.845,
              "Actual Total Time": 121.846,
              "Actual Rows": 1,
              "Actual Loops": 4,
              "Plans": [
                {
                  "Node Type": "Seq Scan",
                  "Parent Relationship": "Outer",
                  "Parallel Aware": true,
                  "Relation Name": "movie_companies",
                  "Alias": "mc",
                  "Startup Cost": 0.0,
                  "Total Cost": 29310.68,
                  "Plan Rows": 622839,
                  "Plan Width": 0,
                  "Actual Startup Time": 0.045,
                  "Actual Total Time": 93.941,
                  "Actual Rows": 479024,
                  "Actual Loops": 4,
                  "Filter": "(company_id < 46748)",
                  "Rows Removed by Filter": 173259
                }
              ]
            }
          ]
        }
      ]
    },
    "Planning Time": 0.236,
    "Triggers": [],
    "Execution Time": 139.293
  }
]