[
    {
        "Bao": {
            "Bao prediction": "NaN",
            "Bao recommended hint": "(no hint)"
        }
    },
    {
        "Plan": {
            "Node Type": "Aggregate",
            "Strategy": "Plain",
            "Partial Mode": "Simple",
            "Parallel Aware": false,
            "Startup Cost": 16257.37,
            "Total Cost": 16257.38,
            "Plan Rows": 1,
            "Plan Width": 8,
            "Actual Startup Time": 5.382,
            "Actual Total Time": 5.384,
            "Actual Rows": 1,
            "Actual Loops": 1,
            "Output": [
                "count(*)"
            ],
            "Plans": [
                {
                    "Node Type": "Bitmap Heap Scan",
                    "Parent Relationship": "Outer",
                    "Parallel Aware": false,
                    "Relation Name": "movie_keyword",
                    "Schema": "public",
                    "Alias": "mk",
                    "Startup Cost": 162.74,
                    "Total Cost": 16238.56,
                    "Plan Rows": 7524,
                    "Plan Width": 0,
                    "Actual Startup Time": 0.733,
                    "Actual Total Time": 4.985,
                    "Actual Rows": 5794,
                    "Actual Loops": 1,
                    "Recheck Cond": "(mk.keyword_id > 128792)",
                    "Rows Removed by Index Recheck": 0,
                    "Exact Heap Blocks": 1869,
                    "Lossy Heap Blocks": 0,
                    "Plans": [
                        {
                            "Node Type": "Bitmap Index Scan",
                            "Parent Relationship": "Outer",
                            "Parallel Aware": false,
                            "Index Name": "keyword_id_movie_keyword",
                            "Startup Cost": 0.0,
                            "Total Cost": 160.86,
                            "Plan Rows": 7524,
                            "Plan Width": 0,
                            "Actual Startup Time": 0.476,
                            "Actual Total Time": 0.477,
                            "Actual Rows": 5794,
                            "Actual Loops": 1,
                            "Index Cond": "(mk.keyword_id > 128792)"
                        }
                    ]
                }
            ]
        },
        "Planning Time": 217.172,
        "Triggers": [],
        "Execution Time": 5.431
    }
]