[
  {
    "Plan": {
      "Node Type": "Aggregate",
      "Strategy": "Plain",
      "Partial Mode": "Finalize",
      "Parallel Aware": false,
      "Startup Cost": 76188.38,
      "Total Cost": 76188.39,
      "Plan Rows": 1,
      "Plan Width": 8,
      "Actual Startup Time": 479.417,
      "Actual Total Time": 496.061,
      "Actual Rows": 1,
      "Actual Loops": 1,
      "Plans": [
        {
          "Node Type": "Gather",
          "Parent Relationship": "Outer",
          "Parallel Aware": false,
          "Startup Cost": 76188.06,
          "Total Cost": 76188.37,
          "Plan Rows": 3,
          "Plan Width": 8,
          "Actual Startup Time": 470.297,
          "Actual Total Time": 496.05,
          "Actual Rows": 4,
          "Actual Loops": 1,
          "Workers Planned": 3,
          "Workers Launched": 3,
          "Single Copy": false,
          "Plans": [
            {
              "Node Type": "Aggregate",
              "Strategy": "Plain",
              "Partial Mode": "Partial",
              "Parent Relationship": "Outer",
              "Parallel Aware": false,
              "Startup Cost": 75188.06,
              "Total Cost": 75188.07,
              "Plan Rows": 1,
              "Plan Width": 8,
              "Actual Startup Time": 458.318,
              "Actual Total Time": 458.322,
              "Actual Rows": 1,
              "Actual Loops": 4,
              "Plans": [
                {
                  "Node Type": "Hash Join",
                  "Parent Relationship": "Outer",
                  "Parallel Aware": true,
                  "Join Type": "Inner",
                  "Startup Cost": 55114.48,
                  "Total Cost": 75005.99,
                  "Plan Rows": 72827,
                  "Plan Width": 0,
                  "Actual Startup Time": 404.429,
                  "Actual Total Time": 454.146,
                  "Actual Rows": 55784,
                  "Actual Loops": 4,
                  "Inner Unique": true,
                  "Hash Cond": "(mc.movie_id = t.id)",
                  "Plans": [
                    {
                      "Node Type": "Bitmap Heap Scan",
                      "Parent Relationship": "Outer",
                      "Parallel Aware": true,
                      "Relation Name": "movie_companies",
                      "Alias": "mc",
                      "Startup Cost": 4894.1,
                      "Total Cost": 24594.44,
                      "Plan Rows": 72827,
                      "Plan Width": 4,
                      "Actual Startup Time": 13.437,
                      "Actual Total Time": 32.161,
                      "Actual Rows": 55784,
                      "Actual Loops": 4,
                      "Recheck Cond": "(company_id > 107140)",
                      "Rows Removed by Index Recheck": 0,
                      "Exact Heap Blocks": 1356,
                      "Lossy Heap Blocks": 0,
                      "Plans": [
                        {
                          "Node Type": "Bitmap Index Scan",
                          "Parent Relationship": "Outer",
                          "Parallel Aware": false,
                          "Index Name": "company_id_movie_companies",
                          "Startup Cost": 0.0,
                          "Total Cost": 4837.66,
                          "Plan Rows": 225764,
                          "Plan Width": 0,
                          "Actual Startup Time": 12.409,
                          "Actual Total Time": 12.41,
                          "Actual Rows": 223135,
                          "Actual Loops": 1,
                          "Index Cond": "(company_id > 107140)"
                        }
                      ]
                    },
                    {
                      "Node Type": "Hash",
                      "Parent Relationship": "Inner",
                      "Parallel Aware": true,
                      "Startup Cost": 42319.06,
                      "Total Cost": 42319.06,
                      "Plan Rows": 632106,
                      "Plan Width": 4,
                      "Actual Startup Time": 381.681,
                      "Actual Total Time": 381.682,
                      "Actual Rows": 632078,
                      "Actual Loops": 4,
                      "Hash Buckets": 4194304,
                      "Original Hash Buckets": 4194304,
                      "Hash Batches": 1,
                      "Original Hash Batches": 1,
                      "Peak Memory Usage": 131744,
                      "Plans": [
                        {
                          "Node Type": "Seq Scan",
                          "Parent Relationship": "Outer",
                          "Parallel Aware": true,
                          "Relation Name": "title",
                          "Alias": "t",
                          "Startup Cost": 0.0,
                          "Total Cost": 42319.06,
                          "Plan Rows": 632106,
                          "Plan Width": 4,
                          "Actual Startup Time": 0.031,
                          "Actual Total Time": 120.224,
                          "Actual Rows": 632078,
                          "Actual Loops": 4
                        }
                      ]
                    }
                  ]
                }
              ]
            }
          ]
        }
      ]
    },
    "Planning Time": 0.308,
    "Triggers": [],
    "Execution Time": 496.108
  }
]