[
    {
        "Bao": {
            "Bao prediction": "NaN",
            "Bao recommended hint": "(no hint)"
        }
    },
    {
        "Plan": {
            "Node Type": "Aggregate",
            "Strategy": "Plain",
            "Partial Mode": "Finalize",
            "Parallel Aware": false,
            "Startup Cost": 41440.06,
            "Total Cost": 41440.07,
            "Plan Rows": 1,
            "Plan Width": 8,
            "Actual Startup Time": 159.524,
            "Actual Total Time": 165.297,
            "Actual Rows": 1,
            "Actual Loops": 1,
            "Output": [
                "count(*)"
            ],
            "Plans": [
                {
                    "Node Type": "Gather",
                    "Parent Relationship": "Outer",
                    "Parallel Aware": false,
                    "Startup Cost": 41439.75,
                    "Total Cost": 41440.06,
                    "Plan Rows": 3,
                    "Plan Width": 8,
                    "Actual Startup Time": 159.148,
                    "Actual Total Time": 165.289,
                    "Actual Rows": 4,
                    "Actual Loops": 1,
                    "Output": [
                        "(PARTIAL count(*))"
                    ],
                    "Workers Planned": 3,
                    "Workers Launched": 3,
                    "Single Copy": false,
                    "Plans": [
                        {
                            "Node Type": "Aggregate",
                            "Strategy": "Plain",
                            "Partial Mode": "Partial",
                            "Parent Relationship": "Outer",
                            "Parallel Aware": false,
                            "Startup Cost": 40439.75,
                            "Total Cost": 40439.76,
                            "Plan Rows": 1,
                            "Plan Width": 8,
                            "Actual Startup Time": 149.992,
                            "Actual Total Time": 149.994,
                            "Actual Rows": 1,
                            "Actual Loops": 4,
                            "Output": [
                                "PARTIAL count(*)"
                            ],
                            "Workers": [
                                {
                                    "Worker Number": 0,
                                    "Actual Startup Time": 147.207,
                                    "Actual Total Time": 147.209,
                                    "Actual Rows": 1,
                                    "Actual Loops": 1
                                },
                                {
                                    "Worker Number": 1,
                                    "Actual Startup Time": 147.107,
                                    "Actual Total Time": 147.109,
                                    "Actual Rows": 1,
                                    "Actual Loops": 1
                                },
                                {
                                    "Worker Number": 2,
                                    "Actual Startup Time": 147.131,
                                    "Actual Total Time": 147.132,
                                    "Actual Rows": 1,
                                    "Actual Loops": 1
                                }
                            ],
                            "Plans": [
                                {
                                    "Node Type": "Bitmap Heap Scan",
                                    "Parent Relationship": "Outer",
                                    "Parallel Aware": true,
                                    "Relation Name": "movie_keyword",
                                    "Schema": "public",
                                    "Alias": "mk",
                                    "Startup Cost": 13016.38,
                                    "Total Cost": 39944.85,
                                    "Plan Rows": 197958,
                                    "Plan Width": 0,
                                    "Actual Startup Time": 66.913,
                                    "Actual Total Time": 141.916,
                                    "Actual Rows": 151624,
                                    "Actual Loops": 4,
                                    "Recheck Cond": "(mk.keyword_id > 30447)",
                                    "Rows Removed by Index Recheck": 0,
                                    "Exact Heap Blocks": 9945,
                                    "Lossy Heap Blocks": 0,
                                    "Workers": [
                                        {
                                            "Worker Number": 0,
                                            "Actual Startup Time": 64.157,
                                            "Actual Total Time": 139.815,
                                            "Actual Rows": 115549,
                                            "Actual Loops": 1
                                        },
                                        {
                                            "Worker Number": 1,
                                            "Actual Startup Time": 64.354,
                                            "Actual Total Time": 139.714,
                                            "Actual Rows": 116603,
                                            "Actual Loops": 1
                                        },
                                        {
                                            "Worker Number": 2,
                                            "Actual Startup Time": 64.109,
                                            "Actual Total Time": 139.835,
                                            "Actual Rows": 115712,
                                            "Actual Loops": 1
                                        }
                                    ],
                                    "Plans": [
                                        {
                                            "Node Type": "Bitmap Index Scan",
                                            "Parent Relationship": "Outer",
                                            "Parallel Aware": false,
                                            "Index Name": "keyword_id_movie_keyword",
                                            "Startup Cost": 0.0,
                                            "Total Cost": 12862.96,
                                            "Plan Rows": 613670,
                                            "Plan Width": 0,
                                            "Actual Startup Time": 71.65,
                                            "Actual Total Time": 71.651,
                                            "Actual Rows": 606497,
                                            "Actual Loops": 1,
                                            "Index Cond": "(mk.keyword_id > 30447)"
                                        }
                                    ]
                                }
                            ]
                        }
                    ]
                }
            ]
        },
        "Planning Time": 256.718,
        "Triggers": [],
        "Execution Time": 165.398
    }
]