[
  {
    "Plan": {
      "Node Type": "Aggregate",
      "Strategy": "Plain",
      "Partial Mode": "Finalize",
      "Parallel Aware": false,
      "Startup Cost": 30786.58,
      "Total Cost": 30786.59,
      "Plan Rows": 1,
      "Plan Width": 8,
      "Actual Startup Time": 99.375,
      "Actual Total Time": 107.809,
      "Actual Rows": 1,
      "Actual Loops": 1,
      "Plans": [
        {
          "Node Type": "Gather",
          "Parent Relationship": "Outer",
          "Parallel Aware": false,
          "Startup Cost": 30786.26,
          "Total Cost": 30786.57,
          "Plan Rows": 3,
          "Plan Width": 8,
          "Actual Startup Time": 99.199,
          "Actual Total Time": 107.8,
          "Actual Rows": 4,
          "Actual Loops": 1,
          "Workers Planned": 3,
          "Workers Launched": 3,
          "Single Copy": false,
          "Plans": [
            {
              "Node Type": "Aggregate",
              "Strategy": "Plain",
              "Partial Mode": "Partial",
              "Parent Relationship": "Outer",
              "Parallel Aware": false,
              "Startup Cost": 29786.26,
              "Total Cost": 29786.27,
              "Plan Rows": 1,
              "Plan Width": 8,
              "Actual Startup Time": 90.803,
              "Actual Total Time": 90.804,
              "Actual Rows": 1,
              "Actual Loops": 4,
              "Plans": [
                {
                  "Node Type": "Seq Scan",
                  "Parent Relationship": "Outer",
                  "Parallel Aware": true,
                  "Relation Name": "movie_companies",
                  "Alias": "mc",
                  "Startup Cost": 0.0,
                  "Total Cost": 29310.68,
                  "Plan Rows": 190231,
                  "Plan Width": 0,
                  "Actual Startup Time": 0.06,
                  "Actual Total Time": 79.993,
                  "Actual Rows": 145477,
                  "Actual Loops": 4,
                  "Filter": "(company_id < 656)",
                  "Rows Removed by Filter": 506805
                }
              ]
            }
          ]
        }
      ]
    },
    "Planning Time": 0.206,
    "Triggers": [],
    "Execution Time": 107.866
  }
]