[
  {
    "Plan": {
      "Node Type": "Aggregate",
      "Strategy": "Plain",
      "Partial Mode": "Finalize",
      "Parallel Aware": false,
      "Startup Cost": 91702.93,
      "Total Cost": 91702.94,
      "Plan Rows": 1,
      "Plan Width": 8,
      "Actual Startup Time": 337.298,
      "Actual Total Time": 354.009,
      "Actual Rows": 1,
      "Actual Loops": 1,
      "Plans": [
        {
          "Node Type": "Gather",
          "Parent Relationship": "Outer",
          "Parallel Aware": false,
          "Startup Cost": 91702.61,
          "Total Cost": 91702.92,
          "Plan Rows": 3,
          "Plan Width": 8,
          "Actual Startup Time": 335.237,
          "Actual Total Time": 353.998,
          "Actual Rows": 4,
          "Actual Loops": 1,
          "Workers Planned": 3,
          "Workers Launched": 3,
          "Single Copy": false,
          "Plans": [
            {
              "Node Type": "Aggregate",
              "Strategy": "Plain",
              "Partial Mode": "Partial",
              "Parent Relationship": "Outer",
              "Parallel Aware": false,
              "Startup Cost": 90702.61,
              "Total Cost": 90702.62,
              "Plan Rows": 1,
              "Plan Width": 8,
              "Actual Startup Time": 328.702,
              "Actual Total Time": 328.706,
              "Actual Rows": 1,
              "Actual Loops": 4,
              "Plans": [
                {
                  "Node Type": "Hash Join",
                  "Parent Relationship": "Outer",
                  "Parallel Aware": true,
                  "Join Type": "Inner",
                  "Startup Cost": 45254.76,
                  "Total Cost": 90316.11,
                  "Plan Rows": 154600,
                  "Plan Width": 0,
                  "Actual Startup Time": 141.371,
                  "Actual Total Time": 321.487,
                  "Actual Rows": 179018,
                  "Actual Loops": 4,
                  "Inner Unique": true,
                  "Hash Cond": "(mk.movie_id = t.id)",
                  "Plans": [
                    {
                      "Node Type": "Seq Scan",
                      "Parent Relationship": "Outer",
                      "Parallel Aware": true,
                      "Relation Name": "movie_keyword",
                      "Alias": "mk",
                      "Startup Cost": 0.0,
                      "Total Cost": 42695.65,
                      "Plan Rows": 901219,
                      "Plan Width": 4,
                      "Actual Startup Time": 0.026,
                      "Actual Total Time": 102.8,
                      "Actual Rows": 701678,
                      "Actual Loops": 4,
                      "Filter": "(keyword_id < 8275)",
                      "Rows Removed by Filter": 429305
                    },
                    {
                      "Node Type": "Hash",
                      "Parent Relationship": "Inner",
                      "Parallel Aware": true,
                      "Startup Cost": 43899.32,
                      "Total Cost": 43899.32,
                      "Plan Rows": 108435,
                      "Plan Width": 4,
                      "Actual Startup Time": 137.807,
                      "Actual Total Time": 137.808,
                      "Actual Rows": 112892,
                      "Actual Loops": 4,
                      "Hash Buckets": 524288,
                      "Original Hash Buckets": 524288,
                      "Hash Batches": 1,
                      "Original Hash Batches": 1,
                      "Peak Memory Usage": 21824,
                      "Plans": [
                        {
                          "Node Type": "Seq Scan",
                          "Parent Relationship": "Outer",
                          "Parallel Aware": true,
                          "Relation Name": "title",
                          "Alias": "t",
                          "Startup Cost": 0.0,
                          "Total Cost": 43899.32,
                          "Plan Rows": 108435,
                          "Plan Width": 4,
                          "Actual Startup Time": 0.038,
                          "Actual Total Time": 97.24,
                          "Actual Rows": 112892,
                          "Actual Loops": 4,
                          "Filter": "(production_year < 1976)",
                          "Rows Removed by Filter": 519186
                        }
                      ]
                    }
                  ]
                }
              ]
            }
          ]
        }
      ]
    },
    "Planning Time": 0.613,
    "Triggers": [],
    "Execution Time": 354.07
  }
]