{
  "Plan": {
    "Node Type": "Aggregate",
    "Strategy": "Plain",
    "Partial Mode": "Finalize",
    "Parallel Aware": false,
    "Startup Cost": 208251.36,
    "Total Cost": 208251.37,
    "Plan Rows": 1,
    "Plan Width": 8,
    "Actual Startup Time": 904.498,
    "Actual Total Time": 923.213,
    "Actual Rows": 1,
    "Actual Loops": 1,
    "Plans": [
      {
        "Node Type": "Gather",
        "Parent Relationship": "Outer",
        "Parallel Aware": false,
        "Startup Cost": 208251.25,
        "Total Cost": 208251.36,
        "Plan Rows": 1,
        "Plan Width": 8,
        "Actual Startup Time": 896.042,
        "Actual Total Time": 923.204,
        "Actual Rows": 2,
        "Actual Loops": 1,
        "Workers Planned": 1,
        "Workers Launched": 1,
        "Single Copy": false,
        "Plans": [
          {
            "Node Type": "Aggregate",
            "Strategy": "Plain",
            "Partial Mode": "Partial",
            "Parent Relationship": "Outer",
            "Parallel Aware": false,
            "Startup Cost": 207251.25,
            "Total Cost": 207251.26,
            "Plan Rows": 1,
            "Plan Width": 8,
            "Actual Startup Time": 888.447,
            "Actual Total Time": 888.454,
            "Actual Rows": 1,
            "Actual Loops": 2,
            "Plans": [
              {
                "Node Type": "Merge Join",
                "Parent Relationship": "Outer",
                "Parallel Aware": false,
                "Join Type": "Inner",
                "Startup Cost": 202583.79,
                "Total Cost": 207103.53,
                "Plan Rows": 59089,
                "Plan Width": 0,
                "Actual Startup Time": 808.875,
                "Actual Total Time": 883.636,
                "Actual Rows": 113104,
                "Actual Loops": 2,
                "Inner Unique": false,
                "Merge Cond": "(t.id = mi_idx.movie_id)",
                "Plans": [
                  {
                    "Node Type": "Sort",
                    "Parent Relationship": "Outer",
                    "Parallel Aware": false,
                    "Startup Cost": 136729.15,
                    "Total Cost": 137533.34,
                    "Plan Rows": 321674,
                    "Plan Width": 8,
                    "Actual Startup Time": 638.011,
                    "Actual Total Time": 647.529,
                    "Actual Rows": 270299,
                    "Actual Loops": 2,
                    "Sort Key": [
                      "t.id"
                    ],
                    "Sort Method": "quicksort",
                    "Sort Space Used": 25380,
                    "Sort Space Type": "Memory",
                    "Workers": [
                      {
                        "Worker Number": 0,
                        "Sort Method": "quicksort",
                        "Sort Space Used": 18394,
                        "Sort Space Type": "Memory"
                      }
                    ],
                    "Plans": [
                      {
                        "Node Type": "Hash Join",
                        "Parent Relationship": "Outer",
                        "Parallel Aware": true,
                        "Join Type": "Inner",
                        "Startup Cost": 63785.03,
                        "Total Cost": 107303.64,
                        "Plan Rows": 321674,
                        "Plan Width": 8,
                        "Actual Startup Time": 392.344,
                        "Actual Total Time": 586.141,
                        "Actual Rows": 270299,
                        "Actual Loops": 2,
                        "Inner Unique": true,
                        "Hash Cond": "(mc.movie_id = t.id)",
                        "Plans": [
                          {
                            "Node Type": "Seq Scan",
                            "Parent Relationship": "Outer",
                            "Parallel Aware": true,
                            "Relation Name": "movie_companies",
                            "Alias": "mc",
                            "Startup Cost": 0.0,
                            "Total Cost": 41811.73,
                            "Plan Rows": 650242,
                            "Plan Width": 4,
                            "Actual Startup Time": 49.703,
                            "Actual Total Time": 118.496,
                            "Actual Rows": 447250,
                            "Actual Loops": 2,
                            "Filter": "((company_id < 78238) AND (company_type_id = 2))",
                            "Rows Removed by Filter": 857314
                          },
                          {
                            "Node Type": "Hash",
                            "Parent Relationship": "Inner",
                            "Parallel Aware": true,
                            "Startup Cost": 54588.39,
                            "Total Cost": 54588.39,
                            "Plan Rows": 735731,
                            "Plan Width": 4,
                            "Actual Startup Time": 328.026,
                            "Actual Total Time": 328.027,
                            "Actual Rows": 631850,
                            "Actual Loops": 2,
                            "Hash Buckets": 2097152,
                            "Original Hash Buckets": 2097152,
                            "Hash Batches": 1,
                            "Original Hash Batches": 1,
                            "Peak Memory Usage": 65856,
                            "Plans": [
                              {
                                "Node Type": "Seq Scan",
                                "Parent Relationship": "Outer",
                                "Parallel Aware": true,
                                "Relation Name": "title",
                                "Alias": "t",
                                "Startup Cost": 0.0,
                                "Total Cost": 54588.39,
                                "Plan Rows": 735731,
                                "Plan Width": 4,
                                "Actual Startup Time": 0.029,
                                "Actual Total Time": 163.302,
                                "Actual Rows": 631850,
                                "Actual Loops": 2,
                                "Filter": "(production_year < 2004)",
                                "Rows Removed by Filter": 632306
                              }
                            ]
                          }
                        ]
                      }
                    ]
                  },
                  {
                    "Node Type": "Sort",
                    "Parent Relationship": "Inner",
                    "Parallel Aware": false,
                    "Startup Cost": 65854.6,
                    "Total Cost": 67015.67,
                    "Plan Rows": 464428,
                    "Plan Width": 4,
                    "Actual Startup Time": 170.853,
                    "Actual Total Time": 188.203,
                    "Actual Rows": 493224,
                    "Actual Loops": 2,
                    "Sort Key": [
                      "mi_idx.movie_id"
                    ],
                    "Sort Method": "quicksort",
                    "Sort Space Used": 33847,
                    "Sort Space Type": "Memory",
                    "Workers": [
                      {
                        "Worker Number": 0,
                        "Sort Method": "quicksort",
                        "Sort Space Used": 33847,
                        "Sort Space Type": "Memory"
                      }
                    ],
                    "Plans": [
                      {
                        "Node Type": "Bitmap Heap Scan",
                        "Parent Relationship": "Outer",
                        "Parallel Aware": false,
                        "Relation Name": "movie_info_idx",
                        "Alias": "mi_idx",
                        "Startup Cost": 8399.74,
                        "Total Cost": 22140.09,
                        "Plan Rows": 464428,
                        "Plan Width": 4,
                        "Actual Startup Time": 23.999,
                        "Actual Total Time": 80.329,
                        "Actual Rows": 459925,
                        "Actual Loops": 2,
                        "Recheck Cond": "(info_type_id = 100)",
                        "Rows Removed by Index Recheck": 0,
                        "Exact Heap Blocks": 7934,
                        "Lossy Heap Blocks": 0,
                        "Plans": [
                          {
                            "Node Type": "Bitmap Index Scan",
                            "Parent Relationship": "Outer",
                            "Parallel Aware": false,
                            "Index Name": "info_type_id_movie_info_idx",
                            "Startup Cost": 0.0,
                            "Total Cost": 8283.64,
                            "Plan Rows": 464428,
                            "Plan Width": 0,
                            "Actual Startup Time": 23.083,
                            "Actual Total Time": 23.083,
                            "Actual Rows": 459925,
                            "Actual Loops": 2,
                            "Index Cond": "(info_type_id = 100)"
                          }
                        ]
                      }
                    ]
                  }
                ]
              }
            ]
          }
        ]
      }
    ]
  },
  "Planning Time": 1.056,
  "Triggers": [],
  "Execution Time": 928.183
}