[
  {
    "Plan": {
      "Node Type": "Aggregate",
      "Strategy": "Plain",
      "Partial Mode": "Simple",
      "Parallel Aware": false,
      "Startup Cost": 16660.87,
      "Total Cost": 16660.88,
      "Plan Rows": 1,
      "Plan Width": 8,
      "Actual Startup Time": 24.56,
      "Actual Total Time": 24.562,
      "Actual Rows": 1,
      "Actual Loops": 1,
      "Plans": [
        {
          "Node Type": "Bitmap Heap Scan",
          "Parent Relationship": "Outer",
          "Parallel Aware": false,
          "Relation Name": "movie_keyword",
          "Alias": "mk",
          "Startup Cost": 169.2,
          "Total Cost": 16641.27,
          "Plan Rows": 7841,
          "Plan Width": 0,
          "Actual Startup Time": 4.085,
          "Actual Total Time": 23.442,
          "Actual Rows": 9942,
          "Actual Loops": 1,
          "Recheck Cond": "(keyword_id = 56)",
          "Rows Removed by Index Recheck": 0,
          "Exact Heap Blocks": 7478,
          "Lossy Heap Blocks": 0,
          "Plans": [
            {
              "Node Type": "Bitmap Index Scan",
              "Parent Relationship": "Outer",
              "Parallel Aware": false,
              "Index Name": "keyword_id_movie_keyword",
              "Startup Cost": 0.0,
              "Total Cost": 167.24,
              "Plan Rows": 7841,
              "Plan Width": 0,
              "Actual Startup Time": 2.027,
              "Actual Total Time": 2.027,
              "Actual Rows": 9942,
              "Actual Loops": 1,
              "Index Cond": "(keyword_id = 56)"
            }
          ]
        }
      ]
    },
    "Planning Time": 0.108,
    "Triggers": [],
    "Execution Time": 24.603
  }
]