{
  "Plan": {
    "Node Type": "Aggregate",
    "Strategy": "Plain",
    "Partial Mode": "Finalize",
    "Parallel Aware": false,
    "Startup Cost": 486881.19,
    "Total Cost": 486881.2,
    "Plan Rows": 1,
    "Plan Width": 8,
    "Actual Startup Time": 2486.541,
    "Actual Total Time": 2521.934,
    "Actual Rows": 1,
    "Actual Loops": 1,
    "Plans": [
      {
        "Node Type": "Gather",
        "Parent Relationship": "Outer",
        "Parallel Aware": false,
        "Startup Cost": 486881.08,
        "Total Cost": 486881.19,
        "Plan Rows": 1,
        "Plan Width": 8,
        "Actual Startup Time": 2477.706,
        "Actual Total Time": 2521.923,
        "Actual Rows": 2,
        "Actual Loops": 1,
        "Workers Planned": 1,
        "Workers Launched": 1,
        "Single Copy": false,
        "Plans": [
          {
            "Node Type": "Aggregate",
            "Strategy": "Plain",
            "Partial Mode": "Partial",
            "Parent Relationship": "Outer",
            "Parallel Aware": false,
            "Startup Cost": 485881.08,
            "Total Cost": 485881.09,
            "Plan Rows": 1,
            "Plan Width": 8,
            "Actual Startup Time": 2470.331,
            "Actual Total Time": 2472.043,
            "Actual Rows": 1,
            "Actual Loops": 2,
            "Plans": [
              {
                "Node Type": "Hash Join",
                "Parent Relationship": "Outer",
                "Parallel Aware": true,
                "Join Type": "Inner",
                "Startup Cost": 192466.14,
                "Total Cost": 482778.44,
                "Plan Rows": 1241057,
                "Plan Width": 0,
                "Actual Startup Time": 1324.242,
                "Actual Total Time": 2308.655,
                "Actual Rows": 4276186,
                "Actual Loops": 2,
                "Inner Unique": false,
                "Hash Cond": "(ci.movie_id = t.id)",
                "Plans": [
                  {
                    "Node Type": "Bitmap Heap Scan",
                    "Parent Relationship": "Outer",
                    "Parallel Aware": true,
                    "Relation Name": "cast_info",
                    "Alias": "ci",
                    "Startup Cost": 70071.11,
                    "Total Cost": 346085.0,
                    "Plan Rows": 1866151,
                    "Plan Width": 4,
                    "Actual Startup Time": 153.985,
                    "Actual Total Time": 332.933,
                    "Actual Rows": 1536342,
                    "Actual Loops": 2,
                    "Recheck Cond": "(person_id > 3495149)",
                    "Rows Removed by Index Recheck": 0,
                    "Exact Heap Blocks": 21729,
                    "Lossy Heap Blocks": 0,
                    "Plans": [
                      {
                        "Node Type": "Bitmap Index Scan",
                        "Parent Relationship": "Outer",
                        "Parallel Aware": false,
                        "Index Name": "person_id_cast_info",
                        "Startup Cost": 0.0,
                        "Total Cost": 69277.99,
                        "Plan Rows": 3172457,
                        "Plan Width": 0,
                        "Actual Startup Time": 147.056,
                        "Actual Total Time": 147.056,
                        "Actual Rows": 3072685,
                        "Actual Loops": 1,
                        "Index Cond": "(person_id > 3495149)"
                      }
                    ]
                  },
                  {
                    "Node Type": "Hash",
                    "Parent Relationship": "Inner",
                    "Parallel Aware": true,
                    "Startup Cost": 110031.76,
                    "Total Cost": 110031.76,
                    "Plan Rows": 989062,
                    "Plan Width": 8,
                    "Actual Startup Time": 1155.946,
                    "Actual Total Time": 1157.656,
                    "Actual Rows": 834754,
                    "Actual Loops": 2,
                    "Hash Buckets": 2097152,
                    "Original Hash Buckets": 2097152,
                    "Hash Batches": 1,
                    "Original Hash Batches": 1,
                    "Peak Memory Usage": 81728,
                    "Plans": [
                      {
                        "Node Type": "Hash Join",
                        "Parent Relationship": "Outer",
                        "Parallel Aware": true,
                        "Join Type": "Inner",
                        "Startup Cost": 69460.7,
                        "Total Cost": 110031.76,
                        "Plan Rows": 989062,
                        "Plan Width": 8,
                        "Actual Startup Time": 535.139,
                        "Actual Total Time": 942.876,
                        "Actual Rows": 834754,
                        "Actual Loops": 2,
                        "Inner Unique": true,
                        "Hash Cond": "(mc.movie_id = t.id)",
                        "Plans": [
                          {
                            "Node Type": "Seq Scan",
                            "Parent Relationship": "Outer",
                            "Parallel Aware": true,
                            "Relation Name": "movie_companies",
                            "Alias": "mc",
                            "Startup Cost": 0.0,
                            "Total Cost": 37974.77,
                            "Plan Rows": 989062,
                            "Plan Width": 4,
                            "Actual Startup Time": 0.014,
                            "Actual Total Time": 127.697,
                            "Actual Rows": 834754,
                            "Actual Loops": 2,
                            "Filter": "(company_id < 19058)",
                            "Rows Removed by Filter": 469811
                          },
                          {
                            "Node Type": "Hash",
                            "Parent Relationship": "Inner",
                            "Parallel Aware": true,
                            "Startup Cost": 50870.31,
                            "Total Cost": 50870.31,
                            "Plan Rows": 1487231,
                            "Plan Width": 4,
                            "Actual Startup Time": 521.264,
                            "Actual Total Time": 521.265,
                            "Actual Rows": 1264156,
                            "Actual Loops": 2,
                            "Hash Buckets": 4194304,
                            "Original Hash Buckets": 4194304,
                            "Hash Batches": 1,
                            "Original Hash Batches": 1,
                            "Peak Memory Usage": 131712,
                            "Plans": [
                              {
                                "Node Type": "Seq Scan",
                                "Parent Relationship": "Outer",
                                "Parallel Aware": true,
                                "Relation Name": "title",
                                "Alias": "t",
                                "Startup Cost": 0.0,
                                "Total Cost": 50870.31,
                                "Plan Rows": 1487231,
                                "Plan Width": 4,
                                "Actual Startup Time": 0.025,
                                "Actual Total Time": 150.408,
                                "Actual Rows": 1264156,
                                "Actual Loops": 2
                              }
                            ]
                          }
                        ]
                      }
                    ]
                  }
                ]
              }
            ]
          }
        ]
      }
    ]
  },
  "Planning Time": 0.88,
  "Triggers": [],
  "Execution Time": 2522.039
}