[
  {
    "Plan": {
      "Node Type": "Aggregate",
      "Strategy": "Plain",
      "Partial Mode": "Finalize",
      "Parallel Aware": false,
      "Startup Cost": 353750.91,
      "Total Cost": 353750.92,
      "Plan Rows": 1,
      "Plan Width": 8,
      "Actual Startup Time": 1195.24,
      "Actual Total Time": 1296.102,
      "Actual Rows": 1,
      "Actual Loops": 1,
      "Plans": [
        {
          "Node Type": "Gather",
          "Parent Relationship": "Outer",
          "Parallel Aware": false,
          "Startup Cost": 353750.28,
          "Total Cost": 353750.89,
          "Plan Rows": 6,
          "Plan Width": 8,
          "Actual Startup Time": 1194.856,
          "Actual Total Time": 1296.072,
          "Actual Rows": 7,
          "Actual Loops": 1,
          "Workers Planned": 6,
          "Workers Launched": 6,
          "Single Copy": false,
          "Plans": [
            {
              "Node Type": "Aggregate",
              "Strategy": "Plain",
              "Partial Mode": "Partial",
              "Parent Relationship": "Outer",
              "Parallel Aware": false,
              "Startup Cost": 352750.28,
              "Total Cost": 352750.29,
              "Plan Rows": 1,
              "Plan Width": 8,
              "Actual Startup Time": 1183.319,
              "Actual Total Time": 1183.324,
              "Actual Rows": 1,
              "Actual Loops": 7,
              "Plans": [
                {
                  "Node Type": "Seq Scan",
                  "Parent Relationship": "Outer",
                  "Parallel Aware": true,
                  "Relation Name": "cast_info",
                  "Alias": "ci",
                  "Startup Cost": 0.0,
                  "Total Cost": 343316.27,
                  "Plan Rows": 3773604,
                  "Plan Width": 0,
                  "Actual Startup Time": 0.083,
                  "Actual Total Time": 1009.874,
                  "Actual Rows": 3569006,
                  "Actual Loops": 7,
                  "Filter": "((person_id < 2697914) AND (role_id < 10))",
                  "Rows Removed by Filter": 1608758
                }
              ]
            }
          ]
        }
      ]
    },
    "Planning Time": 0.262,
    "Triggers": [],
    "Execution Time": 1296.2
  }
]