{
    "Plan": {
        "Node Type": "Aggregate",
        "Strategy": "Plain",
        "Partial Mode": "Simple",
        "Parallel Aware": false,
        "Startup Cost": 30164157703.86,
        "Total Cost": 30164157703.87,
        "Plan Rows": 1,
        "Plan Width": 96,
        "Actual Startup Time": 245387.496,
        "Actual Total Time": 245387.508,
        "Actual Rows": 1,
        "Actual Loops": 1,
        "Output": [
            "min(k.keyword)",
            "min(n.name)",
            "min(t.title)"
        ],
        "Plans": [
            {
                "Node Type": "Nested Loop",
                "Parent Relationship": "Outer",
                "Parallel Aware": false,
                "Join Type": "Inner",
                "Startup Cost": 30164152356.93,
                "Total Cost": 30164157703.85,
                "Plan Rows": 1,
                "Plan Width": 48,
                "Actual Startup Time": 245337.505,
                "Actual Total Time": 245387.229,
                "Actual Rows": 598,
                "Actual Loops": 1,
                "Output": [
                    "k.keyword",
                    "n.name",
                    "t.title"
                ],
                "Inner Unique": true,
                "Join Filter": "(mk.movie_id = t.id)",
                "Rows Removed by Join Filter": 0,
                "Plans": [
                    {
                        "Node Type": "Hash Join",
                        "Parent Relationship": "Outer",
                        "Parallel Aware": false,
                        "Join Type": "Inner",
                        "Startup Cost": 20164152356.5,
                        "Total Cost": 20164157699.38,
                        "Plan Rows": 1,
                        "Plan Width": 39,
                        "Actual Startup Time": 245337.436,
                        "Actual Total Time": 245376.33,
                        "Actual Rows": 956,
                        "Actual Loops": 1,
                        "Output": [
                            "ci.movie_id",
                            "mk.movie_id",
                            "k.keyword",
                            "n.name"
                        ],
                        "Inner Unique": false,
                        "Hash Cond": "(k.id = mk.keyword_id)",
                        "Plans": [
                            {
                                "Node Type": "Index Scan",
                                "Parent Relationship": "Outer",
                                "Parallel Aware": false,
                                "Scan Direction": "Forward",
                                "Index Name": "keyword_pkey",
                                "Relation Name": "keyword",
                                "Schema": "public",
                                "Alias": "k",
                                "Startup Cost": 0.42,
                                "Total Cost": 5342.92,
                                "Plan Rows": 1,
                                "Plan Width": 20,
                                "Actual Startup Time": 2.074,
                                "Actual Total Time": 40.642,
                                "Actual Rows": 1,
                                "Actual Loops": 1,
                                "Output": [
                                    "k.id",
                                    "k.keyword",
                                    "k.phonetic_code"
                                ],
                                "Filter": "(k.keyword = 'fight'::text)",
                                "Rows Removed by Filter": 134169
                            },
                            {
                                "Node Type": "Hash",
                                "Parent Relationship": "Inner",
                                "Parallel Aware": false,
                                "Startup Cost": 20164152138.7,
                                "Total Cost": 20164152138.7,
                                "Plan Rows": 17390,
                                "Plan Width": 27,
                                "Actual Startup Time": 245335.285,
                                "Actual Total Time": 245335.294,
                                "Actual Rows": 637843,
                                "Actual Loops": 1,
                                "Output": [
                                    "ci.movie_id",
                                    "mk.keyword_id",
                                    "mk.movie_id",
                                    "n.name"
                                ],
                                "Hash Buckets": 1048576,
                                "Original Hash Buckets": 32768,
                                "Hash Batches": 1,
                                "Original Hash Batches": 1,
                                "Peak Memory Usage": 46489,
                                "Plans": [
                                    {
                                        "Node Type": "Merge Join",
                                        "Parent Relationship": "Outer",
                                        "Parallel Aware": false,
                                        "Join Type": "Inner",
                                        "Startup Cost": 20000614890.41,
                                        "Total Cost": 20164152138.7,
                                        "Plan Rows": 17390,
                                        "Plan Width": 27,
                                        "Actual Startup Time": 1215.732,
                                        "Actual Total Time": 245143.667,
                                        "Actual Rows": 637843,
                                        "Actual Loops": 1,
                                        "Output": [
                                            "ci.movie_id",
                                            "mk.keyword_id",
                                            "mk.movie_id",
                                            "n.name"
                                        ],
                                        "Inner Unique": false,
                                        "Merge Cond": "(mk.movie_id = ci.movie_id)",
                                        "Plans": [
                                            {
                                                "Node Type": "Sort",
                                                "Parent Relationship": "Outer",
                                                "Parallel Aware": false,
                                                "Startup Cost": 569794.43,
                                                "Total Cost": 581104.25,
                                                "Plan Rows": 4523930,
                                                "Plan Width": 8,
                                                "Actual Startup Time": 1090.845,
                                                "Actual Total Time": 1398.325,
                                                "Actual Rows": 4523928,
                                                "Actual Loops": 1,
                                                "Output": [
                                                    "mk.keyword_id",
                                                    "mk.movie_id"
                                                ],
                                                "Sort Key": [
                                                    "mk.movie_id"
                                                ],
                                                "Sort Method": "quicksort",
                                                "Sort Space Used": 408668,
                                                "Sort Space Type": "Memory",
                                                "Plans": [
                                                    {
                                                        "Node Type": "Seq Scan",
                                                        "Parent Relationship": "Outer",
                                                        "Parallel Aware": false,
                                                        "Relation Name": "movie_keyword",
                                                        "Schema": "public",
                                                        "Alias": "mk",
                                                        "Startup Cost": 0.0,
                                                        "Total Cost": 69693.3,
                                                        "Plan Rows": 4523930,
                                                        "Plan Width": 8,
                                                        "Actual Startup Time": 0.027,
                                                        "Actual Total Time": 409.87,
                                                        "Actual Rows": 4523930,
                                                        "Actual Loops": 1,
                                                        "Output": [
                                                            "mk.keyword_id",
                                                            "mk.movie_id"
                                                        ]
                                                    }
                                                ]
                                            },
                                            {
                                                "Node Type": "Materialize",
                                                "Parent Relationship": "Inner",
                                                "Parallel Aware": false,
                                                "Startup Cost": 20000000001.0,
                                                "Total Cost": 20163559475.13,
                                                "Plan Rows": 3627,
                                                "Plan Width": 19,
                                                "Actual Startup Time": 3.536,
                                                "Actual Total Time": 243400.179,
                                                "Actual Rows": 703101,
                                                "Actual Loops": 1,
                                                "Output": [
                                                    "ci.movie_id",
                                                    "n.name"
                                                ],
                                                "Plans": [
                                                    {
                                                        "Node Type": "Nested Loop",
                                                        "Parent Relationship": "Outer",
                                                        "Parallel Aware": false,
                                                        "Join Type": "Inner",
                                                        "Startup Cost": 20000000001.0,
                                                        "Total Cost": 20163559466.06,
                                                        "Plan Rows": 3627,
                                                        "Plan Width": 19,
                                                        "Actual Startup Time": 3.523,
                                                        "Actual Total Time": 243331.502,
                                                        "Actual Rows": 94781,
                                                        "Actual Loops": 1,
                                                        "Output": [
                                                            "ci.movie_id",
                                                            "n.name"
                                                        ],
                                                        "Inner Unique": true,
                                                        "Plans": [
                                                            {
                                                                "Node Type": "Index Scan",
                                                                "Parent Relationship": "Outer",
                                                                "Parallel Aware": false,
                                                                "Scan Direction": "Forward",
                                                                "Index Name": "movie_id_cast_info",
                                                                "Relation Name": "cast_info",
                                                                "Schema": "public",
                                                                "Alias": "ci",
                                                                "Startup Cost": 10000000000.57,
                                                                "Total Cost": 10002074909.69,
                                                                "Plan Rows": 36252776,
                                                                "Plan Width": 8,
                                                                "Actual Startup Time": 0.034,
                                                                "Actual Total Time": 40039.72,
                                                                "Actual Rows": 36244344,
                                                                "Actual Loops": 1,
                                                                "Output": [
                                                                    "ci.id",
                                                                    "ci.person_id",
                                                                    "ci.movie_id",
                                                                    "ci.person_role_id",
                                                                    "ci.note",
                                                                    "ci.nr_order",
                                                                    "ci.role_id"
                                                                ]
                                                            },
                                                            {
                                                                "Node Type": "Bitmap Heap Scan",
                                                                "Parent Relationship": "Inner",
                                                                "Parallel Aware": false,
                                                                "Relation Name": "name",
                                                                "Schema": "public",
                                                                "Alias": "n",
                                                                "Startup Cost": 0.44,
                                                                "Total Cost": 4.45,
                                                                "Plan Rows": 1,
                                                                "Plan Width": 19,
                                                                "Actual Startup Time": 0.004,
                                                                "Actual Total Time": 0.004,
                                                                "Actual Rows": 0,
                                                                "Actual Loops": 36244344,
                                                                "Output": [
                                                                    "n.id",
                                                                    "n.name",
                                                                    "n.imdb_index",
                                                                    "n.imdb_id",
                                                                    "n.gender",
                                                                    "n.name_pcode_cf",
                                                                    "n.name_pcode_nf",
                                                                    "n.surname_pcode",
                                                                    "n.md5sum"
                                                                ],
                                                                "Recheck Cond": "(n.id = ci.person_id)",
                                                                "Rows Removed by Index Recheck": 0,
                                                                "Filter": "(n.name ~~ '%Williams,%'::text)",
                                                                "Rows Removed by Filter": 1,
                                                                "Exact Heap Blocks": 36244344,
                                                                "Lossy Heap Blocks": 0,
                                                                "Plans": [
                                                                    {
                                                                        "Node Type": "Bitmap Index Scan",
                                                                        "Parent Relationship": "Outer",
                                                                        "Parallel Aware": false,
                                                                        "Index Name": "name_pkey",
                                                                        "Startup Cost": 0.0,
                                                                        "Total Cost": 0.44,
                                                                        "Plan Rows": 1,
                                                                        "Plan Width": 0,
                                                                        "Actual Startup Time": 0.002,
                                                                        "Actual Total Time": 0.002,
                                                                        "Actual Rows": 1,
                                                                        "Actual Loops": 36244344,
                                                                        "Index Cond": "(n.id = ci.person_id)"
                                                                    }
                                                                ]
                                                            }
                                                        ]
                                                    }
                                                ]
                                            }
                                        ]
                                    }
                                ]
                            }
                        ]
                    },
                    {
                        "Node Type": "Bitmap Heap Scan",
                        "Parent Relationship": "Inner",
                        "Parallel Aware": false,
                        "Relation Name": "title",
                        "Schema": "public",
                        "Alias": "t",
                        "Startup Cost": 0.44,
                        "Total Cost": 4.45,
                        "Plan Rows": 1,
                        "Plan Width": 21,
                        "Actual Startup Time": 0.01,
                        "Actual Total Time": 0.01,
                        "Actual Rows": 1,
                        "Actual Loops": 956,
                        "Output": [
                            "t.id",
                            "t.title",
                            "t.imdb_index",
                            "t.kind_id",
                            "t.production_year",
                            "t.imdb_id",
                            "t.phonetic_code",
                            "t.episode_of_id",
                            "t.season_nr",
                            "t.episode_nr",
                            "t.series_years",
                            "t.md5sum"
                        ],
                        "Recheck Cond": "(t.id = ci.movie_id)",
                        "Rows Removed by Index Recheck": 0,
                        "Filter": "(t.production_year > 1998)",
                        "Rows Removed by Filter": 0,
                        "Exact Heap Blocks": 956,
                        "Lossy Heap Blocks": 0,
                        "Plans": [
                            {
                                "Node Type": "Bitmap Index Scan",
                                "Parent Relationship": "Outer",
                                "Parallel Aware": false,
                                "Index Name": "title_pkey",
                                "Startup Cost": 0.0,
                                "Total Cost": 0.44,
                                "Plan Rows": 1,
                                "Plan Width": 0,
                                "Actual Startup Time": 0.006,
                                "Actual Total Time": 0.006,
                                "Actual Rows": 1,
                                "Actual Loops": 956,
                                "Index Cond": "(t.id = ci.movie_id)"
                            }
                        ]
                    }
                ]
            }
        ]
    },
    "Planning Time": 1.999,
    "Triggers": [],
    "Execution Time": 245388.119
}