[
  {
    "Plan": {
      "Node Type": "Aggregate",
      "Strategy": "Plain",
      "Partial Mode": "Finalize",
      "Parallel Aware": false,
      "Startup Cost": 45279.84,
      "Total Cost": 45279.85,
      "Plan Rows": 1,
      "Plan Width": 8,
      "Actual Startup Time": 154.86,
      "Actual Total Time": 163.319,
      "Actual Rows": 1,
      "Actual Loops": 1,
      "Plans": [
        {
          "Node Type": "Gather",
          "Parent Relationship": "Outer",
          "Parallel Aware": false,
          "Startup Cost": 45279.52,
          "Total Cost": 45279.83,
          "Plan Rows": 3,
          "Plan Width": 8,
          "Actual Startup Time": 154.734,
          "Actual Total Time": 163.31,
          "Actual Rows": 4,
          "Actual Loops": 1,
          "Workers Planned": 3,
          "Workers Launched": 3,
          "Single Copy": false,
          "Plans": [
            {
              "Node Type": "Aggregate",
              "Strategy": "Plain",
              "Partial Mode": "Partial",
              "Parent Relationship": "Outer",
              "Parallel Aware": false,
              "Startup Cost": 44279.52,
              "Total Cost": 44279.53,
              "Plan Rows": 1,
              "Plan Width": 8,
              "Actual Startup Time": 150.924,
              "Actual Total Time": 150.925,
              "Actual Rows": 1,
              "Actual Loops": 4,
              "Plans": [
                {
                  "Node Type": "Seq Scan",
                  "Parent Relationship": "Outer",
                  "Parallel Aware": true,
                  "Relation Name": "movie_keyword",
                  "Alias": "mk",
                  "Startup Cost": 0.0,
                  "Total Cost": 42695.65,
                  "Plan Rows": 633546,
                  "Plan Width": 0,
                  "Actual Startup Time": 0.27,
                  "Actual Total Time": 123.981,
                  "Actual Rows": 488363,
                  "Actual Loops": 4,
                  "Filter": "(keyword_id > 6585)",
                  "Rows Removed by Filter": 642619
                }
              ]
            }
          ]
        }
      ]
    },
    "Planning Time": 0.079,
    "Triggers": [],
    "Execution Time": 163.345
  }
]