[
  {
    "Plan": {
      "Node Type": "Aggregate",
      "Strategy": "Plain",
      "Partial Mode": "Finalize",
      "Parallel Aware": false,
      "Startup Cost": 55311.25,
      "Total Cost": 55311.26,
      "Plan Rows": 1,
      "Plan Width": 8,
      "Actual Startup Time": 60.395,
      "Actual Total Time": 68.325,
      "Actual Rows": 1,
      "Actual Loops": 1,
      "Plans": [
        {
          "Node Type": "Gather",
          "Parent Relationship": "Outer",
          "Parallel Aware": false,
          "Startup Cost": 55310.93,
          "Total Cost": 55311.24,
          "Plan Rows": 3,
          "Plan Width": 8,
          "Actual Startup Time": 60.131,
          "Actual Total Time": 68.317,
          "Actual Rows": 4,
          "Actual Loops": 1,
          "Workers Planned": 3,
          "Workers Launched": 3,
          "Single Copy": false,
          "Plans": [
            {
              "Node Type": "Aggregate",
              "Strategy": "Plain",
              "Partial Mode": "Partial",
              "Parent Relationship": "Outer",
              "Parallel Aware": false,
              "Startup Cost": 54310.93,
              "Total Cost": 54310.94,
              "Plan Rows": 1,
              "Plan Width": 8,
              "Actual Startup Time": 53.861,
              "Actual Total Time": 53.863,
              "Actual Rows": 1,
              "Actual Loops": 4,
              "Plans": [
                {
                  "Node Type": "Nested Loop",
                  "Parent Relationship": "Outer",
                  "Parallel Aware": false,
                  "Join Type": "Inner",
                  "Startup Cost": 296.7,
                  "Total Cost": 54302.76,
                  "Plan Rows": 3269,
                  "Plan Width": 0,
                  "Actual Startup Time": 5.4,
                  "Actual Total Time": 53.731,
                  "Actual Rows": 640,
                  "Actual Loops": 4,
                  "Inner Unique": false,
                  "Plans": [
                    {
                      "Node Type": "Nested Loop",
                      "Parent Relationship": "Outer",
                      "Parallel Aware": false,
                      "Join Type": "Inner",
                      "Startup Cost": 296.27,
                      "Total Cost": 49134.71,
                      "Plan Rows": 2726,
                      "Plan Width": 8,
                      "Actual Startup Time": 5.263,
                      "Actual Total Time": 39.227,
                      "Actual Rows": 404,
                      "Actual Loops": 4,
                      "Inner Unique": true,
                      "Plans": [
                        {
                          "Node Type": "Bitmap Heap Scan",
                          "Parent Relationship": "Outer",
                          "Parallel Aware": true,
                          "Relation Name": "movie_keyword",
                          "Alias": "mk",
                          "Startup Cost": 295.84,
                          "Total Cost": 22018.83,
                          "Plan Rows": 4471,
                          "Plan Width": 4,
                          "Actual Startup Time": 4.624,
                          "Actual Total Time": 12.864,
                          "Actual Rows": 3593,
                          "Actual Loops": 4,
                          "Recheck Cond": "(keyword_id < 3)",
                          "Rows Removed by Index Recheck": 0,
                          "Exact Heap Blocks": 2758,
                          "Lossy Heap Blocks": 0,
                          "Plans": [
                            {
                              "Node Type": "Bitmap Index Scan",
                              "Parent Relationship": "Outer",
                              "Parallel Aware": false,
                              "Index Name": "keyword_id_movie_keyword",
                              "Startup Cost": 0.0,
                              "Total Cost": 292.38,
                              "Plan Rows": 13859,
                              "Plan Width": 0,
                              "Actual Startup Time": 6.88,
                              "Actual Total Time": 6.881,
                              "Actual Rows": 14373,
                              "Actual Loops": 1,
                              "Index Cond": "(keyword_id < 3)"
                            }
                          ]
                        },
                        {
                          "Node Type": "Index Scan",
                          "Parent Relationship": "Inner",
                          "Parallel Aware": false,
                          "Scan Direction": "Forward",
                          "Index Name": "title_pkey",
                          "Relation Name": "title",
                          "Alias": "t",
                          "Startup Cost": 0.43,
                          "Total Cost": 6.06,
                          "Plan Rows": 1,
                          "Plan Width": 4,
                          "Actual Startup Time": 0.007,
                          "Actual Total Time": 0.007,
                          "Actual Rows": 0,
                          "Actual Loops": 14373,
                          "Index Cond": "(id = mk.movie_id)",
                          "Rows Removed by Index Recheck": 0,
                          "Filter": "(kind_id = 7)",
                          "Rows Removed by Filter": 1
                        }
                      ]
                    },
                    {
                      "Node Type": "Index Scan",
                      "Parent Relationship": "Inner",
                      "Parallel Aware": false,
                      "Scan Direction": "Forward",
                      "Index Name": "movie_id_movie_info",
                      "Relation Name": "movie_info",
                      "Alias": "mi",
                      "Startup Cost": 0.43,
                      "Total Cost": 1.82,
                      "Plan Rows": 8,
                      "Plan Width": 4,
                      "Actual Startup Time": 0.022,
                      "Actual Total Time": 0.035,
                      "Actual Rows": 2,
                      "Actual Loops": 1617,
                      "Index Cond": "(movie_id = t.id)",
                      "Rows Removed by Index Recheck": 0,
                      "Filter": "(info_type_id = 16)",
                      "Rows Removed by Filter": 9
                    }
                  ]
                }
              ]
            }
          ]
        }
      ]
    },
    "Planning Time": 1.584,
    "Triggers": [],
    "Execution Time": 68.427
  }
]