[
  {
    "Plan": {
      "Node Type": "Aggregate",
      "Strategy": "Plain",
      "Partial Mode": "Finalize",
      "Parallel Aware": false,
      "Startup Cost": 340216.97,
      "Total Cost": 340216.98,
      "Plan Rows": 1,
      "Plan Width": 8,
      "Actual Startup Time": 765.997,
      "Actual Total Time": 824.17,
      "Actual Rows": 1,
      "Actual Loops": 1,
      "Plans": [
        {
          "Node Type": "Gather",
          "Parent Relationship": "Outer",
          "Parallel Aware": false,
          "Startup Cost": 340216.34,
          "Total Cost": 340216.95,
          "Plan Rows": 6,
          "Plan Width": 8,
          "Actual Startup Time": 765.865,
          "Actual Total Time": 824.159,
          "Actual Rows": 7,
          "Actual Loops": 1,
          "Workers Planned": 6,
          "Workers Launched": 6,
          "Single Copy": false,
          "Plans": [
            {
              "Node Type": "Aggregate",
              "Strategy": "Plain",
              "Partial Mode": "Partial",
              "Parent Relationship": "Outer",
              "Parallel Aware": false,
              "Startup Cost": 339216.34,
              "Total Cost": 339216.35,
              "Plan Rows": 1,
              "Plan Width": 8,
              "Actual Startup Time": 757.947,
              "Actual Total Time": 757.948,
              "Actual Rows": 1,
              "Actual Loops": 7,
              "Plans": [
                {
                  "Node Type": "Seq Scan",
                  "Parent Relationship": "Outer",
                  "Parallel Aware": true,
                  "Relation Name": "cast_info",
                  "Alias": "ci",
                  "Startup Cost": 0.0,
                  "Total Cost": 328162.03,
                  "Plan Rows": 4421727,
                  "Plan Width": 0,
                  "Actual Startup Time": 107.293,
                  "Actual Total Time": 603.165,
                  "Actual Rows": 3781503,
                  "Actual Loops": 7,
                  "Filter": "(person_id > 961244)",
                  "Rows Removed by Filter": 1396260
                }
              ]
            }
          ]
        }
      ]
    },
    "Planning Time": 0.194,
    "Triggers": [],
    "Execution Time": 824.241
  }
]