{
  "Plan": {
    "Node Type": "Aggregate",
    "Strategy": "Plain",
    "Partial Mode": "Finalize",
    "Parallel Aware": false,
    "Startup Cost": 101842.56,
    "Total Cost": 101842.57,
    "Plan Rows": 1,
    "Plan Width": 8,
    "Actual Startup Time": 458.98,
    "Actual Total Time": 493.639,
    "Actual Rows": 1,
    "Actual Loops": 1,
    "Plans": [
      {
        "Node Type": "Gather",
        "Parent Relationship": "Outer",
        "Parallel Aware": false,
        "Startup Cost": 101842.44,
        "Total Cost": 101842.55,
        "Plan Rows": 1,
        "Plan Width": 8,
        "Actual Startup Time": 458.867,
        "Actual Total Time": 493.633,
        "Actual Rows": 2,
        "Actual Loops": 1,
        "Workers Planned": 1,
        "Workers Launched": 1,
        "Single Copy": false,
        "Plans": [
          {
            "Node Type": "Aggregate",
            "Strategy": "Plain",
            "Partial Mode": "Partial",
            "Parent Relationship": "Outer",
            "Parallel Aware": false,
            "Startup Cost": 100842.44,
            "Total Cost": 100842.45,
            "Plan Rows": 1,
            "Plan Width": 8,
            "Actual Startup Time": 452.766,
            "Actual Total Time": 452.769,
            "Actual Rows": 1,
            "Actual Loops": 2,
            "Plans": [
              {
                "Node Type": "Nested Loop",
                "Parent Relationship": "Outer",
                "Parallel Aware": false,
                "Join Type": "Inner",
                "Startup Cost": 54636.54,
                "Total Cost": 100784.87,
                "Plan Rows": 23031,
                "Plan Width": 0,
                "Actual Startup Time": 136.131,
                "Actual Total Time": 445.801,
                "Actual Rows": 145045,
                "Actual Loops": 2,
                "Inner Unique": false,
                "Join Filter": "(t.id = mi.movie_id)",
                "Rows Removed by Join Filter": 0,
                "Plans": [
                  {
                    "Node Type": "Hash Join",
                    "Parent Relationship": "Outer",
                    "Parallel Aware": true,
                    "Join Type": "Inner",
                    "Startup Cost": 54636.1,
                    "Total Cost": 92802.73,
                    "Plan Rows": 3939,
                    "Plan Width": 8,
                    "Actual Startup Time": 136.054,
                    "Actual Total Time": 336.455,
                    "Actual Rows": 7157,
                    "Actual Loops": 2,
                    "Inner Unique": true,
                    "Hash Cond": "(mc.movie_id = t.id)",
                    "Plans": [
                      {
                        "Node Type": "Seq Scan",
                        "Parent Relationship": "Outer",
                        "Parallel Aware": true,
                        "Relation Name": "movie_companies",
                        "Alias": "mc",
                        "Startup Cost": 0.0,
                        "Total Cost": 34137.82,
                        "Plan Rows": 1534782,
                        "Plan Width": 4,
                        "Actual Startup Time": 0.012,
                        "Actual Total Time": 95.824,
                        "Actual Rows": 1304564,
                        "Actual Loops": 2
                      },
                      {
                        "Node Type": "Hash",
                        "Parent Relationship": "Inner",
                        "Parallel Aware": true,
                        "Startup Cost": 54588.39,
                        "Total Cost": 54588.39,
                        "Plan Rows": 3817,
                        "Plan Width": 4,
                        "Actual Startup Time": 134.243,
                        "Actual Total Time": 134.244,
                        "Actual Rows": 4004,
                        "Actual Loops": 2,
                        "Hash Buckets": 8192,
                        "Original Hash Buckets": 8192,
                        "Hash Batches": 1,
                        "Original Hash Batches": 1,
                        "Peak Memory Usage": 416,
                        "Plans": [
                          {
                            "Node Type": "Seq Scan",
                            "Parent Relationship": "Outer",
                            "Parallel Aware": true,
                            "Relation Name": "title",
                            "Alias": "t",
                            "Startup Cost": 0.0,
                            "Total Cost": 54588.39,
                            "Plan Rows": 3817,
                            "Plan Width": 4,
                            "Actual Startup Time": 0.416,
                            "Actual Total Time": 132.648,
                            "Actual Rows": 4004,
                            "Actual Loops": 2,
                            "Filter": "(production_year = 1955)",
                            "Rows Removed by Filter": 1260152
                          }
                        ]
                      }
                    ]
                  },
                  {
                    "Node Type": "Index Only Scan",
                    "Parent Relationship": "Inner",
                    "Parallel Aware": false,
                    "Scan Direction": "Forward",
                    "Index Name": "movie_id_movie_info",
                    "Relation Name": "movie_info",
                    "Alias": "mi",
                    "Startup Cost": 0.43,
                    "Total Cost": 1.5,
                    "Plan Rows": 42,
                    "Plan Width": 4,
                    "Actual Startup Time": 0.004,
                    "Actual Total Time": 0.013,
                    "Actual Rows": 20,
                    "Actual Loops": 14314,
                    "Index Cond": "(movie_id = mc.movie_id)",
                    "Rows Removed by Index Recheck": 0,
                    "Heap Fetches": 290090
                  }
                ]
              }
            ]
          }
        ]
      }
    ]
  },
  "Planning Time": 0.79,
  "Triggers": [],
  "Execution Time": 493.727
}