[
  {
    "Plan": {
      "Node Type": "Aggregate",
      "Strategy": "Plain",
      "Partial Mode": "Finalize",
      "Parallel Aware": false,
      "Startup Cost": 339003.52,
      "Total Cost": 339003.53,
      "Plan Rows": 1,
      "Plan Width": 8,
      "Actual Startup Time": 798.198,
      "Actual Total Time": 858.177,
      "Actual Rows": 1,
      "Actual Loops": 1,
      "Plans": [
        {
          "Node Type": "Gather",
          "Parent Relationship": "Outer",
          "Parallel Aware": false,
          "Startup Cost": 339002.89,
          "Total Cost": 339003.5,
          "Plan Rows": 6,
          "Plan Width": 8,
          "Actual Startup Time": 798.057,
          "Actual Total Time": 858.165,
          "Actual Rows": 7,
          "Actual Loops": 1,
          "Workers Planned": 6,
          "Workers Launched": 6,
          "Single Copy": false,
          "Plans": [
            {
              "Node Type": "Aggregate",
              "Strategy": "Plain",
              "Partial Mode": "Partial",
              "Parent Relationship": "Outer",
              "Parallel Aware": false,
              "Startup Cost": 338002.89,
              "Total Cost": 338002.9,
              "Plan Rows": 1,
              "Plan Width": 8,
              "Actual Startup Time": 789.759,
              "Actual Total Time": 789.76,
              "Actual Rows": 1,
              "Actual Loops": 7,
              "Plans": [
                {
                  "Node Type": "Seq Scan",
                  "Parent Relationship": "Outer",
                  "Parallel Aware": true,
                  "Relation Name": "cast_info",
                  "Alias": "ci",
                  "Startup Cost": 0.0,
                  "Total Cost": 328162.03,
                  "Plan Rows": 3936347,
                  "Plan Width": 0,
                  "Actual Startup Time": 142.343,
                  "Actual Total Time": 635.36,
                  "Actual Rows": 3378236,
                  "Actual Loops": 7,
                  "Filter": "(person_id > 1242837)",
                  "Rows Removed by Filter": 1799528
                }
              ]
            }
          ]
        }
      ]
    },
    "Planning Time": 0.198,
    "Triggers": [],
    "Execution Time": 858.248
  }
]