{
  "Plan": {
    "Node Type": "Aggregate",
    "Strategy": "Plain",
    "Partial Mode": "Finalize",
    "Parallel Aware": false,
    "Startup Cost": 205552.09,
    "Total Cost": 205552.1,
    "Plan Rows": 1,
    "Plan Width": 8,
    "Actual Startup Time": 1983.49,
    "Actual Total Time": 2031.663,
    "Actual Rows": 1,
    "Actual Loops": 1,
    "Plans": [
      {
        "Node Type": "Gather",
        "Parent Relationship": "Outer",
        "Parallel Aware": false,
        "Startup Cost": 205551.97,
        "Total Cost": 205552.08,
        "Plan Rows": 1,
        "Plan Width": 8,
        "Actual Startup Time": 1980.314,
        "Actual Total Time": 2031.654,
        "Actual Rows": 2,
        "Actual Loops": 1,
        "Workers Planned": 1,
        "Workers Launched": 1,
        "Single Copy": false,
        "Plans": [
          {
            "Node Type": "Aggregate",
            "Strategy": "Plain",
            "Partial Mode": "Partial",
            "Parent Relationship": "Outer",
            "Parallel Aware": false,
            "Startup Cost": 204551.97,
            "Total Cost": 204551.98,
            "Plan Rows": 1,
            "Plan Width": 8,
            "Actual Startup Time": 1967.787,
            "Actual Total Time": 1967.791,
            "Actual Rows": 1,
            "Actual Loops": 2,
            "Plans": [
              {
                "Node Type": "Nested Loop",
                "Parent Relationship": "Outer",
                "Parallel Aware": false,
                "Join Type": "Inner",
                "Startup Cost": 71459.17,
                "Total Cost": 203742.45,
                "Plan Rows": 323809,
                "Plan Width": 0,
                "Actual Startup Time": 599.844,
                "Actual Total Time": 1829.585,
                "Actual Rows": 3264488,
                "Actual Loops": 2,
                "Inner Unique": false,
                "Plans": [
                  {
                    "Node Type": "Hash Join",
                    "Parent Relationship": "Outer",
                    "Parallel Aware": true,
                    "Join Type": "Inner",
                    "Startup Cost": 71458.73,
                    "Total Cost": 96750.32,
                    "Plan Rows": 55378,
                    "Plan Width": 8,
                    "Actual Startup Time": 599.77,
                    "Actual Total Time": 657.418,
                    "Actual Rows": 46206,
                    "Actual Loops": 2,
                    "Inner Unique": true,
                    "Hash Cond": "(mk.movie_id = t.id)",
                    "Plans": [
                      {
                        "Node Type": "Bitmap Heap Scan",
                        "Parent Relationship": "Outer",
                        "Parallel Aware": true,
                        "Relation Name": "movie_keyword",
                        "Alias": "mk",
                        "Startup Cost": 1998.03,
                        "Total Cost": 27144.25,
                        "Plan Rows": 55378,
                        "Plan Width": 4,
                        "Actual Startup Time": 9.108,
                        "Actual Total Time": 42.83,
                        "Actual Rows": 46206,
                        "Actual Loops": 2,
                        "Recheck Cond": "(keyword_id > 84323)",
                        "Rows Removed by Index Recheck": 0,
                        "Exact Heap Blocks": 9095,
                        "Lossy Heap Blocks": 0,
                        "Plans": [
                          {
                            "Node Type": "Bitmap Index Scan",
                            "Parent Relationship": "Outer",
                            "Parallel Aware": false,
                            "Index Name": "keyword_id_movie_keyword",
                            "Startup Cost": 0.0,
                            "Total Cost": 1974.5,
                            "Plan Rows": 94142,
                            "Plan Width": 0,
                            "Actual Startup Time": 6.617,
                            "Actual Total Time": 6.618,
                            "Actual Rows": 92411,
                            "Actual Loops": 1,
                            "Index Cond": "(keyword_id > 84323)"
                          }
                        ]
                      },
                      {
                        "Node Type": "Hash",
                        "Parent Relationship": "Inner",
                        "Parallel Aware": true,
                        "Startup Cost": 50870.31,
                        "Total Cost": 50870.31,
                        "Plan Rows": 1487231,
                        "Plan Width": 4,
                        "Actual Startup Time": 569.257,
                        "Actual Total Time": 569.258,
                        "Actual Rows": 1264156,
                        "Actual Loops": 2,
                        "Hash Buckets": 4194304,
                        "Original Hash Buckets": 4194304,
                        "Hash Batches": 1,
                        "Original Hash Batches": 1,
                        "Peak Memory Usage": 131712,
                        "Plans": [
                          {
                            "Node Type": "Seq Scan",
                            "Parent Relationship": "Outer",
                            "Parallel Aware": true,
                            "Relation Name": "title",
                            "Alias": "t",
                            "Startup Cost": 0.0,
                            "Total Cost": 50870.31,
                            "Plan Rows": 1487231,
                            "Plan Width": 4,
                            "Actual Startup Time": 0.026,
                            "Actual Total Time": 163.837,
                            "Actual Rows": 1264156,
                            "Actual Loops": 2
                          }
                        ]
                      }
                    ]
                  },
                  {
                    "Node Type": "Index Only Scan",
                    "Parent Relationship": "Inner",
                    "Parallel Aware": false,
                    "Scan Direction": "Forward",
                    "Index Name": "movie_id_movie_info",
                    "Relation Name": "movie_info",
                    "Alias": "mi",
                    "Startup Cost": 0.43,
                    "Total Cost": 1.51,
                    "Plan Rows": 42,
                    "Plan Width": 4,
                    "Actual Startup Time": 0.004,
                    "Actual Total Time": 0.02,
                    "Actual Rows": 71,
                    "Actual Loops": 92411,
                    "Index Cond": "(movie_id = t.id)",
                    "Rows Removed by Index Recheck": 0,
                    "Heap Fetches": 6528975
                  }
                ]
              }
            ]
          }
        ]
      }
    ]
  },
  "Planning Time": 0.956,
  "Triggers": [],
  "Execution Time": 2031.784
}