[
  {
    "Plan": {
      "Node Type": "Aggregate",
      "Strategy": "Plain",
      "Partial Mode": "Finalize",
      "Parallel Aware": false,
      "Startup Cost": 25196.12,
      "Total Cost": 25196.13,
      "Plan Rows": 1,
      "Plan Width": 8,
      "Actual Startup Time": 51.073,
      "Actual Total Time": 54.028,
      "Actual Rows": 1,
      "Actual Loops": 1,
      "Plans": [
        {
          "Node Type": "Gather",
          "Parent Relationship": "Outer",
          "Parallel Aware": false,
          "Startup Cost": 25195.8,
          "Total Cost": 25196.11,
          "Plan Rows": 3,
          "Plan Width": 8,
          "Actual Startup Time": 50.902,
          "Actual Total Time": 54.019,
          "Actual Rows": 4,
          "Actual Loops": 1,
          "Workers Planned": 3,
          "Workers Launched": 3,
          "Single Copy": false,
          "Plans": [
            {
              "Node Type": "Aggregate",
              "Strategy": "Plain",
              "Partial Mode": "Partial",
              "Parent Relationship": "Outer",
              "Parallel Aware": false,
              "Startup Cost": 24195.8,
              "Total Cost": 24195.81,
              "Plan Rows": 1,
              "Plan Width": 8,
              "Actual Startup Time": 42.227,
              "Actual Total Time": 42.228,
              "Actual Rows": 1,
              "Actual Loops": 4,
              "Plans": [
                {
                  "Node Type": "Bitmap Heap Scan",
                  "Parent Relationship": "Outer",
                  "Parallel Aware": true,
                  "Relation Name": "movie_companies",
                  "Alias": "mc",
                  "Startup Cost": 4346.81,
                  "Total Cost": 24112.68,
                  "Plan Rows": 33249,
                  "Plan Width": 0,
                  "Actual Startup Time": 7.761,
                  "Actual Total Time": 37.887,
                  "Actual Rows": 49579,
                  "Actual Loops": 4,
                  "Recheck Cond": "(company_id > 113996)",
                  "Rows Removed by Index Recheck": 0,
                  "Filter": "(company_type_id = 2)",
                  "Rows Removed by Filter": 0,
                  "Exact Heap Blocks": 1919,
                  "Lossy Heap Blocks": 0,
                  "Plans": [
                    {
                      "Node Type": "Bitmap Index Scan",
                      "Parent Relationship": "Outer",
                      "Parallel Aware": false,
                      "Index Name": "company_id_movie_companies",
                      "Startup Cost": 0.0,
                      "Total Cost": 4321.04,
                      "Plan Rows": 201681,
                      "Plan Width": 0,
                      "Actual Startup Time": 14.794,
                      "Actual Total Time": 14.795,
                      "Actual Rows": 198316,
                      "Actual Loops": 1,
                      "Index Cond": "(company_id > 113996)"
                    }
                  ]
                }
              ]
            }
          ]
        }
      ]
    },
    "Planning Time": 0.124,
    "Triggers": [],
    "Execution Time": 54.082
  }
]