[
  {
    "Plan": {
      "Node Type": "Aggregate",
      "Strategy": "Plain",
      "Partial Mode": "Finalize",
      "Parallel Aware": false,
      "Startup Cost": 93664.49,
      "Total Cost": 93664.5,
      "Plan Rows": 1,
      "Plan Width": 8,
      "Actual Startup Time": 357.083,
      "Actual Total Time": 372.938,
      "Actual Rows": 1,
      "Actual Loops": 1,
      "Plans": [
        {
          "Node Type": "Gather",
          "Parent Relationship": "Outer",
          "Parallel Aware": false,
          "Startup Cost": 93664.27,
          "Total Cost": 93664.48,
          "Plan Rows": 2,
          "Plan Width": 8,
          "Actual Startup Time": 355.891,
          "Actual Total Time": 372.929,
          "Actual Rows": 3,
          "Actual Loops": 1,
          "Workers Planned": 2,
          "Workers Launched": 2,
          "Single Copy": false,
          "Plans": [
            {
              "Node Type": "Aggregate",
              "Strategy": "Plain",
              "Partial Mode": "Partial",
              "Parent Relationship": "Outer",
              "Parallel Aware": false,
              "Startup Cost": 92664.27,
              "Total Cost": 92664.28,
              "Plan Rows": 1,
              "Plan Width": 8,
              "Actual Startup Time": 347.493,
              "Actual Total Time": 347.501,
              "Actual Rows": 1,
              "Actual Loops": 3,
              "Plans": [
                {
                  "Node Type": "Hash Join",
                  "Parent Relationship": "Outer",
                  "Parallel Aware": true,
                  "Join Type": "Inner",
                  "Startup Cost": 76780.55,
                  "Total Cost": 92638.93,
                  "Plan Rows": 10138,
                  "Plan Width": 0,
                  "Actual Startup Time": 289.641,
                  "Actual Total Time": 346.995,
                  "Actual Rows": 10849,
                  "Actual Loops": 3,
                  "Inner Unique": false,
                  "Hash Cond": "(mi_idx.movie_id = t.id)",
                  "Plans": [
                    {
                      "Node Type": "Seq Scan",
                      "Parent Relationship": "Outer",
                      "Parallel Aware": true,
                      "Relation Name": "movie_info_idx",
                      "Alias": "mi_idx",
                      "Startup Cost": 0.0,
                      "Total Cost": 15122.68,
                      "Plan Rows": 189429,
                      "Plan Width": 4,
                      "Actual Startup Time": 0.03,
                      "Actual Total Time": 36.483,
                      "Actual Rows": 153308,
                      "Actual Loops": 3,
                      "Filter": "(info_type_id < 100)",
                      "Rows Removed by Filter": 306703
                    },
                    {
                      "Node Type": "Hash",
                      "Parent Relationship": "Inner",
                      "Parallel Aware": true,
                      "Startup Cost": 76357.72,
                      "Total Cost": 76357.72,
                      "Plan Rows": 33826,
                      "Plan Width": 8,
                      "Actual Startup Time": 287.007,
                      "Actual Total Time": 287.014,
                      "Actual Rows": 23350,
                      "Actual Loops": 3,
                      "Hash Buckets": 262144,
                      "Original Hash Buckets": 262144,
                      "Hash Batches": 1,
                      "Original Hash Batches": 1,
                      "Peak Memory Usage": 4832,
                      "Plans": [
                        {
                          "Node Type": "Hash Join",
                          "Parent Relationship": "Outer",
                          "Parallel Aware": true,
                          "Join Type": "Inner",
                          "Startup Cost": 30262.57,
                          "Total Cost": 76357.72,
                          "Plan Rows": 33826,
                          "Plan Width": 8,
                          "Actual Startup Time": 95.31,
                          "Actual Total Time": 277.941,
                          "Actual Rows": 23350,
                          "Actual Loops": 3,
                          "Inner Unique": false,
                          "Hash Cond": "(t.id = mc.movie_id)",
                          "Plans": [
                            {
                              "Node Type": "Seq Scan",
                              "Parent Relationship": "Outer",
                              "Parallel Aware": true,
                              "Relation Name": "title",
                              "Alias": "t",
                              "Startup Cost": 0.0,
                              "Total Cost": 43898.92,
                              "Plan Rows": 417426,
                              "Plan Width": 4,
                              "Actual Startup Time": 0.01,
                              "Actual Total Time": 111.636,
                              "Actual Rows": 557097,
                              "Actual Loops": 3,
                              "Filter": "(production_year < 2008)",
                              "Rows Removed by Filter": 285673
                            },
                            {
                              "Node Type": "Hash",
                              "Parent Relationship": "Inner",
                              "Parallel Aware": true,
                              "Startup Cost": 29436.45,
                              "Total Cost": 29436.45,
                              "Plan Rows": 66089,
                              "Plan Width": 4,
                              "Actual Startup Time": 93.92,
                              "Actual Total Time": 93.921,
                              "Actual Rows": 31400,
                              "Actual Loops": 3,
                              "Hash Buckets": 262144,
                              "Original Hash Buckets": 262144,
                              "Hash Batches": 1,
                              "Original Hash Batches": 1,
                              "Peak Memory Usage": 5792,
                              "Plans": [
                                {
                                  "Node Type": "Bitmap Heap Scan",
                                  "Parent Relationship": "Outer",
                                  "Parallel Aware": true,
                                  "Relation Name": "movie_companies",
                                  "Alias": "mc",
                                  "Startup Cost": 8693.98,
                                  "Total Cost": 29436.45,
                                  "Plan Rows": 66089,
                                  "Plan Width": 4,
                                  "Actual Startup Time": 69.222,
                                  "Actual Total Time": 85.194,
                                  "Actual Rows": 31400,
                                  "Actual Loops": 3,
                                  "Recheck Cond": "(company_id < 253)",
                                  "Rows Removed by Index Recheck": 0,
                                  "Filter": "(company_type_id = 2)",
                                  "Rows Removed by Filter": 102404,
                                  "Exact Heap Blocks": 11388,
                                  "Lossy Heap Blocks": 0,
                                  "Plans": [
                                    {
                                      "Node Type": "Bitmap Index Scan",
                                      "Parent Relationship": "Outer",
                                      "Parallel Aware": false,
                                      "Index Name": "company_id_movie_companies",
                                      "Startup Cost": 0.0,
                                      "Total Cost": 8642.76,
                                      "Plan Rows": 403511,
                                      "Plan Width": 0,
                                      "Actual Startup Time": 28.211,
                                      "Actual Total Time": 28.211,
                                      "Actual Rows": 401412,
                                      "Actual Loops": 1,
                                      "Index Cond": "(company_id < 253)"
                                    }
                                  ]
                                }
                              ]
                            }
                          ]
                        }
                      ]
                    }
                  ]
                }
              ]
            }
          ]
        }
      ]
    },
    "Planning Time": 1.472,
    "Triggers": [],
    "Execution Time": 373.044
  }
]