[
  {
    "Plan": {
      "Node Type": "Aggregate",
      "Strategy": "Plain",
      "Partial Mode": "Finalize",
      "Parallel Aware": false,
      "Startup Cost": 330676.0,
      "Total Cost": 330676.01,
      "Plan Rows": 1,
      "Plan Width": 8,
      "Actual Startup Time": 573.553,
      "Actual Total Time": 627.72,
      "Actual Rows": 1,
      "Actual Loops": 1,
      "Plans": [
        {
          "Node Type": "Gather",
          "Parent Relationship": "Outer",
          "Parallel Aware": false,
          "Startup Cost": 330675.38,
          "Total Cost": 330675.98,
          "Plan Rows": 6,
          "Plan Width": 8,
          "Actual Startup Time": 573.325,
          "Actual Total Time": 627.709,
          "Actual Rows": 7,
          "Actual Loops": 1,
          "Workers Planned": 6,
          "Workers Launched": 6,
          "Single Copy": false,
          "Plans": [
            {
              "Node Type": "Aggregate",
              "Strategy": "Plain",
              "Partial Mode": "Partial",
              "Parent Relationship": "Outer",
              "Parallel Aware": false,
              "Startup Cost": 329675.38,
              "Total Cost": 329675.39,
              "Plan Rows": 1,
              "Plan Width": 8,
              "Actual Startup Time": 564.575,
              "Actual Total Time": 564.576,
              "Actual Rows": 1,
              "Actual Loops": 7,
              "Plans": [
                {
                  "Node Type": "Seq Scan",
                  "Parent Relationship": "Outer",
                  "Parallel Aware": true,
                  "Relation Name": "cast_info",
                  "Alias": "ci",
                  "Startup Cost": 0.0,
                  "Total Cost": 328162.03,
                  "Plan Rows": 605340,
                  "Plan Width": 0,
                  "Actual Startup Time": 419.644,
                  "Actual Total Time": 542.721,
                  "Actual Rows": 496635,
                  "Actual Loops": 7,
                  "Filter": "(person_id > 3427577)",
                  "Rows Removed by Filter": 4681128
                }
              ]
            }
          ]
        }
      ]
    },
    "Planning Time": 0.201,
    "Triggers": [],
    "Execution Time": 627.796
  }
]