[
  {
    "Plan": {
      "Node Type": "Aggregate",
      "Strategy": "Plain",
      "Partial Mode": "Finalize",
      "Parallel Aware": false,
      "Startup Cost": 45898.33,
      "Total Cost": 45898.34,
      "Plan Rows": 1,
      "Plan Width": 8,
      "Actual Startup Time": 146.348,
      "Actual Total Time": 155.454,
      "Actual Rows": 1,
      "Actual Loops": 1,
      "Plans": [
        {
          "Node Type": "Gather",
          "Parent Relationship": "Outer",
          "Parallel Aware": false,
          "Startup Cost": 45898.01,
          "Total Cost": 45898.32,
          "Plan Rows": 3,
          "Plan Width": 8,
          "Actual Startup Time": 146.254,
          "Actual Total Time": 155.446,
          "Actual Rows": 4,
          "Actual Loops": 1,
          "Workers Planned": 3,
          "Workers Launched": 3,
          "Single Copy": false,
          "Plans": [
            {
              "Node Type": "Aggregate",
              "Strategy": "Plain",
              "Partial Mode": "Partial",
              "Parent Relationship": "Outer",
              "Parallel Aware": false,
              "Startup Cost": 44898.01,
              "Total Cost": 44898.02,
              "Plan Rows": 1,
              "Plan Width": 8,
              "Actual Startup Time": 142.505,
              "Actual Total Time": 142.506,
              "Actual Rows": 1,
              "Actual Loops": 4,
              "Plans": [
                {
                  "Node Type": "Seq Scan",
                  "Parent Relationship": "Outer",
                  "Parallel Aware": true,
                  "Relation Name": "movie_keyword",
                  "Alias": "mk",
                  "Startup Cost": 0.0,
                  "Total Cost": 42695.65,
                  "Plan Rows": 880944,
                  "Plan Width": 0,
                  "Actual Startup Time": 0.143,
                  "Actual Total Time": 111.479,
                  "Actual Rows": 681911,
                  "Actual Loops": 4,
                  "Filter": "(keyword_id > 2903)",
                  "Rows Removed by Filter": 449071
                }
              ]
            }
          ]
        }
      ]
    },
    "Planning Time": 0.182,
    "Triggers": [],
    "Execution Time": 155.506
  }
]