{
  "Plan": {
    "Node Type": "Aggregate",
    "Strategy": "Plain",
    "Partial Mode": "Finalize",
    "Parallel Aware": false,
    "Startup Cost": 128439.53,
    "Total Cost": 128439.54,
    "Plan Rows": 1,
    "Plan Width": 8,
    "Actual Startup Time": 849.652,
    "Actual Total Time": 869.835,
    "Actual Rows": 1,
    "Actual Loops": 1,
    "Plans": [
      {
        "Node Type": "Gather",
        "Parent Relationship": "Outer",
        "Parallel Aware": false,
        "Startup Cost": 128439.41,
        "Total Cost": 128439.52,
        "Plan Rows": 1,
        "Plan Width": 8,
        "Actual Startup Time": 845.064,
        "Actual Total Time": 869.827,
        "Actual Rows": 2,
        "Actual Loops": 1,
        "Workers Planned": 1,
        "Workers Launched": 1,
        "Single Copy": false,
        "Plans": [
          {
            "Node Type": "Aggregate",
            "Strategy": "Plain",
            "Partial Mode": "Partial",
            "Parent Relationship": "Outer",
            "Parallel Aware": false,
            "Startup Cost": 127439.41,
            "Total Cost": 127439.42,
            "Plan Rows": 1,
            "Plan Width": 8,
            "Actual Startup Time": 831.86,
            "Actual Total Time": 831.864,
            "Actual Rows": 1,
            "Actual Loops": 2,
            "Plans": [
              {
                "Node Type": "Hash Join",
                "Parent Relationship": "Outer",
                "Parallel Aware": true,
                "Join Type": "Inner",
                "Startup Cost": 91979.93,
                "Total Cost": 125878.35,
                "Plan Rows": 624425,
                "Plan Width": 0,
                "Actual Startup Time": 582.662,
                "Actual Total Time": 808.553,
                "Actual Rows": 533888,
                "Actual Loops": 2,
                "Inner Unique": true,
                "Hash Cond": "(mk.movie_id = t.id)",
                "Plans": [
                  {
                    "Node Type": "Bitmap Heap Scan",
                    "Parent Relationship": "Outer",
                    "Parallel Aware": true,
                    "Relation Name": "movie_keyword",
                    "Alias": "mk",
                    "Startup Cost": 22519.23,
                    "Total Cost": 54778.54,
                    "Plan Rows": 624425,
                    "Plan Width": 4,
                    "Actual Startup Time": 56.545,
                    "Actual Total Time": 148.506,
                    "Actual Rows": 533888,
                    "Actual Loops": 2,
                    "Recheck Cond": "(keyword_id < 1070)",
                    "Rows Removed by Index Recheck": 0,
                    "Exact Heap Blocks": 13496,
                    "Lossy Heap Blocks": 0,
                    "Plans": [
                      {
                        "Node Type": "Bitmap Index Scan",
                        "Parent Relationship": "Outer",
                        "Parallel Aware": false,
                        "Index Name": "keyword_id_movie_keyword",
                        "Startup Cost": 0.0,
                        "Total Cost": 22253.85,
                        "Plan Rows": 1061522,
                        "Plan Width": 0,
                        "Actual Startup Time": 52.954,
                        "Actual Total Time": 52.955,
                        "Actual Rows": 1067777,
                        "Actual Loops": 1,
                        "Index Cond": "(keyword_id < 1070)"
                      }
                    ]
                  },
                  {
                    "Node Type": "Hash",
                    "Parent Relationship": "Inner",
                    "Parallel Aware": true,
                    "Startup Cost": 50870.31,
                    "Total Cost": 50870.31,
                    "Plan Rows": 1487231,
                    "Plan Width": 4,
                    "Actual Startup Time": 503.804,
                    "Actual Total Time": 503.805,
                    "Actual Rows": 1264156,
                    "Actual Loops": 2,
                    "Hash Buckets": 4194304,
                    "Original Hash Buckets": 4194304,
                    "Hash Batches": 1,
                    "Original Hash Batches": 1,
                    "Peak Memory Usage": 131712,
                    "Plans": [
                      {
                        "Node Type": "Seq Scan",
                        "Parent Relationship": "Outer",
                        "Parallel Aware": true,
                        "Relation Name": "title",
                        "Alias": "t",
                        "Startup Cost": 0.0,
                        "Total Cost": 50870.31,
                        "Plan Rows": 1487231,
                        "Plan Width": 4,
                        "Actual Startup Time": 0.024,
                        "Actual Total Time": 151.884,
                        "Actual Rows": 1264156,
                        "Actual Loops": 2
                      }
                    ]
                  }
                ]
              }
            ]
          }
        ]
      }
    ]
  },
  "Planning Time": 0.646,
  "Triggers": [],
  "Execution Time": 869.92
}