[
  {
    "Plan": {
      "Node Type": "Aggregate",
      "Strategy": "Plain",
      "Partial Mode": "Finalize",
      "Parallel Aware": false,
      "Startup Cost": 83603.17,
      "Total Cost": 83603.18,
      "Plan Rows": 1,
      "Plan Width": 8,
      "Actual Startup Time": 943.98,
      "Actual Total Time": 971.33,
      "Actual Rows": 1,
      "Actual Loops": 1,
      "Plans": [
        {
          "Node Type": "Gather",
          "Parent Relationship": "Outer",
          "Parallel Aware": false,
          "Startup Cost": 83602.85,
          "Total Cost": 83603.16,
          "Plan Rows": 3,
          "Plan Width": 8,
          "Actual Startup Time": 928.537,
          "Actual Total Time": 971.312,
          "Actual Rows": 4,
          "Actual Loops": 1,
          "Workers Planned": 3,
          "Workers Launched": 3,
          "Single Copy": false,
          "Plans": [
            {
              "Node Type": "Aggregate",
              "Strategy": "Plain",
              "Partial Mode": "Partial",
              "Parent Relationship": "Outer",
              "Parallel Aware": false,
              "Startup Cost": 82602.85,
              "Total Cost": 82602.86,
              "Plan Rows": 1,
              "Plan Width": 8,
              "Actual Startup Time": 909.665,
              "Actual Total Time": 909.67,
              "Actual Rows": 1,
              "Actual Loops": 4,
              "Plans": [
                {
                  "Node Type": "Hash Join",
                  "Parent Relationship": "Outer",
                  "Parallel Aware": true,
                  "Join Type": "Inner",
                  "Startup Cost": 51233.78,
                  "Total Cost": 80649.67,
                  "Plan Rows": 781272,
                  "Plan Width": 0,
                  "Actual Startup Time": 491.584,
                  "Actual Total Time": 870.022,
                  "Actual Rows": 591449,
                  "Actual Loops": 4,
                  "Inner Unique": true,
                  "Hash Cond": "(mc.movie_id = t.id)",
                  "Plans": [
                    {
                      "Node Type": "Seq Scan",
                      "Parent Relationship": "Outer",
                      "Parallel Aware": true,
                      "Relation Name": "movie_companies",
                      "Alias": "mc",
                      "Startup Cost": 0.0,
                      "Total Cost": 27206.55,
                      "Plan Rows": 841655,
                      "Plan Width": 4,
                      "Actual Startup Time": 0.013,
                      "Actual Total Time": 83.541,
                      "Actual Rows": 652282,
                      "Actual Loops": 4
                    },
                    {
                      "Node Type": "Hash",
                      "Parent Relationship": "Inner",
                      "Parallel Aware": true,
                      "Startup Cost": 43899.32,
                      "Total Cost": 43899.32,
                      "Plan Rows": 586757,
                      "Plan Width": 4,
                      "Actual Startup Time": 478.955,
                      "Actual Total Time": 478.957,
                      "Actual Rows": 585226,
                      "Actual Loops": 4,
                      "Hash Buckets": 4194304,
                      "Original Hash Buckets": 4194304,
                      "Hash Batches": 1,
                      "Original Hash Batches": 1,
                      "Peak Memory Usage": 124416,
                      "Plans": [
                        {
                          "Node Type": "Seq Scan",
                          "Parent Relationship": "Outer",
                          "Parallel Aware": true,
                          "Relation Name": "title",
                          "Alias": "t",
                          "Startup Cost": 0.0,
                          "Total Cost": 43899.32,
                          "Plan Rows": 586757,
                          "Plan Width": 4,
                          "Actual Startup Time": 0.071,
                          "Actual Total Time": 162.379,
                          "Actual Rows": 585226,
                          "Actual Loops": 4,
                          "Filter": "(production_year > 1929)",
                          "Rows Removed by Filter": 46852
                        }
                      ]
                    }
                  ]
                }
              ]
            }
          ]
        }
      ]
    },
    "Planning Time": 0.447,
    "Triggers": [],
    "Execution Time": 971.395
  }
]