{
  "Plan": {
    "Node Type": "Aggregate",
    "Strategy": "Plain",
    "Partial Mode": "Simple",
    "Parallel Aware": false,
    "Startup Cost": 20000916721.56,
    "Total Cost": 20000916721.57,
    "Plan Rows": 1,
    "Plan Width": 64,
    "Actual Startup Time": 6070.043,
    "Actual Total Time": 6070.061,
    "Actual Rows": 1,
    "Actual Loops": 1,
    "Plans": [
      {
        "Node Type": "Hash Join",
        "Parent Relationship": "Outer",
        "Parallel Aware": false,
        "Join Type": "Inner",
        "Startup Cost": 20000417634.29,
        "Total Cost": 20000916721.55,
        "Plan Rows": 1,
        "Plan Width": 23,
        "Actual Startup Time": 5414.157,
        "Actual Total Time": 6069.617,
        "Actual Rows": 4115,
        "Actual Loops": 1,
        "Inner Unique": true,
        "Hash Cond": "(mi.info_type_id = it1.id)",
        "Plans": [
          {
            "Node Type": "Hash Join",
            "Parent Relationship": "Outer",
            "Parallel Aware": false,
            "Join Type": "Inner",
            "Startup Cost": 20000417631.87,
            "Total Cost": 20000916719.13,
            "Plan Rows": 1,
            "Plan Width": 27,
            "Actual Startup Time": 3016.306,
            "Actual Total Time": 6068.81,
            "Actual Rows": 4709,
            "Actual Loops": 1,
            "Inner Unique": false,
            "Hash Cond": "(mi.movie_id = t.id)",
            "Plans": [
              {
                "Node Type": "Seq Scan",
                "Parent Relationship": "Outer",
                "Parallel Aware": false,
                "Relation Name": "movie_info",
                "Alias": "mi",
                "Startup Cost": 0.0,
                "Total Cost": 496534.39,
                "Plan Rows": 680764,
                "Plan Width": 8,
                "Actual Startup Time": 3.63,
                "Actual Total Time": 3002.747,
                "Actual Rows": 716210,
                "Actual Loops": 1,
                "Filter": "(info = ANY ('{Sweden,Norway,Germany,Denmark,Swedish,Danish,Norwegian,German,USA,American}'::text[]))",
                "Rows Removed by Filter": 14119510
              },
              {
                "Node Type": "Hash",
                "Parent Relationship": "Inner",
                "Parallel Aware": false,
                "Startup Cost": 20000417631.85,
                "Total Cost": 20000417631.85,
                "Plan Rows": 1,
                "Plan Width": 35,
                "Actual Startup Time": 3007.702,
                "Actual Total Time": 3007.716,
                "Actual Rows": 5949,
                "Actual Loops": 1,
                "Hash Buckets": 8192,
                "Original Hash Buckets": 1024,
                "Hash Batches": 1,
                "Original Hash Batches": 1,
                "Peak Memory Usage": 443,
                "Plans": [
                  {
                    "Node Type": "Hash Join",
                    "Parent Relationship": "Outer",
                    "Parallel Aware": false,
                    "Join Type": "Inner",
                    "Startup Cost": 20000075567.02,
                    "Total Cost": 20000417631.85,
                    "Plan Rows": 1,
                    "Plan Width": 35,
                    "Actual Startup Time": 789.392,
                    "Actual Total Time": 3005.152,
                    "Actual Rows": 5949,
                    "Actual Loops": 1,
                    "Inner Unique": true,
                    "Hash Cond": "(mi_idx.info_type_id = it2.id)",
                    "Plans": [
                      {
                        "Node Type": "Nested Loop",
                        "Parent Relationship": "Outer",
                        "Parallel Aware": false,
                        "Join Type": "Inner",
                        "Startup Cost": 20000075564.6,
                        "Total Cost": 20000417629.3,
                        "Plan Rows": 47,
                        "Plan Width": 39,
                        "Actual Startup Time": 789.188,
                        "Actual Total Time": 3002.529,
                        "Actual Rows": 17788,
                        "Actual Loops": 1,
                        "Inner Unique": true,
                        "Join Filter": "(mk.keyword_id = k.id)",
                        "Rows Removed by Join Filter": 6112901,
                        "Plans": [
                          {
                            "Node Type": "Nested Loop",
                            "Parent Relationship": "Outer",
                            "Parallel Aware": false,
                            "Join Type": "Inner",
                            "Startup Cost": 10000075564.6,
                            "Total Cost": 10000398034.14,
                            "Plan Rows": 277228,
                            "Plan Width": 43,
                            "Actual Startup Time": 765.801,
                            "Actual Total Time": 2268.627,
                            "Actual Rows": 2048250,
                            "Actual Loops": 1,
                            "Inner Unique": false,
                            "Plans": [
                              {
                                "Node Type": "Hash Join",
                                "Parent Relationship": "Outer",
                                "Parallel Aware": false,
                                "Join Type": "Inner",
                                "Startup Cost": 75564.17,
                                "Total Cost": 107329.54,
                                "Plan Rows": 154948,
                                "Plan Width": 35,
                                "Actual Startup Time": 765.707,
                                "Actual Total Time": 1241.528,
                                "Actual Rows": 317677,
                                "Actual Loops": 1,
                                "Inner Unique": false,
                                "Hash Cond": "(mi_idx.movie_id = t.id)",
                                "Plans": [
                                  {
                                    "Node Type": "Seq Scan",
                                    "Parent Relationship": "Outer",
                                    "Parallel Aware": false,
                                    "Relation Name": "movie_info_idx",
                                    "Alias": "mi_idx",
                                    "Startup Cost": 0.0,
                                    "Total Cost": 25185.44,
                                    "Plan Rows": 1341456,
                                    "Plan Width": 14,
                                    "Actual Startup Time": 0.035,
                                    "Actual Total Time": 180.221,
                                    "Actual Rows": 1337634,
                                    "Actual Loops": 1,
                                    "Filter": "(info < '8.5'::text)",
                                    "Rows Removed by Filter": 42401
                                  },
                                  {
                                    "Node Type": "Hash",
                                    "Parent Relationship": "Inner",
                                    "Parallel Aware": false,
                                    "Startup Cost": 71913.39,
                                    "Total Cost": 71913.39,
                                    "Plan Rows": 292062,
                                    "Plan Width": 21,
                                    "Actual Startup Time": 760.598,
                                    "Actual Total Time": 760.602,
                                    "Actual Rows": 893209,
                                    "Actual Loops": 1,
                                    "Hash Buckets": 1048576,
                                    "Original Hash Buckets": 524288,
                                    "Hash Batches": 1,
                                    "Original Hash Batches": 1,
                                    "Peak Memory Usage": 55505,
                                    "Plans": [
                                      {
                                        "Node Type": "Hash Join",
                                        "Parent Relationship": "Outer",
                                        "Parallel Aware": false,
                                        "Join Type": "Inner",
                                        "Startup Cost": 1.11,
                                        "Total Cost": 71913.39,
                                        "Plan Rows": 292062,
                                        "Plan Width": 21,
                                        "Actual Startup Time": 0.121,
                                        "Actual Total Time": 486.925,
                                        "Actual Rows": 893209,
                                        "Actual Loops": 1,
                                        "Inner Unique": true,
                                        "Hash Cond": "(t.kind_id = kt.id)",
                                        "Plans": [
                                          {
                                            "Node Type": "Seq Scan",
                                            "Parent Relationship": "Outer",
                                            "Parallel Aware": false,
                                            "Relation Name": "title",
                                            "Alias": "t",
                                            "Startup Cost": 0.0,
                                            "Total Cost": 67604.36,
                                            "Plan Rows": 1022218,
                                            "Plan Width": 25,
                                            "Actual Startup Time": 0.045,
                                            "Actual Total Time": 359.476,
                                            "Actual Rows": 1012920,
                                            "Actual Loops": 1,
                                            "Filter": "(production_year > 2005)",
                                            "Rows Removed by Filter": 1515392
                                          },
                                          {
                                            "Node Type": "Hash",
                                            "Parent Relationship": "Inner",
                                            "Parallel Aware": false,
                                            "Startup Cost": 1.09,
                                            "Total Cost": 1.09,
                                            "Plan Rows": 2,
                                            "Plan Width": 4,
                                            "Actual Startup Time": 0.038,
                                            "Actual Total Time": 0.039,
                                            "Actual Rows": 2,
                                            "Actual Loops": 1,
                                            "Hash Buckets": 1024,
                                            "Original Hash Buckets": 1024,
                                            "Hash Batches": 1,
                                            "Original Hash Batches": 1,
                                            "Peak Memory Usage": 9,
                                            "Plans": [
                                              {
                                                "Node Type": "Seq Scan",
                                                "Parent Relationship": "Outer",
                                                "Parallel Aware": false,
                                                "Relation Name": "kind_type",
                                                "Alias": "kt",
                                                "Startup Cost": 0.0,
                                                "Total Cost": 1.09,
                                                "Plan Rows": 2,
                                                "Plan Width": 4,
                                                "Actual Startup Time": 0.028,
                                                "Actual Total Time": 0.031,
                                                "Actual Rows": 2,
                                                "Actual Loops": 1,
                                                "Filter": "((kind)::text = ANY ('{movie,episode}'::text[]))",
                                                "Rows Removed by Filter": 5
                                              }
                                            ]
                                          }
                                        ]
                                      }
                                    ]
                                  }
                                ]
                              },
                              {
                                "Node Type": "Index Scan",
                                "Parent Relationship": "Inner",
                                "Parallel Aware": false,
                                "Scan Direction": "Forward",
                                "Index Name": "movie_id_movie_keyword",
                                "Relation Name": "movie_keyword",
                                "Alias": "mk",
                                "Startup Cost": 0.43,
                                "Total Cost": 1.42,
                                "Plan Rows": 46,
                                "Plan Width": 8,
                                "Actual Startup Time": 0.002,
                                "Actual Total Time": 0.003,
                                "Actual Rows": 6,
                                "Actual Loops": 317677,
                                "Index Cond": "(movie_id = t.id)",
                                "Rows Removed by Index Recheck": 0
                              }
                            ]
                          },
                          {
                            "Node Type": "Materialize",
                            "Parent Relationship": "Inner",
                            "Parallel Aware": false,
                            "Startup Cost": 0.0,
                            "Total Cost": 2961.57,
                            "Plan Rows": 4,
                            "Plan Width": 4,
                            "Actual Startup Time": 0.0,
                            "Actual Total Time": 0.0,
                            "Actual Rows": 3,
                            "Actual Loops": 2048250,
                            "Plans": [
                              {
                                "Node Type": "Seq Scan",
                                "Parent Relationship": "Outer",
                                "Parallel Aware": false,
                                "Relation Name": "keyword",
                                "Alias": "k",
                                "Startup Cost": 0.0,
                                "Total Cost": 2961.55,
                                "Plan Rows": 4,
                                "Plan Width": 4,
                                "Actual Startup Time": 0.773,
                                "Actual Total Time": 15.938,
                                "Actual Rows": 3,
                                "Actual Loops": 1,
                                "Filter": "((keyword IS NOT NULL) AND (keyword = ANY ('{murder,murder-in-title,blood,violence}'::text[])))",
                                "Rows Removed by Filter": 134167
                              }
                            ]
                          }
                        ]
                      },
                      {
                        "Node Type": "Hash",
                        "Parent Relationship": "Inner",
                        "Parallel Aware": false,
                        "Startup Cost": 2.41,
                        "Total Cost": 2.41,
                        "Plan Rows": 1,
                        "Plan Width": 4,
                        "Actual Startup Time": 0.046,
                        "Actual Total Time": 0.047,
                        "Actual Rows": 1,
                        "Actual Loops": 1,
                        "Hash Buckets": 1024,
                        "Original Hash Buckets": 1024,
                        "Hash Batches": 1,
                        "Original Hash Batches": 1,
                        "Peak Memory Usage": 9,
                        "Plans": [
                          {
                            "Node Type": "Seq Scan",
                            "Parent Relationship": "Outer",
                            "Parallel Aware": false,
                            "Relation Name": "info_type",
                            "Alias": "it2",
                            "Startup Cost": 0.0,
                            "Total Cost": 2.41,
                            "Plan Rows": 1,
                            "Plan Width": 4,
                            "Actual Startup Time": 0.029,
                            "Actual Total Time": 0.033,
                            "Actual Rows": 1,
                            "Actual Loops": 1,
                            "Filter": "((info)::text = 'rating'::text)",
                            "Rows Removed by Filter": 112
                          }
                        ]
                      }
                    ]
                  }
                ]
              }
            ]
          },
          {
            "Node Type": "Hash",
            "Parent Relationship": "Inner",
            "Parallel Aware": false,
            "Startup Cost": 2.41,
            "Total Cost": 2.41,
            "Plan Rows": 1,
            "Plan Width": 4,
            "Actual Startup Time": 0.077,
            "Actual Total Time": 0.079,
            "Actual Rows": 1,
            "Actual Loops": 1,
            "Hash Buckets": 1024,
            "Original Hash Buckets": 1024,
            "Hash Batches": 1,
            "Original Hash Batches": 1,
            "Peak Memory Usage": 9,
            "Plans": [
              {
                "Node Type": "Seq Scan",
                "Parent Relationship": "Outer",
                "Parallel Aware": false,
                "Relation Name": "info_type",
                "Alias": "it1",
                "Startup Cost": 0.0,
                "Total Cost": 2.41,
                "Plan Rows": 1,
                "Plan Width": 4,
                "Actual Startup Time": 0.047,
                "Actual Total Time": 0.062,
                "Actual Rows": 1,
                "Actual Loops": 1,
                "Filter": "((info)::text = 'countries'::text)",
                "Rows Removed by Filter": 112
              }
            ]
          }
        ]
      }
    ]
  },
  "Planning Time": 13.161,
  "Triggers": [],
  "Execution Time": 6071.869
}