[
  {
    "Plan": {
      "Node Type": "Aggregate",
      "Strategy": "Plain",
      "Partial Mode": "Simple",
      "Parallel Aware": false,
      "Startup Cost": 26654.91,
      "Total Cost": 26654.92,
      "Plan Rows": 1,
      "Plan Width": 8,
      "Actual Startup Time": 44.115,
      "Actual Total Time": 44.115,
      "Actual Rows": 1,
      "Actual Loops": 1,
      "Plans": [
        {
          "Node Type": "Bitmap Heap Scan",
          "Parent Relationship": "Outer",
          "Parallel Aware": false,
          "Relation Name": "movie_keyword",
          "Alias": "mk",
          "Startup Cost": 925.29,
          "Total Cost": 26546.25,
          "Plan Rows": 43465,
          "Plan Width": 0,
          "Actual Startup Time": 14.479,
          "Actual Total Time": 40.828,
          "Actual Rows": 43355,
          "Actual Loops": 1,
          "Recheck Cond": "(keyword_id > 102896)",
          "Rows Removed by Index Recheck": 0,
          "Exact Heap Blocks": 11135,
          "Lossy Heap Blocks": 0,
          "Plans": [
            {
              "Node Type": "Bitmap Index Scan",
              "Parent Relationship": "Outer",
              "Parallel Aware": false,
              "Index Name": "keyword_id_movie_keyword",
              "Startup Cost": 0.0,
              "Total Cost": 914.42,
              "Plan Rows": 43465,
              "Plan Width": 0,
              "Actual Startup Time": 10.008,
              "Actual Total Time": 10.008,
              "Actual Rows": 43355,
              "Actual Loops": 1,
              "Index Cond": "(keyword_id > 102896)"
            }
          ]
        }
      ]
    },
    "Planning Time": 0.232,
    "Triggers": [],
    "Execution Time": 44.203
  }
]