{
  "Plan": {
    "Node Type": "Aggregate",
    "Strategy": "Plain",
    "Partial Mode": "Finalize",
    "Parallel Aware": false,
    "Startup Cost": 100545.89,
    "Total Cost": 100545.9,
    "Plan Rows": 1,
    "Plan Width": 8,
    "Actual Startup Time": 581.64,
    "Actual Total Time": 592.769,
    "Actual Rows": 1,
    "Actual Loops": 1,
    "Plans": [
      {
        "Node Type": "Gather",
        "Parent Relationship": "Outer",
        "Parallel Aware": false,
        "Startup Cost": 100545.78,
        "Total Cost": 100545.89,
        "Plan Rows": 1,
        "Plan Width": 8,
        "Actual Startup Time": 580.205,
        "Actual Total Time": 592.762,
        "Actual Rows": 2,
        "Actual Loops": 1,
        "Workers Planned": 1,
        "Workers Launched": 1,
        "Single Copy": false,
        "Plans": [
          {
            "Node Type": "Aggregate",
            "Strategy": "Plain",
            "Partial Mode": "Partial",
            "Parent Relationship": "Outer",
            "Parallel Aware": false,
            "Startup Cost": 99545.78,
            "Total Cost": 99545.79,
            "Plan Rows": 1,
            "Plan Width": 8,
            "Actual Startup Time": 574.092,
            "Actual Total Time": 574.095,
            "Actual Rows": 1,
            "Actual Loops": 2,
            "Plans": [
              {
                "Node Type": "Hash Join",
                "Parent Relationship": "Outer",
                "Parallel Aware": true,
                "Join Type": "Inner",
                "Startup Cost": 37972.02,
                "Total Cost": 99125.77,
                "Plan Rows": 168003,
                "Plan Width": 0,
                "Actual Startup Time": 166.193,
                "Actual Total Time": 561.999,
                "Actual Rows": 290370,
                "Actual Loops": 2,
                "Inner Unique": false,
                "Hash Cond": "(t.id = mc.movie_id)",
                "Plans": [
                  {
                    "Node Type": "Seq Scan",
                    "Parent Relationship": "Outer",
                    "Parallel Aware": true,
                    "Relation Name": "title",
                    "Alias": "t",
                    "Startup Cost": 0.0,
                    "Total Cost": 50870.31,
                    "Plan Rows": 1487231,
                    "Plan Width": 4,
                    "Actual Startup Time": 0.01,
                    "Actual Total Time": 112.579,
                    "Actual Rows": 1264156,
                    "Actual Loops": 2
                  },
                  {
                    "Node Type": "Hash",
                    "Parent Relationship": "Inner",
                    "Parallel Aware": true,
                    "Startup Cost": 35871.98,
                    "Total Cost": 35871.98,
                    "Plan Rows": 168003,
                    "Plan Width": 4,
                    "Actual Startup Time": 161.018,
                    "Actual Total Time": 161.019,
                    "Actual Rows": 290370,
                    "Actual Loops": 2,
                    "Hash Buckets": 1048576,
                    "Original Hash Buckets": 524288,
                    "Hash Batches": 1,
                    "Original Hash Batches": 1,
                    "Peak Memory Usage": 35040,
                    "Plans": [
                      {
                        "Node Type": "Bitmap Heap Scan",
                        "Parent Relationship": "Outer",
                        "Parallel Aware": true,
                        "Relation Name": "movie_companies",
                        "Alias": "mc",
                        "Startup Cost": 12118.66,
                        "Total Cost": 35871.98,
                        "Plan Rows": 168003,
                        "Plan Width": 4,
                        "Actual Startup Time": 35.803,
                        "Actual Total Time": 91.91,
                        "Actual Rows": 290370,
                        "Actual Loops": 2,
                        "Recheck Cond": "(company_id > 71043)",
                        "Rows Removed by Index Recheck": 0,
                        "Filter": "(company_type_id = 2)",
                        "Rows Removed by Filter": 0,
                        "Exact Heap Blocks": 4434,
                        "Lossy Heap Blocks": 0,
                        "Plans": [
                          {
                            "Node Type": "Bitmap Index Scan",
                            "Parent Relationship": "Outer",
                            "Parallel Aware": false,
                            "Index Name": "company_id_movie_companies",
                            "Startup Cost": 0.0,
                            "Total Cost": 12047.26,
                            "Plan Rows": 562510,
                            "Plan Width": 0,
                            "Actual Startup Time": 35.271,
                            "Actual Total Time": 35.272,
                            "Actual Rows": 580741,
                            "Actual Loops": 1,
                            "Index Cond": "(company_id > 71043)"
                          }
                        ]
                      }
                    ]
                  }
                ]
              }
            ]
          }
        ]
      }
    ]
  },
  "Planning Time": 0.746,
  "Triggers": [],
  "Execution Time": 592.865
}