[
  {
    "Plan": {
      "Node Type": "Aggregate",
      "Strategy": "Plain",
      "Partial Mode": "Finalize",
      "Parallel Aware": false,
      "Startup Cost": 401416.14,
      "Total Cost": 401416.15,
      "Plan Rows": 1,
      "Plan Width": 8,
      "Actual Startup Time": 3957.559,
      "Actual Total Time": 4041.588,
      "Actual Rows": 1,
      "Actual Loops": 1,
      "Plans": [
        {
          "Node Type": "Gather",
          "Parent Relationship": "Outer",
          "Parallel Aware": false,
          "Startup Cost": 401415.82,
          "Total Cost": 401416.13,
          "Plan Rows": 3,
          "Plan Width": 8,
          "Actual Startup Time": 3947.748,
          "Actual Total Time": 4041.566,
          "Actual Rows": 4,
          "Actual Loops": 1,
          "Workers Planned": 3,
          "Workers Launched": 3,
          "Single Copy": false,
          "Plans": [
            {
              "Node Type": "Aggregate",
              "Strategy": "Plain",
              "Partial Mode": "Partial",
              "Parent Relationship": "Outer",
              "Parallel Aware": false,
              "Startup Cost": 400415.82,
              "Total Cost": 400415.83,
              "Plan Rows": 1,
              "Plan Width": 8,
              "Actual Startup Time": 3933.688,
              "Actual Total Time": 3933.691,
              "Actual Rows": 1,
              "Actual Loops": 4,
              "Plans": [
                {
                  "Node Type": "Nested Loop",
                  "Parent Relationship": "Outer",
                  "Parallel Aware": false,
                  "Join Type": "Inner",
                  "Startup Cost": 61347.38,
                  "Total Cost": 398417.47,
                  "Plan Rows": 799341,
                  "Plan Width": 0,
                  "Actual Startup Time": 313.568,
                  "Actual Total Time": 3849.878,
                  "Actual Rows": 1843988,
                  "Actual Loops": 4,
                  "Inner Unique": false,
                  "Plans": [
                    {
                      "Node Type": "Hash Join",
                      "Parent Relationship": "Outer",
                      "Parallel Aware": true,
                      "Join Type": "Inner",
                      "Startup Cost": 61346.82,
                      "Total Cost": 88432.92,
                      "Plan Rows": 132211,
                      "Plan Width": 8,
                      "Actual Startup Time": 313.145,
                      "Actual Total Time": 431.793,
                      "Actual Rows": 126067,
                      "Actual Loops": 4,
                      "Inner Unique": true,
                      "Hash Cond": "(mk.movie_id = t.id)",
                      "Plans": [
                        {
                          "Node Type": "Bitmap Heap Scan",
                          "Parent Relationship": "Outer",
                          "Parallel Aware": true,
                          "Relation Name": "movie_keyword",
                          "Alias": "mk",
                          "Startup Cost": 11445.34,
                          "Total Cost": 38074.63,
                          "Plan Rows": 174023,
                          "Plan Width": 4,
                          "Actual Startup Time": 32.002,
                          "Actual Total Time": 82.113,
                          "Actual Rows": 138932,
                          "Actual Loops": 4,
                          "Recheck Cond": "(keyword_id < 398)",
                          "Rows Removed by Index Recheck": 0,
                          "Exact Heap Blocks": 6629,
                          "Lossy Heap Blocks": 0,
                          "Plans": [
                            {
                              "Node Type": "Bitmap Index Scan",
                              "Parent Relationship": "Outer",
                              "Parallel Aware": false,
                              "Index Name": "keyword_id_movie_keyword",
                              "Startup Cost": 0.0,
                              "Total Cost": 11310.47,
                              "Plan Rows": 539472,
                              "Plan Width": 0,
                              "Actual Startup Time": 28.344,
                              "Actual Total Time": 28.345,
                              "Actual Rows": 555726,
                              "Actual Loops": 1,
                              "Index Cond": "(keyword_id < 398)"
                            }
                          ]
                        },
                        {
                          "Node Type": "Hash",
                          "Parent Relationship": "Inner",
                          "Parallel Aware": true,
                          "Startup Cost": 43898.92,
                          "Total Cost": 43898.92,
                          "Plan Rows": 480205,
                          "Plan Width": 4,
                          "Actual Startup Time": 273.456,
                          "Actual Total Time": 273.457,
                          "Actual Rows": 480712,
                          "Actual Loops": 4,
                          "Hash Buckets": 2097152,
                          "Original Hash Buckets": 2097152,
                          "Hash Batches": 1,
                          "Original Hash Batches": 1,
                          "Peak Memory Usage": 91712,
                          "Plans": [
                            {
                              "Node Type": "Seq Scan",
                              "Parent Relationship": "Outer",
                              "Parallel Aware": true,
                              "Relation Name": "title",
                              "Alias": "t",
                              "Startup Cost": 0.0,
                              "Total Cost": 43898.92,
                              "Plan Rows": 480205,
                              "Plan Width": 4,
                              "Actual Startup Time": 0.045,
                              "Actual Total Time": 108.697,
                              "Actual Rows": 480712,
                              "Actual Loops": 4,
                              "Filter": "(production_year < 2010)",
                              "Rows Removed by Filter": 151366
                            }
                          ]
                        }
                      ]
                    },
                    {
                      "Node Type": "Index Scan",
                      "Parent Relationship": "Inner",
                      "Parallel Aware": false,
                      "Scan Direction": "Forward",
                      "Index Name": "movie_id_cast_info",
                      "Relation Name": "cast_info",
                      "Alias": "ci",
                      "Startup Cost": 0.56,
                      "Total Cost": 2.19,
                      "Plan Rows": 15,
                      "Plan Width": 4,
                      "Actual Startup Time": 0.008,
                      "Actual Total Time": 0.026,
                      "Actual Rows": 15,
                      "Actual Loops": 504269,
                      "Index Cond": "(movie_id = t.id)",
                      "Rows Removed by Index Recheck": 0,
                      "Filter": "((person_id > 829941) AND (role_id < 3))",
                      "Rows Removed by Filter": 24
                    }
                  ]
                }
              ]
            }
          ]
        }
      ]
    },
    "Planning Time": 1.279,
    "Triggers": [],
    "Execution Time": 4041.714
  }
]