{
  "Plan": {
    "Node Type": "Aggregate",
    "Strategy": "Plain",
    "Partial Mode": "Finalize",
    "Parallel Aware": false,
    "Startup Cost": 748004.19,
    "Total Cost": 748004.2,
    "Plan Rows": 1,
    "Plan Width": 8,
    "Actual Startup Time": 8664.061,
    "Actual Total Time": 8731.626,
    "Actual Rows": 1,
    "Actual Loops": 1,
    "Plans": [
      {
        "Node Type": "Gather",
        "Parent Relationship": "Outer",
        "Parallel Aware": false,
        "Startup Cost": 748004.08,
        "Total Cost": 748004.19,
        "Plan Rows": 1,
        "Plan Width": 8,
        "Actual Startup Time": 8658.528,
        "Actual Total Time": 8731.615,
        "Actual Rows": 2,
        "Actual Loops": 1,
        "Workers Planned": 1,
        "Workers Launched": 1,
        "Single Copy": false,
        "Plans": [
          {
            "Node Type": "Aggregate",
            "Strategy": "Plain",
            "Partial Mode": "Partial",
            "Parent Relationship": "Outer",
            "Parallel Aware": false,
            "Startup Cost": 747004.08,
            "Total Cost": 747004.09,
            "Plan Rows": 1,
            "Plan Width": 8,
            "Actual Startup Time": 8651.247,
            "Actual Total Time": 8652.722,
            "Actual Rows": 1,
            "Actual Loops": 2,
            "Plans": [
              {
                "Node Type": "Hash Join",
                "Parent Relationship": "Outer",
                "Parallel Aware": true,
                "Join Type": "Inner",
                "Startup Cost": 115628.84,
                "Total Cost": 721454.09,
                "Plan Rows": 10219994,
                "Plan Width": 0,
                "Actual Startup Time": 927.707,
                "Actual Total Time": 7850.753,
                "Actual Rows": 19125636,
                "Actual Loops": 2,
                "Inner Unique": false,
                "Hash Cond": "(ci.movie_id = t.id)",
                "Plans": [
                  {
                    "Node Type": "Seq Scan",
                    "Parent Relationship": "Outer",
                    "Parallel Aware": true,
                    "Relation Name": "cast_info",
                    "Alias": "ci",
                    "Startup Cost": 0.0,
                    "Total Cost": 465792.95,
                    "Plan Rows": 21310595,
                    "Plan Width": 4,
                    "Actual Startup Time": 0.016,
                    "Actual Total Time": 1388.681,
                    "Actual Rows": 18122172,
                    "Actual Loops": 2
                  },
                  {
                    "Node Type": "Hash",
                    "Parent Relationship": "Inner",
                    "Parallel Aware": true,
                    "Startup Cost": 106713.39,
                    "Total Cost": 106713.39,
                    "Plan Rows": 713236,
                    "Plan Width": 8,
                    "Actual Startup Time": 913.357,
                    "Actual Total Time": 914.83,
                    "Actual Rows": 474784,
                    "Actual Loops": 2,
                    "Hash Buckets": 2097152,
                    "Original Hash Buckets": 2097152,
                    "Hash Batches": 1,
                    "Original Hash Batches": 1,
                    "Peak Memory Usage": 53568,
                    "Plans": [
                      {
                        "Node Type": "Hash Join",
                        "Parent Relationship": "Outer",
                        "Parallel Aware": true,
                        "Join Type": "Inner",
                        "Startup Cost": 65568.81,
                        "Total Cost": 106713.39,
                        "Plan Rows": 713236,
                        "Plan Width": 8,
                        "Actual Startup Time": 380.627,
                        "Actual Total Time": 791.027,
                        "Actual Rows": 474784,
                        "Actual Loops": 2,
                        "Inner Unique": true,
                        "Hash Cond": "(mc.movie_id = t.id)",
                        "Plans": [
                          {
                            "Node Type": "Seq Scan",
                            "Parent Relationship": "Outer",
                            "Parallel Aware": true,
                            "Relation Name": "movie_companies",
                            "Alias": "mc",
                            "Startup Cost": 0.0,
                            "Total Cost": 37974.77,
                            "Plan Rows": 1207544,
                            "Plan Width": 4,
                            "Actual Startup Time": 0.019,
                            "Actual Total Time": 128.771,
                            "Actual Rows": 1019379,
                            "Actual Loops": 2,
                            "Filter": "(company_id < 71360)",
                            "Rows Removed by Filter": 285186
                          },
                          {
                            "Node Type": "Hash",
                            "Parent Relationship": "Inner",
                            "Parallel Aware": true,
                            "Startup Cost": 54588.39,
                            "Total Cost": 54588.39,
                            "Plan Rows": 878434,
                            "Plan Width": 4,
                            "Actual Startup Time": 373.37,
                            "Actual Total Time": 373.371,
                            "Actual Rows": 742515,
                            "Actual Loops": 2,
                            "Hash Buckets": 2097152,
                            "Original Hash Buckets": 2097152,
                            "Hash Batches": 1,
                            "Original Hash Batches": 1,
                            "Peak Memory Usage": 74496,
                            "Plans": [
                              {
                                "Node Type": "Seq Scan",
                                "Parent Relationship": "Outer",
                                "Parallel Aware": true,
                                "Relation Name": "title",
                                "Alias": "t",
                                "Startup Cost": 0.0,
                                "Total Cost": 54588.39,
                                "Plan Rows": 878434,
                                "Plan Width": 4,
                                "Actual Startup Time": 0.029,
                                "Actual Total Time": 169.027,
                                "Actual Rows": 742515,
                                "Actual Loops": 2,
                                "Filter": "(production_year > 1998)",
                                "Rows Removed by Filter": 521641
                              }
                            ]
                          }
                        ]
                      }
                    ]
                  }
                ]
              }
            ]
          }
        ]
      }
    ]
  },
  "Planning Time": 0.969,
  "Triggers": [],
  "Execution Time": 8731.724
}