{
  "Plan": {
    "Node Type": "Aggregate",
    "Strategy": "Plain",
    "Partial Mode": "Finalize",
    "Parallel Aware": false,
    "Startup Cost": 260278.5,
    "Total Cost": 260278.51,
    "Plan Rows": 1,
    "Plan Width": 8,
    "Actual Startup Time": 516.253,
    "Actual Total Time": 534.801,
    "Actual Rows": 1,
    "Actual Loops": 1,
    "Plans": [
      {
        "Node Type": "Gather",
        "Parent Relationship": "Outer",
        "Parallel Aware": false,
        "Startup Cost": 260278.39,
        "Total Cost": 260278.5,
        "Plan Rows": 1,
        "Plan Width": 8,
        "Actual Startup Time": 515.854,
        "Actual Total Time": 534.795,
        "Actual Rows": 2,
        "Actual Loops": 1,
        "Workers Planned": 1,
        "Workers Launched": 1,
        "Single Copy": false,
        "Plans": [
          {
            "Node Type": "Aggregate",
            "Strategy": "Plain",
            "Partial Mode": "Partial",
            "Parent Relationship": "Outer",
            "Parallel Aware": false,
            "Startup Cost": 259278.39,
            "Total Cost": 259278.4,
            "Plan Rows": 1,
            "Plan Width": 8,
            "Actual Startup Time": 510.269,
            "Actual Total Time": 510.272,
            "Actual Rows": 1,
            "Actual Loops": 2,
            "Plans": [
              {
                "Node Type": "Nested Loop",
                "Parent Relationship": "Outer",
                "Parallel Aware": false,
                "Join Type": "Inner",
                "Startup Cost": 66359.24,
                "Total Cost": 259223.74,
                "Plan Rows": 21857,
                "Plan Width": 0,
                "Actual Startup Time": 171.874,
                "Actual Total Time": 478.8,
                "Actual Rows": 768509,
                "Actual Loops": 2,
                "Inner Unique": false,
                "Join Filter": "(t.id = mk.movie_id)",
                "Rows Removed by Join Filter": 0,
                "Plans": [
                  {
                    "Node Type": "Hash Join",
                    "Parent Relationship": "Outer",
                    "Parallel Aware": true,
                    "Join Type": "Inner",
                    "Startup Cost": 66358.81,
                    "Total Cost": 233823.5,
                    "Plan Rows": 12215,
                    "Plan Width": 8,
                    "Actual Startup Time": 171.649,
                    "Actual Total Time": 253.643,
                    "Actual Rows": 12370,
                    "Actual Loops": 2,
                    "Inner Unique": true,
                    "Hash Cond": "(mi.movie_id = t.id)",
                    "Plans": [
                      {
                        "Node Type": "Bitmap Heap Scan",
                        "Parent Relationship": "Outer",
                        "Parallel Aware": true,
                        "Relation Name": "movie_info",
                        "Alias": "mi",
                        "Startup Cost": 11142.68,
                        "Total Cost": 177657.74,
                        "Plan Rows": 361765,
                        "Plan Width": 4,
                        "Actual Startup Time": 26.777,
                        "Actual Total Time": 79.932,
                        "Actual Rows": 299228,
                        "Actual Loops": 2,
                        "Recheck Cond": "(info_type_id = 15)",
                        "Rows Removed by Index Recheck": 0,
                        "Exact Heap Blocks": 12655,
                        "Lossy Heap Blocks": 0,
                        "Plans": [
                          {
                            "Node Type": "Bitmap Index Scan",
                            "Parent Relationship": "Outer",
                            "Parallel Aware": false,
                            "Index Name": "info_type_id_movie_info",
                            "Startup Cost": 0.0,
                            "Total Cost": 10988.93,
                            "Plan Rows": 615000,
                            "Plan Width": 0,
                            "Actual Startup Time": 23.588,
                            "Actual Total Time": 23.588,
                            "Actual Rows": 598457,
                            "Actual Loops": 1,
                            "Index Cond": "(info_type_id = 15)"
                          }
                        ]
                      },
                      {
                        "Node Type": "Hash",
                        "Parent Relationship": "Inner",
                        "Parallel Aware": true,
                        "Startup Cost": 54588.39,
                        "Total Cost": 54588.39,
                        "Plan Rows": 50219,
                        "Plan Width": 4,
                        "Actual Startup Time": 143.603,
                        "Actual Total Time": 143.604,
                        "Actual Rows": 42296,
                        "Actual Loops": 2,
                        "Hash Buckets": 131072,
                        "Original Hash Buckets": 131072,
                        "Hash Batches": 1,
                        "Original Hash Batches": 1,
                        "Peak Memory Usage": 4384,
                        "Plans": [
                          {
                            "Node Type": "Seq Scan",
                            "Parent Relationship": "Outer",
                            "Parallel Aware": true,
                            "Relation Name": "title",
                            "Alias": "t",
                            "Startup Cost": 0.0,
                            "Total Cost": 54588.39,
                            "Plan Rows": 50219,
                            "Plan Width": 4,
                            "Actual Startup Time": 0.036,
                            "Actual Total Time": 132.169,
                            "Actual Rows": 42296,
                            "Actual Loops": 2,
                            "Filter": "(production_year = 2004)",
                            "Rows Removed by Filter": 1221860
                          }
                        ]
                      }
                    ]
                  },
                  {
                    "Node Type": "Index Only Scan",
                    "Parent Relationship": "Inner",
                    "Parallel Aware": false,
                    "Scan Direction": "Forward",
                    "Index Name": "movie_id_movie_keyword",
                    "Relation Name": "movie_keyword",
                    "Alias": "mk",
                    "Startup Cost": 0.43,
                    "Total Cost": 1.52,
                    "Plan Rows": 45,
                    "Plan Width": 4,
                    "Actual Startup Time": 0.003,
                    "Actual Total Time": 0.013,
                    "Actual Rows": 62,
                    "Actual Loops": 24741,
                    "Index Cond": "(movie_id = mi.movie_id)",
                    "Rows Removed by Index Recheck": 0,
                    "Heap Fetches": 1537018
                  }
                ]
              }
            ]
          }
        ]
      }
    ]
  },
  "Planning Time": 0.582,
  "Triggers": [],
  "Execution Time": 534.874
}