[
  {
    "Plan": {
      "Node Type": "Aggregate",
      "Strategy": "Plain",
      "Partial Mode": "Finalize",
      "Parallel Aware": false,
      "Startup Cost": 88299.66,
      "Total Cost": 88299.67,
      "Plan Rows": 1,
      "Plan Width": 8,
      "Actual Startup Time": 514.665,
      "Actual Total Time": 534.685,
      "Actual Rows": 1,
      "Actual Loops": 1,
      "Plans": [
        {
          "Node Type": "Gather",
          "Parent Relationship": "Outer",
          "Parallel Aware": false,
          "Startup Cost": 88299.35,
          "Total Cost": 88299.66,
          "Plan Rows": 3,
          "Plan Width": 8,
          "Actual Startup Time": 506.349,
          "Actual Total Time": 534.674,
          "Actual Rows": 4,
          "Actual Loops": 1,
          "Workers Planned": 3,
          "Workers Launched": 3,
          "Single Copy": false,
          "Plans": [
            {
              "Node Type": "Aggregate",
              "Strategy": "Plain",
              "Partial Mode": "Partial",
              "Parent Relationship": "Outer",
              "Parallel Aware": false,
              "Startup Cost": 87299.35,
              "Total Cost": 87299.36,
              "Plan Rows": 1,
              "Plan Width": 8,
              "Actual Startup Time": 486.645,
              "Actual Total Time": 486.649,
              "Actual Rows": 1,
              "Actual Loops": 4,
              "Plans": [
                {
                  "Node Type": "Hash Join",
                  "Parent Relationship": "Outer",
                  "Parallel Aware": true,
                  "Join Type": "Inner",
                  "Startup Cost": 60177.46,
                  "Total Cost": 86920.92,
                  "Plan Rows": 151369,
                  "Plan Width": 0,
                  "Actual Startup Time": 390.484,
                  "Actual Total Time": 481.129,
                  "Actual Rows": 116467,
                  "Actual Loops": 4,
                  "Inner Unique": true,
                  "Hash Cond": "(mk.movie_id = t.id)",
                  "Plans": [
                    {
                      "Node Type": "Bitmap Heap Scan",
                      "Parent Relationship": "Outer",
                      "Parallel Aware": true,
                      "Relation Name": "movie_keyword",
                      "Alias": "mk",
                      "Startup Cost": 9957.08,
                      "Total Cost": 36303.2,
                      "Plan Rows": 151369,
                      "Plan Width": 4,
                      "Actual Startup Time": 27.349,
                      "Actual Total Time": 78.954,
                      "Actual Rows": 116467,
                      "Actual Loops": 4,
                      "Recheck Cond": "(keyword_id > 38237)",
                      "Rows Removed by Index Recheck": 0,
                      "Exact Heap Blocks": 7448,
                      "Lossy Heap Blocks": 0,
                      "Plans": [
                        {
                          "Node Type": "Bitmap Index Scan",
                          "Parent Relationship": "Outer",
                          "Parallel Aware": false,
                          "Index Name": "keyword_id_movie_keyword",
                          "Startup Cost": 0.0,
                          "Total Cost": 9839.77,
                          "Plan Rows": 469245,
                          "Plan Width": 0,
                          "Actual Startup Time": 24.003,
                          "Actual Total Time": 24.004,
                          "Actual Rows": 465868,
                          "Actual Loops": 1,
                          "Index Cond": "(keyword_id > 38237)"
                        }
                      ]
                    },
                    {
                      "Node Type": "Hash",
                      "Parent Relationship": "Inner",
                      "Parallel Aware": true,
                      "Startup Cost": 42319.06,
                      "Total Cost": 42319.06,
                      "Plan Rows": 632106,
                      "Plan Width": 4,
                      "Actual Startup Time": 351.052,
                      "Actual Total Time": 351.053,
                      "Actual Rows": 632078,
                      "Actual Loops": 4,
                      "Hash Buckets": 4194304,
                      "Original Hash Buckets": 4194304,
                      "Hash Batches": 1,
                      "Original Hash Batches": 1,
                      "Peak Memory Usage": 131744,
                      "Plans": [
                        {
                          "Node Type": "Seq Scan",
                          "Parent Relationship": "Outer",
                          "Parallel Aware": true,
                          "Relation Name": "title",
                          "Alias": "t",
                          "Startup Cost": 0.0,
                          "Total Cost": 42319.06,
                          "Plan Rows": 632106,
                          "Plan Width": 4,
                          "Actual Startup Time": 0.053,
                          "Actual Total Time": 99.074,
                          "Actual Rows": 632078,
                          "Actual Loops": 4
                        }
                      ]
                    }
                  ]
                }
              ]
            }
          ]
        }
      ]
    },
    "Planning Time": 0.667,
    "Triggers": [],
    "Execution Time": 534.779
  }
]