[
    {
        "Bao": {
            "Bao prediction": 456.347,
            "Bao recommended hint": "(no hint)"
        }
    },
    {
        "Plan": {
            "Node Type": "Aggregate",
            "Strategy": "Plain",
            "Partial Mode": "Finalize",
            "Parallel Aware": false,
            "Startup Cost": 330873.4,
            "Total Cost": 330873.41,
            "Plan Rows": 1,
            "Plan Width": 8,
            "Actual Startup Time": 585.316,
            "Actual Total Time": 616.297,
            "Actual Rows": 1,
            "Actual Loops": 1,
            "Output": [
                "count(*)"
            ],
            "Plans": [
                {
                    "Node Type": "Gather",
                    "Parent Relationship": "Outer",
                    "Parallel Aware": false,
                    "Startup Cost": 330872.77,
                    "Total Cost": 330873.38,
                    "Plan Rows": 6,
                    "Plan Width": 8,
                    "Actual Startup Time": 585.215,
                    "Actual Total Time": 616.289,
                    "Actual Rows": 7,
                    "Actual Loops": 1,
                    "Output": [
                        "(PARTIAL count(*))"
                    ],
                    "Workers Planned": 6,
                    "Workers Launched": 6,
                    "Single Copy": false,
                    "Plans": [
                        {
                            "Node Type": "Aggregate",
                            "Strategy": "Plain",
                            "Partial Mode": "Partial",
                            "Parent Relationship": "Outer",
                            "Parallel Aware": false,
                            "Startup Cost": 329872.77,
                            "Total Cost": 329872.78,
                            "Plan Rows": 1,
                            "Plan Width": 8,
                            "Actual Startup Time": 575.762,
                            "Actual Total Time": 575.763,
                            "Actual Rows": 1,
                            "Actual Loops": 7,
                            "Output": [
                                "PARTIAL count(*)"
                            ],
                            "Workers": [
                                {
                                    "Worker Number": 0,
                                    "Actual Startup Time": 573.796,
                                    "Actual Total Time": 573.797,
                                    "Actual Rows": 1,
                                    "Actual Loops": 1
                                },
                                {
                                    "Worker Number": 1,
                                    "Actual Startup Time": 574.236,
                                    "Actual Total Time": 574.238,
                                    "Actual Rows": 1,
                                    "Actual Loops": 1
                                },
                                {
                                    "Worker Number": 2,
                                    "Actual Startup Time": 574.381,
                                    "Actual Total Time": 574.382,
                                    "Actual Rows": 1,
                                    "Actual Loops": 1
                                },
                                {
                                    "Worker Number": 3,
                                    "Actual Startup Time": 574.252,
                                    "Actual Total Time": 574.253,
                                    "Actual Rows": 1,
                                    "Actual Loops": 1
                                },
                                {
                                    "Worker Number": 4,
                                    "Actual Startup Time": 574.195,
                                    "Actual Total Time": 574.196,
                                    "Actual Rows": 1,
                                    "Actual Loops": 1
                                },
                                {
                                    "Worker Number": 5,
                                    "Actual Startup Time": 575.061,
                                    "Actual Total Time": 575.061,
                                    "Actual Rows": 1,
                                    "Actual Loops": 1
                                }
                            ],
                            "Plans": [
                                {
                                    "Node Type": "Seq Scan",
                                    "Parent Relationship": "Outer",
                                    "Parallel Aware": true,
                                    "Relation Name": "cast_info",
                                    "Schema": "public",
                                    "Alias": "ci",
                                    "Startup Cost": 0.0,
                                    "Total Cost": 328213.62,
                                    "Plan Rows": 663662,
                                    "Plan Width": 0,
                                    "Actual Startup Time": 410.802,
                                    "Actual Total Time": 547.326,
                                    "Actual Rows": 568340,
                                    "Actual Loops": 7,
                                    "Output": [
                                        "id",
                                        "person_id",
                                        "movie_id",
                                        "person_role_id",
                                        "note",
                                        "nr_order",
                                        "role_id"
                                    ],
                                    "Filter": "(ci.person_id > 3329670)",
                                    "Rows Removed by Filter": 4609424,
                                    "Workers": [
                                        {
                                            "Worker Number": 0,
                                            "Actual Startup Time": 408.848,
                                            "Actual Total Time": 545.784,
                                            "Actual Rows": 404320,
                                            "Actual Loops": 1
                                        },
                                        {
                                            "Worker Number": 1,
                                            "Actual Startup Time": 409.256,
                                            "Actual Total Time": 546.245,
                                            "Actual Rows": 418634,
                                            "Actual Loops": 1
                                        },
                                        {
                                            "Worker Number": 2,
                                            "Actual Startup Time": 409.43,
                                            "Actual Total Time": 545.895,
                                            "Actual Rows": 424590,
                                            "Actual Loops": 1
                                        },
                                        {
                                            "Worker Number": 3,
                                            "Actual Startup Time": 409.291,
                                            "Actual Total Time": 546.486,
                                            "Actual Rows": 604797,
                                            "Actual Loops": 1
                                        },
                                        {
                                            "Worker Number": 4,
                                            "Actual Startup Time": 409.247,
                                            "Actual Total Time": 546.721,
                                            "Actual Rows": 598509,
                                            "Actual Loops": 1
                                        },
                                        {
                                            "Worker Number": 5,
                                            "Actual Startup Time": 410.099,
                                            "Actual Total Time": 548.105,
                                            "Actual Rows": 655866,
                                            "Actual Loops": 1
                                        }
                                    ]
                                }
                            ]
                        }
                    ]
                }
            ]
        },
        "Planning Time": 733.509,
        "Triggers": [],
        "Execution Time": 616.393
    }
]