[
  {
    "Plan": {
      "Node Type": "Aggregate",
      "Strategy": "Plain",
      "Partial Mode": "Finalize",
      "Parallel Aware": false,
      "Startup Cost": 226028.79,
      "Total Cost": 226028.8,
      "Plan Rows": 1,
      "Plan Width": 8,
      "Actual Startup Time": 250.681,
      "Actual Total Time": 262.837,
      "Actual Rows": 1,
      "Actual Loops": 1,
      "Plans": [
        {
          "Node Type": "Gather",
          "Parent Relationship": "Outer",
          "Parallel Aware": false,
          "Startup Cost": 226028.27,
          "Total Cost": 226028.78,
          "Plan Rows": 5,
          "Plan Width": 8,
          "Actual Startup Time": 246.343,
          "Actual Total Time": 262.822,
          "Actual Rows": 6,
          "Actual Loops": 1,
          "Workers Planned": 5,
          "Workers Launched": 5,
          "Single Copy": false,
          "Plans": [
            {
              "Node Type": "Aggregate",
              "Strategy": "Plain",
              "Partial Mode": "Partial",
              "Parent Relationship": "Outer",
              "Parallel Aware": false,
              "Startup Cost": 225028.27,
              "Total Cost": 225028.28,
              "Plan Rows": 1,
              "Plan Width": 8,
              "Actual Startup Time": 235.387,
              "Actual Total Time": 235.39,
              "Actual Rows": 1,
              "Actual Loops": 6,
              "Plans": [
                {
                  "Node Type": "Hash Join",
                  "Parent Relationship": "Outer",
                  "Parallel Aware": true,
                  "Join Type": "Inner",
                  "Startup Cost": 60794.59,
                  "Total Cost": 224913.31,
                  "Plan Rows": 45983,
                  "Plan Width": 0,
                  "Actual Startup Time": 179.913,
                  "Actual Total Time": 233.824,
                  "Actual Rows": 21024,
                  "Actual Loops": 6,
                  "Inner Unique": true,
                  "Hash Cond": "(mi.movie_id = t.id)",
                  "Plans": [
                    {
                      "Node Type": "Bitmap Heap Scan",
                      "Parent Relationship": "Outer",
                      "Parallel Aware": true,
                      "Relation Name": "movie_info",
                      "Alias": "mi",
                      "Startup Cost": 12730.49,
                      "Total Cost": 176480.28,
                      "Plan Rows": 140543,
                      "Plan Width": 4,
                      "Actual Startup Time": 30.324,
                      "Actual Total Time": 52.469,
                      "Actual Rows": 110154,
                      "Actual Loops": 6,
                      "Recheck Cond": "(info_type_id = 18)",
                      "Rows Removed by Index Recheck": 0,
                      "Exact Heap Blocks": 1381,
                      "Lossy Heap Blocks": 0,
                      "Plans": [
                        {
                          "Node Type": "Bitmap Index Scan",
                          "Parent Relationship": "Outer",
                          "Parallel Aware": false,
                          "Index Name": "info_type_id_movie_info",
                          "Startup Cost": 0.0,
                          "Total Cost": 12554.81,
                          "Plan Rows": 702717,
                          "Plan Width": 0,
                          "Actual Startup Time": 29.28,
                          "Actual Total Time": 29.281,
                          "Actual Rows": 660923,
                          "Actual Loops": 1,
                          "Index Cond": "(info_type_id = 18)"
                        }
                      ]
                    },
                    {
                      "Node Type": "Hash",
                      "Parent Relationship": "Inner",
                      "Parallel Aware": true,
                      "Startup Cost": 45479.1,
                      "Total Cost": 45479.1,
                      "Plan Rows": 206800,
                      "Plan Width": 4,
                      "Actual Startup Time": 145.679,
                      "Actual Total Time": 145.68,
                      "Actual Rows": 122726,
                      "Actual Loops": 6,
                      "Hash Buckets": 1048576,
                      "Original Hash Buckets": 1048576,
                      "Hash Batches": 1,
                      "Original Hash Batches": 1,
                      "Peak Memory Usage": 37120,
                      "Plans": [
                        {
                          "Node Type": "Seq Scan",
                          "Parent Relationship": "Outer",
                          "Parallel Aware": true,
                          "Relation Name": "title",
                          "Alias": "t",
                          "Startup Cost": 0.0,
                          "Total Cost": 45479.1,
                          "Plan Rows": 206800,
                          "Plan Width": 4,
                          "Actual Startup Time": 0.042,
                          "Actual Total Time": 85.79,
                          "Actual Rows": 122726,
                          "Actual Loops": 6,
                          "Filter": "((kind_id > 3) AND (production_year < 2004))",
                          "Rows Removed by Filter": 298660
                        }
                      ]
                    }
                  ]
                }
              ]
            }
          ]
        }
      ]
    },
    "Planning Time": 0.658,
    "Triggers": [],
    "Execution Time": 262.928
  }
]