{
  "Plan": {
    "Node Type": "Aggregate",
    "Strategy": "Plain",
    "Partial Mode": "Simple",
    "Parallel Aware": false,
    "Startup Cost": 113363.13,
    "Total Cost": 113363.14,
    "Plan Rows": 1,
    "Plan Width": 96,
    "Actual Startup Time": 294.576,
    "Actual Total Time": 294.687,
    "Actual Rows": 1,
    "Actual Loops": 1,
    "Plans": [
      {
        "Node Type": "Gather",
        "Parent Relationship": "Outer",
        "Parallel Aware": false,
        "Startup Cost": 3630.0,
        "Total Cost": 113363.12,
        "Plan Rows": 1,
        "Plan Width": 46,
        "Actual Startup Time": 105.291,
        "Actual Total Time": 294.655,
        "Actual Rows": 73,
        "Actual Loops": 1,
        "Workers Planned": 1,
        "Workers Launched": 0,
        "Single Copy": false,
        "Plans": [
          {
            "Node Type": "Nested Loop",
            "Parent Relationship": "Outer",
            "Parallel Aware": false,
            "Join Type": "Inner",
            "Startup Cost": 2630.0,
            "Total Cost": 112363.02,
            "Plan Rows": 1,
            "Plan Width": 46,
            "Actual Startup Time": 104.553,
            "Actual Total Time": 293.8,
            "Actual Rows": 73,
            "Actual Loops": 1,
            "Inner Unique": true,
            "Plans": [
              {
                "Node Type": "Hash Join",
                "Parent Relationship": "Outer",
                "Parallel Aware": false,
                "Join Type": "Inner",
                "Startup Cost": 2629.57,
                "Total Cost": 112358.55,
                "Plan Rows": 1,
                "Plan Width": 33,
                "Actual Startup Time": 104.538,
                "Actual Total Time": 293.315,
                "Actual Rows": 73,
                "Actual Loops": 1,
                "Inner Unique": true,
                "Hash Cond": "(mk.keyword_id = k.id)",
                "Plans": [
                  {
                    "Node Type": "Hash Join",
                    "Parent Relationship": "Outer",
                    "Parallel Aware": false,
                    "Join Type": "Inner",
                    "Startup Cost": 3.43,
                    "Total Cost": 109649.54,
                    "Plan Rows": 31572,
                    "Plan Width": 37,
                    "Actual Startup Time": 0.123,
                    "Actual Total Time": 256.608,
                    "Actual Rows": 288192,
                    "Actual Loops": 1,
                    "Inner Unique": true,
                    "Hash Cond": "(ml.link_type_id = lt.id)",
                    "Plans": [
                      {
                        "Node Type": "Merge Join",
                        "Parent Relationship": "Outer",
                        "Parallel Aware": false,
                        "Join Type": "Inner",
                        "Startup Cost": 2.02,
                        "Total Cost": 109545.74,
                        "Plan Rows": 31572,
                        "Plan Width": 29,
                        "Actual Startup Time": 0.067,
                        "Actual Total Time": 218.461,
                        "Actual Rows": 288192,
                        "Actual Loops": 1,
                        "Inner Unique": false,
                        "Merge Cond": "(t1.id = ml.movie_id)",
                        "Plans": [
                          {
                            "Node Type": "Nested Loop",
                            "Parent Relationship": "Outer",
                            "Parallel Aware": false,
                            "Join Type": "Inner",
                            "Startup Cost": 0.86,
                            "Total Cost": 1455290.29,
                            "Plan Rows": 2661135,
                            "Plan Width": 29,
                            "Actual Startup Time": 0.045,
                            "Actual Total Time": 142.614,
                            "Actual Rows": 97855,
                            "Actual Loops": 1,
                            "Inner Unique": true,
                            "Plans": [
                              {
                                "Node Type": "Index Scan",
                                "Parent Relationship": "Outer",
                                "Parallel Aware": true,
                                "Scan Direction": "Forward",
                                "Index Name": "movie_id_movie_keyword",
                                "Relation Name": "movie_keyword",
                                "Alias": "mk",
                                "Startup Cost": 0.43,
                                "Total Cost": 158547.74,
                                "Plan Rows": 2661135,
                                "Plan Width": 8,
                                "Actual Startup Time": 0.024,
                                "Actual Total Time": 14.104,
                                "Actual Rows": 97855,
                                "Actual Loops": 1
                              },
                              {
                                "Node Type": "Index Scan",
                                "Parent Relationship": "Inner",
                                "Parallel Aware": false,
                                "Scan Direction": "Forward",
                                "Index Name": "title_pkey",
                                "Relation Name": "title",
                                "Alias": "t1",
                                "Startup Cost": 0.43,
                                "Total Cost": 0.49,
                                "Plan Rows": 1,
                                "Plan Width": 21,
                                "Actual Startup Time": 0.001,
                                "Actual Total Time": 0.001,
                                "Actual Rows": 1,
                                "Actual Loops": 97855,
                                "Index Cond": "(id = mk.movie_id)",
                                "Rows Removed by Index Recheck": 0
                              }
                            ]
                          },
                          {
                            "Node Type": "Index Scan",
                            "Parent Relationship": "Inner",
                            "Parallel Aware": false,
                            "Scan Direction": "Forward",
                            "Index Name": "movie_id_movie_link",
                            "Relation Name": "movie_link",
                            "Alias": "ml",
                            "Startup Cost": 0.29,
                            "Total Cost": 1111.51,
                            "Plan Rows": 29997,
                            "Plan Width": 12,
                            "Actual Startup Time": 0.015,
                            "Actual Total Time": 34.468,
                            "Actual Rows": 301429,
                            "Actual Loops": 1
                          }
                        ]
                      },
                      {
                        "Node Type": "Hash",
                        "Parent Relationship": "Inner",
                        "Parallel Aware": false,
                        "Startup Cost": 1.18,
                        "Total Cost": 1.18,
                        "Plan Rows": 18,
                        "Plan Width": 16,
                        "Actual Startup Time": 0.04,
                        "Actual Total Time": 0.041,
                        "Actual Rows": 18,
                        "Actual Loops": 1,
                        "Hash Buckets": 1024,
                        "Original Hash Buckets": 1024,
                        "Hash Batches": 1,
                        "Original Hash Batches": 1,
                        "Peak Memory Usage": 9,
                        "Plans": [
                          {
                            "Node Type": "Seq Scan",
                            "Parent Relationship": "Outer",
                            "Parallel Aware": false,
                            "Relation Name": "link_type",
                            "Alias": "lt",
                            "Startup Cost": 0.0,
                            "Total Cost": 1.18,
                            "Plan Rows": 18,
                            "Plan Width": 16,
                            "Actual Startup Time": 0.019,
                            "Actual Total Time": 0.024,
                            "Actual Rows": 18,
                            "Actual Loops": 1
                          }
                        ]
                      }
                    ]
                  },
                  {
                    "Node Type": "Hash",
                    "Parent Relationship": "Inner",
                    "Parallel Aware": false,
                    "Startup Cost": 2626.12,
                    "Total Cost": 2626.12,
                    "Plan Rows": 1,
                    "Plan Width": 4,
                    "Actual Startup Time": 21.628,
                    "Actual Total Time": 21.629,
                    "Actual Rows": 1,
                    "Actual Loops": 1,
                    "Hash Buckets": 1024,
                    "Original Hash Buckets": 1024,
                    "Hash Batches": 1,
                    "Original Hash Batches": 1,
                    "Peak Memory Usage": 9,
                    "Plans": [
                      {
                        "Node Type": "Seq Scan",
                        "Parent Relationship": "Outer",
                        "Parallel Aware": false,
                        "Relation Name": "keyword",
                        "Alias": "k",
                        "Startup Cost": 0.0,
                        "Total Cost": 2626.12,
                        "Plan Rows": 1,
                        "Plan Width": 4,
                        "Actual Startup Time": 1.419,
                        "Actual Total Time": 21.625,
                        "Actual Rows": 1,
                        "Actual Loops": 1,
                        "Filter": "(keyword = 'tv-special'::text)",
                        "Rows Removed by Filter": 134169
                      }
                    ]
                  }
                ]
              },
              {
                "Node Type": "Index Scan",
                "Parent Relationship": "Inner",
                "Parallel Aware": false,
                "Scan Direction": "Forward",
                "Index Name": "title_pkey",
                "Relation Name": "title",
                "Alias": "t2",
                "Startup Cost": 0.43,
                "Total Cost": 4.47,
                "Plan Rows": 1,
                "Plan Width": 21,
                "Actual Startup Time": 0.006,
                "Actual Total Time": 0.006,
                "Actual Rows": 1,
                "Actual Loops": 73,
                "Index Cond": "(id = ml.linked_movie_id)",
                "Rows Removed by Index Recheck": 0
              }
            ]
          }
        ]
      }
    ]
  },
  "Planning Time": 1.209,
  "Triggers": [],
  "Execution Time": 294.8
}