[
  {
    "Plan": {
      "Node Type": "Aggregate",
      "Strategy": "Plain",
      "Partial Mode": "Finalize",
      "Parallel Aware": false,
      "Startup Cost": 247123.57,
      "Total Cost": 247123.58,
      "Plan Rows": 1,
      "Plan Width": 8,
      "Actual Startup Time": 499.264,
      "Actual Total Time": 546.142,
      "Actual Rows": 1,
      "Actual Loops": 1,
      "Plans": [
        {
          "Node Type": "Gather",
          "Parent Relationship": "Outer",
          "Parallel Aware": false,
          "Startup Cost": 247123.05,
          "Total Cost": 247123.56,
          "Plan Rows": 5,
          "Plan Width": 8,
          "Actual Startup Time": 498.144,
          "Actual Total Time": 546.119,
          "Actual Rows": 6,
          "Actual Loops": 1,
          "Workers Planned": 5,
          "Workers Launched": 5,
          "Single Copy": false,
          "Plans": [
            {
              "Node Type": "Aggregate",
              "Strategy": "Plain",
              "Partial Mode": "Partial",
              "Parent Relationship": "Outer",
              "Parallel Aware": false,
              "Startup Cost": 246123.05,
              "Total Cost": 246123.06,
              "Plan Rows": 1,
              "Plan Width": 8,
              "Actual Startup Time": 487.961,
              "Actual Total Time": 487.966,
              "Actual Rows": 1,
              "Actual Loops": 6,
              "Plans": [
                {
                  "Node Type": "Hash Join",
                  "Parent Relationship": "Outer",
                  "Parallel Aware": true,
                  "Join Type": "Inner",
                  "Startup Cost": 45842.05,
                  "Total Cost": 246073.96,
                  "Plan Rows": 19637,
                  "Plan Width": 0,
                  "Actual Startup Time": 129.822,
                  "Actual Total Time": 486.316,
                  "Actual Rows": 31661,
                  "Actual Loops": 6,
                  "Inner Unique": true,
                  "Hash Cond": "(mi.movie_id = t.id)",
                  "Plans": [
                    {
                      "Node Type": "Seq Scan",
                      "Parent Relationship": "Outer",
                      "Parallel Aware": true,
                      "Relation Name": "movie_info",
                      "Alias": "mi",
                      "Startup Cost": 0.0,
                      "Total Cost": 199108.24,
                      "Plan Rows": 428064,
                      "Plan Width": 4,
                      "Actual Startup Time": 32.242,
                      "Actual Total Time": 336.084,
                      "Actual Rows": 348511,
                      "Actual Loops": 6,
                      "Filter": "(info_type_id < 3)",
                      "Rows Removed by Filter": 2124109
                    },
                    {
                      "Node Type": "Hash",
                      "Parent Relationship": "Inner",
                      "Parallel Aware": true,
                      "Startup Cost": 45479.59,
                      "Total Cost": 45479.59,
                      "Plan Rows": 28997,
                      "Plan Width": 4,
                      "Actual Startup Time": 95.757,
                      "Actual Total Time": 95.758,
                      "Actual Rows": 18699,
                      "Actual Loops": 6,
                      "Hash Buckets": 131072,
                      "Original Hash Buckets": 131072,
                      "Hash Batches": 1,
                      "Original Hash Batches": 1,
                      "Peak Memory Usage": 5504,
                      "Plans": [
                        {
                          "Node Type": "Seq Scan",
                          "Parent Relationship": "Outer",
                          "Parallel Aware": true,
                          "Relation Name": "title",
                          "Alias": "t",
                          "Startup Cost": 0.0,
                          "Total Cost": 45479.59,
                          "Plan Rows": 28997,
                          "Plan Width": 4,
                          "Actual Startup Time": 0.131,
                          "Actual Total Time": 87.385,
                          "Actual Rows": 18699,
                          "Actual Loops": 6,
                          "Filter": "((kind_id < 3) AND (production_year > 2010))",
                          "Rows Removed by Filter": 402686
                        }
                      ]
                    }
                  ]
                }
              ]
            }
          ]
        }
      ]
    },
    "Planning Time": 0.733,
    "Triggers": [],
    "Execution Time": 546.222
  }
]