[
  {
    "Plan": {
      "Node Type": "Aggregate",
      "Strategy": "Plain",
      "Partial Mode": "Finalize",
      "Parallel Aware": false,
      "Startup Cost": 45240.42,
      "Total Cost": 45240.43,
      "Plan Rows": 1,
      "Plan Width": 8,
      "Actual Startup Time": 130.665,
      "Actual Total Time": 137.893,
      "Actual Rows": 1,
      "Actual Loops": 1,
      "Plans": [
        {
          "Node Type": "Gather",
          "Parent Relationship": "Outer",
          "Parallel Aware": false,
          "Startup Cost": 45240.11,
          "Total Cost": 45240.42,
          "Plan Rows": 3,
          "Plan Width": 8,
          "Actual Startup Time": 130.547,
          "Actual Total Time": 137.885,
          "Actual Rows": 4,
          "Actual Loops": 1,
          "Workers Planned": 3,
          "Workers Launched": 3,
          "Single Copy": false,
          "Plans": [
            {
              "Node Type": "Aggregate",
              "Strategy": "Plain",
              "Partial Mode": "Partial",
              "Parent Relationship": "Outer",
              "Parallel Aware": false,
              "Startup Cost": 44240.11,
              "Total Cost": 44240.12,
              "Plan Rows": 1,
              "Plan Width": 8,
              "Actual Startup Time": 125.487,
              "Actual Total Time": 125.488,
              "Actual Rows": 1,
              "Actual Loops": 4,
              "Plans": [
                {
                  "Node Type": "Seq Scan",
                  "Parent Relationship": "Outer",
                  "Parallel Aware": true,
                  "Relation Name": "movie_keyword",
                  "Alias": "mk",
                  "Startup Cost": 0.0,
                  "Total Cost": 42695.65,
                  "Plan Rows": 617781,
                  "Plan Width": 0,
                  "Actual Startup Time": 0.042,
                  "Actual Total Time": 103.954,
                  "Actual Rows": 479273,
                  "Actual Loops": 4,
                  "Filter": "(keyword_id < 3304)",
                  "Rows Removed by Filter": 651709
                }
              ]
            }
          ]
        }
      ]
    },
    "Planning Time": 0.181,
    "Triggers": [],
    "Execution Time": 137.945
  }
]