[
    {
        "Bao": {
            "Bao prediction": "NaN",
            "Bao recommended hint": "(no hint)"
        }
    },
    {
        "Plan": {
            "Node Type": "Aggregate",
            "Strategy": "Plain",
            "Partial Mode": "Finalize",
            "Parallel Aware": false,
            "Startup Cost": 311633.95,
            "Total Cost": 311633.96,
            "Plan Rows": 1,
            "Plan Width": 8,
            "Actual Startup Time": 184.789,
            "Actual Total Time": 189.805,
            "Actual Rows": 1,
            "Actual Loops": 1,
            "Output": [
                "count(*)"
            ],
            "Plans": [
                {
                    "Node Type": "Gather",
                    "Parent Relationship": "Outer",
                    "Parallel Aware": false,
                    "Startup Cost": 311633.32,
                    "Total Cost": 311633.93,
                    "Plan Rows": 6,
                    "Plan Width": 8,
                    "Actual Startup Time": 184.238,
                    "Actual Total Time": 189.796,
                    "Actual Rows": 7,
                    "Actual Loops": 1,
                    "Output": [
                        "(PARTIAL count(*))"
                    ],
                    "Workers Planned": 6,
                    "Workers Launched": 6,
                    "Single Copy": false,
                    "Plans": [
                        {
                            "Node Type": "Aggregate",
                            "Strategy": "Plain",
                            "Partial Mode": "Partial",
                            "Parent Relationship": "Outer",
                            "Parallel Aware": false,
                            "Startup Cost": 310633.32,
                            "Total Cost": 310633.33,
                            "Plan Rows": 1,
                            "Plan Width": 8,
                            "Actual Startup Time": 174.626,
                            "Actual Total Time": 174.627,
                            "Actual Rows": 1,
                            "Actual Loops": 7,
                            "Output": [
                                "PARTIAL count(*)"
                            ],
                            "Workers": [
                                {
                                    "Worker Number": 0,
                                    "Actual Startup Time": 172.365,
                                    "Actual Total Time": 172.365,
                                    "Actual Rows": 1,
                                    "Actual Loops": 1
                                },
                                {
                                    "Worker Number": 1,
                                    "Actual Startup Time": 172.435,
                                    "Actual Total Time": 172.436,
                                    "Actual Rows": 1,
                                    "Actual Loops": 1
                                },
                                {
                                    "Worker Number": 2,
                                    "Actual Startup Time": 173.007,
                                    "Actual Total Time": 173.008,
                                    "Actual Rows": 1,
                                    "Actual Loops": 1
                                },
                                {
                                    "Worker Number": 3,
                                    "Actual Startup Time": 173.296,
                                    "Actual Total Time": 173.297,
                                    "Actual Rows": 1,
                                    "Actual Loops": 1
                                },
                                {
                                    "Worker Number": 4,
                                    "Actual Startup Time": 173.435,
                                    "Actual Total Time": 173.437,
                                    "Actual Rows": 1,
                                    "Actual Loops": 1
                                },
                                {
                                    "Worker Number": 5,
                                    "Actual Startup Time": 173.914,
                                    "Actual Total Time": 173.915,
                                    "Actual Rows": 1,
                                    "Actual Loops": 1
                                }
                            ],
                            "Plans": [
                                {
                                    "Node Type": "Bitmap Heap Scan",
                                    "Parent Relationship": "Outer",
                                    "Parallel Aware": true,
                                    "Relation Name": "cast_info",
                                    "Schema": "public",
                                    "Alias": "ci",
                                    "Startup Cost": 52052.24,
                                    "Total Cost": 309650.98,
                                    "Plan Rows": 392939,
                                    "Plan Width": 0,
                                    "Actual Startup Time": 73.582,
                                    "Actual Total Time": 154.619,
                                    "Actual Rows": 337391,
                                    "Actual Loops": 7,
                                    "Recheck Cond": "(ci.person_id < 229727)",
                                    "Rows Removed by Index Recheck": 0,
                                    "Exact Heap Blocks": 5909,
                                    "Lossy Heap Blocks": 0,
                                    "Workers": [
                                        {
                                            "Worker Number": 0,
                                            "Actual Startup Time": 71.607,
                                            "Actual Total Time": 152.516,
                                            "Actual Rows": 244910,
                                            "Actual Loops": 1
                                        },
                                        {
                                            "Worker Number": 1,
                                            "Actual Startup Time": 71.258,
                                            "Actual Total Time": 153.853,
                                            "Actual Rows": 316682,
                                            "Actual Loops": 1
                                        },
                                        {
                                            "Worker Number": 2,
                                            "Actual Startup Time": 72.243,
                                            "Actual Total Time": 152.773,
                                            "Actual Rows": 246470,
                                            "Actual Loops": 1
                                        },
                                        {
                                            "Worker Number": 3,
                                            "Actual Startup Time": 72.374,
                                            "Actual Total Time": 153.598,
                                            "Actual Rows": 328982,
                                            "Actual Loops": 1
                                        },
                                        {
                                            "Worker Number": 4,
                                            "Actual Startup Time": 72.258,
                                            "Actual Total Time": 153.772,
                                            "Actual Rows": 323965,
                                            "Actual Loops": 1
                                        },
                                        {
                                            "Worker Number": 5,
                                            "Actual Startup Time": 72.955,
                                            "Actual Total Time": 155.174,
                                            "Actual Rows": 317469,
                                            "Actual Loops": 1
                                        }
                                    ],
                                    "Plans": [
                                        {
                                            "Node Type": "Bitmap Index Scan",
                                            "Parent Relationship": "Outer",
                                            "Parallel Aware": false,
                                            "Index Name": "person_id_cast_info",
                                            "Startup Cost": 0.0,
                                            "Total Cost": 51462.83,
                                            "Plan Rows": 2357635,
                                            "Plan Width": 0,
                                            "Actual Startup Time": 78.782,
                                            "Actual Total Time": 78.783,
                                            "Actual Rows": 2361736,
                                            "Actual Loops": 1,
                                            "Index Cond": "(ci.person_id < 229727)"
                                        }
                                    ]
                                }
                            ]
                        }
                    ]
                }
            ]
        },
        "Planning Time": 195.664,
        "Triggers": [],
        "Execution Time": 189.859
    }
]