[
    {
        "Bao": {
            "Bao prediction": "NaN",
            "Bao recommended hint": "(no hint)"
        }
    },
    {
        "Plan": {
            "Node Type": "Aggregate",
            "Strategy": "Plain",
            "Partial Mode": "Finalize",
            "Parallel Aware": false,
            "Startup Cost": 165967.33,
            "Total Cost": 165967.34,
            "Plan Rows": 1,
            "Plan Width": 8,
            "Actual Startup Time": 355.05,
            "Actual Total Time": 368.63,
            "Actual Rows": 1,
            "Actual Loops": 1,
            "Output": [
                "count(*)"
            ],
            "Plans": [
                {
                    "Node Type": "Gather",
                    "Parent Relationship": "Outer",
                    "Parallel Aware": false,
                    "Startup Cost": 165966.81,
                    "Total Cost": 165967.32,
                    "Plan Rows": 5,
                    "Plan Width": 8,
                    "Actual Startup Time": 353.193,
                    "Actual Total Time": 368.618,
                    "Actual Rows": 6,
                    "Actual Loops": 1,
                    "Output": [
                        "(PARTIAL count(*))"
                    ],
                    "Workers Planned": 5,
                    "Workers Launched": 5,
                    "Single Copy": false,
                    "Plans": [
                        {
                            "Node Type": "Aggregate",
                            "Strategy": "Plain",
                            "Partial Mode": "Partial",
                            "Parent Relationship": "Outer",
                            "Parallel Aware": false,
                            "Startup Cost": 164966.81,
                            "Total Cost": 164966.82,
                            "Plan Rows": 1,
                            "Plan Width": 8,
                            "Actual Startup Time": 343.106,
                            "Actual Total Time": 343.109,
                            "Actual Rows": 1,
                            "Actual Loops": 6,
                            "Output": [
                                "PARTIAL count(*)"
                            ],
                            "Workers": [
                                {
                                    "Worker Number": 0,
                                    "Actual Startup Time": 340.591,
                                    "Actual Total Time": 340.595,
                                    "Actual Rows": 1,
                                    "Actual Loops": 1
                                },
                                {
                                    "Worker Number": 1,
                                    "Actual Startup Time": 341.048,
                                    "Actual Total Time": 341.051,
                                    "Actual Rows": 1,
                                    "Actual Loops": 1
                                },
                                {
                                    "Worker Number": 2,
                                    "Actual Startup Time": 341.032,
                                    "Actual Total Time": 341.035,
                                    "Actual Rows": 1,
                                    "Actual Loops": 1
                                },
                                {
                                    "Worker Number": 3,
                                    "Actual Startup Time": 341.247,
                                    "Actual Total Time": 341.25,
                                    "Actual Rows": 1,
                                    "Actual Loops": 1
                                },
                                {
                                    "Worker Number": 4,
                                    "Actual Startup Time": 341.978,
                                    "Actual Total Time": 341.981,
                                    "Actual Rows": 1,
                                    "Actual Loops": 1
                                }
                            ],
                            "Plans": [
                                {
                                    "Node Type": "Hash Join",
                                    "Parent Relationship": "Outer",
                                    "Parallel Aware": true,
                                    "Join Type": "Inner",
                                    "Startup Cost": 46840.94,
                                    "Total Cost": 164624.29,
                                    "Plan Rows": 137008,
                                    "Plan Width": 0,
                                    "Actual Startup Time": 103.325,
                                    "Actual Total Time": 339.847,
                                    "Actual Rows": 58783,
                                    "Actual Loops": 6,
                                    "Inner Unique": true,
                                    "Hash Cond": "(ci.movie_id = t.id)",
                                    "Workers": [
                                        {
                                            "Worker Number": 0,
                                            "Actual Startup Time": 101.352,
                                            "Actual Total Time": 337.079,
                                            "Actual Rows": 45612,
                                            "Actual Loops": 1
                                        },
                                        {
                                            "Worker Number": 1,
                                            "Actual Startup Time": 101.096,
                                            "Actual Total Time": 338.019,
                                            "Actual Rows": 64839,
                                            "Actual Loops": 1
                                        },
                                        {
                                            "Worker Number": 2,
                                            "Actual Startup Time": 100.852,
                                            "Actual Total Time": 337.854,
                                            "Actual Rows": 62759,
                                            "Actual Loops": 1
                                        },
                                        {
                                            "Worker Number": 3,
                                            "Actual Startup Time": 101.494,
                                            "Actual Total Time": 338.066,
                                            "Actual Rows": 64036,
                                            "Actual Loops": 1
                                        },
                                        {
                                            "Worker Number": 4,
                                            "Actual Startup Time": 101.946,
                                            "Actual Total Time": 339.006,
                                            "Actual Rows": 63894,
                                            "Actual Loops": 1
                                        }
                                    ],
                                    "Plans": [
                                        {
                                            "Node Type": "Index Scan",
                                            "Parent Relationship": "Outer",
                                            "Parallel Aware": true,
                                            "Scan Direction": "Forward",
                                            "Index Name": "role_id_cast_info",
                                            "Relation Name": "cast_info",
                                            "Schema": "public",
                                            "Alias": "ci",
                                            "Startup Cost": 0.56,
                                            "Total Cost": 115696.32,
                                            "Plan Rows": 795279,
                                            "Plan Width": 4,
                                            "Actual Startup Time": 0.154,
                                            "Actual Total Time": 156.865,
                                            "Actual Rows": 358988,
                                            "Actual Loops": 6,
                                            "Output": [
                                                "ci.id",
                                                "ci.person_id",
                                                "ci.movie_id",
                                                "ci.person_role_id",
                                                "ci.note",
                                                "ci.nr_order",
                                                "ci.role_id"
                                            ],
                                            "Index Cond": "(ci.role_id = 10)",
                                            "Rows Removed by Index Recheck": 0,
                                            "Filter": "(ci.person_id < 3603696)",
                                            "Rows Removed by Filter": 361516,
                                            "Workers": [
                                                {
                                                    "Worker Number": 0,
                                                    "Actual Startup Time": 0.194,
                                                    "Actual Total Time": 159.779,
                                                    "Actual Rows": 284317,
                                                    "Actual Loops": 1
                                                },
                                                {
                                                    "Worker Number": 1,
                                                    "Actual Startup Time": 0.126,
                                                    "Actual Total Time": 156.416,
                                                    "Actual Rows": 383706,
                                                    "Actual Loops": 1
                                                },
                                                {
                                                    "Worker Number": 2,
                                                    "Actual Startup Time": 0.062,
                                                    "Actual Total Time": 157.368,
                                                    "Actual Rows": 383869,
                                                    "Actual Loops": 1
                                                },
                                                {
                                                    "Worker Number": 3,
                                                    "Actual Startup Time": 0.246,
                                                    "Actual Total Time": 158.834,
                                                    "Actual Rows": 386362,
                                                    "Actual Loops": 1
                                                },
                                                {
                                                    "Worker Number": 4,
                                                    "Actual Startup Time": 0.09,
                                                    "Actual Total Time": 154.983,
                                                    "Actual Rows": 400682,
                                                    "Actual Loops": 1
                                                }
                                            ]
                                        },
                                        {
                                            "Node Type": "Hash",
                                            "Parent Relationship": "Inner",
                                            "Parallel Aware": true,
                                            "Startup Cost": 45479.21,
                                            "Total Cost": 45479.21,
                                            "Plan Rows": 108893,
                                            "Plan Width": 4,
                                            "Actual Startup Time": 101.367,
                                            "Actual Total Time": 101.369,
                                            "Actual Rows": 52448,
                                            "Actual Loops": 6,
                                            "Output": [
                                                "t.id"
                                            ],
                                            "Hash Buckets": 524288,
                                            "Original Hash Buckets": 524288,
                                            "Hash Batches": 1,
                                            "Original Hash Batches": 1,
                                            "Peak Memory Usage": 16480,
                                            "Workers": [
                                                {
                                                    "Worker Number": 0,
                                                    "Actual Startup Time": 100.041,
                                                    "Actual Total Time": 100.043,
                                                    "Actual Rows": 39003,
                                                    "Actual Loops": 1
                                                },
                                                {
                                                    "Worker Number": 1,
                                                    "Actual Startup Time": 100.534,
                                                    "Actual Total Time": 100.535,
                                                    "Actual Rows": 55276,
                                                    "Actual Loops": 1
                                                },
                                                {
                                                    "Worker Number": 2,
                                                    "Actual Startup Time": 100.215,
                                                    "Actual Total Time": 100.216,
                                                    "Actual Rows": 55575,
                                                    "Actual Loops": 1
                                                },
                                                {
                                                    "Worker Number": 3,
                                                    "Actual Startup Time": 100.669,
                                                    "Actual Total Time": 100.67,
                                                    "Actual Rows": 58653,
                                                    "Actual Loops": 1
                                                },
                                                {
                                                    "Worker Number": 4,
                                                    "Actual Startup Time": 101.386,
                                                    "Actual Total Time": 101.386,
                                                    "Actual Rows": 54558,
                                                    "Actual Loops": 1
                                                }
                                            ],
                                            "Plans": [
                                                {
                                                    "Node Type": "Seq Scan",
                                                    "Parent Relationship": "Outer",
                                                    "Parallel Aware": true,
                                                    "Relation Name": "title",
                                                    "Schema": "public",
                                                    "Alias": "t",
                                                    "Startup Cost": 0.0,
                                                    "Total Cost": 45479.21,
                                                    "Plan Rows": 108893,
                                                    "Plan Width": 4,
                                                    "Actual Startup Time": 42.614,
                                                    "Actual Total Time": 82.083,
                                                    "Actual Rows": 52448,
                                                    "Actual Loops": 6,
                                                    "Output": [
                                                        "t.id"
                                                    ],
                                                    "Filter": "((t.production_year > 1994) AND (t.kind_id = 1))",
                                                    "Rows Removed by Filter": 368938,
                                                    "Workers": [
                                                        {
                                                            "Worker Number": 0,
                                                            "Actual Startup Time": 48.98,
                                                            "Actual Total Time": 82.16,
                                                            "Actual Rows": 39003,
                                                            "Actual Loops": 1
                                                        },
                                                        {
                                                            "Worker Number": 1,
                                                            "Actual Startup Time": 49.559,
                                                            "Actual Total Time": 81.328,
                                                            "Actual Rows": 55276,
                                                            "Actual Loops": 1
                                                        },
                                                        {
                                                            "Worker Number": 2,
                                                            "Actual Startup Time": 49.199,
                                                            "Actual Total Time": 80.941,
                                                            "Actual Rows": 55575,
                                                            "Actual Loops": 1
                                                        },
                                                        {
                                                            "Worker Number": 3,
                                                            "Actual Startup Time": 3.139,
                                                            "Actual Total Time": 81.915,
                                                            "Actual Rows": 58653,
                                                            "Actual Loops": 1
                                                        },
                                                        {
                                                            "Worker Number": 4,
                                                            "Actual Startup Time": 50.365,
                                                            "Actual Total Time": 81.978,
                                                            "Actual Rows": 54558,
                                                            "Actual Loops": 1
                                                        }
                                                    ]
                                                }
                                            ]
                                        }
                                    ]
                                }
                            ]
                        }
                    ]
                }
            ]
        },
        "Planning Time": 305.235,
        "Triggers": [],
        "Execution Time": 368.709
    }
]