[
  {
    "Plan": {
      "Node Type": "Aggregate",
      "Strategy": "Plain",
      "Partial Mode": "Finalize",
      "Parallel Aware": false,
      "Startup Cost": 330718.92,
      "Total Cost": 330718.93,
      "Plan Rows": 1,
      "Plan Width": 8,
      "Actual Startup Time": 694.198,
      "Actual Total Time": 762.559,
      "Actual Rows": 1,
      "Actual Loops": 1,
      "Plans": [
        {
          "Node Type": "Gather",
          "Parent Relationship": "Outer",
          "Parallel Aware": false,
          "Startup Cost": 330718.3,
          "Total Cost": 330718.91,
          "Plan Rows": 6,
          "Plan Width": 8,
          "Actual Startup Time": 694.023,
          "Actual Total Time": 762.545,
          "Actual Rows": 7,
          "Actual Loops": 1,
          "Workers Planned": 6,
          "Workers Launched": 6,
          "Single Copy": false,
          "Plans": [
            {
              "Node Type": "Aggregate",
              "Strategy": "Plain",
              "Partial Mode": "Partial",
              "Parent Relationship": "Outer",
              "Parallel Aware": false,
              "Startup Cost": 329718.3,
              "Total Cost": 329718.31,
              "Plan Rows": 1,
              "Plan Width": 8,
              "Actual Startup Time": 684.94,
              "Actual Total Time": 684.942,
              "Actual Rows": 1,
              "Actual Loops": 7,
              "Plans": [
                {
                  "Node Type": "Seq Scan",
                  "Parent Relationship": "Outer",
                  "Parallel Aware": true,
                  "Relation Name": "cast_info",
                  "Alias": "ci",
                  "Startup Cost": 0.0,
                  "Total Cost": 328211.39,
                  "Plan Rows": 602762,
                  "Plan Width": 0,
                  "Actual Startup Time": 0.066,
                  "Actual Total Time": 653.791,
                  "Actual Rows": 535032,
                  "Actual Loops": 7,
                  "Filter": "(person_id < 359069)",
                  "Rows Removed by Filter": 4642732
                }
              ]
            }
          ]
        }
      ]
    },
    "Planning Time": 0.09,
    "Triggers": [],
    "Execution Time": 762.607
  }
]