[
  {
    "Plan": {
      "Node Type": "Aggregate",
      "Strategy": "Plain",
      "Partial Mode": "Finalize",
      "Parallel Aware": false,
      "Startup Cost": 313830.11,
      "Total Cost": 313830.12,
      "Plan Rows": 1,
      "Plan Width": 8,
      "Actual Startup Time": 247.741,
      "Actual Total Time": 261.178,
      "Actual Rows": 1,
      "Actual Loops": 1,
      "Plans": [
        {
          "Node Type": "Gather",
          "Parent Relationship": "Outer",
          "Parallel Aware": false,
          "Startup Cost": 313829.49,
          "Total Cost": 313830.1,
          "Plan Rows": 6,
          "Plan Width": 8,
          "Actual Startup Time": 246.926,
          "Actual Total Time": 261.162,
          "Actual Rows": 7,
          "Actual Loops": 1,
          "Workers Planned": 6,
          "Workers Launched": 6,
          "Single Copy": false,
          "Plans": [
            {
              "Node Type": "Aggregate",
              "Strategy": "Plain",
              "Partial Mode": "Partial",
              "Parent Relationship": "Outer",
              "Parallel Aware": false,
              "Startup Cost": 312829.49,
              "Total Cost": 312829.5,
              "Plan Rows": 1,
              "Plan Width": 8,
              "Actual Startup Time": 237.607,
              "Actual Total Time": 237.611,
              "Actual Rows": 1,
              "Actual Loops": 7,
              "Plans": [
                {
                  "Node Type": "Bitmap Heap Scan",
                  "Parent Relationship": "Outer",
                  "Parallel Aware": true,
                  "Relation Name": "cast_info",
                  "Alias": "ci",
                  "Startup Cost": 54024.95,
                  "Total Cost": 311809.9,
                  "Plan Rows": 407836,
                  "Plan Width": 0,
                  "Actual Startup Time": 121.072,
                  "Actual Total Time": 215.257,
                  "Actual Rows": 361620,
                  "Actual Loops": 7,
                  "Recheck Cond": "(person_id < 244710)",
                  "Rows Removed by Index Recheck": 0,
                  "Exact Heap Blocks": 4893,
                  "Lossy Heap Blocks": 0,
                  "Plans": [
                    {
                      "Node Type": "Bitmap Index Scan",
                      "Parent Relationship": "Outer",
                      "Parallel Aware": false,
                      "Index Name": "person_id_cast_info",
                      "Startup Cost": 0.0,
                      "Total Cost": 53413.19,
                      "Plan Rows": 2447017,
                      "Plan Width": 0,
                      "Actual Startup Time": 123.544,
                      "Actual Total Time": 123.544,
                      "Actual Rows": 2531340,
                      "Actual Loops": 1,
                      "Index Cond": "(person_id < 244710)"
                    }
                  ]
                }
              ]
            }
          ]
        }
      ]
    },
    "Planning Time": 0.102,
    "Triggers": [],
    "Execution Time": 261.219
  }
]