[
  {
    "Plan": {
      "Node Type": "Aggregate",
      "Strategy": "Plain",
      "Partial Mode": "Finalize",
      "Parallel Aware": false,
      "Startup Cost": 45727.73,
      "Total Cost": 45727.74,
      "Plan Rows": 1,
      "Plan Width": 8,
      "Actual Startup Time": 194.613,
      "Actual Total Time": 207.666,
      "Actual Rows": 1,
      "Actual Loops": 1,
      "Plans": [
        {
          "Node Type": "Gather",
          "Parent Relationship": "Outer",
          "Parallel Aware": false,
          "Startup Cost": 45727.41,
          "Total Cost": 45727.72,
          "Plan Rows": 3,
          "Plan Width": 8,
          "Actual Startup Time": 194.441,
          "Actual Total Time": 207.652,
          "Actual Rows": 4,
          "Actual Loops": 1,
          "Workers Planned": 3,
          "Workers Launched": 3,
          "Single Copy": false,
          "Plans": [
            {
              "Node Type": "Aggregate",
              "Strategy": "Plain",
              "Partial Mode": "Partial",
              "Parent Relationship": "Outer",
              "Parallel Aware": false,
              "Startup Cost": 44727.41,
              "Total Cost": 44727.42,
              "Plan Rows": 1,
              "Plan Width": 8,
              "Actual Startup Time": 179.427,
              "Actual Total Time": 179.429,
              "Actual Rows": 1,
              "Actual Loops": 4,
              "Plans": [
                {
                  "Node Type": "Seq Scan",
                  "Parent Relationship": "Outer",
                  "Parallel Aware": true,
                  "Relation Name": "movie_keyword",
                  "Alias": "mk",
                  "Startup Cost": 0.0,
                  "Total Cost": 42695.65,
                  "Plan Rows": 812702,
                  "Plan Width": 0,
                  "Actual Startup Time": 0.062,
                  "Actual Total Time": 142.685,
                  "Actual Rows": 633303,
                  "Actual Loops": 4,
                  "Filter": "(keyword_id < 6306)",
                  "Rows Removed by Filter": 497680
                }
              ]
            }
          ]
        }
      ]
    },
    "Planning Time": 0.069,
    "Triggers": [],
    "Execution Time": 207.695
  }
]