[
  {
    "Plan": {
      "Node Type": "Aggregate",
      "Strategy": "Plain",
      "Partial Mode": "Finalize",
      "Parallel Aware": false,
      "Startup Cost": 58764.06,
      "Total Cost": 58764.07,
      "Plan Rows": 1,
      "Plan Width": 8,
      "Actual Startup Time": 111.403,
      "Actual Total Time": 125.156,
      "Actual Rows": 1,
      "Actual Loops": 1,
      "Plans": [
        {
          "Node Type": "Gather",
          "Parent Relationship": "Outer",
          "Parallel Aware": false,
          "Startup Cost": 58763.64,
          "Total Cost": 58764.05,
          "Plan Rows": 4,
          "Plan Width": 8,
          "Actual Startup Time": 111.239,
          "Actual Total Time": 125.143,
          "Actual Rows": 5,
          "Actual Loops": 1,
          "Workers Planned": 4,
          "Workers Launched": 4,
          "Single Copy": false,
          "Plans": [
            {
              "Node Type": "Aggregate",
              "Strategy": "Plain",
              "Partial Mode": "Partial",
              "Parent Relationship": "Outer",
              "Parallel Aware": false,
              "Startup Cost": 57763.64,
              "Total Cost": 57763.65,
              "Plan Rows": 1,
              "Plan Width": 8,
              "Actual Startup Time": 104.423,
              "Actual Total Time": 104.426,
              "Actual Rows": 1,
              "Actual Loops": 5,
              "Plans": [
                {
                  "Node Type": "Nested Loop",
                  "Parent Relationship": "Outer",
                  "Parallel Aware": false,
                  "Join Type": "Inner",
                  "Startup Cost": 0.43,
                  "Total Cost": 57757.42,
                  "Plan Rows": 2486,
                  "Plan Width": 0,
                  "Actual Startup Time": 1.119,
                  "Actual Total Time": 103.991,
                  "Actual Rows": 6378,
                  "Actual Loops": 5,
                  "Inner Unique": false,
                  "Plans": [
                    {
                      "Node Type": "Seq Scan",
                      "Parent Relationship": "Outer",
                      "Parallel Aware": true,
                      "Relation Name": "title",
                      "Alias": "t",
                      "Startup Cost": 0.0,
                      "Total Cost": 45479.59,
                      "Plan Rows": 1389,
                      "Plan Width": 4,
                      "Actual Startup Time": 0.957,
                      "Actual Total Time": 87.68,
                      "Actual Rows": 1235,
                      "Actual Loops": 5,
                      "Filter": "((kind_id < 7) AND (production_year = 1971))",
                      "Rows Removed by Filter": 504428
                    },
                    {
                      "Node Type": "Index Only Scan",
                      "Parent Relationship": "Inner",
                      "Parallel Aware": false,
                      "Scan Direction": "Forward",
                      "Index Name": "movie_id_movie_keyword",
                      "Relation Name": "movie_keyword",
                      "Alias": "mk",
                      "Startup Cost": 0.43,
                      "Total Cost": 8.38,
                      "Plan Rows": 46,
                      "Plan Width": 4,
                      "Actual Startup Time": 0.011,
                      "Actual Total Time": 0.012,
                      "Actual Rows": 5,
                      "Actual Loops": 6173,
                      "Index Cond": "(movie_id = t.id)",
                      "Rows Removed by Index Recheck": 0,
                      "Heap Fetches": 31889
                    }
                  ]
                }
              ]
            }
          ]
        }
      ]
    },
    "Planning Time": 0.292,
    "Triggers": [],
    "Execution Time": 125.198
  }
]