{
  "Plan": {
    "Node Type": "Aggregate",
    "Strategy": "Plain",
    "Partial Mode": "Simple",
    "Parallel Aware": false,
    "Startup Cost": 3007.21,
    "Total Cost": 3007.22,
    "Plan Rows": 1,
    "Plan Width": 8,
    "Actual Startup Time": 8.569,
    "Actual Total Time": 8.572,
    "Actual Rows": 1,
    "Actual Loops": 1,
    "Plans": [
      {
        "Node Type": "Nested Loop",
        "Parent Relationship": "Outer",
        "Parallel Aware": false,
        "Join Type": "Inner",
        "Startup Cost": 6.78,
        "Total Cost": 3007.21,
        "Plan Rows": 1,
        "Plan Width": 0,
        "Actual Startup Time": 3.228,
        "Actual Total Time": 8.56,
        "Actual Rows": 4,
        "Actual Loops": 1,
        "Inner Unique": true,
        "Plans": [
          {
            "Node Type": "Bitmap Heap Scan",
            "Parent Relationship": "Outer",
            "Parallel Aware": false,
            "Relation Name": "movie_keyword",
            "Alias": "mk",
            "Startup Cost": 6.35,
            "Total Cost": 922.98,
            "Plan Rows": 248,
            "Plan Width": 4,
            "Actual Startup Time": 0.567,
            "Actual Total Time": 2.117,
            "Actual Rows": 532,
            "Actual Loops": 1,
            "Recheck Cond": "(keyword_id = 2545)",
            "Rows Removed by Index Recheck": 0,
            "Exact Heap Blocks": 446,
            "Lossy Heap Blocks": 0,
            "Plans": [
              {
                "Node Type": "Bitmap Index Scan",
                "Parent Relationship": "Outer",
                "Parallel Aware": false,
                "Index Name": "keyword_id_movie_keyword",
                "Startup Cost": 0.0,
                "Total Cost": 6.29,
                "Plan Rows": 248,
                "Plan Width": 0,
                "Actual Startup Time": 0.415,
                "Actual Total Time": 0.416,
                "Actual Rows": 532,
                "Actual Loops": 1,
                "Index Cond": "(keyword_id = 2545)"
              }
            ]
          },
          {
            "Node Type": "Index Scan",
            "Parent Relationship": "Inner",
            "Parallel Aware": false,
            "Scan Direction": "Forward",
            "Index Name": "title_pkey",
            "Relation Name": "title",
            "Alias": "t",
            "Startup Cost": 0.43,
            "Total Cost": 8.4,
            "Plan Rows": 1,
            "Plan Width": 4,
            "Actual Startup Time": 0.011,
            "Actual Total Time": 0.011,
            "Actual Rows": 0,
            "Actual Loops": 532,
            "Index Cond": "(id = mk.movie_id)",
            "Rows Removed by Index Recheck": 0,
            "Filter": "((kind_id = 1) AND (production_year = 1985))",
            "Rows Removed by Filter": 1
          }
        ]
      }
    ]
  },
  "Planning Time": 0.438,
  "Triggers": [],
  "Execution Time": 8.653
}