{
  "Plan": {
    "Node Type": "Aggregate",
    "Strategy": "Plain",
    "Partial Mode": "Finalize",
    "Parallel Aware": false,
    "Startup Cost": 235639.16,
    "Total Cost": 235639.17,
    "Plan Rows": 1,
    "Plan Width": 8,
    "Actual Startup Time": 410.209,
    "Actual Total Time": 441.073,
    "Actual Rows": 1,
    "Actual Loops": 1,
    "Plans": [
      {
        "Node Type": "Gather",
        "Parent Relationship": "Outer",
        "Parallel Aware": false,
        "Startup Cost": 235639.05,
        "Total Cost": 235639.16,
        "Plan Rows": 1,
        "Plan Width": 8,
        "Actual Startup Time": 409.884,
        "Actual Total Time": 441.066,
        "Actual Rows": 2,
        "Actual Loops": 1,
        "Workers Planned": 1,
        "Workers Launched": 1,
        "Single Copy": false,
        "Plans": [
          {
            "Node Type": "Aggregate",
            "Strategy": "Plain",
            "Partial Mode": "Partial",
            "Parent Relationship": "Outer",
            "Parallel Aware": false,
            "Startup Cost": 234639.05,
            "Total Cost": 234639.06,
            "Plan Rows": 1,
            "Plan Width": 8,
            "Actual Startup Time": 406.264,
            "Actual Total Time": 406.268,
            "Actual Rows": 1,
            "Actual Loops": 2,
            "Plans": [
              {
                "Node Type": "Nested Loop",
                "Parent Relationship": "Outer",
                "Parallel Aware": false,
                "Join Type": "Inner",
                "Startup Cost": 60511.72,
                "Total Cost": 234584.89,
                "Plan Rows": 21662,
                "Plan Width": 0,
                "Actual Startup Time": 127.616,
                "Actual Total Time": 389.8,
                "Actual Rows": 315912,
                "Actual Loops": 2,
                "Inner Unique": false,
                "Join Filter": "(t.id = ci.movie_id)",
                "Rows Removed by Join Filter": 0,
                "Plans": [
                  {
                    "Node Type": "Hash Join",
                    "Parent Relationship": "Outer",
                    "Parallel Aware": true,
                    "Join Type": "Inner",
                    "Startup Cost": 60511.16,
                    "Total Cost": 225796.82,
                    "Plan Rows": 1512,
                    "Plan Width": 8,
                    "Actual Startup Time": 127.51,
                    "Actual Total Time": 161.791,
                    "Actual Rows": 2620,
                    "Actual Loops": 2,
                    "Inner Unique": true,
                    "Hash Cond": "(mi.movie_id = t.id)",
                    "Plans": [
                      {
                        "Node Type": "Bitmap Heap Scan",
                        "Parent Relationship": "Outer",
                        "Parallel Aware": true,
                        "Relation Name": "movie_info",
                        "Alias": "mi",
                        "Startup Cost": 6704.59,
                        "Total Cost": 171418.79,
                        "Plan Rows": 217696,
                        "Plan Width": 4,
                        "Actual Startup Time": 14.157,
                        "Actual Total Time": 44.73,
                        "Actual Rows": 184109,
                        "Actual Loops": 2,
                        "Recheck Cond": "(info_type_id = 17)",
                        "Rows Removed by Index Recheck": 0,
                        "Exact Heap Blocks": 7978,
                        "Lossy Heap Blocks": 0,
                        "Plans": [
                          {
                            "Node Type": "Bitmap Index Scan",
                            "Parent Relationship": "Outer",
                            "Parallel Aware": false,
                            "Index Name": "info_type_id_movie_info",
                            "Startup Cost": 0.0,
                            "Total Cost": 6612.07,
                            "Plan Rows": 370084,
                            "Plan Width": 0,
                            "Actual Startup Time": 12.632,
                            "Actual Total Time": 12.633,
                            "Actual Rows": 368218,
                            "Actual Loops": 1,
                            "Index Cond": "(info_type_id = 17)"
                          }
                        ]
                      },
                      {
                        "Node Type": "Hash",
                        "Parent Relationship": "Inner",
                        "Parallel Aware": true,
                        "Startup Cost": 53677.5,
                        "Total Cost": 53677.5,
                        "Plan Rows": 10326,
                        "Plan Width": 4,
                        "Actual Startup Time": 98.304,
                        "Actual Total Time": 98.305,
                        "Actual Rows": 5391,
                        "Actual Loops": 2,
                        "Hash Buckets": 32768,
                        "Original Hash Buckets": 32768,
                        "Hash Batches": 1,
                        "Original Hash Batches": 1,
                        "Peak Memory Usage": 704,
                        "Plans": [
                          {
                            "Node Type": "Bitmap Heap Scan",
                            "Parent Relationship": "Outer",
                            "Parallel Aware": true,
                            "Relation Name": "title",
                            "Alias": "t",
                            "Startup Cost": 11827.24,
                            "Total Cost": 53677.5,
                            "Plan Rows": 10326,
                            "Plan Width": 4,
                            "Actual Startup Time": 36.698,
                            "Actual Total Time": 96.314,
                            "Actual Rows": 5391,
                            "Actual Loops": 2,
                            "Recheck Cond": "(kind_id = 1)",
                            "Rows Removed by Index Recheck": 0,
                            "Filter": "(production_year = 2003)",
                            "Rows Removed by Filter": 326022,
                            "Exact Heap Blocks": 9830,
                            "Lossy Heap Blocks": 0,
                            "Plans": [
                              {
                                "Node Type": "Bitmap Index Scan",
                                "Parent Relationship": "Outer",
                                "Parallel Aware": false,
                                "Index Name": "kind_id_title",
                                "Startup Cost": 0.0,
                                "Total Cost": 11822.85,
                                "Plan Rows": 663256,
                                "Plan Width": 0,
                                "Actual Startup Time": 37.304,
                                "Actual Total Time": 37.304,
                                "Actual Rows": 662825,
                                "Actual Loops": 1,
                                "Index Cond": "(kind_id = 1)"
                              }
                            ]
                          }
                        ]
                      }
                    ]
                  },
                  {
                    "Node Type": "Index Only Scan",
                    "Parent Relationship": "Inner",
                    "Parallel Aware": false,
                    "Scan Direction": "Forward",
                    "Index Name": "movie_id_cast_info",
                    "Relation Name": "cast_info",
                    "Alias": "ci",
                    "Startup Cost": 0.56,
                    "Total Cost": 5.35,
                    "Plan Rows": 37,
                    "Plan Width": 4,
                    "Actual Startup Time": 0.008,
                    "Actual Total Time": 0.074,
                    "Actual Rows": 121,
                    "Actual Loops": 5241,
                    "Index Cond": "(movie_id = mi.movie_id)",
                    "Rows Removed by Index Recheck": 0,
                    "Heap Fetches": 631825
                  }
                ]
              }
            ]
          }
        ]
      }
    ]
  },
  "Planning Time": 0.645,
  "Triggers": [],
  "Execution Time": 441.161
}