[
  {
    "Plan": {
      "Node Type": "Aggregate",
      "Strategy": "Plain",
      "Partial Mode": "Finalize",
      "Parallel Aware": false,
      "Startup Cost": 66257.23,
      "Total Cost": 66257.24,
      "Plan Rows": 1,
      "Plan Width": 8,
      "Actual Startup Time": 118.155,
      "Actual Total Time": 129.908,
      "Actual Rows": 1,
      "Actual Loops": 1,
      "Plans": [
        {
          "Node Type": "Gather",
          "Parent Relationship": "Outer",
          "Parallel Aware": false,
          "Startup Cost": 66256.91,
          "Total Cost": 66257.22,
          "Plan Rows": 3,
          "Plan Width": 8,
          "Actual Startup Time": 117.929,
          "Actual Total Time": 129.901,
          "Actual Rows": 4,
          "Actual Loops": 1,
          "Workers Planned": 3,
          "Workers Launched": 3,
          "Single Copy": false,
          "Plans": [
            {
              "Node Type": "Aggregate",
              "Strategy": "Plain",
              "Partial Mode": "Partial",
              "Parent Relationship": "Outer",
              "Parallel Aware": false,
              "Startup Cost": 65256.91,
              "Total Cost": 65256.92,
              "Plan Rows": 1,
              "Plan Width": 8,
              "Actual Startup Time": 112.04,
              "Actual Total Time": 112.043,
              "Actual Rows": 1,
              "Actual Loops": 4,
              "Plans": [
                {
                  "Node Type": "Hash Join",
                  "Parent Relationship": "Outer",
                  "Parallel Aware": true,
                  "Join Type": "Inner",
                  "Startup Cost": 45968.64,
                  "Total Cost": 65256.75,
                  "Plan Rows": 63,
                  "Plan Width": 0,
                  "Actual Startup Time": 100.324,
                  "Actual Total Time": 112.023,
                  "Actual Rows": 85,
                  "Actual Loops": 4,
                  "Inner Unique": true,
                  "Hash Cond": "(mc.movie_id = t.id)",
                  "Plans": [
                    {
                      "Node Type": "Bitmap Heap Scan",
                      "Parent Relationship": "Outer",
                      "Parallel Aware": true,
                      "Relation Name": "movie_companies",
                      "Alias": "mc",
                      "Startup Cost": 2037.19,
                      "Total Cost": 21284.41,
                      "Plan Rows": 15578,
                      "Plan Width": 4,
                      "Actual Startup Time": 4.334,
                      "Actual Total Time": 13.296,
                      "Actual Rows": 23533,
                      "Actual Loops": 4,
                      "Recheck Cond": "(company_id > 161140)",
                      "Rows Removed by Index Recheck": 0,
                      "Filter": "(company_type_id > 1)",
                      "Rows Removed by Filter": 0,
                      "Exact Heap Blocks": 1219,
                      "Lossy Heap Blocks": 0,
                      "Plans": [
                        {
                          "Node Type": "Bitmap Index Scan",
                          "Parent Relationship": "Outer",
                          "Parallel Aware": false,
                          "Index Name": "company_id_movie_companies",
                          "Startup Cost": 0.0,
                          "Total Cost": 2025.12,
                          "Plan Rows": 94492,
                          "Plan Width": 0,
                          "Actual Startup Time": 3.963,
                          "Actual Total Time": 3.963,
                          "Actual Rows": 94133,
                          "Actual Loops": 1,
                          "Index Cond": "(company_id > 161140)"
                        }
                      ]
                    },
                    {
                      "Node Type": "Hash",
                      "Parent Relationship": "Inner",
                      "Parallel Aware": true,
                      "Startup Cost": 43899.32,
                      "Total Cost": 43899.32,
                      "Plan Rows": 2570,
                      "Plan Width": 4,
                      "Actual Startup Time": 95.221,
                      "Actual Total Time": 95.222,
                      "Actual Rows": 2768,
                      "Actual Loops": 4,
                      "Hash Buckets": 16384,
                      "Original Hash Buckets": 16384,
                      "Hash Batches": 1,
                      "Original Hash Batches": 1,
                      "Peak Memory Usage": 608,
                      "Plans": [
                        {
                          "Node Type": "Seq Scan",
                          "Parent Relationship": "Outer",
                          "Parallel Aware": true,
                          "Relation Name": "title",
                          "Alias": "t",
                          "Startup Cost": 0.0,
                          "Total Cost": 43899.32,
                          "Plan Rows": 2570,
                          "Plan Width": 4,
                          "Actual Startup Time": 0.141,
                          "Actual Total Time": 93.502,
                          "Actual Rows": 2768,
                          "Actual Loops": 4,
                          "Filter": "(production_year = 1961)",
                          "Rows Removed by Filter": 629310
                        }
                      ]
                    }
                  ]
                }
              ]
            }
          ]
        }
      ]
    },
    "Planning Time": 0.409,
    "Triggers": [],
    "Execution Time": 130.026
  }
]