[
  {
    "Plan": {
      "Node Type": "Aggregate",
      "Strategy": "Plain",
      "Partial Mode": "Finalize",
      "Parallel Aware": false,
      "Startup Cost": 396294.96,
      "Total Cost": 396294.97,
      "Plan Rows": 1,
      "Plan Width": 8,
      "Actual Startup Time": 918.553,
      "Actual Total Time": 981.066,
      "Actual Rows": 1,
      "Actual Loops": 1,
      "Plans": [
        {
          "Node Type": "Gather",
          "Parent Relationship": "Outer",
          "Parallel Aware": false,
          "Startup Cost": 396294.33,
          "Total Cost": 396294.94,
          "Plan Rows": 6,
          "Plan Width": 8,
          "Actual Startup Time": 908.293,
          "Actual Total Time": 981.053,
          "Actual Rows": 7,
          "Actual Loops": 1,
          "Workers Planned": 6,
          "Workers Launched": 6,
          "Single Copy": false,
          "Plans": [
            {
              "Node Type": "Aggregate",
              "Strategy": "Plain",
              "Partial Mode": "Partial",
              "Parent Relationship": "Outer",
              "Parallel Aware": false,
              "Startup Cost": 395294.33,
              "Total Cost": 395294.34,
              "Plan Rows": 1,
              "Plan Width": 8,
              "Actual Startup Time": 896.174,
              "Actual Total Time": 896.177,
              "Actual Rows": 1,
              "Actual Loops": 7,
              "Plans": [
                {
                  "Node Type": "Hash Join",
                  "Parent Relationship": "Outer",
                  "Parallel Aware": true,
                  "Join Type": "Inner",
                  "Startup Cost": 48677.22,
                  "Total Cost": 394359.42,
                  "Plan Rows": 373964,
                  "Plan Width": 0,
                  "Actual Startup Time": 394.0,
                  "Actual Total Time": 889.92,
                  "Actual Rows": 140628,
                  "Actual Loops": 7,
                  "Inner Unique": true,
                  "Hash Cond": "(ci.movie_id = t.id)",
                  "Plans": [
                    {
                      "Node Type": "Seq Scan",
                      "Parent Relationship": "Outer",
                      "Parallel Aware": true,
                      "Relation Name": "cast_info",
                      "Alias": "ci",
                      "Startup Cost": 0.0,
                      "Total Cost": 343257.03,
                      "Plan Rows": 923873,
                      "Plan Width": 4,
                      "Actual Startup Time": 205.279,
                      "Actual Total Time": 581.443,
                      "Actual Rows": 341973,
                      "Actual Loops": 7,
                      "Filter": "((person_id < 844547) AND (role_id > 1))",
                      "Rows Removed by Filter": 4835790
                    },
                    {
                      "Node Type": "Hash",
                      "Parent Relationship": "Inner",
                      "Parallel Aware": true,
                      "Startup Cost": 45479.1,
                      "Total Cost": 45479.1,
                      "Plan Rows": 255850,
                      "Plan Width": 4,
                      "Actual Startup Time": 184.847,
                      "Actual Total Time": 184.848,
                      "Actual Rows": 158205,
                      "Actual Loops": 7,
                      "Hash Buckets": 2097152,
                      "Original Hash Buckets": 1048576,
                      "Hash Batches": 1,
                      "Original Hash Batches": 1,
                      "Peak Memory Usage": 68064,
                      "Plans": [
                        {
                          "Node Type": "Seq Scan",
                          "Parent Relationship": "Outer",
                          "Parallel Aware": true,
                          "Relation Name": "title",
                          "Alias": "t",
                          "Startup Cost": 0.0,
                          "Total Cost": 45479.1,
                          "Plan Rows": 255850,
                          "Plan Width": 4,
                          "Actual Startup Time": 0.06,
                          "Actual Total Time": 82.213,
                          "Actual Rows": 158205,
                          "Actual Loops": 7,
                          "Filter": "((kind_id > 1) AND (production_year > 2000))",
                          "Rows Removed by Filter": 202982
                        }
                      ]
                    }
                  ]
                }
              ]
            }
          ]
        }
      ]
    },
    "Planning Time": 0.66,
    "Triggers": [],
    "Execution Time": 981.16
  }
]