[
  {
    "Plan": {
      "Node Type": "Aggregate",
      "Strategy": "Plain",
      "Partial Mode": "Finalize",
      "Parallel Aware": false,
      "Startup Cost": 47037.02,
      "Total Cost": 47037.03,
      "Plan Rows": 1,
      "Plan Width": 8,
      "Actual Startup Time": 121.749,
      "Actual Total Time": 136.54,
      "Actual Rows": 1,
      "Actual Loops": 1,
      "Plans": [
        {
          "Node Type": "Gather",
          "Parent Relationship": "Outer",
          "Parallel Aware": false,
          "Startup Cost": 47036.6,
          "Total Cost": 47037.01,
          "Plan Rows": 4,
          "Plan Width": 8,
          "Actual Startup Time": 121.445,
          "Actual Total Time": 136.527,
          "Actual Rows": 5,
          "Actual Loops": 1,
          "Workers Planned": 4,
          "Workers Launched": 4,
          "Single Copy": false,
          "Plans": [
            {
              "Node Type": "Aggregate",
              "Strategy": "Plain",
              "Partial Mode": "Partial",
              "Parent Relationship": "Outer",
              "Parallel Aware": false,
              "Startup Cost": 46036.6,
              "Total Cost": 46036.61,
              "Plan Rows": 1,
              "Plan Width": 8,
              "Actual Startup Time": 113.692,
              "Actual Total Time": 113.694,
              "Actual Rows": 1,
              "Actual Loops": 5,
              "Plans": [
                {
                  "Node Type": "Seq Scan",
                  "Parent Relationship": "Outer",
                  "Parallel Aware": true,
                  "Relation Name": "title",
                  "Alias": "t",
                  "Startup Cost": 0.0,
                  "Total Cost": 45479.59,
                  "Plan Rows": 222804,
                  "Plan Width": 0,
                  "Actual Startup Time": 0.046,
                  "Actual Total Time": 103.779,
                  "Actual Rows": 160198,
                  "Actual Loops": 5,
                  "Filter": "((kind_id > 3) AND (production_year < 2005))",
                  "Rows Removed by Filter": 345464
                }
              ]
            }
          ]
        }
      ]
    },
    "Planning Time": 0.112,
    "Triggers": [],
    "Execution Time": 136.577
  }
]