{
    "Plan": {
        "Node Type": "Aggregate",
        "Strategy": "Plain",
        "Partial Mode": "Finalize",
        "Parallel Aware": false,
        "Startup Cost": 58149.37,
        "Total Cost": 58149.38,
        "Plan Rows": 1,
        "Plan Width": 8,
        "Actual Startup Time": 254.94,
        "Actual Total Time": 272.098,
        "Actual Rows": 1,
        "Actual Loops": 1,
        "Output": [
            "count(*)"
        ],
        "Plans": [
            {
                "Node Type": "Gather",
                "Parent Relationship": "Outer",
                "Parallel Aware": false,
                "Startup Cost": 58149.05,
                "Total Cost": 58149.36,
                "Plan Rows": 3,
                "Plan Width": 8,
                "Actual Startup Time": 253.472,
                "Actual Total Time": 272.082,
                "Actual Rows": 4,
                "Actual Loops": 1,
                "Output": [
                    "(PARTIAL count(*))"
                ],
                "Workers Planned": 3,
                "Workers Launched": 3,
                "Single Copy": false,
                "Plans": [
                    {
                        "Node Type": "Aggregate",
                        "Strategy": "Plain",
                        "Partial Mode": "Partial",
                        "Parent Relationship": "Outer",
                        "Parallel Aware": false,
                        "Startup Cost": 57149.05,
                        "Total Cost": 57149.06,
                        "Plan Rows": 1,
                        "Plan Width": 8,
                        "Actual Startup Time": 244.326,
                        "Actual Total Time": 244.331,
                        "Actual Rows": 1,
                        "Actual Loops": 4,
                        "Output": [
                            "PARTIAL count(*)"
                        ],
                        "Workers": [
                            {
                                "Worker Number": 0,
                                "Actual Startup Time": 240.81,
                                "Actual Total Time": 240.815,
                                "Actual Rows": 1,
                                "Actual Loops": 1
                            },
                            {
                                "Worker Number": 1,
                                "Actual Startup Time": 241.726,
                                "Actual Total Time": 241.73,
                                "Actual Rows": 1,
                                "Actual Loops": 1
                            },
                            {
                                "Worker Number": 2,
                                "Actual Startup Time": 242.005,
                                "Actual Total Time": 242.009,
                                "Actual Rows": 1,
                                "Actual Loops": 1
                            }
                        ],
                        "Plans": [
                            {
                                "Node Type": "Nested Loop",
                                "Parent Relationship": "Outer",
                                "Parallel Aware": false,
                                "Join Type": "Inner",
                                "Startup Cost": 56226.89,
                                "Total Cost": 57148.95,
                                "Plan Rows": 42,
                                "Plan Width": 0,
                                "Actual Startup Time": 234.142,
                                "Actual Total Time": 244.272,
                                "Actual Rows": 98,
                                "Actual Loops": 4,
                                "Inner Unique": true,
                                "Workers": [
                                    {
                                        "Worker Number": 0,
                                        "Actual Startup Time": 231.111,
                                        "Actual Total Time": 240.756,
                                        "Actual Rows": 68,
                                        "Actual Loops": 1
                                    },
                                    {
                                        "Worker Number": 1,
                                        "Actual Startup Time": 231.519,
                                        "Actual Total Time": 241.66,
                                        "Actual Rows": 93,
                                        "Actual Loops": 1
                                    },
                                    {
                                        "Worker Number": 2,
                                        "Actual Startup Time": 231.884,
                                        "Actual Total Time": 241.946,
                                        "Actual Rows": 78,
                                        "Actual Loops": 1
                                    }
                                ],
                                "Plans": [
                                    {
                                        "Node Type": "Merge Join",
                                        "Parent Relationship": "Outer",
                                        "Parallel Aware": false,
                                        "Join Type": "Inner",
                                        "Startup Cost": 56226.46,
                                        "Total Cost": 56338.48,
                                        "Plan Rows": 220,
                                        "Plan Width": 8,
                                        "Actual Startup Time": 233.968,
                                        "Actual Total Time": 240.723,
                                        "Actual Rows": 98,
                                        "Actual Loops": 4,
                                        "Output": [
                                            "mc.movie_id",
                                            "mk.movie_id"
                                        ],
                                        "Inner Unique": false,
                                        "Merge Cond": "(mc.movie_id = mk.movie_id)",
                                        "Workers": [
                                            {
                                                "Worker Number": 0,
                                                "Actual Startup Time": 230.91,
                                                "Actual Total Time": 236.689,
                                                "Actual Rows": 68,
                                                "Actual Loops": 1
                                            },
                                            {
                                                "Worker Number": 1,
                                                "Actual Startup Time": 231.313,
                                                "Actual Total Time": 237.188,
                                                "Actual Rows": 93,
                                                "Actual Loops": 1
                                            },
                                            {
                                                "Worker Number": 2,
                                                "Actual Startup Time": 231.677,
                                                "Actual Total Time": 237.897,
                                                "Actual Rows": 78,
                                                "Actual Loops": 1
                                            }
                                        ],
                                        "Plans": [
                                            {
                                                "Node Type": "Sort",
                                                "Parent Relationship": "Outer",
                                                "Parallel Aware": false,
                                                "Startup Cost": 30330.4,
                                                "Total Cost": 30367.22,
                                                "Plan Rows": 14729,
                                                "Plan Width": 4,
                                                "Actual Startup Time": 85.724,
                                                "Actual Total Time": 87.312,
                                                "Actual Rows": 11813,
                                                "Actual Loops": 4,
                                                "Output": [
                                                    "mc.movie_id"
                                                ],
                                                "Sort Key": [
                                                    "mc.movie_id"
                                                ],
                                                "Sort Method": "quicksort",
                                                "Sort Space Used": 1609,
                                                "Sort Space Type": "Memory",
                                                "Workers": [
                                                    {
                                                        "Worker Number": 0,
                                                        "Actual Startup Time": 81.786,
                                                        "Actual Total Time": 82.992,
                                                        "Actual Rows": 9205,
                                                        "Actual Loops": 1
                                                    },
                                                    {
                                                        "Worker Number": 1,
                                                        "Actual Startup Time": 82.478,
                                                        "Actual Total Time": 83.791,
                                                        "Actual Rows": 10329,
                                                        "Actual Loops": 1
                                                    },
                                                    {
                                                        "Worker Number": 2,
                                                        "Actual Startup Time": 83.131,
                                                        "Actual Total Time": 84.442,
                                                        "Actual Rows": 9779,
                                                        "Actual Loops": 1
                                                    }
                                                ],
                                                "Plans": [
                                                    {
                                                        "Node Type": "Seq Scan",
                                                        "Parent Relationship": "Outer",
                                                        "Parallel Aware": true,
                                                        "Relation Name": "movie_companies",
                                                        "Schema": "public",
                                                        "Alias": "mc",
                                                        "Startup Cost": 0.0,
                                                        "Total Cost": 29310.68,
                                                        "Plan Rows": 14729,
                                                        "Plan Width": 4,
                                                        "Actual Startup Time": 0.153,
                                                        "Actual Total Time": 80.474,
                                                        "Actual Rows": 11813,
                                                        "Actual Loops": 4,
                                                        "Output": [
                                                            "mc.movie_id"
                                                        ],
                                                        "Filter": "(mc.company_id = 19)",
                                                        "Rows Removed by Filter": 640469,
                                                        "Workers": [
                                                            {
                                                                "Worker Number": 0,
                                                                "Actual Startup Time": 0.168,
                                                                "Actual Total Time": 78.39,
                                                                "Actual Rows": 9205,
                                                                "Actual Loops": 1
                                                            },
                                                            {
                                                                "Worker Number": 1,
                                                                "Actual Startup Time": 0.338,
                                                                "Actual Total Time": 76.702,
                                                                "Actual Rows": 10329,
                                                                "Actual Loops": 1
                                                            },
                                                            {
                                                                "Worker Number": 2,
                                                                "Actual Startup Time": 0.07,
                                                                "Actual Total Time": 78.769,
                                                                "Actual Rows": 9779,
                                                                "Actual Loops": 1
                                                            }
                                                        ]
                                                    }
                                                ]
                                            },
                                            {
                                                "Node Type": "Sort",
                                                "Parent Relationship": "Inner",
                                                "Parallel Aware": false,
                                                "Startup Cost": 25896.05,
                                                "Total Cost": 25914.15,
                                                "Plan Rows": 7238,
                                                "Plan Width": 4,
                                                "Actual Startup Time": 148.147,
                                                "Actual Total Time": 149.288,
                                                "Actual Rows": 9054,
                                                "Actual Loops": 4,
                                                "Output": [
                                                    "mk.movie_id"
                                                ],
                                                "Sort Key": [
                                                    "mk.movie_id"
                                                ],
                                                "Sort Method": "quicksort",
                                                "Sort Space Used": 809,
                                                "Sort Space Type": "Memory",
                                                "Workers": [
                                                    {
                                                        "Worker Number": 0,
                                                        "Actual Startup Time": 149.051,
                                                        "Actual Total Time": 150.164,
                                                        "Actual Rows": 9042,
                                                        "Actual Loops": 1
                                                    },
                                                    {
                                                        "Worker Number": 1,
                                                        "Actual Startup Time": 148.573,
                                                        "Actual Total Time": 149.678,
                                                        "Actual Rows": 9059,
                                                        "Actual Loops": 1
                                                    },
                                                    {
                                                        "Worker Number": 2,
                                                        "Actual Startup Time": 148.517,
                                                        "Actual Total Time": 149.688,
                                                        "Actual Rows": 9040,
                                                        "Actual Loops": 1
                                                    }
                                                ],
                                                "Plans": [
                                                    {
                                                        "Node Type": "Index Scan",
                                                        "Parent Relationship": "Outer",
                                                        "Parallel Aware": false,
                                                        "Scan Direction": "Forward",
                                                        "Index Name": "keyword_id_movie_keyword",
                                                        "Relation Name": "movie_keyword",
                                                        "Schema": "public",
                                                        "Alias": "mk",
                                                        "Startup Cost": 0.43,
                                                        "Total Cost": 25432.05,
                                                        "Plan Rows": 7238,
                                                        "Plan Width": 4,
                                                        "Actual Startup Time": 15.055,
                                                        "Actual Total Time": 140.506,
                                                        "Actual Rows": 9060,
                                                        "Actual Loops": 4,
                                                        "Output": [
                                                            "mk.movie_id"
                                                        ],
                                                        "Index Cond": "(mk.keyword_id = 47)",
                                                        "Rows Removed by Index Recheck": 0,
                                                        "Workers": [
                                                            {
                                                                "Worker Number": 0,
                                                                "Actual Startup Time": 15.544,
                                                                "Actual Total Time": 140.536,
                                                                "Actual Rows": 9060,
                                                                "Actual Loops": 1
                                                            },
                                                            {
                                                                "Worker Number": 1,
                                                                "Actual Startup Time": 15.136,
                                                                "Actual Total Time": 140.04,
                                                                "Actual Rows": 9060,
                                                                "Actual Loops": 1
                                                            },
                                                            {
                                                                "Worker Number": 2,
                                                                "Actual Startup Time": 15.165,
                                                                "Actual Total Time": 140.175,
                                                                "Actual Rows": 9060,
                                                                "Actual Loops": 1
                                                            }
                                                        ]
                                                    }
                                                ]
                                            }
                                        ]
                                    },
                                    {
                                        "Node Type": "Index Only Scan",
                                        "Parent Relationship": "Inner",
                                        "Parallel Aware": false,
                                        "Scan Direction": "Forward",
                                        "Index Name": "title_pkey",
                                        "Relation Name": "title",
                                        "Schema": "public",
                                        "Alias": "t",
                                        "Startup Cost": 0.43,
                                        "Total Cost": 3.68,
                                        "Plan Rows": 1,
                                        "Plan Width": 4,
                                        "Actual Startup Time": 0.035,
                                        "Actual Total Time": 0.035,
                                        "Actual Rows": 1,
                                        "Actual Loops": 392,
                                        "Output": [
                                            "t.id"
                                        ],
                                        "Index Cond": "(t.id = mc.movie_id)",
                                        "Rows Removed by Index Recheck": 0,
                                        "Heap Fetches": 392,
                                        "Workers": [
                                            {
                                                "Worker Number": 0,
                                                "Actual Startup Time": 0.058,
                                                "Actual Total Time": 0.058,
                                                "Actual Rows": 1,
                                                "Actual Loops": 68
                                            },
                                            {
                                                "Worker Number": 1,
                                                "Actual Startup Time": 0.046,
                                                "Actual Total Time": 0.046,
                                                "Actual Rows": 1,
                                                "Actual Loops": 93
                                            },
                                            {
                                                "Worker Number": 2,
                                                "Actual Startup Time": 0.05,
                                                "Actual Total Time": 0.05,
                                                "Actual Rows": 1,
                                                "Actual Loops": 78
                                            }
                                        ]
                                    }
                                ]
                            }
                        ]
                    }
                ]
            }
        ]
    },
    "Planning Time": 1.643,
    "Triggers": [],
    "Execution Time": 272.211
}