[
  {
    "Plan": {
      "Node Type": "Aggregate",
      "Strategy": "Plain",
      "Partial Mode": "Finalize",
      "Parallel Aware": false,
      "Startup Cost": 93256.64,
      "Total Cost": 93256.65,
      "Plan Rows": 1,
      "Plan Width": 8,
      "Actual Startup Time": 331.57,
      "Actual Total Time": 350.002,
      "Actual Rows": 1,
      "Actual Loops": 1,
      "Plans": [
        {
          "Node Type": "Gather",
          "Parent Relationship": "Outer",
          "Parallel Aware": false,
          "Startup Cost": 93256.32,
          "Total Cost": 93256.63,
          "Plan Rows": 3,
          "Plan Width": 8,
          "Actual Startup Time": 330.123,
          "Actual Total Time": 349.99,
          "Actual Rows": 4,
          "Actual Loops": 1,
          "Workers Planned": 3,
          "Workers Launched": 3,
          "Single Copy": false,
          "Plans": [
            {
              "Node Type": "Aggregate",
              "Strategy": "Plain",
              "Partial Mode": "Partial",
              "Parent Relationship": "Outer",
              "Parallel Aware": false,
              "Startup Cost": 92256.32,
              "Total Cost": 92256.33,
              "Plan Rows": 1,
              "Plan Width": 8,
              "Actual Startup Time": 321.527,
              "Actual Total Time": 321.53,
              "Actual Rows": 1,
              "Actual Loops": 4,
              "Plans": [
                {
                  "Node Type": "Hash Join",
                  "Parent Relationship": "Outer",
                  "Parallel Aware": true,
                  "Join Type": "Inner",
                  "Startup Cost": 46505.27,
                  "Total Cost": 91919.99,
                  "Plan Rows": 134534,
                  "Plan Width": 0,
                  "Actual Startup Time": 136.354,
                  "Actual Total Time": 320.32,
                  "Actual Rows": 26150,
                  "Actual Loops": 4,
                  "Inner Unique": true,
                  "Hash Cond": "(mk.movie_id = t.id)",
                  "Plans": [
                    {
                      "Node Type": "Seq Scan",
                      "Parent Relationship": "Outer",
                      "Parallel Aware": true,
                      "Relation Name": "movie_keyword",
                      "Alias": "mk",
                      "Startup Cost": 0.0,
                      "Total Cost": 42695.65,
                      "Plan Rows": 1035832,
                      "Plan Width": 4,
                      "Actual Startup Time": 0.116,
                      "Actual Total Time": 113.933,
                      "Actual Rows": 799369,
                      "Actual Loops": 4,
                      "Filter": "(keyword_id > 1732)",
                      "Rows Removed by Filter": 331614
                    },
                    {
                      "Node Type": "Hash",
                      "Parent Relationship": "Inner",
                      "Parallel Aware": true,
                      "Startup Cost": 45479.1,
                      "Total Cost": 45479.1,
                      "Plan Rows": 82094,
                      "Plan Width": 4,
                      "Actual Startup Time": 132.458,
                      "Actual Total Time": 132.459,
                      "Actual Rows": 87729,
                      "Actual Loops": 4,
                      "Hash Buckets": 524288,
                      "Original Hash Buckets": 524288,
                      "Hash Batches": 1,
                      "Original Hash Batches": 1,
                      "Peak Memory Usage": 17856,
                      "Plans": [
                        {
                          "Node Type": "Seq Scan",
                          "Parent Relationship": "Outer",
                          "Parallel Aware": true,
                          "Relation Name": "title",
                          "Alias": "t",
                          "Startup Cost": 0.0,
                          "Total Cost": 45479.1,
                          "Plan Rows": 82094,
                          "Plan Width": 4,
                          "Actual Startup Time": 0.048,
                          "Actual Total Time": 100.851,
                          "Actual Rows": 87729,
                          "Actual Loops": 4,
                          "Filter": "((kind_id > 4) AND (production_year > 2009))",
                          "Rows Removed by Filter": 544349
                        }
                      ]
                    }
                  ]
                }
              ]
            }
          ]
        }
      ]
    },
    "Planning Time": 0.648,
    "Triggers": [],
    "Execution Time": 350.069
  }
]