[
  {
    "Plan": {
      "Node Type": "Aggregate",
      "Strategy": "Plain",
      "Partial Mode": "Finalize",
      "Parallel Aware": false,
      "Startup Cost": 44762.54,
      "Total Cost": 44762.55,
      "Plan Rows": 1,
      "Plan Width": 8,
      "Actual Startup Time": 138.705,
      "Actual Total Time": 148.675,
      "Actual Rows": 1,
      "Actual Loops": 1,
      "Plans": [
        {
          "Node Type": "Gather",
          "Parent Relationship": "Outer",
          "Parallel Aware": false,
          "Startup Cost": 44762.22,
          "Total Cost": 44762.53,
          "Plan Rows": 3,
          "Plan Width": 8,
          "Actual Startup Time": 138.395,
          "Actual Total Time": 148.663,
          "Actual Rows": 4,
          "Actual Loops": 1,
          "Workers Planned": 3,
          "Workers Launched": 3,
          "Single Copy": false,
          "Plans": [
            {
              "Node Type": "Aggregate",
              "Strategy": "Plain",
              "Partial Mode": "Partial",
              "Parent Relationship": "Outer",
              "Parallel Aware": false,
              "Startup Cost": 43762.22,
              "Total Cost": 43762.23,
              "Plan Rows": 1,
              "Plan Width": 8,
              "Actual Startup Time": 131.261,
              "Actual Total Time": 131.262,
              "Actual Rows": 1,
              "Actual Loops": 4,
              "Plans": [
                {
                  "Node Type": "Seq Scan",
                  "Parent Relationship": "Outer",
                  "Parallel Aware": true,
                  "Relation Name": "movie_keyword",
                  "Alias": "mk",
                  "Startup Cost": 0.0,
                  "Total Cost": 42695.65,
                  "Plan Rows": 426626,
                  "Plan Width": 0,
                  "Actual Startup Time": 2.024,
                  "Actual Total Time": 113.313,
                  "Actual Rows": 330234,
                  "Actual Loops": 4,
                  "Filter": "(keyword_id > 13121)",
                  "Rows Removed by Filter": 800749
                }
              ]
            }
          ]
        }
      ]
    },
    "Planning Time": 0.166,
    "Triggers": [],
    "Execution Time": 148.757
  }
]