[
  {
    "Plan": {
      "Node Type": "Aggregate",
      "Strategy": "Plain",
      "Partial Mode": "Finalize",
      "Parallel Aware": false,
      "Startup Cost": 289270.44,
      "Total Cost": 289270.45,
      "Plan Rows": 1,
      "Plan Width": 8,
      "Actual Startup Time": 2589.679,
      "Actual Total Time": 2620.748,
      "Actual Rows": 1,
      "Actual Loops": 1,
      "Plans": [
        {
          "Node Type": "Gather",
          "Parent Relationship": "Outer",
          "Parallel Aware": false,
          "Startup Cost": 289270.12,
          "Total Cost": 289270.43,
          "Plan Rows": 3,
          "Plan Width": 8,
          "Actual Startup Time": 2570.004,
          "Actual Total Time": 2620.739,
          "Actual Rows": 4,
          "Actual Loops": 1,
          "Workers Planned": 3,
          "Workers Launched": 3,
          "Single Copy": false,
          "Plans": [
            {
              "Node Type": "Aggregate",
              "Strategy": "Plain",
              "Partial Mode": "Partial",
              "Parent Relationship": "Outer",
              "Parallel Aware": false,
              "Startup Cost": 288270.12,
              "Total Cost": 288270.13,
              "Plan Rows": 1,
              "Plan Width": 8,
              "Actual Startup Time": 2555.734,
              "Actual Total Time": 2555.741,
              "Actual Rows": 1,
              "Actual Loops": 4,
              "Plans": [
                {
                  "Node Type": "Hash Join",
                  "Parent Relationship": "Outer",
                  "Parallel Aware": true,
                  "Join Type": "Inner",
                  "Startup Cost": 240628.46,
                  "Total Cost": 286535.76,
                  "Plan Rows": 693744,
                  "Plan Width": 0,
                  "Actual Startup Time": 726.661,
                  "Actual Total Time": 1955.475,
                  "Actual Rows": 13591941,
                  "Actual Loops": 4,
                  "Inner Unique": false,
                  "Hash Cond": "(mk.movie_id = t.id)",
                  "Plans": [
                    {
                      "Node Type": "Seq Scan",
                      "Parent Relationship": "Outer",
                      "Parallel Aware": true,
                      "Relation Name": "movie_keyword",
                      "Alias": "mk",
                      "Startup Cost": 0.0,
                      "Total Cost": 39047.32,
                      "Plan Rows": 1459332,
                      "Plan Width": 4,
                      "Actual Startup Time": 0.025,
                      "Actual Total Time": 90.522,
                      "Actual Rows": 1130982,
                      "Actual Loops": 4
                    },
                    {
                      "Node Type": "Hash",
                      "Parent Relationship": "Inner",
                      "Parallel Aware": true,
                      "Startup Cost": 237623.68,
                      "Total Cost": 237623.68,
                      "Plan Rows": 240382,
                      "Plan Width": 8,
                      "Actual Startup Time": 719.102,
                      "Actual Total Time": 719.107,
                      "Actual Rows": 289976,
                      "Actual Loops": 4,
                      "Hash Buckets": 2097152,
                      "Original Hash Buckets": 2097152,
                      "Hash Batches": 1,
                      "Original Hash Batches": 1,
                      "Peak Memory Usage": 61824,
                      "Plans": [
                        {
                          "Node Type": "Hash Join",
                          "Parent Relationship": "Outer",
                          "Parallel Aware": true,
                          "Join Type": "Inner",
                          "Startup Cost": 71994.9,
                          "Total Cost": 237623.68,
                          "Plan Rows": 240382,
                          "Plan Width": 8,
                          "Actual Startup Time": 425.13,
                          "Actual Total Time": 619.768,
                          "Actual Rows": 289976,
                          "Actual Loops": 4,
                          "Inner Unique": true,
                          "Hash Cond": "(mi.movie_id = t.id)",
                          "Plans": [
                            {
                              "Node Type": "Bitmap Heap Scan",
                              "Parent Relationship": "Outer",
                              "Parallel Aware": true,
                              "Relation Name": "movie_info",
                              "Alias": "mi",
                              "Startup Cost": 21775.25,
                              "Total Cost": 186773.03,
                              "Plan Rows": 240382,
                              "Plan Width": 4,
                              "Actual Startup Time": 57.097,
                              "Actual Total Time": 137.407,
                              "Actual Rows": 289976,
                              "Actual Loops": 4,
                              "Recheck Cond": "(info_type_id > 47)",
                              "Rows Removed by Index Recheck": 0,
                              "Exact Heap Blocks": 8325,
                              "Lossy Heap Blocks": 0,
                              "Plans": [
                                {
                                  "Node Type": "Bitmap Index Scan",
                                  "Parent Relationship": "Outer",
                                  "Parallel Aware": false,
                                  "Index Name": "info_type_id_movie_info",
                                  "Startup Cost": 0.0,
                                  "Total Cost": 21474.78,
                                  "Plan Rows": 1201912,
                                  "Plan Width": 0,
                                  "Actual Startup Time": 51.335,
                                  "Actual Total Time": 51.336,
                                  "Actual Rows": 1159902,
                                  "Actual Loops": 1,
                                  "Index Cond": "(info_type_id > 47)"
                                }
                              ]
                            },
                            {
                              "Node Type": "Hash",
                              "Parent Relationship": "Inner",
                              "Parallel Aware": true,
                              "Startup Cost": 42318.73,
                              "Total Cost": 42318.73,
                              "Plan Rows": 632073,
                              "Plan Width": 4,
                              "Actual Startup Time": 359.241,
                              "Actual Total Time": 359.242,
                              "Actual Rows": 632078,
                              "Actual Loops": 4,
                              "Hash Buckets": 4194304,
                              "Original Hash Buckets": 4194304,
                              "Hash Batches": 1,
                              "Original Hash Batches": 1,
                              "Peak Memory Usage": 131744,
                              "Plans": [
                                {
                                  "Node Type": "Seq Scan",
                                  "Parent Relationship": "Outer",
                                  "Parallel Aware": true,
                                  "Relation Name": "title",
                                  "Alias": "t",
                                  "Startup Cost": 0.0,
                                  "Total Cost": 42318.73,
                                  "Plan Rows": 632073,
                                  "Plan Width": 4,
                                  "Actual Startup Time": 0.047,
                                  "Actual Total Time": 102.3,
                                  "Actual Rows": 632078,
                                  "Actual Loops": 4
                                }
                              ]
                            }
                          ]
                        }
                      ]
                    }
                  ]
                }
              ]
            }
          ]
        }
      ]
    },
    "Planning Time": 1.328,
    "Triggers": [],
    "Execution Time": 2620.851
  }
]