[
  {
    "Plan": {
      "Node Type": "Aggregate",
      "Strategy": "Plain",
      "Partial Mode": "Finalize",
      "Parallel Aware": false,
      "Startup Cost": 239014.58,
      "Total Cost": 239014.59,
      "Plan Rows": 1,
      "Plan Width": 8,
      "Actual Startup Time": 748.347,
      "Actual Total Time": 788.529,
      "Actual Rows": 1,
      "Actual Loops": 1,
      "Plans": [
        {
          "Node Type": "Gather",
          "Parent Relationship": "Outer",
          "Parallel Aware": false,
          "Startup Cost": 239014.06,
          "Total Cost": 239014.57,
          "Plan Rows": 5,
          "Plan Width": 8,
          "Actual Startup Time": 747.108,
          "Actual Total Time": 788.515,
          "Actual Rows": 6,
          "Actual Loops": 1,
          "Workers Planned": 5,
          "Workers Launched": 5,
          "Single Copy": false,
          "Plans": [
            {
              "Node Type": "Aggregate",
              "Strategy": "Plain",
              "Partial Mode": "Partial",
              "Parent Relationship": "Outer",
              "Parallel Aware": false,
              "Startup Cost": 238014.06,
              "Total Cost": 238014.07,
              "Plan Rows": 1,
              "Plan Width": 8,
              "Actual Startup Time": 736.161,
              "Actual Total Time": 736.165,
              "Actual Rows": 1,
              "Actual Loops": 6,
              "Plans": [
                {
                  "Node Type": "Hash Join",
                  "Parent Relationship": "Outer",
                  "Parallel Aware": true,
                  "Join Type": "Inner",
                  "Startup Cost": 38465.87,
                  "Total Cost": 237787.64,
                  "Plan Rows": 90570,
                  "Plan Width": 0,
                  "Actual Startup Time": 67.291,
                  "Actual Total Time": 729.731,
                  "Actual Rows": 103044,
                  "Actual Loops": 6,
                  "Inner Unique": true,
                  "Hash Cond": "(mi.movie_id = t.id)",
                  "Plans": [
                    {
                      "Node Type": "Seq Scan",
                      "Parent Relationship": "Outer",
                      "Parallel Aware": true,
                      "Relation Name": "movie_info",
                      "Alias": "mi",
                      "Startup Cost": 0.0,
                      "Total Cost": 191560.33,
                      "Plan Rows": 2956733,
                      "Plan Width": 4,
                      "Actual Startup Time": 0.028,
                      "Actual Total Time": 345.879,
                      "Actual Rows": 2472620,
                      "Actual Loops": 6
                    },
                    {
                      "Node Type": "Hash",
                      "Parent Relationship": "Inner",
                      "Parallel Aware": true,
                      "Startup Cost": 38223.85,
                      "Total Cost": 38223.85,
                      "Plan Rows": 19362,
                      "Plan Width": 4,
                      "Actual Startup Time": 55.095,
                      "Actual Total Time": 55.097,
                      "Actual Rows": 12376,
                      "Actual Loops": 6,
                      "Hash Buckets": 131072,
                      "Original Hash Buckets": 131072,
                      "Hash Batches": 1,
                      "Original Hash Batches": 1,
                      "Peak Memory Usage": 4032,
                      "Plans": [
                        {
                          "Node Type": "Bitmap Heap Scan",
                          "Parent Relationship": "Outer",
                          "Parallel Aware": true,
                          "Relation Name": "title",
                          "Alias": "t",
                          "Startup Cost": 1842.49,
                          "Total Cost": 38223.85,
                          "Plan Rows": 19362,
                          "Plan Width": 4,
                          "Actual Startup Time": 11.654,
                          "Actual Total Time": 47.873,
                          "Actual Rows": 12376,
                          "Actual Loops": 6,
                          "Recheck Cond": "(kind_id = 3)",
                          "Rows Removed by Index Recheck": 0,
                          "Filter": "(production_year > 1982)",
                          "Rows Removed by Filter": 4380,
                          "Exact Heap Blocks": 5322,
                          "Lossy Heap Blocks": 0,
                          "Plans": [
                            {
                              "Node Type": "Bitmap Index Scan",
                              "Parent Relationship": "Outer",
                              "Parallel Aware": false,
                              "Index Name": "kind_id_title",
                              "Startup Cost": 0.0,
                              "Total Cost": 1823.13,
                              "Plan Rows": 102227,
                              "Plan Width": 0,
                              "Actual Startup Time": 12.61,
                              "Actual Total Time": 12.61,
                              "Actual Rows": 100537,
                              "Actual Loops": 1,
                              "Index Cond": "(kind_id = 3)"
                            }
                          ]
                        }
                      ]
                    }
                  ]
                }
              ]
            }
          ]
        }
      ]
    },
    "Planning Time": 0.599,
    "Triggers": [],
    "Execution Time": 788.629
  }
]