[
  {
    "Plan": {
      "Node Type": "Aggregate",
      "Strategy": "Plain",
      "Partial Mode": "Finalize",
      "Parallel Aware": false,
      "Startup Cost": 391656.48,
      "Total Cost": 391656.49,
      "Plan Rows": 1,
      "Plan Width": 8,
      "Actual Startup Time": 2180.946,
      "Actual Total Time": 2242.589,
      "Actual Rows": 1,
      "Actual Loops": 1,
      "Plans": [
        {
          "Node Type": "Gather",
          "Parent Relationship": "Outer",
          "Parallel Aware": false,
          "Startup Cost": 391655.86,
          "Total Cost": 391656.47,
          "Plan Rows": 6,
          "Plan Width": 8,
          "Actual Startup Time": 2174.596,
          "Actual Total Time": 2242.574,
          "Actual Rows": 7,
          "Actual Loops": 1,
          "Workers Planned": 6,
          "Workers Launched": 6,
          "Single Copy": false,
          "Plans": [
            {
              "Node Type": "Aggregate",
              "Strategy": "Plain",
              "Partial Mode": "Partial",
              "Parent Relationship": "Outer",
              "Parallel Aware": false,
              "Startup Cost": 390655.86,
              "Total Cost": 390655.87,
              "Plan Rows": 1,
              "Plan Width": 8,
              "Actual Startup Time": 2165.911,
              "Actual Total Time": 2165.915,
              "Actual Rows": 1,
              "Actual Loops": 7,
              "Plans": [
                {
                  "Node Type": "Hash Join",
                  "Parent Relationship": "Outer",
                  "Parallel Aware": true,
                  "Join Type": "Inner",
                  "Startup Cost": 46719.68,
                  "Total Cost": 386666.42,
                  "Plan Rows": 1595774,
                  "Plan Width": 0,
                  "Actual Startup Time": 260.14,
                  "Actual Total Time": 2081.53,
                  "Actual Rows": 1569532,
                  "Actual Loops": 7,
                  "Inner Unique": true,
                  "Hash Cond": "(ci.movie_id = t.id)",
                  "Plans": [
                    {
                      "Node Type": "Seq Scan",
                      "Parent Relationship": "Outer",
                      "Parallel Aware": true,
                      "Relation Name": "cast_info",
                      "Alias": "ci",
                      "Startup Cost": 0.0,
                      "Total Cost": 328211.39,
                      "Plan Rows": 4470600,
                      "Plan Width": 4,
                      "Actual Startup Time": 115.475,
                      "Actual Total Time": 734.581,
                      "Actual Rows": 3820128,
                      "Actual Loops": 7,
                      "Filter": "(person_id > 934698)",
                      "Rows Removed by Filter": 1357635
                    },
                    {
                      "Node Type": "Hash",
                      "Parent Relationship": "Inner",
                      "Parallel Aware": true,
                      "Startup Cost": 43899.32,
                      "Total Cost": 43899.32,
                      "Plan Rows": 225629,
                      "Plan Width": 4,
                      "Actual Startup Time": 142.4,
                      "Actual Total Time": 142.402,
                      "Actual Rows": 129213,
                      "Actual Loops": 7,
                      "Hash Buckets": 1048576,
                      "Original Hash Buckets": 1048576,
                      "Hash Batches": 1,
                      "Original Hash Batches": 1,
                      "Peak Memory Usage": 43712,
                      "Plans": [
                        {
                          "Node Type": "Seq Scan",
                          "Parent Relationship": "Outer",
                          "Parallel Aware": true,
                          "Relation Name": "title",
                          "Alias": "t",
                          "Startup Cost": 0.0,
                          "Total Cost": 43899.32,
                          "Plan Rows": 225629,
                          "Plan Width": 4,
                          "Actual Startup Time": 0.036,
                          "Actual Total Time": 81.686,
                          "Actual Rows": 129213,
                          "Actual Loops": 7,
                          "Filter": "(production_year > 2006)",
                          "Rows Removed by Filter": 231974
                        }
                      ]
                    }
                  ]
                }
              ]
            }
          ]
        }
      ]
    },
    "Planning Time": 0.279,
    "Triggers": [],
    "Execution Time": 2242.652
  }
]