[
  {
    "Plan": {
      "Node Type": "Aggregate",
      "Strategy": "Plain",
      "Partial Mode": "Finalize",
      "Parallel Aware": false,
      "Startup Cost": 342888.72,
      "Total Cost": 342888.73,
      "Plan Rows": 1,
      "Plan Width": 8,
      "Actual Startup Time": 773.746,
      "Actual Total Time": 794.629,
      "Actual Rows": 1,
      "Actual Loops": 1,
      "Plans": [
        {
          "Node Type": "Gather",
          "Parent Relationship": "Outer",
          "Parallel Aware": false,
          "Startup Cost": 342888.1,
          "Total Cost": 342888.71,
          "Plan Rows": 6,
          "Plan Width": 8,
          "Actual Startup Time": 773.674,
          "Actual Total Time": 794.623,
          "Actual Rows": 7,
          "Actual Loops": 1,
          "Workers Planned": 6,
          "Workers Launched": 6,
          "Single Copy": false,
          "Plans": [
            {
              "Node Type": "Aggregate",
              "Strategy": "Plain",
              "Partial Mode": "Partial",
              "Parent Relationship": "Outer",
              "Parallel Aware": false,
              "Startup Cost": 341888.1,
              "Total Cost": 341888.11,
              "Plan Rows": 1,
              "Plan Width": 8,
              "Actual Startup Time": 770.43,
              "Actual Total Time": 770.431,
              "Actual Rows": 1,
              "Actual Loops": 7,
              "Plans": [
                {
                  "Node Type": "Seq Scan",
                  "Parent Relationship": "Outer",
                  "Parallel Aware": true,
                  "Relation Name": "cast_info",
                  "Alias": "ci",
                  "Startup Cost": 0.0,
                  "Total Cost": 328213.62,
                  "Plan Rows": 5469793,
                  "Plan Width": 0,
                  "Actual Startup Time": 36.041,
                  "Actual Total Time": 573.327,
                  "Actual Rows": 4679802,
                  "Actual Loops": 7,
                  "Filter": "(person_id > 334375)",
                  "Rows Removed by Filter": 497962
                }
              ]
            }
          ]
        }
      ]
    },
    "Planning Time": 0.071,
    "Triggers": [],
    "Execution Time": 794.659
  }
]