[
  {
    "Plan": {
      "Node Type": "Aggregate",
      "Strategy": "Plain",
      "Partial Mode": "Finalize",
      "Parallel Aware": false,
      "Startup Cost": 342851.7,
      "Total Cost": 342851.71,
      "Plan Rows": 1,
      "Plan Width": 8,
      "Actual Startup Time": 855.095,
      "Actual Total Time": 911.384,
      "Actual Rows": 1,
      "Actual Loops": 1,
      "Plans": [
        {
          "Node Type": "Gather",
          "Parent Relationship": "Outer",
          "Parallel Aware": false,
          "Startup Cost": 342851.08,
          "Total Cost": 342851.68,
          "Plan Rows": 6,
          "Plan Width": 8,
          "Actual Startup Time": 854.97,
          "Actual Total Time": 911.372,
          "Actual Rows": 7,
          "Actual Loops": 1,
          "Workers Planned": 6,
          "Workers Launched": 6,
          "Single Copy": false,
          "Plans": [
            {
              "Node Type": "Aggregate",
              "Strategy": "Plain",
              "Partial Mode": "Partial",
              "Parent Relationship": "Outer",
              "Parallel Aware": false,
              "Startup Cost": 341851.08,
              "Total Cost": 341851.09,
              "Plan Rows": 1,
              "Plan Width": 8,
              "Actual Startup Time": 845.376,
              "Actual Total Time": 845.377,
              "Actual Rows": 1,
              "Actual Loops": 7,
              "Plans": [
                {
                  "Node Type": "Seq Scan",
                  "Parent Relationship": "Outer",
                  "Parallel Aware": true,
                  "Relation Name": "cast_info",
                  "Alias": "ci",
                  "Startup Cost": 0.0,
                  "Total Cost": 328162.03,
                  "Plan Rows": 5475620,
                  "Plan Width": 0,
                  "Actual Startup Time": 53.128,
                  "Actual Total Time": 651.832,
                  "Actual Rows": 4679802,
                  "Actual Loops": 7,
                  "Filter": "(person_id > 334375)",
                  "Rows Removed by Filter": 497962
                }
              ]
            }
          ]
        }
      ]
    },
    "Planning Time": 0.206,
    "Triggers": [],
    "Execution Time": 911.462
  }
]