[
  {
    "Plan": {
      "Node Type": "Aggregate",
      "Strategy": "Plain",
      "Partial Mode": "Finalize",
      "Parallel Aware": false,
      "Startup Cost": 33362.84,
      "Total Cost": 33362.85,
      "Plan Rows": 1,
      "Plan Width": 8,
      "Actual Startup Time": 109.266,
      "Actual Total Time": 116.969,
      "Actual Rows": 1,
      "Actual Loops": 1,
      "Plans": [
        {
          "Node Type": "Gather",
          "Parent Relationship": "Outer",
          "Parallel Aware": false,
          "Startup Cost": 33362.52,
          "Total Cost": 33362.83,
          "Plan Rows": 3,
          "Plan Width": 8,
          "Actual Startup Time": 109.183,
          "Actual Total Time": 116.96,
          "Actual Rows": 4,
          "Actual Loops": 1,
          "Workers Planned": 3,
          "Workers Launched": 3,
          "Single Copy": false,
          "Plans": [
            {
              "Node Type": "Aggregate",
              "Strategy": "Plain",
              "Partial Mode": "Partial",
              "Parent Relationship": "Outer",
              "Parallel Aware": false,
              "Startup Cost": 32362.52,
              "Total Cost": 32362.53,
              "Plan Rows": 1,
              "Plan Width": 8,
              "Actual Startup Time": 102.286,
              "Actual Total Time": 102.287,
              "Actual Rows": 1,
              "Actual Loops": 4,
              "Plans": [
                {
                  "Node Type": "Seq Scan",
                  "Parent Relationship": "Outer",
                  "Parallel Aware": true,
                  "Relation Name": "movie_companies",
                  "Alias": "mc",
                  "Startup Cost": 0.0,
                  "Total Cost": 31414.82,
                  "Plan Rows": 379082,
                  "Plan Width": 0,
                  "Actual Startup Time": 49.432,
                  "Actual Total Time": 88.674,
                  "Actual Rows": 316598,
                  "Actual Loops": 4,
                  "Filter": "((company_id > 159) AND (company_type_id = 2))",
                  "Rows Removed by Filter": 335685
                }
              ]
            }
          ]
        }
      ]
    },
    "Planning Time": 0.215,
    "Triggers": [],
    "Execution Time": 117.026
  }
]