{
  "Plan": {
    "Node Type": "Aggregate",
    "Strategy": "Plain",
    "Partial Mode": "Finalize",
    "Parallel Aware": false,
    "Startup Cost": 124022.29,
    "Total Cost": 124022.3,
    "Plan Rows": 1,
    "Plan Width": 8,
    "Actual Startup Time": 589.319,
    "Actual Total Time": 638.534,
    "Actual Rows": 1,
    "Actual Loops": 1,
    "Plans": [
      {
        "Node Type": "Gather",
        "Parent Relationship": "Outer",
        "Parallel Aware": false,
        "Startup Cost": 124022.18,
        "Total Cost": 124022.29,
        "Plan Rows": 1,
        "Plan Width": 8,
        "Actual Startup Time": 587.954,
        "Actual Total Time": 638.526,
        "Actual Rows": 2,
        "Actual Loops": 1,
        "Workers Planned": 1,
        "Workers Launched": 1,
        "Single Copy": false,
        "Plans": [
          {
            "Node Type": "Aggregate",
            "Strategy": "Plain",
            "Partial Mode": "Partial",
            "Parent Relationship": "Outer",
            "Parallel Aware": false,
            "Startup Cost": 123022.18,
            "Total Cost": 123022.19,
            "Plan Rows": 1,
            "Plan Width": 8,
            "Actual Startup Time": 582.388,
            "Actual Total Time": 582.473,
            "Actual Rows": 1,
            "Actual Loops": 2,
            "Plans": [
              {
                "Node Type": "Nested Loop",
                "Parent Relationship": "Outer",
                "Parallel Aware": false,
                "Join Type": "Inner",
                "Startup Cost": 58681.83,
                "Total Cost": 122435.89,
                "Plan Rows": 234516,
                "Plan Width": 0,
                "Actual Startup Time": 197.054,
                "Actual Total Time": 566.478,
                "Actual Rows": 331614,
                "Actual Loops": 2,
                "Inner Unique": false,
                "Join Filter": "(t.id = ci.movie_id)",
                "Rows Removed by Join Filter": 0,
                "Plans": [
                  {
                    "Node Type": "Hash Join",
                    "Parent Relationship": "Outer",
                    "Parallel Aware": true,
                    "Join Type": "Inner",
                    "Startup Cost": 58681.27,
                    "Total Cost": 76865.06,
                    "Plan Rows": 16366,
                    "Plan Width": 8,
                    "Actual Startup Time": 196.977,
                    "Actual Total Time": 276.096,
                    "Actual Rows": 21118,
                    "Actual Loops": 2,
                    "Inner Unique": true,
                    "Hash Cond": "(mi_idx.movie_id = t.id)",
                    "Plans": [
                      {
                        "Node Type": "Seq Scan",
                        "Parent Relationship": "Outer",
                        "Parallel Aware": true,
                        "Relation Name": "movie_info_idx",
                        "Alias": "mi_idx",
                        "Startup Cost": 0.0,
                        "Total Cost": 16052.85,
                        "Plan Rows": 811785,
                        "Plan Width": 4,
                        "Actual Startup Time": 0.019,
                        "Actual Total Time": 46.838,
                        "Actual Rows": 690018,
                        "Actual Loops": 2
                      },
                      {
                        "Node Type": "Hash",
                        "Parent Relationship": "Inner",
                        "Parallel Aware": true,
                        "Startup Cost": 58306.47,
                        "Total Cost": 58306.47,
                        "Plan Rows": 29984,
                        "Plan Width": 4,
                        "Actual Startup Time": 154.981,
                        "Actual Total Time": 154.982,
                        "Actual Rows": 65160,
                        "Actual Loops": 2,
                        "Hash Buckets": 131072,
                        "Original Hash Buckets": 65536,
                        "Hash Batches": 1,
                        "Original Hash Batches": 1,
                        "Peak Memory Usage": 6656,
                        "Plans": [
                          {
                            "Node Type": "Seq Scan",
                            "Parent Relationship": "Outer",
                            "Parallel Aware": true,
                            "Relation Name": "title",
                            "Alias": "t",
                            "Startup Cost": 0.0,
                            "Total Cost": 58306.47,
                            "Plan Rows": 29984,
                            "Plan Width": 4,
                            "Actual Startup Time": 85.298,
                            "Actual Total Time": 140.845,
                            "Actual Rows": 65160,
                            "Actual Loops": 2,
                            "Filter": "((kind_id < 7) AND (production_year < 1936))",
                            "Rows Removed by Filter": 1198996
                          }
                        ]
                      }
                    ]
                  },
                  {
                    "Node Type": "Index Only Scan",
                    "Parent Relationship": "Inner",
                    "Parallel Aware": false,
                    "Scan Direction": "Forward",
                    "Index Name": "movie_id_cast_info",
                    "Relation Name": "cast_info",
                    "Alias": "ci",
                    "Startup Cost": 0.56,
                    "Total Cost": 2.32,
                    "Plan Rows": 37,
                    "Plan Width": 4,
                    "Actual Startup Time": 0.003,
                    "Actual Total Time": 0.012,
                    "Actual Rows": 16,
                    "Actual Loops": 42237,
                    "Index Cond": "(movie_id = mi_idx.movie_id)",
                    "Rows Removed by Index Recheck": 0,
                    "Heap Fetches": 663227
                  }
                ]
              }
            ]
          }
        ]
      }
    ]
  },
  "Planning Time": 0.941,
  "Triggers": [],
  "Execution Time": 638.632
}