{
  "Plan": {
    "Node Type": "Aggregate",
    "Strategy": "Plain",
    "Partial Mode": "Finalize",
    "Parallel Aware": false,
    "Startup Cost": 395751.03,
    "Total Cost": 395751.04,
    "Plan Rows": 1,
    "Plan Width": 8,
    "Actual Startup Time": 2019.886,
    "Actual Total Time": 2075.468,
    "Actual Rows": 1,
    "Actual Loops": 1,
    "Plans": [
      {
        "Node Type": "Gather",
        "Parent Relationship": "Outer",
        "Parallel Aware": false,
        "Startup Cost": 395750.92,
        "Total Cost": 395751.03,
        "Plan Rows": 1,
        "Plan Width": 8,
        "Actual Startup Time": 2017.597,
        "Actual Total Time": 2075.459,
        "Actual Rows": 2,
        "Actual Loops": 1,
        "Workers Planned": 1,
        "Workers Launched": 1,
        "Single Copy": false,
        "Plans": [
          {
            "Node Type": "Aggregate",
            "Strategy": "Plain",
            "Partial Mode": "Partial",
            "Parent Relationship": "Outer",
            "Parallel Aware": false,
            "Startup Cost": 394750.92,
            "Total Cost": 394750.93,
            "Plan Rows": 1,
            "Plan Width": 8,
            "Actual Startup Time": 2009.857,
            "Actual Total Time": 2009.863,
            "Actual Rows": 1,
            "Actual Loops": 2,
            "Plans": [
              {
                "Node Type": "Hash Join",
                "Parent Relationship": "Outer",
                "Parallel Aware": true,
                "Join Type": "Inner",
                "Startup Cost": 107034.51,
                "Total Cost": 392916.81,
                "Plan Rows": 733642,
                "Plan Width": 0,
                "Actual Startup Time": 472.492,
                "Actual Total Time": 1928.014,
                "Actual Rows": 2075987,
                "Actual Loops": 2,
                "Inner Unique": false,
                "Hash Cond": "(mi.movie_id = t.id)",
                "Plans": [
                  {
                    "Node Type": "Seq Scan",
                    "Parent Relationship": "Outer",
                    "Parallel Aware": true,
                    "Relation Name": "movie_info",
                    "Alias": "mi",
                    "Startup Cost": 0.0,
                    "Total Cost": 248955.74,
                    "Plan Rows": 8696274,
                    "Plan Width": 4,
                    "Actual Startup Time": 0.023,
                    "Actual Total Time": 627.173,
                    "Actual Rows": 7417860,
                    "Actual Loops": 2
                  },
                  {
                    "Node Type": "Hash",
                    "Parent Relationship": "Inner",
                    "Parallel Aware": true,
                    "Startup Cost": 105466.17,
                    "Total Cost": 105466.17,
                    "Plan Rows": 125467,
                    "Plan Width": 8,
                    "Actual Startup Time": 468.349,
                    "Actual Total Time": 468.353,
                    "Actual Rows": 58658,
                    "Actual Loops": 2,
                    "Hash Buckets": 262144,
                    "Original Hash Buckets": 262144,
                    "Hash Batches": 1,
                    "Original Hash Batches": 1,
                    "Peak Memory Usage": 6656,
                    "Plans": [
                      {
                        "Node Type": "Hash Join",
                        "Parent Relationship": "Outer",
                        "Parallel Aware": true,
                        "Join Type": "Inner",
                        "Startup Cost": 74913.93,
                        "Total Cost": 105466.17,
                        "Plan Rows": 125467,
                        "Plan Width": 8,
                        "Actual Startup Time": 306.376,
                        "Actual Total Time": 455.523,
                        "Actual Rows": 58658,
                        "Actual Loops": 2,
                        "Inner Unique": true,
                        "Hash Cond": "(mk.movie_id = t.id)",
                        "Plans": [
                          {
                            "Node Type": "Bitmap Heap Scan",
                            "Parent Relationship": "Outer",
                            "Parallel Aware": true,
                            "Relation Name": "movie_keyword",
                            "Alias": "mk",
                            "Startup Cost": 14540.46,
                            "Total Cost": 44034.34,
                            "Plan Rows": 403190,
                            "Plan Width": 4,
                            "Actual Startup Time": 43.615,
                            "Actual Total Time": 120.444,
                            "Actual Rows": 344580,
                            "Actual Loops": 2,
                            "Recheck Cond": "(keyword_id < 571)",
                            "Rows Removed by Index Recheck": 0,
                            "Exact Heap Blocks": 12687,
                            "Lossy Heap Blocks": 0,
                            "Plans": [
                              {
                                "Node Type": "Bitmap Index Scan",
                                "Parent Relationship": "Outer",
                                "Parallel Aware": false,
                                "Index Name": "keyword_id_movie_keyword",
                                "Startup Cost": 0.0,
                                "Total Cost": 14369.11,
                                "Plan Rows": 685423,
                                "Plan Width": 0,
                                "Actual Startup Time": 39.971,
                                "Actual Total Time": 39.971,
                                "Actual Rows": 689160,
                                "Actual Loops": 1,
                                "Index Cond": "(keyword_id < 571)"
                              }
                            ]
                          },
                          {
                            "Node Type": "Hash",
                            "Parent Relationship": "Inner",
                            "Parallel Aware": true,
                            "Startup Cost": 54588.39,
                            "Total Cost": 54588.39,
                            "Plan Rows": 462806,
                            "Plan Width": 4,
                            "Actual Startup Time": 255.588,
                            "Actual Total Time": 255.589,
                            "Actual Rows": 392463,
                            "Actual Loops": 2,
                            "Hash Buckets": 1048576,
                            "Original Hash Buckets": 1048576,
                            "Hash Batches": 1,
                            "Original Hash Batches": 1,
                            "Peak Memory Usage": 38944,
                            "Plans": [
                              {
                                "Node Type": "Seq Scan",
                                "Parent Relationship": "Outer",
                                "Parallel Aware": true,
                                "Relation Name": "title",
                                "Alias": "t",
                                "Startup Cost": 0.0,
                                "Total Cost": 54588.39,
                                "Plan Rows": 462806,
                                "Plan Width": 4,
                                "Actual Startup Time": 0.028,
                                "Actual Total Time": 153.642,
                                "Actual Rows": 392463,
                                "Actual Loops": 2,
                                "Filter": "(production_year > 2007)",
                                "Rows Removed by Filter": 871693
                              }
                            ]
                          }
                        ]
                      }
                    ]
                  }
                ]
              }
            ]
          }
        ]
      }
    ]
  },
  "Planning Time": 0.934,
  "Triggers": [],
  "Execution Time": 2075.582
}