[
  {
    "Plan": {
      "Node Type": "Aggregate",
      "Strategy": "Plain",
      "Partial Mode": "Finalize",
      "Parallel Aware": false,
      "Startup Cost": 44988.37,
      "Total Cost": 44988.38,
      "Plan Rows": 1,
      "Plan Width": 8,
      "Actual Startup Time": 120.861,
      "Actual Total Time": 126.819,
      "Actual Rows": 1,
      "Actual Loops": 1,
      "Plans": [
        {
          "Node Type": "Gather",
          "Parent Relationship": "Outer",
          "Parallel Aware": false,
          "Startup Cost": 44988.05,
          "Total Cost": 44988.36,
          "Plan Rows": 3,
          "Plan Width": 8,
          "Actual Startup Time": 120.781,
          "Actual Total Time": 126.813,
          "Actual Rows": 4,
          "Actual Loops": 1,
          "Workers Planned": 3,
          "Workers Launched": 3,
          "Single Copy": false,
          "Plans": [
            {
              "Node Type": "Aggregate",
              "Strategy": "Plain",
              "Partial Mode": "Partial",
              "Parent Relationship": "Outer",
              "Parallel Aware": false,
              "Startup Cost": 43988.05,
              "Total Cost": 43988.06,
              "Plan Rows": 1,
              "Plan Width": 8,
              "Actual Startup Time": 118.222,
              "Actual Total Time": 118.223,
              "Actual Rows": 1,
              "Actual Loops": 4,
              "Plans": [
                {
                  "Node Type": "Seq Scan",
                  "Parent Relationship": "Outer",
                  "Parallel Aware": true,
                  "Relation Name": "movie_keyword",
                  "Alias": "mk",
                  "Startup Cost": 0.0,
                  "Total Cost": 42695.65,
                  "Plan Rows": 516959,
                  "Plan Width": 0,
                  "Actual Startup Time": 0.014,
                  "Actual Total Time": 98.659,
                  "Actual Rows": 401547,
                  "Actual Loops": 4,
                  "Filter": "(keyword_id < 2488)",
                  "Rows Removed by Filter": 729435
                }
              ]
            }
          ]
        }
      ]
    },
    "Planning Time": 0.088,
    "Triggers": [],
    "Execution Time": 126.847
  }
]