{
  "Plan": {
    "Node Type": "Aggregate",
    "Strategy": "Plain",
    "Partial Mode": "Finalize",
    "Parallel Aware": false,
    "Startup Cost": 608938.05,
    "Total Cost": 608938.06,
    "Plan Rows": 1,
    "Plan Width": 8,
    "Actual Startup Time": 2531.593,
    "Actual Total Time": 2556.145,
    "Actual Rows": 1,
    "Actual Loops": 1,
    "Plans": [
      {
        "Node Type": "Gather",
        "Parent Relationship": "Outer",
        "Parallel Aware": false,
        "Startup Cost": 608937.93,
        "Total Cost": 608938.04,
        "Plan Rows": 1,
        "Plan Width": 8,
        "Actual Startup Time": 2519.549,
        "Actual Total Time": 2556.138,
        "Actual Rows": 2,
        "Actual Loops": 1,
        "Workers Planned": 1,
        "Workers Launched": 1,
        "Single Copy": false,
        "Plans": [
          {
            "Node Type": "Aggregate",
            "Strategy": "Plain",
            "Partial Mode": "Partial",
            "Parent Relationship": "Outer",
            "Parallel Aware": false,
            "Startup Cost": 607937.93,
            "Total Cost": 607937.94,
            "Plan Rows": 1,
            "Plan Width": 8,
            "Actual Startup Time": 2513.75,
            "Actual Total Time": 2513.753,
            "Actual Rows": 1,
            "Actual Loops": 2,
            "Plans": [
              {
                "Node Type": "Merge Join",
                "Parent Relationship": "Outer",
                "Parallel Aware": false,
                "Join Type": "Inner",
                "Startup Cost": 442883.63,
                "Total Cost": 604090.29,
                "Plan Rows": 1539056,
                "Plan Width": 0,
                "Actual Startup Time": 1698.452,
                "Actual Total Time": 2425.58,
                "Actual Rows": 2117589,
                "Actual Loops": 2,
                "Inner Unique": false,
                "Merge Cond": "(mc.movie_id = t.id)",
                "Plans": [
                  {
                    "Node Type": "Index Only Scan",
                    "Parent Relationship": "Outer",
                    "Parallel Aware": true,
                    "Scan Direction": "Forward",
                    "Index Name": "movie_id_movie_companies",
                    "Relation Name": "movie_companies",
                    "Alias": "mc",
                    "Startup Cost": 0.43,
                    "Total Cost": 129315.97,
                    "Plan Rows": 1534782,
                    "Plan Width": 4,
                    "Actual Startup Time": 0.103,
                    "Actual Total Time": 328.885,
                    "Actual Rows": 1304564,
                    "Actual Loops": 2,
                    "Heap Fetches": 2609129
                  },
                  {
                    "Node Type": "Sort",
                    "Parent Relationship": "Inner",
                    "Parallel Aware": false,
                    "Startup Cost": 442882.95,
                    "Total Cost": 449221.28,
                    "Plan Rows": 2535335,
                    "Plan Width": 8,
                    "Actual Startup Time": 1698.298,
                    "Actual Total Time": 1803.406,
                    "Actual Rows": 2962264,
                    "Actual Loops": 2,
                    "Sort Key": [
                      "mk.movie_id"
                    ],
                    "Sort Method": "quicksort",
                    "Sort Space Used": 114985,
                    "Sort Space Type": "Memory",
                    "Workers": [
                      {
                        "Worker Number": 0,
                        "Sort Method": "quicksort",
                        "Sort Space Used": 114985,
                        "Sort Space Type": "Memory"
                      }
                    ],
                    "Plans": [
                      {
                        "Node Type": "Hash Join",
                        "Parent Relationship": "Outer",
                        "Parallel Aware": false,
                        "Join Type": "Inner",
                        "Startup Cost": 91633.96,
                        "Total Cost": 173202.6,
                        "Plan Rows": 2535335,
                        "Plan Width": 8,
                        "Actual Startup Time": 626.181,
                        "Actual Total Time": 1421.661,
                        "Actual Rows": 1404437,
                        "Actual Loops": 2,
                        "Inner Unique": true,
                        "Hash Cond": "(mk.movie_id = t.id)",
                        "Plans": [
                          {
                            "Node Type": "Seq Scan",
                            "Parent Relationship": "Outer",
                            "Parallel Aware": false,
                            "Relation Name": "movie_keyword",
                            "Alias": "mk",
                            "Startup Cost": 0.0,
                            "Total Cost": 69693.3,
                            "Plan Rows": 4523930,
                            "Plan Width": 4,
                            "Actual Startup Time": 0.033,
                            "Actual Total Time": 284.999,
                            "Actual Rows": 4523930,
                            "Actual Loops": 2
                          },
                          {
                            "Node Type": "Hash",
                            "Parent Relationship": "Inner",
                            "Parallel Aware": false,
                            "Startup Cost": 73922.39,
                            "Total Cost": 73922.39,
                            "Plan Rows": 1416925,
                            "Plan Width": 4,
                            "Actual Startup Time": 608.704,
                            "Actual Total Time": 608.704,
                            "Actual Rows": 1398720,
                            "Actual Loops": 2,
                            "Hash Buckets": 2097152,
                            "Original Hash Buckets": 2097152,
                            "Hash Batches": 1,
                            "Original Hash Batches": 1,
                            "Peak Memory Usage": 65558,
                            "Plans": [
                              {
                                "Node Type": "Seq Scan",
                                "Parent Relationship": "Outer",
                                "Parallel Aware": false,
                                "Relation Name": "title",
                                "Alias": "t",
                                "Startup Cost": 0.0,
                                "Total Cost": 73922.39,
                                "Plan Rows": 1416925,
                                "Plan Width": 4,
                                "Actual Startup Time": 0.032,
                                "Actual Total Time": 300.185,
                                "Actual Rows": 1398720,
                                "Actual Loops": 2,
                                "Filter": "((kind_id > 1) AND (production_year < 2010))",
                                "Rows Removed by Filter": 1129592
                              }
                            ]
                          }
                        ]
                      }
                    ]
                  }
                ]
              }
            ]
          }
        ]
      }
    ]
  },
  "Planning Time": 0.618,
  "Triggers": [],
  "Execution Time": 2563.618
}