[
  {
    "Plan": {
      "Node Type": "Aggregate",
      "Strategy": "Plain",
      "Partial Mode": "Finalize",
      "Parallel Aware": false,
      "Startup Cost": 346435.25,
      "Total Cost": 346435.26,
      "Plan Rows": 1,
      "Plan Width": 8,
      "Actual Startup Time": 411.013,
      "Actual Total Time": 481.263,
      "Actual Rows": 1,
      "Actual Loops": 1,
      "Plans": [
        {
          "Node Type": "Gather",
          "Parent Relationship": "Outer",
          "Parallel Aware": false,
          "Startup Cost": 346434.83,
          "Total Cost": 346435.24,
          "Plan Rows": 4,
          "Plan Width": 8,
          "Actual Startup Time": 410.779,
          "Actual Total Time": 481.251,
          "Actual Rows": 5,
          "Actual Loops": 1,
          "Workers Planned": 4,
          "Workers Launched": 4,
          "Single Copy": false,
          "Plans": [
            {
              "Node Type": "Aggregate",
              "Strategy": "Plain",
              "Partial Mode": "Partial",
              "Parent Relationship": "Outer",
              "Parallel Aware": false,
              "Startup Cost": 345434.83,
              "Total Cost": 345434.84,
              "Plan Rows": 1,
              "Plan Width": 8,
              "Actual Startup Time": 404.931,
              "Actual Total Time": 404.933,
              "Actual Rows": 1,
              "Actual Loops": 5,
              "Plans": [
                {
                  "Node Type": "Nested Loop",
                  "Parent Relationship": "Outer",
                  "Parallel Aware": false,
                  "Join Type": "Inner",
                  "Startup Cost": 0.56,
                  "Total Cost": 345249.74,
                  "Plan Rows": 74035,
                  "Plan Width": 0,
                  "Actual Startup Time": 0.33,
                  "Actual Total Time": 400.773,
                  "Actual Rows": 42823,
                  "Actual Loops": 5,
                  "Inner Unique": false,
                  "Plans": [
                    {
                      "Node Type": "Seq Scan",
                      "Parent Relationship": "Outer",
                      "Parallel Aware": true,
                      "Relation Name": "title",
                      "Alias": "t",
                      "Startup Cost": 0.0,
                      "Total Cost": 45479.59,
                      "Plan Rows": 9340,
                      "Plan Width": 4,
                      "Actual Startup Time": 0.108,
                      "Actual Total Time": 78.004,
                      "Actual Rows": 5228,
                      "Actual Loops": 5,
                      "Filter": "((kind_id < 3) AND (production_year = 2008))",
                      "Rows Removed by Filter": 500435
                    },
                    {
                      "Node Type": "Index Scan",
                      "Parent Relationship": "Inner",
                      "Parallel Aware": false,
                      "Scan Direction": "Forward",
                      "Index Name": "movie_id_cast_info",
                      "Relation Name": "cast_info",
                      "Alias": "ci",
                      "Startup Cost": 0.56,
                      "Total Cost": 31.91,
                      "Plan Rows": 19,
                      "Plan Width": 4,
                      "Actual Startup Time": 0.021,
                      "Actual Total Time": 0.06,
                      "Actual Rows": 8,
                      "Actual Loops": 26139,
                      "Index Cond": "(movie_id = t.id)",
                      "Rows Removed by Index Recheck": 0,
                      "Filter": "((person_id > 994945) AND (role_id < 6))",
                      "Rows Removed by Filter": 8
                    }
                  ]
                }
              ]
            }
          ]
        }
      ]
    },
    "Planning Time": 0.502,
    "Triggers": [],
    "Execution Time": 481.329
  }
]