[
    {
        "Bao": {
            "Bao prediction": "NaN",
            "Bao recommended hint": "(no hint)"
        }
    },
    {
        "Plan": {
            "Node Type": "Aggregate",
            "Strategy": "Plain",
            "Partial Mode": "Finalize",
            "Parallel Aware": false,
            "Startup Cost": 25383.94,
            "Total Cost": 25383.95,
            "Plan Rows": 1,
            "Plan Width": 8,
            "Actual Startup Time": 57.937,
            "Actual Total Time": 62.641,
            "Actual Rows": 1,
            "Actual Loops": 1,
            "Output": [
                "count(*)"
            ],
            "Plans": [
                {
                    "Node Type": "Gather",
                    "Parent Relationship": "Outer",
                    "Parallel Aware": false,
                    "Startup Cost": 25383.62,
                    "Total Cost": 25383.93,
                    "Plan Rows": 3,
                    "Plan Width": 8,
                    "Actual Startup Time": 57.651,
                    "Actual Total Time": 62.634,
                    "Actual Rows": 4,
                    "Actual Loops": 1,
                    "Output": [
                        "(PARTIAL count(*))"
                    ],
                    "Workers Planned": 3,
                    "Workers Launched": 3,
                    "Single Copy": false,
                    "Plans": [
                        {
                            "Node Type": "Aggregate",
                            "Strategy": "Plain",
                            "Partial Mode": "Partial",
                            "Parent Relationship": "Outer",
                            "Parallel Aware": false,
                            "Startup Cost": 24383.62,
                            "Total Cost": 24383.63,
                            "Plan Rows": 1,
                            "Plan Width": 8,
                            "Actual Startup Time": 48.96,
                            "Actual Total Time": 48.961,
                            "Actual Rows": 1,
                            "Actual Loops": 4,
                            "Output": [
                                "PARTIAL count(*)"
                            ],
                            "Workers": [
                                {
                                    "Worker Number": 0,
                                    "Actual Startup Time": 46.055,
                                    "Actual Total Time": 46.056,
                                    "Actual Rows": 1,
                                    "Actual Loops": 1
                                },
                                {
                                    "Worker Number": 1,
                                    "Actual Startup Time": 46.274,
                                    "Actual Total Time": 46.276,
                                    "Actual Rows": 1,
                                    "Actual Loops": 1
                                },
                                {
                                    "Worker Number": 2,
                                    "Actual Startup Time": 46.286,
                                    "Actual Total Time": 46.287,
                                    "Actual Rows": 1,
                                    "Actual Loops": 1
                                }
                            ],
                            "Plans": [
                                {
                                    "Node Type": "Bitmap Heap Scan",
                                    "Parent Relationship": "Outer",
                                    "Parallel Aware": true,
                                    "Relation Name": "movie_companies",
                                    "Schema": "public",
                                    "Alias": "mc",
                                    "Startup Cost": 4500.46,
                                    "Total Cost": 24301.06,
                                    "Plan Rows": 33024,
                                    "Plan Width": 0,
                                    "Actual Startup Time": 7.129,
                                    "Actual Total Time": 45.799,
                                    "Actual Rows": 41119,
                                    "Actual Loops": 4,
                                    "Recheck Cond": "(mc.company_id < 69)",
                                    "Rows Removed by Index Recheck": 0,
                                    "Filter": "(mc.company_type_id = 1)",
                                    "Rows Removed by Filter": 11398,
                                    "Exact Heap Blocks": 10387,
                                    "Lossy Heap Blocks": 0,
                                    "Workers": [
                                        {
                                            "Worker Number": 0,
                                            "Actual Startup Time": 4.292,
                                            "Actual Total Time": 43.349,
                                            "Actual Rows": 16718,
                                            "Actual Loops": 1
                                        },
                                        {
                                            "Worker Number": 1,
                                            "Actual Startup Time": 4.419,
                                            "Actual Total Time": 43.569,
                                            "Actual Rows": 17012,
                                            "Actual Loops": 1
                                        },
                                        {
                                            "Worker Number": 2,
                                            "Actual Startup Time": 4.642,
                                            "Actual Total Time": 43.704,
                                            "Actual Rows": 17652,
                                            "Actual Loops": 1
                                        }
                                    ],
                                    "Plans": [
                                        {
                                            "Node Type": "Bitmap Index Scan",
                                            "Parent Relationship": "Outer",
                                            "Parallel Aware": false,
                                            "Index Name": "company_id_movie_companies",
                                            "Startup Cost": 0.0,
                                            "Total Cost": 4474.86,
                                            "Plan Rows": 208858,
                                            "Plan Width": 0,
                                            "Actual Startup Time": 12.719,
                                            "Actual Total Time": 12.72,
                                            "Actual Rows": 210066,
                                            "Actual Loops": 1,
                                            "Index Cond": "(mc.company_id < 69)"
                                        }
                                    ]
                                }
                            ]
                        }
                    ]
                }
            ]
        },
        "Planning Time": 216.514,
        "Triggers": [],
        "Execution Time": 62.741
    }
]