[
  {
    "Plan": {
      "Node Type": "Aggregate",
      "Strategy": "Plain",
      "Partial Mode": "Finalize",
      "Parallel Aware": false,
      "Startup Cost": 44814.13,
      "Total Cost": 44814.14,
      "Plan Rows": 1,
      "Plan Width": 8,
      "Actual Startup Time": 132.59,
      "Actual Total Time": 142.734,
      "Actual Rows": 1,
      "Actual Loops": 1,
      "Plans": [
        {
          "Node Type": "Gather",
          "Parent Relationship": "Outer",
          "Parallel Aware": false,
          "Startup Cost": 44813.82,
          "Total Cost": 44814.13,
          "Plan Rows": 3,
          "Plan Width": 8,
          "Actual Startup Time": 132.41,
          "Actual Total Time": 142.722,
          "Actual Rows": 4,
          "Actual Loops": 1,
          "Workers Planned": 3,
          "Workers Launched": 3,
          "Single Copy": false,
          "Plans": [
            {
              "Node Type": "Aggregate",
              "Strategy": "Plain",
              "Partial Mode": "Partial",
              "Parent Relationship": "Outer",
              "Parallel Aware": false,
              "Startup Cost": 43813.82,
              "Total Cost": 43813.83,
              "Plan Rows": 1,
              "Plan Width": 8,
              "Actual Startup Time": 127.041,
              "Actual Total Time": 127.043,
              "Actual Rows": 1,
              "Actual Loops": 4,
              "Plans": [
                {
                  "Node Type": "Seq Scan",
                  "Parent Relationship": "Outer",
                  "Parallel Aware": true,
                  "Relation Name": "movie_keyword",
                  "Alias": "mk",
                  "Startup Cost": 0.0,
                  "Total Cost": 42695.65,
                  "Plan Rows": 447265,
                  "Plan Width": 0,
                  "Actual Startup Time": 0.043,
                  "Actual Total Time": 109.95,
                  "Actual Rows": 345965,
                  "Actual Loops": 4,
                  "Filter": "(keyword_id < 1860)",
                  "Rows Removed by Filter": 785017
                }
              ]
            }
          ]
        }
      ]
    },
    "Planning Time": 0.061,
    "Triggers": [],
    "Execution Time": 142.759
  }
]