[
  {
    "Plan": {
      "Node Type": "Aggregate",
      "Strategy": "Plain",
      "Partial Mode": "Finalize",
      "Parallel Aware": false,
      "Startup Cost": 45662.0,
      "Total Cost": 45662.01,
      "Plan Rows": 1,
      "Plan Width": 8,
      "Actual Startup Time": 134.044,
      "Actual Total Time": 143.557,
      "Actual Rows": 1,
      "Actual Loops": 1,
      "Plans": [
        {
          "Node Type": "Gather",
          "Parent Relationship": "Outer",
          "Parallel Aware": false,
          "Startup Cost": 45661.68,
          "Total Cost": 45661.99,
          "Plan Rows": 3,
          "Plan Width": 8,
          "Actual Startup Time": 133.9,
          "Actual Total Time": 143.545,
          "Actual Rows": 4,
          "Actual Loops": 1,
          "Workers Planned": 3,
          "Workers Launched": 3,
          "Single Copy": false,
          "Plans": [
            {
              "Node Type": "Aggregate",
              "Strategy": "Plain",
              "Partial Mode": "Partial",
              "Parent Relationship": "Outer",
              "Parallel Aware": false,
              "Startup Cost": 44661.68,
              "Total Cost": 44661.69,
              "Plan Rows": 1,
              "Plan Width": 8,
              "Actual Startup Time": 130.204,
              "Actual Total Time": 130.206,
              "Actual Rows": 1,
              "Actual Loops": 4,
              "Plans": [
                {
                  "Node Type": "Seq Scan",
                  "Parent Relationship": "Outer",
                  "Parallel Aware": true,
                  "Relation Name": "movie_keyword",
                  "Alias": "mk",
                  "Startup Cost": 0.0,
                  "Total Cost": 42695.65,
                  "Plan Rows": 786411,
                  "Plan Width": 0,
                  "Actual Startup Time": 0.032,
                  "Actual Total Time": 104.907,
                  "Actual Rows": 613804,
                  "Actual Loops": 4,
                  "Filter": "(keyword_id < 5887)",
                  "Rows Removed by Filter": 517178
                }
              ]
            }
          ]
        }
      ]
    },
    "Planning Time": 0.092,
    "Triggers": [],
    "Execution Time": 143.588
  }
]