{
  "Plan": {
    "Node Type": "Aggregate",
    "Strategy": "Plain",
    "Partial Mode": "Finalize",
    "Parallel Aware": false,
    "Startup Cost": 115086.2,
    "Total Cost": 115086.21,
    "Plan Rows": 1,
    "Plan Width": 8,
    "Actual Startup Time": 565.87,
    "Actual Total Time": 577.298,
    "Actual Rows": 1,
    "Actual Loops": 1,
    "Plans": [
      {
        "Node Type": "Gather",
        "Parent Relationship": "Outer",
        "Parallel Aware": false,
        "Startup Cost": 115086.09,
        "Total Cost": 115086.2,
        "Plan Rows": 1,
        "Plan Width": 8,
        "Actual Startup Time": 564.728,
        "Actual Total Time": 577.285,
        "Actual Rows": 2,
        "Actual Loops": 1,
        "Workers Planned": 1,
        "Workers Launched": 1,
        "Single Copy": false,
        "Plans": [
          {
            "Node Type": "Aggregate",
            "Strategy": "Plain",
            "Partial Mode": "Partial",
            "Parent Relationship": "Outer",
            "Parallel Aware": false,
            "Startup Cost": 114086.09,
            "Total Cost": 114086.1,
            "Plan Rows": 1,
            "Plan Width": 8,
            "Actual Startup Time": 558.49,
            "Actual Total Time": 558.494,
            "Actual Rows": 1,
            "Actual Loops": 2,
            "Plans": [
              {
                "Node Type": "Hash Join",
                "Parent Relationship": "Outer",
                "Parallel Aware": true,
                "Join Type": "Inner",
                "Startup Cost": 55427.91,
                "Total Cost": 113478.75,
                "Plan Rows": 242933,
                "Plan Width": 0,
                "Actual Startup Time": 209.16,
                "Actual Total Time": 527.002,
                "Actual Rows": 809226,
                "Actual Loops": 2,
                "Inner Unique": true,
                "Hash Cond": "(mk.movie_id = t.id)",
                "Plans": [
                  {
                    "Node Type": "Seq Scan",
                    "Parent Relationship": "Outer",
                    "Parallel Aware": true,
                    "Relation Name": "movie_keyword",
                    "Alias": "mk",
                    "Startup Cost": 0.0,
                    "Total Cost": 51065.35,
                    "Plan Rows": 2661135,
                    "Plan Width": 4,
                    "Actual Startup Time": 0.014,
                    "Actual Total Time": 150.23,
                    "Actual Rows": 2261965,
                    "Actual Loops": 2
                  },
                  {
                    "Node Type": "Hash",
                    "Parent Relationship": "Inner",
                    "Parallel Aware": true,
                    "Startup Cost": 53730.81,
                    "Total Cost": 53730.81,
                    "Plan Rows": 135768,
                    "Plan Width": 4,
                    "Actual Startup Time": 144.195,
                    "Actual Total Time": 144.196,
                    "Actual Rows": 176538,
                    "Actual Loops": 2,
                    "Hash Buckets": 524288,
                    "Original Hash Buckets": 262144,
                    "Hash Batches": 1,
                    "Original Hash Batches": 1,
                    "Peak Memory Usage": 19968,
                    "Plans": [
                      {
                        "Node Type": "Bitmap Heap Scan",
                        "Parent Relationship": "Outer",
                        "Parallel Aware": true,
                        "Relation Name": "title",
                        "Alias": "t",
                        "Startup Cost": 11880.55,
                        "Total Cost": 53730.81,
                        "Plan Rows": 135768,
                        "Plan Width": 4,
                        "Actual Startup Time": 36.386,
                        "Actual Total Time": 102.899,
                        "Actual Rows": 176538,
                        "Actual Loops": 2,
                        "Recheck Cond": "(kind_id < 2)",
                        "Rows Removed by Index Recheck": 0,
                        "Filter": "(production_year < 1997)",
                        "Rows Removed by Filter": 154875,
                        "Exact Heap Blocks": 8338,
                        "Lossy Heap Blocks": 0,
                        "Plans": [
                          {
                            "Node Type": "Bitmap Index Scan",
                            "Parent Relationship": "Outer",
                            "Parallel Aware": false,
                            "Index Name": "kind_id_title",
                            "Startup Cost": 0.0,
                            "Total Cost": 11822.85,
                            "Plan Rows": 663256,
                            "Plan Width": 0,
                            "Actual Startup Time": 36.987,
                            "Actual Total Time": 36.987,
                            "Actual Rows": 662825,
                            "Actual Loops": 1,
                            "Index Cond": "(kind_id < 2)"
                          }
                        ]
                      }
                    ]
                  }
                ]
              }
            ]
          }
        ]
      }
    ]
  },
  "Planning Time": 0.781,
  "Triggers": [],
  "Execution Time": 577.385
}