[
  {
    "Plan": {
      "Node Type": "Aggregate",
      "Strategy": "Plain",
      "Partial Mode": "Finalize",
      "Parallel Aware": false,
      "Startup Cost": 44906.54,
      "Total Cost": 44906.55,
      "Plan Rows": 1,
      "Plan Width": 8,
      "Actual Startup Time": 89.975,
      "Actual Total Time": 101.576,
      "Actual Rows": 1,
      "Actual Loops": 1,
      "Plans": [
        {
          "Node Type": "Gather",
          "Parent Relationship": "Outer",
          "Parallel Aware": false,
          "Startup Cost": 44906.12,
          "Total Cost": 44906.53,
          "Plan Rows": 4,
          "Plan Width": 8,
          "Actual Startup Time": 89.647,
          "Actual Total Time": 101.557,
          "Actual Rows": 5,
          "Actual Loops": 1,
          "Workers Planned": 4,
          "Workers Launched": 4,
          "Single Copy": false,
          "Plans": [
            {
              "Node Type": "Aggregate",
              "Strategy": "Plain",
              "Partial Mode": "Partial",
              "Parent Relationship": "Outer",
              "Parallel Aware": false,
              "Startup Cost": 43906.12,
              "Total Cost": 43906.13,
              "Plan Rows": 1,
              "Plan Width": 8,
              "Actual Startup Time": 82.839,
              "Actual Total Time": 82.841,
              "Actual Rows": 1,
              "Actual Loops": 5,
              "Plans": [
                {
                  "Node Type": "Seq Scan",
                  "Parent Relationship": "Outer",
                  "Parallel Aware": true,
                  "Relation Name": "title",
                  "Alias": "t",
                  "Startup Cost": 0.0,
                  "Total Cost": 43899.32,
                  "Plan Rows": 2718,
                  "Plan Width": 0,
                  "Actual Startup Time": 0.064,
                  "Actual Total Time": 82.55,
                  "Actual Rows": 2224,
                  "Actual Loops": 5,
                  "Filter": "(production_year = 1960)",
                  "Rows Removed by Filter": 503438
                }
              ]
            }
          ]
        }
      ]
    },
    "Planning Time": 0.142,
    "Triggers": [],
    "Execution Time": 101.627
  }
]