[
  {
    "Plan": {
      "Node Type": "Aggregate",
      "Strategy": "Plain",
      "Partial Mode": "Finalize",
      "Parallel Aware": false,
      "Startup Cost": 39698.24,
      "Total Cost": 39698.25,
      "Plan Rows": 1,
      "Plan Width": 8,
      "Actual Startup Time": 64.846,
      "Actual Total Time": 70.403,
      "Actual Rows": 1,
      "Actual Loops": 1,
      "Plans": [
        {
          "Node Type": "Gather",
          "Parent Relationship": "Outer",
          "Parallel Aware": false,
          "Startup Cost": 39697.82,
          "Total Cost": 39698.23,
          "Plan Rows": 4,
          "Plan Width": 8,
          "Actual Startup Time": 64.555,
          "Actual Total Time": 70.395,
          "Actual Rows": 5,
          "Actual Loops": 1,
          "Workers Planned": 4,
          "Workers Launched": 4,
          "Single Copy": false,
          "Plans": [
            {
              "Node Type": "Aggregate",
              "Strategy": "Plain",
              "Partial Mode": "Partial",
              "Parent Relationship": "Outer",
              "Parallel Aware": false,
              "Startup Cost": 38697.82,
              "Total Cost": 38697.83,
              "Plan Rows": 1,
              "Plan Width": 8,
              "Actual Startup Time": 55.809,
              "Actual Total Time": 55.81,
              "Actual Rows": 1,
              "Actual Loops": 5,
              "Plans": [
                {
                  "Node Type": "Bitmap Heap Scan",
                  "Parent Relationship": "Outer",
                  "Parallel Aware": true,
                  "Relation Name": "title",
                  "Alias": "t",
                  "Startup Cost": 2198.26,
                  "Total Cost": 38654.51,
                  "Plan Rows": 17322,
                  "Plan Width": 0,
                  "Actual Startup Time": 16.125,
                  "Actual Total Time": 54.517,
                  "Actual Rows": 12442,
                  "Actual Loops": 5,
                  "Recheck Cond": "(kind_id = 4)",
                  "Rows Removed by Index Recheck": 0,
                  "Filter": "(production_year < 2006)",
                  "Rows Removed by Filter": 11205,
                  "Exact Heap Blocks": 7010,
                  "Lossy Heap Blocks": 0,
                  "Plans": [
                    {
                      "Node Type": "Bitmap Index Scan",
                      "Parent Relationship": "Outer",
                      "Parallel Aware": false,
                      "Index Name": "kind_id_title",
                      "Startup Cost": 0.0,
                      "Total Cost": 2180.94,
                      "Plan Rows": 122201,
                      "Plan Width": 0,
                      "Actual Startup Time": 19.582,
                      "Actual Total Time": 19.582,
                      "Actual Rows": 118234,
                      "Actual Loops": 1,
                      "Index Cond": "(kind_id = 4)"
                    }
                  ]
                }
              ]
            }
          ]
        }
      ]
    },
    "Planning Time": 0.175,
    "Triggers": [],
    "Execution Time": 70.471
  }
]