{
    "Plan": {
        "Node Type": "Aggregate",
        "Strategy": "Plain",
        "Partial Mode": "Finalize",
        "Parallel Aware": false,
        "Startup Cost": 483553.19,
        "Total Cost": 483553.2,
        "Plan Rows": 1,
        "Plan Width": 8,
        "Actual Startup Time": 3037.695,
        "Actual Total Time": 3110.536,
        "Actual Rows": 1,
        "Actual Loops": 1,
        "Output": [
            "count(*)"
        ],
        "Plans": [
            {
                "Node Type": "Gather",
                "Parent Relationship": "Outer",
                "Parallel Aware": false,
                "Startup Cost": 483552.67,
                "Total Cost": 483553.18,
                "Plan Rows": 5,
                "Plan Width": 8,
                "Actual Startup Time": 2946.663,
                "Actual Total Time": 3110.52,
                "Actual Rows": 6,
                "Actual Loops": 1,
                "Output": [
                    "(PARTIAL count(*))"
                ],
                "Workers Planned": 5,
                "Workers Launched": 5,
                "Single Copy": false,
                "Plans": [
                    {
                        "Node Type": "Aggregate",
                        "Strategy": "Plain",
                        "Partial Mode": "Partial",
                        "Parent Relationship": "Outer",
                        "Parallel Aware": false,
                        "Startup Cost": 482552.67,
                        "Total Cost": 482552.68,
                        "Plan Rows": 1,
                        "Plan Width": 8,
                        "Actual Startup Time": 2934.589,
                        "Actual Total Time": 2936.229,
                        "Actual Rows": 1,
                        "Actual Loops": 6,
                        "Output": [
                            "PARTIAL count(*)"
                        ],
                        "Workers": [
                            {
                                "Worker Number": 0,
                                "Actual Startup Time": 2931.311,
                                "Actual Total Time": 2931.317,
                                "Actual Rows": 1,
                                "Actual Loops": 1
                            },
                            {
                                "Worker Number": 1,
                                "Actual Startup Time": 2931.493,
                                "Actual Total Time": 2931.499,
                                "Actual Rows": 1,
                                "Actual Loops": 1
                            },
                            {
                                "Worker Number": 2,
                                "Actual Startup Time": 2931.228,
                                "Actual Total Time": 2931.234,
                                "Actual Rows": 1,
                                "Actual Loops": 1
                            },
                            {
                                "Worker Number": 3,
                                "Actual Startup Time": 2936.335,
                                "Actual Total Time": 2936.342,
                                "Actual Rows": 1,
                                "Actual Loops": 1
                            },
                            {
                                "Worker Number": 4,
                                "Actual Startup Time": 2931.371,
                                "Actual Total Time": 2931.378,
                                "Actual Rows": 1,
                                "Actual Loops": 1
                            }
                        ],
                        "Plans": [
                            {
                                "Node Type": "Hash Join",
                                "Parent Relationship": "Outer",
                                "Parallel Aware": true,
                                "Join Type": "Inner",
                                "Startup Cost": 280762.53,
                                "Total Cost": 481809.82,
                                "Plan Rows": 297139,
                                "Plan Width": 0,
                                "Actual Startup Time": 1731.115,
                                "Actual Total Time": 2694.129,
                                "Actual Rows": 4610675,
                                "Actual Loops": 6,
                                "Inner Unique": false,
                                "Hash Cond": "(mi.movie_id = t.id)",
                                "Workers": [
                                    {
                                        "Worker Number": 0,
                                        "Actual Startup Time": 1728.642,
                                        "Actual Total Time": 2688.054,
                                        "Actual Rows": 3809219,
                                        "Actual Loops": 1
                                    },
                                    {
                                        "Worker Number": 1,
                                        "Actual Startup Time": 1728.828,
                                        "Actual Total Time": 2681.285,
                                        "Actual Rows": 3953810,
                                        "Actual Loops": 1
                                    },
                                    {
                                        "Worker Number": 2,
                                        "Actual Startup Time": 1728.581,
                                        "Actual Total Time": 2686.543,
                                        "Actual Rows": 3871107,
                                        "Actual Loops": 1
                                    },
                                    {
                                        "Worker Number": 3,
                                        "Actual Startup Time": 1728.785,
                                        "Actual Total Time": 2686.325,
                                        "Actual Rows": 3950350,
                                        "Actual Loops": 1
                                    },
                                    {
                                        "Worker Number": 4,
                                        "Actual Startup Time": 1728.711,
                                        "Actual Total Time": 2703.128,
                                        "Actual Rows": 5835920,
                                        "Actual Loops": 1
                                    }
                                ],
                                "Plans": [
                                    {
                                        "Node Type": "Seq Scan",
                                        "Parent Relationship": "Outer",
                                        "Parallel Aware": true,
                                        "Relation Name": "movie_info",
                                        "Schema": "public",
                                        "Alias": "mi",
                                        "Startup Cost": 0.0,
                                        "Total Cost": 198880.74,
                                        "Plan Rows": 445687,
                                        "Plan Width": 4,
                                        "Actual Startup Time": 18.555,
                                        "Actual Total Time": 346.484,
                                        "Actual Rows": 372308,
                                        "Actual Loops": 6,
                                        "Output": [
                                            "mi.id",
                                            "mi.movie_id",
                                            "mi.info_type_id",
                                            "mi.info",
                                            "mi.note"
                                        ],
                                        "Filter": "(mi.info_type_id > 16)",
                                        "Rows Removed by Filter": 2100312,
                                        "Workers": [
                                            {
                                                "Worker Number": 0,
                                                "Actual Startup Time": 18.559,
                                                "Actual Total Time": 350.353,
                                                "Actual Rows": 308389,
                                                "Actual Loops": 1
                                            },
                                            {
                                                "Worker Number": 1,
                                                "Actual Startup Time": 18.561,
                                                "Actual Total Time": 352.34,
                                                "Actual Rows": 319755,
                                                "Actual Loops": 1
                                            },
                                            {
                                                "Worker Number": 2,
                                                "Actual Startup Time": 18.548,
                                                "Actual Total Time": 354.856,
                                                "Actual Rows": 312043,
                                                "Actual Loops": 1
                                            },
                                            {
                                                "Worker Number": 3,
                                                "Actual Startup Time": 18.567,
                                                "Actual Total Time": 352.007,
                                                "Actual Rows": 320149,
                                                "Actual Loops": 1
                                            },
                                            {
                                                "Worker Number": 4,
                                                "Actual Startup Time": 18.541,
                                                "Actual Total Time": 349.748,
                                                "Actual Rows": 463162,
                                                "Actual Loops": 1
                                            }
                                        ]
                                    },
                                    {
                                        "Node Type": "Hash",
                                        "Parent Relationship": "Inner",
                                        "Parallel Aware": true,
                                        "Startup Cost": 277250.81,
                                        "Total Cost": 277250.81,
                                        "Plan Rows": 280938,
                                        "Plan Width": 8,
                                        "Actual Startup Time": 1708.223,
                                        "Actual Total Time": 1709.86,
                                        "Actual Rows": 823658,
                                        "Actual Loops": 6,
                                        "Output": [
                                            "t.id",
                                            "ci.movie_id"
                                        ],
                                        "Hash Buckets": 8388608,
                                        "Original Hash Buckets": 2097152,
                                        "Hash Batches": 1,
                                        "Original Hash Batches": 1,
                                        "Peak Memory Usage": 308128,
                                        "Workers": [
                                            {
                                                "Worker Number": 0,
                                                "Actual Startup Time": 1709.624,
                                                "Actual Total Time": 1709.629,
                                                "Actual Rows": 735540,
                                                "Actual Loops": 1
                                            },
                                            {
                                                "Worker Number": 1,
                                                "Actual Startup Time": 1709.835,
                                                "Actual Total Time": 1709.839,
                                                "Actual Rows": 739164,
                                                "Actual Loops": 1
                                            },
                                            {
                                                "Worker Number": 2,
                                                "Actual Startup Time": 1709.635,
                                                "Actual Total Time": 1709.639,
                                                "Actual Rows": 703668,
                                                "Actual Loops": 1
                                            },
                                            {
                                                "Worker Number": 3,
                                                "Actual Startup Time": 1709.846,
                                                "Actual Total Time": 1709.851,
                                                "Actual Rows": 735805,
                                                "Actual Loops": 1
                                            },
                                            {
                                                "Worker Number": 4,
                                                "Actual Startup Time": 1709.763,
                                                "Actual Total Time": 1709.768,
                                                "Actual Rows": 941662,
                                                "Actual Loops": 1
                                            }
                                        ],
                                        "Plans": [
                                            {
                                                "Node Type": "Hash Join",
                                                "Parent Relationship": "Outer",
                                                "Parallel Aware": true,
                                                "Join Type": "Inner",
                                                "Startup Cost": 50220.37,
                                                "Total Cost": 277250.81,
                                                "Plan Rows": 280938,
                                                "Plan Width": 8,
                                                "Actual Startup Time": 303.425,
                                                "Actual Total Time": 1162.907,
                                                "Actual Rows": 823658,
                                                "Actual Loops": 6,
                                                "Output": [
                                                    "t.id",
                                                    "ci.movie_id"
                                                ],
                                                "Inner Unique": true,
                                                "Hash Cond": "(ci.movie_id = t.id)",
                                                "Workers": [
                                                    {
                                                        "Worker Number": 0,
                                                        "Actual Startup Time": 303.614,
                                                        "Actual Total Time": 1170.233,
                                                        "Actual Rows": 735540,
                                                        "Actual Loops": 1
                                                    },
                                                    {
                                                        "Worker Number": 1,
                                                        "Actual Startup Time": 303.682,
                                                        "Actual Total Time": 1166.969,
                                                        "Actual Rows": 739164,
                                                        "Actual Loops": 1
                                                    },
                                                    {
                                                        "Worker Number": 2,
                                                        "Actual Startup Time": 303.329,
                                                        "Actual Total Time": 1163.374,
                                                        "Actual Rows": 703668,
                                                        "Actual Loops": 1
                                                    },
                                                    {
                                                        "Worker Number": 3,
                                                        "Actual Startup Time": 303.296,
                                                        "Actual Total Time": 1168.316,
                                                        "Actual Rows": 735805,
                                                        "Actual Loops": 1
                                                    },
                                                    {
                                                        "Worker Number": 4,
                                                        "Actual Startup Time": 302.893,
                                                        "Actual Total Time": 1156.7,
                                                        "Actual Rows": 941662,
                                                        "Actual Loops": 1
                                                    }
                                                ],
                                                "Plans": [
                                                    {
                                                        "Node Type": "Index Scan",
                                                        "Parent Relationship": "Outer",
                                                        "Parallel Aware": true,
                                                        "Scan Direction": "Forward",
                                                        "Index Name": "role_id_cast_info",
                                                        "Relation Name": "cast_info",
                                                        "Schema": "public",
                                                        "Alias": "ci",
                                                        "Startup Cost": 0.56,
                                                        "Total Cost": 226293.54,
                                                        "Plan Rows": 280938,
                                                        "Plan Width": 4,
                                                        "Actual Startup Time": 0.505,
                                                        "Actual Total Time": 382.485,
                                                        "Actual Rows": 823658,
                                                        "Actual Loops": 6,
                                                        "Output": [
                                                            "ci.id",
                                                            "ci.person_id",
                                                            "ci.movie_id",
                                                            "ci.person_role_id",
                                                            "ci.note",
                                                            "ci.nr_order",
                                                            "ci.role_id"
                                                        ],
                                                        "Index Cond": "(ci.role_id > 5)",
                                                        "Rows Removed by Index Recheck": 0,
                                                        "Filter": "(ci.person_id > 2946091)",
                                                        "Rows Removed by Filter": 590728,
                                                        "Workers": [
                                                            {
                                                                "Worker Number": 0,
                                                                "Actual Startup Time": 0.704,
                                                                "Actual Total Time": 406.355,
                                                                "Actual Rows": 735540,
                                                                "Actual Loops": 1
                                                            },
                                                            {
                                                                "Worker Number": 1,
                                                                "Actual Startup Time": 0.769,
                                                                "Actual Total Time": 404.847,
                                                                "Actual Rows": 739164,
                                                                "Actual Loops": 1
                                                            },
                                                            {
                                                                "Worker Number": 2,
                                                                "Actual Startup Time": 0.504,
                                                                "Actual Total Time": 397.963,
                                                                "Actual Rows": 703668,
                                                                "Actual Loops": 1
                                                            },
                                                            {
                                                                "Worker Number": 3,
                                                                "Actual Startup Time": 0.36,
                                                                "Actual Total Time": 407.238,
                                                                "Actual Rows": 735805,
                                                                "Actual Loops": 1
                                                            },
                                                            {
                                                                "Worker Number": 4,
                                                                "Actual Startup Time": 0.096,
                                                                "Actual Total Time": 361.462,
                                                                "Actual Rows": 941662,
                                                                "Actual Loops": 1
                                                            }
                                                        ]
                                                    },
                                                    {
                                                        "Node Type": "Hash",
                                                        "Parent Relationship": "Inner",
                                                        "Parallel Aware": true,
                                                        "Startup Cost": 42318.81,
                                                        "Total Cost": 42318.81,
                                                        "Plan Rows": 632080,
                                                        "Plan Width": 4,
                                                        "Actual Startup Time": 298.649,
                                                        "Actual Total Time": 298.65,
                                                        "Actual Rows": 421385,
                                                        "Actual Loops": 6,
                                                        "Output": [
                                                            "t.id"
                                                        ],
                                                        "Hash Buckets": 4194304,
                                                        "Original Hash Buckets": 4194304,
                                                        "Hash Batches": 1,
                                                        "Original Hash Batches": 1,
                                                        "Peak Memory Usage": 131776,
                                                        "Workers": [
                                                            {
                                                                "Worker Number": 0,
                                                                "Actual Startup Time": 302.84,
                                                                "Actual Total Time": 302.841,
                                                                "Actual Rows": 374470,
                                                                "Actual Loops": 1
                                                            },
                                                            {
                                                                "Worker Number": 1,
                                                                "Actual Startup Time": 302.829,
                                                                "Actual Total Time": 302.831,
                                                                "Actual Rows": 351911,
                                                                "Actual Loops": 1
                                                            },
                                                            {
                                                                "Worker Number": 2,
                                                                "Actual Startup Time": 302.704,
                                                                "Actual Total Time": 302.706,
                                                                "Actual Rows": 352084,
                                                                "Actual Loops": 1
                                                            },
                                                            {
                                                                "Worker Number": 3,
                                                                "Actual Startup Time": 302.807,
                                                                "Actual Total Time": 302.809,
                                                                "Actual Rows": 373031,
                                                                "Actual Loops": 1
                                                            },
                                                            {
                                                                "Worker Number": 4,
                                                                "Actual Startup Time": 302.597,
                                                                "Actual Total Time": 302.598,
                                                                "Actual Rows": 456906,
                                                                "Actual Loops": 1
                                                            }
                                                        ],
                                                        "Plans": [
                                                            {
                                                                "Node Type": "Seq Scan",
                                                                "Parent Relationship": "Outer",
                                                                "Parallel Aware": true,
                                                                "Relation Name": "title",
                                                                "Schema": "public",
                                                                "Alias": "t",
                                                                "Startup Cost": 0.0,
                                                                "Total Cost": 42318.81,
                                                                "Plan Rows": 632080,
                                                                "Plan Width": 4,
                                                                "Actual Startup Time": 0.074,
                                                                "Actual Total Time": 90.003,
                                                                "Actual Rows": 421385,
                                                                "Actual Loops": 6,
                                                                "Output": [
                                                                    "t.id"
                                                                ],
                                                                "Workers": [
                                                                    {
                                                                        "Worker Number": 0,
                                                                        "Actual Startup Time": 0.078,
                                                                        "Actual Total Time": 95.339,
                                                                        "Actual Rows": 374470,
                                                                        "Actual Loops": 1
                                                                    },
                                                                    {
                                                                        "Worker Number": 1,
                                                                        "Actual Startup Time": 0.117,
                                                                        "Actual Total Time": 96.301,
                                                                        "Actual Rows": 351911,
                                                                        "Actual Loops": 1
                                                                    },
                                                                    {
                                                                        "Worker Number": 2,
                                                                        "Actual Startup Time": 0.089,
                                                                        "Actual Total Time": 92.85,
                                                                        "Actual Rows": 352084,
                                                                        "Actual Loops": 1
                                                                    },
                                                                    {
                                                                        "Worker Number": 3,
                                                                        "Actual Startup Time": 0.067,
                                                                        "Actual Total Time": 95.182,
                                                                        "Actual Rows": 373031,
                                                                        "Actual Loops": 1
                                                                    },
                                                                    {
                                                                        "Worker Number": 4,
                                                                        "Actual Startup Time": 0.078,
                                                                        "Actual Total Time": 88.228,
                                                                        "Actual Rows": 456906,
                                                                        "Actual Loops": 1
                                                                    }
                                                                ]
                                                            }
                                                        ]
                                                    }
                                                ]
                                            }
                                        ]
                                    }
                                ]
                            }
                        ]
                    }
                ]
            }
        ]
    },
    "Planning Time": 1.376,
    "Triggers": [],
    "Execution Time": 3110.629
}