{
  "Plan": {
    "Node Type": "Aggregate",
    "Strategy": "Plain",
    "Partial Mode": "Finalize",
    "Parallel Aware": false,
    "Startup Cost": 101586.94,
    "Total Cost": 101586.95,
    "Plan Rows": 1,
    "Plan Width": 8,
    "Actual Startup Time": 415.145,
    "Actual Total Time": 427.519,
    "Actual Rows": 1,
    "Actual Loops": 1,
    "Plans": [
      {
        "Node Type": "Gather",
        "Parent Relationship": "Outer",
        "Parallel Aware": false,
        "Startup Cost": 101586.82,
        "Total Cost": 101586.93,
        "Plan Rows": 1,
        "Plan Width": 8,
        "Actual Startup Time": 414.704,
        "Actual Total Time": 427.511,
        "Actual Rows": 2,
        "Actual Loops": 1,
        "Workers Planned": 1,
        "Workers Launched": 1,
        "Single Copy": false,
        "Plans": [
          {
            "Node Type": "Aggregate",
            "Strategy": "Plain",
            "Partial Mode": "Partial",
            "Parent Relationship": "Outer",
            "Parallel Aware": false,
            "Startup Cost": 100586.82,
            "Total Cost": 100586.83,
            "Plan Rows": 1,
            "Plan Width": 8,
            "Actual Startup Time": 408.741,
            "Actual Total Time": 408.746,
            "Actual Rows": 1,
            "Actual Loops": 2,
            "Plans": [
              {
                "Node Type": "Hash Join",
                "Parent Relationship": "Outer",
                "Parallel Aware": true,
                "Join Type": "Inner",
                "Startup Cost": 81407.16,
                "Total Cost": 100562.18,
                "Plan Rows": 9856,
                "Plan Width": 0,
                "Actual Startup Time": 302.982,
                "Actual Total Time": 407.475,
                "Actual Rows": 29304,
                "Actual Loops": 2,
                "Inner Unique": false,
                "Hash Cond": "(mi_idx.movie_id = t.id)",
                "Plans": [
                  {
                    "Node Type": "Seq Scan",
                    "Parent Relationship": "Outer",
                    "Parallel Aware": true,
                    "Relation Name": "movie_info_idx",
                    "Alias": "mi_idx",
                    "Startup Cost": 0.0,
                    "Total Cost": 16052.85,
                    "Plan Rows": 811785,
                    "Plan Width": 4,
                    "Actual Startup Time": 0.017,
                    "Actual Total Time": 45.869,
                    "Actual Rows": 690018,
                    "Actual Loops": 2
                  },
                  {
                    "Node Type": "Hash",
                    "Parent Relationship": "Inner",
                    "Parallel Aware": true,
                    "Startup Cost": 81181.44,
                    "Total Cost": 81181.44,
                    "Plan Rows": 18057,
                    "Plan Width": 8,
                    "Actual Startup Time": 301.87,
                    "Actual Total Time": 301.874,
                    "Actual Rows": 27748,
                    "Actual Loops": 2,
                    "Hash Buckets": 65536,
                    "Original Hash Buckets": 32768,
                    "Hash Batches": 1,
                    "Original Hash Batches": 1,
                    "Peak Memory Usage": 2976,
                    "Plans": [
                      {
                        "Node Type": "Hash Join",
                        "Parent Relationship": "Outer",
                        "Parallel Aware": true,
                        "Join Type": "Inner",
                        "Startup Cost": 20909.72,
                        "Total Cost": 81181.44,
                        "Plan Rows": 18057,
                        "Plan Width": 8,
                        "Actual Startup Time": 38.445,
                        "Actual Total Time": 294.345,
                        "Actual Rows": 27748,
                        "Actual Loops": 2,
                        "Inner Unique": false,
                        "Hash Cond": "(t.id = mc.movie_id)",
                        "Plans": [
                          {
                            "Node Type": "Seq Scan",
                            "Parent Relationship": "Outer",
                            "Parallel Aware": true,
                            "Relation Name": "title",
                            "Alias": "t",
                            "Startup Cost": 0.0,
                            "Total Cost": 50870.31,
                            "Plan Rows": 1487231,
                            "Plan Width": 4,
                            "Actual Startup Time": 0.009,
                            "Actual Total Time": 111.475,
                            "Actual Rows": 1264156,
                            "Actual Loops": 2
                          },
                          {
                            "Node Type": "Hash",
                            "Parent Relationship": "Inner",
                            "Parallel Aware": true,
                            "Startup Cost": 20684.01,
                            "Total Cost": 20684.01,
                            "Plan Rows": 18057,
                            "Plan Width": 4,
                            "Actual Startup Time": 38.14,
                            "Actual Total Time": 38.141,
                            "Actual Rows": 27748,
                            "Actual Loops": 2,
                            "Hash Buckets": 65536,
                            "Original Hash Buckets": 32768,
                            "Hash Batches": 1,
                            "Original Hash Batches": 1,
                            "Peak Memory Usage": 2976,
                            "Plans": [
                              {
                                "Node Type": "Bitmap Heap Scan",
                                "Parent Relationship": "Outer",
                                "Parallel Aware": true,
                                "Relation Name": "movie_companies",
                                "Alias": "mc",
                                "Startup Cost": 1343.79,
                                "Total Cost": 20684.01,
                                "Plan Rows": 18057,
                                "Plan Width": 4,
                                "Actual Startup Time": 7.494,
                                "Actual Total Time": 26.9,
                                "Actual Rows": 27748,
                                "Actual Loops": 2,
                                "Recheck Cond": "(company_id = 6)",
                                "Rows Removed by Index Recheck": 0,
                                "Filter": "(company_type_id < 2)",
                                "Rows Removed by Filter": 3289,
                                "Exact Heap Blocks": 4093,
                                "Lossy Heap Blocks": 0,
                                "Plans": [
                                  {
                                    "Node Type": "Bitmap Index Scan",
                                    "Parent Relationship": "Outer",
                                    "Parallel Aware": false,
                                    "Index Name": "company_id_movie_companies",
                                    "Startup Cost": 0.0,
                                    "Total Cost": 1336.12,
                                    "Plan Rows": 62358,
                                    "Plan Width": 0,
                                    "Actual Startup Time": 9.844,
                                    "Actual Total Time": 9.844,
                                    "Actual Rows": 62075,
                                    "Actual Loops": 1,
                                    "Index Cond": "(company_id = 6)"
                                  }
                                ]
                              }
                            ]
                          }
                        ]
                      }
                    ]
                  }
                ]
              }
            ]
          }
        ]
      }
    ]
  },
  "Planning Time": 1.056,
  "Triggers": [],
  "Execution Time": 427.621
}