[
  {
    "Plan": {
      "Node Type": "Aggregate",
      "Strategy": "Plain",
      "Partial Mode": "Finalize",
      "Parallel Aware": false,
      "Startup Cost": 46157.27,
      "Total Cost": 46157.28,
      "Plan Rows": 1,
      "Plan Width": 8,
      "Actual Startup Time": 162.015,
      "Actual Total Time": 171.171,
      "Actual Rows": 1,
      "Actual Loops": 1,
      "Plans": [
        {
          "Node Type": "Gather",
          "Parent Relationship": "Outer",
          "Parallel Aware": false,
          "Startup Cost": 46156.96,
          "Total Cost": 46157.27,
          "Plan Rows": 3,
          "Plan Width": 8,
          "Actual Startup Time": 161.776,
          "Actual Total Time": 171.161,
          "Actual Rows": 4,
          "Actual Loops": 1,
          "Workers Planned": 3,
          "Workers Launched": 3,
          "Single Copy": false,
          "Plans": [
            {
              "Node Type": "Aggregate",
              "Strategy": "Plain",
              "Partial Mode": "Partial",
              "Parent Relationship": "Outer",
              "Parallel Aware": false,
              "Startup Cost": 45156.96,
              "Total Cost": 45156.97,
              "Plan Rows": 1,
              "Plan Width": 8,
              "Actual Startup Time": 154.696,
              "Actual Total Time": 154.697,
              "Actual Rows": 1,
              "Actual Loops": 4,
              "Plans": [
                {
                  "Node Type": "Seq Scan",
                  "Parent Relationship": "Outer",
                  "Parallel Aware": true,
                  "Relation Name": "movie_keyword",
                  "Alias": "mk",
                  "Startup Cost": 0.0,
                  "Total Cost": 42695.65,
                  "Plan Rows": 984521,
                  "Plan Width": 0,
                  "Actual Startup Time": 0.075,
                  "Actual Total Time": 120.658,
                  "Actual Rows": 761098,
                  "Actual Loops": 4,
                  "Filter": "(keyword_id < 11080)",
                  "Rows Removed by Filter": 369884
                }
              ]
            }
          ]
        }
      ]
    },
    "Planning Time": 0.157,
    "Triggers": [],
    "Execution Time": 171.219
  }
]