[
  {
    "Plan": {
      "Node Type": "Aggregate",
      "Strategy": "Plain",
      "Partial Mode": "Finalize",
      "Parallel Aware": false,
      "Startup Cost": 339916.45,
      "Total Cost": 339916.46,
      "Plan Rows": 1,
      "Plan Width": 8,
      "Actual Startup Time": 815.373,
      "Actual Total Time": 874.193,
      "Actual Rows": 1,
      "Actual Loops": 1,
      "Plans": [
        {
          "Node Type": "Gather",
          "Parent Relationship": "Outer",
          "Parallel Aware": false,
          "Startup Cost": 339915.82,
          "Total Cost": 339916.43,
          "Plan Rows": 6,
          "Plan Width": 8,
          "Actual Startup Time": 815.249,
          "Actual Total Time": 874.181,
          "Actual Rows": 7,
          "Actual Loops": 1,
          "Workers Planned": 6,
          "Workers Launched": 6,
          "Single Copy": false,
          "Plans": [
            {
              "Node Type": "Aggregate",
              "Strategy": "Plain",
              "Partial Mode": "Partial",
              "Parent Relationship": "Outer",
              "Parallel Aware": false,
              "Startup Cost": 338915.82,
              "Total Cost": 338915.83,
              "Plan Rows": 1,
              "Plan Width": 8,
              "Actual Startup Time": 806.177,
              "Actual Total Time": 806.178,
              "Actual Rows": 1,
              "Actual Loops": 7,
              "Plans": [
                {
                  "Node Type": "Seq Scan",
                  "Parent Relationship": "Outer",
                  "Parallel Aware": true,
                  "Relation Name": "cast_info",
                  "Alias": "ci",
                  "Startup Cost": 0.0,
                  "Total Cost": 328162.03,
                  "Plan Rows": 4301519,
                  "Plan Width": 0,
                  "Actual Startup Time": 0.057,
                  "Actual Total Time": 639.416,
                  "Actual Rows": 3706542,
                  "Actual Loops": 7,
                  "Filter": "(person_id < 2681713)",
                  "Rows Removed by Filter": 1471222
                }
              ]
            }
          ]
        }
      ]
    },
    "Planning Time": 0.202,
    "Triggers": [],
    "Execution Time": 874.27
  }
]