[
  {
    "Plan": {
      "Node Type": "Aggregate",
      "Strategy": "Plain",
      "Partial Mode": "Finalize",
      "Parallel Aware": false,
      "Startup Cost": 460214.5,
      "Total Cost": 460214.51,
      "Plan Rows": 1,
      "Plan Width": 8,
      "Actual Startup Time": 2624.626,
      "Actual Total Time": 2684.763,
      "Actual Rows": 1,
      "Actual Loops": 1,
      "Plans": [
        {
          "Node Type": "Gather",
          "Parent Relationship": "Outer",
          "Parallel Aware": false,
          "Startup Cost": 460213.87,
          "Total Cost": 460214.48,
          "Plan Rows": 6,
          "Plan Width": 8,
          "Actual Startup Time": 2598.284,
          "Actual Total Time": 2684.752,
          "Actual Rows": 7,
          "Actual Loops": 1,
          "Workers Planned": 6,
          "Workers Launched": 6,
          "Single Copy": false,
          "Plans": [
            {
              "Node Type": "Aggregate",
              "Strategy": "Plain",
              "Partial Mode": "Partial",
              "Parent Relationship": "Outer",
              "Parallel Aware": false,
              "Startup Cost": 459213.87,
              "Total Cost": 459213.88,
              "Plan Rows": 1,
              "Plan Width": 8,
              "Actual Startup Time": 2583.838,
              "Actual Total Time": 2583.846,
              "Actual Rows": 1,
              "Actual Loops": 7,
              "Plans": [
                {
                  "Node Type": "Hash Join",
                  "Parent Relationship": "Outer",
                  "Parallel Aware": true,
                  "Join Type": "Inner",
                  "Startup Cost": 102801.64,
                  "Total Cost": 456067.45,
                  "Plan Rows": 1258569,
                  "Plan Width": 0,
                  "Actual Startup Time": 1024.713,
                  "Actual Total Time": 2344.124,
                  "Actual Rows": 4675131,
                  "Actual Loops": 7,
                  "Inner Unique": false,
                  "Hash Cond": "(ci.movie_id = t.id)",
                  "Plans": [
                    {
                      "Node Type": "Seq Scan",
                      "Parent Relationship": "Outer",
                      "Parallel Aware": true,
                      "Relation Name": "cast_info",
                      "Alias": "ci",
                      "Startup Cost": 0.0,
                      "Total Cost": 343316.27,
                      "Plan Rows": 1570569,
                      "Plan Width": 4,
                      "Actual Startup Time": 389.127,
                      "Actual Total Time": 770.103,
                      "Actual Rows": 1700861,
                      "Actual Loops": 7,
                      "Filter": "((person_id > 1488176) AND (role_id > 2))",
                      "Rows Removed by Filter": 3476903
                    },
                    {
                      "Node Type": "Hash",
                      "Parent Relationship": "Inner",
                      "Parallel Aware": true,
                      "Startup Cost": 94631.72,
                      "Total Cost": 94631.72,
                      "Plan Rows": 653594,
                      "Plan Width": 8,
                      "Actual Startup Time": 631.516,
                      "Actual Total Time": 631.522,
                      "Actual Rows": 289648,
                      "Actual Loops": 7,
                      "Hash Buckets": 2097152,
                      "Original Hash Buckets": 2097152,
                      "Hash Batches": 1,
                      "Original Hash Batches": 1,
                      "Peak Memory Usage": 95840,
                      "Plans": [
                        {
                          "Node Type": "Hash Join",
                          "Parent Relationship": "Outer",
                          "Parallel Aware": true,
                          "Join Type": "Inner",
                          "Startup Cost": 50220.38,
                          "Total Cost": 94631.72,
                          "Plan Rows": 653594,
                          "Plan Width": 8,
                          "Actual Startup Time": 334.059,
                          "Actual Total Time": 512.135,
                          "Actual Rows": 289648,
                          "Actual Loops": 7,
                          "Inner Unique": true,
                          "Hash Cond": "(mk.movie_id = t.id)",
                          "Plans": [
                            {
                              "Node Type": "Seq Scan",
                              "Parent Relationship": "Outer",
                              "Parallel Aware": true,
                              "Relation Name": "movie_keyword",
                              "Alias": "mk",
                              "Startup Cost": 0.0,
                              "Total Cost": 42695.65,
                              "Plan Rows": 653594,
                              "Plan Width": 4,
                              "Actual Startup Time": 0.049,
                              "Actual Total Time": 88.498,
                              "Actual Rows": 289648,
                              "Actual Loops": 7,
                              "Filter": "(keyword_id < 3636)",
                              "Rows Removed by Filter": 356628
                            },
                            {
                              "Node Type": "Hash",
                              "Parent Relationship": "Inner",
                              "Parallel Aware": true,
                              "Startup Cost": 42319.06,
                              "Total Cost": 42319.06,
                              "Plan Rows": 632106,
                              "Plan Width": 4,
                              "Actual Startup Time": 328.296,
                              "Actual Total Time": 328.297,
                              "Actual Rows": 361187,
                              "Actual Loops": 7,
                              "Hash Buckets": 4194304,
                              "Original Hash Buckets": 4194304,
                              "Hash Batches": 1,
                              "Original Hash Batches": 1,
                              "Peak Memory Usage": 131808,
                              "Plans": [
                                {
                                  "Node Type": "Seq Scan",
                                  "Parent Relationship": "Outer",
                                  "Parallel Aware": true,
                                  "Relation Name": "title",
                                  "Alias": "t",
                                  "Startup Cost": 0.0,
                                  "Total Cost": 42319.06,
                                  "Plan Rows": 632106,
                                  "Plan Width": 4,
                                  "Actual Startup Time": 0.072,
                                  "Actual Total Time": 92.41,
                                  "Actual Rows": 361187,
                                  "Actual Loops": 7
                                }
                              ]
                            }
                          ]
                        }
                      ]
                    }
                  ]
                }
              ]
            }
          ]
        }
      ]
    },
    "Planning Time": 0.599,
    "Triggers": [],
    "Execution Time": 2684.826
  }
]