[
  {
    "Plan": {
      "Node Type": "Aggregate",
      "Strategy": "Plain",
      "Partial Mode": "Finalize",
      "Parallel Aware": false,
      "Startup Cost": 58890.59,
      "Total Cost": 58890.6,
      "Plan Rows": 1,
      "Plan Width": 8,
      "Actual Startup Time": 104.115,
      "Actual Total Time": 117.241,
      "Actual Rows": 1,
      "Actual Loops": 1,
      "Plans": [
        {
          "Node Type": "Gather",
          "Parent Relationship": "Outer",
          "Parallel Aware": false,
          "Startup Cost": 58890.17,
          "Total Cost": 58890.58,
          "Plan Rows": 4,
          "Plan Width": 8,
          "Actual Startup Time": 103.942,
          "Actual Total Time": 117.233,
          "Actual Rows": 5,
          "Actual Loops": 1,
          "Workers Planned": 4,
          "Workers Launched": 4,
          "Single Copy": false,
          "Plans": [
            {
              "Node Type": "Aggregate",
              "Strategy": "Plain",
              "Partial Mode": "Partial",
              "Parent Relationship": "Outer",
              "Parallel Aware": false,
              "Startup Cost": 57890.17,
              "Total Cost": 57890.18,
              "Plan Rows": 1,
              "Plan Width": 8,
              "Actual Startup Time": 94.08,
              "Actual Total Time": 94.083,
              "Actual Rows": 1,
              "Actual Loops": 5,
              "Plans": [
                {
                  "Node Type": "Nested Loop",
                  "Parent Relationship": "Outer",
                  "Parallel Aware": false,
                  "Join Type": "Inner",
                  "Startup Cost": 0.43,
                  "Total Cost": 57884.49,
                  "Plan Rows": 2270,
                  "Plan Width": 0,
                  "Actual Startup Time": 3.881,
                  "Actual Total Time": 93.886,
                  "Actual Rows": 3686,
                  "Actual Loops": 5,
                  "Inner Unique": false,
                  "Plans": [
                    {
                      "Node Type": "Seq Scan",
                      "Parent Relationship": "Outer",
                      "Parallel Aware": true,
                      "Relation Name": "title",
                      "Alias": "t",
                      "Startup Cost": 0.0,
                      "Total Cost": 43899.32,
                      "Plan Rows": 1601,
                      "Plan Width": 4,
                      "Actual Startup Time": 0.366,
                      "Actual Total Time": 81.456,
                      "Actual Rows": 1269,
                      "Actual Loops": 5,
                      "Filter": "(production_year = 1952)",
                      "Rows Removed by Filter": 504393
                    },
                    {
                      "Node Type": "Index Scan",
                      "Parent Relationship": "Inner",
                      "Parallel Aware": false,
                      "Scan Direction": "Forward",
                      "Index Name": "movie_id_movie_keyword",
                      "Relation Name": "movie_keyword",
                      "Alias": "mk",
                      "Startup Cost": 0.43,
                      "Total Cost": 8.38,
                      "Plan Rows": 36,
                      "Plan Width": 4,
                      "Actual Startup Time": 0.009,
                      "Actual Total Time": 0.009,
                      "Actual Rows": 3,
                      "Actual Loops": 6346,
                      "Index Cond": "(movie_id = t.id)",
                      "Rows Removed by Index Recheck": 0,
                      "Filter": "(keyword_id > 884)",
                      "Rows Removed by Filter": 1
                    }
                  ]
                }
              ]
            }
          ]
        }
      ]
    },
    "Planning Time": 0.549,
    "Triggers": [],
    "Execution Time": 117.273
  }
]