{
  "Plan": {
    "Node Type": "Aggregate",
    "Strategy": "Plain",
    "Partial Mode": "Finalize",
    "Parallel Aware": false,
    "Startup Cost": 559887.44,
    "Total Cost": 559887.45,
    "Plan Rows": 1,
    "Plan Width": 8,
    "Actual Startup Time": 14251.057,
    "Actual Total Time": 14304.174,
    "Actual Rows": 1,
    "Actual Loops": 1,
    "Plans": [
      {
        "Node Type": "Gather",
        "Parent Relationship": "Outer",
        "Parallel Aware": false,
        "Startup Cost": 559887.33,
        "Total Cost": 559887.44,
        "Plan Rows": 1,
        "Plan Width": 8,
        "Actual Startup Time": 14241.113,
        "Actual Total Time": 14304.164,
        "Actual Rows": 2,
        "Actual Loops": 1,
        "Workers Planned": 1,
        "Workers Launched": 1,
        "Single Copy": false,
        "Plans": [
          {
            "Node Type": "Aggregate",
            "Strategy": "Plain",
            "Partial Mode": "Partial",
            "Parent Relationship": "Outer",
            "Parallel Aware": false,
            "Startup Cost": 558887.33,
            "Total Cost": 558887.34,
            "Plan Rows": 1,
            "Plan Width": 8,
            "Actual Startup Time": 14229.817,
            "Actual Total Time": 14231.401,
            "Actual Rows": 1,
            "Actual Loops": 2,
            "Plans": [
              {
                "Node Type": "Hash Join",
                "Parent Relationship": "Outer",
                "Parallel Aware": true,
                "Join Type": "Inner",
                "Startup Cost": 161481.72,
                "Total Cost": 527580.94,
                "Plan Rows": 12522558,
                "Plan Width": 0,
                "Actual Startup Time": 1587.421,
                "Actual Total Time": 10293.407,
                "Actual Rows": 97975988,
                "Actual Loops": 2,
                "Inner Unique": false,
                "Hash Cond": "(mi.movie_id = t.id)",
                "Plans": [
                  {
                    "Node Type": "Seq Scan",
                    "Parent Relationship": "Outer",
                    "Parallel Aware": true,
                    "Relation Name": "movie_info",
                    "Alias": "mi",
                    "Startup Cost": 0.0,
                    "Total Cost": 248955.74,
                    "Plan Rows": 8696274,
                    "Plan Width": 4,
                    "Actual Startup Time": 0.016,
                    "Actual Total Time": 665.125,
                    "Actual Rows": 7417860,
                    "Actual Loops": 2
                  },
                  {
                    "Node Type": "Hash",
                    "Parent Relationship": "Inner",
                    "Parallel Aware": true,
                    "Startup Cost": 134711.72,
                    "Total Cost": 134711.72,
                    "Plan Rows": 2141600,
                    "Plan Width": 8,
                    "Actual Startup Time": 1564.206,
                    "Actual Total Time": 1565.788,
                    "Actual Rows": 1727647,
                    "Actual Loops": 2,
                    "Hash Buckets": 4194304,
                    "Original Hash Buckets": 4194304,
                    "Hash Batches": 1,
                    "Original Hash Batches": 1,
                    "Peak Memory Usage": 168000,
                    "Plans": [
                      {
                        "Node Type": "Hash Join",
                        "Parent Relationship": "Outer",
                        "Parallel Aware": true,
                        "Join Type": "Inner",
                        "Startup Cost": 70372.2,
                        "Total Cost": 134711.72,
                        "Plan Rows": 2141600,
                        "Plan Width": 8,
                        "Actual Startup Time": 567.021,
                        "Actual Total Time": 1211.483,
                        "Actual Rows": 1727647,
                        "Actual Loops": 2,
                        "Inner Unique": true,
                        "Hash Cond": "(mk.movie_id = t.id)",
                        "Plans": [
                          {
                            "Node Type": "Seq Scan",
                            "Parent Relationship": "Outer",
                            "Parallel Aware": true,
                            "Relation Name": "movie_keyword",
                            "Alias": "mk",
                            "Startup Cost": 0.0,
                            "Total Cost": 57718.19,
                            "Plan Rows": 2522406,
                            "Plan Width": 4,
                            "Actual Startup Time": 0.024,
                            "Actual Total Time": 271.509,
                            "Actual Rows": 2140762,
                            "Actual Loops": 2,
                            "Filter": "(keyword_id > 196)",
                            "Rows Removed by Filter": 121203
                          },
                          {
                            "Node Type": "Hash",
                            "Parent Relationship": "Inner",
                            "Parallel Aware": true,
                            "Startup Cost": 54588.39,
                            "Total Cost": 54588.39,
                            "Plan Rows": 1262705,
                            "Plan Width": 4,
                            "Actual Startup Time": 551.019,
                            "Actual Total Time": 551.02,
                            "Actual Rows": 1066486,
                            "Actual Loops": 2,
                            "Hash Buckets": 4194304,
                            "Original Hash Buckets": 4194304,
                            "Hash Batches": 1,
                            "Original Hash Batches": 1,
                            "Peak Memory Usage": 116256,
                            "Plans": [
                              {
                                "Node Type": "Seq Scan",
                                "Parent Relationship": "Outer",
                                "Parallel Aware": true,
                                "Relation Name": "title",
                                "Alias": "t",
                                "Startup Cost": 0.0,
                                "Total Cost": 54588.39,
                                "Plan Rows": 1262705,
                                "Plan Width": 4,
                                "Actual Startup Time": 0.043,
                                "Actual Total Time": 208.943,
                                "Actual Rows": 1066486,
                                "Actual Loops": 2,
                                "Filter": "(production_year > 1966)",
                                "Rows Removed by Filter": 197670
                              }
                            ]
                          }
                        ]
                      }
                    ]
                  }
                ]
              }
            ]
          }
        ]
      }
    ]
  },
  "Planning Time": 0.853,
  "Triggers": [],
  "Execution Time": 14304.267
}