[
  {
    "Plan": {
      "Node Type": "Aggregate",
      "Strategy": "Plain",
      "Partial Mode": "Finalize",
      "Parallel Aware": false,
      "Startup Cost": 379850.91,
      "Total Cost": 379850.92,
      "Plan Rows": 1,
      "Plan Width": 8,
      "Actual Startup Time": 880.102,
      "Actual Total Time": 908.297,
      "Actual Rows": 1,
      "Actual Loops": 1,
      "Plans": [
        {
          "Node Type": "Gather",
          "Parent Relationship": "Outer",
          "Parallel Aware": false,
          "Startup Cost": 379850.29,
          "Total Cost": 379850.9,
          "Plan Rows": 6,
          "Plan Width": 8,
          "Actual Startup Time": 856.471,
          "Actual Total Time": 908.283,
          "Actual Rows": 7,
          "Actual Loops": 1,
          "Workers Planned": 6,
          "Workers Launched": 6,
          "Single Copy": false,
          "Plans": [
            {
              "Node Type": "Aggregate",
              "Strategy": "Plain",
              "Partial Mode": "Partial",
              "Parent Relationship": "Outer",
              "Parallel Aware": false,
              "Startup Cost": 378850.29,
              "Total Cost": 378850.3,
              "Plan Rows": 1,
              "Plan Width": 8,
              "Actual Startup Time": 832.267,
              "Actual Total Time": 832.274,
              "Actual Rows": 1,
              "Actual Loops": 7,
              "Plans": [
                {
                  "Node Type": "Hash Join",
                  "Parent Relationship": "Outer",
                  "Parallel Aware": true,
                  "Join Type": "Inner",
                  "Startup Cost": 117245.29,
                  "Total Cost": 377585.32,
                  "Plan Rows": 505986,
                  "Plan Width": 0,
                  "Actual Startup Time": 425.896,
                  "Actual Total Time": 804.68,
                  "Actual Rows": 448158,
                  "Actual Loops": 7,
                  "Inner Unique": true,
                  "Hash Cond": "(ci.movie_id = t.id)",
                  "Plans": [
                    {
                      "Node Type": "Bitmap Heap Scan",
                      "Parent Relationship": "Outer",
                      "Parallel Aware": true,
                      "Relation Name": "cast_info",
                      "Alias": "ci",
                      "Startup Cost": 67024.91,
                      "Total Cost": 326036.73,
                      "Plan Rows": 505986,
                      "Plan Width": 4,
                      "Actual Startup Time": 136.196,
                      "Actual Total Time": 240.497,
                      "Actual Rows": 448158,
                      "Actual Loops": 7,
                      "Recheck Cond": "(person_id < 303816)",
                      "Rows Removed by Index Recheck": 0,
                      "Exact Heap Blocks": 4978,
                      "Lossy Heap Blocks": 0,
                      "Plans": [
                        {
                          "Node Type": "Bitmap Index Scan",
                          "Parent Relationship": "Outer",
                          "Parallel Aware": false,
                          "Index Name": "person_id_cast_info",
                          "Startup Cost": 0.0,
                          "Total Cost": 66265.93,
                          "Plan Rows": 3035915,
                          "Plan Width": 0,
                          "Actual Startup Time": 130.403,
                          "Actual Total Time": 130.406,
                          "Actual Rows": 3137107,
                          "Actual Loops": 1,
                          "Index Cond": "(person_id < 303816)"
                        }
                      ]
                    },
                    {
                      "Node Type": "Hash",
                      "Parent Relationship": "Inner",
                      "Parallel Aware": true,
                      "Startup Cost": 42319.06,
                      "Total Cost": 42319.06,
                      "Plan Rows": 632106,
                      "Plan Width": 4,
                      "Actual Startup Time": 282.25,
                      "Actual Total Time": 282.252,
                      "Actual Rows": 361187,
                      "Actual Loops": 7,
                      "Hash Buckets": 4194304,
                      "Original Hash Buckets": 4194304,
                      "Hash Batches": 1,
                      "Original Hash Batches": 1,
                      "Peak Memory Usage": 131808,
                      "Plans": [
                        {
                          "Node Type": "Seq Scan",
                          "Parent Relationship": "Outer",
                          "Parallel Aware": true,
                          "Relation Name": "title",
                          "Alias": "t",
                          "Startup Cost": 0.0,
                          "Total Cost": 42319.06,
                          "Plan Rows": 632106,
                          "Plan Width": 4,
                          "Actual Startup Time": 0.056,
                          "Actual Total Time": 82.181,
                          "Actual Rows": 361187,
                          "Actual Loops": 7
                        }
                      ]
                    }
                  ]
                }
              ]
            }
          ]
        }
      ]
    },
    "Planning Time": 0.569,
    "Triggers": [],
    "Execution Time": 908.393
  }
]