[
  {
    "Plan": {
      "Node Type": "Aggregate",
      "Strategy": "Plain",
      "Partial Mode": "Finalize",
      "Parallel Aware": false,
      "Startup Cost": 380701.49,
      "Total Cost": 380701.5,
      "Plan Rows": 1,
      "Plan Width": 8,
      "Actual Startup Time": 726.622,
      "Actual Total Time": 751.911,
      "Actual Rows": 1,
      "Actual Loops": 1,
      "Plans": [
        {
          "Node Type": "Gather",
          "Parent Relationship": "Outer",
          "Parallel Aware": false,
          "Startup Cost": 380700.87,
          "Total Cost": 380701.48,
          "Plan Rows": 6,
          "Plan Width": 8,
          "Actual Startup Time": 700.397,
          "Actual Total Time": 751.9,
          "Actual Rows": 7,
          "Actual Loops": 1,
          "Workers Planned": 6,
          "Workers Launched": 6,
          "Single Copy": false,
          "Plans": [
            {
              "Node Type": "Aggregate",
              "Strategy": "Plain",
              "Partial Mode": "Partial",
              "Parent Relationship": "Outer",
              "Parallel Aware": false,
              "Startup Cost": 379700.87,
              "Total Cost": 379700.88,
              "Plan Rows": 1,
              "Plan Width": 8,
              "Actual Startup Time": 678.927,
              "Actual Total Time": 678.931,
              "Actual Rows": 1,
              "Actual Loops": 7,
              "Plans": [
                {
                  "Node Type": "Hash Join",
                  "Parent Relationship": "Outer",
                  "Parallel Aware": true,
                  "Join Type": "Inner",
                  "Startup Cost": 117999.31,
                  "Total Cost": 378422.21,
                  "Plan Rows": 511464,
                  "Plan Width": 0,
                  "Actual Startup Time": 367.55,
                  "Actual Total Time": 659.461,
                  "Actual Rows": 448158,
                  "Actual Loops": 7,
                  "Inner Unique": true,
                  "Hash Cond": "(ci.movie_id = t.id)",
                  "Plans": [
                    {
                      "Node Type": "Bitmap Heap Scan",
                      "Parent Relationship": "Outer",
                      "Parallel Aware": true,
                      "Relation Name": "cast_info",
                      "Alias": "ci",
                      "Startup Cost": 67779.66,
                      "Total Cost": 326859.97,
                      "Plan Rows": 511464,
                      "Plan Width": 4,
                      "Actual Startup Time": 128.102,
                      "Actual Total Time": 200.595,
                      "Actual Rows": 448158,
                      "Actual Loops": 7,
                      "Recheck Cond": "(person_id < 303816)",
                      "Rows Removed by Index Recheck": 0,
                      "Exact Heap Blocks": 5511,
                      "Lossy Heap Blocks": 0,
                      "Plans": [
                        {
                          "Node Type": "Bitmap Index Scan",
                          "Parent Relationship": "Outer",
                          "Parallel Aware": false,
                          "Index Name": "person_id_cast_info",
                          "Startup Cost": 0.0,
                          "Total Cost": 67012.47,
                          "Plan Rows": 3068787,
                          "Plan Width": 0,
                          "Actual Startup Time": 122.327,
                          "Actual Total Time": 122.328,
                          "Actual Rows": 3137107,
                          "Actual Loops": 1,
                          "Index Cond": "(person_id < 303816)"
                        }
                      ]
                    },
                    {
                      "Node Type": "Hash",
                      "Parent Relationship": "Inner",
                      "Parallel Aware": true,
                      "Startup Cost": 42318.73,
                      "Total Cost": 42318.73,
                      "Plan Rows": 632073,
                      "Plan Width": 4,
                      "Actual Startup Time": 232.649,
                      "Actual Total Time": 232.65,
                      "Actual Rows": 361187,
                      "Actual Loops": 7,
                      "Hash Buckets": 4194304,
                      "Original Hash Buckets": 4194304,
                      "Hash Batches": 1,
                      "Original Hash Batches": 1,
                      "Peak Memory Usage": 131776,
                      "Plans": [
                        {
                          "Node Type": "Seq Scan",
                          "Parent Relationship": "Outer",
                          "Parallel Aware": true,
                          "Relation Name": "title",
                          "Alias": "t",
                          "Startup Cost": 0.0,
                          "Total Cost": 42318.73,
                          "Plan Rows": 632073,
                          "Plan Width": 4,
                          "Actual Startup Time": 0.039,
                          "Actual Total Time": 68.154,
                          "Actual Rows": 361187,
                          "Actual Loops": 7
                        }
                      ]
                    }
                  ]
                }
              ]
            }
          ]
        }
      ]
    },
    "Planning Time": 0.629,
    "Triggers": [],
    "Execution Time": 752.006
  }
]