[
  {
    "Plan": {
      "Node Type": "Aggregate",
      "Strategy": "Plain",
      "Partial Mode": "Finalize",
      "Parallel Aware": false,
      "Startup Cost": 111835.62,
      "Total Cost": 111835.63,
      "Plan Rows": 1,
      "Plan Width": 8,
      "Actual Startup Time": 150.296,
      "Actual Total Time": 161.031,
      "Actual Rows": 1,
      "Actual Loops": 1,
      "Plans": [
        {
          "Node Type": "Gather",
          "Parent Relationship": "Outer",
          "Parallel Aware": false,
          "Startup Cost": 111835.1,
          "Total Cost": 111835.61,
          "Plan Rows": 5,
          "Plan Width": 8,
          "Actual Startup Time": 150.209,
          "Actual Total Time": 161.005,
          "Actual Rows": 6,
          "Actual Loops": 1,
          "Workers Planned": 5,
          "Workers Launched": 5,
          "Single Copy": false,
          "Plans": [
            {
              "Node Type": "Aggregate",
              "Strategy": "Plain",
              "Partial Mode": "Partial",
              "Parent Relationship": "Outer",
              "Parallel Aware": false,
              "Startup Cost": 110835.1,
              "Total Cost": 110835.11,
              "Plan Rows": 1,
              "Plan Width": 8,
              "Actual Startup Time": 139.747,
              "Actual Total Time": 139.748,
              "Actual Rows": 1,
              "Actual Loops": 6,
              "Plans": [
                {
                  "Node Type": "Index Scan",
                  "Parent Relationship": "Outer",
                  "Parallel Aware": true,
                  "Scan Direction": "Forward",
                  "Index Name": "role_id_cast_info",
                  "Relation Name": "cast_info",
                  "Alias": "ci",
                  "Startup Cost": 0.56,
                  "Total Cost": 110428.26,
                  "Plan Rows": 162739,
                  "Plan Width": 0,
                  "Actual Startup Time": 97.469,
                  "Actual Total Time": 134.668,
                  "Actual Rows": 122800,
                  "Actual Loops": 6,
                  "Index Cond": "(role_id = 3)",
                  "Rows Removed by Index Recheck": 0,
                  "Filter": "(person_id > 2950886)",
                  "Rows Removed by Filter": 545206
                }
              ]
            }
          ]
        }
      ]
    },
    "Planning Time": 0.206,
    "Triggers": [],
    "Execution Time": 161.101
  }
]