[
  {
    "Plan": {
      "Node Type": "Aggregate",
      "Strategy": "Plain",
      "Partial Mode": "Finalize",
      "Parallel Aware": false,
      "Startup Cost": 32732.62,
      "Total Cost": 32732.63,
      "Plan Rows": 1,
      "Plan Width": 8,
      "Actual Startup Time": 89.987,
      "Actual Total Time": 97.673,
      "Actual Rows": 1,
      "Actual Loops": 1,
      "Plans": [
        {
          "Node Type": "Gather",
          "Parent Relationship": "Outer",
          "Parallel Aware": false,
          "Startup Cost": 32732.3,
          "Total Cost": 32732.61,
          "Plan Rows": 3,
          "Plan Width": 8,
          "Actual Startup Time": 89.889,
          "Actual Total Time": 97.664,
          "Actual Rows": 4,
          "Actual Loops": 1,
          "Workers Planned": 3,
          "Workers Launched": 3,
          "Single Copy": false,
          "Plans": [
            {
              "Node Type": "Aggregate",
              "Strategy": "Plain",
              "Partial Mode": "Partial",
              "Parent Relationship": "Outer",
              "Parallel Aware": false,
              "Startup Cost": 31732.3,
              "Total Cost": 31732.31,
              "Plan Rows": 1,
              "Plan Width": 8,
              "Actual Startup Time": 83.013,
              "Actual Total Time": 83.014,
              "Actual Rows": 1,
              "Actual Loops": 4,
              "Plans": [
                {
                  "Node Type": "Seq Scan",
                  "Parent Relationship": "Outer",
                  "Parallel Aware": true,
                  "Relation Name": "movie_companies",
                  "Alias": "mc",
                  "Startup Cost": 0.0,
                  "Total Cost": 31414.82,
                  "Plan Rows": 126993,
                  "Plan Width": 0,
                  "Actual Startup Time": 0.05,
                  "Actual Total Time": 74.204,
                  "Actual Rows": 142883,
                  "Actual Loops": 4,
                  "Filter": "((company_id < 1803) AND (company_type_id < 2))",
                  "Rows Removed by Filter": 509400
                }
              ]
            }
          ]
        }
      ]
    },
    "Planning Time": 0.1,
    "Triggers": [],
    "Execution Time": 97.703
  }
]