[
  {
    "Plan": {
      "Node Type": "Aggregate",
      "Strategy": "Plain",
      "Partial Mode": "Finalize",
      "Parallel Aware": false,
      "Startup Cost": 32737.27,
      "Total Cost": 32737.28,
      "Plan Rows": 1,
      "Plan Width": 8,
      "Actual Startup Time": 89.613,
      "Actual Total Time": 97.596,
      "Actual Rows": 1,
      "Actual Loops": 1,
      "Plans": [
        {
          "Node Type": "Gather",
          "Parent Relationship": "Outer",
          "Parallel Aware": false,
          "Startup Cost": 32736.95,
          "Total Cost": 32737.26,
          "Plan Rows": 3,
          "Plan Width": 8,
          "Actual Startup Time": 89.515,
          "Actual Total Time": 97.587,
          "Actual Rows": 4,
          "Actual Loops": 1,
          "Workers Planned": 3,
          "Workers Launched": 3,
          "Single Copy": false,
          "Plans": [
            {
              "Node Type": "Aggregate",
              "Strategy": "Plain",
              "Partial Mode": "Partial",
              "Parent Relationship": "Outer",
              "Parallel Aware": false,
              "Startup Cost": 31736.95,
              "Total Cost": 31736.96,
              "Plan Rows": 1,
              "Plan Width": 8,
              "Actual Startup Time": 83.225,
              "Actual Total Time": 83.226,
              "Actual Rows": 1,
              "Actual Loops": 4,
              "Plans": [
                {
                  "Node Type": "Seq Scan",
                  "Parent Relationship": "Outer",
                  "Parallel Aware": true,
                  "Relation Name": "movie_companies",
                  "Alias": "mc",
                  "Startup Cost": 0.0,
                  "Total Cost": 31414.82,
                  "Plan Rows": 128854,
                  "Plan Width": 0,
                  "Actual Startup Time": 0.042,
                  "Actual Total Time": 73.688,
                  "Actual Rows": 142883,
                  "Actual Loops": 4,
                  "Filter": "((company_id < 1803) AND (company_type_id < 2))",
                  "Rows Removed by Filter": 509400
                }
              ]
            }
          ]
        }
      ]
    },
    "Planning Time": 0.183,
    "Triggers": [],
    "Execution Time": 97.646
  }
]