[
  {
    "Plan": {
      "Node Type": "Aggregate",
      "Strategy": "Plain",
      "Partial Mode": "Finalize",
      "Parallel Aware": false,
      "Startup Cost": 402094.85,
      "Total Cost": 402094.86,
      "Plan Rows": 1,
      "Plan Width": 8,
      "Actual Startup Time": 1833.698,
      "Actual Total Time": 1868.84,
      "Actual Rows": 1,
      "Actual Loops": 1,
      "Plans": [
        {
          "Node Type": "Gather",
          "Parent Relationship": "Outer",
          "Parallel Aware": false,
          "Startup Cost": 402094.63,
          "Total Cost": 402094.84,
          "Plan Rows": 2,
          "Plan Width": 8,
          "Actual Startup Time": 1819.743,
          "Actual Total Time": 1868.826,
          "Actual Rows": 3,
          "Actual Loops": 1,
          "Workers Planned": 2,
          "Workers Launched": 2,
          "Single Copy": false,
          "Plans": [
            {
              "Node Type": "Aggregate",
              "Strategy": "Plain",
              "Partial Mode": "Partial",
              "Parent Relationship": "Outer",
              "Parallel Aware": false,
              "Startup Cost": 401094.63,
              "Total Cost": 401094.64,
              "Plan Rows": 1,
              "Plan Width": 8,
              "Actual Startup Time": 1804.428,
              "Actual Total Time": 1804.614,
              "Actual Rows": 1,
              "Actual Loops": 3,
              "Plans": [
                {
                  "Node Type": "Hash Join",
                  "Parent Relationship": "Outer",
                  "Parallel Aware": true,
                  "Join Type": "Inner",
                  "Startup Cost": 382982.13,
                  "Total Cost": 399732.0,
                  "Plan Rows": 545053,
                  "Plan Width": 0,
                  "Actual Startup Time": 1517.545,
                  "Actual Total Time": 1756.577,
                  "Actual Rows": 1071926,
                  "Actual Loops": 3,
                  "Inner Unique": false,
                  "Hash Cond": "(mi_idx.movie_id = t.id)",
                  "Plans": [
                    {
                      "Node Type": "Seq Scan",
                      "Parent Relationship": "Outer",
                      "Parallel Aware": true,
                      "Relation Name": "movie_info_idx",
                      "Alias": "mi_idx",
                      "Startup Cost": 0.0,
                      "Total Cost": 13685.15,
                      "Plan Rows": 575015,
                      "Plan Width": 4,
                      "Actual Startup Time": 0.031,
                      "Actual Total Time": 37.819,
                      "Actual Rows": 460012,
                      "Actual Loops": 3
                    },
                    {
                      "Node Type": "Hash",
                      "Parent Relationship": "Inner",
                      "Parallel Aware": true,
                      "Startup Cost": 377989.3,
                      "Total Cost": 377989.3,
                      "Plan Rows": 399426,
                      "Plan Width": 8,
                      "Actual Startup Time": 1503.078,
                      "Actual Total Time": 1503.263,
                      "Actual Rows": 921413,
                      "Actual Loops": 3,
                      "Hash Buckets": 4194304,
                      "Original Hash Buckets": 4194304,
                      "Hash Batches": 1,
                      "Original Hash Batches": 1,
                      "Peak Memory Usage": 140960,
                      "Plans": [
                        {
                          "Node Type": "Hash Join",
                          "Parent Relationship": "Outer",
                          "Parallel Aware": true,
                          "Join Type": "Inner",
                          "Startup Cost": 116710.19,
                          "Total Cost": 377989.3,
                          "Plan Rows": 399426,
                          "Plan Width": 8,
                          "Actual Startup Time": 565.436,
                          "Actual Total Time": 1198.99,
                          "Actual Rows": 921413,
                          "Actual Loops": 3,
                          "Inner Unique": true,
                          "Hash Cond": "(ci.movie_id = t.id)",
                          "Plans": [
                            {
                              "Node Type": "Bitmap Heap Scan",
                              "Parent Relationship": "Outer",
                              "Parallel Aware": true,
                              "Relation Name": "cast_info",
                              "Alias": "ci",
                              "Startup Cost": 66490.55,
                              "Total Cost": 326721.16,
                              "Plan Rows": 399426,
                              "Plan Width": 4,
                              "Actual Startup Time": 154.651,
                              "Actual Total Time": 338.312,
                              "Actual Rows": 921413,
                              "Actual Loops": 3,
                              "Recheck Cond": "(person_id < 298697)",
                              "Rows Removed by Index Recheck": 0,
                              "Filter": "(role_id < 8)",
                              "Rows Removed by Filter": 105539,
                              "Exact Heap Blocks": 9324,
                              "Lossy Heap Blocks": 0,
                              "Plans": [
                                {
                                  "Node Type": "Bitmap Index Scan",
                                  "Parent Relationship": "Outer",
                                  "Parallel Aware": false,
                                  "Index Name": "person_id_cast_info",
                                  "Startup Cost": 0.0,
                                  "Total Cost": 65891.41,
                                  "Plan Rows": 3017446,
                                  "Plan Width": 0,
                                  "Actual Startup Time": 146.19,
                                  "Actual Total Time": 146.19,
                                  "Actual Rows": 3080858,
                                  "Actual Loops": 1,
                                  "Index Cond": "(person_id < 298697)"
                                }
                              ]
                            },
                            {
                              "Node Type": "Hash",
                              "Parent Relationship": "Inner",
                              "Parallel Aware": true,
                              "Startup Cost": 42318.73,
                              "Total Cost": 42318.73,
                              "Plan Rows": 632073,
                              "Plan Width": 4,
                              "Actual Startup Time": 400.438,
                              "Actual Total Time": 400.439,
                              "Actual Rows": 842771,
                              "Actual Loops": 3,
                              "Hash Buckets": 4194304,
                              "Original Hash Buckets": 4194304,
                              "Hash Batches": 1,
                              "Original Hash Batches": 1,
                              "Peak Memory Usage": 131712,
                              "Plans": [
                                {
                                  "Node Type": "Seq Scan",
                                  "Parent Relationship": "Outer",
                                  "Parallel Aware": true,
                                  "Relation Name": "title",
                                  "Alias": "t",
                                  "Startup Cost": 0.0,
                                  "Total Cost": 42318.73,
                                  "Plan Rows": 632073,
                                  "Plan Width": 4,
                                  "Actual Startup Time": 0.054,
                                  "Actual Total Time": 124.539,
                                  "Actual Rows": 842771,
                                  "Actual Loops": 3
                                }
                              ]
                            }
                          ]
                        }
                      ]
                    }
                  ]
                }
              ]
            }
          ]
        }
      ]
    },
    "Planning Time": 1.365,
    "Triggers": [],
    "Execution Time": 1868.984
  }
]