{
  "Plan": {
    "Node Type": "Aggregate",
    "Strategy": "Plain",
    "Partial Mode": "Finalize",
    "Parallel Aware": false,
    "Startup Cost": 21817.99,
    "Total Cost": 21818.0,
    "Plan Rows": 1,
    "Plan Width": 8,
    "Actual Startup Time": 26.328,
    "Actual Total Time": 29.64,
    "Actual Rows": 1,
    "Actual Loops": 1,
    "Plans": [
      {
        "Node Type": "Gather",
        "Parent Relationship": "Outer",
        "Parallel Aware": false,
        "Startup Cost": 21817.88,
        "Total Cost": 21817.99,
        "Plan Rows": 1,
        "Plan Width": 8,
        "Actual Startup Time": 26.14,
        "Actual Total Time": 29.632,
        "Actual Rows": 2,
        "Actual Loops": 1,
        "Workers Planned": 1,
        "Workers Launched": 1,
        "Single Copy": false,
        "Plans": [
          {
            "Node Type": "Aggregate",
            "Strategy": "Plain",
            "Partial Mode": "Partial",
            "Parent Relationship": "Outer",
            "Parallel Aware": false,
            "Startup Cost": 20817.88,
            "Total Cost": 20817.89,
            "Plan Rows": 1,
            "Plan Width": 8,
            "Actual Startup Time": 20.088,
            "Actual Total Time": 20.09,
            "Actual Rows": 1,
            "Actual Loops": 2,
            "Plans": [
              {
                "Node Type": "Nested Loop",
                "Parent Relationship": "Outer",
                "Parallel Aware": false,
                "Join Type": "Inner",
                "Startup Cost": 63.1,
                "Total Cost": 20815.32,
                "Plan Rows": 1026,
                "Plan Width": 0,
                "Actual Startup Time": 1.481,
                "Actual Total Time": 19.805,
                "Actual Rows": 1112,
                "Actual Loops": 2,
                "Inner Unique": true,
                "Plans": [
                  {
                    "Node Type": "Bitmap Heap Scan",
                    "Parent Relationship": "Outer",
                    "Parallel Aware": true,
                    "Relation Name": "movie_companies",
                    "Alias": "mc",
                    "Startup Cost": 62.67,
                    "Total Cost": 7737.43,
                    "Plan Rows": 1688,
                    "Plan Width": 4,
                    "Actual Startup Time": 1.257,
                    "Actual Total Time": 3.652,
                    "Actual Rows": 1776,
                    "Actual Loops": 2,
                    "Recheck Cond": "(company_id = 82)",
                    "Rows Removed by Index Recheck": 0,
                    "Exact Heap Blocks": 861,
                    "Lossy Heap Blocks": 0,
                    "Plans": [
                      {
                        "Node Type": "Bitmap Index Scan",
                        "Parent Relationship": "Outer",
                        "Parallel Aware": false,
                        "Index Name": "company_id_movie_companies",
                        "Startup Cost": 0.0,
                        "Total Cost": 61.95,
                        "Plan Rows": 2870,
                        "Plan Width": 0,
                        "Actual Startup Time": 2.0,
                        "Actual Total Time": 2.0,
                        "Actual Rows": 3552,
                        "Actual Loops": 1,
                        "Index Cond": "(company_id = 82)"
                      }
                    ]
                  },
                  {
                    "Node Type": "Index Scan",
                    "Parent Relationship": "Inner",
                    "Parallel Aware": false,
                    "Scan Direction": "Forward",
                    "Index Name": "title_pkey",
                    "Relation Name": "title",
                    "Alias": "t",
                    "Startup Cost": 0.43,
                    "Total Cost": 7.75,
                    "Plan Rows": 1,
                    "Plan Width": 4,
                    "Actual Startup Time": 0.008,
                    "Actual Total Time": 0.008,
                    "Actual Rows": 1,
                    "Actual Loops": 3552,
                    "Index Cond": "(id = mc.movie_id)",
                    "Rows Removed by Index Recheck": 0,
                    "Filter": "(kind_id = 7)",
                    "Rows Removed by Filter": 0
                  }
                ]
              }
            ]
          }
        ]
      }
    ]
  },
  "Planning Time": 0.636,
  "Triggers": [],
  "Execution Time": 29.727
}