{
    "Plan": {
        "Node Type": "Aggregate",
        "Strategy": "Plain",
        "Partial Mode": "Finalize",
        "Parallel Aware": false,
        "Startup Cost": 455220.62,
        "Total Cost": 455220.63,
        "Plan Rows": 1,
        "Plan Width": 8,
        "Actual Startup Time": 2651.057,
        "Actual Total Time": 2705.612,
        "Actual Rows": 1,
        "Actual Loops": 1,
        "Output": [
            "count(*)"
        ],
        "Plans": [
            {
                "Node Type": "Gather",
                "Parent Relationship": "Outer",
                "Parallel Aware": false,
                "Startup Cost": 455219.99,
                "Total Cost": 455220.6,
                "Plan Rows": 6,
                "Plan Width": 8,
                "Actual Startup Time": 2632.038,
                "Actual Total Time": 2705.597,
                "Actual Rows": 7,
                "Actual Loops": 1,
                "Output": [
                    "(PARTIAL count(*))"
                ],
                "Workers Planned": 6,
                "Workers Launched": 6,
                "Single Copy": false,
                "Plans": [
                    {
                        "Node Type": "Aggregate",
                        "Strategy": "Plain",
                        "Partial Mode": "Partial",
                        "Parent Relationship": "Outer",
                        "Parallel Aware": false,
                        "Startup Cost": 454219.99,
                        "Total Cost": 454220.0,
                        "Plan Rows": 1,
                        "Plan Width": 8,
                        "Actual Startup Time": 2620.109,
                        "Actual Total Time": 2620.43,
                        "Actual Rows": 1,
                        "Actual Loops": 7,
                        "Output": [
                            "PARTIAL count(*)"
                        ],
                        "Workers": [
                            {
                                "Worker Number": 0,
                                "Actual Startup Time": 2618.781,
                                "Actual Total Time": 2618.787,
                                "Actual Rows": 1,
                                "Actual Loops": 1
                            },
                            {
                                "Worker Number": 1,
                                "Actual Startup Time": 2618.853,
                                "Actual Total Time": 2618.859,
                                "Actual Rows": 1,
                                "Actual Loops": 1
                            },
                            {
                                "Worker Number": 2,
                                "Actual Startup Time": 2618.794,
                                "Actual Total Time": 2618.8,
                                "Actual Rows": 1,
                                "Actual Loops": 1
                            },
                            {
                                "Worker Number": 3,
                                "Actual Startup Time": 2618.801,
                                "Actual Total Time": 2618.806,
                                "Actual Rows": 1,
                                "Actual Loops": 1
                            },
                            {
                                "Worker Number": 4,
                                "Actual Startup Time": 2618.334,
                                "Actual Total Time": 2618.34,
                                "Actual Rows": 1,
                                "Actual Loops": 1
                            },
                            {
                                "Worker Number": 5,
                                "Actual Startup Time": 2619.005,
                                "Actual Total Time": 2619.01,
                                "Actual Rows": 1,
                                "Actual Loops": 1
                            }
                        ],
                        "Plans": [
                            {
                                "Node Type": "Hash Join",
                                "Parent Relationship": "Outer",
                                "Parallel Aware": true,
                                "Join Type": "Inner",
                                "Startup Cost": 97393.26,
                                "Total Cost": 449764.95,
                                "Plan Rows": 1782018,
                                "Plan Width": 0,
                                "Actual Startup Time": 508.959,
                                "Actual Total Time": 2409.509,
                                "Actual Rows": 4944219,
                                "Actual Loops": 7,
                                "Inner Unique": false,
                                "Hash Cond": "(ci.movie_id = t.id)",
                                "Workers": [
                                    {
                                        "Worker Number": 0,
                                        "Actual Startup Time": 507.939,
                                        "Actual Total Time": 2406.819,
                                        "Actual Rows": 4910242,
                                        "Actual Loops": 1
                                    },
                                    {
                                        "Worker Number": 1,
                                        "Actual Startup Time": 507.965,
                                        "Actual Total Time": 2409.743,
                                        "Actual Rows": 4874100,
                                        "Actual Loops": 1
                                    },
                                    {
                                        "Worker Number": 2,
                                        "Actual Startup Time": 507.746,
                                        "Actual Total Time": 2406.731,
                                        "Actual Rows": 4935784,
                                        "Actual Loops": 1
                                    },
                                    {
                                        "Worker Number": 3,
                                        "Actual Startup Time": 507.736,
                                        "Actual Total Time": 2408.52,
                                        "Actual Rows": 4898382,
                                        "Actual Loops": 1
                                    },
                                    {
                                        "Worker Number": 4,
                                        "Actual Startup Time": 507.487,
                                        "Actual Total Time": 2420.852,
                                        "Actual Rows": 5175558,
                                        "Actual Loops": 1
                                    },
                                    {
                                        "Worker Number": 5,
                                        "Actual Startup Time": 506.726,
                                        "Actual Total Time": 2393.982,
                                        "Actual Rows": 4277665,
                                        "Actual Loops": 1
                                    }
                                ],
                                "Plans": [
                                    {
                                        "Node Type": "Seq Scan",
                                        "Parent Relationship": "Outer",
                                        "Parallel Aware": true,
                                        "Relation Name": "cast_info",
                                        "Schema": "public",
                                        "Alias": "ci",
                                        "Startup Cost": 0.0,
                                        "Total Cost": 328213.62,
                                        "Plan Rows": 4909232,
                                        "Plan Width": 4,
                                        "Actual Startup Time": 72.9,
                                        "Actual Total Time": 651.207,
                                        "Actual Rows": 4174828,
                                        "Actual Loops": 7,
                                        "Output": [
                                            "ci.id",
                                            "ci.person_id",
                                            "ci.movie_id",
                                            "ci.person_role_id",
                                            "ci.note",
                                            "ci.nr_order",
                                            "ci.role_id"
                                        ],
                                        "Filter": "(ci.person_id > 678013)",
                                        "Rows Removed by Filter": 1002936,
                                        "Workers": [
                                            {
                                                "Worker Number": 0,
                                                "Actual Startup Time": 72.922,
                                                "Actual Total Time": 672.762,
                                                "Actual Rows": 4163478,
                                                "Actual Loops": 1
                                            },
                                            {
                                                "Worker Number": 1,
                                                "Actual Startup Time": 72.919,
                                                "Actual Total Time": 670.593,
                                                "Actual Rows": 4125316,
                                                "Actual Loops": 1
                                            },
                                            {
                                                "Worker Number": 2,
                                                "Actual Startup Time": 72.906,
                                                "Actual Total Time": 671.117,
                                                "Actual Rows": 4172494,
                                                "Actual Loops": 1
                                            },
                                            {
                                                "Worker Number": 3,
                                                "Actual Startup Time": 72.902,
                                                "Actual Total Time": 671.555,
                                                "Actual Rows": 4182738,
                                                "Actual Loops": 1
                                            },
                                            {
                                                "Worker Number": 4,
                                                "Actual Startup Time": 72.909,
                                                "Actual Total Time": 636.21,
                                                "Actual Rows": 4347538,
                                                "Actual Loops": 1
                                            },
                                            {
                                                "Worker Number": 5,
                                                "Actual Startup Time": 72.916,
                                                "Actual Total Time": 683.488,
                                                "Actual Rows": 3500090,
                                                "Actual Loops": 1
                                            }
                                        ]
                                    },
                                    {
                                        "Node Type": "Hash",
                                        "Parent Relationship": "Inner",
                                        "Parallel Aware": true,
                                        "Startup Cost": 93692.6,
                                        "Total Cost": 93692.6,
                                        "Plan Rows": 296053,
                                        "Plan Width": 8,
                                        "Actual Startup Time": 432.971,
                                        "Actual Total Time": 433.29,
                                        "Actual Rows": 127493,
                                        "Actual Loops": 7,
                                        "Output": [
                                            "t.id",
                                            "mk.movie_id"
                                        ],
                                        "Hash Buckets": 1048576,
                                        "Original Hash Buckets": 1048576,
                                        "Hash Batches": 1,
                                        "Original Hash Batches": 1,
                                        "Peak Memory Usage": 43200,
                                        "Workers": [
                                            {
                                                "Worker Number": 0,
                                                "Actual Startup Time": 434.201,
                                                "Actual Total Time": 434.205,
                                                "Actual Rows": 129664,
                                                "Actual Loops": 1
                                            },
                                            {
                                                "Worker Number": 1,
                                                "Actual Startup Time": 434.264,
                                                "Actual Total Time": 434.268,
                                                "Actual Rows": 125294,
                                                "Actual Loops": 1
                                            },
                                            {
                                                "Worker Number": 2,
                                                "Actual Startup Time": 434.247,
                                                "Actual Total Time": 434.251,
                                                "Actual Rows": 126125,
                                                "Actual Loops": 1
                                            },
                                            {
                                                "Worker Number": 3,
                                                "Actual Startup Time": 434.237,
                                                "Actual Total Time": 434.24,
                                                "Actual Rows": 127363,
                                                "Actual Loops": 1
                                            },
                                            {
                                                "Worker Number": 4,
                                                "Actual Startup Time": 433.689,
                                                "Actual Total Time": 433.693,
                                                "Actual Rows": 130048,
                                                "Actual Loops": 1
                                            },
                                            {
                                                "Worker Number": 5,
                                                "Actual Startup Time": 433.121,
                                                "Actual Total Time": 433.124,
                                                "Actual Rows": 92287,
                                                "Actual Loops": 1
                                            }
                                        ],
                                        "Plans": [
                                            {
                                                "Node Type": "Hash Join",
                                                "Parent Relationship": "Outer",
                                                "Parallel Aware": true,
                                                "Join Type": "Inner",
                                                "Startup Cost": 50219.81,
                                                "Total Cost": 93692.6,
                                                "Plan Rows": 296053,
                                                "Plan Width": 8,
                                                "Actual Startup Time": 268.328,
                                                "Actual Total Time": 377.591,
                                                "Actual Rows": 127493,
                                                "Actual Loops": 7,
                                                "Output": [
                                                    "t.id",
                                                    "mk.movie_id"
                                                ],
                                                "Inner Unique": true,
                                                "Hash Cond": "(mk.movie_id = t.id)",
                                                "Workers": [
                                                    {
                                                        "Worker Number": 0,
                                                        "Actual Startup Time": 268.337,
                                                        "Actual Total Time": 377.549,
                                                        "Actual Rows": 129664,
                                                        "Actual Loops": 1
                                                    },
                                                    {
                                                        "Worker Number": 1,
                                                        "Actual Startup Time": 268.318,
                                                        "Actual Total Time": 377.75,
                                                        "Actual Rows": 125294,
                                                        "Actual Loops": 1
                                                    },
                                                    {
                                                        "Worker Number": 2,
                                                        "Actual Startup Time": 268.31,
                                                        "Actual Total Time": 377.838,
                                                        "Actual Rows": 126125,
                                                        "Actual Loops": 1
                                                    },
                                                    {
                                                        "Worker Number": 3,
                                                        "Actual Startup Time": 268.33,
                                                        "Actual Total Time": 377.639,
                                                        "Actual Rows": 127363,
                                                        "Actual Loops": 1
                                                    },
                                                    {
                                                        "Worker Number": 4,
                                                        "Actual Startup Time": 268.305,
                                                        "Actual Total Time": 377.844,
                                                        "Actual Rows": 130048,
                                                        "Actual Loops": 1
                                                    },
                                                    {
                                                        "Worker Number": 5,
                                                        "Actual Startup Time": 268.285,
                                                        "Actual Total Time": 377.23,
                                                        "Actual Rows": 92287,
                                                        "Actual Loops": 1
                                                    }
                                                ],
                                                "Plans": [
                                                    {
                                                        "Node Type": "Seq Scan",
                                                        "Parent Relationship": "Outer",
                                                        "Parallel Aware": true,
                                                        "Relation Name": "movie_keyword",
                                                        "Schema": "public",
                                                        "Alias": "mk",
                                                        "Startup Cost": 0.0,
                                                        "Total Cost": 42695.65,
                                                        "Plan Rows": 296053,
                                                        "Plan Width": 4,
                                                        "Actual Startup Time": 1.011,
                                                        "Actual Total Time": 70.964,
                                                        "Actual Rows": 127493,
                                                        "Actual Loops": 7,
                                                        "Output": [
                                                            "mk.id",
                                                            "mk.movie_id",
                                                            "mk.keyword_id"
                                                        ],
                                                        "Filter": "(mk.keyword_id > 20638)",
                                                        "Rows Removed by Filter": 518783,
                                                        "Workers": [
                                                            {
                                                                "Worker Number": 0,
                                                                "Actual Startup Time": 1.029,
                                                                "Actual Total Time": 72.3,
                                                                "Actual Rows": 129664,
                                                                "Actual Loops": 1
                                                            },
                                                            {
                                                                "Worker Number": 1,
                                                                "Actual Startup Time": 1.043,
                                                                "Actual Total Time": 72.453,
                                                                "Actual Rows": 125294,
                                                                "Actual Loops": 1
                                                            },
                                                            {
                                                                "Worker Number": 2,
                                                                "Actual Startup Time": 0.937,
                                                                "Actual Total Time": 72.664,
                                                                "Actual Rows": 126125,
                                                                "Actual Loops": 1
                                                            },
                                                            {
                                                                "Worker Number": 3,
                                                                "Actual Startup Time": 1.037,
                                                                "Actual Total Time": 72.328,
                                                                "Actual Rows": 127363,
                                                                "Actual Loops": 1
                                                            },
                                                            {
                                                                "Worker Number": 4,
                                                                "Actual Startup Time": 1.045,
                                                                "Actual Total Time": 73.027,
                                                                "Actual Rows": 130048,
                                                                "Actual Loops": 1
                                                            },
                                                            {
                                                                "Worker Number": 5,
                                                                "Actual Startup Time": 0.957,
                                                                "Actual Total Time": 71.82,
                                                                "Actual Rows": 92287,
                                                                "Actual Loops": 1
                                                            }
                                                        ]
                                                    },
                                                    {
                                                        "Node Type": "Hash",
                                                        "Parent Relationship": "Inner",
                                                        "Parallel Aware": true,
                                                        "Startup Cost": 42318.81,
                                                        "Total Cost": 42318.81,
                                                        "Plan Rows": 632080,
                                                        "Plan Width": 4,
                                                        "Actual Startup Time": 262.793,
                                                        "Actual Total Time": 262.795,
                                                        "Actual Rows": 361187,
                                                        "Actual Loops": 7,
                                                        "Output": [
                                                            "t.id"
                                                        ],
                                                        "Hash Buckets": 4194304,
                                                        "Original Hash Buckets": 4194304,
                                                        "Hash Batches": 1,
                                                        "Original Hash Batches": 1,
                                                        "Peak Memory Usage": 131744,
                                                        "Workers": [
                                                            {
                                                                "Worker Number": 0,
                                                                "Actual Startup Time": 267.224,
                                                                "Actual Total Time": 267.225,
                                                                "Actual Rows": 348244,
                                                                "Actual Loops": 1
                                                            },
                                                            {
                                                                "Worker Number": 1,
                                                                "Actual Startup Time": 267.212,
                                                                "Actual Total Time": 267.214,
                                                                "Actual Rows": 346824,
                                                                "Actual Loops": 1
                                                            },
                                                            {
                                                                "Worker Number": 2,
                                                                "Actual Startup Time": 267.053,
                                                                "Actual Total Time": 267.055,
                                                                "Actual Rows": 353148,
                                                                "Actual Loops": 1
                                                            },
                                                            {
                                                                "Worker Number": 3,
                                                                "Actual Startup Time": 267.171,
                                                                "Actual Total Time": 267.172,
                                                                "Actual Rows": 349234,
                                                                "Actual Loops": 1
                                                            },
                                                            {
                                                                "Worker Number": 4,
                                                                "Actual Startup Time": 267.029,
                                                                "Actual Total Time": 267.03,
                                                                "Actual Rows": 359529,
                                                                "Actual Loops": 1
                                                            },
                                                            {
                                                                "Worker Number": 5,
                                                                "Actual Startup Time": 266.977,
                                                                "Actual Total Time": 266.977,
                                                                "Actual Rows": 282470,
                                                                "Actual Loops": 1
                                                            }
                                                        ],
                                                        "Plans": [
                                                            {
                                                                "Node Type": "Seq Scan",
                                                                "Parent Relationship": "Outer",
                                                                "Parallel Aware": true,
                                                                "Relation Name": "title",
                                                                "Schema": "public",
                                                                "Alias": "t",
                                                                "Startup Cost": 0.0,
                                                                "Total Cost": 42318.81,
                                                                "Plan Rows": 632080,
                                                                "Plan Width": 4,
                                                                "Actual Startup Time": 0.068,
                                                                "Actual Total Time": 72.16,
                                                                "Actual Rows": 361187,
                                                                "Actual Loops": 7,
                                                                "Output": [
                                                                    "t.id"
                                                                ],
                                                                "Workers": [
                                                                    {
                                                                        "Worker Number": 0,
                                                                        "Actual Startup Time": 0.075,
                                                                        "Actual Total Time": 74.336,
                                                                        "Actual Rows": 348244,
                                                                        "Actual Loops": 1
                                                                    },
                                                                    {
                                                                        "Worker Number": 1,
                                                                        "Actual Startup Time": 0.071,
                                                                        "Actual Total Time": 74.468,
                                                                        "Actual Rows": 346824,
                                                                        "Actual Loops": 1
                                                                    },
                                                                    {
                                                                        "Worker Number": 2,
                                                                        "Actual Startup Time": 0.072,
                                                                        "Actual Total Time": 74.328,
                                                                        "Actual Rows": 353148,
                                                                        "Actual Loops": 1
                                                                    },
                                                                    {
                                                                        "Worker Number": 3,
                                                                        "Actual Startup Time": 0.072,
                                                                        "Actual Total Time": 74.512,
                                                                        "Actual Rows": 349234,
                                                                        "Actual Loops": 1
                                                                    },
                                                                    {
                                                                        "Worker Number": 4,
                                                                        "Actual Startup Time": 0.088,
                                                                        "Actual Total Time": 73.637,
                                                                        "Actual Rows": 359529,
                                                                        "Actual Loops": 1
                                                                    },
                                                                    {
                                                                        "Worker Number": 5,
                                                                        "Actual Startup Time": 0.076,
                                                                        "Actual Total Time": 77.294,
                                                                        "Actual Rows": 282470,
                                                                        "Actual Loops": 1
                                                                    }
                                                                ]
                                                            }
                                                        ]
                                                    }
                                                ]
                                            }
                                        ]
                                    }
                                ]
                            }
                        ]
                    }
                ]
            }
        ]
    },
    "Planning Time": 1.521,
    "Triggers": [],
    "Execution Time": 2705.705
}