[
    {
        "Bao": {
            "Bao prediction": "NaN",
            "Bao recommended hint": "(no hint)"
        }
    },
    {
        "Plan": {
            "Node Type": "Aggregate",
            "Strategy": "Plain",
            "Partial Mode": "Finalize",
            "Parallel Aware": false,
            "Startup Cost": 23511.21,
            "Total Cost": 23511.22,
            "Plan Rows": 1,
            "Plan Width": 8,
            "Actual Startup Time": 73.518,
            "Actual Total Time": 76.36,
            "Actual Rows": 1,
            "Actual Loops": 1,
            "Output": [
                "count(*)"
            ],
            "Plans": [
                {
                    "Node Type": "Gather",
                    "Parent Relationship": "Outer",
                    "Parallel Aware": false,
                    "Startup Cost": 23510.99,
                    "Total Cost": 23511.2,
                    "Plan Rows": 2,
                    "Plan Width": 8,
                    "Actual Startup Time": 71.869,
                    "Actual Total Time": 76.342,
                    "Actual Rows": 3,
                    "Actual Loops": 1,
                    "Output": [
                        "(PARTIAL count(*))"
                    ],
                    "Workers Planned": 2,
                    "Workers Launched": 2,
                    "Single Copy": false,
                    "Plans": [
                        {
                            "Node Type": "Aggregate",
                            "Strategy": "Plain",
                            "Partial Mode": "Partial",
                            "Parent Relationship": "Outer",
                            "Parallel Aware": false,
                            "Startup Cost": 22510.99,
                            "Total Cost": 22511.0,
                            "Plan Rows": 1,
                            "Plan Width": 8,
                            "Actual Startup Time": 63.842,
                            "Actual Total Time": 63.845,
                            "Actual Rows": 1,
                            "Actual Loops": 3,
                            "Output": [
                                "PARTIAL count(*)"
                            ],
                            "Workers": [
                                {
                                    "Worker Number": 0,
                                    "Actual Startup Time": 59.892,
                                    "Actual Total Time": 59.894,
                                    "Actual Rows": 1,
                                    "Actual Loops": 1
                                },
                                {
                                    "Worker Number": 1,
                                    "Actual Startup Time": 60.211,
                                    "Actual Total Time": 60.214,
                                    "Actual Rows": 1,
                                    "Actual Loops": 1
                                }
                            ],
                            "Plans": [
                                {
                                    "Node Type": "Nested Loop",
                                    "Parent Relationship": "Outer",
                                    "Parallel Aware": false,
                                    "Join Type": "Inner",
                                    "Startup Cost": 9790.35,
                                    "Total Cost": 22510.39,
                                    "Plan Rows": 240,
                                    "Plan Width": 0,
                                    "Actual Startup Time": 62.283,
                                    "Actual Total Time": 63.83,
                                    "Actual Rows": 64,
                                    "Actual Loops": 3,
                                    "Inner Unique": true,
                                    "Workers": [
                                        {
                                            "Worker Number": 0,
                                            "Actual Startup Time": 58.233,
                                            "Actual Total Time": 59.878,
                                            "Actual Rows": 56,
                                            "Actual Loops": 1
                                        },
                                        {
                                            "Worker Number": 1,
                                            "Actual Startup Time": 58.876,
                                            "Actual Total Time": 60.197,
                                            "Actual Rows": 32,
                                            "Actual Loops": 1
                                        }
                                    ],
                                    "Plans": [
                                        {
                                            "Node Type": "Hash Join",
                                            "Parent Relationship": "Outer",
                                            "Parallel Aware": true,
                                            "Join Type": "Inner",
                                            "Startup Cost": 9789.92,
                                            "Total Cost": 21838.49,
                                            "Plan Rows": 644,
                                            "Plan Width": 8,
                                            "Actual Startup Time": 62.221,
                                            "Actual Total Time": 63.388,
                                            "Actual Rows": 64,
                                            "Actual Loops": 3,
                                            "Output": [
                                                "ci.movie_id",
                                                "mk.movie_id"
                                            ],
                                            "Inner Unique": false,
                                            "Hash Cond": "(mk.movie_id = ci.movie_id)",
                                            "Workers": [
                                                {
                                                    "Worker Number": 0,
                                                    "Actual Startup Time": 58.151,
                                                    "Actual Total Time": 59.384,
                                                    "Actual Rows": 56,
                                                    "Actual Loops": 1
                                                },
                                                {
                                                    "Worker Number": 1,
                                                    "Actual Startup Time": 58.795,
                                                    "Actual Total Time": 59.687,
                                                    "Actual Rows": 32,
                                                    "Actual Loops": 1
                                                }
                                            ],
                                            "Plans": [
                                                {
                                                    "Node Type": "Bitmap Heap Scan",
                                                    "Parent Relationship": "Outer",
                                                    "Parallel Aware": true,
                                                    "Relation Name": "movie_keyword",
                                                    "Schema": "public",
                                                    "Alias": "mk",
                                                    "Startup Cost": 105.83,
                                                    "Total Cost": 12117.13,
                                                    "Plan Rows": 2011,
                                                    "Plan Width": 4,
                                                    "Actual Startup Time": 0.431,
                                                    "Actual Total Time": 0.909,
                                                    "Actual Rows": 1448,
                                                    "Actual Loops": 3,
                                                    "Output": [
                                                        "mk.id",
                                                        "mk.movie_id",
                                                        "mk.keyword_id"
                                                    ],
                                                    "Recheck Cond": "(mk.keyword_id = 29029)",
                                                    "Rows Removed by Index Recheck": 0,
                                                    "Exact Heap Blocks": 87,
                                                    "Lossy Heap Blocks": 0,
                                                    "Workers": [
                                                        {
                                                            "Worker Number": 0,
                                                            "Actual Startup Time": 0.416,
                                                            "Actual Total Time": 0.943,
                                                            "Actual Rows": 1298,
                                                            "Actual Loops": 1
                                                        },
                                                        {
                                                            "Worker Number": 1,
                                                            "Actual Startup Time": 0.457,
                                                            "Actual Total Time": 0.932,
                                                            "Actual Rows": 629,
                                                            "Actual Loops": 1
                                                        }
                                                    ],
                                                    "Plans": [
                                                        {
                                                            "Node Type": "Bitmap Index Scan",
                                                            "Parent Relationship": "Outer",
                                                            "Parallel Aware": false,
                                                            "Index Name": "keyword_id_movie_keyword",
                                                            "Startup Cost": 0.0,
                                                            "Total Cost": 104.63,
                                                            "Plan Rows": 4826,
                                                            "Plan Width": 0,
                                                            "Actual Startup Time": 0.361,
                                                            "Actual Total Time": 0.362,
                                                            "Actual Rows": 4343,
                                                            "Actual Loops": 1,
                                                            "Index Cond": "(mk.keyword_id = 29029)",
                                                            "Workers": [
                                                                {
                                                                    "Worker Number": 0,
                                                                    "Actual Startup Time": 0.361,
                                                                    "Actual Total Time": 0.362,
                                                                    "Actual Rows": 4343,
                                                                    "Actual Loops": 1
                                                                }
                                                            ]
                                                        }
                                                    ]
                                                },
                                                {
                                                    "Node Type": "Hash",
                                                    "Parent Relationship": "Inner",
                                                    "Parallel Aware": true,
                                                    "Startup Cost": 8465.91,
                                                    "Total Cost": 8465.91,
                                                    "Plan Rows": 97454,
                                                    "Plan Width": 4,
                                                    "Actual Startup Time": 58.749,
                                                    "Actual Total Time": 58.749,
                                                    "Actual Rows": 105373,
                                                    "Actual Loops": 3,
                                                    "Output": [
                                                        "ci.movie_id"
                                                    ],
                                                    "Hash Buckets": 524288,
                                                    "Original Hash Buckets": 524288,
                                                    "Hash Batches": 1,
                                                    "Original Hash Batches": 1,
                                                    "Peak Memory Usage": 16512,
                                                    "Workers": [
                                                        {
                                                            "Worker Number": 0,
                                                            "Actual Startup Time": 57.322,
                                                            "Actual Total Time": 57.322,
                                                            "Actual Rows": 95378,
                                                            "Actual Loops": 1
                                                        },
                                                        {
                                                            "Worker Number": 1,
                                                            "Actual Startup Time": 57.329,
                                                            "Actual Total Time": 57.329,
                                                            "Actual Rows": 71370,
                                                            "Actual Loops": 1
                                                        }
                                                    ],
                                                    "Plans": [
                                                        {
                                                            "Node Type": "Index Scan",
                                                            "Parent Relationship": "Outer",
                                                            "Parallel Aware": true,
                                                            "Scan Direction": "Forward",
                                                            "Index Name": "role_id_cast_info",
                                                            "Relation Name": "cast_info",
                                                            "Schema": "public",
                                                            "Alias": "ci",
                                                            "Startup Cost": 0.56,
                                                            "Total Cost": 8465.91,
                                                            "Plan Rows": 97454,
                                                            "Plan Width": 4,
                                                            "Actual Startup Time": 0.151,
                                                            "Actual Total Time": 29.073,
                                                            "Actual Rows": 105373,
                                                            "Actual Loops": 3,
                                                            "Output": [
                                                                "ci.movie_id"
                                                            ],
                                                            "Index Cond": "(ci.role_id > 10)",
                                                            "Rows Removed by Index Recheck": 0,
                                                            "Workers": [
                                                                {
                                                                    "Worker Number": 0,
                                                                    "Actual Startup Time": 0.25,
                                                                    "Actual Total Time": 28.947,
                                                                    "Actual Rows": 95378,
                                                                    "Actual Loops": 1
                                                                },
                                                                {
                                                                    "Worker Number": 1,
                                                                    "Actual Startup Time": 0.159,
                                                                    "Actual Total Time": 29.467,
                                                                    "Actual Rows": 71370,
                                                                    "Actual Loops": 1
                                                                }
                                                            ]
                                                        }
                                                    ]
                                                }
                                            ]
                                        },
                                        {
                                            "Node Type": "Index Only Scan",
                                            "Parent Relationship": "Inner",
                                            "Parallel Aware": false,
                                            "Scan Direction": "Forward",
                                            "Index Name": "title_pkey",
                                            "Relation Name": "title",
                                            "Schema": "public",
                                            "Alias": "t",
                                            "Startup Cost": 0.43,
                                            "Total Cost": 1.04,
                                            "Plan Rows": 1,
                                            "Plan Width": 4,
                                            "Actual Startup Time": 0.006,
                                            "Actual Total Time": 0.006,
                                            "Actual Rows": 1,
                                            "Actual Loops": 193,
                                            "Output": [
                                                "t.id"
                                            ],
                                            "Index Cond": "(t.id = ci.movie_id)",
                                            "Rows Removed by Index Recheck": 0,
                                            "Heap Fetches": 193,
                                            "Workers": [
                                                {
                                                    "Worker Number": 0,
                                                    "Actual Startup Time": 0.008,
                                                    "Actual Total Time": 0.008,
                                                    "Actual Rows": 1,
                                                    "Actual Loops": 56
                                                },
                                                {
                                                    "Worker Number": 1,
                                                    "Actual Startup Time": 0.015,
                                                    "Actual Total Time": 0.015,
                                                    "Actual Rows": 1,
                                                    "Actual Loops": 32
                                                }
                                            ]
                                        }
                                    ]
                                }
                            ]
                        }
                    ]
                }
            ]
        },
        "Planning Time": 190.353,
        "Triggers": [],
        "Execution Time": 76.457
    }
]