{
  "Plan": {
    "Node Type": "Aggregate",
    "Strategy": "Plain",
    "Partial Mode": "Finalize",
    "Parallel Aware": false,
    "Startup Cost": 606174.53,
    "Total Cost": 606174.54,
    "Plan Rows": 1,
    "Plan Width": 8,
    "Actual Startup Time": 3001.36,
    "Actual Total Time": 3069.346,
    "Actual Rows": 1,
    "Actual Loops": 1,
    "Plans": [
      {
        "Node Type": "Gather",
        "Parent Relationship": "Outer",
        "Parallel Aware": false,
        "Startup Cost": 606174.42,
        "Total Cost": 606174.53,
        "Plan Rows": 1,
        "Plan Width": 8,
        "Actual Startup Time": 3000.256,
        "Actual Total Time": 3069.336,
        "Actual Rows": 2,
        "Actual Loops": 1,
        "Workers Planned": 1,
        "Workers Launched": 1,
        "Single Copy": false,
        "Plans": [
          {
            "Node Type": "Aggregate",
            "Strategy": "Plain",
            "Partial Mode": "Partial",
            "Parent Relationship": "Outer",
            "Parallel Aware": false,
            "Startup Cost": 605174.42,
            "Total Cost": 605174.43,
            "Plan Rows": 1,
            "Plan Width": 8,
            "Actual Startup Time": 2994.415,
            "Actual Total Time": 2994.418,
            "Actual Rows": 1,
            "Actual Loops": 2,
            "Plans": [
              {
                "Node Type": "Hash Join",
                "Parent Relationship": "Outer",
                "Parallel Aware": true,
                "Join Type": "Inner",
                "Startup Cost": 59451.44,
                "Total Cost": 603697.63,
                "Plan Rows": 590715,
                "Plan Width": 0,
                "Actual Startup Time": 207.34,
                "Actual Total Time": 2953.12,
                "Actual Rows": 837441,
                "Actual Loops": 2,
                "Inner Unique": true,
                "Hash Cond": "(ci.movie_id = t.id)",
                "Plans": [
                  {
                    "Node Type": "Seq Scan",
                    "Parent Relationship": "Outer",
                    "Parallel Aware": true,
                    "Relation Name": "cast_info",
                    "Alias": "ci",
                    "Startup Cost": 0.0,
                    "Total Cost": 519069.44,
                    "Plan Rows": 9591126,
                    "Plan Width": 4,
                    "Actual Startup Time": 0.017,
                    "Actual Total Time": 1508.29,
                    "Actual Rows": 8152266,
                    "Actual Loops": 2,
                    "Filter": "(person_id < 1614817)",
                    "Rows Removed by Filter": 9969906
                  },
                  {
                    "Node Type": "Hash",
                    "Parent Relationship": "Inner",
                    "Parallel Aware": true,
                    "Startup Cost": 58306.47,
                    "Total Cost": 58306.47,
                    "Plan Rows": 91598,
                    "Plan Width": 4,
                    "Actual Startup Time": 203.535,
                    "Actual Total Time": 203.535,
                    "Actual Rows": 132018,
                    "Actual Loops": 2,
                    "Hash Buckets": 524288,
                    "Original Hash Buckets": 262144,
                    "Hash Batches": 1,
                    "Original Hash Batches": 1,
                    "Peak Memory Usage": 16512,
                    "Plans": [
                      {
                        "Node Type": "Seq Scan",
                        "Parent Relationship": "Outer",
                        "Parallel Aware": true,
                        "Relation Name": "title",
                        "Alias": "t",
                        "Startup Cost": 0.0,
                        "Total Cost": 58306.47,
                        "Plan Rows": 91598,
                        "Plan Width": 4,
                        "Actual Startup Time": 0.191,
                        "Actual Total Time": 163.703,
                        "Actual Rows": 132018,
                        "Actual Loops": 2,
                        "Filter": "((kind_id < 7) AND (production_year < 1973))",
                        "Rows Removed by Filter": 1132138
                      }
                    ]
                  }
                ]
              }
            ]
          }
        ]
      }
    ]
  },
  "Planning Time": 0.6,
  "Triggers": [],
  "Execution Time": 3069.429
}