[
  {
    "Plan": {
      "Node Type": "Aggregate",
      "Strategy": "Plain",
      "Partial Mode": "Finalize",
      "Parallel Aware": false,
      "Startup Cost": 60748.46,
      "Total Cost": 60748.47,
      "Plan Rows": 1,
      "Plan Width": 8,
      "Actual Startup Time": 414.866,
      "Actual Total Time": 430.796,
      "Actual Rows": 1,
      "Actual Loops": 1,
      "Plans": [
        {
          "Node Type": "Gather",
          "Parent Relationship": "Outer",
          "Parallel Aware": false,
          "Startup Cost": 60748.14,
          "Total Cost": 60748.45,
          "Plan Rows": 3,
          "Plan Width": 8,
          "Actual Startup Time": 401.862,
          "Actual Total Time": 430.787,
          "Actual Rows": 4,
          "Actual Loops": 1,
          "Workers Planned": 3,
          "Workers Launched": 3,
          "Single Copy": false,
          "Plans": [
            {
              "Node Type": "Aggregate",
              "Strategy": "Plain",
              "Partial Mode": "Partial",
              "Parent Relationship": "Outer",
              "Parallel Aware": false,
              "Startup Cost": 59748.14,
              "Total Cost": 59748.15,
              "Plan Rows": 1,
              "Plan Width": 8,
              "Actual Startup Time": 381.145,
              "Actual Total Time": 381.148,
              "Actual Rows": 1,
              "Actual Loops": 4,
              "Plans": [
                {
                  "Node Type": "Hash Join",
                  "Parent Relationship": "Outer",
                  "Parallel Aware": true,
                  "Join Type": "Inner",
                  "Startup Cost": 50220.21,
                  "Total Cost": 59669.73,
                  "Plan Rows": 31363,
                  "Plan Width": 0,
                  "Actual Startup Time": 336.82,
                  "Actual Total Time": 378.967,
                  "Actual Rows": 52740,
                  "Actual Loops": 4,
                  "Inner Unique": true,
                  "Hash Cond": "(ci.movie_id = t.id)",
                  "Plans": [
                    {
                      "Node Type": "Index Scan",
                      "Parent Relationship": "Outer",
                      "Parallel Aware": true,
                      "Scan Direction": "Forward",
                      "Index Name": "role_id_cast_info",
                      "Relation Name": "cast_info",
                      "Alias": "ci",
                      "Startup Cost": 0.56,
                      "Total Cost": 9367.76,
                      "Plan Rows": 31363,
                      "Plan Width": 4,
                      "Actual Startup Time": 0.12,
                      "Actual Total Time": 12.602,
                      "Actual Rows": 52740,
                      "Actual Loops": 4,
                      "Index Cond": "(role_id = 7)",
                      "Rows Removed by Index Recheck": 0,
                      "Filter": "(person_id > 2634944)",
                      "Rows Removed by Filter": 16361
                    },
                    {
                      "Node Type": "Hash",
                      "Parent Relationship": "Inner",
                      "Parallel Aware": true,
                      "Startup Cost": 42318.73,
                      "Total Cost": 42318.73,
                      "Plan Rows": 632073,
                      "Plan Width": 4,
                      "Actual Startup Time": 325.316,
                      "Actual Total Time": 325.317,
                      "Actual Rows": 632078,
                      "Actual Loops": 4,
                      "Hash Buckets": 4194304,
                      "Original Hash Buckets": 4194304,
                      "Hash Batches": 1,
                      "Original Hash Batches": 1,
                      "Peak Memory Usage": 131712,
                      "Plans": [
                        {
                          "Node Type": "Seq Scan",
                          "Parent Relationship": "Outer",
                          "Parallel Aware": true,
                          "Relation Name": "title",
                          "Alias": "t",
                          "Startup Cost": 0.0,
                          "Total Cost": 42318.73,
                          "Plan Rows": 632073,
                          "Plan Width": 4,
                          "Actual Startup Time": 0.034,
                          "Actual Total Time": 94.164,
                          "Actual Rows": 632078,
                          "Actual Loops": 4
                        }
                      ]
                    }
                  ]
                }
              ]
            }
          ]
        }
      ]
    },
    "Planning Time": 0.627,
    "Triggers": [],
    "Execution Time": 430.869
  }
]