{
  "Plan": {
    "Node Type": "Aggregate",
    "Strategy": "Plain",
    "Partial Mode": "Finalize",
    "Parallel Aware": false,
    "Startup Cost": 98967.37,
    "Total Cost": 98967.38,
    "Plan Rows": 1,
    "Plan Width": 8,
    "Actual Startup Time": 283.071,
    "Actual Total Time": 297.817,
    "Actual Rows": 1,
    "Actual Loops": 1,
    "Plans": [
      {
        "Node Type": "Gather",
        "Parent Relationship": "Outer",
        "Parallel Aware": false,
        "Startup Cost": 98967.25,
        "Total Cost": 98967.36,
        "Plan Rows": 1,
        "Plan Width": 8,
        "Actual Startup Time": 282.774,
        "Actual Total Time": 297.811,
        "Actual Rows": 2,
        "Actual Loops": 1,
        "Workers Planned": 1,
        "Workers Launched": 1,
        "Single Copy": false,
        "Plans": [
          {
            "Node Type": "Aggregate",
            "Strategy": "Plain",
            "Partial Mode": "Partial",
            "Parent Relationship": "Outer",
            "Parallel Aware": false,
            "Startup Cost": 97967.25,
            "Total Cost": 97967.26,
            "Plan Rows": 1,
            "Plan Width": 8,
            "Actual Startup Time": 277.142,
            "Actual Total Time": 277.145,
            "Actual Rows": 1,
            "Actual Loops": 2,
            "Plans": [
              {
                "Node Type": "Hash Join",
                "Parent Relationship": "Outer",
                "Parallel Aware": true,
                "Join Type": "Inner",
                "Startup Cost": 72765.38,
                "Total Cost": 97964.94,
                "Plan Rows": 925,
                "Plan Width": 0,
                "Actual Startup Time": 201.253,
                "Actual Total Time": 277.088,
                "Actual Rows": 700,
                "Actual Loops": 2,
                "Inner Unique": true,
                "Hash Cond": "(mc.movie_id = t.id)",
                "Plans": [
                  {
                    "Node Type": "Bitmap Heap Scan",
                    "Parent Relationship": "Outer",
                    "Parallel Aware": true,
                    "Relation Name": "movie_companies",
                    "Alias": "mc",
                    "Startup Cost": 14372.65,
                    "Total Cost": 39049.18,
                    "Plan Rows": 199252,
                    "Plan Width": 4,
                    "Actual Startup Time": 59.726,
                    "Actual Total Time": 109.132,
                    "Actual Rows": 325990,
                    "Actual Loops": 2,
                    "Recheck Cond": "(company_id > 48771)",
                    "Rows Removed by Index Recheck": 0,
                    "Filter": "(company_type_id = 2)",
                    "Rows Removed by Filter": 14188,
                    "Exact Heap Blocks": 4647,
                    "Lossy Heap Blocks": 0,
                    "Plans": [
                      {
                        "Node Type": "Bitmap Index Scan",
                        "Parent Relationship": "Outer",
                        "Parallel Aware": false,
                        "Index Name": "company_id_movie_companies",
                        "Startup Cost": 0.0,
                        "Total Cost": 14287.97,
                        "Plan Rows": 667139,
                        "Plan Width": 0,
                        "Actual Startup Time": 47.198,
                        "Actual Total Time": 47.199,
                        "Actual Rows": 680356,
                        "Actual Loops": 1,
                        "Index Cond": "(company_id > 48771)"
                      }
                    ]
                  },
                  {
                    "Node Type": "Hash",
                    "Parent Relationship": "Inner",
                    "Parallel Aware": true,
                    "Startup Cost": 58306.47,
                    "Total Cost": 58306.47,
                    "Plan Rows": 6901,
                    "Plan Width": 4,
                    "Actual Startup Time": 140.349,
                    "Actual Total Time": 140.35,
                    "Actual Rows": 5307,
                    "Actual Loops": 2,
                    "Hash Buckets": 16384,
                    "Original Hash Buckets": 16384,
                    "Hash Batches": 1,
                    "Original Hash Batches": 1,
                    "Peak Memory Usage": 576,
                    "Plans": [
                      {
                        "Node Type": "Seq Scan",
                        "Parent Relationship": "Outer",
                        "Parallel Aware": true,
                        "Relation Name": "title",
                        "Alias": "t",
                        "Startup Cost": 0.0,
                        "Total Cost": 58306.47,
                        "Plan Rows": 6901,
                        "Plan Width": 4,
                        "Actual Startup Time": 0.18,
                        "Actual Total Time": 138.343,
                        "Actual Rows": 5307,
                        "Actual Loops": 2,
                        "Filter": "((kind_id = 7) AND (production_year = 1985))",
                        "Rows Removed by Filter": 1258849
                      }
                    ]
                  }
                ]
              }
            ]
          }
        ]
      }
    ]
  },
  "Planning Time": 0.307,
  "Triggers": [],
  "Execution Time": 297.881
}