[
  {
    "Plan": {
      "Node Type": "Aggregate",
      "Strategy": "Plain",
      "Partial Mode": "Finalize",
      "Parallel Aware": false,
      "Startup Cost": 38729.34,
      "Total Cost": 38729.35,
      "Plan Rows": 1,
      "Plan Width": 8,
      "Actual Startup Time": 116.704,
      "Actual Total Time": 124.84,
      "Actual Rows": 1,
      "Actual Loops": 1,
      "Plans": [
        {
          "Node Type": "Gather",
          "Parent Relationship": "Outer",
          "Parallel Aware": false,
          "Startup Cost": 38729.02,
          "Total Cost": 38729.33,
          "Plan Rows": 3,
          "Plan Width": 8,
          "Actual Startup Time": 116.343,
          "Actual Total Time": 124.833,
          "Actual Rows": 4,
          "Actual Loops": 1,
          "Workers Planned": 3,
          "Workers Launched": 3,
          "Single Copy": false,
          "Plans": [
            {
              "Node Type": "Aggregate",
              "Strategy": "Plain",
              "Partial Mode": "Partial",
              "Parent Relationship": "Outer",
              "Parallel Aware": false,
              "Startup Cost": 37729.02,
              "Total Cost": 37729.03,
              "Plan Rows": 1,
              "Plan Width": 8,
              "Actual Startup Time": 111.124,
              "Actual Total Time": 111.126,
              "Actual Rows": 1,
              "Actual Loops": 4,
              "Plans": [
                {
                  "Node Type": "Bitmap Heap Scan",
                  "Parent Relationship": "Outer",
                  "Parallel Aware": true,
                  "Relation Name": "movie_keyword",
                  "Alias": "mk",
                  "Startup Cost": 10809.45,
                  "Total Cost": 37318.09,
                  "Plan Rows": 164371,
                  "Plan Width": 0,
                  "Actual Startup Time": 33.187,
                  "Actual Total Time": 104.024,
                  "Actual Rows": 127372,
                  "Actual Loops": 4,
                  "Recheck Cond": "(keyword_id < 373)",
                  "Rows Removed by Index Recheck": 0,
                  "Exact Heap Blocks": 10333,
                  "Lossy Heap Blocks": 0,
                  "Plans": [
                    {
                      "Node Type": "Bitmap Index Scan",
                      "Parent Relationship": "Outer",
                      "Parallel Aware": false,
                      "Index Name": "keyword_id_movie_keyword",
                      "Startup Cost": 0.0,
                      "Total Cost": 10682.07,
                      "Plan Rows": 509551,
                      "Plan Width": 0,
                      "Actual Startup Time": 34.452,
                      "Actual Total Time": 34.452,
                      "Actual Rows": 509486,
                      "Actual Loops": 1,
                      "Index Cond": "(keyword_id < 373)"
                    }
                  ]
                }
              ]
            }
          ]
        }
      ]
    },
    "Planning Time": 0.09,
    "Triggers": [],
    "Execution Time": 124.878
  }
]