[
  {
    "Plan": {
      "Node Type": "Aggregate",
      "Strategy": "Plain",
      "Partial Mode": "Finalize",
      "Parallel Aware": false,
      "Startup Cost": 38433.69,
      "Total Cost": 38433.7,
      "Plan Rows": 1,
      "Plan Width": 8,
      "Actual Startup Time": 222.172,
      "Actual Total Time": 230.658,
      "Actual Rows": 1,
      "Actual Loops": 1,
      "Plans": [
        {
          "Node Type": "Gather",
          "Parent Relationship": "Outer",
          "Parallel Aware": false,
          "Startup Cost": 38433.37,
          "Total Cost": 38433.68,
          "Plan Rows": 3,
          "Plan Width": 8,
          "Actual Startup Time": 221.898,
          "Actual Total Time": 230.65,
          "Actual Rows": 4,
          "Actual Loops": 1,
          "Workers Planned": 3,
          "Workers Launched": 3,
          "Single Copy": false,
          "Plans": [
            {
              "Node Type": "Aggregate",
              "Strategy": "Plain",
              "Partial Mode": "Partial",
              "Parent Relationship": "Outer",
              "Parallel Aware": false,
              "Startup Cost": 37433.37,
              "Total Cost": 37433.38,
              "Plan Rows": 1,
              "Plan Width": 8,
              "Actual Startup Time": 214.528,
              "Actual Total Time": 214.532,
              "Actual Rows": 1,
              "Actual Loops": 4,
              "Plans": [
                {
                  "Node Type": "Bitmap Heap Scan",
                  "Parent Relationship": "Outer",
                  "Parallel Aware": true,
                  "Relation Name": "movie_keyword",
                  "Alias": "mk",
                  "Startup Cost": 10569.02,
                  "Total Cost": 37031.65,
                  "Plan Rows": 160690,
                  "Plan Width": 0,
                  "Actual Startup Time": 135.741,
                  "Actual Total Time": 207.216,
                  "Actual Rows": 127372,
                  "Actual Loops": 4,
                  "Recheck Cond": "(keyword_id < 373)",
                  "Rows Removed by Index Recheck": 0,
                  "Exact Heap Blocks": 11126,
                  "Lossy Heap Blocks": 0,
                  "Plans": [
                    {
                      "Node Type": "Bitmap Index Scan",
                      "Parent Relationship": "Outer",
                      "Parallel Aware": false,
                      "Index Name": "keyword_id_movie_keyword",
                      "Startup Cost": 0.0,
                      "Total Cost": 10444.48,
                      "Plan Rows": 498140,
                      "Plan Width": 0,
                      "Actual Startup Time": 138.488,
                      "Actual Total Time": 138.488,
                      "Actual Rows": 509486,
                      "Actual Loops": 1,
                      "Index Cond": "(keyword_id < 373)"
                    }
                  ]
                }
              ]
            }
          ]
        }
      ]
    },
    "Planning Time": 0.146,
    "Triggers": [],
    "Execution Time": 230.721
  }
]