{
  "Plan": {
    "Node Type": "Aggregate",
    "Strategy": "Plain",
    "Partial Mode": "Finalize",
    "Parallel Aware": false,
    "Startup Cost": 171695.76,
    "Total Cost": 171695.77,
    "Plan Rows": 1,
    "Plan Width": 8,
    "Actual Startup Time": 954.464,
    "Actual Total Time": 974.657,
    "Actual Rows": 1,
    "Actual Loops": 1,
    "Plans": [
      {
        "Node Type": "Gather",
        "Parent Relationship": "Outer",
        "Parallel Aware": false,
        "Startup Cost": 171695.64,
        "Total Cost": 171695.75,
        "Plan Rows": 1,
        "Plan Width": 8,
        "Actual Startup Time": 953.648,
        "Actual Total Time": 974.65,
        "Actual Rows": 2,
        "Actual Loops": 1,
        "Workers Planned": 1,
        "Workers Launched": 1,
        "Single Copy": false,
        "Plans": [
          {
            "Node Type": "Aggregate",
            "Strategy": "Plain",
            "Partial Mode": "Partial",
            "Parent Relationship": "Outer",
            "Parallel Aware": false,
            "Startup Cost": 170695.64,
            "Total Cost": 170695.65,
            "Plan Rows": 1,
            "Plan Width": 8,
            "Actual Startup Time": 947.405,
            "Actual Total Time": 947.408,
            "Actual Rows": 1,
            "Actual Loops": 2,
            "Plans": [
              {
                "Node Type": "Nested Loop",
                "Parent Relationship": "Outer",
                "Parallel Aware": false,
                "Join Type": "Inner",
                "Startup Cost": 43344.88,
                "Total Cost": 170683.86,
                "Plan Rows": 4712,
                "Plan Width": 0,
                "Actual Startup Time": 468.06,
                "Actual Total Time": 940.968,
                "Actual Rows": 129285,
                "Actual Loops": 2,
                "Inner Unique": false,
                "Plans": [
                  {
                    "Node Type": "Merge Join",
                    "Parent Relationship": "Outer",
                    "Parallel Aware": false,
                    "Join Type": "Inner",
                    "Startup Cost": 43344.45,
                    "Total Cost": 149233.62,
                    "Plan Rows": 31325,
                    "Plan Width": 8,
                    "Actual Startup Time": 467.623,
                    "Actual Total Time": 721.712,
                    "Actual Rows": 68961,
                    "Actual Loops": 2,
                    "Inner Unique": false,
                    "Merge Cond": "(t.id = mk.movie_id)",
                    "Plans": [
                      {
                        "Node Type": "Index Scan",
                        "Parent Relationship": "Outer",
                        "Parallel Aware": true,
                        "Scan Direction": "Forward",
                        "Index Name": "title_pkey",
                        "Relation Name": "title",
                        "Alias": "t",
                        "Startup Cost": 0.43,
                        "Total Cost": 103647.43,
                        "Plan Rows": 503626,
                        "Plan Width": 4,
                        "Actual Startup Time": 0.335,
                        "Actual Total Time": 567.395,
                        "Actual Rows": 426410,
                        "Actual Loops": 2,
                        "Filter": "(kind_id < 4)",
                        "Rows Removed by Filter": 836448
                      },
                      {
                        "Node Type": "Sort",
                        "Parent Relationship": "Inner",
                        "Parallel Aware": false,
                        "Startup Cost": 43332.57,
                        "Total Cost": 43725.71,
                        "Plan Rows": 157259,
                        "Plan Width": 4,
                        "Actual Startup Time": 108.414,
                        "Actual Total Time": 118.701,
                        "Actual Rows": 152386,
                        "Actual Loops": 2,
                        "Sort Key": [
                          "mk.movie_id"
                        ],
                        "Sort Method": "quicksort",
                        "Sort Space Used": 13288,
                        "Sort Space Type": "Memory",
                        "Workers": [
                          {
                            "Worker Number": 0,
                            "Sort Method": "quicksort",
                            "Sort Space Used": 13288,
                            "Sort Space Type": "Memory"
                          }
                        ],
                        "Plans": [
                          {
                            "Node Type": "Bitmap Heap Scan",
                            "Parent Relationship": "Outer",
                            "Parallel Aware": false,
                            "Relation Name": "movie_keyword",
                            "Alias": "mk",
                            "Startup Cost": 3339.19,
                            "Total Cost": 29758.93,
                            "Plan Rows": 157259,
                            "Plan Width": 4,
                            "Actual Startup Time": 27.093,
                            "Actual Total Time": 81.735,
                            "Actual Rows": 152386,
                            "Actual Loops": 2,
                            "Recheck Cond": "(keyword_id > 73630)",
                            "Rows Removed by Index Recheck": 0,
                            "Exact Heap Blocks": 19211,
                            "Lossy Heap Blocks": 0,
                            "Plans": [
                              {
                                "Node Type": "Bitmap Index Scan",
                                "Parent Relationship": "Outer",
                                "Parallel Aware": false,
                                "Index Name": "keyword_id_movie_keyword",
                                "Startup Cost": 0.0,
                                "Total Cost": 3299.88,
                                "Plan Rows": 157259,
                                "Plan Width": 0,
                                "Actual Startup Time": 22.852,
                                "Actual Total Time": 22.852,
                                "Actual Rows": 152386,
                                "Actual Loops": 2,
                                "Index Cond": "(keyword_id > 73630)"
                              }
                            ]
                          }
                        ]
                      }
                    ]
                  },
                  {
                    "Node Type": "Index Scan",
                    "Parent Relationship": "Inner",
                    "Parallel Aware": false,
                    "Scan Direction": "Forward",
                    "Index Name": "movie_id_movie_companies",
                    "Relation Name": "movie_companies",
                    "Alias": "mc",
                    "Startup Cost": 0.43,
                    "Total Cost": 0.67,
                    "Plan Rows": 1,
                    "Plan Width": 4,
                    "Actual Startup Time": 0.002,
                    "Actual Total Time": 0.003,
                    "Actual Rows": 2,
                    "Actual Loops": 137922,
                    "Index Cond": "(movie_id = t.id)",
                    "Rows Removed by Index Recheck": 0,
                    "Filter": "((company_id < 1583) AND (company_type_id = 1))",
                    "Rows Removed by Filter": 8
                  }
                ]
              }
            ]
          }
        ]
      }
    ]
  },
  "Planning Time": 1.103,
  "Triggers": [],
  "Execution Time": 974.775
}