[
  {
    "Plan": {
      "Node Type": "Aggregate",
      "Strategy": "Plain",
      "Partial Mode": "Finalize",
      "Parallel Aware": false,
      "Startup Cost": 246235.38,
      "Total Cost": 246235.39,
      "Plan Rows": 1,
      "Plan Width": 8,
      "Actual Startup Time": 755.957,
      "Actual Total Time": 807.928,
      "Actual Rows": 1,
      "Actual Loops": 1,
      "Plans": [
        {
          "Node Type": "Gather",
          "Parent Relationship": "Outer",
          "Parallel Aware": false,
          "Startup Cost": 246234.86,
          "Total Cost": 246235.37,
          "Plan Rows": 5,
          "Plan Width": 8,
          "Actual Startup Time": 754.573,
          "Actual Total Time": 807.915,
          "Actual Rows": 6,
          "Actual Loops": 1,
          "Workers Planned": 5,
          "Workers Launched": 5,
          "Single Copy": false,
          "Plans": [
            {
              "Node Type": "Aggregate",
              "Strategy": "Plain",
              "Partial Mode": "Partial",
              "Parent Relationship": "Outer",
              "Parallel Aware": false,
              "Startup Cost": 245234.86,
              "Total Cost": 245234.87,
              "Plan Rows": 1,
              "Plan Width": 8,
              "Actual Startup Time": 744.272,
              "Actual Total Time": 744.302,
              "Actual Rows": 1,
              "Actual Loops": 6,
              "Plans": [
                {
                  "Node Type": "Hash Join",
                  "Parent Relationship": "Outer",
                  "Parallel Aware": true,
                  "Join Type": "Inner",
                  "Startup Cost": 45621.82,
                  "Total Cost": 245101.23,
                  "Plan Rows": 53452,
                  "Plan Width": 0,
                  "Actual Startup Time": 108.275,
                  "Actual Total Time": 732.906,
                  "Actual Rows": 234087,
                  "Actual Loops": 6,
                  "Inner Unique": true,
                  "Hash Cond": "(mi.movie_id = t.id)",
                  "Plans": [
                    {
                      "Node Type": "Seq Scan",
                      "Parent Relationship": "Outer",
                      "Parallel Aware": true,
                      "Relation Name": "movie_info",
                      "Alias": "mi",
                      "Startup Cost": 0.0,
                      "Total Cost": 191685.19,
                      "Plan Rows": 2969219,
                      "Plan Width": 4,
                      "Actual Startup Time": 0.032,
                      "Actual Total Time": 308.496,
                      "Actual Rows": 2472620,
                      "Actual Loops": 6
                    },
                    {
                      "Node Type": "Hash",
                      "Parent Relationship": "Inner",
                      "Parallel Aware": true,
                      "Startup Cost": 45479.59,
                      "Total Cost": 45479.59,
                      "Plan Rows": 11379,
                      "Plan Width": 4,
                      "Actual Startup Time": 96.68,
                      "Actual Total Time": 96.681,
                      "Actual Rows": 21309,
                      "Actual Loops": 6,
                      "Hash Buckets": 131072,
                      "Original Hash Buckets": 65536,
                      "Hash Batches": 1,
                      "Original Hash Batches": 1,
                      "Peak Memory Usage": 6656,
                      "Plans": [
                        {
                          "Node Type": "Seq Scan",
                          "Parent Relationship": "Outer",
                          "Parallel Aware": true,
                          "Relation Name": "title",
                          "Alias": "t",
                          "Startup Cost": 0.0,
                          "Total Cost": 45479.59,
                          "Plan Rows": 11379,
                          "Plan Width": 4,
                          "Actual Startup Time": 56.139,
                          "Actual Total Time": 85.727,
                          "Actual Rows": 21309,
                          "Actual Loops": 6,
                          "Filter": "((kind_id < 7) AND (production_year < 1935))",
                          "Rows Removed by Filter": 400076
                        }
                      ]
                    }
                  ]
                }
              ]
            }
          ]
        }
      ]
    },
    "Planning Time": 0.583,
    "Triggers": [],
    "Execution Time": 808.006
  }
]