[
  {
    "Plan": {
      "Node Type": "Aggregate",
      "Strategy": "Plain",
      "Partial Mode": "Finalize",
      "Parallel Aware": false,
      "Startup Cost": 246100.87,
      "Total Cost": 246100.88,
      "Plan Rows": 1,
      "Plan Width": 8,
      "Actual Startup Time": 746.779,
      "Actual Total Time": 788.87,
      "Actual Rows": 1,
      "Actual Loops": 1,
      "Plans": [
        {
          "Node Type": "Gather",
          "Parent Relationship": "Outer",
          "Parallel Aware": false,
          "Startup Cost": 246100.35,
          "Total Cost": 246100.86,
          "Plan Rows": 5,
          "Plan Width": 8,
          "Actual Startup Time": 745.709,
          "Actual Total Time": 788.86,
          "Actual Rows": 6,
          "Actual Loops": 1,
          "Workers Planned": 5,
          "Workers Launched": 5,
          "Single Copy": false,
          "Plans": [
            {
              "Node Type": "Aggregate",
              "Strategy": "Plain",
              "Partial Mode": "Partial",
              "Parent Relationship": "Outer",
              "Parallel Aware": false,
              "Startup Cost": 245100.35,
              "Total Cost": 245100.36,
              "Plan Rows": 1,
              "Plan Width": 8,
              "Actual Startup Time": 735.569,
              "Actual Total Time": 735.596,
              "Actual Rows": 1,
              "Actual Loops": 6,
              "Plans": [
                {
                  "Node Type": "Hash Join",
                  "Parent Relationship": "Outer",
                  "Parallel Aware": true,
                  "Join Type": "Inner",
                  "Startup Cost": 45633.82,
                  "Total Cost": 244955.59,
                  "Plan Rows": 57903,
                  "Plan Width": 0,
                  "Actual Startup Time": 100.935,
                  "Actual Total Time": 724.283,
                  "Actual Rows": 234087,
                  "Actual Loops": 6,
                  "Inner Unique": true,
                  "Hash Cond": "(mi.movie_id = t.id)",
                  "Plans": [
                    {
                      "Node Type": "Seq Scan",
                      "Parent Relationship": "Outer",
                      "Parallel Aware": true,
                      "Relation Name": "movie_info",
                      "Alias": "mi",
                      "Startup Cost": 0.0,
                      "Total Cost": 191560.33,
                      "Plan Rows": 2956733,
                      "Plan Width": 4,
                      "Actual Startup Time": 0.024,
                      "Actual Total Time": 301.839,
                      "Actual Rows": 2472620,
                      "Actual Loops": 6
                    },
                    {
                      "Node Type": "Hash",
                      "Parent Relationship": "Inner",
                      "Parallel Aware": true,
                      "Startup Cost": 45479.1,
                      "Total Cost": 45479.1,
                      "Plan Rows": 12378,
                      "Plan Width": 4,
                      "Actual Startup Time": 89.322,
                      "Actual Total Time": 89.322,
                      "Actual Rows": 21309,
                      "Actual Loops": 6,
                      "Hash Buckets": 131072,
                      "Original Hash Buckets": 65536,
                      "Hash Batches": 1,
                      "Original Hash Batches": 1,
                      "Peak Memory Usage": 6656,
                      "Plans": [
                        {
                          "Node Type": "Seq Scan",
                          "Parent Relationship": "Outer",
                          "Parallel Aware": true,
                          "Relation Name": "title",
                          "Alias": "t",
                          "Startup Cost": 0.0,
                          "Total Cost": 45479.1,
                          "Plan Rows": 12378,
                          "Plan Width": 4,
                          "Actual Startup Time": 53.003,
                          "Actual Total Time": 80.074,
                          "Actual Rows": 21309,
                          "Actual Loops": 6,
                          "Filter": "((kind_id < 7) AND (production_year < 1935))",
                          "Rows Removed by Filter": 400076
                        }
                      ]
                    }
                  ]
                }
              ]
            }
          ]
        }
      ]
    },
    "Planning Time": 0.608,
    "Triggers": [],
    "Execution Time": 788.948
  }
]