{
  "Plan": {
    "Node Type": "Aggregate",
    "Strategy": "Plain",
    "Partial Mode": "Finalize",
    "Parallel Aware": false,
    "Startup Cost": 698302.79,
    "Total Cost": 698302.8,
    "Plan Rows": 1,
    "Plan Width": 8,
    "Actual Startup Time": 6507.729,
    "Actual Total Time": 6559.187,
    "Actual Rows": 1,
    "Actual Loops": 1,
    "Plans": [
      {
        "Node Type": "Gather",
        "Parent Relationship": "Outer",
        "Parallel Aware": false,
        "Startup Cost": 698302.68,
        "Total Cost": 698302.79,
        "Plan Rows": 1,
        "Plan Width": 8,
        "Actual Startup Time": 6505.76,
        "Actual Total Time": 6559.178,
        "Actual Rows": 2,
        "Actual Loops": 1,
        "Workers Planned": 1,
        "Workers Launched": 1,
        "Single Copy": false,
        "Plans": [
          {
            "Node Type": "Aggregate",
            "Strategy": "Plain",
            "Partial Mode": "Partial",
            "Parent Relationship": "Outer",
            "Parallel Aware": false,
            "Startup Cost": 697302.68,
            "Total Cost": 697302.69,
            "Plan Rows": 1,
            "Plan Width": 8,
            "Actual Startup Time": 6497.721,
            "Actual Total Time": 6497.724,
            "Actual Rows": 1,
            "Actual Loops": 2,
            "Plans": [
              {
                "Node Type": "Hash Join",
                "Parent Relationship": "Outer",
                "Parallel Aware": true,
                "Join Type": "Inner",
                "Startup Cost": 65568.81,
                "Total Cost": 675922.45,
                "Plan Rows": 8552091,
                "Plan Width": 0,
                "Actual Startup Time": 573.835,
                "Actual Total Time": 6193.524,
                "Actual Rows": 7391322,
                "Actual Loops": 2,
                "Inner Unique": true,
                "Hash Cond": "(ci.movie_id = t.id)",
                "Plans": [
                  {
                    "Node Type": "Seq Scan",
                    "Parent Relationship": "Outer",
                    "Parallel Aware": true,
                    "Relation Name": "cast_info",
                    "Alias": "ci",
                    "Startup Cost": 0.0,
                    "Total Cost": 572345.93,
                    "Plan Rows": 14479102,
                    "Plan Width": 4,
                    "Actual Startup Time": 190.712,
                    "Actual Total Time": 1812.376,
                    "Actual Rows": 11882048,
                    "Actual Loops": 2,
                    "Filter": "((person_id > 690815) AND (role_id < 9))",
                    "Rows Removed by Filter": 6240124
                  },
                  {
                    "Node Type": "Hash",
                    "Parent Relationship": "Inner",
                    "Parallel Aware": true,
                    "Startup Cost": 54588.39,
                    "Total Cost": 54588.39,
                    "Plan Rows": 878434,
                    "Plan Width": 4,
                    "Actual Startup Time": 368.574,
                    "Actual Total Time": 368.575,
                    "Actual Rows": 742515,
                    "Actual Loops": 2,
                    "Hash Buckets": 2097152,
                    "Original Hash Buckets": 2097152,
                    "Hash Batches": 1,
                    "Original Hash Batches": 1,
                    "Peak Memory Usage": 74496,
                    "Plans": [
                      {
                        "Node Type": "Seq Scan",
                        "Parent Relationship": "Outer",
                        "Parallel Aware": true,
                        "Relation Name": "title",
                        "Alias": "t",
                        "Startup Cost": 0.0,
                        "Total Cost": 54588.39,
                        "Plan Rows": 878434,
                        "Plan Width": 4,
                        "Actual Startup Time": 0.028,
                        "Actual Total Time": 166.256,
                        "Actual Rows": 742515,
                        "Actual Loops": 2,
                        "Filter": "(production_year > 1998)",
                        "Rows Removed by Filter": 521641
                      }
                    ]
                  }
                ]
              }
            ]
          }
        ]
      }
    ]
  },
  "Planning Time": 0.711,
  "Triggers": [],
  "Execution Time": 6559.263
}