[
  {
    "Plan": {
      "Node Type": "Aggregate",
      "Strategy": "Plain",
      "Partial Mode": "Finalize",
      "Parallel Aware": false,
      "Startup Cost": 353696.93,
      "Total Cost": 353696.94,
      "Plan Rows": 1,
      "Plan Width": 8,
      "Actual Startup Time": 865.287,
      "Actual Total Time": 912.527,
      "Actual Rows": 1,
      "Actual Loops": 1,
      "Plans": [
        {
          "Node Type": "Gather",
          "Parent Relationship": "Outer",
          "Parallel Aware": false,
          "Startup Cost": 353696.31,
          "Total Cost": 353696.92,
          "Plan Rows": 6,
          "Plan Width": 8,
          "Actual Startup Time": 865.11,
          "Actual Total Time": 912.507,
          "Actual Rows": 7,
          "Actual Loops": 1,
          "Workers Planned": 6,
          "Workers Launched": 6,
          "Single Copy": false,
          "Plans": [
            {
              "Node Type": "Aggregate",
              "Strategy": "Plain",
              "Partial Mode": "Partial",
              "Parent Relationship": "Outer",
              "Parallel Aware": false,
              "Startup Cost": 352696.31,
              "Total Cost": 352696.32,
              "Plan Rows": 1,
              "Plan Width": 8,
              "Actual Startup Time": 860.038,
              "Actual Total Time": 860.039,
              "Actual Rows": 1,
              "Actual Loops": 7,
              "Plans": [
                {
                  "Node Type": "Seq Scan",
                  "Parent Relationship": "Outer",
                  "Parallel Aware": true,
                  "Relation Name": "cast_info",
                  "Alias": "ci",
                  "Startup Cost": 0.0,
                  "Total Cost": 343316.27,
                  "Plan Rows": 3752015,
                  "Plan Width": 0,
                  "Actual Startup Time": 0.032,
                  "Actual Total Time": 692.082,
                  "Actual Rows": 3727275,
                  "Actual Loops": 7,
                  "Filter": "((person_id < 3071776) AND (role_id < 5))",
                  "Rows Removed by Filter": 1450489
                }
              ]
            }
          ]
        }
      ]
    },
    "Planning Time": 0.208,
    "Triggers": [],
    "Execution Time": 912.59
  }
]