[
  {
    "Plan": {
      "Node Type": "Aggregate",
      "Strategy": "Plain",
      "Partial Mode": "Finalize",
      "Parallel Aware": false,
      "Startup Cost": 47579.32,
      "Total Cost": 47579.33,
      "Plan Rows": 1,
      "Plan Width": 8,
      "Actual Startup Time": 139.059,
      "Actual Total Time": 158.396,
      "Actual Rows": 1,
      "Actual Loops": 1,
      "Plans": [
        {
          "Node Type": "Gather",
          "Parent Relationship": "Outer",
          "Parallel Aware": false,
          "Startup Cost": 47578.9,
          "Total Cost": 47579.31,
          "Plan Rows": 4,
          "Plan Width": 8,
          "Actual Startup Time": 138.886,
          "Actual Total Time": 158.38,
          "Actual Rows": 5,
          "Actual Loops": 1,
          "Workers Planned": 4,
          "Workers Launched": 4,
          "Single Copy": false,
          "Plans": [
            {
              "Node Type": "Aggregate",
              "Strategy": "Plain",
              "Partial Mode": "Partial",
              "Parent Relationship": "Outer",
              "Parallel Aware": false,
              "Startup Cost": 46578.9,
              "Total Cost": 46578.91,
              "Plan Rows": 1,
              "Plan Width": 8,
              "Actual Startup Time": 131.55,
              "Actual Total Time": 131.551,
              "Actual Rows": 1,
              "Actual Loops": 5,
              "Plans": [
                {
                  "Node Type": "Seq Scan",
                  "Parent Relationship": "Outer",
                  "Parallel Aware": true,
                  "Relation Name": "title",
                  "Alias": "t",
                  "Startup Cost": 0.0,
                  "Total Cost": 45479.59,
                  "Plan Rows": 439724,
                  "Plan Width": 0,
                  "Actual Startup Time": 0.04,
                  "Actual Total Time": 109.473,
                  "Actual Rows": 359981,
                  "Actual Loops": 5,
                  "Filter": "((kind_id > 1) AND (production_year > 1917))",
                  "Rows Removed by Filter": 145681
                }
              ]
            }
          ]
        }
      ]
    },
    "Planning Time": 0.184,
    "Triggers": [],
    "Execution Time": 158.444
  }
]