[
    {
        "Bao": {
            "Bao prediction": "NaN",
            "Bao recommended hint": "(no hint)"
        }
    },
    {
        "Plan": {
            "Node Type": "Aggregate",
            "Strategy": "Plain",
            "Partial Mode": "Finalize",
            "Parallel Aware": false,
            "Startup Cost": 30181.21,
            "Total Cost": 30181.22,
            "Plan Rows": 1,
            "Plan Width": 8,
            "Actual Startup Time": 68.447,
            "Actual Total Time": 75.683,
            "Actual Rows": 1,
            "Actual Loops": 1,
            "Output": [
                "count(*)"
            ],
            "Plans": [
                {
                    "Node Type": "Gather",
                    "Parent Relationship": "Outer",
                    "Parallel Aware": false,
                    "Startup Cost": 30180.89,
                    "Total Cost": 30181.2,
                    "Plan Rows": 3,
                    "Plan Width": 8,
                    "Actual Startup Time": 68.212,
                    "Actual Total Time": 75.675,
                    "Actual Rows": 4,
                    "Actual Loops": 1,
                    "Output": [
                        "(PARTIAL count(*))"
                    ],
                    "Workers Planned": 3,
                    "Workers Launched": 3,
                    "Single Copy": false,
                    "Plans": [
                        {
                            "Node Type": "Aggregate",
                            "Strategy": "Plain",
                            "Partial Mode": "Partial",
                            "Parent Relationship": "Outer",
                            "Parallel Aware": false,
                            "Startup Cost": 29180.89,
                            "Total Cost": 29180.9,
                            "Plan Rows": 1,
                            "Plan Width": 8,
                            "Actual Startup Time": 59.547,
                            "Actual Total Time": 59.548,
                            "Actual Rows": 1,
                            "Actual Loops": 4,
                            "Output": [
                                "PARTIAL count(*)"
                            ],
                            "Workers": [
                                {
                                    "Worker Number": 0,
                                    "Actual Startup Time": 56.335,
                                    "Actual Total Time": 56.337,
                                    "Actual Rows": 1,
                                    "Actual Loops": 1
                                },
                                {
                                    "Worker Number": 1,
                                    "Actual Startup Time": 56.913,
                                    "Actual Total Time": 56.914,
                                    "Actual Rows": 1,
                                    "Actual Loops": 1
                                },
                                {
                                    "Worker Number": 2,
                                    "Actual Startup Time": 56.969,
                                    "Actual Total Time": 56.97,
                                    "Actual Rows": 1,
                                    "Actual Loops": 1
                                }
                            ],
                            "Plans": [
                                {
                                    "Node Type": "Bitmap Heap Scan",
                                    "Parent Relationship": "Outer",
                                    "Parallel Aware": true,
                                    "Relation Name": "movie_keyword",
                                    "Schema": "public",
                                    "Alias": "mk",
                                    "Startup Cost": 3849.58,
                                    "Total Cost": 29034.67,
                                    "Plan Rows": 58487,
                                    "Plan Width": 0,
                                    "Actual Startup Time": 7.608,
                                    "Actual Total Time": 56.521,
                                    "Actual Rows": 44266,
                                    "Actual Loops": 4,
                                    "Recheck Cond": "(mk.keyword_id > 71742)",
                                    "Rows Removed by Index Recheck": 0,
                                    "Exact Heap Blocks": 12445,
                                    "Lossy Heap Blocks": 0,
                                    "Workers": [
                                        {
                                            "Worker Number": 0,
                                            "Actual Startup Time": 4.587,
                                            "Actual Total Time": 53.759,
                                            "Actual Rows": 22698,
                                            "Actual Loops": 1
                                        },
                                        {
                                            "Worker Number": 1,
                                            "Actual Startup Time": 4.995,
                                            "Actual Total Time": 54.279,
                                            "Actual Rows": 22950,
                                            "Actual Loops": 1
                                        },
                                        {
                                            "Worker Number": 2,
                                            "Actual Startup Time": 5.057,
                                            "Actual Total Time": 54.575,
                                            "Actual Rows": 20650,
                                            "Actual Loops": 1
                                        }
                                    ],
                                    "Plans": [
                                        {
                                            "Node Type": "Bitmap Index Scan",
                                            "Parent Relationship": "Outer",
                                            "Parallel Aware": false,
                                            "Index Name": "keyword_id_movie_keyword",
                                            "Startup Cost": 0.0,
                                            "Total Cost": 3804.26,
                                            "Plan Rows": 181310,
                                            "Plan Width": 0,
                                            "Actual Startup Time": 12.94,
                                            "Actual Total Time": 12.94,
                                            "Actual Rows": 177066,
                                            "Actual Loops": 1,
                                            "Index Cond": "(mk.keyword_id > 71742)"
                                        }
                                    ]
                                }
                            ]
                        }
                    ]
                }
            ]
        },
        "Planning Time": 210.036,
        "Triggers": [],
        "Execution Time": 75.734
    }
]