[
    {
        "Bao": {
            "Bao prediction": 218.958,
            "Bao recommended hint": "(no hint)"
        }
    },
    {
        "Plan": {
            "Node Type": "Aggregate",
            "Strategy": "Plain",
            "Partial Mode": "Finalize",
            "Parallel Aware": false,
            "Startup Cost": 19569.46,
            "Total Cost": 19569.47,
            "Plan Rows": 1,
            "Plan Width": 68,
            "Actual Startup Time": 810.778,
            "Actual Total Time": 833.131,
            "Actual Rows": 1,
            "Actual Loops": 1,
            "Output": [
                "min(mc.note)",
                "min(t.title)",
                "min(t.production_year)"
            ],
            "Plans": [
                {
                    "Node Type": "Gather",
                    "Parent Relationship": "Outer",
                    "Parallel Aware": false,
                    "Startup Cost": 19569.23,
                    "Total Cost": 19569.44,
                    "Plan Rows": 2,
                    "Plan Width": 68,
                    "Actual Startup Time": 810.48,
                    "Actual Total Time": 833.115,
                    "Actual Rows": 3,
                    "Actual Loops": 1,
                    "Output": [
                        "(PARTIAL min(mc.note))",
                        "(PARTIAL min(t.title))",
                        "(PARTIAL min(t.production_year))"
                    ],
                    "Workers Planned": 2,
                    "Workers Launched": 2,
                    "Single Copy": false,
                    "Plans": [
                        {
                            "Node Type": "Aggregate",
                            "Strategy": "Plain",
                            "Partial Mode": "Partial",
                            "Parent Relationship": "Outer",
                            "Parallel Aware": false,
                            "Startup Cost": 18569.23,
                            "Total Cost": 18569.24,
                            "Plan Rows": 1,
                            "Plan Width": 68,
                            "Actual Startup Time": 800.763,
                            "Actual Total Time": 800.768,
                            "Actual Rows": 1,
                            "Actual Loops": 3,
                            "Output": [
                                "PARTIAL min(mc.note)",
                                "PARTIAL min(t.title)",
                                "PARTIAL min(t.production_year)"
                            ],
                            "Workers": [
                                {
                                    "Worker Number": 0,
                                    "Actual Startup Time": 796.615,
                                    "Actual Total Time": 796.622,
                                    "Actual Rows": 1,
                                    "Actual Loops": 1
                                },
                                {
                                    "Worker Number": 1,
                                    "Actual Startup Time": 796.703,
                                    "Actual Total Time": 796.708,
                                    "Actual Rows": 1,
                                    "Actual Loops": 1
                                }
                            ],
                            "Plans": [
                                {
                                    "Node Type": "Nested Loop",
                                    "Parent Relationship": "Outer",
                                    "Parallel Aware": false,
                                    "Join Type": "Inner",
                                    "Startup Cost": 4.35,
                                    "Total Cost": 18568.97,
                                    "Plan Rows": 35,
                                    "Plan Width": 45,
                                    "Actual Startup Time": 4.458,
                                    "Actual Total Time": 798.251,
                                    "Actual Rows": 6875,
                                    "Actual Loops": 3,
                                    "Output": [
                                        "mc.note",
                                        "t.title",
                                        "t.production_year"
                                    ],
                                    "Inner Unique": true,
                                    "Join Filter": "(mc.movie_id = t.id)",
                                    "Rows Removed by Join Filter": 0,
                                    "Workers": [
                                        {
                                            "Worker Number": 0,
                                            "Actual Startup Time": 7.011,
                                            "Actual Total Time": 794.19,
                                            "Actual Rows": 6775,
                                            "Actual Loops": 1
                                        },
                                        {
                                            "Worker Number": 1,
                                            "Actual Startup Time": 2.252,
                                            "Actual Total Time": 794.14,
                                            "Actual Rows": 6885,
                                            "Actual Loops": 1
                                        }
                                    ],
                                    "Plans": [
                                        {
                                            "Node Type": "Hash Join",
                                            "Parent Relationship": "Outer",
                                            "Parallel Aware": false,
                                            "Join Type": "Inner",
                                            "Startup Cost": 3.92,
                                            "Total Cost": 18548.3,
                                            "Plan Rows": 35,
                                            "Plan Width": 32,
                                            "Actual Startup Time": 4.292,
                                            "Actual Total Time": 758.556,
                                            "Actual Rows": 6875,
                                            "Actual Loops": 3,
                                            "Output": [
                                                "mc.note",
                                                "mc.movie_id",
                                                "mi_idx.movie_id"
                                            ],
                                            "Inner Unique": true,
                                            "Hash Cond": "(mc.company_type_id = ct.id)",
                                            "Workers": [
                                                {
                                                    "Worker Number": 0,
                                                    "Actual Startup Time": 6.811,
                                                    "Actual Total Time": 754.668,
                                                    "Actual Rows": 6775,
                                                    "Actual Loops": 1
                                                },
                                                {
                                                    "Worker Number": 1,
                                                    "Actual Startup Time": 2.044,
                                                    "Actual Total Time": 754.248,
                                                    "Actual Rows": 6885,
                                                    "Actual Loops": 1
                                                }
                                            ],
                                            "Plans": [
                                                {
                                                    "Node Type": "Nested Loop",
                                                    "Parent Relationship": "Outer",
                                                    "Parallel Aware": false,
                                                    "Join Type": "Inner",
                                                    "Startup Cost": 2.86,
                                                    "Total Cost": 18546.47,
                                                    "Plan Rows": 142,
                                                    "Plan Width": 36,
                                                    "Actual Startup Time": 3.953,
                                                    "Actual Total Time": 755.553,
                                                    "Actual Rows": 6945,
                                                    "Actual Loops": 3,
                                                    "Output": [
                                                        "mi_idx.movie_id",
                                                        "mc.note",
                                                        "mc.company_type_id",
                                                        "mc.movie_id"
                                                    ],
                                                    "Inner Unique": false,
                                                    "Workers": [
                                                        {
                                                            "Worker Number": 0,
                                                            "Actual Startup Time": 6.385,
                                                            "Actual Total Time": 751.637,
                                                            "Actual Rows": 6842,
                                                            "Actual Loops": 1
                                                        },
                                                        {
                                                            "Worker Number": 1,
                                                            "Actual Startup Time": 1.625,
                                                            "Actual Total Time": 751.207,
                                                            "Actual Rows": 6956,
                                                            "Actual Loops": 1
                                                        }
                                                    ],
                                                    "Plans": [
                                                        {
                                                            "Node Type": "Hash Join",
                                                            "Parent Relationship": "Outer",
                                                            "Parallel Aware": false,
                                                            "Join Type": "Inner",
                                                            "Startup Cost": 2.43,
                                                            "Total Cost": 15253.6,
                                                            "Plan Rows": 5089,
                                                            "Plan Width": 4,
                                                            "Actual Startup Time": 0.176,
                                                            "Actual Total Time": 145.284,
                                                            "Actual Rows": 153308,
                                                            "Actual Loops": 3,
                                                            "Output": [
                                                                "mi_idx.movie_id"
                                                            ],
                                                            "Inner Unique": true,
                                                            "Hash Cond": "(mi_idx.info_type_id = it.id)",
                                                            "Workers": [
                                                                {
                                                                    "Worker Number": 0,
                                                                    "Actual Startup Time": 0.195,
                                                                    "Actual Total Time": 140.992,
                                                                    "Actual Rows": 151943,
                                                                    "Actual Loops": 1
                                                                },
                                                                {
                                                                    "Worker Number": 1,
                                                                    "Actual Startup Time": 0.198,
                                                                    "Actual Total Time": 149.93,
                                                                    "Actual Rows": 151429,
                                                                    "Actual Loops": 1
                                                                }
                                                            ],
                                                            "Plans": [
                                                                {
                                                                    "Node Type": "Seq Scan",
                                                                    "Parent Relationship": "Outer",
                                                                    "Parallel Aware": true,
                                                                    "Relation Name": "movie_info_idx",
                                                                    "Schema": "public",
                                                                    "Alias": "mi_idx",
                                                                    "Startup Cost": 0.0,
                                                                    "Total Cost": 13685.15,
                                                                    "Plan Rows": 575015,
                                                                    "Plan Width": 8,
                                                                    "Actual Startup Time": 0.043,
                                                                    "Actual Total Time": 61.266,
                                                                    "Actual Rows": 460012,
                                                                    "Actual Loops": 3,
                                                                    "Output": [
                                                                        "mi_idx.id",
                                                                        "mi_idx.movie_id",
                                                                        "mi_idx.info_type_id",
                                                                        "mi_idx.info",
                                                                        "mi_idx.note"
                                                                    ],
                                                                    "Workers": [
                                                                        {
                                                                            "Worker Number": 0,
                                                                            "Actual Startup Time": 0.056,
                                                                            "Actual Total Time": 57.987,
                                                                            "Actual Rows": 455839,
                                                                            "Actual Loops": 1
                                                                        },
                                                                        {
                                                                            "Worker Number": 1,
                                                                            "Actual Startup Time": 0.058,
                                                                            "Actual Total Time": 66.496,
                                                                            "Actual Rows": 454302,
                                                                            "Actual Loops": 1
                                                                        }
                                                                    ]
                                                                },
                                                                {
                                                                    "Node Type": "Hash",
                                                                    "Parent Relationship": "Inner",
                                                                    "Parallel Aware": false,
                                                                    "Startup Cost": 2.41,
                                                                    "Total Cost": 2.41,
                                                                    "Plan Rows": 1,
                                                                    "Plan Width": 4,
                                                                    "Actual Startup Time": 0.073,
                                                                    "Actual Total Time": 0.074,
                                                                    "Actual Rows": 1,
                                                                    "Actual Loops": 3,
                                                                    "Output": [
                                                                        "it.id"
                                                                    ],
                                                                    "Hash Buckets": 1024,
                                                                    "Original Hash Buckets": 1024,
                                                                    "Hash Batches": 1,
                                                                    "Original Hash Batches": 1,
                                                                    "Peak Memory Usage": 9,
                                                                    "Workers": [
                                                                        {
                                                                            "Worker Number": 0,
                                                                            "Actual Startup Time": 0.084,
                                                                            "Actual Total Time": 0.085,
                                                                            "Actual Rows": 1,
                                                                            "Actual Loops": 1
                                                                        },
                                                                        {
                                                                            "Worker Number": 1,
                                                                            "Actual Startup Time": 0.083,
                                                                            "Actual Total Time": 0.084,
                                                                            "Actual Rows": 1,
                                                                            "Actual Loops": 1
                                                                        }
                                                                    ],
                                                                    "Plans": [
                                                                        {
                                                                            "Node Type": "Seq Scan",
                                                                            "Parent Relationship": "Outer",
                                                                            "Parallel Aware": false,
                                                                            "Relation Name": "info_type",
                                                                            "Schema": "public",
                                                                            "Alias": "it",
                                                                            "Startup Cost": 0.0,
                                                                            "Total Cost": 2.41,
                                                                            "Plan Rows": 1,
                                                                            "Plan Width": 4,
                                                                            "Actual Startup Time": 0.057,
                                                                            "Actual Total Time": 0.062,
                                                                            "Actual Rows": 1,
                                                                            "Actual Loops": 3,
                                                                            "Output": [
                                                                                "it.id"
                                                                            ],
                                                                            "Filter": "((it.info)::text = 'votes'::text)",
                                                                            "Rows Removed by Filter": 112,
                                                                            "Workers": [
                                                                                {
                                                                                    "Worker Number": 0,
                                                                                    "Actual Startup Time": 0.068,
                                                                                    "Actual Total Time": 0.073,
                                                                                    "Actual Rows": 1,
                                                                                    "Actual Loops": 1
                                                                                },
                                                                                {
                                                                                    "Worker Number": 1,
                                                                                    "Actual Startup Time": 0.067,
                                                                                    "Actual Total Time": 0.072,
                                                                                    "Actual Rows": 1,
                                                                                    "Actual Loops": 1
                                                                                }
                                                                            ]
                                                                        }
                                                                    ]
                                                                }
                                                            ]
                                                        },
                                                        {
                                                            "Node Type": "Index Scan",
                                                            "Parent Relationship": "Inner",
                                                            "Parallel Aware": false,
                                                            "Scan Direction": "Forward",
                                                            "Index Name": "movie_id_movie_companies",
                                                            "Relation Name": "movie_companies",
                                                            "Schema": "public",
                                                            "Alias": "mc",
                                                            "Startup Cost": 0.43,
                                                            "Total Cost": 0.64,
                                                            "Plan Rows": 1,
                                                            "Plan Width": 32,
                                                            "Actual Startup Time": 0.004,
                                                            "Actual Total Time": 0.004,
                                                            "Actual Rows": 0,
                                                            "Actual Loops": 459925,
                                                            "Output": [
                                                                "mc.id",
                                                                "mc.movie_id",
                                                                "mc.company_id",
                                                                "mc.company_type_id",
                                                                "mc.note"
                                                            ],
                                                            "Index Cond": "(mc.movie_id = mi_idx.movie_id)",
                                                            "Rows Removed by Index Recheck": 0,
                                                            "Filter": "((mc.note !~~ '%(as Metro-Goldwyn-Mayer Pictures)%'::text) AND ((mc.note ~~ '%(co-production)%'::text) OR (mc.note ~~ '%(presents)%'::text)))",
                                                            "Rows Removed by Filter": 3,
                                                            "Workers": [
                                                                {
                                                                    "Worker Number": 0,
                                                                    "Actual Startup Time": 0.004,
                                                                    "Actual Total Time": 0.004,
                                                                    "Actual Rows": 0,
                                                                    "Actual Loops": 151943
                                                                },
                                                                {
                                                                    "Worker Number": 1,
                                                                    "Actual Startup Time": 0.004,
                                                                    "Actual Total Time": 0.004,
                                                                    "Actual Rows": 0,
                                                                    "Actual Loops": 151429
                                                                }
                                                            ]
                                                        }
                                                    ]
                                                },
                                                {
                                                    "Node Type": "Hash",
                                                    "Parent Relationship": "Inner",
                                                    "Parallel Aware": false,
                                                    "Startup Cost": 1.05,
                                                    "Total Cost": 1.05,
                                                    "Plan Rows": 1,
                                                    "Plan Width": 4,
                                                    "Actual Startup Time": 0.074,
                                                    "Actual Total Time": 0.074,
                                                    "Actual Rows": 1,
                                                    "Actual Loops": 3,
                                                    "Output": [
                                                        "ct.id"
                                                    ],
                                                    "Hash Buckets": 1024,
                                                    "Original Hash Buckets": 1024,
                                                    "Hash Batches": 1,
                                                    "Original Hash Batches": 1,
                                                    "Peak Memory Usage": 9,
                                                    "Workers": [
                                                        {
                                                            "Worker Number": 0,
                                                            "Actual Startup Time": 0.089,
                                                            "Actual Total Time": 0.09,
                                                            "Actual Rows": 1,
                                                            "Actual Loops": 1
                                                        },
                                                        {
                                                            "Worker Number": 1,
                                                            "Actual Startup Time": 0.091,
                                                            "Actual Total Time": 0.091,
                                                            "Actual Rows": 1,
                                                            "Actual Loops": 1
                                                        }
                                                    ],
                                                    "Plans": [
                                                        {
                                                            "Node Type": "Seq Scan",
                                                            "Parent Relationship": "Outer",
                                                            "Parallel Aware": false,
                                                            "Relation Name": "company_type",
                                                            "Schema": "public",
                                                            "Alias": "ct",
                                                            "Startup Cost": 0.0,
                                                            "Total Cost": 1.05,
                                                            "Plan Rows": 1,
                                                            "Plan Width": 4,
                                                            "Actual Startup Time": 0.048,
                                                            "Actual Total Time": 0.051,
                                                            "Actual Rows": 1,
                                                            "Actual Loops": 3,
                                                            "Output": [
                                                                "ct.id"
                                                            ],
                                                            "Filter": "((ct.kind)::text = 'production companies'::text)",
                                                            "Rows Removed by Filter": 3,
                                                            "Workers": [
                                                                {
                                                                    "Worker Number": 0,
                                                                    "Actual Startup Time": 0.06,
                                                                    "Actual Total Time": 0.063,
                                                                    "Actual Rows": 1,
                                                                    "Actual Loops": 1
                                                                },
                                                                {
                                                                    "Worker Number": 1,
                                                                    "Actual Startup Time": 0.061,
                                                                    "Actual Total Time": 0.065,
                                                                    "Actual Rows": 1,
                                                                    "Actual Loops": 1
                                                                }
                                                            ]
                                                        }
                                                    ]
                                                }
                                            ]
                                        },
                                        {
                                            "Node Type": "Index Scan",
                                            "Parent Relationship": "Inner",
                                            "Parallel Aware": false,
                                            "Scan Direction": "Forward",
                                            "Index Name": "title_pkey",
                                            "Relation Name": "title",
                                            "Schema": "public",
                                            "Alias": "t",
                                            "Startup Cost": 0.43,
                                            "Total Cost": 0.58,
                                            "Plan Rows": 1,
                                            "Plan Width": 25,
                                            "Actual Startup Time": 0.005,
                                            "Actual Total Time": 0.005,
                                            "Actual Rows": 1,
                                            "Actual Loops": 20624,
                                            "Output": [
                                                "t.id",
                                                "t.title",
                                                "t.imdb_index",
                                                "t.kind_id",
                                                "t.production_year",
                                                "t.imdb_id",
                                                "t.phonetic_code",
                                                "t.episode_of_id",
                                                "t.season_nr",
                                                "t.episode_nr",
                                                "t.series_years",
                                                "t.md5sum"
                                            ],
                                            "Index Cond": "(t.id = mi_idx.movie_id)",
                                            "Rows Removed by Index Recheck": 0,
                                            "Workers": [
                                                {
                                                    "Worker Number": 0,
                                                    "Actual Startup Time": 0.005,
                                                    "Actual Total Time": 0.005,
                                                    "Actual Rows": 1,
                                                    "Actual Loops": 6775
                                                },
                                                {
                                                    "Worker Number": 1,
                                                    "Actual Startup Time": 0.005,
                                                    "Actual Total Time": 0.005,
                                                    "Actual Rows": 1,
                                                    "Actual Loops": 6885
                                                }
                                            ]
                                        }
                                    ]
                                }
                            ]
                        }
                    ]
                }
            ]
        },
        "Planning Time": 696.721,
        "Triggers": [],
        "Execution Time": 833.767
    }
]