{
  "Plan": {
    "Node Type": "Aggregate",
    "Strategy": "Plain",
    "Partial Mode": "Finalize",
    "Parallel Aware": false,
    "Startup Cost": 369605.51,
    "Total Cost": 369605.52,
    "Plan Rows": 1,
    "Plan Width": 8,
    "Actual Startup Time": 1520.057,
    "Actual Total Time": 1536.335,
    "Actual Rows": 1,
    "Actual Loops": 1,
    "Plans": [
      {
        "Node Type": "Gather",
        "Parent Relationship": "Outer",
        "Parallel Aware": false,
        "Startup Cost": 369605.4,
        "Total Cost": 369605.51,
        "Plan Rows": 1,
        "Plan Width": 8,
        "Actual Startup Time": 1517.072,
        "Actual Total Time": 1536.327,
        "Actual Rows": 2,
        "Actual Loops": 1,
        "Workers Planned": 1,
        "Workers Launched": 1,
        "Single Copy": false,
        "Plans": [
          {
            "Node Type": "Aggregate",
            "Strategy": "Plain",
            "Partial Mode": "Partial",
            "Parent Relationship": "Outer",
            "Parallel Aware": false,
            "Startup Cost": 368605.4,
            "Total Cost": 368605.41,
            "Plan Rows": 1,
            "Plan Width": 8,
            "Actual Startup Time": 1510.36,
            "Actual Total Time": 1510.366,
            "Actual Rows": 1,
            "Actual Loops": 2,
            "Plans": [
              {
                "Node Type": "Hash Join",
                "Parent Relationship": "Outer",
                "Parallel Aware": true,
                "Join Type": "Inner",
                "Startup Cost": 168625.05,
                "Total Cost": 367516.01,
                "Plan Rows": 435754,
                "Plan Width": 0,
                "Actual Startup Time": 852.436,
                "Actual Total Time": 1478.016,
                "Actual Rows": 759670,
                "Actual Loops": 2,
                "Inner Unique": false,
                "Hash Cond": "(mi.movie_id = t.id)",
                "Plans": [
                  {
                    "Node Type": "Bitmap Heap Scan",
                    "Parent Relationship": "Outer",
                    "Parallel Aware": true,
                    "Relation Name": "movie_info",
                    "Alias": "mi",
                    "Startup Cost": 65065.95,
                    "Total Cost": 253470.26,
                    "Plan Rows": 2112905,
                    "Plan Width": 4,
                    "Actual Startup Time": 110.943,
                    "Actual Total Time": 285.468,
                    "Actual Rows": 1812488,
                    "Actual Loops": 2,
                    "Recheck Cond": "(info_type_id < 4)",
                    "Rows Removed by Index Recheck": 0,
                    "Exact Heap Blocks": 12457,
                    "Lossy Heap Blocks": 0,
                    "Plans": [
                      {
                        "Node Type": "Bitmap Index Scan",
                        "Parent Relationship": "Outer",
                        "Parallel Aware": false,
                        "Index Name": "info_type_id_movie_info",
                        "Startup Cost": 0.0,
                        "Total Cost": 64167.97,
                        "Plan Rows": 3591938,
                        "Plan Width": 0,
                        "Actual Startup Time": 107.432,
                        "Actual Total Time": 107.433,
                        "Actual Rows": 3624977,
                        "Actual Loops": 1,
                        "Index Cond": "(info_type_id < 4)"
                      }
                    ]
                  },
                  {
                    "Node Type": "Hash",
                    "Parent Relationship": "Inner",
                    "Parallel Aware": true,
                    "Startup Cost": 99725.12,
                    "Total Cost": 99725.12,
                    "Plan Rows": 306718,
                    "Plan Width": 8,
                    "Actual Startup Time": 732.522,
                    "Actual Total Time": 732.526,
                    "Actual Rows": 265844,
                    "Actual Loops": 2,
                    "Hash Buckets": 1048576,
                    "Original Hash Buckets": 524288,
                    "Hash Batches": 1,
                    "Original Hash Batches": 1,
                    "Peak Memory Usage": 33120,
                    "Plans": [
                      {
                        "Node Type": "Hash Join",
                        "Parent Relationship": "Outer",
                        "Parallel Aware": true,
                        "Join Type": "Inner",
                        "Startup Cost": 37755.4,
                        "Total Cost": 99725.12,
                        "Plan Rows": 306718,
                        "Plan Width": 8,
                        "Actual Startup Time": 174.698,
                        "Actual Total Time": 638.101,
                        "Actual Rows": 265844,
                        "Actual Loops": 2,
                        "Inner Unique": false,
                        "Hash Cond": "(t.id = mc.movie_id)",
                        "Plans": [
                          {
                            "Node Type": "Seq Scan",
                            "Parent Relationship": "Outer",
                            "Parallel Aware": true,
                            "Relation Name": "title",
                            "Alias": "t",
                            "Startup Cost": 0.0,
                            "Total Cost": 50870.31,
                            "Plan Rows": 1487231,
                            "Plan Width": 4,
                            "Actual Startup Time": 0.011,
                            "Actual Total Time": 130.465,
                            "Actual Rows": 1264156,
                            "Actual Loops": 2
                          },
                          {
                            "Node Type": "Hash",
                            "Parent Relationship": "Inner",
                            "Parallel Aware": true,
                            "Startup Cost": 33921.42,
                            "Total Cost": 33921.42,
                            "Plan Rows": 306718,
                            "Plan Width": 4,
                            "Actual Startup Time": 171.216,
                            "Actual Total Time": 171.218,
                            "Actual Rows": 265844,
                            "Actual Loops": 2,
                            "Hash Buckets": 1048576,
                            "Original Hash Buckets": 524288,
                            "Hash Batches": 1,
                            "Original Hash Batches": 1,
                            "Peak Memory Usage": 33120,
                            "Plans": [
                              {
                                "Node Type": "Bitmap Heap Scan",
                                "Parent Relationship": "Outer",
                                "Parallel Aware": true,
                                "Relation Name": "movie_companies",
                                "Alias": "mc",
                                "Startup Cost": 11297.44,
                                "Total Cost": 33921.42,
                                "Plan Rows": 306718,
                                "Plan Width": 4,
                                "Actual Startup Time": 38.002,
                                "Actual Total Time": 89.129,
                                "Actual Rows": 265844,
                                "Actual Loops": 2,
                                "Recheck Cond": "(company_id > 72646)",
                                "Rows Removed by Index Recheck": 0,
                                "Exact Heap Blocks": 4659,
                                "Lossy Heap Blocks": 0,
                                "Plans": [
                                  {
                                    "Node Type": "Bitmap Index Scan",
                                    "Parent Relationship": "Outer",
                                    "Parallel Aware": false,
                                    "Index Name": "company_id_movie_companies",
                                    "Startup Cost": 0.0,
                                    "Total Cost": 11167.09,
                                    "Plan Rows": 521421,
                                    "Plan Width": 0,
                                    "Actual Startup Time": 36.881,
                                    "Actual Total Time": 36.881,
                                    "Actual Rows": 531689,
                                    "Actual Loops": 1,
                                    "Index Cond": "(company_id > 72646)"
                                  }
                                ]
                              }
                            ]
                          }
                        ]
                      }
                    ]
                  }
                ]
              }
            ]
          }
        ]
      }
    ]
  },
  "Planning Time": 0.7,
  "Triggers": [],
  "Execution Time": 1536.452
}