[
  {
    "Plan": {
      "Node Type": "Aggregate",
      "Strategy": "Plain",
      "Partial Mode": "Finalize",
      "Parallel Aware": false,
      "Startup Cost": 100040.08,
      "Total Cost": 100040.09,
      "Plan Rows": 1,
      "Plan Width": 8,
      "Actual Startup Time": 759.701,
      "Actual Total Time": 779.067,
      "Actual Rows": 1,
      "Actual Loops": 1,
      "Plans": [
        {
          "Node Type": "Gather",
          "Parent Relationship": "Outer",
          "Parallel Aware": false,
          "Startup Cost": 100039.76,
          "Total Cost": 100040.07,
          "Plan Rows": 3,
          "Plan Width": 8,
          "Actual Startup Time": 742.673,
          "Actual Total Time": 779.057,
          "Actual Rows": 4,
          "Actual Loops": 1,
          "Workers Planned": 3,
          "Workers Launched": 3,
          "Single Copy": false,
          "Plans": [
            {
              "Node Type": "Aggregate",
              "Strategy": "Plain",
              "Partial Mode": "Partial",
              "Parent Relationship": "Outer",
              "Parallel Aware": false,
              "Startup Cost": 99039.76,
              "Total Cost": 99039.77,
              "Plan Rows": 1,
              "Plan Width": 8,
              "Actual Startup Time": 724.67,
              "Actual Total Time": 724.674,
              "Actual Rows": 1,
              "Actual Loops": 4,
              "Plans": [
                {
                  "Node Type": "Hash Join",
                  "Parent Relationship": "Outer",
                  "Parallel Aware": true,
                  "Join Type": "Inner",
                  "Startup Cost": 50562.53,
                  "Total Cost": 96464.57,
                  "Plan Rows": 1030077,
                  "Plan Width": 0,
                  "Actual Startup Time": 387.489,
                  "Actual Total Time": 686.627,
                  "Actual Rows": 754241,
                  "Actual Loops": 4,
                  "Inner Unique": true,
                  "Hash Cond": "(mk.movie_id = t.id)",
                  "Plans": [
                    {
                      "Node Type": "Seq Scan",
                      "Parent Relationship": "Outer",
                      "Parallel Aware": true,
                      "Relation Name": "movie_keyword",
                      "Alias": "mk",
                      "Startup Cost": 0.0,
                      "Total Cost": 42695.65,
                      "Plan Rows": 1221479,
                      "Plan Width": 4,
                      "Actual Startup Time": 0.059,
                      "Actual Total Time": 132.008,
                      "Actual Rows": 946160,
                      "Actual Loops": 4,
                      "Filter": "(keyword_id > 663)",
                      "Rows Removed by Filter": 184823
                    },
                    {
                      "Node Type": "Hash",
                      "Parent Relationship": "Inner",
                      "Parallel Aware": true,
                      "Startup Cost": 43899.32,
                      "Total Cost": 43899.32,
                      "Plan Rows": 533057,
                      "Plan Width": 4,
                      "Actual Startup Time": 375.809,
                      "Actual Total Time": 375.81,
                      "Actual Rows": 529593,
                      "Actual Loops": 4,
                      "Hash Buckets": 4194304,
                      "Original Hash Buckets": 4194304,
                      "Hash Batches": 1,
                      "Original Hash Batches": 1,
                      "Peak Memory Usage": 115712,
                      "Plans": [
                        {
                          "Node Type": "Seq Scan",
                          "Parent Relationship": "Outer",
                          "Parallel Aware": true,
                          "Relation Name": "title",
                          "Alias": "t",
                          "Startup Cost": 0.0,
                          "Total Cost": 43899.32,
                          "Plan Rows": 533057,
                          "Plan Width": 4,
                          "Actual Startup Time": 0.048,
                          "Actual Total Time": 135.812,
                          "Actual Rows": 529593,
                          "Actual Loops": 4,
                          "Filter": "(production_year > 1967)",
                          "Rows Removed by Filter": 102485
                        }
                      ]
                    }
                  ]
                }
              ]
            }
          ]
        }
      ]
    },
    "Planning Time": 0.603,
    "Triggers": [],
    "Execution Time": 779.135
  }
]