{
  "Plan": {
    "Node Type": "Aggregate",
    "Strategy": "Plain",
    "Partial Mode": "Finalize",
    "Parallel Aware": false,
    "Startup Cost": 507609.61,
    "Total Cost": 507609.62,
    "Plan Rows": 1,
    "Plan Width": 8,
    "Actual Startup Time": 2414.252,
    "Actual Total Time": 2458.009,
    "Actual Rows": 1,
    "Actual Loops": 1,
    "Plans": [
      {
        "Node Type": "Gather",
        "Parent Relationship": "Outer",
        "Parallel Aware": false,
        "Startup Cost": 507609.5,
        "Total Cost": 507609.61,
        "Plan Rows": 1,
        "Plan Width": 8,
        "Actual Startup Time": 2411.827,
        "Actual Total Time": 2458.001,
        "Actual Rows": 2,
        "Actual Loops": 1,
        "Workers Planned": 1,
        "Workers Launched": 1,
        "Single Copy": false,
        "Plans": [
          {
            "Node Type": "Aggregate",
            "Strategy": "Plain",
            "Partial Mode": "Partial",
            "Parent Relationship": "Outer",
            "Parallel Aware": false,
            "Startup Cost": 506609.5,
            "Total Cost": 506609.51,
            "Plan Rows": 1,
            "Plan Width": 8,
            "Actual Startup Time": 2405.642,
            "Actual Total Time": 2405.647,
            "Actual Rows": 1,
            "Actual Loops": 2,
            "Plans": [
              {
                "Node Type": "Merge Join",
                "Parent Relationship": "Outer",
                "Parallel Aware": false,
                "Join Type": "Inner",
                "Startup Cost": 336169.77,
                "Total Cost": 505862.53,
                "Plan Rows": 298788,
                "Plan Width": 0,
                "Actual Startup Time": 1090.974,
                "Actual Total Time": 2215.408,
                "Actual Rows": 4996724,
                "Actual Loops": 2,
                "Inner Unique": false,
                "Merge Cond": "(mk.movie_id = t.id)",
                "Plans": [
                  {
                    "Node Type": "Index Only Scan",
                    "Parent Relationship": "Outer",
                    "Parallel Aware": true,
                    "Scan Direction": "Forward",
                    "Index Name": "movie_id_movie_keyword",
                    "Relation Name": "movie_keyword",
                    "Alias": "mk",
                    "Startup Cost": 0.43,
                    "Total Cost": 158560.11,
                    "Plan Rows": 2661135,
                    "Plan Width": 4,
                    "Actual Startup Time": 0.1,
                    "Actual Total Time": 405.454,
                    "Actual Rows": 2261906,
                    "Actual Loops": 2,
                    "Heap Fetches": 4523812
                  },
                  {
                    "Node Type": "Sort",
                    "Parent Relationship": "Inner",
                    "Parallel Aware": false,
                    "Startup Cost": 336169.18,
                    "Total Cost": 336878.86,
                    "Plan Rows": 283873,
                    "Plan Width": 8,
                    "Actual Startup Time": 1090.723,
                    "Actual Total Time": 1266.083,
                    "Actual Rows": 5223307,
                    "Actual Loops": 2,
                    "Sort Key": [
                      "mi.movie_id"
                    ],
                    "Sort Method": "quicksort",
                    "Sort Space Used": 28890,
                    "Sort Space Type": "Memory",
                    "Workers": [
                      {
                        "Worker Number": 0,
                        "Sort Method": "quicksort",
                        "Sort Space Used": 28890,
                        "Sort Space Type": "Memory"
                      }
                    ],
                    "Plans": [
                      {
                        "Node Type": "Hash Join",
                        "Parent Relationship": "Outer",
                        "Parallel Aware": false,
                        "Join Type": "Inner",
                        "Startup Cost": 113433.41,
                        "Total Cost": 310457.54,
                        "Plan Rows": 283873,
                        "Plan Width": 8,
                        "Actual Startup Time": 401.82,
                        "Actual Total Time": 1011.531,
                        "Actual Rows": 354159,
                        "Actual Loops": 2,
                        "Inner Unique": true,
                        "Hash Cond": "(mi.movie_id = t.id)",
                        "Plans": [
                          {
                            "Node Type": "Bitmap Heap Scan",
                            "Parent Relationship": "Outer",
                            "Parallel Aware": false,
                            "Relation Name": "movie_info",
                            "Alias": "mi",
                            "Startup Cost": 41958.26,
                            "Total Cost": 232902.6,
                            "Plan Rows": 2316107,
                            "Plan Width": 4,
                            "Actual Startup Time": 100.283,
                            "Actual Total Time": 361.584,
                            "Actual Rows": 2233850,
                            "Actual Loops": 2,
                            "Recheck Cond": "(info_type_id > 16)",
                            "Rows Removed by Index Recheck": 0,
                            "Exact Heap Blocks": 51002,
                            "Lossy Heap Blocks": 0,
                            "Plans": [
                              {
                                "Node Type": "Bitmap Index Scan",
                                "Parent Relationship": "Outer",
                                "Parallel Aware": false,
                                "Index Name": "info_type_id_movie_info",
                                "Startup Cost": 0.0,
                                "Total Cost": 41379.24,
                                "Plan Rows": 2316107,
                                "Plan Width": 0,
                                "Actual Startup Time": 93.435,
                                "Actual Total Time": 93.435,
                                "Actual Rows": 2233850,
                                "Actual Loops": 2,
                                "Index Cond": "(info_type_id > 16)"
                              }
                            ]
                          },
                          {
                            "Node Type": "Hash",
                            "Parent Relationship": "Inner",
                            "Parallel Aware": false,
                            "Startup Cost": 67601.66,
                            "Total Cost": 67601.66,
                            "Plan Rows": 309879,
                            "Plan Width": 4,
                            "Actual Startup Time": 299.404,
                            "Actual Total Time": 299.406,
                            "Actual Rows": 323245,
                            "Actual Loops": 2,
                            "Hash Buckets": 524288,
                            "Original Hash Buckets": 524288,
                            "Hash Batches": 1,
                            "Original Hash Batches": 1,
                            "Peak Memory Usage": 15461,
                            "Plans": [
                              {
                                "Node Type": "Seq Scan",
                                "Parent Relationship": "Outer",
                                "Parallel Aware": false,
                                "Relation Name": "title",
                                "Alias": "t",
                                "Startup Cost": 0.0,
                                "Total Cost": 67601.66,
                                "Plan Rows": 309879,
                                "Plan Width": 4,
                                "Actual Startup Time": 0.032,
                                "Actual Total Time": 227.329,
                                "Actual Rows": 323245,
                                "Actual Loops": 2,
                                "Filter": "(production_year < 1967)",
                                "Rows Removed by Filter": 2205067
                              }
                            ]
                          }
                        ]
                      }
                    ]
                  }
                ]
              }
            ]
          }
        ]
      }
    ]
  },
  "Planning Time": 1.051,
  "Triggers": [],
  "Execution Time": 2463.59
}