[
  {
    "Plan": {
      "Node Type": "Aggregate",
      "Strategy": "Plain",
      "Partial Mode": "Finalize",
      "Parallel Aware": false,
      "Startup Cost": 124728.91,
      "Total Cost": 124728.92,
      "Plan Rows": 1,
      "Plan Width": 8,
      "Actual Startup Time": 370.59,
      "Actual Total Time": 390.454,
      "Actual Rows": 1,
      "Actual Loops": 1,
      "Plans": [
        {
          "Node Type": "Gather",
          "Parent Relationship": "Outer",
          "Parallel Aware": false,
          "Startup Cost": 124728.6,
          "Total Cost": 124728.91,
          "Plan Rows": 3,
          "Plan Width": 8,
          "Actual Startup Time": 368.357,
          "Actual Total Time": 390.448,
          "Actual Rows": 4,
          "Actual Loops": 1,
          "Workers Planned": 3,
          "Workers Launched": 3,
          "Single Copy": false,
          "Plans": [
            {
              "Node Type": "Aggregate",
              "Strategy": "Plain",
              "Partial Mode": "Partial",
              "Parent Relationship": "Outer",
              "Parallel Aware": false,
              "Startup Cost": 123728.6,
              "Total Cost": 123728.61,
              "Plan Rows": 1,
              "Plan Width": 8,
              "Actual Startup Time": 364.921,
              "Actual Total Time": 364.927,
              "Actual Rows": 1,
              "Actual Loops": 4,
              "Plans": [
                {
                  "Node Type": "Hash Join",
                  "Parent Relationship": "Outer",
                  "Parallel Aware": true,
                  "Join Type": "Inner",
                  "Startup Cost": 78938.04,
                  "Total Cost": 123610.38,
                  "Plan Rows": 47285,
                  "Plan Width": 0,
                  "Actual Startup Time": 199.74,
                  "Actual Total Time": 363.919,
                  "Actual Rows": 22159,
                  "Actual Loops": 4,
                  "Inner Unique": false,
                  "Hash Cond": "(mk.movie_id = t.id)",
                  "Plans": [
                    {
                      "Node Type": "Seq Scan",
                      "Parent Relationship": "Outer",
                      "Parallel Aware": true,
                      "Relation Name": "movie_keyword",
                      "Alias": "mk",
                      "Startup Cost": 0.0,
                      "Total Cost": 39047.32,
                      "Plan Rows": 1459332,
                      "Plan Width": 4,
                      "Actual Startup Time": 0.02,
                      "Actual Total Time": 84.289,
                      "Actual Rows": 1130982,
                      "Actual Loops": 4
                    },
                    {
                      "Node Type": "Hash",
                      "Parent Relationship": "Inner",
                      "Parallel Aware": true,
                      "Startup Cost": 78607.7,
                      "Total Cost": 78607.7,
                      "Plan Rows": 26427,
                      "Plan Width": 8,
                      "Actual Startup Time": 198.571,
                      "Actual Total Time": 198.575,
                      "Actual Rows": 18352,
                      "Actual Loops": 4,
                      "Hash Buckets": 131072,
                      "Original Hash Buckets": 131072,
                      "Hash Batches": 1,
                      "Original Hash Batches": 1,
                      "Peak Memory Usage": 3968,
                      "Plans": [
                        {
                          "Node Type": "Hash Join",
                          "Parent Relationship": "Outer",
                          "Parallel Aware": true,
                          "Join Type": "Inner",
                          "Startup Cost": 46767.19,
                          "Total Cost": 78607.7,
                          "Plan Rows": 26427,
                          "Plan Width": 8,
                          "Actual Startup Time": 144.576,
                          "Actual Total Time": 192.051,
                          "Actual Rows": 18352,
                          "Actual Loops": 4,
                          "Inner Unique": true,
                          "Hash Cond": "(mc.movie_id = t.id)",
                          "Plans": [
                            {
                              "Node Type": "Seq Scan",
                              "Parent Relationship": "Outer",
                              "Parallel Aware": true,
                              "Relation Name": "movie_companies",
                              "Alias": "mc",
                              "Startup Cost": 0.0,
                              "Total Cost": 31414.82,
                              "Plan Rows": 162169,
                              "Plan Width": 4,
                              "Actual Startup Time": 29.869,
                              "Actual Total Time": 58.553,
                              "Actual Rows": 73531,
                              "Actual Loops": 4,
                              "Filter": "((company_id < 4521) AND (company_type_id = 2))",
                              "Rows Removed by Filter": 578751
                            },
                            {
                              "Node Type": "Hash",
                              "Parent Relationship": "Inner",
                              "Parallel Aware": true,
                              "Startup Cost": 45479.59,
                              "Total Cost": 45479.59,
                              "Plan Rows": 103008,
                              "Plan Width": 4,
                              "Actual Startup Time": 113.322,
                              "Actual Total Time": 113.324,
                              "Actual Rows": 71900,
                              "Actual Loops": 4,
                              "Hash Buckets": 524288,
                              "Original Hash Buckets": 524288,
                              "Hash Batches": 1,
                              "Original Hash Batches": 1,
                              "Peak Memory Usage": 15424,
                              "Plans": [
                                {
                                  "Node Type": "Seq Scan",
                                  "Parent Relationship": "Outer",
                                  "Parallel Aware": true,
                                  "Relation Name": "title",
                                  "Alias": "t",
                                  "Startup Cost": 0.0,
                                  "Total Cost": 45479.59,
                                  "Plan Rows": 103008,
                                  "Plan Width": 4,
                                  "Actual Startup Time": 0.026,
                                  "Actual Total Time": 87.245,
                                  "Actual Rows": 71900,
                                  "Actual Loops": 4,
                                  "Filter": "((kind_id > 2) AND (production_year < 1986))",
                                  "Rows Removed by Filter": 560178
                                }
                              ]
                            }
                          ]
                        }
                      ]
                    }
                  ]
                }
              ]
            }
          ]
        }
      ]
    },
    "Planning Time": 0.422,
    "Triggers": [],
    "Execution Time": 390.493
  }
]