[
  {
    "Plan": {
      "Node Type": "Aggregate",
      "Strategy": "Plain",
      "Partial Mode": "Finalize",
      "Parallel Aware": false,
      "Startup Cost": 124758.42,
      "Total Cost": 124758.43,
      "Plan Rows": 1,
      "Plan Width": 8,
      "Actual Startup Time": 395.436,
      "Actual Total Time": 418.093,
      "Actual Rows": 1,
      "Actual Loops": 1,
      "Plans": [
        {
          "Node Type": "Gather",
          "Parent Relationship": "Outer",
          "Parallel Aware": false,
          "Startup Cost": 124758.1,
          "Total Cost": 124758.41,
          "Plan Rows": 3,
          "Plan Width": 8,
          "Actual Startup Time": 393.855,
          "Actual Total Time": 418.082,
          "Actual Rows": 4,
          "Actual Loops": 1,
          "Workers Planned": 3,
          "Workers Launched": 3,
          "Single Copy": false,
          "Plans": [
            {
              "Node Type": "Aggregate",
              "Strategy": "Plain",
              "Partial Mode": "Partial",
              "Parent Relationship": "Outer",
              "Parallel Aware": false,
              "Startup Cost": 123758.1,
              "Total Cost": 123758.11,
              "Plan Rows": 1,
              "Plan Width": 8,
              "Actual Startup Time": 384.297,
              "Actual Total Time": 384.369,
              "Actual Rows": 1,
              "Actual Loops": 4,
              "Plans": [
                {
                  "Node Type": "Hash Join",
                  "Parent Relationship": "Outer",
                  "Parallel Aware": true,
                  "Join Type": "Inner",
                  "Startup Cost": 78963.36,
                  "Total Cost": 123638.07,
                  "Plan Rows": 48014,
                  "Plan Width": 0,
                  "Actual Startup Time": 214.132,
                  "Actual Total Time": 383.338,
                  "Actual Rows": 22159,
                  "Actual Loops": 4,
                  "Inner Unique": false,
                  "Hash Cond": "(mk.movie_id = t.id)",
                  "Plans": [
                    {
                      "Node Type": "Seq Scan",
                      "Parent Relationship": "Outer",
                      "Parallel Aware": true,
                      "Relation Name": "movie_keyword",
                      "Alias": "mk",
                      "Startup Cost": 0.0,
                      "Total Cost": 39047.32,
                      "Plan Rows": 1459332,
                      "Plan Width": 4,
                      "Actual Startup Time": 0.027,
                      "Actual Total Time": 87.182,
                      "Actual Rows": 1130982,
                      "Actual Loops": 4
                    },
                    {
                      "Node Type": "Hash",
                      "Parent Relationship": "Inner",
                      "Parallel Aware": true,
                      "Startup Cost": 78627.93,
                      "Total Cost": 78627.93,
                      "Plan Rows": 26834,
                      "Plan Width": 8,
                      "Actual Startup Time": 211.403,
                      "Actual Total Time": 211.474,
                      "Actual Rows": 18352,
                      "Actual Loops": 4,
                      "Hash Buckets": 131072,
                      "Original Hash Buckets": 131072,
                      "Hash Batches": 1,
                      "Original Hash Batches": 1,
                      "Peak Memory Usage": 3936,
                      "Plans": [
                        {
                          "Node Type": "Hash Join",
                          "Parent Relationship": "Outer",
                          "Parallel Aware": true,
                          "Join Type": "Inner",
                          "Startup Cost": 46787.9,
                          "Total Cost": 78627.93,
                          "Plan Rows": 26834,
                          "Plan Width": 8,
                          "Actual Startup Time": 156.284,
                          "Actual Total Time": 204.839,
                          "Actual Rows": 18352,
                          "Actual Loops": 4,
                          "Inner Unique": true,
                          "Hash Cond": "(mc.movie_id = t.id)",
                          "Plans": [
                            {
                              "Node Type": "Seq Scan",
                              "Parent Relationship": "Outer",
                              "Parallel Aware": true,
                              "Relation Name": "movie_companies",
                              "Alias": "mc",
                              "Startup Cost": 0.0,
                              "Total Cost": 31414.82,
                              "Plan Rows": 161988,
                              "Plan Width": 4,
                              "Actual Startup Time": 30.153,
                              "Actual Total Time": 59.37,
                              "Actual Rows": 73531,
                              "Actual Loops": 4,
                              "Filter": "((company_id < 4521) AND (company_type_id = 2))",
                              "Rows Removed by Filter": 578751
                            },
                            {
                              "Node Type": "Hash",
                              "Parent Relationship": "Inner",
                              "Parallel Aware": true,
                              "Startup Cost": 45479.1,
                              "Total Cost": 45479.1,
                              "Plan Rows": 104704,
                              "Plan Width": 4,
                              "Actual Startup Time": 123.683,
                              "Actual Total Time": 123.684,
                              "Actual Rows": 71900,
                              "Actual Loops": 4,
                              "Hash Buckets": 524288,
                              "Original Hash Buckets": 524288,
                              "Hash Batches": 1,
                              "Original Hash Batches": 1,
                              "Peak Memory Usage": 15392,
                              "Plans": [
                                {
                                  "Node Type": "Seq Scan",
                                  "Parent Relationship": "Outer",
                                  "Parallel Aware": true,
                                  "Relation Name": "title",
                                  "Alias": "t",
                                  "Startup Cost": 0.0,
                                  "Total Cost": 45479.1,
                                  "Plan Rows": 104704,
                                  "Plan Width": 4,
                                  "Actual Startup Time": 0.06,
                                  "Actual Total Time": 96.129,
                                  "Actual Rows": 71900,
                                  "Actual Loops": 4,
                                  "Filter": "((kind_id > 2) AND (production_year < 1986))",
                                  "Rows Removed by Filter": 560178
                                }
                              ]
                            }
                          ]
                        }
                      ]
                    }
                  ]
                }
              ]
            }
          ]
        }
      ]
    },
    "Planning Time": 1.482,
    "Triggers": [],
    "Execution Time": 418.19
  }
]