[
  {
    "Plan": {
      "Node Type": "Aggregate",
      "Strategy": "Plain",
      "Partial Mode": "Finalize",
      "Parallel Aware": false,
      "Startup Cost": 92882.66,
      "Total Cost": 92882.67,
      "Plan Rows": 1,
      "Plan Width": 8,
      "Actual Startup Time": 315.954,
      "Actual Total Time": 332.546,
      "Actual Rows": 1,
      "Actual Loops": 1,
      "Plans": [
        {
          "Node Type": "Gather",
          "Parent Relationship": "Outer",
          "Parallel Aware": false,
          "Startup Cost": 92882.34,
          "Total Cost": 92882.65,
          "Plan Rows": 3,
          "Plan Width": 8,
          "Actual Startup Time": 312.89,
          "Actual Total Time": 332.535,
          "Actual Rows": 4,
          "Actual Loops": 1,
          "Workers Planned": 3,
          "Workers Launched": 3,
          "Single Copy": false,
          "Plans": [
            {
              "Node Type": "Aggregate",
              "Strategy": "Plain",
              "Partial Mode": "Partial",
              "Parent Relationship": "Outer",
              "Parallel Aware": false,
              "Startup Cost": 91882.34,
              "Total Cost": 91882.35,
              "Plan Rows": 1,
              "Plan Width": 8,
              "Actual Startup Time": 304.4,
              "Actual Total Time": 304.404,
              "Actual Rows": 1,
              "Actual Loops": 4,
              "Plans": [
                {
                  "Node Type": "Hash Join",
                  "Parent Relationship": "Outer",
                  "Parallel Aware": true,
                  "Join Type": "Inner",
                  "Startup Cost": 47727.82,
                  "Total Cost": 91571.23,
                  "Plan Rows": 124445,
                  "Plan Width": 0,
                  "Actual Startup Time": 168.766,
                  "Actual Total Time": 303.329,
                  "Actual Rows": 25646,
                  "Actual Loops": 4,
                  "Inner Unique": true,
                  "Hash Cond": "(mk.movie_id = t.id)",
                  "Plans": [
                    {
                      "Node Type": "Seq Scan",
                      "Parent Relationship": "Outer",
                      "Parallel Aware": true,
                      "Relation Name": "movie_keyword",
                      "Alias": "mk",
                      "Startup Cost": 0.0,
                      "Total Cost": 42695.65,
                      "Plan Rows": 437240,
                      "Plan Width": 4,
                      "Actual Startup Time": 0.805,
                      "Actual Total Time": 92.674,
                      "Actual Rows": 340166,
                      "Actual Loops": 4,
                      "Filter": "(keyword_id > 12334)",
                      "Rows Removed by Filter": 790817
                    },
                    {
                      "Node Type": "Hash",
                      "Parent Relationship": "Inner",
                      "Parallel Aware": true,
                      "Startup Cost": 45479.1,
                      "Total Cost": 45479.1,
                      "Plan Rows": 179898,
                      "Plan Width": 4,
                      "Actual Startup Time": 162.781,
                      "Actual Total Time": 162.782,
                      "Actual Rows": 159608,
                      "Actual Loops": 4,
                      "Hash Buckets": 1048576,
                      "Original Hash Buckets": 1048576,
                      "Hash Batches": 1,
                      "Original Hash Batches": 1,
                      "Peak Memory Usage": 33216,
                      "Plans": [
                        {
                          "Node Type": "Seq Scan",
                          "Parent Relationship": "Outer",
                          "Parallel Aware": true,
                          "Relation Name": "title",
                          "Alias": "t",
                          "Startup Cost": 0.0,
                          "Total Cost": 45479.1,
                          "Plan Rows": 179898,
                          "Plan Width": 4,
                          "Actual Startup Time": 0.038,
                          "Actual Total Time": 101.705,
                          "Actual Rows": 159608,
                          "Actual Loops": 4,
                          "Filter": "((production_year < 2003) AND (kind_id = 7))",
                          "Rows Removed by Filter": 472470
                        }
                      ]
                    }
                  ]
                }
              ]
            }
          ]
        }
      ]
    },
    "Planning Time": 0.631,
    "Triggers": [],
    "Execution Time": 332.624
  }
]