[
  {
    "Plan": {
      "Node Type": "Aggregate",
      "Strategy": "Plain",
      "Partial Mode": "Finalize",
      "Parallel Aware": false,
      "Startup Cost": 658720.48,
      "Total Cost": 658720.49,
      "Plan Rows": 1,
      "Plan Width": 8,
      "Actual Startup Time": 7981.625,
      "Actual Total Time": 8087.584,
      "Actual Rows": 1,
      "Actual Loops": 1,
      "Plans": [
        {
          "Node Type": "Gather",
          "Parent Relationship": "Outer",
          "Parallel Aware": false,
          "Startup Cost": 658719.96,
          "Total Cost": 658720.47,
          "Plan Rows": 5,
          "Plan Width": 8,
          "Actual Startup Time": 7918.729,
          "Actual Total Time": 8087.565,
          "Actual Rows": 6,
          "Actual Loops": 1,
          "Workers Planned": 5,
          "Workers Launched": 5,
          "Single Copy": false,
          "Plans": [
            {
              "Node Type": "Aggregate",
              "Strategy": "Plain",
              "Partial Mode": "Partial",
              "Parent Relationship": "Outer",
              "Parallel Aware": false,
              "Startup Cost": 657719.96,
              "Total Cost": 657719.97,
              "Plan Rows": 1,
              "Plan Width": 8,
              "Actual Startup Time": 7868.851,
              "Actual Total Time": 7870.433,
              "Actual Rows": 1,
              "Actual Loops": 6,
              "Plans": [
                {
                  "Node Type": "Hash Join",
                  "Parent Relationship": "Outer",
                  "Parallel Aware": true,
                  "Join Type": "Inner",
                  "Startup Cost": 403170.17,
                  "Total Cost": 628908.86,
                  "Plan Rows": 11524438,
                  "Plan Width": 0,
                  "Actual Startup Time": 3057.927,
                  "Actual Total Time": 6883.677,
                  "Actual Rows": 22362579,
                  "Actual Loops": 6,
                  "Inner Unique": false,
                  "Hash Cond": "(mi.movie_id = t.id)",
                  "Plans": [
                    {
                      "Node Type": "Seq Scan",
                      "Parent Relationship": "Outer",
                      "Parallel Aware": true,
                      "Relation Name": "movie_info",
                      "Alias": "mi",
                      "Startup Cost": 0.0,
                      "Total Cost": 191685.19,
                      "Plan Rows": 2969219,
                      "Plan Width": 4,
                      "Actual Startup Time": 0.028,
                      "Actual Total Time": 301.803,
                      "Actual Rows": 2472620,
                      "Actual Loops": 6
                    },
                    {
                      "Node Type": "Hash",
                      "Parent Relationship": "Inner",
                      "Parallel Aware": true,
                      "Startup Cost": 382725.22,
                      "Total Cost": 382725.22,
                      "Plan Rows": 1635596,
                      "Plan Width": 8,
                      "Actual Startup Time": 3031.829,
                      "Actual Total Time": 3033.409,
                      "Actual Rows": 1619152,
                      "Actual Loops": 6,
                      "Hash Buckets": 16777216,
                      "Original Hash Buckets": 16777216,
                      "Hash Batches": 1,
                      "Original Hash Batches": 1,
                      "Peak Memory Usage": 511200,
                      "Plans": [
                        {
                          "Node Type": "Hash Join",
                          "Parent Relationship": "Outer",
                          "Parallel Aware": true,
                          "Join Type": "Inner",
                          "Startup Cost": 50220.38,
                          "Total Cost": 382725.22,
                          "Plan Rows": 1635596,
                          "Plan Width": 8,
                          "Actual Startup Time": 696.249,
                          "Actual Total Time": 2000.833,
                          "Actual Rows": 1619152,
                          "Actual Loops": 6,
                          "Inner Unique": true,
                          "Hash Cond": "(ci.movie_id = t.id)",
                          "Plans": [
                            {
                              "Node Type": "Seq Scan",
                              "Parent Relationship": "Outer",
                              "Parallel Aware": true,
                              "Relation Name": "cast_info",
                              "Alias": "ci",
                              "Startup Cost": 0.0,
                              "Total Cost": 328211.39,
                              "Plan Rows": 1635596,
                              "Plan Width": 4,
                              "Actual Startup Time": 365.729,
                              "Actual Total Time": 749.064,
                              "Actual Rows": 1619152,
                              "Actual Loops": 6,
                              "Filter": "(person_id > 2738016)",
                              "Rows Removed by Filter": 4421572
                            },
                            {
                              "Node Type": "Hash",
                              "Parent Relationship": "Inner",
                              "Parallel Aware": true,
                              "Startup Cost": 42319.06,
                              "Total Cost": 42319.06,
                              "Plan Rows": 632106,
                              "Plan Width": 4,
                              "Actual Startup Time": 324.333,
                              "Actual Total Time": 324.335,
                              "Actual Rows": 421385,
                              "Actual Loops": 6,
                              "Hash Buckets": 4194304,
                              "Original Hash Buckets": 4194304,
                              "Hash Batches": 1,
                              "Original Hash Batches": 1,
                              "Peak Memory Usage": 131776,
                              "Plans": [
                                {
                                  "Node Type": "Seq Scan",
                                  "Parent Relationship": "Outer",
                                  "Parallel Aware": true,
                                  "Relation Name": "title",
                                  "Alias": "t",
                                  "Startup Cost": 0.0,
                                  "Total Cost": 42319.06,
                                  "Plan Rows": 632106,
                                  "Plan Width": 4,
                                  "Actual Startup Time": 0.073,
                                  "Actual Total Time": 94.687,
                                  "Actual Rows": 421385,
                                  "Actual Loops": 6
                                }
                              ]
                            }
                          ]
                        }
                      ]
                    }
                  ]
                }
              ]
            }
          ]
        }
      ]
    },
    "Planning Time": 0.674,
    "Triggers": [],
    "Execution Time": 8087.636
  }
]