[
  {
    "Plan": {
      "Node Type": "Aggregate",
      "Strategy": "Plain",
      "Partial Mode": "Finalize",
      "Parallel Aware": false,
      "Startup Cost": 336285.4,
      "Total Cost": 336285.41,
      "Plan Rows": 1,
      "Plan Width": 8,
      "Actual Startup Time": 721.823,
      "Actual Total Time": 782.193,
      "Actual Rows": 1,
      "Actual Loops": 1,
      "Plans": [
        {
          "Node Type": "Gather",
          "Parent Relationship": "Outer",
          "Parallel Aware": false,
          "Startup Cost": 336284.78,
          "Total Cost": 336285.39,
          "Plan Rows": 6,
          "Plan Width": 8,
          "Actual Startup Time": 721.695,
          "Actual Total Time": 782.181,
          "Actual Rows": 7,
          "Actual Loops": 1,
          "Workers Planned": 6,
          "Workers Launched": 6,
          "Single Copy": false,
          "Plans": [
            {
              "Node Type": "Aggregate",
              "Strategy": "Plain",
              "Partial Mode": "Partial",
              "Parent Relationship": "Outer",
              "Parallel Aware": false,
              "Startup Cost": 335284.78,
              "Total Cost": 335284.79,
              "Plan Rows": 1,
              "Plan Width": 8,
              "Actual Startup Time": 711.335,
              "Actual Total Time": 711.337,
              "Actual Rows": 1,
              "Actual Loops": 7,
              "Plans": [
                {
                  "Node Type": "Seq Scan",
                  "Parent Relationship": "Outer",
                  "Parallel Aware": true,
                  "Relation Name": "cast_info",
                  "Alias": "ci",
                  "Startup Cost": 0.0,
                  "Total Cost": 328162.03,
                  "Plan Rows": 2849101,
                  "Plan Width": 0,
                  "Actual Startup Time": 0.054,
                  "Actual Total Time": 599.772,
                  "Actual Rows": 2452310,
                  "Actual Loops": 7,
                  "Filter": "(person_id < 1695724)",
                  "Rows Removed by Filter": 2725454
                }
              ]
            }
          ]
        }
      ]
    },
    "Planning Time": 0.194,
    "Triggers": [],
    "Execution Time": 782.266
  }
]