[
  {
    "Plan": {
      "Node Type": "Aggregate",
      "Strategy": "Plain",
      "Partial Mode": "Finalize",
      "Parallel Aware": false,
      "Startup Cost": 46241.21,
      "Total Cost": 46241.22,
      "Plan Rows": 1,
      "Plan Width": 8,
      "Actual Startup Time": 234.575,
      "Actual Total Time": 251.699,
      "Actual Rows": 1,
      "Actual Loops": 1,
      "Plans": [
        {
          "Node Type": "Gather",
          "Parent Relationship": "Outer",
          "Parallel Aware": false,
          "Startup Cost": 46240.89,
          "Total Cost": 46241.2,
          "Plan Rows": 3,
          "Plan Width": 8,
          "Actual Startup Time": 234.336,
          "Actual Total Time": 251.688,
          "Actual Rows": 4,
          "Actual Loops": 1,
          "Workers Planned": 3,
          "Workers Launched": 3,
          "Single Copy": false,
          "Plans": [
            {
              "Node Type": "Aggregate",
              "Strategy": "Plain",
              "Partial Mode": "Partial",
              "Parent Relationship": "Outer",
              "Parallel Aware": false,
              "Startup Cost": 45240.89,
              "Total Cost": 45240.9,
              "Plan Rows": 1,
              "Plan Width": 8,
              "Actual Startup Time": 225.976,
              "Actual Total Time": 225.978,
              "Actual Rows": 1,
              "Actual Loops": 4,
              "Plans": [
                {
                  "Node Type": "Seq Scan",
                  "Parent Relationship": "Outer",
                  "Parallel Aware": true,
                  "Relation Name": "movie_keyword",
                  "Alias": "mk",
                  "Startup Cost": 0.0,
                  "Total Cost": 42695.65,
                  "Plan Rows": 1018095,
                  "Plan Width": 0,
                  "Actual Startup Time": 0.069,
                  "Actual Total Time": 172.732,
                  "Actual Rows": 789344,
                  "Actual Loops": 4,
                  "Filter": "(keyword_id < 12224)",
                  "Rows Removed by Filter": 341639
                }
              ]
            }
          ]
        }
      ]
    },
    "Planning Time": 0.098,
    "Triggers": [],
    "Execution Time": 251.736
  }
]