[
  {
    "Plan": {
      "Node Type": "Aggregate",
      "Strategy": "Plain",
      "Partial Mode": "Finalize",
      "Parallel Aware": false,
      "Startup Cost": 250066.44,
      "Total Cost": 250066.45,
      "Plan Rows": 1,
      "Plan Width": 8,
      "Actual Startup Time": 929.771,
      "Actual Total Time": 974.338,
      "Actual Rows": 1,
      "Actual Loops": 1,
      "Plans": [
        {
          "Node Type": "Gather",
          "Parent Relationship": "Outer",
          "Parallel Aware": false,
          "Startup Cost": 250065.91,
          "Total Cost": 250066.42,
          "Plan Rows": 5,
          "Plan Width": 8,
          "Actual Startup Time": 923.224,
          "Actual Total Time": 974.329,
          "Actual Rows": 6,
          "Actual Loops": 1,
          "Workers Planned": 5,
          "Workers Launched": 5,
          "Single Copy": false,
          "Plans": [
            {
              "Node Type": "Aggregate",
              "Strategy": "Plain",
              "Partial Mode": "Partial",
              "Parent Relationship": "Outer",
              "Parallel Aware": false,
              "Startup Cost": 249065.91,
              "Total Cost": 249065.92,
              "Plan Rows": 1,
              "Plan Width": 8,
              "Actual Startup Time": 915.896,
              "Actual Total Time": 915.9,
              "Actual Rows": 1,
              "Actual Loops": 6,
              "Plans": [
                {
                  "Node Type": "Hash Join",
                  "Parent Relationship": "Outer",
                  "Parallel Aware": true,
                  "Join Type": "Inner",
                  "Startup Cost": 47597.14,
                  "Total Cost": 247076.54,
                  "Plan Rows": 795749,
                  "Plan Width": 0,
                  "Actual Startup Time": 125.955,
                  "Actual Total Time": 872.088,
                  "Actual Rows": 1057077,
                  "Actual Loops": 6,
                  "Inner Unique": true,
                  "Hash Cond": "(mi.movie_id = t.id)",
                  "Plans": [
                    {
                      "Node Type": "Seq Scan",
                      "Parent Relationship": "Outer",
                      "Parallel Aware": true,
                      "Relation Name": "movie_info",
                      "Alias": "mi",
                      "Startup Cost": 0.0,
                      "Total Cost": 191685.19,
                      "Plan Rows": 2969219,
                      "Plan Width": 4,
                      "Actual Startup Time": 0.025,
                      "Actual Total Time": 283.247,
                      "Actual Rows": 2472620,
                      "Actual Loops": 6
                    },
                    {
                      "Node Type": "Hash",
                      "Parent Relationship": "Inner",
                      "Parallel Aware": true,
                      "Startup Cost": 45479.59,
                      "Total Cost": 45479.59,
                      "Plan Rows": 169404,
                      "Plan Width": 4,
                      "Actual Startup Time": 121.752,
                      "Actual Total Time": 121.753,
                      "Actual Rows": 96048,
                      "Actual Loops": 6,
                      "Hash Buckets": 1048576,
                      "Original Hash Buckets": 1048576,
                      "Hash Batches": 1,
                      "Original Hash Batches": 1,
                      "Peak Memory Usage": 30880,
                      "Plans": [
                        {
                          "Node Type": "Seq Scan",
                          "Parent Relationship": "Outer",
                          "Parallel Aware": true,
                          "Relation Name": "title",
                          "Alias": "t",
                          "Startup Cost": 0.0,
                          "Total Cost": 45479.59,
                          "Plan Rows": 169404,
                          "Plan Width": 4,
                          "Actual Startup Time": 0.028,
                          "Actual Total Time": 77.764,
                          "Actual Rows": 96048,
                          "Actual Loops": 6,
                          "Filter": "((kind_id < 7) AND (production_year > 1991))",
                          "Rows Removed by Filter": 325338
                        }
                      ]
                    }
                  ]
                }
              ]
            }
          ]
        }
      ]
    },
    "Planning Time": 0.345,
    "Triggers": [],
    "Execution Time": 974.395
  }
]