[
  {
    "Plan": {
      "Node Type": "Aggregate",
      "Strategy": "Plain",
      "Partial Mode": "Finalize",
      "Parallel Aware": false,
      "Startup Cost": 74756.26,
      "Total Cost": 74756.27,
      "Plan Rows": 1,
      "Plan Width": 8,
      "Actual Startup Time": 242.324,
      "Actual Total Time": 257.12,
      "Actual Rows": 1,
      "Actual Loops": 1,
      "Plans": [
        {
          "Node Type": "Gather",
          "Parent Relationship": "Outer",
          "Parallel Aware": false,
          "Startup Cost": 74755.94,
          "Total Cost": 74756.25,
          "Plan Rows": 3,
          "Plan Width": 8,
          "Actual Startup Time": 241.869,
          "Actual Total Time": 257.109,
          "Actual Rows": 4,
          "Actual Loops": 1,
          "Workers Planned": 3,
          "Workers Launched": 3,
          "Single Copy": false,
          "Plans": [
            {
              "Node Type": "Aggregate",
              "Strategy": "Plain",
              "Partial Mode": "Partial",
              "Parent Relationship": "Outer",
              "Parallel Aware": false,
              "Startup Cost": 73755.94,
              "Total Cost": 73755.95,
              "Plan Rows": 1,
              "Plan Width": 8,
              "Actual Startup Time": 234.792,
              "Actual Total Time": 234.795,
              "Actual Rows": 1,
              "Actual Loops": 4,
              "Plans": [
                {
                  "Node Type": "Hash Join",
                  "Parent Relationship": "Outer",
                  "Parallel Aware": true,
                  "Join Type": "Inner",
                  "Startup Cost": 44247.28,
                  "Total Cost": 73663.17,
                  "Plan Rows": 37109,
                  "Plan Width": 0,
                  "Actual Startup Time": 122.471,
                  "Actual Total Time": 232.447,
                  "Actual Rows": 53328,
                  "Actual Loops": 4,
                  "Inner Unique": true,
                  "Hash Cond": "(mc.movie_id = t.id)",
                  "Plans": [
                    {
                      "Node Type": "Seq Scan",
                      "Parent Relationship": "Outer",
                      "Parallel Aware": true,
                      "Relation Name": "movie_companies",
                      "Alias": "mc",
                      "Startup Cost": 0.0,
                      "Total Cost": 27206.55,
                      "Plan Rows": 841655,
                      "Plan Width": 4,
                      "Actual Startup Time": 0.017,
                      "Actual Total Time": 55.633,
                      "Actual Rows": 652282,
                      "Actual Loops": 4
                    },
                    {
                      "Node Type": "Hash",
                      "Parent Relationship": "Inner",
                      "Parallel Aware": true,
                      "Startup Cost": 43898.92,
                      "Total Cost": 43898.92,
                      "Plan Rows": 27869,
                      "Plan Width": 4,
                      "Actual Startup Time": 97.984,
                      "Actual Total Time": 97.985,
                      "Actual Rows": 28129,
                      "Actual Loops": 4,
                      "Hash Buckets": 131072,
                      "Original Hash Buckets": 131072,
                      "Hash Batches": 1,
                      "Original Hash Batches": 1,
                      "Peak Memory Usage": 5504,
                      "Plans": [
                        {
                          "Node Type": "Seq Scan",
                          "Parent Relationship": "Outer",
                          "Parallel Aware": true,
                          "Relation Name": "title",
                          "Alias": "t",
                          "Startup Cost": 0.0,
                          "Total Cost": 43898.92,
                          "Plan Rows": 27869,
                          "Plan Width": 4,
                          "Actual Startup Time": 49.857,
                          "Actual Total Time": 90.833,
                          "Actual Rows": 28129,
                          "Actual Loops": 4,
                          "Filter": "(production_year < 1929)",
                          "Rows Removed by Filter": 603949
                        }
                      ]
                    }
                  ]
                }
              ]
            }
          ]
        }
      ]
    },
    "Planning Time": 0.597,
    "Triggers": [],
    "Execution Time": 257.188
  }
]