{
  "Plan": {
    "Node Type": "Aggregate",
    "Strategy": "Plain",
    "Partial Mode": "Finalize",
    "Parallel Aware": false,
    "Startup Cost": 175332.63,
    "Total Cost": 175332.64,
    "Plan Rows": 1,
    "Plan Width": 8,
    "Actual Startup Time": 978.488,
    "Actual Total Time": 999.264,
    "Actual Rows": 1,
    "Actual Loops": 1,
    "Plans": [
      {
        "Node Type": "Gather",
        "Parent Relationship": "Outer",
        "Parallel Aware": false,
        "Startup Cost": 175332.52,
        "Total Cost": 175332.63,
        "Plan Rows": 1,
        "Plan Width": 8,
        "Actual Startup Time": 975.893,
        "Actual Total Time": 999.256,
        "Actual Rows": 2,
        "Actual Loops": 1,
        "Workers Planned": 1,
        "Workers Launched": 1,
        "Single Copy": false,
        "Plans": [
          {
            "Node Type": "Aggregate",
            "Strategy": "Plain",
            "Partial Mode": "Partial",
            "Parent Relationship": "Outer",
            "Parallel Aware": false,
            "Startup Cost": 174332.52,
            "Total Cost": 174332.53,
            "Plan Rows": 1,
            "Plan Width": 8,
            "Actual Startup Time": 972.048,
            "Actual Total Time": 972.61,
            "Actual Rows": 1,
            "Actual Loops": 2,
            "Plans": [
              {
                "Node Type": "Hash Join",
                "Parent Relationship": "Outer",
                "Parallel Aware": true,
                "Join Type": "Inner",
                "Startup Cost": 108766.94,
                "Total Cost": 172984.16,
                "Plan Rows": 539344,
                "Plan Width": 0,
                "Actual Startup Time": 631.631,
                "Actual Total Time": 966.704,
                "Actual Rows": 134547,
                "Actual Loops": 2,
                "Inner Unique": false,
                "Hash Cond": "(mk.movie_id = t.id)",
                "Plans": [
                  {
                    "Node Type": "Seq Scan",
                    "Parent Relationship": "Outer",
                    "Parallel Aware": true,
                    "Relation Name": "movie_keyword",
                    "Alias": "mk",
                    "Startup Cost": 0.0,
                    "Total Cost": 51065.35,
                    "Plan Rows": 2661135,
                    "Plan Width": 4,
                    "Actual Startup Time": 0.015,
                    "Actual Total Time": 163.144,
                    "Actual Rows": 2261965,
                    "Actual Loops": 2
                  },
                  {
                    "Node Type": "Hash",
                    "Parent Relationship": "Inner",
                    "Parallel Aware": true,
                    "Startup Cost": 104999.14,
                    "Total Cost": 104999.14,
                    "Plan Rows": 301424,
                    "Plan Width": 8,
                    "Actual Startup Time": 626.047,
                    "Actual Total Time": 626.607,
                    "Actual Rows": 55152,
                    "Actual Loops": 2,
                    "Hash Buckets": 524288,
                    "Original Hash Buckets": 524288,
                    "Hash Batches": 1,
                    "Original Hash Batches": 1,
                    "Peak Memory Usage": 8416,
                    "Plans": [
                      {
                        "Node Type": "Hash Join",
                        "Parent Relationship": "Outer",
                        "Parallel Aware": true,
                        "Join Type": "Inner",
                        "Startup Cost": 64736.89,
                        "Total Cost": 104999.14,
                        "Plan Rows": 301424,
                        "Plan Width": 8,
                        "Actual Startup Time": 325.902,
                        "Actual Total Time": 608.738,
                        "Actual Rows": 55152,
                        "Actual Loops": 2,
                        "Inner Unique": true,
                        "Hash Cond": "(mc.movie_id = t.id)",
                        "Plans": [
                          {
                            "Node Type": "Seq Scan",
                            "Parent Relationship": "Outer",
                            "Parallel Aware": true,
                            "Relation Name": "movie_companies",
                            "Alias": "mc",
                            "Startup Cost": 0.0,
                            "Total Cost": 37974.77,
                            "Plan Rows": 871418,
                            "Plan Width": 4,
                            "Actual Startup Time": 8.214,
                            "Actual Total Time": 116.747,
                            "Actual Rows": 741560,
                            "Actual Loops": 2,
                            "Filter": "(company_id > 8079)",
                            "Rows Removed by Filter": 563004
                          },
                          {
                            "Node Type": "Hash",
                            "Parent Relationship": "Inner",
                            "Parallel Aware": true,
                            "Startup Cost": 58306.47,
                            "Total Cost": 58306.47,
                            "Plan Rows": 514434,
                            "Plan Width": 4,
                            "Actual Startup Time": 310.664,
                            "Actual Total Time": 310.665,
                            "Actual Rows": 478650,
                            "Actual Loops": 2,
                            "Hash Buckets": 1048576,
                            "Original Hash Buckets": 1048576,
                            "Hash Batches": 1,
                            "Original Hash Batches": 1,
                            "Peak Memory Usage": 45664,
                            "Plans": [
                              {
                                "Node Type": "Seq Scan",
                                "Parent Relationship": "Outer",
                                "Parallel Aware": true,
                                "Relation Name": "title",
                                "Alias": "t",
                                "Startup Cost": 0.0,
                                "Total Cost": 58306.47,
                                "Plan Rows": 514434,
                                "Plan Width": 4,
                                "Actual Startup Time": 0.031,
                                "Actual Total Time": 167.644,
                                "Actual Rows": 478650,
                                "Actual Loops": 2,
                                "Filter": "((production_year > 1999) AND (kind_id = 7))",
                                "Rows Removed by Filter": 785506
                              }
                            ]
                          }
                        ]
                      }
                    ]
                  }
                ]
              }
            ]
          }
        ]
      }
    ]
  },
  "Planning Time": 1.054,
  "Triggers": [],
  "Execution Time": 999.345
}