[
  {
    "Plan": {
      "Node Type": "Aggregate",
      "Strategy": "Plain",
      "Partial Mode": "Finalize",
      "Parallel Aware": false,
      "Startup Cost": 271367.46,
      "Total Cost": 271367.47,
      "Plan Rows": 1,
      "Plan Width": 8,
      "Actual Startup Time": 1063.743,
      "Actual Total Time": 1082.51,
      "Actual Rows": 1,
      "Actual Loops": 1,
      "Plans": [
        {
          "Node Type": "Gather",
          "Parent Relationship": "Outer",
          "Parallel Aware": false,
          "Startup Cost": 271367.14,
          "Total Cost": 271367.45,
          "Plan Rows": 3,
          "Plan Width": 8,
          "Actual Startup Time": 1056.281,
          "Actual Total Time": 1082.501,
          "Actual Rows": 4,
          "Actual Loops": 1,
          "Workers Planned": 3,
          "Workers Launched": 3,
          "Single Copy": false,
          "Plans": [
            {
              "Node Type": "Aggregate",
              "Strategy": "Plain",
              "Partial Mode": "Partial",
              "Parent Relationship": "Outer",
              "Parallel Aware": false,
              "Startup Cost": 270367.14,
              "Total Cost": 270367.15,
              "Plan Rows": 1,
              "Plan Width": 8,
              "Actual Startup Time": 1041.539,
              "Actual Total Time": 1041.546,
              "Actual Rows": 1,
              "Actual Loops": 4,
              "Plans": [
                {
                  "Node Type": "Hash Join",
                  "Parent Relationship": "Outer",
                  "Parallel Aware": true,
                  "Join Type": "Inner",
                  "Startup Cost": 225333.88,
                  "Total Cost": 270081.9,
                  "Plan Rows": 114097,
                  "Plan Width": 0,
                  "Actual Startup Time": 398.632,
                  "Actual Total Time": 860.752,
                  "Actual Rows": 4480839,
                  "Actual Loops": 4,
                  "Inner Unique": false,
                  "Hash Cond": "(mk.movie_id = t.id)",
                  "Plans": [
                    {
                      "Node Type": "Seq Scan",
                      "Parent Relationship": "Outer",
                      "Parallel Aware": true,
                      "Relation Name": "movie_keyword",
                      "Alias": "mk",
                      "Startup Cost": 0.0,
                      "Total Cost": 39047.32,
                      "Plan Rows": 1459332,
                      "Plan Width": 4,
                      "Actual Startup Time": 0.033,
                      "Actual Total Time": 81.424,
                      "Actual Rows": 1130982,
                      "Actual Loops": 4
                    },
                    {
                      "Node Type": "Hash",
                      "Parent Relationship": "Inner",
                      "Parallel Aware": true,
                      "Startup Cost": 224839.67,
                      "Total Cost": 224839.67,
                      "Plan Rows": 39537,
                      "Plan Width": 8,
                      "Actual Startup Time": 396.235,
                      "Actual Total Time": 396.24,
                      "Actual Rows": 49438,
                      "Actual Loops": 4,
                      "Hash Buckets": 262144,
                      "Original Hash Buckets": 262144,
                      "Hash Batches": 1,
                      "Original Hash Batches": 1,
                      "Peak Memory Usage": 9856,
                      "Plans": [
                        {
                          "Node Type": "Hash Join",
                          "Parent Relationship": "Outer",
                          "Parallel Aware": true,
                          "Join Type": "Inner",
                          "Startup Cost": 53796.86,
                          "Total Cost": 224839.67,
                          "Plan Rows": 39537,
                          "Plan Width": 8,
                          "Actual Startup Time": 352.946,
                          "Actual Total Time": 378.176,
                          "Actual Rows": 49438,
                          "Actual Loops": 4,
                          "Inner Unique": true,
                          "Hash Cond": "(mi.movie_id = t.id)",
                          "Plans": [
                            {
                              "Node Type": "Bitmap Heap Scan",
                              "Parent Relationship": "Outer",
                              "Parallel Aware": true,
                              "Relation Name": "movie_info",
                              "Alias": "mi",
                              "Startup Cost": 3576.48,
                              "Total Cost": 174515.5,
                              "Plan Rows": 39537,
                              "Plan Width": 4,
                              "Actual Startup Time": 8.572,
                              "Actual Total Time": 20.816,
                              "Actual Rows": 49438,
                              "Actual Loops": 4,
                              "Recheck Cond": "(info_type_id > 106)",
                              "Rows Removed by Index Recheck": 0,
                              "Exact Heap Blocks": 1458,
                              "Lossy Heap Blocks": 0,
                              "Plans": [
                                {
                                  "Node Type": "Bitmap Index Scan",
                                  "Parent Relationship": "Outer",
                                  "Parallel Aware": false,
                                  "Index Name": "info_type_id_movie_info",
                                  "Startup Cost": 0.0,
                                  "Total Cost": 3527.06,
                                  "Plan Rows": 197683,
                                  "Plan Width": 0,
                                  "Actual Startup Time": 7.838,
                                  "Actual Total Time": 7.838,
                                  "Actual Rows": 197754,
                                  "Actual Loops": 1,
                                  "Index Cond": "(info_type_id > 106)"
                                }
                              ]
                            },
                            {
                              "Node Type": "Hash",
                              "Parent Relationship": "Inner",
                              "Parallel Aware": true,
                              "Startup Cost": 42319.06,
                              "Total Cost": 42319.06,
                              "Plan Rows": 632106,
                              "Plan Width": 4,
                              "Actual Startup Time": 336.416,
                              "Actual Total Time": 336.417,
                              "Actual Rows": 632078,
                              "Actual Loops": 4,
                              "Hash Buckets": 4194304,
                              "Original Hash Buckets": 4194304,
                              "Hash Batches": 1,
                              "Original Hash Batches": 1,
                              "Peak Memory Usage": 131744,
                              "Plans": [
                                {
                                  "Node Type": "Seq Scan",
                                  "Parent Relationship": "Outer",
                                  "Parallel Aware": true,
                                  "Relation Name": "title",
                                  "Alias": "t",
                                  "Startup Cost": 0.0,
                                  "Total Cost": 42319.06,
                                  "Plan Rows": 632106,
                                  "Plan Width": 4,
                                  "Actual Startup Time": 0.052,
                                  "Actual Total Time": 97.336,
                                  "Actual Rows": 632078,
                                  "Actual Loops": 4
                                }
                              ]
                            }
                          ]
                        }
                      ]
                    }
                  ]
                }
              ]
            }
          ]
        }
      ]
    },
    "Planning Time": 1.136,
    "Triggers": [],
    "Execution Time": 1082.567
  }
]