{
  "Plan": {
    "Node Type": "Aggregate",
    "Strategy": "Plain",
    "Partial Mode": "Finalize",
    "Parallel Aware": false,
    "Startup Cost": 127559.89,
    "Total Cost": 127559.9,
    "Plan Rows": 1,
    "Plan Width": 8,
    "Actual Startup Time": 484.145,
    "Actual Total Time": 501.369,
    "Actual Rows": 1,
    "Actual Loops": 1,
    "Plans": [
      {
        "Node Type": "Gather",
        "Parent Relationship": "Outer",
        "Parallel Aware": false,
        "Startup Cost": 127559.78,
        "Total Cost": 127559.89,
        "Plan Rows": 1,
        "Plan Width": 8,
        "Actual Startup Time": 483.822,
        "Actual Total Time": 501.36,
        "Actual Rows": 2,
        "Actual Loops": 1,
        "Workers Planned": 1,
        "Workers Launched": 1,
        "Single Copy": false,
        "Plans": [
          {
            "Node Type": "Aggregate",
            "Strategy": "Plain",
            "Partial Mode": "Partial",
            "Parent Relationship": "Outer",
            "Parallel Aware": false,
            "Startup Cost": 126559.78,
            "Total Cost": 126559.79,
            "Plan Rows": 1,
            "Plan Width": 8,
            "Actual Startup Time": 477.945,
            "Actual Total Time": 477.95,
            "Actual Rows": 1,
            "Actual Loops": 2,
            "Plans": [
              {
                "Node Type": "Nested Loop",
                "Parent Relationship": "Outer",
                "Parallel Aware": false,
                "Join Type": "Inner",
                "Startup Cost": 58468.5,
                "Total Cost": 126554.13,
                "Plan Rows": 2259,
                "Plan Width": 0,
                "Actual Startup Time": 156.475,
                "Actual Total Time": 477.815,
                "Actual Rows": 1428,
                "Actual Loops": 2,
                "Inner Unique": false,
                "Join Filter": "(t.id = mi_idx.movie_id)",
                "Rows Removed by Join Filter": 0,
                "Plans": [
                  {
                    "Node Type": "Hash Join",
                    "Parent Relationship": "Outer",
                    "Parallel Aware": true,
                    "Join Type": "Inner",
                    "Startup Cost": 58468.07,
                    "Total Cost": 119981.23,
                    "Plan Rows": 12566,
                    "Plan Width": 8,
                    "Actual Startup Time": 156.384,
                    "Actual Total Time": 471.197,
                    "Actual Rows": 2509,
                    "Actual Loops": 2,
                    "Inner Unique": true,
                    "Hash Cond": "(mk.movie_id = t.id)",
                    "Plans": [
                      {
                        "Node Type": "Seq Scan",
                        "Parent Relationship": "Outer",
                        "Parallel Aware": true,
                        "Relation Name": "movie_keyword",
                        "Alias": "mk",
                        "Startup Cost": 0.0,
                        "Total Cost": 57718.19,
                        "Plan Rows": 1445698,
                        "Plan Width": 4,
                        "Actual Startup Time": 0.013,
                        "Actual Total Time": 216.998,
                        "Actual Rows": 1230248,
                        "Actual Loops": 2,
                        "Filter": "(keyword_id < 5899)",
                        "Rows Removed by Filter": 1031716
                      },
                      {
                        "Node Type": "Hash",
                        "Parent Relationship": "Inner",
                        "Parallel Aware": true,
                        "Startup Cost": 58306.47,
                        "Total Cost": 58306.47,
                        "Plan Rows": 12928,
                        "Plan Width": 4,
                        "Actual Startup Time": 153.814,
                        "Actual Total Time": 153.815,
                        "Actual Rows": 12301,
                        "Actual Loops": 2,
                        "Hash Buckets": 32768,
                        "Original Hash Buckets": 32768,
                        "Hash Batches": 1,
                        "Original Hash Batches": 1,
                        "Peak Memory Usage": 1248,
                        "Plans": [
                          {
                            "Node Type": "Seq Scan",
                            "Parent Relationship": "Outer",
                            "Parallel Aware": true,
                            "Relation Name": "title",
                            "Alias": "t",
                            "Startup Cost": 0.0,
                            "Total Cost": 58306.47,
                            "Plan Rows": 12928,
                            "Plan Width": 4,
                            "Actual Startup Time": 0.167,
                            "Actual Total Time": 149.207,
                            "Actual Rows": 12301,
                            "Actual Loops": 2,
                            "Filter": "((kind_id = 7) AND (production_year = 1995))",
                            "Rows Removed by Filter": 1251855
                          }
                        ]
                      }
                    ]
                  },
                  {
                    "Node Type": "Index Scan",
                    "Parent Relationship": "Inner",
                    "Parallel Aware": false,
                    "Scan Direction": "Forward",
                    "Index Name": "movie_id_movie_info_idx",
                    "Relation Name": "movie_info_idx",
                    "Alias": "mi_idx",
                    "Startup Cost": 0.43,
                    "Total Cost": 0.51,
                    "Plan Rows": 1,
                    "Plan Width": 4,
                    "Actual Startup Time": 0.002,
                    "Actual Total Time": 0.002,
                    "Actual Rows": 1,
                    "Actual Loops": 5018,
                    "Index Cond": "(movie_id = mk.movie_id)",
                    "Rows Removed by Index Recheck": 0,
                    "Filter": "(info_type_id = 99)",
                    "Rows Removed by Filter": 1
                  }
                ]
              }
            ]
          }
        ]
      }
    ]
  },
  "Planning Time": 0.954,
  "Triggers": [],
  "Execution Time": 501.454
}