[
  {
    "Plan": {
      "Node Type": "Aggregate",
      "Strategy": "Plain",
      "Partial Mode": "Finalize",
      "Parallel Aware": false,
      "Startup Cost": 210881.11,
      "Total Cost": 210881.12,
      "Plan Rows": 1,
      "Plan Width": 8,
      "Actual Startup Time": 2089.585,
      "Actual Total Time": 2183.404,
      "Actual Rows": 1,
      "Actual Loops": 1,
      "Plans": [
        {
          "Node Type": "Gather",
          "Parent Relationship": "Outer",
          "Parallel Aware": false,
          "Startup Cost": 210880.79,
          "Total Cost": 210881.1,
          "Plan Rows": 3,
          "Plan Width": 8,
          "Actual Startup Time": 2084.862,
          "Actual Total Time": 2183.394,
          "Actual Rows": 4,
          "Actual Loops": 1,
          "Workers Planned": 3,
          "Workers Launched": 3,
          "Single Copy": false,
          "Plans": [
            {
              "Node Type": "Aggregate",
              "Strategy": "Plain",
              "Partial Mode": "Partial",
              "Parent Relationship": "Outer",
              "Parallel Aware": false,
              "Startup Cost": 209880.79,
              "Total Cost": 209880.8,
              "Plan Rows": 1,
              "Plan Width": 8,
              "Actual Startup Time": 2071.631,
              "Actual Total Time": 2071.636,
              "Actual Rows": 1,
              "Actual Loops": 4,
              "Plans": [
                {
                  "Node Type": "Nested Loop",
                  "Parent Relationship": "Outer",
                  "Parallel Aware": false,
                  "Join Type": "Inner",
                  "Startup Cost": 54480.85,
                  "Total Cost": 209218.97,
                  "Plan Rows": 264731,
                  "Plan Width": 0,
                  "Actual Startup Time": 291.504,
                  "Actual Total Time": 2028.169,
                  "Actual Rows": 921096,
                  "Actual Loops": 4,
                  "Inner Unique": false,
                  "Plans": [
                    {
                      "Node Type": "Hash Join",
                      "Parent Relationship": "Outer",
                      "Parallel Aware": true,
                      "Join Type": "Inner",
                      "Startup Cost": 54480.28,
                      "Total Cost": 80330.49,
                      "Plan Rows": 52699,
                      "Plan Width": 8,
                      "Actual Startup Time": 291.322,
                      "Actual Total Time": 359.124,
                      "Actual Rows": 51400,
                      "Actual Loops": 4,
                      "Inner Unique": true,
                      "Hash Cond": "(mk.movie_id = t.id)",
                      "Plans": [
                        {
                          "Node Type": "Bitmap Heap Scan",
                          "Parent Relationship": "Outer",
                          "Parallel Aware": true,
                          "Relation Name": "movie_keyword",
                          "Alias": "mk",
                          "Startup Cost": 6070.21,
                          "Total Cost": 31678.1,
                          "Plan Rows": 92311,
                          "Plan Width": 4,
                          "Actual Startup Time": 49.737,
                          "Actual Total Time": 85.069,
                          "Actual Rows": 72980,
                          "Actual Loops": 4,
                          "Recheck Cond": "(keyword_id > 55213)",
                          "Rows Removed by Index Recheck": 0,
                          "Exact Heap Blocks": 6318,
                          "Lossy Heap Blocks": 0,
                          "Plans": [
                            {
                              "Node Type": "Bitmap Index Scan",
                              "Parent Relationship": "Outer",
                              "Parallel Aware": false,
                              "Index Name": "keyword_id_movie_keyword",
                              "Startup Cost": 0.0,
                              "Total Cost": 5998.67,
                              "Plan Rows": 286165,
                              "Plan Width": 0,
                              "Actual Startup Time": 46.427,
                              "Actual Total Time": 46.428,
                              "Actual Rows": 291920,
                              "Actual Loops": 1,
                              "Index Cond": "(keyword_id > 55213)"
                            }
                          ]
                        },
                        {
                          "Node Type": "Hash",
                          "Parent Relationship": "Inner",
                          "Parallel Aware": true,
                          "Startup Cost": 43899.32,
                          "Total Cost": 43899.32,
                          "Plan Rows": 360860,
                          "Plan Width": 4,
                          "Actual Startup Time": 234.254,
                          "Actual Total Time": 234.255,
                          "Actual Rows": 360824,
                          "Actual Loops": 4,
                          "Hash Buckets": 2097152,
                          "Original Hash Buckets": 2097152,
                          "Hash Batches": 1,
                          "Original Hash Batches": 1,
                          "Peak Memory Usage": 72928,
                          "Plans": [
                            {
                              "Node Type": "Seq Scan",
                              "Parent Relationship": "Outer",
                              "Parallel Aware": true,
                              "Relation Name": "title",
                              "Alias": "t",
                              "Startup Cost": 0.0,
                              "Total Cost": 43899.32,
                              "Plan Rows": 360860,
                              "Plan Width": 4,
                              "Actual Startup Time": 0.044,
                              "Actual Total Time": 108.973,
                              "Actual Rows": 360824,
                              "Actual Loops": 4,
                              "Filter": "(production_year < 2006)",
                              "Rows Removed by Filter": 271254
                            }
                          ]
                        }
                      ]
                    },
                    {
                      "Node Type": "Index Scan",
                      "Parent Relationship": "Inner",
                      "Parallel Aware": false,
                      "Scan Direction": "Forward",
                      "Index Name": "movie_id_cast_info",
                      "Relation Name": "cast_info",
                      "Alias": "ci",
                      "Startup Cost": 0.56,
                      "Total Cost": 2.33,
                      "Plan Rows": 12,
                      "Plan Width": 4,
                      "Actual Startup Time": 0.005,
                      "Actual Total Time": 0.031,
                      "Actual Rows": 18,
                      "Actual Loops": 205601,
                      "Index Cond": "(movie_id = t.id)",
                      "Rows Removed by Index Recheck": 0,
                      "Filter": "(role_id < 2)",
                      "Rows Removed by Filter": 26
                    }
                  ]
                }
              ]
            }
          ]
        }
      ]
    },
    "Planning Time": 1.035,
    "Triggers": [],
    "Execution Time": 2183.516
  }
]