[
  {
    "Plan": {
      "Node Type": "Aggregate",
      "Strategy": "Plain",
      "Partial Mode": "Finalize",
      "Parallel Aware": false,
      "Startup Cost": 217138.47,
      "Total Cost": 217138.48,
      "Plan Rows": 1,
      "Plan Width": 8,
      "Actual Startup Time": 2264.103,
      "Actual Total Time": 2340.923,
      "Actual Rows": 1,
      "Actual Loops": 1,
      "Plans": [
        {
          "Node Type": "Gather",
          "Parent Relationship": "Outer",
          "Parallel Aware": false,
          "Startup Cost": 217138.15,
          "Total Cost": 217138.46,
          "Plan Rows": 3,
          "Plan Width": 8,
          "Actual Startup Time": 2259.973,
          "Actual Total Time": 2340.911,
          "Actual Rows": 4,
          "Actual Loops": 1,
          "Workers Planned": 3,
          "Workers Launched": 3,
          "Single Copy": false,
          "Plans": [
            {
              "Node Type": "Aggregate",
              "Strategy": "Plain",
              "Partial Mode": "Partial",
              "Parent Relationship": "Outer",
              "Parallel Aware": false,
              "Startup Cost": 216138.15,
              "Total Cost": 216138.16,
              "Plan Rows": 1,
              "Plan Width": 8,
              "Actual Startup Time": 2247.458,
              "Actual Total Time": 2247.462,
              "Actual Rows": 1,
              "Actual Loops": 4,
              "Plans": [
                {
                  "Node Type": "Nested Loop",
                  "Parent Relationship": "Outer",
                  "Parallel Aware": false,
                  "Join Type": "Inner",
                  "Startup Cost": 54632.09,
                  "Total Cost": 215473.08,
                  "Plan Rows": 266030,
                  "Plan Width": 0,
                  "Actual Startup Time": 314.454,
                  "Actual Total Time": 2194.213,
                  "Actual Rows": 921096,
                  "Actual Loops": 4,
                  "Inner Unique": false,
                  "Plans": [
                    {
                      "Node Type": "Hash Join",
                      "Parent Relationship": "Outer",
                      "Parallel Aware": true,
                      "Join Type": "Inner",
                      "Startup Cost": 54631.52,
                      "Total Cost": 80523.71,
                      "Plan Rows": 53913,
                      "Plan Width": 8,
                      "Actual Startup Time": 314.119,
                      "Actual Total Time": 389.618,
                      "Actual Rows": 51400,
                      "Actual Loops": 4,
                      "Inner Unique": true,
                      "Hash Cond": "(mk.movie_id = t.id)",
                      "Plans": [
                        {
                          "Node Type": "Bitmap Heap Scan",
                          "Parent Relationship": "Outer",
                          "Parallel Aware": true,
                          "Relation Name": "movie_keyword",
                          "Alias": "mk",
                          "Startup Cost": 6252.89,
                          "Total Cost": 31895.48,
                          "Plan Rows": 95087,
                          "Plan Width": 4,
                          "Actual Startup Time": 39.631,
                          "Actual Total Time": 78.31,
                          "Actual Rows": 72980,
                          "Actual Loops": 4,
                          "Recheck Cond": "(keyword_id > 55213)",
                          "Rows Removed by Index Recheck": 0,
                          "Exact Heap Blocks": 4908,
                          "Lossy Heap Blocks": 0,
                          "Plans": [
                            {
                              "Node Type": "Bitmap Index Scan",
                              "Parent Relationship": "Outer",
                              "Parallel Aware": false,
                              "Index Name": "keyword_id_movie_keyword",
                              "Startup Cost": 0.0,
                              "Total Cost": 6179.2,
                              "Plan Rows": 294769,
                              "Plan Width": 0,
                              "Actual Startup Time": 34.316,
                              "Actual Total Time": 34.317,
                              "Actual Rows": 291920,
                              "Actual Loops": 1,
                              "Index Cond": "(keyword_id > 55213)"
                            }
                          ]
                        },
                        {
                          "Node Type": "Hash",
                          "Parent Relationship": "Inner",
                          "Parallel Aware": true,
                          "Startup Cost": 43898.92,
                          "Total Cost": 43898.92,
                          "Plan Rows": 358377,
                          "Plan Width": 4,
                          "Actual Startup Time": 266.76,
                          "Actual Total Time": 266.761,
                          "Actual Rows": 360824,
                          "Actual Loops": 4,
                          "Hash Buckets": 2097152,
                          "Original Hash Buckets": 2097152,
                          "Hash Batches": 1,
                          "Original Hash Batches": 1,
                          "Peak Memory Usage": 72928,
                          "Plans": [
                            {
                              "Node Type": "Seq Scan",
                              "Parent Relationship": "Outer",
                              "Parallel Aware": true,
                              "Relation Name": "title",
                              "Alias": "t",
                              "Startup Cost": 0.0,
                              "Total Cost": 43898.92,
                              "Plan Rows": 358377,
                              "Plan Width": 4,
                              "Actual Startup Time": 0.043,
                              "Actual Total Time": 123.479,
                              "Actual Rows": 360824,
                              "Actual Loops": 4,
                              "Filter": "(production_year < 2006)",
                              "Rows Removed by Filter": 271254
                            }
                          ]
                        }
                      ]
                    },
                    {
                      "Node Type": "Index Scan",
                      "Parent Relationship": "Inner",
                      "Parallel Aware": false,
                      "Scan Direction": "Forward",
                      "Index Name": "movie_id_cast_info",
                      "Relation Name": "cast_info",
                      "Alias": "ci",
                      "Startup Cost": 0.56,
                      "Total Cost": 2.37,
                      "Plan Rows": 13,
                      "Plan Width": 4,
                      "Actual Startup Time": 0.005,
                      "Actual Total Time": 0.033,
                      "Actual Rows": 18,
                      "Actual Loops": 205601,
                      "Index Cond": "(movie_id = t.id)",
                      "Rows Removed by Index Recheck": 0,
                      "Filter": "(role_id < 2)",
                      "Rows Removed by Filter": 26
                    }
                  ]
                }
              ]
            }
          ]
        }
      ]
    },
    "Planning Time": 1.372,
    "Triggers": [],
    "Execution Time": 2341.052
  }
]