[
  {
    "Plan": {
      "Node Type": "Aggregate",
      "Strategy": "Plain",
      "Partial Mode": "Finalize",
      "Parallel Aware": false,
      "Startup Cost": 347035.5,
      "Total Cost": 347035.51,
      "Plan Rows": 1,
      "Plan Width": 8,
      "Actual Startup Time": 641.689,
      "Actual Total Time": 698.298,
      "Actual Rows": 1,
      "Actual Loops": 1,
      "Plans": [
        {
          "Node Type": "Gather",
          "Parent Relationship": "Outer",
          "Parallel Aware": false,
          "Startup Cost": 347034.88,
          "Total Cost": 347035.48,
          "Plan Rows": 6,
          "Plan Width": 8,
          "Actual Startup Time": 641.374,
          "Actual Total Time": 698.282,
          "Actual Rows": 7,
          "Actual Loops": 1,
          "Workers Planned": 6,
          "Workers Launched": 6,
          "Single Copy": false,
          "Plans": [
            {
              "Node Type": "Aggregate",
              "Strategy": "Plain",
              "Partial Mode": "Partial",
              "Parent Relationship": "Outer",
              "Parallel Aware": false,
              "Startup Cost": 346034.88,
              "Total Cost": 346034.89,
              "Plan Rows": 1,
              "Plan Width": 8,
              "Actual Startup Time": 633.374,
              "Actual Total Time": 633.376,
              "Actual Rows": 1,
              "Actual Loops": 7,
              "Plans": [
                {
                  "Node Type": "Seq Scan",
                  "Parent Relationship": "Outer",
                  "Parallel Aware": true,
                  "Relation Name": "cast_info",
                  "Alias": "ci",
                  "Startup Cost": 0.0,
                  "Total Cost": 343316.27,
                  "Plan Rows": 1087442,
                  "Plan Width": 0,
                  "Actual Startup Time": 220.976,
                  "Actual Total Time": 613.265,
                  "Actual Rows": 403460,
                  "Actual Loops": 7,
                  "Filter": "((person_id < 991499) AND (role_id > 1))",
                  "Rows Removed by Filter": 4774304
                }
              ]
            }
          ]
        }
      ]
    },
    "Planning Time": 0.11,
    "Triggers": [],
    "Execution Time": 698.35
  }
]