[
    {
        "Bao": {
            "Bao prediction": 445.002,
            "Bao recommended hint": "(no hint)"
        }
    },
    {
        "Plan": {
            "Node Type": "Aggregate",
            "Strategy": "Plain",
            "Partial Mode": "Finalize",
            "Parallel Aware": false,
            "Startup Cost": 30876.23,
            "Total Cost": 30876.24,
            "Plan Rows": 1,
            "Plan Width": 8,
            "Actual Startup Time": 114.58,
            "Actual Total Time": 121.331,
            "Actual Rows": 1,
            "Actual Loops": 1,
            "Output": [
                "count(*)"
            ],
            "Plans": [
                {
                    "Node Type": "Gather",
                    "Parent Relationship": "Outer",
                    "Parallel Aware": false,
                    "Startup Cost": 30875.92,
                    "Total Cost": 30876.23,
                    "Plan Rows": 3,
                    "Plan Width": 8,
                    "Actual Startup Time": 114.504,
                    "Actual Total Time": 121.323,
                    "Actual Rows": 4,
                    "Actual Loops": 1,
                    "Output": [
                        "(PARTIAL count(*))"
                    ],
                    "Workers Planned": 3,
                    "Workers Launched": 3,
                    "Single Copy": false,
                    "Plans": [
                        {
                            "Node Type": "Aggregate",
                            "Strategy": "Plain",
                            "Partial Mode": "Partial",
                            "Parent Relationship": "Outer",
                            "Parallel Aware": false,
                            "Startup Cost": 29875.92,
                            "Total Cost": 29875.93,
                            "Plan Rows": 1,
                            "Plan Width": 8,
                            "Actual Startup Time": 106.578,
                            "Actual Total Time": 106.579,
                            "Actual Rows": 1,
                            "Actual Loops": 4,
                            "Output": [
                                "PARTIAL count(*)"
                            ],
                            "Workers": [
                                {
                                    "Worker Number": 0,
                                    "Actual Startup Time": 103.95,
                                    "Actual Total Time": 103.951,
                                    "Actual Rows": 1,
                                    "Actual Loops": 1
                                },
                                {
                                    "Worker Number": 1,
                                    "Actual Startup Time": 104.117,
                                    "Actual Total Time": 104.118,
                                    "Actual Rows": 1,
                                    "Actual Loops": 1
                                },
                                {
                                    "Worker Number": 2,
                                    "Actual Startup Time": 104.334,
                                    "Actual Total Time": 104.336,
                                    "Actual Rows": 1,
                                    "Actual Loops": 1
                                }
                            ],
                            "Plans": [
                                {
                                    "Node Type": "Seq Scan",
                                    "Parent Relationship": "Outer",
                                    "Parallel Aware": true,
                                    "Relation Name": "movie_companies",
                                    "Schema": "public",
                                    "Alias": "mc",
                                    "Startup Cost": 0.0,
                                    "Total Cost": 29310.68,
                                    "Plan Rows": 226094,
                                    "Plan Width": 0,
                                    "Actual Startup Time": 33.98,
                                    "Actual Total Time": 94.839,
                                    "Actual Rows": 175182,
                                    "Actual Loops": 4,
                                    "Output": [
                                        "id",
                                        "movie_id",
                                        "company_id",
                                        "company_type_id",
                                        "note"
                                    ],
                                    "Filter": "(mc.company_id > 45443)",
                                    "Rows Removed by Filter": 477100,
                                    "Workers": [
                                        {
                                            "Worker Number": 0,
                                            "Actual Startup Time": 31.343,
                                            "Actual Total Time": 92.437,
                                            "Actual Rows": 167018,
                                            "Actual Loops": 1
                                        },
                                        {
                                            "Worker Number": 1,
                                            "Actual Startup Time": 31.538,
                                            "Actual Total Time": 92.674,
                                            "Actual Rows": 166577,
                                            "Actual Loops": 1
                                        },
                                        {
                                            "Worker Number": 2,
                                            "Actual Startup Time": 31.731,
                                            "Actual Total Time": 92.994,
                                            "Actual Rows": 164536,
                                            "Actual Loops": 1
                                        }
                                    ]
                                }
                            ]
                        }
                    ]
                }
            ]
        },
        "Planning Time": 2929.449,
        "Triggers": [],
        "Execution Time": 121.423
    }
]