[
  {
    "Plan": {
      "Node Type": "Aggregate",
      "Strategy": "Plain",
      "Partial Mode": "Finalize",
      "Parallel Aware": false,
      "Startup Cost": 336622.91,
      "Total Cost": 336622.92,
      "Plan Rows": 1,
      "Plan Width": 8,
      "Actual Startup Time": 812.427,
      "Actual Total Time": 864.034,
      "Actual Rows": 1,
      "Actual Loops": 1,
      "Plans": [
        {
          "Node Type": "Gather",
          "Parent Relationship": "Outer",
          "Parallel Aware": false,
          "Startup Cost": 336622.28,
          "Total Cost": 336622.89,
          "Plan Rows": 6,
          "Plan Width": 8,
          "Actual Startup Time": 812.232,
          "Actual Total Time": 864.019,
          "Actual Rows": 7,
          "Actual Loops": 1,
          "Workers Planned": 6,
          "Workers Launched": 6,
          "Single Copy": false,
          "Plans": [
            {
              "Node Type": "Aggregate",
              "Strategy": "Plain",
              "Partial Mode": "Partial",
              "Parent Relationship": "Outer",
              "Parallel Aware": false,
              "Startup Cost": 335622.28,
              "Total Cost": 335622.29,
              "Plan Rows": 1,
              "Plan Width": 8,
              "Actual Startup Time": 801.827,
              "Actual Total Time": 801.829,
              "Actual Rows": 1,
              "Actual Loops": 7,
              "Plans": [
                {
                  "Node Type": "Seq Scan",
                  "Parent Relationship": "Outer",
                  "Parallel Aware": true,
                  "Relation Name": "cast_info",
                  "Alias": "ci",
                  "Startup Cost": 0.0,
                  "Total Cost": 328211.39,
                  "Plan Rows": 2964356,
                  "Plan Width": 0,
                  "Actual Startup Time": 232.995,
                  "Actual Total Time": 665.282,
                  "Actual Rows": 2511856,
                  "Actual Loops": 7,
                  "Filter": "(person_id > 1858629)",
                  "Rows Removed by Filter": 2665908
                }
              ]
            }
          ]
        }
      ]
    },
    "Planning Time": 0.206,
    "Triggers": [],
    "Execution Time": 864.107
  }
]