[
  {
    "Plan": {
      "Node Type": "Aggregate",
      "Strategy": "Plain",
      "Partial Mode": "Finalize",
      "Parallel Aware": false,
      "Startup Cost": 336496.23,
      "Total Cost": 336496.24,
      "Plan Rows": 1,
      "Plan Width": 8,
      "Actual Startup Time": 704.877,
      "Actual Total Time": 762.072,
      "Actual Rows": 1,
      "Actual Loops": 1,
      "Plans": [
        {
          "Node Type": "Gather",
          "Parent Relationship": "Outer",
          "Parallel Aware": false,
          "Startup Cost": 336495.61,
          "Total Cost": 336496.22,
          "Plan Rows": 6,
          "Plan Width": 8,
          "Actual Startup Time": 704.747,
          "Actual Total Time": 762.064,
          "Actual Rows": 7,
          "Actual Loops": 1,
          "Workers Planned": 6,
          "Workers Launched": 6,
          "Single Copy": false,
          "Plans": [
            {
              "Node Type": "Aggregate",
              "Strategy": "Plain",
              "Partial Mode": "Partial",
              "Parent Relationship": "Outer",
              "Parallel Aware": false,
              "Startup Cost": 335495.61,
              "Total Cost": 335495.62,
              "Plan Rows": 1,
              "Plan Width": 8,
              "Actual Startup Time": 698.095,
              "Actual Total Time": 698.096,
              "Actual Rows": 1,
              "Actual Loops": 7,
              "Plans": [
                {
                  "Node Type": "Seq Scan",
                  "Parent Relationship": "Outer",
                  "Parallel Aware": true,
                  "Relation Name": "cast_info",
                  "Alias": "ci",
                  "Startup Cost": 0.0,
                  "Total Cost": 328162.03,
                  "Plan Rows": 2933433,
                  "Plan Width": 0,
                  "Actual Startup Time": 199.805,
                  "Actual Total Time": 589.221,
                  "Actual Rows": 2511856,
                  "Actual Loops": 7,
                  "Filter": "(person_id > 1858629)",
                  "Rows Removed by Filter": 2665908
                }
              ]
            }
          ]
        }
      ]
    },
    "Planning Time": 0.121,
    "Triggers": [],
    "Execution Time": 762.124
  }
]