[
  {
    "Plan": {
      "Node Type": "Aggregate",
      "Strategy": "Plain",
      "Partial Mode": "Finalize",
      "Parallel Aware": false,
      "Startup Cost": 328804.72,
      "Total Cost": 328804.73,
      "Plan Rows": 1,
      "Plan Width": 8,
      "Actual Startup Time": 336.047,
      "Actual Total Time": 398.368,
      "Actual Rows": 1,
      "Actual Loops": 1,
      "Plans": [
        {
          "Node Type": "Gather",
          "Parent Relationship": "Outer",
          "Parallel Aware": false,
          "Startup Cost": 328804.3,
          "Total Cost": 328804.71,
          "Plan Rows": 4,
          "Plan Width": 8,
          "Actual Startup Time": 335.419,
          "Actual Total Time": 398.355,
          "Actual Rows": 5,
          "Actual Loops": 1,
          "Workers Planned": 4,
          "Workers Launched": 4,
          "Single Copy": false,
          "Plans": [
            {
              "Node Type": "Aggregate",
              "Strategy": "Plain",
              "Partial Mode": "Partial",
              "Parent Relationship": "Outer",
              "Parallel Aware": false,
              "Startup Cost": 327804.3,
              "Total Cost": 327804.31,
              "Plan Rows": 1,
              "Plan Width": 8,
              "Actual Startup Time": 325.303,
              "Actual Total Time": 325.305,
              "Actual Rows": 1,
              "Actual Loops": 5,
              "Plans": [
                {
                  "Node Type": "Nested Loop",
                  "Parent Relationship": "Outer",
                  "Parallel Aware": false,
                  "Join Type": "Inner",
                  "Startup Cost": 0.56,
                  "Total Cost": 327791.33,
                  "Plan Rows": 5188,
                  "Plan Width": 0,
                  "Actual Startup Time": 4.283,
                  "Actual Total Time": 324.877,
                  "Actual Rows": 3868,
                  "Actual Loops": 5,
                  "Inner Unique": false,
                  "Plans": [
                    {
                      "Node Type": "Seq Scan",
                      "Parent Relationship": "Outer",
                      "Parallel Aware": true,
                      "Relation Name": "title",
                      "Alias": "t",
                      "Startup Cost": 0.0,
                      "Total Cost": 45479.59,
                      "Plan Rows": 5985,
                      "Plan Width": 4,
                      "Actual Startup Time": 0.618,
                      "Actual Total Time": 73.697,
                      "Actual Rows": 3778,
                      "Actual Loops": 5,
                      "Filter": "((kind_id < 7) AND (production_year = 2001))",
                      "Rows Removed by Filter": 501884
                    },
                    {
                      "Node Type": "Index Scan",
                      "Parent Relationship": "Inner",
                      "Parallel Aware": false,
                      "Scan Direction": "Forward",
                      "Index Name": "movie_id_cast_info",
                      "Relation Name": "cast_info",
                      "Alias": "ci",
                      "Startup Cost": 0.56,
                      "Total Cost": 47.15,
                      "Plan Rows": 2,
                      "Plan Width": 4,
                      "Actual Startup Time": 0.03,
                      "Actual Total Time": 0.066,
                      "Actual Rows": 1,
                      "Actual Loops": 18892,
                      "Index Cond": "(movie_id = t.id)",
                      "Rows Removed by Index Recheck": 0,
                      "Filter": "(person_id < 219973)",
                      "Rows Removed by Filter": 17
                    }
                  ]
                }
              ]
            }
          ]
        }
      ]
    },
    "Planning Time": 0.659,
    "Triggers": [],
    "Execution Time": 398.463
  }
]