[
  {
    "Plan": {
      "Node Type": "Aggregate",
      "Strategy": "Plain",
      "Partial Mode": "Finalize",
      "Parallel Aware": false,
      "Startup Cost": 336004.41,
      "Total Cost": 336004.42,
      "Plan Rows": 1,
      "Plan Width": 8,
      "Actual Startup Time": 294.077,
      "Actual Total Time": 304.556,
      "Actual Rows": 1,
      "Actual Loops": 1,
      "Plans": [
        {
          "Node Type": "Gather",
          "Parent Relationship": "Outer",
          "Parallel Aware": false,
          "Startup Cost": 336003.79,
          "Total Cost": 336004.4,
          "Plan Rows": 6,
          "Plan Width": 8,
          "Actual Startup Time": 293.195,
          "Actual Total Time": 304.548,
          "Actual Rows": 7,
          "Actual Loops": 1,
          "Workers Planned": 6,
          "Workers Launched": 6,
          "Single Copy": false,
          "Plans": [
            {
              "Node Type": "Aggregate",
              "Strategy": "Plain",
              "Partial Mode": "Partial",
              "Parent Relationship": "Outer",
              "Parallel Aware": false,
              "Startup Cost": 335003.79,
              "Total Cost": 335003.8,
              "Plan Rows": 1,
              "Plan Width": 8,
              "Actual Startup Time": 284.167,
              "Actual Total Time": 284.168,
              "Actual Rows": 1,
              "Actual Loops": 7,
              "Plans": [
                {
                  "Node Type": "Bitmap Heap Scan",
                  "Parent Relationship": "Outer",
                  "Parallel Aware": true,
                  "Relation Name": "cast_info",
                  "Alias": "ci",
                  "Startup Cost": 72980.78,
                  "Total Cost": 333950.54,
                  "Plan Rows": 421298,
                  "Plan Width": 0,
                  "Actual Startup Time": 136.738,
                  "Actual Total Time": 263.225,
                  "Actual Rows": 429392,
                  "Actual Loops": 7,
                  "Recheck Cond": "(person_id < 328177)",
                  "Rows Removed by Index Recheck": 0,
                  "Filter": "(role_id < 6)",
                  "Rows Removed by Filter": 58368,
                  "Exact Heap Blocks": 7876,
                  "Lossy Heap Blocks": 0,
                  "Plans": [
                    {
                      "Node Type": "Bitmap Index Scan",
                      "Parent Relationship": "Outer",
                      "Parallel Aware": false,
                      "Index Name": "person_id_cast_info",
                      "Startup Cost": 0.0,
                      "Total Cost": 72348.84,
                      "Plan Rows": 3313103,
                      "Plan Width": 0,
                      "Actual Startup Time": 138.877,
                      "Actual Total Time": 138.877,
                      "Actual Rows": 3414315,
                      "Actual Loops": 1,
                      "Index Cond": "(person_id < 328177)"
                    }
                  ]
                }
              ]
            }
          ]
        }
      ]
    },
    "Planning Time": 0.225,
    "Triggers": [],
    "Execution Time": 304.632
  }
]