[
  {
    "Plan": {
      "Node Type": "Aggregate",
      "Strategy": "Plain",
      "Partial Mode": "Finalize",
      "Parallel Aware": false,
      "Startup Cost": 29921.65,
      "Total Cost": 29921.66,
      "Plan Rows": 1,
      "Plan Width": 8,
      "Actual Startup Time": 60.414,
      "Actual Total Time": 64.316,
      "Actual Rows": 1,
      "Actual Loops": 1,
      "Plans": [
        {
          "Node Type": "Gather",
          "Parent Relationship": "Outer",
          "Parallel Aware": false,
          "Startup Cost": 29921.33,
          "Total Cost": 29921.64,
          "Plan Rows": 3,
          "Plan Width": 8,
          "Actual Startup Time": 60.189,
          "Actual Total Time": 64.309,
          "Actual Rows": 4,
          "Actual Loops": 1,
          "Workers Planned": 3,
          "Workers Launched": 3,
          "Single Copy": false,
          "Plans": [
            {
              "Node Type": "Aggregate",
              "Strategy": "Plain",
              "Partial Mode": "Partial",
              "Parent Relationship": "Outer",
              "Parallel Aware": false,
              "Startup Cost": 28921.33,
              "Total Cost": 28921.34,
              "Plan Rows": 1,
              "Plan Width": 8,
              "Actual Startup Time": 56.347,
              "Actual Total Time": 56.348,
              "Actual Rows": 1,
              "Actual Loops": 4,
              "Plans": [
                {
                  "Node Type": "Bitmap Heap Scan",
                  "Parent Relationship": "Outer",
                  "Parallel Aware": true,
                  "Relation Name": "movie_companies",
                  "Alias": "mc",
                  "Startup Cost": 8282.17,
                  "Total Cost": 28613.14,
                  "Plan Rows": 123277,
                  "Plan Width": 0,
                  "Actual Startup Time": 20.862,
                  "Actual Total Time": 50.547,
                  "Actual Rows": 95278,
                  "Actual Loops": 4,
                  "Recheck Cond": "(company_id > 84145)",
                  "Rows Removed by Index Recheck": 0,
                  "Exact Heap Blocks": 3165,
                  "Lossy Heap Blocks": 0,
                  "Plans": [
                    {
                      "Node Type": "Bitmap Index Scan",
                      "Parent Relationship": "Outer",
                      "Parallel Aware": false,
                      "Index Name": "company_id_movie_companies",
                      "Startup Cost": 0.0,
                      "Total Cost": 8186.63,
                      "Plan Rows": 382160,
                      "Plan Width": 0,
                      "Actual Startup Time": 23.519,
                      "Actual Total Time": 23.519,
                      "Actual Rows": 381113,
                      "Actual Loops": 1,
                      "Index Cond": "(company_id > 84145)"
                    }
                  ]
                }
              ]
            }
          ]
        }
      ]
    },
    "Planning Time": 0.09,
    "Triggers": [],
    "Execution Time": 64.354
  }
]