[
  {
    "Plan": {
      "Node Type": "Aggregate",
      "Strategy": "Plain",
      "Partial Mode": "Finalize",
      "Parallel Aware": false,
      "Startup Cost": 33146.72,
      "Total Cost": 33146.73,
      "Plan Rows": 1,
      "Plan Width": 8,
      "Actual Startup Time": 93.85,
      "Actual Total Time": 101.428,
      "Actual Rows": 1,
      "Actual Loops": 1,
      "Plans": [
        {
          "Node Type": "Gather",
          "Parent Relationship": "Outer",
          "Parallel Aware": false,
          "Startup Cost": 33146.41,
          "Total Cost": 33146.72,
          "Plan Rows": 3,
          "Plan Width": 8,
          "Actual Startup Time": 93.717,
          "Actual Total Time": 101.418,
          "Actual Rows": 4,
          "Actual Loops": 1,
          "Workers Planned": 3,
          "Workers Launched": 3,
          "Single Copy": false,
          "Plans": [
            {
              "Node Type": "Aggregate",
              "Strategy": "Plain",
              "Partial Mode": "Partial",
              "Parent Relationship": "Outer",
              "Parallel Aware": false,
              "Startup Cost": 32146.41,
              "Total Cost": 32146.42,
              "Plan Rows": 1,
              "Plan Width": 8,
              "Actual Startup Time": 86.601,
              "Actual Total Time": 86.603,
              "Actual Rows": 1,
              "Actual Loops": 4,
              "Plans": [
                {
                  "Node Type": "Seq Scan",
                  "Parent Relationship": "Outer",
                  "Parallel Aware": true,
                  "Relation Name": "movie_companies",
                  "Alias": "mc",
                  "Startup Cost": 0.0,
                  "Total Cost": 31414.82,
                  "Plan Rows": 292635,
                  "Plan Width": 0,
                  "Actual Startup Time": 0.88,
                  "Actual Total Time": 77.918,
                  "Actual Rows": 184974,
                  "Actual Loops": 4,
                  "Filter": "((company_id > 1532) AND (company_type_id = 1))",
                  "Rows Removed by Filter": 467308
                }
              ]
            }
          ]
        }
      ]
    },
    "Planning Time": 0.181,
    "Triggers": [],
    "Execution Time": 101.475
  }
]