[
  {
    "Plan": {
      "Node Type": "Aggregate",
      "Strategy": "Plain",
      "Partial Mode": "Simple",
      "Parallel Aware": false,
      "Startup Cost": 9677.87,
      "Total Cost": 9677.88,
      "Plan Rows": 1,
      "Plan Width": 8,
      "Actual Startup Time": 3.964,
      "Actual Total Time": 3.966,
      "Actual Rows": 1,
      "Actual Loops": 1,
      "Plans": [
        {
          "Node Type": "Index Scan",
          "Parent Relationship": "Outer",
          "Parallel Aware": false,
          "Scan Direction": "Forward",
          "Index Name": "company_id_movie_companies",
          "Relation Name": "movie_companies",
          "Alias": "mc",
          "Startup Cost": 0.43,
          "Total Cost": 9672.84,
          "Plan Rows": 2012,
          "Plan Width": 0,
          "Actual Startup Time": 0.057,
          "Actual Total Time": 3.277,
          "Actual Rows": 3707,
          "Actual Loops": 1,
          "Index Cond": "(company_id = 164)",
          "Rows Removed by Index Recheck": 0,
          "Filter": "(company_type_id < 2)",
          "Rows Removed by Filter": 15
        }
      ]
    },
    "Planning Time": 0.184,
    "Triggers": [],
    "Execution Time": 4.015
  }
]