[
  {
    "Plan": {
      "Node Type": "Aggregate",
      "Strategy": "Plain",
      "Partial Mode": "Finalize",
      "Parallel Aware": false,
      "Startup Cost": 345023.85,
      "Total Cost": 345023.86,
      "Plan Rows": 1,
      "Plan Width": 8,
      "Actual Startup Time": 598.201,
      "Actual Total Time": 641.083,
      "Actual Rows": 1,
      "Actual Loops": 1,
      "Plans": [
        {
          "Node Type": "Gather",
          "Parent Relationship": "Outer",
          "Parallel Aware": false,
          "Startup Cost": 345023.23,
          "Total Cost": 345023.84,
          "Plan Rows": 6,
          "Plan Width": 8,
          "Actual Startup Time": 597.948,
          "Actual Total Time": 641.065,
          "Actual Rows": 7,
          "Actual Loops": 1,
          "Workers Planned": 6,
          "Workers Launched": 6,
          "Single Copy": false,
          "Plans": [
            {
              "Node Type": "Aggregate",
              "Strategy": "Plain",
              "Partial Mode": "Partial",
              "Parent Relationship": "Outer",
              "Parallel Aware": false,
              "Startup Cost": 344023.23,
              "Total Cost": 344023.24,
              "Plan Rows": 1,
              "Plan Width": 8,
              "Actual Startup Time": 591.759,
              "Actual Total Time": 591.761,
              "Actual Rows": 1,
              "Actual Loops": 7,
              "Plans": [
                {
                  "Node Type": "Seq Scan",
                  "Parent Relationship": "Outer",
                  "Parallel Aware": true,
                  "Relation Name": "cast_info",
                  "Alias": "ci",
                  "Startup Cost": 0.0,
                  "Total Cost": 343316.27,
                  "Plan Rows": 282783,
                  "Plan Width": 0,
                  "Actual Startup Time": 331.774,
                  "Actual Total Time": 583.97,
                  "Actual Rows": 158621,
                  "Actual Loops": 7,
                  "Filter": "((person_id < 382469) AND (role_id > 2))",
                  "Rows Removed by Filter": 5019142
                }
              ]
            }
          ]
        }
      ]
    },
    "Planning Time": 0.234,
    "Triggers": [],
    "Execution Time": 641.157
  }
]