[
  {
    "Plan": {
      "Node Type": "Aggregate",
      "Strategy": "Plain",
      "Partial Mode": "Finalize",
      "Parallel Aware": false,
      "Startup Cost": 344986.0,
      "Total Cost": 344986.01,
      "Plan Rows": 1,
      "Plan Width": 8,
      "Actual Startup Time": 627.411,
      "Actual Total Time": 686.137,
      "Actual Rows": 1,
      "Actual Loops": 1,
      "Plans": [
        {
          "Node Type": "Gather",
          "Parent Relationship": "Outer",
          "Parallel Aware": false,
          "Startup Cost": 344985.37,
          "Total Cost": 344985.98,
          "Plan Rows": 6,
          "Plan Width": 8,
          "Actual Startup Time": 627.287,
          "Actual Total Time": 686.126,
          "Actual Rows": 7,
          "Actual Loops": 1,
          "Workers Planned": 6,
          "Workers Launched": 6,
          "Single Copy": false,
          "Plans": [
            {
              "Node Type": "Aggregate",
              "Strategy": "Plain",
              "Partial Mode": "Partial",
              "Parent Relationship": "Outer",
              "Parallel Aware": false,
              "Startup Cost": 343985.37,
              "Total Cost": 343985.38,
              "Plan Rows": 1,
              "Plan Width": 8,
              "Actual Startup Time": 616.796,
              "Actual Total Time": 616.797,
              "Actual Rows": 1,
              "Actual Loops": 7,
              "Plans": [
                {
                  "Node Type": "Seq Scan",
                  "Parent Relationship": "Outer",
                  "Parallel Aware": true,
                  "Relation Name": "cast_info",
                  "Alias": "ci",
                  "Startup Cost": 0.0,
                  "Total Cost": 343257.03,
                  "Plan Rows": 291338,
                  "Plan Width": 0,
                  "Actual Startup Time": 345.907,
                  "Actual Total Time": 609.412,
                  "Actual Rows": 158621,
                  "Actual Loops": 7,
                  "Filter": "((person_id < 382469) AND (role_id > 2))",
                  "Rows Removed by Filter": 5019142
                }
              ]
            }
          ]
        }
      ]
    },
    "Planning Time": 0.21,
    "Triggers": [],
    "Execution Time": 686.211
  }
]