[
  {
    "Plan": {
      "Node Type": "Aggregate",
      "Strategy": "Plain",
      "Partial Mode": "Finalize",
      "Parallel Aware": false,
      "Startup Cost": 45935.01,
      "Total Cost": 45935.02,
      "Plan Rows": 1,
      "Plan Width": 8,
      "Actual Startup Time": 160.471,
      "Actual Total Time": 170.667,
      "Actual Rows": 1,
      "Actual Loops": 1,
      "Plans": [
        {
          "Node Type": "Gather",
          "Parent Relationship": "Outer",
          "Parallel Aware": false,
          "Startup Cost": 45934.69,
          "Total Cost": 45935.0,
          "Plan Rows": 3,
          "Plan Width": 8,
          "Actual Startup Time": 160.316,
          "Actual Total Time": 170.659,
          "Actual Rows": 4,
          "Actual Loops": 1,
          "Workers Planned": 3,
          "Workers Launched": 3,
          "Single Copy": false,
          "Plans": [
            {
              "Node Type": "Aggregate",
              "Strategy": "Plain",
              "Partial Mode": "Partial",
              "Parent Relationship": "Outer",
              "Parallel Aware": false,
              "Startup Cost": 44934.69,
              "Total Cost": 44934.7,
              "Plan Rows": 1,
              "Plan Width": 8,
              "Actual Startup Time": 154.504,
              "Actual Total Time": 154.506,
              "Actual Rows": 1,
              "Actual Loops": 4,
              "Plans": [
                {
                  "Node Type": "Seq Scan",
                  "Parent Relationship": "Outer",
                  "Parallel Aware": true,
                  "Relation Name": "movie_keyword",
                  "Alias": "mk",
                  "Startup Cost": 0.0,
                  "Total Cost": 42695.65,
                  "Plan Rows": 895616,
                  "Plan Width": 0,
                  "Actual Startup Time": 0.044,
                  "Actual Total Time": 121.447,
                  "Actual Rows": 696926,
                  "Actual Loops": 4,
                  "Filter": "(keyword_id < 8107)",
                  "Rows Removed by Filter": 434057
                }
              ]
            }
          ]
        }
      ]
    },
    "Planning Time": 0.142,
    "Triggers": [],
    "Execution Time": 170.721
  }
]