[
  {
    "Plan": {
      "Node Type": "Aggregate",
      "Strategy": "Plain",
      "Partial Mode": "Finalize",
      "Parallel Aware": false,
      "Startup Cost": 99530.98,
      "Total Cost": 99530.99,
      "Plan Rows": 1,
      "Plan Width": 8,
      "Actual Startup Time": 769.529,
      "Actual Total Time": 788.002,
      "Actual Rows": 1,
      "Actual Loops": 1,
      "Plans": [
        {
          "Node Type": "Gather",
          "Parent Relationship": "Outer",
          "Parallel Aware": false,
          "Startup Cost": 99530.67,
          "Total Cost": 99530.98,
          "Plan Rows": 3,
          "Plan Width": 8,
          "Actual Startup Time": 758.905,
          "Actual Total Time": 787.99,
          "Actual Rows": 4,
          "Actual Loops": 1,
          "Workers Planned": 3,
          "Workers Launched": 3,
          "Single Copy": false,
          "Plans": [
            {
              "Node Type": "Aggregate",
              "Strategy": "Plain",
              "Partial Mode": "Partial",
              "Parent Relationship": "Outer",
              "Parallel Aware": false,
              "Startup Cost": 98530.67,
              "Total Cost": 98530.68,
              "Plan Rows": 1,
              "Plan Width": 8,
              "Actual Startup Time": 739.841,
              "Actual Total Time": 739.845,
              "Actual Rows": 1,
              "Actual Loops": 4,
              "Plans": [
                {
                  "Node Type": "Hash Join",
                  "Parent Relationship": "Outer",
                  "Parallel Aware": true,
                  "Join Type": "Inner",
                  "Startup Cost": 51572.51,
                  "Total Cost": 96482.58,
                  "Plan Rows": 819233,
                  "Plan Width": 0,
                  "Actual Startup Time": 418.295,
                  "Actual Total Time": 703.788,
                  "Actual Rows": 649397,
                  "Actual Loops": 4,
                  "Inner Unique": true,
                  "Hash Cond": "(mk.movie_id = t.id)",
                  "Plans": [
                    {
                      "Node Type": "Seq Scan",
                      "Parent Relationship": "Outer",
                      "Parallel Aware": true,
                      "Relation Name": "movie_keyword",
                      "Alias": "mk",
                      "Startup Cost": 0.0,
                      "Total Cost": 42695.65,
                      "Plan Rows": 843589,
                      "Plan Width": 4,
                      "Actual Startup Time": 0.271,
                      "Actual Total Time": 136.154,
                      "Actual Rows": 652871,
                      "Actual Loops": 4,
                      "Filter": "(keyword_id > 3287)",
                      "Rows Removed by Filter": 478111
                    },
                    {
                      "Node Type": "Hash",
                      "Parent Relationship": "Inner",
                      "Parallel Aware": true,
                      "Startup Cost": 43899.32,
                      "Total Cost": 43899.32,
                      "Plan Rows": 613855,
                      "Plan Width": 4,
                      "Actual Startup Time": 405.746,
                      "Actual Total Time": 405.747,
                      "Actual Rows": 614054,
                      "Actual Loops": 4,
                      "Hash Buckets": 4194304,
                      "Original Hash Buckets": 4194304,
                      "Hash Batches": 1,
                      "Original Hash Batches": 1,
                      "Peak Memory Usage": 128928,
                      "Plans": [
                        {
                          "Node Type": "Seq Scan",
                          "Parent Relationship": "Outer",
                          "Parallel Aware": true,
                          "Relation Name": "title",
                          "Alias": "t",
                          "Startup Cost": 0.0,
                          "Total Cost": 43899.32,
                          "Plan Rows": 613855,
                          "Plan Width": 4,
                          "Actual Startup Time": 0.055,
                          "Actual Total Time": 141.065,
                          "Actual Rows": 614054,
                          "Actual Loops": 4,
                          "Filter": "(production_year > 0)",
                          "Rows Removed by Filter": 18024
                        }
                      ]
                    }
                  ]
                }
              ]
            }
          ]
        }
      ]
    },
    "Planning Time": 0.612,
    "Triggers": [],
    "Execution Time": 788.073
  }
]