[
  {
    "Plan": {
      "Node Type": "Aggregate",
      "Strategy": "Plain",
      "Partial Mode": "Finalize",
      "Parallel Aware": false,
      "Startup Cost": 33074.08,
      "Total Cost": 33074.09,
      "Plan Rows": 1,
      "Plan Width": 8,
      "Actual Startup Time": 102.043,
      "Actual Total Time": 109.583,
      "Actual Rows": 1,
      "Actual Loops": 1,
      "Plans": [
        {
          "Node Type": "Gather",
          "Parent Relationship": "Outer",
          "Parallel Aware": false,
          "Startup Cost": 33073.77,
          "Total Cost": 33074.08,
          "Plan Rows": 3,
          "Plan Width": 8,
          "Actual Startup Time": 101.922,
          "Actual Total Time": 109.575,
          "Actual Rows": 4,
          "Actual Loops": 1,
          "Workers Planned": 3,
          "Workers Launched": 3,
          "Single Copy": false,
          "Plans": [
            {
              "Node Type": "Aggregate",
              "Strategy": "Plain",
              "Partial Mode": "Partial",
              "Parent Relationship": "Outer",
              "Parallel Aware": false,
              "Startup Cost": 32073.77,
              "Total Cost": 32073.78,
              "Plan Rows": 1,
              "Plan Width": 8,
              "Actual Startup Time": 94.008,
              "Actual Total Time": 94.009,
              "Actual Rows": 1,
              "Actual Loops": 4,
              "Plans": [
                {
                  "Node Type": "Seq Scan",
                  "Parent Relationship": "Outer",
                  "Parallel Aware": true,
                  "Relation Name": "movie_companies",
                  "Alias": "mc",
                  "Startup Cost": 0.0,
                  "Total Cost": 31414.82,
                  "Plan Rows": 263579,
                  "Plan Width": 0,
                  "Actual Startup Time": 49.32,
                  "Actual Total Time": 83.829,
                  "Actual Rows": 258192,
                  "Actual Loops": 4,
                  "Filter": "((company_id > 4626) AND (company_type_id = 2))",
                  "Rows Removed by Filter": 394090
                }
              ]
            }
          ]
        }
      ]
    },
    "Planning Time": 0.217,
    "Triggers": [],
    "Execution Time": 109.639
  }
]