[
  {
    "Plan": {
      "Node Type": "Aggregate",
      "Strategy": "Plain",
      "Partial Mode": "Finalize",
      "Parallel Aware": false,
      "Startup Cost": 82546.81,
      "Total Cost": 82546.82,
      "Plan Rows": 1,
      "Plan Width": 8,
      "Actual Startup Time": 420.136,
      "Actual Total Time": 436.118,
      "Actual Rows": 1,
      "Actual Loops": 1,
      "Plans": [
        {
          "Node Type": "Gather",
          "Parent Relationship": "Outer",
          "Parallel Aware": false,
          "Startup Cost": 82546.39,
          "Total Cost": 82546.8,
          "Plan Rows": 4,
          "Plan Width": 8,
          "Actual Startup Time": 413.632,
          "Actual Total Time": 436.107,
          "Actual Rows": 5,
          "Actual Loops": 1,
          "Workers Planned": 4,
          "Workers Launched": 4,
          "Single Copy": false,
          "Plans": [
            {
              "Node Type": "Aggregate",
              "Strategy": "Plain",
              "Partial Mode": "Partial",
              "Parent Relationship": "Outer",
              "Parallel Aware": false,
              "Startup Cost": 81546.39,
              "Total Cost": 81546.4,
              "Plan Rows": 1,
              "Plan Width": 8,
              "Actual Startup Time": 403.835,
              "Actual Total Time": 403.993,
              "Actual Rows": 1,
              "Actual Loops": 5,
              "Plans": [
                {
                  "Node Type": "Hash Join",
                  "Parent Relationship": "Outer",
                  "Parallel Aware": true,
                  "Join Type": "Inner",
                  "Startup Cost": 34848.38,
                  "Total Cost": 81014.19,
                  "Plan Rows": 212881,
                  "Plan Width": 0,
                  "Actual Startup Time": 174.091,
                  "Actual Total Time": 395.038,
                  "Actual Rows": 212327,
                  "Actual Loops": 5,
                  "Inner Unique": false,
                  "Hash Cond": "(t.id = mc.movie_id)",
                  "Plans": [
                    {
                      "Node Type": "Seq Scan",
                      "Parent Relationship": "Outer",
                      "Parallel Aware": true,
                      "Relation Name": "title",
                      "Alias": "t",
                      "Startup Cost": 0.0,
                      "Total Cost": 42318.73,
                      "Plan Rows": 632073,
                      "Plan Width": 4,
                      "Actual Startup Time": 0.011,
                      "Actual Total Time": 64.265,
                      "Actual Rows": 505662,
                      "Actual Loops": 5
                    },
                    {
                      "Node Type": "Hash",
                      "Parent Relationship": "Inner",
                      "Parallel Aware": true,
                      "Startup Cost": 31414.82,
                      "Total Cost": 31414.82,
                      "Plan Rows": 274685,
                      "Plan Width": 4,
                      "Actual Startup Time": 169.686,
                      "Actual Total Time": 169.687,
                      "Actual Rows": 212327,
                      "Actual Loops": 5,
                      "Hash Buckets": 2097152,
                      "Original Hash Buckets": 1048576,
                      "Hash Batches": 1,
                      "Original Hash Batches": 1,
                      "Peak Memory Usage": 66176,
                      "Plans": [
                        {
                          "Node Type": "Seq Scan",
                          "Parent Relationship": "Outer",
                          "Parallel Aware": true,
                          "Relation Name": "movie_companies",
                          "Alias": "mc",
                          "Startup Cost": 0.0,
                          "Total Cost": 31414.82,
                          "Plan Rows": 274685,
                          "Plan Width": 4,
                          "Actual Startup Time": 45.963,
                          "Actual Total Time": 79.561,
                          "Actual Rows": 212327,
                          "Actual Loops": 5,
                          "Filter": "((company_id > 3351) AND (company_type_id = 2))",
                          "Rows Removed by Filter": 309499
                        }
                      ]
                    }
                  ]
                }
              ]
            }
          ]
        }
      ]
    },
    "Planning Time": 0.627,
    "Triggers": [],
    "Execution Time": 436.194
  }
]