[
  {
    "Plan": {
      "Node Type": "Aggregate",
      "Strategy": "Plain",
      "Partial Mode": "Finalize",
      "Parallel Aware": false,
      "Startup Cost": 74118.5,
      "Total Cost": 74118.51,
      "Plan Rows": 1,
      "Plan Width": 8,
      "Actual Startup Time": 191.324,
      "Actual Total Time": 206.554,
      "Actual Rows": 1,
      "Actual Loops": 1,
      "Plans": [
        {
          "Node Type": "Gather",
          "Parent Relationship": "Outer",
          "Parallel Aware": false,
          "Startup Cost": 74118.18,
          "Total Cost": 74118.49,
          "Plan Rows": 3,
          "Plan Width": 8,
          "Actual Startup Time": 190.095,
          "Actual Total Time": 206.541,
          "Actual Rows": 4,
          "Actual Loops": 1,
          "Workers Planned": 3,
          "Workers Launched": 3,
          "Single Copy": false,
          "Plans": [
            {
              "Node Type": "Aggregate",
              "Strategy": "Plain",
              "Partial Mode": "Partial",
              "Parent Relationship": "Outer",
              "Parallel Aware": false,
              "Startup Cost": 73118.18,
              "Total Cost": 73118.19,
              "Plan Rows": 1,
              "Plan Width": 8,
              "Actual Startup Time": 185.21,
              "Actual Total Time": 185.215,
              "Actual Rows": 1,
              "Actual Loops": 4,
              "Plans": [
                {
                  "Node Type": "Hash Join",
                  "Parent Relationship": "Outer",
                  "Parallel Aware": true,
                  "Join Type": "Inner",
                  "Startup Cost": 52368.94,
                  "Total Cost": 73108.53,
                  "Plan Rows": 3859,
                  "Plan Width": 0,
                  "Actual Startup Time": 165.464,
                  "Actual Total Time": 185.116,
                  "Actual Rows": 1350,
                  "Actual Loops": 4,
                  "Inner Unique": true,
                  "Hash Cond": "(mc.movie_id = t.id)",
                  "Plans": [
                    {
                      "Node Type": "Bitmap Heap Scan",
                      "Parent Relationship": "Outer",
                      "Parallel Aware": true,
                      "Relation Name": "movie_companies",
                      "Alias": "mc",
                      "Startup Cost": 7969.47,
                      "Total Cost": 28549.01,
                      "Plan Rows": 60972,
                      "Plan Width": 4,
                      "Actual Startup Time": 51.112,
                      "Actual Total Time": 64.403,
                      "Actual Rows": 20979,
                      "Actual Loops": 4,
                      "Recheck Cond": "(company_id < 191)",
                      "Rows Removed by Index Recheck": 0,
                      "Filter": "(company_type_id = 2)",
                      "Rows Removed by Filter": 70370,
                      "Exact Heap Blocks": 6828,
                      "Lossy Heap Blocks": 0,
                      "Plans": [
                        {
                          "Node Type": "Bitmap Index Scan",
                          "Parent Relationship": "Outer",
                          "Parallel Aware": false,
                          "Index Name": "company_id_movie_companies",
                          "Startup Cost": 0.0,
                          "Total Cost": 7922.22,
                          "Plan Rows": 369838,
                          "Plan Width": 0,
                          "Actual Startup Time": 19.676,
                          "Actual Total Time": 19.677,
                          "Actual Rows": 365397,
                          "Actual Loops": 1,
                          "Index Cond": "(company_id < 191)"
                        }
                      ]
                    },
                    {
                      "Node Type": "Hash",
                      "Parent Relationship": "Inner",
                      "Parallel Aware": true,
                      "Startup Cost": 43899.32,
                      "Total Cost": 43899.32,
                      "Plan Rows": 40012,
                      "Plan Width": 4,
                      "Actual Startup Time": 112.164,
                      "Actual Total Time": 112.165,
                      "Actual Rows": 41077,
                      "Actual Loops": 4,
                      "Hash Buckets": 262144,
                      "Original Hash Buckets": 262144,
                      "Hash Batches": 1,
                      "Original Hash Batches": 1,
                      "Peak Memory Usage": 8544,
                      "Plans": [
                        {
                          "Node Type": "Seq Scan",
                          "Parent Relationship": "Outer",
                          "Parallel Aware": true,
                          "Relation Name": "title",
                          "Alias": "t",
                          "Startup Cost": 0.0,
                          "Total Cost": 43899.32,
                          "Plan Rows": 40012,
                          "Plan Width": 4,
                          "Actual Startup Time": 0.025,
                          "Actual Total Time": 94.257,
                          "Actual Rows": 41077,
                          "Actual Loops": 4,
                          "Filter": "(production_year = 2012)",
                          "Rows Removed by Filter": 591001
                        }
                      ]
                    }
                  ]
                }
              ]
            }
          ]
        }
      ]
    },
    "Planning Time": 0.698,
    "Triggers": [],
    "Execution Time": 206.645
  }
]