{
  "Plan": {
    "Node Type": "Aggregate",
    "Strategy": "Plain",
    "Partial Mode": "Finalize",
    "Parallel Aware": false,
    "Startup Cost": 331947.01,
    "Total Cost": 331947.02,
    "Plan Rows": 1,
    "Plan Width": 8,
    "Actual Startup Time": 2214.066,
    "Actual Total Time": 2261.352,
    "Actual Rows": 1,
    "Actual Loops": 1,
    "Plans": [
      {
        "Node Type": "Gather",
        "Parent Relationship": "Outer",
        "Parallel Aware": false,
        "Startup Cost": 331946.9,
        "Total Cost": 331947.01,
        "Plan Rows": 1,
        "Plan Width": 8,
        "Actual Startup Time": 2212.892,
        "Actual Total Time": 2261.341,
        "Actual Rows": 2,
        "Actual Loops": 1,
        "Workers Planned": 1,
        "Workers Launched": 1,
        "Single Copy": false,
        "Plans": [
          {
            "Node Type": "Aggregate",
            "Strategy": "Plain",
            "Partial Mode": "Partial",
            "Parent Relationship": "Outer",
            "Parallel Aware": false,
            "Startup Cost": 330946.9,
            "Total Cost": 330946.91,
            "Plan Rows": 1,
            "Plan Width": 8,
            "Actual Startup Time": 2206.703,
            "Actual Total Time": 2206.707,
            "Actual Rows": 1,
            "Actual Loops": 2,
            "Plans": [
              {
                "Node Type": "Hash Join",
                "Parent Relationship": "Outer",
                "Parallel Aware": true,
                "Join Type": "Inner",
                "Startup Cost": 57531.89,
                "Total Cost": 329315.38,
                "Plan Rows": 652609,
                "Plan Width": 0,
                "Actual Startup Time": 203.466,
                "Actual Total Time": 2114.732,
                "Actual Rows": 1916146,
                "Actual Loops": 2,
                "Inner Unique": true,
                "Hash Cond": "(mi.movie_id = t.id)",
                "Plans": [
                  {
                    "Node Type": "Seq Scan",
                    "Parent Relationship": "Outer",
                    "Parallel Aware": true,
                    "Relation Name": "movie_info",
                    "Alias": "mi",
                    "Startup Cost": 0.0,
                    "Total Cost": 248955.74,
                    "Plan Rows": 8696274,
                    "Plan Width": 4,
                    "Actual Startup Time": 0.012,
                    "Actual Total Time": 708.699,
                    "Actual Rows": 7417860,
                    "Actual Loops": 2
                  },
                  {
                    "Node Type": "Hash",
                    "Parent Relationship": "Inner",
                    "Parallel Aware": true,
                    "Startup Cost": 56136.78,
                    "Total Cost": 56136.78,
                    "Plan Rows": 111609,
                    "Plan Width": 4,
                    "Actual Startup Time": 199.237,
                    "Actual Total Time": 199.238,
                    "Actual Rows": 163486,
                    "Actual Loops": 2,
                    "Hash Buckets": 524288,
                    "Original Hash Buckets": 262144,
                    "Hash Batches": 1,
                    "Original Hash Batches": 1,
                    "Peak Memory Usage": 18976,
                    "Plans": [
                      {
                        "Node Type": "Bitmap Heap Scan",
                        "Parent Relationship": "Outer",
                        "Parallel Aware": true,
                        "Relation Name": "title",
                        "Alias": "t",
                        "Startup Cost": 13486.39,
                        "Total Cost": 56136.78,
                        "Plan Rows": 111609,
                        "Plan Width": 4,
                        "Actual Startup Time": 47.131,
                        "Actual Total Time": 154.148,
                        "Actual Rows": 163486,
                        "Actual Loops": 2,
                        "Recheck Cond": "(kind_id < 3)",
                        "Rows Removed by Index Recheck": 0,
                        "Filter": "(production_year < 1988)",
                        "Rows Removed by Filter": 213352,
                        "Exact Heap Blocks": 28279,
                        "Lossy Heap Blocks": 0,
                        "Plans": [
                          {
                            "Node Type": "Bitmap Index Scan",
                            "Parent Relationship": "Outer",
                            "Parallel Aware": false,
                            "Index Name": "kind_id_title",
                            "Startup Cost": 0.0,
                            "Total Cost": 13438.96,
                            "Plan Rows": 753937,
                            "Plan Width": 0,
                            "Actual Startup Time": 43.868,
                            "Actual Total Time": 43.868,
                            "Actual Rows": 753677,
                            "Actual Loops": 1,
                            "Index Cond": "(kind_id < 3)"
                          }
                        ]
                      }
                    ]
                  }
                ]
              }
            ]
          }
        ]
      }
    ]
  },
  "Planning Time": 0.612,
  "Triggers": [],
  "Execution Time": 2261.457
}