[
  {
    "Plan": {
      "Node Type": "Aggregate",
      "Strategy": "Plain",
      "Partial Mode": "Finalize",
      "Parallel Aware": false,
      "Startup Cost": 410368.39,
      "Total Cost": 410368.4,
      "Plan Rows": 1,
      "Plan Width": 8,
      "Actual Startup Time": 2561.462,
      "Actual Total Time": 2630.261,
      "Actual Rows": 1,
      "Actual Loops": 1,
      "Plans": [
        {
          "Node Type": "Gather",
          "Parent Relationship": "Outer",
          "Parallel Aware": false,
          "Startup Cost": 410367.77,
          "Total Cost": 410368.38,
          "Plan Rows": 6,
          "Plan Width": 8,
          "Actual Startup Time": 2551.873,
          "Actual Total Time": 2630.249,
          "Actual Rows": 7,
          "Actual Loops": 1,
          "Workers Planned": 6,
          "Workers Launched": 6,
          "Single Copy": false,
          "Plans": [
            {
              "Node Type": "Aggregate",
              "Strategy": "Plain",
              "Partial Mode": "Partial",
              "Parent Relationship": "Outer",
              "Parallel Aware": false,
              "Startup Cost": 409367.77,
              "Total Cost": 409367.78,
              "Plan Rows": 1,
              "Plan Width": 8,
              "Actual Startup Time": 2536.633,
              "Actual Total Time": 2536.637,
              "Actual Rows": 1,
              "Actual Loops": 7,
              "Plans": [
                {
                  "Node Type": "Hash Join",
                  "Parent Relationship": "Outer",
                  "Parallel Aware": true,
                  "Join Type": "Inner",
                  "Startup Cost": 49116.74,
                  "Total Cost": 402806.2,
                  "Plan Rows": 2624628,
                  "Plan Width": 0,
                  "Actual Startup Time": 276.31,
                  "Actual Total Time": 2415.041,
                  "Actual Rows": 2192078,
                  "Actual Loops": 7,
                  "Inner Unique": true,
                  "Hash Cond": "(ci.movie_id = t.id)",
                  "Plans": [
                    {
                      "Node Type": "Seq Scan",
                      "Parent Relationship": "Outer",
                      "Parallel Aware": true,
                      "Relation Name": "cast_info",
                      "Alias": "ci",
                      "Startup Cost": 0.0,
                      "Total Cost": 343257.03,
                      "Plan Rows": 3974249,
                      "Plan Width": 4,
                      "Actual Startup Time": 54.608,
                      "Actual Total Time": 829.989,
                      "Actual Rows": 3335852,
                      "Actual Loops": 7,
                      "Filter": "((person_id > 387929) AND (role_id < 5))",
                      "Rows Removed by Filter": 1841912
                    },
                    {
                      "Node Type": "Hash",
                      "Parent Relationship": "Inner",
                      "Parallel Aware": true,
                      "Startup Cost": 43898.92,
                      "Total Cost": 43898.92,
                      "Plan Rows": 417426,
                      "Plan Width": 4,
                      "Actual Startup Time": 216.508,
                      "Actual Total Time": 216.509,
                      "Actual Rows": 238756,
                      "Actual Loops": 7,
                      "Hash Buckets": 2097152,
                      "Original Hash Buckets": 2097152,
                      "Hash Batches": 1,
                      "Original Hash Batches": 1,
                      "Peak Memory Usage": 81856,
                      "Plans": [
                        {
                          "Node Type": "Seq Scan",
                          "Parent Relationship": "Outer",
                          "Parallel Aware": true,
                          "Relation Name": "title",
                          "Alias": "t",
                          "Startup Cost": 0.0,
                          "Total Cost": 43898.92,
                          "Plan Rows": 417426,
                          "Plan Width": 4,
                          "Actual Startup Time": 0.042,
                          "Actual Total Time": 93.697,
                          "Actual Rows": 238756,
                          "Actual Loops": 7,
                          "Filter": "(production_year < 2008)",
                          "Rows Removed by Filter": 122431
                        }
                      ]
                    }
                  ]
                }
              ]
            }
          ]
        }
      ]
    },
    "Planning Time": 0.622,
    "Triggers": [],
    "Execution Time": 2630.35
  }
]