{
  "Plan": {
    "Node Type": "Aggregate",
    "Strategy": "Plain",
    "Partial Mode": "Finalize",
    "Parallel Aware": false,
    "Startup Cost": 367807.04,
    "Total Cost": 367807.05,
    "Plan Rows": 1,
    "Plan Width": 8,
    "Actual Startup Time": 834.704,
    "Actual Total Time": 855.506,
    "Actual Rows": 1,
    "Actual Loops": 1,
    "Plans": [
      {
        "Node Type": "Gather",
        "Parent Relationship": "Outer",
        "Parallel Aware": false,
        "Startup Cost": 367806.93,
        "Total Cost": 367807.04,
        "Plan Rows": 1,
        "Plan Width": 8,
        "Actual Startup Time": 829.623,
        "Actual Total Time": 855.499,
        "Actual Rows": 2,
        "Actual Loops": 1,
        "Workers Planned": 1,
        "Workers Launched": 1,
        "Single Copy": false,
        "Plans": [
          {
            "Node Type": "Aggregate",
            "Strategy": "Plain",
            "Partial Mode": "Partial",
            "Parent Relationship": "Outer",
            "Parallel Aware": false,
            "Startup Cost": 366806.93,
            "Total Cost": 366806.94,
            "Plan Rows": 1,
            "Plan Width": 8,
            "Actual Startup Time": 816.267,
            "Actual Total Time": 816.273,
            "Actual Rows": 1,
            "Actual Loops": 2,
            "Plans": [
              {
                "Node Type": "Hash Join",
                "Parent Relationship": "Outer",
                "Parallel Aware": true,
                "Join Type": "Inner",
                "Startup Cost": 347117.34,
                "Total Cost": 366630.2,
                "Plan Rows": 70691,
                "Plan Width": 0,
                "Actual Startup Time": 676.288,
                "Actual Total Time": 809.608,
                "Actual Rows": 161444,
                "Actual Loops": 2,
                "Inner Unique": false,
                "Hash Cond": "(mi_idx.movie_id = t.id)",
                "Plans": [
                  {
                    "Node Type": "Seq Scan",
                    "Parent Relationship": "Outer",
                    "Parallel Aware": true,
                    "Relation Name": "movie_info_idx",
                    "Alias": "mi_idx",
                    "Startup Cost": 0.0,
                    "Total Cost": 16052.85,
                    "Plan Rows": 811785,
                    "Plan Width": 4,
                    "Actual Startup Time": 0.021,
                    "Actual Total Time": 49.216,
                    "Actual Rows": 690018,
                    "Actual Loops": 2
                  },
                  {
                    "Node Type": "Hash",
                    "Parent Relationship": "Inner",
                    "Parallel Aware": true,
                    "Startup Cost": 345498.49,
                    "Total Cost": 345498.49,
                    "Plan Rows": 129508,
                    "Plan Width": 8,
                    "Actual Startup Time": 672.928,
                    "Actual Total Time": 672.933,
                    "Actual Rows": 147586,
                    "Actual Loops": 2,
                    "Hash Buckets": 524288,
                    "Original Hash Buckets": 262144,
                    "Hash Batches": 1,
                    "Original Hash Batches": 1,
                    "Peak Memory Usage": 17728,
                    "Plans": [
                      {
                        "Node Type": "Hash Join",
                        "Parent Relationship": "Outer",
                        "Parallel Aware": true,
                        "Join Type": "Inner",
                        "Startup Cost": 78295.52,
                        "Total Cost": 345498.49,
                        "Plan Rows": 129508,
                        "Plan Width": 8,
                        "Actual Startup Time": 537.623,
                        "Actual Total Time": 637.889,
                        "Actual Rows": 147586,
                        "Actual Loops": 2,
                        "Inner Unique": true,
                        "Hash Cond": "(ci.movie_id = t.id)",
                        "Plans": [
                          {
                            "Node Type": "Bitmap Heap Scan",
                            "Parent Relationship": "Outer",
                            "Parallel Aware": true,
                            "Relation Name": "cast_info",
                            "Alias": "ci",
                            "Startup Cost": 8834.82,
                            "Total Cost": 275697.83,
                            "Plan Rows": 129508,
                            "Plan Width": 4,
                            "Actual Startup Time": 12.873,
                            "Actual Total Time": 39.887,
                            "Actual Rows": 147586,
                            "Actual Loops": 2,
                            "Recheck Cond": "(person_id < 45238)",
                            "Rows Removed by Index Recheck": 0,
                            "Filter": "(role_id < 3)",
                            "Rows Removed by Filter": 51346,
                            "Exact Heap Blocks": 2405,
                            "Lossy Heap Blocks": 0,
                            "Plans": [
                              {
                                "Node Type": "Bitmap Index Scan",
                                "Parent Relationship": "Outer",
                                "Parallel Aware": false,
                                "Index Name": "person_id_cast_info",
                                "Startup Cost": 0.0,
                                "Total Cost": 8779.78,
                                "Plan Rows": 402029,
                                "Plan Width": 0,
                                "Actual Startup Time": 12.273,
                                "Actual Total Time": 12.274,
                                "Actual Rows": 397865,
                                "Actual Loops": 1,
                                "Index Cond": "(person_id < 45238)"
                              }
                            ]
                          },
                          {
                            "Node Type": "Hash",
                            "Parent Relationship": "Inner",
                            "Parallel Aware": true,
                            "Startup Cost": 50870.31,
                            "Total Cost": 50870.31,
                            "Plan Rows": 1487231,
                            "Plan Width": 4,
                            "Actual Startup Time": 506.095,
                            "Actual Total Time": 506.096,
                            "Actual Rows": 1264156,
                            "Actual Loops": 2,
                            "Hash Buckets": 4194304,
                            "Original Hash Buckets": 4194304,
                            "Hash Batches": 1,
                            "Original Hash Batches": 1,
                            "Peak Memory Usage": 131712,
                            "Plans": [
                              {
                                "Node Type": "Seq Scan",
                                "Parent Relationship": "Outer",
                                "Parallel Aware": true,
                                "Relation Name": "title",
                                "Alias": "t",
                                "Startup Cost": 0.0,
                                "Total Cost": 50870.31,
                                "Plan Rows": 1487231,
                                "Plan Width": 4,
                                "Actual Startup Time": 0.027,
                                "Actual Total Time": 144.548,
                                "Actual Rows": 1264156,
                                "Actual Loops": 2
                              }
                            ]
                          }
                        ]
                      }
                    ]
                  }
                ]
              }
            ]
          }
        ]
      }
    ]
  },
  "Planning Time": 1.058,
  "Triggers": [],
  "Execution Time": 855.611
}