[
  {
    "Plan": {
      "Node Type": "Aggregate",
      "Strategy": "Plain",
      "Partial Mode": "Finalize",
      "Parallel Aware": false,
      "Startup Cost": 44286.33,
      "Total Cost": 44286.34,
      "Plan Rows": 1,
      "Plan Width": 8,
      "Actual Startup Time": 123.495,
      "Actual Total Time": 133.267,
      "Actual Rows": 1,
      "Actual Loops": 1,
      "Plans": [
        {
          "Node Type": "Gather",
          "Parent Relationship": "Outer",
          "Parallel Aware": false,
          "Startup Cost": 44286.01,
          "Total Cost": 44286.32,
          "Plan Rows": 3,
          "Plan Width": 8,
          "Actual Startup Time": 123.332,
          "Actual Total Time": 133.254,
          "Actual Rows": 4,
          "Actual Loops": 1,
          "Workers Planned": 3,
          "Workers Launched": 3,
          "Single Copy": false,
          "Plans": [
            {
              "Node Type": "Aggregate",
              "Strategy": "Plain",
              "Partial Mode": "Partial",
              "Parent Relationship": "Outer",
              "Parallel Aware": false,
              "Startup Cost": 43286.01,
              "Total Cost": 43286.02,
              "Plan Rows": 1,
              "Plan Width": 8,
              "Actual Startup Time": 115.845,
              "Actual Total Time": 115.846,
              "Actual Rows": 1,
              "Actual Loops": 4,
              "Plans": [
                {
                  "Node Type": "Seq Scan",
                  "Parent Relationship": "Outer",
                  "Parallel Aware": true,
                  "Relation Name": "movie_keyword",
                  "Alias": "mk",
                  "Startup Cost": 0.0,
                  "Total Cost": 42695.65,
                  "Plan Rows": 236142,
                  "Plan Width": 0,
                  "Actual Startup Time": 0.057,
                  "Actual Total Time": 105.874,
                  "Actual Rows": 182797,
                  "Actual Loops": 4,
                  "Filter": "(keyword_id < 651)",
                  "Rows Removed by Filter": 948185
                }
              ]
            }
          ]
        }
      ]
    },
    "Planning Time": 0.232,
    "Triggers": [],
    "Execution Time": 133.33
  }
]