[
  {
    "Plan": {
      "Node Type": "Aggregate",
      "Strategy": "Plain",
      "Partial Mode": "Finalize",
      "Parallel Aware": false,
      "Startup Cost": 340297.03,
      "Total Cost": 340297.04,
      "Plan Rows": 1,
      "Plan Width": 8,
      "Actual Startup Time": 881.201,
      "Actual Total Time": 931.013,
      "Actual Rows": 1,
      "Actual Loops": 1,
      "Plans": [
        {
          "Node Type": "Gather",
          "Parent Relationship": "Outer",
          "Parallel Aware": false,
          "Startup Cost": 340296.41,
          "Total Cost": 340297.02,
          "Plan Rows": 6,
          "Plan Width": 8,
          "Actual Startup Time": 880.99,
          "Actual Total Time": 930.997,
          "Actual Rows": 7,
          "Actual Loops": 1,
          "Workers Planned": 6,
          "Workers Launched": 6,
          "Single Copy": false,
          "Plans": [
            {
              "Node Type": "Aggregate",
              "Strategy": "Plain",
              "Partial Mode": "Partial",
              "Parent Relationship": "Outer",
              "Parallel Aware": false,
              "Startup Cost": 339296.41,
              "Total Cost": 339296.42,
              "Plan Rows": 1,
              "Plan Width": 8,
              "Actual Startup Time": 874.069,
              "Actual Total Time": 874.071,
              "Actual Rows": 1,
              "Actual Loops": 7,
              "Plans": [
                {
                  "Node Type": "Seq Scan",
                  "Parent Relationship": "Outer",
                  "Parallel Aware": true,
                  "Relation Name": "cast_info",
                  "Alias": "ci",
                  "Startup Cost": 0.0,
                  "Total Cost": 328211.39,
                  "Plan Rows": 4434006,
                  "Plan Width": 0,
                  "Actual Startup Time": 0.041,
                  "Actual Total Time": 677.214,
                  "Actual Rows": 3813296,
                  "Actual Loops": 7,
                  "Filter": "(person_id < 2751107)",
                  "Rows Removed by Filter": 1364467
                }
              ]
            }
          ]
        }
      ]
    },
    "Planning Time": 0.16,
    "Triggers": [],
    "Execution Time": 931.082
  }
]