[
  {
    "Plan": {
      "Node Type": "Aggregate",
      "Strategy": "Plain",
      "Partial Mode": "Finalize",
      "Parallel Aware": false,
      "Startup Cost": 349709.43,
      "Total Cost": 349709.45,
      "Plan Rows": 1,
      "Plan Width": 8,
      "Actual Startup Time": 809.865,
      "Actual Total Time": 859.364,
      "Actual Rows": 1,
      "Actual Loops": 1,
      "Plans": [
        {
          "Node Type": "Gather",
          "Parent Relationship": "Outer",
          "Parallel Aware": false,
          "Startup Cost": 349708.81,
          "Total Cost": 349709.42,
          "Plan Rows": 6,
          "Plan Width": 8,
          "Actual Startup Time": 809.638,
          "Actual Total Time": 859.354,
          "Actual Rows": 7,
          "Actual Loops": 1,
          "Workers Planned": 6,
          "Workers Launched": 6,
          "Single Copy": false,
          "Plans": [
            {
              "Node Type": "Aggregate",
              "Strategy": "Plain",
              "Partial Mode": "Partial",
              "Parent Relationship": "Outer",
              "Parallel Aware": false,
              "Startup Cost": 348708.81,
              "Total Cost": 348708.82,
              "Plan Rows": 1,
              "Plan Width": 8,
              "Actual Startup Time": 802.652,
              "Actual Total Time": 802.654,
              "Actual Rows": 1,
              "Actual Loops": 7,
              "Plans": [
                {
                  "Node Type": "Seq Scan",
                  "Parent Relationship": "Outer",
                  "Parallel Aware": true,
                  "Relation Name": "cast_info",
                  "Alias": "ci",
                  "Startup Cost": 0.0,
                  "Total Cost": 343316.27,
                  "Plan Rows": 2157016,
                  "Plan Width": 0,
                  "Actual Startup Time": 376.407,
                  "Actual Total Time": 712.257,
                  "Actual Rows": 2018209,
                  "Actual Loops": 7,
                  "Filter": "((person_id > 687916) AND (role_id > 2))",
                  "Rows Removed by Filter": 3159555
                }
              ]
            }
          ]
        }
      ]
    },
    "Planning Time": 0.145,
    "Triggers": [],
    "Execution Time": 859.415
  }
]