[
  {
    "Plan": {
      "Node Type": "Aggregate",
      "Strategy": "Plain",
      "Partial Mode": "Finalize",
      "Parallel Aware": false,
      "Startup Cost": 45916.75,
      "Total Cost": 45916.76,
      "Plan Rows": 1,
      "Plan Width": 8,
      "Actual Startup Time": 178.822,
      "Actual Total Time": 191.36,
      "Actual Rows": 1,
      "Actual Loops": 1,
      "Plans": [
        {
          "Node Type": "Gather",
          "Parent Relationship": "Outer",
          "Parallel Aware": false,
          "Startup Cost": 45916.43,
          "Total Cost": 45916.74,
          "Plan Rows": 3,
          "Plan Width": 8,
          "Actual Startup Time": 178.677,
          "Actual Total Time": 191.35,
          "Actual Rows": 4,
          "Actual Loops": 1,
          "Workers Planned": 3,
          "Workers Launched": 3,
          "Single Copy": false,
          "Plans": [
            {
              "Node Type": "Aggregate",
              "Strategy": "Plain",
              "Partial Mode": "Partial",
              "Parent Relationship": "Outer",
              "Parallel Aware": false,
              "Startup Cost": 44916.43,
              "Total Cost": 44916.44,
              "Plan Rows": 1,
              "Plan Width": 8,
              "Actual Startup Time": 171.374,
              "Actual Total Time": 171.375,
              "Actual Rows": 1,
              "Actual Loops": 4,
              "Plans": [
                {
                  "Node Type": "Seq Scan",
                  "Parent Relationship": "Outer",
                  "Parallel Aware": true,
                  "Relation Name": "movie_keyword",
                  "Alias": "mk",
                  "Startup Cost": 0.0,
                  "Total Cost": 42695.65,
                  "Plan Rows": 888312,
                  "Plan Width": 0,
                  "Actual Startup Time": 0.458,
                  "Actual Total Time": 135.677,
                  "Actual Rows": 685761,
                  "Actual Loops": 4,
                  "Filter": "(keyword_id > 2883)",
                  "Rows Removed by Filter": 445221
                }
              ]
            }
          ]
        }
      ]
    },
    "Planning Time": 0.182,
    "Triggers": [],
    "Execution Time": 191.419
  }
]