[
  {
    "Plan": {
      "Node Type": "Aggregate",
      "Strategy": "Plain",
      "Partial Mode": "Finalize",
      "Parallel Aware": false,
      "Startup Cost": 46151.17,
      "Total Cost": 46151.18,
      "Plan Rows": 1,
      "Plan Width": 8,
      "Actual Startup Time": 162.258,
      "Actual Total Time": 171.53,
      "Actual Rows": 1,
      "Actual Loops": 1,
      "Plans": [
        {
          "Node Type": "Gather",
          "Parent Relationship": "Outer",
          "Parallel Aware": false,
          "Startup Cost": 46150.85,
          "Total Cost": 46151.16,
          "Plan Rows": 3,
          "Plan Width": 8,
          "Actual Startup Time": 162.137,
          "Actual Total Time": 171.52,
          "Actual Rows": 4,
          "Actual Loops": 1,
          "Workers Planned": 3,
          "Workers Launched": 3,
          "Single Copy": false,
          "Plans": [
            {
              "Node Type": "Aggregate",
              "Strategy": "Plain",
              "Partial Mode": "Partial",
              "Parent Relationship": "Outer",
              "Parallel Aware": false,
              "Startup Cost": 45150.85,
              "Total Cost": 45150.86,
              "Plan Rows": 1,
              "Plan Width": 8,
              "Actual Startup Time": 153.696,
              "Actual Total Time": 153.697,
              "Actual Rows": 1,
              "Actual Loops": 4,
              "Plans": [
                {
                  "Node Type": "Seq Scan",
                  "Parent Relationship": "Outer",
                  "Parallel Aware": true,
                  "Relation Name": "movie_keyword",
                  "Alias": "mk",
                  "Startup Cost": 0.0,
                  "Total Cost": 42695.65,
                  "Plan Rows": 982080,
                  "Plan Width": 0,
                  "Actual Startup Time": 0.069,
                  "Actual Total Time": 119.909,
                  "Actual Rows": 758969,
                  "Actual Loops": 4,
                  "Filter": "(keyword_id < 10960)",
                  "Rows Removed by Filter": 372014
                }
              ]
            }
          ]
        }
      ]
    },
    "Planning Time": 0.157,
    "Triggers": [],
    "Execution Time": 171.589
  }
]