[
  {
    "Plan": {
      "Node Type": "Aggregate",
      "Strategy": "Plain",
      "Partial Mode": "Finalize",
      "Parallel Aware": false,
      "Startup Cost": 97758.61,
      "Total Cost": 97758.62,
      "Plan Rows": 1,
      "Plan Width": 8,
      "Actual Startup Time": 425.169,
      "Actual Total Time": 442.496,
      "Actual Rows": 1,
      "Actual Loops": 1,
      "Plans": [
        {
          "Node Type": "Gather",
          "Parent Relationship": "Outer",
          "Parallel Aware": false,
          "Startup Cost": 97758.4,
          "Total Cost": 97758.61,
          "Plan Rows": 2,
          "Plan Width": 8,
          "Actual Startup Time": 423.697,
          "Actual Total Time": 442.487,
          "Actual Rows": 3,
          "Actual Loops": 1,
          "Workers Planned": 2,
          "Workers Launched": 2,
          "Single Copy": false,
          "Plans": [
            {
              "Node Type": "Aggregate",
              "Strategy": "Plain",
              "Partial Mode": "Partial",
              "Parent Relationship": "Outer",
              "Parallel Aware": false,
              "Startup Cost": 96758.4,
              "Total Cost": 96758.41,
              "Plan Rows": 1,
              "Plan Width": 8,
              "Actual Startup Time": 415.7,
              "Actual Total Time": 415.854,
              "Actual Rows": 1,
              "Actual Loops": 3,
              "Plans": [
                {
                  "Node Type": "Hash Join",
                  "Parent Relationship": "Outer",
                  "Parallel Aware": true,
                  "Join Type": "Inner",
                  "Startup Cost": 80414.27,
                  "Total Cost": 96507.06,
                  "Plan Rows": 100536,
                  "Plan Width": 0,
                  "Actual Startup Time": 362.695,
                  "Actual Total Time": 412.985,
                  "Actual Rows": 67990,
                  "Actual Loops": 3,
                  "Inner Unique": false,
                  "Hash Cond": "(mi_idx.movie_id = t.id)",
                  "Plans": [
                    {
                      "Node Type": "Seq Scan",
                      "Parent Relationship": "Outer",
                      "Parallel Aware": true,
                      "Relation Name": "movie_info_idx",
                      "Alias": "mi_idx",
                      "Startup Cost": 0.0,
                      "Total Cost": 13685.15,
                      "Plan Rows": 575015,
                      "Plan Width": 4,
                      "Actual Startup Time": 0.03,
                      "Actual Total Time": 37.229,
                      "Actual Rows": 460012,
                      "Actual Loops": 3
                    },
                    {
                      "Node Type": "Hash",
                      "Parent Relationship": "Inner",
                      "Parallel Aware": true,
                      "Startup Cost": 79032.87,
                      "Total Cost": 79032.87,
                      "Plan Rows": 110512,
                      "Plan Width": 8,
                      "Actual Startup Time": 321.925,
                      "Actual Total Time": 322.077,
                      "Actual Rows": 42154,
                      "Actual Loops": 3,
                      "Hash Buckets": 524288,
                      "Original Hash Buckets": 524288,
                      "Hash Batches": 1,
                      "Original Hash Batches": 1,
                      "Peak Memory Usage": 9088,
                      "Plans": [
                        {
                          "Node Type": "Hash Join",
                          "Parent Relationship": "Outer",
                          "Parallel Aware": true,
                          "Join Type": "Inner",
                          "Startup Cost": 33197.28,
                          "Total Cost": 79032.87,
                          "Plan Rows": 110512,
                          "Plan Width": 8,
                          "Actual Startup Time": 219.01,
                          "Actual Total Time": 308.652,
                          "Actual Rows": 42154,
                          "Actual Loops": 3,
                          "Inner Unique": false,
                          "Hash Cond": "(t.id = mc.movie_id)",
                          "Plans": [
                            {
                              "Node Type": "Seq Scan",
                              "Parent Relationship": "Outer",
                              "Parallel Aware": true,
                              "Relation Name": "title",
                              "Alias": "t",
                              "Startup Cost": 0.0,
                              "Total Cost": 42318.73,
                              "Plan Rows": 632073,
                              "Plan Width": 4,
                              "Actual Startup Time": 0.009,
                              "Actual Total Time": 91.237,
                              "Actual Rows": 842771,
                              "Actual Loops": 3
                            },
                            {
                              "Node Type": "Hash",
                              "Parent Relationship": "Inner",
                              "Parallel Aware": true,
                              "Startup Cost": 31414.82,
                              "Total Cost": 31414.82,
                              "Plan Rows": 142597,
                              "Plan Width": 4,
                              "Actual Startup Time": 105.886,
                              "Actual Total Time": 105.887,
                              "Actual Rows": 42154,
                              "Actual Loops": 3,
                              "Hash Buckets": 524288,
                              "Original Hash Buckets": 524288,
                              "Hash Batches": 1,
                              "Original Hash Batches": 1,
                              "Peak Memory Usage": 9120,
                              "Plans": [
                                {
                                  "Node Type": "Seq Scan",
                                  "Parent Relationship": "Outer",
                                  "Parallel Aware": true,
                                  "Relation Name": "movie_companies",
                                  "Alias": "mc",
                                  "Startup Cost": 0.0,
                                  "Total Cost": 31414.82,
                                  "Plan Rows": 142597,
                                  "Plan Width": 4,
                                  "Actual Startup Time": 26.554,
                                  "Actual Total Time": 89.499,
                                  "Actual Rows": 42154,
                                  "Actual Loops": 3,
                                  "Filter": "((company_id > 20739) AND (company_type_id < 2))",
                                  "Rows Removed by Filter": 827555
                                }
                              ]
                            }
                          ]
                        }
                      ]
                    }
                  ]
                }
              ]
            }
          ]
        }
      ]
    },
    "Planning Time": 1.385,
    "Triggers": [],
    "Execution Time": 442.579
  }
]