[
  {
    "Plan": {
      "Node Type": "Aggregate",
      "Strategy": "Plain",
      "Partial Mode": "Finalize",
      "Parallel Aware": false,
      "Startup Cost": 30794.62,
      "Total Cost": 30794.63,
      "Plan Rows": 1,
      "Plan Width": 8,
      "Actual Startup Time": 104.147,
      "Actual Total Time": 114.92,
      "Actual Rows": 1,
      "Actual Loops": 1,
      "Plans": [
        {
          "Node Type": "Gather",
          "Parent Relationship": "Outer",
          "Parallel Aware": false,
          "Startup Cost": 30794.3,
          "Total Cost": 30794.61,
          "Plan Rows": 3,
          "Plan Width": 8,
          "Actual Startup Time": 104.005,
          "Actual Total Time": 114.909,
          "Actual Rows": 4,
          "Actual Loops": 1,
          "Workers Planned": 3,
          "Workers Launched": 3,
          "Single Copy": false,
          "Plans": [
            {
              "Node Type": "Aggregate",
              "Strategy": "Plain",
              "Partial Mode": "Partial",
              "Parent Relationship": "Outer",
              "Parallel Aware": false,
              "Startup Cost": 29794.3,
              "Total Cost": 29794.31,
              "Plan Rows": 1,
              "Plan Width": 8,
              "Actual Startup Time": 97.809,
              "Actual Total Time": 97.81,
              "Actual Rows": 1,
              "Actual Loops": 4,
              "Plans": [
                {
                  "Node Type": "Seq Scan",
                  "Parent Relationship": "Outer",
                  "Parallel Aware": true,
                  "Relation Name": "movie_companies",
                  "Alias": "mc",
                  "Startup Cost": 0.0,
                  "Total Cost": 29310.68,
                  "Plan Rows": 193447,
                  "Plan Width": 0,
                  "Actual Startup Time": 0.041,
                  "Actual Total Time": 86.449,
                  "Actual Rows": 148215,
                  "Actual Loops": 4,
                  "Filter": "(company_id < 685)",
                  "Rows Removed by Filter": 504067
                }
              ]
            }
          ]
        }
      ]
    },
    "Planning Time": 0.191,
    "Triggers": [],
    "Execution Time": 114.977
  }
]