{
  "Plan": {
    "Node Type": "Aggregate",
    "Strategy": "Plain",
    "Partial Mode": "Finalize",
    "Parallel Aware": false,
    "Startup Cost": 97585.38,
    "Total Cost": 97585.39,
    "Plan Rows": 1,
    "Plan Width": 8,
    "Actual Startup Time": 242.132,
    "Actual Total Time": 252.269,
    "Actual Rows": 1,
    "Actual Loops": 1,
    "Plans": [
      {
        "Node Type": "Gather",
        "Parent Relationship": "Outer",
        "Parallel Aware": false,
        "Startup Cost": 97585.27,
        "Total Cost": 97585.38,
        "Plan Rows": 1,
        "Plan Width": 8,
        "Actual Startup Time": 241.875,
        "Actual Total Time": 252.262,
        "Actual Rows": 2,
        "Actual Loops": 1,
        "Workers Planned": 1,
        "Workers Launched": 1,
        "Single Copy": false,
        "Plans": [
          {
            "Node Type": "Aggregate",
            "Strategy": "Plain",
            "Partial Mode": "Partial",
            "Parent Relationship": "Outer",
            "Parallel Aware": false,
            "Startup Cost": 96585.27,
            "Total Cost": 96585.28,
            "Plan Rows": 1,
            "Plan Width": 8,
            "Actual Startup Time": 235.933,
            "Actual Total Time": 235.936,
            "Actual Rows": 1,
            "Actual Loops": 2,
            "Plans": [
              {
                "Node Type": "Hash Join",
                "Parent Relationship": "Outer",
                "Parallel Aware": true,
                "Join Type": "Inner",
                "Startup Cost": 53782.03,
                "Total Cost": 96579.95,
                "Plan Rows": 2129,
                "Plan Width": 0,
                "Actual Startup Time": 174.864,
                "Actual Total Time": 235.739,
                "Actual Rows": 3422,
                "Actual Loops": 2,
                "Inner Unique": true,
                "Hash Cond": "(mc.movie_id = t.id)",
                "Plans": [
                  {
                    "Node Type": "Seq Scan",
                    "Parent Relationship": "Outer",
                    "Parallel Aware": true,
                    "Relation Name": "movie_companies",
                    "Alias": "mc",
                    "Startup Cost": 0.0,
                    "Total Cost": 41811.73,
                    "Plan Rows": 375692,
                    "Plan Width": 4,
                    "Actual Startup Time": 48.146,
                    "Actual Total Time": 108.79,
                    "Actual Rows": 448118,
                    "Actual Loops": 2,
                    "Filter": "((company_id > 11531) AND (company_type_id = 2))",
                    "Rows Removed by Filter": 856446
                  },
                  {
                    "Node Type": "Hash",
                    "Parent Relationship": "Inner",
                    "Parallel Aware": true,
                    "Startup Cost": 53676.69,
                    "Total Cost": 53676.69,
                    "Plan Rows": 8427,
                    "Plan Width": 4,
                    "Actual Startup Time": 96.347,
                    "Actual Total Time": 96.348,
                    "Actual Rows": 3789,
                    "Actual Loops": 2,
                    "Hash Buckets": 16384,
                    "Original Hash Buckets": 16384,
                    "Hash Batches": 1,
                    "Original Hash Batches": 1,
                    "Peak Memory Usage": 448,
                    "Plans": [
                      {
                        "Node Type": "Bitmap Heap Scan",
                        "Parent Relationship": "Outer",
                        "Parallel Aware": true,
                        "Relation Name": "title",
                        "Alias": "t",
                        "Startup Cost": 11826.43,
                        "Total Cost": 53676.69,
                        "Plan Rows": 8427,
                        "Plan Width": 4,
                        "Actual Startup Time": 39.078,
                        "Actual Total Time": 95.0,
                        "Actual Rows": 3789,
                        "Actual Loops": 2,
                        "Recheck Cond": "(kind_id < 2)",
                        "Rows Removed by Index Recheck": 0,
                        "Filter": "(production_year = 1999)",
                        "Rows Removed by Filter": 327624,
                        "Exact Heap Blocks": 9849,
                        "Lossy Heap Blocks": 0,
                        "Plans": [
                          {
                            "Node Type": "Bitmap Index Scan",
                            "Parent Relationship": "Outer",
                            "Parallel Aware": false,
                            "Index Name": "kind_id_title",
                            "Startup Cost": 0.0,
                            "Total Cost": 11822.85,
                            "Plan Rows": 663256,
                            "Plan Width": 0,
                            "Actual Startup Time": 41.821,
                            "Actual Total Time": 41.821,
                            "Actual Rows": 662825,
                            "Actual Loops": 1,
                            "Index Cond": "(kind_id < 2)"
                          }
                        ]
                      }
                    ]
                  }
                ]
              }
            ]
          }
        ]
      }
    ]
  },
  "Planning Time": 0.497,
  "Triggers": [],
  "Execution Time": 252.361
}