{
  "Plan": {
    "Node Type": "Aggregate",
    "Strategy": "Plain",
    "Partial Mode": "Finalize",
    "Parallel Aware": false,
    "Startup Cost": 591715.85,
    "Total Cost": 591715.86,
    "Plan Rows": 1,
    "Plan Width": 8,
    "Actual Startup Time": 4047.347,
    "Actual Total Time": 4103.758,
    "Actual Rows": 1,
    "Actual Loops": 1,
    "Plans": [
      {
        "Node Type": "Gather",
        "Parent Relationship": "Outer",
        "Parallel Aware": false,
        "Startup Cost": 591715.73,
        "Total Cost": 591715.84,
        "Plan Rows": 1,
        "Plan Width": 8,
        "Actual Startup Time": 4046.458,
        "Actual Total Time": 4103.748,
        "Actual Rows": 2,
        "Actual Loops": 1,
        "Workers Planned": 1,
        "Workers Launched": 1,
        "Single Copy": false,
        "Plans": [
          {
            "Node Type": "Aggregate",
            "Strategy": "Plain",
            "Partial Mode": "Partial",
            "Parent Relationship": "Outer",
            "Parallel Aware": false,
            "Startup Cost": 590715.73,
            "Total Cost": 590715.74,
            "Plan Rows": 1,
            "Plan Width": 8,
            "Actual Startup Time": 4040.899,
            "Actual Total Time": 4040.903,
            "Actual Rows": 1,
            "Actual Loops": 2,
            "Plans": [
              {
                "Node Type": "Hash Join",
                "Parent Relationship": "Outer",
                "Parallel Aware": true,
                "Join Type": "Inner",
                "Startup Cost": 61068.09,
                "Total Cost": 582801.45,
                "Plan Rows": 3165715,
                "Plan Width": 0,
                "Actual Startup Time": 193.446,
                "Actual Total Time": 3976.163,
                "Actual Rows": 1598084,
                "Actual Loops": 2,
                "Inner Unique": true,
                "Hash Cond": "(ci.movie_id = t.id)",
                "Plans": [
                  {
                    "Node Type": "Seq Scan",
                    "Parent Relationship": "Outer",
                    "Parallel Aware": true,
                    "Relation Name": "cast_info",
                    "Alias": "ci",
                    "Startup Cost": 0.0,
                    "Total Cost": 465792.95,
                    "Plan Rows": 21310595,
                    "Plan Width": 4,
                    "Actual Startup Time": 0.014,
                    "Actual Total Time": 1375.391,
                    "Actual Rows": 18122172,
                    "Actual Loops": 2
                  },
                  {
                    "Node Type": "Hash",
                    "Parent Relationship": "Inner",
                    "Parallel Aware": true,
                    "Startup Cost": 58306.47,
                    "Total Cost": 58306.47,
                    "Plan Rows": 220930,
                    "Plan Width": 4,
                    "Actual Startup Time": 187.188,
                    "Actual Total Time": 187.189,
                    "Actual Rows": 132677,
                    "Actual Loops": 2,
                    "Hash Buckets": 524288,
                    "Original Hash Buckets": 524288,
                    "Hash Batches": 1,
                    "Original Hash Batches": 1,
                    "Peak Memory Usage": 14496,
                    "Plans": [
                      {
                        "Node Type": "Seq Scan",
                        "Parent Relationship": "Outer",
                        "Parallel Aware": true,
                        "Relation Name": "title",
                        "Alias": "t",
                        "Startup Cost": 0.0,
                        "Total Cost": 58306.47,
                        "Plan Rows": 220930,
                        "Plan Width": 4,
                        "Actual Startup Time": 0.036,
                        "Actual Total Time": 145.734,
                        "Actual Rows": 132677,
                        "Actual Loops": 2,
                        "Filter": "((production_year < 1987) AND (kind_id = 7))",
                        "Rows Removed by Filter": 1131479
                      }
                    ]
                  }
                ]
              }
            ]
          }
        ]
      }
    ]
  },
  "Planning Time": 0.394,
  "Triggers": [],
  "Execution Time": 4103.821
}