[
    {
        "Bao": {
            "Bao prediction": "NaN",
            "Bao recommended hint": "(no hint)"
        }
    },
    {
        "Plan": {
            "Node Type": "Aggregate",
            "Strategy": "Plain",
            "Partial Mode": "Finalize",
            "Parallel Aware": false,
            "Startup Cost": 26539.56,
            "Total Cost": 26539.57,
            "Plan Rows": 1,
            "Plan Width": 8,
            "Actual Startup Time": 73.75,
            "Actual Total Time": 78.962,
            "Actual Rows": 1,
            "Actual Loops": 1,
            "Output": [
                "count(*)"
            ],
            "Plans": [
                {
                    "Node Type": "Gather",
                    "Parent Relationship": "Outer",
                    "Parallel Aware": false,
                    "Startup Cost": 26539.24,
                    "Total Cost": 26539.55,
                    "Plan Rows": 3,
                    "Plan Width": 8,
                    "Actual Startup Time": 73.43,
                    "Actual Total Time": 78.954,
                    "Actual Rows": 4,
                    "Actual Loops": 1,
                    "Output": [
                        "(PARTIAL count(*))"
                    ],
                    "Workers Planned": 3,
                    "Workers Launched": 3,
                    "Single Copy": false,
                    "Plans": [
                        {
                            "Node Type": "Aggregate",
                            "Strategy": "Plain",
                            "Partial Mode": "Partial",
                            "Parent Relationship": "Outer",
                            "Parallel Aware": false,
                            "Startup Cost": 25539.24,
                            "Total Cost": 25539.25,
                            "Plan Rows": 1,
                            "Plan Width": 8,
                            "Actual Startup Time": 64.622,
                            "Actual Total Time": 64.623,
                            "Actual Rows": 1,
                            "Actual Loops": 4,
                            "Output": [
                                "PARTIAL count(*)"
                            ],
                            "Workers": [
                                {
                                    "Worker Number": 0,
                                    "Actual Startup Time": 61.243,
                                    "Actual Total Time": 61.244,
                                    "Actual Rows": 1,
                                    "Actual Loops": 1
                                },
                                {
                                    "Worker Number": 1,
                                    "Actual Startup Time": 61.942,
                                    "Actual Total Time": 61.944,
                                    "Actual Rows": 1,
                                    "Actual Loops": 1
                                },
                                {
                                    "Worker Number": 2,
                                    "Actual Startup Time": 62.164,
                                    "Actual Total Time": 62.165,
                                    "Actual Rows": 1,
                                    "Actual Loops": 1
                                }
                            ],
                            "Plans": [
                                {
                                    "Node Type": "Bitmap Heap Scan",
                                    "Parent Relationship": "Outer",
                                    "Parallel Aware": true,
                                    "Relation Name": "movie_companies",
                                    "Schema": "public",
                                    "Alias": "mc",
                                    "Startup Cost": 5517.41,
                                    "Total Cost": 25333.93,
                                    "Plan Rows": 82122,
                                    "Plan Width": 0,
                                    "Actual Startup Time": 12.599,
                                    "Actual Total Time": 58.94,
                                    "Actual Rows": 62989,
                                    "Actual Loops": 4,
                                    "Recheck Cond": "(mc.company_id < 122)",
                                    "Rows Removed by Index Recheck": 0,
                                    "Exact Heap Blocks": 8573,
                                    "Lossy Heap Blocks": 0,
                                    "Workers": [
                                        {
                                            "Worker Number": 0,
                                            "Actual Startup Time": 9.272,
                                            "Actual Total Time": 56.463,
                                            "Actual Rows": 39186,
                                            "Actual Loops": 1
                                        },
                                        {
                                            "Worker Number": 1,
                                            "Actual Startup Time": 10.048,
                                            "Actual Total Time": 57.123,
                                            "Actual Rows": 39659,
                                            "Actual Loops": 1
                                        },
                                        {
                                            "Worker Number": 2,
                                            "Actual Startup Time": 10.162,
                                            "Actual Total Time": 57.352,
                                            "Actual Rows": 43675,
                                            "Actual Loops": 1
                                        }
                                    ],
                                    "Plans": [
                                        {
                                            "Node Type": "Bitmap Index Scan",
                                            "Parent Relationship": "Outer",
                                            "Parallel Aware": false,
                                            "Index Name": "company_id_movie_companies",
                                            "Startup Cost": 0.0,
                                            "Total Cost": 5453.77,
                                            "Plan Rows": 254578,
                                            "Plan Width": 0,
                                            "Actual Startup Time": 16.902,
                                            "Actual Total Time": 16.902,
                                            "Actual Rows": 251956,
                                            "Actual Loops": 1,
                                            "Index Cond": "(mc.company_id < 122)"
                                        }
                                    ]
                                }
                            ]
                        }
                    ]
                }
            ]
        },
        "Planning Time": 311.494,
        "Triggers": [],
        "Execution Time": 79.025
    }
]