{
  "Plan": {
    "Node Type": "Aggregate",
    "Strategy": "Plain",
    "Partial Mode": "Finalize",
    "Parallel Aware": false,
    "Startup Cost": 90970.15,
    "Total Cost": 90970.16,
    "Plan Rows": 1,
    "Plan Width": 8,
    "Actual Startup Time": 343.33,
    "Actual Total Time": 372.33,
    "Actual Rows": 1,
    "Actual Loops": 1,
    "Plans": [
      {
        "Node Type": "Gather",
        "Parent Relationship": "Outer",
        "Parallel Aware": false,
        "Startup Cost": 90970.04,
        "Total Cost": 90970.15,
        "Plan Rows": 1,
        "Plan Width": 8,
        "Actual Startup Time": 343.071,
        "Actual Total Time": 372.323,
        "Actual Rows": 2,
        "Actual Loops": 1,
        "Workers Planned": 1,
        "Workers Launched": 1,
        "Single Copy": false,
        "Plans": [
          {
            "Node Type": "Aggregate",
            "Strategy": "Plain",
            "Partial Mode": "Partial",
            "Parent Relationship": "Outer",
            "Parallel Aware": false,
            "Startup Cost": 89970.04,
            "Total Cost": 89970.05,
            "Plan Rows": 1,
            "Plan Width": 8,
            "Actual Startup Time": 337.231,
            "Actual Total Time": 337.235,
            "Actual Rows": 1,
            "Actual Loops": 2,
            "Plans": [
              {
                "Node Type": "Nested Loop",
                "Parent Relationship": "Outer",
                "Parallel Aware": false,
                "Join Type": "Inner",
                "Startup Cost": 54916.01,
                "Total Cost": 89936.22,
                "Plan Rows": 13529,
                "Plan Width": 0,
                "Actual Startup Time": 151.703,
                "Actual Total Time": 335.549,
                "Actual Rows": 26939,
                "Actual Loops": 2,
                "Inner Unique": false,
                "Join Filter": "(t.id = mi.movie_id)",
                "Rows Removed by Join Filter": 0,
                "Plans": [
                  {
                    "Node Type": "Hash Join",
                    "Parent Relationship": "Outer",
                    "Parallel Aware": true,
                    "Join Type": "Inner",
                    "Startup Cost": 54915.58,
                    "Total Cost": 73709.34,
                    "Plan Rows": 4770,
                    "Plan Width": 8,
                    "Actual Startup Time": 151.645,
                    "Actual Total Time": 234.339,
                    "Actual Rows": 4796,
                    "Actual Loops": 2,
                    "Inner Unique": true,
                    "Hash Cond": "(mi_idx.movie_id = t.id)",
                    "Plans": [
                      {
                        "Node Type": "Seq Scan",
                        "Parent Relationship": "Outer",
                        "Parallel Aware": true,
                        "Relation Name": "movie_info_idx",
                        "Alias": "mi_idx",
                        "Startup Cost": 0.0,
                        "Total Cost": 18082.32,
                        "Plan Rows": 271028,
                        "Plan Width": 4,
                        "Actual Startup Time": 0.02,
                        "Actual Total Time": 51.758,
                        "Actual Rows": 229962,
                        "Actual Loops": 2,
                        "Filter": "(info_type_id = 101)",
                        "Rows Removed by Filter": 460055
                      },
                      {
                        "Node Type": "Hash",
                        "Parent Relationship": "Inner",
                        "Parallel Aware": true,
                        "Startup Cost": 54588.39,
                        "Total Cost": 54588.39,
                        "Plan Rows": 26175,
                        "Plan Width": 4,
                        "Actual Startup Time": 150.134,
                        "Actual Total Time": 150.135,
                        "Actual Rows": 23292,
                        "Actual Loops": 2,
                        "Hash Buckets": 65536,
                        "Original Hash Buckets": 65536,
                        "Hash Batches": 1,
                        "Original Hash Batches": 1,
                        "Peak Memory Usage": 2368,
                        "Plans": [
                          {
                            "Node Type": "Seq Scan",
                            "Parent Relationship": "Outer",
                            "Parallel Aware": true,
                            "Relation Name": "title",
                            "Alias": "t",
                            "Startup Cost": 0.0,
                            "Total Cost": 54588.39,
                            "Plan Rows": 26175,
                            "Plan Width": 4,
                            "Actual Startup Time": 0.041,
                            "Actual Total Time": 141.11,
                            "Actual Rows": 23292,
                            "Actual Loops": 2,
                            "Filter": "(production_year = 1998)",
                            "Rows Removed by Filter": 1240864
                          }
                        ]
                      }
                    ]
                  },
                  {
                    "Node Type": "Index Scan",
                    "Parent Relationship": "Inner",
                    "Parallel Aware": false,
                    "Scan Direction": "Forward",
                    "Index Name": "movie_id_movie_info",
                    "Relation Name": "movie_info",
                    "Alias": "mi",
                    "Startup Cost": 0.43,
                    "Total Cost": 3.15,
                    "Plan Rows": 20,
                    "Plan Width": 4,
                    "Actual Startup Time": 0.008,
                    "Actual Total Time": 0.02,
                    "Actual Rows": 6,
                    "Actual Loops": 9593,
                    "Index Cond": "(movie_id = mi_idx.movie_id)",
                    "Rows Removed by Index Recheck": 0,
                    "Filter": "(info_type_id < 8)",
                    "Rows Removed by Filter": 9
                  }
                ]
              }
            ]
          }
        ]
      }
    ]
  },
  "Planning Time": 0.851,
  "Triggers": [],
  "Execution Time": 372.418
}