[
  {
    "Plan": {
      "Node Type": "Aggregate",
      "Strategy": "Plain",
      "Partial Mode": "Finalize",
      "Parallel Aware": false,
      "Startup Cost": 76712.06,
      "Total Cost": 76712.07,
      "Plan Rows": 1,
      "Plan Width": 8,
      "Actual Startup Time": 278.383,
      "Actual Total Time": 294.344,
      "Actual Rows": 1,
      "Actual Loops": 1,
      "Plans": [
        {
          "Node Type": "Gather",
          "Parent Relationship": "Outer",
          "Parallel Aware": false,
          "Startup Cost": 76711.75,
          "Total Cost": 76712.06,
          "Plan Rows": 3,
          "Plan Width": 8,
          "Actual Startup Time": 277.453,
          "Actual Total Time": 294.324,
          "Actual Rows": 4,
          "Actual Loops": 1,
          "Workers Planned": 3,
          "Workers Launched": 3,
          "Single Copy": false,
          "Plans": [
            {
              "Node Type": "Aggregate",
              "Strategy": "Plain",
              "Partial Mode": "Partial",
              "Parent Relationship": "Outer",
              "Parallel Aware": false,
              "Startup Cost": 75711.75,
              "Total Cost": 75711.76,
              "Plan Rows": 1,
              "Plan Width": 8,
              "Actual Startup Time": 272.456,
              "Actual Total Time": 272.46,
              "Actual Rows": 1,
              "Actual Loops": 4,
              "Plans": [
                {
                  "Node Type": "Hash Join",
                  "Parent Relationship": "Outer",
                  "Parallel Aware": true,
                  "Join Type": "Inner",
                  "Startup Cost": 46124.09,
                  "Total Cost": 75539.98,
                  "Plan Rows": 68708,
                  "Plan Width": 0,
                  "Actual Startup Time": 145.04,
                  "Actual Total Time": 269.325,
                  "Actual Rows": 67945,
                  "Actual Loops": 4,
                  "Inner Unique": true,
                  "Hash Cond": "(mc.movie_id = t.id)",
                  "Plans": [
                    {
                      "Node Type": "Seq Scan",
                      "Parent Relationship": "Outer",
                      "Parallel Aware": true,
                      "Relation Name": "movie_companies",
                      "Alias": "mc",
                      "Startup Cost": 0.0,
                      "Total Cost": 27206.55,
                      "Plan Rows": 841655,
                      "Plan Width": 4,
                      "Actual Startup Time": 0.018,
                      "Actual Total Time": 60.378,
                      "Actual Rows": 652282,
                      "Actual Loops": 4
                    },
                    {
                      "Node Type": "Hash",
                      "Parent Relationship": "Inner",
                      "Parallel Aware": true,
                      "Startup Cost": 45479.1,
                      "Total Cost": 45479.1,
                      "Plan Rows": 51599,
                      "Plan Width": 4,
                      "Actual Startup Time": 115.73,
                      "Actual Total Time": 115.731,
                      "Actual Rows": 45598,
                      "Actual Loops": 4,
                      "Hash Buckets": 262144,
                      "Original Hash Buckets": 262144,
                      "Hash Batches": 1,
                      "Original Hash Batches": 1,
                      "Peak Memory Usage": 9248,
                      "Plans": [
                        {
                          "Node Type": "Seq Scan",
                          "Parent Relationship": "Outer",
                          "Parallel Aware": true,
                          "Relation Name": "title",
                          "Alias": "t",
                          "Startup Cost": 0.0,
                          "Total Cost": 45479.1,
                          "Plan Rows": 51599,
                          "Plan Width": 4,
                          "Actual Startup Time": 45.96,
                          "Actual Total Time": 100.186,
                          "Actual Rows": 45598,
                          "Actual Loops": 4,
                          "Filter": "((production_year > 2007) AND (kind_id = 1))",
                          "Rows Removed by Filter": 586480
                        }
                      ]
                    }
                  ]
                }
              ]
            }
          ]
        }
      ]
    },
    "Planning Time": 0.633,
    "Triggers": [],
    "Execution Time": 294.41
  }
]