[
  {
    "Plan": {
      "Node Type": "Aggregate",
      "Strategy": "Plain",
      "Partial Mode": "Finalize",
      "Parallel Aware": false,
      "Startup Cost": 45542.14,
      "Total Cost": 45542.15,
      "Plan Rows": 1,
      "Plan Width": 8,
      "Actual Startup Time": 190.412,
      "Actual Total Time": 203.76,
      "Actual Rows": 1,
      "Actual Loops": 1,
      "Plans": [
        {
          "Node Type": "Gather",
          "Parent Relationship": "Outer",
          "Parallel Aware": false,
          "Startup Cost": 45541.82,
          "Total Cost": 45542.13,
          "Plan Rows": 3,
          "Plan Width": 8,
          "Actual Startup Time": 190.134,
          "Actual Total Time": 203.75,
          "Actual Rows": 4,
          "Actual Loops": 1,
          "Workers Planned": 3,
          "Workers Launched": 3,
          "Single Copy": false,
          "Plans": [
            {
              "Node Type": "Aggregate",
              "Strategy": "Plain",
              "Partial Mode": "Partial",
              "Parent Relationship": "Outer",
              "Parallel Aware": false,
              "Startup Cost": 44541.82,
              "Total Cost": 44541.83,
              "Plan Rows": 1,
              "Plan Width": 8,
              "Actual Startup Time": 181.337,
              "Actual Total Time": 181.34,
              "Actual Rows": 1,
              "Actual Loops": 4,
              "Plans": [
                {
                  "Node Type": "Seq Scan",
                  "Parent Relationship": "Outer",
                  "Parallel Aware": true,
                  "Relation Name": "movie_keyword",
                  "Alias": "mk",
                  "Startup Cost": 0.0,
                  "Total Cost": 42695.65,
                  "Plan Rows": 738467,
                  "Plan Width": 0,
                  "Actual Startup Time": 0.054,
                  "Actual Total Time": 146.658,
                  "Actual Rows": 575674,
                  "Actual Loops": 4,
                  "Filter": "(keyword_id < 4931)",
                  "Rows Removed by Filter": 555309
                }
              ]
            }
          ]
        }
      ]
    },
    "Planning Time": 0.193,
    "Triggers": [],
    "Execution Time": 203.819
  }
]