[
  {
    "Plan": {
      "Node Type": "Aggregate",
      "Strategy": "Plain",
      "Partial Mode": "Finalize",
      "Parallel Aware": false,
      "Startup Cost": 45549.65,
      "Total Cost": 45549.66,
      "Plan Rows": 1,
      "Plan Width": 8,
      "Actual Startup Time": 186.356,
      "Actual Total Time": 201.701,
      "Actual Rows": 1,
      "Actual Loops": 1,
      "Plans": [
        {
          "Node Type": "Gather",
          "Parent Relationship": "Outer",
          "Parallel Aware": false,
          "Startup Cost": 45549.33,
          "Total Cost": 45549.64,
          "Plan Rows": 3,
          "Plan Width": 8,
          "Actual Startup Time": 185.721,
          "Actual Total Time": 201.689,
          "Actual Rows": 4,
          "Actual Loops": 1,
          "Workers Planned": 3,
          "Workers Launched": 3,
          "Single Copy": false,
          "Plans": [
            {
              "Node Type": "Aggregate",
              "Strategy": "Plain",
              "Partial Mode": "Partial",
              "Parent Relationship": "Outer",
              "Parallel Aware": false,
              "Startup Cost": 44549.33,
              "Total Cost": 44549.34,
              "Plan Rows": 1,
              "Plan Width": 8,
              "Actual Startup Time": 178.772,
              "Actual Total Time": 178.774,
              "Actual Rows": 1,
              "Actual Loops": 4,
              "Plans": [
                {
                  "Node Type": "Seq Scan",
                  "Parent Relationship": "Outer",
                  "Parallel Aware": true,
                  "Relation Name": "movie_keyword",
                  "Alias": "mk",
                  "Startup Cost": 0.0,
                  "Total Cost": 42695.65,
                  "Plan Rows": 741472,
                  "Plan Width": 0,
                  "Actual Startup Time": 0.055,
                  "Actual Total Time": 144.209,
                  "Actual Rows": 575674,
                  "Actual Loops": 4,
                  "Filter": "(keyword_id < 4931)",
                  "Rows Removed by Filter": 555309
                }
              ]
            }
          ]
        }
      ]
    },
    "Planning Time": 0.182,
    "Triggers": [],
    "Execution Time": 201.757
  }
]