[
  {
    "Plan": {
      "Node Type": "Aggregate",
      "Strategy": "Plain",
      "Partial Mode": "Finalize",
      "Parallel Aware": false,
      "Startup Cost": 60966.52,
      "Total Cost": 60966.53,
      "Plan Rows": 1,
      "Plan Width": 8,
      "Actual Startup Time": 185.038,
      "Actual Total Time": 200.765,
      "Actual Rows": 1,
      "Actual Loops": 1,
      "Plans": [
        {
          "Node Type": "Gather",
          "Parent Relationship": "Outer",
          "Parallel Aware": false,
          "Startup Cost": 60966.31,
          "Total Cost": 60966.52,
          "Plan Rows": 2,
          "Plan Width": 8,
          "Actual Startup Time": 184.1,
          "Actual Total Time": 200.757,
          "Actual Rows": 3,
          "Actual Loops": 1,
          "Workers Planned": 2,
          "Workers Launched": 2,
          "Single Copy": false,
          "Plans": [
            {
              "Node Type": "Aggregate",
              "Strategy": "Plain",
              "Partial Mode": "Partial",
              "Parent Relationship": "Outer",
              "Parallel Aware": false,
              "Startup Cost": 59966.31,
              "Total Cost": 59966.32,
              "Plan Rows": 1,
              "Plan Width": 8,
              "Actual Startup Time": 181.159,
              "Actual Total Time": 181.162,
              "Actual Rows": 1,
              "Actual Loops": 3,
              "Plans": [
                {
                  "Node Type": "Hash Join",
                  "Parent Relationship": "Outer",
                  "Parallel Aware": true,
                  "Join Type": "Inner",
                  "Startup Cost": 44320.25,
                  "Total Cost": 59941.04,
                  "Plan Rows": 10109,
                  "Plan Width": 0,
                  "Actual Startup Time": 125.359,
                  "Actual Total Time": 180.82,
                  "Actual Rows": 6423,
                  "Actual Loops": 3,
                  "Inner Unique": true,
                  "Hash Cond": "(mi_idx.movie_id = t.id)",
                  "Plans": [
                    {
                      "Node Type": "Seq Scan",
                      "Parent Relationship": "Outer",
                      "Parallel Aware": true,
                      "Relation Name": "movie_info_idx",
                      "Alias": "mi_idx",
                      "Startup Cost": 0.0,
                      "Total Cost": 15122.68,
                      "Plan Rows": 189755,
                      "Plan Width": 4,
                      "Actual Startup Time": 0.014,
                      "Actual Total Time": 40.699,
                      "Actual Rows": 153308,
                      "Actual Loops": 3,
                      "Filter": "(info_type_id < 100)",
                      "Rows Removed by Filter": 306703
                    },
                    {
                      "Node Type": "Hash",
                      "Parent Relationship": "Inner",
                      "Parallel Aware": true,
                      "Startup Cost": 43899.32,
                      "Total Cost": 43899.32,
                      "Plan Rows": 33674,
                      "Plan Width": 4,
                      "Actual Startup Time": 114.171,
                      "Actual Total Time": 114.172,
                      "Actual Rows": 47778,
                      "Actual Loops": 3,
                      "Hash Buckets": 262144,
                      "Original Hash Buckets": 262144,
                      "Hash Batches": 1,
                      "Original Hash Batches": 1,
                      "Peak Memory Usage": 7680,
                      "Plans": [
                        {
                          "Node Type": "Seq Scan",
                          "Parent Relationship": "Outer",
                          "Parallel Aware": true,
                          "Relation Name": "title",
                          "Alias": "t",
                          "Startup Cost": 0.0,
                          "Total Cost": 43899.32,
                          "Plan Rows": 33674,
                          "Plan Width": 4,
                          "Actual Startup Time": 4.053,
                          "Actual Total Time": 99.725,
                          "Actual Rows": 47778,
                          "Actual Loops": 3,
                          "Filter": "(production_year < 1941)",
                          "Rows Removed by Filter": 794993
                        }
                      ]
                    }
                  ]
                }
              ]
            }
          ]
        }
      ]
    },
    "Planning Time": 0.445,
    "Triggers": [],
    "Execution Time": 200.801
  }
]