[
  {
    "Plan": {
      "Node Type": "Aggregate",
      "Strategy": "Plain",
      "Partial Mode": "Finalize",
      "Parallel Aware": false,
      "Startup Cost": 84603.11,
      "Total Cost": 84603.12,
      "Plan Rows": 1,
      "Plan Width": 8,
      "Actual Startup Time": 258.73,
      "Actual Total Time": 274.956,
      "Actual Rows": 1,
      "Actual Loops": 1,
      "Plans": [
        {
          "Node Type": "Gather",
          "Parent Relationship": "Outer",
          "Parallel Aware": false,
          "Startup Cost": 84602.79,
          "Total Cost": 84603.1,
          "Plan Rows": 3,
          "Plan Width": 8,
          "Actual Startup Time": 256.301,
          "Actual Total Time": 274.945,
          "Actual Rows": 4,
          "Actual Loops": 1,
          "Workers Planned": 3,
          "Workers Launched": 3,
          "Single Copy": false,
          "Plans": [
            {
              "Node Type": "Aggregate",
              "Strategy": "Plain",
              "Partial Mode": "Partial",
              "Parent Relationship": "Outer",
              "Parallel Aware": false,
              "Startup Cost": 83602.79,
              "Total Cost": 83602.8,
              "Plan Rows": 1,
              "Plan Width": 8,
              "Actual Startup Time": 248.112,
              "Actual Total Time": 248.116,
              "Actual Rows": 1,
              "Actual Loops": 4,
              "Plans": [
                {
                  "Node Type": "Hash Join",
                  "Parent Relationship": "Outer",
                  "Parallel Aware": true,
                  "Join Type": "Inner",
                  "Startup Cost": 56865.37,
                  "Total Cost": 83518.89,
                  "Plan Rows": 33562,
                  "Plan Width": 0,
                  "Actual Startup Time": 170.734,
                  "Actual Total Time": 245.783,
                  "Actual Rows": 44868,
                  "Actual Loops": 4,
                  "Inner Unique": true,
                  "Hash Cond": "(mk.movie_id = t.id)",
                  "Plans": [
                    {
                      "Node Type": "Bitmap Heap Scan",
                      "Parent Relationship": "Outer",
                      "Parallel Aware": true,
                      "Relation Name": "movie_keyword",
                      "Alias": "mk",
                      "Startup Cost": 9562.22,
                      "Total Cost": 35834.0,
                      "Plan Rows": 145423,
                      "Plan Width": 4,
                      "Actual Startup Time": 28.244,
                      "Actual Total Time": 78.842,
                      "Actual Rows": 112286,
                      "Actual Loops": 4,
                      "Recheck Cond": "(keyword_id > 39559)",
                      "Rows Removed by Index Recheck": 0,
                      "Exact Heap Blocks": 8110,
                      "Lossy Heap Blocks": 0,
                      "Plans": [
                        {
                          "Node Type": "Bitmap Index Scan",
                          "Parent Relationship": "Outer",
                          "Parallel Aware": false,
                          "Index Name": "keyword_id_movie_keyword",
                          "Startup Cost": 0.0,
                          "Total Cost": 9449.52,
                          "Plan Rows": 450811,
                          "Plan Width": 0,
                          "Actual Startup Time": 24.864,
                          "Actual Total Time": 24.865,
                          "Actual Rows": 449145,
                          "Actual Loops": 1,
                          "Index Cond": "(keyword_id > 39559)"
                        }
                      ]
                    },
                    {
                      "Node Type": "Hash",
                      "Parent Relationship": "Inner",
                      "Parallel Aware": true,
                      "Startup Cost": 45479.59,
                      "Total Cost": 45479.59,
                      "Plan Rows": 145885,
                      "Plan Width": 4,
                      "Actual Startup Time": 139.343,
                      "Actual Total Time": 139.343,
                      "Actual Rows": 123240,
                      "Actual Loops": 4,
                      "Hash Buckets": 1048576,
                      "Original Hash Buckets": 1048576,
                      "Hash Batches": 1,
                      "Original Hash Batches": 1,
                      "Peak Memory Usage": 27552,
                      "Plans": [
                        {
                          "Node Type": "Seq Scan",
                          "Parent Relationship": "Outer",
                          "Parallel Aware": true,
                          "Relation Name": "title",
                          "Alias": "t",
                          "Startup Cost": 0.0,
                          "Total Cost": 45479.59,
                          "Plan Rows": 145885,
                          "Plan Width": 4,
                          "Actual Startup Time": 0.038,
                          "Actual Total Time": 98.306,
                          "Actual Rows": 123240,
                          "Actual Loops": 4,
                          "Filter": "((kind_id < 7) AND (production_year > 1998))",
                          "Rows Removed by Filter": 508838
                        }
                      ]
                    }
                  ]
                }
              ]
            }
          ]
        }
      ]
    },
    "Planning Time": 0.229,
    "Triggers": [],
    "Execution Time": 274.999
  }
]