{
  "Plan": {
    "Node Type": "Aggregate",
    "Strategy": "Plain",
    "Partial Mode": "Finalize",
    "Parallel Aware": false,
    "Startup Cost": 935184.24,
    "Total Cost": 935184.25,
    "Plan Rows": 1,
    "Plan Width": 8,
    "Actual Startup Time": 6461.172,
    "Actual Total Time": 6517.213,
    "Actual Rows": 1,
    "Actual Loops": 1,
    "Plans": [
      {
        "Node Type": "Gather",
        "Parent Relationship": "Outer",
        "Parallel Aware": false,
        "Startup Cost": 935184.13,
        "Total Cost": 935184.24,
        "Plan Rows": 1,
        "Plan Width": 8,
        "Actual Startup Time": 6455.952,
        "Actual Total Time": 6517.204,
        "Actual Rows": 2,
        "Actual Loops": 1,
        "Workers Planned": 1,
        "Workers Launched": 1,
        "Single Copy": false,
        "Plans": [
          {
            "Node Type": "Aggregate",
            "Strategy": "Plain",
            "Partial Mode": "Partial",
            "Parent Relationship": "Outer",
            "Parallel Aware": false,
            "Startup Cost": 934184.13,
            "Total Cost": 934184.14,
            "Plan Rows": 1,
            "Plan Width": 8,
            "Actual Startup Time": 6443.292,
            "Actual Total Time": 6443.3,
            "Actual Rows": 1,
            "Actual Loops": 2,
            "Plans": [
              {
                "Node Type": "Hash Join",
                "Parent Relationship": "Outer",
                "Parallel Aware": true,
                "Join Type": "Inner",
                "Startup Cost": 146560.31,
                "Total Cost": 893349.61,
                "Plan Rows": 16333810,
                "Plan Width": 0,
                "Actual Startup Time": 907.541,
                "Actual Total Time": 6011.644,
                "Actual Rows": 10912786,
                "Actual Loops": 2,
                "Inner Unique": false,
                "Hash Cond": "(ci.movie_id = t.id)",
                "Plans": [
                  {
                    "Node Type": "Seq Scan",
                    "Parent Relationship": "Outer",
                    "Parallel Aware": true,
                    "Relation Name": "cast_info",
                    "Alias": "ci",
                    "Startup Cost": 0.0,
                    "Total Cost": 572345.93,
                    "Plan Rows": 15672421,
                    "Plan Width": 4,
                    "Actual Startup Time": 0.016,
                    "Actual Total Time": 1893.383,
                    "Actual Rows": 13429820,
                    "Actual Loops": 2,
                    "Filter": "((person_id < 4039554) AND (role_id < 5))",
                    "Rows Removed by Filter": 4692352
                  },
                  {
                    "Node Type": "Hash",
                    "Parent Relationship": "Inner",
                    "Parallel Aware": true,
                    "Startup Cost": 127185.39,
                    "Total Cost": 127185.39,
                    "Plan Rows": 1549994,
                    "Plan Width": 8,
                    "Actual Startup Time": 885.783,
                    "Actual Total Time": 885.788,
                    "Actual Rows": 567431,
                    "Actual Loops": 2,
                    "Hash Buckets": 4194304,
                    "Original Hash Buckets": 4194304,
                    "Hash Batches": 1,
                    "Original Hash Batches": 1,
                    "Peak Memory Usage": 77184,
                    "Plans": [
                      {
                        "Node Type": "Hash Join",
                        "Parent Relationship": "Outer",
                        "Parallel Aware": true,
                        "Join Type": "Inner",
                        "Startup Cost": 69134.54,
                        "Total Cost": 127185.39,
                        "Plan Rows": 1549994,
                        "Plan Width": 8,
                        "Actual Startup Time": 359.757,
                        "Actual Total Time": 774.097,
                        "Actual Rows": 567431,
                        "Actual Loops": 2,
                        "Inner Unique": true,
                        "Hash Cond": "(mk.movie_id = t.id)",
                        "Plans": [
                          {
                            "Node Type": "Seq Scan",
                            "Parent Relationship": "Outer",
                            "Parallel Aware": true,
                            "Relation Name": "movie_keyword",
                            "Alias": "mk",
                            "Startup Cost": 0.0,
                            "Total Cost": 51065.35,
                            "Plan Rows": 2661135,
                            "Plan Width": 4,
                            "Actual Startup Time": 0.013,
                            "Actual Total Time": 153.093,
                            "Actual Rows": 2261965,
                            "Actual Loops": 2
                          },
                          {
                            "Node Type": "Hash",
                            "Parent Relationship": "Inner",
                            "Parallel Aware": true,
                            "Startup Cost": 58306.47,
                            "Total Cost": 58306.47,
                            "Plan Rows": 866246,
                            "Plan Width": 4,
                            "Actual Startup Time": 353.864,
                            "Actual Total Time": 353.867,
                            "Actual Rows": 725636,
                            "Actual Loops": 2,
                            "Hash Buckets": 2097152,
                            "Original Hash Buckets": 2097152,
                            "Hash Batches": 1,
                            "Original Hash Batches": 1,
                            "Peak Memory Usage": 73184,
                            "Plans": [
                              {
                                "Node Type": "Seq Scan",
                                "Parent Relationship": "Outer",
                                "Parallel Aware": true,
                                "Relation Name": "title",
                                "Alias": "t",
                                "Startup Cost": 0.0,
                                "Total Cost": 58306.47,
                                "Plan Rows": 866246,
                                "Plan Width": 4,
                                "Actual Startup Time": 0.036,
                                "Actual Total Time": 161.745,
                                "Actual Rows": 725636,
                                "Actual Loops": 2,
                                "Filter": "((kind_id > 3) AND (production_year < 2012))",
                                "Rows Removed by Filter": 538520
                              }
                            ]
                          }
                        ]
                      }
                    ]
                  }
                ]
              }
            ]
          }
        ]
      }
    ]
  },
  "Planning Time": 1.011,
  "Triggers": [],
  "Execution Time": 6517.303
}