[
    {
        "Bao": {
            "Bao prediction": "NaN",
            "Bao recommended hint": "(no hint)"
        }
    },
    {
        "Plan": {
            "Node Type": "Aggregate",
            "Strategy": "Plain",
            "Partial Mode": "Finalize",
            "Parallel Aware": false,
            "Startup Cost": 33130.87,
            "Total Cost": 33130.88,
            "Plan Rows": 1,
            "Plan Width": 8,
            "Actual Startup Time": 87.027,
            "Actual Total Time": 92.953,
            "Actual Rows": 1,
            "Actual Loops": 1,
            "Output": [
                "count(*)"
            ],
            "Plans": [
                {
                    "Node Type": "Gather",
                    "Parent Relationship": "Outer",
                    "Parallel Aware": false,
                    "Startup Cost": 33130.56,
                    "Total Cost": 33130.87,
                    "Plan Rows": 3,
                    "Plan Width": 8,
                    "Actual Startup Time": 86.953,
                    "Actual Total Time": 92.946,
                    "Actual Rows": 4,
                    "Actual Loops": 1,
                    "Output": [
                        "(PARTIAL count(*))"
                    ],
                    "Workers Planned": 3,
                    "Workers Launched": 3,
                    "Single Copy": false,
                    "Plans": [
                        {
                            "Node Type": "Aggregate",
                            "Strategy": "Plain",
                            "Partial Mode": "Partial",
                            "Parent Relationship": "Outer",
                            "Parallel Aware": false,
                            "Startup Cost": 32130.56,
                            "Total Cost": 32130.57,
                            "Plan Rows": 1,
                            "Plan Width": 8,
                            "Actual Startup Time": 78.569,
                            "Actual Total Time": 78.569,
                            "Actual Rows": 1,
                            "Actual Loops": 4,
                            "Output": [
                                "PARTIAL count(*)"
                            ],
                            "Workers": [
                                {
                                    "Worker Number": 0,
                                    "Actual Startup Time": 75.528,
                                    "Actual Total Time": 75.529,
                                    "Actual Rows": 1,
                                    "Actual Loops": 1
                                },
                                {
                                    "Worker Number": 1,
                                    "Actual Startup Time": 76.093,
                                    "Actual Total Time": 76.094,
                                    "Actual Rows": 1,
                                    "Actual Loops": 1
                                },
                                {
                                    "Worker Number": 2,
                                    "Actual Startup Time": 76.385,
                                    "Actual Total Time": 76.386,
                                    "Actual Rows": 1,
                                    "Actual Loops": 1
                                }
                            ],
                            "Plans": [
                                {
                                    "Node Type": "Seq Scan",
                                    "Parent Relationship": "Outer",
                                    "Parallel Aware": true,
                                    "Relation Name": "movie_companies",
                                    "Schema": "public",
                                    "Alias": "mc",
                                    "Startup Cost": 0.0,
                                    "Total Cost": 31414.82,
                                    "Plan Rows": 286295,
                                    "Plan Width": 0,
                                    "Actual Startup Time": 42.538,
                                    "Actual Total Time": 72.799,
                                    "Actual Rows": 142022,
                                    "Actual Loops": 4,
                                    "Output": [
                                        "id",
                                        "movie_id",
                                        "company_id",
                                        "company_type_id",
                                        "note"
                                    ],
                                    "Filter": "((mc.company_id < 23532) AND (mc.company_type_id = 2))",
                                    "Rows Removed by Filter": 510260,
                                    "Workers": [
                                        {
                                            "Worker Number": 0,
                                            "Actual Startup Time": 39.507,
                                            "Actual Total Time": 69.94,
                                            "Actual Rows": 133406,
                                            "Actual Loops": 1
                                        },
                                        {
                                            "Worker Number": 1,
                                            "Actual Startup Time": 40.057,
                                            "Actual Total Time": 70.559,
                                            "Actual Rows": 134045,
                                            "Actual Loops": 1
                                        },
                                        {
                                            "Worker Number": 2,
                                            "Actual Startup Time": 40.358,
                                            "Actual Total Time": 70.807,
                                            "Actual Rows": 135373,
                                            "Actual Loops": 1
                                        }
                                    ]
                                }
                            ]
                        }
                    ]
                }
            ]
        },
        "Planning Time": 214.214,
        "Triggers": [],
        "Execution Time": 93.033
    }
]