[
  {
    "Plan": {
      "Node Type": "Aggregate",
      "Strategy": "Plain",
      "Partial Mode": "Finalize",
      "Parallel Aware": false,
      "Startup Cost": 117090.09,
      "Total Cost": 117090.1,
      "Plan Rows": 1,
      "Plan Width": 8,
      "Actual Startup Time": 711.149,
      "Actual Total Time": 772.708,
      "Actual Rows": 1,
      "Actual Loops": 1,
      "Plans": [
        {
          "Node Type": "Gather",
          "Parent Relationship": "Outer",
          "Parallel Aware": false,
          "Startup Cost": 117089.78,
          "Total Cost": 117090.09,
          "Plan Rows": 3,
          "Plan Width": 8,
          "Actual Startup Time": 710.165,
          "Actual Total Time": 772.697,
          "Actual Rows": 4,
          "Actual Loops": 1,
          "Workers Planned": 3,
          "Workers Launched": 3,
          "Single Copy": false,
          "Plans": [
            {
              "Node Type": "Aggregate",
              "Strategy": "Plain",
              "Partial Mode": "Partial",
              "Parent Relationship": "Outer",
              "Parallel Aware": false,
              "Startup Cost": 116089.78,
              "Total Cost": 116089.79,
              "Plan Rows": 1,
              "Plan Width": 8,
              "Actual Startup Time": 703.38,
              "Actual Total Time": 703.384,
              "Actual Rows": 1,
              "Actual Loops": 4,
              "Plans": [
                {
                  "Node Type": "Nested Loop",
                  "Parent Relationship": "Outer",
                  "Parallel Aware": false,
                  "Join Type": "Inner",
                  "Startup Cost": 44062.77,
                  "Total Cost": 116079.84,
                  "Plan Rows": 3975,
                  "Plan Width": 0,
                  "Actual Startup Time": 108.255,
                  "Actual Total Time": 702.726,
                  "Actual Rows": 6974,
                  "Actual Loops": 4,
                  "Inner Unique": false,
                  "Join Filter": "(t.id = ci.movie_id)",
                  "Rows Removed by Join Filter": 0,
                  "Plans": [
                    {
                      "Node Type": "Hash Join",
                      "Parent Relationship": "Outer",
                      "Parallel Aware": true,
                      "Join Type": "Inner",
                      "Startup Cost": 44062.2,
                      "Total Cost": 88337.4,
                      "Plan Rows": 12436,
                      "Plan Width": 8,
                      "Actual Startup Time": 107.247,
                      "Actual Total Time": 266.29,
                      "Actual Rows": 11232,
                      "Actual Loops": 4,
                      "Inner Unique": true,
                      "Hash Cond": "(mk.movie_id = t.id)",
                      "Plans": [
                        {
                          "Node Type": "Seq Scan",
                          "Parent Relationship": "Outer",
                          "Parallel Aware": true,
                          "Relation Name": "movie_keyword",
                          "Alias": "mk",
                          "Startup Cost": 0.0,
                          "Total Cost": 42695.65,
                          "Plan Rows": 601731,
                          "Plan Width": 4,
                          "Actual Startup Time": 0.515,
                          "Actual Total Time": 111.471,
                          "Actual Rows": 466852,
                          "Actual Loops": 4,
                          "Filter": "(keyword_id > 7373)",
                          "Rows Removed by Filter": 664131
                        },
                        {
                          "Node Type": "Hash",
                          "Parent Relationship": "Inner",
                          "Parallel Aware": true,
                          "Startup Cost": 43898.92,
                          "Total Cost": 43898.92,
                          "Plan Rows": 13063,
                          "Plan Width": 4,
                          "Actual Startup Time": 105.338,
                          "Actual Total Time": 105.338,
                          "Actual Rows": 14648,
                          "Actual Loops": 4,
                          "Hash Buckets": 65536,
                          "Original Hash Buckets": 65536,
                          "Hash Batches": 1,
                          "Original Hash Batches": 1,
                          "Peak Memory Usage": 2848,
                          "Plans": [
                            {
                              "Node Type": "Seq Scan",
                              "Parent Relationship": "Outer",
                              "Parallel Aware": true,
                              "Relation Name": "title",
                              "Alias": "t",
                              "Startup Cost": 0.0,
                              "Total Cost": 43898.92,
                              "Plan Rows": 13063,
                              "Plan Width": 4,
                              "Actual Startup Time": 0.048,
                              "Actual Total Time": 98.205,
                              "Actual Rows": 14648,
                              "Actual Loops": 4,
                              "Filter": "(production_year = 2001)",
                              "Rows Removed by Filter": 617430
                            }
                          ]
                        }
                      ]
                    },
                    {
                      "Node Type": "Index Scan",
                      "Parent Relationship": "Inner",
                      "Parallel Aware": false,
                      "Scan Direction": "Forward",
                      "Index Name": "movie_id_cast_info",
                      "Relation Name": "cast_info",
                      "Alias": "ci",
                      "Startup Cost": 0.56,
                      "Total Cost": 2.22,
                      "Plan Rows": 1,
                      "Plan Width": 4,
                      "Actual Startup Time": 0.031,
                      "Actual Total Time": 0.039,
                      "Actual Rows": 1,
                      "Actual Loops": 44930,
                      "Index Cond": "(movie_id = mk.movie_id)",
                      "Rows Removed by Index Recheck": 0,
                      "Filter": "((person_id > 2955830) AND (role_id = 3))",
                      "Rows Removed by Filter": 58
                    }
                  ]
                }
              ]
            }
          ]
        }
      ]
    },
    "Planning Time": 1.662,
    "Triggers": [],
    "Execution Time": 772.809
  }
]