[
  {
    "Plan": {
      "Node Type": "Aggregate",
      "Strategy": "Plain",
      "Partial Mode": "Finalize",
      "Parallel Aware": false,
      "Startup Cost": 99747.13,
      "Total Cost": 99747.14,
      "Plan Rows": 1,
      "Plan Width": 8,
      "Actual Startup Time": 684.917,
      "Actual Total Time": 731.531,
      "Actual Rows": 1,
      "Actual Loops": 1,
      "Plans": [
        {
          "Node Type": "Gather",
          "Parent Relationship": "Outer",
          "Parallel Aware": false,
          "Startup Cost": 99746.82,
          "Total Cost": 99747.13,
          "Plan Rows": 3,
          "Plan Width": 8,
          "Actual Startup Time": 668.656,
          "Actual Total Time": 731.52,
          "Actual Rows": 4,
          "Actual Loops": 1,
          "Workers Planned": 3,
          "Workers Launched": 3,
          "Single Copy": false,
          "Plans": [
            {
              "Node Type": "Aggregate",
              "Strategy": "Plain",
              "Partial Mode": "Partial",
              "Parent Relationship": "Outer",
              "Parallel Aware": false,
              "Startup Cost": 98746.82,
              "Total Cost": 98746.83,
              "Plan Rows": 1,
              "Plan Width": 8,
              "Actual Startup Time": 650.58,
              "Actual Total Time": 650.61,
              "Actual Rows": 1,
              "Actual Loops": 4,
              "Plans": [
                {
                  "Node Type": "Nested Loop",
                  "Parent Relationship": "Outer",
                  "Parallel Aware": false,
                  "Join Type": "Inner",
                  "Startup Cost": 51089.22,
                  "Total Cost": 98721.45,
                  "Plan Rows": 10146,
                  "Plan Width": 0,
                  "Actual Startup Time": 397.372,
                  "Actual Total Time": 647.313,
                  "Actual Rows": 44414,
                  "Actual Loops": 4,
                  "Inner Unique": false,
                  "Plans": [
                    {
                      "Node Type": "Hash Join",
                      "Parent Relationship": "Outer",
                      "Parallel Aware": true,
                      "Join Type": "Inner",
                      "Startup Cost": 51088.79,
                      "Total Cost": 76613.12,
                      "Plan Rows": 13183,
                      "Plan Width": 8,
                      "Actual Startup Time": 397.17,
                      "Actual Total Time": 429.052,
                      "Actual Rows": 10460,
                      "Actual Loops": 4,
                      "Inner Unique": true,
                      "Hash Cond": "(mk.movie_id = t.id)",
                      "Plans": [
                        {
                          "Node Type": "Bitmap Heap Scan",
                          "Parent Relationship": "Outer",
                          "Parallel Aware": true,
                          "Relation Name": "movie_keyword",
                          "Alias": "mk",
                          "Startup Cost": 869.14,
                          "Total Cost": 26358.87,
                          "Plan Rows": 13183,
                          "Plan Width": 4,
                          "Actual Startup Time": 7.131,
                          "Actual Total Time": 24.294,
                          "Actual Rows": 10460,
                          "Actual Loops": 4,
                          "Recheck Cond": "(keyword_id = 117)",
                          "Rows Removed by Index Recheck": 0,
                          "Exact Heap Blocks": 6039,
                          "Lossy Heap Blocks": 0,
                          "Plans": [
                            {
                              "Node Type": "Bitmap Index Scan",
                              "Parent Relationship": "Outer",
                              "Parallel Aware": false,
                              "Index Name": "keyword_id_movie_keyword",
                              "Startup Cost": 0.0,
                              "Total Cost": 858.93,
                              "Plan Rows": 40866,
                              "Plan Width": 0,
                              "Actual Startup Time": 4.513,
                              "Actual Total Time": 4.514,
                              "Actual Rows": 41840,
                              "Actual Loops": 1,
                              "Index Cond": "(keyword_id = 117)"
                            }
                          ]
                        },
                        {
                          "Node Type": "Hash",
                          "Parent Relationship": "Inner",
                          "Parallel Aware": true,
                          "Startup Cost": 42318.73,
                          "Total Cost": 42318.73,
                          "Plan Rows": 632073,
                          "Plan Width": 4,
                          "Actual Startup Time": 379.639,
                          "Actual Total Time": 379.64,
                          "Actual Rows": 632078,
                          "Actual Loops": 4,
                          "Hash Buckets": 4194304,
                          "Original Hash Buckets": 4194304,
                          "Hash Batches": 1,
                          "Original Hash Batches": 1,
                          "Peak Memory Usage": 131776,
                          "Plans": [
                            {
                              "Node Type": "Seq Scan",
                              "Parent Relationship": "Outer",
                              "Parallel Aware": true,
                              "Relation Name": "title",
                              "Alias": "t",
                              "Startup Cost": 0.0,
                              "Total Cost": 42318.73,
                              "Plan Rows": 632073,
                              "Plan Width": 4,
                              "Actual Startup Time": 0.035,
                              "Actual Total Time": 119.533,
                              "Actual Rows": 632078,
                              "Actual Loops": 4
                            }
                          ]
                        }
                      ]
                    },
                    {
                      "Node Type": "Index Scan",
                      "Parent Relationship": "Inner",
                      "Parallel Aware": false,
                      "Scan Direction": "Forward",
                      "Index Name": "movie_id_movie_info",
                      "Relation Name": "movie_info",
                      "Alias": "mi",
                      "Startup Cost": 0.43,
                      "Total Cost": 1.62,
                      "Plan Rows": 6,
                      "Plan Width": 4,
                      "Actual Startup Time": 0.011,
                      "Actual Total Time": 0.02,
                      "Actual Rows": 4,
                      "Actual Loops": 41840,
                      "Index Cond": "(movie_id = t.id)",
                      "Rows Removed by Index Recheck": 0,
                      "Filter": "(info_type_id > 17)",
                      "Rows Removed by Filter": 16
                    }
                  ]
                }
              ]
            }
          ]
        }
      ]
    },
    "Planning Time": 1.364,
    "Triggers": [],
    "Execution Time": 731.661
  }
]