[
  {
    "Plan": {
      "Node Type": "Aggregate",
      "Strategy": "Plain",
      "Partial Mode": "Finalize",
      "Parallel Aware": false,
      "Startup Cost": 325443.11,
      "Total Cost": 325443.12,
      "Plan Rows": 1,
      "Plan Width": 8,
      "Actual Startup Time": 290.687,
      "Actual Total Time": 347.046,
      "Actual Rows": 1,
      "Actual Loops": 1,
      "Plans": [
        {
          "Node Type": "Gather",
          "Parent Relationship": "Outer",
          "Parallel Aware": false,
          "Startup Cost": 325442.69,
          "Total Cost": 325443.1,
          "Plan Rows": 4,
          "Plan Width": 8,
          "Actual Startup Time": 290.512,
          "Actual Total Time": 347.032,
          "Actual Rows": 5,
          "Actual Loops": 1,
          "Workers Planned": 4,
          "Workers Launched": 4,
          "Single Copy": false,
          "Plans": [
            {
              "Node Type": "Aggregate",
              "Strategy": "Plain",
              "Partial Mode": "Partial",
              "Parent Relationship": "Outer",
              "Parallel Aware": false,
              "Startup Cost": 324442.69,
              "Total Cost": 324442.7,
              "Plan Rows": 1,
              "Plan Width": 8,
              "Actual Startup Time": 285.629,
              "Actual Total Time": 285.631,
              "Actual Rows": 1,
              "Actual Loops": 5,
              "Plans": [
                {
                  "Node Type": "Nested Loop",
                  "Parent Relationship": "Outer",
                  "Parallel Aware": false,
                  "Join Type": "Inner",
                  "Startup Cost": 0.56,
                  "Total Cost": 324355.67,
                  "Plan Rows": 34810,
                  "Plan Width": 0,
                  "Actual Startup Time": 0.61,
                  "Actual Total Time": 283.428,
                  "Actual Rows": 19676,
                  "Actual Loops": 5,
                  "Inner Unique": false,
                  "Plans": [
                    {
                      "Node Type": "Seq Scan",
                      "Parent Relationship": "Outer",
                      "Parallel Aware": true,
                      "Relation Name": "title",
                      "Alias": "t",
                      "Startup Cost": 0.0,
                      "Total Cost": 45479.59,
                      "Plan Rows": 5006,
                      "Plan Width": 4,
                      "Actual Startup Time": 0.344,
                      "Actual Total Time": 69.515,
                      "Actual Rows": 2890,
                      "Actual Loops": 5,
                      "Filter": "((kind_id < 7) AND (production_year = 1998))",
                      "Rows Removed by Filter": 502773
                    },
                    {
                      "Node Type": "Index Scan",
                      "Parent Relationship": "Inner",
                      "Parallel Aware": false,
                      "Scan Direction": "Forward",
                      "Index Name": "movie_id_cast_info",
                      "Relation Name": "cast_info",
                      "Alias": "ci",
                      "Startup Cost": 0.56,
                      "Total Cost": 55.54,
                      "Plan Rows": 17,
                      "Plan Width": 4,
                      "Actual Startup Time": 0.036,
                      "Actual Total Time": 0.073,
                      "Actual Rows": 7,
                      "Actual Loops": 14449,
                      "Index Cond": "(movie_id = t.id)",
                      "Rows Removed by Index Recheck": 0,
                      "Filter": "((person_id < 2790111) AND (role_id > 1))",
                      "Rows Removed by Filter": 11
                    }
                  ]
                }
              ]
            }
          ]
        }
      ]
    },
    "Planning Time": 0.334,
    "Triggers": [],
    "Execution Time": 347.107
  }
]