{
  "Plan": {
    "Node Type": "Aggregate",
    "Strategy": "Plain",
    "Partial Mode": "Finalize",
    "Parallel Aware": false,
    "Startup Cost": 299633.45,
    "Total Cost": 299633.46,
    "Plan Rows": 1,
    "Plan Width": 8,
    "Actual Startup Time": 1014.047,
    "Actual Total Time": 1036.62,
    "Actual Rows": 1,
    "Actual Loops": 1,
    "Plans": [
      {
        "Node Type": "Gather",
        "Parent Relationship": "Outer",
        "Parallel Aware": false,
        "Startup Cost": 299633.33,
        "Total Cost": 299633.44,
        "Plan Rows": 1,
        "Plan Width": 8,
        "Actual Startup Time": 1008.729,
        "Actual Total Time": 1036.614,
        "Actual Rows": 2,
        "Actual Loops": 1,
        "Workers Planned": 1,
        "Workers Launched": 1,
        "Single Copy": false,
        "Plans": [
          {
            "Node Type": "Aggregate",
            "Strategy": "Plain",
            "Partial Mode": "Partial",
            "Parent Relationship": "Outer",
            "Parallel Aware": false,
            "Startup Cost": 298633.33,
            "Total Cost": 298633.34,
            "Plan Rows": 1,
            "Plan Width": 8,
            "Actual Startup Time": 1002.418,
            "Actual Total Time": 1002.424,
            "Actual Rows": 1,
            "Actual Loops": 2,
            "Plans": [
              {
                "Node Type": "Hash Join",
                "Parent Relationship": "Outer",
                "Parallel Aware": true,
                "Join Type": "Inner",
                "Startup Cost": 272717.09,
                "Total Cost": 298336.28,
                "Plan Rows": 118822,
                "Plan Width": 0,
                "Actual Startup Time": 861.354,
                "Actual Total Time": 992.709,
                "Actual Rows": 225534,
                "Actual Loops": 2,
                "Inner Unique": false,
                "Hash Cond": "(mc.movie_id = t.id)",
                "Plans": [
                  {
                    "Node Type": "Bitmap Heap Scan",
                    "Parent Relationship": "Outer",
                    "Parallel Aware": true,
                    "Relation Name": "movie_companies",
                    "Alias": "mc",
                    "Startup Cost": 13894.64,
                    "Total Cost": 37400.2,
                    "Plan Rows": 377245,
                    "Plan Width": 4,
                    "Actual Startup Time": 29.028,
                    "Actual Total Time": 71.562,
                    "Actual Rows": 327104,
                    "Actual Loops": 2,
                    "Recheck Cond": "(company_id > 53831)",
                    "Rows Removed by Index Recheck": 0,
                    "Exact Heap Blocks": 5043,
                    "Lossy Heap Blocks": 0,
                    "Plans": [
                      {
                        "Node Type": "Bitmap Index Scan",
                        "Parent Relationship": "Outer",
                        "Parallel Aware": false,
                        "Index Name": "company_id_movie_companies",
                        "Startup Cost": 0.0,
                        "Total Cost": 13734.31,
                        "Plan Rows": 641317,
                        "Plan Width": 0,
                        "Actual Startup Time": 27.507,
                        "Actual Total Time": 27.508,
                        "Actual Rows": 654207,
                        "Actual Loops": 1,
                        "Index Cond": "(company_id > 53831)"
                      }
                    ]
                  },
                  {
                    "Node Type": "Hash",
                    "Parent Relationship": "Inner",
                    "Parallel Aware": true,
                    "Startup Cost": 252966.97,
                    "Total Cost": 252966.97,
                    "Plan Rows": 468439,
                    "Plan Width": 8,
                    "Actual Startup Time": 823.348,
                    "Actual Total Time": 823.352,
                    "Actual Rows": 401070,
                    "Actual Loops": 2,
                    "Hash Buckets": 1048576,
                    "Original Hash Buckets": 1048576,
                    "Hash Batches": 1,
                    "Original Hash Batches": 1,
                    "Peak Memory Usage": 39584,
                    "Plans": [
                      {
                        "Node Type": "Hash Join",
                        "Parent Relationship": "Outer",
                        "Parallel Aware": true,
                        "Join Type": "Inner",
                        "Startup Cost": 83888.82,
                        "Total Cost": 252966.97,
                        "Plan Rows": 468439,
                        "Plan Width": 8,
                        "Actual Startup Time": 526.957,
                        "Actual Total Time": 726.492,
                        "Actual Rows": 401070,
                        "Actual Loops": 2,
                        "Inner Unique": true,
                        "Hash Cond": "(mi.movie_id = t.id)",
                        "Plans": [
                          {
                            "Node Type": "Bitmap Heap Scan",
                            "Parent Relationship": "Outer",
                            "Parallel Aware": true,
                            "Relation Name": "movie_info",
                            "Alias": "mi",
                            "Startup Cost": 14428.12,
                            "Total Cost": 182276.62,
                            "Plan Rows": 468439,
                            "Plan Width": 4,
                            "Actual Startup Time": 24.937,
                            "Actual Total Time": 60.081,
                            "Actual Rows": 401070,
                            "Actual Loops": 2,
                            "Recheck Cond": "(info_type_id < 2)",
                            "Rows Removed by Index Recheck": 0,
                            "Exact Heap Blocks": 2518,
                            "Lossy Heap Blocks": 0,
                            "Plans": [
                              {
                                "Node Type": "Bitmap Index Scan",
                                "Parent Relationship": "Outer",
                                "Parallel Aware": false,
                                "Index Name": "info_type_id_movie_info",
                                "Startup Cost": 0.0,
                                "Total Cost": 14229.04,
                                "Plan Rows": 796347,
                                "Plan Width": 0,
                                "Actual Startup Time": 24.212,
                                "Actual Total Time": 24.212,
                                "Actual Rows": 802140,
                                "Actual Loops": 1,
                                "Index Cond": "(info_type_id < 2)"
                              }
                            ]
                          },
                          {
                            "Node Type": "Hash",
                            "Parent Relationship": "Inner",
                            "Parallel Aware": true,
                            "Startup Cost": 50870.31,
                            "Total Cost": 50870.31,
                            "Plan Rows": 1487231,
                            "Plan Width": 4,
                            "Actual Startup Time": 487.065,
                            "Actual Total Time": 487.066,
                            "Actual Rows": 1264156,
                            "Actual Loops": 2,
                            "Hash Buckets": 4194304,
                            "Original Hash Buckets": 4194304,
                            "Hash Batches": 1,
                            "Original Hash Batches": 1,
                            "Peak Memory Usage": 131712,
                            "Plans": [
                              {
                                "Node Type": "Seq Scan",
                                "Parent Relationship": "Outer",
                                "Parallel Aware": true,
                                "Relation Name": "title",
                                "Alias": "t",
                                "Startup Cost": 0.0,
                                "Total Cost": 50870.31,
                                "Plan Rows": 1487231,
                                "Plan Width": 4,
                                "Actual Startup Time": 0.03,
                                "Actual Total Time": 142.675,
                                "Actual Rows": 1264156,
                                "Actual Loops": 2
                              }
                            ]
                          }
                        ]
                      }
                    ]
                  }
                ]
              }
            ]
          }
        ]
      }
    ]
  },
  "Planning Time": 0.88,
  "Triggers": [],
  "Execution Time": 1036.731
}