[
  {
    "Plan": {
      "Node Type": "Aggregate",
      "Strategy": "Plain",
      "Partial Mode": "Finalize",
      "Parallel Aware": false,
      "Startup Cost": 33087.17,
      "Total Cost": 33087.18,
      "Plan Rows": 1,
      "Plan Width": 8,
      "Actual Startup Time": 102.277,
      "Actual Total Time": 109.808,
      "Actual Rows": 1,
      "Actual Loops": 1,
      "Plans": [
        {
          "Node Type": "Gather",
          "Parent Relationship": "Outer",
          "Parallel Aware": false,
          "Startup Cost": 33086.85,
          "Total Cost": 33087.16,
          "Plan Rows": 3,
          "Plan Width": 8,
          "Actual Startup Time": 102.126,
          "Actual Total Time": 109.8,
          "Actual Rows": 4,
          "Actual Loops": 1,
          "Workers Planned": 3,
          "Workers Launched": 3,
          "Single Copy": false,
          "Plans": [
            {
              "Node Type": "Aggregate",
              "Strategy": "Plain",
              "Partial Mode": "Partial",
              "Parent Relationship": "Outer",
              "Parallel Aware": false,
              "Startup Cost": 32086.85,
              "Total Cost": 32086.86,
              "Plan Rows": 1,
              "Plan Width": 8,
              "Actual Startup Time": 95.065,
              "Actual Total Time": 95.066,
              "Actual Rows": 1,
              "Actual Loops": 4,
              "Plans": [
                {
                  "Node Type": "Seq Scan",
                  "Parent Relationship": "Outer",
                  "Parallel Aware": true,
                  "Relation Name": "movie_companies",
                  "Alias": "mc",
                  "Startup Cost": 0.0,
                  "Total Cost": 31414.82,
                  "Plan Rows": 268812,
                  "Plan Width": 0,
                  "Actual Startup Time": 48.382,
                  "Actual Total Time": 84.102,
                  "Actual Rows": 260696,
                  "Actual Loops": 4,
                  "Filter": "((company_id > 4380) AND (company_type_id > 1))",
                  "Rows Removed by Filter": 391586
                }
              ]
            }
          ]
        }
      ]
    },
    "Planning Time": 0.221,
    "Triggers": [],
    "Execution Time": 109.859
  }
]