[
  {
    "Plan": {
      "Node Type": "Aggregate",
      "Strategy": "Plain",
      "Partial Mode": "Finalize",
      "Parallel Aware": false,
      "Startup Cost": 31320.03,
      "Total Cost": 31320.04,
      "Plan Rows": 1,
      "Plan Width": 8,
      "Actual Startup Time": 92.252,
      "Actual Total Time": 100.329,
      "Actual Rows": 1,
      "Actual Loops": 1,
      "Plans": [
        {
          "Node Type": "Gather",
          "Parent Relationship": "Outer",
          "Parallel Aware": false,
          "Startup Cost": 31319.71,
          "Total Cost": 31320.02,
          "Plan Rows": 3,
          "Plan Width": 8,
          "Actual Startup Time": 92.176,
          "Actual Total Time": 100.321,
          "Actual Rows": 4,
          "Actual Loops": 1,
          "Workers Planned": 3,
          "Workers Launched": 3,
          "Single Copy": false,
          "Plans": [
            {
              "Node Type": "Aggregate",
              "Strategy": "Plain",
              "Partial Mode": "Partial",
              "Parent Relationship": "Outer",
              "Parallel Aware": false,
              "Startup Cost": 30319.71,
              "Total Cost": 30319.72,
              "Plan Rows": 1,
              "Plan Width": 8,
              "Actual Startup Time": 89.196,
              "Actual Total Time": 89.198,
              "Actual Rows": 1,
              "Actual Loops": 4,
              "Plans": [
                {
                  "Node Type": "Seq Scan",
                  "Parent Relationship": "Outer",
                  "Parallel Aware": true,
                  "Relation Name": "movie_companies",
                  "Alias": "mc",
                  "Startup Cost": 0.0,
                  "Total Cost": 29310.68,
                  "Plan Rows": 403613,
                  "Plan Width": 0,
                  "Actual Startup Time": 0.022,
                  "Actual Total Time": 73.691,
                  "Actual Rows": 315632,
                  "Actual Loops": 4,
                  "Filter": "(company_id < 11196)",
                  "Rows Removed by Filter": 336650
                }
              ]
            }
          ]
        }
      ]
    },
    "Planning Time": 0.229,
    "Triggers": [],
    "Execution Time": 100.382
  }
]