[
  {
    "Plan": {
      "Node Type": "Aggregate",
      "Strategy": "Plain",
      "Partial Mode": "Finalize",
      "Parallel Aware": false,
      "Startup Cost": 46765.7,
      "Total Cost": 46765.71,
      "Plan Rows": 1,
      "Plan Width": 8,
      "Actual Startup Time": 169.235,
      "Actual Total Time": 176.745,
      "Actual Rows": 1,
      "Actual Loops": 1,
      "Plans": [
        {
          "Node Type": "Gather",
          "Parent Relationship": "Outer",
          "Parallel Aware": false,
          "Startup Cost": 46765.38,
          "Total Cost": 46765.69,
          "Plan Rows": 3,
          "Plan Width": 8,
          "Actual Startup Time": 169.14,
          "Actual Total Time": 176.737,
          "Actual Rows": 4,
          "Actual Loops": 1,
          "Workers Planned": 3,
          "Workers Launched": 3,
          "Single Copy": false,
          "Plans": [
            {
              "Node Type": "Aggregate",
              "Strategy": "Plain",
              "Partial Mode": "Partial",
              "Parent Relationship": "Outer",
              "Parallel Aware": false,
              "Startup Cost": 45765.38,
              "Total Cost": 45765.39,
              "Plan Rows": 1,
              "Plan Width": 8,
              "Actual Startup Time": 161.298,
              "Actual Total Time": 161.299,
              "Actual Rows": 1,
              "Actual Loops": 4,
              "Plans": [
                {
                  "Node Type": "Seq Scan",
                  "Parent Relationship": "Outer",
                  "Parallel Aware": true,
                  "Relation Name": "movie_keyword",
                  "Alias": "mk",
                  "Startup Cost": 0.0,
                  "Total Cost": 42695.65,
                  "Plan Rows": 1227891,
                  "Plan Width": 0,
                  "Actual Startup Time": 0.058,
                  "Actual Total Time": 119.938,
                  "Actual Rows": 953550,
                  "Actual Loops": 4,
                  "Filter": "(keyword_id < 26617)",
                  "Rows Removed by Filter": 177432
                }
              ]
            }
          ]
        }
      ]
    },
    "Planning Time": 0.176,
    "Triggers": [],
    "Execution Time": 176.798
  }
]