[
  {
    "Plan": {
      "Node Type": "Aggregate",
      "Strategy": "Plain",
      "Partial Mode": "Finalize",
      "Parallel Aware": false,
      "Startup Cost": 353340.56,
      "Total Cost": 353340.57,
      "Plan Rows": 1,
      "Plan Width": 8,
      "Actual Startup Time": 929.088,
      "Actual Total Time": 991.679,
      "Actual Rows": 1,
      "Actual Loops": 1,
      "Plans": [
        {
          "Node Type": "Gather",
          "Parent Relationship": "Outer",
          "Parallel Aware": false,
          "Startup Cost": 353339.94,
          "Total Cost": 353340.55,
          "Plan Rows": 6,
          "Plan Width": 8,
          "Actual Startup Time": 928.929,
          "Actual Total Time": 991.667,
          "Actual Rows": 7,
          "Actual Loops": 1,
          "Workers Planned": 6,
          "Workers Launched": 6,
          "Single Copy": false,
          "Plans": [
            {
              "Node Type": "Aggregate",
              "Strategy": "Plain",
              "Partial Mode": "Partial",
              "Parent Relationship": "Outer",
              "Parallel Aware": false,
              "Startup Cost": 352339.94,
              "Total Cost": 352339.95,
              "Plan Rows": 1,
              "Plan Width": 8,
              "Actual Startup Time": 920.355,
              "Actual Total Time": 920.356,
              "Actual Rows": 1,
              "Actual Loops": 7,
              "Plans": [
                {
                  "Node Type": "Seq Scan",
                  "Parent Relationship": "Outer",
                  "Parallel Aware": true,
                  "Relation Name": "cast_info",
                  "Alias": "ci",
                  "Startup Cost": 0.0,
                  "Total Cost": 343257.03,
                  "Plan Rows": 3633163,
                  "Plan Width": 0,
                  "Actual Startup Time": 152.775,
                  "Actual Total Time": 773.634,
                  "Actual Rows": 2982622,
                  "Actual Loops": 7,
                  "Filter": "((person_id > 1099706) AND (role_id < 10))",
                  "Rows Removed by Filter": 2195141
                }
              ]
            }
          ]
        }
      ]
    },
    "Planning Time": 0.19,
    "Triggers": [],
    "Execution Time": 991.748
  }
]