[
  {
    "Plan": {
      "Node Type": "Aggregate",
      "Strategy": "Plain",
      "Partial Mode": "Finalize",
      "Parallel Aware": false,
      "Startup Cost": 68356.1,
      "Total Cost": 68356.11,
      "Plan Rows": 1,
      "Plan Width": 96,
      "Actual Startup Time": 681.092,
      "Actual Total Time": 694.875,
      "Actual Rows": 1,
      "Actual Loops": 1,
      "Plans": [
        {
          "Node Type": "Gather",
          "Parent Relationship": "Outer",
          "Parallel Aware": false,
          "Startup Cost": 68355.55,
          "Total Cost": 68356.06,
          "Plan Rows": 5,
          "Plan Width": 96,
          "Actual Startup Time": 666.181,
          "Actual Total Time": 694.843,
          "Actual Rows": 6,
          "Actual Loops": 1,
          "Workers Planned": 5,
          "Workers Launched": 5,
          "Single Copy": false,
          "Plans": [
            {
              "Node Type": "Aggregate",
              "Strategy": "Plain",
              "Partial Mode": "Partial",
              "Parent Relationship": "Outer",
              "Parallel Aware": false,
              "Startup Cost": 67355.55,
              "Total Cost": 67355.56,
              "Plan Rows": 1,
              "Plan Width": 96,
              "Actual Startup Time": 651.33,
              "Actual Total Time": 651.353,
              "Actual Rows": 1,
              "Actual Loops": 6,
              "Plans": [
                {
                  "Node Type": "Merge Join",
                  "Parent Relationship": "Outer",
                  "Parallel Aware": false,
                  "Join Type": "Inner",
                  "Startup Cost": 67355.52,
                  "Total Cost": 67355.54,
                  "Plan Rows": 1,
                  "Plan Width": 48,
                  "Actual Startup Time": 651.186,
                  "Actual Total Time": 651.275,
                  "Actual Rows": 312,
                  "Actual Loops": 6,
                  "Inner Unique": true,
                  "Merge Cond": "(mc.company_type_id = ct.id)",
                  "Plans": [
                    {
                      "Node Type": "Sort",
                      "Parent Relationship": "Outer",
                      "Parallel Aware": false,
                      "Startup Cost": 67354.46,
                      "Total Cost": 67354.46,
                      "Plan Rows": 1,
                      "Plan Width": 52,
                      "Actual Startup Time": 651.125,
                      "Actual Total Time": 651.162,
                      "Actual Rows": 328,
                      "Actual Loops": 6,
                      "Sort Key": [
                        "mc.company_type_id"
                      ],
                      "Sort Method": "quicksort",
                      "Sort Space Used": 25,
                      "Sort Space Type": "Memory",
                      "Workers": [
                        {
                          "Worker Number": 0,
                          "Sort Method": "quicksort",
                          "Sort Space Used": 25,
                          "Sort Space Type": "Memory"
                        },
                        {
                          "Worker Number": 1,
                          "Sort Method": "quicksort",
                          "Sort Space Used": 25,
                          "Sort Space Type": "Memory"
                        },
                        {
                          "Worker Number": 2,
                          "Sort Method": "quicksort",
                          "Sort Space Used": 118,
                          "Sort Space Type": "Memory"
                        },
                        {
                          "Worker Number": 3,
                          "Sort Method": "quicksort",
                          "Sort Space Used": 25,
                          "Sort Space Type": "Memory"
                        },
                        {
                          "Worker Number": 4,
                          "Sort Method": "quicksort",
                          "Sort Space Used": 225,
                          "Sort Space Type": "Memory"
                        }
                      ],
                      "Plans": [
                        {
                          "Node Type": "Merge Join",
                          "Parent Relationship": "Outer",
                          "Parallel Aware": false,
                          "Join Type": "Inner",
                          "Startup Cost": 67308.2,
                          "Total Cost": 67354.45,
                          "Plan Rows": 1,
                          "Plan Width": 52,
                          "Actual Startup Time": 650.682,
                          "Actual Total Time": 650.849,
                          "Actual Rows": 328,
                          "Actual Loops": 6,
                          "Inner Unique": true,
                          "Merge Cond": "(mk.keyword_id = k.id)",
                          "Plans": [
                            {
                              "Node Type": "Sort",
                              "Parent Relationship": "Outer",
                              "Parallel Aware": false,
                              "Startup Cost": 64681.94,
                              "Total Cost": 64705.12,
                              "Plan Rows": 9271,
                              "Plan Width": 56,
                              "Actual Startup Time": 628.344,
                              "Actual Total Time": 628.692,
                              "Actual Rows": 1463,
                              "Actual Loops": 6,
                              "Sort Key": [
                                "mk.keyword_id"
                              ],
                              "Sort Method": "quicksort",
                              "Sort Space Used": 207,
                              "Sort Space Type": "Memory",
                              "Workers": [
                                {
                                  "Worker Number": 0,
                                  "Sort Method": "quicksort",
                                  "Sort Space Used": 66,
                                  "Sort Space Type": "Memory"
                                },
                                {
                                  "Worker Number": 1,
                                  "Sort Method": "quicksort",
                                  "Sort Space Used": 117,
                                  "Sort Space Type": "Memory"
                                },
                                {
                                  "Worker Number": 2,
                                  "Sort Method": "quicksort",
                                  "Sort Space Used": 3734,
                                  "Sort Space Type": "Memory"
                                },
                                {
                                  "Worker Number": 3,
                                  "Sort Method": "quicksort",
                                  "Sort Space Used": 56,
                                  "Sort Space Type": "Memory"
                                },
                                {
                                  "Worker Number": 4,
                                  "Sort Method": "quicksort",
                                  "Sort Space Used": 1692,
                                  "Sort Space Type": "Memory"
                                }
                              ],
                              "Plans": [
                                {
                                  "Node Type": "Merge Join",
                                  "Parent Relationship": "Outer",
                                  "Parallel Aware": false,
                                  "Join Type": "Inner",
                                  "Startup Cost": 17694.99,
                                  "Total Cost": 64071.05,
                                  "Plan Rows": 9271,
                                  "Plan Width": 56,
                                  "Actual Startup Time": 298.368,
                                  "Actual Total Time": 622.733,
                                  "Actual Rows": 5672,
                                  "Actual Loops": 6,
                                  "Inner Unique": false,
                                  "Merge Cond": "(ml.movie_id = mk.movie_id)",
                                  "Plans": [
                                    {
                                      "Node Type": "Merge Join",
                                      "Parent Relationship": "Outer",
                                      "Parallel Aware": false,
                                      "Join Type": "Inner",
                                      "Startup Cost": 17484.79,
                                      "Total Cost": 59858.46,
                                      "Plan Rows": 202,
                                      "Plan Width": 68,
                                      "Actual Startup Time": 295.864,
                                      "Actual Total Time": 582.41,
                                      "Actual Rows": 680,
                                      "Actual Loops": 6,
                                      "Inner Unique": true,
                                      "Merge Cond": "(ml.movie_id = t.id)",
                                      "Plans": [
                                        {
                                          "Node Type": "Merge Join",
                                          "Parent Relationship": "Outer",
                                          "Parallel Aware": false,
                                          "Join Type": "Inner",
                                          "Startup Cost": 17484.36,
                                          "Total Cost": 50506.4,
                                          "Plan Rows": 270,
                                          "Plan Width": 47,
                                          "Actual Startup Time": 251.131,
                                          "Actual Total Time": 345.814,
                                          "Actual Rows": 688,
                                          "Actual Loops": 6,
                                          "Inner Unique": false,
                                          "Merge Cond": "(mi.movie_id = ml.movie_id)",
                                          "Plans": [
                                            {
                                              "Node Type": "Index Scan",
                                              "Parent Relationship": "Outer",
                                              "Parallel Aware": true,
                                              "Scan Direction": "Forward",
                                              "Index Name": "movie_id_movie_info",
                                              "Relation Name": "movie_info",
                                              "Alias": "mi",
                                              "Startup Cost": 0.43,
                                              "Total Cost": 997311.46,
                                              "Plan Rows": 185623,
                                              "Plan Width": 4,
                                              "Actual Startup Time": 0.247,
                                              "Actual Total Time": 100.686,
                                              "Actual Rows": 4777,
                                              "Actual Loops": 6,
                                              "Filter": "(info = ANY ('{Sweden,Norway,Germany,Denmark,Swedish,Denish,Norwegian,German,English}'::text[]))",
                                              "Rows Removed by Filter": 69025
                                            },
                                            {
                                              "Node Type": "Sort",
                                              "Parent Relationship": "Inner",
                                              "Parallel Aware": false,
                                              "Startup Cost": 17483.92,
                                              "Total Cost": 17485.69,
                                              "Plan Rows": 707,
                                              "Plan Width": 43,
                                              "Actual Startup Time": 243.443,
                                              "Actual Total Time": 243.898,
                                              "Actual Rows": 1692,
                                              "Actual Loops": 6,
                                              "Sort Key": [
                                                "mc.movie_id"
                                              ],
                                              "Sort Method": "quicksort",
                                              "Sort Space Used": 166,
                                              "Sort Space Type": "Memory",
                                              "Workers": [
                                                {
                                                  "Worker Number": 0,
                                                  "Sort Method": "quicksort",
                                                  "Sort Space Used": 166,
                                                  "Sort Space Type": "Memory"
                                                },
                                                {
                                                  "Worker Number": 1,
                                                  "Sort Method": "quicksort",
                                                  "Sort Space Used": 166,
                                                  "Sort Space Type": "Memory"
                                                },
                                                {
                                                  "Worker Number": 2,
                                                  "Sort Method": "quicksort",
                                                  "Sort Space Used": 166,
                                                  "Sort Space Type": "Memory"
                                                },
                                                {
                                                  "Worker Number": 3,
                                                  "Sort Method": "quicksort",
                                                  "Sort Space Used": 166,
                                                  "Sort Space Type": "Memory"
                                                },
                                                {
                                                  "Worker Number": 4,
                                                  "Sort Method": "quicksort",
                                                  "Sort Space Used": 166,
                                                  "Sort Space Type": "Memory"
                                                }
                                              ],
                                              "Plans": [
                                                {
                                                  "Node Type": "Merge Join",
                                                  "Parent Relationship": "Outer",
                                                  "Parallel Aware": false,
                                                  "Join Type": "Inner",
                                                  "Startup Cost": 17230.81,
                                                  "Total Cost": 17450.46,
                                                  "Plan Rows": 707,
                                                  "Plan Width": 43,
                                                  "Actual Startup Time": 234.305,
                                                  "Actual Total Time": 242.855,
                                                  "Actual Rows": 1200,
                                                  "Actual Loops": 6,
                                                  "Inner Unique": true,
                                                  "Merge Cond": "(mc.company_id = cn.id)",
                                                  "Plans": [
                                                    {
                                                      "Node Type": "Sort",
                                                      "Parent Relationship": "Outer",
                                                      "Parallel Aware": false,
                                                      "Startup Cost": 7217.34,
                                                      "Total Cost": 7228.2,
                                                      "Plan Rows": 4347,
                                                      "Plan Width": 28,
                                                      "Actual Startup Time": 72.023,
                                                      "Actual Total Time": 73.261,
                                                      "Actual Rows": 5069,
                                                      "Actual Loops": 6,
                                                      "Sort Key": [
                                                        "mc.company_id"
                                                      ],
                                                      "Sort Method": "quicksort",
                                                      "Sort Space Used": 589,
                                                      "Sort Space Type": "Memory",
                                                      "Workers": [
                                                        {
                                                          "Worker Number": 0,
                                                          "Sort Method": "quicksort",
                                                          "Sort Space Used": 589,
                                                          "Sort Space Type": "Memory"
                                                        },
                                                        {
                                                          "Worker Number": 1,
                                                          "Sort Method": "quicksort",
                                                          "Sort Space Used": 589,
                                                          "Sort Space Type": "Memory"
                                                        },
                                                        {
                                                          "Worker Number": 2,
                                                          "Sort Method": "quicksort",
                                                          "Sort Space Used": 589,
                                                          "Sort Space Type": "Memory"
                                                        },
                                                        {
                                                          "Worker Number": 3,
                                                          "Sort Method": "quicksort",
                                                          "Sort Space Used": 589,
                                                          "Sort Space Type": "Memory"
                                                        },
                                                        {
                                                          "Worker Number": 4,
                                                          "Sort Method": "quicksort",
                                                          "Sort Space Used": 589,
                                                          "Sort Space Type": "Memory"
                                                        }
                                                      ],
                                                      "Plans": [
                                                        {
                                                          "Node Type": "Merge Join",
                                                          "Parent Relationship": "Outer",
                                                          "Parallel Aware": false,
                                                          "Join Type": "Inner",
                                                          "Startup Cost": 1618.85,
                                                          "Total Cost": 6954.65,
                                                          "Plan Rows": 4347,
                                                          "Plan Width": 28,
                                                          "Actual Startup Time": 6.622,
                                                          "Actual Total Time": 69.387,
                                                          "Actual Rows": 5069,
                                                          "Actual Loops": 6,
                                                          "Inner Unique": false,
                                                          "Merge Cond": "(mc.movie_id = ml.movie_id)",
                                                          "Plans": [
                                                            {
                                                              "Node Type": "Index Scan",
                                                              "Parent Relationship": "Outer",
                                                              "Parallel Aware": false,
                                                              "Scan Direction": "Forward",
                                                              "Index Name": "movie_id_movie_companies",
                                                              "Relation Name": "movie_companies",
                                                              "Alias": "mc",
                                                              "Startup Cost": 0.43,
                                                              "Total Cost": 140880.84,
                                                              "Plan Rows": 1269863,
                                                              "Plan Width": 12,
                                                              "Actual Startup Time": 0.168,
                                                              "Actual Total Time": 57.589,
                                                              "Actual Rows": 49142,
                                                              "Actual Loops": 6,
                                                              "Filter": "(note IS NULL)",
                                                              "Rows Removed by Filter": 50735
                                                            },
                                                            {
                                                              "Node Type": "Sort",
                                                              "Parent Relationship": "Inner",
                                                              "Parallel Aware": false,
                                                              "Startup Cost": 1618.42,
                                                              "Total Cost": 1622.58,
                                                              "Plan Rows": 1666,
                                                              "Plan Width": 16,
                                                              "Actual Startup Time": 6.264,
                                                              "Actual Total Time": 6.724,
                                                              "Actual Rows": 5369,
                                                              "Actual Loops": 6,
                                                              "Sort Key": [
                                                                "ml.movie_id"
                                                              ],
                                                              "Sort Method": "quicksort",
                                                              "Sort Space Used": 205,
                                                              "Sort Space Type": "Memory",
                                                              "Workers": [
                                                                {
                                                                  "Worker Number": 0,
                                                                  "Sort Method": "quicksort",
                                                                  "Sort Space Used": 205,
                                                                  "Sort Space Type": "Memory"
                                                                },
                                                                {
                                                                  "Worker Number": 1,
                                                                  "Sort Method": "quicksort",
                                                                  "Sort Space Used": 205,
                                                                  "Sort Space Type": "Memory"
                                                                },
                                                                {
                                                                  "Worker Number": 2,
                                                                  "Sort Method": "quicksort",
                                                                  "Sort Space Used": 205,
                                                                  "Sort Space Type": "Memory"
                                                                },
                                                                {
                                                                  "Worker Number": 3,
                                                                  "Sort Method": "quicksort",
                                                                  "Sort Space Used": 205,
                                                                  "Sort Space Type": "Memory"
                                                                },
                                                                {
                                                                  "Worker Number": 4,
                                                                  "Sort Method": "quicksort",
                                                                  "Sort Space Used": 205,
                                                                  "Sort Space Type": "Memory"
                                                                }
                                                              ],
                                                              "Plans": [
                                                                {
                                                                  "Node Type": "Merge Join",
                                                                  "Parent Relationship": "Outer",
                                                                  "Parallel Aware": false,
                                                                  "Join Type": "Inner",
                                                                  "Startup Cost": 0.42,
                                                                  "Total Cost": 1529.27,
                                                                  "Plan Rows": 1666,
                                                                  "Plan Width": 16,
                                                                  "Actual Startup Time": 0.188,
                                                                  "Actual Total Time": 4.356,
                                                                  "Actual Rows": 2315,
                                                                  "Actual Loops": 6,
                                                                  "Inner Unique": false,
                                                                  "Merge Cond": "(lt.id = ml.link_type_id)",
                                                                  "Plans": [
                                                                    {
                                                                      "Node Type": "Index Scan",
                                                                      "Parent Relationship": "Outer",
                                                                      "Parallel Aware": false,
                                                                      "Scan Direction": "Forward",
                                                                      "Index Name": "link_type_pkey",
                                                                      "Relation Name": "link_type",
                                                                      "Alias": "lt",
                                                                      "Startup Cost": 0.14,
                                                                      "Total Cost": 12.45,
                                                                      "Plan Rows": 1,
                                                                      "Plan Width": 16,
                                                                      "Actual Startup Time": 0.068,
                                                                      "Actual Total Time": 0.087,
                                                                      "Actual Rows": 2,
                                                                      "Actual Loops": 6,
                                                                      "Filter": "((link)::text ~~ '%follow%'::text)",
                                                                      "Rows Removed by Filter": 16
                                                                    },
                                                                    {
                                                                      "Node Type": "Index Scan",
                                                                      "Parent Relationship": "Inner",
                                                                      "Parallel Aware": false,
                                                                      "Scan Direction": "Forward",
                                                                      "Index Name": "link_type_id_movie_link",
                                                                      "Relation Name": "movie_link",
                                                                      "Alias": "ml",
                                                                      "Startup Cost": 0.29,
                                                                      "Total Cost": 1425.16,
                                                                      "Plan Rows": 29997,
                                                                      "Plan Width": 8,
                                                                      "Actual Startup Time": 0.115,
                                                                      "Actual Total Time": 3.435,
                                                                      "Actual Rows": 2316,
                                                                      "Actual Loops": 6
                                                                    }
                                                                  ]
                                                                }
                                                              ]
                                                            }
                                                          ]
                                                        }
                                                      ]
                                                    },
                                                    {
                                                      "Node Type": "Sort",
                                                      "Parent Relationship": "Inner",
                                                      "Parallel Aware": false,
                                                      "Startup Cost": 10013.46,
                                                      "Total Cost": 10108.93,
                                                      "Plan Rows": 38185,
                                                      "Plan Width": 23,
                                                      "Actual Startup Time": 162.217,
                                                      "Actual Total Time": 165.995,
                                                      "Actual Rows": 14201,
                                                      "Actual Loops": 6,
                                                      "Sort Key": [
                                                        "cn.id"
                                                      ],
                                                      "Sort Method": "quicksort",
                                                      "Sort Space Used": 5023,
                                                      "Sort Space Type": "Memory",
                                                      "Workers": [
                                                        {
                                                          "Worker Number": 0,
                                                          "Sort Method": "quicksort",
                                                          "Sort Space Used": 5023,
                                                          "Sort Space Type": "Memory"
                                                        },
                                                        {
                                                          "Worker Number": 1,
                                                          "Sort Method": "quicksort",
                                                          "Sort Space Used": 5023,
                                                          "Sort Space Type": "Memory"
                                                        },
                                                        {
                                                          "Worker Number": 2,
                                                          "Sort Method": "quicksort",
                                                          "Sort Space Used": 5023,
                                                          "Sort Space Type": "Memory"
                                                        },
                                                        {
                                                          "Worker Number": 3,
                                                          "Sort Method": "quicksort",
                                                          "Sort Space Used": 5023,
                                                          "Sort Space Type": "Memory"
                                                        },
                                                        {
                                                          "Worker Number": 4,
                                                          "Sort Method": "quicksort",
                                                          "Sort Space Used": 5023,
                                                          "Sort Space Type": "Memory"
                                                        }
                                                      ],
                                                      "Plans": [
                                                        {
                                                          "Node Type": "Seq Scan",
                                                          "Parent Relationship": "Outer",
                                                          "Parallel Aware": false,
                                                          "Relation Name": "company_name",
                                                          "Alias": "cn",
                                                          "Startup Cost": 0.0,
                                                          "Total Cost": 7107.45,
                                                          "Plan Rows": 38185,
                                                          "Plan Width": 23,
                                                          "Actual Startup Time": 0.105,
                                                          "Actual Total Time": 133.59,
                                                          "Actual Rows": 48302,
                                                          "Actual Loops": 6,
                                                          "Filter": "(((country_code)::text <> '[pl]'::text) AND ((name ~~ '%Film%'::text) OR (name ~~ '%Warner%'::text)))",
                                                          "Rows Removed by Filter": 186695
                                                        }
                                                      ]
                                                    }
                                                  ]
                                                }
                                              ]
                                            }
                                          ]
                                        },
                                        {
                                          "Node Type": "Index Scan",
                                          "Parent Relationship": "Inner",
                                          "Parallel Aware": false,
                                          "Scan Direction": "Forward",
                                          "Index Name": "title_pkey",
                                          "Relation Name": "title",
                                          "Alias": "t",
                                          "Startup Cost": 0.43,
                                          "Total Cost": 122990.13,
                                          "Plan Rows": 1892239,
                                          "Plan Width": 21,
                                          "Actual Startup Time": 0.089,
                                          "Actual Total Time": 225.21,
                                          "Actual Rows": 123794,
                                          "Actual Loops": 6,
                                          "Filter": "((production_year >= 1950) AND (production_year <= 2010))",
                                          "Rows Removed by Filter": 35119
                                        }
                                      ]
                                    },
                                    {
                                      "Node Type": "Index Scan",
                                      "Parent Relationship": "Inner",
                                      "Parallel Aware": false,
                                      "Scan Direction": "Forward",
                                      "Index Name": "movie_id_movie_keyword",
                                      "Relation Name": "movie_keyword",
                                      "Alias": "mk",
                                      "Startup Cost": 0.43,
                                      "Total Cost": 177156.82,
                                      "Plan Rows": 4523930,
                                      "Plan Width": 8,
                                      "Actual Startup Time": 0.1,
                                      "Actual Total Time": 29.999,
                                      "Actual Rows": 83551,
                                      "Actual Loops": 6
                                    }
                                  ]
                                }
                              ]
                            },
                            {
                              "Node Type": "Sort",
                              "Parent Relationship": "Inner",
                              "Parallel Aware": false,
                              "Startup Cost": 2626.14,
                              "Total Cost": 2626.14,
                              "Plan Rows": 1,
                              "Plan Width": 4,
                              "Actual Startup Time": 21.844,
                              "Actual Total Time": 21.845,
                              "Actual Rows": 1,
                              "Actual Loops": 6,
                              "Sort Key": [
                                "k.id"
                              ],
                              "Sort Method": "quicksort",
                              "Sort Space Used": 25,
                              "Sort Space Type": "Memory",
                              "Workers": [
                                {
                                  "Worker Number": 0,
                                  "Sort Method": "quicksort",
                                  "Sort Space Used": 25,
                                  "Sort Space Type": "Memory"
                                },
                                {
                                  "Worker Number": 1,
                                  "Sort Method": "quicksort",
                                  "Sort Space Used": 25,
                                  "Sort Space Type": "Memory"
                                },
                                {
                                  "Worker Number": 2,
                                  "Sort Method": "quicksort",
                                  "Sort Space Used": 25,
                                  "Sort Space Type": "Memory"
                                },
                                {
                                  "Worker Number": 3,
                                  "Sort Method": "quicksort",
                                  "Sort Space Used": 25,
                                  "Sort Space Type": "Memory"
                                },
                                {
                                  "Worker Number": 4,
                                  "Sort Method": "quicksort",
                                  "Sort Space Used": 25,
                                  "Sort Space Type": "Memory"
                                }
                              ],
                              "Plans": [
                                {
                                  "Node Type": "Seq Scan",
                                  "Parent Relationship": "Outer",
                                  "Parallel Aware": false,
                                  "Relation Name": "keyword",
                                  "Alias": "k",
                                  "Startup Cost": 0.0,
                                  "Total Cost": 2626.12,
                                  "Plan Rows": 1,
                                  "Plan Width": 4,
                                  "Actual Startup Time": 1.335,
                                  "Actual Total Time": 21.814,
                                  "Actual Rows": 1,
                                  "Actual Loops": 6,
                                  "Filter": "(keyword = 'sequel'::text)",
                                  "Rows Removed by Filter": 134169
                                }
                              ]
                            }
                          ]
                        }
                      ]
                    },
                    {
                      "Node Type": "Sort",
                      "Parent Relationship": "Inner",
                      "Parallel Aware": false,
                      "Startup Cost": 1.06,
                      "Total Cost": 1.06,
                      "Plan Rows": 1,
                      "Plan Width": 4,
                      "Actual Startup Time": 0.081,
                      "Actual Total Time": 0.081,
                      "Actual Rows": 1,
                      "Actual Loops": 4,
                      "Sort Key": [
                        "ct.id"
                      ],
                      "Sort Method": "quicksort",
                      "Sort Space Used": 25,
                      "Sort Space Type": "Memory",
                      "Workers": [
                        {
                          "Worker Number": 2,
                          "Sort Method": "quicksort",
                          "Sort Space Used": 25,
                          "Sort Space Type": "Memory"
                        },
                        {
                          "Worker Number": 3,
                          "Sort Method": "quicksort",
                          "Sort Space Used": 25,
                          "Sort Space Type": "Memory"
                        },
                        {
                          "Worker Number": 4,
                          "Sort Method": "quicksort",
                          "Sort Space Used": 25,
                          "Sort Space Type": "Memory"
                        }
                      ],
                      "Plans": [
                        {
                          "Node Type": "Seq Scan",
                          "Parent Relationship": "Outer",
                          "Parallel Aware": false,
                          "Relation Name": "company_type",
                          "Alias": "ct",
                          "Startup Cost": 0.0,
                          "Total Cost": 1.05,
                          "Plan Rows": 1,
                          "Plan Width": 4,
                          "Actual Startup Time": 0.047,
                          "Actual Total Time": 0.048,
                          "Actual Rows": 1,
                          "Actual Loops": 4,
                          "Filter": "((kind)::text = 'production companies'::text)",
                          "Rows Removed by Filter": 3
                        }
                      ]
                    }
                  ]
                }
              ]
            }
          ]
        }
      ]
    },
    "Planning Time": 28.316,
    "Triggers": [],
    "Execution Time": 696.037
  }
]