{
  "Plan": {
    "Node Type": "Aggregate",
    "Strategy": "Plain",
    "Partial Mode": "Simple",
    "Parallel Aware": false,
    "Startup Cost": 2099754.93,
    "Total Cost": 2099754.94,
    "Plan Rows": 1,
    "Plan Width": 128,
    "Actual Startup Time": 4685.596,
    "Actual Total Time": 4706.481,
    "Actual Rows": 1,
    "Actual Loops": 1,
    "Plans": [
      {
        "Node Type": "Hash Join",
        "Parent Relationship": "Outer",
        "Parallel Aware": false,
        "Join Type": "Inner",
        "Startup Cost": 2096625.57,
        "Total Cost": 2099754.92,
        "Plan Rows": 1,
        "Plan Width": 81,
        "Actual Startup Time": 4668.302,
        "Actual Total Time": 4705.875,
        "Actual Rows": 4407,
        "Actual Loops": 1,
        "Inner Unique": false,
        "Hash Cond": "(k.id = mk.keyword_id)",
        "Plans": [
          {
            "Node Type": "Seq Scan",
            "Parent Relationship": "Outer",
            "Parallel Aware": false,
            "Relation Name": "keyword",
            "Alias": "k",
            "Startup Cost": 0.0,
            "Total Cost": 3129.26,
            "Plan Rows": 5,
            "Plan Width": 4,
            "Actual Startup Time": 1.165,
            "Actual Total Time": 17.111,
            "Actual Rows": 5,
            "Actual Loops": 1,
            "Filter": "(keyword = ANY ('{murder,blood,gore,death,female-nudity}'::text[]))",
            "Rows Removed by Filter": 134165
          },
          {
            "Node Type": "Hash",
            "Parent Relationship": "Inner",
            "Parallel Aware": false,
            "Startup Cost": 2096624.98,
            "Total Cost": 2096624.98,
            "Plan Rows": 47,
            "Plan Width": 85,
            "Actual Startup Time": 4667.071,
            "Actual Total Time": 4687.954,
            "Actual Rows": 128590,
            "Actual Loops": 1,
            "Hash Buckets": 131072,
            "Original Hash Buckets": 1024,
            "Hash Batches": 1,
            "Original Hash Batches": 1,
            "Peak Memory Usage": 11272,
            "Plans": [
              {
                "Node Type": "Hash Join",
                "Parent Relationship": "Outer",
                "Parallel Aware": false,
                "Join Type": "Inner",
                "Startup Cost": 1977999.04,
                "Total Cost": 2096624.98,
                "Plan Rows": 47,
                "Plan Width": 85,
                "Actual Startup Time": 3979.57,
                "Actual Total Time": 4654.41,
                "Actual Rows": 128590,
                "Actual Loops": 1,
                "Inner Unique": false,
                "Hash Cond": "(n.id = ci.person_id)",
                "Plans": [
                  {
                    "Node Type": "Seq Scan",
                    "Parent Relationship": "Outer",
                    "Parallel Aware": false,
                    "Relation Name": "name",
                    "Alias": "n",
                    "Startup Cost": 0.0,
                    "Total Cost": 107705.21,
                    "Plan Rows": 1747242,
                    "Plan Width": 19,
                    "Actual Startup Time": 0.064,
                    "Actual Total Time": 462.082,
                    "Actual Rows": 1739579,
                    "Actual Loops": 1,
                    "Filter": "((gender)::text = 'm'::text)",
                    "Rows Removed by Filter": 2427912
                  },
                  {
                    "Node Type": "Hash",
                    "Parent Relationship": "Inner",
                    "Parallel Aware": false,
                    "Startup Cost": 1977997.62,
                    "Total Cost": 1977997.62,
                    "Plan Rows": 113,
                    "Plan Width": 74,
                    "Actual Startup Time": 3979.118,
                    "Actual Total Time": 4000.0,
                    "Actual Rows": 207091,
                    "Actual Loops": 1,
                    "Hash Buckets": 262144,
                    "Original Hash Buckets": 1024,
                    "Hash Batches": 1,
                    "Original Hash Batches": 1,
                    "Peak Memory Usage": 16294,
                    "Plans": [
                      {
                        "Node Type": "Hash Join",
                        "Parent Relationship": "Outer",
                        "Parallel Aware": false,
                        "Join Type": "Inner",
                        "Startup Cost": 1977988.61,
                        "Total Cost": 1977997.62,
                        "Plan Rows": 113,
                        "Plan Width": 74,
                        "Actual Startup Time": 3880.149,
                        "Actual Total Time": 3956.534,
                        "Actual Rows": 207091,
                        "Actual Loops": 1,
                        "Inner Unique": true,
                        "Hash Cond": "(mi.movie_id = t.id)",
                        "Plans": [
                          {
                            "Node Type": "Hash Join",
                            "Parent Relationship": "Outer",
                            "Parallel Aware": false,
                            "Join Type": "Inner",
                            "Startup Cost": 1885099.16,
                            "Total Cost": 1885107.87,
                            "Plan Rows": 113,
                            "Plan Width": 73,
                            "Actual Startup Time": 2677.492,
                            "Actual Total Time": 2724.162,
                            "Actual Rows": 207091,
                            "Actual Loops": 1,
                            "Inner Unique": false,
                            "Hash Cond": "(it2.id = mi_idx.info_type_id)",
                            "Plans": [
                              {
                                "Node Type": "Seq Scan",
                                "Parent Relationship": "Outer",
                                "Parallel Aware": false,
                                "Relation Name": "info_type",
                                "Alias": "it2",
                                "Startup Cost": 0.0,
                                "Total Cost": 2.41,
                                "Plan Rows": 1,
                                "Plan Width": 4,
                                "Actual Startup Time": 0.038,
                                "Actual Total Time": 0.061,
                                "Actual Rows": 1,
                                "Actual Loops": 1,
                                "Filter": "((info)::text = 'votes'::text)",
                                "Rows Removed by Filter": 112
                              },
                              {
                                "Node Type": "Hash",
                                "Parent Relationship": "Inner",
                                "Parallel Aware": false,
                                "Startup Cost": 1884944.87,
                                "Total Cost": 1884944.87,
                                "Plan Rows": 12343,
                                "Plan Width": 77,
                                "Actual Startup Time": 2677.338,
                                "Actual Total Time": 2698.215,
                                "Actual Rows": 621758,
                                "Actual Loops": 1,
                                "Hash Buckets": 1048576,
                                "Original Hash Buckets": 16384,
                                "Hash Batches": 1,
                                "Original Hash Batches": 1,
                                "Peak Memory Usage": 54009,
                                "Plans": [
                                  {
                                    "Node Type": "Gather",
                                    "Parent Relationship": "Outer",
                                    "Parallel Aware": false,
                                    "Startup Cost": 574432.68,
                                    "Total Cost": 1884944.87,
                                    "Plan Rows": 12343,
                                    "Plan Width": 77,
                                    "Actual Startup Time": 2274.715,
                                    "Actual Total Time": 2576.137,
                                    "Actual Rows": 621758,
                                    "Actual Loops": 1,
                                    "Workers Planned": 3,
                                    "Workers Launched": 3,
                                    "Single Copy": false,
                                    "Plans": [
                                      {
                                        "Node Type": "Hash Join",
                                        "Parent Relationship": "Outer",
                                        "Parallel Aware": true,
                                        "Join Type": "Inner",
                                        "Startup Cost": 573432.68,
                                        "Total Cost": 1882710.57,
                                        "Plan Rows": 3982,
                                        "Plan Width": 77,
                                        "Actual Startup Time": 2263.169,
                                        "Actual Total Time": 2517.723,
                                        "Actual Rows": 155440,
                                        "Actual Loops": 4,
                                        "Inner Unique": false,
                                        "Hash Cond": "(mi.movie_id = mi_idx.movie_id)",
                                        "Plans": [
                                          {
                                            "Node Type": "Hash Join",
                                            "Parent Relationship": "Outer",
                                            "Parallel Aware": true,
                                            "Join Type": "Inner",
                                            "Startup Cost": 552559.85,
                                            "Total Cost": 1861816.26,
                                            "Plan Rows": 1302,
                                            "Plan Width": 63,
                                            "Actual Startup Time": 2042.684,
                                            "Actual Total Time": 2271.561,
                                            "Actual Rows": 53968,
                                            "Actual Loops": 4,
                                            "Inner Unique": false,
                                            "Hash Cond": "(mi.movie_id = ci.movie_id)",
                                            "Plans": [
                                              {
                                                "Node Type": "Hash Join",
                                                "Parent Relationship": "Outer",
                                                "Parallel Aware": false,
                                                "Join Type": "Inner",
                                                "Startup Cost": 199242.28,
                                                "Total Cost": 1508485.68,
                                                "Plan Rows": 1083,
                                                "Plan Width": 55,
                                                "Actual Startup Time": 528.709,
                                                "Actual Total Time": 741.276,
                                                "Actual Rows": 84712,
                                                "Actual Loops": 4,
                                                "Inner Unique": true,
                                                "Hash Cond": "(mi.info_type_id = it1.id)",
                                                "Plans": [
                                                  {
                                                    "Node Type": "Hash Join",
                                                    "Parent Relationship": "Outer",
                                                    "Parallel Aware": true,
                                                    "Join Type": "Inner",
                                                    "Startup Cost": 199239.85,
                                                    "Total Cost": 1508150.45,
                                                    "Plan Rows": 122205,
                                                    "Plan Width": 59,
                                                    "Actual Startup Time": 528.6,
                                                    "Actual Total Time": 728.369,
                                                    "Actual Rows": 94518,
                                                    "Actual Loops": 4,
                                                    "Inner Unique": false,
                                                    "Hash Cond": "(mk.movie_id = mi.movie_id)",
                                                    "Plans": [
                                                      {
                                                        "Node Type": "Seq Scan",
                                                        "Parent Relationship": "Outer",
                                                        "Parallel Aware": true,
                                                        "Relation Name": "movie_keyword",
                                                        "Alias": "mk",
                                                        "Startup Cost": 0.0,
                                                        "Total Cost": 39047.32,
                                                        "Plan Rows": 1459332,
                                                        "Plan Width": 8,
                                                        "Actual Startup Time": 0.014,
                                                        "Actual Total Time": 98.127,
                                                        "Actual Rows": 1130982,
                                                        "Actual Loops": 4
                                                      },
                                                      {
                                                        "Node Type": "Hash",
                                                        "Parent Relationship": "Inner",
                                                        "Parallel Aware": true,
                                                        "Startup Cost": 199164.27,
                                                        "Total Cost": 199164.27,
                                                        "Plan Rows": 6047,
                                                        "Plan Width": 51,
                                                        "Actual Startup Time": 528.356,
                                                        "Actual Total Time": 528.358,
                                                        "Actual Rows": 7700,
                                                        "Actual Loops": 4,
                                                        "Hash Buckets": 32768,
                                                        "Original Hash Buckets": 32768,
                                                        "Hash Batches": 1,
                                                        "Original Hash Batches": 1,
                                                        "Peak Memory Usage": 1728,
                                                        "Plans": [
                                                          {
                                                            "Node Type": "Seq Scan",
                                                            "Parent Relationship": "Outer",
                                                            "Parallel Aware": true,
                                                            "Relation Name": "movie_info",
                                                            "Alias": "mi",
                                                            "Startup Cost": 0.0,
                                                            "Total Cost": 199164.27,
                                                            "Plan Rows": 6047,
                                                            "Plan Width": 51,
                                                            "Actual Startup Time": 340.535,
                                                            "Actual Total Time": 525.111,
                                                            "Actual Rows": 7700,
                                                            "Actual Loops": 4,
                                                            "Filter": "(info = 'Horror'::text)",
                                                            "Rows Removed by Filter": 3701230
                                                          }
                                                        ]
                                                      }
                                                    ]
                                                  },
                                                  {
                                                    "Node Type": "Hash",
                                                    "Parent Relationship": "Inner",
                                                    "Parallel Aware": false,
                                                    "Startup Cost": 2.41,
                                                    "Total Cost": 2.41,
                                                    "Plan Rows": 1,
                                                    "Plan Width": 4,
                                                    "Actual Startup Time": 0.064,
                                                    "Actual Total Time": 0.065,
                                                    "Actual Rows": 1,
                                                    "Actual Loops": 4,
                                                    "Hash Buckets": 1024,
                                                    "Original Hash Buckets": 1024,
                                                    "Hash Batches": 1,
                                                    "Original Hash Batches": 1,
                                                    "Peak Memory Usage": 9,
                                                    "Plans": [
                                                      {
                                                        "Node Type": "Seq Scan",
                                                        "Parent Relationship": "Outer",
                                                        "Parallel Aware": false,
                                                        "Relation Name": "info_type",
                                                        "Alias": "it1",
                                                        "Startup Cost": 0.0,
                                                        "Total Cost": 2.41,
                                                        "Plan Rows": 1,
                                                        "Plan Width": 4,
                                                        "Actual Startup Time": 0.042,
                                                        "Actual Total Time": 0.05,
                                                        "Actual Rows": 1,
                                                        "Actual Loops": 4,
                                                        "Filter": "((info)::text = 'genres'::text)",
                                                        "Rows Removed by Filter": 112
                                                      }
                                                    ]
                                                  }
                                                ]
                                              },
                                              {
                                                "Node Type": "Hash",
                                                "Parent Relationship": "Inner",
                                                "Parallel Aware": true,
                                                "Startup Cost": 350885.27,
                                                "Total Cost": 350885.27,
                                                "Plan Rows": 194584,
                                                "Plan Width": 8,
                                                "Actual Startup Time": 1509.026,
                                                "Actual Total Time": 1509.026,
                                                "Actual Rows": 311179,
                                                "Actual Loops": 4,
                                                "Hash Buckets": 2097152,
                                                "Original Hash Buckets": 2097152,
                                                "Hash Batches": 1,
                                                "Original Hash Batches": 1,
                                                "Peak Memory Usage": 65152,
                                                "Plans": [
                                                  {
                                                    "Node Type": "Seq Scan",
                                                    "Parent Relationship": "Outer",
                                                    "Parallel Aware": true,
                                                    "Relation Name": "cast_info",
                                                    "Alias": "ci",
                                                    "Startup Cost": 0.0,
                                                    "Total Cost": 350885.27,
                                                    "Plan Rows": 194584,
                                                    "Plan Width": 8,
                                                    "Actual Startup Time": 129.479,
                                                    "Actual Total Time": 1355.208,
                                                    "Actual Rows": 311179,
                                                    "Actual Loops": 4,
                                                    "Filter": "(note = ANY ('{(writer),\"(head writer)\",\"(written by)\",(story),\"(story editor)\"}'::text[]))",
                                                    "Rows Removed by Filter": 8749907
                                                  }
                                                ]
                                              }
                                            ]
                                          },
                                          {
                                            "Node Type": "Hash",
                                            "Parent Relationship": "Inner",
                                            "Parallel Aware": true,
                                            "Startup Cost": 13685.15,
                                            "Total Cost": 13685.15,
                                            "Plan Rows": 575015,
                                            "Plan Width": 14,
                                            "Actual Startup Time": 214.497,
                                            "Actual Total Time": 214.498,
                                            "Actual Rows": 345009,
                                            "Actual Loops": 4,
                                            "Hash Buckets": 2097152,
                                            "Original Hash Buckets": 2097152,
                                            "Hash Batches": 1,
                                            "Original Hash Batches": 1,
                                            "Peak Memory Usage": 84800,
                                            "Plans": [
                                              {
                                                "Node Type": "Seq Scan",
                                                "Parent Relationship": "Outer",
                                                "Parallel Aware": true,
                                                "Relation Name": "movie_info_idx",
                                                "Alias": "mi_idx",
                                                "Startup Cost": 0.0,
                                                "Total Cost": 13685.15,
                                                "Plan Rows": 575015,
                                                "Plan Width": 14,
                                                "Actual Startup Time": 0.102,
                                                "Actual Total Time": 65.679,
                                                "Actual Rows": 345009,
                                                "Actual Loops": 4
                                              }
                                            ]
                                          }
                                        ]
                                      }
                                    ]
                                  }
                                ]
                              }
                            ]
                          },
                          {
                            "Node Type": "Hash",
                            "Parent Relationship": "Inner",
                            "Parallel Aware": false,
                            "Startup Cost": 61283.09,
                            "Total Cost": 61283.09,
                            "Plan Rows": 2528509,
                            "Plan Width": 21,
                            "Actual Startup Time": 1178.31,
                            "Actual Total Time": 1178.311,
                            "Actual Rows": 2528312,
                            "Actual Loops": 1,
                            "Hash Buckets": 4194304,
                            "Original Hash Buckets": 4194304,
                            "Hash Batches": 1,
                            "Original Hash Batches": 1,
                            "Peak Memory Usage": 168637,
                            "Plans": [
                              {
                                "Node Type": "Seq Scan",
                                "Parent Relationship": "Outer",
                                "Parallel Aware": false,
                                "Relation Name": "title",
                                "Alias": "t",
                                "Startup Cost": 0.0,
                                "Total Cost": 61283.09,
                                "Plan Rows": 2528509,
                                "Plan Width": 21,
                                "Actual Startup Time": 0.052,
                                "Actual Total Time": 378.643,
                                "Actual Rows": 2528312,
                                "Actual Loops": 1
                              }
                            ]
                          }
                        ]
                      }
                    ]
                  }
                ]
              }
            ]
          }
        ]
      }
    ]
  },
  "Planning Time": 22.92,
  "Triggers": [],
  "Execution Time": 4712.742
}