[
  {
    "Plan": {
      "Node Type": "Aggregate",
      "Strategy": "Plain",
      "Partial Mode": "Finalize",
      "Parallel Aware": false,
      "Startup Cost": 310448.5,
      "Total Cost": 310448.51,
      "Plan Rows": 1,
      "Plan Width": 8,
      "Actual Startup Time": 288.998,
      "Actual Total Time": 305.086,
      "Actual Rows": 1,
      "Actual Loops": 1,
      "Plans": [
        {
          "Node Type": "Gather",
          "Parent Relationship": "Outer",
          "Parallel Aware": false,
          "Startup Cost": 310447.88,
          "Total Cost": 310448.49,
          "Plan Rows": 6,
          "Plan Width": 8,
          "Actual Startup Time": 287.804,
          "Actual Total Time": 305.072,
          "Actual Rows": 7,
          "Actual Loops": 1,
          "Workers Planned": 6,
          "Workers Launched": 6,
          "Single Copy": false,
          "Plans": [
            {
              "Node Type": "Aggregate",
              "Strategy": "Plain",
              "Partial Mode": "Partial",
              "Parent Relationship": "Outer",
              "Parallel Aware": false,
              "Startup Cost": 309447.88,
              "Total Cost": 309447.89,
              "Plan Rows": 1,
              "Plan Width": 8,
              "Actual Startup Time": 276.787,
              "Actual Total Time": 276.79,
              "Actual Rows": 1,
              "Actual Loops": 7,
              "Plans": [
                {
                  "Node Type": "Bitmap Heap Scan",
                  "Parent Relationship": "Outer",
                  "Parallel Aware": true,
                  "Relation Name": "cast_info",
                  "Alias": "ci",
                  "Startup Cost": 50987.14,
                  "Total Cost": 308485.59,
                  "Plan Rows": 384916,
                  "Plan Width": 0,
                  "Actual Startup Time": 124.106,
                  "Actual Total Time": 253.028,
                  "Actual Rows": 319860,
                  "Actual Loops": 7,
                  "Recheck Cond": "(person_id > 3624264)",
                  "Rows Removed by Index Recheck": 0,
                  "Exact Heap Blocks": 7059,
                  "Lossy Heap Blocks": 0,
                  "Plans": [
                    {
                      "Node Type": "Bitmap Index Scan",
                      "Parent Relationship": "Outer",
                      "Parallel Aware": false,
                      "Index Name": "person_id_cast_info",
                      "Startup Cost": 0.0,
                      "Total Cost": 50409.77,
                      "Plan Rows": 2309494,
                      "Plan Width": 0,
                      "Actual Startup Time": 123.442,
                      "Actual Total Time": 123.443,
                      "Actual Rows": 2239023,
                      "Actual Loops": 1,
                      "Index Cond": "(person_id > 3624264)"
                    }
                  ]
                }
              ]
            }
          ]
        }
      ]
    },
    "Planning Time": 0.148,
    "Triggers": [],
    "Execution Time": 305.156
  }
]