[
  {
    "Plan": {
      "Node Type": "Aggregate",
      "Strategy": "Plain",
      "Partial Mode": "Simple",
      "Parallel Aware": false,
      "Startup Cost": 5145.1,
      "Total Cost": 5145.11,
      "Plan Rows": 1,
      "Plan Width": 8,
      "Actual Startup Time": 12.557,
      "Actual Total Time": 12.56,
      "Actual Rows": 1,
      "Actual Loops": 1,
      "Plans": [
        {
          "Node Type": "Nested Loop",
          "Parent Relationship": "Outer",
          "Parallel Aware": false,
          "Join Type": "Inner",
          "Startup Cost": 1.42,
          "Total Cost": 5144.61,
          "Plan Rows": 195,
          "Plan Width": 0,
          "Actual Startup Time": 10.353,
          "Actual Total Time": 12.502,
          "Actual Rows": 155,
          "Actual Loops": 1,
          "Inner Unique": false,
          "Plans": [
            {
              "Node Type": "Nested Loop",
              "Parent Relationship": "Outer",
              "Parallel Aware": false,
              "Join Type": "Inner",
              "Startup Cost": 0.99,
              "Total Cost": 5015.66,
              "Plan Rows": 189,
              "Plan Width": 8,
              "Actual Startup Time": 10.325,
              "Actual Total Time": 11.262,
              "Actual Rows": 77,
              "Actual Loops": 1,
              "Inner Unique": true,
              "Plans": [
                {
                  "Node Type": "Index Scan",
                  "Parent Relationship": "Outer",
                  "Parallel Aware": false,
                  "Scan Direction": "Forward",
                  "Index Name": "person_id_cast_info",
                  "Relation Name": "cast_info",
                  "Alias": "ci",
                  "Startup Cost": 0.56,
                  "Total Cost": 985.86,
                  "Plan Rows": 484,
                  "Plan Width": 4,
                  "Actual Startup Time": 10.282,
                  "Actual Total Time": 10.331,
                  "Actual Rows": 77,
                  "Actual Loops": 1,
                  "Index Cond": "(person_id = 1112162)",
                  "Rows Removed by Index Recheck": 0
                },
                {
                  "Node Type": "Index Scan",
                  "Parent Relationship": "Inner",
                  "Parallel Aware": false,
                  "Scan Direction": "Forward",
                  "Index Name": "title_pkey",
                  "Relation Name": "title",
                  "Alias": "t",
                  "Startup Cost": 0.43,
                  "Total Cost": 8.33,
                  "Plan Rows": 1,
                  "Plan Width": 4,
                  "Actual Startup Time": 0.011,
                  "Actual Total Time": 0.011,
                  "Actual Rows": 1,
                  "Actual Loops": 77,
                  "Index Cond": "(id = ci.movie_id)",
                  "Rows Removed by Index Recheck": 0,
                  "Filter": "(kind_id < 7)",
                  "Rows Removed by Filter": 0
                }
              ]
            },
            {
              "Node Type": "Index Only Scan",
              "Parent Relationship": "Inner",
              "Parallel Aware": false,
              "Scan Direction": "Forward",
              "Index Name": "movie_id_movie_companies",
              "Relation Name": "movie_companies",
              "Alias": "mc",
              "Startup Cost": 0.43,
              "Total Cost": 0.63,
              "Plan Rows": 5,
              "Plan Width": 4,
              "Actual Startup Time": 0.011,
              "Actual Total Time": 0.015,
              "Actual Rows": 2,
              "Actual Loops": 77,
              "Index Cond": "(movie_id = t.id)",
              "Rows Removed by Index Recheck": 0,
              "Heap Fetches": 155
            }
          ]
        }
      ]
    },
    "Planning Time": 1.445,
    "Triggers": [],
    "Execution Time": 12.636
  }
]