[
    {
        "Bao": {
            "Bao prediction": "NaN",
            "Bao recommended hint": "(no hint)"
        }
    },
    {
        "Plan": {
            "Node Type": "Aggregate",
            "Strategy": "Plain",
            "Partial Mode": "Simple",
            "Parallel Aware": false,
            "Startup Cost": 21100.1,
            "Total Cost": 21100.11,
            "Plan Rows": 1,
            "Plan Width": 8,
            "Actual Startup Time": 21.135,
            "Actual Total Time": 21.137,
            "Actual Rows": 1,
            "Actual Loops": 1,
            "Output": [
                "count(*)"
            ],
            "Plans": [
                {
                    "Node Type": "Bitmap Heap Scan",
                    "Parent Relationship": "Outer",
                    "Parallel Aware": false,
                    "Relation Name": "movie_companies",
                    "Schema": "public",
                    "Alias": "mc",
                    "Startup Cost": 1317.59,
                    "Total Cost": 21022.37,
                    "Plan Rows": 31092,
                    "Plan Width": 0,
                    "Actual Startup Time": 2.83,
                    "Actual Total Time": 17.911,
                    "Actual Rows": 63087,
                    "Actual Loops": 1,
                    "Recheck Cond": "(mc.company_id > 181567)",
                    "Rows Removed by Index Recheck": 0,
                    "Filter": "(mc.company_type_id = 2)",
                    "Rows Removed by Filter": 0,
                    "Exact Heap Blocks": 2244,
                    "Lossy Heap Blocks": 0,
                    "Plans": [
                        {
                            "Node Type": "Bitmap Index Scan",
                            "Parent Relationship": "Outer",
                            "Parallel Aware": false,
                            "Index Name": "company_id_movie_companies",
                            "Startup Cost": 0.0,
                            "Total Cost": 1309.82,
                            "Plan Rows": 60985,
                            "Plan Width": 0,
                            "Actual Startup Time": 2.571,
                            "Actual Total Time": 2.571,
                            "Actual Rows": 63087,
                            "Actual Loops": 1,
                            "Index Cond": "(mc.company_id > 181567)"
                        }
                    ]
                }
            ]
        },
        "Planning Time": 269.264,
        "Triggers": [],
        "Execution Time": 21.185
    }
]