{
  "Plan": {
    "Node Type": "Aggregate",
    "Strategy": "Plain",
    "Partial Mode": "Finalize",
    "Parallel Aware": false,
    "Startup Cost": 1031450.68,
    "Total Cost": 1031450.69,
    "Plan Rows": 1,
    "Plan Width": 8,
    "Actual Startup Time": 18137.069,
    "Actual Total Time": 18313.729,
    "Actual Rows": 1,
    "Actual Loops": 1,
    "Plans": [
      {
        "Node Type": "Gather",
        "Parent Relationship": "Outer",
        "Parallel Aware": false,
        "Startup Cost": 1031450.56,
        "Total Cost": 1031450.67,
        "Plan Rows": 1,
        "Plan Width": 8,
        "Actual Startup Time": 18110.862,
        "Actual Total Time": 18313.719,
        "Actual Rows": 2,
        "Actual Loops": 1,
        "Workers Planned": 1,
        "Workers Launched": 1,
        "Single Copy": false,
        "Plans": [
          {
            "Node Type": "Aggregate",
            "Strategy": "Plain",
            "Partial Mode": "Partial",
            "Parent Relationship": "Outer",
            "Parallel Aware": false,
            "Startup Cost": 1030450.56,
            "Total Cost": 1030450.57,
            "Plan Rows": 1,
            "Plan Width": 8,
            "Actual Startup Time": 18062.536,
            "Actual Total Time": 18062.547,
            "Actual Rows": 1,
            "Actual Loops": 2,
            "Plans": [
              {
                "Node Type": "Hash Join",
                "Parent Relationship": "Outer",
                "Parallel Aware": true,
                "Join Type": "Inner",
                "Startup Cost": 805081.32,
                "Total Cost": 990988.84,
                "Plan Rows": 15784689,
                "Plan Width": 0,
                "Actual Startup Time": 11508.732,
                "Actual Total Time": 16046.909,
                "Actual Rows": 51410172,
                "Actual Loops": 2,
                "Inner Unique": false,
                "Hash Cond": "(mk.movie_id = t.id)",
                "Plans": [
                  {
                    "Node Type": "Seq Scan",
                    "Parent Relationship": "Outer",
                    "Parallel Aware": true,
                    "Relation Name": "movie_keyword",
                    "Alias": "mk",
                    "Startup Cost": 0.0,
                    "Total Cost": 57718.19,
                    "Plan Rows": 2174659,
                    "Plan Width": 4,
                    "Actual Startup Time": 0.084,
                    "Actual Total Time": 219.362,
                    "Actual Rows": 1842993,
                    "Actual Loops": 2,
                    "Filter": "(keyword_id > 797)",
                    "Rows Removed by Filter": 418972
                  },
                  {
                    "Node Type": "Hash",
                    "Parent Relationship": "Inner",
                    "Parallel Aware": true,
                    "Startup Cost": 670143.6,
                    "Total Cost": 670143.6,
                    "Plan Rows": 10795018,
                    "Plan Width": 8,
                    "Actual Startup Time": 11406.165,
                    "Actual Total Time": 11406.173,
                    "Actual Rows": 10620156,
                    "Actual Loops": 2,
                    "Hash Buckets": 33554432,
                    "Original Hash Buckets": 33554432,
                    "Hash Batches": 1,
                    "Original Hash Batches": 1,
                    "Peak Memory Usage": 1093088,
                    "Plans": [
                      {
                        "Node Type": "Hash Join",
                        "Parent Relationship": "Outer",
                        "Parallel Aware": true,
                        "Join Type": "Inner",
                        "Startup Cost": 69460.7,
                        "Total Cost": 670143.6,
                        "Plan Rows": 10795018,
                        "Plan Width": 8,
                        "Actual Startup Time": 1089.771,
                        "Actual Total Time": 7526.263,
                        "Actual Rows": 10620156,
                        "Actual Loops": 2,
                        "Inner Unique": true,
                        "Hash Cond": "(ci.movie_id = t.id)",
                        "Plans": [
                          {
                            "Node Type": "Seq Scan",
                            "Parent Relationship": "Outer",
                            "Parallel Aware": true,
                            "Relation Name": "cast_info",
                            "Alias": "ci",
                            "Startup Cost": 0.0,
                            "Total Cost": 572345.93,
                            "Plan Rows": 10795018,
                            "Plan Width": 4,
                            "Actual Startup Time": 533.169,
                            "Actual Total Time": 2019.261,
                            "Actual Rows": 10620156,
                            "Actual Loops": 2,
                            "Filter": "((person_id > 821757) AND (role_id > 1))",
                            "Rows Removed by Filter": 7502016
                          },
                          {
                            "Node Type": "Hash",
                            "Parent Relationship": "Inner",
                            "Parallel Aware": true,
                            "Startup Cost": 50870.31,
                            "Total Cost": 50870.31,
                            "Plan Rows": 1487231,
                            "Plan Width": 4,
                            "Actual Startup Time": 545.219,
                            "Actual Total Time": 545.221,
                            "Actual Rows": 1264156,
                            "Actual Loops": 2,
                            "Hash Buckets": 4194304,
                            "Original Hash Buckets": 4194304,
                            "Hash Batches": 1,
                            "Original Hash Batches": 1,
                            "Peak Memory Usage": 131712,
                            "Plans": [
                              {
                                "Node Type": "Seq Scan",
                                "Parent Relationship": "Outer",
                                "Parallel Aware": true,
                                "Relation Name": "title",
                                "Alias": "t",
                                "Startup Cost": 0.0,
                                "Total Cost": 50870.31,
                                "Plan Rows": 1487231,
                                "Plan Width": 4,
                                "Actual Startup Time": 0.051,
                                "Actual Total Time": 157.109,
                                "Actual Rows": 1264156,
                                "Actual Loops": 2
                              }
                            ]
                          }
                        ]
                      }
                    ]
                  }
                ]
              }
            ]
          }
        ]
      }
    ]
  },
  "Planning Time": 0.952,
  "Triggers": [],
  "Execution Time": 18313.83
}