{
    "Plan": {
        "Node Type": "Aggregate",
        "Strategy": "Plain",
        "Partial Mode": "Finalize",
        "Parallel Aware": false,
        "Startup Cost": 249519.2,
        "Total Cost": 249519.21,
        "Plan Rows": 1,
        "Plan Width": 8,
        "Actual Startup Time": 715.875,
        "Actual Total Time": 744.363,
        "Actual Rows": 1,
        "Actual Loops": 1,
        "Output": [
            "count(*)"
        ],
        "Plans": [
            {
                "Node Type": "Gather",
                "Parent Relationship": "Outer",
                "Parallel Aware": false,
                "Startup Cost": 249518.58,
                "Total Cost": 249519.19,
                "Plan Rows": 6,
                "Plan Width": 8,
                "Actual Startup Time": 711.001,
                "Actual Total Time": 744.352,
                "Actual Rows": 7,
                "Actual Loops": 1,
                "Output": [
                    "(PARTIAL count(*))"
                ],
                "Workers Planned": 6,
                "Workers Launched": 6,
                "Single Copy": false,
                "Plans": [
                    {
                        "Node Type": "Aggregate",
                        "Strategy": "Plain",
                        "Partial Mode": "Partial",
                        "Parent Relationship": "Outer",
                        "Parallel Aware": false,
                        "Startup Cost": 248518.58,
                        "Total Cost": 248518.59,
                        "Plan Rows": 1,
                        "Plan Width": 8,
                        "Actual Startup Time": 699.908,
                        "Actual Total Time": 699.911,
                        "Actual Rows": 1,
                        "Actual Loops": 7,
                        "Output": [
                            "PARTIAL count(*)"
                        ],
                        "Workers": [
                            {
                                "Worker Number": 0,
                                "Actual Startup Time": 697.405,
                                "Actual Total Time": 697.409,
                                "Actual Rows": 1,
                                "Actual Loops": 1
                            },
                            {
                                "Worker Number": 1,
                                "Actual Startup Time": 697.898,
                                "Actual Total Time": 697.9,
                                "Actual Rows": 1,
                                "Actual Loops": 1
                            },
                            {
                                "Worker Number": 2,
                                "Actual Startup Time": 698.206,
                                "Actual Total Time": 698.208,
                                "Actual Rows": 1,
                                "Actual Loops": 1
                            },
                            {
                                "Worker Number": 3,
                                "Actual Startup Time": 697.833,
                                "Actual Total Time": 697.836,
                                "Actual Rows": 1,
                                "Actual Loops": 1
                            },
                            {
                                "Worker Number": 4,
                                "Actual Startup Time": 698.564,
                                "Actual Total Time": 698.567,
                                "Actual Rows": 1,
                                "Actual Loops": 1
                            },
                            {
                                "Worker Number": 5,
                                "Actual Startup Time": 699.342,
                                "Actual Total Time": 699.345,
                                "Actual Rows": 1,
                                "Actual Loops": 1
                            }
                        ],
                        "Plans": [
                            {
                                "Node Type": "Hash Join",
                                "Parent Relationship": "Outer",
                                "Parallel Aware": true,
                                "Join Type": "Inner",
                                "Startup Cost": 46963.66,
                                "Total Cost": 247933.51,
                                "Plan Rows": 234028,
                                "Plan Width": 0,
                                "Actual Startup Time": 117.479,
                                "Actual Total Time": 687.687,
                                "Actual Rows": 203204,
                                "Actual Loops": 7,
                                "Inner Unique": true,
                                "Hash Cond": "(ci.movie_id = t.id)",
                                "Workers": [
                                    {
                                        "Worker Number": 0,
                                        "Actual Startup Time": 115.177,
                                        "Actual Total Time": 685.185,
                                        "Actual Rows": 177040,
                                        "Actual Loops": 1
                                    },
                                    {
                                        "Worker Number": 1,
                                        "Actual Startup Time": 115.694,
                                        "Actual Total Time": 685.615,
                                        "Actual Rows": 176508,
                                        "Actual Loops": 1
                                    },
                                    {
                                        "Worker Number": 2,
                                        "Actual Startup Time": 116.219,
                                        "Actual Total Time": 685.458,
                                        "Actual Rows": 185793,
                                        "Actual Loops": 1
                                    },
                                    {
                                        "Worker Number": 3,
                                        "Actual Startup Time": 115.31,
                                        "Actual Total Time": 687.286,
                                        "Actual Rows": 240084,
                                        "Actual Loops": 1
                                    },
                                    {
                                        "Worker Number": 4,
                                        "Actual Startup Time": 116.047,
                                        "Actual Total Time": 686.35,
                                        "Actual Rows": 179082,
                                        "Actual Loops": 1
                                    },
                                    {
                                        "Worker Number": 5,
                                        "Actual Startup Time": 116.403,
                                        "Actual Total Time": 688.499,
                                        "Actual Rows": 246008,
                                        "Actual Loops": 1
                                    }
                                ],
                                "Plans": [
                                    {
                                        "Node Type": "Index Scan",
                                        "Parent Relationship": "Outer",
                                        "Parallel Aware": true,
                                        "Scan Direction": "Forward",
                                        "Index Name": "role_id_cast_info",
                                        "Relation Name": "cast_info",
                                        "Schema": "public",
                                        "Alias": "ci",
                                        "Startup Cost": 0.56,
                                        "Total Cost": 197699.43,
                                        "Plan Rows": 1246088,
                                        "Plan Width": 4,
                                        "Actual Startup Time": 0.27,
                                        "Actual Total Time": 258.06,
                                        "Actual Rows": 1064568,
                                        "Actual Loops": 7,
                                        "Output": [
                                            "ci.id",
                                            "ci.person_id",
                                            "ci.movie_id",
                                            "ci.person_role_id",
                                            "ci.note",
                                            "ci.nr_order",
                                            "ci.role_id"
                                        ],
                                        "Index Cond": "(ci.role_id = 2)",
                                        "Rows Removed by Index Recheck": 0,
                                        "Workers": [
                                            {
                                                "Worker Number": 0,
                                                "Actual Startup Time": 0.134,
                                                "Actual Total Time": 264.569,
                                                "Actual Rows": 921181,
                                                "Actual Loops": 1
                                            },
                                            {
                                                "Worker Number": 1,
                                                "Actual Startup Time": 0.195,
                                                "Actual Total Time": 265.948,
                                                "Actual Rows": 932341,
                                                "Actual Loops": 1
                                            },
                                            {
                                                "Worker Number": 2,
                                                "Actual Startup Time": 0.398,
                                                "Actual Total Time": 268.011,
                                                "Actual Rows": 951210,
                                                "Actual Loops": 1
                                            },
                                            {
                                                "Worker Number": 3,
                                                "Actual Startup Time": 0.274,
                                                "Actual Total Time": 254.138,
                                                "Actual Rows": 1286220,
                                                "Actual Loops": 1
                                            },
                                            {
                                                "Worker Number": 4,
                                                "Actual Startup Time": 0.33,
                                                "Actual Total Time": 265.808,
                                                "Actual Rows": 935611,
                                                "Actual Loops": 1
                                            },
                                            {
                                                "Worker Number": 5,
                                                "Actual Startup Time": 0.227,
                                                "Actual Total Time": 255.192,
                                                "Actual Rows": 1299090,
                                                "Actual Loops": 1
                                            }
                                        ]
                                    },
                                    {
                                        "Node Type": "Hash",
                                        "Parent Relationship": "Inner",
                                        "Parallel Aware": true,
                                        "Startup Cost": 45479.21,
                                        "Total Cost": 45479.21,
                                        "Plan Rows": 118711,
                                        "Plan Width": 4,
                                        "Actual Startup Time": 114.649,
                                        "Actual Total Time": 114.65,
                                        "Actual Rows": 70861,
                                        "Actual Loops": 7,
                                        "Output": [
                                            "t.id"
                                        ],
                                        "Hash Buckets": 524288,
                                        "Original Hash Buckets": 524288,
                                        "Hash Batches": 1,
                                        "Original Hash Batches": 1,
                                        "Peak Memory Usage": 23616,
                                        "Workers": [
                                            {
                                                "Worker Number": 0,
                                                "Actual Startup Time": 113.884,
                                                "Actual Total Time": 113.885,
                                                "Actual Rows": 61223,
                                                "Actual Loops": 1
                                            },
                                            {
                                                "Worker Number": 1,
                                                "Actual Startup Time": 114.44,
                                                "Actual Total Time": 114.441,
                                                "Actual Rows": 62366,
                                                "Actual Loops": 1
                                            },
                                            {
                                                "Worker Number": 2,
                                                "Actual Startup Time": 114.795,
                                                "Actual Total Time": 114.796,
                                                "Actual Rows": 63104,
                                                "Actual Loops": 1
                                            },
                                            {
                                                "Worker Number": 3,
                                                "Actual Startup Time": 114.55,
                                                "Actual Total Time": 114.551,
                                                "Actual Rows": 85822,
                                                "Actual Loops": 1
                                            },
                                            {
                                                "Worker Number": 4,
                                                "Actual Startup Time": 115.214,
                                                "Actual Total Time": 115.215,
                                                "Actual Rows": 62395,
                                                "Actual Loops": 1
                                            },
                                            {
                                                "Worker Number": 5,
                                                "Actual Startup Time": 115.524,
                                                "Actual Total Time": 115.525,
                                                "Actual Rows": 85573,
                                                "Actual Loops": 1
                                            }
                                        ],
                                        "Plans": [
                                            {
                                                "Node Type": "Seq Scan",
                                                "Parent Relationship": "Outer",
                                                "Parallel Aware": true,
                                                "Relation Name": "title",
                                                "Schema": "public",
                                                "Alias": "t",
                                                "Startup Cost": 0.0,
                                                "Total Cost": 45479.21,
                                                "Plan Rows": 118711,
                                                "Plan Width": 4,
                                                "Actual Startup Time": 50.493,
                                                "Actual Total Time": 84.084,
                                                "Actual Rows": 70861,
                                                "Actual Loops": 7,
                                                "Output": [
                                                    "t.id"
                                                ],
                                                "Filter": "((t.production_year < 2009) AND (t.kind_id = 1))",
                                                "Rows Removed by Filter": 290327,
                                                "Workers": [
                                                    {
                                                        "Worker Number": 0,
                                                        "Actual Startup Time": 50.802,
                                                        "Actual Total Time": 84.992,
                                                        "Actual Rows": 61223,
                                                        "Actual Loops": 1
                                                    },
                                                    {
                                                        "Worker Number": 1,
                                                        "Actual Startup Time": 50.26,
                                                        "Actual Total Time": 85.077,
                                                        "Actual Rows": 62366,
                                                        "Actual Loops": 1
                                                    },
                                                    {
                                                        "Worker Number": 2,
                                                        "Actual Startup Time": 50.609,
                                                        "Actual Total Time": 84.789,
                                                        "Actual Rows": 63104,
                                                        "Actual Loops": 1
                                                    },
                                                    {
                                                        "Worker Number": 3,
                                                        "Actual Startup Time": 50.353,
                                                        "Actual Total Time": 83.994,
                                                        "Actual Rows": 85822,
                                                        "Actual Loops": 1
                                                    },
                                                    {
                                                        "Worker Number": 4,
                                                        "Actual Startup Time": 50.382,
                                                        "Actual Total Time": 84.7,
                                                        "Actual Rows": 62395,
                                                        "Actual Loops": 1
                                                    },
                                                    {
                                                        "Worker Number": 5,
                                                        "Actual Startup Time": 50.438,
                                                        "Actual Total Time": 83.753,
                                                        "Actual Rows": 85573,
                                                        "Actual Loops": 1
                                                    }
                                                ]
                                            }
                                        ]
                                    }
                                ]
                            }
                        ]
                    }
                ]
            }
        ]
    },
    "Planning Time": 0.824,
    "Triggers": [],
    "Execution Time": 744.451
}