{
  "Plan": {
    "Node Type": "Aggregate",
    "Strategy": "Plain",
    "Partial Mode": "Finalize",
    "Parallel Aware": false,
    "Startup Cost": 137600.62,
    "Total Cost": 137600.63,
    "Plan Rows": 1,
    "Plan Width": 8,
    "Actual Startup Time": 760.056,
    "Actual Total Time": 779.354,
    "Actual Rows": 1,
    "Actual Loops": 1,
    "Plans": [
      {
        "Node Type": "Gather",
        "Parent Relationship": "Outer",
        "Parallel Aware": false,
        "Startup Cost": 137600.51,
        "Total Cost": 137600.62,
        "Plan Rows": 1,
        "Plan Width": 8,
        "Actual Startup Time": 755.138,
        "Actual Total Time": 779.347,
        "Actual Rows": 2,
        "Actual Loops": 1,
        "Workers Planned": 1,
        "Workers Launched": 1,
        "Single Copy": false,
        "Plans": [
          {
            "Node Type": "Aggregate",
            "Strategy": "Plain",
            "Partial Mode": "Partial",
            "Parent Relationship": "Outer",
            "Parallel Aware": false,
            "Startup Cost": 136600.51,
            "Total Cost": 136600.52,
            "Plan Rows": 1,
            "Plan Width": 8,
            "Actual Startup Time": 748.664,
            "Actual Total Time": 748.67,
            "Actual Rows": 1,
            "Actual Loops": 2,
            "Plans": [
              {
                "Node Type": "Hash Join",
                "Parent Relationship": "Outer",
                "Parallel Aware": true,
                "Join Type": "Inner",
                "Startup Cost": 104579.69,
                "Total Cost": 136270.71,
                "Plan Rows": 131922,
                "Plan Width": 0,
                "Actual Startup Time": 623.243,
                "Actual Total Time": 744.096,
                "Actual Rows": 84048,
                "Actual Loops": 2,
                "Inner Unique": false,
                "Hash Cond": "(mk.movie_id = t.id)",
                "Plans": [
                  {
                    "Node Type": "Bitmap Heap Scan",
                    "Parent Relationship": "Outer",
                    "Parallel Aware": true,
                    "Relation Name": "movie_keyword",
                    "Alias": "mk",
                    "Startup Cost": 14338.82,
                    "Total Cost": 43762.83,
                    "Plan Rows": 397601,
                    "Plan Width": 4,
                    "Actual Startup Time": 44.18,
                    "Actual Total Time": 116.932,
                    "Actual Rows": 332006,
                    "Actual Loops": 2,
                    "Recheck Cond": "(keyword_id > 28277)",
                    "Rows Removed by Index Recheck": 0,
                    "Exact Heap Blocks": 12292,
                    "Lossy Heap Blocks": 0,
                    "Plans": [
                      {
                        "Node Type": "Bitmap Index Scan",
                        "Parent Relationship": "Outer",
                        "Parallel Aware": false,
                        "Index Name": "keyword_id_movie_keyword",
                        "Startup Cost": 0.0,
                        "Total Cost": 14169.84,
                        "Plan Rows": 675921,
                        "Plan Width": 0,
                        "Actual Startup Time": 40.669,
                        "Actual Total Time": 40.67,
                        "Actual Rows": 664012,
                        "Actual Loops": 1,
                        "Index Cond": "(keyword_id > 28277)"
                      }
                    ]
                  },
                  {
                    "Node Type": "Hash",
                    "Parent Relationship": "Inner",
                    "Parallel Aware": true,
                    "Startup Cost": 84072.65,
                    "Total Cost": 84072.65,
                    "Plan Rows": 493457,
                    "Plan Width": 8,
                    "Actual Startup Time": 570.07,
                    "Actual Total Time": 570.074,
                    "Actual Rows": 212859,
                    "Actual Loops": 2,
                    "Hash Buckets": 1048576,
                    "Original Hash Buckets": 1048576,
                    "Hash Batches": 1,
                    "Original Hash Batches": 1,
                    "Peak Memory Usage": 24896,
                    "Plans": [
                      {
                        "Node Type": "Hash Join",
                        "Parent Relationship": "Outer",
                        "Parallel Aware": true,
                        "Join Type": "Inner",
                        "Startup Cost": 65888.86,
                        "Total Cost": 84072.65,
                        "Plan Rows": 493457,
                        "Plan Width": 8,
                        "Actual Startup Time": 356.898,
                        "Actual Total Time": 527.005,
                        "Actual Rows": 212859,
                        "Actual Loops": 2,
                        "Inner Unique": true,
                        "Hash Cond": "(mi_idx.movie_id = t.id)",
                        "Plans": [
                          {
                            "Node Type": "Seq Scan",
                            "Parent Relationship": "Outer",
                            "Parallel Aware": true,
                            "Relation Name": "movie_info_idx",
                            "Alias": "mi_idx",
                            "Startup Cost": 0.0,
                            "Total Cost": 16052.85,
                            "Plan Rows": 811785,
                            "Plan Width": 4,
                            "Actual Startup Time": 0.018,
                            "Actual Total Time": 48.393,
                            "Actual Rows": 690018,
                            "Actual Loops": 2
                          },
                          {
                            "Node Type": "Hash",
                            "Parent Relationship": "Inner",
                            "Parallel Aware": true,
                            "Startup Cost": 54588.39,
                            "Total Cost": 54588.39,
                            "Plan Rows": 904038,
                            "Plan Width": 4,
                            "Actual Startup Time": 347.35,
                            "Actual Total Time": 347.351,
                            "Actual Rows": 771632,
                            "Actual Loops": 2,
                            "Hash Buckets": 2097152,
                            "Original Hash Buckets": 2097152,
                            "Hash Batches": 1,
                            "Original Hash Batches": 1,
                            "Peak Memory Usage": 76800,
                            "Plans": [
                              {
                                "Node Type": "Seq Scan",
                                "Parent Relationship": "Outer",
                                "Parallel Aware": true,
                                "Relation Name": "title",
                                "Alias": "t",
                                "Startup Cost": 0.0,
                                "Total Cost": 54588.39,
                                "Plan Rows": 904038,
                                "Plan Width": 4,
                                "Actual Startup Time": 0.033,
                                "Actual Total Time": 154.623,
                                "Actual Rows": 771632,
                                "Actual Loops": 2,
                                "Filter": "(kind_id = 7)",
                                "Rows Removed by Filter": 492524
                              }
                            ]
                          }
                        ]
                      }
                    ]
                  }
                ]
              }
            ]
          }
        ]
      }
    ]
  },
  "Planning Time": 1.16,
  "Triggers": [],
  "Execution Time": 779.455
}