{
  "Plan": {
    "Node Type": "Aggregate",
    "Strategy": "Plain",
    "Partial Mode": "Finalize",
    "Parallel Aware": false,
    "Startup Cost": 392725.18,
    "Total Cost": 392725.19,
    "Plan Rows": 1,
    "Plan Width": 8,
    "Actual Startup Time": 7475.295,
    "Actual Total Time": 7553.572,
    "Actual Rows": 1,
    "Actual Loops": 1,
    "Plans": [
      {
        "Node Type": "Gather",
        "Parent Relationship": "Outer",
        "Parallel Aware": false,
        "Startup Cost": 392725.06,
        "Total Cost": 392725.17,
        "Plan Rows": 1,
        "Plan Width": 8,
        "Actual Startup Time": 7473.532,
        "Actual Total Time": 7553.563,
        "Actual Rows": 2,
        "Actual Loops": 1,
        "Workers Planned": 1,
        "Workers Launched": 1,
        "Single Copy": false,
        "Plans": [
          {
            "Node Type": "Aggregate",
            "Strategy": "Plain",
            "Partial Mode": "Partial",
            "Parent Relationship": "Outer",
            "Parallel Aware": false,
            "Startup Cost": 391725.06,
            "Total Cost": 391725.07,
            "Plan Rows": 1,
            "Plan Width": 8,
            "Actual Startup Time": 7467.611,
            "Actual Total Time": 7467.616,
            "Actual Rows": 1,
            "Actual Loops": 2,
            "Plans": [
              {
                "Node Type": "Nested Loop",
                "Parent Relationship": "Outer",
                "Parallel Aware": false,
                "Join Type": "Inner",
                "Startup Cost": 56168.29,
                "Total Cost": 388394.24,
                "Plan Rows": 1332331,
                "Plan Width": 0,
                "Actual Startup Time": 192.984,
                "Actual Total Time": 6934.062,
                "Actual Rows": 12706279,
                "Actual Loops": 2,
                "Inner Unique": false,
                "Join Filter": "(t.id = ci.movie_id)",
                "Rows Removed by Join Filter": 0,
                "Plans": [
                  {
                    "Node Type": "Hash Join",
                    "Parent Relationship": "Outer",
                    "Parallel Aware": true,
                    "Join Type": "Inner",
                    "Startup Cost": 56167.72,
                    "Total Cost": 115766.65,
                    "Plan Rows": 92981,
                    "Plan Width": 8,
                    "Actual Startup Time": 192.891,
                    "Actual Total Time": 456.309,
                    "Actual Rows": 268262,
                    "Actual Loops": 2,
                    "Inner Unique": true,
                    "Hash Cond": "(mk.movie_id = t.id)",
                    "Plans": [
                      {
                        "Node Type": "Seq Scan",
                        "Parent Relationship": "Outer",
                        "Parallel Aware": true,
                        "Relation Name": "movie_keyword",
                        "Alias": "mk",
                        "Startup Cost": 0.0,
                        "Total Cost": 57718.19,
                        "Plan Rows": 716472,
                        "Plan Width": 4,
                        "Actual Startup Time": 0.016,
                        "Actual Total Time": 174.038,
                        "Actual Rows": 612876,
                        "Actual Loops": 2,
                        "Filter": "(keyword_id < 1556)",
                        "Rows Removed by Filter": 1649088
                      },
                      {
                        "Node Type": "Hash",
                        "Parent Relationship": "Inner",
                        "Parallel Aware": true,
                        "Startup Cost": 53755.14,
                        "Total Cost": 53755.14,
                        "Plan Rows": 193007,
                        "Plan Width": 4,
                        "Actual Startup Time": 143.418,
                        "Actual Total Time": 143.42,
                        "Actual Rows": 205761,
                        "Actual Loops": 2,
                        "Hash Buckets": 524288,
                        "Original Hash Buckets": 524288,
                        "Hash Batches": 1,
                        "Original Hash Batches": 1,
                        "Peak Memory Usage": 20224,
                        "Plans": [
                          {
                            "Node Type": "Bitmap Heap Scan",
                            "Parent Relationship": "Outer",
                            "Parallel Aware": true,
                            "Relation Name": "title",
                            "Alias": "t",
                            "Startup Cost": 11904.88,
                            "Total Cost": 53755.14,
                            "Plan Rows": 193007,
                            "Plan Width": 4,
                            "Actual Startup Time": 34.019,
                            "Actual Total Time": 100.787,
                            "Actual Rows": 205761,
                            "Actual Loops": 2,
                            "Recheck Cond": "(kind_id = 1)",
                            "Rows Removed by Index Recheck": 0,
                            "Filter": "(production_year < 2004)",
                            "Rows Removed by Filter": 125652,
                            "Exact Heap Blocks": 8046,
                            "Lossy Heap Blocks": 0,
                            "Plans": [
                              {
                                "Node Type": "Bitmap Index Scan",
                                "Parent Relationship": "Outer",
                                "Parallel Aware": false,
                                "Index Name": "kind_id_title",
                                "Startup Cost": 0.0,
                                "Total Cost": 11822.85,
                                "Plan Rows": 663256,
                                "Plan Width": 0,
                                "Actual Startup Time": 32.782,
                                "Actual Total Time": 32.782,
                                "Actual Rows": 662825,
                                "Actual Loops": 1,
                                "Index Cond": "(kind_id = 1)"
                              }
                            ]
                          }
                        ]
                      }
                    ]
                  },
                  {
                    "Node Type": "Index Only Scan",
                    "Parent Relationship": "Inner",
                    "Parallel Aware": false,
                    "Scan Direction": "Forward",
                    "Index Name": "movie_id_cast_info",
                    "Relation Name": "cast_info",
                    "Alias": "ci",
                    "Startup Cost": 0.56,
                    "Total Cost": 2.47,
                    "Plan Rows": 37,
                    "Plan Width": 4,
                    "Actual Startup Time": 0.003,
                    "Actual Total Time": 0.02,
                    "Actual Rows": 47,
                    "Actual Loops": 536524,
                    "Index Cond": "(movie_id = mk.movie_id)",
                    "Rows Removed by Index Recheck": 0,
                    "Heap Fetches": 25412558
                  }
                ]
              }
            ]
          }
        ]
      }
    ]
  },
  "Planning Time": 0.974,
  "Triggers": [],
  "Execution Time": 7553.699
}