{
    "Plan": {
        "Node Type": "Aggregate",
        "Strategy": "Plain",
        "Partial Mode": "Finalize",
        "Parallel Aware": false,
        "Startup Cost": 619044.11,
        "Total Cost": 619044.12,
        "Plan Rows": 1,
        "Plan Width": 8,
        "Actual Startup Time": 3801.564,
        "Actual Total Time": 3874.33,
        "Actual Rows": 1,
        "Actual Loops": 1,
        "Output": [
            "count(*)"
        ],
        "Plans": [
            {
                "Node Type": "Gather",
                "Parent Relationship": "Outer",
                "Parallel Aware": false,
                "Startup Cost": 619043.48,
                "Total Cost": 619044.09,
                "Plan Rows": 6,
                "Plan Width": 8,
                "Actual Startup Time": 3781.422,
                "Actual Total Time": 3874.316,
                "Actual Rows": 7,
                "Actual Loops": 1,
                "Output": [
                    "(PARTIAL count(*))"
                ],
                "Workers Planned": 6,
                "Workers Launched": 6,
                "Single Copy": false,
                "Plans": [
                    {
                        "Node Type": "Aggregate",
                        "Strategy": "Plain",
                        "Partial Mode": "Partial",
                        "Parent Relationship": "Outer",
                        "Parallel Aware": false,
                        "Startup Cost": 618043.48,
                        "Total Cost": 618043.49,
                        "Plan Rows": 1,
                        "Plan Width": 8,
                        "Actual Startup Time": 3767.828,
                        "Actual Total Time": 3768.084,
                        "Actual Rows": 1,
                        "Actual Loops": 7,
                        "Output": [
                            "PARTIAL count(*)"
                        ],
                        "Workers": [
                            {
                                "Worker Number": 0,
                                "Actual Startup Time": 3765.348,
                                "Actual Total Time": 3765.353,
                                "Actual Rows": 1,
                                "Actual Loops": 1
                            },
                            {
                                "Worker Number": 1,
                                "Actual Startup Time": 3765.334,
                                "Actual Total Time": 3765.337,
                                "Actual Rows": 1,
                                "Actual Loops": 1
                            },
                            {
                                "Worker Number": 2,
                                "Actual Startup Time": 3765.55,
                                "Actual Total Time": 3765.555,
                                "Actual Rows": 1,
                                "Actual Loops": 1
                            },
                            {
                                "Worker Number": 3,
                                "Actual Startup Time": 3765.413,
                                "Actual Total Time": 3765.417,
                                "Actual Rows": 1,
                                "Actual Loops": 1
                            },
                            {
                                "Worker Number": 4,
                                "Actual Startup Time": 3767.139,
                                "Actual Total Time": 3767.144,
                                "Actual Rows": 1,
                                "Actual Loops": 1
                            },
                            {
                                "Worker Number": 5,
                                "Actual Startup Time": 3765.654,
                                "Actual Total Time": 3765.659,
                                "Actual Rows": 1,
                                "Actual Loops": 1
                            }
                        ],
                        "Plans": [
                            {
                                "Node Type": "Hash Join",
                                "Parent Relationship": "Outer",
                                "Parallel Aware": true,
                                "Join Type": "Inner",
                                "Startup Cost": 253138.45,
                                "Total Cost": 610137.8,
                                "Plan Rows": 3162274,
                                "Plan Width": 0,
                                "Actual Startup Time": 1031.017,
                                "Actual Total Time": 3616.766,
                                "Actual Rows": 3273149,
                                "Actual Loops": 7,
                                "Inner Unique": false,
                                "Hash Cond": "(ci.movie_id = t.id)",
                                "Workers": [
                                    {
                                        "Worker Number": 0,
                                        "Actual Startup Time": 1028.808,
                                        "Actual Total Time": 3616.052,
                                        "Actual Rows": 2597484,
                                        "Actual Loops": 1
                                    },
                                    {
                                        "Worker Number": 1,
                                        "Actual Startup Time": 1028.728,
                                        "Actual Total Time": 3604.734,
                                        "Actual Rows": 2948432,
                                        "Actual Loops": 1
                                    },
                                    {
                                        "Worker Number": 2,
                                        "Actual Startup Time": 1028.948,
                                        "Actual Total Time": 3621.972,
                                        "Actual Rows": 3465563,
                                        "Actual Loops": 1
                                    },
                                    {
                                        "Worker Number": 3,
                                        "Actual Startup Time": 1028.772,
                                        "Actual Total Time": 3622.261,
                                        "Actual Rows": 3686740,
                                        "Actual Loops": 1
                                    },
                                    {
                                        "Worker Number": 4,
                                        "Actual Startup Time": 1028.976,
                                        "Actual Total Time": 3602.225,
                                        "Actual Rows": 2655894,
                                        "Actual Loops": 1
                                    },
                                    {
                                        "Worker Number": 5,
                                        "Actual Startup Time": 1029.105,
                                        "Actual Total Time": 3624.811,
                                        "Actual Rows": 3630418,
                                        "Actual Loops": 1
                                    }
                                ],
                                "Plans": [
                                    {
                                        "Node Type": "Seq Scan",
                                        "Parent Relationship": "Outer",
                                        "Parallel Aware": true,
                                        "Relation Name": "cast_info",
                                        "Schema": "public",
                                        "Alias": "ci",
                                        "Startup Cost": 0.0,
                                        "Total Cost": 328213.62,
                                        "Plan Rows": 5989648,
                                        "Plan Width": 4,
                                        "Actual Startup Time": 4.412,
                                        "Actual Total Time": 719.675,
                                        "Actual Rows": 5132246,
                                        "Actual Loops": 7,
                                        "Output": [
                                            "ci.id",
                                            "ci.person_id",
                                            "ci.movie_id",
                                            "ci.person_role_id",
                                            "ci.note",
                                            "ci.nr_order",
                                            "ci.role_id"
                                        ],
                                        "Filter": "(ci.person_id > 36851)",
                                        "Rows Removed by Filter": 45518,
                                        "Workers": [
                                            {
                                                "Worker Number": 0,
                                                "Actual Startup Time": 4.345,
                                                "Actual Total Time": 741.053,
                                                "Actual Rows": 4064092,
                                                "Actual Loops": 1
                                            },
                                            {
                                                "Worker Number": 1,
                                                "Actual Startup Time": 4.434,
                                                "Actual Total Time": 767.543,
                                                "Actual Rows": 4589236,
                                                "Actual Loops": 1
                                            },
                                            {
                                                "Worker Number": 2,
                                                "Actual Startup Time": 4.444,
                                                "Actual Total Time": 722.576,
                                                "Actual Rows": 5425195,
                                                "Actual Loops": 1
                                            },
                                            {
                                                "Worker Number": 3,
                                                "Actual Startup Time": 4.423,
                                                "Actual Total Time": 720.207,
                                                "Actual Rows": 5790165,
                                                "Actual Loops": 1
                                            },
                                            {
                                                "Worker Number": 4,
                                                "Actual Startup Time": 4.43,
                                                "Actual Total Time": 774.19,
                                                "Actual Rows": 4161369,
                                                "Actual Loops": 1
                                            },
                                            {
                                                "Worker Number": 5,
                                                "Actual Startup Time": 4.42,
                                                "Actual Total Time": 715.614,
                                                "Actual Rows": 5707267,
                                                "Actual Loops": 1
                                            }
                                        ]
                                    },
                                    {
                                        "Node Type": "Hash",
                                        "Parent Relationship": "Inner",
                                        "Parallel Aware": true,
                                        "Startup Cost": 249801.34,
                                        "Total Cost": 249801.34,
                                        "Plan Rows": 266969,
                                        "Plan Width": 8,
                                        "Actual Startup Time": 1021.977,
                                        "Actual Total Time": 1022.232,
                                        "Actual Rows": 189337,
                                        "Actual Loops": 7,
                                        "Output": [
                                            "t.id",
                                            "mi.movie_id"
                                        ],
                                        "Hash Buckets": 2097152,
                                        "Original Hash Buckets": 2097152,
                                        "Hash Batches": 1,
                                        "Original Hash Batches": 1,
                                        "Peak Memory Usage": 68384,
                                        "Workers": [
                                            {
                                                "Worker Number": 0,
                                                "Actual Startup Time": 1023.589,
                                                "Actual Total Time": 1023.593,
                                                "Actual Rows": 181673,
                                                "Actual Loops": 1
                                            },
                                            {
                                                "Worker Number": 1,
                                                "Actual Startup Time": 1023.618,
                                                "Actual Total Time": 1023.621,
                                                "Actual Rows": 167050,
                                                "Actual Loops": 1
                                            },
                                            {
                                                "Worker Number": 2,
                                                "Actual Startup Time": 1023.86,
                                                "Actual Total Time": 1023.863,
                                                "Actual Rows": 147783,
                                                "Actual Loops": 1
                                            },
                                            {
                                                "Worker Number": 3,
                                                "Actual Startup Time": 1023.71,
                                                "Actual Total Time": 1023.712,
                                                "Actual Rows": 217696,
                                                "Actual Loops": 1
                                            },
                                            {
                                                "Worker Number": 4,
                                                "Actual Startup Time": 1023.865,
                                                "Actual Total Time": 1023.868,
                                                "Actual Rows": 167056,
                                                "Actual Loops": 1
                                            },
                                            {
                                                "Worker Number": 5,
                                                "Actual Startup Time": 1023.996,
                                                "Actual Total Time": 1023.999,
                                                "Actual Rows": 220316,
                                                "Actual Loops": 1
                                            }
                                        ],
                                        "Plans": [
                                            {
                                                "Node Type": "Hash Join",
                                                "Parent Relationship": "Outer",
                                                "Parallel Aware": true,
                                                "Join Type": "Inner",
                                                "Startup Cost": 50219.81,
                                                "Total Cost": 249801.34,
                                                "Plan Rows": 266969,
                                                "Plan Width": 8,
                                                "Actual Startup Time": 704.494,
                                                "Actual Total Time": 863.079,
                                                "Actual Rows": 189337,
                                                "Actual Loops": 7,
                                                "Output": [
                                                    "t.id",
                                                    "mi.movie_id"
                                                ],
                                                "Inner Unique": true,
                                                "Hash Cond": "(mi.movie_id = t.id)",
                                                "Workers": [
                                                    {
                                                        "Worker Number": 0,
                                                        "Actual Startup Time": 704.502,
                                                        "Actual Total Time": 864.878,
                                                        "Actual Rows": 181673,
                                                        "Actual Loops": 1
                                                    },
                                                    {
                                                        "Worker Number": 1,
                                                        "Actual Startup Time": 704.5,
                                                        "Actual Total Time": 862.552,
                                                        "Actual Rows": 167050,
                                                        "Actual Loops": 1
                                                    },
                                                    {
                                                        "Worker Number": 2,
                                                        "Actual Startup Time": 704.498,
                                                        "Actual Total Time": 862.301,
                                                        "Actual Rows": 147783,
                                                        "Actual Loops": 1
                                                    },
                                                    {
                                                        "Worker Number": 3,
                                                        "Actual Startup Time": 704.46,
                                                        "Actual Total Time": 862.771,
                                                        "Actual Rows": 217696,
                                                        "Actual Loops": 1
                                                    },
                                                    {
                                                        "Worker Number": 4,
                                                        "Actual Startup Time": 704.463,
                                                        "Actual Total Time": 862.728,
                                                        "Actual Rows": 167056,
                                                        "Actual Loops": 1
                                                    },
                                                    {
                                                        "Worker Number": 5,
                                                        "Actual Startup Time": 704.454,
                                                        "Actual Total Time": 862.6,
                                                        "Actual Rows": 220316,
                                                        "Actual Loops": 1
                                                    }
                                                ],
                                                "Plans": [
                                                    {
                                                        "Node Type": "Seq Scan",
                                                        "Parent Relationship": "Outer",
                                                        "Parallel Aware": true,
                                                        "Relation Name": "movie_info",
                                                        "Schema": "public",
                                                        "Alias": "mi",
                                                        "Startup Cost": 0.0,
                                                        "Total Cost": 198880.74,
                                                        "Plan Rows": 266969,
                                                        "Plan Width": 4,
                                                        "Actual Startup Time": 229.769,
                                                        "Actual Total Time": 288.368,
                                                        "Actual Rows": 189337,
                                                        "Actual Loops": 7,
                                                        "Output": [
                                                            "mi.id",
                                                            "mi.movie_id",
                                                            "mi.info_type_id",
                                                            "mi.info",
                                                            "mi.note"
                                                        ],
                                                        "Filter": "(mi.info_type_id = 8)",
                                                        "Rows Removed by Filter": 1930051,
                                                        "Workers": [
                                                            {
                                                                "Worker Number": 0,
                                                                "Actual Startup Time": 229.869,
                                                                "Actual Total Time": 289.497,
                                                                "Actual Rows": 181673,
                                                                "Actual Loops": 1
                                                            },
                                                            {
                                                                "Worker Number": 1,
                                                                "Actual Startup Time": 229.694,
                                                                "Actual Total Time": 290.532,
                                                                "Actual Rows": 167050,
                                                                "Actual Loops": 1
                                                            },
                                                            {
                                                                "Worker Number": 2,
                                                                "Actual Startup Time": 229.759,
                                                                "Actual Total Time": 288.83,
                                                                "Actual Rows": 147783,
                                                                "Actual Loops": 1
                                                            },
                                                            {
                                                                "Worker Number": 3,
                                                                "Actual Startup Time": 229.71,
                                                                "Actual Total Time": 287.799,
                                                                "Actual Rows": 217696,
                                                                "Actual Loops": 1
                                                            },
                                                            {
                                                                "Worker Number": 4,
                                                                "Actual Startup Time": 229.663,
                                                                "Actual Total Time": 290.518,
                                                                "Actual Rows": 167056,
                                                                "Actual Loops": 1
                                                            },
                                                            {
                                                                "Worker Number": 5,
                                                                "Actual Startup Time": 229.809,
                                                                "Actual Total Time": 287.176,
                                                                "Actual Rows": 220316,
                                                                "Actual Loops": 1
                                                            }
                                                        ]
                                                    },
                                                    {
                                                        "Node Type": "Hash",
                                                        "Parent Relationship": "Inner",
                                                        "Parallel Aware": true,
                                                        "Startup Cost": 42318.81,
                                                        "Total Cost": 42318.81,
                                                        "Plan Rows": 632080,
                                                        "Plan Width": 4,
                                                        "Actual Startup Time": 467.26,
                                                        "Actual Total Time": 467.261,
                                                        "Actual Rows": 361187,
                                                        "Actual Loops": 7,
                                                        "Output": [
                                                            "t.id"
                                                        ],
                                                        "Hash Buckets": 4194304,
                                                        "Original Hash Buckets": 4194304,
                                                        "Hash Batches": 1,
                                                        "Original Hash Batches": 1,
                                                        "Peak Memory Usage": 131840,
                                                        "Workers": [
                                                            {
                                                                "Worker Number": 0,
                                                                "Actual Startup Time": 474.553,
                                                                "Actual Total Time": 474.555,
                                                                "Actual Rows": 302493,
                                                                "Actual Loops": 1
                                                            },
                                                            {
                                                                "Worker Number": 1,
                                                                "Actual Startup Time": 474.498,
                                                                "Actual Total Time": 474.499,
                                                                "Actual Rows": 297287,
                                                                "Actual Loops": 1
                                                            },
                                                            {
                                                                "Worker Number": 2,
                                                                "Actual Startup Time": 474.459,
                                                                "Actual Total Time": 474.461,
                                                                "Actual Rows": 248083,
                                                                "Actual Loops": 1
                                                            },
                                                            {
                                                                "Worker Number": 3,
                                                                "Actual Startup Time": 474.465,
                                                                "Actual Total Time": 474.466,
                                                                "Actual Rows": 409023,
                                                                "Actual Loops": 1
                                                            },
                                                            {
                                                                "Worker Number": 4,
                                                                "Actual Startup Time": 474.511,
                                                                "Actual Total Time": 474.512,
                                                                "Actual Rows": 340328,
                                                                "Actual Loops": 1
                                                            },
                                                            {
                                                                "Worker Number": 5,
                                                                "Actual Startup Time": 474.51,
                                                                "Actual Total Time": 474.511,
                                                                "Actual Rows": 373157,
                                                                "Actual Loops": 1
                                                            }
                                                        ],
                                                        "Plans": [
                                                            {
                                                                "Node Type": "Seq Scan",
                                                                "Parent Relationship": "Outer",
                                                                "Parallel Aware": true,
                                                                "Relation Name": "title",
                                                                "Schema": "public",
                                                                "Alias": "t",
                                                                "Startup Cost": 0.0,
                                                                "Total Cost": 42318.81,
                                                                "Plan Rows": 632080,
                                                                "Plan Width": 4,
                                                                "Actual Startup Time": 0.067,
                                                                "Actual Total Time": 96.647,
                                                                "Actual Rows": 361187,
                                                                "Actual Loops": 7,
                                                                "Output": [
                                                                    "t.id"
                                                                ],
                                                                "Workers": [
                                                                    {
                                                                        "Worker Number": 0,
                                                                        "Actual Startup Time": 0.08,
                                                                        "Actual Total Time": 101.282,
                                                                        "Actual Rows": 302493,
                                                                        "Actual Loops": 1
                                                                    },
                                                                    {
                                                                        "Worker Number": 1,
                                                                        "Actual Startup Time": 0.072,
                                                                        "Actual Total Time": 101.641,
                                                                        "Actual Rows": 297287,
                                                                        "Actual Loops": 1
                                                                    },
                                                                    {
                                                                        "Worker Number": 2,
                                                                        "Actual Startup Time": 0.082,
                                                                        "Actual Total Time": 101.494,
                                                                        "Actual Rows": 248083,
                                                                        "Actual Loops": 1
                                                                    },
                                                                    {
                                                                        "Worker Number": 3,
                                                                        "Actual Startup Time": 0.076,
                                                                        "Actual Total Time": 98.608,
                                                                        "Actual Rows": 409023,
                                                                        "Actual Loops": 1
                                                                    },
                                                                    {
                                                                        "Worker Number": 4,
                                                                        "Actual Startup Time": 0.076,
                                                                        "Actual Total Time": 100.646,
                                                                        "Actual Rows": 340328,
                                                                        "Actual Loops": 1
                                                                    },
                                                                    {
                                                                        "Worker Number": 5,
                                                                        "Actual Startup Time": 0.068,
                                                                        "Actual Total Time": 97.246,
                                                                        "Actual Rows": 373157,
                                                                        "Actual Loops": 1
                                                                    }
                                                                ]
                                                            }
                                                        ]
                                                    }
                                                ]
                                            }
                                        ]
                                    }
                                ]
                            }
                        ]
                    }
                ]
            }
        ]
    },
    "Planning Time": 1.539,
    "Triggers": [],
    "Execution Time": 3874.427
}