[
  {
    "Plan": {
      "Node Type": "Aggregate",
      "Strategy": "Plain",
      "Partial Mode": "Finalize",
      "Parallel Aware": false,
      "Startup Cost": 484768.62,
      "Total Cost": 484768.63,
      "Plan Rows": 1,
      "Plan Width": 8,
      "Actual Startup Time": 3342.677,
      "Actual Total Time": 3413.975,
      "Actual Rows": 1,
      "Actual Loops": 1,
      "Plans": [
        {
          "Node Type": "Gather",
          "Parent Relationship": "Outer",
          "Parallel Aware": false,
          "Startup Cost": 484768.09,
          "Total Cost": 484768.6,
          "Plan Rows": 5,
          "Plan Width": 8,
          "Actual Startup Time": 3341.962,
          "Actual Total Time": 3413.967,
          "Actual Rows": 6,
          "Actual Loops": 1,
          "Workers Planned": 5,
          "Workers Launched": 5,
          "Single Copy": false,
          "Plans": [
            {
              "Node Type": "Aggregate",
              "Strategy": "Plain",
              "Partial Mode": "Partial",
              "Parent Relationship": "Outer",
              "Parallel Aware": false,
              "Startup Cost": 483768.09,
              "Total Cost": 483768.1,
              "Plan Rows": 1,
              "Plan Width": 8,
              "Actual Startup Time": 3333.635,
              "Actual Total Time": 3333.638,
              "Actual Rows": 1,
              "Actual Loops": 6,
              "Plans": [
                {
                  "Node Type": "Nested Loop",
                  "Parent Relationship": "Outer",
                  "Parallel Aware": false,
                  "Join Type": "Inner",
                  "Startup Cost": 44342.02,
                  "Total Cost": 479288.64,
                  "Plan Rows": 1791782,
                  "Plan Width": 0,
                  "Actual Startup Time": 95.421,
                  "Actual Total Time": 3180.76,
                  "Actual Rows": 3029616,
                  "Actual Loops": 6,
                  "Inner Unique": false,
                  "Join Filter": "(t.id = ci.movie_id)",
                  "Rows Removed by Join Filter": 0,
                  "Plans": [
                    {
                      "Node Type": "Hash Join",
                      "Parent Relationship": "Outer",
                      "Parallel Aware": true,
                      "Join Type": "Inner",
                      "Startup Cost": 44341.46,
                      "Total Cost": 249079.78,
                      "Plan Rows": 124962,
                      "Plan Width": 8,
                      "Actual Startup Time": 95.306,
                      "Actual Total Time": 679.406,
                      "Actual Rows": 82292,
                      "Actual Loops": 6,
                      "Inner Unique": true,
                      "Hash Cond": "(mi.movie_id = t.id)",
                      "Plans": [
                        {
                          "Node Type": "Seq Scan",
                          "Parent Relationship": "Outer",
                          "Parallel Aware": true,
                          "Relation Name": "movie_info",
                          "Alias": "mi",
                          "Startup Cost": 0.0,
                          "Total Cost": 198880.74,
                          "Plan Rows": 2231456,
                          "Plan Width": 4,
                          "Actual Startup Time": 0.026,
                          "Actual Total Time": 312.175,
                          "Actual Rows": 1868457,
                          "Actual Loops": 6,
                          "Filter": "(info_type_id > 3)",
                          "Rows Removed by Filter": 604163
                        },
                        {
                          "Node Type": "Hash",
                          "Parent Relationship": "Inner",
                          "Parallel Aware": true,
                          "Startup Cost": 43899.01,
                          "Total Cost": 43899.01,
                          "Plan Rows": 35396,
                          "Plan Width": 4,
                          "Actual Startup Time": 93.306,
                          "Actual Total Time": 93.307,
                          "Actual Rows": 23617,
                          "Actual Loops": 6,
                          "Hash Buckets": 262144,
                          "Original Hash Buckets": 262144,
                          "Hash Batches": 1,
                          "Original Hash Batches": 1,
                          "Peak Memory Usage": 7648,
                          "Plans": [
                            {
                              "Node Type": "Seq Scan",
                              "Parent Relationship": "Outer",
                              "Parallel Aware": true,
                              "Relation Name": "title",
                              "Alias": "t",
                              "Startup Cost": 0.0,
                              "Total Cost": 43899.01,
                              "Plan Rows": 35396,
                              "Plan Width": 4,
                              "Actual Startup Time": 0.043,
                              "Actual Total Time": 82.623,
                              "Actual Rows": 23617,
                              "Actual Loops": 6,
                              "Filter": "(production_year = 2010)",
                              "Rows Removed by Filter": 397768
                            }
                          ]
                        }
                      ]
                    },
                    {
                      "Node Type": "Index Only Scan",
                      "Parent Relationship": "Inner",
                      "Parallel Aware": false,
                      "Scan Direction": "Forward",
                      "Index Name": "movie_id_cast_info",
                      "Relation Name": "cast_info",
                      "Alias": "ci",
                      "Startup Cost": 0.56,
                      "Total Cost": 1.37,
                      "Plan Rows": 38,
                      "Plan Width": 4,
                      "Actual Startup Time": 0.006,
                      "Actual Total Time": 0.027,
                      "Actual Rows": 37,
                      "Actual Loops": 493750,
                      "Index Cond": "(movie_id = mi.movie_id)",
                      "Rows Removed by Index Recheck": 0,
                      "Heap Fetches": 18177695
                    }
                  ]
                }
              ]
            }
          ]
        }
      ]
    },
    "Planning Time": 0.548,
    "Triggers": [],
    "Execution Time": 3414.031
  }
]