[
  {
    "Plan": {
      "Node Type": "Aggregate",
      "Strategy": "Plain",
      "Partial Mode": "Finalize",
      "Parallel Aware": false,
      "Startup Cost": 348836.06,
      "Total Cost": 348836.07,
      "Plan Rows": 1,
      "Plan Width": 8,
      "Actual Startup Time": 833.273,
      "Actual Total Time": 908.767,
      "Actual Rows": 1,
      "Actual Loops": 1,
      "Plans": [
        {
          "Node Type": "Gather",
          "Parent Relationship": "Outer",
          "Parallel Aware": false,
          "Startup Cost": 348835.44,
          "Total Cost": 348836.05,
          "Plan Rows": 6,
          "Plan Width": 8,
          "Actual Startup Time": 833.116,
          "Actual Total Time": 908.756,
          "Actual Rows": 7,
          "Actual Loops": 1,
          "Workers Planned": 6,
          "Workers Launched": 6,
          "Single Copy": false,
          "Plans": [
            {
              "Node Type": "Aggregate",
              "Strategy": "Plain",
              "Partial Mode": "Partial",
              "Parent Relationship": "Outer",
              "Parallel Aware": false,
              "Startup Cost": 347835.44,
              "Total Cost": 347835.45,
              "Plan Rows": 1,
              "Plan Width": 8,
              "Actual Startup Time": 822.434,
              "Actual Total Time": 822.436,
              "Actual Rows": 1,
              "Actual Loops": 7,
              "Plans": [
                {
                  "Node Type": "Seq Scan",
                  "Parent Relationship": "Outer",
                  "Parallel Aware": true,
                  "Relation Name": "cast_info",
                  "Alias": "ci",
                  "Startup Cost": 0.0,
                  "Total Cost": 343316.27,
                  "Plan Rows": 1807667,
                  "Plan Width": 0,
                  "Actual Startup Time": 286.747,
                  "Actual Total Time": 784.458,
                  "Actual Rows": 673964,
                  "Actual Loops": 7,
                  "Filter": "((person_id < 1669652) AND (role_id > 1))",
                  "Rows Removed by Filter": 4503799
                }
              ]
            }
          ]
        }
      ]
    },
    "Planning Time": 0.242,
    "Triggers": [],
    "Execution Time": 908.87
  }
]