[
  {
    "Plan": {
      "Node Type": "Aggregate",
      "Strategy": "Plain",
      "Partial Mode": "Finalize",
      "Parallel Aware": false,
      "Startup Cost": 204393.9,
      "Total Cost": 204393.91,
      "Plan Rows": 1,
      "Plan Width": 8,
      "Actual Startup Time": 214.219,
      "Actual Total Time": 232.351,
      "Actual Rows": 1,
      "Actual Loops": 1,
      "Plans": [
        {
          "Node Type": "Gather",
          "Parent Relationship": "Outer",
          "Parallel Aware": false,
          "Startup Cost": 204393.48,
          "Total Cost": 204393.89,
          "Plan Rows": 4,
          "Plan Width": 8,
          "Actual Startup Time": 210.769,
          "Actual Total Time": 232.331,
          "Actual Rows": 5,
          "Actual Loops": 1,
          "Workers Planned": 4,
          "Workers Launched": 4,
          "Single Copy": false,
          "Plans": [
            {
              "Node Type": "Aggregate",
              "Strategy": "Plain",
              "Partial Mode": "Partial",
              "Parent Relationship": "Outer",
              "Parallel Aware": false,
              "Startup Cost": 203393.48,
              "Total Cost": 203393.49,
              "Plan Rows": 1,
              "Plan Width": 8,
              "Actual Startup Time": 200.791,
              "Actual Total Time": 200.796,
              "Actual Rows": 1,
              "Actual Loops": 5,
              "Plans": [
                {
                  "Node Type": "Nested Loop",
                  "Parent Relationship": "Outer",
                  "Parallel Aware": false,
                  "Join Type": "Inner",
                  "Startup Cost": 47889.24,
                  "Total Cost": 203384.03,
                  "Plan Rows": 3782,
                  "Plan Width": 0,
                  "Actual Startup Time": 174.05,
                  "Actual Total Time": 199.9,
                  "Actual Rows": 13788,
                  "Actual Loops": 5,
                  "Inner Unique": false,
                  "Plans": [
                    {
                      "Node Type": "Hash Join",
                      "Parent Relationship": "Outer",
                      "Parallel Aware": true,
                      "Join Type": "Inner",
                      "Startup Cost": 47888.82,
                      "Total Cost": 199259.49,
                      "Plan Rows": 6928,
                      "Plan Width": 8,
                      "Actual Startup Time": 173.926,
                      "Actual Total Time": 181.383,
                      "Actual Rows": 4556,
                      "Actual Loops": 5,
                      "Inner Unique": true,
                      "Hash Cond": "(mi.movie_id = t.id)",
                      "Plans": [
                        {
                          "Node Type": "Bitmap Heap Scan",
                          "Parent Relationship": "Outer",
                          "Parallel Aware": true,
                          "Relation Name": "movie_info",
                          "Alias": "mi",
                          "Startup Cost": 1913.73,
                          "Total Cost": 153215.19,
                          "Plan Rows": 26364,
                          "Plan Width": 4,
                          "Actual Startup Time": 5.844,
                          "Actual Total Time": 15.059,
                          "Actual Rows": 21807,
                          "Actual Loops": 5,
                          "Recheck Cond": "(info_type_id = 106)",
                          "Rows Removed by Index Recheck": 0,
                          "Exact Heap Blocks": 1708,
                          "Lossy Heap Blocks": 0,
                          "Plans": [
                            {
                              "Node Type": "Bitmap Index Scan",
                              "Parent Relationship": "Outer",
                              "Parallel Aware": false,
                              "Index Name": "info_type_id_movie_info",
                              "Startup Cost": 0.0,
                              "Total Cost": 1887.36,
                              "Plan Rows": 105457,
                              "Plan Width": 0,
                              "Actual Startup Time": 5.153,
                              "Actual Total Time": 5.155,
                              "Actual Rows": 109034,
                              "Actual Loops": 1,
                              "Index Cond": "(info_type_id = 106)"
                            }
                          ]
                        },
                        {
                          "Node Type": "Hash",
                          "Parent Relationship": "Inner",
                          "Parallel Aware": true,
                          "Startup Cost": 43898.92,
                          "Total Cost": 43898.92,
                          "Plan Rows": 166094,
                          "Plan Width": 4,
                          "Actual Startup Time": 157.683,
                          "Actual Total Time": 157.684,
                          "Actual Rows": 132413,
                          "Actual Loops": 5,
                          "Hash Buckets": 1048576,
                          "Original Hash Buckets": 1048576,
                          "Hash Batches": 1,
                          "Original Hash Batches": 1,
                          "Peak Memory Usage": 34176,
                          "Plans": [
                            {
                              "Node Type": "Seq Scan",
                              "Parent Relationship": "Outer",
                              "Parallel Aware": true,
                              "Relation Name": "title",
                              "Alias": "t",
                              "Startup Cost": 0.0,
                              "Total Cost": 43898.92,
                              "Plan Rows": 166094,
                              "Plan Width": 4,
                              "Actual Startup Time": 0.046,
                              "Actual Total Time": 102.625,
                              "Actual Rows": 132413,
                              "Actual Loops": 5,
                              "Filter": "(production_year > 2008)",
                              "Rows Removed by Filter": 373249
                            }
                          ]
                        }
                      ]
                    },
                    {
                      "Node Type": "Index Only Scan",
                      "Parent Relationship": "Inner",
                      "Parallel Aware": false,
                      "Scan Direction": "Forward",
                      "Index Name": "movie_id_movie_info_idx",
                      "Relation Name": "movie_info_idx",
                      "Alias": "mi_idx",
                      "Startup Cost": 0.43,
                      "Total Cost": 0.57,
                      "Plan Rows": 3,
                      "Plan Width": 4,
                      "Actual Startup Time": 0.003,
                      "Actual Total Time": 0.004,
                      "Actual Rows": 3,
                      "Actual Loops": 22780,
                      "Index Cond": "(movie_id = t.id)",
                      "Rows Removed by Index Recheck": 0,
                      "Heap Fetches": 68938
                    }
                  ]
                }
              ]
            }
          ]
        }
      ]
    },
    "Planning Time": 1.27,
    "Triggers": [],
    "Execution Time": 232.47
  }
]