{
  "Plan": {
    "Node Type": "Aggregate",
    "Strategy": "Plain",
    "Partial Mode": "Finalize",
    "Parallel Aware": false,
    "Startup Cost": 420692.54,
    "Total Cost": 420692.55,
    "Plan Rows": 1,
    "Plan Width": 8,
    "Actual Startup Time": 1639.211,
    "Actual Total Time": 1694.706,
    "Actual Rows": 1,
    "Actual Loops": 1,
    "Plans": [
      {
        "Node Type": "Gather",
        "Parent Relationship": "Outer",
        "Parallel Aware": false,
        "Startup Cost": 420692.42,
        "Total Cost": 420692.53,
        "Plan Rows": 1,
        "Plan Width": 8,
        "Actual Startup Time": 1637.655,
        "Actual Total Time": 1694.698,
        "Actual Rows": 2,
        "Actual Loops": 1,
        "Workers Planned": 1,
        "Workers Launched": 1,
        "Single Copy": false,
        "Plans": [
          {
            "Node Type": "Aggregate",
            "Strategy": "Plain",
            "Partial Mode": "Partial",
            "Parent Relationship": "Outer",
            "Parallel Aware": false,
            "Startup Cost": 419692.42,
            "Total Cost": 419692.43,
            "Plan Rows": 1,
            "Plan Width": 8,
            "Actual Startup Time": 1631.592,
            "Actual Total Time": 1631.599,
            "Actual Rows": 1,
            "Actual Loops": 2,
            "Plans": [
              {
                "Node Type": "Hash Join",
                "Parent Relationship": "Outer",
                "Parallel Aware": true,
                "Join Type": "Inner",
                "Startup Cost": 349664.19,
                "Total Cost": 418453.04,
                "Plan Rows": 495753,
                "Plan Width": 0,
                "Actual Startup Time": 1329.626,
                "Actual Total Time": 1625.691,
                "Actual Rows": 148265,
                "Actual Loops": 2,
                "Inner Unique": false,
                "Hash Cond": "(mk.movie_id = t.id)",
                "Plans": [
                  {
                    "Node Type": "Seq Scan",
                    "Parent Relationship": "Outer",
                    "Parallel Aware": true,
                    "Relation Name": "movie_keyword",
                    "Alias": "mk",
                    "Startup Cost": 0.0,
                    "Total Cost": 57718.19,
                    "Plan Rows": 1630894,
                    "Plan Width": 4,
                    "Actual Startup Time": 0.255,
                    "Actual Total Time": 183.737,
                    "Actual Rows": 1381094,
                    "Actual Loops": 2,
                    "Filter": "(keyword_id > 2862)",
                    "Rows Removed by Filter": 880872
                  },
                  {
                    "Node Type": "Hash",
                    "Parent Relationship": "Inner",
                    "Parallel Aware": true,
                    "Startup Cost": 344013.15,
                    "Total Cost": 344013.15,
                    "Plan Rows": 452083,
                    "Plan Width": 8,
                    "Actual Startup Time": 1319.231,
                    "Actual Total Time": 1319.235,
                    "Actual Rows": 213870,
                    "Actual Loops": 2,
                    "Hash Buckets": 1048576,
                    "Original Hash Buckets": 1048576,
                    "Hash Batches": 1,
                    "Original Hash Batches": 1,
                    "Peak Memory Usage": 24928,
                    "Plans": [
                      {
                        "Node Type": "Hash Join",
                        "Parent Relationship": "Outer",
                        "Parallel Aware": true,
                        "Join Type": "Inner",
                        "Startup Cost": 59957.93,
                        "Total Cost": 344013.15,
                        "Plan Rows": 452083,
                        "Plan Width": 8,
                        "Actual Startup Time": 156.033,
                        "Actual Total Time": 1262.176,
                        "Actual Rows": 213870,
                        "Actual Loops": 2,
                        "Inner Unique": true,
                        "Hash Cond": "(mi.movie_id = t.id)",
                        "Plans": [
                          {
                            "Node Type": "Seq Scan",
                            "Parent Relationship": "Outer",
                            "Parallel Aware": true,
                            "Relation Name": "movie_info",
                            "Alias": "mi",
                            "Startup Cost": 0.0,
                            "Total Cost": 270696.42,
                            "Plan Rows": 5089059,
                            "Plan Width": 4,
                            "Actual Startup Time": 0.011,
                            "Actual Total Time": 682.199,
                            "Actual Rows": 4385248,
                            "Actual Loops": 2,
                            "Filter": "(info_type_id < 12)",
                            "Rows Removed by Filter": 3032612
                          },
                          {
                            "Node Type": "Hash",
                            "Parent Relationship": "Inner",
                            "Parallel Aware": true,
                            "Startup Cost": 58306.47,
                            "Total Cost": 58306.47,
                            "Plan Rows": 132117,
                            "Plan Width": 4,
                            "Actual Startup Time": 152.873,
                            "Actual Total Time": 152.874,
                            "Actual Rows": 64778,
                            "Actual Loops": 2,
                            "Hash Buckets": 262144,
                            "Original Hash Buckets": 262144,
                            "Hash Batches": 1,
                            "Original Hash Batches": 1,
                            "Peak Memory Usage": 7136,
                            "Plans": [
                              {
                                "Node Type": "Seq Scan",
                                "Parent Relationship": "Outer",
                                "Parallel Aware": true,
                                "Relation Name": "title",
                                "Alias": "t",
                                "Startup Cost": 0.0,
                                "Total Cost": 58306.47,
                                "Plan Rows": 132117,
                                "Plan Width": 4,
                                "Actual Startup Time": 0.034,
                                "Actual Total Time": 134.675,
                                "Actual Rows": 64778,
                                "Actual Loops": 2,
                                "Filter": "((production_year < 1971) AND (kind_id = 7))",
                                "Rows Removed by Filter": 1199378
                              }
                            ]
                          }
                        ]
                      }
                    ]
                  }
                ]
              }
            ]
          }
        ]
      }
    ]
  },
  "Planning Time": 1.034,
  "Triggers": [],
  "Execution Time": 1694.796
}