[
  {
    "Plan": {
      "Node Type": "Aggregate",
      "Strategy": "Plain",
      "Partial Mode": "Finalize",
      "Parallel Aware": false,
      "Startup Cost": 46845.71,
      "Total Cost": 46845.72,
      "Plan Rows": 1,
      "Plan Width": 8,
      "Actual Startup Time": 170.408,
      "Actual Total Time": 180.382,
      "Actual Rows": 1,
      "Actual Loops": 1,
      "Plans": [
        {
          "Node Type": "Gather",
          "Parent Relationship": "Outer",
          "Parallel Aware": false,
          "Startup Cost": 46845.4,
          "Total Cost": 46845.71,
          "Plan Rows": 3,
          "Plan Width": 8,
          "Actual Startup Time": 170.243,
          "Actual Total Time": 180.369,
          "Actual Rows": 4,
          "Actual Loops": 1,
          "Workers Planned": 3,
          "Workers Launched": 3,
          "Single Copy": false,
          "Plans": [
            {
              "Node Type": "Aggregate",
              "Strategy": "Plain",
              "Partial Mode": "Partial",
              "Parent Relationship": "Outer",
              "Parallel Aware": false,
              "Startup Cost": 45845.4,
              "Total Cost": 45845.41,
              "Plan Rows": 1,
              "Plan Width": 8,
              "Actual Startup Time": 165.046,
              "Actual Total Time": 165.047,
              "Actual Rows": 1,
              "Actual Loops": 4,
              "Plans": [
                {
                  "Node Type": "Seq Scan",
                  "Parent Relationship": "Outer",
                  "Parallel Aware": true,
                  "Relation Name": "movie_keyword",
                  "Alias": "mk",
                  "Startup Cost": 0.0,
                  "Total Cost": 42695.65,
                  "Plan Rows": 1259897,
                  "Plan Width": 0,
                  "Actual Startup Time": 0.058,
                  "Actual Total Time": 121.108,
                  "Actual Rows": 973938,
                  "Actual Loops": 4,
                  "Filter": "(keyword_id > 486)",
                  "Rows Removed by Filter": 157045
                }
              ]
            }
          ]
        }
      ]
    },
    "Planning Time": 0.099,
    "Triggers": [],
    "Execution Time": 180.411
  }
]