[
  {
    "Plan": {
      "Node Type": "Aggregate",
      "Strategy": "Plain",
      "Partial Mode": "Finalize",
      "Parallel Aware": false,
      "Startup Cost": 46517.27,
      "Total Cost": 46517.28,
      "Plan Rows": 1,
      "Plan Width": 8,
      "Actual Startup Time": 81.877,
      "Actual Total Time": 92.584,
      "Actual Rows": 1,
      "Actual Loops": 1,
      "Plans": [
        {
          "Node Type": "Gather",
          "Parent Relationship": "Outer",
          "Parallel Aware": false,
          "Startup Cost": 46516.85,
          "Total Cost": 46517.26,
          "Plan Rows": 4,
          "Plan Width": 8,
          "Actual Startup Time": 81.606,
          "Actual Total Time": 92.576,
          "Actual Rows": 5,
          "Actual Loops": 1,
          "Workers Planned": 4,
          "Workers Launched": 4,
          "Single Copy": false,
          "Plans": [
            {
              "Node Type": "Aggregate",
              "Strategy": "Plain",
              "Partial Mode": "Partial",
              "Parent Relationship": "Outer",
              "Parallel Aware": false,
              "Startup Cost": 45516.85,
              "Total Cost": 45516.86,
              "Plan Rows": 1,
              "Plan Width": 8,
              "Actual Startup Time": 76.41,
              "Actual Total Time": 76.411,
              "Actual Rows": 1,
              "Actual Loops": 5,
              "Plans": [
                {
                  "Node Type": "Seq Scan",
                  "Parent Relationship": "Outer",
                  "Parallel Aware": true,
                  "Relation Name": "title",
                  "Alias": "t",
                  "Startup Cost": 0.0,
                  "Total Cost": 45479.1,
                  "Plan Rows": 15102,
                  "Plan Width": 0,
                  "Actual Startup Time": 0.348,
                  "Actual Total Time": 74.723,
                  "Actual Rows": 36442,
                  "Actual Loops": 5,
                  "Filter": "((kind_id < 3) AND (production_year < 1957))",
                  "Rows Removed by Filter": 469220
                }
              ]
            }
          ]
        }
      ]
    },
    "Planning Time": 0.123,
    "Triggers": [],
    "Execution Time": 92.625
  }
]