[
  {
    "Plan": {
      "Node Type": "Aggregate",
      "Strategy": "Plain",
      "Partial Mode": "Finalize",
      "Parallel Aware": false,
      "Startup Cost": 77443.54,
      "Total Cost": 77443.55,
      "Plan Rows": 1,
      "Plan Width": 8,
      "Actual Startup Time": 335.091,
      "Actual Total Time": 351.881,
      "Actual Rows": 1,
      "Actual Loops": 1,
      "Plans": [
        {
          "Node Type": "Gather",
          "Parent Relationship": "Outer",
          "Parallel Aware": false,
          "Startup Cost": 77443.22,
          "Total Cost": 77443.53,
          "Plan Rows": 3,
          "Plan Width": 8,
          "Actual Startup Time": 329.545,
          "Actual Total Time": 351.859,
          "Actual Rows": 4,
          "Actual Loops": 1,
          "Workers Planned": 3,
          "Workers Launched": 3,
          "Single Copy": false,
          "Plans": [
            {
              "Node Type": "Aggregate",
              "Strategy": "Plain",
              "Partial Mode": "Partial",
              "Parent Relationship": "Outer",
              "Parallel Aware": false,
              "Startup Cost": 76443.22,
              "Total Cost": 76443.23,
              "Plan Rows": 1,
              "Plan Width": 8,
              "Actual Startup Time": 320.585,
              "Actual Total Time": 320.589,
              "Actual Rows": 1,
              "Actual Loops": 4,
              "Plans": [
                {
                  "Node Type": "Hash Join",
                  "Parent Relationship": "Outer",
                  "Parallel Aware": true,
                  "Join Type": "Inner",
                  "Startup Cost": 46289.28,
                  "Total Cost": 76254.63,
                  "Plan Rows": 75436,
                  "Plan Width": 0,
                  "Actual Startup Time": 208.039,
                  "Actual Total Time": 317.244,
                  "Actual Rows": 70701,
                  "Actual Loops": 4,
                  "Inner Unique": true,
                  "Hash Cond": "(mc.movie_id = t.id)",
                  "Plans": [
                    {
                      "Node Type": "Seq Scan",
                      "Parent Relationship": "Outer",
                      "Parallel Aware": true,
                      "Relation Name": "movie_companies",
                      "Alias": "mc",
                      "Startup Cost": 0.0,
                      "Total Cost": 29310.68,
                      "Plan Rows": 249397,
                      "Plan Width": 4,
                      "Actual Startup Time": 14.466,
                      "Actual Total Time": 66.583,
                      "Actual Rows": 191276,
                      "Actual Loops": 4,
                      "Filter": "(company_id > 34678)",
                      "Rows Removed by Filter": 461006
                    },
                    {
                      "Node Type": "Hash",
                      "Parent Relationship": "Inner",
                      "Parallel Aware": true,
                      "Startup Cost": 43899.32,
                      "Total Cost": 43899.32,
                      "Plan Rows": 191197,
                      "Plan Width": 4,
                      "Actual Startup Time": 188.292,
                      "Actual Total Time": 188.293,
                      "Actual Rows": 195669,
                      "Actual Loops": 4,
                      "Hash Buckets": 1048576,
                      "Original Hash Buckets": 1048576,
                      "Hash Batches": 1,
                      "Original Hash Batches": 1,
                      "Peak Memory Usage": 38848,
                      "Plans": [
                        {
                          "Node Type": "Seq Scan",
                          "Parent Relationship": "Outer",
                          "Parallel Aware": true,
                          "Relation Name": "title",
                          "Alias": "t",
                          "Startup Cost": 0.0,
                          "Total Cost": 43899.32,
                          "Plan Rows": 191197,
                          "Plan Width": 4,
                          "Actual Startup Time": 0.052,
                          "Actual Total Time": 111.022,
                          "Actual Rows": 195669,
                          "Actual Loops": 4,
                          "Filter": "(production_year < 1994)",
                          "Rows Removed by Filter": 436409
                        }
                      ]
                    }
                  ]
                }
              ]
            }
          ]
        }
      ]
    },
    "Planning Time": 0.665,
    "Triggers": [],
    "Execution Time": 351.95
  }
]