[
  {
    "Plan": {
      "Node Type": "Aggregate",
      "Strategy": "Plain",
      "Partial Mode": "Finalize",
      "Parallel Aware": false,
      "Startup Cost": 77464.14,
      "Total Cost": 77464.15,
      "Plan Rows": 1,
      "Plan Width": 8,
      "Actual Startup Time": 305.276,
      "Actual Total Time": 321.296,
      "Actual Rows": 1,
      "Actual Loops": 1,
      "Plans": [
        {
          "Node Type": "Gather",
          "Parent Relationship": "Outer",
          "Parallel Aware": false,
          "Startup Cost": 77463.83,
          "Total Cost": 77464.14,
          "Plan Rows": 3,
          "Plan Width": 8,
          "Actual Startup Time": 302.792,
          "Actual Total Time": 321.288,
          "Actual Rows": 4,
          "Actual Loops": 1,
          "Workers Planned": 3,
          "Workers Launched": 3,
          "Single Copy": false,
          "Plans": [
            {
              "Node Type": "Aggregate",
              "Strategy": "Plain",
              "Partial Mode": "Partial",
              "Parent Relationship": "Outer",
              "Parallel Aware": false,
              "Startup Cost": 76463.83,
              "Total Cost": 76463.84,
              "Plan Rows": 1,
              "Plan Width": 8,
              "Actual Startup Time": 295.548,
              "Actual Total Time": 295.551,
              "Actual Rows": 1,
              "Actual Loops": 4,
              "Plans": [
                {
                  "Node Type": "Hash Join",
                  "Parent Relationship": "Outer",
                  "Parallel Aware": true,
                  "Join Type": "Inner",
                  "Startup Cost": 46331.27,
                  "Total Cost": 76277.49,
                  "Plan Rows": 74535,
                  "Plan Width": 0,
                  "Actual Startup Time": 190.717,
                  "Actual Total Time": 292.45,
                  "Actual Rows": 70701,
                  "Actual Loops": 4,
                  "Inner Unique": true,
                  "Hash Cond": "(mc.movie_id = t.id)",
                  "Plans": [
                    {
                      "Node Type": "Seq Scan",
                      "Parent Relationship": "Outer",
                      "Parallel Aware": true,
                      "Relation Name": "movie_companies",
                      "Alias": "mc",
                      "Startup Cost": 0.0,
                      "Total Cost": 29310.68,
                      "Plan Rows": 242111,
                      "Plan Width": 4,
                      "Actual Startup Time": 13.22,
                      "Actual Total Time": 60.889,
                      "Actual Rows": 191276,
                      "Actual Loops": 4,
                      "Filter": "(company_id > 34678)",
                      "Rows Removed by Filter": 461006
                    },
                    {
                      "Node Type": "Hash",
                      "Parent Relationship": "Inner",
                      "Parallel Aware": true,
                      "Startup Cost": 43898.92,
                      "Total Cost": 43898.92,
                      "Plan Rows": 194588,
                      "Plan Width": 4,
                      "Actual Startup Time": 173.202,
                      "Actual Total Time": 173.202,
                      "Actual Rows": 195669,
                      "Actual Loops": 4,
                      "Hash Buckets": 1048576,
                      "Original Hash Buckets": 1048576,
                      "Hash Batches": 1,
                      "Original Hash Batches": 1,
                      "Peak Memory Usage": 38880,
                      "Plans": [
                        {
                          "Node Type": "Seq Scan",
                          "Parent Relationship": "Outer",
                          "Parallel Aware": true,
                          "Relation Name": "title",
                          "Alias": "t",
                          "Startup Cost": 0.0,
                          "Total Cost": 43898.92,
                          "Plan Rows": 194588,
                          "Plan Width": 4,
                          "Actual Startup Time": 0.027,
                          "Actual Total Time": 101.755,
                          "Actual Rows": 195669,
                          "Actual Loops": 4,
                          "Filter": "(production_year < 1994)",
                          "Rows Removed by Filter": 436409
                        }
                      ]
                    }
                  ]
                }
              ]
            }
          ]
        }
      ]
    },
    "Planning Time": 0.399,
    "Triggers": [],
    "Execution Time": 321.348
  }
]