[
    {
        "Bao": {
            "Bao prediction": 508.555,
            "Bao recommended hint": "(no hint)"
        }
    },
    {
        "Plan": {
            "Node Type": "Aggregate",
            "Strategy": "Plain",
            "Partial Mode": "Finalize",
            "Parallel Aware": false,
            "Startup Cost": 338546.75,
            "Total Cost": 338546.76,
            "Plan Rows": 1,
            "Plan Width": 8,
            "Actual Startup Time": 986.894,
            "Actual Total Time": 1025.419,
            "Actual Rows": 1,
            "Actual Loops": 1,
            "Output": [
                "count(*)"
            ],
            "Plans": [
                {
                    "Node Type": "Gather",
                    "Parent Relationship": "Outer",
                    "Parallel Aware": false,
                    "Startup Cost": 338546.12,
                    "Total Cost": 338546.73,
                    "Plan Rows": 6,
                    "Plan Width": 8,
                    "Actual Startup Time": 986.812,
                    "Actual Total Time": 1025.41,
                    "Actual Rows": 7,
                    "Actual Loops": 1,
                    "Output": [
                        "(PARTIAL count(*))"
                    ],
                    "Workers Planned": 6,
                    "Workers Launched": 6,
                    "Single Copy": false,
                    "Plans": [
                        {
                            "Node Type": "Aggregate",
                            "Strategy": "Plain",
                            "Partial Mode": "Partial",
                            "Parent Relationship": "Outer",
                            "Parallel Aware": false,
                            "Startup Cost": 337546.12,
                            "Total Cost": 337546.13,
                            "Plan Rows": 1,
                            "Plan Width": 8,
                            "Actual Startup Time": 977.776,
                            "Actual Total Time": 977.777,
                            "Actual Rows": 1,
                            "Actual Loops": 7,
                            "Output": [
                                "PARTIAL count(*)"
                            ],
                            "Workers": [
                                {
                                    "Worker Number": 0,
                                    "Actual Startup Time": 976.157,
                                    "Actual Total Time": 976.158,
                                    "Actual Rows": 1,
                                    "Actual Loops": 1
                                },
                                {
                                    "Worker Number": 1,
                                    "Actual Startup Time": 976.378,
                                    "Actual Total Time": 976.379,
                                    "Actual Rows": 1,
                                    "Actual Loops": 1
                                },
                                {
                                    "Worker Number": 2,
                                    "Actual Startup Time": 976.34,
                                    "Actual Total Time": 976.341,
                                    "Actual Rows": 1,
                                    "Actual Loops": 1
                                },
                                {
                                    "Worker Number": 3,
                                    "Actual Startup Time": 976.391,
                                    "Actual Total Time": 976.392,
                                    "Actual Rows": 1,
                                    "Actual Loops": 1
                                },
                                {
                                    "Worker Number": 4,
                                    "Actual Startup Time": 976.535,
                                    "Actual Total Time": 976.536,
                                    "Actual Rows": 1,
                                    "Actual Loops": 1
                                },
                                {
                                    "Worker Number": 5,
                                    "Actual Startup Time": 976.622,
                                    "Actual Total Time": 976.623,
                                    "Actual Rows": 1,
                                    "Actual Loops": 1
                                }
                            ],
                            "Plans": [
                                {
                                    "Node Type": "Seq Scan",
                                    "Parent Relationship": "Outer",
                                    "Parallel Aware": true,
                                    "Relation Name": "cast_info",
                                    "Schema": "public",
                                    "Alias": "ci",
                                    "Startup Cost": 0.0,
                                    "Total Cost": 328213.62,
                                    "Plan Rows": 3733002,
                                    "Plan Width": 0,
                                    "Actual Startup Time": 0.056,
                                    "Actual Total Time": 764.452,
                                    "Actual Rows": 3186253,
                                    "Actual Loops": 7,
                                    "Output": [
                                        "id",
                                        "person_id",
                                        "movie_id",
                                        "person_role_id",
                                        "note",
                                        "nr_order",
                                        "role_id"
                                    ],
                                    "Filter": "(ci.person_id < 2272855)",
                                    "Rows Removed by Filter": 1991511,
                                    "Workers": [
                                        {
                                            "Worker Number": 0,
                                            "Actual Startup Time": 0.057,
                                            "Actual Total Time": 769.077,
                                            "Actual Rows": 3058028,
                                            "Actual Loops": 1
                                        },
                                        {
                                            "Worker Number": 1,
                                            "Actual Startup Time": 0.058,
                                            "Actual Total Time": 769.767,
                                            "Actual Rows": 3089641,
                                            "Actual Loops": 1
                                        },
                                        {
                                            "Worker Number": 2,
                                            "Actual Startup Time": 0.061,
                                            "Actual Total Time": 768.121,
                                            "Actual Rows": 3103059,
                                            "Actual Loops": 1
                                        },
                                        {
                                            "Worker Number": 3,
                                            "Actual Startup Time": 0.06,
                                            "Actual Total Time": 768.892,
                                            "Actual Rows": 3091254,
                                            "Actual Loops": 1
                                        },
                                        {
                                            "Worker Number": 4,
                                            "Actual Startup Time": 0.069,
                                            "Actual Total Time": 771.174,
                                            "Actual Rows": 3065088,
                                            "Actual Loops": 1
                                        },
                                        {
                                            "Worker Number": 5,
                                            "Actual Startup Time": 0.064,
                                            "Actual Total Time": 769.188,
                                            "Actual Rows": 3083341,
                                            "Actual Loops": 1
                                        }
                                    ]
                                }
                            ]
                        }
                    ]
                }
            ]
        },
        "Planning Time": 1333.741,
        "Triggers": [],
        "Execution Time": 1025.523
    }
]