[
  {
    "Plan": {
      "Node Type": "Aggregate",
      "Strategy": "Plain",
      "Partial Mode": "Simple",
      "Parallel Aware": false,
      "Startup Cost": 21536.52,
      "Total Cost": 21536.53,
      "Plan Rows": 1,
      "Plan Width": 8,
      "Actual Startup Time": 35.641,
      "Actual Total Time": 35.642,
      "Actual Rows": 1,
      "Actual Loops": 1,
      "Plans": [
        {
          "Node Type": "Bitmap Heap Scan",
          "Parent Relationship": "Outer",
          "Parallel Aware": false,
          "Relation Name": "movie_companies",
          "Alias": "mc",
          "Startup Cost": 1624.26,
          "Total Cost": 21349.47,
          "Plan Rows": 74817,
          "Plan Width": 0,
          "Actual Startup Time": 7.934,
          "Actual Total Time": 29.735,
          "Actual Rows": 71752,
          "Actual Loops": 1,
          "Recheck Cond": "(company_id > 175499)",
          "Rows Removed by Index Recheck": 0,
          "Exact Heap Blocks": 2477,
          "Lossy Heap Blocks": 0,
          "Plans": [
            {
              "Node Type": "Bitmap Index Scan",
              "Parent Relationship": "Outer",
              "Parallel Aware": false,
              "Index Name": "company_id_movie_companies",
              "Startup Cost": 0.0,
              "Total Cost": 1605.56,
              "Plan Rows": 74817,
              "Plan Width": 0,
              "Actual Startup Time": 7.099,
              "Actual Total Time": 7.099,
              "Actual Rows": 71752,
              "Actual Loops": 1,
              "Index Cond": "(company_id > 175499)"
            }
          ]
        }
      ]
    },
    "Planning Time": 0.13,
    "Triggers": [],
    "Execution Time": 35.687
  }
]