[
  {
    "Plan": {
      "Node Type": "Aggregate",
      "Strategy": "Plain",
      "Partial Mode": "Finalize",
      "Parallel Aware": false,
      "Startup Cost": 345530.97,
      "Total Cost": 345530.98,
      "Plan Rows": 1,
      "Plan Width": 8,
      "Actual Startup Time": 432.576,
      "Actual Total Time": 454.748,
      "Actual Rows": 1,
      "Actual Loops": 1,
      "Plans": [
        {
          "Node Type": "Gather",
          "Parent Relationship": "Outer",
          "Parallel Aware": false,
          "Startup Cost": 345530.35,
          "Total Cost": 345530.96,
          "Plan Rows": 6,
          "Plan Width": 8,
          "Actual Startup Time": 432.44,
          "Actual Total Time": 454.738,
          "Actual Rows": 7,
          "Actual Loops": 1,
          "Workers Planned": 6,
          "Workers Launched": 6,
          "Single Copy": false,
          "Plans": [
            {
              "Node Type": "Aggregate",
              "Strategy": "Plain",
              "Partial Mode": "Partial",
              "Parent Relationship": "Outer",
              "Parallel Aware": false,
              "Startup Cost": 344530.35,
              "Total Cost": 344530.36,
              "Plan Rows": 1,
              "Plan Width": 8,
              "Actual Startup Time": 424.711,
              "Actual Total Time": 424.712,
              "Actual Rows": 1,
              "Actual Loops": 7,
              "Plans": [
                {
                  "Node Type": "Index Scan",
                  "Parent Relationship": "Outer",
                  "Parallel Aware": true,
                  "Scan Direction": "Forward",
                  "Index Name": "role_id_cast_info",
                  "Relation Name": "cast_info",
                  "Alias": "ci",
                  "Startup Cost": 0.56,
                  "Total Cost": 341155.22,
                  "Plan Rows": 1350052,
                  "Plan Width": 0,
                  "Actual Startup Time": 308.312,
                  "Actual Total Time": 402.741,
                  "Actual Rows": 443574,
                  "Actual Loops": 7,
                  "Index Cond": "(role_id = 1)",
                  "Rows Removed by Index Recheck": 0,
                  "Filter": "(person_id > 1304809)",
                  "Rows Removed by Filter": 1366524
                }
              ]
            }
          ]
        }
      ]
    },
    "Planning Time": 0.125,
    "Triggers": [],
    "Execution Time": 454.798
  }
]