{
    "Plan": {
        "Node Type": "Aggregate",
        "Strategy": "Plain",
        "Partial Mode": "Finalize",
        "Parallel Aware": false,
        "Startup Cost": 363765.93,
        "Total Cost": 363765.94,
        "Plan Rows": 1,
        "Plan Width": 8,
        "Actual Startup Time": 1104.406,
        "Actual Total Time": 1156.41,
        "Actual Rows": 1,
        "Actual Loops": 1,
        "Output": [
            "count(*)"
        ],
        "Plans": [
            {
                "Node Type": "Gather",
                "Parent Relationship": "Outer",
                "Parallel Aware": false,
                "Startup Cost": 363765.41,
                "Total Cost": 363765.92,
                "Plan Rows": 5,
                "Plan Width": 8,
                "Actual Startup Time": 1093.594,
                "Actual Total Time": 1156.399,
                "Actual Rows": 6,
                "Actual Loops": 1,
                "Output": [
                    "(PARTIAL count(*))"
                ],
                "Workers Planned": 5,
                "Workers Launched": 5,
                "Single Copy": false,
                "Plans": [
                    {
                        "Node Type": "Aggregate",
                        "Strategy": "Plain",
                        "Partial Mode": "Partial",
                        "Parent Relationship": "Outer",
                        "Parallel Aware": false,
                        "Startup Cost": 362765.41,
                        "Total Cost": 362765.42,
                        "Plan Rows": 1,
                        "Plan Width": 8,
                        "Actual Startup Time": 1082.566,
                        "Actual Total Time": 1082.816,
                        "Actual Rows": 1,
                        "Actual Loops": 6,
                        "Output": [
                            "PARTIAL count(*)"
                        ],
                        "Workers": [
                            {
                                "Worker Number": 0,
                                "Actual Startup Time": 1079.969,
                                "Actual Total Time": 1079.974,
                                "Actual Rows": 1,
                                "Actual Loops": 1
                            },
                            {
                                "Worker Number": 1,
                                "Actual Startup Time": 1081.566,
                                "Actual Total Time": 1081.57,
                                "Actual Rows": 1,
                                "Actual Loops": 1
                            },
                            {
                                "Worker Number": 2,
                                "Actual Startup Time": 1080.221,
                                "Actual Total Time": 1080.227,
                                "Actual Rows": 1,
                                "Actual Loops": 1
                            },
                            {
                                "Worker Number": 3,
                                "Actual Startup Time": 1080.527,
                                "Actual Total Time": 1080.532,
                                "Actual Rows": 1,
                                "Actual Loops": 1
                            },
                            {
                                "Worker Number": 4,
                                "Actual Startup Time": 1080.486,
                                "Actual Total Time": 1080.491,
                                "Actual Rows": 1,
                                "Actual Loops": 1
                            }
                        ],
                        "Plans": [
                            {
                                "Node Type": "Hash Join",
                                "Parent Relationship": "Outer",
                                "Parallel Aware": true,
                                "Join Type": "Inner",
                                "Startup Cost": 249856.64,
                                "Total Cost": 362243.61,
                                "Plan Rows": 208719,
                                "Plan Width": 0,
                                "Actual Startup Time": 631.337,
                                "Actual Total Time": 1046.046,
                                "Actual Rows": 923900,
                                "Actual Loops": 6,
                                "Inner Unique": false,
                                "Hash Cond": "(ci.movie_id = t.id)",
                                "Workers": [
                                    {
                                        "Worker Number": 0,
                                        "Actual Startup Time": 629.018,
                                        "Actual Total Time": 1043.164,
                                        "Actual Rows": 920460,
                                        "Actual Loops": 1
                                    },
                                    {
                                        "Worker Number": 1,
                                        "Actual Startup Time": 629.538,
                                        "Actual Total Time": 1044.419,
                                        "Actual Rows": 931287,
                                        "Actual Loops": 1
                                    },
                                    {
                                        "Worker Number": 2,
                                        "Actual Startup Time": 629.107,
                                        "Actual Total Time": 1047.697,
                                        "Actual Rows": 812546,
                                        "Actual Loops": 1
                                    },
                                    {
                                        "Worker Number": 3,
                                        "Actual Startup Time": 629.289,
                                        "Actual Total Time": 1043.622,
                                        "Actual Rows": 927246,
                                        "Actual Loops": 1
                                    },
                                    {
                                        "Worker Number": 4,
                                        "Actual Startup Time": 629.656,
                                        "Actual Total Time": 1043.653,
                                        "Actual Rows": 923903,
                                        "Actual Loops": 1
                                    }
                                ],
                                "Plans": [
                                    {
                                        "Node Type": "Index Scan",
                                        "Parent Relationship": "Outer",
                                        "Parallel Aware": true,
                                        "Scan Direction": "Forward",
                                        "Index Name": "role_id_cast_info",
                                        "Relation Name": "cast_info",
                                        "Schema": "public",
                                        "Alias": "ci",
                                        "Startup Cost": 0.56,
                                        "Total Cost": 109204.72,
                                        "Plan Rows": 737435,
                                        "Plan Width": 4,
                                        "Actual Startup Time": 0.211,
                                        "Actual Total Time": 149.809,
                                        "Actual Rows": 631063,
                                        "Actual Loops": 6,
                                        "Output": [
                                            "ci.id",
                                            "ci.person_id",
                                            "ci.movie_id",
                                            "ci.person_role_id",
                                            "ci.note",
                                            "ci.nr_order",
                                            "ci.role_id"
                                        ],
                                        "Index Cond": "(ci.role_id = 3)",
                                        "Rows Removed by Index Recheck": 0,
                                        "Filter": "(ci.person_id > 283198)",
                                        "Rows Removed by Filter": 36944,
                                        "Workers": [
                                            {
                                                "Worker Number": 0,
                                                "Actual Startup Time": 0.337,
                                                "Actual Total Time": 155.235,
                                                "Actual Rows": 631150,
                                                "Actual Loops": 1
                                            },
                                            {
                                                "Worker Number": 1,
                                                "Actual Startup Time": 0.239,
                                                "Actual Total Time": 153.837,
                                                "Actual Rows": 623325,
                                                "Actual Loops": 1
                                            },
                                            {
                                                "Worker Number": 2,
                                                "Actual Startup Time": 0.082,
                                                "Actual Total Time": 151.203,
                                                "Actual Rows": 576881,
                                                "Actual Loops": 1
                                            },
                                            {
                                                "Worker Number": 3,
                                                "Actual Startup Time": 0.133,
                                                "Actual Total Time": 153.746,
                                                "Actual Rows": 626369,
                                                "Actual Loops": 1
                                            },
                                            {
                                                "Worker Number": 4,
                                                "Actual Startup Time": 0.27,
                                                "Actual Total Time": 154.954,
                                                "Actual Rows": 634370,
                                                "Actual Loops": 1
                                            }
                                        ]
                                    },
                                    {
                                        "Node Type": "Hash",
                                        "Parent Relationship": "Inner",
                                        "Parallel Aware": true,
                                        "Startup Cost": 248067.07,
                                        "Total Cost": 248067.07,
                                        "Plan Rows": 143120,
                                        "Plan Width": 8,
                                        "Actual Startup Time": 627.451,
                                        "Actual Total Time": 627.699,
                                        "Actual Rows": 274890,
                                        "Actual Loops": 6,
                                        "Output": [
                                            "t.id",
                                            "mi.movie_id"
                                        ],
                                        "Hash Buckets": 2097152,
                                        "Original Hash Buckets": 1048576,
                                        "Hash Batches": 1,
                                        "Original Hash Batches": 1,
                                        "Peak Memory Usage": 89216,
                                        "Workers": [
                                            {
                                                "Worker Number": 0,
                                                "Actual Startup Time": 628.284,
                                                "Actual Total Time": 628.286,
                                                "Actual Rows": 278175,
                                                "Actual Loops": 1
                                            },
                                            {
                                                "Worker Number": 1,
                                                "Actual Startup Time": 628.409,
                                                "Actual Total Time": 628.412,
                                                "Actual Rows": 273513,
                                                "Actual Loops": 1
                                            },
                                            {
                                                "Worker Number": 2,
                                                "Actual Startup Time": 628.437,
                                                "Actual Total Time": 628.441,
                                                "Actual Rows": 241805,
                                                "Actual Loops": 1
                                            },
                                            {
                                                "Worker Number": 3,
                                                "Actual Startup Time": 628.781,
                                                "Actual Total Time": 628.785,
                                                "Actual Rows": 277471,
                                                "Actual Loops": 1
                                            },
                                            {
                                                "Worker Number": 4,
                                                "Actual Startup Time": 628.775,
                                                "Actual Total Time": 628.779,
                                                "Actual Rows": 274429,
                                                "Actual Loops": 1
                                            }
                                        ],
                                        "Plans": [
                                            {
                                                "Node Type": "Hash Join",
                                                "Parent Relationship": "Outer",
                                                "Parallel Aware": true,
                                                "Join Type": "Inner",
                                                "Startup Cost": 48016.41,
                                                "Total Cost": 248067.07,
                                                "Plan Rows": 143120,
                                                "Plan Width": 8,
                                                "Actual Startup Time": 151.575,
                                                "Actual Total Time": 518.57,
                                                "Actual Rows": 274890,
                                                "Actual Loops": 6,
                                                "Output": [
                                                    "t.id",
                                                    "mi.movie_id"
                                                ],
                                                "Inner Unique": true,
                                                "Hash Cond": "(mi.movie_id = t.id)",
                                                "Workers": [
                                                    {
                                                        "Worker Number": 0,
                                                        "Actual Startup Time": 151.627,
                                                        "Actual Total Time": 519.584,
                                                        "Actual Rows": 278175,
                                                        "Actual Loops": 1
                                                    },
                                                    {
                                                        "Worker Number": 1,
                                                        "Actual Startup Time": 151.579,
                                                        "Actual Total Time": 519.337,
                                                        "Actual Rows": 273513,
                                                        "Actual Loops": 1
                                                    },
                                                    {
                                                        "Worker Number": 2,
                                                        "Actual Startup Time": 151.495,
                                                        "Actual Total Time": 519.366,
                                                        "Actual Rows": 241805,
                                                        "Actual Loops": 1
                                                    },
                                                    {
                                                        "Worker Number": 3,
                                                        "Actual Startup Time": 151.563,
                                                        "Actual Total Time": 519.608,
                                                        "Actual Rows": 277471,
                                                        "Actual Loops": 1
                                                    },
                                                    {
                                                        "Worker Number": 4,
                                                        "Actual Startup Time": 151.523,
                                                        "Actual Total Time": 517.957,
                                                        "Actual Rows": 274429,
                                                        "Actual Loops": 1
                                                    }
                                                ],
                                                "Plans": [
                                                    {
                                                        "Node Type": "Seq Scan",
                                                        "Parent Relationship": "Outer",
                                                        "Parallel Aware": true,
                                                        "Relation Name": "movie_info",
                                                        "Schema": "public",
                                                        "Alias": "mi",
                                                        "Startup Cost": 0.0,
                                                        "Total Cost": 198880.74,
                                                        "Plan Rows": 445687,
                                                        "Plan Width": 4,
                                                        "Actual Startup Time": 14.664,
                                                        "Actual Total Time": 279.429,
                                                        "Actual Rows": 372308,
                                                        "Actual Loops": 6,
                                                        "Output": [
                                                            "mi.id",
                                                            "mi.movie_id",
                                                            "mi.info_type_id",
                                                            "mi.info",
                                                            "mi.note"
                                                        ],
                                                        "Filter": "(mi.info_type_id > 16)",
                                                        "Rows Removed by Filter": 2100312,
                                                        "Workers": [
                                                            {
                                                                "Worker Number": 0,
                                                                "Actual Startup Time": 14.689,
                                                                "Actual Total Time": 282.471,
                                                                "Actual Rows": 374710,
                                                                "Actual Loops": 1
                                                            },
                                                            {
                                                                "Worker Number": 1,
                                                                "Actual Startup Time": 14.586,
                                                                "Actual Total Time": 282.818,
                                                                "Actual Rows": 368748,
                                                                "Actual Loops": 1
                                                            },
                                                            {
                                                                "Worker Number": 2,
                                                                "Actual Startup Time": 14.666,
                                                                "Actual Total Time": 283.575,
                                                                "Actual Rows": 320741,
                                                                "Actual Loops": 1
                                                            },
                                                            {
                                                                "Worker Number": 3,
                                                                "Actual Startup Time": 14.685,
                                                                "Actual Total Time": 282.332,
                                                                "Actual Rows": 374735,
                                                                "Actual Loops": 1
                                                            },
                                                            {
                                                                "Worker Number": 4,
                                                                "Actual Startup Time": 14.69,
                                                                "Actual Total Time": 282.409,
                                                                "Actual Rows": 369127,
                                                                "Actual Loops": 1
                                                            }
                                                        ]
                                                    },
                                                    {
                                                        "Node Type": "Hash",
                                                        "Parent Relationship": "Inner",
                                                        "Parallel Aware": true,
                                                        "Startup Cost": 45479.21,
                                                        "Total Cost": 45479.21,
                                                        "Plan Rows": 202976,
                                                        "Plan Width": 4,
                                                        "Actual Startup Time": 135.083,
                                                        "Actual Total Time": 135.084,
                                                        "Actual Rows": 140503,
                                                        "Actual Loops": 6,
                                                        "Output": [
                                                            "t.id"
                                                        ],
                                                        "Hash Buckets": 1048576,
                                                        "Original Hash Buckets": 1048576,
                                                        "Hash Batches": 1,
                                                        "Original Hash Batches": 1,
                                                        "Peak Memory Usage": 41280,
                                                        "Workers": [
                                                            {
                                                                "Worker Number": 0,
                                                                "Actual Startup Time": 136.757,
                                                                "Actual Total Time": 136.758,
                                                                "Actual Rows": 138366,
                                                                "Actual Loops": 1
                                                            },
                                                            {
                                                                "Worker Number": 1,
                                                                "Actual Startup Time": 136.769,
                                                                "Actual Total Time": 136.77,
                                                                "Actual Rows": 138728,
                                                                "Actual Loops": 1
                                                            },
                                                            {
                                                                "Worker Number": 2,
                                                                "Actual Startup Time": 136.697,
                                                                "Actual Total Time": 136.699,
                                                                "Actual Rows": 117174,
                                                                "Actual Loops": 1
                                                            },
                                                            {
                                                                "Worker Number": 3,
                                                                "Actual Startup Time": 136.78,
                                                                "Actual Total Time": 136.781,
                                                                "Actual Rows": 137918,
                                                                "Actual Loops": 1
                                                            },
                                                            {
                                                                "Worker Number": 4,
                                                                "Actual Startup Time": 136.774,
                                                                "Actual Total Time": 136.774,
                                                                "Actual Rows": 140015,
                                                                "Actual Loops": 1
                                                            }
                                                        ],
                                                        "Plans": [
                                                            {
                                                                "Node Type": "Seq Scan",
                                                                "Parent Relationship": "Outer",
                                                                "Parallel Aware": true,
                                                                "Relation Name": "title",
                                                                "Schema": "public",
                                                                "Alias": "t",
                                                                "Startup Cost": 0.0,
                                                                "Total Cost": 45479.21,
                                                                "Plan Rows": 202976,
                                                                "Plan Width": 4,
                                                                "Actual Startup Time": 0.07,
                                                                "Actual Total Time": 79.176,
                                                                "Actual Rows": 140503,
                                                                "Actual Loops": 6,
                                                                "Output": [
                                                                    "t.id"
                                                                ],
                                                                "Filter": "((t.kind_id < 7) AND (t.production_year < 2011))",
                                                                "Rows Removed by Filter": 280882,
                                                                "Workers": [
                                                                    {
                                                                        "Worker Number": 0,
                                                                        "Actual Startup Time": 0.087,
                                                                        "Actual Total Time": 79.821,
                                                                        "Actual Rows": 138366,
                                                                        "Actual Loops": 1
                                                                    },
                                                                    {
                                                                        "Worker Number": 1,
                                                                        "Actual Startup Time": 0.079,
                                                                        "Actual Total Time": 80.528,
                                                                        "Actual Rows": 138728,
                                                                        "Actual Loops": 1
                                                                    },
                                                                    {
                                                                        "Worker Number": 2,
                                                                        "Actual Startup Time": 0.094,
                                                                        "Actual Total Time": 77.43,
                                                                        "Actual Rows": 117174,
                                                                        "Actual Loops": 1
                                                                    },
                                                                    {
                                                                        "Worker Number": 3,
                                                                        "Actual Startup Time": 0.075,
                                                                        "Actual Total Time": 79.823,
                                                                        "Actual Rows": 137918,
                                                                        "Actual Loops": 1
                                                                    },
                                                                    {
                                                                        "Worker Number": 4,
                                                                        "Actual Startup Time": 0.066,
                                                                        "Actual Total Time": 80.511,
                                                                        "Actual Rows": 140015,
                                                                        "Actual Loops": 1
                                                                    }
                                                                ]
                                                            }
                                                        ]
                                                    }
                                                ]
                                            }
                                        ]
                                    }
                                ]
                            }
                        ]
                    }
                ]
            }
        ]
    },
    "Planning Time": 1.646,
    "Triggers": [],
    "Execution Time": 1156.514
}