{
  "Plan": {
    "Node Type": "Aggregate",
    "Strategy": "Plain",
    "Partial Mode": "Finalize",
    "Parallel Aware": false,
    "Startup Cost": 322193.97,
    "Total Cost": 322193.98,
    "Plan Rows": 1,
    "Plan Width": 8,
    "Actual Startup Time": 850.668,
    "Actual Total Time": 874.817,
    "Actual Rows": 1,
    "Actual Loops": 1,
    "Plans": [
      {
        "Node Type": "Gather",
        "Parent Relationship": "Outer",
        "Parallel Aware": false,
        "Startup Cost": 322193.86,
        "Total Cost": 322193.97,
        "Plan Rows": 1,
        "Plan Width": 8,
        "Actual Startup Time": 849.778,
        "Actual Total Time": 874.807,
        "Actual Rows": 2,
        "Actual Loops": 1,
        "Workers Planned": 1,
        "Workers Launched": 1,
        "Single Copy": false,
        "Plans": [
          {
            "Node Type": "Aggregate",
            "Strategy": "Plain",
            "Partial Mode": "Partial",
            "Parent Relationship": "Outer",
            "Parallel Aware": false,
            "Startup Cost": 321193.86,
            "Total Cost": 321193.87,
            "Plan Rows": 1,
            "Plan Width": 8,
            "Actual Startup Time": 843.651,
            "Actual Total Time": 843.657,
            "Actual Rows": 1,
            "Actual Loops": 2,
            "Plans": [
              {
                "Node Type": "Hash Join",
                "Parent Relationship": "Outer",
                "Parallel Aware": true,
                "Join Type": "Inner",
                "Startup Cost": 259493.75,
                "Total Cost": 320998.36,
                "Plan Rows": 78199,
                "Plan Width": 0,
                "Actual Startup Time": 450.433,
                "Actual Total Time": 834.44,
                "Actual Rows": 180174,
                "Actual Loops": 2,
                "Inner Unique": false,
                "Hash Cond": "(mk.movie_id = t.id)",
                "Plans": [
                  {
                    "Node Type": "Seq Scan",
                    "Parent Relationship": "Outer",
                    "Parallel Aware": true,
                    "Relation Name": "movie_keyword",
                    "Alias": "mk",
                    "Startup Cost": 0.0,
                    "Total Cost": 51065.35,
                    "Plan Rows": 2661135,
                    "Plan Width": 4,
                    "Actual Startup Time": 0.034,
                    "Actual Total Time": 181.387,
                    "Actual Rows": 2261965,
                    "Actual Loops": 2
                  },
                  {
                    "Node Type": "Hash",
                    "Parent Relationship": "Inner",
                    "Parallel Aware": true,
                    "Startup Cost": 258947.45,
                    "Total Cost": 258947.45,
                    "Plan Rows": 43704,
                    "Plan Width": 8,
                    "Actual Startup Time": 447.812,
                    "Actual Total Time": 447.817,
                    "Actual Rows": 31486,
                    "Actual Loops": 2,
                    "Hash Buckets": 131072,
                    "Original Hash Buckets": 131072,
                    "Hash Batches": 1,
                    "Original Hash Batches": 1,
                    "Peak Memory Usage": 3520,
                    "Plans": [
                      {
                        "Node Type": "Hash Join",
                        "Parent Relationship": "Outer",
                        "Parallel Aware": true,
                        "Join Type": "Inner",
                        "Startup Cost": 83297.14,
                        "Total Cost": 258947.45,
                        "Plan Rows": 43704,
                        "Plan Width": 8,
                        "Actual Startup Time": 250.502,
                        "Actual Total Time": 439.51,
                        "Actual Rows": 31486,
                        "Actual Loops": 2,
                        "Inner Unique": true,
                        "Hash Cond": "(mi.movie_id = t.id)",
                        "Plans": [
                          {
                            "Node Type": "Bitmap Heap Scan",
                            "Parent Relationship": "Outer",
                            "Parallel Aware": true,
                            "Relation Name": "movie_info",
                            "Alias": "mi",
                            "Startup Cost": 27808.97,
                            "Total Cost": 201089.01,
                            "Plan Rows": 902963,
                            "Plan Width": 4,
                            "Actual Startup Time": 77.94,
                            "Actual Total Time": 157.216,
                            "Actual Rows": 766954,
                            "Actual Loops": 2,
                            "Recheck Cond": "(info_type_id = 3)",
                            "Rows Removed by Index Recheck": 0,
                            "Exact Heap Blocks": 5897,
                            "Lossy Heap Blocks": 0,
                            "Plans": [
                              {
                                "Node Type": "Bitmap Index Scan",
                                "Parent Relationship": "Outer",
                                "Parallel Aware": false,
                                "Index Name": "info_type_id_movie_info",
                                "Startup Cost": 0.0,
                                "Total Cost": 27425.21,
                                "Plan Rows": 1535037,
                                "Plan Width": 0,
                                "Actual Startup Time": 75.602,
                                "Actual Total Time": 75.602,
                                "Actual Rows": 1533909,
                                "Actual Loops": 1,
                                "Index Cond": "(info_type_id = 3)"
                              }
                            ]
                          },
                          {
                            "Node Type": "Hash",
                            "Parent Relationship": "Inner",
                            "Parallel Aware": true,
                            "Startup Cost": 54588.39,
                            "Total Cost": 54588.39,
                            "Plan Rows": 71982,
                            "Plan Width": 4,
                            "Actual Startup Time": 171.102,
                            "Actual Total Time": 171.103,
                            "Actual Rows": 61430,
                            "Actual Loops": 2,
                            "Hash Buckets": 131072,
                            "Original Hash Buckets": 131072,
                            "Hash Batches": 1,
                            "Original Hash Batches": 1,
                            "Peak Memory Usage": 5888,
                            "Plans": [
                              {
                                "Node Type": "Seq Scan",
                                "Parent Relationship": "Outer",
                                "Parallel Aware": true,
                                "Relation Name": "title",
                                "Alias": "t",
                                "Startup Cost": 0.0,
                                "Total Cost": 54588.39,
                                "Plan Rows": 71982,
                                "Plan Width": 4,
                                "Actual Startup Time": 0.034,
                                "Actual Total Time": 153.295,
                                "Actual Rows": 61430,
                                "Actual Loops": 2,
                                "Filter": "(production_year = 2008)",
                                "Rows Removed by Filter": 1202726
                              }
                            ]
                          }
                        ]
                      }
                    ]
                  }
                ]
              }
            ]
          }
        ]
      }
    ]
  },
  "Planning Time": 0.974,
  "Triggers": [],
  "Execution Time": 874.922
}