[
  {
    "Plan": {
      "Node Type": "Aggregate",
      "Strategy": "Plain",
      "Partial Mode": "Finalize",
      "Parallel Aware": false,
      "Startup Cost": 91801.8,
      "Total Cost": 91801.81,
      "Plan Rows": 1,
      "Plan Width": 8,
      "Actual Startup Time": 292.734,
      "Actual Total Time": 309.708,
      "Actual Rows": 1,
      "Actual Loops": 1,
      "Plans": [
        {
          "Node Type": "Gather",
          "Parent Relationship": "Outer",
          "Parallel Aware": false,
          "Startup Cost": 91801.48,
          "Total Cost": 91801.79,
          "Plan Rows": 3,
          "Plan Width": 8,
          "Actual Startup Time": 292.41,
          "Actual Total Time": 309.694,
          "Actual Rows": 4,
          "Actual Loops": 1,
          "Workers Planned": 3,
          "Workers Launched": 3,
          "Single Copy": false,
          "Plans": [
            {
              "Node Type": "Aggregate",
              "Strategy": "Plain",
              "Partial Mode": "Partial",
              "Parent Relationship": "Outer",
              "Parallel Aware": false,
              "Startup Cost": 90801.48,
              "Total Cost": 90801.49,
              "Plan Rows": 1,
              "Plan Width": 8,
              "Actual Startup Time": 283.444,
              "Actual Total Time": 283.449,
              "Actual Rows": 1,
              "Actual Loops": 4,
              "Plans": [
                {
                  "Node Type": "Hash Join",
                  "Parent Relationship": "Outer",
                  "Parallel Aware": true,
                  "Join Type": "Inner",
                  "Startup Cost": 45624.35,
                  "Total Cost": 90758.92,
                  "Plan Rows": 17022,
                  "Plan Width": 0,
                  "Actual Startup Time": 113.405,
                  "Actual Total Time": 283.017,
                  "Actual Rows": 8173,
                  "Actual Loops": 4,
                  "Inner Unique": true,
                  "Hash Cond": "(mk.movie_id = t.id)",
                  "Plans": [
                    {
                      "Node Type": "Seq Scan",
                      "Parent Relationship": "Outer",
                      "Parallel Aware": true,
                      "Relation Name": "movie_keyword",
                      "Alias": "mk",
                      "Startup Cost": 0.0,
                      "Total Cost": 42695.65,
                      "Plan Rows": 929113,
                      "Plan Width": 4,
                      "Actual Startup Time": 0.022,
                      "Actual Total Time": 114.706,
                      "Actual Rows": 723777,
                      "Actual Loops": 4,
                      "Filter": "(keyword_id < 9136)",
                      "Rows Removed by Filter": 407206
                    },
                    {
                      "Node Type": "Hash",
                      "Parent Relationship": "Inner",
                      "Parallel Aware": true,
                      "Startup Cost": 45479.59,
                      "Total Cost": 45479.59,
                      "Plan Rows": 11581,
                      "Plan Width": 4,
                      "Actual Startup Time": 111.552,
                      "Actual Total Time": 111.554,
                      "Actual Rows": 12642,
                      "Actual Loops": 4,
                      "Hash Buckets": 65536,
                      "Original Hash Buckets": 65536,
                      "Hash Batches": 1,
                      "Original Hash Batches": 1,
                      "Peak Memory Usage": 2560,
                      "Plans": [
                        {
                          "Node Type": "Seq Scan",
                          "Parent Relationship": "Outer",
                          "Parallel Aware": true,
                          "Relation Name": "title",
                          "Alias": "t",
                          "Startup Cost": 0.0,
                          "Total Cost": 45479.59,
                          "Plan Rows": 11581,
                          "Plan Width": 4,
                          "Actual Startup Time": 0.054,
                          "Actual Total Time": 104.843,
                          "Actual Rows": 12642,
                          "Actual Loops": 4,
                          "Filter": "((kind_id > 3) AND (production_year = 2003))",
                          "Rows Removed by Filter": 619436
                        }
                      ]
                    }
                  ]
                }
              ]
            }
          ]
        }
      ]
    },
    "Planning Time": 0.626,
    "Triggers": [],
    "Execution Time": 309.789
  }
]