[
  {
    "Plan": {
      "Node Type": "Aggregate",
      "Strategy": "Plain",
      "Partial Mode": "Finalize",
      "Parallel Aware": false,
      "Startup Cost": 31121.39,
      "Total Cost": 31121.4,
      "Plan Rows": 1,
      "Plan Width": 8,
      "Actual Startup Time": 94.555,
      "Actual Total Time": 99.688,
      "Actual Rows": 1,
      "Actual Loops": 1,
      "Plans": [
        {
          "Node Type": "Gather",
          "Parent Relationship": "Outer",
          "Parallel Aware": false,
          "Startup Cost": 31121.08,
          "Total Cost": 31121.39,
          "Plan Rows": 3,
          "Plan Width": 8,
          "Actual Startup Time": 94.445,
          "Actual Total Time": 99.68,
          "Actual Rows": 4,
          "Actual Loops": 1,
          "Workers Planned": 3,
          "Workers Launched": 3,
          "Single Copy": false,
          "Plans": [
            {
              "Node Type": "Aggregate",
              "Strategy": "Plain",
              "Partial Mode": "Partial",
              "Parent Relationship": "Outer",
              "Parallel Aware": false,
              "Startup Cost": 30121.08,
              "Total Cost": 30121.09,
              "Plan Rows": 1,
              "Plan Width": 8,
              "Actual Startup Time": 88.547,
              "Actual Total Time": 88.548,
              "Actual Rows": 1,
              "Actual Loops": 4,
              "Plans": [
                {
                  "Node Type": "Seq Scan",
                  "Parent Relationship": "Outer",
                  "Parallel Aware": true,
                  "Relation Name": "movie_companies",
                  "Alias": "mc",
                  "Startup Cost": 0.0,
                  "Total Cost": 29310.68,
                  "Plan Rows": 324158,
                  "Plan Width": 0,
                  "Actual Startup Time": 13.318,
                  "Actual Total Time": 75.514,
                  "Actual Rows": 249384,
                  "Actual Loops": 4,
                  "Filter": "(company_id > 16754)",
                  "Rows Removed by Filter": 402898
                }
              ]
            }
          ]
        }
      ]
    },
    "Planning Time": 0.193,
    "Triggers": [],
    "Execution Time": 99.82
  }
]