[
  {
    "Plan": {
      "Node Type": "Aggregate",
      "Strategy": "Plain",
      "Partial Mode": "Simple",
      "Parallel Aware": false,
      "Startup Cost": 4956.57,
      "Total Cost": 4956.58,
      "Plan Rows": 1,
      "Plan Width": 8,
      "Actual Startup Time": 6.634,
      "Actual Total Time": 6.635,
      "Actual Rows": 1,
      "Actual Loops": 1,
      "Plans": [
        {
          "Node Type": "Index Scan",
          "Parent Relationship": "Outer",
          "Parallel Aware": false,
          "Scan Direction": "Forward",
          "Index Name": "company_id_movie_companies",
          "Relation Name": "movie_companies",
          "Alias": "mc",
          "Startup Cost": 0.43,
          "Total Cost": 4954.12,
          "Plan Rows": 979,
          "Plan Width": 0,
          "Actual Startup Time": 0.025,
          "Actual Total Time": 5.928,
          "Actual Rows": 3969,
          "Actual Loops": 1,
          "Index Cond": "(company_id < 6)",
          "Rows Removed by Index Recheck": 0,
          "Filter": "(company_type_id = 1)",
          "Rows Removed by Filter": 743
        }
      ]
    },
    "Planning Time": 0.313,
    "Triggers": [],
    "Execution Time": 6.682
  }
]