[
  {
    "Plan": {
      "Node Type": "Aggregate",
      "Strategy": "Plain",
      "Partial Mode": "Finalize",
      "Parallel Aware": false,
      "Startup Cost": 346298.78,
      "Total Cost": 346298.79,
      "Plan Rows": 1,
      "Plan Width": 8,
      "Actual Startup Time": 682.643,
      "Actual Total Time": 739.934,
      "Actual Rows": 1,
      "Actual Loops": 1,
      "Plans": [
        {
          "Node Type": "Gather",
          "Parent Relationship": "Outer",
          "Parallel Aware": false,
          "Startup Cost": 346298.15,
          "Total Cost": 346298.76,
          "Plan Rows": 6,
          "Plan Width": 8,
          "Actual Startup Time": 682.503,
          "Actual Total Time": 739.924,
          "Actual Rows": 7,
          "Actual Loops": 1,
          "Workers Planned": 6,
          "Workers Launched": 6,
          "Single Copy": false,
          "Plans": [
            {
              "Node Type": "Aggregate",
              "Strategy": "Plain",
              "Partial Mode": "Partial",
              "Parent Relationship": "Outer",
              "Parallel Aware": false,
              "Startup Cost": 345298.15,
              "Total Cost": 345298.16,
              "Plan Rows": 1,
              "Plan Width": 8,
              "Actual Startup Time": 672.153,
              "Actual Total Time": 672.154,
              "Actual Rows": 1,
              "Actual Loops": 7,
              "Plans": [
                {
                  "Node Type": "Seq Scan",
                  "Parent Relationship": "Outer",
                  "Parallel Aware": true,
                  "Relation Name": "cast_info",
                  "Alias": "ci",
                  "Startup Cost": 0.0,
                  "Total Cost": 343257.03,
                  "Plan Rows": 816450,
                  "Plan Width": 0,
                  "Actual Startup Time": 376.777,
                  "Actual Total Time": 625.883,
                  "Actual Rows": 1054662,
                  "Actual Loops": 7,
                  "Filter": "((person_id > 2932368) AND (role_id > 1))",
                  "Rows Removed by Filter": 4123101
                }
              ]
            }
          ]
        }
      ]
    },
    "Planning Time": 0.198,
    "Triggers": [],
    "Execution Time": 740.007
  }
]