[
  {
    "Plan": {
      "Node Type": "Aggregate",
      "Strategy": "Plain",
      "Partial Mode": "Finalize",
      "Parallel Aware": false,
      "Startup Cost": 47813.45,
      "Total Cost": 47813.46,
      "Plan Rows": 1,
      "Plan Width": 8,
      "Actual Startup Time": 50.192,
      "Actual Total Time": 57.209,
      "Actual Rows": 1,
      "Actual Loops": 1,
      "Plans": [
        {
          "Node Type": "Gather",
          "Parent Relationship": "Outer",
          "Parallel Aware": false,
          "Startup Cost": 47813.13,
          "Total Cost": 47813.44,
          "Plan Rows": 3,
          "Plan Width": 8,
          "Actual Startup Time": 50.033,
          "Actual Total Time": 57.203,
          "Actual Rows": 4,
          "Actual Loops": 1,
          "Workers Planned": 3,
          "Workers Launched": 3,
          "Single Copy": false,
          "Plans": [
            {
              "Node Type": "Aggregate",
              "Strategy": "Plain",
              "Partial Mode": "Partial",
              "Parent Relationship": "Outer",
              "Parallel Aware": false,
              "Startup Cost": 46813.13,
              "Total Cost": 46813.14,
              "Plan Rows": 1,
              "Plan Width": 8,
              "Actual Startup Time": 40.576,
              "Actual Total Time": 40.577,
              "Actual Rows": 1,
              "Actual Loops": 4,
              "Plans": [
                {
                  "Node Type": "Nested Loop",
                  "Parent Relationship": "Outer",
                  "Parallel Aware": false,
                  "Join Type": "Inner",
                  "Startup Cost": 311.83,
                  "Total Cost": 46812.86,
                  "Plan Rows": 109,
                  "Plan Width": 0,
                  "Actual Startup Time": 16.407,
                  "Actual Total Time": 40.486,
                  "Actual Rows": 1439,
                  "Actual Loops": 4,
                  "Inner Unique": false,
                  "Plans": [
                    {
                      "Node Type": "Nested Loop",
                      "Parent Relationship": "Outer",
                      "Parallel Aware": false,
                      "Join Type": "Inner",
                      "Startup Cost": 311.4,
                      "Total Cost": 46429.75,
                      "Plan Rows": 61,
                      "Plan Width": 8,
                      "Actual Startup Time": 16.318,
                      "Actual Total Time": 39.264,
                      "Actual Rows": 41,
                      "Actual Loops": 4,
                      "Inner Unique": true,
                      "Plans": [
                        {
                          "Node Type": "Bitmap Heap Scan",
                          "Parent Relationship": "Outer",
                          "Parallel Aware": true,
                          "Relation Name": "movie_companies",
                          "Alias": "mc",
                          "Startup Cost": 310.97,
                          "Total Cost": 18716.65,
                          "Plan Rows": 4601,
                          "Plan Width": 4,
                          "Actual Startup Time": 2.14,
                          "Actual Total Time": 8.815,
                          "Actual Rows": 3224,
                          "Actual Loops": 4,
                          "Recheck Cond": "(company_id = 34)",
                          "Rows Removed by Index Recheck": 0,
                          "Exact Heap Blocks": 2371,
                          "Lossy Heap Blocks": 0,
                          "Plans": [
                            {
                              "Node Type": "Bitmap Index Scan",
                              "Parent Relationship": "Outer",
                              "Parallel Aware": false,
                              "Index Name": "company_id_movie_companies",
                              "Startup Cost": 0.0,
                              "Total Cost": 307.4,
                              "Plan Rows": 14263,
                              "Plan Width": 0,
                              "Actual Startup Time": 6.154,
                              "Actual Total Time": 6.154,
                              "Actual Rows": 12894,
                              "Actual Loops": 1,
                              "Index Cond": "(company_id = 34)"
                            }
                          ]
                        },
                        {
                          "Node Type": "Index Scan",
                          "Parent Relationship": "Inner",
                          "Parallel Aware": false,
                          "Scan Direction": "Forward",
                          "Index Name": "title_pkey",
                          "Relation Name": "title",
                          "Alias": "t",
                          "Startup Cost": 0.43,
                          "Total Cost": 6.02,
                          "Plan Rows": 1,
                          "Plan Width": 4,
                          "Actual Startup Time": 0.009,
                          "Actual Total Time": 0.009,
                          "Actual Rows": 0,
                          "Actual Loops": 12894,
                          "Index Cond": "(id = mc.movie_id)",
                          "Rows Removed by Index Recheck": 0,
                          "Filter": "((kind_id < 7) AND (production_year = 2004))",
                          "Rows Removed by Filter": 1
                        }
                      ]
                    },
                    {
                      "Node Type": "Index Only Scan",
                      "Parent Relationship": "Inner",
                      "Parallel Aware": false,
                      "Scan Direction": "Forward",
                      "Index Name": "movie_id_movie_keyword",
                      "Relation Name": "movie_keyword",
                      "Alias": "mk",
                      "Startup Cost": 0.43,
                      "Total Cost": 5.83,
                      "Plan Rows": 45,
                      "Plan Width": 4,
                      "Actual Startup Time": 0.02,
                      "Actual Total Time": 0.026,
                      "Actual Rows": 35,
                      "Actual Loops": 165,
                      "Index Cond": "(movie_id = t.id)",
                      "Rows Removed by Index Recheck": 0,
                      "Heap Fetches": 5755
                    }
                  ]
                }
              ]
            }
          ]
        }
      ]
    },
    "Planning Time": 1.44,
    "Triggers": [],
    "Execution Time": 57.31
  }
]