[
    {
        "Bao": {
            "Bao prediction": "NaN",
            "Bao recommended hint": "(no hint)"
        }
    },
    {
        "Plan": {
            "Node Type": "Aggregate",
            "Strategy": "Plain",
            "Partial Mode": "Finalize",
            "Parallel Aware": false,
            "Startup Cost": 72716.12,
            "Total Cost": 72716.13,
            "Plan Rows": 1,
            "Plan Width": 8,
            "Actual Startup Time": 221.129,
            "Actual Total Time": 230.955,
            "Actual Rows": 1,
            "Actual Loops": 1,
            "Output": [
                "count(*)"
            ],
            "Plans": [
                {
                    "Node Type": "Gather",
                    "Parent Relationship": "Outer",
                    "Parallel Aware": false,
                    "Startup Cost": 72715.7,
                    "Total Cost": 72716.11,
                    "Plan Rows": 4,
                    "Plan Width": 8,
                    "Actual Startup Time": 219.296,
                    "Actual Total Time": 230.946,
                    "Actual Rows": 5,
                    "Actual Loops": 1,
                    "Output": [
                        "(PARTIAL count(*))"
                    ],
                    "Workers Planned": 4,
                    "Workers Launched": 4,
                    "Single Copy": false,
                    "Plans": [
                        {
                            "Node Type": "Aggregate",
                            "Strategy": "Plain",
                            "Partial Mode": "Partial",
                            "Parent Relationship": "Outer",
                            "Parallel Aware": false,
                            "Startup Cost": 71715.7,
                            "Total Cost": 71715.71,
                            "Plan Rows": 1,
                            "Plan Width": 8,
                            "Actual Startup Time": 209.594,
                            "Actual Total Time": 209.598,
                            "Actual Rows": 1,
                            "Actual Loops": 5,
                            "Output": [
                                "PARTIAL count(*)"
                            ],
                            "Workers": [
                                {
                                    "Worker Number": 0,
                                    "Actual Startup Time": 206.8,
                                    "Actual Total Time": 206.803,
                                    "Actual Rows": 1,
                                    "Actual Loops": 1
                                },
                                {
                                    "Worker Number": 1,
                                    "Actual Startup Time": 207.318,
                                    "Actual Total Time": 207.322,
                                    "Actual Rows": 1,
                                    "Actual Loops": 1
                                },
                                {
                                    "Worker Number": 2,
                                    "Actual Startup Time": 207.384,
                                    "Actual Total Time": 207.387,
                                    "Actual Rows": 1,
                                    "Actual Loops": 1
                                },
                                {
                                    "Worker Number": 3,
                                    "Actual Startup Time": 207.817,
                                    "Actual Total Time": 207.821,
                                    "Actual Rows": 1,
                                    "Actual Loops": 1
                                }
                            ],
                            "Plans": [
                                {
                                    "Node Type": "Hash Join",
                                    "Parent Relationship": "Outer",
                                    "Parallel Aware": true,
                                    "Join Type": "Inner",
                                    "Startup Cost": 24787.51,
                                    "Total Cost": 71605.01,
                                    "Plan Rows": 44276,
                                    "Plan Width": 0,
                                    "Actual Startup Time": 156.093,
                                    "Actual Total Time": 207.848,
                                    "Actual Rows": 36180,
                                    "Actual Loops": 5,
                                    "Inner Unique": false,
                                    "Hash Cond": "(t.id = mc.movie_id)",
                                    "Workers": [
                                        {
                                            "Worker Number": 0,
                                            "Actual Startup Time": 155.201,
                                            "Actual Total Time": 204.999,
                                            "Actual Rows": 23686,
                                            "Actual Loops": 1
                                        },
                                        {
                                            "Worker Number": 1,
                                            "Actual Startup Time": 153.81,
                                            "Actual Total Time": 205.627,
                                            "Actual Rows": 36886,
                                            "Actual Loops": 1
                                        },
                                        {
                                            "Worker Number": 2,
                                            "Actual Startup Time": 153.327,
                                            "Actual Total Time": 205.695,
                                            "Actual Rows": 36706,
                                            "Actual Loops": 1
                                        },
                                        {
                                            "Worker Number": 3,
                                            "Actual Startup Time": 155.536,
                                            "Actual Total Time": 206.125,
                                            "Actual Rows": 37035,
                                            "Actual Loops": 1
                                        }
                                    ],
                                    "Plans": [
                                        {
                                            "Node Type": "Seq Scan",
                                            "Parent Relationship": "Outer",
                                            "Parallel Aware": true,
                                            "Relation Name": "title",
                                            "Schema": "public",
                                            "Alias": "t",
                                            "Startup Cost": 0.0,
                                            "Total Cost": 43899.01,
                                            "Plan Rows": 555134,
                                            "Plan Width": 4,
                                            "Actual Startup Time": 0.012,
                                            "Actual Total Time": 78.383,
                                            "Actual Rows": 444914,
                                            "Actual Loops": 5,
                                            "Output": [
                                                "t.id",
                                                "t.title",
                                                "t.imdb_index",
                                                "t.kind_id",
                                                "t.production_year",
                                                "t.imdb_id",
                                                "t.phonetic_code",
                                                "t.episode_of_id",
                                                "t.season_nr",
                                                "t.episode_nr",
                                                "t.series_years",
                                                "t.md5sum"
                                            ],
                                            "Filter": "(t.production_year < 2012)",
                                            "Rows Removed by Filter": 60749,
                                            "Workers": [
                                                {
                                                    "Worker Number": 0,
                                                    "Actual Startup Time": 0.015,
                                                    "Actual Total Time": 82.7,
                                                    "Actual Rows": 301930,
                                                    "Actual Loops": 1
                                                },
                                                {
                                                    "Worker Number": 1,
                                                    "Actual Startup Time": 0.01,
                                                    "Actual Total Time": 78.81,
                                                    "Actual Rows": 435685,
                                                    "Actual Loops": 1
                                                },
                                                {
                                                    "Worker Number": 2,
                                                    "Actual Startup Time": 0.012,
                                                    "Actual Total Time": 78.533,
                                                    "Actual Rows": 434769,
                                                    "Actual Loops": 1
                                                },
                                                {
                                                    "Worker Number": 3,
                                                    "Actual Startup Time": 0.015,
                                                    "Actual Total Time": 79.015,
                                                    "Actual Rows": 461202,
                                                    "Actual Loops": 1
                                                }
                                            ]
                                        },
                                        {
                                            "Node Type": "Hash",
                                            "Parent Relationship": "Inner",
                                            "Parallel Aware": true,
                                            "Startup Cost": 23974.38,
                                            "Total Cost": 23974.38,
                                            "Plan Rows": 65050,
                                            "Plan Width": 4,
                                            "Actual Startup Time": 58.792,
                                            "Actual Total Time": 58.794,
                                            "Actual Rows": 41104,
                                            "Actual Loops": 5,
                                            "Output": [
                                                "mc.movie_id"
                                            ],
                                            "Hash Buckets": 262144,
                                            "Original Hash Buckets": 262144,
                                            "Hash Batches": 1,
                                            "Original Hash Batches": 1,
                                            "Peak Memory Usage": 10112,
                                            "Workers": [
                                                {
                                                    "Worker Number": 0,
                                                    "Actual Startup Time": 57.294,
                                                    "Actual Total Time": 57.295,
                                                    "Actual Rows": 29418,
                                                    "Actual Loops": 1
                                                },
                                                {
                                                    "Worker Number": 1,
                                                    "Actual Startup Time": 57.671,
                                                    "Actual Total Time": 57.672,
                                                    "Actual Rows": 26879,
                                                    "Actual Loops": 1
                                                },
                                                {
                                                    "Worker Number": 2,
                                                    "Actual Startup Time": 57.88,
                                                    "Actual Total Time": 57.881,
                                                    "Actual Rows": 28625,
                                                    "Actual Loops": 1
                                                },
                                                {
                                                    "Worker Number": 3,
                                                    "Actual Startup Time": 58.325,
                                                    "Actual Total Time": 58.326,
                                                    "Actual Rows": 32678,
                                                    "Actual Loops": 1
                                                }
                                            ],
                                            "Plans": [
                                                {
                                                    "Node Type": "Bitmap Heap Scan",
                                                    "Parent Relationship": "Outer",
                                                    "Parallel Aware": true,
                                                    "Relation Name": "movie_companies",
                                                    "Schema": "public",
                                                    "Alias": "mc",
                                                    "Startup Cost": 4371.26,
                                                    "Total Cost": 23974.38,
                                                    "Plan Rows": 65050,
                                                    "Plan Width": 4,
                                                    "Actual Startup Time": 16.647,
                                                    "Actual Total Time": 41.679,
                                                    "Actual Rows": 41104,
                                                    "Actual Loops": 5,
                                                    "Output": [
                                                        "mc.movie_id"
                                                    ],
                                                    "Recheck Cond": "(mc.company_id > 111835)",
                                                    "Rows Removed by Index Recheck": 0,
                                                    "Exact Heap Blocks": 1897,
                                                    "Lossy Heap Blocks": 0,
                                                    "Workers": [
                                                        {
                                                            "Worker Number": 0,
                                                            "Actual Startup Time": 15.277,
                                                            "Actual Total Time": 41.446,
                                                            "Actual Rows": 29418,
                                                            "Actual Loops": 1
                                                        },
                                                        {
                                                            "Worker Number": 1,
                                                            "Actual Startup Time": 15.595,
                                                            "Actual Total Time": 41.187,
                                                            "Actual Rows": 26879,
                                                            "Actual Loops": 1
                                                        },
                                                        {
                                                            "Worker Number": 2,
                                                            "Actual Startup Time": 15.703,
                                                            "Actual Total Time": 41.528,
                                                            "Actual Rows": 28625,
                                                            "Actual Loops": 1
                                                        },
                                                        {
                                                            "Worker Number": 3,
                                                            "Actual Startup Time": 16.135,
                                                            "Actual Total Time": 42.889,
                                                            "Actual Rows": 32678,
                                                            "Actual Loops": 1
                                                        }
                                                    ],
                                                    "Plans": [
                                                        {
                                                            "Node Type": "Bitmap Index Scan",
                                                            "Parent Relationship": "Outer",
                                                            "Parallel Aware": false,
                                                            "Index Name": "company_id_movie_companies",
                                                            "Startup Cost": 0.0,
                                                            "Total Cost": 4320.84,
                                                            "Plan Rows": 201655,
                                                            "Plan Width": 0,
                                                            "Actual Startup Time": 19.421,
                                                            "Actual Total Time": 19.421,
                                                            "Actual Rows": 205520,
                                                            "Actual Loops": 1,
                                                            "Index Cond": "(mc.company_id > 111835)"
                                                        }
                                                    ]
                                                }
                                            ]
                                        }
                                    ]
                                }
                            ]
                        }
                    ]
                }
            ]
        },
        "Planning Time": 201.409,
        "Triggers": [],
        "Execution Time": 231.065
    }
]