{
    "Plan": {
        "Node Type": "Aggregate",
        "Strategy": "Plain",
        "Partial Mode": "Finalize",
        "Parallel Aware": false,
        "Startup Cost": 377045.66,
        "Total Cost": 377045.67,
        "Plan Rows": 1,
        "Plan Width": 8,
        "Actual Startup Time": 1147.283,
        "Actual Total Time": 1182.843,
        "Actual Rows": 1,
        "Actual Loops": 1,
        "Output": [
            "count(*)"
        ],
        "Plans": [
            {
                "Node Type": "Gather",
                "Parent Relationship": "Outer",
                "Parallel Aware": false,
                "Startup Cost": 377045.04,
                "Total Cost": 377045.65,
                "Plan Rows": 6,
                "Plan Width": 8,
                "Actual Startup Time": 1141.15,
                "Actual Total Time": 1182.833,
                "Actual Rows": 7,
                "Actual Loops": 1,
                "Output": [
                    "(PARTIAL count(*))"
                ],
                "Workers Planned": 6,
                "Workers Launched": 6,
                "Single Copy": false,
                "Plans": [
                    {
                        "Node Type": "Aggregate",
                        "Strategy": "Plain",
                        "Partial Mode": "Partial",
                        "Parent Relationship": "Outer",
                        "Parallel Aware": false,
                        "Startup Cost": 376045.04,
                        "Total Cost": 376045.05,
                        "Plan Rows": 1,
                        "Plan Width": 8,
                        "Actual Startup Time": 1127.279,
                        "Actual Total Time": 1127.282,
                        "Actual Rows": 1,
                        "Actual Loops": 7,
                        "Output": [
                            "PARTIAL count(*)"
                        ],
                        "Workers": [
                            {
                                "Worker Number": 0,
                                "Actual Startup Time": 1126.146,
                                "Actual Total Time": 1126.15,
                                "Actual Rows": 1,
                                "Actual Loops": 1
                            },
                            {
                                "Worker Number": 1,
                                "Actual Startup Time": 1124.775,
                                "Actual Total Time": 1124.778,
                                "Actual Rows": 1,
                                "Actual Loops": 1
                            },
                            {
                                "Worker Number": 2,
                                "Actual Startup Time": 1124.971,
                                "Actual Total Time": 1124.974,
                                "Actual Rows": 1,
                                "Actual Loops": 1
                            },
                            {
                                "Worker Number": 3,
                                "Actual Startup Time": 1124.779,
                                "Actual Total Time": 1124.782,
                                "Actual Rows": 1,
                                "Actual Loops": 1
                            },
                            {
                                "Worker Number": 4,
                                "Actual Startup Time": 1124.857,
                                "Actual Total Time": 1124.859,
                                "Actual Rows": 1,
                                "Actual Loops": 1
                            },
                            {
                                "Worker Number": 5,
                                "Actual Startup Time": 1125.152,
                                "Actual Total Time": 1125.155,
                                "Actual Rows": 1,
                                "Actual Loops": 1
                            }
                        ],
                        "Plans": [
                            {
                                "Node Type": "Hash Join",
                                "Parent Relationship": "Outer",
                                "Parallel Aware": true,
                                "Join Type": "Inner",
                                "Startup Cost": 48689.68,
                                "Total Cost": 374289.53,
                                "Plan Rows": 702202,
                                "Plan Width": 0,
                                "Actual Startup Time": 186.574,
                                "Actual Total Time": 1089.276,
                                "Actual Rows": 748120,
                                "Actual Loops": 7,
                                "Inner Unique": true,
                                "Hash Cond": "(ci.movie_id = t.id)",
                                "Workers": [
                                    {
                                        "Worker Number": 0,
                                        "Actual Startup Time": 184.329,
                                        "Actual Total Time": 1086.154,
                                        "Actual Rows": 557865,
                                        "Actual Loops": 1
                                    },
                                    {
                                        "Worker Number": 1,
                                        "Actual Startup Time": 184.22,
                                        "Actual Total Time": 1083.941,
                                        "Actual Rows": 571387,
                                        "Actual Loops": 1
                                    },
                                    {
                                        "Worker Number": 2,
                                        "Actual Startup Time": 184.586,
                                        "Actual Total Time": 1089.948,
                                        "Actual Rows": 766496,
                                        "Actual Loops": 1
                                    },
                                    {
                                        "Worker Number": 3,
                                        "Actual Startup Time": 184.434,
                                        "Actual Total Time": 1088.535,
                                        "Actual Rows": 821587,
                                        "Actual Loops": 1
                                    },
                                    {
                                        "Worker Number": 4,
                                        "Actual Startup Time": 184.257,
                                        "Actual Total Time": 1086.006,
                                        "Actual Rows": 824129,
                                        "Actual Loops": 1
                                    },
                                    {
                                        "Worker Number": 5,
                                        "Actual Startup Time": 184.488,
                                        "Actual Total Time": 1089.944,
                                        "Actual Rows": 767107,
                                        "Actual Loops": 1
                                    }
                                ],
                                "Plans": [
                                    {
                                        "Node Type": "Index Scan",
                                        "Parent Relationship": "Outer",
                                        "Parallel Aware": true,
                                        "Scan Direction": "Forward",
                                        "Index Name": "role_id_cast_info",
                                        "Relation Name": "cast_info",
                                        "Schema": "public",
                                        "Alias": "ci",
                                        "Startup Cost": 0.56,
                                        "Total Cost": 322560.04,
                                        "Plan Rows": 1158239,
                                        "Plan Width": 4,
                                        "Actual Startup Time": 0.212,
                                        "Actual Total Time": 403.352,
                                        "Actual Rows": 1289404,
                                        "Actual Loops": 7,
                                        "Output": [
                                            "ci.id",
                                            "ci.person_id",
                                            "ci.movie_id",
                                            "ci.person_role_id",
                                            "ci.note",
                                            "ci.nr_order",
                                            "ci.role_id"
                                        ],
                                        "Index Cond": "(ci.role_id > 3)",
                                        "Rows Removed by Index Recheck": 0,
                                        "Filter": "(ci.person_id > 1500621)",
                                        "Rows Removed by Filter": 441117,
                                        "Workers": [
                                            {
                                                "Worker Number": 0,
                                                "Actual Startup Time": 0.245,
                                                "Actual Total Time": 427.986,
                                                "Actual Rows": 971541,
                                                "Actual Loops": 1
                                            },
                                            {
                                                "Worker Number": 1,
                                                "Actual Startup Time": 0.1,
                                                "Actual Total Time": 424.094,
                                                "Actual Rows": 974590,
                                                "Actual Loops": 1
                                            },
                                            {
                                                "Worker Number": 2,
                                                "Actual Startup Time": 0.341,
                                                "Actual Total Time": 398.501,
                                                "Actual Rows": 1318152,
                                                "Actual Loops": 1
                                            },
                                            {
                                                "Worker Number": 3,
                                                "Actual Startup Time": 0.334,
                                                "Actual Total Time": 408.69,
                                                "Actual Rows": 1425788,
                                                "Actual Loops": 1
                                            },
                                            {
                                                "Worker Number": 4,
                                                "Actual Startup Time": 0.148,
                                                "Actual Total Time": 406.992,
                                                "Actual Rows": 1410798,
                                                "Actual Loops": 1
                                            },
                                            {
                                                "Worker Number": 5,
                                                "Actual Startup Time": 0.085,
                                                "Actual Total Time": 398.096,
                                                "Actual Rows": 1316113,
                                                "Actual Loops": 1
                                            }
                                        ]
                                    },
                                    {
                                        "Node Type": "Hash",
                                        "Parent Relationship": "Inner",
                                        "Parallel Aware": true,
                                        "Startup Cost": 43899.01,
                                        "Total Cost": 43899.01,
                                        "Plan Rows": 383209,
                                        "Plan Width": 4,
                                        "Actual Startup Time": 181.784,
                                        "Actual Total Time": 181.785,
                                        "Actual Rows": 220466,
                                        "Actual Loops": 7,
                                        "Output": [
                                            "t.id"
                                        ],
                                        "Hash Buckets": 2097152,
                                        "Original Hash Buckets": 2097152,
                                        "Hash Batches": 1,
                                        "Original Hash Batches": 1,
                                        "Peak Memory Usage": 76896,
                                        "Workers": [
                                            {
                                                "Worker Number": 0,
                                                "Actual Startup Time": 183.381,
                                                "Actual Total Time": 183.382,
                                                "Actual Rows": 168652,
                                                "Actual Loops": 1
                                            },
                                            {
                                                "Worker Number": 1,
                                                "Actual Startup Time": 183.419,
                                                "Actual Total Time": 183.42,
                                                "Actual Rows": 167466,
                                                "Actual Loops": 1
                                            },
                                            {
                                                "Worker Number": 2,
                                                "Actual Startup Time": 183.651,
                                                "Actual Total Time": 183.652,
                                                "Actual Rows": 213278,
                                                "Actual Loops": 1
                                            },
                                            {
                                                "Worker Number": 3,
                                                "Actual Startup Time": 183.429,
                                                "Actual Total Time": 183.43,
                                                "Actual Rows": 227840,
                                                "Actual Loops": 1
                                            },
                                            {
                                                "Worker Number": 4,
                                                "Actual Startup Time": 183.623,
                                                "Actual Total Time": 183.624,
                                                "Actual Rows": 219320,
                                                "Actual Loops": 1
                                            },
                                            {
                                                "Worker Number": 5,
                                                "Actual Startup Time": 183.744,
                                                "Actual Total Time": 183.745,
                                                "Actual Rows": 215409,
                                                "Actual Loops": 1
                                            }
                                        ],
                                        "Plans": [
                                            {
                                                "Node Type": "Seq Scan",
                                                "Parent Relationship": "Outer",
                                                "Parallel Aware": true,
                                                "Relation Name": "title",
                                                "Schema": "public",
                                                "Alias": "t",
                                                "Startup Cost": 0.0,
                                                "Total Cost": 43899.01,
                                                "Plan Rows": 383209,
                                                "Plan Width": 4,
                                                "Actual Startup Time": 0.059,
                                                "Actual Total Time": 75.619,
                                                "Actual Rows": 220466,
                                                "Actual Loops": 7,
                                                "Output": [
                                                    "t.id"
                                                ],
                                                "Filter": "(t.kind_id = 7)",
                                                "Rows Removed by Filter": 140721,
                                                "Workers": [
                                                    {
                                                        "Worker Number": 0,
                                                        "Actual Startup Time": 0.072,
                                                        "Actual Total Time": 78.178,
                                                        "Actual Rows": 168652,
                                                        "Actual Loops": 1
                                                    },
                                                    {
                                                        "Worker Number": 1,
                                                        "Actual Startup Time": 0.074,
                                                        "Actual Total Time": 78.098,
                                                        "Actual Rows": 167466,
                                                        "Actual Loops": 1
                                                    },
                                                    {
                                                        "Worker Number": 2,
                                                        "Actual Startup Time": 0.063,
                                                        "Actual Total Time": 76.596,
                                                        "Actual Rows": 213278,
                                                        "Actual Loops": 1
                                                    },
                                                    {
                                                        "Worker Number": 3,
                                                        "Actual Startup Time": 0.062,
                                                        "Actual Total Time": 77.339,
                                                        "Actual Rows": 227840,
                                                        "Actual Loops": 1
                                                    },
                                                    {
                                                        "Worker Number": 4,
                                                        "Actual Startup Time": 0.06,
                                                        "Actual Total Time": 77.304,
                                                        "Actual Rows": 219320,
                                                        "Actual Loops": 1
                                                    },
                                                    {
                                                        "Worker Number": 5,
                                                        "Actual Startup Time": 0.07,
                                                        "Actual Total Time": 76.295,
                                                        "Actual Rows": 215409,
                                                        "Actual Loops": 1
                                                    }
                                                ]
                                            }
                                        ]
                                    }
                                ]
                            }
                        ]
                    }
                ]
            }
        ]
    },
    "Planning Time": 0.745,
    "Triggers": [],
    "Execution Time": 1182.927
}