[
  {
    "Plan": {
      "Node Type": "Aggregate",
      "Strategy": "Plain",
      "Partial Mode": "Finalize",
      "Parallel Aware": false,
      "Startup Cost": 353195.12,
      "Total Cost": 353195.13,
      "Plan Rows": 1,
      "Plan Width": 8,
      "Actual Startup Time": 1001.048,
      "Actual Total Time": 1064.456,
      "Actual Rows": 1,
      "Actual Loops": 1,
      "Plans": [
        {
          "Node Type": "Gather",
          "Parent Relationship": "Outer",
          "Parallel Aware": false,
          "Startup Cost": 353194.49,
          "Total Cost": 353195.1,
          "Plan Rows": 6,
          "Plan Width": 8,
          "Actual Startup Time": 1000.943,
          "Actual Total Time": 1064.443,
          "Actual Rows": 7,
          "Actual Loops": 1,
          "Workers Planned": 6,
          "Workers Launched": 6,
          "Single Copy": false,
          "Plans": [
            {
              "Node Type": "Aggregate",
              "Strategy": "Plain",
              "Partial Mode": "Partial",
              "Parent Relationship": "Outer",
              "Parallel Aware": false,
              "Startup Cost": 352194.49,
              "Total Cost": 352194.51,
              "Plan Rows": 1,
              "Plan Width": 8,
              "Actual Startup Time": 991.902,
              "Actual Total Time": 991.903,
              "Actual Rows": 1,
              "Actual Loops": 7,
              "Plans": [
                {
                  "Node Type": "Seq Scan",
                  "Parent Relationship": "Outer",
                  "Parallel Aware": true,
                  "Relation Name": "cast_info",
                  "Alias": "ci",
                  "Startup Cost": 0.0,
                  "Total Cost": 343257.03,
                  "Plan Rows": 3574986,
                  "Plan Width": 0,
                  "Actual Startup Time": 0.064,
                  "Actual Total Time": 818.278,
                  "Actual Rows": 3447243,
                  "Actual Loops": 7,
                  "Filter": "((person_id < 3417762) AND (role_id < 4))",
                  "Rows Removed by Filter": 1730521
                }
              ]
            }
          ]
        }
      ]
    },
    "Planning Time": 0.234,
    "Triggers": [],
    "Execution Time": 1064.534
  }
]