[
  {
    "Plan": {
      "Node Type": "Aggregate",
      "Strategy": "Plain",
      "Partial Mode": "Finalize",
      "Parallel Aware": false,
      "Startup Cost": 541183.24,
      "Total Cost": 541183.25,
      "Plan Rows": 1,
      "Plan Width": 8,
      "Actual Startup Time": 1953.927,
      "Actual Total Time": 2016.529,
      "Actual Rows": 1,
      "Actual Loops": 1,
      "Plans": [
        {
          "Node Type": "Gather",
          "Parent Relationship": "Outer",
          "Parallel Aware": false,
          "Startup Cost": 541182.61,
          "Total Cost": 541183.22,
          "Plan Rows": 6,
          "Plan Width": 8,
          "Actual Startup Time": 1948.812,
          "Actual Total Time": 2016.519,
          "Actual Rows": 7,
          "Actual Loops": 1,
          "Workers Planned": 6,
          "Workers Launched": 6,
          "Single Copy": false,
          "Plans": [
            {
              "Node Type": "Aggregate",
              "Strategy": "Plain",
              "Partial Mode": "Partial",
              "Parent Relationship": "Outer",
              "Parallel Aware": false,
              "Startup Cost": 540182.61,
              "Total Cost": 540182.62,
              "Plan Rows": 1,
              "Plan Width": 8,
              "Actual Startup Time": 1936.51,
              "Actual Total Time": 1936.514,
              "Actual Rows": 1,
              "Actual Loops": 7,
              "Plans": [
                {
                  "Node Type": "Nested Loop",
                  "Parent Relationship": "Outer",
                  "Parallel Aware": false,
                  "Join Type": "Inner",
                  "Startup Cost": 100516.93,
                  "Total Cost": 538898.54,
                  "Plan Rows": 513627,
                  "Plan Width": 0,
                  "Actual Startup Time": 251.549,
                  "Actual Total Time": 1845.792,
                  "Actual Rows": 1530571,
                  "Actual Loops": 7,
                  "Inner Unique": false,
                  "Join Filter": "(t.id = mi.movie_id)",
                  "Rows Removed by Join Filter": 0,
                  "Plans": [
                    {
                      "Node Type": "Hash Join",
                      "Parent Relationship": "Outer",
                      "Parallel Aware": true,
                      "Join Type": "Inner",
                      "Startup Cost": 100516.5,
                      "Total Cost": 359474.39,
                      "Plan Rows": 87840,
                      "Plan Width": 8,
                      "Actual Startup Time": 251.347,
                      "Actual Total Time": 480.781,
                      "Actual Rows": 104903,
                      "Actual Loops": 7,
                      "Inner Unique": true,
                      "Hash Cond": "(ci.movie_id = t.id)",
                      "Plans": [
                        {
                          "Node Type": "Bitmap Heap Scan",
                          "Parent Relationship": "Outer",
                          "Parallel Aware": true,
                          "Relation Name": "cast_info",
                          "Alias": "ci",
                          "Startup Cost": 54943.66,
                          "Total Cost": 312813.21,
                          "Plan Rows": 414604,
                          "Plan Width": 4,
                          "Actual Startup Time": 118.8,
                          "Actual Total Time": 191.423,
                          "Actual Rows": 341916,
                          "Actual Loops": 7,
                          "Recheck Cond": "(person_id > 3595018)",
                          "Rows Removed by Index Recheck": 0,
                          "Exact Heap Blocks": 5001,
                          "Lossy Heap Blocks": 0,
                          "Plans": [
                            {
                              "Node Type": "Bitmap Index Scan",
                              "Parent Relationship": "Outer",
                              "Parallel Aware": false,
                              "Index Name": "person_id_cast_info",
                              "Startup Cost": 0.0,
                              "Total Cost": 54321.75,
                              "Plan Rows": 2487625,
                              "Plan Width": 0,
                              "Actual Startup Time": 113.072,
                              "Actual Total Time": 113.073,
                              "Actual Rows": 2393414,
                              "Actual Loops": 1,
                              "Index Cond": "(person_id > 3595018)"
                            }
                          ]
                        },
                        {
                          "Node Type": "Hash",
                          "Parent Relationship": "Inner",
                          "Parallel Aware": true,
                          "Startup Cost": 43898.92,
                          "Total Cost": 43898.92,
                          "Plan Rows": 133914,
                          "Plan Width": 4,
                          "Actual Startup Time": 129.254,
                          "Actual Total Time": 129.255,
                          "Actual Rows": 76196,
                          "Actual Loops": 7,
                          "Hash Buckets": 1048576,
                          "Original Hash Buckets": 1048576,
                          "Hash Batches": 1,
                          "Original Hash Batches": 1,
                          "Peak Memory Usage": 29152,
                          "Plans": [
                            {
                              "Node Type": "Seq Scan",
                              "Parent Relationship": "Outer",
                              "Parallel Aware": true,
                              "Relation Name": "title",
                              "Alias": "t",
                              "Startup Cost": 0.0,
                              "Total Cost": 43898.92,
                              "Plan Rows": 133914,
                              "Plan Width": 4,
                              "Actual Startup Time": 0.051,
                              "Actual Total Time": 85.158,
                              "Actual Rows": 76196,
                              "Actual Loops": 7,
                              "Filter": "(production_year > 2009)",
                              "Rows Removed by Filter": 284992
                            }
                          ]
                        }
                      ]
                    },
                    {
                      "Node Type": "Index Only Scan",
                      "Parent Relationship": "Inner",
                      "Parallel Aware": false,
                      "Scan Direction": "Forward",
                      "Index Name": "movie_id_movie_info",
                      "Relation Name": "movie_info",
                      "Alias": "mi",
                      "Startup Cost": 0.43,
                      "Total Cost": 1.52,
                      "Plan Rows": 42,
                      "Plan Width": 4,
                      "Actual Startup Time": 0.004,
                      "Actual Total Time": 0.011,
                      "Actual Rows": 15,
                      "Actual Loops": 734318,
                      "Index Cond": "(movie_id = ci.movie_id)",
                      "Rows Removed by Index Recheck": 0,
                      "Heap Fetches": 10713996
                    }
                  ]
                }
              ]
            }
          ]
        }
      ]
    },
    "Planning Time": 1.303,
    "Triggers": [],
    "Execution Time": 2016.745
  }
]