{
  "Plan": {
    "Node Type": "Aggregate",
    "Strategy": "Plain",
    "Partial Mode": "Finalize",
    "Parallel Aware": false,
    "Startup Cost": 165562.07,
    "Total Cost": 165562.08,
    "Plan Rows": 1,
    "Plan Width": 8,
    "Actual Startup Time": 1021.881,
    "Actual Total Time": 1043.277,
    "Actual Rows": 1,
    "Actual Loops": 1,
    "Plans": [
      {
        "Node Type": "Gather",
        "Parent Relationship": "Outer",
        "Parallel Aware": false,
        "Startup Cost": 165561.96,
        "Total Cost": 165562.07,
        "Plan Rows": 1,
        "Plan Width": 8,
        "Actual Startup Time": 1020.397,
        "Actual Total Time": 1043.27,
        "Actual Rows": 2,
        "Actual Loops": 1,
        "Workers Planned": 1,
        "Workers Launched": 1,
        "Single Copy": false,
        "Plans": [
          {
            "Node Type": "Aggregate",
            "Strategy": "Plain",
            "Partial Mode": "Partial",
            "Parent Relationship": "Outer",
            "Parallel Aware": false,
            "Startup Cost": 164561.96,
            "Total Cost": 164561.97,
            "Plan Rows": 1,
            "Plan Width": 8,
            "Actual Startup Time": 1014.463,
            "Actual Total Time": 1014.469,
            "Actual Rows": 1,
            "Actual Loops": 2,
            "Plans": [
              {
                "Node Type": "Hash Join",
                "Parent Relationship": "Outer",
                "Parallel Aware": true,
                "Join Type": "Inner",
                "Startup Cost": 97659.95,
                "Total Cost": 164376.86,
                "Plan Rows": 74039,
                "Plan Width": 0,
                "Actual Startup Time": 483.057,
                "Actual Total Time": 943.097,
                "Actual Rows": 1803002,
                "Actual Loops": 2,
                "Inner Unique": false,
                "Hash Cond": "(mk.movie_id = t.id)",
                "Plans": [
                  {
                    "Node Type": "Seq Scan",
                    "Parent Relationship": "Outer",
                    "Parallel Aware": true,
                    "Relation Name": "movie_keyword",
                    "Alias": "mk",
                    "Startup Cost": 0.0,
                    "Total Cost": 57718.19,
                    "Plan Rows": 2283518,
                    "Plan Width": 4,
                    "Actual Startup Time": 0.012,
                    "Actual Total Time": 193.402,
                    "Actual Rows": 1948548,
                    "Actual Loops": 2,
                    "Filter": "(keyword_id < 29289)",
                    "Rows Removed by Filter": 313418
                  },
                  {
                    "Node Type": "Hash",
                    "Parent Relationship": "Inner",
                    "Parallel Aware": true,
                    "Startup Cost": 97057.19,
                    "Total Cost": 97057.19,
                    "Plan Rows": 48221,
                    "Plan Width": 8,
                    "Actual Startup Time": 480.195,
                    "Actual Total Time": 480.199,
                    "Actual Rows": 196903,
                    "Actual Loops": 2,
                    "Hash Buckets": 524288,
                    "Original Hash Buckets": 131072,
                    "Hash Batches": 1,
                    "Original Hash Batches": 1,
                    "Peak Memory Usage": 22592,
                    "Plans": [
                      {
                        "Node Type": "Hash Join",
                        "Parent Relationship": "Outer",
                        "Parallel Aware": true,
                        "Join Type": "Inner",
                        "Startup Cost": 58890.56,
                        "Total Cost": 97057.19,
                        "Plan Rows": 48221,
                        "Plan Width": 8,
                        "Actual Startup Time": 169.053,
                        "Actual Total Time": 435.007,
                        "Actual Rows": 196903,
                        "Actual Loops": 2,
                        "Inner Unique": true,
                        "Hash Cond": "(mc.movie_id = t.id)",
                        "Plans": [
                          {
                            "Node Type": "Seq Scan",
                            "Parent Relationship": "Outer",
                            "Parallel Aware": true,
                            "Relation Name": "movie_companies",
                            "Alias": "mc",
                            "Startup Cost": 0.0,
                            "Total Cost": 34137.82,
                            "Plan Rows": 1534782,
                            "Plan Width": 4,
                            "Actual Startup Time": 0.012,
                            "Actual Total Time": 99.247,
                            "Actual Rows": 1304564,
                            "Actual Loops": 2
                          },
                          {
                            "Node Type": "Hash",
                            "Parent Relationship": "Inner",
                            "Parallel Aware": true,
                            "Startup Cost": 58306.47,
                            "Total Cost": 58306.47,
                            "Plan Rows": 46727,
                            "Plan Width": 4,
                            "Actual Startup Time": 167.639,
                            "Actual Total Time": 167.64,
                            "Actual Rows": 91908,
                            "Actual Loops": 2,
                            "Hash Buckets": 262144,
                            "Original Hash Buckets": 131072,
                            "Hash Batches": 1,
                            "Original Hash Batches": 1,
                            "Peak Memory Usage": 10272,
                            "Plans": [
                              {
                                "Node Type": "Seq Scan",
                                "Parent Relationship": "Outer",
                                "Parallel Aware": true,
                                "Relation Name": "title",
                                "Alias": "t",
                                "Startup Cost": 0.0,
                                "Total Cost": 58306.47,
                                "Plan Rows": 46727,
                                "Plan Width": 4,
                                "Actual Startup Time": 0.419,
                                "Actual Total Time": 145.61,
                                "Actual Rows": 91908,
                                "Actual Loops": 2,
                                "Filter": "((kind_id < 7) AND (production_year < 1957))",
                                "Rows Removed by Filter": 1172248
                              }
                            ]
                          }
                        ]
                      }
                    ]
                  }
                ]
              }
            ]
          }
        ]
      }
    ]
  },
  "Planning Time": 1.015,
  "Triggers": [],
  "Execution Time": 1043.355
}