[
  {
    "Plan": {
      "Node Type": "Aggregate",
      "Strategy": "Plain",
      "Partial Mode": "Finalize",
      "Parallel Aware": false,
      "Startup Cost": 126745.67,
      "Total Cost": 126745.68,
      "Plan Rows": 1,
      "Plan Width": 8,
      "Actual Startup Time": 571.805,
      "Actual Total Time": 628.592,
      "Actual Rows": 1,
      "Actual Loops": 1,
      "Plans": [
        {
          "Node Type": "Gather",
          "Parent Relationship": "Outer",
          "Parallel Aware": false,
          "Startup Cost": 126745.36,
          "Total Cost": 126745.67,
          "Plan Rows": 3,
          "Plan Width": 8,
          "Actual Startup Time": 559.948,
          "Actual Total Time": 628.583,
          "Actual Rows": 4,
          "Actual Loops": 1,
          "Workers Planned": 3,
          "Workers Launched": 3,
          "Single Copy": false,
          "Plans": [
            {
              "Node Type": "Aggregate",
              "Strategy": "Plain",
              "Partial Mode": "Partial",
              "Parent Relationship": "Outer",
              "Parallel Aware": false,
              "Startup Cost": 125745.36,
              "Total Cost": 125745.37,
              "Plan Rows": 1,
              "Plan Width": 8,
              "Actual Startup Time": 550.557,
              "Actual Total Time": 550.562,
              "Actual Rows": 1,
              "Actual Loops": 4,
              "Plans": [
                {
                  "Node Type": "Nested Loop",
                  "Parent Relationship": "Outer",
                  "Parallel Aware": false,
                  "Join Type": "Inner",
                  "Startup Cost": 53525.13,
                  "Total Cost": 124965.78,
                  "Plan Rows": 311831,
                  "Plan Width": 0,
                  "Actual Startup Time": 297.181,
                  "Actual Total Time": 542.894,
                  "Actual Rows": 129470,
                  "Actual Loops": 4,
                  "Inner Unique": false,
                  "Plans": [
                    {
                      "Node Type": "Hash Join",
                      "Parent Relationship": "Outer",
                      "Parallel Aware": true,
                      "Join Type": "Inner",
                      "Startup Cost": 53524.56,
                      "Total Cost": 73289.04,
                      "Plan Rows": 21749,
                      "Plan Width": 8,
                      "Actual Startup Time": 297.071,
                      "Actual Total Time": 313.83,
                      "Actual Rows": 4076,
                      "Actual Loops": 4,
                      "Inner Unique": true,
                      "Hash Cond": "(mc.movie_id = t.id)",
                      "Plans": [
                        {
                          "Node Type": "Bitmap Heap Scan",
                          "Parent Relationship": "Outer",
                          "Parallel Aware": true,
                          "Relation Name": "movie_companies",
                          "Alias": "mc",
                          "Startup Cost": 3986.49,
                          "Total Cost": 23670.97,
                          "Plan Rows": 30476,
                          "Plan Width": 4,
                          "Actual Startup Time": 27.573,
                          "Actual Total Time": 33.592,
                          "Actual Rows": 9648,
                          "Actual Loops": 4,
                          "Recheck Cond": "(company_id < 41)",
                          "Rows Removed by Index Recheck": 0,
                          "Filter": "(company_type_id > 1)",
                          "Rows Removed by Filter": 35738,
                          "Exact Heap Blocks": 6528,
                          "Lossy Heap Blocks": 0,
                          "Plans": [
                            {
                              "Node Type": "Bitmap Index Scan",
                              "Parent Relationship": "Outer",
                              "Parallel Aware": false,
                              "Index Name": "company_id_movie_companies",
                              "Startup Cost": 0.0,
                              "Total Cost": 3962.87,
                              "Plan Rows": 184859,
                              "Plan Width": 0,
                              "Actual Startup Time": 8.363,
                              "Actual Total Time": 8.364,
                              "Actual Rows": 181543,
                              "Actual Loops": 1,
                              "Index Cond": "(company_id < 41)"
                            }
                          ]
                        },
                        {
                          "Node Type": "Hash",
                          "Parent Relationship": "Inner",
                          "Parallel Aware": true,
                          "Startup Cost": 43899.32,
                          "Total Cost": 43899.32,
                          "Plan Rows": 451100,
                          "Plan Width": 4,
                          "Actual Startup Time": 263.57,
                          "Actual Total Time": 263.57,
                          "Actual Rows": 448346,
                          "Actual Loops": 4,
                          "Hash Buckets": 2097152,
                          "Original Hash Buckets": 2097152,
                          "Hash Batches": 1,
                          "Original Hash Batches": 1,
                          "Peak Memory Usage": 86624,
                          "Plans": [
                            {
                              "Node Type": "Seq Scan",
                              "Parent Relationship": "Outer",
                              "Parallel Aware": true,
                              "Relation Name": "title",
                              "Alias": "t",
                              "Startup Cost": 0.0,
                              "Total Cost": 43899.32,
                              "Plan Rows": 451100,
                              "Plan Width": 4,
                              "Actual Startup Time": 0.026,
                              "Actual Total Time": 108.295,
                              "Actual Rows": 448346,
                              "Actual Loops": 4,
                              "Filter": "(production_year > 1988)",
                              "Rows Removed by Filter": 183732
                            }
                          ]
                        }
                      ]
                    },
                    {
                      "Node Type": "Index Only Scan",
                      "Parent Relationship": "Inner",
                      "Parallel Aware": false,
                      "Scan Direction": "Forward",
                      "Index Name": "movie_id_cast_info",
                      "Relation Name": "cast_info",
                      "Alias": "ci",
                      "Startup Cost": 0.56,
                      "Total Cost": 2.03,
                      "Plan Rows": 35,
                      "Plan Width": 4,
                      "Actual Startup Time": 0.007,
                      "Actual Total Time": 0.053,
                      "Actual Rows": 32,
                      "Actual Loops": 16305,
                      "Index Cond": "(movie_id = t.id)",
                      "Rows Removed by Index Recheck": 0,
                      "Heap Fetches": 517879
                    }
                  ]
                }
              ]
            }
          ]
        }
      ]
    },
    "Planning Time": 0.713,
    "Triggers": [],
    "Execution Time": 628.679
  }
]