[
  {
    "Plan": {
      "Node Type": "Aggregate",
      "Strategy": "Plain",
      "Partial Mode": "Finalize",
      "Parallel Aware": false,
      "Startup Cost": 98432.65,
      "Total Cost": 98432.66,
      "Plan Rows": 1,
      "Plan Width": 8,
      "Actual Startup Time": 469.71,
      "Actual Total Time": 489.149,
      "Actual Rows": 1,
      "Actual Loops": 1,
      "Plans": [
        {
          "Node Type": "Gather",
          "Parent Relationship": "Outer",
          "Parallel Aware": false,
          "Startup Cost": 98432.33,
          "Total Cost": 98432.64,
          "Plan Rows": 3,
          "Plan Width": 8,
          "Actual Startup Time": 467.708,
          "Actual Total Time": 489.128,
          "Actual Rows": 4,
          "Actual Loops": 1,
          "Workers Planned": 3,
          "Workers Launched": 3,
          "Single Copy": false,
          "Plans": [
            {
              "Node Type": "Aggregate",
              "Strategy": "Plain",
              "Partial Mode": "Partial",
              "Parent Relationship": "Outer",
              "Parallel Aware": false,
              "Startup Cost": 97432.33,
              "Total Cost": 97432.34,
              "Plan Rows": 1,
              "Plan Width": 8,
              "Actual Startup Time": 458.484,
              "Actual Total Time": 458.488,
              "Actual Rows": 1,
              "Actual Loops": 4,
              "Plans": [
                {
                  "Node Type": "Nested Loop",
                  "Parent Relationship": "Outer",
                  "Parallel Aware": false,
                  "Join Type": "Inner",
                  "Startup Cost": 52614.51,
                  "Total Cost": 97423.44,
                  "Plan Rows": 3555,
                  "Plan Width": 0,
                  "Actual Startup Time": 182.24,
                  "Actual Total Time": 456.684,
                  "Actual Rows": 27462,
                  "Actual Loops": 4,
                  "Inner Unique": false,
                  "Plans": [
                    {
                      "Node Type": "Hash Join",
                      "Parent Relationship": "Outer",
                      "Parallel Aware": true,
                      "Join Type": "Inner",
                      "Startup Cost": 52614.08,
                      "Total Cost": 78595.4,
                      "Plan Rows": 26491,
                      "Plan Width": 8,
                      "Actual Startup Time": 182.091,
                      "Actual Total Time": 235.651,
                      "Actual Rows": 56704,
                      "Actual Loops": 4,
                      "Inner Unique": true,
                      "Hash Cond": "(mk.movie_id = t.id)",
                      "Plans": [
                        {
                          "Node Type": "Bitmap Heap Scan",
                          "Parent Relationship": "Outer",
                          "Parallel Aware": true,
                          "Relation Name": "movie_keyword",
                          "Alias": "mk",
                          "Startup Cost": 6642.48,
                          "Total Cost": 32358.74,
                          "Plan Rows": 100980,
                          "Plan Width": 4,
                          "Actual Startup Time": 23.41,
                          "Actual Total Time": 59.76,
                          "Actual Rows": 76896,
                          "Actual Loops": 4,
                          "Recheck Cond": "(keyword_id > 52902)",
                          "Rows Removed by Index Recheck": 0,
                          "Exact Heap Blocks": 6336,
                          "Lossy Heap Blocks": 0,
                          "Plans": [
                            {
                              "Node Type": "Bitmap Index Scan",
                              "Parent Relationship": "Outer",
                              "Parallel Aware": false,
                              "Index Name": "keyword_id_movie_keyword",
                              "Startup Cost": 0.0,
                              "Total Cost": 6564.22,
                              "Plan Rows": 313039,
                              "Plan Width": 0,
                              "Actual Startup Time": 20.146,
                              "Actual Total Time": 20.147,
                              "Actual Rows": 307583,
                              "Actual Loops": 1,
                              "Index Cond": "(keyword_id > 52902)"
                            }
                          ]
                        },
                        {
                          "Node Type": "Hash",
                          "Parent Relationship": "Inner",
                          "Parallel Aware": true,
                          "Startup Cost": 43898.92,
                          "Total Cost": 43898.92,
                          "Plan Rows": 165814,
                          "Plan Width": 4,
                          "Actual Startup Time": 145.893,
                          "Actual Total Time": 145.893,
                          "Actual Rows": 165706,
                          "Actual Loops": 4,
                          "Hash Buckets": 1048576,
                          "Original Hash Buckets": 1048576,
                          "Hash Batches": 1,
                          "Original Hash Batches": 1,
                          "Peak Memory Usage": 34176,
                          "Plans": [
                            {
                              "Node Type": "Seq Scan",
                              "Parent Relationship": "Outer",
                              "Parallel Aware": true,
                              "Relation Name": "title",
                              "Alias": "t",
                              "Startup Cost": 0.0,
                              "Total Cost": 43898.92,
                              "Plan Rows": 165814,
                              "Plan Width": 4,
                              "Actual Startup Time": 44.88,
                              "Actual Total Time": 98.533,
                              "Actual Rows": 165706,
                              "Actual Loops": 4,
                              "Filter": "(kind_id = 1)",
                              "Rows Removed by Filter": 466372
                            }
                          ]
                        }
                      ]
                    },
                    {
                      "Node Type": "Index Scan",
                      "Parent Relationship": "Inner",
                      "Parallel Aware": false,
                      "Scan Direction": "Forward",
                      "Index Name": "movie_id_movie_companies",
                      "Relation Name": "movie_companies",
                      "Alias": "mc",
                      "Startup Cost": 0.43,
                      "Total Cost": 0.7,
                      "Plan Rows": 1,
                      "Plan Width": 4,
                      "Actual Startup Time": 0.003,
                      "Actual Total Time": 0.004,
                      "Actual Rows": 0,
                      "Actual Loops": 226815,
                      "Index Cond": "(movie_id = t.id)",
                      "Rows Removed by Index Recheck": 0,
                      "Filter": "(company_id < 166)",
                      "Rows Removed by Filter": 10
                    }
                  ]
                }
              ]
            }
          ]
        }
      ]
    },
    "Planning Time": 1.406,
    "Triggers": [],
    "Execution Time": 489.255
  }
]