[
  {
    "Plan": {
      "Node Type": "Aggregate",
      "Strategy": "Plain",
      "Partial Mode": "Finalize",
      "Parallel Aware": false,
      "Startup Cost": 91695.91,
      "Total Cost": 91695.92,
      "Plan Rows": 1,
      "Plan Width": 8,
      "Actual Startup Time": 326.867,
      "Actual Total Time": 344.025,
      "Actual Rows": 1,
      "Actual Loops": 1,
      "Plans": [
        {
          "Node Type": "Gather",
          "Parent Relationship": "Outer",
          "Parallel Aware": false,
          "Startup Cost": 91695.59,
          "Total Cost": 91695.9,
          "Plan Rows": 3,
          "Plan Width": 8,
          "Actual Startup Time": 323.443,
          "Actual Total Time": 344.018,
          "Actual Rows": 4,
          "Actual Loops": 1,
          "Workers Planned": 3,
          "Workers Launched": 3,
          "Single Copy": false,
          "Plans": [
            {
              "Node Type": "Aggregate",
              "Strategy": "Plain",
              "Partial Mode": "Partial",
              "Parent Relationship": "Outer",
              "Parallel Aware": false,
              "Startup Cost": 90695.59,
              "Total Cost": 90695.6,
              "Plan Rows": 1,
              "Plan Width": 8,
              "Actual Startup Time": 318.709,
              "Actual Total Time": 318.712,
              "Actual Rows": 1,
              "Actual Loops": 4,
              "Plans": [
                {
                  "Node Type": "Hash Join",
                  "Parent Relationship": "Outer",
                  "Parallel Aware": true,
                  "Join Type": "Inner",
                  "Startup Cost": 46385.75,
                  "Total Cost": 90323.37,
                  "Plan Rows": 148888,
                  "Plan Width": 0,
                  "Actual Startup Time": 162.101,
                  "Actual Total Time": 312.036,
                  "Actual Rows": 162089,
                  "Actual Loops": 4,
                  "Inner Unique": true,
                  "Hash Cond": "(mk.movie_id = t.id)",
                  "Plans": [
                    {
                      "Node Type": "Seq Scan",
                      "Parent Relationship": "Outer",
                      "Parallel Aware": true,
                      "Relation Name": "movie_keyword",
                      "Alias": "mk",
                      "Startup Cost": 0.0,
                      "Total Cost": 42695.65,
                      "Plan Rows": 473133,
                      "Plan Width": 4,
                      "Actual Startup Time": 0.027,
                      "Actual Total Time": 89.245,
                      "Actual Rows": 365412,
                      "Actual Loops": 4,
                      "Filter": "(keyword_id < 2076)",
                      "Rows Removed by Filter": 765570
                    },
                    {
                      "Node Type": "Hash",
                      "Parent Relationship": "Inner",
                      "Parallel Aware": true,
                      "Startup Cost": 43899.32,
                      "Total Cost": 43899.32,
                      "Plan Rows": 198914,
                      "Plan Width": 4,
                      "Actual Startup Time": 159.117,
                      "Actual Total Time": 159.118,
                      "Actual Rows": 203176,
                      "Actual Loops": 4,
                      "Hash Buckets": 1048576,
                      "Original Hash Buckets": 1048576,
                      "Hash Batches": 1,
                      "Original Hash Batches": 1,
                      "Peak Memory Usage": 40032,
                      "Plans": [
                        {
                          "Node Type": "Seq Scan",
                          "Parent Relationship": "Outer",
                          "Parallel Aware": true,
                          "Relation Name": "title",
                          "Alias": "t",
                          "Startup Cost": 0.0,
                          "Total Cost": 43899.32,
                          "Plan Rows": 198914,
                          "Plan Width": 4,
                          "Actual Startup Time": 0.032,
                          "Actual Total Time": 92.366,
                          "Actual Rows": 203176,
                          "Actual Loops": 4,
                          "Filter": "(production_year < 1995)",
                          "Rows Removed by Filter": 428902
                        }
                      ]
                    }
                  ]
                }
              ]
            }
          ]
        }
      ]
    },
    "Planning Time": 0.3,
    "Triggers": [],
    "Execution Time": 344.063
  }
]