[
  {
    "Plan": {
      "Node Type": "Aggregate",
      "Strategy": "Plain",
      "Partial Mode": "Finalize",
      "Parallel Aware": false,
      "Startup Cost": 353683.26,
      "Total Cost": 353683.27,
      "Plan Rows": 1,
      "Plan Width": 8,
      "Actual Startup Time": 850.36,
      "Actual Total Time": 911.873,
      "Actual Rows": 1,
      "Actual Loops": 1,
      "Plans": [
        {
          "Node Type": "Gather",
          "Parent Relationship": "Outer",
          "Parallel Aware": false,
          "Startup Cost": 353682.64,
          "Total Cost": 353683.25,
          "Plan Rows": 6,
          "Plan Width": 8,
          "Actual Startup Time": 850.247,
          "Actual Total Time": 911.864,
          "Actual Rows": 7,
          "Actual Loops": 1,
          "Workers Planned": 6,
          "Workers Launched": 6,
          "Single Copy": false,
          "Plans": [
            {
              "Node Type": "Aggregate",
              "Strategy": "Plain",
              "Partial Mode": "Partial",
              "Parent Relationship": "Outer",
              "Parallel Aware": false,
              "Startup Cost": 352682.64,
              "Total Cost": 352682.65,
              "Plan Rows": 1,
              "Plan Width": 8,
              "Actual Startup Time": 842.085,
              "Actual Total Time": 842.086,
              "Actual Rows": 1,
              "Actual Loops": 7,
              "Plans": [
                {
                  "Node Type": "Seq Scan",
                  "Parent Relationship": "Outer",
                  "Parallel Aware": true,
                  "Relation Name": "cast_info",
                  "Alias": "ci",
                  "Startup Cost": 0.0,
                  "Total Cost": 343257.03,
                  "Plan Rows": 3770244,
                  "Plan Width": 0,
                  "Actual Startup Time": 0.044,
                  "Actual Total Time": 691.462,
                  "Actual Rows": 3651910,
                  "Actual Loops": 7,
                  "Filter": "((person_id < 2908386) AND (role_id < 8))",
                  "Rows Removed by Filter": 1525854
                }
              ]
            }
          ]
        }
      ]
    },
    "Planning Time": 0.244,
    "Triggers": [],
    "Execution Time": 911.948
  }
]