[
  {
    "Plan": {
      "Node Type": "Aggregate",
      "Strategy": "Plain",
      "Partial Mode": "Finalize",
      "Parallel Aware": false,
      "Startup Cost": 35369.86,
      "Total Cost": 35369.87,
      "Plan Rows": 1,
      "Plan Width": 8,
      "Actual Startup Time": 113.551,
      "Actual Total Time": 119.278,
      "Actual Rows": 1,
      "Actual Loops": 1,
      "Plans": [
        {
          "Node Type": "Gather",
          "Parent Relationship": "Outer",
          "Parallel Aware": false,
          "Startup Cost": 35369.54,
          "Total Cost": 35369.85,
          "Plan Rows": 3,
          "Plan Width": 8,
          "Actual Startup Time": 113.353,
          "Actual Total Time": 119.269,
          "Actual Rows": 4,
          "Actual Loops": 1,
          "Workers Planned": 3,
          "Workers Launched": 3,
          "Single Copy": false,
          "Plans": [
            {
              "Node Type": "Aggregate",
              "Strategy": "Plain",
              "Partial Mode": "Partial",
              "Parent Relationship": "Outer",
              "Parallel Aware": false,
              "Startup Cost": 34369.54,
              "Total Cost": 34369.55,
              "Plan Rows": 1,
              "Plan Width": 8,
              "Actual Startup Time": 106.309,
              "Actual Total Time": 106.311,
              "Actual Rows": 1,
              "Actual Loops": 4,
              "Plans": [
                {
                  "Node Type": "Bitmap Heap Scan",
                  "Parent Relationship": "Outer",
                  "Parallel Aware": true,
                  "Relation Name": "movie_keyword",
                  "Alias": "mk",
                  "Startup Cost": 8073.99,
                  "Total Cost": 34062.62,
                  "Plan Rows": 122770,
                  "Plan Width": 0,
                  "Actual Startup Time": 40.026,
                  "Actual Total Time": 100.414,
                  "Actual Rows": 91649,
                  "Actual Loops": 4,
                  "Recheck Cond": "(keyword_id > 45883)",
                  "Rows Removed by Index Recheck": 0,
                  "Exact Heap Blocks": 10427,
                  "Lossy Heap Blocks": 0,
                  "Plans": [
                    {
                      "Node Type": "Bitmap Index Scan",
                      "Parent Relationship": "Outer",
                      "Parallel Aware": false,
                      "Index Name": "keyword_id_movie_keyword",
                      "Startup Cost": 0.0,
                      "Total Cost": 7978.84,
                      "Plan Rows": 380588,
                      "Plan Width": 0,
                      "Actual Startup Time": 42.62,
                      "Actual Total Time": 42.621,
                      "Actual Rows": 366595,
                      "Actual Loops": 1,
                      "Index Cond": "(keyword_id > 45883)"
                    }
                  ]
                }
              ]
            }
          ]
        }
      ]
    },
    "Planning Time": 0.163,
    "Triggers": [],
    "Execution Time": 119.346
  }
]