{
    "Plan": {
        "Node Type": "Aggregate",
        "Strategy": "Plain",
        "Partial Mode": "Simple",
        "Parallel Aware": false,
        "Startup Cost": 60001716985.3,
        "Total Cost": 60001716985.31,
        "Plan Rows": 1,
        "Plan Width": 96,
        "Actual Startup Time": 5108.761,
        "Actual Total Time": 5181.797,
        "Actual Rows": 1,
        "Actual Loops": 1,
        "Output": [
            "min(cn.name)",
            "min((lt.link)::text)",
            "min(t.title)"
        ],
        "Plans": [
            {
                "Node Type": "Nested Loop",
                "Parent Relationship": "Outer",
                "Parallel Aware": false,
                "Join Type": "Inner",
                "Startup Cost": 60001711451.15,
                "Total Cost": 60001716985.29,
                "Plan Rows": 1,
                "Plan Width": 48,
                "Actual Startup Time": 5078.432,
                "Actual Total Time": 5181.376,
                "Actual Rows": 1564,
                "Actual Loops": 1,
                "Output": [
                    "cn.name",
                    "lt.link",
                    "t.title"
                ],
                "Inner Unique": true,
                "Plans": [
                    {
                        "Node Type": "Gather",
                        "Parent Relationship": "Outer",
                        "Parallel Aware": false,
                        "Startup Cost": 50001711451.02,
                        "Total Cost": 50001716977.12,
                        "Plan Rows": 1,
                        "Plan Width": 52,
                        "Actual Startup Time": 5078.407,
                        "Actual Total Time": 5175.188,
                        "Actual Rows": 1641,
                        "Actual Loops": 1,
                        "Output": [
                            "cn.name",
                            "mc.company_type_id",
                            "lt.link",
                            "t.title"
                        ],
                        "Workers Planned": 1,
                        "Workers Launched": 1,
                        "Single Copy": false,
                        "Plans": [
                            {
                                "Node Type": "Hash Join",
                                "Parent Relationship": "Outer",
                                "Parallel Aware": true,
                                "Join Type": "Inner",
                                "Startup Cost": 50001710451.02,
                                "Total Cost": 50001715977.02,
                                "Plan Rows": 1,
                                "Plan Width": 52,
                                "Actual Startup Time": 5067.328,
                                "Actual Total Time": 5089.901,
                                "Actual Rows": 820,
                                "Actual Loops": 2,
                                "Output": [
                                    "cn.name",
                                    "mc.company_type_id",
                                    "lt.link",
                                    "t.title"
                                ],
                                "Inner Unique": false,
                                "Hash Cond": "(cn.id = mc.company_id)",
                                "Workers": [
                                    {
                                        "Worker Number": 0,
                                        "Actual Startup Time": 5057.784,
                                        "Actual Total Time": 5082.133,
                                        "Actual Rows": 601,
                                        "Actual Loops": 1
                                    }
                                ],
                                "Plans": [
                                    {
                                        "Node Type": "Seq Scan",
                                        "Parent Relationship": "Outer",
                                        "Parallel Aware": true,
                                        "Relation Name": "company_name",
                                        "Schema": "public",
                                        "Alias": "cn",
                                        "Startup Cost": 10000000000.0,
                                        "Total Cost": 10000005414.09,
                                        "Plan Rows": 29842,
                                        "Plan Width": 23,
                                        "Actual Startup Time": 0.037,
                                        "Actual Total Time": 23.141,
                                        "Actual Rows": 24151,
                                        "Actual Loops": 2,
                                        "Output": [
                                            "cn.id",
                                            "cn.name",
                                            "cn.country_code",
                                            "cn.imdb_id",
                                            "cn.name_pcode_nf",
                                            "cn.name_pcode_sf",
                                            "cn.md5sum"
                                        ],
                                        "Filter": "(((cn.country_code)::text <> '[pl]'::text) AND ((cn.name ~~ '%Film%'::text) OR (cn.name ~~ '%Warner%'::text)))",
                                        "Rows Removed by Filter": 93348,
                                        "Workers": [
                                            {
                                                "Worker Number": 0,
                                                "Actual Startup Time": 0.055,
                                                "Actual Total Time": 26.302,
                                                "Actual Rows": 26037,
                                                "Actual Loops": 1
                                            }
                                        ]
                                    },
                                    {
                                        "Node Type": "Hash",
                                        "Parent Relationship": "Inner",
                                        "Parallel Aware": true,
                                        "Startup Cost": 40001710451.0,
                                        "Total Cost": 40001710451.0,
                                        "Plan Rows": 1,
                                        "Plan Width": 37,
                                        "Actual Startup Time": 5062.357,
                                        "Actual Total Time": 5062.371,
                                        "Actual Rows": 1904,
                                        "Actual Loops": 2,
                                        "Output": [
                                            "mc.company_type_id",
                                            "mc.company_id",
                                            "lt.link",
                                            "t.title"
                                        ],
                                        "Hash Buckets": 4096,
                                        "Original Hash Buckets": 1024,
                                        "Hash Batches": 1,
                                        "Original Hash Batches": 1,
                                        "Peak Memory Usage": 344,
                                        "Workers": [
                                            {
                                                "Worker Number": 0,
                                                "Actual Startup Time": 5052.888,
                                                "Actual Total Time": 5052.9,
                                                "Actual Rows": 1594,
                                                "Actual Loops": 1
                                            }
                                        ],
                                        "Plans": [
                                            {
                                                "Node Type": "Hash Join",
                                                "Parent Relationship": "Outer",
                                                "Parallel Aware": false,
                                                "Join Type": "Inner",
                                                "Startup Cost": 40001348983.96,
                                                "Total Cost": 40001710451.0,
                                                "Plan Rows": 1,
                                                "Plan Width": 37,
                                                "Actual Startup Time": 4798.297,
                                                "Actual Total Time": 5059.973,
                                                "Actual Rows": 1904,
                                                "Actual Loops": 2,
                                                "Output": [
                                                    "mc.company_type_id",
                                                    "mc.company_id",
                                                    "lt.link",
                                                    "t.title"
                                                ],
                                                "Inner Unique": false,
                                                "Hash Cond": "(mk.keyword_id = k.id)",
                                                "Workers": [
                                                    {
                                                        "Worker Number": 0,
                                                        "Actual Startup Time": 4765.995,
                                                        "Actual Total Time": 5050.496,
                                                        "Actual Rows": 1594,
                                                        "Actual Loops": 1
                                                    }
                                                ],
                                                "Plans": [
                                                    {
                                                        "Node Type": "Merge Join",
                                                        "Parent Relationship": "Outer",
                                                        "Parallel Aware": false,
                                                        "Join Type": "Inner",
                                                        "Startup Cost": 30001346357.82,
                                                        "Total Cost": 30001707694.03,
                                                        "Plan Rows": 34888,
                                                        "Plan Width": 41,
                                                        "Actual Startup Time": 4755.235,
                                                        "Actual Total Time": 5038.455,
                                                        "Actual Rows": 38128,
                                                        "Actual Loops": 2,
                                                        "Output": [
                                                            "lt.link",
                                                            "mc.company_type_id",
                                                            "mc.company_id",
                                                            "mk.keyword_id",
                                                            "t.title"
                                                        ],
                                                        "Inner Unique": false,
                                                        "Merge Cond": "(t.id = ml.movie_id)",
                                                        "Workers": [
                                                            {
                                                                "Worker Number": 0,
                                                                "Actual Startup Time": 4739.907,
                                                                "Actual Total Time": 5025.341,
                                                                "Actual Rows": 47247,
                                                                "Actual Loops": 1
                                                            }
                                                        ],
                                                        "Plans": [
                                                            {
                                                                "Node Type": "Sort",
                                                                "Parent Relationship": "Outer",
                                                                "Parallel Aware": false,
                                                                "Startup Cost": 10001346253.74,
                                                                "Total Cost": 10001346419.12,
                                                                "Plan Rows": 66152,
                                                                "Plan Width": 25,
                                                                "Actual Startup Time": 4751.943,
                                                                "Actual Total Time": 4752.74,
                                                                "Actual Rows": 4635,
                                                                "Actual Loops": 2,
                                                                "Output": [
                                                                    "mi.movie_id",
                                                                    "t.title",
                                                                    "t.id"
                                                                ],
                                                                "Sort Key": [
                                                                    "mi.movie_id"
                                                                ],
                                                                "Sort Method": "quicksort",
                                                                "Sort Space Used": 17201,
                                                                "Sort Space Type": "Memory",
                                                                "Workers": [
                                                                    {
                                                                        "Worker Number": 0,
                                                                        "Actual Startup Time": 4738.991,
                                                                        "Actual Total Time": 4739.705,
                                                                        "Actual Rows": 4696,
                                                                        "Actual Loops": 1
                                                                    }
                                                                ],
                                                                "Plans": [
                                                                    {
                                                                        "Node Type": "Hash Join",
                                                                        "Parent Relationship": "Outer",
                                                                        "Parallel Aware": true,
                                                                        "Join Type": "Inner",
                                                                        "Startup Cost": 10000995475.98,
                                                                        "Total Cost": 10001340957.12,
                                                                        "Plan Rows": 66152,
                                                                        "Plan Width": 25,
                                                                        "Actual Startup Time": 4370.003,
                                                                        "Actual Total Time": 4705.836,
                                                                        "Actual Rows": 138210,
                                                                        "Actual Loops": 2,
                                                                        "Output": [
                                                                            "mi.movie_id",
                                                                            "t.title",
                                                                            "t.id"
                                                                        ],
                                                                        "Inner Unique": false,
                                                                        "Hash Cond": "(t.id = mi.movie_id)",
                                                                        "Workers": [
                                                                            {
                                                                                "Worker Number": 0,
                                                                                "Actual Startup Time": 4357.336,
                                                                                "Actual Total Time": 4682.139,
                                                                                "Actual Rows": 134631,
                                                                                "Actual Loops": 1
                                                                            }
                                                                        ],
                                                                        "Plans": [
                                                                            {
                                                                                "Node Type": "Seq Scan",
                                                                                "Parent Relationship": "Outer",
                                                                                "Parallel Aware": true,
                                                                                "Relation Name": "title",
                                                                                "Schema": "public",
                                                                                "Alias": "t",
                                                                                "Startup Cost": 10000000000.0,
                                                                                "Total Cost": 10000045479.21,
                                                                                "Plan Rows": 221306,
                                                                                "Plan Width": 21,
                                                                                "Actual Startup Time": 0.032,
                                                                                "Actual Total Time": 160.922,
                                                                                "Actual Rows": 444308,
                                                                                "Actual Loops": 2,
                                                                                "Output": [
                                                                                    "t.id",
                                                                                    "t.title",
                                                                                    "t.imdb_index",
                                                                                    "t.kind_id",
                                                                                    "t.production_year",
                                                                                    "t.imdb_id",
                                                                                    "t.phonetic_code",
                                                                                    "t.episode_of_id",
                                                                                    "t.season_nr",
                                                                                    "t.episode_nr",
                                                                                    "t.series_years",
                                                                                    "t.md5sum"
                                                                                ],
                                                                                "Filter": "((t.production_year >= 1994) AND (t.production_year <= 2007))",
                                                                                "Rows Removed by Filter": 819848,
                                                                                "Workers": [
                                                                                    {
                                                                                        "Worker Number": 0,
                                                                                        "Actual Startup Time": 0.047,
                                                                                        "Actual Total Time": 163.983,
                                                                                        "Actual Rows": 437832,
                                                                                        "Actual Loops": 1
                                                                                    }
                                                                                ]
                                                                            },
                                                                            {
                                                                                "Node Type": "Hash",
                                                                                "Parent Relationship": "Inner",
                                                                                "Parallel Aware": true,
                                                                                "Startup Cost": 993586.58,
                                                                                "Total Cost": 993586.58,
                                                                                "Plan Rows": 151152,
                                                                                "Plan Width": 4,
                                                                                "Actual Startup Time": 4360.559,
                                                                                "Actual Total Time": 4360.561,
                                                                                "Actual Rows": 410976,
                                                                                "Actual Loops": 2,
                                                                                "Output": [
                                                                                    "mi.movie_id"
                                                                                ],
                                                                                "Hash Buckets": 1048576,
                                                                                "Original Hash Buckets": 1048576,
                                                                                "Hash Batches": 1,
                                                                                "Original Hash Batches": 1,
                                                                                "Peak Memory Usage": 40384,
                                                                                "Workers": [
                                                                                    {
                                                                                        "Worker Number": 0,
                                                                                        "Actual Startup Time": 4357.176,
                                                                                        "Actual Total Time": 4357.177,
                                                                                        "Actual Rows": 352405,
                                                                                        "Actual Loops": 1
                                                                                    }
                                                                                ],
                                                                                "Plans": [
                                                                                    {
                                                                                        "Node Type": "Index Scan",
                                                                                        "Parent Relationship": "Outer",
                                                                                        "Parallel Aware": true,
                                                                                        "Scan Direction": "Forward",
                                                                                        "Index Name": "movie_id_movie_info",
                                                                                        "Relation Name": "movie_info",
                                                                                        "Schema": "public",
                                                                                        "Alias": "mi",
                                                                                        "Startup Cost": 0.43,
                                                                                        "Total Cost": 993586.58,
                                                                                        "Plan Rows": 151152,
                                                                                        "Plan Width": 4,
                                                                                        "Actual Startup Time": 0.107,
                                                                                        "Actual Total Time": 4158.855,
                                                                                        "Actual Rows": 410976,
                                                                                        "Actual Loops": 2,
                                                                                        "Output": [
                                                                                            "mi.movie_id"
                                                                                        ],
                                                                                        "Filter": "(mi.info = ANY ('{Bulgaria,America,Sweden,American,Denmark,Norway,Norwegian,Swedish,English}'::text[]))",
                                                                                        "Rows Removed by Filter": 7006884,
                                                                                        "Workers": [
                                                                                            {
                                                                                                "Worker Number": 0,
                                                                                                "Actual Startup Time": 0.145,
                                                                                                "Actual Total Time": 4156.58,
                                                                                                "Actual Rows": 352405,
                                                                                                "Actual Loops": 1
                                                                                            }
                                                                                        ]
                                                                                    }
                                                                                ]
                                                                            }
                                                                        ]
                                                                    }
                                                                ]
                                                            },
                                                            {
                                                                "Node Type": "Materialize",
                                                                "Parent Relationship": "Inner",
                                                                "Parallel Aware": false,
                                                                "Startup Cost": 20000000002.02,
                                                                "Total Cost": 20000360869.18,
                                                                "Plan Rows": 198015,
                                                                "Plan Width": 36,
                                                                "Actual Startup Time": 0.583,
                                                                "Actual Total Time": 277.231,
                                                                "Actual Rows": 75350,
                                                                "Actual Loops": 2,
                                                                "Output": [
                                                                    "lt.link",
                                                                    "ml.movie_id",
                                                                    "mc.movie_id",
                                                                    "mc.company_type_id",
                                                                    "mc.company_id",
                                                                    "mk.movie_id",
                                                                    "mk.keyword_id"
                                                                ],
                                                                "Workers": [
                                                                    {
                                                                        "Worker Number": 0,
                                                                        "Actual Startup Time": 0.727,
                                                                        "Actual Total Time": 276.6,
                                                                        "Actual Rows": 77112,
                                                                        "Actual Loops": 1
                                                                    }
                                                                ],
                                                                "Plans": [
                                                                    {
                                                                        "Node Type": "Nested Loop",
                                                                        "Parent Relationship": "Outer",
                                                                        "Parallel Aware": false,
                                                                        "Join Type": "Inner",
                                                                        "Startup Cost": 20000000002.02,
                                                                        "Total Cost": 20000360374.15,
                                                                        "Plan Rows": 198015,
                                                                        "Plan Width": 36,
                                                                        "Actual Startup Time": 0.573,
                                                                        "Actual Total Time": 259.653,
                                                                        "Actual Rows": 54010,
                                                                        "Actual Loops": 2,
                                                                        "Output": [
                                                                            "lt.link",
                                                                            "ml.movie_id",
                                                                            "mc.movie_id",
                                                                            "mc.company_type_id",
                                                                            "mc.company_id",
                                                                            "mk.movie_id",
                                                                            "mk.keyword_id"
                                                                        ],
                                                                        "Inner Unique": false,
                                                                        "Join Filter": "(ml.movie_id = mk.movie_id)",
                                                                        "Rows Removed by Join Filter": 0,
                                                                        "Workers": [
                                                                            {
                                                                                "Worker Number": 0,
                                                                                "Actual Startup Time": 0.714,
                                                                                "Actual Total Time": 258.189,
                                                                                "Actual Rows": 54010,
                                                                                "Actual Loops": 1
                                                                            }
                                                                        ],
                                                                        "Plans": [
                                                                            {
                                                                                "Node Type": "Nested Loop",
                                                                                "Parent Relationship": "Outer",
                                                                                "Parallel Aware": false,
                                                                                "Join Type": "Inner",
                                                                                "Startup Cost": 10000000001.17,
                                                                                "Total Cost": 10000334217.97,
                                                                                "Plan Rows": 4355,
                                                                                "Plan Width": 28,
                                                                                "Actual Startup Time": 0.501,
                                                                                "Actual Total Time": 223.093,
                                                                                "Actual Rows": 5069,
                                                                                "Actual Loops": 2,
                                                                                "Output": [
                                                                                    "lt.link",
                                                                                    "ml.movie_id",
                                                                                    "mc.movie_id",
                                                                                    "mc.company_type_id",
                                                                                    "mc.company_id"
                                                                                ],
                                                                                "Inner Unique": true,
                                                                                "Workers": [
                                                                                    {
                                                                                        "Worker Number": 0,
                                                                                        "Actual Startup Time": 0.595,
                                                                                        "Actual Total Time": 221.624,
                                                                                        "Actual Rows": 5069,
                                                                                        "Actual Loops": 1
                                                                                    }
                                                                                ],
                                                                                "Plans": [
                                                                                    {
                                                                                        "Node Type": "Merge Join",
                                                                                        "Parent Relationship": "Outer",
                                                                                        "Parallel Aware": false,
                                                                                        "Join Type": "Inner",
                                                                                        "Startup Cost": 1.02,
                                                                                        "Total Cost": 7902.52,
                                                                                        "Plan Rows": 78421,
                                                                                        "Plan Width": 20,
                                                                                        "Actual Startup Time": 0.137,
                                                                                        "Actual Total Time": 55.118,
                                                                                        "Actual Rows": 43026,
                                                                                        "Actual Loops": 2,
                                                                                        "Output": [
                                                                                            "mc.movie_id",
                                                                                            "mc.company_type_id",
                                                                                            "mc.company_id",
                                                                                            "ml.link_type_id",
                                                                                            "ml.movie_id"
                                                                                        ],
                                                                                        "Inner Unique": false,
                                                                                        "Merge Cond": "(mc.movie_id = ml.movie_id)",
                                                                                        "Workers": [
                                                                                            {
                                                                                                "Worker Number": 0,
                                                                                                "Actual Startup Time": 0.214,
                                                                                                "Actual Total Time": 55.18,
                                                                                                "Actual Rows": 43026,
                                                                                                "Actual Loops": 1
                                                                                            }
                                                                                        ],
                                                                                        "Plans": [
                                                                                            {
                                                                                                "Node Type": "Index Scan",
                                                                                                "Parent Relationship": "Outer",
                                                                                                "Parallel Aware": false,
                                                                                                "Scan Direction": "Forward",
                                                                                                "Index Name": "movie_id_movie_companies",
                                                                                                "Relation Name": "movie_companies",
                                                                                                "Schema": "public",
                                                                                                "Alias": "mc",
                                                                                                "Startup Cost": 0.43,
                                                                                                "Total Cost": 140849.93,
                                                                                                "Plan Rows": 1265428,
                                                                                                "Plan Width": 12,
                                                                                                "Actual Startup Time": 0.046,
                                                                                                "Actual Total Time": 29.064,
                                                                                                "Actual Rows": 49142,
                                                                                                "Actual Loops": 2,
                                                                                                "Output": [
                                                                                                    "mc.id",
                                                                                                    "mc.movie_id",
                                                                                                    "mc.company_id",
                                                                                                    "mc.company_type_id",
                                                                                                    "mc.note"
                                                                                                ],
                                                                                                "Filter": "(mc.note IS NULL)",
                                                                                                "Rows Removed by Filter": 50735,
                                                                                                "Workers": [
                                                                                                    {
                                                                                                        "Worker Number": 0,
                                                                                                        "Actual Startup Time": 0.062,
                                                                                                        "Actual Total Time": 28.935,
                                                                                                        "Actual Rows": 49142,
                                                                                                        "Actual Loops": 1
                                                                                                    }
                                                                                                ]
                                                                                            },
                                                                                            {
                                                                                                "Node Type": "Materialize",
                                                                                                "Parent Relationship": "Inner",
                                                                                                "Parallel Aware": false,
                                                                                                "Startup Cost": 0.29,
                                                                                                "Total Cost": 1186.5,
                                                                                                "Plan Rows": 29997,
                                                                                                "Plan Width": 8,
                                                                                                "Actual Startup Time": 0.087,
                                                                                                "Actual Total Time": 14.31,
                                                                                                "Actual Rows": 54265,
                                                                                                "Actual Loops": 2,
                                                                                                "Output": [
                                                                                                    "ml.id",
                                                                                                    "ml.movie_id",
                                                                                                    "ml.linked_movie_id",
                                                                                                    "ml.link_type_id"
                                                                                                ],
                                                                                                "Workers": [
                                                                                                    {
                                                                                                        "Worker Number": 0,
                                                                                                        "Actual Startup Time": 0.147,
                                                                                                        "Actual Total Time": 14.676,
                                                                                                        "Actual Rows": 54265,
                                                                                                        "Actual Loops": 1
                                                                                                    }
                                                                                                ],
                                                                                                "Plans": [
                                                                                                    {
                                                                                                        "Node Type": "Index Scan",
                                                                                                        "Parent Relationship": "Outer",
                                                                                                        "Parallel Aware": false,
                                                                                                        "Scan Direction": "Forward",
                                                                                                        "Index Name": "movie_id_movie_link",
                                                                                                        "Relation Name": "movie_link",
                                                                                                        "Schema": "public",
                                                                                                        "Alias": "ml",
                                                                                                        "Startup Cost": 0.29,
                                                                                                        "Total Cost": 1111.51,
                                                                                                        "Plan Rows": 29997,
                                                                                                        "Plan Width": 8,
                                                                                                        "Actual Startup Time": 0.085,
                                                                                                        "Actual Total Time": 8.5,
                                                                                                        "Actual Rows": 29997,
                                                                                                        "Actual Loops": 2,
                                                                                                        "Output": [
                                                                                                            "ml.id",
                                                                                                            "ml.movie_id",
                                                                                                            "ml.linked_movie_id",
                                                                                                            "ml.link_type_id"
                                                                                                        ],
                                                                                                        "Workers": [
                                                                                                            {
                                                                                                                "Worker Number": 0,
                                                                                                                "Actual Startup Time": 0.145,
                                                                                                                "Actual Total Time": 9.045,
                                                                                                                "Actual Rows": 29997,
                                                                                                                "Actual Loops": 1
                                                                                                            }
                                                                                                        ]
                                                                                                    }
                                                                                                ]
                                                                                            }
                                                                                        ]
                                                                                    },
                                                                                    {
                                                                                        "Node Type": "Bitmap Heap Scan",
                                                                                        "Parent Relationship": "Inner",
                                                                                        "Parallel Aware": false,
                                                                                        "Relation Name": "link_type",
                                                                                        "Schema": "public",
                                                                                        "Alias": "lt",
                                                                                        "Startup Cost": 0.15,
                                                                                        "Total Cost": 4.16,
                                                                                        "Plan Rows": 1,
                                                                                        "Plan Width": 16,
                                                                                        "Actual Startup Time": 0.002,
                                                                                        "Actual Total Time": 0.002,
                                                                                        "Actual Rows": 0,
                                                                                        "Actual Loops": 86052,
                                                                                        "Output": [
                                                                                            "lt.id",
                                                                                            "lt.link"
                                                                                        ],
                                                                                        "Recheck Cond": "(lt.id = ml.link_type_id)",
                                                                                        "Rows Removed by Index Recheck": 0,
                                                                                        "Filter": "((lt.link)::text ~~ '%follow%'::text)",
                                                                                        "Rows Removed by Filter": 1,
                                                                                        "Exact Heap Blocks": 43026,
                                                                                        "Lossy Heap Blocks": 0,
                                                                                        "Workers": [
                                                                                            {
                                                                                                "Worker Number": 0,
                                                                                                "Actual Startup Time": 0.002,
                                                                                                "Actual Total Time": 0.002,
                                                                                                "Actual Rows": 0,
                                                                                                "Actual Loops": 43026
                                                                                            }
                                                                                        ],
                                                                                        "Plans": [
                                                                                            {
                                                                                                "Node Type": "Bitmap Index Scan",
                                                                                                "Parent Relationship": "Outer",
                                                                                                "Parallel Aware": false,
                                                                                                "Index Name": "link_type_pkey",
                                                                                                "Startup Cost": 0.0,
                                                                                                "Total Cost": 0.15,
                                                                                                "Plan Rows": 1,
                                                                                                "Plan Width": 0,
                                                                                                "Actual Startup Time": 0.001,
                                                                                                "Actual Total Time": 0.001,
                                                                                                "Actual Rows": 1,
                                                                                                "Actual Loops": 86052,
                                                                                                "Index Cond": "(lt.id = ml.link_type_id)",
                                                                                                "Workers": [
                                                                                                    {
                                                                                                        "Worker Number": 0,
                                                                                                        "Actual Startup Time": 0.001,
                                                                                                        "Actual Total Time": 0.001,
                                                                                                        "Actual Rows": 1,
                                                                                                        "Actual Loops": 43026
                                                                                                    }
                                                                                                ]
                                                                                            }
                                                                                        ]
                                                                                    }
                                                                                ]
                                                                            },
                                                                            {
                                                                                "Node Type": "Bitmap Heap Scan",
                                                                                "Parent Relationship": "Inner",
                                                                                "Parallel Aware": false,
                                                                                "Relation Name": "movie_keyword",
                                                                                "Schema": "public",
                                                                                "Alias": "mk",
                                                                                "Startup Cost": 0.86,
                                                                                "Total Cost": 5.43,
                                                                                "Plan Rows": 46,
                                                                                "Plan Width": 8,
                                                                                "Actual Startup Time": 0.004,
                                                                                "Actual Total Time": 0.004,
                                                                                "Actual Rows": 11,
                                                                                "Actual Loops": 10138,
                                                                                "Output": [
                                                                                    "mk.id",
                                                                                    "mk.movie_id",
                                                                                    "mk.keyword_id"
                                                                                ],
                                                                                "Recheck Cond": "(mk.movie_id = mc.movie_id)",
                                                                                "Rows Removed by Index Recheck": 0,
                                                                                "Exact Heap Blocks": 4439,
                                                                                "Lossy Heap Blocks": 0,
                                                                                "Workers": [
                                                                                    {
                                                                                        "Worker Number": 0,
                                                                                        "Actual Startup Time": 0.004,
                                                                                        "Actual Total Time": 0.004,
                                                                                        "Actual Rows": 11,
                                                                                        "Actual Loops": 5069
                                                                                    }
                                                                                ],
                                                                                "Plans": [
                                                                                    {
                                                                                        "Node Type": "Bitmap Index Scan",
                                                                                        "Parent Relationship": "Outer",
                                                                                        "Parallel Aware": false,
                                                                                        "Index Name": "movie_id_movie_keyword",
                                                                                        "Startup Cost": 0.0,
                                                                                        "Total Cost": 0.84,
                                                                                        "Plan Rows": 46,
                                                                                        "Plan Width": 0,
                                                                                        "Actual Startup Time": 0.003,
                                                                                        "Actual Total Time": 0.003,
                                                                                        "Actual Rows": 11,
                                                                                        "Actual Loops": 10138,
                                                                                        "Index Cond": "(mk.movie_id = mc.movie_id)",
                                                                                        "Workers": [
                                                                                            {
                                                                                                "Worker Number": 0,
                                                                                                "Actual Startup Time": 0.003,
                                                                                                "Actual Total Time": 0.003,
                                                                                                "Actual Rows": 11,
                                                                                                "Actual Loops": 5069
                                                                                            }
                                                                                        ]
                                                                                    }
                                                                                ]
                                                                            }
                                                                        ]
                                                                    }
                                                                ]
                                                            }
                                                        ]
                                                    },
                                                    {
                                                        "Node Type": "Hash",
                                                        "Parent Relationship": "Inner",
                                                        "Parallel Aware": false,
                                                        "Startup Cost": 10000002626.12,
                                                        "Total Cost": 10000002626.12,
                                                        "Plan Rows": 1,
                                                        "Plan Width": 4,
                                                        "Actual Startup Time": 19.08,
                                                        "Actual Total Time": 19.081,
                                                        "Actual Rows": 1,
                                                        "Actual Loops": 2,
                                                        "Output": [
                                                            "k.id"
                                                        ],
                                                        "Hash Buckets": 1024,
                                                        "Original Hash Buckets": 1024,
                                                        "Hash Batches": 1,
                                                        "Original Hash Batches": 1,
                                                        "Peak Memory Usage": 9,
                                                        "Workers": [
                                                            {
                                                                "Worker Number": 0,
                                                                "Actual Startup Time": 22.2,
                                                                "Actual Total Time": 22.201,
                                                                "Actual Rows": 1,
                                                                "Actual Loops": 1
                                                            }
                                                        ],
                                                        "Plans": [
                                                            {
                                                                "Node Type": "Seq Scan",
                                                                "Parent Relationship": "Outer",
                                                                "Parallel Aware": false,
                                                                "Relation Name": "keyword",
                                                                "Schema": "public",
                                                                "Alias": "k",
                                                                "Startup Cost": 10000000000.0,
                                                                "Total Cost": 10000002626.12,
                                                                "Plan Rows": 1,
                                                                "Plan Width": 4,
                                                                "Actual Startup Time": 2.135,
                                                                "Actual Total Time": 19.061,
                                                                "Actual Rows": 1,
                                                                "Actual Loops": 2,
                                                                "Output": [
                                                                    "k.id"
                                                                ],
                                                                "Filter": "(k.keyword = 'sequel'::text)",
                                                                "Rows Removed by Filter": 134169,
                                                                "Workers": [
                                                                    {
                                                                        "Worker Number": 0,
                                                                        "Actual Startup Time": 2.844,
                                                                        "Actual Total Time": 22.169,
                                                                        "Actual Rows": 1,
                                                                        "Actual Loops": 1
                                                                    }
                                                                ]
                                                            }
                                                        ]
                                                    }
                                                ]
                                            }
                                        ]
                                    }
                                ]
                            }
                        ]
                    },
                    {
                        "Node Type": "Bitmap Heap Scan",
                        "Parent Relationship": "Inner",
                        "Parallel Aware": false,
                        "Relation Name": "company_type",
                        "Schema": "public",
                        "Alias": "ct",
                        "Startup Cost": 0.14,
                        "Total Cost": 4.15,
                        "Plan Rows": 1,
                        "Plan Width": 4,
                        "Actual Startup Time": 0.002,
                        "Actual Total Time": 0.002,
                        "Actual Rows": 1,
                        "Actual Loops": 1641,
                        "Output": [
                            "ct.id",
                            "ct.kind"
                        ],
                        "Recheck Cond": "(ct.id = mc.company_type_id)",
                        "Rows Removed by Index Recheck": 0,
                        "Filter": "((ct.kind)::text = 'production companies'::text)",
                        "Rows Removed by Filter": 0,
                        "Exact Heap Blocks": 1641,
                        "Lossy Heap Blocks": 0,
                        "Plans": [
                            {
                                "Node Type": "Bitmap Index Scan",
                                "Parent Relationship": "Outer",
                                "Parallel Aware": false,
                                "Index Name": "company_type_pkey",
                                "Startup Cost": 0.0,
                                "Total Cost": 0.14,
                                "Plan Rows": 1,
                                "Plan Width": 0,
                                "Actual Startup Time": 0.001,
                                "Actual Total Time": 0.001,
                                "Actual Rows": 1,
                                "Actual Loops": 1641,
                                "Index Cond": "(ct.id = mc.company_type_id)"
                            }
                        ]
                    }
                ]
            }
        ]
    },
    "Planning Time": 15.83,
    "Triggers": [],
    "Execution Time": 5182.046
}