[
  {
    "Plan": {
      "Node Type": "Aggregate",
      "Strategy": "Plain",
      "Partial Mode": "Finalize",
      "Parallel Aware": false,
      "Startup Cost": 33152.69,
      "Total Cost": 33152.7,
      "Plan Rows": 1,
      "Plan Width": 8,
      "Actual Startup Time": 108.95,
      "Actual Total Time": 116.885,
      "Actual Rows": 1,
      "Actual Loops": 1,
      "Plans": [
        {
          "Node Type": "Gather",
          "Parent Relationship": "Outer",
          "Parallel Aware": false,
          "Startup Cost": 33152.37,
          "Total Cost": 33152.68,
          "Plan Rows": 3,
          "Plan Width": 8,
          "Actual Startup Time": 108.855,
          "Actual Total Time": 116.874,
          "Actual Rows": 4,
          "Actual Loops": 1,
          "Workers Planned": 3,
          "Workers Launched": 3,
          "Single Copy": false,
          "Plans": [
            {
              "Node Type": "Aggregate",
              "Strategy": "Plain",
              "Partial Mode": "Partial",
              "Parent Relationship": "Outer",
              "Parallel Aware": false,
              "Startup Cost": 32152.37,
              "Total Cost": 32152.38,
              "Plan Rows": 1,
              "Plan Width": 8,
              "Actual Startup Time": 102.358,
              "Actual Total Time": 102.359,
              "Actual Rows": 1,
              "Actual Loops": 4,
              "Plans": [
                {
                  "Node Type": "Seq Scan",
                  "Parent Relationship": "Outer",
                  "Parallel Aware": true,
                  "Relation Name": "movie_companies",
                  "Alias": "mc",
                  "Startup Cost": 0.0,
                  "Total Cost": 31414.82,
                  "Plan Rows": 295020,
                  "Plan Width": 0,
                  "Actual Startup Time": 0.043,
                  "Actual Total Time": 84.978,
                  "Actual Rows": 304010,
                  "Actual Loops": 4,
                  "Filter": "((company_id < 34589) AND (company_type_id = 1))",
                  "Rows Removed by Filter": 348272
                }
              ]
            }
          ]
        }
      ]
    },
    "Planning Time": 0.213,
    "Triggers": [],
    "Execution Time": 116.95
  }
]