[
  {
    "Plan": {
      "Node Type": "Aggregate",
      "Strategy": "Plain",
      "Partial Mode": "Finalize",
      "Parallel Aware": false,
      "Startup Cost": 480313.4,
      "Total Cost": 480313.41,
      "Plan Rows": 1,
      "Plan Width": 8,
      "Actual Startup Time": 2771.553,
      "Actual Total Time": 2828.185,
      "Actual Rows": 1,
      "Actual Loops": 1,
      "Plans": [
        {
          "Node Type": "Gather",
          "Parent Relationship": "Outer",
          "Parallel Aware": false,
          "Startup Cost": 480312.78,
          "Total Cost": 480313.39,
          "Plan Rows": 6,
          "Plan Width": 8,
          "Actual Startup Time": 2753.008,
          "Actual Total Time": 2828.17,
          "Actual Rows": 7,
          "Actual Loops": 1,
          "Workers Planned": 6,
          "Workers Launched": 6,
          "Single Copy": false,
          "Plans": [
            {
              "Node Type": "Aggregate",
              "Strategy": "Plain",
              "Partial Mode": "Partial",
              "Parent Relationship": "Outer",
              "Parallel Aware": false,
              "Startup Cost": 479312.78,
              "Total Cost": 479312.79,
              "Plan Rows": 1,
              "Plan Width": 8,
              "Actual Startup Time": 2732.291,
              "Actual Total Time": 2732.833,
              "Actual Rows": 1,
              "Actual Loops": 7,
              "Plans": [
                {
                  "Node Type": "Hash Join",
                  "Parent Relationship": "Outer",
                  "Parallel Aware": true,
                  "Join Type": "Inner",
                  "Startup Cost": 109470.76,
                  "Total Cost": 471166.32,
                  "Plan Rows": 3258582,
                  "Plan Width": 0,
                  "Actual Startup Time": 1113.87,
                  "Actual Total Time": 2461.542,
                  "Actual Rows": 5039485,
                  "Actual Loops": 7,
                  "Inner Unique": false,
                  "Hash Cond": "(ci.movie_id = t.id)",
                  "Plans": [
                    {
                      "Node Type": "Seq Scan",
                      "Parent Relationship": "Outer",
                      "Parallel Aware": true,
                      "Relation Name": "cast_info",
                      "Alias": "ci",
                      "Startup Cost": 0.0,
                      "Total Cost": 343316.27,
                      "Plan Rows": 2098063,
                      "Plan Width": 4,
                      "Actual Startup Time": 330.992,
                      "Actual Total Time": 761.678,
                      "Actual Rows": 1435970,
                      "Actual Loops": 7,
                      "Filter": "((person_id > 2083170) AND (role_id < 8))",
                      "Rows Removed by Filter": 3741793
                    },
                    {
                      "Node Type": "Hash",
                      "Parent Relationship": "Inner",
                      "Parallel Aware": true,
                      "Startup Cost": 93636.13,
                      "Total Cost": 93636.13,
                      "Plan Rows": 1266771,
                      "Plan Width": 8,
                      "Actual Startup Time": 775.632,
                      "Actual Total Time": 776.172,
                      "Actual Rows": 531407,
                      "Actual Loops": 7,
                      "Hash Buckets": 4194304,
                      "Original Hash Buckets": 4194304,
                      "Hash Batches": 1,
                      "Original Hash Batches": 1,
                      "Peak Memory Usage": 178400,
                      "Plans": [
                        {
                          "Node Type": "Hash Join",
                          "Parent Relationship": "Outer",
                          "Parallel Aware": true,
                          "Join Type": "Inner",
                          "Startup Cost": 50758.05,
                          "Total Cost": 93636.13,
                          "Plan Rows": 1266771,
                          "Plan Width": 8,
                          "Actual Startup Time": 313.385,
                          "Actual Total Time": 562.152,
                          "Actual Rows": 531407,
                          "Actual Loops": 7,
                          "Inner Unique": true,
                          "Hash Cond": "(mk.movie_id = t.id)",
                          "Plans": [
                            {
                              "Node Type": "Seq Scan",
                              "Parent Relationship": "Outer",
                              "Parallel Aware": true,
                              "Relation Name": "movie_keyword",
                              "Alias": "mk",
                              "Startup Cost": 0.0,
                              "Total Cost": 39047.32,
                              "Plan Rows": 1459332,
                              "Plan Width": 4,
                              "Actual Startup Time": 0.044,
                              "Actual Total Time": 82.104,
                              "Actual Rows": 646276,
                              "Actual Loops": 7
                            },
                            {
                              "Node Type": "Hash",
                              "Parent Relationship": "Inner",
                              "Parallel Aware": true,
                              "Startup Cost": 43899.32,
                              "Total Cost": 43899.32,
                              "Plan Rows": 548698,
                              "Plan Width": 4,
                              "Actual Startup Time": 307.74,
                              "Actual Total Time": 307.742,
                              "Actual Rows": 311759,
                              "Actual Loops": 7,
                              "Hash Buckets": 4194304,
                              "Original Hash Buckets": 4194304,
                              "Hash Batches": 1,
                              "Original Hash Batches": 1,
                              "Peak Memory Usage": 118272,
                              "Plans": [
                                {
                                  "Node Type": "Seq Scan",
                                  "Parent Relationship": "Outer",
                                  "Parallel Aware": true,
                                  "Relation Name": "title",
                                  "Alias": "t",
                                  "Startup Cost": 0.0,
                                  "Total Cost": 43899.32,
                                  "Plan Rows": 548698,
                                  "Plan Width": 4,
                                  "Actual Startup Time": 0.067,
                                  "Actual Total Time": 109.52,
                                  "Actual Rows": 311759,
                                  "Actual Loops": 7,
                                  "Filter": "(production_year > 1962)",
                                  "Rows Removed by Filter": 49428
                                }
                              ]
                            }
                          ]
                        }
                      ]
                    }
                  ]
                }
              ]
            }
          ]
        }
      ]
    },
    "Planning Time": 1.462,
    "Triggers": [],
    "Execution Time": 2828.277
  }
]