[
  {
    "Plan": {
      "Node Type": "Aggregate",
      "Strategy": "Plain",
      "Partial Mode": "Finalize",
      "Parallel Aware": false,
      "Startup Cost": 300523.92,
      "Total Cost": 300523.93,
      "Plan Rows": 1,
      "Plan Width": 8,
      "Actual Startup Time": 1819.38,
      "Actual Total Time": 1867.764,
      "Actual Rows": 1,
      "Actual Loops": 1,
      "Plans": [
        {
          "Node Type": "Gather",
          "Parent Relationship": "Outer",
          "Parallel Aware": false,
          "Startup Cost": 300523.4,
          "Total Cost": 300523.91,
          "Plan Rows": 5,
          "Plan Width": 8,
          "Actual Startup Time": 1805.811,
          "Actual Total Time": 1867.753,
          "Actual Rows": 6,
          "Actual Loops": 1,
          "Workers Planned": 5,
          "Workers Launched": 5,
          "Single Copy": false,
          "Plans": [
            {
              "Node Type": "Aggregate",
              "Strategy": "Plain",
              "Partial Mode": "Partial",
              "Parent Relationship": "Outer",
              "Parallel Aware": false,
              "Startup Cost": 299523.4,
              "Total Cost": 299523.41,
              "Plan Rows": 1,
              "Plan Width": 8,
              "Actual Startup Time": 1795.814,
              "Actual Total Time": 1795.819,
              "Actual Rows": 1,
              "Actual Loops": 6,
              "Plans": [
                {
                  "Node Type": "Hash Join",
                  "Parent Relationship": "Outer",
                  "Parallel Aware": true,
                  "Join Type": "Inner",
                  "Startup Cost": 92944.67,
                  "Total Cost": 297807.2,
                  "Plan Rows": 686481,
                  "Plan Width": 0,
                  "Actual Startup Time": 352.095,
                  "Actual Total Time": 1532.406,
                  "Actual Rows": 5517576,
                  "Actual Loops": 6,
                  "Inner Unique": false,
                  "Hash Cond": "(mi.movie_id = t.id)",
                  "Plans": [
                    {
                      "Node Type": "Seq Scan",
                      "Parent Relationship": "Outer",
                      "Parallel Aware": true,
                      "Relation Name": "movie_info",
                      "Alias": "mi",
                      "Startup Cost": 0.0,
                      "Total Cost": 191560.33,
                      "Plan Rows": 2956733,
                      "Plan Width": 4,
                      "Actual Startup Time": 0.053,
                      "Actual Total Time": 327.97,
                      "Actual Rows": 2472620,
                      "Actual Loops": 6
                    },
                    {
                      "Node Type": "Hash",
                      "Parent Relationship": "Inner",
                      "Parallel Aware": true,
                      "Startup Cost": 90577.71,
                      "Total Cost": 90577.71,
                      "Plan Rows": 189357,
                      "Plan Width": 8,
                      "Actual Startup Time": 347.272,
                      "Actual Total Time": 347.276,
                      "Actual Rows": 132540,
                      "Actual Loops": 6,
                      "Hash Buckets": 1048576,
                      "Original Hash Buckets": 1048576,
                      "Hash Batches": 1,
                      "Original Hash Batches": 1,
                      "Peak Memory Usage": 39456,
                      "Plans": [
                        {
                          "Node Type": "Hash Join",
                          "Parent Relationship": "Outer",
                          "Parallel Aware": true,
                          "Join Type": "Inner",
                          "Startup Cost": 46088.19,
                          "Total Cost": 90577.71,
                          "Plan Rows": 189357,
                          "Plan Width": 8,
                          "Actual Startup Time": 151.364,
                          "Actual Total Time": 301.879,
                          "Actual Rows": 132540,
                          "Actual Loops": 6,
                          "Inner Unique": true,
                          "Hash Cond": "(mk.movie_id = t.id)",
                          "Plans": [
                            {
                              "Node Type": "Seq Scan",
                              "Parent Relationship": "Outer",
                              "Parallel Aware": true,
                              "Relation Name": "movie_keyword",
                              "Alias": "mk",
                              "Startup Cost": 0.0,
                              "Total Cost": 42695.65,
                              "Plan Rows": 683376,
                              "Plan Width": 4,
                              "Actual Startup Time": 0.032,
                              "Actual Total Time": 89.706,
                              "Actual Rows": 353352,
                              "Actual Loops": 6,
                              "Filter": "(keyword_id < 3891)",
                              "Rows Removed by Filter": 400637
                            },
                            {
                              "Node Type": "Hash",
                              "Parent Relationship": "Inner",
                              "Parallel Aware": true,
                              "Startup Cost": 43898.92,
                              "Total Cost": 43898.92,
                              "Plan Rows": 175142,
                              "Plan Width": 4,
                              "Actual Startup Time": 149.466,
                              "Actual Total Time": 149.468,
                              "Actual Rows": 117864,
                              "Actual Loops": 6,
                              "Hash Buckets": 1048576,
                              "Original Hash Buckets": 1048576,
                              "Hash Batches": 1,
                              "Original Hash Batches": 1,
                              "Peak Memory Usage": 35936,
                              "Plans": [
                                {
                                  "Node Type": "Seq Scan",
                                  "Parent Relationship": "Outer",
                                  "Parallel Aware": true,
                                  "Relation Name": "title",
                                  "Alias": "t",
                                  "Startup Cost": 0.0,
                                  "Total Cost": 43898.92,
                                  "Plan Rows": 175142,
                                  "Plan Width": 4,
                                  "Actual Startup Time": 0.054,
                                  "Actual Total Time": 89.605,
                                  "Actual Rows": 117864,
                                  "Actual Loops": 6,
                                  "Filter": "(production_year < 1991)",
                                  "Rows Removed by Filter": 303521
                                }
                              ]
                            }
                          ]
                        }
                      ]
                    }
                  ]
                }
              ]
            }
          ]
        }
      ]
    },
    "Planning Time": 1.157,
    "Triggers": [],
    "Execution Time": 1867.855
  }
]