{
    "Plan": {
        "Node Type": "Aggregate",
        "Strategy": "Plain",
        "Partial Mode": "Finalize",
        "Parallel Aware": false,
        "Startup Cost": 380376.35,
        "Total Cost": 380376.36,
        "Plan Rows": 1,
        "Plan Width": 8,
        "Actual Startup Time": 743.65,
        "Actual Total Time": 818.234,
        "Actual Rows": 1,
        "Actual Loops": 1,
        "Output": [
            "count(*)"
        ],
        "Plans": [
            {
                "Node Type": "Gather",
                "Parent Relationship": "Outer",
                "Parallel Aware": false,
                "Startup Cost": 380375.83,
                "Total Cost": 380376.34,
                "Plan Rows": 5,
                "Plan Width": 8,
                "Actual Startup Time": 737.538,
                "Actual Total Time": 818.222,
                "Actual Rows": 6,
                "Actual Loops": 1,
                "Output": [
                    "(PARTIAL count(*))"
                ],
                "Workers Planned": 5,
                "Workers Launched": 5,
                "Single Copy": false,
                "Plans": [
                    {
                        "Node Type": "Aggregate",
                        "Strategy": "Plain",
                        "Partial Mode": "Partial",
                        "Parent Relationship": "Outer",
                        "Parallel Aware": false,
                        "Startup Cost": 379375.83,
                        "Total Cost": 379375.84,
                        "Plan Rows": 1,
                        "Plan Width": 8,
                        "Actual Startup Time": 725.327,
                        "Actual Total Time": 725.332,
                        "Actual Rows": 1,
                        "Actual Loops": 6,
                        "Output": [
                            "PARTIAL count(*)"
                        ],
                        "Workers": [
                            {
                                "Worker Number": 0,
                                "Actual Startup Time": 723.051,
                                "Actual Total Time": 723.056,
                                "Actual Rows": 1,
                                "Actual Loops": 1
                            },
                            {
                                "Worker Number": 1,
                                "Actual Startup Time": 722.588,
                                "Actual Total Time": 722.592,
                                "Actual Rows": 1,
                                "Actual Loops": 1
                            },
                            {
                                "Worker Number": 2,
                                "Actual Startup Time": 723.355,
                                "Actual Total Time": 723.36,
                                "Actual Rows": 1,
                                "Actual Loops": 1
                            },
                            {
                                "Worker Number": 3,
                                "Actual Startup Time": 723.228,
                                "Actual Total Time": 723.232,
                                "Actual Rows": 1,
                                "Actual Loops": 1
                            },
                            {
                                "Worker Number": 4,
                                "Actual Startup Time": 723.202,
                                "Actual Total Time": 723.206,
                                "Actual Rows": 1,
                                "Actual Loops": 1
                            }
                        ],
                        "Plans": [
                            {
                                "Node Type": "Nested Loop",
                                "Parent Relationship": "Outer",
                                "Parallel Aware": false,
                                "Join Type": "Inner",
                                "Startup Cost": 48638.12,
                                "Total Cost": 377883.54,
                                "Plan Rows": 596917,
                                "Plan Width": 0,
                                "Actual Startup Time": 355.785,
                                "Actual Total Time": 717.389,
                                "Actual Rows": 116671,
                                "Actual Loops": 6,
                                "Inner Unique": false,
                                "Workers": [
                                    {
                                        "Worker Number": 0,
                                        "Actual Startup Time": 354.853,
                                        "Actual Total Time": 714.768,
                                        "Actual Rows": 75734,
                                        "Actual Loops": 1
                                    },
                                    {
                                        "Worker Number": 1,
                                        "Actual Startup Time": 353.573,
                                        "Actual Total Time": 715.621,
                                        "Actual Rows": 106910,
                                        "Actual Loops": 1
                                    },
                                    {
                                        "Worker Number": 2,
                                        "Actual Startup Time": 350.714,
                                        "Actual Total Time": 716.011,
                                        "Actual Rows": 118063,
                                        "Actual Loops": 1
                                    },
                                    {
                                        "Worker Number": 3,
                                        "Actual Startup Time": 354.635,
                                        "Actual Total Time": 716.167,
                                        "Actual Rows": 115337,
                                        "Actual Loops": 1
                                    },
                                    {
                                        "Worker Number": 4,
                                        "Actual Startup Time": 354.261,
                                        "Actual Total Time": 716.112,
                                        "Actual Rows": 111338,
                                        "Actual Loops": 1
                                    }
                                ],
                                "Plans": [
                                    {
                                        "Node Type": "Hash Join",
                                        "Parent Relationship": "Outer",
                                        "Parallel Aware": true,
                                        "Join Type": "Inner",
                                        "Startup Cost": 48637.56,
                                        "Total Cost": 247791.67,
                                        "Plan Rows": 41630,
                                        "Plan Width": 8,
                                        "Actual Startup Time": 355.682,
                                        "Actual Total Time": 497.566,
                                        "Actual Rows": 3287,
                                        "Actual Loops": 6,
                                        "Output": [
                                            "t.id",
                                            "mi.movie_id"
                                        ],
                                        "Inner Unique": true,
                                        "Hash Cond": "(mi.movie_id = t.id)",
                                        "Workers": [
                                            {
                                                "Worker Number": 0,
                                                "Actual Startup Time": 354.737,
                                                "Actual Total Time": 490.883,
                                                "Actual Rows": 2101,
                                                "Actual Loops": 1
                                            },
                                            {
                                                "Worker Number": 1,
                                                "Actual Startup Time": 353.472,
                                                "Actual Total Time": 491.334,
                                                "Actual Rows": 2978,
                                                "Actual Loops": 1
                                            },
                                            {
                                                "Worker Number": 2,
                                                "Actual Startup Time": 350.573,
                                                "Actual Total Time": 491.655,
                                                "Actual Rows": 3384,
                                                "Actual Loops": 1
                                            },
                                            {
                                                "Worker Number": 3,
                                                "Actual Startup Time": 354.54,
                                                "Actual Total Time": 493.929,
                                                "Actual Rows": 3198,
                                                "Actual Loops": 1
                                            },
                                            {
                                                "Worker Number": 4,
                                                "Actual Startup Time": 354.136,
                                                "Actual Total Time": 494.92,
                                                "Actual Rows": 3198,
                                                "Actual Loops": 1
                                            }
                                        ],
                                        "Plans": [
                                            {
                                                "Node Type": "Seq Scan",
                                                "Parent Relationship": "Outer",
                                                "Parallel Aware": true,
                                                "Relation Name": "movie_info",
                                                "Schema": "public",
                                                "Alias": "mi",
                                                "Startup Cost": 0.0,
                                                "Total Cost": 198880.74,
                                                "Plan Rows": 104142,
                                                "Plan Width": 4,
                                                "Actual Startup Time": 179.161,
                                                "Actual Total Time": 305.558,
                                                "Actual Rows": 90561,
                                                "Actual Loops": 6,
                                                "Output": [
                                                    "mi.id",
                                                    "mi.movie_id",
                                                    "mi.info_type_id",
                                                    "mi.info",
                                                    "mi.note"
                                                ],
                                                "Filter": "(mi.info_type_id > 98)",
                                                "Rows Removed by Filter": 2382059,
                                                "Workers": [
                                                    {
                                                        "Worker Number": 0,
                                                        "Actual Startup Time": 179.129,
                                                        "Actual Total Time": 304.907,
                                                        "Actual Rows": 60980,
                                                        "Actual Loops": 1
                                                    },
                                                    {
                                                        "Worker Number": 1,
                                                        "Actual Startup Time": 179.256,
                                                        "Actual Total Time": 304.032,
                                                        "Actual Rows": 81827,
                                                        "Actual Loops": 1
                                                    },
                                                    {
                                                        "Worker Number": 2,
                                                        "Actual Startup Time": 179.098,
                                                        "Actual Total Time": 304.063,
                                                        "Actual Rows": 86428,
                                                        "Actual Loops": 1
                                                    },
                                                    {
                                                        "Worker Number": 3,
                                                        "Actual Startup Time": 179.109,
                                                        "Actual Total Time": 304.937,
                                                        "Actual Rows": 97630,
                                                        "Actual Loops": 1
                                                    },
                                                    {
                                                        "Worker Number": 4,
                                                        "Actual Startup Time": 179.172,
                                                        "Actual Total Time": 305.265,
                                                        "Actual Rows": 100893,
                                                        "Actual Loops": 1
                                                    }
                                                ]
                                            },
                                            {
                                                "Node Type": "Hash",
                                                "Parent Relationship": "Inner",
                                                "Parallel Aware": true,
                                                "Startup Cost": 45479.21,
                                                "Total Cost": 45479.21,
                                                "Plan Rows": 252668,
                                                "Plan Width": 4,
                                                "Actual Startup Time": 163.957,
                                                "Actual Total Time": 163.959,
                                                "Actual Rows": 160019,
                                                "Actual Loops": 6,
                                                "Output": [
                                                    "t.id"
                                                ],
                                                "Hash Buckets": 1048576,
                                                "Original Hash Buckets": 1048576,
                                                "Hash Batches": 1,
                                                "Original Hash Batches": 1,
                                                "Peak Memory Usage": 45856,
                                                "Workers": [
                                                    {
                                                        "Worker Number": 0,
                                                        "Actual Startup Time": 165.038,
                                                        "Actual Total Time": 165.04,
                                                        "Actual Rows": 128132,
                                                        "Actual Loops": 1
                                                    },
                                                    {
                                                        "Worker Number": 1,
                                                        "Actual Startup Time": 164.595,
                                                        "Actual Total Time": 164.596,
                                                        "Actual Rows": 161733,
                                                        "Actual Loops": 1
                                                    },
                                                    {
                                                        "Worker Number": 2,
                                                        "Actual Startup Time": 165.362,
                                                        "Actual Total Time": 165.364,
                                                        "Actual Rows": 160836,
                                                        "Actual Loops": 1
                                                    },
                                                    {
                                                        "Worker Number": 3,
                                                        "Actual Startup Time": 165.186,
                                                        "Actual Total Time": 165.187,
                                                        "Actual Rows": 167265,
                                                        "Actual Loops": 1
                                                    },
                                                    {
                                                        "Worker Number": 4,
                                                        "Actual Startup Time": 165.137,
                                                        "Actual Total Time": 165.138,
                                                        "Actual Rows": 165441,
                                                        "Actual Loops": 1
                                                    }
                                                ],
                                                "Plans": [
                                                    {
                                                        "Node Type": "Seq Scan",
                                                        "Parent Relationship": "Outer",
                                                        "Parallel Aware": true,
                                                        "Relation Name": "title",
                                                        "Schema": "public",
                                                        "Alias": "t",
                                                        "Startup Cost": 0.0,
                                                        "Total Cost": 45479.21,
                                                        "Plan Rows": 252668,
                                                        "Plan Width": 4,
                                                        "Actual Startup Time": 0.057,
                                                        "Actual Total Time": 88.012,
                                                        "Actual Rows": 160019,
                                                        "Actual Loops": 6,
                                                        "Output": [
                                                            "t.id"
                                                        ],
                                                        "Filter": "((t.production_year < 2008) AND (t.kind_id = 7))",
                                                        "Rows Removed by Filter": 261366,
                                                        "Workers": [
                                                            {
                                                                "Worker Number": 0,
                                                                "Actual Startup Time": 0.068,
                                                                "Actual Total Time": 90.051,
                                                                "Actual Rows": 128132,
                                                                "Actual Loops": 1
                                                            },
                                                            {
                                                                "Worker Number": 1,
                                                                "Actual Startup Time": 0.072,
                                                                "Actual Total Time": 90.332,
                                                                "Actual Rows": 161733,
                                                                "Actual Loops": 1
                                                            },
                                                            {
                                                                "Worker Number": 2,
                                                                "Actual Startup Time": 0.077,
                                                                "Actual Total Time": 90.03,
                                                                "Actual Rows": 160836,
                                                                "Actual Loops": 1
                                                            },
                                                            {
                                                                "Worker Number": 3,
                                                                "Actual Startup Time": 0.054,
                                                                "Actual Total Time": 87.94,
                                                                "Actual Rows": 167265,
                                                                "Actual Loops": 1
                                                            },
                                                            {
                                                                "Worker Number": 4,
                                                                "Actual Startup Time": 0.054,
                                                                "Actual Total Time": 88.337,
                                                                "Actual Rows": 165441,
                                                                "Actual Loops": 1
                                                            }
                                                        ]
                                                    }
                                                ]
                                            }
                                        ]
                                    },
                                    {
                                        "Node Type": "Index Only Scan",
                                        "Parent Relationship": "Inner",
                                        "Parallel Aware": false,
                                        "Scan Direction": "Forward",
                                        "Index Name": "movie_id_cast_info",
                                        "Relation Name": "cast_info",
                                        "Schema": "public",
                                        "Alias": "ci",
                                        "Startup Cost": 0.56,
                                        "Total Cost": 2.74,
                                        "Plan Rows": 38,
                                        "Plan Width": 4,
                                        "Actual Startup Time": 0.008,
                                        "Actual Total Time": 0.063,
                                        "Actual Rows": 35,
                                        "Actual Loops": 19721,
                                        "Output": [
                                            "ci.movie_id"
                                        ],
                                        "Index Cond": "(ci.movie_id = t.id)",
                                        "Rows Removed by Index Recheck": 0,
                                        "Heap Fetches": 700024,
                                        "Workers": [
                                            {
                                                "Worker Number": 0,
                                                "Actual Startup Time": 0.013,
                                                "Actual Total Time": 0.101,
                                                "Actual Rows": 36,
                                                "Actual Loops": 2101
                                            },
                                            {
                                                "Worker Number": 1,
                                                "Actual Startup Time": 0.009,
                                                "Actual Total Time": 0.072,
                                                "Actual Rows": 36,
                                                "Actual Loops": 2978
                                            },
                                            {
                                                "Worker Number": 2,
                                                "Actual Startup Time": 0.008,
                                                "Actual Total Time": 0.063,
                                                "Actual Rows": 35,
                                                "Actual Loops": 3384
                                            },
                                            {
                                                "Worker Number": 3,
                                                "Actual Startup Time": 0.009,
                                                "Actual Total Time": 0.066,
                                                "Actual Rows": 36,
                                                "Actual Loops": 3198
                                            },
                                            {
                                                "Worker Number": 4,
                                                "Actual Startup Time": 0.009,
                                                "Actual Total Time": 0.066,
                                                "Actual Rows": 35,
                                                "Actual Loops": 3198
                                            }
                                        ]
                                    }
                                ]
                            }
                        ]
                    }
                ]
            }
        ]
    },
    "Planning Time": 1.578,
    "Triggers": [],
    "Execution Time": 818.356
}