[
  {
    "Plan": {
      "Node Type": "Aggregate",
      "Strategy": "Plain",
      "Partial Mode": "Finalize",
      "Parallel Aware": false,
      "Startup Cost": 46918.5,
      "Total Cost": 46918.51,
      "Plan Rows": 1,
      "Plan Width": 8,
      "Actual Startup Time": 40.46,
      "Actual Total Time": 48.288,
      "Actual Rows": 1,
      "Actual Loops": 1,
      "Plans": [
        {
          "Node Type": "Gather",
          "Parent Relationship": "Outer",
          "Parallel Aware": false,
          "Startup Cost": 46918.28,
          "Total Cost": 46918.49,
          "Plan Rows": 2,
          "Plan Width": 8,
          "Actual Startup Time": 40.337,
          "Actual Total Time": 48.283,
          "Actual Rows": 3,
          "Actual Loops": 1,
          "Workers Planned": 2,
          "Workers Launched": 2,
          "Single Copy": false,
          "Plans": [
            {
              "Node Type": "Aggregate",
              "Strategy": "Plain",
              "Partial Mode": "Partial",
              "Parent Relationship": "Outer",
              "Parallel Aware": false,
              "Startup Cost": 45918.28,
              "Total Cost": 45918.29,
              "Plan Rows": 1,
              "Plan Width": 8,
              "Actual Startup Time": 34.659,
              "Actual Total Time": 34.661,
              "Actual Rows": 1,
              "Actual Loops": 3,
              "Plans": [
                {
                  "Node Type": "Nested Loop",
                  "Parent Relationship": "Outer",
                  "Parallel Aware": false,
                  "Join Type": "Inner",
                  "Startup Cost": 189.21,
                  "Total Cost": 45908.68,
                  "Plan Rows": 3840,
                  "Plan Width": 0,
                  "Actual Startup Time": 1.621,
                  "Actual Total Time": 34.621,
                  "Actual Rows": 275,
                  "Actual Loops": 3,
                  "Inner Unique": false,
                  "Plans": [
                    {
                      "Node Type": "Nested Loop",
                      "Parent Relationship": "Outer",
                      "Parallel Aware": false,
                      "Join Type": "Inner",
                      "Startup Cost": 188.64,
                      "Total Cost": 42109.89,
                      "Plan Rows": 1112,
                      "Plan Width": 8,
                      "Actual Startup Time": 1.194,
                      "Actual Total Time": 24.986,
                      "Actual Rows": 100,
                      "Actual Loops": 3,
                      "Inner Unique": true,
                      "Plans": [
                        {
                          "Node Type": "Bitmap Heap Scan",
                          "Parent Relationship": "Outer",
                          "Parallel Aware": true,
                          "Relation Name": "movie_keyword",
                          "Alias": "mk",
                          "Startup Cost": 188.21,
                          "Total Cost": 17652.02,
                          "Plan Rows": 3644,
                          "Plan Width": 4,
                          "Actual Startup Time": 0.777,
                          "Actual Total Time": 6.859,
                          "Actual Rows": 2167,
                          "Actual Loops": 3,
                          "Recheck Cond": "(keyword_id = 355)",
                          "Rows Removed by Index Recheck": 0,
                          "Exact Heap Blocks": 2992,
                          "Lossy Heap Blocks": 0,
                          "Plans": [
                            {
                              "Node Type": "Bitmap Index Scan",
                              "Parent Relationship": "Outer",
                              "Parallel Aware": false,
                              "Index Name": "keyword_id_movie_keyword",
                              "Startup Cost": 0.0,
                              "Total Cost": 186.03,
                              "Plan Rows": 8746,
                              "Plan Width": 0,
                              "Actual Startup Time": 1.358,
                              "Actual Total Time": 1.359,
                              "Actual Rows": 6501,
                              "Actual Loops": 1,
                              "Index Cond": "(keyword_id = 355)"
                            }
                          ]
                        },
                        {
                          "Node Type": "Index Scan",
                          "Parent Relationship": "Inner",
                          "Parallel Aware": false,
                          "Scan Direction": "Forward",
                          "Index Name": "title_pkey",
                          "Relation Name": "title",
                          "Alias": "t",
                          "Startup Cost": 0.43,
                          "Total Cost": 6.71,
                          "Plan Rows": 1,
                          "Plan Width": 4,
                          "Actual Startup Time": 0.008,
                          "Actual Total Time": 0.008,
                          "Actual Rows": 0,
                          "Actual Loops": 6501,
                          "Index Cond": "(id = mk.movie_id)",
                          "Rows Removed by Index Recheck": 0,
                          "Filter": "((production_year > 2002) AND (kind_id = 7))",
                          "Rows Removed by Filter": 1
                        }
                      ]
                    },
                    {
                      "Node Type": "Index Scan",
                      "Parent Relationship": "Inner",
                      "Parallel Aware": false,
                      "Scan Direction": "Forward",
                      "Index Name": "movie_id_cast_info",
                      "Relation Name": "cast_info",
                      "Alias": "ci",
                      "Startup Cost": 0.56,
                      "Total Cost": 3.34,
                      "Plan Rows": 8,
                      "Plan Width": 4,
                      "Actual Startup Time": 0.036,
                      "Actual Total Time": 0.096,
                      "Actual Rows": 3,
                      "Actual Loops": 300,
                      "Index Cond": "(movie_id = t.id)",
                      "Rows Removed by Index Recheck": 0,
                      "Filter": "((person_id > 1123067) AND (role_id = 1))",
                      "Rows Removed by Filter": 23
                    }
                  ]
                }
              ]
            }
          ]
        }
      ]
    },
    "Planning Time": 0.505,
    "Triggers": [],
    "Execution Time": 48.344
  }
]