[
  {
    "Plan": {
      "Node Type": "Aggregate",
      "Strategy": "Plain",
      "Partial Mode": "Simple",
      "Parallel Aware": false,
      "Startup Cost": 24490.32,
      "Total Cost": 24490.33,
      "Plan Rows": 1,
      "Plan Width": 8,
      "Actual Startup Time": 18.311,
      "Actual Total Time": 18.312,
      "Actual Rows": 1,
      "Actual Loops": 1,
      "Plans": [
        {
          "Node Type": "Bitmap Heap Scan",
          "Parent Relationship": "Outer",
          "Parallel Aware": false,
          "Relation Name": "movie_keyword",
          "Alias": "mk",
          "Startup Cost": 391.05,
          "Total Cost": 24444.31,
          "Plan Rows": 18402,
          "Plan Width": 0,
          "Actual Startup Time": 2.794,
          "Actual Total Time": 16.69,
          "Actual Rows": 17066,
          "Actual Loops": 1,
          "Recheck Cond": "(keyword_id > 119529)",
          "Rows Removed by Index Recheck": 0,
          "Exact Heap Blocks": 5250,
          "Lossy Heap Blocks": 0,
          "Plans": [
            {
              "Node Type": "Bitmap Index Scan",
              "Parent Relationship": "Outer",
              "Parallel Aware": false,
              "Index Name": "keyword_id_movie_keyword",
              "Startup Cost": 0.0,
              "Total Cost": 386.45,
              "Plan Rows": 18402,
              "Plan Width": 0,
              "Actual Startup Time": 1.725,
              "Actual Total Time": 1.725,
              "Actual Rows": 17066,
              "Actual Loops": 1,
              "Index Cond": "(keyword_id > 119529)"
            }
          ]
        }
      ]
    },
    "Planning Time": 0.158,
    "Triggers": [],
    "Execution Time": 18.348
  }
]