{
  "Plan": {
    "Node Type": "Aggregate",
    "Strategy": "Plain",
    "Partial Mode": "Finalize",
    "Parallel Aware": false,
    "Startup Cost": 105403.61,
    "Total Cost": 105403.62,
    "Plan Rows": 1,
    "Plan Width": 8,
    "Actual Startup Time": 337.405,
    "Actual Total Time": 360.907,
    "Actual Rows": 1,
    "Actual Loops": 1,
    "Plans": [
      {
        "Node Type": "Gather",
        "Parent Relationship": "Outer",
        "Parallel Aware": false,
        "Startup Cost": 105403.5,
        "Total Cost": 105403.61,
        "Plan Rows": 1,
        "Plan Width": 8,
        "Actual Startup Time": 337.085,
        "Actual Total Time": 360.898,
        "Actual Rows": 2,
        "Actual Loops": 1,
        "Workers Planned": 1,
        "Workers Launched": 1,
        "Single Copy": false,
        "Plans": [
          {
            "Node Type": "Aggregate",
            "Strategy": "Plain",
            "Partial Mode": "Partial",
            "Parent Relationship": "Outer",
            "Parallel Aware": false,
            "Startup Cost": 104403.5,
            "Total Cost": 104403.51,
            "Plan Rows": 1,
            "Plan Width": 8,
            "Actual Startup Time": 330.814,
            "Actual Total Time": 330.819,
            "Actual Rows": 1,
            "Actual Loops": 2,
            "Plans": [
              {
                "Node Type": "Nested Loop",
                "Parent Relationship": "Outer",
                "Parallel Aware": false,
                "Join Type": "Inner",
                "Startup Cost": 67881.39,
                "Total Cost": 104396.54,
                "Plan Rows": 2786,
                "Plan Width": 0,
                "Actual Startup Time": 182.626,
                "Actual Total Time": 330.216,
                "Actual Rows": 12154,
                "Actual Loops": 2,
                "Inner Unique": false,
                "Join Filter": "(t.id = mi.movie_id)",
                "Rows Removed by Join Filter": 0,
                "Plans": [
                  {
                    "Node Type": "Hash Join",
                    "Parent Relationship": "Outer",
                    "Parallel Aware": true,
                    "Join Type": "Inner",
                    "Startup Cost": 67880.95,
                    "Total Cost": 97859.06,
                    "Plan Rows": 2362,
                    "Plan Width": 8,
                    "Actual Startup Time": 182.518,
                    "Actual Total Time": 288.779,
                    "Actual Rows": 1861,
                    "Actual Loops": 2,
                    "Inner Unique": true,
                    "Hash Cond": "(mk.movie_id = t.id)",
                    "Plans": [
                      {
                        "Node Type": "Bitmap Heap Scan",
                        "Parent Relationship": "Outer",
                        "Parallel Aware": true,
                        "Relation Name": "movie_keyword",
                        "Alias": "mk",
                        "Startup Cost": 13172.34,
                        "Total Cost": 42191.71,
                        "Plan Rows": 365230,
                        "Plan Width": 4,
                        "Actual Startup Time": 37.0,
                        "Actual Total Time": 117.671,
                        "Actual Rows": 305914,
                        "Actual Loops": 2,
                        "Recheck Cond": "(keyword_id > 30193)",
                        "Rows Removed by Index Recheck": 0,
                        "Exact Heap Blocks": 14887,
                        "Lossy Heap Blocks": 0,
                        "Plans": [
                          {
                            "Node Type": "Bitmap Index Scan",
                            "Parent Relationship": "Outer",
                            "Parallel Aware": false,
                            "Index Name": "keyword_id_movie_keyword",
                            "Startup Cost": 0.0,
                            "Total Cost": 13017.11,
                            "Plan Rows": 620891,
                            "Plan Width": 0,
                            "Actual Startup Time": 33.52,
                            "Actual Total Time": 33.52,
                            "Actual Rows": 611828,
                            "Actual Loops": 1,
                            "Index Cond": "(keyword_id > 30193)"
                          }
                        ]
                      },
                      {
                        "Node Type": "Hash",
                        "Parent Relationship": "Inner",
                        "Parallel Aware": true,
                        "Startup Cost": 54588.39,
                        "Total Cost": 54588.39,
                        "Plan Rows": 9618,
                        "Plan Width": 4,
                        "Actual Startup Time": 142.056,
                        "Actual Total Time": 142.057,
                        "Actual Rows": 7118,
                        "Actual Loops": 2,
                        "Hash Buckets": 16384,
                        "Original Hash Buckets": 16384,
                        "Hash Batches": 1,
                        "Original Hash Batches": 1,
                        "Peak Memory Usage": 704,
                        "Plans": [
                          {
                            "Node Type": "Seq Scan",
                            "Parent Relationship": "Outer",
                            "Parallel Aware": true,
                            "Relation Name": "title",
                            "Alias": "t",
                            "Startup Cost": 0.0,
                            "Total Cost": 54588.39,
                            "Plan Rows": 9618,
                            "Plan Width": 4,
                            "Actual Startup Time": 0.446,
                            "Actual Total Time": 139.051,
                            "Actual Rows": 7118,
                            "Actual Loops": 2,
                            "Filter": "(production_year = 1968)",
                            "Rows Removed by Filter": 1257038
                          }
                        ]
                      }
                    ]
                  },
                  {
                    "Node Type": "Index Scan",
                    "Parent Relationship": "Inner",
                    "Parallel Aware": false,
                    "Scan Direction": "Forward",
                    "Index Name": "movie_id_movie_info",
                    "Relation Name": "movie_info",
                    "Alias": "mi",
                    "Startup Cost": 0.43,
                    "Total Cost": 2.67,
                    "Plan Rows": 8,
                    "Plan Width": 4,
                    "Actual Startup Time": 0.01,
                    "Actual Total Time": 0.021,
                    "Actual Rows": 7,
                    "Actual Loops": 3722,
                    "Index Cond": "(movie_id = mk.movie_id)",
                    "Rows Removed by Index Recheck": 0,
                    "Filter": "(info_type_id = 16)",
                    "Rows Removed by Filter": 50
                  }
                ]
              }
            ]
          }
        ]
      }
    ]
  },
  "Planning Time": 0.907,
  "Triggers": [],
  "Execution Time": 361.032
}