{
  "Plan": {
    "Node Type": "Aggregate",
    "Strategy": "Plain",
    "Partial Mode": "Finalize",
    "Parallel Aware": false,
    "Startup Cost": 463469.48,
    "Total Cost": 463469.49,
    "Plan Rows": 1,
    "Plan Width": 8,
    "Actual Startup Time": 1155.104,
    "Actual Total Time": 1174.396,
    "Actual Rows": 1,
    "Actual Loops": 1,
    "Plans": [
      {
        "Node Type": "Gather",
        "Parent Relationship": "Outer",
        "Parallel Aware": false,
        "Startup Cost": 463469.37,
        "Total Cost": 463469.48,
        "Plan Rows": 1,
        "Plan Width": 8,
        "Actual Startup Time": 1154.065,
        "Actual Total Time": 1174.388,
        "Actual Rows": 2,
        "Actual Loops": 1,
        "Workers Planned": 1,
        "Workers Launched": 1,
        "Single Copy": false,
        "Plans": [
          {
            "Node Type": "Aggregate",
            "Strategy": "Plain",
            "Partial Mode": "Partial",
            "Parent Relationship": "Outer",
            "Parallel Aware": false,
            "Startup Cost": 462469.37,
            "Total Cost": 462469.38,
            "Plan Rows": 1,
            "Plan Width": 8,
            "Actual Startup Time": 1150.056,
            "Actual Total Time": 1150.061,
            "Actual Rows": 1,
            "Actual Loops": 2,
            "Plans": [
              {
                "Node Type": "Hash Join",
                "Parent Relationship": "Outer",
                "Parallel Aware": true,
                "Join Type": "Inner",
                "Startup Cost": 162111.62,
                "Total Cost": 461544.83,
                "Plan Rows": 369818,
                "Plan Width": 0,
                "Actual Startup Time": 347.973,
                "Actual Total Time": 1127.722,
                "Actual Rows": 516958,
                "Actual Loops": 2,
                "Inner Unique": true,
                "Hash Cond": "(ci.movie_id = t.id)",
                "Plans": [
                  {
                    "Node Type": "Bitmap Heap Scan",
                    "Parent Relationship": "Outer",
                    "Parallel Aware": true,
                    "Relation Name": "cast_info",
                    "Alias": "ci",
                    "Startup Cost": 104560.12,
                    "Total Cost": 399181.89,
                    "Plan Rows": 1832922,
                    "Plan Width": 4,
                    "Actual Startup Time": 176.09,
                    "Actual Total Time": 538.112,
                    "Actual Rows": 2274825,
                    "Actual Loops": 2,
                    "Recheck Cond": "(person_id > 3232039)",
                    "Rows Removed by Index Recheck": 0,
                    "Filter": "(role_id > 1)",
                    "Rows Removed by Filter": 0,
                    "Exact Heap Blocks": 31179,
                    "Lossy Heap Blocks": 0,
                    "Plans": [
                      {
                        "Node Type": "Bitmap Index Scan",
                        "Parent Relationship": "Outer",
                        "Parallel Aware": false,
                        "Index Name": "person_id_cast_info",
                        "Startup Cost": 0.0,
                        "Total Cost": 103781.12,
                        "Plan Rows": 4752608,
                        "Plan Width": 0,
                        "Actual Startup Time": 164.965,
                        "Actual Total Time": 164.966,
                        "Actual Rows": 4549650,
                        "Actual Loops": 1,
                        "Index Cond": "(person_id > 3232039)"
                      }
                    ]
                  },
                  {
                    "Node Type": "Hash",
                    "Parent Relationship": "Inner",
                    "Parallel Aware": true,
                    "Startup Cost": 53800.64,
                    "Total Cost": 53800.64,
                    "Plan Rows": 300069,
                    "Plan Width": 4,
                    "Actual Startup Time": 166.546,
                    "Actual Total Time": 166.548,
                    "Actual Rows": 191054,
                    "Actual Loops": 2,
                    "Hash Buckets": 524288,
                    "Original Hash Buckets": 524288,
                    "Hash Batches": 1,
                    "Original Hash Batches": 1,
                    "Peak Memory Usage": 19072,
                    "Plans": [
                      {
                        "Node Type": "Bitmap Heap Scan",
                        "Parent Relationship": "Outer",
                        "Parallel Aware": true,
                        "Relation Name": "title",
                        "Alias": "t",
                        "Startup Cost": 11950.38,
                        "Total Cost": 53800.64,
                        "Plan Rows": 300069,
                        "Plan Width": 4,
                        "Actual Startup Time": 36.904,
                        "Actual Total Time": 109.417,
                        "Actual Rows": 191054,
                        "Actual Loops": 2,
                        "Recheck Cond": "(kind_id = 1)",
                        "Rows Removed by Index Recheck": 0,
                        "Filter": "(production_year > 1980)",
                        "Rows Removed by Filter": 140358,
                        "Exact Heap Blocks": 7413,
                        "Lossy Heap Blocks": 0,
                        "Plans": [
                          {
                            "Node Type": "Bitmap Index Scan",
                            "Parent Relationship": "Outer",
                            "Parallel Aware": false,
                            "Index Name": "kind_id_title",
                            "Startup Cost": 0.0,
                            "Total Cost": 11822.85,
                            "Plan Rows": 663256,
                            "Plan Width": 0,
                            "Actual Startup Time": 35.073,
                            "Actual Total Time": 35.073,
                            "Actual Rows": 662825,
                            "Actual Loops": 1,
                            "Index Cond": "(kind_id = 1)"
                          }
                        ]
                      }
                    ]
                  }
                ]
              }
            ]
          }
        ]
      }
    ]
  },
  "Planning Time": 0.697,
  "Triggers": [],
  "Execution Time": 1174.504
}