{
    "Plan": {
        "Node Type": "Aggregate",
        "Strategy": "Plain",
        "Partial Mode": "Finalize",
        "Parallel Aware": false,
        "Startup Cost": 165710.08,
        "Total Cost": 165710.09,
        "Plan Rows": 1,
        "Plan Width": 8,
        "Actual Startup Time": 588.405,
        "Actual Total Time": 611.49,
        "Actual Rows": 1,
        "Actual Loops": 1,
        "Output": [
            "count(*)"
        ],
        "Plans": [
            {
                "Node Type": "Gather",
                "Parent Relationship": "Outer",
                "Parallel Aware": false,
                "Startup Cost": 165709.56,
                "Total Cost": 165710.07,
                "Plan Rows": 5,
                "Plan Width": 8,
                "Actual Startup Time": 584.133,
                "Actual Total Time": 611.483,
                "Actual Rows": 6,
                "Actual Loops": 1,
                "Output": [
                    "(PARTIAL count(*))"
                ],
                "Workers Planned": 5,
                "Workers Launched": 5,
                "Single Copy": false,
                "Plans": [
                    {
                        "Node Type": "Aggregate",
                        "Strategy": "Plain",
                        "Partial Mode": "Partial",
                        "Parent Relationship": "Outer",
                        "Parallel Aware": false,
                        "Startup Cost": 164709.56,
                        "Total Cost": 164709.57,
                        "Plan Rows": 1,
                        "Plan Width": 8,
                        "Actual Startup Time": 572.064,
                        "Actual Total Time": 572.067,
                        "Actual Rows": 1,
                        "Actual Loops": 6,
                        "Output": [
                            "PARTIAL count(*)"
                        ],
                        "Workers": [
                            {
                                "Worker Number": 0,
                                "Actual Startup Time": 569.374,
                                "Actual Total Time": 569.377,
                                "Actual Rows": 1,
                                "Actual Loops": 1
                            },
                            {
                                "Worker Number": 1,
                                "Actual Startup Time": 569.372,
                                "Actual Total Time": 569.376,
                                "Actual Rows": 1,
                                "Actual Loops": 1
                            },
                            {
                                "Worker Number": 2,
                                "Actual Startup Time": 569.566,
                                "Actual Total Time": 569.568,
                                "Actual Rows": 1,
                                "Actual Loops": 1
                            },
                            {
                                "Worker Number": 3,
                                "Actual Startup Time": 570.27,
                                "Actual Total Time": 570.273,
                                "Actual Rows": 1,
                                "Actual Loops": 1
                            },
                            {
                                "Worker Number": 4,
                                "Actual Startup Time": 570.128,
                                "Actual Total Time": 570.132,
                                "Actual Rows": 1,
                                "Actual Loops": 1
                            }
                        ],
                        "Plans": [
                            {
                                "Node Type": "Hash Join",
                                "Parent Relationship": "Outer",
                                "Parallel Aware": true,
                                "Join Type": "Inner",
                                "Startup Cost": 47847.95,
                                "Total Cost": 163649.74,
                                "Plan Rows": 423930,
                                "Plan Width": 0,
                                "Actual Startup Time": 184.186,
                                "Actual Total Time": 561.019,
                                "Actual Rows": 264411,
                                "Actual Loops": 6,
                                "Inner Unique": true,
                                "Hash Cond": "(ci.movie_id = t.id)",
                                "Workers": [
                                    {
                                        "Worker Number": 0,
                                        "Actual Startup Time": 182.15,
                                        "Actual Total Time": 559.025,
                                        "Actual Rows": 249809,
                                        "Actual Loops": 1
                                    },
                                    {
                                        "Worker Number": 1,
                                        "Actual Startup Time": 181.721,
                                        "Actual Total Time": 558.966,
                                        "Actual Rows": 250143,
                                        "Actual Loops": 1
                                    },
                                    {
                                        "Worker Number": 2,
                                        "Actual Startup Time": 181.569,
                                        "Actual Total Time": 558.564,
                                        "Actual Rows": 264875,
                                        "Actual Loops": 1
                                    },
                                    {
                                        "Worker Number": 3,
                                        "Actual Startup Time": 182.222,
                                        "Actual Total Time": 559.734,
                                        "Actual Rows": 253173,
                                        "Actual Loops": 1
                                    },
                                    {
                                        "Worker Number": 4,
                                        "Actual Startup Time": 182.612,
                                        "Actual Total Time": 559.102,
                                        "Actual Rows": 266778,
                                        "Actual Loops": 1
                                    }
                                ],
                                "Plans": [
                                    {
                                        "Node Type": "Index Scan",
                                        "Parent Relationship": "Outer",
                                        "Parallel Aware": true,
                                        "Scan Direction": "Forward",
                                        "Index Name": "role_id_cast_info",
                                        "Relation Name": "cast_info",
                                        "Schema": "public",
                                        "Alias": "ci",
                                        "Startup Cost": 0.56,
                                        "Total Cost": 113575.53,
                                        "Plan Rows": 848315,
                                        "Plan Width": 4,
                                        "Actual Startup Time": 0.101,
                                        "Actual Total Time": 144.464,
                                        "Actual Rows": 720503,
                                        "Actual Loops": 6,
                                        "Output": [
                                            "ci.id",
                                            "ci.person_id",
                                            "ci.movie_id",
                                            "ci.person_role_id",
                                            "ci.note",
                                            "ci.nr_order",
                                            "ci.role_id"
                                        ],
                                        "Index Cond": "(ci.role_id = 10)",
                                        "Rows Removed by Index Recheck": 0,
                                        "Workers": [
                                            {
                                                "Worker Number": 0,
                                                "Actual Startup Time": 0.088,
                                                "Actual Total Time": 147.276,
                                                "Actual Rows": 681741,
                                                "Actual Loops": 1
                                            },
                                            {
                                                "Worker Number": 1,
                                                "Actual Startup Time": 0.166,
                                                "Actual Total Time": 148.597,
                                                "Actual Rows": 682520,
                                                "Actual Loops": 1
                                            },
                                            {
                                                "Worker Number": 2,
                                                "Actual Startup Time": 0.074,
                                                "Actual Total Time": 150.055,
                                                "Actual Rows": 723608,
                                                "Actual Loops": 1
                                            },
                                            {
                                                "Worker Number": 3,
                                                "Actual Startup Time": 0.082,
                                                "Actual Total Time": 149.093,
                                                "Actual Rows": 698508,
                                                "Actual Loops": 1
                                            },
                                            {
                                                "Worker Number": 4,
                                                "Actual Startup Time": 0.157,
                                                "Actual Total Time": 149.865,
                                                "Actual Rows": 717615,
                                                "Actual Loops": 1
                                            }
                                        ]
                                    },
                                    {
                                        "Node Type": "Hash",
                                        "Parent Relationship": "Inner",
                                        "Parallel Aware": true,
                                        "Startup Cost": 43899.01,
                                        "Total Cost": 43899.01,
                                        "Plan Rows": 315870,
                                        "Plan Width": 4,
                                        "Actual Startup Time": 179.443,
                                        "Actual Total Time": 179.444,
                                        "Actual Rows": 210617,
                                        "Actual Loops": 6,
                                        "Output": [
                                            "t.id"
                                        ],
                                        "Hash Buckets": 2097152,
                                        "Original Hash Buckets": 2097152,
                                        "Hash Batches": 1,
                                        "Original Hash Batches": 1,
                                        "Peak Memory Usage": 65920,
                                        "Workers": [
                                            {
                                                "Worker Number": 0,
                                                "Actual Startup Time": 180.766,
                                                "Actual Total Time": 180.767,
                                                "Actual Rows": 188323,
                                                "Actual Loops": 1
                                            },
                                            {
                                                "Worker Number": 1,
                                                "Actual Startup Time": 180.771,
                                                "Actual Total Time": 180.772,
                                                "Actual Rows": 191749,
                                                "Actual Loops": 1
                                            },
                                            {
                                                "Worker Number": 2,
                                                "Actual Startup Time": 180.928,
                                                "Actual Total Time": 180.929,
                                                "Actual Rows": 200742,
                                                "Actual Loops": 1
                                            },
                                            {
                                                "Worker Number": 3,
                                                "Actual Startup Time": 181.764,
                                                "Actual Total Time": 181.765,
                                                "Actual Rows": 193391,
                                                "Actual Loops": 1
                                            },
                                            {
                                                "Worker Number": 4,
                                                "Actual Startup Time": 181.623,
                                                "Actual Total Time": 181.625,
                                                "Actual Rows": 197664,
                                                "Actual Loops": 1
                                            }
                                        ],
                                        "Plans": [
                                            {
                                                "Node Type": "Seq Scan",
                                                "Parent Relationship": "Outer",
                                                "Parallel Aware": true,
                                                "Relation Name": "title",
                                                "Schema": "public",
                                                "Alias": "t",
                                                "Startup Cost": 0.0,
                                                "Total Cost": 43899.01,
                                                "Plan Rows": 315870,
                                                "Plan Width": 4,
                                                "Actual Startup Time": 0.065,
                                                "Actual Total Time": 82.496,
                                                "Actual Rows": 210617,
                                                "Actual Loops": 6,
                                                "Output": [
                                                    "t.id"
                                                ],
                                                "Filter": "(t.production_year < 2004)",
                                                "Rows Removed by Filter": 210769,
                                                "Workers": [
                                                    {
                                                        "Worker Number": 0,
                                                        "Actual Startup Time": 0.075,
                                                        "Actual Total Time": 84.272,
                                                        "Actual Rows": 188323,
                                                        "Actual Loops": 1
                                                    },
                                                    {
                                                        "Worker Number": 1,
                                                        "Actual Startup Time": 0.084,
                                                        "Actual Total Time": 84.382,
                                                        "Actual Rows": 191749,
                                                        "Actual Loops": 1
                                                    },
                                                    {
                                                        "Worker Number": 2,
                                                        "Actual Startup Time": 0.078,
                                                        "Actual Total Time": 85.196,
                                                        "Actual Rows": 200742,
                                                        "Actual Loops": 1
                                                    },
                                                    {
                                                        "Worker Number": 3,
                                                        "Actual Startup Time": 0.071,
                                                        "Actual Total Time": 84.076,
                                                        "Actual Rows": 193391,
                                                        "Actual Loops": 1
                                                    },
                                                    {
                                                        "Worker Number": 4,
                                                        "Actual Startup Time": 0.069,
                                                        "Actual Total Time": 84.774,
                                                        "Actual Rows": 197664,
                                                        "Actual Loops": 1
                                                    }
                                                ]
                                            }
                                        ]
                                    }
                                ]
                            }
                        ]
                    }
                ]
            }
        ]
    },
    "Planning Time": 0.425,
    "Triggers": [],
    "Execution Time": 611.543
}