{
    "Plan": {
        "Node Type": "Aggregate",
        "Strategy": "Plain",
        "Partial Mode": "Finalize",
        "Parallel Aware": false,
        "Startup Cost": 124705.4,
        "Total Cost": 124705.41,
        "Plan Rows": 1,
        "Plan Width": 8,
        "Actual Startup Time": 530.748,
        "Actual Total Time": 557.037,
        "Actual Rows": 1,
        "Actual Loops": 1,
        "Output": [
            "count(*)"
        ],
        "Plans": [
            {
                "Node Type": "Gather",
                "Parent Relationship": "Outer",
                "Parallel Aware": false,
                "Startup Cost": 124705.08,
                "Total Cost": 124705.39,
                "Plan Rows": 3,
                "Plan Width": 8,
                "Actual Startup Time": 528.37,
                "Actual Total Time": 557.028,
                "Actual Rows": 4,
                "Actual Loops": 1,
                "Output": [
                    "(PARTIAL count(*))"
                ],
                "Workers Planned": 3,
                "Workers Launched": 3,
                "Single Copy": false,
                "Plans": [
                    {
                        "Node Type": "Aggregate",
                        "Strategy": "Plain",
                        "Partial Mode": "Partial",
                        "Parent Relationship": "Outer",
                        "Parallel Aware": false,
                        "Startup Cost": 123705.08,
                        "Total Cost": 123705.09,
                        "Plan Rows": 1,
                        "Plan Width": 8,
                        "Actual Startup Time": 518.942,
                        "Actual Total Time": 519.0,
                        "Actual Rows": 1,
                        "Actual Loops": 4,
                        "Output": [
                            "PARTIAL count(*)"
                        ],
                        "Workers": [
                            {
                                "Worker Number": 0,
                                "Actual Startup Time": 517.087,
                                "Actual Total Time": 517.091,
                                "Actual Rows": 1,
                                "Actual Loops": 1
                            },
                            {
                                "Worker Number": 1,
                                "Actual Startup Time": 516.784,
                                "Actual Total Time": 516.79,
                                "Actual Rows": 1,
                                "Actual Loops": 1
                            },
                            {
                                "Worker Number": 2,
                                "Actual Startup Time": 515.721,
                                "Actual Total Time": 515.726,
                                "Actual Rows": 1,
                                "Actual Loops": 1
                            }
                        ],
                        "Plans": [
                            {
                                "Node Type": "Hash Join",
                                "Parent Relationship": "Outer",
                                "Parallel Aware": true,
                                "Join Type": "Inner",
                                "Startup Cost": 78878.26,
                                "Total Cost": 123571.04,
                                "Plan Rows": 53616,
                                "Plan Width": 0,
                                "Actual Startup Time": 267.75,
                                "Actual Total Time": 503.404,
                                "Actual Rows": 346945,
                                "Actual Loops": 4,
                                "Inner Unique": false,
                                "Hash Cond": "(mk.movie_id = t.id)",
                                "Workers": [
                                    {
                                        "Worker Number": 0,
                                        "Actual Startup Time": 265.629,
                                        "Actual Total Time": 502.359,
                                        "Actual Rows": 363327,
                                        "Actual Loops": 1
                                    },
                                    {
                                        "Worker Number": 1,
                                        "Actual Startup Time": 265.717,
                                        "Actual Total Time": 500.555,
                                        "Actual Rows": 250067,
                                        "Actual Loops": 1
                                    },
                                    {
                                        "Worker Number": 2,
                                        "Actual Startup Time": 264.644,
                                        "Actual Total Time": 501.438,
                                        "Actual Rows": 353441,
                                        "Actual Loops": 1
                                    }
                                ],
                                "Plans": [
                                    {
                                        "Node Type": "Seq Scan",
                                        "Parent Relationship": "Outer",
                                        "Parallel Aware": true,
                                        "Relation Name": "movie_keyword",
                                        "Schema": "public",
                                        "Alias": "mk",
                                        "Startup Cost": 0.0,
                                        "Total Cost": 39047.32,
                                        "Plan Rows": 1459332,
                                        "Plan Width": 4,
                                        "Actual Startup Time": 0.019,
                                        "Actual Total Time": 108.442,
                                        "Actual Rows": 1130982,
                                        "Actual Loops": 4,
                                        "Output": [
                                            "mk.id",
                                            "mk.movie_id",
                                            "mk.keyword_id"
                                        ],
                                        "Workers": [
                                            {
                                                "Worker Number": 0,
                                                "Actual Startup Time": 0.012,
                                                "Actual Total Time": 114.522,
                                                "Actual Rows": 1190045,
                                                "Actual Loops": 1
                                            },
                                            {
                                                "Worker Number": 1,
                                                "Actual Startup Time": 0.031,
                                                "Actual Total Time": 110.349,
                                                "Actual Rows": 786065,
                                                "Actual Loops": 1
                                            },
                                            {
                                                "Worker Number": 2,
                                                "Actual Startup Time": 0.022,
                                                "Actual Total Time": 114.833,
                                                "Actual Rows": 1149960,
                                                "Actual Loops": 1
                                            }
                                        ]
                                    },
                                    {
                                        "Node Type": "Hash",
                                        "Parent Relationship": "Inner",
                                        "Parallel Aware": true,
                                        "Startup Cost": 78503.7,
                                        "Total Cost": 78503.7,
                                        "Plan Rows": 29965,
                                        "Plan Width": 8,
                                        "Actual Startup Time": 266.182,
                                        "Actual Total Time": 266.238,
                                        "Actual Rows": 49552,
                                        "Actual Loops": 4,
                                        "Output": [
                                            "t.id",
                                            "mc.movie_id"
                                        ],
                                        "Hash Buckets": 262144,
                                        "Original Hash Buckets": 131072,
                                        "Hash Batches": 1,
                                        "Original Hash Batches": 1,
                                        "Peak Memory Usage": 10880,
                                        "Workers": [
                                            {
                                                "Worker Number": 0,
                                                "Actual Startup Time": 264.976,
                                                "Actual Total Time": 264.979,
                                                "Actual Rows": 54465,
                                                "Actual Loops": 1
                                            },
                                            {
                                                "Worker Number": 1,
                                                "Actual Startup Time": 264.823,
                                                "Actual Total Time": 264.827,
                                                "Actual Rows": 37186,
                                                "Actual Loops": 1
                                            },
                                            {
                                                "Worker Number": 2,
                                                "Actual Startup Time": 263.786,
                                                "Actual Total Time": 263.79,
                                                "Actual Rows": 48604,
                                                "Actual Loops": 1
                                            }
                                        ],
                                        "Plans": [
                                            {
                                                "Node Type": "Hash Join",
                                                "Parent Relationship": "Outer",
                                                "Parallel Aware": true,
                                                "Join Type": "Inner",
                                                "Startup Cost": 46446.18,
                                                "Total Cost": 78503.7,
                                                "Plan Rows": 29965,
                                                "Plan Width": 8,
                                                "Actual Startup Time": 162.489,
                                                "Actual Total Time": 247.986,
                                                "Actual Rows": 49552,
                                                "Actual Loops": 4,
                                                "Output": [
                                                    "t.id",
                                                    "mc.movie_id"
                                                ],
                                                "Inner Unique": true,
                                                "Hash Cond": "(mc.movie_id = t.id)",
                                                "Workers": [
                                                    {
                                                        "Worker Number": 0,
                                                        "Actual Startup Time": 161.175,
                                                        "Actual Total Time": 246.487,
                                                        "Actual Rows": 54465,
                                                        "Actual Loops": 1
                                                    },
                                                    {
                                                        "Worker Number": 1,
                                                        "Actual Startup Time": 161.291,
                                                        "Actual Total Time": 248.166,
                                                        "Actual Rows": 37186,
                                                        "Actual Loops": 1
                                                    },
                                                    {
                                                        "Worker Number": 2,
                                                        "Actual Startup Time": 160.04,
                                                        "Actual Total Time": 244.717,
                                                        "Actual Rows": 48604,
                                                        "Actual Loops": 1
                                                    }
                                                ],
                                                "Plans": [
                                                    {
                                                        "Node Type": "Seq Scan",
                                                        "Parent Relationship": "Outer",
                                                        "Parallel Aware": true,
                                                        "Relation Name": "movie_companies",
                                                        "Schema": "public",
                                                        "Alias": "mc",
                                                        "Startup Cost": 0.0,
                                                        "Total Cost": 31414.82,
                                                        "Plan Rows": 244838,
                                                        "Plan Width": 4,
                                                        "Actual Startup Time": 32.446,
                                                        "Actual Total Time": 71.806,
                                                        "Actual Rows": 243653,
                                                        "Actual Loops": 4,
                                                        "Output": [
                                                            "mc.id",
                                                            "mc.movie_id",
                                                            "mc.company_id",
                                                            "mc.company_type_id",
                                                            "mc.note"
                                                        ],
                                                        "Filter": "((mc.company_id > 7851) AND (mc.company_type_id > 1))",
                                                        "Rows Removed by Filter": 408629,
                                                        "Workers": [
                                                            {
                                                                "Worker Number": 0,
                                                                "Actual Startup Time": 32.462,
                                                                "Actual Total Time": 71.872,
                                                                "Actual Rows": 266243,
                                                                "Actual Loops": 1
                                                            },
                                                            {
                                                                "Worker Number": 1,
                                                                "Actual Startup Time": 32.426,
                                                                "Actual Total Time": 75.525,
                                                                "Actual Rows": 184880,
                                                                "Actual Loops": 1
                                                            },
                                                            {
                                                                "Worker Number": 2,
                                                                "Actual Startup Time": 32.458,
                                                                "Actual Total Time": 69.815,
                                                                "Actual Rows": 236576,
                                                                "Actual Loops": 1
                                                            }
                                                        ]
                                                    },
                                                    {
                                                        "Node Type": "Hash",
                                                        "Parent Relationship": "Inner",
                                                        "Parallel Aware": true,
                                                        "Startup Cost": 45479.21,
                                                        "Total Cost": 45479.21,
                                                        "Plan Rows": 77358,
                                                        "Plan Width": 4,
                                                        "Actual Startup Time": 128.052,
                                                        "Actual Total Time": 128.053,
                                                        "Actual Rows": 66650,
                                                        "Actual Loops": 4,
                                                        "Output": [
                                                            "t.id"
                                                        ],
                                                        "Hash Buckets": 524288,
                                                        "Original Hash Buckets": 524288,
                                                        "Hash Batches": 1,
                                                        "Original Hash Batches": 1,
                                                        "Peak Memory Usage": 14560,
                                                        "Workers": [
                                                            {
                                                                "Worker Number": 0,
                                                                "Actual Startup Time": 128.606,
                                                                "Actual Total Time": 128.606,
                                                                "Actual Rows": 68634,
                                                                "Actual Loops": 1
                                                            },
                                                            {
                                                                "Worker Number": 1,
                                                                "Actual Startup Time": 128.6,
                                                                "Actual Total Time": 128.602,
                                                                "Actual Rows": 48867,
                                                                "Actual Loops": 1
                                                            },
                                                            {
                                                                "Worker Number": 2,
                                                                "Actual Startup Time": 127.517,
                                                                "Actual Total Time": 127.518,
                                                                "Actual Rows": 64178,
                                                                "Actual Loops": 1
                                                            }
                                                        ],
                                                        "Plans": [
                                                            {
                                                                "Node Type": "Seq Scan",
                                                                "Parent Relationship": "Outer",
                                                                "Parallel Aware": true,
                                                                "Relation Name": "title",
                                                                "Schema": "public",
                                                                "Alias": "t",
                                                                "Startup Cost": 0.0,
                                                                "Total Cost": 45479.21,
                                                                "Plan Rows": 77358,
                                                                "Plan Width": 4,
                                                                "Actual Startup Time": 0.114,
                                                                "Actual Total Time": 103.558,
                                                                "Actual Rows": 66650,
                                                                "Actual Loops": 4,
                                                                "Output": [
                                                                    "t.id"
                                                                ],
                                                                "Filter": "((t.kind_id < 7) AND (t.production_year > 2007))",
                                                                "Rows Removed by Filter": 565428,
                                                                "Workers": [
                                                                    {
                                                                        "Worker Number": 0,
                                                                        "Actual Startup Time": 0.181,
                                                                        "Actual Total Time": 103.495,
                                                                        "Actual Rows": 68634,
                                                                        "Actual Loops": 1
                                                                    },
                                                                    {
                                                                        "Worker Number": 1,
                                                                        "Actual Startup Time": 0.085,
                                                                        "Actual Total Time": 104.891,
                                                                        "Actual Rows": 48867,
                                                                        "Actual Loops": 1
                                                                    },
                                                                    {
                                                                        "Worker Number": 2,
                                                                        "Actual Startup Time": 0.145,
                                                                        "Actual Total Time": 103.154,
                                                                        "Actual Rows": 64178,
                                                                        "Actual Loops": 1
                                                                    }
                                                                ]
                                                            }
                                                        ]
                                                    }
                                                ]
                                            }
                                        ]
                                    }
                                ]
                            }
                        ]
                    }
                ]
            }
        ]
    },
    "Planning Time": 1.619,
    "Triggers": [],
    "Execution Time": 557.128
}