[
  {
    "Plan": {
      "Node Type": "Aggregate",
      "Strategy": "Plain",
      "Partial Mode": "Finalize",
      "Parallel Aware": false,
      "Startup Cost": 328781.16,
      "Total Cost": 328781.17,
      "Plan Rows": 1,
      "Plan Width": 8,
      "Actual Startup Time": 243.842,
      "Actual Total Time": 251.008,
      "Actual Rows": 1,
      "Actual Loops": 1,
      "Plans": [
        {
          "Node Type": "Gather",
          "Parent Relationship": "Outer",
          "Parallel Aware": false,
          "Startup Cost": 328780.53,
          "Total Cost": 328781.14,
          "Plan Rows": 6,
          "Plan Width": 8,
          "Actual Startup Time": 243.328,
          "Actual Total Time": 251.002,
          "Actual Rows": 7,
          "Actual Loops": 1,
          "Workers Planned": 6,
          "Workers Launched": 6,
          "Single Copy": false,
          "Plans": [
            {
              "Node Type": "Aggregate",
              "Strategy": "Plain",
              "Partial Mode": "Partial",
              "Parent Relationship": "Outer",
              "Parallel Aware": false,
              "Startup Cost": 327780.53,
              "Total Cost": 327780.54,
              "Plan Rows": 1,
              "Plan Width": 8,
              "Actual Startup Time": 237.95,
              "Actual Total Time": 237.951,
              "Actual Rows": 1,
              "Actual Loops": 7,
              "Plans": [
                {
                  "Node Type": "Bitmap Heap Scan",
                  "Parent Relationship": "Outer",
                  "Parallel Aware": true,
                  "Relation Name": "cast_info",
                  "Alias": "ci",
                  "Startup Cost": 67455.25,
                  "Total Cost": 326507.49,
                  "Plan Rows": 509219,
                  "Plan Width": 0,
                  "Actual Startup Time": 105.926,
                  "Actual Total Time": 215.27,
                  "Actual Rows": 447088,
                  "Actual Loops": 7,
                  "Recheck Cond": "(person_id > 3485130)",
                  "Rows Removed by Index Recheck": 0,
                  "Exact Heap Blocks": 10135,
                  "Lossy Heap Blocks": 0,
                  "Plans": [
                    {
                      "Node Type": "Bitmap Index Scan",
                      "Parent Relationship": "Outer",
                      "Parallel Aware": false,
                      "Index Name": "person_id_cast_info",
                      "Startup Cost": 0.0,
                      "Total Cost": 66691.42,
                      "Plan Rows": 3055314,
                      "Plan Width": 0,
                      "Actual Startup Time": 102.509,
                      "Actual Total Time": 102.509,
                      "Actual Rows": 3129619,
                      "Actual Loops": 1,
                      "Index Cond": "(person_id > 3485130)"
                    }
                  ]
                }
              ]
            }
          ]
        }
      ]
    },
    "Planning Time": 0.107,
    "Triggers": [],
    "Execution Time": 251.05
  }
]