{
  "Plan": {
    "Node Type": "Aggregate",
    "Strategy": "Plain",
    "Partial Mode": "Finalize",
    "Parallel Aware": false,
    "Startup Cost": 311591.04,
    "Total Cost": 311591.05,
    "Plan Rows": 1,
    "Plan Width": 8,
    "Actual Startup Time": 1186.416,
    "Actual Total Time": 1229.406,
    "Actual Rows": 1,
    "Actual Loops": 1,
    "Plans": [
      {
        "Node Type": "Gather",
        "Parent Relationship": "Outer",
        "Parallel Aware": false,
        "Startup Cost": 311590.93,
        "Total Cost": 311591.04,
        "Plan Rows": 1,
        "Plan Width": 8,
        "Actual Startup Time": 1186.272,
        "Actual Total Time": 1229.39,
        "Actual Rows": 2,
        "Actual Loops": 1,
        "Workers Planned": 1,
        "Workers Launched": 1,
        "Single Copy": false,
        "Plans": [
          {
            "Node Type": "Aggregate",
            "Strategy": "Plain",
            "Partial Mode": "Partial",
            "Parent Relationship": "Outer",
            "Parallel Aware": false,
            "Startup Cost": 310590.93,
            "Total Cost": 310590.94,
            "Plan Rows": 1,
            "Plan Width": 8,
            "Actual Startup Time": 1180.259,
            "Actual Total Time": 1180.262,
            "Actual Rows": 1,
            "Actual Loops": 2,
            "Plans": [
              {
                "Node Type": "Hash Join",
                "Parent Relationship": "Outer",
                "Parallel Aware": true,
                "Join Type": "Inner",
                "Startup Cost": 38762.7,
                "Total Cost": 310546.19,
                "Plan Rows": 17896,
                "Plan Width": 0,
                "Actual Startup Time": 70.341,
                "Actual Total Time": 1179.309,
                "Actual Rows": 14992,
                "Actual Loops": 2,
                "Inner Unique": true,
                "Hash Cond": "(mi.movie_id = t.id)",
                "Plans": [
                  {
                    "Node Type": "Seq Scan",
                    "Parent Relationship": "Outer",
                    "Parallel Aware": true,
                    "Relation Name": "movie_info",
                    "Alias": "mi",
                    "Startup Cost": 0.0,
                    "Total Cost": 248955.74,
                    "Plan Rows": 8696274,
                    "Plan Width": 4,
                    "Actual Startup Time": 0.012,
                    "Actual Total Time": 606.559,
                    "Actual Rows": 7417860,
                    "Actual Loops": 2
                  },
                  {
                    "Node Type": "Hash",
                    "Parent Relationship": "Inner",
                    "Parallel Aware": true,
                    "Startup Cost": 38724.44,
                    "Total Cost": 38724.44,
                    "Plan Rows": 3061,
                    "Plan Width": 4,
                    "Actual Startup Time": 53.398,
                    "Actual Total Time": 53.399,
                    "Actual Rows": 1809,
                    "Actual Loops": 2,
                    "Hash Buckets": 8192,
                    "Original Hash Buckets": 8192,
                    "Hash Batches": 1,
                    "Original Hash Batches": 1,
                    "Peak Memory Usage": 224,
                    "Plans": [
                      {
                        "Node Type": "Bitmap Heap Scan",
                        "Parent Relationship": "Outer",
                        "Parallel Aware": true,
                        "Relation Name": "title",
                        "Alias": "t",
                        "Startup Cost": 1824.43,
                        "Total Cost": 38724.44,
                        "Plan Rows": 3061,
                        "Plan Width": 4,
                        "Actual Startup Time": 15.615,
                        "Actual Total Time": 52.611,
                        "Actual Rows": 1809,
                        "Actual Loops": 2,
                        "Recheck Cond": "(kind_id = 3)",
                        "Rows Removed by Index Recheck": 0,
                        "Filter": "(production_year = 2009)",
                        "Rows Removed by Filter": 48460,
                        "Exact Heap Blocks": 11080,
                        "Lossy Heap Blocks": 0,
                        "Plans": [
                          {
                            "Node Type": "Bitmap Index Scan",
                            "Parent Relationship": "Outer",
                            "Parallel Aware": false,
                            "Index Name": "kind_id_title",
                            "Startup Cost": 0.0,
                            "Total Cost": 1823.13,
                            "Plan Rows": 102227,
                            "Plan Width": 0,
                            "Actual Startup Time": 15.225,
                            "Actual Total Time": 15.225,
                            "Actual Rows": 100537,
                            "Actual Loops": 1,
                            "Index Cond": "(kind_id = 3)"
                          }
                        ]
                      }
                    ]
                  }
                ]
              }
            ]
          }
        ]
      }
    ]
  },
  "Planning Time": 0.423,
  "Triggers": [],
  "Execution Time": 1229.505
}