[
  {
    "Plan": {
      "Node Type": "Aggregate",
      "Strategy": "Plain",
      "Partial Mode": "Finalize",
      "Parallel Aware": false,
      "Startup Cost": 351720.04,
      "Total Cost": 351720.05,
      "Plan Rows": 1,
      "Plan Width": 8,
      "Actual Startup Time": 858.217,
      "Actual Total Time": 911.848,
      "Actual Rows": 1,
      "Actual Loops": 1,
      "Plans": [
        {
          "Node Type": "Gather",
          "Parent Relationship": "Outer",
          "Parallel Aware": false,
          "Startup Cost": 351719.42,
          "Total Cost": 351720.03,
          "Plan Rows": 6,
          "Plan Width": 8,
          "Actual Startup Time": 858.078,
          "Actual Total Time": 911.837,
          "Actual Rows": 7,
          "Actual Loops": 1,
          "Workers Planned": 6,
          "Workers Launched": 6,
          "Single Copy": false,
          "Plans": [
            {
              "Node Type": "Aggregate",
              "Strategy": "Plain",
              "Partial Mode": "Partial",
              "Parent Relationship": "Outer",
              "Parallel Aware": false,
              "Startup Cost": 350719.42,
              "Total Cost": 350719.43,
              "Plan Rows": 1,
              "Plan Width": 8,
              "Actual Startup Time": 849.65,
              "Actual Total Time": 849.651,
              "Actual Rows": 1,
              "Actual Loops": 7,
              "Plans": [
                {
                  "Node Type": "Seq Scan",
                  "Parent Relationship": "Outer",
                  "Parallel Aware": true,
                  "Relation Name": "cast_info",
                  "Alias": "ci",
                  "Startup Cost": 0.0,
                  "Total Cost": 343257.03,
                  "Plan Rows": 2984956,
                  "Plan Width": 0,
                  "Actual Startup Time": 224.575,
                  "Actual Total Time": 715.136,
                  "Actual Rows": 3006028,
                  "Actual Loops": 7,
                  "Filter": "((person_id > 891135) AND (role_id > 1))",
                  "Rows Removed by Filter": 2171735
                }
              ]
            }
          ]
        }
      ]
    },
    "Planning Time": 0.187,
    "Triggers": [],
    "Execution Time": 911.91
  }
]