[
  {
    "Plan": {
      "Node Type": "Aggregate",
      "Strategy": "Plain",
      "Partial Mode": "Finalize",
      "Parallel Aware": false,
      "Startup Cost": 392798.41,
      "Total Cost": 392798.42,
      "Plan Rows": 1,
      "Plan Width": 8,
      "Actual Startup Time": 3441.241,
      "Actual Total Time": 3507.434,
      "Actual Rows": 1,
      "Actual Loops": 1,
      "Plans": [
        {
          "Node Type": "Gather",
          "Parent Relationship": "Outer",
          "Parallel Aware": false,
          "Startup Cost": 392797.78,
          "Total Cost": 392798.39,
          "Plan Rows": 6,
          "Plan Width": 8,
          "Actual Startup Time": 3426.338,
          "Actual Total Time": 3507.425,
          "Actual Rows": 7,
          "Actual Loops": 1,
          "Workers Planned": 6,
          "Workers Launched": 6,
          "Single Copy": false,
          "Plans": [
            {
              "Node Type": "Aggregate",
              "Strategy": "Plain",
              "Partial Mode": "Partial",
              "Parent Relationship": "Outer",
              "Parallel Aware": false,
              "Startup Cost": 391797.78,
              "Total Cost": 391797.79,
              "Plan Rows": 1,
              "Plan Width": 8,
              "Actual Startup Time": 3404.97,
              "Actual Total Time": 3404.973,
              "Actual Rows": 1,
              "Actual Loops": 7,
              "Plans": [
                {
                  "Node Type": "Hash Join",
                  "Parent Relationship": "Outer",
                  "Parallel Aware": true,
                  "Join Type": "Inner",
                  "Startup Cost": 50420.75,
                  "Total Cost": 379337.55,
                  "Plan Rows": 4984092,
                  "Plan Width": 0,
                  "Actual Startup Time": 233.162,
                  "Actual Total Time": 3169.87,
                  "Actual Rows": 4523824,
                  "Actual Loops": 7,
                  "Inner Unique": true,
                  "Hash Cond": "(ci.movie_id = t.id)",
                  "Plans": [
                    {
                      "Node Type": "Seq Scan",
                      "Parent Relationship": "Outer",
                      "Parallel Aware": true,
                      "Relation Name": "cast_info",
                      "Alias": "ci",
                      "Startup Cost": 0.0,
                      "Total Cost": 313067.02,
                      "Plan Rows": 6038002,
                      "Plan Width": 4,
                      "Actual Startup Time": 0.028,
                      "Actual Total Time": 593.458,
                      "Actual Rows": 5177763,
                      "Actual Loops": 7
                    },
                    {
                      "Node Type": "Hash",
                      "Parent Relationship": "Inner",
                      "Parallel Aware": true,
                      "Startup Cost": 43898.92,
                      "Total Cost": 43898.92,
                      "Plan Rows": 521747,
                      "Plan Width": 4,
                      "Actual Startup Time": 227.77,
                      "Actual Total Time": 227.771,
                      "Actual Rows": 296398,
                      "Actual Loops": 7,
                      "Hash Buckets": 2097152,
                      "Original Hash Buckets": 2097152,
                      "Hash Batches": 1,
                      "Original Hash Batches": 1,
                      "Peak Memory Usage": 97632,
                      "Plans": [
                        {
                          "Node Type": "Seq Scan",
                          "Parent Relationship": "Outer",
                          "Parallel Aware": true,
                          "Relation Name": "title",
                          "Alias": "t",
                          "Startup Cost": 0.0,
                          "Total Cost": 43898.92,
                          "Plan Rows": 521747,
                          "Plan Width": 4,
                          "Actual Startup Time": 0.042,
                          "Actual Total Time": 87.558,
                          "Actual Rows": 296398,
                          "Actual Loops": 7,
                          "Filter": "(production_year > 1970)",
                          "Rows Removed by Filter": 64789
                        }
                      ]
                    }
                  ]
                }
              ]
            }
          ]
        }
      ]
    },
    "Planning Time": 0.915,
    "Triggers": [],
    "Execution Time": 3507.568
  }
]