[
  {
    "Plan": {
      "Node Type": "Aggregate",
      "Strategy": "Plain",
      "Partial Mode": "Finalize",
      "Parallel Aware": false,
      "Startup Cost": 63056.69,
      "Total Cost": 63056.7,
      "Plan Rows": 1,
      "Plan Width": 8,
      "Actual Startup Time": 122.027,
      "Actual Total Time": 141.004,
      "Actual Rows": 1,
      "Actual Loops": 1,
      "Plans": [
        {
          "Node Type": "Gather",
          "Parent Relationship": "Outer",
          "Parallel Aware": false,
          "Startup Cost": 63056.27,
          "Total Cost": 63056.68,
          "Plan Rows": 4,
          "Plan Width": 8,
          "Actual Startup Time": 121.708,
          "Actual Total Time": 140.995,
          "Actual Rows": 5,
          "Actual Loops": 1,
          "Workers Planned": 4,
          "Workers Launched": 4,
          "Single Copy": false,
          "Plans": [
            {
              "Node Type": "Aggregate",
              "Strategy": "Plain",
              "Partial Mode": "Partial",
              "Parent Relationship": "Outer",
              "Parallel Aware": false,
              "Startup Cost": 62056.27,
              "Total Cost": 62056.28,
              "Plan Rows": 1,
              "Plan Width": 8,
              "Actual Startup Time": 117.365,
              "Actual Total Time": 117.367,
              "Actual Rows": 1,
              "Actual Loops": 5,
              "Plans": [
                {
                  "Node Type": "Nested Loop",
                  "Parent Relationship": "Outer",
                  "Parallel Aware": false,
                  "Join Type": "Inner",
                  "Startup Cost": 0.99,
                  "Total Cost": 62037.58,
                  "Plan Rows": 7477,
                  "Plan Width": 0,
                  "Actual Startup Time": 49.549,
                  "Actual Total Time": 117.119,
                  "Actual Rows": 2832,
                  "Actual Loops": 5,
                  "Inner Unique": false,
                  "Join Filter": "(t.id = ci.movie_id)",
                  "Rows Removed by Join Filter": 0,
                  "Plans": [
                    {
                      "Node Type": "Nested Loop",
                      "Parent Relationship": "Outer",
                      "Parallel Aware": false,
                      "Join Type": "Inner",
                      "Startup Cost": 0.43,
                      "Total Cost": 59471.23,
                      "Plan Rows": 522,
                      "Plan Width": 8,
                      "Actual Startup Time": 49.371,
                      "Actual Total Time": 99.113,
                      "Actual Rows": 711,
                      "Actual Loops": 5,
                      "Inner Unique": false,
                      "Plans": [
                        {
                          "Node Type": "Seq Scan",
                          "Parent Relationship": "Outer",
                          "Parallel Aware": true,
                          "Relation Name": "title",
                          "Alias": "t",
                          "Startup Cost": 0.0,
                          "Total Cost": 45479.59,
                          "Plan Rows": 2843,
                          "Plan Width": 4,
                          "Actual Startup Time": 49.166,
                          "Actual Total Time": 75.295,
                          "Actual Rows": 7010,
                          "Actual Loops": 5,
                          "Filter": "((kind_id < 4) AND (production_year < 1912))",
                          "Rows Removed by Filter": 498653
                        },
                        {
                          "Node Type": "Index Scan",
                          "Parent Relationship": "Inner",
                          "Parallel Aware": false,
                          "Scan Direction": "Forward",
                          "Index Name": "movie_id_movie_info_idx",
                          "Relation Name": "movie_info_idx",
                          "Alias": "mi_idx",
                          "Startup Cost": 0.43,
                          "Total Cost": 4.91,
                          "Plan Rows": 1,
                          "Plan Width": 4,
                          "Actual Startup Time": 0.003,
                          "Actual Total Time": 0.003,
                          "Actual Rows": 0,
                          "Actual Loops": 35049,
                          "Index Cond": "(movie_id = t.id)",
                          "Rows Removed by Index Recheck": 0,
                          "Filter": "(info_type_id = 101)",
                          "Rows Removed by Filter": 0
                        }
                      ]
                    },
                    {
                      "Node Type": "Index Only Scan",
                      "Parent Relationship": "Inner",
                      "Parallel Aware": false,
                      "Scan Direction": "Forward",
                      "Index Name": "movie_id_cast_info",
                      "Relation Name": "cast_info",
                      "Alias": "ci",
                      "Startup Cost": 0.56,
                      "Total Cost": 4.48,
                      "Plan Rows": 35,
                      "Plan Width": 4,
                      "Actual Startup Time": 0.014,
                      "Actual Total Time": 0.024,
                      "Actual Rows": 4,
                      "Actual Loops": 3554,
                      "Index Cond": "(movie_id = mi_idx.movie_id)",
                      "Rows Removed by Index Recheck": 0,
                      "Heap Fetches": 14158
                    }
                  ]
                }
              ]
            }
          ]
        }
      ]
    },
    "Planning Time": 0.602,
    "Triggers": [],
    "Execution Time": 141.068
  }
]