[
  {
    "Plan": {
      "Node Type": "Aggregate",
      "Strategy": "Plain",
      "Partial Mode": "Finalize",
      "Parallel Aware": false,
      "Startup Cost": 94573.01,
      "Total Cost": 94573.02,
      "Plan Rows": 1,
      "Plan Width": 8,
      "Actual Startup Time": 478.206,
      "Actual Total Time": 496.026,
      "Actual Rows": 1,
      "Actual Loops": 1,
      "Plans": [
        {
          "Node Type": "Gather",
          "Parent Relationship": "Outer",
          "Parallel Aware": false,
          "Startup Cost": 94572.8,
          "Total Cost": 94573.01,
          "Plan Rows": 2,
          "Plan Width": 8,
          "Actual Startup Time": 476.322,
          "Actual Total Time": 496.014,
          "Actual Rows": 3,
          "Actual Loops": 1,
          "Workers Planned": 2,
          "Workers Launched": 2,
          "Single Copy": false,
          "Plans": [
            {
              "Node Type": "Aggregate",
              "Strategy": "Plain",
              "Partial Mode": "Partial",
              "Parent Relationship": "Outer",
              "Parallel Aware": false,
              "Startup Cost": 93572.8,
              "Total Cost": 93572.81,
              "Plan Rows": 1,
              "Plan Width": 8,
              "Actual Startup Time": 468.179,
              "Actual Total Time": 468.437,
              "Actual Rows": 1,
              "Actual Loops": 3,
              "Plans": [
                {
                  "Node Type": "Hash Join",
                  "Parent Relationship": "Outer",
                  "Parallel Aware": true,
                  "Join Type": "Inner",
                  "Startup Cost": 77477.86,
                  "Total Cost": 93446.05,
                  "Plan Rows": 50697,
                  "Plan Width": 0,
                  "Actual Startup Time": 378.446,
                  "Actual Total Time": 464.516,
                  "Actual Rows": 95431,
                  "Actual Loops": 3,
                  "Inner Unique": false,
                  "Hash Cond": "(mi_idx.movie_id = t.id)",
                  "Plans": [
                    {
                      "Node Type": "Seq Scan",
                      "Parent Relationship": "Outer",
                      "Parallel Aware": true,
                      "Relation Name": "movie_info_idx",
                      "Alias": "mi_idx",
                      "Startup Cost": 0.0,
                      "Total Cost": 13685.15,
                      "Plan Rows": 575015,
                      "Plan Width": 4,
                      "Actual Startup Time": 0.032,
                      "Actual Total Time": 35.663,
                      "Actual Rows": 460012,
                      "Actual Loops": 3
                    },
                    {
                      "Node Type": "Hash",
                      "Parent Relationship": "Inner",
                      "Parallel Aware": true,
                      "Startup Cost": 76781.27,
                      "Total Cost": 76781.27,
                      "Plan Rows": 55727,
                      "Plan Width": 8,
                      "Actual Startup Time": 369.276,
                      "Actual Total Time": 369.533,
                      "Actual Rows": 68787,
                      "Actual Loops": 3,
                      "Hash Buckets": 262144,
                      "Original Hash Buckets": 262144,
                      "Hash Batches": 1,
                      "Original Hash Batches": 1,
                      "Peak Memory Usage": 10144,
                      "Plans": [
                        {
                          "Node Type": "Hash Join",
                          "Parent Relationship": "Outer",
                          "Parallel Aware": true,
                          "Join Type": "Inner",
                          "Startup Cost": 31195.42,
                          "Total Cost": 76781.27,
                          "Plan Rows": 55727,
                          "Plan Width": 8,
                          "Actual Startup Time": 150.261,
                          "Actual Total Time": 347.906,
                          "Actual Rows": 68787,
                          "Actual Loops": 3,
                          "Inner Unique": false,
                          "Hash Cond": "(t.id = mc.movie_id)",
                          "Plans": [
                            {
                              "Node Type": "Seq Scan",
                              "Parent Relationship": "Outer",
                              "Parallel Aware": true,
                              "Relation Name": "title",
                              "Alias": "t",
                              "Startup Cost": 0.0,
                              "Total Cost": 43898.92,
                              "Plan Rows": 301434,
                              "Plan Width": 4,
                              "Actual Startup Time": 0.014,
                              "Actual Total Time": 108.211,
                              "Actual Rows": 397506,
                              "Actual Loops": 3,
                              "Filter": "(production_year > 2003)",
                              "Rows Removed by Filter": 445265
                            },
                            {
                              "Node Type": "Hash",
                              "Parent Relationship": "Inner",
                              "Parallel Aware": true,
                              "Startup Cost": 29310.68,
                              "Total Cost": 29310.68,
                              "Plan Rows": 150779,
                              "Plan Width": 4,
                              "Actual Startup Time": 132.348,
                              "Actual Total Time": 132.354,
                              "Actual Rows": 158235,
                              "Actual Loops": 3,
                              "Hash Buckets": 524288,
                              "Original Hash Buckets": 524288,
                              "Hash Batches": 1,
                              "Original Hash Batches": 1,
                              "Peak Memory Usage": 22720,
                              "Plans": [
                                {
                                  "Node Type": "Seq Scan",
                                  "Parent Relationship": "Outer",
                                  "Parallel Aware": true,
                                  "Relation Name": "movie_companies",
                                  "Alias": "mc",
                                  "Startup Cost": 0.0,
                                  "Total Cost": 29310.68,
                                  "Plan Rows": 150779,
                                  "Plan Width": 4,
                                  "Actual Startup Time": 51.958,
                                  "Actual Total Time": 90.516,
                                  "Actual Rows": 158235,
                                  "Actual Loops": 3,
                                  "Filter": "(company_id > 75665)",
                                  "Rows Removed by Filter": 711474
                                }
                              ]
                            }
                          ]
                        }
                      ]
                    }
                  ]
                }
              ]
            }
          ]
        }
      ]
    },
    "Planning Time": 1.368,
    "Triggers": [],
    "Execution Time": 496.124
  }
]