[
    {
        "Bao": {
            "Bao prediction": "NaN",
            "Bao recommended hint": "(no hint)"
        }
    },
    {
        "Plan": {
            "Node Type": "Aggregate",
            "Strategy": "Plain",
            "Partial Mode": "Finalize",
            "Parallel Aware": false,
            "Startup Cost": 80088.56,
            "Total Cost": 80088.57,
            "Plan Rows": 1,
            "Plan Width": 8,
            "Actual Startup Time": 221.516,
            "Actual Total Time": 229.658,
            "Actual Rows": 1,
            "Actual Loops": 1,
            "Output": [
                "count(*)"
            ],
            "Plans": [
                {
                    "Node Type": "Gather",
                    "Parent Relationship": "Outer",
                    "Parallel Aware": false,
                    "Startup Cost": 80088.24,
                    "Total Cost": 80088.55,
                    "Plan Rows": 3,
                    "Plan Width": 8,
                    "Actual Startup Time": 219.64,
                    "Actual Total Time": 229.649,
                    "Actual Rows": 4,
                    "Actual Loops": 1,
                    "Output": [
                        "(PARTIAL count(*))"
                    ],
                    "Workers Planned": 3,
                    "Workers Launched": 3,
                    "Single Copy": false,
                    "Plans": [
                        {
                            "Node Type": "Aggregate",
                            "Strategy": "Plain",
                            "Partial Mode": "Partial",
                            "Parent Relationship": "Outer",
                            "Parallel Aware": false,
                            "Startup Cost": 79088.24,
                            "Total Cost": 79088.25,
                            "Plan Rows": 1,
                            "Plan Width": 8,
                            "Actual Startup Time": 211.546,
                            "Actual Total Time": 211.549,
                            "Actual Rows": 1,
                            "Actual Loops": 4,
                            "Output": [
                                "PARTIAL count(*)"
                            ],
                            "Workers": [
                                {
                                    "Worker Number": 0,
                                    "Actual Startup Time": 208.415,
                                    "Actual Total Time": 208.418,
                                    "Actual Rows": 1,
                                    "Actual Loops": 1
                                },
                                {
                                    "Worker Number": 1,
                                    "Actual Startup Time": 209.02,
                                    "Actual Total Time": 209.023,
                                    "Actual Rows": 1,
                                    "Actual Loops": 1
                                },
                                {
                                    "Worker Number": 2,
                                    "Actual Startup Time": 209.405,
                                    "Actual Total Time": 209.408,
                                    "Actual Rows": 1,
                                    "Actual Loops": 1
                                }
                            ],
                            "Plans": [
                                {
                                    "Node Type": "Hash Join",
                                    "Parent Relationship": "Outer",
                                    "Parallel Aware": true,
                                    "Join Type": "Inner",
                                    "Startup Cost": 46807.2,
                                    "Total Cost": 78968.71,
                                    "Plan Rows": 47811,
                                    "Plan Width": 0,
                                    "Actual Startup Time": 130.352,
                                    "Actual Total Time": 209.097,
                                    "Actual Rows": 53487,
                                    "Actual Loops": 4,
                                    "Inner Unique": true,
                                    "Hash Cond": "(mc.movie_id = t.id)",
                                    "Workers": [
                                        {
                                            "Worker Number": 0,
                                            "Actual Startup Time": 127.276,
                                            "Actual Total Time": 206.193,
                                            "Actual Rows": 50881,
                                            "Actual Loops": 1
                                        },
                                        {
                                            "Worker Number": 1,
                                            "Actual Startup Time": 127.879,
                                            "Actual Total Time": 206.514,
                                            "Actual Rows": 52411,
                                            "Actual Loops": 1
                                        },
                                        {
                                            "Worker Number": 2,
                                            "Actual Startup Time": 128.059,
                                            "Actual Total Time": 206.846,
                                            "Actual Rows": 53268,
                                            "Actual Loops": 1
                                        }
                                    ],
                                    "Plans": [
                                        {
                                            "Node Type": "Seq Scan",
                                            "Parent Relationship": "Outer",
                                            "Parallel Aware": true,
                                            "Relation Name": "movie_companies",
                                            "Schema": "public",
                                            "Alias": "mc",
                                            "Startup Cost": 0.0,
                                            "Total Cost": 31414.82,
                                            "Plan Rows": 284457,
                                            "Plan Width": 4,
                                            "Actual Startup Time": 0.505,
                                            "Actual Total Time": 60.962,
                                            "Actual Rows": 174986,
                                            "Actual Loops": 4,
                                            "Output": [
                                                "mc.id",
                                                "mc.movie_id",
                                                "mc.company_id",
                                                "mc.company_type_id",
                                                "mc.note"
                                            ],
                                            "Filter": "((mc.company_id > 1841) AND (mc.company_type_id = 1))",
                                            "Rows Removed by Filter": 477296,
                                            "Workers": [
                                                {
                                                    "Worker Number": 0,
                                                    "Actual Startup Time": 0.457,
                                                    "Actual Total Time": 60.433,
                                                    "Actual Rows": 167785,
                                                    "Actual Loops": 1
                                                },
                                                {
                                                    "Worker Number": 1,
                                                    "Actual Startup Time": 0.517,
                                                    "Actual Total Time": 61.688,
                                                    "Actual Rows": 170989,
                                                    "Actual Loops": 1
                                                },
                                                {
                                                    "Worker Number": 2,
                                                    "Actual Startup Time": 0.534,
                                                    "Actual Total Time": 61.799,
                                                    "Actual Rows": 170463,
                                                    "Actual Loops": 1
                                                }
                                            ]
                                        },
                                        {
                                            "Node Type": "Hash",
                                            "Parent Relationship": "Inner",
                                            "Parallel Aware": true,
                                            "Startup Cost": 45479.21,
                                            "Total Cost": 45479.21,
                                            "Plan Rows": 106239,
                                            "Plan Width": 4,
                                            "Actual Startup Time": 115.455,
                                            "Actual Total Time": 115.456,
                                            "Actual Rows": 77274,
                                            "Actual Loops": 4,
                                            "Output": [
                                                "t.id"
                                            ],
                                            "Hash Buckets": 524288,
                                            "Original Hash Buckets": 524288,
                                            "Hash Batches": 1,
                                            "Original Hash Batches": 1,
                                            "Peak Memory Usage": 16256,
                                            "Workers": [
                                                {
                                                    "Worker Number": 0,
                                                    "Actual Startup Time": 113.603,
                                                    "Actual Total Time": 113.604,
                                                    "Actual Rows": 68178,
                                                    "Actual Loops": 1
                                                },
                                                {
                                                    "Worker Number": 1,
                                                    "Actual Startup Time": 114.167,
                                                    "Actual Total Time": 114.168,
                                                    "Actual Rows": 76601,
                                                    "Actual Loops": 1
                                                },
                                                {
                                                    "Worker Number": 2,
                                                    "Actual Startup Time": 114.347,
                                                    "Actual Total Time": 114.348,
                                                    "Actual Rows": 75726,
                                                    "Actual Loops": 1
                                                }
                                            ],
                                            "Plans": [
                                                {
                                                    "Node Type": "Seq Scan",
                                                    "Parent Relationship": "Outer",
                                                    "Parallel Aware": true,
                                                    "Relation Name": "title",
                                                    "Schema": "public",
                                                    "Alias": "t",
                                                    "Startup Cost": 0.0,
                                                    "Total Cost": 45479.21,
                                                    "Plan Rows": 106239,
                                                    "Plan Width": 4,
                                                    "Actual Startup Time": 40.983,
                                                    "Actual Total Time": 92.39,
                                                    "Actual Rows": 77274,
                                                    "Actual Loops": 4,
                                                    "Output": [
                                                        "t.id"
                                                    ],
                                                    "Filter": "((t.production_year > 1995) AND (t.kind_id = 1))",
                                                    "Rows Removed by Filter": 554804,
                                                    "Workers": [
                                                        {
                                                            "Worker Number": 0,
                                                            "Actual Startup Time": 51.754,
                                                            "Actual Total Time": 90.099,
                                                            "Actual Rows": 68178,
                                                            "Actual Loops": 1
                                                        },
                                                        {
                                                            "Worker Number": 1,
                                                            "Actual Startup Time": 1.532,
                                                            "Actual Total Time": 92.126,
                                                            "Actual Rows": 76601,
                                                            "Actual Loops": 1
                                                        },
                                                        {
                                                            "Worker Number": 2,
                                                            "Actual Startup Time": 52.645,
                                                            "Actual Total Time": 92.448,
                                                            "Actual Rows": 75726,
                                                            "Actual Loops": 1
                                                        }
                                                    ]
                                                }
                                            ]
                                        }
                                    ]
                                }
                            ]
                        }
                    ]
                }
            ]
        },
        "Planning Time": 202.229,
        "Triggers": [],
        "Execution Time": 229.715
    }
]