[
  {
    "Plan": {
      "Node Type": "Aggregate",
      "Strategy": "Plain",
      "Partial Mode": "Finalize",
      "Parallel Aware": false,
      "Startup Cost": 92161.43,
      "Total Cost": 92161.44,
      "Plan Rows": 1,
      "Plan Width": 8,
      "Actual Startup Time": 253.691,
      "Actual Total Time": 268.99,
      "Actual Rows": 1,
      "Actual Loops": 1,
      "Plans": [
        {
          "Node Type": "Gather",
          "Parent Relationship": "Outer",
          "Parallel Aware": false,
          "Startup Cost": 92161.12,
          "Total Cost": 92161.43,
          "Plan Rows": 3,
          "Plan Width": 8,
          "Actual Startup Time": 253.233,
          "Actual Total Time": 268.979,
          "Actual Rows": 4,
          "Actual Loops": 1,
          "Workers Planned": 3,
          "Workers Launched": 3,
          "Single Copy": false,
          "Plans": [
            {
              "Node Type": "Aggregate",
              "Strategy": "Plain",
              "Partial Mode": "Partial",
              "Parent Relationship": "Outer",
              "Parallel Aware": false,
              "Startup Cost": 91161.12,
              "Total Cost": 91161.13,
              "Plan Rows": 1,
              "Plan Width": 8,
              "Actual Startup Time": 248.451,
              "Actual Total Time": 248.454,
              "Actual Rows": 1,
              "Actual Loops": 4,
              "Plans": [
                {
                  "Node Type": "Hash Join",
                  "Parent Relationship": "Outer",
                  "Parallel Aware": true,
                  "Join Type": "Inner",
                  "Startup Cost": 46010.64,
                  "Total Cost": 91013.43,
                  "Plan Rows": 59073,
                  "Plan Width": 0,
                  "Actual Startup Time": 94.801,
                  "Actual Total Time": 248.119,
                  "Actual Rows": 7083,
                  "Actual Loops": 4,
                  "Inner Unique": true,
                  "Hash Cond": "(mk.movie_id = t.id)",
                  "Plans": [
                    {
                      "Node Type": "Seq Scan",
                      "Parent Relationship": "Outer",
                      "Parallel Aware": true,
                      "Relation Name": "movie_keyword",
                      "Alias": "mk",
                      "Startup Cost": 0.0,
                      "Total Cost": 42695.65,
                      "Plan Rows": 878912,
                      "Plan Width": 4,
                      "Actual Startup Time": 0.025,
                      "Actual Total Time": 104.699,
                      "Actual Rows": 683704,
                      "Actual Loops": 4,
                      "Filter": "(keyword_id < 7771)",
                      "Rows Removed by Filter": 447278
                    },
                    {
                      "Node Type": "Hash",
                      "Parent Relationship": "Inner",
                      "Parallel Aware": true,
                      "Startup Cost": 45479.59,
                      "Total Cost": 45479.59,
                      "Plan Rows": 42484,
                      "Plan Width": 4,
                      "Actual Startup Time": 93.181,
                      "Actual Total Time": 93.182,
                      "Actual Rows": 19773,
                      "Actual Loops": 4,
                      "Hash Buckets": 262144,
                      "Original Hash Buckets": 262144,
                      "Hash Batches": 1,
                      "Original Hash Batches": 1,
                      "Peak Memory Usage": 5216,
                      "Plans": [
                        {
                          "Node Type": "Seq Scan",
                          "Parent Relationship": "Outer",
                          "Parallel Aware": true,
                          "Relation Name": "title",
                          "Alias": "t",
                          "Startup Cost": 0.0,
                          "Total Cost": 45479.59,
                          "Plan Rows": 42484,
                          "Plan Width": 4,
                          "Actual Startup Time": 0.044,
                          "Actual Total Time": 85.938,
                          "Actual Rows": 19773,
                          "Actual Loops": 4,
                          "Filter": "((production_year < 1965) AND (kind_id = 7))",
                          "Rows Removed by Filter": 612305
                        }
                      ]
                    }
                  ]
                }
              ]
            }
          ]
        }
      ]
    },
    "Planning Time": 0.456,
    "Triggers": [],
    "Execution Time": 269.035
  }
]