[
  {
    "Plan": {
      "Node Type": "Aggregate",
      "Strategy": "Plain",
      "Partial Mode": "Finalize",
      "Parallel Aware": false,
      "Startup Cost": 44781.35,
      "Total Cost": 44781.36,
      "Plan Rows": 1,
      "Plan Width": 8,
      "Actual Startup Time": 129.972,
      "Actual Total Time": 139.71,
      "Actual Rows": 1,
      "Actual Loops": 1,
      "Plans": [
        {
          "Node Type": "Gather",
          "Parent Relationship": "Outer",
          "Parallel Aware": false,
          "Startup Cost": 44781.03,
          "Total Cost": 44781.34,
          "Plan Rows": 3,
          "Plan Width": 8,
          "Actual Startup Time": 129.864,
          "Actual Total Time": 139.701,
          "Actual Rows": 4,
          "Actual Loops": 1,
          "Workers Planned": 3,
          "Workers Launched": 3,
          "Single Copy": false,
          "Plans": [
            {
              "Node Type": "Aggregate",
              "Strategy": "Plain",
              "Partial Mode": "Partial",
              "Parent Relationship": "Outer",
              "Parallel Aware": false,
              "Startup Cost": 43781.03,
              "Total Cost": 43781.04,
              "Plan Rows": 1,
              "Plan Width": 8,
              "Actual Startup Time": 123.414,
              "Actual Total Time": 123.415,
              "Actual Rows": 1,
              "Actual Loops": 4,
              "Plans": [
                {
                  "Node Type": "Seq Scan",
                  "Parent Relationship": "Outer",
                  "Parallel Aware": true,
                  "Relation Name": "movie_keyword",
                  "Alias": "mk",
                  "Startup Cost": 0.0,
                  "Total Cost": 42695.65,
                  "Plan Rows": 434150,
                  "Plan Width": 0,
                  "Actual Startup Time": 0.049,
                  "Actual Total Time": 106.735,
                  "Actual Rows": 340190,
                  "Actual Loops": 4,
                  "Filter": "(keyword_id < 1773)",
                  "Rows Removed by Filter": 790792
                }
              ]
            }
          ]
        }
      ]
    },
    "Planning Time": 0.185,
    "Triggers": [],
    "Execution Time": 139.767
  }
]