{
    "Plan": {
        "Node Type": "Aggregate",
        "Strategy": "Plain",
        "Partial Mode": "Finalize",
        "Parallel Aware": false,
        "Startup Cost": 92666.42,
        "Total Cost": 92666.43,
        "Plan Rows": 1,
        "Plan Width": 8,
        "Actual Startup Time": 323.497,
        "Actual Total Time": 345.209,
        "Actual Rows": 1,
        "Actual Loops": 1,
        "Output": [
            "count(*)"
        ],
        "Plans": [
            {
                "Node Type": "Gather",
                "Parent Relationship": "Outer",
                "Parallel Aware": false,
                "Startup Cost": 92666.1,
                "Total Cost": 92666.41,
                "Plan Rows": 3,
                "Plan Width": 8,
                "Actual Startup Time": 321.818,
                "Actual Total Time": 345.201,
                "Actual Rows": 4,
                "Actual Loops": 1,
                "Output": [
                    "(PARTIAL count(*))"
                ],
                "Workers Planned": 3,
                "Workers Launched": 3,
                "Single Copy": false,
                "Plans": [
                    {
                        "Node Type": "Aggregate",
                        "Strategy": "Plain",
                        "Partial Mode": "Partial",
                        "Parent Relationship": "Outer",
                        "Parallel Aware": false,
                        "Startup Cost": 91666.1,
                        "Total Cost": 91666.11,
                        "Plan Rows": 1,
                        "Plan Width": 8,
                        "Actual Startup Time": 312.613,
                        "Actual Total Time": 312.616,
                        "Actual Rows": 1,
                        "Actual Loops": 4,
                        "Output": [
                            "PARTIAL count(*)"
                        ],
                        "Workers": [
                            {
                                "Worker Number": 0,
                                "Actual Startup Time": 309.371,
                                "Actual Total Time": 309.375,
                                "Actual Rows": 1,
                                "Actual Loops": 1
                            },
                            {
                                "Worker Number": 1,
                                "Actual Startup Time": 309.789,
                                "Actual Total Time": 309.793,
                                "Actual Rows": 1,
                                "Actual Loops": 1
                            },
                            {
                                "Worker Number": 2,
                                "Actual Startup Time": 310.179,
                                "Actual Total Time": 310.181,
                                "Actual Rows": 1,
                                "Actual Loops": 1
                            }
                        ],
                        "Plans": [
                            {
                                "Node Type": "Hash Join",
                                "Parent Relationship": "Outer",
                                "Parallel Aware": true,
                                "Join Type": "Inner",
                                "Startup Cost": 46575.77,
                                "Total Cost": 91386.53,
                                "Plan Rows": 111829,
                                "Plan Width": 0,
                                "Actual Startup Time": 158.557,
                                "Actual Total Time": 306.893,
                                "Actual Rows": 136826,
                                "Actual Loops": 4,
                                "Inner Unique": true,
                                "Hash Cond": "(mk.movie_id = t.id)",
                                "Workers": [
                                    {
                                        "Worker Number": 0,
                                        "Actual Startup Time": 155.371,
                                        "Actual Total Time": 304.017,
                                        "Actual Rows": 128576,
                                        "Actual Loops": 1
                                    },
                                    {
                                        "Worker Number": 1,
                                        "Actual Startup Time": 155.79,
                                        "Actual Total Time": 304.22,
                                        "Actual Rows": 133709,
                                        "Actual Loops": 1
                                    },
                                    {
                                        "Worker Number": 2,
                                        "Actual Startup Time": 156.155,
                                        "Actual Total Time": 304.952,
                                        "Actual Rows": 125386,
                                        "Actual Loops": 1
                                    }
                                ],
                                "Plans": [
                                    {
                                        "Node Type": "Seq Scan",
                                        "Parent Relationship": "Outer",
                                        "Parallel Aware": true,
                                        "Relation Name": "movie_keyword",
                                        "Schema": "public",
                                        "Alias": "mk",
                                        "Startup Cost": 0.0,
                                        "Total Cost": 42695.65,
                                        "Plan Rows": 805755,
                                        "Plan Width": 4,
                                        "Actual Startup Time": 0.194,
                                        "Actual Total Time": 117.458,
                                        "Actual Rows": 625704,
                                        "Actual Loops": 4,
                                        "Output": [
                                            "mk.id",
                                            "mk.movie_id",
                                            "mk.keyword_id"
                                        ],
                                        "Filter": "(mk.keyword_id > 3617)",
                                        "Rows Removed by Filter": 505279,
                                        "Workers": [
                                            {
                                                "Worker Number": 0,
                                                "Actual Startup Time": 0.143,
                                                "Actual Total Time": 119.657,
                                                "Actual Rows": 586174,
                                                "Actual Loops": 1
                                            },
                                            {
                                                "Worker Number": 1,
                                                "Actual Startup Time": 0.141,
                                                "Actual Total Time": 120.627,
                                                "Actual Rows": 606763,
                                                "Actual Loops": 1
                                            },
                                            {
                                                "Worker Number": 2,
                                                "Actual Startup Time": 0.233,
                                                "Actual Total Time": 120.872,
                                                "Actual Rows": 578835,
                                                "Actual Loops": 1
                                            }
                                        ]
                                    },
                                    {
                                        "Node Type": "Hash",
                                        "Parent Relationship": "Inner",
                                        "Parallel Aware": true,
                                        "Startup Cost": 45479.21,
                                        "Total Cost": 45479.21,
                                        "Plan Rows": 87725,
                                        "Plan Width": 4,
                                        "Actual Startup Time": 121.905,
                                        "Actual Total Time": 121.906,
                                        "Actual Rows": 66319,
                                        "Actual Loops": 4,
                                        "Output": [
                                            "t.id"
                                        ],
                                        "Hash Buckets": 524288,
                                        "Original Hash Buckets": 524288,
                                        "Hash Batches": 1,
                                        "Original Hash Batches": 1,
                                        "Peak Memory Usage": 14528,
                                        "Workers": [
                                            {
                                                "Worker Number": 0,
                                                "Actual Startup Time": 121.367,
                                                "Actual Total Time": 121.368,
                                                "Actual Rows": 61163,
                                                "Actual Loops": 1
                                            },
                                            {
                                                "Worker Number": 1,
                                                "Actual Startup Time": 121.799,
                                                "Actual Total Time": 121.8,
                                                "Actual Rows": 65924,
                                                "Actual Loops": 1
                                            },
                                            {
                                                "Worker Number": 2,
                                                "Actual Startup Time": 122.174,
                                                "Actual Total Time": 122.174,
                                                "Actual Rows": 60028,
                                                "Actual Loops": 1
                                            }
                                        ],
                                        "Plans": [
                                            {
                                                "Node Type": "Seq Scan",
                                                "Parent Relationship": "Outer",
                                                "Parallel Aware": true,
                                                "Relation Name": "title",
                                                "Schema": "public",
                                                "Alias": "t",
                                                "Startup Cost": 0.0,
                                                "Total Cost": 45479.21,
                                                "Plan Rows": 87725,
                                                "Plan Width": 4,
                                                "Actual Startup Time": 48.031,
                                                "Actual Total Time": 99.655,
                                                "Actual Rows": 66319,
                                                "Actual Loops": 4,
                                                "Output": [
                                                    "t.id"
                                                ],
                                                "Filter": "((t.production_year > 2001) AND (t.kind_id = 1))",
                                                "Rows Removed by Filter": 565759,
                                                "Workers": [
                                                    {
                                                        "Worker Number": 0,
                                                        "Actual Startup Time": 8.292,
                                                        "Actual Total Time": 99.979,
                                                        "Actual Rows": 61163,
                                                        "Actual Loops": 1
                                                    },
                                                    {
                                                        "Worker Number": 1,
                                                        "Actual Startup Time": 61.083,
                                                        "Actual Total Time": 99.676,
                                                        "Actual Rows": 65924,
                                                        "Actual Loops": 1
                                                    },
                                                    {
                                                        "Worker Number": 2,
                                                        "Actual Startup Time": 61.22,
                                                        "Actual Total Time": 100.563,
                                                        "Actual Rows": 60028,
                                                        "Actual Loops": 1
                                                    }
                                                ]
                                            }
                                        ]
                                    }
                                ]
                            }
                        ]
                    }
                ]
            }
        ]
    },
    "Planning Time": 0.637,
    "Triggers": [],
    "Execution Time": 345.277
}