[
  {
    "Plan": {
      "Node Type": "Aggregate",
      "Strategy": "Plain",
      "Partial Mode": "Finalize",
      "Parallel Aware": false,
      "Startup Cost": 30064.99,
      "Total Cost": 30065.0,
      "Plan Rows": 1,
      "Plan Width": 8,
      "Actual Startup Time": 74.108,
      "Actual Total Time": 80.951,
      "Actual Rows": 1,
      "Actual Loops": 1,
      "Plans": [
        {
          "Node Type": "Gather",
          "Parent Relationship": "Outer",
          "Parallel Aware": false,
          "Startup Cost": 30064.67,
          "Total Cost": 30064.98,
          "Plan Rows": 3,
          "Plan Width": 8,
          "Actual Startup Time": 73.79,
          "Actual Total Time": 80.944,
          "Actual Rows": 4,
          "Actual Loops": 1,
          "Workers Planned": 3,
          "Workers Launched": 3,
          "Single Copy": false,
          "Plans": [
            {
              "Node Type": "Aggregate",
              "Strategy": "Plain",
              "Partial Mode": "Partial",
              "Parent Relationship": "Outer",
              "Parallel Aware": false,
              "Startup Cost": 29064.67,
              "Total Cost": 29064.68,
              "Plan Rows": 1,
              "Plan Width": 8,
              "Actual Startup Time": 67.8,
              "Actual Total Time": 67.801,
              "Actual Rows": 1,
              "Actual Loops": 4,
              "Plans": [
                {
                  "Node Type": "Bitmap Heap Scan",
                  "Parent Relationship": "Outer",
                  "Parallel Aware": true,
                  "Relation Name": "movie_keyword",
                  "Alias": "mk",
                  "Startup Cost": 3754.97,
                  "Total Cost": 28922.05,
                  "Plan Rows": 57046,
                  "Plan Width": 0,
                  "Actual Startup Time": 18.253,
                  "Actual Total Time": 64.857,
                  "Actual Rows": 42016,
                  "Actual Loops": 4,
                  "Recheck Cond": "(keyword_id > 72217)",
                  "Rows Removed by Index Recheck": 0,
                  "Exact Heap Blocks": 11443,
                  "Lossy Heap Blocks": 0,
                  "Plans": [
                    {
                      "Node Type": "Bitmap Index Scan",
                      "Parent Relationship": "Outer",
                      "Parallel Aware": false,
                      "Index Name": "keyword_id_movie_keyword",
                      "Startup Cost": 0.0,
                      "Total Cost": 3710.76,
                      "Plan Rows": 176844,
                      "Plan Width": 0,
                      "Actual Startup Time": 18.903,
                      "Actual Total Time": 18.904,
                      "Actual Rows": 168063,
                      "Actual Loops": 1,
                      "Index Cond": "(keyword_id > 72217)"
                    }
                  ]
                }
              ]
            }
          ]
        }
      ]
    },
    "Planning Time": 0.099,
    "Triggers": [],
    "Execution Time": 80.994
  }
]