[
  {
    "Plan": {
      "Node Type": "Aggregate",
      "Strategy": "Plain",
      "Partial Mode": "Finalize",
      "Parallel Aware": false,
      "Startup Cost": 447385.82,
      "Total Cost": 447385.83,
      "Plan Rows": 1,
      "Plan Width": 8,
      "Actual Startup Time": 2837.294,
      "Actual Total Time": 2902.139,
      "Actual Rows": 1,
      "Actual Loops": 1,
      "Plans": [
        {
          "Node Type": "Gather",
          "Parent Relationship": "Outer",
          "Parallel Aware": false,
          "Startup Cost": 447385.19,
          "Total Cost": 447385.8,
          "Plan Rows": 6,
          "Plan Width": 8,
          "Actual Startup Time": 2813.465,
          "Actual Total Time": 2902.125,
          "Actual Rows": 7,
          "Actual Loops": 1,
          "Workers Planned": 6,
          "Workers Launched": 6,
          "Single Copy": false,
          "Plans": [
            {
              "Node Type": "Aggregate",
              "Strategy": "Plain",
              "Partial Mode": "Partial",
              "Parent Relationship": "Outer",
              "Parallel Aware": false,
              "Startup Cost": 446385.19,
              "Total Cost": 446385.2,
              "Plan Rows": 1,
              "Plan Width": 8,
              "Actual Startup Time": 2802.983,
              "Actual Total Time": 2803.442,
              "Actual Rows": 1,
              "Actual Loops": 7,
              "Plans": [
                {
                  "Node Type": "Hash Join",
                  "Parent Relationship": "Outer",
                  "Parallel Aware": true,
                  "Join Type": "Inner",
                  "Startup Cost": 97815.83,
                  "Total Cost": 440770.34,
                  "Plan Rows": 2245941,
                  "Plan Width": 0,
                  "Actual Startup Time": 416.863,
                  "Actual Total Time": 2528.135,
                  "Actual Rows": 6679405,
                  "Actual Loops": 7,
                  "Inner Unique": false,
                  "Hash Cond": "(ci.movie_id = t.id)",
                  "Plans": [
                    {
                      "Node Type": "Seq Scan",
                      "Parent Relationship": "Outer",
                      "Parallel Aware": true,
                      "Relation Name": "cast_info",
                      "Alias": "ci",
                      "Startup Cost": 0.0,
                      "Total Cost": 313067.02,
                      "Plan Rows": 6038002,
                      "Plan Width": 4,
                      "Actual Startup Time": 0.024,
                      "Actual Total Time": 529.109,
                      "Actual Rows": 5177763,
                      "Actual Loops": 7
                    },
                    {
                      "Node Type": "Hash",
                      "Parent Relationship": "Inner",
                      "Parallel Aware": true,
                      "Startup Cost": 94023.72,
                      "Total Cost": 94023.72,
                      "Plan Rows": 303369,
                      "Plan Width": 8,
                      "Actual Startup Time": 413.335,
                      "Actual Total Time": 413.793,
                      "Actual Rows": 154738,
                      "Actual Loops": 7,
                      "Hash Buckets": 2097152,
                      "Original Hash Buckets": 1048576,
                      "Hash Batches": 1,
                      "Original Hash Batches": 1,
                      "Peak Memory Usage": 67040,
                      "Plans": [
                        {
                          "Node Type": "Hash Join",
                          "Parent Relationship": "Outer",
                          "Parallel Aware": true,
                          "Join Type": "Inner",
                          "Startup Cost": 50353.24,
                          "Total Cost": 94023.72,
                          "Plan Rows": 303369,
                          "Plan Width": 8,
                          "Actual Startup Time": 222.929,
                          "Actual Total Time": 334.909,
                          "Actual Rows": 154738,
                          "Actual Loops": 7,
                          "Inner Unique": true,
                          "Hash Cond": "(mk.movie_id = t.id)",
                          "Plans": [
                            {
                              "Node Type": "Seq Scan",
                              "Parent Relationship": "Outer",
                              "Parallel Aware": true,
                              "Relation Name": "movie_keyword",
                              "Alias": "mk",
                              "Startup Cost": 0.0,
                              "Total Cost": 42695.65,
                              "Plan Rows": 371362,
                              "Plan Width": 4,
                              "Actual Startup Time": 0.03,
                              "Actual Total Time": 63.12,
                              "Actual Rows": 165694,
                              "Actual Loops": 7,
                              "Filter": "(keyword_id < 1382)",
                              "Rows Removed by Filter": 480581
                            },
                            {
                              "Node Type": "Hash",
                              "Parent Relationship": "Inner",
                              "Parallel Aware": true,
                              "Startup Cost": 43898.92,
                              "Total Cost": 43898.92,
                              "Plan Rows": 516346,
                              "Plan Width": 4,
                              "Actual Startup Time": 219.943,
                              "Actual Total Time": 219.944,
                              "Actual Rows": 294936,
                              "Actual Loops": 7,
                              "Hash Buckets": 2097152,
                              "Original Hash Buckets": 2097152,
                              "Hash Batches": 1,
                              "Original Hash Batches": 1,
                              "Peak Memory Usage": 97248,
                              "Plans": [
                                {
                                  "Node Type": "Seq Scan",
                                  "Parent Relationship": "Outer",
                                  "Parallel Aware": true,
                                  "Relation Name": "title",
                                  "Alias": "t",
                                  "Startup Cost": 0.0,
                                  "Total Cost": 43898.92,
                                  "Plan Rows": 516346,
                                  "Plan Width": 4,
                                  "Actual Startup Time": 0.043,
                                  "Actual Total Time": 80.354,
                                  "Actual Rows": 294936,
                                  "Actual Loops": 7,
                                  "Filter": "(production_year < 2011)",
                                  "Rows Removed by Filter": 66251
                                }
                              ]
                            }
                          ]
                        }
                      ]
                    }
                  ]
                }
              ]
            }
          ]
        }
      ]
    },
    "Planning Time": 1.352,
    "Triggers": [],
    "Execution Time": 2902.236
  }
]