[
  {
    "Plan": {
      "Node Type": "Aggregate",
      "Strategy": "Plain",
      "Partial Mode": "Simple",
      "Parallel Aware": false,
      "Startup Cost": 27126.02,
      "Total Cost": 27126.03,
      "Plan Rows": 1,
      "Plan Width": 8,
      "Actual Startup Time": 26.36,
      "Actual Total Time": 26.362,
      "Actual Rows": 1,
      "Actual Loops": 1,
      "Plans": [
        {
          "Node Type": "Nested Loop",
          "Parent Relationship": "Outer",
          "Parallel Aware": false,
          "Join Type": "Inner",
          "Startup Cost": 235.42,
          "Total Cost": 27121.98,
          "Plan Rows": 1616,
          "Plan Width": 0,
          "Actual Startup Time": 8.749,
          "Actual Total Time": 26.342,
          "Actual Rows": 76,
          "Actual Loops": 1,
          "Inner Unique": false,
          "Join Filter": "(t.id = ci.movie_id)",
          "Rows Removed by Join Filter": 0,
          "Plans": [
            {
              "Node Type": "Nested Loop",
              "Parent Relationship": "Outer",
              "Parallel Aware": false,
              "Join Type": "Inner",
              "Startup Cost": 234.85,
              "Total Cost": 26894.46,
              "Plan Rows": 113,
              "Plan Width": 8,
              "Actual Startup Time": 8.725,
              "Actual Total Time": 25.574,
              "Actual Rows": 143,
              "Actual Loops": 1,
              "Inner Unique": false,
              "Plans": [
                {
                  "Node Type": "Bitmap Heap Scan",
                  "Parent Relationship": "Outer",
                  "Parallel Aware": false,
                  "Relation Name": "title",
                  "Alias": "t",
                  "Startup Cost": 234.42,
                  "Total Cost": 26274.45,
                  "Plan Rows": 63,
                  "Plan Width": 4,
                  "Actual Startup Time": 8.669,
                  "Actual Total Time": 24.896,
                  "Actual Rows": 30,
                  "Actual Loops": 1,
                  "Recheck Cond": "(kind_id = 6)",
                  "Rows Removed by Index Recheck": 0,
                  "Filter": "(production_year = 1972)",
                  "Rows Removed by Filter": 12570,
                  "Exact Heap Blocks": 7903,
                  "Lossy Heap Blocks": 0,
                  "Plans": [
                    {
                      "Node Type": "Bitmap Index Scan",
                      "Parent Relationship": "Outer",
                      "Parallel Aware": false,
                      "Index Name": "kind_id_title",
                      "Startup Cost": 0.0,
                      "Total Cost": 234.4,
                      "Plan Rows": 13063,
                      "Plan Width": 0,
                      "Actual Startup Time": 4.306,
                      "Actual Total Time": 4.307,
                      "Actual Rows": 12600,
                      "Actual Loops": 1,
                      "Index Cond": "(kind_id = 6)"
                    }
                  ]
                },
                {
                  "Node Type": "Index Only Scan",
                  "Parent Relationship": "Inner",
                  "Parallel Aware": false,
                  "Scan Direction": "Forward",
                  "Index Name": "movie_id_movie_keyword",
                  "Relation Name": "movie_keyword",
                  "Alias": "mk",
                  "Startup Cost": 0.43,
                  "Total Cost": 9.39,
                  "Plan Rows": 45,
                  "Plan Width": 4,
                  "Actual Startup Time": 0.018,
                  "Actual Total Time": 0.02,
                  "Actual Rows": 5,
                  "Actual Loops": 30,
                  "Index Cond": "(movie_id = t.id)",
                  "Rows Removed by Index Recheck": 0,
                  "Heap Fetches": 143
                }
              ]
            },
            {
              "Node Type": "Index Only Scan",
              "Parent Relationship": "Inner",
              "Parallel Aware": false,
              "Scan Direction": "Forward",
              "Index Name": "movie_id_cast_info",
              "Relation Name": "cast_info",
              "Alias": "ci",
              "Startup Cost": 0.56,
              "Total Cost": 1.55,
              "Plan Rows": 37,
              "Plan Width": 4,
              "Actual Startup Time": 0.005,
              "Actual Total Time": 0.005,
              "Actual Rows": 1,
              "Actual Loops": 143,
              "Index Cond": "(movie_id = mk.movie_id)",
              "Rows Removed by Index Recheck": 0,
              "Heap Fetches": 76
            }
          ]
        }
      ]
    },
    "Planning Time": 1.239,
    "Triggers": [],
    "Execution Time": 26.446
  }
]