[
  {
    "Plan": {
      "Node Type": "Aggregate",
      "Strategy": "Plain",
      "Partial Mode": "Finalize",
      "Parallel Aware": false,
      "Startup Cost": 32982.49,
      "Total Cost": 32982.5,
      "Plan Rows": 1,
      "Plan Width": 8,
      "Actual Startup Time": 97.333,
      "Actual Total Time": 105.303,
      "Actual Rows": 1,
      "Actual Loops": 1,
      "Plans": [
        {
          "Node Type": "Gather",
          "Parent Relationship": "Outer",
          "Parallel Aware": false,
          "Startup Cost": 32982.17,
          "Total Cost": 32982.48,
          "Plan Rows": 3,
          "Plan Width": 8,
          "Actual Startup Time": 97.22,
          "Actual Total Time": 105.295,
          "Actual Rows": 4,
          "Actual Loops": 1,
          "Workers Planned": 3,
          "Workers Launched": 3,
          "Single Copy": false,
          "Plans": [
            {
              "Node Type": "Aggregate",
              "Strategy": "Plain",
              "Partial Mode": "Partial",
              "Parent Relationship": "Outer",
              "Parallel Aware": false,
              "Startup Cost": 31982.17,
              "Total Cost": 31982.18,
              "Plan Rows": 1,
              "Plan Width": 8,
              "Actual Startup Time": 90.428,
              "Actual Total Time": 90.429,
              "Actual Rows": 1,
              "Actual Loops": 4,
              "Plans": [
                {
                  "Node Type": "Seq Scan",
                  "Parent Relationship": "Outer",
                  "Parallel Aware": true,
                  "Relation Name": "movie_companies",
                  "Alias": "mc",
                  "Startup Cost": 0.0,
                  "Total Cost": 31414.82,
                  "Plan Rows": 226941,
                  "Plan Width": 0,
                  "Actual Startup Time": 42.863,
                  "Actual Total Time": 80.065,
                  "Actual Rows": 232488,
                  "Actual Loops": 4,
                  "Filter": "((company_id > 11147) AND (company_type_id > 1))",
                  "Rows Removed by Filter": 419794
                }
              ]
            }
          ]
        }
      ]
    },
    "Planning Time": 0.187,
    "Triggers": [],
    "Execution Time": 105.352
  }
]