[
  {
    "Plan": {
      "Node Type": "Aggregate",
      "Strategy": "Plain",
      "Partial Mode": "Finalize",
      "Parallel Aware": false,
      "Startup Cost": 32970.18,
      "Total Cost": 32970.19,
      "Plan Rows": 1,
      "Plan Width": 8,
      "Actual Startup Time": 101.093,
      "Actual Total Time": 110.073,
      "Actual Rows": 1,
      "Actual Loops": 1,
      "Plans": [
        {
          "Node Type": "Gather",
          "Parent Relationship": "Outer",
          "Parallel Aware": false,
          "Startup Cost": 32969.87,
          "Total Cost": 32970.18,
          "Plan Rows": 3,
          "Plan Width": 8,
          "Actual Startup Time": 100.973,
          "Actual Total Time": 110.066,
          "Actual Rows": 4,
          "Actual Loops": 1,
          "Workers Planned": 3,
          "Workers Launched": 3,
          "Single Copy": false,
          "Plans": [
            {
              "Node Type": "Aggregate",
              "Strategy": "Plain",
              "Partial Mode": "Partial",
              "Parent Relationship": "Outer",
              "Parallel Aware": false,
              "Startup Cost": 31969.87,
              "Total Cost": 31969.88,
              "Plan Rows": 1,
              "Plan Width": 8,
              "Actual Startup Time": 94.156,
              "Actual Total Time": 94.157,
              "Actual Rows": 1,
              "Actual Loops": 4,
              "Plans": [
                {
                  "Node Type": "Seq Scan",
                  "Parent Relationship": "Outer",
                  "Parallel Aware": true,
                  "Relation Name": "movie_companies",
                  "Alias": "mc",
                  "Startup Cost": 0.0,
                  "Total Cost": 31414.82,
                  "Plan Rows": 222019,
                  "Plan Width": 0,
                  "Actual Startup Time": 47.253,
                  "Actual Total Time": 84.184,
                  "Actual Rows": 232488,
                  "Actual Loops": 4,
                  "Filter": "((company_id > 11147) AND (company_type_id > 1))",
                  "Rows Removed by Filter": 419794
                }
              ]
            }
          ]
        }
      ]
    },
    "Planning Time": 0.22,
    "Triggers": [],
    "Execution Time": 110.131
  }
]