[
  {
    "Plan": {
      "Node Type": "Aggregate",
      "Strategy": "Plain",
      "Partial Mode": "Finalize",
      "Parallel Aware": false,
      "Startup Cost": 435402.48,
      "Total Cost": 435402.49,
      "Plan Rows": 1,
      "Plan Width": 8,
      "Actual Startup Time": 3859.962,
      "Actual Total Time": 3958.445,
      "Actual Rows": 1,
      "Actual Loops": 1,
      "Plans": [
        {
          "Node Type": "Gather",
          "Parent Relationship": "Outer",
          "Parallel Aware": false,
          "Startup Cost": 435402.16,
          "Total Cost": 435402.47,
          "Plan Rows": 3,
          "Plan Width": 8,
          "Actual Startup Time": 3855.226,
          "Actual Total Time": 3958.434,
          "Actual Rows": 4,
          "Actual Loops": 1,
          "Workers Planned": 3,
          "Workers Launched": 3,
          "Single Copy": false,
          "Plans": [
            {
              "Node Type": "Aggregate",
              "Strategy": "Plain",
              "Partial Mode": "Partial",
              "Parent Relationship": "Outer",
              "Parallel Aware": false,
              "Startup Cost": 434402.16,
              "Total Cost": 434402.17,
              "Plan Rows": 1,
              "Plan Width": 8,
              "Actual Startup Time": 3846.086,
              "Actual Total Time": 3846.09,
              "Actual Rows": 1,
              "Actual Loops": 4,
              "Plans": [
                {
                  "Node Type": "Nested Loop",
                  "Parent Relationship": "Outer",
                  "Parallel Aware": false,
                  "Join Type": "Inner",
                  "Startup Cost": 63306.45,
                  "Total Cost": 430915.34,
                  "Plan Rows": 1394730,
                  "Plan Width": 0,
                  "Actual Startup Time": 298.097,
                  "Actual Total Time": 3660.258,
                  "Actual Rows": 4128789,
                  "Actual Loops": 4,
                  "Inner Unique": false,
                  "Plans": [
                    {
                      "Node Type": "Hash Join",
                      "Parent Relationship": "Outer",
                      "Parallel Aware": true,
                      "Join Type": "Inner",
                      "Startup Cost": 63305.88,
                      "Total Cost": 91107.8,
                      "Plan Rows": 135819,
                      "Plan Width": 8,
                      "Actual Startup Time": 297.883,
                      "Actual Total Time": 406.615,
                      "Actual Rows": 127294,
                      "Actual Loops": 4,
                      "Inner Unique": true,
                      "Hash Cond": "(mk.movie_id = t.id)",
                      "Plans": [
                        {
                          "Node Type": "Bitmap Heap Scan",
                          "Parent Relationship": "Outer",
                          "Parallel Aware": true,
                          "Relation Name": "movie_keyword",
                          "Alias": "mk",
                          "Startup Cost": 14558.36,
                          "Total Cost": 41779.23,
                          "Plan Rows": 221350,
                          "Plan Width": 4,
                          "Actual Startup Time": 44.77,
                          "Actual Total Time": 94.076,
                          "Actual Rows": 171510,
                          "Actual Loops": 4,
                          "Recheck Cond": "(keyword_id > 27439)",
                          "Rows Removed by Index Recheck": 0,
                          "Exact Heap Blocks": 6726,
                          "Lossy Heap Blocks": 0,
                          "Plans": [
                            {
                              "Node Type": "Bitmap Index Scan",
                              "Parent Relationship": "Outer",
                              "Parallel Aware": false,
                              "Index Name": "keyword_id_movie_keyword",
                              "Startup Cost": 0.0,
                              "Total Cost": 14386.81,
                              "Plan Rows": 686184,
                              "Plan Width": 0,
                              "Actual Startup Time": 41.189,
                              "Actual Total Time": 41.19,
                              "Actual Rows": 686039,
                              "Actual Loops": 1,
                              "Index Cond": "(keyword_id > 27439)"
                            }
                          ]
                        },
                        {
                          "Node Type": "Hash",
                          "Parent Relationship": "Inner",
                          "Parallel Aware": true,
                          "Startup Cost": 43899.32,
                          "Total Cost": 43899.32,
                          "Plan Rows": 387856,
                          "Plan Width": 4,
                          "Actual Startup Time": 247.583,
                          "Actual Total Time": 247.583,
                          "Actual Rows": 387932,
                          "Actual Loops": 4,
                          "Hash Buckets": 2097152,
                          "Original Hash Buckets": 2097152,
                          "Hash Batches": 1,
                          "Original Hash Batches": 1,
                          "Peak Memory Usage": 77152,
                          "Plans": [
                            {
                              "Node Type": "Seq Scan",
                              "Parent Relationship": "Outer",
                              "Parallel Aware": true,
                              "Relation Name": "title",
                              "Alias": "t",
                              "Startup Cost": 0.0,
                              "Total Cost": 43899.32,
                              "Plan Rows": 387856,
                              "Plan Width": 4,
                              "Actual Startup Time": 0.045,
                              "Actual Total Time": 107.451,
                              "Actual Rows": 387932,
                              "Actual Loops": 4,
                              "Filter": "(production_year < 2007)",
                              "Rows Removed by Filter": 244146
                            }
                          ]
                        }
                      ]
                    },
                    {
                      "Node Type": "Index Scan",
                      "Parent Relationship": "Inner",
                      "Parallel Aware": false,
                      "Scan Direction": "Forward",
                      "Index Name": "movie_id_cast_info",
                      "Relation Name": "cast_info",
                      "Alias": "ci",
                      "Startup Cost": 0.56,
                      "Total Cost": 2.25,
                      "Plan Rows": 25,
                      "Plan Width": 4,
                      "Actual Startup Time": 0.003,
                      "Actual Total Time": 0.023,
                      "Actual Rows": 32,
                      "Actual Loops": 509178,
                      "Index Cond": "(movie_id = t.id)",
                      "Rows Removed by Index Recheck": 0,
                      "Filter": "(person_id < 2697531)",
                      "Rows Removed by Filter": 12
                    }
                  ]
                }
              ]
            }
          ]
        }
      ]
    },
    "Planning Time": 0.693,
    "Triggers": [],
    "Execution Time": 3958.532
  }
]