{
  "Plan": {
    "Node Type": "Aggregate",
    "Strategy": "Plain",
    "Partial Mode": "Finalize",
    "Parallel Aware": false,
    "Startup Cost": 497253.69,
    "Total Cost": 497253.7,
    "Plan Rows": 1,
    "Plan Width": 8,
    "Actual Startup Time": 1768.36,
    "Actual Total Time": 1796.778,
    "Actual Rows": 1,
    "Actual Loops": 1,
    "Plans": [
      {
        "Node Type": "Gather",
        "Parent Relationship": "Outer",
        "Parallel Aware": false,
        "Startup Cost": 497253.58,
        "Total Cost": 497253.69,
        "Plan Rows": 1,
        "Plan Width": 8,
        "Actual Startup Time": 1768.185,
        "Actual Total Time": 1796.771,
        "Actual Rows": 2,
        "Actual Loops": 1,
        "Workers Planned": 1,
        "Workers Launched": 1,
        "Single Copy": false,
        "Plans": [
          {
            "Node Type": "Aggregate",
            "Strategy": "Plain",
            "Partial Mode": "Partial",
            "Parent Relationship": "Outer",
            "Parallel Aware": false,
            "Startup Cost": 496253.58,
            "Total Cost": 496253.59,
            "Plan Rows": 1,
            "Plan Width": 8,
            "Actual Startup Time": 1762.386,
            "Actual Total Time": 1762.389,
            "Actual Rows": 1,
            "Actual Loops": 2,
            "Plans": [
              {
                "Node Type": "Nested Loop",
                "Parent Relationship": "Outer",
                "Parallel Aware": false,
                "Join Type": "Inner",
                "Startup Cost": 58742.53,
                "Total Cost": 496107.7,
                "Plan Rows": 58352,
                "Plan Width": 0,
                "Actual Startup Time": 158.391,
                "Actual Total Time": 1756.509,
                "Actual Rows": 121854,
                "Actual Loops": 2,
                "Inner Unique": false,
                "Join Filter": "(t.id = mc.movie_id)",
                "Rows Removed by Join Filter": 0,
                "Plans": [
                  {
                    "Node Type": "Hash Join",
                    "Parent Relationship": "Outer",
                    "Parallel Aware": true,
                    "Join Type": "Inner",
                    "Startup Cost": 58742.1,
                    "Total Cost": 461752.69,
                    "Plan Rows": 56545,
                    "Plan Width": 8,
                    "Actual Startup Time": 157.387,
                    "Actual Total Time": 1576.371,
                    "Actual Rows": 84443,
                    "Actual Loops": 2,
                    "Inner Unique": true,
                    "Hash Cond": "(ci.movie_id = t.id)",
                    "Plans": [
                      {
                        "Node Type": "Index Scan",
                        "Parent Relationship": "Outer",
                        "Parallel Aware": true,
                        "Scan Direction": "Forward",
                        "Index Name": "role_id_cast_info",
                        "Relation Name": "cast_info",
                        "Alias": "ci",
                        "Startup Cost": 0.56,
                        "Total Cost": 396668.75,
                        "Plan Rows": 2416149,
                        "Plan Width": 4,
                        "Actual Startup Time": 0.06,
                        "Actual Total Time": 933.115,
                        "Actual Rows": 3991761,
                        "Actual Loops": 2,
                        "Index Cond": "(role_id > 3)",
                        "Rows Removed by Index Recheck": 0,
                        "Filter": "(person_id > 2486260)",
                        "Rows Removed by Filter": 2065062
                      },
                      {
                        "Node Type": "Hash",
                        "Parent Relationship": "Inner",
                        "Parallel Aware": true,
                        "Startup Cost": 58306.47,
                        "Total Cost": 58306.47,
                        "Plan Rows": 34805,
                        "Plan Width": 4,
                        "Actual Startup Time": 155.904,
                        "Actual Total Time": 155.905,
                        "Actual Rows": 31376,
                        "Actual Loops": 2,
                        "Hash Buckets": 65536,
                        "Original Hash Buckets": 65536,
                        "Hash Batches": 1,
                        "Original Hash Batches": 1,
                        "Peak Memory Usage": 3008,
                        "Plans": [
                          {
                            "Node Type": "Seq Scan",
                            "Parent Relationship": "Outer",
                            "Parallel Aware": true,
                            "Relation Name": "title",
                            "Alias": "t",
                            "Startup Cost": 0.0,
                            "Total Cost": 58306.47,
                            "Plan Rows": 34805,
                            "Plan Width": 4,
                            "Actual Startup Time": 0.033,
                            "Actual Total Time": 144.865,
                            "Actual Rows": 31376,
                            "Actual Loops": 2,
                            "Filter": "((kind_id = 7) AND (production_year = 2005))",
                            "Rows Removed by Filter": 1232780
                          }
                        ]
                      }
                    ]
                  },
                  {
                    "Node Type": "Index Only Scan",
                    "Parent Relationship": "Inner",
                    "Parallel Aware": false,
                    "Scan Direction": "Forward",
                    "Index Name": "movie_id_movie_companies",
                    "Relation Name": "movie_companies",
                    "Alias": "mc",
                    "Startup Cost": 0.43,
                    "Total Cost": 0.55,
                    "Plan Rows": 5,
                    "Plan Width": 4,
                    "Actual Startup Time": 0.002,
                    "Actual Total Time": 0.002,
                    "Actual Rows": 1,
                    "Actual Loops": 168886,
                    "Index Cond": "(movie_id = ci.movie_id)",
                    "Rows Removed by Index Recheck": 0,
                    "Heap Fetches": 243707
                  }
                ]
              }
            ]
          }
        ]
      }
    ]
  },
  "Planning Time": 0.837,
  "Triggers": [],
  "Execution Time": 1796.864
}