[
  {
    "Plan": {
      "Node Type": "Aggregate",
      "Strategy": "Plain",
      "Partial Mode": "Finalize",
      "Parallel Aware": false,
      "Startup Cost": 81855.8,
      "Total Cost": 81855.81,
      "Plan Rows": 1,
      "Plan Width": 8,
      "Actual Startup Time": 484.547,
      "Actual Total Time": 505.543,
      "Actual Rows": 1,
      "Actual Loops": 1,
      "Plans": [
        {
          "Node Type": "Gather",
          "Parent Relationship": "Outer",
          "Parallel Aware": false,
          "Startup Cost": 81855.49,
          "Total Cost": 81855.8,
          "Plan Rows": 3,
          "Plan Width": 8,
          "Actual Startup Time": 469.364,
          "Actual Total Time": 505.53,
          "Actual Rows": 4,
          "Actual Loops": 1,
          "Workers Planned": 3,
          "Workers Launched": 3,
          "Single Copy": false,
          "Plans": [
            {
              "Node Type": "Aggregate",
              "Strategy": "Plain",
              "Partial Mode": "Partial",
              "Parent Relationship": "Outer",
              "Parallel Aware": false,
              "Startup Cost": 80855.49,
              "Total Cost": 80855.5,
              "Plan Rows": 1,
              "Plan Width": 8,
              "Actual Startup Time": 455.601,
              "Actual Total Time": 455.606,
              "Actual Rows": 1,
              "Actual Loops": 4,
              "Plans": [
                {
                  "Node Type": "Hash Join",
                  "Parent Relationship": "Outer",
                  "Parallel Aware": true,
                  "Join Type": "Inner",
                  "Startup Cost": 59605.39,
                  "Total Cost": 80683.71,
                  "Plan Rows": 68710,
                  "Plan Width": 0,
                  "Actual Startup Time": 366.309,
                  "Actual Total Time": 451.814,
                  "Actual Rows": 81816,
                  "Actual Loops": 4,
                  "Inner Unique": true,
                  "Hash Cond": "(mc.movie_id = t.id)",
                  "Plans": [
                    {
                      "Node Type": "Bitmap Heap Scan",
                      "Parent Relationship": "Outer",
                      "Parallel Aware": true,
                      "Relation Name": "movie_companies",
                      "Alias": "mc",
                      "Startup Cost": 9385.01,
                      "Total Cost": 30282.97,
                      "Plan Rows": 68710,
                      "Plan Width": 4,
                      "Actual Startup Time": 18.127,
                      "Actual Total Time": 58.522,
                      "Actual Rows": 81816,
                      "Actual Loops": 4,
                      "Recheck Cond": "(company_id < 305)",
                      "Rows Removed by Index Recheck": 0,
                      "Filter": "(company_type_id < 2)",
                      "Rows Removed by Filter": 25420,
                      "Exact Heap Blocks": 6026,
                      "Lossy Heap Blocks": 0,
                      "Plans": [
                        {
                          "Node Type": "Bitmap Index Scan",
                          "Parent Relationship": "Outer",
                          "Parallel Aware": false,
                          "Index Name": "company_id_movie_companies",
                          "Startup Cost": 0.0,
                          "Total Cost": 9331.76,
                          "Plan Rows": 435644,
                          "Plan Width": 0,
                          "Actual Startup Time": 15.44,
                          "Actual Total Time": 15.44,
                          "Actual Rows": 428945,
                          "Actual Loops": 1,
                          "Index Cond": "(company_id < 305)"
                        }
                      ]
                    },
                    {
                      "Node Type": "Hash",
                      "Parent Relationship": "Inner",
                      "Parallel Aware": true,
                      "Startup Cost": 42319.06,
                      "Total Cost": 42319.06,
                      "Plan Rows": 632106,
                      "Plan Width": 4,
                      "Actual Startup Time": 340.125,
                      "Actual Total Time": 340.127,
                      "Actual Rows": 632078,
                      "Actual Loops": 4,
                      "Hash Buckets": 4194304,
                      "Original Hash Buckets": 4194304,
                      "Hash Batches": 1,
                      "Original Hash Batches": 1,
                      "Peak Memory Usage": 131744,
                      "Plans": [
                        {
                          "Node Type": "Seq Scan",
                          "Parent Relationship": "Outer",
                          "Parallel Aware": true,
                          "Relation Name": "title",
                          "Alias": "t",
                          "Startup Cost": 0.0,
                          "Total Cost": 42319.06,
                          "Plan Rows": 632106,
                          "Plan Width": 4,
                          "Actual Startup Time": 0.04,
                          "Actual Total Time": 98.881,
                          "Actual Rows": 632078,
                          "Actual Loops": 4
                        }
                      ]
                    }
                  ]
                }
              ]
            }
          ]
        }
      ]
    },
    "Planning Time": 0.177,
    "Triggers": [],
    "Execution Time": 505.584
  }
]