[
  {
    "Plan": {
      "Node Type": "Aggregate",
      "Strategy": "Plain",
      "Partial Mode": "Finalize",
      "Parallel Aware": false,
      "Startup Cost": 44851.78,
      "Total Cost": 44851.79,
      "Plan Rows": 1,
      "Plan Width": 8,
      "Actual Startup Time": 134.093,
      "Actual Total Time": 146.15,
      "Actual Rows": 1,
      "Actual Loops": 1,
      "Plans": [
        {
          "Node Type": "Gather",
          "Parent Relationship": "Outer",
          "Parallel Aware": false,
          "Startup Cost": 44851.47,
          "Total Cost": 44851.78,
          "Plan Rows": 3,
          "Plan Width": 8,
          "Actual Startup Time": 133.956,
          "Actual Total Time": 146.139,
          "Actual Rows": 4,
          "Actual Loops": 1,
          "Workers Planned": 3,
          "Workers Launched": 3,
          "Single Copy": false,
          "Plans": [
            {
              "Node Type": "Aggregate",
              "Strategy": "Plain",
              "Partial Mode": "Partial",
              "Parent Relationship": "Outer",
              "Parallel Aware": false,
              "Startup Cost": 43851.47,
              "Total Cost": 43851.48,
              "Plan Rows": 1,
              "Plan Width": 8,
              "Actual Startup Time": 126.356,
              "Actual Total Time": 126.357,
              "Actual Rows": 1,
              "Actual Loops": 4,
              "Plans": [
                {
                  "Node Type": "Seq Scan",
                  "Parent Relationship": "Outer",
                  "Parallel Aware": true,
                  "Relation Name": "movie_keyword",
                  "Alias": "mk",
                  "Startup Cost": 0.0,
                  "Total Cost": 42695.65,
                  "Plan Rows": 462325,
                  "Plan Width": 0,
                  "Actual Startup Time": 0.05,
                  "Actual Total Time": 107.022,
                  "Actual Rows": 358589,
                  "Actual Loops": 4,
                  "Filter": "(keyword_id < 1987)",
                  "Rows Removed by Filter": 772394
                }
              ]
            }
          ]
        }
      ]
    },
    "Planning Time": 0.192,
    "Triggers": [],
    "Execution Time": 146.211
  }
]