{
  "Plan": {
    "Node Type": "Aggregate",
    "Strategy": "Plain",
    "Partial Mode": "Finalize",
    "Parallel Aware": false,
    "Startup Cost": 135715.57,
    "Total Cost": 135715.58,
    "Plan Rows": 1,
    "Plan Width": 8,
    "Actual Startup Time": 599.443,
    "Actual Total Time": 637.149,
    "Actual Rows": 1,
    "Actual Loops": 1,
    "Plans": [
      {
        "Node Type": "Gather",
        "Parent Relationship": "Outer",
        "Parallel Aware": false,
        "Startup Cost": 135715.46,
        "Total Cost": 135715.57,
        "Plan Rows": 1,
        "Plan Width": 8,
        "Actual Startup Time": 598.931,
        "Actual Total Time": 637.141,
        "Actual Rows": 2,
        "Actual Loops": 1,
        "Workers Planned": 1,
        "Workers Launched": 1,
        "Single Copy": false,
        "Plans": [
          {
            "Node Type": "Aggregate",
            "Strategy": "Plain",
            "Partial Mode": "Partial",
            "Parent Relationship": "Outer",
            "Parallel Aware": false,
            "Startup Cost": 134715.46,
            "Total Cost": 134715.47,
            "Plan Rows": 1,
            "Plan Width": 8,
            "Actual Startup Time": 592.764,
            "Actual Total Time": 592.769,
            "Actual Rows": 1,
            "Actual Loops": 2,
            "Plans": [
              {
                "Node Type": "Nested Loop",
                "Parent Relationship": "Outer",
                "Parallel Aware": false,
                "Join Type": "Inner",
                "Startup Cost": 39350.47,
                "Total Cost": 134310.82,
                "Plan Rows": 161857,
                "Plan Width": 0,
                "Actual Startup Time": 106.357,
                "Actual Total Time": 568.871,
                "Actual Rows": 516598,
                "Actual Loops": 2,
                "Inner Unique": false,
                "Join Filter": "(t.id = mi.movie_id)",
                "Rows Removed by Join Filter": 0,
                "Plans": [
                  {
                    "Node Type": "Hash Join",
                    "Parent Relationship": "Outer",
                    "Parallel Aware": true,
                    "Join Type": "Inner",
                    "Startup Cost": 39350.03,
                    "Total Cost": 57533.82,
                    "Plan Rows": 32823,
                    "Plan Width": 8,
                    "Actual Startup Time": 106.298,
                    "Actual Total Time": 185.03,
                    "Actual Rows": 55574,
                    "Actual Loops": 2,
                    "Inner Unique": true,
                    "Hash Cond": "(mi_idx.movie_id = t.id)",
                    "Plans": [
                      {
                        "Node Type": "Seq Scan",
                        "Parent Relationship": "Outer",
                        "Parallel Aware": true,
                        "Relation Name": "movie_info_idx",
                        "Alias": "mi_idx",
                        "Startup Cost": 0.0,
                        "Total Cost": 16052.85,
                        "Plan Rows": 811785,
                        "Plan Width": 4,
                        "Actual Startup Time": 0.019,
                        "Actual Total Time": 46.097,
                        "Actual Rows": 690018,
                        "Actual Loops": 2
                      },
                      {
                        "Node Type": "Hash",
                        "Parent Relationship": "Inner",
                        "Parallel Aware": true,
                        "Startup Cost": 38598.36,
                        "Total Cost": 38598.36,
                        "Plan Rows": 60134,
                        "Plan Width": 4,
                        "Actual Startup Time": 63.295,
                        "Actual Total Time": 63.296,
                        "Actual Rows": 50268,
                        "Actual Loops": 2,
                        "Hash Buckets": 131072,
                        "Original Hash Buckets": 131072,
                        "Hash Batches": 1,
                        "Original Hash Batches": 1,
                        "Peak Memory Usage": 4960,
                        "Plans": [
                          {
                            "Node Type": "Bitmap Heap Scan",
                            "Parent Relationship": "Outer",
                            "Parallel Aware": true,
                            "Relation Name": "title",
                            "Alias": "t",
                            "Startup Cost": 1848.69,
                            "Total Cost": 38598.36,
                            "Plan Rows": 60134,
                            "Plan Width": 4,
                            "Actual Startup Time": 15.678,
                            "Actual Total Time": 50.661,
                            "Actual Rows": 50268,
                            "Actual Loops": 2,
                            "Recheck Cond": "(kind_id = 3)",
                            "Rows Removed by Index Recheck": 0,
                            "Exact Heap Blocks": 9914,
                            "Lossy Heap Blocks": 0,
                            "Plans": [
                              {
                                "Node Type": "Bitmap Index Scan",
                                "Parent Relationship": "Outer",
                                "Parallel Aware": false,
                                "Index Name": "kind_id_title",
                                "Startup Cost": 0.0,
                                "Total Cost": 1823.13,
                                "Plan Rows": 102227,
                                "Plan Width": 0,
                                "Actual Startup Time": 14.784,
                                "Actual Total Time": 14.785,
                                "Actual Rows": 100537,
                                "Actual Loops": 1,
                                "Index Cond": "(kind_id = 3)"
                              }
                            ]
                          }
                        ]
                      }
                    ]
                  },
                  {
                    "Node Type": "Index Scan",
                    "Parent Relationship": "Inner",
                    "Parallel Aware": false,
                    "Scan Direction": "Forward",
                    "Index Name": "movie_id_movie_info",
                    "Relation Name": "movie_info",
                    "Alias": "mi",
                    "Startup Cost": 0.43,
                    "Total Cost": 1.9,
                    "Plan Rows": 35,
                    "Plan Width": 4,
                    "Actual Startup Time": 0.002,
                    "Actual Total Time": 0.006,
                    "Actual Rows": 9,
                    "Actual Loops": 111147,
                    "Index Cond": "(movie_id = mi_idx.movie_id)",
                    "Rows Removed by Index Recheck": 0,
                    "Filter": "(info_type_id < 17)",
                    "Rows Removed by Filter": 2
                  }
                ]
              }
            ]
          }
        ]
      }
    ]
  },
  "Planning Time": 0.924,
  "Triggers": [],
  "Execution Time": 637.262
}