{
  "Plan": {
    "Node Type": "Aggregate",
    "Strategy": "Plain",
    "Partial Mode": "Finalize",
    "Parallel Aware": false,
    "Startup Cost": 461727.72,
    "Total Cost": 461727.73,
    "Plan Rows": 1,
    "Plan Width": 8,
    "Actual Startup Time": 775.15,
    "Actual Total Time": 803.71,
    "Actual Rows": 1,
    "Actual Loops": 1,
    "Plans": [
      {
        "Node Type": "Gather",
        "Parent Relationship": "Outer",
        "Parallel Aware": false,
        "Startup Cost": 461727.61,
        "Total Cost": 461727.72,
        "Plan Rows": 1,
        "Plan Width": 8,
        "Actual Startup Time": 774.643,
        "Actual Total Time": 803.699,
        "Actual Rows": 2,
        "Actual Loops": 1,
        "Workers Planned": 1,
        "Workers Launched": 1,
        "Single Copy": false,
        "Plans": [
          {
            "Node Type": "Aggregate",
            "Strategy": "Plain",
            "Partial Mode": "Partial",
            "Parent Relationship": "Outer",
            "Parallel Aware": false,
            "Startup Cost": 460727.61,
            "Total Cost": 460727.62,
            "Plan Rows": 1,
            "Plan Width": 8,
            "Actual Startup Time": 768.131,
            "Actual Total Time": 768.139,
            "Actual Rows": 1,
            "Actual Loops": 2,
            "Plans": [
              {
                "Node Type": "Hash Join",
                "Parent Relationship": "Outer",
                "Parallel Aware": true,
                "Join Type": "Inner",
                "Startup Cost": 169484.72,
                "Total Cost": 460671.63,
                "Plan Rows": 22392,
                "Plan Width": 0,
                "Actual Startup Time": 395.398,
                "Actual Total Time": 767.764,
                "Actual Rows": 5959,
                "Actual Loops": 2,
                "Inner Unique": false,
                "Hash Cond": "(ci.movie_id = t.id)",
                "Plans": [
                  {
                    "Node Type": "Bitmap Heap Scan",
                    "Parent Relationship": "Outer",
                    "Parallel Aware": true,
                    "Relation Name": "cast_info",
                    "Alias": "ci",
                    "Startup Cost": 88656.31,
                    "Total Cost": 370857.31,
                    "Plan Rows": 2361119,
                    "Plan Width": 4,
                    "Actual Startup Time": 156.132,
                    "Actual Total Time": 372.663,
                    "Actual Rows": 2073834,
                    "Actual Loops": 2,
                    "Recheck Cond": "(person_id < 398528)",
                    "Rows Removed by Index Recheck": 0,
                    "Exact Heap Blocks": 22930,
                    "Lossy Heap Blocks": 0,
                    "Plans": [
                      {
                        "Node Type": "Bitmap Index Scan",
                        "Parent Relationship": "Outer",
                        "Parallel Aware": false,
                        "Index Name": "person_id_cast_info",
                        "Startup Cost": 0.0,
                        "Total Cost": 87652.84,
                        "Plan Rows": 4013903,
                        "Plan Width": 0,
                        "Actual Startup Time": 149.292,
                        "Actual Total Time": 149.293,
                        "Actual Rows": 4147669,
                        "Actual Loops": 1,
                        "Index Cond": "(person_id < 398528)"
                      }
                    ]
                  },
                  {
                    "Node Type": "Hash",
                    "Parent Relationship": "Inner",
                    "Parallel Aware": true,
                    "Startup Cost": 80652.09,
                    "Total Cost": 80652.09,
                    "Plan Rows": 14105,
                    "Plan Width": 8,
                    "Actual Startup Time": 237.044,
                    "Actual Total Time": 237.049,
                    "Actual Rows": 2594,
                    "Actual Loops": 2,
                    "Hash Buckets": 32768,
                    "Original Hash Buckets": 32768,
                    "Hash Batches": 1,
                    "Original Hash Batches": 1,
                    "Peak Memory Usage": 480,
                    "Plans": [
                      {
                        "Node Type": "Hash Join",
                        "Parent Relationship": "Outer",
                        "Parallel Aware": true,
                        "Join Type": "Inner",
                        "Startup Cost": 20403.62,
                        "Total Cost": 80652.09,
                        "Plan Rows": 14105,
                        "Plan Width": 8,
                        "Actual Startup Time": 23.323,
                        "Actual Total Time": 235.912,
                        "Actual Rows": 2594,
                        "Actual Loops": 2,
                        "Inner Unique": false,
                        "Hash Cond": "(t.id = mc.movie_id)",
                        "Plans": [
                          {
                            "Node Type": "Seq Scan",
                            "Parent Relationship": "Outer",
                            "Parallel Aware": true,
                            "Relation Name": "title",
                            "Alias": "t",
                            "Startup Cost": 0.0,
                            "Total Cost": 50870.31,
                            "Plan Rows": 1487231,
                            "Plan Width": 4,
                            "Actual Startup Time": 0.02,
                            "Actual Total Time": 123.718,
                            "Actual Rows": 1264156,
                            "Actual Loops": 2
                          },
                          {
                            "Node Type": "Hash",
                            "Parent Relationship": "Inner",
                            "Parallel Aware": true,
                            "Startup Cost": 20227.3,
                            "Total Cost": 20227.3,
                            "Plan Rows": 14105,
                            "Plan Width": 4,
                            "Actual Startup Time": 22.896,
                            "Actual Total Time": 22.898,
                            "Actual Rows": 2594,
                            "Actual Loops": 2,
                            "Hash Buckets": 32768,
                            "Original Hash Buckets": 32768,
                            "Hash Batches": 1,
                            "Original Hash Batches": 1,
                            "Peak Memory Usage": 480,
                            "Plans": [
                              {
                                "Node Type": "Bitmap Heap Scan",
                                "Parent Relationship": "Outer",
                                "Parallel Aware": true,
                                "Relation Name": "movie_companies",
                                "Alias": "mc",
                                "Startup Cost": 1020.61,
                                "Total Cost": 20227.3,
                                "Plan Rows": 14105,
                                "Plan Width": 4,
                                "Actual Startup Time": 20.372,
                                "Actual Total Time": 22.244,
                                "Actual Rows": 2594,
                                "Actual Loops": 2,
                                "Recheck Cond": "(company_id = 19)",
                                "Rows Removed by Index Recheck": 0,
                                "Filter": "(company_type_id > 1)",
                                "Rows Removed by Filter": 21032,
                                "Exact Heap Blocks": 4308,
                                "Lossy Heap Blocks": 0,
                                "Plans": [
                                  {
                                    "Node Type": "Bitmap Index Scan",
                                    "Parent Relationship": "Outer",
                                    "Parallel Aware": false,
                                    "Index Name": "company_id_movie_companies",
                                    "Startup Cost": 0.0,
                                    "Total Cost": 1014.62,
                                    "Plan Rows": 47225,
                                    "Plan Width": 0,
                                    "Actual Startup Time": 7.703,
                                    "Actual Total Time": 7.704,
                                    "Actual Rows": 47252,
                                    "Actual Loops": 1,
                                    "Index Cond": "(company_id = 19)"
                                  }
                                ]
                              }
                            ]
                          }
                        ]
                      }
                    ]
                  }
                ]
              }
            ]
          }
        ]
      }
    ]
  },
  "Planning Time": 0.904,
  "Triggers": [],
  "Execution Time": 803.835
}