[
  {
    "Plan": {
      "Node Type": "Aggregate",
      "Strategy": "Plain",
      "Partial Mode": "Simple",
      "Parallel Aware": false,
      "Startup Cost": 53941.07,
      "Total Cost": 53941.08,
      "Plan Rows": 1,
      "Plan Width": 64,
      "Actual Startup Time": 347.058,
      "Actual Total Time": 382.824,
      "Actual Rows": 1,
      "Actual Loops": 1,
      "Plans": [
        {
          "Node Type": "Nested Loop",
          "Parent Relationship": "Outer",
          "Parallel Aware": false,
          "Join Type": "Inner",
          "Startup Cost": 4239.53,
          "Total Cost": 53941.07,
          "Plan Rows": 1,
          "Plan Width": 27,
          "Actual Startup Time": 310.519,
          "Actual Total Time": 382.442,
          "Actual Rows": 628,
          "Actual Loops": 1,
          "Inner Unique": true,
          "Plans": [
            {
              "Node Type": "Nested Loop",
              "Parent Relationship": "Outer",
              "Parallel Aware": false,
              "Join Type": "Inner",
              "Startup Cost": 4239.1,
              "Total Cost": 53936.62,
              "Plan Rows": 1,
              "Plan Width": 31,
              "Actual Startup Time": 310.472,
              "Actual Total Time": 376.413,
              "Actual Rows": 628,
              "Actual Loops": 1,
              "Inner Unique": true,
              "Join Filter": "(mc.company_type_id = ct.id)",
              "Rows Removed by Join Filter": 615,
              "Plans": [
                {
                  "Node Type": "Gather",
                  "Parent Relationship": "Outer",
                  "Parallel Aware": false,
                  "Startup Cost": 4239.1,
                  "Total Cost": 53935.53,
                  "Plan Rows": 1,
                  "Plan Width": 35,
                  "Actual Startup Time": 310.455,
                  "Actual Total Time": 373.805,
                  "Actual Rows": 628,
                  "Actual Loops": 1,
                  "Workers Planned": 4,
                  "Workers Launched": 4,
                  "Single Copy": false,
                  "Plans": [
                    {
                      "Node Type": "Nested Loop",
                      "Parent Relationship": "Outer",
                      "Parallel Aware": false,
                      "Join Type": "Inner",
                      "Startup Cost": 3239.1,
                      "Total Cost": 52935.43,
                      "Plan Rows": 1,
                      "Plan Width": 35,
                      "Actual Startup Time": 306.03,
                      "Actual Total Time": 332.562,
                      "Actual Rows": 126,
                      "Actual Loops": 5,
                      "Inner Unique": true,
                      "Plans": [
                        {
                          "Node Type": "Nested Loop",
                          "Parent Relationship": "Outer",
                          "Parallel Aware": false,
                          "Join Type": "Inner",
                          "Startup Cost": 3238.67,
                          "Total Cost": 52930.99,
                          "Plan Rows": 1,
                          "Plan Width": 39,
                          "Actual Startup Time": 306.008,
                          "Actual Total Time": 331.598,
                          "Actual Rows": 126,
                          "Actual Loops": 5,
                          "Inner Unique": false,
                          "Join Filter": "(t.id = mc.movie_id)",
                          "Rows Removed by Join Filter": 0,
                          "Plans": [
                            {
                              "Node Type": "Nested Loop",
                              "Parent Relationship": "Outer",
                              "Parallel Aware": false,
                              "Join Type": "Inner",
                              "Startup Cost": 3238.2,
                              "Total Cost": 52926.39,
                              "Plan Rows": 1,
                              "Plan Width": 47,
                              "Actual Startup Time": 305.979,
                              "Actual Total Time": 330.593,
                              "Actual Rows": 125,
                              "Actual Loops": 5,
                              "Inner Unique": false,
                              "Plans": [
                                {
                                  "Node Type": "Nested Loop",
                                  "Parent Relationship": "Outer",
                                  "Parallel Aware": false,
                                  "Join Type": "Inner",
                                  "Startup Cost": 3237.35,
                                  "Total Cost": 52920.51,
                                  "Plan Rows": 1,
                                  "Plan Width": 39,
                                  "Actual Startup Time": 305.958,
                                  "Actual Total Time": 330.499,
                                  "Actual Rows": 1,
                                  "Actual Loops": 5,
                                  "Inner Unique": true,
                                  "Join Filter": "(mi.info_type_id = it1.id)",
                                  "Rows Removed by Join Filter": 0,
                                  "Plans": [
                                    {
                                      "Node Type": "Nested Loop",
                                      "Parent Relationship": "Outer",
                                      "Parallel Aware": false,
                                      "Join Type": "Inner",
                                      "Startup Cost": 3237.35,
                                      "Total Cost": 52918.09,
                                      "Plan Rows": 1,
                                      "Plan Width": 43,
                                      "Actual Startup Time": 305.934,
                                      "Actual Total Time": 330.465,
                                      "Actual Rows": 1,
                                      "Actual Loops": 5,
                                      "Inner Unique": false,
                                      "Plans": [
                                        {
                                          "Node Type": "Hash Join",
                                          "Parent Relationship": "Outer",
                                          "Parallel Aware": false,
                                          "Join Type": "Inner",
                                          "Startup Cost": 3236.49,
                                          "Total Cost": 48681.89,
                                          "Plan Rows": 749,
                                          "Plan Width": 35,
                                          "Actual Startup Time": 184.061,
                                          "Actual Total Time": 257.779,
                                          "Actual Rows": 397,
                                          "Actual Loops": 5,
                                          "Inner Unique": true,
                                          "Hash Cond": "(t.kind_id = kt.id)",
                                          "Plans": [
                                            {
                                              "Node Type": "Hash Join",
                                              "Parent Relationship": "Outer",
                                              "Parallel Aware": false,
                                              "Join Type": "Inner",
                                              "Startup Cost": 3235.39,
                                              "Total Cost": 48658.7,
                                              "Plan Rows": 5244,
                                              "Plan Width": 29,
                                              "Actual Startup Time": 52.137,
                                              "Actual Total Time": 257.084,
                                              "Actual Rows": 653,
                                              "Actual Loops": 5,
                                              "Inner Unique": false,
                                              "Hash Cond": "(t.id = cc.movie_id)",
                                              "Plans": [
                                                {
                                                  "Node Type": "Seq Scan",
                                                  "Parent Relationship": "Outer",
                                                  "Parallel Aware": true,
                                                  "Relation Name": "title",
                                                  "Alias": "t",
                                                  "Startup Cost": 0.0,
                                                  "Total Cost": 43898.62,
                                                  "Plan Rows": 392601,
                                                  "Plan Width": 25,
                                                  "Actual Startup Time": 0.062,
                                                  "Actual Total Time": 148.579,
                                                  "Actual Rows": 314114,
                                                  "Actual Loops": 5,
                                                  "Filter": "(production_year > 1996)",
                                                  "Rows Removed by Filter": 191549
                                                },
                                                {
                                                  "Node Type": "Hash",
                                                  "Parent Relationship": "Inner",
                                                  "Parallel Aware": false,
                                                  "Startup Cost": 2813.24,
                                                  "Total Cost": 2813.24,
                                                  "Plan Rows": 33772,
                                                  "Plan Width": 4,
                                                  "Actual Startup Time": 50.72,
                                                  "Actual Total Time": 50.724,
                                                  "Actual Rows": 24592,
                                                  "Actual Loops": 5,
                                                  "Hash Buckets": 65536,
                                                  "Original Hash Buckets": 65536,
                                                  "Hash Batches": 1,
                                                  "Original Hash Batches": 1,
                                                  "Peak Memory Usage": 1377,
                                                  "Plans": [
                                                    {
                                                      "Node Type": "Hash Join",
                                                      "Parent Relationship": "Outer",
                                                      "Parallel Aware": false,
                                                      "Join Type": "Inner",
                                                      "Startup Cost": 1.06,
                                                      "Total Cost": 2813.24,
                                                      "Plan Rows": 33772,
                                                      "Plan Width": 4,
                                                      "Actual Startup Time": 0.15,
                                                      "Actual Total Time": 44.102,
                                                      "Actual Rows": 24592,
                                                      "Actual Loops": 5,
                                                      "Inner Unique": true,
                                                      "Hash Cond": "(cc.status_id = cct1.id)",
                                                      "Plans": [
                                                        {
                                                          "Node Type": "Seq Scan",
                                                          "Parent Relationship": "Outer",
                                                          "Parallel Aware": false,
                                                          "Relation Name": "complete_cast",
                                                          "Alias": "cc",
                                                          "Startup Cost": 0.0,
                                                          "Total Cost": 2081.86,
                                                          "Plan Rows": 135086,
                                                          "Plan Width": 8,
                                                          "Actual Startup Time": 0.058,
                                                          "Actual Total Time": 24.334,
                                                          "Actual Rows": 135086,
                                                          "Actual Loops": 5
                                                        },
                                                        {
                                                          "Node Type": "Hash",
                                                          "Parent Relationship": "Inner",
                                                          "Parallel Aware": false,
                                                          "Startup Cost": 1.05,
                                                          "Total Cost": 1.05,
                                                          "Plan Rows": 1,
                                                          "Plan Width": 4,
                                                          "Actual Startup Time": 0.045,
                                                          "Actual Total Time": 0.046,
                                                          "Actual Rows": 1,
                                                          "Actual Loops": 5,
                                                          "Hash Buckets": 1024,
                                                          "Original Hash Buckets": 1024,
                                                          "Hash Batches": 1,
                                                          "Original Hash Batches": 1,
                                                          "Peak Memory Usage": 9,
                                                          "Plans": [
                                                            {
                                                              "Node Type": "Seq Scan",
                                                              "Parent Relationship": "Outer",
                                                              "Parallel Aware": false,
                                                              "Relation Name": "comp_cast_type",
                                                              "Alias": "cct1",
                                                              "Startup Cost": 0.0,
                                                              "Total Cost": 1.05,
                                                              "Plan Rows": 1,
                                                              "Plan Width": 4,
                                                              "Actual Startup Time": 0.035,
                                                              "Actual Total Time": 0.036,
                                                              "Actual Rows": 1,
                                                              "Actual Loops": 5,
                                                              "Filter": "((kind)::text = 'complete+verified'::text)",
                                                              "Rows Removed by Filter": 3
                                                            }
                                                          ]
                                                        }
                                                      ]
                                                    }
                                                  ]
                                                }
                                              ]
                                            },
                                            {
                                              "Node Type": "Hash",
                                              "Parent Relationship": "Inner",
                                              "Parallel Aware": false,
                                              "Startup Cost": 1.09,
                                              "Total Cost": 1.09,
                                              "Plan Rows": 1,
                                              "Plan Width": 14,
                                              "Actual Startup Time": 0.102,
                                              "Actual Total Time": 0.103,
                                              "Actual Rows": 1,
                                              "Actual Loops": 5,
                                              "Hash Buckets": 1024,
                                              "Original Hash Buckets": 1024,
                                              "Hash Batches": 1,
                                              "Original Hash Batches": 1,
                                              "Peak Memory Usage": 9,
                                              "Plans": [
                                                {
                                                  "Node Type": "Seq Scan",
                                                  "Parent Relationship": "Outer",
                                                  "Parallel Aware": false,
                                                  "Relation Name": "kind_type",
                                                  "Alias": "kt",
                                                  "Startup Cost": 0.0,
                                                  "Total Cost": 1.09,
                                                  "Plan Rows": 1,
                                                  "Plan Width": 14,
                                                  "Actual Startup Time": 0.076,
                                                  "Actual Total Time": 0.08,
                                                  "Actual Rows": 1,
                                                  "Actual Loops": 5,
                                                  "Filter": "((kind)::text = 'movie'::text)",
                                                  "Rows Removed by Filter": 6
                                                }
                                              ]
                                            }
                                          ]
                                        },
                                        {
                                          "Node Type": "Bitmap Heap Scan",
                                          "Parent Relationship": "Inner",
                                          "Parallel Aware": false,
                                          "Relation Name": "movie_info",
                                          "Alias": "mi",
                                          "Startup Cost": 0.87,
                                          "Total Cost": 5.65,
                                          "Plan Rows": 1,
                                          "Plan Width": 8,
                                          "Actual Startup Time": 0.18,
                                          "Actual Total Time": 0.18,
                                          "Actual Rows": 0,
                                          "Actual Loops": 1987,
                                          "Recheck Cond": "(movie_id = t.id)",
                                          "Rows Removed by Index Recheck": 0,
                                          "Filter": "((info IS NOT NULL) AND (note ~~ '%internet%'::text) AND ((info ~~ 'USA:% 199%'::text) OR (info ~~ 'USA:% 200%'::text)))",
                                          "Rows Removed by Filter": 183,
                                          "Exact Heap Blocks": 8012,
                                          "Lossy Heap Blocks": 0,
                                          "Plans": [
                                            {
                                              "Node Type": "Bitmap Index Scan",
                                              "Parent Relationship": "Outer",
                                              "Parallel Aware": false,
                                              "Index Name": "movie_id_movie_info",
                                              "Startup Cost": 0.0,
                                              "Total Cost": 0.87,
                                              "Plan Rows": 39,
                                              "Plan Width": 0,
                                              "Actual Startup Time": 0.026,
                                              "Actual Total Time": 0.026,
                                              "Actual Rows": 183,
                                              "Actual Loops": 1987,
                                              "Index Cond": "(movie_id = t.id)"
                                            }
                                          ]
                                        }
                                      ]
                                    },
                                    {
                                      "Node Type": "Seq Scan",
                                      "Parent Relationship": "Inner",
                                      "Parallel Aware": false,
                                      "Relation Name": "info_type",
                                      "Alias": "it1",
                                      "Startup Cost": 0.0,
                                      "Total Cost": 2.41,
                                      "Plan Rows": 1,
                                      "Plan Width": 4,
                                      "Actual Startup Time": 0.023,
                                      "Actual Total Time": 0.023,
                                      "Actual Rows": 1,
                                      "Actual Loops": 6,
                                      "Filter": "((info)::text = 'release dates'::text)",
                                      "Rows Removed by Filter": 15
                                    }
                                  ]
                                },
                                {
                                  "Node Type": "Bitmap Heap Scan",
                                  "Parent Relationship": "Inner",
                                  "Parallel Aware": false,
                                  "Relation Name": "movie_keyword",
                                  "Alias": "mk",
                                  "Startup Cost": 0.84,
                                  "Total Cost": 5.42,
                                  "Plan Rows": 46,
                                  "Plan Width": 8,
                                  "Actual Startup Time": 0.027,
                                  "Actual Total Time": 0.049,
                                  "Actual Rows": 104,
                                  "Actual Loops": 6,
                                  "Recheck Cond": "(movie_id = t.id)",
                                  "Rows Removed by Index Recheck": 0,
                                  "Exact Heap Blocks": 8,
                                  "Lossy Heap Blocks": 0,
                                  "Plans": [
                                    {
                                      "Node Type": "Bitmap Index Scan",
                                      "Parent Relationship": "Outer",
                                      "Parallel Aware": false,
                                      "Index Name": "movie_id_movie_keyword",
                                      "Startup Cost": 0.0,
                                      "Total Cost": 0.83,
                                      "Plan Rows": 46,
                                      "Plan Width": 0,
                                      "Actual Startup Time": 0.021,
                                      "Actual Total Time": 0.022,
                                      "Actual Rows": 104,
                                      "Actual Loops": 6,
                                      "Index Cond": "(movie_id = t.id)"
                                    }
                                  ]
                                }
                              ]
                            },
                            {
                              "Node Type": "Bitmap Heap Scan",
                              "Parent Relationship": "Inner",
                              "Parallel Aware": false,
                              "Relation Name": "movie_companies",
                              "Alias": "mc",
                              "Startup Cost": 0.48,
                              "Total Cost": 4.54,
                              "Plan Rows": 5,
                              "Plan Width": 12,
                              "Actual Startup Time": 0.005,
                              "Actual Total Time": 0.005,
                              "Actual Rows": 1,
                              "Actual Loops": 625,
                              "Recheck Cond": "(movie_id = mk.movie_id)",
                              "Rows Removed by Index Recheck": 0,
                              "Exact Heap Blocks": 612,
                              "Lossy Heap Blocks": 0,
                              "Plans": [
                                {
                                  "Node Type": "Bitmap Index Scan",
                                  "Parent Relationship": "Outer",
                                  "Parallel Aware": false,
                                  "Index Name": "movie_id_movie_companies",
                                  "Startup Cost": 0.0,
                                  "Total Cost": 0.48,
                                  "Plan Rows": 5,
                                  "Plan Width": 0,
                                  "Actual Startup Time": 0.003,
                                  "Actual Total Time": 0.003,
                                  "Actual Rows": 1,
                                  "Actual Loops": 625,
                                  "Index Cond": "(movie_id = mk.movie_id)"
                                }
                              ]
                            }
                          ]
                        },
                        {
                          "Node Type": "Bitmap Heap Scan",
                          "Parent Relationship": "Inner",
                          "Parallel Aware": false,
                          "Relation Name": "company_name",
                          "Alias": "cn",
                          "Startup Cost": 0.43,
                          "Total Cost": 4.44,
                          "Plan Rows": 1,
                          "Plan Width": 4,
                          "Actual Startup Time": 0.005,
                          "Actual Total Time": 0.005,
                          "Actual Rows": 1,
                          "Actual Loops": 628,
                          "Recheck Cond": "(id = mc.company_id)",
                          "Rows Removed by Index Recheck": 0,
                          "Filter": "((country_code)::text = '[us]'::text)",
                          "Rows Removed by Filter": 0,
                          "Exact Heap Blocks": 612,
                          "Lossy Heap Blocks": 0,
                          "Plans": [
                            {
                              "Node Type": "Bitmap Index Scan",
                              "Parent Relationship": "Outer",
                              "Parallel Aware": false,
                              "Index Name": "company_name_pkey",
                              "Startup Cost": 0.0,
                              "Total Cost": 0.43,
                              "Plan Rows": 1,
                              "Plan Width": 0,
                              "Actual Startup Time": 0.003,
                              "Actual Total Time": 0.003,
                              "Actual Rows": 1,
                              "Actual Loops": 628,
                              "Index Cond": "(id = mc.company_id)"
                            }
                          ]
                        }
                      ]
                    }
                  ]
                },
                {
                  "Node Type": "Seq Scan",
                  "Parent Relationship": "Inner",
                  "Parallel Aware": false,
                  "Relation Name": "company_type",
                  "Alias": "ct",
                  "Startup Cost": 0.0,
                  "Total Cost": 1.04,
                  "Plan Rows": 4,
                  "Plan Width": 4,
                  "Actual Startup Time": 0.001,
                  "Actual Total Time": 0.001,
                  "Actual Rows": 2,
                  "Actual Loops": 628
                }
              ]
            },
            {
              "Node Type": "Bitmap Heap Scan",
              "Parent Relationship": "Inner",
              "Parallel Aware": false,
              "Relation Name": "keyword",
              "Alias": "k",
              "Startup Cost": 0.43,
              "Total Cost": 4.44,
              "Plan Rows": 1,
              "Plan Width": 4,
              "Actual Startup Time": 0.007,
              "Actual Total Time": 0.007,
              "Actual Rows": 1,
              "Actual Loops": 628,
              "Recheck Cond": "(id = mk.keyword_id)",
              "Rows Removed by Index Recheck": 0,
              "Exact Heap Blocks": 628,
              "Lossy Heap Blocks": 0,
              "Plans": [
                {
                  "Node Type": "Bitmap Index Scan",
                  "Parent Relationship": "Outer",
                  "Parallel Aware": false,
                  "Index Name": "keyword_pkey",
                  "Startup Cost": 0.0,
                  "Total Cost": 0.43,
                  "Plan Rows": 1,
                  "Plan Width": 0,
                  "Actual Startup Time": 0.004,
                  "Actual Total Time": 0.004,
                  "Actual Rows": 1,
                  "Actual Loops": 628,
                  "Index Cond": "(id = mk.keyword_id)"
                }
              ]
            }
          ]
        }
      ]
    },
    "Planning Time": 42.053,
    "Triggers": [],
    "Execution Time": 383.381
  }
]