[
  {
    "Plan": {
      "Node Type": "Aggregate",
      "Strategy": "Plain",
      "Partial Mode": "Finalize",
      "Parallel Aware": false,
      "Startup Cost": 45895.4,
      "Total Cost": 45895.41,
      "Plan Rows": 1,
      "Plan Width": 8,
      "Actual Startup Time": 161.369,
      "Actual Total Time": 171.536,
      "Actual Rows": 1,
      "Actual Loops": 1,
      "Plans": [
        {
          "Node Type": "Gather",
          "Parent Relationship": "Outer",
          "Parallel Aware": false,
          "Startup Cost": 45895.08,
          "Total Cost": 45895.39,
          "Plan Rows": 3,
          "Plan Width": 8,
          "Actual Startup Time": 161.216,
          "Actual Total Time": 171.527,
          "Actual Rows": 4,
          "Actual Loops": 1,
          "Workers Planned": 3,
          "Workers Launched": 3,
          "Single Copy": false,
          "Plans": [
            {
              "Node Type": "Aggregate",
              "Strategy": "Plain",
              "Partial Mode": "Partial",
              "Parent Relationship": "Outer",
              "Parallel Aware": false,
              "Startup Cost": 44895.08,
              "Total Cost": 44895.09,
              "Plan Rows": 1,
              "Plan Width": 8,
              "Actual Startup Time": 154.997,
              "Actual Total Time": 154.999,
              "Actual Rows": 1,
              "Actual Loops": 4,
              "Plans": [
                {
                  "Node Type": "Seq Scan",
                  "Parent Relationship": "Outer",
                  "Parallel Aware": true,
                  "Relation Name": "movie_keyword",
                  "Alias": "mk",
                  "Startup Cost": 0.0,
                  "Total Cost": 42695.65,
                  "Plan Rows": 879770,
                  "Plan Width": 0,
                  "Actual Startup Time": 0.38,
                  "Actual Total Time": 122.787,
                  "Actual Rows": 677718,
                  "Actual Loops": 4,
                  "Filter": "(keyword_id > 2949)",
                  "Rows Removed by Filter": 453265
                }
              ]
            }
          ]
        }
      ]
    },
    "Planning Time": 0.158,
    "Triggers": [],
    "Execution Time": 171.584
  }
]