[
  {
    "Plan": {
      "Node Type": "Aggregate",
      "Strategy": "Plain",
      "Partial Mode": "Finalize",
      "Parallel Aware": false,
      "Startup Cost": 45475.48,
      "Total Cost": 45475.49,
      "Plan Rows": 1,
      "Plan Width": 8,
      "Actual Startup Time": 145.319,
      "Actual Total Time": 155.224,
      "Actual Rows": 1,
      "Actual Loops": 1,
      "Plans": [
        {
          "Node Type": "Gather",
          "Parent Relationship": "Outer",
          "Parallel Aware": false,
          "Startup Cost": 45475.16,
          "Total Cost": 45475.47,
          "Plan Rows": 3,
          "Plan Width": 8,
          "Actual Startup Time": 145.188,
          "Actual Total Time": 155.215,
          "Actual Rows": 4,
          "Actual Loops": 1,
          "Workers Planned": 3,
          "Workers Launched": 3,
          "Single Copy": false,
          "Plans": [
            {
              "Node Type": "Aggregate",
              "Strategy": "Plain",
              "Partial Mode": "Partial",
              "Parent Relationship": "Outer",
              "Parallel Aware": false,
              "Startup Cost": 44475.16,
              "Total Cost": 44475.17,
              "Plan Rows": 1,
              "Plan Width": 8,
              "Actual Startup Time": 138.471,
              "Actual Total Time": 138.472,
              "Actual Rows": 1,
              "Actual Loops": 4,
              "Plans": [
                {
                  "Node Type": "Seq Scan",
                  "Parent Relationship": "Outer",
                  "Parallel Aware": true,
                  "Relation Name": "movie_keyword",
                  "Alias": "mk",
                  "Startup Cost": 0.0,
                  "Total Cost": 42695.65,
                  "Plan Rows": 711804,
                  "Plan Width": 0,
                  "Actual Startup Time": 0.054,
                  "Actual Total Time": 112.928,
                  "Actual Rows": 552587,
                  "Actual Loops": 4,
                  "Filter": "(keyword_id < 4460)",
                  "Rows Removed by Filter": 578396
                }
              ]
            }
          ]
        }
      ]
    },
    "Planning Time": 0.182,
    "Triggers": [],
    "Execution Time": 155.278
  }
]