[
  {
    "Plan": {
      "Node Type": "Aggregate",
      "Strategy": "Plain",
      "Partial Mode": "Finalize",
      "Parallel Aware": false,
      "Startup Cost": 112247.04,
      "Total Cost": 112247.05,
      "Plan Rows": 1,
      "Plan Width": 8,
      "Actual Startup Time": 177.651,
      "Actual Total Time": 187.991,
      "Actual Rows": 1,
      "Actual Loops": 1,
      "Plans": [
        {
          "Node Type": "Gather",
          "Parent Relationship": "Outer",
          "Parallel Aware": false,
          "Startup Cost": 112246.51,
          "Total Cost": 112247.02,
          "Plan Rows": 5,
          "Plan Width": 8,
          "Actual Startup Time": 177.437,
          "Actual Total Time": 187.983,
          "Actual Rows": 6,
          "Actual Loops": 1,
          "Workers Planned": 5,
          "Workers Launched": 5,
          "Single Copy": false,
          "Plans": [
            {
              "Node Type": "Aggregate",
              "Strategy": "Plain",
              "Partial Mode": "Partial",
              "Parent Relationship": "Outer",
              "Parallel Aware": false,
              "Startup Cost": 111246.51,
              "Total Cost": 111246.52,
              "Plan Rows": 1,
              "Plan Width": 8,
              "Actual Startup Time": 168.012,
              "Actual Total Time": 168.013,
              "Actual Rows": 1,
              "Actual Loops": 6,
              "Plans": [
                {
                  "Node Type": "Index Scan",
                  "Parent Relationship": "Outer",
                  "Parallel Aware": true,
                  "Scan Direction": "Forward",
                  "Index Name": "role_id_cast_info",
                  "Relation Name": "cast_info",
                  "Alias": "ci",
                  "Startup Cost": 0.56,
                  "Total Cost": 110428.26,
                  "Plan Rows": 327304,
                  "Plan Width": 0,
                  "Actual Startup Time": 0.189,
                  "Actual Total Time": 148.028,
                  "Actual Rows": 415488,
                  "Actual Loops": 6,
                  "Index Cond": "(role_id = 3)",
                  "Rows Removed by Index Recheck": 0,
                  "Filter": "(person_id > 2195107)",
                  "Rows Removed by Filter": 252518
                }
              ]
            }
          ]
        }
      ]
    },
    "Planning Time": 0.226,
    "Triggers": [],
    "Execution Time": 188.051
  }
]