[
  {
    "Plan": {
      "Node Type": "Aggregate",
      "Strategy": "Plain",
      "Partial Mode": "Finalize",
      "Parallel Aware": false,
      "Startup Cost": 436980.42,
      "Total Cost": 436980.43,
      "Plan Rows": 1,
      "Plan Width": 8,
      "Actual Startup Time": 2688.256,
      "Actual Total Time": 2760.562,
      "Actual Rows": 1,
      "Actual Loops": 1,
      "Plans": [
        {
          "Node Type": "Gather",
          "Parent Relationship": "Outer",
          "Parallel Aware": false,
          "Startup Cost": 436979.79,
          "Total Cost": 436980.4,
          "Plan Rows": 6,
          "Plan Width": 8,
          "Actual Startup Time": 2683.5,
          "Actual Total Time": 2760.552,
          "Actual Rows": 7,
          "Actual Loops": 1,
          "Workers Planned": 6,
          "Workers Launched": 6,
          "Single Copy": false,
          "Plans": [
            {
              "Node Type": "Aggregate",
              "Strategy": "Plain",
              "Partial Mode": "Partial",
              "Parent Relationship": "Outer",
              "Parallel Aware": false,
              "Startup Cost": 435979.79,
              "Total Cost": 435979.8,
              "Plan Rows": 1,
              "Plan Width": 8,
              "Actual Startup Time": 2672.782,
              "Actual Total Time": 2672.99,
              "Actual Rows": 1,
              "Actual Loops": 7,
              "Plans": [
                {
                  "Node Type": "Hash Join",
                  "Parent Relationship": "Outer",
                  "Parallel Aware": true,
                  "Join Type": "Inner",
                  "Startup Cost": 93700.31,
                  "Total Cost": 433111.22,
                  "Plan Rows": 1147430,
                  "Plan Width": 0,
                  "Actual Startup Time": 282.244,
                  "Actual Total Time": 2311.403,
                  "Actual Rows": 9316388,
                  "Actual Loops": 7,
                  "Inner Unique": false,
                  "Hash Cond": "(ci.movie_id = t.id)",
                  "Plans": [
                    {
                      "Node Type": "Seq Scan",
                      "Parent Relationship": "Outer",
                      "Parallel Aware": true,
                      "Relation Name": "cast_info",
                      "Alias": "ci",
                      "Startup Cost": 0.0,
                      "Total Cost": 313067.02,
                      "Plan Rows": 6038002,
                      "Plan Width": 4,
                      "Actual Startup Time": 0.018,
                      "Actual Total Time": 500.676,
                      "Actual Rows": 5177763,
                      "Actual Loops": 7
                    },
                    {
                      "Node Type": "Hash",
                      "Parent Relationship": "Inner",
                      "Parallel Aware": true,
                      "Startup Cost": 91762.96,
                      "Total Cost": 91762.96,
                      "Plan Rows": 154988,
                      "Plan Width": 8,
                      "Actual Startup Time": 279.894,
                      "Actual Total Time": 280.1,
                      "Actual Rows": 147536,
                      "Actual Loops": 7,
                      "Hash Buckets": 1048576,
                      "Original Hash Buckets": 524288,
                      "Hash Batches": 1,
                      "Original Hash Batches": 1,
                      "Peak Memory Usage": 52768,
                      "Plans": [
                        {
                          "Node Type": "Hash Join",
                          "Parent Relationship": "Outer",
                          "Parallel Aware": true,
                          "Join Type": "Inner",
                          "Startup Cost": 47339.31,
                          "Total Cost": 91762.96,
                          "Plan Rows": 154988,
                          "Plan Width": 8,
                          "Actual Startup Time": 134.902,
                          "Actual Total Time": 227.729,
                          "Actual Rows": 147536,
                          "Actual Loops": 7,
                          "Inner Unique": true,
                          "Hash Cond": "(mk.movie_id = t.id)",
                          "Plans": [
                            {
                              "Node Type": "Seq Scan",
                              "Parent Relationship": "Outer",
                              "Parallel Aware": true,
                              "Relation Name": "movie_keyword",
                              "Alias": "mk",
                              "Startup Cost": 0.0,
                              "Total Cost": 42695.65,
                              "Plan Rows": 658284,
                              "Plan Width": 4,
                              "Actual Startup Time": 0.025,
                              "Actual Total Time": 66.924,
                              "Actual Rows": 291303,
                              "Actual Loops": 7,
                              "Filter": "(keyword_id < 3644)",
                              "Rows Removed by Filter": 354972
                            },
                            {
                              "Node Type": "Hash",
                              "Parent Relationship": "Inner",
                              "Parallel Aware": true,
                              "Startup Cost": 45479.1,
                              "Total Cost": 45479.1,
                              "Plan Rows": 148817,
                              "Plan Width": 4,
                              "Actual Startup Time": 114.316,
                              "Actual Total Time": 114.317,
                              "Actual Rows": 68845,
                              "Actual Loops": 7,
                              "Hash Buckets": 1048576,
                              "Original Hash Buckets": 1048576,
                              "Hash Batches": 1,
                              "Original Hash Batches": 1,
                              "Peak Memory Usage": 27168,
                              "Plans": [
                                {
                                  "Node Type": "Seq Scan",
                                  "Parent Relationship": "Outer",
                                  "Parallel Aware": true,
                                  "Relation Name": "title",
                                  "Alias": "t",
                                  "Startup Cost": 0.0,
                                  "Total Cost": 45479.1,
                                  "Plan Rows": 148817,
                                  "Plan Width": 4,
                                  "Actual Startup Time": 44.301,
                                  "Actual Total Time": 78.774,
                                  "Actual Rows": 68845,
                                  "Actual Loops": 7,
                                  "Filter": "((production_year > 1954) AND (kind_id = 1))",
                                  "Rows Removed by Filter": 292343
                                }
                              ]
                            }
                          ]
                        }
                      ]
                    }
                  ]
                }
              ]
            }
          ]
        }
      ]
    },
    "Planning Time": 1.292,
    "Triggers": [],
    "Execution Time": 2760.664
  }
]