{
    "Plan": {
        "Node Type": "Aggregate",
        "Strategy": "Plain",
        "Partial Mode": "Finalize",
        "Parallel Aware": false,
        "Startup Cost": 255513.58,
        "Total Cost": 255513.59,
        "Plan Rows": 1,
        "Plan Width": 8,
        "Actual Startup Time": 1159.69,
        "Actual Total Time": 1191.21,
        "Actual Rows": 1,
        "Actual Loops": 1,
        "Output": [
            "count(*)"
        ],
        "Plans": [
            {
                "Node Type": "Gather",
                "Parent Relationship": "Outer",
                "Parallel Aware": false,
                "Startup Cost": 255512.95,
                "Total Cost": 255513.56,
                "Plan Rows": 6,
                "Plan Width": 8,
                "Actual Startup Time": 1142.101,
                "Actual Total Time": 1191.2,
                "Actual Rows": 7,
                "Actual Loops": 1,
                "Output": [
                    "(PARTIAL count(*))"
                ],
                "Workers Planned": 6,
                "Workers Launched": 6,
                "Single Copy": false,
                "Plans": [
                    {
                        "Node Type": "Aggregate",
                        "Strategy": "Plain",
                        "Partial Mode": "Partial",
                        "Parent Relationship": "Outer",
                        "Parallel Aware": false,
                        "Startup Cost": 254512.95,
                        "Total Cost": 254512.96,
                        "Plan Rows": 1,
                        "Plan Width": 8,
                        "Actual Startup Time": 1129.473,
                        "Actual Total Time": 1129.477,
                        "Actual Rows": 1,
                        "Actual Loops": 7,
                        "Output": [
                            "PARTIAL count(*)"
                        ],
                        "Workers": [
                            {
                                "Worker Number": 0,
                                "Actual Startup Time": 1127.335,
                                "Actual Total Time": 1127.339,
                                "Actual Rows": 1,
                                "Actual Loops": 1
                            },
                            {
                                "Worker Number": 1,
                                "Actual Startup Time": 1127.277,
                                "Actual Total Time": 1127.281,
                                "Actual Rows": 1,
                                "Actual Loops": 1
                            },
                            {
                                "Worker Number": 2,
                                "Actual Startup Time": 1127.641,
                                "Actual Total Time": 1127.643,
                                "Actual Rows": 1,
                                "Actual Loops": 1
                            },
                            {
                                "Worker Number": 3,
                                "Actual Startup Time": 1128.756,
                                "Actual Total Time": 1128.759,
                                "Actual Rows": 1,
                                "Actual Loops": 1
                            },
                            {
                                "Worker Number": 4,
                                "Actual Startup Time": 1126.64,
                                "Actual Total Time": 1126.644,
                                "Actual Rows": 1,
                                "Actual Loops": 1
                            },
                            {
                                "Worker Number": 5,
                                "Actual Startup Time": 1127.316,
                                "Actual Total Time": 1127.319,
                                "Actual Rows": 1,
                                "Actual Loops": 1
                            }
                        ],
                        "Plans": [
                            {
                                "Node Type": "Hash Join",
                                "Parent Relationship": "Outer",
                                "Parallel Aware": true,
                                "Join Type": "Inner",
                                "Startup Cost": 49702.6,
                                "Total Cost": 252868.13,
                                "Plan Rows": 657928,
                                "Plan Width": 0,
                                "Actual Startup Time": 226.471,
                                "Actual Total Time": 1081.201,
                                "Actual Rows": 801397,
                                "Actual Loops": 7,
                                "Inner Unique": true,
                                "Hash Cond": "(ci.movie_id = t.id)",
                                "Workers": [
                                    {
                                        "Worker Number": 0,
                                        "Actual Startup Time": 224.598,
                                        "Actual Total Time": 1078.559,
                                        "Actual Rows": 691902,
                                        "Actual Loops": 1
                                    },
                                    {
                                        "Worker Number": 1,
                                        "Actual Startup Time": 224.271,
                                        "Actual Total Time": 1078.741,
                                        "Actual Rows": 686781,
                                        "Actual Loops": 1
                                    },
                                    {
                                        "Worker Number": 2,
                                        "Actual Startup Time": 225.008,
                                        "Actual Total Time": 1076.463,
                                        "Actual Rows": 726518,
                                        "Actual Loops": 1
                                    },
                                    {
                                        "Worker Number": 3,
                                        "Actual Startup Time": 224.529,
                                        "Actual Total Time": 1080.238,
                                        "Actual Rows": 687141,
                                        "Actual Loops": 1
                                    },
                                    {
                                        "Worker Number": 4,
                                        "Actual Startup Time": 223.798,
                                        "Actual Total Time": 1074.95,
                                        "Actual Rows": 733739,
                                        "Actual Loops": 1
                                    },
                                    {
                                        "Worker Number": 5,
                                        "Actual Startup Time": 224.569,
                                        "Actual Total Time": 1083.903,
                                        "Actual Rows": 999877,
                                        "Actual Loops": 1
                                    }
                                ],
                                "Plans": [
                                    {
                                        "Node Type": "Index Scan",
                                        "Parent Relationship": "Outer",
                                        "Parallel Aware": true,
                                        "Scan Direction": "Forward",
                                        "Index Name": "role_id_cast_info",
                                        "Relation Name": "cast_info",
                                        "Schema": "public",
                                        "Alias": "ci",
                                        "Startup Cost": 0.56,
                                        "Total Cost": 200814.65,
                                        "Plan Rows": 895790,
                                        "Plan Width": 4,
                                        "Actual Startup Time": 0.199,
                                        "Actual Total Time": 308.517,
                                        "Actual Rows": 1064328,
                                        "Actual Loops": 7,
                                        "Output": [
                                            "ci.id",
                                            "ci.person_id",
                                            "ci.movie_id",
                                            "ci.person_role_id",
                                            "ci.note",
                                            "ci.nr_order",
                                            "ci.role_id"
                                        ],
                                        "Index Cond": "(ci.role_id = 2)",
                                        "Rows Removed by Index Recheck": 0,
                                        "Filter": "(ci.person_id > 999538)",
                                        "Rows Removed by Filter": 240,
                                        "Workers": [
                                            {
                                                "Worker Number": 0,
                                                "Actual Startup Time": 0.101,
                                                "Actual Total Time": 317.564,
                                                "Actual Rows": 913931,
                                                "Actual Loops": 1
                                            },
                                            {
                                                "Worker Number": 1,
                                                "Actual Startup Time": 0.115,
                                                "Actual Total Time": 315.794,
                                                "Actual Rows": 912163,
                                                "Actual Loops": 1
                                            },
                                            {
                                                "Worker Number": 2,
                                                "Actual Startup Time": 0.374,
                                                "Actual Total Time": 326.992,
                                                "Actual Rows": 964046,
                                                "Actual Loops": 1
                                            },
                                            {
                                                "Worker Number": 3,
                                                "Actual Startup Time": 0.296,
                                                "Actual Total Time": 317.398,
                                                "Actual Rows": 914941,
                                                "Actual Loops": 1
                                            },
                                            {
                                                "Worker Number": 4,
                                                "Actual Startup Time": 0.127,
                                                "Actual Total Time": 328.264,
                                                "Actual Rows": 972822,
                                                "Actual Loops": 1
                                            },
                                            {
                                                "Worker Number": 5,
                                                "Actual Startup Time": 0.185,
                                                "Actual Total Time": 299.113,
                                                "Actual Rows": 1329952,
                                                "Actual Loops": 1
                                            }
                                        ]
                                    },
                                    {
                                        "Node Type": "Hash",
                                        "Parent Relationship": "Inner",
                                        "Parallel Aware": true,
                                        "Startup Cost": 43899.01,
                                        "Total Cost": 43899.01,
                                        "Plan Rows": 464242,
                                        "Plan Width": 4,
                                        "Actual Startup Time": 221.983,
                                        "Actual Total Time": 221.985,
                                        "Actual Rows": 266498,
                                        "Actual Loops": 7,
                                        "Output": [
                                            "t.id"
                                        ],
                                        "Hash Buckets": 2097152,
                                        "Original Hash Buckets": 2097152,
                                        "Hash Batches": 1,
                                        "Original Hash Batches": 1,
                                        "Peak Memory Usage": 89472,
                                        "Workers": [
                                            {
                                                "Worker Number": 0,
                                                "Actual Startup Time": 223.952,
                                                "Actual Total Time": 223.953,
                                                "Actual Rows": 216576,
                                                "Actual Loops": 1
                                            },
                                            {
                                                "Worker Number": 1,
                                                "Actual Startup Time": 223.581,
                                                "Actual Total Time": 223.582,
                                                "Actual Rows": 218005,
                                                "Actual Loops": 1
                                            },
                                            {
                                                "Worker Number": 2,
                                                "Actual Startup Time": 224.14,
                                                "Actual Total Time": 224.141,
                                                "Actual Rows": 234921,
                                                "Actual Loops": 1
                                            },
                                            {
                                                "Worker Number": 3,
                                                "Actual Startup Time": 223.582,
                                                "Actual Total Time": 223.583,
                                                "Actual Rows": 220621,
                                                "Actual Loops": 1
                                            },
                                            {
                                                "Worker Number": 4,
                                                "Actual Startup Time": 223.254,
                                                "Actual Total Time": 223.255,
                                                "Actual Rows": 234508,
                                                "Actual Loops": 1
                                            },
                                            {
                                                "Worker Number": 5,
                                                "Actual Startup Time": 223.841,
                                                "Actual Total Time": 223.842,
                                                "Actual Rows": 314941,
                                                "Actual Loops": 1
                                            }
                                        ],
                                        "Plans": [
                                            {
                                                "Node Type": "Seq Scan",
                                                "Parent Relationship": "Outer",
                                                "Parallel Aware": true,
                                                "Relation Name": "title",
                                                "Schema": "public",
                                                "Alias": "t",
                                                "Startup Cost": 0.0,
                                                "Total Cost": 43899.01,
                                                "Plan Rows": 464242,
                                                "Plan Width": 4,
                                                "Actual Startup Time": 0.06,
                                                "Actual Total Time": 86.761,
                                                "Actual Rows": 266498,
                                                "Actual Loops": 7,
                                                "Output": [
                                                    "t.id"
                                                ],
                                                "Filter": "(t.kind_id > 1)",
                                                "Rows Removed by Filter": 94689,
                                                "Workers": [
                                                    {
                                                        "Worker Number": 0,
                                                        "Actual Startup Time": 0.073,
                                                        "Actual Total Time": 89.632,
                                                        "Actual Rows": 216576,
                                                        "Actual Loops": 1
                                                    },
                                                    {
                                                        "Worker Number": 1,
                                                        "Actual Startup Time": 0.067,
                                                        "Actual Total Time": 89.345,
                                                        "Actual Rows": 218005,
                                                        "Actual Loops": 1
                                                    },
                                                    {
                                                        "Worker Number": 2,
                                                        "Actual Startup Time": 0.069,
                                                        "Actual Total Time": 91.019,
                                                        "Actual Rows": 234921,
                                                        "Actual Loops": 1
                                                    },
                                                    {
                                                        "Worker Number": 3,
                                                        "Actual Startup Time": 0.062,
                                                        "Actual Total Time": 88.747,
                                                        "Actual Rows": 220621,
                                                        "Actual Loops": 1
                                                    },
                                                    {
                                                        "Worker Number": 4,
                                                        "Actual Startup Time": 0.065,
                                                        "Actual Total Time": 90.739,
                                                        "Actual Rows": 234508,
                                                        "Actual Loops": 1
                                                    },
                                                    {
                                                        "Worker Number": 5,
                                                        "Actual Startup Time": 0.067,
                                                        "Actual Total Time": 86.591,
                                                        "Actual Rows": 314941,
                                                        "Actual Loops": 1
                                                    }
                                                ]
                                            }
                                        ]
                                    }
                                ]
                            }
                        ]
                    }
                ]
            }
        ]
    },
    "Planning Time": 0.599,
    "Triggers": [],
    "Execution Time": 1191.284
}