{
  "Plan": {
    "Node Type": "Aggregate",
    "Strategy": "Plain",
    "Partial Mode": "Finalize",
    "Parallel Aware": false,
    "Startup Cost": 123310.91,
    "Total Cost": 123310.92,
    "Plan Rows": 1,
    "Plan Width": 8,
    "Actual Startup Time": 626.105,
    "Actual Total Time": 637.763,
    "Actual Rows": 1,
    "Actual Loops": 1,
    "Plans": [
      {
        "Node Type": "Gather",
        "Parent Relationship": "Outer",
        "Parallel Aware": false,
        "Startup Cost": 123310.8,
        "Total Cost": 123310.91,
        "Plan Rows": 1,
        "Plan Width": 8,
        "Actual Startup Time": 625.424,
        "Actual Total Time": 637.756,
        "Actual Rows": 2,
        "Actual Loops": 1,
        "Workers Planned": 1,
        "Workers Launched": 1,
        "Single Copy": false,
        "Plans": [
          {
            "Node Type": "Aggregate",
            "Strategy": "Plain",
            "Partial Mode": "Partial",
            "Parent Relationship": "Outer",
            "Parallel Aware": false,
            "Startup Cost": 122310.8,
            "Total Cost": 122310.81,
            "Plan Rows": 1,
            "Plan Width": 8,
            "Actual Startup Time": 619.347,
            "Actual Total Time": 619.352,
            "Actual Rows": 1,
            "Actual Loops": 2,
            "Plans": [
              {
                "Node Type": "Nested Loop",
                "Parent Relationship": "Outer",
                "Parallel Aware": false,
                "Join Type": "Inner",
                "Startup Cost": 53797.93,
                "Total Cost": 122266.38,
                "Plan Rows": 17770,
                "Plan Width": 0,
                "Actual Startup Time": 158.255,
                "Actual Total Time": 599.617,
                "Actual Rows": 494786,
                "Actual Loops": 2,
                "Inner Unique": false,
                "Join Filter": "(t.id = mc.movie_id)",
                "Rows Removed by Join Filter": 0,
                "Plans": [
                  {
                    "Node Type": "Hash Join",
                    "Parent Relationship": "Outer",
                    "Parallel Aware": true,
                    "Join Type": "Inner",
                    "Startup Cost": 53797.5,
                    "Total Cost": 111848.34,
                    "Plan Rows": 17219,
                    "Plan Width": 8,
                    "Actual Startup Time": 158.178,
                    "Actual Total Time": 403.699,
                    "Actual Rows": 34417,
                    "Actual Loops": 2,
                    "Inner Unique": true,
                    "Hash Cond": "(mk.movie_id = t.id)",
                    "Plans": [
                      {
                        "Node Type": "Seq Scan",
                        "Parent Relationship": "Outer",
                        "Parallel Aware": true,
                        "Relation Name": "movie_keyword",
                        "Alias": "mk",
                        "Startup Cost": 0.0,
                        "Total Cost": 51065.35,
                        "Plan Rows": 2661135,
                        "Plan Width": 4,
                        "Actual Startup Time": 0.013,
                        "Actual Total Time": 154.018,
                        "Actual Rows": 2261965,
                        "Actual Loops": 2
                      },
                      {
                        "Node Type": "Hash",
                        "Parent Relationship": "Inner",
                        "Parallel Aware": true,
                        "Startup Cost": 53677.2,
                        "Total Cost": 53677.2,
                        "Plan Rows": 9624,
                        "Plan Width": 4,
                        "Actual Startup Time": 99.682,
                        "Actual Total Time": 99.684,
                        "Actual Rows": 4852,
                        "Actual Loops": 2,
                        "Hash Buckets": 16384,
                        "Original Hash Buckets": 16384,
                        "Hash Batches": 1,
                        "Original Hash Batches": 1,
                        "Peak Memory Usage": 544,
                        "Plans": [
                          {
                            "Node Type": "Bitmap Heap Scan",
                            "Parent Relationship": "Outer",
                            "Parallel Aware": true,
                            "Relation Name": "title",
                            "Alias": "t",
                            "Startup Cost": 11826.94,
                            "Total Cost": 53677.2,
                            "Plan Rows": 9624,
                            "Plan Width": 4,
                            "Actual Startup Time": 37.142,
                            "Actual Total Time": 97.921,
                            "Actual Rows": 4852,
                            "Actual Loops": 2,
                            "Recheck Cond": "(kind_id = 1)",
                            "Rows Removed by Index Recheck": 0,
                            "Filter": "(production_year = 2002)",
                            "Rows Removed by Filter": 326560,
                            "Exact Heap Blocks": 9133,
                            "Lossy Heap Blocks": 0,
                            "Plans": [
                              {
                                "Node Type": "Bitmap Index Scan",
                                "Parent Relationship": "Outer",
                                "Parallel Aware": false,
                                "Index Name": "kind_id_title",
                                "Startup Cost": 0.0,
                                "Total Cost": 11822.85,
                                "Plan Rows": 663256,
                                "Plan Width": 0,
                                "Actual Startup Time": 39.995,
                                "Actual Total Time": 39.995,
                                "Actual Rows": 662825,
                                "Actual Loops": 1,
                                "Index Cond": "(kind_id = 1)"
                              }
                            ]
                          }
                        ]
                      }
                    ]
                  },
                  {
                    "Node Type": "Index Only Scan",
                    "Parent Relationship": "Inner",
                    "Parallel Aware": false,
                    "Scan Direction": "Forward",
                    "Index Name": "movie_id_movie_companies",
                    "Relation Name": "movie_companies",
                    "Alias": "mc",
                    "Startup Cost": 0.43,
                    "Total Cost": 0.54,
                    "Plan Rows": 5,
                    "Plan Width": 4,
                    "Actual Startup Time": 0.002,
                    "Actual Total Time": 0.004,
                    "Actual Rows": 14,
                    "Actual Loops": 68834,
                    "Index Cond": "(movie_id = mk.movie_id)",
                    "Rows Removed by Index Recheck": 0,
                    "Heap Fetches": 989573
                  }
                ]
              }
            ]
          }
        ]
      }
    ]
  },
  "Planning Time": 0.947,
  "Triggers": [],
  "Execution Time": 637.87
}