[
  {
    "Plan": {
      "Node Type": "Aggregate",
      "Strategy": "Plain",
      "Partial Mode": "Finalize",
      "Parallel Aware": false,
      "Startup Cost": 219587.11,
      "Total Cost": 219587.12,
      "Plan Rows": 1,
      "Plan Width": 8,
      "Actual Startup Time": 110.998,
      "Actual Total Time": 129.316,
      "Actual Rows": 1,
      "Actual Loops": 1,
      "Plans": [
        {
          "Node Type": "Gather",
          "Parent Relationship": "Outer",
          "Parallel Aware": false,
          "Startup Cost": 219586.69,
          "Total Cost": 219587.1,
          "Plan Rows": 4,
          "Plan Width": 8,
          "Actual Startup Time": 110.903,
          "Actual Total Time": 129.31,
          "Actual Rows": 5,
          "Actual Loops": 1,
          "Workers Planned": 4,
          "Workers Launched": 4,
          "Single Copy": false,
          "Plans": [
            {
              "Node Type": "Aggregate",
              "Strategy": "Plain",
              "Partial Mode": "Partial",
              "Parent Relationship": "Outer",
              "Parallel Aware": false,
              "Startup Cost": 218586.69,
              "Total Cost": 218586.7,
              "Plan Rows": 1,
              "Plan Width": 8,
              "Actual Startup Time": 105.192,
              "Actual Total Time": 105.194,
              "Actual Rows": 1,
              "Actual Loops": 5,
              "Plans": [
                {
                  "Node Type": "Nested Loop",
                  "Parent Relationship": "Outer",
                  "Parallel Aware": false,
                  "Join Type": "Inner",
                  "Startup Cost": 0.43,
                  "Total Cost": 218582.66,
                  "Plan Rows": 1614,
                  "Plan Width": 0,
                  "Actual Startup Time": 0.318,
                  "Actual Total Time": 105.005,
                  "Actual Rows": 1523,
                  "Actual Loops": 5,
                  "Inner Unique": false,
                  "Plans": [
                    {
                      "Node Type": "Seq Scan",
                      "Parent Relationship": "Outer",
                      "Parallel Aware": true,
                      "Relation Name": "title",
                      "Alias": "t",
                      "Startup Cost": 0.0,
                      "Total Cost": 43899.01,
                      "Plan Rows": 3118,
                      "Plan Width": 4,
                      "Actual Startup Time": 0.114,
                      "Actual Total Time": 59.703,
                      "Actual Rows": 2215,
                      "Actual Loops": 5,
                      "Filter": "(production_year = 1961)",
                      "Rows Removed by Filter": 503448
                    },
                    {
                      "Node Type": "Index Scan",
                      "Parent Relationship": "Inner",
                      "Parallel Aware": false,
                      "Scan Direction": "Forward",
                      "Index Name": "movie_id_movie_info",
                      "Relation Name": "movie_info",
                      "Alias": "mi",
                      "Startup Cost": 0.43,
                      "Total Cost": 55.99,
                      "Plan Rows": 3,
                      "Plan Width": 4,
                      "Actual Startup Time": 0.017,
                      "Actual Total Time": 0.02,
                      "Actual Rows": 1,
                      "Actual Loops": 11073,
                      "Index Cond": "(movie_id = t.id)",
                      "Rows Removed by Index Recheck": 0,
                      "Filter": "(info_type_id = 2)",
                      "Rows Removed by Filter": 7
                    }
                  ]
                }
              ]
            }
          ]
        }
      ]
    },
    "Planning Time": 0.225,
    "Triggers": [],
    "Execution Time": 129.348
  }
]