[
    {
        "Bao": {
            "Bao prediction": "NaN",
            "Bao recommended hint": "(no hint)"
        }
    },
    {
        "Plan": {
            "Node Type": "Aggregate",
            "Strategy": "Plain",
            "Partial Mode": "Finalize",
            "Parallel Aware": false,
            "Startup Cost": 66250.71,
            "Total Cost": 66250.72,
            "Plan Rows": 1,
            "Plan Width": 8,
            "Actual Startup Time": 115.611,
            "Actual Total Time": 126.291,
            "Actual Rows": 1,
            "Actual Loops": 1,
            "Output": [
                "count(*)"
            ],
            "Plans": [
                {
                    "Node Type": "Gather",
                    "Parent Relationship": "Outer",
                    "Parallel Aware": false,
                    "Startup Cost": 66250.4,
                    "Total Cost": 66250.71,
                    "Plan Rows": 3,
                    "Plan Width": 8,
                    "Actual Startup Time": 115.398,
                    "Actual Total Time": 126.285,
                    "Actual Rows": 4,
                    "Actual Loops": 1,
                    "Output": [
                        "(PARTIAL count(*))"
                    ],
                    "Workers Planned": 3,
                    "Workers Launched": 3,
                    "Single Copy": false,
                    "Plans": [
                        {
                            "Node Type": "Aggregate",
                            "Strategy": "Plain",
                            "Partial Mode": "Partial",
                            "Parent Relationship": "Outer",
                            "Parallel Aware": false,
                            "Startup Cost": 65250.4,
                            "Total Cost": 65250.41,
                            "Plan Rows": 1,
                            "Plan Width": 8,
                            "Actual Startup Time": 106.783,
                            "Actual Total Time": 106.786,
                            "Actual Rows": 1,
                            "Actual Loops": 4,
                            "Output": [
                                "PARTIAL count(*)"
                            ],
                            "Workers": [
                                {
                                    "Worker Number": 0,
                                    "Actual Startup Time": 103.774,
                                    "Actual Total Time": 103.777,
                                    "Actual Rows": 1,
                                    "Actual Loops": 1
                                },
                                {
                                    "Worker Number": 1,
                                    "Actual Startup Time": 103.905,
                                    "Actual Total Time": 103.908,
                                    "Actual Rows": 1,
                                    "Actual Loops": 1
                                },
                                {
                                    "Worker Number": 2,
                                    "Actual Startup Time": 104.373,
                                    "Actual Total Time": 104.377,
                                    "Actual Rows": 1,
                                    "Actual Loops": 1
                                }
                            ],
                            "Plans": [
                                {
                                    "Node Type": "Hash Join",
                                    "Parent Relationship": "Outer",
                                    "Parallel Aware": true,
                                    "Join Type": "Inner",
                                    "Startup Cost": 45998.2,
                                    "Total Cost": 65249.96,
                                    "Plan Rows": 175,
                                    "Plan Width": 0,
                                    "Actual Startup Time": 93.709,
                                    "Actual Total Time": 106.757,
                                    "Actual Rows": 108,
                                    "Actual Loops": 4,
                                    "Inner Unique": true,
                                    "Hash Cond": "(mc.movie_id = t.id)",
                                    "Workers": [
                                        {
                                            "Worker Number": 0,
                                            "Actual Startup Time": 90.975,
                                            "Actual Total Time": 103.746,
                                            "Actual Rows": 63,
                                            "Actual Loops": 1
                                        },
                                        {
                                            "Worker Number": 1,
                                            "Actual Startup Time": 91.161,
                                            "Actual Total Time": 103.873,
                                            "Actual Rows": 103,
                                            "Actual Loops": 1
                                        },
                                        {
                                            "Worker Number": 2,
                                            "Actual Startup Time": 90.882,
                                            "Actual Total Time": 104.349,
                                            "Actual Rows": 105,
                                            "Actual Loops": 1
                                        }
                                    ],
                                    "Plans": [
                                        {
                                            "Node Type": "Bitmap Heap Scan",
                                            "Parent Relationship": "Outer",
                                            "Parallel Aware": true,
                                            "Relation Name": "movie_companies",
                                            "Schema": "public",
                                            "Alias": "mc",
                                            "Startup Cost": 2053.9,
                                            "Total Cost": 21225.51,
                                            "Plan Rows": 30529,
                                            "Plan Width": 4,
                                            "Actual Startup Time": 5.776,
                                            "Actual Total Time": 15.39,
                                            "Actual Rows": 24157,
                                            "Actual Loops": 4,
                                            "Output": [
                                                "mc.id",
                                                "mc.movie_id",
                                                "mc.company_id",
                                                "mc.company_type_id",
                                                "mc.note"
                                            ],
                                            "Recheck Cond": "(mc.company_id > 159586)",
                                            "Rows Removed by Index Recheck": 0,
                                            "Exact Heap Blocks": 1231,
                                            "Lossy Heap Blocks": 0,
                                            "Workers": [
                                                {
                                                    "Worker Number": 0,
                                                    "Actual Startup Time": 5.835,
                                                    "Actual Total Time": 15.578,
                                                    "Actual Rows": 16863,
                                                    "Actual Loops": 1
                                                },
                                                {
                                                    "Worker Number": 1,
                                                    "Actual Startup Time": 6.112,
                                                    "Actual Total Time": 15.632,
                                                    "Actual Rows": 17137,
                                                    "Actual Loops": 1
                                                },
                                                {
                                                    "Worker Number": 2,
                                                    "Actual Startup Time": 5.626,
                                                    "Actual Total Time": 15.761,
                                                    "Actual Rows": 24084,
                                                    "Actual Loops": 1
                                                }
                                            ],
                                            "Plans": [
                                                {
                                                    "Node Type": "Bitmap Index Scan",
                                                    "Parent Relationship": "Outer",
                                                    "Parallel Aware": false,
                                                    "Index Name": "company_id_movie_companies",
                                                    "Startup Cost": 0.0,
                                                    "Total Cost": 2030.24,
                                                    "Plan Rows": 94641,
                                                    "Plan Width": 0,
                                                    "Actual Startup Time": 5.144,
                                                    "Actual Total Time": 5.145,
                                                    "Actual Rows": 96627,
                                                    "Actual Loops": 1,
                                                    "Index Cond": "(mc.company_id > 159586)"
                                                }
                                            ]
                                        },
                                        {
                                            "Node Type": "Hash",
                                            "Parent Relationship": "Inner",
                                            "Parallel Aware": true,
                                            "Startup Cost": 43899.01,
                                            "Total Cost": 43899.01,
                                            "Plan Rows": 3624,
                                            "Plan Width": 4,
                                            "Actual Startup Time": 87.203,
                                            "Actual Total Time": 87.203,
                                            "Actual Rows": 3266,
                                            "Actual Loops": 4,
                                            "Output": [
                                                "t.id"
                                            ],
                                            "Hash Buckets": 16384,
                                            "Original Hash Buckets": 16384,
                                            "Hash Batches": 1,
                                            "Original Hash Batches": 1,
                                            "Peak Memory Usage": 704,
                                            "Workers": [
                                                {
                                                    "Worker Number": 0,
                                                    "Actual Startup Time": 84.206,
                                                    "Actual Total Time": 84.206,
                                                    "Actual Rows": 2021,
                                                    "Actual Loops": 1
                                                },
                                                {
                                                    "Worker Number": 1,
                                                    "Actual Startup Time": 84.299,
                                                    "Actual Total Time": 84.3,
                                                    "Actual Rows": 1998,
                                                    "Actual Loops": 1
                                                },
                                                {
                                                    "Worker Number": 2,
                                                    "Actual Startup Time": 84.831,
                                                    "Actual Total Time": 84.832,
                                                    "Actual Rows": 3047,
                                                    "Actual Loops": 1
                                                }
                                            ],
                                            "Plans": [
                                                {
                                                    "Node Type": "Seq Scan",
                                                    "Parent Relationship": "Outer",
                                                    "Parallel Aware": true,
                                                    "Relation Name": "title",
                                                    "Schema": "public",
                                                    "Alias": "t",
                                                    "Startup Cost": 0.0,
                                                    "Total Cost": 43899.01,
                                                    "Plan Rows": 3624,
                                                    "Plan Width": 4,
                                                    "Actual Startup Time": 0.12,
                                                    "Actual Total Time": 85.49,
                                                    "Actual Rows": 3266,
                                                    "Actual Loops": 4,
                                                    "Output": [
                                                        "t.id"
                                                    ],
                                                    "Filter": "(t.production_year = 1965)",
                                                    "Rows Removed by Filter": 628812,
                                                    "Workers": [
                                                        {
                                                            "Worker Number": 0,
                                                            "Actual Startup Time": 0.089,
                                                            "Actual Total Time": 82.521,
                                                            "Actual Rows": 2021,
                                                            "Actual Loops": 1
                                                        },
                                                        {
                                                            "Worker Number": 1,
                                                            "Actual Startup Time": 0.092,
                                                            "Actual Total Time": 82.591,
                                                            "Actual Rows": 1998,
                                                            "Actual Loops": 1
                                                        },
                                                        {
                                                            "Worker Number": 2,
                                                            "Actual Startup Time": 0.171,
                                                            "Actual Total Time": 83.085,
                                                            "Actual Rows": 3047,
                                                            "Actual Loops": 1
                                                        }
                                                    ]
                                                }
                                            ]
                                        }
                                    ]
                                }
                            ]
                        }
                    ]
                }
            ]
        },
        "Planning Time": 201.749,
        "Triggers": [],
        "Execution Time": 126.354
    }
]