{
  "Plan": {
    "Node Type": "Aggregate",
    "Strategy": "Plain",
    "Partial Mode": "Finalize",
    "Parallel Aware": false,
    "Startup Cost": 202165.59,
    "Total Cost": 202165.6,
    "Plan Rows": 1,
    "Plan Width": 8,
    "Actual Startup Time": 1043.053,
    "Actual Total Time": 1068.213,
    "Actual Rows": 1,
    "Actual Loops": 1,
    "Plans": [
      {
        "Node Type": "Gather",
        "Parent Relationship": "Outer",
        "Parallel Aware": false,
        "Startup Cost": 202165.47,
        "Total Cost": 202165.58,
        "Plan Rows": 1,
        "Plan Width": 8,
        "Actual Startup Time": 1041.017,
        "Actual Total Time": 1068.203,
        "Actual Rows": 2,
        "Actual Loops": 1,
        "Workers Planned": 1,
        "Workers Launched": 1,
        "Single Copy": false,
        "Plans": [
          {
            "Node Type": "Aggregate",
            "Strategy": "Plain",
            "Partial Mode": "Partial",
            "Parent Relationship": "Outer",
            "Parallel Aware": false,
            "Startup Cost": 201165.47,
            "Total Cost": 201165.48,
            "Plan Rows": 1,
            "Plan Width": 8,
            "Actual Startup Time": 1035.535,
            "Actual Total Time": 1035.538,
            "Actual Rows": 1,
            "Actual Loops": 2,
            "Plans": [
              {
                "Node Type": "Hash Join",
                "Parent Relationship": "Outer",
                "Parallel Aware": true,
                "Join Type": "Inner",
                "Startup Cost": 58567.38,
                "Total Cost": 199785.9,
                "Plan Rows": 551828,
                "Plan Width": 0,
                "Actual Startup Time": 251.248,
                "Actual Total Time": 1028.019,
                "Actual Rows": 136786,
                "Actual Loops": 2,
                "Inner Unique": true,
                "Hash Cond": "(ci.movie_id = t.id)",
                "Plans": [
                  {
                    "Node Type": "Index Scan",
                    "Parent Relationship": "Outer",
                    "Parallel Aware": true,
                    "Scan Direction": "Forward",
                    "Index Name": "role_id_cast_info",
                    "Relation Name": "cast_info",
                    "Alias": "ci",
                    "Startup Cost": 0.56,
                    "Total Cost": 134450.3,
                    "Plan Rows": 2578582,
                    "Plan Width": 4,
                    "Actual Startup Time": 0.205,
                    "Actual Total Time": 346.958,
                    "Actual Rows": 2161509,
                    "Actual Loops": 2,
                    "Index Cond": "(role_id = 10)",
                    "Rows Removed by Index Recheck": 0
                  },
                  {
                    "Node Type": "Hash",
                    "Parent Relationship": "Inner",
                    "Parallel Aware": true,
                    "Startup Cost": 54588.39,
                    "Total Cost": 54588.39,
                    "Plan Rows": 318274,
                    "Plan Width": 4,
                    "Actual Startup Time": 243.226,
                    "Actual Total Time": 243.227,
                    "Actual Rows": 276480,
                    "Actual Loops": 2,
                    "Hash Buckets": 1048576,
                    "Original Hash Buckets": 1048576,
                    "Hash Batches": 1,
                    "Original Hash Batches": 1,
                    "Peak Memory Usage": 29856,
                    "Plans": [
                      {
                        "Node Type": "Seq Scan",
                        "Parent Relationship": "Outer",
                        "Parallel Aware": true,
                        "Relation Name": "title",
                        "Alias": "t",
                        "Startup Cost": 0.0,
                        "Total Cost": 54588.39,
                        "Plan Rows": 318274,
                        "Plan Width": 4,
                        "Actual Startup Time": 0.031,
                        "Actual Total Time": 164.21,
                        "Actual Rows": 276480,
                        "Actual Loops": 2,
                        "Filter": "(production_year < 1983)",
                        "Rows Removed by Filter": 987676
                      }
                    ]
                  }
                ]
              }
            ]
          }
        ]
      }
    ]
  },
  "Planning Time": 0.624,
  "Triggers": [],
  "Execution Time": 1068.27
}