[
    {
        "Bao": {
            "Bao prediction": "NaN",
            "Bao recommended hint": "(no hint)"
        }
    },
    {
        "Plan": {
            "Node Type": "Aggregate",
            "Strategy": "Plain",
            "Partial Mode": "Finalize",
            "Parallel Aware": false,
            "Startup Cost": 330618.7,
            "Total Cost": 330618.71,
            "Plan Rows": 1,
            "Plan Width": 8,
            "Actual Startup Time": 523.324,
            "Actual Total Time": 548.496,
            "Actual Rows": 1,
            "Actual Loops": 1,
            "Output": [
                "count(*)"
            ],
            "Plans": [
                {
                    "Node Type": "Gather",
                    "Parent Relationship": "Outer",
                    "Parallel Aware": false,
                    "Startup Cost": 330618.07,
                    "Total Cost": 330618.68,
                    "Plan Rows": 6,
                    "Plan Width": 8,
                    "Actual Startup Time": 523.241,
                    "Actual Total Time": 548.486,
                    "Actual Rows": 7,
                    "Actual Loops": 1,
                    "Output": [
                        "(PARTIAL count(*))"
                    ],
                    "Workers Planned": 6,
                    "Workers Launched": 6,
                    "Single Copy": false,
                    "Plans": [
                        {
                            "Node Type": "Aggregate",
                            "Strategy": "Plain",
                            "Partial Mode": "Partial",
                            "Parent Relationship": "Outer",
                            "Parallel Aware": false,
                            "Startup Cost": 329618.07,
                            "Total Cost": 329618.08,
                            "Plan Rows": 1,
                            "Plan Width": 8,
                            "Actual Startup Time": 513.402,
                            "Actual Total Time": 513.402,
                            "Actual Rows": 1,
                            "Actual Loops": 7,
                            "Output": [
                                "PARTIAL count(*)"
                            ],
                            "Workers": [
                                {
                                    "Worker Number": 0,
                                    "Actual Startup Time": 510.869,
                                    "Actual Total Time": 510.87,
                                    "Actual Rows": 1,
                                    "Actual Loops": 1
                                },
                                {
                                    "Worker Number": 1,
                                    "Actual Startup Time": 511.524,
                                    "Actual Total Time": 511.526,
                                    "Actual Rows": 1,
                                    "Actual Loops": 1
                                },
                                {
                                    "Worker Number": 2,
                                    "Actual Startup Time": 511.554,
                                    "Actual Total Time": 511.555,
                                    "Actual Rows": 1,
                                    "Actual Loops": 1
                                },
                                {
                                    "Worker Number": 3,
                                    "Actual Startup Time": 511.852,
                                    "Actual Total Time": 511.853,
                                    "Actual Rows": 1,
                                    "Actual Loops": 1
                                },
                                {
                                    "Worker Number": 4,
                                    "Actual Startup Time": 512.582,
                                    "Actual Total Time": 512.583,
                                    "Actual Rows": 1,
                                    "Actual Loops": 1
                                },
                                {
                                    "Worker Number": 5,
                                    "Actual Startup Time": 512.762,
                                    "Actual Total Time": 512.763,
                                    "Actual Rows": 1,
                                    "Actual Loops": 1
                                }
                            ],
                            "Plans": [
                                {
                                    "Node Type": "Seq Scan",
                                    "Parent Relationship": "Outer",
                                    "Parallel Aware": true,
                                    "Relation Name": "cast_info",
                                    "Schema": "public",
                                    "Alias": "ci",
                                    "Startup Cost": 0.0,
                                    "Total Cost": 328213.62,
                                    "Plan Rows": 561783,
                                    "Plan Width": 0,
                                    "Actual Startup Time": 382.469,
                                    "Actual Total Time": 492.027,
                                    "Actual Rows": 486775,
                                    "Actual Loops": 7,
                                    "Output": [
                                        "id",
                                        "person_id",
                                        "movie_id",
                                        "person_role_id",
                                        "note",
                                        "nr_order",
                                        "role_id"
                                    ],
                                    "Filter": "(ci.person_id > 3437619)",
                                    "Rows Removed by Filter": 4690989,
                                    "Workers": [
                                        {
                                            "Worker Number": 0,
                                            "Actual Startup Time": 379.946,
                                            "Actual Total Time": 491.703,
                                            "Actual Rows": 461356,
                                            "Actual Loops": 1
                                        },
                                        {
                                            "Worker Number": 1,
                                            "Actual Startup Time": 380.604,
                                            "Actual Total Time": 489.727,
                                            "Actual Rows": 325211,
                                            "Actual Loops": 1
                                        },
                                        {
                                            "Worker Number": 2,
                                            "Actual Startup Time": 380.609,
                                            "Actual Total Time": 490.86,
                                            "Actual Rows": 490694,
                                            "Actual Loops": 1
                                        },
                                        {
                                            "Worker Number": 3,
                                            "Actual Startup Time": 380.919,
                                            "Actual Total Time": 492.76,
                                            "Actual Rows": 462287,
                                            "Actual Loops": 1
                                        },
                                        {
                                            "Worker Number": 4,
                                            "Actual Startup Time": 381.646,
                                            "Actual Total Time": 491.972,
                                            "Actual Rows": 489736,
                                            "Actual Loops": 1
                                        },
                                        {
                                            "Worker Number": 5,
                                            "Actual Startup Time": 381.826,
                                            "Actual Total Time": 492.035,
                                            "Actual Rows": 491771,
                                            "Actual Loops": 1
                                        }
                                    ]
                                }
                            ]
                        }
                    ]
                }
            ]
        },
        "Planning Time": 177.817,
        "Triggers": [],
        "Execution Time": 548.586
    }
]