[
  {
    "Plan": {
      "Node Type": "Aggregate",
      "Strategy": "Plain",
      "Partial Mode": "Finalize",
      "Parallel Aware": false,
      "Startup Cost": 391900.18,
      "Total Cost": 391900.19,
      "Plan Rows": 1,
      "Plan Width": 8,
      "Actual Startup Time": 1912.547,
      "Actual Total Time": 2013.713,
      "Actual Rows": 1,
      "Actual Loops": 1,
      "Plans": [
        {
          "Node Type": "Gather",
          "Parent Relationship": "Outer",
          "Parallel Aware": false,
          "Startup Cost": 391899.66,
          "Total Cost": 391900.17,
          "Plan Rows": 5,
          "Plan Width": 8,
          "Actual Startup Time": 1910.346,
          "Actual Total Time": 2013.701,
          "Actual Rows": 6,
          "Actual Loops": 1,
          "Workers Planned": 5,
          "Workers Launched": 5,
          "Single Copy": false,
          "Plans": [
            {
              "Node Type": "Aggregate",
              "Strategy": "Plain",
              "Partial Mode": "Partial",
              "Parent Relationship": "Outer",
              "Parallel Aware": false,
              "Startup Cost": 390899.66,
              "Total Cost": 390899.67,
              "Plan Rows": 1,
              "Plan Width": 8,
              "Actual Startup Time": 1903.266,
              "Actual Total Time": 1903.27,
              "Actual Rows": 1,
              "Actual Loops": 6,
              "Plans": [
                {
                  "Node Type": "Nested Loop",
                  "Parent Relationship": "Outer",
                  "Parallel Aware": false,
                  "Join Type": "Inner",
                  "Startup Cost": 45719.79,
                  "Total Cost": 389792.31,
                  "Plan Rows": 442940,
                  "Plan Width": 0,
                  "Actual Startup Time": 100.088,
                  "Actual Total Time": 1885.147,
                  "Actual Rows": 263084,
                  "Actual Loops": 6,
                  "Inner Unique": false,
                  "Join Filter": "(t.id = ci.movie_id)",
                  "Rows Removed by Join Filter": 0,
                  "Plans": [
                    {
                      "Node Type": "Hash Join",
                      "Parent Relationship": "Outer",
                      "Parallel Aware": true,
                      "Join Type": "Inner",
                      "Startup Cost": 45719.22,
                      "Total Cost": 245198.63,
                      "Plan Rows": 90054,
                      "Plan Width": 8,
                      "Actual Startup Time": 99.966,
                      "Actual Total Time": 797.024,
                      "Actual Rows": 33439,
                      "Actual Loops": 6,
                      "Inner Unique": true,
                      "Hash Cond": "(mi.movie_id = t.id)",
                      "Plans": [
                        {
                          "Node Type": "Seq Scan",
                          "Parent Relationship": "Outer",
                          "Parallel Aware": true,
                          "Relation Name": "movie_info",
                          "Alias": "mi",
                          "Startup Cost": 0.0,
                          "Total Cost": 191685.19,
                          "Plan Rows": 2969219,
                          "Plan Width": 4,
                          "Actual Startup Time": 0.038,
                          "Actual Total Time": 338.052,
                          "Actual Rows": 2472620,
                          "Actual Loops": 6
                        },
                        {
                          "Node Type": "Hash",
                          "Parent Relationship": "Inner",
                          "Parallel Aware": true,
                          "Startup Cost": 45479.59,
                          "Total Cost": 45479.59,
                          "Plan Rows": 19171,
                          "Plan Width": 4,
                          "Actual Startup Time": 97.802,
                          "Actual Total Time": 97.803,
                          "Actual Rows": 14114,
                          "Actual Loops": 6,
                          "Hash Buckets": 131072,
                          "Original Hash Buckets": 131072,
                          "Hash Batches": 1,
                          "Original Hash Batches": 1,
                          "Peak Memory Usage": 4416,
                          "Plans": [
                            {
                              "Node Type": "Seq Scan",
                              "Parent Relationship": "Outer",
                              "Parallel Aware": true,
                              "Relation Name": "title",
                              "Alias": "t",
                              "Startup Cost": 0.0,
                              "Total Cost": 45479.59,
                              "Plan Rows": 19171,
                              "Plan Width": 4,
                              "Actual Startup Time": 0.04,
                              "Actual Total Time": 90.643,
                              "Actual Rows": 14114,
                              "Actual Loops": 6,
                              "Filter": "((kind_id = 7) AND (production_year = 2009))",
                              "Rows Removed by Filter": 407271
                            }
                          ]
                        }
                      ]
                    },
                    {
                      "Node Type": "Index Scan",
                      "Parent Relationship": "Inner",
                      "Parallel Aware": false,
                      "Scan Direction": "Forward",
                      "Index Name": "movie_id_cast_info",
                      "Relation Name": "cast_info",
                      "Alias": "ci",
                      "Startup Cost": 0.56,
                      "Total Cost": 1.46,
                      "Plan Rows": 12,
                      "Plan Width": 4,
                      "Actual Startup Time": 0.006,
                      "Actual Total Time": 0.031,
                      "Actual Rows": 8,
                      "Actual Loops": 200632,
                      "Index Cond": "(movie_id = mi.movie_id)",
                      "Rows Removed by Index Recheck": 0,
                      "Filter": "((person_id < 3926384) AND (role_id < 2))",
                      "Rows Removed by Filter": 23
                    }
                  ]
                }
              ]
            }
          ]
        }
      ]
    },
    "Planning Time": 0.904,
    "Triggers": [],
    "Execution Time": 2013.797
  }
]