[
  {
    "Plan": {
      "Node Type": "Aggregate",
      "Strategy": "Plain",
      "Partial Mode": "Finalize",
      "Parallel Aware": false,
      "Startup Cost": 122228.3,
      "Total Cost": 122228.31,
      "Plan Rows": 1,
      "Plan Width": 8,
      "Actual Startup Time": 584.39,
      "Actual Total Time": 604.859,
      "Actual Rows": 1,
      "Actual Loops": 1,
      "Plans": [
        {
          "Node Type": "Gather",
          "Parent Relationship": "Outer",
          "Parallel Aware": false,
          "Startup Cost": 122227.98,
          "Total Cost": 122228.29,
          "Plan Rows": 3,
          "Plan Width": 8,
          "Actual Startup Time": 581.512,
          "Actual Total Time": 604.85,
          "Actual Rows": 4,
          "Actual Loops": 1,
          "Workers Planned": 3,
          "Workers Launched": 3,
          "Single Copy": false,
          "Plans": [
            {
              "Node Type": "Aggregate",
              "Strategy": "Plain",
              "Partial Mode": "Partial",
              "Parent Relationship": "Outer",
              "Parallel Aware": false,
              "Startup Cost": 121227.98,
              "Total Cost": 121227.99,
              "Plan Rows": 1,
              "Plan Width": 8,
              "Actual Startup Time": 571.963,
              "Actual Total Time": 572.118,
              "Actual Rows": 1,
              "Actual Loops": 4,
              "Plans": [
                {
                  "Node Type": "Hash Join",
                  "Parent Relationship": "Outer",
                  "Parallel Aware": true,
                  "Join Type": "Inner",
                  "Startup Cost": 75725.93,
                  "Total Cost": 120736.87,
                  "Plan Rows": 196446,
                  "Plan Width": 0,
                  "Actual Startup Time": 338.085,
                  "Actual Total Time": 543.863,
                  "Actual Rows": 704798,
                  "Actual Loops": 4,
                  "Inner Unique": false,
                  "Hash Cond": "(mk.movie_id = t.id)",
                  "Plans": [
                    {
                      "Node Type": "Seq Scan",
                      "Parent Relationship": "Outer",
                      "Parallel Aware": true,
                      "Relation Name": "movie_keyword",
                      "Alias": "mk",
                      "Startup Cost": 0.0,
                      "Total Cost": 39047.32,
                      "Plan Rows": 1459332,
                      "Plan Width": 4,
                      "Actual Startup Time": 0.031,
                      "Actual Total Time": 90.882,
                      "Actual Rows": 1130982,
                      "Actual Loops": 4
                    },
                    {
                      "Node Type": "Hash",
                      "Parent Relationship": "Inner",
                      "Parallel Aware": true,
                      "Startup Cost": 74662.36,
                      "Total Cost": 74662.36,
                      "Plan Rows": 85086,
                      "Plan Width": 8,
                      "Actual Startup Time": 303.691,
                      "Actual Total Time": 303.845,
                      "Actual Rows": 85454,
                      "Actual Loops": 4,
                      "Hash Buckets": 524288,
                      "Original Hash Buckets": 524288,
                      "Hash Batches": 1,
                      "Original Hash Batches": 1,
                      "Peak Memory Usage": 17504,
                      "Plans": [
                        {
                          "Node Type": "Hash Join",
                          "Parent Relationship": "Outer",
                          "Parallel Aware": true,
                          "Join Type": "Inner",
                          "Startup Cost": 28908.79,
                          "Total Cost": 74662.36,
                          "Plan Rows": 85086,
                          "Plan Width": 8,
                          "Actual Startup Time": 94.658,
                          "Actual Total Time": 278.167,
                          "Actual Rows": 85454,
                          "Actual Loops": 4,
                          "Inner Unique": false,
                          "Hash Cond": "(t.id = mc.movie_id)",
                          "Plans": [
                            {
                              "Node Type": "Seq Scan",
                              "Parent Relationship": "Outer",
                              "Parallel Aware": true,
                              "Relation Name": "title",
                              "Alias": "t",
                              "Startup Cost": 0.0,
                              "Total Cost": 42318.73,
                              "Plan Rows": 632073,
                              "Plan Width": 4,
                              "Actual Startup Time": 0.011,
                              "Actual Total Time": 72.667,
                              "Actual Rows": 632078,
                              "Actual Loops": 4
                            },
                            {
                              "Node Type": "Hash",
                              "Parent Relationship": "Inner",
                              "Parallel Aware": true,
                              "Startup Cost": 27536.44,
                              "Total Cost": 27536.44,
                              "Plan Rows": 109788,
                              "Plan Width": 4,
                              "Actual Startup Time": 85.54,
                              "Actual Total Time": 85.542,
                              "Actual Rows": 85454,
                              "Actual Loops": 4,
                              "Hash Buckets": 524288,
                              "Original Hash Buckets": 524288,
                              "Hash Batches": 1,
                              "Original Hash Batches": 1,
                              "Peak Memory Usage": 17536,
                              "Plans": [
                                {
                                  "Node Type": "Bitmap Heap Scan",
                                  "Parent Relationship": "Outer",
                                  "Parallel Aware": true,
                                  "Relation Name": "movie_companies",
                                  "Alias": "mc",
                                  "Startup Cost": 7374.09,
                                  "Total Cost": 27536.44,
                                  "Plan Rows": 109788,
                                  "Plan Width": 4,
                                  "Actual Startup Time": 23.611,
                                  "Actual Total Time": 53.037,
                                  "Actual Rows": 85454,
                                  "Actual Loops": 4,
                                  "Recheck Cond": "(company_id > 89108)",
                                  "Rows Removed by Index Recheck": 0,
                                  "Exact Heap Blocks": 2361,
                                  "Lossy Heap Blocks": 0,
                                  "Plans": [
                                    {
                                      "Node Type": "Bitmap Index Scan",
                                      "Parent Relationship": "Outer",
                                      "Parallel Aware": false,
                                      "Index Name": "company_id_movie_companies",
                                      "Startup Cost": 0.0,
                                      "Total Cost": 7289.0,
                                      "Plan Rows": 340343,
                                      "Plan Width": 0,
                                      "Actual Startup Time": 22.681,
                                      "Actual Total Time": 22.681,
                                      "Actual Rows": 341814,
                                      "Actual Loops": 1,
                                      "Index Cond": "(company_id > 89108)"
                                    }
                                  ]
                                }
                              ]
                            }
                          ]
                        }
                      ]
                    }
                  ]
                }
              ]
            }
          ]
        }
      ]
    },
    "Planning Time": 1.445,
    "Triggers": [],
    "Execution Time": 604.963
  }
]