{
  "Plan": {
    "Node Type": "Aggregate",
    "Strategy": "Plain",
    "Partial Mode": "Finalize",
    "Parallel Aware": false,
    "Startup Cost": 215471.06,
    "Total Cost": 215471.07,
    "Plan Rows": 1,
    "Plan Width": 8,
    "Actual Startup Time": 112.966,
    "Actual Total Time": 118.037,
    "Actual Rows": 1,
    "Actual Loops": 1,
    "Plans": [
      {
        "Node Type": "Gather",
        "Parent Relationship": "Outer",
        "Parallel Aware": false,
        "Startup Cost": 215470.95,
        "Total Cost": 215471.06,
        "Plan Rows": 1,
        "Plan Width": 8,
        "Actual Startup Time": 112.816,
        "Actual Total Time": 118.032,
        "Actual Rows": 2,
        "Actual Loops": 1,
        "Workers Planned": 1,
        "Workers Launched": 1,
        "Single Copy": false,
        "Plans": [
          {
            "Node Type": "Aggregate",
            "Strategy": "Plain",
            "Partial Mode": "Partial",
            "Parent Relationship": "Outer",
            "Parallel Aware": false,
            "Startup Cost": 214470.95,
            "Total Cost": 214470.96,
            "Plan Rows": 1,
            "Plan Width": 8,
            "Actual Startup Time": 109.954,
            "Actual Total Time": 109.958,
            "Actual Rows": 1,
            "Actual Loops": 2,
            "Plans": [
              {
                "Node Type": "Hash Join",
                "Parent Relationship": "Outer",
                "Parallel Aware": true,
                "Join Type": "Inner",
                "Startup Cost": 48139.83,
                "Total Cost": 214468.97,
                "Plan Rows": 792,
                "Plan Width": 0,
                "Actual Startup Time": 93.597,
                "Actual Total Time": 109.922,
                "Actual Rows": 498,
                "Actual Loops": 2,
                "Inner Unique": true,
                "Hash Cond": "(mi.movie_id = t.id)",
                "Plans": [
                  {
                    "Node Type": "Bitmap Heap Scan",
                    "Parent Relationship": "Outer",
                    "Parallel Aware": true,
                    "Relation Name": "movie_info",
                    "Alias": "mi",
                    "Startup Cost": 8829.54,
                    "Total Cost": 174406.13,
                    "Plan Rows": 286687,
                    "Plan Width": 4,
                    "Actual Startup Time": 14.965,
                    "Actual Total Time": 43.34,
                    "Actual Rows": 232818,
                    "Actual Loops": 2,
                    "Recheck Cond": "(info_type_id > 103)",
                    "Rows Removed by Index Recheck": 0,
                    "Exact Heap Blocks": 3436,
                    "Lossy Heap Blocks": 0,
                    "Plans": [
                      {
                        "Node Type": "Bitmap Index Scan",
                        "Parent Relationship": "Outer",
                        "Parallel Aware": false,
                        "Index Name": "info_type_id_movie_info",
                        "Startup Cost": 0.0,
                        "Total Cost": 8707.69,
                        "Plan Rows": 487368,
                        "Plan Width": 0,
                        "Actual Startup Time": 14.09,
                        "Actual Total Time": 14.09,
                        "Actual Rows": 465636,
                        "Actual Loops": 1,
                        "Index Cond": "(info_type_id > 103)"
                      }
                    ]
                  },
                  {
                    "Node Type": "Hash",
                    "Parent Relationship": "Inner",
                    "Parallel Aware": true,
                    "Startup Cost": 39258.93,
                    "Total Cost": 39258.93,
                    "Plan Rows": 4109,
                    "Plan Width": 4,
                    "Actual Startup Time": 47.239,
                    "Actual Total Time": 47.241,
                    "Actual Rows": 3868,
                    "Actual Loops": 2,
                    "Hash Buckets": 8192,
                    "Original Hash Buckets": 8192,
                    "Hash Batches": 1,
                    "Original Hash Batches": 1,
                    "Peak Memory Usage": 416,
                    "Plans": [
                      {
                        "Node Type": "Bitmap Heap Scan",
                        "Parent Relationship": "Outer",
                        "Parallel Aware": true,
                        "Relation Name": "title",
                        "Alias": "t",
                        "Startup Cost": 2182.68,
                        "Total Cost": 39258.93,
                        "Plan Rows": 4109,
                        "Plan Width": 4,
                        "Actual Startup Time": 13.084,
                        "Actual Total Time": 45.92,
                        "Actual Rows": 3868,
                        "Actual Loops": 2,
                        "Recheck Cond": "(kind_id = 4)",
                        "Rows Removed by Index Recheck": 0,
                        "Filter": "(production_year = 2010)",
                        "Rows Removed by Filter": 55249,
                        "Exact Heap Blocks": 9753,
                        "Lossy Heap Blocks": 0,
                        "Plans": [
                          {
                            "Node Type": "Bitmap Index Scan",
                            "Parent Relationship": "Outer",
                            "Parallel Aware": false,
                            "Index Name": "kind_id_title",
                            "Startup Cost": 0.0,
                            "Total Cost": 2180.94,
                            "Plan Rows": 122201,
                            "Plan Width": 0,
                            "Actual Startup Time": 11.28,
                            "Actual Total Time": 11.28,
                            "Actual Rows": 118234,
                            "Actual Loops": 1,
                            "Index Cond": "(kind_id = 4)"
                          }
                        ]
                      }
                    ]
                  }
                ]
              }
            ]
          }
        ]
      }
    ]
  },
  "Planning Time": 0.393,
  "Triggers": [],
  "Execution Time": 118.105
}