[
  {
    "Plan": {
      "Node Type": "Aggregate",
      "Strategy": "Plain",
      "Partial Mode": "Finalize",
      "Parallel Aware": false,
      "Startup Cost": 32692.43,
      "Total Cost": 32692.44,
      "Plan Rows": 1,
      "Plan Width": 8,
      "Actual Startup Time": 97.598,
      "Actual Total Time": 108.137,
      "Actual Rows": 1,
      "Actual Loops": 1,
      "Plans": [
        {
          "Node Type": "Gather",
          "Parent Relationship": "Outer",
          "Parallel Aware": false,
          "Startup Cost": 32692.11,
          "Total Cost": 32692.42,
          "Plan Rows": 3,
          "Plan Width": 8,
          "Actual Startup Time": 97.357,
          "Actual Total Time": 108.127,
          "Actual Rows": 4,
          "Actual Loops": 1,
          "Workers Planned": 3,
          "Workers Launched": 3,
          "Single Copy": false,
          "Plans": [
            {
              "Node Type": "Aggregate",
              "Strategy": "Plain",
              "Partial Mode": "Partial",
              "Parent Relationship": "Outer",
              "Parallel Aware": false,
              "Startup Cost": 31692.11,
              "Total Cost": 31692.12,
              "Plan Rows": 1,
              "Plan Width": 8,
              "Actual Startup Time": 90.165,
              "Actual Total Time": 90.166,
              "Actual Rows": 1,
              "Actual Loops": 4,
              "Plans": [
                {
                  "Node Type": "Seq Scan",
                  "Parent Relationship": "Outer",
                  "Parallel Aware": true,
                  "Relation Name": "movie_companies",
                  "Alias": "mc",
                  "Startup Cost": 0.0,
                  "Total Cost": 31414.82,
                  "Plan Rows": 110917,
                  "Plan Width": 0,
                  "Actual Startup Time": 51.051,
                  "Actual Total Time": 87.414,
                  "Actual Rows": 47602,
                  "Actual Loops": 4,
                  "Filter": "((company_id < 1073) AND (company_type_id = 2))",
                  "Rows Removed by Filter": 604680
                }
              ]
            }
          ]
        }
      ]
    },
    "Planning Time": 0.23,
    "Triggers": [],
    "Execution Time": 108.194
  }
]