{
  "Plan": {
    "Node Type": "Aggregate",
    "Strategy": "Plain",
    "Partial Mode": "Finalize",
    "Parallel Aware": false,
    "Startup Cost": 2806969.83,
    "Total Cost": 2806969.84,
    "Plan Rows": 1,
    "Plan Width": 8,
    "Actual Startup Time": 11824.27,
    "Actual Total Time": 11920.232,
    "Actual Rows": 1,
    "Actual Loops": 1,
    "Plans": [
      {
        "Node Type": "Gather",
        "Parent Relationship": "Outer",
        "Parallel Aware": false,
        "Startup Cost": 2806969.72,
        "Total Cost": 2806969.83,
        "Plan Rows": 1,
        "Plan Width": 8,
        "Actual Startup Time": 11807.543,
        "Actual Total Time": 11920.223,
        "Actual Rows": 2,
        "Actual Loops": 1,
        "Workers Planned": 1,
        "Workers Launched": 1,
        "Single Copy": false,
        "Plans": [
          {
            "Node Type": "Aggregate",
            "Strategy": "Plain",
            "Partial Mode": "Partial",
            "Parent Relationship": "Outer",
            "Parallel Aware": false,
            "Startup Cost": 2805969.72,
            "Total Cost": 2805969.73,
            "Plan Rows": 1,
            "Plan Width": 8,
            "Actual Startup Time": 11801.769,
            "Actual Total Time": 11801.775,
            "Actual Rows": 1,
            "Actual Loops": 2,
            "Plans": [
              {
                "Node Type": "Merge Join",
                "Parent Relationship": "Outer",
                "Parallel Aware": false,
                "Join Type": "Inner",
                "Startup Cost": 1466817.3,
                "Total Cost": 2763225.55,
                "Plan Rows": 17097668,
                "Plan Width": 0,
                "Actual Startup Time": 7456.266,
                "Actual Total Time": 11495.424,
                "Actual Rows": 7596574,
                "Actual Loops": 2,
                "Inner Unique": false,
                "Merge Cond": "(mi.movie_id = t.id)",
                "Plans": [
                  {
                    "Node Type": "Index Only Scan",
                    "Parent Relationship": "Outer",
                    "Parallel Aware": true,
                    "Scan Direction": "Forward",
                    "Index Name": "movie_id_movie_info",
                    "Relation Name": "movie_info",
                    "Alias": "mi",
                    "Startup Cost": 0.43,
                    "Total Cost": 1018223.42,
                    "Plan Rows": 8696274,
                    "Plan Width": 4,
                    "Actual Startup Time": 0.11,
                    "Actual Total Time": 2289.368,
                    "Actual Rows": 7417408,
                    "Actual Loops": 2,
                    "Heap Fetches": 14834815
                  },
                  {
                    "Node Type": "Sort",
                    "Parent Relationship": "Inner",
                    "Parallel Aware": false,
                    "Startup Cost": 1466815.75,
                    "Total Cost": 1479242.89,
                    "Plan Rows": 4970855,
                    "Plan Width": 8,
                    "Actual Startup Time": 7456.048,
                    "Actual Total Time": 8008.154,
                    "Actual Rows": 9424310,
                    "Actual Loops": 2,
                    "Sort Key": [
                      "t.id"
                    ],
                    "Sort Method": "quicksort",
                    "Sort Space Used": 269648,
                    "Sort Space Type": "Memory",
                    "Workers": [
                      {
                        "Worker Number": 0,
                        "Sort Method": "quicksort",
                        "Sort Space Used": 269648,
                        "Sort Space Type": "Memory"
                      }
                    ],
                    "Plans": [
                      {
                        "Node Type": "Hash Join",
                        "Parent Relationship": "Outer",
                        "Parallel Aware": false,
                        "Join Type": "Inner",
                        "Startup Cost": 87539.39,
                        "Total Cost": 913930.85,
                        "Plan Rows": 4970855,
                        "Plan Width": 8,
                        "Actual Startup Time": 1761.292,
                        "Actual Total Time": 6554.811,
                        "Actual Rows": 3655334,
                        "Actual Loops": 2,
                        "Inner Unique": true,
                        "Hash Cond": "(ci.movie_id = t.id)",
                        "Plans": [
                          {
                            "Node Type": "Seq Scan",
                            "Parent Relationship": "Outer",
                            "Parallel Aware": false,
                            "Relation Name": "cast_info",
                            "Alias": "ci",
                            "Startup Cost": 0.0,
                            "Total Cost": 796107.18,
                            "Plan Rows": 11536845,
                            "Plan Width": 4,
                            "Actual Startup Time": 1232.438,
                            "Actual Total Time": 3236.071,
                            "Actual Rows": 9006240,
                            "Actual Loops": 2,
                            "Filter": "((person_id > 1871414) AND (role_id < 4))",
                            "Rows Removed by Filter": 27238104
                          },
                          {
                            "Node Type": "Hash",
                            "Parent Relationship": "Inner",
                            "Parallel Aware": false,
                            "Startup Cost": 73922.39,
                            "Total Cost": 73922.39,
                            "Plan Rows": 1089360,
                            "Plan Width": 4,
                            "Actual Startup Time": 521.944,
                            "Actual Total Time": 521.946,
                            "Actual Rows": 1044222,
                            "Actual Loops": 2,
                            "Hash Buckets": 2097152,
                            "Original Hash Buckets": 2097152,
                            "Hash Batches": 1,
                            "Original Hash Batches": 1,
                            "Peak Memory Usage": 53095,
                            "Plans": [
                              {
                                "Node Type": "Seq Scan",
                                "Parent Relationship": "Outer",
                                "Parallel Aware": false,
                                "Relation Name": "title",
                                "Alias": "t",
                                "Startup Cost": 0.0,
                                "Total Cost": 73922.39,
                                "Plan Rows": 1089360,
                                "Plan Width": 4,
                                "Actual Startup Time": 0.031,
                                "Actual Total Time": 289.531,
                                "Actual Rows": 1044222,
                                "Actual Loops": 2,
                                "Filter": "((production_year < 2009) AND (kind_id = 7))",
                                "Rows Removed by Filter": 1484090
                              }
                            ]
                          }
                        ]
                      }
                    ]
                  }
                ]
              }
            ]
          }
        ]
      }
    ]
  },
  "Planning Time": 0.998,
  "Triggers": [],
  "Execution Time": 11946.457
}