[
  {
    "Plan": {
      "Node Type": "Aggregate",
      "Strategy": "Plain",
      "Partial Mode": "Finalize",
      "Parallel Aware": false,
      "Startup Cost": 247475.65,
      "Total Cost": 247475.66,
      "Plan Rows": 1,
      "Plan Width": 8,
      "Actual Startup Time": 1940.198,
      "Actual Total Time": 2026.594,
      "Actual Rows": 1,
      "Actual Loops": 1,
      "Plans": [
        {
          "Node Type": "Gather",
          "Parent Relationship": "Outer",
          "Parallel Aware": false,
          "Startup Cost": 247475.34,
          "Total Cost": 247475.65,
          "Plan Rows": 3,
          "Plan Width": 8,
          "Actual Startup Time": 1937.954,
          "Actual Total Time": 2026.581,
          "Actual Rows": 4,
          "Actual Loops": 1,
          "Workers Planned": 3,
          "Workers Launched": 3,
          "Single Copy": false,
          "Plans": [
            {
              "Node Type": "Aggregate",
              "Strategy": "Plain",
              "Partial Mode": "Partial",
              "Parent Relationship": "Outer",
              "Parallel Aware": false,
              "Startup Cost": 246475.34,
              "Total Cost": 246475.35,
              "Plan Rows": 1,
              "Plan Width": 8,
              "Actual Startup Time": 1928.929,
              "Actual Total Time": 1928.933,
              "Actual Rows": 1,
              "Actual Loops": 4,
              "Plans": [
                {
                  "Node Type": "Nested Loop",
                  "Parent Relationship": "Outer",
                  "Parallel Aware": false,
                  "Join Type": "Inner",
                  "Startup Cost": 45830.32,
                  "Total Cost": 244999.31,
                  "Plan Rows": 590412,
                  "Plan Width": 0,
                  "Actual Startup Time": 171.982,
                  "Actual Total Time": 1843.138,
                  "Actual Rows": 1722128,
                  "Actual Loops": 4,
                  "Inner Unique": false,
                  "Plans": [
                    {
                      "Node Type": "Hash Join",
                      "Parent Relationship": "Outer",
                      "Parallel Aware": true,
                      "Join Type": "Inner",
                      "Startup Cost": 45829.75,
                      "Total Cost": 77687.16,
                      "Plan Rows": 41204,
                      "Plan Width": 8,
                      "Actual Startup Time": 171.89,
                      "Actual Total Time": 310.728,
                      "Actual Rows": 65641,
                      "Actual Loops": 4,
                      "Inner Unique": true,
                      "Hash Cond": "(mc.movie_id = t.id)",
                      "Plans": [
                        {
                          "Node Type": "Seq Scan",
                          "Parent Relationship": "Outer",
                          "Parallel Aware": true,
                          "Relation Name": "movie_companies",
                          "Alias": "mc",
                          "Startup Cost": 0.0,
                          "Total Cost": 31414.82,
                          "Plan Rows": 168605,
                          "Plan Width": 4,
                          "Actual Startup Time": 0.022,
                          "Actual Total Time": 72.157,
                          "Actual Rows": 182794,
                          "Actual Loops": 4,
                          "Filter": "((company_id < 6332) AND (company_type_id < 2))",
                          "Rows Removed by Filter": 469488
                        },
                        {
                          "Node Type": "Hash",
                          "Parent Relationship": "Inner",
                          "Parallel Aware": true,
                          "Startup Cost": 43898.92,
                          "Total Cost": 43898.92,
                          "Plan Rows": 154467,
                          "Plan Width": 4,
                          "Actual Startup Time": 166.922,
                          "Actual Total Time": 166.923,
                          "Actual Rows": 155713,
                          "Actual Loops": 4,
                          "Hash Buckets": 1048576,
                          "Original Hash Buckets": 1048576,
                          "Hash Batches": 1,
                          "Original Hash Batches": 1,
                          "Peak Memory Usage": 32608,
                          "Plans": [
                            {
                              "Node Type": "Seq Scan",
                              "Parent Relationship": "Outer",
                              "Parallel Aware": true,
                              "Relation Name": "title",
                              "Alias": "t",
                              "Startup Cost": 0.0,
                              "Total Cost": 43898.92,
                              "Plan Rows": 154467,
                              "Plan Width": 4,
                              "Actual Startup Time": 0.037,
                              "Actual Total Time": 104.684,
                              "Actual Rows": 155713,
                              "Actual Loops": 4,
                              "Filter": "(production_year < 1987)",
                              "Rows Removed by Filter": 476365
                            }
                          ]
                        }
                      ]
                    },
                    {
                      "Node Type": "Index Only Scan",
                      "Parent Relationship": "Inner",
                      "Parallel Aware": false,
                      "Scan Direction": "Forward",
                      "Index Name": "movie_id_cast_info",
                      "Relation Name": "cast_info",
                      "Alias": "ci",
                      "Startup Cost": 0.56,
                      "Total Cost": 3.69,
                      "Plan Rows": 37,
                      "Plan Width": 4,
                      "Actual Startup Time": 0.004,
                      "Actual Total Time": 0.021,
                      "Actual Rows": 26,
                      "Actual Loops": 262565,
                      "Index Cond": "(movie_id = t.id)",
                      "Rows Removed by Index Recheck": 0,
                      "Heap Fetches": 6888510
                    }
                  ]
                }
              ]
            }
          ]
        }
      ]
    },
    "Planning Time": 1.365,
    "Triggers": [],
    "Execution Time": 2026.697
  }
]