{
  "Plan": {
    "Node Type": "Aggregate",
    "Strategy": "Plain",
    "Partial Mode": "Finalize",
    "Parallel Aware": false,
    "Startup Cost": 375000.83,
    "Total Cost": 375000.84,
    "Plan Rows": 1,
    "Plan Width": 8,
    "Actual Startup Time": 522.997,
    "Actual Total Time": 536.84,
    "Actual Rows": 1,
    "Actual Loops": 1,
    "Plans": [
      {
        "Node Type": "Gather",
        "Parent Relationship": "Outer",
        "Parallel Aware": false,
        "Startup Cost": 375000.71,
        "Total Cost": 375000.82,
        "Plan Rows": 1,
        "Plan Width": 8,
        "Actual Startup Time": 522.492,
        "Actual Total Time": 536.832,
        "Actual Rows": 2,
        "Actual Loops": 1,
        "Workers Planned": 1,
        "Workers Launched": 1,
        "Single Copy": false,
        "Plans": [
          {
            "Node Type": "Aggregate",
            "Strategy": "Plain",
            "Partial Mode": "Partial",
            "Parent Relationship": "Outer",
            "Parallel Aware": false,
            "Startup Cost": 374000.71,
            "Total Cost": 374000.72,
            "Plan Rows": 1,
            "Plan Width": 8,
            "Actual Startup Time": 516.457,
            "Actual Total Time": 516.461,
            "Actual Rows": 1,
            "Actual Loops": 2,
            "Plans": [
              {
                "Node Type": "Hash Join",
                "Parent Relationship": "Outer",
                "Parallel Aware": true,
                "Join Type": "Inner",
                "Startup Cost": 97568.91,
                "Total Cost": 373860.78,
                "Plan Rows": 55975,
                "Plan Width": 0,
                "Actual Startup Time": 171.784,
                "Actual Total Time": 514.516,
                "Actual Rows": 30367,
                "Actual Loops": 2,
                "Inner Unique": true,
                "Hash Cond": "(ci.movie_id = t.id)",
                "Plans": [
                  {
                    "Node Type": "Bitmap Heap Scan",
                    "Parent Relationship": "Outer",
                    "Parallel Aware": true,
                    "Relation Name": "cast_info",
                    "Alias": "ci",
                    "Startup Cost": 58598.15,
                    "Total Cost": 330793.3,
                    "Plan Rows": 1560652,
                    "Plan Width": 4,
                    "Actual Startup Time": 95.539,
                    "Actual Total Time": 249.273,
                    "Actual Rows": 1358469,
                    "Actual Loops": 2,
                    "Recheck Cond": "(person_id < 260636)",
                    "Rows Removed by Index Recheck": 0,
                    "Exact Heap Blocks": 19302,
                    "Lossy Heap Blocks": 0,
                    "Plans": [
                      {
                        "Node Type": "Bitmap Index Scan",
                        "Parent Relationship": "Outer",
                        "Parallel Aware": false,
                        "Index Name": "person_id_cast_info",
                        "Startup Cost": 0.0,
                        "Total Cost": 57934.88,
                        "Plan Rows": 2653108,
                        "Plan Width": 0,
                        "Actual Startup Time": 90.854,
                        "Actual Total Time": 90.854,
                        "Actual Rows": 2716938,
                        "Actual Loops": 1,
                        "Index Cond": "(person_id < 260636)"
                      }
                    ]
                  },
                  {
                    "Node Type": "Hash",
                    "Parent Relationship": "Inner",
                    "Parallel Aware": true,
                    "Startup Cost": 38303.98,
                    "Total Cost": 38303.98,
                    "Plan Rows": 53342,
                    "Plan Width": 4,
                    "Actual Startup Time": 73.524,
                    "Actual Total Time": 73.526,
                    "Actual Rows": 45426,
                    "Actual Loops": 2,
                    "Hash Buckets": 131072,
                    "Original Hash Buckets": 131072,
                    "Hash Batches": 1,
                    "Original Hash Batches": 1,
                    "Peak Memory Usage": 4608,
                    "Plans": [
                      {
                        "Node Type": "Bitmap Heap Scan",
                        "Parent Relationship": "Outer",
                        "Parallel Aware": true,
                        "Relation Name": "title",
                        "Alias": "t",
                        "Startup Cost": 1639.21,
                        "Total Cost": 38303.98,
                        "Plan Rows": 53342,
                        "Plan Width": 4,
                        "Actual Startup Time": 21.035,
                        "Actual Total Time": 63.443,
                        "Actual Rows": 45426,
                        "Actual Loops": 2,
                        "Recheck Cond": "(kind_id = 2)",
                        "Rows Removed by Index Recheck": 0,
                        "Exact Heap Blocks": 20460,
                        "Lossy Heap Blocks": 0,
                        "Plans": [
                          {
                            "Node Type": "Bitmap Index Scan",
                            "Parent Relationship": "Outer",
                            "Parallel Aware": false,
                            "Index Name": "kind_id_title",
                            "Startup Cost": 0.0,
                            "Total Cost": 1616.54,
                            "Plan Rows": 90681,
                            "Plan Width": 0,
                            "Actual Startup Time": 16.915,
                            "Actual Total Time": 16.916,
                            "Actual Rows": 90852,
                            "Actual Loops": 1,
                            "Index Cond": "(kind_id = 2)"
                          }
                        ]
                      }
                    ]
                  }
                ]
              }
            ]
          }
        ]
      }
    ]
  },
  "Planning Time": 0.635,
  "Triggers": [],
  "Execution Time": 536.94
}