[
  {
    "Plan": {
      "Node Type": "Aggregate",
      "Strategy": "Plain",
      "Partial Mode": "Finalize",
      "Parallel Aware": false,
      "Startup Cost": 70893.12,
      "Total Cost": 70893.13,
      "Plan Rows": 1,
      "Plan Width": 8,
      "Actual Startup Time": 200.692,
      "Actual Total Time": 212.27,
      "Actual Rows": 1,
      "Actual Loops": 1,
      "Plans": [
        {
          "Node Type": "Gather",
          "Parent Relationship": "Outer",
          "Parallel Aware": false,
          "Startup Cost": 70892.7,
          "Total Cost": 70893.11,
          "Plan Rows": 4,
          "Plan Width": 8,
          "Actual Startup Time": 199.684,
          "Actual Total Time": 212.258,
          "Actual Rows": 5,
          "Actual Loops": 1,
          "Workers Planned": 4,
          "Workers Launched": 4,
          "Single Copy": false,
          "Plans": [
            {
              "Node Type": "Aggregate",
              "Strategy": "Plain",
              "Partial Mode": "Partial",
              "Parent Relationship": "Outer",
              "Parallel Aware": false,
              "Startup Cost": 69892.7,
              "Total Cost": 69892.71,
              "Plan Rows": 1,
              "Plan Width": 8,
              "Actual Startup Time": 191.152,
              "Actual Total Time": 191.156,
              "Actual Rows": 1,
              "Actual Loops": 5,
              "Plans": [
                {
                  "Node Type": "Hash Join",
                  "Parent Relationship": "Outer",
                  "Parallel Aware": true,
                  "Join Type": "Inner",
                  "Startup Cost": 23822.65,
                  "Total Cost": 69825.22,
                  "Plan Rows": 26995,
                  "Plan Width": 0,
                  "Actual Startup Time": 148.029,
                  "Actual Total Time": 190.102,
                  "Actual Rows": 21594,
                  "Actual Loops": 5,
                  "Inner Unique": false,
                  "Hash Cond": "(t.id = mc.movie_id)",
                  "Plans": [
                    {
                      "Node Type": "Seq Scan",
                      "Parent Relationship": "Outer",
                      "Parallel Aware": true,
                      "Relation Name": "title",
                      "Alias": "t",
                      "Startup Cost": 0.0,
                      "Total Cost": 43898.92,
                      "Plan Rows": 403315,
                      "Plan Width": 4,
                      "Actual Startup Time": 0.014,
                      "Actual Total Time": 79.024,
                      "Actual Rows": 321415,
                      "Actual Loops": 5,
                      "Filter": "(production_year > 1995)",
                      "Rows Removed by Filter": 184247
                    },
                    {
                      "Node Type": "Hash",
                      "Parent Relationship": "Inner",
                      "Parallel Aware": true,
                      "Startup Cost": 23140.28,
                      "Total Cost": 23140.28,
                      "Plan Rows": 54589,
                      "Plan Width": 4,
                      "Actual Startup Time": 54.919,
                      "Actual Total Time": 54.921,
                      "Actual Rows": 32996,
                      "Actual Loops": 5,
                      "Hash Buckets": 262144,
                      "Original Hash Buckets": 262144,
                      "Hash Batches": 1,
                      "Original Hash Batches": 1,
                      "Peak Memory Usage": 8576,
                      "Plans": [
                        {
                          "Node Type": "Bitmap Heap Scan",
                          "Parent Relationship": "Outer",
                          "Parallel Aware": true,
                          "Relation Name": "movie_companies",
                          "Alias": "mc",
                          "Startup Cost": 3667.92,
                          "Total Cost": 23140.28,
                          "Plan Rows": 54589,
                          "Plan Width": 4,
                          "Actual Startup Time": 14.552,
                          "Actual Total Time": 37.902,
                          "Actual Rows": 32996,
                          "Actual Loops": 5,
                          "Recheck Cond": "(company_id > 125787)",
                          "Rows Removed by Index Recheck": 0,
                          "Exact Heap Blocks": 1338,
                          "Lossy Heap Blocks": 0,
                          "Plans": [
                            {
                              "Node Type": "Bitmap Index Scan",
                              "Parent Relationship": "Outer",
                              "Parallel Aware": false,
                              "Index Name": "company_id_movie_companies",
                              "Startup Cost": 0.0,
                              "Total Cost": 3625.62,
                              "Plan Rows": 169225,
                              "Plan Width": 0,
                              "Actual Startup Time": 14.775,
                              "Actual Total Time": 14.776,
                              "Actual Rows": 164978,
                              "Actual Loops": 1,
                              "Index Cond": "(company_id > 125787)"
                            }
                          ]
                        }
                      ]
                    }
                  ]
                }
              ]
            }
          ]
        }
      ]
    },
    "Planning Time": 0.492,
    "Triggers": [],
    "Execution Time": 212.354
  }
]