[
  {
    "Plan": {
      "Node Type": "Aggregate",
      "Strategy": "Plain",
      "Partial Mode": "Finalize",
      "Parallel Aware": false,
      "Startup Cost": 53369.16,
      "Total Cost": 53369.17,
      "Plan Rows": 1,
      "Plan Width": 8,
      "Actual Startup Time": 79.586,
      "Actual Total Time": 90.096,
      "Actual Rows": 1,
      "Actual Loops": 1,
      "Plans": [
        {
          "Node Type": "Gather",
          "Parent Relationship": "Outer",
          "Parallel Aware": false,
          "Startup Cost": 53368.85,
          "Total Cost": 53369.16,
          "Plan Rows": 3,
          "Plan Width": 8,
          "Actual Startup Time": 79.357,
          "Actual Total Time": 90.091,
          "Actual Rows": 4,
          "Actual Loops": 1,
          "Workers Planned": 3,
          "Workers Launched": 3,
          "Single Copy": false,
          "Plans": [
            {
              "Node Type": "Aggregate",
              "Strategy": "Plain",
              "Partial Mode": "Partial",
              "Parent Relationship": "Outer",
              "Parallel Aware": false,
              "Startup Cost": 52368.85,
              "Total Cost": 52368.86,
              "Plan Rows": 1,
              "Plan Width": 8,
              "Actual Startup Time": 69.453,
              "Actual Total Time": 69.455,
              "Actual Rows": 1,
              "Actual Loops": 4,
              "Plans": [
                {
                  "Node Type": "Nested Loop",
                  "Parent Relationship": "Outer",
                  "Parallel Aware": false,
                  "Join Type": "Inner",
                  "Startup Cost": 761.11,
                  "Total Cost": 52368.5,
                  "Plan Rows": 138,
                  "Plan Width": 0,
                  "Actual Startup Time": 11.38,
                  "Actual Total Time": 69.424,
                  "Actual Rows": 399,
                  "Actual Loops": 4,
                  "Inner Unique": false,
                  "Plans": [
                    {
                      "Node Type": "Nested Loop",
                      "Parent Relationship": "Outer",
                      "Parallel Aware": false,
                      "Join Type": "Inner",
                      "Startup Cost": 760.67,
                      "Total Cost": 51749.02,
                      "Plan Rows": 135,
                      "Plan Width": 8,
                      "Actual Startup Time": 7.436,
                      "Actual Total Time": 67.362,
                      "Actual Rows": 48,
                      "Actual Loops": 4,
                      "Inner Unique": true,
                      "Plans": [
                        {
                          "Node Type": "Bitmap Heap Scan",
                          "Parent Relationship": "Outer",
                          "Parallel Aware": true,
                          "Relation Name": "movie_companies",
                          "Alias": "mc",
                          "Startup Cost": 760.24,
                          "Total Cost": 20011.78,
                          "Plan Rows": 5542,
                          "Plan Width": 4,
                          "Actual Startup Time": 2.716,
                          "Actual Total Time": 10.568,
                          "Actual Rows": 8879,
                          "Actual Loops": 4,
                          "Recheck Cond": "(company_id = 160)",
                          "Rows Removed by Index Recheck": 0,
                          "Filter": "(company_type_id < 2)",
                          "Rows Removed by Filter": 155,
                          "Exact Heap Blocks": 2375,
                          "Lossy Heap Blocks": 0,
                          "Plans": [
                            {
                              "Node Type": "Bitmap Index Scan",
                              "Parent Relationship": "Outer",
                              "Parallel Aware": false,
                              "Index Name": "company_id_movie_companies",
                              "Startup Cost": 0.0,
                              "Total Cost": 755.95,
                              "Plan Rows": 35136,
                              "Plan Width": 0,
                              "Actual Startup Time": 8.19,
                              "Actual Total Time": 8.191,
                              "Actual Rows": 36136,
                              "Actual Loops": 1,
                              "Index Cond": "(company_id = 160)"
                            }
                          ]
                        },
                        {
                          "Node Type": "Index Scan",
                          "Parent Relationship": "Inner",
                          "Parallel Aware": false,
                          "Scan Direction": "Forward",
                          "Index Name": "title_pkey",
                          "Relation Name": "title",
                          "Alias": "t",
                          "Startup Cost": 0.43,
                          "Total Cost": 5.73,
                          "Plan Rows": 1,
                          "Plan Width": 4,
                          "Actual Startup Time": 0.006,
                          "Actual Total Time": 0.006,
                          "Actual Rows": 0,
                          "Actual Loops": 35517,
                          "Index Cond": "(id = mc.movie_id)",
                          "Rows Removed by Index Recheck": 0,
                          "Filter": "(production_year = 2001)",
                          "Rows Removed by Filter": 1
                        }
                      ]
                    },
                    {
                      "Node Type": "Index Scan",
                      "Parent Relationship": "Inner",
                      "Parallel Aware": false,
                      "Scan Direction": "Forward",
                      "Index Name": "movie_id_movie_keyword",
                      "Relation Name": "movie_keyword",
                      "Alias": "mk",
                      "Startup Cost": 0.43,
                      "Total Cost": 4.33,
                      "Plan Rows": 26,
                      "Plan Width": 4,
                      "Actual Startup Time": 0.04,
                      "Actual Total Time": 0.042,
                      "Actual Rows": 8,
                      "Actual Loops": 191,
                      "Index Cond": "(movie_id = t.id)",
                      "Rows Removed by Index Recheck": 0,
                      "Filter": "(keyword_id > 3312)",
                      "Rows Removed by Filter": 7
                    }
                  ]
                }
              ]
            }
          ]
        }
      ]
    },
    "Planning Time": 1.435,
    "Triggers": [],
    "Execution Time": 90.189
  }
]