[
  {
    "Plan": {
      "Node Type": "Aggregate",
      "Strategy": "Plain",
      "Partial Mode": "Finalize",
      "Parallel Aware": false,
      "Startup Cost": 32270.26,
      "Total Cost": 32270.27,
      "Plan Rows": 1,
      "Plan Width": 8,
      "Actual Startup Time": 99.268,
      "Actual Total Time": 103.779,
      "Actual Rows": 1,
      "Actual Loops": 1,
      "Plans": [
        {
          "Node Type": "Gather",
          "Parent Relationship": "Outer",
          "Parallel Aware": false,
          "Startup Cost": 32269.94,
          "Total Cost": 32270.25,
          "Plan Rows": 3,
          "Plan Width": 8,
          "Actual Startup Time": 99.18,
          "Actual Total Time": 103.773,
          "Actual Rows": 4,
          "Actual Loops": 1,
          "Workers Planned": 3,
          "Workers Launched": 3,
          "Single Copy": false,
          "Plans": [
            {
              "Node Type": "Aggregate",
              "Strategy": "Plain",
              "Partial Mode": "Partial",
              "Parent Relationship": "Outer",
              "Parallel Aware": false,
              "Startup Cost": 31269.94,
              "Total Cost": 31269.95,
              "Plan Rows": 1,
              "Plan Width": 8,
              "Actual Startup Time": 96.047,
              "Actual Total Time": 96.048,
              "Actual Rows": 1,
              "Actual Loops": 4,
              "Plans": [
                {
                  "Node Type": "Seq Scan",
                  "Parent Relationship": "Outer",
                  "Parallel Aware": true,
                  "Relation Name": "movie_companies",
                  "Alias": "mc",
                  "Startup Cost": 0.0,
                  "Total Cost": 29310.68,
                  "Plan Rows": 783704,
                  "Plan Width": 0,
                  "Actual Startup Time": 0.021,
                  "Actual Total Time": 69.907,
                  "Actual Rows": 606652,
                  "Actual Loops": 4,
                  "Filter": "(company_id < 119346)",
                  "Rows Removed by Filter": 45630
                }
              ]
            }
          ]
        }
      ]
    },
    "Planning Time": 0.068,
    "Triggers": [],
    "Execution Time": 103.804
  }
]