{
  "Plan": {
    "Node Type": "Aggregate",
    "Strategy": "Plain",
    "Partial Mode": "Simple",
    "Parallel Aware": false,
    "Startup Cost": 7793.73,
    "Total Cost": 7793.74,
    "Plan Rows": 1,
    "Plan Width": 192,
    "Actual Startup Time": 18.68,
    "Actual Total Time": 18.692,
    "Actual Rows": 1,
    "Actual Loops": 1,
    "Plans": [
      {
        "Node Type": "Nested Loop",
        "Parent Relationship": "Outer",
        "Parallel Aware": false,
        "Join Type": "Inner",
        "Startup Cost": 43.62,
        "Total Cost": 7793.72,
        "Plan Rows": 1,
        "Plan Width": 84,
        "Actual Startup Time": 2.476,
        "Actual Total Time": 18.667,
        "Actual Rows": 4,
        "Actual Loops": 1,
        "Inner Unique": true,
        "Plans": [
          {
            "Node Type": "Nested Loop",
            "Parent Relationship": "Outer",
            "Parallel Aware": false,
            "Join Type": "Inner",
            "Startup Cost": 43.2,
            "Total Cost": 7793.28,
            "Plan Rows": 1,
            "Plan Width": 69,
            "Actual Startup Time": 2.466,
            "Actual Total Time": 18.625,
            "Actual Rows": 4,
            "Actual Loops": 1,
            "Inner Unique": false,
            "Join Filter": "(t2.id = mc2.movie_id)",
            "Rows Removed by Join Filter": 0,
            "Plans": [
              {
                "Node Type": "Hash Join",
                "Parent Relationship": "Outer",
                "Parallel Aware": false,
                "Join Type": "Inner",
                "Startup Cost": 42.77,
                "Total Cost": 7792.53,
                "Plan Rows": 1,
                "Plan Width": 77,
                "Actual Startup Time": 2.448,
                "Actual Total Time": 18.594,
                "Actual Rows": 1,
                "Actual Loops": 1,
                "Inner Unique": true,
                "Hash Cond": "(t1.kind_id = kt1.id)",
                "Plans": [
                  {
                    "Node Type": "Nested Loop",
                    "Parent Relationship": "Outer",
                    "Parallel Aware": false,
                    "Join Type": "Inner",
                    "Startup Cost": 41.67,
                    "Total Cost": 7791.43,
                    "Plan Rows": 1,
                    "Plan Width": 81,
                    "Actual Startup Time": 2.399,
                    "Actual Total Time": 18.542,
                    "Actual Rows": 1,
                    "Actual Loops": 1,
                    "Inner Unique": true,
                    "Join Filter": "(ml.movie_id = t1.id)",
                    "Rows Removed by Join Filter": 0,
                    "Plans": [
                      {
                        "Node Type": "Nested Loop",
                        "Parent Relationship": "Outer",
                        "Parallel Aware": false,
                        "Join Type": "Inner",
                        "Startup Cost": 41.24,
                        "Total Cost": 7790.9,
                        "Plan Rows": 1,
                        "Plan Width": 72,
                        "Actual Startup Time": 2.379,
                        "Actual Total Time": 18.521,
                        "Actual Rows": 1,
                        "Actual Loops": 1,
                        "Inner Unique": true,
                        "Plans": [
                          {
                            "Node Type": "Nested Loop",
                            "Parent Relationship": "Outer",
                            "Parallel Aware": false,
                            "Join Type": "Inner",
                            "Startup Cost": 40.82,
                            "Total Cost": 7788.67,
                            "Plan Rows": 5,
                            "Plan Width": 57,
                            "Actual Startup Time": 2.319,
                            "Actual Total Time": 18.429,
                            "Actual Rows": 4,
                            "Actual Loops": 1,
                            "Inner Unique": false,
                            "Join Filter": "(ml.movie_id = mc1.movie_id)",
                            "Rows Removed by Join Filter": 0,
                            "Plans": [
                              {
                                "Node Type": "Nested Loop",
                                "Parent Relationship": "Outer",
                                "Parallel Aware": false,
                                "Join Type": "Inner",
                                "Startup Cost": 40.39,
                                "Total Cost": 7788.01,
                                "Plan Rows": 1,
                                "Plan Width": 49,
                                "Actual Startup Time": 2.296,
                                "Actual Total Time": 18.381,
                                "Actual Rows": 2,
                                "Actual Loops": 1,
                                "Inner Unique": true,
                                "Plans": [
                                  {
                                    "Node Type": "Nested Loop",
                                    "Parent Relationship": "Outer",
                                    "Parallel Aware": false,
                                    "Join Type": "Inner",
                                    "Startup Cost": 40.25,
                                    "Total Cost": 7787.82,
                                    "Plan Rows": 1,
                                    "Plan Width": 53,
                                    "Actual Startup Time": 1.834,
                                    "Actual Total Time": 18.33,
                                    "Actual Rows": 16,
                                    "Actual Loops": 1,
                                    "Inner Unique": true,
                                    "Plans": [
                                      {
                                        "Node Type": "Nested Loop",
                                        "Parent Relationship": "Outer",
                                        "Parallel Aware": false,
                                        "Join Type": "Inner",
                                        "Startup Cost": 40.1,
                                        "Total Cost": 7786.34,
                                        "Plan Rows": 9,
                                        "Plan Width": 57,
                                        "Actual Startup Time": 1.813,
                                        "Actual Total Time": 18.177,
                                        "Actual Rows": 48,
                                        "Actual Loops": 1,
                                        "Inner Unique": false,
                                        "Plans": [
                                          {
                                            "Node Type": "Nested Loop",
                                            "Parent Relationship": "Outer",
                                            "Parallel Aware": false,
                                            "Join Type": "Inner",
                                            "Startup Cost": 39.68,
                                            "Total Cost": 7779.14,
                                            "Plan Rows": 3,
                                            "Plan Width": 43,
                                            "Actual Startup Time": 1.801,
                                            "Actual Total Time": 17.983,
                                            "Actual Rows": 21,
                                            "Actual Loops": 1,
                                            "Inner Unique": false,
                                            "Join Filter": "(t2.kind_id = kt2.id)",
                                            "Rows Removed by Join Filter": 29,
                                            "Plans": [
                                              {
                                                "Node Type": "Seq Scan",
                                                "Parent Relationship": "Outer",
                                                "Parallel Aware": false,
                                                "Relation Name": "kind_type",
                                                "Alias": "kt2",
                                                "Startup Cost": 0.0,
                                                "Total Cost": 1.09,
                                                "Plan Rows": 1,
                                                "Plan Width": 4,
                                                "Actual Startup Time": 0.011,
                                                "Actual Total Time": 0.014,
                                                "Actual Rows": 1,
                                                "Actual Loops": 1,
                                                "Filter": "((kind)::text = 'tv series'::text COLLATE \"C\")",
                                                "Rows Removed by Filter": 6
                                              },
                                              {
                                                "Node Type": "Nested Loop",
                                                "Parent Relationship": "Inner",
                                                "Parallel Aware": false,
                                                "Join Type": "Inner",
                                                "Startup Cost": 39.68,
                                                "Total Cost": 7777.78,
                                                "Plan Rows": 22,
                                                "Plan Width": 47,
                                                "Actual Startup Time": 1.785,
                                                "Actual Total Time": 17.946,
                                                "Actual Rows": 50,
                                                "Actual Loops": 1,
                                                "Inner Unique": false,
                                                "Plans": [
                                                  {
                                                    "Node Type": "Nested Loop",
                                                    "Parent Relationship": "Outer",
                                                    "Parallel Aware": false,
                                                    "Join Type": "Inner",
                                                    "Startup Cost": 39.25,
                                                    "Total Cost": 7699.14,
                                                    "Plan Rows": 81,
                                                    "Plan Width": 33,
                                                    "Actual Startup Time": 0.518,
                                                    "Actual Total Time": 17.523,
                                                    "Actual Rows": 37,
                                                    "Actual Loops": 1,
                                                    "Inner Unique": true,
                                                    "Plans": [
                                                      {
                                                        "Node Type": "Nested Loop",
                                                        "Parent Relationship": "Outer",
                                                        "Parallel Aware": false,
                                                        "Join Type": "Inner",
                                                        "Startup Cost": 38.82,
                                                        "Total Cost": 245.23,
                                                        "Plan Rows": 1666,
                                                        "Plan Width": 8,
                                                        "Actual Startup Time": 0.239,
                                                        "Actual Total Time": 2.338,
                                                        "Actual Rows": 2315,
                                                        "Actual Loops": 1,
                                                        "Inner Unique": false,
                                                        "Plans": [
                                                          {
                                                            "Node Type": "Seq Scan",
                                                            "Parent Relationship": "Outer",
                                                            "Parallel Aware": false,
                                                            "Relation Name": "link_type",
                                                            "Alias": "lt",
                                                            "Startup Cost": 0.0,
                                                            "Total Cost": 1.23,
                                                            "Plan Rows": 1,
                                                            "Plan Width": 4,
                                                            "Actual Startup Time": 0.014,
                                                            "Actual Total Time": 0.023,
                                                            "Actual Rows": 2,
                                                            "Actual Loops": 1,
                                                            "Filter": "((link)::text ~~ '%follow%'::text)",
                                                            "Rows Removed by Filter": 16
                                                          },
                                                          {
                                                            "Node Type": "Bitmap Heap Scan",
                                                            "Parent Relationship": "Inner",
                                                            "Parallel Aware": false,
                                                            "Relation Name": "movie_link",
                                                            "Alias": "ml",
                                                            "Startup Cost": 38.82,
                                                            "Total Cost": 225.26,
                                                            "Plan Rows": 1875,
                                                            "Plan Width": 12,
                                                            "Actual Startup Time": 0.183,
                                                            "Actual Total Time": 0.79,
                                                            "Actual Rows": 1158,
                                                            "Actual Loops": 2,
                                                            "Recheck Cond": "(link_type_id = lt.id)",
                                                            "Rows Removed by Index Recheck": 0,
                                                            "Exact Heap Blocks": 191,
                                                            "Lossy Heap Blocks": 0,
                                                            "Plans": [
                                                              {
                                                                "Node Type": "Bitmap Index Scan",
                                                                "Parent Relationship": "Outer",
                                                                "Parallel Aware": false,
                                                                "Index Name": "link_type_id_movie_link",
                                                                "Startup Cost": 0.0,
                                                                "Total Cost": 38.35,
                                                                "Plan Rows": 1875,
                                                                "Plan Width": 0,
                                                                "Actual Startup Time": 0.148,
                                                                "Actual Total Time": 0.148,
                                                                "Actual Rows": 1158,
                                                                "Actual Loops": 2,
                                                                "Index Cond": "(link_type_id = lt.id)"
                                                              }
                                                            ]
                                                          }
                                                        ]
                                                      },
                                                      {
                                                        "Node Type": "Index Scan",
                                                        "Parent Relationship": "Inner",
                                                        "Parallel Aware": false,
                                                        "Scan Direction": "Forward",
                                                        "Index Name": "title_pkey",
                                                        "Relation Name": "title",
                                                        "Alias": "t2",
                                                        "Startup Cost": 0.43,
                                                        "Total Cost": 4.47,
                                                        "Plan Rows": 1,
                                                        "Plan Width": 25,
                                                        "Actual Startup Time": 0.006,
                                                        "Actual Total Time": 0.006,
                                                        "Actual Rows": 0,
                                                        "Actual Loops": 2315,
                                                        "Index Cond": "(id = ml.linked_movie_id)",
                                                        "Rows Removed by Index Recheck": 0,
                                                        "Filter": "(production_year = 2007)",
                                                        "Rows Removed by Filter": 1
                                                      }
                                                    ]
                                                  },
                                                  {
                                                    "Node Type": "Index Scan",
                                                    "Parent Relationship": "Inner",
                                                    "Parallel Aware": false,
                                                    "Scan Direction": "Forward",
                                                    "Index Name": "movie_id_movie_info_idx",
                                                    "Relation Name": "movie_info_idx",
                                                    "Alias": "mi_idx2",
                                                    "Startup Cost": 0.43,
                                                    "Total Cost": 0.95,
                                                    "Plan Rows": 2,
                                                    "Plan Width": 14,
                                                    "Actual Startup Time": 0.009,
                                                    "Actual Total Time": 0.01,
                                                    "Actual Rows": 1,
                                                    "Actual Loops": 37,
                                                    "Index Cond": "(movie_id = t2.id)",
                                                    "Rows Removed by Index Recheck": 0,
                                                    "Filter": "(info < '3.0'::text)",
                                                    "Rows Removed by Filter": 1
                                                  }
                                                ]
                                              }
                                            ]
                                          },
                                          {
                                            "Node Type": "Index Scan",
                                            "Parent Relationship": "Inner",
                                            "Parallel Aware": false,
                                            "Scan Direction": "Forward",
                                            "Index Name": "movie_id_movie_info_idx",
                                            "Relation Name": "movie_info_idx",
                                            "Alias": "mi_idx1",
                                            "Startup Cost": 0.43,
                                            "Total Cost": 2.37,
                                            "Plan Rows": 3,
                                            "Plan Width": 14,
                                            "Actual Startup Time": 0.006,
                                            "Actual Total Time": 0.008,
                                            "Actual Rows": 2,
                                            "Actual Loops": 21,
                                            "Index Cond": "(movie_id = ml.movie_id)",
                                            "Rows Removed by Index Recheck": 0
                                          }
                                        ]
                                      },
                                      {
                                        "Node Type": "Index Scan",
                                        "Parent Relationship": "Inner",
                                        "Parallel Aware": false,
                                        "Scan Direction": "Forward",
                                        "Index Name": "info_type_pkey",
                                        "Relation Name": "info_type",
                                        "Alias": "it1",
                                        "Startup Cost": 0.14,
                                        "Total Cost": 0.16,
                                        "Plan Rows": 1,
                                        "Plan Width": 4,
                                        "Actual Startup Time": 0.002,
                                        "Actual Total Time": 0.002,
                                        "Actual Rows": 0,
                                        "Actual Loops": 48,
                                        "Index Cond": "(id = mi_idx1.info_type_id)",
                                        "Rows Removed by Index Recheck": 0,
                                        "Filter": "((info)::text = 'rating'::text COLLATE \"C\")",
                                        "Rows Removed by Filter": 1
                                      }
                                    ]
                                  },
                                  {
                                    "Node Type": "Index Scan",
                                    "Parent Relationship": "Inner",
                                    "Parallel Aware": false,
                                    "Scan Direction": "Forward",
                                    "Index Name": "info_type_pkey",
                                    "Relation Name": "info_type",
                                    "Alias": "it2",
                                    "Startup Cost": 0.14,
                                    "Total Cost": 0.16,
                                    "Plan Rows": 1,
                                    "Plan Width": 4,
                                    "Actual Startup Time": 0.002,
                                    "Actual Total Time": 0.002,
                                    "Actual Rows": 0,
                                    "Actual Loops": 16,
                                    "Index Cond": "(id = mi_idx2.info_type_id)",
                                    "Rows Removed by Index Recheck": 0,
                                    "Filter": "((info)::text = 'rating'::text COLLATE \"C\")",
                                    "Rows Removed by Filter": 1
                                  }
                                ]
                              },
                              {
                                "Node Type": "Index Scan",
                                "Parent Relationship": "Inner",
                                "Parallel Aware": false,
                                "Scan Direction": "Forward",
                                "Index Name": "movie_id_movie_companies",
                                "Relation Name": "movie_companies",
                                "Alias": "mc1",
                                "Startup Cost": 0.43,
                                "Total Cost": 0.6,
                                "Plan Rows": 5,
                                "Plan Width": 8,
                                "Actual Startup Time": 0.015,
                                "Actual Total Time": 0.019,
                                "Actual Rows": 2,
                                "Actual Loops": 2,
                                "Index Cond": "(movie_id = mi_idx1.movie_id)",
                                "Rows Removed by Index Recheck": 0
                              }
                            ]
                          },
                          {
                            "Node Type": "Index Scan",
                            "Parent Relationship": "Inner",
                            "Parallel Aware": false,
                            "Scan Direction": "Forward",
                            "Index Name": "company_name_pkey",
                            "Relation Name": "company_name",
                            "Alias": "cn1",
                            "Startup Cost": 0.42,
                            "Total Cost": 0.45,
                            "Plan Rows": 1,
                            "Plan Width": 23,
                            "Actual Startup Time": 0.021,
                            "Actual Total Time": 0.021,
                            "Actual Rows": 0,
                            "Actual Loops": 4,
                            "Index Cond": "(id = mc1.company_id)",
                            "Rows Removed by Index Recheck": 0,
                            "Filter": "((country_code)::text = '[nl]'::text)",
                            "Rows Removed by Filter": 1
                          }
                        ]
                      },
                      {
                        "Node Type": "Index Scan",
                        "Parent Relationship": "Inner",
                        "Parallel Aware": false,
                        "Scan Direction": "Forward",
                        "Index Name": "title_pkey",
                        "Relation Name": "title",
                        "Alias": "t1",
                        "Startup Cost": 0.43,
                        "Total Cost": 0.52,
                        "Plan Rows": 1,
                        "Plan Width": 25,
                        "Actual Startup Time": 0.015,
                        "Actual Total Time": 0.015,
                        "Actual Rows": 1,
                        "Actual Loops": 1,
                        "Index Cond": "(id = mc1.movie_id)",
                        "Rows Removed by Index Recheck": 0
                      }
                    ]
                  },
                  {
                    "Node Type": "Hash",
                    "Parent Relationship": "Inner",
                    "Parallel Aware": false,
                    "Startup Cost": 1.09,
                    "Total Cost": 1.09,
                    "Plan Rows": 1,
                    "Plan Width": 4,
                    "Actual Startup Time": 0.033,
                    "Actual Total Time": 0.034,
                    "Actual Rows": 1,
                    "Actual Loops": 1,
                    "Hash Buckets": 1024,
                    "Original Hash Buckets": 1024,
                    "Hash Batches": 1,
                    "Original Hash Batches": 1,
                    "Peak Memory Usage": 9,
                    "Plans": [
                      {
                        "Node Type": "Seq Scan",
                        "Parent Relationship": "Outer",
                        "Parallel Aware": false,
                        "Relation Name": "kind_type",
                        "Alias": "kt1",
                        "Startup Cost": 0.0,
                        "Total Cost": 1.09,
                        "Plan Rows": 1,
                        "Plan Width": 4,
                        "Actual Startup Time": 0.023,
                        "Actual Total Time": 0.026,
                        "Actual Rows": 1,
                        "Actual Loops": 1,
                        "Filter": "((kind)::text = 'tv series'::text COLLATE \"C\")",
                        "Rows Removed by Filter": 6
                      }
                    ]
                  }
                ]
              },
              {
                "Node Type": "Index Scan",
                "Parent Relationship": "Inner",
                "Parallel Aware": false,
                "Scan Direction": "Forward",
                "Index Name": "movie_id_movie_companies",
                "Relation Name": "movie_companies",
                "Alias": "mc2",
                "Startup Cost": 0.43,
                "Total Cost": 0.68,
                "Plan Rows": 5,
                "Plan Width": 8,
                "Actual Startup Time": 0.015,
                "Actual Total Time": 0.023,
                "Actual Rows": 4,
                "Actual Loops": 1,
                "Index Cond": "(movie_id = mi_idx2.movie_id)",
                "Rows Removed by Index Recheck": 0
              }
            ]
          },
          {
            "Node Type": "Index Scan",
            "Parent Relationship": "Inner",
            "Parallel Aware": false,
            "Scan Direction": "Forward",
            "Index Name": "company_name_pkey",
            "Relation Name": "company_name",
            "Alias": "cn2",
            "Startup Cost": 0.42,
            "Total Cost": 0.44,
            "Plan Rows": 1,
            "Plan Width": 23,
            "Actual Startup Time": 0.008,
            "Actual Total Time": 0.009,
            "Actual Rows": 1,
            "Actual Loops": 4,
            "Index Cond": "(id = mc2.company_id)",
            "Rows Removed by Index Recheck": 0
          }
        ]
      }
    ]
  },
  "Planning Time": 4.166,
  "Triggers": [],
  "Execution Time": 18.958
}