[
  {
    "Plan": {
      "Node Type": "Aggregate",
      "Strategy": "Plain",
      "Partial Mode": "Finalize",
      "Parallel Aware": false,
      "Startup Cost": 413767.41,
      "Total Cost": 413767.42,
      "Plan Rows": 1,
      "Plan Width": 8,
      "Actual Startup Time": 961.194,
      "Actual Total Time": 1022.031,
      "Actual Rows": 1,
      "Actual Loops": 1,
      "Plans": [
        {
          "Node Type": "Gather",
          "Parent Relationship": "Outer",
          "Parallel Aware": false,
          "Startup Cost": 413766.79,
          "Total Cost": 413767.4,
          "Plan Rows": 6,
          "Plan Width": 8,
          "Actual Startup Time": 949.448,
          "Actual Total Time": 1022.019,
          "Actual Rows": 7,
          "Actual Loops": 1,
          "Workers Planned": 6,
          "Workers Launched": 6,
          "Single Copy": false,
          "Plans": [
            {
              "Node Type": "Aggregate",
              "Strategy": "Plain",
              "Partial Mode": "Partial",
              "Parent Relationship": "Outer",
              "Parallel Aware": false,
              "Startup Cost": 412766.79,
              "Total Cost": 412766.8,
              "Plan Rows": 1,
              "Plan Width": 8,
              "Actual Startup Time": 938.53,
              "Actual Total Time": 938.665,
              "Actual Rows": 1,
              "Actual Loops": 7,
              "Plans": [
                {
                  "Node Type": "Hash Join",
                  "Parent Relationship": "Outer",
                  "Parallel Aware": true,
                  "Join Type": "Inner",
                  "Startup Cost": 80877.69,
                  "Total Cost": 412394.61,
                  "Plan Rows": 148873,
                  "Plan Width": 0,
                  "Actual Startup Time": 290.53,
                  "Actual Total Time": 933.05,
                  "Actual Rows": 121221,
                  "Actual Loops": 7,
                  "Inner Unique": false,
                  "Hash Cond": "(ci.movie_id = t.id)",
                  "Plans": [
                    {
                      "Node Type": "Seq Scan",
                      "Parent Relationship": "Outer",
                      "Parallel Aware": true,
                      "Relation Name": "cast_info",
                      "Alias": "ci",
                      "Startup Cost": 0.0,
                      "Total Cost": 328162.03,
                      "Plan Rows": 766574,
                      "Plan Width": 4,
                      "Actual Startup Time": 0.029,
                      "Actual Total Time": 535.82,
                      "Actual Rows": 674406,
                      "Actual Loops": 7,
                      "Filter": "(person_id < 458075)",
                      "Rows Removed by Filter": 4503358
                    },
                    {
                      "Node Type": "Hash",
                      "Parent Relationship": "Inner",
                      "Parallel Aware": true,
                      "Startup Cost": 78897.81,
                      "Total Cost": 78897.81,
                      "Plan Rows": 158390,
                      "Plan Width": 8,
                      "Actual Startup Time": 286.336,
                      "Actual Total Time": 286.47,
                      "Actual Rows": 25675,
                      "Actual Loops": 7,
                      "Hash Buckets": 524288,
                      "Original Hash Buckets": 524288,
                      "Hash Batches": 1,
                      "Original Hash Batches": 1,
                      "Peak Memory Usage": 11264,
                      "Plans": [
                        {
                          "Node Type": "Hash Join",
                          "Parent Relationship": "Outer",
                          "Parallel Aware": true,
                          "Join Type": "Inner",
                          "Startup Cost": 48499.55,
                          "Total Cost": 78897.81,
                          "Plan Rows": 158390,
                          "Plan Width": 8,
                          "Actual Startup Time": 193.536,
                          "Actual Total Time": 276.928,
                          "Actual Rows": 25675,
                          "Actual Loops": 7,
                          "Inner Unique": true,
                          "Hash Cond": "(mc.movie_id = t.id)",
                          "Plans": [
                            {
                              "Node Type": "Seq Scan",
                              "Parent Relationship": "Outer",
                              "Parallel Aware": true,
                              "Relation Name": "movie_companies",
                              "Alias": "mc",
                              "Startup Cost": 0.0,
                              "Total Cost": 29310.68,
                              "Plan Rows": 414318,
                              "Plan Width": 4,
                              "Actual Startup Time": 0.02,
                              "Actual Total Time": 45.15,
                              "Actual Rows": 182035,
                              "Actual Loops": 7,
                              "Filter": "(company_type_id = 1)",
                              "Rows Removed by Filter": 190698
                            },
                            {
                              "Node Type": "Hash",
                              "Parent Relationship": "Inner",
                              "Parallel Aware": true,
                              "Startup Cost": 45479.1,
                              "Total Cost": 45479.1,
                              "Plan Rows": 241636,
                              "Plan Width": 4,
                              "Actual Startup Time": 191.767,
                              "Actual Total Time": 191.768,
                              "Actual Rows": 150992,
                              "Actual Loops": 7,
                              "Hash Buckets": 2097152,
                              "Original Hash Buckets": 1048576,
                              "Hash Batches": 1,
                              "Original Hash Batches": 1,
                              "Peak Memory Usage": 66016,
                              "Plans": [
                                {
                                  "Node Type": "Seq Scan",
                                  "Parent Relationship": "Outer",
                                  "Parallel Aware": true,
                                  "Relation Name": "title",
                                  "Alias": "t",
                                  "Startup Cost": 0.0,
                                  "Total Cost": 45479.1,
                                  "Plan Rows": 241636,
                                  "Plan Width": 4,
                                  "Actual Startup Time": 0.053,
                                  "Actual Total Time": 80.877,
                                  "Actual Rows": 150992,
                                  "Actual Loops": 7,
                                  "Filter": "((kind_id > 4) AND (production_year > 1996))",
                                  "Rows Removed by Filter": 210195
                                }
                              ]
                            }
                          ]
                        }
                      ]
                    }
                  ]
                }
              ]
            }
          ]
        }
      ]
    },
    "Planning Time": 1.494,
    "Triggers": [],
    "Execution Time": 1022.133
  }
]