[
  {
    "Plan": {
      "Node Type": "Aggregate",
      "Strategy": "Plain",
      "Partial Mode": "Finalize",
      "Parallel Aware": false,
      "Startup Cost": 44427.64,
      "Total Cost": 44427.65,
      "Plan Rows": 1,
      "Plan Width": 8,
      "Actual Startup Time": 125.451,
      "Actual Total Time": 135.082,
      "Actual Rows": 1,
      "Actual Loops": 1,
      "Plans": [
        {
          "Node Type": "Gather",
          "Parent Relationship": "Outer",
          "Parallel Aware": false,
          "Startup Cost": 44427.32,
          "Total Cost": 44427.63,
          "Plan Rows": 3,
          "Plan Width": 8,
          "Actual Startup Time": 125.322,
          "Actual Total Time": 135.073,
          "Actual Rows": 4,
          "Actual Loops": 1,
          "Workers Planned": 3,
          "Workers Launched": 3,
          "Single Copy": false,
          "Plans": [
            {
              "Node Type": "Aggregate",
              "Strategy": "Plain",
              "Partial Mode": "Partial",
              "Parent Relationship": "Outer",
              "Parallel Aware": false,
              "Startup Cost": 43427.32,
              "Total Cost": 43427.33,
              "Plan Rows": 1,
              "Plan Width": 8,
              "Actual Startup Time": 120.017,
              "Actual Total Time": 120.018,
              "Actual Rows": 1,
              "Actual Loops": 4,
              "Plans": [
                {
                  "Node Type": "Seq Scan",
                  "Parent Relationship": "Outer",
                  "Parallel Aware": true,
                  "Relation Name": "movie_keyword",
                  "Alias": "mk",
                  "Startup Cost": 0.0,
                  "Total Cost": 42695.65,
                  "Plan Rows": 292667,
                  "Plan Width": 0,
                  "Actual Startup Time": 0.04,
                  "Actual Total Time": 107.457,
                  "Actual Rows": 228588,
                  "Actual Loops": 4,
                  "Filter": "(keyword_id < 866)",
                  "Rows Removed by Filter": 902395
                }
              ]
            }
          ]
        }
      ]
    },
    "Planning Time": 0.208,
    "Triggers": [],
    "Execution Time": 135.134
  }
]