[
  {
    "Plan": {
      "Node Type": "Aggregate",
      "Strategy": "Plain",
      "Partial Mode": "Finalize",
      "Parallel Aware": false,
      "Startup Cost": 353738.3,
      "Total Cost": 353738.31,
      "Plan Rows": 1,
      "Plan Width": 8,
      "Actual Startup Time": 889.464,
      "Actual Total Time": 949.535,
      "Actual Rows": 1,
      "Actual Loops": 1,
      "Plans": [
        {
          "Node Type": "Gather",
          "Parent Relationship": "Outer",
          "Parallel Aware": false,
          "Startup Cost": 353737.67,
          "Total Cost": 353738.28,
          "Plan Rows": 6,
          "Plan Width": 8,
          "Actual Startup Time": 889.315,
          "Actual Total Time": 949.526,
          "Actual Rows": 7,
          "Actual Loops": 1,
          "Workers Planned": 6,
          "Workers Launched": 6,
          "Single Copy": false,
          "Plans": [
            {
              "Node Type": "Aggregate",
              "Strategy": "Plain",
              "Partial Mode": "Partial",
              "Parent Relationship": "Outer",
              "Parallel Aware": false,
              "Startup Cost": 352737.67,
              "Total Cost": 352737.68,
              "Plan Rows": 1,
              "Plan Width": 8,
              "Actual Startup Time": 879.371,
              "Actual Total Time": 879.372,
              "Actual Rows": 1,
              "Actual Loops": 7,
              "Plans": [
                {
                  "Node Type": "Seq Scan",
                  "Parent Relationship": "Outer",
                  "Parallel Aware": true,
                  "Relation Name": "cast_info",
                  "Alias": "ci",
                  "Startup Cost": 0.0,
                  "Total Cost": 343257.03,
                  "Plan Rows": 3792257,
                  "Plan Width": 0,
                  "Actual Startup Time": 0.056,
                  "Actual Total Time": 719.411,
                  "Actual Rows": 3591430,
                  "Actual Loops": 7,
                  "Filter": "((person_id < 2715394) AND (role_id < 10))",
                  "Rows Removed by Filter": 1586334
                }
              ]
            }
          ]
        }
      ]
    },
    "Planning Time": 0.275,
    "Triggers": [],
    "Execution Time": 949.606
  }
]