[
  {
    "Plan": {
      "Node Type": "Aggregate",
      "Strategy": "Plain",
      "Partial Mode": "Finalize",
      "Parallel Aware": false,
      "Startup Cost": 34767.01,
      "Total Cost": 34767.02,
      "Plan Rows": 1,
      "Plan Width": 8,
      "Actual Startup Time": 92.745,
      "Actual Total Time": 98.724,
      "Actual Rows": 1,
      "Actual Loops": 1,
      "Plans": [
        {
          "Node Type": "Gather",
          "Parent Relationship": "Outer",
          "Parallel Aware": false,
          "Startup Cost": 34766.69,
          "Total Cost": 34767.0,
          "Plan Rows": 3,
          "Plan Width": 8,
          "Actual Startup Time": 92.492,
          "Actual Total Time": 98.717,
          "Actual Rows": 4,
          "Actual Loops": 1,
          "Workers Planned": 3,
          "Workers Launched": 3,
          "Single Copy": false,
          "Plans": [
            {
              "Node Type": "Aggregate",
              "Strategy": "Plain",
              "Partial Mode": "Partial",
              "Parent Relationship": "Outer",
              "Parallel Aware": false,
              "Startup Cost": 33766.69,
              "Total Cost": 33766.7,
              "Plan Rows": 1,
              "Plan Width": 8,
              "Actual Startup Time": 87.086,
              "Actual Total Time": 87.087,
              "Actual Rows": 1,
              "Actual Loops": 4,
              "Plans": [
                {
                  "Node Type": "Bitmap Heap Scan",
                  "Parent Relationship": "Outer",
                  "Parallel Aware": true,
                  "Relation Name": "movie_keyword",
                  "Alias": "mk",
                  "Startup Cost": 7582.93,
                  "Total Cost": 33478.4,
                  "Plan Rows": 115317,
                  "Plan Width": 0,
                  "Actual Startup Time": 24.283,
                  "Actual Total Time": 81.498,
                  "Actual Rows": 89431,
                  "Actual Loops": 4,
                  "Recheck Cond": "(keyword_id < 318)",
                  "Rows Removed by Index Recheck": 0,
                  "Exact Heap Blocks": 11917,
                  "Lossy Heap Blocks": 0,
                  "Plans": [
                    {
                      "Node Type": "Bitmap Index Scan",
                      "Parent Relationship": "Outer",
                      "Parallel Aware": false,
                      "Index Name": "keyword_id_movie_keyword",
                      "Startup Cost": 0.0,
                      "Total Cost": 7493.56,
                      "Plan Rows": 357484,
                      "Plan Width": 0,
                      "Actual Startup Time": 25.788,
                      "Actual Total Time": 25.788,
                      "Actual Rows": 357723,
                      "Actual Loops": 1,
                      "Index Cond": "(keyword_id < 318)"
                    }
                  ]
                }
              ]
            }
          ]
        }
      ]
    },
    "Planning Time": 0.082,
    "Triggers": [],
    "Execution Time": 98.762
  }
]