[
  {
    "Plan": {
      "Node Type": "Aggregate",
      "Strategy": "Plain",
      "Partial Mode": "Finalize",
      "Parallel Aware": false,
      "Startup Cost": 46611.05,
      "Total Cost": 46611.06,
      "Plan Rows": 1,
      "Plan Width": 8,
      "Actual Startup Time": 167.696,
      "Actual Total Time": 177.348,
      "Actual Rows": 1,
      "Actual Loops": 1,
      "Plans": [
        {
          "Node Type": "Gather",
          "Parent Relationship": "Outer",
          "Parallel Aware": false,
          "Startup Cost": 46610.74,
          "Total Cost": 46611.05,
          "Plan Rows": 3,
          "Plan Width": 8,
          "Actual Startup Time": 167.556,
          "Actual Total Time": 177.339,
          "Actual Rows": 4,
          "Actual Loops": 1,
          "Workers Planned": 3,
          "Workers Launched": 3,
          "Single Copy": false,
          "Plans": [
            {
              "Node Type": "Aggregate",
              "Strategy": "Plain",
              "Partial Mode": "Partial",
              "Parent Relationship": "Outer",
              "Parallel Aware": false,
              "Startup Cost": 45610.74,
              "Total Cost": 45610.75,
              "Plan Rows": 1,
              "Plan Width": 8,
              "Actual Startup Time": 160.677,
              "Actual Total Time": 160.678,
              "Actual Rows": 1,
              "Actual Loops": 4,
              "Plans": [
                {
                  "Node Type": "Seq Scan",
                  "Parent Relationship": "Outer",
                  "Parallel Aware": true,
                  "Relation Name": "movie_keyword",
                  "Alias": "mk",
                  "Startup Cost": 0.0,
                  "Total Cost": 42695.65,
                  "Plan Rows": 1166033,
                  "Plan Width": 0,
                  "Actual Startup Time": 0.141,
                  "Actual Total Time": 121.421,
                  "Actual Rows": 900900,
                  "Actual Loops": 4,
                  "Filter": "(keyword_id > 869)",
                  "Rows Removed by Filter": 230083
                }
              ]
            }
          ]
        }
      ]
    },
    "Planning Time": 0.194,
    "Triggers": [],
    "Execution Time": 177.41
  }
]