[
  {
    "Plan": {
      "Node Type": "Aggregate",
      "Strategy": "Plain",
      "Partial Mode": "Finalize",
      "Parallel Aware": false,
      "Startup Cost": 275418.4,
      "Total Cost": 275418.41,
      "Plan Rows": 1,
      "Plan Width": 8,
      "Actual Startup Time": 63.55,
      "Actual Total Time": 67.414,
      "Actual Rows": 1,
      "Actual Loops": 1,
      "Plans": [
        {
          "Node Type": "Gather",
          "Parent Relationship": "Outer",
          "Parallel Aware": false,
          "Startup Cost": 275417.87,
          "Total Cost": 275418.38,
          "Plan Rows": 5,
          "Plan Width": 8,
          "Actual Startup Time": 63.318,
          "Actual Total Time": 67.406,
          "Actual Rows": 6,
          "Actual Loops": 1,
          "Workers Planned": 5,
          "Workers Launched": 5,
          "Single Copy": false,
          "Plans": [
            {
              "Node Type": "Aggregate",
              "Strategy": "Plain",
              "Partial Mode": "Partial",
              "Parent Relationship": "Outer",
              "Parallel Aware": false,
              "Startup Cost": 274417.87,
              "Total Cost": 274417.88,
              "Plan Rows": 1,
              "Plan Width": 8,
              "Actual Startup Time": 53.219,
              "Actual Total Time": 53.22,
              "Actual Rows": 1,
              "Actual Loops": 6,
              "Plans": [
                {
                  "Node Type": "Bitmap Heap Scan",
                  "Parent Relationship": "Outer",
                  "Parallel Aware": true,
                  "Relation Name": "cast_info",
                  "Alias": "ci",
                  "Startup Cost": 8276.02,
                  "Total Cost": 274230.55,
                  "Plan Rows": 74928,
                  "Plan Width": 0,
                  "Actual Startup Time": 22.767,
                  "Actual Total Time": 47.689,
                  "Actual Rows": 61297,
                  "Actual Loops": 6,
                  "Recheck Cond": "(person_id > 3994301)",
                  "Rows Removed by Index Recheck": 0,
                  "Exact Heap Blocks": 2386,
                  "Lossy Heap Blocks": 0,
                  "Plans": [
                    {
                      "Node Type": "Bitmap Index Scan",
                      "Parent Relationship": "Outer",
                      "Parallel Aware": false,
                      "Index Name": "person_id_cast_info",
                      "Startup Cost": 0.0,
                      "Total Cost": 8182.36,
                      "Plan Rows": 374639,
                      "Plan Width": 0,
                      "Actual Startup Time": 30.994,
                      "Actual Total Time": 30.994,
                      "Actual Rows": 367783,
                      "Actual Loops": 1,
                      "Index Cond": "(person_id > 3994301)"
                    }
                  ]
                }
              ]
            }
          ]
        }
      ]
    },
    "Planning Time": 0.279,
    "Triggers": [],
    "Execution Time": 67.496
  }
]