[
  {
    "Plan": {
      "Node Type": "Aggregate",
      "Strategy": "Plain",
      "Partial Mode": "Finalize",
      "Parallel Aware": false,
      "Startup Cost": 33076.68,
      "Total Cost": 33076.69,
      "Plan Rows": 1,
      "Plan Width": 8,
      "Actual Startup Time": 101.33,
      "Actual Total Time": 108.99,
      "Actual Rows": 1,
      "Actual Loops": 1,
      "Plans": [
        {
          "Node Type": "Gather",
          "Parent Relationship": "Outer",
          "Parallel Aware": false,
          "Startup Cost": 33076.36,
          "Total Cost": 33076.67,
          "Plan Rows": 3,
          "Plan Width": 8,
          "Actual Startup Time": 101.234,
          "Actual Total Time": 108.982,
          "Actual Rows": 4,
          "Actual Loops": 1,
          "Workers Planned": 3,
          "Workers Launched": 3,
          "Single Copy": false,
          "Plans": [
            {
              "Node Type": "Aggregate",
              "Strategy": "Plain",
              "Partial Mode": "Partial",
              "Parent Relationship": "Outer",
              "Parallel Aware": false,
              "Startup Cost": 32076.36,
              "Total Cost": 32076.37,
              "Plan Rows": 1,
              "Plan Width": 8,
              "Actual Startup Time": 92.715,
              "Actual Total Time": 92.716,
              "Actual Rows": 1,
              "Actual Loops": 4,
              "Plans": [
                {
                  "Node Type": "Seq Scan",
                  "Parent Relationship": "Outer",
                  "Parallel Aware": true,
                  "Relation Name": "movie_companies",
                  "Alias": "mc",
                  "Startup Cost": 0.0,
                  "Total Cost": 31414.82,
                  "Plan Rows": 264618,
                  "Plan Width": 0,
                  "Actual Startup Time": 48.811,
                  "Actual Total Time": 82.67,
                  "Actual Rows": 259575,
                  "Actual Loops": 4,
                  "Filter": "((company_id > 4595) AND (company_type_id > 1))",
                  "Rows Removed by Filter": 392707
                }
              ]
            }
          ]
        }
      ]
    },
    "Planning Time": 0.195,
    "Triggers": [],
    "Execution Time": 109.043
  }
]