[
  {
    "Plan": {
      "Node Type": "Aggregate",
      "Strategy": "Plain",
      "Partial Mode": "Finalize",
      "Parallel Aware": false,
      "Startup Cost": 32071.98,
      "Total Cost": 32071.99,
      "Plan Rows": 1,
      "Plan Width": 8,
      "Actual Startup Time": 116.353,
      "Actual Total Time": 126.352,
      "Actual Rows": 1,
      "Actual Loops": 1,
      "Plans": [
        {
          "Node Type": "Gather",
          "Parent Relationship": "Outer",
          "Parallel Aware": false,
          "Startup Cost": 32071.66,
          "Total Cost": 32071.97,
          "Plan Rows": 3,
          "Plan Width": 8,
          "Actual Startup Time": 116.134,
          "Actual Total Time": 126.343,
          "Actual Rows": 4,
          "Actual Loops": 1,
          "Workers Planned": 3,
          "Workers Launched": 3,
          "Single Copy": false,
          "Plans": [
            {
              "Node Type": "Aggregate",
              "Strategy": "Plain",
              "Partial Mode": "Partial",
              "Parent Relationship": "Outer",
              "Parallel Aware": false,
              "Startup Cost": 31071.66,
              "Total Cost": 31071.67,
              "Plan Rows": 1,
              "Plan Width": 8,
              "Actual Startup Time": 112.515,
              "Actual Total Time": 112.517,
              "Actual Rows": 1,
              "Actual Loops": 4,
              "Plans": [
                {
                  "Node Type": "Seq Scan",
                  "Parent Relationship": "Outer",
                  "Parallel Aware": true,
                  "Relation Name": "movie_companies",
                  "Alias": "mc",
                  "Startup Cost": 0.0,
                  "Total Cost": 29310.68,
                  "Plan Rows": 704391,
                  "Plan Width": 0,
                  "Actual Startup Time": 0.081,
                  "Actual Total Time": 86.391,
                  "Actual Rows": 547330,
                  "Actual Loops": 4,
                  "Filter": "(company_id > 292)",
                  "Rows Removed by Filter": 104952
                }
              ]
            }
          ]
        }
      ]
    },
    "Planning Time": 0.123,
    "Triggers": [],
    "Execution Time": 126.386
  }
]