{
  "Plan": {
    "Node Type": "Aggregate",
    "Strategy": "Plain",
    "Partial Mode": "Simple",
    "Parallel Aware": false,
    "Startup Cost": 1258374.93,
    "Total Cost": 1258374.94,
    "Plan Rows": 1,
    "Plan Width": 192,
    "Actual Startup Time": 8195.299,
    "Actual Total Time": 8246.485,
    "Actual Rows": 1,
    "Actual Loops": 1,
    "Plans": [
      {
        "Node Type": "Gather",
        "Parent Relationship": "Outer",
        "Parallel Aware": false,
        "Startup Cost": 1258374.79,
        "Total Cost": 1258374.92,
        "Plan Rows": 1,
        "Plan Width": 84,
        "Actual Startup Time": 8098.996,
        "Actual Total Time": 8246.403,
        "Actual Rows": 114,
        "Actual Loops": 1,
        "Workers Planned": 3,
        "Workers Launched": 3,
        "Single Copy": false,
        "Plans": [
          {
            "Node Type": "Merge Join",
            "Parent Relationship": "Outer",
            "Parallel Aware": false,
            "Join Type": "Inner",
            "Startup Cost": 1257374.79,
            "Total Cost": 1257374.82,
            "Plan Rows": 1,
            "Plan Width": 84,
            "Actual Startup Time": 8069.139,
            "Actual Total Time": 8069.188,
            "Actual Rows": 28,
            "Actual Loops": 4,
            "Inner Unique": true,
            "Merge Cond": "(t1.kind_id = kt1.id)",
            "Plans": [
              {
                "Node Type": "Sort",
                "Parent Relationship": "Outer",
                "Parallel Aware": false,
                "Startup Cost": 1257373.69,
                "Total Cost": 1257373.7,
                "Plan Rows": 1,
                "Plan Width": 88,
                "Actual Startup Time": 8069.099,
                "Actual Total Time": 8069.14,
                "Actual Rows": 28,
                "Actual Loops": 4,
                "Sort Key": [
                  "t1.kind_id"
                ],
                "Sort Method": "quicksort",
                "Sort Space Used": 27,
                "Sort Space Type": "Memory",
                "Workers": [
                  {
                    "Worker Number": 0,
                    "Sort Method": "quicksort",
                    "Sort Space Used": 36,
                    "Sort Space Type": "Memory"
                  },
                  {
                    "Worker Number": 1,
                    "Sort Method": "quicksort",
                    "Sort Space Used": 26,
                    "Sort Space Type": "Memory"
                  },
                  {
                    "Worker Number": 2,
                    "Sort Method": "quicksort",
                    "Sort Space Used": 27,
                    "Sort Space Type": "Memory"
                  }
                ],
                "Plans": [
                  {
                    "Node Type": "Merge Join",
                    "Parent Relationship": "Outer",
                    "Parallel Aware": false,
                    "Join Type": "Inner",
                    "Startup Cost": 1257203.33,
                    "Total Cost": 1257373.68,
                    "Plan Rows": 1,
                    "Plan Width": 88,
                    "Actual Startup Time": 8067.494,
                    "Actual Total Time": 8069.042,
                    "Actual Rows": 28,
                    "Actual Loops": 4,
                    "Inner Unique": false,
                    "Merge Cond": "(t1.id = ml.movie_id)",
                    "Plans": [
                      {
                        "Node Type": "Sort",
                        "Parent Relationship": "Outer",
                        "Parallel Aware": false,
                        "Startup Cost": 400718.06,
                        "Total Cost": 401841.53,
                        "Plan Rows": 449388,
                        "Plan Width": 48,
                        "Actual Startup Time": 3079.019,
                        "Actual Total Time": 3080.354,
                        "Actual Rows": 8608,
                        "Actual Loops": 4,
                        "Sort Key": [
                          "mc1.movie_id"
                        ],
                        "Sort Method": "quicksort",
                        "Sort Space Used": 52374,
                        "Sort Space Type": "Memory",
                        "Workers": [
                          {
                            "Worker Number": 0,
                            "Sort Method": "quicksort",
                            "Sort Space Used": 44180,
                            "Sort Space Type": "Memory"
                          },
                          {
                            "Worker Number": 1,
                            "Sort Method": "quicksort",
                            "Sort Space Used": 53252,
                            "Sort Space Type": "Memory"
                          },
                          {
                            "Worker Number": 2,
                            "Sort Method": "quicksort",
                            "Sort Space Used": 51301,
                            "Sort Space Type": "Memory"
                          }
                        ],
                        "Plans": [
                          {
                            "Node Type": "Merge Join",
                            "Parent Relationship": "Outer",
                            "Parallel Aware": false,
                            "Join Type": "Inner",
                            "Startup Cost": 349325.45,
                            "Total Cost": 358525.91,
                            "Plan Rows": 449388,
                            "Plan Width": 48,
                            "Actual Startup Time": 2709.479,
                            "Actual Total Time": 2938.592,
                            "Actual Rows": 335984,
                            "Actual Loops": 4,
                            "Inner Unique": true,
                            "Merge Cond": "(mc1.company_id = cn1.id)",
                            "Plans": [
                              {
                                "Node Type": "Sort",
                                "Parent Relationship": "Outer",
                                "Parallel Aware": false,
                                "Startup Cost": 332638.62,
                                "Total Cost": 334742.76,
                                "Plan Rows": 841655,
                                "Plan Width": 33,
                                "Actual Startup Time": 2639.332,
                                "Actual Total Time": 2746.692,
                                "Actual Rows": 652282,
                                "Actual Loops": 4,
                                "Sort Key": [
                                  "mc1.company_id"
                                ],
                                "Sort Method": "quicksort",
                                "Sort Space Used": 83201,
                                "Sort Space Type": "Memory",
                                "Workers": [
                                  {
                                    "Worker Number": 0,
                                    "Sort Method": "quicksort",
                                    "Sort Space Used": 70781,
                                    "Sort Space Type": "Memory"
                                  },
                                  {
                                    "Worker Number": 1,
                                    "Sort Method": "quicksort",
                                    "Sort Space Used": 83231,
                                    "Sort Space Type": "Memory"
                                  },
                                  {
                                    "Worker Number": 2,
                                    "Sort Method": "quicksort",
                                    "Sort Space Used": 80766,
                                    "Sort Space Type": "Memory"
                                  }
                                ],
                                "Plans": [
                                  {
                                    "Node Type": "Merge Join",
                                    "Parent Relationship": "Outer",
                                    "Parallel Aware": false,
                                    "Join Type": "Inner",
                                    "Startup Cost": 3.58,
                                    "Total Cost": 249807.69,
                                    "Plan Rows": 841655,
                                    "Plan Width": 33,
                                    "Actual Startup Time": 13.965,
                                    "Actual Total Time": 2392.888,
                                    "Actual Rows": 652282,
                                    "Actual Loops": 4,
                                    "Inner Unique": true,
                                    "Merge Cond": "(mc1.movie_id = t1.id)",
                                    "Plans": [
                                      {
                                        "Node Type": "Index Scan",
                                        "Parent Relationship": "Outer",
                                        "Parallel Aware": true,
                                        "Scan Direction": "Forward",
                                        "Index Name": "movie_id_movie_companies",
                                        "Relation Name": "movie_companies",
                                        "Alias": "mc1",
                                        "Startup Cost": 0.43,
                                        "Total Cost": 122730.02,
                                        "Plan Rows": 841655,
                                        "Plan Width": 8,
                                        "Actual Startup Time": 0.092,
                                        "Actual Total Time": 278.375,
                                        "Actual Rows": 652282,
                                        "Actual Loops": 4
                                      },
                                      {
                                        "Node Type": "Index Scan",
                                        "Parent Relationship": "Inner",
                                        "Parallel Aware": false,
                                        "Scan Direction": "Forward",
                                        "Index Name": "title_pkey",
                                        "Relation Name": "title",
                                        "Alias": "t1",
                                        "Startup Cost": 0.43,
                                        "Total Cost": 110359.06,
                                        "Plan Rows": 2528509,
                                        "Plan Width": 25,
                                        "Actual Startup Time": 0.076,
                                        "Actual Total Time": 1764.641,
                                        "Actual Rows": 2525476,
                                        "Actual Loops": 4
                                      }
                                    ]
                                  }
                                ]
                              },
                              {
                                "Node Type": "Sort",
                                "Parent Relationship": "Inner",
                                "Parallel Aware": false,
                                "Startup Cost": 16558.15,
                                "Total Cost": 16871.84,
                                "Plan Rows": 125473,
                                "Plan Width": 23,
                                "Actual Startup Time": 69.9,
                                "Actual Total Time": 89.644,
                                "Actual Rows": 126214,
                                "Actual Loops": 4,
                                "Sort Key": [
                                  "cn1.id"
                                ],
                                "Sort Method": "quicksort",
                                "Sort Space Used": 12078,
                                "Sort Space Type": "Memory",
                                "Workers": [
                                  {
                                    "Worker Number": 0,
                                    "Sort Method": "quicksort",
                                    "Sort Space Used": 12078,
                                    "Sort Space Type": "Memory"
                                  },
                                  {
                                    "Worker Number": 1,
                                    "Sort Method": "quicksort",
                                    "Sort Space Used": 12078,
                                    "Sort Space Type": "Memory"
                                  },
                                  {
                                    "Worker Number": 2,
                                    "Sort Method": "quicksort",
                                    "Sort Space Used": 12078,
                                    "Sort Space Type": "Memory"
                                  }
                                ],
                                "Plans": [
                                  {
                                    "Node Type": "Seq Scan",
                                    "Parent Relationship": "Outer",
                                    "Parallel Aware": false,
                                    "Relation Name": "company_name",
                                    "Alias": "cn1",
                                    "Startup Cost": 0.0,
                                    "Total Cost": 5932.46,
                                    "Plan Rows": 125473,
                                    "Plan Width": 23,
                                    "Actual Startup Time": 0.053,
                                    "Actual Total Time": 30.185,
                                    "Actual Rows": 126230,
                                    "Actual Loops": 4,
                                    "Filter": "((country_code)::text <> '[us]'::text)",
                                    "Rows Removed by Filter": 108767
                                  }
                                ]
                              }
                            ]
                          }
                        ]
                      },
                      {
                        "Node Type": "Sort",
                        "Parent Relationship": "Inner",
                        "Parallel Aware": false,
                        "Startup Cost": 856485.27,
                        "Total Cost": 856485.28,
                        "Plan Rows": 1,
                        "Plan Width": 56,
                        "Actual Startup Time": 4987.646,
                        "Actual Total Time": 4987.68,
                        "Actual Rows": 61,
                        "Actual Loops": 4,
                        "Sort Key": [
                          "mi_idx1.movie_id"
                        ],
                        "Sort Method": "quicksort",
                        "Sort Space Used": 30,
                        "Sort Space Type": "Memory",
                        "Workers": [
                          {
                            "Worker Number": 0,
                            "Sort Method": "quicksort",
                            "Sort Space Used": 30,
                            "Sort Space Type": "Memory"
                          },
                          {
                            "Worker Number": 1,
                            "Sort Method": "quicksort",
                            "Sort Space Used": 30,
                            "Sort Space Type": "Memory"
                          },
                          {
                            "Worker Number": 2,
                            "Sort Method": "quicksort",
                            "Sort Space Used": 30,
                            "Sort Space Type": "Memory"
                          }
                        ],
                        "Plans": [
                          {
                            "Node Type": "Merge Join",
                            "Parent Relationship": "Outer",
                            "Parallel Aware": false,
                            "Join Type": "Inner",
                            "Startup Cost": 843439.6,
                            "Total Cost": 856485.26,
                            "Plan Rows": 1,
                            "Plan Width": 56,
                            "Actual Startup Time": 4898.308,
                            "Actual Total Time": 4987.636,
                            "Actual Rows": 44,
                            "Actual Loops": 4,
                            "Inner Unique": false,
                            "Merge Cond": "(mc2.movie_id = t2.id)",
                            "Plans": [
                              {
                                "Node Type": "Sort",
                                "Parent Relationship": "Outer",
                                "Parallel Aware": false,
                                "Startup Cost": 453655.67,
                                "Total Cost": 460178.5,
                                "Plan Rows": 2609129,
                                "Plan Width": 23,
                                "Actual Startup Time": 2845.026,
                                "Actual Total Time": 2887.43,
                                "Actual Rows": 622160,
                                "Actual Loops": 4,
                                "Sort Key": [
                                  "mc2.movie_id"
                                ],
                                "Sort Method": "quicksort",
                                "Sort Space Used": 288419,
                                "Sort Space Type": "Memory",
                                "Workers": [
                                  {
                                    "Worker Number": 0,
                                    "Sort Method": "quicksort",
                                    "Sort Space Used": 288419,
                                    "Sort Space Type": "Memory"
                                  },
                                  {
                                    "Worker Number": 1,
                                    "Sort Method": "quicksort",
                                    "Sort Space Used": 288419,
                                    "Sort Space Type": "Memory"
                                  },
                                  {
                                    "Worker Number": 2,
                                    "Sort Method": "quicksort",
                                    "Sort Space Used": 288419,
                                    "Sort Space Type": "Memory"
                                  }
                                ],
                                "Plans": [
                                  {
                                    "Node Type": "Merge Join",
                                    "Parent Relationship": "Outer",
                                    "Parallel Aware": false,
                                    "Join Type": "Inner",
                                    "Startup Cost": 4190.88,
                                    "Total Cost": 175585.97,
                                    "Plan Rows": 2609129,
                                    "Plan Width": 23,
                                    "Actual Startup Time": 0.058,
                                    "Actual Total Time": 1948.826,
                                    "Actual Rows": 2609129,
                                    "Actual Loops": 4,
                                    "Inner Unique": false,
                                    "Merge Cond": "(cn2.id = mc2.company_id)",
                                    "Plans": [
                                      {
                                        "Node Type": "Index Scan",
                                        "Parent Relationship": "Outer",
                                        "Parallel Aware": false,
                                        "Scan Direction": "Forward",
                                        "Index Name": "company_name_pkey",
                                        "Relation Name": "company_name",
                                        "Alias": "cn2",
                                        "Startup Cost": 0.42,
                                        "Total Cost": 11881.93,
                                        "Plan Rows": 234997,
                                        "Plan Width": 23,
                                        "Actual Startup Time": 0.028,
                                        "Actual Total Time": 160.247,
                                        "Actual Rows": 234997,
                                        "Actual Loops": 4
                                      },
                                      {
                                        "Node Type": "Index Scan",
                                        "Parent Relationship": "Inner",
                                        "Parallel Aware": false,
                                        "Scan Direction": "Forward",
                                        "Index Name": "company_id_movie_companies",
                                        "Relation Name": "movie_companies",
                                        "Alias": "mc2",
                                        "Startup Cost": 0.43,
                                        "Total Cost": 130510.28,
                                        "Plan Rows": 2609129,
                                        "Plan Width": 8,
                                        "Actual Startup Time": 0.025,
                                        "Actual Total Time": 1468.763,
                                        "Actual Rows": 2609129,
                                        "Actual Loops": 4
                                      }
                                    ]
                                  }
                                ]
                              },
                              {
                                "Node Type": "Sort",
                                "Parent Relationship": "Inner",
                                "Parallel Aware": false,
                                "Startup Cost": 389783.92,
                                "Total Cost": 389783.93,
                                "Plan Rows": 1,
                                "Plan Width": 49,
                                "Actual Startup Time": 2051.192,
                                "Actual Total Time": 2051.215,
                                "Actual Rows": 46,
                                "Actual Loops": 4,
                                "Sort Key": [
                                  "mi_idx2.movie_id"
                                ],
                                "Sort Method": "quicksort",
                                "Sort Space Used": 27,
                                "Sort Space Type": "Memory",
                                "Workers": [
                                  {
                                    "Worker Number": 0,
                                    "Sort Method": "quicksort",
                                    "Sort Space Used": 27,
                                    "Sort Space Type": "Memory"
                                  },
                                  {
                                    "Worker Number": 1,
                                    "Sort Method": "quicksort",
                                    "Sort Space Used": 27,
                                    "Sort Space Type": "Memory"
                                  },
                                  {
                                    "Worker Number": 2,
                                    "Sort Method": "quicksort",
                                    "Sort Space Used": 27,
                                    "Sort Space Type": "Memory"
                                  }
                                ],
                                "Plans": [
                                  {
                                    "Node Type": "Merge Join",
                                    "Parent Relationship": "Outer",
                                    "Parallel Aware": false,
                                    "Join Type": "Inner",
                                    "Startup Cost": 389781.2,
                                    "Total Cost": 389783.91,
                                    "Plan Rows": 1,
                                    "Plan Width": 49,
                                    "Actual Startup Time": 2050.02,
                                    "Actual Total Time": 2051.189,
                                    "Actual Rows": 19,
                                    "Actual Loops": 4,
                                    "Inner Unique": false,
                                    "Merge Cond": "(mi_idx1.movie_id = ml.movie_id)",
                                    "Plans": [
                                      {
                                        "Node Type": "Sort",
                                        "Parent Relationship": "Outer",
                                        "Parallel Aware": false,
                                        "Startup Cost": 68521.62,
                                        "Total Cost": 68552.15,
                                        "Plan Rows": 12213,
                                        "Plan Width": 10,
                                        "Actual Startup Time": 449.197,
                                        "Actual Total Time": 449.748,
                                        "Actual Rows": 16900,
                                        "Actual Loops": 4,
                                        "Sort Key": [
                                          "mi_idx1.movie_id"
                                        ],
                                        "Sort Method": "quicksort",
                                        "Sort Space Used": 33847,
                                        "Sort Space Type": "Memory",
                                        "Workers": [
                                          {
                                            "Worker Number": 0,
                                            "Sort Method": "quicksort",
                                            "Sort Space Used": 33847,
                                            "Sort Space Type": "Memory"
                                          },
                                          {
                                            "Worker Number": 1,
                                            "Sort Method": "quicksort",
                                            "Sort Space Used": 33847,
                                            "Sort Space Type": "Memory"
                                          },
                                          {
                                            "Worker Number": 2,
                                            "Sort Method": "quicksort",
                                            "Sort Space Used": 33847,
                                            "Sort Space Type": "Memory"
                                          }
                                        ],
                                        "Plans": [
                                          {
                                            "Node Type": "Merge Join",
                                            "Parent Relationship": "Outer",
                                            "Parallel Aware": false,
                                            "Join Type": "Inner",
                                            "Startup Cost": 14.55,
                                            "Total Cost": 67692.59,
                                            "Plan Rows": 12213,
                                            "Plan Width": 10,
                                            "Actual Startup Time": 215.869,
                                            "Actual Total Time": 346.998,
                                            "Actual Rows": 459925,
                                            "Actual Loops": 4,
                                            "Inner Unique": false,
                                            "Merge Cond": "(it1.id = mi_idx1.info_type_id)",
                                            "Plans": [
                                              {
                                                "Node Type": "Index Scan",
                                                "Parent Relationship": "Outer",
                                                "Parallel Aware": false,
                                                "Scan Direction": "Forward",
                                                "Index Name": "info_type_pkey",
                                                "Relation Name": "info_type",
                                                "Alias": "it1",
                                                "Startup Cost": 0.14,
                                                "Total Cost": 14.12,
                                                "Plan Rows": 1,
                                                "Plan Width": 4,
                                                "Actual Startup Time": 0.059,
                                                "Actual Total Time": 0.065,
                                                "Actual Rows": 1,
                                                "Actual Loops": 4,
                                                "Filter": "((info)::text = 'rating'::text COLLATE \"C\")",
                                                "Rows Removed by Filter": 112
                                              },
                                              {
                                                "Node Type": "Index Scan",
                                                "Parent Relationship": "Inner",
                                                "Parallel Aware": false,
                                                "Scan Direction": "Forward",
                                                "Index Name": "info_type_id_movie_info_idx",
                                                "Relation Name": "movie_info_idx",
                                                "Alias": "mi_idx1",
                                                "Startup Cost": 0.43,
                                                "Total Cost": 64106.25,
                                                "Plan Rows": 1380035,
                                                "Plan Width": 14,
                                                "Actual Startup Time": 0.039,
                                                "Actual Total Time": 235.488,
                                                "Actual Rows": 1379776,
                                                "Actual Loops": 4
                                              }
                                            ]
                                          }
                                        ]
                                      },
                                      {
                                        "Node Type": "Sort",
                                        "Parent Relationship": "Inner",
                                        "Parallel Aware": false,
                                        "Startup Cost": 321259.59,
                                        "Total Cost": 321259.61,
                                        "Plan Rows": 8,
                                        "Plan Width": 39,
                                        "Actual Startup Time": 1600.575,
                                        "Actual Total Time": 1600.591,
                                        "Actual Rows": 21,
                                        "Actual Loops": 4,
                                        "Sort Key": [
                                          "ml.movie_id"
                                        ],
                                        "Sort Method": "quicksort",
                                        "Sort Space Used": 26,
                                        "Sort Space Type": "Memory",
                                        "Workers": [
                                          {
                                            "Worker Number": 0,
                                            "Sort Method": "quicksort",
                                            "Sort Space Used": 26,
                                            "Sort Space Type": "Memory"
                                          },
                                          {
                                            "Worker Number": 1,
                                            "Sort Method": "quicksort",
                                            "Sort Space Used": 26,
                                            "Sort Space Type": "Memory"
                                          },
                                          {
                                            "Worker Number": 2,
                                            "Sort Method": "quicksort",
                                            "Sort Space Used": 26,
                                            "Sort Space Type": "Memory"
                                          }
                                        ],
                                        "Plans": [
                                          {
                                            "Node Type": "Merge Join",
                                            "Parent Relationship": "Outer",
                                            "Parallel Aware": false,
                                            "Join Type": "Inner",
                                            "Startup Cost": 321230.85,
                                            "Total Cost": 321259.47,
                                            "Plan Rows": 8,
                                            "Plan Width": 39,
                                            "Actual Startup Time": 1599.71,
                                            "Actual Total Time": 1600.573,
                                            "Actual Rows": 21,
                                            "Actual Loops": 4,
                                            "Inner Unique": false,
                                            "Merge Cond": "(t2.id = ml.linked_movie_id)",
                                            "Plans": [
                                              {
                                                "Node Type": "Sort",
                                                "Parent Relationship": "Outer",
                                                "Parallel Aware": false,
                                                "Startup Cost": 319361.02,
                                                "Total Cost": 319362.83,
                                                "Plan Rows": 723,
                                                "Plan Width": 31,
                                                "Actual Startup Time": 1598.245,
                                                "Actual Total Time": 1598.564,
                                                "Actual Rows": 6494,
                                                "Actual Loops": 4,
                                                "Sort Key": [
                                                  "mi_idx2.movie_id"
                                                ],
                                                "Sort Method": "quicksort",
                                                "Sort Space Used": 714,
                                                "Sort Space Type": "Memory",
                                                "Workers": [
                                                  {
                                                    "Worker Number": 0,
                                                    "Sort Method": "quicksort",
                                                    "Sort Space Used": 714,
                                                    "Sort Space Type": "Memory"
                                                  },
                                                  {
                                                    "Worker Number": 1,
                                                    "Sort Method": "quicksort",
                                                    "Sort Space Used": 714,
                                                    "Sort Space Type": "Memory"
                                                  },
                                                  {
                                                    "Worker Number": 2,
                                                    "Sort Method": "quicksort",
                                                    "Sort Space Used": 714,
                                                    "Sort Space Type": "Memory"
                                                  }
                                                ],
                                                "Plans": [
                                                  {
                                                    "Node Type": "Merge Join",
                                                    "Parent Relationship": "Outer",
                                                    "Parallel Aware": false,
                                                    "Join Type": "Inner",
                                                    "Startup Cost": 318911.23,
                                                    "Total Cost": 319326.69,
                                                    "Plan Rows": 723,
                                                    "Plan Width": 31,
                                                    "Actual Startup Time": 1595.191,
                                                    "Actual Total Time": 1596.469,
                                                    "Actual Rows": 6494,
                                                    "Actual Loops": 4,
                                                    "Inner Unique": false,
                                                    "Merge Cond": "(it2.id = mi_idx2.info_type_id)",
                                                    "Plans": [
                                                      {
                                                        "Node Type": "Sort",
                                                        "Parent Relationship": "Outer",
                                                        "Parallel Aware": false,
                                                        "Startup Cost": 2.42,
                                                        "Total Cost": 2.43,
                                                        "Plan Rows": 1,
                                                        "Plan Width": 4,
                                                        "Actual Startup Time": 0.056,
                                                        "Actual Total Time": 0.057,
                                                        "Actual Rows": 1,
                                                        "Actual Loops": 4,
                                                        "Sort Key": [
                                                          "it2.id"
                                                        ],
                                                        "Sort Method": "quicksort",
                                                        "Sort Space Used": 25,
                                                        "Sort Space Type": "Memory",
                                                        "Workers": [
                                                          {
                                                            "Worker Number": 0,
                                                            "Sort Method": "quicksort",
                                                            "Sort Space Used": 25,
                                                            "Sort Space Type": "Memory"
                                                          },
                                                          {
                                                            "Worker Number": 1,
                                                            "Sort Method": "quicksort",
                                                            "Sort Space Used": 25,
                                                            "Sort Space Type": "Memory"
                                                          },
                                                          {
                                                            "Worker Number": 2,
                                                            "Sort Method": "quicksort",
                                                            "Sort Space Used": 25,
                                                            "Sort Space Type": "Memory"
                                                          }
                                                        ],
                                                        "Plans": [
                                                          {
                                                            "Node Type": "Seq Scan",
                                                            "Parent Relationship": "Outer",
                                                            "Parallel Aware": false,
                                                            "Relation Name": "info_type",
                                                            "Alias": "it2",
                                                            "Startup Cost": 0.0,
                                                            "Total Cost": 2.41,
                                                            "Plan Rows": 1,
                                                            "Plan Width": 4,
                                                            "Actual Startup Time": 0.051,
                                                            "Actual Total Time": 0.052,
                                                            "Actual Rows": 1,
                                                            "Actual Loops": 4,
                                                            "Filter": "((info)::text = 'rating'::text COLLATE \"C\")",
                                                            "Rows Removed by Filter": 112
                                                          }
                                                        ]
                                                      },
                                                      {
                                                        "Node Type": "Sort",
                                                        "Parent Relationship": "Inner",
                                                        "Parallel Aware": false,
                                                        "Startup Cost": 318908.8,
                                                        "Total Cost": 319112.91,
                                                        "Plan Rows": 81645,
                                                        "Plan Width": 35,
                                                        "Actual Startup Time": 1584.507,
                                                        "Actual Total Time": 1589.3,
                                                        "Actual Rows": 114893,
                                                        "Actual Loops": 4,
                                                        "Sort Key": [
                                                          "mi_idx2.info_type_id"
                                                        ],
                                                        "Sort Method": "quicksort",
                                                        "Sort Space Used": 13104,
                                                        "Sort Space Type": "Memory",
                                                        "Workers": [
                                                          {
                                                            "Worker Number": 0,
                                                            "Sort Method": "quicksort",
                                                            "Sort Space Used": 13104,
                                                            "Sort Space Type": "Memory"
                                                          },
                                                          {
                                                            "Worker Number": 1,
                                                            "Sort Method": "quicksort",
                                                            "Sort Space Used": 13104,
                                                            "Sort Space Type": "Memory"
                                                          },
                                                          {
                                                            "Worker Number": 2,
                                                            "Sort Method": "quicksort",
                                                            "Sort Space Used": 13104,
                                                            "Sort Space Type": "Memory"
                                                          }
                                                        ],
                                                        "Plans": [
                                                          {
                                                            "Node Type": "Merge Join",
                                                            "Parent Relationship": "Outer",
                                                            "Parallel Aware": false,
                                                            "Join Type": "Inner",
                                                            "Startup Cost": 306494.95,
                                                            "Total Cost": 312247.76,
                                                            "Plan Rows": 81645,
                                                            "Plan Width": 35,
                                                            "Actual Startup Time": 1301.701,
                                                            "Actual Total Time": 1549.478,
                                                            "Actual Rows": 114893,
                                                            "Actual Loops": 4,
                                                            "Inner Unique": false,
                                                            "Merge Cond": "(t2.id = mi_idx2.movie_id)",
                                                            "Plans": [
                                                              {
                                                                "Node Type": "Sort",
                                                                "Parent Relationship": "Outer",
                                                                "Parallel Aware": false,
                                                                "Startup Cost": 214684.44,
                                                                "Total Cost": 215435.47,
                                                                "Plan Rows": 300410,
                                                                "Plan Width": 21,
                                                                "Actual Startup Time": 948.117,
                                                                "Actual Total Time": 1046.287,
                                                                "Actual Rows": 738701,
                                                                "Actual Loops": 4,
                                                                "Sort Key": [
                                                                  "t2.id"
                                                                ],
                                                                "Sort Method": "quicksort",
                                                                "Sort Space Used": 74931,
                                                                "Sort Space Type": "Memory",
                                                                "Workers": [
                                                                  {
                                                                    "Worker Number": 0,
                                                                    "Sort Method": "quicksort",
                                                                    "Sort Space Used": 74931,
                                                                    "Sort Space Type": "Memory"
                                                                  },
                                                                  {
                                                                    "Worker Number": 1,
                                                                    "Sort Method": "quicksort",
                                                                    "Sort Space Used": 74931,
                                                                    "Sort Space Type": "Memory"
                                                                  },
                                                                  {
                                                                    "Worker Number": 2,
                                                                    "Sort Method": "quicksort",
                                                                    "Sort Space Used": 74931,
                                                                    "Sort Space Type": "Memory"
                                                                  }
                                                                ],
                                                                "Plans": [
                                                                  {
                                                                    "Node Type": "Merge Join",
                                                                    "Parent Relationship": "Outer",
                                                                    "Parallel Aware": false,
                                                                    "Join Type": "Inner",
                                                                    "Startup Cost": 179090.99,
                                                                    "Total Cost": 187352.28,
                                                                    "Plan Rows": 300410,
                                                                    "Plan Width": 21,
                                                                    "Actual Startup Time": 560.923,
                                                                    "Actual Total Time": 695.186,
                                                                    "Actual Rows": 738720,
                                                                    "Actual Loops": 4,
                                                                    "Inner Unique": false,
                                                                    "Merge Cond": "(kt2.id = t2.kind_id)",
                                                                    "Plans": [
                                                                      {
                                                                        "Node Type": "Sort",
                                                                        "Parent Relationship": "Outer",
                                                                        "Parallel Aware": false,
                                                                        "Startup Cost": 1.1,
                                                                        "Total Cost": 1.1,
                                                                        "Plan Rows": 2,
                                                                        "Plan Width": 4,
                                                                        "Actual Startup Time": 0.026,
                                                                        "Actual Total Time": 0.028,
                                                                        "Actual Rows": 2,
                                                                        "Actual Loops": 4,
                                                                        "Sort Key": [
                                                                          "kt2.id"
                                                                        ],
                                                                        "Sort Method": "quicksort",
                                                                        "Sort Space Used": 25,
                                                                        "Sort Space Type": "Memory",
                                                                        "Workers": [
                                                                          {
                                                                            "Worker Number": 0,
                                                                            "Sort Method": "quicksort",
                                                                            "Sort Space Used": 25,
                                                                            "Sort Space Type": "Memory"
                                                                          },
                                                                          {
                                                                            "Worker Number": 1,
                                                                            "Sort Method": "quicksort",
                                                                            "Sort Space Used": 25,
                                                                            "Sort Space Type": "Memory"
                                                                          },
                                                                          {
                                                                            "Worker Number": 2,
                                                                            "Sort Method": "quicksort",
                                                                            "Sort Space Used": 25,
                                                                            "Sort Space Type": "Memory"
                                                                          }
                                                                        ],
                                                                        "Plans": [
                                                                          {
                                                                            "Node Type": "Seq Scan",
                                                                            "Parent Relationship": "Outer",
                                                                            "Parallel Aware": false,
                                                                            "Relation Name": "kind_type",
                                                                            "Alias": "kt2",
                                                                            "Startup Cost": 0.0,
                                                                            "Total Cost": 1.09,
                                                                            "Plan Rows": 2,
                                                                            "Plan Width": 4,
                                                                            "Actual Startup Time": 0.013,
                                                                            "Actual Total Time": 0.014,
                                                                            "Actual Rows": 2,
                                                                            "Actual Loops": 4,
                                                                            "Filter": "((kind)::text = ANY ('{\"tv series\",episode}'::text[]))",
                                                                            "Rows Removed by Filter": 5
                                                                          }
                                                                        ]
                                                                      },
                                                                      {
                                                                        "Node Type": "Sort",
                                                                        "Parent Relationship": "Inner",
                                                                        "Parallel Aware": false,
                                                                        "Startup Cost": 179089.89,
                                                                        "Total Cost": 181718.48,
                                                                        "Plan Rows": 1051436,
                                                                        "Plan Width": 25,
                                                                        "Actual Startup Time": 543.771,
                                                                        "Actual Total Time": 595.021,
                                                                        "Actual Rows": 1042800,
                                                                        "Actual Loops": 4,
                                                                        "Sort Key": [
                                                                          "t2.kind_id"
                                                                        ],
                                                                        "Sort Method": "quicksort",
                                                                        "Sort Space Used": 103253,
                                                                        "Sort Space Type": "Memory",
                                                                        "Workers": [
                                                                          {
                                                                            "Worker Number": 0,
                                                                            "Sort Method": "quicksort",
                                                                            "Sort Space Used": 103253,
                                                                            "Sort Space Type": "Memory"
                                                                          },
                                                                          {
                                                                            "Worker Number": 1,
                                                                            "Sort Method": "quicksort",
                                                                            "Sort Space Used": 103253,
                                                                            "Sort Space Type": "Memory"
                                                                          },
                                                                          {
                                                                            "Worker Number": 2,
                                                                            "Sort Method": "quicksort",
                                                                            "Sort Space Used": 103253,
                                                                            "Sort Space Type": "Memory"
                                                                          }
                                                                        ],
                                                                        "Plans": [
                                                                          {
                                                                            "Node Type": "Seq Scan",
                                                                            "Parent Relationship": "Outer",
                                                                            "Parallel Aware": false,
                                                                            "Relation Name": "title",
                                                                            "Alias": "t2",
                                                                            "Startup Cost": 0.0,
                                                                            "Total Cost": 73925.64,
                                                                            "Plan Rows": 1051436,
                                                                            "Plan Width": 25,
                                                                            "Actual Startup Time": 0.012,
                                                                            "Actual Total Time": 307.405,
                                                                            "Actual Rows": 1042800,
                                                                            "Actual Loops": 4,
                                                                            "Filter": "((production_year >= 2000) AND (production_year <= 2010))",
                                                                            "Rows Removed by Filter": 1485512
                                                                          }
                                                                        ]
                                                                      }
                                                                    ]
                                                                  }
                                                                ]
                                                              },
                                                              {
                                                                "Node Type": "Sort",
                                                                "Parent Relationship": "Inner",
                                                                "Parallel Aware": false,
                                                                "Startup Cost": 91810.44,
                                                                "Total Cost": 93528.43,
                                                                "Plan Rows": 687197,
                                                                "Plan Width": 14,
                                                                "Actual Startup Time": 353.571,
                                                                "Actual Total Time": 380.306,
                                                                "Actual Rows": 687267,
                                                                "Actual Loops": 4,
                                                                "Sort Key": [
                                                                  "mi_idx2.movie_id"
                                                                ],
                                                                "Sort Method": "quicksort",
                                                                "Sort Space Used": 70500,
                                                                "Sort Space Type": "Memory",
                                                                "Workers": [
                                                                  {
                                                                    "Worker Number": 0,
                                                                    "Sort Method": "quicksort",
                                                                    "Sort Space Used": 70500,
                                                                    "Sort Space Type": "Memory"
                                                                  },
                                                                  {
                                                                    "Worker Number": 1,
                                                                    "Sort Method": "quicksort",
                                                                    "Sort Space Used": 70500,
                                                                    "Sort Space Type": "Memory"
                                                                  },
                                                                  {
                                                                    "Worker Number": 2,
                                                                    "Sort Method": "quicksort",
                                                                    "Sort Space Used": 70500,
                                                                    "Sort Space Type": "Memory"
                                                                  }
                                                                ],
                                                                "Plans": [
                                                                  {
                                                                    "Node Type": "Seq Scan",
                                                                    "Parent Relationship": "Outer",
                                                                    "Parallel Aware": false,
                                                                    "Relation Name": "movie_info_idx",
                                                                    "Alias": "mi_idx2",
                                                                    "Startup Cost": 0.0,
                                                                    "Total Cost": 25185.44,
                                                                    "Plan Rows": 687197,
                                                                    "Plan Width": 14,
                                                                    "Actual Startup Time": 0.044,
                                                                    "Actual Total Time": 156.262,
                                                                    "Actual Rows": 687267,
                                                                    "Actual Loops": 4,
                                                                    "Filter": "(info < '3.5'::text)",
                                                                    "Rows Removed by Filter": 692768
                                                                  }
                                                                ]
                                                              }
                                                            ]
                                                          }
                                                        ]
                                                      }
                                                    ]
                                                  }
                                                ]
                                              },
                                              {
                                                "Node Type": "Sort",
                                                "Parent Relationship": "Inner",
                                                "Parallel Aware": false,
                                                "Startup Cost": 1869.83,
                                                "Total Cost": 1882.33,
                                                "Plan Rows": 5000,
                                                "Plan Width": 8,
                                                "Actual Startup Time": 1.426,
                                                "Actual Total Time": 1.494,
                                                "Actual Rows": 1880,
                                                "Actual Loops": 4,
                                                "Sort Key": [
                                                  "ml.linked_movie_id"
                                                ],
                                                "Sort Method": "quicksort",
                                                "Sort Space Used": 205,
                                                "Sort Space Type": "Memory",
                                                "Workers": [
                                                  {
                                                    "Worker Number": 0,
                                                    "Sort Method": "quicksort",
                                                    "Sort Space Used": 205,
                                                    "Sort Space Type": "Memory"
                                                  },
                                                  {
                                                    "Worker Number": 1,
                                                    "Sort Method": "quicksort",
                                                    "Sort Space Used": 205,
                                                    "Sort Space Type": "Memory"
                                                  },
                                                  {
                                                    "Worker Number": 2,
                                                    "Sort Method": "quicksort",
                                                    "Sort Space Used": 205,
                                                    "Sort Space Type": "Memory"
                                                  }
                                                ],
                                                "Plans": [
                                                  {
                                                    "Node Type": "Merge Join",
                                                    "Parent Relationship": "Outer",
                                                    "Parallel Aware": false,
                                                    "Join Type": "Inner",
                                                    "Startup Cost": 0.42,
                                                    "Total Cost": 1562.63,
                                                    "Plan Rows": 5000,
                                                    "Plan Width": 8,
                                                    "Actual Startup Time": 0.063,
                                                    "Actual Total Time": 0.939,
                                                    "Actual Rows": 2315,
                                                    "Actual Loops": 4,
                                                    "Inner Unique": false,
                                                    "Merge Cond": "(lt.id = ml.link_type_id)",
                                                    "Plans": [
                                                      {
                                                        "Node Type": "Index Scan",
                                                        "Parent Relationship": "Outer",
                                                        "Parallel Aware": false,
                                                        "Scan Direction": "Forward",
                                                        "Index Name": "link_type_pkey",
                                                        "Relation Name": "link_type",
                                                        "Alias": "lt",
                                                        "Startup Cost": 0.14,
                                                        "Total Cost": 12.47,
                                                        "Plan Rows": 3,
                                                        "Plan Width": 4,
                                                        "Actual Startup Time": 0.03,
                                                        "Actual Total Time": 0.035,
                                                        "Actual Rows": 2,
                                                        "Actual Loops": 4,
                                                        "Filter": "((link)::text = ANY ('{sequel,follows,\"followed by\"}'::text[]))",
                                                        "Rows Removed by Filter": 16
                                                      },
                                                      {
                                                        "Node Type": "Index Scan",
                                                        "Parent Relationship": "Inner",
                                                        "Parallel Aware": false,
                                                        "Scan Direction": "Forward",
                                                        "Index Name": "link_type_id_movie_link",
                                                        "Relation Name": "movie_link",
                                                        "Alias": "ml",
                                                        "Startup Cost": 0.29,
                                                        "Total Cost": 1425.16,
                                                        "Plan Rows": 29997,
                                                        "Plan Width": 12,
                                                        "Actual Startup Time": 0.03,
                                                        "Actual Total Time": 0.644,
                                                        "Actual Rows": 2316,
                                                        "Actual Loops": 4
                                                      }
                                                    ]
                                                  }
                                                ]
                                              }
                                            ]
                                          }
                                        ]
                                      }
                                    ]
                                  }
                                ]
                              }
                            ]
                          }
                        ]
                      }
                    ]
                  }
                ]
              },
              {
                "Node Type": "Sort",
                "Parent Relationship": "Inner",
                "Parallel Aware": false,
                "Startup Cost": 1.1,
                "Total Cost": 1.1,
                "Plan Rows": 2,
                "Plan Width": 4,
                "Actual Startup Time": 0.036,
                "Actual Total Time": 0.037,
                "Actual Rows": 1,
                "Actual Loops": 4,
                "Sort Key": [
                  "kt1.id"
                ],
                "Sort Method": "quicksort",
                "Sort Space Used": 25,
                "Sort Space Type": "Memory",
                "Workers": [
                  {
                    "Worker Number": 0,
                    "Sort Method": "quicksort",
                    "Sort Space Used": 25,
                    "Sort Space Type": "Memory"
                  },
                  {
                    "Worker Number": 1,
                    "Sort Method": "quicksort",
                    "Sort Space Used": 25,
                    "Sort Space Type": "Memory"
                  },
                  {
                    "Worker Number": 2,
                    "Sort Method": "quicksort",
                    "Sort Space Used": 25,
                    "Sort Space Type": "Memory"
                  }
                ],
                "Plans": [
                  {
                    "Node Type": "Seq Scan",
                    "Parent Relationship": "Outer",
                    "Parallel Aware": false,
                    "Relation Name": "kind_type",
                    "Alias": "kt1",
                    "Startup Cost": 0.0,
                    "Total Cost": 1.09,
                    "Plan Rows": 2,
                    "Plan Width": 4,
                    "Actual Startup Time": 0.026,
                    "Actual Total Time": 0.028,
                    "Actual Rows": 2,
                    "Actual Loops": 4,
                    "Filter": "((kind)::text = ANY ('{\"tv series\",episode}'::text[]))",
                    "Rows Removed by Filter": 5
                  }
                ]
              }
            ]
          }
        ]
      }
    ]
  },
  "Planning Time": 225.291,
  "Triggers": [],
  "Execution Time": 8307.283
}