[
  {
    "Plan": {
      "Node Type": "Aggregate",
      "Strategy": "Plain",
      "Partial Mode": "Finalize",
      "Parallel Aware": false,
      "Startup Cost": 320042.74,
      "Total Cost": 320042.75,
      "Plan Rows": 1,
      "Plan Width": 8,
      "Actual Startup Time": 1709.316,
      "Actual Total Time": 1784.034,
      "Actual Rows": 1,
      "Actual Loops": 1,
      "Plans": [
        {
          "Node Type": "Gather",
          "Parent Relationship": "Outer",
          "Parallel Aware": false,
          "Startup Cost": 320042.32,
          "Total Cost": 320042.73,
          "Plan Rows": 4,
          "Plan Width": 8,
          "Actual Startup Time": 1697.661,
          "Actual Total Time": 1784.023,
          "Actual Rows": 5,
          "Actual Loops": 1,
          "Workers Planned": 4,
          "Workers Launched": 4,
          "Single Copy": false,
          "Plans": [
            {
              "Node Type": "Aggregate",
              "Strategy": "Plain",
              "Partial Mode": "Partial",
              "Parent Relationship": "Outer",
              "Parallel Aware": false,
              "Startup Cost": 319042.32,
              "Total Cost": 319042.33,
              "Plan Rows": 1,
              "Plan Width": 8,
              "Actual Startup Time": 1692.317,
              "Actual Total Time": 1692.319,
              "Actual Rows": 1,
              "Actual Loops": 5,
              "Plans": [
                {
                  "Node Type": "Nested Loop",
                  "Parent Relationship": "Outer",
                  "Parallel Aware": false,
                  "Join Type": "Inner",
                  "Startup Cost": 1.0,
                  "Total Cost": 317648.96,
                  "Plan Rows": 557346,
                  "Plan Width": 0,
                  "Actual Startup Time": 0.625,
                  "Actual Total Time": 1598.482,
                  "Actual Rows": 2113862,
                  "Actual Loops": 5,
                  "Inner Unique": false,
                  "Join Filter": "(t.id = ci.movie_id)",
                  "Rows Removed by Join Filter": 0,
                  "Plans": [
                    {
                      "Node Type": "Nested Loop",
                      "Parent Relationship": "Outer",
                      "Parallel Aware": false,
                      "Join Type": "Inner",
                      "Startup Cost": 0.43,
                      "Total Cost": 239846.98,
                      "Plan Rows": 42432,
                      "Plan Width": 8,
                      "Actual Startup Time": 0.395,
                      "Actual Total Time": 178.515,
                      "Actual Rows": 53755,
                      "Actual Loops": 5,
                      "Inner Unique": false,
                      "Plans": [
                        {
                          "Node Type": "Seq Scan",
                          "Parent Relationship": "Outer",
                          "Parallel Aware": true,
                          "Relation Name": "title",
                          "Alias": "t",
                          "Startup Cost": 0.0,
                          "Total Cost": 45479.1,
                          "Plan Rows": 7257,
                          "Plan Width": 4,
                          "Actual Startup Time": 0.168,
                          "Actual Total Time": 58.55,
                          "Actual Rows": 3816,
                          "Actual Loops": 5,
                          "Filter": "((kind_id < 3) AND (production_year = 2005))",
                          "Rows Removed by Filter": 501846
                        },
                        {
                          "Node Type": "Index Only Scan",
                          "Parent Relationship": "Inner",
                          "Parallel Aware": false,
                          "Scan Direction": "Forward",
                          "Index Name": "movie_id_movie_info",
                          "Relation Name": "movie_info",
                          "Alias": "mi",
                          "Startup Cost": 0.43,
                          "Total Cost": 26.36,
                          "Plan Rows": 42,
                          "Plan Width": 4,
                          "Actual Startup Time": 0.01,
                          "Actual Total Time": 0.03,
                          "Actual Rows": 14,
                          "Actual Loops": 19082,
                          "Index Cond": "(movie_id = t.id)",
                          "Rows Removed by Index Recheck": 0,
                          "Heap Fetches": 268776
                        }
                      ]
                    },
                    {
                      "Node Type": "Index Scan",
                      "Parent Relationship": "Inner",
                      "Parallel Aware": false,
                      "Scan Direction": "Forward",
                      "Index Name": "movie_id_cast_info",
                      "Relation Name": "cast_info",
                      "Alias": "ci",
                      "Startup Cost": 0.56,
                      "Total Cost": 1.41,
                      "Plan Rows": 34,
                      "Plan Width": 4,
                      "Actual Startup Time": 0.003,
                      "Actual Total Time": 0.023,
                      "Actual Rows": 39,
                      "Actual Loops": 268776,
                      "Index Cond": "(movie_id = mi.movie_id)",
                      "Rows Removed by Index Recheck": 0,
                      "Filter": "(person_id < 3516550)",
                      "Rows Removed by Filter": 11
                    }
                  ]
                }
              ]
            }
          ]
        }
      ]
    },
    "Planning Time": 1.413,
    "Triggers": [],
    "Execution Time": 1784.142
  }
]