[
    {
        "Bao": {
            "Bao prediction": 853.75,
            "Bao recommended hint": "(no hint)"
        }
    },
    {
        "Plan": {
            "Node Type": "Aggregate",
            "Strategy": "Plain",
            "Partial Mode": "Finalize",
            "Parallel Aware": false,
            "Startup Cost": 75180.83,
            "Total Cost": 75180.84,
            "Plan Rows": 1,
            "Plan Width": 8,
            "Actual Startup Time": 248.212,
            "Actual Total Time": 257.269,
            "Actual Rows": 1,
            "Actual Loops": 1,
            "Output": [
                "count(*)"
            ],
            "Plans": [
                {
                    "Node Type": "Gather",
                    "Parent Relationship": "Outer",
                    "Parallel Aware": false,
                    "Startup Cost": 75180.41,
                    "Total Cost": 75180.82,
                    "Plan Rows": 4,
                    "Plan Width": 8,
                    "Actual Startup Time": 246.201,
                    "Actual Total Time": 257.258,
                    "Actual Rows": 5,
                    "Actual Loops": 1,
                    "Output": [
                        "(PARTIAL count(*))"
                    ],
                    "Workers Planned": 4,
                    "Workers Launched": 4,
                    "Single Copy": false,
                    "Plans": [
                        {
                            "Node Type": "Aggregate",
                            "Strategy": "Plain",
                            "Partial Mode": "Partial",
                            "Parent Relationship": "Outer",
                            "Parallel Aware": false,
                            "Startup Cost": 74180.41,
                            "Total Cost": 74180.42,
                            "Plan Rows": 1,
                            "Plan Width": 8,
                            "Actual Startup Time": 236.966,
                            "Actual Total Time": 236.97,
                            "Actual Rows": 1,
                            "Actual Loops": 5,
                            "Output": [
                                "PARTIAL count(*)"
                            ],
                            "Workers": [
                                {
                                    "Worker Number": 0,
                                    "Actual Startup Time": 234.328,
                                    "Actual Total Time": 234.331,
                                    "Actual Rows": 1,
                                    "Actual Loops": 1
                                },
                                {
                                    "Worker Number": 1,
                                    "Actual Startup Time": 234.901,
                                    "Actual Total Time": 234.904,
                                    "Actual Rows": 1,
                                    "Actual Loops": 1
                                },
                                {
                                    "Worker Number": 2,
                                    "Actual Startup Time": 235.017,
                                    "Actual Total Time": 235.021,
                                    "Actual Rows": 1,
                                    "Actual Loops": 1
                                },
                                {
                                    "Worker Number": 3,
                                    "Actual Startup Time": 235.218,
                                    "Actual Total Time": 235.222,
                                    "Actual Rows": 1,
                                    "Actual Loops": 1
                                }
                            ],
                            "Plans": [
                                {
                                    "Node Type": "Hash Join",
                                    "Parent Relationship": "Outer",
                                    "Parallel Aware": true,
                                    "Join Type": "Inner",
                                    "Startup Cost": 27463.93,
                                    "Total Cost": 74117.36,
                                    "Plan Rows": 25220,
                                    "Plan Width": 0,
                                    "Actual Startup Time": 101.716,
                                    "Actual Total Time": 235.142,
                                    "Actual Rows": 19643,
                                    "Actual Loops": 5,
                                    "Inner Unique": false,
                                    "Hash Cond": "(t.id = mc.movie_id)",
                                    "Workers": [
                                        {
                                            "Worker Number": 0,
                                            "Actual Startup Time": 99.152,
                                            "Actual Total Time": 232.448,
                                            "Actual Rows": 18492,
                                            "Actual Loops": 1
                                        },
                                        {
                                            "Worker Number": 1,
                                            "Actual Startup Time": 99.68,
                                            "Actual Total Time": 233.004,
                                            "Actual Rows": 19006,
                                            "Actual Loops": 1
                                        },
                                        {
                                            "Worker Number": 2,
                                            "Actual Startup Time": 99.771,
                                            "Actual Total Time": 233.144,
                                            "Actual Rows": 18726,
                                            "Actual Loops": 1
                                        },
                                        {
                                            "Worker Number": 3,
                                            "Actual Startup Time": 99.773,
                                            "Actual Total Time": 233.321,
                                            "Actual Rows": 18932,
                                            "Actual Loops": 1
                                        }
                                    ],
                                    "Plans": [
                                        {
                                            "Node Type": "Seq Scan",
                                            "Parent Relationship": "Outer",
                                            "Parallel Aware": true,
                                            "Relation Name": "title",
                                            "Schema": "public",
                                            "Alias": "t",
                                            "Startup Cost": 0.0,
                                            "Total Cost": 45479.21,
                                            "Plan Rows": 218574,
                                            "Plan Width": 4,
                                            "Actual Startup Time": 0.01,
                                            "Actual Total Time": 88.13,
                                            "Actual Rows": 179358,
                                            "Actual Loops": 5,
                                            "Output": [
                                                "t.id",
                                                "t.title",
                                                "t.imdb_index",
                                                "t.kind_id",
                                                "t.production_year",
                                                "t.imdb_id",
                                                "t.phonetic_code",
                                                "t.episode_of_id",
                                                "t.season_nr",
                                                "t.episode_nr",
                                                "t.series_years",
                                                "t.md5sum"
                                            ],
                                            "Filter": "((t.kind_id < 7) AND (t.production_year < 2012))",
                                            "Rows Removed by Filter": 326305,
                                            "Workers": [
                                                {
                                                    "Worker Number": 0,
                                                    "Actual Startup Time": 0.012,
                                                    "Actual Total Time": 89.341,
                                                    "Actual Rows": 172208,
                                                    "Actual Loops": 1
                                                },
                                                {
                                                    "Worker Number": 1,
                                                    "Actual Startup Time": 0.01,
                                                    "Actual Total Time": 89.45,
                                                    "Actual Rows": 176703,
                                                    "Actual Loops": 1
                                                },
                                                {
                                                    "Worker Number": 2,
                                                    "Actual Startup Time": 0.01,
                                                    "Actual Total Time": 89.318,
                                                    "Actual Rows": 176284,
                                                    "Actual Loops": 1
                                                },
                                                {
                                                    "Worker Number": 3,
                                                    "Actual Startup Time": 0.01,
                                                    "Actual Total Time": 89.335,
                                                    "Actual Rows": 175280,
                                                    "Actual Loops": 1
                                                }
                                            ]
                                        },
                                        {
                                            "Node Type": "Hash",
                                            "Parent Relationship": "Inner",
                                            "Parallel Aware": true,
                                            "Startup Cost": 26287.62,
                                            "Total Cost": 26287.62,
                                            "Plan Rows": 94105,
                                            "Plan Width": 4,
                                            "Actual Startup Time": 98.928,
                                            "Actual Total Time": 98.93,
                                            "Actual Rows": 57063,
                                            "Actual Loops": 5,
                                            "Output": [
                                                "mc.movie_id"
                                            ],
                                            "Hash Buckets": 524288,
                                            "Original Hash Buckets": 524288,
                                            "Hash Batches": 1,
                                            "Original Hash Batches": 1,
                                            "Peak Memory Usage": 15296,
                                            "Workers": [
                                                {
                                                    "Worker Number": 0,
                                                    "Actual Startup Time": 98.674,
                                                    "Actual Total Time": 98.676,
                                                    "Actual Rows": 47963,
                                                    "Actual Loops": 1
                                                },
                                                {
                                                    "Worker Number": 1,
                                                    "Actual Startup Time": 99.316,
                                                    "Actual Total Time": 99.318,
                                                    "Actual Rows": 47370,
                                                    "Actual Loops": 1
                                                },
                                                {
                                                    "Worker Number": 2,
                                                    "Actual Startup Time": 99.365,
                                                    "Actual Total Time": 99.366,
                                                    "Actual Rows": 49782,
                                                    "Actual Loops": 1
                                                },
                                                {
                                                    "Worker Number": 3,
                                                    "Actual Startup Time": 99.34,
                                                    "Actual Total Time": 99.341,
                                                    "Actual Rows": 48053,
                                                    "Actual Loops": 1
                                                }
                                            ],
                                            "Plans": [
                                                {
                                                    "Node Type": "Bitmap Heap Scan",
                                                    "Parent Relationship": "Outer",
                                                    "Parallel Aware": true,
                                                    "Relation Name": "movie_companies",
                                                    "Schema": "public",
                                                    "Alias": "mc",
                                                    "Startup Cost": 6321.31,
                                                    "Total Cost": 26287.62,
                                                    "Plan Rows": 94105,
                                                    "Plan Width": 4,
                                                    "Actual Startup Time": 28.993,
                                                    "Actual Total Time": 72.391,
                                                    "Actual Rows": 57063,
                                                    "Actual Loops": 5,
                                                    "Output": [
                                                        "mc.movie_id"
                                                    ],
                                                    "Recheck Cond": "(mc.company_id < 159)",
                                                    "Rows Removed by Index Recheck": 0,
                                                    "Exact Heap Blocks": 5335,
                                                    "Lossy Heap Blocks": 0,
                                                    "Workers": [
                                                        {
                                                            "Worker Number": 0,
                                                            "Actual Startup Time": 28.912,
                                                            "Actual Total Time": 73.203,
                                                            "Actual Rows": 47963,
                                                            "Actual Loops": 1
                                                        },
                                                        {
                                                            "Worker Number": 1,
                                                            "Actual Startup Time": 29.172,
                                                            "Actual Total Time": 73.141,
                                                            "Actual Rows": 47370,
                                                            "Actual Loops": 1
                                                        },
                                                        {
                                                            "Worker Number": 2,
                                                            "Actual Startup Time": 29.041,
                                                            "Actual Total Time": 73.688,
                                                            "Actual Rows": 49782,
                                                            "Actual Loops": 1
                                                        },
                                                        {
                                                            "Worker Number": 3,
                                                            "Actual Startup Time": 28.969,
                                                            "Actual Total Time": 73.771,
                                                            "Actual Rows": 48053,
                                                            "Actual Loops": 1
                                                        }
                                                    ],
                                                    "Plans": [
                                                        {
                                                            "Node Type": "Bitmap Index Scan",
                                                            "Parent Relationship": "Outer",
                                                            "Parallel Aware": false,
                                                            "Index Name": "company_id_movie_companies",
                                                            "Startup Cost": 0.0,
                                                            "Total Cost": 6248.38,
                                                            "Plan Rows": 291726,
                                                            "Plan Width": 0,
                                                            "Actual Startup Time": 24.807,
                                                            "Actual Total Time": 24.807,
                                                            "Actual Rows": 285317,
                                                            "Actual Loops": 1,
                                                            "Index Cond": "(mc.company_id < 159)"
                                                        }
                                                    ]
                                                }
                                            ]
                                        }
                                    ]
                                }
                            ]
                        }
                    ]
                }
            ]
        },
        "Planning Time": 3941.914,
        "Triggers": [],
        "Execution Time": 257.41
    }
]