[
  {
    "Plan": {
      "Node Type": "Aggregate",
      "Strategy": "Plain",
      "Partial Mode": "Finalize",
      "Parallel Aware": false,
      "Startup Cost": 198556.26,
      "Total Cost": 198556.27,
      "Plan Rows": 1,
      "Plan Width": 8,
      "Actual Startup Time": 760.721,
      "Actual Total Time": 784.306,
      "Actual Rows": 1,
      "Actual Loops": 1,
      "Plans": [
        {
          "Node Type": "Gather",
          "Parent Relationship": "Outer",
          "Parallel Aware": false,
          "Startup Cost": 198555.84,
          "Total Cost": 198556.25,
          "Plan Rows": 4,
          "Plan Width": 8,
          "Actual Startup Time": 748.255,
          "Actual Total Time": 784.294,
          "Actual Rows": 5,
          "Actual Loops": 1,
          "Workers Planned": 4,
          "Workers Launched": 4,
          "Single Copy": false,
          "Plans": [
            {
              "Node Type": "Aggregate",
              "Strategy": "Plain",
              "Partial Mode": "Partial",
              "Parent Relationship": "Outer",
              "Parallel Aware": false,
              "Startup Cost": 197555.84,
              "Total Cost": 197555.85,
              "Plan Rows": 1,
              "Plan Width": 8,
              "Actual Startup Time": 738.056,
              "Actual Total Time": 738.291,
              "Actual Rows": 1,
              "Actual Loops": 5,
              "Plans": [
                {
                  "Node Type": "Hash Join",
                  "Parent Relationship": "Outer",
                  "Parallel Aware": true,
                  "Join Type": "Inner",
                  "Startup Cost": 152599.33,
                  "Total Cost": 197468.1,
                  "Plan Rows": 35096,
                  "Plan Width": 0,
                  "Actual Startup Time": 538.502,
                  "Actual Total Time": 728.962,
                  "Actual Rows": 234327,
                  "Actual Loops": 5,
                  "Inner Unique": false,
                  "Hash Cond": "(t.id = mc.movie_id)",
                  "Plans": [
                    {
                      "Node Type": "Seq Scan",
                      "Parent Relationship": "Outer",
                      "Parallel Aware": true,
                      "Relation Name": "title",
                      "Alias": "t",
                      "Startup Cost": 0.0,
                      "Total Cost": 42318.73,
                      "Plan Rows": 632073,
                      "Plan Width": 4,
                      "Actual Startup Time": 0.018,
                      "Actual Total Time": 63.702,
                      "Actual Rows": 505662,
                      "Actual Loops": 5
                    },
                    {
                      "Node Type": "Hash",
                      "Parent Relationship": "Inner",
                      "Parallel Aware": true,
                      "Startup Cost": 151700.49,
                      "Total Cost": 151700.49,
                      "Plan Rows": 71907,
                      "Plan Width": 8,
                      "Actual Startup Time": 503.706,
                      "Actual Total Time": 503.939,
                      "Actual Rows": 234327,
                      "Actual Loops": 5,
                      "Hash Buckets": 2097152,
                      "Original Hash Buckets": 524288,
                      "Hash Batches": 1,
                      "Original Hash Batches": 1,
                      "Peak Memory Usage": 74624,
                      "Plans": [
                        {
                          "Node Type": "Hash Join",
                          "Parent Relationship": "Outer",
                          "Parallel Aware": true,
                          "Join Type": "Inner",
                          "Startup Cost": 30996.31,
                          "Total Cost": 151700.49,
                          "Plan Rows": 71907,
                          "Plan Width": 8,
                          "Actual Startup Time": 101.806,
                          "Actual Total Time": 401.62,
                          "Actual Rows": 234327,
                          "Actual Loops": 5,
                          "Inner Unique": false,
                          "Hash Cond": "(ci.movie_id = mc.movie_id)",
                          "Plans": [
                            {
                              "Node Type": "Index Scan",
                              "Parent Relationship": "Outer",
                              "Parallel Aware": true,
                              "Scan Direction": "Forward",
                              "Index Name": "role_id_cast_info",
                              "Relation Name": "cast_info",
                              "Alias": "ci",
                              "Startup Cost": 0.56,
                              "Total Cost": 119623.46,
                              "Plan Rows": 169866,
                              "Plan Width": 4,
                              "Actual Startup Time": 0.207,
                              "Actual Total Time": 154.707,
                              "Actual Rows": 557331,
                              "Actual Loops": 5,
                              "Index Cond": "(role_id = 10)",
                              "Rows Removed by Index Recheck": 0,
                              "Filter": "(person_id > 2975736)",
                              "Rows Removed by Filter": 307273
                            },
                            {
                              "Node Type": "Hash",
                              "Parent Relationship": "Inner",
                              "Parallel Aware": true,
                              "Startup Cost": 29310.68,
                              "Total Cost": 29310.68,
                              "Plan Rows": 134805,
                              "Plan Width": 4,
                              "Actual Startup Time": 100.136,
                              "Actual Total Time": 100.137,
                              "Actual Rows": 85025,
                              "Actual Loops": 5,
                              "Hash Buckets": 524288,
                              "Original Hash Buckets": 524288,
                              "Hash Batches": 1,
                              "Original Hash Batches": 1,
                              "Peak Memory Usage": 20800,
                              "Plans": [
                                {
                                  "Node Type": "Seq Scan",
                                  "Parent Relationship": "Outer",
                                  "Parallel Aware": true,
                                  "Relation Name": "movie_companies",
                                  "Alias": "mc",
                                  "Startup Cost": 0.0,
                                  "Total Cost": 29310.68,
                                  "Plan Rows": 134805,
                                  "Plan Width": 4,
                                  "Actual Startup Time": 46.093,
                                  "Actual Total Time": 69.81,
                                  "Actual Rows": 85025,
                                  "Actual Loops": 5,
                                  "Filter": "(company_id > 79698)",
                                  "Rows Removed by Filter": 436800
                                }
                              ]
                            }
                          ]
                        }
                      ]
                    }
                  ]
                }
              ]
            }
          ]
        }
      ]
    },
    "Planning Time": 1.518,
    "Triggers": [],
    "Execution Time": 784.402
  }
]