[
  {
    "Plan": {
      "Node Type": "Aggregate",
      "Strategy": "Plain",
      "Partial Mode": "Finalize",
      "Parallel Aware": false,
      "Startup Cost": 345727.15,
      "Total Cost": 345727.16,
      "Plan Rows": 1,
      "Plan Width": 8,
      "Actual Startup Time": 593.079,
      "Actual Total Time": 639.452,
      "Actual Rows": 1,
      "Actual Loops": 1,
      "Plans": [
        {
          "Node Type": "Gather",
          "Parent Relationship": "Outer",
          "Parallel Aware": false,
          "Startup Cost": 345726.53,
          "Total Cost": 345727.14,
          "Plan Rows": 6,
          "Plan Width": 8,
          "Actual Startup Time": 592.858,
          "Actual Total Time": 639.432,
          "Actual Rows": 7,
          "Actual Loops": 1,
          "Workers Planned": 6,
          "Workers Launched": 6,
          "Single Copy": false,
          "Plans": [
            {
              "Node Type": "Aggregate",
              "Strategy": "Plain",
              "Partial Mode": "Partial",
              "Parent Relationship": "Outer",
              "Parallel Aware": false,
              "Startup Cost": 344726.53,
              "Total Cost": 344726.54,
              "Plan Rows": 1,
              "Plan Width": 8,
              "Actual Startup Time": 583.081,
              "Actual Total Time": 583.082,
              "Actual Rows": 1,
              "Actual Loops": 7,
              "Plans": [
                {
                  "Node Type": "Seq Scan",
                  "Parent Relationship": "Outer",
                  "Parallel Aware": true,
                  "Relation Name": "cast_info",
                  "Alias": "ci",
                  "Startup Cost": 0.0,
                  "Total Cost": 343316.27,
                  "Plan Rows": 564102,
                  "Plan Width": 0,
                  "Actual Startup Time": 216.571,
                  "Actual Total Time": 573.148,
                  "Actual Rows": 213529,
                  "Actual Loops": 7,
                  "Filter": "((person_id < 519432) AND (role_id > 1))",
                  "Rows Removed by Filter": 4964235
                }
              ]
            }
          ]
        }
      ]
    },
    "Planning Time": 0.194,
    "Triggers": [],
    "Execution Time": 639.519
  }
]