[
  {
    "Plan": {
      "Node Type": "Aggregate",
      "Strategy": "Plain",
      "Partial Mode": "Finalize",
      "Parallel Aware": false,
      "Startup Cost": 345680.37,
      "Total Cost": 345680.38,
      "Plan Rows": 1,
      "Plan Width": 8,
      "Actual Startup Time": 654.114,
      "Actual Total Time": 715.008,
      "Actual Rows": 1,
      "Actual Loops": 1,
      "Plans": [
        {
          "Node Type": "Gather",
          "Parent Relationship": "Outer",
          "Parallel Aware": false,
          "Startup Cost": 345679.75,
          "Total Cost": 345680.36,
          "Plan Rows": 6,
          "Plan Width": 8,
          "Actual Startup Time": 653.987,
          "Actual Total Time": 714.995,
          "Actual Rows": 7,
          "Actual Loops": 1,
          "Workers Planned": 6,
          "Workers Launched": 6,
          "Single Copy": false,
          "Plans": [
            {
              "Node Type": "Aggregate",
              "Strategy": "Plain",
              "Partial Mode": "Partial",
              "Parent Relationship": "Outer",
              "Parallel Aware": false,
              "Startup Cost": 344679.75,
              "Total Cost": 344679.76,
              "Plan Rows": 1,
              "Plan Width": 8,
              "Actual Startup Time": 644.397,
              "Actual Total Time": 644.398,
              "Actual Rows": 1,
              "Actual Loops": 7,
              "Plans": [
                {
                  "Node Type": "Seq Scan",
                  "Parent Relationship": "Outer",
                  "Parallel Aware": true,
                  "Relation Name": "cast_info",
                  "Alias": "ci",
                  "Startup Cost": 0.0,
                  "Total Cost": 343257.03,
                  "Plan Rows": 569088,
                  "Plan Width": 0,
                  "Actual Startup Time": 235.891,
                  "Actual Total Time": 633.879,
                  "Actual Rows": 213529,
                  "Actual Loops": 7,
                  "Filter": "((person_id < 519432) AND (role_id > 1))",
                  "Rows Removed by Filter": 4964235
                }
              ]
            }
          ]
        }
      ]
    },
    "Planning Time": 0.155,
    "Triggers": [],
    "Execution Time": 715.069
  }
]