[
  {
    "Plan": {
      "Node Type": "Aggregate",
      "Strategy": "Plain",
      "Partial Mode": "Simple",
      "Parallel Aware": false,
      "Startup Cost": 14800.25,
      "Total Cost": 14800.26,
      "Plan Rows": 1,
      "Plan Width": 8,
      "Actual Startup Time": 15.182,
      "Actual Total Time": 15.184,
      "Actual Rows": 1,
      "Actual Loops": 1,
      "Plans": [
        {
          "Node Type": "Bitmap Heap Scan",
          "Parent Relationship": "Outer",
          "Parallel Aware": false,
          "Relation Name": "movie_companies",
          "Alias": "mc",
          "Startup Cost": 172.1,
          "Total Cost": 14790.62,
          "Plan Rows": 3853,
          "Plan Width": 0,
          "Actual Startup Time": 3.086,
          "Actual Total Time": 14.461,
          "Actual Rows": 4350,
          "Actual Loops": 1,
          "Recheck Cond": "(company_id = 225)",
          "Rows Removed by Index Recheck": 0,
          "Filter": "(company_type_id = 1)",
          "Rows Removed by Filter": 4675,
          "Exact Heap Blocks": 3053,
          "Lossy Heap Blocks": 0,
          "Plans": [
            {
              "Node Type": "Bitmap Index Scan",
              "Parent Relationship": "Outer",
              "Parallel Aware": false,
              "Index Name": "company_id_movie_companies",
              "Startup Cost": 0.0,
              "Total Cost": 171.13,
              "Plan Rows": 7827,
              "Plan Width": 0,
              "Actual Startup Time": 1.804,
              "Actual Total Time": 1.805,
              "Actual Rows": 9025,
              "Actual Loops": 1,
              "Index Cond": "(company_id = 225)"
            }
          ]
        }
      ]
    },
    "Planning Time": 0.21,
    "Triggers": [],
    "Execution Time": 15.251
  }
]