[
  {
    "Plan": {
      "Node Type": "Aggregate",
      "Strategy": "Plain",
      "Partial Mode": "Simple",
      "Parallel Aware": false,
      "Startup Cost": 14791.61,
      "Total Cost": 14791.62,
      "Plan Rows": 1,
      "Plan Width": 8,
      "Actual Startup Time": 17.476,
      "Actual Total Time": 17.477,
      "Actual Rows": 1,
      "Actual Loops": 1,
      "Plans": [
        {
          "Node Type": "Bitmap Heap Scan",
          "Parent Relationship": "Outer",
          "Parallel Aware": false,
          "Relation Name": "movie_companies",
          "Alias": "mc",
          "Startup Cost": 173.09,
          "Total Cost": 14772.04,
          "Plan Rows": 7827,
          "Plan Width": 0,
          "Actual Startup Time": 4.887,
          "Actual Total Time": 16.408,
          "Actual Rows": 7151,
          "Actual Loops": 1,
          "Recheck Cond": "(company_id = 7851)",
          "Rows Removed by Index Recheck": 0,
          "Exact Heap Blocks": 4114,
          "Lossy Heap Blocks": 0,
          "Plans": [
            {
              "Node Type": "Bitmap Index Scan",
              "Parent Relationship": "Outer",
              "Parallel Aware": false,
              "Index Name": "company_id_movie_companies",
              "Startup Cost": 0.0,
              "Total Cost": 171.13,
              "Plan Rows": 7827,
              "Plan Width": 0,
              "Actual Startup Time": 3.015,
              "Actual Total Time": 3.016,
              "Actual Rows": 7151,
              "Actual Loops": 1,
              "Index Cond": "(company_id = 7851)"
            }
          ]
        }
      ]
    },
    "Planning Time": 0.177,
    "Triggers": [],
    "Execution Time": 17.542
  }
]