{
  "Plan": {
    "Node Type": "Aggregate",
    "Strategy": "Plain",
    "Partial Mode": "Finalize",
    "Parallel Aware": false,
    "Startup Cost": 20710.41,
    "Total Cost": 20710.42,
    "Plan Rows": 1,
    "Plan Width": 8,
    "Actual Startup Time": 26.415,
    "Actual Total Time": 30.302,
    "Actual Rows": 1,
    "Actual Loops": 1,
    "Plans": [
      {
        "Node Type": "Gather",
        "Parent Relationship": "Outer",
        "Parallel Aware": false,
        "Startup Cost": 20710.3,
        "Total Cost": 20710.41,
        "Plan Rows": 1,
        "Plan Width": 8,
        "Actual Startup Time": 26.288,
        "Actual Total Time": 30.294,
        "Actual Rows": 2,
        "Actual Loops": 1,
        "Workers Planned": 1,
        "Workers Launched": 1,
        "Single Copy": false,
        "Plans": [
          {
            "Node Type": "Aggregate",
            "Strategy": "Plain",
            "Partial Mode": "Partial",
            "Parent Relationship": "Outer",
            "Parallel Aware": false,
            "Startup Cost": 19710.3,
            "Total Cost": 19710.31,
            "Plan Rows": 1,
            "Plan Width": 8,
            "Actual Startup Time": 20.152,
            "Actual Total Time": 20.154,
            "Actual Rows": 1,
            "Actual Loops": 2,
            "Plans": [
              {
                "Node Type": "Nested Loop",
                "Parent Relationship": "Outer",
                "Parallel Aware": false,
                "Join Type": "Inner",
                "Startup Cost": 92.69,
                "Total Cost": 19709.95,
                "Plan Rows": 138,
                "Plan Width": 0,
                "Actual Startup Time": 3.126,
                "Actual Total Time": 20.113,
                "Actual Rows": 116,
                "Actual Loops": 2,
                "Inner Unique": true,
                "Plans": [
                  {
                    "Node Type": "Bitmap Heap Scan",
                    "Parent Relationship": "Outer",
                    "Parallel Aware": true,
                    "Relation Name": "movie_companies",
                    "Alias": "mc",
                    "Startup Cost": 92.26,
                    "Total Cost": 10119.21,
                    "Plan Rows": 1209,
                    "Plan Width": 4,
                    "Actual Startup Time": 1.591,
                    "Actual Total Time": 5.69,
                    "Actual Rows": 1570,
                    "Actual Loops": 2,
                    "Recheck Cond": "(company_id = 452)",
                    "Rows Removed by Index Recheck": 0,
                    "Filter": "(company_type_id < 2)",
                    "Rows Removed by Filter": 37,
                    "Exact Heap Blocks": 1227,
                    "Lossy Heap Blocks": 0,
                    "Plans": [
                      {
                        "Node Type": "Bitmap Index Scan",
                        "Parent Relationship": "Outer",
                        "Parallel Aware": false,
                        "Index Name": "company_id_movie_companies",
                        "Startup Cost": 0.0,
                        "Total Cost": 91.74,
                        "Plan Rows": 4175,
                        "Plan Width": 0,
                        "Actual Startup Time": 2.379,
                        "Actual Total Time": 2.38,
                        "Actual Rows": 3213,
                        "Actual Loops": 1,
                        "Index Cond": "(company_id = 452)"
                      }
                    ]
                  },
                  {
                    "Node Type": "Index Scan",
                    "Parent Relationship": "Inner",
                    "Parallel Aware": false,
                    "Scan Direction": "Forward",
                    "Index Name": "title_pkey",
                    "Relation Name": "title",
                    "Alias": "t",
                    "Startup Cost": 0.43,
                    "Total Cost": 7.93,
                    "Plan Rows": 1,
                    "Plan Width": 4,
                    "Actual Startup Time": 0.009,
                    "Actual Total Time": 0.009,
                    "Actual Rows": 0,
                    "Actual Loops": 3139,
                    "Index Cond": "(id = mc.movie_id)",
                    "Rows Removed by Index Recheck": 0,
                    "Filter": "((kind_id > 1) AND (production_year > 2010))",
                    "Rows Removed by Filter": 1
                  }
                ]
              }
            ]
          }
        ]
      }
    ]
  },
  "Planning Time": 0.509,
  "Triggers": [],
  "Execution Time": 30.397
}