{
  "Plan": {
    "Node Type": "Aggregate",
    "Strategy": "Plain",
    "Partial Mode": "Finalize",
    "Parallel Aware": false,
    "Startup Cost": 442439.09,
    "Total Cost": 442439.1,
    "Plan Rows": 1,
    "Plan Width": 8,
    "Actual Startup Time": 5031.759,
    "Actual Total Time": 5086.339,
    "Actual Rows": 1,
    "Actual Loops": 1,
    "Plans": [
      {
        "Node Type": "Gather",
        "Parent Relationship": "Outer",
        "Parallel Aware": false,
        "Startup Cost": 442438.98,
        "Total Cost": 442439.09,
        "Plan Rows": 1,
        "Plan Width": 8,
        "Actual Startup Time": 5023.676,
        "Actual Total Time": 5086.329,
        "Actual Rows": 2,
        "Actual Loops": 1,
        "Workers Planned": 1,
        "Workers Launched": 1,
        "Single Copy": false,
        "Plans": [
          {
            "Node Type": "Aggregate",
            "Strategy": "Plain",
            "Partial Mode": "Partial",
            "Parent Relationship": "Outer",
            "Parallel Aware": false,
            "Startup Cost": 441438.98,
            "Total Cost": 441438.99,
            "Plan Rows": 1,
            "Plan Width": 8,
            "Actual Startup Time": 5016.454,
            "Actual Total Time": 5017.826,
            "Actual Rows": 1,
            "Actual Loops": 2,
            "Plans": [
              {
                "Node Type": "Hash Join",
                "Parent Relationship": "Outer",
                "Parallel Aware": true,
                "Join Type": "Inner",
                "Startup Cost": 139662.7,
                "Total Cost": 436306.71,
                "Plan Rows": 2052910,
                "Plan Width": 0,
                "Actual Startup Time": 1042.078,
                "Actual Total Time": 3987.931,
                "Actual Rows": 27116736,
                "Actual Loops": 2,
                "Inner Unique": false,
                "Hash Cond": "(mi.movie_id = t.id)",
                "Plans": [
                  {
                    "Node Type": "Seq Scan",
                    "Parent Relationship": "Outer",
                    "Parallel Aware": true,
                    "Relation Name": "movie_info",
                    "Alias": "mi",
                    "Startup Cost": 0.0,
                    "Total Cost": 270696.42,
                    "Plan Rows": 3699105,
                    "Plan Width": 4,
                    "Actual Startup Time": 33.843,
                    "Actual Total Time": 672.732,
                    "Actual Rows": 3111747,
                    "Actual Loops": 2,
                    "Filter": "(info_type_id > 8)",
                    "Rows Removed by Filter": 4306113
                  },
                  {
                    "Node Type": "Hash",
                    "Parent Relationship": "Inner",
                    "Parallel Aware": true,
                    "Startup Cost": 129345.5,
                    "Total Cost": 129345.5,
                    "Plan Rows": 825376,
                    "Plan Width": 8,
                    "Actual Startup Time": 991.533,
                    "Actual Total Time": 992.903,
                    "Actual Rows": 703709,
                    "Actual Loops": 2,
                    "Hash Buckets": 2097152,
                    "Original Hash Buckets": 2097152,
                    "Hash Batches": 1,
                    "Original Hash Batches": 1,
                    "Peak Memory Usage": 71488,
                    "Plans": [
                      {
                        "Node Type": "Hash Join",
                        "Parent Relationship": "Outer",
                        "Parallel Aware": true,
                        "Join Type": "Inner",
                        "Startup Cost": 69460.7,
                        "Total Cost": 129345.5,
                        "Plan Rows": 825376,
                        "Plan Width": 8,
                        "Actual Startup Time": 529.894,
                        "Actual Total Time": 856.059,
                        "Actual Rows": 703709,
                        "Actual Loops": 2,
                        "Inner Unique": true,
                        "Hash Cond": "(mk.movie_id = t.id)",
                        "Plans": [
                          {
                            "Node Type": "Seq Scan",
                            "Parent Relationship": "Outer",
                            "Parallel Aware": true,
                            "Relation Name": "movie_keyword",
                            "Alias": "mk",
                            "Startup Cost": 0.0,
                            "Total Cost": 57718.19,
                            "Plan Rows": 825376,
                            "Plan Width": 4,
                            "Actual Startup Time": 1.176,
                            "Actual Total Time": 175.033,
                            "Actual Rows": 703709,
                            "Actual Loops": 2,
                            "Filter": "(keyword_id > 11889)",
                            "Rows Removed by Filter": 1558256
                          },
                          {
                            "Node Type": "Hash",
                            "Parent Relationship": "Inner",
                            "Parallel Aware": true,
                            "Startup Cost": 50870.31,
                            "Total Cost": 50870.31,
                            "Plan Rows": 1487231,
                            "Plan Width": 4,
                            "Actual Startup Time": 515.339,
                            "Actual Total Time": 515.34,
                            "Actual Rows": 1264156,
                            "Actual Loops": 2,
                            "Hash Buckets": 4194304,
                            "Original Hash Buckets": 4194304,
                            "Hash Batches": 1,
                            "Original Hash Batches": 1,
                            "Peak Memory Usage": 131712,
                            "Plans": [
                              {
                                "Node Type": "Seq Scan",
                                "Parent Relationship": "Outer",
                                "Parallel Aware": true,
                                "Relation Name": "title",
                                "Alias": "t",
                                "Startup Cost": 0.0,
                                "Total Cost": 50870.31,
                                "Plan Rows": 1487231,
                                "Plan Width": 4,
                                "Actual Startup Time": 0.026,
                                "Actual Total Time": 150.625,
                                "Actual Rows": 1264156,
                                "Actual Loops": 2
                              }
                            ]
                          }
                        ]
                      }
                    ]
                  }
                ]
              }
            ]
          }
        ]
      }
    ]
  },
  "Planning Time": 0.959,
  "Triggers": [],
  "Execution Time": 5086.418
}