[
  {
    "Plan": {
      "Node Type": "Aggregate",
      "Strategy": "Plain",
      "Partial Mode": "Finalize",
      "Parallel Aware": false,
      "Startup Cost": 27161.26,
      "Total Cost": 27161.27,
      "Plan Rows": 1,
      "Plan Width": 8,
      "Actual Startup Time": 55.941,
      "Actual Total Time": 62.641,
      "Actual Rows": 1,
      "Actual Loops": 1,
      "Plans": [
        {
          "Node Type": "Gather",
          "Parent Relationship": "Outer",
          "Parallel Aware": false,
          "Startup Cost": 27160.94,
          "Total Cost": 27161.25,
          "Plan Rows": 3,
          "Plan Width": 8,
          "Actual Startup Time": 55.703,
          "Actual Total Time": 62.635,
          "Actual Rows": 4,
          "Actual Loops": 1,
          "Workers Planned": 3,
          "Workers Launched": 3,
          "Single Copy": false,
          "Plans": [
            {
              "Node Type": "Aggregate",
              "Strategy": "Plain",
              "Partial Mode": "Partial",
              "Parent Relationship": "Outer",
              "Parallel Aware": false,
              "Startup Cost": 26160.94,
              "Total Cost": 26160.95,
              "Plan Rows": 1,
              "Plan Width": 8,
              "Actual Startup Time": 52.375,
              "Actual Total Time": 52.376,
              "Actual Rows": 1,
              "Actual Loops": 4,
              "Plans": [
                {
                  "Node Type": "Bitmap Heap Scan",
                  "Parent Relationship": "Outer",
                  "Parallel Aware": true,
                  "Relation Name": "movie_companies",
                  "Alias": "mc",
                  "Startup Cost": 5926.59,
                  "Total Cost": 26047.57,
                  "Plan Rows": 45348,
                  "Plan Width": 0,
                  "Actual Startup Time": 39.703,
                  "Actual Total Time": 51.614,
                  "Actual Rows": 15972,
                  "Actual Loops": 4,
                  "Recheck Cond": "(company_id < 143)",
                  "Rows Removed by Index Recheck": 0,
                  "Filter": "(company_type_id > 1)",
                  "Rows Removed by Filter": 51750,
                  "Exact Heap Blocks": 8122,
                  "Lossy Heap Blocks": 0,
                  "Plans": [
                    {
                      "Node Type": "Bitmap Index Scan",
                      "Parent Relationship": "Outer",
                      "Parallel Aware": false,
                      "Index Name": "company_id_movie_companies",
                      "Startup Cost": 0.0,
                      "Total Cost": 5891.45,
                      "Plan Rows": 275069,
                      "Plan Width": 0,
                      "Actual Startup Time": 13.947,
                      "Actual Total Time": 13.948,
                      "Actual Rows": 270886,
                      "Actual Loops": 1,
                      "Index Cond": "(company_id < 143)"
                    }
                  ]
                }
              ]
            }
          ]
        }
      ]
    },
    "Planning Time": 0.106,
    "Triggers": [],
    "Execution Time": 62.678
  }
]