[
  {
    "Plan": {
      "Node Type": "Aggregate",
      "Strategy": "Plain",
      "Partial Mode": "Finalize",
      "Parallel Aware": false,
      "Startup Cost": 49192.9,
      "Total Cost": 49192.91,
      "Plan Rows": 1,
      "Plan Width": 8,
      "Actual Startup Time": 100.014,
      "Actual Total Time": 112.711,
      "Actual Rows": 1,
      "Actual Loops": 1,
      "Plans": [
        {
          "Node Type": "Gather",
          "Parent Relationship": "Outer",
          "Parallel Aware": false,
          "Startup Cost": 49192.48,
          "Total Cost": 49192.89,
          "Plan Rows": 4,
          "Plan Width": 8,
          "Actual Startup Time": 99.656,
          "Actual Total Time": 112.7,
          "Actual Rows": 5,
          "Actual Loops": 1,
          "Workers Planned": 4,
          "Workers Launched": 4,
          "Single Copy": false,
          "Plans": [
            {
              "Node Type": "Aggregate",
              "Strategy": "Plain",
              "Partial Mode": "Partial",
              "Parent Relationship": "Outer",
              "Parallel Aware": false,
              "Startup Cost": 48192.48,
              "Total Cost": 48192.49,
              "Plan Rows": 1,
              "Plan Width": 8,
              "Actual Startup Time": 90.757,
              "Actual Total Time": 90.759,
              "Actual Rows": 1,
              "Actual Loops": 5,
              "Plans": [
                {
                  "Node Type": "Nested Loop",
                  "Parent Relationship": "Outer",
                  "Parallel Aware": false,
                  "Join Type": "Inner",
                  "Startup Cost": 0.43,
                  "Total Cost": 48192.0,
                  "Plan Rows": 190,
                  "Plan Width": 0,
                  "Actual Startup Time": 7.645,
                  "Actual Total Time": 90.691,
                  "Actual Rows": 672,
                  "Actual Loops": 5,
                  "Inner Unique": false,
                  "Plans": [
                    {
                      "Node Type": "Seq Scan",
                      "Parent Relationship": "Outer",
                      "Parallel Aware": true,
                      "Relation Name": "title",
                      "Alias": "t",
                      "Startup Cost": 0.0,
                      "Total Cost": 45479.59,
                      "Plan Rows": 348,
                      "Plan Width": 4,
                      "Actual Startup Time": 2.328,
                      "Actual Total Time": 84.278,
                      "Actual Rows": 544,
                      "Actual Loops": 5,
                      "Filter": "((kind_id < 4) AND (production_year = 1950))",
                      "Rows Removed by Filter": 505118
                    },
                    {
                      "Node Type": "Index Only Scan",
                      "Parent Relationship": "Inner",
                      "Parallel Aware": false,
                      "Scan Direction": "Forward",
                      "Index Name": "movie_id_movie_info_idx",
                      "Relation Name": "movie_info_idx",
                      "Alias": "mi_idx",
                      "Startup Cost": 0.43,
                      "Total Cost": 7.76,
                      "Plan Rows": 3,
                      "Plan Width": 4,
                      "Actual Startup Time": 0.011,
                      "Actual Total Time": 0.011,
                      "Actual Rows": 1,
                      "Actual Loops": 2720,
                      "Index Cond": "(movie_id = t.id)",
                      "Rows Removed by Index Recheck": 0,
                      "Heap Fetches": 3361
                    }
                  ]
                }
              ]
            }
          ]
        }
      ]
    },
    "Planning Time": 0.634,
    "Triggers": [],
    "Execution Time": 112.779
  }
]