{
  "Plan": {
    "Node Type": "Aggregate",
    "Strategy": "Plain",
    "Partial Mode": "Finalize",
    "Parallel Aware": false,
    "Startup Cost": 121950.08,
    "Total Cost": 121950.09,
    "Plan Rows": 1,
    "Plan Width": 8,
    "Actual Startup Time": 105.525,
    "Actual Total Time": 116.34,
    "Actual Rows": 1,
    "Actual Loops": 1,
    "Plans": [
      {
        "Node Type": "Gather",
        "Parent Relationship": "Outer",
        "Parallel Aware": false,
        "Startup Cost": 121949.97,
        "Total Cost": 121950.08,
        "Plan Rows": 1,
        "Plan Width": 8,
        "Actual Startup Time": 105.432,
        "Actual Total Time": 116.334,
        "Actual Rows": 2,
        "Actual Loops": 1,
        "Workers Planned": 1,
        "Workers Launched": 1,
        "Single Copy": false,
        "Plans": [
          {
            "Node Type": "Aggregate",
            "Strategy": "Plain",
            "Partial Mode": "Partial",
            "Parent Relationship": "Outer",
            "Parallel Aware": false,
            "Startup Cost": 120949.97,
            "Total Cost": 120949.98,
            "Plan Rows": 1,
            "Plan Width": 8,
            "Actual Startup Time": 99.45,
            "Actual Total Time": 99.452,
            "Actual Rows": 1,
            "Actual Loops": 2,
            "Plans": [
              {
                "Node Type": "Nested Loop",
                "Parent Relationship": "Outer",
                "Parallel Aware": false,
                "Join Type": "Inner",
                "Startup Cost": 1026.85,
                "Total Cost": 120880.52,
                "Plan Rows": 27779,
                "Plan Width": 0,
                "Actual Startup Time": 5.612,
                "Actual Total Time": 97.671,
                "Actual Rows": 23626,
                "Actual Loops": 2,
                "Inner Unique": true,
                "Plans": [
                  {
                    "Node Type": "Bitmap Heap Scan",
                    "Parent Relationship": "Outer",
                    "Parallel Aware": true,
                    "Relation Name": "movie_companies",
                    "Alias": "mc",
                    "Startup Cost": 1026.42,
                    "Total Cost": 20163.67,
                    "Plan Rows": 27779,
                    "Plan Width": 4,
                    "Actual Startup Time": 5.482,
                    "Actual Total Time": 15.448,
                    "Actual Rows": 23626,
                    "Actual Loops": 2,
                    "Recheck Cond": "(company_id = 19)",
                    "Rows Removed by Index Recheck": 0,
                    "Exact Heap Blocks": 3517,
                    "Lossy Heap Blocks": 0,
                    "Plans": [
                      {
                        "Node Type": "Bitmap Index Scan",
                        "Parent Relationship": "Outer",
                        "Parallel Aware": false,
                        "Index Name": "company_id_movie_companies",
                        "Startup Cost": 0.0,
                        "Total Cost": 1014.62,
                        "Plan Rows": 47225,
                        "Plan Width": 0,
                        "Actual Startup Time": 8.511,
                        "Actual Total Time": 8.512,
                        "Actual Rows": 47252,
                        "Actual Loops": 1,
                        "Index Cond": "(company_id = 19)"
                      }
                    ]
                  },
                  {
                    "Node Type": "Index Only Scan",
                    "Parent Relationship": "Inner",
                    "Parallel Aware": false,
                    "Scan Direction": "Forward",
                    "Index Name": "title_pkey",
                    "Relation Name": "title",
                    "Alias": "t",
                    "Startup Cost": 0.43,
                    "Total Cost": 3.63,
                    "Plan Rows": 1,
                    "Plan Width": 4,
                    "Actual Startup Time": 0.003,
                    "Actual Total Time": 0.003,
                    "Actual Rows": 1,
                    "Actual Loops": 47252,
                    "Index Cond": "(id = mc.movie_id)",
                    "Rows Removed by Index Recheck": 0,
                    "Heap Fetches": 47252
                  }
                ]
              }
            ]
          }
        ]
      }
    ]
  },
  "Planning Time": 0.676,
  "Triggers": [],
  "Execution Time": 116.454
}