{
  "Plan": {
    "Node Type": "Aggregate",
    "Strategy": "Plain",
    "Partial Mode": "Finalize",
    "Parallel Aware": false,
    "Startup Cost": 204669.79,
    "Total Cost": 204669.8,
    "Plan Rows": 1,
    "Plan Width": 68,
    "Actual Startup Time": 1245.249,
    "Actual Total Time": 1282.428,
    "Actual Rows": 1,
    "Actual Loops": 1,
    "Plans": [
      {
        "Node Type": "Gather",
        "Parent Relationship": "Outer",
        "Parallel Aware": false,
        "Startup Cost": 204669.67,
        "Total Cost": 204669.78,
        "Plan Rows": 1,
        "Plan Width": 68,
        "Actual Startup Time": 889.527,
        "Actual Total Time": 1282.402,
        "Actual Rows": 2,
        "Actual Loops": 1,
        "Workers Planned": 1,
        "Workers Launched": 1,
        "Single Copy": false,
        "Plans": [
          {
            "Node Type": "Aggregate",
            "Strategy": "Plain",
            "Partial Mode": "Partial",
            "Parent Relationship": "Outer",
            "Parallel Aware": false,
            "Startup Cost": 203669.67,
            "Total Cost": 203669.68,
            "Plan Rows": 1,
            "Plan Width": 68,
            "Actual Startup Time": 1059.137,
            "Actual Total Time": 1059.152,
            "Actual Rows": 1,
            "Actual Loops": 2,
            "Plans": [
              {
                "Node Type": "Merge Join",
                "Parent Relationship": "Outer",
                "Parallel Aware": false,
                "Join Type": "Inner",
                "Startup Cost": 203669.63,
                "Total Cost": 203669.66,
                "Plan Rows": 1,
                "Plan Width": 45,
                "Actual Startup Time": 1059.128,
                "Actual Total Time": 1059.142,
                "Actual Rows": 2,
                "Actual Loops": 2,
                "Inner Unique": true,
                "Merge Cond": "(mc.company_type_id = ct.id)",
                "Plans": [
                  {
                    "Node Type": "Sort",
                    "Parent Relationship": "Outer",
                    "Parallel Aware": false,
                    "Startup Cost": 203668.57,
                    "Total Cost": 203668.58,
                    "Plan Rows": 4,
                    "Plan Width": 49,
                    "Actual Startup Time": 1059.113,
                    "Actual Total Time": 1059.124,
                    "Actual Rows": 2,
                    "Actual Loops": 2,
                    "Sort Key": [
                      "mc.company_type_id"
                    ],
                    "Sort Method": "quicksort",
                    "Sort Space Used": 25,
                    "Sort Space Type": "Memory",
                    "Workers": [
                      {
                        "Worker Number": 0,
                        "Sort Method": "quicksort",
                        "Sort Space Used": 25,
                        "Sort Space Type": "Memory"
                      }
                    ],
                    "Plans": [
                      {
                        "Node Type": "Merge Join",
                        "Parent Relationship": "Outer",
                        "Parallel Aware": false,
                        "Join Type": "Inner",
                        "Startup Cost": 202386.04,
                        "Total Cost": 203668.53,
                        "Plan Rows": 4,
                        "Plan Width": 49,
                        "Actual Startup Time": 1054.155,
                        "Actual Total Time": 1059.069,
                        "Actual Rows": 2,
                        "Actual Loops": 2,
                        "Inner Unique": false,
                        "Merge Cond": "(t.id = mc.movie_id)",
                        "Plans": [
                          {
                            "Node Type": "Merge Join",
                            "Parent Relationship": "Outer",
                            "Parallel Aware": false,
                            "Join Type": "Inner",
                            "Startup Cost": 143873.03,
                            "Total Cost": 145109.11,
                            "Plan Rows": 1125,
                            "Plan Width": 29,
                            "Actual Startup Time": 595.781,
                            "Actual Total Time": 602.97,
                            "Actual Rows": 6,
                            "Actual Loops": 2,
                            "Inner Unique": false,
                            "Merge Cond": "(t.id = mi_idx.movie_id)",
                            "Plans": [
                              {
                                "Node Type": "Sort",
                                "Parent Relationship": "Outer",
                                "Parallel Aware": false,
                                "Startup Cost": 75363.05,
                                "Total Cost": 75945.58,
                                "Plan Rows": 233012,
                                "Plan Width": 25,
                                "Actual Startup Time": 225.111,
                                "Actual Total Time": 246.728,
                                "Actual Rows": 195300,
                                "Actual Loops": 2,
                                "Sort Key": [
                                  "t.id"
                                ],
                                "Sort Method": "quicksort",
                                "Sort Space Used": 32698,
                                "Sort Space Type": "Memory",
                                "Workers": [
                                  {
                                    "Worker Number": 0,
                                    "Sort Method": "quicksort",
                                    "Sort Space Used": 12602,
                                    "Sort Space Type": "Memory"
                                  }
                                ],
                                "Plans": [
                                  {
                                    "Node Type": "Seq Scan",
                                    "Parent Relationship": "Outer",
                                    "Parallel Aware": true,
                                    "Relation Name": "title",
                                    "Alias": "t",
                                    "Startup Cost": 0.0,
                                    "Total Cost": 54589.98,
                                    "Plan Rows": 233012,
                                    "Plan Width": 25,
                                    "Actual Startup Time": 0.029,
                                    "Actual Total Time": 154.619,
                                    "Actual Rows": 195833,
                                    "Actual Loops": 2,
                                    "Filter": "(production_year > 2010)",
                                    "Rows Removed by Filter": 1068323
                                  }
                                ]
                              },
                              {
                                "Node Type": "Sort",
                                "Parent Relationship": "Inner",
                                "Parallel Aware": false,
                                "Startup Cost": 68509.93,
                                "Total Cost": 68540.46,
                                "Plan Rows": 12213,
                                "Plan Width": 4,
                                "Actual Startup Time": 337.13,
                                "Actual Total Time": 337.176,
                                "Actual Rows": 250,
                                "Actual Loops": 2,
                                "Sort Key": [
                                  "mi_idx.movie_id"
                                ],
                                "Sort Method": "quicksort",
                                "Sort Space Used": 36,
                                "Sort Space Type": "Memory",
                                "Workers": [
                                  {
                                    "Worker Number": 0,
                                    "Sort Method": "quicksort",
                                    "Sort Space Used": 36,
                                    "Sort Space Type": "Memory"
                                  }
                                ],
                                "Plans": [
                                  {
                                    "Node Type": "Merge Join",
                                    "Parent Relationship": "Outer",
                                    "Parallel Aware": false,
                                    "Join Type": "Inner",
                                    "Startup Cost": 2.86,
                                    "Total Cost": 67680.9,
                                    "Plan Rows": 12213,
                                    "Plan Width": 4,
                                    "Actual Startup Time": 336.991,
                                    "Actual Total Time": 337.075,
                                    "Actual Rows": 250,
                                    "Actual Loops": 2,
                                    "Inner Unique": true,
                                    "Merge Cond": "(mi_idx.info_type_id = it.id)",
                                    "Plans": [
                                      {
                                        "Node Type": "Index Scan",
                                        "Parent Relationship": "Outer",
                                        "Parallel Aware": false,
                                        "Scan Direction": "Forward",
                                        "Index Name": "info_type_id_movie_info_idx",
                                        "Relation Name": "movie_info_idx",
                                        "Alias": "mi_idx",
                                        "Startup Cost": 0.43,
                                        "Total Cost": 64106.25,
                                        "Plan Rows": 1380035,
                                        "Plan Width": 8,
                                        "Actual Startup Time": 0.066,
                                        "Actual Total Time": 221.134,
                                        "Actual Rows": 1380026,
                                        "Actual Loops": 2
                                      },
                                      {
                                        "Node Type": "Sort",
                                        "Parent Relationship": "Inner",
                                        "Parallel Aware": false,
                                        "Startup Cost": 2.42,
                                        "Total Cost": 2.43,
                                        "Plan Rows": 1,
                                        "Plan Width": 4,
                                        "Actual Startup Time": 0.038,
                                        "Actual Total Time": 0.041,
                                        "Actual Rows": 1,
                                        "Actual Loops": 2,
                                        "Sort Key": [
                                          "it.id"
                                        ],
                                        "Sort Method": "quicksort",
                                        "Sort Space Used": 25,
                                        "Sort Space Type": "Memory",
                                        "Workers": [
                                          {
                                            "Worker Number": 0,
                                            "Sort Method": "quicksort",
                                            "Sort Space Used": 25,
                                            "Sort Space Type": "Memory"
                                          }
                                        ],
                                        "Plans": [
                                          {
                                            "Node Type": "Seq Scan",
                                            "Parent Relationship": "Outer",
                                            "Parallel Aware": false,
                                            "Relation Name": "info_type",
                                            "Alias": "it",
                                            "Startup Cost": 0.0,
                                            "Total Cost": 2.41,
                                            "Plan Rows": 1,
                                            "Plan Width": 4,
                                            "Actual Startup Time": 0.034,
                                            "Actual Total Time": 0.035,
                                            "Actual Rows": 1,
                                            "Actual Loops": 2,
                                            "Filter": "((info)::text = 'top 250 rank'::text)",
                                            "Rows Removed by Filter": 112
                                          }
                                        ]
                                      }
                                    ]
                                  }
                                ]
                              }
                            ]
                          },
                          {
                            "Node Type": "Sort",
                            "Parent Relationship": "Inner",
                            "Parallel Aware": false,
                            "Startup Cost": 58513.01,
                            "Total Cost": 58535.34,
                            "Plan Rows": 8931,
                            "Plan Width": 32,
                            "Actual Startup Time": 453.968,
                            "Actual Total Time": 454.899,
                            "Actual Rows": 16618,
                            "Actual Loops": 2,
                            "Sort Key": [
                              "mc.movie_id"
                            ],
                            "Sort Method": "quicksort",
                            "Sort Space Used": 2176,
                            "Sort Space Type": "Memory",
                            "Workers": [
                              {
                                "Worker Number": 0,
                                "Sort Method": "quicksort",
                                "Sort Space Used": 2176,
                                "Sort Space Type": "Memory"
                              }
                            ],
                            "Plans": [
                              {
                                "Node Type": "Seq Scan",
                                "Parent Relationship": "Outer",
                                "Parallel Aware": false,
                                "Relation Name": "movie_companies",
                                "Alias": "mc",
                                "Startup Cost": 0.0,
                                "Total Cost": 57926.93,
                                "Plan Rows": 8931,
                                "Plan Width": 32,
                                "Actual Startup Time": 194.352,
                                "Actual Total Time": 448.126,
                                "Actual Rows": 17816,
                                "Actual Loops": 2,
                                "Filter": "((note !~~ '%(as Metro-Goldwyn-Mayer Pictures)%'::text) AND (note ~~ '%(co-production)%'::text))",
                                "Rows Removed by Filter": 2591313
                              }
                            ]
                          }
                        ]
                      }
                    ]
                  },
                  {
                    "Node Type": "Sort",
                    "Parent Relationship": "Inner",
                    "Parallel Aware": false,
                    "Startup Cost": 1.06,
                    "Total Cost": 1.06,
                    "Plan Rows": 1,
                    "Plan Width": 4,
                    "Actual Startup Time": 0.026,
                    "Actual Total Time": 0.027,
                    "Actual Rows": 1,
                    "Actual Loops": 1,
                    "Sort Key": [
                      "ct.id"
                    ],
                    "Sort Method": "quicksort",
                    "Sort Space Used": 25,
                    "Sort Space Type": "Memory",
                    "Plans": [
                      {
                        "Node Type": "Seq Scan",
                        "Parent Relationship": "Outer",
                        "Parallel Aware": false,
                        "Relation Name": "company_type",
                        "Alias": "ct",
                        "Startup Cost": 0.0,
                        "Total Cost": 1.05,
                        "Plan Rows": 1,
                        "Plan Width": 4,
                        "Actual Startup Time": 0.016,
                        "Actual Total Time": 0.017,
                        "Actual Rows": 1,
                        "Actual Loops": 1,
                        "Filter": "((kind)::text = 'production companies'::text)",
                        "Rows Removed by Filter": 3
                      }
                    ]
                  }
                ]
              }
            ]
          }
        ]
      }
    ]
  },
  "Planning Time": 1.788,
  "Triggers": [],
  "Execution Time": 1282.624
}