[
  {
    "Plan": {
      "Node Type": "Aggregate",
      "Strategy": "Plain",
      "Partial Mode": "Finalize",
      "Parallel Aware": false,
      "Startup Cost": 293887.36,
      "Total Cost": 293887.37,
      "Plan Rows": 1,
      "Plan Width": 8,
      "Actual Startup Time": 1377.52,
      "Actual Total Time": 1425.413,
      "Actual Rows": 1,
      "Actual Loops": 1,
      "Plans": [
        {
          "Node Type": "Gather",
          "Parent Relationship": "Outer",
          "Parallel Aware": false,
          "Startup Cost": 293887.05,
          "Total Cost": 293887.36,
          "Plan Rows": 3,
          "Plan Width": 8,
          "Actual Startup Time": 1373.592,
          "Actual Total Time": 1425.402,
          "Actual Rows": 4,
          "Actual Loops": 1,
          "Workers Planned": 3,
          "Workers Launched": 3,
          "Single Copy": false,
          "Plans": [
            {
              "Node Type": "Aggregate",
              "Strategy": "Plain",
              "Partial Mode": "Partial",
              "Parent Relationship": "Outer",
              "Parallel Aware": false,
              "Startup Cost": 292887.05,
              "Total Cost": 292887.06,
              "Plan Rows": 1,
              "Plan Width": 8,
              "Actual Startup Time": 1365.869,
              "Actual Total Time": 1366.003,
              "Actual Rows": 1,
              "Actual Loops": 4,
              "Plans": [
                {
                  "Node Type": "Hash Join",
                  "Parent Relationship": "Outer",
                  "Parallel Aware": true,
                  "Join Type": "Inner",
                  "Startup Cost": 247629.65,
                  "Total Cost": 292477.28,
                  "Plan Rows": 163906,
                  "Plan Width": 0,
                  "Actual Startup Time": 806.582,
                  "Actual Total Time": 1225.267,
                  "Actual Rows": 2755157,
                  "Actual Loops": 4,
                  "Inner Unique": false,
                  "Hash Cond": "(mk.movie_id = t.id)",
                  "Plans": [
                    {
                      "Node Type": "Seq Scan",
                      "Parent Relationship": "Outer",
                      "Parallel Aware": true,
                      "Relation Name": "movie_keyword",
                      "Alias": "mk",
                      "Startup Cost": 0.0,
                      "Total Cost": 39047.32,
                      "Plan Rows": 1459332,
                      "Plan Width": 4,
                      "Actual Startup Time": 0.029,
                      "Actual Total Time": 99.571,
                      "Actual Rows": 1130982,
                      "Actual Loops": 4
                    },
                    {
                      "Node Type": "Hash",
                      "Parent Relationship": "Inner",
                      "Parallel Aware": true,
                      "Startup Cost": 246919.7,
                      "Total Cost": 246919.7,
                      "Plan Rows": 56796,
                      "Plan Width": 8,
                      "Actual Startup Time": 756.973,
                      "Actual Total Time": 757.105,
                      "Actual Rows": 121194,
                      "Actual Loops": 4,
                      "Hash Buckets": 524288,
                      "Original Hash Buckets": 524288,
                      "Hash Batches": 1,
                      "Original Hash Batches": 1,
                      "Peak Memory Usage": 23136,
                      "Plans": [
                        {
                          "Node Type": "Hash Join",
                          "Parent Relationship": "Outer",
                          "Parallel Aware": true,
                          "Join Type": "Inner",
                          "Startup Cost": 46219.62,
                          "Total Cost": 246919.7,
                          "Plan Rows": 56796,
                          "Plan Width": 8,
                          "Actual Startup Time": 384.381,
                          "Actual Total Time": 717.06,
                          "Actual Rows": 121194,
                          "Actual Loops": 4,
                          "Inner Unique": true,
                          "Hash Cond": "(mi.movie_id = t.id)",
                          "Plans": [
                            {
                              "Node Type": "Seq Scan",
                              "Parent Relationship": "Outer",
                              "Parallel Aware": true,
                              "Relation Name": "movie_info",
                              "Alias": "mi",
                              "Startup Cost": 0.0,
                              "Total Cost": 199108.24,
                              "Plan Rows": 606414,
                              "Plan Width": 4,
                              "Actual Startup Time": 101.041,
                              "Actual Total Time": 431.848,
                              "Actual Rows": 759180,
                              "Actual Loops": 4,
                              "Filter": "(info_type_id = 16)",
                              "Rows Removed by Filter": 2949750
                            },
                            {
                              "Node Type": "Hash",
                              "Parent Relationship": "Inner",
                              "Parallel Aware": true,
                              "Startup Cost": 45479.59,
                              "Total Cost": 45479.59,
                              "Plan Rows": 59203,
                              "Plan Width": 4,
                              "Actual Startup Time": 148.396,
                              "Actual Total Time": 148.397,
                              "Actual Rows": 89886,
                              "Actual Loops": 4,
                              "Hash Buckets": 524288,
                              "Original Hash Buckets": 262144,
                              "Hash Batches": 1,
                              "Original Hash Batches": 1,
                              "Peak Memory Usage": 20288,
                              "Plans": [
                                {
                                  "Node Type": "Seq Scan",
                                  "Parent Relationship": "Outer",
                                  "Parallel Aware": true,
                                  "Relation Name": "title",
                                  "Alias": "t",
                                  "Startup Cost": 0.0,
                                  "Total Cost": 45479.59,
                                  "Plan Rows": 59203,
                                  "Plan Width": 4,
                                  "Actual Startup Time": 62.387,
                                  "Actual Total Time": 108.647,
                                  "Actual Rows": 89886,
                                  "Actual Loops": 4,
                                  "Filter": "((production_year < 1998) AND (kind_id = 1))",
                                  "Rows Removed by Filter": 542192
                                }
                              ]
                            }
                          ]
                        }
                      ]
                    }
                  ]
                }
              ]
            }
          ]
        }
      ]
    },
    "Planning Time": 1.472,
    "Triggers": [],
    "Execution Time": 1425.508
  }
]