[
  {
    "Plan": {
      "Node Type": "Aggregate",
      "Strategy": "Plain",
      "Partial Mode": "Finalize",
      "Parallel Aware": false,
      "Startup Cost": 45113.87,
      "Total Cost": 45113.88,
      "Plan Rows": 1,
      "Plan Width": 8,
      "Actual Startup Time": 129.364,
      "Actual Total Time": 136.64,
      "Actual Rows": 1,
      "Actual Loops": 1,
      "Plans": [
        {
          "Node Type": "Gather",
          "Parent Relationship": "Outer",
          "Parallel Aware": false,
          "Startup Cost": 45113.56,
          "Total Cost": 45113.87,
          "Plan Rows": 3,
          "Plan Width": 8,
          "Actual Startup Time": 129.241,
          "Actual Total Time": 136.63,
          "Actual Rows": 4,
          "Actual Loops": 1,
          "Workers Planned": 3,
          "Workers Launched": 3,
          "Single Copy": false,
          "Plans": [
            {
              "Node Type": "Aggregate",
              "Strategy": "Plain",
              "Partial Mode": "Partial",
              "Parent Relationship": "Outer",
              "Parallel Aware": false,
              "Startup Cost": 44113.56,
              "Total Cost": 44113.57,
              "Plan Rows": 1,
              "Plan Width": 8,
              "Actual Startup Time": 125.363,
              "Actual Total Time": 125.364,
              "Actual Rows": 1,
              "Actual Loops": 4,
              "Plans": [
                {
                  "Node Type": "Seq Scan",
                  "Parent Relationship": "Outer",
                  "Parallel Aware": true,
                  "Relation Name": "movie_keyword",
                  "Alias": "mk",
                  "Startup Cost": 0.0,
                  "Total Cost": 42695.65,
                  "Plan Rows": 567161,
                  "Plan Width": 0,
                  "Actual Startup Time": 0.028,
                  "Actual Total Time": 104.148,
                  "Actual Rows": 441228,
                  "Actual Loops": 4,
                  "Filter": "(keyword_id < 2867)",
                  "Rows Removed by Filter": 689755
                }
              ]
            }
          ]
        }
      ]
    },
    "Planning Time": 0.196,
    "Triggers": [],
    "Execution Time": 136.706
  }
]