[
  {
    "Plan": {
      "Node Type": "Aggregate",
      "Strategy": "Plain",
      "Partial Mode": "Finalize",
      "Parallel Aware": false,
      "Startup Cost": 346392.01,
      "Total Cost": 346392.02,
      "Plan Rows": 1,
      "Plan Width": 8,
      "Actual Startup Time": 647.596,
      "Actual Total Time": 699.893,
      "Actual Rows": 1,
      "Actual Loops": 1,
      "Plans": [
        {
          "Node Type": "Gather",
          "Parent Relationship": "Outer",
          "Parallel Aware": false,
          "Startup Cost": 346391.39,
          "Total Cost": 346391.99,
          "Plan Rows": 6,
          "Plan Width": 8,
          "Actual Startup Time": 647.315,
          "Actual Total Time": 699.882,
          "Actual Rows": 7,
          "Actual Loops": 1,
          "Workers Planned": 6,
          "Workers Launched": 6,
          "Single Copy": false,
          "Plans": [
            {
              "Node Type": "Aggregate",
              "Strategy": "Plain",
              "Partial Mode": "Partial",
              "Parent Relationship": "Outer",
              "Parallel Aware": false,
              "Startup Cost": 345391.39,
              "Total Cost": 345391.4,
              "Plan Rows": 1,
              "Plan Width": 8,
              "Actual Startup Time": 638.656,
              "Actual Total Time": 638.657,
              "Actual Rows": 1,
              "Actual Loops": 7,
              "Plans": [
                {
                  "Node Type": "Seq Scan",
                  "Parent Relationship": "Outer",
                  "Parallel Aware": true,
                  "Relation Name": "cast_info",
                  "Alias": "ci",
                  "Startup Cost": 0.0,
                  "Total Cost": 343316.27,
                  "Plan Rows": 830046,
                  "Plan Width": 0,
                  "Actual Startup Time": 408.094,
                  "Actual Total Time": 622.369,
                  "Actual Rows": 318111,
                  "Actual Loops": 7,
                  "Filter": "((person_id > 3030039) AND (role_id < 8))",
                  "Rows Removed by Filter": 4859652
                }
              ]
            }
          ]
        }
      ]
    },
    "Planning Time": 0.162,
    "Triggers": [],
    "Execution Time": 699.944
  }
]