[
  {
    "Plan": {
      "Node Type": "Aggregate",
      "Strategy": "Plain",
      "Partial Mode": "Finalize",
      "Parallel Aware": false,
      "Startup Cost": 55512.07,
      "Total Cost": 55512.08,
      "Plan Rows": 1,
      "Plan Width": 8,
      "Actual Startup Time": 95.13,
      "Actual Total Time": 108.233,
      "Actual Rows": 1,
      "Actual Loops": 1,
      "Plans": [
        {
          "Node Type": "Gather",
          "Parent Relationship": "Outer",
          "Parallel Aware": false,
          "Startup Cost": 55511.65,
          "Total Cost": 55512.06,
          "Plan Rows": 4,
          "Plan Width": 8,
          "Actual Startup Time": 94.962,
          "Actual Total Time": 108.222,
          "Actual Rows": 5,
          "Actual Loops": 1,
          "Workers Planned": 4,
          "Workers Launched": 4,
          "Single Copy": false,
          "Plans": [
            {
              "Node Type": "Aggregate",
              "Strategy": "Plain",
              "Partial Mode": "Partial",
              "Parent Relationship": "Outer",
              "Parallel Aware": false,
              "Startup Cost": 54511.65,
              "Total Cost": 54511.66,
              "Plan Rows": 1,
              "Plan Width": 8,
              "Actual Startup Time": 88.05,
              "Actual Total Time": 88.052,
              "Actual Rows": 1,
              "Actual Loops": 5,
              "Plans": [
                {
                  "Node Type": "Nested Loop",
                  "Parent Relationship": "Outer",
                  "Parallel Aware": false,
                  "Join Type": "Inner",
                  "Startup Cost": 0.43,
                  "Total Cost": 54506.35,
                  "Plan Rows": 2118,
                  "Plan Width": 0,
                  "Actual Startup Time": 53.188,
                  "Actual Total Time": 88.004,
                  "Actual Rows": 346,
                  "Actual Loops": 5,
                  "Inner Unique": false,
                  "Plans": [
                    {
                      "Node Type": "Seq Scan",
                      "Parent Relationship": "Outer",
                      "Parallel Aware": true,
                      "Relation Name": "title",
                      "Alias": "t",
                      "Startup Cost": 0.0,
                      "Total Cost": 43899.32,
                      "Plan Rows": 1184,
                      "Plan Width": 4,
                      "Actual Startup Time": 52.689,
                      "Actual Total Time": 78.683,
                      "Actual Rows": 817,
                      "Actual Loops": 5,
                      "Filter": "(production_year < 1899)",
                      "Rows Removed by Filter": 504845
                    },
                    {
                      "Node Type": "Index Only Scan",
                      "Parent Relationship": "Inner",
                      "Parallel Aware": false,
                      "Scan Direction": "Forward",
                      "Index Name": "movie_id_movie_keyword",
                      "Relation Name": "movie_keyword",
                      "Alias": "mk",
                      "Startup Cost": 0.43,
                      "Total Cost": 8.5,
                      "Plan Rows": 46,
                      "Plan Width": 4,
                      "Actual Startup Time": 0.011,
                      "Actual Total Time": 0.011,
                      "Actual Rows": 0,
                      "Actual Loops": 4085,
                      "Index Cond": "(movie_id = t.id)",
                      "Rows Removed by Index Recheck": 0,
                      "Heap Fetches": 1730
                    }
                  ]
                }
              ]
            }
          ]
        }
      ]
    },
    "Planning Time": 0.657,
    "Triggers": [],
    "Execution Time": 108.302
  }
]