[
  {
    "Plan": {
      "Node Type": "Aggregate",
      "Strategy": "Plain",
      "Partial Mode": "Finalize",
      "Parallel Aware": false,
      "Startup Cost": 108941.99,
      "Total Cost": 108942.0,
      "Plan Rows": 1,
      "Plan Width": 8,
      "Actual Startup Time": 203.565,
      "Actual Total Time": 222.596,
      "Actual Rows": 1,
      "Actual Loops": 1,
      "Plans": [
        {
          "Node Type": "Gather",
          "Parent Relationship": "Outer",
          "Parallel Aware": false,
          "Startup Cost": 108941.47,
          "Total Cost": 108941.98,
          "Plan Rows": 5,
          "Plan Width": 8,
          "Actual Startup Time": 203.397,
          "Actual Total Time": 222.579,
          "Actual Rows": 6,
          "Actual Loops": 1,
          "Workers Planned": 5,
          "Workers Launched": 5,
          "Single Copy": false,
          "Plans": [
            {
              "Node Type": "Aggregate",
              "Strategy": "Plain",
              "Partial Mode": "Partial",
              "Parent Relationship": "Outer",
              "Parallel Aware": false,
              "Startup Cost": 107941.47,
              "Total Cost": 107941.48,
              "Plan Rows": 1,
              "Plan Width": 8,
              "Actual Startup Time": 197.012,
              "Actual Total Time": 197.013,
              "Actual Rows": 1,
              "Actual Loops": 6,
              "Plans": [
                {
                  "Node Type": "Index Scan",
                  "Parent Relationship": "Outer",
                  "Parallel Aware": true,
                  "Scan Direction": "Forward",
                  "Index Name": "role_id_cast_info",
                  "Relation Name": "cast_info",
                  "Alias": "ci",
                  "Startup Cost": 0.56,
                  "Total Cost": 107159.34,
                  "Plan Rows": 312852,
                  "Plan Width": 0,
                  "Actual Startup Time": 0.153,
                  "Actual Total Time": 172.829,
                  "Actual Rows": 412723,
                  "Actual Loops": 6,
                  "Index Cond": "(role_id = 3)",
                  "Rows Removed by Index Recheck": 0,
                  "Filter": "(person_id > 2248978)",
                  "Rows Removed by Filter": 255283
                }
              ]
            }
          ]
        }
      ]
    },
    "Planning Time": 0.212,
    "Triggers": [],
    "Execution Time": 222.663
  }
]