[
  {
    "Plan": {
      "Node Type": "Aggregate",
      "Strategy": "Plain",
      "Partial Mode": "Finalize",
      "Parallel Aware": false,
      "Startup Cost": 76375.27,
      "Total Cost": 76375.28,
      "Plan Rows": 1,
      "Plan Width": 8,
      "Actual Startup Time": 273.468,
      "Actual Total Time": 282.622,
      "Actual Rows": 1,
      "Actual Loops": 1,
      "Plans": [
        {
          "Node Type": "Gather",
          "Parent Relationship": "Outer",
          "Parallel Aware": false,
          "Startup Cost": 76374.95,
          "Total Cost": 76375.26,
          "Plan Rows": 3,
          "Plan Width": 8,
          "Actual Startup Time": 272.52,
          "Actual Total Time": 282.605,
          "Actual Rows": 4,
          "Actual Loops": 1,
          "Workers Planned": 3,
          "Workers Launched": 3,
          "Single Copy": false,
          "Plans": [
            {
              "Node Type": "Aggregate",
              "Strategy": "Plain",
              "Partial Mode": "Partial",
              "Parent Relationship": "Outer",
              "Parallel Aware": false,
              "Startup Cost": 75374.95,
              "Total Cost": 75374.96,
              "Plan Rows": 1,
              "Plan Width": 8,
              "Actual Startup Time": 268.067,
              "Actual Total Time": 268.122,
              "Actual Rows": 1,
              "Actual Loops": 4,
              "Plans": [
                {
                  "Node Type": "Hash Join",
                  "Parent Relationship": "Outer",
                  "Parallel Aware": true,
                  "Join Type": "Inner",
                  "Startup Cost": 45858.15,
                  "Total Cost": 75274.03,
                  "Plan Rows": 40366,
                  "Plan Width": 0,
                  "Actual Startup Time": 133.496,
                  "Actual Total Time": 261.686,
                  "Actual Rows": 133290,
                  "Actual Loops": 4,
                  "Inner Unique": true,
                  "Hash Cond": "(mc.movie_id = t.id)",
                  "Plans": [
                    {
                      "Node Type": "Seq Scan",
                      "Parent Relationship": "Outer",
                      "Parallel Aware": true,
                      "Relation Name": "movie_companies",
                      "Alias": "mc",
                      "Startup Cost": 0.0,
                      "Total Cost": 27206.55,
                      "Plan Rows": 841655,
                      "Plan Width": 4,
                      "Actual Startup Time": 0.019,
                      "Actual Total Time": 56.825,
                      "Actual Rows": 652282,
                      "Actual Loops": 4
                    },
                    {
                      "Node Type": "Hash",
                      "Parent Relationship": "Inner",
                      "Parallel Aware": true,
                      "Startup Cost": 45479.21,
                      "Total Cost": 45479.21,
                      "Plan Rows": 30315,
                      "Plan Width": 4,
                      "Actual Startup Time": 105.016,
                      "Actual Total Time": 105.017,
                      "Actual Rows": 63145,
                      "Actual Loops": 4,
                      "Hash Buckets": 262144,
                      "Original Hash Buckets": 131072,
                      "Hash Batches": 1,
                      "Original Hash Batches": 1,
                      "Peak Memory Usage": 13024,
                      "Plans": [
                        {
                          "Node Type": "Seq Scan",
                          "Parent Relationship": "Outer",
                          "Parallel Aware": true,
                          "Relation Name": "title",
                          "Alias": "t",
                          "Startup Cost": 0.0,
                          "Total Cost": 45479.21,
                          "Plan Rows": 30315,
                          "Plan Width": 4,
                          "Actual Startup Time": 45.878,
                          "Actual Total Time": 83.176,
                          "Actual Rows": 63145,
                          "Actual Loops": 4,
                          "Filter": "((production_year < 1976) AND (kind_id = 1))",
                          "Rows Removed by Filter": 568933
                        }
                      ]
                    }
                  ]
                }
              ]
            }
          ]
        }
      ]
    },
    "Planning Time": 0.246,
    "Triggers": [],
    "Execution Time": 282.653
  }
]