{
  "Plan": {
    "Node Type": "Aggregate",
    "Strategy": "Plain",
    "Partial Mode": "Finalize",
    "Parallel Aware": false,
    "Startup Cost": 20735.61,
    "Total Cost": 20735.62,
    "Plan Rows": 1,
    "Plan Width": 8,
    "Actual Startup Time": 24.799,
    "Actual Total Time": 28.574,
    "Actual Rows": 1,
    "Actual Loops": 1,
    "Plans": [
      {
        "Node Type": "Gather",
        "Parent Relationship": "Outer",
        "Parallel Aware": false,
        "Startup Cost": 20735.5,
        "Total Cost": 20735.61,
        "Plan Rows": 1,
        "Plan Width": 8,
        "Actual Startup Time": 24.596,
        "Actual Total Time": 28.565,
        "Actual Rows": 2,
        "Actual Loops": 1,
        "Workers Planned": 1,
        "Workers Launched": 1,
        "Single Copy": false,
        "Plans": [
          {
            "Node Type": "Aggregate",
            "Strategy": "Plain",
            "Partial Mode": "Partial",
            "Parent Relationship": "Outer",
            "Parallel Aware": false,
            "Startup Cost": 19735.5,
            "Total Cost": 19735.51,
            "Plan Rows": 1,
            "Plan Width": 8,
            "Actual Startup Time": 18.547,
            "Actual Total Time": 18.549,
            "Actual Rows": 1,
            "Actual Loops": 2,
            "Plans": [
              {
                "Node Type": "Nested Loop",
                "Parent Relationship": "Outer",
                "Parallel Aware": false,
                "Join Type": "Inner",
                "Startup Cost": 61.75,
                "Total Cost": 19734.62,
                "Plan Rows": 352,
                "Plan Width": 0,
                "Actual Startup Time": 1.694,
                "Actual Total Time": 18.322,
                "Actual Rows": 962,
                "Actual Loops": 2,
                "Inner Unique": true,
                "Plans": [
                  {
                    "Node Type": "Bitmap Heap Scan",
                    "Parent Relationship": "Outer",
                    "Parallel Aware": true,
                    "Relation Name": "movie_companies",
                    "Alias": "mc",
                    "Startup Cost": 61.32,
                    "Total Cost": 7383.15,
                    "Plan Rows": 1586,
                    "Plan Width": 4,
                    "Actual Startup Time": 1.565,
                    "Actual Total Time": 5.234,
                    "Actual Rows": 1204,
                    "Actual Loops": 2,
                    "Recheck Cond": "(company_id = 119)",
                    "Rows Removed by Index Recheck": 0,
                    "Exact Heap Blocks": 1216,
                    "Lossy Heap Blocks": 0,
                    "Plans": [
                      {
                        "Node Type": "Bitmap Index Scan",
                        "Parent Relationship": "Outer",
                        "Parallel Aware": false,
                        "Index Name": "company_id_movie_companies",
                        "Startup Cost": 0.0,
                        "Total Cost": 60.65,
                        "Plan Rows": 2696,
                        "Plan Width": 0,
                        "Actual Startup Time": 2.365,
                        "Actual Total Time": 2.366,
                        "Actual Rows": 2407,
                        "Actual Loops": 1,
                        "Index Cond": "(company_id = 119)"
                      }
                    ]
                  },
                  {
                    "Node Type": "Index Scan",
                    "Parent Relationship": "Inner",
                    "Parallel Aware": false,
                    "Scan Direction": "Forward",
                    "Index Name": "title_pkey",
                    "Relation Name": "title",
                    "Alias": "t",
                    "Startup Cost": 0.43,
                    "Total Cost": 7.79,
                    "Plan Rows": 1,
                    "Plan Width": 4,
                    "Actual Startup Time": 0.01,
                    "Actual Total Time": 0.01,
                    "Actual Rows": 1,
                    "Actual Loops": 2407,
                    "Index Cond": "(id = mc.movie_id)",
                    "Rows Removed by Index Recheck": 0,
                    "Filter": "((kind_id < 7) AND (production_year < 2006))",
                    "Rows Removed by Filter": 0
                  }
                ]
              }
            ]
          }
        ]
      }
    ]
  },
  "Planning Time": 0.648,
  "Triggers": [],
  "Execution Time": 28.662
}