[
  {
    "Plan": {
      "Node Type": "Aggregate",
      "Strategy": "Plain",
      "Partial Mode": "Finalize",
      "Parallel Aware": false,
      "Startup Cost": 429097.59,
      "Total Cost": 429097.6,
      "Plan Rows": 1,
      "Plan Width": 8,
      "Actual Startup Time": 2952.184,
      "Actual Total Time": 3029.855,
      "Actual Rows": 1,
      "Actual Loops": 1,
      "Plans": [
        {
          "Node Type": "Gather",
          "Parent Relationship": "Outer",
          "Parallel Aware": false,
          "Startup Cost": 429097.06,
          "Total Cost": 429097.57,
          "Plan Rows": 5,
          "Plan Width": 8,
          "Actual Startup Time": 2949.303,
          "Actual Total Time": 3029.843,
          "Actual Rows": 6,
          "Actual Loops": 1,
          "Workers Planned": 5,
          "Workers Launched": 5,
          "Single Copy": false,
          "Plans": [
            {
              "Node Type": "Aggregate",
              "Strategy": "Plain",
              "Partial Mode": "Partial",
              "Parent Relationship": "Outer",
              "Parallel Aware": false,
              "Startup Cost": 428097.06,
              "Total Cost": 428097.07,
              "Plan Rows": 1,
              "Plan Width": 8,
              "Actual Startup Time": 2938.098,
              "Actual Total Time": 2938.102,
              "Actual Rows": 1,
              "Actual Loops": 6,
              "Plans": [
                {
                  "Node Type": "Nested Loop",
                  "Parent Relationship": "Outer",
                  "Parallel Aware": false,
                  "Join Type": "Inner",
                  "Startup Cost": 68809.88,
                  "Total Cost": 425727.86,
                  "Plan Rows": 947681,
                  "Plan Width": 0,
                  "Actual Startup Time": 220.146,
                  "Actual Total Time": 2855.334,
                  "Actual Rows": 1733915,
                  "Actual Loops": 6,
                  "Inner Unique": false,
                  "Join Filter": "(t.id = ci.movie_id)",
                  "Rows Removed by Join Filter": 0,
                  "Plans": [
                    {
                      "Node Type": "Hash Join",
                      "Parent Relationship": "Outer",
                      "Parallel Aware": true,
                      "Join Type": "Inner",
                      "Startup Cost": 68809.32,
                      "Total Cost": 234615.5,
                      "Plan Rows": 66137,
                      "Plan Width": 8,
                      "Actual Startup Time": 220.022,
                      "Actual Total Time": 336.72,
                      "Actual Rows": 104185,
                      "Actual Loops": 6,
                      "Inner Unique": true,
                      "Hash Cond": "(mi.movie_id = t.id)",
                      "Plans": [
                        {
                          "Node Type": "Bitmap Heap Scan",
                          "Parent Relationship": "Outer",
                          "Parallel Aware": true,
                          "Relation Name": "movie_info",
                          "Alias": "mi",
                          "Startup Cost": 22837.73,
                          "Total Cost": 187982.11,
                          "Plan Rows": 252111,
                          "Plan Width": 4,
                          "Actual Startup Time": 48.286,
                          "Actual Total Time": 85.456,
                          "Actual Rows": 214821,
                          "Actual Loops": 6,
                          "Recheck Cond": "(info_type_id = 2)",
                          "Rows Removed by Index Recheck": 0,
                          "Exact Heap Blocks": 1552,
                          "Lossy Heap Blocks": 0,
                          "Plans": [
                            {
                              "Node Type": "Bitmap Index Scan",
                              "Parent Relationship": "Outer",
                              "Parallel Aware": false,
                              "Index Name": "info_type_id_movie_info",
                              "Startup Cost": 0.0,
                              "Total Cost": 22522.59,
                              "Plan Rows": 1260554,
                              "Plan Width": 0,
                              "Actual Startup Time": 46.783,
                              "Actual Total Time": 46.784,
                              "Actual Rows": 1288928,
                              "Actual Loops": 1,
                              "Index Cond": "(info_type_id = 2)"
                            }
                          ]
                        },
                        {
                          "Node Type": "Hash",
                          "Parent Relationship": "Inner",
                          "Parallel Aware": true,
                          "Startup Cost": 43898.92,
                          "Total Cost": 43898.92,
                          "Plan Rows": 165814,
                          "Plan Width": 4,
                          "Actual Startup Time": 128.683,
                          "Actual Total Time": 128.683,
                          "Actual Rows": 110471,
                          "Actual Loops": 6,
                          "Hash Buckets": 1048576,
                          "Original Hash Buckets": 1048576,
                          "Hash Batches": 1,
                          "Original Hash Batches": 1,
                          "Peak Memory Usage": 34240,
                          "Plans": [
                            {
                              "Node Type": "Seq Scan",
                              "Parent Relationship": "Outer",
                              "Parallel Aware": true,
                              "Relation Name": "title",
                              "Alias": "t",
                              "Startup Cost": 0.0,
                              "Total Cost": 43898.92,
                              "Plan Rows": 165814,
                              "Plan Width": 4,
                              "Actual Startup Time": 43.336,
                              "Actual Total Time": 83.64,
                              "Actual Rows": 110471,
                              "Actual Loops": 6,
                              "Filter": "(kind_id = 1)",
                              "Rows Removed by Filter": 310914
                            }
                          ]
                        }
                      ]
                    },
                    {
                      "Node Type": "Index Only Scan",
                      "Parent Relationship": "Inner",
                      "Parallel Aware": false,
                      "Scan Direction": "Forward",
                      "Index Name": "movie_id_cast_info",
                      "Relation Name": "cast_info",
                      "Alias": "ci",
                      "Startup Cost": 0.56,
                      "Total Cost": 2.43,
                      "Plan Rows": 37,
                      "Plan Width": 4,
                      "Actual Startup Time": 0.004,
                      "Actual Total Time": 0.022,
                      "Actual Rows": 17,
                      "Actual Loops": 625110,
                      "Index Cond": "(movie_id = mi.movie_id)",
                      "Rows Removed by Index Recheck": 0,
                      "Heap Fetches": 10403488
                    }
                  ]
                }
              ]
            }
          ]
        }
      ]
    },
    "Planning Time": 1.308,
    "Triggers": [],
    "Execution Time": 3029.991
  }
]