[
  {
    "Plan": {
      "Node Type": "Aggregate",
      "Strategy": "Plain",
      "Partial Mode": "Finalize",
      "Parallel Aware": false,
      "Startup Cost": 46744.65,
      "Total Cost": 46744.66,
      "Plan Rows": 1,
      "Plan Width": 8,
      "Actual Startup Time": 162.817,
      "Actual Total Time": 172.424,
      "Actual Rows": 1,
      "Actual Loops": 1,
      "Plans": [
        {
          "Node Type": "Gather",
          "Parent Relationship": "Outer",
          "Parallel Aware": false,
          "Startup Cost": 46744.33,
          "Total Cost": 46744.64,
          "Plan Rows": 3,
          "Plan Width": 8,
          "Actual Startup Time": 162.566,
          "Actual Total Time": 172.415,
          "Actual Rows": 4,
          "Actual Loops": 1,
          "Workers Planned": 3,
          "Workers Launched": 3,
          "Single Copy": false,
          "Plans": [
            {
              "Node Type": "Aggregate",
              "Strategy": "Plain",
              "Partial Mode": "Partial",
              "Parent Relationship": "Outer",
              "Parallel Aware": false,
              "Startup Cost": 45744.33,
              "Total Cost": 45744.34,
              "Plan Rows": 1,
              "Plan Width": 8,
              "Actual Startup Time": 155.4,
              "Actual Total Time": 155.401,
              "Actual Rows": 1,
              "Actual Loops": 4,
              "Plans": [
                {
                  "Node Type": "Seq Scan",
                  "Parent Relationship": "Outer",
                  "Parallel Aware": true,
                  "Relation Name": "movie_keyword",
                  "Alias": "mk",
                  "Startup Cost": 0.0,
                  "Total Cost": 42695.65,
                  "Plan Rows": 1219472,
                  "Plan Width": 0,
                  "Actual Startup Time": 0.049,
                  "Actual Total Time": 115.281,
                  "Actual Rows": 945767,
                  "Actual Loops": 4,
                  "Filter": "(keyword_id < 25353)",
                  "Rows Removed by Filter": 185216
                }
              ]
            }
          ]
        }
      ]
    },
    "Planning Time": 0.181,
    "Triggers": [],
    "Execution Time": 172.455
  }
]