{
  "Plan": {
    "Node Type": "Aggregate",
    "Strategy": "Plain",
    "Partial Mode": "Finalize",
    "Parallel Aware": false,
    "Startup Cost": 325375.54,
    "Total Cost": 325375.55,
    "Plan Rows": 1,
    "Plan Width": 8,
    "Actual Startup Time": 1887.255,
    "Actual Total Time": 1939.939,
    "Actual Rows": 1,
    "Actual Loops": 1,
    "Plans": [
      {
        "Node Type": "Gather",
        "Parent Relationship": "Outer",
        "Parallel Aware": false,
        "Startup Cost": 325375.42,
        "Total Cost": 325375.53,
        "Plan Rows": 1,
        "Plan Width": 8,
        "Actual Startup Time": 1881.465,
        "Actual Total Time": 1939.929,
        "Actual Rows": 2,
        "Actual Loops": 1,
        "Workers Planned": 1,
        "Workers Launched": 1,
        "Single Copy": false,
        "Plans": [
          {
            "Node Type": "Aggregate",
            "Strategy": "Plain",
            "Partial Mode": "Partial",
            "Parent Relationship": "Outer",
            "Parallel Aware": false,
            "Startup Cost": 324375.42,
            "Total Cost": 324375.43,
            "Plan Rows": 1,
            "Plan Width": 8,
            "Actual Startup Time": 1869.711,
            "Actual Total Time": 1869.716,
            "Actual Rows": 1,
            "Actual Loops": 2,
            "Plans": [
              {
                "Node Type": "Nested Loop",
                "Parent Relationship": "Outer",
                "Parallel Aware": false,
                "Join Type": "Inner",
                "Startup Cost": 73968.18,
                "Total Cost": 323655.47,
                "Plan Rows": 287982,
                "Plan Width": 0,
                "Actual Startup Time": 539.001,
                "Actual Total Time": 1826.886,
                "Actual Rows": 932850,
                "Actual Loops": 2,
                "Inner Unique": false,
                "Plans": [
                  {
                    "Node Type": "Hash Join",
                    "Parent Relationship": "Outer",
                    "Parallel Aware": true,
                    "Join Type": "Inner",
                    "Startup Cost": 73967.74,
                    "Total Cost": 100312.07,
                    "Plan Rows": 124980,
                    "Plan Width": 8,
                    "Actual Startup Time": 538.859,
                    "Actual Total Time": 651.685,
                    "Actual Rows": 111054,
                    "Actual Loops": 2,
                    "Inner Unique": true,
                    "Hash Cond": "(mk.movie_id = t.id)",
                    "Plans": [
                      {
                        "Node Type": "Bitmap Heap Scan",
                        "Parent Relationship": "Outer",
                        "Parallel Aware": true,
                        "Relation Name": "movie_keyword",
                        "Alias": "mk",
                        "Startup Cost": 4507.04,
                        "Total Cost": 30523.29,
                        "Plan Rows": 124980,
                        "Plan Width": 4,
                        "Actual Startup Time": 14.18,
                        "Actual Total Time": 61.304,
                        "Actual Rows": 111054,
                        "Actual Loops": 2,
                        "Recheck Cond": "(keyword_id < 178)",
                        "Rows Removed by Index Recheck": 0,
                        "Exact Heap Blocks": 13007,
                        "Lossy Heap Blocks": 0,
                        "Plans": [
                          {
                            "Node Type": "Bitmap Index Scan",
                            "Parent Relationship": "Outer",
                            "Parallel Aware": false,
                            "Index Name": "keyword_id_movie_keyword",
                            "Startup Cost": 0.0,
                            "Total Cost": 4453.93,
                            "Plan Rows": 212466,
                            "Plan Width": 0,
                            "Actual Startup Time": 10.765,
                            "Actual Total Time": 10.766,
                            "Actual Rows": 222109,
                            "Actual Loops": 1,
                            "Index Cond": "(keyword_id < 178)"
                          }
                        ]
                      },
                      {
                        "Node Type": "Hash",
                        "Parent Relationship": "Inner",
                        "Parallel Aware": true,
                        "Startup Cost": 50870.31,
                        "Total Cost": 50870.31,
                        "Plan Rows": 1487231,
                        "Plan Width": 4,
                        "Actual Startup Time": 503.176,
                        "Actual Total Time": 503.177,
                        "Actual Rows": 1264156,
                        "Actual Loops": 2,
                        "Hash Buckets": 4194304,
                        "Original Hash Buckets": 4194304,
                        "Hash Batches": 1,
                        "Original Hash Batches": 1,
                        "Peak Memory Usage": 131712,
                        "Plans": [
                          {
                            "Node Type": "Seq Scan",
                            "Parent Relationship": "Outer",
                            "Parallel Aware": true,
                            "Relation Name": "title",
                            "Alias": "t",
                            "Startup Cost": 0.0,
                            "Total Cost": 50870.31,
                            "Plan Rows": 1487231,
                            "Plan Width": 4,
                            "Actual Startup Time": 0.026,
                            "Actual Total Time": 145.162,
                            "Actual Rows": 1264156,
                            "Actual Loops": 2
                          }
                        ]
                      }
                    ]
                  },
                  {
                    "Node Type": "Index Scan",
                    "Parent Relationship": "Inner",
                    "Parallel Aware": false,
                    "Scan Direction": "Forward",
                    "Index Name": "movie_id_movie_info",
                    "Relation Name": "movie_info",
                    "Alias": "mi",
                    "Startup Cost": 0.43,
                    "Total Cost": 1.62,
                    "Plan Rows": 17,
                    "Plan Width": 4,
                    "Actual Startup Time": 0.003,
                    "Actual Total Time": 0.01,
                    "Actual Rows": 8,
                    "Actual Loops": 222109,
                    "Index Cond": "(movie_id = t.id)",
                    "Rows Removed by Index Recheck": 0,
                    "Filter": "(info_type_id < 7)",
                    "Rows Removed by Filter": 29
                  }
                ]
              }
            ]
          }
        ]
      }
    ]
  },
  "Planning Time": 0.991,
  "Triggers": [],
  "Execution Time": 1940.052
}