[
  {
    "Plan": {
      "Node Type": "Aggregate",
      "Strategy": "Plain",
      "Partial Mode": "Finalize",
      "Parallel Aware": false,
      "Startup Cost": 44875.82,
      "Total Cost": 44875.83,
      "Plan Rows": 1,
      "Plan Width": 8,
      "Actual Startup Time": 128.857,
      "Actual Total Time": 138.209,
      "Actual Rows": 1,
      "Actual Loops": 1,
      "Plans": [
        {
          "Node Type": "Gather",
          "Parent Relationship": "Outer",
          "Parallel Aware": false,
          "Startup Cost": 44875.5,
          "Total Cost": 44875.81,
          "Plan Rows": 3,
          "Plan Width": 8,
          "Actual Startup Time": 128.691,
          "Actual Total Time": 138.2,
          "Actual Rows": 4,
          "Actual Loops": 1,
          "Workers Planned": 3,
          "Workers Launched": 3,
          "Single Copy": false,
          "Plans": [
            {
              "Node Type": "Aggregate",
              "Strategy": "Plain",
              "Partial Mode": "Partial",
              "Parent Relationship": "Outer",
              "Parallel Aware": false,
              "Startup Cost": 43875.5,
              "Total Cost": 43875.51,
              "Plan Rows": 1,
              "Plan Width": 8,
              "Actual Startup Time": 123.497,
              "Actual Total Time": 123.498,
              "Actual Rows": 1,
              "Actual Loops": 4,
              "Plans": [
                {
                  "Node Type": "Seq Scan",
                  "Parent Relationship": "Outer",
                  "Parallel Aware": true,
                  "Relation Name": "movie_keyword",
                  "Alias": "mk",
                  "Startup Cost": 0.0,
                  "Total Cost": 42695.65,
                  "Plan Rows": 471940,
                  "Plan Width": 0,
                  "Actual Startup Time": 0.623,
                  "Actual Total Time": 106.064,
                  "Actual Rows": 364097,
                  "Actual Loops": 4,
                  "Filter": "(keyword_id > 11429)",
                  "Rows Removed by Filter": 766885
                }
              ]
            }
          ]
        }
      ]
    },
    "Planning Time": 0.059,
    "Triggers": [],
    "Execution Time": 138.236
  }
]