{
  "Plan": {
    "Node Type": "Aggregate",
    "Strategy": "Plain",
    "Partial Mode": "Finalize",
    "Parallel Aware": false,
    "Startup Cost": 87937.37,
    "Total Cost": 87937.38,
    "Plan Rows": 1,
    "Plan Width": 8,
    "Actual Startup Time": 117.0,
    "Actual Total Time": 126.21,
    "Actual Rows": 1,
    "Actual Loops": 1,
    "Plans": [
      {
        "Node Type": "Gather",
        "Parent Relationship": "Outer",
        "Parallel Aware": false,
        "Startup Cost": 87937.26,
        "Total Cost": 87937.37,
        "Plan Rows": 1,
        "Plan Width": 8,
        "Actual Startup Time": 116.734,
        "Actual Total Time": 126.202,
        "Actual Rows": 2,
        "Actual Loops": 1,
        "Workers Planned": 1,
        "Workers Launched": 1,
        "Single Copy": false,
        "Plans": [
          {
            "Node Type": "Aggregate",
            "Strategy": "Plain",
            "Partial Mode": "Partial",
            "Parent Relationship": "Outer",
            "Parallel Aware": false,
            "Startup Cost": 86937.26,
            "Total Cost": 86937.27,
            "Plan Rows": 1,
            "Plan Width": 8,
            "Actual Startup Time": 110.804,
            "Actual Total Time": 110.806,
            "Actual Rows": 1,
            "Actual Loops": 2,
            "Plans": [
              {
                "Node Type": "Nested Loop",
                "Parent Relationship": "Outer",
                "Parallel Aware": false,
                "Join Type": "Inner",
                "Startup Cost": 11824.21,
                "Total Cost": 86935.84,
                "Plan Rows": 568,
                "Plan Width": 0,
                "Actual Startup Time": 38.31,
                "Actual Total Time": 110.687,
                "Actual Rows": 1276,
                "Actual Loops": 2,
                "Inner Unique": false,
                "Plans": [
                  {
                    "Node Type": "Bitmap Heap Scan",
                    "Parent Relationship": "Outer",
                    "Parallel Aware": true,
                    "Relation Name": "title",
                    "Alias": "t",
                    "Startup Cost": 11823.78,
                    "Total Cost": 53674.04,
                    "Plan Rows": 2198,
                    "Plan Width": 4,
                    "Actual Startup Time": 37.913,
                    "Actual Total Time": 92.97,
                    "Actual Rows": 2094,
                    "Actual Loops": 2,
                    "Recheck Cond": "(kind_id < 2)",
                    "Rows Removed by Index Recheck": 0,
                    "Filter": "(production_year = 1981)",
                    "Rows Removed by Filter": 329318,
                    "Exact Heap Blocks": 10005,
                    "Lossy Heap Blocks": 0,
                    "Plans": [
                      {
                        "Node Type": "Bitmap Index Scan",
                        "Parent Relationship": "Outer",
                        "Parallel Aware": false,
                        "Index Name": "kind_id_title",
                        "Startup Cost": 0.0,
                        "Total Cost": 11822.85,
                        "Plan Rows": 663256,
                        "Plan Width": 0,
                        "Actual Startup Time": 40.775,
                        "Actual Total Time": 40.776,
                        "Actual Rows": 662825,
                        "Actual Loops": 1,
                        "Index Cond": "(kind_id < 2)"
                      }
                    ]
                  },
                  {
                    "Node Type": "Index Scan",
                    "Parent Relationship": "Inner",
                    "Parallel Aware": false,
                    "Scan Direction": "Forward",
                    "Index Name": "movie_id_movie_companies",
                    "Relation Name": "movie_companies",
                    "Alias": "mc",
                    "Startup Cost": 0.43,
                    "Total Cost": 15.12,
                    "Plan Rows": 1,
                    "Plan Width": 4,
                    "Actual Startup Time": 0.007,
                    "Actual Total Time": 0.008,
                    "Actual Rows": 1,
                    "Actual Loops": 4189,
                    "Index Cond": "(movie_id = t.id)",
                    "Rows Removed by Index Recheck": 0,
                    "Filter": "((company_id < 11379) AND (company_type_id = 1))",
                    "Rows Removed by Filter": 1
                  }
                ]
              }
            ]
          }
        ]
      }
    ]
  },
  "Planning Time": 0.599,
  "Triggers": [],
  "Execution Time": 126.289
}