[
  {
    "Plan": {
      "Node Type": "Aggregate",
      "Strategy": "Plain",
      "Partial Mode": "Finalize",
      "Parallel Aware": false,
      "Startup Cost": 439731.75,
      "Total Cost": 439731.76,
      "Plan Rows": 1,
      "Plan Width": 8,
      "Actual Startup Time": 2405.344,
      "Actual Total Time": 2468.16,
      "Actual Rows": 1,
      "Actual Loops": 1,
      "Plans": [
        {
          "Node Type": "Gather",
          "Parent Relationship": "Outer",
          "Parallel Aware": false,
          "Startup Cost": 439731.12,
          "Total Cost": 439731.73,
          "Plan Rows": 6,
          "Plan Width": 8,
          "Actual Startup Time": 2399.466,
          "Actual Total Time": 2468.149,
          "Actual Rows": 7,
          "Actual Loops": 1,
          "Workers Planned": 6,
          "Workers Launched": 6,
          "Single Copy": false,
          "Plans": [
            {
              "Node Type": "Aggregate",
              "Strategy": "Plain",
              "Partial Mode": "Partial",
              "Parent Relationship": "Outer",
              "Parallel Aware": false,
              "Startup Cost": 438731.12,
              "Total Cost": 438731.13,
              "Plan Rows": 1,
              "Plan Width": 8,
              "Actual Startup Time": 2386.18,
              "Actual Total Time": 2386.185,
              "Actual Rows": 1,
              "Actual Loops": 7,
              "Plans": [
                {
                  "Node Type": "Hash Join",
                  "Parent Relationship": "Outer",
                  "Parallel Aware": true,
                  "Join Type": "Inner",
                  "Startup Cost": 93902.64,
                  "Total Cost": 434749.61,
                  "Plan Rows": 1592604,
                  "Plan Width": 0,
                  "Actual Startup Time": 315.169,
                  "Actual Total Time": 2171.794,
                  "Actual Rows": 4515930,
                  "Actual Loops": 7,
                  "Inner Unique": false,
                  "Hash Cond": "(ci.movie_id = t.id)",
                  "Plans": [
                    {
                      "Node Type": "Seq Scan",
                      "Parent Relationship": "Outer",
                      "Parallel Aware": true,
                      "Relation Name": "cast_info",
                      "Alias": "ci",
                      "Startup Cost": 0.0,
                      "Total Cost": 313067.02,
                      "Plan Rows": 6038002,
                      "Plan Width": 4,
                      "Actual Startup Time": 0.028,
                      "Actual Total Time": 569.301,
                      "Actual Rows": 5177763,
                      "Actual Loops": 7
                    },
                    {
                      "Node Type": "Hash",
                      "Parent Relationship": "Inner",
                      "Parallel Aware": true,
                      "Startup Cost": 91213.64,
                      "Total Cost": 91213.64,
                      "Plan Rows": 215120,
                      "Plan Width": 8,
                      "Actual Startup Time": 311.55,
                      "Actual Total Time": 311.554,
                      "Actual Rows": 136851,
                      "Actual Loops": 7,
                      "Hash Buckets": 1048576,
                      "Original Hash Buckets": 1048576,
                      "Hash Batches": 1,
                      "Original Hash Batches": 1,
                      "Peak Memory Usage": 45824,
                      "Plans": [
                        {
                          "Node Type": "Hash Join",
                          "Parent Relationship": "Outer",
                          "Parallel Aware": true,
                          "Join Type": "Inner",
                          "Startup Cost": 45274.43,
                          "Total Cost": 91213.64,
                          "Plan Rows": 215120,
                          "Plan Width": 8,
                          "Actual Startup Time": 117.54,
                          "Actual Total Time": 266.036,
                          "Actual Rows": 136851,
                          "Actual Loops": 7,
                          "Inner Unique": true,
                          "Hash Cond": "(mk.movie_id = t.id)",
                          "Plans": [
                            {
                              "Node Type": "Seq Scan",
                              "Parent Relationship": "Outer",
                              "Parallel Aware": true,
                              "Relation Name": "movie_keyword",
                              "Alias": "mk",
                              "Startup Cost": 0.0,
                              "Total Cost": 42695.65,
                              "Plan Rows": 1235643,
                              "Plan Width": 4,
                              "Actual Startup Time": 0.029,
                              "Actual Total Time": 81.47,
                              "Actual Rows": 549315,
                              "Actual Loops": 7,
                              "Filter": "(keyword_id < 27586)",
                              "Rows Removed by Filter": 96961
                            },
                            {
                              "Node Type": "Hash",
                              "Parent Relationship": "Inner",
                              "Parallel Aware": true,
                              "Startup Cost": 43898.92,
                              "Total Cost": 43898.92,
                              "Plan Rows": 110041,
                              "Plan Width": 4,
                              "Actual Startup Time": 116.433,
                              "Actual Total Time": 116.434,
                              "Actual Rows": 64510,
                              "Actual Loops": 7,
                              "Hash Buckets": 524288,
                              "Original Hash Buckets": 524288,
                              "Hash Batches": 1,
                              "Original Hash Batches": 1,
                              "Peak Memory Usage": 21824,
                              "Plans": [
                                {
                                  "Node Type": "Seq Scan",
                                  "Parent Relationship": "Outer",
                                  "Parallel Aware": true,
                                  "Relation Name": "title",
                                  "Alias": "t",
                                  "Startup Cost": 0.0,
                                  "Total Cost": 43898.92,
                                  "Plan Rows": 110041,
                                  "Plan Width": 4,
                                  "Actual Startup Time": 0.056,
                                  "Actual Total Time": 81.376,
                                  "Actual Rows": 64510,
                                  "Actual Loops": 7,
                                  "Filter": "(production_year < 1976)",
                                  "Rows Removed by Filter": 296678
                                }
                              ]
                            }
                          ]
                        }
                      ]
                    }
                  ]
                }
              ]
            }
          ]
        }
      ]
    },
    "Planning Time": 1.336,
    "Triggers": [],
    "Execution Time": 2468.26
  }
]