[
  {
    "Plan": {
      "Node Type": "Aggregate",
      "Strategy": "Plain",
      "Partial Mode": "Finalize",
      "Parallel Aware": false,
      "Startup Cost": 45781.45,
      "Total Cost": 45781.46,
      "Plan Rows": 1,
      "Plan Width": 8,
      "Actual Startup Time": 142.31,
      "Actual Total Time": 151.53,
      "Actual Rows": 1,
      "Actual Loops": 1,
      "Plans": [
        {
          "Node Type": "Gather",
          "Parent Relationship": "Outer",
          "Parallel Aware": false,
          "Startup Cost": 45781.13,
          "Total Cost": 45781.44,
          "Plan Rows": 3,
          "Plan Width": 8,
          "Actual Startup Time": 142.217,
          "Actual Total Time": 151.52,
          "Actual Rows": 4,
          "Actual Loops": 1,
          "Workers Planned": 3,
          "Workers Launched": 3,
          "Single Copy": false,
          "Plans": [
            {
              "Node Type": "Aggregate",
              "Strategy": "Plain",
              "Partial Mode": "Partial",
              "Parent Relationship": "Outer",
              "Parallel Aware": false,
              "Startup Cost": 44781.13,
              "Total Cost": 44781.14,
              "Plan Rows": 1,
              "Plan Width": 8,
              "Actual Startup Time": 137.042,
              "Actual Total Time": 137.043,
              "Actual Rows": 1,
              "Actual Loops": 4,
              "Plans": [
                {
                  "Node Type": "Seq Scan",
                  "Parent Relationship": "Outer",
                  "Parallel Aware": true,
                  "Relation Name": "movie_keyword",
                  "Alias": "mk",
                  "Startup Cost": 0.0,
                  "Total Cost": 42695.65,
                  "Plan Rows": 834190,
                  "Plan Width": 0,
                  "Actual Startup Time": 0.037,
                  "Actual Total Time": 109.228,
                  "Actual Rows": 649832,
                  "Actual Loops": 4,
                  "Filter": "(keyword_id < 6967)",
                  "Rows Removed by Filter": 481151
                }
              ]
            }
          ]
        }
      ]
    },
    "Planning Time": 0.058,
    "Triggers": [],
    "Execution Time": 151.554
  }
]