[
  {
    "Plan": {
      "Node Type": "Aggregate",
      "Strategy": "Plain",
      "Partial Mode": "Finalize",
      "Parallel Aware": false,
      "Startup Cost": 90322.95,
      "Total Cost": 90322.96,
      "Plan Rows": 1,
      "Plan Width": 8,
      "Actual Startup Time": 300.576,
      "Actual Total Time": 317.877,
      "Actual Rows": 1,
      "Actual Loops": 1,
      "Plans": [
        {
          "Node Type": "Gather",
          "Parent Relationship": "Outer",
          "Parallel Aware": false,
          "Startup Cost": 90322.63,
          "Total Cost": 90322.94,
          "Plan Rows": 3,
          "Plan Width": 8,
          "Actual Startup Time": 298.344,
          "Actual Total Time": 317.871,
          "Actual Rows": 4,
          "Actual Loops": 1,
          "Workers Planned": 3,
          "Workers Launched": 3,
          "Single Copy": false,
          "Plans": [
            {
              "Node Type": "Aggregate",
              "Strategy": "Plain",
              "Partial Mode": "Partial",
              "Parent Relationship": "Outer",
              "Parallel Aware": false,
              "Startup Cost": 89322.63,
              "Total Cost": 89322.64,
              "Plan Rows": 1,
              "Plan Width": 8,
              "Actual Startup Time": 289.12,
              "Actual Total Time": 289.123,
              "Actual Rows": 1,
              "Actual Loops": 4,
              "Plans": [
                {
                  "Node Type": "Hash Join",
                  "Parent Relationship": "Outer",
                  "Parallel Aware": true,
                  "Join Type": "Inner",
                  "Startup Cost": 45624.06,
                  "Total Cost": 89150.02,
                  "Plan Rows": 69045,
                  "Plan Width": 0,
                  "Actual Startup Time": 158.005,
                  "Actual Total Time": 285.883,
                  "Actual Rows": 76644,
                  "Actual Loops": 4,
                  "Inner Unique": true,
                  "Hash Cond": "(mk.movie_id = t.id)",
                  "Plans": [
                    {
                      "Node Type": "Seq Scan",
                      "Parent Relationship": "Outer",
                      "Parallel Aware": true,
                      "Relation Name": "movie_keyword",
                      "Alias": "mk",
                      "Startup Cost": 0.0,
                      "Total Cost": 42695.65,
                      "Plan Rows": 316307,
                      "Plan Width": 4,
                      "Actual Startup Time": 0.035,
                      "Actual Total Time": 84.764,
                      "Actual Rows": 247509,
                      "Actual Loops": 4,
                      "Filter": "(keyword_id < 930)",
                      "Rows Removed by Filter": 883474
                    },
                    {
                      "Node Type": "Hash",
                      "Parent Relationship": "Inner",
                      "Parallel Aware": true,
                      "Startup Cost": 43899.32,
                      "Total Cost": 43899.32,
                      "Plan Rows": 137979,
                      "Plan Width": 4,
                      "Actual Startup Time": 153.024,
                      "Actual Total Time": 153.025,
                      "Actual Rows": 142112,
                      "Actual Loops": 4,
                      "Hash Buckets": 1048576,
                      "Original Hash Buckets": 1048576,
                      "Hash Batches": 1,
                      "Original Hash Batches": 1,
                      "Peak Memory Usage": 30528,
                      "Plans": [
                        {
                          "Node Type": "Seq Scan",
                          "Parent Relationship": "Outer",
                          "Parallel Aware": true,
                          "Relation Name": "title",
                          "Alias": "t",
                          "Startup Cost": 0.0,
                          "Total Cost": 43899.32,
                          "Plan Rows": 137979,
                          "Plan Width": 4,
                          "Actual Startup Time": 0.046,
                          "Actual Total Time": 98.363,
                          "Actual Rows": 142112,
                          "Actual Loops": 4,
                          "Filter": "(production_year < 1984)",
                          "Rows Removed by Filter": 489966
                        }
                      ]
                    }
                  ]
                }
              ]
            }
          ]
        }
      ]
    },
    "Planning Time": 0.482,
    "Triggers": [],
    "Execution Time": 317.936
  }
]