[
  {
    "Plan": {
      "Node Type": "Aggregate",
      "Strategy": "Plain",
      "Partial Mode": "Finalize",
      "Parallel Aware": false,
      "Startup Cost": 33449.65,
      "Total Cost": 33449.66,
      "Plan Rows": 1,
      "Plan Width": 8,
      "Actual Startup Time": 93.657,
      "Actual Total Time": 99.74,
      "Actual Rows": 1,
      "Actual Loops": 1,
      "Plans": [
        {
          "Node Type": "Gather",
          "Parent Relationship": "Outer",
          "Parallel Aware": false,
          "Startup Cost": 33449.33,
          "Total Cost": 33449.64,
          "Plan Rows": 3,
          "Plan Width": 8,
          "Actual Startup Time": 93.559,
          "Actual Total Time": 99.732,
          "Actual Rows": 4,
          "Actual Loops": 1,
          "Workers Planned": 3,
          "Workers Launched": 3,
          "Single Copy": false,
          "Plans": [
            {
              "Node Type": "Aggregate",
              "Strategy": "Plain",
              "Partial Mode": "Partial",
              "Parent Relationship": "Outer",
              "Parallel Aware": false,
              "Startup Cost": 32449.33,
              "Total Cost": 32449.34,
              "Plan Rows": 1,
              "Plan Width": 8,
              "Actual Startup Time": 89.775,
              "Actual Total Time": 89.776,
              "Actual Rows": 1,
              "Actual Loops": 4,
              "Plans": [
                {
                  "Node Type": "Seq Scan",
                  "Parent Relationship": "Outer",
                  "Parallel Aware": true,
                  "Relation Name": "movie_companies",
                  "Alias": "mc",
                  "Startup Cost": 0.0,
                  "Total Cost": 31414.82,
                  "Plan Rows": 413805,
                  "Plan Width": 0,
                  "Actual Startup Time": 37.414,
                  "Actual Total Time": 75.613,
                  "Actual Rows": 309066,
                  "Actual Loops": 4,
                  "Filter": "((company_id < 158353) AND (company_type_id > 1))",
                  "Rows Removed by Filter": 343217
                }
              ]
            }
          ]
        }
      ]
    },
    "Planning Time": 0.125,
    "Triggers": [],
    "Execution Time": 99.774
  }
]