[
  {
    "Plan": {
      "Node Type": "Aggregate",
      "Strategy": "Plain",
      "Partial Mode": "Finalize",
      "Parallel Aware": false,
      "Startup Cost": 46499.51,
      "Total Cost": 46499.52,
      "Plan Rows": 1,
      "Plan Width": 8,
      "Actual Startup Time": 84.653,
      "Actual Total Time": 93.04,
      "Actual Rows": 1,
      "Actual Loops": 1,
      "Plans": [
        {
          "Node Type": "Gather",
          "Parent Relationship": "Outer",
          "Parallel Aware": false,
          "Startup Cost": 46499.09,
          "Total Cost": 46499.5,
          "Plan Rows": 4,
          "Plan Width": 8,
          "Actual Startup Time": 84.519,
          "Actual Total Time": 93.028,
          "Actual Rows": 5,
          "Actual Loops": 1,
          "Workers Planned": 4,
          "Workers Launched": 4,
          "Single Copy": false,
          "Plans": [
            {
              "Node Type": "Aggregate",
              "Strategy": "Plain",
              "Partial Mode": "Partial",
              "Parent Relationship": "Outer",
              "Parallel Aware": false,
              "Startup Cost": 45499.09,
              "Total Cost": 45499.1,
              "Plan Rows": 1,
              "Plan Width": 8,
              "Actual Startup Time": 76.909,
              "Actual Total Time": 76.91,
              "Actual Rows": 1,
              "Actual Loops": 5,
              "Plans": [
                {
                  "Node Type": "Seq Scan",
                  "Parent Relationship": "Outer",
                  "Parallel Aware": true,
                  "Relation Name": "title",
                  "Alias": "t",
                  "Startup Cost": 0.0,
                  "Total Cost": 45479.59,
                  "Plan Rows": 7800,
                  "Plan Width": 0,
                  "Actual Startup Time": 67.377,
                  "Actual Total Time": 76.904,
                  "Actual Rows": 0,
                  "Actual Loops": 5,
                  "Filter": "((production_year < 1914) AND (kind_id = 7))",
                  "Rows Removed by Filter": 505662
                }
              ]
            }
          ]
        }
      ]
    },
    "Planning Time": 0.201,
    "Triggers": [],
    "Execution Time": 93.102
  }
]