{
  "Plan": {
    "Node Type": "Aggregate",
    "Strategy": "Plain",
    "Partial Mode": "Finalize",
    "Parallel Aware": false,
    "Startup Cost": 388105.31,
    "Total Cost": 388105.32,
    "Plan Rows": 1,
    "Plan Width": 8,
    "Actual Startup Time": 883.445,
    "Actual Total Time": 901.545,
    "Actual Rows": 1,
    "Actual Loops": 1,
    "Plans": [
      {
        "Node Type": "Gather",
        "Parent Relationship": "Outer",
        "Parallel Aware": false,
        "Startup Cost": 388105.2,
        "Total Cost": 388105.31,
        "Plan Rows": 1,
        "Plan Width": 8,
        "Actual Startup Time": 866.333,
        "Actual Total Time": 901.537,
        "Actual Rows": 2,
        "Actual Loops": 1,
        "Workers Planned": 1,
        "Workers Launched": 1,
        "Single Copy": false,
        "Plans": [
          {
            "Node Type": "Aggregate",
            "Strategy": "Plain",
            "Partial Mode": "Partial",
            "Parent Relationship": "Outer",
            "Parallel Aware": false,
            "Startup Cost": 387105.2,
            "Total Cost": 387105.21,
            "Plan Rows": 1,
            "Plan Width": 8,
            "Actual Startup Time": 865.502,
            "Actual Total Time": 865.509,
            "Actual Rows": 1,
            "Actual Loops": 2,
            "Plans": [
              {
                "Node Type": "Merge Join",
                "Parent Relationship": "Outer",
                "Parallel Aware": false,
                "Join Type": "Inner",
                "Startup Cost": 380468.44,
                "Total Cost": 386832.06,
                "Plan Rows": 109256,
                "Plan Width": 0,
                "Actual Startup Time": 826.951,
                "Actual Total Time": 863.199,
                "Actual Rows": 48006,
                "Actual Loops": 2,
                "Inner Unique": false,
                "Merge Cond": "(t.id = mi.movie_id)",
                "Plans": [
                  {
                    "Node Type": "Sort",
                    "Parent Relationship": "Outer",
                    "Parallel Aware": false,
                    "Startup Cost": 157899.0,
                    "Total Cost": 159324.61,
                    "Plan Rows": 570243,
                    "Plan Width": 8,
                    "Actual Startup Time": 665.693,
                    "Actual Total Time": 674.835,
                    "Actual Rows": 232897,
                    "Actual Loops": 2,
                    "Sort Key": [
                      "t.id"
                    ],
                    "Sort Method": "quicksort",
                    "Sort Space Used": 17709,
                    "Sort Space Type": "Memory",
                    "Workers": [
                      {
                        "Worker Number": 0,
                        "Sort Method": "quicksort",
                        "Sort Space Used": 16414,
                        "Sort Space Type": "Memory"
                      }
                    ],
                    "Plans": [
                      {
                        "Node Type": "Hash Join",
                        "Parent Relationship": "Outer",
                        "Parallel Aware": true,
                        "Join Type": "Inner",
                        "Startup Cost": 65213.67,
                        "Total Cost": 103380.3,
                        "Plan Rows": 570243,
                        "Plan Width": 8,
                        "Actual Startup Time": 268.771,
                        "Actual Total Time": 622.057,
                        "Actual Rows": 232897,
                        "Actual Loops": 2,
                        "Inner Unique": true,
                        "Hash Cond": "(mc.movie_id = t.id)",
                        "Plans": [
                          {
                            "Node Type": "Seq Scan",
                            "Parent Relationship": "Outer",
                            "Parallel Aware": true,
                            "Relation Name": "movie_companies",
                            "Alias": "mc",
                            "Startup Cost": 0.0,
                            "Total Cost": 34137.82,
                            "Plan Rows": 1534782,
                            "Plan Width": 4,
                            "Actual Startup Time": 0.013,
                            "Actual Total Time": 100.447,
                            "Actual Rows": 1304564,
                            "Actual Loops": 2
                          },
                          {
                            "Node Type": "Hash",
                            "Parent Relationship": "Inner",
                            "Parallel Aware": true,
                            "Startup Cost": 58306.47,
                            "Total Cost": 58306.47,
                            "Plan Rows": 552576,
                            "Plan Width": 4,
                            "Actual Startup Time": 259.949,
                            "Actual Total Time": 259.951,
                            "Actual Rows": 438018,
                            "Actual Loops": 2,
                            "Hash Buckets": 1048576,
                            "Original Hash Buckets": 1048576,
                            "Hash Batches": 1,
                            "Original Hash Batches": 1,
                            "Peak Memory Usage": 42496,
                            "Plans": [
                              {
                                "Node Type": "Seq Scan",
                                "Parent Relationship": "Outer",
                                "Parallel Aware": true,
                                "Relation Name": "title",
                                "Alias": "t",
                                "Startup Cost": 0.0,
                                "Total Cost": 58306.47,
                                "Plan Rows": 552576,
                                "Plan Width": 4,
                                "Actual Startup Time": 0.035,
                                "Actual Total Time": 158.882,
                                "Actual Rows": 438018,
                                "Actual Loops": 2,
                                "Filter": "((production_year < 2007) AND (kind_id = 7))",
                                "Rows Removed by Filter": 826138
                              }
                            ]
                          }
                        ]
                      }
                    ]
                  },
                  {
                    "Node Type": "Sort",
                    "Parent Relationship": "Inner",
                    "Parallel Aware": false,
                    "Startup Cost": 222569.38,
                    "Total Cost": 223780.41,
                    "Plan Rows": 484411,
                    "Plan Width": 4,
                    "Actual Startup Time": 161.232,
                    "Actual Total Time": 165.491,
                    "Actual Rows": 106729,
                    "Actual Loops": 2,
                    "Sort Key": [
                      "mi.movie_id"
                    ],
                    "Sort Method": "quicksort",
                    "Sort Space Used": 35096,
                    "Sort Space Type": "Memory",
                    "Workers": [
                      {
                        "Worker Number": 0,
                        "Sort Method": "quicksort",
                        "Sort Space Used": 35096,
                        "Sort Space Type": "Memory"
                      }
                    ],
                    "Plans": [
                      {
                        "Node Type": "Bitmap Heap Scan",
                        "Parent Relationship": "Outer",
                        "Parallel Aware": false,
                        "Relation Name": "movie_info",
                        "Alias": "mi",
                        "Startup Cost": 8778.62,
                        "Total Cost": 176826.76,
                        "Plan Rows": 484411,
                        "Plan Width": 4,
                        "Actual Startup Time": 14.432,
                        "Actual Total Time": 67.587,
                        "Actual Rows": 486554,
                        "Actual Loops": 2,
                        "Recheck Cond": "(info_type_id = 5)",
                        "Rows Removed by Index Recheck": 0,
                        "Exact Heap Blocks": 5146,
                        "Lossy Heap Blocks": 0,
                        "Plans": [
                          {
                            "Node Type": "Bitmap Index Scan",
                            "Parent Relationship": "Outer",
                            "Parallel Aware": false,
                            "Index Name": "info_type_id_movie_info",
                            "Startup Cost": 0.0,
                            "Total Cost": 8657.52,
                            "Plan Rows": 484411,
                            "Plan Width": 0,
                            "Actual Startup Time": 13.866,
                            "Actual Total Time": 13.867,
                            "Actual Rows": 486554,
                            "Actual Loops": 2,
                            "Index Cond": "(info_type_id = 5)"
                          }
                        ]
                      }
                    ]
                  }
                ]
              }
            ]
          }
        ]
      }
    ]
  },
  "Planning Time": 1.106,
  "Triggers": [],
  "Execution Time": 906.459
}