[
  {
    "Bao": {
      "Bao prediction": 242.565,
      "Bao recommended hint": "(no hint)"
    }
  },
  {
    "Plan": {
      "Node Type": "Gather",
      "Parallel Aware": false,
      "Startup Cost": 7199.43,
      "Total Cost": 30565.85,
      "Plan Rows": 4158,
      "Plan Width": 40,
      "Actual Startup Time": 72.588,
      "Actual Total Time": 118.142,
      "Actual Rows": 4712,
      "Actual Loops": 1,
      "Workers Planned": 2,
      "Workers Launched": 2,
      "Single Copy": false,
      "Plans": [
        {
          "Node Type": "Hash Join",
          "Parent Relationship": "Outer",
          "Parallel Aware": false,
          "Join Type": "Inner",
          "Startup Cost": 6199.43,
          "Total Cost": 29150.05,
          "Plan Rows": 1732,
          "Plan Width": 40,
          "Actual Startup Time": 63.713,
          "Actual Total Time": 97.554,
          "Actual Rows": 1571,
          "Actual Loops": 3,
          "Inner Unique": true,
          "Hash Cond": "(mc.company_type_id = ct.id)",
          "Plans": [
            {
              "Node Type": "Nested Loop",
              "Parent Relationship": "Outer",
              "Parallel Aware": false,
              "Join Type": "Inner",
              "Startup Cost": 6198.34,
              "Total Cost": 29139.6,
              "Plan Rows": 1732,
              "Plan Width": 40,
              "Actual Startup Time": 63.224,
              "Actual Total Time": 96.149,
              "Actual Rows": 1571,
              "Actual Loops": 3,
              "Inner Unique": true,
              "Plans": [
                {
                  "Node Type": "Hash Join",
                  "Parent Relationship": "Outer",
                  "Parallel Aware": true,
                  "Join Type": "Inner",
                  "Startup Cost": 6197.91,
                  "Total Cost": 16186.38,
                  "Plan Rows": 1732,
                  "Plan Width": 40,
                  "Actual Startup Time": 63.124,
                  "Actual Total Time": 71.111,
                  "Actual Rows": 1571,
                  "Actual Loops": 3,
                  "Inner Unique": true,
                  "Hash Cond": "(mc.company_id = cn.id)",
                  "Plans": [
                    {
                      "Node Type": "Bitmap Heap Scan",
                      "Parent Relationship": "Outer",
                      "Parallel Aware": true,
                      "Relation Name": "movie_companies",
                      "Alias": "mc",
                      "Startup Cost": 92.65,
                      "Total Cost": 10076.57,
                      "Plan Rows": 1732,
                      "Plan Width": 40,
                      "Actual Startup Time": 1.322,
                      "Actual Total Time": 8.286,
                      "Actual Rows": 1571,
                      "Actual Loops": 3,
                      "Recheck Cond": "(company_id < 6)",
                      "Rows Removed by Index Recheck": 0,
                      "Exact Heap Blocks": 495,
                      "Lossy Heap Blocks": 0,
                      "Plans": [
                        {
                          "Node Type": "Bitmap Index Scan",
                          "Parent Relationship": "Outer",
                          "Parallel Aware": false,
                          "Index Name": "company_id_movie_companies",
                          "Startup Cost": 0.0,
                          "Total Cost": 91.62,
                          "Plan Rows": 4158,
                          "Plan Width": 0,
                          "Actual Startup Time": 0.91,
                          "Actual Total Time": 0.91,
                          "Actual Rows": 4712,
                          "Actual Loops": 1,
                          "Index Cond": "(company_id < 6)"
                        }
                      ]
                    },
                    {
                      "Node Type": "Hash",
                      "Parent Relationship": "Inner",
                      "Parallel Aware": true,
                      "Startup Cost": 4377.34,
                      "Total Cost": 4377.34,
                      "Plan Rows": 138234,
                      "Plan Width": 4,
                      "Actual Startup Time": 60.568,
                      "Actual Total Time": 60.569,
                      "Actual Rows": 78332,
                      "Actual Loops": 3,
                      "Hash Buckets": 262144,
                      "Original Hash Buckets": 262144,
                      "Hash Batches": 1,
                      "Original Hash Batches": 1,
                      "Peak Memory Usage": 11296,
                      "Plans": [
                        {
                          "Node Type": "Seq Scan",
                          "Parent Relationship": "Outer",
                          "Parallel Aware": true,
                          "Relation Name": "company_name",
                          "Alias": "cn",
                          "Startup Cost": 0.0,
                          "Total Cost": 4377.34,
                          "Plan Rows": 138234,
                          "Plan Width": 4,
                          "Actual Startup Time": 0.055,
                          "Actual Total Time": 25.095,
                          "Actual Rows": 78332,
                          "Actual Loops": 3
                        }
                      ]
                    }
                  ]
                },
                {
                  "Node Type": "Index Only Scan",
                  "Parent Relationship": "Inner",
                  "Parallel Aware": false,
                  "Scan Direction": "Forward",
                  "Index Name": "title_pkey",
                  "Relation Name": "title",
                  "Alias": "t",
                  "Startup Cost": 0.43,
                  "Total Cost": 7.48,
                  "Plan Rows": 1,
                  "Plan Width": 4,
                  "Actual Startup Time": 0.015,
                  "Actual Total Time": 0.015,
                  "Actual Rows": 1,
                  "Actual Loops": 4712,
                  "Index Cond": "(id = mc.movie_id)",
                  "Rows Removed by Index Recheck": 0,
                  "Heap Fetches": 4712
                }
              ]
            },
            {
              "Node Type": "Hash",
              "Parent Relationship": "Inner",
              "Parallel Aware": false,
              "Startup Cost": 1.04,
              "Total Cost": 1.04,
              "Plan Rows": 4,
              "Plan Width": 4,
              "Actual Startup Time": 0.085,
              "Actual Total Time": 0.086,
              "Actual Rows": 4,
              "Actual Loops": 3,
              "Hash Buckets": 1024,
              "Original Hash Buckets": 1024,
              "Hash Batches": 1,
              "Original Hash Batches": 1,
              "Peak Memory Usage": 9,
              "Plans": [
                {
                  "Node Type": "Seq Scan",
                  "Parent Relationship": "Outer",
                  "Parallel Aware": false,
                  "Relation Name": "company_type",
                  "Alias": "ct",
                  "Startup Cost": 0.0,
                  "Total Cost": 1.04,
                  "Plan Rows": 4,
                  "Plan Width": 4,
                  "Actual Startup Time": 0.055,
                  "Actual Total Time": 0.059,
                  "Actual Rows": 4,
                  "Actual Loops": 3
                }
              ]
            }
          ]
        }
      ]
    },
    "Planning Time": 432.571,
    "Triggers": [],
    "Execution Time": 119.039
  }
]