{
  "Plan": {
    "Node Type": "Aggregate",
    "Strategy": "Plain",
    "Partial Mode": "Finalize",
    "Parallel Aware": false,
    "Startup Cost": 601450.96,
    "Total Cost": 601450.97,
    "Plan Rows": 1,
    "Plan Width": 8,
    "Actual Startup Time": 2653.434,
    "Actual Total Time": 2714.968,
    "Actual Rows": 1,
    "Actual Loops": 1,
    "Plans": [
      {
        "Node Type": "Gather",
        "Parent Relationship": "Outer",
        "Parallel Aware": false,
        "Startup Cost": 601450.85,
        "Total Cost": 601450.96,
        "Plan Rows": 1,
        "Plan Width": 8,
        "Actual Startup Time": 2653.109,
        "Actual Total Time": 2714.958,
        "Actual Rows": 2,
        "Actual Loops": 1,
        "Workers Planned": 1,
        "Workers Launched": 1,
        "Single Copy": false,
        "Plans": [
          {
            "Node Type": "Aggregate",
            "Strategy": "Plain",
            "Partial Mode": "Partial",
            "Parent Relationship": "Outer",
            "Parallel Aware": false,
            "Startup Cost": 600450.85,
            "Total Cost": 600450.86,
            "Plan Rows": 1,
            "Plan Width": 8,
            "Actual Startup Time": 2647.092,
            "Actual Total Time": 2647.096,
            "Actual Rows": 1,
            "Actual Loops": 2,
            "Plans": [
              {
                "Node Type": "Hash Join",
                "Parent Relationship": "Outer",
                "Parallel Aware": true,
                "Join Type": "Inner",
                "Startup Cost": 39533.7,
                "Total Cost": 599885.29,
                "Plan Rows": 226223,
                "Plan Width": 0,
                "Actual Startup Time": 55.12,
                "Actual Total Time": 2644.551,
                "Actual Rows": 42338,
                "Actual Loops": 2,
                "Inner Unique": true,
                "Hash Cond": "(ci.movie_id = t.id)",
                "Plans": [
                  {
                    "Node Type": "Seq Scan",
                    "Parent Relationship": "Outer",
                    "Parallel Aware": true,
                    "Relation Name": "cast_info",
                    "Alias": "ci",
                    "Startup Cost": 0.0,
                    "Total Cost": 519069.44,
                    "Plan Rows": 15726509,
                    "Plan Width": 4,
                    "Actual Startup Time": 0.016,
                    "Actual Total Time": 1754.056,
                    "Actual Rows": 13429820,
                    "Actual Loops": 2,
                    "Filter": "(role_id < 5)",
                    "Rows Removed by Filter": 4692352
                  },
                  {
                    "Node Type": "Hash",
                    "Parent Relationship": "Inner",
                    "Parallel Aware": true,
                    "Startup Cost": 39266.27,
                    "Total Cost": 39266.27,
                    "Plan Rows": 21394,
                    "Plan Width": 4,
                    "Actual Startup Time": 53.76,
                    "Actual Total Time": 53.761,
                    "Actual Rows": 4626,
                    "Actual Loops": 2,
                    "Hash Buckets": 65536,
                    "Original Hash Buckets": 65536,
                    "Hash Batches": 1,
                    "Original Hash Batches": 1,
                    "Peak Memory Usage": 896,
                    "Plans": [
                      {
                        "Node Type": "Bitmap Heap Scan",
                        "Parent Relationship": "Outer",
                        "Parallel Aware": true,
                        "Relation Name": "title",
                        "Alias": "t",
                        "Startup Cost": 2190.03,
                        "Total Cost": 39266.27,
                        "Plan Rows": 21394,
                        "Plan Width": 4,
                        "Actual Startup Time": 16.261,
                        "Actual Total Time": 52.022,
                        "Actual Rows": 4626,
                        "Actual Loops": 2,
                        "Recheck Cond": "(kind_id = 4)",
                        "Rows Removed by Index Recheck": 0,
                        "Filter": "(production_year < 1993)",
                        "Rows Removed by Filter": 54490,
                        "Exact Heap Blocks": 11162,
                        "Lossy Heap Blocks": 0,
                        "Plans": [
                          {
                            "Node Type": "Bitmap Index Scan",
                            "Parent Relationship": "Outer",
                            "Parallel Aware": false,
                            "Index Name": "kind_id_title",
                            "Startup Cost": 0.0,
                            "Total Cost": 2180.94,
                            "Plan Rows": 122201,
                            "Plan Width": 0,
                            "Actual Startup Time": 16.683,
                            "Actual Total Time": 16.684,
                            "Actual Rows": 118234,
                            "Actual Loops": 1,
                            "Index Cond": "(kind_id = 4)"
                          }
                        ]
                      }
                    ]
                  }
                ]
              }
            ]
          }
        ]
      }
    ]
  },
  "Planning Time": 0.484,
  "Triggers": [],
  "Execution Time": 2715.078
}