[
  {
    "Plan": {
      "Node Type": "Aggregate",
      "Strategy": "Plain",
      "Partial Mode": "Finalize",
      "Parallel Aware": false,
      "Startup Cost": 249627.8,
      "Total Cost": 249627.81,
      "Plan Rows": 1,
      "Plan Width": 8,
      "Actual Startup Time": 666.111,
      "Actual Total Time": 710.772,
      "Actual Rows": 1,
      "Actual Loops": 1,
      "Plans": [
        {
          "Node Type": "Gather",
          "Parent Relationship": "Outer",
          "Parallel Aware": false,
          "Startup Cost": 249627.28,
          "Total Cost": 249627.79,
          "Plan Rows": 5,
          "Plan Width": 8,
          "Actual Startup Time": 665.306,
          "Actual Total Time": 710.762,
          "Actual Rows": 6,
          "Actual Loops": 1,
          "Workers Planned": 5,
          "Workers Launched": 5,
          "Single Copy": false,
          "Plans": [
            {
              "Node Type": "Aggregate",
              "Strategy": "Plain",
              "Partial Mode": "Partial",
              "Parent Relationship": "Outer",
              "Parallel Aware": false,
              "Startup Cost": 248627.28,
              "Total Cost": 248627.29,
              "Plan Rows": 1,
              "Plan Width": 8,
              "Actual Startup Time": 655.175,
              "Actual Total Time": 655.178,
              "Actual Rows": 1,
              "Actual Loops": 6,
              "Plans": [
                {
                  "Node Type": "Hash Join",
                  "Parent Relationship": "Outer",
                  "Parallel Aware": true,
                  "Join Type": "Inner",
                  "Startup Cost": 44250.18,
                  "Total Cost": 248406.91,
                  "Plan Rows": 88148,
                  "Plan Width": 0,
                  "Actual Startup Time": 117.508,
                  "Actual Total Time": 647.915,
                  "Actual Rows": 143507,
                  "Actual Loops": 6,
                  "Inner Unique": true,
                  "Hash Cond": "(mi.movie_id = t.id)",
                  "Plans": [
                    {
                      "Node Type": "Seq Scan",
                      "Parent Relationship": "Outer",
                      "Parallel Aware": true,
                      "Relation Name": "movie_info",
                      "Alias": "mi",
                      "Startup Cost": 0.0,
                      "Total Cost": 198952.16,
                      "Plan Rows": 1982687,
                      "Plan Width": 4,
                      "Actual Startup Time": 17.428,
                      "Actual Total Time": 358.457,
                      "Actual Rows": 1651959,
                      "Actual Loops": 6,
                      "Filter": "(info_type_id > 4)",
                      "Rows Removed by Filter": 820661
                    },
                    {
                      "Node Type": "Hash",
                      "Parent Relationship": "Inner",
                      "Parallel Aware": true,
                      "Startup Cost": 43898.92,
                      "Total Cost": 43898.92,
                      "Plan Rows": 28101,
                      "Plan Width": 4,
                      "Actual Startup Time": 84.63,
                      "Actual Total Time": 84.63,
                      "Actual Rows": 19219,
                      "Actual Loops": 6,
                      "Hash Buckets": 131072,
                      "Original Hash Buckets": 131072,
                      "Hash Batches": 1,
                      "Original Hash Batches": 1,
                      "Peak Memory Usage": 5600,
                      "Plans": [
                        {
                          "Node Type": "Seq Scan",
                          "Parent Relationship": "Outer",
                          "Parallel Aware": true,
                          "Relation Name": "title",
                          "Alias": "t",
                          "Startup Cost": 0.0,
                          "Total Cost": 43898.92,
                          "Plan Rows": 28101,
                          "Plan Width": 4,
                          "Actual Startup Time": 43.614,
                          "Actual Total Time": 77.299,
                          "Actual Rows": 19219,
                          "Actual Loops": 6,
                          "Filter": "(production_year < 1930)",
                          "Rows Removed by Filter": 402166
                        }
                      ]
                    }
                  ]
                }
              ]
            }
          ]
        }
      ]
    },
    "Planning Time": 0.598,
    "Triggers": [],
    "Execution Time": 710.851
  }
]