[
  {
    "Plan": {
      "Node Type": "Aggregate",
      "Strategy": "Plain",
      "Partial Mode": "Finalize",
      "Parallel Aware": false,
      "Startup Cost": 47066.87,
      "Total Cost": 47066.88,
      "Plan Rows": 1,
      "Plan Width": 8,
      "Actual Startup Time": 190.262,
      "Actual Total Time": 199.443,
      "Actual Rows": 1,
      "Actual Loops": 1,
      "Plans": [
        {
          "Node Type": "Gather",
          "Parent Relationship": "Outer",
          "Parallel Aware": false,
          "Startup Cost": 47066.55,
          "Total Cost": 47066.86,
          "Plan Rows": 3,
          "Plan Width": 8,
          "Actual Startup Time": 189.987,
          "Actual Total Time": 199.432,
          "Actual Rows": 4,
          "Actual Loops": 1,
          "Workers Planned": 3,
          "Workers Launched": 3,
          "Single Copy": false,
          "Plans": [
            {
              "Node Type": "Aggregate",
              "Strategy": "Plain",
              "Partial Mode": "Partial",
              "Parent Relationship": "Outer",
              "Parallel Aware": false,
              "Startup Cost": 46066.55,
              "Total Cost": 46066.56,
              "Plan Rows": 1,
              "Plan Width": 8,
              "Actual Startup Time": 183.114,
              "Actual Total Time": 183.115,
              "Actual Rows": 1,
              "Actual Loops": 4,
              "Plans": [
                {
                  "Node Type": "Seq Scan",
                  "Parent Relationship": "Outer",
                  "Parallel Aware": true,
                  "Relation Name": "movie_keyword",
                  "Alias": "mk",
                  "Startup Cost": 0.0,
                  "Total Cost": 42695.65,
                  "Plan Rows": 1348360,
                  "Plan Width": 0,
                  "Actual Startup Time": 0.048,
                  "Actual Total Time": 131.906,
                  "Actual Rows": 1045060,
                  "Actual Loops": 4,
                  "Filter": "(keyword_id < 48385)",
                  "Rows Removed by Filter": 85922
                }
              ]
            }
          ]
        }
      ]
    },
    "Planning Time": 0.126,
    "Triggers": [],
    "Execution Time": 199.487
  }
]