[
  {
    "Plan": {
      "Node Type": "Aggregate",
      "Strategy": "Plain",
      "Partial Mode": "Finalize",
      "Parallel Aware": false,
      "Startup Cost": 33298.85,
      "Total Cost": 33298.86,
      "Plan Rows": 1,
      "Plan Width": 8,
      "Actual Startup Time": 109.685,
      "Actual Total Time": 118.575,
      "Actual Rows": 1,
      "Actual Loops": 1,
      "Plans": [
        {
          "Node Type": "Gather",
          "Parent Relationship": "Outer",
          "Parallel Aware": false,
          "Startup Cost": 33298.54,
          "Total Cost": 33298.85,
          "Plan Rows": 3,
          "Plan Width": 8,
          "Actual Startup Time": 109.537,
          "Actual Total Time": 118.566,
          "Actual Rows": 4,
          "Actual Loops": 1,
          "Workers Planned": 3,
          "Workers Launched": 3,
          "Single Copy": false,
          "Plans": [
            {
              "Node Type": "Aggregate",
              "Strategy": "Plain",
              "Partial Mode": "Partial",
              "Parent Relationship": "Outer",
              "Parallel Aware": false,
              "Startup Cost": 32298.54,
              "Total Cost": 32298.55,
              "Plan Rows": 1,
              "Plan Width": 8,
              "Actual Startup Time": 100.64,
              "Actual Total Time": 100.641,
              "Actual Rows": 1,
              "Actual Loops": 4,
              "Plans": [
                {
                  "Node Type": "Seq Scan",
                  "Parent Relationship": "Outer",
                  "Parallel Aware": true,
                  "Relation Name": "movie_companies",
                  "Alias": "mc",
                  "Startup Cost": 0.0,
                  "Total Cost": 31414.82,
                  "Plan Rows": 353487,
                  "Plan Width": 0,
                  "Actual Startup Time": 0.118,
                  "Actual Total Time": 86.302,
                  "Actual Rows": 248483,
                  "Actual Loops": 4,
                  "Filter": "((company_id > 185) AND (company_type_id < 2))",
                  "Rows Removed by Filter": 403799
                }
              ]
            }
          ]
        }
      ]
    },
    "Planning Time": 0.227,
    "Triggers": [],
    "Execution Time": 118.632
  }
]