[
  {
    "Plan": {
      "Node Type": "Aggregate",
      "Strategy": "Plain",
      "Partial Mode": "Finalize",
      "Parallel Aware": false,
      "Startup Cost": 53600.28,
      "Total Cost": 53600.29,
      "Plan Rows": 1,
      "Plan Width": 8,
      "Actual Startup Time": 92.205,
      "Actual Total Time": 106.767,
      "Actual Rows": 1,
      "Actual Loops": 1,
      "Plans": [
        {
          "Node Type": "Gather",
          "Parent Relationship": "Outer",
          "Parallel Aware": false,
          "Startup Cost": 53599.86,
          "Total Cost": 53600.27,
          "Plan Rows": 4,
          "Plan Width": 8,
          "Actual Startup Time": 92.032,
          "Actual Total Time": 106.758,
          "Actual Rows": 5,
          "Actual Loops": 1,
          "Workers Planned": 4,
          "Workers Launched": 4,
          "Single Copy": false,
          "Plans": [
            {
              "Node Type": "Aggregate",
              "Strategy": "Plain",
              "Partial Mode": "Partial",
              "Parent Relationship": "Outer",
              "Parallel Aware": false,
              "Startup Cost": 52599.86,
              "Total Cost": 52599.87,
              "Plan Rows": 1,
              "Plan Width": 8,
              "Actual Startup Time": 87.414,
              "Actual Total Time": 87.415,
              "Actual Rows": 1,
              "Actual Loops": 5,
              "Plans": [
                {
                  "Node Type": "Nested Loop",
                  "Parent Relationship": "Outer",
                  "Parallel Aware": false,
                  "Join Type": "Inner",
                  "Startup Cost": 0.43,
                  "Total Cost": 52598.4,
                  "Plan Rows": 585,
                  "Plan Width": 0,
                  "Actual Startup Time": 51.859,
                  "Actual Total Time": 87.33,
                  "Actual Rows": 1010,
                  "Actual Loops": 5,
                  "Inner Unique": false,
                  "Plans": [
                    {
                      "Node Type": "Seq Scan",
                      "Parent Relationship": "Outer",
                      "Parallel Aware": true,
                      "Relation Name": "title",
                      "Alias": "t",
                      "Startup Cost": 0.0,
                      "Total Cost": 45479.59,
                      "Plan Rows": 1072,
                      "Plan Width": 4,
                      "Actual Startup Time": 51.594,
                      "Actual Total Time": 76.665,
                      "Actual Rows": 2247,
                      "Actual Loops": 5,
                      "Filter": "((kind_id < 7) AND (production_year < 1903))",
                      "Rows Removed by Filter": 503416
                    },
                    {
                      "Node Type": "Index Only Scan",
                      "Parent Relationship": "Inner",
                      "Parallel Aware": false,
                      "Scan Direction": "Forward",
                      "Index Name": "movie_id_movie_info_idx",
                      "Relation Name": "movie_info_idx",
                      "Alias": "mi_idx",
                      "Startup Cost": 0.43,
                      "Total Cost": 6.61,
                      "Plan Rows": 3,
                      "Plan Width": 4,
                      "Actual Startup Time": 0.004,
                      "Actual Total Time": 0.004,
                      "Actual Rows": 0,
                      "Actual Loops": 11233,
                      "Index Cond": "(movie_id = t.id)",
                      "Rows Removed by Index Recheck": 0,
                      "Heap Fetches": 5049
                    }
                  ]
                }
              ]
            }
          ]
        }
      ]
    },
    "Planning Time": 0.357,
    "Triggers": [],
    "Execution Time": 106.811
  }
]