[
  {
    "Plan": {
      "Node Type": "Aggregate",
      "Strategy": "Plain",
      "Partial Mode": "Finalize",
      "Parallel Aware": false,
      "Startup Cost": 53744.38,
      "Total Cost": 53744.39,
      "Plan Rows": 1,
      "Plan Width": 8,
      "Actual Startup Time": 103.219,
      "Actual Total Time": 116.308,
      "Actual Rows": 1,
      "Actual Loops": 1,
      "Plans": [
        {
          "Node Type": "Gather",
          "Parent Relationship": "Outer",
          "Parallel Aware": false,
          "Startup Cost": 53743.96,
          "Total Cost": 53744.37,
          "Plan Rows": 4,
          "Plan Width": 8,
          "Actual Startup Time": 103.076,
          "Actual Total Time": 116.302,
          "Actual Rows": 5,
          "Actual Loops": 1,
          "Workers Planned": 4,
          "Workers Launched": 4,
          "Single Copy": false,
          "Plans": [
            {
              "Node Type": "Aggregate",
              "Strategy": "Plain",
              "Partial Mode": "Partial",
              "Parent Relationship": "Outer",
              "Parallel Aware": false,
              "Startup Cost": 52743.96,
              "Total Cost": 52743.97,
              "Plan Rows": 1,
              "Plan Width": 8,
              "Actual Startup Time": 93.032,
              "Actual Total Time": 93.033,
              "Actual Rows": 1,
              "Actual Loops": 5,
              "Plans": [
                {
                  "Node Type": "Nested Loop",
                  "Parent Relationship": "Outer",
                  "Parallel Aware": false,
                  "Join Type": "Inner",
                  "Startup Cost": 0.43,
                  "Total Cost": 52742.46,
                  "Plan Rows": 600,
                  "Plan Width": 0,
                  "Actual Startup Time": 58.993,
                  "Actual Total Time": 92.953,
                  "Actual Rows": 1010,
                  "Actual Loops": 5,
                  "Inner Unique": false,
                  "Plans": [
                    {
                      "Node Type": "Seq Scan",
                      "Parent Relationship": "Outer",
                      "Parallel Aware": true,
                      "Relation Name": "title",
                      "Alias": "t",
                      "Startup Cost": 0.0,
                      "Total Cost": 45479.1,
                      "Plan Rows": 1100,
                      "Plan Width": 4,
                      "Actual Startup Time": 58.626,
                      "Actual Total Time": 82.915,
                      "Actual Rows": 2247,
                      "Actual Loops": 5,
                      "Filter": "((kind_id < 7) AND (production_year < 1903))",
                      "Rows Removed by Filter": 503416
                    },
                    {
                      "Node Type": "Index Only Scan",
                      "Parent Relationship": "Inner",
                      "Parallel Aware": false,
                      "Scan Direction": "Forward",
                      "Index Name": "movie_id_movie_info_idx",
                      "Relation Name": "movie_info_idx",
                      "Alias": "mi_idx",
                      "Startup Cost": 0.43,
                      "Total Cost": 6.57,
                      "Plan Rows": 3,
                      "Plan Width": 4,
                      "Actual Startup Time": 0.004,
                      "Actual Total Time": 0.004,
                      "Actual Rows": 0,
                      "Actual Loops": 11233,
                      "Index Cond": "(movie_id = t.id)",
                      "Rows Removed by Index Recheck": 0,
                      "Heap Fetches": 5049
                    }
                  ]
                }
              ]
            }
          ]
        }
      ]
    },
    "Planning Time": 0.602,
    "Triggers": [],
    "Execution Time": 116.383
  }
]