[
  {
    "Plan": {
      "Node Type": "Aggregate",
      "Strategy": "Plain",
      "Partial Mode": "Finalize",
      "Parallel Aware": false,
      "Startup Cost": 24222.12,
      "Total Cost": 24222.13,
      "Plan Rows": 1,
      "Plan Width": 8,
      "Actual Startup Time": 44.104,
      "Actual Total Time": 47.218,
      "Actual Rows": 1,
      "Actual Loops": 1,
      "Plans": [
        {
          "Node Type": "Gather",
          "Parent Relationship": "Outer",
          "Parallel Aware": false,
          "Startup Cost": 24221.8,
          "Total Cost": 24222.11,
          "Plan Rows": 3,
          "Plan Width": 8,
          "Actual Startup Time": 43.867,
          "Actual Total Time": 47.211,
          "Actual Rows": 4,
          "Actual Loops": 1,
          "Workers Planned": 3,
          "Workers Launched": 3,
          "Single Copy": false,
          "Plans": [
            {
              "Node Type": "Aggregate",
              "Strategy": "Plain",
              "Partial Mode": "Partial",
              "Parent Relationship": "Outer",
              "Parallel Aware": false,
              "Startup Cost": 23221.8,
              "Total Cost": 23221.81,
              "Plan Rows": 1,
              "Plan Width": 8,
              "Actual Startup Time": 37.193,
              "Actual Total Time": 37.195,
              "Actual Rows": 1,
              "Actual Loops": 4,
              "Plans": [
                {
                  "Node Type": "Bitmap Heap Scan",
                  "Parent Relationship": "Outer",
                  "Parallel Aware": true,
                  "Relation Name": "movie_companies",
                  "Alias": "mc",
                  "Startup Cost": 3623.33,
                  "Total Cost": 23087.06,
                  "Plan Rows": 53898,
                  "Plan Width": 0,
                  "Actual Startup Time": 12.285,
                  "Actual Total Time": 34.139,
                  "Actual Rows": 40688,
                  "Actual Loops": 4,
                  "Recheck Cond": "(company_id > 126655)",
                  "Rows Removed by Index Recheck": 0,
                  "Exact Heap Blocks": 2260,
                  "Lossy Heap Blocks": 0,
                  "Plans": [
                    {
                      "Node Type": "Bitmap Index Scan",
                      "Parent Relationship": "Outer",
                      "Parallel Aware": false,
                      "Index Name": "company_id_movie_companies",
                      "Startup Cost": 0.0,
                      "Total Cost": 3581.56,
                      "Plan Rows": 167084,
                      "Plan Width": 0,
                      "Actual Startup Time": 17.787,
                      "Actual Total Time": 17.787,
                      "Actual Rows": 162751,
                      "Actual Loops": 1,
                      "Index Cond": "(company_id > 126655)"
                    }
                  ]
                }
              ]
            }
          ]
        }
      ]
    },
    "Planning Time": 0.114,
    "Triggers": [],
    "Execution Time": 47.259
  }
]