[
  {
    "Plan": {
      "Node Type": "Aggregate",
      "Strategy": "Plain",
      "Partial Mode": "Finalize",
      "Parallel Aware": false,
      "Startup Cost": 44314.73,
      "Total Cost": 44314.74,
      "Plan Rows": 1,
      "Plan Width": 8,
      "Actual Startup Time": 146.855,
      "Actual Total Time": 157.379,
      "Actual Rows": 1,
      "Actual Loops": 1,
      "Plans": [
        {
          "Node Type": "Gather",
          "Parent Relationship": "Outer",
          "Parallel Aware": false,
          "Startup Cost": 44314.41,
          "Total Cost": 44314.72,
          "Plan Rows": 3,
          "Plan Width": 8,
          "Actual Startup Time": 146.598,
          "Actual Total Time": 157.368,
          "Actual Rows": 4,
          "Actual Loops": 1,
          "Workers Planned": 3,
          "Workers Launched": 3,
          "Single Copy": false,
          "Plans": [
            {
              "Node Type": "Aggregate",
              "Strategy": "Plain",
              "Partial Mode": "Partial",
              "Parent Relationship": "Outer",
              "Parallel Aware": false,
              "Startup Cost": 43314.41,
              "Total Cost": 43314.42,
              "Plan Rows": 1,
              "Plan Width": 8,
              "Actual Startup Time": 138.025,
              "Actual Total Time": 138.027,
              "Actual Rows": 1,
              "Actual Loops": 4,
              "Plans": [
                {
                  "Node Type": "Seq Scan",
                  "Parent Relationship": "Outer",
                  "Parallel Aware": true,
                  "Relation Name": "movie_keyword",
                  "Alias": "mk",
                  "Startup Cost": 0.0,
                  "Total Cost": 42695.65,
                  "Plan Rows": 247503,
                  "Plan Width": 0,
                  "Actual Startup Time": 0.051,
                  "Actual Total Time": 125.86,
                  "Actual Rows": 191736,
                  "Actual Loops": 4,
                  "Filter": "(keyword_id < 723)",
                  "Rows Removed by Filter": 939247
                }
              ]
            }
          ]
        }
      ]
    },
    "Planning Time": 0.164,
    "Triggers": [],
    "Execution Time": 157.445
  }
]