{
  "Plan": {
    "Node Type": "Aggregate",
    "Strategy": "Plain",
    "Partial Mode": "Finalize",
    "Parallel Aware": false,
    "Startup Cost": 144139.15,
    "Total Cost": 144139.16,
    "Plan Rows": 1,
    "Plan Width": 8,
    "Actual Startup Time": 612.642,
    "Actual Total Time": 628.831,
    "Actual Rows": 1,
    "Actual Loops": 1,
    "Plans": [
      {
        "Node Type": "Gather",
        "Parent Relationship": "Outer",
        "Parallel Aware": false,
        "Startup Cost": 144139.03,
        "Total Cost": 144139.14,
        "Plan Rows": 1,
        "Plan Width": 8,
        "Actual Startup Time": 611.664,
        "Actual Total Time": 628.823,
        "Actual Rows": 2,
        "Actual Loops": 1,
        "Workers Planned": 1,
        "Workers Launched": 1,
        "Single Copy": false,
        "Plans": [
          {
            "Node Type": "Aggregate",
            "Strategy": "Plain",
            "Partial Mode": "Partial",
            "Parent Relationship": "Outer",
            "Parallel Aware": false,
            "Startup Cost": 143139.03,
            "Total Cost": 143139.04,
            "Plan Rows": 1,
            "Plan Width": 8,
            "Actual Startup Time": 605.393,
            "Actual Total Time": 605.4,
            "Actual Rows": 1,
            "Actual Loops": 2,
            "Plans": [
              {
                "Node Type": "Hash Join",
                "Parent Relationship": "Outer",
                "Parallel Aware": true,
                "Join Type": "Inner",
                "Startup Cost": 80613.51,
                "Total Cost": 142925.43,
                "Plan Rows": 85441,
                "Plan Width": 0,
                "Actual Startup Time": 336.925,
                "Actual Total Time": 602.993,
                "Actual Rows": 52002,
                "Actual Loops": 2,
                "Inner Unique": false,
                "Hash Cond": "(mk.movie_id = t.id)",
                "Plans": [
                  {
                    "Node Type": "Seq Scan",
                    "Parent Relationship": "Outer",
                    "Parallel Aware": true,
                    "Relation Name": "movie_keyword",
                    "Alias": "mk",
                    "Startup Cost": 0.0,
                    "Total Cost": 57718.19,
                    "Plan Rows": 1090972,
                    "Plan Width": 4,
                    "Actual Startup Time": 0.696,
                    "Actual Total Time": 188.589,
                    "Actual Rows": 928098,
                    "Actual Loops": 2,
                    "Filter": "(keyword_id > 7449)",
                    "Rows Removed by Filter": 1333868
                  },
                  {
                    "Node Type": "Hash",
                    "Parent Relationship": "Inner",
                    "Parallel Aware": true,
                    "Startup Cost": 79157.58,
                    "Total Cost": 79157.58,
                    "Plan Rows": 116474,
                    "Plan Width": 8,
                    "Actual Startup Time": 332.431,
                    "Actual Total Time": 332.436,
                    "Actual Rows": 46155,
                    "Actual Loops": 2,
                    "Hash Buckets": 262144,
                    "Original Hash Buckets": 262144,
                    "Hash Batches": 1,
                    "Original Hash Batches": 1,
                    "Peak Memory Usage": 5696,
                    "Plans": [
                      {
                        "Node Type": "Hash Join",
                        "Parent Relationship": "Outer",
                        "Parallel Aware": true,
                        "Join Type": "Inner",
                        "Startup Cost": 60973.79,
                        "Total Cost": 79157.58,
                        "Plan Rows": 116474,
                        "Plan Width": 8,
                        "Actual Startup Time": 189.697,
                        "Actual Total Time": 322.118,
                        "Actual Rows": 46155,
                        "Actual Loops": 2,
                        "Inner Unique": true,
                        "Hash Cond": "(mi_idx.movie_id = t.id)",
                        "Plans": [
                          {
                            "Node Type": "Seq Scan",
                            "Parent Relationship": "Outer",
                            "Parallel Aware": true,
                            "Relation Name": "movie_info_idx",
                            "Alias": "mi_idx",
                            "Startup Cost": 0.0,
                            "Total Cost": 16052.85,
                            "Plan Rows": 811785,
                            "Plan Width": 4,
                            "Actual Startup Time": 0.028,
                            "Actual Total Time": 50.258,
                            "Actual Rows": 690018,
                            "Actual Loops": 2
                          },
                          {
                            "Node Type": "Hash",
                            "Parent Relationship": "Inner",
                            "Parallel Aware": true,
                            "Startup Cost": 58306.47,
                            "Total Cost": 58306.47,
                            "Plan Rows": 213386,
                            "Plan Width": 4,
                            "Actual Startup Time": 185.693,
                            "Actual Total Time": 185.695,
                            "Actual Rows": 126883,
                            "Actual Loops": 2,
                            "Hash Buckets": 524288,
                            "Original Hash Buckets": 524288,
                            "Hash Batches": 1,
                            "Original Hash Batches": 1,
                            "Peak Memory Usage": 14048,
                            "Plans": [
                              {
                                "Node Type": "Seq Scan",
                                "Parent Relationship": "Outer",
                                "Parallel Aware": true,
                                "Relation Name": "title",
                                "Alias": "t",
                                "Startup Cost": 0.0,
                                "Total Cost": 58306.47,
                                "Plan Rows": 213386,
                                "Plan Width": 4,
                                "Actual Startup Time": 0.031,
                                "Actual Total Time": 147.481,
                                "Actual Rows": 126883,
                                "Actual Loops": 2,
                                "Filter": "((production_year < 1986) AND (kind_id = 7))",
                                "Rows Removed by Filter": 1137273
                              }
                            ]
                          }
                        ]
                      }
                    ]
                  }
                ]
              }
            ]
          }
        ]
      }
    ]
  },
  "Planning Time": 1.03,
  "Triggers": [],
  "Execution Time": 628.917
}