[
  {
    "Plan": {
      "Node Type": "Aggregate",
      "Strategy": "Plain",
      "Partial Mode": "Finalize",
      "Parallel Aware": false,
      "Startup Cost": 32625.3,
      "Total Cost": 32625.31,
      "Plan Rows": 1,
      "Plan Width": 8,
      "Actual Startup Time": 89.245,
      "Actual Total Time": 97.915,
      "Actual Rows": 1,
      "Actual Loops": 1,
      "Plans": [
        {
          "Node Type": "Gather",
          "Parent Relationship": "Outer",
          "Parallel Aware": false,
          "Startup Cost": 32624.98,
          "Total Cost": 32625.29,
          "Plan Rows": 3,
          "Plan Width": 8,
          "Actual Startup Time": 89.117,
          "Actual Total Time": 97.907,
          "Actual Rows": 4,
          "Actual Loops": 1,
          "Workers Planned": 3,
          "Workers Launched": 3,
          "Single Copy": false,
          "Plans": [
            {
              "Node Type": "Aggregate",
              "Strategy": "Plain",
              "Partial Mode": "Partial",
              "Parent Relationship": "Outer",
              "Parallel Aware": false,
              "Startup Cost": 31624.98,
              "Total Cost": 31624.99,
              "Plan Rows": 1,
              "Plan Width": 8,
              "Actual Startup Time": 81.464,
              "Actual Total Time": 81.465,
              "Actual Rows": 1,
              "Actual Loops": 4,
              "Plans": [
                {
                  "Node Type": "Seq Scan",
                  "Parent Relationship": "Outer",
                  "Parallel Aware": true,
                  "Relation Name": "movie_companies",
                  "Alias": "mc",
                  "Startup Cost": 0.0,
                  "Total Cost": 31414.82,
                  "Plan Rows": 84065,
                  "Plan Width": 0,
                  "Actual Startup Time": 50.508,
                  "Actual Total Time": 79.885,
                  "Actual Rows": 34238,
                  "Actual Loops": 4,
                  "Filter": "((company_id < 474) AND (company_type_id > 1))",
                  "Rows Removed by Filter": 618044
                }
              ]
            }
          ]
        }
      ]
    },
    "Planning Time": 0.244,
    "Triggers": [],
    "Execution Time": 97.972
  }
]