{
  "Plan": {
    "Node Type": "Aggregate",
    "Strategy": "Plain",
    "Partial Mode": "Finalize",
    "Parallel Aware": false,
    "Startup Cost": 1111468.26,
    "Total Cost": 1111468.27,
    "Plan Rows": 1,
    "Plan Width": 8,
    "Actual Startup Time": 10287.425,
    "Actual Total Time": 10400.311,
    "Actual Rows": 1,
    "Actual Loops": 1,
    "Plans": [
      {
        "Node Type": "Gather",
        "Parent Relationship": "Outer",
        "Parallel Aware": false,
        "Startup Cost": 1111468.15,
        "Total Cost": 1111468.26,
        "Plan Rows": 1,
        "Plan Width": 8,
        "Actual Startup Time": 10262.748,
        "Actual Total Time": 10400.3,
        "Actual Rows": 2,
        "Actual Loops": 1,
        "Workers Planned": 1,
        "Workers Launched": 1,
        "Single Copy": false,
        "Plans": [
          {
            "Node Type": "Aggregate",
            "Strategy": "Plain",
            "Partial Mode": "Partial",
            "Parent Relationship": "Outer",
            "Parallel Aware": false,
            "Startup Cost": 1110468.15,
            "Total Cost": 1110468.16,
            "Plan Rows": 1,
            "Plan Width": 8,
            "Actual Startup Time": 10238.021,
            "Actual Total Time": 10241.168,
            "Actual Rows": 1,
            "Actual Loops": 2,
            "Plans": [
              {
                "Node Type": "Hash Join",
                "Parent Relationship": "Outer",
                "Parallel Aware": true,
                "Join Type": "Inner",
                "Startup Cost": 453388.49,
                "Total Cost": 1050164.87,
                "Plan Rows": 24121310,
                "Plan Width": 0,
                "Actual Startup Time": 5672.261,
                "Actual Total Time": 9408.267,
                "Actual Rows": 20426624,
                "Actual Loops": 2,
                "Inner Unique": false,
                "Hash Cond": "(ci.movie_id = t.id)",
                "Plans": [
                  {
                    "Node Type": "Index Scan",
                    "Parent Relationship": "Outer",
                    "Parallel Aware": true,
                    "Scan Direction": "Forward",
                    "Index Name": "role_id_cast_info",
                    "Relation Name": "cast_info",
                    "Alias": "ci",
                    "Startup Cost": 0.56,
                    "Total Cost": 400977.7,
                    "Plan Rows": 4791928,
                    "Plan Width": 4,
                    "Actual Startup Time": 534.4,
                    "Actual Total Time": 837.828,
                    "Actual Rows": 1793064,
                    "Actual Loops": 2,
                    "Index Cond": "(role_id < 2)",
                    "Rows Removed by Index Recheck": 0,
                    "Filter": "(person_id > 1238724)",
                    "Rows Removed by Filter": 4542280
                  },
                  {
                    "Node Type": "Hash",
                    "Parent Relationship": "Inner",
                    "Parallel Aware": true,
                    "Startup Cost": 359808.77,
                    "Total Cost": 359808.77,
                    "Plan Rows": 7486332,
                    "Plan Width": 8,
                    "Actual Startup Time": 5082.855,
                    "Actual Total Time": 5085.999,
                    "Actual Rows": 6372326,
                    "Actual Loops": 2,
                    "Hash Buckets": 16777216,
                    "Original Hash Buckets": 16777216,
                    "Hash Batches": 1,
                    "Original Hash Batches": 1,
                    "Peak Memory Usage": 629664,
                    "Plans": [
                      {
                        "Node Type": "Hash Join",
                        "Parent Relationship": "Outer",
                        "Parallel Aware": true,
                        "Join Type": "Inner",
                        "Startup Cost": 69460.7,
                        "Total Cost": 359808.77,
                        "Plan Rows": 7486332,
                        "Plan Width": 8,
                        "Actual Startup Time": 505.617,
                        "Actual Total Time": 3342.153,
                        "Actual Rows": 6372326,
                        "Actual Loops": 2,
                        "Inner Unique": true,
                        "Hash Cond": "(mi.movie_id = t.id)",
                        "Plans": [
                          {
                            "Node Type": "Seq Scan",
                            "Parent Relationship": "Outer",
                            "Parallel Aware": true,
                            "Relation Name": "movie_info",
                            "Alias": "mi",
                            "Startup Cost": 0.0,
                            "Total Cost": 270696.42,
                            "Plan Rows": 7486332,
                            "Plan Width": 4,
                            "Actual Startup Time": 0.012,
                            "Actual Total Time": 842.973,
                            "Actual Rows": 6372326,
                            "Actual Loops": 2,
                            "Filter": "(info_type_id > 2)",
                            "Rows Removed by Filter": 1045534
                          },
                          {
                            "Node Type": "Hash",
                            "Parent Relationship": "Inner",
                            "Parallel Aware": true,
                            "Startup Cost": 50870.31,
                            "Total Cost": 50870.31,
                            "Plan Rows": 1487231,
                            "Plan Width": 4,
                            "Actual Startup Time": 494.702,
                            "Actual Total Time": 494.703,
                            "Actual Rows": 1264156,
                            "Actual Loops": 2,
                            "Hash Buckets": 4194304,
                            "Original Hash Buckets": 4194304,
                            "Hash Batches": 1,
                            "Original Hash Batches": 1,
                            "Peak Memory Usage": 131712,
                            "Plans": [
                              {
                                "Node Type": "Seq Scan",
                                "Parent Relationship": "Outer",
                                "Parallel Aware": true,
                                "Relation Name": "title",
                                "Alias": "t",
                                "Startup Cost": 0.0,
                                "Total Cost": 50870.31,
                                "Plan Rows": 1487231,
                                "Plan Width": 4,
                                "Actual Startup Time": 0.04,
                                "Actual Total Time": 151.401,
                                "Actual Rows": 1264156,
                                "Actual Loops": 2
                              }
                            ]
                          }
                        ]
                      }
                    ]
                  }
                ]
              }
            ]
          }
        ]
      }
    ]
  },
  "Planning Time": 0.927,
  "Triggers": [],
  "Execution Time": 10400.4
}