[
    {
        "Bao": {
            "Bao prediction": "NaN",
            "Bao recommended hint": "(no hint)"
        }
    },
    {
        "Plan": {
            "Node Type": "Aggregate",
            "Strategy": "Plain",
            "Partial Mode": "Finalize",
            "Parallel Aware": false,
            "Startup Cost": 138282.87,
            "Total Cost": 138282.88,
            "Plan Rows": 1,
            "Plan Width": 8,
            "Actual Startup Time": 931.751,
            "Actual Total Time": 973.735,
            "Actual Rows": 1,
            "Actual Loops": 1,
            "Output": [
                "count(*)"
            ],
            "Plans": [
                {
                    "Node Type": "Gather",
                    "Parent Relationship": "Outer",
                    "Parallel Aware": false,
                    "Startup Cost": 138282.55,
                    "Total Cost": 138282.86,
                    "Plan Rows": 3,
                    "Plan Width": 8,
                    "Actual Startup Time": 923.17,
                    "Actual Total Time": 973.724,
                    "Actual Rows": 4,
                    "Actual Loops": 1,
                    "Output": [
                        "(PARTIAL count(*))"
                    ],
                    "Workers Planned": 3,
                    "Workers Launched": 3,
                    "Single Copy": false,
                    "Plans": [
                        {
                            "Node Type": "Aggregate",
                            "Strategy": "Plain",
                            "Partial Mode": "Partial",
                            "Parent Relationship": "Outer",
                            "Parallel Aware": false,
                            "Startup Cost": 137282.55,
                            "Total Cost": 137282.56,
                            "Plan Rows": 1,
                            "Plan Width": 8,
                            "Actual Startup Time": 911.651,
                            "Actual Total Time": 911.655,
                            "Actual Rows": 1,
                            "Actual Loops": 4,
                            "Output": [
                                "PARTIAL count(*)"
                            ],
                            "Workers": [
                                {
                                    "Worker Number": 0,
                                    "Actual Startup Time": 907.403,
                                    "Actual Total Time": 907.406,
                                    "Actual Rows": 1,
                                    "Actual Loops": 1
                                },
                                {
                                    "Worker Number": 1,
                                    "Actual Startup Time": 908.81,
                                    "Actual Total Time": 908.813,
                                    "Actual Rows": 1,
                                    "Actual Loops": 1
                                },
                                {
                                    "Worker Number": 2,
                                    "Actual Startup Time": 907.518,
                                    "Actual Total Time": 907.521,
                                    "Actual Rows": 1,
                                    "Actual Loops": 1
                                }
                            ],
                            "Plans": [
                                {
                                    "Node Type": "Nested Loop",
                                    "Parent Relationship": "Outer",
                                    "Parallel Aware": false,
                                    "Join Type": "Inner",
                                    "Startup Cost": 52338.01,
                                    "Total Cost": 136812.92,
                                    "Plan Rows": 187851,
                                    "Plan Width": 0,
                                    "Actual Startup Time": 316.273,
                                    "Actual Total Time": 868.105,
                                    "Actual Rows": 969010,
                                    "Actual Loops": 4,
                                    "Inner Unique": false,
                                    "Workers": [
                                        {
                                            "Worker Number": 0,
                                            "Actual Startup Time": 312.393,
                                            "Actual Total Time": 865.037,
                                            "Actual Rows": 898438,
                                            "Actual Loops": 1
                                        },
                                        {
                                            "Worker Number": 1,
                                            "Actual Startup Time": 312.507,
                                            "Actual Total Time": 864.655,
                                            "Actual Rows": 939371,
                                            "Actual Loops": 1
                                        },
                                        {
                                            "Worker Number": 2,
                                            "Actual Startup Time": 312.474,
                                            "Actual Total Time": 864.036,
                                            "Actual Rows": 920948,
                                            "Actual Loops": 1
                                        }
                                    ],
                                    "Plans": [
                                        {
                                            "Node Type": "Hash Join",
                                            "Parent Relationship": "Outer",
                                            "Parallel Aware": true,
                                            "Join Type": "Inner",
                                            "Startup Cost": 52337.57,
                                            "Total Cost": 77278.43,
                                            "Plan Rows": 32189,
                                            "Plan Width": 8,
                                            "Actual Startup Time": 316.206,
                                            "Actual Total Time": 360.841,
                                            "Actual Rows": 25600,
                                            "Actual Loops": 4,
                                            "Output": [
                                                "t.id",
                                                "mk.movie_id"
                                            ],
                                            "Inner Unique": true,
                                            "Hash Cond": "(mk.movie_id = t.id)",
                                            "Workers": [
                                                {
                                                    "Worker Number": 0,
                                                    "Actual Startup Time": 312.315,
                                                    "Actual Total Time": 358.384,
                                                    "Actual Rows": 23386,
                                                    "Actual Loops": 1
                                                },
                                                {
                                                    "Worker Number": 1,
                                                    "Actual Startup Time": 312.431,
                                                    "Actual Total Time": 358.416,
                                                    "Actual Rows": 24535,
                                                    "Actual Loops": 1
                                                },
                                                {
                                                    "Worker Number": 2,
                                                    "Actual Startup Time": 312.39,
                                                    "Actual Total Time": 357.998,
                                                    "Actual Rows": 24525,
                                                    "Actual Loops": 1
                                                }
                                            ],
                                            "Plans": [
                                                {
                                                    "Node Type": "Bitmap Heap Scan",
                                                    "Parent Relationship": "Outer",
                                                    "Parallel Aware": true,
                                                    "Relation Name": "movie_keyword",
                                                    "Schema": "public",
                                                    "Alias": "mk",
                                                    "Startup Cost": 2117.77,
                                                    "Total Cost": 26974.13,
                                                    "Plan Rows": 32189,
                                                    "Plan Width": 4,
                                                    "Actual Startup Time": 11.063,
                                                    "Actual Total Time": 34.798,
                                                    "Actual Rows": 25600,
                                                    "Actual Loops": 4,
                                                    "Output": [
                                                        "mk.id",
                                                        "mk.movie_id",
                                                        "mk.keyword_id"
                                                    ],
                                                    "Recheck Cond": "(mk.keyword_id < 103)",
                                                    "Rows Removed by Index Recheck": 0,
                                                    "Exact Heap Blocks": 6390,
                                                    "Lossy Heap Blocks": 0,
                                                    "Workers": [
                                                        {
                                                            "Worker Number": 0,
                                                            "Actual Startup Time": 11.113,
                                                            "Actual Total Time": 38.12,
                                                            "Actual Rows": 23386,
                                                            "Actual Loops": 1
                                                        },
                                                        {
                                                            "Worker Number": 1,
                                                            "Actual Startup Time": 11.036,
                                                            "Actual Total Time": 35.353,
                                                            "Actual Rows": 24535,
                                                            "Actual Loops": 1
                                                        },
                                                        {
                                                            "Worker Number": 2,
                                                            "Actual Startup Time": 11.089,
                                                            "Actual Total Time": 36.164,
                                                            "Actual Rows": 24525,
                                                            "Actual Loops": 1
                                                        }
                                                    ],
                                                    "Plans": [
                                                        {
                                                            "Node Type": "Bitmap Index Scan",
                                                            "Parent Relationship": "Outer",
                                                            "Parallel Aware": false,
                                                            "Index Name": "keyword_id_movie_keyword",
                                                            "Startup Cost": 0.0,
                                                            "Total Cost": 2092.82,
                                                            "Plan Rows": 99785,
                                                            "Plan Width": 0,
                                                            "Actual Startup Time": 7.874,
                                                            "Actual Total Time": 7.875,
                                                            "Actual Rows": 102400,
                                                            "Actual Loops": 1,
                                                            "Index Cond": "(mk.keyword_id < 103)"
                                                        }
                                                    ]
                                                },
                                                {
                                                    "Node Type": "Hash",
                                                    "Parent Relationship": "Inner",
                                                    "Parallel Aware": true,
                                                    "Startup Cost": 42318.81,
                                                    "Total Cost": 42318.81,
                                                    "Plan Rows": 632080,
                                                    "Plan Width": 4,
                                                    "Actual Startup Time": 297.734,
                                                    "Actual Total Time": 297.735,
                                                    "Actual Rows": 632078,
                                                    "Actual Loops": 4,
                                                    "Output": [
                                                        "t.id"
                                                    ],
                                                    "Hash Buckets": 4194304,
                                                    "Original Hash Buckets": 4194304,
                                                    "Hash Batches": 1,
                                                    "Original Hash Batches": 1,
                                                    "Peak Memory Usage": 131712,
                                                    "Workers": [
                                                        {
                                                            "Worker Number": 0,
                                                            "Actual Startup Time": 300.707,
                                                            "Actual Total Time": 300.707,
                                                            "Actual Rows": 565872,
                                                            "Actual Loops": 1
                                                        },
                                                        {
                                                            "Worker Number": 1,
                                                            "Actual Startup Time": 300.677,
                                                            "Actual Total Time": 300.678,
                                                            "Actual Rows": 608339,
                                                            "Actual Loops": 1
                                                        },
                                                        {
                                                            "Worker Number": 2,
                                                            "Actual Startup Time": 300.696,
                                                            "Actual Total Time": 300.697,
                                                            "Actual Rows": 602007,
                                                            "Actual Loops": 1
                                                        }
                                                    ],
                                                    "Plans": [
                                                        {
                                                            "Node Type": "Seq Scan",
                                                            "Parent Relationship": "Outer",
                                                            "Parallel Aware": true,
                                                            "Relation Name": "title",
                                                            "Schema": "public",
                                                            "Alias": "t",
                                                            "Startup Cost": 0.0,
                                                            "Total Cost": 42318.81,
                                                            "Plan Rows": 632080,
                                                            "Plan Width": 4,
                                                            "Actual Startup Time": 0.039,
                                                            "Actual Total Time": 86.946,
                                                            "Actual Rows": 632078,
                                                            "Actual Loops": 4,
                                                            "Output": [
                                                                "t.id"
                                                            ],
                                                            "Workers": [
                                                                {
                                                                    "Worker Number": 0,
                                                                    "Actual Startup Time": 0.049,
                                                                    "Actual Total Time": 86.771,
                                                                    "Actual Rows": 565872,
                                                                    "Actual Loops": 1
                                                                },
                                                                {
                                                                    "Worker Number": 1,
                                                                    "Actual Startup Time": 0.051,
                                                                    "Actual Total Time": 91.677,
                                                                    "Actual Rows": 608339,
                                                                    "Actual Loops": 1
                                                                },
                                                                {
                                                                    "Worker Number": 2,
                                                                    "Actual Startup Time": 0.045,
                                                                    "Actual Total Time": 91.442,
                                                                    "Actual Rows": 602007,
                                                                    "Actual Loops": 1
                                                                }
                                                            ]
                                                        }
                                                    ]
                                                }
                                            ]
                                        },
                                        {
                                            "Node Type": "Index Only Scan",
                                            "Parent Relationship": "Inner",
                                            "Parallel Aware": false,
                                            "Scan Direction": "Forward",
                                            "Index Name": "movie_id_movie_info",
                                            "Relation Name": "movie_info",
                                            "Schema": "public",
                                            "Alias": "mi",
                                            "Startup Cost": 0.43,
                                            "Total Cost": 1.46,
                                            "Plan Rows": 39,
                                            "Plan Width": 4,
                                            "Actual Startup Time": 0.005,
                                            "Actual Total Time": 0.017,
                                            "Actual Rows": 38,
                                            "Actual Loops": 102400,
                                            "Output": [
                                                "mi.movie_id"
                                            ],
                                            "Index Cond": "(mi.movie_id = t.id)",
                                            "Rows Removed by Index Recheck": 0,
                                            "Heap Fetches": 3876040,
                                            "Workers": [
                                                {
                                                    "Worker Number": 0,
                                                    "Actual Startup Time": 0.006,
                                                    "Actual Total Time": 0.019,
                                                    "Actual Rows": 38,
                                                    "Actual Loops": 23386
                                                },
                                                {
                                                    "Worker Number": 1,
                                                    "Actual Startup Time": 0.006,
                                                    "Actual Total Time": 0.018,
                                                    "Actual Rows": 38,
                                                    "Actual Loops": 24535
                                                },
                                                {
                                                    "Worker Number": 2,
                                                    "Actual Startup Time": 0.006,
                                                    "Actual Total Time": 0.018,
                                                    "Actual Rows": 38,
                                                    "Actual Loops": 24525
                                                }
                                            ]
                                        }
                                    ]
                                }
                            ]
                        }
                    ]
                }
            ]
        },
        "Planning Time": 182.219,
        "Triggers": [],
        "Execution Time": 973.82
    }
]