[
    {
        "Bao": {
            "Bao prediction": "NaN",
            "Bao recommended hint": "(no hint)"
        }
    },
    {
        "Plan": {
            "Node Type": "Aggregate",
            "Strategy": "Plain",
            "Partial Mode": "Finalize",
            "Parallel Aware": false,
            "Startup Cost": 111622.88,
            "Total Cost": 111622.88,
            "Plan Rows": 1,
            "Plan Width": 8,
            "Actual Startup Time": 168.761,
            "Actual Total Time": 177.416,
            "Actual Rows": 1,
            "Actual Loops": 1,
            "Output": [
                "count(*)"
            ],
            "Plans": [
                {
                    "Node Type": "Gather",
                    "Parent Relationship": "Outer",
                    "Parallel Aware": false,
                    "Startup Cost": 111622.35,
                    "Total Cost": 111622.86,
                    "Plan Rows": 5,
                    "Plan Width": 8,
                    "Actual Startup Time": 168.665,
                    "Actual Total Time": 177.406,
                    "Actual Rows": 6,
                    "Actual Loops": 1,
                    "Output": [
                        "(PARTIAL count(*))"
                    ],
                    "Workers Planned": 5,
                    "Workers Launched": 5,
                    "Single Copy": false,
                    "Plans": [
                        {
                            "Node Type": "Aggregate",
                            "Strategy": "Plain",
                            "Partial Mode": "Partial",
                            "Parent Relationship": "Outer",
                            "Parallel Aware": false,
                            "Startup Cost": 110622.35,
                            "Total Cost": 110622.36,
                            "Plan Rows": 1,
                            "Plan Width": 8,
                            "Actual Startup Time": 158.897,
                            "Actual Total Time": 158.898,
                            "Actual Rows": 1,
                            "Actual Loops": 6,
                            "Output": [
                                "PARTIAL count(*)"
                            ],
                            "Workers": [
                                {
                                    "Worker Number": 0,
                                    "Actual Startup Time": 156.446,
                                    "Actual Total Time": 156.447,
                                    "Actual Rows": 1,
                                    "Actual Loops": 1
                                },
                                {
                                    "Worker Number": 1,
                                    "Actual Startup Time": 156.808,
                                    "Actual Total Time": 156.81,
                                    "Actual Rows": 1,
                                    "Actual Loops": 1
                                },
                                {
                                    "Worker Number": 2,
                                    "Actual Startup Time": 157.282,
                                    "Actual Total Time": 157.283,
                                    "Actual Rows": 1,
                                    "Actual Loops": 1
                                },
                                {
                                    "Worker Number": 3,
                                    "Actual Startup Time": 157.338,
                                    "Actual Total Time": 157.34,
                                    "Actual Rows": 1,
                                    "Actual Loops": 1
                                },
                                {
                                    "Worker Number": 4,
                                    "Actual Startup Time": 157.292,
                                    "Actual Total Time": 157.293,
                                    "Actual Rows": 1,
                                    "Actual Loops": 1
                                }
                            ],
                            "Plans": [
                                {
                                    "Node Type": "Index Scan",
                                    "Parent Relationship": "Outer",
                                    "Parallel Aware": true,
                                    "Scan Direction": "Forward",
                                    "Index Name": "role_id_cast_info",
                                    "Relation Name": "cast_info",
                                    "Schema": "public",
                                    "Alias": "ci",
                                    "Startup Cost": 0.56,
                                    "Total Cost": 109204.72,
                                    "Plan Rows": 567055,
                                    "Plan Width": 0,
                                    "Actual Startup Time": 0.158,
                                    "Actual Total Time": 143.759,
                                    "Actual Rows": 275858,
                                    "Actual Loops": 6,
                                    "Output": [
                                        "id",
                                        "person_id",
                                        "movie_id",
                                        "person_role_id",
                                        "note",
                                        "nr_order",
                                        "role_id"
                                    ],
                                    "Index Cond": "(ci.role_id = 3)",
                                    "Rows Removed by Index Recheck": 0,
                                    "Filter": "(ci.person_id < 2645780)",
                                    "Rows Removed by Filter": 392149,
                                    "Workers": [
                                        {
                                            "Worker Number": 0,
                                            "Actual Startup Time": 0.147,
                                            "Actual Total Time": 141.047,
                                            "Actual Rows": 207232,
                                            "Actual Loops": 1
                                        },
                                        {
                                            "Worker Number": 1,
                                            "Actual Startup Time": 0.154,
                                            "Actual Total Time": 141.711,
                                            "Actual Rows": 201640,
                                            "Actual Loops": 1
                                        },
                                        {
                                            "Worker Number": 2,
                                            "Actual Startup Time": 0.272,
                                            "Actual Total Time": 143.033,
                                            "Actual Rows": 287948,
                                            "Actual Loops": 1
                                        },
                                        {
                                            "Worker Number": 3,
                                            "Actual Startup Time": 0.136,
                                            "Actual Total Time": 143.063,
                                            "Actual Rows": 277367,
                                            "Actual Loops": 1
                                        },
                                        {
                                            "Worker Number": 4,
                                            "Actual Startup Time": 0.205,
                                            "Actual Total Time": 142.414,
                                            "Actual Rows": 297400,
                                            "Actual Loops": 1
                                        }
                                    ]
                                }
                            ]
                        }
                    ]
                }
            ]
        },
        "Planning Time": 198.534,
        "Triggers": [],
        "Execution Time": 177.515
    }
]