[
  {
    "Plan": {
      "Node Type": "Aggregate",
      "Strategy": "Plain",
      "Partial Mode": "Finalize",
      "Parallel Aware": false,
      "Startup Cost": 27439.66,
      "Total Cost": 27439.67,
      "Plan Rows": 1,
      "Plan Width": 8,
      "Actual Startup Time": 54.177,
      "Actual Total Time": 57.513,
      "Actual Rows": 1,
      "Actual Loops": 1,
      "Plans": [
        {
          "Node Type": "Gather",
          "Parent Relationship": "Outer",
          "Parallel Aware": false,
          "Startup Cost": 27439.34,
          "Total Cost": 27439.65,
          "Plan Rows": 3,
          "Plan Width": 8,
          "Actual Startup Time": 53.935,
          "Actual Total Time": 57.505,
          "Actual Rows": 4,
          "Actual Loops": 1,
          "Workers Planned": 3,
          "Workers Launched": 3,
          "Single Copy": false,
          "Plans": [
            {
              "Node Type": "Aggregate",
              "Strategy": "Plain",
              "Partial Mode": "Partial",
              "Parent Relationship": "Outer",
              "Parallel Aware": false,
              "Startup Cost": 26439.34,
              "Total Cost": 26439.35,
              "Plan Rows": 1,
              "Plan Width": 8,
              "Actual Startup Time": 49.337,
              "Actual Total Time": 49.338,
              "Actual Rows": 1,
              "Actual Loops": 4,
              "Plans": [
                {
                  "Node Type": "Bitmap Heap Scan",
                  "Parent Relationship": "Outer",
                  "Parallel Aware": true,
                  "Relation Name": "movie_companies",
                  "Alias": "mc",
                  "Startup Cost": 6252.96,
                  "Total Cost": 26206.61,
                  "Plan Rows": 93092,
                  "Plan Width": 0,
                  "Actual Startup Time": 16.485,
                  "Actual Total Time": 43.76,
                  "Actual Rows": 74633,
                  "Actual Loops": 4,
                  "Recheck Cond": "(company_id > 94611)",
                  "Rows Removed by Index Recheck": 0,
                  "Exact Heap Blocks": 1735,
                  "Lossy Heap Blocks": 0,
                  "Plans": [
                    {
                      "Node Type": "Bitmap Index Scan",
                      "Parent Relationship": "Outer",
                      "Parallel Aware": false,
                      "Index Name": "company_id_movie_companies",
                      "Startup Cost": 0.0,
                      "Total Cost": 6180.82,
                      "Plan Rows": 288585,
                      "Plan Width": 0,
                      "Actual Startup Time": 19.731,
                      "Actual Total Time": 19.731,
                      "Actual Rows": 298533,
                      "Actual Loops": 1,
                      "Index Cond": "(company_id > 94611)"
                    }
                  ]
                }
              ]
            }
          ]
        }
      ]
    },
    "Planning Time": 0.092,
    "Triggers": [],
    "Execution Time": 57.551
  }
]