{
  "Plan": {
    "Node Type": "Aggregate",
    "Strategy": "Plain",
    "Partial Mode": "Finalize",
    "Parallel Aware": false,
    "Startup Cost": 101572.77,
    "Total Cost": 101572.78,
    "Plan Rows": 1,
    "Plan Width": 8,
    "Actual Startup Time": 449.772,
    "Actual Total Time": 466.118,
    "Actual Rows": 1,
    "Actual Loops": 1,
    "Plans": [
      {
        "Node Type": "Gather",
        "Parent Relationship": "Outer",
        "Parallel Aware": false,
        "Startup Cost": 101572.65,
        "Total Cost": 101572.76,
        "Plan Rows": 1,
        "Plan Width": 8,
        "Actual Startup Time": 449.501,
        "Actual Total Time": 466.109,
        "Actual Rows": 2,
        "Actual Loops": 1,
        "Workers Planned": 1,
        "Workers Launched": 1,
        "Single Copy": false,
        "Plans": [
          {
            "Node Type": "Aggregate",
            "Strategy": "Plain",
            "Partial Mode": "Partial",
            "Parent Relationship": "Outer",
            "Parallel Aware": false,
            "Startup Cost": 100572.65,
            "Total Cost": 100572.66,
            "Plan Rows": 1,
            "Plan Width": 8,
            "Actual Startup Time": 443.688,
            "Actual Total Time": 443.692,
            "Actual Rows": 1,
            "Actual Loops": 2,
            "Plans": [
              {
                "Node Type": "Hash Join",
                "Parent Relationship": "Outer",
                "Parallel Aware": true,
                "Join Type": "Inner",
                "Startup Cost": 58691.29,
                "Total Cost": 100497.13,
                "Plan Rows": 30211,
                "Plan Width": 0,
                "Actual Startup Time": 162.16,
                "Actual Total Time": 443.184,
                "Actual Rows": 8021,
                "Actual Loops": 2,
                "Inner Unique": true,
                "Hash Cond": "(mc.movie_id = t.id)",
                "Plans": [
                  {
                    "Node Type": "Seq Scan",
                    "Parent Relationship": "Outer",
                    "Parallel Aware": true,
                    "Relation Name": "movie_companies",
                    "Alias": "mc",
                    "Startup Cost": 0.0,
                    "Total Cost": 37974.77,
                    "Plan Rows": 1459448,
                    "Plan Width": 4,
                    "Actual Startup Time": 0.019,
                    "Actual Total Time": 154.441,
                    "Actual Rows": 1238903,
                    "Actual Loops": 2,
                    "Filter": "(company_id > 19)",
                    "Rows Removed by Filter": 65662
                  },
                  {
                    "Node Type": "Hash",
                    "Parent Relationship": "Inner",
                    "Parallel Aware": true,
                    "Startup Cost": 58306.47,
                    "Total Cost": 58306.47,
                    "Plan Rows": 30786,
                    "Plan Width": 4,
                    "Actual Startup Time": 160.705,
                    "Actual Total Time": 160.706,
                    "Actual Rows": 28455,
                    "Actual Loops": 2,
                    "Hash Buckets": 65536,
                    "Original Hash Buckets": 65536,
                    "Hash Batches": 1,
                    "Original Hash Batches": 1,
                    "Peak Memory Usage": 2752,
                    "Plans": [
                      {
                        "Node Type": "Seq Scan",
                        "Parent Relationship": "Outer",
                        "Parallel Aware": true,
                        "Relation Name": "title",
                        "Alias": "t",
                        "Startup Cost": 0.0,
                        "Total Cost": 58306.47,
                        "Plan Rows": 30786,
                        "Plan Width": 4,
                        "Actual Startup Time": 0.042,
                        "Actual Total Time": 152.05,
                        "Actual Rows": 28455,
                        "Actual Loops": 2,
                        "Filter": "((kind_id > 4) AND (production_year = 2004))",
                        "Rows Removed by Filter": 1235701
                      }
                    ]
                  }
                ]
              }
            ]
          }
        ]
      }
    ]
  },
  "Planning Time": 0.541,
  "Triggers": [],
  "Execution Time": 466.189
}