[
  {
    "Plan": {
      "Node Type": "Aggregate",
      "Strategy": "Plain",
      "Partial Mode": "Finalize",
      "Parallel Aware": false,
      "Startup Cost": 31306.69,
      "Total Cost": 31306.7,
      "Plan Rows": 1,
      "Plan Width": 8,
      "Actual Startup Time": 98.288,
      "Actual Total Time": 105.258,
      "Actual Rows": 1,
      "Actual Loops": 1,
      "Plans": [
        {
          "Node Type": "Gather",
          "Parent Relationship": "Outer",
          "Parallel Aware": false,
          "Startup Cost": 31306.37,
          "Total Cost": 31306.68,
          "Plan Rows": 3,
          "Plan Width": 8,
          "Actual Startup Time": 97.994,
          "Actual Total Time": 105.247,
          "Actual Rows": 4,
          "Actual Loops": 1,
          "Workers Planned": 3,
          "Workers Launched": 3,
          "Single Copy": false,
          "Plans": [
            {
              "Node Type": "Aggregate",
              "Strategy": "Plain",
              "Partial Mode": "Partial",
              "Parent Relationship": "Outer",
              "Parallel Aware": false,
              "Startup Cost": 30306.37,
              "Total Cost": 30306.38,
              "Plan Rows": 1,
              "Plan Width": 8,
              "Actual Startup Time": 88.99,
              "Actual Total Time": 88.992,
              "Actual Rows": 1,
              "Actual Loops": 4,
              "Plans": [
                {
                  "Node Type": "Bitmap Heap Scan",
                  "Parent Relationship": "Outer",
                  "Parallel Aware": true,
                  "Relation Name": "movie_keyword",
                  "Alias": "mk",
                  "Startup Cost": 4765.4,
                  "Total Cost": 30125.21,
                  "Plan Rows": 72465,
                  "Plan Width": 0,
                  "Actual Startup Time": 29.583,
                  "Actual Total Time": 85.166,
                  "Actual Rows": 53761,
                  "Actual Loops": 4,
                  "Recheck Cond": "(keyword_id > 65555)",
                  "Rows Removed by Index Recheck": 0,
                  "Exact Heap Blocks": 10325,
                  "Lossy Heap Blocks": 0,
                  "Plans": [
                    {
                      "Node Type": "Bitmap Index Scan",
                      "Parent Relationship": "Outer",
                      "Parallel Aware": false,
                      "Index Name": "keyword_id_movie_keyword",
                      "Startup Cost": 0.0,
                      "Total Cost": 4709.24,
                      "Plan Rows": 224641,
                      "Plan Width": 0,
                      "Actual Startup Time": 32.996,
                      "Actual Total Time": 32.997,
                      "Actual Rows": 215044,
                      "Actual Loops": 1,
                      "Index Cond": "(keyword_id > 65555)"
                    }
                  ]
                }
              ]
            }
          ]
        }
      ]
    },
    "Planning Time": 0.182,
    "Triggers": [],
    "Execution Time": 105.338
  }
]