[
  {
    "Plan": {
      "Node Type": "Aggregate",
      "Strategy": "Plain",
      "Partial Mode": "Finalize",
      "Parallel Aware": false,
      "Startup Cost": 420362.2,
      "Total Cost": 420362.21,
      "Plan Rows": 1,
      "Plan Width": 8,
      "Actual Startup Time": 1138.12,
      "Actual Total Time": 1182.589,
      "Actual Rows": 1,
      "Actual Loops": 1,
      "Plans": [
        {
          "Node Type": "Gather",
          "Parent Relationship": "Outer",
          "Parallel Aware": false,
          "Startup Cost": 420361.57,
          "Total Cost": 420362.18,
          "Plan Rows": 6,
          "Plan Width": 8,
          "Actual Startup Time": 1126.026,
          "Actual Total Time": 1182.576,
          "Actual Rows": 7,
          "Actual Loops": 1,
          "Workers Planned": 6,
          "Workers Launched": 6,
          "Single Copy": false,
          "Plans": [
            {
              "Node Type": "Aggregate",
              "Strategy": "Plain",
              "Partial Mode": "Partial",
              "Parent Relationship": "Outer",
              "Parallel Aware": false,
              "Startup Cost": 419361.57,
              "Total Cost": 419361.58,
              "Plan Rows": 1,
              "Plan Width": 8,
              "Actual Startup Time": 1113.314,
              "Actual Total Time": 1113.567,
              "Actual Rows": 1,
              "Actual Loops": 7,
              "Plans": [
                {
                  "Node Type": "Hash Join",
                  "Parent Relationship": "Outer",
                  "Parallel Aware": true,
                  "Join Type": "Inner",
                  "Startup Cost": 67651.49,
                  "Total Cost": 418135.67,
                  "Plan Rows": 490360,
                  "Plan Width": 0,
                  "Actual Startup Time": 388.342,
                  "Actual Total Time": 1087.854,
                  "Actual Rows": 411912,
                  "Actual Loops": 7,
                  "Inner Unique": false,
                  "Hash Cond": "(ci.movie_id = t.id)",
                  "Plans": [
                    {
                      "Node Type": "Index Scan",
                      "Parent Relationship": "Outer",
                      "Parallel Aware": true,
                      "Scan Direction": "Forward",
                      "Index Name": "role_id_cast_info",
                      "Relation Name": "cast_info",
                      "Alias": "ci",
                      "Startup Cost": 0.56,
                      "Total Cost": 341155.22,
                      "Plan Rows": 1943033,
                      "Plan Width": 4,
                      "Actual Startup Time": 77.391,
                      "Actual Total Time": 475.864,
                      "Actual Rows": 1494172,
                      "Actual Loops": 7,
                      "Index Cond": "(role_id = 1)",
                      "Rows Removed by Index Recheck": 0,
                      "Filter": "(person_id > 298328)",
                      "Rows Removed by Filter": 315927
                    },
                    {
                      "Node Type": "Hash",
                      "Parent Relationship": "Inner",
                      "Parallel Aware": true,
                      "Startup Cost": 64327.52,
                      "Total Cost": 64327.52,
                      "Plan Rows": 265872,
                      "Plan Width": 8,
                      "Actual Startup Time": 307.376,
                      "Actual Total Time": 307.627,
                      "Actual Rows": 49188,
                      "Actual Loops": 7,
                      "Hash Buckets": 1048576,
                      "Original Hash Buckets": 1048576,
                      "Hash Batches": 1,
                      "Original Hash Batches": 1,
                      "Peak Memory Usage": 21792,
                      "Plans": [
                        {
                          "Node Type": "Hash Join",
                          "Parent Relationship": "Outer",
                          "Parallel Aware": true,
                          "Join Type": "Inner",
                          "Startup Cost": 49132.96,
                          "Total Cost": 64327.52,
                          "Plan Rows": 265872,
                          "Plan Width": 8,
                          "Actual Startup Time": 205.448,
                          "Actual Total Time": 277.07,
                          "Actual Rows": 49188,
                          "Actual Loops": 7,
                          "Inner Unique": true,
                          "Hash Cond": "(mi_idx.movie_id = t.id)",
                          "Plans": [
                            {
                              "Node Type": "Seq Scan",
                              "Parent Relationship": "Outer",
                              "Parallel Aware": true,
                              "Relation Name": "movie_info_idx",
                              "Alias": "mi_idx",
                              "Startup Cost": 0.0,
                              "Total Cost": 13685.15,
                              "Plan Rows": 575015,
                              "Plan Width": 4,
                              "Actual Startup Time": 0.021,
                              "Actual Total Time": 24.213,
                              "Actual Rows": 197148,
                              "Actual Loops": 7
                            },
                            {
                              "Node Type": "Hash",
                              "Parent Relationship": "Inner",
                              "Parallel Aware": true,
                              "Startup Cost": 45479.59,
                              "Total Cost": 45479.59,
                              "Plan Rows": 292270,
                              "Plan Width": 4,
                              "Actual Startup Time": 202.337,
                              "Actual Total Time": 202.338,
                              "Actual Rows": 178991,
                              "Actual Loops": 7,
                              "Hash Buckets": 2097152,
                              "Original Hash Buckets": 2097152,
                              "Hash Batches": 1,
                              "Original Hash Batches": 1,
                              "Peak Memory Usage": 65536,
                              "Plans": [
                                {
                                  "Node Type": "Seq Scan",
                                  "Parent Relationship": "Outer",
                                  "Parallel Aware": true,
                                  "Relation Name": "title",
                                  "Alias": "t",
                                  "Startup Cost": 0.0,
                                  "Total Cost": 45479.59,
                                  "Plan Rows": 292270,
                                  "Plan Width": 4,
                                  "Actual Startup Time": 0.068,
                                  "Actual Total Time": 93.763,
                                  "Actual Rows": 178991,
                                  "Actual Loops": 7,
                                  "Filter": "((production_year > 1982) AND (kind_id = 7))",
                                  "Rows Removed by Filter": 182197
                                }
                              ]
                            }
                          ]
                        }
                      ]
                    }
                  ]
                }
              ]
            }
          ]
        }
      ]
    },
    "Planning Time": 1.248,
    "Triggers": [],
    "Execution Time": 1182.684
  }
]