[
  {
    "Plan": {
      "Node Type": "Aggregate",
      "Strategy": "Plain",
      "Partial Mode": "Finalize",
      "Parallel Aware": false,
      "Startup Cost": 47034.01,
      "Total Cost": 47034.02,
      "Plan Rows": 1,
      "Plan Width": 8,
      "Actual Startup Time": 173.642,
      "Actual Total Time": 183.45,
      "Actual Rows": 1,
      "Actual Loops": 1,
      "Plans": [
        {
          "Node Type": "Gather",
          "Parent Relationship": "Outer",
          "Parallel Aware": false,
          "Startup Cost": 47033.69,
          "Total Cost": 47034.0,
          "Plan Rows": 3,
          "Plan Width": 8,
          "Actual Startup Time": 173.514,
          "Actual Total Time": 183.441,
          "Actual Rows": 4,
          "Actual Loops": 1,
          "Workers Planned": 3,
          "Workers Launched": 3,
          "Single Copy": false,
          "Plans": [
            {
              "Node Type": "Aggregate",
              "Strategy": "Plain",
              "Partial Mode": "Partial",
              "Parent Relationship": "Outer",
              "Parallel Aware": false,
              "Startup Cost": 46033.69,
              "Total Cost": 46033.7,
              "Plan Rows": 1,
              "Plan Width": 8,
              "Actual Startup Time": 166.617,
              "Actual Total Time": 166.618,
              "Actual Rows": 1,
              "Actual Loops": 4,
              "Plans": [
                {
                  "Node Type": "Seq Scan",
                  "Parent Relationship": "Outer",
                  "Parallel Aware": true,
                  "Relation Name": "movie_keyword",
                  "Alias": "mk",
                  "Startup Cost": 0.0,
                  "Total Cost": 42695.65,
                  "Plan Rows": 1335214,
                  "Plan Width": 0,
                  "Actual Startup Time": 0.059,
                  "Actual Total Time": 121.252,
                  "Actual Rows": 1038126,
                  "Actual Loops": 4,
                  "Filter": "(keyword_id < 45549)",
                  "Rows Removed by Filter": 92856
                }
              ]
            }
          ]
        }
      ]
    },
    "Planning Time": 0.18,
    "Triggers": [],
    "Execution Time": 183.505
  }
]