[
  {
    "Plan": {
      "Node Type": "Aggregate",
      "Strategy": "Plain",
      "Partial Mode": "Finalize",
      "Parallel Aware": false,
      "Startup Cost": 85679.62,
      "Total Cost": 85679.63,
      "Plan Rows": 1,
      "Plan Width": 8,
      "Actual Startup Time": 327.48,
      "Actual Total Time": 342.917,
      "Actual Rows": 1,
      "Actual Loops": 1,
      "Plans": [
        {
          "Node Type": "Gather",
          "Parent Relationship": "Outer",
          "Parallel Aware": false,
          "Startup Cost": 85679.3,
          "Total Cost": 85679.61,
          "Plan Rows": 3,
          "Plan Width": 8,
          "Actual Startup Time": 322.706,
          "Actual Total Time": 342.907,
          "Actual Rows": 4,
          "Actual Loops": 1,
          "Workers Planned": 3,
          "Workers Launched": 3,
          "Single Copy": false,
          "Plans": [
            {
              "Node Type": "Aggregate",
              "Strategy": "Plain",
              "Partial Mode": "Partial",
              "Parent Relationship": "Outer",
              "Parallel Aware": false,
              "Startup Cost": 84679.3,
              "Total Cost": 84679.31,
              "Plan Rows": 1,
              "Plan Width": 8,
              "Actual Startup Time": 312.543,
              "Actual Total Time": 312.547,
              "Actual Rows": 1,
              "Actual Loops": 4,
              "Plans": [
                {
                  "Node Type": "Hash Join",
                  "Parent Relationship": "Outer",
                  "Parallel Aware": true,
                  "Join Type": "Inner",
                  "Startup Cost": 57623.21,
                  "Total Cost": 84520.91,
                  "Plan Rows": 63356,
                  "Plan Width": 0,
                  "Actual Startup Time": 222.552,
                  "Actual Total Time": 307.784,
                  "Actual Rows": 107220,
                  "Actual Loops": 4,
                  "Inner Unique": true,
                  "Hash Cond": "(mk.movie_id = t.id)",
                  "Plans": [
                    {
                      "Node Type": "Bitmap Heap Scan",
                      "Parent Relationship": "Outer",
                      "Parallel Aware": true,
                      "Relation Name": "movie_keyword",
                      "Alias": "mk",
                      "Startup Cost": 10626.08,
                      "Total Cost": 37099.67,
                      "Plan Rows": 161567,
                      "Plan Width": 4,
                      "Actual Startup Time": 31.606,
                      "Actual Total Time": 82.39,
                      "Actual Rows": 122085,
                      "Actual Loops": 4,
                      "Recheck Cond": "(keyword_id > 36819)",
                      "Rows Removed by Index Recheck": 0,
                      "Exact Heap Blocks": 6792,
                      "Lossy Heap Blocks": 0,
                      "Plans": [
                        {
                          "Node Type": "Bitmap Index Scan",
                          "Parent Relationship": "Outer",
                          "Parallel Aware": false,
                          "Index Name": "keyword_id_movie_keyword",
                          "Startup Cost": 0.0,
                          "Total Cost": 10500.87,
                          "Plan Rows": 500858,
                          "Plan Width": 0,
                          "Actual Startup Time": 28.085,
                          "Actual Total Time": 28.085,
                          "Actual Rows": 488341,
                          "Actual Loops": 1,
                          "Index Cond": "(keyword_id > 36819)"
                        }
                      ]
                    },
                    {
                      "Node Type": "Hash",
                      "Parent Relationship": "Inner",
                      "Parallel Aware": true,
                      "Startup Cost": 43898.92,
                      "Total Cost": 43898.92,
                      "Plan Rows": 247857,
                      "Plan Width": 4,
                      "Actual Startup Time": 185.713,
                      "Actual Total Time": 185.713,
                      "Actual Rows": 246262,
                      "Actual Loops": 4,
                      "Hash Buckets": 1048576,
                      "Original Hash Buckets": 1048576,
                      "Hash Batches": 1,
                      "Original Hash Batches": 1,
                      "Peak Memory Usage": 46816,
                      "Plans": [
                        {
                          "Node Type": "Seq Scan",
                          "Parent Relationship": "Outer",
                          "Parallel Aware": true,
                          "Relation Name": "title",
                          "Alias": "t",
                          "Startup Cost": 0.0,
                          "Total Cost": 43898.92,
                          "Plan Rows": 247857,
                          "Plan Width": 4,
                          "Actual Startup Time": 0.046,
                          "Actual Total Time": 106.893,
                          "Actual Rows": 246262,
                          "Actual Loops": 4,
                          "Filter": "(kind_id < 7)",
                          "Rows Removed by Filter": 385816
                        }
                      ]
                    }
                  ]
                }
              ]
            }
          ]
        }
      ]
    },
    "Planning Time": 0.657,
    "Triggers": [],
    "Execution Time": 343.015
  }
]