{
  "Plan": {
    "Node Type": "Aggregate",
    "Strategy": "Plain",
    "Partial Mode": "Finalize",
    "Parallel Aware": false,
    "Startup Cost": 310854.49,
    "Total Cost": 310854.5,
    "Plan Rows": 1,
    "Plan Width": 8,
    "Actual Startup Time": 648.979,
    "Actual Total Time": 666.447,
    "Actual Rows": 1,
    "Actual Loops": 1,
    "Plans": [
      {
        "Node Type": "Gather",
        "Parent Relationship": "Outer",
        "Parallel Aware": false,
        "Startup Cost": 310854.38,
        "Total Cost": 310854.49,
        "Plan Rows": 1,
        "Plan Width": 8,
        "Actual Startup Time": 646.595,
        "Actual Total Time": 666.438,
        "Actual Rows": 2,
        "Actual Loops": 1,
        "Workers Planned": 1,
        "Workers Launched": 1,
        "Single Copy": false,
        "Plans": [
          {
            "Node Type": "Aggregate",
            "Strategy": "Plain",
            "Partial Mode": "Partial",
            "Parent Relationship": "Outer",
            "Parallel Aware": false,
            "Startup Cost": 309854.38,
            "Total Cost": 309854.39,
            "Plan Rows": 1,
            "Plan Width": 8,
            "Actual Startup Time": 640.138,
            "Actual Total Time": 640.443,
            "Actual Rows": 1,
            "Actual Loops": 2,
            "Plans": [
              {
                "Node Type": "Hash Join",
                "Parent Relationship": "Outer",
                "Parallel Aware": true,
                "Join Type": "Inner",
                "Startup Cost": 132649.24,
                "Total Cost": 309693.62,
                "Plan Rows": 64302,
                "Plan Width": 0,
                "Actual Startup Time": 475.158,
                "Actual Total Time": 634.692,
                "Actual Rows": 116980,
                "Actual Loops": 2,
                "Inner Unique": false,
                "Hash Cond": "(mi.movie_id = t.id)",
                "Plans": [
                  {
                    "Node Type": "Bitmap Heap Scan",
                    "Parent Relationship": "Outer",
                    "Parallel Aware": true,
                    "Relation Name": "movie_info",
                    "Alias": "mi",
                    "Startup Cost": 27808.97,
                    "Total Cost": 201089.01,
                    "Plan Rows": 902963,
                    "Plan Width": 4,
                    "Actual Startup Time": 54.044,
                    "Actual Total Time": 119.328,
                    "Actual Rows": 766954,
                    "Actual Loops": 2,
                    "Recheck Cond": "(info_type_id = 3)",
                    "Rows Removed by Index Recheck": 0,
                    "Exact Heap Blocks": 5491,
                    "Lossy Heap Blocks": 0,
                    "Plans": [
                      {
                        "Node Type": "Bitmap Index Scan",
                        "Parent Relationship": "Outer",
                        "Parallel Aware": false,
                        "Index Name": "info_type_id_movie_info",
                        "Startup Cost": 0.0,
                        "Total Cost": 27425.21,
                        "Plan Rows": 1535037,
                        "Plan Width": 0,
                        "Actual Startup Time": 52.556,
                        "Actual Total Time": 52.557,
                        "Actual Rows": 1533909,
                        "Actual Loops": 1,
                        "Index Cond": "(info_type_id = 3)"
                      }
                    ]
                  },
                  {
                    "Node Type": "Hash",
                    "Parent Relationship": "Inner",
                    "Parallel Aware": true,
                    "Startup Cost": 103516.42,
                    "Total Cost": 103516.42,
                    "Plan Rows": 105908,
                    "Plan Width": 8,
                    "Actual Startup Time": 418.094,
                    "Actual Total Time": 418.396,
                    "Actual Rows": 77346,
                    "Actual Loops": 2,
                    "Hash Buckets": 262144,
                    "Original Hash Buckets": 262144,
                    "Hash Batches": 1,
                    "Original Hash Batches": 1,
                    "Peak Memory Usage": 8128,
                    "Plans": [
                      {
                        "Node Type": "Hash Join",
                        "Parent Relationship": "Outer",
                        "Parallel Aware": true,
                        "Join Type": "Inner",
                        "Startup Cost": 60883.71,
                        "Total Cost": 103516.42,
                        "Plan Rows": 105908,
                        "Plan Width": 8,
                        "Actual Startup Time": 298.285,
                        "Actual Total Time": 402.644,
                        "Actual Rows": 77346,
                        "Actual Loops": 2,
                        "Inner Unique": true,
                        "Hash Cond": "(mc.movie_id = t.id)",
                        "Plans": [
                          {
                            "Node Type": "Seq Scan",
                            "Parent Relationship": "Outer",
                            "Parallel Aware": true,
                            "Relation Name": "movie_companies",
                            "Alias": "mc",
                            "Startup Cost": 0.0,
                            "Total Cost": 41811.73,
                            "Plan Rows": 312752,
                            "Plan Width": 4,
                            "Actual Startup Time": 48.801,
                            "Actual Total Time": 100.335,
                            "Actual Rows": 159825,
                            "Actual Loops": 2,
                            "Filter": "((company_id < 6083) AND (company_type_id > 1))",
                            "Rows Removed by Filter": 1144740
                          },
                          {
                            "Node Type": "Hash",
                            "Parent Relationship": "Inner",
                            "Parallel Aware": true,
                            "Startup Cost": 54588.39,
                            "Total Cost": 54588.39,
                            "Plan Rows": 503626,
                            "Plan Width": 4,
                            "Actual Startup Time": 243.518,
                            "Actual Total Time": 243.519,
                            "Actual Rows": 427107,
                            "Actual Loops": 2,
                            "Hash Buckets": 1048576,
                            "Original Hash Buckets": 1048576,
                            "Hash Batches": 1,
                            "Original Hash Batches": 1,
                            "Peak Memory Usage": 41664,
                            "Plans": [
                              {
                                "Node Type": "Seq Scan",
                                "Parent Relationship": "Outer",
                                "Parallel Aware": true,
                                "Relation Name": "title",
                                "Alias": "t",
                                "Startup Cost": 0.0,
                                "Total Cost": 54588.39,
                                "Plan Rows": 503626,
                                "Plan Width": 4,
                                "Actual Startup Time": 0.028,
                                "Actual Total Time": 145.561,
                                "Actual Rows": 427107,
                                "Actual Loops": 2,
                                "Filter": "(kind_id < 4)",
                                "Rows Removed by Filter": 837049
                              }
                            ]
                          }
                        ]
                      }
                    ]
                  }
                ]
              }
            ]
          }
        ]
      }
    ]
  },
  "Planning Time": 0.612,
  "Triggers": [],
  "Execution Time": 666.518
}