[
    {
        "Bao": {
            "Bao prediction": "NaN",
            "Bao recommended hint": "(no hint)"
        }
    },
    {
        "Plan": {
            "Node Type": "Aggregate",
            "Strategy": "Plain",
            "Partial Mode": "Finalize",
            "Parallel Aware": false,
            "Startup Cost": 71536.56,
            "Total Cost": 71536.57,
            "Plan Rows": 1,
            "Plan Width": 8,
            "Actual Startup Time": 209.278,
            "Actual Total Time": 216.753,
            "Actual Rows": 1,
            "Actual Loops": 1,
            "Output": [
                "count(*)"
            ],
            "Plans": [
                {
                    "Node Type": "Gather",
                    "Parent Relationship": "Outer",
                    "Parallel Aware": false,
                    "Startup Cost": 71536.14,
                    "Total Cost": 71536.55,
                    "Plan Rows": 4,
                    "Plan Width": 8,
                    "Actual Startup Time": 207.432,
                    "Actual Total Time": 216.745,
                    "Actual Rows": 5,
                    "Actual Loops": 1,
                    "Output": [
                        "(PARTIAL count(*))"
                    ],
                    "Workers Planned": 4,
                    "Workers Launched": 4,
                    "Single Copy": false,
                    "Plans": [
                        {
                            "Node Type": "Aggregate",
                            "Strategy": "Plain",
                            "Partial Mode": "Partial",
                            "Parent Relationship": "Outer",
                            "Parallel Aware": false,
                            "Startup Cost": 70536.14,
                            "Total Cost": 70536.15,
                            "Plan Rows": 1,
                            "Plan Width": 8,
                            "Actual Startup Time": 198.099,
                            "Actual Total Time": 198.102,
                            "Actual Rows": 1,
                            "Actual Loops": 5,
                            "Output": [
                                "PARTIAL count(*)"
                            ],
                            "Workers": [
                                {
                                    "Worker Number": 0,
                                    "Actual Startup Time": 195.475,
                                    "Actual Total Time": 195.479,
                                    "Actual Rows": 1,
                                    "Actual Loops": 1
                                },
                                {
                                    "Worker Number": 1,
                                    "Actual Startup Time": 195.733,
                                    "Actual Total Time": 195.736,
                                    "Actual Rows": 1,
                                    "Actual Loops": 1
                                },
                                {
                                    "Worker Number": 2,
                                    "Actual Startup Time": 195.951,
                                    "Actual Total Time": 195.954,
                                    "Actual Rows": 1,
                                    "Actual Loops": 1
                                },
                                {
                                    "Worker Number": 3,
                                    "Actual Startup Time": 196.269,
                                    "Actual Total Time": 196.273,
                                    "Actual Rows": 1,
                                    "Actual Loops": 1
                                }
                            ],
                            "Plans": [
                                {
                                    "Node Type": "Hash Join",
                                    "Parent Relationship": "Outer",
                                    "Parallel Aware": true,
                                    "Join Type": "Inner",
                                    "Startup Cost": 24769.21,
                                    "Total Cost": 70410.52,
                                    "Plan Rows": 50251,
                                    "Plan Width": 0,
                                    "Actual Startup Time": 145.397,
                                    "Actual Total Time": 196.091,
                                    "Actual Rows": 40971,
                                    "Actual Loops": 5,
                                    "Inner Unique": false,
                                    "Hash Cond": "(t.id = mc.movie_id)",
                                    "Workers": [
                                        {
                                            "Worker Number": 0,
                                            "Actual Startup Time": 144.395,
                                            "Actual Total Time": 193.391,
                                            "Actual Rows": 27879,
                                            "Actual Loops": 1
                                        },
                                        {
                                            "Worker Number": 1,
                                            "Actual Startup Time": 140.626,
                                            "Actual Total Time": 193.786,
                                            "Actual Rows": 42641,
                                            "Actual Loops": 1
                                        },
                                        {
                                            "Worker Number": 2,
                                            "Actual Startup Time": 144.425,
                                            "Actual Total Time": 194.043,
                                            "Actual Rows": 41967,
                                            "Actual Loops": 1
                                        },
                                        {
                                            "Worker Number": 3,
                                            "Actual Startup Time": 143.717,
                                            "Actual Total Time": 194.315,
                                            "Actual Rows": 40432,
                                            "Actual Loops": 1
                                        }
                                    ],
                                    "Plans": [
                                        {
                                            "Node Type": "Seq Scan",
                                            "Parent Relationship": "Outer",
                                            "Parallel Aware": true,
                                            "Relation Name": "title",
                                            "Schema": "public",
                                            "Alias": "t",
                                            "Startup Cost": 0.0,
                                            "Total Cost": 42318.81,
                                            "Plan Rows": 632080,
                                            "Plan Width": 4,
                                            "Actual Startup Time": 0.01,
                                            "Actual Total Time": 61.507,
                                            "Actual Rows": 505662,
                                            "Actual Loops": 5,
                                            "Output": [
                                                "t.id",
                                                "t.title",
                                                "t.imdb_index",
                                                "t.kind_id",
                                                "t.production_year",
                                                "t.imdb_id",
                                                "t.phonetic_code",
                                                "t.episode_of_id",
                                                "t.season_nr",
                                                "t.episode_nr",
                                                "t.series_years",
                                                "t.md5sum"
                                            ],
                                            "Workers": [
                                                {
                                                    "Worker Number": 0,
                                                    "Actual Startup Time": 0.007,
                                                    "Actual Total Time": 65.17,
                                                    "Actual Rows": 347033,
                                                    "Actual Loops": 1
                                                },
                                                {
                                                    "Worker Number": 1,
                                                    "Actual Startup Time": 0.013,
                                                    "Actual Total Time": 63.954,
                                                    "Actual Rows": 508222,
                                                    "Actual Loops": 1
                                                },
                                                {
                                                    "Worker Number": 2,
                                                    "Actual Startup Time": 0.015,
                                                    "Actual Total Time": 63.5,
                                                    "Actual Rows": 504153,
                                                    "Actual Loops": 1
                                                },
                                                {
                                                    "Worker Number": 3,
                                                    "Actual Startup Time": 0.011,
                                                    "Actual Total Time": 62.063,
                                                    "Actual Rows": 508675,
                                                    "Actual Loops": 1
                                                }
                                            ]
                                        },
                                        {
                                            "Node Type": "Hash",
                                            "Parent Relationship": "Inner",
                                            "Parallel Aware": true,
                                            "Startup Cost": 23958.71,
                                            "Total Cost": 23958.71,
                                            "Plan Rows": 64840,
                                            "Plan Width": 4,
                                            "Actual Startup Time": 52.041,
                                            "Actual Total Time": 52.043,
                                            "Actual Rows": 40971,
                                            "Actual Loops": 5,
                                            "Output": [
                                                "mc.movie_id"
                                            ],
                                            "Hash Buckets": 262144,
                                            "Original Hash Buckets": 262144,
                                            "Hash Batches": 1,
                                            "Original Hash Batches": 1,
                                            "Peak Memory Usage": 10144,
                                            "Workers": [
                                                {
                                                    "Worker Number": 0,
                                                    "Actual Startup Time": 50.115,
                                                    "Actual Total Time": 50.117,
                                                    "Actual Rows": 27666,
                                                    "Actual Loops": 1
                                                },
                                                {
                                                    "Worker Number": 1,
                                                    "Actual Startup Time": 50.563,
                                                    "Actual Total Time": 50.564,
                                                    "Actual Rows": 26674,
                                                    "Actual Loops": 1
                                                },
                                                {
                                                    "Worker Number": 2,
                                                    "Actual Startup Time": 50.787,
                                                    "Actual Total Time": 50.788,
                                                    "Actual Rows": 28406,
                                                    "Actual Loops": 1
                                                },
                                                {
                                                    "Worker Number": 3,
                                                    "Actual Startup Time": 51.112,
                                                    "Actual Total Time": 51.113,
                                                    "Actual Rows": 32088,
                                                    "Actual Loops": 1
                                                }
                                            ],
                                            "Plans": [
                                                {
                                                    "Node Type": "Bitmap Heap Scan",
                                                    "Parent Relationship": "Outer",
                                                    "Parallel Aware": true,
                                                    "Relation Name": "movie_companies",
                                                    "Schema": "public",
                                                    "Alias": "mc",
                                                    "Startup Cost": 4358.21,
                                                    "Total Cost": 23958.71,
                                                    "Plan Rows": 64840,
                                                    "Plan Width": 4,
                                                    "Actual Startup Time": 9.668,
                                                    "Actual Total Time": 34.594,
                                                    "Actual Rows": 40971,
                                                    "Actual Loops": 5,
                                                    "Output": [
                                                        "mc.movie_id"
                                                    ],
                                                    "Recheck Cond": "(mc.company_id > 112018)",
                                                    "Rows Removed by Index Recheck": 0,
                                                    "Exact Heap Blocks": 1933,
                                                    "Lossy Heap Blocks": 0,
                                                    "Workers": [
                                                        {
                                                            "Worker Number": 0,
                                                            "Actual Startup Time": 7.682,
                                                            "Actual Total Time": 34.153,
                                                            "Actual Rows": 27666,
                                                            "Actual Loops": 1
                                                        },
                                                        {
                                                            "Worker Number": 1,
                                                            "Actual Startup Time": 8.337,
                                                            "Actual Total Time": 33.898,
                                                            "Actual Rows": 26674,
                                                            "Actual Loops": 1
                                                        },
                                                        {
                                                            "Worker Number": 2,
                                                            "Actual Startup Time": 8.472,
                                                            "Actual Total Time": 34.24,
                                                            "Actual Rows": 28406,
                                                            "Actual Loops": 1
                                                        },
                                                        {
                                                            "Worker Number": 3,
                                                            "Actual Startup Time": 8.703,
                                                            "Actual Total Time": 34.792,
                                                            "Actual Rows": 32088,
                                                            "Actual Loops": 1
                                                        }
                                                    ],
                                                    "Plans": [
                                                        {
                                                            "Node Type": "Bitmap Index Scan",
                                                            "Parent Relationship": "Outer",
                                                            "Parallel Aware": false,
                                                            "Index Name": "company_id_movie_companies",
                                                            "Startup Cost": 0.0,
                                                            "Total Cost": 4307.96,
                                                            "Plan Rows": 201004,
                                                            "Plan Width": 0,
                                                            "Actual Startup Time": 14.428,
                                                            "Actual Total Time": 14.429,
                                                            "Actual Rows": 204853,
                                                            "Actual Loops": 1,
                                                            "Index Cond": "(mc.company_id > 112018)"
                                                        }
                                                    ]
                                                }
                                            ]
                                        }
                                    ]
                                }
                            ]
                        }
                    ]
                }
            ]
        },
        "Planning Time": 184.794,
        "Triggers": [],
        "Execution Time": 216.817
    }
]