[
  {
    "Plan": {
      "Node Type": "Aggregate",
      "Strategy": "Plain",
      "Partial Mode": "Finalize",
      "Parallel Aware": false,
      "Startup Cost": 29255.16,
      "Total Cost": 29255.17,
      "Plan Rows": 1,
      "Plan Width": 8,
      "Actual Startup Time": 35.2,
      "Actual Total Time": 39.805,
      "Actual Rows": 1,
      "Actual Loops": 1,
      "Plans": [
        {
          "Node Type": "Gather",
          "Parent Relationship": "Outer",
          "Parallel Aware": false,
          "Startup Cost": 29254.94,
          "Total Cost": 29255.15,
          "Plan Rows": 2,
          "Plan Width": 8,
          "Actual Startup Time": 35.046,
          "Actual Total Time": 39.798,
          "Actual Rows": 3,
          "Actual Loops": 1,
          "Workers Planned": 2,
          "Workers Launched": 2,
          "Single Copy": false,
          "Plans": [
            {
              "Node Type": "Aggregate",
              "Strategy": "Plain",
              "Partial Mode": "Partial",
              "Parent Relationship": "Outer",
              "Parallel Aware": false,
              "Startup Cost": 28254.94,
              "Total Cost": 28254.95,
              "Plan Rows": 1,
              "Plan Width": 8,
              "Actual Startup Time": 26.848,
              "Actual Total Time": 26.85,
              "Actual Rows": 1,
              "Actual Loops": 3,
              "Plans": [
                {
                  "Node Type": "Nested Loop",
                  "Parent Relationship": "Outer",
                  "Parallel Aware": false,
                  "Join Type": "Inner",
                  "Startup Cost": 107.85,
                  "Total Cost": 28253.22,
                  "Plan Rows": 688,
                  "Plan Width": 0,
                  "Actual Startup Time": 2.439,
                  "Actual Total Time": 26.806,
                  "Actual Rows": 109,
                  "Actual Loops": 3,
                  "Inner Unique": false,
                  "Plans": [
                    {
                      "Node Type": "Nested Loop",
                      "Parent Relationship": "Outer",
                      "Parallel Aware": false,
                      "Join Type": "Inner",
                      "Startup Cost": 107.43,
                      "Total Cost": 27564.14,
                      "Plan Rows": 1260,
                      "Plan Width": 8,
                      "Actual Startup Time": 2.239,
                      "Actual Total Time": 25.796,
                      "Actual Rows": 99,
                      "Actual Loops": 3,
                      "Inner Unique": true,
                      "Plans": [
                        {
                          "Node Type": "Bitmap Heap Scan",
                          "Parent Relationship": "Outer",
                          "Parallel Aware": true,
                          "Relation Name": "movie_keyword",
                          "Alias": "mk",
                          "Startup Cost": 107.0,
                          "Total Cost": 12376.91,
                          "Plan Rows": 2073,
                          "Plan Width": 4,
                          "Actual Startup Time": 1.939,
                          "Actual Total Time": 8.276,
                          "Actual Rows": 1467,
                          "Actual Loops": 3,
                          "Recheck Cond": "(keyword_id = 7637)",
                          "Rows Removed by Index Recheck": 0,
                          "Exact Heap Blocks": 2342,
                          "Lossy Heap Blocks": 0,
                          "Plans": [
                            {
                              "Node Type": "Bitmap Index Scan",
                              "Parent Relationship": "Outer",
                              "Parallel Aware": false,
                              "Index Name": "keyword_id_movie_keyword",
                              "Startup Cost": 0.0,
                              "Total Cost": 105.75,
                              "Plan Rows": 4976,
                              "Plan Width": 0,
                              "Actual Startup Time": 4.1,
                              "Actual Total Time": 4.1,
                              "Actual Rows": 4400,
                              "Actual Loops": 1,
                              "Index Cond": "(keyword_id = 7637)"
                            }
                          ]
                        },
                        {
                          "Node Type": "Index Scan",
                          "Parent Relationship": "Inner",
                          "Parallel Aware": false,
                          "Scan Direction": "Forward",
                          "Index Name": "title_pkey",
                          "Relation Name": "title",
                          "Alias": "t",
                          "Startup Cost": 0.43,
                          "Total Cost": 7.33,
                          "Plan Rows": 1,
                          "Plan Width": 4,
                          "Actual Startup Time": 0.011,
                          "Actual Total Time": 0.011,
                          "Actual Rows": 0,
                          "Actual Loops": 4400,
                          "Index Cond": "(id = mk.movie_id)",
                          "Rows Removed by Index Recheck": 0,
                          "Filter": "(kind_id = 7)",
                          "Rows Removed by Filter": 1
                        }
                      ]
                    },
                    {
                      "Node Type": "Index Only Scan",
                      "Parent Relationship": "Inner",
                      "Parallel Aware": false,
                      "Scan Direction": "Forward",
                      "Index Name": "movie_id_movie_info_idx",
                      "Relation Name": "movie_info_idx",
                      "Alias": "mi_idx",
                      "Startup Cost": 0.43,
                      "Total Cost": 0.52,
                      "Plan Rows": 3,
                      "Plan Width": 4,
                      "Actual Startup Time": 0.009,
                      "Actual Total Time": 0.009,
                      "Actual Rows": 1,
                      "Actual Loops": 297,
                      "Index Cond": "(movie_id = t.id)",
                      "Rows Removed by Index Recheck": 0,
                      "Heap Fetches": 327
                    }
                  ]
                }
              ]
            }
          ]
        }
      ]
    },
    "Planning Time": 1.384,
    "Triggers": [],
    "Execution Time": 39.904
  }
]