[
  {
    "Plan": {
      "Node Type": "Aggregate",
      "Strategy": "Plain",
      "Partial Mode": "Finalize",
      "Parallel Aware": false,
      "Startup Cost": 69417.82,
      "Total Cost": 69417.83,
      "Plan Rows": 1,
      "Plan Width": 8,
      "Actual Startup Time": 200.693,
      "Actual Total Time": 209.8,
      "Actual Rows": 1,
      "Actual Loops": 1,
      "Plans": [
        {
          "Node Type": "Gather",
          "Parent Relationship": "Outer",
          "Parallel Aware": false,
          "Startup Cost": 69417.5,
          "Total Cost": 69417.81,
          "Plan Rows": 3,
          "Plan Width": 8,
          "Actual Startup Time": 200.235,
          "Actual Total Time": 209.791,
          "Actual Rows": 4,
          "Actual Loops": 1,
          "Workers Planned": 3,
          "Workers Launched": 3,
          "Single Copy": false,
          "Plans": [
            {
              "Node Type": "Aggregate",
              "Strategy": "Plain",
              "Partial Mode": "Partial",
              "Parent Relationship": "Outer",
              "Parallel Aware": false,
              "Startup Cost": 68417.5,
              "Total Cost": 68417.51,
              "Plan Rows": 1,
              "Plan Width": 8,
              "Actual Startup Time": 191.098,
              "Actual Total Time": 191.102,
              "Actual Rows": 1,
              "Actual Loops": 4,
              "Plans": [
                {
                  "Node Type": "Hash Join",
                  "Parent Relationship": "Outer",
                  "Parallel Aware": true,
                  "Join Type": "Inner",
                  "Startup Cost": 38929.52,
                  "Total Cost": 68345.41,
                  "Plan Rows": 28835,
                  "Plan Width": 0,
                  "Actual Startup Time": 80.077,
                  "Actual Total Time": 189.588,
                  "Actual Rows": 31275,
                  "Actual Loops": 4,
                  "Inner Unique": true,
                  "Hash Cond": "(mc.movie_id = t.id)",
                  "Plans": [
                    {
                      "Node Type": "Seq Scan",
                      "Parent Relationship": "Outer",
                      "Parallel Aware": true,
                      "Relation Name": "movie_companies",
                      "Alias": "mc",
                      "Startup Cost": 0.0,
                      "Total Cost": 27206.55,
                      "Plan Rows": 841655,
                      "Plan Width": 4,
                      "Actual Startup Time": 0.017,
                      "Actual Total Time": 57.223,
                      "Actual Rows": 652282,
                      "Actual Loops": 4
                    },
                    {
                      "Node Type": "Hash",
                      "Parent Relationship": "Inner",
                      "Parallel Aware": true,
                      "Startup Cost": 38658.85,
                      "Total Cost": 38658.85,
                      "Plan Rows": 21654,
                      "Plan Width": 4,
                      "Actual Startup Time": 57.359,
                      "Actual Total Time": 57.36,
                      "Actual Rows": 22272,
                      "Actual Loops": 4,
                      "Hash Buckets": 131072,
                      "Original Hash Buckets": 131072,
                      "Hash Batches": 1,
                      "Original Hash Batches": 1,
                      "Peak Memory Usage": 4576,
                      "Plans": [
                        {
                          "Node Type": "Bitmap Heap Scan",
                          "Parent Relationship": "Outer",
                          "Parallel Aware": true,
                          "Relation Name": "title",
                          "Alias": "t",
                          "Startup Cost": 2202.59,
                          "Total Cost": 38658.85,
                          "Plan Rows": 21654,
                          "Plan Width": 4,
                          "Actual Startup Time": 15.729,
                          "Actual Total Time": 49.644,
                          "Actual Rows": 22272,
                          "Actual Loops": 4,
                          "Recheck Cond": "(kind_id = 4)",
                          "Rows Removed by Index Recheck": 0,
                          "Filter": "(production_year < 2009)",
                          "Rows Removed by Filter": 7286,
                          "Exact Heap Blocks": 7678,
                          "Lossy Heap Blocks": 0,
                          "Plans": [
                            {
                              "Node Type": "Bitmap Index Scan",
                              "Parent Relationship": "Outer",
                              "Parallel Aware": false,
                              "Index Name": "kind_id_title",
                              "Startup Cost": 0.0,
                              "Total Cost": 2180.94,
                              "Plan Rows": 122201,
                              "Plan Width": 0,
                              "Actual Startup Time": 16.42,
                              "Actual Total Time": 16.421,
                              "Actual Rows": 118234,
                              "Actual Loops": 1,
                              "Index Cond": "(kind_id = 4)"
                            }
                          ]
                        }
                      ]
                    }
                  ]
                }
              ]
            }
          ]
        }
      ]
    },
    "Planning Time": 0.601,
    "Triggers": [],
    "Execution Time": 209.883
  }
]