[
    {
        "Bao": {
            "Bao prediction": "NaN",
            "Bao recommended hint": "(no hint)"
        }
    },
    {
        "Plan": {
            "Node Type": "Aggregate",
            "Strategy": "Plain",
            "Partial Mode": "Finalize",
            "Parallel Aware": false,
            "Startup Cost": 48606.66,
            "Total Cost": 48606.67,
            "Plan Rows": 1,
            "Plan Width": 8,
            "Actual Startup Time": 114.484,
            "Actual Total Time": 123.993,
            "Actual Rows": 1,
            "Actual Loops": 1,
            "Output": [
                "count(*)"
            ],
            "Plans": [
                {
                    "Node Type": "Gather",
                    "Parent Relationship": "Outer",
                    "Parallel Aware": false,
                    "Startup Cost": 48606.24,
                    "Total Cost": 48606.65,
                    "Plan Rows": 4,
                    "Plan Width": 8,
                    "Actual Startup Time": 114.304,
                    "Actual Total Time": 123.984,
                    "Actual Rows": 5,
                    "Actual Loops": 1,
                    "Output": [
                        "(PARTIAL count(*))"
                    ],
                    "Workers Planned": 4,
                    "Workers Launched": 4,
                    "Single Copy": false,
                    "Plans": [
                        {
                            "Node Type": "Aggregate",
                            "Strategy": "Plain",
                            "Partial Mode": "Partial",
                            "Parent Relationship": "Outer",
                            "Parallel Aware": false,
                            "Startup Cost": 47606.24,
                            "Total Cost": 47606.25,
                            "Plan Rows": 1,
                            "Plan Width": 8,
                            "Actual Startup Time": 104.63,
                            "Actual Total Time": 104.632,
                            "Actual Rows": 1,
                            "Actual Loops": 5,
                            "Output": [
                                "PARTIAL count(*)"
                            ],
                            "Workers": [
                                {
                                    "Worker Number": 0,
                                    "Actual Startup Time": 102.161,
                                    "Actual Total Time": 102.164,
                                    "Actual Rows": 1,
                                    "Actual Loops": 1
                                },
                                {
                                    "Worker Number": 1,
                                    "Actual Startup Time": 102.016,
                                    "Actual Total Time": 102.018,
                                    "Actual Rows": 1,
                                    "Actual Loops": 1
                                },
                                {
                                    "Worker Number": 2,
                                    "Actual Startup Time": 102.298,
                                    "Actual Total Time": 102.299,
                                    "Actual Rows": 1,
                                    "Actual Loops": 1
                                },
                                {
                                    "Worker Number": 3,
                                    "Actual Startup Time": 102.872,
                                    "Actual Total Time": 102.874,
                                    "Actual Rows": 1,
                                    "Actual Loops": 1
                                }
                            ],
                            "Plans": [
                                {
                                    "Node Type": "Nested Loop",
                                    "Parent Relationship": "Outer",
                                    "Parallel Aware": false,
                                    "Join Type": "Inner",
                                    "Startup Cost": 0.86,
                                    "Total Cost": 47605.32,
                                    "Plan Rows": 366,
                                    "Plan Width": 0,
                                    "Actual Startup Time": 54.471,
                                    "Actual Total Time": 103.34,
                                    "Actual Rows": 25341,
                                    "Actual Loops": 5,
                                    "Inner Unique": false,
                                    "Join Filter": "(t.id = mc.movie_id)",
                                    "Rows Removed by Join Filter": 0,
                                    "Workers": [
                                        {
                                            "Worker Number": 0,
                                            "Actual Startup Time": 52.255,
                                            "Actual Total Time": 100.985,
                                            "Actual Rows": 16471,
                                            "Actual Loops": 1
                                        },
                                        {
                                            "Worker Number": 1,
                                            "Actual Startup Time": 51.878,
                                            "Actual Total Time": 100.73,
                                            "Actual Rows": 17967,
                                            "Actual Loops": 1
                                        },
                                        {
                                            "Worker Number": 2,
                                            "Actual Startup Time": 51.959,
                                            "Actual Total Time": 101.277,
                                            "Actual Rows": 21755,
                                            "Actual Loops": 1
                                        },
                                        {
                                            "Worker Number": 3,
                                            "Actual Startup Time": 52.88,
                                            "Actual Total Time": 101.605,
                                            "Actual Rows": 28868,
                                            "Actual Loops": 1
                                        }
                                    ],
                                    "Plans": [
                                        {
                                            "Node Type": "Nested Loop",
                                            "Parent Relationship": "Outer",
                                            "Parallel Aware": false,
                                            "Join Type": "Inner",
                                            "Startup Cost": 0.43,
                                            "Total Cost": 47391.14,
                                            "Plan Rows": 354,
                                            "Plan Width": 8,
                                            "Actual Startup Time": 54.374,
                                            "Actual Total Time": 84.848,
                                            "Actual Rows": 4175,
                                            "Actual Loops": 5,
                                            "Output": [
                                                "t.id",
                                                "mk.movie_id"
                                            ],
                                            "Inner Unique": false,
                                            "Workers": [
                                                {
                                                    "Worker Number": 0,
                                                    "Actual Startup Time": 52.168,
                                                    "Actual Total Time": 83.99,
                                                    "Actual Rows": 2724,
                                                    "Actual Loops": 1
                                                },
                                                {
                                                    "Worker Number": 1,
                                                    "Actual Startup Time": 51.769,
                                                    "Actual Total Time": 81.591,
                                                    "Actual Rows": 3186,
                                                    "Actual Loops": 1
                                                },
                                                {
                                                    "Worker Number": 2,
                                                    "Actual Startup Time": 51.889,
                                                    "Actual Total Time": 83.918,
                                                    "Actual Rows": 4393,
                                                    "Actual Loops": 1
                                                },
                                                {
                                                    "Worker Number": 3,
                                                    "Actual Startup Time": 52.684,
                                                    "Actual Total Time": 82.998,
                                                    "Actual Rows": 4343,
                                                    "Actual Loops": 1
                                                }
                                            ],
                                            "Plans": [
                                                {
                                                    "Node Type": "Seq Scan",
                                                    "Parent Relationship": "Outer",
                                                    "Parallel Aware": true,
                                                    "Relation Name": "title",
                                                    "Schema": "public",
                                                    "Alias": "t",
                                                    "Startup Cost": 0.0,
                                                    "Total Cost": 45479.21,
                                                    "Plan Rows": 198,
                                                    "Plan Width": 4,
                                                    "Actual Startup Time": 54.156,
                                                    "Actual Total Time": 76.532,
                                                    "Actual Rows": 499,
                                                    "Actual Loops": 5,
                                                    "Output": [
                                                        "t.id",
                                                        "t.title",
                                                        "t.imdb_index",
                                                        "t.kind_id",
                                                        "t.production_year",
                                                        "t.imdb_id",
                                                        "t.phonetic_code",
                                                        "t.episode_of_id",
                                                        "t.season_nr",
                                                        "t.episode_nr",
                                                        "t.series_years",
                                                        "t.md5sum"
                                                    ],
                                                    "Filter": "((t.kind_id < 7) AND (t.production_year = 1934))",
                                                    "Rows Removed by Filter": 505164,
                                                    "Workers": [
                                                        {
                                                            "Worker Number": 0,
                                                            "Actual Startup Time": 51.646,
                                                            "Actual Total Time": 75.248,
                                                            "Actual Rows": 355,
                                                            "Actual Loops": 1
                                                        },
                                                        {
                                                            "Worker Number": 1,
                                                            "Actual Startup Time": 51.461,
                                                            "Actual Total Time": 72.663,
                                                            "Actual Rows": 368,
                                                            "Actual Loops": 1
                                                        },
                                                        {
                                                            "Worker Number": 2,
                                                            "Actual Startup Time": 51.778,
                                                            "Actual Total Time": 74.208,
                                                            "Actual Rows": 575,
                                                            "Actual Loops": 1
                                                        },
                                                        {
                                                            "Worker Number": 3,
                                                            "Actual Startup Time": 52.58,
                                                            "Actual Total Time": 74.128,
                                                            "Actual Rows": 487,
                                                            "Actual Loops": 1
                                                        }
                                                    ]
                                                },
                                                {
                                                    "Node Type": "Index Only Scan",
                                                    "Parent Relationship": "Inner",
                                                    "Parallel Aware": false,
                                                    "Scan Direction": "Forward",
                                                    "Index Name": "movie_id_movie_keyword",
                                                    "Relation Name": "movie_keyword",
                                                    "Schema": "public",
                                                    "Alias": "mk",
                                                    "Startup Cost": 0.43,
                                                    "Total Cost": 9.2,
                                                    "Plan Rows": 46,
                                                    "Plan Width": 4,
                                                    "Actual Startup Time": 0.014,
                                                    "Actual Total Time": 0.015,
                                                    "Actual Rows": 8,
                                                    "Actual Loops": 2493,
                                                    "Output": [
                                                        "mk.movie_id"
                                                    ],
                                                    "Index Cond": "(mk.movie_id = t.id)",
                                                    "Rows Removed by Index Recheck": 0,
                                                    "Heap Fetches": 20877,
                                                    "Workers": [
                                                        {
                                                            "Worker Number": 0,
                                                            "Actual Startup Time": 0.021,
                                                            "Actual Total Time": 0.023,
                                                            "Actual Rows": 8,
                                                            "Actual Loops": 355
                                                        },
                                                        {
                                                            "Worker Number": 1,
                                                            "Actual Startup Time": 0.02,
                                                            "Actual Total Time": 0.022,
                                                            "Actual Rows": 9,
                                                            "Actual Loops": 368
                                                        },
                                                        {
                                                            "Worker Number": 2,
                                                            "Actual Startup Time": 0.014,
                                                            "Actual Total Time": 0.016,
                                                            "Actual Rows": 8,
                                                            "Actual Loops": 575
                                                        },
                                                        {
                                                            "Worker Number": 3,
                                                            "Actual Startup Time": 0.015,
                                                            "Actual Total Time": 0.017,
                                                            "Actual Rows": 9,
                                                            "Actual Loops": 487
                                                        }
                                                    ]
                                                }
                                            ]
                                        },
                                        {
                                            "Node Type": "Index Only Scan",
                                            "Parent Relationship": "Inner",
                                            "Parallel Aware": false,
                                            "Scan Direction": "Forward",
                                            "Index Name": "movie_id_movie_companies",
                                            "Relation Name": "movie_companies",
                                            "Schema": "public",
                                            "Alias": "mc",
                                            "Startup Cost": 0.43,
                                            "Total Cost": 0.54,
                                            "Plan Rows": 5,
                                            "Plan Width": 4,
                                            "Actual Startup Time": 0.002,
                                            "Actual Total Time": 0.004,
                                            "Actual Rows": 6,
                                            "Actual Loops": 20877,
                                            "Output": [
                                                "mc.movie_id"
                                            ],
                                            "Index Cond": "(mc.movie_id = mk.movie_id)",
                                            "Rows Removed by Index Recheck": 0,
                                            "Heap Fetches": 126707,
                                            "Workers": [
                                                {
                                                    "Worker Number": 0,
                                                    "Actual Startup Time": 0.003,
                                                    "Actual Total Time": 0.005,
                                                    "Actual Rows": 6,
                                                    "Actual Loops": 2724
                                                },
                                                {
                                                    "Worker Number": 1,
                                                    "Actual Startup Time": 0.003,
                                                    "Actual Total Time": 0.005,
                                                    "Actual Rows": 6,
                                                    "Actual Loops": 3186
                                                },
                                                {
                                                    "Worker Number": 2,
                                                    "Actual Startup Time": 0.002,
                                                    "Actual Total Time": 0.003,
                                                    "Actual Rows": 5,
                                                    "Actual Loops": 4393
                                                },
                                                {
                                                    "Worker Number": 3,
                                                    "Actual Startup Time": 0.002,
                                                    "Actual Total Time": 0.004,
                                                    "Actual Rows": 7,
                                                    "Actual Loops": 4343
                                                }
                                            ]
                                        }
                                    ]
                                }
                            ]
                        }
                    ]
                }
            ]
        },
        "Planning Time": 221.475,
        "Triggers": [],
        "Execution Time": 124.075
    }
]