[
  {
    "Plan": {
      "Node Type": "Aggregate",
      "Strategy": "Plain",
      "Partial Mode": "Finalize",
      "Parallel Aware": false,
      "Startup Cost": 46032.54,
      "Total Cost": 46032.55,
      "Plan Rows": 1,
      "Plan Width": 8,
      "Actual Startup Time": 141.235,
      "Actual Total Time": 148.497,
      "Actual Rows": 1,
      "Actual Loops": 1,
      "Plans": [
        {
          "Node Type": "Gather",
          "Parent Relationship": "Outer",
          "Parallel Aware": false,
          "Startup Cost": 46032.22,
          "Total Cost": 46032.53,
          "Plan Rows": 3,
          "Plan Width": 8,
          "Actual Startup Time": 141.129,
          "Actual Total Time": 148.49,
          "Actual Rows": 4,
          "Actual Loops": 1,
          "Workers Planned": 3,
          "Workers Launched": 3,
          "Single Copy": false,
          "Plans": [
            {
              "Node Type": "Aggregate",
              "Strategy": "Plain",
              "Partial Mode": "Partial",
              "Parent Relationship": "Outer",
              "Parallel Aware": false,
              "Startup Cost": 45032.22,
              "Total Cost": 45032.23,
              "Plan Rows": 1,
              "Plan Width": 8,
              "Actual Startup Time": 137.027,
              "Actual Total Time": 137.028,
              "Actual Rows": 1,
              "Actual Loops": 4,
              "Plans": [
                {
                  "Node Type": "Seq Scan",
                  "Parent Relationship": "Outer",
                  "Parallel Aware": true,
                  "Relation Name": "movie_keyword",
                  "Alias": "mk",
                  "Startup Cost": 0.0,
                  "Total Cost": 42695.65,
                  "Plan Rows": 934628,
                  "Plan Width": 0,
                  "Actual Startup Time": 0.032,
                  "Actual Total Time": 107.306,
                  "Actual Rows": 723181,
                  "Actual Loops": 4,
                  "Filter": "(keyword_id < 9115)",
                  "Rows Removed by Filter": 407802
                }
              ]
            }
          ]
        }
      ]
    },
    "Planning Time": 0.104,
    "Triggers": [],
    "Execution Time": 148.532
  }
]