[
  {
    "Plan": {
      "Node Type": "Aggregate",
      "Strategy": "Plain",
      "Partial Mode": "Finalize",
      "Parallel Aware": false,
      "Startup Cost": 341549.15,
      "Total Cost": 341549.16,
      "Plan Rows": 1,
      "Plan Width": 8,
      "Actual Startup Time": 852.847,
      "Actual Total Time": 907.899,
      "Actual Rows": 1,
      "Actual Loops": 1,
      "Plans": [
        {
          "Node Type": "Gather",
          "Parent Relationship": "Outer",
          "Parallel Aware": false,
          "Startup Cost": 341548.53,
          "Total Cost": 341549.14,
          "Plan Rows": 6,
          "Plan Width": 8,
          "Actual Startup Time": 852.644,
          "Actual Total Time": 907.885,
          "Actual Rows": 7,
          "Actual Loops": 1,
          "Workers Planned": 6,
          "Workers Launched": 6,
          "Single Copy": false,
          "Plans": [
            {
              "Node Type": "Aggregate",
              "Strategy": "Plain",
              "Partial Mode": "Partial",
              "Parent Relationship": "Outer",
              "Parallel Aware": false,
              "Startup Cost": 340548.53,
              "Total Cost": 340548.54,
              "Plan Rows": 1,
              "Plan Width": 8,
              "Actual Startup Time": 842.228,
              "Actual Total Time": 842.231,
              "Actual Rows": 1,
              "Actual Loops": 7,
              "Plans": [
                {
                  "Node Type": "Seq Scan",
                  "Parent Relationship": "Outer",
                  "Parallel Aware": true,
                  "Relation Name": "cast_info",
                  "Alias": "ci",
                  "Startup Cost": 0.0,
                  "Total Cost": 328211.39,
                  "Plan Rows": 4934854,
                  "Plan Width": 0,
                  "Actual Startup Time": 0.052,
                  "Actual Total Time": 647.178,
                  "Actual Rows": 4239578,
                  "Actual Loops": 7,
                  "Filter": "(person_id < 3001486)",
                  "Rows Removed by Filter": 938186
                }
              ]
            }
          ]
        }
      ]
    },
    "Planning Time": 0.146,
    "Triggers": [],
    "Execution Time": 907.946
  }
]