[
  {
    "Plan": {
      "Node Type": "Aggregate",
      "Strategy": "Plain",
      "Partial Mode": "Finalize",
      "Parallel Aware": false,
      "Startup Cost": 91006.63,
      "Total Cost": 91006.64,
      "Plan Rows": 1,
      "Plan Width": 8,
      "Actual Startup Time": 283.847,
      "Actual Total Time": 301.952,
      "Actual Rows": 1,
      "Actual Loops": 1,
      "Plans": [
        {
          "Node Type": "Gather",
          "Parent Relationship": "Outer",
          "Parallel Aware": false,
          "Startup Cost": 91006.32,
          "Total Cost": 91006.63,
          "Plan Rows": 3,
          "Plan Width": 8,
          "Actual Startup Time": 283.462,
          "Actual Total Time": 301.94,
          "Actual Rows": 4,
          "Actual Loops": 1,
          "Workers Planned": 3,
          "Workers Launched": 3,
          "Single Copy": false,
          "Plans": [
            {
              "Node Type": "Aggregate",
              "Strategy": "Plain",
              "Partial Mode": "Partial",
              "Parent Relationship": "Outer",
              "Parallel Aware": false,
              "Startup Cost": 90006.32,
              "Total Cost": 90006.33,
              "Plan Rows": 1,
              "Plan Width": 8,
              "Actual Startup Time": 275.684,
              "Actual Total Time": 275.687,
              "Actual Rows": 1,
              "Actual Loops": 4,
              "Plans": [
                {
                  "Node Type": "Hash Join",
                  "Parent Relationship": "Outer",
                  "Parallel Aware": true,
                  "Join Type": "Inner",
                  "Startup Cost": 45611.0,
                  "Total Cost": 89979.72,
                  "Plan Rows": 10640,
                  "Plan Width": 0,
                  "Actual Startup Time": 114.767,
                  "Actual Total Time": 275.62,
                  "Actual Rows": 894,
                  "Actual Loops": 4,
                  "Inner Unique": true,
                  "Hash Cond": "(mk.movie_id = t.id)",
                  "Plans": [
                    {
                      "Node Type": "Seq Scan",
                      "Parent Relationship": "Outer",
                      "Parallel Aware": true,
                      "Relation Name": "movie_keyword",
                      "Alias": "mk",
                      "Startup Cost": 0.0,
                      "Total Cost": 42695.65,
                      "Plan Rows": 637358,
                      "Plan Width": 4,
                      "Actual Startup Time": 0.028,
                      "Actual Total Time": 118.638,
                      "Actual Rows": 496178,
                      "Actual Loops": 4,
                      "Filter": "(keyword_id < 3511)",
                      "Rows Removed by Filter": 634804
                    },
                    {
                      "Node Type": "Hash",
                      "Parent Relationship": "Inner",
                      "Parallel Aware": true,
                      "Startup Cost": 45479.1,
                      "Total Cost": 45479.1,
                      "Plan Rows": 10552,
                      "Plan Width": 4,
                      "Actual Startup Time": 112.83,
                      "Actual Total Time": 112.832,
                      "Actual Rows": 10102,
                      "Actual Loops": 4,
                      "Hash Buckets": 65536,
                      "Original Hash Buckets": 65536,
                      "Hash Batches": 1,
                      "Original Hash Batches": 1,
                      "Peak Memory Usage": 2176,
                      "Plans": [
                        {
                          "Node Type": "Seq Scan",
                          "Parent Relationship": "Outer",
                          "Parallel Aware": true,
                          "Relation Name": "title",
                          "Alias": "t",
                          "Startup Cost": 0.0,
                          "Total Cost": 45479.1,
                          "Plan Rows": 10552,
                          "Plan Width": 4,
                          "Actual Startup Time": 0.051,
                          "Actual Total Time": 107.688,
                          "Actual Rows": 10102,
                          "Actual Loops": 4,
                          "Filter": "((kind_id > 4) AND (production_year > 2012))",
                          "Rows Removed by Filter": 621976
                        }
                      ]
                    }
                  ]
                }
              ]
            }
          ]
        }
      ]
    },
    "Planning Time": 0.629,
    "Triggers": [],
    "Execution Time": 302.031
  }
]