{
  "Plan": {
    "Node Type": "Aggregate",
    "Strategy": "Plain",
    "Partial Mode": "Finalize",
    "Parallel Aware": false,
    "Startup Cost": 687012.74,
    "Total Cost": 687012.75,
    "Plan Rows": 1,
    "Plan Width": 8,
    "Actual Startup Time": 7097.11,
    "Actual Total Time": 7185.573,
    "Actual Rows": 1,
    "Actual Loops": 1,
    "Plans": [
      {
        "Node Type": "Gather",
        "Parent Relationship": "Outer",
        "Parallel Aware": false,
        "Startup Cost": 687012.63,
        "Total Cost": 687012.74,
        "Plan Rows": 1,
        "Plan Width": 8,
        "Actual Startup Time": 7089.41,
        "Actual Total Time": 7185.563,
        "Actual Rows": 2,
        "Actual Loops": 1,
        "Workers Planned": 1,
        "Workers Launched": 1,
        "Single Copy": false,
        "Plans": [
          {
            "Node Type": "Aggregate",
            "Strategy": "Plain",
            "Partial Mode": "Partial",
            "Parent Relationship": "Outer",
            "Parallel Aware": false,
            "Startup Cost": 686012.63,
            "Total Cost": 686012.64,
            "Plan Rows": 1,
            "Plan Width": 8,
            "Actual Startup Time": 7077.903,
            "Actual Total Time": 7077.907,
            "Actual Rows": 1,
            "Actual Loops": 2,
            "Plans": [
              {
                "Node Type": "Nested Loop",
                "Parent Relationship": "Outer",
                "Parallel Aware": false,
                "Join Type": "Inner",
                "Startup Cost": 79059.27,
                "Total Cost": 679763.4,
                "Plan Rows": 2499692,
                "Plan Width": 0,
                "Actual Startup Time": 637.283,
                "Actual Total Time": 6773.565,
                "Actual Rows": 6811418,
                "Actual Loops": 2,
                "Inner Unique": false,
                "Plans": [
                  {
                    "Node Type": "Hash Join",
                    "Parent Relationship": "Outer",
                    "Parallel Aware": true,
                    "Join Type": "Inner",
                    "Startup Cost": 79058.7,
                    "Total Cost": 107537.13,
                    "Plan Rows": 266078,
                    "Plan Width": 8,
                    "Actual Startup Time": 637.019,
                    "Actual Total Time": 795.607,
                    "Actual Rows": 221760,
                    "Actual Loops": 2,
                    "Inner Unique": true,
                    "Hash Cond": "(mk.movie_id = t.id)",
                    "Plans": [
                      {
                        "Node Type": "Bitmap Heap Scan",
                        "Parent Relationship": "Outer",
                        "Parallel Aware": true,
                        "Relation Name": "movie_keyword",
                        "Alias": "mk",
                        "Startup Cost": 9598.01,
                        "Total Cost": 37377.98,
                        "Plan Rows": 266078,
                        "Plan Width": 4,
                        "Actual Startup Time": 44.037,
                        "Actual Total Time": 110.225,
                        "Actual Rows": 221760,
                        "Actual Loops": 2,
                        "Recheck Cond": "(keyword_id > 39906)",
                        "Rows Removed by Index Recheck": 0,
                        "Exact Heap Blocks": 12570,
                        "Lossy Heap Blocks": 0,
                        "Plans": [
                          {
                            "Node Type": "Bitmap Index Scan",
                            "Parent Relationship": "Outer",
                            "Parallel Aware": false,
                            "Index Name": "keyword_id_movie_keyword",
                            "Startup Cost": 0.0,
                            "Total Cost": 9484.92,
                            "Plan Rows": 452332,
                            "Plan Width": 0,
                            "Actual Startup Time": 38.644,
                            "Actual Total Time": 38.645,
                            "Actual Rows": 443521,
                            "Actual Loops": 1,
                            "Index Cond": "(keyword_id > 39906)"
                          }
                        ]
                      },
                      {
                        "Node Type": "Hash",
                        "Parent Relationship": "Inner",
                        "Parallel Aware": true,
                        "Startup Cost": 50870.31,
                        "Total Cost": 50870.31,
                        "Plan Rows": 1487231,
                        "Plan Width": 4,
                        "Actual Startup Time": 570.842,
                        "Actual Total Time": 570.843,
                        "Actual Rows": 1264156,
                        "Actual Loops": 2,
                        "Hash Buckets": 4194304,
                        "Original Hash Buckets": 4194304,
                        "Hash Batches": 1,
                        "Original Hash Batches": 1,
                        "Peak Memory Usage": 131712,
                        "Plans": [
                          {
                            "Node Type": "Seq Scan",
                            "Parent Relationship": "Outer",
                            "Parallel Aware": true,
                            "Relation Name": "title",
                            "Alias": "t",
                            "Startup Cost": 0.0,
                            "Total Cost": 50870.31,
                            "Plan Rows": 1487231,
                            "Plan Width": 4,
                            "Actual Startup Time": 0.026,
                            "Actual Total Time": 180.819,
                            "Actual Rows": 1264156,
                            "Actual Loops": 2
                          }
                        ]
                      }
                    ]
                  },
                  {
                    "Node Type": "Index Scan",
                    "Parent Relationship": "Inner",
                    "Parallel Aware": false,
                    "Scan Direction": "Forward",
                    "Index Name": "movie_id_cast_info",
                    "Relation Name": "cast_info",
                    "Alias": "ci",
                    "Startup Cost": 0.56,
                    "Total Cost": 1.91,
                    "Plan Rows": 24,
                    "Plan Width": 4,
                    "Actual Startup Time": 0.01,
                    "Actual Total Time": 0.024,
                    "Actual Rows": 31,
                    "Actual Loops": 443521,
                    "Index Cond": "(movie_id = t.id)",
                    "Rows Removed by Index Recheck": 0,
                    "Filter": "(role_id > 1)",
                    "Rows Removed by Filter": 18
                  }
                ]
              }
            ]
          }
        ]
      }
    ]
  },
  "Planning Time": 0.999,
  "Triggers": [],
  "Execution Time": 7185.699
}