[
  {
    "Plan": {
      "Node Type": "Aggregate",
      "Strategy": "Plain",
      "Partial Mode": "Finalize",
      "Parallel Aware": false,
      "Startup Cost": 345460.16,
      "Total Cost": 345460.17,
      "Plan Rows": 1,
      "Plan Width": 8,
      "Actual Startup Time": 712.445,
      "Actual Total Time": 732.699,
      "Actual Rows": 1,
      "Actual Loops": 1,
      "Plans": [
        {
          "Node Type": "Gather",
          "Parent Relationship": "Outer",
          "Parallel Aware": false,
          "Startup Cost": 345459.94,
          "Total Cost": 345460.15,
          "Plan Rows": 2,
          "Plan Width": 8,
          "Actual Startup Time": 704.332,
          "Actual Total Time": 732.692,
          "Actual Rows": 3,
          "Actual Loops": 1,
          "Workers Planned": 2,
          "Workers Launched": 2,
          "Single Copy": false,
          "Plans": [
            {
              "Node Type": "Aggregate",
              "Strategy": "Plain",
              "Partial Mode": "Partial",
              "Parent Relationship": "Outer",
              "Parallel Aware": false,
              "Startup Cost": 344459.94,
              "Total Cost": 344459.95,
              "Plan Rows": 1,
              "Plan Width": 8,
              "Actual Startup Time": 701.173,
              "Actual Total Time": 701.679,
              "Actual Rows": 1,
              "Actual Loops": 3,
              "Plans": [
                {
                  "Node Type": "Hash Join",
                  "Parent Relationship": "Outer",
                  "Parallel Aware": true,
                  "Join Type": "Inner",
                  "Startup Cost": 328108.56,
                  "Total Cost": 344153.99,
                  "Plan Rows": 122383,
                  "Plan Width": 0,
                  "Actual Startup Time": 580.452,
                  "Actual Total Time": 694.236,
                  "Actual Rows": 178639,
                  "Actual Loops": 3,
                  "Inner Unique": false,
                  "Hash Cond": "(mi_idx.movie_id = t.id)",
                  "Plans": [
                    {
                      "Node Type": "Seq Scan",
                      "Parent Relationship": "Outer",
                      "Parallel Aware": true,
                      "Relation Name": "movie_info_idx",
                      "Alias": "mi_idx",
                      "Startup Cost": 0.0,
                      "Total Cost": 13685.15,
                      "Plan Rows": 575015,
                      "Plan Width": 4,
                      "Actual Startup Time": 0.016,
                      "Actual Total Time": 37.547,
                      "Actual Rows": 460012,
                      "Actual Loops": 3
                    },
                    {
                      "Node Type": "Hash",
                      "Parent Relationship": "Inner",
                      "Parallel Aware": true,
                      "Startup Cost": 326987.45,
                      "Total Cost": 326987.45,
                      "Plan Rows": 89689,
                      "Plan Width": 8,
                      "Actual Startup Time": 577.254,
                      "Actual Total Time": 577.758,
                      "Actual Rows": 186040,
                      "Actual Loops": 3,
                      "Hash Buckets": 1048576,
                      "Original Hash Buckets": 1048576,
                      "Hash Batches": 1,
                      "Original Hash Batches": 1,
                      "Peak Memory Usage": 30048,
                      "Plans": [
                        {
                          "Node Type": "Hash Join",
                          "Parent Relationship": "Outer",
                          "Parallel Aware": true,
                          "Join Type": "Inner",
                          "Startup Cost": 71590.52,
                          "Total Cost": 326987.45,
                          "Plan Rows": 89689,
                          "Plan Width": 8,
                          "Actual Startup Time": 311.27,
                          "Actual Total Time": 513.893,
                          "Actual Rows": 186040,
                          "Actual Loops": 3,
                          "Inner Unique": true,
                          "Hash Cond": "(ci.movie_id = t.id)",
                          "Plans": [
                            {
                              "Node Type": "Bitmap Heap Scan",
                              "Parent Relationship": "Outer",
                              "Parallel Aware": true,
                              "Relation Name": "cast_info",
                              "Alias": "ci",
                              "Startup Cost": 23735.92,
                              "Total Cost": 278662.54,
                              "Plan Rows": 179169,
                              "Plan Width": 4,
                              "Actual Startup Time": 47.868,
                              "Actual Total Time": 104.873,
                              "Actual Rows": 370608,
                              "Actual Loops": 3,
                              "Recheck Cond": "(person_id < 113787)",
                              "Rows Removed by Index Recheck": 0,
                              "Exact Heap Blocks": 4624,
                              "Lossy Heap Blocks": 0,
                              "Plans": [
                                {
                                  "Node Type": "Bitmap Index Scan",
                                  "Parent Relationship": "Outer",
                                  "Parallel Aware": false,
                                  "Index Name": "person_id_cast_info",
                                  "Startup Cost": 0.0,
                                  "Total Cost": 23467.17,
                                  "Plan Rows": 1075014,
                                  "Plan Width": 0,
                                  "Actual Startup Time": 46.146,
                                  "Actual Total Time": 46.147,
                                  "Actual Rows": 1111823,
                                  "Actual Loops": 1,
                                  "Index Cond": "(person_id < 113787)"
                                }
                              ]
                            },
                            {
                              "Node Type": "Hash",
                              "Parent Relationship": "Inner",
                              "Parallel Aware": true,
                              "Startup Cost": 43899.32,
                              "Total Cost": 43899.32,
                              "Plan Rows": 316422,
                              "Plan Width": 4,
                              "Actual Startup Time": 258.965,
                              "Actual Total Time": 258.966,
                              "Actual Rows": 420098,
                              "Actual Loops": 3,
                              "Hash Buckets": 2097152,
                              "Original Hash Buckets": 2097152,
                              "Hash Batches": 1,
                              "Original Hash Batches": 1,
                              "Peak Memory Usage": 65760,
                              "Plans": [
                                {
                                  "Node Type": "Seq Scan",
                                  "Parent Relationship": "Outer",
                                  "Parallel Aware": true,
                                  "Relation Name": "title",
                                  "Alias": "t",
                                  "Startup Cost": 0.0,
                                  "Total Cost": 43899.32,
                                  "Plan Rows": 316422,
                                  "Plan Width": 4,
                                  "Actual Startup Time": 0.023,
                                  "Actual Total Time": 121.318,
                                  "Actual Rows": 420098,
                                  "Actual Loops": 3,
                                  "Filter": "(production_year > 2002)",
                                  "Rows Removed by Filter": 422672
                                }
                              ]
                            }
                          ]
                        }
                      ]
                    }
                  ]
                }
              ]
            }
          ]
        }
      ]
    },
    "Planning Time": 0.408,
    "Triggers": [],
    "Execution Time": 732.748
  }
]