[
  {
    "Plan": {
      "Node Type": "Aggregate",
      "Strategy": "Plain",
      "Partial Mode": "Finalize",
      "Parallel Aware": false,
      "Startup Cost": 346268.68,
      "Total Cost": 346268.69,
      "Plan Rows": 1,
      "Plan Width": 8,
      "Actual Startup Time": 705.274,
      "Actual Total Time": 720.09,
      "Actual Rows": 1,
      "Actual Loops": 1,
      "Plans": [
        {
          "Node Type": "Gather",
          "Parent Relationship": "Outer",
          "Parallel Aware": false,
          "Startup Cost": 346268.47,
          "Total Cost": 346268.68,
          "Plan Rows": 2,
          "Plan Width": 8,
          "Actual Startup Time": 697.91,
          "Actual Total Time": 720.078,
          "Actual Rows": 3,
          "Actual Loops": 1,
          "Workers Planned": 2,
          "Workers Launched": 2,
          "Single Copy": false,
          "Plans": [
            {
              "Node Type": "Aggregate",
              "Strategy": "Plain",
              "Partial Mode": "Partial",
              "Parent Relationship": "Outer",
              "Parallel Aware": false,
              "Startup Cost": 345268.47,
              "Total Cost": 345268.48,
              "Plan Rows": 1,
              "Plan Width": 8,
              "Actual Startup Time": 689.979,
              "Actual Total Time": 690.506,
              "Actual Rows": 1,
              "Actual Loops": 3,
              "Plans": [
                {
                  "Node Type": "Hash Join",
                  "Parent Relationship": "Outer",
                  "Parallel Aware": true,
                  "Join Type": "Inner",
                  "Startup Cost": 328900.22,
                  "Total Cost": 344952.39,
                  "Plan Rows": 126429,
                  "Plan Width": 0,
                  "Actual Startup Time": 574.602,
                  "Actual Total Time": 683.514,
                  "Actual Rows": 178639,
                  "Actual Loops": 3,
                  "Inner Unique": false,
                  "Hash Cond": "(mi_idx.movie_id = t.id)",
                  "Plans": [
                    {
                      "Node Type": "Seq Scan",
                      "Parent Relationship": "Outer",
                      "Parallel Aware": true,
                      "Relation Name": "movie_info_idx",
                      "Alias": "mi_idx",
                      "Startup Cost": 0.0,
                      "Total Cost": 13685.15,
                      "Plan Rows": 575015,
                      "Plan Width": 4,
                      "Actual Startup Time": 0.026,
                      "Actual Total Time": 34.557,
                      "Actual Rows": 460012,
                      "Actual Loops": 3
                    },
                    {
                      "Node Type": "Hash",
                      "Parent Relationship": "Inner",
                      "Parallel Aware": true,
                      "Startup Cost": 327742.1,
                      "Total Cost": 327742.1,
                      "Plan Rows": 92650,
                      "Plan Width": 8,
                      "Actual Startup Time": 568.165,
                      "Actual Total Time": 568.691,
                      "Actual Rows": 186040,
                      "Actual Loops": 3,
                      "Hash Buckets": 1048576,
                      "Original Hash Buckets": 1048576,
                      "Hash Batches": 1,
                      "Original Hash Batches": 1,
                      "Peak Memory Usage": 30048,
                      "Plans": [
                        {
                          "Node Type": "Hash Join",
                          "Parent Relationship": "Outer",
                          "Parallel Aware": true,
                          "Join Type": "Inner",
                          "Startup Cost": 72271.24,
                          "Total Cost": 327742.1,
                          "Plan Rows": 92650,
                          "Plan Width": 8,
                          "Actual Startup Time": 317.469,
                          "Actual Total Time": 507.03,
                          "Actual Rows": 186040,
                          "Actual Loops": 3,
                          "Inner Unique": true,
                          "Hash Cond": "(ci.movie_id = t.id)",
                          "Plans": [
                            {
                              "Node Type": "Bitmap Heap Scan",
                              "Parent Relationship": "Outer",
                              "Parallel Aware": true,
                              "Relation Name": "cast_info",
                              "Alias": "ci",
                              "Startup Cost": 24395.21,
                              "Total Cost": 279382.92,
                              "Plan Rows": 184057,
                              "Plan Width": 4,
                              "Actual Startup Time": 41.195,
                              "Actual Total Time": 89.532,
                              "Actual Rows": 370608,
                              "Actual Loops": 3,
                              "Recheck Cond": "(person_id < 113787)",
                              "Rows Removed by Index Recheck": 0,
                              "Exact Heap Blocks": 4367,
                              "Lossy Heap Blocks": 0,
                              "Plans": [
                                {
                                  "Node Type": "Bitmap Index Scan",
                                  "Parent Relationship": "Outer",
                                  "Parallel Aware": false,
                                  "Index Name": "person_id_cast_info",
                                  "Startup Cost": 0.0,
                                  "Total Cost": 24119.12,
                                  "Plan Rows": 1104341,
                                  "Plan Width": 0,
                                  "Actual Startup Time": 39.472,
                                  "Actual Total Time": 39.472,
                                  "Actual Rows": 1111823,
                                  "Actual Loops": 1,
                                  "Index Cond": "(person_id < 113787)"
                                }
                              ]
                            },
                            {
                              "Node Type": "Hash",
                              "Parent Relationship": "Inner",
                              "Parallel Aware": true,
                              "Startup Cost": 43898.92,
                              "Total Cost": 43898.92,
                              "Plan Rows": 318169,
                              "Plan Width": 4,
                              "Actual Startup Time": 270.039,
                              "Actual Total Time": 270.04,
                              "Actual Rows": 420098,
                              "Actual Loops": 3,
                              "Hash Buckets": 2097152,
                              "Original Hash Buckets": 2097152,
                              "Hash Batches": 1,
                              "Original Hash Batches": 1,
                              "Peak Memory Usage": 65760,
                              "Plans": [
                                {
                                  "Node Type": "Seq Scan",
                                  "Parent Relationship": "Outer",
                                  "Parallel Aware": true,
                                  "Relation Name": "title",
                                  "Alias": "t",
                                  "Startup Cost": 0.0,
                                  "Total Cost": 43898.92,
                                  "Plan Rows": 318169,
                                  "Plan Width": 4,
                                  "Actual Startup Time": 0.037,
                                  "Actual Total Time": 125.032,
                                  "Actual Rows": 420098,
                                  "Actual Loops": 3,
                                  "Filter": "(production_year > 2002)",
                                  "Rows Removed by Filter": 422672
                                }
                              ]
                            }
                          ]
                        }
                      ]
                    }
                  ]
                }
              ]
            }
          ]
        }
      ]
    },
    "Planning Time": 1.247,
    "Triggers": [],
    "Execution Time": 720.192
  }
]