{
  "Plan": {
    "Node Type": "Aggregate",
    "Strategy": "Plain",
    "Partial Mode": "Finalize",
    "Parallel Aware": false,
    "Startup Cost": 103729.24,
    "Total Cost": 103729.25,
    "Plan Rows": 1,
    "Plan Width": 8,
    "Actual Startup Time": 279.668,
    "Actual Total Time": 291.596,
    "Actual Rows": 1,
    "Actual Loops": 1,
    "Plans": [
      {
        "Node Type": "Gather",
        "Parent Relationship": "Outer",
        "Parallel Aware": false,
        "Startup Cost": 103729.13,
        "Total Cost": 103729.24,
        "Plan Rows": 1,
        "Plan Width": 8,
        "Actual Startup Time": 279.373,
        "Actual Total Time": 291.589,
        "Actual Rows": 2,
        "Actual Loops": 1,
        "Workers Planned": 1,
        "Workers Launched": 1,
        "Single Copy": false,
        "Plans": [
          {
            "Node Type": "Aggregate",
            "Strategy": "Plain",
            "Partial Mode": "Partial",
            "Parent Relationship": "Outer",
            "Parallel Aware": false,
            "Startup Cost": 102729.13,
            "Total Cost": 102729.14,
            "Plan Rows": 1,
            "Plan Width": 8,
            "Actual Startup Time": 273.851,
            "Actual Total Time": 273.855,
            "Actual Rows": 1,
            "Actual Loops": 2,
            "Plans": [
              {
                "Node Type": "Hash Join",
                "Parent Relationship": "Outer",
                "Parallel Aware": true,
                "Join Type": "Inner",
                "Startup Cost": 60232.72,
                "Total Cost": 102667.63,
                "Plan Rows": 24599,
                "Plan Width": 0,
                "Actual Startup Time": 204.565,
                "Actual Total Time": 273.025,
                "Actual Rows": 18762,
                "Actual Loops": 2,
                "Inner Unique": true,
                "Hash Cond": "(mc.movie_id = t.id)",
                "Plans": [
                  {
                    "Node Type": "Seq Scan",
                    "Parent Relationship": "Outer",
                    "Parallel Aware": true,
                    "Relation Name": "movie_companies",
                    "Alias": "mc",
                    "Startup Cost": 0.0,
                    "Total Cost": 41811.73,
                    "Plan Rows": 237405,
                    "Plan Width": 4,
                    "Actual Startup Time": 46.531,
                    "Actual Total Time": 93.218,
                    "Actual Rows": 115196,
                    "Actual Loops": 2,
                    "Filter": "((company_id < 1705) AND (company_type_id = 2))",
                    "Rows Removed by Filter": 1189368
                  },
                  {
                    "Node Type": "Hash",
                    "Parent Relationship": "Inner",
                    "Parallel Aware": true,
                    "Startup Cost": 58306.47,
                    "Total Cost": 58306.47,
                    "Plan Rows": 154100,
                    "Plan Width": 4,
                    "Actual Startup Time": 154.286,
                    "Actual Total Time": 154.287,
                    "Actual Rows": 69987,
                    "Actual Loops": 2,
                    "Hash Buckets": 262144,
                    "Original Hash Buckets": 262144,
                    "Hash Batches": 1,
                    "Original Hash Batches": 1,
                    "Peak Memory Usage": 7552,
                    "Plans": [
                      {
                        "Node Type": "Seq Scan",
                        "Parent Relationship": "Outer",
                        "Parallel Aware": true,
                        "Relation Name": "title",
                        "Alias": "t",
                        "Startup Cost": 0.0,
                        "Total Cost": 58306.47,
                        "Plan Rows": 154100,
                        "Plan Width": 4,
                        "Actual Startup Time": 0.035,
                        "Actual Total Time": 135.889,
                        "Actual Rows": 69987,
                        "Actual Loops": 2,
                        "Filter": "((kind_id > 1) AND (production_year < 1970))",
                        "Rows Removed by Filter": 1194169
                      }
                    ]
                  }
                ]
              }
            ]
          }
        ]
      }
    ]
  },
  "Planning Time": 0.488,
  "Triggers": [],
  "Execution Time": 291.664
}