{
  "Plan": {
    "Node Type": "Aggregate",
    "Strategy": "Plain",
    "Partial Mode": "Finalize",
    "Parallel Aware": false,
    "Startup Cost": 111327.68,
    "Total Cost": 111327.69,
    "Plan Rows": 1,
    "Plan Width": 8,
    "Actual Startup Time": 747.443,
    "Actual Total Time": 759.792,
    "Actual Rows": 1,
    "Actual Loops": 1,
    "Plans": [
      {
        "Node Type": "Gather",
        "Parent Relationship": "Outer",
        "Parallel Aware": false,
        "Startup Cost": 111327.56,
        "Total Cost": 111327.67,
        "Plan Rows": 1,
        "Plan Width": 8,
        "Actual Startup Time": 746.179,
        "Actual Total Time": 759.785,
        "Actual Rows": 2,
        "Actual Loops": 1,
        "Workers Planned": 1,
        "Workers Launched": 1,
        "Single Copy": false,
        "Plans": [
          {
            "Node Type": "Aggregate",
            "Strategy": "Plain",
            "Partial Mode": "Partial",
            "Parent Relationship": "Outer",
            "Parallel Aware": false,
            "Startup Cost": 110327.56,
            "Total Cost": 110327.57,
            "Plan Rows": 1,
            "Plan Width": 8,
            "Actual Startup Time": 740.35,
            "Actual Total Time": 740.353,
            "Actual Rows": 1,
            "Actual Loops": 2,
            "Plans": [
              {
                "Node Type": "Hash Join",
                "Parent Relationship": "Outer",
                "Parallel Aware": true,
                "Join Type": "Inner",
                "Startup Cost": 43765.8,
                "Total Cost": 109275.28,
                "Plan Rows": 420914,
                "Plan Width": 0,
                "Actual Startup Time": 239.56,
                "Actual Total Time": 725.324,
                "Actual Rows": 364942,
                "Actual Loops": 2,
                "Inner Unique": false,
                "Hash Cond": "(t.id = mc.movie_id)",
                "Plans": [
                  {
                    "Node Type": "Seq Scan",
                    "Parent Relationship": "Outer",
                    "Parallel Aware": true,
                    "Relation Name": "title",
                    "Alias": "t",
                    "Startup Cost": 0.0,
                    "Total Cost": 54588.39,
                    "Plan Rows": 1351221,
                    "Plan Width": 4,
                    "Actual Startup Time": 0.011,
                    "Actual Total Time": 160.874,
                    "Actual Rows": 1146017,
                    "Actual Loops": 2,
                    "Filter": "(production_year > 1949)",
                    "Rows Removed by Filter": 118139
                  },
                  {
                    "Node Type": "Hash",
                    "Parent Relationship": "Inner",
                    "Parallel Aware": true,
                    "Startup Cost": 37974.77,
                    "Total Cost": 37974.77,
                    "Plan Rows": 463282,
                    "Plan Width": 4,
                    "Actual Startup Time": 230.06,
                    "Actual Total Time": 230.061,
                    "Actual Rows": 386850,
                    "Actual Loops": 2,
                    "Hash Buckets": 1048576,
                    "Original Hash Buckets": 1048576,
                    "Hash Batches": 1,
                    "Original Hash Batches": 1,
                    "Peak Memory Usage": 38496,
                    "Plans": [
                      {
                        "Node Type": "Seq Scan",
                        "Parent Relationship": "Outer",
                        "Parallel Aware": true,
                        "Relation Name": "movie_companies",
                        "Alias": "mc",
                        "Startup Cost": 0.0,
                        "Total Cost": 37974.77,
                        "Plan Rows": 463282,
                        "Plan Width": 4,
                        "Actual Startup Time": 0.039,
                        "Actual Total Time": 120.392,
                        "Actual Rows": 386850,
                        "Actual Loops": 2,
                        "Filter": "(company_id < 1677)",
                        "Rows Removed by Filter": 917715
                      }
                    ]
                  }
                ]
              }
            ]
          }
        ]
      }
    ]
  },
  "Planning Time": 0.445,
  "Triggers": [],
  "Execution Time": 759.867
}