{
  "Plan": {
    "Node Type": "Aggregate",
    "Strategy": "Plain",
    "Partial Mode": "Simple",
    "Parallel Aware": false,
    "Startup Cost": 7600.26,
    "Total Cost": 7600.27,
    "Plan Rows": 1,
    "Plan Width": 96,
    "Actual Startup Time": 325.237,
    "Actual Total Time": 325.246,
    "Actual Rows": 1,
    "Actual Loops": 1,
    "Plans": [
      {
        "Node Type": "Nested Loop",
        "Parent Relationship": "Outer",
        "Parallel Aware": false,
        "Join Type": "Inner",
        "Startup Cost": 13.51,
        "Total Cost": 7600.25,
        "Plan Rows": 1,
        "Plan Width": 42,
        "Actual Startup Time": 11.202,
        "Actual Total Time": 324.866,
        "Actual Rows": 1162,
        "Actual Loops": 1,
        "Inner Unique": true,
        "Plans": [
          {
            "Node Type": "Nested Loop",
            "Parent Relationship": "Outer",
            "Parallel Aware": false,
            "Join Type": "Inner",
            "Startup Cost": 13.38,
            "Total Cost": 7600.1,
            "Plan Rows": 1,
            "Plan Width": 46,
            "Actual Startup Time": 11.19,
            "Actual Total Time": 323.362,
            "Actual Rows": 1162,
            "Actual Loops": 1,
            "Inner Unique": true,
            "Plans": [
              {
                "Node Type": "Nested Loop",
                "Parent Relationship": "Outer",
                "Parallel Aware": false,
                "Join Type": "Inner",
                "Startup Cost": 12.96,
                "Total Cost": 7599.55,
                "Plan Rows": 1,
                "Plan Width": 31,
                "Actual Startup Time": 11.171,
                "Actual Total Time": 318.681,
                "Actual Rows": 1197,
                "Actual Loops": 1,
                "Inner Unique": true,
                "Join Filter": "(t.kind_id = kt.id)",
                "Rows Removed by Join Filter": 117,
                "Plans": [
                  {
                    "Node Type": "Nested Loop",
                    "Parent Relationship": "Outer",
                    "Parallel Aware": false,
                    "Join Type": "Inner",
                    "Startup Cost": 12.96,
                    "Total Cost": 7598.44,
                    "Plan Rows": 1,
                    "Plan Width": 35,
                    "Actual Startup Time": 11.155,
                    "Actual Total Time": 314.907,
                    "Actual Rows": 1250,
                    "Actual Loops": 1,
                    "Inner Unique": false,
                    "Plans": [
                      {
                        "Node Type": "Nested Loop",
                        "Parent Relationship": "Outer",
                        "Parallel Aware": false,
                        "Join Type": "Inner",
                        "Startup Cost": 12.53,
                        "Total Cost": 7597.86,
                        "Plan Rows": 1,
                        "Plan Width": 47,
                        "Actual Startup Time": 11.131,
                        "Actual Total Time": 312.69,
                        "Actual Rows": 96,
                        "Actual Loops": 1,
                        "Inner Unique": true,
                        "Join Filter": "(mi.info_type_id = it1.id)",
                        "Rows Removed by Join Filter": 65,
                        "Plans": [
                          {
                            "Node Type": "Nested Loop",
                            "Parent Relationship": "Outer",
                            "Parallel Aware": false,
                            "Join Type": "Inner",
                            "Startup Cost": 12.53,
                            "Total Cost": 7595.44,
                            "Plan Rows": 1,
                            "Plan Width": 51,
                            "Actual Startup Time": 11.115,
                            "Actual Total Time": 311.689,
                            "Actual Rows": 161,
                            "Actual Loops": 1,
                            "Inner Unique": false,
                            "Plans": [
                              {
                                "Node Type": "Nested Loop",
                                "Parent Relationship": "Outer",
                                "Parallel Aware": false,
                                "Join Type": "Inner",
                                "Startup Cost": 12.1,
                                "Total Cost": 7593.93,
                                "Plan Rows": 1,
                                "Plan Width": 43,
                                "Actual Startup Time": 9.734,
                                "Actual Total Time": 276.457,
                                "Actual Rows": 541,
                                "Actual Loops": 1,
                                "Inner Unique": true,
                                "Join Filter": "(mi_idx.info_type_id = it2.id)",
                                "Rows Removed by Join Filter": 199,
                                "Plans": [
                                  {
                                    "Node Type": "Nested Loop",
                                    "Parent Relationship": "Outer",
                                    "Parallel Aware": false,
                                    "Join Type": "Inner",
                                    "Startup Cost": 12.1,
                                    "Total Cost": 7591.5,
                                    "Plan Rows": 1,
                                    "Plan Width": 47,
                                    "Actual Startup Time": 9.704,
                                    "Actual Total Time": 270.322,
                                    "Actual Rows": 740,
                                    "Actual Loops": 1,
                                    "Inner Unique": true,
                                    "Join Filter": "(cc.status_id = cct2.id)",
                                    "Rows Removed by Join Filter": 2275,
                                    "Plans": [
                                      {
                                        "Node Type": "Nested Loop",
                                        "Parent Relationship": "Outer",
                                        "Parallel Aware": false,
                                        "Join Type": "Inner",
                                        "Startup Cost": 12.1,
                                        "Total Cost": 7590.41,
                                        "Plan Rows": 1,
                                        "Plan Width": 51,
                                        "Actual Startup Time": 9.687,
                                        "Actual Total Time": 266.777,
                                        "Actual Rows": 1005,
                                        "Actual Loops": 1,
                                        "Inner Unique": false,
                                        "Join Filter": "(cc.subject_id = cct1.id)",
                                        "Rows Removed by Join Filter": 2971,
                                        "Plans": [
                                          {
                                            "Node Type": "Seq Scan",
                                            "Parent Relationship": "Outer",
                                            "Parallel Aware": false,
                                            "Relation Name": "comp_cast_type",
                                            "Alias": "cct1",
                                            "Startup Cost": 0.0,
                                            "Total Cost": 1.05,
                                            "Plan Rows": 1,
                                            "Plan Width": 4,
                                            "Actual Startup Time": 0.022,
                                            "Actual Total Time": 0.024,
                                            "Actual Rows": 1,
                                            "Actual Loops": 1,
                                            "Filter": "((kind)::text = 'crew'::text)",
                                            "Rows Removed by Filter": 3
                                          },
                                          {
                                            "Node Type": "Nested Loop",
                                            "Parent Relationship": "Inner",
                                            "Parallel Aware": false,
                                            "Join Type": "Inner",
                                            "Startup Cost": 12.1,
                                            "Total Cost": 7589.33,
                                            "Plan Rows": 3,
                                            "Plan Width": 55,
                                            "Actual Startup Time": 9.222,
                                            "Actual Total Time": 266.331,
                                            "Actual Rows": 3976,
                                            "Actual Loops": 1,
                                            "Inner Unique": false,
                                            "Plans": [
                                              {
                                                "Node Type": "Nested Loop",
                                                "Parent Relationship": "Outer",
                                                "Parallel Aware": false,
                                                "Join Type": "Inner",
                                                "Startup Cost": 11.68,
                                                "Total Cost": 7561.24,
                                                "Plan Rows": 59,
                                                "Plan Width": 43,
                                                "Actual Startup Time": 8.311,
                                                "Actual Total Time": 247.485,
                                                "Actual Rows": 9807,
                                                "Actual Loops": 1,
                                                "Inner Unique": true,
                                                "Plans": [
                                                  {
                                                    "Node Type": "Nested Loop",
                                                    "Parent Relationship": "Outer",
                                                    "Parallel Aware": false,
                                                    "Join Type": "Inner",
                                                    "Startup Cost": 11.25,
                                                    "Total Cost": 7516.67,
                                                    "Plan Rows": 91,
                                                    "Plan Width": 18,
                                                    "Actual Startup Time": 8.293,
                                                    "Actual Total Time": 185.232,
                                                    "Actual Rows": 18701,
                                                    "Actual Loops": 1,
                                                    "Inner Unique": false,
                                                    "Plans": [
                                                      {
                                                        "Node Type": "Nested Loop",
                                                        "Parent Relationship": "Outer",
                                                        "Parallel Aware": false,
                                                        "Join Type": "Inner",
                                                        "Startup Cost": 10.82,
                                                        "Total Cost": 7447.81,
                                                        "Plan Rows": 135,
                                                        "Plan Width": 4,
                                                        "Actual Startup Time": 8.26,
                                                        "Actual Total Time": 73.508,
                                                        "Actual Rows": 37091,
                                                        "Actual Loops": 1,
                                                        "Inner Unique": false,
                                                        "Plans": [
                                                          {
                                                            "Node Type": "Seq Scan",
                                                            "Parent Relationship": "Outer",
                                                            "Parallel Aware": false,
                                                            "Relation Name": "keyword",
                                                            "Alias": "k",
                                                            "Startup Cost": 0.0,
                                                            "Total Cost": 2961.55,
                                                            "Plan Rows": 4,
                                                            "Plan Width": 4,
                                                            "Actual Startup Time": 2.57,
                                                            "Actual Total Time": 16.179,
                                                            "Actual Rows": 3,
                                                            "Actual Loops": 1,
                                                            "Filter": "(keyword = ANY ('{murder,murder-in-title,blood,violence}'::text[]))",
                                                            "Rows Removed by Filter": 134167
                                                          },
                                                          {
                                                            "Node Type": "Bitmap Heap Scan",
                                                            "Parent Relationship": "Inner",
                                                            "Parallel Aware": false,
                                                            "Relation Name": "movie_keyword",
                                                            "Alias": "mk",
                                                            "Startup Cost": 10.82,
                                                            "Total Cost": 1118.49,
                                                            "Plan Rows": 308,
                                                            "Plan Width": 8,
                                                            "Actual Startup Time": 3.294,
                                                            "Actual Total Time": 18.026,
                                                            "Actual Rows": 12364,
                                                            "Actual Loops": 3,
                                                            "Recheck Cond": "(keyword_id = k.id)",
                                                            "Rows Removed by Index Recheck": 0,
                                                            "Exact Heap Blocks": 26312,
                                                            "Lossy Heap Blocks": 0,
                                                            "Plans": [
                                                              {
                                                                "Node Type": "Bitmap Index Scan",
                                                                "Parent Relationship": "Outer",
                                                                "Parallel Aware": false,
                                                                "Index Name": "keyword_id_movie_keyword",
                                                                "Startup Cost": 0.0,
                                                                "Total Cost": 10.74,
                                                                "Plan Rows": 308,
                                                                "Plan Width": 0,
                                                                "Actual Startup Time": 1.747,
                                                                "Actual Total Time": 1.747,
                                                                "Actual Rows": 12364,
                                                                "Actual Loops": 3,
                                                                "Index Cond": "(keyword_id = k.id)"
                                                              }
                                                            ]
                                                          }
                                                        ]
                                                      },
                                                      {
                                                        "Node Type": "Index Scan",
                                                        "Parent Relationship": "Inner",
                                                        "Parallel Aware": false,
                                                        "Scan Direction": "Forward",
                                                        "Index Name": "movie_id_movie_info_idx",
                                                        "Relation Name": "movie_info_idx",
                                                        "Alias": "mi_idx",
                                                        "Startup Cost": 0.43,
                                                        "Total Cost": 0.5,
                                                        "Plan Rows": 1,
                                                        "Plan Width": 14,
                                                        "Actual Startup Time": 0.003,
                                                        "Actual Total Time": 0.003,
                                                        "Actual Rows": 1,
                                                        "Actual Loops": 37091,
                                                        "Index Cond": "(movie_id = mk.movie_id)",
                                                        "Rows Removed by Index Recheck": 0,
                                                        "Filter": "(info > '6.5'::text)",
                                                        "Rows Removed by Filter": 2
                                                      }
                                                    ]
                                                  },
                                                  {
                                                    "Node Type": "Index Scan",
                                                    "Parent Relationship": "Inner",
                                                    "Parallel Aware": false,
                                                    "Scan Direction": "Forward",
                                                    "Index Name": "title_pkey",
                                                    "Relation Name": "title",
                                                    "Alias": "t",
                                                    "Startup Cost": 0.43,
                                                    "Total Cost": 0.49,
                                                    "Plan Rows": 1,
                                                    "Plan Width": 25,
                                                    "Actual Startup Time": 0.003,
                                                    "Actual Total Time": 0.003,
                                                    "Actual Rows": 1,
                                                    "Actual Loops": 18701,
                                                    "Index Cond": "(id = mk.movie_id)",
                                                    "Rows Removed by Index Recheck": 0,
                                                    "Filter": "(production_year > 1994)",
                                                    "Rows Removed by Filter": 0
                                                  }
                                                ]
                                              },
                                              {
                                                "Node Type": "Index Scan",
                                                "Parent Relationship": "Inner",
                                                "Parallel Aware": false,
                                                "Scan Direction": "Forward",
                                                "Index Name": "movie_id_complete_cast",
                                                "Relation Name": "complete_cast",
                                                "Alias": "cc",
                                                "Startup Cost": 0.42,
                                                "Total Cost": 0.46,
                                                "Plan Rows": 2,
                                                "Plan Width": 12,
                                                "Actual Startup Time": 0.002,
                                                "Actual Total Time": 0.002,
                                                "Actual Rows": 0,
                                                "Actual Loops": 9807,
                                                "Index Cond": "(movie_id = mk.movie_id)",
                                                "Rows Removed by Index Recheck": 0
                                              }
                                            ]
                                          }
                                        ]
                                      },
                                      {
                                        "Node Type": "Seq Scan",
                                        "Parent Relationship": "Inner",
                                        "Parallel Aware": false,
                                        "Relation Name": "comp_cast_type",
                                        "Alias": "cct2",
                                        "Startup Cost": 0.0,
                                        "Total Cost": 1.05,
                                        "Plan Rows": 3,
                                        "Plan Width": 4,
                                        "Actual Startup Time": 0.001,
                                        "Actual Total Time": 0.001,
                                        "Actual Rows": 3,
                                        "Actual Loops": 1005,
                                        "Filter": "((kind)::text <> 'complete+verified'::text)",
                                        "Rows Removed by Filter": 0
                                      }
                                    ]
                                  },
                                  {
                                    "Node Type": "Seq Scan",
                                    "Parent Relationship": "Inner",
                                    "Parallel Aware": false,
                                    "Relation Name": "info_type",
                                    "Alias": "it2",
                                    "Startup Cost": 0.0,
                                    "Total Cost": 2.41,
                                    "Plan Rows": 1,
                                    "Plan Width": 4,
                                    "Actual Startup Time": 0.006,
                                    "Actual Total Time": 0.007,
                                    "Actual Rows": 1,
                                    "Actual Loops": 740,
                                    "Filter": "((info)::text = 'rating'::text)",
                                    "Rows Removed by Filter": 103
                                  }
                                ]
                              },
                              {
                                "Node Type": "Index Scan",
                                "Parent Relationship": "Inner",
                                "Parallel Aware": false,
                                "Scan Direction": "Forward",
                                "Index Name": "movie_id_movie_info",
                                "Relation Name": "movie_info",
                                "Alias": "mi",
                                "Startup Cost": 0.43,
                                "Total Cost": 1.5,
                                "Plan Rows": 1,
                                "Plan Width": 8,
                                "Actual Startup Time": 0.058,
                                "Actual Total Time": 0.064,
                                "Actual Rows": 0,
                                "Actual Loops": 541,
                                "Index Cond": "(movie_id = mk.movie_id)",
                                "Rows Removed by Index Recheck": 0,
                                "Filter": "(info = ANY ('{Sweden,Germany,Swedish,German}'::text[]))",
                                "Rows Removed by Filter": 155
                              }
                            ]
                          },
                          {
                            "Node Type": "Seq Scan",
                            "Parent Relationship": "Inner",
                            "Parallel Aware": false,
                            "Relation Name": "info_type",
                            "Alias": "it1",
                            "Startup Cost": 0.0,
                            "Total Cost": 2.41,
                            "Plan Rows": 1,
                            "Plan Width": 4,
                            "Actual Startup Time": 0.003,
                            "Actual Total Time": 0.004,
                            "Actual Rows": 1,
                            "Actual Loops": 161,
                            "Filter": "((info)::text = 'countries'::text)",
                            "Rows Removed by Filter": 49
                          }
                        ]
                      },
                      {
                        "Node Type": "Index Scan",
                        "Parent Relationship": "Inner",
                        "Parallel Aware": false,
                        "Scan Direction": "Forward",
                        "Index Name": "movie_id_movie_companies",
                        "Relation Name": "movie_companies",
                        "Alias": "mc",
                        "Startup Cost": 0.43,
                        "Total Cost": 0.57,
                        "Plan Rows": 1,
                        "Plan Width": 12,
                        "Actual Startup Time": 0.008,
                        "Actual Total Time": 0.021,
                        "Actual Rows": 13,
                        "Actual Loops": 96,
                        "Index Cond": "(movie_id = mk.movie_id)",
                        "Rows Removed by Index Recheck": 0,
                        "Filter": "((note !~~ '%(USA)%'::text) AND (note ~~ '%(200%)%'::text))",
                        "Rows Removed by Filter": 12
                      }
                    ]
                  },
                  {
                    "Node Type": "Seq Scan",
                    "Parent Relationship": "Inner",
                    "Parallel Aware": false,
                    "Relation Name": "kind_type",
                    "Alias": "kt",
                    "Startup Cost": 0.0,
                    "Total Cost": 1.09,
                    "Plan Rows": 2,
                    "Plan Width": 4,
                    "Actual Startup Time": 0.001,
                    "Actual Total Time": 0.001,
                    "Actual Rows": 1,
                    "Actual Loops": 1250,
                    "Filter": "((kind)::text = ANY ('{movie,episode}'::text[]))",
                    "Rows Removed by Filter": 0
                  }
                ]
              },
              {
                "Node Type": "Index Scan",
                "Parent Relationship": "Inner",
                "Parallel Aware": false,
                "Scan Direction": "Forward",
                "Index Name": "company_name_pkey",
                "Relation Name": "company_name",
                "Alias": "cn",
                "Startup Cost": 0.42,
                "Total Cost": 0.55,
                "Plan Rows": 1,
                "Plan Width": 23,
                "Actual Startup Time": 0.003,
                "Actual Total Time": 0.003,
                "Actual Rows": 1,
                "Actual Loops": 1197,
                "Index Cond": "(id = mc.company_id)",
                "Rows Removed by Index Recheck": 0,
                "Filter": "((country_code)::text <> '[us]'::text)",
                "Rows Removed by Filter": 0
              }
            ]
          },
          {
            "Node Type": "Index Only Scan",
            "Parent Relationship": "Inner",
            "Parallel Aware": false,
            "Scan Direction": "Forward",
            "Index Name": "company_type_pkey",
            "Relation Name": "company_type",
            "Alias": "ct",
            "Startup Cost": 0.13,
            "Total Cost": 0.15,
            "Plan Rows": 1,
            "Plan Width": 4,
            "Actual Startup Time": 0.001,
            "Actual Total Time": 0.001,
            "Actual Rows": 1,
            "Actual Loops": 1162,
            "Index Cond": "(id = mc.company_type_id)",
            "Rows Removed by Index Recheck": 0,
            "Heap Fetches": 1162
          }
        ]
      }
    ]
  },
  "Planning Time": 4.457,
  "Triggers": [],
  "Execution Time": 325.478
}