[
    {
        "Bao": {
            "Bao prediction": "NaN",
            "Bao recommended hint": "(no hint)"
        }
    },
    {
        "Plan": {
            "Node Type": "Aggregate",
            "Strategy": "Plain",
            "Partial Mode": "Finalize",
            "Parallel Aware": false,
            "Startup Cost": 353245.76,
            "Total Cost": 353245.77,
            "Plan Rows": 1,
            "Plan Width": 8,
            "Actual Startup Time": 958.313,
            "Actual Total Time": 991.235,
            "Actual Rows": 1,
            "Actual Loops": 1,
            "Output": [
                "count(*)"
            ],
            "Plans": [
                {
                    "Node Type": "Gather",
                    "Parent Relationship": "Outer",
                    "Parallel Aware": false,
                    "Startup Cost": 353245.14,
                    "Total Cost": 353245.75,
                    "Plan Rows": 6,
                    "Plan Width": 8,
                    "Actual Startup Time": 958.184,
                    "Actual Total Time": 991.225,
                    "Actual Rows": 7,
                    "Actual Loops": 1,
                    "Output": [
                        "(PARTIAL count(*))"
                    ],
                    "Workers Planned": 6,
                    "Workers Launched": 6,
                    "Single Copy": false,
                    "Plans": [
                        {
                            "Node Type": "Aggregate",
                            "Strategy": "Plain",
                            "Partial Mode": "Partial",
                            "Parent Relationship": "Outer",
                            "Parallel Aware": false,
                            "Startup Cost": 352245.14,
                            "Total Cost": 352245.15,
                            "Plan Rows": 1,
                            "Plan Width": 8,
                            "Actual Startup Time": 948.394,
                            "Actual Total Time": 948.395,
                            "Actual Rows": 1,
                            "Actual Loops": 7,
                            "Output": [
                                "PARTIAL count(*)"
                            ],
                            "Workers": [
                                {
                                    "Worker Number": 0,
                                    "Actual Startup Time": 945.984,
                                    "Actual Total Time": 945.985,
                                    "Actual Rows": 1,
                                    "Actual Loops": 1
                                },
                                {
                                    "Worker Number": 1,
                                    "Actual Startup Time": 946.281,
                                    "Actual Total Time": 946.282,
                                    "Actual Rows": 1,
                                    "Actual Loops": 1
                                },
                                {
                                    "Worker Number": 2,
                                    "Actual Startup Time": 946.616,
                                    "Actual Total Time": 946.618,
                                    "Actual Rows": 1,
                                    "Actual Loops": 1
                                },
                                {
                                    "Worker Number": 3,
                                    "Actual Startup Time": 946.866,
                                    "Actual Total Time": 946.867,
                                    "Actual Rows": 1,
                                    "Actual Loops": 1
                                },
                                {
                                    "Worker Number": 4,
                                    "Actual Startup Time": 946.993,
                                    "Actual Total Time": 946.994,
                                    "Actual Rows": 1,
                                    "Actual Loops": 1
                                },
                                {
                                    "Worker Number": 5,
                                    "Actual Startup Time": 948.171,
                                    "Actual Total Time": 948.172,
                                    "Actual Rows": 1,
                                    "Actual Loops": 1
                                }
                            ],
                            "Plans": [
                                {
                                    "Node Type": "Seq Scan",
                                    "Parent Relationship": "Outer",
                                    "Parallel Aware": true,
                                    "Relation Name": "cast_info",
                                    "Schema": "public",
                                    "Alias": "ci",
                                    "Startup Cost": 0.0,
                                    "Total Cost": 343318.94,
                                    "Plan Rows": 3570479,
                                    "Plan Width": 0,
                                    "Actual Startup Time": 244.517,
                                    "Actual Total Time": 784.769,
                                    "Actual Rows": 2904515,
                                    "Actual Loops": 7,
                                    "Output": [
                                        "id",
                                        "person_id",
                                        "movie_id",
                                        "person_role_id",
                                        "note",
                                        "nr_order",
                                        "role_id"
                                    ],
                                    "Filter": "((ci.person_id < 3465103) AND (ci.role_id > 1))",
                                    "Rows Removed by Filter": 2273248,
                                    "Workers": [
                                        {
                                            "Worker Number": 0,
                                            "Actual Startup Time": 242.108,
                                            "Actual Total Time": 784.876,
                                            "Actual Rows": 2428783,
                                            "Actual Loops": 1
                                        },
                                        {
                                            "Worker Number": 1,
                                            "Actual Startup Time": 242.4,
                                            "Actual Total Time": 785.041,
                                            "Actual Rows": 2431603,
                                            "Actual Loops": 1
                                        },
                                        {
                                            "Worker Number": 2,
                                            "Actual Startup Time": 242.731,
                                            "Actual Total Time": 785.504,
                                            "Actual Rows": 2429529,
                                            "Actual Loops": 1
                                        },
                                        {
                                            "Worker Number": 3,
                                            "Actual Startup Time": 242.996,
                                            "Actual Total Time": 784.983,
                                            "Actual Rows": 2435779,
                                            "Actual Loops": 1
                                        },
                                        {
                                            "Worker Number": 4,
                                            "Actual Startup Time": 243.106,
                                            "Actual Total Time": 787.214,
                                            "Actual Rows": 2414204,
                                            "Actual Loops": 1
                                        },
                                        {
                                            "Worker Number": 5,
                                            "Actual Startup Time": 244.312,
                                            "Actual Total Time": 790.296,
                                            "Actual Rows": 3886316,
                                            "Actual Loops": 1
                                        }
                                    ]
                                }
                            ]
                        }
                    ]
                }
            ]
        },
        "Planning Time": 186.01,
        "Triggers": [],
        "Execution Time": 991.289
    }
]