[
  {
    "Plan": {
      "Node Type": "Aggregate",
      "Strategy": "Plain",
      "Partial Mode": "Finalize",
      "Parallel Aware": false,
      "Startup Cost": 65353.07,
      "Total Cost": 65353.08,
      "Plan Rows": 1,
      "Plan Width": 8,
      "Actual Startup Time": 123.368,
      "Actual Total Time": 139.256,
      "Actual Rows": 1,
      "Actual Loops": 1,
      "Plans": [
        {
          "Node Type": "Gather",
          "Parent Relationship": "Outer",
          "Parallel Aware": false,
          "Startup Cost": 65352.65,
          "Total Cost": 65353.06,
          "Plan Rows": 4,
          "Plan Width": 8,
          "Actual Startup Time": 123.094,
          "Actual Total Time": 139.243,
          "Actual Rows": 5,
          "Actual Loops": 1,
          "Workers Planned": 4,
          "Workers Launched": 4,
          "Single Copy": false,
          "Plans": [
            {
              "Node Type": "Aggregate",
              "Strategy": "Plain",
              "Partial Mode": "Partial",
              "Parent Relationship": "Outer",
              "Parallel Aware": false,
              "Startup Cost": 64352.65,
              "Total Cost": 64352.66,
              "Plan Rows": 1,
              "Plan Width": 8,
              "Actual Startup Time": 115.605,
              "Actual Total Time": 115.608,
              "Actual Rows": 1,
              "Actual Loops": 5,
              "Plans": [
                {
                  "Node Type": "Nested Loop",
                  "Parent Relationship": "Outer",
                  "Parallel Aware": false,
                  "Join Type": "Inner",
                  "Startup Cost": 0.87,
                  "Total Cost": 64352.28,
                  "Plan Rows": 148,
                  "Plan Width": 0,
                  "Actual Startup Time": 71.593,
                  "Actual Total Time": 115.488,
                  "Actual Rows": 1721,
                  "Actual Loops": 5,
                  "Inner Unique": false,
                  "Join Filter": "(t.id = mi.movie_id)",
                  "Rows Removed by Join Filter": 0,
                  "Plans": [
                    {
                      "Node Type": "Nested Loop",
                      "Parent Relationship": "Outer",
                      "Parallel Aware": false,
                      "Join Type": "Inner",
                      "Startup Cost": 0.43,
                      "Total Cost": 63543.92,
                      "Plan Rows": 62,
                      "Plan Width": 8,
                      "Actual Startup Time": 71.496,
                      "Actual Total Time": 108.306,
                      "Actual Rows": 136,
                      "Actual Loops": 5,
                      "Inner Unique": false,
                      "Plans": [
                        {
                          "Node Type": "Seq Scan",
                          "Parent Relationship": "Outer",
                          "Parallel Aware": true,
                          "Relation Name": "title",
                          "Alias": "t",
                          "Startup Cost": 0.0,
                          "Total Cost": 45479.59,
                          "Plan Rows": 2244,
                          "Plan Width": 4,
                          "Actual Startup Time": 0.413,
                          "Actual Total Time": 83.931,
                          "Actual Rows": 2039,
                          "Actual Loops": 5,
                          "Filter": "((kind_id < 7) AND (production_year = 1992))",
                          "Rows Removed by Filter": 503623
                        },
                        {
                          "Node Type": "Index Scan",
                          "Parent Relationship": "Inner",
                          "Parallel Aware": false,
                          "Scan Direction": "Forward",
                          "Index Name": "movie_id_movie_keyword",
                          "Relation Name": "movie_keyword",
                          "Alias": "mk",
                          "Startup Cost": 0.43,
                          "Total Cost": 8.04,
                          "Plan Rows": 1,
                          "Plan Width": 4,
                          "Actual Startup Time": 0.011,
                          "Actual Total Time": 0.011,
                          "Actual Rows": 0,
                          "Actual Loops": 10197,
                          "Index Cond": "(movie_id = t.id)",
                          "Rows Removed by Index Recheck": 0,
                          "Filter": "(keyword_id > 91027)",
                          "Rows Removed by Filter": 5
                        }
                      ]
                    },
                    {
                      "Node Type": "Index Scan",
                      "Parent Relationship": "Inner",
                      "Parallel Aware": false,
                      "Scan Direction": "Forward",
                      "Index Name": "movie_id_movie_info",
                      "Relation Name": "movie_info",
                      "Alias": "mi",
                      "Startup Cost": 0.43,
                      "Total Cost": 12.83,
                      "Plan Rows": 17,
                      "Plan Width": 4,
                      "Actual Startup Time": 0.013,
                      "Actual Total Time": 0.051,
                      "Actual Rows": 13,
                      "Actual Loops": 678,
                      "Index Cond": "(movie_id = mk.movie_id)",
                      "Rows Removed by Index Recheck": 0,
                      "Filter": "(info_type_id < 7)",
                      "Rows Removed by Filter": 47
                    }
                  ]
                }
              ]
            }
          ]
        }
      ]
    },
    "Planning Time": 1.594,
    "Triggers": [],
    "Execution Time": 139.341
  }
]