{
  "Plan": {
    "Node Type": "Aggregate",
    "Strategy": "Plain",
    "Partial Mode": "Finalize",
    "Parallel Aware": false,
    "Startup Cost": 1402619.54,
    "Total Cost": 1402619.55,
    "Plan Rows": 1,
    "Plan Width": 8,
    "Actual Startup Time": 4260.691,
    "Actual Total Time": 4300.9,
    "Actual Rows": 1,
    "Actual Loops": 1,
    "Plans": [
      {
        "Node Type": "Gather",
        "Parent Relationship": "Outer",
        "Parallel Aware": false,
        "Startup Cost": 1402619.42,
        "Total Cost": 1402619.53,
        "Plan Rows": 1,
        "Plan Width": 8,
        "Actual Startup Time": 4260.569,
        "Actual Total Time": 4300.89,
        "Actual Rows": 2,
        "Actual Loops": 1,
        "Workers Planned": 1,
        "Workers Launched": 1,
        "Single Copy": false,
        "Plans": [
          {
            "Node Type": "Aggregate",
            "Strategy": "Plain",
            "Partial Mode": "Partial",
            "Parent Relationship": "Outer",
            "Parallel Aware": false,
            "Startup Cost": 1401619.42,
            "Total Cost": 1401619.43,
            "Plan Rows": 1,
            "Plan Width": 8,
            "Actual Startup Time": 4254.381,
            "Actual Total Time": 4254.384,
            "Actual Rows": 1,
            "Actual Loops": 2,
            "Plans": [
              {
                "Node Type": "Merge Join",
                "Parent Relationship": "Outer",
                "Parallel Aware": false,
                "Join Type": "Inner",
                "Startup Cost": 9.9,
                "Total Cost": 1390672.99,
                "Plan Rows": 4378572,
                "Plan Width": 0,
                "Actual Startup Time": 7.459,
                "Actual Total Time": 4156.564,
                "Actual Rows": 2286538,
                "Actual Loops": 2,
                "Inner Unique": false,
                "Merge Cond": "(mi.movie_id = t.id)",
                "Plans": [
                  {
                    "Node Type": "Index Only Scan",
                    "Parent Relationship": "Outer",
                    "Parallel Aware": true,
                    "Scan Direction": "Forward",
                    "Index Name": "movie_id_movie_info",
                    "Relation Name": "movie_info",
                    "Alias": "mi",
                    "Startup Cost": 0.43,
                    "Total Cost": 1018223.42,
                    "Plan Rows": 8696274,
                    "Plan Width": 4,
                    "Actual Startup Time": 0.128,
                    "Actual Total Time": 866.165,
                    "Actual Rows": 2366103,
                    "Actual Loops": 2,
                    "Heap Fetches": 4732206
                  },
                  {
                    "Node Type": "Materialize",
                    "Parent Relationship": "Inner",
                    "Parallel Aware": false,
                    "Startup Cost": 3.41,
                    "Total Cost": 288432.48,
                    "Plan Rows": 1272995,
                    "Plan Width": 8,
                    "Actual Startup Time": 1.013,
                    "Actual Total Time": 2925.441,
                    "Actual Rows": 2551669,
                    "Actual Loops": 2,
                    "Plans": [
                      {
                        "Node Type": "Merge Join",
                        "Parent Relationship": "Outer",
                        "Parallel Aware": false,
                        "Join Type": "Inner",
                        "Startup Cost": 3.41,
                        "Total Cost": 285249.99,
                        "Plan Rows": 1272995,
                        "Plan Width": 8,
                        "Actual Startup Time": 1.003,
                        "Actual Total Time": 2774.592,
                        "Actual Rows": 530254,
                        "Actual Loops": 2,
                        "Inner Unique": true,
                        "Merge Cond": "(mc.movie_id = t.id)",
                        "Plans": [
                          {
                            "Node Type": "Index Only Scan",
                            "Parent Relationship": "Outer",
                            "Parallel Aware": false,
                            "Scan Direction": "Forward",
                            "Index Name": "movie_id_movie_companies",
                            "Relation Name": "movie_companies",
                            "Alias": "mc",
                            "Startup Cost": 0.43,
                            "Total Cost": 140059.44,
                            "Plan Rows": 2609129,
                            "Plan Width": 4,
                            "Actual Startup Time": 0.134,
                            "Actual Total Time": 804.149,
                            "Actual Rows": 2609129,
                            "Actual Loops": 2,
                            "Heap Fetches": 5218258
                          },
                          {
                            "Node Type": "Index Scan",
                            "Parent Relationship": "Inner",
                            "Parallel Aware": false,
                            "Scan Direction": "Forward",
                            "Index Name": "title_pkey",
                            "Relation Name": "title",
                            "Alias": "t",
                            "Startup Cost": 0.43,
                            "Total Cost": 122981.43,
                            "Plan Rows": 1233555,
                            "Plan Width": 4,
                            "Actual Startup Time": 0.153,
                            "Actual Total Time": 1739.969,
                            "Actual Rows": 1316744,
                            "Actual Loops": 2,
                            "Filter": "((production_year > 1974) AND (kind_id = 7))",
                            "Rows Removed by Filter": 1209002
                          }
                        ]
                      }
                    ]
                  }
                ]
              }
            ]
          }
        ]
      }
    ]
  },
  "Planning Time": 1.058,
  "Triggers": [],
  "Execution Time": 4301.014
}