{
  "Plan": {
    "Node Type": "Aggregate",
    "Strategy": "Plain",
    "Partial Mode": "Finalize",
    "Parallel Aware": false,
    "Startup Cost": 42919.03,
    "Total Cost": 42919.04,
    "Plan Rows": 1,
    "Plan Width": 8,
    "Actual Startup Time": 36.569,
    "Actual Total Time": 40.536,
    "Actual Rows": 1,
    "Actual Loops": 1,
    "Plans": [
      {
        "Node Type": "Gather",
        "Parent Relationship": "Outer",
        "Parallel Aware": false,
        "Startup Cost": 42918.92,
        "Total Cost": 42919.03,
        "Plan Rows": 1,
        "Plan Width": 8,
        "Actual Startup Time": 36.45,
        "Actual Total Time": 40.528,
        "Actual Rows": 2,
        "Actual Loops": 1,
        "Workers Planned": 1,
        "Workers Launched": 1,
        "Single Copy": false,
        "Plans": [
          {
            "Node Type": "Aggregate",
            "Strategy": "Plain",
            "Partial Mode": "Partial",
            "Parent Relationship": "Outer",
            "Parallel Aware": false,
            "Startup Cost": 41918.92,
            "Total Cost": 41918.93,
            "Plan Rows": 1,
            "Plan Width": 8,
            "Actual Startup Time": 30.831,
            "Actual Total Time": 30.833,
            "Actual Rows": 1,
            "Actual Loops": 2,
            "Plans": [
              {
                "Node Type": "Nested Loop",
                "Parent Relationship": "Outer",
                "Parallel Aware": false,
                "Join Type": "Inner",
                "Startup Cost": 144.52,
                "Total Cost": 41918.9,
                "Plan Rows": 5,
                "Plan Width": 0,
                "Actual Startup Time": 16.152,
                "Actual Total Time": 30.82,
                "Actual Rows": 42,
                "Actual Loops": 2,
                "Inner Unique": false,
                "Plans": [
                  {
                    "Node Type": "Nested Loop",
                    "Parent Relationship": "Outer",
                    "Parallel Aware": false,
                    "Join Type": "Inner",
                    "Startup Cost": 144.09,
                    "Total Cost": 40838.32,
                    "Plan Rows": 21,
                    "Plan Width": 8,
                    "Actual Startup Time": 16.067,
                    "Actual Total Time": 30.683,
                    "Actual Rows": 0,
                    "Actual Loops": 2,
                    "Inner Unique": true,
                    "Plans": [
                      {
                        "Node Type": "Bitmap Heap Scan",
                        "Parent Relationship": "Outer",
                        "Parallel Aware": true,
                        "Relation Name": "movie_companies",
                        "Alias": "mc",
                        "Startup Cost": 143.66,
                        "Total Cost": 13454.67,
                        "Plan Rows": 3888,
                        "Plan Width": 4,
                        "Actual Startup Time": 2.474,
                        "Actual Total Time": 4.964,
                        "Actual Rows": 3177,
                        "Actual Loops": 2,
                        "Recheck Cond": "(company_id = 1284)",
                        "Rows Removed by Index Recheck": 0,
                        "Exact Heap Blocks": 628,
                        "Lossy Heap Blocks": 0,
                        "Plans": [
                          {
                            "Node Type": "Bitmap Index Scan",
                            "Parent Relationship": "Outer",
                            "Parallel Aware": false,
                            "Index Name": "company_id_movie_companies",
                            "Startup Cost": 0.0,
                            "Total Cost": 142.0,
                            "Plan Rows": 6610,
                            "Plan Width": 0,
                            "Actual Startup Time": 4.486,
                            "Actual Total Time": 4.486,
                            "Actual Rows": 6354,
                            "Actual Loops": 1,
                            "Index Cond": "(company_id = 1284)"
                          }
                        ]
                      },
                      {
                        "Node Type": "Index Scan",
                        "Parent Relationship": "Inner",
                        "Parallel Aware": false,
                        "Scan Direction": "Forward",
                        "Index Name": "title_pkey",
                        "Relation Name": "title",
                        "Alias": "t",
                        "Startup Cost": 0.43,
                        "Total Cost": 7.04,
                        "Plan Rows": 1,
                        "Plan Width": 4,
                        "Actual Startup Time": 0.008,
                        "Actual Total Time": 0.008,
                        "Actual Rows": 0,
                        "Actual Loops": 6354,
                        "Index Cond": "(id = mc.movie_id)",
                        "Rows Removed by Index Recheck": 0,
                        "Filter": "((kind_id = 1) AND (production_year = 2001))",
                        "Rows Removed by Filter": 1
                      }
                    ]
                  },
                  {
                    "Node Type": "Index Scan",
                    "Parent Relationship": "Inner",
                    "Parallel Aware": false,
                    "Scan Direction": "Forward",
                    "Index Name": "movie_id_movie_info",
                    "Relation Name": "movie_info",
                    "Alias": "mi",
                    "Startup Cost": 0.43,
                    "Total Cost": 51.44,
                    "Plan Rows": 2,
                    "Plan Width": 4,
                    "Actual Startup Time": 0.166,
                    "Actual Total Time": 0.248,
                    "Actual Rows": 85,
                    "Actual Loops": 1,
                    "Index Cond": "(movie_id = t.id)",
                    "Rows Removed by Index Recheck": 0,
                    "Filter": "(info_type_id > 98)",
                    "Rows Removed by Filter": 197
                  }
                ]
              }
            ]
          }
        ]
      }
    ]
  },
  "Planning Time": 1.015,
  "Triggers": [],
  "Execution Time": 40.635
}