{
  "Plan": {
    "Node Type": "Aggregate",
    "Strategy": "Plain",
    "Partial Mode": "Finalize",
    "Parallel Aware": false,
    "Startup Cost": 837309.18,
    "Total Cost": 837309.19,
    "Plan Rows": 1,
    "Plan Width": 8,
    "Actual Startup Time": 6315.042,
    "Actual Total Time": 6384.666,
    "Actual Rows": 1,
    "Actual Loops": 1,
    "Plans": [
      {
        "Node Type": "Gather",
        "Parent Relationship": "Outer",
        "Parallel Aware": false,
        "Startup Cost": 837309.06,
        "Total Cost": 837309.17,
        "Plan Rows": 1,
        "Plan Width": 8,
        "Actual Startup Time": 6311.595,
        "Actual Total Time": 6384.656,
        "Actual Rows": 2,
        "Actual Loops": 1,
        "Workers Planned": 1,
        "Workers Launched": 1,
        "Single Copy": false,
        "Plans": [
          {
            "Node Type": "Aggregate",
            "Strategy": "Plain",
            "Partial Mode": "Partial",
            "Parent Relationship": "Outer",
            "Parallel Aware": false,
            "Startup Cost": 836309.06,
            "Total Cost": 836309.07,
            "Plan Rows": 1,
            "Plan Width": 8,
            "Actual Startup Time": 6306.132,
            "Actual Total Time": 6306.956,
            "Actual Rows": 1,
            "Actual Loops": 2,
            "Plans": [
              {
                "Node Type": "Hash Join",
                "Parent Relationship": "Outer",
                "Parallel Aware": true,
                "Join Type": "Inner",
                "Startup Cost": 264092.97,
                "Total Cost": 828403.04,
                "Plan Rows": 3162411,
                "Plan Width": 0,
                "Actual Startup Time": 682.089,
                "Actual Total Time": 6041.812,
                "Actual Rows": 6066177,
                "Actual Loops": 2,
                "Inner Unique": false,
                "Hash Cond": "(ci.movie_id = t.id)",
                "Plans": [
                  {
                    "Node Type": "Seq Scan",
                    "Parent Relationship": "Outer",
                    "Parallel Aware": true,
                    "Relation Name": "cast_info",
                    "Alias": "ci",
                    "Startup Cost": 0.0,
                    "Total Cost": 465792.95,
                    "Plan Rows": 21310595,
                    "Plan Width": 4,
                    "Actual Startup Time": 0.018,
                    "Actual Total Time": 1447.755,
                    "Actual Rows": 18122172,
                    "Actual Loops": 2
                  },
                  {
                    "Node Type": "Hash",
                    "Parent Relationship": "Inner",
                    "Parallel Aware": true,
                    "Startup Cost": 261334.23,
                    "Total Cost": 261334.23,
                    "Plan Rows": 220699,
                    "Plan Width": 8,
                    "Actual Startup Time": 677.279,
                    "Actual Total Time": 678.101,
                    "Actual Rows": 326584,
                    "Actual Loops": 2,
                    "Hash Buckets": 1048576,
                    "Original Hash Buckets": 524288,
                    "Hash Batches": 1,
                    "Original Hash Batches": 1,
                    "Peak Memory Usage": 37856,
                    "Plans": [
                      {
                        "Node Type": "Hash Join",
                        "Parent Relationship": "Outer",
                        "Parallel Aware": true,
                        "Join Type": "Inner",
                        "Startup Cost": 87560.43,
                        "Total Cost": 261334.23,
                        "Plan Rows": 220699,
                        "Plan Width": 8,
                        "Actual Startup Time": 302.162,
                        "Actual Total Time": 572.899,
                        "Actual Rows": 326584,
                        "Actual Loops": 2,
                        "Inner Unique": true,
                        "Hash Cond": "(mi.movie_id = t.id)",
                        "Plans": [
                          {
                            "Node Type": "Bitmap Heap Scan",
                            "Parent Relationship": "Outer",
                            "Parallel Aware": true,
                            "Relation Name": "movie_info",
                            "Alias": "mi",
                            "Startup Cost": 23986.4,
                            "Total Cost": 195715.6,
                            "Plan Rows": 778896,
                            "Plan Width": 4,
                            "Actual Startup Time": 38.396,
                            "Actual Total Time": 102.548,
                            "Actual Rows": 662680,
                            "Actual Loops": 2,
                            "Recheck Cond": "(info_type_id = 8)",
                            "Rows Removed by Index Recheck": 0,
                            "Exact Heap Blocks": 4100,
                            "Lossy Heap Blocks": 0,
                            "Plans": [
                              {
                                "Node Type": "Bitmap Index Scan",
                                "Parent Relationship": "Outer",
                                "Parallel Aware": false,
                                "Index Name": "info_type_id_movie_info",
                                "Startup Cost": 0.0,
                                "Total Cost": 23655.37,
                                "Plan Rows": 1324124,
                                "Plan Width": 0,
                                "Actual Startup Time": 37.231,
                                "Actual Total Time": 37.231,
                                "Actual Rows": 1325361,
                                "Actual Loops": 1,
                                "Index Cond": "(info_type_id = 8)"
                              }
                            ]
                          },
                          {
                            "Node Type": "Hash",
                            "Parent Relationship": "Inner",
                            "Parallel Aware": true,
                            "Startup Cost": 58306.47,
                            "Total Cost": 58306.47,
                            "Plan Rows": 421405,
                            "Plan Width": 4,
                            "Actual Startup Time": 257.466,
                            "Actual Total Time": 257.471,
                            "Actual Rows": 303826,
                            "Actual Loops": 2,
                            "Hash Buckets": 1048576,
                            "Original Hash Buckets": 1048576,
                            "Hash Batches": 1,
                            "Original Hash Batches": 1,
                            "Peak Memory Usage": 32000,
                            "Plans": [
                              {
                                "Node Type": "Seq Scan",
                                "Parent Relationship": "Outer",
                                "Parallel Aware": true,
                                "Relation Name": "title",
                                "Alias": "t",
                                "Startup Cost": 0.0,
                                "Total Cost": 58306.47,
                                "Plan Rows": 421405,
                                "Plan Width": 4,
                                "Actual Startup Time": 0.039,
                                "Actual Total Time": 158.033,
                                "Actual Rows": 303826,
                                "Actual Loops": 2,
                                "Filter": "((kind_id < 4) AND (production_year > 1968))",
                                "Rows Removed by Filter": 960330
                              }
                            ]
                          }
                        ]
                      }
                    ]
                  }
                ]
              }
            ]
          }
        ]
      }
    ]
  },
  "Planning Time": 0.982,
  "Triggers": [],
  "Execution Time": 6384.786
}