[
  {
    "Plan": {
      "Node Type": "Aggregate",
      "Strategy": "Plain",
      "Partial Mode": "Finalize",
      "Parallel Aware": false,
      "Startup Cost": 279700.38,
      "Total Cost": 279700.39,
      "Plan Rows": 1,
      "Plan Width": 8,
      "Actual Startup Time": 116.927,
      "Actual Total Time": 122.617,
      "Actual Rows": 1,
      "Actual Loops": 1,
      "Plans": [
        {
          "Node Type": "Gather",
          "Parent Relationship": "Outer",
          "Parallel Aware": false,
          "Startup Cost": 279699.76,
          "Total Cost": 279700.37,
          "Plan Rows": 6,
          "Plan Width": 8,
          "Actual Startup Time": 116.389,
          "Actual Total Time": 122.609,
          "Actual Rows": 7,
          "Actual Loops": 1,
          "Workers Planned": 6,
          "Workers Launched": 6,
          "Single Copy": false,
          "Plans": [
            {
              "Node Type": "Aggregate",
              "Strategy": "Plain",
              "Partial Mode": "Partial",
              "Parent Relationship": "Outer",
              "Parallel Aware": false,
              "Startup Cost": 278699.76,
              "Total Cost": 278699.77,
              "Plan Rows": 1,
              "Plan Width": 8,
              "Actual Startup Time": 108.504,
              "Actual Total Time": 108.505,
              "Actual Rows": 1,
              "Actual Loops": 7,
              "Plans": [
                {
                  "Node Type": "Bitmap Heap Scan",
                  "Parent Relationship": "Outer",
                  "Parallel Aware": true,
                  "Relation Name": "cast_info",
                  "Alias": "ci",
                  "Startup Cost": 23367.83,
                  "Total Cost": 278258.94,
                  "Plan Rows": 176328,
                  "Plan Width": 0,
                  "Actual Startup Time": 50.15,
                  "Actual Total Time": 99.694,
                  "Actual Rows": 146203,
                  "Actual Loops": 7,
                  "Recheck Cond": "(person_id > 3864077)",
                  "Rows Removed by Index Recheck": 0,
                  "Exact Heap Blocks": 4378,
                  "Lossy Heap Blocks": 0,
                  "Plans": [
                    {
                      "Node Type": "Bitmap Index Scan",
                      "Parent Relationship": "Outer",
                      "Parallel Aware": false,
                      "Index Name": "person_id_cast_info",
                      "Startup Cost": 0.0,
                      "Total Cost": 23103.34,
                      "Plan Rows": 1057970,
                      "Plan Width": 0,
                      "Actual Startup Time": 54.514,
                      "Actual Total Time": 54.515,
                      "Actual Rows": 1023420,
                      "Actual Loops": 1,
                      "Index Cond": "(person_id > 3864077)"
                    }
                  ]
                }
              ]
            }
          ]
        }
      ]
    },
    "Planning Time": 0.2,
    "Triggers": [],
    "Execution Time": 122.692
  }
]