[
  {
    "Plan": {
      "Node Type": "Aggregate",
      "Strategy": "Plain",
      "Partial Mode": "Finalize",
      "Parallel Aware": false,
      "Startup Cost": 46272.34,
      "Total Cost": 46272.35,
      "Plan Rows": 1,
      "Plan Width": 8,
      "Actual Startup Time": 140.905,
      "Actual Total Time": 147.83,
      "Actual Rows": 1,
      "Actual Loops": 1,
      "Plans": [
        {
          "Node Type": "Gather",
          "Parent Relationship": "Outer",
          "Parallel Aware": false,
          "Startup Cost": 46272.02,
          "Total Cost": 46272.33,
          "Plan Rows": 3,
          "Plan Width": 8,
          "Actual Startup Time": 140.819,
          "Actual Total Time": 147.824,
          "Actual Rows": 4,
          "Actual Loops": 1,
          "Workers Planned": 3,
          "Workers Launched": 3,
          "Single Copy": false,
          "Plans": [
            {
              "Node Type": "Aggregate",
              "Strategy": "Plain",
              "Partial Mode": "Partial",
              "Parent Relationship": "Outer",
              "Parallel Aware": false,
              "Startup Cost": 45272.02,
              "Total Cost": 45272.03,
              "Plan Rows": 1,
              "Plan Width": 8,
              "Actual Startup Time": 137.716,
              "Actual Total Time": 137.717,
              "Actual Rows": 1,
              "Actual Loops": 4,
              "Plans": [
                {
                  "Node Type": "Seq Scan",
                  "Parent Relationship": "Outer",
                  "Parallel Aware": true,
                  "Relation Name": "movie_keyword",
                  "Alias": "mk",
                  "Startup Cost": 0.0,
                  "Total Cost": 42695.65,
                  "Plan Rows": 1030548,
                  "Plan Width": 0,
                  "Actual Startup Time": 0.018,
                  "Actual Total Time": 103.139,
                  "Actual Rows": 805050,
                  "Actual Loops": 4,
                  "Filter": "(keyword_id < 13495)",
                  "Rows Removed by Filter": 325932
                }
              ]
            }
          ]
        }
      ]
    },
    "Planning Time": 0.094,
    "Triggers": [],
    "Execution Time": 147.859
  }
]