[
  {
    "Plan": {
      "Node Type": "Aggregate",
      "Strategy": "Plain",
      "Partial Mode": "Finalize",
      "Parallel Aware": false,
      "Startup Cost": 46300.62,
      "Total Cost": 46300.63,
      "Plan Rows": 1,
      "Plan Width": 8,
      "Actual Startup Time": 158.06,
      "Actual Total Time": 167.659,
      "Actual Rows": 1,
      "Actual Loops": 1,
      "Plans": [
        {
          "Node Type": "Gather",
          "Parent Relationship": "Outer",
          "Parallel Aware": false,
          "Startup Cost": 46300.31,
          "Total Cost": 46300.62,
          "Plan Rows": 3,
          "Plan Width": 8,
          "Actual Startup Time": 157.952,
          "Actual Total Time": 167.652,
          "Actual Rows": 4,
          "Actual Loops": 1,
          "Workers Planned": 3,
          "Workers Launched": 3,
          "Single Copy": false,
          "Plans": [
            {
              "Node Type": "Aggregate",
              "Strategy": "Plain",
              "Partial Mode": "Partial",
              "Parent Relationship": "Outer",
              "Parallel Aware": false,
              "Startup Cost": 45300.31,
              "Total Cost": 45300.32,
              "Plan Rows": 1,
              "Plan Width": 8,
              "Actual Startup Time": 151.937,
              "Actual Total Time": 151.938,
              "Actual Rows": 1,
              "Actual Loops": 4,
              "Plans": [
                {
                  "Node Type": "Seq Scan",
                  "Parent Relationship": "Outer",
                  "Parallel Aware": true,
                  "Relation Name": "movie_keyword",
                  "Alias": "mk",
                  "Startup Cost": 0.0,
                  "Total Cost": 42695.65,
                  "Plan Rows": 1041861,
                  "Plan Width": 0,
                  "Actual Startup Time": 0.045,
                  "Actual Total Time": 117.126,
                  "Actual Rows": 805050,
                  "Actual Loops": 4,
                  "Filter": "(keyword_id < 13495)",
                  "Rows Removed by Filter": 325932
                }
              ]
            }
          ]
        }
      ]
    },
    "Planning Time": 0.18,
    "Triggers": [],
    "Execution Time": 167.712
  }
]