[
  {
    "Plan": {
      "Node Type": "Aggregate",
      "Strategy": "Plain",
      "Partial Mode": "Finalize",
      "Parallel Aware": false,
      "Startup Cost": 63051.16,
      "Total Cost": 63051.17,
      "Plan Rows": 1,
      "Plan Width": 8,
      "Actual Startup Time": 264.544,
      "Actual Total Time": 280.122,
      "Actual Rows": 1,
      "Actual Loops": 1,
      "Plans": [
        {
          "Node Type": "Gather",
          "Parent Relationship": "Outer",
          "Parallel Aware": false,
          "Startup Cost": 63050.95,
          "Total Cost": 63051.16,
          "Plan Rows": 2,
          "Plan Width": 8,
          "Actual Startup Time": 262.599,
          "Actual Total Time": 280.115,
          "Actual Rows": 3,
          "Actual Loops": 1,
          "Workers Planned": 2,
          "Workers Launched": 2,
          "Single Copy": false,
          "Plans": [
            {
              "Node Type": "Aggregate",
              "Strategy": "Plain",
              "Partial Mode": "Partial",
              "Parent Relationship": "Outer",
              "Parallel Aware": false,
              "Startup Cost": 62050.95,
              "Total Cost": 62050.96,
              "Plan Rows": 1,
              "Plan Width": 8,
              "Actual Startup Time": 258.67,
              "Actual Total Time": 258.675,
              "Actual Rows": 1,
              "Actual Loops": 3,
              "Plans": [
                {
                  "Node Type": "Hash Join",
                  "Parent Relationship": "Outer",
                  "Parallel Aware": true,
                  "Join Type": "Inner",
                  "Startup Cost": 45869.44,
                  "Total Cost": 62003.43,
                  "Plan Rows": 19009,
                  "Plan Width": 0,
                  "Actual Startup Time": 197.706,
                  "Actual Total Time": 256.473,
                  "Actual Rows": 46422,
                  "Actual Loops": 3,
                  "Inner Unique": true,
                  "Hash Cond": "(mi_idx.movie_id = t.id)",
                  "Plans": [
                    {
                      "Node Type": "Seq Scan",
                      "Parent Relationship": "Outer",
                      "Parallel Aware": true,
                      "Relation Name": "movie_info_idx",
                      "Alias": "mi_idx",
                      "Startup Cost": 0.0,
                      "Total Cost": 15122.68,
                      "Plan Rows": 385260,
                      "Plan Width": 4,
                      "Actual Startup Time": 0.013,
                      "Actual Total Time": 50.721,
                      "Actual Rows": 306703,
                      "Actual Loops": 3,
                      "Filter": "(info_type_id > 99)",
                      "Rows Removed by Filter": 153308
                    },
                    {
                      "Node Type": "Hash",
                      "Parent Relationship": "Inner",
                      "Parallel Aware": true,
                      "Startup Cost": 45479.59,
                      "Total Cost": 45479.59,
                      "Plan Rows": 31188,
                      "Plan Width": 4,
                      "Actual Startup Time": 161.457,
                      "Actual Total Time": 161.459,
                      "Actual Rows": 88451,
                      "Actual Loops": 3,
                      "Hash Buckets": 524288,
                      "Original Hash Buckets": 131072,
                      "Hash Batches": 1,
                      "Original Hash Batches": 1,
                      "Peak Memory Usage": 17600,
                      "Plans": [
                        {
                          "Node Type": "Seq Scan",
                          "Parent Relationship": "Outer",
                          "Parallel Aware": true,
                          "Relation Name": "title",
                          "Alias": "t",
                          "Startup Cost": 0.0,
                          "Total Cost": 45479.59,
                          "Plan Rows": 31188,
                          "Plan Width": 4,
                          "Actual Startup Time": 65.195,
                          "Actual Total Time": 120.133,
                          "Actual Rows": 88451,
                          "Actual Loops": 3,
                          "Filter": "((production_year < 1979) AND (kind_id = 1))",
                          "Rows Removed by Filter": 754319
                        }
                      ]
                    }
                  ]
                }
              ]
            }
          ]
        }
      ]
    },
    "Planning Time": 0.299,
    "Triggers": [],
    "Execution Time": 280.181
  }
]