[
  {
    "Plan": {
      "Node Type": "Aggregate",
      "Strategy": "Plain",
      "Partial Mode": "Finalize",
      "Parallel Aware": false,
      "Startup Cost": 45646.25,
      "Total Cost": 45646.26,
      "Plan Rows": 1,
      "Plan Width": 8,
      "Actual Startup Time": 149.452,
      "Actual Total Time": 158.808,
      "Actual Rows": 1,
      "Actual Loops": 1,
      "Plans": [
        {
          "Node Type": "Gather",
          "Parent Relationship": "Outer",
          "Parallel Aware": false,
          "Startup Cost": 45645.94,
          "Total Cost": 45646.25,
          "Plan Rows": 3,
          "Plan Width": 8,
          "Actual Startup Time": 149.31,
          "Actual Total Time": 158.8,
          "Actual Rows": 4,
          "Actual Loops": 1,
          "Workers Planned": 3,
          "Workers Launched": 3,
          "Single Copy": false,
          "Plans": [
            {
              "Node Type": "Aggregate",
              "Strategy": "Plain",
              "Partial Mode": "Partial",
              "Parent Relationship": "Outer",
              "Parallel Aware": false,
              "Startup Cost": 44645.94,
              "Total Cost": 44645.95,
              "Plan Rows": 1,
              "Plan Width": 8,
              "Actual Startup Time": 142.312,
              "Actual Total Time": 142.313,
              "Actual Rows": 1,
              "Actual Loops": 4,
              "Plans": [
                {
                  "Node Type": "Seq Scan",
                  "Parent Relationship": "Outer",
                  "Parallel Aware": true,
                  "Relation Name": "movie_keyword",
                  "Alias": "mk",
                  "Startup Cost": 0.0,
                  "Total Cost": 42695.65,
                  "Plan Rows": 780113,
                  "Plan Width": 0,
                  "Actual Startup Time": 0.056,
                  "Actual Total Time": 114.716,
                  "Actual Rows": 605184,
                  "Actual Loops": 4,
                  "Filter": "(keyword_id < 5711)",
                  "Rows Removed by Filter": 525798
                }
              ]
            }
          ]
        }
      ]
    },
    "Planning Time": 0.218,
    "Triggers": [],
    "Execution Time": 158.863
  }
]