[
  {
    "Plan": {
      "Node Type": "Aggregate",
      "Strategy": "Plain",
      "Partial Mode": "Finalize",
      "Parallel Aware": false,
      "Startup Cost": 295299.02,
      "Total Cost": 295299.03,
      "Plan Rows": 1,
      "Plan Width": 8,
      "Actual Startup Time": 1221.458,
      "Actual Total Time": 1271.073,
      "Actual Rows": 1,
      "Actual Loops": 1,
      "Plans": [
        {
          "Node Type": "Gather",
          "Parent Relationship": "Outer",
          "Parallel Aware": false,
          "Startup Cost": 295298.5,
          "Total Cost": 295299.01,
          "Plan Rows": 5,
          "Plan Width": 8,
          "Actual Startup Time": 1205.776,
          "Actual Total Time": 1271.054,
          "Actual Rows": 6,
          "Actual Loops": 1,
          "Workers Planned": 5,
          "Workers Launched": 5,
          "Single Copy": false,
          "Plans": [
            {
              "Node Type": "Aggregate",
              "Strategy": "Plain",
              "Partial Mode": "Partial",
              "Parent Relationship": "Outer",
              "Parallel Aware": false,
              "Startup Cost": 294298.5,
              "Total Cost": 294298.51,
              "Plan Rows": 1,
              "Plan Width": 8,
              "Actual Startup Time": 1198.027,
              "Actual Total Time": 1198.349,
              "Actual Rows": 1,
              "Actual Loops": 6,
              "Plans": [
                {
                  "Node Type": "Hash Join",
                  "Parent Relationship": "Outer",
                  "Parallel Aware": true,
                  "Join Type": "Inner",
                  "Startup Cost": 86192.62,
                  "Total Cost": 291990.48,
                  "Plan Rows": 923208,
                  "Plan Width": 0,
                  "Actual Startup Time": 408.436,
                  "Actual Total Time": 1145.971,
                  "Actual Rows": 1267189,
                  "Actual Loops": 6,
                  "Inner Unique": false,
                  "Hash Cond": "(mi.movie_id = t.id)",
                  "Plans": [
                    {
                      "Node Type": "Seq Scan",
                      "Parent Relationship": "Outer",
                      "Parallel Aware": true,
                      "Relation Name": "movie_info",
                      "Alias": "mi",
                      "Startup Cost": 0.0,
                      "Total Cost": 191685.19,
                      "Plan Rows": 2969219,
                      "Plan Width": 4,
                      "Actual Startup Time": 0.03,
                      "Actual Total Time": 284.555,
                      "Actual Rows": 2472620,
                      "Actual Loops": 6
                    },
                    {
                      "Node Type": "Hash",
                      "Parent Relationship": "Inner",
                      "Parallel Aware": true,
                      "Startup Cost": 83022.65,
                      "Total Cost": 83022.65,
                      "Plan Rows": 253598,
                      "Plan Width": 8,
                      "Actual Startup Time": 405.095,
                      "Actual Total Time": 405.414,
                      "Actual Rows": 89395,
                      "Actual Loops": 6,
                      "Hash Buckets": 1048576,
                      "Original Hash Buckets": 1048576,
                      "Hash Batches": 1,
                      "Original Hash Batches": 1,
                      "Peak Memory Usage": 29216,
                      "Plans": [
                        {
                          "Node Type": "Hash Join",
                          "Parent Relationship": "Outer",
                          "Parallel Aware": true,
                          "Join Type": "Inner",
                          "Startup Cost": 50851.22,
                          "Total Cost": 83022.65,
                          "Plan Rows": 253598,
                          "Plan Width": 8,
                          "Actual Startup Time": 294.563,
                          "Actual Total Time": 365.47,
                          "Actual Rows": 89395,
                          "Actual Loops": 6,
                          "Inner Unique": true,
                          "Hash Cond": "(mc.movie_id = t.id)",
                          "Plans": [
                            {
                              "Node Type": "Seq Scan",
                              "Parent Relationship": "Outer",
                              "Parallel Aware": true,
                              "Relation Name": "movie_companies",
                              "Alias": "mc",
                              "Startup Cost": 0.0,
                              "Total Cost": 31414.82,
                              "Plan Rows": 288232,
                              "Plan Width": 4,
                              "Actual Startup Time": 24.295,
                              "Actual Total Time": 48.894,
                              "Actual Rows": 96599,
                              "Actual Loops": 6,
                              "Filter": "((company_id < 25176) AND (company_type_id = 2))",
                              "Rows Removed by Filter": 338256
                            },
                            {
                              "Node Type": "Hash",
                              "Parent Relationship": "Inner",
                              "Parallel Aware": true,
                              "Startup Cost": 43899.32,
                              "Total Cost": 43899.32,
                              "Plan Rows": 556152,
                              "Plan Width": 4,
                              "Actual Startup Time": 265.342,
                              "Actual Total Time": 265.344,
                              "Actual Rows": 370762,
                              "Actual Loops": 6,
                              "Hash Buckets": 4194304,
                              "Original Hash Buckets": 4194304,
                              "Hash Batches": 1,
                              "Original Hash Batches": 1,
                              "Peak Memory Usage": 119872,
                              "Plans": [
                                {
                                  "Node Type": "Seq Scan",
                                  "Parent Relationship": "Outer",
                                  "Parallel Aware": true,
                                  "Relation Name": "title",
                                  "Alias": "t",
                                  "Startup Cost": 0.0,
                                  "Total Cost": 43899.32,
                                  "Plan Rows": 556152,
                                  "Plan Width": 4,
                                  "Actual Startup Time": 0.065,
                                  "Actual Total Time": 87.682,
                                  "Actual Rows": 370762,
                                  "Actual Loops": 6,
                                  "Filter": "(production_year < 2012)",
                                  "Rows Removed by Filter": 50624
                                }
                              ]
                            }
                          ]
                        }
                      ]
                    }
                  ]
                }
              ]
            }
          ]
        }
      ]
    },
    "Planning Time": 0.629,
    "Triggers": [],
    "Execution Time": 1271.13
  }
]