[
  {
    "Plan": {
      "Node Type": "Aggregate",
      "Strategy": "Plain",
      "Partial Mode": "Finalize",
      "Parallel Aware": false,
      "Startup Cost": 293117.98,
      "Total Cost": 293117.99,
      "Plan Rows": 1,
      "Plan Width": 8,
      "Actual Startup Time": 1180.799,
      "Actual Total Time": 1229.506,
      "Actual Rows": 1,
      "Actual Loops": 1,
      "Plans": [
        {
          "Node Type": "Gather",
          "Parent Relationship": "Outer",
          "Parallel Aware": false,
          "Startup Cost": 293117.46,
          "Total Cost": 293117.97,
          "Plan Rows": 5,
          "Plan Width": 8,
          "Actual Startup Time": 1171.688,
          "Actual Total Time": 1229.496,
          "Actual Rows": 6,
          "Actual Loops": 1,
          "Workers Planned": 5,
          "Workers Launched": 5,
          "Single Copy": false,
          "Plans": [
            {
              "Node Type": "Aggregate",
              "Strategy": "Plain",
              "Partial Mode": "Partial",
              "Parent Relationship": "Outer",
              "Parallel Aware": false,
              "Startup Cost": 292117.46,
              "Total Cost": 292117.47,
              "Plan Rows": 1,
              "Plan Width": 8,
              "Actual Startup Time": 1160.258,
              "Actual Total Time": 1160.263,
              "Actual Rows": 1,
              "Actual Loops": 6,
              "Plans": [
                {
                  "Node Type": "Hash Join",
                  "Parent Relationship": "Outer",
                  "Parallel Aware": true,
                  "Join Type": "Inner",
                  "Startup Cost": 84837.76,
                  "Total Cost": 289801.65,
                  "Plan Rows": 926322,
                  "Plan Width": 0,
                  "Actual Startup Time": 323.19,
                  "Actual Total Time": 1108.687,
                  "Actual Rows": 1267189,
                  "Actual Loops": 6,
                  "Inner Unique": false,
                  "Hash Cond": "(mi.movie_id = t.id)",
                  "Plans": [
                    {
                      "Node Type": "Seq Scan",
                      "Parent Relationship": "Outer",
                      "Parallel Aware": true,
                      "Relation Name": "movie_info",
                      "Alias": "mi",
                      "Startup Cost": 0.0,
                      "Total Cost": 191560.33,
                      "Plan Rows": 2956733,
                      "Plan Width": 4,
                      "Actual Startup Time": 0.018,
                      "Actual Total Time": 284.619,
                      "Actual Rows": 2472620,
                      "Actual Loops": 6
                    },
                    {
                      "Node Type": "Hash",
                      "Parent Relationship": "Inner",
                      "Parallel Aware": true,
                      "Startup Cost": 82362.46,
                      "Total Cost": 82362.46,
                      "Plan Rows": 198024,
                      "Plan Width": 8,
                      "Actual Startup Time": 318.616,
                      "Actual Total Time": 318.62,
                      "Actual Rows": 89395,
                      "Actual Loops": 6,
                      "Hash Buckets": 1048576,
                      "Original Hash Buckets": 1048576,
                      "Hash Batches": 1,
                      "Original Hash Batches": 1,
                      "Peak Memory Usage": 29280,
                      "Plans": [
                        {
                          "Node Type": "Hash Join",
                          "Parent Relationship": "Outer",
                          "Parallel Aware": true,
                          "Join Type": "Inner",
                          "Startup Cost": 35041.47,
                          "Total Cost": 82362.46,
                          "Plan Rows": 198024,
                          "Plan Width": 8,
                          "Actual Startup Time": 110.819,
                          "Actual Total Time": 279.902,
                          "Actual Rows": 89395,
                          "Actual Loops": 6,
                          "Inner Unique": false,
                          "Hash Cond": "(t.id = mc.movie_id)",
                          "Plans": [
                            {
                              "Node Type": "Seq Scan",
                              "Parent Relationship": "Outer",
                              "Parallel Aware": true,
                              "Relation Name": "title",
                              "Alias": "t",
                              "Startup Cost": 0.0,
                              "Total Cost": 43898.92,
                              "Plan Rows": 556658,
                              "Plan Width": 4,
                              "Actual Startup Time": 0.013,
                              "Actual Total Time": 70.813,
                              "Actual Rows": 370762,
                              "Actual Loops": 6,
                              "Filter": "(production_year < 2012)",
                              "Rows Removed by Filter": 50624
                            },
                            {
                              "Node Type": "Hash",
                              "Parent Relationship": "Inner",
                              "Parallel Aware": true,
                              "Startup Cost": 31414.82,
                              "Total Cost": 31414.82,
                              "Plan Rows": 290132,
                              "Plan Width": 4,
                              "Actual Startup Time": 108.964,
                              "Actual Total Time": 108.965,
                              "Actual Rows": 96599,
                              "Actual Loops": 6,
                              "Hash Buckets": 1048576,
                              "Original Hash Buckets": 1048576,
                              "Hash Batches": 1,
                              "Original Hash Batches": 1,
                              "Peak Memory Usage": 30944,
                              "Plans": [
                                {
                                  "Node Type": "Seq Scan",
                                  "Parent Relationship": "Outer",
                                  "Parallel Aware": true,
                                  "Relation Name": "movie_companies",
                                  "Alias": "mc",
                                  "Startup Cost": 0.0,
                                  "Total Cost": 31414.82,
                                  "Plan Rows": 290132,
                                  "Plan Width": 4,
                                  "Actual Startup Time": 42.58,
                                  "Actual Total Time": 68.053,
                                  "Actual Rows": 96599,
                                  "Actual Loops": 6,
                                  "Filter": "((company_id < 25176) AND (company_type_id = 2))",
                                  "Rows Removed by Filter": 338256
                                }
                              ]
                            }
                          ]
                        }
                      ]
                    }
                  ]
                }
              ]
            }
          ]
        }
      ]
    },
    "Planning Time": 1.407,
    "Triggers": [],
    "Execution Time": 1229.61
  }
]