[
    {
        "Bao": {
            "Bao prediction": "NaN",
            "Bao recommended hint": "(no hint)"
        }
    },
    {
        "Plan": {
            "Node Type": "Aggregate",
            "Strategy": "Plain",
            "Partial Mode": "Finalize",
            "Parallel Aware": false,
            "Startup Cost": 406938.74,
            "Total Cost": 406938.75,
            "Plan Rows": 1,
            "Plan Width": 8,
            "Actual Startup Time": 1212.886,
            "Actual Total Time": 1247.659,
            "Actual Rows": 1,
            "Actual Loops": 1,
            "Output": [
                "count(*)"
            ],
            "Plans": [
                {
                    "Node Type": "Gather",
                    "Parent Relationship": "Outer",
                    "Parallel Aware": false,
                    "Startup Cost": 406938.12,
                    "Total Cost": 406938.73,
                    "Plan Rows": 6,
                    "Plan Width": 8,
                    "Actual Startup Time": 1180.395,
                    "Actual Total Time": 1247.646,
                    "Actual Rows": 7,
                    "Actual Loops": 1,
                    "Output": [
                        "(PARTIAL count(*))"
                    ],
                    "Workers Planned": 6,
                    "Workers Launched": 6,
                    "Single Copy": false,
                    "Plans": [
                        {
                            "Node Type": "Aggregate",
                            "Strategy": "Plain",
                            "Partial Mode": "Partial",
                            "Parent Relationship": "Outer",
                            "Parallel Aware": false,
                            "Startup Cost": 405938.12,
                            "Total Cost": 405938.13,
                            "Plan Rows": 1,
                            "Plan Width": 8,
                            "Actual Startup Time": 1169.581,
                            "Actual Total Time": 1170.154,
                            "Actual Rows": 1,
                            "Actual Loops": 7,
                            "Output": [
                                "PARTIAL count(*)"
                            ],
                            "Workers": [
                                {
                                    "Worker Number": 0,
                                    "Actual Startup Time": 1167.46,
                                    "Actual Total Time": 1167.465,
                                    "Actual Rows": 1,
                                    "Actual Loops": 1
                                },
                                {
                                    "Worker Number": 1,
                                    "Actual Startup Time": 1167.696,
                                    "Actual Total Time": 1167.7,
                                    "Actual Rows": 1,
                                    "Actual Loops": 1
                                },
                                {
                                    "Worker Number": 2,
                                    "Actual Startup Time": 1167.684,
                                    "Actual Total Time": 1167.689,
                                    "Actual Rows": 1,
                                    "Actual Loops": 1
                                },
                                {
                                    "Worker Number": 3,
                                    "Actual Startup Time": 1167.61,
                                    "Actual Total Time": 1167.614,
                                    "Actual Rows": 1,
                                    "Actual Loops": 1
                                },
                                {
                                    "Worker Number": 4,
                                    "Actual Startup Time": 1169.143,
                                    "Actual Total Time": 1169.148,
                                    "Actual Rows": 1,
                                    "Actual Loops": 1
                                },
                                {
                                    "Worker Number": 5,
                                    "Actual Startup Time": 1167.564,
                                    "Actual Total Time": 1167.569,
                                    "Actual Rows": 1,
                                    "Actual Loops": 1
                                }
                            ],
                            "Plans": [
                                {
                                    "Node Type": "Hash Join",
                                    "Parent Relationship": "Outer",
                                    "Parallel Aware": true,
                                    "Join Type": "Inner",
                                    "Startup Cost": 72602.05,
                                    "Total Cost": 404992.1,
                                    "Plan Rows": 378405,
                                    "Plan Width": 0,
                                    "Actual Startup Time": 777.036,
                                    "Actual Total Time": 1133.411,
                                    "Actual Rows": 802761,
                                    "Actual Loops": 7,
                                    "Inner Unique": false,
                                    "Hash Cond": "(ci.movie_id = t.id)",
                                    "Workers": [
                                        {
                                            "Worker Number": 0,
                                            "Actual Startup Time": 775.186,
                                            "Actual Total Time": 1134.044,
                                            "Actual Rows": 849851,
                                            "Actual Loops": 1
                                        },
                                        {
                                            "Worker Number": 1,
                                            "Actual Startup Time": 775.33,
                                            "Actual Total Time": 1131.508,
                                            "Actual Rows": 885366,
                                            "Actual Loops": 1
                                        },
                                        {
                                            "Worker Number": 2,
                                            "Actual Startup Time": 775.324,
                                            "Actual Total Time": 1132.101,
                                            "Actual Rows": 863543,
                                            "Actual Loops": 1
                                        },
                                        {
                                            "Worker Number": 3,
                                            "Actual Startup Time": 775.306,
                                            "Actual Total Time": 1129.088,
                                            "Actual Rows": 600513,
                                            "Actual Loops": 1
                                        },
                                        {
                                            "Worker Number": 4,
                                            "Actual Startup Time": 775.254,
                                            "Actual Total Time": 1133.421,
                                            "Actual Rows": 873900,
                                            "Actual Loops": 1
                                        },
                                        {
                                            "Worker Number": 5,
                                            "Actual Startup Time": 775.263,
                                            "Actual Total Time": 1129.325,
                                            "Actual Rows": 595670,
                                            "Actual Loops": 1
                                        }
                                    ],
                                    "Plans": [
                                        {
                                            "Node Type": "Seq Scan",
                                            "Parent Relationship": "Outer",
                                            "Parallel Aware": true,
                                            "Relation Name": "cast_info",
                                            "Schema": "public",
                                            "Alias": "ci",
                                            "Startup Cost": 0.0,
                                            "Total Cost": 328213.62,
                                            "Plan Rows": 693265,
                                            "Plan Width": 4,
                                            "Actual Startup Time": 372.41,
                                            "Actual Total Time": 505.627,
                                            "Actual Rows": 591822,
                                            "Actual Loops": 7,
                                            "Output": [
                                                "ci.id",
                                                "ci.person_id",
                                                "ci.movie_id",
                                                "ci.person_role_id",
                                                "ci.note",
                                                "ci.nr_order",
                                                "ci.role_id"
                                            ],
                                            "Filter": "(ci.person_id > 3298943)",
                                            "Rows Removed by Filter": 4585941,
                                            "Workers": [
                                                {
                                                    "Worker Number": 0,
                                                    "Actual Startup Time": 372.437,
                                                    "Actual Total Time": 506.264,
                                                    "Actual Rows": 625004,
                                                    "Actual Loops": 1
                                                },
                                                {
                                                    "Worker Number": 1,
                                                    "Actual Startup Time": 372.412,
                                                    "Actual Total Time": 506.09,
                                                    "Actual Rows": 649472,
                                                    "Actual Loops": 1
                                                },
                                                {
                                                    "Worker Number": 2,
                                                    "Actual Startup Time": 372.344,
                                                    "Actual Total Time": 505.262,
                                                    "Actual Rows": 635380,
                                                    "Actual Loops": 1
                                                },
                                                {
                                                    "Worker Number": 3,
                                                    "Actual Startup Time": 372.424,
                                                    "Actual Total Time": 515.111,
                                                    "Actual Rows": 442587,
                                                    "Actual Loops": 1
                                                },
                                                {
                                                    "Worker Number": 4,
                                                    "Actual Startup Time": 372.42,
                                                    "Actual Total Time": 506.327,
                                                    "Actual Rows": 645825,
                                                    "Actual Loops": 1
                                                },
                                                {
                                                    "Worker Number": 5,
                                                    "Actual Startup Time": 372.412,
                                                    "Actual Total Time": 513.984,
                                                    "Actual Rows": 439058,
                                                    "Actual Loops": 1
                                                }
                                            ]
                                        },
                                        {
                                            "Node Type": "Hash",
                                            "Parent Relationship": "Inner",
                                            "Parallel Aware": true,
                                            "Startup Cost": 65414.37,
                                            "Total Cost": 65414.37,
                                            "Plan Rows": 575015,
                                            "Plan Width": 8,
                                            "Actual Startup Time": 401.056,
                                            "Actual Total Time": 401.627,
                                            "Actual Rows": 197148,
                                            "Actual Loops": 7,
                                            "Output": [
                                                "t.id",
                                                "mi_idx.movie_id"
                                            ],
                                            "Hash Buckets": 2097152,
                                            "Original Hash Buckets": 2097152,
                                            "Hash Batches": 1,
                                            "Original Hash Batches": 1,
                                            "Peak Memory Usage": 70496,
                                            "Workers": [
                                                {
                                                    "Worker Number": 0,
                                                    "Actual Startup Time": 401.932,
                                                    "Actual Total Time": 401.935,
                                                    "Actual Rows": 213912,
                                                    "Actual Loops": 1
                                                },
                                                {
                                                    "Worker Number": 1,
                                                    "Actual Startup Time": 402.001,
                                                    "Actual Total Time": 402.005,
                                                    "Actual Rows": 215151,
                                                    "Actual Loops": 1
                                                },
                                                {
                                                    "Worker Number": 2,
                                                    "Actual Startup Time": 401.897,
                                                    "Actual Total Time": 401.9,
                                                    "Actual Rows": 212027,
                                                    "Actual Loops": 1
                                                },
                                                {
                                                    "Worker Number": 3,
                                                    "Actual Startup Time": 401.987,
                                                    "Actual Total Time": 401.99,
                                                    "Actual Rows": 150451,
                                                    "Actual Loops": 1
                                                },
                                                {
                                                    "Worker Number": 4,
                                                    "Actual Startup Time": 402.002,
                                                    "Actual Total Time": 402.005,
                                                    "Actual Rows": 214088,
                                                    "Actual Loops": 1
                                                },
                                                {
                                                    "Worker Number": 5,
                                                    "Actual Startup Time": 401.984,
                                                    "Actual Total Time": 401.987,
                                                    "Actual Rows": 148989,
                                                    "Actual Loops": 1
                                                }
                                            ],
                                            "Plans": [
                                                {
                                                    "Node Type": "Hash Join",
                                                    "Parent Relationship": "Outer",
                                                    "Parallel Aware": true,
                                                    "Join Type": "Inner",
                                                    "Startup Cost": 50219.81,
                                                    "Total Cost": 65414.37,
                                                    "Plan Rows": 575015,
                                                    "Plan Width": 8,
                                                    "Actual Startup Time": 254.714,
                                                    "Actual Total Time": 337.341,
                                                    "Actual Rows": 197148,
                                                    "Actual Loops": 7,
                                                    "Output": [
                                                        "t.id",
                                                        "mi_idx.movie_id"
                                                    ],
                                                    "Inner Unique": true,
                                                    "Hash Cond": "(mi_idx.movie_id = t.id)",
                                                    "Workers": [
                                                        {
                                                            "Worker Number": 0,
                                                            "Actual Startup Time": 254.753,
                                                            "Actual Total Time": 336.121,
                                                            "Actual Rows": 213912,
                                                            "Actual Loops": 1
                                                        },
                                                        {
                                                            "Worker Number": 1,
                                                            "Actual Startup Time": 254.743,
                                                            "Actual Total Time": 336.656,
                                                            "Actual Rows": 215151,
                                                            "Actual Loops": 1
                                                        },
                                                        {
                                                            "Worker Number": 2,
                                                            "Actual Startup Time": 254.579,
                                                            "Actual Total Time": 338.273,
                                                            "Actual Rows": 212027,
                                                            "Actual Loops": 1
                                                        },
                                                        {
                                                            "Worker Number": 3,
                                                            "Actual Startup Time": 254.765,
                                                            "Actual Total Time": 336.44,
                                                            "Actual Rows": 150451,
                                                            "Actual Loops": 1
                                                        },
                                                        {
                                                            "Worker Number": 4,
                                                            "Actual Startup Time": 254.711,
                                                            "Actual Total Time": 336.741,
                                                            "Actual Rows": 214088,
                                                            "Actual Loops": 1
                                                        },
                                                        {
                                                            "Worker Number": 5,
                                                            "Actual Startup Time": 254.765,
                                                            "Actual Total Time": 336.408,
                                                            "Actual Rows": 148989,
                                                            "Actual Loops": 1
                                                        }
                                                    ],
                                                    "Plans": [
                                                        {
                                                            "Node Type": "Seq Scan",
                                                            "Parent Relationship": "Outer",
                                                            "Parallel Aware": true,
                                                            "Relation Name": "movie_info_idx",
                                                            "Schema": "public",
                                                            "Alias": "mi_idx",
                                                            "Startup Cost": 0.0,
                                                            "Total Cost": 13685.15,
                                                            "Plan Rows": 575015,
                                                            "Plan Width": 4,
                                                            "Actual Startup Time": 0.028,
                                                            "Actual Total Time": 20.805,
                                                            "Actual Rows": 197148,
                                                            "Actual Loops": 7,
                                                            "Output": [
                                                                "mi_idx.id",
                                                                "mi_idx.movie_id",
                                                                "mi_idx.info_type_id",
                                                                "mi_idx.info",
                                                                "mi_idx.note"
                                                            ],
                                                            "Workers": [
                                                                {
                                                                    "Worker Number": 0,
                                                                    "Actual Startup Time": 0.031,
                                                                    "Actual Total Time": 20.607,
                                                                    "Actual Rows": 213912,
                                                                    "Actual Loops": 1
                                                                },
                                                                {
                                                                    "Worker Number": 1,
                                                                    "Actual Startup Time": 0.031,
                                                                    "Actual Total Time": 21.215,
                                                                    "Actual Rows": 215151,
                                                                    "Actual Loops": 1
                                                                },
                                                                {
                                                                    "Worker Number": 2,
                                                                    "Actual Startup Time": 0.028,
                                                                    "Actual Total Time": 21.175,
                                                                    "Actual Rows": 212027,
                                                                    "Actual Loops": 1
                                                                },
                                                                {
                                                                    "Worker Number": 3,
                                                                    "Actual Startup Time": 0.037,
                                                                    "Actual Total Time": 21.791,
                                                                    "Actual Rows": 150451,
                                                                    "Actual Loops": 1
                                                                },
                                                                {
                                                                    "Worker Number": 4,
                                                                    "Actual Startup Time": 0.024,
                                                                    "Actual Total Time": 21.11,
                                                                    "Actual Rows": 214088,
                                                                    "Actual Loops": 1
                                                                },
                                                                {
                                                                    "Worker Number": 5,
                                                                    "Actual Startup Time": 0.038,
                                                                    "Actual Total Time": 21.56,
                                                                    "Actual Rows": 148989,
                                                                    "Actual Loops": 1
                                                                }
                                                            ]
                                                        },
                                                        {
                                                            "Node Type": "Hash",
                                                            "Parent Relationship": "Inner",
                                                            "Parallel Aware": true,
                                                            "Startup Cost": 42318.81,
                                                            "Total Cost": 42318.81,
                                                            "Plan Rows": 632080,
                                                            "Plan Width": 4,
                                                            "Actual Startup Time": 250.978,
                                                            "Actual Total Time": 250.979,
                                                            "Actual Rows": 361187,
                                                            "Actual Loops": 7,
                                                            "Output": [
                                                                "t.id"
                                                            ],
                                                            "Hash Buckets": 4194304,
                                                            "Original Hash Buckets": 4194304,
                                                            "Hash Batches": 1,
                                                            "Original Hash Batches": 1,
                                                            "Peak Memory Usage": 131808,
                                                            "Workers": [
                                                                {
                                                                    "Worker Number": 0,
                                                                    "Actual Startup Time": 254.47,
                                                                    "Actual Total Time": 254.471,
                                                                    "Actual Rows": 372606,
                                                                    "Actual Loops": 1
                                                                },
                                                                {
                                                                    "Worker Number": 1,
                                                                    "Actual Startup Time": 254.462,
                                                                    "Actual Total Time": 254.463,
                                                                    "Actual Rows": 375293,
                                                                    "Actual Loops": 1
                                                                },
                                                                {
                                                                    "Worker Number": 2,
                                                                    "Actual Startup Time": 254.46,
                                                                    "Actual Total Time": 254.461,
                                                                    "Actual Rows": 371655,
                                                                    "Actual Loops": 1
                                                                },
                                                                {
                                                                    "Worker Number": 3,
                                                                    "Actual Startup Time": 254.465,
                                                                    "Actual Total Time": 254.466,
                                                                    "Actual Rows": 284115,
                                                                    "Actual Loops": 1
                                                                },
                                                                {
                                                                    "Worker Number": 4,
                                                                    "Actual Startup Time": 254.431,
                                                                    "Actual Total Time": 254.432,
                                                                    "Actual Rows": 369975,
                                                                    "Actual Loops": 1
                                                                },
                                                                {
                                                                    "Worker Number": 5,
                                                                    "Actual Startup Time": 254.458,
                                                                    "Actual Total Time": 254.46,
                                                                    "Actual Rows": 283416,
                                                                    "Actual Loops": 1
                                                                }
                                                            ],
                                                            "Plans": [
                                                                {
                                                                    "Node Type": "Seq Scan",
                                                                    "Parent Relationship": "Outer",
                                                                    "Parallel Aware": true,
                                                                    "Relation Name": "title",
                                                                    "Schema": "public",
                                                                    "Alias": "t",
                                                                    "Startup Cost": 0.0,
                                                                    "Total Cost": 42318.81,
                                                                    "Plan Rows": 632080,
                                                                    "Plan Width": 4,
                                                                    "Actual Startup Time": 0.055,
                                                                    "Actual Total Time": 69.832,
                                                                    "Actual Rows": 361187,
                                                                    "Actual Loops": 7,
                                                                    "Output": [
                                                                        "t.id"
                                                                    ],
                                                                    "Workers": [
                                                                        {
                                                                            "Worker Number": 0,
                                                                            "Actual Startup Time": 0.06,
                                                                            "Actual Total Time": 69.236,
                                                                            "Actual Rows": 372606,
                                                                            "Actual Loops": 1
                                                                        },
                                                                        {
                                                                            "Worker Number": 1,
                                                                            "Actual Startup Time": 0.078,
                                                                            "Actual Total Time": 71.571,
                                                                            "Actual Rows": 375293,
                                                                            "Actual Loops": 1
                                                                        },
                                                                        {
                                                                            "Worker Number": 2,
                                                                            "Actual Startup Time": 0.072,
                                                                            "Actual Total Time": 71.374,
                                                                            "Actual Rows": 371655,
                                                                            "Actual Loops": 1
                                                                        },
                                                                        {
                                                                            "Worker Number": 3,
                                                                            "Actual Startup Time": 0.05,
                                                                            "Actual Total Time": 74.787,
                                                                            "Actual Rows": 284115,
                                                                            "Actual Loops": 1
                                                                        },
                                                                        {
                                                                            "Worker Number": 4,
                                                                            "Actual Startup Time": 0.051,
                                                                            "Actual Total Time": 70.654,
                                                                            "Actual Rows": 369975,
                                                                            "Actual Loops": 1
                                                                        },
                                                                        {
                                                                            "Worker Number": 5,
                                                                            "Actual Startup Time": 0.062,
                                                                            "Actual Total Time": 74.378,
                                                                            "Actual Rows": 283416,
                                                                            "Actual Loops": 1
                                                                        }
                                                                    ]
                                                                }
                                                            ]
                                                        }
                                                    ]
                                                }
                                            ]
                                        }
                                    ]
                                }
                            ]
                        }
                    ]
                }
            ]
        },
        "Planning Time": 248.967,
        "Triggers": [],
        "Execution Time": 1247.735
    }
]