[
  {
    "Plan": {
      "Node Type": "Aggregate",
      "Strategy": "Plain",
      "Partial Mode": "Finalize",
      "Parallel Aware": false,
      "Startup Cost": 46552.54,
      "Total Cost": 46552.55,
      "Plan Rows": 1,
      "Plan Width": 8,
      "Actual Startup Time": 163.869,
      "Actual Total Time": 170.857,
      "Actual Rows": 1,
      "Actual Loops": 1,
      "Plans": [
        {
          "Node Type": "Gather",
          "Parent Relationship": "Outer",
          "Parallel Aware": false,
          "Startup Cost": 46552.22,
          "Total Cost": 46552.53,
          "Plan Rows": 3,
          "Plan Width": 8,
          "Actual Startup Time": 163.728,
          "Actual Total Time": 170.847,
          "Actual Rows": 4,
          "Actual Loops": 1,
          "Workers Planned": 3,
          "Workers Launched": 3,
          "Single Copy": false,
          "Plans": [
            {
              "Node Type": "Aggregate",
              "Strategy": "Plain",
              "Partial Mode": "Partial",
              "Parent Relationship": "Outer",
              "Parallel Aware": false,
              "Startup Cost": 45552.22,
              "Total Cost": 45552.23,
              "Plan Rows": 1,
              "Plan Width": 8,
              "Actual Startup Time": 158.339,
              "Actual Total Time": 158.341,
              "Actual Rows": 1,
              "Actual Loops": 4,
              "Plans": [
                {
                  "Node Type": "Seq Scan",
                  "Parent Relationship": "Outer",
                  "Parallel Aware": true,
                  "Relation Name": "movie_keyword",
                  "Alias": "mk",
                  "Startup Cost": 0.0,
                  "Total Cost": 42695.65,
                  "Plan Rows": 1142628,
                  "Plan Width": 0,
                  "Actual Startup Time": 0.038,
                  "Actual Total Time": 118.368,
                  "Actual Rows": 886673,
                  "Actual Loops": 4,
                  "Filter": "(keyword_id < 19118)",
                  "Rows Removed by Filter": 244310
                }
              ]
            }
          ]
        }
      ]
    },
    "Planning Time": 0.088,
    "Triggers": [],
    "Execution Time": 170.888
  }
]