[
  {
    "Plan": {
      "Node Type": "Aggregate",
      "Strategy": "Plain",
      "Partial Mode": "Finalize",
      "Parallel Aware": false,
      "Startup Cost": 254112.49,
      "Total Cost": 254112.5,
      "Plan Rows": 1,
      "Plan Width": 8,
      "Actual Startup Time": 886.569,
      "Actual Total Time": 918.43,
      "Actual Rows": 1,
      "Actual Loops": 1,
      "Plans": [
        {
          "Node Type": "Gather",
          "Parent Relationship": "Outer",
          "Parallel Aware": false,
          "Startup Cost": 254111.87,
          "Total Cost": 254112.48,
          "Plan Rows": 6,
          "Plan Width": 8,
          "Actual Startup Time": 873.595,
          "Actual Total Time": 918.418,
          "Actual Rows": 7,
          "Actual Loops": 1,
          "Workers Planned": 6,
          "Workers Launched": 6,
          "Single Copy": false,
          "Plans": [
            {
              "Node Type": "Aggregate",
              "Strategy": "Plain",
              "Partial Mode": "Partial",
              "Parent Relationship": "Outer",
              "Parallel Aware": false,
              "Startup Cost": 253111.87,
              "Total Cost": 253111.88,
              "Plan Rows": 1,
              "Plan Width": 8,
              "Actual Startup Time": 861.069,
              "Actual Total Time": 861.073,
              "Actual Rows": 1,
              "Actual Loops": 7,
              "Plans": [
                {
                  "Node Type": "Hash Join",
                  "Parent Relationship": "Outer",
                  "Parallel Aware": true,
                  "Join Type": "Inner",
                  "Startup Cost": 48718.37,
                  "Total Cost": 252189.91,
                  "Plan Rows": 368783,
                  "Plan Width": 0,
                  "Actual Startup Time": 247.464,
                  "Actual Total Time": 833.006,
                  "Actual Rows": 549384,
                  "Actual Loops": 7,
                  "Inner Unique": true,
                  "Hash Cond": "(ci.movie_id = t.id)",
                  "Plans": [
                    {
                      "Node Type": "Index Scan",
                      "Parent Relationship": "Outer",
                      "Parallel Aware": true,
                      "Scan Direction": "Forward",
                      "Index Name": "role_id_cast_info",
                      "Relation Name": "cast_info",
                      "Alias": "ci",
                      "Startup Cost": 0.56,
                      "Total Cost": 201884.69,
                      "Plan Rows": 604728,
                      "Plan Width": 4,
                      "Actual Startup Time": 40.479,
                      "Actual Total Time": 260.466,
                      "Actual Rows": 892276,
                      "Actual Loops": 7,
                      "Index Cond": "(role_id = 2)",
                      "Rows Removed by Index Recheck": 0,
                      "Filter": "(person_id > 1889814)",
                      "Rows Removed by Filter": 172291
                    },
                    {
                      "Node Type": "Hash",
                      "Parent Relationship": "Inner",
                      "Parallel Aware": true,
                      "Startup Cost": 43899.32,
                      "Total Cost": 43899.32,
                      "Plan Rows": 385479,
                      "Plan Width": 4,
                      "Actual Startup Time": 203.374,
                      "Actual Total Time": 203.375,
                      "Actual Rows": 220466,
                      "Actual Loops": 7,
                      "Hash Buckets": 2097152,
                      "Original Hash Buckets": 2097152,
                      "Hash Batches": 1,
                      "Original Hash Batches": 1,
                      "Peak Memory Usage": 76864,
                      "Plans": [
                        {
                          "Node Type": "Seq Scan",
                          "Parent Relationship": "Outer",
                          "Parallel Aware": true,
                          "Relation Name": "title",
                          "Alias": "t",
                          "Startup Cost": 0.0,
                          "Total Cost": 43899.32,
                          "Plan Rows": 385479,
                          "Plan Width": 4,
                          "Actual Startup Time": 0.045,
                          "Actual Total Time": 89.548,
                          "Actual Rows": 220466,
                          "Actual Loops": 7,
                          "Filter": "(kind_id = 7)",
                          "Rows Removed by Filter": 140721
                        }
                      ]
                    }
                  ]
                }
              ]
            }
          ]
        }
      ]
    },
    "Planning Time": 0.247,
    "Triggers": [],
    "Execution Time": 918.473
  }
]