{
  "Plan": {
    "Node Type": "Aggregate",
    "Strategy": "Plain",
    "Partial Mode": "Finalize",
    "Parallel Aware": false,
    "Startup Cost": 304796.68,
    "Total Cost": 304796.69,
    "Plan Rows": 1,
    "Plan Width": 8,
    "Actual Startup Time": 1319.031,
    "Actual Total Time": 1333.471,
    "Actual Rows": 1,
    "Actual Loops": 1,
    "Plans": [
      {
        "Node Type": "Gather",
        "Parent Relationship": "Outer",
        "Parallel Aware": false,
        "Startup Cost": 304796.56,
        "Total Cost": 304796.67,
        "Plan Rows": 1,
        "Plan Width": 8,
        "Actual Startup Time": 1315.34,
        "Actual Total Time": 1333.465,
        "Actual Rows": 2,
        "Actual Loops": 1,
        "Workers Planned": 1,
        "Workers Launched": 1,
        "Single Copy": false,
        "Plans": [
          {
            "Node Type": "Aggregate",
            "Strategy": "Plain",
            "Partial Mode": "Partial",
            "Parent Relationship": "Outer",
            "Parallel Aware": false,
            "Startup Cost": 303796.56,
            "Total Cost": 303796.57,
            "Plan Rows": 1,
            "Plan Width": 8,
            "Actual Startup Time": 1305.09,
            "Actual Total Time": 1305.096,
            "Actual Rows": 1,
            "Actual Loops": 2,
            "Plans": [
              {
                "Node Type": "Hash Join",
                "Parent Relationship": "Outer",
                "Parallel Aware": true,
                "Join Type": "Inner",
                "Startup Cost": 241341.85,
                "Total Cost": 303568.24,
                "Plan Rows": 91331,
                "Plan Width": 0,
                "Actual Startup Time": 490.035,
                "Actual Total Time": 1092.101,
                "Actual Rows": 5517584,
                "Actual Loops": 2,
                "Inner Unique": false,
                "Hash Cond": "(mk.movie_id = t.id)",
                "Plans": [
                  {
                    "Node Type": "Seq Scan",
                    "Parent Relationship": "Outer",
                    "Parallel Aware": true,
                    "Relation Name": "movie_keyword",
                    "Alias": "mk",
                    "Startup Cost": 0.0,
                    "Total Cost": 57718.19,
                    "Plan Rows": 1058921,
                    "Plan Width": 4,
                    "Actual Startup Time": 0.652,
                    "Actual Total Time": 166.764,
                    "Actual Rows": 903080,
                    "Actual Loops": 2,
                    "Filter": "(keyword_id > 7680)",
                    "Rows Removed by Filter": 1358886
                  },
                  {
                    "Node Type": "Hash",
                    "Parent Relationship": "Inner",
                    "Parallel Aware": true,
                    "Startup Cost": 239738.44,
                    "Total Cost": 239738.44,
                    "Plan Rows": 128273,
                    "Plan Width": 8,
                    "Actual Startup Time": 485.537,
                    "Actual Total Time": 485.542,
                    "Actual Rows": 136806,
                    "Actual Loops": 2,
                    "Hash Buckets": 524288,
                    "Original Hash Buckets": 262144,
                    "Hash Batches": 1,
                    "Original Hash Batches": 1,
                    "Peak Memory Usage": 16864,
                    "Plans": [
                      {
                        "Node Type": "Hash Join",
                        "Parent Relationship": "Outer",
                        "Parallel Aware": true,
                        "Join Type": "Inner",
                        "Startup Cost": 73285.66,
                        "Total Cost": 239738.44,
                        "Plan Rows": 128273,
                        "Plan Width": 8,
                        "Actual Startup Time": 411.941,
                        "Actual Total Time": 457.528,
                        "Actual Rows": 136806,
                        "Actual Loops": 2,
                        "Inner Unique": true,
                        "Hash Cond": "(mi.movie_id = t.id)",
                        "Plans": [
                          {
                            "Node Type": "Bitmap Heap Scan",
                            "Parent Relationship": "Outer",
                            "Parallel Aware": true,
                            "Relation Name": "movie_info",
                            "Alias": "mi",
                            "Startup Cost": 5618.66,
                            "Total Cost": 171592.82,
                            "Plan Rows": 182332,
                            "Plan Width": 4,
                            "Actual Startup Time": 10.084,
                            "Actual Total Time": 28.791,
                            "Actual Rows": 153394,
                            "Actual Loops": 2,
                            "Recheck Cond": "(info_type_id > 105)",
                            "Rows Removed by Index Recheck": 0,
                            "Exact Heap Blocks": 2782,
                            "Lossy Heap Blocks": 0,
                            "Plans": [
                              {
                                "Node Type": "Bitmap Index Scan",
                                "Parent Relationship": "Outer",
                                "Parallel Aware": false,
                                "Index Name": "info_type_id_movie_info",
                                "Startup Cost": 0.0,
                                "Total Cost": 5541.16,
                                "Plan Rows": 309964,
                                "Plan Width": 0,
                                "Actual Startup Time": 9.362,
                                "Actual Total Time": 9.363,
                                "Actual Rows": 306788,
                                "Actual Loops": 1,
                                "Index Cond": "(info_type_id > 105)"
                              }
                            ]
                          },
                          {
                            "Node Type": "Hash",
                            "Parent Relationship": "Inner",
                            "Parallel Aware": true,
                            "Startup Cost": 54588.39,
                            "Total Cost": 54588.39,
                            "Plan Rows": 1046289,
                            "Plan Width": 4,
                            "Actual Startup Time": 388.258,
                            "Actual Total Time": 388.259,
                            "Actual Rows": 886036,
                            "Actual Loops": 2,
                            "Hash Buckets": 2097152,
                            "Original Hash Buckets": 2097152,
                            "Hash Batches": 1,
                            "Original Hash Batches": 1,
                            "Peak Memory Usage": 85728,
                            "Plans": [
                              {
                                "Node Type": "Seq Scan",
                                "Parent Relationship": "Outer",
                                "Parallel Aware": true,
                                "Relation Name": "title",
                                "Alias": "t",
                                "Startup Cost": 0.0,
                                "Total Cost": 54588.39,
                                "Plan Rows": 1046289,
                                "Plan Width": 4,
                                "Actual Startup Time": 0.027,
                                "Actual Total Time": 166.347,
                                "Actual Rows": 886036,
                                "Actual Loops": 2,
                                "Filter": "(production_year > 1989)",
                                "Rows Removed by Filter": 378120
                              }
                            ]
                          }
                        ]
                      }
                    ]
                  }
                ]
              }
            ]
          }
        ]
      }
    ]
  },
  "Planning Time": 0.896,
  "Triggers": [],
  "Execution Time": 1333.571
}