[
  {
    "Plan": {
      "Node Type": "Aggregate",
      "Strategy": "Plain",
      "Partial Mode": "Finalize",
      "Parallel Aware": false,
      "Startup Cost": 346498.16,
      "Total Cost": 346498.17,
      "Plan Rows": 1,
      "Plan Width": 8,
      "Actual Startup Time": 666.995,
      "Actual Total Time": 731.545,
      "Actual Rows": 1,
      "Actual Loops": 1,
      "Plans": [
        {
          "Node Type": "Gather",
          "Parent Relationship": "Outer",
          "Parallel Aware": false,
          "Startup Cost": 346497.53,
          "Total Cost": 346498.14,
          "Plan Rows": 6,
          "Plan Width": 8,
          "Actual Startup Time": 666.808,
          "Actual Total Time": 731.533,
          "Actual Rows": 7,
          "Actual Loops": 1,
          "Workers Planned": 6,
          "Workers Launched": 6,
          "Single Copy": false,
          "Plans": [
            {
              "Node Type": "Aggregate",
              "Strategy": "Plain",
              "Partial Mode": "Partial",
              "Parent Relationship": "Outer",
              "Parallel Aware": false,
              "Startup Cost": 345497.53,
              "Total Cost": 345497.54,
              "Plan Rows": 1,
              "Plan Width": 8,
              "Actual Startup Time": 658.627,
              "Actual Total Time": 658.629,
              "Actual Rows": 1,
              "Actual Loops": 7,
              "Plans": [
                {
                  "Node Type": "Seq Scan",
                  "Parent Relationship": "Outer",
                  "Parallel Aware": true,
                  "Relation Name": "cast_info",
                  "Alias": "ci",
                  "Startup Cost": 0.0,
                  "Total Cost": 343316.27,
                  "Plan Rows": 872504,
                  "Plan Width": 0,
                  "Actual Startup Time": 228.685,
                  "Actual Total Time": 642.602,
                  "Actual Rows": 325152,
                  "Actual Loops": 7,
                  "Filter": "((person_id < 799707) AND (role_id > 1))",
                  "Rows Removed by Filter": 4852611
                }
              ]
            }
          ]
        }
      ]
    },
    "Planning Time": 0.218,
    "Triggers": [],
    "Execution Time": 731.616
  }
]