[
    {
        "Bao": {
            "Bao prediction": "NaN",
            "Bao recommended hint": "(no hint)"
        }
    },
    {
        "Plan": {
            "Node Type": "Aggregate",
            "Strategy": "Plain",
            "Partial Mode": "Finalize",
            "Parallel Aware": false,
            "Startup Cost": 28852.97,
            "Total Cost": 28852.98,
            "Plan Rows": 1,
            "Plan Width": 8,
            "Actual Startup Time": 71.927,
            "Actual Total Time": 75.705,
            "Actual Rows": 1,
            "Actual Loops": 1,
            "Output": [
                "count(*)"
            ],
            "Plans": [
                {
                    "Node Type": "Gather",
                    "Parent Relationship": "Outer",
                    "Parallel Aware": false,
                    "Startup Cost": 28852.65,
                    "Total Cost": 28852.96,
                    "Plan Rows": 3,
                    "Plan Width": 8,
                    "Actual Startup Time": 71.733,
                    "Actual Total Time": 75.699,
                    "Actual Rows": 4,
                    "Actual Loops": 1,
                    "Output": [
                        "(PARTIAL count(*))"
                    ],
                    "Workers Planned": 3,
                    "Workers Launched": 3,
                    "Single Copy": false,
                    "Plans": [
                        {
                            "Node Type": "Aggregate",
                            "Strategy": "Plain",
                            "Partial Mode": "Partial",
                            "Parent Relationship": "Outer",
                            "Parallel Aware": false,
                            "Startup Cost": 27852.65,
                            "Total Cost": 27852.66,
                            "Plan Rows": 1,
                            "Plan Width": 8,
                            "Actual Startup Time": 63.288,
                            "Actual Total Time": 63.289,
                            "Actual Rows": 1,
                            "Actual Loops": 4,
                            "Output": [
                                "PARTIAL count(*)"
                            ],
                            "Workers": [
                                {
                                    "Worker Number": 0,
                                    "Actual Startup Time": 60.428,
                                    "Actual Total Time": 60.43,
                                    "Actual Rows": 1,
                                    "Actual Loops": 1
                                },
                                {
                                    "Worker Number": 1,
                                    "Actual Startup Time": 60.632,
                                    "Actual Total Time": 60.633,
                                    "Actual Rows": 1,
                                    "Actual Loops": 1
                                },
                                {
                                    "Worker Number": 2,
                                    "Actual Startup Time": 60.884,
                                    "Actual Total Time": 60.885,
                                    "Actual Rows": 1,
                                    "Actual Loops": 1
                                }
                            ],
                            "Plans": [
                                {
                                    "Node Type": "Bitmap Heap Scan",
                                    "Parent Relationship": "Outer",
                                    "Parallel Aware": true,
                                    "Relation Name": "movie_keyword",
                                    "Schema": "public",
                                    "Alias": "mk",
                                    "Startup Cost": 2767.44,
                                    "Total Cost": 27747.45,
                                    "Plan Rows": 42081,
                                    "Plan Width": 0,
                                    "Actual Startup Time": 20.622,
                                    "Actual Total Time": 60.858,
                                    "Actual Rows": 30487,
                                    "Actual Loops": 4,
                                    "Recheck Cond": "(mk.keyword_id > 77671)",
                                    "Rows Removed by Index Recheck": 0,
                                    "Exact Heap Blocks": 11847,
                                    "Lossy Heap Blocks": 0,
                                    "Workers": [
                                        {
                                            "Worker Number": 0,
                                            "Actual Startup Time": 17.964,
                                            "Actual Total Time": 58.455,
                                            "Actual Rows": 14255,
                                            "Actual Loops": 1
                                        },
                                        {
                                            "Worker Number": 1,
                                            "Actual Startup Time": 18.071,
                                            "Actual Total Time": 58.71,
                                            "Actual Rows": 14593,
                                            "Actual Loops": 1
                                        },
                                        {
                                            "Worker Number": 2,
                                            "Actual Startup Time": 18.2,
                                            "Actual Total Time": 58.893,
                                            "Actual Rows": 15090,
                                            "Actual Loops": 1
                                        }
                                    ],
                                    "Plans": [
                                        {
                                            "Node Type": "Bitmap Index Scan",
                                            "Parent Relationship": "Outer",
                                            "Parallel Aware": false,
                                            "Index Name": "keyword_id_movie_keyword",
                                            "Startup Cost": 0.0,
                                            "Total Cost": 2734.82,
                                            "Plan Rows": 130452,
                                            "Plan Width": 0,
                                            "Actual Startup Time": 21.51,
                                            "Actual Total Time": 21.511,
                                            "Actual Rows": 121949,
                                            "Actual Loops": 1,
                                            "Index Cond": "(mk.keyword_id > 77671)"
                                        }
                                    ]
                                }
                            ]
                        }
                    ]
                }
            ]
        },
        "Planning Time": 185.27,
        "Triggers": [],
        "Execution Time": 75.79
    }
]