{
  "Plan": {
    "Node Type": "Aggregate",
    "Strategy": "Plain",
    "Partial Mode": "Finalize",
    "Parallel Aware": false,
    "Startup Cost": 116180.16,
    "Total Cost": 116180.17,
    "Plan Rows": 1,
    "Plan Width": 8,
    "Actual Startup Time": 577.436,
    "Actual Total Time": 597.051,
    "Actual Rows": 1,
    "Actual Loops": 1,
    "Plans": [
      {
        "Node Type": "Gather",
        "Parent Relationship": "Outer",
        "Parallel Aware": false,
        "Startup Cost": 116180.05,
        "Total Cost": 116180.16,
        "Plan Rows": 1,
        "Plan Width": 8,
        "Actual Startup Time": 574.828,
        "Actual Total Time": 597.041,
        "Actual Rows": 2,
        "Actual Loops": 1,
        "Workers Planned": 1,
        "Workers Launched": 1,
        "Single Copy": false,
        "Plans": [
          {
            "Node Type": "Aggregate",
            "Strategy": "Plain",
            "Partial Mode": "Partial",
            "Parent Relationship": "Outer",
            "Parallel Aware": false,
            "Startup Cost": 115180.05,
            "Total Cost": 115180.06,
            "Plan Rows": 1,
            "Plan Width": 8,
            "Actual Startup Time": 569.149,
            "Actual Total Time": 569.154,
            "Actual Rows": 1,
            "Actual Loops": 2,
            "Plans": [
              {
                "Node Type": "Hash Join",
                "Parent Relationship": "Outer",
                "Parallel Aware": true,
                "Join Type": "Inner",
                "Startup Cost": 81277.77,
                "Total Cost": 114766.27,
                "Plan Rows": 165512,
                "Plan Width": 0,
                "Actual Startup Time": 348.571,
                "Actual Total Time": 558.963,
                "Actual Rows": 196325,
                "Actual Loops": 2,
                "Inner Unique": true,
                "Hash Cond": "(mk.movie_id = t.id)",
                "Plans": [
                  {
                    "Node Type": "Bitmap Heap Scan",
                    "Parent Relationship": "Outer",
                    "Parallel Aware": true,
                    "Relation Name": "movie_keyword",
                    "Alias": "mk",
                    "Startup Cost": 21538.15,
                    "Total Cost": 53458.68,
                    "Plan Rows": 597322,
                    "Plan Width": 4,
                    "Actual Startup Time": 51.982,
                    "Actual Total Time": 157.638,
                    "Actual Rows": 510410,
                    "Actual Loops": 2,
                    "Recheck Cond": "(keyword_id < 994)",
                    "Rows Removed by Index Recheck": 0,
                    "Exact Heap Blocks": 15926,
                    "Lossy Heap Blocks": 0,
                    "Plans": [
                      {
                        "Node Type": "Bitmap Index Scan",
                        "Parent Relationship": "Outer",
                        "Parallel Aware": false,
                        "Index Name": "keyword_id_movie_keyword",
                        "Startup Cost": 0.0,
                        "Total Cost": 21284.29,
                        "Plan Rows": 1015448,
                        "Plan Width": 0,
                        "Actual Startup Time": 48.296,
                        "Actual Total Time": 48.297,
                        "Actual Rows": 1020820,
                        "Actual Loops": 1,
                        "Index Cond": "(keyword_id < 994)"
                      }
                    ]
                  },
                  {
                    "Node Type": "Hash",
                    "Parent Relationship": "Inner",
                    "Parallel Aware": true,
                    "Startup Cost": 54588.39,
                    "Total Cost": 54588.39,
                    "Plan Rows": 412098,
                    "Plan Width": 4,
                    "Actual Startup Time": 287.346,
                    "Actual Total Time": 287.347,
                    "Actual Rows": 353593,
                    "Actual Loops": 2,
                    "Hash Buckets": 1048576,
                    "Original Hash Buckets": 1048576,
                    "Hash Batches": 1,
                    "Original Hash Batches": 1,
                    "Peak Memory Usage": 35904,
                    "Plans": [
                      {
                        "Node Type": "Seq Scan",
                        "Parent Relationship": "Outer",
                        "Parallel Aware": true,
                        "Relation Name": "title",
                        "Alias": "t",
                        "Startup Cost": 0.0,
                        "Total Cost": 54588.39,
                        "Plan Rows": 412098,
                        "Plan Width": 4,
                        "Actual Startup Time": 0.026,
                        "Actual Total Time": 181.004,
                        "Actual Rows": 353593,
                        "Actual Loops": 2,
                        "Filter": "(production_year < 1991)",
                        "Rows Removed by Filter": 910563
                      }
                    ]
                  }
                ]
              }
            ]
          }
        ]
      }
    ]
  },
  "Planning Time": 0.446,
  "Triggers": [],
  "Execution Time": 597.145
}