[
  {
    "Plan": {
      "Node Type": "Aggregate",
      "Strategy": "Plain",
      "Partial Mode": "Finalize",
      "Parallel Aware": false,
      "Startup Cost": 346652.9,
      "Total Cost": 346652.91,
      "Plan Rows": 1,
      "Plan Width": 8,
      "Actual Startup Time": 467.528,
      "Actual Total Time": 503.626,
      "Actual Rows": 1,
      "Actual Loops": 1,
      "Plans": [
        {
          "Node Type": "Gather",
          "Parent Relationship": "Outer",
          "Parallel Aware": false,
          "Startup Cost": 346652.27,
          "Total Cost": 346652.88,
          "Plan Rows": 6,
          "Plan Width": 8,
          "Actual Startup Time": 467.386,
          "Actual Total Time": 503.609,
          "Actual Rows": 7,
          "Actual Loops": 1,
          "Workers Planned": 6,
          "Workers Launched": 6,
          "Single Copy": false,
          "Plans": [
            {
              "Node Type": "Aggregate",
              "Strategy": "Plain",
              "Partial Mode": "Partial",
              "Parent Relationship": "Outer",
              "Parallel Aware": false,
              "Startup Cost": 345652.27,
              "Total Cost": 345652.28,
              "Plan Rows": 1,
              "Plan Width": 8,
              "Actual Startup Time": 458.132,
              "Actual Total Time": 458.134,
              "Actual Rows": 1,
              "Actual Loops": 7,
              "Plans": [
                {
                  "Node Type": "Index Scan",
                  "Parent Relationship": "Outer",
                  "Parallel Aware": true,
                  "Scan Direction": "Forward",
                  "Index Name": "role_id_cast_info",
                  "Relation Name": "cast_info",
                  "Alias": "ci",
                  "Startup Cost": 0.56,
                  "Total Cost": 341155.22,
                  "Plan Rows": 1798822,
                  "Plan Width": 0,
                  "Actual Startup Time": 136.462,
                  "Actual Total Time": 399.924,
                  "Actual Rows": 1230938,
                  "Actual Loops": 7,
                  "Index Cond": "(role_id = 1)",
                  "Rows Removed by Index Recheck": 0,
                  "Filter": "(person_id > 541792)",
                  "Rows Removed by Filter": 579160
                }
              ]
            }
          ]
        }
      ]
    },
    "Planning Time": 0.25,
    "Triggers": [],
    "Execution Time": 503.707
  }
]