{
    "Plan": {
        "Node Type": "Aggregate",
        "Strategy": "Plain",
        "Partial Mode": "Simple",
        "Parallel Aware": false,
        "Startup Cost": 100000669500.28,
        "Total Cost": 100000669500.29,
        "Plan Rows": 1,
        "Plan Width": 64,
        "Actual Startup Time": 3052.444,
        "Actual Total Time": 3052.455,
        "Actual Rows": 1,
        "Actual Loops": 1,
        "Output": [
            "min(n.name)",
            "min(t.title)"
        ],
        "Plans": [
            {
                "Node Type": "Nested Loop",
                "Parent Relationship": "Outer",
                "Parallel Aware": false,
                "Join Type": "Inner",
                "Startup Cost": 100000000016.7,
                "Total Cost": 100000669500.28,
                "Plan Rows": 1,
                "Plan Width": 32,
                "Actual Startup Time": 3052.438,
                "Actual Total Time": 3052.448,
                "Actual Rows": 0,
                "Actual Loops": 1,
                "Output": [
                    "n.name",
                    "t.title"
                ],
                "Inner Unique": true,
                "Plans": [
                    {
                        "Node Type": "Nested Loop",
                        "Parent Relationship": "Outer",
                        "Parallel Aware": false,
                        "Join Type": "Inner",
                        "Startup Cost": 90000000016.24,
                        "Total Cost": 90000669495.8,
                        "Plan Rows": 1,
                        "Plan Width": 36,
                        "Actual Startup Time": 3052.438,
                        "Actual Total Time": 3052.447,
                        "Actual Rows": 0,
                        "Actual Loops": 1,
                        "Output": [
                            "mc.company_id",
                            "n.name",
                            "t.title"
                        ],
                        "Inner Unique": true,
                        "Plans": [
                            {
                                "Node Type": "Nested Loop",
                                "Parent Relationship": "Outer",
                                "Parallel Aware": false,
                                "Join Type": "Inner",
                                "Startup Cost": 80000000016.09,
                                "Total Cost": 80000669487.62,
                                "Plan Rows": 1,
                                "Plan Width": 40,
                                "Actual Startup Time": 3052.437,
                                "Actual Total Time": 3052.447,
                                "Actual Rows": 0,
                                "Actual Loops": 1,
                                "Output": [
                                    "ci.role_id",
                                    "mc.company_id",
                                    "n.name",
                                    "t.title"
                                ],
                                "Inner Unique": true,
                                "Join Filter": "(ci.person_id = n.id)",
                                "Rows Removed by Join Filter": 0,
                                "Plans": [
                                    {
                                        "Node Type": "Nested Loop",
                                        "Parent Relationship": "Outer",
                                        "Parallel Aware": false,
                                        "Join Type": "Inner",
                                        "Startup Cost": 70000000015.58,
                                        "Total Cost": 70000669483.09,
                                        "Plan Rows": 1,
                                        "Plan Width": 33,
                                        "Actual Startup Time": 3052.437,
                                        "Actual Total Time": 3052.446,
                                        "Actual Rows": 0,
                                        "Actual Loops": 1,
                                        "Output": [
                                            "an.person_id",
                                            "ci.person_id",
                                            "ci.role_id",
                                            "mc.company_id",
                                            "t.title"
                                        ],
                                        "Inner Unique": true,
                                        "Plans": [
                                            {
                                                "Node Type": "Nested Loop",
                                                "Parent Relationship": "Outer",
                                                "Parallel Aware": false,
                                                "Join Type": "Inner",
                                                "Startup Cost": 60000000011.36,
                                                "Total Cost": 60000669474.85,
                                                "Plan Rows": 1,
                                                "Plan Width": 37,
                                                "Actual Startup Time": 3052.436,
                                                "Actual Total Time": 3052.444,
                                                "Actual Rows": 0,
                                                "Actual Loops": 1,
                                                "Output": [
                                                    "an.person_id",
                                                    "ci.person_id",
                                                    "ci.role_id",
                                                    "ci.person_role_id",
                                                    "mc.company_id",
                                                    "t.title"
                                                ],
                                                "Inner Unique": false,
                                                "Plans": [
                                                    {
                                                        "Node Type": "Nested Loop",
                                                        "Parent Relationship": "Outer",
                                                        "Parallel Aware": false,
                                                        "Join Type": "Inner",
                                                        "Startup Cost": 50000000007.57,
                                                        "Total Cost": 50000669463.1,
                                                        "Plan Rows": 1,
                                                        "Plan Width": 33,
                                                        "Actual Startup Time": 3052.436,
                                                        "Actual Total Time": 3052.442,
                                                        "Actual Rows": 0,
                                                        "Actual Loops": 1,
                                                        "Output": [
                                                            "ci.person_id",
                                                            "ci.role_id",
                                                            "ci.person_role_id",
                                                            "mc.company_id",
                                                            "t.title"
                                                        ],
                                                        "Inner Unique": false,
                                                        "Join Filter": "(t.id = ci.movie_id)",
                                                        "Rows Removed by Join Filter": 0,
                                                        "Plans": [
                                                            {
                                                                "Node Type": "Nested Loop",
                                                                "Parent Relationship": "Outer",
                                                                "Parallel Aware": false,
                                                                "Join Type": "Inner",
                                                                "Startup Cost": 40000000004.21,
                                                                "Total Cost": 40000669355.72,
                                                                "Plan Rows": 9,
                                                                "Plan Width": 33,
                                                                "Actual Startup Time": 6.616,
                                                                "Actual Total Time": 2759.599,
                                                                "Actual Rows": 3368,
                                                                "Actual Loops": 1,
                                                                "Output": [
                                                                    "mi.movie_id",
                                                                    "mc.movie_id",
                                                                    "mc.company_id",
                                                                    "t.title",
                                                                    "t.id"
                                                                ],
                                                                "Inner Unique": true,
                                                                "Plans": [
                                                                    {
                                                                        "Node Type": "Nested Loop",
                                                                        "Parent Relationship": "Outer",
                                                                        "Parallel Aware": false,
                                                                        "Join Type": "Inner",
                                                                        "Startup Cost": 30000000004.06,
                                                                        "Total Cost": 30000664894.59,
                                                                        "Plan Rows": 1071,
                                                                        "Plan Width": 37,
                                                                        "Actual Startup Time": 6.599,
                                                                        "Actual Total Time": 2745.408,
                                                                        "Actual Rows": 3368,
                                                                        "Actual Loops": 1,
                                                                        "Output": [
                                                                            "mc.movie_id",
                                                                            "mc.company_id",
                                                                            "mi.movie_id",
                                                                            "mi.info_type_id",
                                                                            "t.title",
                                                                            "t.id"
                                                                        ],
                                                                        "Inner Unique": false,
                                                                        "Join Filter": "(t.id = mi.movie_id)",
                                                                        "Rows Removed by Join Filter": 0,
                                                                        "Plans": [
                                                                            {
                                                                                "Node Type": "Nested Loop",
                                                                                "Parent Relationship": "Outer",
                                                                                "Parallel Aware": false,
                                                                                "Join Type": "Inner",
                                                                                "Startup Cost": 20000000001.23,
                                                                                "Total Cost": 20000626117.45,
                                                                                "Plan Rows": 3373,
                                                                                "Plan Width": 29,
                                                                                "Actual Startup Time": 2.144,
                                                                                "Actual Total Time": 2501.111,
                                                                                "Actual Rows": 7818,
                                                                                "Actual Loops": 1,
                                                                                "Output": [
                                                                                    "mc.movie_id",
                                                                                    "mc.company_id",
                                                                                    "t.title",
                                                                                    "t.id"
                                                                                ],
                                                                                "Inner Unique": true,
                                                                                "Plans": [
                                                                                    {
                                                                                        "Node Type": "Index Scan",
                                                                                        "Parent Relationship": "Outer",
                                                                                        "Parallel Aware": false,
                                                                                        "Scan Direction": "Forward",
                                                                                        "Index Name": "company_id_movie_companies",
                                                                                        "Relation Name": "movie_companies",
                                                                                        "Schema": "public",
                                                                                        "Alias": "mc",
                                                                                        "Startup Cost": 10000000000.43,
                                                                                        "Total Cost": 10000150584.67,
                                                                                        "Plan Rows": 98597,
                                                                                        "Plan Width": 8,
                                                                                        "Actual Startup Time": 0.069,
                                                                                        "Actual Total Time": 1324.2,
                                                                                        "Actual Rows": 198519,
                                                                                        "Actual Loops": 1,
                                                                                        "Output": [
                                                                                            "mc.id",
                                                                                            "mc.movie_id",
                                                                                            "mc.company_id",
                                                                                            "mc.company_type_id",
                                                                                            "mc.note"
                                                                                        ],
                                                                                        "Filter": "((mc.note ~~ '%(200%)%'::text) AND ((mc.note ~~ '%(USA)%'::text) OR (mc.note ~~ '%(worldwide)%'::text)))",
                                                                                        "Rows Removed by Filter": 2410610
                                                                                    },
                                                                                    {
                                                                                        "Node Type": "Bitmap Heap Scan",
                                                                                        "Parent Relationship": "Inner",
                                                                                        "Parallel Aware": false,
                                                                                        "Relation Name": "title",
                                                                                        "Schema": "public",
                                                                                        "Alias": "t",
                                                                                        "Startup Cost": 0.8,
                                                                                        "Total Cost": 4.82,
                                                                                        "Plan Rows": 1,
                                                                                        "Plan Width": 21,
                                                                                        "Actual Startup Time": 0.004,
                                                                                        "Actual Total Time": 0.004,
                                                                                        "Actual Rows": 0,
                                                                                        "Actual Loops": 198519,
                                                                                        "Output": [
                                                                                            "t.id",
                                                                                            "t.title",
                                                                                            "t.imdb_index",
                                                                                            "t.kind_id",
                                                                                            "t.production_year",
                                                                                            "t.imdb_id",
                                                                                            "t.phonetic_code",
                                                                                            "t.episode_of_id",
                                                                                            "t.season_nr",
                                                                                            "t.episode_nr",
                                                                                            "t.series_years",
                                                                                            "t.md5sum"
                                                                                        ],
                                                                                        "Recheck Cond": "(t.id = mc.movie_id)",
                                                                                        "Rows Removed by Index Recheck": 0,
                                                                                        "Filter": "((t.title ~~ '%The%'::text) AND (t.production_year >= 2007) AND (t.production_year <= 2012))",
                                                                                        "Rows Removed by Filter": 1,
                                                                                        "Exact Heap Blocks": 198519,
                                                                                        "Lossy Heap Blocks": 0,
                                                                                        "Plans": [
                                                                                            {
                                                                                                "Node Type": "Bitmap Index Scan",
                                                                                                "Parent Relationship": "Outer",
                                                                                                "Parallel Aware": false,
                                                                                                "Index Name": "title_pkey",
                                                                                                "Startup Cost": 0.0,
                                                                                                "Total Cost": 0.8,
                                                                                                "Plan Rows": 1,
                                                                                                "Plan Width": 0,
                                                                                                "Actual Startup Time": 0.003,
                                                                                                "Actual Total Time": 0.003,
                                                                                                "Actual Rows": 1,
                                                                                                "Actual Loops": 198519,
                                                                                                "Index Cond": "(t.id = mc.movie_id)"
                                                                                            }
                                                                                        ]
                                                                                    }
                                                                                ]
                                                                            },
                                                                            {
                                                                                "Node Type": "Bitmap Heap Scan",
                                                                                "Parent Relationship": "Inner",
                                                                                "Parallel Aware": false,
                                                                                "Relation Name": "movie_info",
                                                                                "Schema": "public",
                                                                                "Alias": "mi",
                                                                                "Startup Cost": 2.82,
                                                                                "Total Cost": 11.48,
                                                                                "Plan Rows": 1,
                                                                                "Plan Width": 8,
                                                                                "Actual Startup Time": 0.025,
                                                                                "Actual Total Time": 0.029,
                                                                                "Actual Rows": 0,
                                                                                "Actual Loops": 7818,
                                                                                "Output": [
                                                                                    "mi.id",
                                                                                    "mi.movie_id",
                                                                                    "mi.info_type_id",
                                                                                    "mi.info",
                                                                                    "mi.note"
                                                                                ],
                                                                                "Recheck Cond": "(mi.movie_id = mc.movie_id)",
                                                                                "Rows Removed by Index Recheck": 0,
                                                                                "Filter": "((mi.info IS NOT NULL) AND ((mi.info ~~ 'Japan:%2007%'::text) OR (mi.info ~~ 'USA:%2008%'::text)))",
                                                                                "Rows Removed by Filter": 23,
                                                                                "Exact Heap Blocks": 71609,
                                                                                "Lossy Heap Blocks": 0,
                                                                                "Plans": [
                                                                                    {
                                                                                        "Node Type": "Bitmap Index Scan",
                                                                                        "Parent Relationship": "Outer",
                                                                                        "Parallel Aware": false,
                                                                                        "Index Name": "movie_id_movie_info",
                                                                                        "Startup Cost": 0.0,
                                                                                        "Total Cost": 2.82,
                                                                                        "Plan Rows": 39,
                                                                                        "Plan Width": 0,
                                                                                        "Actual Startup Time": 0.009,
                                                                                        "Actual Total Time": 0.009,
                                                                                        "Actual Rows": 23,
                                                                                        "Actual Loops": 7818,
                                                                                        "Index Cond": "(mi.movie_id = mc.movie_id)"
                                                                                    }
                                                                                ]
                                                                            }
                                                                        ]
                                                                    },
                                                                    {
                                                                        "Node Type": "Bitmap Heap Scan",
                                                                        "Parent Relationship": "Inner",
                                                                        "Parallel Aware": false,
                                                                        "Relation Name": "info_type",
                                                                        "Schema": "public",
                                                                        "Alias": "it",
                                                                        "Startup Cost": 0.15,
                                                                        "Total Cost": 4.17,
                                                                        "Plan Rows": 1,
                                                                        "Plan Width": 4,
                                                                        "Actual Startup Time": 0.002,
                                                                        "Actual Total Time": 0.002,
                                                                        "Actual Rows": 1,
                                                                        "Actual Loops": 3368,
                                                                        "Output": [
                                                                            "it.id",
                                                                            "it.info"
                                                                        ],
                                                                        "Recheck Cond": "(it.id = mi.info_type_id)",
                                                                        "Rows Removed by Index Recheck": 0,
                                                                        "Filter": "((it.info)::text = 'release dates'::text)",
                                                                        "Rows Removed by Filter": 0,
                                                                        "Exact Heap Blocks": 3368,
                                                                        "Lossy Heap Blocks": 0,
                                                                        "Plans": [
                                                                            {
                                                                                "Node Type": "Bitmap Index Scan",
                                                                                "Parent Relationship": "Outer",
                                                                                "Parallel Aware": false,
                                                                                "Index Name": "info_type_pkey",
                                                                                "Startup Cost": 0.0,
                                                                                "Total Cost": 0.15,
                                                                                "Plan Rows": 1,
                                                                                "Plan Width": 0,
                                                                                "Actual Startup Time": 0.001,
                                                                                "Actual Total Time": 0.001,
                                                                                "Actual Rows": 1,
                                                                                "Actual Loops": 3368,
                                                                                "Index Cond": "(it.id = mi.info_type_id)"
                                                                            }
                                                                        ]
                                                                    }
                                                                ]
                                                            },
                                                            {
                                                                "Node Type": "Bitmap Heap Scan",
                                                                "Parent Relationship": "Inner",
                                                                "Parallel Aware": false,
                                                                "Relation Name": "cast_info",
                                                                "Schema": "public",
                                                                "Alias": "ci",
                                                                "Startup Cost": 3.37,
                                                                "Total Cost": 11.92,
                                                                "Plan Rows": 1,
                                                                "Plan Width": 16,
                                                                "Actual Startup Time": 0.085,
                                                                "Actual Total Time": 0.085,
                                                                "Actual Rows": 0,
                                                                "Actual Loops": 3368,
                                                                "Output": [
                                                                    "ci.id",
                                                                    "ci.person_id",
                                                                    "ci.movie_id",
                                                                    "ci.person_role_id",
                                                                    "ci.note",
                                                                    "ci.nr_order",
                                                                    "ci.role_id"
                                                                ],
                                                                "Recheck Cond": "(ci.movie_id = mi.movie_id)",
                                                                "Rows Removed by Index Recheck": 0,
                                                                "Filter": "(ci.note = '(as Terri O\"Neill)'::text)",
                                                                "Rows Removed by Filter": 50,
                                                                "Exact Heap Blocks": 163319,
                                                                "Lossy Heap Blocks": 0,
                                                                "Plans": [
                                                                    {
                                                                        "Node Type": "Bitmap Index Scan",
                                                                        "Parent Relationship": "Outer",
                                                                        "Parallel Aware": false,
                                                                        "Index Name": "movie_id_cast_info",
                                                                        "Startup Cost": 0.0,
                                                                        "Total Cost": 3.36,
                                                                        "Plan Rows": 38,
                                                                        "Plan Width": 0,
                                                                        "Actual Startup Time": 0.014,
                                                                        "Actual Total Time": 0.014,
                                                                        "Actual Rows": 50,
                                                                        "Actual Loops": 3368,
                                                                        "Index Cond": "(ci.movie_id = mi.movie_id)"
                                                                    }
                                                                ]
                                                            }
                                                        ]
                                                    },
                                                    {
                                                        "Node Type": "Bitmap Heap Scan",
                                                        "Parent Relationship": "Inner",
                                                        "Parallel Aware": false,
                                                        "Relation Name": "aka_name",
                                                        "Schema": "public",
                                                        "Alias": "an",
                                                        "Startup Cost": 3.79,
                                                        "Total Cost": 11.73,
                                                        "Plan Rows": 2,
                                                        "Plan Width": 4,
                                                        "Actual Startup Time": 0.0,
                                                        "Actual Total Time": 0.0,
                                                        "Actual Rows": 0,
                                                        "Actual Loops": 0,
                                                        "Output": [
                                                            "an.id",
                                                            "an.person_id",
                                                            "an.name",
                                                            "an.imdb_index",
                                                            "an.name_pcode_cf",
                                                            "an.name_pcode_nf",
                                                            "an.surname_pcode",
                                                            "an.md5sum"
                                                        ],
                                                        "Recheck Cond": "(an.person_id = ci.person_id)",
                                                        "Rows Removed by Index Recheck": 0,
                                                        "Exact Heap Blocks": 0,
                                                        "Lossy Heap Blocks": 0,
                                                        "Plans": [
                                                            {
                                                                "Node Type": "Bitmap Index Scan",
                                                                "Parent Relationship": "Outer",
                                                                "Parallel Aware": false,
                                                                "Index Name": "person_id_aka_name",
                                                                "Startup Cost": 0.0,
                                                                "Total Cost": 3.79,
                                                                "Plan Rows": 2,
                                                                "Plan Width": 0,
                                                                "Actual Startup Time": 0.0,
                                                                "Actual Total Time": 0.0,
                                                                "Actual Rows": 0,
                                                                "Actual Loops": 0,
                                                                "Index Cond": "(an.person_id = ci.person_id)"
                                                            }
                                                        ]
                                                    }
                                                ]
                                            },
                                            {
                                                "Node Type": "Bitmap Heap Scan",
                                                "Parent Relationship": "Inner",
                                                "Parallel Aware": false,
                                                "Relation Name": "char_name",
                                                "Schema": "public",
                                                "Alias": "chn",
                                                "Startup Cost": 4.23,
                                                "Total Cost": 8.24,
                                                "Plan Rows": 1,
                                                "Plan Width": 4,
                                                "Actual Startup Time": 0.0,
                                                "Actual Total Time": 0.0,
                                                "Actual Rows": 0,
                                                "Actual Loops": 0,
                                                "Output": [
                                                    "chn.id",
                                                    "chn.name",
                                                    "chn.imdb_index",
                                                    "chn.imdb_id",
                                                    "chn.name_pcode_nf",
                                                    "chn.surname_pcode",
                                                    "chn.md5sum"
                                                ],
                                                "Recheck Cond": "(chn.id = ci.person_role_id)",
                                                "Rows Removed by Index Recheck": 0,
                                                "Exact Heap Blocks": 0,
                                                "Lossy Heap Blocks": 0,
                                                "Plans": [
                                                    {
                                                        "Node Type": "Bitmap Index Scan",
                                                        "Parent Relationship": "Outer",
                                                        "Parallel Aware": false,
                                                        "Index Name": "char_name_pkey",
                                                        "Startup Cost": 0.0,
                                                        "Total Cost": 4.23,
                                                        "Plan Rows": 1,
                                                        "Plan Width": 0,
                                                        "Actual Startup Time": 0.0,
                                                        "Actual Total Time": 0.0,
                                                        "Actual Rows": 0,
                                                        "Actual Loops": 0,
                                                        "Index Cond": "(chn.id = ci.person_role_id)"
                                                    }
                                                ]
                                            }
                                        ]
                                    },
                                    {
                                        "Node Type": "Bitmap Heap Scan",
                                        "Parent Relationship": "Inner",
                                        "Parallel Aware": false,
                                        "Relation Name": "name",
                                        "Schema": "public",
                                        "Alias": "n",
                                        "Startup Cost": 0.5,
                                        "Total Cost": 4.52,
                                        "Plan Rows": 1,
                                        "Plan Width": 19,
                                        "Actual Startup Time": 0.0,
                                        "Actual Total Time": 0.0,
                                        "Actual Rows": 0,
                                        "Actual Loops": 0,
                                        "Output": [
                                            "n.id",
                                            "n.name",
                                            "n.imdb_index",
                                            "n.imdb_id",
                                            "n.gender",
                                            "n.name_pcode_cf",
                                            "n.name_pcode_nf",
                                            "n.surname_pcode",
                                            "n.md5sum"
                                        ],
                                        "Recheck Cond": "(n.id = an.person_id)",
                                        "Rows Removed by Index Recheck": 0,
                                        "Filter": "((n.name ~~ '%Anne%'::text) AND ((n.gender)::text = 'f'::text))",
                                        "Rows Removed by Filter": 0,
                                        "Exact Heap Blocks": 0,
                                        "Lossy Heap Blocks": 0,
                                        "Plans": [
                                            {
                                                "Node Type": "Bitmap Index Scan",
                                                "Parent Relationship": "Outer",
                                                "Parallel Aware": false,
                                                "Index Name": "name_pkey",
                                                "Startup Cost": 0.0,
                                                "Total Cost": 0.5,
                                                "Plan Rows": 1,
                                                "Plan Width": 0,
                                                "Actual Startup Time": 0.0,
                                                "Actual Total Time": 0.0,
                                                "Actual Rows": 0,
                                                "Actual Loops": 0,
                                                "Index Cond": "(n.id = an.person_id)"
                                            }
                                        ]
                                    }
                                ]
                            },
                            {
                                "Node Type": "Bitmap Heap Scan",
                                "Parent Relationship": "Inner",
                                "Parallel Aware": false,
                                "Relation Name": "role_type",
                                "Schema": "public",
                                "Alias": "rt",
                                "Startup Cost": 0.15,
                                "Total Cost": 4.16,
                                "Plan Rows": 1,
                                "Plan Width": 4,
                                "Actual Startup Time": 0.0,
                                "Actual Total Time": 0.0,
                                "Actual Rows": 0,
                                "Actual Loops": 0,
                                "Output": [
                                    "rt.id",
                                    "rt.role"
                                ],
                                "Recheck Cond": "(rt.id = ci.role_id)",
                                "Rows Removed by Index Recheck": 0,
                                "Filter": "((rt.role)::text = 'actress'::text)",
                                "Rows Removed by Filter": 0,
                                "Exact Heap Blocks": 0,
                                "Lossy Heap Blocks": 0,
                                "Plans": [
                                    {
                                        "Node Type": "Bitmap Index Scan",
                                        "Parent Relationship": "Outer",
                                        "Parallel Aware": false,
                                        "Index Name": "role_type_pkey",
                                        "Startup Cost": 0.0,
                                        "Total Cost": 0.15,
                                        "Plan Rows": 1,
                                        "Plan Width": 0,
                                        "Actual Startup Time": 0.0,
                                        "Actual Total Time": 0.0,
                                        "Actual Rows": 0,
                                        "Actual Loops": 0,
                                        "Index Cond": "(rt.id = ci.role_id)"
                                    }
                                ]
                            }
                        ]
                    },
                    {
                        "Node Type": "Bitmap Heap Scan",
                        "Parent Relationship": "Inner",
                        "Parallel Aware": false,
                        "Relation Name": "company_name",
                        "Schema": "public",
                        "Alias": "cn",
                        "Startup Cost": 0.46,
                        "Total Cost": 4.48,
                        "Plan Rows": 1,
                        "Plan Width": 4,
                        "Actual Startup Time": 0.0,
                        "Actual Total Time": 0.0,
                        "Actual Rows": 0,
                        "Actual Loops": 0,
                        "Output": [
                            "cn.id",
                            "cn.name",
                            "cn.country_code",
                            "cn.imdb_id",
                            "cn.name_pcode_nf",
                            "cn.name_pcode_sf",
                            "cn.md5sum"
                        ],
                        "Recheck Cond": "(cn.id = mc.company_id)",
                        "Rows Removed by Index Recheck": 0,
                        "Filter": "((cn.country_code)::text = '[us]'::text)",
                        "Rows Removed by Filter": 0,
                        "Exact Heap Blocks": 0,
                        "Lossy Heap Blocks": 0,
                        "Plans": [
                            {
                                "Node Type": "Bitmap Index Scan",
                                "Parent Relationship": "Outer",
                                "Parallel Aware": false,
                                "Index Name": "company_name_pkey",
                                "Startup Cost": 0.0,
                                "Total Cost": 0.46,
                                "Plan Rows": 1,
                                "Plan Width": 0,
                                "Actual Startup Time": 0.0,
                                "Actual Total Time": 0.0,
                                "Actual Rows": 0,
                                "Actual Loops": 0,
                                "Index Cond": "(cn.id = mc.company_id)"
                            }
                        ]
                    }
                ]
            }
        ]
    },
    "Planning Time": 27.398,
    "Triggers": [],
    "Execution Time": 3052.875
}