{
  "Plan": {
    "Node Type": "Aggregate",
    "Strategy": "Plain",
    "Partial Mode": "Finalize",
    "Parallel Aware": false,
    "Startup Cost": 575087.46,
    "Total Cost": 575087.47,
    "Plan Rows": 1,
    "Plan Width": 8,
    "Actual Startup Time": 1041.871,
    "Actual Total Time": 1081.261,
    "Actual Rows": 1,
    "Actual Loops": 1,
    "Plans": [
      {
        "Node Type": "Gather",
        "Parent Relationship": "Outer",
        "Parallel Aware": false,
        "Startup Cost": 575087.34,
        "Total Cost": 575087.45,
        "Plan Rows": 1,
        "Plan Width": 8,
        "Actual Startup Time": 1041.252,
        "Actual Total Time": 1081.251,
        "Actual Rows": 2,
        "Actual Loops": 1,
        "Workers Planned": 1,
        "Workers Launched": 1,
        "Single Copy": false,
        "Plans": [
          {
            "Node Type": "Aggregate",
            "Strategy": "Plain",
            "Partial Mode": "Partial",
            "Parent Relationship": "Outer",
            "Parallel Aware": false,
            "Startup Cost": 574087.34,
            "Total Cost": 574087.35,
            "Plan Rows": 1,
            "Plan Width": 8,
            "Actual Startup Time": 1035.022,
            "Actual Total Time": 1035.027,
            "Actual Rows": 1,
            "Actual Loops": 2,
            "Plans": [
              {
                "Node Type": "Nested Loop",
                "Parent Relationship": "Outer",
                "Parallel Aware": false,
                "Join Type": "Inner",
                "Startup Cost": 116349.36,
                "Total Cost": 573027.16,
                "Plan Rows": 424075,
                "Plan Width": 0,
                "Actual Startup Time": 295.504,
                "Actual Total Time": 1024.755,
                "Actual Rows": 187704,
                "Actual Loops": 2,
                "Inner Unique": false,
                "Join Filter": "(t.id = mi.movie_id)",
                "Rows Removed by Join Filter": 0,
                "Plans": [
                  {
                    "Node Type": "Hash Join",
                    "Parent Relationship": "Outer",
                    "Parallel Aware": true,
                    "Join Type": "Inner",
                    "Startup Cost": 116348.92,
                    "Total Cost": 395248.77,
                    "Plan Rows": 84246,
                    "Plan Width": 8,
                    "Actual Startup Time": 295.382,
                    "Actual Total Time": 675.699,
                    "Actual Rows": 69714,
                    "Actual Loops": 2,
                    "Inner Unique": true,
                    "Hash Cond": "(ci.movie_id = t.id)",
                    "Plans": [
                      {
                        "Node Type": "Bitmap Heap Scan",
                        "Parent Relationship": "Outer",
                        "Parallel Aware": true,
                        "Relation Name": "cast_info",
                        "Alias": "ci",
                        "Startup Cost": 56856.38,
                        "Total Cost": 332289.99,
                        "Plan Rows": 1320466,
                        "Plan Width": 4,
                        "Actual Startup Time": 116.528,
                        "Actual Total Time": 304.148,
                        "Actual Rows": 1256672,
                        "Actual Loops": 2,
                        "Recheck Cond": "(person_id < 252206)",
                        "Rows Removed by Index Recheck": 0,
                        "Filter": "(role_id < 10)",
                        "Rows Removed by Filter": 55327,
                        "Exact Heap Blocks": 15094,
                        "Lossy Heap Blocks": 0,
                        "Plans": [
                          {
                            "Node Type": "Bitmap Index Scan",
                            "Parent Relationship": "Outer",
                            "Parallel Aware": false,
                            "Index Name": "person_id_cast_info",
                            "Startup Cost": 0.0,
                            "Total Cost": 56295.18,
                            "Plan Rows": 2577949,
                            "Plan Width": 0,
                            "Actual Startup Time": 112.355,
                            "Actual Total Time": 112.355,
                            "Actual Rows": 2623998,
                            "Actual Loops": 1,
                            "Index Cond": "(person_id < 252206)"
                          }
                        ]
                      },
                      {
                        "Node Type": "Hash",
                        "Parent Relationship": "Inner",
                        "Parallel Aware": true,
                        "Startup Cost": 58306.47,
                        "Total Cost": 58306.47,
                        "Plan Rows": 94886,
                        "Plan Width": 4,
                        "Actual Startup Time": 175.099,
                        "Actual Total Time": 175.1,
                        "Actual Rows": 81109,
                        "Actual Loops": 2,
                        "Hash Buckets": 262144,
                        "Original Hash Buckets": 262144,
                        "Hash Batches": 1,
                        "Original Hash Batches": 1,
                        "Peak Memory Usage": 8416,
                        "Plans": [
                          {
                            "Node Type": "Seq Scan",
                            "Parent Relationship": "Outer",
                            "Parallel Aware": true,
                            "Relation Name": "title",
                            "Alias": "t",
                            "Startup Cost": 0.0,
                            "Total Cost": 58306.47,
                            "Plan Rows": 94886,
                            "Plan Width": 4,
                            "Actual Startup Time": 0.028,
                            "Actual Total Time": 148.336,
                            "Actual Rows": 81109,
                            "Actual Loops": 2,
                            "Filter": "((kind_id > 2) AND (production_year > 2011))",
                            "Rows Removed by Filter": 1183047
                          }
                        ]
                      }
                    ]
                  },
                  {
                    "Node Type": "Index Scan",
                    "Parent Relationship": "Inner",
                    "Parallel Aware": false,
                    "Scan Direction": "Forward",
                    "Index Name": "movie_id_movie_info",
                    "Relation Name": "movie_info",
                    "Alias": "mi",
                    "Startup Cost": 0.43,
                    "Total Cost": 1.66,
                    "Plan Rows": 36,
                    "Plan Width": 4,
                    "Actual Startup Time": 0.003,
                    "Actual Total Time": 0.005,
                    "Actual Rows": 3,
                    "Actual Loops": 139427,
                    "Index Cond": "(movie_id = ci.movie_id)",
                    "Rows Removed by Index Recheck": 0,
                    "Filter": "(info_type_id > 2)",
                    "Rows Removed by Filter": 0
                  }
                ]
              }
            ]
          }
        ]
      }
    ]
  },
  "Planning Time": 0.99,
  "Triggers": [],
  "Execution Time": 1081.379
}