{
  "Plan": {
    "Node Type": "Aggregate",
    "Strategy": "Plain",
    "Partial Mode": "Finalize",
    "Parallel Aware": false,
    "Startup Cost": 468558.62,
    "Total Cost": 468558.63,
    "Plan Rows": 1,
    "Plan Width": 8,
    "Actual Startup Time": 1156.742,
    "Actual Total Time": 1182.875,
    "Actual Rows": 1,
    "Actual Loops": 1,
    "Plans": [
      {
        "Node Type": "Gather",
        "Parent Relationship": "Outer",
        "Parallel Aware": false,
        "Startup Cost": 468558.51,
        "Total Cost": 468558.62,
        "Plan Rows": 1,
        "Plan Width": 8,
        "Actual Startup Time": 1156.481,
        "Actual Total Time": 1182.869,
        "Actual Rows": 2,
        "Actual Loops": 1,
        "Workers Planned": 1,
        "Workers Launched": 1,
        "Single Copy": false,
        "Plans": [
          {
            "Node Type": "Aggregate",
            "Strategy": "Plain",
            "Partial Mode": "Partial",
            "Parent Relationship": "Outer",
            "Parallel Aware": false,
            "Startup Cost": 467558.51,
            "Total Cost": 467558.52,
            "Plan Rows": 1,
            "Plan Width": 8,
            "Actual Startup Time": 1153.407,
            "Actual Total Time": 1153.412,
            "Actual Rows": 1,
            "Actual Loops": 2,
            "Plans": [
              {
                "Node Type": "Hash Join",
                "Parent Relationship": "Outer",
                "Parallel Aware": true,
                "Join Type": "Inner",
                "Startup Cost": 53867.82,
                "Total Cost": 467437.39,
                "Plan Rows": 48449,
                "Plan Width": 0,
                "Actual Startup Time": 686.175,
                "Actual Total Time": 1152.538,
                "Actual Rows": 12877,
                "Actual Loops": 2,
                "Inner Unique": true,
                "Hash Cond": "(ci.movie_id = t.id)",
                "Plans": [
                  {
                    "Node Type": "Index Scan",
                    "Parent Relationship": "Outer",
                    "Parallel Aware": true,
                    "Scan Direction": "Forward",
                    "Index Name": "role_id_cast_info",
                    "Relation Name": "cast_info",
                    "Alias": "ci",
                    "Startup Cost": 0.56,
                    "Total Cost": 400977.7,
                    "Plan Rows": 4797109,
                    "Plan Width": 4,
                    "Actual Startup Time": 597.382,
                    "Actual Total Time": 909.49,
                    "Actual Rows": 1802156,
                    "Actual Loops": 2,
                    "Index Cond": "(role_id = 1)",
                    "Rows Removed by Index Recheck": 0,
                    "Filter": "(person_id > 1235937)",
                    "Rows Removed by Filter": 4533188
                  },
                  {
                    "Node Type": "Hash",
                    "Parent Relationship": "Inner",
                    "Parallel Aware": true,
                    "Startup Cost": 53679.49,
                    "Total Cost": 53679.49,
                    "Plan Rows": 15021,
                    "Plan Width": 4,
                    "Actual Startup Time": 88.217,
                    "Actual Total Time": 88.219,
                    "Actual Rows": 7728,
                    "Actual Loops": 2,
                    "Hash Buckets": 32768,
                    "Original Hash Buckets": 32768,
                    "Hash Batches": 1,
                    "Original Hash Batches": 1,
                    "Peak Memory Usage": 896,
                    "Plans": [
                      {
                        "Node Type": "Bitmap Heap Scan",
                        "Parent Relationship": "Outer",
                        "Parallel Aware": true,
                        "Relation Name": "title",
                        "Alias": "t",
                        "Startup Cost": 11829.23,
                        "Total Cost": 53679.49,
                        "Plan Rows": 15021,
                        "Plan Width": 4,
                        "Actual Startup Time": 26.625,
                        "Actual Total Time": 85.743,
                        "Actual Rows": 7728,
                        "Actual Loops": 2,
                        "Recheck Cond": "(kind_id = 1)",
                        "Rows Removed by Index Recheck": 0,
                        "Filter": "(production_year = 2005)",
                        "Rows Removed by Filter": 323684,
                        "Exact Heap Blocks": 9689,
                        "Lossy Heap Blocks": 0,
                        "Plans": [
                          {
                            "Node Type": "Bitmap Index Scan",
                            "Parent Relationship": "Outer",
                            "Parallel Aware": false,
                            "Index Name": "kind_id_title",
                            "Startup Cost": 0.0,
                            "Total Cost": 11822.85,
                            "Plan Rows": 663256,
                            "Plan Width": 0,
                            "Actual Startup Time": 27.137,
                            "Actual Total Time": 27.137,
                            "Actual Rows": 662825,
                            "Actual Loops": 1,
                            "Index Cond": "(kind_id = 1)"
                          }
                        ]
                      }
                    ]
                  }
                ]
              }
            ]
          }
        ]
      }
    ]
  },
  "Planning Time": 0.257,
  "Triggers": [],
  "Execution Time": 1182.932
}