[
  {
    "Plan": {
      "Node Type": "Aggregate",
      "Strategy": "Plain",
      "Partial Mode": "Finalize",
      "Parallel Aware": false,
      "Startup Cost": 46591.77,
      "Total Cost": 46591.78,
      "Plan Rows": 1,
      "Plan Width": 8,
      "Actual Startup Time": 164.573,
      "Actual Total Time": 174.3,
      "Actual Rows": 1,
      "Actual Loops": 1,
      "Plans": [
        {
          "Node Type": "Gather",
          "Parent Relationship": "Outer",
          "Parallel Aware": false,
          "Startup Cost": 46591.45,
          "Total Cost": 46591.76,
          "Plan Rows": 3,
          "Plan Width": 8,
          "Actual Startup Time": 164.472,
          "Actual Total Time": 174.291,
          "Actual Rows": 4,
          "Actual Loops": 1,
          "Workers Planned": 3,
          "Workers Launched": 3,
          "Single Copy": false,
          "Plans": [
            {
              "Node Type": "Aggregate",
              "Strategy": "Plain",
              "Partial Mode": "Partial",
              "Parent Relationship": "Outer",
              "Parallel Aware": false,
              "Startup Cost": 45591.45,
              "Total Cost": 45591.46,
              "Plan Rows": 1,
              "Plan Width": 8,
              "Actual Startup Time": 157.818,
              "Actual Total Time": 157.819,
              "Actual Rows": 1,
              "Actual Loops": 4,
              "Plans": [
                {
                  "Node Type": "Seq Scan",
                  "Parent Relationship": "Outer",
                  "Parallel Aware": true,
                  "Relation Name": "movie_keyword",
                  "Alias": "mk",
                  "Startup Cost": 0.0,
                  "Total Cost": 42695.65,
                  "Plan Rows": 1158318,
                  "Plan Width": 0,
                  "Actual Startup Time": 0.053,
                  "Actual Total Time": 118.935,
                  "Actual Rows": 896882,
                  "Actual Loops": 4,
                  "Filter": "(keyword_id < 20252)",
                  "Rows Removed by Filter": 234101
                }
              ]
            }
          ]
        }
      ]
    },
    "Planning Time": 0.182,
    "Triggers": [],
    "Execution Time": 174.354
  }
]