{
  "Plan": {
    "Node Type": "Aggregate",
    "Strategy": "Plain",
    "Partial Mode": "Finalize",
    "Parallel Aware": false,
    "Startup Cost": 655057.02,
    "Total Cost": 655057.03,
    "Plan Rows": 1,
    "Plan Width": 8,
    "Actual Startup Time": 1289.761,
    "Actual Total Time": 1345.962,
    "Actual Rows": 1,
    "Actual Loops": 1,
    "Plans": [
      {
        "Node Type": "Gather",
        "Parent Relationship": "Outer",
        "Parallel Aware": false,
        "Startup Cost": 655056.9,
        "Total Cost": 655057.01,
        "Plan Rows": 1,
        "Plan Width": 8,
        "Actual Startup Time": 1288.609,
        "Actual Total Time": 1345.955,
        "Actual Rows": 2,
        "Actual Loops": 1,
        "Workers Planned": 1,
        "Workers Launched": 1,
        "Single Copy": false,
        "Plans": [
          {
            "Node Type": "Aggregate",
            "Strategy": "Plain",
            "Partial Mode": "Partial",
            "Parent Relationship": "Outer",
            "Parallel Aware": false,
            "Startup Cost": 654056.9,
            "Total Cost": 654056.91,
            "Plan Rows": 1,
            "Plan Width": 8,
            "Actual Startup Time": 1284.355,
            "Actual Total Time": 1284.359,
            "Actual Rows": 1,
            "Actual Loops": 2,
            "Plans": [
              {
                "Node Type": "Nested Loop",
                "Parent Relationship": "Outer",
                "Parallel Aware": false,
                "Join Type": "Inner",
                "Startup Cost": 100771.06,
                "Total Cost": 653282.93,
                "Plan Rows": 309591,
                "Plan Width": 0,
                "Actual Startup Time": 279.961,
                "Actual Total Time": 1272.419,
                "Actual Rows": 168900,
                "Actual Loops": 2,
                "Inner Unique": false,
                "Join Filter": "(t.id = mi.movie_id)",
                "Rows Removed by Join Filter": 0,
                "Plans": [
                  {
                    "Node Type": "Hash Join",
                    "Parent Relationship": "Outer",
                    "Parallel Aware": true,
                    "Join Type": "Inner",
                    "Startup Cost": 100770.63,
                    "Total Cost": 369532.84,
                    "Plan Rows": 146179,
                    "Plan Width": 8,
                    "Actual Startup Time": 279.758,
                    "Actual Total Time": 617.118,
                    "Actual Rows": 80364,
                    "Actual Loops": 2,
                    "Inner Unique": true,
                    "Hash Cond": "(ci.movie_id = t.id)",
                    "Plans": [
                      {
                        "Node Type": "Bitmap Heap Scan",
                        "Parent Relationship": "Outer",
                        "Parallel Aware": true,
                        "Relation Name": "cast_info",
                        "Alias": "ci",
                        "Startup Cost": 39907.27,
                        "Total Cost": 305879.57,
                        "Plan Rows": 1062824,
                        "Plan Width": 4,
                        "Actual Startup Time": 61.566,
                        "Actual Total Time": 178.675,
                        "Actual Rows": 914261,
                        "Actual Loops": 2,
                        "Recheck Cond": "(person_id < 180761)",
                        "Rows Removed by Index Recheck": 0,
                        "Exact Heap Blocks": 13242,
                        "Lossy Heap Blocks": 0,
                        "Plans": [
                          {
                            "Node Type": "Bitmap Index Scan",
                            "Parent Relationship": "Outer",
                            "Parallel Aware": false,
                            "Index Name": "person_id_cast_info",
                            "Startup Cost": 0.0,
                            "Total Cost": 39455.57,
                            "Plan Rows": 1806801,
                            "Plan Width": 0,
                            "Actual Startup Time": 58.589,
                            "Actual Total Time": 58.59,
                            "Actual Rows": 1828522,
                            "Actual Loops": 1,
                            "Index Cond": "(person_id < 180761)"
                          }
                        ]
                      },
                      {
                        "Node Type": "Hash",
                        "Parent Relationship": "Inner",
                        "Parallel Aware": true,
                        "Startup Cost": 58306.47,
                        "Total Cost": 58306.47,
                        "Plan Rows": 204551,
                        "Plan Width": 4,
                        "Actual Startup Time": 212.544,
                        "Actual Total Time": 212.545,
                        "Actual Rows": 109264,
                        "Actual Loops": 2,
                        "Hash Buckets": 524288,
                        "Original Hash Buckets": 524288,
                        "Hash Batches": 1,
                        "Original Hash Batches": 1,
                        "Peak Memory Usage": 12672,
                        "Plans": [
                          {
                            "Node Type": "Seq Scan",
                            "Parent Relationship": "Outer",
                            "Parallel Aware": true,
                            "Relation Name": "title",
                            "Alias": "t",
                            "Startup Cost": 0.0,
                            "Total Cost": 58306.47,
                            "Plan Rows": 204551,
                            "Plan Width": 4,
                            "Actual Startup Time": 0.044,
                            "Actual Total Time": 172.701,
                            "Actual Rows": 109264,
                            "Actual Loops": 2,
                            "Filter": "((kind_id > 1) AND (production_year < 1978))",
                            "Rows Removed by Filter": 1154892
                          }
                        ]
                      }
                    ]
                  },
                  {
                    "Node Type": "Index Scan",
                    "Parent Relationship": "Inner",
                    "Parallel Aware": false,
                    "Scan Direction": "Forward",
                    "Index Name": "movie_id_movie_info",
                    "Relation Name": "movie_info",
                    "Alias": "mi",
                    "Startup Cost": 0.43,
                    "Total Cost": 1.75,
                    "Plan Rows": 15,
                    "Plan Width": 4,
                    "Actual Startup Time": 0.004,
                    "Actual Total Time": 0.008,
                    "Actual Rows": 2,
                    "Actual Loops": 160727,
                    "Index Cond": "(movie_id = ci.movie_id)",
                    "Rows Removed by Index Recheck": 0,
                    "Filter": "(info_type_id < 6)",
                    "Rows Removed by Filter": 5
                  }
                ]
              }
            ]
          }
        ]
      }
    ]
  },
  "Planning Time": 1.024,
  "Triggers": [],
  "Execution Time": 1346.086
}