{
  "Plan": {
    "Node Type": "Aggregate",
    "Strategy": "Plain",
    "Partial Mode": "Finalize",
    "Parallel Aware": false,
    "Startup Cost": 356290.96,
    "Total Cost": 356290.97,
    "Plan Rows": 1,
    "Plan Width": 8,
    "Actual Startup Time": 701.354,
    "Actual Total Time": 714.125,
    "Actual Rows": 1,
    "Actual Loops": 1,
    "Plans": [
      {
        "Node Type": "Gather",
        "Parent Relationship": "Outer",
        "Parallel Aware": false,
        "Startup Cost": 356290.84,
        "Total Cost": 356290.95,
        "Plan Rows": 1,
        "Plan Width": 8,
        "Actual Startup Time": 699.882,
        "Actual Total Time": 714.117,
        "Actual Rows": 2,
        "Actual Loops": 1,
        "Workers Planned": 1,
        "Workers Launched": 1,
        "Single Copy": false,
        "Plans": [
          {
            "Node Type": "Aggregate",
            "Strategy": "Plain",
            "Partial Mode": "Partial",
            "Parent Relationship": "Outer",
            "Parallel Aware": false,
            "Startup Cost": 355290.84,
            "Total Cost": 355290.85,
            "Plan Rows": 1,
            "Plan Width": 8,
            "Actual Startup Time": 693.345,
            "Actual Total Time": 693.349,
            "Actual Rows": 1,
            "Actual Loops": 2,
            "Plans": [
              {
                "Node Type": "Hash Join",
                "Parent Relationship": "Outer",
                "Parallel Aware": true,
                "Join Type": "Inner",
                "Startup Cost": 90379.23,
                "Total Cost": 354546.73,
                "Plan Rows": 297645,
                "Plan Width": 0,
                "Actual Startup Time": 377.974,
                "Actual Total Time": 681.349,
                "Actual Rows": 278240,
                "Actual Loops": 2,
                "Inner Unique": true,
                "Hash Cond": "(ci.movie_id = t.id)",
                "Plans": [
                  {
                    "Node Type": "Bitmap Heap Scan",
                    "Parent Relationship": "Outer",
                    "Parallel Aware": true,
                    "Relation Name": "cast_info",
                    "Alias": "ci",
                    "Startup Cost": 28500.93,
                    "Total Cost": 290675.95,
                    "Plan Rows": 759041,
                    "Plan Width": 4,
                    "Actual Startup Time": 68.799,
                    "Actual Total Time": 148.634,
                    "Actual Rows": 665956,
                    "Actual Loops": 2,
                    "Recheck Cond": "(person_id < 132932)",
                    "Rows Removed by Index Recheck": 0,
                    "Exact Heap Blocks": 7384,
                    "Lossy Heap Blocks": 0,
                    "Plans": [
                      {
                        "Node Type": "Bitmap Index Scan",
                        "Parent Relationship": "Outer",
                        "Parallel Aware": false,
                        "Index Name": "person_id_cast_info",
                        "Startup Cost": 0.0,
                        "Total Cost": 28178.34,
                        "Plan Rows": 1290370,
                        "Plan Width": 0,
                        "Actual Startup Time": 66.59,
                        "Actual Total Time": 66.591,
                        "Actual Rows": 1331913,
                        "Actual Loops": 1,
                        "Index Cond": "(person_id < 132932)"
                      }
                    ]
                  },
                  {
                    "Node Type": "Hash",
                    "Parent Relationship": "Inner",
                    "Parallel Aware": true,
                    "Startup Cost": 54588.39,
                    "Total Cost": 54588.39,
                    "Plan Rows": 583193,
                    "Plan Width": 4,
                    "Actual Startup Time": 299.826,
                    "Actual Total Time": 299.827,
                    "Actual Rows": 492524,
                    "Actual Loops": 2,
                    "Hash Buckets": 1048576,
                    "Original Hash Buckets": 1048576,
                    "Hash Batches": 1,
                    "Original Hash Batches": 1,
                    "Peak Memory Usage": 46752,
                    "Plans": [
                      {
                        "Node Type": "Seq Scan",
                        "Parent Relationship": "Outer",
                        "Parallel Aware": true,
                        "Relation Name": "title",
                        "Alias": "t",
                        "Startup Cost": 0.0,
                        "Total Cost": 54588.39,
                        "Plan Rows": 583193,
                        "Plan Width": 4,
                        "Actual Startup Time": 0.046,
                        "Actual Total Time": 157.03,
                        "Actual Rows": 492524,
                        "Actual Loops": 2,
                        "Filter": "(kind_id < 7)",
                        "Rows Removed by Filter": 771632
                      }
                    ]
                  }
                ]
              }
            ]
          }
        ]
      }
    ]
  },
  "Planning Time": 0.593,
  "Triggers": [],
  "Execution Time": 714.212
}