{
  "Plan": {
    "Node Type": "Aggregate",
    "Strategy": "Plain",
    "Partial Mode": "Finalize",
    "Parallel Aware": false,
    "Startup Cost": 124364.68,
    "Total Cost": 124364.69,
    "Plan Rows": 1,
    "Plan Width": 8,
    "Actual Startup Time": 446.439,
    "Actual Total Time": 478.567,
    "Actual Rows": 1,
    "Actual Loops": 1,
    "Plans": [
      {
        "Node Type": "Gather",
        "Parent Relationship": "Outer",
        "Parallel Aware": false,
        "Startup Cost": 124364.57,
        "Total Cost": 124364.68,
        "Plan Rows": 1,
        "Plan Width": 8,
        "Actual Startup Time": 446.252,
        "Actual Total Time": 478.559,
        "Actual Rows": 2,
        "Actual Loops": 1,
        "Workers Planned": 1,
        "Workers Launched": 1,
        "Single Copy": false,
        "Plans": [
          {
            "Node Type": "Aggregate",
            "Strategy": "Plain",
            "Partial Mode": "Partial",
            "Parent Relationship": "Outer",
            "Parallel Aware": false,
            "Startup Cost": 123364.57,
            "Total Cost": 123364.58,
            "Plan Rows": 1,
            "Plan Width": 8,
            "Actual Startup Time": 440.016,
            "Actual Total Time": 440.019,
            "Actual Rows": 1,
            "Actual Loops": 2,
            "Plans": [
              {
                "Node Type": "Nested Loop",
                "Parent Relationship": "Outer",
                "Parallel Aware": false,
                "Join Type": "Inner",
                "Startup Cost": 78373.81,
                "Total Cost": 123341.81,
                "Plan Rows": 9106,
                "Plan Width": 0,
                "Actual Startup Time": 205.909,
                "Actual Total Time": 438.839,
                "Actual Rows": 21008,
                "Actual Loops": 2,
                "Inner Unique": false,
                "Join Filter": "(t.id = ci.movie_id)",
                "Rows Removed by Join Filter": 0,
                "Plans": [
                  {
                    "Node Type": "Hash Join",
                    "Parent Relationship": "Outer",
                    "Parallel Aware": true,
                    "Join Type": "Inner",
                    "Startup Cost": 78373.24,
                    "Total Cost": 112758.74,
                    "Plan Rows": 3721,
                    "Plan Width": 8,
                    "Actual Startup Time": 203.198,
                    "Actual Total Time": 337.14,
                    "Actual Rows": 3618,
                    "Actual Loops": 2,
                    "Inner Unique": true,
                    "Hash Cond": "(mk.movie_id = t.id)",
                    "Plans": [
                      {
                        "Node Type": "Bitmap Heap Scan",
                        "Parent Relationship": "Outer",
                        "Parallel Aware": true,
                        "Relation Name": "movie_keyword",
                        "Alias": "mk",
                        "Startup Cost": 23679.5,
                        "Total Cost": 56341.35,
                        "Plan Rows": 656628,
                        "Plan Width": 4,
                        "Actual Startup Time": 70.598,
                        "Actual Total Time": 155.909,
                        "Actual Rows": 561950,
                        "Actual Loops": 2,
                        "Recheck Cond": "(keyword_id < 1213)",
                        "Rows Removed by Index Recheck": 0,
                        "Exact Heap Blocks": 15529,
                        "Lossy Heap Blocks": 0,
                        "Plans": [
                          {
                            "Node Type": "Bitmap Index Scan",
                            "Parent Relationship": "Outer",
                            "Parallel Aware": false,
                            "Index Name": "keyword_id_movie_keyword",
                            "Startup Cost": 0.0,
                            "Total Cost": 23400.44,
                            "Plan Rows": 1116267,
                            "Plan Width": 0,
                            "Actual Startup Time": 66.912,
                            "Actual Total Time": 66.913,
                            "Actual Rows": 1123900,
                            "Actual Loops": 1,
                            "Index Cond": "(keyword_id < 1213)"
                          }
                        ]
                      },
                      {
                        "Node Type": "Hash",
                        "Parent Relationship": "Inner",
                        "Parallel Aware": true,
                        "Startup Cost": 54588.39,
                        "Total Cost": 54588.39,
                        "Plan Rows": 8428,
                        "Plan Width": 4,
                        "Actual Startup Time": 130.942,
                        "Actual Total Time": 130.943,
                        "Actual Rows": 7500,
                        "Actual Loops": 2,
                        "Hash Buckets": 16384,
                        "Original Hash Buckets": 16384,
                        "Hash Batches": 1,
                        "Original Hash Batches": 1,
                        "Peak Memory Usage": 736,
                        "Plans": [
                          {
                            "Node Type": "Seq Scan",
                            "Parent Relationship": "Outer",
                            "Parallel Aware": true,
                            "Relation Name": "title",
                            "Alias": "t",
                            "Startup Cost": 0.0,
                            "Total Cost": 54588.39,
                            "Plan Rows": 8428,
                            "Plan Width": 4,
                            "Actual Startup Time": 0.068,
                            "Actual Total Time": 128.31,
                            "Actual Rows": 7500,
                            "Actual Loops": 2,
                            "Filter": "(production_year = 1970)",
                            "Rows Removed by Filter": 1256656
                          }
                        ]
                      }
                    ]
                  },
                  {
                    "Node Type": "Index Scan",
                    "Parent Relationship": "Inner",
                    "Parallel Aware": false,
                    "Scan Direction": "Forward",
                    "Index Name": "movie_id_cast_info",
                    "Relation Name": "cast_info",
                    "Alias": "ci",
                    "Startup Cost": 0.56,
                    "Total Cost": 2.77,
                    "Plan Rows": 6,
                    "Plan Width": 4,
                    "Actual Startup Time": 0.016,
                    "Actual Total Time": 0.027,
                    "Actual Rows": 6,
                    "Actual Loops": 7235,
                    "Index Cond": "(movie_id = mk.movie_id)",
                    "Rows Removed by Index Recheck": 0,
                    "Filter": "((person_id > 574915) AND (role_id = 2))",
                    "Rows Removed by Filter": 24
                  }
                ]
              }
            ]
          }
        ]
      }
    ]
  },
  "Planning Time": 0.893,
  "Triggers": [],
  "Execution Time": 478.676
}