{
    "Plan": {
        "Node Type": "Aggregate",
        "Strategy": "Plain",
        "Partial Mode": "Finalize",
        "Parallel Aware": false,
        "Startup Cost": 92621.92,
        "Total Cost": 92621.93,
        "Plan Rows": 1,
        "Plan Width": 8,
        "Actual Startup Time": 375.647,
        "Actual Total Time": 398.801,
        "Actual Rows": 1,
        "Actual Loops": 1,
        "Output": [
            "count(*)"
        ],
        "Plans": [
            {
                "Node Type": "Gather",
                "Parent Relationship": "Outer",
                "Parallel Aware": false,
                "Startup Cost": 92621.61,
                "Total Cost": 92621.92,
                "Plan Rows": 3,
                "Plan Width": 8,
                "Actual Startup Time": 372.969,
                "Actual Total Time": 398.791,
                "Actual Rows": 4,
                "Actual Loops": 1,
                "Output": [
                    "(PARTIAL count(*))"
                ],
                "Workers Planned": 3,
                "Workers Launched": 3,
                "Single Copy": false,
                "Plans": [
                    {
                        "Node Type": "Aggregate",
                        "Strategy": "Plain",
                        "Partial Mode": "Partial",
                        "Parent Relationship": "Outer",
                        "Parallel Aware": false,
                        "Startup Cost": 91621.61,
                        "Total Cost": 91621.62,
                        "Plan Rows": 1,
                        "Plan Width": 8,
                        "Actual Startup Time": 364.183,
                        "Actual Total Time": 364.186,
                        "Actual Rows": 1,
                        "Actual Loops": 4,
                        "Output": [
                            "PARTIAL count(*)"
                        ],
                        "Workers": [
                            {
                                "Worker Number": 0,
                                "Actual Startup Time": 360.795,
                                "Actual Total Time": 360.798,
                                "Actual Rows": 1,
                                "Actual Loops": 1
                            },
                            {
                                "Worker Number": 1,
                                "Actual Startup Time": 361.51,
                                "Actual Total Time": 361.513,
                                "Actual Rows": 1,
                                "Actual Loops": 1
                            },
                            {
                                "Worker Number": 2,
                                "Actual Startup Time": 362.131,
                                "Actual Total Time": 362.134,
                                "Actual Rows": 1,
                                "Actual Loops": 1
                            }
                        ],
                        "Plans": [
                            {
                                "Node Type": "Hash Join",
                                "Parent Relationship": "Outer",
                                "Parallel Aware": true,
                                "Join Type": "Inner",
                                "Startup Cost": 46735.96,
                                "Total Cost": 91333.5,
                                "Plan Rows": 115244,
                                "Plan Width": 0,
                                "Actual Startup Time": 148.097,
                                "Actual Total Time": 352.104,
                                "Actual Rows": 267042,
                                "Actual Loops": 4,
                                "Inner Unique": true,
                                "Hash Cond": "(mk.movie_id = t.id)",
                                "Workers": [
                                    {
                                        "Worker Number": 0,
                                        "Actual Startup Time": 144.776,
                                        "Actual Total Time": 349.976,
                                        "Actual Rows": 262864,
                                        "Actual Loops": 1
                                    },
                                    {
                                        "Worker Number": 1,
                                        "Actual Startup Time": 145.462,
                                        "Actual Total Time": 350.078,
                                        "Actual Rows": 282852,
                                        "Actual Loops": 1
                                    },
                                    {
                                        "Worker Number": 2,
                                        "Actual Startup Time": 145.891,
                                        "Actual Total Time": 349.725,
                                        "Actual Rows": 189773,
                                        "Actual Loops": 1
                                    }
                                ],
                                "Plans": [
                                    {
                                        "Node Type": "Seq Scan",
                                        "Parent Relationship": "Outer",
                                        "Parallel Aware": true,
                                        "Relation Name": "movie_keyword",
                                        "Schema": "public",
                                        "Alias": "mk",
                                        "Startup Cost": 0.0,
                                        "Total Cost": 42695.65,
                                        "Plan Rows": 724528,
                                        "Plan Width": 4,
                                        "Actual Startup Time": 0.236,
                                        "Actual Total Time": 122.823,
                                        "Actual Rows": 561122,
                                        "Actual Loops": 4,
                                        "Output": [
                                            "mk.id",
                                            "mk.movie_id",
                                            "mk.keyword_id"
                                        ],
                                        "Filter": "(mk.keyword_id > 4831)",
                                        "Rows Removed by Filter": 569860,
                                        "Workers": [
                                            {
                                                "Worker Number": 0,
                                                "Actual Startup Time": 0.225,
                                                "Actual Total Time": 125.243,
                                                "Actual Rows": 551273,
                                                "Actual Loops": 1
                                            },
                                            {
                                                "Worker Number": 1,
                                                "Actual Startup Time": 0.243,
                                                "Actual Total Time": 127.004,
                                                "Actual Rows": 592487,
                                                "Actual Loops": 1
                                            },
                                            {
                                                "Worker Number": 2,
                                                "Actual Startup Time": 0.231,
                                                "Actual Total Time": 126.636,
                                                "Actual Rows": 390172,
                                                "Actual Loops": 1
                                            }
                                        ]
                                    },
                                    {
                                        "Node Type": "Hash",
                                        "Parent Relationship": "Inner",
                                        "Parallel Aware": true,
                                        "Startup Cost": 45479.21,
                                        "Total Cost": 45479.21,
                                        "Plan Rows": 100540,
                                        "Plan Width": 4,
                                        "Actual Startup Time": 144.538,
                                        "Actual Total Time": 144.539,
                                        "Actual Rows": 125153,
                                        "Actual Loops": 4,
                                        "Output": [
                                            "t.id"
                                        ],
                                        "Hash Buckets": 524288,
                                        "Original Hash Buckets": 524288,
                                        "Hash Batches": 1,
                                        "Original Hash Batches": 1,
                                        "Peak Memory Usage": 23744,
                                        "Workers": [
                                            {
                                                "Worker Number": 0,
                                                "Actual Startup Time": 143.872,
                                                "Actual Total Time": 143.873,
                                                "Actual Rows": 116833,
                                                "Actual Loops": 1
                                            },
                                            {
                                                "Worker Number": 1,
                                                "Actual Startup Time": 144.594,
                                                "Actual Total Time": 144.595,
                                                "Actual Rows": 133904,
                                                "Actual Loops": 1
                                            },
                                            {
                                                "Worker Number": 2,
                                                "Actual Startup Time": 144.832,
                                                "Actual Total Time": 144.833,
                                                "Actual Rows": 93432,
                                                "Actual Loops": 1
                                            }
                                        ],
                                        "Plans": [
                                            {
                                                "Node Type": "Seq Scan",
                                                "Parent Relationship": "Outer",
                                                "Parallel Aware": true,
                                                "Relation Name": "title",
                                                "Schema": "public",
                                                "Alias": "t",
                                                "Startup Cost": 0.0,
                                                "Total Cost": 45479.21,
                                                "Plan Rows": 100540,
                                                "Plan Width": 4,
                                                "Actual Startup Time": 0.084,
                                                "Actual Total Time": 104.681,
                                                "Actual Rows": 125153,
                                                "Actual Loops": 4,
                                                "Output": [
                                                    "t.id"
                                                ],
                                                "Filter": "((t.kind_id < 7) AND (t.production_year < 2000))",
                                                "Rows Removed by Filter": 506925,
                                                "Workers": [
                                                    {
                                                        "Worker Number": 0,
                                                        "Actual Startup Time": 0.16,
                                                        "Actual Total Time": 102.782,
                                                        "Actual Rows": 116833,
                                                        "Actual Loops": 1
                                                    },
                                                    {
                                                        "Worker Number": 1,
                                                        "Actual Startup Time": 0.074,
                                                        "Actual Total Time": 105.474,
                                                        "Actual Rows": 133904,
                                                        "Actual Loops": 1
                                                    },
                                                    {
                                                        "Worker Number": 2,
                                                        "Actual Startup Time": 0.063,
                                                        "Actual Total Time": 107.346,
                                                        "Actual Rows": 93432,
                                                        "Actual Loops": 1
                                                    }
                                                ]
                                            }
                                        ]
                                    }
                                ]
                            }
                        ]
                    }
                ]
            }
        ]
    },
    "Planning Time": 0.738,
    "Triggers": [],
    "Execution Time": 398.872
}