[
  {
    "Plan": {
      "Node Type": "Aggregate",
      "Strategy": "Plain",
      "Partial Mode": "Finalize",
      "Parallel Aware": false,
      "Startup Cost": 351679.68,
      "Total Cost": 351679.69,
      "Plan Rows": 1,
      "Plan Width": 8,
      "Actual Startup Time": 741.209,
      "Actual Total Time": 782.967,
      "Actual Rows": 1,
      "Actual Loops": 1,
      "Plans": [
        {
          "Node Type": "Gather",
          "Parent Relationship": "Outer",
          "Parallel Aware": false,
          "Startup Cost": 351679.05,
          "Total Cost": 351679.66,
          "Plan Rows": 6,
          "Plan Width": 8,
          "Actual Startup Time": 741.039,
          "Actual Total Time": 782.948,
          "Actual Rows": 7,
          "Actual Loops": 1,
          "Workers Planned": 6,
          "Workers Launched": 6,
          "Single Copy": false,
          "Plans": [
            {
              "Node Type": "Aggregate",
              "Strategy": "Plain",
              "Partial Mode": "Partial",
              "Parent Relationship": "Outer",
              "Parallel Aware": false,
              "Startup Cost": 350679.05,
              "Total Cost": 350679.07,
              "Plan Rows": 1,
              "Plan Width": 8,
              "Actual Startup Time": 733.546,
              "Actual Total Time": 733.547,
              "Actual Rows": 1,
              "Actual Loops": 7,
              "Plans": [
                {
                  "Node Type": "Seq Scan",
                  "Parent Relationship": "Outer",
                  "Parallel Aware": true,
                  "Relation Name": "cast_info",
                  "Alias": "ci",
                  "Startup Cost": 0.0,
                  "Total Cost": 343316.27,
                  "Plan Rows": 2945114,
                  "Plan Width": 0,
                  "Actual Startup Time": 231.32,
                  "Actual Total Time": 641.876,
                  "Actual Rows": 2092590,
                  "Actual Loops": 7,
                  "Filter": "((person_id < 2802169) AND (role_id > 1))",
                  "Rows Removed by Filter": 3085173
                }
              ]
            }
          ]
        }
      ]
    },
    "Planning Time": 0.241,
    "Triggers": [],
    "Execution Time": 783.042
  }
]