[
  {
    "Plan": {
      "Node Type": "Aggregate",
      "Strategy": "Plain",
      "Partial Mode": "Finalize",
      "Parallel Aware": false,
      "Startup Cost": 101930.25,
      "Total Cost": 101930.26,
      "Plan Rows": 1,
      "Plan Width": 8,
      "Actual Startup Time": 278.775,
      "Actual Total Time": 292.141,
      "Actual Rows": 1,
      "Actual Loops": 1,
      "Plans": [
        {
          "Node Type": "Gather",
          "Parent Relationship": "Outer",
          "Parallel Aware": false,
          "Startup Cost": 101929.93,
          "Total Cost": 101930.24,
          "Plan Rows": 3,
          "Plan Width": 8,
          "Actual Startup Time": 270.72,
          "Actual Total Time": 292.131,
          "Actual Rows": 4,
          "Actual Loops": 1,
          "Workers Planned": 3,
          "Workers Launched": 3,
          "Single Copy": false,
          "Plans": [
            {
              "Node Type": "Aggregate",
              "Strategy": "Plain",
              "Partial Mode": "Partial",
              "Parent Relationship": "Outer",
              "Parallel Aware": false,
              "Startup Cost": 100929.93,
              "Total Cost": 100929.94,
              "Plan Rows": 1,
              "Plan Width": 8,
              "Actual Startup Time": 262.804,
              "Actual Total Time": 262.808,
              "Actual Rows": 1,
              "Actual Loops": 4,
              "Plans": [
                {
                  "Node Type": "Nested Loop",
                  "Parent Relationship": "Outer",
                  "Parallel Aware": false,
                  "Join Type": "Inner",
                  "Startup Cost": 51688.33,
                  "Total Cost": 100857.11,
                  "Plan Rows": 29130,
                  "Plan Width": 0,
                  "Actual Startup Time": 238.839,
                  "Actual Total Time": 262.707,
                  "Actual Rows": 1812,
                  "Actual Loops": 4,
                  "Inner Unique": false,
                  "Plans": [
                    {
                      "Node Type": "Hash Join",
                      "Parent Relationship": "Outer",
                      "Parallel Aware": true,
                      "Join Type": "Inner",
                      "Startup Cost": 51687.9,
                      "Total Cost": 70952.72,
                      "Plan Rows": 16281,
                      "Plan Width": 8,
                      "Actual Startup Time": 238.493,
                      "Actual Total Time": 258.279,
                      "Actual Rows": 347,
                      "Actual Loops": 4,
                      "Inner Unique": true,
                      "Hash Cond": "(mc.movie_id = t.id)",
                      "Plans": [
                        {
                          "Node Type": "Bitmap Heap Scan",
                          "Parent Relationship": "Outer",
                          "Parallel Aware": true,
                          "Relation Name": "movie_companies",
                          "Alias": "mc",
                          "Startup Cost": 2110.66,
                          "Total Cost": 21293.08,
                          "Plan Rows": 31394,
                          "Plan Width": 4,
                          "Actual Startup Time": 5.231,
                          "Actual Total Time": 12.959,
                          "Actual Rows": 24235,
                          "Actual Loops": 4,
                          "Recheck Cond": "(company_id > 159388)",
                          "Rows Removed by Index Recheck": 0,
                          "Exact Heap Blocks": 1068,
                          "Lossy Heap Blocks": 0,
                          "Plans": [
                            {
                              "Node Type": "Bitmap Index Scan",
                              "Parent Relationship": "Outer",
                              "Parallel Aware": false,
                              "Index Name": "company_id_movie_companies",
                              "Startup Cost": 0.0,
                              "Total Cost": 2086.33,
                              "Plan Rows": 97320,
                              "Plan Width": 0,
                              "Actual Startup Time": 4.7,
                              "Actual Total Time": 4.701,
                              "Actual Rows": 96941,
                              "Actual Loops": 1,
                              "Index Cond": "(company_id > 159388)"
                            }
                          ]
                        },
                        {
                          "Node Type": "Hash",
                          "Parent Relationship": "Inner",
                          "Parallel Aware": true,
                          "Startup Cost": 45479.59,
                          "Total Cost": 45479.59,
                          "Plan Rows": 327812,
                          "Plan Width": 4,
                          "Actual Startup Time": 227.907,
                          "Actual Total Time": 227.907,
                          "Actual Rows": 346680,
                          "Actual Loops": 4,
                          "Hash Buckets": 2097152,
                          "Original Hash Buckets": 2097152,
                          "Hash Batches": 1,
                          "Original Hash Batches": 1,
                          "Peak Memory Usage": 70688,
                          "Plans": [
                            {
                              "Node Type": "Seq Scan",
                              "Parent Relationship": "Outer",
                              "Parallel Aware": true,
                              "Relation Name": "title",
                              "Alias": "t",
                              "Startup Cost": 0.0,
                              "Total Cost": 45479.59,
                              "Plan Rows": 327812,
                              "Plan Width": 4,
                              "Actual Startup Time": 0.035,
                              "Actual Total Time": 104.69,
                              "Actual Rows": 346680,
                              "Actual Loops": 4,
                              "Filter": "((kind_id > 4) AND (production_year > 1967))",
                              "Rows Removed by Filter": 285398
                            }
                          ]
                        }
                      ]
                    },
                    {
                      "Node Type": "Index Only Scan",
                      "Parent Relationship": "Inner",
                      "Parallel Aware": false,
                      "Scan Direction": "Forward",
                      "Index Name": "movie_id_movie_keyword",
                      "Relation Name": "movie_keyword",
                      "Alias": "mk",
                      "Startup Cost": 0.43,
                      "Total Cost": 1.38,
                      "Plan Rows": 46,
                      "Plan Width": 4,
                      "Actual Startup Time": 0.011,
                      "Actual Total Time": 0.012,
                      "Actual Rows": 5,
                      "Actual Loops": 1389,
                      "Index Cond": "(movie_id = t.id)",
                      "Rows Removed by Index Recheck": 0,
                      "Heap Fetches": 7246
                    }
                  ]
                }
              ]
            }
          ]
        }
      ]
    },
    "Planning Time": 0.841,
    "Triggers": [],
    "Execution Time": 292.202
  }
]