[
  {
    "Plan": {
      "Node Type": "Aggregate",
      "Strategy": "Plain",
      "Partial Mode": "Finalize",
      "Parallel Aware": false,
      "Startup Cost": 94004.86,
      "Total Cost": 94004.87,
      "Plan Rows": 1,
      "Plan Width": 8,
      "Actual Startup Time": 177.561,
      "Actual Total Time": 189.797,
      "Actual Rows": 1,
      "Actual Loops": 1,
      "Plans": [
        {
          "Node Type": "Gather",
          "Parent Relationship": "Outer",
          "Parallel Aware": false,
          "Startup Cost": 94004.44,
          "Total Cost": 94004.85,
          "Plan Rows": 4,
          "Plan Width": 8,
          "Actual Startup Time": 177.033,
          "Actual Total Time": 189.788,
          "Actual Rows": 5,
          "Actual Loops": 1,
          "Workers Planned": 4,
          "Workers Launched": 4,
          "Single Copy": false,
          "Plans": [
            {
              "Node Type": "Aggregate",
              "Strategy": "Plain",
              "Partial Mode": "Partial",
              "Parent Relationship": "Outer",
              "Parallel Aware": false,
              "Startup Cost": 93004.44,
              "Total Cost": 93004.45,
              "Plan Rows": 1,
              "Plan Width": 8,
              "Actual Startup Time": 166.679,
              "Actual Total Time": 166.683,
              "Actual Rows": 1,
              "Actual Loops": 5,
              "Plans": [
                {
                  "Node Type": "Nested Loop",
                  "Parent Relationship": "Outer",
                  "Parallel Aware": false,
                  "Join Type": "Inner",
                  "Startup Cost": 21838.49,
                  "Total Cost": 92945.23,
                  "Plan Rows": 23682,
                  "Plan Width": 0,
                  "Actual Startup Time": 145.907,
                  "Actual Total Time": 166.587,
                  "Actual Rows": 1449,
                  "Actual Loops": 5,
                  "Inner Unique": false,
                  "Plans": [
                    {
                      "Node Type": "Hash Join",
                      "Parent Relationship": "Outer",
                      "Parallel Aware": true,
                      "Join Type": "Inner",
                      "Startup Cost": 21838.06,
                      "Total Cost": 68993.51,
                      "Plan Rows": 13235,
                      "Plan Width": 8,
                      "Actual Startup Time": 144.323,
                      "Actual Total Time": 162.517,
                      "Actual Rows": 278,
                      "Actual Loops": 5,
                      "Inner Unique": false,
                      "Hash Cond": "(t.id = mc.movie_id)",
                      "Plans": [
                        {
                          "Node Type": "Seq Scan",
                          "Parent Relationship": "Outer",
                          "Parallel Aware": true,
                          "Relation Name": "title",
                          "Alias": "t",
                          "Startup Cost": 0.0,
                          "Total Cost": 45479.1,
                          "Plan Rows": 326732,
                          "Plan Width": 4,
                          "Actual Startup Time": 0.018,
                          "Actual Total Time": 83.485,
                          "Actual Rows": 277344,
                          "Actual Loops": 5,
                          "Filter": "((kind_id > 4) AND (production_year > 1967))",
                          "Rows Removed by Filter": 228319
                        },
                        {
                          "Node Type": "Hash",
                          "Parent Relationship": "Inner",
                          "Parallel Aware": true,
                          "Startup Cost": 21425.1,
                          "Total Cost": 21425.1,
                          "Plan Rows": 33037,
                          "Plan Width": 4,
                          "Actual Startup Time": 36.514,
                          "Actual Total Time": 36.516,
                          "Actual Rows": 19388,
                          "Actual Loops": 5,
                          "Hash Buckets": 131072,
                          "Original Hash Buckets": 131072,
                          "Hash Batches": 1,
                          "Original Hash Batches": 1,
                          "Peak Memory Usage": 4896,
                          "Plans": [
                            {
                              "Node Type": "Bitmap Heap Scan",
                              "Parent Relationship": "Outer",
                              "Parallel Aware": true,
                              "Relation Name": "movie_companies",
                              "Alias": "mc",
                              "Startup Cost": 2222.14,
                              "Total Cost": 21425.1,
                              "Plan Rows": 33037,
                              "Plan Width": 4,
                              "Actual Startup Time": 7.998,
                              "Actual Total Time": 27.067,
                              "Actual Rows": 19388,
                              "Actual Loops": 5,
                              "Recheck Cond": "(company_id > 159388)",
                              "Rows Removed by Index Recheck": 0,
                              "Exact Heap Blocks": 1292,
                              "Lossy Heap Blocks": 0,
                              "Plans": [
                                {
                                  "Node Type": "Bitmap Index Scan",
                                  "Parent Relationship": "Outer",
                                  "Parallel Aware": false,
                                  "Index Name": "company_id_movie_companies",
                                  "Startup Cost": 0.0,
                                  "Total Cost": 2196.53,
                                  "Plan Rows": 102414,
                                  "Plan Width": 0,
                                  "Actual Startup Time": 11.448,
                                  "Actual Total Time": 11.448,
                                  "Actual Rows": 96941,
                                  "Actual Loops": 1,
                                  "Index Cond": "(company_id > 159388)"
                                }
                              ]
                            }
                          ]
                        }
                      ]
                    },
                    {
                      "Node Type": "Index Only Scan",
                      "Parent Relationship": "Inner",
                      "Parallel Aware": false,
                      "Scan Direction": "Forward",
                      "Index Name": "movie_id_movie_keyword",
                      "Relation Name": "movie_keyword",
                      "Alias": "mk",
                      "Startup Cost": 0.43,
                      "Total Cost": 1.36,
                      "Plan Rows": 45,
                      "Plan Width": 4,
                      "Actual Startup Time": 0.013,
                      "Actual Total Time": 0.014,
                      "Actual Rows": 5,
                      "Actual Loops": 1389,
                      "Index Cond": "(movie_id = t.id)",
                      "Rows Removed by Index Recheck": 0,
                      "Heap Fetches": 7246
                    }
                  ]
                }
              ]
            }
          ]
        }
      ]
    },
    "Planning Time": 1.405,
    "Triggers": [],
    "Execution Time": 189.901
  }
]