[
  {
    "Plan": {
      "Node Type": "Aggregate",
      "Strategy": "Plain",
      "Partial Mode": "Finalize",
      "Parallel Aware": false,
      "Startup Cost": 206831.53,
      "Total Cost": 206831.54,
      "Plan Rows": 1,
      "Plan Width": 8,
      "Actual Startup Time": 504.487,
      "Actual Total Time": 539.491,
      "Actual Rows": 1,
      "Actual Loops": 1,
      "Plans": [
        {
          "Node Type": "Gather",
          "Parent Relationship": "Outer",
          "Parallel Aware": false,
          "Startup Cost": 206831.0,
          "Total Cost": 206831.51,
          "Plan Rows": 5,
          "Plan Width": 8,
          "Actual Startup Time": 504.361,
          "Actual Total Time": 539.483,
          "Actual Rows": 6,
          "Actual Loops": 1,
          "Workers Planned": 5,
          "Workers Launched": 5,
          "Single Copy": false,
          "Plans": [
            {
              "Node Type": "Aggregate",
              "Strategy": "Plain",
              "Partial Mode": "Partial",
              "Parent Relationship": "Outer",
              "Parallel Aware": false,
              "Startup Cost": 205831.0,
              "Total Cost": 205831.01,
              "Plan Rows": 1,
              "Plan Width": 8,
              "Actual Startup Time": 495.514,
              "Actual Total Time": 495.515,
              "Actual Rows": 1,
              "Actual Loops": 6,
              "Plans": [
                {
                  "Node Type": "Seq Scan",
                  "Parent Relationship": "Outer",
                  "Parallel Aware": true,
                  "Relation Name": "movie_info",
                  "Alias": "mi",
                  "Startup Cost": 0.0,
                  "Total Cost": 198952.16,
                  "Plan Rows": 2751536,
                  "Plan Width": 0,
                  "Actual Startup Time": 0.058,
                  "Actual Total Time": 388.448,
                  "Actual Rows": 2310014,
                  "Actual Loops": 6,
                  "Filter": "(info_type_id < 92)",
                  "Rows Removed by Filter": 162606
                }
              ]
            }
          ]
        }
      ]
    },
    "Planning Time": 0.183,
    "Triggers": [],
    "Execution Time": 539.556
  }
]