[
  {
    "Plan": {
      "Node Type": "Aggregate",
      "Strategy": "Plain",
      "Partial Mode": "Finalize",
      "Parallel Aware": false,
      "Startup Cost": 350391.62,
      "Total Cost": 350391.63,
      "Plan Rows": 1,
      "Plan Width": 8,
      "Actual Startup Time": 881.096,
      "Actual Total Time": 944.995,
      "Actual Rows": 1,
      "Actual Loops": 1,
      "Plans": [
        {
          "Node Type": "Gather",
          "Parent Relationship": "Outer",
          "Parallel Aware": false,
          "Startup Cost": 350390.99,
          "Total Cost": 350391.6,
          "Plan Rows": 6,
          "Plan Width": 8,
          "Actual Startup Time": 880.943,
          "Actual Total Time": 944.984,
          "Actual Rows": 7,
          "Actual Loops": 1,
          "Workers Planned": 6,
          "Workers Launched": 6,
          "Single Copy": false,
          "Plans": [
            {
              "Node Type": "Aggregate",
              "Strategy": "Plain",
              "Partial Mode": "Partial",
              "Parent Relationship": "Outer",
              "Parallel Aware": false,
              "Startup Cost": 349390.99,
              "Total Cost": 349391.0,
              "Plan Rows": 1,
              "Plan Width": 8,
              "Actual Startup Time": 871.784,
              "Actual Total Time": 871.786,
              "Actual Rows": 1,
              "Actual Loops": 7,
              "Plans": [
                {
                  "Node Type": "Seq Scan",
                  "Parent Relationship": "Outer",
                  "Parallel Aware": true,
                  "Relation Name": "cast_info",
                  "Alias": "ci",
                  "Startup Cost": 0.0,
                  "Total Cost": 343316.27,
                  "Plan Rows": 2429889,
                  "Plan Width": 0,
                  "Actual Startup Time": 236.225,
                  "Actual Total Time": 738.937,
                  "Actual Rows": 2814566,
                  "Actual Loops": 7,
                  "Filter": "((person_id > 1375298) AND (role_id > 1))",
                  "Rows Removed by Filter": 2363198
                }
              ]
            }
          ]
        }
      ]
    },
    "Planning Time": 0.126,
    "Triggers": [],
    "Execution Time": 945.051
  }
]