[
  {
    "Plan": {
      "Node Type": "Aggregate",
      "Strategy": "Plain",
      "Partial Mode": "Finalize",
      "Parallel Aware": false,
      "Startup Cost": 350344.19,
      "Total Cost": 350344.2,
      "Plan Rows": 1,
      "Plan Width": 8,
      "Actual Startup Time": 803.887,
      "Actual Total Time": 861.559,
      "Actual Rows": 1,
      "Actual Loops": 1,
      "Plans": [
        {
          "Node Type": "Gather",
          "Parent Relationship": "Outer",
          "Parallel Aware": false,
          "Startup Cost": 350343.56,
          "Total Cost": 350344.17,
          "Plan Rows": 6,
          "Plan Width": 8,
          "Actual Startup Time": 803.752,
          "Actual Total Time": 861.55,
          "Actual Rows": 7,
          "Actual Loops": 1,
          "Workers Planned": 6,
          "Workers Launched": 6,
          "Single Copy": false,
          "Plans": [
            {
              "Node Type": "Aggregate",
              "Strategy": "Plain",
              "Partial Mode": "Partial",
              "Parent Relationship": "Outer",
              "Parallel Aware": false,
              "Startup Cost": 349343.56,
              "Total Cost": 349343.57,
              "Plan Rows": 1,
              "Plan Width": 8,
              "Actual Startup Time": 793.598,
              "Actual Total Time": 793.599,
              "Actual Rows": 1,
              "Actual Loops": 7,
              "Plans": [
                {
                  "Node Type": "Seq Scan",
                  "Parent Relationship": "Outer",
                  "Parallel Aware": true,
                  "Relation Name": "cast_info",
                  "Alias": "ci",
                  "Startup Cost": 0.0,
                  "Total Cost": 343257.03,
                  "Plan Rows": 2434614,
                  "Plan Width": 0,
                  "Actual Startup Time": 216.301,
                  "Actual Total Time": 675.956,
                  "Actual Rows": 2814566,
                  "Actual Loops": 7,
                  "Filter": "((person_id > 1375298) AND (role_id > 1))",
                  "Rows Removed by Filter": 2363198
                }
              ]
            }
          ]
        }
      ]
    },
    "Planning Time": 0.148,
    "Triggers": [],
    "Execution Time": 861.615
  }
]