[
  {
    "Plan": {
      "Node Type": "Aggregate",
      "Strategy": "Plain",
      "Partial Mode": "Finalize",
      "Parallel Aware": false,
      "Startup Cost": 348991.32,
      "Total Cost": 348991.33,
      "Plan Rows": 1,
      "Plan Width": 8,
      "Actual Startup Time": 693.873,
      "Actual Total Time": 719.773,
      "Actual Rows": 1,
      "Actual Loops": 1,
      "Plans": [
        {
          "Node Type": "Gather",
          "Parent Relationship": "Outer",
          "Parallel Aware": false,
          "Startup Cost": 348990.7,
          "Total Cost": 348991.3,
          "Plan Rows": 6,
          "Plan Width": 8,
          "Actual Startup Time": 693.78,
          "Actual Total Time": 719.766,
          "Actual Rows": 7,
          "Actual Loops": 1,
          "Workers Planned": 6,
          "Workers Launched": 6,
          "Single Copy": false,
          "Plans": [
            {
              "Node Type": "Aggregate",
              "Strategy": "Plain",
              "Partial Mode": "Partial",
              "Parent Relationship": "Outer",
              "Parallel Aware": false,
              "Startup Cost": 347990.7,
              "Total Cost": 347990.71,
              "Plan Rows": 1,
              "Plan Width": 8,
              "Actual Startup Time": 688.08,
              "Actual Total Time": 688.081,
              "Actual Rows": 1,
              "Actual Loops": 7,
              "Plans": [
                {
                  "Node Type": "Seq Scan",
                  "Parent Relationship": "Outer",
                  "Parallel Aware": true,
                  "Relation Name": "cast_info",
                  "Alias": "ci",
                  "Startup Cost": 0.0,
                  "Total Cost": 343318.94,
                  "Plan Rows": 1868702,
                  "Plan Width": 0,
                  "Actual Startup Time": 0.035,
                  "Actual Total Time": 604.911,
                  "Actual Rows": 1752721,
                  "Actual Loops": 7,
                  "Filter": "((person_id < 1264664) AND (role_id < 10))",
                  "Rows Removed by Filter": 3425042
                }
              ]
            }
          ]
        }
      ]
    },
    "Planning Time": 0.118,
    "Triggers": [],
    "Execution Time": 719.808
  }
]