[
  {
    "Plan": {
      "Node Type": "Aggregate",
      "Strategy": "Plain",
      "Partial Mode": "Finalize",
      "Parallel Aware": false,
      "Startup Cost": 385547.34,
      "Total Cost": 385547.35,
      "Plan Rows": 1,
      "Plan Width": 8,
      "Actual Startup Time": 1248.928,
      "Actual Total Time": 1299.612,
      "Actual Rows": 1,
      "Actual Loops": 1,
      "Plans": [
        {
          "Node Type": "Gather",
          "Parent Relationship": "Outer",
          "Parallel Aware": false,
          "Startup Cost": 385546.72,
          "Total Cost": 385547.33,
          "Plan Rows": 6,
          "Plan Width": 8,
          "Actual Startup Time": 1244.168,
          "Actual Total Time": 1299.594,
          "Actual Rows": 7,
          "Actual Loops": 1,
          "Workers Planned": 6,
          "Workers Launched": 6,
          "Single Copy": false,
          "Plans": [
            {
              "Node Type": "Aggregate",
              "Strategy": "Plain",
              "Partial Mode": "Partial",
              "Parent Relationship": "Outer",
              "Parallel Aware": false,
              "Startup Cost": 384546.72,
              "Total Cost": 384546.73,
              "Plan Rows": 1,
              "Plan Width": 8,
              "Actual Startup Time": 1236.42,
              "Actual Total Time": 1236.423,
              "Actual Rows": 1,
              "Actual Loops": 7,
              "Plans": [
                {
                  "Node Type": "Hash Join",
                  "Parent Relationship": "Outer",
                  "Parallel Aware": true,
                  "Join Type": "Inner",
                  "Startup Cost": 47560.71,
                  "Total Cost": 382787.05,
                  "Plan Rows": 703869,
                  "Plan Width": 0,
                  "Actual Startup Time": 428.453,
                  "Actual Total Time": 1204.885,
                  "Actual Rows": 668135,
                  "Actual Loops": 7,
                  "Inner Unique": true,
                  "Hash Cond": "(ci.movie_id = t.id)",
                  "Plans": [
                    {
                      "Node Type": "Seq Scan",
                      "Parent Relationship": "Outer",
                      "Parallel Aware": true,
                      "Relation Name": "cast_info",
                      "Alias": "ci",
                      "Startup Cost": 0.0,
                      "Total Cost": 328211.39,
                      "Plan Rows": 2672355,
                      "Plan Width": 4,
                      "Actual Startup Time": 316.663,
                      "Actual Total Time": 642.373,
                      "Actual Rows": 2303098,
                      "Actual Loops": 7,
                      "Filter": "(role_id > 2)",
                      "Rows Removed by Filter": 2874666
                    },
                    {
                      "Node Type": "Hash",
                      "Parent Relationship": "Inner",
                      "Parallel Aware": true,
                      "Startup Cost": 45479.59,
                      "Total Cost": 45479.59,
                      "Plan Rows": 166490,
                      "Plan Width": 4,
                      "Actual Startup Time": 109.635,
                      "Actual Total Time": 109.636,
                      "Actual Rows": 78231,
                      "Actual Loops": 7,
                      "Hash Buckets": 1048576,
                      "Original Hash Buckets": 1048576,
                      "Hash Batches": 1,
                      "Original Hash Batches": 1,
                      "Peak Memory Usage": 29760,
                      "Plans": [
                        {
                          "Node Type": "Seq Scan",
                          "Parent Relationship": "Outer",
                          "Parallel Aware": true,
                          "Relation Name": "title",
                          "Alias": "t",
                          "Startup Cost": 0.0,
                          "Total Cost": 45479.59,
                          "Plan Rows": 166490,
                          "Plan Width": 4,
                          "Actual Startup Time": 0.034,
                          "Actual Total Time": 73.508,
                          "Actual Rows": 78231,
                          "Actual Loops": 7,
                          "Filter": "((kind_id < 4) AND (production_year > 1978))",
                          "Rows Removed by Filter": 282957
                        }
                      ]
                    }
                  ]
                }
              ]
            }
          ]
        }
      ]
    },
    "Planning Time": 0.355,
    "Triggers": [],
    "Execution Time": 1299.668
  }
]