{
  "Plan": {
    "Node Type": "Aggregate",
    "Strategy": "Plain",
    "Partial Mode": "Finalize",
    "Parallel Aware": false,
    "Startup Cost": 403789.32,
    "Total Cost": 403789.33,
    "Plan Rows": 1,
    "Plan Width": 8,
    "Actual Startup Time": 2222.999,
    "Actual Total Time": 2267.552,
    "Actual Rows": 1,
    "Actual Loops": 1,
    "Plans": [
      {
        "Node Type": "Gather",
        "Parent Relationship": "Outer",
        "Parallel Aware": false,
        "Startup Cost": 403789.21,
        "Total Cost": 403789.32,
        "Plan Rows": 1,
        "Plan Width": 8,
        "Actual Startup Time": 2219.269,
        "Actual Total Time": 2267.542,
        "Actual Rows": 2,
        "Actual Loops": 1,
        "Workers Planned": 1,
        "Workers Launched": 1,
        "Single Copy": false,
        "Plans": [
          {
            "Node Type": "Aggregate",
            "Strategy": "Plain",
            "Partial Mode": "Partial",
            "Parent Relationship": "Outer",
            "Parallel Aware": false,
            "Startup Cost": 402789.21,
            "Total Cost": 402789.22,
            "Plan Rows": 1,
            "Plan Width": 8,
            "Actual Startup Time": 2214.077,
            "Actual Total Time": 2214.92,
            "Actual Rows": 1,
            "Actual Loops": 2,
            "Plans": [
              {
                "Node Type": "Hash Join",
                "Parent Relationship": "Outer",
                "Parallel Aware": true,
                "Join Type": "Inner",
                "Startup Cost": 357967.18,
                "Total Cost": 402155.37,
                "Plan Rows": 253537,
                "Plan Width": 0,
                "Actual Startup Time": 1836.61,
                "Actual Total Time": 2157.166,
                "Actual Rows": 1444610,
                "Actual Loops": 2,
                "Inner Unique": false,
                "Hash Cond": "(mc.movie_id = t.id)",
                "Plans": [
                  {
                    "Node Type": "Seq Scan",
                    "Parent Relationship": "Outer",
                    "Parallel Aware": true,
                    "Relation Name": "movie_companies",
                    "Alias": "mc",
                    "Startup Cost": 0.0,
                    "Total Cost": 37974.77,
                    "Plan Rows": 755522,
                    "Plan Width": 4,
                    "Actual Startup Time": 0.015,
                    "Actual Total Time": 105.178,
                    "Actual Rows": 637123,
                    "Actual Loops": 2,
                    "Filter": "(company_type_id = 1)",
                    "Rows Removed by Filter": 667442
                  },
                  {
                    "Node Type": "Hash",
                    "Parent Relationship": "Inner",
                    "Parallel Aware": true,
                    "Startup Cost": 351728.63,
                    "Total Cost": 351728.63,
                    "Plan Rows": 499084,
                    "Plan Width": 8,
                    "Actual Startup Time": 1827.228,
                    "Actual Total Time": 1828.069,
                    "Actual Rows": 591054,
                    "Actual Loops": 2,
                    "Hash Buckets": 2097152,
                    "Original Hash Buckets": 1048576,
                    "Hash Batches": 1,
                    "Original Hash Batches": 1,
                    "Peak Memory Usage": 70848,
                    "Plans": [
                      {
                        "Node Type": "Hash Join",
                        "Parent Relationship": "Outer",
                        "Parallel Aware": true,
                        "Join Type": "Inner",
                        "Startup Cost": 59434.12,
                        "Total Cost": 351728.63,
                        "Plan Rows": 499084,
                        "Plan Width": 8,
                        "Actual Startup Time": 152.868,
                        "Actual Total Time": 1646.777,
                        "Actual Rows": 591054,
                        "Actual Loops": 2,
                        "Inner Unique": true,
                        "Hash Cond": "(mi.movie_id = t.id)",
                        "Plans": [
                          {
                            "Node Type": "Seq Scan",
                            "Parent Relationship": "Outer",
                            "Parallel Aware": true,
                            "Relation Name": "movie_info",
                            "Alias": "mi",
                            "Startup Cost": 0.0,
                            "Total Cost": 270696.42,
                            "Plan Rows": 8227834,
                            "Plan Width": 4,
                            "Actual Startup Time": 0.012,
                            "Actual Total Time": 753.957,
                            "Actual Rows": 7016790,
                            "Actual Loops": 2,
                            "Filter": "(info_type_id > 1)",
                            "Rows Removed by Filter": 401070
                          },
                          {
                            "Node Type": "Hash",
                            "Parent Relationship": "Inner",
                            "Parallel Aware": true,
                            "Startup Cost": 58306.47,
                            "Total Cost": 58306.47,
                            "Plan Rows": 90212,
                            "Plan Width": 4,
                            "Actual Startup Time": 150.21,
                            "Actual Total Time": 150.211,
                            "Actual Rows": 67380,
                            "Actual Loops": 2,
                            "Hash Buckets": 262144,
                            "Original Hash Buckets": 262144,
                            "Hash Batches": 1,
                            "Original Hash Batches": 1,
                            "Peak Memory Usage": 7360,
                            "Plans": [
                              {
                                "Node Type": "Seq Scan",
                                "Parent Relationship": "Outer",
                                "Parallel Aware": true,
                                "Relation Name": "title",
                                "Alias": "t",
                                "Startup Cost": 0.0,
                                "Total Cost": 58306.47,
                                "Plan Rows": 90212,
                                "Plan Width": 4,
                                "Actual Startup Time": 0.08,
                                "Actual Total Time": 131.329,
                                "Actual Rows": 67380,
                                "Actual Loops": 2,
                                "Filter": "((kind_id < 7) AND (production_year > 2010))",
                                "Rows Removed by Filter": 1196776
                              }
                            ]
                          }
                        ]
                      }
                    ]
                  }
                ]
              }
            ]
          }
        ]
      }
    ]
  },
  "Planning Time": 1.036,
  "Triggers": [],
  "Execution Time": 2267.646
}