[
  {
    "Plan": {
      "Node Type": "Aggregate",
      "Strategy": "Plain",
      "Partial Mode": "Finalize",
      "Parallel Aware": false,
      "Startup Cost": 125886.38,
      "Total Cost": 125886.39,
      "Plan Rows": 1,
      "Plan Width": 8,
      "Actual Startup Time": 878.099,
      "Actual Total Time": 947.164,
      "Actual Rows": 1,
      "Actual Loops": 1,
      "Plans": [
        {
          "Node Type": "Gather",
          "Parent Relationship": "Outer",
          "Parallel Aware": false,
          "Startup Cost": 125886.07,
          "Total Cost": 125886.38,
          "Plan Rows": 3,
          "Plan Width": 8,
          "Actual Startup Time": 868.86,
          "Actual Total Time": 947.152,
          "Actual Rows": 4,
          "Actual Loops": 1,
          "Workers Planned": 3,
          "Workers Launched": 3,
          "Single Copy": false,
          "Plans": [
            {
              "Node Type": "Aggregate",
              "Strategy": "Plain",
              "Partial Mode": "Partial",
              "Parent Relationship": "Outer",
              "Parallel Aware": false,
              "Startup Cost": 124886.07,
              "Total Cost": 124886.08,
              "Plan Rows": 1,
              "Plan Width": 8,
              "Actual Startup Time": 849.83,
              "Actual Total Time": 849.834,
              "Actual Rows": 1,
              "Actual Loops": 4,
              "Plans": [
                {
                  "Node Type": "Nested Loop",
                  "Parent Relationship": "Outer",
                  "Parallel Aware": false,
                  "Join Type": "Inner",
                  "Startup Cost": 51845.16,
                  "Total Cost": 124779.17,
                  "Plan Rows": 42760,
                  "Plan Width": 0,
                  "Actual Startup Time": 341.373,
                  "Actual Total Time": 847.746,
                  "Actual Rows": 33018,
                  "Actual Loops": 4,
                  "Inner Unique": false,
                  "Plans": [
                    {
                      "Node Type": "Hash Join",
                      "Parent Relationship": "Outer",
                      "Parallel Aware": true,
                      "Join Type": "Inner",
                      "Startup Cost": 51844.6,
                      "Total Cost": 76671.62,
                      "Plan Rows": 24663,
                      "Plan Width": 8,
                      "Actual Startup Time": 340.87,
                      "Actual Total Time": 377.56,
                      "Actual Rows": 18124,
                      "Actual Loops": 4,
                      "Inner Unique": true,
                      "Hash Cond": "(mk.movie_id = t.id)",
                      "Plans": [
                        {
                          "Node Type": "Bitmap Heap Scan",
                          "Parent Relationship": "Outer",
                          "Parallel Aware": true,
                          "Relation Name": "movie_keyword",
                          "Alias": "mk",
                          "Startup Cost": 1624.95,
                          "Total Cost": 26387.23,
                          "Plan Rows": 24663,
                          "Plan Width": 4,
                          "Actual Startup Time": 6.782,
                          "Actual Total Time": 26.034,
                          "Actual Rows": 18124,
                          "Actual Loops": 4,
                          "Recheck Cond": "(keyword_id = 335)",
                          "Rows Removed by Index Recheck": 0,
                          "Exact Heap Blocks": 5799,
                          "Lossy Heap Blocks": 0,
                          "Plans": [
                            {
                              "Node Type": "Bitmap Index Scan",
                              "Parent Relationship": "Outer",
                              "Parallel Aware": false,
                              "Index Name": "keyword_id_movie_keyword",
                              "Startup Cost": 0.0,
                              "Total Cost": 1605.84,
                              "Plan Rows": 76454,
                              "Plan Width": 0,
                              "Actual Startup Time": 4.456,
                              "Actual Total Time": 4.457,
                              "Actual Rows": 72496,
                              "Actual Loops": 1,
                              "Index Cond": "(keyword_id = 335)"
                            }
                          ]
                        },
                        {
                          "Node Type": "Hash",
                          "Parent Relationship": "Inner",
                          "Parallel Aware": true,
                          "Startup Cost": 42318.73,
                          "Total Cost": 42318.73,
                          "Plan Rows": 632073,
                          "Plan Width": 4,
                          "Actual Startup Time": 322.708,
                          "Actual Total Time": 322.709,
                          "Actual Rows": 632078,
                          "Actual Loops": 4,
                          "Hash Buckets": 4194304,
                          "Original Hash Buckets": 4194304,
                          "Hash Batches": 1,
                          "Original Hash Batches": 1,
                          "Peak Memory Usage": 131744,
                          "Plans": [
                            {
                              "Node Type": "Seq Scan",
                              "Parent Relationship": "Outer",
                              "Parallel Aware": true,
                              "Relation Name": "title",
                              "Alias": "t",
                              "Startup Cost": 0.0,
                              "Total Cost": 42318.73,
                              "Plan Rows": 632073,
                              "Plan Width": 4,
                              "Actual Startup Time": 0.036,
                              "Actual Total Time": 93.64,
                              "Actual Rows": 632078,
                              "Actual Loops": 4
                            }
                          ]
                        }
                      ]
                    },
                    {
                      "Node Type": "Index Scan",
                      "Parent Relationship": "Inner",
                      "Parallel Aware": false,
                      "Scan Direction": "Forward",
                      "Index Name": "movie_id_cast_info",
                      "Relation Name": "cast_info",
                      "Alias": "ci",
                      "Startup Cost": 0.56,
                      "Total Cost": 1.91,
                      "Plan Rows": 4,
                      "Plan Width": 4,
                      "Actual Startup Time": 0.023,
                      "Actual Total Time": 0.026,
                      "Actual Rows": 2,
                      "Actual Loops": 72496,
                      "Index Cond": "(movie_id = t.id)",
                      "Rows Removed by Index Recheck": 0,
                      "Filter": "(role_id = 10)",
                      "Rows Removed by Filter": 14
                    }
                  ]
                }
              ]
            }
          ]
        }
      ]
    },
    "Planning Time": 1.311,
    "Triggers": [],
    "Execution Time": 947.29
  }
]