[
    {
        "Bao": {
            "Bao prediction": 597.799,
            "Bao recommended hint": "(no hint)"
        }
    },
    {
        "Plan": {
            "Node Type": "Aggregate",
            "Strategy": "Plain",
            "Partial Mode": "Simple",
            "Parallel Aware": false,
            "Startup Cost": 26884.43,
            "Total Cost": 26884.44,
            "Plan Rows": 1,
            "Plan Width": 8,
            "Actual Startup Time": 61.067,
            "Actual Total Time": 61.069,
            "Actual Rows": 1,
            "Actual Loops": 1,
            "Output": [
                "count(*)"
            ],
            "Plans": [
                {
                    "Node Type": "Bitmap Heap Scan",
                    "Parent Relationship": "Outer",
                    "Parallel Aware": false,
                    "Relation Name": "movie_keyword",
                    "Schema": "public",
                    "Alias": "mk",
                    "Startup Cost": 1424.28,
                    "Total Cost": 26716.74,
                    "Plan Rows": 67077,
                    "Plan Width": 0,
                    "Actual Startup Time": 21.359,
                    "Actual Total Time": 57.554,
                    "Actual Rows": 62621,
                    "Actual Loops": 1,
                    "Recheck Cond": "(mk.keyword_id > 94096)",
                    "Rows Removed by Index Recheck": 0,
                    "Exact Heap Blocks": 14013,
                    "Lossy Heap Blocks": 0,
                    "Plans": [
                        {
                            "Node Type": "Bitmap Index Scan",
                            "Parent Relationship": "Outer",
                            "Parallel Aware": false,
                            "Index Name": "keyword_id_movie_keyword",
                            "Startup Cost": 0.0,
                            "Total Cost": 1407.51,
                            "Plan Rows": 67077,
                            "Plan Width": 0,
                            "Actual Startup Time": 16.392,
                            "Actual Total Time": 16.392,
                            "Actual Rows": 62621,
                            "Actual Loops": 1,
                            "Index Cond": "(mk.keyword_id > 94096)"
                        }
                    ]
                }
            ]
        },
        "Planning Time": 1496.495,
        "Triggers": [],
        "Execution Time": 61.246
    }
]