[
    {
        "Bao": {
            "Bao prediction": "NaN",
            "Bao recommended hint": "(no hint)"
        }
    },
    {
        "Plan": {
            "Node Type": "Aggregate",
            "Strategy": "Plain",
            "Partial Mode": "Simple",
            "Parallel Aware": false,
            "Startup Cost": 4664.88,
            "Total Cost": 4664.89,
            "Plan Rows": 1,
            "Plan Width": 8,
            "Actual Startup Time": 4.807,
            "Actual Total Time": 4.809,
            "Actual Rows": 1,
            "Actual Loops": 1,
            "Output": [
                "count(*)"
            ],
            "Plans": [
                {
                    "Node Type": "Index Scan",
                    "Parent Relationship": "Outer",
                    "Parallel Aware": false,
                    "Scan Direction": "Forward",
                    "Index Name": "company_id_movie_companies",
                    "Relation Name": "movie_companies",
                    "Schema": "public",
                    "Alias": "mc",
                    "Startup Cost": 0.43,
                    "Total Cost": 4662.52,
                    "Plan Rows": 941,
                    "Plan Width": 0,
                    "Actual Startup Time": 0.695,
                    "Actual Total Time": 4.691,
                    "Actual Rows": 743,
                    "Actual Loops": 1,
                    "Output": [
                        "id",
                        "movie_id",
                        "company_id",
                        "company_type_id",
                        "note"
                    ],
                    "Index Cond": "(mc.company_id < 6)",
                    "Rows Removed by Index Recheck": 0,
                    "Filter": "(mc.company_type_id > 1)",
                    "Rows Removed by Filter": 3969
                }
            ]
        },
        "Planning Time": 276.864,
        "Triggers": [],
        "Execution Time": 4.876
    }
]