[
  {
    "Plan": {
      "Node Type": "Aggregate",
      "Strategy": "Plain",
      "Partial Mode": "Finalize",
      "Parallel Aware": false,
      "Startup Cost": 80380.53,
      "Total Cost": 80380.54,
      "Plan Rows": 1,
      "Plan Width": 8,
      "Actual Startup Time": 292.072,
      "Actual Total Time": 309.886,
      "Actual Rows": 1,
      "Actual Loops": 1,
      "Plans": [
        {
          "Node Type": "Gather",
          "Parent Relationship": "Outer",
          "Parallel Aware": false,
          "Startup Cost": 80380.22,
          "Total Cost": 80380.53,
          "Plan Rows": 3,
          "Plan Width": 8,
          "Actual Startup Time": 288.568,
          "Actual Total Time": 309.878,
          "Actual Rows": 4,
          "Actual Loops": 1,
          "Workers Planned": 3,
          "Workers Launched": 3,
          "Single Copy": false,
          "Plans": [
            {
              "Node Type": "Aggregate",
              "Strategy": "Plain",
              "Partial Mode": "Partial",
              "Parent Relationship": "Outer",
              "Parallel Aware": false,
              "Startup Cost": 79380.22,
              "Total Cost": 79380.23,
              "Plan Rows": 1,
              "Plan Width": 8,
              "Actual Startup Time": 280.121,
              "Actual Total Time": 280.125,
              "Actual Rows": 1,
              "Actual Loops": 4,
              "Plans": [
                {
                  "Node Type": "Hash Join",
                  "Parent Relationship": "Outer",
                  "Parallel Aware": true,
                  "Join Type": "Inner",
                  "Startup Cost": 53193.67,
                  "Total Cost": 79308.21,
                  "Plan Rows": 28801,
                  "Plan Width": 0,
                  "Actual Startup Time": 215.521,
                  "Actual Total Time": 277.129,
                  "Actual Rows": 54781,
                  "Actual Loops": 4,
                  "Inner Unique": true,
                  "Hash Cond": "(mk.movie_id = t.id)",
                  "Plans": [
                    {
                      "Node Type": "Bitmap Heap Scan",
                      "Parent Relationship": "Outer",
                      "Parallel Aware": true,
                      "Relation Name": "movie_keyword",
                      "Alias": "mk",
                      "Startup Cost": 7222.08,
                      "Total Cost": 33048.43,
                      "Plan Rows": 109788,
                      "Plan Width": 4,
                      "Actual Startup Time": 24.961,
                      "Actual Total Time": 77.711,
                      "Actual Rows": 89800,
                      "Actual Loops": 4,
                      "Recheck Cond": "(keyword_id < 323)",
                      "Rows Removed by Index Recheck": 0,
                      "Exact Heap Blocks": 8805,
                      "Lossy Heap Blocks": 0,
                      "Plans": [
                        {
                          "Node Type": "Bitmap Index Scan",
                          "Parent Relationship": "Outer",
                          "Parallel Aware": false,
                          "Index Name": "keyword_id_movie_keyword",
                          "Startup Cost": 0.0,
                          "Total Cost": 7137.0,
                          "Plan Rows": 340342,
                          "Plan Width": 0,
                          "Actual Startup Time": 21.235,
                          "Actual Total Time": 21.236,
                          "Actual Rows": 359202,
                          "Actual Loops": 1,
                          "Index Cond": "(keyword_id < 323)"
                        }
                      ]
                    },
                    {
                      "Node Type": "Hash",
                      "Parent Relationship": "Inner",
                      "Parallel Aware": true,
                      "Startup Cost": 43898.92,
                      "Total Cost": 43898.92,
                      "Plan Rows": 165814,
                      "Plan Width": 4,
                      "Actual Startup Time": 164.756,
                      "Actual Total Time": 164.757,
                      "Actual Rows": 165706,
                      "Actual Loops": 4,
                      "Hash Buckets": 1048576,
                      "Original Hash Buckets": 1048576,
                      "Hash Batches": 1,
                      "Original Hash Batches": 1,
                      "Peak Memory Usage": 34208,
                      "Plans": [
                        {
                          "Node Type": "Seq Scan",
                          "Parent Relationship": "Outer",
                          "Parallel Aware": true,
                          "Relation Name": "title",
                          "Alias": "t",
                          "Startup Cost": 0.0,
                          "Total Cost": 43898.92,
                          "Plan Rows": 165814,
                          "Plan Width": 4,
                          "Actual Startup Time": 47.777,
                          "Actual Total Time": 106.367,
                          "Actual Rows": 165706,
                          "Actual Loops": 4,
                          "Filter": "(kind_id < 2)",
                          "Rows Removed by Filter": 466372
                        }
                      ]
                    }
                  ]
                }
              ]
            }
          ]
        }
      ]
    },
    "Planning Time": 0.642,
    "Triggers": [],
    "Execution Time": 309.978
  }
]