[
  {
    "Plan": {
      "Node Type": "Aggregate",
      "Strategy": "Plain",
      "Partial Mode": "Finalize",
      "Parallel Aware": false,
      "Startup Cost": 31288.23,
      "Total Cost": 31288.24,
      "Plan Rows": 1,
      "Plan Width": 8,
      "Actual Startup Time": 100.058,
      "Actual Total Time": 107.942,
      "Actual Rows": 1,
      "Actual Loops": 1,
      "Plans": [
        {
          "Node Type": "Gather",
          "Parent Relationship": "Outer",
          "Parallel Aware": false,
          "Startup Cost": 31287.91,
          "Total Cost": 31288.22,
          "Plan Rows": 3,
          "Plan Width": 8,
          "Actual Startup Time": 99.957,
          "Actual Total Time": 107.934,
          "Actual Rows": 4,
          "Actual Loops": 1,
          "Workers Planned": 3,
          "Workers Launched": 3,
          "Single Copy": false,
          "Plans": [
            {
              "Node Type": "Aggregate",
              "Strategy": "Plain",
              "Partial Mode": "Partial",
              "Parent Relationship": "Outer",
              "Parallel Aware": false,
              "Startup Cost": 30287.91,
              "Total Cost": 30287.92,
              "Plan Rows": 1,
              "Plan Width": 8,
              "Actual Startup Time": 94.212,
              "Actual Total Time": 94.213,
              "Actual Rows": 1,
              "Actual Loops": 4,
              "Plans": [
                {
                  "Node Type": "Seq Scan",
                  "Parent Relationship": "Outer",
                  "Parallel Aware": true,
                  "Relation Name": "movie_companies",
                  "Alias": "mc",
                  "Startup Cost": 0.0,
                  "Total Cost": 29310.68,
                  "Plan Rows": 390892,
                  "Plan Width": 0,
                  "Actual Startup Time": 0.036,
                  "Actual Total Time": 77.764,
                  "Actual Rows": 300930,
                  "Actual Loops": 4,
                  "Filter": "(company_id < 11045)",
                  "Rows Removed by Filter": 351352
                }
              ]
            }
          ]
        }
      ]
    },
    "Planning Time": 0.16,
    "Triggers": [],
    "Execution Time": 107.988
  }
]