[
  {
    "Plan": {
      "Node Type": "Aggregate",
      "Strategy": "Plain",
      "Partial Mode": "Finalize",
      "Parallel Aware": false,
      "Startup Cost": 346364.91,
      "Total Cost": 346364.92,
      "Plan Rows": 1,
      "Plan Width": 8,
      "Actual Startup Time": 634.38,
      "Actual Total Time": 691.906,
      "Actual Rows": 1,
      "Actual Loops": 1,
      "Plans": [
        {
          "Node Type": "Gather",
          "Parent Relationship": "Outer",
          "Parallel Aware": false,
          "Startup Cost": 346364.28,
          "Total Cost": 346364.89,
          "Plan Rows": 6,
          "Plan Width": 8,
          "Actual Startup Time": 634.267,
          "Actual Total Time": 691.896,
          "Actual Rows": 7,
          "Actual Loops": 1,
          "Workers Planned": 6,
          "Workers Launched": 6,
          "Single Copy": false,
          "Plans": [
            {
              "Node Type": "Aggregate",
              "Strategy": "Plain",
              "Partial Mode": "Partial",
              "Parent Relationship": "Outer",
              "Parallel Aware": false,
              "Startup Cost": 345364.28,
              "Total Cost": 345364.29,
              "Plan Rows": 1,
              "Plan Width": 8,
              "Actual Startup Time": 624.841,
              "Actual Total Time": 624.842,
              "Actual Rows": 1,
              "Actual Loops": 7,
              "Plans": [
                {
                  "Node Type": "Seq Scan",
                  "Parent Relationship": "Outer",
                  "Parallel Aware": true,
                  "Relation Name": "cast_info",
                  "Alias": "ci",
                  "Startup Cost": 0.0,
                  "Total Cost": 343257.03,
                  "Plan Rows": 842901,
                  "Plan Width": 0,
                  "Actual Startup Time": 399.503,
                  "Actual Total Time": 610.661,
                  "Actual Rows": 317056,
                  "Actual Loops": 7,
                  "Filter": "((person_id > 3031060) AND (role_id < 8))",
                  "Rows Removed by Filter": 4860708
                }
              ]
            }
          ]
        }
      ]
    },
    "Planning Time": 0.219,
    "Triggers": [],
    "Execution Time": 691.979
  }
]