{
  "Plan": {
    "Node Type": "Aggregate",
    "Strategy": "Plain",
    "Partial Mode": "Simple",
    "Parallel Aware": false,
    "Startup Cost": 96660.89,
    "Total Cost": 96660.9,
    "Plan Rows": 1,
    "Plan Width": 96,
    "Actual Startup Time": 596.904,
    "Actual Total Time": 617.941,
    "Actual Rows": 1,
    "Actual Loops": 1,
    "Plans": [
      {
        "Node Type": "Gather",
        "Parent Relationship": "Outer",
        "Parallel Aware": false,
        "Startup Cost": 38538.69,
        "Total Cost": 96660.88,
        "Plan Rows": 1,
        "Plan Width": 48,
        "Actual Startup Time": 596.894,
        "Actual Total Time": 617.929,
        "Actual Rows": 0,
        "Actual Loops": 1,
        "Workers Planned": 1,
        "Workers Launched": 1,
        "Single Copy": false,
        "Plans": [
          {
            "Node Type": "Nested Loop",
            "Parent Relationship": "Outer",
            "Parallel Aware": false,
            "Join Type": "Inner",
            "Startup Cost": 37538.69,
            "Total Cost": 95660.78,
            "Plan Rows": 1,
            "Plan Width": 48,
            "Actual Startup Time": 589.082,
            "Actual Total Time": 589.095,
            "Actual Rows": 0,
            "Actual Loops": 2,
            "Inner Unique": true,
            "Plans": [
              {
                "Node Type": "Nested Loop",
                "Parent Relationship": "Outer",
                "Parallel Aware": false,
                "Join Type": "Inner",
                "Startup Cost": 37538.26,
                "Total Cost": 95653.0,
                "Plan Rows": 17,
                "Plan Width": 37,
                "Actual Startup Time": 196.211,
                "Actual Total Time": 587.929,
                "Actual Rows": 42,
                "Actual Loops": 2,
                "Inner Unique": false,
                "Join Filter": "(t.id = ci.movie_id)",
                "Rows Removed by Join Filter": 0,
                "Plans": [
                  {
                    "Node Type": "Hash Join",
                    "Parent Relationship": "Outer",
                    "Parallel Aware": false,
                    "Join Type": "Inner",
                    "Startup Cost": 37537.7,
                    "Total Cost": 95651.05,
                    "Plan Rows": 1,
                    "Plan Width": 41,
                    "Actual Startup Time": 196.075,
                    "Actual Total Time": 586.909,
                    "Actual Rows": 16,
                    "Actual Loops": 2,
                    "Inner Unique": true,
                    "Hash Cond": "(mk.keyword_id = k.id)",
                    "Plans": [
                      {
                        "Node Type": "Hash Join",
                        "Parent Relationship": "Outer",
                        "Parallel Aware": true,
                        "Join Type": "Inner",
                        "Startup Cost": 33905.2,
                        "Total Cost": 91956.04,
                        "Plan Rows": 23811,
                        "Plan Width": 29,
                        "Actual Startup Time": 123.781,
                        "Actual Total Time": 538.828,
                        "Actual Rows": 3708,
                        "Actual Loops": 2,
                        "Inner Unique": true,
                        "Hash Cond": "(mk.movie_id = t.id)",
                        "Plans": [
                          {
                            "Node Type": "Seq Scan",
                            "Parent Relationship": "Outer",
                            "Parallel Aware": true,
                            "Relation Name": "movie_keyword",
                            "Alias": "mk",
                            "Startup Cost": 0.0,
                            "Total Cost": 51065.35,
                            "Plan Rows": 2661135,
                            "Plan Width": 8,
                            "Actual Startup Time": 0.014,
                            "Actual Total Time": 256.433,
                            "Actual Rows": 2261965,
                            "Actual Loops": 2
                          },
                          {
                            "Node Type": "Hash",
                            "Parent Relationship": "Inner",
                            "Parallel Aware": true,
                            "Startup Cost": 33738.86,
                            "Total Cost": 33738.86,
                            "Plan Rows": 13307,
                            "Plan Width": 21,
                            "Actual Startup Time": 30.009,
                            "Actual Total Time": 30.012,
                            "Actual Rows": 12254,
                            "Actual Loops": 2,
                            "Hash Buckets": 32768,
                            "Original Hash Buckets": 32768,
                            "Hash Batches": 1,
                            "Original Hash Batches": 1,
                            "Peak Memory Usage": 1856,
                            "Plans": [
                              {
                                "Node Type": "Bitmap Heap Scan",
                                "Parent Relationship": "Outer",
                                "Parallel Aware": true,
                                "Relation Name": "title",
                                "Alias": "t",
                                "Startup Cost": 427.75,
                                "Total Cost": 33738.86,
                                "Plan Rows": 13307,
                                "Plan Width": 21,
                                "Actual Startup Time": 3.312,
                                "Actual Total Time": 24.928,
                                "Actual Rows": 12254,
                                "Actual Loops": 2,
                                "Recheck Cond": "(production_year < 1910)",
                                "Rows Removed by Index Recheck": 0,
                                "Exact Heap Blocks": 8877,
                                "Lossy Heap Blocks": 0,
                                "Plans": [
                                  {
                                    "Node Type": "Bitmap Index Scan",
                                    "Parent Relationship": "Outer",
                                    "Parallel Aware": false,
                                    "Index Name": "idx_title_production_year",
                                    "Startup Cost": 0.0,
                                    "Total Cost": 422.09,
                                    "Plan Rows": 22622,
                                    "Plan Width": 0,
                                    "Actual Startup Time": 4.25,
                                    "Actual Total Time": 4.25,
                                    "Actual Rows": 24508,
                                    "Actual Loops": 1,
                                    "Index Cond": "(production_year < 1910)"
                                  }
                                ]
                              }
                            ]
                          }
                        ]
                      },
                      {
                        "Node Type": "Hash",
                        "Parent Relationship": "Inner",
                        "Parallel Aware": false,
                        "Startup Cost": 3632.4,
                        "Total Cost": 3632.4,
                        "Plan Rows": 8,
                        "Plan Width": 20,
                        "Actual Startup Time": 47.205,
                        "Actual Total Time": 47.206,
                        "Actual Rows": 8,
                        "Actual Loops": 2,
                        "Hash Buckets": 1024,
                        "Original Hash Buckets": 1024,
                        "Hash Batches": 1,
                        "Original Hash Batches": 1,
                        "Peak Memory Usage": 9,
                        "Plans": [
                          {
                            "Node Type": "Seq Scan",
                            "Parent Relationship": "Outer",
                            "Parallel Aware": false,
                            "Relation Name": "keyword",
                            "Alias": "k",
                            "Startup Cost": 0.0,
                            "Total Cost": 3632.4,
                            "Plan Rows": 8,
                            "Plan Width": 20,
                            "Actual Startup Time": 0.347,
                            "Actual Total Time": 47.168,
                            "Actual Rows": 8,
                            "Actual Loops": 2,
                            "Filter": "(keyword = ANY ('{superhero,sequel,second-part,marvel-comics,based-on-comic,tv-special,fight,violence}'::text[]))",
                            "Rows Removed by Filter": 134162
                          }
                        ]
                      }
                    ]
                  },
                  {
                    "Node Type": "Index Scan",
                    "Parent Relationship": "Inner",
                    "Parallel Aware": false,
                    "Scan Direction": "Forward",
                    "Index Name": "movie_id_cast_info",
                    "Relation Name": "cast_info",
                    "Alias": "ci",
                    "Startup Cost": 0.56,
                    "Total Cost": 1.52,
                    "Plan Rows": 35,
                    "Plan Width": 8,
                    "Actual Startup Time": 0.041,
                    "Actual Total Time": 0.059,
                    "Actual Rows": 3,
                    "Actual Loops": 32,
                    "Index Cond": "(movie_id = mk.movie_id)",
                    "Rows Removed by Index Recheck": 0
                  }
                ]
              },
              {
                "Node Type": "Index Scan",
                "Parent Relationship": "Inner",
                "Parallel Aware": false,
                "Scan Direction": "Forward",
                "Index Name": "name_pkey",
                "Relation Name": "name",
                "Alias": "n",
                "Startup Cost": 0.43,
                "Total Cost": 0.46,
                "Plan Rows": 1,
                "Plan Width": 19,
                "Actual Startup Time": 0.027,
                "Actual Total Time": 0.027,
                "Actual Rows": 0,
                "Actual Loops": 85,
                "Index Cond": "(id = ci.person_id)",
                "Rows Removed by Index Recheck": 0,
                "Filter": "(name ~~ '%Downey%Robert%'::text)",
                "Rows Removed by Filter": 1
              }
            ]
          }
        ]
      }
    ]
  },
  "Planning Time": 1.55,
  "Triggers": [],
  "Execution Time": 618.103
}