[
  {
    "Plan": {
      "Node Type": "Aggregate",
      "Strategy": "Plain",
      "Partial Mode": "Finalize",
      "Parallel Aware": false,
      "Startup Cost": 46509.55,
      "Total Cost": 46509.56,
      "Plan Rows": 1,
      "Plan Width": 8,
      "Actual Startup Time": 92.262,
      "Actual Total Time": 105.082,
      "Actual Rows": 1,
      "Actual Loops": 1,
      "Plans": [
        {
          "Node Type": "Gather",
          "Parent Relationship": "Outer",
          "Parallel Aware": false,
          "Startup Cost": 46509.13,
          "Total Cost": 46509.54,
          "Plan Rows": 4,
          "Plan Width": 8,
          "Actual Startup Time": 92.011,
          "Actual Total Time": 105.075,
          "Actual Rows": 5,
          "Actual Loops": 1,
          "Workers Planned": 4,
          "Workers Launched": 4,
          "Single Copy": false,
          "Plans": [
            {
              "Node Type": "Aggregate",
              "Strategy": "Plain",
              "Partial Mode": "Partial",
              "Parent Relationship": "Outer",
              "Parallel Aware": false,
              "Startup Cost": 45509.13,
              "Total Cost": 45509.14,
              "Plan Rows": 1,
              "Plan Width": 8,
              "Actual Startup Time": 84.405,
              "Actual Total Time": 84.407,
              "Actual Rows": 1,
              "Actual Loops": 5,
              "Plans": [
                {
                  "Node Type": "Seq Scan",
                  "Parent Relationship": "Outer",
                  "Parallel Aware": true,
                  "Relation Name": "title",
                  "Alias": "t",
                  "Startup Cost": 0.0,
                  "Total Cost": 45479.1,
                  "Plan Rows": 12014,
                  "Plan Width": 0,
                  "Actual Startup Time": 55.306,
                  "Actual Total Time": 83.229,
                  "Actual Rows": 24586,
                  "Actual Loops": 5,
                  "Filter": "((kind_id < 7) AND (production_year < 1933))",
                  "Rows Removed by Filter": 481077
                }
              ]
            }
          ]
        }
      ]
    },
    "Planning Time": 0.155,
    "Triggers": [],
    "Execution Time": 105.131
  }
]