{
  "Plan": {
    "Node Type": "Aggregate",
    "Strategy": "Plain",
    "Partial Mode": "Finalize",
    "Parallel Aware": false,
    "Startup Cost": 588767.33,
    "Total Cost": 588767.34,
    "Plan Rows": 1,
    "Plan Width": 8,
    "Actual Startup Time": 2220.652,
    "Actual Total Time": 2265.61,
    "Actual Rows": 1,
    "Actual Loops": 1,
    "Plans": [
      {
        "Node Type": "Gather",
        "Parent Relationship": "Outer",
        "Parallel Aware": false,
        "Startup Cost": 588767.21,
        "Total Cost": 588767.32,
        "Plan Rows": 1,
        "Plan Width": 8,
        "Actual Startup Time": 2220.195,
        "Actual Total Time": 2265.601,
        "Actual Rows": 2,
        "Actual Loops": 1,
        "Workers Planned": 1,
        "Workers Launched": 1,
        "Single Copy": false,
        "Plans": [
          {
            "Node Type": "Aggregate",
            "Strategy": "Plain",
            "Partial Mode": "Partial",
            "Parent Relationship": "Outer",
            "Parallel Aware": false,
            "Startup Cost": 587767.21,
            "Total Cost": 587767.22,
            "Plan Rows": 1,
            "Plan Width": 8,
            "Actual Startup Time": 2214.121,
            "Actual Total Time": 2214.124,
            "Actual Rows": 1,
            "Actual Loops": 2,
            "Plans": [
              {
                "Node Type": "Hash Join",
                "Parent Relationship": "Outer",
                "Parallel Aware": true,
                "Join Type": "Inner",
                "Startup Cost": 58971.11,
                "Total Cost": 586906.3,
                "Plan Rows": 344365,
                "Plan Width": 0,
                "Actual Startup Time": 156.284,
                "Actual Total Time": 2195.352,
                "Actual Rows": 405270,
                "Actual Loops": 2,
                "Inner Unique": true,
                "Hash Cond": "(ci.movie_id = t.id)",
                "Plans": [
                  {
                    "Node Type": "Index Scan",
                    "Parent Relationship": "Outer",
                    "Parallel Aware": true,
                    "Scan Direction": "Forward",
                    "Index Name": "role_id_cast_info",
                    "Relation Name": "cast_info",
                    "Alias": "ci",
                    "Startup Cost": 0.56,
                    "Total Cost": 502630.18,
                    "Plan Rows": 9640203,
                    "Plan Width": 4,
                    "Actual Startup Time": 0.046,
                    "Actual Total Time": 1034.249,
                    "Actual Rows": 8060842,
                    "Actual Loops": 2,
                    "Index Cond": "(role_id > 2)",
                    "Rows Removed by Index Recheck": 0
                  },
                  {
                    "Node Type": "Hash",
                    "Parent Relationship": "Inner",
                    "Parallel Aware": true,
                    "Startup Cost": 58306.47,
                    "Total Cost": 58306.47,
                    "Plan Rows": 53126,
                    "Plan Width": 4,
                    "Actual Startup Time": 153.736,
                    "Actual Total Time": 153.737,
                    "Actual Rows": 48239,
                    "Actual Loops": 2,
                    "Hash Buckets": 131072,
                    "Original Hash Buckets": 131072,
                    "Hash Batches": 1,
                    "Original Hash Batches": 1,
                    "Peak Memory Usage": 4832,
                    "Plans": [
                      {
                        "Node Type": "Seq Scan",
                        "Parent Relationship": "Outer",
                        "Parallel Aware": true,
                        "Relation Name": "title",
                        "Alias": "t",
                        "Startup Cost": 0.0,
                        "Total Cost": 58306.47,
                        "Plan Rows": 53126,
                        "Plan Width": 4,
                        "Actual Startup Time": 0.037,
                        "Actual Total Time": 140.302,
                        "Actual Rows": 48239,
                        "Actual Loops": 2,
                        "Filter": "((kind_id > 2) AND (production_year = 2009))",
                        "Rows Removed by Filter": 1215917
                      }
                    ]
                  }
                ]
              }
            ]
          }
        ]
      }
    ]
  },
  "Planning Time": 0.472,
  "Triggers": [],
  "Execution Time": 2265.7
}