[
  {
    "Plan": {
      "Node Type": "Aggregate",
      "Strategy": "Plain",
      "Partial Mode": "Finalize",
      "Parallel Aware": false,
      "Startup Cost": 75996.96,
      "Total Cost": 75996.97,
      "Plan Rows": 1,
      "Plan Width": 8,
      "Actual Startup Time": 232.622,
      "Actual Total Time": 248.883,
      "Actual Rows": 1,
      "Actual Loops": 1,
      "Plans": [
        {
          "Node Type": "Gather",
          "Parent Relationship": "Outer",
          "Parallel Aware": false,
          "Startup Cost": 75996.64,
          "Total Cost": 75996.95,
          "Plan Rows": 3,
          "Plan Width": 8,
          "Actual Startup Time": 231.958,
          "Actual Total Time": 248.875,
          "Actual Rows": 4,
          "Actual Loops": 1,
          "Workers Planned": 3,
          "Workers Launched": 3,
          "Single Copy": false,
          "Plans": [
            {
              "Node Type": "Aggregate",
              "Strategy": "Plain",
              "Partial Mode": "Partial",
              "Parent Relationship": "Outer",
              "Parallel Aware": false,
              "Startup Cost": 74996.64,
              "Total Cost": 74996.65,
              "Plan Rows": 1,
              "Plan Width": 8,
              "Actual Startup Time": 223.164,
              "Actual Total Time": 223.167,
              "Actual Rows": 1,
              "Actual Loops": 4,
              "Plans": [
                {
                  "Node Type": "Hash Join",
                  "Parent Relationship": "Outer",
                  "Parallel Aware": true,
                  "Join Type": "Inner",
                  "Startup Cost": 44143.29,
                  "Total Cost": 74952.5,
                  "Plan Rows": 17657,
                  "Plan Width": 0,
                  "Actual Startup Time": 130.329,
                  "Actual Total Time": 221.7,
                  "Actual Rows": 32500,
                  "Actual Loops": 4,
                  "Inner Unique": true,
                  "Hash Cond": "(mc.movie_id = t.id)",
                  "Plans": [
                    {
                      "Node Type": "Seq Scan",
                      "Parent Relationship": "Outer",
                      "Parallel Aware": true,
                      "Relation Name": "movie_companies",
                      "Alias": "mc",
                      "Startup Cost": 0.0,
                      "Total Cost": 29310.68,
                      "Plan Rows": 570868,
                      "Plan Width": 4,
                      "Actual Startup Time": 0.02,
                      "Actual Total Time": 70.485,
                      "Actual Rows": 439325,
                      "Actual Loops": 4,
                      "Filter": "(company_id < 25005)",
                      "Rows Removed by Filter": 212957
                    },
                    {
                      "Node Type": "Hash",
                      "Parent Relationship": "Inner",
                      "Parallel Aware": true,
                      "Startup Cost": 43898.92,
                      "Total Cost": 43898.92,
                      "Plan Rows": 19550,
                      "Plan Width": 4,
                      "Actual Startup Time": 104.224,
                      "Actual Total Time": 104.225,
                      "Actual Rows": 20412,
                      "Actual Loops": 4,
                      "Hash Buckets": 131072,
                      "Original Hash Buckets": 131072,
                      "Hash Batches": 1,
                      "Original Hash Batches": 1,
                      "Peak Memory Usage": 4256,
                      "Plans": [
                        {
                          "Node Type": "Seq Scan",
                          "Parent Relationship": "Outer",
                          "Parallel Aware": true,
                          "Relation Name": "title",
                          "Alias": "t",
                          "Startup Cost": 0.0,
                          "Total Cost": 43898.92,
                          "Plan Rows": 19550,
                          "Plan Width": 4,
                          "Actual Startup Time": 53.985,
                          "Actual Total Time": 97.254,
                          "Actual Rows": 20412,
                          "Actual Loops": 4,
                          "Filter": "(production_year < 1919)",
                          "Rows Removed by Filter": 611666
                        }
                      ]
                    }
                  ]
                }
              ]
            }
          ]
        }
      ]
    },
    "Planning Time": 0.646,
    "Triggers": [],
    "Execution Time": 248.956
  }
]