[
  {
    "Plan": {
      "Node Type": "Aggregate",
      "Strategy": "Plain",
      "Partial Mode": "Finalize",
      "Parallel Aware": false,
      "Startup Cost": 33217.32,
      "Total Cost": 33217.33,
      "Plan Rows": 1,
      "Plan Width": 8,
      "Actual Startup Time": 108.164,
      "Actual Total Time": 115.631,
      "Actual Rows": 1,
      "Actual Loops": 1,
      "Plans": [
        {
          "Node Type": "Gather",
          "Parent Relationship": "Outer",
          "Parallel Aware": false,
          "Startup Cost": 33217.0,
          "Total Cost": 33217.31,
          "Plan Rows": 3,
          "Plan Width": 8,
          "Actual Startup Time": 107.921,
          "Actual Total Time": 115.623,
          "Actual Rows": 4,
          "Actual Loops": 1,
          "Workers Planned": 3,
          "Workers Launched": 3,
          "Single Copy": false,
          "Plans": [
            {
              "Node Type": "Aggregate",
              "Strategy": "Plain",
              "Partial Mode": "Partial",
              "Parent Relationship": "Outer",
              "Parallel Aware": false,
              "Startup Cost": 32217.0,
              "Total Cost": 32217.01,
              "Plan Rows": 1,
              "Plan Width": 8,
              "Actual Startup Time": 99.592,
              "Actual Total Time": 99.593,
              "Actual Rows": 1,
              "Actual Loops": 4,
              "Plans": [
                {
                  "Node Type": "Bitmap Heap Scan",
                  "Parent Relationship": "Outer",
                  "Parallel Aware": true,
                  "Relation Name": "movie_keyword",
                  "Alias": "mk",
                  "Startup Cost": 6321.4,
                  "Total Cost": 31976.73,
                  "Plan Rows": 96107,
                  "Plan Width": 0,
                  "Actual Startup Time": 35.607,
                  "Actual Total Time": 94.851,
                  "Actual Rows": 73454,
                  "Actual Loops": 4,
                  "Recheck Cond": "(keyword_id > 54813)",
                  "Rows Removed by Index Recheck": 0,
                  "Exact Heap Blocks": 11225,
                  "Lossy Heap Blocks": 0,
                  "Plans": [
                    {
                      "Node Type": "Bitmap Index Scan",
                      "Parent Relationship": "Outer",
                      "Parallel Aware": false,
                      "Index Name": "keyword_id_movie_keyword",
                      "Startup Cost": 0.0,
                      "Total Cost": 6246.91,
                      "Plan Rows": 297931,
                      "Plan Width": 0,
                      "Actual Startup Time": 38.858,
                      "Actual Total Time": 38.858,
                      "Actual Rows": 293818,
                      "Actual Loops": 1,
                      "Index Cond": "(keyword_id > 54813)"
                    }
                  ]
                }
              ]
            }
          ]
        }
      ]
    },
    "Planning Time": 0.189,
    "Triggers": [],
    "Execution Time": 115.71
  }
]