[
  {
    "Plan": {
      "Node Type": "Aggregate",
      "Strategy": "Plain",
      "Partial Mode": "Finalize",
      "Parallel Aware": false,
      "Startup Cost": 82809.49,
      "Total Cost": 82809.5,
      "Plan Rows": 1,
      "Plan Width": 8,
      "Actual Startup Time": 443.491,
      "Actual Total Time": 456.857,
      "Actual Rows": 1,
      "Actual Loops": 1,
      "Plans": [
        {
          "Node Type": "Gather",
          "Parent Relationship": "Outer",
          "Parallel Aware": false,
          "Startup Cost": 82809.07,
          "Total Cost": 82809.48,
          "Plan Rows": 4,
          "Plan Width": 8,
          "Actual Startup Time": 437.622,
          "Actual Total Time": 456.846,
          "Actual Rows": 5,
          "Actual Loops": 1,
          "Workers Planned": 4,
          "Workers Launched": 4,
          "Single Copy": false,
          "Plans": [
            {
              "Node Type": "Aggregate",
              "Strategy": "Plain",
              "Partial Mode": "Partial",
              "Parent Relationship": "Outer",
              "Parallel Aware": false,
              "Startup Cost": 81809.07,
              "Total Cost": 81809.08,
              "Plan Rows": 1,
              "Plan Width": 8,
              "Actual Startup Time": 428.06,
              "Actual Total Time": 428.2,
              "Actual Rows": 1,
              "Actual Loops": 5,
              "Plans": [
                {
                  "Node Type": "Hash Join",
                  "Parent Relationship": "Outer",
                  "Parallel Aware": true,
                  "Join Type": "Inner",
                  "Startup Cost": 35042.24,
                  "Total Cost": 81246.82,
                  "Plan Rows": 224900,
                  "Plan Width": 0,
                  "Actual Startup Time": 178.301,
                  "Actual Total Time": 417.783,
                  "Actual Rows": 218287,
                  "Actual Loops": 5,
                  "Inner Unique": false,
                  "Hash Cond": "(t.id = mc.movie_id)",
                  "Plans": [
                    {
                      "Node Type": "Seq Scan",
                      "Parent Relationship": "Outer",
                      "Parallel Aware": true,
                      "Relation Name": "title",
                      "Alias": "t",
                      "Startup Cost": 0.0,
                      "Total Cost": 42318.73,
                      "Plan Rows": 632073,
                      "Plan Width": 4,
                      "Actual Startup Time": 0.013,
                      "Actual Total Time": 64.013,
                      "Actual Rows": 505662,
                      "Actual Loops": 5
                    },
                    {
                      "Node Type": "Hash",
                      "Parent Relationship": "Inner",
                      "Parallel Aware": true,
                      "Startup Cost": 31414.82,
                      "Total Cost": 31414.82,
                      "Plan Rows": 290194,
                      "Plan Width": 4,
                      "Actual Startup Time": 173.925,
                      "Actual Total Time": 173.926,
                      "Actual Rows": 218287,
                      "Actual Loops": 5,
                      "Hash Buckets": 2097152,
                      "Original Hash Buckets": 1048576,
                      "Hash Batches": 1,
                      "Original Hash Batches": 1,
                      "Peak Memory Usage": 67360,
                      "Plans": [
                        {
                          "Node Type": "Seq Scan",
                          "Parent Relationship": "Outer",
                          "Parallel Aware": true,
                          "Relation Name": "movie_companies",
                          "Alias": "mc",
                          "Startup Cost": 0.0,
                          "Total Cost": 31414.82,
                          "Plan Rows": 290194,
                          "Plan Width": 4,
                          "Actual Startup Time": 45.369,
                          "Actual Total Time": 80.807,
                          "Actual Rows": 218287,
                          "Actual Loops": 5,
                          "Filter": "((company_id > 2085) AND (company_type_id = 2))",
                          "Rows Removed by Filter": 303539
                        }
                      ]
                    }
                  ]
                }
              ]
            }
          ]
        }
      ]
    },
    "Planning Time": 0.647,
    "Triggers": [],
    "Execution Time": 456.931
  }
]