[
  {
    "Plan": {
      "Node Type": "Aggregate",
      "Strategy": "Plain",
      "Partial Mode": "Finalize",
      "Parallel Aware": false,
      "Startup Cost": 306179.64,
      "Total Cost": 306179.65,
      "Plan Rows": 1,
      "Plan Width": 8,
      "Actual Startup Time": 4269.984,
      "Actual Total Time": 4316.203,
      "Actual Rows": 1,
      "Actual Loops": 1,
      "Plans": [
        {
          "Node Type": "Gather",
          "Parent Relationship": "Outer",
          "Parallel Aware": false,
          "Startup Cost": 306179.12,
          "Total Cost": 306179.63,
          "Plan Rows": 5,
          "Plan Width": 8,
          "Actual Startup Time": 4235.728,
          "Actual Total Time": 4316.173,
          "Actual Rows": 6,
          "Actual Loops": 1,
          "Workers Planned": 5,
          "Workers Launched": 5,
          "Single Copy": false,
          "Plans": [
            {
              "Node Type": "Aggregate",
              "Strategy": "Plain",
              "Partial Mode": "Partial",
              "Parent Relationship": "Outer",
              "Parallel Aware": false,
              "Startup Cost": 305179.12,
              "Total Cost": 305179.13,
              "Plan Rows": 1,
              "Plan Width": 8,
              "Actual Startup Time": 4225.797,
              "Actual Total Time": 4226.627,
              "Actual Rows": 1,
              "Actual Loops": 6,
              "Plans": [
                {
                  "Node Type": "Hash Join",
                  "Parent Relationship": "Outer",
                  "Parallel Aware": true,
                  "Join Type": "Inner",
                  "Startup Cost": 95818.73,
                  "Total Cost": 302248.39,
                  "Plan Rows": 1172292,
                  "Plan Width": 0,
                  "Actual Startup Time": 566.982,
                  "Actual Total Time": 3184.048,
                  "Actual Rows": 23754312,
                  "Actual Loops": 6,
                  "Inner Unique": false,
                  "Hash Cond": "(mi.movie_id = t.id)",
                  "Plans": [
                    {
                      "Node Type": "Seq Scan",
                      "Parent Relationship": "Outer",
                      "Parallel Aware": true,
                      "Relation Name": "movie_info",
                      "Alias": "mi",
                      "Startup Cost": 0.0,
                      "Total Cost": 191560.33,
                      "Plan Rows": 2956733,
                      "Plan Width": 4,
                      "Actual Startup Time": 0.036,
                      "Actual Total Time": 316.837,
                      "Actual Rows": 2472620,
                      "Actual Loops": 6
                    },
                    {
                      "Node Type": "Hash",
                      "Parent Relationship": "Inner",
                      "Parallel Aware": true,
                      "Startup Cost": 91776.7,
                      "Total Cost": 91776.7,
                      "Plan Rows": 323362,
                      "Plan Width": 8,
                      "Actual Startup Time": 562.801,
                      "Actual Total Time": 563.629,
                      "Actual Rows": 370454,
                      "Actual Loops": 6,
                      "Hash Buckets": 4194304,
                      "Original Hash Buckets": 1048576,
                      "Hash Batches": 1,
                      "Original Hash Batches": 1,
                      "Peak Memory Usage": 144416,
                      "Plans": [
                        {
                          "Node Type": "Hash Join",
                          "Parent Relationship": "Outer",
                          "Parallel Aware": true,
                          "Join Type": "Inner",
                          "Startup Cost": 46574.43,
                          "Total Cost": 91776.7,
                          "Plan Rows": 323362,
                          "Plan Width": 8,
                          "Actual Startup Time": 159.617,
                          "Actual Total Time": 364.135,
                          "Actual Rows": 370454,
                          "Actual Loops": 6,
                          "Inner Unique": true,
                          "Hash Cond": "(mk.movie_id = t.id)",
                          "Plans": [
                            {
                              "Node Type": "Seq Scan",
                              "Parent Relationship": "Outer",
                              "Parallel Aware": true,
                              "Relation Name": "movie_keyword",
                              "Alias": "mk",
                              "Startup Cost": 0.0,
                              "Total Cost": 42695.65,
                              "Plan Rows": 954904,
                              "Plan Width": 4,
                              "Actual Startup Time": 0.048,
                              "Actual Total Time": 101.453,
                              "Actual Rows": 491741,
                              "Actual Loops": 6,
                              "Filter": "(keyword_id < 9960)",
                              "Rows Removed by Filter": 262248
                            },
                            {
                              "Node Type": "Hash",
                              "Parent Relationship": "Inner",
                              "Parallel Aware": true,
                              "Startup Cost": 43898.92,
                              "Total Cost": 43898.92,
                              "Plan Rows": 214041,
                              "Plan Width": 4,
                              "Actual Startup Time": 157.543,
                              "Actual Total Time": 157.544,
                              "Actual Rows": 142369,
                              "Actual Loops": 6,
                              "Hash Buckets": 1048576,
                              "Original Hash Buckets": 1048576,
                              "Hash Batches": 1,
                              "Original Hash Batches": 1,
                              "Peak Memory Usage": 41792,
                              "Plans": [
                                {
                                  "Node Type": "Seq Scan",
                                  "Parent Relationship": "Outer",
                                  "Parallel Aware": true,
                                  "Relation Name": "title",
                                  "Alias": "t",
                                  "Startup Cost": 0.0,
                                  "Total Cost": 43898.92,
                                  "Plan Rows": 214041,
                                  "Plan Width": 4,
                                  "Actual Startup Time": 0.047,
                                  "Actual Total Time": 89.144,
                                  "Actual Rows": 142369,
                                  "Actual Loops": 6,
                                  "Filter": "(kind_id < 4)",
                                  "Rows Removed by Filter": 279016
                                }
                              ]
                            }
                          ]
                        }
                      ]
                    }
                  ]
                }
              ]
            }
          ]
        }
      ]
    },
    "Planning Time": 1.341,
    "Triggers": [],
    "Execution Time": 4316.288
  }
]