[
  {
    "Plan": {
      "Node Type": "Aggregate",
      "Strategy": "Plain",
      "Partial Mode": "Finalize",
      "Parallel Aware": false,
      "Startup Cost": 392505.11,
      "Total Cost": 392505.12,
      "Plan Rows": 1,
      "Plan Width": 8,
      "Actual Startup Time": 658.367,
      "Actual Total Time": 697.645,
      "Actual Rows": 1,
      "Actual Loops": 1,
      "Plans": [
        {
          "Node Type": "Gather",
          "Parent Relationship": "Outer",
          "Parallel Aware": false,
          "Startup Cost": 392504.48,
          "Total Cost": 392505.09,
          "Plan Rows": 6,
          "Plan Width": 8,
          "Actual Startup Time": 657.472,
          "Actual Total Time": 697.632,
          "Actual Rows": 7,
          "Actual Loops": 1,
          "Workers Planned": 6,
          "Workers Launched": 6,
          "Single Copy": false,
          "Plans": [
            {
              "Node Type": "Aggregate",
              "Strategy": "Plain",
              "Partial Mode": "Partial",
              "Parent Relationship": "Outer",
              "Parallel Aware": false,
              "Startup Cost": 391504.48,
              "Total Cost": 391504.49,
              "Plan Rows": 1,
              "Plan Width": 8,
              "Actual Startup Time": 650.703,
              "Actual Total Time": 650.708,
              "Actual Rows": 1,
              "Actual Loops": 7,
              "Plans": [
                {
                  "Node Type": "Hash Join",
                  "Parent Relationship": "Outer",
                  "Parallel Aware": true,
                  "Join Type": "Inner",
                  "Startup Cost": 45796.99,
                  "Total Cost": 391337.01,
                  "Plan Rows": 66990,
                  "Plan Width": 0,
                  "Actual Startup Time": 259.872,
                  "Actual Total Time": 648.325,
                  "Actual Rows": 40420,
                  "Actual Loops": 7,
                  "Inner Unique": true,
                  "Hash Cond": "(ci.movie_id = t.id)",
                  "Plans": [
                    {
                      "Node Type": "Index Scan",
                      "Parent Relationship": "Outer",
                      "Parallel Aware": true,
                      "Scan Direction": "Forward",
                      "Index Name": "role_id_cast_info",
                      "Relation Name": "cast_info",
                      "Alias": "ci",
                      "Startup Cost": 0.56,
                      "Total Cost": 341155.22,
                      "Plan Rows": 1670610,
                      "Plan Width": 4,
                      "Actual Startup Time": 178.171,
                      "Actual Total Time": 415.457,
                      "Actual Rows": 1008333,
                      "Actual Loops": 7,
                      "Index Cond": "(role_id < 2)",
                      "Rows Removed by Index Recheck": 0,
                      "Filter": "(person_id > 756389)",
                      "Rows Removed by Filter": 801766
                    },
                    {
                      "Node Type": "Hash",
                      "Parent Relationship": "Inner",
                      "Parallel Aware": true,
                      "Startup Cost": 45479.59,
                      "Total Cost": 45479.59,
                      "Plan Rows": 25347,
                      "Plan Width": 4,
                      "Actual Startup Time": 81.026,
                      "Actual Total Time": 81.028,
                      "Actual Rows": 14142,
                      "Actual Loops": 7,
                      "Hash Buckets": 131072,
                      "Original Hash Buckets": 131072,
                      "Hash Batches": 1,
                      "Original Hash Batches": 1,
                      "Peak Memory Usage": 4992,
                      "Plans": [
                        {
                          "Node Type": "Seq Scan",
                          "Parent Relationship": "Outer",
                          "Parallel Aware": true,
                          "Relation Name": "title",
                          "Alias": "t",
                          "Startup Cost": 0.0,
                          "Total Cost": 45479.59,
                          "Plan Rows": 25347,
                          "Plan Width": 4,
                          "Actual Startup Time": 36.338,
                          "Actual Total Time": 73.836,
                          "Actual Rows": 14142,
                          "Actual Loops": 7,
                          "Filter": "((production_year > 2010) AND (kind_id = 1))",
                          "Rows Removed by Filter": 347046
                        }
                      ]
                    }
                  ]
                }
              ]
            }
          ]
        }
      ]
    },
    "Planning Time": 0.294,
    "Triggers": [],
    "Execution Time": 697.702
  }
]