[
  {
    "Plan": {
      "Node Type": "Aggregate",
      "Strategy": "Plain",
      "Partial Mode": "Finalize",
      "Parallel Aware": false,
      "Startup Cost": 316911.4,
      "Total Cost": 316911.41,
      "Plan Rows": 1,
      "Plan Width": 8,
      "Actual Startup Time": 997.299,
      "Actual Total Time": 1023.142,
      "Actual Rows": 1,
      "Actual Loops": 1,
      "Plans": [
        {
          "Node Type": "Gather",
          "Parent Relationship": "Outer",
          "Parallel Aware": false,
          "Startup Cost": 316910.88,
          "Total Cost": 316911.39,
          "Plan Rows": 5,
          "Plan Width": 8,
          "Actual Startup Time": 987.117,
          "Actual Total Time": 1023.132,
          "Actual Rows": 6,
          "Actual Loops": 1,
          "Workers Planned": 5,
          "Workers Launched": 5,
          "Single Copy": false,
          "Plans": [
            {
              "Node Type": "Aggregate",
              "Strategy": "Plain",
              "Partial Mode": "Partial",
              "Parent Relationship": "Outer",
              "Parallel Aware": false,
              "Startup Cost": 315910.88,
              "Total Cost": 315910.89,
              "Plan Rows": 1,
              "Plan Width": 8,
              "Actual Startup Time": 979.626,
              "Actual Total Time": 979.862,
              "Actual Rows": 1,
              "Actual Loops": 6,
              "Plans": [
                {
                  "Node Type": "Hash Join",
                  "Parent Relationship": "Outer",
                  "Parallel Aware": true,
                  "Join Type": "Inner",
                  "Startup Cost": 101893.89,
                  "Total Cost": 310912.68,
                  "Plan Rows": 1999278,
                  "Plan Width": 0,
                  "Actual Startup Time": 334.913,
                  "Actual Total Time": 947.382,
                  "Actual Rows": 761247,
                  "Actual Loops": 6,
                  "Inner Unique": false,
                  "Hash Cond": "(mi.movie_id = t.id)",
                  "Plans": [
                    {
                      "Node Type": "Seq Scan",
                      "Parent Relationship": "Outer",
                      "Parallel Aware": true,
                      "Relation Name": "movie_info",
                      "Alias": "mi",
                      "Startup Cost": 0.0,
                      "Total Cost": 191503.19,
                      "Plan Rows": 2951019,
                      "Plan Width": 4,
                      "Actual Startup Time": 0.024,
                      "Actual Total Time": 264.275,
                      "Actual Rows": 2472620,
                      "Actual Loops": 6
                    },
                    {
                      "Node Type": "Hash",
                      "Parent Relationship": "Inner",
                      "Parallel Aware": true,
                      "Startup Cost": 94987.01,
                      "Total Cost": 94987.01,
                      "Plan Rows": 552550,
                      "Plan Width": 8,
                      "Actual Startup Time": 331.797,
                      "Actual Total Time": 332.032,
                      "Actual Rows": 74436,
                      "Actual Loops": 6,
                      "Hash Buckets": 2097152,
                      "Original Hash Buckets": 2097152,
                      "Hash Batches": 1,
                      "Original Hash Batches": 1,
                      "Peak Memory Usage": 33952,
                      "Plans": [
                        {
                          "Node Type": "Hash Join",
                          "Parent Relationship": "Outer",
                          "Parallel Aware": true,
                          "Join Type": "Inner",
                          "Startup Cost": 49261.31,
                          "Total Cost": 94987.01,
                          "Plan Rows": 552550,
                          "Plan Width": 8,
                          "Actual Startup Time": 170.96,
                          "Actual Total Time": 309.673,
                          "Actual Rows": 74436,
                          "Actual Loops": 6,
                          "Inner Unique": true,
                          "Hash Cond": "(mk.movie_id = t.id)",
                          "Plans": [
                            {
                              "Node Type": "Seq Scan",
                              "Parent Relationship": "Outer",
                              "Parallel Aware": true,
                              "Relation Name": "movie_keyword",
                              "Alias": "mk",
                              "Startup Cost": 0.0,
                              "Total Cost": 42695.65,
                              "Plan Rows": 1154306,
                              "Plan Width": 4,
                              "Actual Startup Time": 0.035,
                              "Actual Total Time": 77.631,
                              "Actual Rows": 596268,
                              "Actual Loops": 6,
                              "Filter": "(keyword_id > 888)",
                              "Rows Removed by Filter": 157721
                            },
                            {
                              "Node Type": "Hash",
                              "Parent Relationship": "Inner",
                              "Parallel Aware": true,
                              "Startup Cost": 45479.21,
                              "Total Cost": 45479.21,
                              "Plan Rows": 302568,
                              "Plan Width": 4,
                              "Actual Startup Time": 168.812,
                              "Actual Total Time": 168.813,
                              "Actual Rows": 218149,
                              "Actual Loops": 6,
                              "Hash Buckets": 2097152,
                              "Original Hash Buckets": 2097152,
                              "Hash Batches": 1,
                              "Original Hash Batches": 1,
                              "Peak Memory Usage": 67712,
                              "Plans": [
                                {
                                  "Node Type": "Seq Scan",
                                  "Parent Relationship": "Outer",
                                  "Parallel Aware": true,
                                  "Relation Name": "title",
                                  "Alias": "t",
                                  "Startup Cost": 0.0,
                                  "Total Cost": 45479.21,
                                  "Plan Rows": 302568,
                                  "Plan Width": 4,
                                  "Actual Startup Time": 0.045,
                                  "Actual Total Time": 77.046,
                                  "Actual Rows": 218149,
                                  "Actual Loops": 6,
                                  "Filter": "((production_year > 1975) AND (kind_id = 7))",
                                  "Rows Removed by Filter": 203236
                                }
                              ]
                            }
                          ]
                        }
                      ]
                    }
                  ]
                }
              ]
            }
          ]
        }
      ]
    },
    "Planning Time": 0.407,
    "Triggers": [],
    "Execution Time": 1023.178
  }
]