{
  "Plan": {
    "Node Type": "Aggregate",
    "Strategy": "Plain",
    "Partial Mode": "Finalize",
    "Parallel Aware": false,
    "Startup Cost": 751747.09,
    "Total Cost": 751747.1,
    "Plan Rows": 1,
    "Plan Width": 8,
    "Actual Startup Time": 2253.436,
    "Actual Total Time": 2314.856,
    "Actual Rows": 1,
    "Actual Loops": 1,
    "Plans": [
      {
        "Node Type": "Gather",
        "Parent Relationship": "Outer",
        "Parallel Aware": false,
        "Startup Cost": 751746.98,
        "Total Cost": 751747.09,
        "Plan Rows": 1,
        "Plan Width": 8,
        "Actual Startup Time": 2252.465,
        "Actual Total Time": 2314.844,
        "Actual Rows": 2,
        "Actual Loops": 1,
        "Workers Planned": 1,
        "Workers Launched": 1,
        "Single Copy": false,
        "Plans": [
          {
            "Node Type": "Aggregate",
            "Strategy": "Plain",
            "Partial Mode": "Partial",
            "Parent Relationship": "Outer",
            "Parallel Aware": false,
            "Startup Cost": 750746.98,
            "Total Cost": 750746.99,
            "Plan Rows": 1,
            "Plan Width": 8,
            "Actual Startup Time": 2246.059,
            "Actual Total Time": 2246.063,
            "Actual Rows": 1,
            "Actual Loops": 2,
            "Plans": [
              {
                "Node Type": "Nested Loop",
                "Parent Relationship": "Outer",
                "Parallel Aware": false,
                "Join Type": "Inner",
                "Startup Cost": 205199.98,
                "Total Cost": 748888.64,
                "Plan Rows": 743335,
                "Plan Width": 0,
                "Actual Startup Time": 540.866,
                "Actual Total Time": 2214.602,
                "Actual Rows": 681395,
                "Actual Loops": 2,
                "Inner Unique": false,
                "Join Filter": "(t.id = mi.movie_id)",
                "Rows Removed by Join Filter": 0,
                "Plans": [
                  {
                    "Node Type": "Hash Join",
                    "Parent Relationship": "Outer",
                    "Parallel Aware": true,
                    "Join Type": "Inner",
                    "Startup Cost": 205199.54,
                    "Total Cost": 516813.69,
                    "Plan Rows": 127125,
                    "Plan Width": 8,
                    "Actual Startup Time": 540.784,
                    "Actual Total Time": 1366.081,
                    "Actual Rows": 117772,
                    "Actual Loops": 2,
                    "Inner Unique": true,
                    "Hash Cond": "(ci.movie_id = t.id)",
                    "Plans": [
                      {
                        "Node Type": "Bitmap Heap Scan",
                        "Parent Relationship": "Outer",
                        "Parallel Aware": true,
                        "Relation Name": "cast_info",
                        "Alias": "ci",
                        "Startup Cost": 146286.47,
                        "Total Cost": 447673.58,
                        "Plan Rows": 3896008,
                        "Plan Width": 4,
                        "Actual Startup Time": 374.299,
                        "Actual Total Time": 739.775,
                        "Actual Rows": 3411385,
                        "Actual Loops": 2,
                        "Recheck Cond": "(person_id < 659682)",
                        "Rows Removed by Index Recheck": 0,
                        "Exact Heap Blocks": 38629,
                        "Lossy Heap Blocks": 0,
                        "Plans": [
                          {
                            "Node Type": "Bitmap Index Scan",
                            "Parent Relationship": "Outer",
                            "Parallel Aware": false,
                            "Index Name": "person_id_cast_info",
                            "Startup Cost": 0.0,
                            "Total Cost": 144630.67,
                            "Plan Rows": 6623214,
                            "Plan Width": 0,
                            "Actual Startup Time": 361.487,
                            "Actual Total Time": 361.488,
                            "Actual Rows": 6822770,
                            "Actual Loops": 1,
                            "Index Cond": "(person_id < 659682)"
                          }
                        ]
                      },
                      {
                        "Node Type": "Hash",
                        "Parent Relationship": "Inner",
                        "Parallel Aware": true,
                        "Startup Cost": 58306.47,
                        "Total Cost": 58306.47,
                        "Plan Rows": 48528,
                        "Plan Width": 4,
                        "Actual Startup Time": 164.29,
                        "Actual Total Time": 164.291,
                        "Actual Rows": 46156,
                        "Actual Loops": 2,
                        "Hash Buckets": 131072,
                        "Original Hash Buckets": 131072,
                        "Hash Batches": 1,
                        "Original Hash Batches": 1,
                        "Peak Memory Usage": 4640,
                        "Plans": [
                          {
                            "Node Type": "Seq Scan",
                            "Parent Relationship": "Outer",
                            "Parallel Aware": true,
                            "Relation Name": "title",
                            "Alias": "t",
                            "Startup Cost": 0.0,
                            "Total Cost": 58306.47,
                            "Plan Rows": 48528,
                            "Plan Width": 4,
                            "Actual Startup Time": 0.044,
                            "Actual Total Time": 148.3,
                            "Actual Rows": 46156,
                            "Actual Loops": 2,
                            "Filter": "((kind_id > 1) AND (production_year = 2006))",
                            "Rows Removed by Filter": 1218000
                          }
                        ]
                      }
                    ]
                  },
                  {
                    "Node Type": "Index Only Scan",
                    "Parent Relationship": "Inner",
                    "Parallel Aware": false,
                    "Scan Direction": "Forward",
                    "Index Name": "movie_id_movie_info",
                    "Relation Name": "movie_info",
                    "Alias": "mi",
                    "Startup Cost": 0.43,
                    "Total Cost": 1.3,
                    "Plan Rows": 42,
                    "Plan Width": 4,
                    "Actual Startup Time": 0.003,
                    "Actual Total Time": 0.007,
                    "Actual Rows": 6,
                    "Actual Loops": 235543,
                    "Index Cond": "(movie_id = ci.movie_id)",
                    "Rows Removed by Index Recheck": 0,
                    "Heap Fetches": 1362790
                  }
                ]
              }
            ]
          }
        ]
      }
    ]
  },
  "Planning Time": 0.95,
  "Triggers": [],
  "Execution Time": 2314.978
}