{
  "Plan": {
    "Node Type": "Aggregate",
    "Strategy": "Plain",
    "Partial Mode": "Finalize",
    "Parallel Aware": false,
    "Startup Cost": 70976.89,
    "Total Cost": 70976.9,
    "Plan Rows": 1,
    "Plan Width": 8,
    "Actual Startup Time": 97.917,
    "Actual Total Time": 112.547,
    "Actual Rows": 1,
    "Actual Loops": 1,
    "Plans": [
      {
        "Node Type": "Gather",
        "Parent Relationship": "Outer",
        "Parallel Aware": false,
        "Startup Cost": 70976.78,
        "Total Cost": 70976.89,
        "Plan Rows": 1,
        "Plan Width": 8,
        "Actual Startup Time": 97.796,
        "Actual Total Time": 112.54,
        "Actual Rows": 2,
        "Actual Loops": 1,
        "Workers Planned": 1,
        "Workers Launched": 1,
        "Single Copy": false,
        "Plans": [
          {
            "Node Type": "Aggregate",
            "Strategy": "Plain",
            "Partial Mode": "Partial",
            "Parent Relationship": "Outer",
            "Parallel Aware": false,
            "Startup Cost": 69976.78,
            "Total Cost": 69976.79,
            "Plan Rows": 1,
            "Plan Width": 8,
            "Actual Startup Time": 91.589,
            "Actual Total Time": 91.592,
            "Actual Rows": 1,
            "Actual Loops": 2,
            "Plans": [
              {
                "Node Type": "Nested Loop",
                "Parent Relationship": "Outer",
                "Parallel Aware": false,
                "Join Type": "Inner",
                "Startup Cost": 277.8,
                "Total Cost": 69971.71,
                "Plan Rows": 2026,
                "Plan Width": 0,
                "Actual Startup Time": 4.514,
                "Actual Total Time": 90.289,
                "Actual Rows": 17446,
                "Actual Loops": 2,
                "Inner Unique": false,
                "Plans": [
                  {
                    "Node Type": "Nested Loop",
                    "Parent Relationship": "Outer",
                    "Parallel Aware": false,
                    "Join Type": "Inner",
                    "Startup Cost": 277.37,
                    "Total Cost": 68515.96,
                    "Plan Rows": 1963,
                    "Plan Width": 8,
                    "Actual Startup Time": 4.388,
                    "Actual Total Time": 58.176,
                    "Actual Rows": 4602,
                    "Actual Loops": 2,
                    "Inner Unique": true,
                    "Plans": [
                      {
                        "Node Type": "Bitmap Heap Scan",
                        "Parent Relationship": "Outer",
                        "Parallel Aware": true,
                        "Relation Name": "movie_keyword",
                        "Alias": "mk",
                        "Startup Cost": 276.94,
                        "Total Cost": 21465.18,
                        "Plan Rows": 7629,
                        "Plan Width": 4,
                        "Actual Startup Time": 4.24,
                        "Actual Total Time": 15.425,
                        "Actual Rows": 7182,
                        "Actual Loops": 2,
                        "Recheck Cond": "(keyword_id = 1)",
                        "Rows Removed by Index Recheck": 0,
                        "Exact Heap Blocks": 4320,
                        "Lossy Heap Blocks": 0,
                        "Plans": [
                          {
                            "Node Type": "Bitmap Index Scan",
                            "Parent Relationship": "Outer",
                            "Parallel Aware": false,
                            "Index Name": "keyword_id_movie_keyword",
                            "Startup Cost": 0.0,
                            "Total Cost": 273.7,
                            "Plan Rows": 12969,
                            "Plan Width": 0,
                            "Actual Startup Time": 5.296,
                            "Actual Total Time": 5.297,
                            "Actual Rows": 14364,
                            "Actual Loops": 1,
                            "Index Cond": "(keyword_id = 1)"
                          }
                        ]
                      },
                      {
                        "Node Type": "Index Scan",
                        "Parent Relationship": "Inner",
                        "Parallel Aware": false,
                        "Scan Direction": "Forward",
                        "Index Name": "title_pkey",
                        "Relation Name": "title",
                        "Alias": "t",
                        "Startup Cost": 0.43,
                        "Total Cost": 6.17,
                        "Plan Rows": 1,
                        "Plan Width": 4,
                        "Actual Startup Time": 0.006,
                        "Actual Total Time": 0.006,
                        "Actual Rows": 1,
                        "Actual Loops": 14364,
                        "Index Cond": "(id = mk.movie_id)",
                        "Rows Removed by Index Recheck": 0,
                        "Filter": "((kind_id < 4) AND (production_year < 2010))",
                        "Rows Removed by Filter": 0
                      }
                    ]
                  },
                  {
                    "Node Type": "Index Only Scan",
                    "Parent Relationship": "Inner",
                    "Parallel Aware": false,
                    "Scan Direction": "Forward",
                    "Index Name": "movie_id_movie_companies",
                    "Relation Name": "movie_companies",
                    "Alias": "mc",
                    "Startup Cost": 0.43,
                    "Total Cost": 0.69,
                    "Plan Rows": 5,
                    "Plan Width": 4,
                    "Actual Startup Time": 0.005,
                    "Actual Total Time": 0.006,
                    "Actual Rows": 4,
                    "Actual Loops": 9205,
                    "Index Cond": "(movie_id = t.id)",
                    "Rows Removed by Index Recheck": 0,
                    "Heap Fetches": 34891
                  }
                ]
              }
            ]
          }
        ]
      }
    ]
  },
  "Planning Time": 1.05,
  "Triggers": [],
  "Execution Time": 112.646
}