[
  {
    "Plan": {
      "Node Type": "Aggregate",
      "Strategy": "Plain",
      "Partial Mode": "Finalize",
      "Parallel Aware": false,
      "Startup Cost": 32404.93,
      "Total Cost": 32404.94,
      "Plan Rows": 1,
      "Plan Width": 8,
      "Actual Startup Time": 125.653,
      "Actual Total Time": 133.844,
      "Actual Rows": 1,
      "Actual Loops": 1,
      "Plans": [
        {
          "Node Type": "Gather",
          "Parent Relationship": "Outer",
          "Parallel Aware": false,
          "Startup Cost": 32404.61,
          "Total Cost": 32404.92,
          "Plan Rows": 3,
          "Plan Width": 8,
          "Actual Startup Time": 125.505,
          "Actual Total Time": 133.837,
          "Actual Rows": 4,
          "Actual Loops": 1,
          "Workers Planned": 3,
          "Workers Launched": 3,
          "Single Copy": false,
          "Plans": [
            {
              "Node Type": "Aggregate",
              "Strategy": "Plain",
              "Partial Mode": "Partial",
              "Parent Relationship": "Outer",
              "Parallel Aware": false,
              "Startup Cost": 31404.61,
              "Total Cost": 31404.62,
              "Plan Rows": 1,
              "Plan Width": 8,
              "Actual Startup Time": 119.108,
              "Actual Total Time": 119.109,
              "Actual Rows": 1,
              "Actual Loops": 4,
              "Plans": [
                {
                  "Node Type": "Seq Scan",
                  "Parent Relationship": "Outer",
                  "Parallel Aware": true,
                  "Relation Name": "movie_companies",
                  "Alias": "mc",
                  "Startup Cost": 0.0,
                  "Total Cost": 29310.68,
                  "Plan Rows": 837572,
                  "Plan Width": 0,
                  "Actual Startup Time": 0.029,
                  "Actual Total Time": 86.542,
                  "Actual Rows": 649335,
                  "Actual Loops": 4,
                  "Filter": "(company_id < 223830)",
                  "Rows Removed by Filter": 2947
                }
              ]
            }
          ]
        }
      ]
    },
    "Planning Time": 0.142,
    "Triggers": [],
    "Execution Time": 133.873
  }
]