{
  "Plan": {
    "Node Type": "Aggregate",
    "Strategy": "Plain",
    "Partial Mode": "Finalize",
    "Parallel Aware": false,
    "Startup Cost": 122628.03,
    "Total Cost": 122628.04,
    "Plan Rows": 1,
    "Plan Width": 8,
    "Actual Startup Time": 665.967,
    "Actual Total Time": 685.18,
    "Actual Rows": 1,
    "Actual Loops": 1,
    "Plans": [
      {
        "Node Type": "Gather",
        "Parent Relationship": "Outer",
        "Parallel Aware": false,
        "Startup Cost": 122627.91,
        "Total Cost": 122628.02,
        "Plan Rows": 1,
        "Plan Width": 8,
        "Actual Startup Time": 662.949,
        "Actual Total Time": 685.171,
        "Actual Rows": 2,
        "Actual Loops": 1,
        "Workers Planned": 1,
        "Workers Launched": 1,
        "Single Copy": false,
        "Plans": [
          {
            "Node Type": "Aggregate",
            "Strategy": "Plain",
            "Partial Mode": "Partial",
            "Parent Relationship": "Outer",
            "Parallel Aware": false,
            "Startup Cost": 121627.91,
            "Total Cost": 121627.92,
            "Plan Rows": 1,
            "Plan Width": 8,
            "Actual Startup Time": 657.883,
            "Actual Total Time": 657.888,
            "Actual Rows": 1,
            "Actual Loops": 2,
            "Plans": [
              {
                "Node Type": "Hash Join",
                "Parent Relationship": "Outer",
                "Parallel Aware": true,
                "Join Type": "Inner",
                "Startup Cost": 61287.7,
                "Total Cost": 120957.96,
                "Plan Rows": 267982,
                "Plan Width": 0,
                "Actual Startup Time": 335.486,
                "Actual Total Time": 650.696,
                "Actual Rows": 143614,
                "Actual Loops": 2,
                "Inner Unique": true,
                "Hash Cond": "(mk.movie_id = t.id)",
                "Plans": [
                  {
                    "Node Type": "Seq Scan",
                    "Parent Relationship": "Outer",
                    "Parallel Aware": true,
                    "Relation Name": "movie_keyword",
                    "Alias": "mk",
                    "Startup Cost": 0.0,
                    "Total Cost": 57718.19,
                    "Plan Rows": 743644,
                    "Plan Width": 4,
                    "Actual Startup Time": 0.019,
                    "Actual Total Time": 194.673,
                    "Actual Rows": 635818,
                    "Actual Loops": 2,
                    "Filter": "(keyword_id < 1633)",
                    "Rows Removed by Filter": 1626146
                  },
                  {
                    "Node Type": "Hash",
                    "Parent Relationship": "Inner",
                    "Parallel Aware": true,
                    "Startup Cost": 54588.39,
                    "Total Cost": 54588.39,
                    "Plan Rows": 535945,
                    "Plan Width": 4,
                    "Actual Startup Time": 328.938,
                    "Actual Total Time": 328.939,
                    "Actual Rows": 452246,
                    "Actual Loops": 2,
                    "Hash Buckets": 1048576,
                    "Original Hash Buckets": 1048576,
                    "Hash Batches": 1,
                    "Original Hash Batches": 1,
                    "Peak Memory Usage": 43616,
                    "Plans": [
                      {
                        "Node Type": "Seq Scan",
                        "Parent Relationship": "Outer",
                        "Parallel Aware": true,
                        "Relation Name": "title",
                        "Alias": "t",
                        "Startup Cost": 0.0,
                        "Total Cost": 54588.39,
                        "Plan Rows": 535945,
                        "Plan Width": 4,
                        "Actual Startup Time": 0.033,
                        "Actual Total Time": 181.111,
                        "Actual Rows": 452246,
                        "Actual Loops": 2,
                        "Filter": "(production_year > 2006)",
                        "Rows Removed by Filter": 811910
                      }
                    ]
                  }
                ]
              }
            ]
          }
        ]
      }
    ]
  },
  "Planning Time": 0.219,
  "Triggers": [],
  "Execution Time": 685.223
}