{
  "Plan": {
    "Node Type": "Aggregate",
    "Strategy": "Plain",
    "Partial Mode": "Finalize",
    "Parallel Aware": false,
    "Startup Cost": 78309.33,
    "Total Cost": 78309.34,
    "Plan Rows": 1,
    "Plan Width": 8,
    "Actual Startup Time": 218.084,
    "Actual Total Time": 231.492,
    "Actual Rows": 1,
    "Actual Loops": 1,
    "Plans": [
      {
        "Node Type": "Gather",
        "Parent Relationship": "Outer",
        "Parallel Aware": false,
        "Startup Cost": 78309.22,
        "Total Cost": 78309.33,
        "Plan Rows": 1,
        "Plan Width": 8,
        "Actual Startup Time": 217.955,
        "Actual Total Time": 231.485,
        "Actual Rows": 2,
        "Actual Loops": 1,
        "Workers Planned": 1,
        "Workers Launched": 1,
        "Single Copy": false,
        "Plans": [
          {
            "Node Type": "Aggregate",
            "Strategy": "Plain",
            "Partial Mode": "Partial",
            "Parent Relationship": "Outer",
            "Parallel Aware": false,
            "Startup Cost": 77309.22,
            "Total Cost": 77309.23,
            "Plan Rows": 1,
            "Plan Width": 8,
            "Actual Startup Time": 212.483,
            "Actual Total Time": 212.486,
            "Actual Rows": 1,
            "Actual Loops": 2,
            "Plans": [
              {
                "Node Type": "Hash Join",
                "Parent Relationship": "Outer",
                "Parallel Aware": true,
                "Join Type": "Inner",
                "Startup Cost": 58502.57,
                "Total Cost": 77302.02,
                "Plan Rows": 2882,
                "Plan Width": 0,
                "Actual Startup Time": 142.044,
                "Actual Total Time": 212.32,
                "Actual Rows": 2635,
                "Actual Loops": 2,
                "Inner Unique": true,
                "Hash Cond": "(mi_idx.movie_id = t.id)",
                "Plans": [
                  {
                    "Node Type": "Seq Scan",
                    "Parent Relationship": "Outer",
                    "Parallel Aware": true,
                    "Relation Name": "movie_info_idx",
                    "Alias": "mi_idx",
                    "Startup Cost": 0.0,
                    "Total Cost": 18082.32,
                    "Plan Rows": 273193,
                    "Plan Width": 4,
                    "Actual Startup Time": 0.019,
                    "Actual Total Time": 47.959,
                    "Actual Rows": 229962,
                    "Actual Loops": 2,
                    "Filter": "(info_type_id = 100)",
                    "Rows Removed by Filter": 460055
                  },
                  {
                    "Node Type": "Hash",
                    "Parent Relationship": "Inner",
                    "Parallel Aware": true,
                    "Startup Cost": 58306.47,
                    "Total Cost": 58306.47,
                    "Plan Rows": 15688,
                    "Plan Width": 4,
                    "Actual Startup Time": 140.483,
                    "Actual Total Time": 140.484,
                    "Actual Rows": 15425,
                    "Actual Loops": 2,
                    "Hash Buckets": 32768,
                    "Original Hash Buckets": 32768,
                    "Hash Batches": 1,
                    "Original Hash Batches": 1,
                    "Peak Memory Usage": 1472,
                    "Plans": [
                      {
                        "Node Type": "Seq Scan",
                        "Parent Relationship": "Outer",
                        "Parallel Aware": true,
                        "Relation Name": "title",
                        "Alias": "t",
                        "Startup Cost": 0.0,
                        "Total Cost": 58306.47,
                        "Plan Rows": 15688,
                        "Plan Width": 4,
                        "Actual Startup Time": 0.067,
                        "Actual Total Time": 135.82,
                        "Actual Rows": 15425,
                        "Actual Loops": 2,
                        "Filter": "((kind_id > 1) AND (production_year = 1995))",
                        "Rows Removed by Filter": 1248731
                      }
                    ]
                  }
                ]
              }
            ]
          }
        ]
      }
    ]
  },
  "Planning Time": 0.452,
  "Triggers": [],
  "Execution Time": 231.564
}