{
  "Plan": {
    "Node Type": "Aggregate",
    "Strategy": "Plain",
    "Partial Mode": "Finalize",
    "Parallel Aware": false,
    "Startup Cost": 233444.18,
    "Total Cost": 233444.19,
    "Plan Rows": 1,
    "Plan Width": 8,
    "Actual Startup Time": 1764.302,
    "Actual Total Time": 1789.646,
    "Actual Rows": 1,
    "Actual Loops": 1,
    "Plans": [
      {
        "Node Type": "Gather",
        "Parent Relationship": "Outer",
        "Parallel Aware": false,
        "Startup Cost": 233444.07,
        "Total Cost": 233444.18,
        "Plan Rows": 1,
        "Plan Width": 8,
        "Actual Startup Time": 1763.147,
        "Actual Total Time": 1789.637,
        "Actual Rows": 2,
        "Actual Loops": 1,
        "Workers Planned": 1,
        "Workers Launched": 1,
        "Single Copy": false,
        "Plans": [
          {
            "Node Type": "Aggregate",
            "Strategy": "Plain",
            "Partial Mode": "Partial",
            "Parent Relationship": "Outer",
            "Parallel Aware": false,
            "Startup Cost": 232444.07,
            "Total Cost": 232444.08,
            "Plan Rows": 1,
            "Plan Width": 8,
            "Actual Startup Time": 1757.185,
            "Actual Total Time": 1757.189,
            "Actual Rows": 1,
            "Actual Loops": 2,
            "Plans": [
              {
                "Node Type": "Hash Join",
                "Parent Relationship": "Outer",
                "Parallel Aware": true,
                "Join Type": "Inner",
                "Startup Cost": 168878.26,
                "Total Cost": 231692.13,
                "Plan Rows": 300774,
                "Plan Width": 0,
                "Actual Startup Time": 1176.13,
                "Actual Total Time": 1676.74,
                "Actual Rows": 1656824,
                "Actual Loops": 2,
                "Inner Unique": false,
                "Hash Cond": "(mk.movie_id = t.id)",
                "Plans": [
                  {
                    "Node Type": "Seq Scan",
                    "Parent Relationship": "Outer",
                    "Parallel Aware": true,
                    "Relation Name": "movie_keyword",
                    "Alias": "mk",
                    "Startup Cost": 0.0,
                    "Total Cost": 51065.35,
                    "Plan Rows": 2661135,
                    "Plan Width": 4,
                    "Actual Startup Time": 0.018,
                    "Actual Total Time": 168.857,
                    "Actual Rows": 2261965,
                    "Actual Loops": 2
                  },
                  {
                    "Node Type": "Hash",
                    "Parent Relationship": "Inner",
                    "Parallel Aware": true,
                    "Startup Cost": 166777.09,
                    "Total Cost": 166777.09,
                    "Plan Rows": 168094,
                    "Plan Width": 8,
                    "Actual Startup Time": 1170.571,
                    "Actual Total Time": 1170.573,
                    "Actual Rows": 205693,
                    "Actual Loops": 2,
                    "Hash Buckets": 524288,
                    "Original Hash Buckets": 524288,
                    "Hash Batches": 1,
                    "Original Hash Batches": 1,
                    "Peak Memory Usage": 20224,
                    "Plans": [
                      {
                        "Node Type": "Merge Join",
                        "Parent Relationship": "Outer",
                        "Parallel Aware": false,
                        "Join Type": "Inner",
                        "Startup Cost": 2.96,
                        "Total Cost": 166777.09,
                        "Plan Rows": 168094,
                        "Plan Width": 8,
                        "Actual Startup Time": 0.588,
                        "Actual Total Time": 1118.738,
                        "Actual Rows": 205693,
                        "Actual Loops": 2,
                        "Inner Unique": false,
                        "Merge Cond": "(t.id = mi_idx.movie_id)",
                        "Plans": [
                          {
                            "Node Type": "Index Scan",
                            "Parent Relationship": "Outer",
                            "Parallel Aware": true,
                            "Scan Direction": "Forward",
                            "Index Name": "title_pkey",
                            "Relation Name": "title",
                            "Alias": "t",
                            "Startup Cost": 0.43,
                            "Total Cost": 107365.5,
                            "Plan Rows": 307956,
                            "Plan Width": 4,
                            "Actual Startup Time": 0.312,
                            "Actual Total Time": 691.542,
                            "Actual Rows": 220295,
                            "Actual Loops": 2,
                            "Filter": "((kind_id < 7) AND (production_year > 2001))",
                            "Rows Removed by Filter": 1042658
                          },
                          {
                            "Node Type": "Index Only Scan",
                            "Parent Relationship": "Inner",
                            "Parallel Aware": false,
                            "Scan Direction": "Forward",
                            "Index Name": "movie_id_movie_info_idx",
                            "Relation Name": "movie_info_idx",
                            "Alias": "mi_idx",
                            "Startup Cost": 0.43,
                            "Total Cost": 53620.22,
                            "Plan Rows": 1380035,
                            "Plan Width": 4,
                            "Actual Startup Time": 0.137,
                            "Actual Total Time": 306.254,
                            "Actual Rows": 1380035,
                            "Actual Loops": 2,
                            "Heap Fetches": 2760070
                          }
                        ]
                      }
                    ]
                  }
                ]
              }
            ]
          }
        ]
      }
    ]
  },
  "Planning Time": 1.105,
  "Triggers": [],
  "Execution Time": 1789.742
}