{
  "Plan": {
    "Node Type": "Aggregate",
    "Strategy": "Plain",
    "Partial Mode": "Finalize",
    "Parallel Aware": false,
    "Startup Cost": 317587.73,
    "Total Cost": 317587.74,
    "Plan Rows": 1,
    "Plan Width": 8,
    "Actual Startup Time": 4780.577,
    "Actual Total Time": 4812.041,
    "Actual Rows": 1,
    "Actual Loops": 1,
    "Plans": [
      {
        "Node Type": "Gather",
        "Parent Relationship": "Outer",
        "Parallel Aware": false,
        "Startup Cost": 317587.61,
        "Total Cost": 317587.72,
        "Plan Rows": 1,
        "Plan Width": 8,
        "Actual Startup Time": 4778.993,
        "Actual Total Time": 4812.032,
        "Actual Rows": 2,
        "Actual Loops": 1,
        "Workers Planned": 1,
        "Workers Launched": 1,
        "Single Copy": false,
        "Plans": [
          {
            "Node Type": "Aggregate",
            "Strategy": "Plain",
            "Partial Mode": "Partial",
            "Parent Relationship": "Outer",
            "Parallel Aware": false,
            "Startup Cost": 316587.61,
            "Total Cost": 316587.62,
            "Plan Rows": 1,
            "Plan Width": 8,
            "Actual Startup Time": 4772.734,
            "Actual Total Time": 4772.738,
            "Actual Rows": 1,
            "Actual Loops": 2,
            "Plans": [
              {
                "Node Type": "Nested Loop",
                "Parent Relationship": "Outer",
                "Parallel Aware": false,
                "Join Type": "Inner",
                "Startup Cost": 61389.55,
                "Total Cost": 315783.84,
                "Plan Rows": 321511,
                "Plan Width": 0,
                "Actual Startup Time": 274.425,
                "Actual Total Time": 4476.777,
                "Actual Rows": 6395456,
                "Actual Loops": 2,
                "Inner Unique": false,
                "Join Filter": "(t.id = mc.movie_id)",
                "Rows Removed by Join Filter": 0,
                "Plans": [
                  {
                    "Node Type": "Hash Join",
                    "Parent Relationship": "Outer",
                    "Parallel Aware": true,
                    "Join Type": "Inner",
                    "Startup Cost": 61389.12,
                    "Total Cost": 124039.3,
                    "Plan Rows": 311550,
                    "Plan Width": 8,
                    "Actual Startup Time": 274.362,
                    "Actual Total Time": 786.597,
                    "Actual Rows": 787328,
                    "Actual Loops": 2,
                    "Inner Unique": true,
                    "Hash Cond": "(mk.movie_id = t.id)",
                    "Plans": [
                      {
                        "Node Type": "Seq Scan",
                        "Parent Relationship": "Outer",
                        "Parallel Aware": true,
                        "Relation Name": "movie_keyword",
                        "Alias": "mk",
                        "Startup Cost": 0.0,
                        "Total Cost": 57718.19,
                        "Plan Rows": 1878848,
                        "Plan Width": 4,
                        "Actual Startup Time": 0.187,
                        "Actual Total Time": 244.905,
                        "Actual Rows": 1587311,
                        "Actual Loops": 2,
                        "Filter": "(keyword_id > 1753)",
                        "Rows Removed by Filter": 674654
                      },
                      {
                        "Node Type": "Hash",
                        "Parent Relationship": "Inner",
                        "Parallel Aware": true,
                        "Startup Cost": 58306.47,
                        "Total Cost": 58306.47,
                        "Plan Rows": 246612,
                        "Plan Width": 4,
                        "Actual Startup Time": 268.347,
                        "Actual Total Time": 268.348,
                        "Actual Rows": 258984,
                        "Actual Loops": 2,
                        "Hash Buckets": 524288,
                        "Original Hash Buckets": 524288,
                        "Hash Batches": 1,
                        "Original Hash Batches": 1,
                        "Peak Memory Usage": 24384,
                        "Plans": [
                          {
                            "Node Type": "Seq Scan",
                            "Parent Relationship": "Outer",
                            "Parallel Aware": true,
                            "Relation Name": "title",
                            "Alias": "t",
                            "Startup Cost": 0.0,
                            "Total Cost": 58306.47,
                            "Plan Rows": 246612,
                            "Plan Width": 4,
                            "Actual Startup Time": 0.051,
                            "Actual Total Time": 184.959,
                            "Actual Rows": 258984,
                            "Actual Loops": 2,
                            "Filter": "((kind_id < 7) AND (production_year < 2001))",
                            "Rows Removed by Filter": 1005172
                          }
                        ]
                      }
                    ]
                  },
                  {
                    "Node Type": "Index Only Scan",
                    "Parent Relationship": "Inner",
                    "Parallel Aware": false,
                    "Scan Direction": "Forward",
                    "Index Name": "movie_id_movie_companies",
                    "Relation Name": "movie_companies",
                    "Alias": "mc",
                    "Startup Cost": 0.43,
                    "Total Cost": 0.55,
                    "Plan Rows": 5,
                    "Plan Width": 4,
                    "Actual Startup Time": 0.002,
                    "Actual Total Time": 0.004,
                    "Actual Rows": 8,
                    "Actual Loops": 1574656,
                    "Index Cond": "(movie_id = mk.movie_id)",
                    "Rows Removed by Index Recheck": 0,
                    "Heap Fetches": 12790911
                  }
                ]
              }
            ]
          }
        ]
      }
    ]
  },
  "Planning Time": 1.205,
  "Triggers": [],
  "Execution Time": 4812.136
}