[
  {
    "Plan": {
      "Node Type": "Aggregate",
      "Strategy": "Plain",
      "Partial Mode": "Finalize",
      "Parallel Aware": false,
      "Startup Cost": 38530.45,
      "Total Cost": 38530.46,
      "Plan Rows": 1,
      "Plan Width": 8,
      "Actual Startup Time": 24.396,
      "Actual Total Time": 27.084,
      "Actual Rows": 1,
      "Actual Loops": 1,
      "Plans": [
        {
          "Node Type": "Gather",
          "Parent Relationship": "Outer",
          "Parallel Aware": false,
          "Startup Cost": 38530.13,
          "Total Cost": 38530.44,
          "Plan Rows": 3,
          "Plan Width": 8,
          "Actual Startup Time": 24.167,
          "Actual Total Time": 27.077,
          "Actual Rows": 4,
          "Actual Loops": 1,
          "Workers Planned": 3,
          "Workers Launched": 3,
          "Single Copy": false,
          "Plans": [
            {
              "Node Type": "Aggregate",
              "Strategy": "Plain",
              "Partial Mode": "Partial",
              "Parent Relationship": "Outer",
              "Parallel Aware": false,
              "Startup Cost": 37530.13,
              "Total Cost": 37530.14,
              "Plan Rows": 1,
              "Plan Width": 8,
              "Actual Startup Time": 14.626,
              "Actual Total Time": 14.628,
              "Actual Rows": 1,
              "Actual Loops": 4,
              "Plans": [
                {
                  "Node Type": "Nested Loop",
                  "Parent Relationship": "Outer",
                  "Parallel Aware": false,
                  "Join Type": "Inner",
                  "Startup Cost": 383.28,
                  "Total Cost": 37529.34,
                  "Plan Rows": 319,
                  "Plan Width": 0,
                  "Actual Startup Time": 11.299,
                  "Actual Total Time": 14.621,
                  "Actual Rows": 1,
                  "Actual Loops": 4,
                  "Inner Unique": true,
                  "Join Filter": "(mc.movie_id = t.id)",
                  "Rows Removed by Join Filter": 0,
                  "Plans": [
                    {
                      "Node Type": "Nested Loop",
                      "Parent Relationship": "Outer",
                      "Parallel Aware": false,
                      "Join Type": "Inner",
                      "Startup Cost": 382.85,
                      "Total Cost": 35199.84,
                      "Plan Rows": 2731,
                      "Plan Width": 8,
                      "Actual Startup Time": 3.03,
                      "Actual Total Time": 13.313,
                      "Actual Rows": 26,
                      "Actual Loops": 4,
                      "Inner Unique": false,
                      "Plans": [
                        {
                          "Node Type": "Bitmap Heap Scan",
                          "Parent Relationship": "Outer",
                          "Parallel Aware": true,
                          "Relation Name": "movie_companies",
                          "Alias": "mc",
                          "Startup Cost": 382.42,
                          "Total Cost": 19686.73,
                          "Plan Rows": 2877,
                          "Plan Width": 4,
                          "Actual Startup Time": 2.193,
                          "Actual Total Time": 4.387,
                          "Actual Rows": 2035,
                          "Actual Loops": 4,
                          "Recheck Cond": "(company_id = 166)",
                          "Rows Removed by Index Recheck": 0,
                          "Filter": "(company_type_id > 1)",
                          "Rows Removed by Filter": 2020,
                          "Exact Heap Blocks": 404,
                          "Lossy Heap Blocks": 0,
                          "Plans": [
                            {
                              "Node Type": "Bitmap Index Scan",
                              "Parent Relationship": "Outer",
                              "Parallel Aware": false,
                              "Index Name": "company_id_movie_companies",
                              "Startup Cost": 0.0,
                              "Total Cost": 380.19,
                              "Plan Rows": 17568,
                              "Plan Width": 0,
                              "Actual Startup Time": 5.299,
                              "Actual Total Time": 5.3,
                              "Actual Rows": 16220,
                              "Actual Loops": 1,
                              "Index Cond": "(company_id = 166)"
                            }
                          ]
                        },
                        {
                          "Node Type": "Index Scan",
                          "Parent Relationship": "Inner",
                          "Parallel Aware": false,
                          "Scan Direction": "Forward",
                          "Index Name": "movie_id_movie_info_idx",
                          "Relation Name": "movie_info_idx",
                          "Alias": "mi_idx",
                          "Startup Cost": 0.43,
                          "Total Cost": 5.38,
                          "Plan Rows": 1,
                          "Plan Width": 4,
                          "Actual Startup Time": 0.004,
                          "Actual Total Time": 0.004,
                          "Actual Rows": 0,
                          "Actual Loops": 8139,
                          "Index Cond": "(movie_id = mc.movie_id)",
                          "Rows Removed by Index Recheck": 0,
                          "Filter": "(info_type_id > 100)",
                          "Rows Removed by Filter": 0
                        }
                      ]
                    },
                    {
                      "Node Type": "Index Scan",
                      "Parent Relationship": "Inner",
                      "Parallel Aware": false,
                      "Scan Direction": "Forward",
                      "Index Name": "title_pkey",
                      "Relation Name": "title",
                      "Alias": "t",
                      "Startup Cost": 0.43,
                      "Total Cost": 0.84,
                      "Plan Rows": 1,
                      "Plan Width": 4,
                      "Actual Startup Time": 0.049,
                      "Actual Total Time": 0.049,
                      "Actual Rows": 0,
                      "Actual Loops": 104,
                      "Index Cond": "(id = mi_idx.movie_id)",
                      "Rows Removed by Index Recheck": 0,
                      "Filter": "(kind_id = 7)",
                      "Rows Removed by Filter": 1
                    }
                  ]
                }
              ]
            }
          ]
        }
      ]
    },
    "Planning Time": 1.433,
    "Triggers": [],
    "Execution Time": 27.188
  }
]