[
  {
    "Plan": {
      "Node Type": "Aggregate",
      "Strategy": "Plain",
      "Partial Mode": "Finalize",
      "Parallel Aware": false,
      "Startup Cost": 33362.37,
      "Total Cost": 33362.38,
      "Plan Rows": 1,
      "Plan Width": 8,
      "Actual Startup Time": 89.46,
      "Actual Total Time": 94.617,
      "Actual Rows": 1,
      "Actual Loops": 1,
      "Plans": [
        {
          "Node Type": "Gather",
          "Parent Relationship": "Outer",
          "Parallel Aware": false,
          "Startup Cost": 33362.05,
          "Total Cost": 33362.36,
          "Plan Rows": 3,
          "Plan Width": 8,
          "Actual Startup Time": 89.346,
          "Actual Total Time": 94.608,
          "Actual Rows": 4,
          "Actual Loops": 1,
          "Workers Planned": 3,
          "Workers Launched": 3,
          "Single Copy": false,
          "Plans": [
            {
              "Node Type": "Aggregate",
              "Strategy": "Plain",
              "Partial Mode": "Partial",
              "Parent Relationship": "Outer",
              "Parallel Aware": false,
              "Startup Cost": 32362.05,
              "Total Cost": 32362.06,
              "Plan Rows": 1,
              "Plan Width": 8,
              "Actual Startup Time": 84.255,
              "Actual Total Time": 84.257,
              "Actual Rows": 1,
              "Actual Loops": 4,
              "Plans": [
                {
                  "Node Type": "Seq Scan",
                  "Parent Relationship": "Outer",
                  "Parallel Aware": true,
                  "Relation Name": "movie_companies",
                  "Alias": "mc",
                  "Startup Cost": 0.0,
                  "Total Cost": 31414.82,
                  "Plan Rows": 378893,
                  "Plan Width": 0,
                  "Actual Startup Time": 39.679,
                  "Actual Total Time": 73.947,
                  "Actual Rows": 256797,
                  "Actual Loops": 4,
                  "Filter": "((company_id < 92971) AND (company_type_id = 2))",
                  "Rows Removed by Filter": 395486
                }
              ]
            }
          ]
        }
      ]
    },
    "Planning Time": 0.156,
    "Triggers": [],
    "Execution Time": 94.661
  }
]