{
  "Plan": {
    "Node Type": "Aggregate",
    "Strategy": "Plain",
    "Partial Mode": "Finalize",
    "Parallel Aware": false,
    "Startup Cost": 103289.05,
    "Total Cost": 103289.06,
    "Plan Rows": 1,
    "Plan Width": 8,
    "Actual Startup Time": 542.129,
    "Actual Total Time": 556.419,
    "Actual Rows": 1,
    "Actual Loops": 1,
    "Plans": [
      {
        "Node Type": "Gather",
        "Parent Relationship": "Outer",
        "Parallel Aware": false,
        "Startup Cost": 103288.94,
        "Total Cost": 103289.05,
        "Plan Rows": 1,
        "Plan Width": 8,
        "Actual Startup Time": 539.139,
        "Actual Total Time": 556.411,
        "Actual Rows": 2,
        "Actual Loops": 1,
        "Workers Planned": 1,
        "Workers Launched": 1,
        "Single Copy": false,
        "Plans": [
          {
            "Node Type": "Aggregate",
            "Strategy": "Plain",
            "Partial Mode": "Partial",
            "Parent Relationship": "Outer",
            "Parallel Aware": false,
            "Startup Cost": 102288.94,
            "Total Cost": 102288.95,
            "Plan Rows": 1,
            "Plan Width": 8,
            "Actual Startup Time": 530.645,
            "Actual Total Time": 530.649,
            "Actual Rows": 1,
            "Actual Loops": 2,
            "Plans": [
              {
                "Node Type": "Hash Join",
                "Parent Relationship": "Outer",
                "Parallel Aware": true,
                "Join Type": "Inner",
                "Startup Cost": 77435.74,
                "Total Cost": 101830.64,
                "Plan Rows": 183321,
                "Plan Width": 0,
                "Actual Startup Time": 384.476,
                "Actual Total Time": 523.419,
                "Actual Rows": 170242,
                "Actual Loops": 2,
                "Inner Unique": true,
                "Hash Cond": "(mc.movie_id = t.id)",
                "Plans": [
                  {
                    "Node Type": "Bitmap Heap Scan",
                    "Parent Relationship": "Outer",
                    "Parallel Aware": true,
                    "Relation Name": "movie_companies",
                    "Alias": "mc",
                    "Startup Cost": 13650.71,
                    "Total Cost": 37072.86,
                    "Plan Rows": 370572,
                    "Plan Width": 4,
                    "Actual Startup Time": 31.977,
                    "Actual Total Time": 74.233,
                    "Actual Rows": 321050,
                    "Actual Loops": 2,
                    "Recheck Cond": "(company_id > 56594)",
                    "Rows Removed by Index Recheck": 0,
                    "Exact Heap Blocks": 6189,
                    "Lossy Heap Blocks": 0,
                    "Plans": [
                      {
                        "Node Type": "Bitmap Index Scan",
                        "Parent Relationship": "Outer",
                        "Parallel Aware": false,
                        "Index Name": "company_id_movie_companies",
                        "Startup Cost": 0.0,
                        "Total Cost": 13493.22,
                        "Plan Rows": 629972,
                        "Plan Width": 0,
                        "Actual Startup Time": 30.43,
                        "Actual Total Time": 30.431,
                        "Actual Rows": 642101,
                        "Actual Loops": 1,
                        "Index Cond": "(company_id > 56594)"
                      }
                    ]
                  },
                  {
                    "Node Type": "Hash",
                    "Parent Relationship": "Inner",
                    "Parallel Aware": true,
                    "Startup Cost": 54588.39,
                    "Total Cost": 54588.39,
                    "Plan Rows": 735731,
                    "Plan Width": 4,
                    "Actual Startup Time": 337.835,
                    "Actual Total Time": 337.836,
                    "Actual Rows": 631850,
                    "Actual Loops": 2,
                    "Hash Buckets": 2097152,
                    "Original Hash Buckets": 2097152,
                    "Hash Batches": 1,
                    "Original Hash Batches": 1,
                    "Peak Memory Usage": 65856,
                    "Plans": [
                      {
                        "Node Type": "Seq Scan",
                        "Parent Relationship": "Outer",
                        "Parallel Aware": true,
                        "Relation Name": "title",
                        "Alias": "t",
                        "Startup Cost": 0.0,
                        "Total Cost": 54588.39,
                        "Plan Rows": 735731,
                        "Plan Width": 4,
                        "Actual Startup Time": 0.029,
                        "Actual Total Time": 162.768,
                        "Actual Rows": 631850,
                        "Actual Loops": 2,
                        "Filter": "(production_year < 2004)",
                        "Rows Removed by Filter": 632306
                      }
                    ]
                  }
                ]
              }
            ]
          }
        ]
      }
    ]
  },
  "Planning Time": 0.737,
  "Triggers": [],
  "Execution Time": 556.511
}