[
    {
        "Bao": {
            "Bao prediction": 520.231,
            "Bao recommended hint": "(no hint)"
        }
    },
    {
        "Plan": {
            "Node Type": "Aggregate",
            "Strategy": "Plain",
            "Partial Mode": "Finalize",
            "Parallel Aware": false,
            "Startup Cost": 215964.87,
            "Total Cost": 215964.88,
            "Plan Rows": 1,
            "Plan Width": 8,
            "Actual Startup Time": 177.304,
            "Actual Total Time": 185.562,
            "Actual Rows": 1,
            "Actual Loops": 1,
            "Output": [
                "count(*)"
            ],
            "Plans": [
                {
                    "Node Type": "Gather",
                    "Parent Relationship": "Outer",
                    "Parallel Aware": false,
                    "Startup Cost": 215964.34,
                    "Total Cost": 215964.85,
                    "Plan Rows": 5,
                    "Plan Width": 8,
                    "Actual Startup Time": 176.022,
                    "Actual Total Time": 185.551,
                    "Actual Rows": 6,
                    "Actual Loops": 1,
                    "Output": [
                        "(PARTIAL count(*))"
                    ],
                    "Workers Planned": 5,
                    "Workers Launched": 5,
                    "Single Copy": false,
                    "Plans": [
                        {
                            "Node Type": "Aggregate",
                            "Strategy": "Plain",
                            "Partial Mode": "Partial",
                            "Parent Relationship": "Outer",
                            "Parallel Aware": false,
                            "Startup Cost": 214964.34,
                            "Total Cost": 214964.35,
                            "Plan Rows": 1,
                            "Plan Width": 8,
                            "Actual Startup Time": 166.479,
                            "Actual Total Time": 166.55,
                            "Actual Rows": 1,
                            "Actual Loops": 6,
                            "Output": [
                                "PARTIAL count(*)"
                            ],
                            "Workers": [
                                {
                                    "Worker Number": 0,
                                    "Actual Startup Time": 164.392,
                                    "Actual Total Time": 164.395,
                                    "Actual Rows": 1,
                                    "Actual Loops": 1
                                },
                                {
                                    "Worker Number": 1,
                                    "Actual Startup Time": 164.573,
                                    "Actual Total Time": 164.576,
                                    "Actual Rows": 1,
                                    "Actual Loops": 1
                                },
                                {
                                    "Worker Number": 2,
                                    "Actual Startup Time": 164.96,
                                    "Actual Total Time": 164.963,
                                    "Actual Rows": 1,
                                    "Actual Loops": 1
                                },
                                {
                                    "Worker Number": 3,
                                    "Actual Startup Time": 164.714,
                                    "Actual Total Time": 164.716,
                                    "Actual Rows": 1,
                                    "Actual Loops": 1
                                },
                                {
                                    "Worker Number": 4,
                                    "Actual Startup Time": 165.053,
                                    "Actual Total Time": 165.056,
                                    "Actual Rows": 1,
                                    "Actual Loops": 1
                                }
                            ],
                            "Plans": [
                                {
                                    "Node Type": "Hash Join",
                                    "Parent Relationship": "Outer",
                                    "Parallel Aware": true,
                                    "Join Type": "Inner",
                                    "Startup Cost": 51934.4,
                                    "Total Cost": 214958.45,
                                    "Plan Rows": 2357,
                                    "Plan Width": 0,
                                    "Actual Startup Time": 129.779,
                                    "Actual Total Time": 165.728,
                                    "Actual Rows": 9437,
                                    "Actual Loops": 6,
                                    "Inner Unique": true,
                                    "Hash Cond": "(mi.movie_id = t.id)",
                                    "Workers": [
                                        {
                                            "Worker Number": 0,
                                            "Actual Startup Time": 127.797,
                                            "Actual Total Time": 163.579,
                                            "Actual Rows": 9063,
                                            "Actual Loops": 1
                                        },
                                        {
                                            "Worker Number": 1,
                                            "Actual Startup Time": 128.106,
                                            "Actual Total Time": 163.743,
                                            "Actual Rows": 9236,
                                            "Actual Loops": 1
                                        },
                                        {
                                            "Worker Number": 2,
                                            "Actual Startup Time": 128.153,
                                            "Actual Total Time": 164.118,
                                            "Actual Rows": 9746,
                                            "Actual Loops": 1
                                        },
                                        {
                                            "Worker Number": 3,
                                            "Actual Startup Time": 127.925,
                                            "Actual Total Time": 163.851,
                                            "Actual Rows": 9377,
                                            "Actual Loops": 1
                                        },
                                        {
                                            "Worker Number": 4,
                                            "Actual Startup Time": 128.035,
                                            "Actual Total Time": 164.238,
                                            "Actual Rows": 8987,
                                            "Actual Loops": 1
                                        }
                                    ],
                                    "Plans": [
                                        {
                                            "Node Type": "Bitmap Heap Scan",
                                            "Parent Relationship": "Outer",
                                            "Parallel Aware": true,
                                            "Relation Name": "movie_info",
                                            "Schema": "public",
                                            "Alias": "mi",
                                            "Startup Cost": 6181.97,
                                            "Total Cost": 169027.08,
                                            "Plan Rows": 68169,
                                            "Plan Width": 4,
                                            "Actual Startup Time": 25.073,
                                            "Actual Total Time": 47.881,
                                            "Actual Rows": 61370,
                                            "Actual Loops": 6,
                                            "Output": [
                                                "mi.id",
                                                "mi.movie_id",
                                                "mi.info_type_id",
                                                "mi.info",
                                                "mi.note"
                                            ],
                                            "Recheck Cond": "(mi.info_type_id = 17)",
                                            "Rows Removed by Index Recheck": 0,
                                            "Exact Heap Blocks": 1917,
                                            "Lossy Heap Blocks": 0,
                                            "Workers": [
                                                {
                                                    "Worker Number": 0,
                                                    "Actual Startup Time": 25.042,
                                                    "Actual Total Time": 48.347,
                                                    "Actual Rows": 59512,
                                                    "Actual Loops": 1
                                                },
                                                {
                                                    "Worker Number": 1,
                                                    "Actual Startup Time": 25.081,
                                                    "Actual Total Time": 48.254,
                                                    "Actual Rows": 61006,
                                                    "Actual Loops": 1
                                                },
                                                {
                                                    "Worker Number": 2,
                                                    "Actual Startup Time": 24.94,
                                                    "Actual Total Time": 48.161,
                                                    "Actual Rows": 64431,
                                                    "Actual Loops": 1
                                                },
                                                {
                                                    "Worker Number": 3,
                                                    "Actual Startup Time": 25.122,
                                                    "Actual Total Time": 48.204,
                                                    "Actual Rows": 58896,
                                                    "Actual Loops": 1
                                                },
                                                {
                                                    "Worker Number": 4,
                                                    "Actual Startup Time": 25.196,
                                                    "Actual Total Time": 48.285,
                                                    "Actual Rows": 59506,
                                                    "Actual Loops": 1
                                                }
                                            ],
                                            "Plans": [
                                                {
                                                    "Node Type": "Bitmap Index Scan",
                                                    "Parent Relationship": "Outer",
                                                    "Parallel Aware": false,
                                                    "Index Name": "info_type_id_movie_info",
                                                    "Startup Cost": 0.0,
                                                    "Total Cost": 6096.76,
                                                    "Plan Rows": 340843,
                                                    "Plan Width": 0,
                                                    "Actual Startup Time": 22.543,
                                                    "Actual Total Time": 22.544,
                                                    "Actual Rows": 368218,
                                                    "Actual Loops": 1,
                                                    "Index Cond": "(mi.info_type_id = 17)",
                                                    "Workers": [
                                                        {
                                                            "Worker Number": 2,
                                                            "Actual Startup Time": 22.543,
                                                            "Actual Total Time": 22.544,
                                                            "Actual Rows": 368218,
                                                            "Actual Loops": 1
                                                        }
                                                    ]
                                                }
                                            ]
                                        },
                                        {
                                            "Node Type": "Hash",
                                            "Parent Relationship": "Inner",
                                            "Parallel Aware": true,
                                            "Startup Cost": 45479.21,
                                            "Total Cost": 45479.21,
                                            "Plan Rows": 21858,
                                            "Plan Width": 4,
                                            "Actual Startup Time": 102.58,
                                            "Actual Total Time": 102.581,
                                            "Actual Rows": 31244,
                                            "Actual Loops": 6,
                                            "Output": [
                                                "t.id"
                                            ],
                                            "Hash Buckets": 262144,
                                            "Original Hash Buckets": 131072,
                                            "Hash Batches": 1,
                                            "Original Hash Batches": 1,
                                            "Peak Memory Usage": 10464,
                                            "Workers": [
                                                {
                                                    "Worker Number": 0,
                                                    "Actual Startup Time": 101.395,
                                                    "Actual Total Time": 101.396,
                                                    "Actual Rows": 30281,
                                                    "Actual Loops": 1
                                                },
                                                {
                                                    "Worker Number": 1,
                                                    "Actual Startup Time": 101.562,
                                                    "Actual Total Time": 101.563,
                                                    "Actual Rows": 30046,
                                                    "Actual Loops": 1
                                                },
                                                {
                                                    "Worker Number": 2,
                                                    "Actual Startup Time": 101.692,
                                                    "Actual Total Time": 101.693,
                                                    "Actual Rows": 30077,
                                                    "Actual Loops": 1
                                                },
                                                {
                                                    "Worker Number": 3,
                                                    "Actual Startup Time": 101.726,
                                                    "Actual Total Time": 101.727,
                                                    "Actual Rows": 30052,
                                                    "Actual Loops": 1
                                                },
                                                {
                                                    "Worker Number": 4,
                                                    "Actual Startup Time": 102.048,
                                                    "Actual Total Time": 102.049,
                                                    "Actual Rows": 30205,
                                                    "Actual Loops": 1
                                                }
                                            ],
                                            "Plans": [
                                                {
                                                    "Node Type": "Seq Scan",
                                                    "Parent Relationship": "Outer",
                                                    "Parallel Aware": true,
                                                    "Relation Name": "title",
                                                    "Schema": "public",
                                                    "Alias": "t",
                                                    "Startup Cost": 0.0,
                                                    "Total Cost": 45479.21,
                                                    "Plan Rows": 21858,
                                                    "Plan Width": 4,
                                                    "Actual Startup Time": 0.242,
                                                    "Actual Total Time": 86.536,
                                                    "Actual Rows": 31244,
                                                    "Actual Loops": 6,
                                                    "Output": [
                                                        "t.id"
                                                    ],
                                                    "Filter": "((t.kind_id < 7) AND (t.production_year < 1958))",
                                                    "Rows Removed by Filter": 390142,
                                                    "Workers": [
                                                        {
                                                            "Worker Number": 0,
                                                            "Actual Startup Time": 0.326,
                                                            "Actual Total Time": 85.912,
                                                            "Actual Rows": 30281,
                                                            "Actual Loops": 1
                                                        },
                                                        {
                                                            "Worker Number": 1,
                                                            "Actual Startup Time": 0.076,
                                                            "Actual Total Time": 85.912,
                                                            "Actual Rows": 30046,
                                                            "Actual Loops": 1
                                                        },
                                                        {
                                                            "Worker Number": 2,
                                                            "Actual Startup Time": 0.054,
                                                            "Actual Total Time": 86.005,
                                                            "Actual Rows": 30077,
                                                            "Actual Loops": 1
                                                        },
                                                        {
                                                            "Worker Number": 3,
                                                            "Actual Startup Time": 0.218,
                                                            "Actual Total Time": 86.43,
                                                            "Actual Rows": 30052,
                                                            "Actual Loops": 1
                                                        },
                                                        {
                                                            "Worker Number": 4,
                                                            "Actual Startup Time": 0.491,
                                                            "Actual Total Time": 86.15,
                                                            "Actual Rows": 30205,
                                                            "Actual Loops": 1
                                                        }
                                                    ]
                                                }
                                            ]
                                        }
                                    ]
                                }
                            ]
                        }
                    ]
                }
            ]
        },
        "Planning Time": 3666.425,
        "Triggers": [],
        "Execution Time": 185.729
    }
]