[
  {
    "Plan": {
      "Node Type": "Aggregate",
      "Strategy": "Plain",
      "Partial Mode": "Finalize",
      "Parallel Aware": false,
      "Startup Cost": 47021.66,
      "Total Cost": 47021.67,
      "Plan Rows": 1,
      "Plan Width": 8,
      "Actual Startup Time": 177.814,
      "Actual Total Time": 187.304,
      "Actual Rows": 1,
      "Actual Loops": 1,
      "Plans": [
        {
          "Node Type": "Gather",
          "Parent Relationship": "Outer",
          "Parallel Aware": false,
          "Startup Cost": 47021.34,
          "Total Cost": 47021.65,
          "Plan Rows": 3,
          "Plan Width": 8,
          "Actual Startup Time": 177.685,
          "Actual Total Time": 187.295,
          "Actual Rows": 4,
          "Actual Loops": 1,
          "Workers Planned": 3,
          "Workers Launched": 3,
          "Single Copy": false,
          "Plans": [
            {
              "Node Type": "Aggregate",
              "Strategy": "Plain",
              "Partial Mode": "Partial",
              "Parent Relationship": "Outer",
              "Parallel Aware": false,
              "Startup Cost": 46021.34,
              "Total Cost": 46021.35,
              "Plan Rows": 1,
              "Plan Width": 8,
              "Actual Startup Time": 170.231,
              "Actual Total Time": 170.232,
              "Actual Rows": 1,
              "Actual Loops": 4,
              "Plans": [
                {
                  "Node Type": "Seq Scan",
                  "Parent Relationship": "Outer",
                  "Parallel Aware": true,
                  "Relation Name": "movie_keyword",
                  "Alias": "mk",
                  "Startup Cost": 0.0,
                  "Total Cost": 42695.65,
                  "Plan Rows": 1330276,
                  "Plan Width": 0,
                  "Actual Startup Time": 0.06,
                  "Actual Total Time": 124.318,
                  "Actual Rows": 1033820,
                  "Actual Loops": 4,
                  "Filter": "(keyword_id < 44248)",
                  "Rows Removed by Filter": 97162
                }
              ]
            }
          ]
        }
      ]
    },
    "Planning Time": 0.186,
    "Triggers": [],
    "Execution Time": 187.36
  }
]