[
  {
    "Plan": {
      "Node Type": "Aggregate",
      "Strategy": "Plain",
      "Partial Mode": "Finalize",
      "Parallel Aware": false,
      "Startup Cost": 18028.88,
      "Total Cost": 18028.89,
      "Plan Rows": 1,
      "Plan Width": 8,
      "Actual Startup Time": 33.539,
      "Actual Total Time": 38.375,
      "Actual Rows": 1,
      "Actual Loops": 1,
      "Plans": [
        {
          "Node Type": "Gather",
          "Parent Relationship": "Outer",
          "Parallel Aware": false,
          "Startup Cost": 18028.77,
          "Total Cost": 18028.88,
          "Plan Rows": 1,
          "Plan Width": 8,
          "Actual Startup Time": 33.381,
          "Actual Total Time": 38.367,
          "Actual Rows": 2,
          "Actual Loops": 1,
          "Workers Planned": 1,
          "Workers Launched": 1,
          "Single Copy": false,
          "Plans": [
            {
              "Node Type": "Aggregate",
              "Strategy": "Plain",
              "Partial Mode": "Partial",
              "Parent Relationship": "Outer",
              "Parallel Aware": false,
              "Startup Cost": 17028.77,
              "Total Cost": 17028.78,
              "Plan Rows": 1,
              "Plan Width": 8,
              "Actual Startup Time": 28.697,
              "Actual Total Time": 28.699,
              "Actual Rows": 1,
              "Actual Loops": 2,
              "Plans": [
                {
                  "Node Type": "Nested Loop",
                  "Parent Relationship": "Outer",
                  "Parallel Aware": false,
                  "Join Type": "Inner",
                  "Startup Cost": 74.49,
                  "Total Cost": 17027.42,
                  "Plan Rows": 539,
                  "Plan Width": 0,
                  "Actual Startup Time": 13.694,
                  "Actual Total Time": 28.686,
                  "Actual Rows": 15,
                  "Actual Loops": 2,
                  "Inner Unique": false,
                  "Plans": [
                    {
                      "Node Type": "Nested Loop",
                      "Parent Relationship": "Outer",
                      "Parallel Aware": false,
                      "Join Type": "Inner",
                      "Startup Cost": 74.07,
                      "Total Cost": 16501.92,
                      "Plan Rows": 987,
                      "Plan Width": 8,
                      "Actual Startup Time": 5.664,
                      "Actual Total Time": 21.221,
                      "Actual Rows": 1094,
                      "Actual Loops": 2,
                      "Inner Unique": true,
                      "Plans": [
                        {
                          "Node Type": "Bitmap Heap Scan",
                          "Parent Relationship": "Outer",
                          "Parallel Aware": true,
                          "Relation Name": "movie_companies",
                          "Alias": "mc",
                          "Startup Cost": 73.64,
                          "Total Cost": 8590.09,
                          "Plan Rows": 987,
                          "Plan Width": 4,
                          "Actual Startup Time": 5.554,
                          "Actual Total Time": 9.035,
                          "Actual Rows": 1094,
                          "Actual Loops": 2,
                          "Recheck Cond": "(company_id = 11373)",
                          "Rows Removed by Index Recheck": 0,
                          "Filter": "(company_type_id > 1)",
                          "Rows Removed by Filter": 1146,
                          "Exact Heap Blocks": 1924,
                          "Lossy Heap Blocks": 0,
                          "Plans": [
                            {
                              "Node Type": "Bitmap Index Scan",
                              "Parent Relationship": "Outer",
                              "Parallel Aware": false,
                              "Index Name": "company_id_movie_companies",
                              "Startup Cost": 0.0,
                              "Total Cost": 73.22,
                              "Plan Rows": 3305,
                              "Plan Width": 0,
                              "Actual Startup Time": 3.467,
                              "Actual Total Time": 3.467,
                              "Actual Rows": 4481,
                              "Actual Loops": 1,
                              "Index Cond": "(company_id = 11373)"
                            }
                          ]
                        },
                        {
                          "Node Type": "Index Only Scan",
                          "Parent Relationship": "Inner",
                          "Parallel Aware": false,
                          "Scan Direction": "Forward",
                          "Index Name": "title_pkey",
                          "Relation Name": "title",
                          "Alias": "t",
                          "Startup Cost": 0.43,
                          "Total Cost": 8.02,
                          "Plan Rows": 1,
                          "Plan Width": 4,
                          "Actual Startup Time": 0.01,
                          "Actual Total Time": 0.01,
                          "Actual Rows": 1,
                          "Actual Loops": 2189,
                          "Index Cond": "(id = mc.movie_id)",
                          "Rows Removed by Index Recheck": 0,
                          "Heap Fetches": 2189
                        }
                      ]
                    },
                    {
                      "Node Type": "Index Only Scan",
                      "Parent Relationship": "Inner",
                      "Parallel Aware": false,
                      "Scan Direction": "Forward",
                      "Index Name": "movie_id_movie_info_idx",
                      "Relation Name": "movie_info_idx",
                      "Alias": "mi_idx",
                      "Startup Cost": 0.43,
                      "Total Cost": 0.5,
                      "Plan Rows": 3,
                      "Plan Width": 4,
                      "Actual Startup Time": 0.006,
                      "Actual Total Time": 0.006,
                      "Actual Rows": 0,
                      "Actual Loops": 2189,
                      "Index Cond": "(movie_id = t.id)",
                      "Rows Removed by Index Recheck": 0,
                      "Heap Fetches": 30
                    }
                  ]
                }
              ]
            }
          ]
        }
      ]
    },
    "Planning Time": 1.518,
    "Triggers": [],
    "Execution Time": 38.472
  }
]