{
  "Plan": {
    "Node Type": "Aggregate",
    "Strategy": "Plain",
    "Partial Mode": "Simple",
    "Parallel Aware": false,
    "Startup Cost": 190896.38,
    "Total Cost": 190896.39,
    "Plan Rows": 1,
    "Plan Width": 8,
    "Actual Startup Time": 745.542,
    "Actual Total Time": 772.714,
    "Actual Rows": 1,
    "Actual Loops": 1,
    "Plans": [
      {
        "Node Type": "Gather",
        "Parent Relationship": "Outer",
        "Parallel Aware": false,
        "Startup Cost": 190874.98,
        "Total Cost": 190896.38,
        "Plan Rows": 1,
        "Plan Width": 0,
        "Actual Startup Time": 734.514,
        "Actual Total Time": 772.706,
        "Actual Rows": 2,
        "Actual Loops": 1,
        "Workers Planned": 1,
        "Workers Launched": 1,
        "Single Copy": false,
        "Plans": [
          {
            "Node Type": "Merge Join",
            "Parent Relationship": "Outer",
            "Parallel Aware": false,
            "Join Type": "Inner",
            "Startup Cost": 189874.98,
            "Total Cost": 189896.28,
            "Plan Rows": 1,
            "Plan Width": 0,
            "Actual Startup Time": 733.953,
            "Actual Total Time": 734.077,
            "Actual Rows": 1,
            "Actual Loops": 2,
            "Inner Unique": false,
            "Merge Cond": "(t.id = mk.movie_id)",
            "Plans": [
              {
                "Node Type": "Sort",
                "Parent Relationship": "Outer",
                "Parallel Aware": false,
                "Startup Cost": 188942.14,
                "Total Cost": 188952.17,
                "Plan Rows": 4014,
                "Plan Width": 8,
                "Actual Startup Time": 723.811,
                "Actual Total Time": 723.923,
                "Actual Rows": 1522,
                "Actual Loops": 2,
                "Sort Key": [
                  "ci.movie_id"
                ],
                "Sort Method": "quicksort",
                "Sort Space Used": 134,
                "Sort Space Type": "Memory",
                "Workers": [
                  {
                    "Worker Number": 0,
                    "Sort Method": "quicksort",
                    "Sort Space Used": 106,
                    "Sort Space Type": "Memory"
                  }
                ],
                "Plans": [
                  {
                    "Node Type": "Hash Join",
                    "Parent Relationship": "Outer",
                    "Parallel Aware": true,
                    "Join Type": "Inner",
                    "Startup Cost": 58338.38,
                    "Total Cost": 188701.88,
                    "Plan Rows": 4014,
                    "Plan Width": 8,
                    "Actual Startup Time": 155.218,
                    "Actual Total Time": 722.955,
                    "Actual Rows": 1522,
                    "Actual Loops": 2,
                    "Inner Unique": true,
                    "Hash Cond": "(ci.movie_id = t.id)",
                    "Plans": [
                      {
                        "Node Type": "Index Scan",
                        "Parent Relationship": "Outer",
                        "Parallel Aware": true,
                        "Scan Direction": "Forward",
                        "Index Name": "role_id_cast_info",
                        "Relation Name": "cast_info",
                        "Alias": "ci",
                        "Startup Cost": 0.56,
                        "Total Cost": 124115.52,
                        "Plan Rows": 2380394,
                        "Plan Width": 4,
                        "Actual Startup Time": 0.094,
                        "Actual Total Time": 348.453,
                        "Actual Rows": 2004018,
                        "Actual Loops": 2,
                        "Index Cond": "(role_id = 3)",
                        "Rows Removed by Index Recheck": 0
                      },
                      {
                        "Node Type": "Hash",
                        "Parent Relationship": "Inner",
                        "Parallel Aware": true,
                        "Startup Cost": 58306.47,
                        "Total Cost": 58306.47,
                        "Plan Rows": 2508,
                        "Plan Width": 4,
                        "Actual Startup Time": 153.997,
                        "Actual Total Time": 153.998,
                        "Actual Rows": 2481,
                        "Actual Loops": 2,
                        "Hash Buckets": 8192,
                        "Original Hash Buckets": 8192,
                        "Hash Batches": 1,
                        "Original Hash Batches": 1,
                        "Peak Memory Usage": 288,
                        "Plans": [
                          {
                            "Node Type": "Seq Scan",
                            "Parent Relationship": "Outer",
                            "Parallel Aware": true,
                            "Relation Name": "title",
                            "Alias": "t",
                            "Startup Cost": 0.0,
                            "Total Cost": 58306.47,
                            "Plan Rows": 2508,
                            "Plan Width": 4,
                            "Actual Startup Time": 1.903,
                            "Actual Total Time": 152.838,
                            "Actual Rows": 2481,
                            "Actual Loops": 2,
                            "Filter": "((kind_id < 7) AND (production_year = 1964))",
                            "Rows Removed by Filter": 1261675
                          }
                        ]
                      }
                    ]
                  }
                ]
              },
              {
                "Node Type": "Sort",
                "Parent Relationship": "Inner",
                "Parallel Aware": false,
                "Startup Cost": 932.85,
                "Total Cost": 933.47,
                "Plan Rows": 248,
                "Plan Width": 4,
                "Actual Startup Time": 9.722,
                "Actual Total Time": 9.845,
                "Actual Rows": 2664,
                "Actual Loops": 2,
                "Sort Key": [
                  "mk.movie_id"
                ],
                "Sort Method": "quicksort",
                "Sort Space Used": 222,
                "Sort Space Type": "Memory",
                "Workers": [
                  {
                    "Worker Number": 0,
                    "Sort Method": "quicksort",
                    "Sort Space Used": 222,
                    "Sort Space Type": "Memory"
                  }
                ],
                "Plans": [
                  {
                    "Node Type": "Bitmap Heap Scan",
                    "Parent Relationship": "Outer",
                    "Parallel Aware": false,
                    "Relation Name": "movie_keyword",
                    "Alias": "mk",
                    "Startup Cost": 6.35,
                    "Total Cost": 922.98,
                    "Plan Rows": 248,
                    "Plan Width": 4,
                    "Actual Startup Time": 0.913,
                    "Actual Total Time": 8.9,
                    "Actual Rows": 2667,
                    "Actual Loops": 2,
                    "Recheck Cond": "(keyword_id = 1415)",
                    "Rows Removed by Index Recheck": 0,
                    "Exact Heap Blocks": 2157,
                    "Lossy Heap Blocks": 0,
                    "Plans": [
                      {
                        "Node Type": "Bitmap Index Scan",
                        "Parent Relationship": "Outer",
                        "Parallel Aware": false,
                        "Index Name": "keyword_id_movie_keyword",
                        "Startup Cost": 0.0,
                        "Total Cost": 6.29,
                        "Plan Rows": 248,
                        "Plan Width": 0,
                        "Actual Startup Time": 0.617,
                        "Actual Total Time": 0.617,
                        "Actual Rows": 2667,
                        "Actual Loops": 2,
                        "Index Cond": "(keyword_id = 1415)"
                      }
                    ]
                  }
                ]
              }
            ]
          }
        ]
      }
    ]
  },
  "Planning Time": 0.951,
  "Triggers": [],
  "Execution Time": 772.826
}