{
  "Plan": {
    "Node Type": "Aggregate",
    "Strategy": "Plain",
    "Partial Mode": "Finalize",
    "Parallel Aware": false,
    "Startup Cost": 108152.64,
    "Total Cost": 108152.65,
    "Plan Rows": 1,
    "Plan Width": 8,
    "Actual Startup Time": 448.95,
    "Actual Total Time": 468.413,
    "Actual Rows": 1,
    "Actual Loops": 1,
    "Plans": [
      {
        "Node Type": "Gather",
        "Parent Relationship": "Outer",
        "Parallel Aware": false,
        "Startup Cost": 108152.52,
        "Total Cost": 108152.63,
        "Plan Rows": 1,
        "Plan Width": 8,
        "Actual Startup Time": 447.148,
        "Actual Total Time": 468.404,
        "Actual Rows": 2,
        "Actual Loops": 1,
        "Workers Planned": 1,
        "Workers Launched": 1,
        "Single Copy": false,
        "Plans": [
          {
            "Node Type": "Aggregate",
            "Strategy": "Plain",
            "Partial Mode": "Partial",
            "Parent Relationship": "Outer",
            "Parallel Aware": false,
            "Startup Cost": 107152.52,
            "Total Cost": 107152.53,
            "Plan Rows": 1,
            "Plan Width": 8,
            "Actual Startup Time": 441.846,
            "Actual Total Time": 441.85,
            "Actual Rows": 1,
            "Actual Loops": 2,
            "Plans": [
              {
                "Node Type": "Hash Join",
                "Parent Relationship": "Outer",
                "Parallel Aware": true,
                "Join Type": "Inner",
                "Startup Cost": 76395.45,
                "Total Cost": 106961.43,
                "Plan Rows": 76439,
                "Plan Width": 0,
                "Actual Startup Time": 283.784,
                "Actual Total Time": 441.153,
                "Actual Rows": 11328,
                "Actual Loops": 2,
                "Inner Unique": true,
                "Hash Cond": "(mk.movie_id = t.id)",
                "Plans": [
                  {
                    "Node Type": "Bitmap Heap Scan",
                    "Parent Relationship": "Outer",
                    "Parallel Aware": true,
                    "Relation Name": "movie_keyword",
                    "Alias": "mk",
                    "Startup Cost": 14572.42,
                    "Total Cost": 44077.64,
                    "Plan Rows": 404098,
                    "Plan Width": 4,
                    "Actual Startup Time": 43.164,
                    "Actual Total Time": 129.506,
                    "Actual Rows": 346276,
                    "Actual Loops": 2,
                    "Recheck Cond": "(keyword_id < 574)",
                    "Rows Removed by Index Recheck": 0,
                    "Exact Heap Blocks": 16085,
                    "Lossy Heap Blocks": 0,
                    "Plans": [
                      {
                        "Node Type": "Bitmap Index Scan",
                        "Parent Relationship": "Outer",
                        "Parallel Aware": false,
                        "Index Name": "keyword_id_movie_keyword",
                        "Startup Cost": 0.0,
                        "Total Cost": 14400.68,
                        "Plan Rows": 686966,
                        "Plan Width": 0,
                        "Actual Startup Time": 39.545,
                        "Actual Total Time": 39.545,
                        "Actual Rows": 692553,
                        "Actual Loops": 1,
                        "Index Cond": "(keyword_id < 574)"
                      }
                    ]
                  },
                  {
                    "Node Type": "Hash",
                    "Parent Relationship": "Inner",
                    "Parallel Aware": true,
                    "Startup Cost": 58306.47,
                    "Total Cost": 58306.47,
                    "Plan Rows": 281325,
                    "Plan Width": 4,
                    "Actual Startup Time": 234.989,
                    "Actual Total Time": 234.99,
                    "Actual Rows": 259164,
                    "Actual Loops": 2,
                    "Hash Buckets": 524288,
                    "Original Hash Buckets": 524288,
                    "Hash Batches": 1,
                    "Original Hash Batches": 1,
                    "Peak Memory Usage": 24384,
                    "Plans": [
                      {
                        "Node Type": "Seq Scan",
                        "Parent Relationship": "Outer",
                        "Parallel Aware": true,
                        "Relation Name": "title",
                        "Alias": "t",
                        "Startup Cost": 0.0,
                        "Total Cost": 58306.47,
                        "Plan Rows": 281325,
                        "Plan Width": 4,
                        "Actual Startup Time": 0.035,
                        "Actual Total Time": 168.356,
                        "Actual Rows": 259164,
                        "Actual Loops": 2,
                        "Filter": "((production_year > 2007) AND (kind_id = 7))",
                        "Rows Removed by Filter": 1004992
                      }
                    ]
                  }
                ]
              }
            ]
          }
        ]
      }
    ]
  },
  "Planning Time": 0.606,
  "Triggers": [],
  "Execution Time": 468.502
}