[
  {
    "Plan": {
      "Node Type": "Aggregate",
      "Strategy": "Plain",
      "Partial Mode": "Finalize",
      "Parallel Aware": false,
      "Startup Cost": 421559.62,
      "Total Cost": 421559.63,
      "Plan Rows": 1,
      "Plan Width": 8,
      "Actual Startup Time": 2222.209,
      "Actual Total Time": 2293.463,
      "Actual Rows": 1,
      "Actual Loops": 1,
      "Plans": [
        {
          "Node Type": "Gather",
          "Parent Relationship": "Outer",
          "Parallel Aware": false,
          "Startup Cost": 421559.3,
          "Total Cost": 421559.61,
          "Plan Rows": 3,
          "Plan Width": 8,
          "Actual Startup Time": 2205.592,
          "Actual Total Time": 2293.452,
          "Actual Rows": 4,
          "Actual Loops": 1,
          "Workers Planned": 3,
          "Workers Launched": 3,
          "Single Copy": false,
          "Plans": [
            {
              "Node Type": "Aggregate",
              "Strategy": "Plain",
              "Partial Mode": "Partial",
              "Parent Relationship": "Outer",
              "Parallel Aware": false,
              "Startup Cost": 420559.3,
              "Total Cost": 420559.31,
              "Plan Rows": 1,
              "Plan Width": 8,
              "Actual Startup Time": 2184.41,
              "Actual Total Time": 2184.415,
              "Actual Rows": 1,
              "Actual Loops": 4,
              "Plans": [
                {
                  "Node Type": "Hash Join",
                  "Parent Relationship": "Outer",
                  "Parallel Aware": true,
                  "Join Type": "Inner",
                  "Startup Cost": 386378.91,
                  "Total Cost": 418857.85,
                  "Plan Rows": 680580,
                  "Plan Width": 0,
                  "Actual Startup Time": 1711.65,
                  "Actual Total Time": 2102.334,
                  "Actual Rows": 2138093,
                  "Actual Loops": 4,
                  "Inner Unique": false,
                  "Hash Cond": "(mc.movie_id = t.id)",
                  "Plans": [
                    {
                      "Node Type": "Seq Scan",
                      "Parent Relationship": "Outer",
                      "Parallel Aware": true,
                      "Relation Name": "movie_companies",
                      "Alias": "mc",
                      "Startup Cost": 0.0,
                      "Total Cost": 29310.68,
                      "Plan Rows": 542389,
                      "Plan Width": 4,
                      "Actual Startup Time": 0.023,
                      "Actual Total Time": 67.64,
                      "Actual Rows": 417377,
                      "Actual Loops": 4,
                      "Filter": "(company_id < 19058)",
                      "Rows Removed by Filter": 234906
                    },
                    {
                      "Node Type": "Hash",
                      "Parent Relationship": "Inner",
                      "Parallel Aware": true,
                      "Startup Cost": 379769.62,
                      "Total Cost": 379769.62,
                      "Plan Rows": 528743,
                      "Plan Width": 8,
                      "Actual Startup Time": 1700.199,
                      "Actual Total Time": 1700.202,
                      "Actual Rows": 768171,
                      "Actual Loops": 4,
                      "Hash Buckets": 4194304,
                      "Original Hash Buckets": 4194304,
                      "Hash Batches": 1,
                      "Original Hash Batches": 1,
                      "Peak Memory Usage": 153056,
                      "Plans": [
                        {
                          "Node Type": "Hash Join",
                          "Parent Relationship": "Outer",
                          "Parallel Aware": true,
                          "Join Type": "Inner",
                          "Startup Cost": 50219.64,
                          "Total Cost": 379769.62,
                          "Plan Rows": 528743,
                          "Plan Width": 8,
                          "Actual Startup Time": 916.62,
                          "Actual Total Time": 1424.335,
                          "Actual Rows": 768171,
                          "Actual Loops": 4,
                          "Inner Unique": true,
                          "Hash Cond": "(ci.movie_id = t.id)",
                          "Plans": [
                            {
                              "Node Type": "Seq Scan",
                              "Parent Relationship": "Outer",
                              "Parallel Aware": true,
                              "Relation Name": "cast_info",
                              "Alias": "ci",
                              "Startup Cost": 0.0,
                              "Total Cost": 328162.03,
                              "Plan Rows": 528743,
                              "Plan Width": 4,
                              "Actual Startup Time": 579.985,
                              "Actual Total Time": 726.554,
                              "Actual Rows": 768171,
                              "Actual Loops": 4,
                              "Filter": "(person_id > 3495149)",
                              "Rows Removed by Filter": 8292915
                            },
                            {
                              "Node Type": "Hash",
                              "Parent Relationship": "Inner",
                              "Parallel Aware": true,
                              "Startup Cost": 42318.73,
                              "Total Cost": 42318.73,
                              "Plan Rows": 632073,
                              "Plan Width": 4,
                              "Actual Startup Time": 330.444,
                              "Actual Total Time": 330.445,
                              "Actual Rows": 632078,
                              "Actual Loops": 4,
                              "Hash Buckets": 4194304,
                              "Original Hash Buckets": 4194304,
                              "Hash Batches": 1,
                              "Original Hash Batches": 1,
                              "Peak Memory Usage": 131776,
                              "Plans": [
                                {
                                  "Node Type": "Seq Scan",
                                  "Parent Relationship": "Outer",
                                  "Parallel Aware": true,
                                  "Relation Name": "title",
                                  "Alias": "t",
                                  "Startup Cost": 0.0,
                                  "Total Cost": 42318.73,
                                  "Plan Rows": 632073,
                                  "Plan Width": 4,
                                  "Actual Startup Time": 0.052,
                                  "Actual Total Time": 95.166,
                                  "Actual Rows": 632078,
                                  "Actual Loops": 4
                                }
                              ]
                            }
                          ]
                        }
                      ]
                    }
                  ]
                }
              ]
            }
          ]
        }
      ]
    },
    "Planning Time": 1.496,
    "Triggers": [],
    "Execution Time": 2293.562
  }
]