[
  {
    "Plan": {
      "Node Type": "Aggregate",
      "Strategy": "Plain",
      "Partial Mode": "Finalize",
      "Parallel Aware": false,
      "Startup Cost": 44903.17,
      "Total Cost": 44903.18,
      "Plan Rows": 1,
      "Plan Width": 8,
      "Actual Startup Time": 87.431,
      "Actual Total Time": 96.829,
      "Actual Rows": 1,
      "Actual Loops": 1,
      "Plans": [
        {
          "Node Type": "Gather",
          "Parent Relationship": "Outer",
          "Parallel Aware": false,
          "Startup Cost": 44902.75,
          "Total Cost": 44903.16,
          "Plan Rows": 4,
          "Plan Width": 8,
          "Actual Startup Time": 87.283,
          "Actual Total Time": 96.82,
          "Actual Rows": 5,
          "Actual Loops": 1,
          "Workers Planned": 4,
          "Workers Launched": 4,
          "Single Copy": false,
          "Plans": [
            {
              "Node Type": "Aggregate",
              "Strategy": "Plain",
              "Partial Mode": "Partial",
              "Parent Relationship": "Outer",
              "Parallel Aware": false,
              "Startup Cost": 43902.75,
              "Total Cost": 43902.76,
              "Plan Rows": 1,
              "Plan Width": 8,
              "Actual Startup Time": 81.734,
              "Actual Total Time": 81.735,
              "Actual Rows": 1,
              "Actual Loops": 5,
              "Plans": [
                {
                  "Node Type": "Seq Scan",
                  "Parent Relationship": "Outer",
                  "Parallel Aware": true,
                  "Relation Name": "title",
                  "Alias": "t",
                  "Startup Cost": 0.0,
                  "Total Cost": 43899.01,
                  "Plan Rows": 1496,
                  "Plan Width": 0,
                  "Actual Startup Time": 0.229,
                  "Actual Total Time": 81.526,
                  "Actual Rows": 1440,
                  "Actual Loops": 5,
                  "Filter": "(production_year = 1954)",
                  "Rows Removed by Filter": 504223
                }
              ]
            }
          ]
        }
      ]
    },
    "Planning Time": 0.054,
    "Triggers": [],
    "Execution Time": 96.856
  }
]