[
  {
    "Plan": {
      "Node Type": "Aggregate",
      "Strategy": "Plain",
      "Partial Mode": "Finalize",
      "Parallel Aware": false,
      "Startup Cost": 44903.92,
      "Total Cost": 44903.93,
      "Plan Rows": 1,
      "Plan Width": 8,
      "Actual Startup Time": 90.394,
      "Actual Total Time": 102.948,
      "Actual Rows": 1,
      "Actual Loops": 1,
      "Plans": [
        {
          "Node Type": "Gather",
          "Parent Relationship": "Outer",
          "Parallel Aware": false,
          "Startup Cost": 44903.5,
          "Total Cost": 44903.91,
          "Plan Rows": 4,
          "Plan Width": 8,
          "Actual Startup Time": 90.218,
          "Actual Total Time": 102.938,
          "Actual Rows": 5,
          "Actual Loops": 1,
          "Workers Planned": 4,
          "Workers Launched": 4,
          "Single Copy": false,
          "Plans": [
            {
              "Node Type": "Aggregate",
              "Strategy": "Plain",
              "Partial Mode": "Partial",
              "Parent Relationship": "Outer",
              "Parallel Aware": false,
              "Startup Cost": 43903.5,
              "Total Cost": 43903.51,
              "Plan Rows": 1,
              "Plan Width": 8,
              "Actual Startup Time": 82.674,
              "Actual Total Time": 82.675,
              "Actual Rows": 1,
              "Actual Loops": 5,
              "Plans": [
                {
                  "Node Type": "Seq Scan",
                  "Parent Relationship": "Outer",
                  "Parallel Aware": true,
                  "Relation Name": "title",
                  "Alias": "t",
                  "Startup Cost": 0.0,
                  "Total Cost": 43898.92,
                  "Plan Rows": 1833,
                  "Plan Width": 0,
                  "Actual Startup Time": 0.586,
                  "Actual Total Time": 82.491,
                  "Actual Rows": 1440,
                  "Actual Loops": 5,
                  "Filter": "(production_year = 1954)",
                  "Rows Removed by Filter": 504223
                }
              ]
            }
          ]
        }
      ]
    },
    "Planning Time": 0.161,
    "Triggers": [],
    "Execution Time": 103.01
  }
]