[
  {
    "Plan": {
      "Node Type": "Aggregate",
      "Strategy": "Plain",
      "Partial Mode": "Finalize",
      "Parallel Aware": false,
      "Startup Cost": 269290.31,
      "Total Cost": 269290.32,
      "Plan Rows": 1,
      "Plan Width": 8,
      "Actual Startup Time": 547.187,
      "Actual Total Time": 571.308,
      "Actual Rows": 1,
      "Actual Loops": 1,
      "Plans": [
        {
          "Node Type": "Gather",
          "Parent Relationship": "Outer",
          "Parallel Aware": false,
          "Startup Cost": 269290.0,
          "Total Cost": 269290.31,
          "Plan Rows": 3,
          "Plan Width": 8,
          "Actual Startup Time": 542.586,
          "Actual Total Time": 571.298,
          "Actual Rows": 4,
          "Actual Loops": 1,
          "Workers Planned": 3,
          "Workers Launched": 3,
          "Single Copy": false,
          "Plans": [
            {
              "Node Type": "Aggregate",
              "Strategy": "Plain",
              "Partial Mode": "Partial",
              "Parent Relationship": "Outer",
              "Parallel Aware": false,
              "Startup Cost": 268290.0,
              "Total Cost": 268290.01,
              "Plan Rows": 1,
              "Plan Width": 8,
              "Actual Startup Time": 533.002,
              "Actual Total Time": 533.008,
              "Actual Rows": 1,
              "Actual Loops": 4,
              "Plans": [
                {
                  "Node Type": "Hash Join",
                  "Parent Relationship": "Outer",
                  "Parallel Aware": true,
                  "Join Type": "Inner",
                  "Startup Cost": 237323.84,
                  "Total Cost": 267954.77,
                  "Plan Rows": 134089,
                  "Plan Width": 0,
                  "Actual Startup Time": 399.875,
                  "Actual Total Time": 530.987,
                  "Actual Rows": 42914,
                  "Actual Loops": 4,
                  "Inner Unique": false,
                  "Hash Cond": "(mc.movie_id = t.id)",
                  "Plans": [
                    {
                      "Node Type": "Seq Scan",
                      "Parent Relationship": "Outer",
                      "Parallel Aware": true,
                      "Relation Name": "movie_companies",
                      "Alias": "mc",
                      "Startup Cost": 0.0,
                      "Total Cost": 27206.55,
                      "Plan Rows": 841655,
                      "Plan Width": 4,
                      "Actual Startup Time": 0.03,
                      "Actual Total Time": 59.987,
                      "Actual Rows": 652282,
                      "Actual Loops": 4
                    },
                    {
                      "Node Type": "Hash",
                      "Parent Relationship": "Inner",
                      "Parallel Aware": true,
                      "Startup Cost": 236316.84,
                      "Total Cost": 236316.84,
                      "Plan Rows": 80560,
                      "Plan Width": 8,
                      "Actual Startup Time": 396.408,
                      "Actual Total Time": 396.412,
                      "Actual Rows": 18802,
                      "Actual Loops": 4,
                      "Hash Buckets": 524288,
                      "Original Hash Buckets": 524288,
                      "Hash Batches": 1,
                      "Original Hash Batches": 1,
                      "Peak Memory Usage": 7104,
                      "Plans": [
                        {
                          "Node Type": "Hash Join",
                          "Parent Relationship": "Outer",
                          "Parallel Aware": true,
                          "Join Type": "Inner",
                          "Startup Cost": 70562.84,
                          "Total Cost": 236316.84,
                          "Plan Rows": 80560,
                          "Plan Width": 8,
                          "Actual Startup Time": 246.453,
                          "Actual Total Time": 389.395,
                          "Actual Rows": 18802,
                          "Actual Loops": 4,
                          "Inner Unique": true,
                          "Hash Cond": "(mi.movie_id = t.id)",
                          "Plans": [
                            {
                              "Node Type": "Bitmap Heap Scan",
                              "Parent Relationship": "Outer",
                              "Parallel Aware": true,
                              "Relation Name": "movie_info",
                              "Alias": "mi",
                              "Startup Cost": 22524.06,
                              "Total Cost": 187625.32,
                              "Plan Rows": 248661,
                              "Plan Width": 4,
                              "Actual Startup Time": 52.188,
                              "Actual Total Time": 136.846,
                              "Actual Rows": 301177,
                              "Actual Loops": 4,
                              "Recheck Cond": "(info_type_id > 18)",
                              "Rows Removed by Index Recheck": 0,
                              "Exact Heap Blocks": 11540,
                              "Lossy Heap Blocks": 0,
                              "Plans": [
                                {
                                  "Node Type": "Bitmap Index Scan",
                                  "Parent Relationship": "Outer",
                                  "Parallel Aware": false,
                                  "Index Name": "info_type_id_movie_info",
                                  "Startup Cost": 0.0,
                                  "Total Cost": 22213.23,
                                  "Plan Rows": 1243306,
                                  "Plan Width": 0,
                                  "Actual Startup Time": 46.582,
                                  "Actual Total Time": 46.582,
                                  "Actual Rows": 1204709,
                                  "Actual Loops": 1,
                                  "Index Cond": "(info_type_id > 18)"
                                }
                              ]
                            },
                            {
                              "Node Type": "Hash",
                              "Parent Relationship": "Inner",
                              "Parallel Aware": true,
                              "Startup Cost": 45479.1,
                              "Total Cost": 45479.1,
                              "Plan Rows": 204775,
                              "Plan Width": 4,
                              "Actual Startup Time": 181.75,
                              "Actual Total Time": 181.75,
                              "Actual Rows": 186903,
                              "Actual Loops": 4,
                              "Hash Buckets": 1048576,
                              "Original Hash Buckets": 1048576,
                              "Hash Batches": 1,
                              "Original Hash Batches": 1,
                              "Peak Memory Usage": 37504,
                              "Plans": [
                                {
                                  "Node Type": "Seq Scan",
                                  "Parent Relationship": "Outer",
                                  "Parallel Aware": true,
                                  "Relation Name": "title",
                                  "Alias": "t",
                                  "Startup Cost": 0.0,
                                  "Total Cost": 45479.1,
                                  "Plan Rows": 204775,
                                  "Plan Width": 4,
                                  "Actual Startup Time": 0.052,
                                  "Actual Total Time": 108.047,
                                  "Actual Rows": 186903,
                                  "Actual Loops": 4,
                                  "Filter": "((kind_id > 4) AND (production_year < 2005))",
                                  "Rows Removed by Filter": 445175
                                }
                              ]
                            }
                          ]
                        }
                      ]
                    }
                  ]
                }
              ]
            }
          ]
        }
      ]
    },
    "Planning Time": 1.417,
    "Triggers": [],
    "Execution Time": 571.413
  }
]