[
  {
    "Plan": {
      "Node Type": "Aggregate",
      "Strategy": "Plain",
      "Partial Mode": "Finalize",
      "Parallel Aware": false,
      "Startup Cost": 46154.32,
      "Total Cost": 46154.33,
      "Plan Rows": 1,
      "Plan Width": 8,
      "Actual Startup Time": 202.437,
      "Actual Total Time": 215.159,
      "Actual Rows": 1,
      "Actual Loops": 1,
      "Plans": [
        {
          "Node Type": "Gather",
          "Parent Relationship": "Outer",
          "Parallel Aware": false,
          "Startup Cost": 46154.0,
          "Total Cost": 46154.31,
          "Plan Rows": 3,
          "Plan Width": 8,
          "Actual Startup Time": 202.325,
          "Actual Total Time": 215.149,
          "Actual Rows": 4,
          "Actual Loops": 1,
          "Workers Planned": 3,
          "Workers Launched": 3,
          "Single Copy": false,
          "Plans": [
            {
              "Node Type": "Aggregate",
              "Strategy": "Plain",
              "Partial Mode": "Partial",
              "Parent Relationship": "Outer",
              "Parallel Aware": false,
              "Startup Cost": 45154.0,
              "Total Cost": 45154.01,
              "Plan Rows": 1,
              "Plan Width": 8,
              "Actual Startup Time": 194.701,
              "Actual Total Time": 194.703,
              "Actual Rows": 1,
              "Actual Loops": 4,
              "Plans": [
                {
                  "Node Type": "Seq Scan",
                  "Parent Relationship": "Outer",
                  "Parallel Aware": true,
                  "Relation Name": "movie_keyword",
                  "Alias": "mk",
                  "Startup Cost": 0.0,
                  "Total Cost": 42695.65,
                  "Plan Rows": 983339,
                  "Plan Width": 0,
                  "Actual Startup Time": 0.326,
                  "Actual Total Time": 151.561,
                  "Actual Rows": 757598,
                  "Actual Loops": 4,
                  "Filter": "(keyword_id > 2137)",
                  "Rows Removed by Filter": 373384
                }
              ]
            }
          ]
        }
      ]
    },
    "Planning Time": 0.219,
    "Triggers": [],
    "Execution Time": 215.222
  }
]