[
  {
    "Plan": {
      "Node Type": "Aggregate",
      "Strategy": "Plain",
      "Partial Mode": "Finalize",
      "Parallel Aware": false,
      "Startup Cost": 231664.84,
      "Total Cost": 231664.85,
      "Plan Rows": 1,
      "Plan Width": 8,
      "Actual Startup Time": 470.116,
      "Actual Total Time": 490.962,
      "Actual Rows": 1,
      "Actual Loops": 1,
      "Plans": [
        {
          "Node Type": "Gather",
          "Parent Relationship": "Outer",
          "Parallel Aware": false,
          "Startup Cost": 231664.32,
          "Total Cost": 231664.83,
          "Plan Rows": 5,
          "Plan Width": 8,
          "Actual Startup Time": 458.474,
          "Actual Total Time": 490.949,
          "Actual Rows": 6,
          "Actual Loops": 1,
          "Workers Planned": 5,
          "Workers Launched": 5,
          "Single Copy": false,
          "Plans": [
            {
              "Node Type": "Aggregate",
              "Strategy": "Plain",
              "Partial Mode": "Partial",
              "Parent Relationship": "Outer",
              "Parallel Aware": false,
              "Startup Cost": 230664.32,
              "Total Cost": 230664.33,
              "Plan Rows": 1,
              "Plan Width": 8,
              "Actual Startup Time": 447.78,
              "Actual Total Time": 447.785,
              "Actual Rows": 1,
              "Actual Loops": 6,
              "Plans": [
                {
                  "Node Type": "Hash Join",
                  "Parent Relationship": "Outer",
                  "Parallel Aware": true,
                  "Join Type": "Inner",
                  "Startup Cost": 65677.45,
                  "Total Cost": 230338.47,
                  "Plan Rows": 130340,
                  "Plan Width": 0,
                  "Actual Startup Time": 320.335,
                  "Actual Total Time": 445.109,
                  "Actual Rows": 38674,
                  "Actual Loops": 6,
                  "Inner Unique": true,
                  "Hash Cond": "(mi.movie_id = t.id)",
                  "Plans": [
                    {
                      "Node Type": "Bitmap Heap Scan",
                      "Parent Relationship": "Outer",
                      "Parallel Aware": true,
                      "Relation Name": "movie_info",
                      "Alias": "mi",
                      "Startup Cost": 15939.84,
                      "Total Cost": 180137.81,
                      "Plan Rows": 176398,
                      "Plan Width": 4,
                      "Actual Startup Time": 61.542,
                      "Actual Total Time": 129.693,
                      "Actual Rows": 145371,
                      "Actual Loops": 6,
                      "Recheck Cond": "(info_type_id > 97)",
                      "Rows Removed by Index Recheck": 0,
                      "Exact Heap Blocks": 8124,
                      "Lossy Heap Blocks": 0,
                      "Plans": [
                        {
                          "Node Type": "Bitmap Index Scan",
                          "Parent Relationship": "Outer",
                          "Parallel Aware": false,
                          "Index Name": "info_type_id_movie_info",
                          "Startup Cost": 0.0,
                          "Total Cost": 15719.34,
                          "Plan Rows": 881988,
                          "Plan Width": 0,
                          "Actual Startup Time": 53.652,
                          "Actual Total Time": 53.652,
                          "Actual Rows": 872224,
                          "Actual Loops": 1,
                          "Index Cond": "(info_type_id > 97)"
                        }
                      ]
                    },
                    {
                      "Node Type": "Hash",
                      "Parent Relationship": "Inner",
                      "Parallel Aware": true,
                      "Startup Cost": 43899.32,
                      "Total Cost": 43899.32,
                      "Plan Rows": 467063,
                      "Plan Width": 4,
                      "Actual Startup Time": 245.524,
                      "Actual Total Time": 245.526,
                      "Actual Rows": 310914,
                      "Actual Loops": 6,
                      "Hash Buckets": 2097152,
                      "Original Hash Buckets": 2097152,
                      "Hash Batches": 1,
                      "Original Hash Batches": 1,
                      "Peak Memory Usage": 89440,
                      "Plans": [
                        {
                          "Node Type": "Seq Scan",
                          "Parent Relationship": "Outer",
                          "Parallel Aware": true,
                          "Relation Name": "title",
                          "Alias": "t",
                          "Startup Cost": 0.0,
                          "Total Cost": 43899.32,
                          "Plan Rows": 467063,
                          "Plan Width": 4,
                          "Actual Startup Time": 0.045,
                          "Actual Total Time": 99.186,
                          "Actual Rows": 310914,
                          "Actual Loops": 6,
                          "Filter": "(kind_id > 1)",
                          "Rows Removed by Filter": 110471
                        }
                      ]
                    }
                  ]
                }
              ]
            }
          ]
        }
      ]
    },
    "Planning Time": 0.264,
    "Triggers": [],
    "Execution Time": 491.011
  }
]