[
  {
    "Plan": {
      "Node Type": "Aggregate",
      "Strategy": "Plain",
      "Partial Mode": "Finalize",
      "Parallel Aware": false,
      "Startup Cost": 38053.59,
      "Total Cost": 38053.6,
      "Plan Rows": 1,
      "Plan Width": 8,
      "Actual Startup Time": 135.396,
      "Actual Total Time": 144.276,
      "Actual Rows": 1,
      "Actual Loops": 1,
      "Plans": [
        {
          "Node Type": "Gather",
          "Parent Relationship": "Outer",
          "Parallel Aware": false,
          "Startup Cost": 38053.28,
          "Total Cost": 38053.59,
          "Plan Rows": 3,
          "Plan Width": 8,
          "Actual Startup Time": 135.109,
          "Actual Total Time": 144.268,
          "Actual Rows": 4,
          "Actual Loops": 1,
          "Workers Planned": 3,
          "Workers Launched": 3,
          "Single Copy": false,
          "Plans": [
            {
              "Node Type": "Aggregate",
              "Strategy": "Plain",
              "Partial Mode": "Partial",
              "Parent Relationship": "Outer",
              "Parallel Aware": false,
              "Startup Cost": 37053.28,
              "Total Cost": 37053.29,
              "Plan Rows": 1,
              "Plan Width": 8,
              "Actual Startup Time": 129.551,
              "Actual Total Time": 129.552,
              "Actual Rows": 1,
              "Actual Loops": 4,
              "Plans": [
                {
                  "Node Type": "Bitmap Heap Scan",
                  "Parent Relationship": "Outer",
                  "Parallel Aware": true,
                  "Relation Name": "movie_keyword",
                  "Alias": "mk",
                  "Startup Cost": 10259.68,
                  "Total Cost": 36663.34,
                  "Plan Rows": 155973,
                  "Plan Width": 0,
                  "Actual Startup Time": 47.504,
                  "Actual Total Time": 122.583,
                  "Actual Rows": 120097,
                  "Actual Loops": 4,
                  "Recheck Cond": "(keyword_id > 37248)",
                  "Rows Removed by Index Recheck": 0,
                  "Exact Heap Blocks": 10766,
                  "Lossy Heap Blocks": 0,
                  "Plans": [
                    {
                      "Node Type": "Bitmap Index Scan",
                      "Parent Relationship": "Outer",
                      "Parallel Aware": false,
                      "Index Name": "keyword_id_movie_keyword",
                      "Startup Cost": 0.0,
                      "Total Cost": 10138.8,
                      "Plan Rows": 483516,
                      "Plan Width": 0,
                      "Actual Startup Time": 48.846,
                      "Actual Total Time": 48.846,
                      "Actual Rows": 480389,
                      "Actual Loops": 1,
                      "Index Cond": "(keyword_id > 37248)"
                    }
                  ]
                }
              ]
            }
          ]
        }
      ]
    },
    "Planning Time": 0.151,
    "Triggers": [],
    "Execution Time": 144.337
  }
]