{
  "Plan": {
    "Node Type": "Aggregate",
    "Strategy": "Plain",
    "Partial Mode": "Finalize",
    "Parallel Aware": false,
    "Startup Cost": 355175.66,
    "Total Cost": 355175.67,
    "Plan Rows": 1,
    "Plan Width": 8,
    "Actual Startup Time": 339.084,
    "Actual Total Time": 348.609,
    "Actual Rows": 1,
    "Actual Loops": 1,
    "Plans": [
      {
        "Node Type": "Gather",
        "Parent Relationship": "Outer",
        "Parallel Aware": false,
        "Startup Cost": 355175.55,
        "Total Cost": 355175.66,
        "Plan Rows": 1,
        "Plan Width": 8,
        "Actual Startup Time": 338.723,
        "Actual Total Time": 348.595,
        "Actual Rows": 2,
        "Actual Loops": 1,
        "Workers Planned": 1,
        "Workers Launched": 1,
        "Single Copy": false,
        "Plans": [
          {
            "Node Type": "Aggregate",
            "Strategy": "Plain",
            "Partial Mode": "Partial",
            "Parent Relationship": "Outer",
            "Parallel Aware": false,
            "Startup Cost": 354175.55,
            "Total Cost": 354175.56,
            "Plan Rows": 1,
            "Plan Width": 8,
            "Actual Startup Time": 332.314,
            "Actual Total Time": 332.32,
            "Actual Rows": 1,
            "Actual Loops": 2,
            "Plans": [
              {
                "Node Type": "Hash Join",
                "Parent Relationship": "Outer",
                "Parallel Aware": true,
                "Join Type": "Inner",
                "Startup Cost": 80023.75,
                "Total Cost": 354169.85,
                "Plan Rows": 2282,
                "Plan Width": 0,
                "Actual Startup Time": 103.704,
                "Actual Total Time": 331.429,
                "Actual Rows": 13784,
                "Actual Loops": 2,
                "Inner Unique": false,
                "Hash Cond": "(ci.movie_id = t.id)",
                "Plans": [
                  {
                    "Node Type": "Bitmap Heap Scan",
                    "Parent Relationship": "Outer",
                    "Parallel Aware": true,
                    "Relation Name": "cast_info",
                    "Alias": "ci",
                    "Startup Cost": 49556.05,
                    "Total Cost": 318739.72,
                    "Plan Rows": 1319734,
                    "Plan Width": 4,
                    "Actual Startup Time": 80.289,
                    "Actual Total Time": 224.181,
                    "Actual Rows": 1077550,
                    "Actual Loops": 2,
                    "Recheck Cond": "(person_id > 3641424)",
                    "Rows Removed by Index Recheck": 0,
                    "Exact Heap Blocks": 18134,
                    "Lossy Heap Blocks": 0,
                    "Plans": [
                      {
                        "Node Type": "Bitmap Index Scan",
                        "Parent Relationship": "Outer",
                        "Parallel Aware": false,
                        "Index Name": "person_id_cast_info",
                        "Startup Cost": 0.0,
                        "Total Cost": 48995.17,
                        "Plan Rows": 2243547,
                        "Plan Width": 0,
                        "Actual Startup Time": 75.171,
                        "Actual Total Time": 75.172,
                        "Actual Rows": 2155100,
                        "Actual Loops": 1,
                        "Index Cond": "(person_id > 3641424)"
                      }
                    ]
                  },
                  {
                    "Node Type": "Hash",
                    "Parent Relationship": "Inner",
                    "Parallel Aware": true,
                    "Startup Cost": 30435.54,
                    "Total Cost": 30435.54,
                    "Plan Rows": 2572,
                    "Plan Width": 8,
                    "Actual Startup Time": 22.248,
                    "Actual Total Time": 22.25,
                    "Actual Rows": 1357,
                    "Actual Loops": 2,
                    "Hash Buckets": 8192,
                    "Original Hash Buckets": 8192,
                    "Hash Batches": 1,
                    "Original Hash Batches": 1,
                    "Peak Memory Usage": 192,
                    "Plans": [
                      {
                        "Node Type": "Nested Loop",
                        "Parent Relationship": "Outer",
                        "Parallel Aware": false,
                        "Join Type": "Inner",
                        "Startup Cost": 94.75,
                        "Total Cost": 30435.54,
                        "Plan Rows": 2572,
                        "Plan Width": 8,
                        "Actual Startup Time": 1.651,
                        "Actual Total Time": 21.313,
                        "Actual Rows": 1357,
                        "Actual Loops": 2,
                        "Inner Unique": true,
                        "Plans": [
                          {
                            "Node Type": "Bitmap Heap Scan",
                            "Parent Relationship": "Outer",
                            "Parallel Aware": true,
                            "Relation Name": "movie_keyword",
                            "Alias": "mk",
                            "Startup Cost": 94.32,
                            "Total Cost": 11305.86,
                            "Plan Rows": 2572,
                            "Plan Width": 4,
                            "Actual Startup Time": 1.504,
                            "Actual Total Time": 7.228,
                            "Actual Rows": 1357,
                            "Actual Loops": 2,
                            "Recheck Cond": "(keyword_id = 1806)",
                            "Rows Removed by Index Recheck": 0,
                            "Exact Heap Blocks": 2138,
                            "Lossy Heap Blocks": 0,
                            "Plans": [
                              {
                                "Node Type": "Bitmap Index Scan",
                                "Parent Relationship": "Outer",
                                "Parallel Aware": false,
                                "Index Name": "keyword_id_movie_keyword",
                                "Startup Cost": 0.0,
                                "Total Cost": 93.23,
                                "Plan Rows": 4373,
                                "Plan Width": 0,
                                "Actual Startup Time": 1.622,
                                "Actual Total Time": 1.622,
                                "Actual Rows": 2714,
                                "Actual Loops": 1,
                                "Index Cond": "(keyword_id = 1806)"
                              }
                            ]
                          },
                          {
                            "Node Type": "Index Only Scan",
                            "Parent Relationship": "Inner",
                            "Parallel Aware": false,
                            "Scan Direction": "Forward",
                            "Index Name": "title_pkey",
                            "Relation Name": "title",
                            "Alias": "t",
                            "Startup Cost": 0.43,
                            "Total Cost": 7.44,
                            "Plan Rows": 1,
                            "Plan Width": 4,
                            "Actual Startup Time": 0.009,
                            "Actual Total Time": 0.009,
                            "Actual Rows": 1,
                            "Actual Loops": 2714,
                            "Index Cond": "(id = mk.movie_id)",
                            "Rows Removed by Index Recheck": 0,
                            "Heap Fetches": 2714
                          }
                        ]
                      }
                    ]
                  }
                ]
              }
            ]
          }
        ]
      }
    ]
  },
  "Planning Time": 0.889,
  "Triggers": [],
  "Execution Time": 348.728
}