[
  {
    "Plan": {
      "Node Type": "Aggregate",
      "Strategy": "Plain",
      "Partial Mode": "Finalize",
      "Parallel Aware": false,
      "Startup Cost": 46486.12,
      "Total Cost": 46486.13,
      "Plan Rows": 1,
      "Plan Width": 8,
      "Actual Startup Time": 98.421,
      "Actual Total Time": 110.493,
      "Actual Rows": 1,
      "Actual Loops": 1,
      "Plans": [
        {
          "Node Type": "Gather",
          "Parent Relationship": "Outer",
          "Parallel Aware": false,
          "Startup Cost": 46485.7,
          "Total Cost": 46486.11,
          "Plan Rows": 4,
          "Plan Width": 8,
          "Actual Startup Time": 98.237,
          "Actual Total Time": 110.481,
          "Actual Rows": 5,
          "Actual Loops": 1,
          "Workers Planned": 4,
          "Workers Launched": 4,
          "Single Copy": false,
          "Plans": [
            {
              "Node Type": "Aggregate",
              "Strategy": "Plain",
              "Partial Mode": "Partial",
              "Parent Relationship": "Outer",
              "Parallel Aware": false,
              "Startup Cost": 45485.7,
              "Total Cost": 45485.71,
              "Plan Rows": 1,
              "Plan Width": 8,
              "Actual Startup Time": 89.995,
              "Actual Total Time": 89.998,
              "Actual Rows": 1,
              "Actual Loops": 5,
              "Plans": [
                {
                  "Node Type": "Seq Scan",
                  "Parent Relationship": "Outer",
                  "Parallel Aware": true,
                  "Relation Name": "title",
                  "Alias": "t",
                  "Startup Cost": 0.0,
                  "Total Cost": 45479.59,
                  "Plan Rows": 2444,
                  "Plan Width": 0,
                  "Actual Startup Time": 0.238,
                  "Actual Total Time": 89.733,
                  "Actual Rows": 1874,
                  "Actual Loops": 5,
                  "Filter": "((kind_id > 1) AND (production_year = 1972))",
                  "Rows Removed by Filter": 503788
                }
              ]
            }
          ]
        }
      ]
    },
    "Planning Time": 0.095,
    "Triggers": [],
    "Execution Time": 110.525
  }
]