[
  {
    "Plan": {
      "Node Type": "Aggregate",
      "Strategy": "Plain",
      "Partial Mode": "Finalize",
      "Parallel Aware": false,
      "Startup Cost": 46485.11,
      "Total Cost": 46485.12,
      "Plan Rows": 1,
      "Plan Width": 8,
      "Actual Startup Time": 98.673,
      "Actual Total Time": 111.557,
      "Actual Rows": 1,
      "Actual Loops": 1,
      "Plans": [
        {
          "Node Type": "Gather",
          "Parent Relationship": "Outer",
          "Parallel Aware": false,
          "Startup Cost": 46484.69,
          "Total Cost": 46485.1,
          "Plan Rows": 4,
          "Plan Width": 8,
          "Actual Startup Time": 98.274,
          "Actual Total Time": 111.549,
          "Actual Rows": 5,
          "Actual Loops": 1,
          "Workers Planned": 4,
          "Workers Launched": 4,
          "Single Copy": false,
          "Plans": [
            {
              "Node Type": "Aggregate",
              "Strategy": "Plain",
              "Partial Mode": "Partial",
              "Parent Relationship": "Outer",
              "Parallel Aware": false,
              "Startup Cost": 45484.69,
              "Total Cost": 45484.7,
              "Plan Rows": 1,
              "Plan Width": 8,
              "Actual Startup Time": 89.662,
              "Actual Total Time": 89.663,
              "Actual Rows": 1,
              "Actual Loops": 5,
              "Plans": [
                {
                  "Node Type": "Seq Scan",
                  "Parent Relationship": "Outer",
                  "Parallel Aware": true,
                  "Relation Name": "title",
                  "Alias": "t",
                  "Startup Cost": 0.0,
                  "Total Cost": 45479.1,
                  "Plan Rows": 2238,
                  "Plan Width": 0,
                  "Actual Startup Time": 0.143,
                  "Actual Total Time": 89.375,
                  "Actual Rows": 1874,
                  "Actual Loops": 5,
                  "Filter": "((kind_id > 1) AND (production_year = 1972))",
                  "Rows Removed by Filter": 503788
                }
              ]
            }
          ]
        }
      ]
    },
    "Planning Time": 0.189,
    "Triggers": [],
    "Execution Time": 111.62
  }
]