[
  {
    "Plan": {
      "Node Type": "Aggregate",
      "Strategy": "Plain",
      "Partial Mode": "Finalize",
      "Parallel Aware": false,
      "Startup Cost": 32897.76,
      "Total Cost": 32897.77,
      "Plan Rows": 1,
      "Plan Width": 8,
      "Actual Startup Time": 87.466,
      "Actual Total Time": 94.993,
      "Actual Rows": 1,
      "Actual Loops": 1,
      "Plans": [
        {
          "Node Type": "Gather",
          "Parent Relationship": "Outer",
          "Parallel Aware": false,
          "Startup Cost": 32897.44,
          "Total Cost": 32897.75,
          "Plan Rows": 3,
          "Plan Width": 8,
          "Actual Startup Time": 87.358,
          "Actual Total Time": 94.985,
          "Actual Rows": 4,
          "Actual Loops": 1,
          "Workers Planned": 3,
          "Workers Launched": 3,
          "Single Copy": false,
          "Plans": [
            {
              "Node Type": "Aggregate",
              "Strategy": "Plain",
              "Partial Mode": "Partial",
              "Parent Relationship": "Outer",
              "Parallel Aware": false,
              "Startup Cost": 31897.44,
              "Total Cost": 31897.45,
              "Plan Rows": 1,
              "Plan Width": 8,
              "Actual Startup Time": 81.299,
              "Actual Total Time": 81.3,
              "Actual Rows": 1,
              "Actual Loops": 4,
              "Plans": [
                {
                  "Node Type": "Seq Scan",
                  "Parent Relationship": "Outer",
                  "Parallel Aware": true,
                  "Relation Name": "movie_companies",
                  "Alias": "mc",
                  "Startup Cost": 0.0,
                  "Total Cost": 31414.82,
                  "Plan Rows": 193048,
                  "Plan Width": 0,
                  "Actual Startup Time": 45.448,
                  "Actual Total Time": 76.922,
                  "Actual Rows": 97010,
                  "Actual Loops": 4,
                  "Filter": "((company_id < 10067) AND (company_type_id = 2))",
                  "Rows Removed by Filter": 555272
                }
              ]
            }
          ]
        }
      ]
    },
    "Planning Time": 0.224,
    "Triggers": [],
    "Execution Time": 95.051
  }
]