{
  "Plan": {
    "Node Type": "Aggregate",
    "Strategy": "Plain",
    "Partial Mode": "Finalize",
    "Parallel Aware": false,
    "Startup Cost": 2433586.0,
    "Total Cost": 2433586.01,
    "Plan Rows": 1,
    "Plan Width": 8,
    "Actual Startup Time": 15187.366,
    "Actual Total Time": 15288.589,
    "Actual Rows": 1,
    "Actual Loops": 1,
    "Plans": [
      {
        "Node Type": "Gather",
        "Parent Relationship": "Outer",
        "Parallel Aware": false,
        "Startup Cost": 2433585.88,
        "Total Cost": 2433585.99,
        "Plan Rows": 1,
        "Plan Width": 8,
        "Actual Startup Time": 15156.348,
        "Actual Total Time": 15288.578,
        "Actual Rows": 2,
        "Actual Loops": 1,
        "Workers Planned": 1,
        "Workers Launched": 1,
        "Single Copy": false,
        "Plans": [
          {
            "Node Type": "Aggregate",
            "Strategy": "Plain",
            "Partial Mode": "Partial",
            "Parent Relationship": "Outer",
            "Parallel Aware": false,
            "Startup Cost": 2432585.88,
            "Total Cost": 2432585.89,
            "Plan Rows": 1,
            "Plan Width": 8,
            "Actual Startup Time": 15153.145,
            "Actual Total Time": 15153.151,
            "Actual Rows": 1,
            "Actual Loops": 2,
            "Plans": [
              {
                "Node Type": "Merge Join",
                "Parent Relationship": "Outer",
                "Parallel Aware": false,
                "Join Type": "Inner",
                "Startup Cost": 1151002.59,
                "Total Cost": 2398066.44,
                "Plan Rows": 13807779,
                "Plan Width": 0,
                "Actual Startup Time": 6449.27,
                "Actual Total Time": 13941.387,
                "Actual Rows": 32035862,
                "Actual Loops": 2,
                "Inner Unique": false,
                "Merge Cond": "(mi.movie_id = t.id)",
                "Plans": [
                  {
                    "Node Type": "Index Only Scan",
                    "Parent Relationship": "Outer",
                    "Parallel Aware": true,
                    "Scan Direction": "Forward",
                    "Index Name": "movie_id_movie_info",
                    "Relation Name": "movie_info",
                    "Alias": "mi",
                    "Startup Cost": 0.43,
                    "Total Cost": 1018223.42,
                    "Plan Rows": 8696274,
                    "Plan Width": 4,
                    "Actual Startup Time": 0.06,
                    "Actual Total Time": 2401.497,
                    "Actual Rows": 7417398,
                    "Actual Loops": 2,
                    "Heap Fetches": 14834796
                  },
                  {
                    "Node Type": "Sort",
                    "Parent Relationship": "Inner",
                    "Parallel Aware": false,
                    "Startup Cost": 1151001.25,
                    "Total Cost": 1161037.19,
                    "Plan Rows": 4014376,
                    "Plan Width": 8,
                    "Actual Startup Time": 6449.146,
                    "Actual Total Time": 8198.596,
                    "Actual Rows": 34667393,
                    "Actual Loops": 2,
                    "Sort Key": [
                      "t.id"
                    ],
                    "Sort Method": "quicksort",
                    "Sort Space Used": 443676,
                    "Sort Space Type": "Memory",
                    "Workers": [
                      {
                        "Worker Number": 0,
                        "Sort Method": "quicksort",
                        "Sort Space Used": 443676,
                        "Sort Space Type": "Memory"
                      }
                    ],
                    "Plans": [
                      {
                        "Node Type": "Hash Join",
                        "Parent Relationship": "Outer",
                        "Parallel Aware": false,
                        "Join Type": "Inner",
                        "Startup Cost": 301336.36,
                        "Total Cost": 710689.55,
                        "Plan Rows": 4014376,
                        "Plan Width": 8,
                        "Actual Startup Time": 1096.129,
                        "Actual Total Time": 5073.404,
                        "Actual Rows": 5270774,
                        "Actual Loops": 2,
                        "Inner Unique": true,
                        "Hash Cond": "(ci.movie_id = t.id)",
                        "Plans": [
                          {
                            "Node Type": "Bitmap Heap Scan",
                            "Parent Relationship": "Outer",
                            "Parallel Aware": false,
                            "Relation Name": "cast_info",
                            "Alias": "ci",
                            "Startup Cost": 209427.94,
                            "Total Cost": 605079.94,
                            "Plan Rows": 5219493,
                            "Plan Width": 4,
                            "Actual Startup Time": 359.607,
                            "Actual Total Time": 1516.649,
                            "Actual Rows": 6911662,
                            "Actual Loops": 2,
                            "Recheck Cond": "(person_id < 944851)",
                            "Rows Removed by Index Recheck": 0,
                            "Filter": "(role_id < 3)",
                            "Rows Removed by Filter": 2700176,
                            "Exact Heap Blocks": 101471,
                            "Lossy Heap Blocks": 0,
                            "Plans": [
                              {
                                "Node Type": "Bitmap Index Scan",
                                "Parent Relationship": "Outer",
                                "Parallel Aware": false,
                                "Index Name": "person_id_cast_info",
                                "Startup Cost": 0.0,
                                "Total Cost": 208123.07,
                                "Plan Rows": 9531000,
                                "Plan Width": 0,
                                "Actual Startup Time": 344.714,
                                "Actual Total Time": 344.715,
                                "Actual Rows": 9611838,
                                "Actual Loops": 2,
                                "Index Cond": "(person_id < 944851)"
                              }
                            ]
                          },
                          {
                            "Node Type": "Hash",
                            "Parent Relationship": "Inner",
                            "Parallel Aware": false,
                            "Startup Cost": 67601.66,
                            "Total Cost": 67601.66,
                            "Plan Rows": 1944541,
                            "Plan Width": 4,
                            "Actual Startup Time": 719.507,
                            "Actual Total Time": 719.508,
                            "Actual Rows": 1932484,
                            "Actual Loops": 2,
                            "Hash Buckets": 2097152,
                            "Original Hash Buckets": 2097152,
                            "Hash Batches": 1,
                            "Original Hash Batches": 1,
                            "Peak Memory Usage": 84323,
                            "Plans": [
                              {
                                "Node Type": "Seq Scan",
                                "Parent Relationship": "Outer",
                                "Parallel Aware": false,
                                "Relation Name": "title",
                                "Alias": "t",
                                "Startup Cost": 0.0,
                                "Total Cost": 67601.66,
                                "Plan Rows": 1944541,
                                "Plan Width": 4,
                                "Actual Startup Time": 0.027,
                                "Actual Total Time": 296.973,
                                "Actual Rows": 1932484,
                                "Actual Loops": 2,
                                "Filter": "(production_year > 1980)",
                                "Rows Removed by Filter": 595828
                              }
                            ]
                          }
                        ]
                      }
                    ]
                  }
                ]
              }
            ]
          }
        ]
      }
    ]
  },
  "Planning Time": 1.041,
  "Triggers": [],
  "Execution Time": 15335.001
}