[
  {
    "Plan": {
      "Node Type": "Aggregate",
      "Strategy": "Plain",
      "Partial Mode": "Simple",
      "Parallel Aware": false,
      "Startup Cost": 2604.97,
      "Total Cost": 2604.98,
      "Plan Rows": 1,
      "Plan Width": 8,
      "Actual Startup Time": 1.299,
      "Actual Total Time": 1.302,
      "Actual Rows": 1,
      "Actual Loops": 1,
      "Plans": [
        {
          "Node Type": "Nested Loop",
          "Parent Relationship": "Outer",
          "Parallel Aware": false,
          "Join Type": "Inner",
          "Startup Cost": 1.43,
          "Total Cost": 2604.88,
          "Plan Rows": 36,
          "Plan Width": 0,
          "Actual Startup Time": 1.126,
          "Actual Total Time": 1.286,
          "Actual Rows": 51,
          "Actual Loops": 1,
          "Inner Unique": false,
          "Plans": [
            {
              "Node Type": "Nested Loop",
              "Parent Relationship": "Outer",
              "Parallel Aware": false,
              "Join Type": "Inner",
              "Startup Cost": 0.99,
              "Total Cost": 2483.72,
              "Plan Rows": 75,
              "Plan Width": 8,
              "Actual Startup Time": 0.678,
              "Actual Total Time": 0.86,
              "Actual Rows": 13,
              "Actual Loops": 1,
              "Inner Unique": true,
              "Plans": [
                {
                  "Node Type": "Index Scan",
                  "Parent Relationship": "Outer",
                  "Parallel Aware": false,
                  "Scan Direction": "Forward",
                  "Index Name": "person_id_cast_info",
                  "Relation Name": "cast_info",
                  "Alias": "ci",
                  "Startup Cost": 0.56,
                  "Total Cost": 1059.67,
                  "Plan Rows": 169,
                  "Plan Width": 4,
                  "Actual Startup Time": 0.65,
                  "Actual Total Time": 0.681,
                  "Actual Rows": 19,
                  "Actual Loops": 1,
                  "Index Cond": "(person_id = 2786833)",
                  "Rows Removed by Index Recheck": 0,
                  "Filter": "(role_id > 3)",
                  "Rows Removed by Filter": 3
                },
                {
                  "Node Type": "Index Scan",
                  "Parent Relationship": "Inner",
                  "Parallel Aware": false,
                  "Scan Direction": "Forward",
                  "Index Name": "title_pkey",
                  "Relation Name": "title",
                  "Alias": "t",
                  "Startup Cost": 0.43,
                  "Total Cost": 8.43,
                  "Plan Rows": 1,
                  "Plan Width": 4,
                  "Actual Startup Time": 0.008,
                  "Actual Total Time": 0.008,
                  "Actual Rows": 1,
                  "Actual Loops": 19,
                  "Index Cond": "(id = ci.movie_id)",
                  "Rows Removed by Index Recheck": 0,
                  "Filter": "(production_year > 2004)",
                  "Rows Removed by Filter": 0
                }
              ]
            },
            {
              "Node Type": "Index Scan",
              "Parent Relationship": "Inner",
              "Parallel Aware": false,
              "Scan Direction": "Forward",
              "Index Name": "movie_id_movie_keyword",
              "Relation Name": "movie_keyword",
              "Alias": "mk",
              "Startup Cost": 0.43,
              "Total Cost": 1.5,
              "Plan Rows": 12,
              "Plan Width": 4,
              "Actual Startup Time": 0.024,
              "Actual Total Time": 0.031,
              "Actual Rows": 4,
              "Actual Loops": 13,
              "Index Cond": "(movie_id = t.id)",
              "Rows Removed by Index Recheck": 0,
              "Filter": "(keyword_id < 1556)",
              "Rows Removed by Filter": 12
            }
          ]
        }
      ]
    },
    "Planning Time": 1.261,
    "Triggers": [],
    "Execution Time": 1.372
  }
]