{
  "Plan": {
    "Node Type": "Aggregate",
    "Strategy": "Plain",
    "Partial Mode": "Finalize",
    "Parallel Aware": false,
    "Startup Cost": 915461.53,
    "Total Cost": 915461.54,
    "Plan Rows": 1,
    "Plan Width": 8,
    "Actual Startup Time": 5286.821,
    "Actual Total Time": 5341.893,
    "Actual Rows": 1,
    "Actual Loops": 1,
    "Plans": [
      {
        "Node Type": "Gather",
        "Parent Relationship": "Outer",
        "Parallel Aware": false,
        "Startup Cost": 915461.42,
        "Total Cost": 915461.53,
        "Plan Rows": 1,
        "Plan Width": 8,
        "Actual Startup Time": 5283.669,
        "Actual Total Time": 5341.881,
        "Actual Rows": 2,
        "Actual Loops": 1,
        "Workers Planned": 1,
        "Workers Launched": 1,
        "Single Copy": false,
        "Plans": [
          {
            "Node Type": "Aggregate",
            "Strategy": "Plain",
            "Partial Mode": "Partial",
            "Parent Relationship": "Outer",
            "Parallel Aware": false,
            "Startup Cost": 914461.42,
            "Total Cost": 914461.43,
            "Plan Rows": 1,
            "Plan Width": 8,
            "Actual Startup Time": 5275.814,
            "Actual Total Time": 5275.821,
            "Actual Rows": 1,
            "Actual Loops": 2,
            "Plans": [
              {
                "Node Type": "Hash Join",
                "Parent Relationship": "Outer",
                "Parallel Aware": true,
                "Join Type": "Inner",
                "Startup Cost": 591337.15,
                "Total Cost": 905309.11,
                "Plan Rows": 3660924,
                "Plan Width": 0,
                "Actual Startup Time": 1940.494,
                "Actual Total Time": 4872.134,
                "Actual Rows": 10165601,
                "Actual Loops": 2,
                "Inner Unique": false,
                "Hash Cond": "(mi.movie_id = t.id)",
                "Plans": [
                  {
                    "Node Type": "Seq Scan",
                    "Parent Relationship": "Outer",
                    "Parallel Aware": true,
                    "Relation Name": "movie_info",
                    "Alias": "mi",
                    "Startup Cost": 0.0,
                    "Total Cost": 248955.74,
                    "Plan Rows": 8696274,
                    "Plan Width": 4,
                    "Actual Startup Time": 0.017,
                    "Actual Total Time": 633.7,
                    "Actual Rows": 7417860,
                    "Actual Loops": 2
                  },
                  {
                    "Node Type": "Hash",
                    "Parent Relationship": "Inner",
                    "Parallel Aware": true,
                    "Startup Cost": 583511.04,
                    "Total Cost": 583511.04,
                    "Plan Rows": 626089,
                    "Plan Width": 8,
                    "Actual Startup Time": 1924.387,
                    "Actual Total Time": 1924.392,
                    "Actual Rows": 488376,
                    "Actual Loops": 2,
                    "Hash Buckets": 2097152,
                    "Original Hash Buckets": 2097152,
                    "Hash Batches": 1,
                    "Original Hash Batches": 1,
                    "Peak Memory Usage": 54624,
                    "Plans": [
                      {
                        "Node Type": "Hash Join",
                        "Parent Relationship": "Outer",
                        "Parallel Aware": true,
                        "Join Type": "Inner",
                        "Startup Cost": 253221.3,
                        "Total Cost": 583511.04,
                        "Plan Rows": 626089,
                        "Plan Width": 8,
                        "Actual Startup Time": 668.23,
                        "Actual Total Time": 1779.406,
                        "Actual Rows": 488376,
                        "Actual Loops": 2,
                        "Inner Unique": true,
                        "Hash Cond": "(ci.movie_id = t.id)",
                        "Plans": [
                          {
                            "Node Type": "Bitmap Heap Scan",
                            "Parent Relationship": "Outer",
                            "Parallel Aware": true,
                            "Relation Name": "cast_info",
                            "Alias": "ci",
                            "Startup Cost": 192646.3,
                            "Total Cost": 509467.78,
                            "Plan Rows": 5130758,
                            "Plan Width": 4,
                            "Actual Startup Time": 490.363,
                            "Actual Total Time": 927.065,
                            "Actual Rows": 4429232,
                            "Actual Loops": 2,
                            "Recheck Cond": "(person_id < 871625)",
                            "Rows Removed by Index Recheck": 0,
                            "Exact Heap Blocks": 50991,
                            "Lossy Heap Blocks": 0,
                            "Plans": [
                              {
                                "Node Type": "Bitmap Index Scan",
                                "Parent Relationship": "Outer",
                                "Parallel Aware": false,
                                "Index Name": "person_id_cast_info",
                                "Startup Cost": 0.0,
                                "Total Cost": 190465.73,
                                "Plan Rows": 8722289,
                                "Plan Width": 0,
                                "Actual Startup Time": 474.221,
                                "Actual Total Time": 474.221,
                                "Actual Rows": 8858463,
                                "Actual Loops": 1,
                                "Index Cond": "(person_id < 871625)"
                              }
                            ]
                          },
                          {
                            "Node Type": "Hash",
                            "Parent Relationship": "Inner",
                            "Parallel Aware": true,
                            "Startup Cost": 58306.47,
                            "Total Cost": 58306.47,
                            "Plan Rows": 181482,
                            "Plan Width": 4,
                            "Actual Startup Time": 175.47,
                            "Actual Total Time": 175.47,
                            "Actual Rows": 133300,
                            "Actual Loops": 2,
                            "Hash Buckets": 524288,
                            "Original Hash Buckets": 524288,
                            "Hash Batches": 1,
                            "Original Hash Batches": 1,
                            "Peak Memory Usage": 14560,
                            "Plans": [
                              {
                                "Node Type": "Seq Scan",
                                "Parent Relationship": "Outer",
                                "Parallel Aware": true,
                                "Relation Name": "title",
                                "Alias": "t",
                                "Startup Cost": 0.0,
                                "Total Cost": 58306.47,
                                "Plan Rows": 181482,
                                "Plan Width": 4,
                                "Actual Startup Time": 0.041,
                                "Actual Total Time": 141.086,
                                "Actual Rows": 133300,
                                "Actual Loops": 2,
                                "Filter": "((kind_id < 7) AND (production_year > 2007))",
                                "Rows Removed by Filter": 1130856
                              }
                            ]
                          }
                        ]
                      }
                    ]
                  }
                ]
              }
            ]
          }
        ]
      }
    ]
  },
  "Planning Time": 1.069,
  "Triggers": [],
  "Execution Time": 5342.018
}