{
  "Plan": {
    "Node Type": "Aggregate",
    "Strategy": "Plain",
    "Partial Mode": "Finalize",
    "Parallel Aware": false,
    "Startup Cost": 112796.64,
    "Total Cost": 112796.65,
    "Plan Rows": 1,
    "Plan Width": 8,
    "Actual Startup Time": 992.918,
    "Actual Total Time": 1011.082,
    "Actual Rows": 1,
    "Actual Loops": 1,
    "Plans": [
      {
        "Node Type": "Gather",
        "Parent Relationship": "Outer",
        "Parallel Aware": false,
        "Startup Cost": 112796.52,
        "Total Cost": 112796.63,
        "Plan Rows": 1,
        "Plan Width": 8,
        "Actual Startup Time": 988.59,
        "Actual Total Time": 1011.075,
        "Actual Rows": 2,
        "Actual Loops": 1,
        "Workers Planned": 1,
        "Workers Launched": 1,
        "Single Copy": false,
        "Plans": [
          {
            "Node Type": "Aggregate",
            "Strategy": "Plain",
            "Partial Mode": "Partial",
            "Parent Relationship": "Outer",
            "Parallel Aware": false,
            "Startup Cost": 111796.52,
            "Total Cost": 111796.53,
            "Plan Rows": 1,
            "Plan Width": 8,
            "Actual Startup Time": 976.502,
            "Actual Total Time": 976.506,
            "Actual Rows": 1,
            "Actual Loops": 2,
            "Plans": [
              {
                "Node Type": "Hash Join",
                "Parent Relationship": "Outer",
                "Parallel Aware": true,
                "Join Type": "Inner",
                "Startup Cost": 70372.2,
                "Total Cost": 108538.83,
                "Plan Rows": 1303076,
                "Plan Width": 0,
                "Actual Startup Time": 501.952,
                "Actual Total Time": 937.399,
                "Actual Rows": 992610,
                "Actual Loops": 2,
                "Inner Unique": true,
                "Hash Cond": "(mc.movie_id = t.id)",
                "Plans": [
                  {
                    "Node Type": "Seq Scan",
                    "Parent Relationship": "Outer",
                    "Parallel Aware": true,
                    "Relation Name": "movie_companies",
                    "Alias": "mc",
                    "Startup Cost": 0.0,
                    "Total Cost": 34137.82,
                    "Plan Rows": 1534782,
                    "Plan Width": 4,
                    "Actual Startup Time": 0.015,
                    "Actual Total Time": 95.227,
                    "Actual Rows": 1304564,
                    "Actual Loops": 2
                  },
                  {
                    "Node Type": "Hash",
                    "Parent Relationship": "Inner",
                    "Parallel Aware": true,
                    "Startup Cost": 54588.39,
                    "Total Cost": 54588.39,
                    "Plan Rows": 1262705,
                    "Plan Width": 4,
                    "Actual Startup Time": 479.988,
                    "Actual Total Time": 479.989,
                    "Actual Rows": 1066486,
                    "Actual Loops": 2,
                    "Hash Buckets": 4194304,
                    "Original Hash Buckets": 4194304,
                    "Hash Batches": 1,
                    "Original Hash Batches": 1,
                    "Peak Memory Usage": 116256,
                    "Plans": [
                      {
                        "Node Type": "Seq Scan",
                        "Parent Relationship": "Outer",
                        "Parallel Aware": true,
                        "Relation Name": "title",
                        "Alias": "t",
                        "Startup Cost": 0.0,
                        "Total Cost": 54588.39,
                        "Plan Rows": 1262705,
                        "Plan Width": 4,
                        "Actual Startup Time": 0.03,
                        "Actual Total Time": 178.806,
                        "Actual Rows": 1066486,
                        "Actual Loops": 2,
                        "Filter": "(production_year > 1966)",
                        "Rows Removed by Filter": 197670
                      }
                    ]
                  }
                ]
              }
            ]
          }
        ]
      }
    ]
  },
  "Planning Time": 0.409,
  "Triggers": [],
  "Execution Time": 1011.15
}