[
  {
    "Plan": {
      "Node Type": "Aggregate",
      "Strategy": "Plain",
      "Partial Mode": "Finalize",
      "Parallel Aware": false,
      "Startup Cost": 32929.56,
      "Total Cost": 32929.57,
      "Plan Rows": 1,
      "Plan Width": 8,
      "Actual Startup Time": 122.785,
      "Actual Total Time": 131.149,
      "Actual Rows": 1,
      "Actual Loops": 1,
      "Plans": [
        {
          "Node Type": "Gather",
          "Parent Relationship": "Outer",
          "Parallel Aware": false,
          "Startup Cost": 32929.24,
          "Total Cost": 32929.55,
          "Plan Rows": 3,
          "Plan Width": 8,
          "Actual Startup Time": 122.309,
          "Actual Total Time": 131.132,
          "Actual Rows": 4,
          "Actual Loops": 1,
          "Workers Planned": 3,
          "Workers Launched": 3,
          "Single Copy": false,
          "Plans": [
            {
              "Node Type": "Aggregate",
              "Strategy": "Plain",
              "Partial Mode": "Partial",
              "Parent Relationship": "Outer",
              "Parallel Aware": false,
              "Startup Cost": 31929.24,
              "Total Cost": 31929.25,
              "Plan Rows": 1,
              "Plan Width": 8,
              "Actual Startup Time": 113.231,
              "Actual Total Time": 113.233,
              "Actual Rows": 1,
              "Actual Loops": 4,
              "Plans": [
                {
                  "Node Type": "Bitmap Heap Scan",
                  "Parent Relationship": "Outer",
                  "Parallel Aware": true,
                  "Relation Name": "movie_keyword",
                  "Alias": "mk",
                  "Startup Cost": 6087.36,
                  "Total Cost": 31697.93,
                  "Plan Rows": 92525,
                  "Plan Width": 0,
                  "Actual Startup Time": 37.552,
                  "Actual Total Time": 107.302,
                  "Actual Rows": 73193,
                  "Actual Loops": 4,
                  "Recheck Cond": "(keyword_id > 55121)",
                  "Rows Removed by Index Recheck": 0,
                  "Exact Heap Blocks": 9385,
                  "Lossy Heap Blocks": 0,
                  "Plans": [
                    {
                      "Node Type": "Bitmap Index Scan",
                      "Parent Relationship": "Outer",
                      "Parallel Aware": false,
                      "Index Name": "keyword_id_movie_keyword",
                      "Startup Cost": 0.0,
                      "Total Cost": 6015.65,
                      "Plan Rows": 286829,
                      "Plan Width": 0,
                      "Actual Startup Time": 40.665,
                      "Actual Total Time": 40.666,
                      "Actual Rows": 292772,
                      "Actual Loops": 1,
                      "Index Cond": "(keyword_id > 55121)"
                    }
                  ]
                }
              ]
            }
          ]
        }
      ]
    },
    "Planning Time": 0.186,
    "Triggers": [],
    "Execution Time": 131.232
  }
]