[
  {
    "Plan": {
      "Node Type": "Aggregate",
      "Strategy": "Plain",
      "Partial Mode": "Finalize",
      "Parallel Aware": false,
      "Startup Cost": 31616.59,
      "Total Cost": 31616.6,
      "Plan Rows": 1,
      "Plan Width": 8,
      "Actual Startup Time": 103.296,
      "Actual Total Time": 111.3,
      "Actual Rows": 1,
      "Actual Loops": 1,
      "Plans": [
        {
          "Node Type": "Gather",
          "Parent Relationship": "Outer",
          "Parallel Aware": false,
          "Startup Cost": 31616.28,
          "Total Cost": 31616.59,
          "Plan Rows": 3,
          "Plan Width": 8,
          "Actual Startup Time": 103.208,
          "Actual Total Time": 111.294,
          "Actual Rows": 4,
          "Actual Loops": 1,
          "Workers Planned": 3,
          "Workers Launched": 3,
          "Single Copy": false,
          "Plans": [
            {
              "Node Type": "Aggregate",
              "Strategy": "Plain",
              "Partial Mode": "Partial",
              "Parent Relationship": "Outer",
              "Parallel Aware": false,
              "Startup Cost": 30616.28,
              "Total Cost": 30616.29,
              "Plan Rows": 1,
              "Plan Width": 8,
              "Actual Startup Time": 98.427,
              "Actual Total Time": 98.428,
              "Actual Rows": 1,
              "Actual Loops": 4,
              "Plans": [
                {
                  "Node Type": "Seq Scan",
                  "Parent Relationship": "Outer",
                  "Parallel Aware": true,
                  "Relation Name": "movie_companies",
                  "Alias": "mc",
                  "Startup Cost": 0.0,
                  "Total Cost": 29310.68,
                  "Plan Rows": 522238,
                  "Plan Width": 0,
                  "Actual Startup Time": 5.303,
                  "Actual Total Time": 80.863,
                  "Actual Rows": 405480,
                  "Actual Loops": 4,
                  "Filter": "(company_id > 4539)",
                  "Rows Removed by Filter": 246802
                }
              ]
            }
          ]
        }
      ]
    },
    "Planning Time": 0.162,
    "Triggers": [],
    "Execution Time": 111.347
  }
]