{
  "Plan": {
    "Node Type": "Aggregate",
    "Strategy": "Plain",
    "Partial Mode": "Finalize",
    "Parallel Aware": false,
    "Startup Cost": 489404.13,
    "Total Cost": 489404.14,
    "Plan Rows": 1,
    "Plan Width": 8,
    "Actual Startup Time": 4039.179,
    "Actual Total Time": 4096.241,
    "Actual Rows": 1,
    "Actual Loops": 1,
    "Plans": [
      {
        "Node Type": "Gather",
        "Parent Relationship": "Outer",
        "Parallel Aware": false,
        "Startup Cost": 489404.02,
        "Total Cost": 489404.13,
        "Plan Rows": 1,
        "Plan Width": 8,
        "Actual Startup Time": 4038.615,
        "Actual Total Time": 4096.234,
        "Actual Rows": 2,
        "Actual Loops": 1,
        "Workers Planned": 1,
        "Workers Launched": 1,
        "Single Copy": false,
        "Plans": [
          {
            "Node Type": "Aggregate",
            "Strategy": "Plain",
            "Partial Mode": "Partial",
            "Parent Relationship": "Outer",
            "Parallel Aware": false,
            "Startup Cost": 488404.02,
            "Total Cost": 488404.03,
            "Plan Rows": 1,
            "Plan Width": 8,
            "Actual Startup Time": 4032.585,
            "Actual Total Time": 4032.589,
            "Actual Rows": 1,
            "Actual Loops": 2,
            "Plans": [
              {
                "Node Type": "Nested Loop",
                "Parent Relationship": "Outer",
                "Parallel Aware": false,
                "Join Type": "Inner",
                "Startup Cost": 59416.8,
                "Total Cost": 488084.17,
                "Plan Rows": 127938,
                "Plan Width": 0,
                "Actual Startup Time": 197.025,
                "Actual Total Time": 3938.777,
                "Actual Rows": 1688430,
                "Actual Loops": 2,
                "Inner Unique": false,
                "Join Filter": "(t.id = mc.movie_id)",
                "Rows Removed by Join Filter": 0,
                "Plans": [
                  {
                    "Node Type": "Hash Join",
                    "Parent Relationship": "Outer",
                    "Parallel Aware": true,
                    "Join Type": "Inner",
                    "Startup Cost": 59416.37,
                    "Total Cost": 341185.77,
                    "Plan Rows": 251844,
                    "Plan Width": 8,
                    "Actual Startup Time": 196.803,
                    "Actual Total Time": 1605.619,
                    "Actual Rows": 956620,
                    "Actual Loops": 2,
                    "Inner Unique": true,
                    "Hash Cond": "(mi.movie_id = t.id)",
                    "Plans": [
                      {
                        "Node Type": "Seq Scan",
                        "Parent Relationship": "Outer",
                        "Parallel Aware": true,
                        "Relation Name": "movie_info",
                        "Alias": "mi",
                        "Startup Cost": 0.0,
                        "Total Cost": 270696.42,
                        "Plan Rows": 4218272,
                        "Plan Width": 4,
                        "Actual Startup Time": 0.012,
                        "Actual Total Time": 751.72,
                        "Actual Rows": 3643432,
                        "Actual Loops": 2,
                        "Filter": "(info_type_id < 8)",
                        "Rows Removed by Filter": 3774428
                      },
                      {
                        "Node Type": "Hash",
                        "Parent Relationship": "Inner",
                        "Parallel Aware": true,
                        "Startup Cost": 58306.47,
                        "Total Cost": 58306.47,
                        "Plan Rows": 88792,
                        "Plan Width": 4,
                        "Actual Startup Time": 191.665,
                        "Actual Total Time": 191.666,
                        "Actual Rows": 129024,
                        "Actual Loops": 2,
                        "Hash Buckets": 262144,
                        "Original Hash Buckets": 262144,
                        "Hash Batches": 1,
                        "Original Hash Batches": 1,
                        "Peak Memory Usage": 12192,
                        "Plans": [
                          {
                            "Node Type": "Seq Scan",
                            "Parent Relationship": "Outer",
                            "Parallel Aware": true,
                            "Relation Name": "title",
                            "Alias": "t",
                            "Startup Cost": 0.0,
                            "Total Cost": 58306.47,
                            "Plan Rows": 88792,
                            "Plan Width": 4,
                            "Actual Startup Time": 0.128,
                            "Actual Total Time": 159.217,
                            "Actual Rows": 129024,
                            "Actual Loops": 2,
                            "Filter": "((kind_id < 7) AND (production_year < 1972))",
                            "Rows Removed by Filter": 1135132
                          }
                        ]
                      }
                    ]
                  },
                  {
                    "Node Type": "Index Scan",
                    "Parent Relationship": "Inner",
                    "Parallel Aware": false,
                    "Scan Direction": "Forward",
                    "Index Name": "movie_id_movie_companies",
                    "Relation Name": "movie_companies",
                    "Alias": "mc",
                    "Startup Cost": 0.43,
                    "Total Cost": 0.55,
                    "Plan Rows": 3,
                    "Plan Width": 4,
                    "Actual Startup Time": 0.002,
                    "Actual Total Time": 0.002,
                    "Actual Rows": 2,
                    "Actual Loops": 1913239,
                    "Index Cond": "(movie_id = mi.movie_id)",
                    "Rows Removed by Index Recheck": 0,
                    "Filter": "(company_type_id < 2)",
                    "Rows Removed by Filter": 1
                  }
                ]
              }
            ]
          }
        ]
      }
    ]
  },
  "Planning Time": 1.12,
  "Triggers": [],
  "Execution Time": 4096.344
}