[
    {
        "Bao": {
            "Bao prediction": 608.855,
            "Bao recommended hint": "SET enable_mergejoin TO off; "
        }
    },
    {
        "Plan": {
            "Node Type": "Aggregate",
            "Strategy": "Plain",
            "Partial Mode": "Finalize",
            "Parallel Aware": false,
            "Startup Cost": 109354.4,
            "Total Cost": 109354.41,
            "Plan Rows": 1,
            "Plan Width": 128,
            "Actual Startup Time": 373.127,
            "Actual Total Time": 400.06,
            "Actual Rows": 1,
            "Actual Loops": 1,
            "Output": [
                "min(an.name)",
                "min(chn.name)",
                "min(n.name)",
                "min(t.title)"
            ],
            "Plans": [
                {
                    "Node Type": "Gather",
                    "Parent Relationship": "Outer",
                    "Parallel Aware": false,
                    "Startup Cost": 109354.06,
                    "Total Cost": 109354.37,
                    "Plan Rows": 3,
                    "Plan Width": 128,
                    "Actual Startup Time": 372.561,
                    "Actual Total Time": 400.046,
                    "Actual Rows": 4,
                    "Actual Loops": 1,
                    "Output": [
                        "(PARTIAL min(an.name))",
                        "(PARTIAL min(chn.name))",
                        "(PARTIAL min(n.name))",
                        "(PARTIAL min(t.title))"
                    ],
                    "Workers Planned": 3,
                    "Workers Launched": 3,
                    "Single Copy": false,
                    "Plans": [
                        {
                            "Node Type": "Aggregate",
                            "Strategy": "Plain",
                            "Partial Mode": "Partial",
                            "Parent Relationship": "Outer",
                            "Parallel Aware": false,
                            "Startup Cost": 108354.06,
                            "Total Cost": 108354.07,
                            "Plan Rows": 1,
                            "Plan Width": 128,
                            "Actual Startup Time": 360.584,
                            "Actual Total Time": 360.596,
                            "Actual Rows": 1,
                            "Actual Loops": 4,
                            "Output": [
                                "PARTIAL min(an.name)",
                                "PARTIAL min(chn.name)",
                                "PARTIAL min(n.name)",
                                "PARTIAL min(t.title)"
                            ],
                            "Workers": [
                                {
                                    "Worker Number": 0,
                                    "Actual Startup Time": 357.52,
                                    "Actual Total Time": 357.541,
                                    "Actual Rows": 1,
                                    "Actual Loops": 1
                                },
                                {
                                    "Worker Number": 1,
                                    "Actual Startup Time": 357.152,
                                    "Actual Total Time": 357.163,
                                    "Actual Rows": 1,
                                    "Actual Loops": 1
                                },
                                {
                                    "Worker Number": 2,
                                    "Actual Startup Time": 357.133,
                                    "Actual Total Time": 357.139,
                                    "Actual Rows": 1,
                                    "Actual Loops": 1
                                }
                            ],
                            "Plans": [
                                {
                                    "Node Type": "Nested Loop",
                                    "Parent Relationship": "Outer",
                                    "Parallel Aware": false,
                                    "Join Type": "Inner",
                                    "Startup Cost": 71306.03,
                                    "Total Cost": 108343.91,
                                    "Plan Rows": 1015,
                                    "Plan Width": 64,
                                    "Actual Startup Time": 225.695,
                                    "Actual Total Time": 360.107,
                                    "Actual Rows": 1370,
                                    "Actual Loops": 4,
                                    "Output": [
                                        "an.name",
                                        "chn.name",
                                        "n.name",
                                        "t.title"
                                    ],
                                    "Inner Unique": true,
                                    "Workers": [
                                        {
                                            "Worker Number": 0,
                                            "Actual Startup Time": 216.335,
                                            "Actual Total Time": 357.091,
                                            "Actual Rows": 991,
                                            "Actual Loops": 1
                                        },
                                        {
                                            "Worker Number": 1,
                                            "Actual Startup Time": 222.822,
                                            "Actual Total Time": 356.876,
                                            "Actual Rows": 591,
                                            "Actual Loops": 1
                                        },
                                        {
                                            "Worker Number": 2,
                                            "Actual Startup Time": 216.064,
                                            "Actual Total Time": 356.529,
                                            "Actual Rows": 2462,
                                            "Actual Loops": 1
                                        }
                                    ],
                                    "Plans": [
                                        {
                                            "Node Type": "Nested Loop",
                                            "Parent Relationship": "Outer",
                                            "Parallel Aware": false,
                                            "Join Type": "Inner",
                                            "Startup Cost": 71305.6,
                                            "Total Cost": 107839.86,
                                            "Plan Rows": 1015,
                                            "Plan Width": 55,
                                            "Actual Startup Time": 225.619,
                                            "Actual Total Time": 353.985,
                                            "Actual Rows": 1370,
                                            "Actual Loops": 4,
                                            "Output": [
                                                "an.name",
                                                "ci.movie_id",
                                                "chn.name",
                                                "mc.movie_id",
                                                "n.name"
                                            ],
                                            "Inner Unique": true,
                                            "Workers": [
                                                {
                                                    "Worker Number": 0,
                                                    "Actual Startup Time": 216.237,
                                                    "Actual Total Time": 351.266,
                                                    "Actual Rows": 991,
                                                    "Actual Loops": 1
                                                },
                                                {
                                                    "Worker Number": 1,
                                                    "Actual Startup Time": 222.75,
                                                    "Actual Total Time": 352.924,
                                                    "Actual Rows": 591,
                                                    "Actual Loops": 1
                                                },
                                                {
                                                    "Worker Number": 2,
                                                    "Actual Startup Time": 215.975,
                                                    "Actual Total Time": 348.747,
                                                    "Actual Rows": 2462,
                                                    "Actual Loops": 1
                                                }
                                            ],
                                            "Plans": [
                                                {
                                                    "Node Type": "Nested Loop",
                                                    "Parent Relationship": "Outer",
                                                    "Parallel Aware": false,
                                                    "Join Type": "Inner",
                                                    "Startup Cost": 71305.17,
                                                    "Total Cost": 107332.84,
                                                    "Plan Rows": 1015,
                                                    "Plan Width": 43,
                                                    "Actual Startup Time": 225.524,
                                                    "Actual Total Time": 348.124,
                                                    "Actual Rows": 1504,
                                                    "Actual Loops": 4,
                                                    "Output": [
                                                        "an.name",
                                                        "ci.movie_id",
                                                        "ci.person_role_id",
                                                        "mc.movie_id",
                                                        "n.name"
                                                    ],
                                                    "Inner Unique": true,
                                                    "Workers": [
                                                        {
                                                            "Worker Number": 0,
                                                            "Actual Startup Time": 216.128,
                                                            "Actual Total Time": 345.778,
                                                            "Actual Rows": 1027,
                                                            "Actual Loops": 1
                                                        },
                                                        {
                                                            "Worker Number": 1,
                                                            "Actual Startup Time": 222.677,
                                                            "Actual Total Time": 348.895,
                                                            "Actual Rows": 649,
                                                            "Actual Loops": 1
                                                        },
                                                        {
                                                            "Worker Number": 2,
                                                            "Actual Startup Time": 215.869,
                                                            "Actual Total Time": 341.271,
                                                            "Actual Rows": 2704,
                                                            "Actual Loops": 1
                                                        }
                                                    ],
                                                    "Plans": [
                                                        {
                                                            "Node Type": "Nested Loop",
                                                            "Parent Relationship": "Outer",
                                                            "Parallel Aware": false,
                                                            "Join Type": "Inner",
                                                            "Startup Cost": 71304.75,
                                                            "Total Cost": 106087.32,
                                                            "Plan Rows": 2793,
                                                            "Plan Width": 47,
                                                            "Actual Startup Time": 222.036,
                                                            "Actual Total Time": 338.341,
                                                            "Actual Rows": 2866,
                                                            "Actual Loops": 4,
                                                            "Output": [
                                                                "an.name",
                                                                "ci.movie_id",
                                                                "ci.person_role_id",
                                                                "mc.movie_id",
                                                                "mc.company_id",
                                                                "n.name"
                                                            ],
                                                            "Inner Unique": false,
                                                            "Workers": [
                                                                {
                                                                    "Worker Number": 0,
                                                                    "Actual Startup Time": 215.982,
                                                                    "Actual Total Time": 336.523,
                                                                    "Actual Rows": 2372,
                                                                    "Actual Loops": 1
                                                                },
                                                                {
                                                                    "Worker Number": 1,
                                                                    "Actual Startup Time": 222.607,
                                                                    "Actual Total Time": 341.333,
                                                                    "Actual Rows": 1457,
                                                                    "Actual Loops": 1
                                                                },
                                                                {
                                                                    "Worker Number": 2,
                                                                    "Actual Startup Time": 215.792,
                                                                    "Actual Total Time": 329.204,
                                                                    "Actual Rows": 5020,
                                                                    "Actual Loops": 1
                                                                }
                                                            ],
                                                            "Plans": [
                                                                {
                                                                    "Node Type": "Hash Join",
                                                                    "Parent Relationship": "Outer",
                                                                    "Parallel Aware": false,
                                                                    "Join Type": "Inner",
                                                                    "Startup Cost": 71304.32,
                                                                    "Total Cost": 105422.51,
                                                                    "Plan Rows": 1111,
                                                                    "Plan Width": 39,
                                                                    "Actual Startup Time": 221.882,
                                                                    "Actual Total Time": 328.647,
                                                                    "Actual Rows": 1842,
                                                                    "Actual Loops": 4,
                                                                    "Output": [
                                                                        "an.name",
                                                                        "ci.movie_id",
                                                                        "ci.person_role_id",
                                                                        "n.name"
                                                                    ],
                                                                    "Inner Unique": true,
                                                                    "Hash Cond": "(ci.role_id = rt.id)",
                                                                    "Workers": [
                                                                        {
                                                                            "Worker Number": 0,
                                                                            "Actual Startup Time": 215.867,
                                                                            "Actual Total Time": 326.033,
                                                                            "Actual Rows": 2261,
                                                                            "Actual Loops": 1
                                                                        },
                                                                        {
                                                                            "Worker Number": 1,
                                                                            "Actual Startup Time": 222.274,
                                                                            "Actual Total Time": 332.946,
                                                                            "Actual Rows": 1789,
                                                                            "Actual Loops": 1
                                                                        },
                                                                        {
                                                                            "Worker Number": 2,
                                                                            "Actual Startup Time": 215.687,
                                                                            "Actual Total Time": 318.7,
                                                                            "Actual Rows": 2052,
                                                                            "Actual Loops": 1
                                                                        }
                                                                    ],
                                                                    "Plans": [
                                                                        {
                                                                            "Node Type": "Nested Loop",
                                                                            "Parent Relationship": "Outer",
                                                                            "Parallel Aware": false,
                                                                            "Join Type": "Inner",
                                                                            "Startup Cost": 71303.15,
                                                                            "Total Cost": 105374.0,
                                                                            "Plan Rows": 13329,
                                                                            "Plan Width": 43,
                                                                            "Actual Startup Time": 221.191,
                                                                            "Actual Total Time": 327.534,
                                                                            "Actual Rows": 3509,
                                                                            "Actual Loops": 4,
                                                                            "Output": [
                                                                                "an.name",
                                                                                "ci.movie_id",
                                                                                "ci.role_id",
                                                                                "ci.person_role_id",
                                                                                "n.name"
                                                                            ],
                                                                            "Inner Unique": false,
                                                                            "Join Filter": "(n.id = ci.person_id)",
                                                                            "Rows Removed by Join Filter": 0,
                                                                            "Workers": [
                                                                                {
                                                                                    "Worker Number": 0,
                                                                                    "Actual Startup Time": 215.337,
                                                                                    "Actual Total Time": 324.653,
                                                                                    "Actual Rows": 3946,
                                                                                    "Actual Loops": 1
                                                                                },
                                                                                {
                                                                                    "Worker Number": 1,
                                                                                    "Actual Startup Time": 221.723,
                                                                                    "Actual Total Time": 331.741,
                                                                                    "Actual Rows": 2943,
                                                                                    "Actual Loops": 1
                                                                                },
                                                                                {
                                                                                    "Worker Number": 2,
                                                                                    "Actual Startup Time": 215.174,
                                                                                    "Actual Total Time": 317.581,
                                                                                    "Actual Rows": 4871,
                                                                                    "Actual Loops": 1
                                                                                }
                                                                            ],
                                                                            "Plans": [
                                                                                {
                                                                                    "Node Type": "Hash Join",
                                                                                    "Parent Relationship": "Outer",
                                                                                    "Parallel Aware": true,
                                                                                    "Join Type": "Inner",
                                                                                    "Startup Cost": 71302.59,
                                                                                    "Total Cost": 86369.38,
                                                                                    "Plan Rows": 1366,
                                                                                    "Plan Width": 39,
                                                                                    "Actual Startup Time": 218.246,
                                                                                    "Actual Total Time": 280.373,
                                                                                    "Actual Rows": 1282,
                                                                                    "Actual Loops": 4,
                                                                                    "Output": [
                                                                                        "an.name",
                                                                                        "an.person_id",
                                                                                        "n.name",
                                                                                        "n.id"
                                                                                    ],
                                                                                    "Inner Unique": true,
                                                                                    "Hash Cond": "(an.person_id = n.id)",
                                                                                    "Workers": [
                                                                                        {
                                                                                            "Worker Number": 0,
                                                                                            "Actual Startup Time": 215.181,
                                                                                            "Actual Total Time": 275.522,
                                                                                            "Actual Rows": 1240,
                                                                                            "Actual Loops": 1
                                                                                        },
                                                                                        {
                                                                                            "Worker Number": 1,
                                                                                            "Actual Startup Time": 214.594,
                                                                                            "Actual Total Time": 281.622,
                                                                                            "Actual Rows": 1278,
                                                                                            "Actual Loops": 1
                                                                                        },
                                                                                        {
                                                                                            "Worker Number": 2,
                                                                                            "Actual Startup Time": 214.779,
                                                                                            "Actual Total Time": 272.612,
                                                                                            "Actual Rows": 1587,
                                                                                            "Actual Loops": 1
                                                                                        }
                                                                                    ],
                                                                                    "Plans": [
                                                                                        {
                                                                                            "Node Type": "Seq Scan",
                                                                                            "Parent Relationship": "Outer",
                                                                                            "Parallel Aware": true,
                                                                                            "Relation Name": "aka_name",
                                                                                            "Schema": "public",
                                                                                            "Alias": "an",
                                                                                            "Startup Cost": 0.0,
                                                                                            "Total Cost": 14303.56,
                                                                                            "Plan Rows": 290756,
                                                                                            "Plan Width": 20,
                                                                                            "Actual Startup Time": 0.012,
                                                                                            "Actual Total Time": 29.171,
                                                                                            "Actual Rows": 225336,
                                                                                            "Actual Loops": 4,
                                                                                            "Output": [
                                                                                                "an.id",
                                                                                                "an.person_id",
                                                                                                "an.name",
                                                                                                "an.imdb_index",
                                                                                                "an.name_pcode_cf",
                                                                                                "an.name_pcode_nf",
                                                                                                "an.surname_pcode",
                                                                                                "an.md5sum"
                                                                                            ],
                                                                                            "Workers": [
                                                                                                {
                                                                                                    "Worker Number": 0,
                                                                                                    "Actual Startup Time": 0.016,
                                                                                                    "Actual Total Time": 28.346,
                                                                                                    "Actual Rows": 195971,
                                                                                                    "Actual Loops": 1
                                                                                                },
                                                                                                {
                                                                                                    "Worker Number": 1,
                                                                                                    "Actual Startup Time": 0.013,
                                                                                                    "Actual Total Time": 31.008,
                                                                                                    "Actual Rows": 218860,
                                                                                                    "Actual Loops": 1
                                                                                                },
                                                                                                {
                                                                                                    "Worker Number": 2,
                                                                                                    "Actual Startup Time": 0.01,
                                                                                                    "Actual Total Time": 27.148,
                                                                                                    "Actual Rows": 290654,
                                                                                                    "Actual Loops": 1
                                                                                                }
                                                                                            ]
                                                                                        },
                                                                                        {
                                                                                            "Node Type": "Hash",
                                                                                            "Parent Relationship": "Inner",
                                                                                            "Parallel Aware": true,
                                                                                            "Startup Cost": 71241.41,
                                                                                            "Total Cost": 71241.41,
                                                                                            "Plan Rows": 4894,
                                                                                            "Plan Width": 19,
                                                                                            "Actual Startup Time": 216.91,
                                                                                            "Actual Total Time": 216.915,
                                                                                            "Actual Rows": 6121,
                                                                                            "Actual Loops": 4,
                                                                                            "Output": [
                                                                                                "n.name",
                                                                                                "n.id"
                                                                                            ],
                                                                                            "Hash Buckets": 32768,
                                                                                            "Original Hash Buckets": 32768,
                                                                                            "Hash Batches": 1,
                                                                                            "Original Hash Batches": 1,
                                                                                            "Peak Memory Usage": 1632,
                                                                                            "Workers": [
                                                                                                {
                                                                                                    "Worker Number": 0,
                                                                                                    "Actual Startup Time": 214.421,
                                                                                                    "Actual Total Time": 214.437,
                                                                                                    "Actual Rows": 5254,
                                                                                                    "Actual Loops": 1
                                                                                                },
                                                                                                {
                                                                                                    "Worker Number": 1,
                                                                                                    "Actual Startup Time": 214.43,
                                                                                                    "Actual Total Time": 214.431,
                                                                                                    "Actual Rows": 5473,
                                                                                                    "Actual Loops": 1
                                                                                                },
                                                                                                {
                                                                                                    "Worker Number": 2,
                                                                                                    "Actual Startup Time": 214.452,
                                                                                                    "Actual Total Time": 214.452,
                                                                                                    "Actual Rows": 8525,
                                                                                                    "Actual Loops": 1
                                                                                                }
                                                                                            ],
                                                                                            "Plans": [
                                                                                                {
                                                                                                    "Node Type": "Seq Scan",
                                                                                                    "Parent Relationship": "Outer",
                                                                                                    "Parallel Aware": true,
                                                                                                    "Relation Name": "name",
                                                                                                    "Schema": "public",
                                                                                                    "Alias": "n",
                                                                                                    "Startup Cost": 0.0,
                                                                                                    "Total Cost": 71241.41,
                                                                                                    "Plan Rows": 4894,
                                                                                                    "Plan Width": 19,
                                                                                                    "Actual Startup Time": 100.615,
                                                                                                    "Actual Total Time": 213.303,
                                                                                                    "Actual Rows": 6121,
                                                                                                    "Actual Loops": 4,
                                                                                                    "Output": [
                                                                                                        "n.name",
                                                                                                        "n.id"
                                                                                                    ],
                                                                                                    "Filter": "((n.name ~~ '%Jo%'::text) AND ((n.gender)::text = 'f'::text))",
                                                                                                    "Rows Removed by Filter": 1035752,
                                                                                                    "Workers": [
                                                                                                        {
                                                                                                            "Worker Number": 0,
                                                                                                            "Actual Startup Time": 98.124,
                                                                                                            "Actual Total Time": 210.834,
                                                                                                            "Actual Rows": 5254,
                                                                                                            "Actual Loops": 1
                                                                                                        },
                                                                                                        {
                                                                                                            "Worker Number": 1,
                                                                                                            "Actual Startup Time": 98.116,
                                                                                                            "Actual Total Time": 210.742,
                                                                                                            "Actual Rows": 5473,
                                                                                                            "Actual Loops": 1
                                                                                                        },
                                                                                                        {
                                                                                                            "Worker Number": 2,
                                                                                                            "Actual Startup Time": 98.14,
                                                                                                            "Actual Total Time": 210.932,
                                                                                                            "Actual Rows": 8525,
                                                                                                            "Actual Loops": 1
                                                                                                        }
                                                                                                    ]
                                                                                                }
                                                                                            ]
                                                                                        }
                                                                                    ]
                                                                                },
                                                                                {
                                                                                    "Node Type": "Index Scan",
                                                                                    "Parent Relationship": "Inner",
                                                                                    "Parallel Aware": false,
                                                                                    "Scan Direction": "Forward",
                                                                                    "Index Name": "person_id_cast_info",
                                                                                    "Relation Name": "cast_info",
                                                                                    "Schema": "public",
                                                                                    "Alias": "ci",
                                                                                    "Startup Cost": 0.56,
                                                                                    "Total Cost": 13.29,
                                                                                    "Plan Rows": 50,
                                                                                    "Plan Width": 16,
                                                                                    "Actual Startup Time": 0.032,
                                                                                    "Actual Total Time": 0.036,
                                                                                    "Actual Rows": 3,
                                                                                    "Actual Loops": 5130,
                                                                                    "Output": [
                                                                                        "ci.id",
                                                                                        "ci.person_id",
                                                                                        "ci.movie_id",
                                                                                        "ci.person_role_id",
                                                                                        "ci.note",
                                                                                        "ci.nr_order",
                                                                                        "ci.role_id"
                                                                                    ],
                                                                                    "Index Cond": "(ci.person_id = an.person_id)",
                                                                                    "Rows Removed by Index Recheck": 0,
                                                                                    "Filter": "(ci.note = ANY ('{(writer),(producer),(voice),\"(executive producer)\"}'::text[]))",
                                                                                    "Rows Removed by Filter": 47,
                                                                                    "Workers": [
                                                                                        {
                                                                                            "Worker Number": 0,
                                                                                            "Actual Startup Time": 0.033,
                                                                                            "Actual Total Time": 0.038,
                                                                                            "Actual Rows": 3,
                                                                                            "Actual Loops": 1240
                                                                                        },
                                                                                        {
                                                                                            "Worker Number": 1,
                                                                                            "Actual Startup Time": 0.034,
                                                                                            "Actual Total Time": 0.038,
                                                                                            "Actual Rows": 2,
                                                                                            "Actual Loops": 1278
                                                                                        },
                                                                                        {
                                                                                            "Worker Number": 2,
                                                                                            "Actual Startup Time": 0.025,
                                                                                            "Actual Total Time": 0.028,
                                                                                            "Actual Rows": 3,
                                                                                            "Actual Loops": 1587
                                                                                        }
                                                                                    ]
                                                                                }
                                                                            ]
                                                                        },
                                                                        {
                                                                            "Node Type": "Hash",
                                                                            "Parent Relationship": "Inner",
                                                                            "Parallel Aware": false,
                                                                            "Startup Cost": 1.15,
                                                                            "Total Cost": 1.15,
                                                                            "Plan Rows": 1,
                                                                            "Plan Width": 4,
                                                                            "Actual Startup Time": 0.104,
                                                                            "Actual Total Time": 0.105,
                                                                            "Actual Rows": 1,
                                                                            "Actual Loops": 4,
                                                                            "Output": [
                                                                                "rt.id"
                                                                            ],
                                                                            "Hash Buckets": 1024,
                                                                            "Original Hash Buckets": 1024,
                                                                            "Hash Batches": 1,
                                                                            "Original Hash Batches": 1,
                                                                            "Peak Memory Usage": 9,
                                                                            "Workers": [
                                                                                {
                                                                                    "Worker Number": 0,
                                                                                    "Actual Startup Time": 0.125,
                                                                                    "Actual Total Time": 0.126,
                                                                                    "Actual Rows": 1,
                                                                                    "Actual Loops": 1
                                                                                },
                                                                                {
                                                                                    "Worker Number": 1,
                                                                                    "Actual Startup Time": 0.127,
                                                                                    "Actual Total Time": 0.128,
                                                                                    "Actual Rows": 1,
                                                                                    "Actual Loops": 1
                                                                                },
                                                                                {
                                                                                    "Worker Number": 2,
                                                                                    "Actual Startup Time": 0.115,
                                                                                    "Actual Total Time": 0.115,
                                                                                    "Actual Rows": 1,
                                                                                    "Actual Loops": 1
                                                                                }
                                                                            ],
                                                                            "Plans": [
                                                                                {
                                                                                    "Node Type": "Seq Scan",
                                                                                    "Parent Relationship": "Outer",
                                                                                    "Parallel Aware": false,
                                                                                    "Relation Name": "role_type",
                                                                                    "Schema": "public",
                                                                                    "Alias": "rt",
                                                                                    "Startup Cost": 0.0,
                                                                                    "Total Cost": 1.15,
                                                                                    "Plan Rows": 1,
                                                                                    "Plan Width": 4,
                                                                                    "Actual Startup Time": 0.075,
                                                                                    "Actual Total Time": 0.08,
                                                                                    "Actual Rows": 1,
                                                                                    "Actual Loops": 4,
                                                                                    "Output": [
                                                                                        "rt.id"
                                                                                    ],
                                                                                    "Filter": "((rt.role)::text = 'actress'::text)",
                                                                                    "Rows Removed by Filter": 11,
                                                                                    "Workers": [
                                                                                        {
                                                                                            "Worker Number": 0,
                                                                                            "Actual Startup Time": 0.094,
                                                                                            "Actual Total Time": 0.099,
                                                                                            "Actual Rows": 1,
                                                                                            "Actual Loops": 1
                                                                                        },
                                                                                        {
                                                                                            "Worker Number": 1,
                                                                                            "Actual Startup Time": 0.097,
                                                                                            "Actual Total Time": 0.102,
                                                                                            "Actual Rows": 1,
                                                                                            "Actual Loops": 1
                                                                                        },
                                                                                        {
                                                                                            "Worker Number": 2,
                                                                                            "Actual Startup Time": 0.088,
                                                                                            "Actual Total Time": 0.093,
                                                                                            "Actual Rows": 1,
                                                                                            "Actual Loops": 1
                                                                                        }
                                                                                    ]
                                                                                }
                                                                            ]
                                                                        }
                                                                    ]
                                                                },
                                                                {
                                                                    "Node Type": "Index Scan",
                                                                    "Parent Relationship": "Inner",
                                                                    "Parallel Aware": false,
                                                                    "Scan Direction": "Forward",
                                                                    "Index Name": "movie_id_movie_companies",
                                                                    "Relation Name": "movie_companies",
                                                                    "Schema": "public",
                                                                    "Alias": "mc",
                                                                    "Startup Cost": 0.43,
                                                                    "Total Cost": 0.55,
                                                                    "Plan Rows": 5,
                                                                    "Plan Width": 8,
                                                                    "Actual Startup Time": 0.004,
                                                                    "Actual Total Time": 0.005,
                                                                    "Actual Rows": 2,
                                                                    "Actual Loops": 7370,
                                                                    "Output": [
                                                                        "mc.id",
                                                                        "mc.movie_id",
                                                                        "mc.company_id",
                                                                        "mc.company_type_id",
                                                                        "mc.note"
                                                                    ],
                                                                    "Index Cond": "(mc.movie_id = ci.movie_id)",
                                                                    "Rows Removed by Index Recheck": 0,
                                                                    "Workers": [
                                                                        {
                                                                            "Worker Number": 0,
                                                                            "Actual Startup Time": 0.004,
                                                                            "Actual Total Time": 0.004,
                                                                            "Actual Rows": 1,
                                                                            "Actual Loops": 2261
                                                                        },
                                                                        {
                                                                            "Worker Number": 1,
                                                                            "Actual Startup Time": 0.004,
                                                                            "Actual Total Time": 0.004,
                                                                            "Actual Rows": 1,
                                                                            "Actual Loops": 1789
                                                                        },
                                                                        {
                                                                            "Worker Number": 2,
                                                                            "Actual Startup Time": 0.004,
                                                                            "Actual Total Time": 0.005,
                                                                            "Actual Rows": 2,
                                                                            "Actual Loops": 2052
                                                                        }
                                                                    ]
                                                                }
                                                            ]
                                                        },
                                                        {
                                                            "Node Type": "Index Scan",
                                                            "Parent Relationship": "Inner",
                                                            "Parallel Aware": false,
                                                            "Scan Direction": "Forward",
                                                            "Index Name": "company_name_pkey",
                                                            "Relation Name": "company_name",
                                                            "Schema": "public",
                                                            "Alias": "cn",
                                                            "Startup Cost": 0.42,
                                                            "Total Cost": 0.45,
                                                            "Plan Rows": 1,
                                                            "Plan Width": 4,
                                                            "Actual Startup Time": 0.003,
                                                            "Actual Total Time": 0.003,
                                                            "Actual Rows": 1,
                                                            "Actual Loops": 11462,
                                                            "Output": [
                                                                "cn.id",
                                                                "cn.name",
                                                                "cn.country_code",
                                                                "cn.imdb_id",
                                                                "cn.name_pcode_nf",
                                                                "cn.name_pcode_sf",
                                                                "cn.md5sum"
                                                            ],
                                                            "Index Cond": "(cn.id = mc.company_id)",
                                                            "Rows Removed by Index Recheck": 0,
                                                            "Filter": "((cn.country_code)::text = '[us]'::text)",
                                                            "Rows Removed by Filter": 0,
                                                            "Workers": [
                                                                {
                                                                    "Worker Number": 0,
                                                                    "Actual Startup Time": 0.003,
                                                                    "Actual Total Time": 0.003,
                                                                    "Actual Rows": 0,
                                                                    "Actual Loops": 2372
                                                                },
                                                                {
                                                                    "Worker Number": 1,
                                                                    "Actual Startup Time": 0.005,
                                                                    "Actual Total Time": 0.005,
                                                                    "Actual Rows": 0,
                                                                    "Actual Loops": 1457
                                                                },
                                                                {
                                                                    "Worker Number": 2,
                                                                    "Actual Startup Time": 0.002,
                                                                    "Actual Total Time": 0.002,
                                                                    "Actual Rows": 1,
                                                                    "Actual Loops": 5020
                                                                }
                                                            ]
                                                        }
                                                    ]
                                                },
                                                {
                                                    "Node Type": "Index Scan",
                                                    "Parent Relationship": "Inner",
                                                    "Parallel Aware": false,
                                                    "Scan Direction": "Forward",
                                                    "Index Name": "char_name_pkey",
                                                    "Relation Name": "char_name",
                                                    "Schema": "public",
                                                    "Alias": "chn",
                                                    "Startup Cost": 0.43,
                                                    "Total Cost": 0.5,
                                                    "Plan Rows": 1,
                                                    "Plan Width": 20,
                                                    "Actual Startup Time": 0.003,
                                                    "Actual Total Time": 0.003,
                                                    "Actual Rows": 1,
                                                    "Actual Loops": 6014,
                                                    "Output": [
                                                        "chn.id",
                                                        "chn.name",
                                                        "chn.imdb_index",
                                                        "chn.imdb_id",
                                                        "chn.name_pcode_nf",
                                                        "chn.surname_pcode",
                                                        "chn.md5sum"
                                                    ],
                                                    "Index Cond": "(chn.id = ci.person_role_id)",
                                                    "Rows Removed by Index Recheck": 0,
                                                    "Workers": [
                                                        {
                                                            "Worker Number": 0,
                                                            "Actual Startup Time": 0.005,
                                                            "Actual Total Time": 0.005,
                                                            "Actual Rows": 1,
                                                            "Actual Loops": 1027
                                                        },
                                                        {
                                                            "Worker Number": 1,
                                                            "Actual Startup Time": 0.006,
                                                            "Actual Total Time": 0.006,
                                                            "Actual Rows": 1,
                                                            "Actual Loops": 649
                                                        },
                                                        {
                                                            "Worker Number": 2,
                                                            "Actual Startup Time": 0.002,
                                                            "Actual Total Time": 0.002,
                                                            "Actual Rows": 1,
                                                            "Actual Loops": 2704
                                                        }
                                                    ]
                                                }
                                            ]
                                        },
                                        {
                                            "Node Type": "Index Scan",
                                            "Parent Relationship": "Inner",
                                            "Parallel Aware": false,
                                            "Scan Direction": "Forward",
                                            "Index Name": "title_pkey",
                                            "Relation Name": "title",
                                            "Schema": "public",
                                            "Alias": "t",
                                            "Startup Cost": 0.43,
                                            "Total Cost": 0.5,
                                            "Plan Rows": 1,
                                            "Plan Width": 21,
                                            "Actual Startup Time": 0.004,
                                            "Actual Total Time": 0.004,
                                            "Actual Rows": 1,
                                            "Actual Loops": 5482,
                                            "Output": [
                                                "t.id",
                                                "t.title",
                                                "t.imdb_index",
                                                "t.kind_id",
                                                "t.production_year",
                                                "t.imdb_id",
                                                "t.phonetic_code",
                                                "t.episode_of_id",
                                                "t.season_nr",
                                                "t.episode_nr",
                                                "t.series_years",
                                                "t.md5sum"
                                            ],
                                            "Index Cond": "(t.id = ci.movie_id)",
                                            "Rows Removed by Index Recheck": 0,
                                            "Workers": [
                                                {
                                                    "Worker Number": 0,
                                                    "Actual Startup Time": 0.005,
                                                    "Actual Total Time": 0.005,
                                                    "Actual Rows": 1,
                                                    "Actual Loops": 991
                                                },
                                                {
                                                    "Worker Number": 1,
                                                    "Actual Startup Time": 0.006,
                                                    "Actual Total Time": 0.006,
                                                    "Actual Rows": 1,
                                                    "Actual Loops": 591
                                                },
                                                {
                                                    "Worker Number": 2,
                                                    "Actual Startup Time": 0.003,
                                                    "Actual Total Time": 0.003,
                                                    "Actual Rows": 1,
                                                    "Actual Loops": 2462
                                                }
                                            ]
                                        }
                                    ]
                                }
                            ]
                        }
                    ]
                }
            ]
        },
        "Planning Time": 1473.542,
        "Triggers": [],
        "Execution Time": 400.96
    }
]