{
  "Plan": {
    "Node Type": "Aggregate",
    "Strategy": "Plain",
    "Partial Mode": "Finalize",
    "Parallel Aware": false,
    "Startup Cost": 124372.37,
    "Total Cost": 124372.38,
    "Plan Rows": 1,
    "Plan Width": 8,
    "Actual Startup Time": 684.109,
    "Actual Total Time": 701.018,
    "Actual Rows": 1,
    "Actual Loops": 1,
    "Plans": [
      {
        "Node Type": "Gather",
        "Parent Relationship": "Outer",
        "Parallel Aware": false,
        "Startup Cost": 124372.26,
        "Total Cost": 124372.37,
        "Plan Rows": 1,
        "Plan Width": 8,
        "Actual Startup Time": 681.881,
        "Actual Total Time": 701.009,
        "Actual Rows": 2,
        "Actual Loops": 1,
        "Workers Planned": 1,
        "Workers Launched": 1,
        "Single Copy": false,
        "Plans": [
          {
            "Node Type": "Aggregate",
            "Strategy": "Plain",
            "Partial Mode": "Partial",
            "Parent Relationship": "Outer",
            "Parallel Aware": false,
            "Startup Cost": 123372.26,
            "Total Cost": 123372.27,
            "Plan Rows": 1,
            "Plan Width": 8,
            "Actual Startup Time": 674.232,
            "Actual Total Time": 674.517,
            "Actual Rows": 1,
            "Actual Loops": 2,
            "Plans": [
              {
                "Node Type": "Hash Join",
                "Parent Relationship": "Outer",
                "Parallel Aware": true,
                "Join Type": "Inner",
                "Startup Cost": 104046.32,
                "Total Cost": 123304.48,
                "Plan Rows": 27112,
                "Plan Width": 0,
                "Actual Startup Time": 558.158,
                "Actual Total Time": 671.646,
                "Actual Rows": 55463,
                "Actual Loops": 2,
                "Inner Unique": false,
                "Hash Cond": "(mi_idx.movie_id = t.id)",
                "Plans": [
                  {
                    "Node Type": "Seq Scan",
                    "Parent Relationship": "Outer",
                    "Parallel Aware": true,
                    "Relation Name": "movie_info_idx",
                    "Alias": "mi_idx",
                    "Startup Cost": 0.0,
                    "Total Cost": 18082.32,
                    "Plan Rows": 271028,
                    "Plan Width": 4,
                    "Actual Startup Time": 0.041,
                    "Actual Total Time": 59.584,
                    "Actual Rows": 229962,
                    "Actual Loops": 2,
                    "Filter": "(info_type_id = 101)",
                    "Rows Removed by Filter": 460055
                  },
                  {
                    "Node Type": "Hash",
                    "Parent Relationship": "Inner",
                    "Parallel Aware": true,
                    "Startup Cost": 102186.67,
                    "Total Cost": 102186.67,
                    "Plan Rows": 148772,
                    "Plan Width": 8,
                    "Actual Startup Time": 554.48,
                    "Actual Total Time": 554.764,
                    "Actual Rows": 127375,
                    "Actual Loops": 2,
                    "Hash Buckets": 262144,
                    "Original Hash Buckets": 262144,
                    "Hash Batches": 1,
                    "Original Hash Batches": 1,
                    "Peak Memory Usage": 12032,
                    "Plans": [
                      {
                        "Node Type": "Hash Join",
                        "Parent Relationship": "Outer",
                        "Parallel Aware": true,
                        "Join Type": "Inner",
                        "Startup Cost": 38712.42,
                        "Total Cost": 102186.67,
                        "Plan Rows": 148772,
                        "Plan Width": 8,
                        "Actual Startup Time": 180.901,
                        "Actual Total Time": 519.13,
                        "Actual Rows": 127375,
                        "Actual Loops": 2,
                        "Inner Unique": false,
                        "Hash Cond": "(t.id = mc.movie_id)",
                        "Plans": [
                          {
                            "Node Type": "Seq Scan",
                            "Parent Relationship": "Outer",
                            "Parallel Aware": true,
                            "Relation Name": "title",
                            "Alias": "t",
                            "Startup Cost": 0.0,
                            "Total Cost": 58306.47,
                            "Plan Rows": 686825,
                            "Plan Width": 4,
                            "Actual Startup Time": 0.014,
                            "Actual Total Time": 169.121,
                            "Actual Rows": 564453,
                            "Actual Loops": 2,
                            "Filter": "((production_year < 2010) AND (kind_id = 7))",
                            "Rows Removed by Filter": 699703
                          },
                          {
                            "Node Type": "Hash",
                            "Parent Relationship": "Inner",
                            "Parallel Aware": true,
                            "Startup Cost": 34685.57,
                            "Total Cost": 34685.57,
                            "Plan Rows": 322148,
                            "Plan Width": 4,
                            "Actual Startup Time": 174.075,
                            "Actual Total Time": 174.077,
                            "Actual Rows": 271794,
                            "Actual Loops": 2,
                            "Hash Buckets": 1048576,
                            "Original Hash Buckets": 1048576,
                            "Hash Batches": 1,
                            "Original Hash Batches": 1,
                            "Peak Memory Usage": 29504,
                            "Plans": [
                              {
                                "Node Type": "Bitmap Heap Scan",
                                "Parent Relationship": "Outer",
                                "Parallel Aware": true,
                                "Relation Name": "movie_companies",
                                "Alias": "mc",
                                "Startup Cost": 11868.73,
                                "Total Cost": 34685.57,
                                "Plan Rows": 322148,
                                "Plan Width": 4,
                                "Actual Startup Time": 29.457,
                                "Actual Total Time": 100.999,
                                "Actual Rows": 271794,
                                "Actual Loops": 2,
                                "Recheck Cond": "(company_id < 533)",
                                "Rows Removed by Index Recheck": 0,
                                "Exact Heap Blocks": 12602,
                                "Lossy Heap Blocks": 0,
                                "Plans": [
                                  {
                                    "Node Type": "Bitmap Index Scan",
                                    "Parent Relationship": "Outer",
                                    "Parallel Aware": false,
                                    "Index Name": "company_id_movie_companies",
                                    "Startup Cost": 0.0,
                                    "Total Cost": 11731.81,
                                    "Plan Rows": 547651,
                                    "Plan Width": 0,
                                    "Actual Startup Time": 26.628,
                                    "Actual Total Time": 26.628,
                                    "Actual Rows": 543589,
                                    "Actual Loops": 1,
                                    "Index Cond": "(company_id < 533)"
                                  }
                                ]
                              }
                            ]
                          }
                        ]
                      }
                    ]
                  }
                ]
              }
            ]
          }
        ]
      }
    ]
  },
  "Planning Time": 1.028,
  "Triggers": [],
  "Execution Time": 701.125
}