[
  {
    "Bao": {
      "Bao prediction": 155.979,
      "Bao recommended hint": "SET enable_mergejoin TO off; SET enable_indexscan TO off; "
    }
  },
  {
    "Plan": {
      "Node Type": "Aggregate",
      "Strategy": "Plain",
      "Partial Mode": "Finalize",
      "Parallel Aware": false,
      "Startup Cost": 45765.03,
      "Total Cost": 45765.04,
      "Plan Rows": 1,
      "Plan Width": 68,
      "Actual Startup Time": 97.967,
      "Actual Total Time": 102.49,
      "Actual Rows": 1,
      "Actual Loops": 1,
      "Plans": [
        {
          "Node Type": "Gather",
          "Parent Relationship": "Outer",
          "Parallel Aware": false,
          "Startup Cost": 45764.8,
          "Total Cost": 45765.01,
          "Plan Rows": 2,
          "Plan Width": 68,
          "Actual Startup Time": 97.96,
          "Actual Total Time": 102.484,
          "Actual Rows": 3,
          "Actual Loops": 1,
          "Workers Planned": 2,
          "Workers Launched": 2,
          "Single Copy": false,
          "Plans": [
            {
              "Node Type": "Aggregate",
              "Strategy": "Plain",
              "Partial Mode": "Partial",
              "Parent Relationship": "Outer",
              "Parallel Aware": false,
              "Startup Cost": 44764.8,
              "Total Cost": 44764.81,
              "Plan Rows": 1,
              "Plan Width": 68,
              "Actual Startup Time": 88.343,
              "Actual Total Time": 88.349,
              "Actual Rows": 1,
              "Actual Loops": 3,
              "Plans": [
                {
                  "Node Type": "Hash Join",
                  "Parent Relationship": "Outer",
                  "Parallel Aware": false,
                  "Join Type": "Inner",
                  "Startup Cost": 4.45,
                  "Total Cost": 44757.83,
                  "Plan Rows": 930,
                  "Plan Width": 45,
                  "Actual Startup Time": 88.336,
                  "Actual Total Time": 88.342,
                  "Actual Rows": 1,
                  "Actual Loops": 3,
                  "Inner Unique": true,
                  "Hash Cond": "(mc.company_type_id = ct.id)",
                  "Plans": [
                    {
                      "Node Type": "Nested Loop",
                      "Parent Relationship": "Outer",
                      "Parallel Aware": false,
                      "Join Type": "Inner",
                      "Startup Cost": 3.38,
                      "Total Cost": 44736.65,
                      "Plan Rows": 3720,
                      "Plan Width": 49,
                      "Actual Startup Time": 87.889,
                      "Actual Total Time": 87.984,
                      "Actual Rows": 22,
                      "Actual Loops": 3,
                      "Inner Unique": false,
                      "Join Filter": "(t.id = mc.movie_id)",
                      "Rows Removed by Join Filter": 0,
                      "Plans": [
                        {
                          "Node Type": "Nested Loop",
                          "Parent Relationship": "Outer",
                          "Parallel Aware": false,
                          "Join Type": "Inner",
                          "Startup Cost": 2.89,
                          "Total Cost": 38059.17,
                          "Plan Rows": 1449,
                          "Plan Width": 29,
                          "Actual Startup Time": 87.865,
                          "Actual Total Time": 87.903,
                          "Actual Rows": 1,
                          "Actual Loops": 3,
                          "Inner Unique": true,
                          "Plans": [
                            {
                              "Node Type": "Hash Join",
                              "Parent Relationship": "Outer",
                              "Parallel Aware": false,
                              "Join Type": "Inner",
                              "Startup Cost": 2.43,
                              "Total Cost": 15253.6,
                              "Plan Rows": 5089,
                              "Plan Width": 4,
                              "Actual Startup Time": 87.776,
                              "Actual Total Time": 87.78,
                              "Actual Rows": 3,
                              "Actual Loops": 3,
                              "Inner Unique": true,
                              "Hash Cond": "(mi_idx.info_type_id = it.id)",
                              "Plans": [
                                {
                                  "Node Type": "Seq Scan",
                                  "Parent Relationship": "Outer",
                                  "Parallel Aware": true,
                                  "Relation Name": "movie_info_idx",
                                  "Alias": "mi_idx",
                                  "Startup Cost": 0.0,
                                  "Total Cost": 13685.15,
                                  "Plan Rows": 575015,
                                  "Plan Width": 8,
                                  "Actual Startup Time": 0.043,
                                  "Actual Total Time": 51.958,
                                  "Actual Rows": 460012,
                                  "Actual Loops": 3
                                },
                                {
                                  "Node Type": "Hash",
                                  "Parent Relationship": "Inner",
                                  "Parallel Aware": false,
                                  "Startup Cost": 2.41,
                                  "Total Cost": 2.41,
                                  "Plan Rows": 1,
                                  "Plan Width": 4,
                                  "Actual Startup Time": 0.056,
                                  "Actual Total Time": 0.057,
                                  "Actual Rows": 1,
                                  "Actual Loops": 3,
                                  "Hash Buckets": 1024,
                                  "Original Hash Buckets": 1024,
                                  "Hash Batches": 1,
                                  "Original Hash Batches": 1,
                                  "Peak Memory Usage": 9,
                                  "Plans": [
                                    {
                                      "Node Type": "Seq Scan",
                                      "Parent Relationship": "Outer",
                                      "Parallel Aware": false,
                                      "Relation Name": "info_type",
                                      "Alias": "it",
                                      "Startup Cost": 0.0,
                                      "Total Cost": 2.41,
                                      "Plan Rows": 1,
                                      "Plan Width": 4,
                                      "Actual Startup Time": 0.042,
                                      "Actual Total Time": 0.044,
                                      "Actual Rows": 1,
                                      "Actual Loops": 3,
                                      "Filter": "((info)::text = 'bottom 10 rank'::text)",
                                      "Rows Removed by Filter": 112
                                    }
                                  ]
                                }
                              ]
                            },
                            {
                              "Node Type": "Bitmap Heap Scan",
                              "Parent Relationship": "Inner",
                              "Parallel Aware": false,
                              "Relation Name": "title",
                              "Alias": "t",
                              "Startup Cost": 0.46,
                              "Total Cost": 4.48,
                              "Plan Rows": 1,
                              "Plan Width": 25,
                              "Actual Startup Time": 0.033,
                              "Actual Total Time": 0.033,
                              "Actual Rows": 0,
                              "Actual Loops": 10,
                              "Recheck Cond": "(id = mi_idx.movie_id)",
                              "Rows Removed by Index Recheck": 0,
                              "Filter": "((production_year >= 2005) AND (production_year <= 2010))",
                              "Rows Removed by Filter": 1,
                              "Exact Heap Blocks": 10,
                              "Lossy Heap Blocks": 0,
                              "Plans": [
                                {
                                  "Node Type": "Bitmap Index Scan",
                                  "Parent Relationship": "Outer",
                                  "Parallel Aware": false,
                                  "Index Name": "title_pkey",
                                  "Startup Cost": 0.0,
                                  "Total Cost": 0.46,
                                  "Plan Rows": 1,
                                  "Plan Width": 0,
                                  "Actual Startup Time": 0.023,
                                  "Actual Total Time": 0.023,
                                  "Actual Rows": 1,
                                  "Actual Loops": 10,
                                  "Index Cond": "(id = mi_idx.movie_id)"
                                }
                              ]
                            }
                          ]
                        },
                        {
                          "Node Type": "Bitmap Heap Scan",
                          "Parent Relationship": "Inner",
                          "Parallel Aware": false,
                          "Relation Name": "movie_companies",
                          "Alias": "mc",
                          "Startup Cost": 0.5,
                          "Total Cost": 4.57,
                          "Plan Rows": 3,
                          "Plan Width": 32,
                          "Actual Startup Time": 0.039,
                          "Actual Total Time": 0.055,
                          "Actual Rows": 16,
                          "Actual Loops": 4,
                          "Recheck Cond": "(movie_id = mi_idx.movie_id)",
                          "Rows Removed by Index Recheck": 0,
                          "Filter": "(note !~~ '%(as Metro-Goldwyn-Mayer Pictures)%'::text)",
                          "Rows Removed by Filter": 2,
                          "Exact Heap Blocks": 8,
                          "Lossy Heap Blocks": 0,
                          "Plans": [
                            {
                              "Node Type": "Bitmap Index Scan",
                              "Parent Relationship": "Outer",
                              "Parallel Aware": false,
                              "Index Name": "movie_id_movie_companies",
                              "Startup Cost": 0.0,
                              "Total Cost": 0.5,
                              "Plan Rows": 5,
                              "Plan Width": 0,
                              "Actual Startup Time": 0.028,
                              "Actual Total Time": 0.028,
                              "Actual Rows": 18,
                              "Actual Loops": 4,
                              "Index Cond": "(movie_id = mi_idx.movie_id)"
                            }
                          ]
                        }
                      ]
                    },
                    {
                      "Node Type": "Hash",
                      "Parent Relationship": "Inner",
                      "Parallel Aware": false,
                      "Startup Cost": 1.05,
                      "Total Cost": 1.05,
                      "Plan Rows": 1,
                      "Plan Width": 4,
                      "Actual Startup Time": 0.074,
                      "Actual Total Time": 0.074,
                      "Actual Rows": 1,
                      "Actual Loops": 3,
                      "Hash Buckets": 1024,
                      "Original Hash Buckets": 1024,
                      "Hash Batches": 1,
                      "Original Hash Batches": 1,
                      "Peak Memory Usage": 9,
                      "Plans": [
                        {
                          "Node Type": "Seq Scan",
                          "Parent Relationship": "Outer",
                          "Parallel Aware": false,
                          "Relation Name": "company_type",
                          "Alias": "ct",
                          "Startup Cost": 0.0,
                          "Total Cost": 1.05,
                          "Plan Rows": 1,
                          "Plan Width": 4,
                          "Actual Startup Time": 0.048,
                          "Actual Total Time": 0.05,
                          "Actual Rows": 1,
                          "Actual Loops": 3,
                          "Filter": "((kind)::text = 'production companies'::text)",
                          "Rows Removed by Filter": 3
                        }
                      ]
                    }
                  ]
                }
              ]
            }
          ]
        }
      ]
    },
    "Planning Time": 255.949,
    "Triggers": [],
    "Execution Time": 103.069
  }
]