[
  {
    "Plan": {
      "Node Type": "Aggregate",
      "Strategy": "Plain",
      "Partial Mode": "Finalize",
      "Parallel Aware": false,
      "Startup Cost": 332532.01,
      "Total Cost": 332532.02,
      "Plan Rows": 1,
      "Plan Width": 8,
      "Actual Startup Time": 318.451,
      "Actual Total Time": 371.281,
      "Actual Rows": 1,
      "Actual Loops": 1,
      "Plans": [
        {
          "Node Type": "Gather",
          "Parent Relationship": "Outer",
          "Parallel Aware": false,
          "Startup Cost": 332531.59,
          "Total Cost": 332532.0,
          "Plan Rows": 4,
          "Plan Width": 8,
          "Actual Startup Time": 318.234,
          "Actual Total Time": 371.273,
          "Actual Rows": 5,
          "Actual Loops": 1,
          "Workers Planned": 4,
          "Workers Launched": 4,
          "Single Copy": false,
          "Plans": [
            {
              "Node Type": "Aggregate",
              "Strategy": "Plain",
              "Partial Mode": "Partial",
              "Parent Relationship": "Outer",
              "Parallel Aware": false,
              "Startup Cost": 331531.59,
              "Total Cost": 331531.6,
              "Plan Rows": 1,
              "Plan Width": 8,
              "Actual Startup Time": 311.001,
              "Actual Total Time": 311.003,
              "Actual Rows": 1,
              "Actual Loops": 5,
              "Plans": [
                {
                  "Node Type": "Nested Loop",
                  "Parent Relationship": "Outer",
                  "Parallel Aware": false,
                  "Join Type": "Inner",
                  "Startup Cost": 0.56,
                  "Total Cost": 331304.36,
                  "Plan Rows": 90893,
                  "Plan Width": 0,
                  "Actual Startup Time": 0.286,
                  "Actual Total Time": 304.279,
                  "Actual Rows": 75911,
                  "Actual Loops": 5,
                  "Inner Unique": false,
                  "Plans": [
                    {
                      "Node Type": "Seq Scan",
                      "Parent Relationship": "Outer",
                      "Parallel Aware": true,
                      "Relation Name": "title",
                      "Alias": "t",
                      "Startup Cost": 0.0,
                      "Total Cost": 45479.1,
                      "Plan Rows": 6343,
                      "Plan Width": 4,
                      "Actual Startup Time": 0.08,
                      "Actual Total Time": 69.268,
                      "Actual Rows": 5849,
                      "Actual Loops": 5,
                      "Filter": "((kind_id > 2) AND (production_year = 1995))",
                      "Rows Removed by Filter": 499813
                    },
                    {
                      "Node Type": "Index Only Scan",
                      "Parent Relationship": "Inner",
                      "Parallel Aware": false,
                      "Scan Direction": "Forward",
                      "Index Name": "movie_id_cast_info",
                      "Relation Name": "cast_info",
                      "Alias": "ci",
                      "Startup Cost": 0.56,
                      "Total Cost": 44.69,
                      "Plan Rows": 37,
                      "Plan Width": 4,
                      "Actual Startup Time": 0.009,
                      "Actual Total Time": 0.038,
                      "Actual Rows": 13,
                      "Actual Loops": 29246,
                      "Index Cond": "(movie_id = t.id)",
                      "Rows Removed by Index Recheck": 0,
                      "Heap Fetches": 379555
                    }
                  ]
                }
              ]
            }
          ]
        }
      ]
    },
    "Planning Time": 0.589,
    "Triggers": [],
    "Execution Time": 371.367
  }
]