[
    {
        "Bao": {
            "Bao prediction": "NaN",
            "Bao recommended hint": "(no hint)"
        }
    },
    {
        "Plan": {
            "Node Type": "Aggregate",
            "Strategy": "Plain",
            "Partial Mode": "Finalize",
            "Parallel Aware": false,
            "Startup Cost": 95351.77,
            "Total Cost": 95351.78,
            "Plan Rows": 1,
            "Plan Width": 8,
            "Actual Startup Time": 474.153,
            "Actual Total Time": 486.161,
            "Actual Rows": 1,
            "Actual Loops": 1,
            "Output": [
                "count(*)"
            ],
            "Plans": [
                {
                    "Node Type": "Gather",
                    "Parent Relationship": "Outer",
                    "Parallel Aware": false,
                    "Startup Cost": 95351.46,
                    "Total Cost": 95351.77,
                    "Plan Rows": 3,
                    "Plan Width": 8,
                    "Actual Startup Time": 466.961,
                    "Actual Total Time": 486.153,
                    "Actual Rows": 4,
                    "Actual Loops": 1,
                    "Output": [
                        "(PARTIAL count(*))"
                    ],
                    "Workers Planned": 3,
                    "Workers Launched": 3,
                    "Single Copy": false,
                    "Plans": [
                        {
                            "Node Type": "Aggregate",
                            "Strategy": "Plain",
                            "Partial Mode": "Partial",
                            "Parent Relationship": "Outer",
                            "Parallel Aware": false,
                            "Startup Cost": 94351.46,
                            "Total Cost": 94351.47,
                            "Plan Rows": 1,
                            "Plan Width": 8,
                            "Actual Startup Time": 458.935,
                            "Actual Total Time": 458.938,
                            "Actual Rows": 1,
                            "Actual Loops": 4,
                            "Output": [
                                "PARTIAL count(*)"
                            ],
                            "Workers": [
                                {
                                    "Worker Number": 0,
                                    "Actual Startup Time": 455.545,
                                    "Actual Total Time": 455.548,
                                    "Actual Rows": 1,
                                    "Actual Loops": 1
                                },
                                {
                                    "Worker Number": 1,
                                    "Actual Startup Time": 455.879,
                                    "Actual Total Time": 455.882,
                                    "Actual Rows": 1,
                                    "Actual Loops": 1
                                },
                                {
                                    "Worker Number": 2,
                                    "Actual Startup Time": 457.669,
                                    "Actual Total Time": 457.672,
                                    "Actual Rows": 1,
                                    "Actual Loops": 1
                                }
                            ],
                            "Plans": [
                                {
                                    "Node Type": "Hash Join",
                                    "Parent Relationship": "Outer",
                                    "Parallel Aware": true,
                                    "Join Type": "Inner",
                                    "Startup Cost": 49900.39,
                                    "Total Cost": 93614.62,
                                    "Plan Rows": 294735,
                                    "Plan Width": 0,
                                    "Actual Startup Time": 284.761,
                                    "Actual Total Time": 446.729,
                                    "Actual Rows": 259486,
                                    "Actual Loops": 4,
                                    "Inner Unique": true,
                                    "Hash Cond": "(mk.movie_id = t.id)",
                                    "Workers": [
                                        {
                                            "Worker Number": 0,
                                            "Actual Startup Time": 281.733,
                                            "Actual Total Time": 443.815,
                                            "Actual Rows": 266322,
                                            "Actual Loops": 1
                                        },
                                        {
                                            "Worker Number": 1,
                                            "Actual Startup Time": 282.063,
                                            "Actual Total Time": 443.818,
                                            "Actual Rows": 280370,
                                            "Actual Loops": 1
                                        },
                                        {
                                            "Worker Number": 2,
                                            "Actual Startup Time": 282.422,
                                            "Actual Total Time": 445.158,
                                            "Actual Rows": 177560,
                                            "Actual Loops": 1
                                        }
                                    ],
                                    "Plans": [
                                        {
                                            "Node Type": "Seq Scan",
                                            "Parent Relationship": "Outer",
                                            "Parallel Aware": true,
                                            "Relation Name": "movie_keyword",
                                            "Schema": "public",
                                            "Alias": "mk",
                                            "Startup Cost": 0.0,
                                            "Total Cost": 42695.65,
                                            "Plan Rows": 388027,
                                            "Plan Width": 4,
                                            "Actual Startup Time": 1.042,
                                            "Actual Total Time": 95.508,
                                            "Actual Rows": 294894,
                                            "Actual Loops": 4,
                                            "Output": [
                                                "mk.id",
                                                "mk.movie_id",
                                                "mk.keyword_id"
                                            ],
                                            "Filter": "(mk.keyword_id > 15816)",
                                            "Rows Removed by Filter": 836089,
                                            "Workers": [
                                                {
                                                    "Worker Number": 0,
                                                    "Actual Startup Time": 1.037,
                                                    "Actual Total Time": 95.684,
                                                    "Actual Rows": 301604,
                                                    "Actual Loops": 1
                                                },
                                                {
                                                    "Worker Number": 1,
                                                    "Actual Startup Time": 1.04,
                                                    "Actual Total Time": 96.942,
                                                    "Actual Rows": 319506,
                                                    "Actual Loops": 1
                                                },
                                                {
                                                    "Worker Number": 2,
                                                    "Actual Startup Time": 1.043,
                                                    "Actual Total Time": 98.129,
                                                    "Actual Rows": 201770,
                                                    "Actual Loops": 1
                                                }
                                            ]
                                        },
                                        {
                                            "Node Type": "Hash",
                                            "Parent Relationship": "Inner",
                                            "Parallel Aware": true,
                                            "Startup Cost": 43899.01,
                                            "Total Cost": 43899.01,
                                            "Plan Rows": 480111,
                                            "Plan Width": 4,
                                            "Actual Startup Time": 278.536,
                                            "Actual Total Time": 278.537,
                                            "Actual Rows": 480712,
                                            "Actual Loops": 4,
                                            "Output": [
                                                "t.id"
                                            ],
                                            "Hash Buckets": 2097152,
                                            "Original Hash Buckets": 2097152,
                                            "Hash Batches": 1,
                                            "Original Hash Batches": 1,
                                            "Peak Memory Usage": 91712,
                                            "Workers": [
                                                {
                                                    "Worker Number": 0,
                                                    "Actual Startup Time": 279.936,
                                                    "Actual Total Time": 279.938,
                                                    "Actual Rows": 466647,
                                                    "Actual Loops": 1
                                                },
                                                {
                                                    "Worker Number": 1,
                                                    "Actual Startup Time": 280.277,
                                                    "Actual Total Time": 280.278,
                                                    "Actual Rows": 493406,
                                                    "Actual Loops": 1
                                                },
                                                {
                                                    "Worker Number": 2,
                                                    "Actual Startup Time": 280.613,
                                                    "Actual Total Time": 280.614,
                                                    "Actual Rows": 341929,
                                                    "Actual Loops": 1
                                                }
                                            ],
                                            "Plans": [
                                                {
                                                    "Node Type": "Seq Scan",
                                                    "Parent Relationship": "Outer",
                                                    "Parallel Aware": true,
                                                    "Relation Name": "title",
                                                    "Schema": "public",
                                                    "Alias": "t",
                                                    "Startup Cost": 0.0,
                                                    "Total Cost": 43899.01,
                                                    "Plan Rows": 480111,
                                                    "Plan Width": 4,
                                                    "Actual Startup Time": 0.046,
                                                    "Actual Total Time": 110.042,
                                                    "Actual Rows": 480712,
                                                    "Actual Loops": 4,
                                                    "Output": [
                                                        "t.id"
                                                    ],
                                                    "Filter": "(t.production_year < 2010)",
                                                    "Rows Removed by Filter": 151366,
                                                    "Workers": [
                                                        {
                                                            "Worker Number": 0,
                                                            "Actual Startup Time": 0.053,
                                                            "Actual Total Time": 110.088,
                                                            "Actual Rows": 466647,
                                                            "Actual Loops": 1
                                                        },
                                                        {
                                                            "Worker Number": 1,
                                                            "Actual Startup Time": 0.055,
                                                            "Actual Total Time": 112.595,
                                                            "Actual Rows": 493406,
                                                            "Actual Loops": 1
                                                        },
                                                        {
                                                            "Worker Number": 2,
                                                            "Actual Startup Time": 0.059,
                                                            "Actual Total Time": 118.166,
                                                            "Actual Rows": 341929,
                                                            "Actual Loops": 1
                                                        }
                                                    ]
                                                }
                                            ]
                                        }
                                    ]
                                }
                            ]
                        }
                    ]
                }
            ]
        },
        "Planning Time": 226.822,
        "Triggers": [],
        "Execution Time": 486.213
    }
]