[
  {
    "Plan": {
      "Node Type": "Aggregate",
      "Strategy": "Plain",
      "Partial Mode": "Finalize",
      "Parallel Aware": false,
      "Startup Cost": 247450.55,
      "Total Cost": 247450.56,
      "Plan Rows": 1,
      "Plan Width": 8,
      "Actual Startup Time": 3716.919,
      "Actual Total Time": 3766.991,
      "Actual Rows": 1,
      "Actual Loops": 1,
      "Plans": [
        {
          "Node Type": "Gather",
          "Parent Relationship": "Outer",
          "Parallel Aware": false,
          "Startup Cost": 247450.23,
          "Total Cost": 247450.54,
          "Plan Rows": 3,
          "Plan Width": 8,
          "Actual Startup Time": 3715.036,
          "Actual Total Time": 3766.982,
          "Actual Rows": 4,
          "Actual Loops": 1,
          "Workers Planned": 3,
          "Workers Launched": 3,
          "Single Copy": false,
          "Plans": [
            {
              "Node Type": "Aggregate",
              "Strategy": "Plain",
              "Partial Mode": "Partial",
              "Parent Relationship": "Outer",
              "Parallel Aware": false,
              "Startup Cost": 246450.23,
              "Total Cost": 246450.24,
              "Plan Rows": 1,
              "Plan Width": 8,
              "Actual Startup Time": 3705.98,
              "Actual Total Time": 3705.984,
              "Actual Rows": 1,
              "Actual Loops": 4,
              "Plans": [
                {
                  "Node Type": "Nested Loop",
                  "Parent Relationship": "Outer",
                  "Parallel Aware": false,
                  "Join Type": "Inner",
                  "Startup Cost": 47172.72,
                  "Total Cost": 245628.41,
                  "Plan Rows": 328729,
                  "Plan Width": 0,
                  "Actual Startup Time": 182.635,
                  "Actual Total Time": 3302.817,
                  "Actual Rows": 9543558,
                  "Actual Loops": 4,
                  "Inner Unique": false,
                  "Join Filter": "(t.id = mi.movie_id)",
                  "Rows Removed by Join Filter": 0,
                  "Plans": [
                    {
                      "Node Type": "Hash Join",
                      "Parent Relationship": "Outer",
                      "Parallel Aware": true,
                      "Join Type": "Inner",
                      "Startup Cost": 47172.29,
                      "Total Cost": 90556.57,
                      "Plan Rows": 56219,
                      "Plan Width": 8,
                      "Actual Startup Time": 182.558,
                      "Actual Total Time": 301.668,
                      "Actual Rows": 124064,
                      "Actual Loops": 4,
                      "Inner Unique": true,
                      "Hash Cond": "(mk.movie_id = t.id)",
                      "Plans": [
                        {
                          "Node Type": "Seq Scan",
                          "Parent Relationship": "Outer",
                          "Parallel Aware": true,
                          "Relation Name": "movie_keyword",
                          "Alias": "mk",
                          "Startup Cost": 0.0,
                          "Total Cost": 42695.65,
                          "Plan Rows": 262335,
                          "Plan Width": 4,
                          "Actual Startup Time": 1.912,
                          "Actual Total Time": 93.829,
                          "Actual Rows": 199880,
                          "Actual Loops": 4,
                          "Filter": "(keyword_id > 23118)",
                          "Rows Removed by Filter": 931102
                        },
                        {
                          "Node Type": "Hash",
                          "Parent Relationship": "Inner",
                          "Parallel Aware": true,
                          "Startup Cost": 45479.1,
                          "Total Cost": 45479.1,
                          "Plan Rows": 135455,
                          "Plan Width": 4,
                          "Actual Startup Time": 154.271,
                          "Actual Total Time": 154.272,
                          "Actual Rows": 139330,
                          "Actual Loops": 4,
                          "Hash Buckets": 1048576,
                          "Original Hash Buckets": 1048576,
                          "Hash Batches": 1,
                          "Original Hash Batches": 1,
                          "Peak Memory Usage": 30048,
                          "Plans": [
                            {
                              "Node Type": "Seq Scan",
                              "Parent Relationship": "Outer",
                              "Parallel Aware": true,
                              "Relation Name": "title",
                              "Alias": "t",
                              "Startup Cost": 0.0,
                              "Total Cost": 45479.1,
                              "Plan Rows": 135455,
                              "Plan Width": 4,
                              "Actual Startup Time": 64.713,
                              "Actual Total Time": 108.136,
                              "Actual Rows": 139330,
                              "Actual Loops": 4,
                              "Filter": "((production_year < 2011) AND (kind_id = 1))",
                              "Rows Removed by Filter": 492748
                            }
                          ]
                        }
                      ]
                    },
                    {
                      "Node Type": "Index Only Scan",
                      "Parent Relationship": "Inner",
                      "Parallel Aware": false,
                      "Scan Direction": "Forward",
                      "Index Name": "movie_id_movie_info",
                      "Relation Name": "movie_info",
                      "Alias": "mi",
                      "Startup Cost": 0.43,
                      "Total Cost": 2.23,
                      "Plan Rows": 42,
                      "Plan Width": 4,
                      "Actual Startup Time": 0.004,
                      "Actual Total Time": 0.018,
                      "Actual Rows": 77,
                      "Actual Loops": 496255,
                      "Index Cond": "(movie_id = mk.movie_id)",
                      "Rows Removed by Index Recheck": 0,
                      "Heap Fetches": 38174234
                    }
                  ]
                }
              ]
            }
          ]
        }
      ]
    },
    "Planning Time": 1.371,
    "Triggers": [],
    "Execution Time": 3767.096
  }
]