[
  {
    "Plan": {
      "Node Type": "Aggregate",
      "Strategy": "Plain",
      "Partial Mode": "Finalize",
      "Parallel Aware": false,
      "Startup Cost": 101211.99,
      "Total Cost": 101212.0,
      "Plan Rows": 1,
      "Plan Width": 8,
      "Actual Startup Time": 760.826,
      "Actual Total Time": 781.82,
      "Actual Rows": 1,
      "Actual Loops": 1,
      "Plans": [
        {
          "Node Type": "Gather",
          "Parent Relationship": "Outer",
          "Parallel Aware": false,
          "Startup Cost": 101211.67,
          "Total Cost": 101211.98,
          "Plan Rows": 3,
          "Plan Width": 8,
          "Actual Startup Time": 745.346,
          "Actual Total Time": 781.811,
          "Actual Rows": 4,
          "Actual Loops": 1,
          "Workers Planned": 3,
          "Workers Launched": 3,
          "Single Copy": false,
          "Plans": [
            {
              "Node Type": "Aggregate",
              "Strategy": "Plain",
              "Partial Mode": "Partial",
              "Parent Relationship": "Outer",
              "Parallel Aware": false,
              "Startup Cost": 100211.67,
              "Total Cost": 100211.68,
              "Plan Rows": 1,
              "Plan Width": 8,
              "Actual Startup Time": 728.245,
              "Actual Total Time": 728.249,
              "Actual Rows": 1,
              "Actual Loops": 4,
              "Plans": [
                {
                  "Node Type": "Hash Join",
                  "Parent Relationship": "Outer",
                  "Parallel Aware": true,
                  "Join Type": "Inner",
                  "Startup Cost": 50918.32,
                  "Total Cost": 97187.79,
                  "Plan Rows": 1209552,
                  "Plan Width": 0,
                  "Actual Startup Time": 366.003,
                  "Actual Total Time": 683.84,
                  "Actual Rows": 893147,
                  "Actual Loops": 4,
                  "Inner Unique": true,
                  "Hash Cond": "(mk.movie_id = t.id)",
                  "Plans": [
                    {
                      "Node Type": "Seq Scan",
                      "Parent Relationship": "Outer",
                      "Parallel Aware": true,
                      "Relation Name": "movie_keyword",
                      "Alias": "mk",
                      "Startup Cost": 0.0,
                      "Total Cost": 42695.65,
                      "Plan Rows": 1361452,
                      "Plan Width": 4,
                      "Actual Startup Time": 0.028,
                      "Actual Total Time": 133.1,
                      "Actual Rows": 1056574,
                      "Actual Loops": 4,
                      "Filter": "(keyword_id < 54149)",
                      "Rows Removed by Filter": 74409
                    },
                    {
                      "Node Type": "Hash",
                      "Parent Relationship": "Inner",
                      "Parallel Aware": true,
                      "Startup Cost": 43898.92,
                      "Total Cost": 43898.92,
                      "Plan Rows": 561552,
                      "Plan Width": 4,
                      "Actual Startup Time": 355.146,
                      "Actual Total Time": 355.147,
                      "Actual Rows": 558776,
                      "Actual Loops": 4,
                      "Hash Buckets": 4194304,
                      "Original Hash Buckets": 4194304,
                      "Hash Batches": 1,
                      "Original Hash Batches": 1,
                      "Peak Memory Usage": 120288,
                      "Plans": [
                        {
                          "Node Type": "Seq Scan",
                          "Parent Relationship": "Outer",
                          "Parallel Aware": true,
                          "Relation Name": "title",
                          "Alias": "t",
                          "Startup Cost": 0.0,
                          "Total Cost": 43898.92,
                          "Plan Rows": 561552,
                          "Plan Width": 4,
                          "Actual Startup Time": 0.043,
                          "Actual Total Time": 127.402,
                          "Actual Rows": 558776,
                          "Actual Loops": 4,
                          "Filter": "(production_year > 1957)",
                          "Rows Removed by Filter": 73302
                        }
                      ]
                    }
                  ]
                }
              ]
            }
          ]
        }
      ]
    },
    "Planning Time": 0.486,
    "Triggers": [],
    "Execution Time": 781.88
  }
]