[
  {
    "Plan": {
      "Node Type": "Aggregate",
      "Strategy": "Plain",
      "Partial Mode": "Finalize",
      "Parallel Aware": false,
      "Startup Cost": 368206.45,
      "Total Cost": 368206.46,
      "Plan Rows": 1,
      "Plan Width": 8,
      "Actual Startup Time": 574.32,
      "Actual Total Time": 595.671,
      "Actual Rows": 1,
      "Actual Loops": 1,
      "Plans": [
        {
          "Node Type": "Gather",
          "Parent Relationship": "Outer",
          "Parallel Aware": false,
          "Startup Cost": 368205.83,
          "Total Cost": 368206.44,
          "Plan Rows": 6,
          "Plan Width": 8,
          "Actual Startup Time": 560.583,
          "Actual Total Time": 595.661,
          "Actual Rows": 7,
          "Actual Loops": 1,
          "Workers Planned": 6,
          "Workers Launched": 6,
          "Single Copy": false,
          "Plans": [
            {
              "Node Type": "Aggregate",
              "Strategy": "Plain",
              "Partial Mode": "Partial",
              "Parent Relationship": "Outer",
              "Parallel Aware": false,
              "Startup Cost": 367205.83,
              "Total Cost": 367205.84,
              "Plan Rows": 1,
              "Plan Width": 8,
              "Actual Startup Time": 538.839,
              "Actual Total Time": 538.843,
              "Actual Rows": 1,
              "Actual Loops": 7,
              "Plans": [
                {
                  "Node Type": "Hash Join",
                  "Parent Relationship": "Outer",
                  "Parallel Aware": true,
                  "Join Type": "Inner",
                  "Startup Cost": 106667.67,
                  "Total Cost": 366504.92,
                  "Plan Rows": 280362,
                  "Plan Width": 0,
                  "Actual Startup Time": 441.701,
                  "Actual Total Time": 533.591,
                  "Actual Rows": 105258,
                  "Actual Loops": 7,
                  "Inner Unique": true,
                  "Hash Cond": "(ci.movie_id = t.id)",
                  "Plans": [
                    {
                      "Node Type": "Bitmap Heap Scan",
                      "Parent Relationship": "Outer",
                      "Parallel Aware": true,
                      "Relation Name": "cast_info",
                      "Alias": "ci",
                      "Startup Cost": 56448.02,
                      "Total Cost": 315549.33,
                      "Plan Rows": 280362,
                      "Plan Width": 4,
                      "Actual Startup Time": 179.0,
                      "Actual Total Time": 212.949,
                      "Actual Rows": 105258,
                      "Actual Loops": 7,
                      "Recheck Cond": "(person_id < 250934)",
                      "Rows Removed by Index Recheck": 0,
                      "Filter": "(role_id > 1)",
                      "Rows Removed by Filter": 267615,
                      "Exact Heap Blocks": 6299,
                      "Lossy Heap Blocks": 0,
                      "Plans": [
                        {
                          "Node Type": "Bitmap Index Scan",
                          "Parent Relationship": "Outer",
                          "Parallel Aware": false,
                          "Index Name": "person_id_cast_info",
                          "Startup Cost": 0.0,
                          "Total Cost": 56027.48,
                          "Plan Rows": 2565722,
                          "Plan Width": 0,
                          "Actual Startup Time": 111.618,
                          "Actual Total Time": 111.618,
                          "Actual Rows": 2610111,
                          "Actual Loops": 1,
                          "Index Cond": "(person_id < 250934)"
                        }
                      ]
                    },
                    {
                      "Node Type": "Hash",
                      "Parent Relationship": "Inner",
                      "Parallel Aware": true,
                      "Startup Cost": 42318.73,
                      "Total Cost": 42318.73,
                      "Plan Rows": 632073,
                      "Plan Width": 4,
                      "Actual Startup Time": 256.058,
                      "Actual Total Time": 256.059,
                      "Actual Rows": 361187,
                      "Actual Loops": 7,
                      "Hash Buckets": 4194304,
                      "Original Hash Buckets": 4194304,
                      "Hash Batches": 1,
                      "Original Hash Batches": 1,
                      "Peak Memory Usage": 131776,
                      "Plans": [
                        {
                          "Node Type": "Seq Scan",
                          "Parent Relationship": "Outer",
                          "Parallel Aware": true,
                          "Relation Name": "title",
                          "Alias": "t",
                          "Startup Cost": 0.0,
                          "Total Cost": 42318.73,
                          "Plan Rows": 632073,
                          "Plan Width": 4,
                          "Actual Startup Time": 0.041,
                          "Actual Total Time": 77.183,
                          "Actual Rows": 361187,
                          "Actual Loops": 7
                        }
                      ]
                    }
                  ]
                }
              ]
            }
          ]
        }
      ]
    },
    "Planning Time": 0.676,
    "Triggers": [],
    "Execution Time": 595.764
  }
]