[
  {
    "Plan": {
      "Node Type": "Aggregate",
      "Strategy": "Plain",
      "Partial Mode": "Finalize",
      "Parallel Aware": false,
      "Startup Cost": 50019.41,
      "Total Cost": 50019.42,
      "Plan Rows": 1,
      "Plan Width": 8,
      "Actual Startup Time": 135.249,
      "Actual Total Time": 148.519,
      "Actual Rows": 1,
      "Actual Loops": 1,
      "Plans": [
        {
          "Node Type": "Gather",
          "Parent Relationship": "Outer",
          "Parallel Aware": false,
          "Startup Cost": 50019.2,
          "Total Cost": 50019.41,
          "Plan Rows": 2,
          "Plan Width": 8,
          "Actual Startup Time": 134.745,
          "Actual Total Time": 148.511,
          "Actual Rows": 3,
          "Actual Loops": 1,
          "Workers Planned": 2,
          "Workers Launched": 2,
          "Single Copy": false,
          "Plans": [
            {
              "Node Type": "Aggregate",
              "Strategy": "Plain",
              "Partial Mode": "Partial",
              "Parent Relationship": "Outer",
              "Parallel Aware": false,
              "Startup Cost": 49019.2,
              "Total Cost": 49019.21,
              "Plan Rows": 1,
              "Plan Width": 8,
              "Actual Startup Time": 126.204,
              "Actual Total Time": 126.208,
              "Actual Rows": 1,
              "Actual Loops": 3,
              "Plans": [
                {
                  "Node Type": "Nested Loop",
                  "Parent Relationship": "Outer",
                  "Parallel Aware": false,
                  "Join Type": "Inner",
                  "Startup Cost": 19944.29,
                  "Total Cost": 49011.93,
                  "Plan Rows": 2906,
                  "Plan Width": 0,
                  "Actual Startup Time": 27.827,
                  "Actual Total Time": 125.568,
                  "Actual Rows": 5630,
                  "Actual Loops": 3,
                  "Inner Unique": true,
                  "Join Filter": "(mc.movie_id = t.id)",
                  "Rows Removed by Join Filter": 0,
                  "Plans": [
                    {
                      "Node Type": "Hash Join",
                      "Parent Relationship": "Outer",
                      "Parallel Aware": true,
                      "Join Type": "Inner",
                      "Startup Cost": 19943.86,
                      "Total Cost": 36062.49,
                      "Plan Rows": 15129,
                      "Plan Width": 8,
                      "Actual Startup Time": 27.731,
                      "Actual Total Time": 88.646,
                      "Actual Rows": 5630,
                      "Actual Loops": 3,
                      "Inner Unique": false,
                      "Hash Cond": "(mi_idx.movie_id = mc.movie_id)",
                      "Plans": [
                        {
                          "Node Type": "Seq Scan",
                          "Parent Relationship": "Outer",
                          "Parallel Aware": true,
                          "Relation Name": "movie_info_idx",
                          "Alias": "mi_idx",
                          "Startup Cost": 0.0,
                          "Total Cost": 15122.68,
                          "Plan Rows": 189429,
                          "Plan Width": 4,
                          "Actual Startup Time": 0.036,
                          "Actual Total Time": 40.678,
                          "Actual Rows": 153308,
                          "Actual Loops": 3,
                          "Filter": "(info_type_id = 99)",
                          "Rows Removed by Filter": 306703
                        },
                        {
                          "Node Type": "Hash",
                          "Parent Relationship": "Inner",
                          "Parallel Aware": true,
                          "Startup Cost": 19787.45,
                          "Total Cost": 19787.45,
                          "Plan Rows": 12513,
                          "Plan Width": 4,
                          "Actual Startup Time": 26.343,
                          "Actual Total Time": 26.345,
                          "Actual Rows": 12045,
                          "Actual Loops": 3,
                          "Hash Buckets": 65536,
                          "Original Hash Buckets": 65536,
                          "Hash Batches": 1,
                          "Original Hash Batches": 1,
                          "Peak Memory Usage": 1984,
                          "Plans": [
                            {
                              "Node Type": "Bitmap Heap Scan",
                              "Parent Relationship": "Outer",
                              "Parallel Aware": true,
                              "Relation Name": "movie_companies",
                              "Alias": "mc",
                              "Startup Cost": 841.04,
                              "Total Cost": 19787.45,
                              "Plan Rows": 12513,
                              "Plan Width": 4,
                              "Actual Startup Time": 4.661,
                              "Actual Total Time": 20.648,
                              "Actual Rows": 12045,
                              "Actual Loops": 3,
                              "Recheck Cond": "(company_id = 160)",
                              "Rows Removed by Index Recheck": 0,
                              "Exact Heap Blocks": 3296,
                              "Lossy Heap Blocks": 0,
                              "Plans": [
                                {
                                  "Node Type": "Bitmap Index Scan",
                                  "Parent Relationship": "Outer",
                                  "Parallel Aware": false,
                                  "Index Name": "company_id_movie_companies",
                                  "Startup Cost": 0.0,
                                  "Total Cost": 831.35,
                                  "Plan Rows": 38789,
                                  "Plan Width": 0,
                                  "Actual Startup Time": 8.921,
                                  "Actual Total Time": 8.922,
                                  "Actual Rows": 36136,
                                  "Actual Loops": 1,
                                  "Index Cond": "(company_id = 160)"
                                }
                              ]
                            }
                          ]
                        }
                      ]
                    },
                    {
                      "Node Type": "Index Only Scan",
                      "Parent Relationship": "Inner",
                      "Parallel Aware": false,
                      "Scan Direction": "Forward",
                      "Index Name": "title_pkey",
                      "Relation Name": "title",
                      "Alias": "t",
                      "Startup Cost": 0.43,
                      "Total Cost": 0.84,
                      "Plan Rows": 1,
                      "Plan Width": 4,
                      "Actual Startup Time": 0.006,
                      "Actual Total Time": 0.006,
                      "Actual Rows": 1,
                      "Actual Loops": 16890,
                      "Index Cond": "(id = mi_idx.movie_id)",
                      "Rows Removed by Index Recheck": 0,
                      "Heap Fetches": 16890
                    }
                  ]
                }
              ]
            }
          ]
        }
      ]
    },
    "Planning Time": 1.485,
    "Triggers": [],
    "Execution Time": 148.648
  }
]