[
  {
    "Plan": {
      "Node Type": "Aggregate",
      "Strategy": "Plain",
      "Partial Mode": "Finalize",
      "Parallel Aware": false,
      "Startup Cost": 32684.94,
      "Total Cost": 32684.95,
      "Plan Rows": 1,
      "Plan Width": 8,
      "Actual Startup Time": 99.181,
      "Actual Total Time": 109.135,
      "Actual Rows": 1,
      "Actual Loops": 1,
      "Plans": [
        {
          "Node Type": "Gather",
          "Parent Relationship": "Outer",
          "Parallel Aware": false,
          "Startup Cost": 32684.62,
          "Total Cost": 32684.93,
          "Plan Rows": 3,
          "Plan Width": 8,
          "Actual Startup Time": 99.053,
          "Actual Total Time": 109.127,
          "Actual Rows": 4,
          "Actual Loops": 1,
          "Workers Planned": 3,
          "Workers Launched": 3,
          "Single Copy": false,
          "Plans": [
            {
              "Node Type": "Aggregate",
              "Strategy": "Plain",
              "Partial Mode": "Partial",
              "Parent Relationship": "Outer",
              "Parallel Aware": false,
              "Startup Cost": 31684.62,
              "Total Cost": 31684.63,
              "Plan Rows": 1,
              "Plan Width": 8,
              "Actual Startup Time": 93.249,
              "Actual Total Time": 93.25,
              "Actual Rows": 1,
              "Actual Loops": 4,
              "Plans": [
                {
                  "Node Type": "Seq Scan",
                  "Parent Relationship": "Outer",
                  "Parallel Aware": true,
                  "Relation Name": "movie_companies",
                  "Alias": "mc",
                  "Startup Cost": 0.0,
                  "Total Cost": 31414.82,
                  "Plan Rows": 107921,
                  "Plan Width": 0,
                  "Actual Startup Time": 0.023,
                  "Actual Total Time": 84.877,
                  "Actual Rows": 121797,
                  "Actual Loops": 4,
                  "Filter": "((company_id < 1153) AND (company_type_id = 1))",
                  "Rows Removed by Filter": 530485
                }
              ]
            }
          ]
        }
      ]
    },
    "Planning Time": 0.101,
    "Triggers": [],
    "Execution Time": 109.167
  }
]