[
  {
    "Plan": {
      "Node Type": "Aggregate",
      "Strategy": "Plain",
      "Partial Mode": "Finalize",
      "Parallel Aware": false,
      "Startup Cost": 262148.08,
      "Total Cost": 262148.09,
      "Plan Rows": 1,
      "Plan Width": 8,
      "Actual Startup Time": 614.835,
      "Actual Total Time": 663.241,
      "Actual Rows": 1,
      "Actual Loops": 1,
      "Plans": [
        {
          "Node Type": "Gather",
          "Parent Relationship": "Outer",
          "Parallel Aware": false,
          "Startup Cost": 262147.45,
          "Total Cost": 262148.06,
          "Plan Rows": 6,
          "Plan Width": 8,
          "Actual Startup Time": 614.325,
          "Actual Total Time": 663.228,
          "Actual Rows": 7,
          "Actual Loops": 1,
          "Workers Planned": 6,
          "Workers Launched": 6,
          "Single Copy": false,
          "Plans": [
            {
              "Node Type": "Aggregate",
              "Strategy": "Plain",
              "Partial Mode": "Partial",
              "Parent Relationship": "Outer",
              "Parallel Aware": false,
              "Startup Cost": 261147.45,
              "Total Cost": 261147.46,
              "Plan Rows": 1,
              "Plan Width": 8,
              "Actual Startup Time": 602.871,
              "Actual Total Time": 602.874,
              "Actual Rows": 1,
              "Actual Loops": 7,
              "Plans": [
                {
                  "Node Type": "Nested Loop",
                  "Parent Relationship": "Outer",
                  "Parallel Aware": false,
                  "Join Type": "Inner",
                  "Startup Cost": 45598.59,
                  "Total Cost": 261027.14,
                  "Plan Rows": 48123,
                  "Plan Width": 0,
                  "Actual Startup Time": 130.964,
                  "Actual Total Time": 592.584,
                  "Actual Rows": 205288,
                  "Actual Loops": 7,
                  "Inner Unique": false,
                  "Join Filter": "(t.id = mi.movie_id)",
                  "Rows Removed by Join Filter": 0,
                  "Plans": [
                    {
                      "Node Type": "Hash Join",
                      "Parent Relationship": "Outer",
                      "Parallel Aware": true,
                      "Join Type": "Inner",
                      "Startup Cost": 45598.15,
                      "Total Cost": 244915.89,
                      "Plan Rows": 8230,
                      "Plan Width": 8,
                      "Actual Startup Time": 130.865,
                      "Actual Total Time": 360.534,
                      "Actual Rows": 8449,
                      "Actual Loops": 7,
                      "Inner Unique": true,
                      "Hash Cond": "(ci.movie_id = t.id)",
                      "Plans": [
                        {
                          "Node Type": "Index Scan",
                          "Parent Relationship": "Outer",
                          "Parallel Aware": true,
                          "Scan Direction": "Forward",
                          "Index Name": "role_id_cast_info",
                          "Relation Name": "cast_info",
                          "Alias": "ci",
                          "Startup Cost": 0.56,
                          "Total Cost": 197877.72,
                          "Plan Rows": 548794,
                          "Plan Width": 4,
                          "Actual Startup Time": 55.877,
                          "Actual Total Time": 197.278,
                          "Actual Rows": 751651,
                          "Actual Loops": 7,
                          "Index Cond": "(role_id = 2)",
                          "Rows Removed by Index Recheck": 0,
                          "Filter": "(person_id > 2016065)",
                          "Rows Removed by Filter": 312916
                        },
                        {
                          "Node Type": "Hash",
                          "Parent Relationship": "Inner",
                          "Parallel Aware": true,
                          "Startup Cost": 45479.1,
                          "Total Cost": 45479.1,
                          "Plan Rows": 9479,
                          "Plan Width": 4,
                          "Actual Startup Time": 73.569,
                          "Actual Total Time": 73.57,
                          "Actual Rows": 4741,
                          "Actual Loops": 7,
                          "Hash Buckets": 65536,
                          "Original Hash Buckets": 65536,
                          "Hash Batches": 1,
                          "Original Hash Batches": 1,
                          "Peak Memory Usage": 1888,
                          "Plans": [
                            {
                              "Node Type": "Seq Scan",
                              "Parent Relationship": "Outer",
                              "Parallel Aware": true,
                              "Relation Name": "title",
                              "Alias": "t",
                              "Startup Cost": 0.0,
                              "Total Cost": 45479.1,
                              "Plan Rows": 9479,
                              "Plan Width": 4,
                              "Actual Startup Time": 49.143,
                              "Actual Total Time": 71.68,
                              "Actual Rows": 4741,
                              "Actual Loops": 7,
                              "Filter": "((kind_id = 1) AND (production_year = 2010))",
                              "Rows Removed by Filter": 356446
                            }
                          ]
                        }
                      ]
                    },
                    {
                      "Node Type": "Index Only Scan",
                      "Parent Relationship": "Inner",
                      "Parallel Aware": false,
                      "Scan Direction": "Forward",
                      "Index Name": "movie_id_movie_info",
                      "Relation Name": "movie_info",
                      "Alias": "mi",
                      "Startup Cost": 0.43,
                      "Total Cost": 1.43,
                      "Plan Rows": 42,
                      "Plan Width": 4,
                      "Actual Startup Time": 0.008,
                      "Actual Total Time": 0.025,
                      "Actual Rows": 24,
                      "Actual Loops": 59143,
                      "Index Cond": "(movie_id = ci.movie_id)",
                      "Rows Removed by Index Recheck": 0,
                      "Heap Fetches": 1437014
                    }
                  ]
                }
              ]
            }
          ]
        }
      ]
    },
    "Planning Time": 1.391,
    "Triggers": [],
    "Execution Time": 663.352
  }
]