{
  "Plan": {
    "Node Type": "Aggregate",
    "Strategy": "Plain",
    "Partial Mode": "Finalize",
    "Parallel Aware": false,
    "Startup Cost": 120177.18,
    "Total Cost": 120177.19,
    "Plan Rows": 1,
    "Plan Width": 8,
    "Actual Startup Time": 466.276,
    "Actual Total Time": 480.127,
    "Actual Rows": 1,
    "Actual Loops": 1,
    "Plans": [
      {
        "Node Type": "Gather",
        "Parent Relationship": "Outer",
        "Parallel Aware": false,
        "Startup Cost": 120177.07,
        "Total Cost": 120177.18,
        "Plan Rows": 1,
        "Plan Width": 8,
        "Actual Startup Time": 466.031,
        "Actual Total Time": 480.121,
        "Actual Rows": 2,
        "Actual Loops": 1,
        "Workers Planned": 1,
        "Workers Launched": 1,
        "Single Copy": false,
        "Plans": [
          {
            "Node Type": "Aggregate",
            "Strategy": "Plain",
            "Partial Mode": "Partial",
            "Parent Relationship": "Outer",
            "Parallel Aware": false,
            "Startup Cost": 119177.07,
            "Total Cost": 119177.08,
            "Plan Rows": 1,
            "Plan Width": 8,
            "Actual Startup Time": 460.436,
            "Actual Total Time": 460.439,
            "Actual Rows": 1,
            "Actual Loops": 2,
            "Plans": [
              {
                "Node Type": "Hash Join",
                "Parent Relationship": "Outer",
                "Parallel Aware": true,
                "Join Type": "Inner",
                "Startup Cost": 55216.13,
                "Total Cost": 118982.56,
                "Plan Rows": 77801,
                "Plan Width": 0,
                "Actual Startup Time": 145.074,
                "Actual Total Time": 457.543,
                "Actual Rows": 68254,
                "Actual Loops": 2,
                "Inner Unique": true,
                "Hash Cond": "(mk.movie_id = t.id)",
                "Plans": [
                  {
                    "Node Type": "Seq Scan",
                    "Parent Relationship": "Outer",
                    "Parallel Aware": true,
                    "Relation Name": "movie_keyword",
                    "Alias": "mk",
                    "Startup Cost": 0.0,
                    "Total Cost": 57718.19,
                    "Plan Rows": 2304089,
                    "Plan Width": 4,
                    "Actual Startup Time": 0.013,
                    "Actual Total Time": 189.207,
                    "Actual Rows": 1964189,
                    "Actual Loops": 2,
                    "Filter": "(keyword_id < 30892)",
                    "Rows Removed by Filter": 297776
                  },
                  {
                    "Node Type": "Hash",
                    "Parent Relationship": "Inner",
                    "Parallel Aware": true,
                    "Startup Cost": 54588.39,
                    "Total Cost": 54588.39,
                    "Plan Rows": 50219,
                    "Plan Width": 4,
                    "Actual Startup Time": 142.549,
                    "Actual Total Time": 142.55,
                    "Actual Rows": 42296,
                    "Actual Loops": 2,
                    "Hash Buckets": 131072,
                    "Original Hash Buckets": 131072,
                    "Hash Batches": 1,
                    "Original Hash Batches": 1,
                    "Peak Memory Usage": 4384,
                    "Plans": [
                      {
                        "Node Type": "Seq Scan",
                        "Parent Relationship": "Outer",
                        "Parallel Aware": true,
                        "Relation Name": "title",
                        "Alias": "t",
                        "Startup Cost": 0.0,
                        "Total Cost": 54588.39,
                        "Plan Rows": 50219,
                        "Plan Width": 4,
                        "Actual Startup Time": 0.077,
                        "Actual Total Time": 130.243,
                        "Actual Rows": 42296,
                        "Actual Loops": 2,
                        "Filter": "(production_year = 2004)",
                        "Rows Removed by Filter": 1221860
                      }
                    ]
                  }
                ]
              }
            ]
          }
        ]
      }
    ]
  },
  "Planning Time": 0.473,
  "Triggers": [],
  "Execution Time": 480.195
}