[
  {
    "Plan": {
      "Node Type": "Aggregate",
      "Strategy": "Plain",
      "Partial Mode": "Finalize",
      "Parallel Aware": false,
      "Startup Cost": 31212.11,
      "Total Cost": 31212.12,
      "Plan Rows": 1,
      "Plan Width": 8,
      "Actual Startup Time": 90.035,
      "Actual Total Time": 97.448,
      "Actual Rows": 1,
      "Actual Loops": 1,
      "Plans": [
        {
          "Node Type": "Gather",
          "Parent Relationship": "Outer",
          "Parallel Aware": false,
          "Startup Cost": 31211.79,
          "Total Cost": 31212.1,
          "Plan Rows": 3,
          "Plan Width": 8,
          "Actual Startup Time": 89.728,
          "Actual Total Time": 97.44,
          "Actual Rows": 4,
          "Actual Loops": 1,
          "Workers Planned": 3,
          "Workers Launched": 3,
          "Single Copy": false,
          "Plans": [
            {
              "Node Type": "Aggregate",
              "Strategy": "Plain",
              "Partial Mode": "Partial",
              "Parent Relationship": "Outer",
              "Parallel Aware": false,
              "Startup Cost": 30211.79,
              "Total Cost": 30211.8,
              "Plan Rows": 1,
              "Plan Width": 8,
              "Actual Startup Time": 86.115,
              "Actual Total Time": 86.116,
              "Actual Rows": 1,
              "Actual Loops": 4,
              "Plans": [
                {
                  "Node Type": "Bitmap Heap Scan",
                  "Parent Relationship": "Outer",
                  "Parallel Aware": true,
                  "Relation Name": "movie_keyword",
                  "Alias": "mk",
                  "Startup Cost": 4688.73,
                  "Total Cost": 30033.62,
                  "Plan Rows": 71271,
                  "Plan Width": 0,
                  "Actual Startup Time": 33.657,
                  "Actual Total Time": 82.575,
                  "Actual Rows": 56895,
                  "Actual Loops": 4,
                  "Recheck Cond": "(keyword_id > 63767)",
                  "Rows Removed by Index Recheck": 0,
                  "Exact Heap Blocks": 10723,
                  "Lossy Heap Blocks": 0,
                  "Plans": [
                    {
                      "Node Type": "Bitmap Index Scan",
                      "Parent Relationship": "Outer",
                      "Parallel Aware": false,
                      "Index Name": "keyword_id_movie_keyword",
                      "Startup Cost": 0.0,
                      "Total Cost": 4633.49,
                      "Plan Rows": 220941,
                      "Plan Width": 0,
                      "Actual Startup Time": 31.479,
                      "Actual Total Time": 31.479,
                      "Actual Rows": 227580,
                      "Actual Loops": 1,
                      "Index Cond": "(keyword_id > 63767)"
                    }
                  ]
                }
              ]
            }
          ]
        }
      ]
    },
    "Planning Time": 0.199,
    "Triggers": [],
    "Execution Time": 97.513
  }
]