[
  {
    "Plan": {
      "Node Type": "Aggregate",
      "Strategy": "Plain",
      "Partial Mode": "Finalize",
      "Parallel Aware": false,
      "Startup Cost": 31636.63,
      "Total Cost": 31636.64,
      "Plan Rows": 1,
      "Plan Width": 8,
      "Actual Startup Time": 99.672,
      "Actual Total Time": 106.875,
      "Actual Rows": 1,
      "Actual Loops": 1,
      "Plans": [
        {
          "Node Type": "Gather",
          "Parent Relationship": "Outer",
          "Parallel Aware": false,
          "Startup Cost": 31636.31,
          "Total Cost": 31636.62,
          "Plan Rows": 3,
          "Plan Width": 8,
          "Actual Startup Time": 99.364,
          "Actual Total Time": 106.867,
          "Actual Rows": 4,
          "Actual Loops": 1,
          "Workers Planned": 3,
          "Workers Launched": 3,
          "Single Copy": false,
          "Plans": [
            {
              "Node Type": "Aggregate",
              "Strategy": "Plain",
              "Partial Mode": "Partial",
              "Parent Relationship": "Outer",
              "Parallel Aware": false,
              "Startup Cost": 30636.31,
              "Total Cost": 30636.32,
              "Plan Rows": 1,
              "Plan Width": 8,
              "Actual Startup Time": 92.736,
              "Actual Total Time": 92.738,
              "Actual Rows": 1,
              "Actual Loops": 4,
              "Plans": [
                {
                  "Node Type": "Bitmap Heap Scan",
                  "Parent Relationship": "Outer",
                  "Parallel Aware": true,
                  "Relation Name": "movie_keyword",
                  "Alias": "mk",
                  "Startup Cost": 5034.63,
                  "Total Cost": 30445.03,
                  "Plan Rows": 76512,
                  "Plan Width": 0,
                  "Actual Startup Time": 32.104,
                  "Actual Total Time": 88.854,
                  "Actual Rows": 56895,
                  "Actual Loops": 4,
                  "Recheck Cond": "(keyword_id > 63767)",
                  "Rows Removed by Index Recheck": 0,
                  "Exact Heap Blocks": 10749,
                  "Lossy Heap Blocks": 0,
                  "Plans": [
                    {
                      "Node Type": "Bitmap Index Scan",
                      "Parent Relationship": "Outer",
                      "Parallel Aware": false,
                      "Index Name": "keyword_id_movie_keyword",
                      "Startup Cost": 0.0,
                      "Total Cost": 4975.34,
                      "Plan Rows": 237187,
                      "Plan Width": 0,
                      "Actual Startup Time": 33.772,
                      "Actual Total Time": 33.772,
                      "Actual Rows": 227580,
                      "Actual Loops": 1,
                      "Index Cond": "(keyword_id > 63767)"
                    }
                  ]
                }
              ]
            }
          ]
        }
      ]
    },
    "Planning Time": 0.235,
    "Triggers": [],
    "Execution Time": 106.956
  }
]