[
  {
    "Plan": {
      "Node Type": "Aggregate",
      "Strategy": "Plain",
      "Partial Mode": "Finalize",
      "Parallel Aware": false,
      "Startup Cost": 45303.95,
      "Total Cost": 45303.96,
      "Plan Rows": 1,
      "Plan Width": 8,
      "Actual Startup Time": 131.729,
      "Actual Total Time": 142.873,
      "Actual Rows": 1,
      "Actual Loops": 1,
      "Plans": [
        {
          "Node Type": "Gather",
          "Parent Relationship": "Outer",
          "Parallel Aware": false,
          "Startup Cost": 45303.63,
          "Total Cost": 45303.94,
          "Plan Rows": 3,
          "Plan Width": 8,
          "Actual Startup Time": 131.562,
          "Actual Total Time": 142.864,
          "Actual Rows": 4,
          "Actual Loops": 1,
          "Workers Planned": 3,
          "Workers Launched": 3,
          "Single Copy": false,
          "Plans": [
            {
              "Node Type": "Aggregate",
              "Strategy": "Plain",
              "Partial Mode": "Partial",
              "Parent Relationship": "Outer",
              "Parallel Aware": false,
              "Startup Cost": 44303.63,
              "Total Cost": 44303.64,
              "Plan Rows": 1,
              "Plan Width": 8,
              "Actual Startup Time": 127.631,
              "Actual Total Time": 127.632,
              "Actual Rows": 1,
              "Actual Loops": 4,
              "Plans": [
                {
                  "Node Type": "Seq Scan",
                  "Parent Relationship": "Outer",
                  "Parallel Aware": true,
                  "Relation Name": "movie_keyword",
                  "Alias": "mk",
                  "Startup Cost": 0.0,
                  "Total Cost": 42695.65,
                  "Plan Rows": 643190,
                  "Plan Width": 0,
                  "Actual Startup Time": 0.039,
                  "Actual Total Time": 105.185,
                  "Actual Rows": 500346,
                  "Actual Loops": 4,
                  "Filter": "(keyword_id < 3545)",
                  "Rows Removed by Filter": 630637
                }
              ]
            }
          ]
        }
      ]
    },
    "Planning Time": 0.241,
    "Triggers": [],
    "Execution Time": 142.928
  }
]