[
  {
    "Plan": {
      "Node Type": "Aggregate",
      "Strategy": "Plain",
      "Partial Mode": "Finalize",
      "Parallel Aware": false,
      "Startup Cost": 347710.35,
      "Total Cost": 347710.36,
      "Plan Rows": 1,
      "Plan Width": 8,
      "Actual Startup Time": 627.901,
      "Actual Total Time": 666.859,
      "Actual Rows": 1,
      "Actual Loops": 1,
      "Plans": [
        {
          "Node Type": "Gather",
          "Parent Relationship": "Outer",
          "Parallel Aware": false,
          "Startup Cost": 347709.73,
          "Total Cost": 347710.34,
          "Plan Rows": 6,
          "Plan Width": 8,
          "Actual Startup Time": 627.773,
          "Actual Total Time": 666.85,
          "Actual Rows": 7,
          "Actual Loops": 1,
          "Workers Planned": 6,
          "Workers Launched": 6,
          "Single Copy": false,
          "Plans": [
            {
              "Node Type": "Aggregate",
              "Strategy": "Plain",
              "Partial Mode": "Partial",
              "Parent Relationship": "Outer",
              "Parallel Aware": false,
              "Startup Cost": 346709.73,
              "Total Cost": 346709.74,
              "Plan Rows": 1,
              "Plan Width": 8,
              "Actual Startup Time": 619.261,
              "Actual Total Time": 619.263,
              "Actual Rows": 1,
              "Actual Loops": 7,
              "Plans": [
                {
                  "Node Type": "Seq Scan",
                  "Parent Relationship": "Outer",
                  "Parallel Aware": true,
                  "Relation Name": "cast_info",
                  "Alias": "ci",
                  "Startup Cost": 0.0,
                  "Total Cost": 343316.27,
                  "Plan Rows": 1357382,
                  "Plan Width": 0,
                  "Actual Startup Time": 223.755,
                  "Actual Total Time": 594.039,
                  "Actual Rows": 501339,
                  "Actual Loops": 7,
                  "Filter": "((person_id < 1248202) AND (role_id > 1))",
                  "Rows Removed by Filter": 4676424
                }
              ]
            }
          ]
        }
      ]
    },
    "Planning Time": 0.23,
    "Triggers": [],
    "Execution Time": 666.926
  }
]