{
    "Plan": {
        "Node Type": "Aggregate",
        "Strategy": "Plain",
        "Partial Mode": "Finalize",
        "Parallel Aware": false,
        "Startup Cost": 79580.02,
        "Total Cost": 79580.03,
        "Plan Rows": 1,
        "Plan Width": 8,
        "Actual Startup Time": 423.521,
        "Actual Total Time": 440.482,
        "Actual Rows": 1,
        "Actual Loops": 1,
        "Output": [
            "count(*)"
        ],
        "Plans": [
            {
                "Node Type": "Gather",
                "Parent Relationship": "Outer",
                "Parallel Aware": false,
                "Startup Cost": 79579.7,
                "Total Cost": 79580.01,
                "Plan Rows": 3,
                "Plan Width": 8,
                "Actual Startup Time": 419.532,
                "Actual Total Time": 440.458,
                "Actual Rows": 4,
                "Actual Loops": 1,
                "Output": [
                    "(PARTIAL count(*))"
                ],
                "Workers Planned": 3,
                "Workers Launched": 3,
                "Single Copy": false,
                "Plans": [
                    {
                        "Node Type": "Aggregate",
                        "Strategy": "Plain",
                        "Partial Mode": "Partial",
                        "Parent Relationship": "Outer",
                        "Parallel Aware": false,
                        "Startup Cost": 78579.7,
                        "Total Cost": 78579.71,
                        "Plan Rows": 1,
                        "Plan Width": 8,
                        "Actual Startup Time": 410.45,
                        "Actual Total Time": 410.454,
                        "Actual Rows": 1,
                        "Actual Loops": 4,
                        "Output": [
                            "PARTIAL count(*)"
                        ],
                        "Workers": [
                            {
                                "Worker Number": 0,
                                "Actual Startup Time": 407.677,
                                "Actual Total Time": 407.681,
                                "Actual Rows": 1,
                                "Actual Loops": 1
                            },
                            {
                                "Worker Number": 1,
                                "Actual Startup Time": 407.695,
                                "Actual Total Time": 407.699,
                                "Actual Rows": 1,
                                "Actual Loops": 1
                            },
                            {
                                "Worker Number": 2,
                                "Actual Startup Time": 407.738,
                                "Actual Total Time": 407.742,
                                "Actual Rows": 1,
                                "Actual Loops": 1
                            }
                        ],
                        "Plans": [
                            {
                                "Node Type": "Hash Join",
                                "Parent Relationship": "Outer",
                                "Parallel Aware": true,
                                "Join Type": "Inner",
                                "Startup Cost": 47458.96,
                                "Total Cost": 78230.97,
                                "Plan Rows": 139491,
                                "Plan Width": 0,
                                "Actual Startup Time": 200.56,
                                "Actual Total Time": 396.973,
                                "Actual Rows": 264733,
                                "Actual Loops": 4,
                                "Inner Unique": true,
                                "Hash Cond": "(mc.movie_id = t.id)",
                                "Workers": [
                                    {
                                        "Worker Number": 0,
                                        "Actual Startup Time": 197.426,
                                        "Actual Total Time": 393.396,
                                        "Actual Rows": 217681,
                                        "Actual Loops": 1
                                    },
                                    {
                                        "Worker Number": 1,
                                        "Actual Startup Time": 197.93,
                                        "Actual Total Time": 395.745,
                                        "Actual Rows": 289952,
                                        "Actual Loops": 1
                                    },
                                    {
                                        "Worker Number": 2,
                                        "Actual Startup Time": 197.984,
                                        "Actual Total Time": 394.252,
                                        "Actual Rows": 213133,
                                        "Actual Loops": 1
                                    }
                                ],
                                "Plans": [
                                    {
                                        "Node Type": "Seq Scan",
                                        "Parent Relationship": "Outer",
                                        "Parallel Aware": true,
                                        "Relation Name": "movie_companies",
                                        "Schema": "public",
                                        "Alias": "mc",
                                        "Startup Cost": 0.0,
                                        "Total Cost": 29310.68,
                                        "Plan Rows": 556698,
                                        "Plan Width": 4,
                                        "Actual Startup Time": 1.026,
                                        "Actual Total Time": 85.534,
                                        "Actual Rows": 432318,
                                        "Actual Loops": 4,
                                        "Output": [
                                            "mc.id",
                                            "mc.movie_id",
                                            "mc.company_id",
                                            "mc.company_type_id",
                                            "mc.note"
                                        ],
                                        "Filter": "(mc.company_id > 2609)",
                                        "Rows Removed by Filter": 219965,
                                        "Workers": [
                                            {
                                                "Worker Number": 0,
                                                "Actual Startup Time": 1.033,
                                                "Actual Total Time": 90.992,
                                                "Actual Rows": 356622,
                                                "Actual Loops": 1
                                            },
                                            {
                                                "Worker Number": 1,
                                                "Actual Startup Time": 1.029,
                                                "Actual Total Time": 83.353,
                                                "Actual Rows": 471099,
                                                "Actual Loops": 1
                                            },
                                            {
                                                "Worker Number": 2,
                                                "Actual Startup Time": 1.038,
                                                "Actual Total Time": 88.998,
                                                "Actual Rows": 347171,
                                                "Actual Loops": 1
                                            }
                                        ]
                                    },
                                    {
                                        "Node Type": "Hash",
                                        "Parent Relationship": "Inner",
                                        "Parallel Aware": true,
                                        "Startup Cost": 45479.21,
                                        "Total Cost": 45479.21,
                                        "Plan Rows": 158380,
                                        "Plan Width": 4,
                                        "Actual Startup Time": 179.539,
                                        "Actual Total Time": 179.54,
                                        "Actual Rows": 158572,
                                        "Actual Loops": 4,
                                        "Output": [
                                            "t.id"
                                        ],
                                        "Hash Buckets": 1048576,
                                        "Original Hash Buckets": 1048576,
                                        "Hash Batches": 1,
                                        "Original Hash Batches": 1,
                                        "Peak Memory Usage": 33120,
                                        "Workers": [
                                            {
                                                "Worker Number": 0,
                                                "Actual Startup Time": 181.0,
                                                "Actual Total Time": 181.002,
                                                "Actual Rows": 130105,
                                                "Actual Loops": 1
                                            },
                                            {
                                                "Worker Number": 1,
                                                "Actual Startup Time": 181.468,
                                                "Actual Total Time": 181.469,
                                                "Actual Rows": 171010,
                                                "Actual Loops": 1
                                            },
                                            {
                                                "Worker Number": 2,
                                                "Actual Startup Time": 181.503,
                                                "Actual Total Time": 181.505,
                                                "Actual Rows": 124377,
                                                "Actual Loops": 1
                                            }
                                        ],
                                        "Plans": [
                                            {
                                                "Node Type": "Seq Scan",
                                                "Parent Relationship": "Outer",
                                                "Parallel Aware": true,
                                                "Relation Name": "title",
                                                "Schema": "public",
                                                "Alias": "t",
                                                "Startup Cost": 0.0,
                                                "Total Cost": 45479.21,
                                                "Plan Rows": 158380,
                                                "Plan Width": 4,
                                                "Actual Startup Time": 52.902,
                                                "Actual Total Time": 119.46,
                                                "Actual Rows": 158572,
                                                "Actual Loops": 4,
                                                "Output": [
                                                    "t.id"
                                                ],
                                                "Filter": "((t.production_year < 2013) AND (t.kind_id = 1))",
                                                "Rows Removed by Filter": 473506,
                                                "Workers": [
                                                    {
                                                        "Worker Number": 0,
                                                        "Actual Startup Time": 67.633,
                                                        "Actual Total Time": 121.593,
                                                        "Actual Rows": 130105,
                                                        "Actual Loops": 1
                                                    },
                                                    {
                                                        "Worker Number": 1,
                                                        "Actual Startup Time": 67.65,
                                                        "Actual Total Time": 119.228,
                                                        "Actual Rows": 171010,
                                                        "Actual Loops": 1
                                                    },
                                                    {
                                                        "Worker Number": 2,
                                                        "Actual Startup Time": 67.716,
                                                        "Actual Total Time": 121.406,
                                                        "Actual Rows": 124377,
                                                        "Actual Loops": 1
                                                    }
                                                ]
                                            }
                                        ]
                                    }
                                ]
                            }
                        ]
                    }
                ]
            }
        ]
    },
    "Planning Time": 0.777,
    "Triggers": [],
    "Execution Time": 440.556
}