[
    {
        "Bao": {
            "Bao prediction": "NaN",
            "Bao recommended hint": "(no hint)"
        }
    },
    {
        "Plan": {
            "Node Type": "Aggregate",
            "Strategy": "Plain",
            "Partial Mode": "Finalize",
            "Parallel Aware": false,
            "Startup Cost": 332896.55,
            "Total Cost": 332896.56,
            "Plan Rows": 1,
            "Plan Width": 8,
            "Actual Startup Time": 699.909,
            "Actual Total Time": 729.165,
            "Actual Rows": 1,
            "Actual Loops": 1,
            "Output": [
                "count(*)"
            ],
            "Plans": [
                {
                    "Node Type": "Gather",
                    "Parent Relationship": "Outer",
                    "Parallel Aware": false,
                    "Startup Cost": 332895.93,
                    "Total Cost": 332896.54,
                    "Plan Rows": 6,
                    "Plan Width": 8,
                    "Actual Startup Time": 699.76,
                    "Actual Total Time": 729.144,
                    "Actual Rows": 7,
                    "Actual Loops": 1,
                    "Output": [
                        "(PARTIAL count(*))"
                    ],
                    "Workers Planned": 6,
                    "Workers Launched": 6,
                    "Single Copy": false,
                    "Plans": [
                        {
                            "Node Type": "Aggregate",
                            "Strategy": "Plain",
                            "Partial Mode": "Partial",
                            "Parent Relationship": "Outer",
                            "Parallel Aware": false,
                            "Startup Cost": 331895.93,
                            "Total Cost": 331895.94,
                            "Plan Rows": 1,
                            "Plan Width": 8,
                            "Actual Startup Time": 688.838,
                            "Actual Total Time": 688.84,
                            "Actual Rows": 1,
                            "Actual Loops": 7,
                            "Output": [
                                "PARTIAL count(*)"
                            ],
                            "Workers": [
                                {
                                    "Worker Number": 0,
                                    "Actual Startup Time": 686.751,
                                    "Actual Total Time": 686.752,
                                    "Actual Rows": 1,
                                    "Actual Loops": 1
                                },
                                {
                                    "Worker Number": 1,
                                    "Actual Startup Time": 685.957,
                                    "Actual Total Time": 685.958,
                                    "Actual Rows": 1,
                                    "Actual Loops": 1
                                },
                                {
                                    "Worker Number": 2,
                                    "Actual Startup Time": 687.296,
                                    "Actual Total Time": 687.297,
                                    "Actual Rows": 1,
                                    "Actual Loops": 1
                                },
                                {
                                    "Worker Number": 3,
                                    "Actual Startup Time": 687.122,
                                    "Actual Total Time": 687.123,
                                    "Actual Rows": 1,
                                    "Actual Loops": 1
                                },
                                {
                                    "Worker Number": 4,
                                    "Actual Startup Time": 687.375,
                                    "Actual Total Time": 687.377,
                                    "Actual Rows": 1,
                                    "Actual Loops": 1
                                },
                                {
                                    "Worker Number": 5,
                                    "Actual Startup Time": 688.031,
                                    "Actual Total Time": 688.032,
                                    "Actual Rows": 1,
                                    "Actual Loops": 1
                                }
                            ],
                            "Plans": [
                                {
                                    "Node Type": "Seq Scan",
                                    "Parent Relationship": "Outer",
                                    "Parallel Aware": true,
                                    "Relation Name": "cast_info",
                                    "Schema": "public",
                                    "Alias": "ci",
                                    "Startup Cost": 0.0,
                                    "Total Cost": 328213.62,
                                    "Plan Rows": 1472925,
                                    "Plan Width": 0,
                                    "Actual Startup Time": 341.509,
                                    "Actual Total Time": 619.436,
                                    "Actual Rows": 1258279,
                                    "Actual Loops": 7,
                                    "Output": [
                                        "id",
                                        "person_id",
                                        "movie_id",
                                        "person_role_id",
                                        "note",
                                        "nr_order",
                                        "role_id"
                                    ],
                                    "Filter": "(ci.person_id > 2811042)",
                                    "Rows Removed by Filter": 3919484,
                                    "Workers": [
                                        {
                                            "Worker Number": 0,
                                            "Actual Startup Time": 339.385,
                                            "Actual Total Time": 618.687,
                                            "Actual Rows": 1018907,
                                            "Actual Loops": 1
                                        },
                                        {
                                            "Worker Number": 1,
                                            "Actual Startup Time": 338.636,
                                            "Actual Total Time": 617.624,
                                            "Actual Rows": 1021108,
                                            "Actual Loops": 1
                                        },
                                        {
                                            "Worker Number": 2,
                                            "Actual Startup Time": 339.977,
                                            "Actual Total Time": 619.856,
                                            "Actual Rows": 1008804,
                                            "Actual Loops": 1
                                        },
                                        {
                                            "Worker Number": 3,
                                            "Actual Startup Time": 339.793,
                                            "Actual Total Time": 619.61,
                                            "Actual Rows": 1010463,
                                            "Actual Loops": 1
                                        },
                                        {
                                            "Worker Number": 4,
                                            "Actual Startup Time": 340.053,
                                            "Actual Total Time": 620.745,
                                            "Actual Rows": 1576002,
                                            "Actual Loops": 1
                                        },
                                        {
                                            "Worker Number": 5,
                                            "Actual Startup Time": 340.724,
                                            "Actual Total Time": 620.456,
                                            "Actual Rows": 1011086,
                                            "Actual Loops": 1
                                        }
                                    ]
                                }
                            ]
                        }
                    ]
                }
            ]
        },
        "Planning Time": 179.721,
        "Triggers": [],
        "Execution Time": 729.229
    }
]