[
  {
    "Plan": {
      "Node Type": "Aggregate",
      "Strategy": "Plain",
      "Partial Mode": "Finalize",
      "Parallel Aware": false,
      "Startup Cost": 24453.41,
      "Total Cost": 24453.42,
      "Plan Rows": 1,
      "Plan Width": 8,
      "Actual Startup Time": 35.932,
      "Actual Total Time": 41.743,
      "Actual Rows": 1,
      "Actual Loops": 1,
      "Plans": [
        {
          "Node Type": "Gather",
          "Parent Relationship": "Outer",
          "Parallel Aware": false,
          "Startup Cost": 24453.2,
          "Total Cost": 24453.41,
          "Plan Rows": 2,
          "Plan Width": 8,
          "Actual Startup Time": 35.728,
          "Actual Total Time": 41.737,
          "Actual Rows": 3,
          "Actual Loops": 1,
          "Workers Planned": 2,
          "Workers Launched": 2,
          "Single Copy": false,
          "Plans": [
            {
              "Node Type": "Aggregate",
              "Strategy": "Plain",
              "Partial Mode": "Partial",
              "Parent Relationship": "Outer",
              "Parallel Aware": false,
              "Startup Cost": 23453.2,
              "Total Cost": 23453.21,
              "Plan Rows": 1,
              "Plan Width": 8,
              "Actual Startup Time": 31.612,
              "Actual Total Time": 31.613,
              "Actual Rows": 1,
              "Actual Loops": 3,
              "Plans": [
                {
                  "Node Type": "Nested Loop",
                  "Parent Relationship": "Outer",
                  "Parallel Aware": false,
                  "Join Type": "Inner",
                  "Startup Cost": 88.42,
                  "Total Cost": 23452.09,
                  "Plan Rows": 445,
                  "Plan Width": 0,
                  "Actual Startup Time": 11.177,
                  "Actual Total Time": 31.441,
                  "Actual Rows": 1091,
                  "Actual Loops": 3,
                  "Inner Unique": true,
                  "Plans": [
                    {
                      "Node Type": "Bitmap Heap Scan",
                      "Parent Relationship": "Outer",
                      "Parallel Aware": true,
                      "Relation Name": "movie_keyword",
                      "Alias": "mk",
                      "Startup Cost": 87.99,
                      "Total Cost": 10726.09,
                      "Plan Rows": 1697,
                      "Plan Width": 4,
                      "Actual Startup Time": 1.706,
                      "Actual Total Time": 9.725,
                      "Actual Rows": 1637,
                      "Actual Loops": 3,
                      "Recheck Cond": "(keyword_id = 1116)",
                      "Rows Removed by Index Recheck": 0,
                      "Exact Heap Blocks": 2825,
                      "Lossy Heap Blocks": 0,
                      "Plans": [
                        {
                          "Node Type": "Bitmap Index Scan",
                          "Parent Relationship": "Outer",
                          "Parallel Aware": false,
                          "Index Name": "keyword_id_movie_keyword",
                          "Startup Cost": 0.0,
                          "Total Cost": 86.97,
                          "Plan Rows": 4072,
                          "Plan Width": 0,
                          "Actual Startup Time": 3.573,
                          "Actual Total Time": 3.574,
                          "Actual Rows": 4910,
                          "Actual Loops": 1,
                          "Index Cond": "(keyword_id = 1116)"
                        }
                      ]
                    },
                    {
                      "Node Type": "Index Scan",
                      "Parent Relationship": "Inner",
                      "Parallel Aware": false,
                      "Scan Direction": "Forward",
                      "Index Name": "title_pkey",
                      "Relation Name": "title",
                      "Alias": "t",
                      "Startup Cost": 0.43,
                      "Total Cost": 7.5,
                      "Plan Rows": 1,
                      "Plan Width": 4,
                      "Actual Startup Time": 0.013,
                      "Actual Total Time": 0.013,
                      "Actual Rows": 1,
                      "Actual Loops": 4910,
                      "Index Cond": "(id = mk.movie_id)",
                      "Rows Removed by Index Recheck": 0,
                      "Filter": "(kind_id = 1)",
                      "Rows Removed by Filter": 0
                    }
                  ]
                }
              ]
            }
          ]
        }
      ]
    },
    "Planning Time": 0.38,
    "Triggers": [],
    "Execution Time": 41.797
  }
]