[
    {
        "Bao": {
            "Bao prediction": "NaN",
            "Bao recommended hint": "(no hint)"
        }
    },
    {
        "Plan": {
            "Node Type": "Aggregate",
            "Strategy": "Plain",
            "Partial Mode": "Finalize",
            "Parallel Aware": false,
            "Startup Cost": 80656.67,
            "Total Cost": 80656.68,
            "Plan Rows": 1,
            "Plan Width": 8,
            "Actual Startup Time": 235.788,
            "Actual Total Time": 244.706,
            "Actual Rows": 1,
            "Actual Loops": 1,
            "Output": [
                "count(*)"
            ],
            "Plans": [
                {
                    "Node Type": "Gather",
                    "Parent Relationship": "Outer",
                    "Parallel Aware": false,
                    "Startup Cost": 80656.35,
                    "Total Cost": 80656.66,
                    "Plan Rows": 3,
                    "Plan Width": 8,
                    "Actual Startup Time": 233.424,
                    "Actual Total Time": 244.698,
                    "Actual Rows": 4,
                    "Actual Loops": 1,
                    "Output": [
                        "(PARTIAL count(*))"
                    ],
                    "Workers Planned": 3,
                    "Workers Launched": 3,
                    "Single Copy": false,
                    "Plans": [
                        {
                            "Node Type": "Aggregate",
                            "Strategy": "Plain",
                            "Partial Mode": "Partial",
                            "Parent Relationship": "Outer",
                            "Parallel Aware": false,
                            "Startup Cost": 79656.35,
                            "Total Cost": 79656.36,
                            "Plan Rows": 1,
                            "Plan Width": 8,
                            "Actual Startup Time": 225.11,
                            "Actual Total Time": 225.114,
                            "Actual Rows": 1,
                            "Actual Loops": 4,
                            "Output": [
                                "PARTIAL count(*)"
                            ],
                            "Workers": [
                                {
                                    "Worker Number": 0,
                                    "Actual Startup Time": 222.376,
                                    "Actual Total Time": 222.38,
                                    "Actual Rows": 1,
                                    "Actual Loops": 1
                                },
                                {
                                    "Worker Number": 1,
                                    "Actual Startup Time": 222.324,
                                    "Actual Total Time": 222.327,
                                    "Actual Rows": 1,
                                    "Actual Loops": 1
                                },
                                {
                                    "Worker Number": 2,
                                    "Actual Startup Time": 222.588,
                                    "Actual Total Time": 222.592,
                                    "Actual Rows": 1,
                                    "Actual Loops": 1
                                }
                            ],
                            "Plans": [
                                {
                                    "Node Type": "Hash Join",
                                    "Parent Relationship": "Outer",
                                    "Parallel Aware": true,
                                    "Join Type": "Inner",
                                    "Startup Cost": 53420.6,
                                    "Total Cost": 79581.44,
                                    "Plan Rows": 29965,
                                    "Plan Width": 0,
                                    "Actual Startup Time": 165.22,
                                    "Actual Total Time": 221.606,
                                    "Actual Rows": 63022,
                                    "Actual Loops": 4,
                                    "Inner Unique": true,
                                    "Hash Cond": "(mk.movie_id = t.id)",
                                    "Workers": [
                                        {
                                            "Worker Number": 0,
                                            "Actual Startup Time": 162.145,
                                            "Actual Total Time": 218.83,
                                            "Actual Rows": 43897,
                                            "Actual Loops": 1
                                        },
                                        {
                                            "Worker Number": 1,
                                            "Actual Startup Time": 162.557,
                                            "Actual Total Time": 218.982,
                                            "Actual Rows": 60345,
                                            "Actual Loops": 1
                                        },
                                        {
                                            "Worker Number": 2,
                                            "Actual Startup Time": 162.805,
                                            "Actual Total Time": 219.188,
                                            "Actual Rows": 60862,
                                            "Actual Loops": 1
                                        }
                                    ],
                                    "Plans": [
                                        {
                                            "Node Type": "Bitmap Heap Scan",
                                            "Parent Relationship": "Outer",
                                            "Parallel Aware": true,
                                            "Relation Name": "movie_keyword",
                                            "Schema": "public",
                                            "Alias": "mk",
                                            "Startup Cost": 7423.62,
                                            "Total Cost": 33288.23,
                                            "Plan Rows": 112849,
                                            "Plan Width": 4,
                                            "Actual Startup Time": 24.641,
                                            "Actual Total Time": 65.508,
                                            "Actual Rows": 86882,
                                            "Actual Loops": 4,
                                            "Output": [
                                                "mk.id",
                                                "mk.movie_id",
                                                "mk.keyword_id"
                                            ],
                                            "Recheck Cond": "(mk.keyword_id > 47885)",
                                            "Rows Removed by Index Recheck": 0,
                                            "Exact Heap Blocks": 7967,
                                            "Lossy Heap Blocks": 0,
                                            "Workers": [
                                                {
                                                    "Worker Number": 0,
                                                    "Actual Startup Time": 24.653,
                                                    "Actual Total Time": 67.614,
                                                    "Actual Rows": 60675,
                                                    "Actual Loops": 1
                                                },
                                                {
                                                    "Worker Number": 1,
                                                    "Actual Startup Time": 24.732,
                                                    "Actual Total Time": 66.731,
                                                    "Actual Rows": 81212,
                                                    "Actual Loops": 1
                                                },
                                                {
                                                    "Worker Number": 2,
                                                    "Actual Startup Time": 24.689,
                                                    "Actual Total Time": 66.579,
                                                    "Actual Rows": 81510,
                                                    "Actual Loops": 1
                                                }
                                            ],
                                            "Plans": [
                                                {
                                                    "Node Type": "Bitmap Index Scan",
                                                    "Parent Relationship": "Outer",
                                                    "Parallel Aware": false,
                                                    "Index Name": "keyword_id_movie_keyword",
                                                    "Startup Cost": 0.0,
                                                    "Total Cost": 7336.16,
                                                    "Plan Rows": 349831,
                                                    "Plan Width": 0,
                                                    "Actual Startup Time": 21.121,
                                                    "Actual Total Time": 21.122,
                                                    "Actual Rows": 347526,
                                                    "Actual Loops": 1,
                                                    "Index Cond": "(mk.keyword_id > 47885)"
                                                }
                                            ]
                                        },
                                        {
                                            "Node Type": "Hash",
                                            "Parent Relationship": "Inner",
                                            "Parallel Aware": true,
                                            "Startup Cost": 43899.01,
                                            "Total Cost": 43899.01,
                                            "Plan Rows": 167838,
                                            "Plan Width": 4,
                                            "Actual Startup Time": 128.644,
                                            "Actual Total Time": 128.645,
                                            "Actual Rows": 165706,
                                            "Actual Loops": 4,
                                            "Output": [
                                                "t.id"
                                            ],
                                            "Hash Buckets": 1048576,
                                            "Original Hash Buckets": 1048576,
                                            "Hash Batches": 1,
                                            "Original Hash Batches": 1,
                                            "Peak Memory Usage": 34144,
                                            "Workers": [
                                                {
                                                    "Worker Number": 0,
                                                    "Actual Startup Time": 127.779,
                                                    "Actual Total Time": 127.78,
                                                    "Actual Rows": 117537,
                                                    "Actual Loops": 1
                                                },
                                                {
                                                    "Worker Number": 1,
                                                    "Actual Startup Time": 128.218,
                                                    "Actual Total Time": 128.219,
                                                    "Actual Rows": 174900,
                                                    "Actual Loops": 1
                                                },
                                                {
                                                    "Worker Number": 2,
                                                    "Actual Startup Time": 128.471,
                                                    "Actual Total Time": 128.472,
                                                    "Actual Rows": 174987,
                                                    "Actual Loops": 1
                                                }
                                            ],
                                            "Plans": [
                                                {
                                                    "Node Type": "Seq Scan",
                                                    "Parent Relationship": "Outer",
                                                    "Parallel Aware": true,
                                                    "Relation Name": "title",
                                                    "Schema": "public",
                                                    "Alias": "t",
                                                    "Startup Cost": 0.0,
                                                    "Total Cost": 43899.01,
                                                    "Plan Rows": 167838,
                                                    "Plan Width": 4,
                                                    "Actual Startup Time": 36.627,
                                                    "Actual Total Time": 86.503,
                                                    "Actual Rows": 165706,
                                                    "Actual Loops": 4,
                                                    "Output": [
                                                        "t.id"
                                                    ],
                                                    "Filter": "(t.kind_id = 1)",
                                                    "Rows Removed by Filter": 466372,
                                                    "Workers": [
                                                        {
                                                            "Worker Number": 0,
                                                            "Actual Startup Time": 46.464,
                                                            "Actual Total Time": 87.443,
                                                            "Actual Rows": 117537,
                                                            "Actual Loops": 1
                                                        },
                                                        {
                                                            "Worker Number": 1,
                                                            "Actual Startup Time": 46.886,
                                                            "Actual Total Time": 86.473,
                                                            "Actual Rows": 174900,
                                                            "Actual Loops": 1
                                                        },
                                                        {
                                                            "Worker Number": 2,
                                                            "Actual Startup Time": 47.346,
                                                            "Actual Total Time": 86.603,
                                                            "Actual Rows": 174987,
                                                            "Actual Loops": 1
                                                        }
                                                    ]
                                                }
                                            ]
                                        }
                                    ]
                                }
                            ]
                        }
                    ]
                }
            ]
        },
        "Planning Time": 202.2,
        "Triggers": [],
        "Execution Time": 244.767
    }
]