[
  {
    "Plan": {
      "Node Type": "Aggregate",
      "Strategy": "Plain",
      "Partial Mode": "Simple",
      "Parallel Aware": false,
      "Startup Cost": 20985.54,
      "Total Cost": 20985.55,
      "Plan Rows": 1,
      "Plan Width": 8,
      "Actual Startup Time": 34.149,
      "Actual Total Time": 34.151,
      "Actual Rows": 1,
      "Actual Loops": 1,
      "Plans": [
        {
          "Node Type": "Bitmap Heap Scan",
          "Parent Relationship": "Outer",
          "Parallel Aware": false,
          "Relation Name": "movie_companies",
          "Alias": "mc",
          "Startup Cost": 1251.15,
          "Total Cost": 20911.86,
          "Plan Rows": 29472,
          "Plan Width": 0,
          "Actual Startup Time": 8.068,
          "Actual Total Time": 28.836,
          "Actual Rows": 55553,
          "Actual Loops": 1,
          "Recheck Cond": "(company_id > 187134)",
          "Rows Removed by Index Recheck": 0,
          "Filter": "(company_type_id > 1)",
          "Rows Removed by Filter": 0,
          "Exact Heap Blocks": 2029,
          "Lossy Heap Blocks": 0,
          "Plans": [
            {
              "Node Type": "Bitmap Index Scan",
              "Parent Relationship": "Outer",
              "Parallel Aware": false,
              "Index Name": "company_id_movie_companies",
              "Startup Cost": 0.0,
              "Total Cost": 1243.78,
              "Plan Rows": 58047,
              "Plan Width": 0,
              "Actual Startup Time": 7.195,
              "Actual Total Time": 7.196,
              "Actual Rows": 55553,
              "Actual Loops": 1,
              "Index Cond": "(company_id > 187134)"
            }
          ]
        }
      ]
    },
    "Planning Time": 0.208,
    "Triggers": [],
    "Execution Time": 34.211
  }
]