[
    {
        "Bao": {
            "Bao prediction": "NaN",
            "Bao recommended hint": "(no hint)"
        }
    },
    {
        "Plan": {
            "Node Type": "Aggregate",
            "Strategy": "Plain",
            "Partial Mode": "Simple",
            "Parallel Aware": false,
            "Startup Cost": 28496.83,
            "Total Cost": 28496.84,
            "Plan Rows": 1,
            "Plan Width": 8,
            "Actual Startup Time": 47.487,
            "Actual Total Time": 47.488,
            "Actual Rows": 1,
            "Actual Loops": 1,
            "Output": [
                "count(*)"
            ],
            "Plans": [
                {
                    "Node Type": "Bitmap Heap Scan",
                    "Parent Relationship": "Outer",
                    "Parallel Aware": false,
                    "Relation Name": "movie_keyword",
                    "Schema": "public",
                    "Alias": "mk",
                    "Startup Cost": 2369.16,
                    "Total Cost": 28217.89,
                    "Plan Rows": 111578,
                    "Plan Width": 0,
                    "Actual Startup Time": 9.339,
                    "Actual Total Time": 43.132,
                    "Actual Rows": 106172,
                    "Actual Loops": 1,
                    "Recheck Cond": "(mk.keyword_id > 80899)",
                    "Rows Removed by Index Recheck": 0,
                    "Exact Heap Blocks": 17651,
                    "Lossy Heap Blocks": 0,
                    "Plans": [
                        {
                            "Node Type": "Bitmap Index Scan",
                            "Parent Relationship": "Outer",
                            "Parallel Aware": false,
                            "Index Name": "keyword_id_movie_keyword",
                            "Startup Cost": 0.0,
                            "Total Cost": 2341.27,
                            "Plan Rows": 111578,
                            "Plan Width": 0,
                            "Actual Startup Time": 6.41,
                            "Actual Total Time": 6.41,
                            "Actual Rows": 106172,
                            "Actual Loops": 1,
                            "Index Cond": "(mk.keyword_id > 80899)"
                        }
                    ]
                }
            ]
        },
        "Planning Time": 178.408,
        "Triggers": [],
        "Execution Time": 47.528
    }
]