[
  {
    "Plan": {
      "Node Type": "Aggregate",
      "Strategy": "Plain",
      "Partial Mode": "Finalize",
      "Parallel Aware": false,
      "Startup Cost": 259566.35,
      "Total Cost": 259566.36,
      "Plan Rows": 1,
      "Plan Width": 8,
      "Actual Startup Time": 350.364,
      "Actual Total Time": 394.56,
      "Actual Rows": 1,
      "Actual Loops": 1,
      "Plans": [
        {
          "Node Type": "Gather",
          "Parent Relationship": "Outer",
          "Parallel Aware": false,
          "Startup Cost": 259565.93,
          "Total Cost": 259566.34,
          "Plan Rows": 4,
          "Plan Width": 8,
          "Actual Startup Time": 349.236,
          "Actual Total Time": 394.551,
          "Actual Rows": 5,
          "Actual Loops": 1,
          "Workers Planned": 4,
          "Workers Launched": 4,
          "Single Copy": false,
          "Plans": [
            {
              "Node Type": "Aggregate",
              "Strategy": "Plain",
              "Partial Mode": "Partial",
              "Parent Relationship": "Outer",
              "Parallel Aware": false,
              "Startup Cost": 258565.93,
              "Total Cost": 258565.94,
              "Plan Rows": 1,
              "Plan Width": 8,
              "Actual Startup Time": 339.29,
              "Actual Total Time": 339.291,
              "Actual Rows": 1,
              "Actual Loops": 5,
              "Plans": [
                {
                  "Node Type": "Nested Loop",
                  "Parent Relationship": "Outer",
                  "Parallel Aware": false,
                  "Join Type": "Inner",
                  "Startup Cost": 1.0,
                  "Total Cost": 257856.21,
                  "Plan Rows": 283888,
                  "Plan Width": 0,
                  "Actual Startup Time": 0.652,
                  "Actual Total Time": 328.037,
                  "Actual Rows": 213088,
                  "Actual Loops": 5,
                  "Inner Unique": false,
                  "Join Filter": "(t.id = ci.movie_id)",
                  "Rows Removed by Join Filter": 0,
                  "Plans": [
                    {
                      "Node Type": "Nested Loop",
                      "Parent Relationship": "Outer",
                      "Parallel Aware": false,
                      "Join Type": "Inner",
                      "Startup Cost": 0.43,
                      "Total Cost": 222619.21,
                      "Plan Rows": 19812,
                      "Plan Width": 8,
                      "Actual Startup Time": 0.312,
                      "Actual Total Time": 104.533,
                      "Actual Rows": 9901,
                      "Actual Loops": 5,
                      "Inner Unique": false,
                      "Plans": [
                        {
                          "Node Type": "Seq Scan",
                          "Parent Relationship": "Outer",
                          "Parallel Aware": true,
                          "Relation Name": "title",
                          "Alias": "t",
                          "Startup Cost": 0.0,
                          "Total Cost": 45479.1,
                          "Plan Rows": 3388,
                          "Plan Width": 4,
                          "Actual Startup Time": 0.078,
                          "Actual Total Time": 61.606,
                          "Actual Rows": 2207,
                          "Actual Loops": 5,
                          "Filter": "((kind_id > 1) AND (production_year = 1983))",
                          "Rows Removed by Filter": 503456
                        },
                        {
                          "Node Type": "Index Only Scan",
                          "Parent Relationship": "Inner",
                          "Parallel Aware": false,
                          "Scan Direction": "Forward",
                          "Index Name": "movie_id_movie_info",
                          "Relation Name": "movie_info",
                          "Alias": "mi",
                          "Startup Cost": 0.43,
                          "Total Cost": 51.86,
                          "Plan Rows": 42,
                          "Plan Width": 4,
                          "Actual Startup Time": 0.009,
                          "Actual Total Time": 0.018,
                          "Actual Rows": 4,
                          "Actual Loops": 11034,
                          "Index Cond": "(movie_id = t.id)",
                          "Rows Removed by Index Recheck": 0,
                          "Heap Fetches": 49505
                        }
                      ]
                    },
                    {
                      "Node Type": "Index Only Scan",
                      "Parent Relationship": "Inner",
                      "Parallel Aware": false,
                      "Scan Direction": "Forward",
                      "Index Name": "movie_id_cast_info",
                      "Relation Name": "cast_info",
                      "Alias": "ci",
                      "Startup Cost": 0.56,
                      "Total Cost": 1.32,
                      "Plan Rows": 37,
                      "Plan Width": 4,
                      "Actual Startup Time": 0.005,
                      "Actual Total Time": 0.02,
                      "Actual Rows": 22,
                      "Actual Loops": 49505,
                      "Index Cond": "(movie_id = mi.movie_id)",
                      "Rows Removed by Index Recheck": 0,
                      "Heap Fetches": 1065438
                    }
                  ]
                }
              ]
            }
          ]
        }
      ]
    },
    "Planning Time": 1.361,
    "Triggers": [],
    "Execution Time": 394.661
  }
]