[
  {
    "Plan": {
      "Node Type": "Aggregate",
      "Strategy": "Plain",
      "Partial Mode": "Finalize",
      "Parallel Aware": false,
      "Startup Cost": 46607.61,
      "Total Cost": 46607.62,
      "Plan Rows": 1,
      "Plan Width": 8,
      "Actual Startup Time": 98.84,
      "Actual Total Time": 110.813,
      "Actual Rows": 1,
      "Actual Loops": 1,
      "Plans": [
        {
          "Node Type": "Gather",
          "Parent Relationship": "Outer",
          "Parallel Aware": false,
          "Startup Cost": 46607.19,
          "Total Cost": 46607.6,
          "Plan Rows": 4,
          "Plan Width": 8,
          "Actual Startup Time": 98.609,
          "Actual Total Time": 110.805,
          "Actual Rows": 5,
          "Actual Loops": 1,
          "Workers Planned": 4,
          "Workers Launched": 4,
          "Single Copy": false,
          "Plans": [
            {
              "Node Type": "Aggregate",
              "Strategy": "Plain",
              "Partial Mode": "Partial",
              "Parent Relationship": "Outer",
              "Parallel Aware": false,
              "Startup Cost": 45607.19,
              "Total Cost": 45607.2,
              "Plan Rows": 1,
              "Plan Width": 8,
              "Actual Startup Time": 89.514,
              "Actual Total Time": 89.515,
              "Actual Rows": 1,
              "Actual Loops": 5,
              "Plans": [
                {
                  "Node Type": "Seq Scan",
                  "Parent Relationship": "Outer",
                  "Parallel Aware": true,
                  "Relation Name": "title",
                  "Alias": "t",
                  "Startup Cost": 0.0,
                  "Total Cost": 45479.1,
                  "Plan Rows": 51236,
                  "Plan Width": 0,
                  "Actual Startup Time": 0.041,
                  "Actual Total Time": 88.017,
                  "Actual Rows": 19069,
                  "Actual Loops": 5,
                  "Filter": "((kind_id > 3) AND (production_year < 1967))",
                  "Rows Removed by Filter": 486593
                }
              ]
            }
          ]
        }
      ]
    },
    "Planning Time": 0.166,
    "Triggers": [],
    "Execution Time": 110.878
  }
]