[
  {
    "Plan": {
      "Node Type": "Aggregate",
      "Strategy": "Plain",
      "Partial Mode": "Finalize",
      "Parallel Aware": false,
      "Startup Cost": 84545.29,
      "Total Cost": 84545.3,
      "Plan Rows": 1,
      "Plan Width": 8,
      "Actual Startup Time": 106.417,
      "Actual Total Time": 118.578,
      "Actual Rows": 1,
      "Actual Loops": 1,
      "Plans": [
        {
          "Node Type": "Gather",
          "Parent Relationship": "Outer",
          "Parallel Aware": false,
          "Startup Cost": 84544.98,
          "Total Cost": 84545.29,
          "Plan Rows": 3,
          "Plan Width": 8,
          "Actual Startup Time": 106.257,
          "Actual Total Time": 118.569,
          "Actual Rows": 4,
          "Actual Loops": 1,
          "Workers Planned": 3,
          "Workers Launched": 3,
          "Single Copy": false,
          "Plans": [
            {
              "Node Type": "Aggregate",
              "Strategy": "Plain",
              "Partial Mode": "Partial",
              "Parent Relationship": "Outer",
              "Parallel Aware": false,
              "Startup Cost": 83544.98,
              "Total Cost": 83544.99,
              "Plan Rows": 1,
              "Plan Width": 8,
              "Actual Startup Time": 96.827,
              "Actual Total Time": 96.829,
              "Actual Rows": 1,
              "Actual Loops": 4,
              "Plans": [
                {
                  "Node Type": "Nested Loop",
                  "Parent Relationship": "Outer",
                  "Parallel Aware": false,
                  "Join Type": "Inner",
                  "Startup Cost": 307.15,
                  "Total Cost": 83537.9,
                  "Plan Rows": 2832,
                  "Plan Width": 0,
                  "Actual Startup Time": 2.826,
                  "Actual Total Time": 95.505,
                  "Actual Rows": 17180,
                  "Actual Loops": 4,
                  "Inner Unique": false,
                  "Plans": [
                    {
                      "Node Type": "Nested Loop",
                      "Parent Relationship": "Outer",
                      "Parallel Aware": false,
                      "Join Type": "Inner",
                      "Startup Cost": 306.72,
                      "Total Cost": 80269.01,
                      "Plan Rows": 5405,
                      "Plan Width": 8,
                      "Actual Startup Time": 2.566,
                      "Actual Total Time": 41.934,
                      "Actual Rows": 4554,
                      "Actual Loops": 4,
                      "Inner Unique": true,
                      "Plans": [
                        {
                          "Node Type": "Bitmap Heap Scan",
                          "Parent Relationship": "Outer",
                          "Parallel Aware": true,
                          "Relation Name": "movie_info",
                          "Alias": "mi",
                          "Startup Cost": 306.29,
                          "Total Cost": 49112.64,
                          "Plan Rows": 5405,
                          "Plan Width": 4,
                          "Actual Startup Time": 2.377,
                          "Actual Total Time": 9.237,
                          "Actual Rows": 4554,
                          "Actual Loops": 4,
                          "Recheck Cond": "(info_type_id = 108)",
                          "Rows Removed by Index Recheck": 0,
                          "Exact Heap Blocks": 1475,
                          "Lossy Heap Blocks": 0,
                          "Plans": [
                            {
                              "Node Type": "Bitmap Index Scan",
                              "Parent Relationship": "Outer",
                              "Parallel Aware": false,
                              "Index Name": "info_type_id_movie_info",
                              "Startup Cost": 0.0,
                              "Total Cost": 302.1,
                              "Plan Rows": 16755,
                              "Plan Width": 0,
                              "Actual Startup Time": 7.302,
                              "Actual Total Time": 7.303,
                              "Actual Rows": 18214,
                              "Actual Loops": 1,
                              "Index Cond": "(info_type_id = 108)"
                            }
                          ]
                        },
                        {
                          "Node Type": "Index Only Scan",
                          "Parent Relationship": "Inner",
                          "Parallel Aware": false,
                          "Scan Direction": "Forward",
                          "Index Name": "title_pkey",
                          "Relation Name": "title",
                          "Alias": "t",
                          "Startup Cost": 0.43,
                          "Total Cost": 5.76,
                          "Plan Rows": 1,
                          "Plan Width": 4,
                          "Actual Startup Time": 0.007,
                          "Actual Total Time": 0.007,
                          "Actual Rows": 1,
                          "Actual Loops": 18214,
                          "Index Cond": "(id = mi.movie_id)",
                          "Rows Removed by Index Recheck": 0,
                          "Heap Fetches": 18214
                        }
                      ]
                    },
                    {
                      "Node Type": "Index Scan",
                      "Parent Relationship": "Inner",
                      "Parallel Aware": false,
                      "Scan Direction": "Forward",
                      "Index Name": "movie_id_movie_companies",
                      "Relation Name": "movie_companies",
                      "Alias": "mc",
                      "Startup Cost": 0.43,
                      "Total Cost": 0.57,
                      "Plan Rows": 3,
                      "Plan Width": 4,
                      "Actual Startup Time": 0.01,
                      "Actual Total Time": 0.011,
                      "Actual Rows": 4,
                      "Actual Loops": 18214,
                      "Index Cond": "(movie_id = t.id)",
                      "Rows Removed by Index Recheck": 0,
                      "Filter": "(company_type_id = 2)",
                      "Rows Removed by Filter": 17
                    }
                  ]
                }
              ]
            }
          ]
        }
      ]
    },
    "Planning Time": 1.495,
    "Triggers": [],
    "Execution Time": 118.68
  }
]