[
  {
    "Plan": {
      "Node Type": "Aggregate",
      "Strategy": "Plain",
      "Partial Mode": "Finalize",
      "Parallel Aware": false,
      "Startup Cost": 30284.65,
      "Total Cost": 30284.66,
      "Plan Rows": 1,
      "Plan Width": 8,
      "Actual Startup Time": 81.445,
      "Actual Total Time": 85.358,
      "Actual Rows": 1,
      "Actual Loops": 1,
      "Plans": [
        {
          "Node Type": "Gather",
          "Parent Relationship": "Outer",
          "Parallel Aware": false,
          "Startup Cost": 30284.33,
          "Total Cost": 30284.64,
          "Plan Rows": 3,
          "Plan Width": 8,
          "Actual Startup Time": 81.314,
          "Actual Total Time": 85.351,
          "Actual Rows": 4,
          "Actual Loops": 1,
          "Workers Planned": 3,
          "Workers Launched": 3,
          "Single Copy": false,
          "Plans": [
            {
              "Node Type": "Aggregate",
              "Strategy": "Plain",
              "Partial Mode": "Partial",
              "Parent Relationship": "Outer",
              "Parallel Aware": false,
              "Startup Cost": 29284.33,
              "Total Cost": 29284.34,
              "Plan Rows": 1,
              "Plan Width": 8,
              "Actual Startup Time": 74.991,
              "Actual Total Time": 74.992,
              "Actual Rows": 1,
              "Actual Loops": 4,
              "Plans": [
                {
                  "Node Type": "Bitmap Heap Scan",
                  "Parent Relationship": "Outer",
                  "Parallel Aware": true,
                  "Relation Name": "movie_companies",
                  "Alias": "mc",
                  "Startup Cost": 8439.14,
                  "Total Cost": 29123.99,
                  "Plan Rows": 64138,
                  "Plan Width": 0,
                  "Actual Startup Time": 29.313,
                  "Actual Total Time": 68.634,
                  "Actual Rows": 99528,
                  "Actual Loops": 4,
                  "Recheck Cond": "(company_id > 82507)",
                  "Rows Removed by Index Recheck": 0,
                  "Filter": "(company_type_id > 1)",
                  "Rows Removed by Filter": 0,
                  "Exact Heap Blocks": 3419,
                  "Lossy Heap Blocks": 0,
                  "Plans": [
                    {
                      "Node Type": "Bitmap Index Scan",
                      "Parent Relationship": "Outer",
                      "Parallel Aware": false,
                      "Index Name": "company_id_movie_companies",
                      "Startup Cost": 0.0,
                      "Total Cost": 8389.44,
                      "Plan Rows": 391601,
                      "Plan Width": 0,
                      "Actual Startup Time": 34.091,
                      "Actual Total Time": 34.091,
                      "Actual Rows": 398112,
                      "Actual Loops": 1,
                      "Index Cond": "(company_id > 82507)"
                    }
                  ]
                }
              ]
            }
          ]
        }
      ]
    },
    "Planning Time": 0.136,
    "Triggers": [],
    "Execution Time": 85.407
  }
]