[
  {
    "Plan": {
      "Node Type": "Aggregate",
      "Strategy": "Plain",
      "Partial Mode": "Finalize",
      "Parallel Aware": false,
      "Startup Cost": 46742.3,
      "Total Cost": 46742.31,
      "Plan Rows": 1,
      "Plan Width": 8,
      "Actual Startup Time": 206.016,
      "Actual Total Time": 217.49,
      "Actual Rows": 1,
      "Actual Loops": 1,
      "Plans": [
        {
          "Node Type": "Gather",
          "Parent Relationship": "Outer",
          "Parallel Aware": false,
          "Startup Cost": 46741.98,
          "Total Cost": 46742.29,
          "Plan Rows": 3,
          "Plan Width": 8,
          "Actual Startup Time": 205.863,
          "Actual Total Time": 217.479,
          "Actual Rows": 4,
          "Actual Loops": 1,
          "Workers Planned": 3,
          "Workers Launched": 3,
          "Single Copy": false,
          "Plans": [
            {
              "Node Type": "Aggregate",
              "Strategy": "Plain",
              "Partial Mode": "Partial",
              "Parent Relationship": "Outer",
              "Parallel Aware": false,
              "Startup Cost": 45741.98,
              "Total Cost": 45741.99,
              "Plan Rows": 1,
              "Plan Width": 8,
              "Actual Startup Time": 200.055,
              "Actual Total Time": 200.057,
              "Actual Rows": 1,
              "Actual Loops": 4,
              "Plans": [
                {
                  "Node Type": "Seq Scan",
                  "Parent Relationship": "Outer",
                  "Parallel Aware": true,
                  "Relation Name": "movie_keyword",
                  "Alias": "mk",
                  "Startup Cost": 0.0,
                  "Total Cost": 42695.65,
                  "Plan Rows": 1218532,
                  "Plan Width": 0,
                  "Actual Startup Time": 0.043,
                  "Actual Total Time": 147.461,
                  "Actual Rows": 945165,
                  "Actual Loops": 4,
                  "Filter": "(keyword_id < 25259)",
                  "Rows Removed by Filter": 185817
                }
              ]
            }
          ]
        }
      ]
    },
    "Planning Time": 0.12,
    "Triggers": [],
    "Execution Time": 217.529
  }
]