[
  {
    "Plan": {
      "Node Type": "Aggregate",
      "Strategy": "Plain",
      "Partial Mode": "Finalize",
      "Parallel Aware": false,
      "Startup Cost": 46737.47,
      "Total Cost": 46737.48,
      "Plan Rows": 1,
      "Plan Width": 8,
      "Actual Startup Time": 176.908,
      "Actual Total Time": 186.699,
      "Actual Rows": 1,
      "Actual Loops": 1,
      "Plans": [
        {
          "Node Type": "Gather",
          "Parent Relationship": "Outer",
          "Parallel Aware": false,
          "Startup Cost": 46737.15,
          "Total Cost": 46737.46,
          "Plan Rows": 3,
          "Plan Width": 8,
          "Actual Startup Time": 176.824,
          "Actual Total Time": 186.692,
          "Actual Rows": 4,
          "Actual Loops": 1,
          "Workers Planned": 3,
          "Workers Launched": 3,
          "Single Copy": false,
          "Plans": [
            {
              "Node Type": "Aggregate",
              "Strategy": "Plain",
              "Partial Mode": "Partial",
              "Parent Relationship": "Outer",
              "Parallel Aware": false,
              "Startup Cost": 45737.15,
              "Total Cost": 45737.16,
              "Plan Rows": 1,
              "Plan Width": 8,
              "Actual Startup Time": 168.487,
              "Actual Total Time": 168.488,
              "Actual Rows": 1,
              "Actual Loops": 4,
              "Plans": [
                {
                  "Node Type": "Seq Scan",
                  "Parent Relationship": "Outer",
                  "Parallel Aware": true,
                  "Relation Name": "movie_keyword",
                  "Alias": "mk",
                  "Startup Cost": 0.0,
                  "Total Cost": 42695.65,
                  "Plan Rows": 1216598,
                  "Plan Width": 0,
                  "Actual Startup Time": 0.063,
                  "Actual Total Time": 125.092,
                  "Actual Rows": 945165,
                  "Actual Loops": 4,
                  "Filter": "(keyword_id < 25259)",
                  "Rows Removed by Filter": 185817
                }
              ]
            }
          ]
        }
      ]
    },
    "Planning Time": 0.15,
    "Triggers": [],
    "Execution Time": 186.756
  }
]