{
    "Plan": {
        "Node Type": "Aggregate",
        "Strategy": "Plain",
        "Partial Mode": "Finalize",
        "Parallel Aware": false,
        "Startup Cost": 245856.98,
        "Total Cost": 245856.99,
        "Plan Rows": 1,
        "Plan Width": 8,
        "Actual Startup Time": 378.71,
        "Actual Total Time": 417.908,
        "Actual Rows": 1,
        "Actual Loops": 1,
        "Output": [
            "count(*)"
        ],
        "Plans": [
            {
                "Node Type": "Gather",
                "Parent Relationship": "Outer",
                "Parallel Aware": false,
                "Startup Cost": 245856.46,
                "Total Cost": 245856.97,
                "Plan Rows": 5,
                "Plan Width": 8,
                "Actual Startup Time": 377.225,
                "Actual Total Time": 417.898,
                "Actual Rows": 6,
                "Actual Loops": 1,
                "Output": [
                    "(PARTIAL count(*))"
                ],
                "Workers Planned": 5,
                "Workers Launched": 5,
                "Single Copy": false,
                "Plans": [
                    {
                        "Node Type": "Aggregate",
                        "Strategy": "Plain",
                        "Partial Mode": "Partial",
                        "Parent Relationship": "Outer",
                        "Parallel Aware": false,
                        "Startup Cost": 244856.46,
                        "Total Cost": 244856.47,
                        "Plan Rows": 1,
                        "Plan Width": 8,
                        "Actual Startup Time": 369.935,
                        "Actual Total Time": 369.985,
                        "Actual Rows": 1,
                        "Actual Loops": 6,
                        "Output": [
                            "PARTIAL count(*)"
                        ],
                        "Workers": [
                            {
                                "Worker Number": 0,
                                "Actual Startup Time": 366.561,
                                "Actual Total Time": 366.563,
                                "Actual Rows": 1,
                                "Actual Loops": 1
                            },
                            {
                                "Worker Number": 1,
                                "Actual Startup Time": 366.095,
                                "Actual Total Time": 366.098,
                                "Actual Rows": 1,
                                "Actual Loops": 1
                            },
                            {
                                "Worker Number": 2,
                                "Actual Startup Time": 370.25,
                                "Actual Total Time": 370.253,
                                "Actual Rows": 1,
                                "Actual Loops": 1
                            },
                            {
                                "Worker Number": 3,
                                "Actual Startup Time": 370.251,
                                "Actual Total Time": 370.253,
                                "Actual Rows": 1,
                                "Actual Loops": 1
                            },
                            {
                                "Worker Number": 4,
                                "Actual Startup Time": 369.94,
                                "Actual Total Time": 369.943,
                                "Actual Rows": 1,
                                "Actual Loops": 1
                            }
                        ],
                        "Plans": [
                            {
                                "Node Type": "Hash Join",
                                "Parent Relationship": "Outer",
                                "Parallel Aware": true,
                                "Join Type": "Inner",
                                "Startup Cost": 45880.43,
                                "Total Cost": 244852.06,
                                "Plan Rows": 1758,
                                "Plan Width": 0,
                                "Actual Startup Time": 211.526,
                                "Actual Total Time": 369.811,
                                "Actual Rows": 3233,
                                "Actual Loops": 6,
                                "Inner Unique": true,
                                "Hash Cond": "(mi.movie_id = t.id)",
                                "Workers": [
                                    {
                                        "Worker Number": 0,
                                        "Actual Startup Time": 207.021,
                                        "Actual Total Time": 366.39,
                                        "Actual Rows": 3328,
                                        "Actual Loops": 1
                                    },
                                    {
                                        "Worker Number": 1,
                                        "Actual Startup Time": 209.247,
                                        "Actual Total Time": 365.918,
                                        "Actual Rows": 2053,
                                        "Actual Loops": 1
                                    },
                                    {
                                        "Worker Number": 2,
                                        "Actual Startup Time": 211.237,
                                        "Actual Total Time": 370.082,
                                        "Actual Rows": 3213,
                                        "Actual Loops": 1
                                    },
                                    {
                                        "Worker Number": 3,
                                        "Actual Startup Time": 212.082,
                                        "Actual Total Time": 370.084,
                                        "Actual Rows": 3263,
                                        "Actual Loops": 1
                                    },
                                    {
                                        "Worker Number": 4,
                                        "Actual Startup Time": 210.87,
                                        "Actual Total Time": 369.789,
                                        "Actual Rows": 2876,
                                        "Actual Loops": 1
                                    }
                                ],
                                "Plans": [
                                    {
                                        "Node Type": "Seq Scan",
                                        "Parent Relationship": "Outer",
                                        "Parallel Aware": true,
                                        "Relation Name": "movie_info",
                                        "Schema": "public",
                                        "Alias": "mi",
                                        "Startup Cost": 0.0,
                                        "Total Cost": 198880.74,
                                        "Plan Rows": 34625,
                                        "Plan Width": 4,
                                        "Actual Startup Time": 121.577,
                                        "Actual Total Time": 275.592,
                                        "Actual Rows": 30019,
                                        "Actual Loops": 6,
                                        "Output": [
                                            "mi.id",
                                            "mi.movie_id",
                                            "mi.info_type_id",
                                            "mi.info",
                                            "mi.note"
                                        ],
                                        "Filter": "(mi.info_type_id = 13)",
                                        "Rows Removed by Filter": 2442601,
                                        "Workers": [
                                            {
                                                "Worker Number": 0,
                                                "Actual Startup Time": 121.478,
                                                "Actual Total Time": 275.845,
                                                "Actual Rows": 29731,
                                                "Actual Loops": 1
                                            },
                                            {
                                                "Worker Number": 1,
                                                "Actual Startup Time": 121.715,
                                                "Actual Total Time": 275.906,
                                                "Actual Rows": 20028,
                                                "Actual Loops": 1
                                            },
                                            {
                                                "Worker Number": 2,
                                                "Actual Startup Time": 121.609,
                                                "Actual Total Time": 275.868,
                                                "Actual Rows": 30131,
                                                "Actual Loops": 1
                                            },
                                            {
                                                "Worker Number": 3,
                                                "Actual Startup Time": 121.542,
                                                "Actual Total Time": 275.867,
                                                "Actual Rows": 29763,
                                                "Actual Loops": 1
                                            },
                                            {
                                                "Worker Number": 4,
                                                "Actual Startup Time": 121.546,
                                                "Actual Total Time": 275.747,
                                                "Actual Rows": 24903,
                                                "Actual Loops": 1
                                            }
                                        ]
                                    },
                                    {
                                        "Node Type": "Hash",
                                        "Parent Relationship": "Inner",
                                        "Parallel Aware": true,
                                        "Startup Cost": 45479.21,
                                        "Total Cost": 45479.21,
                                        "Plan Rows": 32098,
                                        "Plan Width": 4,
                                        "Actual Startup Time": 88.042,
                                        "Actual Total Time": 88.043,
                                        "Actual Rows": 37985,
                                        "Actual Loops": 6,
                                        "Output": [
                                            "t.id"
                                        ],
                                        "Hash Buckets": 262144,
                                        "Original Hash Buckets": 131072,
                                        "Hash Batches": 1,
                                        "Original Hash Batches": 1,
                                        "Peak Memory Usage": 12096,
                                        "Workers": [
                                            {
                                                "Worker Number": 0,
                                                "Actual Startup Time": 84.799,
                                                "Actual Total Time": 84.8,
                                                "Actual Rows": 38346,
                                                "Actual Loops": 1
                                            },
                                            {
                                                "Worker Number": 1,
                                                "Actual Startup Time": 84.877,
                                                "Actual Total Time": 84.878,
                                                "Actual Rows": 26396,
                                                "Actual Loops": 1
                                            },
                                            {
                                                "Worker Number": 2,
                                                "Actual Startup Time": 89.189,
                                                "Actual Total Time": 89.19,
                                                "Actual Rows": 39659,
                                                "Actual Loops": 1
                                            },
                                            {
                                                "Worker Number": 3,
                                                "Actual Startup Time": 89.2,
                                                "Actual Total Time": 89.201,
                                                "Actual Rows": 40197,
                                                "Actual Loops": 1
                                            },
                                            {
                                                "Worker Number": 4,
                                                "Actual Startup Time": 88.892,
                                                "Actual Total Time": 88.894,
                                                "Actual Rows": 34581,
                                                "Actual Loops": 1
                                            }
                                        ],
                                        "Plans": [
                                            {
                                                "Node Type": "Seq Scan",
                                                "Parent Relationship": "Outer",
                                                "Parallel Aware": true,
                                                "Relation Name": "title",
                                                "Schema": "public",
                                                "Alias": "t",
                                                "Startup Cost": 0.0,
                                                "Total Cost": 45479.21,
                                                "Plan Rows": 32098,
                                                "Plan Width": 4,
                                                "Actual Startup Time": 0.263,
                                                "Actual Total Time": 71.898,
                                                "Actual Rows": 37985,
                                                "Actual Loops": 6,
                                                "Output": [
                                                    "t.id"
                                                ],
                                                "Filter": "((t.kind_id < 7) AND (t.production_year < 1967))",
                                                "Rows Removed by Filter": 383400,
                                                "Workers": [
                                                    {
                                                        "Worker Number": 0,
                                                        "Actual Startup Time": 0.234,
                                                        "Actual Total Time": 69.05,
                                                        "Actual Rows": 38346,
                                                        "Actual Loops": 1
                                                    },
                                                    {
                                                        "Worker Number": 1,
                                                        "Actual Startup Time": 0.453,
                                                        "Actual Total Time": 69.637,
                                                        "Actual Rows": 26396,
                                                        "Actual Loops": 1
                                                    },
                                                    {
                                                        "Worker Number": 2,
                                                        "Actual Startup Time": 0.32,
                                                        "Actual Total Time": 73.421,
                                                        "Actual Rows": 39659,
                                                        "Actual Loops": 1
                                                    },
                                                    {
                                                        "Worker Number": 3,
                                                        "Actual Startup Time": 0.159,
                                                        "Actual Total Time": 73.577,
                                                        "Actual Rows": 40197,
                                                        "Actual Loops": 1
                                                    },
                                                    {
                                                        "Worker Number": 4,
                                                        "Actual Startup Time": 0.131,
                                                        "Actual Total Time": 71.896,
                                                        "Actual Rows": 34581,
                                                        "Actual Loops": 1
                                                    }
                                                ]
                                            }
                                        ]
                                    }
                                ]
                            }
                        ]
                    }
                ]
            }
        ]
    },
    "Planning Time": 0.59,
    "Triggers": [],
    "Execution Time": 417.975
}