[
  {
    "Plan": {
      "Node Type": "Aggregate",
      "Strategy": "Plain",
      "Partial Mode": "Finalize",
      "Parallel Aware": false,
      "Startup Cost": 389599.43,
      "Total Cost": 389599.44,
      "Plan Rows": 1,
      "Plan Width": 8,
      "Actual Startup Time": 774.012,
      "Actual Total Time": 841.603,
      "Actual Rows": 1,
      "Actual Loops": 1,
      "Plans": [
        {
          "Node Type": "Gather",
          "Parent Relationship": "Outer",
          "Parallel Aware": false,
          "Startup Cost": 389598.8,
          "Total Cost": 389599.41,
          "Plan Rows": 6,
          "Plan Width": 8,
          "Actual Startup Time": 772.575,
          "Actual Total Time": 841.59,
          "Actual Rows": 7,
          "Actual Loops": 1,
          "Workers Planned": 6,
          "Workers Launched": 6,
          "Single Copy": false,
          "Plans": [
            {
              "Node Type": "Aggregate",
              "Strategy": "Plain",
              "Partial Mode": "Partial",
              "Parent Relationship": "Outer",
              "Parallel Aware": false,
              "Startup Cost": 388598.8,
              "Total Cost": 388598.81,
              "Plan Rows": 1,
              "Plan Width": 8,
              "Actual Startup Time": 762.024,
              "Actual Total Time": 762.027,
              "Actual Rows": 1,
              "Actual Loops": 7,
              "Plans": [
                {
                  "Node Type": "Hash Join",
                  "Parent Relationship": "Outer",
                  "Parallel Aware": true,
                  "Join Type": "Inner",
                  "Startup Cost": 44281.32,
                  "Total Cost": 388552.07,
                  "Plan Rows": 18691,
                  "Plan Width": 0,
                  "Actual Startup Time": 434.067,
                  "Actual Total Time": 761.17,
                  "Actual Rows": 11072,
                  "Actual Loops": 7,
                  "Inner Unique": true,
                  "Hash Cond": "(ci.movie_id = t.id)",
                  "Plans": [
                    {
                      "Node Type": "Seq Scan",
                      "Parent Relationship": "Outer",
                      "Parallel Aware": true,
                      "Relation Name": "cast_info",
                      "Alias": "ci",
                      "Startup Cost": 0.0,
                      "Total Cost": 343257.03,
                      "Plan Rows": 386182,
                      "Plan Width": 4,
                      "Actual Startup Time": 349.276,
                      "Actual Total Time": 634.558,
                      "Actual Rows": 208875,
                      "Actual Loops": 7,
                      "Filter": "((person_id < 511149) AND (role_id > 2))",
                      "Rows Removed by Filter": 4968889
                    },
                    {
                      "Node Type": "Hash",
                      "Parent Relationship": "Inner",
                      "Parallel Aware": true,
                      "Startup Cost": 43898.92,
                      "Total Cost": 43898.92,
                      "Plan Rows": 30592,
                      "Plan Width": 4,
                      "Actual Startup Time": 83.056,
                      "Actual Total Time": 83.057,
                      "Actual Rows": 17552,
                      "Actual Loops": 7,
                      "Hash Buckets": 131072,
                      "Original Hash Buckets": 131072,
                      "Hash Batches": 1,
                      "Original Hash Batches": 1,
                      "Peak Memory Usage": 5952,
                      "Plans": [
                        {
                          "Node Type": "Seq Scan",
                          "Parent Relationship": "Outer",
                          "Parallel Aware": true,
                          "Relation Name": "title",
                          "Alias": "t",
                          "Startup Cost": 0.0,
                          "Total Cost": 43898.92,
                          "Plan Rows": 30592,
                          "Plan Width": 4,
                          "Actual Startup Time": 0.05,
                          "Actual Total Time": 74.677,
                          "Actual Rows": 17552,
                          "Actual Loops": 7,
                          "Filter": "(production_year = 2008)",
                          "Rows Removed by Filter": 343636
                        }
                      ]
                    }
                  ]
                }
              ]
            }
          ]
        }
      ]
    },
    "Planning Time": 0.628,
    "Triggers": [],
    "Execution Time": 841.695
  }
]