[
    {
        "Bao": {
            "Bao prediction": "NaN",
            "Bao recommended hint": "(no hint)"
        }
    },
    {
        "Plan": {
            "Node Type": "Aggregate",
            "Strategy": "Plain",
            "Partial Mode": "Finalize",
            "Parallel Aware": false,
            "Startup Cost": 32664.77,
            "Total Cost": 32664.78,
            "Plan Rows": 1,
            "Plan Width": 8,
            "Actual Startup Time": 84.603,
            "Actual Total Time": 90.865,
            "Actual Rows": 1,
            "Actual Loops": 1,
            "Output": [
                "count(*)"
            ],
            "Plans": [
                {
                    "Node Type": "Gather",
                    "Parent Relationship": "Outer",
                    "Parallel Aware": false,
                    "Startup Cost": 32664.45,
                    "Total Cost": 32664.76,
                    "Plan Rows": 3,
                    "Plan Width": 8,
                    "Actual Startup Time": 84.499,
                    "Actual Total Time": 90.859,
                    "Actual Rows": 4,
                    "Actual Loops": 1,
                    "Output": [
                        "(PARTIAL count(*))"
                    ],
                    "Workers Planned": 3,
                    "Workers Launched": 3,
                    "Single Copy": false,
                    "Plans": [
                        {
                            "Node Type": "Aggregate",
                            "Strategy": "Plain",
                            "Partial Mode": "Partial",
                            "Parent Relationship": "Outer",
                            "Parallel Aware": false,
                            "Startup Cost": 31664.45,
                            "Total Cost": 31664.46,
                            "Plan Rows": 1,
                            "Plan Width": 8,
                            "Actual Startup Time": 76.382,
                            "Actual Total Time": 76.383,
                            "Actual Rows": 1,
                            "Actual Loops": 4,
                            "Output": [
                                "PARTIAL count(*)"
                            ],
                            "Workers": [
                                {
                                    "Worker Number": 0,
                                    "Actual Startup Time": 73.5,
                                    "Actual Total Time": 73.501,
                                    "Actual Rows": 1,
                                    "Actual Loops": 1
                                },
                                {
                                    "Worker Number": 1,
                                    "Actual Startup Time": 73.713,
                                    "Actual Total Time": 73.715,
                                    "Actual Rows": 1,
                                    "Actual Loops": 1
                                },
                                {
                                    "Worker Number": 2,
                                    "Actual Startup Time": 74.065,
                                    "Actual Total Time": 74.066,
                                    "Actual Rows": 1,
                                    "Actual Loops": 1
                                }
                            ],
                            "Plans": [
                                {
                                    "Node Type": "Seq Scan",
                                    "Parent Relationship": "Outer",
                                    "Parallel Aware": true,
                                    "Relation Name": "movie_companies",
                                    "Schema": "public",
                                    "Alias": "mc",
                                    "Startup Cost": 0.0,
                                    "Total Cost": 31414.82,
                                    "Plan Rows": 99853,
                                    "Plan Width": 0,
                                    "Actual Startup Time": 38.984,
                                    "Actual Total Time": 70.173,
                                    "Actual Rows": 149973,
                                    "Actual Loops": 4,
                                    "Output": [
                                        "id",
                                        "movie_id",
                                        "company_id",
                                        "company_type_id",
                                        "note"
                                    ],
                                    "Filter": "((mc.company_id > 66042) AND (mc.company_type_id = 2))",
                                    "Rows Removed by Filter": 502309,
                                    "Workers": [
                                        {
                                            "Worker Number": 0,
                                            "Actual Startup Time": 36.099,
                                            "Actual Total Time": 67.569,
                                            "Actual Rows": 142832,
                                            "Actual Loops": 1
                                        },
                                        {
                                            "Worker Number": 1,
                                            "Actual Startup Time": 36.322,
                                            "Actual Total Time": 67.789,
                                            "Actual Rows": 137759,
                                            "Actual Loops": 1
                                        },
                                        {
                                            "Worker Number": 2,
                                            "Actual Startup Time": 36.667,
                                            "Actual Total Time": 68.091,
                                            "Actual Rows": 144884,
                                            "Actual Loops": 1
                                        }
                                    ]
                                }
                            ]
                        }
                    ]
                }
            ]
        },
        "Planning Time": 197.726,
        "Triggers": [],
        "Execution Time": 90.907
    }
]