[
  {
    "Plan": {
      "Node Type": "Aggregate",
      "Strategy": "Plain",
      "Partial Mode": "Finalize",
      "Parallel Aware": false,
      "Startup Cost": 56568.53,
      "Total Cost": 56568.54,
      "Plan Rows": 1,
      "Plan Width": 8,
      "Actual Startup Time": 106.619,
      "Actual Total Time": 117.434,
      "Actual Rows": 1,
      "Actual Loops": 1,
      "Plans": [
        {
          "Node Type": "Gather",
          "Parent Relationship": "Outer",
          "Parallel Aware": false,
          "Startup Cost": 56568.32,
          "Total Cost": 56568.53,
          "Plan Rows": 2,
          "Plan Width": 8,
          "Actual Startup Time": 106.503,
          "Actual Total Time": 117.428,
          "Actual Rows": 3,
          "Actual Loops": 1,
          "Workers Planned": 2,
          "Workers Launched": 2,
          "Single Copy": false,
          "Plans": [
            {
              "Node Type": "Aggregate",
              "Strategy": "Plain",
              "Partial Mode": "Partial",
              "Parent Relationship": "Outer",
              "Parallel Aware": false,
              "Startup Cost": 55568.32,
              "Total Cost": 55568.33,
              "Plan Rows": 1,
              "Plan Width": 8,
              "Actual Startup Time": 98.758,
              "Actual Total Time": 98.76,
              "Actual Rows": 1,
              "Actual Loops": 3,
              "Plans": [
                {
                  "Node Type": "Nested Loop",
                  "Parent Relationship": "Outer",
                  "Parallel Aware": false,
                  "Join Type": "Inner",
                  "Startup Cost": 227.9,
                  "Total Cost": 55562.78,
                  "Plan Rows": 2214,
                  "Plan Width": 0,
                  "Actual Startup Time": 2.945,
                  "Actual Total Time": 98.404,
                  "Actual Rows": 3209,
                  "Actual Loops": 3,
                  "Inner Unique": false,
                  "Plans": [
                    {
                      "Node Type": "Nested Loop",
                      "Parent Relationship": "Outer",
                      "Parallel Aware": false,
                      "Join Type": "Inner",
                      "Startup Cost": 227.47,
                      "Total Cost": 48203.9,
                      "Plan Rows": 4441,
                      "Plan Width": 8,
                      "Actual Startup Time": 2.359,
                      "Actual Total Time": 17.451,
                      "Actual Rows": 3014,
                      "Actual Loops": 3,
                      "Inner Unique": true,
                      "Plans": [
                        {
                          "Node Type": "Bitmap Heap Scan",
                          "Parent Relationship": "Outer",
                          "Parallel Aware": true,
                          "Relation Name": "movie_keyword",
                          "Alias": "mk",
                          "Startup Cost": 227.04,
                          "Total Cost": 19583.05,
                          "Plan Rows": 4441,
                          "Plan Width": 4,
                          "Actual Startup Time": 2.181,
                          "Actual Total Time": 6.552,
                          "Actual Rows": 3014,
                          "Actual Loops": 3,
                          "Recheck Cond": "(keyword_id > 125923)",
                          "Rows Removed by Index Recheck": 0,
                          "Exact Heap Blocks": 1371,
                          "Lossy Heap Blocks": 0,
                          "Plans": [
                            {
                              "Node Type": "Bitmap Index Scan",
                              "Parent Relationship": "Outer",
                              "Parallel Aware": false,
                              "Index Name": "keyword_id_movie_keyword",
                              "Startup Cost": 0.0,
                              "Total Cost": 224.38,
                              "Plan Rows": 10659,
                              "Plan Width": 0,
                              "Actual Startup Time": 4.948,
                              "Actual Total Time": 4.948,
                              "Actual Rows": 9042,
                              "Actual Loops": 1,
                              "Index Cond": "(keyword_id > 125923)"
                            }
                          ]
                        },
                        {
                          "Node Type": "Index Only Scan",
                          "Parent Relationship": "Inner",
                          "Parallel Aware": false,
                          "Scan Direction": "Forward",
                          "Index Name": "title_pkey",
                          "Relation Name": "title",
                          "Alias": "t",
                          "Startup Cost": 0.43,
                          "Total Cost": 6.44,
                          "Plan Rows": 1,
                          "Plan Width": 4,
                          "Actual Startup Time": 0.003,
                          "Actual Total Time": 0.003,
                          "Actual Rows": 1,
                          "Actual Loops": 9042,
                          "Index Cond": "(id = mk.movie_id)",
                          "Rows Removed by Index Recheck": 0,
                          "Heap Fetches": 9042
                        }
                      ]
                    },
                    {
                      "Node Type": "Index Scan",
                      "Parent Relationship": "Inner",
                      "Parallel Aware": false,
                      "Scan Direction": "Forward",
                      "Index Name": "movie_id_movie_info",
                      "Relation Name": "movie_info",
                      "Alias": "mi",
                      "Startup Cost": 0.43,
                      "Total Cost": 1.62,
                      "Plan Rows": 4,
                      "Plan Width": 4,
                      "Actual Startup Time": 0.024,
                      "Actual Total Time": 0.026,
                      "Actual Rows": 1,
                      "Actual Loops": 9042,
                      "Index Cond": "(movie_id = t.id)",
                      "Rows Removed by Index Recheck": 0,
                      "Filter": "(info_type_id = 2)",
                      "Rows Removed by Filter": 79
                    }
                  ]
                }
              ]
            }
          ]
        }
      ]
    },
    "Planning Time": 1.458,
    "Triggers": [],
    "Execution Time": 117.534
  }
]