[
  {
    "Plan": {
      "Node Type": "Aggregate",
      "Strategy": "Plain",
      "Partial Mode": "Finalize",
      "Parallel Aware": false,
      "Startup Cost": 158913.23,
      "Total Cost": 158913.24,
      "Plan Rows": 1,
      "Plan Width": 8,
      "Actual Startup Time": 213.226,
      "Actual Total Time": 226.417,
      "Actual Rows": 1,
      "Actual Loops": 1,
      "Plans": [
        {
          "Node Type": "Gather",
          "Parent Relationship": "Outer",
          "Parallel Aware": false,
          "Startup Cost": 158912.71,
          "Total Cost": 158913.22,
          "Plan Rows": 5,
          "Plan Width": 8,
          "Actual Startup Time": 213.118,
          "Actual Total Time": 226.405,
          "Actual Rows": 6,
          "Actual Loops": 1,
          "Workers Planned": 5,
          "Workers Launched": 5,
          "Single Copy": false,
          "Plans": [
            {
              "Node Type": "Aggregate",
              "Strategy": "Plain",
              "Partial Mode": "Partial",
              "Parent Relationship": "Outer",
              "Parallel Aware": false,
              "Startup Cost": 157912.71,
              "Total Cost": 157912.72,
              "Plan Rows": 1,
              "Plan Width": 8,
              "Actual Startup Time": 202.343,
              "Actual Total Time": 202.344,
              "Actual Rows": 1,
              "Actual Loops": 6,
              "Plans": [
                {
                  "Node Type": "Index Scan",
                  "Parent Relationship": "Outer",
                  "Parallel Aware": true,
                  "Scan Direction": "Forward",
                  "Index Name": "role_id_cast_info",
                  "Relation Name": "cast_info",
                  "Alias": "ci",
                  "Startup Cost": 0.56,
                  "Total Cost": 156659.89,
                  "Plan Rows": 501128,
                  "Plan Width": 0,
                  "Actual Startup Time": 0.257,
                  "Actual Total Time": 194.828,
                  "Actual Rows": 146982,
                  "Actual Loops": 6,
                  "Index Cond": "(role_id > 8)",
                  "Rows Removed by Index Recheck": 0,
                  "Filter": "(person_id < 1559613)",
                  "Rows Removed by Filter": 808467
                }
              ]
            }
          ]
        }
      ]
    },
    "Planning Time": 0.201,
    "Triggers": [],
    "Execution Time": 226.5
  }
]