[
    {
        "Bao": {
            "Bao prediction": 444.765,
            "Bao recommended hint": "SET enable_mergejoin TO off; "
        }
    },
    {
        "Plan": {
            "Node Type": "Aggregate",
            "Strategy": "Plain",
            "Partial Mode": "Finalize",
            "Parallel Aware": false,
            "Startup Cost": 32997.02,
            "Total Cost": 32997.03,
            "Plan Rows": 1,
            "Plan Width": 8,
            "Actual Startup Time": 111.491,
            "Actual Total Time": 116.503,
            "Actual Rows": 1,
            "Actual Loops": 1,
            "Output": [
                "count(*)"
            ],
            "Plans": [
                {
                    "Node Type": "Gather",
                    "Parent Relationship": "Outer",
                    "Parallel Aware": false,
                    "Startup Cost": 32996.71,
                    "Total Cost": 32997.02,
                    "Plan Rows": 3,
                    "Plan Width": 8,
                    "Actual Startup Time": 111.377,
                    "Actual Total Time": 116.496,
                    "Actual Rows": 4,
                    "Actual Loops": 1,
                    "Output": [
                        "(PARTIAL count(*))"
                    ],
                    "Workers Planned": 3,
                    "Workers Launched": 3,
                    "Single Copy": false,
                    "Plans": [
                        {
                            "Node Type": "Aggregate",
                            "Strategy": "Plain",
                            "Partial Mode": "Partial",
                            "Parent Relationship": "Outer",
                            "Parallel Aware": false,
                            "Startup Cost": 31996.71,
                            "Total Cost": 31996.72,
                            "Plan Rows": 1,
                            "Plan Width": 8,
                            "Actual Startup Time": 103.719,
                            "Actual Total Time": 103.72,
                            "Actual Rows": 1,
                            "Actual Loops": 4,
                            "Output": [
                                "PARTIAL count(*)"
                            ],
                            "Workers": [
                                {
                                    "Worker Number": 0,
                                    "Actual Startup Time": 101.254,
                                    "Actual Total Time": 101.255,
                                    "Actual Rows": 1,
                                    "Actual Loops": 1
                                },
                                {
                                    "Worker Number": 1,
                                    "Actual Startup Time": 101.336,
                                    "Actual Total Time": 101.338,
                                    "Actual Rows": 1,
                                    "Actual Loops": 1
                                },
                                {
                                    "Worker Number": 2,
                                    "Actual Startup Time": 101.586,
                                    "Actual Total Time": 101.588,
                                    "Actual Rows": 1,
                                    "Actual Loops": 1
                                }
                            ],
                            "Plans": [
                                {
                                    "Node Type": "Seq Scan",
                                    "Parent Relationship": "Outer",
                                    "Parallel Aware": true,
                                    "Relation Name": "movie_companies",
                                    "Schema": "public",
                                    "Alias": "mc",
                                    "Startup Cost": 0.0,
                                    "Total Cost": 31414.82,
                                    "Plan Rows": 232755,
                                    "Plan Width": 0,
                                    "Actual Startup Time": 15.506,
                                    "Actual Total Time": 94.995,
                                    "Actual Rows": 126840,
                                    "Actual Loops": 4,
                                    "Output": [
                                        "id",
                                        "movie_id",
                                        "company_id",
                                        "company_type_id",
                                        "note"
                                    ],
                                    "Filter": "((mc.company_id > 8434) AND (mc.company_type_id < 2))",
                                    "Rows Removed by Filter": 525442,
                                    "Workers": [
                                        {
                                            "Worker Number": 0,
                                            "Actual Startup Time": 13.061,
                                            "Actual Total Time": 92.841,
                                            "Actual Rows": 119996,
                                            "Actual Loops": 1
                                        },
                                        {
                                            "Worker Number": 1,
                                            "Actual Startup Time": 13.134,
                                            "Actual Total Time": 92.957,
                                            "Actual Rows": 119392,
                                            "Actual Loops": 1
                                        },
                                        {
                                            "Worker Number": 2,
                                            "Actual Startup Time": 13.364,
                                            "Actual Total Time": 93.088,
                                            "Actual Rows": 122352,
                                            "Actual Loops": 1
                                        }
                                    ]
                                }
                            ]
                        }
                    ]
                }
            ]
        },
        "Planning Time": 1947.284,
        "Triggers": [],
        "Execution Time": 116.626
    }
]