[
  {
    "Plan": {
      "Node Type": "Aggregate",
      "Strategy": "Plain",
      "Partial Mode": "Finalize",
      "Parallel Aware": false,
      "Startup Cost": 53369.29,
      "Total Cost": 53369.3,
      "Plan Rows": 1,
      "Plan Width": 8,
      "Actual Startup Time": 87.149,
      "Actual Total Time": 98.872,
      "Actual Rows": 1,
      "Actual Loops": 1,
      "Plans": [
        {
          "Node Type": "Gather",
          "Parent Relationship": "Outer",
          "Parallel Aware": false,
          "Startup Cost": 53368.87,
          "Total Cost": 53369.28,
          "Plan Rows": 4,
          "Plan Width": 8,
          "Actual Startup Time": 86.977,
          "Actual Total Time": 98.866,
          "Actual Rows": 5,
          "Actual Loops": 1,
          "Workers Planned": 4,
          "Workers Launched": 4,
          "Single Copy": false,
          "Plans": [
            {
              "Node Type": "Aggregate",
              "Strategy": "Plain",
              "Partial Mode": "Partial",
              "Parent Relationship": "Outer",
              "Parallel Aware": false,
              "Startup Cost": 52368.87,
              "Total Cost": 52368.88,
              "Plan Rows": 1,
              "Plan Width": 8,
              "Actual Startup Time": 81.332,
              "Actual Total Time": 81.333,
              "Actual Rows": 1,
              "Actual Loops": 5,
              "Plans": [
                {
                  "Node Type": "Nested Loop",
                  "Parent Relationship": "Outer",
                  "Parallel Aware": false,
                  "Join Type": "Inner",
                  "Startup Cost": 0.43,
                  "Total Cost": 52367.47,
                  "Plan Rows": 561,
                  "Plan Width": 0,
                  "Actual Startup Time": 2.452,
                  "Actual Total Time": 81.252,
                  "Actual Rows": 836,
                  "Actual Loops": 5,
                  "Inner Unique": false,
                  "Plans": [
                    {
                      "Node Type": "Seq Scan",
                      "Parent Relationship": "Outer",
                      "Parallel Aware": true,
                      "Relation Name": "title",
                      "Alias": "t",
                      "Startup Cost": 0.0,
                      "Total Cost": 45479.59,
                      "Plan Rows": 1028,
                      "Plan Width": 4,
                      "Actual Startup Time": 0.806,
                      "Actual Total Time": 73.631,
                      "Actual Rows": 767,
                      "Actual Loops": 5,
                      "Filter": "((kind_id < 7) AND (production_year = 1959))",
                      "Rows Removed by Filter": 504895
                    },
                    {
                      "Node Type": "Index Only Scan",
                      "Parent Relationship": "Inner",
                      "Parallel Aware": false,
                      "Scan Direction": "Forward",
                      "Index Name": "movie_id_movie_info_idx",
                      "Relation Name": "movie_info_idx",
                      "Alias": "mi_idx",
                      "Startup Cost": 0.43,
                      "Total Cost": 6.67,
                      "Plan Rows": 3,
                      "Plan Width": 4,
                      "Actual Startup Time": 0.009,
                      "Actual Total Time": 0.009,
                      "Actual Rows": 1,
                      "Actual Loops": 3835,
                      "Index Cond": "(movie_id = t.id)",
                      "Rows Removed by Index Recheck": 0,
                      "Heap Fetches": 4179
                    }
                  ]
                }
              ]
            }
          ]
        }
      ]
    },
    "Planning Time": 0.472,
    "Triggers": [],
    "Execution Time": 98.914
  }
]