[
  {
    "Plan": {
      "Node Type": "Aggregate",
      "Strategy": "Plain",
      "Partial Mode": "Finalize",
      "Parallel Aware": false,
      "Startup Cost": 335463.75,
      "Total Cost": 335463.76,
      "Plan Rows": 1,
      "Plan Width": 8,
      "Actual Startup Time": 640.531,
      "Actual Total Time": 697.422,
      "Actual Rows": 1,
      "Actual Loops": 1,
      "Plans": [
        {
          "Node Type": "Gather",
          "Parent Relationship": "Outer",
          "Parallel Aware": false,
          "Startup Cost": 335463.13,
          "Total Cost": 335463.74,
          "Plan Rows": 6,
          "Plan Width": 8,
          "Actual Startup Time": 640.39,
          "Actual Total Time": 697.412,
          "Actual Rows": 7,
          "Actual Loops": 1,
          "Workers Planned": 6,
          "Workers Launched": 6,
          "Single Copy": false,
          "Plans": [
            {
              "Node Type": "Aggregate",
              "Strategy": "Plain",
              "Partial Mode": "Partial",
              "Parent Relationship": "Outer",
              "Parallel Aware": false,
              "Startup Cost": 334463.13,
              "Total Cost": 334463.14,
              "Plan Rows": 1,
              "Plan Width": 8,
              "Actual Startup Time": 631.992,
              "Actual Total Time": 631.993,
              "Actual Rows": 1,
              "Actual Loops": 7,
              "Plans": [
                {
                  "Node Type": "Seq Scan",
                  "Parent Relationship": "Outer",
                  "Parallel Aware": true,
                  "Relation Name": "cast_info",
                  "Alias": "ci",
                  "Startup Cost": 0.0,
                  "Total Cost": 328162.03,
                  "Plan Rows": 2520441,
                  "Plan Width": 0,
                  "Actual Startup Time": 0.045,
                  "Actual Total Time": 539.975,
                  "Actual Rows": 2154088,
                  "Actual Loops": 7,
                  "Filter": "(person_id < 1487801)",
                  "Rows Removed by Filter": 3023676
                }
              ]
            }
          ]
        }
      ]
    },
    "Planning Time": 0.2,
    "Triggers": [],
    "Execution Time": 697.498
  }
]