[
  {
    "Plan": {
      "Node Type": "Aggregate",
      "Strategy": "Plain",
      "Partial Mode": "Finalize",
      "Parallel Aware": false,
      "Startup Cost": 81059.86,
      "Total Cost": 81059.87,
      "Plan Rows": 1,
      "Plan Width": 8,
      "Actual Startup Time": 342.705,
      "Actual Total Time": 359.097,
      "Actual Rows": 1,
      "Actual Loops": 1,
      "Plans": [
        {
          "Node Type": "Gather",
          "Parent Relationship": "Outer",
          "Parallel Aware": false,
          "Startup Cost": 81059.54,
          "Total Cost": 81059.85,
          "Plan Rows": 3,
          "Plan Width": 8,
          "Actual Startup Time": 337.396,
          "Actual Total Time": 359.089,
          "Actual Rows": 4,
          "Actual Loops": 1,
          "Workers Planned": 3,
          "Workers Launched": 3,
          "Single Copy": false,
          "Plans": [
            {
              "Node Type": "Aggregate",
              "Strategy": "Plain",
              "Partial Mode": "Partial",
              "Parent Relationship": "Outer",
              "Parallel Aware": false,
              "Startup Cost": 80059.54,
              "Total Cost": 80059.55,
              "Plan Rows": 1,
              "Plan Width": 8,
              "Actual Startup Time": 328.005,
              "Actual Total Time": 328.01,
              "Actual Rows": 1,
              "Actual Loops": 4,
              "Plans": [
                {
                  "Node Type": "Hash Join",
                  "Parent Relationship": "Outer",
                  "Parallel Aware": true,
                  "Join Type": "Inner",
                  "Startup Cost": 53739.79,
                  "Total Cost": 79982.36,
                  "Plan Rows": 30875,
                  "Plan Width": 0,
                  "Actual Startup Time": 249.666,
                  "Actual Total Time": 323.936,
                  "Actual Rows": 65853,
                  "Actual Loops": 4,
                  "Inner Unique": true,
                  "Hash Cond": "(mk.movie_id = t.id)",
                  "Plans": [
                    {
                      "Node Type": "Bitmap Heap Scan",
                      "Parent Relationship": "Outer",
                      "Parallel Aware": true,
                      "Relation Name": "movie_keyword",
                      "Alias": "mk",
                      "Startup Cost": 7777.44,
                      "Total Cost": 33709.58,
                      "Plan Rows": 118252,
                      "Plan Width": 4,
                      "Actual Startup Time": 30.811,
                      "Actual Total Time": 87.117,
                      "Actual Rows": 91577,
                      "Actual Loops": 4,
                      "Recheck Cond": "(keyword_id > 45912)",
                      "Rows Removed by Index Recheck": 0,
                      "Exact Heap Blocks": 8336,
                      "Lossy Heap Blocks": 0,
                      "Plans": [
                        {
                          "Node Type": "Bitmap Index Scan",
                          "Parent Relationship": "Outer",
                          "Parallel Aware": false,
                          "Index Name": "keyword_id_movie_keyword",
                          "Startup Cost": 0.0,
                          "Total Cost": 7685.79,
                          "Plan Rows": 366581,
                          "Plan Width": 0,
                          "Actual Startup Time": 27.286,
                          "Actual Total Time": 27.287,
                          "Actual Rows": 366307,
                          "Actual Loops": 1,
                          "Index Cond": "(keyword_id > 45912)"
                        }
                      ]
                    },
                    {
                      "Node Type": "Hash",
                      "Parent Relationship": "Inner",
                      "Parallel Aware": true,
                      "Startup Cost": 43899.32,
                      "Total Cost": 43899.32,
                      "Plan Rows": 165043,
                      "Plan Width": 4,
                      "Actual Startup Time": 201.101,
                      "Actual Total Time": 201.102,
                      "Actual Rows": 165706,
                      "Actual Loops": 4,
                      "Hash Buckets": 1048576,
                      "Original Hash Buckets": 1048576,
                      "Hash Batches": 1,
                      "Original Hash Batches": 1,
                      "Peak Memory Usage": 34176,
                      "Plans": [
                        {
                          "Node Type": "Seq Scan",
                          "Parent Relationship": "Outer",
                          "Parallel Aware": true,
                          "Relation Name": "title",
                          "Alias": "t",
                          "Startup Cost": 0.0,
                          "Total Cost": 43899.32,
                          "Plan Rows": 165043,
                          "Plan Width": 4,
                          "Actual Startup Time": 54.808,
                          "Actual Total Time": 131.997,
                          "Actual Rows": 165706,
                          "Actual Loops": 4,
                          "Filter": "(kind_id = 1)",
                          "Rows Removed by Filter": 466372
                        }
                      ]
                    }
                  ]
                }
              ]
            }
          ]
        }
      ]
    },
    "Planning Time": 0.36,
    "Triggers": [],
    "Execution Time": 359.166
  }
]