[
  {
    "Plan": {
      "Node Type": "Aggregate",
      "Strategy": "Plain",
      "Partial Mode": "Finalize",
      "Parallel Aware": false,
      "Startup Cost": 81428.94,
      "Total Cost": 81428.95,
      "Plan Rows": 1,
      "Plan Width": 8,
      "Actual Startup Time": 271.981,
      "Actual Total Time": 289.505,
      "Actual Rows": 1,
      "Actual Loops": 1,
      "Plans": [
        {
          "Node Type": "Gather",
          "Parent Relationship": "Outer",
          "Parallel Aware": false,
          "Startup Cost": 81428.62,
          "Total Cost": 81428.93,
          "Plan Rows": 3,
          "Plan Width": 8,
          "Actual Startup Time": 269.39,
          "Actual Total Time": 289.496,
          "Actual Rows": 4,
          "Actual Loops": 1,
          "Workers Planned": 3,
          "Workers Launched": 3,
          "Single Copy": false,
          "Plans": [
            {
              "Node Type": "Aggregate",
              "Strategy": "Plain",
              "Partial Mode": "Partial",
              "Parent Relationship": "Outer",
              "Parallel Aware": false,
              "Startup Cost": 80428.62,
              "Total Cost": 80428.63,
              "Plan Rows": 1,
              "Plan Width": 8,
              "Actual Startup Time": 260.501,
              "Actual Total Time": 260.505,
              "Actual Rows": 1,
              "Actual Loops": 4,
              "Plans": [
                {
                  "Node Type": "Hash Join",
                  "Parent Relationship": "Outer",
                  "Parallel Aware": true,
                  "Join Type": "Inner",
                  "Startup Cost": 54038.94,
                  "Total Cost": 80348.17,
                  "Plan Rows": 32178,
                  "Plan Width": 0,
                  "Actual Startup Time": 195.619,
                  "Actual Total Time": 257.23,
                  "Actual Rows": 65853,
                  "Actual Loops": 4,
                  "Inner Unique": true,
                  "Hash Cond": "(mk.movie_id = t.id)",
                  "Plans": [
                    {
                      "Node Type": "Bitmap Heap Scan",
                      "Parent Relationship": "Outer",
                      "Parallel Aware": true,
                      "Relation Name": "movie_keyword",
                      "Alias": "mk",
                      "Startup Cost": 8067.35,
                      "Total Cost": 34054.6,
                      "Plan Rows": 122660,
                      "Plan Width": 4,
                      "Actual Startup Time": 27.901,
                      "Actual Total Time": 76.313,
                      "Actual Rows": 91577,
                      "Actual Loops": 4,
                      "Recheck Cond": "(keyword_id > 45912)",
                      "Rows Removed by Index Recheck": 0,
                      "Exact Heap Blocks": 6890,
                      "Lossy Heap Blocks": 0,
                      "Plans": [
                        {
                          "Node Type": "Bitmap Index Scan",
                          "Parent Relationship": "Outer",
                          "Parallel Aware": false,
                          "Index Name": "keyword_id_movie_keyword",
                          "Startup Cost": 0.0,
                          "Total Cost": 7972.28,
                          "Plan Rows": 380247,
                          "Plan Width": 0,
                          "Actual Startup Time": 24.272,
                          "Actual Total Time": 24.272,
                          "Actual Rows": 366307,
                          "Actual Loops": 1,
                          "Index Cond": "(keyword_id > 45912)"
                        }
                      ]
                    },
                    {
                      "Node Type": "Hash",
                      "Parent Relationship": "Inner",
                      "Parallel Aware": true,
                      "Startup Cost": 43898.92,
                      "Total Cost": 43898.92,
                      "Plan Rows": 165814,
                      "Plan Width": 4,
                      "Actual Startup Time": 150.654,
                      "Actual Total Time": 150.654,
                      "Actual Rows": 165706,
                      "Actual Loops": 4,
                      "Hash Buckets": 1048576,
                      "Original Hash Buckets": 1048576,
                      "Hash Batches": 1,
                      "Original Hash Batches": 1,
                      "Peak Memory Usage": 34208,
                      "Plans": [
                        {
                          "Node Type": "Seq Scan",
                          "Parent Relationship": "Outer",
                          "Parallel Aware": true,
                          "Relation Name": "title",
                          "Alias": "t",
                          "Startup Cost": 0.0,
                          "Total Cost": 43898.92,
                          "Plan Rows": 165814,
                          "Plan Width": 4,
                          "Actual Startup Time": 45.446,
                          "Actual Total Time": 98.274,
                          "Actual Rows": 165706,
                          "Actual Loops": 4,
                          "Filter": "(kind_id = 1)",
                          "Rows Removed by Filter": 466372
                        }
                      ]
                    }
                  ]
                }
              ]
            }
          ]
        }
      ]
    },
    "Planning Time": 0.621,
    "Triggers": [],
    "Execution Time": 289.594
  }
]