[
  {
    "Plan": {
      "Node Type": "Aggregate",
      "Strategy": "Plain",
      "Partial Mode": "Finalize",
      "Parallel Aware": false,
      "Startup Cost": 33147.73,
      "Total Cost": 33147.74,
      "Plan Rows": 1,
      "Plan Width": 8,
      "Actual Startup Time": 105.186,
      "Actual Total Time": 114.964,
      "Actual Rows": 1,
      "Actual Loops": 1,
      "Plans": [
        {
          "Node Type": "Gather",
          "Parent Relationship": "Outer",
          "Parallel Aware": false,
          "Startup Cost": 33147.41,
          "Total Cost": 33147.72,
          "Plan Rows": 3,
          "Plan Width": 8,
          "Actual Startup Time": 105.077,
          "Actual Total Time": 114.955,
          "Actual Rows": 4,
          "Actual Loops": 1,
          "Workers Planned": 3,
          "Workers Launched": 3,
          "Single Copy": false,
          "Plans": [
            {
              "Node Type": "Aggregate",
              "Strategy": "Plain",
              "Partial Mode": "Partial",
              "Parent Relationship": "Outer",
              "Parallel Aware": false,
              "Startup Cost": 32147.41,
              "Total Cost": 32147.42,
              "Plan Rows": 1,
              "Plan Width": 8,
              "Actual Startup Time": 98.066,
              "Actual Total Time": 98.067,
              "Actual Rows": 1,
              "Actual Loops": 4,
              "Plans": [
                {
                  "Node Type": "Seq Scan",
                  "Parent Relationship": "Outer",
                  "Parallel Aware": true,
                  "Relation Name": "movie_companies",
                  "Alias": "mc",
                  "Startup Cost": 0.0,
                  "Total Cost": 31414.82,
                  "Plan Rows": 293037,
                  "Plan Width": 0,
                  "Actual Startup Time": 48.237,
                  "Actual Total Time": 86.632,
                  "Actual Rows": 274506,
                  "Actual Loops": 4,
                  "Filter": "((company_id > 1886) AND (company_type_id = 2))",
                  "Rows Removed by Filter": 377776
                }
              ]
            }
          ]
        }
      ]
    },
    "Planning Time": 0.194,
    "Triggers": [],
    "Execution Time": 115.015
  }
]