[
  {
    "Plan": {
      "Node Type": "Aggregate",
      "Strategy": "Plain",
      "Partial Mode": "Finalize",
      "Parallel Aware": false,
      "Startup Cost": 333611.13,
      "Total Cost": 333611.14,
      "Plan Rows": 1,
      "Plan Width": 8,
      "Actual Startup Time": 928.042,
      "Actual Total Time": 1016.206,
      "Actual Rows": 1,
      "Actual Loops": 1,
      "Plans": [
        {
          "Node Type": "Gather",
          "Parent Relationship": "Outer",
          "Parallel Aware": false,
          "Startup Cost": 333610.5,
          "Total Cost": 333611.11,
          "Plan Rows": 6,
          "Plan Width": 8,
          "Actual Startup Time": 927.823,
          "Actual Total Time": 1016.191,
          "Actual Rows": 7,
          "Actual Loops": 1,
          "Workers Planned": 6,
          "Workers Launched": 6,
          "Single Copy": false,
          "Plans": [
            {
              "Node Type": "Aggregate",
              "Strategy": "Plain",
              "Partial Mode": "Partial",
              "Parent Relationship": "Outer",
              "Parallel Aware": false,
              "Startup Cost": 332610.5,
              "Total Cost": 332610.51,
              "Plan Rows": 1,
              "Plan Width": 8,
              "Actual Startup Time": 917.434,
              "Actual Total Time": 917.436,
              "Actual Rows": 1,
              "Actual Loops": 7,
              "Plans": [
                {
                  "Node Type": "Seq Scan",
                  "Parent Relationship": "Outer",
                  "Parallel Aware": true,
                  "Relation Name": "cast_info",
                  "Alias": "ci",
                  "Startup Cost": 0.0,
                  "Total Cost": 328211.39,
                  "Plan Rows": 1759645,
                  "Plan Width": 0,
                  "Actual Startup Time": 408.021,
                  "Actual Total Time": 815.132,
                  "Actual Rows": 1489454,
                  "Actual Loops": 7,
                  "Filter": "(person_id > 2667446)",
                  "Rows Removed by Filter": 3688309
                }
              ]
            }
          ]
        }
      ]
    },
    "Planning Time": 0.206,
    "Triggers": [],
    "Execution Time": 1016.292
  }
]