[
  {
    "Plan": {
      "Node Type": "Aggregate",
      "Strategy": "Plain",
      "Partial Mode": "Finalize",
      "Parallel Aware": false,
      "Startup Cost": 47317.16,
      "Total Cost": 47317.17,
      "Plan Rows": 1,
      "Plan Width": 8,
      "Actual Startup Time": 188.034,
      "Actual Total Time": 201.577,
      "Actual Rows": 1,
      "Actual Loops": 1,
      "Plans": [
        {
          "Node Type": "Gather",
          "Parent Relationship": "Outer",
          "Parallel Aware": false,
          "Startup Cost": 47316.84,
          "Total Cost": 47317.15,
          "Plan Rows": 3,
          "Plan Width": 8,
          "Actual Startup Time": 187.634,
          "Actual Total Time": 201.557,
          "Actual Rows": 4,
          "Actual Loops": 1,
          "Workers Planned": 3,
          "Workers Launched": 3,
          "Single Copy": false,
          "Plans": [
            {
              "Node Type": "Aggregate",
              "Strategy": "Plain",
              "Partial Mode": "Partial",
              "Parent Relationship": "Outer",
              "Parallel Aware": false,
              "Startup Cost": 46316.84,
              "Total Cost": 46316.85,
              "Plan Rows": 1,
              "Plan Width": 8,
              "Actual Startup Time": 180.236,
              "Actual Total Time": 180.237,
              "Actual Rows": 1,
              "Actual Loops": 4,
              "Plans": [
                {
                  "Node Type": "Seq Scan",
                  "Parent Relationship": "Outer",
                  "Parallel Aware": true,
                  "Relation Name": "movie_keyword",
                  "Alias": "mk",
                  "Startup Cost": 0.0,
                  "Total Cost": 42695.65,
                  "Plan Rows": 1448476,
                  "Plan Width": 0,
                  "Actual Startup Time": 0.057,
                  "Actual Total Time": 131.164,
                  "Actual Rows": 1124224,
                  "Actual Loops": 4,
                  "Filter": "(keyword_id > 22)",
                  "Rows Removed by Filter": 6758
                }
              ]
            }
          ]
        }
      ]
    },
    "Planning Time": 0.323,
    "Triggers": [],
    "Execution Time": 201.63
  }
]