{
  "Plan": {
    "Node Type": "Aggregate",
    "Strategy": "Plain",
    "Partial Mode": "Finalize",
    "Parallel Aware": false,
    "Startup Cost": 732926.98,
    "Total Cost": 732926.99,
    "Plan Rows": 1,
    "Plan Width": 8,
    "Actual Startup Time": 7380.343,
    "Actual Total Time": 7437.009,
    "Actual Rows": 1,
    "Actual Loops": 1,
    "Plans": [
      {
        "Node Type": "Gather",
        "Parent Relationship": "Outer",
        "Parallel Aware": false,
        "Startup Cost": 732926.87,
        "Total Cost": 732926.98,
        "Plan Rows": 1,
        "Plan Width": 8,
        "Actual Startup Time": 7377.72,
        "Actual Total Time": 7437.001,
        "Actual Rows": 2,
        "Actual Loops": 1,
        "Workers Planned": 1,
        "Workers Launched": 1,
        "Single Copy": false,
        "Plans": [
          {
            "Node Type": "Aggregate",
            "Strategy": "Plain",
            "Partial Mode": "Partial",
            "Parent Relationship": "Outer",
            "Parallel Aware": false,
            "Startup Cost": 731926.87,
            "Total Cost": 731926.88,
            "Plan Rows": 1,
            "Plan Width": 8,
            "Actual Startup Time": 7371.443,
            "Actual Total Time": 7371.45,
            "Actual Rows": 1,
            "Actual Loops": 2,
            "Plans": [
              {
                "Node Type": "Hash Join",
                "Parent Relationship": "Outer",
                "Parallel Aware": true,
                "Join Type": "Inner",
                "Startup Cost": 119207.05,
                "Total Cost": 711940.79,
                "Plan Rows": 7994433,
                "Plan Width": 0,
                "Actual Startup Time": 858.811,
                "Actual Total Time": 7068.823,
                "Actual Rows": 7406258,
                "Actual Loops": 2,
                "Inner Unique": false,
                "Hash Cond": "(ci.movie_id = t.id)",
                "Plans": [
                  {
                    "Node Type": "Seq Scan",
                    "Parent Relationship": "Outer",
                    "Parallel Aware": true,
                    "Relation Name": "cast_info",
                    "Alias": "ci",
                    "Startup Cost": 0.0,
                    "Total Cost": 465792.95,
                    "Plan Rows": 21310595,
                    "Plan Width": 4,
                    "Actual Startup Time": 0.016,
                    "Actual Total Time": 1398.651,
                    "Actual Rows": 18122172,
                    "Actual Loops": 2
                  },
                  {
                    "Node Type": "Hash",
                    "Parent Relationship": "Inner",
                    "Parallel Aware": true,
                    "Startup Cost": 112233.08,
                    "Total Cost": 112233.08,
                    "Plan Rows": 557918,
                    "Plan Width": 8,
                    "Actual Startup Time": 849.308,
                    "Actual Total Time": 849.312,
                    "Actual Rows": 316610,
                    "Actual Loops": 2,
                    "Hash Buckets": 1048576,
                    "Original Hash Buckets": 1048576,
                    "Hash Batches": 1,
                    "Original Hash Batches": 1,
                    "Peak Memory Usage": 32992,
                    "Plans": [
                      {
                        "Node Type": "Hash Join",
                        "Parent Relationship": "Outer",
                        "Parallel Aware": true,
                        "Join Type": "Inner",
                        "Startup Cost": 48785.7,
                        "Total Cost": 112233.08,
                        "Plan Rows": 557918,
                        "Plan Width": 8,
                        "Actual Startup Time": 224.12,
                        "Actual Total Time": 750.042,
                        "Actual Rows": 316610,
                        "Actual Loops": 2,
                        "Inner Unique": false,
                        "Hash Cond": "(t.id = mc.movie_id)",
                        "Plans": [
                          {
                            "Node Type": "Seq Scan",
                            "Parent Relationship": "Outer",
                            "Parallel Aware": true,
                            "Relation Name": "title",
                            "Alias": "t",
                            "Startup Cost": 0.0,
                            "Total Cost": 50870.31,
                            "Plan Rows": 1487231,
                            "Plan Width": 4,
                            "Actual Startup Time": 0.01,
                            "Actual Total Time": 125.866,
                            "Actual Rows": 1264156,
                            "Actual Loops": 2
                          },
                          {
                            "Node Type": "Hash",
                            "Parent Relationship": "Inner",
                            "Parallel Aware": true,
                            "Startup Cost": 41811.73,
                            "Total Cost": 41811.73,
                            "Plan Rows": 557918,
                            "Plan Width": 4,
                            "Actual Startup Time": 218.644,
                            "Actual Total Time": 218.646,
                            "Actual Rows": 316610,
                            "Actual Loops": 2,
                            "Hash Buckets": 1048576,
                            "Original Hash Buckets": 1048576,
                            "Hash Batches": 1,
                            "Original Hash Batches": 1,
                            "Peak Memory Usage": 33024,
                            "Plans": [
                              {
                                "Node Type": "Seq Scan",
                                "Parent Relationship": "Outer",
                                "Parallel Aware": true,
                                "Relation Name": "movie_companies",
                                "Alias": "mc",
                                "Startup Cost": 0.0,
                                "Total Cost": 41811.73,
                                "Plan Rows": 557918,
                                "Plan Width": 4,
                                "Actual Startup Time": 63.551,
                                "Actual Total Time": 128.819,
                                "Actual Rows": 316610,
                                "Actual Loops": 2,
                                "Filter": "((company_id < 36078) AND (company_type_id > 1))",
                                "Rows Removed by Filter": 987954
                              }
                            ]
                          }
                        ]
                      }
                    ]
                  }
                ]
              }
            ]
          }
        ]
      }
    ]
  },
  "Planning Time": 1.157,
  "Triggers": [],
  "Execution Time": 7437.107
}