[
  {
    "Plan": {
      "Node Type": "Aggregate",
      "Strategy": "Plain",
      "Partial Mode": "Finalize",
      "Parallel Aware": false,
      "Startup Cost": 204757.41,
      "Total Cost": 204757.42,
      "Plan Rows": 1,
      "Plan Width": 8,
      "Actual Startup Time": 324.68,
      "Actual Total Time": 347.793,
      "Actual Rows": 1,
      "Actual Loops": 1,
      "Plans": [
        {
          "Node Type": "Gather",
          "Parent Relationship": "Outer",
          "Parallel Aware": false,
          "Startup Cost": 204756.78,
          "Total Cost": 204757.39,
          "Plan Rows": 6,
          "Plan Width": 8,
          "Actual Startup Time": 324.513,
          "Actual Total Time": 347.774,
          "Actual Rows": 7,
          "Actual Loops": 1,
          "Workers Planned": 6,
          "Workers Launched": 6,
          "Single Copy": false,
          "Plans": [
            {
              "Node Type": "Aggregate",
              "Strategy": "Plain",
              "Partial Mode": "Partial",
              "Parent Relationship": "Outer",
              "Parallel Aware": false,
              "Startup Cost": 203756.78,
              "Total Cost": 203756.79,
              "Plan Rows": 1,
              "Plan Width": 8,
              "Actual Startup Time": 317.121,
              "Actual Total Time": 317.122,
              "Actual Rows": 1,
              "Actual Loops": 7,
              "Plans": [
                {
                  "Node Type": "Index Scan",
                  "Parent Relationship": "Outer",
                  "Parallel Aware": true,
                  "Scan Direction": "Forward",
                  "Index Name": "role_id_cast_info",
                  "Relation Name": "cast_info",
                  "Alias": "ci",
                  "Startup Cost": 0.56,
                  "Total Cost": 200748.38,
                  "Plan Rows": 1203361,
                  "Plan Width": 0,
                  "Actual Startup Time": 0.14,
                  "Actual Total Time": 263.133,
                  "Actual Rows": 1044413,
                  "Actual Loops": 7,
                  "Index Cond": "(role_id > 7)",
                  "Rows Removed by Index Recheck": 0,
                  "Filter": "(person_id > 128006)",
                  "Rows Removed by Filter": 17907
                }
              ]
            }
          ]
        }
      ]
    },
    "Planning Time": 0.112,
    "Triggers": [],
    "Execution Time": 347.845
  }
]