[
    {
        "Bao": {
            "Bao prediction": "NaN",
            "Bao recommended hint": "(no hint)"
        }
    },
    {
        "Plan": {
            "Node Type": "Aggregate",
            "Strategy": "Plain",
            "Partial Mode": "Finalize",
            "Parallel Aware": false,
            "Startup Cost": 40894.84,
            "Total Cost": 40894.85,
            "Plan Rows": 1,
            "Plan Width": 8,
            "Actual Startup Time": 152.9,
            "Actual Total Time": 160.094,
            "Actual Rows": 1,
            "Actual Loops": 1,
            "Output": [
                "count(*)"
            ],
            "Plans": [
                {
                    "Node Type": "Gather",
                    "Parent Relationship": "Outer",
                    "Parallel Aware": false,
                    "Startup Cost": 40894.53,
                    "Total Cost": 40894.84,
                    "Plan Rows": 3,
                    "Plan Width": 8,
                    "Actual Startup Time": 152.641,
                    "Actual Total Time": 160.084,
                    "Actual Rows": 4,
                    "Actual Loops": 1,
                    "Output": [
                        "(PARTIAL count(*))"
                    ],
                    "Workers Planned": 3,
                    "Workers Launched": 3,
                    "Single Copy": false,
                    "Plans": [
                        {
                            "Node Type": "Aggregate",
                            "Strategy": "Plain",
                            "Partial Mode": "Partial",
                            "Parent Relationship": "Outer",
                            "Parallel Aware": false,
                            "Startup Cost": 39894.53,
                            "Total Cost": 39894.54,
                            "Plan Rows": 1,
                            "Plan Width": 8,
                            "Actual Startup Time": 144.136,
                            "Actual Total Time": 144.138,
                            "Actual Rows": 1,
                            "Actual Loops": 4,
                            "Output": [
                                "PARTIAL count(*)"
                            ],
                            "Workers": [
                                {
                                    "Worker Number": 0,
                                    "Actual Startup Time": 140.964,
                                    "Actual Total Time": 140.966,
                                    "Actual Rows": 1,
                                    "Actual Loops": 1
                                },
                                {
                                    "Worker Number": 1,
                                    "Actual Startup Time": 141.566,
                                    "Actual Total Time": 141.567,
                                    "Actual Rows": 1,
                                    "Actual Loops": 1
                                },
                                {
                                    "Worker Number": 2,
                                    "Actual Startup Time": 141.771,
                                    "Actual Total Time": 141.773,
                                    "Actual Rows": 1,
                                    "Actual Loops": 1
                                }
                            ],
                            "Plans": [
                                {
                                    "Node Type": "Bitmap Heap Scan",
                                    "Parent Relationship": "Outer",
                                    "Parallel Aware": true,
                                    "Relation Name": "movie_keyword",
                                    "Schema": "public",
                                    "Alias": "mk",
                                    "Startup Cost": 12573.1,
                                    "Total Cost": 39416.62,
                                    "Plan Rows": 191162,
                                    "Plan Width": 0,
                                    "Actual Startup Time": 56.526,
                                    "Actual Total Time": 134.708,
                                    "Actual Rows": 146489,
                                    "Actual Loops": 4,
                                    "Recheck Cond": "(mk.keyword_id > 31307)",
                                    "Rows Removed by Index Recheck": 0,
                                    "Exact Heap Blocks": 7772,
                                    "Lossy Heap Blocks": 0,
                                    "Workers": [
                                        {
                                            "Worker Number": 0,
                                            "Actual Startup Time": 53.422,
                                            "Actual Total Time": 132.564,
                                            "Actual Rows": 132165,
                                            "Actual Loops": 1
                                        },
                                        {
                                            "Worker Number": 1,
                                            "Actual Startup Time": 54.134,
                                            "Actual Total Time": 133.139,
                                            "Actual Rows": 130701,
                                            "Actual Loops": 1
                                        },
                                        {
                                            "Worker Number": 2,
                                            "Actual Startup Time": 54.242,
                                            "Actual Total Time": 133.481,
                                            "Actual Rows": 128041,
                                            "Actual Loops": 1
                                        }
                                    ],
                                    "Plans": [
                                        {
                                            "Node Type": "Bitmap Index Scan",
                                            "Parent Relationship": "Outer",
                                            "Parallel Aware": false,
                                            "Index Name": "keyword_id_movie_keyword",
                                            "Startup Cost": 0.0,
                                            "Total Cost": 12424.95,
                                            "Plan Rows": 592602,
                                            "Plan Width": 0,
                                            "Actual Startup Time": 58.844,
                                            "Actual Total Time": 58.844,
                                            "Actual Rows": 585956,
                                            "Actual Loops": 1,
                                            "Index Cond": "(mk.keyword_id > 31307)"
                                        }
                                    ]
                                }
                            ]
                        }
                    ]
                }
            ]
        },
        "Planning Time": 295.77,
        "Triggers": [],
        "Execution Time": 160.167
    }
]