[
  {
    "Plan": {
      "Node Type": "Aggregate",
      "Strategy": "Plain",
      "Partial Mode": "Finalize",
      "Parallel Aware": false,
      "Startup Cost": 45084.77,
      "Total Cost": 45084.78,
      "Plan Rows": 1,
      "Plan Width": 8,
      "Actual Startup Time": 112.791,
      "Actual Total Time": 119.416,
      "Actual Rows": 1,
      "Actual Loops": 1,
      "Plans": [
        {
          "Node Type": "Gather",
          "Parent Relationship": "Outer",
          "Parallel Aware": false,
          "Startup Cost": 45084.45,
          "Total Cost": 45084.76,
          "Plan Rows": 3,
          "Plan Width": 8,
          "Actual Startup Time": 112.705,
          "Actual Total Time": 119.409,
          "Actual Rows": 4,
          "Actual Loops": 1,
          "Workers Planned": 3,
          "Workers Launched": 3,
          "Single Copy": false,
          "Plans": [
            {
              "Node Type": "Aggregate",
              "Strategy": "Plain",
              "Partial Mode": "Partial",
              "Parent Relationship": "Outer",
              "Parallel Aware": false,
              "Startup Cost": 44084.45,
              "Total Cost": 44084.46,
              "Plan Rows": 1,
              "Plan Width": 8,
              "Actual Startup Time": 109.941,
              "Actual Total Time": 109.942,
              "Actual Rows": 1,
              "Actual Loops": 4,
              "Plans": [
                {
                  "Node Type": "Seq Scan",
                  "Parent Relationship": "Outer",
                  "Parallel Aware": true,
                  "Relation Name": "movie_keyword",
                  "Alias": "mk",
                  "Startup Cost": 0.0,
                  "Total Cost": 42695.65,
                  "Plan Rows": 555519,
                  "Plan Width": 0,
                  "Actual Startup Time": 0.425,
                  "Actual Total Time": 91.456,
                  "Actual Rows": 426226,
                  "Actual Loops": 4,
                  "Filter": "(keyword_id > 8444)",
                  "Rows Removed by Filter": 704757
                }
              ]
            }
          ]
        }
      ]
    },
    "Planning Time": 0.051,
    "Triggers": [],
    "Execution Time": 119.436
  }
]