[
  {
    "Plan": {
      "Node Type": "Aggregate",
      "Strategy": "Plain",
      "Partial Mode": "Finalize",
      "Parallel Aware": false,
      "Startup Cost": 263038.03,
      "Total Cost": 263038.04,
      "Plan Rows": 1,
      "Plan Width": 8,
      "Actual Startup Time": 182.598,
      "Actual Total Time": 216.277,
      "Actual Rows": 1,
      "Actual Loops": 1,
      "Plans": [
        {
          "Node Type": "Gather",
          "Parent Relationship": "Outer",
          "Parallel Aware": false,
          "Startup Cost": 263037.61,
          "Total Cost": 263038.02,
          "Plan Rows": 4,
          "Plan Width": 8,
          "Actual Startup Time": 182.421,
          "Actual Total Time": 216.263,
          "Actual Rows": 5,
          "Actual Loops": 1,
          "Workers Planned": 4,
          "Workers Launched": 4,
          "Single Copy": false,
          "Plans": [
            {
              "Node Type": "Aggregate",
              "Strategy": "Plain",
              "Partial Mode": "Partial",
              "Parent Relationship": "Outer",
              "Parallel Aware": false,
              "Startup Cost": 262037.61,
              "Total Cost": 262037.62,
              "Plan Rows": 1,
              "Plan Width": 8,
              "Actual Startup Time": 173.0,
              "Actual Total Time": 173.001,
              "Actual Rows": 1,
              "Actual Loops": 5,
              "Plans": [
                {
                  "Node Type": "Nested Loop",
                  "Parent Relationship": "Outer",
                  "Parallel Aware": false,
                  "Join Type": "Inner",
                  "Startup Cost": 0.56,
                  "Total Cost": 262035.47,
                  "Plan Rows": 859,
                  "Plan Width": 0,
                  "Actual Startup Time": 1.723,
                  "Actual Total Time": 172.887,
                  "Actual Rows": 641,
                  "Actual Loops": 5,
                  "Inner Unique": false,
                  "Plans": [
                    {
                      "Node Type": "Seq Scan",
                      "Parent Relationship": "Outer",
                      "Parallel Aware": true,
                      "Relation Name": "title",
                      "Alias": "t",
                      "Startup Cost": 0.0,
                      "Total Cost": 45479.59,
                      "Plan Rows": 2444,
                      "Plan Width": 4,
                      "Actual Startup Time": 0.217,
                      "Actual Total Time": 74.815,
                      "Actual Rows": 1874,
                      "Actual Loops": 5,
                      "Filter": "((kind_id > 1) AND (production_year = 1972))",
                      "Rows Removed by Filter": 503788
                    },
                    {
                      "Node Type": "Index Scan",
                      "Parent Relationship": "Inner",
                      "Parallel Aware": false,
                      "Scan Direction": "Forward",
                      "Index Name": "movie_id_cast_info",
                      "Relation Name": "cast_info",
                      "Alias": "ci",
                      "Startup Cost": 0.56,
                      "Total Cost": 88.6,
                      "Plan Rows": 1,
                      "Plan Width": 4,
                      "Actual Startup Time": 0.038,
                      "Actual Total Time": 0.052,
                      "Actual Rows": 0,
                      "Actual Loops": 9371,
                      "Index Cond": "(movie_id = t.id)",
                      "Rows Removed by Index Recheck": 0,
                      "Filter": "(person_id < 95292)",
                      "Rows Removed by Filter": 12
                    }
                  ]
                }
              ]
            }
          ]
        }
      ]
    },
    "Planning Time": 0.404,
    "Triggers": [],
    "Execution Time": 216.335
  }
]