[
  {
    "Plan": {
      "Node Type": "Aggregate",
      "Strategy": "Plain",
      "Partial Mode": "Finalize",
      "Parallel Aware": false,
      "Startup Cost": 31328.99,
      "Total Cost": 31329.0,
      "Plan Rows": 1,
      "Plan Width": 8,
      "Actual Startup Time": 138.414,
      "Actual Total Time": 152.173,
      "Actual Rows": 1,
      "Actual Loops": 1,
      "Plans": [
        {
          "Node Type": "Gather",
          "Parent Relationship": "Outer",
          "Parallel Aware": false,
          "Startup Cost": 31328.67,
          "Total Cost": 31328.98,
          "Plan Rows": 3,
          "Plan Width": 8,
          "Actual Startup Time": 138.188,
          "Actual Total Time": 152.156,
          "Actual Rows": 4,
          "Actual Loops": 1,
          "Workers Planned": 3,
          "Workers Launched": 3,
          "Single Copy": false,
          "Plans": [
            {
              "Node Type": "Aggregate",
              "Strategy": "Plain",
              "Partial Mode": "Partial",
              "Parent Relationship": "Outer",
              "Parallel Aware": false,
              "Startup Cost": 30328.67,
              "Total Cost": 30328.68,
              "Plan Rows": 1,
              "Plan Width": 8,
              "Actual Startup Time": 130.85,
              "Actual Total Time": 130.852,
              "Actual Rows": 1,
              "Actual Loops": 4,
              "Plans": [
                {
                  "Node Type": "Seq Scan",
                  "Parent Relationship": "Outer",
                  "Parallel Aware": true,
                  "Relation Name": "movie_companies",
                  "Alias": "mc",
                  "Startup Cost": 0.0,
                  "Total Cost": 29310.68,
                  "Plan Rows": 407195,
                  "Plan Width": 0,
                  "Actual Startup Time": 21.097,
                  "Actual Total Time": 109.384,
                  "Actual Rows": 313848,
                  "Actual Loops": 4,
                  "Filter": "(company_id > 11623)",
                  "Rows Removed by Filter": 338435
                }
              ]
            }
          ]
        }
      ]
    },
    "Planning Time": 0.184,
    "Triggers": [],
    "Execution Time": 152.227
  }
]