[
  {
    "Plan": {
      "Node Type": "Aggregate",
      "Strategy": "Plain",
      "Partial Mode": "Finalize",
      "Parallel Aware": false,
      "Startup Cost": 31318.95,
      "Total Cost": 31318.96,
      "Plan Rows": 1,
      "Plan Width": 8,
      "Actual Startup Time": 98.999,
      "Actual Total Time": 106.428,
      "Actual Rows": 1,
      "Actual Loops": 1,
      "Plans": [
        {
          "Node Type": "Gather",
          "Parent Relationship": "Outer",
          "Parallel Aware": false,
          "Startup Cost": 31318.64,
          "Total Cost": 31318.95,
          "Plan Rows": 3,
          "Plan Width": 8,
          "Actual Startup Time": 98.896,
          "Actual Total Time": 106.421,
          "Actual Rows": 4,
          "Actual Loops": 1,
          "Workers Planned": 3,
          "Workers Launched": 3,
          "Single Copy": false,
          "Plans": [
            {
              "Node Type": "Aggregate",
              "Strategy": "Plain",
              "Partial Mode": "Partial",
              "Parent Relationship": "Outer",
              "Parallel Aware": false,
              "Startup Cost": 30318.64,
              "Total Cost": 30318.65,
              "Plan Rows": 1,
              "Plan Width": 8,
              "Actual Startup Time": 92.367,
              "Actual Total Time": 92.368,
              "Actual Rows": 1,
              "Actual Loops": 4,
              "Plans": [
                {
                  "Node Type": "Seq Scan",
                  "Parent Relationship": "Outer",
                  "Parallel Aware": true,
                  "Relation Name": "movie_companies",
                  "Alias": "mc",
                  "Startup Cost": 0.0,
                  "Total Cost": 29310.68,
                  "Plan Rows": 403182,
                  "Plan Width": 0,
                  "Actual Startup Time": 21.079,
                  "Actual Total Time": 79.328,
                  "Actual Rows": 313848,
                  "Actual Loops": 4,
                  "Filter": "(company_id > 11623)",
                  "Rows Removed by Filter": 338435
                }
              ]
            }
          ]
        }
      ]
    },
    "Planning Time": 0.194,
    "Triggers": [],
    "Execution Time": 106.484
  }
]