[
    {
        "Bao": {
            "Bao prediction": 514.372,
            "Bao recommended hint": "(no hint)"
        }
    },
    {
        "Plan": {
            "Node Type": "Aggregate",
            "Strategy": "Plain",
            "Partial Mode": "Finalize",
            "Parallel Aware": false,
            "Startup Cost": 355756.8,
            "Total Cost": 355756.81,
            "Plan Rows": 1,
            "Plan Width": 8,
            "Actual Startup Time": 925.618,
            "Actual Total Time": 961.84,
            "Actual Rows": 1,
            "Actual Loops": 1,
            "Output": [
                "count(*)"
            ],
            "Plans": [
                {
                    "Node Type": "Gather",
                    "Parent Relationship": "Outer",
                    "Parallel Aware": false,
                    "Startup Cost": 355756.18,
                    "Total Cost": 355756.79,
                    "Plan Rows": 6,
                    "Plan Width": 8,
                    "Actual Startup Time": 925.528,
                    "Actual Total Time": 961.829,
                    "Actual Rows": 7,
                    "Actual Loops": 1,
                    "Output": [
                        "(PARTIAL count(*))"
                    ],
                    "Workers Planned": 6,
                    "Workers Launched": 6,
                    "Single Copy": false,
                    "Plans": [
                        {
                            "Node Type": "Aggregate",
                            "Strategy": "Plain",
                            "Partial Mode": "Partial",
                            "Parent Relationship": "Outer",
                            "Parallel Aware": false,
                            "Startup Cost": 354756.18,
                            "Total Cost": 354756.19,
                            "Plan Rows": 1,
                            "Plan Width": 8,
                            "Actual Startup Time": 915.007,
                            "Actual Total Time": 915.008,
                            "Actual Rows": 1,
                            "Actual Loops": 7,
                            "Output": [
                                "PARTIAL count(*)"
                            ],
                            "Workers": [
                                {
                                    "Worker Number": 0,
                                    "Actual Startup Time": 912.524,
                                    "Actual Total Time": 912.525,
                                    "Actual Rows": 1,
                                    "Actual Loops": 1
                                },
                                {
                                    "Worker Number": 1,
                                    "Actual Startup Time": 913.19,
                                    "Actual Total Time": 913.191,
                                    "Actual Rows": 1,
                                    "Actual Loops": 1
                                },
                                {
                                    "Worker Number": 2,
                                    "Actual Startup Time": 913.023,
                                    "Actual Total Time": 913.024,
                                    "Actual Rows": 1,
                                    "Actual Loops": 1
                                },
                                {
                                    "Worker Number": 3,
                                    "Actual Startup Time": 914.3,
                                    "Actual Total Time": 914.301,
                                    "Actual Rows": 1,
                                    "Actual Loops": 1
                                },
                                {
                                    "Worker Number": 4,
                                    "Actual Startup Time": 914.433,
                                    "Actual Total Time": 914.433,
                                    "Actual Rows": 1,
                                    "Actual Loops": 1
                                },
                                {
                                    "Worker Number": 5,
                                    "Actual Startup Time": 912.949,
                                    "Actual Total Time": 912.95,
                                    "Actual Rows": 1,
                                    "Actual Loops": 1
                                }
                            ],
                            "Plans": [
                                {
                                    "Node Type": "Seq Scan",
                                    "Parent Relationship": "Outer",
                                    "Parallel Aware": true,
                                    "Relation Name": "cast_info",
                                    "Schema": "public",
                                    "Alias": "ci",
                                    "Startup Cost": 0.0,
                                    "Total Cost": 343318.94,
                                    "Plan Rows": 4574895,
                                    "Plan Width": 0,
                                    "Actual Startup Time": 81.241,
                                    "Actual Total Time": 728.921,
                                    "Actual Rows": 3834878,
                                    "Actual Loops": 7,
                                    "Output": [
                                        "id",
                                        "person_id",
                                        "movie_id",
                                        "person_role_id",
                                        "note",
                                        "nr_order",
                                        "role_id"
                                    ],
                                    "Filter": "((ci.person_id > 481846) AND (ci.role_id < 10))",
                                    "Rows Removed by Filter": 1342885,
                                    "Workers": [
                                        {
                                            "Worker Number": 0,
                                            "Actual Startup Time": 78.763,
                                            "Actual Total Time": 729.507,
                                            "Actual Rows": 2745840,
                                            "Actual Loops": 1
                                        },
                                        {
                                            "Worker Number": 1,
                                            "Actual Startup Time": 79.425,
                                            "Actual Total Time": 729.078,
                                            "Actual Rows": 4492519,
                                            "Actual Loops": 1
                                        },
                                        {
                                            "Worker Number": 2,
                                            "Actual Startup Time": 79.25,
                                            "Actual Total Time": 734.343,
                                            "Actual Rows": 4391513,
                                            "Actual Loops": 1
                                        },
                                        {
                                            "Worker Number": 3,
                                            "Actual Startup Time": 80.538,
                                            "Actual Total Time": 728.577,
                                            "Actual Rows": 2812249,
                                            "Actual Loops": 1
                                        },
                                        {
                                            "Worker Number": 4,
                                            "Actual Startup Time": 80.654,
                                            "Actual Total Time": 729.889,
                                            "Actual Rows": 4496730,
                                            "Actual Loops": 1
                                        },
                                        {
                                            "Worker Number": 5,
                                            "Actual Startup Time": 79.186,
                                            "Actual Total Time": 727.29,
                                            "Actual Rows": 2817898,
                                            "Actual Loops": 1
                                        }
                                    ]
                                }
                            ]
                        }
                    ]
                }
            ]
        },
        "Planning Time": 2133.598,
        "Triggers": [],
        "Execution Time": 961.964
    }
]