[
    {
        "Bao": {
            "Bao prediction": "NaN",
            "Bao recommended hint": "(no hint)"
        }
    },
    {
        "Plan": {
            "Node Type": "Aggregate",
            "Strategy": "Plain",
            "Partial Mode": "Finalize",
            "Parallel Aware": false,
            "Startup Cost": 93046.63,
            "Total Cost": 93046.64,
            "Plan Rows": 1,
            "Plan Width": 8,
            "Actual Startup Time": 281.883,
            "Actual Total Time": 289.834,
            "Actual Rows": 1,
            "Actual Loops": 1,
            "Output": [
                "count(*)"
            ],
            "Plans": [
                {
                    "Node Type": "Gather",
                    "Parent Relationship": "Outer",
                    "Parallel Aware": false,
                    "Startup Cost": 93046.31,
                    "Total Cost": 93046.62,
                    "Plan Rows": 3,
                    "Plan Width": 8,
                    "Actual Startup Time": 279.507,
                    "Actual Total Time": 289.825,
                    "Actual Rows": 4,
                    "Actual Loops": 1,
                    "Output": [
                        "(PARTIAL count(*))"
                    ],
                    "Workers Planned": 3,
                    "Workers Launched": 3,
                    "Single Copy": false,
                    "Plans": [
                        {
                            "Node Type": "Aggregate",
                            "Strategy": "Plain",
                            "Partial Mode": "Partial",
                            "Parent Relationship": "Outer",
                            "Parallel Aware": false,
                            "Startup Cost": 92046.31,
                            "Total Cost": 92046.32,
                            "Plan Rows": 1,
                            "Plan Width": 8,
                            "Actual Startup Time": 271.399,
                            "Actual Total Time": 271.402,
                            "Actual Rows": 1,
                            "Actual Loops": 4,
                            "Output": [
                                "PARTIAL count(*)"
                            ],
                            "Workers": [
                                {
                                    "Worker Number": 0,
                                    "Actual Startup Time": 268.67,
                                    "Actual Total Time": 268.673,
                                    "Actual Rows": 1,
                                    "Actual Loops": 1
                                },
                                {
                                    "Worker Number": 1,
                                    "Actual Startup Time": 268.696,
                                    "Actual Total Time": 268.698,
                                    "Actual Rows": 1,
                                    "Actual Loops": 1
                                },
                                {
                                    "Worker Number": 2,
                                    "Actual Startup Time": 269.205,
                                    "Actual Total Time": 269.207,
                                    "Actual Rows": 1,
                                    "Actual Loops": 1
                                }
                            ],
                            "Plans": [
                                {
                                    "Node Type": "Hash Join",
                                    "Parent Relationship": "Outer",
                                    "Parallel Aware": true,
                                    "Join Type": "Inner",
                                    "Startup Cost": 48209.68,
                                    "Total Cost": 91763.77,
                                    "Plan Rows": 113015,
                                    "Plan Width": 0,
                                    "Actual Startup Time": 156.14,
                                    "Actual Total Time": 270.41,
                                    "Actual Rows": 23020,
                                    "Actual Loops": 4,
                                    "Inner Unique": true,
                                    "Hash Cond": "(mk.movie_id = t.id)",
                                    "Workers": [
                                        {
                                            "Worker Number": 0,
                                            "Actual Startup Time": 153.522,
                                            "Actual Total Time": 267.635,
                                            "Actual Rows": 23361,
                                            "Actual Loops": 1
                                        },
                                        {
                                            "Worker Number": 1,
                                            "Actual Startup Time": 153.532,
                                            "Actual Total Time": 267.689,
                                            "Actual Rows": 22634,
                                            "Actual Loops": 1
                                        },
                                        {
                                            "Worker Number": 2,
                                            "Actual Startup Time": 153.65,
                                            "Actual Total Time": 268.189,
                                            "Actual Rows": 22797,
                                            "Actual Loops": 1
                                        }
                                    ],
                                    "Plans": [
                                        {
                                            "Node Type": "Seq Scan",
                                            "Parent Relationship": "Outer",
                                            "Parallel Aware": true,
                                            "Relation Name": "movie_keyword",
                                            "Schema": "public",
                                            "Alias": "mk",
                                            "Startup Cost": 0.0,
                                            "Total Cost": 42695.65,
                                            "Plan Rows": 327023,
                                            "Plan Width": 4,
                                            "Actual Startup Time": 1.086,
                                            "Actual Total Time": 81.52,
                                            "Actual Rows": 248514,
                                            "Actual Loops": 4,
                                            "Output": [
                                                "mk.id",
                                                "mk.movie_id",
                                                "mk.keyword_id"
                                            ],
                                            "Filter": "(mk.keyword_id > 18607)",
                                            "Rows Removed by Filter": 882469,
                                            "Workers": [
                                                {
                                                    "Worker Number": 0,
                                                    "Actual Startup Time": 1.005,
                                                    "Actual Total Time": 82.031,
                                                    "Actual Rows": 242211,
                                                    "Actual Loops": 1
                                                },
                                                {
                                                    "Worker Number": 1,
                                                    "Actual Startup Time": 1.147,
                                                    "Actual Total Time": 82.321,
                                                    "Actual Rows": 242962,
                                                    "Actual Loops": 1
                                                },
                                                {
                                                    "Worker Number": 2,
                                                    "Actual Startup Time": 1.02,
                                                    "Actual Total Time": 82.143,
                                                    "Actual Rows": 241718,
                                                    "Actual Loops": 1
                                                }
                                            ]
                                        },
                                        {
                                            "Node Type": "Hash",
                                            "Parent Relationship": "Inner",
                                            "Parallel Aware": true,
                                            "Startup Cost": 45479.21,
                                            "Total Cost": 45479.21,
                                            "Plan Rows": 218438,
                                            "Plan Width": 4,
                                            "Actual Startup Time": 151.663,
                                            "Actual Total Time": 151.664,
                                            "Actual Rows": 200378,
                                            "Actual Loops": 4,
                                            "Output": [
                                                "t.id"
                                            ],
                                            "Hash Buckets": 1048576,
                                            "Original Hash Buckets": 1048576,
                                            "Hash Batches": 1,
                                            "Original Hash Batches": 1,
                                            "Peak Memory Usage": 39616,
                                            "Workers": [
                                                {
                                                    "Worker Number": 0,
                                                    "Actual Startup Time": 151.619,
                                                    "Actual Total Time": 151.62,
                                                    "Actual Rows": 187687,
                                                    "Actual Loops": 1
                                                },
                                                {
                                                    "Worker Number": 1,
                                                    "Actual Startup Time": 151.626,
                                                    "Actual Total Time": 151.627,
                                                    "Actual Rows": 188432,
                                                    "Actual Loops": 1
                                                },
                                                {
                                                    "Worker Number": 2,
                                                    "Actual Startup Time": 151.792,
                                                    "Actual Total Time": 151.793,
                                                    "Actual Rows": 189707,
                                                    "Actual Loops": 1
                                                }
                                            ],
                                            "Plans": [
                                                {
                                                    "Node Type": "Seq Scan",
                                                    "Parent Relationship": "Outer",
                                                    "Parallel Aware": true,
                                                    "Relation Name": "title",
                                                    "Schema": "public",
                                                    "Alias": "t",
                                                    "Startup Cost": 0.0,
                                                    "Total Cost": 45479.21,
                                                    "Plan Rows": 218438,
                                                    "Plan Width": 4,
                                                    "Actual Startup Time": 0.031,
                                                    "Actual Total Time": 88.679,
                                                    "Actual Rows": 200378,
                                                    "Actual Loops": 4,
                                                    "Output": [
                                                        "t.id"
                                                    ],
                                                    "Filter": "((t.production_year < 2006) AND (t.kind_id = 7))",
                                                    "Rows Removed by Filter": 431700,
                                                    "Workers": [
                                                        {
                                                            "Worker Number": 0,
                                                            "Actual Startup Time": 0.044,
                                                            "Actual Total Time": 90.361,
                                                            "Actual Rows": 187687,
                                                            "Actual Loops": 1
                                                        },
                                                        {
                                                            "Worker Number": 1,
                                                            "Actual Startup Time": 0.028,
                                                            "Actual Total Time": 90.507,
                                                            "Actual Rows": 188432,
                                                            "Actual Loops": 1
                                                        },
                                                        {
                                                            "Worker Number": 2,
                                                            "Actual Startup Time": 0.041,
                                                            "Actual Total Time": 90.569,
                                                            "Actual Rows": 189707,
                                                            "Actual Loops": 1
                                                        }
                                                    ]
                                                }
                                            ]
                                        }
                                    ]
                                }
                            ]
                        }
                    ]
                }
            ]
        },
        "Planning Time": 204.494,
        "Triggers": [],
        "Execution Time": 289.938
    }
]