{
  "Plan": {
    "Node Type": "Aggregate",
    "Strategy": "Plain",
    "Partial Mode": "Finalize",
    "Parallel Aware": false,
    "Startup Cost": 1496004.88,
    "Total Cost": 1496004.89,
    "Plan Rows": 1,
    "Plan Width": 8,
    "Actual Startup Time": 9564.887,
    "Actual Total Time": 9635.938,
    "Actual Rows": 1,
    "Actual Loops": 1,
    "Plans": [
      {
        "Node Type": "Gather",
        "Parent Relationship": "Outer",
        "Parallel Aware": false,
        "Startup Cost": 1496004.77,
        "Total Cost": 1496004.88,
        "Plan Rows": 1,
        "Plan Width": 8,
        "Actual Startup Time": 9523.841,
        "Actual Total Time": 9635.925,
        "Actual Rows": 2,
        "Actual Loops": 1,
        "Workers Planned": 1,
        "Workers Launched": 1,
        "Single Copy": false,
        "Plans": [
          {
            "Node Type": "Aggregate",
            "Strategy": "Plain",
            "Partial Mode": "Partial",
            "Parent Relationship": "Outer",
            "Parallel Aware": false,
            "Startup Cost": 1495004.77,
            "Total Cost": 1495004.78,
            "Plan Rows": 1,
            "Plan Width": 8,
            "Actual Startup Time": 9522.877,
            "Actual Total Time": 9522.885,
            "Actual Rows": 1,
            "Actual Loops": 2,
            "Plans": [
              {
                "Node Type": "Merge Join",
                "Parent Relationship": "Outer",
                "Parallel Aware": false,
                "Join Type": "Inner",
                "Startup Cost": 1398207.26,
                "Total Cost": 1484172.51,
                "Plan Rows": 4332906,
                "Plan Width": 0,
                "Actual Startup Time": 6025.499,
                "Actual Total Time": 8920.379,
                "Actual Rows": 14573688,
                "Actual Loops": 2,
                "Inner Unique": false,
                "Merge Cond": "(t.id = mc.movie_id)",
                "Plans": [
                  {
                    "Node Type": "Sort",
                    "Parent Relationship": "Outer",
                    "Parallel Aware": false,
                    "Startup Cost": 1075255.83,
                    "Total Cost": 1085752.49,
                    "Plan Rows": 4198664,
                    "Plan Width": 8,
                    "Actual Startup Time": 5277.592,
                    "Actual Total Time": 5943.439,
                    "Actual Rows": 3652334,
                    "Actual Loops": 2,
                    "Sort Key": [
                      "t.id"
                    ],
                    "Sort Method": "quicksort",
                    "Sort Space Used": 271787,
                    "Sort Space Type": "Memory",
                    "Workers": [
                      {
                        "Worker Number": 0,
                        "Sort Method": "quicksort",
                        "Sort Space Used": 267240,
                        "Sort Space Type": "Memory"
                      }
                    ],
                    "Plans": [
                      {
                        "Node Type": "Hash Join",
                        "Parent Relationship": "Outer",
                        "Parallel Aware": true,
                        "Join Type": "Inner",
                        "Startup Cost": 65394.39,
                        "Total Cost": 613371.33,
                        "Plan Rows": 4198664,
                        "Plan Width": 8,
                        "Actual Startup Time": 664.635,
                        "Actual Total Time": 4296.254,
                        "Actual Rows": 3652458,
                        "Actual Loops": 2,
                        "Inner Unique": true,
                        "Hash Cond": "(ci.movie_id = t.id)",
                        "Plans": [
                          {
                            "Node Type": "Seq Scan",
                            "Parent Relationship": "Outer",
                            "Parallel Aware": true,
                            "Relation Name": "cast_info",
                            "Alias": "ci",
                            "Startup Cost": 0.0,
                            "Total Cost": 519069.44,
                            "Plan Rows": 11012361,
                            "Plan Width": 4,
                            "Actual Startup Time": 389.922,
                            "Actual Total Time": 1467.053,
                            "Actual Rows": 9344083,
                            "Actual Loops": 2,
                            "Filter": "(person_id > 1737474)",
                            "Rows Removed by Filter": 8778089
                          },
                          {
                            "Node Type": "Hash",
                            "Parent Relationship": "Inner",
                            "Parallel Aware": true,
                            "Startup Cost": 58306.47,
                            "Total Cost": 58306.47,
                            "Plan Rows": 567034,
                            "Plan Width": 4,
                            "Actual Startup Time": 265.452,
                            "Actual Total Time": 265.453,
                            "Actual Rows": 488889,
                            "Actual Loops": 2,
                            "Hash Buckets": 1048576,
                            "Original Hash Buckets": 1048576,
                            "Hash Batches": 1,
                            "Original Hash Batches": 1,
                            "Peak Memory Usage": 46496,
                            "Plans": [
                              {
                                "Node Type": "Seq Scan",
                                "Parent Relationship": "Outer",
                                "Parallel Aware": true,
                                "Relation Name": "title",
                                "Alias": "t",
                                "Startup Cost": 0.0,
                                "Total Cost": 58306.47,
                                "Plan Rows": 567034,
                                "Plan Width": 4,
                                "Actual Startup Time": 0.045,
                                "Actual Total Time": 156.648,
                                "Actual Rows": 488889,
                                "Actual Loops": 2,
                                "Filter": "((kind_id < 7) AND (production_year > 0))",
                                "Rows Removed by Filter": 775267
                              }
                            ]
                          }
                        ]
                      }
                    ]
                  },
                  {
                    "Node Type": "Sort",
                    "Parent Relationship": "Inner",
                    "Parallel Aware": false,
                    "Startup Cost": 322951.0,
                    "Total Cost": 329473.82,
                    "Plan Rows": 2609129,
                    "Plan Width": 4,
                    "Actual Startup Time": 747.891,
                    "Actual Total Time": 1316.828,
                    "Actual Rows": 15583546,
                    "Actual Loops": 2,
                    "Sort Key": [
                      "mc.movie_id"
                    ],
                    "Sort Method": "quicksort",
                    "Sort Space Used": 220607,
                    "Sort Space Type": "Memory",
                    "Workers": [
                      {
                        "Worker Number": 0,
                        "Sort Method": "quicksort",
                        "Sort Space Used": 220607,
                        "Sort Space Type": "Memory"
                      }
                    ],
                    "Plans": [
                      {
                        "Node Type": "Seq Scan",
                        "Parent Relationship": "Outer",
                        "Parallel Aware": false,
                        "Relation Name": "movie_companies",
                        "Alias": "mc",
                        "Startup Cost": 0.0,
                        "Total Cost": 44881.29,
                        "Plan Rows": 2609129,
                        "Plan Width": 4,
                        "Actual Startup Time": 0.04,
                        "Actual Total Time": 228.105,
                        "Actual Rows": 2609129,
                        "Actual Loops": 2
                      }
                    ]
                  }
                ]
              }
            ]
          }
        ]
      }
    ]
  },
  "Planning Time": 1.165,
  "Triggers": [],
  "Execution Time": 9679.812
}