[
  {
    "Plan": {
      "Node Type": "Aggregate",
      "Strategy": "Plain",
      "Partial Mode": "Finalize",
      "Parallel Aware": false,
      "Startup Cost": 30021.98,
      "Total Cost": 30021.99,
      "Plan Rows": 1,
      "Plan Width": 8,
      "Actual Startup Time": 77.273,
      "Actual Total Time": 84.751,
      "Actual Rows": 1,
      "Actual Loops": 1,
      "Plans": [
        {
          "Node Type": "Gather",
          "Parent Relationship": "Outer",
          "Parallel Aware": false,
          "Startup Cost": 30021.66,
          "Total Cost": 30021.97,
          "Plan Rows": 3,
          "Plan Width": 8,
          "Actual Startup Time": 77.041,
          "Actual Total Time": 84.743,
          "Actual Rows": 4,
          "Actual Loops": 1,
          "Workers Planned": 3,
          "Workers Launched": 3,
          "Single Copy": false,
          "Plans": [
            {
              "Node Type": "Aggregate",
              "Strategy": "Plain",
              "Partial Mode": "Partial",
              "Parent Relationship": "Outer",
              "Parallel Aware": false,
              "Startup Cost": 29021.66,
              "Total Cost": 29021.67,
              "Plan Rows": 1,
              "Plan Width": 8,
              "Actual Startup Time": 69.421,
              "Actual Total Time": 69.422,
              "Actual Rows": 1,
              "Actual Loops": 4,
              "Plans": [
                {
                  "Node Type": "Bitmap Heap Scan",
                  "Parent Relationship": "Outer",
                  "Parallel Aware": true,
                  "Relation Name": "movie_keyword",
                  "Alias": "mk",
                  "Startup Cost": 3719.27,
                  "Total Cost": 28880.26,
                  "Plan Rows": 56559,
                  "Plan Width": 0,
                  "Actual Startup Time": 13.296,
                  "Actual Total Time": 66.525,
                  "Actual Rows": 43918,
                  "Actual Loops": 4,
                  "Recheck Cond": "(keyword_id > 71849)",
                  "Rows Removed by Index Recheck": 0,
                  "Exact Heap Blocks": 10729,
                  "Lossy Heap Blocks": 0,
                  "Plans": [
                    {
                      "Node Type": "Bitmap Index Scan",
                      "Parent Relationship": "Outer",
                      "Parallel Aware": false,
                      "Index Name": "keyword_id_movie_keyword",
                      "Startup Cost": 0.0,
                      "Total Cost": 3675.44,
                      "Plan Rows": 175334,
                      "Plan Width": 0,
                      "Actual Startup Time": 16.398,
                      "Actual Total Time": 16.398,
                      "Actual Rows": 175673,
                      "Actual Loops": 1,
                      "Index Cond": "(keyword_id > 71849)"
                    }
                  ]
                }
              ]
            }
          ]
        }
      ]
    },
    "Planning Time": 0.15,
    "Triggers": [],
    "Execution Time": 84.816
  }
]