{
    "Plan": {
        "Node Type": "Aggregate",
        "Strategy": "Plain",
        "Partial Mode": "Finalize",
        "Parallel Aware": false,
        "Startup Cost": 389458.67,
        "Total Cost": 389458.68,
        "Plan Rows": 1,
        "Plan Width": 8,
        "Actual Startup Time": 1556.041,
        "Actual Total Time": 1604.329,
        "Actual Rows": 1,
        "Actual Loops": 1,
        "Output": [
            "count(*)"
        ],
        "Plans": [
            {
                "Node Type": "Gather",
                "Parent Relationship": "Outer",
                "Parallel Aware": false,
                "Startup Cost": 389458.04,
                "Total Cost": 389458.65,
                "Plan Rows": 6,
                "Plan Width": 8,
                "Actual Startup Time": 1545.328,
                "Actual Total Time": 1604.315,
                "Actual Rows": 7,
                "Actual Loops": 1,
                "Output": [
                    "(PARTIAL count(*))"
                ],
                "Workers Planned": 6,
                "Workers Launched": 6,
                "Single Copy": false,
                "Plans": [
                    {
                        "Node Type": "Aggregate",
                        "Strategy": "Plain",
                        "Partial Mode": "Partial",
                        "Parent Relationship": "Outer",
                        "Parallel Aware": false,
                        "Startup Cost": 388458.04,
                        "Total Cost": 388458.05,
                        "Plan Rows": 1,
                        "Plan Width": 8,
                        "Actual Startup Time": 1531.068,
                        "Actual Total Time": 1531.072,
                        "Actual Rows": 1,
                        "Actual Loops": 7,
                        "Output": [
                            "PARTIAL count(*)"
                        ],
                        "Workers": [
                            {
                                "Worker Number": 0,
                                "Actual Startup Time": 1528.471,
                                "Actual Total Time": 1528.474,
                                "Actual Rows": 1,
                                "Actual Loops": 1
                            },
                            {
                                "Worker Number": 1,
                                "Actual Startup Time": 1528.474,
                                "Actual Total Time": 1528.477,
                                "Actual Rows": 1,
                                "Actual Loops": 1
                            },
                            {
                                "Worker Number": 2,
                                "Actual Startup Time": 1528.724,
                                "Actual Total Time": 1528.735,
                                "Actual Rows": 1,
                                "Actual Loops": 1
                            },
                            {
                                "Worker Number": 3,
                                "Actual Startup Time": 1528.753,
                                "Actual Total Time": 1528.756,
                                "Actual Rows": 1,
                                "Actual Loops": 1
                            },
                            {
                                "Worker Number": 4,
                                "Actual Startup Time": 1529.699,
                                "Actual Total Time": 1529.702,
                                "Actual Rows": 1,
                                "Actual Loops": 1
                            },
                            {
                                "Worker Number": 5,
                                "Actual Startup Time": 1528.895,
                                "Actual Total Time": 1528.897,
                                "Actual Rows": 1,
                                "Actual Loops": 1
                            }
                        ],
                        "Plans": [
                            {
                                "Node Type": "Hash Join",
                                "Parent Relationship": "Outer",
                                "Parallel Aware": true,
                                "Join Type": "Inner",
                                "Startup Cost": 49686.2,
                                "Total Cost": 384905.44,
                                "Plan Rows": 1421040,
                                "Plan Width": 0,
                                "Actual Startup Time": 480.934,
                                "Actual Total Time": 1480.036,
                                "Actual Rows": 1188430,
                                "Actual Loops": 7,
                                "Inner Unique": true,
                                "Hash Cond": "(ci.movie_id = t.id)",
                                "Workers": [
                                    {
                                        "Worker Number": 0,
                                        "Actual Startup Time": 478.356,
                                        "Actual Total Time": 1482.036,
                                        "Actual Rows": 1117025,
                                        "Actual Loops": 1
                                    },
                                    {
                                        "Worker Number": 1,
                                        "Actual Startup Time": 478.828,
                                        "Actual Total Time": 1473.99,
                                        "Actual Rows": 849749,
                                        "Actual Loops": 1
                                    },
                                    {
                                        "Worker Number": 2,
                                        "Actual Startup Time": 478.597,
                                        "Actual Total Time": 1477.478,
                                        "Actual Rows": 1293658,
                                        "Actual Loops": 1
                                    },
                                    {
                                        "Worker Number": 3,
                                        "Actual Startup Time": 478.619,
                                        "Actual Total Time": 1478.3,
                                        "Actual Rows": 1279145,
                                        "Actual Loops": 1
                                    },
                                    {
                                        "Worker Number": 4,
                                        "Actual Startup Time": 478.849,
                                        "Actual Total Time": 1479.07,
                                        "Actual Rows": 1280348,
                                        "Actual Loops": 1
                                    },
                                    {
                                        "Worker Number": 5,
                                        "Actual Startup Time": 478.843,
                                        "Actual Total Time": 1482.115,
                                        "Actual Rows": 1130856,
                                        "Actual Loops": 1
                                    }
                                ],
                                "Plans": [
                                    {
                                        "Node Type": "Seq Scan",
                                        "Parent Relationship": "Outer",
                                        "Parallel Aware": true,
                                        "Relation Name": "cast_info",
                                        "Schema": "public",
                                        "Alias": "ci",
                                        "Startup Cost": 0.0,
                                        "Total Cost": 328213.62,
                                        "Plan Rows": 2668808,
                                        "Plan Width": 4,
                                        "Actual Startup Time": 312.08,
                                        "Actual Total Time": 629.932,
                                        "Actual Rows": 2303098,
                                        "Actual Loops": 7,
                                        "Output": [
                                            "ci.id",
                                            "ci.person_id",
                                            "ci.movie_id",
                                            "ci.person_role_id",
                                            "ci.note",
                                            "ci.nr_order",
                                            "ci.role_id"
                                        ],
                                        "Filter": "(ci.role_id > 2)",
                                        "Rows Removed by Filter": 2874666,
                                        "Workers": [
                                            {
                                                "Worker Number": 0,
                                                "Actual Startup Time": 312.201,
                                                "Actual Total Time": 621.646,
                                                "Actual Rows": 2160851,
                                                "Actual Loops": 1
                                            },
                                            {
                                                "Worker Number": 1,
                                                "Actual Startup Time": 312.035,
                                                "Actual Total Time": 650.258,
                                                "Actual Rows": 1656004,
                                                "Actual Loops": 1
                                            },
                                            {
                                                "Worker Number": 2,
                                                "Actual Startup Time": 312.207,
                                                "Actual Total Time": 638.151,
                                                "Actual Rows": 2492276,
                                                "Actual Loops": 1
                                            },
                                            {
                                                "Worker Number": 3,
                                                "Actual Startup Time": 312.038,
                                                "Actual Total Time": 636.746,
                                                "Actual Rows": 2461425,
                                                "Actual Loops": 1
                                            },
                                            {
                                                "Worker Number": 4,
                                                "Actual Startup Time": 312.037,
                                                "Actual Total Time": 638.617,
                                                "Actual Rows": 2480719,
                                                "Actual Loops": 1
                                            },
                                            {
                                                "Worker Number": 5,
                                                "Actual Startup Time": 311.991,
                                                "Actual Total Time": 622.599,
                                                "Actual Rows": 2200870,
                                                "Actual Loops": 1
                                            }
                                        ]
                                    },
                                    {
                                        "Node Type": "Hash",
                                        "Parent Relationship": "Inner",
                                        "Parallel Aware": true,
                                        "Startup Cost": 45479.21,
                                        "Total Cost": 45479.21,
                                        "Plan Rows": 336559,
                                        "Plan Width": 4,
                                        "Actual Startup Time": 163.831,
                                        "Actual Total Time": 163.833,
                                        "Actual Rows": 189683,
                                        "Actual Loops": 7,
                                        "Output": [
                                            "t.id"
                                        ],
                                        "Hash Buckets": 2097152,
                                        "Original Hash Buckets": 2097152,
                                        "Hash Batches": 1,
                                        "Original Hash Batches": 1,
                                        "Peak Memory Usage": 68448,
                                        "Workers": [
                                            {
                                                "Worker Number": 0,
                                                "Actual Startup Time": 165.403,
                                                "Actual Total Time": 165.404,
                                                "Actual Rows": 164516,
                                                "Actual Loops": 1
                                            },
                                            {
                                                "Worker Number": 1,
                                                "Actual Startup Time": 165.413,
                                                "Actual Total Time": 165.414,
                                                "Actual Rows": 134315,
                                                "Actual Loops": 1
                                            },
                                            {
                                                "Worker Number": 2,
                                                "Actual Startup Time": 165.752,
                                                "Actual Total Time": 165.762,
                                                "Actual Rows": 191107,
                                                "Actual Loops": 1
                                            },
                                            {
                                                "Worker Number": 3,
                                                "Actual Startup Time": 165.742,
                                                "Actual Total Time": 165.743,
                                                "Actual Rows": 190500,
                                                "Actual Loops": 1
                                            },
                                            {
                                                "Worker Number": 4,
                                                "Actual Startup Time": 165.954,
                                                "Actual Total Time": 165.955,
                                                "Actual Rows": 192262,
                                                "Actual Loops": 1
                                            },
                                            {
                                                "Worker Number": 5,
                                                "Actual Startup Time": 165.869,
                                                "Actual Total Time": 165.87,
                                                "Actual Rows": 168787,
                                                "Actual Loops": 1
                                            }
                                        ],
                                        "Plans": [
                                            {
                                                "Node Type": "Seq Scan",
                                                "Parent Relationship": "Outer",
                                                "Parallel Aware": true,
                                                "Relation Name": "title",
                                                "Schema": "public",
                                                "Alias": "t",
                                                "Startup Cost": 0.0,
                                                "Total Cost": 45479.21,
                                                "Plan Rows": 336559,
                                                "Plan Width": 4,
                                                "Actual Startup Time": 0.062,
                                                "Actual Total Time": 76.073,
                                                "Actual Rows": 189683,
                                                "Actual Loops": 7,
                                                "Output": [
                                                    "t.id"
                                                ],
                                                "Filter": "((t.production_year < 2012) AND (t.kind_id = 7))",
                                                "Rows Removed by Filter": 171504,
                                                "Workers": [
                                                    {
                                                        "Worker Number": 0,
                                                        "Actual Startup Time": 0.08,
                                                        "Actual Total Time": 76.071,
                                                        "Actual Rows": 164516,
                                                        "Actual Loops": 1
                                                    },
                                                    {
                                                        "Worker Number": 1,
                                                        "Actual Startup Time": 0.073,
                                                        "Actual Total Time": 78.286,
                                                        "Actual Rows": 134315,
                                                        "Actual Loops": 1
                                                    },
                                                    {
                                                        "Worker Number": 2,
                                                        "Actual Startup Time": 0.061,
                                                        "Actual Total Time": 78.1,
                                                        "Actual Rows": 191107,
                                                        "Actual Loops": 1
                                                    },
                                                    {
                                                        "Worker Number": 3,
                                                        "Actual Startup Time": 0.06,
                                                        "Actual Total Time": 78.113,
                                                        "Actual Rows": 190500,
                                                        "Actual Loops": 1
                                                    },
                                                    {
                                                        "Worker Number": 4,
                                                        "Actual Startup Time": 0.073,
                                                        "Actual Total Time": 77.487,
                                                        "Actual Rows": 192262,
                                                        "Actual Loops": 1
                                                    },
                                                    {
                                                        "Worker Number": 5,
                                                        "Actual Startup Time": 0.069,
                                                        "Actual Total Time": 76.758,
                                                        "Actual Rows": 168787,
                                                        "Actual Loops": 1
                                                    }
                                                ]
                                            }
                                        ]
                                    }
                                ]
                            }
                        ]
                    }
                ]
            }
        ]
    },
    "Planning Time": 0.786,
    "Triggers": [],
    "Execution Time": 1604.413
}