[
  {
    "Plan": {
      "Node Type": "Aggregate",
      "Strategy": "Plain",
      "Partial Mode": "Finalize",
      "Parallel Aware": false,
      "Startup Cost": 165086.0,
      "Total Cost": 165086.01,
      "Plan Rows": 1,
      "Plan Width": 8,
      "Actual Startup Time": 127.055,
      "Actual Total Time": 145.614,
      "Actual Rows": 1,
      "Actual Loops": 1,
      "Plans": [
        {
          "Node Type": "Gather",
          "Parent Relationship": "Outer",
          "Parallel Aware": false,
          "Startup Cost": 165085.58,
          "Total Cost": 165085.99,
          "Plan Rows": 4,
          "Plan Width": 8,
          "Actual Startup Time": 126.876,
          "Actual Total Time": 145.605,
          "Actual Rows": 5,
          "Actual Loops": 1,
          "Workers Planned": 4,
          "Workers Launched": 4,
          "Single Copy": false,
          "Plans": [
            {
              "Node Type": "Aggregate",
              "Strategy": "Plain",
              "Partial Mode": "Partial",
              "Parent Relationship": "Outer",
              "Parallel Aware": false,
              "Startup Cost": 164085.58,
              "Total Cost": 164085.59,
              "Plan Rows": 1,
              "Plan Width": 8,
              "Actual Startup Time": 118.285,
              "Actual Total Time": 118.287,
              "Actual Rows": 1,
              "Actual Loops": 5,
              "Plans": [
                {
                  "Node Type": "Nested Loop",
                  "Parent Relationship": "Outer",
                  "Parallel Aware": false,
                  "Join Type": "Inner",
                  "Startup Cost": 0.43,
                  "Total Cost": 164069.49,
                  "Plan Rows": 6434,
                  "Plan Width": 0,
                  "Actual Startup Time": 58.617,
                  "Actual Total Time": 117.396,
                  "Actual Rows": 9557,
                  "Actual Loops": 5,
                  "Inner Unique": false,
                  "Plans": [
                    {
                      "Node Type": "Seq Scan",
                      "Parent Relationship": "Outer",
                      "Parallel Aware": true,
                      "Relation Name": "title",
                      "Alias": "t",
                      "Startup Cost": 0.0,
                      "Total Cost": 43899.32,
                      "Plan Rows": 1096,
                      "Plan Width": 4,
                      "Actual Startup Time": 53.59,
                      "Actual Total Time": 84.053,
                      "Actual Rows": 903,
                      "Actual Loops": 5,
                      "Filter": "(production_year = 1917)",
                      "Rows Removed by Filter": 504760
                    },
                    {
                      "Node Type": "Index Only Scan",
                      "Parent Relationship": "Inner",
                      "Parallel Aware": false,
                      "Scan Direction": "Forward",
                      "Index Name": "movie_id_movie_info",
                      "Relation Name": "movie_info",
                      "Alias": "mi",
                      "Startup Cost": 0.43,
                      "Total Cost": 109.23,
                      "Plan Rows": 41,
                      "Plan Width": 4,
                      "Actual Startup Time": 0.013,
                      "Actual Total Time": 0.035,
                      "Actual Rows": 11,
                      "Actual Loops": 4514,
                      "Index Cond": "(movie_id = t.id)",
                      "Rows Removed by Index Recheck": 0,
                      "Heap Fetches": 47785
                    }
                  ]
                }
              ]
            }
          ]
        }
      ]
    },
    "Planning Time": 0.262,
    "Triggers": [],
    "Execution Time": 145.714
  }
]