[
  {
    "Plan": {
      "Node Type": "Aggregate",
      "Strategy": "Plain",
      "Partial Mode": "Finalize",
      "Parallel Aware": false,
      "Startup Cost": 339516.43,
      "Total Cost": 339516.44,
      "Plan Rows": 1,
      "Plan Width": 8,
      "Actual Startup Time": 827.57,
      "Actual Total Time": 897.07,
      "Actual Rows": 1,
      "Actual Loops": 1,
      "Plans": [
        {
          "Node Type": "Gather",
          "Parent Relationship": "Outer",
          "Parallel Aware": false,
          "Startup Cost": 339515.8,
          "Total Cost": 339516.41,
          "Plan Rows": 6,
          "Plan Width": 8,
          "Actual Startup Time": 827.415,
          "Actual Total Time": 897.059,
          "Actual Rows": 7,
          "Actual Loops": 1,
          "Workers Planned": 6,
          "Workers Launched": 6,
          "Single Copy": false,
          "Plans": [
            {
              "Node Type": "Aggregate",
              "Strategy": "Plain",
              "Partial Mode": "Partial",
              "Parent Relationship": "Outer",
              "Parallel Aware": false,
              "Startup Cost": 338515.8,
              "Total Cost": 338515.81,
              "Plan Rows": 1,
              "Plan Width": 8,
              "Actual Startup Time": 819.567,
              "Actual Total Time": 819.568,
              "Actual Rows": 1,
              "Actual Loops": 7,
              "Plans": [
                {
                  "Node Type": "Seq Scan",
                  "Parent Relationship": "Outer",
                  "Parallel Aware": true,
                  "Relation Name": "cast_info",
                  "Alias": "ci",
                  "Startup Cost": 0.0,
                  "Total Cost": 328162.03,
                  "Plan Rows": 4141510,
                  "Plan Width": 0,
                  "Actual Startup Time": 134.097,
                  "Actual Total Time": 655.477,
                  "Actual Rows": 3552333,
                  "Actual Loops": 7,
                  "Filter": "(person_id > 1118176)",
                  "Rows Removed by Filter": 1625430
                }
              ]
            }
          ]
        }
      ]
    },
    "Planning Time": 0.207,
    "Triggers": [],
    "Execution Time": 897.144
  }
]