[
  {
    "Plan": {
      "Node Type": "Aggregate",
      "Strategy": "Plain",
      "Partial Mode": "Finalize",
      "Parallel Aware": false,
      "Startup Cost": 125517.11,
      "Total Cost": 125517.12,
      "Plan Rows": 1,
      "Plan Width": 8,
      "Actual Startup Time": 456.802,
      "Actual Total Time": 481.205,
      "Actual Rows": 1,
      "Actual Loops": 1,
      "Plans": [
        {
          "Node Type": "Gather",
          "Parent Relationship": "Outer",
          "Parallel Aware": false,
          "Startup Cost": 125516.79,
          "Total Cost": 125517.1,
          "Plan Rows": 3,
          "Plan Width": 8,
          "Actual Startup Time": 455.001,
          "Actual Total Time": 481.194,
          "Actual Rows": 4,
          "Actual Loops": 1,
          "Workers Planned": 3,
          "Workers Launched": 3,
          "Single Copy": false,
          "Plans": [
            {
              "Node Type": "Aggregate",
              "Strategy": "Plain",
              "Partial Mode": "Partial",
              "Parent Relationship": "Outer",
              "Parallel Aware": false,
              "Startup Cost": 124516.79,
              "Total Cost": 124516.8,
              "Plan Rows": 1,
              "Plan Width": 8,
              "Actual Startup Time": 444.777,
              "Actual Total Time": 444.852,
              "Actual Rows": 1,
              "Actual Loops": 4,
              "Plans": [
                {
                  "Node Type": "Hash Join",
                  "Parent Relationship": "Outer",
                  "Parallel Aware": true,
                  "Join Type": "Inner",
                  "Startup Cost": 79514.16,
                  "Total Cost": 124305.99,
                  "Plan Rows": 84322,
                  "Plan Width": 0,
                  "Actual Startup Time": 260.477,
                  "Actual Total Time": 443.747,
                  "Actual Rows": 24486,
                  "Actual Loops": 4,
                  "Inner Unique": false,
                  "Hash Cond": "(mk.movie_id = t.id)",
                  "Plans": [
                    {
                      "Node Type": "Seq Scan",
                      "Parent Relationship": "Outer",
                      "Parallel Aware": true,
                      "Relation Name": "movie_keyword",
                      "Alias": "mk",
                      "Startup Cost": 0.0,
                      "Total Cost": 39047.32,
                      "Plan Rows": 1459332,
                      "Plan Width": 4,
                      "Actual Startup Time": 0.032,
                      "Actual Total Time": 94.263,
                      "Actual Rows": 1130982,
                      "Actual Loops": 4
                    },
                    {
                      "Node Type": "Hash",
                      "Parent Relationship": "Inner",
                      "Parallel Aware": true,
                      "Startup Cost": 78925.1,
                      "Total Cost": 78925.1,
                      "Plan Rows": 47125,
                      "Plan Width": 8,
                      "Actual Startup Time": 257.52,
                      "Actual Total Time": 257.593,
                      "Actual Rows": 22676,
                      "Actual Loops": 4,
                      "Hash Buckets": 262144,
                      "Original Hash Buckets": 262144,
                      "Hash Batches": 1,
                      "Original Hash Batches": 1,
                      "Peak Memory Usage": 5664,
                      "Plans": [
                        {
                          "Node Type": "Hash Join",
                          "Parent Relationship": "Outer",
                          "Parallel Aware": true,
                          "Join Type": "Inner",
                          "Startup Cost": 46727.17,
                          "Total Cost": 78925.1,
                          "Plan Rows": 47125,
                          "Plan Width": 8,
                          "Actual Startup Time": 165.626,
                          "Actual Total Time": 250.408,
                          "Actual Rows": 22676,
                          "Actual Loops": 4,
                          "Inner Unique": true,
                          "Hash Cond": "(mc.movie_id = t.id)",
                          "Plans": [
                            {
                              "Node Type": "Seq Scan",
                              "Parent Relationship": "Outer",
                              "Parallel Aware": true,
                              "Relation Name": "movie_companies",
                              "Alias": "mc",
                              "Startup Cost": 0.0,
                              "Total Cost": 31414.82,
                              "Plan Rows": 298326,
                              "Plan Width": 4,
                              "Actual Startup Time": 32.317,
                              "Actual Total Time": 71.708,
                              "Actual Rows": 276193,
                              "Actual Loops": 4,
                              "Filter": "((company_id > 1677) AND (company_type_id > 1))",
                              "Rows Removed by Filter": 376090
                            },
                            {
                              "Node Type": "Hash",
                              "Parent Relationship": "Inner",
                              "Parallel Aware": true,
                              "Startup Cost": 45479.1,
                              "Total Cost": 45479.1,
                              "Plan Rows": 99846,
                              "Plan Width": 4,
                              "Actual Startup Time": 131.003,
                              "Actual Total Time": 131.004,
                              "Actual Rows": 72223,
                              "Actual Loops": 4,
                              "Hash Buckets": 524288,
                              "Original Hash Buckets": 524288,
                              "Hash Batches": 1,
                              "Original Hash Batches": 1,
                              "Peak Memory Usage": 15456,
                              "Plans": [
                                {
                                  "Node Type": "Seq Scan",
                                  "Parent Relationship": "Outer",
                                  "Parallel Aware": true,
                                  "Relation Name": "title",
                                  "Alias": "t",
                                  "Startup Cost": 0.0,
                                  "Total Cost": 45479.1,
                                  "Plan Rows": 99846,
                                  "Plan Width": 4,
                                  "Actual Startup Time": 0.043,
                                  "Actual Total Time": 102.094,
                                  "Actual Rows": 72223,
                                  "Actual Loops": 4,
                                  "Filter": "((production_year < 1989) AND (kind_id = 7))",
                                  "Rows Removed by Filter": 559855
                                }
                              ]
                            }
                          ]
                        }
                      ]
                    }
                  ]
                }
              ]
            }
          ]
        }
      ]
    },
    "Planning Time": 1.41,
    "Triggers": [],
    "Execution Time": 481.288
  }
]