[
  {
    "Plan": {
      "Node Type": "Aggregate",
      "Strategy": "Plain",
      "Partial Mode": "Finalize",
      "Parallel Aware": false,
      "Startup Cost": 343725.55,
      "Total Cost": 343725.56,
      "Plan Rows": 1,
      "Plan Width": 8,
      "Actual Startup Time": 957.692,
      "Actual Total Time": 1005.327,
      "Actual Rows": 1,
      "Actual Loops": 1,
      "Plans": [
        {
          "Node Type": "Gather",
          "Parent Relationship": "Outer",
          "Parallel Aware": false,
          "Startup Cost": 343724.92,
          "Total Cost": 343725.53,
          "Plan Rows": 6,
          "Plan Width": 8,
          "Actual Startup Time": 957.386,
          "Actual Total Time": 1005.316,
          "Actual Rows": 7,
          "Actual Loops": 1,
          "Workers Planned": 6,
          "Workers Launched": 6,
          "Single Copy": false,
          "Plans": [
            {
              "Node Type": "Aggregate",
              "Strategy": "Plain",
              "Partial Mode": "Partial",
              "Parent Relationship": "Outer",
              "Parallel Aware": false,
              "Startup Cost": 342724.92,
              "Total Cost": 342724.93,
              "Plan Rows": 1,
              "Plan Width": 8,
              "Actual Startup Time": 947.363,
              "Actual Total Time": 947.364,
              "Actual Rows": 1,
              "Actual Loops": 7,
              "Plans": [
                {
                  "Node Type": "Seq Scan",
                  "Parent Relationship": "Outer",
                  "Parallel Aware": true,
                  "Relation Name": "cast_info",
                  "Alias": "ci",
                  "Startup Cost": 0.0,
                  "Total Cost": 328211.39,
                  "Plan Rows": 5805412,
                  "Plan Width": 0,
                  "Actual Startup Time": 25.736,
                  "Actual Total Time": 693.633,
                  "Actual Rows": 4970197,
                  "Actual Loops": 7,
                  "Filter": "(person_id > 146109)",
                  "Rows Removed by Filter": 207567
                }
              ]
            }
          ]
        }
      ]
    },
    "Planning Time": 0.047,
    "Triggers": [],
    "Execution Time": 1005.361
  }
]