{
  "Plan": {
    "Node Type": "Aggregate",
    "Strategy": "Plain",
    "Partial Mode": "Finalize",
    "Parallel Aware": false,
    "Startup Cost": 708809.47,
    "Total Cost": 708809.48,
    "Plan Rows": 1,
    "Plan Width": 8,
    "Actual Startup Time": 9241.716,
    "Actual Total Time": 9332.657,
    "Actual Rows": 1,
    "Actual Loops": 1,
    "Plans": [
      {
        "Node Type": "Gather",
        "Parent Relationship": "Outer",
        "Parallel Aware": false,
        "Startup Cost": 708809.36,
        "Total Cost": 708809.47,
        "Plan Rows": 1,
        "Plan Width": 8,
        "Actual Startup Time": 9240.613,
        "Actual Total Time": 9332.65,
        "Actual Rows": 2,
        "Actual Loops": 1,
        "Workers Planned": 1,
        "Workers Launched": 1,
        "Single Copy": false,
        "Plans": [
          {
            "Node Type": "Aggregate",
            "Strategy": "Plain",
            "Partial Mode": "Partial",
            "Parent Relationship": "Outer",
            "Parallel Aware": false,
            "Startup Cost": 707809.36,
            "Total Cost": 707809.37,
            "Plan Rows": 1,
            "Plan Width": 8,
            "Actual Startup Time": 9234.345,
            "Actual Total Time": 9234.349,
            "Actual Rows": 1,
            "Actual Loops": 2,
            "Plans": [
              {
                "Node Type": "Nested Loop",
                "Parent Relationship": "Outer",
                "Parallel Aware": false,
                "Join Type": "Inner",
                "Startup Cost": 21472.43,
                "Total Cost": 700466.84,
                "Plan Rows": 2937005,
                "Plan Width": 0,
                "Actual Startup Time": 119.736,
                "Actual Total Time": 9003.079,
                "Actual Rows": 5283715,
                "Actual Loops": 2,
                "Inner Unique": false,
                "Plans": [
                  {
                    "Node Type": "Hash Join",
                    "Parent Relationship": "Outer",
                    "Parallel Aware": true,
                    "Join Type": "Inner",
                    "Startup Cost": 21471.87,
                    "Total Cost": 81373.41,
                    "Plan Rows": 271164,
                    "Plan Width": 8,
                    "Actual Startup Time": 119.68,
                    "Actual Total Time": 801.031,
                    "Actual Rows": 230092,
                    "Actual Loops": 2,
                    "Inner Unique": false,
                    "Hash Cond": "(t.id = mi_idx.movie_id)",
                    "Plans": [
                      {
                        "Node Type": "Seq Scan",
                        "Parent Relationship": "Outer",
                        "Parallel Aware": true,
                        "Relation Name": "title",
                        "Alias": "t",
                        "Startup Cost": 0.0,
                        "Total Cost": 50870.31,
                        "Plan Rows": 1487231,
                        "Plan Width": 4,
                        "Actual Startup Time": 0.009,
                        "Actual Total Time": 122.645,
                        "Actual Rows": 1264156,
                        "Actual Loops": 2
                      },
                      {
                        "Node Type": "Hash",
                        "Parent Relationship": "Inner",
                        "Parallel Aware": true,
                        "Startup Cost": 18082.32,
                        "Total Cost": 18082.32,
                        "Plan Rows": 271164,
                        "Plan Width": 4,
                        "Actual Startup Time": 114.166,
                        "Actual Total Time": 114.167,
                        "Actual Rows": 230092,
                        "Actual Loops": 2,
                        "Hash Buckets": 524288,
                        "Original Hash Buckets": 524288,
                        "Hash Batches": 1,
                        "Original Hash Batches": 1,
                        "Peak Memory Usage": 22144,
                        "Plans": [
                          {
                            "Node Type": "Seq Scan",
                            "Parent Relationship": "Outer",
                            "Parallel Aware": true,
                            "Relation Name": "movie_info_idx",
                            "Alias": "mi_idx",
                            "Startup Cost": 0.0,
                            "Total Cost": 18082.32,
                            "Plan Rows": 271164,
                            "Plan Width": 4,
                            "Actual Startup Time": 0.044,
                            "Actual Total Time": 65.402,
                            "Actual Rows": 230092,
                            "Actual Loops": 2,
                            "Filter": "(info_type_id > 100)",
                            "Rows Removed by Filter": 459925
                          }
                        ]
                      }
                    ]
                  },
                  {
                    "Node Type": "Index Scan",
                    "Parent Relationship": "Inner",
                    "Parallel Aware": false,
                    "Scan Direction": "Forward",
                    "Index Name": "movie_id_cast_info",
                    "Relation Name": "cast_info",
                    "Alias": "ci",
                    "Startup Cost": 0.56,
                    "Total Cost": 2.0,
                    "Plan Rows": 28,
                    "Plan Width": 4,
                    "Actual Startup Time": 0.005,
                    "Actual Total Time": 0.034,
                    "Actual Rows": 23,
                    "Actual Loops": 460185,
                    "Index Cond": "(movie_id = t.id)",
                    "Rows Removed by Index Recheck": 0,
                    "Filter": "((person_id < 3227800) AND (role_id < 10))",
                    "Rows Removed by Filter": 7
                  }
                ]
              }
            ]
          }
        ]
      }
    ]
  },
  "Planning Time": 1.027,
  "Triggers": [],
  "Execution Time": 9332.766
}