[
  {
    "Plan": {
      "Node Type": "Aggregate",
      "Strategy": "Plain",
      "Partial Mode": "Simple",
      "Parallel Aware": false,
      "Startup Cost": 303140.96,
      "Total Cost": 303140.97,
      "Plan Rows": 1,
      "Plan Width": 64,
      "Actual Startup Time": 17651.14,
      "Actual Total Time": 17651.148,
      "Actual Rows": 1,
      "Actual Loops": 1,
      "Output": [
        "min(n.name)",
        "min(t.title)"
      ],
      "Plans": [
        {
          "Node Type": "Nested Loop",
          "Parent Relationship": "Outer",
          "Parallel Aware": false,
          "Join Type": "Inner",
          "Startup Cost": 142308.58,
          "Total Cost": 303091.55,
          "Plan Rows": 9883,
          "Plan Width": 32,
          "Actual Startup Time": 2539.233,
          "Actual Total Time": 17370.294,
          "Actual Rows": 3053875,
          "Actual Loops": 1,
          "Output": [
            "n.name",
            "t.title"
          ],
          "Inner Unique": false,
          "Join Filter": "(n.id = an.person_id)",
          "Rows Removed by Join Filter": 0,
          "Plans": [
            {
              "Node Type": "Hash Join",
              "Parent Relationship": "Outer",
              "Parallel Aware": false,
              "Join Type": "Inner",
              "Startup Cost": 142308.15,
              "Total Cost": 300927.66,
              "Plan Rows": 4229,
              "Plan Width": 40,
              "Actual Startup Time": 2539.164,
              "Actual Total Time": 13038.058,
              "Actual Rows": 3401039,
              "Actual Loops": 1,
              "Output": [
                "ci.person_id",
                "n.name",
                "n.id",
                "t.title"
              ],
              "Inner Unique": true,
              "Hash Cond": "(mc.company_id = cn.id)",
              "Plans": [
                {
                  "Node Type": "Nested Loop",
                  "Parent Relationship": "Outer",
                  "Parallel Aware": false,
                  "Join Type": "Inner",
                  "Startup Cost": 135328.09,
                  "Total Cost": 290834.81,
                  "Plan Rows": 1185800,
                  "Plan Width": 44,
                  "Actual Startup Time": 2436.316,
                  "Actual Total Time": 11729.682,
                  "Actual Rows": 13250319,
                  "Actual Loops": 1,
                  "Output": [
                    "ci.person_id",
                    "mc.company_id",
                    "n.name",
                    "n.id",
                    "t.title"
                  ],
                  "Inner Unique": false,
                  "Join Filter": "(t.id = mc.movie_id)",
                  "Rows Removed by Join Filter": 0,
                  "Plans": [
                    {
                      "Node Type": "Nested Loop",
                      "Parent Relationship": "Outer",
                      "Parallel Aware": false,
                      "Join Type": "Inner",
                      "Startup Cost": 135327.66,
                      "Total Cost": 289537.26,
                      "Plan Rows": 2208,
                      "Plan Width": 52,
                      "Actual Startup Time": 2435.154,
                      "Actual Total Time": 7723.423,
                      "Actual Rows": 683239,
                      "Actual Loops": 1,
                      "Output": [
                        "ci.movie_id",
                        "ci.person_id",
                        "mi.movie_id",
                        "n.name",
                        "n.id",
                        "t.title",
                        "t.id"
                      ],
                      "Inner Unique": true,
                      "Plans": [
                        {
                          "Node Type": "Hash Join",
                          "Parent Relationship": "Outer",
                          "Parallel Aware": false,
                          "Join Type": "Inner",
                          "Startup Cost": 135327.23,
                          "Total Cost": 288357.25,
                          "Plan Rows": 2208,
                          "Plan Width": 56,
                          "Actual Startup Time": 2435.078,
                          "Actual Total Time": 6356.523,
                          "Actual Rows": 708849,
                          "Actual Loops": 1,
                          "Output": [
                            "ci.movie_id",
                            "ci.person_id",
                            "ci.person_role_id",
                            "mi.movie_id",
                            "n.name",
                            "n.id",
                            "t.title",
                            "t.id"
                          ],
                          "Inner Unique": true,
                          "Hash Cond": "(mi.info_type_id = it.id)",
                          "Plans": [
                            {
                              "Node Type": "Nested Loop",
                              "Parent Relationship": "Outer",
                              "Parallel Aware": false,
                              "Join Type": "Inner",
                              "Startup Cost": 135324.81,
                              "Total Cost": 287675.5,
                              "Plan Rows": 249436,
                              "Plan Width": 60,
                              "Actual Startup Time": 2434.995,
                              "Actual Total Time": 6085.596,
                              "Actual Rows": 3221148,
                              "Actual Loops": 1,
                              "Output": [
                                "ci.movie_id",
                                "ci.person_id",
                                "ci.person_role_id",
                                "mi.movie_id",
                                "mi.info_type_id",
                                "n.name",
                                "n.id",
                                "t.title",
                                "t.id"
                              ],
                              "Inner Unique": false,
                              "Join Filter": "(t.id = mi.movie_id)",
                              "Rows Removed by Join Filter": 0,
                              "Plans": [
                                {
                                  "Node Type": "Nested Loop",
                                  "Parent Relationship": "Outer",
                                  "Parallel Aware": false,
                                  "Join Type": "Inner",
                                  "Startup Cost": 135324.37,
                                  "Total Cost": 252877.34,
                                  "Plan Rows": 16657,
                                  "Plan Width": 52,
                                  "Actual Startup Time": 2434.891,
                                  "Actual Total Time": 3869.247,
                                  "Actual Rows": 137683,
                                  "Actual Loops": 1,
                                  "Output": [
                                    "ci.movie_id",
                                    "ci.person_id",
                                    "ci.person_role_id",
                                    "n.name",
                                    "n.id",
                                    "t.title",
                                    "t.id"
                                  ],
                                  "Inner Unique": true,
                                  "Plans": [
                                    {
                                      "Node Type": "Hash Join",
                                      "Parent Relationship": "Outer",
                                      "Parallel Aware": false,
                                      "Join Type": "Inner",
                                      "Startup Cost": 135323.94,
                                      "Total Cost": 210059.01,
                                      "Plan Rows": 73985,
                                      "Plan Width": 33,
                                      "Actual Startup Time": 2434.796,
                                      "Actual Total Time": 3247.422,
                                      "Actual Rows": 137785,
                                      "Actual Loops": 1,
                                      "Output": [
                                        "ci.movie_id",
                                        "ci.person_id",
                                        "ci.person_role_id",
                                        "t.title",
                                        "t.id"
                                      ],
                                      "Inner Unique": false,
                                      "Hash Cond": "(t.id = ci.movie_id)",
                                      "Plans": [
                                        {
                                          "Node Type": "Seq Scan",
                                          "Parent Relationship": "Outer",
                                          "Parallel Aware": false,
                                          "Relation Name": "title",
                                          "Schema": "public",
                                          "Alias": "t",
                                          "Startup Cost": 0.0,
                                          "Total Cost": 67601.66,
                                          "Plan Rows": 1022968,
                                          "Plan Width": 21,
                                          "Actual Startup Time": 0.045,
                                          "Actual Total Time": 476.349,
                                          "Actual Rows": 1012920,
                                          "Actual Loops": 1,
                                          "Output": [
                                            "t.id",
                                            "t.title",
                                            "t.imdb_index",
                                            "t.kind_id",
                                            "t.production_year",
                                            "t.imdb_id",
                                            "t.phonetic_code",
                                            "t.episode_of_id",
                                            "t.season_nr",
                                            "t.episode_nr",
                                            "t.series_years",
                                            "t.md5sum"
                                          ],
                                          "Filter": "(t.production_year > 2005)",
                                          "Rows Removed by Filter": 1515392
                                        },
                                        {
                                          "Node Type": "Hash",
                                          "Parent Relationship": "Inner",
                                          "Parallel Aware": false,
                                          "Startup Cost": 133038.26,
                                          "Total Cost": 133038.26,
                                          "Plan Rows": 182855,
                                          "Plan Width": 12,
                                          "Actual Startup Time": 2432.759,
                                          "Actual Total Time": 2432.762,
                                          "Actual Rows": 390563,
                                          "Actual Loops": 1,
                                          "Output": [
                                            "ci.movie_id",
                                            "ci.person_id",
                                            "ci.person_role_id"
                                          ],
                                          "Hash Buckets": 524288,
                                          "Original Hash Buckets": 262144,
                                          "Hash Batches": 1,
                                          "Original Hash Batches": 1,
                                          "Peak Memory Usage": 20766,
                                          "Plans": [
                                            {
                                              "Node Type": "Nested Loop",
                                              "Parent Relationship": "Outer",
                                              "Parallel Aware": false,
                                              "Join Type": "Inner",
                                              "Startup Cost": 0.56,
                                              "Total Cost": 133038.26,
                                              "Plan Rows": 182855,
                                              "Plan Width": 12,
                                              "Actual Startup Time": 0.175,
                                              "Actual Total Time": 2297.257,
                                              "Actual Rows": 390563,
                                              "Actual Loops": 1,
                                              "Output": [
                                                "ci.movie_id",
                                                "ci.person_id",
                                                "ci.person_role_id"
                                              ],
                                              "Inner Unique": false,
                                              "Plans": [
                                                {
                                                  "Node Type": "Seq Scan",
                                                  "Parent Relationship": "Outer",
                                                  "Parallel Aware": false,
                                                  "Relation Name": "role_type",
                                                  "Schema": "public",
                                                  "Alias": "rt",
                                                  "Startup Cost": 0.0,
                                                  "Total Cost": 1.15,
                                                  "Plan Rows": 1,
                                                  "Plan Width": 4,
                                                  "Actual Startup Time": 0.012,
                                                  "Actual Total Time": 0.016,
                                                  "Actual Rows": 1,
                                                  "Actual Loops": 1,
                                                  "Output": [
                                                    "rt.id",
                                                    "rt.role"
                                                  ],
                                                  "Filter": "((rt.role)::text = 'actress'::text)",
                                                  "Rows Removed by Filter": 11
                                                },
                                                {
                                                  "Node Type": "Index Scan",
                                                  "Parent Relationship": "Inner",
                                                  "Parallel Aware": false,
                                                  "Scan Direction": "Forward",
                                                  "Index Name": "role_id_cast_info",
                                                  "Relation Name": "cast_info",
                                                  "Schema": "public",
                                                  "Alias": "ci",
                                                  "Startup Cost": 0.56,
                                                  "Total Cost": 131042.32,
                                                  "Plan Rows": 199478,
                                                  "Plan Width": 16,
                                                  "Actual Startup Time": 0.158,
                                                  "Actual Total Time": 2252.36,
                                                  "Actual Rows": 390563,
                                                  "Actual Loops": 1,
                                                  "Output": [
                                                    "ci.id",
                                                    "ci.person_id",
                                                    "ci.movie_id",
                                                    "ci.person_role_id",
                                                    "ci.note",
                                                    "ci.nr_order",
                                                    "ci.role_id"
                                                  ],
                                                  "Index Cond": "(ci.role_id = rt.id)",
                                                  "Rows Removed by Index Recheck": 0,
                                                  "Filter": "(ci.note = ANY ('{(writer),(voice),(uncredited),\"(as Fergie)\"}'::text[]))",
                                                  "Rows Removed by Filter": 7061410
                                                }
                                              ]
                                            }
                                          ]
                                        }
                                      ]
                                    },
                                    {
                                      "Node Type": "Index Scan",
                                      "Parent Relationship": "Inner",
                                      "Parallel Aware": false,
                                      "Scan Direction": "Forward",
                                      "Index Name": "name_pkey",
                                      "Relation Name": "name",
                                      "Schema": "public",
                                      "Alias": "n",
                                      "Startup Cost": 0.43,
                                      "Total Cost": 0.58,
                                      "Plan Rows": 1,
                                      "Plan Width": 19,
                                      "Actual Startup Time": 0.004,
                                      "Actual Total Time": 0.004,
                                      "Actual Rows": 1,
                                      "Actual Loops": 137785,
                                      "Output": [
                                        "n.id",
                                        "n.name",
                                        "n.imdb_index",
                                        "n.imdb_id",
                                        "n.gender",
                                        "n.name_pcode_cf",
                                        "n.name_pcode_nf",
                                        "n.surname_pcode",
                                        "n.md5sum"
                                      ],
                                      "Index Cond": "(n.id = ci.person_id)",
                                      "Rows Removed by Index Recheck": 0,
                                      "Filter": "((n.gender)::text = 'f'::text)",
                                      "Rows Removed by Filter": 0
                                    }
                                  ]
                                },
                                {
                                  "Node Type": "Index Scan",
                                  "Parent Relationship": "Inner",
                                  "Parallel Aware": false,
                                  "Scan Direction": "Forward",
                                  "Index Name": "movie_id_movie_info",
                                  "Relation Name": "movie_info",
                                  "Schema": "public",
                                  "Alias": "mi",
                                  "Startup Cost": 0.43,
                                  "Total Cost": 1.56,
                                  "Plan Rows": 42,
                                  "Plan Width": 8,
                                  "Actual Startup Time": 0.004,
                                  "Actual Total Time": 0.013,
                                  "Actual Rows": 23,
                                  "Actual Loops": 137683,
                                  "Output": [
                                    "mi.id",
                                    "mi.movie_id",
                                    "mi.info_type_id",
                                    "mi.info",
                                    "mi.note"
                                  ],
                                  "Index Cond": "(mi.movie_id = ci.movie_id)",
                                  "Rows Removed by Index Recheck": 0
                                }
                              ]
                            },
                            {
                              "Node Type": "Hash",
                              "Parent Relationship": "Inner",
                              "Parallel Aware": false,
                              "Startup Cost": 2.41,
                              "Total Cost": 2.41,
                              "Plan Rows": 1,
                              "Plan Width": 4,
                              "Actual Startup Time": 0.029,
                              "Actual Total Time": 0.029,
                              "Actual Rows": 1,
                              "Actual Loops": 1,
                              "Output": [
                                "it.id"
                              ],
                              "Hash Buckets": 1024,
                              "Original Hash Buckets": 1024,
                              "Hash Batches": 1,
                              "Original Hash Batches": 1,
                              "Peak Memory Usage": 9,
                              "Plans": [
                                {
                                  "Node Type": "Seq Scan",
                                  "Parent Relationship": "Outer",
                                  "Parallel Aware": false,
                                  "Relation Name": "info_type",
                                  "Schema": "public",
                                  "Alias": "it",
                                  "Startup Cost": 0.0,
                                  "Total Cost": 2.41,
                                  "Plan Rows": 1,
                                  "Plan Width": 4,
                                  "Actual Startup Time": 0.015,
                                  "Actual Total Time": 0.022,
                                  "Actual Rows": 1,
                                  "Actual Loops": 1,
                                  "Output": [
                                    "it.id"
                                  ],
                                  "Filter": "((it.info)::text = 'release dates'::text)",
                                  "Rows Removed by Filter": 112
                                }
                              ]
                            }
                          ]
                        },
                        {
                          "Node Type": "Index Only Scan",
                          "Parent Relationship": "Inner",
                          "Parallel Aware": false,
                          "Scan Direction": "Forward",
                          "Index Name": "char_name_pkey",
                          "Relation Name": "char_name",
                          "Schema": "public",
                          "Alias": "chn",
                          "Startup Cost": 0.43,
                          "Total Cost": 0.53,
                          "Plan Rows": 1,
                          "Plan Width": 4,
                          "Actual Startup Time": 0.002,
                          "Actual Total Time": 0.002,
                          "Actual Rows": 1,
                          "Actual Loops": 708849,
                          "Output": [
                            "chn.id"
                          ],
                          "Index Cond": "(chn.id = ci.person_role_id)",
                          "Rows Removed by Index Recheck": 0,
                          "Heap Fetches": 683239
                        }
                      ]
                    },
                    {
                      "Node Type": "Index Scan",
                      "Parent Relationship": "Inner",
                      "Parallel Aware": false,
                      "Scan Direction": "Forward",
                      "Index Name": "movie_id_movie_companies",
                      "Relation Name": "movie_companies",
                      "Schema": "public",
                      "Alias": "mc",
                      "Startup Cost": 0.43,
                      "Total Cost": 0.53,
                      "Plan Rows": 5,
                      "Plan Width": 8,
                      "Actual Startup Time": 0.001,
                      "Actual Total Time": 0.004,
                      "Actual Rows": 19,
                      "Actual Loops": 683239,
                      "Output": [
                        "mc.id",
                        "mc.movie_id",
                        "mc.company_id",
                        "mc.company_type_id",
                        "mc.note"
                      ],
                      "Index Cond": "(mc.movie_id = mi.movie_id)",
                      "Rows Removed by Index Recheck": 0
                    }
                  ]
                },
                {
                  "Node Type": "Hash",
                  "Parent Relationship": "Inner",
                  "Parallel Aware": false,
                  "Startup Cost": 5932.46,
                  "Total Cost": 5932.46,
                  "Plan Rows": 83808,
                  "Plan Width": 4,
                  "Actual Startup Time": 101.169,
                  "Actual Total Time": 101.169,
                  "Actual Rows": 84843,
                  "Actual Loops": 1,
                  "Output": [
                    "cn.id"
                  ],
                  "Hash Buckets": 131072,
                  "Original Hash Buckets": 131072,
                  "Hash Batches": 1,
                  "Original Hash Batches": 1,
                  "Peak Memory Usage": 4007,
                  "Plans": [
                    {
                      "Node Type": "Seq Scan",
                      "Parent Relationship": "Outer",
                      "Parallel Aware": false,
                      "Relation Name": "company_name",
                      "Schema": "public",
                      "Alias": "cn",
                      "Startup Cost": 0.0,
                      "Total Cost": 5932.46,
                      "Plan Rows": 83808,
                      "Plan Width": 4,
                      "Actual Startup Time": 0.127,
                      "Actual Total Time": 77.896,
                      "Actual Rows": 84843,
                      "Actual Loops": 1,
                      "Output": [
                        "cn.id"
                      ],
                      "Filter": "((cn.country_code)::text = '[us]'::text)",
                      "Rows Removed by Filter": 150154
                    }
                  ]
                }
              ]
            },
            {
              "Node Type": "Index Only Scan",
              "Parent Relationship": "Inner",
              "Parallel Aware": false,
              "Scan Direction": "Forward",
              "Index Name": "person_id_aka_name",
              "Relation Name": "aka_name",
              "Schema": "public",
              "Alias": "an",
              "Startup Cost": 0.42,
              "Total Cost": 0.49,
              "Plan Rows": 2,
              "Plan Width": 4,
              "Actual Startup Time": 0.001,
              "Actual Total Time": 0.001,
              "Actual Rows": 1,
              "Actual Loops": 3401039,
              "Output": [
                "an.person_id"
              ],
              "Index Cond": "(an.person_id = ci.person_id)",
              "Rows Removed by Index Recheck": 0,
              "Heap Fetches": 3053875
            }
          ]
        }
      ]
    },
    "Planning Time": 97644.434,
    "Triggers": [],
    "Execution Time": 17652.053
  }
]