[
  {
    "Bao": {
      "Bao prediction": 1555.515,
      "Bao recommended hint": "SET enable_nestloop TO off; SET enable_mergejoin TO off; SET enable_indexscan TO off; "
    }
  },
  {
    "Plan": {
      "Node Type": "Aggregate",
      "Strategy": "Plain",
      "Partial Mode": "Finalize",
      "Parallel Aware": false,
      "Startup Cost": 489031.68,
      "Total Cost": 489031.69,
      "Plan Rows": 1,
      "Plan Width": 96,
      "Actual Startup Time": 2140.185,
      "Actual Total Time": 2200.093,
      "Actual Rows": 1,
      "Actual Loops": 1,
      "Plans": [
        {
          "Node Type": "Gather",
          "Parent Relationship": "Outer",
          "Parallel Aware": false,
          "Startup Cost": 489031.35,
          "Total Cost": 489031.66,
          "Plan Rows": 3,
          "Plan Width": 96,
          "Actual Startup Time": 2140.029,
          "Actual Total Time": 2200.068,
          "Actual Rows": 4,
          "Actual Loops": 1,
          "Workers Planned": 3,
          "Workers Launched": 3,
          "Single Copy": false,
          "Plans": [
            {
              "Node Type": "Aggregate",
              "Strategy": "Plain",
              "Partial Mode": "Partial",
              "Parent Relationship": "Outer",
              "Parallel Aware": false,
              "Startup Cost": 488031.35,
              "Total Cost": 488031.36,
              "Plan Rows": 1,
              "Plan Width": 96,
              "Actual Startup Time": 2130.071,
              "Actual Total Time": 2130.08,
              "Actual Rows": 1,
              "Actual Loops": 4,
              "Plans": [
                {
                  "Node Type": "Hash Join",
                  "Parent Relationship": "Outer",
                  "Parallel Aware": true,
                  "Join Type": "Inner",
                  "Startup Cost": 445152.82,
                  "Total Cost": 488031.34,
                  "Plan Rows": 1,
                  "Plan Width": 48,
                  "Actual Startup Time": 2122.383,
                  "Actual Total Time": 2130.071,
                  "Actual Rows": 3,
                  "Actual Loops": 4,
                  "Inner Unique": false,
                  "Hash Cond": "(mk.movie_id = t.id)",
                  "Plans": [
                    {
                      "Node Type": "Hash Join",
                      "Parent Relationship": "Outer",
                      "Parallel Aware": false,
                      "Join Type": "Inner",
                      "Startup Cost": 3632.5,
                      "Total Cost": 46510.69,
                      "Plan Rows": 87,
                      "Plan Width": 20,
                      "Actual Startup Time": 22.711,
                      "Actual Total Time": 176.501,
                      "Actual Rows": 8887,
                      "Actual Loops": 4,
                      "Inner Unique": true,
                      "Hash Cond": "(mk.keyword_id = k.id)",
                      "Plans": [
                        {
                          "Node Type": "Seq Scan",
                          "Parent Relationship": "Outer",
                          "Parallel Aware": true,
                          "Relation Name": "movie_keyword",
                          "Alias": "mk",
                          "Startup Cost": 0.0,
                          "Total Cost": 39047.32,
                          "Plan Rows": 1459332,
                          "Plan Width": 8,
                          "Actual Startup Time": 0.008,
                          "Actual Total Time": 83.176,
                          "Actual Rows": 1130982,
                          "Actual Loops": 4
                        },
                        {
                          "Node Type": "Hash",
                          "Parent Relationship": "Inner",
                          "Parallel Aware": false,
                          "Startup Cost": 3632.4,
                          "Total Cost": 3632.4,
                          "Plan Rows": 8,
                          "Plan Width": 20,
                          "Actual Startup Time": 22.582,
                          "Actual Total Time": 22.582,
                          "Actual Rows": 8,
                          "Actual Loops": 4,
                          "Hash Buckets": 1024,
                          "Original Hash Buckets": 1024,
                          "Hash Batches": 1,
                          "Original Hash Batches": 1,
                          "Peak Memory Usage": 9,
                          "Plans": [
                            {
                              "Node Type": "Seq Scan",
                              "Parent Relationship": "Outer",
                              "Parallel Aware": false,
                              "Relation Name": "keyword",
                              "Alias": "k",
                              "Startup Cost": 0.0,
                              "Total Cost": 3632.4,
                              "Plan Rows": 8,
                              "Plan Width": 20,
                              "Actual Startup Time": 0.097,
                              "Actual Total Time": 22.57,
                              "Actual Rows": 8,
                              "Actual Loops": 4,
                              "Filter": "(keyword = ANY ('{superhero,sequel,second-part,marvel-comics,based-on-comic,tv-special,fight,violence}'::text[]))",
                              "Rows Removed by Filter": 134162
                            }
                          ]
                        }
                      ]
                    },
                    {
                      "Node Type": "Hash",
                      "Parent Relationship": "Inner",
                      "Parallel Aware": true,
                      "Startup Cost": 441520.3,
                      "Total Cost": 441520.3,
                      "Plan Rows": 1,
                      "Plan Width": 40,
                      "Actual Startup Time": 1952.129,
                      "Actual Total Time": 1952.135,
                      "Actual Rows": 1,
                      "Actual Loops": 4,
                      "Hash Buckets": 1024,
                      "Original Hash Buckets": 1024,
                      "Hash Batches": 1,
                      "Original Hash Batches": 1,
                      "Peak Memory Usage": 40,
                      "Plans": [
                        {
                          "Node Type": "Hash Join",
                          "Parent Relationship": "Outer",
                          "Parallel Aware": true,
                          "Join Type": "Inner",
                          "Startup Cost": 372883.78,
                          "Total Cost": 441520.3,
                          "Plan Rows": 1,
                          "Plan Width": 40,
                          "Actual Startup Time": 1918.908,
                          "Actual Total Time": 1952.029,
                          "Actual Rows": 1,
                          "Actual Loops": 4,
                          "Inner Unique": false,
                          "Hash Cond": "(n.id = ci.person_id)",
                          "Plans": [
                            {
                              "Node Type": "Seq Scan",
                              "Parent Relationship": "Outer",
                              "Parallel Aware": true,
                              "Relation Name": "name",
                              "Alias": "n",
                              "Startup Cost": 0.0,
                              "Total Cost": 68636.13,
                              "Plan Rows": 104,
                              "Plan Width": 19,
                              "Actual Startup Time": 86.67,
                              "Actual Total Time": 152.888,
                              "Actual Rows": 0,
                              "Actual Loops": 4,
                              "Filter": "(name ~~ '%Downey%Robert%'::text)",
                              "Rows Removed by Filter": 1041872
                            },
                            {
                              "Node Type": "Hash",
                              "Parent Relationship": "Inner",
                              "Parallel Aware": true,
                              "Startup Cost": 372883.09,
                              "Total Cost": 372883.09,
                              "Plan Rows": 55,
                              "Plan Width": 29,
                              "Actual Startup Time": 1799.029,
                              "Actual Total Time": 1799.033,
                              "Actual Rows": 775,
                              "Actual Loops": 4,
                              "Hash Buckets": 4096,
                              "Original Hash Buckets": 1024,
                              "Hash Batches": 1,
                              "Original Hash Batches": 1,
                              "Peak Memory Usage": 376,
                              "Plans": [
                                {
                                  "Node Type": "Hash Join",
                                  "Parent Relationship": "Outer",
                                  "Parallel Aware": true,
                                  "Join Type": "Inner",
                                  "Startup Cost": 43897.48,
                                  "Total Cost": 372883.09,
                                  "Plan Rows": 55,
                                  "Plan Width": 29,
                                  "Actual Startup Time": 95.637,
                                  "Actual Total Time": 1398.955,
                                  "Actual Rows": 775,
                                  "Actual Loops": 4,
                                  "Inner Unique": true,
                                  "Hash Cond": "(ci.movie_id = t.id)",
                                  "Plans": [
                                    {
                                      "Node Type": "Seq Scan",
                                      "Parent Relationship": "Outer",
                                      "Parallel Aware": true,
                                      "Relation Name": "cast_info",
                                      "Alias": "ci",
                                      "Startup Cost": 0.0,
                                      "Total Cost": 313121.52,
                                      "Plan Rows": 6043452,
                                      "Plan Width": 8,
                                      "Actual Startup Time": 0.025,
                                      "Actual Total Time": 678.049,
                                      "Actual Rows": 9061086,
                                      "Actual Loops": 4
                                    },
                                    {
                                      "Node Type": "Hash",
                                      "Parent Relationship": "Inner",
                                      "Parallel Aware": true,
                                      "Startup Cost": 43897.41,
                                      "Total Cost": 43897.41,
                                      "Plan Rows": 6,
                                      "Plan Width": 21,
                                      "Actual Startup Time": 86.546,
                                      "Actual Total Time": 86.546,
                                      "Actual Rows": 110,
                                      "Actual Loops": 4,
                                      "Hash Buckets": 1024,
                                      "Original Hash Buckets": 1024,
                                      "Hash Batches": 1,
                                      "Original Hash Batches": 1,
                                      "Peak Memory Usage": 136,
                                      "Plans": [
                                        {
                                          "Node Type": "Seq Scan",
                                          "Parent Relationship": "Outer",
                                          "Parallel Aware": true,
                                          "Relation Name": "title",
                                          "Alias": "t",
                                          "Startup Cost": 0.0,
                                          "Total Cost": 43897.41,
                                          "Plan Rows": 6,
                                          "Plan Width": 21,
                                          "Actual Startup Time": 42.349,
                                          "Actual Total Time": 86.413,
                                          "Actual Rows": 110,
                                          "Actual Loops": 4,
                                          "Filter": "(production_year > 2014)",
                                          "Rows Removed by Filter": 631968
                                        }
                                      ]
                                    }
                                  ]
                                }
                              ]
                            }
                          ]
                        }
                      ]
                    }
                  ]
                }
              ]
            }
          ]
        }
      ]
    },
    "Planning Time": 296.757,
    "Triggers": [],
    "Execution Time": 2200.423
  }
]