{
  "Plan": {
    "Node Type": "Aggregate",
    "Strategy": "Plain",
    "Partial Mode": "Finalize",
    "Parallel Aware": false,
    "Startup Cost": 82459.44,
    "Total Cost": 82459.45,
    "Plan Rows": 1,
    "Plan Width": 8,
    "Actual Startup Time": 225.644,
    "Actual Total Time": 242.625,
    "Actual Rows": 1,
    "Actual Loops": 1,
    "Plans": [
      {
        "Node Type": "Gather",
        "Parent Relationship": "Outer",
        "Parallel Aware": false,
        "Startup Cost": 82459.33,
        "Total Cost": 82459.44,
        "Plan Rows": 1,
        "Plan Width": 8,
        "Actual Startup Time": 225.266,
        "Actual Total Time": 242.616,
        "Actual Rows": 2,
        "Actual Loops": 1,
        "Workers Planned": 1,
        "Workers Launched": 1,
        "Single Copy": false,
        "Plans": [
          {
            "Node Type": "Aggregate",
            "Strategy": "Plain",
            "Partial Mode": "Partial",
            "Parent Relationship": "Outer",
            "Parallel Aware": false,
            "Startup Cost": 81459.33,
            "Total Cost": 81459.34,
            "Plan Rows": 1,
            "Plan Width": 8,
            "Actual Startup Time": 219.061,
            "Actual Total Time": 219.066,
            "Actual Rows": 1,
            "Actual Loops": 2,
            "Plans": [
              {
                "Node Type": "Hash Join",
                "Parent Relationship": "Outer",
                "Parallel Aware": true,
                "Join Type": "Inner",
                "Startup Cost": 55591.78,
                "Total Cost": 81458.75,
                "Plan Rows": 231,
                "Plan Width": 0,
                "Actual Startup Time": 194.402,
                "Actual Total Time": 219.027,
                "Actual Rows": 184,
                "Actual Loops": 2,
                "Inner Unique": true,
                "Hash Cond": "(mk.movie_id = t.id)",
                "Plans": [
                  {
                    "Node Type": "Bitmap Heap Scan",
                    "Parent Relationship": "Outer",
                    "Parallel Aware": true,
                    "Relation Name": "movie_keyword",
                    "Alias": "mk",
                    "Startup Cost": 813.16,
                    "Total Cost": 26621.0,
                    "Plan Rows": 22522,
                    "Plan Width": 4,
                    "Actual Startup Time": 7.755,
                    "Actual Total Time": 28.251,
                    "Actual Rows": 15053,
                    "Actual Loops": 2,
                    "Recheck Cond": "(keyword_id < 37)",
                    "Rows Removed by Index Recheck": 0,
                    "Exact Heap Blocks": 8152,
                    "Lossy Heap Blocks": 0,
                    "Plans": [
                      {
                        "Node Type": "Bitmap Index Scan",
                        "Parent Relationship": "Outer",
                        "Parallel Aware": false,
                        "Index Name": "keyword_id_movie_keyword",
                        "Startup Cost": 0.0,
                        "Total Cost": 803.58,
                        "Plan Rows": 38287,
                        "Plan Width": 0,
                        "Actual Startup Time": 5.456,
                        "Actual Total Time": 5.456,
                        "Actual Rows": 30106,
                        "Actual Loops": 1,
                        "Index Cond": "(keyword_id < 37)"
                      }
                    ]
                  },
                  {
                    "Node Type": "Hash",
                    "Parent Relationship": "Inner",
                    "Parallel Aware": true,
                    "Startup Cost": 54588.39,
                    "Total Cost": 54588.39,
                    "Plan Rows": 15219,
                    "Plan Width": 4,
                    "Actual Startup Time": 184.097,
                    "Actual Total Time": 184.098,
                    "Actual Rows": 13388,
                    "Actual Loops": 2,
                    "Hash Buckets": 32768,
                    "Original Hash Buckets": 32768,
                    "Hash Batches": 1,
                    "Original Hash Batches": 1,
                    "Peak Memory Usage": 1344,
                    "Plans": [
                      {
                        "Node Type": "Seq Scan",
                        "Parent Relationship": "Outer",
                        "Parallel Aware": true,
                        "Relation Name": "title",
                        "Alias": "t",
                        "Startup Cost": 0.0,
                        "Total Cost": 54588.39,
                        "Plan Rows": 15219,
                        "Plan Width": 4,
                        "Actual Startup Time": 0.071,
                        "Actual Total Time": 177.354,
                        "Actual Rows": 13388,
                        "Actual Loops": 2,
                        "Filter": "(production_year = 1993)",
                        "Rows Removed by Filter": 1250768
                      }
                    ]
                  }
                ]
              }
            ]
          }
        ]
      }
    ]
  },
  "Planning Time": 0.527,
  "Triggers": [],
  "Execution Time": 242.715
}