[
  {
    "Plan": {
      "Node Type": "Aggregate",
      "Strategy": "Plain",
      "Partial Mode": "Finalize",
      "Parallel Aware": false,
      "Startup Cost": 341132.15,
      "Total Cost": 341132.16,
      "Plan Rows": 1,
      "Plan Width": 8,
      "Actual Startup Time": 5122.821,
      "Actual Total Time": 5223.41,
      "Actual Rows": 1,
      "Actual Loops": 1,
      "Plans": [
        {
          "Node Type": "Gather",
          "Parent Relationship": "Outer",
          "Parallel Aware": false,
          "Startup Cost": 341131.73,
          "Total Cost": 341132.14,
          "Plan Rows": 4,
          "Plan Width": 8,
          "Actual Startup Time": 5117.507,
          "Actual Total Time": 5223.399,
          "Actual Rows": 5,
          "Actual Loops": 1,
          "Workers Planned": 4,
          "Workers Launched": 4,
          "Single Copy": false,
          "Plans": [
            {
              "Node Type": "Aggregate",
              "Strategy": "Plain",
              "Partial Mode": "Partial",
              "Parent Relationship": "Outer",
              "Parallel Aware": false,
              "Startup Cost": 340131.73,
              "Total Cost": 340131.74,
              "Plan Rows": 1,
              "Plan Width": 8,
              "Actual Startup Time": 5108.209,
              "Actual Total Time": 5108.311,
              "Actual Rows": 1,
              "Actual Loops": 5,
              "Plans": [
                {
                  "Node Type": "Nested Loop",
                  "Parent Relationship": "Outer",
                  "Parallel Aware": false,
                  "Join Type": "Inner",
                  "Startup Cost": 33437.57,
                  "Total Cost": 339237.02,
                  "Plan Rows": 357882,
                  "Plan Width": 0,
                  "Actual Startup Time": 161.301,
                  "Actual Total Time": 5043.825,
                  "Actual Rows": 1148796,
                  "Actual Loops": 5,
                  "Inner Unique": false,
                  "Plans": [
                    {
                      "Node Type": "Hash Join",
                      "Parent Relationship": "Outer",
                      "Parallel Aware": true,
                      "Join Type": "Inner",
                      "Startup Cost": 33437.01,
                      "Total Cost": 79320.54,
                      "Plan Rows": 125376,
                      "Plan Width": 8,
                      "Actual Startup Time": 160.95,
                      "Actual Total Time": 525.211,
                      "Actual Rows": 163813,
                      "Actual Loops": 5,
                      "Inner Unique": false,
                      "Hash Cond": "(t.id = mc.movie_id)",
                      "Plans": [
                        {
                          "Node Type": "Seq Scan",
                          "Parent Relationship": "Outer",
                          "Parallel Aware": true,
                          "Relation Name": "title",
                          "Alias": "t",
                          "Startup Cost": 0.0,
                          "Total Cost": 42318.73,
                          "Plan Rows": 632073,
                          "Plan Width": 4,
                          "Actual Startup Time": 0.012,
                          "Actual Total Time": 81.134,
                          "Actual Rows": 505662,
                          "Actual Loops": 5
                        },
                        {
                          "Node Type": "Hash",
                          "Parent Relationship": "Inner",
                          "Parallel Aware": true,
                          "Startup Cost": 31414.82,
                          "Total Cost": 31414.82,
                          "Plan Rows": 161775,
                          "Plan Width": 4,
                          "Actual Startup Time": 158.234,
                          "Actual Total Time": 158.235,
                          "Actual Rows": 163813,
                          "Actual Loops": 5,
                          "Hash Buckets": 1048576,
                          "Original Hash Buckets": 524288,
                          "Hash Batches": 1,
                          "Original Hash Batches": 1,
                          "Peak Memory Usage": 44416,
                          "Plans": [
                            {
                              "Node Type": "Seq Scan",
                              "Parent Relationship": "Outer",
                              "Parallel Aware": true,
                              "Relation Name": "movie_companies",
                              "Alias": "mc",
                              "Startup Cost": 0.0,
                              "Total Cost": 31414.82,
                              "Plan Rows": 161775,
                              "Plan Width": 4,
                              "Actual Startup Time": 43.014,
                              "Actual Total Time": 85.53,
                              "Actual Rows": 163813,
                              "Actual Loops": 5,
                              "Filter": "((company_id > 16685) AND (company_type_id > 1))",
                              "Rows Removed by Filter": 358013
                            }
                          ]
                        }
                      ]
                    },
                    {
                      "Node Type": "Index Scan",
                      "Parent Relationship": "Inner",
                      "Parallel Aware": false,
                      "Scan Direction": "Forward",
                      "Index Name": "movie_id_cast_info",
                      "Relation Name": "cast_info",
                      "Alias": "ci",
                      "Startup Cost": 0.56,
                      "Total Cost": 2.0,
                      "Plan Rows": 7,
                      "Plan Width": 4,
                      "Actual Startup Time": 0.021,
                      "Actual Total Time": 0.027,
                      "Actual Rows": 7,
                      "Actual Loops": 819063,
                      "Index Cond": "(movie_id = t.id)",
                      "Rows Removed by Index Recheck": 0,
                      "Filter": "((person_id > 867896) AND (role_id > 4))",
                      "Rows Removed by Filter": 18
                    }
                  ]
                }
              ]
            }
          ]
        }
      ]
    },
    "Planning Time": 1.465,
    "Triggers": [],
    "Execution Time": 5223.527
  }
]