[
    {
        "Bao": {
            "Bao prediction": 247.807,
            "Bao recommended hint": "SET enable_mergejoin TO off; SET enable_indexscan TO off; "
        }
    },
    {
        "Plan": {
            "Node Type": "Aggregate",
            "Strategy": "Plain",
            "Partial Mode": "Simple",
            "Parallel Aware": false,
            "Startup Cost": 53898.62,
            "Total Cost": 53898.63,
            "Plan Rows": 1,
            "Plan Width": 64,
            "Actual Startup Time": 308.932,
            "Actual Total Time": 314.958,
            "Actual Rows": 1,
            "Actual Loops": 1,
            "Output": [
                "min((kt.kind)::text)",
                "min(t.title)"
            ],
            "Plans": [
                {
                    "Node Type": "Nested Loop",
                    "Parent Relationship": "Outer",
                    "Parallel Aware": false,
                    "Join Type": "Inner",
                    "Startup Cost": 4239.55,
                    "Total Cost": 53898.61,
                    "Plan Rows": 1,
                    "Plan Width": 27,
                    "Actual Startup Time": 289.965,
                    "Actual Total Time": 314.584,
                    "Actual Rows": 628,
                    "Actual Loops": 1,
                    "Output": [
                        "kt.kind",
                        "t.title"
                    ],
                    "Inner Unique": true,
                    "Plans": [
                        {
                            "Node Type": "Nested Loop",
                            "Parent Relationship": "Outer",
                            "Parallel Aware": false,
                            "Join Type": "Inner",
                            "Startup Cost": 4239.12,
                            "Total Cost": 53894.17,
                            "Plan Rows": 1,
                            "Plan Width": 31,
                            "Actual Startup Time": 289.928,
                            "Actual Total Time": 308.506,
                            "Actual Rows": 628,
                            "Actual Loops": 1,
                            "Output": [
                                "mk.keyword_id",
                                "t.title",
                                "kt.kind"
                            ],
                            "Inner Unique": true,
                            "Join Filter": "(mc.company_type_id = ct.id)",
                            "Rows Removed by Join Filter": 615,
                            "Plans": [
                                {
                                    "Node Type": "Nested Loop",
                                    "Parent Relationship": "Outer",
                                    "Parallel Aware": false,
                                    "Join Type": "Inner",
                                    "Startup Cost": 4239.12,
                                    "Total Cost": 53893.08,
                                    "Plan Rows": 1,
                                    "Plan Width": 35,
                                    "Actual Startup Time": 289.917,
                                    "Actual Total Time": 305.957,
                                    "Actual Rows": 628,
                                    "Actual Loops": 1,
                                    "Output": [
                                        "mc.company_type_id",
                                        "mk.keyword_id",
                                        "t.title",
                                        "kt.kind"
                                    ],
                                    "Inner Unique": true,
                                    "Plans": [
                                        {
                                            "Node Type": "Nested Loop",
                                            "Parent Relationship": "Outer",
                                            "Parallel Aware": false,
                                            "Join Type": "Inner",
                                            "Startup Cost": 4238.69,
                                            "Total Cost": 53888.64,
                                            "Plan Rows": 1,
                                            "Plan Width": 39,
                                            "Actual Startup Time": 289.857,
                                            "Actual Total Time": 301.19,
                                            "Actual Rows": 628,
                                            "Actual Loops": 1,
                                            "Output": [
                                                "mc.company_id",
                                                "mc.company_type_id",
                                                "mk.keyword_id",
                                                "t.title",
                                                "kt.kind"
                                            ],
                                            "Inner Unique": false,
                                            "Join Filter": "(t.id = mc.movie_id)",
                                            "Rows Removed by Join Filter": 0,
                                            "Plans": [
                                                {
                                                    "Node Type": "Nested Loop",
                                                    "Parent Relationship": "Outer",
                                                    "Parallel Aware": false,
                                                    "Join Type": "Inner",
                                                    "Startup Cost": 4238.21,
                                                    "Total Cost": 53884.04,
                                                    "Plan Rows": 1,
                                                    "Plan Width": 47,
                                                    "Actual Startup Time": 289.793,
                                                    "Actual Total Time": 296.354,
                                                    "Actual Rows": 625,
                                                    "Actual Loops": 1,
                                                    "Output": [
                                                        "cc.movie_id",
                                                        "mi.movie_id",
                                                        "mk.movie_id",
                                                        "mk.keyword_id",
                                                        "t.title",
                                                        "t.id",
                                                        "kt.kind"
                                                    ],
                                                    "Inner Unique": false,
                                                    "Plans": [
                                                        {
                                                            "Node Type": "Gather",
                                                            "Parent Relationship": "Outer",
                                                            "Parallel Aware": false,
                                                            "Startup Cost": 4237.37,
                                                            "Total Cost": 53878.16,
                                                            "Plan Rows": 1,
                                                            "Plan Width": 39,
                                                            "Actual Startup Time": 289.72,
                                                            "Actual Total Time": 295.751,
                                                            "Actual Rows": 6,
                                                            "Actual Loops": 1,
                                                            "Output": [
                                                                "cc.movie_id",
                                                                "mi.movie_id",
                                                                "t.title",
                                                                "t.id",
                                                                "kt.kind"
                                                            ],
                                                            "Workers Planned": 4,
                                                            "Workers Launched": 4,
                                                            "Single Copy": false,
                                                            "Plans": [
                                                                {
                                                                    "Node Type": "Nested Loop",
                                                                    "Parent Relationship": "Outer",
                                                                    "Parallel Aware": false,
                                                                    "Join Type": "Inner",
                                                                    "Startup Cost": 3237.37,
                                                                    "Total Cost": 52878.06,
                                                                    "Plan Rows": 1,
                                                                    "Plan Width": 39,
                                                                    "Actual Startup Time": 255.188,
                                                                    "Actual Total Time": 277.524,
                                                                    "Actual Rows": 1,
                                                                    "Actual Loops": 5,
                                                                    "Output": [
                                                                        "cc.movie_id",
                                                                        "mi.movie_id",
                                                                        "t.title",
                                                                        "t.id",
                                                                        "kt.kind"
                                                                    ],
                                                                    "Inner Unique": true,
                                                                    "Join Filter": "(mi.info_type_id = it1.id)",
                                                                    "Rows Removed by Join Filter": 0,
                                                                    "Workers": [
                                                                        {
                                                                            "Worker Number": 0,
                                                                            "Actual Startup Time": 274.671,
                                                                            "Actual Total Time": 274.678,
                                                                            "Actual Rows": 0,
                                                                            "Actual Loops": 1
                                                                        },
                                                                        {
                                                                            "Worker Number": 1,
                                                                            "Actual Startup Time": 246.934,
                                                                            "Actual Total Time": 274.739,
                                                                            "Actual Rows": 4,
                                                                            "Actual Loops": 1
                                                                        },
                                                                        {
                                                                            "Worker Number": 2,
                                                                            "Actual Startup Time": 274.738,
                                                                            "Actual Total Time": 274.745,
                                                                            "Actual Rows": 0,
                                                                            "Actual Loops": 1
                                                                        },
                                                                        {
                                                                            "Worker Number": 3,
                                                                            "Actual Startup Time": 191.78,
                                                                            "Actual Total Time": 275.628,
                                                                            "Actual Rows": 2,
                                                                            "Actual Loops": 1
                                                                        }
                                                                    ],
                                                                    "Plans": [
                                                                        {
                                                                            "Node Type": "Nested Loop",
                                                                            "Parent Relationship": "Outer",
                                                                            "Parallel Aware": false,
                                                                            "Join Type": "Inner",
                                                                            "Startup Cost": 3237.37,
                                                                            "Total Cost": 52875.63,
                                                                            "Plan Rows": 1,
                                                                            "Plan Width": 43,
                                                                            "Actual Startup Time": 255.166,
                                                                            "Actual Total Time": 277.494,
                                                                            "Actual Rows": 1,
                                                                            "Actual Loops": 5,
                                                                            "Output": [
                                                                                "cc.movie_id",
                                                                                "mi.movie_id",
                                                                                "mi.info_type_id",
                                                                                "t.title",
                                                                                "t.id",
                                                                                "kt.kind"
                                                                            ],
                                                                            "Inner Unique": false,
                                                                            "Workers": [
                                                                                {
                                                                                    "Worker Number": 0,
                                                                                    "Actual Startup Time": 274.67,
                                                                                    "Actual Total Time": 274.676,
                                                                                    "Actual Rows": 0,
                                                                                    "Actual Loops": 1
                                                                                },
                                                                                {
                                                                                    "Worker Number": 1,
                                                                                    "Actual Startup Time": 246.877,
                                                                                    "Actual Total Time": 274.659,
                                                                                    "Actual Rows": 4,
                                                                                    "Actual Loops": 1
                                                                                },
                                                                                {
                                                                                    "Worker Number": 2,
                                                                                    "Actual Startup Time": 274.737,
                                                                                    "Actual Total Time": 274.743,
                                                                                    "Actual Rows": 0,
                                                                                    "Actual Loops": 1
                                                                                },
                                                                                {
                                                                                    "Worker Number": 3,
                                                                                    "Actual Startup Time": 191.729,
                                                                                    "Actual Total Time": 275.563,
                                                                                    "Actual Rows": 2,
                                                                                    "Actual Loops": 1
                                                                                }
                                                                            ],
                                                                            "Plans": [
                                                                                {
                                                                                    "Node Type": "Hash Join",
                                                                                    "Parent Relationship": "Outer",
                                                                                    "Parallel Aware": false,
                                                                                    "Join Type": "Inner",
                                                                                    "Startup Cost": 3236.49,
                                                                                    "Total Cost": 48659.52,
                                                                                    "Plan Rows": 738,
                                                                                    "Plan Width": 35,
                                                                                    "Actual Startup Time": 161.11,
                                                                                    "Actual Total Time": 212.981,
                                                                                    "Actual Rows": 331,
                                                                                    "Actual Loops": 5,
                                                                                    "Output": [
                                                                                        "cc.movie_id",
                                                                                        "t.title",
                                                                                        "t.id",
                                                                                        "kt.kind"
                                                                                    ],
                                                                                    "Inner Unique": true,
                                                                                    "Hash Cond": "(t.kind_id = kt.id)",
                                                                                    "Workers": [
                                                                                        {
                                                                                            "Worker Number": 0,
                                                                                            "Actual Startup Time": 158.885,
                                                                                            "Actual Total Time": 210.055,
                                                                                            "Actual Rows": 330,
                                                                                            "Actual Loops": 1
                                                                                        },
                                                                                        {
                                                                                            "Worker Number": 1,
                                                                                            "Actual Startup Time": 158.205,
                                                                                            "Actual Total Time": 209.52,
                                                                                            "Actual Rows": 322,
                                                                                            "Actual Loops": 1
                                                                                        },
                                                                                        {
                                                                                            "Worker Number": 2,
                                                                                            "Actual Startup Time": 158.23,
                                                                                            "Actual Total Time": 210.105,
                                                                                            "Actual Rows": 324,
                                                                                            "Actual Loops": 1
                                                                                        },
                                                                                        {
                                                                                            "Worker Number": 3,
                                                                                            "Actual Startup Time": 158.871,
                                                                                            "Actual Total Time": 211.536,
                                                                                            "Actual Rows": 328,
                                                                                            "Actual Loops": 1
                                                                                        }
                                                                                    ],
                                                                                    "Plans": [
                                                                                        {
                                                                                            "Node Type": "Hash Join",
                                                                                            "Parent Relationship": "Outer",
                                                                                            "Parallel Aware": false,
                                                                                            "Join Type": "Inner",
                                                                                            "Startup Cost": 3235.39,
                                                                                            "Total Cost": 48636.65,
                                                                                            "Plan Rows": 5166,
                                                                                            "Plan Width": 29,
                                                                                            "Actual Startup Time": 51.122,
                                                                                            "Actual Total Time": 212.251,
                                                                                            "Actual Rows": 569,
                                                                                            "Actual Loops": 5,
                                                                                            "Output": [
                                                                                                "cc.movie_id",
                                                                                                "t.title",
                                                                                                "t.kind_id",
                                                                                                "t.id"
                                                                                            ],
                                                                                            "Inner Unique": false,
                                                                                            "Hash Cond": "(t.id = cc.movie_id)",
                                                                                            "Workers": [
                                                                                                {
                                                                                                    "Worker Number": 0,
                                                                                                    "Actual Startup Time": 49.86,
                                                                                                    "Actual Total Time": 209.229,
                                                                                                    "Actual Rows": 576,
                                                                                                    "Actual Loops": 1
                                                                                                },
                                                                                                {
                                                                                                    "Worker Number": 1,
                                                                                                    "Actual Startup Time": 50.722,
                                                                                                    "Actual Total Time": 208.76,
                                                                                                    "Actual Rows": 546,
                                                                                                    "Actual Loops": 1
                                                                                                },
                                                                                                {
                                                                                                    "Worker Number": 2,
                                                                                                    "Actual Startup Time": 47.602,
                                                                                                    "Actual Total Time": 209.242,
                                                                                                    "Actual Rows": 591,
                                                                                                    "Actual Loops": 1
                                                                                                },
                                                                                                {
                                                                                                    "Worker Number": 3,
                                                                                                    "Actual Startup Time": 49.116,
                                                                                                    "Actual Total Time": 210.759,
                                                                                                    "Actual Rows": 555,
                                                                                                    "Actual Loops": 1
                                                                                                }
                                                                                            ],
                                                                                            "Plans": [
                                                                                                {
                                                                                                    "Node Type": "Seq Scan",
                                                                                                    "Parent Relationship": "Outer",
                                                                                                    "Parallel Aware": true,
                                                                                                    "Relation Name": "title",
                                                                                                    "Schema": "public",
                                                                                                    "Alias": "t",
                                                                                                    "Startup Cost": 0.0,
                                                                                                    "Total Cost": 43899.32,
                                                                                                    "Plan Rows": 386742,
                                                                                                    "Plan Width": 25,
                                                                                                    "Actual Startup Time": 0.059,
                                                                                                    "Actual Total Time": 112.266,
                                                                                                    "Actual Rows": 306323,
                                                                                                    "Actual Loops": 5,
                                                                                                    "Output": [
                                                                                                        "t.id",
                                                                                                        "t.title",
                                                                                                        "t.imdb_index",
                                                                                                        "t.kind_id",
                                                                                                        "t.production_year",
                                                                                                        "t.imdb_id",
                                                                                                        "t.phonetic_code",
                                                                                                        "t.episode_of_id",
                                                                                                        "t.season_nr",
                                                                                                        "t.episode_nr",
                                                                                                        "t.series_years",
                                                                                                        "t.md5sum"
                                                                                                    ],
                                                                                                    "Filter": "(t.production_year > 1997)",
                                                                                                    "Rows Removed by Filter": 199340,
                                                                                                    "Workers": [
                                                                                                        {
                                                                                                            "Worker Number": 0,
                                                                                                            "Actual Startup Time": 0.067,
                                                                                                            "Actual Total Time": 110.342,
                                                                                                            "Actual Rows": 298726,
                                                                                                            "Actual Loops": 1
                                                                                                        },
                                                                                                        {
                                                                                                            "Worker Number": 1,
                                                                                                            "Actual Startup Time": 0.067,
                                                                                                            "Actual Total Time": 110.209,
                                                                                                            "Actual Rows": 297039,
                                                                                                            "Actual Loops": 1
                                                                                                        },
                                                                                                        {
                                                                                                            "Worker Number": 2,
                                                                                                            "Actual Startup Time": 0.069,
                                                                                                            "Actual Total Time": 114.585,
                                                                                                            "Actual Rows": 312258,
                                                                                                            "Actual Loops": 1
                                                                                                        },
                                                                                                        {
                                                                                                            "Worker Number": 3,
                                                                                                            "Actual Startup Time": 0.062,
                                                                                                            "Actual Total Time": 111.763,
                                                                                                            "Actual Rows": 306496,
                                                                                                            "Actual Loops": 1
                                                                                                        }
                                                                                                    ]
                                                                                                },
                                                                                                {
                                                                                                    "Node Type": "Hash",
                                                                                                    "Parent Relationship": "Inner",
                                                                                                    "Parallel Aware": false,
                                                                                                    "Startup Cost": 2813.24,
                                                                                                    "Total Cost": 2813.24,
                                                                                                    "Plan Rows": 33772,
                                                                                                    "Plan Width": 4,
                                                                                                    "Actual Startup Time": 49.594,
                                                                                                    "Actual Total Time": 49.598,
                                                                                                    "Actual Rows": 24592,
                                                                                                    "Actual Loops": 5,
                                                                                                    "Output": [
                                                                                                        "cc.movie_id"
                                                                                                    ],
                                                                                                    "Hash Buckets": 65536,
                                                                                                    "Original Hash Buckets": 65536,
                                                                                                    "Hash Batches": 1,
                                                                                                    "Original Hash Batches": 1,
                                                                                                    "Peak Memory Usage": 1377,
                                                                                                    "Workers": [
                                                                                                        {
                                                                                                            "Worker Number": 0,
                                                                                                            "Actual Startup Time": 48.472,
                                                                                                            "Actual Total Time": 48.476,
                                                                                                            "Actual Rows": 24592,
                                                                                                            "Actual Loops": 1
                                                                                                        },
                                                                                                        {
                                                                                                            "Worker Number": 1,
                                                                                                            "Actual Startup Time": 48.498,
                                                                                                            "Actual Total Time": 48.502,
                                                                                                            "Actual Rows": 24592,
                                                                                                            "Actual Loops": 1
                                                                                                        },
                                                                                                        {
                                                                                                            "Worker Number": 2,
                                                                                                            "Actual Startup Time": 45.932,
                                                                                                            "Actual Total Time": 45.935,
                                                                                                            "Actual Rows": 24592,
                                                                                                            "Actual Loops": 1
                                                                                                        },
                                                                                                        {
                                                                                                            "Worker Number": 3,
                                                                                                            "Actual Startup Time": 47.84,
                                                                                                            "Actual Total Time": 47.845,
                                                                                                            "Actual Rows": 24592,
                                                                                                            "Actual Loops": 1
                                                                                                        }
                                                                                                    ],
                                                                                                    "Plans": [
                                                                                                        {
                                                                                                            "Node Type": "Hash Join",
                                                                                                            "Parent Relationship": "Outer",
                                                                                                            "Parallel Aware": false,
                                                                                                            "Join Type": "Inner",
                                                                                                            "Startup Cost": 1.06,
                                                                                                            "Total Cost": 2813.24,
                                                                                                            "Plan Rows": 33772,
                                                                                                            "Plan Width": 4,
                                                                                                            "Actual Startup Time": 0.185,
                                                                                                            "Actual Total Time": 42.663,
                                                                                                            "Actual Rows": 24592,
                                                                                                            "Actual Loops": 5,
                                                                                                            "Output": [
                                                                                                                "cc.movie_id"
                                                                                                            ],
                                                                                                            "Inner Unique": true,
                                                                                                            "Hash Cond": "(cc.status_id = cct1.id)",
                                                                                                            "Workers": [
                                                                                                                {
                                                                                                                    "Worker Number": 0,
                                                                                                                    "Actual Startup Time": 0.224,
                                                                                                                    "Actual Total Time": 41.449,
                                                                                                                    "Actual Rows": 24592,
                                                                                                                    "Actual Loops": 1
                                                                                                                },
                                                                                                                {
                                                                                                                    "Worker Number": 1,
                                                                                                                    "Actual Startup Time": 0.195,
                                                                                                                    "Actual Total Time": 41.438,
                                                                                                                    "Actual Rows": 24592,
                                                                                                                    "Actual Loops": 1
                                                                                                                },
                                                                                                                {
                                                                                                                    "Worker Number": 2,
                                                                                                                    "Actual Startup Time": 0.181,
                                                                                                                    "Actual Total Time": 39.517,
                                                                                                                    "Actual Rows": 24592,
                                                                                                                    "Actual Loops": 1
                                                                                                                },
                                                                                                                {
                                                                                                                    "Worker Number": 3,
                                                                                                                    "Actual Startup Time": 0.206,
                                                                                                                    "Actual Total Time": 41.118,
                                                                                                                    "Actual Rows": 24592,
                                                                                                                    "Actual Loops": 1
                                                                                                                }
                                                                                                            ],
                                                                                                            "Plans": [
                                                                                                                {
                                                                                                                    "Node Type": "Seq Scan",
                                                                                                                    "Parent Relationship": "Outer",
                                                                                                                    "Parallel Aware": false,
                                                                                                                    "Relation Name": "complete_cast",
                                                                                                                    "Schema": "public",
                                                                                                                    "Alias": "cc",
                                                                                                                    "Startup Cost": 0.0,
                                                                                                                    "Total Cost": 2081.86,
                                                                                                                    "Plan Rows": 135086,
                                                                                                                    "Plan Width": 8,
                                                                                                                    "Actual Startup Time": 0.065,
                                                                                                                    "Actual Total Time": 20.975,
                                                                                                                    "Actual Rows": 135086,
                                                                                                                    "Actual Loops": 5,
                                                                                                                    "Output": [
                                                                                                                        "cc.id",
                                                                                                                        "cc.movie_id",
                                                                                                                        "cc.subject_id",
                                                                                                                        "cc.status_id"
                                                                                                                    ],
                                                                                                                    "Workers": [
                                                                                                                        {
                                                                                                                            "Worker Number": 0,
                                                                                                                            "Actual Startup Time": 0.081,
                                                                                                                            "Actual Total Time": 19.446,
                                                                                                                            "Actual Rows": 135086,
                                                                                                                            "Actual Loops": 1
                                                                                                                        },
                                                                                                                        {
                                                                                                                            "Worker Number": 1,
                                                                                                                            "Actual Startup Time": 0.069,
                                                                                                                            "Actual Total Time": 19.517,
                                                                                                                            "Actual Rows": 135086,
                                                                                                                            "Actual Loops": 1
                                                                                                                        },
                                                                                                                        {
                                                                                                                            "Worker Number": 2,
                                                                                                                            "Actual Startup Time": 0.066,
                                                                                                                            "Actual Total Time": 19.255,
                                                                                                                            "Actual Rows": 135086,
                                                                                                                            "Actual Loops": 1
                                                                                                                        },
                                                                                                                        {
                                                                                                                            "Worker Number": 3,
                                                                                                                            "Actual Startup Time": 0.074,
                                                                                                                            "Actual Total Time": 19.752,
                                                                                                                            "Actual Rows": 135086,
                                                                                                                            "Actual Loops": 1
                                                                                                                        }
                                                                                                                    ]
                                                                                                                },
                                                                                                                {
                                                                                                                    "Node Type": "Hash",
                                                                                                                    "Parent Relationship": "Inner",
                                                                                                                    "Parallel Aware": false,
                                                                                                                    "Startup Cost": 1.05,
                                                                                                                    "Total Cost": 1.05,
                                                                                                                    "Plan Rows": 1,
                                                                                                                    "Plan Width": 4,
                                                                                                                    "Actual Startup Time": 0.071,
                                                                                                                    "Actual Total Time": 0.072,
                                                                                                                    "Actual Rows": 1,
                                                                                                                    "Actual Loops": 5,
                                                                                                                    "Output": [
                                                                                                                        "cct1.id"
                                                                                                                    ],
                                                                                                                    "Hash Buckets": 1024,
                                                                                                                    "Original Hash Buckets": 1024,
                                                                                                                    "Hash Batches": 1,
                                                                                                                    "Original Hash Batches": 1,
                                                                                                                    "Peak Memory Usage": 9,
                                                                                                                    "Workers": [
                                                                                                                        {
                                                                                                                            "Worker Number": 0,
                                                                                                                            "Actual Startup Time": 0.089,
                                                                                                                            "Actual Total Time": 0.091,
                                                                                                                            "Actual Rows": 1,
                                                                                                                            "Actual Loops": 1
                                                                                                                        },
                                                                                                                        {
                                                                                                                            "Worker Number": 1,
                                                                                                                            "Actual Startup Time": 0.078,
                                                                                                                            "Actual Total Time": 0.079,
                                                                                                                            "Actual Rows": 1,
                                                                                                                            "Actual Loops": 1
                                                                                                                        },
                                                                                                                        {
                                                                                                                            "Worker Number": 2,
                                                                                                                            "Actual Startup Time": 0.073,
                                                                                                                            "Actual Total Time": 0.074,
                                                                                                                            "Actual Rows": 1,
                                                                                                                            "Actual Loops": 1
                                                                                                                        },
                                                                                                                        {
                                                                                                                            "Worker Number": 3,
                                                                                                                            "Actual Startup Time": 0.083,
                                                                                                                            "Actual Total Time": 0.085,
                                                                                                                            "Actual Rows": 1,
                                                                                                                            "Actual Loops": 1
                                                                                                                        }
                                                                                                                    ],
                                                                                                                    "Plans": [
                                                                                                                        {
                                                                                                                            "Node Type": "Seq Scan",
                                                                                                                            "Parent Relationship": "Outer",
                                                                                                                            "Parallel Aware": false,
                                                                                                                            "Relation Name": "comp_cast_type",
                                                                                                                            "Schema": "public",
                                                                                                                            "Alias": "cct1",
                                                                                                                            "Startup Cost": 0.0,
                                                                                                                            "Total Cost": 1.05,
                                                                                                                            "Plan Rows": 1,
                                                                                                                            "Plan Width": 4,
                                                                                                                            "Actual Startup Time": 0.058,
                                                                                                                            "Actual Total Time": 0.06,
                                                                                                                            "Actual Rows": 1,
                                                                                                                            "Actual Loops": 5,
                                                                                                                            "Output": [
                                                                                                                                "cct1.id"
                                                                                                                            ],
                                                                                                                            "Filter": "((cct1.kind)::text = 'complete+verified'::text)",
                                                                                                                            "Rows Removed by Filter": 3,
                                                                                                                            "Workers": [
                                                                                                                                {
                                                                                                                                    "Worker Number": 0,
                                                                                                                                    "Actual Startup Time": 0.075,
                                                                                                                                    "Actual Total Time": 0.078,
                                                                                                                                    "Actual Rows": 1,
                                                                                                                                    "Actual Loops": 1
                                                                                                                                },
                                                                                                                                {
                                                                                                                                    "Worker Number": 1,
                                                                                                                                    "Actual Startup Time": 0.065,
                                                                                                                                    "Actual Total Time": 0.067,
                                                                                                                                    "Actual Rows": 1,
                                                                                                                                    "Actual Loops": 1
                                                                                                                                },
                                                                                                                                {
                                                                                                                                    "Worker Number": 2,
                                                                                                                                    "Actual Startup Time": 0.063,
                                                                                                                                    "Actual Total Time": 0.064,
                                                                                                                                    "Actual Rows": 1,
                                                                                                                                    "Actual Loops": 1
                                                                                                                                },
                                                                                                                                {
                                                                                                                                    "Worker Number": 3,
                                                                                                                                    "Actual Startup Time": 0.07,
                                                                                                                                    "Actual Total Time": 0.072,
                                                                                                                                    "Actual Rows": 1,
                                                                                                                                    "Actual Loops": 1
                                                                                                                                }
                                                                                                                            ]
                                                                                                                        }
                                                                                                                    ]
                                                                                                                }
                                                                                                            ]
                                                                                                        }
                                                                                                    ]
                                                                                                }
                                                                                            ]
                                                                                        },
                                                                                        {
                                                                                            "Node Type": "Hash",
                                                                                            "Parent Relationship": "Inner",
                                                                                            "Parallel Aware": false,
                                                                                            "Startup Cost": 1.09,
                                                                                            "Total Cost": 1.09,
                                                                                            "Plan Rows": 1,
                                                                                            "Plan Width": 14,
                                                                                            "Actual Startup Time": 0.086,
                                                                                            "Actual Total Time": 0.087,
                                                                                            "Actual Rows": 1,
                                                                                            "Actual Loops": 5,
                                                                                            "Output": [
                                                                                                "kt.kind",
                                                                                                "kt.id"
                                                                                            ],
                                                                                            "Hash Buckets": 1024,
                                                                                            "Original Hash Buckets": 1024,
                                                                                            "Hash Batches": 1,
                                                                                            "Original Hash Batches": 1,
                                                                                            "Peak Memory Usage": 9,
                                                                                            "Workers": [
                                                                                                {
                                                                                                    "Worker Number": 0,
                                                                                                    "Actual Startup Time": 0.096,
                                                                                                    "Actual Total Time": 0.097,
                                                                                                    "Actual Rows": 1,
                                                                                                    "Actual Loops": 1
                                                                                                },
                                                                                                {
                                                                                                    "Worker Number": 1,
                                                                                                    "Actual Startup Time": 0.084,
                                                                                                    "Actual Total Time": 0.084,
                                                                                                    "Actual Rows": 1,
                                                                                                    "Actual Loops": 1
                                                                                                },
                                                                                                {
                                                                                                    "Worker Number": 2,
                                                                                                    "Actual Startup Time": 0.099,
                                                                                                    "Actual Total Time": 0.099,
                                                                                                    "Actual Rows": 1,
                                                                                                    "Actual Loops": 1
                                                                                                },
                                                                                                {
                                                                                                    "Worker Number": 3,
                                                                                                    "Actual Startup Time": 0.087,
                                                                                                    "Actual Total Time": 0.088,
                                                                                                    "Actual Rows": 1,
                                                                                                    "Actual Loops": 1
                                                                                                }
                                                                                            ],
                                                                                            "Plans": [
                                                                                                {
                                                                                                    "Node Type": "Seq Scan",
                                                                                                    "Parent Relationship": "Outer",
                                                                                                    "Parallel Aware": false,
                                                                                                    "Relation Name": "kind_type",
                                                                                                    "Schema": "public",
                                                                                                    "Alias": "kt",
                                                                                                    "Startup Cost": 0.0,
                                                                                                    "Total Cost": 1.09,
                                                                                                    "Plan Rows": 1,
                                                                                                    "Plan Width": 14,
                                                                                                    "Actual Startup Time": 0.057,
                                                                                                    "Actual Total Time": 0.062,
                                                                                                    "Actual Rows": 1,
                                                                                                    "Actual Loops": 5,
                                                                                                    "Output": [
                                                                                                        "kt.kind",
                                                                                                        "kt.id"
                                                                                                    ],
                                                                                                    "Filter": "((kt.kind)::text = 'movie'::text)",
                                                                                                    "Rows Removed by Filter": 6,
                                                                                                    "Workers": [
                                                                                                        {
                                                                                                            "Worker Number": 0,
                                                                                                            "Actual Startup Time": 0.067,
                                                                                                            "Actual Total Time": 0.072,
                                                                                                            "Actual Rows": 1,
                                                                                                            "Actual Loops": 1
                                                                                                        },
                                                                                                        {
                                                                                                            "Worker Number": 1,
                                                                                                            "Actual Startup Time": 0.058,
                                                                                                            "Actual Total Time": 0.063,
                                                                                                            "Actual Rows": 1,
                                                                                                            "Actual Loops": 1
                                                                                                        },
                                                                                                        {
                                                                                                            "Worker Number": 2,
                                                                                                            "Actual Startup Time": 0.07,
                                                                                                            "Actual Total Time": 0.075,
                                                                                                            "Actual Rows": 1,
                                                                                                            "Actual Loops": 1
                                                                                                        },
                                                                                                        {
                                                                                                            "Worker Number": 3,
                                                                                                            "Actual Startup Time": 0.062,
                                                                                                            "Actual Total Time": 0.066,
                                                                                                            "Actual Rows": 1,
                                                                                                            "Actual Loops": 1
                                                                                                        }
                                                                                                    ]
                                                                                                }
                                                                                            ]
                                                                                        }
                                                                                    ]
                                                                                },
                                                                                {
                                                                                    "Node Type": "Bitmap Heap Scan",
                                                                                    "Parent Relationship": "Inner",
                                                                                    "Parallel Aware": false,
                                                                                    "Relation Name": "movie_info",
                                                                                    "Schema": "public",
                                                                                    "Alias": "mi",
                                                                                    "Startup Cost": 0.88,
                                                                                    "Total Cost": 5.7,
                                                                                    "Plan Rows": 1,
                                                                                    "Plan Width": 8,
                                                                                    "Actual Startup Time": 0.192,
                                                                                    "Actual Total Time": 0.192,
                                                                                    "Actual Rows": 0,
                                                                                    "Actual Loops": 1654,
                                                                                    "Output": [
                                                                                        "mi.id",
                                                                                        "mi.movie_id",
                                                                                        "mi.info_type_id",
                                                                                        "mi.info",
                                                                                        "mi.note"
                                                                                    ],
                                                                                    "Recheck Cond": "(mi.movie_id = t.id)",
                                                                                    "Rows Removed by Index Recheck": 0,
                                                                                    "Filter": "((mi.info IS NOT NULL) AND (mi.note ~~ '%internet%'::text) AND ((mi.info ~~ 'USA:% 199%'::text) OR (mi.info ~~ 'USA:% 200%'::text)))",
                                                                                    "Rows Removed by Filter": 190,
                                                                                    "Exact Heap Blocks": 7488,
                                                                                    "Lossy Heap Blocks": 0,
                                                                                    "Workers": [
                                                                                        {
                                                                                            "Worker Number": 0,
                                                                                            "Actual Startup Time": 0.193,
                                                                                            "Actual Total Time": 0.193,
                                                                                            "Actual Rows": 0,
                                                                                            "Actual Loops": 330
                                                                                        },
                                                                                        {
                                                                                            "Worker Number": 1,
                                                                                            "Actual Startup Time": 0.199,
                                                                                            "Actual Total Time": 0.199,
                                                                                            "Actual Rows": 0,
                                                                                            "Actual Loops": 322
                                                                                        },
                                                                                        {
                                                                                            "Worker Number": 2,
                                                                                            "Actual Startup Time": 0.196,
                                                                                            "Actual Total Time": 0.196,
                                                                                            "Actual Rows": 0,
                                                                                            "Actual Loops": 324
                                                                                        },
                                                                                        {
                                                                                            "Worker Number": 3,
                                                                                            "Actual Startup Time": 0.192,
                                                                                            "Actual Total Time": 0.192,
                                                                                            "Actual Rows": 0,
                                                                                            "Actual Loops": 328
                                                                                        }
                                                                                    ],
                                                                                    "Plans": [
                                                                                        {
                                                                                            "Node Type": "Bitmap Index Scan",
                                                                                            "Parent Relationship": "Outer",
                                                                                            "Parallel Aware": false,
                                                                                            "Index Name": "movie_id_movie_info",
                                                                                            "Startup Cost": 0.0,
                                                                                            "Total Cost": 0.88,
                                                                                            "Plan Rows": 41,
                                                                                            "Plan Width": 0,
                                                                                            "Actual Startup Time": 0.029,
                                                                                            "Actual Total Time": 0.029,
                                                                                            "Actual Rows": 190,
                                                                                            "Actual Loops": 1654,
                                                                                            "Index Cond": "(mi.movie_id = t.id)",
                                                                                            "Workers": [
                                                                                                {
                                                                                                    "Worker Number": 0,
                                                                                                    "Actual Startup Time": 0.029,
                                                                                                    "Actual Total Time": 0.029,
                                                                                                    "Actual Rows": 201,
                                                                                                    "Actual Loops": 330
                                                                                                },
                                                                                                {
                                                                                                    "Worker Number": 1,
                                                                                                    "Actual Startup Time": 0.03,
                                                                                                    "Actual Total Time": 0.03,
                                                                                                    "Actual Rows": 193,
                                                                                                    "Actual Loops": 322
                                                                                                },
                                                                                                {
                                                                                                    "Worker Number": 2,
                                                                                                    "Actual Startup Time": 0.03,
                                                                                                    "Actual Total Time": 0.03,
                                                                                                    "Actual Rows": 183,
                                                                                                    "Actual Loops": 324
                                                                                                },
                                                                                                {
                                                                                                    "Worker Number": 3,
                                                                                                    "Actual Startup Time": 0.03,
                                                                                                    "Actual Total Time": 0.03,
                                                                                                    "Actual Rows": 191,
                                                                                                    "Actual Loops": 328
                                                                                                }
                                                                                            ]
                                                                                        }
                                                                                    ]
                                                                                }
                                                                            ]
                                                                        },
                                                                        {
                                                                            "Node Type": "Seq Scan",
                                                                            "Parent Relationship": "Inner",
                                                                            "Parallel Aware": false,
                                                                            "Relation Name": "info_type",
                                                                            "Schema": "public",
                                                                            "Alias": "it1",
                                                                            "Startup Cost": 0.0,
                                                                            "Total Cost": 2.41,
                                                                            "Plan Rows": 1,
                                                                            "Plan Width": 4,
                                                                            "Actual Startup Time": 0.02,
                                                                            "Actual Total Time": 0.02,
                                                                            "Actual Rows": 1,
                                                                            "Actual Loops": 6,
                                                                            "Output": [
                                                                                "it1.id",
                                                                                "it1.info"
                                                                            ],
                                                                            "Filter": "((it1.info)::text = 'release dates'::text)",
                                                                            "Rows Removed by Filter": 15,
                                                                            "Workers": [
                                                                                {
                                                                                    "Worker Number": 1,
                                                                                    "Actual Startup Time": 0.016,
                                                                                    "Actual Total Time": 0.016,
                                                                                    "Actual Rows": 1,
                                                                                    "Actual Loops": 4
                                                                                },
                                                                                {
                                                                                    "Worker Number": 3,
                                                                                    "Actual Startup Time": 0.027,
                                                                                    "Actual Total Time": 0.027,
                                                                                    "Actual Rows": 1,
                                                                                    "Actual Loops": 2
                                                                                }
                                                                            ]
                                                                        }
                                                                    ]
                                                                }
                                                            ]
                                                        },
                                                        {
                                                            "Node Type": "Bitmap Heap Scan",
                                                            "Parent Relationship": "Inner",
                                                            "Parallel Aware": false,
                                                            "Relation Name": "movie_keyword",
                                                            "Schema": "public",
                                                            "Alias": "mk",
                                                            "Startup Cost": 0.84,
                                                            "Total Cost": 5.42,
                                                            "Plan Rows": 46,
                                                            "Plan Width": 8,
                                                            "Actual Startup Time": 0.042,
                                                            "Actual Total Time": 0.068,
                                                            "Actual Rows": 104,
                                                            "Actual Loops": 6,
                                                            "Output": [
                                                                "mk.id",
                                                                "mk.movie_id",
                                                                "mk.keyword_id"
                                                            ],
                                                            "Recheck Cond": "(mk.movie_id = t.id)",
                                                            "Rows Removed by Index Recheck": 0,
                                                            "Exact Heap Blocks": 10,
                                                            "Lossy Heap Blocks": 0,
                                                            "Plans": [
                                                                {
                                                                    "Node Type": "Bitmap Index Scan",
                                                                    "Parent Relationship": "Outer",
                                                                    "Parallel Aware": false,
                                                                    "Index Name": "movie_id_movie_keyword",
                                                                    "Startup Cost": 0.0,
                                                                    "Total Cost": 0.83,
                                                                    "Plan Rows": 46,
                                                                    "Plan Width": 0,
                                                                    "Actual Startup Time": 0.027,
                                                                    "Actual Total Time": 0.027,
                                                                    "Actual Rows": 104,
                                                                    "Actual Loops": 6,
                                                                    "Index Cond": "(mk.movie_id = t.id)"
                                                                }
                                                            ]
                                                        }
                                                    ]
                                                },
                                                {
                                                    "Node Type": "Bitmap Heap Scan",
                                                    "Parent Relationship": "Inner",
                                                    "Parallel Aware": false,
                                                    "Relation Name": "movie_companies",
                                                    "Schema": "public",
                                                    "Alias": "mc",
                                                    "Startup Cost": 0.48,
                                                    "Total Cost": 4.54,
                                                    "Plan Rows": 5,
                                                    "Plan Width": 12,
                                                    "Actual Startup Time": 0.005,
                                                    "Actual Total Time": 0.005,
                                                    "Actual Rows": 1,
                                                    "Actual Loops": 625,
                                                    "Output": [
                                                        "mc.id",
                                                        "mc.movie_id",
                                                        "mc.company_id",
                                                        "mc.company_type_id",
                                                        "mc.note"
                                                    ],
                                                    "Recheck Cond": "(mc.movie_id = mk.movie_id)",
                                                    "Rows Removed by Index Recheck": 0,
                                                    "Exact Heap Blocks": 628,
                                                    "Lossy Heap Blocks": 0,
                                                    "Plans": [
                                                        {
                                                            "Node Type": "Bitmap Index Scan",
                                                            "Parent Relationship": "Outer",
                                                            "Parallel Aware": false,
                                                            "Index Name": "movie_id_movie_companies",
                                                            "Startup Cost": 0.0,
                                                            "Total Cost": 0.48,
                                                            "Plan Rows": 5,
                                                            "Plan Width": 0,
                                                            "Actual Startup Time": 0.003,
                                                            "Actual Total Time": 0.003,
                                                            "Actual Rows": 1,
                                                            "Actual Loops": 625,
                                                            "Index Cond": "(mc.movie_id = mk.movie_id)"
                                                        }
                                                    ]
                                                }
                                            ]
                                        },
                                        {
                                            "Node Type": "Bitmap Heap Scan",
                                            "Parent Relationship": "Inner",
                                            "Parallel Aware": false,
                                            "Relation Name": "company_name",
                                            "Schema": "public",
                                            "Alias": "cn",
                                            "Startup Cost": 0.43,
                                            "Total Cost": 4.44,
                                            "Plan Rows": 1,
                                            "Plan Width": 4,
                                            "Actual Startup Time": 0.005,
                                            "Actual Total Time": 0.005,
                                            "Actual Rows": 1,
                                            "Actual Loops": 628,
                                            "Output": [
                                                "cn.id",
                                                "cn.name",
                                                "cn.country_code",
                                                "cn.imdb_id",
                                                "cn.name_pcode_nf",
                                                "cn.name_pcode_sf",
                                                "cn.md5sum"
                                            ],
                                            "Recheck Cond": "(cn.id = mc.company_id)",
                                            "Rows Removed by Index Recheck": 0,
                                            "Filter": "((cn.country_code)::text = '[us]'::text)",
                                            "Rows Removed by Filter": 0,
                                            "Exact Heap Blocks": 628,
                                            "Lossy Heap Blocks": 0,
                                            "Plans": [
                                                {
                                                    "Node Type": "Bitmap Index Scan",
                                                    "Parent Relationship": "Outer",
                                                    "Parallel Aware": false,
                                                    "Index Name": "company_name_pkey",
                                                    "Startup Cost": 0.0,
                                                    "Total Cost": 0.43,
                                                    "Plan Rows": 1,
                                                    "Plan Width": 0,
                                                    "Actual Startup Time": 0.003,
                                                    "Actual Total Time": 0.003,
                                                    "Actual Rows": 1,
                                                    "Actual Loops": 628,
                                                    "Index Cond": "(cn.id = mc.company_id)"
                                                }
                                            ]
                                        }
                                    ]
                                },
                                {
                                    "Node Type": "Seq Scan",
                                    "Parent Relationship": "Inner",
                                    "Parallel Aware": false,
                                    "Relation Name": "company_type",
                                    "Schema": "public",
                                    "Alias": "ct",
                                    "Startup Cost": 0.0,
                                    "Total Cost": 1.04,
                                    "Plan Rows": 4,
                                    "Plan Width": 4,
                                    "Actual Startup Time": 0.001,
                                    "Actual Total Time": 0.001,
                                    "Actual Rows": 2,
                                    "Actual Loops": 628,
                                    "Output": [
                                        "ct.id",
                                        "ct.kind"
                                    ]
                                }
                            ]
                        },
                        {
                            "Node Type": "Bitmap Heap Scan",
                            "Parent Relationship": "Inner",
                            "Parallel Aware": false,
                            "Relation Name": "keyword",
                            "Schema": "public",
                            "Alias": "k",
                            "Startup Cost": 0.43,
                            "Total Cost": 4.44,
                            "Plan Rows": 1,
                            "Plan Width": 4,
                            "Actual Startup Time": 0.007,
                            "Actual Total Time": 0.007,
                            "Actual Rows": 1,
                            "Actual Loops": 628,
                            "Output": [
                                "k.id",
                                "k.keyword",
                                "k.phonetic_code"
                            ],
                            "Recheck Cond": "(k.id = mk.keyword_id)",
                            "Rows Removed by Index Recheck": 0,
                            "Exact Heap Blocks": 628,
                            "Lossy Heap Blocks": 0,
                            "Plans": [
                                {
                                    "Node Type": "Bitmap Index Scan",
                                    "Parent Relationship": "Outer",
                                    "Parallel Aware": false,
                                    "Index Name": "keyword_pkey",
                                    "Startup Cost": 0.0,
                                    "Total Cost": 0.43,
                                    "Plan Rows": 1,
                                    "Plan Width": 0,
                                    "Actual Startup Time": 0.004,
                                    "Actual Total Time": 0.004,
                                    "Actual Rows": 1,
                                    "Actual Loops": 628,
                                    "Index Cond": "(k.id = mk.keyword_id)"
                                }
                            ]
                        }
                    ]
                }
            ]
        },
        "Planning Time": 1923.797,
        "Triggers": [],
        "Execution Time": 316.273
    }
]