[
  {
    "Plan": {
      "Node Type": "Aggregate",
      "Strategy": "Plain",
      "Partial Mode": "Finalize",
      "Parallel Aware": false,
      "Startup Cost": 499689.62,
      "Total Cost": 499689.63,
      "Plan Rows": 1,
      "Plan Width": 8,
      "Actual Startup Time": 8222.492,
      "Actual Total Time": 8340.04,
      "Actual Rows": 1,
      "Actual Loops": 1,
      "Plans": [
        {
          "Node Type": "Gather",
          "Parent Relationship": "Outer",
          "Parallel Aware": false,
          "Startup Cost": 499689.1,
          "Total Cost": 499689.61,
          "Plan Rows": 5,
          "Plan Width": 8,
          "Actual Startup Time": 8220.181,
          "Actual Total Time": 8339.998,
          "Actual Rows": 6,
          "Actual Loops": 1,
          "Workers Planned": 5,
          "Workers Launched": 5,
          "Single Copy": false,
          "Plans": [
            {
              "Node Type": "Aggregate",
              "Strategy": "Plain",
              "Partial Mode": "Partial",
              "Parent Relationship": "Outer",
              "Parallel Aware": false,
              "Startup Cost": 498689.1,
              "Total Cost": 498689.11,
              "Plan Rows": 1,
              "Plan Width": 8,
              "Actual Startup Time": 8211.642,
              "Actual Total Time": 8211.645,
              "Actual Rows": 1,
              "Actual Loops": 6,
              "Plans": [
                {
                  "Node Type": "Nested Loop",
                  "Parent Relationship": "Outer",
                  "Parallel Aware": false,
                  "Join Type": "Inner",
                  "Startup Cost": 46026.9,
                  "Total Cost": 496355.35,
                  "Plan Rows": 933499,
                  "Plan Width": 0,
                  "Actual Startup Time": 117.807,
                  "Actual Total Time": 8084.298,
                  "Actual Rows": 2440525,
                  "Actual Loops": 6,
                  "Inner Unique": false,
                  "Join Filter": "(t.id = ci.movie_id)",
                  "Rows Removed by Join Filter": 0,
                  "Plans": [
                    {
                      "Node Type": "Hash Join",
                      "Parent Relationship": "Outer",
                      "Parallel Aware": true,
                      "Join Type": "Inner",
                      "Startup Cost": 46026.34,
                      "Total Cost": 250989.37,
                      "Plan Rows": 154338,
                      "Plan Width": 8,
                      "Actual Startup Time": 117.333,
                      "Actual Total Time": 958.774,
                      "Actual Rows": 409635,
                      "Actual Loops": 6,
                      "Inner Unique": true,
                      "Hash Cond": "(mi.movie_id = t.id)",
                      "Plans": [
                        {
                          "Node Type": "Seq Scan",
                          "Parent Relationship": "Outer",
                          "Parallel Aware": true,
                          "Relation Name": "movie_info",
                          "Alias": "mi",
                          "Startup Cost": 0.0,
                          "Total Cost": 199108.24,
                          "Plan Rows": 2230394,
                          "Plan Width": 4,
                          "Actual Startup Time": 0.034,
                          "Actual Total Time": 365.451,
                          "Actual Rows": 1868457,
                          "Actual Loops": 6,
                          "Filter": "(info_type_id > 3)",
                          "Rows Removed by Filter": 604163
                        },
                        {
                          "Node Type": "Hash",
                          "Parent Relationship": "Inner",
                          "Parallel Aware": true,
                          "Startup Cost": 45479.59,
                          "Total Cost": 45479.59,
                          "Plan Rows": 43740,
                          "Plan Width": 4,
                          "Actual Startup Time": 114.784,
                          "Actual Total Time": 114.785,
                          "Actual Rows": 48037,
                          "Actual Loops": 6,
                          "Hash Buckets": 524288,
                          "Original Hash Buckets": 262144,
                          "Hash Batches": 1,
                          "Original Hash Batches": 1,
                          "Peak Memory Usage": 17504,
                          "Plans": [
                            {
                              "Node Type": "Seq Scan",
                              "Parent Relationship": "Outer",
                              "Parallel Aware": true,
                              "Relation Name": "title",
                              "Alias": "t",
                              "Startup Cost": 0.0,
                              "Total Cost": 45479.59,
                              "Plan Rows": 43740,
                              "Plan Width": 4,
                              "Actual Startup Time": 0.131,
                              "Actual Total Time": 85.099,
                              "Actual Rows": 48037,
                              "Actual Loops": 6,
                              "Filter": "((kind_id < 7) AND (production_year < 1977))",
                              "Rows Removed by Filter": 373348
                            }
                          ]
                        }
                      ]
                    },
                    {
                      "Node Type": "Index Scan",
                      "Parent Relationship": "Inner",
                      "Parallel Aware": false,
                      "Scan Direction": "Forward",
                      "Index Name": "movie_id_cast_info",
                      "Relation Name": "cast_info",
                      "Alias": "ci",
                      "Startup Cost": 0.56,
                      "Total Cost": 1.4,
                      "Plan Rows": 15,
                      "Plan Width": 4,
                      "Actual Startup Time": 0.011,
                      "Actual Total Time": 0.017,
                      "Actual Rows": 6,
                      "Actual Loops": 2457812,
                      "Index Cond": "(movie_id = mi.movie_id)",
                      "Rows Removed by Index Recheck": 0,
                      "Filter": "(person_id > 2148019)",
                      "Rows Removed by Filter": 16
                    }
                  ]
                }
              ]
            }
          ]
        }
      ]
    },
    "Planning Time": 1.192,
    "Triggers": [],
    "Execution Time": 8340.192
  }
]