[
    {
        "Bao": {
            "Bao prediction": "NaN",
            "Bao recommended hint": "(no hint)"
        }
    },
    {
        "Plan": {
            "Node Type": "Aggregate",
            "Strategy": "Plain",
            "Partial Mode": "Finalize",
            "Parallel Aware": false,
            "Startup Cost": 32815.21,
            "Total Cost": 32815.22,
            "Plan Rows": 1,
            "Plan Width": 8,
            "Actual Startup Time": 87.126,
            "Actual Total Time": 91.845,
            "Actual Rows": 1,
            "Actual Loops": 1,
            "Output": [
                "count(*)"
            ],
            "Plans": [
                {
                    "Node Type": "Gather",
                    "Parent Relationship": "Outer",
                    "Parallel Aware": false,
                    "Startup Cost": 32814.89,
                    "Total Cost": 32815.2,
                    "Plan Rows": 3,
                    "Plan Width": 8,
                    "Actual Startup Time": 86.889,
                    "Actual Total Time": 91.837,
                    "Actual Rows": 4,
                    "Actual Loops": 1,
                    "Output": [
                        "(PARTIAL count(*))"
                    ],
                    "Workers Planned": 3,
                    "Workers Launched": 3,
                    "Single Copy": false,
                    "Plans": [
                        {
                            "Node Type": "Aggregate",
                            "Strategy": "Plain",
                            "Partial Mode": "Partial",
                            "Parent Relationship": "Outer",
                            "Parallel Aware": false,
                            "Startup Cost": 31814.89,
                            "Total Cost": 31814.9,
                            "Plan Rows": 1,
                            "Plan Width": 8,
                            "Actual Startup Time": 78.882,
                            "Actual Total Time": 78.883,
                            "Actual Rows": 1,
                            "Actual Loops": 4,
                            "Output": [
                                "PARTIAL count(*)"
                            ],
                            "Workers": [
                                {
                                    "Worker Number": 0,
                                    "Actual Startup Time": 76.08,
                                    "Actual Total Time": 76.082,
                                    "Actual Rows": 1,
                                    "Actual Loops": 1
                                },
                                {
                                    "Worker Number": 1,
                                    "Actual Startup Time": 76.347,
                                    "Actual Total Time": 76.348,
                                    "Actual Rows": 1,
                                    "Actual Loops": 1
                                },
                                {
                                    "Worker Number": 2,
                                    "Actual Startup Time": 76.434,
                                    "Actual Total Time": 76.435,
                                    "Actual Rows": 1,
                                    "Actual Loops": 1
                                }
                            ],
                            "Plans": [
                                {
                                    "Node Type": "Bitmap Heap Scan",
                                    "Parent Relationship": "Outer",
                                    "Parallel Aware": true,
                                    "Relation Name": "movie_keyword",
                                    "Schema": "public",
                                    "Alias": "mk",
                                    "Startup Cost": 5993.9,
                                    "Total Cost": 31587.06,
                                    "Plan Rows": 91133,
                                    "Plan Width": 0,
                                    "Actual Startup Time": 11.976,
                                    "Actual Total Time": 74.385,
                                    "Actual Rows": 70382,
                                    "Actual Loops": 4,
                                    "Recheck Cond": "(mk.keyword_id > 56751)",
                                    "Rows Removed by Index Recheck": 0,
                                    "Exact Heap Blocks": 10710,
                                    "Lossy Heap Blocks": 0,
                                    "Workers": [
                                        {
                                            "Worker Number": 0,
                                            "Actual Startup Time": 9.207,
                                            "Actual Total Time": 71.843,
                                            "Actual Rows": 45228,
                                            "Actual Loops": 1
                                        },
                                        {
                                            "Worker Number": 1,
                                            "Actual Startup Time": 9.578,
                                            "Actual Total Time": 72.255,
                                            "Actual Rows": 49373,
                                            "Actual Loops": 1
                                        },
                                        {
                                            "Worker Number": 2,
                                            "Actual Startup Time": 9.556,
                                            "Actual Total Time": 72.302,
                                            "Actual Rows": 49103,
                                            "Actual Loops": 1
                                        }
                                    ],
                                    "Plans": [
                                        {
                                            "Node Type": "Bitmap Index Scan",
                                            "Parent Relationship": "Outer",
                                            "Parallel Aware": false,
                                            "Index Name": "keyword_id_movie_keyword",
                                            "Startup Cost": 0.0,
                                            "Total Cost": 5923.27,
                                            "Plan Rows": 282512,
                                            "Plan Width": 0,
                                            "Actual Startup Time": 16.401,
                                            "Actual Total Time": 16.401,
                                            "Actual Rows": 281526,
                                            "Actual Loops": 1,
                                            "Index Cond": "(mk.keyword_id > 56751)"
                                        }
                                    ]
                                }
                            ]
                        }
                    ]
                }
            ]
        },
        "Planning Time": 170.267,
        "Triggers": [],
        "Execution Time": 91.887
    }
]