[
    {
        "Bao": {
            "Bao prediction": "NaN",
            "Bao recommended hint": "(no hint)"
        }
    },
    {
        "Plan": {
            "Node Type": "Aggregate",
            "Strategy": "Plain",
            "Partial Mode": "Finalize",
            "Parallel Aware": false,
            "Startup Cost": 330738.66,
            "Total Cost": 330738.67,
            "Plan Rows": 1,
            "Plan Width": 8,
            "Actual Startup Time": 600.309,
            "Actual Total Time": 630.052,
            "Actual Rows": 1,
            "Actual Loops": 1,
            "Output": [
                "count(*)"
            ],
            "Plans": [
                {
                    "Node Type": "Gather",
                    "Parent Relationship": "Outer",
                    "Parallel Aware": false,
                    "Startup Cost": 330738.04,
                    "Total Cost": 330738.65,
                    "Plan Rows": 6,
                    "Plan Width": 8,
                    "Actual Startup Time": 600.213,
                    "Actual Total Time": 630.043,
                    "Actual Rows": 7,
                    "Actual Loops": 1,
                    "Output": [
                        "(PARTIAL count(*))"
                    ],
                    "Workers Planned": 6,
                    "Workers Launched": 6,
                    "Single Copy": false,
                    "Plans": [
                        {
                            "Node Type": "Aggregate",
                            "Strategy": "Plain",
                            "Partial Mode": "Partial",
                            "Parent Relationship": "Outer",
                            "Parallel Aware": false,
                            "Startup Cost": 329738.04,
                            "Total Cost": 329738.05,
                            "Plan Rows": 1,
                            "Plan Width": 8,
                            "Actual Startup Time": 590.276,
                            "Actual Total Time": 590.277,
                            "Actual Rows": 1,
                            "Actual Loops": 7,
                            "Output": [
                                "PARTIAL count(*)"
                            ],
                            "Workers": [
                                {
                                    "Worker Number": 0,
                                    "Actual Startup Time": 588.11,
                                    "Actual Total Time": 588.112,
                                    "Actual Rows": 1,
                                    "Actual Loops": 1
                                },
                                {
                                    "Worker Number": 1,
                                    "Actual Startup Time": 587.974,
                                    "Actual Total Time": 587.975,
                                    "Actual Rows": 1,
                                    "Actual Loops": 1
                                },
                                {
                                    "Worker Number": 2,
                                    "Actual Startup Time": 588.599,
                                    "Actual Total Time": 588.6,
                                    "Actual Rows": 1,
                                    "Actual Loops": 1
                                },
                                {
                                    "Worker Number": 3,
                                    "Actual Startup Time": 588.835,
                                    "Actual Total Time": 588.836,
                                    "Actual Rows": 1,
                                    "Actual Loops": 1
                                },
                                {
                                    "Worker Number": 4,
                                    "Actual Startup Time": 589.021,
                                    "Actual Total Time": 589.023,
                                    "Actual Rows": 1,
                                    "Actual Loops": 1
                                },
                                {
                                    "Worker Number": 5,
                                    "Actual Startup Time": 589.585,
                                    "Actual Total Time": 589.587,
                                    "Actual Rows": 1,
                                    "Actual Loops": 1
                                }
                            ],
                            "Plans": [
                                {
                                    "Node Type": "Seq Scan",
                                    "Parent Relationship": "Outer",
                                    "Parallel Aware": true,
                                    "Relation Name": "cast_info",
                                    "Schema": "public",
                                    "Alias": "ci",
                                    "Startup Cost": 0.0,
                                    "Total Cost": 328213.62,
                                    "Plan Rows": 609768,
                                    "Plan Width": 0,
                                    "Actual Startup Time": 428.505,
                                    "Actual Total Time": 562.286,
                                    "Actual Rows": 527328,
                                    "Actual Loops": 7,
                                    "Output": [
                                        "id",
                                        "person_id",
                                        "movie_id",
                                        "person_role_id",
                                        "note",
                                        "nr_order",
                                        "role_id"
                                    ],
                                    "Filter": "(ci.person_id > 3391136)",
                                    "Rows Removed by Filter": 4650436,
                                    "Workers": [
                                        {
                                            "Worker Number": 0,
                                            "Actual Startup Time": 426.363,
                                            "Actual Total Time": 560.449,
                                            "Actual Rows": 412371,
                                            "Actual Loops": 1
                                        },
                                        {
                                            "Worker Number": 1,
                                            "Actual Startup Time": 426.212,
                                            "Actual Total Time": 560.449,
                                            "Actual Rows": 410406,
                                            "Actual Loops": 1
                                        },
                                        {
                                            "Worker Number": 2,
                                            "Actual Startup Time": 426.813,
                                            "Actual Total Time": 561.777,
                                            "Actual Rows": 399946,
                                            "Actual Loops": 1
                                        },
                                        {
                                            "Worker Number": 3,
                                            "Actual Startup Time": 427.054,
                                            "Actual Total Time": 561.78,
                                            "Actual Rows": 649230,
                                            "Actual Loops": 1
                                        },
                                        {
                                            "Worker Number": 4,
                                            "Actual Startup Time": 427.254,
                                            "Actual Total Time": 563.555,
                                            "Actual Rows": 619889,
                                            "Actual Loops": 1
                                        },
                                        {
                                            "Worker Number": 5,
                                            "Actual Startup Time": 427.819,
                                            "Actual Total Time": 562.656,
                                            "Actual Rows": 644990,
                                            "Actual Loops": 1
                                        }
                                    ]
                                }
                            ]
                        }
                    ]
                }
            ]
        },
        "Planning Time": 206.956,
        "Triggers": [],
        "Execution Time": 630.108
    }
]