{
  "Plan": {
    "Node Type": "Aggregate",
    "Strategy": "Plain",
    "Partial Mode": "Finalize",
    "Parallel Aware": false,
    "Startup Cost": 67936.58,
    "Total Cost": 67936.59,
    "Plan Rows": 1,
    "Plan Width": 8,
    "Actual Startup Time": 68.528,
    "Actual Total Time": 78.323,
    "Actual Rows": 1,
    "Actual Loops": 1,
    "Plans": [
      {
        "Node Type": "Gather",
        "Parent Relationship": "Outer",
        "Parallel Aware": false,
        "Startup Cost": 67936.47,
        "Total Cost": 67936.58,
        "Plan Rows": 1,
        "Plan Width": 8,
        "Actual Startup Time": 68.411,
        "Actual Total Time": 78.317,
        "Actual Rows": 2,
        "Actual Loops": 1,
        "Workers Planned": 1,
        "Workers Launched": 1,
        "Single Copy": false,
        "Plans": [
          {
            "Node Type": "Aggregate",
            "Strategy": "Plain",
            "Partial Mode": "Partial",
            "Parent Relationship": "Outer",
            "Parallel Aware": false,
            "Startup Cost": 66936.47,
            "Total Cost": 66936.48,
            "Plan Rows": 1,
            "Plan Width": 8,
            "Actual Startup Time": 62.246,
            "Actual Total Time": 62.247,
            "Actual Rows": 1,
            "Actual Loops": 2,
            "Plans": [
              {
                "Node Type": "Nested Loop",
                "Parent Relationship": "Outer",
                "Parallel Aware": false,
                "Join Type": "Inner",
                "Startup Cost": 269.86,
                "Total Cost": 66931.7,
                "Plan Rows": 1906,
                "Plan Width": 0,
                "Actual Startup Time": 8.254,
                "Actual Total Time": 61.552,
                "Actual Rows": 5953,
                "Actual Loops": 2,
                "Inner Unique": true,
                "Plans": [
                  {
                    "Node Type": "Bitmap Heap Scan",
                    "Parent Relationship": "Outer",
                    "Parallel Aware": true,
                    "Relation Name": "movie_keyword",
                    "Alias": "mk",
                    "Startup Cost": 269.43,
                    "Total Cost": 21138.9,
                    "Plan Rows": 7362,
                    "Plan Width": 4,
                    "Actual Startup Time": 7.864,
                    "Actual Total Time": 24.186,
                    "Actual Rows": 7060,
                    "Actual Loops": 2,
                    "Recheck Cond": "(keyword_id = 1382)",
                    "Rows Removed by Index Recheck": 0,
                    "Exact Heap Blocks": 7244,
                    "Lossy Heap Blocks": 0,
                    "Plans": [
                      {
                        "Node Type": "Bitmap Index Scan",
                        "Parent Relationship": "Outer",
                        "Parallel Aware": false,
                        "Index Name": "keyword_id_movie_keyword",
                        "Startup Cost": 0.0,
                        "Total Cost": 266.3,
                        "Plan Rows": 12516,
                        "Plan Width": 0,
                        "Actual Startup Time": 8.835,
                        "Actual Total Time": 8.835,
                        "Actual Rows": 14120,
                        "Actual Loops": 1,
                        "Index Cond": "(keyword_id = 1382)"
                      }
                    ]
                  },
                  {
                    "Node Type": "Index Scan",
                    "Parent Relationship": "Inner",
                    "Parallel Aware": false,
                    "Scan Direction": "Forward",
                    "Index Name": "title_pkey",
                    "Relation Name": "title",
                    "Alias": "t",
                    "Startup Cost": 0.43,
                    "Total Cost": 6.22,
                    "Plan Rows": 1,
                    "Plan Width": 4,
                    "Actual Startup Time": 0.005,
                    "Actual Total Time": 0.005,
                    "Actual Rows": 1,
                    "Actual Loops": 14120,
                    "Index Cond": "(id = mk.movie_id)",
                    "Rows Removed by Index Recheck": 0,
                    "Filter": "((kind_id < 7) AND (production_year < 2008))",
                    "Rows Removed by Filter": 0
                  }
                ]
              }
            ]
          }
        ]
      }
    ]
  },
  "Planning Time": 0.483,
  "Triggers": [],
  "Execution Time": 78.413
}