[
  {
    "Plan": {
      "Node Type": "Aggregate",
      "Strategy": "Plain",
      "Partial Mode": "Finalize",
      "Parallel Aware": false,
      "Startup Cost": 47061.03,
      "Total Cost": 47061.04,
      "Plan Rows": 1,
      "Plan Width": 8,
      "Actual Startup Time": 110.223,
      "Actual Total Time": 123.119,
      "Actual Rows": 1,
      "Actual Loops": 1,
      "Plans": [
        {
          "Node Type": "Gather",
          "Parent Relationship": "Outer",
          "Parallel Aware": false,
          "Startup Cost": 47060.61,
          "Total Cost": 47061.02,
          "Plan Rows": 4,
          "Plan Width": 8,
          "Actual Startup Time": 110.044,
          "Actual Total Time": 123.111,
          "Actual Rows": 5,
          "Actual Loops": 1,
          "Workers Planned": 4,
          "Workers Launched": 4,
          "Single Copy": false,
          "Plans": [
            {
              "Node Type": "Aggregate",
              "Strategy": "Plain",
              "Partial Mode": "Partial",
              "Parent Relationship": "Outer",
              "Parallel Aware": false,
              "Startup Cost": 46060.61,
              "Total Cost": 46060.62,
              "Plan Rows": 1,
              "Plan Width": 8,
              "Actual Startup Time": 102.423,
              "Actual Total Time": 102.425,
              "Actual Rows": 1,
              "Actual Loops": 5,
              "Plans": [
                {
                  "Node Type": "Seq Scan",
                  "Parent Relationship": "Outer",
                  "Parallel Aware": true,
                  "Relation Name": "title",
                  "Alias": "t",
                  "Startup Cost": 0.0,
                  "Total Cost": 45479.59,
                  "Plan Rows": 232410,
                  "Plan Width": 0,
                  "Actual Startup Time": 0.047,
                  "Actual Total Time": 92.614,
                  "Actual Rows": 170436,
                  "Actual Loops": 5,
                  "Filter": "((kind_id > 1) AND (production_year < 2004))",
                  "Rows Removed by Filter": 335227
                }
              ]
            }
          ]
        }
      ]
    },
    "Planning Time": 0.193,
    "Triggers": [],
    "Execution Time": 123.176
  }
]