[
  {
    "Plan": {
      "Node Type": "Aggregate",
      "Strategy": "Plain",
      "Partial Mode": "Simple",
      "Parallel Aware": false,
      "Startup Cost": 3814.98,
      "Total Cost": 3814.99,
      "Plan Rows": 1,
      "Plan Width": 8,
      "Actual Startup Time": 3.213,
      "Actual Total Time": 3.214,
      "Actual Rows": 1,
      "Actual Loops": 1,
      "Plans": [
        {
          "Node Type": "Nested Loop",
          "Parent Relationship": "Outer",
          "Parallel Aware": false,
          "Join Type": "Inner",
          "Startup Cost": 1.42,
          "Total Cost": 3814.54,
          "Plan Rows": 179,
          "Plan Width": 0,
          "Actual Startup Time": 1.704,
          "Actual Total Time": 3.209,
          "Actual Rows": 1,
          "Actual Loops": 1,
          "Inner Unique": false,
          "Plans": [
            {
              "Node Type": "Nested Loop",
              "Parent Relationship": "Outer",
              "Parallel Aware": false,
              "Join Type": "Inner",
              "Startup Cost": 0.99,
              "Total Cost": 3624.03,
              "Plan Rows": 315,
              "Plan Width": 8,
              "Actual Startup Time": 0.286,
              "Actual Total Time": 2.179,
              "Actual Rows": 398,
              "Actual Loops": 1,
              "Inner Unique": true,
              "Plans": [
                {
                  "Node Type": "Index Scan",
                  "Parent Relationship": "Outer",
                  "Parallel Aware": false,
                  "Scan Direction": "Forward",
                  "Index Name": "person_id_cast_info",
                  "Relation Name": "cast_info",
                  "Alias": "ci",
                  "Startup Cost": 0.56,
                  "Total Cost": 987.07,
                  "Plan Rows": 315,
                  "Plan Width": 4,
                  "Actual Startup Time": 0.267,
                  "Actual Total Time": 0.388,
                  "Actual Rows": 398,
                  "Actual Loops": 1,
                  "Index Cond": "(person_id = 2755467)",
                  "Rows Removed by Index Recheck": 0,
                  "Filter": "(role_id > 1)",
                  "Rows Removed by Filter": 0
                },
                {
                  "Node Type": "Index Only Scan",
                  "Parent Relationship": "Inner",
                  "Parallel Aware": false,
                  "Scan Direction": "Forward",
                  "Index Name": "title_pkey",
                  "Relation Name": "title",
                  "Alias": "t",
                  "Startup Cost": 0.43,
                  "Total Cost": 8.37,
                  "Plan Rows": 1,
                  "Plan Width": 4,
                  "Actual Startup Time": 0.004,
                  "Actual Total Time": 0.004,
                  "Actual Rows": 1,
                  "Actual Loops": 398,
                  "Index Cond": "(id = ci.movie_id)",
                  "Rows Removed by Index Recheck": 0,
                  "Heap Fetches": 398
                }
              ]
            },
            {
              "Node Type": "Index Scan",
              "Parent Relationship": "Inner",
              "Parallel Aware": false,
              "Scan Direction": "Forward",
              "Index Name": "movie_id_movie_companies",
              "Relation Name": "movie_companies",
              "Alias": "mc",
              "Startup Cost": 0.43,
              "Total Cost": 0.57,
              "Plan Rows": 3,
              "Plan Width": 4,
              "Actual Startup Time": 0.002,
              "Actual Total Time": 0.002,
              "Actual Rows": 0,
              "Actual Loops": 398,
              "Index Cond": "(movie_id = t.id)",
              "Rows Removed by Index Recheck": 0,
              "Filter": "(company_id > 10217)",
              "Rows Removed by Filter": 0
            }
          ]
        }
      ]
    },
    "Planning Time": 0.595,
    "Triggers": [],
    "Execution Time": 3.277
  }
]