[
  {
    "Plan": {
      "Node Type": "Aggregate",
      "Strategy": "Plain",
      "Partial Mode": "Finalize",
      "Parallel Aware": false,
      "Startup Cost": 197803.35,
      "Total Cost": 197803.36,
      "Plan Rows": 1,
      "Plan Width": 8,
      "Actual Startup Time": 168.663,
      "Actual Total Time": 199.376,
      "Actual Rows": 1,
      "Actual Loops": 1,
      "Plans": [
        {
          "Node Type": "Gather",
          "Parent Relationship": "Outer",
          "Parallel Aware": false,
          "Startup Cost": 197802.93,
          "Total Cost": 197803.34,
          "Plan Rows": 4,
          "Plan Width": 8,
          "Actual Startup Time": 168.498,
          "Actual Total Time": 199.368,
          "Actual Rows": 5,
          "Actual Loops": 1,
          "Workers Planned": 4,
          "Workers Launched": 4,
          "Single Copy": false,
          "Plans": [
            {
              "Node Type": "Aggregate",
              "Strategy": "Plain",
              "Partial Mode": "Partial",
              "Parent Relationship": "Outer",
              "Parallel Aware": false,
              "Startup Cost": 196802.93,
              "Total Cost": 196802.94,
              "Plan Rows": 1,
              "Plan Width": 8,
              "Actual Startup Time": 158.914,
              "Actual Total Time": 158.918,
              "Actual Rows": 1,
              "Actual Loops": 5,
              "Plans": [
                {
                  "Node Type": "Nested Loop",
                  "Parent Relationship": "Outer",
                  "Parallel Aware": false,
                  "Join Type": "Inner",
                  "Startup Cost": 0.56,
                  "Total Cost": 196779.49,
                  "Plan Rows": 9375,
                  "Plan Width": 0,
                  "Actual Startup Time": 57.848,
                  "Actual Total Time": 158.163,
                  "Actual Rows": 8483,
                  "Actual Loops": 5,
                  "Inner Unique": false,
                  "Plans": [
                    {
                      "Node Type": "Seq Scan",
                      "Parent Relationship": "Outer",
                      "Parallel Aware": true,
                      "Relation Name": "title",
                      "Alias": "t",
                      "Startup Cost": 0.0,
                      "Total Cost": 45479.1,
                      "Plan Rows": 1360,
                      "Plan Width": 4,
                      "Actual Startup Time": 57.652,
                      "Actual Total Time": 77.797,
                      "Actual Rows": 988,
                      "Actual Loops": 5,
                      "Filter": "((kind_id = 1) AND (production_year = 1989))",
                      "Rows Removed by Filter": 504675
                    },
                    {
                      "Node Type": "Index Scan",
                      "Parent Relationship": "Inner",
                      "Parallel Aware": false,
                      "Scan Direction": "Forward",
                      "Index Name": "movie_id_cast_info",
                      "Relation Name": "cast_info",
                      "Alias": "ci",
                      "Startup Cost": 0.56,
                      "Total Cost": 111.07,
                      "Plan Rows": 18,
                      "Plan Width": 4,
                      "Actual Startup Time": 0.043,
                      "Actual Total Time": 0.08,
                      "Actual Rows": 9,
                      "Actual Loops": 4939,
                      "Index Cond": "(movie_id = t.id)",
                      "Rows Removed by Index Recheck": 0,
                      "Filter": "(person_id > 1879562)",
                      "Rows Removed by Filter": 11
                    }
                  ]
                }
              ]
            }
          ]
        }
      ]
    },
    "Planning Time": 0.624,
    "Triggers": [],
    "Execution Time": 199.458
  }
]