[
    {
        "Bao": {
            "Bao prediction": "NaN",
            "Bao recommended hint": "(no hint)"
        }
    },
    {
        "Plan": {
            "Node Type": "Aggregate",
            "Strategy": "Plain",
            "Partial Mode": "Finalize",
            "Parallel Aware": false,
            "Startup Cost": 201677.45,
            "Total Cost": 201677.46,
            "Plan Rows": 1,
            "Plan Width": 8,
            "Actual Startup Time": 331.021,
            "Actual Total Time": 347.483,
            "Actual Rows": 1,
            "Actual Loops": 1,
            "Output": [
                "count(*)"
            ],
            "Plans": [
                {
                    "Node Type": "Gather",
                    "Parent Relationship": "Outer",
                    "Parallel Aware": false,
                    "Startup Cost": 201676.93,
                    "Total Cost": 201677.44,
                    "Plan Rows": 5,
                    "Plan Width": 8,
                    "Actual Startup Time": 330.916,
                    "Actual Total Time": 347.474,
                    "Actual Rows": 6,
                    "Actual Loops": 1,
                    "Output": [
                        "(PARTIAL count(*))"
                    ],
                    "Workers Planned": 5,
                    "Workers Launched": 5,
                    "Single Copy": false,
                    "Plans": [
                        {
                            "Node Type": "Aggregate",
                            "Strategy": "Plain",
                            "Partial Mode": "Partial",
                            "Parent Relationship": "Outer",
                            "Parallel Aware": false,
                            "Startup Cost": 200676.93,
                            "Total Cost": 200676.94,
                            "Plan Rows": 1,
                            "Plan Width": 8,
                            "Actual Startup Time": 321.677,
                            "Actual Total Time": 321.678,
                            "Actual Rows": 1,
                            "Actual Loops": 6,
                            "Output": [
                                "PARTIAL count(*)"
                            ],
                            "Workers": [
                                {
                                    "Worker Number": 0,
                                    "Actual Startup Time": 319.332,
                                    "Actual Total Time": 319.333,
                                    "Actual Rows": 1,
                                    "Actual Loops": 1
                                },
                                {
                                    "Worker Number": 1,
                                    "Actual Startup Time": 319.419,
                                    "Actual Total Time": 319.42,
                                    "Actual Rows": 1,
                                    "Actual Loops": 1
                                },
                                {
                                    "Worker Number": 2,
                                    "Actual Startup Time": 319.924,
                                    "Actual Total Time": 319.925,
                                    "Actual Rows": 1,
                                    "Actual Loops": 1
                                },
                                {
                                    "Worker Number": 3,
                                    "Actual Startup Time": 320.204,
                                    "Actual Total Time": 320.205,
                                    "Actual Rows": 1,
                                    "Actual Loops": 1
                                },
                                {
                                    "Worker Number": 4,
                                    "Actual Startup Time": 320.583,
                                    "Actual Total Time": 320.584,
                                    "Actual Rows": 1,
                                    "Actual Loops": 1
                                }
                            ],
                            "Plans": [
                                {
                                    "Node Type": "Seq Scan",
                                    "Parent Relationship": "Outer",
                                    "Parallel Aware": true,
                                    "Relation Name": "movie_info",
                                    "Schema": "public",
                                    "Alias": "mi",
                                    "Startup Cost": 0.0,
                                    "Total Cost": 198880.74,
                                    "Plan Rows": 718477,
                                    "Plan Width": 0,
                                    "Actual Startup Time": 39.924,
                                    "Actual Total Time": 296.721,
                                    "Actual Rows": 604163,
                                    "Actual Loops": 6,
                                    "Output": [
                                        "id",
                                        "movie_id",
                                        "info_type_id",
                                        "info",
                                        "note"
                                    ],
                                    "Filter": "(mi.info_type_id < 4)",
                                    "Rows Removed by Filter": 1868457,
                                    "Workers": [
                                        {
                                            "Worker Number": 0,
                                            "Actual Startup Time": 37.577,
                                            "Actual Total Time": 295.414,
                                            "Actual Rows": 580569,
                                            "Actual Loops": 1
                                        },
                                        {
                                            "Worker Number": 1,
                                            "Actual Startup Time": 37.666,
                                            "Actual Total Time": 295.509,
                                            "Actual Rows": 577318,
                                            "Actual Loops": 1
                                        },
                                        {
                                            "Worker Number": 2,
                                            "Actual Startup Time": 38.172,
                                            "Actual Total Time": 295.092,
                                            "Actual Rows": 584190,
                                            "Actual Loops": 1
                                        },
                                        {
                                            "Worker Number": 3,
                                            "Actual Startup Time": 38.453,
                                            "Actual Total Time": 295.506,
                                            "Actual Rows": 580422,
                                            "Actual Loops": 1
                                        },
                                        {
                                            "Worker Number": 4,
                                            "Actual Startup Time": 38.827,
                                            "Actual Total Time": 295.967,
                                            "Actual Rows": 579562,
                                            "Actual Loops": 1
                                        }
                                    ]
                                }
                            ]
                        }
                    ]
                }
            ]
        },
        "Planning Time": 182.698,
        "Triggers": [],
        "Execution Time": 347.541
    }
]