[
  {
    "Plan": {
      "Node Type": "Aggregate",
      "Strategy": "Plain",
      "Partial Mode": "Finalize",
      "Parallel Aware": false,
      "Startup Cost": 79173.25,
      "Total Cost": 79173.26,
      "Plan Rows": 1,
      "Plan Width": 8,
      "Actual Startup Time": 234.987,
      "Actual Total Time": 249.403,
      "Actual Rows": 1,
      "Actual Loops": 1,
      "Plans": [
        {
          "Node Type": "Gather",
          "Parent Relationship": "Outer",
          "Parallel Aware": false,
          "Startup Cost": 79172.93,
          "Total Cost": 79173.24,
          "Plan Rows": 3,
          "Plan Width": 8,
          "Actual Startup Time": 233.692,
          "Actual Total Time": 249.389,
          "Actual Rows": 4,
          "Actual Loops": 1,
          "Workers Planned": 3,
          "Workers Launched": 3,
          "Single Copy": false,
          "Plans": [
            {
              "Node Type": "Aggregate",
              "Strategy": "Plain",
              "Partial Mode": "Partial",
              "Parent Relationship": "Outer",
              "Parallel Aware": false,
              "Startup Cost": 78172.93,
              "Total Cost": 78172.94,
              "Plan Rows": 1,
              "Plan Width": 8,
              "Actual Startup Time": 228.717,
              "Actual Total Time": 228.92,
              "Actual Rows": 1,
              "Actual Loops": 4,
              "Plans": [
                {
                  "Node Type": "Hash Join",
                  "Parent Relationship": "Outer",
                  "Parallel Aware": true,
                  "Join Type": "Inner",
                  "Startup Cost": 46152.52,
                  "Total Cost": 78127.49,
                  "Plan Rows": 18174,
                  "Plan Width": 0,
                  "Actual Startup Time": 123.86,
                  "Actual Total Time": 226.415,
                  "Actual Rows": 59210,
                  "Actual Loops": 4,
                  "Inner Unique": true,
                  "Hash Cond": "(mc.movie_id = t.id)",
                  "Plans": [
                    {
                      "Node Type": "Seq Scan",
                      "Parent Relationship": "Outer",
                      "Parallel Aware": true,
                      "Relation Name": "movie_companies",
                      "Alias": "mc",
                      "Startup Cost": 0.0,
                      "Total Cost": 31414.82,
                      "Plan Rows": 213391,
                      "Plan Width": 4,
                      "Actual Startup Time": 0.018,
                      "Actual Total Time": 63.824,
                      "Actual Rows": 229930,
                      "Actual Loops": 4,
                      "Filter": "((company_id < 11695) AND (company_type_id = 1))",
                      "Rows Removed by Filter": 422352
                    },
                    {
                      "Node Type": "Hash",
                      "Parent Relationship": "Inner",
                      "Parallel Aware": true,
                      "Startup Cost": 45479.59,
                      "Total Cost": 45479.59,
                      "Plan Rows": 53835,
                      "Plan Width": 4,
                      "Actual Startup Time": 122.637,
                      "Actual Total Time": 122.638,
                      "Actual Rows": 83635,
                      "Actual Loops": 4,
                      "Hash Buckets": 524288,
                      "Original Hash Buckets": 262144,
                      "Hash Batches": 1,
                      "Original Hash Batches": 1,
                      "Peak Memory Usage": 19328,
                      "Plans": [
                        {
                          "Node Type": "Seq Scan",
                          "Parent Relationship": "Outer",
                          "Parallel Aware": true,
                          "Relation Name": "title",
                          "Alias": "t",
                          "Startup Cost": 0.0,
                          "Total Cost": 45479.59,
                          "Plan Rows": 53835,
                          "Plan Width": 4,
                          "Actual Startup Time": 0.04,
                          "Actual Total Time": 88.967,
                          "Actual Rows": 83635,
                          "Actual Loops": 4,
                          "Filter": "((kind_id < 7) AND (production_year < 1984))",
                          "Rows Removed by Filter": 548443
                        }
                      ]
                    }
                  ]
                }
              ]
            }
          ]
        }
      ]
    },
    "Planning Time": 0.285,
    "Triggers": [],
    "Execution Time": 249.44
  }
]