[
  {
    "Plan": {
      "Node Type": "Aggregate",
      "Strategy": "Plain",
      "Partial Mode": "Finalize",
      "Parallel Aware": false,
      "Startup Cost": 128886.67,
      "Total Cost": 128886.68,
      "Plan Rows": 1,
      "Plan Width": 8,
      "Actual Startup Time": 737.212,
      "Actual Total Time": 758.922,
      "Actual Rows": 1,
      "Actual Loops": 1,
      "Plans": [
        {
          "Node Type": "Gather",
          "Parent Relationship": "Outer",
          "Parallel Aware": false,
          "Startup Cost": 128886.35,
          "Total Cost": 128886.66,
          "Plan Rows": 3,
          "Plan Width": 8,
          "Actual Startup Time": 729.941,
          "Actual Total Time": 758.912,
          "Actual Rows": 4,
          "Actual Loops": 1,
          "Workers Planned": 3,
          "Workers Launched": 3,
          "Single Copy": false,
          "Plans": [
            {
              "Node Type": "Aggregate",
              "Strategy": "Plain",
              "Partial Mode": "Partial",
              "Parent Relationship": "Outer",
              "Parallel Aware": false,
              "Startup Cost": 127886.35,
              "Total Cost": 127886.36,
              "Plan Rows": 1,
              "Plan Width": 8,
              "Actual Startup Time": 721.875,
              "Actual Total Time": 721.881,
              "Actual Rows": 1,
              "Actual Loops": 4,
              "Plans": [
                {
                  "Node Type": "Hash Join",
                  "Parent Relationship": "Outer",
                  "Parallel Aware": true,
                  "Join Type": "Inner",
                  "Startup Cost": 82021.08,
                  "Total Cost": 127459.34,
                  "Plan Rows": 170804,
                  "Plan Width": 0,
                  "Actual Startup Time": 532.138,
                  "Actual Total Time": 715.211,
                  "Actual Rows": 127124,
                  "Actual Loops": 4,
                  "Inner Unique": false,
                  "Hash Cond": "(mk.movie_id = t.id)",
                  "Plans": [
                    {
                      "Node Type": "Seq Scan",
                      "Parent Relationship": "Outer",
                      "Parallel Aware": true,
                      "Relation Name": "movie_keyword",
                      "Alias": "mk",
                      "Startup Cost": 0.0,
                      "Total Cost": 42695.65,
                      "Plan Rows": 584435,
                      "Plan Width": 4,
                      "Actual Startup Time": 0.564,
                      "Actual Total Time": 117.869,
                      "Actual Rows": 454589,
                      "Actual Loops": 4,
                      "Filter": "(keyword_id > 7637)",
                      "Rows Removed by Filter": 676394
                    },
                    {
                      "Node Type": "Hash",
                      "Parent Relationship": "Inner",
                      "Parallel Aware": true,
                      "Startup Cost": 79041.61,
                      "Total Cost": 79041.61,
                      "Plan Rows": 238357,
                      "Plan Width": 8,
                      "Actual Startup Time": 526.886,
                      "Actual Total Time": 526.89,
                      "Actual Rows": 129569,
                      "Actual Loops": 4,
                      "Hash Buckets": 1048576,
                      "Original Hash Buckets": 1048576,
                      "Hash Batches": 1,
                      "Original Hash Batches": 1,
                      "Peak Memory Usage": 28512,
                      "Plans": [
                        {
                          "Node Type": "Hash Join",
                          "Parent Relationship": "Outer",
                          "Parallel Aware": true,
                          "Join Type": "Inner",
                          "Startup Cost": 48701.62,
                          "Total Cost": 79041.61,
                          "Plan Rows": 238357,
                          "Plan Width": 8,
                          "Actual Startup Time": 289.82,
                          "Actual Total Time": 476.71,
                          "Actual Rows": 129569,
                          "Actual Loops": 4,
                          "Inner Unique": true,
                          "Hash Cond": "(mc.movie_id = t.id)",
                          "Plans": [
                            {
                              "Node Type": "Seq Scan",
                              "Parent Relationship": "Outer",
                              "Parallel Aware": true,
                              "Relation Name": "movie_companies",
                              "Alias": "mc",
                              "Startup Cost": 0.0,
                              "Total Cost": 29310.68,
                              "Plan Rows": 392121,
                              "Plan Width": 4,
                              "Actual Startup Time": 0.023,
                              "Actual Total Time": 78.589,
                              "Actual Rows": 301556,
                              "Actual Loops": 4,
                              "Filter": "(company_id < 11137)",
                              "Rows Removed by Filter": 350726
                            },
                            {
                              "Node Type": "Hash",
                              "Parent Relationship": "Inner",
                              "Parallel Aware": true,
                              "Startup Cost": 43898.92,
                              "Total Cost": 43898.92,
                              "Plan Rows": 384216,
                              "Plan Width": 4,
                              "Actual Startup Time": 284.749,
                              "Actual Total Time": 284.75,
                              "Actual Rows": 385816,
                              "Actual Loops": 4,
                              "Hash Buckets": 2097152,
                              "Original Hash Buckets": 2097152,
                              "Hash Batches": 1,
                              "Original Hash Batches": 1,
                              "Peak Memory Usage": 76864,
                              "Plans": [
                                {
                                  "Node Type": "Seq Scan",
                                  "Parent Relationship": "Outer",
                                  "Parallel Aware": true,
                                  "Relation Name": "title",
                                  "Alias": "t",
                                  "Startup Cost": 0.0,
                                  "Total Cost": 43898.92,
                                  "Plan Rows": 384216,
                                  "Plan Width": 4,
                                  "Actual Startup Time": 0.047,
                                  "Actual Total Time": 117.502,
                                  "Actual Rows": 385816,
                                  "Actual Loops": 4,
                                  "Filter": "(kind_id = 7)",
                                  "Rows Removed by Filter": 246262
                                }
                              ]
                            }
                          ]
                        }
                      ]
                    }
                  ]
                }
              ]
            }
          ]
        }
      ]
    },
    "Planning Time": 1.169,
    "Triggers": [],
    "Execution Time": 759.002
  }
]