{
  "Plan": {
    "Node Type": "Aggregate",
    "Strategy": "Plain",
    "Partial Mode": "Finalize",
    "Parallel Aware": false,
    "Startup Cost": 81321.81,
    "Total Cost": 81321.82,
    "Plan Rows": 1,
    "Plan Width": 8,
    "Actual Startup Time": 259.549,
    "Actual Total Time": 272.137,
    "Actual Rows": 1,
    "Actual Loops": 1,
    "Plans": [
      {
        "Node Type": "Gather",
        "Parent Relationship": "Outer",
        "Parallel Aware": false,
        "Startup Cost": 81321.7,
        "Total Cost": 81321.81,
        "Plan Rows": 1,
        "Plan Width": 8,
        "Actual Startup Time": 259.267,
        "Actual Total Time": 272.13,
        "Actual Rows": 2,
        "Actual Loops": 1,
        "Workers Planned": 1,
        "Workers Launched": 1,
        "Single Copy": false,
        "Plans": [
          {
            "Node Type": "Aggregate",
            "Strategy": "Plain",
            "Partial Mode": "Partial",
            "Parent Relationship": "Outer",
            "Parallel Aware": false,
            "Startup Cost": 80321.7,
            "Total Cost": 80321.71,
            "Plan Rows": 1,
            "Plan Width": 8,
            "Actual Startup Time": 253.237,
            "Actual Total Time": 253.241,
            "Actual Rows": 1,
            "Actual Loops": 2,
            "Plans": [
              {
                "Node Type": "Hash Join",
                "Parent Relationship": "Outer",
                "Parallel Aware": true,
                "Join Type": "Inner",
                "Startup Cost": 20398.06,
                "Total Cost": 80302.31,
                "Plan Rows": 7754,
                "Plan Width": 0,
                "Actual Startup Time": 33.931,
                "Actual Total Time": 252.194,
                "Actual Rows": 18526,
                "Actual Loops": 2,
                "Inner Unique": false,
                "Hash Cond": "(t.id = mc.movie_id)",
                "Plans": [
                  {
                    "Node Type": "Seq Scan",
                    "Parent Relationship": "Outer",
                    "Parallel Aware": true,
                    "Relation Name": "title",
                    "Alias": "t",
                    "Startup Cost": 0.0,
                    "Total Cost": 54588.39,
                    "Plan Rows": 843241,
                    "Plan Width": 4,
                    "Actual Startup Time": 0.015,
                    "Actual Total Time": 143.999,
                    "Actual Rows": 721649,
                    "Actual Loops": 2,
                    "Filter": "(production_year < 2006)",
                    "Rows Removed by Filter": 542507
                  },
                  {
                    "Node Type": "Hash",
                    "Parent Relationship": "Inner",
                    "Parallel Aware": true,
                    "Startup Cost": 20227.12,
                    "Total Cost": 20227.12,
                    "Plan Rows": 13675,
                    "Plan Width": 4,
                    "Actual Startup Time": 32.839,
                    "Actual Total Time": 32.84,
                    "Actual Rows": 21032,
                    "Actual Loops": 2,
                    "Hash Buckets": 65536,
                    "Original Hash Buckets": 32768,
                    "Hash Batches": 1,
                    "Original Hash Batches": 1,
                    "Peak Memory Usage": 2464,
                    "Plans": [
                      {
                        "Node Type": "Bitmap Heap Scan",
                        "Parent Relationship": "Outer",
                        "Parallel Aware": true,
                        "Relation Name": "movie_companies",
                        "Alias": "mc",
                        "Startup Cost": 1020.43,
                        "Total Cost": 20227.12,
                        "Plan Rows": 13675,
                        "Plan Width": 4,
                        "Actual Startup Time": 5.675,
                        "Actual Total Time": 23.861,
                        "Actual Rows": 21032,
                        "Actual Loops": 2,
                        "Recheck Cond": "(company_id = 19)",
                        "Rows Removed by Index Recheck": 0,
                        "Filter": "(company_type_id = 1)",
                        "Rows Removed by Filter": 2594,
                        "Exact Heap Blocks": 4025,
                        "Lossy Heap Blocks": 0,
                        "Plans": [
                          {
                            "Node Type": "Bitmap Index Scan",
                            "Parent Relationship": "Outer",
                            "Parallel Aware": false,
                            "Index Name": "company_id_movie_companies",
                            "Startup Cost": 0.0,
                            "Total Cost": 1014.62,
                            "Plan Rows": 47225,
                            "Plan Width": 0,
                            "Actual Startup Time": 8.26,
                            "Actual Total Time": 8.261,
                            "Actual Rows": 47252,
                            "Actual Loops": 1,
                            "Index Cond": "(company_id = 19)"
                          }
                        ]
                      }
                    ]
                  }
                ]
              }
            ]
          }
        ]
      }
    ]
  },
  "Planning Time": 0.595,
  "Triggers": [],
  "Execution Time": 272.223
}