[
  {
    "Plan": {
      "Node Type": "Aggregate",
      "Strategy": "Plain",
      "Partial Mode": "Finalize",
      "Parallel Aware": false,
      "Startup Cost": 47320.31,
      "Total Cost": 47320.32,
      "Plan Rows": 1,
      "Plan Width": 8,
      "Actual Startup Time": 108.137,
      "Actual Total Time": 120.279,
      "Actual Rows": 1,
      "Actual Loops": 1,
      "Plans": [
        {
          "Node Type": "Gather",
          "Parent Relationship": "Outer",
          "Parallel Aware": false,
          "Startup Cost": 47319.89,
          "Total Cost": 47320.3,
          "Plan Rows": 4,
          "Plan Width": 8,
          "Actual Startup Time": 107.83,
          "Actual Total Time": 120.269,
          "Actual Rows": 5,
          "Actual Loops": 1,
          "Workers Planned": 4,
          "Workers Launched": 4,
          "Single Copy": false,
          "Plans": [
            {
              "Node Type": "Aggregate",
              "Strategy": "Plain",
              "Partial Mode": "Partial",
              "Parent Relationship": "Outer",
              "Parallel Aware": false,
              "Startup Cost": 46319.89,
              "Total Cost": 46319.9,
              "Plan Rows": 1,
              "Plan Width": 8,
              "Actual Startup Time": 103.236,
              "Actual Total Time": 103.237,
              "Actual Rows": 1,
              "Actual Loops": 5,
              "Plans": [
                {
                  "Node Type": "Seq Scan",
                  "Parent Relationship": "Outer",
                  "Parallel Aware": true,
                  "Relation Name": "title",
                  "Alias": "t",
                  "Startup Cost": 0.0,
                  "Total Cost": 45479.59,
                  "Plan Rows": 336122,
                  "Plan Width": 0,
                  "Actual Startup Time": 0.025,
                  "Actual Total Time": 89.618,
                  "Actual Rows": 283656,
                  "Actual Loops": 5,
                  "Filter": "((production_year > 1961) AND (kind_id = 7))",
                  "Rows Removed by Filter": 222006
                }
              ]
            }
          ]
        }
      ]
    },
    "Planning Time": 0.077,
    "Triggers": [],
    "Execution Time": 120.311
  }
]