[
    {
        "Bao": {
            "Bao prediction": 1187.083,
            "Bao recommended hint": "SET enable_nestloop TO off; "
        }
    },
    {
        "Plan": {
            "Node Type": "Aggregate",
            "Strategy": "Plain",
            "Partial Mode": "Finalize",
            "Parallel Aware": false,
            "Startup Cost": 273646.08,
            "Total Cost": 273646.09,
            "Plan Rows": 1,
            "Plan Width": 8,
            "Actual Startup Time": 978.265,
            "Actual Total Time": 995.744,
            "Actual Rows": 1,
            "Actual Loops": 1,
            "Output": [
                "count(*)"
            ],
            "Plans": [
                {
                    "Node Type": "Gather",
                    "Parent Relationship": "Outer",
                    "Parallel Aware": false,
                    "Startup Cost": 273645.76,
                    "Total Cost": 273646.07,
                    "Plan Rows": 3,
                    "Plan Width": 8,
                    "Actual Startup Time": 975.408,
                    "Actual Total Time": 995.735,
                    "Actual Rows": 4,
                    "Actual Loops": 1,
                    "Output": [
                        "(PARTIAL count(*))"
                    ],
                    "Workers Planned": 3,
                    "Workers Launched": 3,
                    "Single Copy": false,
                    "Plans": [
                        {
                            "Node Type": "Aggregate",
                            "Strategy": "Plain",
                            "Partial Mode": "Partial",
                            "Parent Relationship": "Outer",
                            "Parallel Aware": false,
                            "Startup Cost": 272645.76,
                            "Total Cost": 272645.77,
                            "Plan Rows": 1,
                            "Plan Width": 8,
                            "Actual Startup Time": 966.617,
                            "Actual Total Time": 966.674,
                            "Actual Rows": 1,
                            "Actual Loops": 4,
                            "Output": [
                                "PARTIAL count(*)"
                            ],
                            "Workers": [
                                {
                                    "Worker Number": 0,
                                    "Actual Startup Time": 963.789,
                                    "Actual Total Time": 963.795,
                                    "Actual Rows": 1,
                                    "Actual Loops": 1
                                },
                                {
                                    "Worker Number": 1,
                                    "Actual Startup Time": 964.268,
                                    "Actual Total Time": 964.274,
                                    "Actual Rows": 1,
                                    "Actual Loops": 1
                                },
                                {
                                    "Worker Number": 2,
                                    "Actual Startup Time": 963.829,
                                    "Actual Total Time": 963.835,
                                    "Actual Rows": 1,
                                    "Actual Loops": 1
                                }
                            ],
                            "Plans": [
                                {
                                    "Node Type": "Hash Join",
                                    "Parent Relationship": "Outer",
                                    "Parallel Aware": true,
                                    "Join Type": "Inner",
                                    "Startup Cost": 246439.42,
                                    "Total Cost": 272577.4,
                                    "Plan Rows": 27345,
                                    "Plan Width": 0,
                                    "Actual Startup Time": 917.077,
                                    "Actual Total Time": 963.797,
                                    "Actual Rows": 60700,
                                    "Actual Loops": 4,
                                    "Inner Unique": false,
                                    "Hash Cond": "(mk.movie_id = t.id)",
                                    "Workers": [
                                        {
                                            "Worker Number": 0,
                                            "Actual Startup Time": 914.361,
                                            "Actual Total Time": 960.982,
                                            "Actual Rows": 61599,
                                            "Actual Loops": 1
                                        },
                                        {
                                            "Worker Number": 1,
                                            "Actual Startup Time": 914.393,
                                            "Actual Total Time": 961.427,
                                            "Actual Rows": 56669,
                                            "Actual Loops": 1
                                        },
                                        {
                                            "Worker Number": 2,
                                            "Actual Startup Time": 914.408,
                                            "Actual Total Time": 961.049,
                                            "Actual Rows": 55721,
                                            "Actual Loops": 1
                                        }
                                    ],
                                    "Plans": [
                                        {
                                            "Node Type": "Bitmap Heap Scan",
                                            "Parent Relationship": "Outer",
                                            "Parallel Aware": true,
                                            "Relation Name": "movie_keyword",
                                            "Schema": "public",
                                            "Alias": "mk",
                                            "Startup Cost": 6593.28,
                                            "Total Cost": 32300.58,
                                            "Plan Rows": 100264,
                                            "Plan Width": 4,
                                            "Actual Startup Time": 28.745,
                                            "Actual Total Time": 65.188,
                                            "Actual Rows": 77872,
                                            "Actual Loops": 4,
                                            "Output": [
                                                "mk.id",
                                                "mk.movie_id",
                                                "mk.keyword_id"
                                            ],
                                            "Recheck Cond": "(mk.keyword_id < 249)",
                                            "Rows Removed by Index Recheck": 0,
                                            "Exact Heap Blocks": 6908,
                                            "Lossy Heap Blocks": 0,
                                            "Workers": [
                                                {
                                                    "Worker Number": 0,
                                                    "Actual Startup Time": 28.678,
                                                    "Actual Total Time": 65.603,
                                                    "Actual Rows": 86963,
                                                    "Actual Loops": 1
                                                },
                                                {
                                                    "Worker Number": 1,
                                                    "Actual Startup Time": 28.769,
                                                    "Actual Total Time": 66.71,
                                                    "Actual Rows": 69300,
                                                    "Actual Loops": 1
                                                },
                                                {
                                                    "Worker Number": 2,
                                                    "Actual Startup Time": 28.697,
                                                    "Actual Total Time": 66.746,
                                                    "Actual Rows": 68736,
                                                    "Actual Loops": 1
                                                }
                                            ],
                                            "Plans": [
                                                {
                                                    "Node Type": "Bitmap Index Scan",
                                                    "Parent Relationship": "Outer",
                                                    "Parallel Aware": false,
                                                    "Index Name": "keyword_id_movie_keyword",
                                                    "Startup Cost": 0.0,
                                                    "Total Cost": 6515.57,
                                                    "Plan Rows": 310819,
                                                    "Plan Width": 0,
                                                    "Actual Startup Time": 25.011,
                                                    "Actual Total Time": 25.012,
                                                    "Actual Rows": 311486,
                                                    "Actual Loops": 1,
                                                    "Index Cond": "(mk.keyword_id < 249)",
                                                    "Workers": [
                                                        {
                                                            "Worker Number": 0,
                                                            "Actual Startup Time": 25.011,
                                                            "Actual Total Time": 25.012,
                                                            "Actual Rows": 311486,
                                                            "Actual Loops": 1
                                                        }
                                                    ]
                                                }
                                            ]
                                        },
                                        {
                                            "Node Type": "Hash",
                                            "Parent Relationship": "Inner",
                                            "Parallel Aware": true,
                                            "Startup Cost": 238122.25,
                                            "Total Cost": 238122.25,
                                            "Plan Rows": 137911,
                                            "Plan Width": 8,
                                            "Actual Startup Time": 865.923,
                                            "Actual Total Time": 865.977,
                                            "Actual Rows": 220729,
                                            "Actual Loops": 4,
                                            "Output": [
                                                "t.id",
                                                "mi.movie_id"
                                            ],
                                            "Hash Buckets": 1048576,
                                            "Original Hash Buckets": 1048576,
                                            "Hash Batches": 1,
                                            "Original Hash Batches": 1,
                                            "Peak Memory Usage": 42816,
                                            "Workers": [
                                                {
                                                    "Worker Number": 0,
                                                    "Actual Startup Time": 867.721,
                                                    "Actual Total Time": 867.725,
                                                    "Actual Rows": 216352,
                                                    "Actual Loops": 1
                                                },
                                                {
                                                    "Worker Number": 1,
                                                    "Actual Startup Time": 867.632,
                                                    "Actual Total Time": 867.636,
                                                    "Actual Rows": 217842,
                                                    "Actual Loops": 1
                                                },
                                                {
                                                    "Worker Number": 2,
                                                    "Actual Startup Time": 867.609,
                                                    "Actual Total Time": 867.613,
                                                    "Actual Rows": 213084,
                                                    "Actual Loops": 1
                                                }
                                            ],
                                            "Plans": [
                                                {
                                                    "Node Type": "Hash Join",
                                                    "Parent Relationship": "Outer",
                                                    "Parallel Aware": true,
                                                    "Join Type": "Inner",
                                                    "Startup Cost": 38872.62,
                                                    "Total Cost": 238122.25,
                                                    "Plan Rows": 137911,
                                                    "Plan Width": 8,
                                                    "Actual Startup Time": 68.819,
                                                    "Actual Total Time": 801.674,
                                                    "Actual Rows": 220729,
                                                    "Actual Loops": 4,
                                                    "Output": [
                                                        "t.id",
                                                        "mi.movie_id"
                                                    ],
                                                    "Inner Unique": true,
                                                    "Hash Cond": "(mi.movie_id = t.id)",
                                                    "Workers": [
                                                        {
                                                            "Worker Number": 0,
                                                            "Actual Startup Time": 68.787,
                                                            "Actual Total Time": 802.856,
                                                            "Actual Rows": 216352,
                                                            "Actual Loops": 1
                                                        },
                                                        {
                                                            "Worker Number": 1,
                                                            "Actual Startup Time": 68.797,
                                                            "Actual Total Time": 801.391,
                                                            "Actual Rows": 217842,
                                                            "Actual Loops": 1
                                                        },
                                                        {
                                                            "Worker Number": 2,
                                                            "Actual Startup Time": 68.804,
                                                            "Actual Total Time": 802.693,
                                                            "Actual Rows": 213084,
                                                            "Actual Loops": 1
                                                        }
                                                    ],
                                                    "Plans": [
                                                        {
                                                            "Node Type": "Seq Scan",
                                                            "Parent Relationship": "Outer",
                                                            "Parallel Aware": true,
                                                            "Relation Name": "movie_info",
                                                            "Schema": "public",
                                                            "Alias": "mi",
                                                            "Startup Cost": 0.0,
                                                            "Total Cost": 191503.19,
                                                            "Plan Rows": 2951019,
                                                            "Plan Width": 4,
                                                            "Actual Startup Time": 0.016,
                                                            "Actual Total Time": 308.096,
                                                            "Actual Rows": 3708930,
                                                            "Actual Loops": 4,
                                                            "Output": [
                                                                "mi.id",
                                                                "mi.movie_id",
                                                                "mi.info_type_id",
                                                                "mi.info",
                                                                "mi.note"
                                                            ],
                                                            "Workers": [
                                                                {
                                                                    "Worker Number": 0,
                                                                    "Actual Startup Time": 0.019,
                                                                    "Actual Total Time": 314.046,
                                                                    "Actual Rows": 3570919,
                                                                    "Actual Loops": 1
                                                                },
                                                                {
                                                                    "Worker Number": 1,
                                                                    "Actual Startup Time": 0.02,
                                                                    "Actual Total Time": 316.265,
                                                                    "Actual Rows": 3599677,
                                                                    "Actual Loops": 1
                                                                },
                                                                {
                                                                    "Worker Number": 2,
                                                                    "Actual Startup Time": 0.019,
                                                                    "Actual Total Time": 312.306,
                                                                    "Actual Rows": 3540964,
                                                                    "Actual Loops": 1
                                                                }
                                                            ]
                                                        },
                                                        {
                                                            "Node Type": "Hash",
                                                            "Parent Relationship": "Inner",
                                                            "Parallel Aware": true,
                                                            "Startup Cost": 38503.39,
                                                            "Total Cost": 38503.39,
                                                            "Plan Rows": 29539,
                                                            "Plan Width": 4,
                                                            "Actual Startup Time": 56.139,
                                                            "Actual Total Time": 56.14,
                                                            "Actual Rows": 29558,
                                                            "Actual Loops": 4,
                                                            "Output": [
                                                                "t.id"
                                                            ],
                                                            "Hash Buckets": 131072,
                                                            "Original Hash Buckets": 131072,
                                                            "Hash Batches": 1,
                                                            "Original Hash Batches": 1,
                                                            "Peak Memory Usage": 5696,
                                                            "Workers": [
                                                                {
                                                                    "Worker Number": 0,
                                                                    "Actual Startup Time": 56.524,
                                                                    "Actual Total Time": 56.526,
                                                                    "Actual Rows": 15105,
                                                                    "Actual Loops": 1
                                                                },
                                                                {
                                                                    "Worker Number": 1,
                                                                    "Actual Startup Time": 56.544,
                                                                    "Actual Total Time": 56.546,
                                                                    "Actual Rows": 14430,
                                                                    "Actual Loops": 1
                                                                },
                                                                {
                                                                    "Worker Number": 2,
                                                                    "Actual Startup Time": 56.52,
                                                                    "Actual Total Time": 56.521,
                                                                    "Actual Rows": 14642,
                                                                    "Actual Loops": 1
                                                                }
                                                            ],
                                                            "Plans": [
                                                                {
                                                                    "Node Type": "Bitmap Heap Scan",
                                                                    "Parent Relationship": "Outer",
                                                                    "Parallel Aware": true,
                                                                    "Relation Name": "title",
                                                                    "Schema": "public",
                                                                    "Alias": "t",
                                                                    "Startup Cost": 2136.15,
                                                                    "Total Cost": 38503.39,
                                                                    "Plan Rows": 29539,
                                                                    "Plan Width": 4,
                                                                    "Actual Startup Time": 13.766,
                                                                    "Actual Total Time": 45.392,
                                                                    "Actual Rows": 29558,
                                                                    "Actual Loops": 4,
                                                                    "Output": [
                                                                        "t.id"
                                                                    ],
                                                                    "Recheck Cond": "(t.kind_id = 4)",
                                                                    "Rows Removed by Index Recheck": 0,
                                                                    "Exact Heap Blocks": 8022,
                                                                    "Lossy Heap Blocks": 0,
                                                                    "Workers": [
                                                                        {
                                                                            "Worker Number": 0,
                                                                            "Actual Startup Time": 13.757,
                                                                            "Actual Total Time": 46.906,
                                                                            "Actual Rows": 15105,
                                                                            "Actual Loops": 1
                                                                        },
                                                                        {
                                                                            "Worker Number": 1,
                                                                            "Actual Startup Time": 13.79,
                                                                            "Actual Total Time": 46.724,
                                                                            "Actual Rows": 14430,
                                                                            "Actual Loops": 1
                                                                        },
                                                                        {
                                                                            "Worker Number": 2,
                                                                            "Actual Startup Time": 13.936,
                                                                            "Actual Total Time": 46.687,
                                                                            "Actual Rows": 14642,
                                                                            "Actual Loops": 1
                                                                        }
                                                                    ],
                                                                    "Plans": [
                                                                        {
                                                                            "Node Type": "Bitmap Index Scan",
                                                                            "Parent Relationship": "Outer",
                                                                            "Parallel Aware": false,
                                                                            "Index Name": "kind_id_title",
                                                                            "Startup Cost": 0.0,
                                                                            "Total Cost": 2106.61,
                                                                            "Plan Rows": 118157,
                                                                            "Plan Width": 0,
                                                                            "Actual Startup Time": 10.509,
                                                                            "Actual Total Time": 10.509,
                                                                            "Actual Rows": 118234,
                                                                            "Actual Loops": 1,
                                                                            "Index Cond": "(t.kind_id = 4)"
                                                                        }
                                                                    ]
                                                                }
                                                            ]
                                                        }
                                                    ]
                                                }
                                            ]
                                        }
                                    ]
                                }
                            ]
                        }
                    ]
                }
            ]
        },
        "Planning Time": 1008.521,
        "Triggers": [],
        "Execution Time": 995.958
    }
]