{
    "Plan": {
        "Node Type": "Aggregate",
        "Strategy": "Plain",
        "Partial Mode": "Finalize",
        "Parallel Aware": false,
        "Startup Cost": 317595.58,
        "Total Cost": 317595.59,
        "Plan Rows": 1,
        "Plan Width": 8,
        "Actual Startup Time": 3645.629,
        "Actual Total Time": 3702.356,
        "Actual Rows": 1,
        "Actual Loops": 1,
        "Output": [
            "count(*)"
        ],
        "Plans": [
            {
                "Node Type": "Gather",
                "Parent Relationship": "Outer",
                "Parallel Aware": false,
                "Startup Cost": 317595.05,
                "Total Cost": 317595.56,
                "Plan Rows": 5,
                "Plan Width": 8,
                "Actual Startup Time": 3626.779,
                "Actual Total Time": 3702.324,
                "Actual Rows": 6,
                "Actual Loops": 1,
                "Output": [
                    "(PARTIAL count(*))"
                ],
                "Workers Planned": 5,
                "Workers Launched": 5,
                "Single Copy": false,
                "Plans": [
                    {
                        "Node Type": "Aggregate",
                        "Strategy": "Plain",
                        "Partial Mode": "Partial",
                        "Parent Relationship": "Outer",
                        "Parallel Aware": false,
                        "Startup Cost": 316595.05,
                        "Total Cost": 316595.06,
                        "Plan Rows": 1,
                        "Plan Width": 8,
                        "Actual Startup Time": 3608.723,
                        "Actual Total Time": 3609.169,
                        "Actual Rows": 1,
                        "Actual Loops": 6,
                        "Output": [
                            "PARTIAL count(*)"
                        ],
                        "Workers": [
                            {
                                "Worker Number": 0,
                                "Actual Startup Time": 3604.15,
                                "Actual Total Time": 3604.158,
                                "Actual Rows": 1,
                                "Actual Loops": 1
                            },
                            {
                                "Worker Number": 1,
                                "Actual Startup Time": 3604.159,
                                "Actual Total Time": 3604.167,
                                "Actual Rows": 1,
                                "Actual Loops": 1
                            },
                            {
                                "Worker Number": 2,
                                "Actual Startup Time": 3607.88,
                                "Actual Total Time": 3607.887,
                                "Actual Rows": 1,
                                "Actual Loops": 1
                            },
                            {
                                "Worker Number": 3,
                                "Actual Startup Time": 3605.227,
                                "Actual Total Time": 3605.233,
                                "Actual Rows": 1,
                                "Actual Loops": 1
                            },
                            {
                                "Worker Number": 4,
                                "Actual Startup Time": 3605.28,
                                "Actual Total Time": 3605.288,
                                "Actual Rows": 1,
                                "Actual Loops": 1
                            }
                        ],
                        "Plans": [
                            {
                                "Node Type": "Hash Join",
                                "Parent Relationship": "Outer",
                                "Parallel Aware": true,
                                "Join Type": "Inner",
                                "Startup Cost": 100797.72,
                                "Total Cost": 312862.55,
                                "Plan Rows": 1493001,
                                "Plan Width": 0,
                                "Actual Startup Time": 650.546,
                                "Actual Total Time": 2926.153,
                                "Actual Rows": 16458399,
                                "Actual Loops": 6,
                                "Inner Unique": false,
                                "Hash Cond": "(mi.movie_id = t.id)",
                                "Workers": [
                                    {
                                        "Worker Number": 0,
                                        "Actual Startup Time": 645.75,
                                        "Actual Total Time": 2942.678,
                                        "Actual Rows": 15651559,
                                        "Actual Loops": 1
                                    },
                                    {
                                        "Worker Number": 1,
                                        "Actual Startup Time": 646.637,
                                        "Actual Total Time": 2945.779,
                                        "Actual Rows": 15586168,
                                        "Actual Loops": 1
                                    },
                                    {
                                        "Worker Number": 2,
                                        "Actual Startup Time": 647.812,
                                        "Actual Total Time": 2916.945,
                                        "Actual Rows": 17264278,
                                        "Actual Loops": 1
                                    },
                                    {
                                        "Worker Number": 3,
                                        "Actual Startup Time": 647.391,
                                        "Actual Total Time": 2912.345,
                                        "Actual Rows": 16928949,
                                        "Actual Loops": 1
                                    },
                                    {
                                        "Worker Number": 4,
                                        "Actual Startup Time": 647.739,
                                        "Actual Total Time": 2914.905,
                                        "Actual Rows": 17240804,
                                        "Actual Loops": 1
                                    }
                                ],
                                "Plans": [
                                    {
                                        "Node Type": "Seq Scan",
                                        "Parent Relationship": "Outer",
                                        "Parallel Aware": true,
                                        "Relation Name": "movie_info",
                                        "Schema": "public",
                                        "Alias": "mi",
                                        "Startup Cost": 0.0,
                                        "Total Cost": 198880.74,
                                        "Plan Rows": 2231456,
                                        "Plan Width": 4,
                                        "Actual Startup Time": 0.056,
                                        "Actual Total Time": 432.002,
                                        "Actual Rows": 1868457,
                                        "Actual Loops": 6,
                                        "Output": [
                                            "mi.id",
                                            "mi.movie_id",
                                            "mi.info_type_id",
                                            "mi.info",
                                            "mi.note"
                                        ],
                                        "Filter": "(mi.info_type_id > 3)",
                                        "Rows Removed by Filter": 604163,
                                        "Workers": [
                                            {
                                                "Worker Number": 0,
                                                "Actual Startup Time": 0.083,
                                                "Actual Total Time": 479.507,
                                                "Actual Rows": 1706745,
                                                "Actual Loops": 1
                                            },
                                            {
                                                "Worker Number": 1,
                                                "Actual Startup Time": 0.054,
                                                "Actual Total Time": 478.874,
                                                "Actual Rows": 1717550,
                                                "Actual Loops": 1
                                            },
                                            {
                                                "Worker Number": 2,
                                                "Actual Startup Time": 0.064,
                                                "Actual Total Time": 425.515,
                                                "Actual Rows": 1981769,
                                                "Actual Loops": 1
                                            },
                                            {
                                                "Worker Number": 3,
                                                "Actual Startup Time": 0.053,
                                                "Actual Total Time": 426.652,
                                                "Actual Rows": 1948525,
                                                "Actual Loops": 1
                                            },
                                            {
                                                "Worker Number": 4,
                                                "Actual Startup Time": 0.048,
                                                "Actual Total Time": 427.18,
                                                "Actual Rows": 1989050,
                                                "Actual Loops": 1
                                            }
                                        ]
                                    },
                                    {
                                        "Node Type": "Hash",
                                        "Parent Relationship": "Inner",
                                        "Parallel Aware": true,
                                        "Startup Cost": 93976.66,
                                        "Total Cost": 93976.66,
                                        "Plan Rows": 545685,
                                        "Plan Width": 8,
                                        "Actual Startup Time": 643.154,
                                        "Actual Total Time": 643.597,
                                        "Actual Rows": 346880,
                                        "Actual Loops": 6,
                                        "Output": [
                                            "t.id",
                                            "mk.movie_id"
                                        ],
                                        "Hash Buckets": 2097152,
                                        "Original Hash Buckets": 2097152,
                                        "Hash Batches": 1,
                                        "Original Hash Batches": 1,
                                        "Peak Memory Usage": 97920,
                                        "Workers": [
                                            {
                                                "Worker Number": 0,
                                                "Actual Startup Time": 644.516,
                                                "Actual Total Time": 644.521,
                                                "Actual Rows": 320448,
                                                "Actual Loops": 1
                                            },
                                            {
                                                "Worker Number": 1,
                                                "Actual Startup Time": 644.371,
                                                "Actual Total Time": 644.377,
                                                "Actual Rows": 312509,
                                                "Actual Loops": 1
                                            },
                                            {
                                                "Worker Number": 2,
                                                "Actual Startup Time": 645.813,
                                                "Actual Total Time": 645.818,
                                                "Actual Rows": 362833,
                                                "Actual Loops": 1
                                            },
                                            {
                                                "Worker Number": 3,
                                                "Actual Startup Time": 645.809,
                                                "Actual Total Time": 645.814,
                                                "Actual Rows": 361661,
                                                "Actual Loops": 1
                                            },
                                            {
                                                "Worker Number": 4,
                                                "Actual Startup Time": 645.81,
                                                "Actual Total Time": 645.815,
                                                "Actual Rows": 363873,
                                                "Actual Loops": 1
                                            }
                                        ],
                                        "Plans": [
                                            {
                                                "Node Type": "Hash Join",
                                                "Parent Relationship": "Outer",
                                                "Parallel Aware": true,
                                                "Join Type": "Inner",
                                                "Startup Cost": 49108.52,
                                                "Total Cost": 93976.66,
                                                "Plan Rows": 545685,
                                                "Plan Width": 8,
                                                "Actual Startup Time": 287.293,
                                                "Actual Total Time": 511.211,
                                                "Actual Rows": 346880,
                                                "Actual Loops": 6,
                                                "Output": [
                                                    "t.id",
                                                    "mk.movie_id"
                                                ],
                                                "Inner Unique": true,
                                                "Hash Cond": "(mk.movie_id = t.id)",
                                                "Workers": [
                                                    {
                                                        "Worker Number": 0,
                                                        "Actual Startup Time": 287.225,
                                                        "Actual Total Time": 511.45,
                                                        "Actual Rows": 320448,
                                                        "Actual Loops": 1
                                                    },
                                                    {
                                                        "Worker Number": 1,
                                                        "Actual Startup Time": 287.167,
                                                        "Actual Total Time": 512.54,
                                                        "Actual Rows": 312509,
                                                        "Actual Loops": 1
                                                    },
                                                    {
                                                        "Worker Number": 2,
                                                        "Actual Startup Time": 287.354,
                                                        "Actual Total Time": 512.969,
                                                        "Actual Rows": 362833,
                                                        "Actual Loops": 1
                                                    },
                                                    {
                                                        "Worker Number": 3,
                                                        "Actual Startup Time": 287.394,
                                                        "Actual Total Time": 511.798,
                                                        "Actual Rows": 361661,
                                                        "Actual Loops": 1
                                                    },
                                                    {
                                                        "Worker Number": 4,
                                                        "Actual Startup Time": 287.339,
                                                        "Actual Total Time": 512.178,
                                                        "Actual Rows": 363873,
                                                        "Actual Loops": 1
                                                    }
                                                ],
                                                "Plans": [
                                                    {
                                                        "Node Type": "Seq Scan",
                                                        "Parent Relationship": "Outer",
                                                        "Parallel Aware": true,
                                                        "Relation Name": "movie_keyword",
                                                        "Schema": "public",
                                                        "Alias": "mk",
                                                        "Startup Cost": 0.0,
                                                        "Total Cost": 42695.65,
                                                        "Plan Rows": 827615,
                                                        "Plan Width": 4,
                                                        "Actual Startup Time": 0.027,
                                                        "Actual Total Time": 108.978,
                                                        "Actual Rows": 430401,
                                                        "Actual Loops": 6,
                                                        "Output": [
                                                            "mk.id",
                                                            "mk.movie_id",
                                                            "mk.keyword_id"
                                                        ],
                                                        "Filter": "(mk.keyword_id < 6765)",
                                                        "Rows Removed by Filter": 323587,
                                                        "Workers": [
                                                            {
                                                                "Worker Number": 0,
                                                                "Actual Startup Time": 0.022,
                                                                "Actual Total Time": 112.275,
                                                                "Actual Rows": 397008,
                                                                "Actual Loops": 1
                                                            },
                                                            {
                                                                "Worker Number": 1,
                                                                "Actual Startup Time": 0.028,
                                                                "Actual Total Time": 111.608,
                                                                "Actual Rows": 387874,
                                                                "Actual Loops": 1
                                                            },
                                                            {
                                                                "Worker Number": 2,
                                                                "Actual Startup Time": 0.031,
                                                                "Actual Total Time": 113.781,
                                                                "Actual Rows": 453412,
                                                                "Actual Loops": 1
                                                            },
                                                            {
                                                                "Worker Number": 3,
                                                                "Actual Startup Time": 0.033,
                                                                "Actual Total Time": 112.238,
                                                                "Actual Rows": 446307,
                                                                "Actual Loops": 1
                                                            },
                                                            {
                                                                "Worker Number": 4,
                                                                "Actual Startup Time": 0.035,
                                                                "Actual Total Time": 113.079,
                                                                "Actual Rows": 450466,
                                                                "Actual Loops": 1
                                                            }
                                                        ]
                                                    },
                                                    {
                                                        "Node Type": "Hash",
                                                        "Parent Relationship": "Inner",
                                                        "Parallel Aware": true,
                                                        "Startup Cost": 43899.01,
                                                        "Total Cost": 43899.01,
                                                        "Plan Rows": 416761,
                                                        "Plan Width": 4,
                                                        "Actual Startup Time": 283.688,
                                                        "Actual Total Time": 283.69,
                                                        "Actual Rows": 278549,
                                                        "Actual Loops": 6,
                                                        "Output": [
                                                            "t.id"
                                                        ],
                                                        "Hash Buckets": 2097152,
                                                        "Original Hash Buckets": 2097152,
                                                        "Hash Batches": 1,
                                                        "Original Hash Batches": 1,
                                                        "Peak Memory Usage": 81856,
                                                        "Workers": [
                                                            {
                                                                "Worker Number": 0,
                                                                "Actual Startup Time": 287.062,
                                                                "Actual Total Time": 287.063,
                                                                "Actual Rows": 237102,
                                                                "Actual Loops": 1
                                                            },
                                                            {
                                                                "Worker Number": 1,
                                                                "Actual Startup Time": 287.064,
                                                                "Actual Total Time": 287.066,
                                                                "Actual Rows": 231779,
                                                                "Actual Loops": 1
                                                            },
                                                            {
                                                                "Worker Number": 2,
                                                                "Actual Startup Time": 287.009,
                                                                "Actual Total Time": 287.011,
                                                                "Actual Rows": 298397,
                                                                "Actual Loops": 1
                                                            },
                                                            {
                                                                "Worker Number": 3,
                                                                "Actual Startup Time": 287.005,
                                                                "Actual Total Time": 287.006,
                                                                "Actual Rows": 294622,
                                                                "Actual Loops": 1
                                                            },
                                                            {
                                                                "Worker Number": 4,
                                                                "Actual Startup Time": 286.962,
                                                                "Actual Total Time": 286.964,
                                                                "Actual Rows": 295598,
                                                                "Actual Loops": 1
                                                            }
                                                        ],
                                                        "Plans": [
                                                            {
                                                                "Node Type": "Seq Scan",
                                                                "Parent Relationship": "Outer",
                                                                "Parallel Aware": true,
                                                                "Relation Name": "title",
                                                                "Schema": "public",
                                                                "Alias": "t",
                                                                "Startup Cost": 0.0,
                                                                "Total Cost": 43899.01,
                                                                "Plan Rows": 416761,
                                                                "Plan Width": 4,
                                                                "Actual Startup Time": 0.085,
                                                                "Actual Total Time": 107.41,
                                                                "Actual Rows": 278549,
                                                                "Actual Loops": 6,
                                                                "Output": [
                                                                    "t.id"
                                                                ],
                                                                "Filter": "(t.production_year < 2008)",
                                                                "Rows Removed by Filter": 142837,
                                                                "Workers": [
                                                                    {
                                                                        "Worker Number": 0,
                                                                        "Actual Startup Time": 0.086,
                                                                        "Actual Total Time": 109.743,
                                                                        "Actual Rows": 237102,
                                                                        "Actual Loops": 1
                                                                    },
                                                                    {
                                                                        "Worker Number": 1,
                                                                        "Actual Startup Time": 0.102,
                                                                        "Actual Total Time": 109.703,
                                                                        "Actual Rows": 231779,
                                                                        "Actual Loops": 1
                                                                    },
                                                                    {
                                                                        "Worker Number": 2,
                                                                        "Actual Startup Time": 0.085,
                                                                        "Actual Total Time": 112.675,
                                                                        "Actual Rows": 298397,
                                                                        "Actual Loops": 1
                                                                    },
                                                                    {
                                                                        "Worker Number": 3,
                                                                        "Actual Startup Time": 0.101,
                                                                        "Actual Total Time": 111.647,
                                                                        "Actual Rows": 294622,
                                                                        "Actual Loops": 1
                                                                    },
                                                                    {
                                                                        "Worker Number": 4,
                                                                        "Actual Startup Time": 0.102,
                                                                        "Actual Total Time": 111.925,
                                                                        "Actual Rows": 295598,
                                                                        "Actual Loops": 1
                                                                    }
                                                                ]
                                                            }
                                                        ]
                                                    }
                                                ]
                                            }
                                        ]
                                    }
                                ]
                            }
                        ]
                    }
                ]
            }
        ]
    },
    "Planning Time": 1.731,
    "Triggers": [],
    "Execution Time": 3702.476
}