[
    {
        "Bao": {
            "Bao prediction": "NaN",
            "Bao recommended hint": "(no hint)"
        }
    },
    {
        "Plan": {
            "Node Type": "Aggregate",
            "Strategy": "Plain",
            "Partial Mode": "Finalize",
            "Parallel Aware": false,
            "Startup Cost": 84717.61,
            "Total Cost": 84717.62,
            "Plan Rows": 1,
            "Plan Width": 8,
            "Actual Startup Time": 251.557,
            "Actual Total Time": 259.274,
            "Actual Rows": 1,
            "Actual Loops": 1,
            "Output": [
                "count(*)"
            ],
            "Plans": [
                {
                    "Node Type": "Gather",
                    "Parent Relationship": "Outer",
                    "Parallel Aware": false,
                    "Startup Cost": 84717.29,
                    "Total Cost": 84717.6,
                    "Plan Rows": 3,
                    "Plan Width": 8,
                    "Actual Startup Time": 248.493,
                    "Actual Total Time": 259.266,
                    "Actual Rows": 4,
                    "Actual Loops": 1,
                    "Output": [
                        "(PARTIAL count(*))"
                    ],
                    "Workers Planned": 3,
                    "Workers Launched": 3,
                    "Single Copy": false,
                    "Plans": [
                        {
                            "Node Type": "Aggregate",
                            "Strategy": "Plain",
                            "Partial Mode": "Partial",
                            "Parent Relationship": "Outer",
                            "Parallel Aware": false,
                            "Startup Cost": 83717.29,
                            "Total Cost": 83717.3,
                            "Plan Rows": 1,
                            "Plan Width": 8,
                            "Actual Startup Time": 239.847,
                            "Actual Total Time": 239.852,
                            "Actual Rows": 1,
                            "Actual Loops": 4,
                            "Output": [
                                "PARTIAL count(*)"
                            ],
                            "Workers": [
                                {
                                    "Worker Number": 0,
                                    "Actual Startup Time": 236.673,
                                    "Actual Total Time": 236.676,
                                    "Actual Rows": 1,
                                    "Actual Loops": 1
                                },
                                {
                                    "Worker Number": 1,
                                    "Actual Startup Time": 236.991,
                                    "Actual Total Time": 237.002,
                                    "Actual Rows": 1,
                                    "Actual Loops": 1
                                },
                                {
                                    "Worker Number": 2,
                                    "Actual Startup Time": 237.545,
                                    "Actual Total Time": 237.547,
                                    "Actual Rows": 1,
                                    "Actual Loops": 1
                                }
                            ],
                            "Plans": [
                                {
                                    "Node Type": "Hash Join",
                                    "Parent Relationship": "Outer",
                                    "Parallel Aware": true,
                                    "Join Type": "Inner",
                                    "Startup Cost": 56957.75,
                                    "Total Cost": 83632.62,
                                    "Plan Rows": 33868,
                                    "Plan Width": 0,
                                    "Actual Startup Time": 162.021,
                                    "Actual Total Time": 237.494,
                                    "Actual Rows": 44868,
                                    "Actual Loops": 4,
                                    "Inner Unique": true,
                                    "Hash Cond": "(mk.movie_id = t.id)",
                                    "Workers": [
                                        {
                                            "Worker Number": 0,
                                            "Actual Startup Time": 158.964,
                                            "Actual Total Time": 234.314,
                                            "Actual Rows": 41170,
                                            "Actual Loops": 1
                                        },
                                        {
                                            "Worker Number": 1,
                                            "Actual Startup Time": 159.325,
                                            "Actual Total Time": 234.707,
                                            "Actual Rows": 39158,
                                            "Actual Loops": 1
                                        },
                                        {
                                            "Worker Number": 2,
                                            "Actual Startup Time": 159.524,
                                            "Actual Total Time": 235.186,
                                            "Actual Rows": 41220,
                                            "Actual Loops": 1
                                        }
                                    ],
                                    "Plans": [
                                        {
                                            "Node Type": "Bitmap Heap Scan",
                                            "Parent Relationship": "Outer",
                                            "Parallel Aware": true,
                                            "Relation Name": "movie_keyword",
                                            "Schema": "public",
                                            "Alias": "mk",
                                            "Startup Cost": 9656.14,
                                            "Total Cost": 35945.57,
                                            "Plan Rows": 146835,
                                            "Plan Width": 4,
                                            "Actual Startup Time": 28.369,
                                            "Actual Total Time": 79.467,
                                            "Actual Rows": 112286,
                                            "Actual Loops": 4,
                                            "Output": [
                                                "mk.id",
                                                "mk.movie_id",
                                                "mk.keyword_id"
                                            ],
                                            "Recheck Cond": "(mk.keyword_id > 39559)",
                                            "Rows Removed by Index Recheck": 0,
                                            "Exact Heap Blocks": 7653,
                                            "Lossy Heap Blocks": 0,
                                            "Workers": [
                                                {
                                                    "Worker Number": 0,
                                                    "Actual Startup Time": 28.41,
                                                    "Actual Total Time": 80.576,
                                                    "Actual Rows": 100072,
                                                    "Actual Loops": 1
                                                },
                                                {
                                                    "Worker Number": 1,
                                                    "Actual Startup Time": 28.462,
                                                    "Actual Total Time": 81.048,
                                                    "Actual Rows": 97683,
                                                    "Actual Loops": 1
                                                },
                                                {
                                                    "Worker Number": 2,
                                                    "Actual Startup Time": 28.356,
                                                    "Actual Total Time": 80.771,
                                                    "Actual Rows": 101522,
                                                    "Actual Loops": 1
                                                }
                                            ],
                                            "Plans": [
                                                {
                                                    "Node Type": "Bitmap Index Scan",
                                                    "Parent Relationship": "Outer",
                                                    "Parallel Aware": false,
                                                    "Index Name": "keyword_id_movie_keyword",
                                                    "Startup Cost": 0.0,
                                                    "Total Cost": 9542.34,
                                                    "Plan Rows": 455188,
                                                    "Plan Width": 0,
                                                    "Actual Startup Time": 24.964,
                                                    "Actual Total Time": 24.965,
                                                    "Actual Rows": 449145,
                                                    "Actual Loops": 1,
                                                    "Index Cond": "(mk.keyword_id > 39559)"
                                                }
                                            ]
                                        },
                                        {
                                            "Node Type": "Hash",
                                            "Parent Relationship": "Inner",
                                            "Parallel Aware": true,
                                            "Startup Cost": 45479.21,
                                            "Total Cost": 45479.21,
                                            "Plan Rows": 145792,
                                            "Plan Width": 4,
                                            "Actual Startup Time": 130.508,
                                            "Actual Total Time": 130.508,
                                            "Actual Rows": 123240,
                                            "Actual Loops": 4,
                                            "Output": [
                                                "t.id"
                                            ],
                                            "Hash Buckets": 1048576,
                                            "Original Hash Buckets": 1048576,
                                            "Hash Batches": 1,
                                            "Original Hash Batches": 1,
                                            "Peak Memory Usage": 27552,
                                            "Workers": [
                                                {
                                                    "Worker Number": 0,
                                                    "Actual Startup Time": 130.119,
                                                    "Actual Total Time": 130.12,
                                                    "Actual Rows": 115378,
                                                    "Actual Loops": 1
                                                },
                                                {
                                                    "Worker Number": 1,
                                                    "Actual Startup Time": 130.463,
                                                    "Actual Total Time": 130.464,
                                                    "Actual Rows": 117398,
                                                    "Actual Loops": 1
                                                },
                                                {
                                                    "Worker Number": 2,
                                                    "Actual Startup Time": 130.728,
                                                    "Actual Total Time": 130.728,
                                                    "Actual Rows": 116457,
                                                    "Actual Loops": 1
                                                }
                                            ],
                                            "Plans": [
                                                {
                                                    "Node Type": "Seq Scan",
                                                    "Parent Relationship": "Outer",
                                                    "Parallel Aware": true,
                                                    "Relation Name": "title",
                                                    "Schema": "public",
                                                    "Alias": "t",
                                                    "Startup Cost": 0.0,
                                                    "Total Cost": 45479.21,
                                                    "Plan Rows": 145792,
                                                    "Plan Width": 4,
                                                    "Actual Startup Time": 0.037,
                                                    "Actual Total Time": 90.061,
                                                    "Actual Rows": 123240,
                                                    "Actual Loops": 4,
                                                    "Output": [
                                                        "t.id"
                                                    ],
                                                    "Filter": "((t.kind_id < 7) AND (t.production_year > 1998))",
                                                    "Rows Removed by Filter": 508838,
                                                    "Workers": [
                                                        {
                                                            "Worker Number": 0,
                                                            "Actual Startup Time": 0.048,
                                                            "Actual Total Time": 89.889,
                                                            "Actual Rows": 115378,
                                                            "Actual Loops": 1
                                                        },
                                                        {
                                                            "Worker Number": 1,
                                                            "Actual Startup Time": 0.035,
                                                            "Actual Total Time": 91.331,
                                                            "Actual Rows": 117398,
                                                            "Actual Loops": 1
                                                        },
                                                        {
                                                            "Worker Number": 2,
                                                            "Actual Startup Time": 0.05,
                                                            "Actual Total Time": 90.316,
                                                            "Actual Rows": 116457,
                                                            "Actual Loops": 1
                                                        }
                                                    ]
                                                }
                                            ]
                                        }
                                    ]
                                }
                            ]
                        }
                    ]
                }
            ]
        },
        "Planning Time": 187.451,
        "Triggers": [],
        "Execution Time": 259.343
    }
]