[
  {
    "Plan": {
      "Node Type": "Aggregate",
      "Strategy": "Plain",
      "Partial Mode": "Finalize",
      "Parallel Aware": false,
      "Startup Cost": 32675.37,
      "Total Cost": 32675.38,
      "Plan Rows": 1,
      "Plan Width": 8,
      "Actual Startup Time": 32.234,
      "Actual Total Time": 38.8,
      "Actual Rows": 1,
      "Actual Loops": 1,
      "Plans": [
        {
          "Node Type": "Gather",
          "Parent Relationship": "Outer",
          "Parallel Aware": false,
          "Startup Cost": 32675.05,
          "Total Cost": 32675.36,
          "Plan Rows": 3,
          "Plan Width": 8,
          "Actual Startup Time": 32.101,
          "Actual Total Time": 38.788,
          "Actual Rows": 4,
          "Actual Loops": 1,
          "Workers Planned": 3,
          "Workers Launched": 3,
          "Single Copy": false,
          "Plans": [
            {
              "Node Type": "Aggregate",
              "Strategy": "Plain",
              "Partial Mode": "Partial",
              "Parent Relationship": "Outer",
              "Parallel Aware": false,
              "Startup Cost": 31675.05,
              "Total Cost": 31675.06,
              "Plan Rows": 1,
              "Plan Width": 8,
              "Actual Startup Time": 28.102,
              "Actual Total Time": 28.104,
              "Actual Rows": 1,
              "Actual Loops": 4,
              "Plans": [
                {
                  "Node Type": "Nested Loop",
                  "Parent Relationship": "Outer",
                  "Parallel Aware": false,
                  "Join Type": "Inner",
                  "Startup Cost": 266.33,
                  "Total Cost": 31673.89,
                  "Plan Rows": 463,
                  "Plan Width": 0,
                  "Actual Startup Time": 1.053,
                  "Actual Total Time": 27.683,
                  "Actual Rows": 3237,
                  "Actual Loops": 4,
                  "Inner Unique": true,
                  "Plans": [
                    {
                      "Node Type": "Bitmap Heap Scan",
                      "Parent Relationship": "Outer",
                      "Parallel Aware": true,
                      "Relation Name": "movie_companies",
                      "Alias": "mc",
                      "Startup Cost": 265.9,
                      "Total Cost": 17851.66,
                      "Plan Rows": 1934,
                      "Plan Width": 4,
                      "Actual Startup Time": 0.948,
                      "Actual Total Time": 6.906,
                      "Actual Rows": 3237,
                      "Actual Loops": 4,
                      "Recheck Cond": "(company_id = 11137)",
                      "Rows Removed by Index Recheck": 0,
                      "Filter": "(company_type_id < 2)",
                      "Rows Removed by Filter": 0,
                      "Exact Heap Blocks": 1784,
                      "Lossy Heap Blocks": 0,
                      "Plans": [
                        {
                          "Node Type": "Bitmap Index Scan",
                          "Parent Relationship": "Outer",
                          "Parallel Aware": false,
                          "Index Name": "company_id_movie_companies",
                          "Startup Cost": 0.0,
                          "Total Cost": 264.4,
                          "Plan Rows": 12263,
                          "Plan Width": 0,
                          "Actual Startup Time": 2.866,
                          "Actual Total Time": 2.866,
                          "Actual Rows": 12948,
                          "Actual Loops": 1,
                          "Index Cond": "(company_id = 11137)"
                        }
                      ]
                    },
                    {
                      "Node Type": "Index Scan",
                      "Parent Relationship": "Inner",
                      "Parallel Aware": false,
                      "Scan Direction": "Forward",
                      "Index Name": "title_pkey",
                      "Relation Name": "title",
                      "Alias": "t",
                      "Startup Cost": 0.43,
                      "Total Cost": 7.15,
                      "Plan Rows": 1,
                      "Plan Width": 4,
                      "Actual Startup Time": 0.006,
                      "Actual Total Time": 0.006,
                      "Actual Rows": 1,
                      "Actual Loops": 12948,
                      "Index Cond": "(id = mc.movie_id)",
                      "Rows Removed by Index Recheck": 0,
                      "Filter": "((kind_id < 7) AND (production_year < 2007))",
                      "Rows Removed by Filter": 0
                    }
                  ]
                }
              ]
            }
          ]
        }
      ]
    },
    "Planning Time": 0.315,
    "Triggers": [],
    "Execution Time": 38.856
  }
]