[
  {
    "Plan": {
      "Node Type": "Aggregate",
      "Strategy": "Plain",
      "Partial Mode": "Finalize",
      "Parallel Aware": false,
      "Startup Cost": 35300.23,
      "Total Cost": 35300.24,
      "Plan Rows": 1,
      "Plan Width": 8,
      "Actual Startup Time": 49.398,
      "Actual Total Time": 55.672,
      "Actual Rows": 1,
      "Actual Loops": 1,
      "Plans": [
        {
          "Node Type": "Gather",
          "Parent Relationship": "Outer",
          "Parallel Aware": false,
          "Startup Cost": 35299.91,
          "Total Cost": 35300.22,
          "Plan Rows": 3,
          "Plan Width": 8,
          "Actual Startup Time": 49.28,
          "Actual Total Time": 55.664,
          "Actual Rows": 4,
          "Actual Loops": 1,
          "Workers Planned": 3,
          "Workers Launched": 3,
          "Single Copy": false,
          "Plans": [
            {
              "Node Type": "Aggregate",
              "Strategy": "Plain",
              "Partial Mode": "Partial",
              "Parent Relationship": "Outer",
              "Parallel Aware": false,
              "Startup Cost": 34299.91,
              "Total Cost": 34299.92,
              "Plan Rows": 1,
              "Plan Width": 8,
              "Actual Startup Time": 40.093,
              "Actual Total Time": 40.094,
              "Actual Rows": 1,
              "Actual Loops": 4,
              "Plans": [
                {
                  "Node Type": "Nested Loop",
                  "Parent Relationship": "Outer",
                  "Parallel Aware": false,
                  "Join Type": "Inner",
                  "Startup Cost": 308.26,
                  "Total Cost": 34298.57,
                  "Plan Rows": 536,
                  "Plan Width": 0,
                  "Actual Startup Time": 2.699,
                  "Actual Total Time": 39.519,
                  "Actual Rows": 3237,
                  "Actual Loops": 4,
                  "Inner Unique": true,
                  "Plans": [
                    {
                      "Node Type": "Bitmap Heap Scan",
                      "Parent Relationship": "Outer",
                      "Parallel Aware": true,
                      "Relation Name": "movie_companies",
                      "Alias": "mc",
                      "Startup Cost": 307.83,
                      "Total Cost": 18663.26,
                      "Plan Rows": 2237,
                      "Plan Width": 4,
                      "Actual Startup Time": 2.515,
                      "Actual Total Time": 10.113,
                      "Actual Rows": 3237,
                      "Actual Loops": 4,
                      "Recheck Cond": "(company_id = 11137)",
                      "Rows Removed by Index Recheck": 0,
                      "Filter": "(company_type_id < 2)",
                      "Rows Removed by Filter": 0,
                      "Exact Heap Blocks": 2045,
                      "Lossy Heap Blocks": 0,
                      "Plans": [
                        {
                          "Node Type": "Bitmap Index Scan",
                          "Parent Relationship": "Outer",
                          "Parallel Aware": false,
                          "Index Name": "company_id_movie_companies",
                          "Startup Cost": 0.0,
                          "Total Cost": 306.1,
                          "Plan Rows": 14089,
                          "Plan Width": 0,
                          "Actual Startup Time": 7.903,
                          "Actual Total Time": 7.904,
                          "Actual Rows": 12948,
                          "Actual Loops": 1,
                          "Index Cond": "(company_id = 11137)"
                        }
                      ]
                    },
                    {
                      "Node Type": "Index Scan",
                      "Parent Relationship": "Inner",
                      "Parallel Aware": false,
                      "Scan Direction": "Forward",
                      "Index Name": "title_pkey",
                      "Relation Name": "title",
                      "Alias": "t",
                      "Startup Cost": 0.43,
                      "Total Cost": 6.99,
                      "Plan Rows": 1,
                      "Plan Width": 4,
                      "Actual Startup Time": 0.008,
                      "Actual Total Time": 0.008,
                      "Actual Rows": 1,
                      "Actual Loops": 12948,
                      "Index Cond": "(id = mc.movie_id)",
                      "Rows Removed by Index Recheck": 0,
                      "Filter": "((kind_id < 7) AND (production_year < 2007))",
                      "Rows Removed by Filter": 0
                    }
                  ]
                }
              ]
            }
          ]
        }
      ]
    },
    "Planning Time": 0.676,
    "Triggers": [],
    "Execution Time": 55.761
  }
]