[
    {
        "Bao": {
            "Bao prediction": "NaN",
            "Bao recommended hint": "(no hint)"
        }
    },
    {
        "Plan": {
            "Node Type": "Aggregate",
            "Strategy": "Plain",
            "Partial Mode": "Simple",
            "Parallel Aware": false,
            "Startup Cost": 11855.71,
            "Total Cost": 11855.72,
            "Plan Rows": 1,
            "Plan Width": 8,
            "Actual Startup Time": 7.509,
            "Actual Total Time": 7.512,
            "Actual Rows": 1,
            "Actual Loops": 1,
            "Output": [
                "count(*)"
            ],
            "Plans": [
                {
                    "Node Type": "Bitmap Heap Scan",
                    "Parent Relationship": "Outer",
                    "Parallel Aware": false,
                    "Relation Name": "movie_companies",
                    "Schema": "public",
                    "Alias": "mc",
                    "Startup Cost": 117.54,
                    "Total Cost": 11842.45,
                    "Plan Rows": 5305,
                    "Plan Width": 0,
                    "Actual Startup Time": 1.275,
                    "Actual Total Time": 6.978,
                    "Actual Rows": 4285,
                    "Actual Loops": 1,
                    "Recheck Cond": "(mc.company_id = 258)",
                    "Rows Removed by Index Recheck": 0,
                    "Exact Heap Blocks": 2001,
                    "Lossy Heap Blocks": 0,
                    "Plans": [
                        {
                            "Node Type": "Bitmap Index Scan",
                            "Parent Relationship": "Outer",
                            "Parallel Aware": false,
                            "Index Name": "company_id_movie_companies",
                            "Startup Cost": 0.0,
                            "Total Cost": 116.22,
                            "Plan Rows": 5305,
                            "Plan Width": 0,
                            "Actual Startup Time": 0.763,
                            "Actual Total Time": 0.764,
                            "Actual Rows": 4285,
                            "Actual Loops": 1,
                            "Index Cond": "(mc.company_id = 258)"
                        }
                    ]
                }
            ]
        },
        "Planning Time": 290.801,
        "Triggers": [],
        "Execution Time": 7.602
    }
]