[
  {
    "Plan": {
      "Node Type": "Aggregate",
      "Strategy": "Plain",
      "Partial Mode": "Finalize",
      "Parallel Aware": false,
      "Startup Cost": 36782.82,
      "Total Cost": 36782.83,
      "Plan Rows": 1,
      "Plan Width": 8,
      "Actual Startup Time": 46.145,
      "Actual Total Time": 52.691,
      "Actual Rows": 1,
      "Actual Loops": 1,
      "Plans": [
        {
          "Node Type": "Gather",
          "Parent Relationship": "Outer",
          "Parallel Aware": false,
          "Startup Cost": 36782.6,
          "Total Cost": 36782.81,
          "Plan Rows": 2,
          "Plan Width": 8,
          "Actual Startup Time": 45.926,
          "Actual Total Time": 52.685,
          "Actual Rows": 3,
          "Actual Loops": 1,
          "Workers Planned": 2,
          "Workers Launched": 2,
          "Single Copy": false,
          "Plans": [
            {
              "Node Type": "Aggregate",
              "Strategy": "Plain",
              "Partial Mode": "Partial",
              "Parent Relationship": "Outer",
              "Parallel Aware": false,
              "Startup Cost": 35782.6,
              "Total Cost": 35782.61,
              "Plan Rows": 1,
              "Plan Width": 8,
              "Actual Startup Time": 37.595,
              "Actual Total Time": 37.596,
              "Actual Rows": 1,
              "Actual Loops": 3,
              "Plans": [
                {
                  "Node Type": "Nested Loop",
                  "Parent Relationship": "Outer",
                  "Parallel Aware": false,
                  "Join Type": "Inner",
                  "Startup Cost": 144.72,
                  "Total Cost": 35778.93,
                  "Plan Rows": 1470,
                  "Plan Width": 0,
                  "Actual Startup Time": 2.948,
                  "Actual Total Time": 37.425,
                  "Actual Rows": 1254,
                  "Actual Loops": 3,
                  "Inner Unique": false,
                  "Plans": [
                    {
                      "Node Type": "Nested Loop",
                      "Parent Relationship": "Outer",
                      "Parallel Aware": false,
                      "Join Type": "Inner",
                      "Startup Cost": 144.28,
                      "Total Cost": 34437.33,
                      "Plan Rows": 251,
                      "Plan Width": 8,
                      "Actual Startup Time": 2.762,
                      "Actual Total Time": 32.552,
                      "Actual Rows": 106,
                      "Actual Loops": 3,
                      "Inner Unique": true,
                      "Plans": [
                        {
                          "Node Type": "Bitmap Heap Scan",
                          "Parent Relationship": "Outer",
                          "Parallel Aware": true,
                          "Relation Name": "movie_keyword",
                          "Alias": "mk",
                          "Startup Cost": 143.85,
                          "Total Cost": 14982.0,
                          "Plan Rows": 2765,
                          "Plan Width": 4,
                          "Actual Startup Time": 2.454,
                          "Actual Total Time": 10.995,
                          "Actual Rows": 2263,
                          "Actual Loops": 3,
                          "Recheck Cond": "(keyword_id = 495)",
                          "Rows Removed by Index Recheck": 0,
                          "Exact Heap Blocks": 3628,
                          "Lossy Heap Blocks": 0,
                          "Plans": [
                            {
                              "Node Type": "Bitmap Index Scan",
                              "Parent Relationship": "Outer",
                              "Parallel Aware": false,
                              "Index Name": "keyword_id_movie_keyword",
                              "Startup Cost": 0.0,
                              "Total Cost": 142.19,
                              "Plan Rows": 6635,
                              "Plan Width": 0,
                              "Actual Startup Time": 4.538,
                              "Actual Total Time": 4.538,
                              "Actual Rows": 6790,
                              "Actual Loops": 1,
                              "Index Cond": "(keyword_id = 495)"
                            }
                          ]
                        },
                        {
                          "Node Type": "Index Scan",
                          "Parent Relationship": "Inner",
                          "Parallel Aware": false,
                          "Scan Direction": "Forward",
                          "Index Name": "title_pkey",
                          "Relation Name": "title",
                          "Alias": "t",
                          "Startup Cost": 0.43,
                          "Total Cost": 7.04,
                          "Plan Rows": 1,
                          "Plan Width": 4,
                          "Actual Startup Time": 0.009,
                          "Actual Total Time": 0.009,
                          "Actual Rows": 0,
                          "Actual Loops": 6790,
                          "Index Cond": "(id = mk.movie_id)",
                          "Rows Removed by Index Recheck": 0,
                          "Filter": "(production_year > 2011)",
                          "Rows Removed by Filter": 1
                        }
                      ]
                    },
                    {
                      "Node Type": "Index Only Scan",
                      "Parent Relationship": "Inner",
                      "Parallel Aware": false,
                      "Scan Direction": "Forward",
                      "Index Name": "movie_id_movie_info",
                      "Relation Name": "movie_info",
                      "Alias": "mi",
                      "Startup Cost": 0.43,
                      "Total Cost": 4.93,
                      "Plan Rows": 42,
                      "Plan Width": 4,
                      "Actual Startup Time": 0.016,
                      "Actual Total Time": 0.044,
                      "Actual Rows": 12,
                      "Actual Loops": 317,
                      "Index Cond": "(movie_id = t.id)",
                      "Rows Removed by Index Recheck": 0,
                      "Heap Fetches": 3763
                    }
                  ]
                }
              ]
            }
          ]
        }
      ]
    },
    "Planning Time": 1.398,
    "Triggers": [],
    "Execution Time": 52.786
  }
]