[
  {
    "Plan": {
      "Node Type": "Aggregate",
      "Strategy": "Plain",
      "Partial Mode": "Finalize",
      "Parallel Aware": false,
      "Startup Cost": 46821.01,
      "Total Cost": 46821.02,
      "Plan Rows": 1,
      "Plan Width": 8,
      "Actual Startup Time": 178.812,
      "Actual Total Time": 186.486,
      "Actual Rows": 1,
      "Actual Loops": 1,
      "Plans": [
        {
          "Node Type": "Gather",
          "Parent Relationship": "Outer",
          "Parallel Aware": false,
          "Startup Cost": 46820.69,
          "Total Cost": 46821.0,
          "Plan Rows": 3,
          "Plan Width": 8,
          "Actual Startup Time": 178.735,
          "Actual Total Time": 186.477,
          "Actual Rows": 4,
          "Actual Loops": 1,
          "Workers Planned": 3,
          "Workers Launched": 3,
          "Single Copy": false,
          "Plans": [
            {
              "Node Type": "Aggregate",
              "Strategy": "Plain",
              "Partial Mode": "Partial",
              "Parent Relationship": "Outer",
              "Parallel Aware": false,
              "Startup Cost": 45820.69,
              "Total Cost": 45820.7,
              "Plan Rows": 1,
              "Plan Width": 8,
              "Actual Startup Time": 174.497,
              "Actual Total Time": 174.498,
              "Actual Rows": 1,
              "Actual Loops": 4,
              "Plans": [
                {
                  "Node Type": "Seq Scan",
                  "Parent Relationship": "Outer",
                  "Parallel Aware": true,
                  "Relation Name": "movie_keyword",
                  "Alias": "mk",
                  "Startup Cost": 0.0,
                  "Total Cost": 42695.65,
                  "Plan Rows": 1250015,
                  "Plan Width": 0,
                  "Actual Startup Time": 0.029,
                  "Actual Total Time": 125.47,
                  "Actual Rows": 967341,
                  "Actual Loops": 4,
                  "Filter": "(keyword_id < 28735)",
                  "Rows Removed by Filter": 163642
                }
              ]
            }
          ]
        }
      ]
    },
    "Planning Time": 0.105,
    "Triggers": [],
    "Execution Time": 186.531
  }
]