[
  {
    "Plan": {
      "Node Type": "Aggregate",
      "Strategy": "Plain",
      "Partial Mode": "Finalize",
      "Parallel Aware": false,
      "Startup Cost": 349519.14,
      "Total Cost": 349519.15,
      "Plan Rows": 1,
      "Plan Width": 8,
      "Actual Startup Time": 695.049,
      "Actual Total Time": 738.633,
      "Actual Rows": 1,
      "Actual Loops": 1,
      "Plans": [
        {
          "Node Type": "Gather",
          "Parent Relationship": "Outer",
          "Parallel Aware": false,
          "Startup Cost": 349518.52,
          "Total Cost": 349519.12,
          "Plan Rows": 6,
          "Plan Width": 8,
          "Actual Startup Time": 694.842,
          "Actual Total Time": 738.622,
          "Actual Rows": 7,
          "Actual Loops": 1,
          "Workers Planned": 6,
          "Workers Launched": 6,
          "Single Copy": false,
          "Plans": [
            {
              "Node Type": "Aggregate",
              "Strategy": "Plain",
              "Partial Mode": "Partial",
              "Parent Relationship": "Outer",
              "Parallel Aware": false,
              "Startup Cost": 348518.52,
              "Total Cost": 348518.53,
              "Plan Rows": 1,
              "Plan Width": 8,
              "Actual Startup Time": 686.363,
              "Actual Total Time": 686.365,
              "Actual Rows": 1,
              "Actual Loops": 7,
              "Plans": [
                {
                  "Node Type": "Seq Scan",
                  "Parent Relationship": "Outer",
                  "Parallel Aware": true,
                  "Relation Name": "cast_info",
                  "Alias": "ci",
                  "Startup Cost": 0.0,
                  "Total Cost": 343316.27,
                  "Plan Rows": 2080898,
                  "Plan Width": 0,
                  "Actual Startup Time": 229.986,
                  "Actual Total Time": 638.77,
                  "Actual Rows": 963583,
                  "Actual Loops": 7,
                  "Filter": "((person_id < 1942790) AND (role_id > 1))",
                  "Rows Removed by Filter": 4214181
                }
              ]
            }
          ]
        }
      ]
    },
    "Planning Time": 0.232,
    "Triggers": [],
    "Execution Time": 738.702
  }
]