[
  {
    "Plan": {
      "Node Type": "Aggregate",
      "Strategy": "Plain",
      "Partial Mode": "Finalize",
      "Parallel Aware": false,
      "Startup Cost": 349184.49,
      "Total Cost": 349184.5,
      "Plan Rows": 1,
      "Plan Width": 8,
      "Actual Startup Time": 855.389,
      "Actual Total Time": 922.648,
      "Actual Rows": 1,
      "Actual Loops": 1,
      "Plans": [
        {
          "Node Type": "Gather",
          "Parent Relationship": "Outer",
          "Parallel Aware": false,
          "Startup Cost": 349183.86,
          "Total Cost": 349184.47,
          "Plan Rows": 6,
          "Plan Width": 8,
          "Actual Startup Time": 855.21,
          "Actual Total Time": 922.635,
          "Actual Rows": 7,
          "Actual Loops": 1,
          "Workers Planned": 6,
          "Workers Launched": 6,
          "Single Copy": false,
          "Plans": [
            {
              "Node Type": "Aggregate",
              "Strategy": "Plain",
              "Partial Mode": "Partial",
              "Parent Relationship": "Outer",
              "Parallel Aware": false,
              "Startup Cost": 348183.86,
              "Total Cost": 348183.88,
              "Plan Rows": 1,
              "Plan Width": 8,
              "Actual Startup Time": 844.555,
              "Actual Total Time": 844.556,
              "Actual Rows": 1,
              "Actual Loops": 7,
              "Plans": [
                {
                  "Node Type": "Seq Scan",
                  "Parent Relationship": "Outer",
                  "Parallel Aware": true,
                  "Relation Name": "cast_info",
                  "Alias": "ci",
                  "Startup Cost": 0.0,
                  "Total Cost": 343316.27,
                  "Plan Rows": 1947038,
                  "Plan Width": 0,
                  "Actual Startup Time": 434.827,
                  "Actual Total Time": 793.12,
                  "Actual Rows": 911942,
                  "Actual Loops": 7,
                  "Filter": "((person_id < 2736166) AND (role_id > 2))",
                  "Rows Removed by Filter": 4265822
                }
              ]
            }
          ]
        }
      ]
    },
    "Planning Time": 0.196,
    "Triggers": [],
    "Execution Time": 922.716
  }
]