[
  {
    "Plan": {
      "Node Type": "Aggregate",
      "Strategy": "Plain",
      "Partial Mode": "Finalize",
      "Parallel Aware": false,
      "Startup Cost": 79469.0,
      "Total Cost": 79469.01,
      "Plan Rows": 1,
      "Plan Width": 8,
      "Actual Startup Time": 216.988,
      "Actual Total Time": 230.93,
      "Actual Rows": 1,
      "Actual Loops": 1,
      "Plans": [
        {
          "Node Type": "Gather",
          "Parent Relationship": "Outer",
          "Parallel Aware": false,
          "Startup Cost": 79468.58,
          "Total Cost": 79468.99,
          "Plan Rows": 4,
          "Plan Width": 8,
          "Actual Startup Time": 216.273,
          "Actual Total Time": 230.921,
          "Actual Rows": 5,
          "Actual Loops": 1,
          "Workers Planned": 4,
          "Workers Launched": 4,
          "Single Copy": false,
          "Plans": [
            {
              "Node Type": "Aggregate",
              "Strategy": "Plain",
              "Partial Mode": "Partial",
              "Parent Relationship": "Outer",
              "Parallel Aware": false,
              "Startup Cost": 78468.58,
              "Total Cost": 78468.59,
              "Plan Rows": 1,
              "Plan Width": 8,
              "Actual Startup Time": 206.923,
              "Actual Total Time": 206.926,
              "Actual Rows": 1,
              "Actual Loops": 5,
              "Plans": [
                {
                  "Node Type": "Hash Join",
                  "Parent Relationship": "Outer",
                  "Parallel Aware": true,
                  "Join Type": "Inner",
                  "Startup Cost": 32576.93,
                  "Total Cost": 78288.45,
                  "Plan Rows": 72051,
                  "Plan Width": 0,
                  "Actual Startup Time": 173.282,
                  "Actual Total Time": 206.863,
                  "Actual Rows": 627,
                  "Actual Loops": 5,
                  "Inner Unique": false,
                  "Hash Cond": "(t.id = mc.movie_id)",
                  "Plans": [
                    {
                      "Node Type": "Seq Scan",
                      "Parent Relationship": "Outer",
                      "Parallel Aware": true,
                      "Relation Name": "title",
                      "Alias": "t",
                      "Startup Cost": 0.0,
                      "Total Cost": 42318.73,
                      "Plan Rows": 632073,
                      "Plan Width": 4,
                      "Actual Startup Time": 0.013,
                      "Actual Total Time": 73.483,
                      "Actual Rows": 505662,
                      "Actual Loops": 5
                    },
                    {
                      "Node Type": "Hash",
                      "Parent Relationship": "Inner",
                      "Parallel Aware": true,
                      "Startup Cost": 31414.82,
                      "Total Cost": 31414.82,
                      "Plan Rows": 92969,
                      "Plan Width": 4,
                      "Actual Startup Time": 71.102,
                      "Actual Total Time": 71.103,
                      "Actual Rows": 627,
                      "Actual Loops": 5,
                      "Hash Buckets": 524288,
                      "Original Hash Buckets": 524288,
                      "Hash Batches": 1,
                      "Original Hash Batches": 1,
                      "Peak Memory Usage": 4288,
                      "Plans": [
                        {
                          "Node Type": "Seq Scan",
                          "Parent Relationship": "Outer",
                          "Parallel Aware": true,
                          "Relation Name": "movie_companies",
                          "Alias": "mc",
                          "Startup Cost": 0.0,
                          "Total Cost": 31414.82,
                          "Plan Rows": 92969,
                          "Plan Width": 4,
                          "Actual Startup Time": 40.733,
                          "Actual Total Time": 69.753,
                          "Actual Rows": 627,
                          "Actual Loops": 5,
                          "Filter": "((company_id > 68007) AND (company_type_id < 2))",
                          "Rows Removed by Filter": 521199
                        }
                      ]
                    }
                  ]
                }
              ]
            }
          ]
        }
      ]
    },
    "Planning Time": 0.635,
    "Triggers": [],
    "Execution Time": 230.999
  }
]