{
  "Plan": {
    "Node Type": "Aggregate",
    "Strategy": "Plain",
    "Partial Mode": "Finalize",
    "Parallel Aware": false,
    "Startup Cost": 697136.55,
    "Total Cost": 697136.56,
    "Plan Rows": 1,
    "Plan Width": 8,
    "Actual Startup Time": 7505.679,
    "Actual Total Time": 7585.979,
    "Actual Rows": 1,
    "Actual Loops": 1,
    "Plans": [
      {
        "Node Type": "Gather",
        "Parent Relationship": "Outer",
        "Parallel Aware": false,
        "Startup Cost": 697136.44,
        "Total Cost": 697136.55,
        "Plan Rows": 1,
        "Plan Width": 8,
        "Actual Startup Time": 7488.574,
        "Actual Total Time": 7585.969,
        "Actual Rows": 2,
        "Actual Loops": 1,
        "Workers Planned": 1,
        "Workers Launched": 1,
        "Single Copy": false,
        "Plans": [
          {
            "Node Type": "Aggregate",
            "Strategy": "Plain",
            "Partial Mode": "Partial",
            "Parent Relationship": "Outer",
            "Parallel Aware": false,
            "Startup Cost": 696136.44,
            "Total Cost": 696136.45,
            "Plan Rows": 1,
            "Plan Width": 8,
            "Actual Startup Time": 7463.947,
            "Actual Total Time": 7466.074,
            "Actual Rows": 1,
            "Actual Loops": 2,
            "Plans": [
              {
                "Node Type": "Hash Join",
                "Parent Relationship": "Outer",
                "Parallel Aware": true,
                "Join Type": "Inner",
                "Startup Cost": 564269.08,
                "Total Cost": 678939.94,
                "Plan Rows": 6878598,
                "Plan Width": 0,
                "Actual Startup Time": 5176.067,
                "Actual Total Time": 6816.345,
                "Actual Rows": 16561188,
                "Actual Loops": 2,
                "Inner Unique": false,
                "Hash Cond": "(mk.movie_id = t.id)",
                "Plans": [
                  {
                    "Node Type": "Seq Scan",
                    "Parent Relationship": "Outer",
                    "Parallel Aware": true,
                    "Relation Name": "movie_keyword",
                    "Alias": "mk",
                    "Startup Cost": 0.0,
                    "Total Cost": 57718.19,
                    "Plan Rows": 1649032,
                    "Plan Width": 4,
                    "Actual Startup Time": 0.236,
                    "Actual Total Time": 188.515,
                    "Actual Rows": 1397006,
                    "Actual Loops": 2,
                    "Filter": "(keyword_id > 2814)",
                    "Rows Removed by Filter": 864960
                  },
                  {
                    "Node Type": "Hash",
                    "Parent Relationship": "Inner",
                    "Parallel Aware": true,
                    "Startup Cost": 486723.08,
                    "Total Cost": 486723.08,
                    "Plan Rows": 6203680,
                    "Plan Width": 8,
                    "Actual Startup Time": 5121.453,
                    "Actual Total Time": 5123.577,
                    "Actual Rows": 4258853,
                    "Actual Loops": 2,
                    "Hash Buckets": 16777216,
                    "Original Hash Buckets": 16777216,
                    "Hash Batches": 1,
                    "Original Hash Batches": 1,
                    "Peak Memory Usage": 464320,
                    "Plans": [
                      {
                        "Node Type": "Hash Join",
                        "Parent Relationship": "Outer",
                        "Parallel Aware": true,
                        "Join Type": "Inner",
                        "Startup Cost": 69461.26,
                        "Total Cost": 486723.08,
                        "Plan Rows": 6203680,
                        "Plan Width": 8,
                        "Actual Startup Time": 763.404,
                        "Actual Total Time": 3652.05,
                        "Actual Rows": 4258853,
                        "Actual Loops": 2,
                        "Inner Unique": true,
                        "Hash Cond": "(ci.movie_id = t.id)",
                        "Plans": [
                          {
                            "Node Type": "Index Scan",
                            "Parent Relationship": "Outer",
                            "Parallel Aware": true,
                            "Scan Direction": "Forward",
                            "Index Name": "role_id_cast_info",
                            "Relation Name": "cast_info",
                            "Alias": "ci",
                            "Startup Cost": 0.56,
                            "Total Cost": 400977.7,
                            "Plan Rows": 6203680,
                            "Plan Width": 4,
                            "Actual Startup Time": 240.234,
                            "Actual Total Time": 980.572,
                            "Actual Rows": 4258853,
                            "Actual Loops": 2,
                            "Index Cond": "(role_id = 1)",
                            "Rows Removed by Index Recheck": 0,
                            "Filter": "(person_id > 556853)",
                            "Rows Removed by Filter": 2076491
                          },
                          {
                            "Node Type": "Hash",
                            "Parent Relationship": "Inner",
                            "Parallel Aware": true,
                            "Startup Cost": 50870.31,
                            "Total Cost": 50870.31,
                            "Plan Rows": 1487231,
                            "Plan Width": 4,
                            "Actual Startup Time": 511.773,
                            "Actual Total Time": 511.775,
                            "Actual Rows": 1264156,
                            "Actual Loops": 2,
                            "Hash Buckets": 4194304,
                            "Original Hash Buckets": 4194304,
                            "Hash Batches": 1,
                            "Original Hash Batches": 1,
                            "Peak Memory Usage": 131712,
                            "Plans": [
                              {
                                "Node Type": "Seq Scan",
                                "Parent Relationship": "Outer",
                                "Parallel Aware": true,
                                "Relation Name": "title",
                                "Alias": "t",
                                "Startup Cost": 0.0,
                                "Total Cost": 50870.31,
                                "Plan Rows": 1487231,
                                "Plan Width": 4,
                                "Actual Startup Time": 0.039,
                                "Actual Total Time": 143.356,
                                "Actual Rows": 1264156,
                                "Actual Loops": 2
                              }
                            ]
                          }
                        ]
                      }
                    ]
                  }
                ]
              }
            ]
          }
        ]
      }
    ]
  },
  "Planning Time": 0.902,
  "Triggers": [],
  "Execution Time": 7586.075
}