{
  "Plan": {
    "Node Type": "Aggregate",
    "Strategy": "Plain",
    "Partial Mode": "Finalize",
    "Parallel Aware": false,
    "Startup Cost": 176627.05,
    "Total Cost": 176627.06,
    "Plan Rows": 1,
    "Plan Width": 8,
    "Actual Startup Time": 449.772,
    "Actual Total Time": 486.407,
    "Actual Rows": 1,
    "Actual Loops": 1,
    "Plans": [
      {
        "Node Type": "Gather",
        "Parent Relationship": "Outer",
        "Parallel Aware": false,
        "Startup Cost": 176626.94,
        "Total Cost": 176627.05,
        "Plan Rows": 1,
        "Plan Width": 8,
        "Actual Startup Time": 448.254,
        "Actual Total Time": 486.397,
        "Actual Rows": 2,
        "Actual Loops": 1,
        "Workers Planned": 1,
        "Workers Launched": 1,
        "Single Copy": false,
        "Plans": [
          {
            "Node Type": "Aggregate",
            "Strategy": "Plain",
            "Partial Mode": "Partial",
            "Parent Relationship": "Outer",
            "Parallel Aware": false,
            "Startup Cost": 175626.94,
            "Total Cost": 175626.95,
            "Plan Rows": 1,
            "Plan Width": 8,
            "Actual Startup Time": 441.338,
            "Actual Total Time": 441.343,
            "Actual Rows": 1,
            "Actual Loops": 2,
            "Plans": [
              {
                "Node Type": "Nested Loop",
                "Parent Relationship": "Outer",
                "Parallel Aware": false,
                "Join Type": "Inner",
                "Startup Cost": 63080.69,
                "Total Cost": 175311.33,
                "Plan Rows": 126246,
                "Plan Width": 0,
                "Actual Startup Time": 243.03,
                "Actual Total Time": 435.266,
                "Actual Rows": 105100,
                "Actual Loops": 2,
                "Inner Unique": false,
                "Plans": [
                  {
                    "Node Type": "Hash Join",
                    "Parent Relationship": "Outer",
                    "Parallel Aware": true,
                    "Join Type": "Inner",
                    "Startup Cost": 63080.26,
                    "Total Cost": 84175.16,
                    "Plan Rows": 23573,
                    "Plan Width": 8,
                    "Actual Startup Time": 242.946,
                    "Actual Total Time": 314.523,
                    "Actual Rows": 8892,
                    "Actual Loops": 2,
                    "Inner Unique": true,
                    "Hash Cond": "(mc.movie_id = t.id)",
                    "Plans": [
                      {
                        "Node Type": "Bitmap Heap Scan",
                        "Parent Relationship": "Outer",
                        "Parallel Aware": true,
                        "Relation Name": "movie_companies",
                        "Alias": "mc",
                        "Startup Cost": 5616.17,
                        "Total Cost": 26311.04,
                        "Plan Rows": 152390,
                        "Plan Width": 4,
                        "Actual Startup Time": 13.645,
                        "Actual Total Time": 48.713,
                        "Actual Rows": 128800,
                        "Actual Loops": 2,
                        "Recheck Cond": "(company_id < 128)",
                        "Rows Removed by Index Recheck": 0,
                        "Exact Heap Blocks": 12747,
                        "Lossy Heap Blocks": 0,
                        "Plans": [
                          {
                            "Node Type": "Bitmap Index Scan",
                            "Parent Relationship": "Outer",
                            "Parallel Aware": false,
                            "Index Name": "company_id_movie_companies",
                            "Startup Cost": 0.0,
                            "Total Cost": 5551.4,
                            "Plan Rows": 259063,
                            "Plan Width": 0,
                            "Actual Startup Time": 11.029,
                            "Actual Total Time": 11.03,
                            "Actual Rows": 257599,
                            "Actual Loops": 1,
                            "Index Cond": "(company_id < 128)"
                          }
                        ]
                      },
                      {
                        "Node Type": "Hash",
                        "Parent Relationship": "Inner",
                        "Parallel Aware": true,
                        "Startup Cost": 54588.39,
                        "Total Cost": 54588.39,
                        "Plan Rows": 230056,
                        "Plan Width": 4,
                        "Actual Startup Time": 223.793,
                        "Actual Total Time": 223.794,
                        "Actual Rows": 195833,
                        "Actual Loops": 2,
                        "Hash Buckets": 524288,
                        "Original Hash Buckets": 524288,
                        "Hash Batches": 1,
                        "Original Hash Batches": 1,
                        "Peak Memory Usage": 19456,
                        "Plans": [
                          {
                            "Node Type": "Seq Scan",
                            "Parent Relationship": "Outer",
                            "Parallel Aware": true,
                            "Relation Name": "title",
                            "Alias": "t",
                            "Startup Cost": 0.0,
                            "Total Cost": 54588.39,
                            "Plan Rows": 230056,
                            "Plan Width": 4,
                            "Actual Startup Time": 0.026,
                            "Actual Total Time": 163.83,
                            "Actual Rows": 195833,
                            "Actual Loops": 2,
                            "Filter": "(production_year > 2010)",
                            "Rows Removed by Filter": 1068323
                          }
                        ]
                      }
                    ]
                  },
                  {
                    "Node Type": "Index Scan",
                    "Parent Relationship": "Inner",
                    "Parallel Aware": false,
                    "Scan Direction": "Forward",
                    "Index Name": "movie_id_movie_info",
                    "Relation Name": "movie_info",
                    "Alias": "mi",
                    "Startup Cost": 0.43,
                    "Total Cost": 3.49,
                    "Plan Rows": 38,
                    "Plan Width": 4,
                    "Actual Startup Time": 0.004,
                    "Actual Total Time": 0.012,
                    "Actual Rows": 12,
                    "Actual Loops": 17784,
                    "Index Cond": "(movie_id = t.id)",
                    "Rows Removed by Index Recheck": 0,
                    "Filter": "(info_type_id < 35)",
                    "Rows Removed by Filter": 2
                  }
                ]
              }
            ]
          }
        ]
      }
    ]
  },
  "Planning Time": 1.072,
  "Triggers": [],
  "Execution Time": 486.522
}