{
  "Plan": {
    "Node Type": "Aggregate",
    "Strategy": "Plain",
    "Partial Mode": "Finalize",
    "Parallel Aware": false,
    "Startup Cost": 2750172.52,
    "Total Cost": 2750172.53,
    "Plan Rows": 1,
    "Plan Width": 8,
    "Actual Startup Time": 24809.622,
    "Actual Total Time": 24906.871,
    "Actual Rows": 1,
    "Actual Loops": 1,
    "Plans": [
      {
        "Node Type": "Gather",
        "Parent Relationship": "Outer",
        "Parallel Aware": false,
        "Startup Cost": 2750172.4,
        "Total Cost": 2750172.51,
        "Plan Rows": 1,
        "Plan Width": 8,
        "Actual Startup Time": 24804.17,
        "Actual Total Time": 24906.863,
        "Actual Rows": 2,
        "Actual Loops": 1,
        "Workers Planned": 1,
        "Workers Launched": 1,
        "Single Copy": false,
        "Plans": [
          {
            "Node Type": "Aggregate",
            "Strategy": "Plain",
            "Partial Mode": "Partial",
            "Parent Relationship": "Outer",
            "Parallel Aware": false,
            "Startup Cost": 2749172.4,
            "Total Cost": 2749172.41,
            "Plan Rows": 1,
            "Plan Width": 8,
            "Actual Startup Time": 24797.776,
            "Actual Total Time": 24797.779,
            "Actual Rows": 1,
            "Actual Loops": 2,
            "Plans": [
              {
                "Node Type": "Merge Join",
                "Parent Relationship": "Outer",
                "Parallel Aware": false,
                "Join Type": "Inner",
                "Startup Cost": 326006.86,
                "Total Cost": 2731995.41,
                "Plan Rows": 6870799,
                "Plan Width": 0,
                "Actual Startup Time": 512.033,
                "Actual Total Time": 23691.928,
                "Actual Rows": 25267822,
                "Actual Loops": 2,
                "Inner Unique": false,
                "Merge Cond": "(t.id = mi.movie_id)",
                "Plans": [
                  {
                    "Node Type": "Merge Join",
                    "Parent Relationship": "Outer",
                    "Parallel Aware": false,
                    "Join Type": "Inner",
                    "Startup Cost": 43.65,
                    "Total Cost": 2269823.84,
                    "Plan Rows": 13971936,
                    "Plan Width": 8,
                    "Actual Startup Time": 0.379,
                    "Actual Total Time": 19234.653,
                    "Actual Rows": 11786828,
                    "Actual Loops": 2,
                    "Inner Unique": true,
                    "Merge Cond": "(ci.movie_id = t.id)",
                    "Plans": [
                      {
                        "Node Type": "Index Scan",
                        "Parent Relationship": "Outer",
                        "Parallel Aware": true,
                        "Scan Direction": "Forward",
                        "Index Name": "movie_id_cast_info",
                        "Relation Name": "cast_info",
                        "Alias": "ci",
                        "Startup Cost": 0.56,
                        "Total Cost": 1978621.64,
                        "Plan Rows": 13971936,
                        "Plan Width": 4,
                        "Actual Startup Time": 0.141,
                        "Actual Total Time": 16042.03,
                        "Actual Rows": 11786828,
                        "Actual Loops": 2,
                        "Filter": "(role_id > 1)",
                        "Rows Removed by Filter": 6335344
                      },
                      {
                        "Node Type": "Index Only Scan",
                        "Parent Relationship": "Inner",
                        "Parallel Aware": false,
                        "Scan Direction": "Forward",
                        "Index Name": "title_pkey",
                        "Relation Name": "title",
                        "Alias": "t",
                        "Startup Cost": 0.43,
                        "Total Cost": 110339.97,
                        "Plan Rows": 2528293,
                        "Plan Width": 4,
                        "Actual Startup Time": 0.136,
                        "Actual Total Time": 1866.782,
                        "Actual Rows": 2525963,
                        "Actual Loops": 2,
                        "Heap Fetches": 5051926
                      }
                    ]
                  },
                  {
                    "Node Type": "Sort",
                    "Parent Relationship": "Inner",
                    "Parallel Aware": false,
                    "Startup Cost": 325916.69,
                    "Total Cost": 329024.96,
                    "Plan Rows": 1243306,
                    "Plan Width": 4,
                    "Actual Startup Time": 511.114,
                    "Actual Total Time": 1523.589,
                    "Actual Rows": 25874514,
                    "Actual Loops": 2,
                    "Sort Key": [
                      "mi.movie_id"
                    ],
                    "Sort Method": "quicksort",
                    "Sort Space Used": 105623,
                    "Sort Space Type": "Memory",
                    "Workers": [
                      {
                        "Worker Number": 0,
                        "Sort Method": "quicksort",
                        "Sort Space Used": 105623,
                        "Sort Space Type": "Memory"
                      }
                    ],
                    "Plans": [
                      {
                        "Node Type": "Bitmap Heap Scan",
                        "Parent Relationship": "Outer",
                        "Parallel Aware": false,
                        "Relation Name": "movie_info",
                        "Alias": "mi",
                        "Startup Cost": 22524.06,
                        "Total Cost": 200058.38,
                        "Plan Rows": 1243306,
                        "Plan Width": 4,
                        "Actual Startup Time": 65.537,
                        "Actual Total Time": 247.6,
                        "Actual Rows": 1204709,
                        "Actual Loops": 2,
                        "Recheck Cond": "(info_type_id > 18)",
                        "Rows Removed by Index Recheck": 0,
                        "Exact Heap Blocks": 34072,
                        "Lossy Heap Blocks": 0,
                        "Plans": [
                          {
                            "Node Type": "Bitmap Index Scan",
                            "Parent Relationship": "Outer",
                            "Parallel Aware": false,
                            "Index Name": "info_type_id_movie_info",
                            "Startup Cost": 0.0,
                            "Total Cost": 22213.23,
                            "Plan Rows": 1243306,
                            "Plan Width": 0,
                            "Actual Startup Time": 60.859,
                            "Actual Total Time": 60.859,
                            "Actual Rows": 1204709,
                            "Actual Loops": 2,
                            "Index Cond": "(info_type_id > 18)"
                          }
                        ]
                      }
                    ]
                  }
                ]
              }
            ]
          }
        ]
      }
    ]
  },
  "Planning Time": 1.063,
  "Triggers": [],
  "Execution Time": 24924.795
}