[
  {
    "Plan": {
      "Node Type": "Aggregate",
      "Strategy": "Plain",
      "Partial Mode": "Finalize",
      "Parallel Aware": false,
      "Startup Cost": 81314.44,
      "Total Cost": 81314.45,
      "Plan Rows": 1,
      "Plan Width": 8,
      "Actual Startup Time": 489.016,
      "Actual Total Time": 503.561,
      "Actual Rows": 1,
      "Actual Loops": 1,
      "Plans": [
        {
          "Node Type": "Gather",
          "Parent Relationship": "Outer",
          "Parallel Aware": false,
          "Startup Cost": 81314.12,
          "Total Cost": 81314.43,
          "Plan Rows": 3,
          "Plan Width": 8,
          "Actual Startup Time": 478.105,
          "Actual Total Time": 503.552,
          "Actual Rows": 4,
          "Actual Loops": 1,
          "Workers Planned": 3,
          "Workers Launched": 3,
          "Single Copy": false,
          "Plans": [
            {
              "Node Type": "Aggregate",
              "Strategy": "Plain",
              "Partial Mode": "Partial",
              "Parent Relationship": "Outer",
              "Parallel Aware": false,
              "Startup Cost": 80314.12,
              "Total Cost": 80314.13,
              "Plan Rows": 1,
              "Plan Width": 8,
              "Actual Startup Time": 469.492,
              "Actual Total Time": 469.496,
              "Actual Rows": 1,
              "Actual Loops": 4,
              "Plans": [
                {
                  "Node Type": "Hash Join",
                  "Parent Relationship": "Outer",
                  "Parallel Aware": true,
                  "Join Type": "Inner",
                  "Startup Cost": 49758.7,
                  "Total Cost": 79174.59,
                  "Plan Rows": 455814,
                  "Plan Width": 0,
                  "Actual Startup Time": 247.975,
                  "Actual Total Time": 462.783,
                  "Actual Rows": 165384,
                  "Actual Loops": 4,
                  "Inner Unique": true,
                  "Hash Cond": "(mc.movie_id = t.id)",
                  "Plans": [
                    {
                      "Node Type": "Seq Scan",
                      "Parent Relationship": "Outer",
                      "Parallel Aware": true,
                      "Relation Name": "movie_companies",
                      "Alias": "mc",
                      "Startup Cost": 0.0,
                      "Total Cost": 27206.55,
                      "Plan Rows": 841655,
                      "Plan Width": 4,
                      "Actual Startup Time": 0.01,
                      "Actual Total Time": 56.175,
                      "Actual Rows": 652282,
                      "Actual Loops": 4
                    },
                    {
                      "Node Type": "Hash",
                      "Parent Relationship": "Inner",
                      "Parallel Aware": true,
                      "Startup Cost": 45479.59,
                      "Total Cost": 45479.59,
                      "Plan Rows": 342329,
                      "Plan Width": 4,
                      "Actual Startup Time": 242.075,
                      "Actual Total Time": 242.076,
                      "Actual Rows": 361197,
                      "Actual Loops": 4,
                      "Hash Buckets": 2097152,
                      "Original Hash Buckets": 2097152,
                      "Hash Batches": 1,
                      "Original Hash Batches": 1,
                      "Peak Memory Usage": 72960,
                      "Plans": [
                        {
                          "Node Type": "Seq Scan",
                          "Parent Relationship": "Outer",
                          "Parallel Aware": true,
                          "Relation Name": "title",
                          "Alias": "t",
                          "Startup Cost": 0.0,
                          "Total Cost": 45479.59,
                          "Plan Rows": 342329,
                          "Plan Width": 4,
                          "Actual Startup Time": 0.035,
                          "Actual Total Time": 109.837,
                          "Actual Rows": 361197,
                          "Actual Loops": 4,
                          "Filter": "((production_year > 1957) AND (kind_id = 7))",
                          "Rows Removed by Filter": 270881
                        }
                      ]
                    }
                  ]
                }
              ]
            }
          ]
        }
      ]
    },
    "Planning Time": 0.33,
    "Triggers": [],
    "Execution Time": 503.606
  }
]