[
  {
    "Plan": {
      "Node Type": "Aggregate",
      "Strategy": "Plain",
      "Partial Mode": "Finalize",
      "Parallel Aware": false,
      "Startup Cost": 44359.25,
      "Total Cost": 44359.26,
      "Plan Rows": 1,
      "Plan Width": 8,
      "Actual Startup Time": 114.84,
      "Actual Total Time": 124.148,
      "Actual Rows": 1,
      "Actual Loops": 1,
      "Plans": [
        {
          "Node Type": "Gather",
          "Parent Relationship": "Outer",
          "Parallel Aware": false,
          "Startup Cost": 44358.93,
          "Total Cost": 44359.24,
          "Plan Rows": 3,
          "Plan Width": 8,
          "Actual Startup Time": 114.729,
          "Actual Total Time": 124.14,
          "Actual Rows": 4,
          "Actual Loops": 1,
          "Workers Planned": 3,
          "Workers Launched": 3,
          "Single Copy": false,
          "Plans": [
            {
              "Node Type": "Aggregate",
              "Strategy": "Plain",
              "Partial Mode": "Partial",
              "Parent Relationship": "Outer",
              "Parallel Aware": false,
              "Startup Cost": 43358.93,
              "Total Cost": 43358.94,
              "Plan Rows": 1,
              "Plan Width": 8,
              "Actual Startup Time": 110.423,
              "Actual Total Time": 110.425,
              "Actual Rows": 1,
              "Actual Loops": 4,
              "Plans": [
                {
                  "Node Type": "Seq Scan",
                  "Parent Relationship": "Outer",
                  "Parallel Aware": true,
                  "Relation Name": "movie_keyword",
                  "Alias": "mk",
                  "Startup Cost": 0.0,
                  "Total Cost": 42695.65,
                  "Plan Rows": 265312,
                  "Plan Width": 0,
                  "Actual Startup Time": 3.495,
                  "Actual Total Time": 100.151,
                  "Actual Rows": 205238,
                  "Actual Loops": 4,
                  "Filter": "(keyword_id > 22339)",
                  "Rows Removed by Filter": 925744
                }
              ]
            }
          ]
        }
      ]
    },
    "Planning Time": 0.144,
    "Triggers": [],
    "Execution Time": 124.196
  }
]