[
    {
        "Bao": {
            "Bao prediction": "NaN",
            "Bao recommended hint": "(no hint)"
        }
    },
    {
        "Plan": {
            "Node Type": "Aggregate",
            "Strategy": "Plain",
            "Partial Mode": "Finalize",
            "Parallel Aware": false,
            "Startup Cost": 251954.24,
            "Total Cost": 251954.25,
            "Plan Rows": 1,
            "Plan Width": 8,
            "Actual Startup Time": 834.572,
            "Actual Total Time": 860.483,
            "Actual Rows": 1,
            "Actual Loops": 1,
            "Output": [
                "count(*)"
            ],
            "Plans": [
                {
                    "Node Type": "Gather",
                    "Parent Relationship": "Outer",
                    "Parallel Aware": false,
                    "Startup Cost": 251953.72,
                    "Total Cost": 251954.23,
                    "Plan Rows": 5,
                    "Plan Width": 8,
                    "Actual Startup Time": 830.871,
                    "Actual Total Time": 860.473,
                    "Actual Rows": 6,
                    "Actual Loops": 1,
                    "Output": [
                        "(PARTIAL count(*))"
                    ],
                    "Workers Planned": 5,
                    "Workers Launched": 5,
                    "Single Copy": false,
                    "Plans": [
                        {
                            "Node Type": "Aggregate",
                            "Strategy": "Plain",
                            "Partial Mode": "Partial",
                            "Parent Relationship": "Outer",
                            "Parallel Aware": false,
                            "Startup Cost": 250953.72,
                            "Total Cost": 250953.73,
                            "Plan Rows": 1,
                            "Plan Width": 8,
                            "Actual Startup Time": 821.586,
                            "Actual Total Time": 821.59,
                            "Actual Rows": 1,
                            "Actual Loops": 6,
                            "Output": [
                                "PARTIAL count(*)"
                            ],
                            "Workers": [
                                {
                                    "Worker Number": 0,
                                    "Actual Startup Time": 819.591,
                                    "Actual Total Time": 819.594,
                                    "Actual Rows": 1,
                                    "Actual Loops": 1
                                },
                                {
                                    "Worker Number": 1,
                                    "Actual Startup Time": 819.417,
                                    "Actual Total Time": 819.42,
                                    "Actual Rows": 1,
                                    "Actual Loops": 1
                                },
                                {
                                    "Worker Number": 2,
                                    "Actual Startup Time": 819.908,
                                    "Actual Total Time": 819.91,
                                    "Actual Rows": 1,
                                    "Actual Loops": 1
                                },
                                {
                                    "Worker Number": 3,
                                    "Actual Startup Time": 819.85,
                                    "Actual Total Time": 819.854,
                                    "Actual Rows": 1,
                                    "Actual Loops": 1
                                },
                                {
                                    "Worker Number": 4,
                                    "Actual Startup Time": 820.237,
                                    "Actual Total Time": 820.241,
                                    "Actual Rows": 1,
                                    "Actual Loops": 1
                                }
                            ],
                            "Plans": [
                                {
                                    "Node Type": "Hash Join",
                                    "Parent Relationship": "Outer",
                                    "Parallel Aware": true,
                                    "Join Type": "Inner",
                                    "Startup Cost": 46326.76,
                                    "Total Cost": 250421.09,
                                    "Plan Rows": 213053,
                                    "Plan Width": 0,
                                    "Actual Startup Time": 143.438,
                                    "Actual Total Time": 790.302,
                                    "Actual Rows": 535948,
                                    "Actual Loops": 6,
                                    "Inner Unique": true,
                                    "Hash Cond": "(mi.movie_id = t.id)",
                                    "Workers": [
                                        {
                                            "Worker Number": 0,
                                            "Actual Startup Time": 141.14,
                                            "Actual Total Time": 788.012,
                                            "Actual Rows": 435313,
                                            "Actual Loops": 1
                                        },
                                        {
                                            "Worker Number": 1,
                                            "Actual Startup Time": 141.328,
                                            "Actual Total Time": 787.795,
                                            "Actual Rows": 435045,
                                            "Actual Loops": 1
                                        },
                                        {
                                            "Worker Number": 2,
                                            "Actual Startup Time": 141.811,
                                            "Actual Total Time": 789.585,
                                            "Actual Rows": 677418,
                                            "Actual Loops": 1
                                        },
                                        {
                                            "Worker Number": 3,
                                            "Actual Startup Time": 141.768,
                                            "Actual Total Time": 788.035,
                                            "Actual Rows": 437885,
                                            "Actual Loops": 1
                                        },
                                        {
                                            "Worker Number": 4,
                                            "Actual Startup Time": 142.148,
                                            "Actual Total Time": 788.412,
                                            "Actual Rows": 437234,
                                            "Actual Loops": 1
                                        }
                                    ],
                                    "Plans": [
                                        {
                                            "Node Type": "Seq Scan",
                                            "Parent Relationship": "Outer",
                                            "Parallel Aware": true,
                                            "Relation Name": "movie_info",
                                            "Schema": "public",
                                            "Alias": "mi",
                                            "Startup Cost": 0.0,
                                            "Total Cost": 198880.74,
                                            "Plan Rows": 1986127,
                                            "Plan Width": 4,
                                            "Actual Startup Time": 17.416,
                                            "Actual Total Time": 377.343,
                                            "Actual Rows": 1651959,
                                            "Actual Loops": 6,
                                            "Output": [
                                                "mi.id",
                                                "mi.movie_id",
                                                "mi.info_type_id",
                                                "mi.info",
                                                "mi.note"
                                            ],
                                            "Filter": "(mi.info_type_id > 4)",
                                            "Rows Removed by Filter": 820661,
                                            "Workers": [
                                                {
                                                    "Worker Number": 0,
                                                    "Actual Startup Time": 17.418,
                                                    "Actual Total Time": 389.289,
                                                    "Actual Rows": 1331078,
                                                    "Actual Loops": 1
                                                },
                                                {
                                                    "Worker Number": 1,
                                                    "Actual Startup Time": 17.418,
                                                    "Actual Total Time": 390.689,
                                                    "Actual Rows": 1342026,
                                                    "Actual Loops": 1
                                                },
                                                {
                                                    "Worker Number": 2,
                                                    "Actual Startup Time": 17.428,
                                                    "Actual Total Time": 367.816,
                                                    "Actual Rows": 2073488,
                                                    "Actual Loops": 1
                                                },
                                                {
                                                    "Worker Number": 3,
                                                    "Actual Startup Time": 17.413,
                                                    "Actual Total Time": 384.773,
                                                    "Actual Rows": 1348960,
                                                    "Actual Loops": 1
                                                },
                                                {
                                                    "Worker Number": 4,
                                                    "Actual Startup Time": 17.43,
                                                    "Actual Total Time": 384.088,
                                                    "Actual Rows": 1341764,
                                                    "Actual Loops": 1
                                                }
                                            ]
                                        },
                                        {
                                            "Node Type": "Hash",
                                            "Parent Relationship": "Inner",
                                            "Parallel Aware": true,
                                            "Startup Cost": 45479.21,
                                            "Total Cost": 45479.21,
                                            "Plan Rows": 67804,
                                            "Plan Width": 4,
                                            "Actual Startup Time": 109.232,
                                            "Actual Total Time": 109.233,
                                            "Actual Rows": 62366,
                                            "Actual Loops": 6,
                                            "Output": [
                                                "t.id"
                                            ],
                                            "Hash Buckets": 524288,
                                            "Original Hash Buckets": 524288,
                                            "Hash Batches": 1,
                                            "Original Hash Batches": 1,
                                            "Peak Memory Usage": 18816,
                                            "Workers": [
                                                {
                                                    "Worker Number": 0,
                                                    "Actual Startup Time": 107.861,
                                                    "Actual Total Time": 107.862,
                                                    "Actual Rows": 50373,
                                                    "Actual Loops": 1
                                                },
                                                {
                                                    "Worker Number": 1,
                                                    "Actual Startup Time": 108.051,
                                                    "Actual Total Time": 108.052,
                                                    "Actual Rows": 50842,
                                                    "Actual Loops": 1
                                                },
                                                {
                                                    "Worker Number": 2,
                                                    "Actual Startup Time": 108.659,
                                                    "Actual Total Time": 108.66,
                                                    "Actual Rows": 76788,
                                                    "Actual Loops": 1
                                                },
                                                {
                                                    "Worker Number": 3,
                                                    "Actual Startup Time": 108.51,
                                                    "Actual Total Time": 108.511,
                                                    "Actual Rows": 51783,
                                                    "Actual Loops": 1
                                                },
                                                {
                                                    "Worker Number": 4,
                                                    "Actual Startup Time": 108.885,
                                                    "Actual Total Time": 108.886,
                                                    "Actual Rows": 51454,
                                                    "Actual Loops": 1
                                                }
                                            ],
                                            "Plans": [
                                                {
                                                    "Node Type": "Seq Scan",
                                                    "Parent Relationship": "Outer",
                                                    "Parallel Aware": true,
                                                    "Relation Name": "title",
                                                    "Schema": "public",
                                                    "Alias": "t",
                                                    "Startup Cost": 0.0,
                                                    "Total Cost": 45479.21,
                                                    "Plan Rows": 67804,
                                                    "Plan Width": 4,
                                                    "Actual Startup Time": 49.314,
                                                    "Actual Total Time": 84.935,
                                                    "Actual Rows": 62366,
                                                    "Actual Loops": 6,
                                                    "Output": [
                                                        "t.id"
                                                    ],
                                                    "Filter": "((t.production_year < 2000) AND (t.kind_id = 1))",
                                                    "Rows Removed by Filter": 359019,
                                                    "Workers": [
                                                        {
                                                            "Worker Number": 0,
                                                            "Actual Startup Time": 47.878,
                                                            "Actual Total Time": 84.553,
                                                            "Actual Rows": 50373,
                                                            "Actual Loops": 1
                                                        },
                                                        {
                                                            "Worker Number": 1,
                                                            "Actual Startup Time": 48.048,
                                                            "Actual Total Time": 85.154,
                                                            "Actual Rows": 50842,
                                                            "Actual Loops": 1
                                                        },
                                                        {
                                                            "Worker Number": 2,
                                                            "Actual Startup Time": 48.858,
                                                            "Actual Total Time": 83.134,
                                                            "Actual Rows": 76788,
                                                            "Actual Loops": 1
                                                        },
                                                        {
                                                            "Worker Number": 3,
                                                            "Actual Startup Time": 48.581,
                                                            "Actual Total Time": 85.346,
                                                            "Actual Rows": 51783,
                                                            "Actual Loops": 1
                                                        },
                                                        {
                                                            "Worker Number": 4,
                                                            "Actual Startup Time": 49.056,
                                                            "Actual Total Time": 85.732,
                                                            "Actual Rows": 51454,
                                                            "Actual Loops": 1
                                                        }
                                                    ]
                                                }
                                            ]
                                        }
                                    ]
                                }
                            ]
                        }
                    ]
                }
            ]
        },
        "Planning Time": 191.751,
        "Triggers": [],
        "Execution Time": 860.541
    }
]