[
  {
    "Plan": {
      "Node Type": "Aggregate",
      "Strategy": "Plain",
      "Partial Mode": "Finalize",
      "Parallel Aware": false,
      "Startup Cost": 167712.75,
      "Total Cost": 167712.76,
      "Plan Rows": 1,
      "Plan Width": 8,
      "Actual Startup Time": 827.983,
      "Actual Total Time": 881.195,
      "Actual Rows": 1,
      "Actual Loops": 1,
      "Plans": [
        {
          "Node Type": "Gather",
          "Parent Relationship": "Outer",
          "Parallel Aware": false,
          "Startup Cost": 167712.43,
          "Total Cost": 167712.74,
          "Plan Rows": 3,
          "Plan Width": 8,
          "Actual Startup Time": 825.269,
          "Actual Total Time": 881.169,
          "Actual Rows": 4,
          "Actual Loops": 1,
          "Workers Planned": 3,
          "Workers Launched": 3,
          "Single Copy": false,
          "Plans": [
            {
              "Node Type": "Aggregate",
              "Strategy": "Plain",
              "Partial Mode": "Partial",
              "Parent Relationship": "Outer",
              "Parallel Aware": false,
              "Startup Cost": 166712.43,
              "Total Cost": 166712.44,
              "Plan Rows": 1,
              "Plan Width": 8,
              "Actual Startup Time": 815.562,
              "Actual Total Time": 815.566,
              "Actual Rows": 1,
              "Actual Loops": 4,
              "Plans": [
                {
                  "Node Type": "Nested Loop",
                  "Parent Relationship": "Outer",
                  "Parallel Aware": false,
                  "Join Type": "Inner",
                  "Startup Cost": 54125.06,
                  "Total Cost": 166241.82,
                  "Plan Rows": 188244,
                  "Plan Width": 0,
                  "Actual Startup Time": 207.42,
                  "Actual Total Time": 782.889,
                  "Actual Rows": 663625,
                  "Actual Loops": 4,
                  "Inner Unique": false,
                  "Plans": [
                    {
                      "Node Type": "Hash Join",
                      "Parent Relationship": "Outer",
                      "Parallel Aware": true,
                      "Join Type": "Inner",
                      "Startup Cost": 54124.62,
                      "Total Cost": 74745.55,
                      "Plan Rows": 32060,
                      "Plan Width": 8,
                      "Actual Startup Time": 207.302,
                      "Actual Total Time": 286.23,
                      "Actual Rows": 42228,
                      "Actual Loops": 4,
                      "Inner Unique": true,
                      "Hash Cond": "(mc.movie_id = t.id)",
                      "Plans": [
                        {
                          "Node Type": "Bitmap Heap Scan",
                          "Parent Relationship": "Outer",
                          "Parallel Aware": true,
                          "Relation Name": "movie_companies",
                          "Alias": "mc",
                          "Startup Cost": 8132.73,
                          "Total Cost": 28435.89,
                          "Plan Rows": 121053,
                          "Plan Width": 4,
                          "Actual Startup Time": 19.641,
                          "Actual Total Time": 52.753,
                          "Actual Rows": 92983,
                          "Actual Loops": 4,
                          "Recheck Cond": "(company_id < 207)",
                          "Rows Removed by Index Recheck": 0,
                          "Exact Heap Blocks": 5586,
                          "Lossy Heap Blocks": 0,
                          "Plans": [
                            {
                              "Node Type": "Bitmap Index Scan",
                              "Parent Relationship": "Outer",
                              "Parallel Aware": false,
                              "Index Name": "company_id_movie_companies",
                              "Startup Cost": 0.0,
                              "Total Cost": 8038.91,
                              "Plan Rows": 375264,
                              "Plan Width": 0,
                              "Actual Startup Time": 16.709,
                              "Actual Total Time": 16.71,
                              "Actual Rows": 371931,
                              "Actual Loops": 1,
                              "Index Cond": "(company_id < 207)"
                            }
                          ]
                        },
                        {
                          "Node Type": "Hash",
                          "Parent Relationship": "Inner",
                          "Parallel Aware": true,
                          "Startup Cost": 43899.32,
                          "Total Cost": 43899.32,
                          "Plan Rows": 167406,
                          "Plan Width": 4,
                          "Actual Startup Time": 182.534,
                          "Actual Total Time": 182.535,
                          "Actual Rows": 171036,
                          "Actual Loops": 4,
                          "Hash Buckets": 1048576,
                          "Original Hash Buckets": 1048576,
                          "Hash Batches": 1,
                          "Original Hash Batches": 1,
                          "Peak Memory Usage": 35040,
                          "Plans": [
                            {
                              "Node Type": "Seq Scan",
                              "Parent Relationship": "Outer",
                              "Parallel Aware": true,
                              "Relation Name": "title",
                              "Alias": "t",
                              "Startup Cost": 0.0,
                              "Total Cost": 43899.32,
                              "Plan Rows": 167406,
                              "Plan Width": 4,
                              "Actual Startup Time": 0.052,
                              "Actual Total Time": 107.969,
                              "Actual Rows": 171036,
                              "Actual Loops": 4,
                              "Filter": "(production_year < 1990)",
                              "Rows Removed by Filter": 461042
                            }
                          ]
                        }
                      ]
                    },
                    {
                      "Node Type": "Index Only Scan",
                      "Parent Relationship": "Inner",
                      "Parallel Aware": false,
                      "Scan Direction": "Forward",
                      "Index Name": "movie_id_movie_info",
                      "Relation Name": "movie_info",
                      "Alias": "mi",
                      "Startup Cost": 0.43,
                      "Total Cost": 2.44,
                      "Plan Rows": 41,
                      "Plan Width": 4,
                      "Actual Startup Time": 0.004,
                      "Actual Total Time": 0.01,
                      "Actual Rows": 16,
                      "Actual Loops": 168914,
                      "Index Cond": "(movie_id = t.id)",
                      "Rows Removed by Index Recheck": 0,
                      "Heap Fetches": 2654500
                    }
                  ]
                }
              ]
            }
          ]
        }
      ]
    },
    "Planning Time": 1.331,
    "Triggers": [],
    "Execution Time": 881.319
  }
]