[
  {
    "Plan": {
      "Node Type": "Aggregate",
      "Strategy": "Plain",
      "Partial Mode": "Finalize",
      "Parallel Aware": false,
      "Startup Cost": 169006.25,
      "Total Cost": 169006.26,
      "Plan Rows": 1,
      "Plan Width": 8,
      "Actual Startup Time": 849.211,
      "Actual Total Time": 906.74,
      "Actual Rows": 1,
      "Actual Loops": 1,
      "Plans": [
        {
          "Node Type": "Gather",
          "Parent Relationship": "Outer",
          "Parallel Aware": false,
          "Startup Cost": 169005.94,
          "Total Cost": 169006.25,
          "Plan Rows": 3,
          "Plan Width": 8,
          "Actual Startup Time": 845.518,
          "Actual Total Time": 906.73,
          "Actual Rows": 4,
          "Actual Loops": 1,
          "Workers Planned": 3,
          "Workers Launched": 3,
          "Single Copy": false,
          "Plans": [
            {
              "Node Type": "Aggregate",
              "Strategy": "Plain",
              "Partial Mode": "Partial",
              "Parent Relationship": "Outer",
              "Parallel Aware": false,
              "Startup Cost": 168005.94,
              "Total Cost": 168005.95,
              "Plan Rows": 1,
              "Plan Width": 8,
              "Actual Startup Time": 837.772,
              "Actual Total Time": 837.776,
              "Actual Rows": 1,
              "Actual Loops": 4,
              "Plans": [
                {
                  "Node Type": "Nested Loop",
                  "Parent Relationship": "Outer",
                  "Parallel Aware": false,
                  "Join Type": "Inner",
                  "Startup Cost": 54131.32,
                  "Total Cost": 167532.66,
                  "Plan Rows": 189311,
                  "Plan Width": 0,
                  "Actual Startup Time": 201.62,
                  "Actual Total Time": 800.422,
                  "Actual Rows": 663625,
                  "Actual Loops": 4,
                  "Inner Unique": false,
                  "Plans": [
                    {
                      "Node Type": "Hash Join",
                      "Parent Relationship": "Outer",
                      "Parallel Aware": true,
                      "Join Type": "Inner",
                      "Startup Cost": 54130.89,
                      "Total Cost": 74747.52,
                      "Plan Rows": 32376,
                      "Plan Width": 8,
                      "Actual Startup Time": 201.517,
                      "Actual Total Time": 280.673,
                      "Actual Rows": 42228,
                      "Actual Loops": 4,
                      "Inner Unique": true,
                      "Hash Cond": "(mc.movie_id = t.id)",
                      "Plans": [
                        {
                          "Node Type": "Bitmap Heap Scan",
                          "Parent Relationship": "Outer",
                          "Parallel Aware": true,
                          "Relation Name": "movie_companies",
                          "Alias": "mc",
                          "Startup Cost": 8113.9,
                          "Total Cost": 28413.51,
                          "Plan Rows": 120769,
                          "Plan Width": 4,
                          "Actual Startup Time": 15.727,
                          "Actual Total Time": 48.207,
                          "Actual Rows": 92983,
                          "Actual Loops": 4,
                          "Recheck Cond": "(company_id < 207)",
                          "Rows Removed by Index Recheck": 0,
                          "Exact Heap Blocks": 7065,
                          "Lossy Heap Blocks": 0,
                          "Plans": [
                            {
                              "Node Type": "Bitmap Index Scan",
                              "Parent Relationship": "Outer",
                              "Parallel Aware": false,
                              "Index Name": "company_id_movie_companies",
                              "Startup Cost": 0.0,
                              "Total Cost": 8020.3,
                              "Plan Rows": 374383,
                              "Plan Width": 0,
                              "Actual Startup Time": 13.078,
                              "Actual Total Time": 13.079,
                              "Actual Rows": 371931,
                              "Actual Loops": 1,
                              "Index Cond": "(company_id < 207)"
                            }
                          ]
                        },
                        {
                          "Node Type": "Hash",
                          "Parent Relationship": "Inner",
                          "Parallel Aware": true,
                          "Startup Cost": 43898.92,
                          "Total Cost": 43898.92,
                          "Plan Rows": 169446,
                          "Plan Width": 4,
                          "Actual Startup Time": 181.488,
                          "Actual Total Time": 181.489,
                          "Actual Rows": 171036,
                          "Actual Loops": 4,
                          "Hash Buckets": 1048576,
                          "Original Hash Buckets": 1048576,
                          "Hash Batches": 1,
                          "Original Hash Batches": 1,
                          "Peak Memory Usage": 35008,
                          "Plans": [
                            {
                              "Node Type": "Seq Scan",
                              "Parent Relationship": "Outer",
                              "Parallel Aware": true,
                              "Relation Name": "title",
                              "Alias": "t",
                              "Startup Cost": 0.0,
                              "Total Cost": 43898.92,
                              "Plan Rows": 169446,
                              "Plan Width": 4,
                              "Actual Startup Time": 0.036,
                              "Actual Total Time": 111.612,
                              "Actual Rows": 171036,
                              "Actual Loops": 4,
                              "Filter": "(production_year < 1990)",
                              "Rows Removed by Filter": 461042
                            }
                          ]
                        }
                      ]
                    },
                    {
                      "Node Type": "Index Only Scan",
                      "Parent Relationship": "Inner",
                      "Parallel Aware": false,
                      "Scan Direction": "Forward",
                      "Index Name": "movie_id_movie_info",
                      "Relation Name": "movie_info",
                      "Alias": "mi",
                      "Startup Cost": 0.43,
                      "Total Cost": 2.45,
                      "Plan Rows": 42,
                      "Plan Width": 4,
                      "Actual Startup Time": 0.004,
                      "Actual Total Time": 0.011,
                      "Actual Rows": 16,
                      "Actual Loops": 168914,
                      "Index Cond": "(movie_id = t.id)",
                      "Rows Removed by Index Recheck": 0,
                      "Heap Fetches": 2654500
                    }
                  ]
                }
              ]
            }
          ]
        }
      ]
    },
    "Planning Time": 1.306,
    "Triggers": [],
    "Execution Time": 906.851
  }
]