{
  "Plan": {
    "Node Type": "Aggregate",
    "Strategy": "Plain",
    "Partial Mode": "Finalize",
    "Parallel Aware": false,
    "Startup Cost": 344990.27,
    "Total Cost": 344990.28,
    "Plan Rows": 1,
    "Plan Width": 8,
    "Actual Startup Time": 2230.452,
    "Actual Total Time": 2280.063,
    "Actual Rows": 1,
    "Actual Loops": 1,
    "Plans": [
      {
        "Node Type": "Gather",
        "Parent Relationship": "Outer",
        "Parallel Aware": false,
        "Startup Cost": 344990.16,
        "Total Cost": 344990.27,
        "Plan Rows": 1,
        "Plan Width": 8,
        "Actual Startup Time": 2228.805,
        "Actual Total Time": 2280.056,
        "Actual Rows": 2,
        "Actual Loops": 1,
        "Workers Planned": 1,
        "Workers Launched": 1,
        "Single Copy": false,
        "Plans": [
          {
            "Node Type": "Aggregate",
            "Strategy": "Plain",
            "Partial Mode": "Partial",
            "Parent Relationship": "Outer",
            "Parallel Aware": false,
            "Startup Cost": 343990.16,
            "Total Cost": 343990.17,
            "Plan Rows": 1,
            "Plan Width": 8,
            "Actual Startup Time": 2222.946,
            "Actual Total Time": 2222.949,
            "Actual Rows": 1,
            "Actual Loops": 2,
            "Plans": [
              {
                "Node Type": "Hash Join",
                "Parent Relationship": "Outer",
                "Parallel Aware": true,
                "Join Type": "Inner",
                "Startup Cost": 64713.69,
                "Total Cost": 336497.18,
                "Plan Rows": 2997191,
                "Plan Width": 0,
                "Actual Startup Time": 258.277,
                "Actual Total Time": 2173.101,
                "Actual Rows": 1264356,
                "Actual Loops": 2,
                "Inner Unique": true,
                "Hash Cond": "(mi.movie_id = t.id)",
                "Plans": [
                  {
                    "Node Type": "Seq Scan",
                    "Parent Relationship": "Outer",
                    "Parallel Aware": true,
                    "Relation Name": "movie_info",
                    "Alias": "mi",
                    "Startup Cost": 0.0,
                    "Total Cost": 248955.74,
                    "Plan Rows": 8696274,
                    "Plan Width": 4,
                    "Actual Startup Time": 0.012,
                    "Actual Total Time": 617.302,
                    "Actual Rows": 7417860,
                    "Actual Loops": 2
                  },
                  {
                    "Node Type": "Hash",
                    "Parent Relationship": "Inner",
                    "Parallel Aware": true,
                    "Startup Cost": 58306.47,
                    "Total Cost": 58306.47,
                    "Plan Rows": 512578,
                    "Plan Width": 4,
                    "Actual Startup Time": 249.096,
                    "Actual Total Time": 249.096,
                    "Actual Rows": 400756,
                    "Actual Loops": 2,
                    "Hash Buckets": 1048576,
                    "Original Hash Buckets": 1048576,
                    "Hash Batches": 1,
                    "Original Hash Batches": 1,
                    "Peak Memory Usage": 39584,
                    "Plans": [
                      {
                        "Node Type": "Seq Scan",
                        "Parent Relationship": "Outer",
                        "Parallel Aware": true,
                        "Relation Name": "title",
                        "Alias": "t",
                        "Startup Cost": 0.0,
                        "Total Cost": 58306.47,
                        "Plan Rows": 512578,
                        "Plan Width": 4,
                        "Actual Startup Time": 0.031,
                        "Actual Total Time": 156.159,
                        "Actual Rows": 400756,
                        "Actual Loops": 2,
                        "Filter": "((production_year < 2006) AND (kind_id = 7))",
                        "Rows Removed by Filter": 863400
                      }
                    ]
                  }
                ]
              }
            ]
          }
        ]
      }
    ]
  },
  "Planning Time": 0.622,
  "Triggers": [],
  "Execution Time": 2280.135
}