[
  {
    "Plan": {
      "Node Type": "Aggregate",
      "Strategy": "Plain",
      "Partial Mode": "Finalize",
      "Parallel Aware": false,
      "Startup Cost": 344133.37,
      "Total Cost": 344133.38,
      "Plan Rows": 1,
      "Plan Width": 8,
      "Actual Startup Time": 1061.256,
      "Actual Total Time": 1116.471,
      "Actual Rows": 1,
      "Actual Loops": 1,
      "Plans": [
        {
          "Node Type": "Gather",
          "Parent Relationship": "Outer",
          "Parallel Aware": false,
          "Startup Cost": 344132.75,
          "Total Cost": 344133.36,
          "Plan Rows": 6,
          "Plan Width": 8,
          "Actual Startup Time": 1061.151,
          "Actual Total Time": 1116.46,
          "Actual Rows": 7,
          "Actual Loops": 1,
          "Workers Planned": 6,
          "Workers Launched": 6,
          "Single Copy": false,
          "Plans": [
            {
              "Node Type": "Aggregate",
              "Strategy": "Plain",
              "Partial Mode": "Partial",
              "Parent Relationship": "Outer",
              "Parallel Aware": false,
              "Startup Cost": 343132.75,
              "Total Cost": 343132.76,
              "Plan Rows": 1,
              "Plan Width": 8,
              "Actual Startup Time": 1051.976,
              "Actual Total Time": 1051.977,
              "Actual Rows": 1,
              "Actual Loops": 7,
              "Plans": [
                {
                  "Node Type": "Seq Scan",
                  "Parent Relationship": "Outer",
                  "Parallel Aware": true,
                  "Relation Name": "cast_info",
                  "Alias": "ci",
                  "Startup Cost": 0.0,
                  "Total Cost": 328162.03,
                  "Plan Rows": 5988289,
                  "Plan Width": 0,
                  "Actual Startup Time": 0.047,
                  "Actual Total Time": 803.877,
                  "Actual Rows": 5132604,
                  "Actual Loops": 7,
                  "Filter": "(role_id < 11)",
                  "Rows Removed by Filter": 45160
                }
              ]
            }
          ]
        }
      ]
    },
    "Planning Time": 0.191,
    "Triggers": [],
    "Execution Time": 1116.542
  }
]