[
  {
    "Plan": {
      "Node Type": "Aggregate",
      "Strategy": "Plain",
      "Partial Mode": "Finalize",
      "Parallel Aware": false,
      "Startup Cost": 333744.41,
      "Total Cost": 333744.42,
      "Plan Rows": 1,
      "Plan Width": 8,
      "Actual Startup Time": 639.62,
      "Actual Total Time": 699.038,
      "Actual Rows": 1,
      "Actual Loops": 1,
      "Plans": [
        {
          "Node Type": "Gather",
          "Parent Relationship": "Outer",
          "Parallel Aware": false,
          "Startup Cost": 333743.79,
          "Total Cost": 333744.4,
          "Plan Rows": 6,
          "Plan Width": 8,
          "Actual Startup Time": 639.488,
          "Actual Total Time": 699.027,
          "Actual Rows": 7,
          "Actual Loops": 1,
          "Workers Planned": 6,
          "Workers Launched": 6,
          "Single Copy": false,
          "Plans": [
            {
              "Node Type": "Aggregate",
              "Strategy": "Plain",
              "Partial Mode": "Partial",
              "Parent Relationship": "Outer",
              "Parallel Aware": false,
              "Startup Cost": 332743.79,
              "Total Cost": 332743.8,
              "Plan Rows": 1,
              "Plan Width": 8,
              "Actual Startup Time": 630.213,
              "Actual Total Time": 630.214,
              "Actual Rows": 1,
              "Actual Loops": 7,
              "Plans": [
                {
                  "Node Type": "Seq Scan",
                  "Parent Relationship": "Outer",
                  "Parallel Aware": true,
                  "Relation Name": "cast_info",
                  "Alias": "ci",
                  "Startup Cost": 0.0,
                  "Total Cost": 328162.03,
                  "Plan Rows": 1832704,
                  "Plan Width": 0,
                  "Actual Startup Time": 0.05,
                  "Actual Total Time": 557.801,
                  "Actual Rows": 1572701,
                  "Actual Loops": 7,
                  "Filter": "(person_id < 1081208)",
                  "Rows Removed by Filter": 3605063
                }
              ]
            }
          ]
        }
      ]
    },
    "Planning Time": 0.196,
    "Triggers": [],
    "Execution Time": 699.109
  }
]