{
  "Plan": {
    "Node Type": "Aggregate",
    "Strategy": "Plain",
    "Partial Mode": "Finalize",
    "Parallel Aware": false,
    "Startup Cost": 843413.02,
    "Total Cost": 843413.03,
    "Plan Rows": 1,
    "Plan Width": 8,
    "Actual Startup Time": 2417.343,
    "Actual Total Time": 2484.781,
    "Actual Rows": 1,
    "Actual Loops": 1,
    "Plans": [
      {
        "Node Type": "Gather",
        "Parent Relationship": "Outer",
        "Parallel Aware": false,
        "Startup Cost": 843412.91,
        "Total Cost": 843413.02,
        "Plan Rows": 1,
        "Plan Width": 8,
        "Actual Startup Time": 2416.469,
        "Actual Total Time": 2484.771,
        "Actual Rows": 2,
        "Actual Loops": 1,
        "Workers Planned": 1,
        "Workers Launched": 1,
        "Single Copy": false,
        "Plans": [
          {
            "Node Type": "Aggregate",
            "Strategy": "Plain",
            "Partial Mode": "Partial",
            "Parent Relationship": "Outer",
            "Parallel Aware": false,
            "Startup Cost": 842412.91,
            "Total Cost": 842412.92,
            "Plan Rows": 1,
            "Plan Width": 8,
            "Actual Startup Time": 2410.405,
            "Actual Total Time": 2410.411,
            "Actual Rows": 1,
            "Actual Loops": 2,
            "Plans": [
              {
                "Node Type": "Hash Join",
                "Parent Relationship": "Outer",
                "Parallel Aware": true,
                "Join Type": "Inner",
                "Startup Cost": 537048.66,
                "Total Cost": 840393.73,
                "Plan Rows": 807671,
                "Plan Width": 0,
                "Actual Startup Time": 1261.993,
                "Actual Total Time": 2401.905,
                "Actual Rows": 203852,
                "Actual Loops": 2,
                "Inner Unique": false,
                "Hash Cond": "(mi.movie_id = t.id)",
                "Plans": [
                  {
                    "Node Type": "Seq Scan",
                    "Parent Relationship": "Outer",
                    "Parallel Aware": true,
                    "Relation Name": "movie_info",
                    "Alias": "mi",
                    "Startup Cost": 0.0,
                    "Total Cost": 270696.42,
                    "Plan Rows": 5579529,
                    "Plan Width": 4,
                    "Actual Startup Time": 0.015,
                    "Actual Total Time": 726.54,
                    "Actual Rows": 4782576,
                    "Actual Loops": 2,
                    "Filter": "(info_type_id < 16)",
                    "Rows Removed by Filter": 2635284
                  },
                  {
                    "Node Type": "Hash",
                    "Parent Relationship": "Inner",
                    "Parallel Aware": true,
                    "Startup Cost": 534357.58,
                    "Total Cost": 534357.58,
                    "Plan Rows": 215286,
                    "Plan Width": 8,
                    "Actual Startup Time": 1255.043,
                    "Actual Total Time": 1255.048,
                    "Actual Rows": 39682,
                    "Actual Loops": 2,
                    "Hash Buckets": 524288,
                    "Original Hash Buckets": 524288,
                    "Hash Batches": 1,
                    "Original Hash Batches": 1,
                    "Peak Memory Usage": 7232,
                    "Plans": [
                      {
                        "Node Type": "Hash Join",
                        "Parent Relationship": "Outer",
                        "Parallel Aware": true,
                        "Join Type": "Inner",
                        "Startup Cost": 217803.66,
                        "Total Cost": 534357.58,
                        "Plan Rows": 215286,
                        "Plan Width": 8,
                        "Actual Startup Time": 403.533,
                        "Actual Total Time": 1241.553,
                        "Actual Rows": 39682,
                        "Actual Loops": 2,
                        "Inner Unique": true,
                        "Hash Cond": "(ci.movie_id = t.id)",
                        "Plans": [
                          {
                            "Node Type": "Bitmap Heap Scan",
                            "Parent Relationship": "Outer",
                            "Parallel Aware": true,
                            "Relation Name": "cast_info",
                            "Alias": "ci",
                            "Startup Cost": 158549.38,
                            "Total Cost": 464018.94,
                            "Plan Rows": 4222605,
                            "Plan Width": 4,
                            "Actual Startup Time": 243.01,
                            "Actual Total Time": 675.957,
                            "Actual Rows": 3685023,
                            "Actual Loops": 2,
                            "Recheck Cond": "(person_id < 712922)",
                            "Rows Removed by Index Recheck": 0,
                            "Exact Heap Blocks": 52375,
                            "Lossy Heap Blocks": 0,
                            "Plans": [
                              {
                                "Node Type": "Bitmap Index Scan",
                                "Parent Relationship": "Outer",
                                "Parallel Aware": false,
                                "Index Name": "person_id_cast_info",
                                "Startup Cost": 0.0,
                                "Total Cost": 156754.77,
                                "Plan Rows": 7178428,
                                "Plan Width": 0,
                                "Actual Startup Time": 229.546,
                                "Actual Total Time": 229.546,
                                "Actual Rows": 7370046,
                                "Actual Loops": 1,
                                "Index Cond": "(person_id < 712922)"
                              }
                            ]
                          },
                          {
                            "Node Type": "Hash",
                            "Parent Relationship": "Inner",
                            "Parallel Aware": true,
                            "Startup Cost": 58306.47,
                            "Total Cost": 58306.47,
                            "Plan Rows": 75825,
                            "Plan Width": 4,
                            "Actual Startup Time": 158.112,
                            "Actual Total Time": 158.112,
                            "Actual Rows": 16826,
                            "Actual Loops": 2,
                            "Hash Buckets": 131072,
                            "Original Hash Buckets": 131072,
                            "Hash Batches": 1,
                            "Original Hash Batches": 1,
                            "Peak Memory Usage": 2368,
                            "Plans": [
                              {
                                "Node Type": "Seq Scan",
                                "Parent Relationship": "Outer",
                                "Parallel Aware": true,
                                "Relation Name": "title",
                                "Alias": "t",
                                "Startup Cost": 0.0,
                                "Total Cost": 58306.47,
                                "Plan Rows": 75825,
                                "Plan Width": 4,
                                "Actual Startup Time": 0.043,
                                "Actual Total Time": 150.985,
                                "Actual Rows": 16826,
                                "Actual Loops": 2,
                                "Filter": "((kind_id > 4) AND (production_year < 1958))",
                                "Rows Removed by Filter": 1247330
                              }
                            ]
                          }
                        ]
                      }
                    ]
                  }
                ]
              }
            ]
          }
        ]
      }
    ]
  },
  "Planning Time": 1.013,
  "Triggers": [],
  "Execution Time": 2484.931
}