[
  {
    "Plan": {
      "Node Type": "Aggregate",
      "Strategy": "Plain",
      "Partial Mode": "Finalize",
      "Parallel Aware": false,
      "Startup Cost": 58598.49,
      "Total Cost": 58598.5,
      "Plan Rows": 1,
      "Plan Width": 8,
      "Actual Startup Time": 94.113,
      "Actual Total Time": 106.914,
      "Actual Rows": 1,
      "Actual Loops": 1,
      "Plans": [
        {
          "Node Type": "Gather",
          "Parent Relationship": "Outer",
          "Parallel Aware": false,
          "Startup Cost": 58598.07,
          "Total Cost": 58598.48,
          "Plan Rows": 4,
          "Plan Width": 8,
          "Actual Startup Time": 93.921,
          "Actual Total Time": 106.902,
          "Actual Rows": 5,
          "Actual Loops": 1,
          "Workers Planned": 4,
          "Workers Launched": 4,
          "Single Copy": false,
          "Plans": [
            {
              "Node Type": "Aggregate",
              "Strategy": "Plain",
              "Partial Mode": "Partial",
              "Parent Relationship": "Outer",
              "Parallel Aware": false,
              "Startup Cost": 57598.07,
              "Total Cost": 57598.08,
              "Plan Rows": 1,
              "Plan Width": 8,
              "Actual Startup Time": 88.373,
              "Actual Total Time": 88.375,
              "Actual Rows": 1,
              "Actual Loops": 5,
              "Plans": [
                {
                  "Node Type": "Nested Loop",
                  "Parent Relationship": "Outer",
                  "Parallel Aware": false,
                  "Join Type": "Inner",
                  "Startup Cost": 0.86,
                  "Total Cost": 57596.63,
                  "Plan Rows": 574,
                  "Plan Width": 0,
                  "Actual Startup Time": 11.298,
                  "Actual Total Time": 88.233,
                  "Actual Rows": 2746,
                  "Actual Loops": 5,
                  "Inner Unique": false,
                  "Join Filter": "(t.id = mk.movie_id)",
                  "Rows Removed by Join Filter": 0,
                  "Plans": [
                    {
                      "Node Type": "Nested Loop",
                      "Parent Relationship": "Outer",
                      "Parallel Aware": false,
                      "Join Type": "Inner",
                      "Startup Cost": 0.43,
                      "Total Cost": 55664.32,
                      "Plan Rows": 1173,
                      "Plan Width": 8,
                      "Actual Startup Time": 2.846,
                      "Actual Total Time": 81.402,
                      "Actual Rows": 870,
                      "Actual Loops": 5,
                      "Inner Unique": false,
                      "Plans": [
                        {
                          "Node Type": "Seq Scan",
                          "Parent Relationship": "Outer",
                          "Parallel Aware": true,
                          "Relation Name": "title",
                          "Alias": "t",
                          "Startup Cost": 0.0,
                          "Total Cost": 43899.32,
                          "Plan Rows": 2149,
                          "Plan Width": 4,
                          "Actual Startup Time": 0.206,
                          "Actual Total Time": 71.719,
                          "Actual Rows": 1440,
                          "Actual Loops": 5,
                          "Filter": "(production_year = 1954)",
                          "Rows Removed by Filter": 504223
                        },
                        {
                          "Node Type": "Index Only Scan",
                          "Parent Relationship": "Inner",
                          "Parallel Aware": false,
                          "Scan Direction": "Forward",
                          "Index Name": "movie_id_movie_info_idx",
                          "Relation Name": "movie_info_idx",
                          "Alias": "mi_idx",
                          "Startup Cost": 0.43,
                          "Total Cost": 5.44,
                          "Plan Rows": 3,
                          "Plan Width": 4,
                          "Actual Startup Time": 0.006,
                          "Actual Total Time": 0.006,
                          "Actual Rows": 1,
                          "Actual Loops": 7199,
                          "Index Cond": "(movie_id = t.id)",
                          "Rows Removed by Index Recheck": 0,
                          "Heap Fetches": 4352
                        }
                      ]
                    },
                    {
                      "Node Type": "Index Scan",
                      "Parent Relationship": "Inner",
                      "Parallel Aware": false,
                      "Scan Direction": "Forward",
                      "Index Name": "movie_id_movie_keyword",
                      "Relation Name": "movie_keyword",
                      "Alias": "mk",
                      "Startup Cost": 0.43,
                      "Total Cost": 1.48,
                      "Plan Rows": 13,
                      "Plan Width": 4,
                      "Actual Startup Time": 0.006,
                      "Actual Total Time": 0.007,
                      "Actual Rows": 3,
                      "Actual Loops": 4352,
                      "Index Cond": "(movie_id = mi_idx.movie_id)",
                      "Rows Removed by Index Recheck": 0,
                      "Filter": "(keyword_id > 14569)",
                      "Rows Removed by Filter": 8
                    }
                  ]
                }
              ]
            }
          ]
        }
      ]
    },
    "Planning Time": 0.534,
    "Triggers": [],
    "Execution Time": 106.959
  }
]