[
  {
    "Plan": {
      "Node Type": "Aggregate",
      "Strategy": "Plain",
      "Partial Mode": "Finalize",
      "Parallel Aware": false,
      "Startup Cost": 79640.7,
      "Total Cost": 79640.71,
      "Plan Rows": 1,
      "Plan Width": 8,
      "Actual Startup Time": 216.918,
      "Actual Total Time": 232.026,
      "Actual Rows": 1,
      "Actual Loops": 1,
      "Plans": [
        {
          "Node Type": "Gather",
          "Parent Relationship": "Outer",
          "Parallel Aware": false,
          "Startup Cost": 79640.38,
          "Total Cost": 79640.69,
          "Plan Rows": 3,
          "Plan Width": 8,
          "Actual Startup Time": 214.92,
          "Actual Total Time": 232.016,
          "Actual Rows": 4,
          "Actual Loops": 1,
          "Workers Planned": 3,
          "Workers Launched": 3,
          "Single Copy": false,
          "Plans": [
            {
              "Node Type": "Aggregate",
              "Strategy": "Plain",
              "Partial Mode": "Partial",
              "Parent Relationship": "Outer",
              "Parallel Aware": false,
              "Startup Cost": 78640.38,
              "Total Cost": 78640.39,
              "Plan Rows": 1,
              "Plan Width": 8,
              "Actual Startup Time": 205.405,
              "Actual Total Time": 205.41,
              "Actual Rows": 1,
              "Actual Loops": 4,
              "Plans": [
                {
                  "Node Type": "Hash Join",
                  "Parent Relationship": "Outer",
                  "Parallel Aware": true,
                  "Join Type": "Inner",
                  "Startup Cost": 52375.07,
                  "Total Cost": 78613.62,
                  "Plan Rows": 10702,
                  "Plan Width": 0,
                  "Actual Startup Time": 141.769,
                  "Actual Total Time": 205.084,
                  "Actual Rows": 3894,
                  "Actual Loops": 4,
                  "Inner Unique": true,
                  "Hash Cond": "(mk.movie_id = t.id)",
                  "Plans": [
                    {
                      "Node Type": "Bitmap Heap Scan",
                      "Parent Relationship": "Outer",
                      "Parallel Aware": true,
                      "Relation Name": "movie_keyword",
                      "Alias": "mk",
                      "Startup Cost": 7759.07,
                      "Total Cost": 33687.91,
                      "Plan Rows": 117987,
                      "Plan Width": 4,
                      "Actual Startup Time": 23.663,
                      "Actual Total Time": 71.728,
                      "Actual Rows": 91162,
                      "Actual Loops": 4,
                      "Recheck Cond": "(keyword_id > 46001)",
                      "Rows Removed by Index Recheck": 0,
                      "Exact Heap Blocks": 8093,
                      "Lossy Heap Blocks": 0,
                      "Plans": [
                        {
                          "Node Type": "Bitmap Index Scan",
                          "Parent Relationship": "Outer",
                          "Parallel Aware": false,
                          "Index Name": "keyword_id_movie_keyword",
                          "Startup Cost": 0.0,
                          "Total Cost": 7667.63,
                          "Plan Rows": 365760,
                          "Plan Width": 0,
                          "Actual Startup Time": 20.317,
                          "Actual Total Time": 20.318,
                          "Actual Rows": 364650,
                          "Actual Loops": 1,
                          "Index Cond": "(keyword_id > 46001)"
                        }
                      ]
                    },
                    {
                      "Node Type": "Hash",
                      "Parent Relationship": "Inner",
                      "Parallel Aware": true,
                      "Startup Cost": 43899.32,
                      "Total Cost": 43899.32,
                      "Plan Rows": 57334,
                      "Plan Width": 4,
                      "Actual Startup Time": 115.177,
                      "Actual Total Time": 115.179,
                      "Actual Rows": 57912,
                      "Actual Loops": 4,
                      "Hash Buckets": 262144,
                      "Original Hash Buckets": 262144,
                      "Hash Batches": 1,
                      "Original Hash Batches": 1,
                      "Peak Memory Usage": 11200,
                      "Plans": [
                        {
                          "Node Type": "Seq Scan",
                          "Parent Relationship": "Outer",
                          "Parallel Aware": true,
                          "Relation Name": "title",
                          "Alias": "t",
                          "Startup Cost": 0.0,
                          "Total Cost": 43899.32,
                          "Plan Rows": 57334,
                          "Plan Width": 4,
                          "Actual Startup Time": 0.04,
                          "Actual Total Time": 96.263,
                          "Actual Rows": 57912,
                          "Actual Loops": 4,
                          "Filter": "(production_year > 2011)",
                          "Rows Removed by Filter": 574166
                        }
                      ]
                    }
                  ]
                }
              ]
            }
          ]
        }
      ]
    },
    "Planning Time": 0.609,
    "Triggers": [],
    "Execution Time": 232.121
  }
]