[
  {
    "Plan": {
      "Node Type": "Aggregate",
      "Strategy": "Plain",
      "Partial Mode": "Finalize",
      "Parallel Aware": false,
      "Startup Cost": 96516.28,
      "Total Cost": 96516.29,
      "Plan Rows": 1,
      "Plan Width": 8,
      "Actual Startup Time": 570.997,
      "Actual Total Time": 579.872,
      "Actual Rows": 1,
      "Actual Loops": 1,
      "Plans": [
        {
          "Node Type": "Gather",
          "Parent Relationship": "Outer",
          "Parallel Aware": false,
          "Startup Cost": 96516.07,
          "Total Cost": 96516.28,
          "Plan Rows": 2,
          "Plan Width": 8,
          "Actual Startup Time": 566.279,
          "Actual Total Time": 579.866,
          "Actual Rows": 3,
          "Actual Loops": 1,
          "Workers Planned": 2,
          "Workers Launched": 2,
          "Single Copy": false,
          "Plans": [
            {
              "Node Type": "Aggregate",
              "Strategy": "Plain",
              "Partial Mode": "Partial",
              "Parent Relationship": "Outer",
              "Parallel Aware": false,
              "Startup Cost": 95516.07,
              "Total Cost": 95516.08,
              "Plan Rows": 1,
              "Plan Width": 8,
              "Actual Startup Time": 563.697,
              "Actual Total Time": 563.849,
              "Actual Rows": 1,
              "Actual Loops": 3,
              "Plans": [
                {
                  "Node Type": "Hash Join",
                  "Parent Relationship": "Outer",
                  "Parallel Aware": true,
                  "Join Type": "Inner",
                  "Startup Cost": 79064.27,
                  "Total Cost": 95210.9,
                  "Plan Rows": 122069,
                  "Plan Width": 0,
                  "Actual Startup Time": 445.105,
                  "Actual Total Time": 553.899,
                  "Actual Rows": 247384,
                  "Actual Loops": 3,
                  "Inner Unique": false,
                  "Hash Cond": "(mi_idx.movie_id = t.id)",
                  "Plans": [
                    {
                      "Node Type": "Seq Scan",
                      "Parent Relationship": "Outer",
                      "Parallel Aware": true,
                      "Relation Name": "movie_info_idx",
                      "Alias": "mi_idx",
                      "Startup Cost": 0.0,
                      "Total Cost": 13685.15,
                      "Plan Rows": 575015,
                      "Plan Width": 4,
                      "Actual Startup Time": 0.016,
                      "Actual Total Time": 34.029,
                      "Actual Rows": 460012,
                      "Actual Loops": 3
                    },
                    {
                      "Node Type": "Hash",
                      "Parent Relationship": "Inner",
                      "Parallel Aware": true,
                      "Startup Cost": 77386.99,
                      "Total Cost": 77386.99,
                      "Plan Rows": 134183,
                      "Plan Width": 8,
                      "Actual Startup Time": 439.991,
                      "Actual Total Time": 440.142,
                      "Actual Rows": 178808,
                      "Actual Loops": 3,
                      "Hash Buckets": 1048576,
                      "Original Hash Buckets": 1048576,
                      "Hash Batches": 1,
                      "Original Hash Batches": 1,
                      "Peak Memory Usage": 29248,
                      "Plans": [
                        {
                          "Node Type": "Hash Join",
                          "Parent Relationship": "Outer",
                          "Parallel Aware": true,
                          "Join Type": "Inner",
                          "Startup Cost": 31474.93,
                          "Total Cost": 77386.99,
                          "Plan Rows": 134183,
                          "Plan Width": 8,
                          "Actual Startup Time": 130.037,
                          "Actual Total Time": 386.065,
                          "Actual Rows": 178808,
                          "Actual Loops": 3,
                          "Inner Unique": false,
                          "Hash Cond": "(t.id = mc.movie_id)",
                          "Plans": [
                            {
                              "Node Type": "Seq Scan",
                              "Parent Relationship": "Outer",
                              "Parallel Aware": true,
                              "Relation Name": "title",
                              "Alias": "t",
                              "Startup Cost": 0.0,
                              "Total Cost": 42318.81,
                              "Plan Rows": 632080,
                              "Plan Width": 4,
                              "Actual Startup Time": 0.008,
                              "Actual Total Time": 79.754,
                              "Actual Rows": 842771,
                              "Actual Loops": 3
                            },
                            {
                              "Node Type": "Hash",
                              "Parent Relationship": "Inner",
                              "Parallel Aware": true,
                              "Startup Cost": 29310.68,
                              "Total Cost": 29310.68,
                              "Plan Rows": 173140,
                              "Plan Width": 4,
                              "Actual Startup Time": 127.733,
                              "Actual Total Time": 127.735,
                              "Actual Rows": 178808,
                              "Actual Loops": 3,
                              "Hash Buckets": 1048576,
                              "Original Hash Buckets": 1048576,
                              "Hash Batches": 1,
                              "Original Hash Batches": 1,
                              "Peak Memory Usage": 29248,
                              "Plans": [
                                {
                                  "Node Type": "Seq Scan",
                                  "Parent Relationship": "Outer",
                                  "Parallel Aware": true,
                                  "Relation Name": "movie_companies",
                                  "Alias": "mc",
                                  "Startup Cost": 0.0,
                                  "Total Cost": 29310.68,
                                  "Plan Rows": 173140,
                                  "Plan Width": 4,
                                  "Actual Startup Time": 37.477,
                                  "Actual Total Time": 78.604,
                                  "Actual Rows": 178808,
                                  "Actual Loops": 3,
                                  "Filter": "(company_id > 72356)",
                                  "Rows Removed by Filter": 690901
                                }
                              ]
                            }
                          ]
                        }
                      ]
                    }
                  ]
                }
              ]
            }
          ]
        }
      ]
    },
    "Planning Time": 0.411,
    "Triggers": [],
    "Execution Time": 579.905
  }
]