{
    "Plan": {
        "Node Type": "Aggregate",
        "Strategy": "Plain",
        "Partial Mode": "Simple",
        "Parallel Aware": false,
        "Startup Cost": 38431.6,
        "Total Cost": 38431.61,
        "Plan Rows": 1,
        "Plan Width": 64,
        "Actual Startup Time": 894.683,
        "Actual Total Time": 991.998,
        "Actual Rows": 1,
        "Actual Loops": 1,
        "Output": [
            "min(an1.name)",
            "min(t.title)"
        ],
        "Plans": [
            {
                "Node Type": "Gather",
                "Parent Relationship": "Outer",
                "Parallel Aware": false,
                "Startup Cost": 5774.43,
                "Total Cost": 38431.59,
                "Plan Rows": 1,
                "Plan Width": 33,
                "Actual Startup Time": 111.575,
                "Actual Total Time": 991.954,
                "Actual Rows": 62,
                "Actual Loops": 1,
                "Output": [
                    "an1.name",
                    "t.title"
                ],
                "Workers Planned": 3,
                "Workers Launched": 3,
                "Single Copy": false,
                "Plans": [
                    {
                        "Node Type": "Nested Loop",
                        "Parent Relationship": "Outer",
                        "Parallel Aware": false,
                        "Join Type": "Inner",
                        "Startup Cost": 4774.43,
                        "Total Cost": 37431.49,
                        "Plan Rows": 1,
                        "Plan Width": 33,
                        "Actual Startup Time": 253.371,
                        "Actual Total Time": 883.922,
                        "Actual Rows": 16,
                        "Actual Loops": 4,
                        "Output": [
                            "an1.name",
                            "t.title"
                        ],
                        "Inner Unique": true,
                        "Workers": [
                            {
                                "Worker Number": 0,
                                "Actual Startup Time": 230.98,
                                "Actual Total Time": 880.535,
                                "Actual Rows": 20,
                                "Actual Loops": 1
                            },
                            {
                                "Worker Number": 1,
                                "Actual Startup Time": 376.02,
                                "Actual Total Time": 881.004,
                                "Actual Rows": 22,
                                "Actual Loops": 1
                            },
                            {
                                "Worker Number": 2,
                                "Actual Startup Time": 296.121,
                                "Actual Total Time": 881.054,
                                "Actual Rows": 11,
                                "Actual Loops": 1
                            }
                        ],
                        "Plans": [
                            {
                                "Node Type": "Nested Loop",
                                "Parent Relationship": "Outer",
                                "Parallel Aware": false,
                                "Join Type": "Inner",
                                "Startup Cost": 4774.0,
                                "Total Cost": 37429.19,
                                "Plan Rows": 3,
                                "Plan Width": 41,
                                "Actual Startup Time": 29.312,
                                "Actual Total Time": 869.723,
                                "Actual Rows": 4345,
                                "Actual Loops": 4,
                                "Output": [
                                    "an1.name",
                                    "an1.person_id",
                                    "ci.person_id",
                                    "t.title"
                                ],
                                "Inner Unique": false,
                                "Workers": [
                                    {
                                        "Worker Number": 0,
                                        "Actual Startup Time": 17.608,
                                        "Actual Total Time": 865.682,
                                        "Actual Rows": 3935,
                                        "Actual Loops": 1
                                    },
                                    {
                                        "Worker Number": 1,
                                        "Actual Startup Time": 17.626,
                                        "Actual Total Time": 860.453,
                                        "Actual Rows": 6911,
                                        "Actual Loops": 1
                                    },
                                    {
                                        "Worker Number": 2,
                                        "Actual Startup Time": 52.972,
                                        "Actual Total Time": 869.593,
                                        "Actual Rows": 2953,
                                        "Actual Loops": 1
                                    }
                                ],
                                "Plans": [
                                    {
                                        "Node Type": "Hash Join",
                                        "Parent Relationship": "Outer",
                                        "Parallel Aware": false,
                                        "Join Type": "Inner",
                                        "Startup Cost": 4773.58,
                                        "Total Cost": 37428.02,
                                        "Plan Rows": 1,
                                        "Plan Width": 21,
                                        "Actual Startup Time": 29.193,
                                        "Actual Total Time": 857.705,
                                        "Actual Rows": 1860,
                                        "Actual Loops": 4,
                                        "Output": [
                                            "ci.person_id",
                                            "t.title"
                                        ],
                                        "Inner Unique": true,
                                        "Hash Cond": "(ci.role_id = rt.id)",
                                        "Workers": [
                                            {
                                                "Worker Number": 0,
                                                "Actual Startup Time": 17.447,
                                                "Actual Total Time": 853.11,
                                                "Actual Rows": 1519,
                                                "Actual Loops": 1
                                            },
                                            {
                                                "Worker Number": 1,
                                                "Actual Startup Time": 17.446,
                                                "Actual Total Time": 845.782,
                                                "Actual Rows": 2052,
                                                "Actual Loops": 1
                                            },
                                            {
                                                "Worker Number": 2,
                                                "Actual Startup Time": 52.86,
                                                "Actual Total Time": 857.829,
                                                "Actual Rows": 1652,
                                                "Actual Loops": 1
                                            }
                                        ],
                                        "Plans": [
                                            {
                                                "Node Type": "Nested Loop",
                                                "Parent Relationship": "Outer",
                                                "Parallel Aware": false,
                                                "Join Type": "Inner",
                                                "Startup Cost": 4772.41,
                                                "Total Cost": 37426.81,
                                                "Plan Rows": 15,
                                                "Plan Width": 25,
                                                "Actual Startup Time": 28.666,
                                                "Actual Total Time": 856.177,
                                                "Actual Rows": 4900,
                                                "Actual Loops": 4,
                                                "Output": [
                                                    "ci.person_id",
                                                    "ci.role_id",
                                                    "t.title"
                                                ],
                                                "Inner Unique": false,
                                                "Workers": [
                                                    {
                                                        "Worker Number": 0,
                                                        "Actual Startup Time": 16.761,
                                                        "Actual Total Time": 851.543,
                                                        "Actual Rows": 4187,
                                                        "Actual Loops": 1
                                                    },
                                                    {
                                                        "Worker Number": 1,
                                                        "Actual Startup Time": 16.865,
                                                        "Actual Total Time": 843.959,
                                                        "Actual Rows": 5630,
                                                        "Actual Loops": 1
                                                    },
                                                    {
                                                        "Worker Number": 2,
                                                        "Actual Startup Time": 52.094,
                                                        "Actual Total Time": 856.206,
                                                        "Actual Rows": 4192,
                                                        "Actual Loops": 1
                                                    }
                                                ],
                                                "Plans": [
                                                    {
                                                        "Node Type": "Nested Loop",
                                                        "Parent Relationship": "Outer",
                                                        "Parallel Aware": false,
                                                        "Join Type": "Inner",
                                                        "Startup Cost": 4771.85,
                                                        "Total Cost": 37114.37,
                                                        "Plan Rows": 161,
                                                        "Plan Width": 25,
                                                        "Actual Startup Time": 19.453,
                                                        "Actual Total Time": 216.869,
                                                        "Actual Rows": 12082,
                                                        "Actual Loops": 4,
                                                        "Output": [
                                                            "mc.movie_id",
                                                            "t.title",
                                                            "t.id"
                                                        ],
                                                        "Inner Unique": true,
                                                        "Workers": [
                                                            {
                                                                "Worker Number": 0,
                                                                "Actual Startup Time": 15.973,
                                                                "Actual Total Time": 209.613,
                                                                "Actual Rows": 10847,
                                                                "Actual Loops": 1
                                                            },
                                                            {
                                                                "Worker Number": 1,
                                                                "Actual Startup Time": 16.359,
                                                                "Actual Total Time": 206.165,
                                                                "Actual Rows": 9591,
                                                                "Actual Loops": 1
                                                            },
                                                            {
                                                                "Worker Number": 2,
                                                                "Actual Startup Time": 16.583,
                                                                "Actual Total Time": 205.353,
                                                                "Actual Rows": 9945,
                                                                "Actual Loops": 1
                                                            }
                                                        ],
                                                        "Plans": [
                                                            {
                                                                "Node Type": "Hash Join",
                                                                "Parent Relationship": "Outer",
                                                                "Parallel Aware": true,
                                                                "Join Type": "Inner",
                                                                "Startup Cost": 4771.42,
                                                                "Total Cost": 36201.26,
                                                                "Plan Rows": 161,
                                                                "Plan Width": 4,
                                                                "Actual Startup Time": 19.362,
                                                                "Actual Total Time": 139.116,
                                                                "Actual Rows": 12082,
                                                                "Actual Loops": 4,
                                                                "Output": [
                                                                    "mc.movie_id"
                                                                ],
                                                                "Inner Unique": true,
                                                                "Hash Cond": "(mc.company_id = cn.id)",
                                                                "Workers": [
                                                                    {
                                                                        "Worker Number": 0,
                                                                        "Actual Startup Time": 15.869,
                                                                        "Actual Total Time": 125.9,
                                                                        "Actual Rows": 10847,
                                                                        "Actual Loops": 1
                                                                    },
                                                                    {
                                                                        "Worker Number": 1,
                                                                        "Actual Startup Time": 16.251,
                                                                        "Actual Total Time": 124.575,
                                                                        "Actual Rows": 9591,
                                                                        "Actual Loops": 1
                                                                    },
                                                                    {
                                                                        "Worker Number": 2,
                                                                        "Actual Startup Time": 16.456,
                                                                        "Actual Total Time": 123.729,
                                                                        "Actual Rows": 9945,
                                                                        "Actual Loops": 1
                                                                    }
                                                                ],
                                                                "Plans": [
                                                                    {
                                                                        "Node Type": "Seq Scan",
                                                                        "Parent Relationship": "Outer",
                                                                        "Parallel Aware": true,
                                                                        "Relation Name": "movie_companies",
                                                                        "Schema": "public",
                                                                        "Alias": "mc",
                                                                        "Startup Cost": 0.0,
                                                                        "Total Cost": 31414.82,
                                                                        "Plan Rows": 5724,
                                                                        "Plan Width": 8,
                                                                        "Actual Startup Time": 0.065,
                                                                        "Actual Total Time": 113.127,
                                                                        "Actual Rows": 12224,
                                                                        "Actual Loops": 4,
                                                                        "Output": [
                                                                            "mc.id",
                                                                            "mc.movie_id",
                                                                            "mc.company_id",
                                                                            "mc.company_type_id",
                                                                            "mc.note"
                                                                        ],
                                                                        "Filter": "((mc.note ~~ '%(Japan)%'::text) AND (mc.note !~~ '%(USA)%'::text))",
                                                                        "Rows Removed by Filter": 640058,
                                                                        "Workers": [
                                                                            {
                                                                                "Worker Number": 0,
                                                                                "Actual Startup Time": 0.04,
                                                                                "Actual Total Time": 103.46,
                                                                                "Actual Rows": 10967,
                                                                                "Actual Loops": 1
                                                                            },
                                                                            {
                                                                                "Worker Number": 1,
                                                                                "Actual Startup Time": 0.046,
                                                                                "Actual Total Time": 102.053,
                                                                                "Actual Rows": 9723,
                                                                                "Actual Loops": 1
                                                                            },
                                                                            {
                                                                                "Worker Number": 2,
                                                                                "Actual Startup Time": 0.089,
                                                                                "Actual Total Time": 100.93,
                                                                                "Actual Rows": 10054,
                                                                                "Actual Loops": 1
                                                                            }
                                                                        ]
                                                                    },
                                                                    {
                                                                        "Node Type": "Hash",
                                                                        "Parent Relationship": "Inner",
                                                                        "Parallel Aware": true,
                                                                        "Startup Cost": 4722.92,
                                                                        "Total Cost": 4722.92,
                                                                        "Plan Rows": 3880,
                                                                        "Plan Width": 4,
                                                                        "Actual Startup Time": 18.209,
                                                                        "Actual Total Time": 18.21,
                                                                        "Actual Rows": 1688,
                                                                        "Actual Loops": 4,
                                                                        "Output": [
                                                                            "cn.id"
                                                                        ],
                                                                        "Hash Buckets": 8192,
                                                                        "Original Hash Buckets": 8192,
                                                                        "Hash Batches": 1,
                                                                        "Original Hash Batches": 1,
                                                                        "Peak Memory Usage": 416,
                                                                        "Workers": [
                                                                            {
                                                                                "Worker Number": 0,
                                                                                "Actual Startup Time": 15.551,
                                                                                "Actual Total Time": 15.552,
                                                                                "Actual Rows": 902,
                                                                                "Actual Loops": 1
                                                                            },
                                                                            {
                                                                                "Worker Number": 1,
                                                                                "Actual Startup Time": 16.033,
                                                                                "Actual Total Time": 16.034,
                                                                                "Actual Rows": 1116,
                                                                                "Actual Loops": 1
                                                                            },
                                                                            {
                                                                                "Worker Number": 2,
                                                                                "Actual Startup Time": 16.074,
                                                                                "Actual Total Time": 16.076,
                                                                                "Actual Rows": 1056,
                                                                                "Actual Loops": 1
                                                                            }
                                                                        ],
                                                                        "Plans": [
                                                                            {
                                                                                "Node Type": "Seq Scan",
                                                                                "Parent Relationship": "Outer",
                                                                                "Parallel Aware": true,
                                                                                "Relation Name": "company_name",
                                                                                "Schema": "public",
                                                                                "Alias": "cn",
                                                                                "Startup Cost": 0.0,
                                                                                "Total Cost": 4722.92,
                                                                                "Plan Rows": 3880,
                                                                                "Plan Width": 4,
                                                                                "Actual Startup Time": 0.048,
                                                                                "Actual Total Time": 16.993,
                                                                                "Actual Rows": 1688,
                                                                                "Actual Loops": 4,
                                                                                "Output": [
                                                                                    "cn.id"
                                                                                ],
                                                                                "Filter": "((cn.country_code)::text = '[jp]'::text)",
                                                                                "Rows Removed by Filter": 57061,
                                                                                "Workers": [
                                                                                    {
                                                                                        "Worker Number": 0,
                                                                                        "Actual Startup Time": 0.063,
                                                                                        "Actual Total Time": 14.504,
                                                                                        "Actual Rows": 902,
                                                                                        "Actual Loops": 1
                                                                                    },
                                                                                    {
                                                                                        "Worker Number": 1,
                                                                                        "Actual Startup Time": 0.053,
                                                                                        "Actual Total Time": 14.895,
                                                                                        "Actual Rows": 1116,
                                                                                        "Actual Loops": 1
                                                                                    },
                                                                                    {
                                                                                        "Worker Number": 2,
                                                                                        "Actual Startup Time": 0.051,
                                                                                        "Actual Total Time": 14.955,
                                                                                        "Actual Rows": 1056,
                                                                                        "Actual Loops": 1
                                                                                    }
                                                                                ]
                                                                            }
                                                                        ]
                                                                    }
                                                                ]
                                                            },
                                                            {
                                                                "Node Type": "Index Scan",
                                                                "Parent Relationship": "Inner",
                                                                "Parallel Aware": false,
                                                                "Scan Direction": "Forward",
                                                                "Index Name": "title_pkey",
                                                                "Relation Name": "title",
                                                                "Schema": "public",
                                                                "Alias": "t",
                                                                "Startup Cost": 0.43,
                                                                "Total Cost": 5.67,
                                                                "Plan Rows": 1,
                                                                "Plan Width": 21,
                                                                "Actual Startup Time": 0.006,
                                                                "Actual Total Time": 0.006,
                                                                "Actual Rows": 1,
                                                                "Actual Loops": 48328,
                                                                "Output": [
                                                                    "t.id",
                                                                    "t.title",
                                                                    "t.imdb_index",
                                                                    "t.kind_id",
                                                                    "t.production_year",
                                                                    "t.imdb_id",
                                                                    "t.phonetic_code",
                                                                    "t.episode_of_id",
                                                                    "t.season_nr",
                                                                    "t.episode_nr",
                                                                    "t.series_years",
                                                                    "t.md5sum"
                                                                ],
                                                                "Index Cond": "(t.id = mc.movie_id)",
                                                                "Rows Removed by Index Recheck": 0,
                                                                "Workers": [
                                                                    {
                                                                        "Worker Number": 0,
                                                                        "Actual Startup Time": 0.007,
                                                                        "Actual Total Time": 0.007,
                                                                        "Actual Rows": 1,
                                                                        "Actual Loops": 10847
                                                                    },
                                                                    {
                                                                        "Worker Number": 1,
                                                                        "Actual Startup Time": 0.008,
                                                                        "Actual Total Time": 0.008,
                                                                        "Actual Rows": 1,
                                                                        "Actual Loops": 9591
                                                                    },
                                                                    {
                                                                        "Worker Number": 2,
                                                                        "Actual Startup Time": 0.007,
                                                                        "Actual Total Time": 0.007,
                                                                        "Actual Rows": 1,
                                                                        "Actual Loops": 9945
                                                                    }
                                                                ]
                                                            }
                                                        ]
                                                    },
                                                    {
                                                        "Node Type": "Index Scan",
                                                        "Parent Relationship": "Inner",
                                                        "Parallel Aware": false,
                                                        "Scan Direction": "Forward",
                                                        "Index Name": "movie_id_cast_info",
                                                        "Relation Name": "cast_info",
                                                        "Schema": "public",
                                                        "Alias": "ci",
                                                        "Startup Cost": 0.56,
                                                        "Total Cost": 1.93,
                                                        "Plan Rows": 1,
                                                        "Plan Width": 12,
                                                        "Actual Startup Time": 0.05,
                                                        "Actual Total Time": 0.052,
                                                        "Actual Rows": 0,
                                                        "Actual Loops": 48328,
                                                        "Output": [
                                                            "ci.id",
                                                            "ci.person_id",
                                                            "ci.movie_id",
                                                            "ci.person_role_id",
                                                            "ci.note",
                                                            "ci.nr_order",
                                                            "ci.role_id"
                                                        ],
                                                        "Index Cond": "(ci.movie_id = t.id)",
                                                        "Rows Removed by Index Recheck": 0,
                                                        "Filter": "(ci.note = '(voice: English version)'::text)",
                                                        "Rows Removed by Filter": 32,
                                                        "Workers": [
                                                            {
                                                                "Worker Number": 0,
                                                                "Actual Startup Time": 0.056,
                                                                "Actual Total Time": 0.059,
                                                                "Actual Rows": 0,
                                                                "Actual Loops": 10847
                                                            },
                                                            {
                                                                "Worker Number": 1,
                                                                "Actual Startup Time": 0.063,
                                                                "Actual Total Time": 0.066,
                                                                "Actual Rows": 1,
                                                                "Actual Loops": 9591
                                                            },
                                                            {
                                                                "Worker Number": 2,
                                                                "Actual Startup Time": 0.062,
                                                                "Actual Total Time": 0.065,
                                                                "Actual Rows": 0,
                                                                "Actual Loops": 9945
                                                            }
                                                        ]
                                                    }
                                                ]
                                            },
                                            {
                                                "Node Type": "Hash",
                                                "Parent Relationship": "Inner",
                                                "Parallel Aware": false,
                                                "Startup Cost": 1.15,
                                                "Total Cost": 1.15,
                                                "Plan Rows": 1,
                                                "Plan Width": 4,
                                                "Actual Startup Time": 0.082,
                                                "Actual Total Time": 0.082,
                                                "Actual Rows": 1,
                                                "Actual Loops": 4,
                                                "Output": [
                                                    "rt.id"
                                                ],
                                                "Hash Buckets": 1024,
                                                "Original Hash Buckets": 1024,
                                                "Hash Batches": 1,
                                                "Original Hash Batches": 1,
                                                "Peak Memory Usage": 9,
                                                "Workers": [
                                                    {
                                                        "Worker Number": 0,
                                                        "Actual Startup Time": 0.093,
                                                        "Actual Total Time": 0.094,
                                                        "Actual Rows": 1,
                                                        "Actual Loops": 1
                                                    },
                                                    {
                                                        "Worker Number": 1,
                                                        "Actual Startup Time": 0.096,
                                                        "Actual Total Time": 0.096,
                                                        "Actual Rows": 1,
                                                        "Actual Loops": 1
                                                    },
                                                    {
                                                        "Worker Number": 2,
                                                        "Actual Startup Time": 0.1,
                                                        "Actual Total Time": 0.101,
                                                        "Actual Rows": 1,
                                                        "Actual Loops": 1
                                                    }
                                                ],
                                                "Plans": [
                                                    {
                                                        "Node Type": "Seq Scan",
                                                        "Parent Relationship": "Outer",
                                                        "Parallel Aware": false,
                                                        "Relation Name": "role_type",
                                                        "Schema": "public",
                                                        "Alias": "rt",
                                                        "Startup Cost": 0.0,
                                                        "Total Cost": 1.15,
                                                        "Plan Rows": 1,
                                                        "Plan Width": 4,
                                                        "Actual Startup Time": 0.055,
                                                        "Actual Total Time": 0.06,
                                                        "Actual Rows": 1,
                                                        "Actual Loops": 4,
                                                        "Output": [
                                                            "rt.id"
                                                        ],
                                                        "Filter": "((rt.role)::text = 'actress'::text)",
                                                        "Rows Removed by Filter": 11,
                                                        "Workers": [
                                                            {
                                                                "Worker Number": 0,
                                                                "Actual Startup Time": 0.062,
                                                                "Actual Total Time": 0.068,
                                                                "Actual Rows": 1,
                                                                "Actual Loops": 1
                                                            },
                                                            {
                                                                "Worker Number": 1,
                                                                "Actual Startup Time": 0.063,
                                                                "Actual Total Time": 0.069,
                                                                "Actual Rows": 1,
                                                                "Actual Loops": 1
                                                            },
                                                            {
                                                                "Worker Number": 2,
                                                                "Actual Startup Time": 0.069,
                                                                "Actual Total Time": 0.075,
                                                                "Actual Rows": 1,
                                                                "Actual Loops": 1
                                                            }
                                                        ]
                                                    }
                                                ]
                                            }
                                        ]
                                    },
                                    {
                                        "Node Type": "Index Scan",
                                        "Parent Relationship": "Inner",
                                        "Parallel Aware": false,
                                        "Scan Direction": "Forward",
                                        "Index Name": "person_id_aka_name",
                                        "Relation Name": "aka_name",
                                        "Schema": "public",
                                        "Alias": "an1",
                                        "Startup Cost": 0.42,
                                        "Total Cost": 1.15,
                                        "Plan Rows": 2,
                                        "Plan Width": 20,
                                        "Actual Startup Time": 0.005,
                                        "Actual Total Time": 0.006,
                                        "Actual Rows": 2,
                                        "Actual Loops": 7438,
                                        "Output": [
                                            "an1.id",
                                            "an1.person_id",
                                            "an1.name",
                                            "an1.imdb_index",
                                            "an1.name_pcode_cf",
                                            "an1.name_pcode_nf",
                                            "an1.surname_pcode",
                                            "an1.md5sum"
                                        ],
                                        "Index Cond": "(an1.person_id = ci.person_id)",
                                        "Rows Removed by Index Recheck": 0,
                                        "Workers": [
                                            {
                                                "Worker Number": 0,
                                                "Actual Startup Time": 0.006,
                                                "Actual Total Time": 0.007,
                                                "Actual Rows": 3,
                                                "Actual Loops": 1519
                                            },
                                            {
                                                "Worker Number": 1,
                                                "Actual Startup Time": 0.005,
                                                "Actual Total Time": 0.006,
                                                "Actual Rows": 3,
                                                "Actual Loops": 2052
                                            },
                                            {
                                                "Worker Number": 2,
                                                "Actual Startup Time": 0.006,
                                                "Actual Total Time": 0.006,
                                                "Actual Rows": 2,
                                                "Actual Loops": 1652
                                            }
                                        ]
                                    }
                                ]
                            },
                            {
                                "Node Type": "Index Scan",
                                "Parent Relationship": "Inner",
                                "Parallel Aware": false,
                                "Scan Direction": "Forward",
                                "Index Name": "name_pkey",
                                "Relation Name": "name",
                                "Schema": "public",
                                "Alias": "n1",
                                "Startup Cost": 0.43,
                                "Total Cost": 0.77,
                                "Plan Rows": 1,
                                "Plan Width": 4,
                                "Actual Startup Time": 0.003,
                                "Actual Total Time": 0.003,
                                "Actual Rows": 0,
                                "Actual Loops": 17379,
                                "Output": [
                                    "n1.id",
                                    "n1.name",
                                    "n1.imdb_index",
                                    "n1.imdb_id",
                                    "n1.gender",
                                    "n1.name_pcode_cf",
                                    "n1.name_pcode_nf",
                                    "n1.surname_pcode",
                                    "n1.md5sum"
                                ],
                                "Index Cond": "(n1.id = an1.person_id)",
                                "Rows Removed by Index Recheck": 0,
                                "Filter": "((n1.name ~~ '%Yo%'::text) AND (n1.name !~~ '%Yu%'::text))",
                                "Rows Removed by Filter": 1,
                                "Workers": [
                                    {
                                        "Worker Number": 0,
                                        "Actual Startup Time": 0.003,
                                        "Actual Total Time": 0.003,
                                        "Actual Rows": 0,
                                        "Actual Loops": 3935
                                    },
                                    {
                                        "Worker Number": 1,
                                        "Actual Startup Time": 0.003,
                                        "Actual Total Time": 0.003,
                                        "Actual Rows": 0,
                                        "Actual Loops": 6911
                                    },
                                    {
                                        "Worker Number": 2,
                                        "Actual Startup Time": 0.004,
                                        "Actual Total Time": 0.004,
                                        "Actual Rows": 0,
                                        "Actual Loops": 2953
                                    }
                                ]
                            }
                        ]
                    }
                ]
            }
        ]
    },
    "Planning Time": 8.149,
    "Triggers": [],
    "Execution Time": 992.173
}