[
  {
    "Plan": {
      "Node Type": "Aggregate",
      "Strategy": "Plain",
      "Partial Mode": "Finalize",
      "Parallel Aware": false,
      "Startup Cost": 45559.43,
      "Total Cost": 45559.44,
      "Plan Rows": 1,
      "Plan Width": 8,
      "Actual Startup Time": 189.96,
      "Actual Total Time": 199.627,
      "Actual Rows": 1,
      "Actual Loops": 1,
      "Plans": [
        {
          "Node Type": "Gather",
          "Parent Relationship": "Outer",
          "Parallel Aware": false,
          "Startup Cost": 45559.11,
          "Total Cost": 45559.42,
          "Plan Rows": 3,
          "Plan Width": 8,
          "Actual Startup Time": 189.75,
          "Actual Total Time": 199.614,
          "Actual Rows": 4,
          "Actual Loops": 1,
          "Workers Planned": 3,
          "Workers Launched": 3,
          "Single Copy": false,
          "Plans": [
            {
              "Node Type": "Aggregate",
              "Strategy": "Plain",
              "Partial Mode": "Partial",
              "Parent Relationship": "Outer",
              "Parallel Aware": false,
              "Startup Cost": 44559.11,
              "Total Cost": 44559.12,
              "Plan Rows": 1,
              "Plan Width": 8,
              "Actual Startup Time": 180.61,
              "Actual Total Time": 180.613,
              "Actual Rows": 1,
              "Actual Loops": 4,
              "Plans": [
                {
                  "Node Type": "Seq Scan",
                  "Parent Relationship": "Outer",
                  "Parallel Aware": true,
                  "Relation Name": "movie_keyword",
                  "Alias": "mk",
                  "Startup Cost": 0.0,
                  "Total Cost": 42695.65,
                  "Plan Rows": 745383,
                  "Plan Width": 0,
                  "Actual Startup Time": 0.729,
                  "Actual Total Time": 150.083,
                  "Actual Rows": 574247,
                  "Actual Loops": 4,
                  "Filter": "(keyword_id > 4574)",
                  "Rows Removed by Filter": 556736
                }
              ]
            }
          ]
        }
      ]
    },
    "Planning Time": 0.203,
    "Triggers": [],
    "Execution Time": 199.685
  }
]