[
  {
    "Plan": {
      "Node Type": "Aggregate",
      "Strategy": "Plain",
      "Partial Mode": "Finalize",
      "Parallel Aware": false,
      "Startup Cost": 45550.78,
      "Total Cost": 45550.79,
      "Plan Rows": 1,
      "Plan Width": 8,
      "Actual Startup Time": 161.909,
      "Actual Total Time": 171.356,
      "Actual Rows": 1,
      "Actual Loops": 1,
      "Plans": [
        {
          "Node Type": "Gather",
          "Parent Relationship": "Outer",
          "Parallel Aware": false,
          "Startup Cost": 45550.46,
          "Total Cost": 45550.77,
          "Plan Rows": 3,
          "Plan Width": 8,
          "Actual Startup Time": 161.769,
          "Actual Total Time": 171.347,
          "Actual Rows": 4,
          "Actual Loops": 1,
          "Workers Planned": 3,
          "Workers Launched": 3,
          "Single Copy": false,
          "Plans": [
            {
              "Node Type": "Aggregate",
              "Strategy": "Plain",
              "Partial Mode": "Partial",
              "Parent Relationship": "Outer",
              "Parallel Aware": false,
              "Startup Cost": 44550.46,
              "Total Cost": 44550.47,
              "Plan Rows": 1,
              "Plan Width": 8,
              "Actual Startup Time": 153.429,
              "Actual Total Time": 153.43,
              "Actual Rows": 1,
              "Actual Loops": 4,
              "Plans": [
                {
                  "Node Type": "Seq Scan",
                  "Parent Relationship": "Outer",
                  "Parallel Aware": true,
                  "Relation Name": "movie_keyword",
                  "Alias": "mk",
                  "Startup Cost": 0.0,
                  "Total Cost": 42695.65,
                  "Plan Rows": 741923,
                  "Plan Width": 0,
                  "Actual Startup Time": 0.681,
                  "Actual Total Time": 124.489,
                  "Actual Rows": 574247,
                  "Actual Loops": 4,
                  "Filter": "(keyword_id > 4574)",
                  "Rows Removed by Filter": 556736
                }
              ]
            }
          ]
        }
      ]
    },
    "Planning Time": 0.16,
    "Triggers": [],
    "Execution Time": 171.407
  }
]