[
    {
        "Bao": {
            "Bao prediction": "NaN",
            "Bao recommended hint": "(no hint)"
        }
    },
    {
        "Plan": {
            "Node Type": "Aggregate",
            "Strategy": "Plain",
            "Partial Mode": "Finalize",
            "Parallel Aware": false,
            "Startup Cost": 32773.49,
            "Total Cost": 32773.5,
            "Plan Rows": 1,
            "Plan Width": 8,
            "Actual Startup Time": 79.586,
            "Actual Total Time": 85.185,
            "Actual Rows": 1,
            "Actual Loops": 1,
            "Output": [
                "count(*)"
            ],
            "Plans": [
                {
                    "Node Type": "Gather",
                    "Parent Relationship": "Outer",
                    "Parallel Aware": false,
                    "Startup Cost": 32773.18,
                    "Total Cost": 32773.49,
                    "Plan Rows": 3,
                    "Plan Width": 8,
                    "Actual Startup Time": 79.499,
                    "Actual Total Time": 85.178,
                    "Actual Rows": 4,
                    "Actual Loops": 1,
                    "Output": [
                        "(PARTIAL count(*))"
                    ],
                    "Workers Planned": 3,
                    "Workers Launched": 3,
                    "Single Copy": false,
                    "Plans": [
                        {
                            "Node Type": "Aggregate",
                            "Strategy": "Plain",
                            "Partial Mode": "Partial",
                            "Parent Relationship": "Outer",
                            "Parallel Aware": false,
                            "Startup Cost": 31773.18,
                            "Total Cost": 31773.19,
                            "Plan Rows": 1,
                            "Plan Width": 8,
                            "Actual Startup Time": 71.727,
                            "Actual Total Time": 71.728,
                            "Actual Rows": 1,
                            "Actual Loops": 4,
                            "Output": [
                                "PARTIAL count(*)"
                            ],
                            "Workers": [
                                {
                                    "Worker Number": 0,
                                    "Actual Startup Time": 69.118,
                                    "Actual Total Time": 69.119,
                                    "Actual Rows": 1,
                                    "Actual Loops": 1
                                },
                                {
                                    "Worker Number": 1,
                                    "Actual Startup Time": 69.215,
                                    "Actual Total Time": 69.216,
                                    "Actual Rows": 1,
                                    "Actual Loops": 1
                                },
                                {
                                    "Worker Number": 2,
                                    "Actual Startup Time": 69.329,
                                    "Actual Total Time": 69.331,
                                    "Actual Rows": 1,
                                    "Actual Loops": 1
                                }
                            ],
                            "Plans": [
                                {
                                    "Node Type": "Seq Scan",
                                    "Parent Relationship": "Outer",
                                    "Parallel Aware": true,
                                    "Relation Name": "movie_companies",
                                    "Schema": "public",
                                    "Alias": "mc",
                                    "Startup Cost": 0.0,
                                    "Total Cost": 31414.82,
                                    "Plan Rows": 143343,
                                    "Plan Width": 0,
                                    "Actual Startup Time": 15.952,
                                    "Actual Total Time": 69.868,
                                    "Actual Rows": 31518,
                                    "Actual Loops": 4,
                                    "Output": [
                                        "id",
                                        "movie_id",
                                        "company_id",
                                        "company_type_id",
                                        "note"
                                    ],
                                    "Filter": "((mc.company_id > 20787) AND (mc.company_type_id < 2))",
                                    "Rows Removed by Filter": 620764,
                                    "Workers": [
                                        {
                                            "Worker Number": 0,
                                            "Actual Startup Time": 13.353,
                                            "Actual Total Time": 67.339,
                                            "Actual Rows": 25336,
                                            "Actual Loops": 1
                                        },
                                        {
                                            "Worker Number": 1,
                                            "Actual Startup Time": 13.457,
                                            "Actual Total Time": 67.52,
                                            "Actual Rows": 23023,
                                            "Actual Loops": 1
                                        },
                                        {
                                            "Worker Number": 2,
                                            "Actual Startup Time": 13.544,
                                            "Actual Total Time": 67.525,
                                            "Actual Rows": 25765,
                                            "Actual Loops": 1
                                        }
                                    ]
                                }
                            ]
                        }
                    ]
                }
            ]
        },
        "Planning Time": 191.317,
        "Triggers": [],
        "Execution Time": 85.227
    }
]