[
  {
    "Plan": {
      "Node Type": "Aggregate",
      "Strategy": "Plain",
      "Partial Mode": "Finalize",
      "Parallel Aware": false,
      "Startup Cost": 348435.95,
      "Total Cost": 348435.96,
      "Plan Rows": 1,
      "Plan Width": 8,
      "Actual Startup Time": 778.026,
      "Actual Total Time": 838.526,
      "Actual Rows": 1,
      "Actual Loops": 1,
      "Plans": [
        {
          "Node Type": "Gather",
          "Parent Relationship": "Outer",
          "Parallel Aware": false,
          "Startup Cost": 348435.33,
          "Total Cost": 348435.94,
          "Plan Rows": 6,
          "Plan Width": 8,
          "Actual Startup Time": 777.916,
          "Actual Total Time": 838.516,
          "Actual Rows": 7,
          "Actual Loops": 1,
          "Workers Planned": 6,
          "Workers Launched": 6,
          "Single Copy": false,
          "Plans": [
            {
              "Node Type": "Aggregate",
              "Strategy": "Plain",
              "Partial Mode": "Partial",
              "Parent Relationship": "Outer",
              "Parallel Aware": false,
              "Startup Cost": 347435.33,
              "Total Cost": 347435.34,
              "Plan Rows": 1,
              "Plan Width": 8,
              "Actual Startup Time": 768.095,
              "Actual Total Time": 768.096,
              "Actual Rows": 1,
              "Actual Loops": 7,
              "Plans": [
                {
                  "Node Type": "Seq Scan",
                  "Parent Relationship": "Outer",
                  "Parallel Aware": true,
                  "Relation Name": "cast_info",
                  "Alias": "ci",
                  "Startup Cost": 0.0,
                  "Total Cost": 343257.03,
                  "Plan Rows": 1671320,
                  "Plan Width": 0,
                  "Actual Startup Time": 267.293,
                  "Actual Total Time": 672.673,
                  "Actual Rows": 2178958,
                  "Actual Loops": 7,
                  "Filter": "((person_id > 2117185) AND (role_id > 1))",
                  "Rows Removed by Filter": 2998805
                }
              ]
            }
          ]
        }
      ]
    },
    "Planning Time": 0.222,
    "Triggers": [],
    "Execution Time": 838.597
  }
]