[
  {
    "Plan": {
      "Node Type": "Aggregate",
      "Strategy": "Plain",
      "Partial Mode": "Finalize",
      "Parallel Aware": false,
      "Startup Cost": 264580.12,
      "Total Cost": 264580.13,
      "Plan Rows": 1,
      "Plan Width": 8,
      "Actual Startup Time": 611.888,
      "Actual Total Time": 631.701,
      "Actual Rows": 1,
      "Actual Loops": 1,
      "Plans": [
        {
          "Node Type": "Gather",
          "Parent Relationship": "Outer",
          "Parallel Aware": false,
          "Startup Cost": 264579.8,
          "Total Cost": 264580.11,
          "Plan Rows": 3,
          "Plan Width": 8,
          "Actual Startup Time": 600.905,
          "Actual Total Time": 631.684,
          "Actual Rows": 4,
          "Actual Loops": 1,
          "Workers Planned": 3,
          "Workers Launched": 3,
          "Single Copy": false,
          "Plans": [
            {
              "Node Type": "Aggregate",
              "Strategy": "Plain",
              "Partial Mode": "Partial",
              "Parent Relationship": "Outer",
              "Parallel Aware": false,
              "Startup Cost": 263579.8,
              "Total Cost": 263579.81,
              "Plan Rows": 1,
              "Plan Width": 8,
              "Actual Startup Time": 596.471,
              "Actual Total Time": 596.478,
              "Actual Rows": 1,
              "Actual Loops": 4,
              "Plans": [
                {
                  "Node Type": "Hash Join",
                  "Parent Relationship": "Outer",
                  "Parallel Aware": true,
                  "Join Type": "Inner",
                  "Startup Cost": 218513.66,
                  "Total Cost": 263276.29,
                  "Plan Rows": 121405,
                  "Plan Width": 0,
                  "Actual Startup Time": 386.109,
                  "Actual Total Time": 591.745,
                  "Actual Rows": 100192,
                  "Actual Loops": 4,
                  "Inner Unique": false,
                  "Hash Cond": "(mk.movie_id = t.id)",
                  "Plans": [
                    {
                      "Node Type": "Seq Scan",
                      "Parent Relationship": "Outer",
                      "Parallel Aware": true,
                      "Relation Name": "movie_keyword",
                      "Alias": "mk",
                      "Startup Cost": 0.0,
                      "Total Cost": 39047.32,
                      "Plan Rows": 1459332,
                      "Plan Width": 4,
                      "Actual Startup Time": 0.034,
                      "Actual Total Time": 96.966,
                      "Actual Rows": 1130982,
                      "Actual Loops": 4
                    },
                    {
                      "Node Type": "Hash",
                      "Parent Relationship": "Inner",
                      "Parallel Aware": true,
                      "Startup Cost": 217987.8,
                      "Total Cost": 217987.8,
                      "Plan Rows": 42069,
                      "Plan Width": 8,
                      "Actual Startup Time": 384.578,
                      "Actual Total Time": 384.583,
                      "Actual Rows": 28552,
                      "Actual Loops": 4,
                      "Hash Buckets": 262144,
                      "Original Hash Buckets": 262144,
                      "Hash Batches": 1,
                      "Original Hash Batches": 1,
                      "Peak Memory Usage": 6560,
                      "Plans": [
                        {
                          "Node Type": "Hash Join",
                          "Parent Relationship": "Outer",
                          "Parallel Aware": true,
                          "Join Type": "Inner",
                          "Startup Cost": 54951.41,
                          "Total Cost": 217987.8,
                          "Plan Rows": 42069,
                          "Plan Width": 8,
                          "Actual Startup Time": 283.606,
                          "Actual Total Time": 373.784,
                          "Actual Rows": 28552,
                          "Actual Loops": 4,
                          "Inner Unique": true,
                          "Hash Cond": "(mi.movie_id = t.id)",
                          "Plans": [
                            {
                              "Node Type": "Bitmap Heap Scan",
                              "Parent Relationship": "Outer",
                              "Parallel Aware": true,
                              "Relation Name": "movie_info",
                              "Alias": "mi",
                              "Startup Cost": 6233.6,
                              "Total Cost": 169088.91,
                              "Plan Rows": 68985,
                              "Plan Width": 4,
                              "Actual Startup Time": 25.478,
                              "Actual Total Time": 70.423,
                              "Actual Rows": 82214,
                              "Actual Loops": 4,
                              "Recheck Cond": "(info_type_id = 98)",
                              "Rows Removed by Index Recheck": 0,
                              "Exact Heap Blocks": 6334,
                              "Lossy Heap Blocks": 0,
                              "Plans": [
                                {
                                  "Node Type": "Bitmap Index Scan",
                                  "Parent Relationship": "Outer",
                                  "Parallel Aware": false,
                                  "Index Name": "info_type_id_movie_info",
                                  "Startup Cost": 0.0,
                                  "Total Cost": 6147.37,
                                  "Plan Rows": 344924,
                                  "Plan Width": 0,
                                  "Actual Startup Time": 19.651,
                                  "Actual Total Time": 19.652,
                                  "Actual Rows": 328857,
                                  "Actual Loops": 1,
                                  "Index Cond": "(info_type_id = 98)"
                                }
                              ]
                            },
                            {
                              "Node Type": "Hash",
                              "Parent Relationship": "Inner",
                              "Parallel Aware": true,
                              "Startup Cost": 43899.32,
                              "Total Cost": 43899.32,
                              "Plan Rows": 385479,
                              "Plan Width": 4,
                              "Actual Startup Time": 253.526,
                              "Actual Total Time": 253.527,
                              "Actual Rows": 385816,
                              "Actual Loops": 4,
                              "Hash Buckets": 2097152,
                              "Original Hash Buckets": 2097152,
                              "Hash Batches": 1,
                              "Original Hash Batches": 1,
                              "Peak Memory Usage": 76832,
                              "Plans": [
                                {
                                  "Node Type": "Seq Scan",
                                  "Parent Relationship": "Outer",
                                  "Parallel Aware": true,
                                  "Relation Name": "title",
                                  "Alias": "t",
                                  "Startup Cost": 0.0,
                                  "Total Cost": 43899.32,
                                  "Plan Rows": 385479,
                                  "Plan Width": 4,
                                  "Actual Startup Time": 0.039,
                                  "Actual Total Time": 105.7,
                                  "Actual Rows": 385816,
                                  "Actual Loops": 4,
                                  "Filter": "(kind_id = 7)",
                                  "Rows Removed by Filter": 246262
                                }
                              ]
                            }
                          ]
                        }
                      ]
                    }
                  ]
                }
              ]
            }
          ]
        }
      ]
    },
    "Planning Time": 1.386,
    "Triggers": [],
    "Execution Time": 631.782
  }
]