[
  {
    "Plan": {
      "Node Type": "Aggregate",
      "Strategy": "Plain",
      "Partial Mode": "Finalize",
      "Parallel Aware": false,
      "Startup Cost": 83168.14,
      "Total Cost": 83168.15,
      "Plan Rows": 1,
      "Plan Width": 8,
      "Actual Startup Time": 467.267,
      "Actual Total Time": 483.391,
      "Actual Rows": 1,
      "Actual Loops": 1,
      "Plans": [
        {
          "Node Type": "Gather",
          "Parent Relationship": "Outer",
          "Parallel Aware": false,
          "Startup Cost": 83167.82,
          "Total Cost": 83168.13,
          "Plan Rows": 3,
          "Plan Width": 8,
          "Actual Startup Time": 460.049,
          "Actual Total Time": 483.382,
          "Actual Rows": 4,
          "Actual Loops": 1,
          "Workers Planned": 3,
          "Workers Launched": 3,
          "Single Copy": false,
          "Plans": [
            {
              "Node Type": "Aggregate",
              "Strategy": "Plain",
              "Partial Mode": "Partial",
              "Parent Relationship": "Outer",
              "Parallel Aware": false,
              "Startup Cost": 82167.82,
              "Total Cost": 82167.83,
              "Plan Rows": 1,
              "Plan Width": 8,
              "Actual Startup Time": 440.924,
              "Actual Total Time": 440.927,
              "Actual Rows": 1,
              "Actual Loops": 4,
              "Plans": [
                {
                  "Node Type": "Hash Join",
                  "Parent Relationship": "Outer",
                  "Parallel Aware": true,
                  "Join Type": "Inner",
                  "Startup Cost": 56130.43,
                  "Total Cost": 81943.23,
                  "Plan Rows": 89838,
                  "Plan Width": 0,
                  "Actual Startup Time": 368.246,
                  "Actual Total Time": 437.429,
                  "Actual Rows": 68842,
                  "Actual Loops": 4,
                  "Inner Unique": true,
                  "Hash Cond": "(mk.movie_id = t.id)",
                  "Plans": [
                    {
                      "Node Type": "Bitmap Heap Scan",
                      "Parent Relationship": "Outer",
                      "Parallel Aware": true,
                      "Relation Name": "movie_keyword",
                      "Alias": "mk",
                      "Startup Cost": 5910.78,
                      "Total Cost": 31487.76,
                      "Plan Rows": 89838,
                      "Plan Width": 4,
                      "Actual Startup Time": 19.975,
                      "Actual Total Time": 63.827,
                      "Actual Rows": 68842,
                      "Actual Loops": 4,
                      "Recheck Cond": "(keyword_id > 57634)",
                      "Rows Removed by Index Recheck": 0,
                      "Exact Heap Blocks": 6433,
                      "Lossy Heap Blocks": 0,
                      "Plans": [
                        {
                          "Node Type": "Bitmap Index Scan",
                          "Parent Relationship": "Outer",
                          "Parallel Aware": false,
                          "Index Name": "keyword_id_movie_keyword",
                          "Startup Cost": 0.0,
                          "Total Cost": 5841.16,
                          "Plan Rows": 278497,
                          "Plan Width": 0,
                          "Actual Startup Time": 16.662,
                          "Actual Total Time": 16.663,
                          "Actual Rows": 275367,
                          "Actual Loops": 1,
                          "Index Cond": "(keyword_id > 57634)"
                        }
                      ]
                    },
                    {
                      "Node Type": "Hash",
                      "Parent Relationship": "Inner",
                      "Parallel Aware": true,
                      "Startup Cost": 42318.73,
                      "Total Cost": 42318.73,
                      "Plan Rows": 632073,
                      "Plan Width": 4,
                      "Actual Startup Time": 336.86,
                      "Actual Total Time": 336.861,
                      "Actual Rows": 632078,
                      "Actual Loops": 4,
                      "Hash Buckets": 4194304,
                      "Original Hash Buckets": 4194304,
                      "Hash Batches": 1,
                      "Original Hash Batches": 1,
                      "Peak Memory Usage": 131712,
                      "Plans": [
                        {
                          "Node Type": "Seq Scan",
                          "Parent Relationship": "Outer",
                          "Parallel Aware": true,
                          "Relation Name": "title",
                          "Alias": "t",
                          "Startup Cost": 0.0,
                          "Total Cost": 42318.73,
                          "Plan Rows": 632073,
                          "Plan Width": 4,
                          "Actual Startup Time": 0.046,
                          "Actual Total Time": 98.211,
                          "Actual Rows": 632078,
                          "Actual Loops": 4
                        }
                      ]
                    }
                  ]
                }
              ]
            }
          ]
        }
      ]
    },
    "Planning Time": 0.658,
    "Triggers": [],
    "Execution Time": 483.48
  }
]