{
  "Plan": {
    "Node Type": "Aggregate",
    "Strategy": "Plain",
    "Partial Mode": "Finalize",
    "Parallel Aware": false,
    "Startup Cost": 64625.47,
    "Total Cost": 64625.48,
    "Plan Rows": 1,
    "Plan Width": 8,
    "Actual Startup Time": 132.722,
    "Actual Total Time": 138.312,
    "Actual Rows": 1,
    "Actual Loops": 1,
    "Plans": [
      {
        "Node Type": "Gather",
        "Parent Relationship": "Outer",
        "Parallel Aware": false,
        "Startup Cost": 64625.35,
        "Total Cost": 64625.46,
        "Plan Rows": 1,
        "Plan Width": 8,
        "Actual Startup Time": 132.589,
        "Actual Total Time": 138.305,
        "Actual Rows": 2,
        "Actual Loops": 1,
        "Workers Planned": 1,
        "Workers Launched": 1,
        "Single Copy": false,
        "Plans": [
          {
            "Node Type": "Aggregate",
            "Strategy": "Plain",
            "Partial Mode": "Partial",
            "Parent Relationship": "Outer",
            "Parallel Aware": false,
            "Startup Cost": 63625.35,
            "Total Cost": 63625.36,
            "Plan Rows": 1,
            "Plan Width": 8,
            "Actual Startup Time": 128.563,
            "Actual Total Time": 128.566,
            "Actual Rows": 1,
            "Actual Loops": 2,
            "Plans": [
              {
                "Node Type": "Hash Join",
                "Parent Relationship": "Outer",
                "Parallel Aware": true,
                "Join Type": "Inner",
                "Startup Cost": 53745.78,
                "Total Cost": 63624.32,
                "Plan Rows": 412,
                "Plan Width": 0,
                "Actual Startup Time": 102.924,
                "Actual Total Time": 128.534,
                "Actual Rows": 225,
                "Actual Loops": 2,
                "Inner Unique": true,
                "Hash Cond": "(ci.movie_id = t.id)",
                "Plans": [
                  {
                    "Node Type": "Index Scan",
                    "Parent Relationship": "Outer",
                    "Parallel Aware": true,
                    "Scan Direction": "Forward",
                    "Index Name": "role_id_cast_info",
                    "Relation Name": "cast_info",
                    "Alias": "ci",
                    "Startup Cost": 0.56,
                    "Total Cost": 9590.86,
                    "Plan Rows": 109810,
                    "Plan Width": 4,
                    "Actual Startup Time": 0.05,
                    "Actual Total Time": 21.741,
                    "Actual Rows": 39654,
                    "Actual Loops": 2,
                    "Index Cond": "(role_id > 10)",
                    "Rows Removed by Index Recheck": 0,
                    "Filter": "(person_id < 2318919)",
                    "Rows Removed by Filter": 118405
                  },
                  {
                    "Node Type": "Hash",
                    "Parent Relationship": "Inner",
                    "Parallel Aware": true,
                    "Startup Cost": 53675.48,
                    "Total Cost": 53675.48,
                    "Plan Rows": 5579,
                    "Plan Width": 4,
                    "Actual Startup Time": 101.92,
                    "Actual Total Time": 101.922,
                    "Actual Rows": 2794,
                    "Actual Loops": 2,
                    "Hash Buckets": 16384,
                    "Original Hash Buckets": 16384,
                    "Hash Batches": 1,
                    "Original Hash Batches": 1,
                    "Peak Memory Usage": 352,
                    "Plans": [
                      {
                        "Node Type": "Bitmap Heap Scan",
                        "Parent Relationship": "Outer",
                        "Parallel Aware": true,
                        "Relation Name": "title",
                        "Alias": "t",
                        "Startup Cost": 11825.22,
                        "Total Cost": 53675.48,
                        "Plan Rows": 5579,
                        "Plan Width": 4,
                        "Actual Startup Time": 39.227,
                        "Actual Total Time": 100.757,
                        "Actual Rows": 2794,
                        "Actual Loops": 2,
                        "Recheck Cond": "(kind_id = 1)",
                        "Rows Removed by Index Recheck": 0,
                        "Filter": "(production_year = 1995)",
                        "Rows Removed by Filter": 328619,
                        "Exact Heap Blocks": 9228,
                        "Lossy Heap Blocks": 0,
                        "Plans": [
                          {
                            "Node Type": "Bitmap Index Scan",
                            "Parent Relationship": "Outer",
                            "Parallel Aware": false,
                            "Index Name": "kind_id_title",
                            "Startup Cost": 0.0,
                            "Total Cost": 11822.85,
                            "Plan Rows": 663256,
                            "Plan Width": 0,
                            "Actual Startup Time": 39.733,
                            "Actual Total Time": 39.733,
                            "Actual Rows": 662825,
                            "Actual Loops": 1,
                            "Index Cond": "(kind_id = 1)"
                          }
                        ]
                      }
                    ]
                  }
                ]
              }
            ]
          }
        ]
      }
    ]
  },
  "Planning Time": 0.543,
  "Triggers": [],
  "Execution Time": 138.425
}