[
    {
        "Bao": {
            "Bao prediction": "NaN",
            "Bao recommended hint": "(no hint)"
        }
    },
    {
        "Plan": {
            "Node Type": "Aggregate",
            "Strategy": "Plain",
            "Partial Mode": "Finalize",
            "Parallel Aware": false,
            "Startup Cost": 72116.77,
            "Total Cost": 72116.78,
            "Plan Rows": 1,
            "Plan Width": 8,
            "Actual Startup Time": 198.398,
            "Actual Total Time": 205.829,
            "Actual Rows": 1,
            "Actual Loops": 1,
            "Output": [
                "count(*)"
            ],
            "Plans": [
                {
                    "Node Type": "Gather",
                    "Parent Relationship": "Outer",
                    "Parallel Aware": false,
                    "Startup Cost": 72116.35,
                    "Total Cost": 72116.76,
                    "Plan Rows": 4,
                    "Plan Width": 8,
                    "Actual Startup Time": 195.628,
                    "Actual Total Time": 205.818,
                    "Actual Rows": 5,
                    "Actual Loops": 1,
                    "Output": [
                        "(PARTIAL count(*))"
                    ],
                    "Workers Planned": 4,
                    "Workers Launched": 4,
                    "Single Copy": false,
                    "Plans": [
                        {
                            "Node Type": "Aggregate",
                            "Strategy": "Plain",
                            "Partial Mode": "Partial",
                            "Parent Relationship": "Outer",
                            "Parallel Aware": false,
                            "Startup Cost": 71116.35,
                            "Total Cost": 71116.36,
                            "Plan Rows": 1,
                            "Plan Width": 8,
                            "Actual Startup Time": 185.826,
                            "Actual Total Time": 185.83,
                            "Actual Rows": 1,
                            "Actual Loops": 5,
                            "Output": [
                                "PARTIAL count(*)"
                            ],
                            "Workers": [
                                {
                                    "Worker Number": 0,
                                    "Actual Startup Time": 183.073,
                                    "Actual Total Time": 183.076,
                                    "Actual Rows": 1,
                                    "Actual Loops": 1
                                },
                                {
                                    "Worker Number": 1,
                                    "Actual Startup Time": 183.149,
                                    "Actual Total Time": 183.152,
                                    "Actual Rows": 1,
                                    "Actual Loops": 1
                                },
                                {
                                    "Worker Number": 2,
                                    "Actual Startup Time": 183.886,
                                    "Actual Total Time": 183.889,
                                    "Actual Rows": 1,
                                    "Actual Loops": 1
                                },
                                {
                                    "Worker Number": 3,
                                    "Actual Startup Time": 183.933,
                                    "Actual Total Time": 183.937,
                                    "Actual Rows": 1,
                                    "Actual Loops": 1
                                }
                            ],
                            "Plans": [
                                {
                                    "Node Type": "Hash Join",
                                    "Parent Relationship": "Outer",
                                    "Parallel Aware": true,
                                    "Join Type": "Inner",
                                    "Startup Cost": 26326.8,
                                    "Total Cost": 71093.93,
                                    "Plan Rows": 8969,
                                    "Plan Width": 0,
                                    "Actual Startup Time": 119.041,
                                    "Actual Total Time": 183.546,
                                    "Actual Rows": 45644,
                                    "Actual Loops": 5,
                                    "Inner Unique": false,
                                    "Hash Cond": "(t.id = mc.movie_id)",
                                    "Workers": [
                                        {
                                            "Worker Number": 0,
                                            "Actual Startup Time": 116.954,
                                            "Actual Total Time": 180.932,
                                            "Actual Rows": 45938,
                                            "Actual Loops": 1
                                        },
                                        {
                                            "Worker Number": 1,
                                            "Actual Startup Time": 116.108,
                                            "Actual Total Time": 181.017,
                                            "Actual Rows": 45797,
                                            "Actual Loops": 1
                                        },
                                        {
                                            "Worker Number": 2,
                                            "Actual Startup Time": 116.715,
                                            "Actual Total Time": 181.689,
                                            "Actual Rows": 47699,
                                            "Actual Loops": 1
                                        },
                                        {
                                            "Worker Number": 3,
                                            "Actual Startup Time": 116.833,
                                            "Actual Total Time": 181.766,
                                            "Actual Rows": 47434,
                                            "Actual Loops": 1
                                        }
                                    ],
                                    "Plans": [
                                        {
                                            "Node Type": "Seq Scan",
                                            "Parent Relationship": "Outer",
                                            "Parallel Aware": true,
                                            "Relation Name": "title",
                                            "Schema": "public",
                                            "Alias": "t",
                                            "Startup Cost": 0.0,
                                            "Total Cost": 43899.01,
                                            "Plan Rows": 167838,
                                            "Plan Width": 4,
                                            "Actual Startup Time": 29.876,
                                            "Actual Total Time": 69.228,
                                            "Actual Rows": 132565,
                                            "Actual Loops": 5,
                                            "Output": [
                                                "t.id",
                                                "t.title",
                                                "t.imdb_index",
                                                "t.kind_id",
                                                "t.production_year",
                                                "t.imdb_id",
                                                "t.phonetic_code",
                                                "t.episode_of_id",
                                                "t.season_nr",
                                                "t.episode_nr",
                                                "t.series_years",
                                                "t.md5sum"
                                            ],
                                            "Filter": "(t.kind_id = 1)",
                                            "Rows Removed by Filter": 373097,
                                            "Workers": [
                                                {
                                                    "Worker Number": 0,
                                                    "Actual Startup Time": 36.729,
                                                    "Actual Total Time": 69.238,
                                                    "Actual Rows": 133432,
                                                    "Actual Loops": 1
                                                },
                                                {
                                                    "Worker Number": 1,
                                                    "Actual Startup Time": 2.402,
                                                    "Actual Total Time": 69.017,
                                                    "Actual Rows": 133380,
                                                    "Actual Loops": 1
                                                },
                                                {
                                                    "Worker Number": 2,
                                                    "Actual Startup Time": 36.765,
                                                    "Actual Total Time": 70.284,
                                                    "Actual Rows": 138374,
                                                    "Actual Loops": 1
                                                },
                                                {
                                                    "Worker Number": 3,
                                                    "Actual Startup Time": 36.699,
                                                    "Actual Total Time": 70.158,
                                                    "Actual Rows": 137997,
                                                    "Actual Loops": 1
                                                }
                                            ]
                                        },
                                        {
                                            "Node Type": "Hash",
                                            "Parent Relationship": "Inner",
                                            "Parallel Aware": true,
                                            "Startup Cost": 25782.01,
                                            "Total Cost": 25782.01,
                                            "Plan Rows": 43583,
                                            "Plan Width": 4,
                                            "Actual Startup Time": 80.105,
                                            "Actual Total Time": 80.106,
                                            "Actual Rows": 53732,
                                            "Actual Loops": 5,
                                            "Output": [
                                                "mc.movie_id"
                                            ],
                                            "Hash Buckets": 524288,
                                            "Original Hash Buckets": 262144,
                                            "Hash Batches": 1,
                                            "Original Hash Batches": 1,
                                            "Peak Memory Usage": 16704,
                                            "Workers": [
                                                {
                                                    "Worker Number": 0,
                                                    "Actual Startup Time": 78.585,
                                                    "Actual Total Time": 78.586,
                                                    "Actual Rows": 39768,
                                                    "Actual Loops": 1
                                                },
                                                {
                                                    "Worker Number": 1,
                                                    "Actual Startup Time": 78.66,
                                                    "Actual Total Time": 78.661,
                                                    "Actual Rows": 47999,
                                                    "Actual Loops": 1
                                                },
                                                {
                                                    "Worker Number": 2,
                                                    "Actual Startup Time": 79.298,
                                                    "Actual Total Time": 79.299,
                                                    "Actual Rows": 48877,
                                                    "Actual Loops": 1
                                                },
                                                {
                                                    "Worker Number": 3,
                                                    "Actual Startup Time": 79.461,
                                                    "Actual Total Time": 79.462,
                                                    "Actual Rows": 48911,
                                                    "Actual Loops": 1
                                                }
                                            ],
                                            "Plans": [
                                                {
                                                    "Node Type": "Bitmap Heap Scan",
                                                    "Parent Relationship": "Outer",
                                                    "Parallel Aware": true,
                                                    "Relation Name": "movie_companies",
                                                    "Schema": "public",
                                                    "Alias": "mc",
                                                    "Startup Cost": 5709.74,
                                                    "Total Cost": 25782.01,
                                                    "Plan Rows": 43583,
                                                    "Plan Width": 4,
                                                    "Actual Startup Time": 19.236,
                                                    "Actual Total Time": 48.891,
                                                    "Actual Rows": 53732,
                                                    "Actual Loops": 5,
                                                    "Output": [
                                                        "mc.movie_id"
                                                    ],
                                                    "Recheck Cond": "(mc.company_id > 97932)",
                                                    "Rows Removed by Index Recheck": 0,
                                                    "Filter": "(mc.company_type_id = 2)",
                                                    "Rows Removed by Filter": 0,
                                                    "Exact Heap Blocks": 1436,
                                                    "Lossy Heap Blocks": 0,
                                                    "Workers": [
                                                        {
                                                            "Worker Number": 0,
                                                            "Actual Startup Time": 17.812,
                                                            "Actual Total Time": 48.233,
                                                            "Actual Rows": 39768,
                                                            "Actual Loops": 1
                                                        },
                                                        {
                                                            "Worker Number": 1,
                                                            "Actual Startup Time": 17.792,
                                                            "Actual Total Time": 48.463,
                                                            "Actual Rows": 47999,
                                                            "Actual Loops": 1
                                                        },
                                                        {
                                                            "Worker Number": 2,
                                                            "Actual Startup Time": 18.479,
                                                            "Actual Total Time": 49.337,
                                                            "Actual Rows": 48877,
                                                            "Actual Loops": 1
                                                        },
                                                        {
                                                            "Worker Number": 3,
                                                            "Actual Startup Time": 18.586,
                                                            "Actual Total Time": 49.213,
                                                            "Actual Rows": 48911,
                                                            "Actual Loops": 1
                                                        }
                                                    ],
                                                    "Plans": [
                                                        {
                                                            "Node Type": "Bitmap Index Scan",
                                                            "Parent Relationship": "Outer",
                                                            "Parallel Aware": false,
                                                            "Index Name": "company_id_movie_companies",
                                                            "Startup Cost": 0.0,
                                                            "Total Cost": 5675.96,
                                                            "Plan Rows": 265004,
                                                            "Plan Width": 0,
                                                            "Actual Startup Time": 22.522,
                                                            "Actual Total Time": 22.522,
                                                            "Actual Rows": 268662,
                                                            "Actual Loops": 1,
                                                            "Index Cond": "(mc.company_id > 97932)"
                                                        }
                                                    ]
                                                }
                                            ]
                                        }
                                    ]
                                }
                            ]
                        }
                    ]
                }
            ]
        },
        "Planning Time": 277.089,
        "Triggers": [],
        "Execution Time": 205.923
    }
]