{
  "Plan": {
    "Node Type": "Aggregate",
    "Strategy": "Plain",
    "Partial Mode": "Finalize",
    "Parallel Aware": false,
    "Startup Cost": 583326.69,
    "Total Cost": 583326.7,
    "Plan Rows": 1,
    "Plan Width": 8,
    "Actual Startup Time": 3137.066,
    "Actual Total Time": 3195.326,
    "Actual Rows": 1,
    "Actual Loops": 1,
    "Plans": [
      {
        "Node Type": "Gather",
        "Parent Relationship": "Outer",
        "Parallel Aware": false,
        "Startup Cost": 583326.58,
        "Total Cost": 583326.69,
        "Plan Rows": 1,
        "Plan Width": 8,
        "Actual Startup Time": 3136.674,
        "Actual Total Time": 3195.316,
        "Actual Rows": 2,
        "Actual Loops": 1,
        "Workers Planned": 1,
        "Workers Launched": 1,
        "Single Copy": false,
        "Plans": [
          {
            "Node Type": "Aggregate",
            "Strategy": "Plain",
            "Partial Mode": "Partial",
            "Parent Relationship": "Outer",
            "Parallel Aware": false,
            "Startup Cost": 582326.58,
            "Total Cost": 582326.59,
            "Plan Rows": 1,
            "Plan Width": 8,
            "Actual Startup Time": 3130.31,
            "Actual Total Time": 3130.315,
            "Actual Rows": 1,
            "Actual Loops": 2,
            "Plans": [
              {
                "Node Type": "Hash Join",
                "Parent Relationship": "Outer",
                "Parallel Aware": true,
                "Join Type": "Inner",
                "Startup Cost": 39149.62,
                "Total Cost": 581827.72,
                "Plan Rows": 199544,
                "Plan Width": 0,
                "Actual Startup Time": 831.985,
                "Actual Total Time": 3116.106,
                "Actual Rows": 215960,
                "Actual Loops": 2,
                "Inner Unique": true,
                "Hash Cond": "(ci.movie_id = t.id)",
                "Plans": [
                  {
                    "Node Type": "Seq Scan",
                    "Parent Relationship": "Outer",
                    "Parallel Aware": true,
                    "Relation Name": "cast_info",
                    "Alias": "ci",
                    "Startup Cost": 0.0,
                    "Total Cost": 519069.44,
                    "Plan Rows": 8993758,
                    "Plan Width": 4,
                    "Actual Startup Time": 763.096,
                    "Actual Total Time": 1978.333,
                    "Actual Rows": 7622806,
                    "Actual Loops": 2,
                    "Filter": "(person_id > 2117891)",
                    "Rows Removed by Filter": 10499366
                  },
                  {
                    "Node Type": "Hash",
                    "Parent Relationship": "Inner",
                    "Parallel Aware": true,
                    "Startup Cost": 38737.16,
                    "Total Cost": 38737.16,
                    "Plan Rows": 32997,
                    "Plan Width": 4,
                    "Actual Startup Time": 67.191,
                    "Actual Total Time": 67.192,
                    "Actual Rows": 21940,
                    "Actual Loops": 2,
                    "Hash Buckets": 65536,
                    "Original Hash Buckets": 65536,
                    "Hash Batches": 1,
                    "Original Hash Batches": 1,
                    "Peak Memory Usage": 2272,
                    "Plans": [
                      {
                        "Node Type": "Bitmap Heap Scan",
                        "Parent Relationship": "Outer",
                        "Parallel Aware": true,
                        "Relation Name": "title",
                        "Alias": "t",
                        "Startup Cost": 1837.16,
                        "Total Cost": 38737.16,
                        "Plan Rows": 32997,
                        "Plan Width": 4,
                        "Actual Startup Time": 15.317,
                        "Actual Total Time": 59.139,
                        "Actual Rows": 21940,
                        "Actual Loops": 2,
                        "Recheck Cond": "(kind_id = 3)",
                        "Rows Removed by Index Recheck": 0,
                        "Filter": "(production_year > 2000)",
                        "Rows Removed by Filter": 28329,
                        "Exact Heap Blocks": 9270,
                        "Lossy Heap Blocks": 0,
                        "Plans": [
                          {
                            "Node Type": "Bitmap Index Scan",
                            "Parent Relationship": "Outer",
                            "Parallel Aware": false,
                            "Index Name": "kind_id_title",
                            "Startup Cost": 0.0,
                            "Total Cost": 1823.13,
                            "Plan Rows": 102227,
                            "Plan Width": 0,
                            "Actual Startup Time": 15.315,
                            "Actual Total Time": 15.315,
                            "Actual Rows": 100537,
                            "Actual Loops": 1,
                            "Index Cond": "(kind_id = 3)"
                          }
                        ]
                      }
                    ]
                  }
                ]
              }
            ]
          }
        ]
      }
    ]
  },
  "Planning Time": 0.508,
  "Triggers": [],
  "Execution Time": 3195.451
}