{
  "Plan": {
    "Node Type": "Aggregate",
    "Strategy": "Plain",
    "Partial Mode": "Finalize",
    "Parallel Aware": false,
    "Startup Cost": 482258.45,
    "Total Cost": 482258.46,
    "Plan Rows": 1,
    "Plan Width": 8,
    "Actual Startup Time": 1129.414,
    "Actual Total Time": 1156.953,
    "Actual Rows": 1,
    "Actual Loops": 1,
    "Plans": [
      {
        "Node Type": "Gather",
        "Parent Relationship": "Outer",
        "Parallel Aware": false,
        "Startup Cost": 482258.34,
        "Total Cost": 482258.45,
        "Plan Rows": 1,
        "Plan Width": 8,
        "Actual Startup Time": 1127.243,
        "Actual Total Time": 1156.944,
        "Actual Rows": 2,
        "Actual Loops": 1,
        "Workers Planned": 1,
        "Workers Launched": 1,
        "Single Copy": false,
        "Plans": [
          {
            "Node Type": "Aggregate",
            "Strategy": "Plain",
            "Partial Mode": "Partial",
            "Parent Relationship": "Outer",
            "Parallel Aware": false,
            "Startup Cost": 481258.34,
            "Total Cost": 481258.35,
            "Plan Rows": 1,
            "Plan Width": 8,
            "Actual Startup Time": 1121.694,
            "Actual Total Time": 1121.698,
            "Actual Rows": 1,
            "Actual Loops": 2,
            "Plans": [
              {
                "Node Type": "Hash Join",
                "Parent Relationship": "Outer",
                "Parallel Aware": true,
                "Join Type": "Inner",
                "Startup Cost": 177558.08,
                "Total Cost": 480699.45,
                "Plan Rows": 223558,
                "Plan Width": 0,
                "Actual Startup Time": 777.671,
                "Actual Total Time": 1113.271,
                "Actual Rows": 154735,
                "Actual Loops": 2,
                "Inner Unique": true,
                "Hash Cond": "(ci.movie_id = t.id)",
                "Plans": [
                  {
                    "Node Type": "Bitmap Heap Scan",
                    "Parent Relationship": "Outer",
                    "Parallel Aware": true,
                    "Relation Name": "cast_info",
                    "Alias": "ci",
                    "Startup Cost": 116304.01,
                    "Total Cost": 415744.19,
                    "Plan Rows": 1409972,
                    "Plan Width": 4,
                    "Actual Startup Time": 544.39,
                    "Actual Total Time": 693.548,
                    "Actual Rows": 757790,
                    "Actual Loops": 2,
                    "Recheck Cond": "(person_id < 528075)",
                    "Rows Removed by Index Recheck": 0,
                    "Filter": "(role_id > 2)",
                    "Rows Removed by Filter": 1978428,
                    "Exact Heap Blocks": 36316,
                    "Lossy Heap Blocks": 0,
                    "Plans": [
                      {
                        "Node Type": "Bitmap Index Scan",
                        "Parent Relationship": "Outer",
                        "Parallel Aware": false,
                        "Index Name": "person_id_cast_info",
                        "Startup Cost": 0.0,
                        "Total Cost": 115704.77,
                        "Plan Rows": 5298694,
                        "Plan Width": 0,
                        "Actual Startup Time": 311.818,
                        "Actual Total Time": 311.819,
                        "Actual Rows": 5472438,
                        "Actual Loops": 1,
                        "Index Cond": "(person_id < 528075)"
                      }
                    ]
                  },
                  {
                    "Node Type": "Hash",
                    "Parent Relationship": "Inner",
                    "Parallel Aware": true,
                    "Startup Cost": 58306.47,
                    "Total Cost": 58306.47,
                    "Plan Rows": 235808,
                    "Plan Width": 4,
                    "Actual Startup Time": 229.878,
                    "Actual Total Time": 229.879,
                    "Actual Rows": 255069,
                    "Actual Loops": 2,
                    "Hash Buckets": 524288,
                    "Original Hash Buckets": 524288,
                    "Hash Batches": 1,
                    "Original Hash Batches": 1,
                    "Peak Memory Usage": 24096,
                    "Plans": [
                      {
                        "Node Type": "Seq Scan",
                        "Parent Relationship": "Outer",
                        "Parallel Aware": true,
                        "Relation Name": "title",
                        "Alias": "t",
                        "Startup Cost": 0.0,
                        "Total Cost": 58306.47,
                        "Plan Rows": 235808,
                        "Plan Width": 4,
                        "Actual Startup Time": 0.064,
                        "Actual Total Time": 167.556,
                        "Actual Rows": 255069,
                        "Actual Loops": 2,
                        "Filter": "((kind_id < 4) AND (production_year < 2003))",
                        "Rows Removed by Filter": 1009087
                      }
                    ]
                  }
                ]
              }
            ]
          }
        ]
      }
    ]
  },
  "Planning Time": 0.345,
  "Triggers": [],
  "Execution Time": 1157.008
}