[
  {
    "Plan": {
      "Node Type": "Aggregate",
      "Strategy": "Plain",
      "Partial Mode": "Finalize",
      "Parallel Aware": false,
      "Startup Cost": 275779.29,
      "Total Cost": 275779.3,
      "Plan Rows": 1,
      "Plan Width": 8,
      "Actual Startup Time": 935.978,
      "Actual Total Time": 963.918,
      "Actual Rows": 1,
      "Actual Loops": 1,
      "Plans": [
        {
          "Node Type": "Gather",
          "Parent Relationship": "Outer",
          "Parallel Aware": false,
          "Startup Cost": 275778.97,
          "Total Cost": 275779.28,
          "Plan Rows": 3,
          "Plan Width": 8,
          "Actual Startup Time": 908.425,
          "Actual Total Time": 963.904,
          "Actual Rows": 4,
          "Actual Loops": 1,
          "Workers Planned": 3,
          "Workers Launched": 3,
          "Single Copy": false,
          "Plans": [
            {
              "Node Type": "Aggregate",
              "Strategy": "Plain",
              "Partial Mode": "Partial",
              "Parent Relationship": "Outer",
              "Parallel Aware": false,
              "Startup Cost": 274778.97,
              "Total Cost": 274778.98,
              "Plan Rows": 1,
              "Plan Width": 8,
              "Actual Startup Time": 899.169,
              "Actual Total Time": 899.377,
              "Actual Rows": 1,
              "Actual Loops": 4,
              "Plans": [
                {
                  "Node Type": "Hash Join",
                  "Parent Relationship": "Outer",
                  "Parallel Aware": true,
                  "Join Type": "Inner",
                  "Startup Cost": 246493.26,
                  "Total Cost": 274621.27,
                  "Plan Rows": 63083,
                  "Plan Width": 0,
                  "Actual Startup Time": 752.803,
                  "Actual Total Time": 889.942,
                  "Actual Rows": 141387,
                  "Actual Loops": 4,
                  "Inner Unique": false,
                  "Hash Cond": "(mk.movie_id = t.id)",
                  "Plans": [
                    {
                      "Node Type": "Bitmap Heap Scan",
                      "Parent Relationship": "Outer",
                      "Parallel Aware": true,
                      "Relation Name": "movie_keyword",
                      "Alias": "mk",
                      "Startup Cost": 14357.77,
                      "Total Cost": 41540.88,
                      "Plan Rows": 218328,
                      "Plan Width": 4,
                      "Actual Startup Time": 67.608,
                      "Actual Total Time": 145.024,
                      "Actual Rows": 169010,
                      "Actual Loops": 4,
                      "Recheck Cond": "(keyword_id > 27721)",
                      "Rows Removed by Index Recheck": 0,
                      "Exact Heap Blocks": 7869,
                      "Lossy Heap Blocks": 0,
                      "Plans": [
                        {
                          "Node Type": "Bitmap Index Scan",
                          "Parent Relationship": "Outer",
                          "Parallel Aware": false,
                          "Index Name": "keyword_id_movie_keyword",
                          "Startup Cost": 0.0,
                          "Total Cost": 14188.57,
                          "Plan Rows": 676818,
                          "Plan Width": 0,
                          "Actual Startup Time": 61.985,
                          "Actual Total Time": 61.986,
                          "Actual Rows": 676039,
                          "Actual Loops": 1,
                          "Index Cond": "(keyword_id > 27721)"
                        }
                      ]
                    },
                    {
                      "Node Type": "Hash",
                      "Parent Relationship": "Inner",
                      "Parallel Aware": true,
                      "Startup Cost": 230309.1,
                      "Total Cost": 230309.1,
                      "Plan Rows": 146111,
                      "Plan Width": 8,
                      "Actual Startup Time": 679.947,
                      "Actual Total Time": 680.151,
                      "Actual Rows": 178573,
                      "Actual Loops": 4,
                      "Hash Buckets": 1048576,
                      "Original Hash Buckets": 1048576,
                      "Hash Batches": 1,
                      "Original Hash Batches": 1,
                      "Peak Memory Usage": 36192,
                      "Plans": [
                        {
                          "Node Type": "Hash Join",
                          "Parent Relationship": "Outer",
                          "Parallel Aware": true,
                          "Join Type": "Inner",
                          "Startup Cost": 65817.64,
                          "Total Cost": 230309.1,
                          "Plan Rows": 146111,
                          "Plan Width": 8,
                          "Actual Startup Time": 448.946,
                          "Actual Total Time": 597.28,
                          "Actual Rows": 178573,
                          "Actual Loops": 4,
                          "Inner Unique": true,
                          "Hash Cond": "(mi.movie_id = t.id)",
                          "Plans": [
                            {
                              "Node Type": "Bitmap Heap Scan",
                              "Parent Relationship": "Outer",
                              "Parallel Aware": true,
                              "Relation Name": "movie_info",
                              "Alias": "mi",
                              "Startup Cost": 14929.45,
                              "Total Cost": 178987.3,
                              "Plan Rows": 165188,
                              "Plan Width": 4,
                              "Actual Startup Time": 31.41,
                              "Actual Total Time": 62.084,
                              "Actual Rows": 200535,
                              "Actual Loops": 4,
                              "Recheck Cond": "(info_type_id = 1)",
                              "Rows Removed by Index Recheck": 0,
                              "Exact Heap Blocks": 1506,
                              "Lossy Heap Blocks": 0,
                              "Plans": [
                                {
                                  "Node Type": "Bitmap Index Scan",
                                  "Parent Relationship": "Outer",
                                  "Parallel Aware": false,
                                  "Index Name": "info_type_id_movie_info",
                                  "Startup Cost": 0.0,
                                  "Total Cost": 14722.97,
                                  "Plan Rows": 825938,
                                  "Plan Width": 0,
                                  "Actual Startup Time": 30.556,
                                  "Actual Total Time": 30.557,
                                  "Actual Rows": 802140,
                                  "Actual Loops": 1,
                                  "Index Cond": "(info_type_id = 1)"
                                }
                              ]
                            },
                            {
                              "Node Type": "Hash",
                              "Parent Relationship": "Inner",
                              "Parallel Aware": true,
                              "Startup Cost": 43899.32,
                              "Total Cost": 43899.32,
                              "Plan Rows": 559109,
                              "Plan Width": 4,
                              "Actual Startup Time": 409.486,
                              "Actual Total Time": 409.488,
                              "Actual Rows": 556334,
                              "Actual Loops": 4,
                              "Hash Buckets": 4194304,
                              "Original Hash Buckets": 4194304,
                              "Hash Batches": 1,
                              "Original Hash Batches": 1,
                              "Peak Memory Usage": 119872,
                              "Plans": [
                                {
                                  "Node Type": "Seq Scan",
                                  "Parent Relationship": "Outer",
                                  "Parallel Aware": true,
                                  "Relation Name": "title",
                                  "Alias": "t",
                                  "Startup Cost": 0.0,
                                  "Total Cost": 43899.32,
                                  "Plan Rows": 559109,
                                  "Plan Width": 4,
                                  "Actual Startup Time": 0.064,
                                  "Actual Total Time": 144.943,
                                  "Actual Rows": 556334,
                                  "Actual Loops": 4,
                                  "Filter": "(production_year > 1958)",
                                  "Rows Removed by Filter": 75744
                                }
                              ]
                            }
                          ]
                        }
                      ]
                    }
                  ]
                }
              ]
            }
          ]
        }
      ]
    },
    "Planning Time": 1.234,
    "Triggers": [],
    "Execution Time": 964.039
  }
]