{
  "Plan": {
    "Node Type": "Aggregate",
    "Strategy": "Plain",
    "Partial Mode": "Finalize",
    "Parallel Aware": false,
    "Startup Cost": 615702.33,
    "Total Cost": 615702.34,
    "Plan Rows": 1,
    "Plan Width": 8,
    "Actual Startup Time": 2769.18,
    "Actual Total Time": 2836.525,
    "Actual Rows": 1,
    "Actual Loops": 1,
    "Plans": [
      {
        "Node Type": "Gather",
        "Parent Relationship": "Outer",
        "Parallel Aware": false,
        "Startup Cost": 615702.22,
        "Total Cost": 615702.33,
        "Plan Rows": 1,
        "Plan Width": 8,
        "Actual Startup Time": 2769.048,
        "Actual Total Time": 2836.513,
        "Actual Rows": 2,
        "Actual Loops": 1,
        "Workers Planned": 1,
        "Workers Launched": 1,
        "Single Copy": false,
        "Plans": [
          {
            "Node Type": "Aggregate",
            "Strategy": "Plain",
            "Partial Mode": "Partial",
            "Parent Relationship": "Outer",
            "Parallel Aware": false,
            "Startup Cost": 614702.22,
            "Total Cost": 614702.23,
            "Plan Rows": 1,
            "Plan Width": 8,
            "Actual Startup Time": 2763.193,
            "Actual Total Time": 2763.197,
            "Actual Rows": 1,
            "Actual Loops": 2,
            "Plans": [
              {
                "Node Type": "Hash Join",
                "Parent Relationship": "Outer",
                "Parallel Aware": true,
                "Join Type": "Inner",
                "Startup Cost": 58445.96,
                "Total Cost": 614438.38,
                "Plan Rows": 105538,
                "Plan Width": 0,
                "Actual Startup Time": 2502.63,
                "Actual Total Time": 2763.188,
                "Actual Rows": 0,
                "Actual Loops": 2,
                "Inner Unique": true,
                "Hash Cond": "(ci.movie_id = t.id)",
                "Plans": [
                  {
                    "Node Type": "Seq Scan",
                    "Parent Relationship": "Outer",
                    "Parallel Aware": true,
                    "Relation Name": "cast_info",
                    "Alias": "ci",
                    "Startup Cost": 0.0,
                    "Total Cost": 519069.44,
                    "Plan Rows": 14065872,
                    "Plan Width": 4,
                    "Actual Startup Time": 0.019,
                    "Actual Total Time": 1750.935,
                    "Actual Rows": 11974055,
                    "Actual Loops": 2,
                    "Filter": "(person_id < 2456795)",
                    "Rows Removed by Filter": 6148117
                  },
                  {
                    "Node Type": "Hash",
                    "Parent Relationship": "Inner",
                    "Parallel Aware": true,
                    "Startup Cost": 58306.47,
                    "Total Cost": 58306.47,
                    "Plan Rows": 11159,
                    "Plan Width": 4,
                    "Actual Startup Time": 145.513,
                    "Actual Total Time": 145.514,
                    "Actual Rows": 0,
                    "Actual Loops": 2,
                    "Hash Buckets": 32768,
                    "Original Hash Buckets": 32768,
                    "Hash Batches": 1,
                    "Original Hash Batches": 1,
                    "Peak Memory Usage": 288,
                    "Plans": [
                      {
                        "Node Type": "Seq Scan",
                        "Parent Relationship": "Outer",
                        "Parallel Aware": true,
                        "Relation Name": "title",
                        "Alias": "t",
                        "Startup Cost": 0.0,
                        "Total Cost": 58306.47,
                        "Plan Rows": 11159,
                        "Plan Width": 4,
                        "Actual Startup Time": 101.642,
                        "Actual Total Time": 145.46,
                        "Actual Rows": 0,
                        "Actual Loops": 2,
                        "Filter": "((production_year < 1912) AND (kind_id = 7))",
                        "Rows Removed by Filter": 1264156
                      }
                    ]
                  }
                ]
              }
            ]
          }
        ]
      }
    ]
  },
  "Planning Time": 0.451,
  "Triggers": [],
  "Execution Time": 2836.609
}