[
  {
    "Plan": {
      "Node Type": "Aggregate",
      "Strategy": "Plain",
      "Partial Mode": "Finalize",
      "Parallel Aware": false,
      "Startup Cost": 387586.1,
      "Total Cost": 387586.11,
      "Plan Rows": 1,
      "Plan Width": 8,
      "Actual Startup Time": 1017.117,
      "Actual Total Time": 1036.768,
      "Actual Rows": 1,
      "Actual Loops": 1,
      "Plans": [
        {
          "Node Type": "Gather",
          "Parent Relationship": "Outer",
          "Parallel Aware": false,
          "Startup Cost": 387585.79,
          "Total Cost": 387586.1,
          "Plan Rows": 3,
          "Plan Width": 8,
          "Actual Startup Time": 1006.588,
          "Actual Total Time": 1036.759,
          "Actual Rows": 4,
          "Actual Loops": 1,
          "Workers Planned": 3,
          "Workers Launched": 3,
          "Single Copy": false,
          "Plans": [
            {
              "Node Type": "Aggregate",
              "Strategy": "Plain",
              "Partial Mode": "Partial",
              "Parent Relationship": "Outer",
              "Parallel Aware": false,
              "Startup Cost": 386585.79,
              "Total Cost": 386585.8,
              "Plan Rows": 1,
              "Plan Width": 8,
              "Actual Startup Time": 993.969,
              "Actual Total Time": 994.488,
              "Actual Rows": 1,
              "Actual Loops": 4,
              "Plans": [
                {
                  "Node Type": "Hash Join",
                  "Parent Relationship": "Outer",
                  "Parallel Aware": true,
                  "Join Type": "Inner",
                  "Startup Cost": 340782.16,
                  "Total Cost": 385975.17,
                  "Plan Rows": 244245,
                  "Plan Width": 0,
                  "Actual Startup Time": 682.204,
                  "Actual Total Time": 939.338,
                  "Actual Rows": 1453378,
                  "Actual Loops": 4,
                  "Inner Unique": false,
                  "Hash Cond": "(mk.movie_id = t.id)",
                  "Plans": [
                    {
                      "Node Type": "Seq Scan",
                      "Parent Relationship": "Outer",
                      "Parallel Aware": true,
                      "Relation Name": "movie_keyword",
                      "Alias": "mk",
                      "Startup Cost": 0.0,
                      "Total Cost": 42695.65,
                      "Plan Rows": 557408,
                      "Plan Width": 4,
                      "Actual Startup Time": 0.663,
                      "Actual Total Time": 96.974,
                      "Actual Rows": 433878,
                      "Actual Loops": 4,
                      "Filter": "(keyword_id > 8114)",
                      "Rows Removed by Filter": 697105
                    },
                    {
                      "Node Type": "Hash",
                      "Parent Relationship": "Inner",
                      "Parallel Aware": true,
                      "Startup Cost": 338474.14,
                      "Total Cost": 338474.14,
                      "Plan Rows": 184642,
                      "Plan Width": 8,
                      "Actual Startup Time": 673.879,
                      "Actual Total Time": 674.396,
                      "Actual Rows": 244468,
                      "Actual Loops": 4,
                      "Hash Buckets": 2097152,
                      "Original Hash Buckets": 2097152,
                      "Hash Batches": 1,
                      "Original Hash Batches": 1,
                      "Peak Memory Usage": 54688,
                      "Plans": [
                        {
                          "Node Type": "Hash Join",
                          "Parent Relationship": "Outer",
                          "Parallel Aware": true,
                          "Join Type": "Inner",
                          "Startup Cost": 82111.22,
                          "Total Cost": 338474.14,
                          "Plan Rows": 184642,
                          "Plan Width": 8,
                          "Actual Startup Time": 354.075,
                          "Actual Total Time": 579.033,
                          "Actual Rows": 244468,
                          "Actual Loops": 4,
                          "Inner Unique": true,
                          "Hash Cond": "(ci.movie_id = t.id)",
                          "Plans": [
                            {
                              "Node Type": "Bitmap Heap Scan",
                              "Parent Relationship": "Outer",
                              "Parallel Aware": true,
                              "Relation Name": "cast_info",
                              "Alias": "ci",
                              "Startup Cost": 32209.74,
                              "Total Cost": 287934.69,
                              "Plan Rows": 243036,
                              "Plan Width": 4,
                              "Actual Startup Time": 67.125,
                              "Actual Total Time": 127.766,
                              "Actual Rows": 358903,
                              "Actual Loops": 4,
                              "Recheck Cond": "(person_id > 3780682)",
                              "Rows Removed by Index Recheck": 0,
                              "Exact Heap Blocks": 5410,
                              "Lossy Heap Blocks": 0,
                              "Plans": [
                                {
                                  "Node Type": "Bitmap Index Scan",
                                  "Parent Relationship": "Outer",
                                  "Parallel Aware": false,
                                  "Index Name": "person_id_cast_info",
                                  "Startup Cost": 0.0,
                                  "Total Cost": 31845.18,
                                  "Plan Rows": 1458216,
                                  "Plan Width": 0,
                                  "Actual Startup Time": 63.921,
                                  "Actual Total Time": 63.921,
                                  "Actual Rows": 1435613,
                                  "Actual Loops": 1,
                                  "Index Cond": "(person_id > 3780682)"
                                }
                              ]
                            },
                            {
                              "Node Type": "Hash",
                              "Parent Relationship": "Inner",
                              "Parallel Aware": true,
                              "Startup Cost": 43898.92,
                              "Total Cost": 43898.92,
                              "Plan Rows": 480205,
                              "Plan Width": 4,
                              "Actual Startup Time": 283.515,
                              "Actual Total Time": 283.516,
                              "Actual Rows": 480712,
                              "Actual Loops": 4,
                              "Hash Buckets": 2097152,
                              "Original Hash Buckets": 2097152,
                              "Hash Batches": 1,
                              "Original Hash Batches": 1,
                              "Peak Memory Usage": 91680,
                              "Plans": [
                                {
                                  "Node Type": "Seq Scan",
                                  "Parent Relationship": "Outer",
                                  "Parallel Aware": true,
                                  "Relation Name": "title",
                                  "Alias": "t",
                                  "Startup Cost": 0.0,
                                  "Total Cost": 43898.92,
                                  "Plan Rows": 480205,
                                  "Plan Width": 4,
                                  "Actual Startup Time": 0.042,
                                  "Actual Total Time": 111.587,
                                  "Actual Rows": 480712,
                                  "Actual Loops": 4,
                                  "Filter": "(production_year < 2010)",
                                  "Rows Removed by Filter": 151366
                                }
                              ]
                            }
                          ]
                        }
                      ]
                    }
                  ]
                }
              ]
            }
          ]
        }
      ]
    },
    "Planning Time": 1.282,
    "Triggers": [],
    "Execution Time": 1036.87
  }
]