[
  {
    "Plan": {
      "Node Type": "Aggregate",
      "Strategy": "Plain",
      "Partial Mode": "Finalize",
      "Parallel Aware": false,
      "Startup Cost": 45424.52,
      "Total Cost": 45424.53,
      "Plan Rows": 1,
      "Plan Width": 8,
      "Actual Startup Time": 131.277,
      "Actual Total Time": 140.317,
      "Actual Rows": 1,
      "Actual Loops": 1,
      "Plans": [
        {
          "Node Type": "Gather",
          "Parent Relationship": "Outer",
          "Parallel Aware": false,
          "Startup Cost": 45424.2,
          "Total Cost": 45424.51,
          "Plan Rows": 3,
          "Plan Width": 8,
          "Actual Startup Time": 131.141,
          "Actual Total Time": 140.31,
          "Actual Rows": 4,
          "Actual Loops": 1,
          "Workers Planned": 3,
          "Workers Launched": 3,
          "Single Copy": false,
          "Plans": [
            {
              "Node Type": "Aggregate",
              "Strategy": "Plain",
              "Partial Mode": "Partial",
              "Parent Relationship": "Outer",
              "Parallel Aware": false,
              "Startup Cost": 44424.2,
              "Total Cost": 44424.21,
              "Plan Rows": 1,
              "Plan Width": 8,
              "Actual Startup Time": 126.134,
              "Actual Total Time": 126.135,
              "Actual Rows": 1,
              "Actual Loops": 4,
              "Plans": [
                {
                  "Node Type": "Seq Scan",
                  "Parent Relationship": "Outer",
                  "Parallel Aware": true,
                  "Relation Name": "movie_keyword",
                  "Alias": "mk",
                  "Startup Cost": 0.0,
                  "Total Cost": 42695.65,
                  "Plan Rows": 691418,
                  "Plan Width": 0,
                  "Actual Startup Time": 0.33,
                  "Actual Total Time": 103.171,
                  "Actual Rows": 533129,
                  "Actual Loops": 4,
                  "Filter": "(keyword_id > 5545)",
                  "Rows Removed by Filter": 597854
                }
              ]
            }
          ]
        }
      ]
    },
    "Planning Time": 0.09,
    "Triggers": [],
    "Execution Time": 140.347
  }
]