[
  {
    "Plan": {
      "Node Type": "Aggregate",
      "Strategy": "Plain",
      "Partial Mode": "Finalize",
      "Parallel Aware": false,
      "Startup Cost": 45414.46,
      "Total Cost": 45414.47,
      "Plan Rows": 1,
      "Plan Width": 8,
      "Actual Startup Time": 149.202,
      "Actual Total Time": 159.365,
      "Actual Rows": 1,
      "Actual Loops": 1,
      "Plans": [
        {
          "Node Type": "Gather",
          "Parent Relationship": "Outer",
          "Parallel Aware": false,
          "Startup Cost": 45414.14,
          "Total Cost": 45414.45,
          "Plan Rows": 3,
          "Plan Width": 8,
          "Actual Startup Time": 149.094,
          "Actual Total Time": 159.356,
          "Actual Rows": 4,
          "Actual Loops": 1,
          "Workers Planned": 3,
          "Workers Launched": 3,
          "Single Copy": false,
          "Plans": [
            {
              "Node Type": "Aggregate",
              "Strategy": "Plain",
              "Partial Mode": "Partial",
              "Parent Relationship": "Outer",
              "Parallel Aware": false,
              "Startup Cost": 44414.14,
              "Total Cost": 44414.15,
              "Plan Rows": 1,
              "Plan Width": 8,
              "Actual Startup Time": 140.555,
              "Actual Total Time": 140.556,
              "Actual Rows": 1,
              "Actual Loops": 4,
              "Plans": [
                {
                  "Node Type": "Seq Scan",
                  "Parent Relationship": "Outer",
                  "Parallel Aware": true,
                  "Relation Name": "movie_keyword",
                  "Alias": "mk",
                  "Startup Cost": 0.0,
                  "Total Cost": 42695.65,
                  "Plan Rows": 687396,
                  "Plan Width": 0,
                  "Actual Startup Time": 0.832,
                  "Actual Total Time": 115.624,
                  "Actual Rows": 533129,
                  "Actual Loops": 4,
                  "Filter": "(keyword_id > 5545)",
                  "Rows Removed by Filter": 597854
                }
              ]
            }
          ]
        }
      ]
    },
    "Planning Time": 0.184,
    "Triggers": [],
    "Execution Time": 159.437
  }
]