{
  "Plan": {
    "Node Type": "Aggregate",
    "Strategy": "Plain",
    "Partial Mode": "Finalize",
    "Parallel Aware": false,
    "Startup Cost": 117866.35,
    "Total Cost": 117866.36,
    "Plan Rows": 1,
    "Plan Width": 8,
    "Actual Startup Time": 480.767,
    "Actual Total Time": 497.878,
    "Actual Rows": 1,
    "Actual Loops": 1,
    "Plans": [
      {
        "Node Type": "Gather",
        "Parent Relationship": "Outer",
        "Parallel Aware": false,
        "Startup Cost": 117866.24,
        "Total Cost": 117866.35,
        "Plan Rows": 1,
        "Plan Width": 8,
        "Actual Startup Time": 480.276,
        "Actual Total Time": 497.872,
        "Actual Rows": 2,
        "Actual Loops": 1,
        "Workers Planned": 1,
        "Workers Launched": 1,
        "Single Copy": false,
        "Plans": [
          {
            "Node Type": "Aggregate",
            "Strategy": "Plain",
            "Partial Mode": "Partial",
            "Parent Relationship": "Outer",
            "Parallel Aware": false,
            "Startup Cost": 116866.24,
            "Total Cost": 116866.25,
            "Plan Rows": 1,
            "Plan Width": 8,
            "Actual Startup Time": 476.606,
            "Actual Total Time": 476.61,
            "Actual Rows": 1,
            "Actual Loops": 2,
            "Plans": [
              {
                "Node Type": "Hash Join",
                "Parent Relationship": "Outer",
                "Parallel Aware": true,
                "Join Type": "Inner",
                "Startup Cost": 58681.27,
                "Total Cost": 116732.11,
                "Plan Rows": 53651,
                "Plan Width": 0,
                "Actual Startup Time": 208.461,
                "Actual Total Time": 472.398,
                "Actual Rows": 105234,
                "Actual Loops": 2,
                "Inner Unique": true,
                "Hash Cond": "(mk.movie_id = t.id)",
                "Plans": [
                  {
                    "Node Type": "Seq Scan",
                    "Parent Relationship": "Outer",
                    "Parallel Aware": true,
                    "Relation Name": "movie_keyword",
                    "Alias": "mk",
                    "Startup Cost": 0.0,
                    "Total Cost": 51065.35,
                    "Plan Rows": 2661135,
                    "Plan Width": 4,
                    "Actual Startup Time": 0.013,
                    "Actual Total Time": 149.154,
                    "Actual Rows": 2261965,
                    "Actual Loops": 2
                  },
                  {
                    "Node Type": "Hash",
                    "Parent Relationship": "Inner",
                    "Parallel Aware": true,
                    "Startup Cost": 58306.47,
                    "Total Cost": 58306.47,
                    "Plan Rows": 29984,
                    "Plan Width": 4,
                    "Actual Startup Time": 150.798,
                    "Actual Total Time": 150.799,
                    "Actual Rows": 65160,
                    "Actual Loops": 2,
                    "Hash Buckets": 131072,
                    "Original Hash Buckets": 65536,
                    "Hash Batches": 1,
                    "Original Hash Batches": 1,
                    "Peak Memory Usage": 6688,
                    "Plans": [
                      {
                        "Node Type": "Seq Scan",
                        "Parent Relationship": "Outer",
                        "Parallel Aware": true,
                        "Relation Name": "title",
                        "Alias": "t",
                        "Startup Cost": 0.0,
                        "Total Cost": 58306.47,
                        "Plan Rows": 29984,
                        "Plan Width": 4,
                        "Actual Startup Time": 81.683,
                        "Actual Total Time": 136.413,
                        "Actual Rows": 65160,
                        "Actual Loops": 2,
                        "Filter": "((kind_id < 7) AND (production_year < 1936))",
                        "Rows Removed by Filter": 1198996
                      }
                    ]
                  }
                ]
              }
            ]
          }
        ]
      }
    ]
  },
  "Planning Time": 0.44,
  "Triggers": [],
  "Execution Time": 497.996
}