[
  {
    "Plan": {
      "Node Type": "Aggregate",
      "Strategy": "Plain",
      "Partial Mode": "Finalize",
      "Parallel Aware": false,
      "Startup Cost": 41733.07,
      "Total Cost": 41733.08,
      "Plan Rows": 1,
      "Plan Width": 8,
      "Actual Startup Time": 119.307,
      "Actual Total Time": 125.662,
      "Actual Rows": 1,
      "Actual Loops": 1,
      "Plans": [
        {
          "Node Type": "Gather",
          "Parent Relationship": "Outer",
          "Parallel Aware": false,
          "Startup Cost": 41732.75,
          "Total Cost": 41733.06,
          "Plan Rows": 3,
          "Plan Width": 8,
          "Actual Startup Time": 119.058,
          "Actual Total Time": 125.653,
          "Actual Rows": 4,
          "Actual Loops": 1,
          "Workers Planned": 3,
          "Workers Launched": 3,
          "Single Copy": false,
          "Plans": [
            {
              "Node Type": "Aggregate",
              "Strategy": "Plain",
              "Partial Mode": "Partial",
              "Parent Relationship": "Outer",
              "Parallel Aware": false,
              "Startup Cost": 40732.75,
              "Total Cost": 40732.76,
              "Plan Rows": 1,
              "Plan Width": 8,
              "Actual Startup Time": 112.154,
              "Actual Total Time": 112.156,
              "Actual Rows": 1,
              "Actual Loops": 4,
              "Plans": [
                {
                  "Node Type": "Bitmap Heap Scan",
                  "Parent Relationship": "Outer",
                  "Parallel Aware": true,
                  "Relation Name": "movie_keyword",
                  "Alias": "mk",
                  "Startup Cost": 13255.18,
                  "Total Cost": 40228.82,
                  "Plan Rows": 201571,
                  "Plan Width": 0,
                  "Actual Startup Time": 35.409,
                  "Actual Total Time": 103.295,
                  "Actual Rows": 156754,
                  "Actual Loops": 4,
                  "Recheck Cond": "(keyword_id > 29281)",
                  "Rows Removed by Index Recheck": 0,
                  "Exact Heap Blocks": 10568,
                  "Lossy Heap Blocks": 0,
                  "Plans": [
                    {
                      "Node Type": "Bitmap Index Scan",
                      "Parent Relationship": "Outer",
                      "Parallel Aware": false,
                      "Index Name": "keyword_id_movie_keyword",
                      "Startup Cost": 0.0,
                      "Total Cost": 13098.97,
                      "Plan Rows": 624871,
                      "Plan Width": 0,
                      "Actual Startup Time": 38.556,
                      "Actual Total Time": 38.557,
                      "Actual Rows": 627014,
                      "Actual Loops": 1,
                      "Index Cond": "(keyword_id > 29281)"
                    }
                  ]
                }
              ]
            }
          ]
        }
      ]
    },
    "Planning Time": 0.085,
    "Triggers": [],
    "Execution Time": 125.701
  }
]