{
  "Plan": {
    "Node Type": "Aggregate",
    "Strategy": "Plain",
    "Partial Mode": "Finalize",
    "Parallel Aware": false,
    "Startup Cost": 421440.52,
    "Total Cost": 421440.53,
    "Plan Rows": 1,
    "Plan Width": 8,
    "Actual Startup Time": 1885.684,
    "Actual Total Time": 1928.255,
    "Actual Rows": 1,
    "Actual Loops": 1,
    "Plans": [
      {
        "Node Type": "Gather",
        "Parent Relationship": "Outer",
        "Parallel Aware": false,
        "Startup Cost": 421440.41,
        "Total Cost": 421440.52,
        "Plan Rows": 1,
        "Plan Width": 8,
        "Actual Startup Time": 1881.854,
        "Actual Total Time": 1928.247,
        "Actual Rows": 2,
        "Actual Loops": 1,
        "Workers Planned": 1,
        "Workers Launched": 1,
        "Single Copy": false,
        "Plans": [
          {
            "Node Type": "Aggregate",
            "Strategy": "Plain",
            "Partial Mode": "Partial",
            "Parent Relationship": "Outer",
            "Parallel Aware": false,
            "Startup Cost": 420440.41,
            "Total Cost": 420440.42,
            "Plan Rows": 1,
            "Plan Width": 8,
            "Actual Startup Time": 1876.029,
            "Actual Total Time": 1876.31,
            "Actual Rows": 1,
            "Actual Loops": 2,
            "Plans": [
              {
                "Node Type": "Hash Join",
                "Parent Relationship": "Outer",
                "Parallel Aware": true,
                "Join Type": "Inner",
                "Startup Cost": 124662.17,
                "Total Cost": 417677.67,
                "Plan Rows": 1105096,
                "Plan Width": 0,
                "Actual Startup Time": 693.097,
                "Actual Total Time": 1838.054,
                "Actual Rows": 967190,
                "Actual Loops": 2,
                "Inner Unique": false,
                "Hash Cond": "(mi.movie_id = t.id)",
                "Plans": [
                  {
                    "Node Type": "Seq Scan",
                    "Parent Relationship": "Outer",
                    "Parallel Aware": true,
                    "Relation Name": "movie_info",
                    "Alias": "mi",
                    "Startup Cost": 0.0,
                    "Total Cost": 270696.42,
                    "Plan Rows": 4218272,
                    "Plan Width": 4,
                    "Actual Startup Time": 0.018,
                    "Actual Total Time": 652.179,
                    "Actual Rows": 3643432,
                    "Actual Loops": 2,
                    "Filter": "(info_type_id < 8)",
                    "Rows Removed by Filter": 3774428
                  },
                  {
                    "Node Type": "Hash",
                    "Parent Relationship": "Inner",
                    "Parallel Aware": true,
                    "Startup Cost": 119791.89,
                    "Total Cost": 119791.89,
                    "Plan Rows": 389622,
                    "Plan Width": 8,
                    "Actual Startup Time": 686.078,
                    "Actual Total Time": 686.358,
                    "Actual Rows": 180605,
                    "Actual Loops": 2,
                    "Hash Buckets": 1048576,
                    "Original Hash Buckets": 1048576,
                    "Hash Batches": 1,
                    "Original Hash Batches": 1,
                    "Peak Memory Usage": 22336,
                    "Plans": [
                      {
                        "Node Type": "Hash Join",
                        "Parent Relationship": "Outer",
                        "Parallel Aware": true,
                        "Join Type": "Inner",
                        "Startup Cost": 87349.14,
                        "Total Cost": 119791.89,
                        "Plan Rows": 389622,
                        "Plan Width": 8,
                        "Actual Startup Time": 452.005,
                        "Actual Total Time": 645.192,
                        "Actual Rows": 180605,
                        "Actual Loops": 2,
                        "Inner Unique": true,
                        "Hash Cond": "(mk.movie_id = t.id)",
                        "Plans": [
                          {
                            "Node Type": "Bitmap Heap Scan",
                            "Parent Relationship": "Outer",
                            "Parallel Aware": true,
                            "Relation Name": "movie_keyword",
                            "Alias": "mk",
                            "Startup Cost": 19047.24,
                            "Total Cost": 50103.51,
                            "Plan Rows": 528182,
                            "Plan Width": 4,
                            "Actual Startup Time": 49.668,
                            "Actual Total Time": 134.203,
                            "Actual Rows": 453007,
                            "Actual Loops": 2,
                            "Recheck Cond": "(keyword_id < 865)",
                            "Rows Removed by Index Recheck": 0,
                            "Exact Heap Blocks": 13241,
                            "Lossy Heap Blocks": 0,
                            "Plans": [
                              {
                                "Node Type": "Bitmap Index Scan",
                                "Parent Relationship": "Outer",
                                "Parallel Aware": false,
                                "Index Name": "keyword_id_movie_keyword",
                                "Startup Cost": 0.0,
                                "Total Cost": 18822.76,
                                "Plan Rows": 897910,
                                "Plan Width": 0,
                                "Actual Startup Time": 45.964,
                                "Actual Total Time": 45.964,
                                "Actual Rows": 906014,
                                "Actual Loops": 1,
                                "Index Cond": "(keyword_id < 865)"
                              }
                            ]
                          },
                          {
                            "Node Type": "Hash",
                            "Parent Relationship": "Inner",
                            "Parallel Aware": true,
                            "Startup Cost": 54588.39,
                            "Total Cost": 54588.39,
                            "Plan Rows": 1097081,
                            "Plan Width": 4,
                            "Actual Startup Time": 394.83,
                            "Actual Total Time": 394.831,
                            "Actual Rows": 932744,
                            "Actual Loops": 2,
                            "Hash Buckets": 2097152,
                            "Original Hash Buckets": 2097152,
                            "Hash Batches": 1,
                            "Original Hash Batches": 1,
                            "Peak Memory Usage": 89376,
                            "Plans": [
                              {
                                "Node Type": "Seq Scan",
                                "Parent Relationship": "Outer",
                                "Parallel Aware": true,
                                "Relation Name": "title",
                                "Alias": "t",
                                "Startup Cost": 0.0,
                                "Total Cost": 54588.39,
                                "Plan Rows": 1097081,
                                "Plan Width": 4,
                                "Actual Startup Time": 0.034,
                                "Actual Total Time": 158.494,
                                "Actual Rows": 932744,
                                "Actual Loops": 2,
                                "Filter": "(kind_id > 1)",
                                "Rows Removed by Filter": 331412
                              }
                            ]
                          }
                        ]
                      }
                    ]
                  }
                ]
              }
            ]
          }
        ]
      }
    ]
  },
  "Planning Time": 0.503,
  "Triggers": [],
  "Execution Time": 1928.32
}