{
  "Plan": {
    "Node Type": "Aggregate",
    "Strategy": "Plain",
    "Partial Mode": "Finalize",
    "Parallel Aware": false,
    "Startup Cost": 145383.54,
    "Total Cost": 145383.55,
    "Plan Rows": 1,
    "Plan Width": 8,
    "Actual Startup Time": 620.547,
    "Actual Total Time": 642.376,
    "Actual Rows": 1,
    "Actual Loops": 1,
    "Plans": [
      {
        "Node Type": "Gather",
        "Parent Relationship": "Outer",
        "Parallel Aware": false,
        "Startup Cost": 145383.42,
        "Total Cost": 145383.53,
        "Plan Rows": 1,
        "Plan Width": 8,
        "Actual Startup Time": 620.277,
        "Actual Total Time": 642.37,
        "Actual Rows": 2,
        "Actual Loops": 1,
        "Workers Planned": 1,
        "Workers Launched": 1,
        "Single Copy": false,
        "Plans": [
          {
            "Node Type": "Aggregate",
            "Strategy": "Plain",
            "Partial Mode": "Partial",
            "Parent Relationship": "Outer",
            "Parallel Aware": false,
            "Startup Cost": 144383.42,
            "Total Cost": 144383.43,
            "Plan Rows": 1,
            "Plan Width": 8,
            "Actual Startup Time": 616.325,
            "Actual Total Time": 616.329,
            "Actual Rows": 1,
            "Actual Loops": 2,
            "Plans": [
              {
                "Node Type": "Nested Loop",
                "Parent Relationship": "Outer",
                "Parallel Aware": false,
                "Join Type": "Inner",
                "Startup Cost": 54966.21,
                "Total Cost": 144350.49,
                "Plan Rows": 13172,
                "Plan Width": 0,
                "Actual Startup Time": 140.071,
                "Actual Total Time": 611.846,
                "Actual Rows": 88144,
                "Actual Loops": 2,
                "Inner Unique": false,
                "Join Filter": "(t.id = mc.movie_id)",
                "Rows Removed by Join Filter": 0,
                "Plans": [
                  {
                    "Node Type": "Hash Join",
                    "Parent Relationship": "Outer",
                    "Parallel Aware": true,
                    "Join Type": "Inner",
                    "Startup Cost": 54965.78,
                    "Total Cost": 113016.62,
                    "Plan Rows": 54021,
                    "Plan Width": 8,
                    "Actual Startup Time": 139.717,
                    "Actual Total Time": 454.684,
                    "Actual Rows": 54396,
                    "Actual Loops": 2,
                    "Inner Unique": true,
                    "Hash Cond": "(mk.movie_id = t.id)",
                    "Plans": [
                      {
                        "Node Type": "Seq Scan",
                        "Parent Relationship": "Outer",
                        "Parallel Aware": true,
                        "Relation Name": "movie_keyword",
                        "Alias": "mk",
                        "Startup Cost": 0.0,
                        "Total Cost": 51065.35,
                        "Plan Rows": 2661135,
                        "Plan Width": 4,
                        "Actual Startup Time": 0.01,
                        "Actual Total Time": 149.459,
                        "Actual Rows": 2261965,
                        "Actual Loops": 2
                      },
                      {
                        "Node Type": "Hash",
                        "Parent Relationship": "Inner",
                        "Parallel Aware": true,
                        "Startup Cost": 54588.39,
                        "Total Cost": 54588.39,
                        "Plan Rows": 30191,
                        "Plan Width": 4,
                        "Actual Startup Time": 138.596,
                        "Actual Total Time": 138.596,
                        "Actual Rows": 26506,
                        "Actual Loops": 2,
                        "Hash Buckets": 65536,
                        "Original Hash Buckets": 65536,
                        "Hash Batches": 1,
                        "Original Hash Batches": 1,
                        "Peak Memory Usage": 2624,
                        "Plans": [
                          {
                            "Node Type": "Seq Scan",
                            "Parent Relationship": "Outer",
                            "Parallel Aware": true,
                            "Relation Name": "title",
                            "Alias": "t",
                            "Startup Cost": 0.0,
                            "Total Cost": 54588.39,
                            "Plan Rows": 30191,
                            "Plan Width": 4,
                            "Actual Startup Time": 0.038,
                            "Actual Total Time": 130.741,
                            "Actual Rows": 26506,
                            "Actual Loops": 2,
                            "Filter": "(production_year = 2000)",
                            "Rows Removed by Filter": 1237650
                          }
                        ]
                      }
                    ]
                  },
                  {
                    "Node Type": "Index Scan",
                    "Parent Relationship": "Inner",
                    "Parallel Aware": false,
                    "Scan Direction": "Forward",
                    "Index Name": "movie_id_movie_companies",
                    "Relation Name": "movie_companies",
                    "Alias": "mc",
                    "Startup Cost": 0.43,
                    "Total Cost": 0.57,
                    "Plan Rows": 1,
                    "Plan Width": 4,
                    "Actual Startup Time": 0.002,
                    "Actual Total Time": 0.003,
                    "Actual Rows": 2,
                    "Actual Loops": 108792,
                    "Index Cond": "(movie_id = mk.movie_id)",
                    "Rows Removed by Index Recheck": 0,
                    "Filter": "((company_id > 12072) AND (company_type_id > 1))",
                    "Rows Removed by Filter": 6
                  }
                ]
              }
            ]
          }
        ]
      }
    ]
  },
  "Planning Time": 0.786,
  "Triggers": [],
  "Execution Time": 642.451
}