[
  {
    "Plan": {
      "Node Type": "Aggregate",
      "Strategy": "Plain",
      "Partial Mode": "Finalize",
      "Parallel Aware": false,
      "Startup Cost": 439382.48,
      "Total Cost": 439382.49,
      "Plan Rows": 1,
      "Plan Width": 8,
      "Actual Startup Time": 1444.82,
      "Actual Total Time": 1511.071,
      "Actual Rows": 1,
      "Actual Loops": 1,
      "Plans": [
        {
          "Node Type": "Gather",
          "Parent Relationship": "Outer",
          "Parallel Aware": false,
          "Startup Cost": 439381.86,
          "Total Cost": 439382.47,
          "Plan Rows": 6,
          "Plan Width": 8,
          "Actual Startup Time": 1438.967,
          "Actual Total Time": 1511.057,
          "Actual Rows": 7,
          "Actual Loops": 1,
          "Workers Planned": 6,
          "Workers Launched": 6,
          "Single Copy": false,
          "Plans": [
            {
              "Node Type": "Aggregate",
              "Strategy": "Plain",
              "Partial Mode": "Partial",
              "Parent Relationship": "Outer",
              "Parallel Aware": false,
              "Startup Cost": 438381.86,
              "Total Cost": 438381.87,
              "Plan Rows": 1,
              "Plan Width": 8,
              "Actual Startup Time": 1428.222,
              "Actual Total Time": 1428.262,
              "Actual Rows": 1,
              "Actual Loops": 7,
              "Plans": [
                {
                  "Node Type": "Hash Join",
                  "Parent Relationship": "Outer",
                  "Parallel Aware": true,
                  "Join Type": "Inner",
                  "Startup Cost": 94881.92,
                  "Total Cost": 434980.41,
                  "Plan Rows": 1360578,
                  "Plan Width": 0,
                  "Actual Startup Time": 236.422,
                  "Actual Total Time": 1407.925,
                  "Actual Rows": 432178,
                  "Actual Loops": 7,
                  "Inner Unique": false,
                  "Hash Cond": "(ci.movie_id = t.id)",
                  "Plans": [
                    {
                      "Node Type": "Seq Scan",
                      "Parent Relationship": "Outer",
                      "Parallel Aware": true,
                      "Relation Name": "cast_info",
                      "Alias": "ci",
                      "Startup Cost": 0.0,
                      "Total Cost": 313067.02,
                      "Plan Rows": 6038002,
                      "Plan Width": 4,
                      "Actual Startup Time": 0.028,
                      "Actual Total Time": 544.079,
                      "Actual Rows": 5177763,
                      "Actual Loops": 7
                    },
                    {
                      "Node Type": "Hash",
                      "Parent Relationship": "Inner",
                      "Parallel Aware": true,
                      "Startup Cost": 92584.69,
                      "Total Cost": 92584.69,
                      "Plan Rows": 183779,
                      "Plan Width": 8,
                      "Actual Startup Time": 232.805,
                      "Actual Total Time": 232.843,
                      "Actual Rows": 22386,
                      "Actual Loops": 7,
                      "Hash Buckets": 1048576,
                      "Original Hash Buckets": 1048576,
                      "Hash Batches": 1,
                      "Original Hash Batches": 1,
                      "Peak Memory Usage": 14464,
                      "Plans": [
                        {
                          "Node Type": "Hash Join",
                          "Parent Relationship": "Outer",
                          "Parallel Aware": true,
                          "Join Type": "Inner",
                          "Startup Cost": 46659.22,
                          "Total Cost": 92584.69,
                          "Plan Rows": 183779,
                          "Plan Width": 8,
                          "Actual Startup Time": 100.612,
                          "Actual Total Time": 220.682,
                          "Actual Rows": 22386,
                          "Actual Loops": 7,
                          "Inner Unique": true,
                          "Hash Cond": "(mk.movie_id = t.id)",
                          "Plans": [
                            {
                              "Node Type": "Seq Scan",
                              "Parent Relationship": "Outer",
                              "Parallel Aware": true,
                              "Relation Name": "movie_keyword",
                              "Alias": "mk",
                              "Startup Cost": 0.0,
                              "Total Cost": 42695.65,
                              "Plan Rows": 1230404,
                              "Plan Width": 4,
                              "Actual Startup Time": 0.034,
                              "Actual Total Time": 74.364,
                              "Actual Rows": 546305,
                              "Actual Loops": 7,
                              "Filter": "(keyword_id < 26933)",
                              "Rows Removed by Filter": 99971
                            },
                            {
                              "Node Type": "Hash",
                              "Parent Relationship": "Inner",
                              "Parallel Aware": true,
                              "Startup Cost": 45479.1,
                              "Total Cost": 45479.1,
                              "Plan Rows": 94410,
                              "Plan Width": 4,
                              "Actual Startup Time": 99.521,
                              "Actual Total Time": 99.522,
                              "Actual Rows": 35647,
                              "Actual Loops": 7,
                              "Hash Buckets": 524288,
                              "Original Hash Buckets": 524288,
                              "Hash Batches": 1,
                              "Original Hash Batches": 1,
                              "Peak Memory Usage": 13984,
                              "Plans": [
                                {
                                  "Node Type": "Seq Scan",
                                  "Parent Relationship": "Outer",
                                  "Parallel Aware": true,
                                  "Relation Name": "title",
                                  "Alias": "t",
                                  "Startup Cost": 0.0,
                                  "Total Cost": 45479.1,
                                  "Plan Rows": 94410,
                                  "Plan Width": 4,
                                  "Actual Startup Time": 0.045,
                                  "Actual Total Time": 77.745,
                                  "Actual Rows": 35647,
                                  "Actual Loops": 7,
                                  "Filter": "((kind_id > 1) AND (production_year < 1981))",
                                  "Rows Removed by Filter": 325540
                                }
                              ]
                            }
                          ]
                        }
                      ]
                    }
                  ]
                }
              ]
            }
          ]
        }
      ]
    },
    "Planning Time": 1.307,
    "Triggers": [],
    "Execution Time": 1511.171
  }
]