{
  "Plan": {
    "Node Type": "Aggregate",
    "Strategy": "Plain",
    "Partial Mode": "Finalize",
    "Parallel Aware": false,
    "Startup Cost": 116585.11,
    "Total Cost": 116585.12,
    "Plan Rows": 1,
    "Plan Width": 8,
    "Actual Startup Time": 417.952,
    "Actual Total Time": 426.95,
    "Actual Rows": 1,
    "Actual Loops": 1,
    "Plans": [
      {
        "Node Type": "Gather",
        "Parent Relationship": "Outer",
        "Parallel Aware": false,
        "Startup Cost": 116585.0,
        "Total Cost": 116585.11,
        "Plan Rows": 1,
        "Plan Width": 8,
        "Actual Startup Time": 417.348,
        "Actual Total Time": 426.943,
        "Actual Rows": 2,
        "Actual Loops": 1,
        "Workers Planned": 1,
        "Workers Launched": 1,
        "Single Copy": false,
        "Plans": [
          {
            "Node Type": "Aggregate",
            "Strategy": "Plain",
            "Partial Mode": "Partial",
            "Parent Relationship": "Outer",
            "Parallel Aware": false,
            "Startup Cost": 115585.0,
            "Total Cost": 115585.01,
            "Plan Rows": 1,
            "Plan Width": 8,
            "Actual Startup Time": 411.249,
            "Actual Total Time": 411.253,
            "Actual Rows": 1,
            "Actual Loops": 2,
            "Plans": [
              {
                "Node Type": "Hash Join",
                "Parent Relationship": "Outer",
                "Parallel Aware": true,
                "Join Type": "Inner",
                "Startup Cost": 55805.49,
                "Total Cost": 115388.03,
                "Plan Rows": 78787,
                "Plan Width": 0,
                "Actual Startup Time": 193.873,
                "Actual Total Time": 401.787,
                "Actual Rows": 238662,
                "Actual Loops": 2,
                "Inner Unique": true,
                "Hash Cond": "(mk.movie_id = t.id)",
                "Plans": [
                  {
                    "Node Type": "Seq Scan",
                    "Parent Relationship": "Outer",
                    "Parallel Aware": true,
                    "Relation Name": "movie_keyword",
                    "Alias": "mk",
                    "Startup Cost": 0.0,
                    "Total Cost": 57718.19,
                    "Plan Rows": 710229,
                    "Plan Width": 4,
                    "Actual Startup Time": 0.018,
                    "Actual Total Time": 156.808,
                    "Actual Rows": 607353,
                    "Actual Loops": 2,
                    "Filter": "(keyword_id < 1531)",
                    "Rows Removed by Filter": 1654612
                  },
                  {
                    "Node Type": "Hash",
                    "Parent Relationship": "Inner",
                    "Parallel Aware": true,
                    "Startup Cost": 53743.23,
                    "Total Cost": 53743.23,
                    "Plan Rows": 164981,
                    "Plan Width": 4,
                    "Actual Startup Time": 143.432,
                    "Actual Total Time": 143.434,
                    "Actual Rows": 191148,
                    "Actual Loops": 2,
                    "Hash Buckets": 524288,
                    "Original Hash Buckets": 524288,
                    "Hash Batches": 1,
                    "Original Hash Batches": 1,
                    "Peak Memory Usage": 19072,
                    "Plans": [
                      {
                        "Node Type": "Bitmap Heap Scan",
                        "Parent Relationship": "Outer",
                        "Parallel Aware": true,
                        "Relation Name": "title",
                        "Alias": "t",
                        "Startup Cost": 11892.97,
                        "Total Cost": 53743.23,
                        "Plan Rows": 164981,
                        "Plan Width": 4,
                        "Actual Startup Time": 35.58,
                        "Actual Total Time": 100.699,
                        "Actual Rows": 191148,
                        "Actual Loops": 2,
                        "Recheck Cond": "(kind_id = 1)",
                        "Rows Removed by Index Recheck": 0,
                        "Filter": "(production_year < 2001)",
                        "Rows Removed by Filter": 140264,
                        "Exact Heap Blocks": 8004,
                        "Lossy Heap Blocks": 0,
                        "Plans": [
                          {
                            "Node Type": "Bitmap Index Scan",
                            "Parent Relationship": "Outer",
                            "Parallel Aware": false,
                            "Index Name": "kind_id_title",
                            "Startup Cost": 0.0,
                            "Total Cost": 11822.85,
                            "Plan Rows": 663256,
                            "Plan Width": 0,
                            "Actual Startup Time": 33.96,
                            "Actual Total Time": 33.961,
                            "Actual Rows": 662825,
                            "Actual Loops": 1,
                            "Index Cond": "(kind_id = 1)"
                          }
                        ]
                      }
                    ]
                  }
                ]
              }
            ]
          }
        ]
      }
    ]
  },
  "Planning Time": 0.503,
  "Triggers": [],
  "Execution Time": 427.044
}