[
    {
        "Bao": {
            "Bao prediction": "NaN",
            "Bao recommended hint": "(no hint)"
        }
    },
    {
        "Plan": {
            "Node Type": "Aggregate",
            "Strategy": "Plain",
            "Partial Mode": "Finalize",
            "Parallel Aware": false,
            "Startup Cost": 32704.15,
            "Total Cost": 32704.16,
            "Plan Rows": 1,
            "Plan Width": 8,
            "Actual Startup Time": 90.854,
            "Actual Total Time": 99.084,
            "Actual Rows": 1,
            "Actual Loops": 1,
            "Output": [
                "count(*)"
            ],
            "Plans": [
                {
                    "Node Type": "Gather",
                    "Parent Relationship": "Outer",
                    "Parallel Aware": false,
                    "Startup Cost": 32703.84,
                    "Total Cost": 32704.15,
                    "Plan Rows": 3,
                    "Plan Width": 8,
                    "Actual Startup Time": 90.747,
                    "Actual Total Time": 99.075,
                    "Actual Rows": 4,
                    "Actual Loops": 1,
                    "Output": [
                        "(PARTIAL count(*))"
                    ],
                    "Workers Planned": 3,
                    "Workers Launched": 3,
                    "Single Copy": false,
                    "Plans": [
                        {
                            "Node Type": "Aggregate",
                            "Strategy": "Plain",
                            "Partial Mode": "Partial",
                            "Parent Relationship": "Outer",
                            "Parallel Aware": false,
                            "Startup Cost": 31703.84,
                            "Total Cost": 31703.85,
                            "Plan Rows": 1,
                            "Plan Width": 8,
                            "Actual Startup Time": 82.441,
                            "Actual Total Time": 82.442,
                            "Actual Rows": 1,
                            "Actual Loops": 4,
                            "Output": [
                                "PARTIAL count(*)"
                            ],
                            "Workers": [
                                {
                                    "Worker Number": 0,
                                    "Actual Startup Time": 79.454,
                                    "Actual Total Time": 79.456,
                                    "Actual Rows": 1,
                                    "Actual Loops": 1
                                },
                                {
                                    "Worker Number": 1,
                                    "Actual Startup Time": 79.69,
                                    "Actual Total Time": 79.692,
                                    "Actual Rows": 1,
                                    "Actual Loops": 1
                                },
                                {
                                    "Worker Number": 2,
                                    "Actual Startup Time": 80.37,
                                    "Actual Total Time": 80.371,
                                    "Actual Rows": 1,
                                    "Actual Loops": 1
                                }
                            ],
                            "Plans": [
                                {
                                    "Node Type": "Seq Scan",
                                    "Parent Relationship": "Outer",
                                    "Parallel Aware": true,
                                    "Relation Name": "movie_companies",
                                    "Schema": "public",
                                    "Alias": "mc",
                                    "Startup Cost": 0.0,
                                    "Total Cost": 31414.82,
                                    "Plan Rows": 115607,
                                    "Plan Width": 0,
                                    "Actual Startup Time": 28.342,
                                    "Actual Total Time": 81.705,
                                    "Actual Rows": 11132,
                                    "Actual Loops": 4,
                                    "Output": [
                                        "id",
                                        "movie_id",
                                        "company_id",
                                        "company_type_id",
                                        "note"
                                    ],
                                    "Filter": "((mc.company_id > 40238) AND (mc.company_type_id < 2))",
                                    "Rows Removed by Filter": 641150,
                                    "Workers": [
                                        {
                                            "Worker Number": 0,
                                            "Actual Startup Time": 25.358,
                                            "Actual Total Time": 78.76,
                                            "Actual Rows": 8558,
                                            "Actual Loops": 1
                                        },
                                        {
                                            "Worker Number": 1,
                                            "Actual Startup Time": 25.597,
                                            "Actual Total Time": 78.96,
                                            "Actual Rows": 8818,
                                            "Actual Loops": 1
                                        },
                                        {
                                            "Worker Number": 2,
                                            "Actual Startup Time": 26.271,
                                            "Actual Total Time": 79.633,
                                            "Actual Rows": 9230,
                                            "Actual Loops": 1
                                        }
                                    ]
                                }
                            ]
                        }
                    ]
                }
            ]
        },
        "Planning Time": 216.843,
        "Triggers": [],
        "Execution Time": 99.21
    }
]