[
  {
    "Plan": {
      "Node Type": "Aggregate",
      "Strategy": "Plain",
      "Partial Mode": "Finalize",
      "Parallel Aware": false,
      "Startup Cost": 32860.72,
      "Total Cost": 32860.73,
      "Plan Rows": 1,
      "Plan Width": 8,
      "Actual Startup Time": 85.554,
      "Actual Total Time": 93.277,
      "Actual Rows": 1,
      "Actual Loops": 1,
      "Plans": [
        {
          "Node Type": "Gather",
          "Parent Relationship": "Outer",
          "Parallel Aware": false,
          "Startup Cost": 32860.4,
          "Total Cost": 32860.71,
          "Plan Rows": 3,
          "Plan Width": 8,
          "Actual Startup Time": 85.468,
          "Actual Total Time": 93.269,
          "Actual Rows": 4,
          "Actual Loops": 1,
          "Workers Planned": 3,
          "Workers Launched": 3,
          "Single Copy": false,
          "Plans": [
            {
              "Node Type": "Aggregate",
              "Strategy": "Plain",
              "Partial Mode": "Partial",
              "Parent Relationship": "Outer",
              "Parallel Aware": false,
              "Startup Cost": 31860.4,
              "Total Cost": 31860.41,
              "Plan Rows": 1,
              "Plan Width": 8,
              "Actual Startup Time": 78.438,
              "Actual Total Time": 78.439,
              "Actual Rows": 1,
              "Actual Loops": 4,
              "Plans": [
                {
                  "Node Type": "Seq Scan",
                  "Parent Relationship": "Outer",
                  "Parallel Aware": true,
                  "Relation Name": "movie_companies",
                  "Alias": "mc",
                  "Startup Cost": 0.0,
                  "Total Cost": 31414.82,
                  "Plan Rows": 178234,
                  "Plan Width": 0,
                  "Actual Startup Time": 21.878,
                  "Actual Total Time": 75.257,
                  "Actual Rows": 66328,
                  "Actual Loops": 4,
                  "Filter": "((company_id > 13610) AND (company_type_id = 1))",
                  "Rows Removed by Filter": 585954
                }
              ]
            }
          ]
        }
      ]
    },
    "Planning Time": 0.213,
    "Triggers": [],
    "Execution Time": 93.325
  }
]