[
  {
    "Plan": {
      "Node Type": "Aggregate",
      "Strategy": "Plain",
      "Partial Mode": "Finalize",
      "Parallel Aware": false,
      "Startup Cost": 32838.91,
      "Total Cost": 32838.92,
      "Plan Rows": 1,
      "Plan Width": 8,
      "Actual Startup Time": 97.91,
      "Actual Total Time": 105.439,
      "Actual Rows": 1,
      "Actual Loops": 1,
      "Plans": [
        {
          "Node Type": "Gather",
          "Parent Relationship": "Outer",
          "Parallel Aware": false,
          "Startup Cost": 32838.59,
          "Total Cost": 32838.9,
          "Plan Rows": 3,
          "Plan Width": 8,
          "Actual Startup Time": 97.816,
          "Actual Total Time": 105.429,
          "Actual Rows": 4,
          "Actual Loops": 1,
          "Workers Planned": 3,
          "Workers Launched": 3,
          "Single Copy": false,
          "Plans": [
            {
              "Node Type": "Aggregate",
              "Strategy": "Plain",
              "Partial Mode": "Partial",
              "Parent Relationship": "Outer",
              "Parallel Aware": false,
              "Startup Cost": 31838.59,
              "Total Cost": 31838.6,
              "Plan Rows": 1,
              "Plan Width": 8,
              "Actual Startup Time": 90.248,
              "Actual Total Time": 90.249,
              "Actual Rows": 1,
              "Actual Loops": 4,
              "Plans": [
                {
                  "Node Type": "Seq Scan",
                  "Parent Relationship": "Outer",
                  "Parallel Aware": true,
                  "Relation Name": "movie_companies",
                  "Alias": "mc",
                  "Startup Cost": 0.0,
                  "Total Cost": 31414.82,
                  "Plan Rows": 169510,
                  "Plan Width": 0,
                  "Actual Startup Time": 47.599,
                  "Actual Total Time": 81.524,
                  "Actual Rows": 206766,
                  "Actual Loops": 4,
                  "Filter": "((company_id > 15865) AND (company_type_id = 2))",
                  "Rows Removed by Filter": 445516
                }
              ]
            }
          ]
        }
      ]
    },
    "Planning Time": 0.19,
    "Triggers": [],
    "Execution Time": 105.491
  }
]