[
  {
    "Plan": {
      "Node Type": "Aggregate",
      "Strategy": "Plain",
      "Partial Mode": "Finalize",
      "Parallel Aware": false,
      "Startup Cost": 102078.33,
      "Total Cost": 102078.34,
      "Plan Rows": 1,
      "Plan Width": 8,
      "Actual Startup Time": 625.498,
      "Actual Total Time": 647.985,
      "Actual Rows": 1,
      "Actual Loops": 1,
      "Plans": [
        {
          "Node Type": "Gather",
          "Parent Relationship": "Outer",
          "Parallel Aware": false,
          "Startup Cost": 102078.01,
          "Total Cost": 102078.32,
          "Plan Rows": 3,
          "Plan Width": 8,
          "Actual Startup Time": 611.271,
          "Actual Total Time": 647.973,
          "Actual Rows": 4,
          "Actual Loops": 1,
          "Workers Planned": 3,
          "Workers Launched": 3,
          "Single Copy": false,
          "Plans": [
            {
              "Node Type": "Aggregate",
              "Strategy": "Plain",
              "Partial Mode": "Partial",
              "Parent Relationship": "Outer",
              "Parallel Aware": false,
              "Startup Cost": 101078.01,
              "Total Cost": 101078.02,
              "Plan Rows": 1,
              "Plan Width": 8,
              "Actual Startup Time": 606.901,
              "Actual Total Time": 607.23,
              "Actual Rows": 1,
              "Actual Loops": 4,
              "Plans": [
                {
                  "Node Type": "Hash Join",
                  "Parent Relationship": "Outer",
                  "Parallel Aware": true,
                  "Join Type": "Inner",
                  "Startup Cost": 69386.76,
                  "Total Cost": 100790.19,
                  "Plan Rows": 115130,
                  "Plan Width": 0,
                  "Actual Startup Time": 484.899,
                  "Actual Total Time": 600.275,
                  "Actual Rows": 140806,
                  "Actual Loops": 4,
                  "Inner Unique": false,
                  "Hash Cond": "(mc.movie_id = t.id)",
                  "Plans": [
                    {
                      "Node Type": "Seq Scan",
                      "Parent Relationship": "Outer",
                      "Parallel Aware": true,
                      "Relation Name": "movie_companies",
                      "Alias": "mc",
                      "Startup Cost": 0.0,
                      "Total Cost": 29310.68,
                      "Plan Rows": 430142,
                      "Plan Width": 4,
                      "Actual Startup Time": 34.805,
                      "Actual Total Time": 76.348,
                      "Actual Rows": 333721,
                      "Actual Loops": 4,
                      "Filter": "(company_type_id > 1)",
                      "Rows Removed by Filter": 318562
                    },
                    {
                      "Node Type": "Hash",
                      "Parent Relationship": "Inner",
                      "Parallel Aware": true,
                      "Startup Cost": 65862.04,
                      "Total Cost": 65862.04,
                      "Plan Rows": 281978,
                      "Plan Width": 8,
                      "Actual Startup Time": 447.683,
                      "Actual Total Time": 448.011,
                      "Actual Rows": 125022,
                      "Actual Loops": 4,
                      "Hash Buckets": 1048576,
                      "Original Hash Buckets": 1048576,
                      "Hash Batches": 1,
                      "Original Hash Batches": 1,
                      "Peak Memory Usage": 27808,
                      "Plans": [
                        {
                          "Node Type": "Hash Join",
                          "Parent Relationship": "Outer",
                          "Parallel Aware": true,
                          "Join Type": "Inner",
                          "Startup Cost": 49737.61,
                          "Total Cost": 65862.04,
                          "Plan Rows": 281978,
                          "Plan Width": 8,
                          "Actual Startup Time": 277.059,
                          "Actual Total Time": 399.937,
                          "Actual Rows": 125022,
                          "Actual Loops": 4,
                          "Inner Unique": true,
                          "Hash Cond": "(mi_idx.movie_id = t.id)",
                          "Plans": [
                            {
                              "Node Type": "Seq Scan",
                              "Parent Relationship": "Outer",
                              "Parallel Aware": true,
                              "Relation Name": "movie_info_idx",
                              "Alias": "mi_idx",
                              "Startup Cost": 0.0,
                              "Total Cost": 15122.68,
                              "Plan Rows": 381618,
                              "Plan Width": 4,
                              "Actual Startup Time": 0.013,
                              "Actual Total Time": 44.519,
                              "Actual Rows": 229962,
                              "Actual Loops": 4,
                              "Filter": "(info_type_id < 101)",
                              "Rows Removed by Filter": 115046
                            },
                            {
                              "Node Type": "Hash",
                              "Parent Relationship": "Inner",
                              "Parallel Aware": true,
                              "Startup Cost": 43899.32,
                              "Total Cost": 43899.32,
                              "Plan Rows": 467063,
                              "Plan Width": 4,
                              "Actual Startup Time": 273.625,
                              "Actual Total Time": 273.626,
                              "Actual Rows": 466372,
                              "Actual Loops": 4,
                              "Hash Buckets": 2097152,
                              "Original Hash Buckets": 2097152,
                              "Hash Batches": 1,
                              "Original Hash Batches": 1,
                              "Peak Memory Usage": 89408,
                              "Plans": [
                                {
                                  "Node Type": "Seq Scan",
                                  "Parent Relationship": "Outer",
                                  "Parallel Aware": true,
                                  "Relation Name": "title",
                                  "Alias": "t",
                                  "Startup Cost": 0.0,
                                  "Total Cost": 43899.32,
                                  "Plan Rows": 467063,
                                  "Plan Width": 4,
                                  "Actual Startup Time": 0.039,
                                  "Actual Total Time": 104.824,
                                  "Actual Rows": 466372,
                                  "Actual Loops": 4,
                                  "Filter": "(kind_id > 1)",
                                  "Rows Removed by Filter": 165706
                                }
                              ]
                            }
                          ]
                        }
                      ]
                    }
                  ]
                }
              ]
            }
          ]
        }
      ]
    },
    "Planning Time": 0.517,
    "Triggers": [],
    "Execution Time": 648.032
  }
]