[
  {
    "Plan": {
      "Node Type": "Aggregate",
      "Strategy": "Plain",
      "Partial Mode": "Finalize",
      "Parallel Aware": false,
      "Startup Cost": 46887.8,
      "Total Cost": 46887.81,
      "Plan Rows": 1,
      "Plan Width": 8,
      "Actual Startup Time": 172.721,
      "Actual Total Time": 179.751,
      "Actual Rows": 1,
      "Actual Loops": 1,
      "Plans": [
        {
          "Node Type": "Gather",
          "Parent Relationship": "Outer",
          "Parallel Aware": false,
          "Startup Cost": 46887.48,
          "Total Cost": 46887.79,
          "Plan Rows": 3,
          "Plan Width": 8,
          "Actual Startup Time": 172.593,
          "Actual Total Time": 179.744,
          "Actual Rows": 4,
          "Actual Loops": 1,
          "Workers Planned": 3,
          "Workers Launched": 3,
          "Single Copy": false,
          "Plans": [
            {
              "Node Type": "Aggregate",
              "Strategy": "Plain",
              "Partial Mode": "Partial",
              "Parent Relationship": "Outer",
              "Parallel Aware": false,
              "Startup Cost": 45887.48,
              "Total Cost": 45887.49,
              "Plan Rows": 1,
              "Plan Width": 8,
              "Actual Startup Time": 164.253,
              "Actual Total Time": 164.254,
              "Actual Rows": 1,
              "Actual Loops": 4,
              "Plans": [
                {
                  "Node Type": "Seq Scan",
                  "Parent Relationship": "Outer",
                  "Parallel Aware": true,
                  "Relation Name": "movie_keyword",
                  "Alias": "mk",
                  "Startup Cost": 0.0,
                  "Total Cost": 42695.65,
                  "Plan Rows": 1276730,
                  "Plan Width": 0,
                  "Actual Startup Time": 0.06,
                  "Actual Total Time": 120.938,
                  "Actual Rows": 992254,
                  "Actual Loops": 4,
                  "Filter": "(keyword_id < 33162)",
                  "Rows Removed by Filter": 138728
                }
              ]
            }
          ]
        }
      ]
    },
    "Planning Time": 0.155,
    "Triggers": [],
    "Execution Time": 179.801
  }
]