[
  {
    "Plan": {
      "Node Type": "Aggregate",
      "Strategy": "Plain",
      "Partial Mode": "Finalize",
      "Parallel Aware": false,
      "Startup Cost": 647198.85,
      "Total Cost": 647198.86,
      "Plan Rows": 1,
      "Plan Width": 8,
      "Actual Startup Time": 4254.735,
      "Actual Total Time": 4338.096,
      "Actual Rows": 1,
      "Actual Loops": 1,
      "Plans": [
        {
          "Node Type": "Gather",
          "Parent Relationship": "Outer",
          "Parallel Aware": false,
          "Startup Cost": 647198.22,
          "Total Cost": 647198.83,
          "Plan Rows": 6,
          "Plan Width": 8,
          "Actual Startup Time": 4225.698,
          "Actual Total Time": 4338.08,
          "Actual Rows": 7,
          "Actual Loops": 1,
          "Workers Planned": 6,
          "Workers Launched": 6,
          "Single Copy": false,
          "Plans": [
            {
              "Node Type": "Aggregate",
              "Strategy": "Plain",
              "Partial Mode": "Partial",
              "Parent Relationship": "Outer",
              "Parallel Aware": false,
              "Startup Cost": 646198.22,
              "Total Cost": 646198.23,
              "Plan Rows": 1,
              "Plan Width": 8,
              "Actual Startup Time": 4196.865,
              "Actual Total Time": 4197.377,
              "Actual Rows": 1,
              "Actual Loops": 7,
              "Plans": [
                {
                  "Node Type": "Hash Join",
                  "Parent Relationship": "Outer",
                  "Parallel Aware": true,
                  "Join Type": "Inner",
                  "Startup Cost": 263954.91,
                  "Total Cost": 620376.29,
                  "Plan Rows": 10328772,
                  "Plan Width": 0,
                  "Actual Startup Time": 1054.838,
                  "Actual Total Time": 3841.67,
                  "Actual Rows": 8124578,
                  "Actual Loops": 7,
                  "Inner Unique": false,
                  "Hash Cond": "(ci.movie_id = t.id)",
                  "Plans": [
                    {
                      "Node Type": "Seq Scan",
                      "Parent Relationship": "Outer",
                      "Parallel Aware": true,
                      "Relation Name": "cast_info",
                      "Alias": "ci",
                      "Startup Cost": 0.0,
                      "Total Cost": 313106.51,
                      "Plan Rows": 6041951,
                      "Plan Width": 4,
                      "Actual Startup Time": 0.032,
                      "Actual Total Time": 549.757,
                      "Actual Rows": 5177763,
                      "Actual Loops": 7
                    },
                    {
                      "Node Type": "Hash",
                      "Parent Relationship": "Inner",
                      "Parallel Aware": true,
                      "Startup Cost": 253149.0,
                      "Total Cost": 253149.0,
                      "Plan Rows": 864473,
                      "Plan Width": 8,
                      "Actual Startup Time": 1045.143,
                      "Actual Total Time": 1045.654,
                      "Actual Rows": 323753,
                      "Actual Loops": 7,
                      "Hash Buckets": 8388608,
                      "Original Hash Buckets": 8388608,
                      "Hash Batches": 1,
                      "Original Hash Batches": 1,
                      "Peak Memory Usage": 154336,
                      "Plans": [
                        {
                          "Node Type": "Hash Join",
                          "Parent Relationship": "Outer",
                          "Parallel Aware": true,
                          "Join Type": "Inner",
                          "Startup Cost": 49132.96,
                          "Total Cost": 253149.0,
                          "Plan Rows": 864473,
                          "Plan Width": 8,
                          "Actual Startup Time": 205.817,
                          "Actual Total Time": 861.376,
                          "Actual Rows": 323753,
                          "Actual Loops": 7,
                          "Inner Unique": true,
                          "Hash Cond": "(mi.movie_id = t.id)",
                          "Plans": [
                            {
                              "Node Type": "Seq Scan",
                              "Parent Relationship": "Outer",
                              "Parallel Aware": true,
                              "Relation Name": "movie_info",
                              "Alias": "mi",
                              "Startup Cost": 0.0,
                              "Total Cost": 199108.24,
                              "Plan Rows": 1869633,
                              "Plan Width": 4,
                              "Actual Startup Time": 15.792,
                              "Actual Total Time": 336.185,
                              "Actual Rows": 1346457,
                              "Actual Loops": 7,
                              "Filter": "(info_type_id > 5)",
                              "Rows Removed by Filter": 772931
                            },
                            {
                              "Node Type": "Hash",
                              "Parent Relationship": "Inner",
                              "Parallel Aware": true,
                              "Startup Cost": 45479.59,
                              "Total Cost": 45479.59,
                              "Plan Rows": 292270,
                              "Plan Width": 4,
                              "Actual Startup Time": 187.857,
                              "Actual Total Time": 187.859,
                              "Actual Rows": 178991,
                              "Actual Loops": 7,
                              "Hash Buckets": 2097152,
                              "Original Hash Buckets": 2097152,
                              "Hash Batches": 1,
                              "Original Hash Batches": 1,
                              "Peak Memory Usage": 65536,
                              "Plans": [
                                {
                                  "Node Type": "Seq Scan",
                                  "Parent Relationship": "Outer",
                                  "Parallel Aware": true,
                                  "Relation Name": "title",
                                  "Alias": "t",
                                  "Startup Cost": 0.0,
                                  "Total Cost": 45479.59,
                                  "Plan Rows": 292270,
                                  "Plan Width": 4,
                                  "Actual Startup Time": 0.06,
                                  "Actual Total Time": 89.148,
                                  "Actual Rows": 178991,
                                  "Actual Loops": 7,
                                  "Filter": "((production_year > 1982) AND (kind_id = 7))",
                                  "Rows Removed by Filter": 182197
                                }
                              ]
                            }
                          ]
                        }
                      ]
                    }
                  ]
                }
              ]
            }
          ]
        }
      ]
    },
    "Planning Time": 0.677,
    "Triggers": [],
    "Execution Time": 4338.17
  }
]