[
  {
    "Plan": {
      "Node Type": "Aggregate",
      "Strategy": "Plain",
      "Partial Mode": "Finalize",
      "Parallel Aware": false,
      "Startup Cost": 204542.34,
      "Total Cost": 204542.35,
      "Plan Rows": 1,
      "Plan Width": 8,
      "Actual Startup Time": 487.283,
      "Actual Total Time": 530.978,
      "Actual Rows": 1,
      "Actual Loops": 1,
      "Plans": [
        {
          "Node Type": "Gather",
          "Parent Relationship": "Outer",
          "Parallel Aware": false,
          "Startup Cost": 204541.82,
          "Total Cost": 204542.33,
          "Plan Rows": 5,
          "Plan Width": 8,
          "Actual Startup Time": 487.069,
          "Actual Total Time": 530.964,
          "Actual Rows": 6,
          "Actual Loops": 1,
          "Workers Planned": 5,
          "Workers Launched": 5,
          "Single Copy": false,
          "Plans": [
            {
              "Node Type": "Aggregate",
              "Strategy": "Plain",
              "Partial Mode": "Partial",
              "Parent Relationship": "Outer",
              "Parallel Aware": false,
              "Startup Cost": 203541.82,
              "Total Cost": 203541.83,
              "Plan Rows": 1,
              "Plan Width": 8,
              "Actual Startup Time": 476.75,
              "Actual Total Time": 476.752,
              "Actual Rows": 1,
              "Actual Loops": 6,
              "Plans": [
                {
                  "Node Type": "Seq Scan",
                  "Parent Relationship": "Outer",
                  "Parallel Aware": true,
                  "Relation Name": "movie_info",
                  "Alias": "mi",
                  "Startup Cost": 0.0,
                  "Total Cost": 199108.24,
                  "Plan Rows": 1773429,
                  "Plan Width": 0,
                  "Actual Startup Time": 33.938,
                  "Actual Total Time": 399.249,
                  "Actual Rows": 1491793,
                  "Actual Loops": 6,
                  "Filter": "(info_type_id > 6)",
                  "Rows Removed by Filter": 980827
                }
              ]
            }
          ]
        }
      ]
    },
    "Planning Time": 0.284,
    "Triggers": [],
    "Execution Time": 531.048
  }
]