[
  {
    "Plan": {
      "Node Type": "Aggregate",
      "Strategy": "Plain",
      "Partial Mode": "Finalize",
      "Parallel Aware": false,
      "Startup Cost": 384077.52,
      "Total Cost": 384077.53,
      "Plan Rows": 1,
      "Plan Width": 8,
      "Actual Startup Time": 2514.036,
      "Actual Total Time": 2559.011,
      "Actual Rows": 1,
      "Actual Loops": 1,
      "Plans": [
        {
          "Node Type": "Gather",
          "Parent Relationship": "Outer",
          "Parallel Aware": false,
          "Startup Cost": 384077.0,
          "Total Cost": 384077.51,
          "Plan Rows": 5,
          "Plan Width": 8,
          "Actual Startup Time": 2489.94,
          "Actual Total Time": 2559.0,
          "Actual Rows": 6,
          "Actual Loops": 1,
          "Workers Planned": 5,
          "Workers Launched": 5,
          "Single Copy": false,
          "Plans": [
            {
              "Node Type": "Aggregate",
              "Strategy": "Plain",
              "Partial Mode": "Partial",
              "Parent Relationship": "Outer",
              "Parallel Aware": false,
              "Startup Cost": 383077.0,
              "Total Cost": 383077.01,
              "Plan Rows": 1,
              "Plan Width": 8,
              "Actual Startup Time": 2468.845,
              "Actual Total Time": 2469.419,
              "Actual Rows": 1,
              "Actual Loops": 6,
              "Plans": [
                {
                  "Node Type": "Hash Join",
                  "Parent Relationship": "Outer",
                  "Parallel Aware": true,
                  "Join Type": "Inner",
                  "Startup Cost": 166344.56,
                  "Total Cost": 375252.35,
                  "Plan Rows": 3129858,
                  "Plan Width": 0,
                  "Actual Startup Time": 972.164,
                  "Actual Total Time": 2343.767,
                  "Actual Rows": 2430032,
                  "Actual Loops": 6,
                  "Inner Unique": false,
                  "Hash Cond": "(mi.movie_id = t.id)",
                  "Plans": [
                    {
                      "Node Type": "Seq Scan",
                      "Parent Relationship": "Outer",
                      "Parallel Aware": true,
                      "Relation Name": "movie_info",
                      "Alias": "mi",
                      "Startup Cost": 0.0,
                      "Total Cost": 191560.33,
                      "Plan Rows": 2956733,
                      "Plan Width": 4,
                      "Actual Startup Time": 0.06,
                      "Actual Total Time": 353.832,
                      "Actual Rows": 2472620,
                      "Actual Loops": 6
                    },
                    {
                      "Node Type": "Hash",
                      "Parent Relationship": "Inner",
                      "Parallel Aware": true,
                      "Startup Cost": 159653.74,
                      "Total Cost": 159653.74,
                      "Plan Rows": 535266,
                      "Plan Width": 8,
                      "Actual Startup Time": 964.34,
                      "Actual Total Time": 964.913,
                      "Actual Rows": 464039,
                      "Actual Loops": 6,
                      "Hash Buckets": 4194304,
                      "Original Hash Buckets": 4194304,
                      "Hash Batches": 1,
                      "Original Hash Batches": 1,
                      "Peak Memory Usage": 141792,
                      "Plans": [
                        {
                          "Node Type": "Hash Join",
                          "Parent Relationship": "Outer",
                          "Parallel Aware": true,
                          "Join Type": "Inner",
                          "Startup Cost": 49124.88,
                          "Total Cost": 159653.74,
                          "Plan Rows": 535266,
                          "Plan Width": 8,
                          "Actual Startup Time": 234.126,
                          "Actual Total Time": 736.454,
                          "Actual Rows": 464039,
                          "Actual Loops": 6,
                          "Inner Unique": true,
                          "Hash Cond": "(ci.movie_id = t.id)",
                          "Plans": [
                            {
                              "Node Type": "Index Scan",
                              "Parent Relationship": "Outer",
                              "Parallel Aware": true,
                              "Scan Direction": "Forward",
                              "Index Name": "role_id_cast_info",
                              "Relation Name": "cast_info",
                              "Alias": "ci",
                              "Startup Cost": 0.56,
                              "Total Cost": 108404.92,
                              "Plan Rows": 809334,
                              "Plan Width": 4,
                              "Actual Startup Time": 0.256,
                              "Actual Total Time": 150.694,
                              "Actual Rows": 668006,
                              "Actual Loops": 6,
                              "Index Cond": "(role_id = 3)",
                              "Rows Removed by Index Recheck": 0
                            },
                            {
                              "Node Type": "Hash",
                              "Parent Relationship": "Inner",
                              "Parallel Aware": true,
                              "Startup Cost": 43898.92,
                              "Total Cost": 43898.92,
                              "Plan Rows": 418032,
                              "Plan Width": 4,
                              "Actual Startup Time": 231.588,
                              "Actual Total Time": 231.59,
                              "Actual Rows": 279016,
                              "Actual Loops": 6,
                              "Hash Buckets": 2097152,
                              "Original Hash Buckets": 2097152,
                              "Hash Batches": 1,
                              "Original Hash Batches": 1,
                              "Peak Memory Usage": 82016,
                              "Plans": [
                                {
                                  "Node Type": "Seq Scan",
                                  "Parent Relationship": "Outer",
                                  "Parallel Aware": true,
                                  "Relation Name": "title",
                                  "Alias": "t",
                                  "Startup Cost": 0.0,
                                  "Total Cost": 43898.92,
                                  "Plan Rows": 418032,
                                  "Plan Width": 4,
                                  "Actual Startup Time": 0.047,
                                  "Actual Total Time": 96.858,
                                  "Actual Rows": 279016,
                                  "Actual Loops": 6,
                                  "Filter": "(kind_id > 3)",
                                  "Rows Removed by Filter": 142369
                                }
                              ]
                            }
                          ]
                        }
                      ]
                    }
                  ]
                }
              ]
            }
          ]
        }
      ]
    },
    "Planning Time": 1.381,
    "Triggers": [],
    "Execution Time": 2559.116
  }
]