{
  "Plan": {
    "Node Type": "Aggregate",
    "Strategy": "Plain",
    "Partial Mode": "Finalize",
    "Parallel Aware": false,
    "Startup Cost": 266687.67,
    "Total Cost": 266687.68,
    "Plan Rows": 1,
    "Plan Width": 8,
    "Actual Startup Time": 1280.518,
    "Actual Total Time": 1324.574,
    "Actual Rows": 1,
    "Actual Loops": 1,
    "Plans": [
      {
        "Node Type": "Gather",
        "Parent Relationship": "Outer",
        "Parallel Aware": false,
        "Startup Cost": 266687.56,
        "Total Cost": 266687.67,
        "Plan Rows": 1,
        "Plan Width": 8,
        "Actual Startup Time": 1279.808,
        "Actual Total Time": 1324.566,
        "Actual Rows": 2,
        "Actual Loops": 1,
        "Workers Planned": 1,
        "Workers Launched": 1,
        "Single Copy": false,
        "Plans": [
          {
            "Node Type": "Aggregate",
            "Strategy": "Plain",
            "Partial Mode": "Partial",
            "Parent Relationship": "Outer",
            "Parallel Aware": false,
            "Startup Cost": 265687.56,
            "Total Cost": 265687.57,
            "Plan Rows": 1,
            "Plan Width": 8,
            "Actual Startup Time": 1273.872,
            "Actual Total Time": 1273.876,
            "Actual Rows": 1,
            "Actual Loops": 2,
            "Plans": [
              {
                "Node Type": "Nested Loop",
                "Parent Relationship": "Outer",
                "Parallel Aware": false,
                "Join Type": "Inner",
                "Startup Cost": 59243.32,
                "Total Cost": 265356.15,
                "Plan Rows": 132562,
                "Plan Width": 0,
                "Actual Startup Time": 188.08,
                "Actual Total Time": 1250.152,
                "Actual Rows": 536083,
                "Actual Loops": 2,
                "Inner Unique": false,
                "Join Filter": "(t.id = mi.movie_id)",
                "Rows Removed by Join Filter": 0,
                "Plans": [
                  {
                    "Node Type": "Hash Join",
                    "Parent Relationship": "Outer",
                    "Parallel Aware": true,
                    "Join Type": "Inner",
                    "Startup Cost": 59242.88,
                    "Total Cost": 201321.24,
                    "Plan Rows": 22671,
                    "Plan Width": 8,
                    "Actual Startup Time": 188.013,
                    "Actual Total Time": 780.679,
                    "Actual Rows": 14903,
                    "Actual Loops": 2,
                    "Inner Unique": true,
                    "Hash Cond": "(ci.movie_id = t.id)",
                    "Plans": [
                      {
                        "Node Type": "Index Scan",
                        "Parent Relationship": "Outer",
                        "Parallel Aware": true,
                        "Scan Direction": "Forward",
                        "Index Name": "role_id_cast_info",
                        "Relation Name": "cast_info",
                        "Alias": "ci",
                        "Startup Cost": 0.56,
                        "Total Cost": 140896.75,
                        "Plan Rows": 450349,
                        "Plan Width": 4,
                        "Actual Startup Time": 0.049,
                        "Actual Total Time": 324.46,
                        "Actual Rows": 1338952,
                        "Actual Loops": 2,
                        "Index Cond": "(role_id = 10)",
                        "Rows Removed by Index Recheck": 0,
                        "Filter": "(person_id > 3034213)",
                        "Rows Removed by Filter": 822558
                      },
                      {
                        "Node Type": "Hash",
                        "Parent Relationship": "Inner",
                        "Parallel Aware": true,
                        "Startup Cost": 58306.47,
                        "Total Cost": 58306.47,
                        "Plan Rows": 74868,
                        "Plan Width": 4,
                        "Actual Startup Time": 185.066,
                        "Actual Total Time": 185.067,
                        "Actual Rows": 116846,
                        "Actual Loops": 2,
                        "Hash Buckets": 262144,
                        "Original Hash Buckets": 131072,
                        "Hash Batches": 1,
                        "Original Hash Batches": 1,
                        "Peak Memory Usage": 12256,
                        "Plans": [
                          {
                            "Node Type": "Seq Scan",
                            "Parent Relationship": "Outer",
                            "Parallel Aware": true,
                            "Relation Name": "title",
                            "Alias": "t",
                            "Startup Cost": 0.0,
                            "Total Cost": 58306.47,
                            "Plan Rows": 74868,
                            "Plan Width": 4,
                            "Actual Startup Time": 0.171,
                            "Actual Total Time": 148.554,
                            "Actual Rows": 116846,
                            "Actual Loops": 2,
                            "Filter": "((kind_id < 7) AND (production_year < 1968))",
                            "Rows Removed by Filter": 1147310
                          }
                        ]
                      }
                    ]
                  },
                  {
                    "Node Type": "Index Only Scan",
                    "Parent Relationship": "Inner",
                    "Parallel Aware": false,
                    "Scan Direction": "Forward",
                    "Index Name": "movie_id_movie_info",
                    "Relation Name": "movie_info",
                    "Alias": "mi",
                    "Startup Cost": 0.43,
                    "Total Cost": 2.3,
                    "Plan Rows": 42,
                    "Plan Width": 4,
                    "Actual Startup Time": 0.008,
                    "Actual Total Time": 0.028,
                    "Actual Rows": 36,
                    "Actual Loops": 29806,
                    "Index Cond": "(movie_id = ci.movie_id)",
                    "Rows Removed by Index Recheck": 0,
                    "Heap Fetches": 1072166
                  }
                ]
              }
            ]
          }
        ]
      }
    ]
  },
  "Planning Time": 0.995,
  "Triggers": [],
  "Execution Time": 1324.676
}