[
  {
    "Plan": {
      "Node Type": "Aggregate",
      "Strategy": "Plain",
      "Partial Mode": "Finalize",
      "Parallel Aware": false,
      "Startup Cost": 46807.0,
      "Total Cost": 46807.01,
      "Plan Rows": 1,
      "Plan Width": 8,
      "Actual Startup Time": 180.778,
      "Actual Total Time": 190.896,
      "Actual Rows": 1,
      "Actual Loops": 1,
      "Plans": [
        {
          "Node Type": "Gather",
          "Parent Relationship": "Outer",
          "Parallel Aware": false,
          "Startup Cost": 46806.68,
          "Total Cost": 46806.99,
          "Plan Rows": 3,
          "Plan Width": 8,
          "Actual Startup Time": 180.639,
          "Actual Total Time": 190.885,
          "Actual Rows": 4,
          "Actual Loops": 1,
          "Workers Planned": 3,
          "Workers Launched": 3,
          "Single Copy": false,
          "Plans": [
            {
              "Node Type": "Aggregate",
              "Strategy": "Plain",
              "Partial Mode": "Partial",
              "Parent Relationship": "Outer",
              "Parallel Aware": false,
              "Startup Cost": 45806.68,
              "Total Cost": 45806.69,
              "Plan Rows": 1,
              "Plan Width": 8,
              "Actual Startup Time": 177.007,
              "Actual Total Time": 177.008,
              "Actual Rows": 1,
              "Actual Loops": 4,
              "Plans": [
                {
                  "Node Type": "Seq Scan",
                  "Parent Relationship": "Outer",
                  "Parallel Aware": true,
                  "Relation Name": "movie_keyword",
                  "Alias": "mk",
                  "Startup Cost": 0.0,
                  "Total Cost": 42695.65,
                  "Plan Rows": 1244410,
                  "Plan Width": 0,
                  "Actual Startup Time": 0.032,
                  "Actual Total Time": 130.105,
                  "Actual Rows": 964090,
                  "Actual Loops": 4,
                  "Filter": "(keyword_id < 28077)",
                  "Rows Removed by Filter": 166893
                }
              ]
            }
          ]
        }
      ]
    },
    "Planning Time": 0.13,
    "Triggers": [],
    "Execution Time": 190.937
  }
]