[
  {
    "Plan": {
      "Node Type": "Aggregate",
      "Strategy": "Plain",
      "Partial Mode": "Finalize",
      "Parallel Aware": false,
      "Startup Cost": 46794.97,
      "Total Cost": 46794.98,
      "Plan Rows": 1,
      "Plan Width": 8,
      "Actual Startup Time": 181.492,
      "Actual Total Time": 191.624,
      "Actual Rows": 1,
      "Actual Loops": 1,
      "Plans": [
        {
          "Node Type": "Gather",
          "Parent Relationship": "Outer",
          "Parallel Aware": false,
          "Startup Cost": 46794.66,
          "Total Cost": 46794.97,
          "Plan Rows": 3,
          "Plan Width": 8,
          "Actual Startup Time": 181.415,
          "Actual Total Time": 191.616,
          "Actual Rows": 4,
          "Actual Loops": 1,
          "Workers Planned": 3,
          "Workers Launched": 3,
          "Single Copy": false,
          "Plans": [
            {
              "Node Type": "Aggregate",
              "Strategy": "Plain",
              "Partial Mode": "Partial",
              "Parent Relationship": "Outer",
              "Parallel Aware": false,
              "Startup Cost": 45794.66,
              "Total Cost": 45794.67,
              "Plan Rows": 1,
              "Plan Width": 8,
              "Actual Startup Time": 172.815,
              "Actual Total Time": 172.817,
              "Actual Rows": 1,
              "Actual Loops": 4,
              "Plans": [
                {
                  "Node Type": "Seq Scan",
                  "Parent Relationship": "Outer",
                  "Parallel Aware": true,
                  "Relation Name": "movie_keyword",
                  "Alias": "mk",
                  "Startup Cost": 0.0,
                  "Total Cost": 42695.65,
                  "Plan Rows": 1239601,
                  "Plan Width": 0,
                  "Actual Startup Time": 0.061,
                  "Actual Total Time": 128.626,
                  "Actual Rows": 964090,
                  "Actual Loops": 4,
                  "Filter": "(keyword_id < 28077)",
                  "Rows Removed by Filter": 166893
                }
              ]
            }
          ]
        }
      ]
    },
    "Planning Time": 0.129,
    "Triggers": [],
    "Execution Time": 191.666
  }
]