[
  {
    "Plan": {
      "Node Type": "Aggregate",
      "Strategy": "Plain",
      "Partial Mode": "Finalize",
      "Parallel Aware": false,
      "Startup Cost": 46657.58,
      "Total Cost": 46657.59,
      "Plan Rows": 1,
      "Plan Width": 8,
      "Actual Startup Time": 179.797,
      "Actual Total Time": 189.069,
      "Actual Rows": 1,
      "Actual Loops": 1,
      "Plans": [
        {
          "Node Type": "Gather",
          "Parent Relationship": "Outer",
          "Parallel Aware": false,
          "Startup Cost": 46657.26,
          "Total Cost": 46657.57,
          "Plan Rows": 3,
          "Plan Width": 8,
          "Actual Startup Time": 179.666,
          "Actual Total Time": 189.061,
          "Actual Rows": 4,
          "Actual Loops": 1,
          "Workers Planned": 3,
          "Workers Launched": 3,
          "Single Copy": false,
          "Plans": [
            {
              "Node Type": "Aggregate",
              "Strategy": "Plain",
              "Partial Mode": "Partial",
              "Parent Relationship": "Outer",
              "Parallel Aware": false,
              "Startup Cost": 45657.26,
              "Total Cost": 45657.27,
              "Plan Rows": 1,
              "Plan Width": 8,
              "Actual Startup Time": 171.388,
              "Actual Total Time": 171.389,
              "Actual Rows": 1,
              "Actual Loops": 4,
              "Plans": [
                {
                  "Node Type": "Seq Scan",
                  "Parent Relationship": "Outer",
                  "Parallel Aware": true,
                  "Relation Name": "movie_keyword",
                  "Alias": "mk",
                  "Startup Cost": 0.0,
                  "Total Cost": 42695.65,
                  "Plan Rows": 1184642,
                  "Plan Width": 0,
                  "Actual Startup Time": 0.104,
                  "Actual Total Time": 126.735,
                  "Actual Rows": 918754,
                  "Actual Loops": 4,
                  "Filter": "(keyword_id > 810)",
                  "Rows Removed by Filter": 212228
                }
              ]
            }
          ]
        }
      ]
    },
    "Planning Time": 0.194,
    "Triggers": [],
    "Execution Time": 189.126
  }
]