[
  {
    "Plan": {
      "Node Type": "Aggregate",
      "Strategy": "Plain",
      "Partial Mode": "Finalize",
      "Parallel Aware": false,
      "Startup Cost": 30888.87,
      "Total Cost": 30888.88,
      "Plan Rows": 1,
      "Plan Width": 8,
      "Actual Startup Time": 98.382,
      "Actual Total Time": 103.508,
      "Actual Rows": 1,
      "Actual Loops": 1,
      "Plans": [
        {
          "Node Type": "Gather",
          "Parent Relationship": "Outer",
          "Parallel Aware": false,
          "Startup Cost": 30888.55,
          "Total Cost": 30888.86,
          "Plan Rows": 3,
          "Plan Width": 8,
          "Actual Startup Time": 98.141,
          "Actual Total Time": 103.498,
          "Actual Rows": 4,
          "Actual Loops": 1,
          "Workers Planned": 3,
          "Workers Launched": 3,
          "Single Copy": false,
          "Plans": [
            {
              "Node Type": "Aggregate",
              "Strategy": "Plain",
              "Partial Mode": "Partial",
              "Parent Relationship": "Outer",
              "Parallel Aware": false,
              "Startup Cost": 29888.55,
              "Total Cost": 29888.56,
              "Plan Rows": 1,
              "Plan Width": 8,
              "Actual Startup Time": 89.151,
              "Actual Total Time": 89.153,
              "Actual Rows": 1,
              "Actual Loops": 4,
              "Plans": [
                {
                  "Node Type": "Bitmap Heap Scan",
                  "Parent Relationship": "Outer",
                  "Parallel Aware": true,
                  "Relation Name": "movie_keyword",
                  "Alias": "mk",
                  "Startup Cost": 4425.15,
                  "Total Cost": 29720.32,
                  "Plan Rows": 67293,
                  "Plan Width": 0,
                  "Actual Startup Time": 29.529,
                  "Actual Total Time": 85.264,
                  "Actual Rows": 53065,
                  "Actual Loops": 4,
                  "Recheck Cond": "(keyword_id > 66180)",
                  "Rows Removed by Index Recheck": 0,
                  "Exact Heap Blocks": 10205,
                  "Lossy Heap Blocks": 0,
                  "Plans": [
                    {
                      "Node Type": "Bitmap Index Scan",
                      "Parent Relationship": "Outer",
                      "Parallel Aware": false,
                      "Index Name": "keyword_id_movie_keyword",
                      "Startup Cost": 0.0,
                      "Total Cost": 4373.0,
                      "Plan Rows": 208609,
                      "Plan Width": 0,
                      "Actual Startup Time": 33.664,
                      "Actual Total Time": 33.665,
                      "Actual Rows": 212260,
                      "Actual Loops": 1,
                      "Index Cond": "(keyword_id > 66180)"
                    }
                  ]
                }
              ]
            }
          ]
        }
      ]
    },
    "Planning Time": 0.21,
    "Triggers": [],
    "Execution Time": 103.603
  }
]