[
  {
    "Plan": {
      "Node Type": "Aggregate",
      "Strategy": "Plain",
      "Partial Mode": "Finalize",
      "Parallel Aware": false,
      "Startup Cost": 31195.49,
      "Total Cost": 31195.5,
      "Plan Rows": 1,
      "Plan Width": 8,
      "Actual Startup Time": 96.935,
      "Actual Total Time": 103.596,
      "Actual Rows": 1,
      "Actual Loops": 1,
      "Plans": [
        {
          "Node Type": "Gather",
          "Parent Relationship": "Outer",
          "Parallel Aware": false,
          "Startup Cost": 31195.17,
          "Total Cost": 31195.48,
          "Plan Rows": 3,
          "Plan Width": 8,
          "Actual Startup Time": 96.646,
          "Actual Total Time": 103.587,
          "Actual Rows": 4,
          "Actual Loops": 1,
          "Workers Planned": 3,
          "Workers Launched": 3,
          "Single Copy": false,
          "Plans": [
            {
              "Node Type": "Aggregate",
              "Strategy": "Plain",
              "Partial Mode": "Partial",
              "Parent Relationship": "Outer",
              "Parallel Aware": false,
              "Startup Cost": 30195.17,
              "Total Cost": 30195.18,
              "Plan Rows": 1,
              "Plan Width": 8,
              "Actual Startup Time": 90.039,
              "Actual Total Time": 90.041,
              "Actual Rows": 1,
              "Actual Loops": 4,
              "Plans": [
                {
                  "Node Type": "Bitmap Heap Scan",
                  "Parent Relationship": "Outer",
                  "Parallel Aware": true,
                  "Relation Name": "movie_keyword",
                  "Alias": "mk",
                  "Startup Cost": 4675.42,
                  "Total Cost": 30017.55,
                  "Plan Rows": 71050,
                  "Plan Width": 0,
                  "Actual Startup Time": 31.417,
                  "Actual Total Time": 86.593,
                  "Actual Rows": 53065,
                  "Actual Loops": 4,
                  "Recheck Cond": "(keyword_id > 66180)",
                  "Rows Removed by Index Recheck": 0,
                  "Exact Heap Blocks": 10541,
                  "Lossy Heap Blocks": 0,
                  "Plans": [
                    {
                      "Node Type": "Bitmap Index Scan",
                      "Parent Relationship": "Outer",
                      "Parallel Aware": false,
                      "Index Name": "keyword_id_movie_keyword",
                      "Startup Cost": 0.0,
                      "Total Cost": 4620.35,
                      "Plan Rows": 220256,
                      "Plan Width": 0,
                      "Actual Startup Time": 33.123,
                      "Actual Total Time": 33.124,
                      "Actual Rows": 212260,
                      "Actual Loops": 1,
                      "Index Cond": "(keyword_id > 66180)"
                    }
                  ]
                }
              ]
            }
          ]
        }
      ]
    },
    "Planning Time": 0.184,
    "Triggers": [],
    "Execution Time": 103.673
  }
]