[
  {
    "Plan": {
      "Node Type": "Aggregate",
      "Strategy": "Plain",
      "Partial Mode": "Finalize",
      "Parallel Aware": false,
      "Startup Cost": 46491.93,
      "Total Cost": 46491.94,
      "Plan Rows": 1,
      "Plan Width": 8,
      "Actual Startup Time": 90.618,
      "Actual Total Time": 103.154,
      "Actual Rows": 1,
      "Actual Loops": 1,
      "Plans": [
        {
          "Node Type": "Gather",
          "Parent Relationship": "Outer",
          "Parallel Aware": false,
          "Startup Cost": 46491.51,
          "Total Cost": 46491.92,
          "Plan Rows": 4,
          "Plan Width": 8,
          "Actual Startup Time": 90.476,
          "Actual Total Time": 103.145,
          "Actual Rows": 5,
          "Actual Loops": 1,
          "Workers Planned": 4,
          "Workers Launched": 4,
          "Single Copy": false,
          "Plans": [
            {
              "Node Type": "Aggregate",
              "Strategy": "Plain",
              "Partial Mode": "Partial",
              "Parent Relationship": "Outer",
              "Parallel Aware": false,
              "Startup Cost": 45491.51,
              "Total Cost": 45491.52,
              "Plan Rows": 1,
              "Plan Width": 8,
              "Actual Startup Time": 81.435,
              "Actual Total Time": 81.436,
              "Actual Rows": 1,
              "Actual Loops": 5,
              "Plans": [
                {
                  "Node Type": "Seq Scan",
                  "Parent Relationship": "Outer",
                  "Parallel Aware": true,
                  "Relation Name": "title",
                  "Alias": "t",
                  "Startup Cost": 0.0,
                  "Total Cost": 45479.1,
                  "Plan Rows": 4965,
                  "Plan Width": 0,
                  "Actual Startup Time": 0.354,
                  "Actual Total Time": 81.115,
                  "Actual Rows": 3386,
                  "Actual Loops": 5,
                  "Filter": "((kind_id < 6) AND (production_year = 2000))",
                  "Rows Removed by Filter": 502277
                }
              ]
            }
          ]
        }
      ]
    },
    "Planning Time": 0.164,
    "Triggers": [],
    "Execution Time": 103.209
  }
]