[
    {
        "Bao": {
            "Bao prediction": "NaN",
            "Bao recommended hint": "(no hint)"
        }
    },
    {
        "Plan": {
            "Node Type": "Aggregate",
            "Strategy": "Plain",
            "Partial Mode": "Simple",
            "Parallel Aware": false,
            "Startup Cost": 14607.81,
            "Total Cost": 14607.82,
            "Plan Rows": 1,
            "Plan Width": 8,
            "Actual Startup Time": 8.71,
            "Actual Total Time": 8.712,
            "Actual Rows": 1,
            "Actual Loops": 1,
            "Output": [
                "count(*)"
            ],
            "Plans": [
                {
                    "Node Type": "Bitmap Heap Scan",
                    "Parent Relationship": "Outer",
                    "Parallel Aware": false,
                    "Relation Name": "movie_keyword",
                    "Schema": "public",
                    "Alias": "mk",
                    "Startup Cost": 137.52,
                    "Total Cost": 14591.98,
                    "Plan Rows": 6334,
                    "Plan Width": 0,
                    "Actual Startup Time": 1.47,
                    "Actual Total Time": 8.316,
                    "Actual Rows": 6790,
                    "Actual Loops": 1,
                    "Recheck Cond": "(mk.keyword_id = 495)",
                    "Rows Removed by Index Recheck": 0,
                    "Exact Heap Blocks": 4743,
                    "Lossy Heap Blocks": 0,
                    "Plans": [
                        {
                            "Node Type": "Bitmap Index Scan",
                            "Parent Relationship": "Outer",
                            "Parallel Aware": false,
                            "Index Name": "keyword_id_movie_keyword",
                            "Startup Cost": 0.0,
                            "Total Cost": 135.94,
                            "Plan Rows": 6334,
                            "Plan Width": 0,
                            "Actual Startup Time": 0.782,
                            "Actual Total Time": 0.782,
                            "Actual Rows": 6790,
                            "Actual Loops": 1,
                            "Index Cond": "(mk.keyword_id = 495)"
                        }
                    ]
                }
            ]
        },
        "Planning Time": 184.908,
        "Triggers": [],
        "Execution Time": 8.752
    }
]