[
  {
    "Plan": {
      "Node Type": "Aggregate",
      "Strategy": "Plain",
      "Partial Mode": "Finalize",
      "Parallel Aware": false,
      "Startup Cost": 67898.05,
      "Total Cost": 67898.06,
      "Plan Rows": 1,
      "Plan Width": 8,
      "Actual Startup Time": 137.184,
      "Actual Total Time": 151.763,
      "Actual Rows": 1,
      "Actual Loops": 1,
      "Plans": [
        {
          "Node Type": "Gather",
          "Parent Relationship": "Outer",
          "Parallel Aware": false,
          "Startup Cost": 67897.63,
          "Total Cost": 67898.04,
          "Plan Rows": 4,
          "Plan Width": 8,
          "Actual Startup Time": 136.571,
          "Actual Total Time": 151.755,
          "Actual Rows": 5,
          "Actual Loops": 1,
          "Workers Planned": 4,
          "Workers Launched": 4,
          "Single Copy": false,
          "Plans": [
            {
              "Node Type": "Aggregate",
              "Strategy": "Plain",
              "Partial Mode": "Partial",
              "Parent Relationship": "Outer",
              "Parallel Aware": false,
              "Startup Cost": 66897.63,
              "Total Cost": 66897.64,
              "Plan Rows": 1,
              "Plan Width": 8,
              "Actual Startup Time": 126.082,
              "Actual Total Time": 126.086,
              "Actual Rows": 1,
              "Actual Loops": 5,
              "Plans": [
                {
                  "Node Type": "Nested Loop",
                  "Parent Relationship": "Outer",
                  "Parallel Aware": false,
                  "Join Type": "Inner",
                  "Startup Cost": 21097.64,
                  "Total Cost": 66895.64,
                  "Plan Rows": 796,
                  "Plan Width": 0,
                  "Actual Startup Time": 98.973,
                  "Actual Total Time": 125.988,
                  "Actual Rows": 948,
                  "Actual Loops": 5,
                  "Inner Unique": false,
                  "Plans": [
                    {
                      "Node Type": "Hash Join",
                      "Parent Relationship": "Outer",
                      "Parallel Aware": true,
                      "Join Type": "Inner",
                      "Startup Cost": 21097.22,
                      "Total Cost": 65357.45,
                      "Plan Rows": 2174,
                      "Plan Width": 8,
                      "Actual Startup Time": 98.785,
                      "Actual Total Time": 118.323,
                      "Actual Rows": 1411,
                      "Actual Loops": 5,
                      "Inner Unique": false,
                      "Hash Cond": "(t.id = mc.movie_id)",
                      "Plans": [
                        {
                          "Node Type": "Seq Scan",
                          "Parent Relationship": "Outer",
                          "Parallel Aware": true,
                          "Relation Name": "title",
                          "Alias": "t",
                          "Startup Cost": 0.0,
                          "Total Cost": 43898.92,
                          "Plan Rows": 70862,
                          "Plan Width": 4,
                          "Actual Startup Time": 0.021,
                          "Actual Total Time": 75.517,
                          "Actual Rows": 59294,
                          "Actual Loops": 5,
                          "Filter": "(production_year < 1965)",
                          "Rows Removed by Filter": 446368
                        },
                        {
                          "Node Type": "Hash",
                          "Parent Relationship": "Inner",
                          "Parallel Aware": true,
                          "Startup Cost": 20784.42,
                          "Total Cost": 20784.42,
                          "Plan Rows": 25024,
                          "Plan Width": 4,
                          "Actual Startup Time": 28.449,
                          "Actual Total Time": 28.451,
                          "Actual Rows": 14888,
                          "Actual Loops": 5,
                          "Hash Buckets": 131072,
                          "Original Hash Buckets": 131072,
                          "Hash Batches": 1,
                          "Original Hash Batches": 1,
                          "Peak Memory Usage": 4032,
                          "Plans": [
                            {
                              "Node Type": "Bitmap Heap Scan",
                              "Parent Relationship": "Outer",
                              "Parallel Aware": true,
                              "Relation Name": "movie_companies",
                              "Alias": "mc",
                              "Startup Cost": 1681.62,
                              "Total Cost": 20784.42,
                              "Plan Rows": 25024,
                              "Plan Width": 4,
                              "Actual Startup Time": 4.609,
                              "Actual Total Time": 19.848,
                              "Actual Rows": 14888,
                              "Actual Loops": 5,
                              "Recheck Cond": "(company_id > 173623)",
                              "Rows Removed by Index Recheck": 0,
                              "Exact Heap Blocks": 1038,
                              "Lossy Heap Blocks": 0,
                              "Plans": [
                                {
                                  "Node Type": "Bitmap Index Scan",
                                  "Parent Relationship": "Outer",
                                  "Parallel Aware": false,
                                  "Index Name": "company_id_movie_companies",
                                  "Startup Cost": 0.0,
                                  "Total Cost": 1662.23,
                                  "Plan Rows": 77573,
                                  "Plan Width": 0,
                                  "Actual Startup Time": 8.598,
                                  "Actual Total Time": 8.598,
                                  "Actual Rows": 74440,
                                  "Actual Loops": 1,
                                  "Index Cond": "(company_id > 173623)"
                                }
                              ]
                            }
                          ]
                        }
                      ]
                    },
                    {
                      "Node Type": "Index Scan",
                      "Parent Relationship": "Inner",
                      "Parallel Aware": false,
                      "Scan Direction": "Forward",
                      "Index Name": "movie_id_movie_info_idx",
                      "Relation Name": "movie_info_idx",
                      "Alias": "mi_idx",
                      "Startup Cost": 0.43,
                      "Total Cost": 0.69,
                      "Plan Rows": 2,
                      "Plan Width": 4,
                      "Actual Startup Time": 0.005,
                      "Actual Total Time": 0.005,
                      "Actual Rows": 1,
                      "Actual Loops": 7056,
                      "Index Cond": "(movie_id = t.id)",
                      "Rows Removed by Index Recheck": 0,
                      "Filter": "(info_type_id > 99)",
                      "Rows Removed by Filter": 0
                    }
                  ]
                }
              ]
            }
          ]
        }
      ]
    },
    "Planning Time": 1.448,
    "Triggers": [],
    "Execution Time": 151.87
  }
]