[
  {
    "Plan": {
      "Node Type": "Aggregate",
      "Strategy": "Plain",
      "Partial Mode": "Finalize",
      "Parallel Aware": false,
      "Startup Cost": 337059.92,
      "Total Cost": 337059.93,
      "Plan Rows": 1,
      "Plan Width": 8,
      "Actual Startup Time": 745.767,
      "Actual Total Time": 810.147,
      "Actual Rows": 1,
      "Actual Loops": 1,
      "Plans": [
        {
          "Node Type": "Gather",
          "Parent Relationship": "Outer",
          "Parallel Aware": false,
          "Startup Cost": 337059.29,
          "Total Cost": 337059.9,
          "Plan Rows": 6,
          "Plan Width": 8,
          "Actual Startup Time": 745.643,
          "Actual Total Time": 810.136,
          "Actual Rows": 7,
          "Actual Loops": 1,
          "Workers Planned": 6,
          "Workers Launched": 6,
          "Single Copy": false,
          "Plans": [
            {
              "Node Type": "Aggregate",
              "Strategy": "Plain",
              "Partial Mode": "Partial",
              "Parent Relationship": "Outer",
              "Parallel Aware": false,
              "Startup Cost": 336059.29,
              "Total Cost": 336059.3,
              "Plan Rows": 1,
              "Plan Width": 8,
              "Actual Startup Time": 736.073,
              "Actual Total Time": 736.074,
              "Actual Rows": 1,
              "Actual Loops": 7,
              "Plans": [
                {
                  "Node Type": "Seq Scan",
                  "Parent Relationship": "Outer",
                  "Parallel Aware": true,
                  "Relation Name": "cast_info",
                  "Alias": "ci",
                  "Startup Cost": 0.0,
                  "Total Cost": 328162.03,
                  "Plan Rows": 3158907,
                  "Plan Width": 0,
                  "Actual Startup Time": 0.048,
                  "Actual Total Time": 609.815,
                  "Actual Rows": 2717125,
                  "Actual Loops": 7,
                  "Filter": "(person_id < 1899009)",
                  "Rows Removed by Filter": 2460638
                }
              ]
            }
          ]
        }
      ]
    },
    "Planning Time": 0.172,
    "Triggers": [],
    "Execution Time": 810.215
  }
]