[
  {
    "Plan": {
      "Node Type": "Aggregate",
      "Strategy": "Plain",
      "Partial Mode": "Finalize",
      "Parallel Aware": false,
      "Startup Cost": 331023.78,
      "Total Cost": 331023.79,
      "Plan Rows": 1,
      "Plan Width": 8,
      "Actual Startup Time": 562.124,
      "Actual Total Time": 616.94,
      "Actual Rows": 1,
      "Actual Loops": 1,
      "Plans": [
        {
          "Node Type": "Gather",
          "Parent Relationship": "Outer",
          "Parallel Aware": false,
          "Startup Cost": 331023.15,
          "Total Cost": 331023.76,
          "Plan Rows": 6,
          "Plan Width": 8,
          "Actual Startup Time": 562.012,
          "Actual Total Time": 616.928,
          "Actual Rows": 7,
          "Actual Loops": 1,
          "Workers Planned": 6,
          "Workers Launched": 6,
          "Single Copy": false,
          "Plans": [
            {
              "Node Type": "Aggregate",
              "Strategy": "Plain",
              "Partial Mode": "Partial",
              "Parent Relationship": "Outer",
              "Parallel Aware": false,
              "Startup Cost": 330023.15,
              "Total Cost": 330023.16,
              "Plan Rows": 1,
              "Plan Width": 8,
              "Actual Startup Time": 555.579,
              "Actual Total Time": 555.58,
              "Actual Rows": 1,
              "Actual Loops": 7,
              "Plans": [
                {
                  "Node Type": "Seq Scan",
                  "Parent Relationship": "Outer",
                  "Parallel Aware": true,
                  "Relation Name": "cast_info",
                  "Alias": "ci",
                  "Startup Cost": 0.0,
                  "Total Cost": 328162.03,
                  "Plan Rows": 744451,
                  "Plan Width": 0,
                  "Actual Startup Time": 0.037,
                  "Actual Total Time": 525.66,
                  "Actual Rows": 654064,
                  "Actual Loops": 7,
                  "Filter": "(person_id < 442050)",
                  "Rows Removed by Filter": 4523699
                }
              ]
            }
          ]
        }
      ]
    },
    "Planning Time": 0.2,
    "Triggers": [],
    "Execution Time": 617.014
  }
]