[
  {
    "Plan": {
      "Node Type": "Aggregate",
      "Strategy": "Plain",
      "Partial Mode": "Finalize",
      "Parallel Aware": false,
      "Startup Cost": 38678.66,
      "Total Cost": 38678.67,
      "Plan Rows": 1,
      "Plan Width": 8,
      "Actual Startup Time": 42.885,
      "Actual Total Time": 48.863,
      "Actual Rows": 1,
      "Actual Loops": 1,
      "Plans": [
        {
          "Node Type": "Gather",
          "Parent Relationship": "Outer",
          "Parallel Aware": false,
          "Startup Cost": 38678.34,
          "Total Cost": 38678.65,
          "Plan Rows": 3,
          "Plan Width": 8,
          "Actual Startup Time": 42.652,
          "Actual Total Time": 48.857,
          "Actual Rows": 4,
          "Actual Loops": 1,
          "Workers Planned": 3,
          "Workers Launched": 3,
          "Single Copy": false,
          "Plans": [
            {
              "Node Type": "Aggregate",
              "Strategy": "Plain",
              "Partial Mode": "Partial",
              "Parent Relationship": "Outer",
              "Parallel Aware": false,
              "Startup Cost": 37678.34,
              "Total Cost": 37678.35,
              "Plan Rows": 1,
              "Plan Width": 8,
              "Actual Startup Time": 33.914,
              "Actual Total Time": 33.916,
              "Actual Rows": 1,
              "Actual Loops": 4,
              "Plans": [
                {
                  "Node Type": "Nested Loop",
                  "Parent Relationship": "Outer",
                  "Parallel Aware": false,
                  "Join Type": "Inner",
                  "Startup Cost": 236.28,
                  "Total Cost": 37675.8,
                  "Plan Rows": 1019,
                  "Plan Width": 0,
                  "Actual Startup Time": 6.64,
                  "Actual Total Time": 33.71,
                  "Actual Rows": 1426,
                  "Actual Loops": 4,
                  "Inner Unique": false,
                  "Plans": [
                    {
                      "Node Type": "Bitmap Heap Scan",
                      "Parent Relationship": "Outer",
                      "Parallel Aware": true,
                      "Relation Name": "title",
                      "Alias": "t",
                      "Startup Cost": 235.85,
                      "Total Cost": 26143.14,
                      "Plan Rows": 1867,
                      "Plan Width": 4,
                      "Actual Startup Time": 6.197,
                      "Actual Total Time": 22.836,
                      "Actual Rows": 896,
                      "Actual Loops": 4,
                      "Recheck Cond": "(kind_id = 6)",
                      "Rows Removed by Index Recheck": 0,
                      "Filter": "(production_year > 2004)",
                      "Rows Removed by Filter": 2254,
                      "Exact Heap Blocks": 5367,
                      "Lossy Heap Blocks": 0,
                      "Plans": [
                        {
                          "Node Type": "Bitmap Index Scan",
                          "Parent Relationship": "Outer",
                          "Parallel Aware": false,
                          "Index Name": "kind_id_title",
                          "Startup Cost": 0.0,
                          "Total Cost": 234.4,
                          "Plan Rows": 13063,
                          "Plan Width": 0,
                          "Actual Startup Time": 9.537,
                          "Actual Total Time": 9.537,
                          "Actual Rows": 12600,
                          "Actual Loops": 1,
                          "Index Cond": "(kind_id = 6)"
                        }
                      ]
                    },
                    {
                      "Node Type": "Index Only Scan",
                      "Parent Relationship": "Inner",
                      "Parallel Aware": false,
                      "Scan Direction": "Forward",
                      "Index Name": "movie_id_movie_info_idx",
                      "Relation Name": "movie_info_idx",
                      "Alias": "mi_idx",
                      "Startup Cost": 0.43,
                      "Total Cost": 6.15,
                      "Plan Rows": 3,
                      "Plan Width": 4,
                      "Actual Startup Time": 0.011,
                      "Actual Total Time": 0.011,
                      "Actual Rows": 2,
                      "Actual Loops": 3582,
                      "Index Cond": "(movie_id = t.id)",
                      "Rows Removed by Index Recheck": 0,
                      "Heap Fetches": 5706
                    }
                  ]
                }
              ]
            }
          ]
        }
      ]
    },
    "Planning Time": 0.639,
    "Triggers": [],
    "Execution Time": 48.963
  }
]