[
  {
    "Plan": {
      "Node Type": "Aggregate",
      "Strategy": "Plain",
      "Partial Mode": "Simple",
      "Parallel Aware": false,
      "Startup Cost": 15812.98,
      "Total Cost": 15812.99,
      "Plan Rows": 1,
      "Plan Width": 8,
      "Actual Startup Time": 20.863,
      "Actual Total Time": 20.865,
      "Actual Rows": 1,
      "Actual Loops": 1,
      "Plans": [
        {
          "Node Type": "Bitmap Heap Scan",
          "Parent Relationship": "Outer",
          "Parallel Aware": false,
          "Relation Name": "movie_companies",
          "Alias": "mc",
          "Startup Cost": 196.76,
          "Total Cost": 15801.53,
          "Plan Rows": 4578,
          "Plan Width": 0,
          "Actual Startup Time": 14.773,
          "Actual Total Time": 19.98,
          "Actual Rows": 3656,
          "Actual Loops": 1,
          "Recheck Cond": "(company_id = 1451)",
          "Rows Removed by Index Recheck": 0,
          "Filter": "(company_type_id > 1)",
          "Rows Removed by Filter": 5810,
          "Exact Heap Blocks": 5155,
          "Lossy Heap Blocks": 0,
          "Plans": [
            {
              "Node Type": "Bitmap Index Scan",
              "Parent Relationship": "Outer",
              "Parallel Aware": false,
              "Index Name": "company_id_movie_companies",
              "Startup Cost": 0.0,
              "Total Cost": 195.62,
              "Plan Rows": 8958,
              "Plan Width": 0,
              "Actual Startup Time": 3.12,
              "Actual Total Time": 3.121,
              "Actual Rows": 9466,
              "Actual Loops": 1,
              "Index Cond": "(company_id = 1451)"
            }
          ]
        }
      ]
    },
    "Planning Time": 0.238,
    "Triggers": [],
    "Execution Time": 20.926
  }
]