{
  "Plan": {
    "Node Type": "Aggregate",
    "Strategy": "Plain",
    "Partial Mode": "Finalize",
    "Parallel Aware": false,
    "Startup Cost": 281359.58,
    "Total Cost": 281359.59,
    "Plan Rows": 1,
    "Plan Width": 8,
    "Actual Startup Time": 1043.542,
    "Actual Total Time": 1067.629,
    "Actual Rows": 1,
    "Actual Loops": 1,
    "Plans": [
      {
        "Node Type": "Gather",
        "Parent Relationship": "Outer",
        "Parallel Aware": false,
        "Startup Cost": 281359.47,
        "Total Cost": 281359.58,
        "Plan Rows": 1,
        "Plan Width": 8,
        "Actual Startup Time": 1038.22,
        "Actual Total Time": 1067.622,
        "Actual Rows": 2,
        "Actual Loops": 1,
        "Workers Planned": 1,
        "Workers Launched": 1,
        "Single Copy": false,
        "Plans": [
          {
            "Node Type": "Aggregate",
            "Strategy": "Plain",
            "Partial Mode": "Partial",
            "Parent Relationship": "Outer",
            "Parallel Aware": false,
            "Startup Cost": 280359.47,
            "Total Cost": 280359.48,
            "Plan Rows": 1,
            "Plan Width": 8,
            "Actual Startup Time": 1031.858,
            "Actual Total Time": 1031.864,
            "Actual Rows": 1,
            "Actual Loops": 2,
            "Plans": [
              {
                "Node Type": "Hash Join",
                "Parent Relationship": "Outer",
                "Parallel Aware": true,
                "Join Type": "Inner",
                "Startup Cost": 258822.46,
                "Total Cost": 279933.76,
                "Plan Rows": 170282,
                "Plan Width": 0,
                "Actual Startup Time": 865.177,
                "Actual Total Time": 1018.323,
                "Actual Rows": 331138,
                "Actual Loops": 2,
                "Inner Unique": false,
                "Hash Cond": "(mi_idx.movie_id = t.id)",
                "Plans": [
                  {
                    "Node Type": "Seq Scan",
                    "Parent Relationship": "Outer",
                    "Parallel Aware": true,
                    "Relation Name": "movie_info_idx",
                    "Alias": "mi_idx",
                    "Startup Cost": 0.0,
                    "Total Cost": 18082.32,
                    "Plan Rows": 540622,
                    "Plan Width": 4,
                    "Actual Startup Time": 0.027,
                    "Actual Total Time": 58.56,
                    "Actual Rows": 459925,
                    "Actual Loops": 2,
                    "Filter": "(info_type_id < 101)",
                    "Rows Removed by Filter": 230092
                  },
                  {
                    "Node Type": "Hash",
                    "Parent Relationship": "Inner",
                    "Parallel Aware": true,
                    "Startup Cost": 252966.97,
                    "Total Cost": 252966.97,
                    "Plan Rows": 468439,
                    "Plan Width": 8,
                    "Actual Startup Time": 855.977,
                    "Actual Total Time": 855.981,
                    "Actual Rows": 401070,
                    "Actual Loops": 2,
                    "Hash Buckets": 1048576,
                    "Original Hash Buckets": 1048576,
                    "Hash Batches": 1,
                    "Original Hash Batches": 1,
                    "Peak Memory Usage": 39584,
                    "Plans": [
                      {
                        "Node Type": "Hash Join",
                        "Parent Relationship": "Outer",
                        "Parallel Aware": true,
                        "Join Type": "Inner",
                        "Startup Cost": 83888.82,
                        "Total Cost": 252966.97,
                        "Plan Rows": 468439,
                        "Plan Width": 8,
                        "Actual Startup Time": 552.385,
                        "Actual Total Time": 754.758,
                        "Actual Rows": 401070,
                        "Actual Loops": 2,
                        "Inner Unique": true,
                        "Hash Cond": "(mi.movie_id = t.id)",
                        "Plans": [
                          {
                            "Node Type": "Bitmap Heap Scan",
                            "Parent Relationship": "Outer",
                            "Parallel Aware": true,
                            "Relation Name": "movie_info",
                            "Alias": "mi",
                            "Startup Cost": 14428.12,
                            "Total Cost": 182276.62,
                            "Plan Rows": 468439,
                            "Plan Width": 4,
                            "Actual Startup Time": 23.295,
                            "Actual Total Time": 58.71,
                            "Actual Rows": 401070,
                            "Actual Loops": 2,
                            "Recheck Cond": "(info_type_id < 2)",
                            "Rows Removed by Index Recheck": 0,
                            "Exact Heap Blocks": 2445,
                            "Lossy Heap Blocks": 0,
                            "Plans": [
                              {
                                "Node Type": "Bitmap Index Scan",
                                "Parent Relationship": "Outer",
                                "Parallel Aware": false,
                                "Index Name": "info_type_id_movie_info",
                                "Startup Cost": 0.0,
                                "Total Cost": 14229.04,
                                "Plan Rows": 796347,
                                "Plan Width": 0,
                                "Actual Startup Time": 22.551,
                                "Actual Total Time": 22.551,
                                "Actual Rows": 802140,
                                "Actual Loops": 1,
                                "Index Cond": "(info_type_id < 2)"
                              }
                            ]
                          },
                          {
                            "Node Type": "Hash",
                            "Parent Relationship": "Inner",
                            "Parallel Aware": true,
                            "Startup Cost": 50870.31,
                            "Total Cost": 50870.31,
                            "Plan Rows": 1487231,
                            "Plan Width": 4,
                            "Actual Startup Time": 513.456,
                            "Actual Total Time": 513.457,
                            "Actual Rows": 1264156,
                            "Actual Loops": 2,
                            "Hash Buckets": 4194304,
                            "Original Hash Buckets": 4194304,
                            "Hash Batches": 1,
                            "Original Hash Batches": 1,
                            "Peak Memory Usage": 131680,
                            "Plans": [
                              {
                                "Node Type": "Seq Scan",
                                "Parent Relationship": "Outer",
                                "Parallel Aware": true,
                                "Relation Name": "title",
                                "Alias": "t",
                                "Startup Cost": 0.0,
                                "Total Cost": 50870.31,
                                "Plan Rows": 1487231,
                                "Plan Width": 4,
                                "Actual Startup Time": 0.03,
                                "Actual Total Time": 148.072,
                                "Actual Rows": 1264156,
                                "Actual Loops": 2
                              }
                            ]
                          }
                        ]
                      }
                    ]
                  }
                ]
              }
            ]
          }
        ]
      }
    ]
  },
  "Planning Time": 0.806,
  "Triggers": [],
  "Execution Time": 1067.727
}