[
  {
    "Plan": {
      "Node Type": "Aggregate",
      "Strategy": "Plain",
      "Partial Mode": "Finalize",
      "Parallel Aware": false,
      "Startup Cost": 30922.14,
      "Total Cost": 30922.15,
      "Plan Rows": 1,
      "Plan Width": 8,
      "Actual Startup Time": 90.312,
      "Actual Total Time": 98.184,
      "Actual Rows": 1,
      "Actual Loops": 1,
      "Plans": [
        {
          "Node Type": "Gather",
          "Parent Relationship": "Outer",
          "Parallel Aware": false,
          "Startup Cost": 30921.82,
          "Total Cost": 30922.13,
          "Plan Rows": 3,
          "Plan Width": 8,
          "Actual Startup Time": 90.197,
          "Actual Total Time": 98.175,
          "Actual Rows": 4,
          "Actual Loops": 1,
          "Workers Planned": 3,
          "Workers Launched": 3,
          "Single Copy": false,
          "Plans": [
            {
              "Node Type": "Aggregate",
              "Strategy": "Plain",
              "Partial Mode": "Partial",
              "Parent Relationship": "Outer",
              "Parallel Aware": false,
              "Startup Cost": 29921.82,
              "Total Cost": 29921.83,
              "Plan Rows": 1,
              "Plan Width": 8,
              "Actual Startup Time": 83.7,
              "Actual Total Time": 83.701,
              "Actual Rows": 1,
              "Actual Loops": 4,
              "Plans": [
                {
                  "Node Type": "Seq Scan",
                  "Parent Relationship": "Outer",
                  "Parallel Aware": true,
                  "Relation Name": "movie_companies",
                  "Alias": "mc",
                  "Startup Cost": 0.0,
                  "Total Cost": 29310.68,
                  "Plan Rows": 244455,
                  "Plan Width": 0,
                  "Actual Startup Time": 0.041,
                  "Actual Total Time": 72.001,
                  "Actual Rows": 187750,
                  "Actual Loops": 4,
                  "Filter": "(company_id < 1465)",
                  "Rows Removed by Filter": 464532
                }
              ]
            }
          ]
        }
      ]
    },
    "Planning Time": 0.194,
    "Triggers": [],
    "Execution Time": 98.241
  }
]