[
  {
    "Plan": {
      "Node Type": "Aggregate",
      "Strategy": "Plain",
      "Partial Mode": "Finalize",
      "Parallel Aware": false,
      "Startup Cost": 105534.26,
      "Total Cost": 105534.27,
      "Plan Rows": 1,
      "Plan Width": 8,
      "Actual Startup Time": 544.761,
      "Actual Total Time": 565.39,
      "Actual Rows": 1,
      "Actual Loops": 1,
      "Plans": [
        {
          "Node Type": "Gather",
          "Parent Relationship": "Outer",
          "Parallel Aware": false,
          "Startup Cost": 105534.04,
          "Total Cost": 105534.25,
          "Plan Rows": 2,
          "Plan Width": 8,
          "Actual Startup Time": 539.702,
          "Actual Total Time": 565.38,
          "Actual Rows": 3,
          "Actual Loops": 1,
          "Workers Planned": 2,
          "Workers Launched": 2,
          "Single Copy": false,
          "Plans": [
            {
              "Node Type": "Aggregate",
              "Strategy": "Plain",
              "Partial Mode": "Partial",
              "Parent Relationship": "Outer",
              "Parallel Aware": false,
              "Startup Cost": 104534.04,
              "Total Cost": 104534.05,
              "Plan Rows": 1,
              "Plan Width": 8,
              "Actual Startup Time": 529.941,
              "Actual Total Time": 530.133,
              "Actual Rows": 1,
              "Actual Loops": 3,
              "Plans": [
                {
                  "Node Type": "Hash Join",
                  "Parent Relationship": "Outer",
                  "Parallel Aware": true,
                  "Join Type": "Inner",
                  "Startup Cost": 87807.63,
                  "Total Cost": 104460.82,
                  "Plan Rows": 29289,
                  "Plan Width": 0,
                  "Actual Startup Time": 437.781,
                  "Actual Total Time": 527.884,
                  "Actual Rows": 40552,
                  "Actual Loops": 3,
                  "Inner Unique": false,
                  "Hash Cond": "(mi_idx.movie_id = t.id)",
                  "Plans": [
                    {
                      "Node Type": "Seq Scan",
                      "Parent Relationship": "Outer",
                      "Parallel Aware": true,
                      "Relation Name": "movie_info_idx",
                      "Alias": "mi_idx",
                      "Startup Cost": 0.0,
                      "Total Cost": 15122.68,
                      "Plan Rows": 382940,
                      "Plan Width": 4,
                      "Actual Startup Time": 0.051,
                      "Actual Total Time": 51.817,
                      "Actual Rows": 306617,
                      "Actual Loops": 3,
                      "Filter": "(info_type_id < 101)",
                      "Rows Removed by Filter": 153395
                    },
                    {
                      "Node Type": "Hash",
                      "Parent Relationship": "Inner",
                      "Parallel Aware": true,
                      "Startup Cost": 87027.89,
                      "Total Cost": 87027.89,
                      "Plan Rows": 62379,
                      "Plan Width": 8,
                      "Actual Startup Time": 435.056,
                      "Actual Total Time": 435.246,
                      "Actual Rows": 35732,
                      "Actual Loops": 3,
                      "Hash Buckets": 262144,
                      "Original Hash Buckets": 262144,
                      "Hash Batches": 1,
                      "Original Hash Batches": 1,
                      "Peak Memory Usage": 6304,
                      "Plans": [
                        {
                          "Node Type": "Hash Join",
                          "Parent Relationship": "Outer",
                          "Parallel Aware": true,
                          "Join Type": "Inner",
                          "Startup Cost": 59541.98,
                          "Total Cost": 87027.89,
                          "Plan Rows": 62379,
                          "Plan Width": 8,
                          "Actual Startup Time": 286.211,
                          "Actual Total Time": 423.856,
                          "Actual Rows": 35732,
                          "Actual Loops": 3,
                          "Inner Unique": true,
                          "Hash Cond": "(mk.movie_id = t.id)",
                          "Plans": [
                            {
                              "Node Type": "Bitmap Heap Scan",
                              "Parent Relationship": "Outer",
                              "Parallel Aware": true,
                              "Relation Name": "movie_keyword",
                              "Alias": "mk",
                              "Startup Cost": 13184.41,
                              "Total Cost": 40144.12,
                              "Plan Rows": 200457,
                              "Plan Width": 4,
                              "Actual Startup Time": 41.156,
                              "Actual Total Time": 119.913,
                              "Actual Rows": 210949,
                              "Actual Loops": 3,
                              "Recheck Cond": "(keyword_id < 495)",
                              "Rows Removed by Index Recheck": 0,
                              "Exact Heap Blocks": 12158,
                              "Lossy Heap Blocks": 0,
                              "Plans": [
                                {
                                  "Node Type": "Bitmap Index Scan",
                                  "Parent Relationship": "Outer",
                                  "Parallel Aware": false,
                                  "Index Name": "keyword_id_movie_keyword",
                                  "Startup Cost": 0.0,
                                  "Total Cost": 13029.05,
                                  "Plan Rows": 621416,
                                  "Plan Width": 0,
                                  "Actual Startup Time": 37.422,
                                  "Actual Total Time": 37.422,
                                  "Actual Rows": 632848,
                                  "Actual Loops": 1,
                                  "Index Cond": "(keyword_id < 495)"
                                }
                              ]
                            },
                            {
                              "Node Type": "Hash",
                              "Parent Relationship": "Inner",
                              "Parallel Aware": true,
                              "Startup Cost": 43898.92,
                              "Total Cost": 43898.92,
                              "Plan Rows": 196693,
                              "Plan Width": 4,
                              "Actual Startup Time": 240.49,
                              "Actual Total Time": 240.491,
                              "Actual Rows": 261642,
                              "Actual Loops": 3,
                              "Hash Buckets": 1048576,
                              "Original Hash Buckets": 1048576,
                              "Hash Batches": 1,
                              "Original Hash Batches": 1,
                              "Peak Memory Usage": 38976,
                              "Plans": [
                                {
                                  "Node Type": "Seq Scan",
                                  "Parent Relationship": "Outer",
                                  "Parallel Aware": true,
                                  "Relation Name": "title",
                                  "Alias": "t",
                                  "Startup Cost": 0.0,
                                  "Total Cost": 43898.92,
                                  "Plan Rows": 196693,
                                  "Plan Width": 4,
                                  "Actual Startup Time": 0.04,
                                  "Actual Total Time": 142.258,
                                  "Actual Rows": 261642,
                                  "Actual Loops": 3,
                                  "Filter": "(production_year > 2007)",
                                  "Rows Removed by Filter": 581129
                                }
                              ]
                            }
                          ]
                        }
                      ]
                    }
                  ]
                }
              ]
            }
          ]
        }
      ]
    },
    "Planning Time": 1.374,
    "Triggers": [],
    "Execution Time": 565.493
  }
]