[
  {
    "Plan": {
      "Node Type": "Aggregate",
      "Strategy": "Plain",
      "Partial Mode": "Finalize",
      "Parallel Aware": false,
      "Startup Cost": 88312.03,
      "Total Cost": 88312.04,
      "Plan Rows": 1,
      "Plan Width": 8,
      "Actual Startup Time": 9641.051,
      "Actual Total Time": 9659.706,
      "Actual Rows": 1,
      "Actual Loops": 1,
      "Plans": [
        {
          "Node Type": "Gather",
          "Parent Relationship": "Outer",
          "Parallel Aware": false,
          "Startup Cost": 88311.71,
          "Total Cost": 88312.02,
          "Plan Rows": 3,
          "Plan Width": 8,
          "Actual Startup Time": 9622.769,
          "Actual Total Time": 9659.692,
          "Actual Rows": 4,
          "Actual Loops": 1,
          "Workers Planned": 3,
          "Workers Launched": 3,
          "Single Copy": false,
          "Plans": [
            {
              "Node Type": "Aggregate",
              "Strategy": "Plain",
              "Partial Mode": "Partial",
              "Parent Relationship": "Outer",
              "Parallel Aware": false,
              "Startup Cost": 87311.71,
              "Total Cost": 87311.72,
              "Plan Rows": 1,
              "Plan Width": 8,
              "Actual Startup Time": 9598.015,
              "Actual Total Time": 9598.02,
              "Actual Rows": 1,
              "Actual Loops": 4,
              "Plans": [
                {
                  "Node Type": "Hash Join",
                  "Parent Relationship": "Outer",
                  "Parallel Aware": true,
                  "Join Type": "Inner",
                  "Startup Cost": 60000.76,
                  "Total Cost": 87050.1,
                  "Plan Rows": 104643,
                  "Plan Width": 0,
                  "Actual Startup Time": 9475.961,
                  "Actual Total Time": 9596.053,
                  "Actual Rows": 16860,
                  "Actual Loops": 4,
                  "Inner Unique": true,
                  "Hash Cond": "(mk.movie_id = t.id)",
                  "Plans": [
                    {
                      "Node Type": "Bitmap Heap Scan",
                      "Parent Relationship": "Outer",
                      "Parallel Aware": true,
                      "Relation Name": "movie_keyword",
                      "Alias": "mk",
                      "Startup Cost": 11282.95,
                      "Total Cost": 37881.86,
                      "Plan Rows": 171593,
                      "Plan Width": 4,
                      "Actual Startup Time": 9090.315,
                      "Actual Total Time": 9166.348,
                      "Actual Rows": 132762,
                      "Actual Loops": 4,
                      "Recheck Cond": "(keyword_id > 34362)",
                      "Rows Removed by Index Recheck": 0,
                      "Exact Heap Blocks": 7045,
                      "Lossy Heap Blocks": 0,
                      "Plans": [
                        {
                          "Node Type": "Bitmap Index Scan",
                          "Parent Relationship": "Outer",
                          "Parallel Aware": false,
                          "Index Name": "keyword_id_movie_keyword",
                          "Startup Cost": 0.0,
                          "Total Cost": 11149.97,
                          "Plan Rows": 531938,
                          "Plan Width": 0,
                          "Actual Startup Time": 9076.853,
                          "Actual Total Time": 9076.855,
                          "Actual Rows": 531050,
                          "Actual Loops": 1,
                          "Index Cond": "(keyword_id > 34362)"
                        }
                      ]
                    },
                    {
                      "Node Type": "Hash",
                      "Parent Relationship": "Inner",
                      "Parallel Aware": true,
                      "Startup Cost": 43899.32,
                      "Total Cost": 43899.32,
                      "Plan Rows": 385479,
                      "Plan Width": 4,
                      "Actual Startup Time": 374.788,
                      "Actual Total Time": 374.789,
                      "Actual Rows": 385816,
                      "Actual Loops": 4,
                      "Hash Buckets": 2097152,
                      "Original Hash Buckets": 2097152,
                      "Hash Batches": 1,
                      "Original Hash Batches": 1,
                      "Peak Memory Usage": 76800,
                      "Plans": [
                        {
                          "Node Type": "Seq Scan",
                          "Parent Relationship": "Outer",
                          "Parallel Aware": true,
                          "Relation Name": "title",
                          "Alias": "t",
                          "Startup Cost": 0.0,
                          "Total Cost": 43899.32,
                          "Plan Rows": 385479,
                          "Plan Width": 4,
                          "Actual Startup Time": 0.068,
                          "Actual Total Time": 142.542,
                          "Actual Rows": 385816,
                          "Actual Loops": 4,
                          "Filter": "(kind_id = 7)",
                          "Rows Removed by Filter": 246262
                        }
                      ]
                    }
                  ]
                }
              ]
            }
          ]
        }
      ]
    },
    "Planning Time": 0.605,
    "Triggers": [],
    "Execution Time": 9659.804
  }
]