[
  {
    "Plan": {
      "Node Type": "Aggregate",
      "Strategy": "Plain",
      "Partial Mode": "Finalize",
      "Parallel Aware": false,
      "Startup Cost": 88686.95,
      "Total Cost": 88686.96,
      "Plan Rows": 1,
      "Plan Width": 8,
      "Actual Startup Time": 380.624,
      "Actual Total Time": 392.855,
      "Actual Rows": 1,
      "Actual Loops": 1,
      "Plans": [
        {
          "Node Type": "Gather",
          "Parent Relationship": "Outer",
          "Parallel Aware": false,
          "Startup Cost": 88686.64,
          "Total Cost": 88686.95,
          "Plan Rows": 3,
          "Plan Width": 8,
          "Actual Startup Time": 373.876,
          "Actual Total Time": 392.844,
          "Actual Rows": 4,
          "Actual Loops": 1,
          "Workers Planned": 3,
          "Workers Launched": 3,
          "Single Copy": false,
          "Plans": [
            {
              "Node Type": "Aggregate",
              "Strategy": "Plain",
              "Partial Mode": "Partial",
              "Parent Relationship": "Outer",
              "Parallel Aware": false,
              "Startup Cost": 87686.64,
              "Total Cost": 87686.65,
              "Plan Rows": 1,
              "Plan Width": 8,
              "Actual Startup Time": 360.901,
              "Actual Total Time": 360.905,
              "Actual Rows": 1,
              "Actual Loops": 4,
              "Plans": [
                {
                  "Node Type": "Hash Join",
                  "Parent Relationship": "Outer",
                  "Parallel Aware": true,
                  "Join Type": "Inner",
                  "Startup Cost": 60297.97,
                  "Total Cost": 87418.7,
                  "Plan Rows": 107175,
                  "Plan Width": 0,
                  "Actual Startup Time": 272.429,
                  "Actual Total Time": 359.485,
                  "Actual Rows": 16860,
                  "Actual Loops": 4,
                  "Inner Unique": true,
                  "Hash Cond": "(mk.movie_id = t.id)",
                  "Plans": [
                    {
                      "Node Type": "Bitmap Heap Scan",
                      "Parent Relationship": "Outer",
                      "Parallel Aware": true,
                      "Relation Name": "movie_keyword",
                      "Alias": "mk",
                      "Startup Cost": 11596.35,
                      "Total Cost": 38254.26,
                      "Plan Rows": 176313,
                      "Plan Width": 4,
                      "Actual Startup Time": 31.506,
                      "Actual Total Time": 85.087,
                      "Actual Rows": 132762,
                      "Actual Loops": 4,
                      "Recheck Cond": "(keyword_id > 34362)",
                      "Rows Removed by Index Recheck": 0,
                      "Exact Heap Blocks": 8441,
                      "Lossy Heap Blocks": 0,
                      "Plans": [
                        {
                          "Node Type": "Bitmap Index Scan",
                          "Parent Relationship": "Outer",
                          "Parallel Aware": false,
                          "Index Name": "keyword_id_movie_keyword",
                          "Startup Cost": 0.0,
                          "Total Cost": 11459.71,
                          "Plan Rows": 546570,
                          "Plan Width": 0,
                          "Actual Startup Time": 27.976,
                          "Actual Total Time": 27.977,
                          "Actual Rows": 531050,
                          "Actual Loops": 1,
                          "Index Cond": "(keyword_id > 34362)"
                        }
                      ]
                    },
                    {
                      "Node Type": "Hash",
                      "Parent Relationship": "Inner",
                      "Parallel Aware": true,
                      "Startup Cost": 43898.92,
                      "Total Cost": 43898.92,
                      "Plan Rows": 384216,
                      "Plan Width": 4,
                      "Actual Startup Time": 232.992,
                      "Actual Total Time": 232.994,
                      "Actual Rows": 385816,
                      "Actual Loops": 4,
                      "Hash Buckets": 2097152,
                      "Original Hash Buckets": 2097152,
                      "Hash Batches": 1,
                      "Original Hash Batches": 1,
                      "Peak Memory Usage": 76800,
                      "Plans": [
                        {
                          "Node Type": "Seq Scan",
                          "Parent Relationship": "Outer",
                          "Parallel Aware": true,
                          "Relation Name": "title",
                          "Alias": "t",
                          "Startup Cost": 0.0,
                          "Total Cost": 43898.92,
                          "Plan Rows": 384216,
                          "Plan Width": 4,
                          "Actual Startup Time": 0.036,
                          "Actual Total Time": 103.065,
                          "Actual Rows": 385816,
                          "Actual Loops": 4,
                          "Filter": "(kind_id = 7)",
                          "Rows Removed by Filter": 246262
                        }
                      ]
                    }
                  ]
                }
              ]
            }
          ]
        }
      ]
    },
    "Planning Time": 0.682,
    "Triggers": [],
    "Execution Time": 392.951
  }
]