[
  {
    "Plan": {
      "Node Type": "Aggregate",
      "Strategy": "Plain",
      "Partial Mode": "Finalize",
      "Parallel Aware": false,
      "Startup Cost": 47204.96,
      "Total Cost": 47204.97,
      "Plan Rows": 1,
      "Plan Width": 8,
      "Actual Startup Time": 186.962,
      "Actual Total Time": 196.831,
      "Actual Rows": 1,
      "Actual Loops": 1,
      "Plans": [
        {
          "Node Type": "Gather",
          "Parent Relationship": "Outer",
          "Parallel Aware": false,
          "Startup Cost": 47204.64,
          "Total Cost": 47204.95,
          "Plan Rows": 3,
          "Plan Width": 8,
          "Actual Startup Time": 186.793,
          "Actual Total Time": 196.821,
          "Actual Rows": 4,
          "Actual Loops": 1,
          "Workers Planned": 3,
          "Workers Launched": 3,
          "Single Copy": false,
          "Plans": [
            {
              "Node Type": "Aggregate",
              "Strategy": "Plain",
              "Partial Mode": "Partial",
              "Parent Relationship": "Outer",
              "Parallel Aware": false,
              "Startup Cost": 46204.64,
              "Total Cost": 46204.65,
              "Plan Rows": 1,
              "Plan Width": 8,
              "Actual Startup Time": 179.59,
              "Actual Total Time": 179.592,
              "Actual Rows": 1,
              "Actual Loops": 4,
              "Plans": [
                {
                  "Node Type": "Seq Scan",
                  "Parent Relationship": "Outer",
                  "Parallel Aware": true,
                  "Relation Name": "movie_keyword",
                  "Alias": "mk",
                  "Startup Cost": 0.0,
                  "Total Cost": 42695.65,
                  "Plan Rows": 1403595,
                  "Plan Width": 0,
                  "Actual Startup Time": 0.048,
                  "Actual Total Time": 127.831,
                  "Actual Rows": 1088080,
                  "Actual Loops": 4,
                  "Filter": "(keyword_id < 72069)",
                  "Rows Removed by Filter": 42902
                }
              ]
            }
          ]
        }
      ]
    },
    "Planning Time": 0.187,
    "Triggers": [],
    "Execution Time": 196.884
  }
]