{
  "Plan": {
    "Node Type": "Aggregate",
    "Strategy": "Plain",
    "Partial Mode": "Finalize",
    "Parallel Aware": false,
    "Startup Cost": 105874.25,
    "Total Cost": 105874.26,
    "Plan Rows": 1,
    "Plan Width": 8,
    "Actual Startup Time": 401.167,
    "Actual Total Time": 431.275,
    "Actual Rows": 1,
    "Actual Loops": 1,
    "Plans": [
      {
        "Node Type": "Gather",
        "Parent Relationship": "Outer",
        "Parallel Aware": false,
        "Startup Cost": 105874.14,
        "Total Cost": 105874.25,
        "Plan Rows": 1,
        "Plan Width": 8,
        "Actual Startup Time": 400.974,
        "Actual Total Time": 431.254,
        "Actual Rows": 2,
        "Actual Loops": 1,
        "Workers Planned": 1,
        "Workers Launched": 1,
        "Single Copy": false,
        "Plans": [
          {
            "Node Type": "Aggregate",
            "Strategy": "Plain",
            "Partial Mode": "Partial",
            "Parent Relationship": "Outer",
            "Parallel Aware": false,
            "Startup Cost": 104874.14,
            "Total Cost": 104874.15,
            "Plan Rows": 1,
            "Plan Width": 8,
            "Actual Startup Time": 394.506,
            "Actual Total Time": 394.51,
            "Actual Rows": 1,
            "Actual Loops": 2,
            "Plans": [
              {
                "Node Type": "Nested Loop",
                "Parent Relationship": "Outer",
                "Parallel Aware": false,
                "Join Type": "Inner",
                "Startup Cost": 58367.68,
                "Total Cost": 104862.57,
                "Plan Rows": 4626,
                "Plan Width": 0,
                "Actual Startup Time": 159.629,
                "Actual Total Time": 394.248,
                "Actual Rows": 2684,
                "Actual Loops": 2,
                "Inner Unique": false,
                "Join Filter": "(t.id = ci.movie_id)",
                "Rows Removed by Join Filter": 0,
                "Plans": [
                  {
                    "Node Type": "Hash Join",
                    "Parent Relationship": "Outer",
                    "Parallel Aware": true,
                    "Join Type": "Inner",
                    "Startup Cost": 58367.12,
                    "Total Cost": 98325.13,
                    "Plan Rows": 2465,
                    "Plan Width": 8,
                    "Actual Startup Time": 159.186,
                    "Actual Total Time": 339.615,
                    "Actual Rows": 1622,
                    "Actual Loops": 2,
                    "Inner Unique": true,
                    "Hash Cond": "(mc.movie_id = t.id)",
                    "Plans": [
                      {
                        "Node Type": "Seq Scan",
                        "Parent Relationship": "Outer",
                        "Parallel Aware": true,
                        "Relation Name": "movie_companies",
                        "Alias": "mc",
                        "Startup Cost": 0.0,
                        "Total Cost": 37974.77,
                        "Plan Rows": 755522,
                        "Plan Width": 4,
                        "Actual Startup Time": 0.018,
                        "Actual Total Time": 129.101,
                        "Actual Rows": 637123,
                        "Actual Loops": 2,
                        "Filter": "(company_type_id < 2)",
                        "Rows Removed by Filter": 667442
                      },
                      {
                        "Node Type": "Hash",
                        "Parent Relationship": "Inner",
                        "Parallel Aware": true,
                        "Startup Cost": 58306.47,
                        "Total Cost": 58306.47,
                        "Plan Rows": 4852,
                        "Plan Width": 4,
                        "Actual Startup Time": 157.234,
                        "Actual Total Time": 157.236,
                        "Actual Rows": 4049,
                        "Actual Loops": 2,
                        "Hash Buckets": 16384,
                        "Original Hash Buckets": 16384,
                        "Hash Batches": 1,
                        "Original Hash Batches": 1,
                        "Peak Memory Usage": 480,
                        "Plans": [
                          {
                            "Node Type": "Seq Scan",
                            "Parent Relationship": "Outer",
                            "Parallel Aware": true,
                            "Relation Name": "title",
                            "Alias": "t",
                            "Startup Cost": 0.0,
                            "Total Cost": 58306.47,
                            "Plan Rows": 4852,
                            "Plan Width": 4,
                            "Actual Startup Time": 0.23,
                            "Actual Total Time": 155.379,
                            "Actual Rows": 4049,
                            "Actual Loops": 2,
                            "Filter": "((kind_id = 7) AND (production_year = 1978))",
                            "Rows Removed by Filter": 1260107
                          }
                        ]
                      }
                    ]
                  },
                  {
                    "Node Type": "Index Scan",
                    "Parent Relationship": "Inner",
                    "Parallel Aware": false,
                    "Scan Direction": "Forward",
                    "Index Name": "movie_id_cast_info",
                    "Relation Name": "cast_info",
                    "Alias": "ci",
                    "Startup Cost": 0.56,
                    "Total Cost": 2.59,
                    "Plan Rows": 5,
                    "Plan Width": 4,
                    "Actual Startup Time": 0.027,
                    "Actual Total Time": 0.033,
                    "Actual Rows": 2,
                    "Actual Loops": 3244,
                    "Index Cond": "(movie_id = mc.movie_id)",
                    "Rows Removed by Index Recheck": 0,
                    "Filter": "((person_id < 719444) AND (role_id > 1))",
                    "Rows Removed by Filter": 22
                  }
                ]
              }
            ]
          }
        ]
      }
    ]
  },
  "Planning Time": 1.16,
  "Triggers": [],
  "Execution Time": 431.372
}