[
  {
    "Plan": {
      "Node Type": "Aggregate",
      "Strategy": "Plain",
      "Partial Mode": "Finalize",
      "Parallel Aware": false,
      "Startup Cost": 33811.65,
      "Total Cost": 33811.66,
      "Plan Rows": 1,
      "Plan Width": 8,
      "Actual Startup Time": 81.773,
      "Actual Total Time": 86.707,
      "Actual Rows": 1,
      "Actual Loops": 1,
      "Plans": [
        {
          "Node Type": "Gather",
          "Parent Relationship": "Outer",
          "Parallel Aware": false,
          "Startup Cost": 33811.33,
          "Total Cost": 33811.64,
          "Plan Rows": 3,
          "Plan Width": 8,
          "Actual Startup Time": 81.582,
          "Actual Total Time": 86.7,
          "Actual Rows": 4,
          "Actual Loops": 1,
          "Workers Planned": 3,
          "Workers Launched": 3,
          "Single Copy": false,
          "Plans": [
            {
              "Node Type": "Aggregate",
              "Strategy": "Plain",
              "Partial Mode": "Partial",
              "Parent Relationship": "Outer",
              "Parallel Aware": false,
              "Startup Cost": 32811.33,
              "Total Cost": 32811.34,
              "Plan Rows": 1,
              "Plan Width": 8,
              "Actual Startup Time": 77.087,
              "Actual Total Time": 77.089,
              "Actual Rows": 1,
              "Actual Loops": 4,
              "Plans": [
                {
                  "Node Type": "Bitmap Heap Scan",
                  "Parent Relationship": "Outer",
                  "Parallel Aware": true,
                  "Relation Name": "movie_keyword",
                  "Alias": "mk",
                  "Startup Cost": 6805.67,
                  "Total Cost": 32552.72,
                  "Plan Rows": 103444,
                  "Plan Width": 0,
                  "Actual Startup Time": 18.476,
                  "Actual Total Time": 72.523,
                  "Actual Rows": 80264,
                  "Actual Loops": 4,
                  "Recheck Cond": "(keyword_id < 261)",
                  "Rows Removed by Index Recheck": 0,
                  "Exact Heap Blocks": 11170,
                  "Lossy Heap Blocks": 0,
                  "Plans": [
                    {
                      "Node Type": "Bitmap Index Scan",
                      "Parent Relationship": "Outer",
                      "Parallel Aware": false,
                      "Index Name": "keyword_id_movie_keyword",
                      "Startup Cost": 0.0,
                      "Total Cost": 6725.5,
                      "Plan Rows": 320676,
                      "Plan Width": 0,
                      "Actual Startup Time": 19.146,
                      "Actual Total Time": 19.147,
                      "Actual Rows": 321054,
                      "Actual Loops": 1,
                      "Index Cond": "(keyword_id < 261)"
                    }
                  ]
                }
              ]
            }
          ]
        }
      ]
    },
    "Planning Time": 0.068,
    "Triggers": [],
    "Execution Time": 86.74
  }
]