[
  {
    "Plan": {
      "Node Type": "Aggregate",
      "Strategy": "Plain",
      "Partial Mode": "Finalize",
      "Parallel Aware": false,
      "Startup Cost": 33228.31,
      "Total Cost": 33228.32,
      "Plan Rows": 1,
      "Plan Width": 8,
      "Actual Startup Time": 96.22,
      "Actual Total Time": 103.264,
      "Actual Rows": 1,
      "Actual Loops": 1,
      "Plans": [
        {
          "Node Type": "Gather",
          "Parent Relationship": "Outer",
          "Parallel Aware": false,
          "Startup Cost": 33227.99,
          "Total Cost": 33228.3,
          "Plan Rows": 3,
          "Plan Width": 8,
          "Actual Startup Time": 96.102,
          "Actual Total Time": 103.257,
          "Actual Rows": 4,
          "Actual Loops": 1,
          "Workers Planned": 3,
          "Workers Launched": 3,
          "Single Copy": false,
          "Plans": [
            {
              "Node Type": "Aggregate",
              "Strategy": "Plain",
              "Partial Mode": "Partial",
              "Parent Relationship": "Outer",
              "Parallel Aware": false,
              "Startup Cost": 32227.99,
              "Total Cost": 32228.0,
              "Plan Rows": 1,
              "Plan Width": 8,
              "Actual Startup Time": 87.545,
              "Actual Total Time": 87.546,
              "Actual Rows": 1,
              "Actual Loops": 4,
              "Plans": [
                {
                  "Node Type": "Seq Scan",
                  "Parent Relationship": "Outer",
                  "Parallel Aware": true,
                  "Relation Name": "movie_companies",
                  "Alias": "mc",
                  "Startup Cost": 0.0,
                  "Total Cost": 31414.82,
                  "Plan Rows": 325268,
                  "Plan Width": 0,
                  "Actual Startup Time": 48.167,
                  "Actual Total Time": 80.519,
                  "Actual Rows": 178645,
                  "Actual Loops": 4,
                  "Filter": "((company_id < 58316) AND (company_type_id = 2))",
                  "Rows Removed by Filter": 473638
                }
              ]
            }
          ]
        }
      ]
    },
    "Planning Time": 0.192,
    "Triggers": [],
    "Execution Time": 103.316
  }
]