[
  {
    "Plan": {
      "Node Type": "Aggregate",
      "Strategy": "Plain",
      "Partial Mode": "Finalize",
      "Parallel Aware": false,
      "Startup Cost": 33219.63,
      "Total Cost": 33219.64,
      "Plan Rows": 1,
      "Plan Width": 8,
      "Actual Startup Time": 92.134,
      "Actual Total Time": 97.995,
      "Actual Rows": 1,
      "Actual Loops": 1,
      "Plans": [
        {
          "Node Type": "Gather",
          "Parent Relationship": "Outer",
          "Parallel Aware": false,
          "Startup Cost": 33219.31,
          "Total Cost": 33219.62,
          "Plan Rows": 3,
          "Plan Width": 8,
          "Actual Startup Time": 92.008,
          "Actual Total Time": 97.987,
          "Actual Rows": 4,
          "Actual Loops": 1,
          "Workers Planned": 3,
          "Workers Launched": 3,
          "Single Copy": false,
          "Plans": [
            {
              "Node Type": "Aggregate",
              "Strategy": "Plain",
              "Partial Mode": "Partial",
              "Parent Relationship": "Outer",
              "Parallel Aware": false,
              "Startup Cost": 32219.31,
              "Total Cost": 32219.32,
              "Plan Rows": 1,
              "Plan Width": 8,
              "Actual Startup Time": 88.336,
              "Actual Total Time": 88.337,
              "Actual Rows": 1,
              "Actual Loops": 4,
              "Plans": [
                {
                  "Node Type": "Seq Scan",
                  "Parent Relationship": "Outer",
                  "Parallel Aware": true,
                  "Relation Name": "movie_companies",
                  "Alias": "mc",
                  "Startup Cost": 0.0,
                  "Total Cost": 31414.82,
                  "Plan Rows": 321798,
                  "Plan Width": 0,
                  "Actual Startup Time": 37.044,
                  "Actual Total Time": 75.489,
                  "Actual Rows": 287939,
                  "Actual Loops": 4,
                  "Filter": "((company_id > 889) AND (company_type_id > 1))",
                  "Rows Removed by Filter": 364343
                }
              ]
            }
          ]
        }
      ]
    },
    "Planning Time": 0.152,
    "Triggers": [],
    "Execution Time": 98.034
  }
]