{
  "Plan": {
    "Node Type": "Aggregate",
    "Strategy": "Plain",
    "Partial Mode": "Finalize",
    "Parallel Aware": false,
    "Startup Cost": 782936.8,
    "Total Cost": 782936.81,
    "Plan Rows": 1,
    "Plan Width": 8,
    "Actual Startup Time": 5298.258,
    "Actual Total Time": 5371.327,
    "Actual Rows": 1,
    "Actual Loops": 1,
    "Plans": [
      {
        "Node Type": "Gather",
        "Parent Relationship": "Outer",
        "Parallel Aware": false,
        "Startup Cost": 782936.69,
        "Total Cost": 782936.8,
        "Plan Rows": 1,
        "Plan Width": 8,
        "Actual Startup Time": 5293.516,
        "Actual Total Time": 5371.307,
        "Actual Rows": 2,
        "Actual Loops": 1,
        "Workers Planned": 1,
        "Workers Launched": 1,
        "Single Copy": false,
        "Plans": [
          {
            "Node Type": "Aggregate",
            "Strategy": "Plain",
            "Partial Mode": "Partial",
            "Parent Relationship": "Outer",
            "Parallel Aware": false,
            "Startup Cost": 781936.69,
            "Total Cost": 781936.7,
            "Plan Rows": 1,
            "Plan Width": 8,
            "Actual Startup Time": 5287.774,
            "Actual Total Time": 5289.06,
            "Actual Rows": 1,
            "Actual Loops": 2,
            "Plans": [
              {
                "Node Type": "Hash Join",
                "Parent Relationship": "Outer",
                "Parallel Aware": true,
                "Join Type": "Inner",
                "Startup Cost": 118187.11,
                "Total Cost": 772083.73,
                "Plan Rows": 3941182,
                "Plan Width": 0,
                "Actual Startup Time": 909.523,
                "Actual Total Time": 5093.66,
                "Actual Rows": 4859480,
                "Actual Loops": 2,
                "Inner Unique": false,
                "Hash Cond": "(ci.movie_id = t.id)",
                "Plans": [
                  {
                    "Node Type": "Seq Scan",
                    "Parent Relationship": "Outer",
                    "Parallel Aware": true,
                    "Relation Name": "cast_info",
                    "Alias": "ci",
                    "Startup Cost": 0.0,
                    "Total Cost": 572345.93,
                    "Plan Rows": 15564608,
                    "Plan Width": 4,
                    "Actual Startup Time": 87.931,
                    "Actual Total Time": 1997.405,
                    "Actual Rows": 13077362,
                    "Actual Loops": 2,
                    "Filter": "((person_id > 287717) AND (role_id < 8))",
                    "Rows Removed by Filter": 5044810
                  },
                  {
                    "Node Type": "Hash",
                    "Parent Relationship": "Inner",
                    "Parallel Aware": true,
                    "Startup Cost": 113479.76,
                    "Total Cost": 113479.76,
                    "Plan Rows": 376588,
                    "Plan Width": 8,
                    "Actual Startup Time": 812.785,
                    "Actual Total Time": 814.068,
                    "Actual Rows": 282990,
                    "Actual Loops": 2,
                    "Hash Buckets": 1048576,
                    "Original Hash Buckets": 1048576,
                    "Hash Batches": 1,
                    "Original Hash Batches": 1,
                    "Peak Memory Usage": 30336,
                    "Plans": [
                      {
                        "Node Type": "Hash Join",
                        "Parent Relationship": "Outer",
                        "Parallel Aware": true,
                        "Join Type": "Inner",
                        "Startup Cost": 70384.19,
                        "Total Cost": 113479.76,
                        "Plan Rows": 376588,
                        "Plan Width": 8,
                        "Actual Startup Time": 441.521,
                        "Actual Total Time": 737.854,
                        "Actual Rows": 282990,
                        "Actual Loops": 2,
                        "Inner Unique": true,
                        "Hash Cond": "(mc.movie_id = t.id)",
                        "Plans": [
                          {
                            "Node Type": "Index Scan",
                            "Parent Relationship": "Outer",
                            "Parallel Aware": true,
                            "Scan Direction": "Forward",
                            "Index Name": "company_type_id_movie_companies",
                            "Relation Name": "movie_companies",
                            "Alias": "mc",
                            "Startup Cost": 0.43,
                            "Total Cost": 41574.35,
                            "Plan Rows": 579677,
                            "Plan Width": 4,
                            "Actual Startup Time": 0.048,
                            "Actual Total Time": 119.96,
                            "Actual Rows": 632139,
                            "Actual Loops": 2,
                            "Index Cond": "(company_type_id < 2)",
                            "Rows Removed by Index Recheck": 0,
                            "Filter": "(company_id < 62102)",
                            "Rows Removed by Filter": 4984
                          },
                          {
                            "Node Type": "Hash",
                            "Parent Relationship": "Inner",
                            "Parallel Aware": true,
                            "Startup Cost": 58306.47,
                            "Total Cost": 58306.47,
                            "Plan Rows": 966183,
                            "Plan Width": 4,
                            "Actual Startup Time": 432.248,
                            "Actual Total Time": 432.25,
                            "Actual Rows": 814920,
                            "Actual Loops": 2,
                            "Hash Buckets": 2097152,
                            "Original Hash Buckets": 2097152,
                            "Hash Batches": 1,
                            "Original Hash Batches": 1,
                            "Peak Memory Usage": 80192,
                            "Plans": [
                              {
                                "Node Type": "Seq Scan",
                                "Parent Relationship": "Outer",
                                "Parallel Aware": true,
                                "Relation Name": "title",
                                "Alias": "t",
                                "Startup Cost": 0.0,
                                "Total Cost": 58306.47,
                                "Plan Rows": 966183,
                                "Plan Width": 4,
                                "Actual Startup Time": 0.048,
                                "Actual Total Time": 180.335,
                                "Actual Rows": 814920,
                                "Actual Loops": 2,
                                "Filter": "((kind_id > 1) AND (production_year < 2012))",
                                "Rows Removed by Filter": 449236
                              }
                            ]
                          }
                        ]
                      }
                    ]
                  }
                ]
              }
            ]
          }
        ]
      }
    ]
  },
  "Planning Time": 0.966,
  "Triggers": [],
  "Execution Time": 5371.436
}