[
  {
    "Plan": {
      "Node Type": "Aggregate",
      "Strategy": "Plain",
      "Partial Mode": "Simple",
      "Parallel Aware": false,
      "Startup Cost": 777.51,
      "Total Cost": 777.52,
      "Plan Rows": 1,
      "Plan Width": 8,
      "Actual Startup Time": 0.308,
      "Actual Total Time": 0.311,
      "Actual Rows": 1,
      "Actual Loops": 1,
      "Plans": [
        {
          "Node Type": "Nested Loop",
          "Parent Relationship": "Outer",
          "Parallel Aware": false,
          "Join Type": "Inner",
          "Startup Cost": 1.29,
          "Total Cost": 777.42,
          "Plan Rows": 37,
          "Plan Width": 0,
          "Actual Startup Time": 0.254,
          "Actual Total Time": 0.302,
          "Actual Rows": 1,
          "Actual Loops": 1,
          "Inner Unique": false,
          "Plans": [
            {
              "Node Type": "Nested Loop",
              "Parent Relationship": "Outer",
              "Parallel Aware": false,
              "Join Type": "Inner",
              "Startup Cost": 0.86,
              "Total Cost": 712.81,
              "Plan Rows": 38,
              "Plan Width": 8,
              "Actual Startup Time": 0.211,
              "Actual Total Time": 0.239,
              "Actual Rows": 2,
              "Actual Loops": 1,
              "Inner Unique": true,
              "Plans": [
                {
                  "Node Type": "Index Scan",
                  "Parent Relationship": "Outer",
                  "Parallel Aware": false,
                  "Scan Direction": "Forward",
                  "Index Name": "company_id_movie_companies",
                  "Relation Name": "movie_companies",
                  "Alias": "mc",
                  "Startup Cost": 0.43,
                  "Total Cost": 273.41,
                  "Plan Rows": 52,
                  "Plan Width": 4,
                  "Actual Startup Time": 0.163,
                  "Actual Total Time": 0.17,
                  "Actual Rows": 2,
                  "Actual Loops": 1,
                  "Index Cond": "(company_id = 61569)",
                  "Rows Removed by Index Recheck": 0,
                  "Filter": "(company_type_id > 1)",
                  "Rows Removed by Filter": 1
                },
                {
                  "Node Type": "Index Scan",
                  "Parent Relationship": "Inner",
                  "Parallel Aware": false,
                  "Scan Direction": "Forward",
                  "Index Name": "title_pkey",
                  "Relation Name": "title",
                  "Alias": "t",
                  "Startup Cost": 0.43,
                  "Total Cost": 8.45,
                  "Plan Rows": 1,
                  "Plan Width": 4,
                  "Actual Startup Time": 0.03,
                  "Actual Total Time": 0.03,
                  "Actual Rows": 1,
                  "Actual Loops": 2,
                  "Index Cond": "(id = mc.movie_id)",
                  "Rows Removed by Index Recheck": 0,
                  "Filter": "(kind_id > 1)",
                  "Rows Removed by Filter": 0
                }
              ]
            },
            {
              "Node Type": "Index Scan",
              "Parent Relationship": "Inner",
              "Parallel Aware": false,
              "Scan Direction": "Forward",
              "Index Name": "movie_id_movie_keyword",
              "Relation Name": "movie_keyword",
              "Alias": "mk",
              "Startup Cost": 0.43,
              "Total Cost": 1.45,
              "Plan Rows": 25,
              "Plan Width": 4,
              "Actual Startup Time": 0.027,
              "Actual Total Time": 0.029,
              "Actual Rows": 0,
              "Actual Loops": 2,
              "Index Cond": "(movie_id = t.id)",
              "Rows Removed by Index Recheck": 0,
              "Filter": "(keyword_id > 3636)",
              "Rows Removed by Filter": 0
            }
          ]
        }
      ]
    },
    "Planning Time": 1.644,
    "Triggers": [],
    "Execution Time": 0.384
  }
]