[
  {
    "Plan": {
      "Node Type": "Aggregate",
      "Strategy": "Plain",
      "Partial Mode": "Simple",
      "Parallel Aware": false,
      "Startup Cost": 6652.39,
      "Total Cost": 6652.4,
      "Plan Rows": 1,
      "Plan Width": 8,
      "Actual Startup Time": 5.786,
      "Actual Total Time": 5.787,
      "Actual Rows": 1,
      "Actual Loops": 1,
      "Plans": [
        {
          "Node Type": "Index Only Scan",
          "Parent Relationship": "Outer",
          "Parallel Aware": false,
          "Scan Direction": "Forward",
          "Index Name": "company_id_movie_companies",
          "Relation Name": "movie_companies",
          "Alias": "mc",
          "Startup Cost": 0.43,
          "Total Cost": 6645.65,
          "Plan Rows": 2696,
          "Plan Width": 0,
          "Actual Startup Time": 0.223,
          "Actual Total Time": 5.076,
          "Actual Rows": 3073,
          "Actual Loops": 1,
          "Index Cond": "(company_id = 1310)",
          "Rows Removed by Index Recheck": 0,
          "Heap Fetches": 3073
        }
      ]
    },
    "Planning Time": 0.183,
    "Triggers": [],
    "Execution Time": 5.84
  }
]