{
  "Plan": {
    "Node Type": "Aggregate",
    "Strategy": "Plain",
    "Partial Mode": "Finalize",
    "Parallel Aware": false,
    "Startup Cost": 209082.96,
    "Total Cost": 209082.97,
    "Plan Rows": 1,
    "Plan Width": 8,
    "Actual Startup Time": 1032.301,
    "Actual Total Time": 1050.8,
    "Actual Rows": 1,
    "Actual Loops": 1,
    "Plans": [
      {
        "Node Type": "Gather",
        "Parent Relationship": "Outer",
        "Parallel Aware": false,
        "Startup Cost": 209082.85,
        "Total Cost": 209082.96,
        "Plan Rows": 1,
        "Plan Width": 8,
        "Actual Startup Time": 1027.687,
        "Actual Total Time": 1050.794,
        "Actual Rows": 2,
        "Actual Loops": 1,
        "Workers Planned": 1,
        "Workers Launched": 1,
        "Single Copy": false,
        "Plans": [
          {
            "Node Type": "Aggregate",
            "Strategy": "Plain",
            "Partial Mode": "Partial",
            "Parent Relationship": "Outer",
            "Parallel Aware": false,
            "Startup Cost": 208082.85,
            "Total Cost": 208082.86,
            "Plan Rows": 1,
            "Plan Width": 8,
            "Actual Startup Time": 1022.399,
            "Actual Total Time": 1023.483,
            "Actual Rows": 1,
            "Actual Loops": 2,
            "Plans": [
              {
                "Node Type": "Hash Join",
                "Parent Relationship": "Outer",
                "Parallel Aware": true,
                "Join Type": "Inner",
                "Startup Cost": 119970.38,
                "Total Cost": 208054.93,
                "Plan Rows": 11168,
                "Plan Width": 0,
                "Actual Startup Time": 1013.04,
                "Actual Total Time": 1023.111,
                "Actual Rows": 8422,
                "Actual Loops": 2,
                "Inner Unique": false,
                "Hash Cond": "(ci.movie_id = t.id)",
                "Plans": [
                  {
                    "Node Type": "Index Scan",
                    "Parent Relationship": "Outer",
                    "Parallel Aware": true,
                    "Scan Direction": "Forward",
                    "Index Name": "person_id_cast_info",
                    "Relation Name": "cast_info",
                    "Alias": "ci",
                    "Startup Cost": 0.56,
                    "Total Cost": 87954.19,
                    "Plan Rows": 17398,
                    "Plan Width": 4,
                    "Actual Startup Time": 0.066,
                    "Actual Total Time": 4.584,
                    "Actual Rows": 6584,
                    "Actual Loops": 2,
                    "Index Cond": "(person_id < 5461)",
                    "Rows Removed by Index Recheck": 0,
                    "Filter": "(role_id > 1)",
                    "Rows Removed by Filter": 15260
                  },
                  {
                    "Node Type": "Hash",
                    "Parent Relationship": "Inner",
                    "Parallel Aware": true,
                    "Startup Cost": 108036.6,
                    "Total Cost": 108036.6,
                    "Plan Rows": 954657,
                    "Plan Width": 8,
                    "Actual Startup Time": 1002.106,
                    "Actual Total Time": 1003.188,
                    "Actual Rows": 564826,
                    "Actual Loops": 2,
                    "Hash Buckets": 2097152,
                    "Original Hash Buckets": 2097152,
                    "Hash Batches": 1,
                    "Original Hash Batches": 1,
                    "Peak Memory Usage": 60608,
                    "Plans": [
                      {
                        "Node Type": "Hash Join",
                        "Parent Relationship": "Outer",
                        "Parallel Aware": true,
                        "Join Type": "Inner",
                        "Startup Cost": 69869.97,
                        "Total Cost": 108036.6,
                        "Plan Rows": 954657,
                        "Plan Width": 8,
                        "Actual Startup Time": 395.019,
                        "Actual Total Time": 856.865,
                        "Actual Rows": 564826,
                        "Actual Loops": 2,
                        "Inner Unique": true,
                        "Hash Cond": "(mc.movie_id = t.id)",
                        "Plans": [
                          {
                            "Node Type": "Seq Scan",
                            "Parent Relationship": "Outer",
                            "Parallel Aware": true,
                            "Relation Name": "movie_companies",
                            "Alias": "mc",
                            "Startup Cost": 0.0,
                            "Total Cost": 34137.82,
                            "Plan Rows": 1534782,
                            "Plan Width": 4,
                            "Actual Startup Time": 0.011,
                            "Actual Total Time": 97.621,
                            "Actual Rows": 1304564,
                            "Actual Loops": 2
                          },
                          {
                            "Node Type": "Hash",
                            "Parent Relationship": "Inner",
                            "Parallel Aware": true,
                            "Startup Cost": 58306.47,
                            "Total Cost": 58306.47,
                            "Plan Rows": 925080,
                            "Plan Width": 4,
                            "Actual Startup Time": 388.677,
                            "Actual Total Time": 388.677,
                            "Actual Rows": 839829,
                            "Actual Loops": 2,
                            "Hash Buckets": 2097152,
                            "Original Hash Buckets": 2097152,
                            "Hash Batches": 1,
                            "Original Hash Batches": 1,
                            "Peak Memory Usage": 82144,
                            "Plans": [
                              {
                                "Node Type": "Seq Scan",
                                "Parent Relationship": "Outer",
                                "Parallel Aware": true,
                                "Relation Name": "title",
                                "Alias": "t",
                                "Startup Cost": 0.0,
                                "Total Cost": 58306.47,
                                "Plan Rows": 925080,
                                "Plan Width": 4,
                                "Actual Startup Time": 0.027,
                                "Actual Total Time": 169.162,
                                "Actual Rows": 839829,
                                "Actual Loops": 2,
                                "Filter": "((kind_id > 1) AND (production_year > 1967))",
                                "Rows Removed by Filter": 424327
                              }
                            ]
                          }
                        ]
                      }
                    ]
                  }
                ]
              }
            ]
          }
        ]
      }
    ]
  },
  "Planning Time": 0.597,
  "Triggers": [],
  "Execution Time": 1050.851
}