[
  {
    "Plan": {
      "Node Type": "Aggregate",
      "Strategy": "Plain",
      "Partial Mode": "Finalize",
      "Parallel Aware": false,
      "Startup Cost": 53842.3,
      "Total Cost": 53842.31,
      "Plan Rows": 1,
      "Plan Width": 8,
      "Actual Startup Time": 157.601,
      "Actual Total Time": 172.861,
      "Actual Rows": 1,
      "Actual Loops": 1,
      "Plans": [
        {
          "Node Type": "Gather",
          "Parent Relationship": "Outer",
          "Parallel Aware": false,
          "Startup Cost": 53841.98,
          "Total Cost": 53842.29,
          "Plan Rows": 3,
          "Plan Width": 8,
          "Actual Startup Time": 157.018,
          "Actual Total Time": 172.853,
          "Actual Rows": 4,
          "Actual Loops": 1,
          "Workers Planned": 3,
          "Workers Launched": 3,
          "Single Copy": false,
          "Plans": [
            {
              "Node Type": "Aggregate",
              "Strategy": "Plain",
              "Partial Mode": "Partial",
              "Parent Relationship": "Outer",
              "Parallel Aware": false,
              "Startup Cost": 52841.98,
              "Total Cost": 52841.99,
              "Plan Rows": 1,
              "Plan Width": 8,
              "Actual Startup Time": 148.058,
              "Actual Total Time": 148.061,
              "Actual Rows": 1,
              "Actual Loops": 4,
              "Plans": [
                {
                  "Node Type": "Hash Join",
                  "Parent Relationship": "Outer",
                  "Parallel Aware": true,
                  "Join Type": "Inner",
                  "Startup Cost": 44220.38,
                  "Total Cost": 52832.21,
                  "Plan Rows": 3908,
                  "Plan Width": 0,
                  "Actual Startup Time": 114.558,
                  "Actual Total Time": 148.033,
                  "Actual Rows": 182,
                  "Actual Loops": 4,
                  "Inner Unique": true,
                  "Hash Cond": "(ci.movie_id = t.id)",
                  "Plans": [
                    {
                      "Node Type": "Index Scan",
                      "Parent Relationship": "Outer",
                      "Parallel Aware": true,
                      "Scan Direction": "Forward",
                      "Index Name": "role_id_cast_info",
                      "Relation Name": "cast_info",
                      "Alias": "ci",
                      "Startup Cost": 0.56,
                      "Total Cost": 8359.83,
                      "Plan Rows": 96218,
                      "Plan Width": 4,
                      "Actual Startup Time": 0.079,
                      "Actual Total Time": 18.442,
                      "Actual Rows": 79030,
                      "Actual Loops": 4,
                      "Index Cond": "(role_id > 10)",
                      "Rows Removed by Index Recheck": 0
                    },
                    {
                      "Node Type": "Hash",
                      "Parent Relationship": "Inner",
                      "Parallel Aware": true,
                      "Startup Cost": 43898.92,
                      "Total Cost": 43898.92,
                      "Plan Rows": 25672,
                      "Plan Width": 4,
                      "Actual Startup Time": 111.599,
                      "Actual Total Time": 111.6,
                      "Actual Rows": 25995,
                      "Actual Loops": 4,
                      "Hash Buckets": 131072,
                      "Original Hash Buckets": 131072,
                      "Hash Batches": 1,
                      "Original Hash Batches": 1,
                      "Peak Memory Usage": 5120,
                      "Plans": [
                        {
                          "Node Type": "Seq Scan",
                          "Parent Relationship": "Outer",
                          "Parallel Aware": true,
                          "Relation Name": "title",
                          "Alias": "t",
                          "Startup Cost": 0.0,
                          "Total Cost": 43898.92,
                          "Plan Rows": 25672,
                          "Plan Width": 4,
                          "Actual Startup Time": 52.877,
                          "Actual Total Time": 102.782,
                          "Actual Rows": 25995,
                          "Actual Loops": 4,
                          "Filter": "(production_year < 1926)",
                          "Rows Removed by Filter": 606083
                        }
                      ]
                    }
                  ]
                }
              ]
            }
          ]
        }
      ]
    },
    "Planning Time": 0.623,
    "Triggers": [],
    "Execution Time": 172.933
  }
]