{
  "Plan": {
    "Node Type": "Aggregate",
    "Strategy": "Plain",
    "Partial Mode": "Finalize",
    "Parallel Aware": false,
    "Startup Cost": 151893.58,
    "Total Cost": 151893.59,
    "Plan Rows": 1,
    "Plan Width": 96,
    "Actual Startup Time": 1745.74,
    "Actual Total Time": 1745.859,
    "Actual Rows": 1,
    "Actual Loops": 1,
    "Plans": [
      {
        "Node Type": "Gather",
        "Parent Relationship": "Outer",
        "Parallel Aware": false,
        "Startup Cost": 151893.46,
        "Total Cost": 151893.57,
        "Plan Rows": 1,
        "Plan Width": 96,
        "Actual Startup Time": 1745.724,
        "Actual Total Time": 1745.844,
        "Actual Rows": 1,
        "Actual Loops": 1,
        "Workers Planned": 1,
        "Workers Launched": 0,
        "Single Copy": false,
        "Plans": [
          {
            "Node Type": "Aggregate",
            "Strategy": "Plain",
            "Partial Mode": "Partial",
            "Parent Relationship": "Outer",
            "Parallel Aware": false,
            "Startup Cost": 150893.46,
            "Total Cost": 150893.47,
            "Plan Rows": 1,
            "Plan Width": 96,
            "Actual Startup Time": 1744.372,
            "Actual Total Time": 1744.38,
            "Actual Rows": 1,
            "Actual Loops": 1,
            "Plans": [
              {
                "Node Type": "Hash Join",
                "Parent Relationship": "Outer",
                "Parallel Aware": false,
                "Join Type": "Inner",
                "Startup Cost": 12536.51,
                "Total Cost": 150890.23,
                "Plan Rows": 431,
                "Plan Width": 48,
                "Actual Startup Time": 631.186,
                "Actual Total Time": 1717.217,
                "Actual Rows": 231171,
                "Actual Loops": 1,
                "Inner Unique": false,
                "Hash Cond": "(n.id = ci.person_id)",
                "Plans": [
                  {
                    "Node Type": "Seq Scan",
                    "Parent Relationship": "Outer",
                    "Parallel Aware": true,
                    "Relation Name": "name",
                    "Alias": "n",
                    "Startup Cost": 0.0,
                    "Total Cost": 80127.49,
                    "Plan Rows": 2451449,
                    "Plan Width": 19,
                    "Actual Startup Time": 0.03,
                    "Actual Total Time": 365.842,
                    "Actual Rows": 4167491,
                    "Actual Loops": 1
                  },
                  {
                    "Node Type": "Hash",
                    "Parent Relationship": "Inner",
                    "Parallel Aware": false,
                    "Startup Cost": 12527.36,
                    "Total Cost": 12527.36,
                    "Plan Rows": 732,
                    "Plan Width": 37,
                    "Actual Startup Time": 631.109,
                    "Actual Total Time": 631.114,
                    "Actual Rows": 231171,
                    "Actual Loops": 1,
                    "Hash Buckets": 262144,
                    "Original Hash Buckets": 1024,
                    "Hash Batches": 1,
                    "Original Hash Batches": 1,
                    "Peak Memory Usage": 17007,
                    "Plans": [
                      {
                        "Node Type": "Nested Loop",
                        "Parent Relationship": "Outer",
                        "Parallel Aware": false,
                        "Join Type": "Inner",
                        "Startup Cost": 11.78,
                        "Total Cost": 12527.36,
                        "Plan Rows": 732,
                        "Plan Width": 37,
                        "Actual Startup Time": 2.266,
                        "Actual Total Time": 582.545,
                        "Actual Rows": 231171,
                        "Actual Loops": 1,
                        "Inner Unique": false,
                        "Join Filter": "(t.id = ci.movie_id)",
                        "Rows Removed by Join Filter": 0,
                        "Plans": [
                          {
                            "Node Type": "Nested Loop",
                            "Parent Relationship": "Outer",
                            "Parallel Aware": false,
                            "Join Type": "Inner",
                            "Startup Cost": 11.22,
                            "Total Cost": 12427.73,
                            "Plan Rows": 51,
                            "Plan Width": 41,
                            "Actual Startup Time": 2.214,
                            "Actual Total Time": 199.049,
                            "Actual Rows": 7907,
                            "Actual Loops": 1,
                            "Inner Unique": true,
                            "Plans": [
                              {
                                "Node Type": "Nested Loop",
                                "Parent Relationship": "Outer",
                                "Parallel Aware": false,
                                "Join Type": "Inner",
                                "Startup Cost": 10.79,
                                "Total Cost": 12295.49,
                                "Plan Rows": 270,
                                "Plan Width": 20,
                                "Actual Startup Time": 1.835,
                                "Actual Total Time": 74.675,
                                "Actual Rows": 35548,
                                "Actual Loops": 1,
                                "Inner Unique": false,
                                "Plans": [
                                  {
                                    "Node Type": "Seq Scan",
                                    "Parent Relationship": "Outer",
                                    "Parallel Aware": false,
                                    "Relation Name": "keyword",
                                    "Alias": "k",
                                    "Startup Cost": 0.0,
                                    "Total Cost": 3632.4,
                                    "Plan Rows": 8,
                                    "Plan Width": 20,
                                    "Actual Startup Time": 0.32,
                                    "Actual Total Time": 22.189,
                                    "Actual Rows": 8,
                                    "Actual Loops": 1,
                                    "Filter": "(keyword = ANY ('{superhero,sequel,second-part,marvel-comics,based-on-comic,tv-special,fight,violence}'::text[]))",
                                    "Rows Removed by Filter": 134162
                                  },
                                  {
                                    "Node Type": "Bitmap Heap Scan",
                                    "Parent Relationship": "Inner",
                                    "Parallel Aware": false,
                                    "Relation Name": "movie_keyword",
                                    "Alias": "mk",
                                    "Startup Cost": 10.79,
                                    "Total Cost": 1079.85,
                                    "Plan Rows": 304,
                                    "Plan Width": 8,
                                    "Actual Startup Time": 0.942,
                                    "Actual Total Time": 6.141,
                                    "Actual Rows": 4444,
                                    "Actual Loops": 8,
                                    "Recheck Cond": "(keyword_id = k.id)",
                                    "Rows Removed by Index Recheck": 0,
                                    "Exact Heap Blocks": 23488,
                                    "Lossy Heap Blocks": 0,
                                    "Plans": [
                                      {
                                        "Node Type": "Bitmap Index Scan",
                                        "Parent Relationship": "Outer",
                                        "Parallel Aware": false,
                                        "Index Name": "keyword_id_movie_keyword",
                                        "Startup Cost": 0.0,
                                        "Total Cost": 10.71,
                                        "Plan Rows": 304,
                                        "Plan Width": 0,
                                        "Actual Startup Time": 0.57,
                                        "Actual Total Time": 0.57,
                                        "Actual Rows": 4444,
                                        "Actual Loops": 8,
                                        "Index Cond": "(keyword_id = k.id)"
                                      }
                                    ]
                                  }
                                ]
                              },
                              {
                                "Node Type": "Index Scan",
                                "Parent Relationship": "Inner",
                                "Parallel Aware": false,
                                "Scan Direction": "Forward",
                                "Index Name": "title_pkey",
                                "Relation Name": "title",
                                "Alias": "t",
                                "Startup Cost": 0.43,
                                "Total Cost": 0.49,
                                "Plan Rows": 1,
                                "Plan Width": 21,
                                "Actual Startup Time": 0.003,
                                "Actual Total Time": 0.003,
                                "Actual Rows": 0,
                                "Actual Loops": 35548,
                                "Index Cond": "(id = mk.movie_id)",
                                "Rows Removed by Index Recheck": 0,
                                "Filter": "(production_year < 1978)",
                                "Rows Removed by Filter": 1
                              }
                            ]
                          },
                          {
                            "Node Type": "Index Scan",
                            "Parent Relationship": "Inner",
                            "Parallel Aware": false,
                            "Scan Direction": "Forward",
                            "Index Name": "movie_id_cast_info",
                            "Relation Name": "cast_info",
                            "Alias": "ci",
                            "Startup Cost": 0.56,
                            "Total Cost": 1.52,
                            "Plan Rows": 35,
                            "Plan Width": 8,
                            "Actual Startup Time": 0.006,
                            "Actual Total Time": 0.041,
                            "Actual Rows": 29,
                            "Actual Loops": 7907,
                            "Index Cond": "(movie_id = mk.movie_id)",
                            "Rows Removed by Index Recheck": 0
                          }
                        ]
                      }
                    ]
                  }
                ]
              }
            ]
          }
        ]
      }
    ]
  },
  "Planning Time": 2.789,
  "Triggers": [],
  "Execution Time": 1746.244
}