{
  "Plan": {
    "Node Type": "Aggregate",
    "Strategy": "Plain",
    "Partial Mode": "Finalize",
    "Parallel Aware": false,
    "Startup Cost": 137864.5,
    "Total Cost": 137864.51,
    "Plan Rows": 1,
    "Plan Width": 8,
    "Actual Startup Time": 444.046,
    "Actual Total Time": 457.984,
    "Actual Rows": 1,
    "Actual Loops": 1,
    "Plans": [
      {
        "Node Type": "Gather",
        "Parent Relationship": "Outer",
        "Parallel Aware": false,
        "Startup Cost": 137864.39,
        "Total Cost": 137864.5,
        "Plan Rows": 1,
        "Plan Width": 8,
        "Actual Startup Time": 443.583,
        "Actual Total Time": 457.977,
        "Actual Rows": 2,
        "Actual Loops": 1,
        "Workers Planned": 1,
        "Workers Launched": 1,
        "Single Copy": false,
        "Plans": [
          {
            "Node Type": "Aggregate",
            "Strategy": "Plain",
            "Partial Mode": "Partial",
            "Parent Relationship": "Outer",
            "Parallel Aware": false,
            "Startup Cost": 136864.39,
            "Total Cost": 136864.4,
            "Plan Rows": 1,
            "Plan Width": 8,
            "Actual Startup Time": 436.98,
            "Actual Total Time": 436.986,
            "Actual Rows": 1,
            "Actual Loops": 2,
            "Plans": [
              {
                "Node Type": "Hash Join",
                "Parent Relationship": "Outer",
                "Parallel Aware": true,
                "Join Type": "Inner",
                "Startup Cost": 75765.99,
                "Total Cost": 136848.34,
                "Plan Rows": 6418,
                "Plan Width": 0,
                "Actual Startup Time": 201.804,
                "Actual Total Time": 435.582,
                "Actual Rows": 34130,
                "Actual Loops": 2,
                "Inner Unique": false,
                "Hash Cond": "(mk.movie_id = t.id)",
                "Plans": [
                  {
                    "Node Type": "Seq Scan",
                    "Parent Relationship": "Outer",
                    "Parallel Aware": true,
                    "Relation Name": "movie_keyword",
                    "Alias": "mk",
                    "Startup Cost": 0.0,
                    "Total Cost": 51065.35,
                    "Plan Rows": 2661135,
                    "Plan Width": 4,
                    "Actual Startup Time": 0.009,
                    "Actual Total Time": 150.072,
                    "Actual Rows": 2261965,
                    "Actual Loops": 2
                  },
                  {
                    "Node Type": "Hash",
                    "Parent Relationship": "Inner",
                    "Parallel Aware": true,
                    "Startup Cost": 75721.15,
                    "Total Cost": 75721.15,
                    "Plan Rows": 3587,
                    "Plan Width": 8,
                    "Actual Startup Time": 147.799,
                    "Actual Total Time": 147.804,
                    "Actual Rows": 690,
                    "Actual Loops": 2,
                    "Hash Buckets": 8192,
                    "Original Hash Buckets": 8192,
                    "Hash Batches": 1,
                    "Original Hash Batches": 1,
                    "Peak Memory Usage": 128,
                    "Plans": [
                      {
                        "Node Type": "Hash Join",
                        "Parent Relationship": "Outer",
                        "Parallel Aware": true,
                        "Join Type": "Inner",
                        "Startup Cost": 32386.72,
                        "Total Cost": 75721.15,
                        "Plan Rows": 3587,
                        "Plan Width": 8,
                        "Actual Startup Time": 58.563,
                        "Actual Total Time": 147.416,
                        "Actual Rows": 690,
                        "Actual Loops": 2,
                        "Inner Unique": false,
                        "Hash Cond": "(t.id = mc.movie_id)",
                        "Plans": [
                          {
                            "Node Type": "Bitmap Heap Scan",
                            "Parent Relationship": "Outer",
                            "Parallel Aware": true,
                            "Relation Name": "title",
                            "Alias": "t",
                            "Startup Cost": 11988.66,
                            "Total Cost": 52863.55,
                            "Plan Rows": 390151,
                            "Plan Width": 4,
                            "Actual Startup Time": 24.9,
                            "Actual Total Time": 73.844,
                            "Actual Rows": 331412,
                            "Actual Loops": 2,
                            "Recheck Cond": "(kind_id = 1)",
                            "Rows Removed by Index Recheck": 0,
                            "Exact Heap Blocks": 6585,
                            "Lossy Heap Blocks": 0,
                            "Plans": [
                              {
                                "Node Type": "Bitmap Index Scan",
                                "Parent Relationship": "Outer",
                                "Parallel Aware": false,
                                "Index Name": "kind_id_title",
                                "Startup Cost": 0.0,
                                "Total Cost": 11822.85,
                                "Plan Rows": 663256,
                                "Plan Width": 0,
                                "Actual Startup Time": 23.089,
                                "Actual Total Time": 23.09,
                                "Actual Rows": 662825,
                                "Actual Loops": 1,
                                "Index Cond": "(kind_id = 1)"
                              }
                            ]
                          },
                          {
                            "Node Type": "Hash",
                            "Parent Relationship": "Inner",
                            "Parallel Aware": true,
                            "Startup Cost": 20227.12,
                            "Total Cost": 20227.12,
                            "Plan Rows": 13675,
                            "Plan Width": 4,
                            "Actual Startup Time": 32.686,
                            "Actual Total Time": 32.687,
                            "Actual Rows": 21032,
                            "Actual Loops": 2,
                            "Hash Buckets": 65536,
                            "Original Hash Buckets": 32768,
                            "Hash Batches": 1,
                            "Original Hash Batches": 1,
                            "Peak Memory Usage": 2464,
                            "Plans": [
                              {
                                "Node Type": "Bitmap Heap Scan",
                                "Parent Relationship": "Outer",
                                "Parallel Aware": true,
                                "Relation Name": "movie_companies",
                                "Alias": "mc",
                                "Startup Cost": 1020.43,
                                "Total Cost": 20227.12,
                                "Plan Rows": 13675,
                                "Plan Width": 4,
                                "Actual Startup Time": 5.252,
                                "Actual Total Time": 23.641,
                                "Actual Rows": 21032,
                                "Actual Loops": 2,
                                "Recheck Cond": "(company_id = 19)",
                                "Rows Removed by Index Recheck": 0,
                                "Filter": "(company_type_id = 1)",
                                "Rows Removed by Filter": 2594,
                                "Exact Heap Blocks": 3904,
                                "Lossy Heap Blocks": 0,
                                "Plans": [
                                  {
                                    "Node Type": "Bitmap Index Scan",
                                    "Parent Relationship": "Outer",
                                    "Parallel Aware": false,
                                    "Index Name": "company_id_movie_companies",
                                    "Startup Cost": 0.0,
                                    "Total Cost": 1014.62,
                                    "Plan Rows": 47225,
                                    "Plan Width": 0,
                                    "Actual Startup Time": 8.355,
                                    "Actual Total Time": 8.355,
                                    "Actual Rows": 47252,
                                    "Actual Loops": 1,
                                    "Index Cond": "(company_id = 19)"
                                  }
                                ]
                              }
                            ]
                          }
                        ]
                      }
                    ]
                  }
                ]
              }
            ]
          }
        ]
      }
    ]
  },
  "Planning Time": 1.121,
  "Triggers": [],
  "Execution Time": 458.102
}