{
    "Plan": {
        "Node Type": "Aggregate",
        "Strategy": "Plain",
        "Partial Mode": "Finalize",
        "Parallel Aware": false,
        "Startup Cost": 58038.54,
        "Total Cost": 58038.55,
        "Plan Rows": 1,
        "Plan Width": 8,
        "Actual Startup Time": 101.968,
        "Actual Total Time": 114.559,
        "Actual Rows": 1,
        "Actual Loops": 1,
        "Output": [
            "count(*)"
        ],
        "Plans": [
            {
                "Node Type": "Gather",
                "Parent Relationship": "Outer",
                "Parallel Aware": false,
                "Startup Cost": 58038.12,
                "Total Cost": 58038.53,
                "Plan Rows": 4,
                "Plan Width": 8,
                "Actual Startup Time": 101.863,
                "Actual Total Time": 114.551,
                "Actual Rows": 5,
                "Actual Loops": 1,
                "Output": [
                    "(PARTIAL count(*))"
                ],
                "Workers Planned": 4,
                "Workers Launched": 4,
                "Single Copy": false,
                "Plans": [
                    {
                        "Node Type": "Aggregate",
                        "Strategy": "Plain",
                        "Partial Mode": "Partial",
                        "Parent Relationship": "Outer",
                        "Parallel Aware": false,
                        "Startup Cost": 57038.12,
                        "Total Cost": 57038.13,
                        "Plan Rows": 1,
                        "Plan Width": 8,
                        "Actual Startup Time": 91.794,
                        "Actual Total Time": 91.795,
                        "Actual Rows": 1,
                        "Actual Loops": 5,
                        "Output": [
                            "PARTIAL count(*)"
                        ],
                        "Workers": [
                            {
                                "Worker Number": 0,
                                "Actual Startup Time": 89.247,
                                "Actual Total Time": 89.248,
                                "Actual Rows": 1,
                                "Actual Loops": 1
                            },
                            {
                                "Worker Number": 1,
                                "Actual Startup Time": 89.434,
                                "Actual Total Time": 89.436,
                                "Actual Rows": 1,
                                "Actual Loops": 1
                            },
                            {
                                "Worker Number": 2,
                                "Actual Startup Time": 89.448,
                                "Actual Total Time": 89.449,
                                "Actual Rows": 1,
                                "Actual Loops": 1
                            },
                            {
                                "Worker Number": 3,
                                "Actual Startup Time": 89.738,
                                "Actual Total Time": 89.74,
                                "Actual Rows": 1,
                                "Actual Loops": 1
                            }
                        ],
                        "Plans": [
                            {
                                "Node Type": "Nested Loop",
                                "Parent Relationship": "Outer",
                                "Parallel Aware": false,
                                "Join Type": "Inner",
                                "Startup Cost": 0.43,
                                "Total Cost": 57031.43,
                                "Plan Rows": 2677,
                                "Plan Width": 0,
                                "Actual Startup Time": 4.129,
                                "Actual Total Time": 91.57,
                                "Actual Rows": 3959,
                                "Actual Loops": 5,
                                "Inner Unique": false,
                                "Workers": [
                                    {
                                        "Worker Number": 0,
                                        "Actual Startup Time": 9.811,
                                        "Actual Total Time": 89.019,
                                        "Actual Rows": 3855,
                                        "Actual Loops": 1
                                    },
                                    {
                                        "Worker Number": 1,
                                        "Actual Startup Time": 0.478,
                                        "Actual Total Time": 89.226,
                                        "Actual Rows": 3522,
                                        "Actual Loops": 1
                                    },
                                    {
                                        "Worker Number": 2,
                                        "Actual Startup Time": 4.884,
                                        "Actual Total Time": 89.217,
                                        "Actual Rows": 3957,
                                        "Actual Loops": 1
                                    },
                                    {
                                        "Worker Number": 3,
                                        "Actual Startup Time": 2.401,
                                        "Actual Total Time": 89.58,
                                        "Actual Rows": 2382,
                                        "Actual Loops": 1
                                    }
                                ],
                                "Plans": [
                                    {
                                        "Node Type": "Seq Scan",
                                        "Parent Relationship": "Outer",
                                        "Parallel Aware": true,
                                        "Relation Name": "title",
                                        "Schema": "public",
                                        "Alias": "t",
                                        "Startup Cost": 0.0,
                                        "Total Cost": 43899.01,
                                        "Plan Rows": 1496,
                                        "Plan Width": 4,
                                        "Actual Startup Time": 0.69,
                                        "Actual Total Time": 78.383,
                                        "Actual Rows": 1440,
                                        "Actual Loops": 5,
                                        "Output": [
                                            "t.id",
                                            "t.title",
                                            "t.imdb_index",
                                            "t.kind_id",
                                            "t.production_year",
                                            "t.imdb_id",
                                            "t.phonetic_code",
                                            "t.episode_of_id",
                                            "t.season_nr",
                                            "t.episode_nr",
                                            "t.series_years",
                                            "t.md5sum"
                                        ],
                                        "Filter": "(t.production_year = 1954)",
                                        "Rows Removed by Filter": 504223,
                                        "Workers": [
                                            {
                                                "Worker Number": 0,
                                                "Actual Startup Time": 1.05,
                                                "Actual Total Time": 74.926,
                                                "Actual Rows": 1240,
                                                "Actual Loops": 1
                                            },
                                            {
                                                "Worker Number": 1,
                                                "Actual Startup Time": 0.141,
                                                "Actual Total Time": 74.845,
                                                "Actual Rows": 1229,
                                                "Actual Loops": 1
                                            },
                                            {
                                                "Worker Number": 2,
                                                "Actual Startup Time": 0.803,
                                                "Actual Total Time": 74.747,
                                                "Actual Rows": 1266,
                                                "Actual Loops": 1
                                            },
                                            {
                                                "Worker Number": 3,
                                                "Actual Startup Time": 0.524,
                                                "Actual Total Time": 75.361,
                                                "Actual Rows": 1100,
                                                "Actual Loops": 1
                                            }
                                        ]
                                    },
                                    {
                                        "Node Type": "Index Only Scan",
                                        "Parent Relationship": "Inner",
                                        "Parallel Aware": false,
                                        "Scan Direction": "Forward",
                                        "Index Name": "movie_id_movie_keyword",
                                        "Relation Name": "movie_keyword",
                                        "Schema": "public",
                                        "Alias": "mk",
                                        "Startup Cost": 0.43,
                                        "Total Cost": 8.32,
                                        "Plan Rows": 46,
                                        "Plan Width": 4,
                                        "Actual Startup Time": 0.008,
                                        "Actual Total Time": 0.008,
                                        "Actual Rows": 3,
                                        "Actual Loops": 7199,
                                        "Output": [
                                            "mk.movie_id"
                                        ],
                                        "Index Cond": "(mk.movie_id = t.id)",
                                        "Rows Removed by Index Recheck": 0,
                                        "Heap Fetches": 19797,
                                        "Workers": [
                                            {
                                                "Worker Number": 0,
                                                "Actual Startup Time": 0.01,
                                                "Actual Total Time": 0.01,
                                                "Actual Rows": 3,
                                                "Actual Loops": 1240
                                            },
                                            {
                                                "Worker Number": 1,
                                                "Actual Startup Time": 0.01,
                                                "Actual Total Time": 0.011,
                                                "Actual Rows": 3,
                                                "Actual Loops": 1229
                                            },
                                            {
                                                "Worker Number": 2,
                                                "Actual Startup Time": 0.01,
                                                "Actual Total Time": 0.011,
                                                "Actual Rows": 3,
                                                "Actual Loops": 1266
                                            },
                                            {
                                                "Worker Number": 3,
                                                "Actual Startup Time": 0.012,
                                                "Actual Total Time": 0.012,
                                                "Actual Rows": 2,
                                                "Actual Loops": 1100
                                            }
                                        ]
                                    }
                                ]
                            }
                        ]
                    }
                ]
            }
        ]
    },
    "Planning Time": 0.646,
    "Triggers": [],
    "Execution Time": 114.633
}