[
    {
        "Bao": {
            "Bao prediction": 1322.862,
            "Bao recommended hint": "(no hint)"
        }
    },
    {
        "Plan": {
            "Node Type": "Aggregate",
            "Strategy": "Plain",
            "Partial Mode": "Finalize",
            "Parallel Aware": false,
            "Startup Cost": 747156.31,
            "Total Cost": 747156.32,
            "Plan Rows": 1,
            "Plan Width": 8,
            "Actual Startup Time": 14359.01,
            "Actual Total Time": 14465.283,
            "Actual Rows": 1,
            "Actual Loops": 1,
            "Output": [
                "count(*)"
            ],
            "Plans": [
                {
                    "Node Type": "Gather",
                    "Parent Relationship": "Outer",
                    "Parallel Aware": false,
                    "Startup Cost": 747155.68,
                    "Total Cost": 747156.29,
                    "Plan Rows": 6,
                    "Plan Width": 8,
                    "Actual Startup Time": 14239.878,
                    "Actual Total Time": 14465.27,
                    "Actual Rows": 7,
                    "Actual Loops": 1,
                    "Output": [
                        "(PARTIAL count(*))"
                    ],
                    "Workers Planned": 6,
                    "Workers Launched": 6,
                    "Single Copy": false,
                    "Plans": [
                        {
                            "Node Type": "Aggregate",
                            "Strategy": "Plain",
                            "Partial Mode": "Partial",
                            "Parent Relationship": "Outer",
                            "Parallel Aware": false,
                            "Startup Cost": 746155.68,
                            "Total Cost": 746155.69,
                            "Plan Rows": 1,
                            "Plan Width": 8,
                            "Actual Startup Time": 14180.319,
                            "Actual Total Time": 14180.325,
                            "Actual Rows": 1,
                            "Actual Loops": 7,
                            "Output": [
                                "PARTIAL count(*)"
                            ],
                            "Workers": [
                                {
                                    "Worker Number": 0,
                                    "Actual Startup Time": 14170.379,
                                    "Actual Total Time": 14170.385,
                                    "Actual Rows": 1,
                                    "Actual Loops": 1
                                },
                                {
                                    "Worker Number": 1,
                                    "Actual Startup Time": 14170.54,
                                    "Actual Total Time": 14170.546,
                                    "Actual Rows": 1,
                                    "Actual Loops": 1
                                },
                                {
                                    "Worker Number": 2,
                                    "Actual Startup Time": 14170.688,
                                    "Actual Total Time": 14170.693,
                                    "Actual Rows": 1,
                                    "Actual Loops": 1
                                },
                                {
                                    "Worker Number": 3,
                                    "Actual Startup Time": 14170.692,
                                    "Actual Total Time": 14170.696,
                                    "Actual Rows": 1,
                                    "Actual Loops": 1
                                },
                                {
                                    "Worker Number": 4,
                                    "Actual Startup Time": 14170.385,
                                    "Actual Total Time": 14170.39,
                                    "Actual Rows": 1,
                                    "Actual Loops": 1
                                },
                                {
                                    "Worker Number": 5,
                                    "Actual Startup Time": 14170.678,
                                    "Actual Total Time": 14170.683,
                                    "Actual Rows": 1,
                                    "Actual Loops": 1
                                }
                            ],
                            "Plans": [
                                {
                                    "Node Type": "Hash Join",
                                    "Parent Relationship": "Outer",
                                    "Parallel Aware": true,
                                    "Join Type": "Inner",
                                    "Startup Cost": 282851.33,
                                    "Total Cost": 679497.11,
                                    "Plan Rows": 26663427,
                                    "Plan Width": 0,
                                    "Actual Startup Time": 2204.869,
                                    "Actual Total Time": 11775.85,
                                    "Actual Rows": 56540010,
                                    "Actual Loops": 7,
                                    "Inner Unique": false,
                                    "Hash Cond": "(ci.movie_id = t.id)",
                                    "Workers": [
                                        {
                                            "Worker Number": 0,
                                            "Actual Startup Time": 2196.69,
                                            "Actual Total Time": 11837.716,
                                            "Actual Rows": 56197076,
                                            "Actual Loops": 1
                                        },
                                        {
                                            "Worker Number": 1,
                                            "Actual Startup Time": 2196.843,
                                            "Actual Total Time": 11659.761,
                                            "Actual Rows": 56800599,
                                            "Actual Loops": 1
                                        },
                                        {
                                            "Worker Number": 2,
                                            "Actual Startup Time": 2196.756,
                                            "Actual Total Time": 11623.299,
                                            "Actual Rows": 54406246,
                                            "Actual Loops": 1
                                        },
                                        {
                                            "Worker Number": 3,
                                            "Actual Startup Time": 2196.754,
                                            "Actual Total Time": 11826.382,
                                            "Actual Rows": 56538422,
                                            "Actual Loops": 1
                                        },
                                        {
                                            "Worker Number": 4,
                                            "Actual Startup Time": 2196.639,
                                            "Actual Total Time": 11863.703,
                                            "Actual Rows": 57648445,
                                            "Actual Loops": 1
                                        },
                                        {
                                            "Worker Number": 5,
                                            "Actual Startup Time": 2196.941,
                                            "Actual Total Time": 11688.864,
                                            "Actual Rows": 57041100,
                                            "Actual Loops": 1
                                        }
                                    ],
                                    "Plans": [
                                        {
                                            "Node Type": "Seq Scan",
                                            "Parent Relationship": "Outer",
                                            "Parallel Aware": true,
                                            "Relation Name": "cast_info",
                                            "Schema": "public",
                                            "Alias": "ci",
                                            "Startup Cost": 0.0,
                                            "Total Cost": 313108.29,
                                            "Plan Rows": 6042129,
                                            "Plan Width": 4,
                                            "Actual Startup Time": 0.026,
                                            "Actual Total Time": 486.994,
                                            "Actual Rows": 5177763,
                                            "Actual Loops": 7,
                                            "Output": [
                                                "ci.id",
                                                "ci.person_id",
                                                "ci.movie_id",
                                                "ci.person_role_id",
                                                "ci.note",
                                                "ci.nr_order",
                                                "ci.role_id"
                                            ],
                                            "Workers": [
                                                {
                                                    "Worker Number": 0,
                                                    "Actual Startup Time": 0.027,
                                                    "Actual Total Time": 491.55,
                                                    "Actual Rows": 5089899,
                                                    "Actual Loops": 1
                                                },
                                                {
                                                    "Worker Number": 1,
                                                    "Actual Startup Time": 0.027,
                                                    "Actual Total Time": 505.723,
                                                    "Actual Rows": 5255662,
                                                    "Actual Loops": 1
                                                },
                                                {
                                                    "Worker Number": 2,
                                                    "Actual Startup Time": 0.033,
                                                    "Actual Total Time": 503.918,
                                                    "Actual Rows": 4946719,
                                                    "Actual Loops": 1
                                                },
                                                {
                                                    "Worker Number": 3,
                                                    "Actual Startup Time": 0.027,
                                                    "Actual Total Time": 497.943,
                                                    "Actual Rows": 5203935,
                                                    "Actual Loops": 1
                                                },
                                                {
                                                    "Worker Number": 4,
                                                    "Actual Startup Time": 0.029,
                                                    "Actual Total Time": 494.581,
                                                    "Actual Rows": 5311873,
                                                    "Actual Loops": 1
                                                },
                                                {
                                                    "Worker Number": 5,
                                                    "Actual Startup Time": 0.026,
                                                    "Actual Total Time": 496.472,
                                                    "Actual Rows": 5210165,
                                                    "Actual Loops": 1
                                                }
                                            ]
                                        },
                                        {
                                            "Node Type": "Hash",
                                            "Parent Relationship": "Inner",
                                            "Parallel Aware": true,
                                            "Startup Cost": 254958.13,
                                            "Total Cost": 254958.13,
                                            "Plan Rows": 2231456,
                                            "Plan Width": 8,
                                            "Actual Startup Time": 2184.044,
                                            "Actual Total Time": 2184.048,
                                            "Actual Rows": 1601535,
                                            "Actual Loops": 7,
                                            "Output": [
                                                "t.id",
                                                "mi.movie_id"
                                            ],
                                            "Hash Buckets": 16777216,
                                            "Original Hash Buckets": 16777216,
                                            "Hash Batches": 1,
                                            "Original Hash Batches": 1,
                                            "Peak Memory Usage": 569792,
                                            "Workers": [
                                                {
                                                    "Worker Number": 0,
                                                    "Actual Startup Time": 2195.595,
                                                    "Actual Total Time": 2195.599,
                                                    "Actual Rows": 1551919,
                                                    "Actual Loops": 1
                                                },
                                                {
                                                    "Worker Number": 1,
                                                    "Actual Startup Time": 2196.033,
                                                    "Actual Total Time": 2196.037,
                                                    "Actual Rows": 1618136,
                                                    "Actual Loops": 1
                                                },
                                                {
                                                    "Worker Number": 2,
                                                    "Actual Startup Time": 2195.93,
                                                    "Actual Total Time": 2195.934,
                                                    "Actual Rows": 1607274,
                                                    "Actual Loops": 1
                                                },
                                                {
                                                    "Worker Number": 3,
                                                    "Actual Startup Time": 2195.911,
                                                    "Actual Total Time": 2195.914,
                                                    "Actual Rows": 1564049,
                                                    "Actual Loops": 1
                                                },
                                                {
                                                    "Worker Number": 4,
                                                    "Actual Startup Time": 2195.716,
                                                    "Actual Total Time": 2195.72,
                                                    "Actual Rows": 1568340,
                                                    "Actual Loops": 1
                                                },
                                                {
                                                    "Worker Number": 5,
                                                    "Actual Startup Time": 2196.137,
                                                    "Actual Total Time": 2196.141,
                                                    "Actual Rows": 1613419,
                                                    "Actual Loops": 1
                                                }
                                            ],
                                            "Plans": [
                                                {
                                                    "Node Type": "Hash Join",
                                                    "Parent Relationship": "Outer",
                                                    "Parallel Aware": true,
                                                    "Join Type": "Inner",
                                                    "Startup Cost": 50219.81,
                                                    "Total Cost": 254958.13,
                                                    "Plan Rows": 2231456,
                                                    "Plan Width": 8,
                                                    "Actual Startup Time": 289.325,
                                                    "Actual Total Time": 1389.078,
                                                    "Actual Rows": 1601535,
                                                    "Actual Loops": 7,
                                                    "Output": [
                                                        "t.id",
                                                        "mi.movie_id"
                                                    ],
                                                    "Inner Unique": true,
                                                    "Hash Cond": "(mi.movie_id = t.id)",
                                                    "Workers": [
                                                        {
                                                            "Worker Number": 0,
                                                            "Actual Startup Time": 289.302,
                                                            "Actual Total Time": 1393.537,
                                                            "Actual Rows": 1551919,
                                                            "Actual Loops": 1
                                                        },
                                                        {
                                                            "Worker Number": 1,
                                                            "Actual Startup Time": 289.324,
                                                            "Actual Total Time": 1391.039,
                                                            "Actual Rows": 1618136,
                                                            "Actual Loops": 1
                                                        },
                                                        {
                                                            "Worker Number": 2,
                                                            "Actual Startup Time": 289.284,
                                                            "Actual Total Time": 1390.953,
                                                            "Actual Rows": 1607274,
                                                            "Actual Loops": 1
                                                        },
                                                        {
                                                            "Worker Number": 3,
                                                            "Actual Startup Time": 289.268,
                                                            "Actual Total Time": 1392.53,
                                                            "Actual Rows": 1564049,
                                                            "Actual Loops": 1
                                                        },
                                                        {
                                                            "Worker Number": 4,
                                                            "Actual Startup Time": 289.304,
                                                            "Actual Total Time": 1391.636,
                                                            "Actual Rows": 1568340,
                                                            "Actual Loops": 1
                                                        },
                                                        {
                                                            "Worker Number": 5,
                                                            "Actual Startup Time": 289.249,
                                                            "Actual Total Time": 1389.037,
                                                            "Actual Rows": 1613419,
                                                            "Actual Loops": 1
                                                        }
                                                    ],
                                                    "Plans": [
                                                        {
                                                            "Node Type": "Seq Scan",
                                                            "Parent Relationship": "Outer",
                                                            "Parallel Aware": true,
                                                            "Relation Name": "movie_info",
                                                            "Schema": "public",
                                                            "Alias": "mi",
                                                            "Startup Cost": 0.0,
                                                            "Total Cost": 198880.74,
                                                            "Plan Rows": 2231456,
                                                            "Plan Width": 4,
                                                            "Actual Startup Time": 0.032,
                                                            "Actual Total Time": 423.137,
                                                            "Actual Rows": 1601535,
                                                            "Actual Loops": 7,
                                                            "Output": [
                                                                "mi.id",
                                                                "mi.movie_id",
                                                                "mi.info_type_id",
                                                                "mi.info",
                                                                "mi.note"
                                                            ],
                                                            "Filter": "(mi.info_type_id > 3)",
                                                            "Rows Removed by Filter": 517854,
                                                            "Workers": [
                                                                {
                                                                    "Worker Number": 0,
                                                                    "Actual Startup Time": 0.036,
                                                                    "Actual Total Time": 430.877,
                                                                    "Actual Rows": 1551919,
                                                                    "Actual Loops": 1
                                                                },
                                                                {
                                                                    "Worker Number": 1,
                                                                    "Actual Startup Time": 0.033,
                                                                    "Actual Total Time": 435.161,
                                                                    "Actual Rows": 1618136,
                                                                    "Actual Loops": 1
                                                                },
                                                                {
                                                                    "Worker Number": 2,
                                                                    "Actual Startup Time": 0.034,
                                                                    "Actual Total Time": 434.368,
                                                                    "Actual Rows": 1607274,
                                                                    "Actual Loops": 1
                                                                },
                                                                {
                                                                    "Worker Number": 3,
                                                                    "Actual Startup Time": 0.037,
                                                                    "Actual Total Time": 433.651,
                                                                    "Actual Rows": 1564049,
                                                                    "Actual Loops": 1
                                                                },
                                                                {
                                                                    "Worker Number": 4,
                                                                    "Actual Startup Time": 0.035,
                                                                    "Actual Total Time": 431.695,
                                                                    "Actual Rows": 1568340,
                                                                    "Actual Loops": 1
                                                                },
                                                                {
                                                                    "Worker Number": 5,
                                                                    "Actual Startup Time": 0.034,
                                                                    "Actual Total Time": 433.293,
                                                                    "Actual Rows": 1613419,
                                                                    "Actual Loops": 1
                                                                }
                                                            ]
                                                        },
                                                        {
                                                            "Node Type": "Hash",
                                                            "Parent Relationship": "Inner",
                                                            "Parallel Aware": true,
                                                            "Startup Cost": 42318.81,
                                                            "Total Cost": 42318.81,
                                                            "Plan Rows": 632080,
                                                            "Plan Width": 4,
                                                            "Actual Startup Time": 284.642,
                                                            "Actual Total Time": 284.643,
                                                            "Actual Rows": 361187,
                                                            "Actual Loops": 7,
                                                            "Output": [
                                                                "t.id"
                                                            ],
                                                            "Hash Buckets": 4194304,
                                                            "Original Hash Buckets": 4194304,
                                                            "Hash Batches": 1,
                                                            "Original Hash Batches": 1,
                                                            "Peak Memory Usage": 131808,
                                                            "Workers": [
                                                                {
                                                                    "Worker Number": 0,
                                                                    "Actual Startup Time": 289.153,
                                                                    "Actual Total Time": 289.154,
                                                                    "Actual Rows": 343336,
                                                                    "Actual Loops": 1
                                                                },
                                                                {
                                                                    "Worker Number": 1,
                                                                    "Actual Startup Time": 289.136,
                                                                    "Actual Total Time": 289.138,
                                                                    "Actual Rows": 349730,
                                                                    "Actual Loops": 1
                                                                },
                                                                {
                                                                    "Worker Number": 2,
                                                                    "Actual Startup Time": 289.077,
                                                                    "Actual Total Time": 289.078,
                                                                    "Actual Rows": 349043,
                                                                    "Actual Loops": 1
                                                                },
                                                                {
                                                                    "Worker Number": 3,
                                                                    "Actual Startup Time": 289.149,
                                                                    "Actual Total Time": 289.15,
                                                                    "Actual Rows": 348949,
                                                                    "Actual Loops": 1
                                                                },
                                                                {
                                                                    "Worker Number": 4,
                                                                    "Actual Startup Time": 288.936,
                                                                    "Actual Total Time": 288.937,
                                                                    "Actual Rows": 346870,
                                                                    "Actual Loops": 1
                                                                },
                                                                {
                                                                    "Worker Number": 5,
                                                                    "Actual Startup Time": 289.085,
                                                                    "Actual Total Time": 289.086,
                                                                    "Actual Rows": 346863,
                                                                    "Actual Loops": 1
                                                                }
                                                            ],
                                                            "Plans": [
                                                                {
                                                                    "Node Type": "Seq Scan",
                                                                    "Parent Relationship": "Outer",
                                                                    "Parallel Aware": true,
                                                                    "Relation Name": "title",
                                                                    "Schema": "public",
                                                                    "Alias": "t",
                                                                    "Startup Cost": 0.0,
                                                                    "Total Cost": 42318.81,
                                                                    "Plan Rows": 632080,
                                                                    "Plan Width": 4,
                                                                    "Actual Startup Time": 0.052,
                                                                    "Actual Total Time": 83.346,
                                                                    "Actual Rows": 361187,
                                                                    "Actual Loops": 7,
                                                                    "Output": [
                                                                        "t.id"
                                                                    ],
                                                                    "Workers": [
                                                                        {
                                                                            "Worker Number": 0,
                                                                            "Actual Startup Time": 0.067,
                                                                            "Actual Total Time": 85.684,
                                                                            "Actual Rows": 343336,
                                                                            "Actual Loops": 1
                                                                        },
                                                                        {
                                                                            "Worker Number": 1,
                                                                            "Actual Startup Time": 0.034,
                                                                            "Actual Total Time": 86.35,
                                                                            "Actual Rows": 349730,
                                                                            "Actual Loops": 1
                                                                        },
                                                                        {
                                                                            "Worker Number": 2,
                                                                            "Actual Startup Time": 0.056,
                                                                            "Actual Total Time": 86.405,
                                                                            "Actual Rows": 349043,
                                                                            "Actual Loops": 1
                                                                        },
                                                                        {
                                                                            "Worker Number": 3,
                                                                            "Actual Startup Time": 0.071,
                                                                            "Actual Total Time": 86.288,
                                                                            "Actual Rows": 348949,
                                                                            "Actual Loops": 1
                                                                        },
                                                                        {
                                                                            "Worker Number": 4,
                                                                            "Actual Startup Time": 0.071,
                                                                            "Actual Total Time": 85.782,
                                                                            "Actual Rows": 346870,
                                                                            "Actual Loops": 1
                                                                        },
                                                                        {
                                                                            "Worker Number": 5,
                                                                            "Actual Startup Time": 0.052,
                                                                            "Actual Total Time": 85.841,
                                                                            "Actual Rows": 346863,
                                                                            "Actual Loops": 1
                                                                        }
                                                                    ]
                                                                }
                                                            ]
                                                        }
                                                    ]
                                                }
                                            ]
                                        }
                                    ]
                                }
                            ]
                        }
                    ]
                }
            ]
        },
        "Planning Time": 2195.145,
        "Triggers": [],
        "Execution Time": 14465.417
    }
]