{
  "Plan": {
    "Node Type": "Aggregate",
    "Strategy": "Plain",
    "Partial Mode": "Finalize",
    "Parallel Aware": false,
    "Startup Cost": 644486.21,
    "Total Cost": 644486.22,
    "Plan Rows": 1,
    "Plan Width": 8,
    "Actual Startup Time": 5465.185,
    "Actual Total Time": 5501.475,
    "Actual Rows": 1,
    "Actual Loops": 1,
    "Plans": [
      {
        "Node Type": "Gather",
        "Parent Relationship": "Outer",
        "Parallel Aware": false,
        "Startup Cost": 644486.1,
        "Total Cost": 644486.21,
        "Plan Rows": 1,
        "Plan Width": 8,
        "Actual Startup Time": 5456.221,
        "Actual Total Time": 5501.466,
        "Actual Rows": 2,
        "Actual Loops": 1,
        "Workers Planned": 1,
        "Workers Launched": 1,
        "Single Copy": false,
        "Plans": [
          {
            "Node Type": "Aggregate",
            "Strategy": "Plain",
            "Partial Mode": "Partial",
            "Parent Relationship": "Outer",
            "Parallel Aware": false,
            "Startup Cost": 643486.1,
            "Total Cost": 643486.11,
            "Plan Rows": 1,
            "Plan Width": 8,
            "Actual Startup Time": 5443.86,
            "Actual Total Time": 5445.166,
            "Actual Rows": 1,
            "Actual Loops": 2,
            "Plans": [
              {
                "Node Type": "Hash Join",
                "Parent Relationship": "Outer",
                "Parallel Aware": true,
                "Join Type": "Inner",
                "Startup Cost": 550360.06,
                "Total Cost": 636683.49,
                "Plan Rows": 2721041,
                "Plan Width": 0,
                "Actual Startup Time": 2722.863,
                "Actual Total Time": 4624.536,
                "Actual Rows": 20748122,
                "Actual Loops": 2,
                "Inner Unique": false,
                "Hash Cond": "(mk.movie_id = t.id)",
                "Plans": [
                  {
                    "Node Type": "Seq Scan",
                    "Parent Relationship": "Outer",
                    "Parallel Aware": true,
                    "Relation Name": "movie_keyword",
                    "Alias": "mk",
                    "Startup Cost": 0.0,
                    "Total Cost": 57718.19,
                    "Plan Rows": 2519825,
                    "Plan Width": 4,
                    "Actual Startup Time": 0.022,
                    "Actual Total Time": 212.124,
                    "Actual Rows": 2147138,
                    "Actual Loops": 2,
                    "Filter": "(keyword_id < 63369)",
                    "Rows Removed by Filter": 114828
                  },
                  {
                    "Node Type": "Hash",
                    "Parent Relationship": "Inner",
                    "Parallel Aware": true,
                    "Startup Cost": 530285.17,
                    "Total Cost": 530285.17,
                    "Plan Rows": 1605991,
                    "Plan Width": 8,
                    "Actual Startup Time": 2700.766,
                    "Actual Total Time": 2702.071,
                    "Actual Rows": 1408108,
                    "Actual Loops": 2,
                    "Hash Buckets": 4194304,
                    "Original Hash Buckets": 4194304,
                    "Hash Batches": 1,
                    "Original Hash Batches": 1,
                    "Peak Memory Usage": 142976,
                    "Plans": [
                      {
                        "Node Type": "Hash Join",
                        "Parent Relationship": "Outer",
                        "Parallel Aware": true,
                        "Join Type": "Inner",
                        "Startup Cost": 215653.37,
                        "Total Cost": 530285.17,
                        "Plan Rows": 1605991,
                        "Plan Width": 8,
                        "Actual Startup Time": 640.012,
                        "Actual Total Time": 2234.351,
                        "Actual Rows": 1408108,
                        "Actual Loops": 2,
                        "Inner Unique": true,
                        "Hash Cond": "(ci.movie_id = t.id)",
                        "Plans": [
                          {
                            "Node Type": "Bitmap Heap Scan",
                            "Parent Relationship": "Outer",
                            "Parallel Aware": true,
                            "Relation Name": "cast_info",
                            "Alias": "ci",
                            "Startup Cost": 153775.07,
                            "Total Cost": 457656.1,
                            "Plan Rows": 4095522,
                            "Plan Width": 4,
                            "Actual Startup Time": 344.483,
                            "Actual Total Time": 787.733,
                            "Actual Rows": 3407519,
                            "Actual Loops": 2,
                            "Recheck Cond": "(person_id > 2980913)",
                            "Rows Removed by Index Recheck": 0,
                            "Exact Heap Blocks": 52508,
                            "Lossy Heap Blocks": 0,
                            "Plans": [
                              {
                                "Node Type": "Bitmap Index Scan",
                                "Parent Relationship": "Outer",
                                "Parallel Aware": false,
                                "Index Name": "person_id_cast_info",
                                "Startup Cost": 0.0,
                                "Total Cost": 152034.48,
                                "Plan Rows": 6962388,
                                "Plan Width": 0,
                                "Actual Startup Time": 329.691,
                                "Actual Total Time": 329.692,
                                "Actual Rows": 6815038,
                                "Actual Loops": 1,
                                "Index Cond": "(person_id > 2980913)"
                              }
                            ]
                          },
                          {
                            "Node Type": "Hash",
                            "Parent Relationship": "Inner",
                            "Parallel Aware": true,
                            "Startup Cost": 54588.39,
                            "Total Cost": 54588.39,
                            "Plan Rows": 583193,
                            "Plan Width": 4,
                            "Actual Startup Time": 292.394,
                            "Actual Total Time": 292.395,
                            "Actual Rows": 492524,
                            "Actual Loops": 2,
                            "Hash Buckets": 1048576,
                            "Original Hash Buckets": 1048576,
                            "Hash Batches": 1,
                            "Original Hash Batches": 1,
                            "Peak Memory Usage": 46752,
                            "Plans": [
                              {
                                "Node Type": "Seq Scan",
                                "Parent Relationship": "Outer",
                                "Parallel Aware": true,
                                "Relation Name": "title",
                                "Alias": "t",
                                "Startup Cost": 0.0,
                                "Total Cost": 54588.39,
                                "Plan Rows": 583193,
                                "Plan Width": 4,
                                "Actual Startup Time": 0.031,
                                "Actual Total Time": 167.13,
                                "Actual Rows": 492524,
                                "Actual Loops": 2,
                                "Filter": "(kind_id < 7)",
                                "Rows Removed by Filter": 771632
                              }
                            ]
                          }
                        ]
                      }
                    ]
                  }
                ]
              }
            ]
          }
        ]
      }
    ]
  },
  "Planning Time": 0.962,
  "Triggers": [],
  "Execution Time": 5501.583
}