[
  {
    "Plan": {
      "Node Type": "Aggregate",
      "Strategy": "Plain",
      "Partial Mode": "Finalize",
      "Parallel Aware": false,
      "Startup Cost": 90061.91,
      "Total Cost": 90061.92,
      "Plan Rows": 1,
      "Plan Width": 8,
      "Actual Startup Time": 391.897,
      "Actual Total Time": 406.27,
      "Actual Rows": 1,
      "Actual Loops": 1,
      "Plans": [
        {
          "Node Type": "Gather",
          "Parent Relationship": "Outer",
          "Parallel Aware": false,
          "Startup Cost": 90061.7,
          "Total Cost": 90061.91,
          "Plan Rows": 2,
          "Plan Width": 8,
          "Actual Startup Time": 389.032,
          "Actual Total Time": 406.262,
          "Actual Rows": 3,
          "Actual Loops": 1,
          "Workers Planned": 2,
          "Workers Launched": 2,
          "Single Copy": false,
          "Plans": [
            {
              "Node Type": "Aggregate",
              "Strategy": "Plain",
              "Partial Mode": "Partial",
              "Parent Relationship": "Outer",
              "Parallel Aware": false,
              "Startup Cost": 89061.7,
              "Total Cost": 89061.71,
              "Plan Rows": 1,
              "Plan Width": 8,
              "Actual Startup Time": 378.254,
              "Actual Total Time": 378.259,
              "Actual Rows": 1,
              "Actual Loops": 3,
              "Plans": [
                {
                  "Node Type": "Hash Join",
                  "Parent Relationship": "Outer",
                  "Parallel Aware": true,
                  "Join Type": "Inner",
                  "Startup Cost": 72355.41,
                  "Total Cost": 88987.9,
                  "Plan Rows": 29517,
                  "Plan Width": 0,
                  "Actual Startup Time": 303.396,
                  "Actual Total Time": 377.329,
                  "Actual Rows": 20831,
                  "Actual Loops": 3,
                  "Inner Unique": false,
                  "Hash Cond": "(mi_idx.movie_id = t.id)",
                  "Plans": [
                    {
                      "Node Type": "Seq Scan",
                      "Parent Relationship": "Outer",
                      "Parallel Aware": true,
                      "Relation Name": "movie_info_idx",
                      "Alias": "mi_idx",
                      "Startup Cost": 0.0,
                      "Total Cost": 15122.68,
                      "Plan Rows": 382940,
                      "Plan Width": 4,
                      "Actual Startup Time": 0.048,
                      "Actual Total Time": 41.166,
                      "Actual Rows": 306617,
                      "Actual Loops": 3,
                      "Filter": "(info_type_id < 101)",
                      "Rows Removed by Filter": 153395
                    },
                    {
                      "Node Type": "Hash",
                      "Parent Relationship": "Inner",
                      "Parallel Aware": true,
                      "Startup Cost": 71746.41,
                      "Total Cost": 71746.41,
                      "Plan Rows": 48720,
                      "Plan Width": 8,
                      "Actual Startup Time": 300.429,
                      "Actual Total Time": 300.433,
                      "Actual Rows": 43406,
                      "Actual Loops": 3,
                      "Hash Buckets": 262144,
                      "Original Hash Buckets": 262144,
                      "Hash Batches": 1,
                      "Original Hash Batches": 1,
                      "Peak Memory Usage": 7200,
                      "Plans": [
                        {
                          "Node Type": "Hash Join",
                          "Parent Relationship": "Outer",
                          "Parallel Aware": true,
                          "Join Type": "Inner",
                          "Startup Cost": 45975.66,
                          "Total Cost": 71746.41,
                          "Plan Rows": 48720,
                          "Plan Width": 8,
                          "Actual Startup Time": 199.007,
                          "Actual Total Time": 288.108,
                          "Actual Rows": 43406,
                          "Actual Loops": 3,
                          "Inner Unique": true,
                          "Hash Cond": "(ci.movie_id = t.id)",
                          "Plans": [
                            {
                              "Node Type": "Index Scan",
                              "Parent Relationship": "Outer",
                              "Parallel Aware": true,
                              "Scan Direction": "Forward",
                              "Index Name": "role_id_cast_info",
                              "Relation Name": "cast_info",
                              "Alias": "ci",
                              "Startup Cost": 0.56,
                              "Total Cost": 25284.63,
                              "Plan Rows": 185405,
                              "Plan Width": 4,
                              "Actual Startup Time": 0.088,
                              "Actual Total Time": 46.054,
                              "Actual Rows": 124836,
                              "Actual Loops": 3,
                              "Index Cond": "(role_id = 5)",
                              "Rows Removed by Index Recheck": 0,
                              "Filter": "(person_id < 3015186)",
                              "Rows Removed by Filter": 174627
                            },
                            {
                              "Node Type": "Hash",
                              "Parent Relationship": "Inner",
                              "Parallel Aware": true,
                              "Startup Cost": 43898.92,
                              "Total Cost": 43898.92,
                              "Plan Rows": 166094,
                              "Plan Width": 4,
                              "Actual Startup Time": 194.247,
                              "Actual Total Time": 194.249,
                              "Actual Rows": 220688,
                              "Actual Loops": 3,
                              "Hash Buckets": 1048576,
                              "Original Hash Buckets": 1048576,
                              "Hash Batches": 1,
                              "Original Hash Batches": 1,
                              "Peak Memory Usage": 34112,
                              "Plans": [
                                {
                                  "Node Type": "Seq Scan",
                                  "Parent Relationship": "Outer",
                                  "Parallel Aware": true,
                                  "Relation Name": "title",
                                  "Alias": "t",
                                  "Startup Cost": 0.0,
                                  "Total Cost": 43898.92,
                                  "Plan Rows": 166094,
                                  "Plan Width": 4,
                                  "Actual Startup Time": 0.042,
                                  "Actual Total Time": 118.297,
                                  "Actual Rows": 220688,
                                  "Actual Loops": 3,
                                  "Filter": "(production_year > 2008)",
                                  "Rows Removed by Filter": 622082
                                }
                              ]
                            }
                          ]
                        }
                      ]
                    }
                  ]
                }
              ]
            }
          ]
        }
      ]
    },
    "Planning Time": 1.439,
    "Triggers": [],
    "Execution Time": 406.369
  }
]