[
  {
    "Plan": {
      "Node Type": "Aggregate",
      "Strategy": "Plain",
      "Partial Mode": "Finalize",
      "Parallel Aware": false,
      "Startup Cost": 350123.81,
      "Total Cost": 350123.82,
      "Plan Rows": 1,
      "Plan Width": 8,
      "Actual Startup Time": 704.679,
      "Actual Total Time": 767.466,
      "Actual Rows": 1,
      "Actual Loops": 1,
      "Plans": [
        {
          "Node Type": "Gather",
          "Parent Relationship": "Outer",
          "Parallel Aware": false,
          "Startup Cost": 350123.19,
          "Total Cost": 350123.8,
          "Plan Rows": 6,
          "Plan Width": 8,
          "Actual Startup Time": 704.538,
          "Actual Total Time": 767.457,
          "Actual Rows": 7,
          "Actual Loops": 1,
          "Workers Planned": 6,
          "Workers Launched": 6,
          "Single Copy": false,
          "Plans": [
            {
              "Node Type": "Aggregate",
              "Strategy": "Plain",
              "Partial Mode": "Partial",
              "Parent Relationship": "Outer",
              "Parallel Aware": false,
              "Startup Cost": 349123.19,
              "Total Cost": 349123.2,
              "Plan Rows": 1,
              "Plan Width": 8,
              "Actual Startup Time": 694.915,
              "Actual Total Time": 694.916,
              "Actual Rows": 1,
              "Actual Loops": 7,
              "Plans": [
                {
                  "Node Type": "Seq Scan",
                  "Parent Relationship": "Outer",
                  "Parallel Aware": true,
                  "Relation Name": "cast_info",
                  "Alias": "ci",
                  "Startup Cost": 0.0,
                  "Total Cost": 343257.03,
                  "Plan Rows": 2346463,
                  "Plan Width": 0,
                  "Actual Startup Time": 336.246,
                  "Actual Total Time": 631.145,
                  "Actual Rows": 1597115,
                  "Actual Loops": 7,
                  "Filter": "((person_id < 3177948) AND (role_id > 2))",
                  "Rows Removed by Filter": 3580648
                }
              ]
            }
          ]
        }
      ]
    },
    "Planning Time": 0.224,
    "Triggers": [],
    "Execution Time": 767.537
  }
]