[
  {
    "Plan": {
      "Node Type": "Aggregate",
      "Strategy": "Plain",
      "Partial Mode": "Finalize",
      "Parallel Aware": false,
      "Startup Cost": 9728.41,
      "Total Cost": 9728.42,
      "Plan Rows": 1,
      "Plan Width": 8,
      "Actual Startup Time": 30.153,
      "Actual Total Time": 32.201,
      "Actual Rows": 1,
      "Actual Loops": 1,
      "Plans": [
        {
          "Node Type": "Gather",
          "Parent Relationship": "Outer",
          "Parallel Aware": false,
          "Startup Cost": 9728.09,
          "Total Cost": 9728.4,
          "Plan Rows": 3,
          "Plan Width": 8,
          "Actual Startup Time": 30.07,
          "Actual Total Time": 32.193,
          "Actual Rows": 4,
          "Actual Loops": 1,
          "Workers Planned": 3,
          "Workers Launched": 3,
          "Single Copy": false,
          "Plans": [
            {
              "Node Type": "Aggregate",
              "Strategy": "Plain",
              "Partial Mode": "Partial",
              "Parent Relationship": "Outer",
              "Parallel Aware": false,
              "Startup Cost": 8728.09,
              "Total Cost": 8728.1,
              "Plan Rows": 1,
              "Plan Width": 8,
              "Actual Startup Time": 24.03,
              "Actual Total Time": 24.031,
              "Actual Rows": 1,
              "Actual Loops": 4,
              "Plans": [
                {
                  "Node Type": "Index Scan",
                  "Parent Relationship": "Outer",
                  "Parallel Aware": true,
                  "Scan Direction": "Forward",
                  "Index Name": "role_id_cast_info",
                  "Relation Name": "cast_info",
                  "Alias": "ci",
                  "Startup Cost": 0.56,
                  "Total Cost": 8600.37,
                  "Plan Rows": 51087,
                  "Plan Width": 0,
                  "Actual Startup Time": 0.103,
                  "Actual Total Time": 22.463,
                  "Actual Rows": 18513,
                  "Actual Loops": 4,
                  "Index Cond": "(role_id > 10)",
                  "Rows Removed by Index Recheck": 0,
                  "Filter": "(person_id < 1933242)",
                  "Rows Removed by Filter": 60517
                }
              ]
            }
          ]
        }
      ]
    },
    "Planning Time": 0.213,
    "Triggers": [],
    "Execution Time": 32.26
  }
]