{
  "Plan": {
    "Node Type": "Aggregate",
    "Strategy": "Plain",
    "Partial Mode": "Finalize",
    "Parallel Aware": false,
    "Startup Cost": 294421.89,
    "Total Cost": 294421.9,
    "Plan Rows": 1,
    "Plan Width": 8,
    "Actual Startup Time": 1253.656,
    "Actual Total Time": 1286.352,
    "Actual Rows": 1,
    "Actual Loops": 1,
    "Plans": [
      {
        "Node Type": "Gather",
        "Parent Relationship": "Outer",
        "Parallel Aware": false,
        "Startup Cost": 294421.77,
        "Total Cost": 294421.88,
        "Plan Rows": 1,
        "Plan Width": 8,
        "Actual Startup Time": 1251.095,
        "Actual Total Time": 1286.346,
        "Actual Rows": 2,
        "Actual Loops": 1,
        "Workers Planned": 1,
        "Workers Launched": 1,
        "Single Copy": false,
        "Plans": [
          {
            "Node Type": "Aggregate",
            "Strategy": "Plain",
            "Partial Mode": "Partial",
            "Parent Relationship": "Outer",
            "Parallel Aware": false,
            "Startup Cost": 293421.77,
            "Total Cost": 293421.78,
            "Plan Rows": 1,
            "Plan Width": 8,
            "Actual Startup Time": 1245.068,
            "Actual Total Time": 1245.073,
            "Actual Rows": 1,
            "Actual Loops": 2,
            "Plans": [
              {
                "Node Type": "Merge Join",
                "Parent Relationship": "Outer",
                "Parallel Aware": false,
                "Join Type": "Inner",
                "Startup Cost": 124115.64,
                "Total Cost": 292836.79,
                "Plan Rows": 233992,
                "Plan Width": 0,
                "Actual Startup Time": 662.408,
                "Actual Total Time": 1238.21,
                "Actual Rows": 166398,
                "Actual Loops": 2,
                "Inner Unique": false,
                "Merge Cond": "(mk.movie_id = t.id)",
                "Plans": [
                  {
                    "Node Type": "Index Only Scan",
                    "Parent Relationship": "Outer",
                    "Parallel Aware": true,
                    "Scan Direction": "Forward",
                    "Index Name": "movie_id_movie_keyword",
                    "Relation Name": "movie_keyword",
                    "Alias": "mk",
                    "Startup Cost": 0.43,
                    "Total Cost": 158560.11,
                    "Plan Rows": 2661135,
                    "Plan Width": 4,
                    "Actual Startup Time": 0.093,
                    "Actual Total Time": 443.294,
                    "Actual Rows": 2254896,
                    "Actual Loops": 2,
                    "Heap Fetches": 4509793
                  },
                  {
                    "Node Type": "Sort",
                    "Parent Relationship": "Inner",
                    "Parallel Aware": false,
                    "Startup Cost": 124115.08,
                    "Total Cost": 124670.86,
                    "Plan Rows": 222311,
                    "Plan Width": 8,
                    "Actual Startup Time": 661.435,
                    "Actual Total Time": 670.274,
                    "Actual Rows": 252464,
                    "Actual Loops": 2,
                    "Sort Key": [
                      "mi_idx.movie_id"
                    ],
                    "Sort Method": "quicksort",
                    "Sort Space Used": 7725,
                    "Sort Space Type": "Memory",
                    "Workers": [
                      {
                        "Worker Number": 0,
                        "Sort Method": "quicksort",
                        "Sort Space Used": 7725,
                        "Sort Space Type": "Memory"
                      }
                    ],
                    "Plans": [
                      {
                        "Node Type": "Hash Join",
                        "Parent Relationship": "Outer",
                        "Parallel Aware": false,
                        "Join Type": "Inner",
                        "Startup Cost": 79013.44,
                        "Total Cost": 104371.4,
                        "Plan Rows": 222311,
                        "Plan Width": 8,
                        "Actual Startup Time": 362.677,
                        "Actual Total Time": 641.842,
                        "Actual Rows": 99252,
                        "Actual Loops": 2,
                        "Inner Unique": true,
                        "Hash Cond": "(mi_idx.movie_id = t.id)",
                        "Plans": [
                          {
                            "Node Type": "Seq Scan",
                            "Parent Relationship": "Outer",
                            "Parallel Aware": false,
                            "Relation Name": "movie_info_idx",
                            "Alias": "mi_idx",
                            "Startup Cost": 0.0,
                            "Total Cost": 21735.35,
                            "Plan Rows": 1380035,
                            "Plan Width": 4,
                            "Actual Startup Time": 0.059,
                            "Actual Total Time": 96.608,
                            "Actual Rows": 1380035,
                            "Actual Loops": 2
                          },
                          {
                            "Node Type": "Hash",
                            "Parent Relationship": "Inner",
                            "Parallel Aware": false,
                            "Startup Cost": 73922.39,
                            "Total Cost": 73922.39,
                            "Plan Rows": 407284,
                            "Plan Width": 4,
                            "Actual Startup Time": 356.271,
                            "Actual Total Time": 356.273,
                            "Actual Rows": 436028,
                            "Actual Loops": 2,
                            "Hash Buckets": 524288,
                            "Original Hash Buckets": 524288,
                            "Hash Batches": 1,
                            "Original Hash Batches": 1,
                            "Peak Memory Usage": 19426,
                            "Plans": [
                              {
                                "Node Type": "Seq Scan",
                                "Parent Relationship": "Outer",
                                "Parallel Aware": false,
                                "Relation Name": "title",
                                "Alias": "t",
                                "Startup Cost": 0.0,
                                "Total Cost": 73922.39,
                                "Plan Rows": 407284,
                                "Plan Width": 4,
                                "Actual Startup Time": 0.045,
                                "Actual Total Time": 257.94,
                                "Actual Rows": 436028,
                                "Actual Loops": 2,
                                "Filter": "((kind_id > 4) AND (production_year > 2008))",
                                "Rows Removed by Filter": 2092284
                              }
                            ]
                          }
                        ]
                      }
                    ]
                  }
                ]
              }
            ]
          }
        ]
      }
    ]
  },
  "Planning Time": 1.029,
  "Triggers": [],
  "Execution Time": 1286.666
}