[
  {
    "Plan": {
      "Node Type": "Aggregate",
      "Strategy": "Plain",
      "Partial Mode": "Finalize",
      "Parallel Aware": false,
      "Startup Cost": 335195.17,
      "Total Cost": 335195.18,
      "Plan Rows": 1,
      "Plan Width": 8,
      "Actual Startup Time": 636.69,
      "Actual Total Time": 694.249,
      "Actual Rows": 1,
      "Actual Loops": 1,
      "Plans": [
        {
          "Node Type": "Gather",
          "Parent Relationship": "Outer",
          "Parallel Aware": false,
          "Startup Cost": 335194.54,
          "Total Cost": 335195.15,
          "Plan Rows": 6,
          "Plan Width": 8,
          "Actual Startup Time": 636.581,
          "Actual Total Time": 694.24,
          "Actual Rows": 7,
          "Actual Loops": 1,
          "Workers Planned": 6,
          "Workers Launched": 6,
          "Single Copy": false,
          "Plans": [
            {
              "Node Type": "Aggregate",
              "Strategy": "Plain",
              "Partial Mode": "Partial",
              "Parent Relationship": "Outer",
              "Parallel Aware": false,
              "Startup Cost": 334194.54,
              "Total Cost": 334194.55,
              "Plan Rows": 1,
              "Plan Width": 8,
              "Actual Startup Time": 626.211,
              "Actual Total Time": 626.212,
              "Actual Rows": 1,
              "Actual Loops": 7,
              "Plans": [
                {
                  "Node Type": "Seq Scan",
                  "Parent Relationship": "Outer",
                  "Parallel Aware": true,
                  "Relation Name": "cast_info",
                  "Alias": "ci",
                  "Startup Cost": 0.0,
                  "Total Cost": 328162.03,
                  "Plan Rows": 2413006,
                  "Plan Width": 0,
                  "Actual Startup Time": 228.552,
                  "Actual Total Time": 543.009,
                  "Actual Rows": 2059927,
                  "Actual Loops": 7,
                  "Filter": "(person_id > 2218700)",
                  "Rows Removed by Filter": 3117837
                }
              ]
            }
          ]
        }
      ]
    },
    "Planning Time": 0.174,
    "Triggers": [],
    "Execution Time": 694.322
  }
]