[
  {
    "Plan": {
      "Node Type": "Aggregate",
      "Strategy": "Plain",
      "Partial Mode": "Finalize",
      "Parallel Aware": false,
      "Startup Cost": 273588.88,
      "Total Cost": 273588.89,
      "Plan Rows": 1,
      "Plan Width": 8,
      "Actual Startup Time": 1647.697,
      "Actual Total Time": 1691.336,
      "Actual Rows": 1,
      "Actual Loops": 1,
      "Plans": [
        {
          "Node Type": "Gather",
          "Parent Relationship": "Outer",
          "Parallel Aware": false,
          "Startup Cost": 273588.66,
          "Total Cost": 273588.87,
          "Plan Rows": 2,
          "Plan Width": 8,
          "Actual Startup Time": 1631.121,
          "Actual Total Time": 1691.325,
          "Actual Rows": 3,
          "Actual Loops": 1,
          "Workers Planned": 2,
          "Workers Launched": 2,
          "Single Copy": false,
          "Plans": [
            {
              "Node Type": "Aggregate",
              "Strategy": "Plain",
              "Partial Mode": "Partial",
              "Parent Relationship": "Outer",
              "Parallel Aware": false,
              "Startup Cost": 272588.66,
              "Total Cost": 272588.67,
              "Plan Rows": 1,
              "Plan Width": 8,
              "Actual Startup Time": 1625.625,
              "Actual Total Time": 1626.455,
              "Actual Rows": 1,
              "Actual Loops": 3,
              "Plans": [
                {
                  "Node Type": "Hash Join",
                  "Parent Relationship": "Outer",
                  "Parallel Aware": true,
                  "Join Type": "Inner",
                  "Startup Cost": 254957.74,
                  "Total Cost": 271594.52,
                  "Plan Rows": 397659,
                  "Plan Width": 0,
                  "Actual Startup Time": 1400.342,
                  "Actual Total Time": 1593.162,
                  "Actual Rows": 678541,
                  "Actual Loops": 3,
                  "Inner Unique": false,
                  "Hash Cond": "(mi_idx.movie_id = t.id)",
                  "Plans": [
                    {
                      "Node Type": "Seq Scan",
                      "Parent Relationship": "Outer",
                      "Parallel Aware": true,
                      "Relation Name": "movie_info_idx",
                      "Alias": "mi_idx",
                      "Startup Cost": 0.0,
                      "Total Cost": 13685.15,
                      "Plan Rows": 575015,
                      "Plan Width": 4,
                      "Actual Startup Time": 0.017,
                      "Actual Total Time": 41.068,
                      "Actual Rows": 460012,
                      "Actual Loops": 3
                    },
                    {
                      "Node Type": "Hash",
                      "Parent Relationship": "Inner",
                      "Parallel Aware": true,
                      "Startup Cost": 250586.33,
                      "Total Cost": 250586.33,
                      "Plan Rows": 349713,
                      "Plan Width": 8,
                      "Actual Startup Time": 1395.136,
                      "Actual Total Time": 1395.965,
                      "Actual Rows": 605791,
                      "Actual Loops": 3,
                      "Hash Buckets": 2097152,
                      "Original Hash Buckets": 2097152,
                      "Hash Batches": 1,
                      "Original Hash Batches": 1,
                      "Peak Memory Usage": 87552,
                      "Plans": [
                        {
                          "Node Type": "Hash Join",
                          "Parent Relationship": "Outer",
                          "Parallel Aware": true,
                          "Join Type": "Inner",
                          "Startup Cost": 50354.42,
                          "Total Cost": 250586.33,
                          "Plan Rows": 349713,
                          "Plan Width": 8,
                          "Actual Startup Time": 441.389,
                          "Actual Total Time": 1194.583,
                          "Actual Rows": 605791,
                          "Actual Loops": 3,
                          "Inner Unique": true,
                          "Hash Cond": "(mi.movie_id = t.id)",
                          "Plans": [
                            {
                              "Node Type": "Seq Scan",
                              "Parent Relationship": "Outer",
                              "Parallel Aware": true,
                              "Relation Name": "movie_info",
                              "Alias": "mi",
                              "Startup Cost": 0.0,
                              "Total Cost": 199108.24,
                              "Plan Rows": 428064,
                              "Plan Width": 4,
                              "Actual Startup Time": 51.787,
                              "Actual Total Time": 487.555,
                              "Actual Rows": 697023,
                              "Actual Loops": 3,
                              "Filter": "(info_type_id < 3)",
                              "Rows Removed by Filter": 4248217
                            },
                            {
                              "Node Type": "Hash",
                              "Parent Relationship": "Inner",
                              "Parallel Aware": true,
                              "Startup Cost": 43899.32,
                              "Total Cost": 43899.32,
                              "Plan Rows": 516408,
                              "Plan Width": 4,
                              "Actual Startup Time": 385.43,
                              "Actual Total Time": 385.432,
                              "Actual Rows": 688184,
                              "Actual Loops": 3,
                              "Hash Buckets": 2097152,
                              "Original Hash Buckets": 2097152,
                              "Hash Batches": 1,
                              "Original Hash Batches": 1,
                              "Peak Memory Usage": 97184,
                              "Plans": [
                                {
                                  "Node Type": "Seq Scan",
                                  "Parent Relationship": "Outer",
                                  "Parallel Aware": true,
                                  "Relation Name": "title",
                                  "Alias": "t",
                                  "Startup Cost": 0.0,
                                  "Total Cost": 43899.32,
                                  "Plan Rows": 516408,
                                  "Plan Width": 4,
                                  "Actual Startup Time": 0.049,
                                  "Actual Total Time": 159.075,
                                  "Actual Rows": 688184,
                                  "Actual Loops": 3,
                                  "Filter": "(production_year < 2011)",
                                  "Rows Removed by Filter": 154587
                                }
                              ]
                            }
                          ]
                        }
                      ]
                    }
                  ]
                }
              ]
            }
          ]
        }
      ]
    },
    "Planning Time": 0.475,
    "Triggers": [],
    "Execution Time": 1691.381
  }
]