[
  {
    "Plan": {
      "Node Type": "Aggregate",
      "Strategy": "Plain",
      "Partial Mode": "Finalize",
      "Parallel Aware": false,
      "Startup Cost": 65447.16,
      "Total Cost": 65447.17,
      "Plan Rows": 1,
      "Plan Width": 8,
      "Actual Startup Time": 280.966,
      "Actual Total Time": 292.903,
      "Actual Rows": 1,
      "Actual Loops": 1,
      "Plans": [
        {
          "Node Type": "Gather",
          "Parent Relationship": "Outer",
          "Parallel Aware": false,
          "Startup Cost": 65446.74,
          "Total Cost": 65447.15,
          "Plan Rows": 4,
          "Plan Width": 8,
          "Actual Startup Time": 277.445,
          "Actual Total Time": 292.893,
          "Actual Rows": 5,
          "Actual Loops": 1,
          "Workers Planned": 4,
          "Workers Launched": 4,
          "Single Copy": false,
          "Plans": [
            {
              "Node Type": "Aggregate",
              "Strategy": "Plain",
              "Partial Mode": "Partial",
              "Parent Relationship": "Outer",
              "Parallel Aware": false,
              "Startup Cost": 64446.74,
              "Total Cost": 64446.75,
              "Plan Rows": 1,
              "Plan Width": 8,
              "Actual Startup Time": 268.003,
              "Actual Total Time": 268.006,
              "Actual Rows": 1,
              "Actual Loops": 5,
              "Plans": [
                {
                  "Node Type": "Hash Join",
                  "Parent Relationship": "Outer",
                  "Parallel Aware": true,
                  "Join Type": "Inner",
                  "Startup Cost": 17523.61,
                  "Total Cost": 64169.12,
                  "Plan Rows": 111046,
                  "Plan Width": 0,
                  "Actual Startup Time": 76.177,
                  "Actual Total Time": 263.993,
                  "Actual Rows": 91413,
                  "Actual Loops": 5,
                  "Inner Unique": false,
                  "Hash Cond": "(t.id = mi_idx.movie_id)",
                  "Plans": [
                    {
                      "Node Type": "Seq Scan",
                      "Parent Relationship": "Outer",
                      "Parallel Aware": true,
                      "Relation Name": "title",
                      "Alias": "t",
                      "Startup Cost": 0.0,
                      "Total Cost": 43898.92,
                      "Plan Rows": 609043,
                      "Plan Width": 4,
                      "Actual Startup Time": 0.018,
                      "Actual Total Time": 80.889,
                      "Actual Rows": 486342,
                      "Actual Loops": 5,
                      "Filter": "(production_year > 1909)",
                      "Rows Removed by Filter": 19320
                    },
                    {
                      "Node Type": "Hash",
                      "Parent Relationship": "Inner",
                      "Parallel Aware": true,
                      "Startup Cost": 15122.68,
                      "Total Cost": 15122.68,
                      "Plan Rows": 192074,
                      "Plan Width": 4,
                      "Actual Startup Time": 73.103,
                      "Actual Total Time": 73.104,
                      "Actual Rows": 92037,
                      "Actual Loops": 5,
                      "Hash Buckets": 524288,
                      "Original Hash Buckets": 524288,
                      "Hash Batches": 1,
                      "Original Hash Batches": 1,
                      "Peak Memory Usage": 22176,
                      "Plans": [
                        {
                          "Node Type": "Seq Scan",
                          "Parent Relationship": "Outer",
                          "Parallel Aware": true,
                          "Relation Name": "movie_info_idx",
                          "Alias": "mi_idx",
                          "Startup Cost": 0.0,
                          "Total Cost": 15122.68,
                          "Plan Rows": 192074,
                          "Plan Width": 4,
                          "Actual Startup Time": 0.063,
                          "Actual Total Time": 38.132,
                          "Actual Rows": 92037,
                          "Actual Loops": 5,
                          "Filter": "(info_type_id > 100)",
                          "Rows Removed by Filter": 183970
                        }
                      ]
                    }
                  ]
                }
              ]
            }
          ]
        }
      ]
    },
    "Planning Time": 0.531,
    "Triggers": [],
    "Execution Time": 292.995
  }
]