[
  {
    "Plan": {
      "Node Type": "Aggregate",
      "Strategy": "Plain",
      "Partial Mode": "Finalize",
      "Parallel Aware": false,
      "Startup Cost": 248404.46,
      "Total Cost": 248404.47,
      "Plan Rows": 1,
      "Plan Width": 8,
      "Actual Startup Time": 424.193,
      "Actual Total Time": 447.47,
      "Actual Rows": 1,
      "Actual Loops": 1,
      "Plans": [
        {
          "Node Type": "Gather",
          "Parent Relationship": "Outer",
          "Parallel Aware": false,
          "Startup Cost": 248404.04,
          "Total Cost": 248404.45,
          "Plan Rows": 4,
          "Plan Width": 8,
          "Actual Startup Time": 423.514,
          "Actual Total Time": 447.461,
          "Actual Rows": 5,
          "Actual Loops": 1,
          "Workers Planned": 4,
          "Workers Launched": 4,
          "Single Copy": false,
          "Plans": [
            {
              "Node Type": "Aggregate",
              "Strategy": "Plain",
              "Partial Mode": "Partial",
              "Parent Relationship": "Outer",
              "Parallel Aware": false,
              "Startup Cost": 247404.04,
              "Total Cost": 247404.05,
              "Plan Rows": 1,
              "Plan Width": 8,
              "Actual Startup Time": 414.044,
              "Actual Total Time": 414.046,
              "Actual Rows": 1,
              "Actual Loops": 5,
              "Plans": [
                {
                  "Node Type": "Hash Join",
                  "Parent Relationship": "Outer",
                  "Parallel Aware": true,
                  "Join Type": "Inner",
                  "Startup Cost": 198468.96,
                  "Total Cost": 247226.67,
                  "Plan Rows": 70948,
                  "Plan Width": 0,
                  "Actual Startup Time": 285.891,
                  "Actual Total Time": 414.023,
                  "Actual Rows": 34,
                  "Actual Loops": 5,
                  "Inner Unique": false,
                  "Hash Cond": "(t.id = ci.movie_id)",
                  "Plans": [
                    {
                      "Node Type": "Seq Scan",
                      "Parent Relationship": "Outer",
                      "Parallel Aware": true,
                      "Relation Name": "title",
                      "Alias": "t",
                      "Startup Cost": 0.0,
                      "Total Cost": 42318.73,
                      "Plan Rows": 632073,
                      "Plan Width": 4,
                      "Actual Startup Time": 0.012,
                      "Actual Total Time": 70.498,
                      "Actual Rows": 505662,
                      "Actual Loops": 5
                    },
                    {
                      "Node Type": "Hash",
                      "Parent Relationship": "Inner",
                      "Parallel Aware": true,
                      "Startup Cost": 197877.72,
                      "Total Cost": 197877.72,
                      "Plan Rows": 47299,
                      "Plan Width": 4,
                      "Actual Startup Time": 282.115,
                      "Actual Total Time": 282.116,
                      "Actual Rows": 34,
                      "Actual Loops": 5,
                      "Hash Buckets": 524288,
                      "Original Hash Buckets": 524288,
                      "Hash Batches": 1,
                      "Original Hash Batches": 1,
                      "Peak Memory Usage": 4256,
                      "Plans": [
                        {
                          "Node Type": "Index Scan",
                          "Parent Relationship": "Outer",
                          "Parallel Aware": true,
                          "Scan Direction": "Forward",
                          "Index Name": "role_id_cast_info",
                          "Relation Name": "cast_info",
                          "Alias": "ci",
                          "Startup Cost": 0.56,
                          "Total Cost": 197877.72,
                          "Plan Rows": 47299,
                          "Plan Width": 4,
                          "Actual Startup Time": 10.244,
                          "Actual Total Time": 281.169,
                          "Actual Rows": 34,
                          "Actual Loops": 5,
                          "Index Cond": "(role_id = 2)",
                          "Rows Removed by Index Recheck": 0,
                          "Filter": "(person_id < 144203)",
                          "Rows Removed by Filter": 1490360
                        }
                      ]
                    }
                  ]
                }
              ]
            }
          ]
        }
      ]
    },
    "Planning Time": 0.588,
    "Triggers": [],
    "Execution Time": 447.549
  }
]