[
  {
    "Plan": {
      "Node Type": "Aggregate",
      "Strategy": "Plain",
      "Partial Mode": "Finalize",
      "Parallel Aware": false,
      "Startup Cost": 97449.71,
      "Total Cost": 97449.72,
      "Plan Rows": 1,
      "Plan Width": 8,
      "Actual Startup Time": 743.006,
      "Actual Total Time": 763.125,
      "Actual Rows": 1,
      "Actual Loops": 1,
      "Plans": [
        {
          "Node Type": "Gather",
          "Parent Relationship": "Outer",
          "Parallel Aware": false,
          "Startup Cost": 97449.39,
          "Total Cost": 97449.7,
          "Plan Rows": 3,
          "Plan Width": 8,
          "Actual Startup Time": 726.933,
          "Actual Total Time": 763.114,
          "Actual Rows": 4,
          "Actual Loops": 1,
          "Workers Planned": 3,
          "Workers Launched": 3,
          "Single Copy": false,
          "Plans": [
            {
              "Node Type": "Aggregate",
              "Strategy": "Plain",
              "Partial Mode": "Partial",
              "Parent Relationship": "Outer",
              "Parallel Aware": false,
              "Startup Cost": 96449.39,
              "Total Cost": 96449.4,
              "Plan Rows": 1,
              "Plan Width": 8,
              "Actual Startup Time": 713.217,
              "Actual Total Time": 713.221,
              "Actual Rows": 1,
              "Actual Loops": 4,
              "Plans": [
                {
                  "Node Type": "Hash Join",
                  "Parent Relationship": "Outer",
                  "Parallel Aware": true,
                  "Join Type": "Inner",
                  "Startup Cost": 50516.1,
                  "Total Cost": 93394.18,
                  "Plan Rows": 1222085,
                  "Plan Width": 0,
                  "Actual Startup Time": 355.321,
                  "Actual Total Time": 667.401,
                  "Actual Rows": 895962,
                  "Actual Loops": 4,
                  "Inner Unique": true,
                  "Hash Cond": "(mk.movie_id = t.id)",
                  "Plans": [
                    {
                      "Node Type": "Seq Scan",
                      "Parent Relationship": "Outer",
                      "Parallel Aware": true,
                      "Relation Name": "movie_keyword",
                      "Alias": "mk",
                      "Startup Cost": 0.0,
                      "Total Cost": 39047.32,
                      "Plan Rows": 1459332,
                      "Plan Width": 4,
                      "Actual Startup Time": 0.031,
                      "Actual Total Time": 101.288,
                      "Actual Rows": 1130982,
                      "Actual Loops": 4
                    },
                    {
                      "Node Type": "Hash",
                      "Parent Relationship": "Inner",
                      "Parallel Aware": true,
                      "Startup Cost": 43899.32,
                      "Total Cost": 43899.32,
                      "Plan Rows": 529342,
                      "Plan Width": 4,
                      "Actual Startup Time": 345.382,
                      "Actual Total Time": 345.383,
                      "Actual Rows": 526034,
                      "Actual Loops": 4,
                      "Hash Buckets": 4194304,
                      "Original Hash Buckets": 4194304,
                      "Hash Batches": 1,
                      "Original Hash Batches": 1,
                      "Peak Memory Usage": 115136,
                      "Plans": [
                        {
                          "Node Type": "Seq Scan",
                          "Parent Relationship": "Outer",
                          "Parallel Aware": true,
                          "Relation Name": "title",
                          "Alias": "t",
                          "Startup Cost": 0.0,
                          "Total Cost": 43899.32,
                          "Plan Rows": 529342,
                          "Plan Width": 4,
                          "Actual Startup Time": 0.041,
                          "Actual Total Time": 121.768,
                          "Actual Rows": 526034,
                          "Actual Loops": 4,
                          "Filter": "(production_year > 1968)",
                          "Rows Removed by Filter": 106044
                        }
                      ]
                    }
                  ]
                }
              ]
            }
          ]
        }
      ]
    },
    "Planning Time": 0.274,
    "Triggers": [],
    "Execution Time": 763.168
  }
]