[
  {
    "Plan": {
      "Node Type": "Aggregate",
      "Strategy": "Plain",
      "Partial Mode": "Finalize",
      "Parallel Aware": false,
      "Startup Cost": 343285.5,
      "Total Cost": 343285.51,
      "Plan Rows": 1,
      "Plan Width": 8,
      "Actual Startup Time": 1020.7,
      "Actual Total Time": 1068.066,
      "Actual Rows": 1,
      "Actual Loops": 1,
      "Plans": [
        {
          "Node Type": "Gather",
          "Parent Relationship": "Outer",
          "Parallel Aware": false,
          "Startup Cost": 343284.87,
          "Total Cost": 343285.48,
          "Plan Rows": 6,
          "Plan Width": 8,
          "Actual Startup Time": 1020.495,
          "Actual Total Time": 1068.053,
          "Actual Rows": 7,
          "Actual Loops": 1,
          "Workers Planned": 6,
          "Workers Launched": 6,
          "Single Copy": false,
          "Plans": [
            {
              "Node Type": "Aggregate",
              "Strategy": "Plain",
              "Partial Mode": "Partial",
              "Parent Relationship": "Outer",
              "Parallel Aware": false,
              "Startup Cost": 342284.87,
              "Total Cost": 342284.88,
              "Plan Rows": 1,
              "Plan Width": 8,
              "Actual Startup Time": 1010.666,
              "Actual Total Time": 1010.668,
              "Actual Rows": 1,
              "Actual Loops": 7,
              "Plans": [
                {
                  "Node Type": "Seq Scan",
                  "Parent Relationship": "Outer",
                  "Parallel Aware": true,
                  "Relation Name": "cast_info",
                  "Alias": "ci",
                  "Startup Cost": 0.0,
                  "Total Cost": 328211.39,
                  "Plan Rows": 5629392,
                  "Plan Width": 0,
                  "Actual Startup Time": 0.075,
                  "Actual Total Time": 737.499,
                  "Actual Rows": 4834156,
                  "Actual Loops": 7,
                  "Filter": "(person_id < 3592845)",
                  "Rows Removed by Filter": 343607
                }
              ]
            }
          ]
        }
      ]
    },
    "Planning Time": 0.081,
    "Triggers": [],
    "Execution Time": 1068.112
  }
]