[
  {
    "Plan": {
      "Node Type": "Aggregate",
      "Strategy": "Plain",
      "Partial Mode": "Finalize",
      "Parallel Aware": false,
      "Startup Cost": 37466.09,
      "Total Cost": 37466.1,
      "Plan Rows": 1,
      "Plan Width": 8,
      "Actual Startup Time": 108.604,
      "Actual Total Time": 115.321,
      "Actual Rows": 1,
      "Actual Loops": 1,
      "Plans": [
        {
          "Node Type": "Gather",
          "Parent Relationship": "Outer",
          "Parallel Aware": false,
          "Startup Cost": 37465.78,
          "Total Cost": 37466.09,
          "Plan Rows": 3,
          "Plan Width": 8,
          "Actual Startup Time": 108.332,
          "Actual Total Time": 115.312,
          "Actual Rows": 4,
          "Actual Loops": 1,
          "Workers Planned": 3,
          "Workers Launched": 3,
          "Single Copy": false,
          "Plans": [
            {
              "Node Type": "Aggregate",
              "Strategy": "Plain",
              "Partial Mode": "Partial",
              "Parent Relationship": "Outer",
              "Parallel Aware": false,
              "Startup Cost": 36465.78,
              "Total Cost": 36465.79,
              "Plan Rows": 1,
              "Plan Width": 8,
              "Actual Startup Time": 104.524,
              "Actual Total Time": 104.53,
              "Actual Rows": 1,
              "Actual Loops": 4,
              "Plans": [
                {
                  "Node Type": "Bitmap Heap Scan",
                  "Parent Relationship": "Outer",
                  "Parallel Aware": true,
                  "Relation Name": "movie_keyword",
                  "Alias": "mk",
                  "Startup Cost": 9781.15,
                  "Total Cost": 36094.01,
                  "Plan Rows": 148708,
                  "Plan Width": 0,
                  "Actual Startup Time": 28.407,
                  "Actual Total Time": 97.436,
                  "Actual Rows": 115699,
                  "Actual Loops": 4,
                  "Recheck Cond": "(keyword_id < 351)",
                  "Rows Removed by Index Recheck": 0,
                  "Exact Heap Blocks": 10443,
                  "Lossy Heap Blocks": 0,
                  "Plans": [
                    {
                      "Node Type": "Bitmap Index Scan",
                      "Parent Relationship": "Outer",
                      "Parallel Aware": false,
                      "Index Name": "keyword_id_movie_keyword",
                      "Startup Cost": 0.0,
                      "Total Cost": 9665.9,
                      "Plan Rows": 460996,
                      "Plan Width": 0,
                      "Actual Startup Time": 28.337,
                      "Actual Total Time": 28.338,
                      "Actual Rows": 462796,
                      "Actual Loops": 1,
                      "Index Cond": "(keyword_id < 351)"
                    }
                  ]
                }
              ]
            }
          ]
        }
      ]
    },
    "Planning Time": 0.09,
    "Triggers": [],
    "Execution Time": 115.372
  }
]