[
  {
    "Plan": {
      "Node Type": "Aggregate",
      "Strategy": "Plain",
      "Partial Mode": "Finalize",
      "Parallel Aware": false,
      "Startup Cost": 37094.23,
      "Total Cost": 37094.24,
      "Plan Rows": 1,
      "Plan Width": 8,
      "Actual Startup Time": 137.111,
      "Actual Total Time": 146.12,
      "Actual Rows": 1,
      "Actual Loops": 1,
      "Plans": [
        {
          "Node Type": "Gather",
          "Parent Relationship": "Outer",
          "Parallel Aware": false,
          "Startup Cost": 37093.91,
          "Total Cost": 37094.22,
          "Plan Rows": 3,
          "Plan Width": 8,
          "Actual Startup Time": 136.833,
          "Actual Total Time": 146.109,
          "Actual Rows": 4,
          "Actual Loops": 1,
          "Workers Planned": 3,
          "Workers Launched": 3,
          "Single Copy": false,
          "Plans": [
            {
              "Node Type": "Aggregate",
              "Strategy": "Plain",
              "Partial Mode": "Partial",
              "Parent Relationship": "Outer",
              "Parallel Aware": false,
              "Startup Cost": 36093.91,
              "Total Cost": 36093.92,
              "Plan Rows": 1,
              "Plan Width": 8,
              "Actual Startup Time": 130.513,
              "Actual Total Time": 130.529,
              "Actual Rows": 1,
              "Actual Loops": 4,
              "Plans": [
                {
                  "Node Type": "Bitmap Heap Scan",
                  "Parent Relationship": "Outer",
                  "Parallel Aware": true,
                  "Relation Name": "movie_keyword",
                  "Alias": "mk",
                  "Startup Cost": 9478.42,
                  "Total Cost": 35733.66,
                  "Plan Rows": 144099,
                  "Plan Width": 0,
                  "Actual Startup Time": 48.771,
                  "Actual Total Time": 122.552,
                  "Actual Rows": 115699,
                  "Actual Loops": 4,
                  "Recheck Cond": "(keyword_id < 351)",
                  "Rows Removed by Index Recheck": 0,
                  "Exact Heap Blocks": 8491,
                  "Lossy Heap Blocks": 0,
                  "Plans": [
                    {
                      "Node Type": "Bitmap Index Scan",
                      "Parent Relationship": "Outer",
                      "Parallel Aware": false,
                      "Index Name": "keyword_id_movie_keyword",
                      "Startup Cost": 0.0,
                      "Total Cost": 9366.74,
                      "Plan Rows": 446708,
                      "Plan Width": 0,
                      "Actual Startup Time": 48.495,
                      "Actual Total Time": 48.496,
                      "Actual Rows": 462796,
                      "Actual Loops": 1,
                      "Index Cond": "(keyword_id < 351)"
                    }
                  ]
                }
              ]
            }
          ]
        }
      ]
    },
    "Planning Time": 0.195,
    "Triggers": [],
    "Execution Time": 146.2
  }
]