{
  "Plan": {
    "Node Type": "Aggregate",
    "Strategy": "Plain",
    "Partial Mode": "Finalize",
    "Parallel Aware": false,
    "Startup Cost": 593476.89,
    "Total Cost": 593476.9,
    "Plan Rows": 1,
    "Plan Width": 8,
    "Actual Startup Time": 1336.501,
    "Actual Total Time": 1381.046,
    "Actual Rows": 1,
    "Actual Loops": 1,
    "Plans": [
      {
        "Node Type": "Gather",
        "Parent Relationship": "Outer",
        "Parallel Aware": false,
        "Startup Cost": 593476.78,
        "Total Cost": 593476.89,
        "Plan Rows": 1,
        "Plan Width": 8,
        "Actual Startup Time": 1336.252,
        "Actual Total Time": 1381.038,
        "Actual Rows": 2,
        "Actual Loops": 1,
        "Workers Planned": 1,
        "Workers Launched": 1,
        "Single Copy": false,
        "Plans": [
          {
            "Node Type": "Aggregate",
            "Strategy": "Plain",
            "Partial Mode": "Partial",
            "Parent Relationship": "Outer",
            "Parallel Aware": false,
            "Startup Cost": 592476.78,
            "Total Cost": 592476.79,
            "Plan Rows": 1,
            "Plan Width": 8,
            "Actual Startup Time": 1330.39,
            "Actual Total Time": 1330.394,
            "Actual Rows": 1,
            "Actual Loops": 2,
            "Plans": [
              {
                "Node Type": "Hash Join",
                "Parent Relationship": "Outer",
                "Parallel Aware": true,
                "Join Type": "Inner",
                "Startup Cost": 58678.1,
                "Total Cost": 592344.92,
                "Plan Rows": 52745,
                "Plan Width": 0,
                "Actual Startup Time": 144.658,
                "Actual Total Time": 1328.475,
                "Actual Rows": 29854,
                "Actual Loops": 2,
                "Inner Unique": true,
                "Hash Cond": "(ci.movie_id = t.id)",
                "Plans": [
                  {
                    "Node Type": "Index Scan",
                    "Parent Relationship": "Outer",
                    "Parallel Aware": true,
                    "Scan Direction": "Forward",
                    "Index Name": "role_id_cast_info",
                    "Relation Name": "cast_info",
                    "Alias": "ci",
                    "Startup Cost": 0.56,
                    "Total Cost": 526730.69,
                    "Plan Rows": 2642548,
                    "Plan Width": 4,
                    "Actual Startup Time": 0.058,
                    "Actual Total Time": 1016.461,
                    "Actual Rows": 1400292,
                    "Actual Loops": 2,
                    "Index Cond": "(role_id > 2)",
                    "Rows Removed by Index Recheck": 0,
                    "Filter": "(person_id < 983080)",
                    "Rows Removed by Filter": 6660550
                  },
                  {
                    "Node Type": "Hash",
                    "Parent Relationship": "Inner",
                    "Parallel Aware": true,
                    "Startup Cost": 58306.47,
                    "Total Cost": 58306.47,
                    "Plan Rows": 29685,
                    "Plan Width": 4,
                    "Actual Startup Time": 143.295,
                    "Actual Total Time": 143.296,
                    "Actual Rows": 22006,
                    "Actual Loops": 2,
                    "Hash Buckets": 65536,
                    "Original Hash Buckets": 65536,
                    "Hash Batches": 1,
                    "Original Hash Batches": 1,
                    "Peak Memory Usage": 2272,
                    "Plans": [
                      {
                        "Node Type": "Seq Scan",
                        "Parent Relationship": "Outer",
                        "Parallel Aware": true,
                        "Relation Name": "title",
                        "Alias": "t",
                        "Startup Cost": 0.0,
                        "Total Cost": 58306.47,
                        "Plan Rows": 29685,
                        "Plan Width": 4,
                        "Actual Startup Time": 0.166,
                        "Actual Total Time": 137.746,
                        "Actual Rows": 22006,
                        "Actual Loops": 2,
                        "Filter": "((kind_id < 7) AND (production_year = 2009))",
                        "Rows Removed by Filter": 1242150
                      }
                    ]
                  }
                ]
              }
            ]
          }
        ]
      }
    ]
  },
  "Planning Time": 0.505,
  "Triggers": [],
  "Execution Time": 1381.135
}