{
  "Plan": {
    "Node Type": "Aggregate",
    "Strategy": "Plain",
    "Partial Mode": "Finalize",
    "Parallel Aware": false,
    "Startup Cost": 88621.94,
    "Total Cost": 88621.95,
    "Plan Rows": 1,
    "Plan Width": 8,
    "Actual Startup Time": 76.949,
    "Actual Total Time": 86.024,
    "Actual Rows": 1,
    "Actual Loops": 1,
    "Plans": [
      {
        "Node Type": "Gather",
        "Parent Relationship": "Outer",
        "Parallel Aware": false,
        "Startup Cost": 88621.83,
        "Total Cost": 88621.94,
        "Plan Rows": 1,
        "Plan Width": 8,
        "Actual Startup Time": 76.781,
        "Actual Total Time": 86.016,
        "Actual Rows": 2,
        "Actual Loops": 1,
        "Workers Planned": 1,
        "Workers Launched": 1,
        "Single Copy": false,
        "Plans": [
          {
            "Node Type": "Aggregate",
            "Strategy": "Plain",
            "Partial Mode": "Partial",
            "Parent Relationship": "Outer",
            "Parallel Aware": false,
            "Startup Cost": 87621.83,
            "Total Cost": 87621.84,
            "Plan Rows": 1,
            "Plan Width": 8,
            "Actual Startup Time": 70.658,
            "Actual Total Time": 70.66,
            "Actual Rows": 1,
            "Actual Loops": 2,
            "Plans": [
              {
                "Node Type": "Nested Loop",
                "Parent Relationship": "Outer",
                "Parallel Aware": false,
                "Join Type": "Inner",
                "Startup Cost": 238.1,
                "Total Cost": 87588.94,
                "Plan Rows": 13155,
                "Plan Width": 0,
                "Actual Startup Time": 7.009,
                "Actual Total Time": 68.161,
                "Actual Rows": 41489,
                "Actual Loops": 2,
                "Inner Unique": false,
                "Plans": [
                  {
                    "Node Type": "Bitmap Heap Scan",
                    "Parent Relationship": "Outer",
                    "Parallel Aware": true,
                    "Relation Name": "title",
                    "Alias": "t",
                    "Startup Cost": 237.67,
                    "Total Cost": 26177.8,
                    "Plan Rows": 7684,
                    "Plan Width": 4,
                    "Actual Startup Time": 6.869,
                    "Actual Total Time": 20.762,
                    "Actual Rows": 6300,
                    "Actual Loops": 2,
                    "Recheck Cond": "(kind_id = 6)",
                    "Rows Removed by Index Recheck": 0,
                    "Exact Heap Blocks": 5606,
                    "Lossy Heap Blocks": 0,
                    "Plans": [
                      {
                        "Node Type": "Bitmap Index Scan",
                        "Parent Relationship": "Outer",
                        "Parallel Aware": false,
                        "Index Name": "kind_id_title",
                        "Startup Cost": 0.0,
                        "Total Cost": 234.4,
                        "Plan Rows": 13063,
                        "Plan Width": 0,
                        "Actual Startup Time": 7.743,
                        "Actual Total Time": 7.743,
                        "Actual Rows": 12600,
                        "Actual Loops": 1,
                        "Index Cond": "(kind_id = 6)"
                      }
                    ]
                  },
                  {
                    "Node Type": "Index Scan",
                    "Parent Relationship": "Inner",
                    "Parallel Aware": false,
                    "Scan Direction": "Forward",
                    "Index Name": "movie_id_movie_keyword",
                    "Relation Name": "movie_keyword",
                    "Alias": "mk",
                    "Startup Cost": 0.43,
                    "Total Cost": 7.55,
                    "Plan Rows": 44,
                    "Plan Width": 4,
                    "Actual Startup Time": 0.005,
                    "Actual Total Time": 0.007,
                    "Actual Rows": 7,
                    "Actual Loops": 12600,
                    "Index Cond": "(movie_id = t.id)",
                    "Rows Removed by Index Recheck": 0,
                    "Filter": "(keyword_id > 137)",
                    "Rows Removed by Filter": 0
                  }
                ]
              }
            ]
          }
        ]
      }
    ]
  },
  "Planning Time": 0.455,
  "Triggers": [],
  "Execution Time": 86.113
}