[
  {
    "Plan": {
      "Node Type": "Aggregate",
      "Strategy": "Plain",
      "Partial Mode": "Finalize",
      "Parallel Aware": false,
      "Startup Cost": 23551.68,
      "Total Cost": 23551.69,
      "Plan Rows": 1,
      "Plan Width": 8,
      "Actual Startup Time": 34.401,
      "Actual Total Time": 36.878,
      "Actual Rows": 1,
      "Actual Loops": 1,
      "Plans": [
        {
          "Node Type": "Gather",
          "Parent Relationship": "Outer",
          "Parallel Aware": false,
          "Startup Cost": 23551.36,
          "Total Cost": 23551.67,
          "Plan Rows": 3,
          "Plan Width": 8,
          "Actual Startup Time": 34.255,
          "Actual Total Time": 36.873,
          "Actual Rows": 4,
          "Actual Loops": 1,
          "Workers Planned": 3,
          "Workers Launched": 3,
          "Single Copy": false,
          "Plans": [
            {
              "Node Type": "Aggregate",
              "Strategy": "Plain",
              "Partial Mode": "Partial",
              "Parent Relationship": "Outer",
              "Parallel Aware": false,
              "Startup Cost": 22551.36,
              "Total Cost": 22551.37,
              "Plan Rows": 1,
              "Plan Width": 8,
              "Actual Startup Time": 25.739,
              "Actual Total Time": 25.74,
              "Actual Rows": 1,
              "Actual Loops": 4,
              "Plans": [
                {
                  "Node Type": "Bitmap Heap Scan",
                  "Parent Relationship": "Outer",
                  "Parallel Aware": true,
                  "Relation Name": "movie_companies",
                  "Alias": "mc",
                  "Startup Cost": 3075.29,
                  "Total Cost": 22437.01,
                  "Plan Rows": 45738,
                  "Plan Width": 0,
                  "Actual Startup Time": 2.586,
                  "Actual Total Time": 23.052,
                  "Actual Rows": 34660,
                  "Actual Loops": 4,
                  "Recheck Cond": "(company_id > 136984)",
                  "Rows Removed by Index Recheck": 0,
                  "Exact Heap Blocks": 2238,
                  "Lossy Heap Blocks": 0,
                  "Plans": [
                    {
                      "Node Type": "Bitmap Index Scan",
                      "Parent Relationship": "Outer",
                      "Parallel Aware": false,
                      "Index Name": "company_id_movie_companies",
                      "Startup Cost": 0.0,
                      "Total Cost": 3039.84,
                      "Plan Rows": 141788,
                      "Plan Width": 0,
                      "Actual Startup Time": 9.053,
                      "Actual Total Time": 9.053,
                      "Actual Rows": 138641,
                      "Actual Loops": 1,
                      "Index Cond": "(company_id > 136984)"
                    }
                  ]
                }
              ]
            }
          ]
        }
      ]
    },
    "Planning Time": 0.085,
    "Triggers": [],
    "Execution Time": 36.924
  }
]