{
  "Plan": {
    "Node Type": "Aggregate",
    "Strategy": "Plain",
    "Partial Mode": "Finalize",
    "Parallel Aware": false,
    "Startup Cost": 700051.79,
    "Total Cost": 700051.8,
    "Plan Rows": 1,
    "Plan Width": 8,
    "Actual Startup Time": 6310.944,
    "Actual Total Time": 6378.535,
    "Actual Rows": 1,
    "Actual Loops": 1,
    "Plans": [
      {
        "Node Type": "Gather",
        "Parent Relationship": "Outer",
        "Parallel Aware": false,
        "Startup Cost": 700051.68,
        "Total Cost": 700051.79,
        "Plan Rows": 1,
        "Plan Width": 8,
        "Actual Startup Time": 6307.263,
        "Actual Total Time": 6378.523,
        "Actual Rows": 2,
        "Actual Loops": 1,
        "Workers Planned": 1,
        "Workers Launched": 1,
        "Single Copy": false,
        "Plans": [
          {
            "Node Type": "Aggregate",
            "Strategy": "Plain",
            "Partial Mode": "Partial",
            "Parent Relationship": "Outer",
            "Parallel Aware": false,
            "Startup Cost": 699051.68,
            "Total Cost": 699051.69,
            "Plan Rows": 1,
            "Plan Width": 8,
            "Actual Startup Time": 6299.587,
            "Actual Total Time": 6299.591,
            "Actual Rows": 1,
            "Actual Loops": 2,
            "Plans": [
              {
                "Node Type": "Hash Join",
                "Parent Relationship": "Outer",
                "Parallel Aware": true,
                "Join Type": "Inner",
                "Startup Cost": 67537.92,
                "Total Cost": 680054.17,
                "Plan Rows": 7599003,
                "Plan Width": 0,
                "Actual Startup Time": 333.972,
                "Actual Total Time": 6019.476,
                "Actual Rows": 6907855,
                "Actual Loops": 2,
                "Inner Unique": true,
                "Hash Cond": "(ci.movie_id = t.id)",
                "Plans": [
                  {
                    "Node Type": "Seq Scan",
                    "Parent Relationship": "Outer",
                    "Parallel Aware": true,
                    "Relation Name": "cast_info",
                    "Alias": "ci",
                    "Startup Cost": 0.0,
                    "Total Cost": 572345.93,
                    "Plan Rows": 15302954,
                    "Plan Width": 4,
                    "Actual Startup Time": 0.015,
                    "Actual Total Time": 1970.904,
                    "Actual Rows": 14336508,
                    "Actual Loops": 2,
                    "Filter": "((person_id < 3148475) AND (role_id < 9))",
                    "Rows Removed by Filter": 3785664
                  },
                  {
                    "Node Type": "Hash",
                    "Parent Relationship": "Inner",
                    "Parallel Aware": true,
                    "Startup Cost": 58306.47,
                    "Total Cost": 58306.47,
                    "Plan Rows": 738516,
                    "Plan Width": 4,
                    "Actual Startup Time": 318.943,
                    "Actual Total Time": 318.944,
                    "Actual Rows": 610767,
                    "Actual Loops": 2,
                    "Hash Buckets": 2097152,
                    "Original Hash Buckets": 2097152,
                    "Hash Batches": 1,
                    "Original Hash Batches": 1,
                    "Peak Memory Usage": 64192,
                    "Plans": [
                      {
                        "Node Type": "Seq Scan",
                        "Parent Relationship": "Outer",
                        "Parallel Aware": true,
                        "Relation Name": "title",
                        "Alias": "t",
                        "Startup Cost": 0.0,
                        "Total Cost": 58306.47,
                        "Plan Rows": 738516,
                        "Plan Width": 4,
                        "Actual Startup Time": 0.033,
                        "Actual Total Time": 162.81,
                        "Actual Rows": 610767,
                        "Actual Loops": 2,
                        "Filter": "((production_year < 2011) AND (kind_id = 7))",
                        "Rows Removed by Filter": 653389
                      }
                    ]
                  }
                ]
              }
            ]
          }
        ]
      }
    ]
  },
  "Planning Time": 0.693,
  "Triggers": [],
  "Execution Time": 6378.62
}