[
  {
    "Plan": {
      "Node Type": "Aggregate",
      "Strategy": "Plain",
      "Partial Mode": "Finalize",
      "Parallel Aware": false,
      "Startup Cost": 277867.58,
      "Total Cost": 277867.59,
      "Plan Rows": 1,
      "Plan Width": 8,
      "Actual Startup Time": 2138.23,
      "Actual Total Time": 2222.79,
      "Actual Rows": 1,
      "Actual Loops": 1,
      "Plans": [
        {
          "Node Type": "Gather",
          "Parent Relationship": "Outer",
          "Parallel Aware": false,
          "Startup Cost": 277867.27,
          "Total Cost": 277867.58,
          "Plan Rows": 3,
          "Plan Width": 8,
          "Actual Startup Time": 2136.729,
          "Actual Total Time": 2222.766,
          "Actual Rows": 4,
          "Actual Loops": 1,
          "Workers Planned": 3,
          "Workers Launched": 3,
          "Single Copy": false,
          "Plans": [
            {
              "Node Type": "Aggregate",
              "Strategy": "Plain",
              "Partial Mode": "Partial",
              "Parent Relationship": "Outer",
              "Parallel Aware": false,
              "Startup Cost": 276867.27,
              "Total Cost": 276867.28,
              "Plan Rows": 1,
              "Plan Width": 8,
              "Actual Startup Time": 2127.249,
              "Actual Total Time": 2127.253,
              "Actual Rows": 1,
              "Actual Loops": 4,
              "Plans": [
                {
                  "Node Type": "Nested Loop",
                  "Parent Relationship": "Outer",
                  "Parallel Aware": false,
                  "Join Type": "Inner",
                  "Startup Cost": 45322.76,
                  "Total Cost": 274559.45,
                  "Plan Rows": 923128,
                  "Plan Width": 0,
                  "Actual Startup Time": 157.729,
                  "Actual Total Time": 2031.342,
                  "Actual Rows": 1787392,
                  "Actual Loops": 4,
                  "Inner Unique": false,
                  "Join Filter": "(t.id = ci.movie_id)",
                  "Rows Removed by Join Filter": 0,
                  "Plans": [
                    {
                      "Node Type": "Hash Join",
                      "Parent Relationship": "Outer",
                      "Parallel Aware": true,
                      "Join Type": "Inner",
                      "Startup Cost": 45322.19,
                      "Total Cost": 77675.79,
                      "Plan Rows": 64424,
                      "Plan Width": 8,
                      "Actual Startup Time": 157.596,
                      "Actual Total Time": 327.464,
                      "Actual Rows": 78259,
                      "Actual Loops": 4,
                      "Inner Unique": true,
                      "Hash Cond": "(mc.movie_id = t.id)",
                      "Plans": [
                        {
                          "Node Type": "Seq Scan",
                          "Parent Relationship": "Outer",
                          "Parallel Aware": true,
                          "Relation Name": "movie_companies",
                          "Alias": "mc",
                          "Startup Cost": 0.0,
                          "Total Cost": 31414.82,
                          "Plan Rows": 357632,
                          "Plan Width": 4,
                          "Actual Startup Time": 0.068,
                          "Actual Total Time": 81.499,
                          "Actual Rows": 250265,
                          "Actual Loops": 4,
                          "Filter": "((company_id > 166) AND (company_type_id < 2))",
                          "Rows Removed by Filter": 402017
                        },
                        {
                          "Node Type": "Hash",
                          "Parent Relationship": "Inner",
                          "Parallel Aware": true,
                          "Startup Cost": 43898.92,
                          "Total Cost": 43898.92,
                          "Plan Rows": 113862,
                          "Plan Width": 4,
                          "Actual Startup Time": 154.154,
                          "Actual Total Time": 154.155,
                          "Actual Rows": 116391,
                          "Actual Loops": 4,
                          "Hash Buckets": 524288,
                          "Original Hash Buckets": 524288,
                          "Hash Batches": 1,
                          "Original Hash Batches": 1,
                          "Peak Memory Usage": 22368,
                          "Plans": [
                            {
                              "Node Type": "Seq Scan",
                              "Parent Relationship": "Outer",
                              "Parallel Aware": true,
                              "Relation Name": "title",
                              "Alias": "t",
                              "Startup Cost": 0.0,
                              "Total Cost": 43898.92,
                              "Plan Rows": 113862,
                              "Plan Width": 4,
                              "Actual Startup Time": 0.037,
                              "Actual Total Time": 109.603,
                              "Actual Rows": 116391,
                              "Actual Loops": 4,
                              "Filter": "(production_year < 1977)",
                              "Rows Removed by Filter": 515687
                            }
                          ]
                        }
                      ]
                    },
                    {
                      "Node Type": "Index Only Scan",
                      "Parent Relationship": "Inner",
                      "Parallel Aware": false,
                      "Scan Direction": "Forward",
                      "Index Name": "movie_id_cast_info",
                      "Relation Name": "cast_info",
                      "Alias": "ci",
                      "Startup Cost": 0.56,
                      "Total Cost": 2.59,
                      "Plan Rows": 37,
                      "Plan Width": 4,
                      "Actual Startup Time": 0.004,
                      "Actual Total Time": 0.019,
                      "Actual Rows": 23,
                      "Actual Loops": 313035,
                      "Index Cond": "(movie_id = mc.movie_id)",
                      "Rows Removed by Index Recheck": 0,
                      "Heap Fetches": 7149570
                    }
                  ]
                }
              ]
            }
          ]
        }
      ]
    },
    "Planning Time": 1.504,
    "Triggers": [],
    "Execution Time": 2222.909
  }
]