{
  "Plan": {
    "Node Type": "Aggregate",
    "Strategy": "Plain",
    "Partial Mode": "Finalize",
    "Parallel Aware": false,
    "Startup Cost": 735814.19,
    "Total Cost": 735814.2,
    "Plan Rows": 1,
    "Plan Width": 8,
    "Actual Startup Time": 4161.781,
    "Actual Total Time": 4208.964,
    "Actual Rows": 1,
    "Actual Loops": 1,
    "Plans": [
      {
        "Node Type": "Gather",
        "Parent Relationship": "Outer",
        "Parallel Aware": false,
        "Startup Cost": 735814.08,
        "Total Cost": 735814.19,
        "Plan Rows": 1,
        "Plan Width": 8,
        "Actual Startup Time": 4157.761,
        "Actual Total Time": 4208.955,
        "Actual Rows": 2,
        "Actual Loops": 1,
        "Workers Planned": 1,
        "Workers Launched": 1,
        "Single Copy": false,
        "Plans": [
          {
            "Node Type": "Aggregate",
            "Strategy": "Plain",
            "Partial Mode": "Partial",
            "Parent Relationship": "Outer",
            "Parallel Aware": false,
            "Startup Cost": 734814.08,
            "Total Cost": 734814.09,
            "Plan Rows": 1,
            "Plan Width": 8,
            "Actual Startup Time": 4149.904,
            "Actual Total Time": 4149.909,
            "Actual Rows": 1,
            "Actual Loops": 2,
            "Plans": [
              {
                "Node Type": "Hash Join",
                "Parent Relationship": "Outer",
                "Parallel Aware": true,
                "Join Type": "Inner",
                "Startup Cost": 309083.3,
                "Total Cost": 729909.18,
                "Plan Rows": 1961960,
                "Plan Width": 0,
                "Actual Startup Time": 2368.8,
                "Actual Total Time": 3983.531,
                "Actual Rows": 4223290,
                "Actual Loops": 2,
                "Inner Unique": false,
                "Hash Cond": "(ci.movie_id = t.id)",
                "Plans": [
                  {
                    "Node Type": "Index Scan",
                    "Parent Relationship": "Outer",
                    "Parallel Aware": true,
                    "Scan Direction": "Forward",
                    "Index Name": "role_id_cast_info",
                    "Relation Name": "cast_info",
                    "Alias": "ci",
                    "Startup Cost": 0.56,
                    "Total Cost": 396668.75,
                    "Plan Rows": 3364466,
                    "Plan Width": 4,
                    "Actual Startup Time": 0.054,
                    "Actual Total Time": 841.757,
                    "Actual Rows": 1697768,
                    "Actual Loops": 2,
                    "Index Cond": "(role_id > 3)",
                    "Rows Removed by Index Recheck": 0,
                    "Filter": "(person_id < 1662965)",
                    "Rows Removed by Filter": 4359054
                  },
                  {
                    "Node Type": "Hash",
                    "Parent Relationship": "Inner",
                    "Parallel Aware": true,
                    "Startup Cost": 298241.91,
                    "Total Cost": 298241.91,
                    "Plan Rows": 867266,
                    "Plan Width": 8,
                    "Actual Startup Time": 2353.885,
                    "Actual Total Time": 2353.887,
                    "Actual Rows": 835631,
                    "Actual Loops": 2,
                    "Hash Buckets": 2097152,
                    "Original Hash Buckets": 2097152,
                    "Hash Batches": 1,
                    "Original Hash Batches": 1,
                    "Peak Memory Usage": 81792,
                    "Plans": [
                      {
                        "Node Type": "Merge Join",
                        "Parent Relationship": "Outer",
                        "Parallel Aware": false,
                        "Join Type": "Inner",
                        "Startup Cost": 14.25,
                        "Total Cost": 298241.91,
                        "Plan Rows": 867266,
                        "Plan Width": 8,
                        "Actual Startup Time": 38.985,
                        "Actual Total Time": 2173.213,
                        "Actual Rows": 835631,
                        "Actual Loops": 2,
                        "Inner Unique": true,
                        "Merge Cond": "(mk.movie_id = t.id)",
                        "Plans": [
                          {
                            "Node Type": "Index Scan",
                            "Parent Relationship": "Outer",
                            "Parallel Aware": true,
                            "Scan Direction": "Forward",
                            "Index Name": "movie_id_movie_keyword",
                            "Relation Name": "movie_keyword",
                            "Alias": "mk",
                            "Startup Cost": 0.43,
                            "Total Cost": 165212.95,
                            "Plan Rows": 1061646,
                            "Plan Width": 4,
                            "Actual Startup Time": 3.231,
                            "Actual Total Time": 404.877,
                            "Actual Rows": 905290,
                            "Actual Loops": 2,
                            "Filter": "(keyword_id > 7663)",
                            "Rows Removed by Filter": 1356676
                          },
                          {
                            "Node Type": "Index Scan",
                            "Parent Relationship": "Inner",
                            "Parallel Aware": false,
                            "Scan Direction": "Forward",
                            "Index Name": "title_pkey",
                            "Relation Name": "title",
                            "Alias": "t",
                            "Startup Cost": 0.43,
                            "Total Cost": 116660.7,
                            "Plan Rows": 2065382,
                            "Plan Width": 4,
                            "Actual Startup Time": 0.078,
                            "Actual Total Time": 1566.646,
                            "Actual Rows": 2063516,
                            "Actual Loops": 2,
                            "Filter": "(production_year < 2011)",
                            "Rows Removed by Filter": 462304
                          }
                        ]
                      }
                    ]
                  }
                ]
              }
            ]
          }
        ]
      }
    ]
  },
  "Planning Time": 0.922,
  "Triggers": [],
  "Execution Time": 4209.053
}