[
  {
    "Plan": {
      "Node Type": "Aggregate",
      "Strategy": "Plain",
      "Partial Mode": "Finalize",
      "Parallel Aware": false,
      "Startup Cost": 45654.22,
      "Total Cost": 45654.23,
      "Plan Rows": 1,
      "Plan Width": 8,
      "Actual Startup Time": 152.975,
      "Actual Total Time": 162.28,
      "Actual Rows": 1,
      "Actual Loops": 1,
      "Plans": [
        {
          "Node Type": "Gather",
          "Parent Relationship": "Outer",
          "Parallel Aware": false,
          "Startup Cost": 45653.9,
          "Total Cost": 45654.21,
          "Plan Rows": 3,
          "Plan Width": 8,
          "Actual Startup Time": 152.878,
          "Actual Total Time": 162.272,
          "Actual Rows": 4,
          "Actual Loops": 1,
          "Workers Planned": 3,
          "Workers Launched": 3,
          "Single Copy": false,
          "Plans": [
            {
              "Node Type": "Aggregate",
              "Strategy": "Plain",
              "Partial Mode": "Partial",
              "Parent Relationship": "Outer",
              "Parallel Aware": false,
              "Startup Cost": 44653.9,
              "Total Cost": 44653.91,
              "Plan Rows": 1,
              "Plan Width": 8,
              "Actual Startup Time": 145.589,
              "Actual Total Time": 145.59,
              "Actual Rows": 1,
              "Actual Loops": 4,
              "Plans": [
                {
                  "Node Type": "Seq Scan",
                  "Parent Relationship": "Outer",
                  "Parallel Aware": true,
                  "Relation Name": "movie_keyword",
                  "Alias": "mk",
                  "Startup Cost": 0.0,
                  "Total Cost": 42695.65,
                  "Plan Rows": 783300,
                  "Plan Width": 0,
                  "Actual Startup Time": 0.06,
                  "Actual Total Time": 117.068,
                  "Actual Rows": 606777,
                  "Actual Loops": 4,
                  "Filter": "(keyword_id < 5757)",
                  "Rows Removed by Filter": 524206
                }
              ]
            }
          ]
        }
      ]
    },
    "Planning Time": 0.182,
    "Triggers": [],
    "Execution Time": 162.333
  }
]