[
  {
    "Plan": {
      "Node Type": "Aggregate",
      "Strategy": "Plain",
      "Partial Mode": "Finalize",
      "Parallel Aware": false,
      "Startup Cost": 78775.68,
      "Total Cost": 78775.69,
      "Plan Rows": 1,
      "Plan Width": 8,
      "Actual Startup Time": 299.933,
      "Actual Total Time": 315.197,
      "Actual Rows": 1,
      "Actual Loops": 1,
      "Plans": [
        {
          "Node Type": "Gather",
          "Parent Relationship": "Outer",
          "Parallel Aware": false,
          "Startup Cost": 78775.36,
          "Total Cost": 78775.67,
          "Plan Rows": 3,
          "Plan Width": 8,
          "Actual Startup Time": 297.353,
          "Actual Total Time": 315.186,
          "Actual Rows": 4,
          "Actual Loops": 1,
          "Workers Planned": 3,
          "Workers Launched": 3,
          "Single Copy": false,
          "Plans": [
            {
              "Node Type": "Aggregate",
              "Strategy": "Plain",
              "Partial Mode": "Partial",
              "Parent Relationship": "Outer",
              "Parallel Aware": false,
              "Startup Cost": 77775.36,
              "Total Cost": 77775.37,
              "Plan Rows": 1,
              "Plan Width": 8,
              "Actual Startup Time": 288.405,
              "Actual Total Time": 288.409,
              "Actual Rows": 1,
              "Actual Loops": 4,
              "Plans": [
                {
                  "Node Type": "Hash Join",
                  "Parent Relationship": "Outer",
                  "Parallel Aware": true,
                  "Join Type": "Inner",
                  "Startup Cost": 47165.01,
                  "Total Cost": 77555.91,
                  "Plan Rows": 87779,
                  "Plan Width": 0,
                  "Actual Startup Time": 189.27,
                  "Actual Total Time": 282.281,
                  "Actual Rows": 154106,
                  "Actual Loops": 4,
                  "Inner Unique": true,
                  "Hash Cond": "(mc.movie_id = t.id)",
                  "Plans": [
                    {
                      "Node Type": "Seq Scan",
                      "Parent Relationship": "Outer",
                      "Parallel Aware": true,
                      "Relation Name": "movie_companies",
                      "Alias": "mc",
                      "Startup Cost": 0.0,
                      "Total Cost": 29310.68,
                      "Plan Rows": 411513,
                      "Plan Width": 4,
                      "Actual Startup Time": 0.03,
                      "Actual Total Time": 62.375,
                      "Actual Rows": 318562,
                      "Actual Loops": 4,
                      "Filter": "(company_type_id < 2)",
                      "Rows Removed by Filter": 333721
                    },
                    {
                      "Node Type": "Hash",
                      "Parent Relationship": "Inner",
                      "Parallel Aware": true,
                      "Startup Cost": 45479.59,
                      "Total Cost": 45479.59,
                      "Plan Rows": 134834,
                      "Plan Width": 4,
                      "Actual Startup Time": 153.692,
                      "Actual Total Time": 153.694,
                      "Actual Rows": 139330,
                      "Actual Loops": 4,
                      "Hash Buckets": 1048576,
                      "Original Hash Buckets": 1048576,
                      "Hash Batches": 1,
                      "Original Hash Batches": 1,
                      "Peak Memory Usage": 30080,
                      "Plans": [
                        {
                          "Node Type": "Seq Scan",
                          "Parent Relationship": "Outer",
                          "Parallel Aware": true,
                          "Relation Name": "title",
                          "Alias": "t",
                          "Startup Cost": 0.0,
                          "Total Cost": 45479.59,
                          "Plan Rows": 134834,
                          "Plan Width": 4,
                          "Actual Startup Time": 63.89,
                          "Actual Total Time": 106.669,
                          "Actual Rows": 139330,
                          "Actual Loops": 4,
                          "Filter": "((production_year < 2011) AND (kind_id = 1))",
                          "Rows Removed by Filter": 492748
                        }
                      ]
                    }
                  ]
                }
              ]
            }
          ]
        }
      ]
    },
    "Planning Time": 0.653,
    "Triggers": [],
    "Execution Time": 315.265
  }
]