[
  {
    "Plan": {
      "Node Type": "Aggregate",
      "Strategy": "Plain",
      "Partial Mode": "Finalize",
      "Parallel Aware": false,
      "Startup Cost": 33250.69,
      "Total Cost": 33250.7,
      "Plan Rows": 1,
      "Plan Width": 8,
      "Actual Startup Time": 97.893,
      "Actual Total Time": 105.91,
      "Actual Rows": 1,
      "Actual Loops": 1,
      "Plans": [
        {
          "Node Type": "Gather",
          "Parent Relationship": "Outer",
          "Parallel Aware": false,
          "Startup Cost": 33250.37,
          "Total Cost": 33250.68,
          "Plan Rows": 3,
          "Plan Width": 8,
          "Actual Startup Time": 97.757,
          "Actual Total Time": 105.902,
          "Actual Rows": 4,
          "Actual Loops": 1,
          "Workers Planned": 3,
          "Workers Launched": 3,
          "Single Copy": false,
          "Plans": [
            {
              "Node Type": "Aggregate",
              "Strategy": "Plain",
              "Partial Mode": "Partial",
              "Parent Relationship": "Outer",
              "Parallel Aware": false,
              "Startup Cost": 32250.37,
              "Total Cost": 32250.38,
              "Plan Rows": 1,
              "Plan Width": 8,
              "Actual Startup Time": 90.047,
              "Actual Total Time": 90.049,
              "Actual Rows": 1,
              "Actual Loops": 4,
              "Plans": [
                {
                  "Node Type": "Seq Scan",
                  "Parent Relationship": "Outer",
                  "Parallel Aware": true,
                  "Relation Name": "movie_companies",
                  "Alias": "mc",
                  "Startup Cost": 0.0,
                  "Total Cost": 31414.82,
                  "Plan Rows": 334220,
                  "Plan Width": 0,
                  "Actual Startup Time": 49.276,
                  "Actual Total Time": 82.455,
                  "Actual Rows": 188821,
                  "Actual Loops": 4,
                  "Filter": "((company_id < 71080) AND (company_type_id > 1))",
                  "Rows Removed by Filter": 463461
                }
              ]
            }
          ]
        }
      ]
    },
    "Planning Time": 0.164,
    "Triggers": [],
    "Execution Time": 105.957
  }
]