{
  "Plan": {
    "Node Type": "Aggregate",
    "Strategy": "Plain",
    "Partial Mode": "Finalize",
    "Parallel Aware": false,
    "Startup Cost": 35660.98,
    "Total Cost": 35660.99,
    "Plan Rows": 1,
    "Plan Width": 8,
    "Actual Startup Time": 39.399,
    "Actual Total Time": 44.48,
    "Actual Rows": 1,
    "Actual Loops": 1,
    "Plans": [
      {
        "Node Type": "Gather",
        "Parent Relationship": "Outer",
        "Parallel Aware": false,
        "Startup Cost": 35660.87,
        "Total Cost": 35660.98,
        "Plan Rows": 1,
        "Plan Width": 8,
        "Actual Startup Time": 39.239,
        "Actual Total Time": 44.474,
        "Actual Rows": 2,
        "Actual Loops": 1,
        "Workers Planned": 1,
        "Workers Launched": 1,
        "Single Copy": false,
        "Plans": [
          {
            "Node Type": "Aggregate",
            "Strategy": "Plain",
            "Partial Mode": "Partial",
            "Parent Relationship": "Outer",
            "Parallel Aware": false,
            "Startup Cost": 34660.87,
            "Total Cost": 34660.88,
            "Plan Rows": 1,
            "Plan Width": 8,
            "Actual Startup Time": 33.301,
            "Actual Total Time": 33.302,
            "Actual Rows": 1,
            "Actual Loops": 2,
            "Plans": [
              {
                "Node Type": "Nested Loop",
                "Parent Relationship": "Outer",
                "Parallel Aware": false,
                "Join Type": "Inner",
                "Startup Cost": 112.6,
                "Total Cost": 34660.53,
                "Plan Rows": 134,
                "Plan Width": 0,
                "Actual Startup Time": 10.841,
                "Actual Total Time": 33.287,
                "Actual Rows": 18,
                "Actual Loops": 2,
                "Inner Unique": true,
                "Plans": [
                  {
                    "Node Type": "Bitmap Heap Scan",
                    "Parent Relationship": "Outer",
                    "Parallel Aware": true,
                    "Relation Name": "movie_keyword",
                    "Alias": "mk",
                    "Startup Cost": 112.17,
                    "Total Cost": 12648.41,
                    "Plan Rows": 3016,
                    "Plan Width": 4,
                    "Actual Startup Time": 2.688,
                    "Actual Total Time": 10.583,
                    "Actual Rows": 2338,
                    "Actual Loops": 2,
                    "Recheck Cond": "(keyword_id = 2849)",
                    "Rows Removed by Index Recheck": 0,
                    "Exact Heap Blocks": 3035,
                    "Lossy Heap Blocks": 0,
                    "Plans": [
                      {
                        "Node Type": "Bitmap Index Scan",
                        "Parent Relationship": "Outer",
                        "Parallel Aware": false,
                        "Index Name": "keyword_id_movie_keyword",
                        "Startup Cost": 0.0,
                        "Total Cost": 110.89,
                        "Plan Rows": 5127,
                        "Plan Width": 0,
                        "Actual Startup Time": 3.46,
                        "Actual Total Time": 3.461,
                        "Actual Rows": 4676,
                        "Actual Loops": 1,
                        "Index Cond": "(keyword_id = 2849)"
                      }
                    ]
                  },
                  {
                    "Node Type": "Index Scan",
                    "Parent Relationship": "Inner",
                    "Parallel Aware": false,
                    "Scan Direction": "Forward",
                    "Index Name": "title_pkey",
                    "Relation Name": "title",
                    "Alias": "t",
                    "Startup Cost": 0.43,
                    "Total Cost": 7.3,
                    "Plan Rows": 1,
                    "Plan Width": 4,
                    "Actual Startup Time": 0.009,
                    "Actual Total Time": 0.009,
                    "Actual Rows": 0,
                    "Actual Loops": 4676,
                    "Index Cond": "(id = mk.movie_id)",
                    "Rows Removed by Index Recheck": 0,
                    "Filter": "(production_year = 2006)",
                    "Rows Removed by Filter": 1
                  }
                ]
              }
            ]
          }
        ]
      }
    ]
  },
  "Planning Time": 0.422,
  "Triggers": [],
  "Execution Time": 44.561
}