[
  {
    "Plan": {
      "Node Type": "Aggregate",
      "Strategy": "Plain",
      "Partial Mode": "Finalize",
      "Parallel Aware": false,
      "Startup Cost": 46994.26,
      "Total Cost": 46994.27,
      "Plan Rows": 1,
      "Plan Width": 8,
      "Actual Startup Time": 104.109,
      "Actual Total Time": 116.652,
      "Actual Rows": 1,
      "Actual Loops": 1,
      "Plans": [
        {
          "Node Type": "Gather",
          "Parent Relationship": "Outer",
          "Parallel Aware": false,
          "Startup Cost": 46993.84,
          "Total Cost": 46994.25,
          "Plan Rows": 4,
          "Plan Width": 8,
          "Actual Startup Time": 103.866,
          "Actual Total Time": 116.643,
          "Actual Rows": 5,
          "Actual Loops": 1,
          "Workers Planned": 4,
          "Workers Launched": 4,
          "Single Copy": false,
          "Plans": [
            {
              "Node Type": "Aggregate",
              "Strategy": "Plain",
              "Partial Mode": "Partial",
              "Parent Relationship": "Outer",
              "Parallel Aware": false,
              "Startup Cost": 45993.84,
              "Total Cost": 45993.85,
              "Plan Rows": 1,
              "Plan Width": 8,
              "Actual Startup Time": 95.81,
              "Actual Total Time": 95.811,
              "Actual Rows": 1,
              "Actual Loops": 5,
              "Plans": [
                {
                  "Node Type": "Seq Scan",
                  "Parent Relationship": "Outer",
                  "Parallel Aware": true,
                  "Relation Name": "title",
                  "Alias": "t",
                  "Startup Cost": 0.0,
                  "Total Cost": 45479.1,
                  "Plan Rows": 205898,
                  "Plan Width": 0,
                  "Actual Startup Time": 0.039,
                  "Actual Total Time": 88.537,
                  "Actual Rows": 163664,
                  "Actual Loops": 5,
                  "Filter": "((kind_id < 4) AND (production_year > 1910))",
                  "Rows Removed by Filter": 341998
                }
              ]
            }
          ]
        }
      ]
    },
    "Planning Time": 0.182,
    "Triggers": [],
    "Execution Time": 116.711
  }
]