{
  "Plan": {
    "Node Type": "Aggregate",
    "Strategy": "Plain",
    "Partial Mode": "Finalize",
    "Parallel Aware": false,
    "Startup Cost": 69000.47,
    "Total Cost": 69000.48,
    "Plan Rows": 1,
    "Plan Width": 8,
    "Actual Startup Time": 167.347,
    "Actual Total Time": 186.225,
    "Actual Rows": 1,
    "Actual Loops": 1,
    "Plans": [
      {
        "Node Type": "Gather",
        "Parent Relationship": "Outer",
        "Parallel Aware": false,
        "Startup Cost": 69000.36,
        "Total Cost": 69000.47,
        "Plan Rows": 1,
        "Plan Width": 8,
        "Actual Startup Time": 167.197,
        "Actual Total Time": 186.219,
        "Actual Rows": 2,
        "Actual Loops": 1,
        "Workers Planned": 1,
        "Workers Launched": 1,
        "Single Copy": false,
        "Plans": [
          {
            "Node Type": "Aggregate",
            "Strategy": "Plain",
            "Partial Mode": "Partial",
            "Parent Relationship": "Outer",
            "Parallel Aware": false,
            "Startup Cost": 68000.36,
            "Total Cost": 68000.37,
            "Plan Rows": 1,
            "Plan Width": 8,
            "Actual Startup Time": 161.129,
            "Actual Total Time": 161.131,
            "Actual Rows": 1,
            "Actual Loops": 2,
            "Plans": [
              {
                "Node Type": "Nested Loop",
                "Parent Relationship": "Outer",
                "Parallel Aware": false,
                "Join Type": "Inner",
                "Startup Cost": 11824.56,
                "Total Cost": 67999.34,
                "Plan Rows": 408,
                "Plan Width": 0,
                "Actual Startup Time": 39.063,
                "Actual Total Time": 160.922,
                "Actual Rows": 2344,
                "Actual Loops": 2,
                "Inner Unique": false,
                "Join Filter": "(t.id = ci.movie_id)",
                "Rows Removed by Join Filter": 0,
                "Plans": [
                  {
                    "Node Type": "Nested Loop",
                    "Parent Relationship": "Outer",
                    "Parallel Aware": false,
                    "Join Type": "Inner",
                    "Startup Cost": 11823.99,
                    "Total Cost": 65691.5,
                    "Plan Rows": 916,
                    "Plan Width": 8,
                    "Actual Startup Time": 37.986,
                    "Actual Total Time": 90.624,
                    "Actual Rows": 2170,
                    "Actual Loops": 2,
                    "Inner Unique": false,
                    "Plans": [
                      {
                        "Node Type": "Bitmap Heap Scan",
                        "Parent Relationship": "Outer",
                        "Parallel Aware": true,
                        "Relation Name": "title",
                        "Alias": "t",
                        "Startup Cost": 11823.56,
                        "Total Cost": 53673.82,
                        "Plan Rows": 1678,
                        "Plan Width": 4,
                        "Actual Startup Time": 37.735,
                        "Actual Total Time": 80.555,
                        "Actual Rows": 1846,
                        "Actual Loops": 2,
                        "Recheck Cond": "(kind_id = 1)",
                        "Rows Removed by Index Recheck": 0,
                        "Filter": "(production_year = 1964)",
                        "Rows Removed by Filter": 329566,
                        "Exact Heap Blocks": 9253,
                        "Lossy Heap Blocks": 0,
                        "Plans": [
                          {
                            "Node Type": "Bitmap Index Scan",
                            "Parent Relationship": "Outer",
                            "Parallel Aware": false,
                            "Index Name": "kind_id_title",
                            "Startup Cost": 0.0,
                            "Total Cost": 11822.85,
                            "Plan Rows": 663256,
                            "Plan Width": 0,
                            "Actual Startup Time": 40.926,
                            "Actual Total Time": 40.927,
                            "Actual Rows": 662825,
                            "Actual Loops": 1,
                            "Index Cond": "(kind_id = 1)"
                          }
                        ]
                      },
                      {
                        "Node Type": "Index Only Scan",
                        "Parent Relationship": "Inner",
                        "Parallel Aware": false,
                        "Scan Direction": "Forward",
                        "Index Name": "movie_id_movie_info_idx",
                        "Relation Name": "movie_info_idx",
                        "Alias": "mi_idx",
                        "Startup Cost": 0.43,
                        "Total Cost": 7.13,
                        "Plan Rows": 3,
                        "Plan Width": 4,
                        "Actual Startup Time": 0.005,
                        "Actual Total Time": 0.005,
                        "Actual Rows": 1,
                        "Actual Loops": 3692,
                        "Index Cond": "(movie_id = t.id)",
                        "Rows Removed by Index Recheck": 0,
                        "Heap Fetches": 4340
                      }
                    ]
                  },
                  {
                    "Node Type": "Index Scan",
                    "Parent Relationship": "Inner",
                    "Parallel Aware": false,
                    "Scan Direction": "Forward",
                    "Index Name": "movie_id_cast_info",
                    "Relation Name": "cast_info",
                    "Alias": "ci",
                    "Startup Cost": 0.56,
                    "Total Cost": 2.51,
                    "Plan Rows": 1,
                    "Plan Width": 4,
                    "Actual Startup Time": 0.028,
                    "Actual Total Time": 0.032,
                    "Actual Rows": 1,
                    "Actual Loops": 4340,
                    "Index Cond": "(movie_id = mi_idx.movie_id)",
                    "Rows Removed by Index Recheck": 0,
                    "Filter": "((person_id > 2237274) AND (role_id = 4))",
                    "Rows Removed by Filter": 25
                  }
                ]
              }
            ]
          }
        ]
      }
    ]
  },
  "Planning Time": 1.048,
  "Triggers": [],
  "Execution Time": 186.334
}