[
  {
    "Plan": {
      "Node Type": "Aggregate",
      "Strategy": "Plain",
      "Partial Mode": "Finalize",
      "Parallel Aware": false,
      "Startup Cost": 206967.44,
      "Total Cost": 206967.45,
      "Plan Rows": 1,
      "Plan Width": 8,
      "Actual Startup Time": 488.891,
      "Actual Total Time": 531.23,
      "Actual Rows": 1,
      "Actual Loops": 1,
      "Plans": [
        {
          "Node Type": "Gather",
          "Parent Relationship": "Outer",
          "Parallel Aware": false,
          "Startup Cost": 206966.91,
          "Total Cost": 206967.42,
          "Plan Rows": 5,
          "Plan Width": 8,
          "Actual Startup Time": 488.589,
          "Actual Total Time": 531.218,
          "Actual Rows": 6,
          "Actual Loops": 1,
          "Workers Planned": 5,
          "Workers Launched": 5,
          "Single Copy": false,
          "Plans": [
            {
              "Node Type": "Aggregate",
              "Strategy": "Plain",
              "Partial Mode": "Partial",
              "Parent Relationship": "Outer",
              "Parallel Aware": false,
              "Startup Cost": 205966.91,
              "Total Cost": 205966.92,
              "Plan Rows": 1,
              "Plan Width": 8,
              "Actual Startup Time": 481.41,
              "Actual Total Time": 481.412,
              "Actual Rows": 1,
              "Actual Loops": 6,
              "Plans": [
                {
                  "Node Type": "Seq Scan",
                  "Parent Relationship": "Outer",
                  "Parallel Aware": true,
                  "Relation Name": "movie_info",
                  "Alias": "mi",
                  "Startup Cost": 0.0,
                  "Total Cost": 199108.24,
                  "Plan Rows": 2743469,
                  "Plan Width": 0,
                  "Actual Startup Time": 0.047,
                  "Actual Total Time": 378.786,
                  "Actual Rows": 2285625,
                  "Actual Loops": 6,
                  "Filter": "(info_type_id < 63)",
                  "Rows Removed by Filter": 186995
                }
              ]
            }
          ]
        }
      ]
    },
    "Planning Time": 0.12,
    "Triggers": [],
    "Execution Time": 531.288
  }
]