{
  "Plan": {
    "Node Type": "Aggregate",
    "Strategy": "Plain",
    "Partial Mode": "Finalize",
    "Parallel Aware": false,
    "Startup Cost": 903835.6,
    "Total Cost": 903835.61,
    "Plan Rows": 1,
    "Plan Width": 64,
    "Actual Startup Time": 21769.423,
    "Actual Total Time": 21838.299,
    "Actual Rows": 1,
    "Actual Loops": 1,
    "Plans": [
      {
        "Node Type": "Gather",
        "Parent Relationship": "Outer",
        "Parallel Aware": false,
        "Startup Cost": 903835.48,
        "Total Cost": 903835.59,
        "Plan Rows": 1,
        "Plan Width": 64,
        "Actual Startup Time": 21769.408,
        "Actual Total Time": 21838.288,
        "Actual Rows": 2,
        "Actual Loops": 1,
        "Workers Planned": 1,
        "Workers Launched": 1,
        "Single Copy": false,
        "Plans": [
          {
            "Node Type": "Aggregate",
            "Strategy": "Plain",
            "Partial Mode": "Partial",
            "Parent Relationship": "Outer",
            "Parallel Aware": false,
            "Startup Cost": 902835.48,
            "Total Cost": 902835.49,
            "Plan Rows": 1,
            "Plan Width": 64,
            "Actual Startup Time": 21282.762,
            "Actual Total Time": 21282.774,
            "Actual Rows": 1,
            "Actual Loops": 2,
            "Plans": [
              {
                "Node Type": "Hash Join",
                "Parent Relationship": "Outer",
                "Parallel Aware": true,
                "Join Type": "Inner",
                "Startup Cost": 579884.16,
                "Total Cost": 902116.58,
                "Plan Rows": 143780,
                "Plan Width": 33,
                "Actual Startup Time": 8636.691,
                "Actual Total Time": 21038.021,
                "Actual Rows": 2298183,
                "Actual Loops": 2,
                "Inner Unique": false,
                "Hash Cond": "(n1.id = a1.person_id)",
                "Plans": [
                  {
                    "Node Type": "Nested Loop",
                    "Parent Relationship": "Outer",
                    "Parallel Aware": false,
                    "Join Type": "Inner",
                    "Startup Cost": 556558.62,
                    "Total Cost": 875452.47,
                    "Plan Rows": 664746,
                    "Plan Width": 25,
                    "Actual Startup Time": 8379.685,
                    "Actual Total Time": 19254.666,
                    "Actual Rows": 3201636,
                    "Actual Loops": 2,
                    "Inner Unique": true,
                    "Plans": [
                      {
                        "Node Type": "Merge Join",
                        "Parent Relationship": "Outer",
                        "Parallel Aware": false,
                        "Join Type": "Inner",
                        "Startup Cost": 556558.19,
                        "Total Cost": 572795.26,
                        "Plan Rows": 664746,
                        "Plan Width": 21,
                        "Actual Startup Time": 8379.582,
                        "Actual Total Time": 10428.67,
                        "Actual Rows": 3201636,
                        "Actual Loops": 2,
                        "Inner Unique": true,
                        "Merge Cond": "(mc.company_id = cn.id)",
                        "Plans": [
                          {
                            "Node Type": "Sort",
                            "Parent Relationship": "Outer",
                            "Parallel Aware": false,
                            "Startup Cost": 543645.52,
                            "Total Cost": 548227.47,
                            "Plan Rows": 1832779,
                            "Plan Width": 25,
                            "Actual Startup Time": 8316.601,
                            "Actual Total Time": 9375.87,
                            "Actual Rows": 8864414,
                            "Actual Loops": 2,
                            "Sort Key": [
                              "mc.company_id"
                            ],
                            "Sort Method": "quicksort",
                            "Sort Space Used": 1101709,
                            "Sort Space Type": "Memory",
                            "Workers": [
                              {
                                "Worker Number": 0,
                                "Sort Method": "quicksort",
                                "Sort Space Used": 1048028,
                                "Sort Space Type": "Memory"
                              }
                            ],
                            "Plans": [
                              {
                                "Node Type": "Hash Join",
                                "Parent Relationship": "Outer",
                                "Parallel Aware": true,
                                "Join Type": "Inner",
                                "Startup Cost": 285374.57,
                                "Total Cost": 352985.17,
                                "Plan Rows": 1832779,
                                "Plan Width": 25,
                                "Actual Startup Time": 4520.87,
                                "Actual Total Time": 5918.315,
                                "Actual Rows": 8864414,
                                "Actual Loops": 2,
                                "Inner Unique": false,
                                "Hash Cond": "(mc.movie_id = ci.movie_id)",
                                "Plans": [
                                  {
                                    "Node Type": "Seq Scan",
                                    "Parent Relationship": "Outer",
                                    "Parallel Aware": true,
                                    "Relation Name": "movie_companies",
                                    "Alias": "mc",
                                    "Startup Cost": 0.0,
                                    "Total Cost": 34137.82,
                                    "Plan Rows": 1534782,
                                    "Plan Width": 8,
                                    "Actual Startup Time": 0.015,
                                    "Actual Total Time": 131.704,
                                    "Actual Rows": 1304564,
                                    "Actual Loops": 2
                                  },
                                  {
                                    "Node Type": "Hash",
                                    "Parent Relationship": "Inner",
                                    "Parallel Aware": true,
                                    "Startup Cost": 263175.46,
                                    "Total Cost": 263175.46,
                                    "Plan Rows": 1775929,
                                    "Plan Width": 29,
                                    "Actual Startup Time": 4506.307,
                                    "Actual Total Time": 4506.312,
                                    "Actual Rows": 2161509,
                                    "Actual Loops": 2,
                                    "Hash Buckets": 8388608,
                                    "Original Hash Buckets": 4194304,
                                    "Hash Batches": 1,
                                    "Original Hash Batches": 1,
                                    "Peak Memory Usage": 380128,
                                    "Plans": [
                                      {
                                        "Node Type": "Hash Join",
                                        "Parent Relationship": "Outer",
                                        "Parallel Aware": false,
                                        "Join Type": "Inner",
                                        "Startup Cost": 185251.58,
                                        "Total Cost": 263175.46,
                                        "Plan Rows": 1775929,
                                        "Plan Width": 29,
                                        "Actual Startup Time": 2551.552,
                                        "Actual Total Time": 3722.18,
                                        "Actual Rows": 2161509,
                                        "Actual Loops": 2,
                                        "Inner Unique": false,
                                        "Hash Cond": "(t.id = ci.movie_id)",
                                        "Plans": [
                                          {
                                            "Node Type": "Seq Scan",
                                            "Parent Relationship": "Outer",
                                            "Parallel Aware": true,
                                            "Relation Name": "title",
                                            "Alias": "t",
                                            "Startup Cost": 0.0,
                                            "Total Cost": 50869.75,
                                            "Plan Rows": 1487175,
                                            "Plan Width": 21,
                                            "Actual Startup Time": 0.028,
                                            "Actual Total Time": 145.563,
                                            "Actual Rows": 1264156,
                                            "Actual Loops": 2
                                          },
                                          {
                                            "Node Type": "Hash",
                                            "Parent Relationship": "Inner",
                                            "Parallel Aware": false,
                                            "Startup Cost": 147513.09,
                                            "Total Cost": 147513.09,
                                            "Plan Rows": 3019079,
                                            "Plan Width": 8,
                                            "Actual Startup Time": 2530.41,
                                            "Actual Total Time": 2530.413,
                                            "Actual Rows": 4323018,
                                            "Actual Loops": 2,
                                            "Hash Buckets": 8388608,
                                            "Original Hash Buckets": 4194304,
                                            "Hash Batches": 1,
                                            "Original Hash Batches": 1,
                                            "Peak Memory Usage": 234404,
                                            "Plans": [
                                              {
                                                "Node Type": "Nested Loop",
                                                "Parent Relationship": "Outer",
                                                "Parallel Aware": false,
                                                "Join Type": "Inner",
                                                "Startup Cost": 0.56,
                                                "Total Cost": 147513.09,
                                                "Plan Rows": 3019079,
                                                "Plan Width": 8,
                                                "Actual Startup Time": 0.165,
                                                "Actual Total Time": 1261.439,
                                                "Actual Rows": 4323018,
                                                "Actual Loops": 2,
                                                "Inner Unique": false,
                                                "Plans": [
                                                  {
                                                    "Node Type": "Seq Scan",
                                                    "Parent Relationship": "Outer",
                                                    "Parallel Aware": false,
                                                    "Relation Name": "role_type",
                                                    "Alias": "rt",
                                                    "Startup Cost": 0.0,
                                                    "Total Cost": 1.15,
                                                    "Plan Rows": 1,
                                                    "Plan Width": 4,
                                                    "Actual Startup Time": 0.037,
                                                    "Actual Total Time": 0.043,
                                                    "Actual Rows": 1,
                                                    "Actual Loops": 2,
                                                    "Filter": "((role)::text = 'miscellaneous crew'::text)",
                                                    "Rows Removed by Filter": 11
                                                  },
                                                  {
                                                    "Node Type": "Index Scan",
                                                    "Parent Relationship": "Inner",
                                                    "Parallel Aware": false,
                                                    "Scan Direction": "Forward",
                                                    "Index Name": "role_id_cast_info",
                                                    "Relation Name": "cast_info",
                                                    "Alias": "ci",
                                                    "Startup Cost": 0.56,
                                                    "Total Cost": 114576.53,
                                                    "Plan Rows": 3293541,
                                                    "Plan Width": 12,
                                                    "Actual Startup Time": 0.121,
                                                    "Actual Total Time": 788.672,
                                                    "Actual Rows": 4323018,
                                                    "Actual Loops": 2,
                                                    "Index Cond": "(role_id = rt.id)",
                                                    "Rows Removed by Index Recheck": 0
                                                  }
                                                ]
                                              }
                                            ]
                                          }
                                        ]
                                      }
                                    ]
                                  }
                                ]
                              }
                            ]
                          },
                          {
                            "Node Type": "Sort",
                            "Parent Relationship": "Inner",
                            "Parallel Aware": false,
                            "Startup Cost": 12912.67,
                            "Total Cost": 13125.75,
                            "Plan Rows": 85233,
                            "Plan Width": 4,
                            "Actual Startup Time": 62.963,
                            "Actual Total Time": 87.39,
                            "Actual Rows": 84843,
                            "Actual Loops": 2,
                            "Sort Key": [
                              "cn.id"
                            ],
                            "Sort Method": "quicksort",
                            "Sort Space Used": 7050,
                            "Sort Space Type": "Memory",
                            "Workers": [
                              {
                                "Worker Number": 0,
                                "Sort Method": "quicksort",
                                "Sort Space Used": 7050,
                                "Sort Space Type": "Memory"
                              }
                            ],
                            "Plans": [
                              {
                                "Node Type": "Seq Scan",
                                "Parent Relationship": "Outer",
                                "Parallel Aware": false,
                                "Relation Name": "company_name",
                                "Alias": "cn",
                                "Startup Cost": 0.0,
                                "Total Cost": 5932.46,
                                "Plan Rows": 85233,
                                "Plan Width": 4,
                                "Actual Startup Time": 0.074,
                                "Actual Total Time": 36.989,
                                "Actual Rows": 84843,
                                "Actual Loops": 2,
                                "Filter": "((country_code)::text = '[us]'::text)",
                                "Rows Removed by Filter": 150154
                              }
                            ]
                          }
                        ]
                      },
                      {
                        "Node Type": "Index Only Scan",
                        "Parent Relationship": "Inner",
                        "Parallel Aware": false,
                        "Scan Direction": "Forward",
                        "Index Name": "name_pkey",
                        "Relation Name": "name",
                        "Alias": "n1",
                        "Startup Cost": 0.43,
                        "Total Cost": 0.46,
                        "Plan Rows": 1,
                        "Plan Width": 4,
                        "Actual Startup Time": 0.003,
                        "Actual Total Time": 0.003,
                        "Actual Rows": 1,
                        "Actual Loops": 6403272,
                        "Index Cond": "(id = ci.person_id)",
                        "Rows Removed by Index Recheck": 0,
                        "Heap Fetches": 6403272
                      }
                    ]
                  },
                  {
                    "Node Type": "Hash",
                    "Parent Relationship": "Inner",
                    "Parallel Aware": true,
                    "Startup Cost": 16698.02,
                    "Total Cost": 16698.02,
                    "Plan Rows": 530202,
                    "Plan Width": 20,
                    "Actual Startup Time": 247.166,
                    "Actual Total Time": 247.167,
                    "Actual Rows": 450672,
                    "Actual Loops": 2,
                    "Hash Buckets": 1048576,
                    "Original Hash Buckets": 1048576,
                    "Hash Batches": 1,
                    "Original Hash Batches": 1,
                    "Peak Memory Usage": 58016,
                    "Plans": [
                      {
                        "Node Type": "Seq Scan",
                        "Parent Relationship": "Outer",
                        "Parallel Aware": true,
                        "Relation Name": "aka_name",
                        "Alias": "a1",
                        "Startup Cost": 0.0,
                        "Total Cost": 16698.02,
                        "Plan Rows": 530202,
                        "Plan Width": 20,
                        "Actual Startup Time": 0.057,
                        "Actual Total Time": 80.062,
                        "Actual Rows": 450672,
                        "Actual Loops": 2
                      }
                    ]
                  }
                ]
              }
            ]
          }
        ]
      }
    ]
  },
  "Planning Time": 1.776,
  "Triggers": [],
  "Execution Time": 21866.894
}