[
    {
        "Bao": {
            "Bao prediction": 183.126,
            "Bao recommended hint": "(no hint)"
        }
    },
    {
        "Plan": {
            "Node Type": "Aggregate",
            "Strategy": "Plain",
            "Partial Mode": "Simple",
            "Parallel Aware": false,
            "Startup Cost": 48333.66,
            "Total Cost": 48333.67,
            "Plan Rows": 1,
            "Plan Width": 64,
            "Actual Startup Time": 143.731,
            "Actual Total Time": 166.21,
            "Actual Rows": 1,
            "Actual Loops": 1,
            "Output": [
                "min(n.name)",
                "min(t.title)"
            ],
            "Plans": [
                {
                    "Node Type": "Nested Loop",
                    "Parent Relationship": "Outer",
                    "Parallel Aware": false,
                    "Join Type": "Inner",
                    "Startup Cost": 1003.41,
                    "Total Cost": 48333.65,
                    "Plan Rows": 1,
                    "Plan Width": 32,
                    "Actual Startup Time": 142.196,
                    "Actual Total Time": 166.168,
                    "Actual Rows": 9,
                    "Actual Loops": 1,
                    "Output": [
                        "n.name",
                        "t.title"
                    ],
                    "Inner Unique": true,
                    "Plans": [
                        {
                            "Node Type": "Nested Loop",
                            "Parent Relationship": "Outer",
                            "Parallel Aware": false,
                            "Join Type": "Inner",
                            "Startup Cost": 1003.28,
                            "Total Cost": 48333.48,
                            "Plan Rows": 1,
                            "Plan Width": 36,
                            "Actual Startup Time": 142.161,
                            "Actual Total Time": 166.122,
                            "Actual Rows": 9,
                            "Actual Loops": 1,
                            "Output": [
                                "ci.role_id",
                                "n.name",
                                "t.title"
                            ],
                            "Inner Unique": true,
                            "Join Filter": "(ci.person_id = n.id)",
                            "Rows Removed by Join Filter": 0,
                            "Plans": [
                                {
                                    "Node Type": "Nested Loop",
                                    "Parent Relationship": "Outer",
                                    "Parallel Aware": false,
                                    "Join Type": "Inner",
                                    "Startup Cost": 1002.85,
                                    "Total Cost": 48332.7,
                                    "Plan Rows": 1,
                                    "Plan Width": 29,
                                    "Actual Startup Time": 141.088,
                                    "Actual Total Time": 165.84,
                                    "Actual Rows": 24,
                                    "Actual Loops": 1,
                                    "Output": [
                                        "an.person_id",
                                        "ci.person_id",
                                        "ci.role_id",
                                        "t.title"
                                    ],
                                    "Inner Unique": true,
                                    "Plans": [
                                        {
                                            "Node Type": "Nested Loop",
                                            "Parent Relationship": "Outer",
                                            "Parallel Aware": false,
                                            "Join Type": "Inner",
                                            "Startup Cost": 1002.7,
                                            "Total Cost": 48332.5,
                                            "Plan Rows": 1,
                                            "Plan Width": 33,
                                            "Actual Startup Time": 141.07,
                                            "Actual Total Time": 165.79,
                                            "Actual Rows": 24,
                                            "Actual Loops": 1,
                                            "Output": [
                                                "an.person_id",
                                                "ci.person_id",
                                                "ci.role_id",
                                                "mi.info_type_id",
                                                "t.title"
                                            ],
                                            "Inner Unique": false,
                                            "Join Filter": "(t.id = mi.movie_id)",
                                            "Rows Removed by Join Filter": 0,
                                            "Plans": [
                                                {
                                                    "Node Type": "Nested Loop",
                                                    "Parent Relationship": "Outer",
                                                    "Parallel Aware": false,
                                                    "Join Type": "Inner",
                                                    "Startup Cost": 1002.27,
                                                    "Total Cost": 48329.88,
                                                    "Plan Rows": 1,
                                                    "Plan Width": 41,
                                                    "Actual Startup Time": 140.963,
                                                    "Actual Total Time": 165.102,
                                                    "Actual Rows": 57,
                                                    "Actual Loops": 1,
                                                    "Output": [
                                                        "an.person_id",
                                                        "ci.movie_id",
                                                        "ci.person_id",
                                                        "ci.role_id",
                                                        "mc.movie_id",
                                                        "t.title",
                                                        "t.id"
                                                    ],
                                                    "Inner Unique": true,
                                                    "Plans": [
                                                        {
                                                            "Node Type": "Nested Loop",
                                                            "Parent Relationship": "Outer",
                                                            "Parallel Aware": false,
                                                            "Join Type": "Inner",
                                                            "Startup Cost": 1001.84,
                                                            "Total Cost": 48329.16,
                                                            "Plan Rows": 1,
                                                            "Plan Width": 45,
                                                            "Actual Startup Time": 140.849,
                                                            "Actual Total Time": 164.012,
                                                            "Actual Rows": 57,
                                                            "Actual Loops": 1,
                                                            "Output": [
                                                                "an.person_id",
                                                                "ci.movie_id",
                                                                "ci.person_id",
                                                                "ci.role_id",
                                                                "ci.person_role_id",
                                                                "mc.movie_id",
                                                                "t.title",
                                                                "t.id"
                                                            ],
                                                            "Inner Unique": false,
                                                            "Plans": [
                                                                {
                                                                    "Node Type": "Nested Loop",
                                                                    "Parent Relationship": "Outer",
                                                                    "Parallel Aware": false,
                                                                    "Join Type": "Inner",
                                                                    "Startup Cost": 1001.41,
                                                                    "Total Cost": 48328.59,
                                                                    "Plan Rows": 1,
                                                                    "Plan Width": 41,
                                                                    "Actual Startup Time": 140.735,
                                                                    "Actual Total Time": 163.309,
                                                                    "Actual Rows": 17,
                                                                    "Actual Loops": 1,
                                                                    "Output": [
                                                                        "ci.movie_id",
                                                                        "ci.person_id",
                                                                        "ci.role_id",
                                                                        "ci.person_role_id",
                                                                        "mc.movie_id",
                                                                        "t.title",
                                                                        "t.id"
                                                                    ],
                                                                    "Inner Unique": true,
                                                                    "Plans": [
                                                                        {
                                                                            "Node Type": "Gather",
                                                                            "Parent Relationship": "Outer",
                                                                            "Parallel Aware": false,
                                                                            "Startup Cost": 1001.0,
                                                                            "Total Cost": 48328.0,
                                                                            "Plan Rows": 1,
                                                                            "Plan Width": 45,
                                                                            "Actual Startup Time": 140.678,
                                                                            "Actual Total Time": 163.17,
                                                                            "Actual Rows": 17,
                                                                            "Actual Loops": 1,
                                                                            "Output": [
                                                                                "ci.movie_id",
                                                                                "ci.person_id",
                                                                                "ci.role_id",
                                                                                "ci.person_role_id",
                                                                                "mc.movie_id",
                                                                                "mc.company_id",
                                                                                "t.title",
                                                                                "t.id"
                                                                            ],
                                                                            "Workers Planned": 4,
                                                                            "Workers Launched": 4,
                                                                            "Single Copy": false,
                                                                            "Plans": [
                                                                                {
                                                                                    "Node Type": "Nested Loop",
                                                                                    "Parent Relationship": "Outer",
                                                                                    "Parallel Aware": false,
                                                                                    "Join Type": "Inner",
                                                                                    "Startup Cost": 0.99,
                                                                                    "Total Cost": 47327.9,
                                                                                    "Plan Rows": 1,
                                                                                    "Plan Width": 45,
                                                                                    "Actual Startup Time": 98.669,
                                                                                    "Actual Total Time": 129.435,
                                                                                    "Actual Rows": 3,
                                                                                    "Actual Loops": 5,
                                                                                    "Output": [
                                                                                        "ci.movie_id",
                                                                                        "ci.person_id",
                                                                                        "ci.role_id",
                                                                                        "ci.person_role_id",
                                                                                        "mc.movie_id",
                                                                                        "mc.company_id",
                                                                                        "t.title",
                                                                                        "t.id"
                                                                                    ],
                                                                                    "Inner Unique": false,
                                                                                    "Join Filter": "(t.id = ci.movie_id)",
                                                                                    "Rows Removed by Join Filter": 0,
                                                                                    "Workers": [
                                                                                        {
                                                                                            "Worker Number": 0,
                                                                                            "Actual Startup Time": 8.274,
                                                                                            "Actual Total Time": 126.651,
                                                                                            "Actual Rows": 8,
                                                                                            "Actual Loops": 1
                                                                                        },
                                                                                        {
                                                                                            "Worker Number": 1,
                                                                                            "Actual Startup Time": 126.693,
                                                                                            "Actual Total Time": 126.695,
                                                                                            "Actual Rows": 0,
                                                                                            "Actual Loops": 1
                                                                                        },
                                                                                        {
                                                                                            "Worker Number": 2,
                                                                                            "Actual Startup Time": 127.37,
                                                                                            "Actual Total Time": 127.372,
                                                                                            "Actual Rows": 0,
                                                                                            "Actual Loops": 1
                                                                                        },
                                                                                        {
                                                                                            "Worker Number": 3,
                                                                                            "Actual Startup Time": 92.031,
                                                                                            "Actual Total Time": 127.475,
                                                                                            "Actual Rows": 9,
                                                                                            "Actual Loops": 1
                                                                                        }
                                                                                    ],
                                                                                    "Plans": [
                                                                                        {
                                                                                            "Node Type": "Nested Loop",
                                                                                            "Parent Relationship": "Outer",
                                                                                            "Parallel Aware": false,
                                                                                            "Join Type": "Inner",
                                                                                            "Startup Cost": 0.43,
                                                                                            "Total Cost": 47313.71,
                                                                                            "Plan Rows": 1,
                                                                                            "Plan Width": 29,
                                                                                            "Actual Startup Time": 50.362,
                                                                                            "Actual Total Time": 128.292,
                                                                                            "Actual Rows": 2,
                                                                                            "Actual Loops": 5,
                                                                                            "Output": [
                                                                                                "mc.movie_id",
                                                                                                "mc.company_id",
                                                                                                "t.title",
                                                                                                "t.id"
                                                                                            ],
                                                                                            "Inner Unique": false,
                                                                                            "Workers": [
                                                                                                {
                                                                                                    "Worker Number": 0,
                                                                                                    "Actual Startup Time": 8.105,
                                                                                                    "Actual Total Time": 125.578,
                                                                                                    "Actual Rows": 1,
                                                                                                    "Actual Loops": 1
                                                                                                },
                                                                                                {
                                                                                                    "Worker Number": 1,
                                                                                                    "Actual Startup Time": 3.038,
                                                                                                    "Actual Total Time": 123.328,
                                                                                                    "Actual Rows": 3,
                                                                                                    "Actual Loops": 1
                                                                                                },
                                                                                                {
                                                                                                    "Worker Number": 2,
                                                                                                    "Actual Startup Time": 105.317,
                                                                                                    "Actual Total Time": 127.006,
                                                                                                    "Actual Rows": 1,
                                                                                                    "Actual Loops": 1
                                                                                                },
                                                                                                {
                                                                                                    "Worker Number": 3,
                                                                                                    "Actual Startup Time": 24.096,
                                                                                                    "Actual Total Time": 126.748,
                                                                                                    "Actual Rows": 3,
                                                                                                    "Actual Loops": 1
                                                                                                }
                                                                                            ],
                                                                                            "Plans": [
                                                                                                {
                                                                                                    "Node Type": "Seq Scan",
                                                                                                    "Parent Relationship": "Outer",
                                                                                                    "Parallel Aware": true,
                                                                                                    "Relation Name": "title",
                                                                                                    "Schema": "public",
                                                                                                    "Alias": "t",
                                                                                                    "Startup Cost": 0.0,
                                                                                                    "Total Cost": 47059.85,
                                                                                                    "Plan Rows": 12,
                                                                                                    "Plan Width": 21,
                                                                                                    "Actual Startup Time": 21.745,
                                                                                                    "Actual Total Time": 127.728,
                                                                                                    "Actual Rows": 7,
                                                                                                    "Actual Loops": 5,
                                                                                                    "Output": [
                                                                                                        "t.id",
                                                                                                        "t.title",
                                                                                                        "t.imdb_index",
                                                                                                        "t.kind_id",
                                                                                                        "t.production_year",
                                                                                                        "t.imdb_id",
                                                                                                        "t.phonetic_code",
                                                                                                        "t.episode_of_id",
                                                                                                        "t.season_nr",
                                                                                                        "t.episode_nr",
                                                                                                        "t.series_years",
                                                                                                        "t.md5sum"
                                                                                                    ],
                                                                                                    "Filter": "((t.title ~~ '%Choose%'::text) AND (t.production_year >= 2004) AND (t.production_year <= 2008))",
                                                                                                    "Rows Removed by Filter": 505656,
                                                                                                    "Workers": [
                                                                                                        {
                                                                                                            "Worker Number": 0,
                                                                                                            "Actual Startup Time": 7.885,
                                                                                                            "Actual Total Time": 125.173,
                                                                                                            "Actual Rows": 3,
                                                                                                            "Actual Loops": 1
                                                                                                        },
                                                                                                        {
                                                                                                            "Worker Number": 1,
                                                                                                            "Actual Startup Time": 2.738,
                                                                                                            "Actual Total Time": 122.587,
                                                                                                            "Actual Rows": 6,
                                                                                                            "Actual Loops": 1
                                                                                                        },
                                                                                                        {
                                                                                                            "Worker Number": 2,
                                                                                                            "Actual Startup Time": 58.249,
                                                                                                            "Actual Total Time": 126.565,
                                                                                                            "Actual Rows": 7,
                                                                                                            "Actual Loops": 1
                                                                                                        },
                                                                                                        {
                                                                                                            "Worker Number": 3,
                                                                                                            "Actual Startup Time": 23.903,
                                                                                                            "Actual Total Time": 126.11,
                                                                                                            "Actual Rows": 9,
                                                                                                            "Actual Loops": 1
                                                                                                        }
                                                                                                    ]
                                                                                                },
                                                                                                {
                                                                                                    "Node Type": "Index Scan",
                                                                                                    "Parent Relationship": "Inner",
                                                                                                    "Parallel Aware": false,
                                                                                                    "Scan Direction": "Forward",
                                                                                                    "Index Name": "movie_id_movie_companies",
                                                                                                    "Relation Name": "movie_companies",
                                                                                                    "Schema": "public",
                                                                                                    "Alias": "mc",
                                                                                                    "Startup Cost": 0.43,
                                                                                                    "Total Cost": 21.14,
                                                                                                    "Plan Rows": 1,
                                                                                                    "Plan Width": 8,
                                                                                                    "Actual Startup Time": 0.072,
                                                                                                    "Actual Total Time": 0.078,
                                                                                                    "Actual Rows": 0,
                                                                                                    "Actual Loops": 34,
                                                                                                    "Output": [
                                                                                                        "mc.id",
                                                                                                        "mc.movie_id",
                                                                                                        "mc.company_id",
                                                                                                        "mc.company_type_id",
                                                                                                        "mc.note"
                                                                                                    ],
                                                                                                    "Index Cond": "(mc.movie_id = t.id)",
                                                                                                    "Rows Removed by Index Recheck": 0,
                                                                                                    "Filter": "((mc.note ~~ '%(200%)%'::text) AND ((mc.note ~~ '%(USA)%'::text) OR (mc.note ~~ '%(worldwide)%'::text)))",
                                                                                                    "Rows Removed by Filter": 1,
                                                                                                    "Workers": [
                                                                                                        {
                                                                                                            "Worker Number": 0,
                                                                                                            "Actual Startup Time": 0.113,
                                                                                                            "Actual Total Time": 0.128,
                                                                                                            "Actual Rows": 0,
                                                                                                            "Actual Loops": 3
                                                                                                        },
                                                                                                        {
                                                                                                            "Worker Number": 1,
                                                                                                            "Actual Startup Time": 0.1,
                                                                                                            "Actual Total Time": 0.118,
                                                                                                            "Actual Rows": 0,
                                                                                                            "Actual Loops": 6
                                                                                                        },
                                                                                                        {
                                                                                                            "Worker Number": 2,
                                                                                                            "Actual Startup Time": 0.057,
                                                                                                            "Actual Total Time": 0.059,
                                                                                                            "Actual Rows": 0,
                                                                                                            "Actual Loops": 7
                                                                                                        },
                                                                                                        {
                                                                                                            "Worker Number": 3,
                                                                                                            "Actual Startup Time": 0.062,
                                                                                                            "Actual Total Time": 0.067,
                                                                                                            "Actual Rows": 0,
                                                                                                            "Actual Loops": 9
                                                                                                        }
                                                                                                    ]
                                                                                                }
                                                                                            ]
                                                                                        },
                                                                                        {
                                                                                            "Node Type": "Index Scan",
                                                                                            "Parent Relationship": "Inner",
                                                                                            "Parallel Aware": false,
                                                                                            "Scan Direction": "Forward",
                                                                                            "Index Name": "movie_id_cast_info",
                                                                                            "Relation Name": "cast_info",
                                                                                            "Schema": "public",
                                                                                            "Alias": "ci",
                                                                                            "Startup Cost": 0.56,
                                                                                            "Total Cost": 14.18,
                                                                                            "Plan Rows": 1,
                                                                                            "Plan Width": 16,
                                                                                            "Actual Startup Time": 0.482,
                                                                                            "Actual Total Time": 0.628,
                                                                                            "Actual Rows": 2,
                                                                                            "Actual Loops": 9,
                                                                                            "Output": [
                                                                                                "ci.id",
                                                                                                "ci.person_id",
                                                                                                "ci.movie_id",
                                                                                                "ci.person_role_id",
                                                                                                "ci.note",
                                                                                                "ci.nr_order",
                                                                                                "ci.role_id"
                                                                                            ],
                                                                                            "Index Cond": "(ci.movie_id = mc.movie_id)",
                                                                                            "Rows Removed by Index Recheck": 0,
                                                                                            "Filter": "(ci.note = '(voice)'::text)",
                                                                                            "Rows Removed by Filter": 30,
                                                                                            "Workers": [
                                                                                                {
                                                                                                    "Worker Number": 0,
                                                                                                    "Actual Startup Time": 0.161,
                                                                                                    "Actual Total Time": 1.053,
                                                                                                    "Actual Rows": 8,
                                                                                                    "Actual Loops": 1
                                                                                                },
                                                                                                {
                                                                                                    "Worker Number": 1,
                                                                                                    "Actual Startup Time": 1.118,
                                                                                                    "Actual Total Time": 1.118,
                                                                                                    "Actual Rows": 0,
                                                                                                    "Actual Loops": 3
                                                                                                },
                                                                                                {
                                                                                                    "Worker Number": 2,
                                                                                                    "Actual Startup Time": 0.354,
                                                                                                    "Actual Total Time": 0.354,
                                                                                                    "Actual Rows": 0,
                                                                                                    "Actual Loops": 1
                                                                                                },
                                                                                                {
                                                                                                    "Worker Number": 3,
                                                                                                    "Actual Startup Time": 0.097,
                                                                                                    "Actual Total Time": 0.239,
                                                                                                    "Actual Rows": 3,
                                                                                                    "Actual Loops": 3
                                                                                                }
                                                                                            ]
                                                                                        }
                                                                                    ]
                                                                                }
                                                                            ]
                                                                        },
                                                                        {
                                                                            "Node Type": "Index Scan",
                                                                            "Parent Relationship": "Inner",
                                                                            "Parallel Aware": false,
                                                                            "Scan Direction": "Forward",
                                                                            "Index Name": "company_name_pkey",
                                                                            "Relation Name": "company_name",
                                                                            "Schema": "public",
                                                                            "Alias": "cn",
                                                                            "Startup Cost": 0.42,
                                                                            "Total Cost": 0.59,
                                                                            "Plan Rows": 1,
                                                                            "Plan Width": 4,
                                                                            "Actual Startup Time": 0.006,
                                                                            "Actual Total Time": 0.006,
                                                                            "Actual Rows": 1,
                                                                            "Actual Loops": 17,
                                                                            "Output": [
                                                                                "cn.id",
                                                                                "cn.name",
                                                                                "cn.country_code",
                                                                                "cn.imdb_id",
                                                                                "cn.name_pcode_nf",
                                                                                "cn.name_pcode_sf",
                                                                                "cn.md5sum"
                                                                            ],
                                                                            "Index Cond": "(cn.id = mc.company_id)",
                                                                            "Rows Removed by Index Recheck": 0,
                                                                            "Filter": "((cn.country_code)::text = '[us]'::text)",
                                                                            "Rows Removed by Filter": 0
                                                                        }
                                                                    ]
                                                                },
                                                                {
                                                                    "Node Type": "Index Only Scan",
                                                                    "Parent Relationship": "Inner",
                                                                    "Parallel Aware": false,
                                                                    "Scan Direction": "Forward",
                                                                    "Index Name": "person_id_aka_name",
                                                                    "Relation Name": "aka_name",
                                                                    "Schema": "public",
                                                                    "Alias": "an",
                                                                    "Startup Cost": 0.42,
                                                                    "Total Cost": 0.54,
                                                                    "Plan Rows": 2,
                                                                    "Plan Width": 4,
                                                                    "Actual Startup Time": 0.033,
                                                                    "Actual Total Time": 0.04,
                                                                    "Actual Rows": 3,
                                                                    "Actual Loops": 17,
                                                                    "Output": [
                                                                        "an.person_id"
                                                                    ],
                                                                    "Index Cond": "(an.person_id = ci.person_id)",
                                                                    "Rows Removed by Index Recheck": 0,
                                                                    "Heap Fetches": 57
                                                                }
                                                            ]
                                                        },
                                                        {
                                                            "Node Type": "Index Only Scan",
                                                            "Parent Relationship": "Inner",
                                                            "Parallel Aware": false,
                                                            "Scan Direction": "Forward",
                                                            "Index Name": "char_name_pkey",
                                                            "Relation Name": "char_name",
                                                            "Schema": "public",
                                                            "Alias": "chn",
                                                            "Startup Cost": 0.43,
                                                            "Total Cost": 0.72,
                                                            "Plan Rows": 1,
                                                            "Plan Width": 4,
                                                            "Actual Startup Time": 0.018,
                                                            "Actual Total Time": 0.018,
                                                            "Actual Rows": 1,
                                                            "Actual Loops": 57,
                                                            "Output": [
                                                                "chn.id"
                                                            ],
                                                            "Index Cond": "(chn.id = ci.person_role_id)",
                                                            "Rows Removed by Index Recheck": 0,
                                                            "Heap Fetches": 57
                                                        }
                                                    ]
                                                },
                                                {
                                                    "Node Type": "Index Scan",
                                                    "Parent Relationship": "Inner",
                                                    "Parallel Aware": false,
                                                    "Scan Direction": "Forward",
                                                    "Index Name": "movie_id_movie_info",
                                                    "Relation Name": "movie_info",
                                                    "Schema": "public",
                                                    "Alias": "mi",
                                                    "Startup Cost": 0.43,
                                                    "Total Cost": 2.61,
                                                    "Plan Rows": 1,
                                                    "Plan Width": 8,
                                                    "Actual Startup Time": 0.01,
                                                    "Actual Total Time": 0.011,
                                                    "Actual Rows": 0,
                                                    "Actual Loops": 57,
                                                    "Output": [
                                                        "mi.id",
                                                        "mi.movie_id",
                                                        "mi.info_type_id",
                                                        "mi.info",
                                                        "mi.note"
                                                    ],
                                                    "Index Cond": "(mi.movie_id = ci.movie_id)",
                                                    "Rows Removed by Index Recheck": 0,
                                                    "Filter": "((mi.info IS NOT NULL) AND ((mi.info ~~ 'Japan:%2007%'::text) OR (mi.info ~~ 'USA:%2008%'::text)))",
                                                    "Rows Removed by Filter": 11
                                                }
                                            ]
                                        },
                                        {
                                            "Node Type": "Index Scan",
                                            "Parent Relationship": "Inner",
                                            "Parallel Aware": false,
                                            "Scan Direction": "Forward",
                                            "Index Name": "info_type_pkey",
                                            "Relation Name": "info_type",
                                            "Schema": "public",
                                            "Alias": "it",
                                            "Startup Cost": 0.14,
                                            "Total Cost": 0.17,
                                            "Plan Rows": 1,
                                            "Plan Width": 4,
                                            "Actual Startup Time": 0.002,
                                            "Actual Total Time": 0.002,
                                            "Actual Rows": 1,
                                            "Actual Loops": 24,
                                            "Output": [
                                                "it.id",
                                                "it.info"
                                            ],
                                            "Index Cond": "(it.id = mi.info_type_id)",
                                            "Rows Removed by Index Recheck": 0,
                                            "Filter": "((it.info)::text = 'release dates'::text)",
                                            "Rows Removed by Filter": 0
                                        }
                                    ]
                                },
                                {
                                    "Node Type": "Index Scan",
                                    "Parent Relationship": "Inner",
                                    "Parallel Aware": false,
                                    "Scan Direction": "Forward",
                                    "Index Name": "name_pkey",
                                    "Relation Name": "name",
                                    "Schema": "public",
                                    "Alias": "n",
                                    "Startup Cost": 0.43,
                                    "Total Cost": 0.77,
                                    "Plan Rows": 1,
                                    "Plan Width": 19,
                                    "Actual Startup Time": 0.011,
                                    "Actual Total Time": 0.011,
                                    "Actual Rows": 0,
                                    "Actual Loops": 24,
                                    "Output": [
                                        "n.id",
                                        "n.name",
                                        "n.imdb_index",
                                        "n.imdb_id",
                                        "n.gender",
                                        "n.name_pcode_cf",
                                        "n.name_pcode_nf",
                                        "n.surname_pcode",
                                        "n.md5sum"
                                    ],
                                    "Index Cond": "(n.id = an.person_id)",
                                    "Rows Removed by Index Recheck": 0,
                                    "Filter": "((n.name ~~ '%Wendy%'::text) AND ((n.gender)::text = 'f'::text))",
                                    "Rows Removed by Filter": 1
                                }
                            ]
                        },
                        {
                            "Node Type": "Index Scan",
                            "Parent Relationship": "Inner",
                            "Parallel Aware": false,
                            "Scan Direction": "Forward",
                            "Index Name": "role_type_pkey",
                            "Relation Name": "role_type",
                            "Schema": "public",
                            "Alias": "rt",
                            "Startup Cost": 0.14,
                            "Total Cost": 0.16,
                            "Plan Rows": 1,
                            "Plan Width": 4,
                            "Actual Startup Time": 0.004,
                            "Actual Total Time": 0.004,
                            "Actual Rows": 1,
                            "Actual Loops": 9,
                            "Output": [
                                "rt.id",
                                "rt.role"
                            ],
                            "Index Cond": "(rt.id = ci.role_id)",
                            "Rows Removed by Index Recheck": 0,
                            "Filter": "((rt.role)::text = 'actress'::text)",
                            "Rows Removed by Filter": 0
                        }
                    ]
                }
            ]
        },
        "Planning Time": 729.012,
        "Triggers": [],
        "Execution Time": 167.269
    }
]