[
  {
    "Plan": {
      "Node Type": "Aggregate",
      "Strategy": "Plain",
      "Partial Mode": "Finalize",
      "Parallel Aware": false,
      "Startup Cost": 32023.36,
      "Total Cost": 32023.37,
      "Plan Rows": 1,
      "Plan Width": 8,
      "Actual Startup Time": 97.001,
      "Actual Total Time": 104.552,
      "Actual Rows": 1,
      "Actual Loops": 1,
      "Plans": [
        {
          "Node Type": "Gather",
          "Parent Relationship": "Outer",
          "Parallel Aware": false,
          "Startup Cost": 32023.04,
          "Total Cost": 32023.35,
          "Plan Rows": 3,
          "Plan Width": 8,
          "Actual Startup Time": 96.713,
          "Actual Total Time": 104.545,
          "Actual Rows": 4,
          "Actual Loops": 1,
          "Workers Planned": 3,
          "Workers Launched": 3,
          "Single Copy": false,
          "Plans": [
            {
              "Node Type": "Aggregate",
              "Strategy": "Plain",
              "Partial Mode": "Partial",
              "Parent Relationship": "Outer",
              "Parallel Aware": false,
              "Startup Cost": 31023.04,
              "Total Cost": 31023.05,
              "Plan Rows": 1,
              "Plan Width": 8,
              "Actual Startup Time": 90.2,
              "Actual Total Time": 90.202,
              "Actual Rows": 1,
              "Actual Loops": 4,
              "Plans": [
                {
                  "Node Type": "Bitmap Heap Scan",
                  "Parent Relationship": "Outer",
                  "Parallel Aware": true,
                  "Relation Name": "movie_keyword",
                  "Alias": "mk",
                  "Startup Cost": 5349.59,
                  "Total Cost": 30819.8,
                  "Plan Rows": 81297,
                  "Plan Width": 0,
                  "Actual Startup Time": 32.226,
                  "Actual Total Time": 86.292,
                  "Actual Rows": 60364,
                  "Actual Loops": 4,
                  "Recheck Cond": "(keyword_id > 61653)",
                  "Rows Removed by Index Recheck": 0,
                  "Exact Heap Blocks": 11414,
                  "Lossy Heap Blocks": 0,
                  "Plans": [
                    {
                      "Node Type": "Bitmap Index Scan",
                      "Parent Relationship": "Outer",
                      "Parallel Aware": false,
                      "Index Name": "keyword_id_movie_keyword",
                      "Startup Cost": 0.0,
                      "Total Cost": 5286.58,
                      "Plan Rows": 252020,
                      "Plan Width": 0,
                      "Actual Startup Time": 33.898,
                      "Actual Total Time": 33.898,
                      "Actual Rows": 241454,
                      "Actual Loops": 1,
                      "Index Cond": "(keyword_id > 61653)"
                    }
                  ]
                }
              ]
            }
          ]
        }
      ]
    },
    "Planning Time": 0.147,
    "Triggers": [],
    "Execution Time": 104.615
  }
]