[
  {
    "Plan": {
      "Node Type": "Aggregate",
      "Strategy": "Plain",
      "Partial Mode": "Finalize",
      "Parallel Aware": false,
      "Startup Cost": 78053.76,
      "Total Cost": 78053.77,
      "Plan Rows": 1,
      "Plan Width": 8,
      "Actual Startup Time": 325.788,
      "Actual Total Time": 340.796,
      "Actual Rows": 1,
      "Actual Loops": 1,
      "Plans": [
        {
          "Node Type": "Gather",
          "Parent Relationship": "Outer",
          "Parallel Aware": false,
          "Startup Cost": 78053.45,
          "Total Cost": 78053.76,
          "Plan Rows": 3,
          "Plan Width": 8,
          "Actual Startup Time": 323.787,
          "Actual Total Time": 340.788,
          "Actual Rows": 4,
          "Actual Loops": 1,
          "Workers Planned": 3,
          "Workers Launched": 3,
          "Single Copy": false,
          "Plans": [
            {
              "Node Type": "Aggregate",
              "Strategy": "Plain",
              "Partial Mode": "Partial",
              "Parent Relationship": "Outer",
              "Parallel Aware": false,
              "Startup Cost": 77053.45,
              "Total Cost": 77053.46,
              "Plan Rows": 1,
              "Plan Width": 8,
              "Actual Startup Time": 318.455,
              "Actual Total Time": 318.458,
              "Actual Rows": 1,
              "Actual Loops": 4,
              "Plans": [
                {
                  "Node Type": "Hash Join",
                  "Parent Relationship": "Outer",
                  "Parallel Aware": true,
                  "Join Type": "Inner",
                  "Startup Cost": 47183.74,
                  "Total Cost": 76599.63,
                  "Plan Rows": 181528,
                  "Plan Width": 0,
                  "Actual Startup Time": 168.306,
                  "Actual Total Time": 309.961,
                  "Actual Rows": 202147,
                  "Actual Loops": 4,
                  "Inner Unique": true,
                  "Hash Cond": "(mc.movie_id = t.id)",
                  "Plans": [
                    {
                      "Node Type": "Seq Scan",
                      "Parent Relationship": "Outer",
                      "Parallel Aware": true,
                      "Relation Name": "movie_companies",
                      "Alias": "mc",
                      "Startup Cost": 0.0,
                      "Total Cost": 27206.55,
                      "Plan Rows": 841655,
                      "Plan Width": 4,
                      "Actual Startup Time": 0.016,
                      "Actual Total Time": 57.544,
                      "Actual Rows": 652282,
                      "Actual Loops": 4
                    },
                    {
                      "Node Type": "Hash",
                      "Parent Relationship": "Inner",
                      "Parallel Aware": true,
                      "Startup Cost": 45479.59,
                      "Total Cost": 45479.59,
                      "Plan Rows": 136332,
                      "Plan Width": 4,
                      "Actual Startup Time": 138.346,
                      "Actual Total Time": 138.346,
                      "Actual Rows": 106312,
                      "Actual Loops": 4,
                      "Hash Buckets": 1048576,
                      "Original Hash Buckets": 1048576,
                      "Hash Batches": 1,
                      "Original Hash Batches": 1,
                      "Peak Memory Usage": 24864,
                      "Plans": [
                        {
                          "Node Type": "Seq Scan",
                          "Parent Relationship": "Outer",
                          "Parallel Aware": true,
                          "Relation Name": "title",
                          "Alias": "t",
                          "Startup Cost": 0.0,
                          "Total Cost": 45479.59,
                          "Plan Rows": 136332,
                          "Plan Width": 4,
                          "Actual Startup Time": 40.001,
                          "Actual Total Time": 97.41,
                          "Actual Rows": 106312,
                          "Actual Loops": 4,
                          "Filter": "((production_year > 1970) AND (kind_id = 1))",
                          "Rows Removed by Filter": 525766
                        }
                      ]
                    }
                  ]
                }
              ]
            }
          ]
        }
      ]
    },
    "Planning Time": 0.223,
    "Triggers": [],
    "Execution Time": 340.835
  }
]