{
  "Plan": {
    "Node Type": "Aggregate",
    "Strategy": "Plain",
    "Partial Mode": "Finalize",
    "Parallel Aware": false,
    "Startup Cost": 65709.7,
    "Total Cost": 65709.71,
    "Plan Rows": 1,
    "Plan Width": 8,
    "Actual Startup Time": 154.208,
    "Actual Total Time": 168.511,
    "Actual Rows": 1,
    "Actual Loops": 1,
    "Plans": [
      {
        "Node Type": "Gather",
        "Parent Relationship": "Outer",
        "Parallel Aware": false,
        "Startup Cost": 65709.59,
        "Total Cost": 65709.7,
        "Plan Rows": 1,
        "Plan Width": 8,
        "Actual Startup Time": 154.085,
        "Actual Total Time": 168.504,
        "Actual Rows": 2,
        "Actual Loops": 1,
        "Workers Planned": 1,
        "Workers Launched": 1,
        "Single Copy": false,
        "Plans": [
          {
            "Node Type": "Aggregate",
            "Strategy": "Plain",
            "Partial Mode": "Partial",
            "Parent Relationship": "Outer",
            "Parallel Aware": false,
            "Startup Cost": 64709.59,
            "Total Cost": 64709.6,
            "Plan Rows": 1,
            "Plan Width": 8,
            "Actual Startup Time": 148.182,
            "Actual Total Time": 148.183,
            "Actual Rows": 1,
            "Actual Loops": 2,
            "Plans": [
              {
                "Node Type": "Nested Loop",
                "Parent Relationship": "Outer",
                "Parallel Aware": false,
                "Join Type": "Inner",
                "Startup Cost": 0.43,
                "Total Cost": 64705.14,
                "Plan Rows": 1778,
                "Plan Width": 0,
                "Actual Startup Time": 93.06,
                "Actual Total Time": 147.824,
                "Actual Rows": 7720,
                "Actual Loops": 2,
                "Inner Unique": false,
                "Plans": [
                  {
                    "Node Type": "Seq Scan",
                    "Parent Relationship": "Outer",
                    "Parallel Aware": true,
                    "Relation Name": "title",
                    "Alias": "t",
                    "Startup Cost": 0.0,
                    "Total Cost": 54588.39,
                    "Plan Rows": 1065,
                    "Plan Width": 4,
                    "Actual Startup Time": 92.993,
                    "Actual Total Time": 134.65,
                    "Actual Rows": 1216,
                    "Actual Loops": 2,
                    "Filter": "(production_year = 1933)",
                    "Rows Removed by Filter": 1262940
                  },
                  {
                    "Node Type": "Index Scan",
                    "Parent Relationship": "Inner",
                    "Parallel Aware": false,
                    "Scan Direction": "Forward",
                    "Index Name": "movie_id_movie_keyword",
                    "Relation Name": "movie_keyword",
                    "Alias": "mk",
                    "Startup Cost": 0.43,
                    "Total Cost": 9.08,
                    "Plan Rows": 42,
                    "Plan Width": 4,
                    "Actual Startup Time": 0.009,
                    "Actual Total Time": 0.01,
                    "Actual Rows": 6,
                    "Actual Loops": 2433,
                    "Index Cond": "(movie_id = t.id)",
                    "Rows Removed by Index Recheck": 0,
                    "Filter": "(keyword_id < 54321)",
                    "Rows Removed by Filter": 1
                  }
                ]
              }
            ]
          }
        ]
      }
    ]
  },
  "Planning Time": 0.438,
  "Triggers": [],
  "Execution Time": 168.581
}