[
  {
    "Plan": {
      "Node Type": "Aggregate",
      "Strategy": "Plain",
      "Partial Mode": "Finalize",
      "Parallel Aware": false,
      "Startup Cost": 71175.83,
      "Total Cost": 71175.84,
      "Plan Rows": 1,
      "Plan Width": 8,
      "Actual Startup Time": 312.703,
      "Actual Total Time": 324.567,
      "Actual Rows": 1,
      "Actual Loops": 1,
      "Plans": [
        {
          "Node Type": "Gather",
          "Parent Relationship": "Outer",
          "Parallel Aware": false,
          "Startup Cost": 71175.51,
          "Total Cost": 71175.82,
          "Plan Rows": 3,
          "Plan Width": 8,
          "Actual Startup Time": 307.426,
          "Actual Total Time": 324.559,
          "Actual Rows": 4,
          "Actual Loops": 1,
          "Workers Planned": 3,
          "Workers Launched": 3,
          "Single Copy": false,
          "Plans": [
            {
              "Node Type": "Aggregate",
              "Strategy": "Plain",
              "Partial Mode": "Partial",
              "Parent Relationship": "Outer",
              "Parallel Aware": false,
              "Startup Cost": 70175.51,
              "Total Cost": 70175.52,
              "Plan Rows": 1,
              "Plan Width": 8,
              "Actual Startup Time": 297.654,
              "Actual Total Time": 297.657,
              "Actual Rows": 1,
              "Actual Loops": 4,
              "Plans": [
                {
                  "Node Type": "Hash Join",
                  "Parent Relationship": "Outer",
                  "Parallel Aware": true,
                  "Join Type": "Inner",
                  "Startup Cost": 50925.34,
                  "Total Cost": 70130.51,
                  "Plan Rows": 18003,
                  "Plan Width": 0,
                  "Actual Startup Time": 278.255,
                  "Actual Total Time": 297.002,
                  "Actual Rows": 14585,
                  "Actual Loops": 4,
                  "Inner Unique": true,
                  "Hash Cond": "(mc.movie_id = t.id)",
                  "Plans": [
                    {
                      "Node Type": "Bitmap Heap Scan",
                      "Parent Relationship": "Outer",
                      "Parallel Aware": true,
                      "Relation Name": "movie_companies",
                      "Alias": "mc",
                      "Startup Cost": 1843.89,
                      "Total Cost": 20976.99,
                      "Plan Rows": 27449,
                      "Plan Width": 4,
                      "Actual Startup Time": 3.738,
                      "Actual Total Time": 10.622,
                      "Actual Rows": 21200,
                      "Actual Loops": 4,
                      "Recheck Cond": "(company_id > 166963)",
                      "Rows Removed by Index Recheck": 0,
                      "Exact Heap Blocks": 736,
                      "Lossy Heap Blocks": 0,
                      "Plans": [
                        {
                          "Node Type": "Bitmap Index Scan",
                          "Parent Relationship": "Outer",
                          "Parallel Aware": false,
                          "Index Name": "company_id_movie_companies",
                          "Startup Cost": 0.0,
                          "Total Cost": 1822.61,
                          "Plan Rows": 85091,
                          "Plan Width": 0,
                          "Actual Startup Time": 3.283,
                          "Actual Total Time": 3.284,
                          "Actual Rows": 84799,
                          "Actual Loops": 1,
                          "Index Cond": "(company_id > 166963)"
                        }
                      ]
                    },
                    {
                      "Node Type": "Hash",
                      "Parent Relationship": "Inner",
                      "Parallel Aware": true,
                      "Startup Cost": 43899.32,
                      "Total Cost": 43899.32,
                      "Plan Rows": 414571,
                      "Plan Width": 4,
                      "Actual Startup Time": 268.239,
                      "Actual Total Time": 268.24,
                      "Actual Rows": 410878,
                      "Actual Loops": 4,
                      "Hash Buckets": 2097152,
                      "Original Hash Buckets": 2097152,
                      "Hash Batches": 1,
                      "Original Hash Batches": 1,
                      "Peak Memory Usage": 80768,
                      "Plans": [
                        {
                          "Node Type": "Seq Scan",
                          "Parent Relationship": "Outer",
                          "Parallel Aware": true,
                          "Relation Name": "title",
                          "Alias": "t",
                          "Startup Cost": 0.0,
                          "Total Cost": 43899.32,
                          "Plan Rows": 414571,
                          "Plan Width": 4,
                          "Actual Startup Time": 0.043,
                          "Actual Total Time": 109.611,
                          "Actual Rows": 410878,
                          "Actual Loops": 4,
                          "Filter": "(production_year > 1994)",
                          "Rows Removed by Filter": 221200
                        }
                      ]
                    }
                  ]
                }
              ]
            }
          ]
        }
      ]
    },
    "Planning Time": 0.62,
    "Triggers": [],
    "Execution Time": 324.631
  }
]