{
  "Plan": {
    "Node Type": "Aggregate",
    "Strategy": "Plain",
    "Partial Mode": "Finalize",
    "Parallel Aware": false,
    "Startup Cost": 900399.52,
    "Total Cost": 900399.53,
    "Plan Rows": 1,
    "Plan Width": 8,
    "Actual Startup Time": 10375.683,
    "Actual Total Time": 10451.889,
    "Actual Rows": 1,
    "Actual Loops": 1,
    "Plans": [
      {
        "Node Type": "Gather",
        "Parent Relationship": "Outer",
        "Parallel Aware": false,
        "Startup Cost": 900399.41,
        "Total Cost": 900399.52,
        "Plan Rows": 1,
        "Plan Width": 8,
        "Actual Startup Time": 10368.155,
        "Actual Total Time": 10451.879,
        "Actual Rows": 2,
        "Actual Loops": 1,
        "Workers Planned": 1,
        "Workers Launched": 1,
        "Single Copy": false,
        "Plans": [
          {
            "Node Type": "Aggregate",
            "Strategy": "Plain",
            "Partial Mode": "Partial",
            "Parent Relationship": "Outer",
            "Parallel Aware": false,
            "Startup Cost": 899399.41,
            "Total Cost": 899399.42,
            "Plan Rows": 1,
            "Plan Width": 8,
            "Actual Startup Time": 10359.463,
            "Actual Total Time": 10359.469,
            "Actual Rows": 1,
            "Actual Loops": 2,
            "Plans": [
              {
                "Node Type": "Hash Join",
                "Parent Relationship": "Outer",
                "Parallel Aware": true,
                "Join Type": "Inner",
                "Startup Cost": 271453.34,
                "Total Cost": 874872.16,
                "Plan Rows": 9810900,
                "Plan Width": 0,
                "Actual Startup Time": 993.16,
                "Actual Total Time": 8918.75,
                "Actual Rows": 34726492,
                "Actual Loops": 2,
                "Inner Unique": false,
                "Hash Cond": "(ci.movie_id = t.id)",
                "Plans": [
                  {
                    "Node Type": "Seq Scan",
                    "Parent Relationship": "Outer",
                    "Parallel Aware": true,
                    "Relation Name": "cast_info",
                    "Alias": "ci",
                    "Startup Cost": 0.0,
                    "Total Cost": 465792.95,
                    "Plan Rows": 21310595,
                    "Plan Width": 4,
                    "Actual Startup Time": 0.02,
                    "Actual Total Time": 1389.751,
                    "Actual Rows": 18122172,
                    "Actual Loops": 2
                  },
                  {
                    "Node Type": "Hash",
                    "Parent Relationship": "Inner",
                    "Parallel Aware": true,
                    "Startup Cost": 262894.76,
                    "Total Cost": 262894.76,
                    "Plan Rows": 684686,
                    "Plan Width": 8,
                    "Actual Startup Time": 978.106,
                    "Actual Total Time": 978.11,
                    "Actual Rows": 557690,
                    "Actual Loops": 2,
                    "Hash Buckets": 2097152,
                    "Original Hash Buckets": 2097152,
                    "Hash Batches": 1,
                    "Original Hash Batches": 1,
                    "Peak Memory Usage": 60064,
                    "Plans": [
                      {
                        "Node Type": "Hash Join",
                        "Parent Relationship": "Outer",
                        "Parallel Aware": true,
                        "Join Type": "Inner",
                        "Startup Cost": 90545.88,
                        "Total Cost": 262894.76,
                        "Plan Rows": 684686,
                        "Plan Width": 8,
                        "Actual Startup Time": 565.79,
                        "Actual Total Time": 842.885,
                        "Actual Rows": 557690,
                        "Actual Loops": 2,
                        "Inner Unique": true,
                        "Hash Cond": "(mi.movie_id = t.id)",
                        "Plans": [
                          {
                            "Node Type": "Bitmap Heap Scan",
                            "Parent Relationship": "Outer",
                            "Parallel Aware": true,
                            "Relation Name": "movie_info",
                            "Alias": "mi",
                            "Startup Cost": 21085.18,
                            "Total Cost": 191636.76,
                            "Plan Rows": 684686,
                            "Plan Width": 4,
                            "Actual Startup Time": 48.816,
                            "Actual Total Time": 147.964,
                            "Actual Rows": 557690,
                            "Actual Loops": 2,
                            "Recheck Cond": "(info_type_id > 63)",
                            "Rows Removed by Index Recheck": 0,
                            "Exact Heap Blocks": 18637,
                            "Lossy Heap Blocks": 0,
                            "Plans": [
                              {
                                "Node Type": "Bitmap Index Scan",
                                "Parent Relationship": "Outer",
                                "Parallel Aware": false,
                                "Index Name": "info_type_id_movie_info",
                                "Startup Cost": 0.0,
                                "Total Cost": 20794.19,
                                "Plan Rows": 1163967,
                                "Plan Width": 0,
                                "Actual Startup Time": 43.183,
                                "Actual Total Time": 43.183,
                                "Actual Rows": 1115380,
                                "Actual Loops": 1,
                                "Index Cond": "(info_type_id > 63)"
                              }
                            ]
                          },
                          {
                            "Node Type": "Hash",
                            "Parent Relationship": "Inner",
                            "Parallel Aware": true,
                            "Startup Cost": 50870.31,
                            "Total Cost": 50870.31,
                            "Plan Rows": 1487231,
                            "Plan Width": 4,
                            "Actual Startup Time": 502.96,
                            "Actual Total Time": 502.961,
                            "Actual Rows": 1264156,
                            "Actual Loops": 2,
                            "Hash Buckets": 4194304,
                            "Original Hash Buckets": 4194304,
                            "Hash Batches": 1,
                            "Original Hash Batches": 1,
                            "Peak Memory Usage": 131712,
                            "Plans": [
                              {
                                "Node Type": "Seq Scan",
                                "Parent Relationship": "Outer",
                                "Parallel Aware": true,
                                "Relation Name": "title",
                                "Alias": "t",
                                "Startup Cost": 0.0,
                                "Total Cost": 50870.31,
                                "Plan Rows": 1487231,
                                "Plan Width": 4,
                                "Actual Startup Time": 0.044,
                                "Actual Total Time": 152.204,
                                "Actual Rows": 1264156,
                                "Actual Loops": 2
                              }
                            ]
                          }
                        ]
                      }
                    ]
                  }
                ]
              }
            ]
          }
        ]
      }
    ]
  },
  "Planning Time": 1.062,
  "Triggers": [],
  "Execution Time": 10452.01
}