[
  {
    "Plan": {
      "Node Type": "Aggregate",
      "Strategy": "Plain",
      "Partial Mode": "Finalize",
      "Parallel Aware": false,
      "Startup Cost": 25870.65,
      "Total Cost": 25870.66,
      "Plan Rows": 1,
      "Plan Width": 8,
      "Actual Startup Time": 83.456,
      "Actual Total Time": 89.634,
      "Actual Rows": 1,
      "Actual Loops": 1,
      "Plans": [
        {
          "Node Type": "Gather",
          "Parent Relationship": "Outer",
          "Parallel Aware": false,
          "Startup Cost": 25870.33,
          "Total Cost": 25870.64,
          "Plan Rows": 3,
          "Plan Width": 8,
          "Actual Startup Time": 83.249,
          "Actual Total Time": 89.626,
          "Actual Rows": 4,
          "Actual Loops": 1,
          "Workers Planned": 3,
          "Workers Launched": 3,
          "Single Copy": false,
          "Plans": [
            {
              "Node Type": "Aggregate",
              "Strategy": "Plain",
              "Partial Mode": "Partial",
              "Parent Relationship": "Outer",
              "Parallel Aware": false,
              "Startup Cost": 24870.33,
              "Total Cost": 24870.34,
              "Plan Rows": 1,
              "Plan Width": 8,
              "Actual Startup Time": 76.079,
              "Actual Total Time": 76.08,
              "Actual Rows": 1,
              "Actual Loops": 4,
              "Plans": [
                {
                  "Node Type": "Bitmap Heap Scan",
                  "Parent Relationship": "Outer",
                  "Parallel Aware": true,
                  "Relation Name": "movie_companies",
                  "Alias": "mc",
                  "Startup Cost": 4970.31,
                  "Total Cost": 24685.33,
                  "Plan Rows": 74001,
                  "Plan Width": 0,
                  "Actual Startup Time": 27.812,
                  "Actual Total Time": 71.584,
                  "Actual Rows": 57134,
                  "Actual Loops": 4,
                  "Recheck Cond": "(company_id < 91)",
                  "Rows Removed by Index Recheck": 0,
                  "Exact Heap Blocks": 9779,
                  "Lossy Heap Blocks": 0,
                  "Plans": [
                    {
                      "Node Type": "Bitmap Index Scan",
                      "Parent Relationship": "Outer",
                      "Parallel Aware": false,
                      "Index Name": "company_id_movie_companies",
                      "Startup Cost": 0.0,
                      "Total Cost": 4912.96,
                      "Plan Rows": 229404,
                      "Plan Width": 0,
                      "Actual Startup Time": 29.791,
                      "Actual Total Time": 29.792,
                      "Actual Rows": 228537,
                      "Actual Loops": 1,
                      "Index Cond": "(company_id < 91)"
                    }
                  ]
                }
              ]
            }
          ]
        }
      ]
    },
    "Planning Time": 0.198,
    "Triggers": [],
    "Execution Time": 89.71
  }
]