[
  {
    "Plan": {
      "Node Type": "Aggregate",
      "Strategy": "Plain",
      "Partial Mode": "Finalize",
      "Parallel Aware": false,
      "Startup Cost": 45161.74,
      "Total Cost": 45161.75,
      "Plan Rows": 1,
      "Plan Width": 8,
      "Actual Startup Time": 148.572,
      "Actual Total Time": 157.756,
      "Actual Rows": 1,
      "Actual Loops": 1,
      "Plans": [
        {
          "Node Type": "Gather",
          "Parent Relationship": "Outer",
          "Parallel Aware": false,
          "Startup Cost": 45161.42,
          "Total Cost": 45161.73,
          "Plan Rows": 3,
          "Plan Width": 8,
          "Actual Startup Time": 148.454,
          "Actual Total Time": 157.745,
          "Actual Rows": 4,
          "Actual Loops": 1,
          "Workers Planned": 3,
          "Workers Launched": 3,
          "Single Copy": false,
          "Plans": [
            {
              "Node Type": "Aggregate",
              "Strategy": "Plain",
              "Partial Mode": "Partial",
              "Parent Relationship": "Outer",
              "Parallel Aware": false,
              "Startup Cost": 44161.42,
              "Total Cost": 44161.43,
              "Plan Rows": 1,
              "Plan Width": 8,
              "Actual Startup Time": 141.535,
              "Actual Total Time": 141.536,
              "Actual Rows": 1,
              "Actual Loops": 4,
              "Plans": [
                {
                  "Node Type": "Seq Scan",
                  "Parent Relationship": "Outer",
                  "Parallel Aware": true,
                  "Relation Name": "movie_keyword",
                  "Alias": "mk",
                  "Startup Cost": 0.0,
                  "Total Cost": 42695.65,
                  "Plan Rows": 586306,
                  "Plan Width": 0,
                  "Actual Startup Time": 1.102,
                  "Actual Total Time": 117.859,
                  "Actual Rows": 456592,
                  "Actual Loops": 4,
                  "Filter": "(keyword_id > 7633)",
                  "Rows Removed by Filter": 674390
                }
              ]
            }
          ]
        }
      ]
    },
    "Planning Time": 0.129,
    "Triggers": [],
    "Execution Time": 157.797
  }
]