{
  "Plan": {
    "Node Type": "Aggregate",
    "Strategy": "Plain",
    "Partial Mode": "Finalize",
    "Parallel Aware": false,
    "Startup Cost": 772078.3,
    "Total Cost": 772078.31,
    "Plan Rows": 1,
    "Plan Width": 8,
    "Actual Startup Time": 7962.07,
    "Actual Total Time": 8076.605,
    "Actual Rows": 1,
    "Actual Loops": 1,
    "Plans": [
      {
        "Node Type": "Gather",
        "Parent Relationship": "Outer",
        "Parallel Aware": false,
        "Startup Cost": 772078.19,
        "Total Cost": 772078.3,
        "Plan Rows": 1,
        "Plan Width": 8,
        "Actual Startup Time": 7937.182,
        "Actual Total Time": 8076.596,
        "Actual Rows": 2,
        "Actual Loops": 1,
        "Workers Planned": 1,
        "Workers Launched": 1,
        "Single Copy": false,
        "Plans": [
          {
            "Node Type": "Aggregate",
            "Strategy": "Plain",
            "Partial Mode": "Partial",
            "Parent Relationship": "Outer",
            "Parallel Aware": false,
            "Startup Cost": 771078.19,
            "Total Cost": 771078.2,
            "Plan Rows": 1,
            "Plan Width": 8,
            "Actual Startup Time": 7911.617,
            "Actual Total Time": 7915.014,
            "Actual Rows": 1,
            "Actual Loops": 2,
            "Plans": [
              {
                "Node Type": "Hash Join",
                "Parent Relationship": "Outer",
                "Parallel Aware": true,
                "Join Type": "Inner",
                "Startup Cost": 708297.09,
                "Total Cost": 764059.28,
                "Plan Rows": 2807563,
                "Plan Width": 0,
                "Actual Startup Time": 6659.438,
                "Actual Total Time": 7607.472,
                "Actual Rows": 7610756,
                "Actual Loops": 2,
                "Inner Unique": false,
                "Hash Cond": "(mk.movie_id = t.id)",
                "Plans": [
                  {
                    "Node Type": "Bitmap Heap Scan",
                    "Parent Relationship": "Outer",
                    "Parallel Aware": true,
                    "Relation Name": "movie_keyword",
                    "Alias": "mk",
                    "Startup Cost": 23710.63,
                    "Total Cost": 56383.04,
                    "Plan Rows": 657472,
                    "Plan Width": 4,
                    "Actual Startup Time": 64.31,
                    "Actual Total Time": 165.957,
                    "Actual Rows": 563025,
                    "Actual Loops": 2,
                    "Recheck Cond": "(keyword_id < 1220)",
                    "Rows Removed by Index Recheck": 0,
                    "Exact Heap Blocks": 12007,
                    "Lossy Heap Blocks": 0,
                    "Plans": [
                      {
                        "Node Type": "Bitmap Index Scan",
                        "Parent Relationship": "Outer",
                        "Parallel Aware": false,
                        "Index Name": "keyword_id_movie_keyword",
                        "Startup Cost": 0.0,
                        "Total Cost": 23431.2,
                        "Plan Rows": 1117703,
                        "Plan Width": 0,
                        "Actual Startup Time": 60.637,
                        "Actual Total Time": 60.638,
                        "Actual Rows": 1126050,
                        "Actual Loops": 1,
                        "Index Cond": "(keyword_id < 1220)"
                      }
                    ]
                  },
                  {
                    "Node Type": "Hash",
                    "Parent Relationship": "Inner",
                    "Parallel Aware": true,
                    "Startup Cost": 605201.1,
                    "Total Cost": 605201.1,
                    "Plan Rows": 6350829,
                    "Plan Width": 8,
                    "Actual Startup Time": 6539.302,
                    "Actual Total Time": 6542.696,
                    "Actual Rows": 5410002,
                    "Actual Loops": 2,
                    "Hash Buckets": 16777216,
                    "Original Hash Buckets": 16777216,
                    "Hash Batches": 1,
                    "Original Hash Batches": 1,
                    "Peak Memory Usage": 554400,
                    "Plans": [
                      {
                        "Node Type": "Hash Join",
                        "Parent Relationship": "Outer",
                        "Parallel Aware": true,
                        "Join Type": "Inner",
                        "Startup Cost": 69460.7,
                        "Total Cost": 605201.1,
                        "Plan Rows": 6350829,
                        "Plan Width": 8,
                        "Actual Startup Time": 549.891,
                        "Actual Total Time": 4620.102,
                        "Actual Rows": 5410002,
                        "Actual Loops": 2,
                        "Inner Unique": true,
                        "Hash Cond": "(ci.movie_id = t.id)",
                        "Plans": [
                          {
                            "Node Type": "Seq Scan",
                            "Parent Relationship": "Outer",
                            "Parallel Aware": true,
                            "Relation Name": "cast_info",
                            "Alias": "ci",
                            "Startup Cost": 0.0,
                            "Total Cost": 519069.44,
                            "Plan Rows": 6350829,
                            "Plan Width": 4,
                            "Actual Startup Time": 0.015,
                            "Actual Total Time": 1369.386,
                            "Actual Rows": 5410002,
                            "Actual Loops": 2,
                            "Filter": "(person_id < 1062268)",
                            "Rows Removed by Filter": 12712170
                          },
                          {
                            "Node Type": "Hash",
                            "Parent Relationship": "Inner",
                            "Parallel Aware": true,
                            "Startup Cost": 50870.31,
                            "Total Cost": 50870.31,
                            "Plan Rows": 1487231,
                            "Plan Width": 4,
                            "Actual Startup Time": 538.146,
                            "Actual Total Time": 538.147,
                            "Actual Rows": 1264156,
                            "Actual Loops": 2,
                            "Hash Buckets": 4194304,
                            "Original Hash Buckets": 4194304,
                            "Hash Batches": 1,
                            "Original Hash Batches": 1,
                            "Peak Memory Usage": 131712,
                            "Plans": [
                              {
                                "Node Type": "Seq Scan",
                                "Parent Relationship": "Outer",
                                "Parallel Aware": true,
                                "Relation Name": "title",
                                "Alias": "t",
                                "Startup Cost": 0.0,
                                "Total Cost": 50870.31,
                                "Plan Rows": 1487231,
                                "Plan Width": 4,
                                "Actual Startup Time": 0.036,
                                "Actual Total Time": 155.239,
                                "Actual Rows": 1264156,
                                "Actual Loops": 2
                              }
                            ]
                          }
                        ]
                      }
                    ]
                  }
                ]
              }
            ]
          }
        ]
      }
    ]
  },
  "Planning Time": 1.04,
  "Triggers": [],
  "Execution Time": 8076.709
}