[
  {
    "Plan": {
      "Node Type": "Aggregate",
      "Strategy": "Plain",
      "Partial Mode": "Simple",
      "Parallel Aware": false,
      "Startup Cost": 3107.92,
      "Total Cost": 3107.93,
      "Plan Rows": 1,
      "Plan Width": 8,
      "Actual Startup Time": 3.399,
      "Actual Total Time": 3.4,
      "Actual Rows": 1,
      "Actual Loops": 1,
      "Plans": [
        {
          "Node Type": "Nested Loop",
          "Parent Relationship": "Outer",
          "Parallel Aware": false,
          "Join Type": "Inner",
          "Startup Cost": 7.18,
          "Total Cost": 3107.29,
          "Plan Rows": 252,
          "Plan Width": 0,
          "Actual Startup Time": 0.067,
          "Actual Total Time": 3.295,
          "Actual Rows": 1977,
          "Actual Loops": 1,
          "Inner Unique": false,
          "Plans": [
            {
              "Node Type": "Nested Loop",
              "Parent Relationship": "Outer",
              "Parallel Aware": false,
              "Join Type": "Inner",
              "Startup Cost": 6.75,
              "Total Cost": 2957.89,
              "Plan Rows": 244,
              "Plan Width": 8,
              "Actual Startup Time": 0.06,
              "Actual Total Time": 1.479,
              "Actual Rows": 228,
              "Actual Loops": 1,
              "Inner Unique": true,
              "Plans": [
                {
                  "Node Type": "Bitmap Heap Scan",
                  "Parent Relationship": "Outer",
                  "Parallel Aware": false,
                  "Relation Name": "movie_keyword",
                  "Alias": "mk",
                  "Startup Cost": 6.32,
                  "Total Cost": 908.7,
                  "Plan Rows": 244,
                  "Plan Width": 4,
                  "Actual Startup Time": 0.049,
                  "Actual Total Time": 0.406,
                  "Actual Rows": 228,
                  "Actual Loops": 1,
                  "Recheck Cond": "(keyword_id = 1360)",
                  "Rows Removed by Index Recheck": 0,
                  "Exact Heap Blocks": 223,
                  "Lossy Heap Blocks": 0,
                  "Plans": [
                    {
                      "Node Type": "Bitmap Index Scan",
                      "Parent Relationship": "Outer",
                      "Parallel Aware": false,
                      "Index Name": "keyword_id_movie_keyword",
                      "Startup Cost": 0.0,
                      "Total Cost": 6.26,
                      "Plan Rows": 244,
                      "Plan Width": 0,
                      "Actual Startup Time": 0.025,
                      "Actual Total Time": 0.026,
                      "Actual Rows": 228,
                      "Actual Loops": 1,
                      "Index Cond": "(keyword_id = 1360)"
                    }
                  ]
                },
                {
                  "Node Type": "Index Only Scan",
                  "Parent Relationship": "Inner",
                  "Parallel Aware": false,
                  "Scan Direction": "Forward",
                  "Index Name": "title_pkey",
                  "Relation Name": "title",
                  "Alias": "t",
                  "Startup Cost": 0.43,
                  "Total Cost": 8.4,
                  "Plan Rows": 1,
                  "Plan Width": 4,
                  "Actual Startup Time": 0.004,
                  "Actual Total Time": 0.004,
                  "Actual Rows": 1,
                  "Actual Loops": 228,
                  "Index Cond": "(id = mk.movie_id)",
                  "Rows Removed by Index Recheck": 0,
                  "Heap Fetches": 228
                }
              ]
            },
            {
              "Node Type": "Index Only Scan",
              "Parent Relationship": "Inner",
              "Parallel Aware": false,
              "Scan Direction": "Forward",
              "Index Name": "movie_id_movie_companies",
              "Relation Name": "movie_companies",
              "Alias": "mc",
              "Startup Cost": 0.43,
              "Total Cost": 0.56,
              "Plan Rows": 5,
              "Plan Width": 4,
              "Actual Startup Time": 0.005,
              "Actual Total Time": 0.007,
              "Actual Rows": 9,
              "Actual Loops": 228,
              "Index Cond": "(movie_id = t.id)",
              "Rows Removed by Index Recheck": 0,
              "Heap Fetches": 1977
            }
          ]
        }
      ]
    },
    "Planning Time": 0.472,
    "Triggers": [],
    "Execution Time": 3.432
  }
]