[
  {
    "Plan": {
      "Node Type": "Aggregate",
      "Strategy": "Plain",
      "Partial Mode": "Finalize",
      "Parallel Aware": false,
      "Startup Cost": 32719.9,
      "Total Cost": 32719.91,
      "Plan Rows": 1,
      "Plan Width": 8,
      "Actual Startup Time": 92.959,
      "Actual Total Time": 100.997,
      "Actual Rows": 1,
      "Actual Loops": 1,
      "Plans": [
        {
          "Node Type": "Gather",
          "Parent Relationship": "Outer",
          "Parallel Aware": false,
          "Startup Cost": 32719.58,
          "Total Cost": 32719.89,
          "Plan Rows": 3,
          "Plan Width": 8,
          "Actual Startup Time": 92.857,
          "Actual Total Time": 100.988,
          "Actual Rows": 4,
          "Actual Loops": 1,
          "Workers Planned": 3,
          "Workers Launched": 3,
          "Single Copy": false,
          "Plans": [
            {
              "Node Type": "Aggregate",
              "Strategy": "Plain",
              "Partial Mode": "Partial",
              "Parent Relationship": "Outer",
              "Parallel Aware": false,
              "Startup Cost": 31719.58,
              "Total Cost": 31719.59,
              "Plan Rows": 1,
              "Plan Width": 8,
              "Actual Startup Time": 84.223,
              "Actual Total Time": 84.224,
              "Actual Rows": 1,
              "Actual Loops": 4,
              "Plans": [
                {
                  "Node Type": "Seq Scan",
                  "Parent Relationship": "Outer",
                  "Parallel Aware": true,
                  "Relation Name": "movie_companies",
                  "Alias": "mc",
                  "Startup Cost": 0.0,
                  "Total Cost": 31414.82,
                  "Plan Rows": 121905,
                  "Plan Width": 0,
                  "Actual Startup Time": 0.046,
                  "Actual Total Time": 74.511,
                  "Actual Rows": 133679,
                  "Actual Loops": 4,
                  "Filter": "((company_id < 1544) AND (company_type_id < 2))",
                  "Rows Removed by Filter": 518603
                }
              ]
            }
          ]
        }
      ]
    },
    "Planning Time": 0.189,
    "Triggers": [],
    "Execution Time": 101.05
  }
]