[
  {
    "Plan": {
      "Node Type": "Aggregate",
      "Strategy": "Plain",
      "Partial Mode": "Finalize",
      "Parallel Aware": false,
      "Startup Cost": 45544.73,
      "Total Cost": 45544.74,
      "Plan Rows": 1,
      "Plan Width": 8,
      "Actual Startup Time": 143.263,
      "Actual Total Time": 153.347,
      "Actual Rows": 1,
      "Actual Loops": 1,
      "Plans": [
        {
          "Node Type": "Gather",
          "Parent Relationship": "Outer",
          "Parallel Aware": false,
          "Startup Cost": 45544.41,
          "Total Cost": 45544.72,
          "Plan Rows": 3,
          "Plan Width": 8,
          "Actual Startup Time": 143.087,
          "Actual Total Time": 153.336,
          "Actual Rows": 4,
          "Actual Loops": 1,
          "Workers Planned": 3,
          "Workers Launched": 3,
          "Single Copy": false,
          "Plans": [
            {
              "Node Type": "Aggregate",
              "Strategy": "Plain",
              "Partial Mode": "Partial",
              "Parent Relationship": "Outer",
              "Parallel Aware": false,
              "Startup Cost": 44544.41,
              "Total Cost": 44544.42,
              "Plan Rows": 1,
              "Plan Width": 8,
              "Actual Startup Time": 139.168,
              "Actual Total Time": 139.169,
              "Actual Rows": 1,
              "Actual Loops": 4,
              "Plans": [
                {
                  "Node Type": "Seq Scan",
                  "Parent Relationship": "Outer",
                  "Parallel Aware": true,
                  "Relation Name": "movie_keyword",
                  "Alias": "mk",
                  "Startup Cost": 0.0,
                  "Total Cost": 42695.65,
                  "Plan Rows": 739503,
                  "Plan Width": 0,
                  "Actual Startup Time": 0.031,
                  "Actual Total Time": 111.699,
                  "Actual Rows": 576610,
                  "Actual Loops": 4,
                  "Filter": "(keyword_id < 4952)",
                  "Rows Removed by Filter": 554372
                }
              ]
            }
          ]
        }
      ]
    },
    "Planning Time": 0.193,
    "Triggers": [],
    "Execution Time": 153.411
  }
]