[
  {
    "Plan": {
      "Node Type": "Aggregate",
      "Strategy": "Plain",
      "Partial Mode": "Finalize",
      "Parallel Aware": false,
      "Startup Cost": 46503.65,
      "Total Cost": 46503.66,
      "Plan Rows": 1,
      "Plan Width": 8,
      "Actual Startup Time": 169.736,
      "Actual Total Time": 179.308,
      "Actual Rows": 1,
      "Actual Loops": 1,
      "Plans": [
        {
          "Node Type": "Gather",
          "Parent Relationship": "Outer",
          "Parallel Aware": false,
          "Startup Cost": 46503.33,
          "Total Cost": 46503.64,
          "Plan Rows": 3,
          "Plan Width": 8,
          "Actual Startup Time": 169.607,
          "Actual Total Time": 179.299,
          "Actual Rows": 4,
          "Actual Loops": 1,
          "Workers Planned": 3,
          "Workers Launched": 3,
          "Single Copy": false,
          "Plans": [
            {
              "Node Type": "Aggregate",
              "Strategy": "Plain",
              "Partial Mode": "Partial",
              "Parent Relationship": "Outer",
              "Parallel Aware": false,
              "Startup Cost": 45503.33,
              "Total Cost": 45503.34,
              "Plan Rows": 1,
              "Plan Width": 8,
              "Actual Startup Time": 164.833,
              "Actual Total Time": 164.834,
              "Actual Rows": 1,
              "Actual Loops": 4,
              "Plans": [
                {
                  "Node Type": "Seq Scan",
                  "Parent Relationship": "Outer",
                  "Parallel Aware": true,
                  "Relation Name": "movie_keyword",
                  "Alias": "mk",
                  "Startup Cost": 0.0,
                  "Total Cost": 42695.65,
                  "Plan Rows": 1123070,
                  "Plan Width": 0,
                  "Actual Startup Time": 0.039,
                  "Actual Total Time": 124.174,
                  "Actual Rows": 869762,
                  "Actual Loops": 4,
                  "Filter": "(keyword_id < 16986)",
                  "Rows Removed by Filter": 261220
                }
              ]
            }
          ]
        }
      ]
    },
    "Planning Time": 0.189,
    "Triggers": [],
    "Execution Time": 179.363
  }
]