[
    {
        "Bao": {
            "Bao prediction": "NaN",
            "Bao recommended hint": "(no hint)"
        }
    },
    {
        "Plan": {
            "Node Type": "Aggregate",
            "Strategy": "Plain",
            "Partial Mode": "Finalize",
            "Parallel Aware": false,
            "Startup Cost": 339709.22,
            "Total Cost": 339709.23,
            "Plan Rows": 1,
            "Plan Width": 8,
            "Actual Startup Time": 914.01,
            "Actual Total Time": 944.398,
            "Actual Rows": 1,
            "Actual Loops": 1,
            "Output": [
                "count(*)"
            ],
            "Plans": [
                {
                    "Node Type": "Gather",
                    "Parent Relationship": "Outer",
                    "Parallel Aware": false,
                    "Startup Cost": 339708.59,
                    "Total Cost": 339709.2,
                    "Plan Rows": 6,
                    "Plan Width": 8,
                    "Actual Startup Time": 913.932,
                    "Actual Total Time": 944.388,
                    "Actual Rows": 7,
                    "Actual Loops": 1,
                    "Output": [
                        "(PARTIAL count(*))"
                    ],
                    "Workers Planned": 6,
                    "Workers Launched": 6,
                    "Single Copy": false,
                    "Plans": [
                        {
                            "Node Type": "Aggregate",
                            "Strategy": "Plain",
                            "Partial Mode": "Partial",
                            "Parent Relationship": "Outer",
                            "Parallel Aware": false,
                            "Startup Cost": 338708.59,
                            "Total Cost": 338708.6,
                            "Plan Rows": 1,
                            "Plan Width": 8,
                            "Actual Startup Time": 903.281,
                            "Actual Total Time": 903.282,
                            "Actual Rows": 1,
                            "Actual Loops": 7,
                            "Output": [
                                "PARTIAL count(*)"
                            ],
                            "Workers": [
                                {
                                    "Worker Number": 0,
                                    "Actual Startup Time": 900.561,
                                    "Actual Total Time": 900.562,
                                    "Actual Rows": 1,
                                    "Actual Loops": 1
                                },
                                {
                                    "Worker Number": 1,
                                    "Actual Startup Time": 901.184,
                                    "Actual Total Time": 901.185,
                                    "Actual Rows": 1,
                                    "Actual Loops": 1
                                },
                                {
                                    "Worker Number": 2,
                                    "Actual Startup Time": 901.731,
                                    "Actual Total Time": 901.732,
                                    "Actual Rows": 1,
                                    "Actual Loops": 1
                                },
                                {
                                    "Worker Number": 3,
                                    "Actual Startup Time": 901.25,
                                    "Actual Total Time": 901.252,
                                    "Actual Rows": 1,
                                    "Actual Loops": 1
                                },
                                {
                                    "Worker Number": 4,
                                    "Actual Startup Time": 902.372,
                                    "Actual Total Time": 902.373,
                                    "Actual Rows": 1,
                                    "Actual Loops": 1
                                },
                                {
                                    "Worker Number": 5,
                                    "Actual Startup Time": 902.65,
                                    "Actual Total Time": 902.65,
                                    "Actual Rows": 1,
                                    "Actual Loops": 1
                                }
                            ],
                            "Plans": [
                                {
                                    "Node Type": "Seq Scan",
                                    "Parent Relationship": "Outer",
                                    "Parallel Aware": true,
                                    "Relation Name": "cast_info",
                                    "Schema": "public",
                                    "Alias": "ci",
                                    "Startup Cost": 0.0,
                                    "Total Cost": 328213.62,
                                    "Plan Rows": 4197990,
                                    "Plan Width": 0,
                                    "Actual Startup Time": 142.837,
                                    "Actual Total Time": 697.466,
                                    "Actual Rows": 3590817,
                                    "Actual Loops": 7,
                                    "Output": [
                                        "id",
                                        "person_id",
                                        "movie_id",
                                        "person_role_id",
                                        "note",
                                        "nr_order",
                                        "role_id"
                                    ],
                                    "Filter": "(ci.person_id > 1089675)",
                                    "Rows Removed by Filter": 1586946,
                                    "Workers": [
                                        {
                                            "Worker Number": 0,
                                            "Actual Startup Time": 140.129,
                                            "Actual Total Time": 698.271,
                                            "Actual Rows": 3072722,
                                            "Actual Loops": 1
                                        },
                                        {
                                            "Worker Number": 1,
                                            "Actual Startup Time": 140.741,
                                            "Actual Total Time": 700.955,
                                            "Actual Rows": 3041675,
                                            "Actual Loops": 1
                                        },
                                        {
                                            "Worker Number": 2,
                                            "Actual Startup Time": 141.302,
                                            "Actual Total Time": 699.06,
                                            "Actual Rows": 3069885,
                                            "Actual Loops": 1
                                        },
                                        {
                                            "Worker Number": 3,
                                            "Actual Startup Time": 140.812,
                                            "Actual Total Time": 712.668,
                                            "Actual Rows": 4068439,
                                            "Actual Loops": 1
                                        },
                                        {
                                            "Worker Number": 4,
                                            "Actual Startup Time": 141.912,
                                            "Actual Total Time": 699.982,
                                            "Actual Rows": 3068460,
                                            "Actual Loops": 1
                                        },
                                        {
                                            "Worker Number": 5,
                                            "Actual Startup Time": 142.206,
                                            "Actual Total Time": 696.575,
                                            "Actual Rows": 4952480,
                                            "Actual Loops": 1
                                        }
                                    ]
                                }
                            ]
                        }
                    ]
                }
            ]
        },
        "Planning Time": 332.295,
        "Triggers": [],
        "Execution Time": 944.5
    }
]