{
  "Plan": {
    "Node Type": "Aggregate",
    "Strategy": "Plain",
    "Partial Mode": "Finalize",
    "Parallel Aware": false,
    "Startup Cost": 361658.61,
    "Total Cost": 361658.62,
    "Plan Rows": 1,
    "Plan Width": 8,
    "Actual Startup Time": 1193.648,
    "Actual Total Time": 1234.75,
    "Actual Rows": 1,
    "Actual Loops": 1,
    "Plans": [
      {
        "Node Type": "Gather",
        "Parent Relationship": "Outer",
        "Parallel Aware": false,
        "Startup Cost": 361658.5,
        "Total Cost": 361658.61,
        "Plan Rows": 1,
        "Plan Width": 8,
        "Actual Startup Time": 1193.182,
        "Actual Total Time": 1234.742,
        "Actual Rows": 2,
        "Actual Loops": 1,
        "Workers Planned": 1,
        "Workers Launched": 1,
        "Single Copy": false,
        "Plans": [
          {
            "Node Type": "Aggregate",
            "Strategy": "Plain",
            "Partial Mode": "Partial",
            "Parent Relationship": "Outer",
            "Parallel Aware": false,
            "Startup Cost": 360658.5,
            "Total Cost": 360658.51,
            "Plan Rows": 1,
            "Plan Width": 8,
            "Actual Startup Time": 1187.652,
            "Actual Total Time": 1187.74,
            "Actual Rows": 1,
            "Actual Loops": 2,
            "Plans": [
              {
                "Node Type": "Hash Join",
                "Parent Relationship": "Outer",
                "Parallel Aware": true,
                "Join Type": "Inner",
                "Startup Cost": 341143.84,
                "Total Cost": 360630.11,
                "Plan Rows": 11358,
                "Plan Width": 0,
                "Actual Startup Time": 1113.812,
                "Actual Total Time": 1187.05,
                "Actual Rows": 14678,
                "Actual Loops": 2,
                "Inner Unique": false,
                "Hash Cond": "(mi_idx.movie_id = t.id)",
                "Plans": [
                  {
                    "Node Type": "Seq Scan",
                    "Parent Relationship": "Outer",
                    "Parallel Aware": true,
                    "Relation Name": "movie_info_idx",
                    "Alias": "mi_idx",
                    "Startup Cost": 0.0,
                    "Total Cost": 18082.32,
                    "Plan Rows": 267429,
                    "Plan Width": 4,
                    "Actual Startup Time": 0.018,
                    "Actual Total Time": 47.816,
                    "Actual Rows": 229962,
                    "Actual Loops": 2,
                    "Filter": "(info_type_id = 99)",
                    "Rows Removed by Filter": 460055
                  },
                  {
                    "Node Type": "Hash",
                    "Parent Relationship": "Inner",
                    "Parallel Aware": true,
                    "Startup Cost": 340354.26,
                    "Total Cost": 340354.26,
                    "Plan Rows": 63166,
                    "Plan Width": 8,
                    "Actual Startup Time": 1111.224,
                    "Actual Total Time": 1111.311,
                    "Actual Rows": 35897,
                    "Actual Loops": 2,
                    "Hash Buckets": 131072,
                    "Original Hash Buckets": 131072,
                    "Hash Batches": 1,
                    "Original Hash Batches": 1,
                    "Peak Memory Usage": 3872,
                    "Plans": [
                      {
                        "Node Type": "Hash Join",
                        "Parent Relationship": "Outer",
                        "Parallel Aware": true,
                        "Join Type": "Inner",
                        "Startup Cost": 58584.86,
                        "Total Cost": 340354.26,
                        "Plan Rows": 63166,
                        "Plan Width": 8,
                        "Actual Startup Time": 141.196,
                        "Actual Total Time": 1100.281,
                        "Actual Rows": 35897,
                        "Actual Loops": 2,
                        "Inner Unique": true,
                        "Hash Cond": "(mi.movie_id = t.id)",
                        "Plans": [
                          {
                            "Node Type": "Seq Scan",
                            "Parent Relationship": "Outer",
                            "Parallel Aware": true,
                            "Relation Name": "movie_info",
                            "Alias": "mi",
                            "Startup Cost": 0.0,
                            "Total Cost": 270696.42,
                            "Plan Rows": 4218272,
                            "Plan Width": 4,
                            "Actual Startup Time": 0.011,
                            "Actual Total Time": 652.599,
                            "Actual Rows": 3643432,
                            "Actual Loops": 2,
                            "Filter": "(info_type_id < 8)",
                            "Rows Removed by Filter": 3774428
                          },
                          {
                            "Node Type": "Hash",
                            "Parent Relationship": "Inner",
                            "Parallel Aware": true,
                            "Startup Cost": 58306.47,
                            "Total Cost": 58306.47,
                            "Plan Rows": 22271,
                            "Plan Width": 4,
                            "Actual Startup Time": 140.295,
                            "Actual Total Time": 140.296,
                            "Actual Rows": 22456,
                            "Actual Loops": 2,
                            "Hash Buckets": 65536,
                            "Original Hash Buckets": 65536,
                            "Hash Batches": 1,
                            "Original Hash Batches": 1,
                            "Peak Memory Usage": 2304,
                            "Plans": [
                              {
                                "Node Type": "Seq Scan",
                                "Parent Relationship": "Outer",
                                "Parallel Aware": true,
                                "Relation Name": "title",
                                "Alias": "t",
                                "Startup Cost": 0.0,
                                "Total Cost": 58306.47,
                                "Plan Rows": 22271,
                                "Plan Width": 4,
                                "Actual Startup Time": 0.052,
                                "Actual Total Time": 133.257,
                                "Actual Rows": 22456,
                                "Actual Loops": 2,
                                "Filter": "((kind_id > 1) AND (production_year = 2000))",
                                "Rows Removed by Filter": 1241700
                              }
                            ]
                          }
                        ]
                      }
                    ]
                  }
                ]
              }
            ]
          }
        ]
      }
    ]
  },
  "Planning Time": 1.006,
  "Triggers": [],
  "Execution Time": 1234.841
}