{
  "Plan": {
    "Node Type": "Aggregate",
    "Strategy": "Plain",
    "Partial Mode": "Simple",
    "Parallel Aware": false,
    "Startup Cost": 349486.4,
    "Total Cost": 349486.41,
    "Plan Rows": 1,
    "Plan Width": 64,
    "Actual Startup Time": 1158.092,
    "Actual Total Time": 1177.667,
    "Actual Rows": 1,
    "Actual Loops": 1,
    "Plans": [
      {
        "Node Type": "Gather",
        "Parent Relationship": "Outer",
        "Parallel Aware": false,
        "Startup Cost": 340844.6,
        "Total Cost": 349486.39,
        "Plan Rows": 1,
        "Plan Width": 60,
        "Actual Startup Time": 1114.062,
        "Actual Total Time": 1177.643,
        "Actual Rows": 10,
        "Actual Loops": 1,
        "Workers Planned": 1,
        "Workers Launched": 1,
        "Single Copy": false,
        "Plans": [
          {
            "Node Type": "Hash Join",
            "Parent Relationship": "Outer",
            "Parallel Aware": false,
            "Join Type": "Inner",
            "Startup Cost": 339844.6,
            "Total Cost": 348486.29,
            "Plan Rows": 1,
            "Plan Width": 60,
            "Actual Startup Time": 1121.236,
            "Actual Total Time": 1128.472,
            "Actual Rows": 5,
            "Actual Loops": 2,
            "Inner Unique": true,
            "Hash Cond": "(mi.info_type_id = it1.id)",
            "Plans": [
              {
                "Node Type": "Hash Join",
                "Parent Relationship": "Outer",
                "Parallel Aware": true,
                "Join Type": "Inner",
                "Startup Cost": 339842.18,
                "Total Cost": 348483.81,
                "Plan Rows": 21,
                "Plan Width": 64,
                "Actual Startup Time": 1120.875,
                "Actual Total Time": 1128.093,
                "Actual Rows": 605,
                "Actual Loops": 2,
                "Inner Unique": true,
                "Hash Cond": "(mi.movie_id = t.id)",
                "Plans": [
                  {
                    "Node Type": "Merge Join",
                    "Parent Relationship": "Outer",
                    "Parallel Aware": false,
                    "Join Type": "Inner",
                    "Startup Cost": 277816.99,
                    "Total Cost": 285847.79,
                    "Plan Rows": 232699,
                    "Plan Width": 59,
                    "Actual Startup Time": 914.582,
                    "Actual Total Time": 922.704,
                    "Actual Rows": 2390,
                    "Actual Loops": 2,
                    "Inner Unique": false,
                    "Merge Cond": "(cn.id = mc.company_id)",
                    "Plans": [
                      {
                        "Node Type": "Sort",
                        "Parent Relationship": "Outer",
                        "Parallel Aware": false,
                        "Startup Cost": 8637.01,
                        "Total Cost": 8762.35,
                        "Plan Rows": 50137,
                        "Plan Width": 4,
                        "Actual Startup Time": 24.832,
                        "Actual Total Time": 28.918,
                        "Actual Rows": 37104,
                        "Actual Loops": 2,
                        "Sort Key": [
                          "cn.id"
                        ],
                        "Sort Method": "quicksort",
                        "Sort Space Used": 3754,
                        "Sort Space Type": "Memory",
                        "Workers": [
                          {
                            "Worker Number": 0,
                            "Sort Method": "quicksort",
                            "Sort Space Used": 3296,
                            "Sort Space Type": "Memory"
                          }
                        ],
                        "Plans": [
                          {
                            "Node Type": "Seq Scan",
                            "Parent Relationship": "Outer",
                            "Parallel Aware": true,
                            "Relation Name": "company_name",
                            "Alias": "cn",
                            "Startup Cost": 0.0,
                            "Total Cost": 4722.92,
                            "Plan Rows": 50137,
                            "Plan Width": 4,
                            "Actual Startup Time": 0.015,
                            "Actual Total Time": 15.523,
                            "Actual Rows": 42422,
                            "Actual Loops": 2,
                            "Filter": "((country_code)::text = '[us]'::text)",
                            "Rows Removed by Filter": 75077
                          }
                        ]
                      },
                      {
                        "Node Type": "Sort",
                        "Parent Relationship": "Inner",
                        "Parallel Aware": false,
                        "Startup Cost": 269179.98,
                        "Total Cost": 271906.68,
                        "Plan Rows": 1090680,
                        "Plan Width": 63,
                        "Actual Startup Time": 889.632,
                        "Actual Total Time": 890.296,
                        "Actual Rows": 9878,
                        "Actual Loops": 2,
                        "Sort Key": [
                          "mc.company_id"
                        ],
                        "Sort Method": "quicksort",
                        "Sort Space Used": 2023,
                        "Sort Space Type": "Memory",
                        "Workers": [
                          {
                            "Worker Number": 0,
                            "Sort Method": "quicksort",
                            "Sort Space Used": 2023,
                            "Sort Space Type": "Memory"
                          }
                        ],
                        "Plans": [
                          {
                            "Node Type": "Hash Join",
                            "Parent Relationship": "Outer",
                            "Parallel Aware": false,
                            "Join Type": "Inner",
                            "Startup Cost": 82488.4,
                            "Total Cost": 159802.25,
                            "Plan Rows": 1090680,
                            "Plan Width": 63,
                            "Actual Startup Time": 882.758,
                            "Actual Total Time": 887.003,
                            "Actual Rows": 9878,
                            "Actual Loops": 2,
                            "Inner Unique": true,
                            "Hash Cond": "(mc.company_type_id = ct.id)",
                            "Plans": [
                              {
                                "Node Type": "Hash Join",
                                "Parent Relationship": "Outer",
                                "Parallel Aware": false,
                                "Join Type": "Inner",
                                "Startup Cost": 82487.32,
                                "Total Cost": 148008.19,
                                "Plan Rows": 2181359,
                                "Plan Width": 67,
                                "Actual Startup Time": 882.698,
                                "Actual Total Time": 885.612,
                                "Actual Rows": 9878,
                                "Actual Loops": 2,
                                "Inner Unique": false,
                                "Hash Cond": "(mi.movie_id = mc.movie_id)",
                                "Plans": [
                                  {
                                    "Node Type": "Nested Loop",
                                    "Parent Relationship": "Outer",
                                    "Parallel Aware": false,
                                    "Join Type": "Inner",
                                    "Startup Cost": 4991.92,
                                    "Total Cost": 45203.08,
                                    "Plan Rows": 399556,
                                    "Plan Width": 55,
                                    "Actual Startup Time": 0.126,
                                    "Actual Total Time": 1.999,
                                    "Actual Rows": 581,
                                    "Actual Loops": 2,
                                    "Inner Unique": false,
                                    "Plans": [
                                      {
                                        "Node Type": "Nested Loop",
                                        "Parent Relationship": "Outer",
                                        "Parallel Aware": false,
                                        "Join Type": "Inner",
                                        "Startup Cost": 4991.48,
                                        "Total Cost": 19139.05,
                                        "Plan Rows": 12213,
                                        "Plan Width": 4,
                                        "Actual Startup Time": 0.056,
                                        "Actual Total Time": 0.067,
                                        "Actual Rows": 10,
                                        "Actual Loops": 2,
                                        "Inner Unique": false,
                                        "Plans": [
                                          {
                                            "Node Type": "Seq Scan",
                                            "Parent Relationship": "Outer",
                                            "Parallel Aware": false,
                                            "Relation Name": "info_type",
                                            "Alias": "it2",
                                            "Startup Cost": 0.0,
                                            "Total Cost": 2.41,
                                            "Plan Rows": 1,
                                            "Plan Width": 4,
                                            "Actual Startup Time": 0.015,
                                            "Actual Total Time": 0.016,
                                            "Actual Rows": 1,
                                            "Actual Loops": 2,
                                            "Filter": "((info)::text = 'bottom 10 rank'::text)",
                                            "Rows Removed by Filter": 112
                                          },
                                          {
                                            "Node Type": "Bitmap Heap Scan",
                                            "Parent Relationship": "Inner",
                                            "Parallel Aware": false,
                                            "Relation Name": "movie_info_idx",
                                            "Alias": "mi_idx",
                                            "Startup Cost": 4991.48,
                                            "Total Cost": 16376.57,
                                            "Plan Rows": 276007,
                                            "Plan Width": 8,
                                            "Actual Startup Time": 0.032,
                                            "Actual Total Time": 0.038,
                                            "Actual Rows": 10,
                                            "Actual Loops": 2,
                                            "Recheck Cond": "(info_type_id = it2.id)",
                                            "Rows Removed by Index Recheck": 0,
                                            "Exact Heap Blocks": 1,
                                            "Lossy Heap Blocks": 0,
                                            "Plans": [
                                              {
                                                "Node Type": "Bitmap Index Scan",
                                                "Parent Relationship": "Outer",
                                                "Parallel Aware": false,
                                                "Index Name": "info_type_id_movie_info_idx",
                                                "Startup Cost": 0.0,
                                                "Total Cost": 4922.48,
                                                "Plan Rows": 276007,
                                                "Plan Width": 0,
                                                "Actual Startup Time": 0.021,
                                                "Actual Total Time": 0.021,
                                                "Actual Rows": 10,
                                                "Actual Loops": 2,
                                                "Index Cond": "(info_type_id = it2.id)"
                                              }
                                            ]
                                          }
                                        ]
                                      },
                                      {
                                        "Node Type": "Index Scan",
                                        "Parent Relationship": "Inner",
                                        "Parallel Aware": false,
                                        "Scan Direction": "Forward",
                                        "Index Name": "movie_id_movie_info",
                                        "Relation Name": "movie_info",
                                        "Alias": "mi",
                                        "Startup Cost": 0.43,
                                        "Total Cost": 1.74,
                                        "Plan Rows": 39,
                                        "Plan Width": 51,
                                        "Actual Startup Time": 0.037,
                                        "Actual Total Time": 0.184,
                                        "Actual Rows": 58,
                                        "Actual Loops": 20,
                                        "Index Cond": "(movie_id = mi_idx.movie_id)",
                                        "Rows Removed by Index Recheck": 0
                                      }
                                    ]
                                  },
                                  {
                                    "Node Type": "Hash",
                                    "Parent Relationship": "Inner",
                                    "Parallel Aware": false,
                                    "Startup Cost": 44881.29,
                                    "Total Cost": 44881.29,
                                    "Plan Rows": 2609129,
                                    "Plan Width": 12,
                                    "Actual Startup Time": 855.779,
                                    "Actual Total Time": 855.779,
                                    "Actual Rows": 2609129,
                                    "Actual Loops": 2,
                                    "Hash Buckets": 4194304,
                                    "Original Hash Buckets": 4194304,
                                    "Hash Batches": 1,
                                    "Original Hash Batches": 1,
                                    "Peak Memory Usage": 144880,
                                    "Plans": [
                                      {
                                        "Node Type": "Seq Scan",
                                        "Parent Relationship": "Outer",
                                        "Parallel Aware": false,
                                        "Relation Name": "movie_companies",
                                        "Alias": "mc",
                                        "Startup Cost": 0.0,
                                        "Total Cost": 44881.29,
                                        "Plan Rows": 2609129,
                                        "Plan Width": 12,
                                        "Actual Startup Time": 0.032,
                                        "Actual Total Time": 283.639,
                                        "Actual Rows": 2609129,
                                        "Actual Loops": 2
                                      }
                                    ]
                                  }
                                ]
                              },
                              {
                                "Node Type": "Hash",
                                "Parent Relationship": "Inner",
                                "Parallel Aware": false,
                                "Startup Cost": 1.06,
                                "Total Cost": 1.06,
                                "Plan Rows": 2,
                                "Plan Width": 4,
                                "Actual Startup Time": 0.042,
                                "Actual Total Time": 0.043,
                                "Actual Rows": 2,
                                "Actual Loops": 2,
                                "Hash Buckets": 1024,
                                "Original Hash Buckets": 1024,
                                "Hash Batches": 1,
                                "Original Hash Batches": 1,
                                "Peak Memory Usage": 9,
                                "Plans": [
                                  {
                                    "Node Type": "Seq Scan",
                                    "Parent Relationship": "Outer",
                                    "Parallel Aware": false,
                                    "Relation Name": "company_type",
                                    "Alias": "ct",
                                    "Startup Cost": 0.0,
                                    "Total Cost": 1.06,
                                    "Plan Rows": 2,
                                    "Plan Width": 4,
                                    "Actual Startup Time": 0.038,
                                    "Actual Total Time": 0.039,
                                    "Actual Rows": 2,
                                    "Actual Loops": 2,
                                    "Filter": "((kind IS NOT NULL) AND (((kind)::text = 'production companies'::text) OR ((kind)::text = 'distributors'::text)))",
                                    "Rows Removed by Filter": 2
                                  }
                                ]
                              }
                            ]
                          }
                        ]
                      }
                    ]
                  },
                  {
                    "Node Type": "Hash",
                    "Parent Relationship": "Inner",
                    "Parallel Aware": true,
                    "Startup Cost": 62023.56,
                    "Total Cost": 62023.56,
                    "Plan Rows": 130,
                    "Plan Width": 21,
                    "Actual Startup Time": 204.559,
                    "Actual Total Time": 204.56,
                    "Actual Rows": 1137,
                    "Actual Loops": 2,
                    "Hash Buckets": 2048,
                    "Original Hash Buckets": 1024,
                    "Hash Batches": 1,
                    "Original Hash Batches": 1,
                    "Peak Memory Usage": 216,
                    "Plans": [
                      {
                        "Node Type": "Seq Scan",
                        "Parent Relationship": "Outer",
                        "Parallel Aware": true,
                        "Relation Name": "title",
                        "Alias": "t",
                        "Startup Cost": 0.0,
                        "Total Cost": 62023.56,
                        "Plan Rows": 130,
                        "Plan Width": 21,
                        "Actual Startup Time": 0.326,
                        "Actual Total Time": 197.247,
                        "Actual Rows": 1137,
                        "Actual Loops": 2,
                        "Filter": "((production_year > 2003) AND ((title ~~ 'Birdemic%'::text) OR (title ~~ '%Movie%'::text)))",
                        "Rows Removed by Filter": 1263019
                      }
                    ]
                  }
                ]
              },
              {
                "Node Type": "Hash",
                "Parent Relationship": "Inner",
                "Parallel Aware": false,
                "Startup Cost": 2.41,
                "Total Cost": 2.41,
                "Plan Rows": 1,
                "Plan Width": 4,
                "Actual Startup Time": 0.075,
                "Actual Total Time": 0.076,
                "Actual Rows": 1,
                "Actual Loops": 2,
                "Hash Buckets": 1024,
                "Original Hash Buckets": 1024,
                "Hash Batches": 1,
                "Original Hash Batches": 1,
                "Peak Memory Usage": 9,
                "Plans": [
                  {
                    "Node Type": "Seq Scan",
                    "Parent Relationship": "Outer",
                    "Parallel Aware": false,
                    "Relation Name": "info_type",
                    "Alias": "it1",
                    "Startup Cost": 0.0,
                    "Total Cost": 2.41,
                    "Plan Rows": 1,
                    "Plan Width": 4,
                    "Actual Startup Time": 0.054,
                    "Actual Total Time": 0.058,
                    "Actual Rows": 1,
                    "Actual Loops": 2,
                    "Filter": "((info)::text = 'budget'::text)",
                    "Rows Removed by Filter": 112
                  }
                ]
              }
            ]
          }
        ]
      }
    ]
  },
  "Planning Time": 2.271,
  "Triggers": [],
  "Execution Time": 1179.617
}