{
  "Plan": {
    "Node Type": "Aggregate",
    "Strategy": "Plain",
    "Partial Mode": "Finalize",
    "Parallel Aware": false,
    "Startup Cost": 588157.33,
    "Total Cost": 588157.34,
    "Plan Rows": 1,
    "Plan Width": 8,
    "Actual Startup Time": 13106.273,
    "Actual Total Time": 13212.676,
    "Actual Rows": 1,
    "Actual Loops": 1,
    "Plans": [
      {
        "Node Type": "Gather",
        "Parent Relationship": "Outer",
        "Parallel Aware": false,
        "Startup Cost": 588157.22,
        "Total Cost": 588157.33,
        "Plan Rows": 1,
        "Plan Width": 8,
        "Actual Startup Time": 13091.736,
        "Actual Total Time": 13212.666,
        "Actual Rows": 2,
        "Actual Loops": 1,
        "Workers Planned": 1,
        "Workers Launched": 1,
        "Single Copy": false,
        "Plans": [
          {
            "Node Type": "Aggregate",
            "Strategy": "Plain",
            "Partial Mode": "Partial",
            "Parent Relationship": "Outer",
            "Parallel Aware": false,
            "Startup Cost": 587157.22,
            "Total Cost": 587157.23,
            "Plan Rows": 1,
            "Plan Width": 8,
            "Actual Startup Time": 13061.845,
            "Actual Total Time": 13061.853,
            "Actual Rows": 1,
            "Actual Loops": 2,
            "Plans": [
              {
                "Node Type": "Hash Join",
                "Parent Relationship": "Outer",
                "Parallel Aware": true,
                "Join Type": "Inner",
                "Startup Cost": 435077.55,
                "Total Cost": 564976.04,
                "Plan Rows": 8872472,
                "Plan Width": 0,
                "Actual Startup Time": 5495.132,
                "Actual Total Time": 10503.498,
                "Actual Rows": 66849355,
                "Actual Loops": 2,
                "Inner Unique": false,
                "Hash Cond": "(mk.movie_id = t.id)",
                "Plans": [
                  {
                    "Node Type": "Seq Scan",
                    "Parent Relationship": "Outer",
                    "Parallel Aware": true,
                    "Relation Name": "movie_keyword",
                    "Alias": "mk",
                    "Startup Cost": 0.0,
                    "Total Cost": 57718.19,
                    "Plan Rows": 1776826,
                    "Plan Width": 4,
                    "Actual Startup Time": 0.029,
                    "Actual Total Time": 207.305,
                    "Actual Rows": 1504306,
                    "Actual Loops": 2,
                    "Filter": "(keyword_id < 10687)",
                    "Rows Removed by Filter": 757660
                  },
                  {
                    "Node Type": "Hash",
                    "Parent Relationship": "Inner",
                    "Parallel Aware": true,
                    "Startup Cost": 342247.6,
                    "Total Cost": 342247.6,
                    "Plan Rows": 7426396,
                    "Plan Width": 8,
                    "Actual Startup Time": 5440.234,
                    "Actual Total Time": 5440.24,
                    "Actual Rows": 5845146,
                    "Actual Loops": 2,
                    "Hash Buckets": 16777216,
                    "Original Hash Buckets": 16777216,
                    "Hash Batches": 1,
                    "Original Hash Batches": 1,
                    "Peak Memory Usage": 588416,
                    "Plans": [
                      {
                        "Node Type": "Hash Join",
                        "Parent Relationship": "Outer",
                        "Parallel Aware": true,
                        "Join Type": "Inner",
                        "Startup Cost": 70464.11,
                        "Total Cost": 342247.6,
                        "Plan Rows": 7426396,
                        "Plan Width": 8,
                        "Actual Startup Time": 528.384,
                        "Actual Total Time": 3632.95,
                        "Actual Rows": 5845146,
                        "Actual Loops": 2,
                        "Inner Unique": true,
                        "Hash Cond": "(mi.movie_id = t.id)",
                        "Plans": [
                          {
                            "Node Type": "Seq Scan",
                            "Parent Relationship": "Outer",
                            "Parallel Aware": true,
                            "Relation Name": "movie_info",
                            "Alias": "mi",
                            "Startup Cost": 0.0,
                            "Total Cost": 248955.74,
                            "Plan Rows": 8696274,
                            "Plan Width": 4,
                            "Actual Startup Time": 0.011,
                            "Actual Total Time": 699.246,
                            "Actual Rows": 7417860,
                            "Actual Loops": 2
                          },
                          {
                            "Node Type": "Hash",
                            "Parent Relationship": "Inner",
                            "Parallel Aware": true,
                            "Startup Cost": 54588.39,
                            "Total Cost": 54588.39,
                            "Plan Rows": 1270058,
                            "Plan Width": 4,
                            "Actual Startup Time": 517.252,
                            "Actual Total Time": 517.254,
                            "Actual Rows": 1073342,
                            "Actual Loops": 2,
                            "Hash Buckets": 4194304,
                            "Original Hash Buckets": 4194304,
                            "Hash Batches": 1,
                            "Original Hash Batches": 1,
                            "Peak Memory Usage": 116800,
                            "Plans": [
                              {
                                "Node Type": "Seq Scan",
                                "Parent Relationship": "Outer",
                                "Parallel Aware": true,
                                "Relation Name": "title",
                                "Alias": "t",
                                "Startup Cost": 0.0,
                                "Total Cost": 54588.39,
                                "Plan Rows": 1270058,
                                "Plan Width": 4,
                                "Actual Startup Time": 0.058,
                                "Actual Total Time": 185.307,
                                "Actual Rows": 1073342,
                                "Actual Loops": 2,
                                "Filter": "(production_year > 1965)",
                                "Rows Removed by Filter": 190814
                              }
                            ]
                          }
                        ]
                      }
                    ]
                  }
                ]
              }
            ]
          }
        ]
      }
    ]
  },
  "Planning Time": 1.093,
  "Triggers": [],
  "Execution Time": 13212.761
}