[
  {
    "Plan": {
      "Node Type": "Aggregate",
      "Strategy": "Plain",
      "Partial Mode": "Finalize",
      "Parallel Aware": false,
      "Startup Cost": 332263.93,
      "Total Cost": 332263.94,
      "Plan Rows": 1,
      "Plan Width": 8,
      "Actual Startup Time": 644.303,
      "Actual Total Time": 701.442,
      "Actual Rows": 1,
      "Actual Loops": 1,
      "Plans": [
        {
          "Node Type": "Gather",
          "Parent Relationship": "Outer",
          "Parallel Aware": false,
          "Startup Cost": 332263.31,
          "Total Cost": 332263.92,
          "Plan Rows": 6,
          "Plan Width": 8,
          "Actual Startup Time": 644.155,
          "Actual Total Time": 701.431,
          "Actual Rows": 7,
          "Actual Loops": 1,
          "Workers Planned": 6,
          "Workers Launched": 6,
          "Single Copy": false,
          "Plans": [
            {
              "Node Type": "Aggregate",
              "Strategy": "Plain",
              "Partial Mode": "Partial",
              "Parent Relationship": "Outer",
              "Parallel Aware": false,
              "Startup Cost": 331263.31,
              "Total Cost": 331263.32,
              "Plan Rows": 1,
              "Plan Width": 8,
              "Actual Startup Time": 635.364,
              "Actual Total Time": 635.365,
              "Actual Rows": 1,
              "Actual Loops": 7,
              "Plans": [
                {
                  "Node Type": "Seq Scan",
                  "Parent Relationship": "Outer",
                  "Parallel Aware": true,
                  "Relation Name": "cast_info",
                  "Alias": "ci",
                  "Startup Cost": 0.0,
                  "Total Cost": 328162.03,
                  "Plan Rows": 1240512,
                  "Plan Width": 0,
                  "Actual Startup Time": 0.047,
                  "Actual Total Time": 581.192,
                  "Actual Rows": 1092479,
                  "Actual Loops": 7,
                  "Filter": "(person_id < 741900)",
                  "Rows Removed by Filter": 4085284
                }
              ]
            }
          ]
        }
      ]
    },
    "Planning Time": 0.165,
    "Triggers": [],
    "Execution Time": 701.507
  }
]