[
  {
    "Plan": {
      "Node Type": "Aggregate",
      "Strategy": "Plain",
      "Partial Mode": "Finalize",
      "Parallel Aware": false,
      "Startup Cost": 77878.05,
      "Total Cost": 77878.06,
      "Plan Rows": 1,
      "Plan Width": 8,
      "Actual Startup Time": 227.298,
      "Actual Total Time": 244.292,
      "Actual Rows": 1,
      "Actual Loops": 1,
      "Plans": [
        {
          "Node Type": "Gather",
          "Parent Relationship": "Outer",
          "Parallel Aware": false,
          "Startup Cost": 77877.73,
          "Total Cost": 77878.04,
          "Plan Rows": 3,
          "Plan Width": 8,
          "Actual Startup Time": 227.061,
          "Actual Total Time": 244.273,
          "Actual Rows": 4,
          "Actual Loops": 1,
          "Workers Planned": 3,
          "Workers Launched": 3,
          "Single Copy": false,
          "Plans": [
            {
              "Node Type": "Aggregate",
              "Strategy": "Plain",
              "Partial Mode": "Partial",
              "Parent Relationship": "Outer",
              "Parallel Aware": false,
              "Startup Cost": 76877.73,
              "Total Cost": 76877.74,
              "Plan Rows": 1,
              "Plan Width": 8,
              "Actual Startup Time": 218.493,
              "Actual Total Time": 218.496,
              "Actual Rows": 1,
              "Actual Loops": 4,
              "Plans": [
                {
                  "Node Type": "Hash Join",
                  "Parent Relationship": "Outer",
                  "Parallel Aware": true,
                  "Join Type": "Inner",
                  "Startup Cost": 45609.89,
                  "Total Cost": 76847.36,
                  "Plan Rows": 12151,
                  "Plan Width": 0,
                  "Actual Startup Time": 99.49,
                  "Actual Total Time": 218.36,
                  "Actual Rows": 2797,
                  "Actual Loops": 4,
                  "Inner Unique": true,
                  "Hash Cond": "(mc.movie_id = t.id)",
                  "Plans": [
                    {
                      "Node Type": "Seq Scan",
                      "Parent Relationship": "Outer",
                      "Parallel Aware": true,
                      "Relation Name": "movie_companies",
                      "Alias": "mc",
                      "Startup Cost": 0.0,
                      "Total Cost": 29310.68,
                      "Plan Rows": 734015,
                      "Plan Width": 4,
                      "Actual Startup Time": 0.039,
                      "Actual Total Time": 69.091,
                      "Actual Rows": 570029,
                      "Actual Loops": 4,
                      "Filter": "(company_id > 160)",
                      "Rows Removed by Filter": 82253
                    },
                    {
                      "Node Type": "Hash",
                      "Parent Relationship": "Inner",
                      "Parallel Aware": true,
                      "Startup Cost": 45479.1,
                      "Total Cost": 45479.1,
                      "Plan Rows": 10463,
                      "Plan Width": 4,
                      "Actual Startup Time": 97.634,
                      "Actual Total Time": 97.635,
                      "Actual Rows": 10064,
                      "Actual Loops": 4,
                      "Hash Buckets": 65536,
                      "Original Hash Buckets": 65536,
                      "Hash Batches": 1,
                      "Original Hash Batches": 1,
                      "Peak Memory Usage": 2176,
                      "Plans": [
                        {
                          "Node Type": "Seq Scan",
                          "Parent Relationship": "Outer",
                          "Parallel Aware": true,
                          "Relation Name": "title",
                          "Alias": "t",
                          "Startup Cost": 0.0,
                          "Total Cost": 45479.1,
                          "Plan Rows": 10463,
                          "Plan Width": 4,
                          "Actual Startup Time": 0.052,
                          "Actual Total Time": 92.562,
                          "Actual Rows": 10064,
                          "Actual Loops": 4,
                          "Filter": "((production_year > 2012) AND (kind_id = 7))",
                          "Rows Removed by Filter": 622014
                        }
                      ]
                    }
                  ]
                }
              ]
            }
          ]
        }
      ]
    },
    "Planning Time": 0.638,
    "Triggers": [],
    "Execution Time": 244.36
  }
]