{
  "Plan": {
    "Node Type": "Hash Join",
    "Parallel Aware": false,
    "Join Type": "Inner",
    "Startup Cost": 184600.76,
    "Total Cost": 1853196.06,
    "Plan Rows": 22365427,
    "Plan Width": 4,
    "Actual Startup Time": 2228.453,
    "Actual Total Time": 36740.709,
    "Actual Rows": 52901816,
    "Actual Loops": 1,
    "Inner Unique": true,
    "Hash Cond": "(mc.company_id = cn.id)",
    "Plans": [
      {
        "Node Type": "Hash Join",
        "Parent Relationship": "Outer",
        "Parallel Aware": false,
        "Join Type": "Inner",
        "Startup Cost": 176318.33,
        "Total Cost": 1786203.32,
        "Plan Rows": 22365427,
        "Plan Width": 4,
        "Actual Startup Time": 2157.245,
        "Actual Total Time": 28459.353,
        "Actual Rows": 52901816,
        "Actual Loops": 1,
        "Inner Unique": true,
        "Hash Cond": "(t.kind_id = kt.id)",
        "Plans": [
          {
            "Node Type": "Hash Join",
            "Parent Relationship": "Outer",
            "Parallel Aware": false,
            "Join Type": "Inner",
            "Startup Cost": 176317.17,
            "Total Cost": 1691947.86,
            "Plan Rows": 22365427,
            "Plan Width": 8,
            "Actual Startup Time": 2157.226,
            "Actual Total Time": 22669.947,
            "Actual Rows": 52901816,
            "Actual Loops": 1,
            "Inner Unique": false,
            "Hash Cond": "(ci.movie_id = mc.movie_id)",
            "Plans": [
              {
                "Node Type": "Seq Scan",
                "Parent Relationship": "Outer",
                "Parallel Aware": false,
                "Relation Name": "cast_info",
                "Alias": "ci",
                "Startup Cost": 0.0,
                "Total Cost": 615265.24,
                "Plan Rows": 36257824,
                "Plan Width": 4,
                "Actual Startup Time": 0.033,
                "Actual Total Time": 2554.968,
                "Actual Rows": 36244344,
                "Actual Loops": 1
              },
              {
                "Node Type": "Hash",
                "Parent Relationship": "Inner",
                "Parallel Aware": false,
                "Startup Cost": 156820.97,
                "Total Cost": 156820.97,
                "Plan Rows": 1559696,
                "Plan Width": 16,
                "Actual Startup Time": 2153.123,
                "Actual Total Time": 2153.128,
                "Actual Rows": 1565442,
                "Actual Loops": 1,
                "Hash Buckets": 2097152,
                "Original Hash Buckets": 2097152,
                "Hash Batches": 1,
                "Original Hash Batches": 1,
                "Peak Memory Usage": 89765,
                "Plans": [
                  {
                    "Node Type": "Hash Join",
                    "Parent Relationship": "Outer",
                    "Parallel Aware": false,
                    "Join Type": "Inner",
                    "Startup Cost": 92890.54,
                    "Total Cost": 156820.97,
                    "Plan Rows": 1559696,
                    "Plan Width": 16,
                    "Actual Startup Time": 858.995,
                    "Actual Total Time": 1833.771,
                    "Actual Rows": 1565442,
                    "Actual Loops": 1,
                    "Inner Unique": true,
                    "Hash Cond": "(mc.movie_id = t.id)",
                    "Plans": [
                      {
                        "Node Type": "Hash Join",
                        "Parent Relationship": "Outer",
                        "Parallel Aware": false,
                        "Join Type": "Inner",
                        "Startup Cost": 1.09,
                        "Total Cost": 59837.31,
                        "Plan Rows": 1559696,
                        "Plan Width": 8,
                        "Actual Startup Time": 0.047,
                        "Actual Total Time": 448.491,
                        "Actual Rows": 1565442,
                        "Actual Loops": 1,
                        "Inner Unique": true,
                        "Hash Cond": "(mc.company_type_id = ct.id)",
                        "Plans": [
                          {
                            "Node Type": "Seq Scan",
                            "Parent Relationship": "Outer",
                            "Parallel Aware": false,
                            "Relation Name": "movie_companies",
                            "Alias": "mc",
                            "Startup Cost": 0.0,
                            "Total Cost": 51404.11,
                            "Plan Rows": 1559696,
                            "Plan Width": 12,
                            "Actual Startup Time": 0.014,
                            "Actual Total Time": 238.311,
                            "Actual Rows": 1565442,
                            "Actual Loops": 1,
                            "Filter": "(company_id < 15149)",
                            "Rows Removed by Filter": 1043687
                          },
                          {
                            "Node Type": "Hash",
                            "Parent Relationship": "Inner",
                            "Parallel Aware": false,
                            "Startup Cost": 1.04,
                            "Total Cost": 1.04,
                            "Plan Rows": 4,
                            "Plan Width": 4,
                            "Actual Startup Time": 0.009,
                            "Actual Total Time": 0.01,
                            "Actual Rows": 4,
                            "Actual Loops": 1,
                            "Hash Buckets": 1024,
                            "Original Hash Buckets": 1024,
                            "Hash Batches": 1,
                            "Original Hash Batches": 1,
                            "Peak Memory Usage": 9,
                            "Plans": [
                              {
                                "Node Type": "Seq Scan",
                                "Parent Relationship": "Outer",
                                "Parallel Aware": false,
                                "Relation Name": "company_type",
                                "Alias": "ct",
                                "Startup Cost": 0.0,
                                "Total Cost": 1.04,
                                "Plan Rows": 4,
                                "Plan Width": 4,
                                "Actual Startup Time": 0.006,
                                "Actual Total Time": 0.007,
                                "Actual Rows": 4,
                                "Actual Loops": 1
                              }
                            ]
                          }
                        ]
                      },
                      {
                        "Node Type": "Hash",
                        "Parent Relationship": "Inner",
                        "Parallel Aware": false,
                        "Startup Cost": 61283.09,
                        "Total Cost": 61283.09,
                        "Plan Rows": 2528509,
                        "Plan Width": 8,
                        "Actual Startup Time": 849.906,
                        "Actual Total Time": 849.907,
                        "Actual Rows": 2528312,
                        "Actual Loops": 1,
                        "Hash Buckets": 4194304,
                        "Original Hash Buckets": 4194304,
                        "Hash Batches": 1,
                        "Original Hash Batches": 1,
                        "Peak Memory Usage": 131531,
                        "Plans": [
                          {
                            "Node Type": "Seq Scan",
                            "Parent Relationship": "Outer",
                            "Parallel Aware": false,
                            "Relation Name": "title",
                            "Alias": "t",
                            "Startup Cost": 0.0,
                            "Total Cost": 61283.09,
                            "Plan Rows": 2528509,
                            "Plan Width": 8,
                            "Actual Startup Time": 0.017,
                            "Actual Total Time": 302.891,
                            "Actual Rows": 2528312,
                            "Actual Loops": 1
                          }
                        ]
                      }
                    ]
                  }
                ]
              }
            ]
          },
          {
            "Node Type": "Hash",
            "Parent Relationship": "Inner",
            "Parallel Aware": false,
            "Startup Cost": 1.07,
            "Total Cost": 1.07,
            "Plan Rows": 7,
            "Plan Width": 4,
            "Actual Startup Time": 0.01,
            "Actual Total Time": 0.011,
            "Actual Rows": 7,
            "Actual Loops": 1,
            "Hash Buckets": 1024,
            "Original Hash Buckets": 1024,
            "Hash Batches": 1,
            "Original Hash Batches": 1,
            "Peak Memory Usage": 9,
            "Plans": [
              {
                "Node Type": "Seq Scan",
                "Parent Relationship": "Outer",
                "Parallel Aware": false,
                "Relation Name": "kind_type",
                "Alias": "kt",
                "Startup Cost": 0.0,
                "Total Cost": 1.07,
                "Plan Rows": 7,
                "Plan Width": 4,
                "Actual Startup Time": 0.007,
                "Actual Total Time": 0.008,
                "Actual Rows": 7,
                "Actual Loops": 1
              }
            ]
          }
        ]
      },
      {
        "Node Type": "Hash",
        "Parent Relationship": "Inner",
        "Parallel Aware": false,
        "Startup Cost": 5344.97,
        "Total Cost": 5344.97,
        "Plan Rows": 234997,
        "Plan Width": 4,
        "Actual Startup Time": 70.188,
        "Actual Total Time": 70.189,
        "Actual Rows": 234997,
        "Actual Loops": 1,
        "Hash Buckets": 262144,
        "Original Hash Buckets": 262144,
        "Hash Batches": 1,
        "Original Hash Batches": 1,
        "Peak Memory Usage": 10310,
        "Plans": [
          {
            "Node Type": "Seq Scan",
            "Parent Relationship": "Outer",
            "Parallel Aware": false,
            "Relation Name": "company_name",
            "Alias": "cn",
            "Startup Cost": 0.0,
            "Total Cost": 5344.97,
            "Plan Rows": 234997,
            "Plan Width": 4,
            "Actual Startup Time": 0.03,
            "Actual Total Time": 33.268,
            "Actual Rows": 234997,
            "Actual Loops": 1
          }
        ]
      }
    ]
  },
  "Planning Time": 1.708,
  "Triggers": [],
  "Execution Time": 38307.242
}