[
  {
    "Plan": {
      "Node Type": "Aggregate",
      "Strategy": "Plain",
      "Partial Mode": "Finalize",
      "Parallel Aware": false,
      "Startup Cost": 19456.94,
      "Total Cost": 19456.95,
      "Plan Rows": 1,
      "Plan Width": 8,
      "Actual Startup Time": 19.069,
      "Actual Total Time": 21.482,
      "Actual Rows": 1,
      "Actual Loops": 1,
      "Plans": [
        {
          "Node Type": "Gather",
          "Parent Relationship": "Outer",
          "Parallel Aware": false,
          "Startup Cost": 19456.83,
          "Total Cost": 19456.94,
          "Plan Rows": 1,
          "Plan Width": 8,
          "Actual Startup Time": 18.803,
          "Actual Total Time": 21.473,
          "Actual Rows": 2,
          "Actual Loops": 1,
          "Workers Planned": 1,
          "Workers Launched": 1,
          "Single Copy": false,
          "Plans": [
            {
              "Node Type": "Aggregate",
              "Strategy": "Plain",
              "Partial Mode": "Partial",
              "Parent Relationship": "Outer",
              "Parallel Aware": false,
              "Startup Cost": 18456.83,
              "Total Cost": 18456.84,
              "Plan Rows": 1,
              "Plan Width": 8,
              "Actual Startup Time": 12.58,
              "Actual Total Time": 12.583,
              "Actual Rows": 1,
              "Actual Loops": 2,
              "Plans": [
                {
                  "Node Type": "Nested Loop",
                  "Parent Relationship": "Outer",
                  "Parallel Aware": false,
                  "Join Type": "Inner",
                  "Startup Cost": 56.16,
                  "Total Cost": 18456.18,
                  "Plan Rows": 258,
                  "Plan Width": 0,
                  "Actual Startup Time": 2.714,
                  "Actual Total Time": 12.569,
                  "Actual Rows": 13,
                  "Actual Loops": 2,
                  "Inner Unique": true,
                  "Join Filter": "(mc.movie_id = t.id)",
                  "Rows Removed by Join Filter": 0,
                  "Plans": [
                    {
                      "Node Type": "Nested Loop",
                      "Parent Relationship": "Outer",
                      "Parallel Aware": false,
                      "Join Type": "Inner",
                      "Startup Cost": 55.73,
                      "Total Cost": 17308.37,
                      "Plan Rows": 1341,
                      "Plan Width": 8,
                      "Actual Startup Time": 2.575,
                      "Actual Total Time": 12.248,
                      "Actual Rows": 13,
                      "Actual Loops": 2,
                      "Inner Unique": false,
                      "Plans": [
                        {
                          "Node Type": "Bitmap Heap Scan",
                          "Parent Relationship": "Outer",
                          "Parallel Aware": true,
                          "Relation Name": "movie_companies",
                          "Alias": "mc",
                          "Startup Cost": 55.3,
                          "Total Cost": 6827.58,
                          "Plan Rows": 1432,
                          "Plan Width": 4,
                          "Actual Startup Time": 1.522,
                          "Actual Total Time": 4.676,
                          "Actual Rows": 1124,
                          "Actual Loops": 2,
                          "Recheck Cond": "(company_id = 14048)",
                          "Rows Removed by Index Recheck": 0,
                          "Exact Heap Blocks": 1212,
                          "Lossy Heap Blocks": 0,
                          "Plans": [
                            {
                              "Node Type": "Bitmap Index Scan",
                              "Parent Relationship": "Outer",
                              "Parallel Aware": false,
                              "Index Name": "company_id_movie_companies",
                              "Startup Cost": 0.0,
                              "Total Cost": 54.69,
                              "Plan Rows": 2435,
                              "Plan Width": 0,
                              "Actual Startup Time": 2.284,
                              "Actual Total Time": 2.285,
                              "Actual Rows": 2249,
                              "Actual Loops": 1,
                              "Index Cond": "(company_id = 14048)"
                            }
                          ]
                        },
                        {
                          "Node Type": "Index Scan",
                          "Parent Relationship": "Inner",
                          "Parallel Aware": false,
                          "Scan Direction": "Forward",
                          "Index Name": "movie_id_movie_info_idx",
                          "Relation Name": "movie_info_idx",
                          "Alias": "mi_idx",
                          "Startup Cost": 0.43,
                          "Total Cost": 7.31,
                          "Plan Rows": 1,
                          "Plan Width": 4,
                          "Actual Startup Time": 0.006,
                          "Actual Total Time": 0.006,
                          "Actual Rows": 0,
                          "Actual Loops": 2249,
                          "Index Cond": "(movie_id = mc.movie_id)",
                          "Rows Removed by Index Recheck": 0,
                          "Filter": "(info_type_id = 99)",
                          "Rows Removed by Filter": 0
                        }
                      ]
                    },
                    {
                      "Node Type": "Index Only Scan",
                      "Parent Relationship": "Inner",
                      "Parallel Aware": false,
                      "Scan Direction": "Forward",
                      "Index Name": "title_pkey",
                      "Relation Name": "title",
                      "Alias": "t",
                      "Startup Cost": 0.43,
                      "Total Cost": 0.84,
                      "Plan Rows": 1,
                      "Plan Width": 4,
                      "Actual Startup Time": 0.023,
                      "Actual Total Time": 0.023,
                      "Actual Rows": 1,
                      "Actual Loops": 26,
                      "Index Cond": "(id = mi_idx.movie_id)",
                      "Rows Removed by Index Recheck": 0,
                      "Heap Fetches": 26
                    }
                  ]
                }
              ]
            }
          ]
        }
      ]
    },
    "Planning Time": 1.376,
    "Triggers": [],
    "Execution Time": 21.58
  }
]