[
  {
    "Plan": {
      "Node Type": "Aggregate",
      "Strategy": "Plain",
      "Partial Mode": "Finalize",
      "Parallel Aware": false,
      "Startup Cost": 46749.22,
      "Total Cost": 46749.23,
      "Plan Rows": 1,
      "Plan Width": 8,
      "Actual Startup Time": 179.136,
      "Actual Total Time": 186.877,
      "Actual Rows": 1,
      "Actual Loops": 1,
      "Plans": [
        {
          "Node Type": "Gather",
          "Parent Relationship": "Outer",
          "Parallel Aware": false,
          "Startup Cost": 46748.9,
          "Total Cost": 46749.21,
          "Plan Rows": 3,
          "Plan Width": 8,
          "Actual Startup Time": 179.018,
          "Actual Total Time": 186.868,
          "Actual Rows": 4,
          "Actual Loops": 1,
          "Workers Planned": 3,
          "Workers Launched": 3,
          "Single Copy": false,
          "Plans": [
            {
              "Node Type": "Aggregate",
              "Strategy": "Plain",
              "Partial Mode": "Partial",
              "Parent Relationship": "Outer",
              "Parallel Aware": false,
              "Startup Cost": 45748.9,
              "Total Cost": 45748.91,
              "Plan Rows": 1,
              "Plan Width": 8,
              "Actual Startup Time": 171.061,
              "Actual Total Time": 171.062,
              "Actual Rows": 1,
              "Actual Loops": 4,
              "Plans": [
                {
                  "Node Type": "Seq Scan",
                  "Parent Relationship": "Outer",
                  "Parallel Aware": true,
                  "Relation Name": "movie_keyword",
                  "Alias": "mk",
                  "Startup Cost": 0.0,
                  "Total Cost": 42695.65,
                  "Plan Rows": 1221299,
                  "Plan Width": 0,
                  "Actual Startup Time": 0.057,
                  "Actual Total Time": 125.515,
                  "Actual Rows": 949137,
                  "Actual Loops": 4,
                  "Filter": "(keyword_id < 25788)",
                  "Rows Removed by Filter": 181845
                }
              ]
            }
          ]
        }
      ]
    },
    "Planning Time": 0.162,
    "Triggers": [],
    "Execution Time": 186.931
  }
]