[
  {
    "Plan": {
      "Node Type": "Aggregate",
      "Strategy": "Plain",
      "Partial Mode": "Finalize",
      "Parallel Aware": false,
      "Startup Cost": 433520.16,
      "Total Cost": 433520.17,
      "Plan Rows": 1,
      "Plan Width": 8,
      "Actual Startup Time": 1427.131,
      "Actual Total Time": 1475.92,
      "Actual Rows": 1,
      "Actual Loops": 1,
      "Plans": [
        {
          "Node Type": "Gather",
          "Parent Relationship": "Outer",
          "Parallel Aware": false,
          "Startup Cost": 433519.64,
          "Total Cost": 433520.15,
          "Plan Rows": 5,
          "Plan Width": 8,
          "Actual Startup Time": 1424.484,
          "Actual Total Time": 1475.913,
          "Actual Rows": 6,
          "Actual Loops": 1,
          "Workers Planned": 5,
          "Workers Launched": 5,
          "Single Copy": false,
          "Plans": [
            {
              "Node Type": "Aggregate",
              "Strategy": "Plain",
              "Partial Mode": "Partial",
              "Parent Relationship": "Outer",
              "Parallel Aware": false,
              "Startup Cost": 432519.64,
              "Total Cost": 432519.65,
              "Plan Rows": 1,
              "Plan Width": 8,
              "Actual Startup Time": 1418.094,
              "Actual Total Time": 1418.098,
              "Actual Rows": 1,
              "Actual Loops": 6,
              "Plans": [
                {
                  "Node Type": "Nested Loop",
                  "Parent Relationship": "Outer",
                  "Parallel Aware": false,
                  "Join Type": "Inner",
                  "Startup Cost": 70121.43,
                  "Total Cost": 430082.17,
                  "Plan Rows": 974988,
                  "Plan Width": 0,
                  "Actual Startup Time": 154.737,
                  "Actual Total Time": 1370.337,
                  "Actual Rows": 1005727,
                  "Actual Loops": 6,
                  "Inner Unique": false,
                  "Join Filter": "(t.id = ci.movie_id)",
                  "Rows Removed by Join Filter": 0,
                  "Plans": [
                    {
                      "Node Type": "Hash Join",
                      "Parent Relationship": "Outer",
                      "Parallel Aware": true,
                      "Join Type": "Inner",
                      "Startup Cost": 70120.87,
                      "Total Cost": 236151.77,
                      "Plan Rows": 67997,
                      "Plan Width": 8,
                      "Actual Startup Time": 154.572,
                      "Actual Total Time": 262.86,
                      "Actual Rows": 71514,
                      "Actual Loops": 6,
                      "Inner Unique": true,
                      "Hash Cond": "(mi.movie_id = t.id)",
                      "Plans": [
                        {
                          "Node Type": "Bitmap Heap Scan",
                          "Parent Relationship": "Outer",
                          "Parallel Aware": true,
                          "Relation Name": "movie_info",
                          "Alias": "mi",
                          "Startup Cost": 24209.48,
                          "Total Cost": 189539.59,
                          "Plan Rows": 266969,
                          "Plan Width": 4,
                          "Actual Startup Time": 47.993,
                          "Actual Total Time": 70.682,
                          "Actual Rows": 220894,
                          "Actual Loops": 6,
                          "Recheck Cond": "(info_type_id = 8)",
                          "Rows Removed by Index Recheck": 0,
                          "Exact Heap Blocks": 1602,
                          "Lossy Heap Blocks": 0,
                          "Plans": [
                            {
                              "Node Type": "Bitmap Index Scan",
                              "Parent Relationship": "Outer",
                              "Parallel Aware": false,
                              "Index Name": "info_type_id_movie_info",
                              "Startup Cost": 0.0,
                              "Total Cost": 23875.77,
                              "Plan Rows": 1334844,
                              "Plan Width": 0,
                              "Actual Startup Time": 46.635,
                              "Actual Total Time": 46.636,
                              "Actual Rows": 1325361,
                              "Actual Loops": 1,
                              "Index Cond": "(info_type_id = 8)"
                            }
                          ]
                        },
                        {
                          "Node Type": "Hash",
                          "Parent Relationship": "Inner",
                          "Parallel Aware": true,
                          "Startup Cost": 43899.01,
                          "Total Cost": 43899.01,
                          "Plan Rows": 160991,
                          "Plan Width": 4,
                          "Actual Startup Time": 104.406,
                          "Actual Total Time": 104.407,
                          "Actual Rows": 107162,
                          "Actual Loops": 6,
                          "Hash Buckets": 1048576,
                          "Original Hash Buckets": 1048576,
                          "Hash Batches": 1,
                          "Original Hash Batches": 1,
                          "Peak Memory Usage": 33408,
                          "Plans": [
                            {
                              "Node Type": "Seq Scan",
                              "Parent Relationship": "Outer",
                              "Parallel Aware": true,
                              "Relation Name": "title",
                              "Alias": "t",
                              "Startup Cost": 0.0,
                              "Total Cost": 43899.01,
                              "Plan Rows": 160991,
                              "Plan Width": 4,
                              "Actual Startup Time": 0.024,
                              "Actual Total Time": 65.878,
                              "Actual Rows": 107162,
                              "Actual Loops": 6,
                              "Filter": "(production_year < 1988)",
                              "Rows Removed by Filter": 314223
                            }
                          ]
                        }
                      ]
                    },
                    {
                      "Node Type": "Index Only Scan",
                      "Parent Relationship": "Inner",
                      "Parallel Aware": false,
                      "Scan Direction": "Forward",
                      "Index Name": "movie_id_cast_info",
                      "Relation Name": "cast_info",
                      "Alias": "ci",
                      "Startup Cost": 0.56,
                      "Total Cost": 2.38,
                      "Plan Rows": 38,
                      "Plan Width": 4,
                      "Actual Startup Time": 0.004,
                      "Actual Total Time": 0.014,
                      "Actual Rows": 14,
                      "Actual Loops": 429085,
                      "Index Cond": "(movie_id = mi.movie_id)",
                      "Rows Removed by Index Recheck": 0,
                      "Heap Fetches": 6034363
                    }
                  ]
                }
              ]
            }
          ]
        }
      ]
    },
    "Planning Time": 0.461,
    "Triggers": [],
    "Execution Time": 1475.983
  }
]