{
  "Plan": {
    "Node Type": "Aggregate",
    "Strategy": "Plain",
    "Partial Mode": "Finalize",
    "Parallel Aware": false,
    "Startup Cost": 319110.42,
    "Total Cost": 319110.43,
    "Plan Rows": 1,
    "Plan Width": 8,
    "Actual Startup Time": 872.795,
    "Actual Total Time": 882.173,
    "Actual Rows": 1,
    "Actual Loops": 1,
    "Plans": [
      {
        "Node Type": "Gather",
        "Parent Relationship": "Outer",
        "Parallel Aware": false,
        "Startup Cost": 319110.31,
        "Total Cost": 319110.42,
        "Plan Rows": 1,
        "Plan Width": 8,
        "Actual Startup Time": 871.624,
        "Actual Total Time": 882.165,
        "Actual Rows": 2,
        "Actual Loops": 1,
        "Workers Planned": 1,
        "Workers Launched": 1,
        "Single Copy": false,
        "Plans": [
          {
            "Node Type": "Aggregate",
            "Strategy": "Plain",
            "Partial Mode": "Partial",
            "Parent Relationship": "Outer",
            "Parallel Aware": false,
            "Startup Cost": 318110.31,
            "Total Cost": 318110.32,
            "Plan Rows": 1,
            "Plan Width": 8,
            "Actual Startup Time": 865.23,
            "Actual Total Time": 865.235,
            "Actual Rows": 1,
            "Actual Loops": 2,
            "Plans": [
              {
                "Node Type": "Hash Join",
                "Parent Relationship": "Outer",
                "Parallel Aware": true,
                "Join Type": "Inner",
                "Startup Cost": 122991.16,
                "Total Cost": 316941.85,
                "Plan Rows": 467384,
                "Plan Width": 0,
                "Actual Startup Time": 324.747,
                "Actual Total Time": 834.085,
                "Actual Rows": 767244,
                "Actual Loops": 2,
                "Inner Unique": true,
                "Hash Cond": "(mi.movie_id = t.id)",
                "Plans": [
                  {
                    "Node Type": "Bitmap Heap Scan",
                    "Parent Relationship": "Outer",
                    "Parallel Aware": true,
                    "Relation Name": "movie_info",
                    "Alias": "mi",
                    "Startup Cost": 65065.95,
                    "Total Cost": 253470.26,
                    "Plan Rows": 2112905,
                    "Plan Width": 4,
                    "Actual Startup Time": 119.517,
                    "Actual Total Time": 290.427,
                    "Actual Rows": 1812488,
                    "Actual Loops": 2,
                    "Recheck Cond": "(info_type_id < 4)",
                    "Rows Removed by Index Recheck": 0,
                    "Exact Heap Blocks": 12019,
                    "Lossy Heap Blocks": 0,
                    "Plans": [
                      {
                        "Node Type": "Bitmap Index Scan",
                        "Parent Relationship": "Outer",
                        "Parallel Aware": false,
                        "Index Name": "info_type_id_movie_info",
                        "Startup Cost": 0.0,
                        "Total Cost": 64167.97,
                        "Plan Rows": 3591938,
                        "Plan Width": 0,
                        "Actual Startup Time": 115.969,
                        "Actual Total Time": 115.969,
                        "Actual Rows": 3624977,
                        "Actual Loops": 1,
                        "Index Cond": "(info_type_id < 4)"
                      }
                    ]
                  },
                  {
                    "Node Type": "Hash",
                    "Parent Relationship": "Inner",
                    "Parallel Aware": true,
                    "Startup Cost": 53812.93,
                    "Total Cost": 53812.93,
                    "Plan Rows": 328982,
                    "Plan Width": 4,
                    "Actual Startup Time": 169.465,
                    "Actual Total Time": 169.466,
                    "Actual Rows": 219357,
                    "Actual Loops": 2,
                    "Hash Buckets": 1048576,
                    "Original Hash Buckets": 1048576,
                    "Hash Batches": 1,
                    "Original Hash Batches": 1,
                    "Peak Memory Usage": 25376,
                    "Plans": [
                      {
                        "Node Type": "Bitmap Heap Scan",
                        "Parent Relationship": "Outer",
                        "Parallel Aware": true,
                        "Relation Name": "title",
                        "Alias": "t",
                        "Startup Cost": 11962.67,
                        "Total Cost": 53812.93,
                        "Plan Rows": 328982,
                        "Plan Width": 4,
                        "Actual Startup Time": 30.434,
                        "Actual Total Time": 103.165,
                        "Actual Rows": 219357,
                        "Actual Loops": 2,
                        "Recheck Cond": "(kind_id = 1)",
                        "Rows Removed by Index Recheck": 0,
                        "Filter": "(production_year > 1967)",
                        "Rows Removed by Filter": 112056,
                        "Exact Heap Blocks": 7959,
                        "Lossy Heap Blocks": 0,
                        "Plans": [
                          {
                            "Node Type": "Bitmap Index Scan",
                            "Parent Relationship": "Outer",
                            "Parallel Aware": false,
                            "Index Name": "kind_id_title",
                            "Startup Cost": 0.0,
                            "Total Cost": 11822.85,
                            "Plan Rows": 663256,
                            "Plan Width": 0,
                            "Actual Startup Time": 28.586,
                            "Actual Total Time": 28.586,
                            "Actual Rows": 662825,
                            "Actual Loops": 1,
                            "Index Cond": "(kind_id = 1)"
                          }
                        ]
                      }
                    ]
                  }
                ]
              }
            ]
          }
        ]
      }
    ]
  },
  "Planning Time": 0.635,
  "Triggers": [],
  "Execution Time": 882.277
}