[
  {
    "Plan": {
      "Node Type": "Aggregate",
      "Strategy": "Plain",
      "Partial Mode": "Finalize",
      "Parallel Aware": false,
      "Startup Cost": 85898.65,
      "Total Cost": 85898.66,
      "Plan Rows": 1,
      "Plan Width": 8,
      "Actual Startup Time": 382.095,
      "Actual Total Time": 397.954,
      "Actual Rows": 1,
      "Actual Loops": 1,
      "Plans": [
        {
          "Node Type": "Gather",
          "Parent Relationship": "Outer",
          "Parallel Aware": false,
          "Startup Cost": 85898.33,
          "Total Cost": 85898.64,
          "Plan Rows": 3,
          "Plan Width": 8,
          "Actual Startup Time": 376.249,
          "Actual Total Time": 397.944,
          "Actual Rows": 4,
          "Actual Loops": 1,
          "Workers Planned": 3,
          "Workers Launched": 3,
          "Single Copy": false,
          "Plans": [
            {
              "Node Type": "Aggregate",
              "Strategy": "Plain",
              "Partial Mode": "Partial",
              "Parent Relationship": "Outer",
              "Parallel Aware": false,
              "Startup Cost": 84898.33,
              "Total Cost": 84898.34,
              "Plan Rows": 1,
              "Plan Width": 8,
              "Actual Startup Time": 363.454,
              "Actual Total Time": 363.457,
              "Actual Rows": 1,
              "Actual Loops": 4,
              "Plans": [
                {
                  "Node Type": "Hash Join",
                  "Parent Relationship": "Outer",
                  "Parallel Aware": true,
                  "Join Type": "Inner",
                  "Startup Cost": 58143.42,
                  "Total Cost": 84671.59,
                  "Plan Rows": 90697,
                  "Plan Width": 0,
                  "Actual Startup Time": 283.978,
                  "Actual Total Time": 361.957,
                  "Actual Rows": 22440,
                  "Actual Loops": 4,
                  "Inner Unique": true,
                  "Hash Cond": "(mk.movie_id = t.id)",
                  "Plans": [
                    {
                      "Node Type": "Bitmap Heap Scan",
                      "Parent Relationship": "Outer",
                      "Parallel Aware": true,
                      "Relation Name": "movie_keyword",
                      "Alias": "mk",
                      "Startup Cost": 9019.1,
                      "Total Cost": 35187.29,
                      "Plan Rows": 137135,
                      "Plan Width": 4,
                      "Actual Startup Time": 26.856,
                      "Actual Total Time": 75.704,
                      "Actual Rows": 102901,
                      "Actual Loops": 4,
                      "Recheck Cond": "(keyword_id > 42033)",
                      "Rows Removed by Index Recheck": 0,
                      "Exact Heap Blocks": 7956,
                      "Lossy Heap Blocks": 0,
                      "Plans": [
                        {
                          "Node Type": "Bitmap Index Scan",
                          "Parent Relationship": "Outer",
                          "Parallel Aware": false,
                          "Index Name": "keyword_id_movie_keyword",
                          "Startup Cost": 0.0,
                          "Total Cost": 8912.83,
                          "Plan Rows": 425119,
                          "Plan Width": 0,
                          "Actual Startup Time": 23.543,
                          "Actual Total Time": 23.544,
                          "Actual Rows": 411603,
                          "Actual Loops": 1,
                          "Index Cond": "(keyword_id > 42033)"
                        }
                      ]
                    },
                    {
                      "Node Type": "Hash",
                      "Parent Relationship": "Inner",
                      "Parallel Aware": true,
                      "Startup Cost": 43898.92,
                      "Total Cost": 43898.92,
                      "Plan Rows": 418032,
                      "Plan Width": 4,
                      "Actual Startup Time": 249.366,
                      "Actual Total Time": 249.367,
                      "Actual Rows": 418524,
                      "Actual Loops": 4,
                      "Hash Buckets": 2097152,
                      "Original Hash Buckets": 2097152,
                      "Hash Batches": 1,
                      "Original Hash Batches": 1,
                      "Peak Memory Usage": 81952,
                      "Plans": [
                        {
                          "Node Type": "Seq Scan",
                          "Parent Relationship": "Outer",
                          "Parallel Aware": true,
                          "Relation Name": "title",
                          "Alias": "t",
                          "Startup Cost": 0.0,
                          "Total Cost": 43898.92,
                          "Plan Rows": 418032,
                          "Plan Width": 4,
                          "Actual Startup Time": 0.035,
                          "Actual Total Time": 102.086,
                          "Actual Rows": 418524,
                          "Actual Loops": 4,
                          "Filter": "(kind_id > 3)",
                          "Rows Removed by Filter": 213554
                        }
                      ]
                    }
                  ]
                }
              ]
            }
          ]
        }
      ]
    },
    "Planning Time": 0.597,
    "Triggers": [],
    "Execution Time": 398.073
  }
]