[
    {
        "Bao": {
            "Bao prediction": "NaN",
            "Bao recommended hint": "(no hint)"
        }
    },
    {
        "Plan": {
            "Node Type": "Aggregate",
            "Strategy": "Plain",
            "Partial Mode": "Finalize",
            "Parallel Aware": false,
            "Startup Cost": 36484.76,
            "Total Cost": 36484.77,
            "Plan Rows": 1,
            "Plan Width": 8,
            "Actual Startup Time": 121.033,
            "Actual Total Time": 126.49,
            "Actual Rows": 1,
            "Actual Loops": 1,
            "Output": [
                "count(*)"
            ],
            "Plans": [
                {
                    "Node Type": "Gather",
                    "Parent Relationship": "Outer",
                    "Parallel Aware": false,
                    "Startup Cost": 36484.44,
                    "Total Cost": 36484.75,
                    "Plan Rows": 3,
                    "Plan Width": 8,
                    "Actual Startup Time": 120.733,
                    "Actual Total Time": 126.482,
                    "Actual Rows": 4,
                    "Actual Loops": 1,
                    "Output": [
                        "(PARTIAL count(*))"
                    ],
                    "Workers Planned": 3,
                    "Workers Launched": 3,
                    "Single Copy": false,
                    "Plans": [
                        {
                            "Node Type": "Aggregate",
                            "Strategy": "Plain",
                            "Partial Mode": "Partial",
                            "Parent Relationship": "Outer",
                            "Parallel Aware": false,
                            "Startup Cost": 35484.44,
                            "Total Cost": 35484.45,
                            "Plan Rows": 1,
                            "Plan Width": 8,
                            "Actual Startup Time": 111.606,
                            "Actual Total Time": 111.608,
                            "Actual Rows": 1,
                            "Actual Loops": 4,
                            "Output": [
                                "PARTIAL count(*)"
                            ],
                            "Workers": [
                                {
                                    "Worker Number": 0,
                                    "Actual Startup Time": 108.324,
                                    "Actual Total Time": 108.326,
                                    "Actual Rows": 1,
                                    "Actual Loops": 1
                                },
                                {
                                    "Worker Number": 1,
                                    "Actual Startup Time": 108.979,
                                    "Actual Total Time": 108.981,
                                    "Actual Rows": 1,
                                    "Actual Loops": 1
                                },
                                {
                                    "Worker Number": 2,
                                    "Actual Startup Time": 108.971,
                                    "Actual Total Time": 108.973,
                                    "Actual Rows": 1,
                                    "Actual Loops": 1
                                }
                            ],
                            "Plans": [
                                {
                                    "Node Type": "Bitmap Heap Scan",
                                    "Parent Relationship": "Outer",
                                    "Parallel Aware": true,
                                    "Relation Name": "movie_keyword",
                                    "Schema": "public",
                                    "Alias": "mk",
                                    "Startup Cost": 8981.75,
                                    "Total Cost": 35142.99,
                                    "Plan Rows": 136579,
                                    "Plan Width": 0,
                                    "Actual Startup Time": 40.325,
                                    "Actual Total Time": 105.589,
                                    "Actual Rows": 103341,
                                    "Actual Loops": 4,
                                    "Recheck Cond": "(mk.keyword_id > 41994)",
                                    "Rows Removed by Index Recheck": 0,
                                    "Exact Heap Blocks": 11406,
                                    "Lossy Heap Blocks": 0,
                                    "Workers": [
                                        {
                                            "Worker Number": 0,
                                            "Actual Startup Time": 37.118,
                                            "Actual Total Time": 103.398,
                                            "Actual Rows": 69002,
                                            "Actual Loops": 1
                                        },
                                        {
                                            "Worker Number": 1,
                                            "Actual Startup Time": 37.817,
                                            "Actual Total Time": 103.444,
                                            "Actual Rows": 58867,
                                            "Actual Loops": 1
                                        },
                                        {
                                            "Worker Number": 2,
                                            "Actual Startup Time": 37.799,
                                            "Actual Total Time": 103.524,
                                            "Actual Rows": 77751,
                                            "Actual Loops": 1
                                        }
                                    ],
                                    "Plans": [
                                        {
                                            "Node Type": "Bitmap Index Scan",
                                            "Parent Relationship": "Outer",
                                            "Parallel Aware": false,
                                            "Index Name": "keyword_id_movie_keyword",
                                            "Startup Cost": 0.0,
                                            "Total Cost": 8875.9,
                                            "Plan Rows": 423396,
                                            "Plan Width": 0,
                                            "Actual Startup Time": 45.295,
                                            "Actual Total Time": 45.296,
                                            "Actual Rows": 413365,
                                            "Actual Loops": 1,
                                            "Index Cond": "(mk.keyword_id > 41994)"
                                        }
                                    ]
                                }
                            ]
                        }
                    ]
                }
            ]
        },
        "Planning Time": 201.246,
        "Triggers": [],
        "Execution Time": 126.595
    }
]