[
  {
    "Plan": {
      "Node Type": "Aggregate",
      "Strategy": "Plain",
      "Partial Mode": "Finalize",
      "Parallel Aware": false,
      "Startup Cost": 269743.62,
      "Total Cost": 269743.63,
      "Plan Rows": 1,
      "Plan Width": 8,
      "Actual Startup Time": 1238.347,
      "Actual Total Time": 1264.528,
      "Actual Rows": 1,
      "Actual Loops": 1,
      "Plans": [
        {
          "Node Type": "Gather",
          "Parent Relationship": "Outer",
          "Parallel Aware": false,
          "Startup Cost": 269743.41,
          "Total Cost": 269743.62,
          "Plan Rows": 2,
          "Plan Width": 8,
          "Actual Startup Time": 1230.363,
          "Actual Total Time": 1264.517,
          "Actual Rows": 3,
          "Actual Loops": 1,
          "Workers Planned": 2,
          "Workers Launched": 2,
          "Single Copy": false,
          "Plans": [
            {
              "Node Type": "Aggregate",
              "Strategy": "Plain",
              "Partial Mode": "Partial",
              "Parent Relationship": "Outer",
              "Parallel Aware": false,
              "Startup Cost": 268743.41,
              "Total Cost": 268743.42,
              "Plan Rows": 1,
              "Plan Width": 8,
              "Actual Startup Time": 1219.491,
              "Actual Total Time": 1219.498,
              "Actual Rows": 1,
              "Actual Loops": 3,
              "Plans": [
                {
                  "Node Type": "Hash Join",
                  "Parent Relationship": "Outer",
                  "Parallel Aware": true,
                  "Join Type": "Inner",
                  "Startup Cost": 251589.28,
                  "Total Cost": 267955.8,
                  "Plan Rows": 315044,
                  "Plan Width": 0,
                  "Actual Startup Time": 1121.455,
                  "Actual Total Time": 1219.445,
                  "Actual Rows": 521,
                  "Actual Loops": 3,
                  "Inner Unique": false,
                  "Hash Cond": "(mi_idx.movie_id = t.id)",
                  "Plans": [
                    {
                      "Node Type": "Seq Scan",
                      "Parent Relationship": "Outer",
                      "Parallel Aware": true,
                      "Relation Name": "movie_info_idx",
                      "Alias": "mi_idx",
                      "Startup Cost": 0.0,
                      "Total Cost": 13685.15,
                      "Plan Rows": 575015,
                      "Plan Width": 4,
                      "Actual Startup Time": 0.031,
                      "Actual Total Time": 42.969,
                      "Actual Rows": 460012,
                      "Actual Loops": 3
                    },
                    {
                      "Node Type": "Hash",
                      "Parent Relationship": "Inner",
                      "Parallel Aware": true,
                      "Startup Cost": 248703.4,
                      "Total Cost": 248703.4,
                      "Plan Rows": 230870,
                      "Plan Width": 8,
                      "Actual Startup Time": 1110.031,
                      "Actual Total Time": 1110.036,
                      "Actual Rows": 453,
                      "Actual Loops": 3,
                      "Hash Buckets": 2097152,
                      "Original Hash Buckets": 2097152,
                      "Hash Batches": 1,
                      "Original Hash Batches": 1,
                      "Peak Memory Usage": 16480,
                      "Plans": [
                        {
                          "Node Type": "Hash Join",
                          "Parent Relationship": "Outer",
                          "Parallel Aware": true,
                          "Join Type": "Inner",
                          "Startup Cost": 50220.21,
                          "Total Cost": 248703.4,
                          "Plan Rows": 230870,
                          "Plan Width": 8,
                          "Actual Startup Time": 688.89,
                          "Actual Total Time": 1097.507,
                          "Actual Rows": 453,
                          "Actual Loops": 3,
                          "Inner Unique": true,
                          "Hash Cond": "(ci.movie_id = t.id)",
                          "Plans": [
                            {
                              "Node Type": "Index Scan",
                              "Parent Relationship": "Outer",
                              "Parallel Aware": true,
                              "Scan Direction": "Forward",
                              "Index Name": "role_id_cast_info",
                              "Relation Name": "cast_info",
                              "Alias": "ci",
                              "Startup Cost": 0.56,
                              "Total Cost": 197877.72,
                              "Plan Rows": 230870,
                              "Plan Width": 4,
                              "Actual Startup Time": 0.861,
                              "Actual Total Time": 406.598,
                              "Actual Rows": 453,
                              "Actual Loops": 3,
                              "Index Cond": "(role_id = 2)",
                              "Rows Removed by Index Recheck": 0,
                              "Filter": "(person_id < 676496)",
                              "Rows Removed by Filter": 2483538
                            },
                            {
                              "Node Type": "Hash",
                              "Parent Relationship": "Inner",
                              "Parallel Aware": true,
                              "Startup Cost": 42318.73,
                              "Total Cost": 42318.73,
                              "Plan Rows": 632073,
                              "Plan Width": 4,
                              "Actual Startup Time": 677.134,
                              "Actual Total Time": 677.135,
                              "Actual Rows": 842771,
                              "Actual Loops": 3,
                              "Hash Buckets": 4194304,
                              "Original Hash Buckets": 4194304,
                              "Hash Batches": 1,
                              "Original Hash Batches": 1,
                              "Peak Memory Usage": 131744,
                              "Plans": [
                                {
                                  "Node Type": "Seq Scan",
                                  "Parent Relationship": "Outer",
                                  "Parallel Aware": true,
                                  "Relation Name": "title",
                                  "Alias": "t",
                                  "Startup Cost": 0.0,
                                  "Total Cost": 42318.73,
                                  "Plan Rows": 632073,
                                  "Plan Width": 4,
                                  "Actual Startup Time": 0.035,
                                  "Actual Total Time": 155.209,
                                  "Actual Rows": 842771,
                                  "Actual Loops": 3
                                }
                              ]
                            }
                          ]
                        }
                      ]
                    }
                  ]
                }
              ]
            }
          ]
        }
      ]
    },
    "Planning Time": 1.296,
    "Triggers": [],
    "Execution Time": 1264.621
  }
]