{
  "Plan": {
    "Node Type": "Aggregate",
    "Strategy": "Plain",
    "Partial Mode": "Simple",
    "Parallel Aware": false,
    "Startup Cost": 179389.78,
    "Total Cost": 179389.79,
    "Plan Rows": 1,
    "Plan Width": 64,
    "Actual Startup Time": 441.351,
    "Actual Total Time": 468.755,
    "Actual Rows": 1,
    "Actual Loops": 1,
    "Plans": [
      {
        "Node Type": "Gather",
        "Parent Relationship": "Outer",
        "Parallel Aware": false,
        "Startup Cost": 93691.02,
        "Total Cost": 179389.77,
        "Plan Rows": 1,
        "Plan Width": 33,
        "Actual Startup Time": 441.047,
        "Actual Total Time": 468.74,
        "Actual Rows": 27,
        "Actual Loops": 1,
        "Workers Planned": 1,
        "Workers Launched": 1,
        "Single Copy": false,
        "Plans": [
          {
            "Node Type": "Nested Loop",
            "Parent Relationship": "Outer",
            "Parallel Aware": false,
            "Join Type": "Inner",
            "Startup Cost": 92691.02,
            "Total Cost": 178389.67,
            "Plan Rows": 1,
            "Plan Width": 33,
            "Actual Startup Time": 418.057,
            "Actual Total Time": 433.266,
            "Actual Rows": 14,
            "Actual Loops": 2,
            "Inner Unique": true,
            "Plans": [
              {
                "Node Type": "Nested Loop",
                "Parent Relationship": "Outer",
                "Parallel Aware": false,
                "Join Type": "Inner",
                "Startup Cost": 92690.6,
                "Total Cost": 178388.24,
                "Plan Rows": 1,
                "Plan Width": 37,
                "Actual Startup Time": 418.018,
                "Actual Total Time": 433.179,
                "Actual Rows": 14,
                "Actual Loops": 2,
                "Inner Unique": true,
                "Plans": [
                  {
                    "Node Type": "Nested Loop",
                    "Parent Relationship": "Outer",
                    "Parallel Aware": false,
                    "Join Type": "Inner",
                    "Startup Cost": 92690.46,
                    "Total Cost": 178388.07,
                    "Plan Rows": 1,
                    "Plan Width": 41,
                    "Actual Startup Time": 417.998,
                    "Actual Total Time": 433.135,
                    "Actual Rows": 14,
                    "Actual Loops": 2,
                    "Inner Unique": false,
                    "Join Filter": "(ci.movie_id = mc.movie_id)",
                    "Rows Removed by Join Filter": 0,
                    "Plans": [
                      {
                        "Node Type": "Nested Loop",
                        "Parent Relationship": "Outer",
                        "Parallel Aware": false,
                        "Join Type": "Inner",
                        "Startup Cost": 92690.03,
                        "Total Cost": 178248.32,
                        "Plan Rows": 233,
                        "Plan Width": 45,
                        "Actual Startup Time": 403.315,
                        "Actual Total Time": 432.873,
                        "Actual Rows": 29,
                        "Actual Loops": 2,
                        "Inner Unique": true,
                        "Plans": [
                          {
                            "Node Type": "Nested Loop",
                            "Parent Relationship": "Outer",
                            "Parallel Aware": false,
                            "Join Type": "Inner",
                            "Startup Cost": 92689.6,
                            "Total Cost": 176908.58,
                            "Plan Rows": 233,
                            "Plan Width": 24,
                            "Actual Startup Time": 403.25,
                            "Actual Total Time": 432.521,
                            "Actual Rows": 29,
                            "Actual Loops": 2,
                            "Inner Unique": false,
                            "Plans": [
                              {
                                "Node Type": "Hash Join",
                                "Parent Relationship": "Outer",
                                "Parallel Aware": true,
                                "Join Type": "Inner",
                                "Startup Cost": 92689.04,
                                "Total Cost": 110778.84,
                                "Plan Rows": 5302,
                                "Plan Width": 24,
                                "Actual Startup Time": 318.023,
                                "Actual Total Time": 409.429,
                                "Actual Rows": 2016,
                                "Actual Loops": 2,
                                "Inner Unique": true,
                                "Hash Cond": "(an1.person_id = n1.id)",
                                "Plans": [
                                  {
                                    "Node Type": "Seq Scan",
                                    "Parent Relationship": "Outer",
                                    "Parallel Aware": true,
                                    "Relation Name": "aka_name",
                                    "Alias": "an1",
                                    "Startup Cost": 0.0,
                                    "Total Cost": 16698.02,
                                    "Plan Rows": 530202,
                                    "Plan Width": 20,
                                    "Actual Startup Time": 0.021,
                                    "Actual Total Time": 45.302,
                                    "Actual Rows": 450672,
                                    "Actual Loops": 2
                                  },
                                  {
                                    "Node Type": "Hash",
                                    "Parent Relationship": "Inner",
                                    "Parallel Aware": true,
                                    "Startup Cost": 92382.65,
                                    "Total Cost": 92382.65,
                                    "Plan Rows": 24511,
                                    "Plan Width": 4,
                                    "Actual Startup Time": 316.187,
                                    "Actual Total Time": 316.188,
                                    "Actual Rows": 10456,
                                    "Actual Loops": 2,
                                    "Hash Buckets": 65536,
                                    "Original Hash Buckets": 65536,
                                    "Hash Batches": 1,
                                    "Original Hash Batches": 1,
                                    "Peak Memory Usage": 1376,
                                    "Plans": [
                                      {
                                        "Node Type": "Seq Scan",
                                        "Parent Relationship": "Outer",
                                        "Parallel Aware": true,
                                        "Relation Name": "name",
                                        "Alias": "n1",
                                        "Startup Cost": 0.0,
                                        "Total Cost": 92382.65,
                                        "Plan Rows": 24511,
                                        "Plan Width": 4,
                                        "Actual Startup Time": 0.344,
                                        "Actual Total Time": 311.483,
                                        "Actual Rows": 10456,
                                        "Actual Loops": 2,
                                        "Filter": "((name ~~ '%Yo%'::text) AND (name !~~ '%Yu%'::text))",
                                        "Rows Removed by Filter": 2073290
                                      }
                                    ]
                                  }
                                ]
                              },
                              {
                                "Node Type": "Index Scan",
                                "Parent Relationship": "Inner",
                                "Parallel Aware": false,
                                "Scan Direction": "Forward",
                                "Index Name": "person_id_cast_info",
                                "Relation Name": "cast_info",
                                "Alias": "ci",
                                "Startup Cost": 0.56,
                                "Total Cost": 12.46,
                                "Plan Rows": 1,
                                "Plan Width": 12,
                                "Actual Startup Time": 0.011,
                                "Actual Total Time": 0.011,
                                "Actual Rows": 0,
                                "Actual Loops": 4031,
                                "Index Cond": "(person_id = an1.person_id)",
                                "Rows Removed by Index Recheck": 0,
                                "Filter": "(note = '(assistant to executive producer)'::text)",
                                "Rows Removed by Filter": 28
                              }
                            ]
                          },
                          {
                            "Node Type": "Index Scan",
                            "Parent Relationship": "Inner",
                            "Parallel Aware": false,
                            "Scan Direction": "Forward",
                            "Index Name": "title_pkey",
                            "Relation Name": "title",
                            "Alias": "t",
                            "Startup Cost": 0.43,
                            "Total Cost": 5.75,
                            "Plan Rows": 1,
                            "Plan Width": 21,
                            "Actual Startup Time": 0.011,
                            "Actual Total Time": 0.011,
                            "Actual Rows": 1,
                            "Actual Loops": 58,
                            "Index Cond": "(id = ci.movie_id)",
                            "Rows Removed by Index Recheck": 0
                          }
                        ]
                      },
                      {
                        "Node Type": "Index Scan",
                        "Parent Relationship": "Inner",
                        "Parallel Aware": false,
                        "Scan Direction": "Forward",
                        "Index Name": "movie_id_movie_companies",
                        "Relation Name": "movie_companies",
                        "Alias": "mc",
                        "Startup Cost": 0.43,
                        "Total Cost": 0.59,
                        "Plan Rows": 1,
                        "Plan Width": 8,
                        "Actual Startup Time": 0.007,
                        "Actual Total Time": 0.008,
                        "Actual Rows": 0,
                        "Actual Loops": 58,
                        "Index Cond": "(movie_id = t.id)",
                        "Rows Removed by Index Recheck": 0,
                        "Filter": "((note ~~ '%(Japan)%'::text) AND (note !~~ '%(USA)%'::text))",
                        "Rows Removed by Filter": 2
                      }
                    ]
                  },
                  {
                    "Node Type": "Index Scan",
                    "Parent Relationship": "Inner",
                    "Parallel Aware": false,
                    "Scan Direction": "Forward",
                    "Index Name": "role_type_pkey",
                    "Relation Name": "role_type",
                    "Alias": "rt",
                    "Startup Cost": 0.14,
                    "Total Cost": 0.16,
                    "Plan Rows": 1,
                    "Plan Width": 4,
                    "Actual Startup Time": 0.002,
                    "Actual Total Time": 0.003,
                    "Actual Rows": 1,
                    "Actual Loops": 27,
                    "Index Cond": "(id = ci.role_id)",
                    "Rows Removed by Index Recheck": 0,
                    "Filter": "((role)::text = 'miscellaneous crew'::text)",
                    "Rows Removed by Filter": 0
                  }
                ]
              },
              {
                "Node Type": "Index Scan",
                "Parent Relationship": "Inner",
                "Parallel Aware": false,
                "Scan Direction": "Forward",
                "Index Name": "company_name_pkey",
                "Relation Name": "company_name",
                "Alias": "cn",
                "Startup Cost": 0.42,
                "Total Cost": 1.43,
                "Plan Rows": 1,
                "Plan Width": 4,
                "Actual Startup Time": 0.006,
                "Actual Total Time": 0.006,
                "Actual Rows": 1,
                "Actual Loops": 27,
                "Index Cond": "(id = mc.company_id)",
                "Rows Removed by Index Recheck": 0,
                "Filter": "((country_code)::text = '[jp]'::text)",
                "Rows Removed by Filter": 0
              }
            ]
          }
        ]
      }
    ]
  },
  "Planning Time": 2.589,
  "Triggers": [],
  "Execution Time": 468.92
}