{
  "Plan": {
    "Node Type": "Aggregate",
    "Strategy": "Plain",
    "Partial Mode": "Finalize",
    "Parallel Aware": false,
    "Startup Cost": 105717.79,
    "Total Cost": 105717.8,
    "Plan Rows": 1,
    "Plan Width": 8,
    "Actual Startup Time": 625.496,
    "Actual Total Time": 638.186,
    "Actual Rows": 1,
    "Actual Loops": 1,
    "Plans": [
      {
        "Node Type": "Gather",
        "Parent Relationship": "Outer",
        "Parallel Aware": false,
        "Startup Cost": 105717.68,
        "Total Cost": 105717.79,
        "Plan Rows": 1,
        "Plan Width": 8,
        "Actual Startup Time": 624.511,
        "Actual Total Time": 638.178,
        "Actual Rows": 2,
        "Actual Loops": 1,
        "Workers Planned": 1,
        "Workers Launched": 1,
        "Single Copy": false,
        "Plans": [
          {
            "Node Type": "Aggregate",
            "Strategy": "Plain",
            "Partial Mode": "Partial",
            "Parent Relationship": "Outer",
            "Parallel Aware": false,
            "Startup Cost": 104717.68,
            "Total Cost": 104717.69,
            "Plan Rows": 1,
            "Plan Width": 8,
            "Actual Startup Time": 618.747,
            "Actual Total Time": 618.751,
            "Actual Rows": 1,
            "Actual Loops": 2,
            "Plans": [
              {
                "Node Type": "Hash Join",
                "Parent Relationship": "Outer",
                "Parallel Aware": true,
                "Join Type": "Inner",
                "Startup Cost": 62612.27,
                "Total Cost": 103971.19,
                "Plan Rows": 298596,
                "Plan Width": 0,
                "Actual Startup Time": 251.239,
                "Actual Total Time": 600.626,
                "Actual Rows": 349856,
                "Actual Loops": 2,
                "Inner Unique": true,
                "Hash Cond": "(mc.movie_id = t.id)",
                "Plans": [
                  {
                    "Node Type": "Seq Scan",
                    "Parent Relationship": "Outer",
                    "Parallel Aware": true,
                    "Relation Name": "movie_companies",
                    "Alias": "mc",
                    "Startup Cost": 0.0,
                    "Total Cost": 37974.77,
                    "Plan Rows": 1289195,
                    "Plan Width": 4,
                    "Actual Startup Time": 0.014,
                    "Actual Total Time": 145.249,
                    "Actual Rows": 1092378,
                    "Actual Loops": 2,
                    "Filter": "(company_id < 79755)",
                    "Rows Removed by Filter": 212187
                  },
                  {
                    "Node Type": "Hash",
                    "Parent Relationship": "Inner",
                    "Parallel Aware": true,
                    "Startup Cost": 58306.47,
                    "Total Cost": 58306.47,
                    "Plan Rows": 344464,
                    "Plan Width": 4,
                    "Actual Startup Time": 241.869,
                    "Actual Total Time": 241.87,
                    "Actual Rows": 246479,
                    "Actual Loops": 2,
                    "Hash Buckets": 1048576,
                    "Original Hash Buckets": 1048576,
                    "Hash Batches": 1,
                    "Original Hash Batches": 1,
                    "Peak Memory Usage": 27520,
                    "Plans": [
                      {
                        "Node Type": "Seq Scan",
                        "Parent Relationship": "Outer",
                        "Parallel Aware": true,
                        "Relation Name": "title",
                        "Alias": "t",
                        "Startup Cost": 0.0,
                        "Total Cost": 58306.47,
                        "Plan Rows": 344464,
                        "Plan Width": 4,
                        "Actual Startup Time": 0.044,
                        "Actual Total Time": 168.261,
                        "Actual Rows": 246479,
                        "Actual Loops": 2,
                        "Filter": "((kind_id < 7) AND (production_year > 1998))",
                        "Rows Removed by Filter": 1017677
                      }
                    ]
                  }
                ]
              }
            ]
          }
        ]
      }
    ]
  },
  "Planning Time": 0.626,
  "Triggers": [],
  "Execution Time": 638.257
}