[
  {
    "Plan": {
      "Node Type": "Aggregate",
      "Strategy": "Plain",
      "Partial Mode": "Finalize",
      "Parallel Aware": false,
      "Startup Cost": 95396.44,
      "Total Cost": 95396.45,
      "Plan Rows": 1,
      "Plan Width": 8,
      "Actual Startup Time": 410.925,
      "Actual Total Time": 427.758,
      "Actual Rows": 1,
      "Actual Loops": 1,
      "Plans": [
        {
          "Node Type": "Gather",
          "Parent Relationship": "Outer",
          "Parallel Aware": false,
          "Startup Cost": 95396.13,
          "Total Cost": 95396.44,
          "Plan Rows": 3,
          "Plan Width": 8,
          "Actual Startup Time": 405.954,
          "Actual Total Time": 427.748,
          "Actual Rows": 4,
          "Actual Loops": 1,
          "Workers Planned": 3,
          "Workers Launched": 3,
          "Single Copy": false,
          "Plans": [
            {
              "Node Type": "Aggregate",
              "Strategy": "Plain",
              "Partial Mode": "Partial",
              "Parent Relationship": "Outer",
              "Parallel Aware": false,
              "Startup Cost": 94396.13,
              "Total Cost": 94396.14,
              "Plan Rows": 1,
              "Plan Width": 8,
              "Actual Startup Time": 392.966,
              "Actual Total Time": 392.969,
              "Actual Rows": 1,
              "Actual Loops": 4,
              "Plans": [
                {
                  "Node Type": "Hash Join",
                  "Parent Relationship": "Outer",
                  "Parallel Aware": true,
                  "Join Type": "Inner",
                  "Startup Cost": 49691.7,
                  "Total Cost": 93719.62,
                  "Plan Rows": 270604,
                  "Plan Width": 0,
                  "Actual Startup Time": 237.386,
                  "Actual Total Time": 388.003,
                  "Actual Rows": 117095,
                  "Actual Loops": 4,
                  "Inner Unique": true,
                  "Hash Cond": "(mk.movie_id = t.id)",
                  "Plans": [
                    {
                      "Node Type": "Seq Scan",
                      "Parent Relationship": "Outer",
                      "Parallel Aware": true,
                      "Relation Name": "movie_keyword",
                      "Alias": "mk",
                      "Startup Cost": 0.0,
                      "Total Cost": 42695.65,
                      "Plan Rows": 507529,
                      "Plan Width": 4,
                      "Actual Startup Time": 0.575,
                      "Actual Total Time": 93.639,
                      "Actual Rows": 395379,
                      "Actual Loops": 4,
                      "Filter": "(keyword_id > 9846)",
                      "Rows Removed by Filter": 735603
                    },
                    {
                      "Node Type": "Hash",
                      "Parent Relationship": "Inner",
                      "Parallel Aware": true,
                      "Startup Cost": 45479.1,
                      "Total Cost": 45479.1,
                      "Plan Rows": 337008,
                      "Plan Width": 4,
                      "Actual Startup Time": 228.6,
                      "Actual Total Time": 228.601,
                      "Actual Rows": 331422,
                      "Actual Loops": 4,
                      "Hash Buckets": 2097152,
                      "Original Hash Buckets": 2097152,
                      "Hash Batches": 1,
                      "Original Hash Batches": 1,
                      "Peak Memory Usage": 68320,
                      "Plans": [
                        {
                          "Node Type": "Seq Scan",
                          "Parent Relationship": "Outer",
                          "Parallel Aware": true,
                          "Relation Name": "title",
                          "Alias": "t",
                          "Startup Cost": 0.0,
                          "Total Cost": 45479.1,
                          "Plan Rows": 337008,
                          "Plan Width": 4,
                          "Actual Startup Time": 0.035,
                          "Actual Total Time": 105.019,
                          "Actual Rows": 331422,
                          "Actual Loops": 4,
                          "Filter": "((kind_id > 2) AND (production_year < 2010))",
                          "Rows Removed by Filter": 300656
                        }
                      ]
                    }
                  ]
                }
              ]
            }
          ]
        }
      ]
    },
    "Planning Time": 0.645,
    "Triggers": [],
    "Execution Time": 427.823
  }
]