[
  {
    "Plan": {
      "Node Type": "Aggregate",
      "Strategy": "Plain",
      "Partial Mode": "Finalize",
      "Parallel Aware": false,
      "Startup Cost": 47109.06,
      "Total Cost": 47109.07,
      "Plan Rows": 1,
      "Plan Width": 8,
      "Actual Startup Time": 178.772,
      "Actual Total Time": 188.136,
      "Actual Rows": 1,
      "Actual Loops": 1,
      "Plans": [
        {
          "Node Type": "Gather",
          "Parent Relationship": "Outer",
          "Parallel Aware": false,
          "Startup Cost": 47108.74,
          "Total Cost": 47109.05,
          "Plan Rows": 3,
          "Plan Width": 8,
          "Actual Startup Time": 178.635,
          "Actual Total Time": 188.126,
          "Actual Rows": 4,
          "Actual Loops": 1,
          "Workers Planned": 3,
          "Workers Launched": 3,
          "Single Copy": false,
          "Plans": [
            {
              "Node Type": "Aggregate",
              "Strategy": "Plain",
              "Partial Mode": "Partial",
              "Parent Relationship": "Outer",
              "Parallel Aware": false,
              "Startup Cost": 46108.74,
              "Total Cost": 46108.75,
              "Plan Rows": 1,
              "Plan Width": 8,
              "Actual Startup Time": 169.935,
              "Actual Total Time": 169.936,
              "Actual Rows": 1,
              "Actual Loops": 4,
              "Plans": [
                {
                  "Node Type": "Seq Scan",
                  "Parent Relationship": "Outer",
                  "Parallel Aware": true,
                  "Relation Name": "movie_keyword",
                  "Alias": "mk",
                  "Startup Cost": 0.0,
                  "Total Cost": 42695.65,
                  "Plan Rows": 1365235,
                  "Plan Width": 0,
                  "Actual Startup Time": 0.065,
                  "Actual Total Time": 123.753,
                  "Actual Rows": 1059164,
                  "Actual Loops": 4,
                  "Filter": "(keyword_id < 55649)",
                  "Rows Removed by Filter": 71818
                }
              ]
            }
          ]
        }
      ]
    },
    "Planning Time": 0.156,
    "Triggers": [],
    "Execution Time": 188.189
  }
]