[
  {
    "Plan": {
      "Node Type": "Aggregate",
      "Strategy": "Plain",
      "Partial Mode": "Finalize",
      "Parallel Aware": false,
      "Startup Cost": 78781.73,
      "Total Cost": 78781.74,
      "Plan Rows": 1,
      "Plan Width": 8,
      "Actual Startup Time": 313.363,
      "Actual Total Time": 329.2,
      "Actual Rows": 1,
      "Actual Loops": 1,
      "Plans": [
        {
          "Node Type": "Gather",
          "Parent Relationship": "Outer",
          "Parallel Aware": false,
          "Startup Cost": 78781.41,
          "Total Cost": 78781.72,
          "Plan Rows": 3,
          "Plan Width": 8,
          "Actual Startup Time": 311.03,
          "Actual Total Time": 329.192,
          "Actual Rows": 4,
          "Actual Loops": 1,
          "Workers Planned": 3,
          "Workers Launched": 3,
          "Single Copy": false,
          "Plans": [
            {
              "Node Type": "Aggregate",
              "Strategy": "Plain",
              "Partial Mode": "Partial",
              "Parent Relationship": "Outer",
              "Parallel Aware": false,
              "Startup Cost": 77781.41,
              "Total Cost": 77781.42,
              "Plan Rows": 1,
              "Plan Width": 8,
              "Actual Startup Time": 302.929,
              "Actual Total Time": 302.932,
              "Actual Rows": 1,
              "Actual Loops": 4,
              "Plans": [
                {
                  "Node Type": "Hash Join",
                  "Parent Relationship": "Outer",
                  "Parallel Aware": true,
                  "Join Type": "Inner",
                  "Startup Cost": 47118.55,
                  "Total Cost": 77558.35,
                  "Plan Rows": 89224,
                  "Plan Width": 0,
                  "Actual Startup Time": 193.749,
                  "Actual Total Time": 297.05,
                  "Actual Rows": 147495,
                  "Actual Loops": 4,
                  "Inner Unique": true,
                  "Hash Cond": "(mc.movie_id = t.id)",
                  "Plans": [
                    {
                      "Node Type": "Seq Scan",
                      "Parent Relationship": "Outer",
                      "Parallel Aware": true,
                      "Relation Name": "movie_companies",
                      "Alias": "mc",
                      "Startup Cost": 0.0,
                      "Total Cost": 29310.68,
                      "Plan Rows": 430142,
                      "Plan Width": 4,
                      "Actual Startup Time": 28.895,
                      "Actual Total Time": 64.04,
                      "Actual Rows": 333721,
                      "Actual Loops": 4,
                      "Filter": "(company_type_id = 2)",
                      "Rows Removed by Filter": 318562
                    },
                    {
                      "Node Type": "Hash",
                      "Parent Relationship": "Inner",
                      "Parallel Aware": true,
                      "Startup Cost": 45479.59,
                      "Total Cost": 45479.59,
                      "Plan Rows": 131117,
                      "Plan Width": 4,
                      "Actual Startup Time": 160.041,
                      "Actual Total Time": 160.042,
                      "Actual Rows": 152383,
                      "Actual Loops": 4,
                      "Hash Buckets": 1048576,
                      "Original Hash Buckets": 1048576,
                      "Hash Batches": 1,
                      "Original Hash Batches": 1,
                      "Peak Memory Usage": 32128,
                      "Plans": [
                        {
                          "Node Type": "Seq Scan",
                          "Parent Relationship": "Outer",
                          "Parallel Aware": true,
                          "Relation Name": "title",
                          "Alias": "t",
                          "Startup Cost": 0.0,
                          "Total Cost": 45479.59,
                          "Plan Rows": 131117,
                          "Plan Width": 4,
                          "Actual Startup Time": 0.043,
                          "Actual Total Time": 105.288,
                          "Actual Rows": 152383,
                          "Actual Loops": 4,
                          "Filter": "((kind_id < 7) AND (production_year < 2005))",
                          "Rows Removed by Filter": 479695
                        }
                      ]
                    }
                  ]
                }
              ]
            }
          ]
        }
      ]
    },
    "Planning Time": 0.694,
    "Triggers": [],
    "Execution Time": 329.268
  }
]