{
    "Plan": {
        "Node Type": "Aggregate",
        "Strategy": "Plain",
        "Partial Mode": "Finalize",
        "Parallel Aware": false,
        "Startup Cost": 210330.83,
        "Total Cost": 210330.84,
        "Plan Rows": 1,
        "Plan Width": 8,
        "Actual Startup Time": 718.514,
        "Actual Total Time": 763.174,
        "Actual Rows": 1,
        "Actual Loops": 1,
        "Output": [
            "count(*)"
        ],
        "Plans": [
            {
                "Node Type": "Gather",
                "Parent Relationship": "Outer",
                "Parallel Aware": false,
                "Startup Cost": 210330.51,
                "Total Cost": 210330.82,
                "Plan Rows": 3,
                "Plan Width": 8,
                "Actual Startup Time": 717.687,
                "Actual Total Time": 763.164,
                "Actual Rows": 4,
                "Actual Loops": 1,
                "Output": [
                    "(PARTIAL count(*))"
                ],
                "Workers Planned": 3,
                "Workers Launched": 3,
                "Single Copy": false,
                "Plans": [
                    {
                        "Node Type": "Aggregate",
                        "Strategy": "Plain",
                        "Partial Mode": "Partial",
                        "Parent Relationship": "Outer",
                        "Parallel Aware": false,
                        "Startup Cost": 209330.51,
                        "Total Cost": 209330.52,
                        "Plan Rows": 1,
                        "Plan Width": 8,
                        "Actual Startup Time": 709.652,
                        "Actual Total Time": 709.655,
                        "Actual Rows": 1,
                        "Actual Loops": 4,
                        "Output": [
                            "PARTIAL count(*)"
                        ],
                        "Workers": [
                            {
                                "Worker Number": 0,
                                "Actual Startup Time": 709.33,
                                "Actual Total Time": 709.333,
                                "Actual Rows": 1,
                                "Actual Loops": 1
                            },
                            {
                                "Worker Number": 1,
                                "Actual Startup Time": 705.873,
                                "Actual Total Time": 705.875,
                                "Actual Rows": 1,
                                "Actual Loops": 1
                            },
                            {
                                "Worker Number": 2,
                                "Actual Startup Time": 706.192,
                                "Actual Total Time": 706.195,
                                "Actual Rows": 1,
                                "Actual Loops": 1
                            }
                        ],
                        "Plans": [
                            {
                                "Node Type": "Nested Loop",
                                "Parent Relationship": "Outer",
                                "Parallel Aware": false,
                                "Join Type": "Inner",
                                "Startup Cost": 44625.69,
                                "Total Cost": 208358.94,
                                "Plan Rows": 388627,
                                "Plan Width": 0,
                                "Actual Startup Time": 114.9,
                                "Actual Total Time": 684.092,
                                "Actual Rows": 605150,
                                "Actual Loops": 4,
                                "Inner Unique": false,
                                "Join Filter": "(t.id = mi.movie_id)",
                                "Rows Removed by Join Filter": 0,
                                "Workers": [
                                    {
                                        "Worker Number": 0,
                                        "Actual Startup Time": 114.806,
                                        "Actual Total Time": 685.593,
                                        "Actual Rows": 556994,
                                        "Actual Loops": 1
                                    },
                                    {
                                        "Worker Number": 1,
                                        "Actual Startup Time": 111.212,
                                        "Actual Total Time": 681.404,
                                        "Actual Rows": 574238,
                                        "Actual Loops": 1
                                    },
                                    {
                                        "Worker Number": 2,
                                        "Actual Startup Time": 111.151,
                                        "Actual Total Time": 683.139,
                                        "Actual Rows": 535168,
                                        "Actual Loops": 1
                                    }
                                ],
                                "Plans": [
                                    {
                                        "Node Type": "Hash Join",
                                        "Parent Relationship": "Outer",
                                        "Parallel Aware": true,
                                        "Join Type": "Inner",
                                        "Startup Cost": 44625.26,
                                        "Total Cost": 75837.67,
                                        "Plan Rows": 66592,
                                        "Plan Width": 8,
                                        "Actual Startup Time": 114.807,
                                        "Actual Total Time": 283.754,
                                        "Actual Rows": 37222,
                                        "Actual Loops": 4,
                                        "Output": [
                                            "t.id",
                                            "mc.movie_id"
                                        ],
                                        "Inner Unique": true,
                                        "Hash Cond": "(mc.movie_id = t.id)",
                                        "Workers": [
                                            {
                                                "Worker Number": 0,
                                                "Actual Startup Time": 114.708,
                                                "Actual Total Time": 283.275,
                                                "Actual Rows": 36225,
                                                "Actual Loops": 1
                                            },
                                            {
                                                "Worker Number": 1,
                                                "Actual Startup Time": 111.092,
                                                "Actual Total Time": 276.111,
                                                "Actual Rows": 36436,
                                                "Actual Loops": 1
                                            },
                                            {
                                                "Worker Number": 2,
                                                "Actual Startup Time": 111.025,
                                                "Actual Total Time": 270.397,
                                                "Actual Rows": 32020,
                                                "Actual Loops": 1
                                            }
                                        ],
                                        "Plans": [
                                            {
                                                "Node Type": "Seq Scan",
                                                "Parent Relationship": "Outer",
                                                "Parallel Aware": true,
                                                "Relation Name": "movie_companies",
                                                "Schema": "public",
                                                "Alias": "mc",
                                                "Startup Cost": 0.0,
                                                "Total Cost": 29310.68,
                                                "Plan Rows": 724468,
                                                "Plan Width": 4,
                                                "Actual Startup Time": 0.044,
                                                "Actual Total Time": 67.808,
                                                "Actual Rows": 562766,
                                                "Actual Loops": 4,
                                                "Output": [
                                                    "mc.id",
                                                    "mc.movie_id",
                                                    "mc.company_id",
                                                    "mc.company_type_id",
                                                    "mc.note"
                                                ],
                                                "Filter": "(mc.company_id > 180)",
                                                "Rows Removed by Filter": 89516,
                                                "Workers": [
                                                    {
                                                        "Worker Number": 0,
                                                        "Actual Startup Time": 0.037,
                                                        "Actual Total Time": 69.143,
                                                        "Actual Rows": 561551,
                                                        "Actual Loops": 1
                                                    },
                                                    {
                                                        "Worker Number": 1,
                                                        "Actual Startup Time": 0.032,
                                                        "Actual Total Time": 67.071,
                                                        "Actual Rows": 547015,
                                                        "Actual Loops": 1
                                                    },
                                                    {
                                                        "Worker Number": 2,
                                                        "Actual Startup Time": 0.043,
                                                        "Actual Total Time": 63.628,
                                                        "Actual Rows": 470234,
                                                        "Actual Loops": 1
                                                    }
                                                ]
                                            },
                                            {
                                                "Node Type": "Hash",
                                                "Parent Relationship": "Inner",
                                                "Parallel Aware": true,
                                                "Startup Cost": 43899.01,
                                                "Total Cost": 43899.01,
                                                "Plan Rows": 58100,
                                                "Plan Width": 4,
                                                "Actual Startup Time": 113.085,
                                                "Actual Total Time": 113.086,
                                                "Actual Rows": 57912,
                                                "Actual Loops": 4,
                                                "Output": [
                                                    "t.id"
                                                ],
                                                "Hash Buckets": 262144,
                                                "Original Hash Buckets": 262144,
                                                "Hash Batches": 1,
                                                "Original Hash Batches": 1,
                                                "Peak Memory Usage": 11200,
                                                "Workers": [
                                                    {
                                                        "Worker Number": 0,
                                                        "Actual Startup Time": 114.032,
                                                        "Actual Total Time": 114.032,
                                                        "Actual Rows": 54311,
                                                        "Actual Loops": 1
                                                    },
                                                    {
                                                        "Worker Number": 1,
                                                        "Actual Startup Time": 110.438,
                                                        "Actual Total Time": 110.439,
                                                        "Actual Rows": 51624,
                                                        "Actual Loops": 1
                                                    },
                                                    {
                                                        "Worker Number": 2,
                                                        "Actual Startup Time": 110.522,
                                                        "Actual Total Time": 110.523,
                                                        "Actual Rows": 45302,
                                                        "Actual Loops": 1
                                                    }
                                                ],
                                                "Plans": [
                                                    {
                                                        "Node Type": "Seq Scan",
                                                        "Parent Relationship": "Outer",
                                                        "Parallel Aware": true,
                                                        "Relation Name": "title",
                                                        "Schema": "public",
                                                        "Alias": "t",
                                                        "Startup Cost": 0.0,
                                                        "Total Cost": 43899.01,
                                                        "Plan Rows": 58100,
                                                        "Plan Width": 4,
                                                        "Actual Startup Time": 0.05,
                                                        "Actual Total Time": 93.601,
                                                        "Actual Rows": 57912,
                                                        "Actual Loops": 4,
                                                        "Output": [
                                                            "t.id"
                                                        ],
                                                        "Filter": "(t.production_year > 2011)",
                                                        "Rows Removed by Filter": 574166,
                                                        "Workers": [
                                                            {
                                                                "Worker Number": 0,
                                                                "Actual Startup Time": 0.048,
                                                                "Actual Total Time": 95.647,
                                                                "Actual Rows": 54311,
                                                                "Actual Loops": 1
                                                            },
                                                            {
                                                                "Worker Number": 1,
                                                                "Actual Startup Time": 0.062,
                                                                "Actual Total Time": 93.032,
                                                                "Actual Rows": 51624,
                                                                "Actual Loops": 1
                                                            },
                                                            {
                                                                "Worker Number": 2,
                                                                "Actual Startup Time": 0.072,
                                                                "Actual Total Time": 91.34,
                                                                "Actual Rows": 45302,
                                                                "Actual Loops": 1
                                                            }
                                                        ]
                                                    }
                                                ]
                                            }
                                        ]
                                    },
                                    {
                                        "Node Type": "Index Only Scan",
                                        "Parent Relationship": "Inner",
                                        "Parallel Aware": false,
                                        "Scan Direction": "Forward",
                                        "Index Name": "movie_id_movie_info",
                                        "Relation Name": "movie_info",
                                        "Schema": "public",
                                        "Alias": "mi",
                                        "Startup Cost": 0.43,
                                        "Total Cost": 1.5,
                                        "Plan Rows": 39,
                                        "Plan Width": 4,
                                        "Actual Startup Time": 0.003,
                                        "Actual Total Time": 0.009,
                                        "Actual Rows": 16,
                                        "Actual Loops": 148890,
                                        "Output": [
                                            "mi.movie_id"
                                        ],
                                        "Index Cond": "(mi.movie_id = mc.movie_id)",
                                        "Rows Removed by Index Recheck": 0,
                                        "Heap Fetches": 2420601,
                                        "Workers": [
                                            {
                                                "Worker Number": 0,
                                                "Actual Startup Time": 0.004,
                                                "Actual Total Time": 0.01,
                                                "Actual Rows": 15,
                                                "Actual Loops": 36225
                                            },
                                            {
                                                "Worker Number": 1,
                                                "Actual Startup Time": 0.004,
                                                "Actual Total Time": 0.01,
                                                "Actual Rows": 16,
                                                "Actual Loops": 36436
                                            },
                                            {
                                                "Worker Number": 2,
                                                "Actual Startup Time": 0.004,
                                                "Actual Total Time": 0.011,
                                                "Actual Rows": 17,
                                                "Actual Loops": 32020
                                            }
                                        ]
                                    }
                                ]
                            }
                        ]
                    }
                ]
            }
        ]
    },
    "Planning Time": 0.923,
    "Triggers": [],
    "Execution Time": 763.247
}