{
  "Plan": {
    "Node Type": "Aggregate",
    "Strategy": "Plain",
    "Partial Mode": "Finalize",
    "Parallel Aware": false,
    "Startup Cost": 111534.08,
    "Total Cost": 111534.09,
    "Plan Rows": 1,
    "Plan Width": 8,
    "Actual Startup Time": 360.113,
    "Actual Total Time": 395.09,
    "Actual Rows": 1,
    "Actual Loops": 1,
    "Plans": [
      {
        "Node Type": "Gather",
        "Parent Relationship": "Outer",
        "Parallel Aware": false,
        "Startup Cost": 111533.97,
        "Total Cost": 111534.08,
        "Plan Rows": 1,
        "Plan Width": 8,
        "Actual Startup Time": 359.886,
        "Actual Total Time": 395.07,
        "Actual Rows": 2,
        "Actual Loops": 1,
        "Workers Planned": 1,
        "Workers Launched": 1,
        "Single Copy": false,
        "Plans": [
          {
            "Node Type": "Aggregate",
            "Strategy": "Plain",
            "Partial Mode": "Partial",
            "Parent Relationship": "Outer",
            "Parallel Aware": false,
            "Startup Cost": 110533.97,
            "Total Cost": 110533.98,
            "Plan Rows": 1,
            "Plan Width": 8,
            "Actual Startup Time": 353.696,
            "Actual Total Time": 353.699,
            "Actual Rows": 1,
            "Actual Loops": 2,
            "Plans": [
              {
                "Node Type": "Nested Loop",
                "Parent Relationship": "Outer",
                "Parallel Aware": false,
                "Join Type": "Inner",
                "Startup Cost": 20511.47,
                "Total Cost": 110530.36,
                "Plan Rows": 1444,
                "Plan Width": 0,
                "Actual Startup Time": 33.415,
                "Actual Total Time": 353.559,
                "Actual Rows": 1028,
                "Actual Loops": 2,
                "Inner Unique": false,
                "Plans": [
                  {
                    "Node Type": "Hash Join",
                    "Parent Relationship": "Outer",
                    "Parallel Aware": true,
                    "Join Type": "Inner",
                    "Startup Cost": 20510.9,
                    "Total Cost": 78926.33,
                    "Plan Rows": 11240,
                    "Plan Width": 8,
                    "Actual Startup Time": 32.724,
                    "Actual Total Time": 225.04,
                    "Actual Rows": 2482,
                    "Actual Loops": 2,
                    "Inner Unique": false,
                    "Hash Cond": "(t.id = mc.movie_id)",
                    "Plans": [
                      {
                        "Node Type": "Seq Scan",
                        "Parent Relationship": "Outer",
                        "Parallel Aware": true,
                        "Relation Name": "title",
                        "Alias": "t",
                        "Startup Cost": 0.0,
                        "Total Cost": 54588.39,
                        "Plan Rows": 601746,
                        "Plan Width": 4,
                        "Actual Startup Time": 0.014,
                        "Actual Total Time": 130.078,
                        "Actual Rows": 506460,
                        "Actual Loops": 2,
                        "Filter": "(production_year > 2005)",
                        "Rows Removed by Filter": 757696
                      },
                      {
                        "Node Type": "Hash",
                        "Parent Relationship": "Inner",
                        "Parallel Aware": true,
                        "Startup Cost": 20163.67,
                        "Total Cost": 20163.67,
                        "Plan Rows": 27779,
                        "Plan Width": 4,
                        "Actual Startup Time": 31.277,
                        "Actual Total Time": 31.278,
                        "Actual Rows": 23626,
                        "Actual Loops": 2,
                        "Hash Buckets": 65536,
                        "Original Hash Buckets": 65536,
                        "Hash Batches": 1,
                        "Original Hash Batches": 1,
                        "Peak Memory Usage": 2400,
                        "Plans": [
                          {
                            "Node Type": "Bitmap Heap Scan",
                            "Parent Relationship": "Outer",
                            "Parallel Aware": true,
                            "Relation Name": "movie_companies",
                            "Alias": "mc",
                            "Startup Cost": 1026.42,
                            "Total Cost": 20163.67,
                            "Plan Rows": 27779,
                            "Plan Width": 4,
                            "Actual Startup Time": 5.897,
                            "Actual Total Time": 22.52,
                            "Actual Rows": 23626,
                            "Actual Loops": 2,
                            "Recheck Cond": "(company_id = 19)",
                            "Rows Removed by Index Recheck": 0,
                            "Exact Heap Blocks": 4065,
                            "Lossy Heap Blocks": 0,
                            "Plans": [
                              {
                                "Node Type": "Bitmap Index Scan",
                                "Parent Relationship": "Outer",
                                "Parallel Aware": false,
                                "Index Name": "company_id_movie_companies",
                                "Startup Cost": 0.0,
                                "Total Cost": 1014.62,
                                "Plan Rows": 47225,
                                "Plan Width": 0,
                                "Actual Startup Time": 8.596,
                                "Actual Total Time": 8.596,
                                "Actual Rows": 47252,
                                "Actual Loops": 1,
                                "Index Cond": "(company_id = 19)"
                              }
                            ]
                          }
                        ]
                      }
                    ]
                  },
                  {
                    "Node Type": "Index Scan",
                    "Parent Relationship": "Inner",
                    "Parallel Aware": false,
                    "Scan Direction": "Forward",
                    "Index Name": "movie_id_cast_info",
                    "Relation Name": "cast_info",
                    "Alias": "ci",
                    "Startup Cost": 0.56,
                    "Total Cost": 2.8,
                    "Plan Rows": 1,
                    "Plan Width": 4,
                    "Actual Startup Time": 0.043,
                    "Actual Total Time": 0.051,
                    "Actual Rows": 0,
                    "Actual Loops": 4965,
                    "Index Cond": "(movie_id = t.id)",
                    "Rows Removed by Index Recheck": 0,
                    "Filter": "(role_id = 7)",
                    "Rows Removed by Filter": 43
                  }
                ]
              }
            ]
          }
        ]
      }
    ]
  },
  "Planning Time": 1.072,
  "Triggers": [],
  "Execution Time": 395.207
}