{
    "Plan": {
        "Node Type": "Aggregate",
        "Strategy": "Plain",
        "Partial Mode": "Finalize",
        "Parallel Aware": false,
        "Startup Cost": 87175.06,
        "Total Cost": 87175.07,
        "Plan Rows": 1,
        "Plan Width": 8,
        "Actual Startup Time": 353.439,
        "Actual Total Time": 374.111,
        "Actual Rows": 1,
        "Actual Loops": 1,
        "Output": [
            "count(*)"
        ],
        "Plans": [
            {
                "Node Type": "Gather",
                "Parent Relationship": "Outer",
                "Parallel Aware": false,
                "Startup Cost": 87174.64,
                "Total Cost": 87175.05,
                "Plan Rows": 4,
                "Plan Width": 8,
                "Actual Startup Time": 351.643,
                "Actual Total Time": 374.1,
                "Actual Rows": 5,
                "Actual Loops": 1,
                "Output": [
                    "(PARTIAL count(*))"
                ],
                "Workers Planned": 4,
                "Workers Launched": 4,
                "Single Copy": false,
                "Plans": [
                    {
                        "Node Type": "Aggregate",
                        "Strategy": "Plain",
                        "Partial Mode": "Partial",
                        "Parent Relationship": "Outer",
                        "Parallel Aware": false,
                        "Startup Cost": 86174.64,
                        "Total Cost": 86174.65,
                        "Plan Rows": 1,
                        "Plan Width": 8,
                        "Actual Startup Time": 341.121,
                        "Actual Total Time": 341.128,
                        "Actual Rows": 1,
                        "Actual Loops": 5,
                        "Output": [
                            "PARTIAL count(*)"
                        ],
                        "Workers": [
                            {
                                "Worker Number": 0,
                                "Actual Startup Time": 338.149,
                                "Actual Total Time": 338.153,
                                "Actual Rows": 1,
                                "Actual Loops": 1
                            },
                            {
                                "Worker Number": 1,
                                "Actual Startup Time": 338.788,
                                "Actual Total Time": 338.791,
                                "Actual Rows": 1,
                                "Actual Loops": 1
                            },
                            {
                                "Worker Number": 2,
                                "Actual Startup Time": 338.889,
                                "Actual Total Time": 338.892,
                                "Actual Rows": 1,
                                "Actual Loops": 1
                            },
                            {
                                "Worker Number": 3,
                                "Actual Startup Time": 339.001,
                                "Actual Total Time": 339.004,
                                "Actual Rows": 1,
                                "Actual Loops": 1
                            }
                        ],
                        "Plans": [
                            {
                                "Node Type": "Nested Loop",
                                "Parent Relationship": "Outer",
                                "Parallel Aware": false,
                                "Join Type": "Inner",
                                "Startup Cost": 30435.01,
                                "Total Cost": 86153.44,
                                "Plan Rows": 8479,
                                "Plan Width": 0,
                                "Actual Startup Time": 152.254,
                                "Actual Total Time": 337.888,
                                "Actual Rows": 44257,
                                "Actual Loops": 5,
                                "Inner Unique": false,
                                "Workers": [
                                    {
                                        "Worker Number": 0,
                                        "Actual Startup Time": 149.288,
                                        "Actual Total Time": 334.988,
                                        "Actual Rows": 37617,
                                        "Actual Loops": 1
                                    },
                                    {
                                        "Worker Number": 1,
                                        "Actual Startup Time": 150.087,
                                        "Actual Total Time": 335.819,
                                        "Actual Rows": 58862,
                                        "Actual Loops": 1
                                    },
                                    {
                                        "Worker Number": 2,
                                        "Actual Startup Time": 149.811,
                                        "Actual Total Time": 335.557,
                                        "Actual Rows": 39997,
                                        "Actual Loops": 1
                                    },
                                    {
                                        "Worker Number": 3,
                                        "Actual Startup Time": 150.829,
                                        "Actual Total Time": 335.869,
                                        "Actual Rows": 37293,
                                        "Actual Loops": 1
                                    }
                                ],
                                "Plans": [
                                    {
                                        "Node Type": "Hash Join",
                                        "Parent Relationship": "Outer",
                                        "Parallel Aware": true,
                                        "Join Type": "Inner",
                                        "Startup Cost": 30434.58,
                                        "Total Cost": 76668.45,
                                        "Plan Rows": 15534,
                                        "Plan Width": 8,
                                        "Actual Startup Time": 152.028,
                                        "Actual Total Time": 230.977,
                                        "Actual Rows": 30529,
                                        "Actual Loops": 5,
                                        "Output": [
                                            "t.id",
                                            "mc.movie_id"
                                        ],
                                        "Inner Unique": false,
                                        "Hash Cond": "(t.id = mc.movie_id)",
                                        "Workers": [
                                            {
                                                "Worker Number": 0,
                                                "Actual Startup Time": 149.133,
                                                "Actual Total Time": 227.462,
                                                "Actual Rows": 25734,
                                                "Actual Loops": 1
                                            },
                                            {
                                                "Worker Number": 1,
                                                "Actual Startup Time": 149.384,
                                                "Actual Total Time": 230.758,
                                                "Actual Rows": 40609,
                                                "Actual Loops": 1
                                            },
                                            {
                                                "Worker Number": 2,
                                                "Actual Startup Time": 149.691,
                                                "Actual Total Time": 228.693,
                                                "Actual Rows": 27871,
                                                "Actual Loops": 1
                                            },
                                            {
                                                "Worker Number": 3,
                                                "Actual Startup Time": 150.715,
                                                "Actual Total Time": 228.667,
                                                "Actual Rows": 25548,
                                                "Actual Loops": 1
                                            }
                                        ],
                                        "Plans": [
                                            {
                                                "Node Type": "Seq Scan",
                                                "Parent Relationship": "Outer",
                                                "Parallel Aware": true,
                                                "Relation Name": "title",
                                                "Schema": "public",
                                                "Alias": "t",
                                                "Startup Cost": 0.0,
                                                "Total Cost": 45479.21,
                                                "Plan Rows": 140911,
                                                "Plan Width": 4,
                                                "Actual Startup Time": 0.026,
                                                "Actual Total Time": 90.71,
                                                "Actual Rows": 95433,
                                                "Actual Loops": 5,
                                                "Output": [
                                                    "t.id",
                                                    "t.title",
                                                    "t.imdb_index",
                                                    "t.kind_id",
                                                    "t.production_year",
                                                    "t.imdb_id",
                                                    "t.phonetic_code",
                                                    "t.episode_of_id",
                                                    "t.season_nr",
                                                    "t.episode_nr",
                                                    "t.series_years",
                                                    "t.md5sum"
                                                ],
                                                "Filter": "((t.kind_id < 7) AND (t.production_year > 1999))",
                                                "Rows Removed by Filter": 410229,
                                                "Workers": [
                                                    {
                                                        "Worker Number": 0,
                                                        "Actual Startup Time": 0.037,
                                                        "Actual Total Time": 91.366,
                                                        "Actual Rows": 79269,
                                                        "Actual Loops": 1
                                                    },
                                                    {
                                                        "Worker Number": 1,
                                                        "Actual Startup Time": 0.027,
                                                        "Actual Total Time": 90.777,
                                                        "Actual Rows": 125810,
                                                        "Actual Loops": 1
                                                    },
                                                    {
                                                        "Worker Number": 2,
                                                        "Actual Startup Time": 0.026,
                                                        "Actual Total Time": 92.91,
                                                        "Actual Rows": 87043,
                                                        "Actual Loops": 1
                                                    },
                                                    {
                                                        "Worker Number": 3,
                                                        "Actual Startup Time": 0.032,
                                                        "Actual Total Time": 91.404,
                                                        "Actual Rows": 79489,
                                                        "Actual Loops": 1
                                                    }
                                                ]
                                            },
                                            {
                                                "Node Type": "Hash",
                                                "Parent Relationship": "Inner",
                                                "Parallel Aware": true,
                                                "Startup Cost": 29310.68,
                                                "Total Cost": 29310.68,
                                                "Plan Rows": 89912,
                                                "Plan Width": 4,
                                                "Actual Startup Time": 96.506,
                                                "Actual Total Time": 96.507,
                                                "Actual Rows": 56507,
                                                "Actual Loops": 5,
                                                "Output": [
                                                    "mc.movie_id"
                                                ],
                                                "Hash Buckets": 524288,
                                                "Original Hash Buckets": 524288,
                                                "Hash Batches": 1,
                                                "Original Hash Batches": 1,
                                                "Peak Memory Usage": 15200,
                                                "Workers": [
                                                    {
                                                        "Worker Number": 0,
                                                        "Actual Startup Time": 95.7,
                                                        "Actual Total Time": 95.701,
                                                        "Actual Rows": 47495,
                                                        "Actual Loops": 1
                                                    },
                                                    {
                                                        "Worker Number": 1,
                                                        "Actual Startup Time": 96.62,
                                                        "Actual Total Time": 96.621,
                                                        "Actual Rows": 76701,
                                                        "Actual Loops": 1
                                                    },
                                                    {
                                                        "Worker Number": 2,
                                                        "Actual Startup Time": 96.741,
                                                        "Actual Total Time": 96.742,
                                                        "Actual Rows": 51415,
                                                        "Actual Loops": 1
                                                    },
                                                    {
                                                        "Worker Number": 3,
                                                        "Actual Startup Time": 96.838,
                                                        "Actual Total Time": 96.839,
                                                        "Actual Rows": 48141,
                                                        "Actual Loops": 1
                                                    }
                                                ],
                                                "Plans": [
                                                    {
                                                        "Node Type": "Seq Scan",
                                                        "Parent Relationship": "Outer",
                                                        "Parallel Aware": true,
                                                        "Relation Name": "movie_companies",
                                                        "Schema": "public",
                                                        "Alias": "mc",
                                                        "Startup Cost": 0.0,
                                                        "Total Cost": 29310.68,
                                                        "Plan Rows": 89912,
                                                        "Plan Width": 4,
                                                        "Actual Startup Time": 52.522,
                                                        "Actual Total Time": 74.203,
                                                        "Actual Rows": 56507,
                                                        "Actual Loops": 5,
                                                        "Output": [
                                                            "mc.movie_id"
                                                        ],
                                                        "Filter": "(mc.company_id > 95609)",
                                                        "Rows Removed by Filter": 465319,
                                                        "Workers": [
                                                            {
                                                                "Worker Number": 0,
                                                                "Actual Startup Time": 51.804,
                                                                "Actual Total Time": 73.642,
                                                                "Actual Rows": 47495,
                                                                "Actual Loops": 1
                                                            },
                                                            {
                                                                "Worker Number": 1,
                                                                "Actual Startup Time": 52.704,
                                                                "Actual Total Time": 73.668,
                                                                "Actual Rows": 76701,
                                                                "Actual Loops": 1
                                                            },
                                                            {
                                                                "Worker Number": 2,
                                                                "Actual Startup Time": 52.665,
                                                                "Actual Total Time": 75.114,
                                                                "Actual Rows": 51415,
                                                                "Actual Loops": 1
                                                            },
                                                            {
                                                                "Worker Number": 3,
                                                                "Actual Startup Time": 52.647,
                                                                "Actual Total Time": 74.805,
                                                                "Actual Rows": 48141,
                                                                "Actual Loops": 1
                                                            }
                                                        ]
                                                    }
                                                ]
                                            }
                                        ]
                                    },
                                    {
                                        "Node Type": "Index Only Scan",
                                        "Parent Relationship": "Inner",
                                        "Parallel Aware": false,
                                        "Scan Direction": "Forward",
                                        "Index Name": "movie_id_movie_info_idx",
                                        "Relation Name": "movie_info_idx",
                                        "Schema": "public",
                                        "Alias": "mi_idx",
                                        "Startup Cost": 0.43,
                                        "Total Cost": 0.58,
                                        "Plan Rows": 3,
                                        "Plan Width": 4,
                                        "Actual Startup Time": 0.003,
                                        "Actual Total Time": 0.003,
                                        "Actual Rows": 1,
                                        "Actual Loops": 152647,
                                        "Output": [
                                            "mi_idx.movie_id"
                                        ],
                                        "Index Cond": "(mi_idx.movie_id = t.id)",
                                        "Rows Removed by Index Recheck": 0,
                                        "Heap Fetches": 221283,
                                        "Workers": [
                                            {
                                                "Worker Number": 0,
                                                "Actual Startup Time": 0.003,
                                                "Actual Total Time": 0.004,
                                                "Actual Rows": 1,
                                                "Actual Loops": 25734
                                            },
                                            {
                                                "Worker Number": 1,
                                                "Actual Startup Time": 0.002,
                                                "Actual Total Time": 0.002,
                                                "Actual Rows": 1,
                                                "Actual Loops": 40609
                                            },
                                            {
                                                "Worker Number": 2,
                                                "Actual Startup Time": 0.003,
                                                "Actual Total Time": 0.003,
                                                "Actual Rows": 1,
                                                "Actual Loops": 27871
                                            },
                                            {
                                                "Worker Number": 3,
                                                "Actual Startup Time": 0.003,
                                                "Actual Total Time": 0.004,
                                                "Actual Rows": 1,
                                                "Actual Loops": 25548
                                            }
                                        ]
                                    }
                                ]
                            }
                        ]
                    }
                ]
            }
        ]
    },
    "Planning Time": 1.526,
    "Triggers": [],
    "Execution Time": 374.201
}