{
    "Plan": {
        "Node Type": "Aggregate",
        "Strategy": "Plain",
        "Partial Mode": "Finalize",
        "Parallel Aware": false,
        "Startup Cost": 88372.91,
        "Total Cost": 88372.92,
        "Plan Rows": 1,
        "Plan Width": 8,
        "Actual Startup Time": 231.132,
        "Actual Total Time": 253.694,
        "Actual Rows": 1,
        "Actual Loops": 1,
        "Output": [
            "count(*)"
        ],
        "Plans": [
            {
                "Node Type": "Gather",
                "Parent Relationship": "Outer",
                "Parallel Aware": false,
                "Startup Cost": 88372.59,
                "Total Cost": 88372.9,
                "Plan Rows": 3,
                "Plan Width": 8,
                "Actual Startup Time": 230.564,
                "Actual Total Time": 253.685,
                "Actual Rows": 4,
                "Actual Loops": 1,
                "Output": [
                    "(PARTIAL count(*))"
                ],
                "Workers Planned": 3,
                "Workers Launched": 3,
                "Single Copy": false,
                "Plans": [
                    {
                        "Node Type": "Aggregate",
                        "Strategy": "Plain",
                        "Partial Mode": "Partial",
                        "Parent Relationship": "Outer",
                        "Parallel Aware": false,
                        "Startup Cost": 87372.59,
                        "Total Cost": 87372.6,
                        "Plan Rows": 1,
                        "Plan Width": 8,
                        "Actual Startup Time": 221.609,
                        "Actual Total Time": 221.613,
                        "Actual Rows": 1,
                        "Actual Loops": 4,
                        "Output": [
                            "PARTIAL count(*)"
                        ],
                        "Workers": [
                            {
                                "Worker Number": 0,
                                "Actual Startup Time": 218.464,
                                "Actual Total Time": 218.466,
                                "Actual Rows": 1,
                                "Actual Loops": 1
                            },
                            {
                                "Worker Number": 1,
                                "Actual Startup Time": 218.97,
                                "Actual Total Time": 218.973,
                                "Actual Rows": 1,
                                "Actual Loops": 1
                            },
                            {
                                "Worker Number": 2,
                                "Actual Startup Time": 219.131,
                                "Actual Total Time": 219.135,
                                "Actual Rows": 1,
                                "Actual Loops": 1
                            }
                        ],
                        "Plans": [
                            {
                                "Node Type": "Hash Join",
                                "Parent Relationship": "Outer",
                                "Parallel Aware": true,
                                "Join Type": "Inner",
                                "Startup Cost": 44254.01,
                                "Total Cost": 87355.24,
                                "Plan Rows": 6942,
                                "Plan Width": 0,
                                "Actual Startup Time": 128.389,
                                "Actual Total Time": 221.4,
                                "Actual Rows": 2774,
                                "Actual Loops": 4,
                                "Inner Unique": true,
                                "Hash Cond": "(mk.movie_id = t.id)",
                                "Workers": [
                                    {
                                        "Worker Number": 0,
                                        "Actual Startup Time": 125.36,
                                        "Actual Total Time": 218.247,
                                        "Actual Rows": 2512,
                                        "Actual Loops": 1
                                    },
                                    {
                                        "Worker Number": 1,
                                        "Actual Startup Time": 125.636,
                                        "Actual Total Time": 218.736,
                                        "Actual Rows": 2793,
                                        "Actual Loops": 1
                                    },
                                    {
                                        "Worker Number": 2,
                                        "Actual Startup Time": 125.894,
                                        "Actual Total Time": 218.922,
                                        "Actual Rows": 2372,
                                        "Actual Loops": 1
                                    }
                                ],
                                "Plans": [
                                    {
                                        "Node Type": "Seq Scan",
                                        "Parent Relationship": "Outer",
                                        "Parallel Aware": true,
                                        "Relation Name": "movie_keyword",
                                        "Schema": "public",
                                        "Alias": "mk",
                                        "Startup Cost": 0.0,
                                        "Total Cost": 42695.65,
                                        "Plan Rows": 154505,
                                        "Plan Width": 4,
                                        "Actual Startup Time": 4.957,
                                        "Actual Total Time": 98.528,
                                        "Actual Rows": 117365,
                                        "Actual Loops": 4,
                                        "Output": [
                                            "mk.id",
                                            "mk.movie_id",
                                            "mk.keyword_id"
                                        ],
                                        "Filter": "(mk.keyword_id > 37887)",
                                        "Rows Removed by Filter": 1013618,
                                        "Workers": [
                                            {
                                                "Worker Number": 0,
                                                "Actual Startup Time": 4.965,
                                                "Actual Total Time": 99.561,
                                                "Actual Rows": 106485,
                                                "Actual Loops": 1
                                            },
                                            {
                                                "Worker Number": 1,
                                                "Actual Startup Time": 4.925,
                                                "Actual Total Time": 98.456,
                                                "Actual Rows": 109308,
                                                "Actual Loops": 1
                                            },
                                            {
                                                "Worker Number": 2,
                                                "Actual Startup Time": 4.964,
                                                "Actual Total Time": 99.615,
                                                "Actual Rows": 105726,
                                                "Actual Loops": 1
                                            }
                                        ]
                                    },
                                    {
                                        "Node Type": "Hash",
                                        "Parent Relationship": "Inner",
                                        "Parallel Aware": true,
                                        "Startup Cost": 43899.01,
                                        "Total Cost": 43899.01,
                                        "Plan Rows": 28400,
                                        "Plan Width": 4,
                                        "Actual Startup Time": 104.634,
                                        "Actual Total Time": 104.635,
                                        "Actual Rows": 28129,
                                        "Actual Loops": 4,
                                        "Output": [
                                            "t.id"
                                        ],
                                        "Hash Buckets": 131072,
                                        "Original Hash Buckets": 131072,
                                        "Hash Batches": 1,
                                        "Original Hash Batches": 1,
                                        "Peak Memory Usage": 5472,
                                        "Workers": [
                                            {
                                                "Worker Number": 0,
                                                "Actual Startup Time": 102.641,
                                                "Actual Total Time": 102.642,
                                                "Actual Rows": 26611,
                                                "Actual Loops": 1
                                            },
                                            {
                                                "Worker Number": 1,
                                                "Actual Startup Time": 103.037,
                                                "Actual Total Time": 103.038,
                                                "Actual Rows": 26930,
                                                "Actual Loops": 1
                                            },
                                            {
                                                "Worker Number": 2,
                                                "Actual Startup Time": 103.235,
                                                "Actual Total Time": 103.236,
                                                "Actual Rows": 26352,
                                                "Actual Loops": 1
                                            }
                                        ],
                                        "Plans": [
                                            {
                                                "Node Type": "Seq Scan",
                                                "Parent Relationship": "Outer",
                                                "Parallel Aware": true,
                                                "Relation Name": "title",
                                                "Schema": "public",
                                                "Alias": "t",
                                                "Startup Cost": 0.0,
                                                "Total Cost": 43899.01,
                                                "Plan Rows": 28400,
                                                "Plan Width": 4,
                                                "Actual Startup Time": 52.865,
                                                "Actual Total Time": 95.768,
                                                "Actual Rows": 28129,
                                                "Actual Loops": 4,
                                                "Output": [
                                                    "t.id"
                                                ],
                                                "Filter": "(t.production_year < 1929)",
                                                "Rows Removed by Filter": 603949,
                                                "Workers": [
                                                    {
                                                        "Worker Number": 0,
                                                        "Actual Startup Time": 40.363,
                                                        "Actual Total Time": 94.24,
                                                        "Actual Rows": 26611,
                                                        "Actual Loops": 1
                                                    },
                                                    {
                                                        "Worker Number": 1,
                                                        "Actual Startup Time": 61.509,
                                                        "Actual Total Time": 93.501,
                                                        "Actual Rows": 26930,
                                                        "Actual Loops": 1
                                                    },
                                                    {
                                                        "Worker Number": 2,
                                                        "Actual Startup Time": 61.048,
                                                        "Actual Total Time": 94.825,
                                                        "Actual Rows": 26352,
                                                        "Actual Loops": 1
                                                    }
                                                ]
                                            }
                                        ]
                                    }
                                ]
                            }
                        ]
                    }
                ]
            }
        ]
    },
    "Planning Time": 0.734,
    "Triggers": [],
    "Execution Time": 253.771
}