[
  {
    "Plan": {
      "Node Type": "Aggregate",
      "Strategy": "Plain",
      "Partial Mode": "Finalize",
      "Parallel Aware": false,
      "Startup Cost": 29596.4,
      "Total Cost": 29596.41,
      "Plan Rows": 1,
      "Plan Width": 8,
      "Actual Startup Time": 56.62,
      "Actual Total Time": 70.652,
      "Actual Rows": 1,
      "Actual Loops": 1,
      "Plans": [
        {
          "Node Type": "Gather",
          "Parent Relationship": "Outer",
          "Parallel Aware": false,
          "Startup Cost": 29596.19,
          "Total Cost": 29596.4,
          "Plan Rows": 2,
          "Plan Width": 8,
          "Actual Startup Time": 56.382,
          "Actual Total Time": 70.644,
          "Actual Rows": 3,
          "Actual Loops": 1,
          "Workers Planned": 2,
          "Workers Launched": 2,
          "Single Copy": false,
          "Plans": [
            {
              "Node Type": "Aggregate",
              "Strategy": "Plain",
              "Partial Mode": "Partial",
              "Parent Relationship": "Outer",
              "Parallel Aware": false,
              "Startup Cost": 28596.19,
              "Total Cost": 28596.2,
              "Plan Rows": 1,
              "Plan Width": 8,
              "Actual Startup Time": 52.45,
              "Actual Total Time": 52.452,
              "Actual Rows": 1,
              "Actual Loops": 3,
              "Plans": [
                {
                  "Node Type": "Nested Loop",
                  "Parent Relationship": "Outer",
                  "Parallel Aware": false,
                  "Join Type": "Inner",
                  "Startup Cost": 106.7,
                  "Total Cost": 28594.53,
                  "Plan Rows": 662,
                  "Plan Width": 0,
                  "Actual Startup Time": 2.073,
                  "Actual Total Time": 51.971,
                  "Actual Rows": 5959,
                  "Actual Loops": 3,
                  "Inner Unique": false,
                  "Plans": [
                    {
                      "Node Type": "Nested Loop",
                      "Parent Relationship": "Outer",
                      "Parallel Aware": false,
                      "Join Type": "Inner",
                      "Startup Cost": 106.26,
                      "Total Cost": 26904.9,
                      "Plan Rows": 762,
                      "Plan Width": 8,
                      "Actual Startup Time": 1.676,
                      "Actual Total Time": 20.866,
                      "Actual Rows": 584,
                      "Actual Loops": 3,
                      "Inner Unique": true,
                      "Plans": [
                        {
                          "Node Type": "Bitmap Heap Scan",
                          "Parent Relationship": "Outer",
                          "Parallel Aware": true,
                          "Relation Name": "movie_keyword",
                          "Alias": "mk",
                          "Startup Cost": 105.83,
                          "Total Cost": 12117.13,
                          "Plan Rows": 2011,
                          "Plan Width": 4,
                          "Actual Startup Time": 1.223,
                          "Actual Total Time": 7.146,
                          "Actual Rows": 1751,
                          "Actual Loops": 3,
                          "Recheck Cond": "(keyword_id = 3311)",
                          "Rows Removed by Index Recheck": 0,
                          "Exact Heap Blocks": 2531,
                          "Lossy Heap Blocks": 0,
                          "Plans": [
                            {
                              "Node Type": "Bitmap Index Scan",
                              "Parent Relationship": "Outer",
                              "Parallel Aware": false,
                              "Index Name": "keyword_id_movie_keyword",
                              "Startup Cost": 0.0,
                              "Total Cost": 104.63,
                              "Plan Rows": 4826,
                              "Plan Width": 0,
                              "Actual Startup Time": 2.448,
                              "Actual Total Time": 2.448,
                              "Actual Rows": 5252,
                              "Actual Loops": 1,
                              "Index Cond": "(keyword_id = 3311)"
                            }
                          ]
                        },
                        {
                          "Node Type": "Index Scan",
                          "Parent Relationship": "Inner",
                          "Parallel Aware": false,
                          "Scan Direction": "Forward",
                          "Index Name": "title_pkey",
                          "Relation Name": "title",
                          "Alias": "t",
                          "Startup Cost": 0.43,
                          "Total Cost": 7.35,
                          "Plan Rows": 1,
                          "Plan Width": 4,
                          "Actual Startup Time": 0.007,
                          "Actual Total Time": 0.007,
                          "Actual Rows": 0,
                          "Actual Loops": 5252,
                          "Index Cond": "(id = mk.movie_id)",
                          "Rows Removed by Index Recheck": 0,
                          "Filter": "(production_year < 1999)",
                          "Rows Removed by Filter": 1
                        }
                      ]
                    },
                    {
                      "Node Type": "Index Scan",
                      "Parent Relationship": "Inner",
                      "Parallel Aware": false,
                      "Scan Direction": "Forward",
                      "Index Name": "movie_id_movie_info",
                      "Relation Name": "movie_info",
                      "Alias": "mi",
                      "Startup Cost": 0.43,
                      "Total Cost": 2.16,
                      "Plan Rows": 6,
                      "Plan Width": 4,
                      "Actual Startup Time": 0.023,
                      "Actual Total Time": 0.052,
                      "Actual Rows": 10,
                      "Actual Loops": 1753,
                      "Index Cond": "(movie_id = t.id)",
                      "Rows Removed by Index Recheck": 0,
                      "Filter": "(info_type_id > 16)",
                      "Rows Removed by Filter": 21
                    }
                  ]
                }
              ]
            }
          ]
        }
      ]
    },
    "Planning Time": 0.661,
    "Triggers": [],
    "Execution Time": 70.709
  }
]