[
  {
    "Plan": {
      "Node Type": "Aggregate",
      "Strategy": "Plain",
      "Partial Mode": "Finalize",
      "Parallel Aware": false,
      "Startup Cost": 429993.89,
      "Total Cost": 429993.9,
      "Plan Rows": 1,
      "Plan Width": 8,
      "Actual Startup Time": 2176.848,
      "Actual Total Time": 2241.44,
      "Actual Rows": 1,
      "Actual Loops": 1,
      "Plans": [
        {
          "Node Type": "Gather",
          "Parent Relationship": "Outer",
          "Parallel Aware": false,
          "Startup Cost": 429993.26,
          "Total Cost": 429993.87,
          "Plan Rows": 6,
          "Plan Width": 8,
          "Actual Startup Time": 2167.208,
          "Actual Total Time": 2241.429,
          "Actual Rows": 7,
          "Actual Loops": 1,
          "Workers Planned": 6,
          "Workers Launched": 6,
          "Single Copy": false,
          "Plans": [
            {
              "Node Type": "Aggregate",
              "Strategy": "Plain",
              "Partial Mode": "Partial",
              "Parent Relationship": "Outer",
              "Parallel Aware": false,
              "Startup Cost": 428993.26,
              "Total Cost": 428993.27,
              "Plan Rows": 1,
              "Plan Width": 8,
              "Actual Startup Time": 2156.045,
              "Actual Total Time": 2156.109,
              "Actual Rows": 1,
              "Actual Loops": 7,
              "Plans": [
                {
                  "Node Type": "Hash Join",
                  "Parent Relationship": "Outer",
                  "Parallel Aware": true,
                  "Join Type": "Inner",
                  "Startup Cost": 83451.39,
                  "Total Cost": 424077.09,
                  "Plan Rows": 1966470,
                  "Plan Width": 0,
                  "Actual Startup Time": 288.382,
                  "Actual Total Time": 2019.335,
                  "Actual Rows": 3186913,
                  "Actual Loops": 7,
                  "Inner Unique": false,
                  "Hash Cond": "(ci.movie_id = t.id)",
                  "Plans": [
                    {
                      "Node Type": "Seq Scan",
                      "Parent Relationship": "Outer",
                      "Parallel Aware": true,
                      "Relation Name": "cast_info",
                      "Alias": "ci",
                      "Startup Cost": 0.0,
                      "Total Cost": 313067.02,
                      "Plan Rows": 6038002,
                      "Plan Width": 4,
                      "Actual Startup Time": 0.026,
                      "Actual Total Time": 541.901,
                      "Actual Rows": 5177763,
                      "Actual Loops": 7
                    },
                    {
                      "Node Type": "Hash",
                      "Parent Relationship": "Inner",
                      "Parallel Aware": true,
                      "Startup Cost": 80878.2,
                      "Total Cost": 80878.2,
                      "Plan Rows": 205855,
                      "Plan Width": 8,
                      "Actual Startup Time": 284.95,
                      "Actual Total Time": 285.013,
                      "Actual Rows": 87606,
                      "Actual Loops": 7,
                      "Hash Buckets": 1048576,
                      "Original Hash Buckets": 1048576,
                      "Hash Batches": 1,
                      "Original Hash Batches": 1,
                      "Peak Memory Usage": 32320,
                      "Plans": [
                        {
                          "Node Type": "Hash Join",
                          "Parent Relationship": "Outer",
                          "Parallel Aware": true,
                          "Join Type": "Inner",
                          "Startup Cost": 34735.06,
                          "Total Cost": 80878.2,
                          "Plan Rows": 205855,
                          "Plan Width": 8,
                          "Actual Startup Time": 116.456,
                          "Actual Total Time": 250.999,
                          "Actual Rows": 87606,
                          "Actual Loops": 7,
                          "Inner Unique": false,
                          "Hash Cond": "(t.id = mc.movie_id)",
                          "Plans": [
                            {
                              "Node Type": "Seq Scan",
                              "Parent Relationship": "Outer",
                              "Parallel Aware": true,
                              "Relation Name": "title",
                              "Alias": "t",
                              "Startup Cost": 0.0,
                              "Total Cost": 42318.73,
                              "Plan Rows": 632073,
                              "Plan Width": 4,
                              "Actual Startup Time": 0.016,
                              "Actual Total Time": 54.608,
                              "Actual Rows": 361187,
                              "Actual Loops": 7
                            },
                            {
                              "Node Type": "Hash",
                              "Parent Relationship": "Inner",
                              "Parallel Aware": true,
                              "Startup Cost": 31414.82,
                              "Total Cost": 31414.82,
                              "Plan Rows": 265619,
                              "Plan Width": 4,
                              "Actual Startup Time": 102.755,
                              "Actual Total Time": 102.756,
                              "Actual Rows": 87606,
                              "Actual Loops": 7,
                              "Hash Buckets": 1048576,
                              "Original Hash Buckets": 1048576,
                              "Hash Batches": 1,
                              "Original Hash Batches": 1,
                              "Peak Memory Usage": 32288,
                              "Plans": [
                                {
                                  "Node Type": "Seq Scan",
                                  "Parent Relationship": "Outer",
                                  "Parallel Aware": true,
                                  "Relation Name": "movie_companies",
                                  "Alias": "mc",
                                  "Startup Cost": 0.0,
                                  "Total Cost": 31414.82,
                                  "Plan Rows": 265619,
                                  "Plan Width": 4,
                                  "Actual Startup Time": 2.628,
                                  "Actual Total Time": 59.381,
                                  "Actual Rows": 87606,
                                  "Actual Loops": 7,
                                  "Filter": "((company_id > 3422) AND (company_type_id < 2))",
                                  "Rows Removed by Filter": 285127
                                }
                              ]
                            }
                          ]
                        }
                      ]
                    }
                  ]
                }
              ]
            }
          ]
        }
      ]
    },
    "Planning Time": 1.36,
    "Triggers": [],
    "Execution Time": 2241.542
  }
]