[
  {
    "Plan": {
      "Node Type": "Aggregate",
      "Strategy": "Plain",
      "Partial Mode": "Finalize",
      "Parallel Aware": false,
      "Startup Cost": 33074.0,
      "Total Cost": 33074.01,
      "Plan Rows": 1,
      "Plan Width": 8,
      "Actual Startup Time": 104.891,
      "Actual Total Time": 113.417,
      "Actual Rows": 1,
      "Actual Loops": 1,
      "Plans": [
        {
          "Node Type": "Gather",
          "Parent Relationship": "Outer",
          "Parallel Aware": false,
          "Startup Cost": 33073.68,
          "Total Cost": 33073.99,
          "Plan Rows": 3,
          "Plan Width": 8,
          "Actual Startup Time": 104.73,
          "Actual Total Time": 113.406,
          "Actual Rows": 4,
          "Actual Loops": 1,
          "Workers Planned": 3,
          "Workers Launched": 3,
          "Single Copy": false,
          "Plans": [
            {
              "Node Type": "Aggregate",
              "Strategy": "Plain",
              "Partial Mode": "Partial",
              "Parent Relationship": "Outer",
              "Parallel Aware": false,
              "Startup Cost": 32073.68,
              "Total Cost": 32073.69,
              "Plan Rows": 1,
              "Plan Width": 8,
              "Actual Startup Time": 99.969,
              "Actual Total Time": 99.971,
              "Actual Rows": 1,
              "Actual Loops": 4,
              "Plans": [
                {
                  "Node Type": "Seq Scan",
                  "Parent Relationship": "Outer",
                  "Parallel Aware": true,
                  "Relation Name": "movie_companies",
                  "Alias": "mc",
                  "Startup Cost": 0.0,
                  "Total Cost": 31414.82,
                  "Plan Rows": 263545,
                  "Plan Width": 0,
                  "Actual Startup Time": 0.022,
                  "Actual Total Time": 83.9,
                  "Actual Rows": 284177,
                  "Actual Loops": 4,
                  "Filter": "((company_id < 19570) AND (company_type_id < 2))",
                  "Rows Removed by Filter": 368105
                }
              ]
            }
          ]
        }
      ]
    },
    "Planning Time": 0.198,
    "Triggers": [],
    "Execution Time": 113.473
  }
]