[
  {
    "Plan": {
      "Node Type": "Aggregate",
      "Strategy": "Plain",
      "Partial Mode": "Finalize",
      "Parallel Aware": false,
      "Startup Cost": 33086.28,
      "Total Cost": 33086.29,
      "Plan Rows": 1,
      "Plan Width": 8,
      "Actual Startup Time": 107.7,
      "Actual Total Time": 116.044,
      "Actual Rows": 1,
      "Actual Loops": 1,
      "Plans": [
        {
          "Node Type": "Gather",
          "Parent Relationship": "Outer",
          "Parallel Aware": false,
          "Startup Cost": 33085.97,
          "Total Cost": 33086.28,
          "Plan Rows": 3,
          "Plan Width": 8,
          "Actual Startup Time": 107.592,
          "Actual Total Time": 116.036,
          "Actual Rows": 4,
          "Actual Loops": 1,
          "Workers Planned": 3,
          "Workers Launched": 3,
          "Single Copy": false,
          "Plans": [
            {
              "Node Type": "Aggregate",
              "Strategy": "Plain",
              "Partial Mode": "Partial",
              "Parent Relationship": "Outer",
              "Parallel Aware": false,
              "Startup Cost": 32085.97,
              "Total Cost": 32085.98,
              "Plan Rows": 1,
              "Plan Width": 8,
              "Actual Startup Time": 100.467,
              "Actual Total Time": 100.469,
              "Actual Rows": 1,
              "Actual Loops": 4,
              "Plans": [
                {
                  "Node Type": "Seq Scan",
                  "Parent Relationship": "Outer",
                  "Parallel Aware": true,
                  "Relation Name": "movie_companies",
                  "Alias": "mc",
                  "Startup Cost": 0.0,
                  "Total Cost": 31414.82,
                  "Plan Rows": 268459,
                  "Plan Width": 0,
                  "Actual Startup Time": 0.041,
                  "Actual Total Time": 83.611,
                  "Actual Rows": 284177,
                  "Actual Loops": 4,
                  "Filter": "((company_id < 19570) AND (company_type_id < 2))",
                  "Rows Removed by Filter": 368105
                }
              ]
            }
          ]
        }
      ]
    },
    "Planning Time": 0.208,
    "Triggers": [],
    "Execution Time": 116.099
  }
]