[
  {
    "Plan": {
      "Node Type": "Aggregate",
      "Strategy": "Plain",
      "Partial Mode": "Finalize",
      "Parallel Aware": false,
      "Startup Cost": 634265.67,
      "Total Cost": 634265.68,
      "Plan Rows": 1,
      "Plan Width": 8,
      "Actual Startup Time": 4469.896,
      "Actual Total Time": 4554.998,
      "Actual Rows": 1,
      "Actual Loops": 1,
      "Plans": [
        {
          "Node Type": "Gather",
          "Parent Relationship": "Outer",
          "Parallel Aware": false,
          "Startup Cost": 634265.04,
          "Total Cost": 634265.65,
          "Plan Rows": 6,
          "Plan Width": 8,
          "Actual Startup Time": 4438.984,
          "Actual Total Time": 4554.988,
          "Actual Rows": 7,
          "Actual Loops": 1,
          "Workers Planned": 6,
          "Workers Launched": 6,
          "Single Copy": false,
          "Plans": [
            {
              "Node Type": "Aggregate",
              "Strategy": "Plain",
              "Partial Mode": "Partial",
              "Parent Relationship": "Outer",
              "Parallel Aware": false,
              "Startup Cost": 633265.04,
              "Total Cost": 633265.05,
              "Plan Rows": 1,
              "Plan Width": 8,
              "Actual Startup Time": 4405.585,
              "Actual Total Time": 4405.591,
              "Actual Rows": 1,
              "Actual Loops": 7,
              "Plans": [
                {
                  "Node Type": "Hash Join",
                  "Parent Relationship": "Outer",
                  "Parallel Aware": true,
                  "Join Type": "Inner",
                  "Startup Cost": 263904.25,
                  "Total Cost": 617288.47,
                  "Plan Rows": 6390631,
                  "Plan Width": 0,
                  "Actual Startup Time": 1465.794,
                  "Actual Total Time": 4084.859,
                  "Actual Rows": 6755522,
                  "Actual Loops": 7,
                  "Inner Unique": false,
                  "Hash Cond": "(ci.movie_id = t.id)",
                  "Plans": [
                    {
                      "Node Type": "Seq Scan",
                      "Parent Relationship": "Outer",
                      "Parallel Aware": true,
                      "Relation Name": "cast_info",
                      "Alias": "ci",
                      "Startup Cost": 0.0,
                      "Total Cost": 328162.03,
                      "Plan Rows": 3317581,
                      "Plan Width": 4,
                      "Actual Startup Time": 174.085,
                      "Actual Total Time": 634.527,
                      "Actual Rows": 2846302,
                      "Actual Loops": 7,
                      "Filter": "(person_id > 1616652)",
                      "Rows Removed by Filter": 2331462
                    },
                    {
                      "Node Type": "Hash",
                      "Parent Relationship": "Inner",
                      "Parallel Aware": true,
                      "Startup Cost": 251728.68,
                      "Total Cost": 251728.68,
                      "Plan Rows": 974046,
                      "Plan Width": 8,
                      "Actual Startup Time": 1280.378,
                      "Actual Total Time": 1280.382,
                      "Actual Rows": 703424,
                      "Actual Loops": 7,
                      "Hash Buckets": 8388608,
                      "Original Hash Buckets": 8388608,
                      "Hash Batches": 1,
                      "Original Hash Batches": 1,
                      "Peak Memory Usage": 258272,
                      "Plans": [
                        {
                          "Node Type": "Hash Join",
                          "Parent Relationship": "Outer",
                          "Parallel Aware": true,
                          "Join Type": "Inner",
                          "Startup Cost": 50219.64,
                          "Total Cost": 251728.68,
                          "Plan Rows": 974046,
                          "Plan Width": 8,
                          "Actual Startup Time": 264.659,
                          "Actual Total Time": 887.853,
                          "Actual Rows": 703424,
                          "Actual Loops": 7,
                          "Inner Unique": true,
                          "Hash Cond": "(mi.movie_id = t.id)",
                          "Plans": [
                            {
                              "Node Type": "Seq Scan",
                              "Parent Relationship": "Outer",
                              "Parallel Aware": true,
                              "Relation Name": "movie_info",
                              "Alias": "mi",
                              "Startup Cost": 0.0,
                              "Total Cost": 198952.16,
                              "Plan Rows": 974046,
                              "Plan Width": 4,
                              "Actual Startup Time": 0.042,
                              "Actual Total Time": 322.292,
                              "Actual Rows": 703424,
                              "Actual Loops": 7,
                              "Filter": "(info_type_id < 5)",
                              "Rows Removed by Filter": 1415965
                            },
                            {
                              "Node Type": "Hash",
                              "Parent Relationship": "Inner",
                              "Parallel Aware": true,
                              "Startup Cost": 42318.73,
                              "Total Cost": 42318.73,
                              "Plan Rows": 632073,
                              "Plan Width": 4,
                              "Actual Startup Time": 260.082,
                              "Actual Total Time": 260.083,
                              "Actual Rows": 361187,
                              "Actual Loops": 7,
                              "Hash Buckets": 4194304,
                              "Original Hash Buckets": 4194304,
                              "Hash Batches": 1,
                              "Original Hash Batches": 1,
                              "Peak Memory Usage": 131808,
                              "Plans": [
                                {
                                  "Node Type": "Seq Scan",
                                  "Parent Relationship": "Outer",
                                  "Parallel Aware": true,
                                  "Relation Name": "title",
                                  "Alias": "t",
                                  "Startup Cost": 0.0,
                                  "Total Cost": 42318.73,
                                  "Plan Rows": 632073,
                                  "Plan Width": 4,
                                  "Actual Startup Time": 0.058,
                                  "Actual Total Time": 77.127,
                                  "Actual Rows": 361187,
                                  "Actual Loops": 7
                                }
                              ]
                            }
                          ]
                        }
                      ]
                    }
                  ]
                }
              ]
            }
          ]
        }
      ]
    },
    "Planning Time": 1.303,
    "Triggers": [],
    "Execution Time": 4555.09
  }
]