[
  {
    "Plan": {
      "Node Type": "Aggregate",
      "Strategy": "Plain",
      "Partial Mode": "Finalize",
      "Parallel Aware": false,
      "Startup Cost": 24980.19,
      "Total Cost": 24980.2,
      "Plan Rows": 1,
      "Plan Width": 8,
      "Actual Startup Time": 52.857,
      "Actual Total Time": 59.367,
      "Actual Rows": 1,
      "Actual Loops": 1,
      "Plans": [
        {
          "Node Type": "Gather",
          "Parent Relationship": "Outer",
          "Parallel Aware": false,
          "Startup Cost": 24979.97,
          "Total Cost": 24980.18,
          "Plan Rows": 2,
          "Plan Width": 8,
          "Actual Startup Time": 52.522,
          "Actual Total Time": 59.36,
          "Actual Rows": 3,
          "Actual Loops": 1,
          "Workers Planned": 2,
          "Workers Launched": 2,
          "Single Copy": false,
          "Plans": [
            {
              "Node Type": "Aggregate",
              "Strategy": "Plain",
              "Partial Mode": "Partial",
              "Parent Relationship": "Outer",
              "Parallel Aware": false,
              "Startup Cost": 23979.97,
              "Total Cost": 23979.98,
              "Plan Rows": 1,
              "Plan Width": 8,
              "Actual Startup Time": 44.452,
              "Actual Total Time": 44.454,
              "Actual Rows": 1,
              "Actual Loops": 3,
              "Plans": [
                {
                  "Node Type": "Nested Loop",
                  "Parent Relationship": "Outer",
                  "Parallel Aware": false,
                  "Join Type": "Inner",
                  "Startup Cost": 64.03,
                  "Total Cost": 23978.01,
                  "Plan Rows": 785,
                  "Plan Width": 0,
                  "Actual Startup Time": 1.784,
                  "Actual Total Time": 43.704,
                  "Actual Rows": 6695,
                  "Actual Loops": 3,
                  "Inner Unique": false,
                  "Plans": [
                    {
                      "Node Type": "Nested Loop",
                      "Parent Relationship": "Outer",
                      "Parallel Aware": false,
                      "Join Type": "Inner",
                      "Startup Cost": 63.6,
                      "Total Cost": 23212.38,
                      "Plan Rows": 1438,
                      "Plan Width": 8,
                      "Actual Startup Time": 1.584,
                      "Actual Total Time": 23.992,
                      "Actual Rows": 2193,
                      "Actual Loops": 3,
                      "Inner Unique": true,
                      "Plans": [
                        {
                          "Node Type": "Bitmap Heap Scan",
                          "Parent Relationship": "Outer",
                          "Parallel Aware": true,
                          "Relation Name": "movie_info",
                          "Alias": "mi",
                          "Startup Cost": 63.17,
                          "Total Cost": 12250.29,
                          "Plan Rows": 1438,
                          "Plan Width": 4,
                          "Actual Startup Time": 1.377,
                          "Actual Total Time": 4.911,
                          "Actual Rows": 2193,
                          "Actual Loops": 3,
                          "Recheck Cond": "(info_type_id = 77)",
                          "Rows Removed by Index Recheck": 0,
                          "Exact Heap Blocks": 827,
                          "Lossy Heap Blocks": 0,
                          "Plans": [
                            {
                              "Node Type": "Bitmap Index Scan",
                              "Parent Relationship": "Outer",
                              "Parallel Aware": false,
                              "Index Name": "info_type_id_movie_info",
                              "Startup Cost": 0.0,
                              "Total Cost": 62.31,
                              "Plan Rows": 3450,
                              "Plan Width": 0,
                              "Actual Startup Time": 3.157,
                              "Actual Total Time": 3.158,
                              "Actual Rows": 6578,
                              "Actual Loops": 1,
                              "Index Cond": "(info_type_id = 77)"
                            }
                          ]
                        },
                        {
                          "Node Type": "Index Only Scan",
                          "Parent Relationship": "Inner",
                          "Parallel Aware": false,
                          "Scan Direction": "Forward",
                          "Index Name": "title_pkey",
                          "Relation Name": "title",
                          "Alias": "t",
                          "Startup Cost": 0.43,
                          "Total Cost": 7.62,
                          "Plan Rows": 1,
                          "Plan Width": 4,
                          "Actual Startup Time": 0.008,
                          "Actual Total Time": 0.008,
                          "Actual Rows": 1,
                          "Actual Loops": 6578,
                          "Index Cond": "(id = mi.movie_id)",
                          "Rows Removed by Index Recheck": 0,
                          "Heap Fetches": 6578
                        }
                      ]
                    },
                    {
                      "Node Type": "Index Only Scan",
                      "Parent Relationship": "Inner",
                      "Parallel Aware": false,
                      "Scan Direction": "Forward",
                      "Index Name": "movie_id_movie_info_idx",
                      "Relation Name": "movie_info_idx",
                      "Alias": "mi_idx",
                      "Startup Cost": 0.43,
                      "Total Cost": 0.5,
                      "Plan Rows": 3,
                      "Plan Width": 4,
                      "Actual Startup Time": 0.007,
                      "Actual Total Time": 0.008,
                      "Actual Rows": 3,
                      "Actual Loops": 6578,
                      "Index Cond": "(movie_id = t.id)",
                      "Rows Removed by Index Recheck": 0,
                      "Heap Fetches": 20084
                    }
                  ]
                }
              ]
            }
          ]
        }
      ]
    },
    "Planning Time": 1.431,
    "Triggers": [],
    "Execution Time": 59.463
  }
]