{
  "Plan": {
    "Node Type": "Aggregate",
    "Strategy": "Plain",
    "Partial Mode": "Finalize",
    "Parallel Aware": false,
    "Startup Cost": 320188.42,
    "Total Cost": 320188.43,
    "Plan Rows": 1,
    "Plan Width": 8,
    "Actual Startup Time": 1122.99,
    "Actual Total Time": 1173.92,
    "Actual Rows": 1,
    "Actual Loops": 1,
    "Plans": [
      {
        "Node Type": "Gather",
        "Parent Relationship": "Outer",
        "Parallel Aware": false,
        "Startup Cost": 320188.31,
        "Total Cost": 320188.42,
        "Plan Rows": 1,
        "Plan Width": 8,
        "Actual Startup Time": 1122.763,
        "Actual Total Time": 1173.911,
        "Actual Rows": 2,
        "Actual Loops": 1,
        "Workers Planned": 1,
        "Workers Launched": 1,
        "Single Copy": false,
        "Plans": [
          {
            "Node Type": "Aggregate",
            "Strategy": "Plain",
            "Partial Mode": "Partial",
            "Parent Relationship": "Outer",
            "Parallel Aware": false,
            "Startup Cost": 319188.31,
            "Total Cost": 319188.32,
            "Plan Rows": 1,
            "Plan Width": 8,
            "Actual Startup Time": 1116.694,
            "Actual Total Time": 1116.698,
            "Actual Rows": 1,
            "Actual Loops": 2,
            "Plans": [
              {
                "Node Type": "Hash Join",
                "Parent Relationship": "Outer",
                "Parallel Aware": true,
                "Join Type": "Inner",
                "Startup Cost": 38762.7,
                "Total Cost": 319169.28,
                "Plan Rows": 7612,
                "Plan Width": 0,
                "Actual Startup Time": 120.445,
                "Actual Total Time": 1116.217,
                "Actual Rows": 5238,
                "Actual Loops": 2,
                "Inner Unique": true,
                "Hash Cond": "(mi.movie_id = t.id)",
                "Plans": [
                  {
                    "Node Type": "Seq Scan",
                    "Parent Relationship": "Outer",
                    "Parallel Aware": true,
                    "Relation Name": "movie_info",
                    "Alias": "mi",
                    "Startup Cost": 0.0,
                    "Total Cost": 270696.42,
                    "Plan Rows": 3699105,
                    "Plan Width": 4,
                    "Actual Startup Time": 43.464,
                    "Actual Total Time": 831.473,
                    "Actual Rows": 3111747,
                    "Actual Loops": 2,
                    "Filter": "(info_type_id > 8)",
                    "Rows Removed by Filter": 4306113
                  },
                  {
                    "Node Type": "Hash",
                    "Parent Relationship": "Inner",
                    "Parallel Aware": true,
                    "Startup Cost": 38724.44,
                    "Total Cost": 38724.44,
                    "Plan Rows": 3061,
                    "Plan Width": 4,
                    "Actual Startup Time": 52.283,
                    "Actual Total Time": 52.285,
                    "Actual Rows": 1809,
                    "Actual Loops": 2,
                    "Hash Buckets": 8192,
                    "Original Hash Buckets": 8192,
                    "Hash Batches": 1,
                    "Original Hash Batches": 1,
                    "Peak Memory Usage": 224,
                    "Plans": [
                      {
                        "Node Type": "Bitmap Heap Scan",
                        "Parent Relationship": "Outer",
                        "Parallel Aware": true,
                        "Relation Name": "title",
                        "Alias": "t",
                        "Startup Cost": 1824.43,
                        "Total Cost": 38724.44,
                        "Plan Rows": 3061,
                        "Plan Width": 4,
                        "Actual Startup Time": 15.784,
                        "Actual Total Time": 51.531,
                        "Actual Rows": 1809,
                        "Actual Loops": 2,
                        "Recheck Cond": "(kind_id = 3)",
                        "Rows Removed by Index Recheck": 0,
                        "Filter": "(production_year = 2009)",
                        "Rows Removed by Filter": 48460,
                        "Exact Heap Blocks": 11131,
                        "Lossy Heap Blocks": 0,
                        "Plans": [
                          {
                            "Node Type": "Bitmap Index Scan",
                            "Parent Relationship": "Outer",
                            "Parallel Aware": false,
                            "Index Name": "kind_id_title",
                            "Startup Cost": 0.0,
                            "Total Cost": 1823.13,
                            "Plan Rows": 102227,
                            "Plan Width": 0,
                            "Actual Startup Time": 15.756,
                            "Actual Total Time": 15.756,
                            "Actual Rows": 100537,
                            "Actual Loops": 1,
                            "Index Cond": "(kind_id = 3)"
                          }
                        ]
                      }
                    ]
                  }
                ]
              }
            ]
          }
        ]
      }
    ]
  },
  "Planning Time": 0.504,
  "Triggers": [],
  "Execution Time": 1174.021
}