[
  {
    "Plan": {
      "Node Type": "Aggregate",
      "Strategy": "Plain",
      "Partial Mode": "Finalize",
      "Parallel Aware": false,
      "Startup Cost": 134118.39,
      "Total Cost": 134118.4,
      "Plan Rows": 1,
      "Plan Width": 8,
      "Actual Startup Time": 913.273,
      "Actual Total Time": 938.79,
      "Actual Rows": 1,
      "Actual Loops": 1,
      "Plans": [
        {
          "Node Type": "Gather",
          "Parent Relationship": "Outer",
          "Parallel Aware": false,
          "Startup Cost": 134118.08,
          "Total Cost": 134118.39,
          "Plan Rows": 3,
          "Plan Width": 8,
          "Actual Startup Time": 891.299,
          "Actual Total Time": 938.779,
          "Actual Rows": 4,
          "Actual Loops": 1,
          "Workers Planned": 3,
          "Workers Launched": 3,
          "Single Copy": false,
          "Plans": [
            {
              "Node Type": "Aggregate",
              "Strategy": "Plain",
              "Partial Mode": "Partial",
              "Parent Relationship": "Outer",
              "Parallel Aware": false,
              "Startup Cost": 133118.08,
              "Total Cost": 133118.09,
              "Plan Rows": 1,
              "Plan Width": 8,
              "Actual Startup Time": 885.343,
              "Actual Total Time": 885.35,
              "Actual Rows": 1,
              "Actual Loops": 4,
              "Plans": [
                {
                  "Node Type": "Hash Join",
                  "Parent Relationship": "Outer",
                  "Parallel Aware": true,
                  "Join Type": "Inner",
                  "Startup Cost": 101703.45,
                  "Total Cost": 132592.14,
                  "Plan Rows": 210375,
                  "Plan Width": 0,
                  "Actual Startup Time": 656.003,
                  "Actual Total Time": 874.275,
                  "Actual Rows": 242906,
                  "Actual Loops": 4,
                  "Inner Unique": false,
                  "Hash Cond": "(mc.movie_id = t.id)",
                  "Plans": [
                    {
                      "Node Type": "Seq Scan",
                      "Parent Relationship": "Outer",
                      "Parallel Aware": true,
                      "Relation Name": "movie_companies",
                      "Alias": "mc",
                      "Startup Cost": 0.0,
                      "Total Cost": 27206.55,
                      "Plan Rows": 841655,
                      "Plan Width": 4,
                      "Actual Startup Time": 0.012,
                      "Actual Total Time": 62.09,
                      "Actual Rows": 652282,
                      "Actual Loops": 4
                    },
                    {
                      "Node Type": "Hash",
                      "Parent Relationship": "Inner",
                      "Parallel Aware": true,
                      "Startup Cost": 99728.48,
                      "Total Cost": 99728.48,
                      "Plan Rows": 157997,
                      "Plan Width": 8,
                      "Actual Startup Time": 652.518,
                      "Actual Total Time": 652.522,
                      "Actual Rows": 213166,
                      "Actual Loops": 4,
                      "Hash Buckets": 1048576,
                      "Original Hash Buckets": 1048576,
                      "Hash Batches": 1,
                      "Original Hash Batches": 1,
                      "Peak Memory Usage": 41632,
                      "Plans": [
                        {
                          "Node Type": "Hash Join",
                          "Parent Relationship": "Outer",
                          "Parallel Aware": true,
                          "Join Type": "Inner",
                          "Startup Cost": 50220.95,
                          "Total Cost": 99728.48,
                          "Plan Rows": 157997,
                          "Plan Width": 8,
                          "Actual Startup Time": 360.927,
                          "Actual Total Time": 568.638,
                          "Actual Rows": 213166,
                          "Actual Loops": 4,
                          "Inner Unique": true,
                          "Hash Cond": "(ci.movie_id = t.id)",
                          "Plans": [
                            {
                              "Node Type": "Index Scan",
                              "Parent Relationship": "Outer",
                              "Parallel Aware": true,
                              "Scan Direction": "Forward",
                              "Index Name": "role_id_cast_info",
                              "Relation Name": "cast_info",
                              "Alias": "ci",
                              "Startup Cost": 0.56,
                              "Total Cost": 49093.36,
                              "Plan Rows": 157997,
                              "Plan Width": 4,
                              "Actual Startup Time": 0.168,
                              "Actual Total Time": 87.156,
                              "Actual Rows": 213166,
                              "Actual Loops": 4,
                              "Index Cond": "(role_id = 8)",
                              "Rows Removed by Index Recheck": 0,
                              "Filter": "(person_id > 2392800)",
                              "Rows Removed by Filter": 212720
                            },
                            {
                              "Node Type": "Hash",
                              "Parent Relationship": "Inner",
                              "Parallel Aware": true,
                              "Startup Cost": 42319.06,
                              "Total Cost": 42319.06,
                              "Plan Rows": 632106,
                              "Plan Width": 4,
                              "Actual Startup Time": 353.298,
                              "Actual Total Time": 353.3,
                              "Actual Rows": 632078,
                              "Actual Loops": 4,
                              "Hash Buckets": 4194304,
                              "Original Hash Buckets": 4194304,
                              "Hash Batches": 1,
                              "Original Hash Batches": 1,
                              "Peak Memory Usage": 131744,
                              "Plans": [
                                {
                                  "Node Type": "Seq Scan",
                                  "Parent Relationship": "Outer",
                                  "Parallel Aware": true,
                                  "Relation Name": "title",
                                  "Alias": "t",
                                  "Startup Cost": 0.0,
                                  "Total Cost": 42319.06,
                                  "Plan Rows": 632106,
                                  "Plan Width": 4,
                                  "Actual Startup Time": 0.043,
                                  "Actual Total Time": 102.415,
                                  "Actual Rows": 632078,
                                  "Actual Loops": 4
                                }
                              ]
                            }
                          ]
                        }
                      ]
                    }
                  ]
                }
              ]
            }
          ]
        }
      ]
    },
    "Planning Time": 0.701,
    "Triggers": [],
    "Execution Time": 938.845
  }
]