[
    {
        "Bao": {
            "Bao prediction": "NaN",
            "Bao recommended hint": "(no hint)"
        }
    },
    {
        "Plan": {
            "Node Type": "Aggregate",
            "Strategy": "Plain",
            "Partial Mode": "Simple",
            "Parallel Aware": false,
            "Startup Cost": 39159.24,
            "Total Cost": 39159.25,
            "Plan Rows": 1,
            "Plan Width": 8,
            "Actual Startup Time": 51.538,
            "Actual Total Time": 51.539,
            "Actual Rows": 1,
            "Actual Loops": 1,
            "Output": [
                "count(*)"
            ],
            "Plans": [
                {
                    "Node Type": "Bitmap Heap Scan",
                    "Parent Relationship": "Outer",
                    "Parallel Aware": false,
                    "Relation Name": "title",
                    "Schema": "public",
                    "Alias": "t",
                    "Startup Cost": 1671.64,
                    "Total Cost": 39065.27,
                    "Plan Rows": 37587,
                    "Plan Width": 0,
                    "Actual Startup Time": 10.29,
                    "Actual Total Time": 49.835,
                    "Actual Rows": 39125,
                    "Actual Loops": 1,
                    "Recheck Cond": "(t.kind_id = 2)",
                    "Rows Removed by Index Recheck": 0,
                    "Filter": "(t.production_year < 2000)",
                    "Rows Removed by Filter": 51727,
                    "Exact Heap Blocks": 23872,
                    "Lossy Heap Blocks": 0,
                    "Plans": [
                        {
                            "Node Type": "Bitmap Index Scan",
                            "Parent Relationship": "Outer",
                            "Parallel Aware": false,
                            "Index Name": "kind_id_title",
                            "Startup Cost": 0.0,
                            "Total Cost": 1662.25,
                            "Plan Rows": 93042,
                            "Plan Width": 0,
                            "Actual Startup Time": 6.394,
                            "Actual Total Time": 6.394,
                            "Actual Rows": 90852,
                            "Actual Loops": 1,
                            "Index Cond": "(t.kind_id = 2)"
                        }
                    ]
                }
            ]
        },
        "Planning Time": 179.654,
        "Triggers": [],
        "Execution Time": 51.592
    }
]