{
    "Plan": {
        "Node Type": "Aggregate",
        "Strategy": "Plain",
        "Partial Mode": "Finalize",
        "Parallel Aware": false,
        "Startup Cost": 302295.55,
        "Total Cost": 302295.56,
        "Plan Rows": 1,
        "Plan Width": 8,
        "Actual Startup Time": 1894.964,
        "Actual Total Time": 1936.803,
        "Actual Rows": 1,
        "Actual Loops": 1,
        "Output": [
            "count(*)"
        ],
        "Plans": [
            {
                "Node Type": "Gather",
                "Parent Relationship": "Outer",
                "Parallel Aware": false,
                "Startup Cost": 302295.02,
                "Total Cost": 302295.53,
                "Plan Rows": 5,
                "Plan Width": 8,
                "Actual Startup Time": 1874.191,
                "Actual Total Time": 1936.791,
                "Actual Rows": 6,
                "Actual Loops": 1,
                "Output": [
                    "(PARTIAL count(*))"
                ],
                "Workers Planned": 5,
                "Workers Launched": 5,
                "Single Copy": false,
                "Plans": [
                    {
                        "Node Type": "Aggregate",
                        "Strategy": "Plain",
                        "Partial Mode": "Partial",
                        "Parent Relationship": "Outer",
                        "Parallel Aware": false,
                        "Startup Cost": 301295.02,
                        "Total Cost": 301295.03,
                        "Plan Rows": 1,
                        "Plan Width": 8,
                        "Actual Startup Time": 1859.434,
                        "Actual Total Time": 1859.809,
                        "Actual Rows": 1,
                        "Actual Loops": 6,
                        "Output": [
                            "PARTIAL count(*)"
                        ],
                        "Workers": [
                            {
                                "Worker Number": 0,
                                "Actual Startup Time": 1856.202,
                                "Actual Total Time": 1856.206,
                                "Actual Rows": 1,
                                "Actual Loops": 1
                            },
                            {
                                "Worker Number": 1,
                                "Actual Startup Time": 1856.16,
                                "Actual Total Time": 1856.165,
                                "Actual Rows": 1,
                                "Actual Loops": 1
                            },
                            {
                                "Worker Number": 2,
                                "Actual Startup Time": 1856.258,
                                "Actual Total Time": 1856.263,
                                "Actual Rows": 1,
                                "Actual Loops": 1
                            },
                            {
                                "Worker Number": 3,
                                "Actual Startup Time": 1858.238,
                                "Actual Total Time": 1858.243,
                                "Actual Rows": 1,
                                "Actual Loops": 1
                            },
                            {
                                "Worker Number": 4,
                                "Actual Startup Time": 1856.526,
                                "Actual Total Time": 1856.53,
                                "Actual Rows": 1,
                                "Actual Loops": 1
                            }
                        ],
                        "Plans": [
                            {
                                "Node Type": "Hash Join",
                                "Parent Relationship": "Outer",
                                "Parallel Aware": true,
                                "Join Type": "Inner",
                                "Startup Cost": 85770.32,
                                "Total Cost": 298128.2,
                                "Plan Rows": 1266729,
                                "Plan Width": 0,
                                "Actual Startup Time": 491.87,
                                "Actual Total Time": 1645.157,
                                "Actual Rows": 5229675,
                                "Actual Loops": 6,
                                "Inner Unique": false,
                                "Hash Cond": "(mi.movie_id = t.id)",
                                "Workers": [
                                    {
                                        "Worker Number": 0,
                                        "Actual Startup Time": 489.381,
                                        "Actual Total Time": 1644.719,
                                        "Actual Rows": 5548559,
                                        "Actual Loops": 1
                                    },
                                    {
                                        "Worker Number": 1,
                                        "Actual Startup Time": 489.218,
                                        "Actual Total Time": 1644.316,
                                        "Actual Rows": 5571015,
                                        "Actual Loops": 1
                                    },
                                    {
                                        "Worker Number": 2,
                                        "Actual Startup Time": 488.994,
                                        "Actual Total Time": 1655.895,
                                        "Actual Rows": 5188882,
                                        "Actual Loops": 1
                                    },
                                    {
                                        "Worker Number": 3,
                                        "Actual Startup Time": 489.654,
                                        "Actual Total Time": 1634.891,
                                        "Actual Rows": 3645852,
                                        "Actual Loops": 1
                                    },
                                    {
                                        "Worker Number": 4,
                                        "Actual Startup Time": 488.82,
                                        "Actual Total Time": 1645.704,
                                        "Actual Rows": 5546251,
                                        "Actual Loops": 1
                                    }
                                ],
                                "Plans": [
                                    {
                                        "Node Type": "Seq Scan",
                                        "Parent Relationship": "Outer",
                                        "Parallel Aware": true,
                                        "Relation Name": "movie_info",
                                        "Schema": "public",
                                        "Alias": "mi",
                                        "Startup Cost": 0.0,
                                        "Total Cost": 198880.74,
                                        "Plan Rows": 2504246,
                                        "Plan Width": 4,
                                        "Actual Startup Time": 0.032,
                                        "Actual Total Time": 344.594,
                                        "Actual Rows": 2100312,
                                        "Actual Loops": 6,
                                        "Output": [
                                            "mi.id",
                                            "mi.movie_id",
                                            "mi.info_type_id",
                                            "mi.info",
                                            "mi.note"
                                        ],
                                        "Filter": "(mi.info_type_id < 17)",
                                        "Rows Removed by Filter": 372308,
                                        "Workers": [
                                            {
                                                "Worker Number": 0,
                                                "Actual Startup Time": 0.038,
                                                "Actual Total Time": 348.202,
                                                "Actual Rows": 2221563,
                                                "Actual Loops": 1
                                            },
                                            {
                                                "Worker Number": 1,
                                                "Actual Startup Time": 0.034,
                                                "Actual Total Time": 349.248,
                                                "Actual Rows": 2230750,
                                                "Actual Loops": 1
                                            },
                                            {
                                                "Worker Number": 2,
                                                "Actual Startup Time": 0.035,
                                                "Actual Total Time": 353.603,
                                                "Actual Rows": 2009143,
                                                "Actual Loops": 1
                                            },
                                            {
                                                "Worker Number": 3,
                                                "Actual Startup Time": 0.036,
                                                "Actual Total Time": 363.449,
                                                "Actual Rows": 1493896,
                                                "Actual Loops": 1
                                            },
                                            {
                                                "Worker Number": 4,
                                                "Actual Startup Time": 0.036,
                                                "Actual Total Time": 348.927,
                                                "Actual Rows": 2227715,
                                                "Actual Loops": 1
                                            }
                                        ]
                                    },
                                    {
                                        "Node Type": "Hash",
                                        "Parent Relationship": "Inner",
                                        "Parallel Aware": true,
                                        "Startup Cost": 80613.43,
                                        "Total Cost": 80613.43,
                                        "Plan Rows": 412551,
                                        "Plan Width": 8,
                                        "Actual Startup Time": 485.451,
                                        "Actual Total Time": 485.824,
                                        "Actual Rows": 212374,
                                        "Actual Loops": 6,
                                        "Output": [
                                            "t.id",
                                            "mc.movie_id"
                                        ],
                                        "Hash Buckets": 2097152,
                                        "Original Hash Buckets": 2097152,
                                        "Hash Batches": 1,
                                        "Original Hash Batches": 1,
                                        "Peak Memory Usage": 66336,
                                        "Workers": [
                                            {
                                                "Worker Number": 0,
                                                "Actual Startup Time": 487.37,
                                                "Actual Total Time": 487.373,
                                                "Actual Rows": 226750,
                                                "Actual Loops": 1
                                            },
                                            {
                                                "Worker Number": 1,
                                                "Actual Startup Time": 487.369,
                                                "Actual Total Time": 487.372,
                                                "Actual Rows": 227591,
                                                "Actual Loops": 1
                                            },
                                            {
                                                "Worker Number": 2,
                                                "Actual Startup Time": 487.484,
                                                "Actual Total Time": 487.488,
                                                "Actual Rows": 195798,
                                                "Actual Loops": 1
                                            },
                                            {
                                                "Worker Number": 3,
                                                "Actual Startup Time": 487.691,
                                                "Actual Total Time": 487.694,
                                                "Actual Rows": 159229,
                                                "Actual Loops": 1
                                            },
                                            {
                                                "Worker Number": 4,
                                                "Actual Startup Time": 487.77,
                                                "Actual Total Time": 487.774,
                                                "Actual Rows": 225525,
                                                "Actual Loops": 1
                                            }
                                        ],
                                        "Plans": [
                                            {
                                                "Node Type": "Hash Join",
                                                "Parent Relationship": "Outer",
                                                "Parallel Aware": true,
                                                "Join Type": "Inner",
                                                "Startup Cost": 50219.81,
                                                "Total Cost": 80613.43,
                                                "Plan Rows": 412551,
                                                "Plan Width": 8,
                                                "Actual Startup Time": 279.169,
                                                "Actual Total Time": 406.893,
                                                "Actual Rows": 212374,
                                                "Actual Loops": 6,
                                                "Output": [
                                                    "t.id",
                                                    "mc.movie_id"
                                                ],
                                                "Inner Unique": true,
                                                "Hash Cond": "(mc.movie_id = t.id)",
                                                "Workers": [
                                                    {
                                                        "Worker Number": 0,
                                                        "Actual Startup Time": 279.203,
                                                        "Actual Total Time": 406.152,
                                                        "Actual Rows": 226750,
                                                        "Actual Loops": 1
                                                    },
                                                    {
                                                        "Worker Number": 1,
                                                        "Actual Startup Time": 279.192,
                                                        "Actual Total Time": 406.174,
                                                        "Actual Rows": 227591,
                                                        "Actual Loops": 1
                                                    },
                                                    {
                                                        "Worker Number": 2,
                                                        "Actual Startup Time": 279.129,
                                                        "Actual Total Time": 406.086,
                                                        "Actual Rows": 195798,
                                                        "Actual Loops": 1
                                                    },
                                                    {
                                                        "Worker Number": 3,
                                                        "Actual Startup Time": 279.157,
                                                        "Actual Total Time": 408.81,
                                                        "Actual Rows": 159229,
                                                        "Actual Loops": 1
                                                    },
                                                    {
                                                        "Worker Number": 4,
                                                        "Actual Startup Time": 279.151,
                                                        "Actual Total Time": 406.491,
                                                        "Actual Rows": 225525,
                                                        "Actual Loops": 1
                                                    }
                                                ],
                                                "Plans": [
                                                    {
                                                        "Node Type": "Seq Scan",
                                                        "Parent Relationship": "Outer",
                                                        "Parallel Aware": true,
                                                        "Relation Name": "movie_companies",
                                                        "Schema": "public",
                                                        "Alias": "mc",
                                                        "Startup Cost": 0.0,
                                                        "Total Cost": 29310.68,
                                                        "Plan Rows": 412551,
                                                        "Plan Width": 4,
                                                        "Actual Startup Time": 0.028,
                                                        "Actual Total Time": 50.967,
                                                        "Actual Rows": 212374,
                                                        "Actual Loops": 6,
                                                        "Output": [
                                                            "mc.id",
                                                            "mc.movie_id",
                                                            "mc.company_id",
                                                            "mc.company_type_id",
                                                            "mc.note"
                                                        ],
                                                        "Filter": "(mc.company_type_id = 1)",
                                                        "Rows Removed by Filter": 222480,
                                                        "Workers": [
                                                            {
                                                                "Worker Number": 0,
                                                                "Actual Startup Time": 0.026,
                                                                "Actual Total Time": 51.324,
                                                                "Actual Rows": 226750,
                                                                "Actual Loops": 1
                                                            },
                                                            {
                                                                "Worker Number": 1,
                                                                "Actual Startup Time": 0.026,
                                                                "Actual Total Time": 50.941,
                                                                "Actual Rows": 227591,
                                                                "Actual Loops": 1
                                                            },
                                                            {
                                                                "Worker Number": 2,
                                                                "Actual Startup Time": 0.032,
                                                                "Actual Total Time": 50.99,
                                                                "Actual Rows": 195798,
                                                                "Actual Loops": 1
                                                            },
                                                            {
                                                                "Worker Number": 3,
                                                                "Actual Startup Time": 0.037,
                                                                "Actual Total Time": 54.476,
                                                                "Actual Rows": 159229,
                                                                "Actual Loops": 1
                                                            },
                                                            {
                                                                "Worker Number": 4,
                                                                "Actual Startup Time": 0.031,
                                                                "Actual Total Time": 51.17,
                                                                "Actual Rows": 225525,
                                                                "Actual Loops": 1
                                                            }
                                                        ]
                                                    },
                                                    {
                                                        "Node Type": "Hash",
                                                        "Parent Relationship": "Inner",
                                                        "Parallel Aware": true,
                                                        "Startup Cost": 42318.81,
                                                        "Total Cost": 42318.81,
                                                        "Plan Rows": 632080,
                                                        "Plan Width": 4,
                                                        "Actual Startup Time": 274.476,
                                                        "Actual Total Time": 274.477,
                                                        "Actual Rows": 421385,
                                                        "Actual Loops": 6,
                                                        "Output": [
                                                            "t.id"
                                                        ],
                                                        "Hash Buckets": 4194304,
                                                        "Original Hash Buckets": 4194304,
                                                        "Hash Batches": 1,
                                                        "Original Hash Batches": 1,
                                                        "Peak Memory Usage": 131776,
                                                        "Workers": [
                                                            {
                                                                "Worker Number": 0,
                                                                "Actual Startup Time": 278.884,
                                                                "Actual Total Time": 278.885,
                                                                "Actual Rows": 423372,
                                                                "Actual Loops": 1
                                                            },
                                                            {
                                                                "Worker Number": 1,
                                                                "Actual Startup Time": 278.849,
                                                                "Actual Total Time": 278.85,
                                                                "Actual Rows": 422902,
                                                                "Actual Loops": 1
                                                            },
                                                            {
                                                                "Worker Number": 2,
                                                                "Actual Startup Time": 278.84,
                                                                "Actual Total Time": 278.841,
                                                                "Actual Rows": 376299,
                                                                "Actual Loops": 1
                                                            },
                                                            {
                                                                "Worker Number": 3,
                                                                "Actual Startup Time": 278.808,
                                                                "Actual Total Time": 278.809,
                                                                "Actual Rows": 318151,
                                                                "Actual Loops": 1
                                                            },
                                                            {
                                                                "Worker Number": 4,
                                                                "Actual Startup Time": 278.845,
                                                                "Actual Total Time": 278.846,
                                                                "Actual Rows": 419729,
                                                                "Actual Loops": 1
                                                            }
                                                        ],
                                                        "Plans": [
                                                            {
                                                                "Node Type": "Seq Scan",
                                                                "Parent Relationship": "Outer",
                                                                "Parallel Aware": true,
                                                                "Relation Name": "title",
                                                                "Schema": "public",
                                                                "Alias": "t",
                                                                "Startup Cost": 0.0,
                                                                "Total Cost": 42318.81,
                                                                "Plan Rows": 632080,
                                                                "Plan Width": 4,
                                                                "Actual Startup Time": 0.064,
                                                                "Actual Total Time": 77.229,
                                                                "Actual Rows": 421385,
                                                                "Actual Loops": 6,
                                                                "Output": [
                                                                    "t.id"
                                                                ],
                                                                "Workers": [
                                                                    {
                                                                        "Worker Number": 0,
                                                                        "Actual Startup Time": 0.079,
                                                                        "Actual Total Time": 79.317,
                                                                        "Actual Rows": 423372,
                                                                        "Actual Loops": 1
                                                                    },
                                                                    {
                                                                        "Worker Number": 1,
                                                                        "Actual Startup Time": 0.077,
                                                                        "Actual Total Time": 79.147,
                                                                        "Actual Rows": 422902,
                                                                        "Actual Loops": 1
                                                                    },
                                                                    {
                                                                        "Worker Number": 2,
                                                                        "Actual Startup Time": 0.065,
                                                                        "Actual Total Time": 76.951,
                                                                        "Actual Rows": 376299,
                                                                        "Actual Loops": 1
                                                                    },
                                                                    {
                                                                        "Worker Number": 3,
                                                                        "Actual Startup Time": 0.078,
                                                                        "Actual Total Time": 84.126,
                                                                        "Actual Rows": 318151,
                                                                        "Actual Loops": 1
                                                                    },
                                                                    {
                                                                        "Worker Number": 4,
                                                                        "Actual Startup Time": 0.065,
                                                                        "Actual Total Time": 79.478,
                                                                        "Actual Rows": 419729,
                                                                        "Actual Loops": 1
                                                                    }
                                                                ]
                                                            }
                                                        ]
                                                    }
                                                ]
                                            }
                                        ]
                                    }
                                ]
                            }
                        ]
                    }
                ]
            }
        ]
    },
    "Planning Time": 1.63,
    "Triggers": [],
    "Execution Time": 1936.894
}