[
  {
    "Plan": {
      "Node Type": "Aggregate",
      "Strategy": "Plain",
      "Partial Mode": "Finalize",
      "Parallel Aware": false,
      "Startup Cost": 171297.79,
      "Total Cost": 171297.8,
      "Plan Rows": 1,
      "Plan Width": 8,
      "Actual Startup Time": 666.805,
      "Actual Total Time": 686.198,
      "Actual Rows": 1,
      "Actual Loops": 1,
      "Plans": [
        {
          "Node Type": "Gather",
          "Parent Relationship": "Outer",
          "Parallel Aware": false,
          "Startup Cost": 171297.27,
          "Total Cost": 171297.78,
          "Plan Rows": 5,
          "Plan Width": 8,
          "Actual Startup Time": 654.557,
          "Actual Total Time": 686.189,
          "Actual Rows": 6,
          "Actual Loops": 1,
          "Workers Planned": 5,
          "Workers Launched": 5,
          "Single Copy": false,
          "Plans": [
            {
              "Node Type": "Aggregate",
              "Strategy": "Plain",
              "Partial Mode": "Partial",
              "Parent Relationship": "Outer",
              "Parallel Aware": false,
              "Startup Cost": 170297.27,
              "Total Cost": 170297.28,
              "Plan Rows": 1,
              "Plan Width": 8,
              "Actual Startup Time": 639.993,
              "Actual Total Time": 639.997,
              "Actual Rows": 1,
              "Actual Loops": 6,
              "Plans": [
                {
                  "Node Type": "Hash Join",
                  "Parent Relationship": "Outer",
                  "Parallel Aware": true,
                  "Join Type": "Inner",
                  "Startup Cost": 49117.31,
                  "Total Cost": 168849.79,
                  "Plan Rows": 578992,
                  "Plan Width": 0,
                  "Actual Startup Time": 225.86,
                  "Actual Total Time": 621.081,
                  "Actual Rows": 400165,
                  "Actual Loops": 6,
                  "Inner Unique": true,
                  "Hash Cond": "(ci.movie_id = t.id)",
                  "Plans": [
                    {
                      "Node Type": "Index Scan",
                      "Parent Relationship": "Outer",
                      "Parallel Aware": true,
                      "Scan Direction": "Forward",
                      "Index Name": "role_id_cast_info",
                      "Relation Name": "cast_info",
                      "Alias": "ci",
                      "Startup Cost": 0.56,
                      "Total Cost": 117431.66,
                      "Plan Rows": 876718,
                      "Plan Width": 4,
                      "Actual Startup Time": 0.185,
                      "Actual Total Time": 134.44,
                      "Actual Rows": 720503,
                      "Actual Loops": 6,
                      "Index Cond": "(role_id = 10)",
                      "Rows Removed by Index Recheck": 0
                    },
                    {
                      "Node Type": "Hash",
                      "Parent Relationship": "Inner",
                      "Parallel Aware": true,
                      "Startup Cost": 43898.92,
                      "Total Cost": 43898.92,
                      "Plan Rows": 417426,
                      "Plan Width": 4,
                      "Actual Startup Time": 219.849,
                      "Actual Total Time": 219.851,
                      "Actual Rows": 278549,
                      "Actual Loops": 6,
                      "Hash Buckets": 2097152,
                      "Original Hash Buckets": 2097152,
                      "Hash Batches": 1,
                      "Original Hash Batches": 1,
                      "Peak Memory Usage": 81856,
                      "Plans": [
                        {
                          "Node Type": "Seq Scan",
                          "Parent Relationship": "Outer",
                          "Parallel Aware": true,
                          "Relation Name": "title",
                          "Alias": "t",
                          "Startup Cost": 0.0,
                          "Total Cost": 43898.92,
                          "Plan Rows": 417426,
                          "Plan Width": 4,
                          "Actual Startup Time": 0.045,
                          "Actual Total Time": 91.992,
                          "Actual Rows": 278549,
                          "Actual Loops": 6,
                          "Filter": "(production_year < 2008)",
                          "Rows Removed by Filter": 142837
                        }
                      ]
                    }
                  ]
                }
              ]
            }
          ]
        }
      ]
    },
    "Planning Time": 0.602,
    "Triggers": [],
    "Execution Time": 686.278
  }
]