{
  "Plan": {
    "Node Type": "Aggregate",
    "Strategy": "Plain",
    "Partial Mode": "Finalize",
    "Parallel Aware": false,
    "Startup Cost": 304020.82,
    "Total Cost": 304020.83,
    "Plan Rows": 1,
    "Plan Width": 8,
    "Actual Startup Time": 783.348,
    "Actual Total Time": 799.12,
    "Actual Rows": 1,
    "Actual Loops": 1,
    "Plans": [
      {
        "Node Type": "Gather",
        "Parent Relationship": "Outer",
        "Parallel Aware": false,
        "Startup Cost": 304020.71,
        "Total Cost": 304020.82,
        "Plan Rows": 1,
        "Plan Width": 8,
        "Actual Startup Time": 780.506,
        "Actual Total Time": 799.114,
        "Actual Rows": 2,
        "Actual Loops": 1,
        "Workers Planned": 1,
        "Workers Launched": 1,
        "Single Copy": false,
        "Plans": [
          {
            "Node Type": "Aggregate",
            "Strategy": "Plain",
            "Partial Mode": "Partial",
            "Parent Relationship": "Outer",
            "Parallel Aware": false,
            "Startup Cost": 303020.71,
            "Total Cost": 303020.72,
            "Plan Rows": 1,
            "Plan Width": 8,
            "Actual Startup Time": 776.574,
            "Actual Total Time": 776.578,
            "Actual Rows": 1,
            "Actual Loops": 2,
            "Plans": [
              {
                "Node Type": "Merge Join",
                "Parent Relationship": "Outer",
                "Parallel Aware": false,
                "Join Type": "Inner",
                "Startup Cost": 128745.41,
                "Total Cost": 302492.35,
                "Plan Rows": 211342,
                "Plan Width": 0,
                "Actual Startup Time": 658.468,
                "Actual Total Time": 769.542,
                "Actual Rows": 158710,
                "Actual Loops": 2,
                "Inner Unique": false,
                "Merge Cond": "(mk.movie_id = t.id)",
                "Plans": [
                  {
                    "Node Type": "Index Scan",
                    "Parent Relationship": "Outer",
                    "Parallel Aware": true,
                    "Scan Direction": "Forward",
                    "Index Name": "movie_id_movie_keyword",
                    "Relation Name": "movie_keyword",
                    "Alias": "mk",
                    "Startup Cost": 0.43,
                    "Total Cost": 165212.95,
                    "Plan Rows": 2046888,
                    "Plan Width": 4,
                    "Actual Startup Time": 0.304,
                    "Actual Total Time": 68.643,
                    "Actual Rows": 314271,
                    "Actual Loops": 2,
                    "Filter": "(keyword_id > 1047)",
                    "Rows Removed by Filter": 99660
                  },
                  {
                    "Node Type": "Sort",
                    "Parent Relationship": "Inner",
                    "Parallel Aware": false,
                    "Startup Cost": 128744.83,
                    "Total Cost": 129397.45,
                    "Plan Rows": 261047,
                    "Plan Width": 8,
                    "Actual Startup Time": 655.857,
                    "Actual Total Time": 665.169,
                    "Actual Rows": 259954,
                    "Actual Loops": 2,
                    "Sort Key": [
                      "mi_idx.movie_id"
                    ],
                    "Sort Method": "quicksort",
                    "Sort Space Used": 8503,
                    "Sort Space Type": "Memory",
                    "Workers": [
                      {
                        "Worker Number": 0,
                        "Sort Method": "quicksort",
                        "Sort Space Used": 8503,
                        "Sort Space Type": "Memory"
                      }
                    ],
                    "Plans": [
                      {
                        "Node Type": "Hash Join",
                        "Parent Relationship": "Outer",
                        "Parallel Aware": false,
                        "Join Type": "Inner",
                        "Startup Cost": 79900.54,
                        "Total Cost": 105258.5,
                        "Plan Rows": 261047,
                        "Plan Width": 8,
                        "Actual Startup Time": 358.363,
                        "Actual Total Time": 635.995,
                        "Actual Rows": 115854,
                        "Actual Loops": 2,
                        "Inner Unique": true,
                        "Hash Cond": "(mi_idx.movie_id = t.id)",
                        "Plans": [
                          {
                            "Node Type": "Seq Scan",
                            "Parent Relationship": "Outer",
                            "Parallel Aware": false,
                            "Relation Name": "movie_info_idx",
                            "Alias": "mi_idx",
                            "Startup Cost": 0.0,
                            "Total Cost": 21735.35,
                            "Plan Rows": 1380035,
                            "Plan Width": 4,
                            "Actual Startup Time": 0.042,
                            "Actual Total Time": 89.842,
                            "Actual Rows": 1380035,
                            "Actual Loops": 2
                          },
                          {
                            "Node Type": "Hash",
                            "Parent Relationship": "Inner",
                            "Parallel Aware": false,
                            "Startup Cost": 73922.39,
                            "Total Cost": 73922.39,
                            "Plan Rows": 478252,
                            "Plan Width": 4,
                            "Actual Startup Time": 354.889,
                            "Actual Total Time": 354.891,
                            "Actual Rows": 518327,
                            "Actual Loops": 2,
                            "Hash Buckets": 524288,
                            "Original Hash Buckets": 524288,
                            "Hash Batches": 1,
                            "Original Hash Batches": 1,
                            "Peak Memory Usage": 22319,
                            "Plans": [
                              {
                                "Node Type": "Seq Scan",
                                "Parent Relationship": "Outer",
                                "Parallel Aware": false,
                                "Relation Name": "title",
                                "Alias": "t",
                                "Startup Cost": 0.0,
                                "Total Cost": 73922.39,
                                "Plan Rows": 478252,
                                "Plan Width": 4,
                                "Actual Startup Time": 0.041,
                                "Actual Total Time": 255.5,
                                "Actual Rows": 518327,
                                "Actual Loops": 2,
                                "Filter": "((production_year > 2007) AND (kind_id = 7))",
                                "Rows Removed by Filter": 2009985
                              }
                            ]
                          }
                        ]
                      }
                    ]
                  }
                ]
              }
            ]
          }
        ]
      }
    ]
  },
  "Planning Time": 0.649,
  "Triggers": [],
  "Execution Time": 799.396
}