[
  {
    "Plan": {
      "Node Type": "Aggregate",
      "Strategy": "Plain",
      "Partial Mode": "Finalize",
      "Parallel Aware": false,
      "Startup Cost": 32409.96,
      "Total Cost": 32409.97,
      "Plan Rows": 1,
      "Plan Width": 8,
      "Actual Startup Time": 144.366,
      "Actual Total Time": 154.683,
      "Actual Rows": 1,
      "Actual Loops": 1,
      "Plans": [
        {
          "Node Type": "Gather",
          "Parent Relationship": "Outer",
          "Parallel Aware": false,
          "Startup Cost": 32409.64,
          "Total Cost": 32409.95,
          "Plan Rows": 3,
          "Plan Width": 8,
          "Actual Startup Time": 144.215,
          "Actual Total Time": 154.676,
          "Actual Rows": 4,
          "Actual Loops": 1,
          "Workers Planned": 3,
          "Workers Launched": 3,
          "Single Copy": false,
          "Plans": [
            {
              "Node Type": "Aggregate",
              "Strategy": "Plain",
              "Partial Mode": "Partial",
              "Parent Relationship": "Outer",
              "Parallel Aware": false,
              "Startup Cost": 31409.64,
              "Total Cost": 31409.65,
              "Plan Rows": 1,
              "Plan Width": 8,
              "Actual Startup Time": 135.531,
              "Actual Total Time": 135.532,
              "Actual Rows": 1,
              "Actual Loops": 4,
              "Plans": [
                {
                  "Node Type": "Seq Scan",
                  "Parent Relationship": "Outer",
                  "Parallel Aware": true,
                  "Relation Name": "movie_companies",
                  "Alias": "mc",
                  "Startup Cost": 0.0,
                  "Total Cost": 29310.68,
                  "Plan Rows": 839585,
                  "Plan Width": 0,
                  "Actual Startup Time": 0.058,
                  "Actual Total Time": 99.365,
                  "Actual Rows": 650830,
                  "Actual Loops": 4,
                  "Filter": "(company_id < 229382)",
                  "Rows Removed by Filter": 1452
                }
              ]
            }
          ]
        }
      ]
    },
    "Planning Time": 0.205,
    "Triggers": [],
    "Execution Time": 154.731
  }
]