[
  {
    "Plan": {
      "Node Type": "Aggregate",
      "Strategy": "Plain",
      "Partial Mode": "Finalize",
      "Parallel Aware": false,
      "Startup Cost": 83763.84,
      "Total Cost": 83763.85,
      "Plan Rows": 1,
      "Plan Width": 8,
      "Actual Startup Time": 426.641,
      "Actual Total Time": 442.011,
      "Actual Rows": 1,
      "Actual Loops": 1,
      "Plans": [
        {
          "Node Type": "Gather",
          "Parent Relationship": "Outer",
          "Parallel Aware": false,
          "Startup Cost": 83763.42,
          "Total Cost": 83763.83,
          "Plan Rows": 4,
          "Plan Width": 8,
          "Actual Startup Time": 421.863,
          "Actual Total Time": 442.001,
          "Actual Rows": 5,
          "Actual Loops": 1,
          "Workers Planned": 4,
          "Workers Launched": 4,
          "Single Copy": false,
          "Plans": [
            {
              "Node Type": "Aggregate",
              "Strategy": "Plain",
              "Partial Mode": "Partial",
              "Parent Relationship": "Outer",
              "Parallel Aware": false,
              "Startup Cost": 82763.42,
              "Total Cost": 82763.43,
              "Plan Rows": 1,
              "Plan Width": 8,
              "Actual Startup Time": 409.275,
              "Actual Total Time": 409.278,
              "Actual Rows": 1,
              "Actual Loops": 5,
              "Plans": [
                {
                  "Node Type": "Hash Join",
                  "Parent Relationship": "Outer",
                  "Parallel Aware": true,
                  "Join Type": "Inner",
                  "Startup Cost": 35746.56,
                  "Total Cost": 82092.0,
                  "Plan Rows": 268568,
                  "Plan Width": 0,
                  "Actual Startup Time": 165.019,
                  "Actual Total Time": 398.562,
                  "Actual Rows": 240630,
                  "Actual Loops": 5,
                  "Inner Unique": false,
                  "Hash Cond": "(t.id = mc.movie_id)",
                  "Plans": [
                    {
                      "Node Type": "Seq Scan",
                      "Parent Relationship": "Outer",
                      "Parallel Aware": true,
                      "Relation Name": "title",
                      "Alias": "t",
                      "Startup Cost": 0.0,
                      "Total Cost": 42318.73,
                      "Plan Rows": 632073,
                      "Plan Width": 4,
                      "Actual Startup Time": 0.01,
                      "Actual Total Time": 63.587,
                      "Actual Rows": 505662,
                      "Actual Loops": 5
                    },
                    {
                      "Node Type": "Hash",
                      "Parent Relationship": "Inner",
                      "Parallel Aware": true,
                      "Startup Cost": 31414.82,
                      "Total Cost": 31414.82,
                      "Plan Rows": 346539,
                      "Plan Width": 4,
                      "Actual Startup Time": 158.801,
                      "Actual Total Time": 158.802,
                      "Actual Rows": 240630,
                      "Actual Loops": 5,
                      "Hash Buckets": 2097152,
                      "Original Hash Buckets": 2097152,
                      "Hash Batches": 1,
                      "Original Hash Batches": 1,
                      "Peak Memory Usage": 63552,
                      "Plans": [
                        {
                          "Node Type": "Seq Scan",
                          "Parent Relationship": "Outer",
                          "Parallel Aware": true,
                          "Relation Name": "movie_companies",
                          "Alias": "mc",
                          "Startup Cost": 0.0,
                          "Total Cost": 31414.82,
                          "Plan Rows": 346539,
                          "Plan Width": 4,
                          "Actual Startup Time": 44.371,
                          "Actual Total Time": 78.756,
                          "Actual Rows": 240630,
                          "Actual Loops": 5,
                          "Filter": "((company_id > 428) AND (company_type_id > 1))",
                          "Rows Removed by Filter": 281196
                        }
                      ]
                    }
                  ]
                }
              ]
            }
          ]
        }
      ]
    },
    "Planning Time": 0.625,
    "Triggers": [],
    "Execution Time": 442.079
  }
]