[
  {
    "Plan": {
      "Node Type": "Aggregate",
      "Strategy": "Plain",
      "Partial Mode": "Finalize",
      "Parallel Aware": false,
      "Startup Cost": 345715.92,
      "Total Cost": 345715.93,
      "Plan Rows": 1,
      "Plan Width": 8,
      "Actual Startup Time": 629.753,
      "Actual Total Time": 684.283,
      "Actual Rows": 1,
      "Actual Loops": 1,
      "Plans": [
        {
          "Node Type": "Gather",
          "Parent Relationship": "Outer",
          "Parallel Aware": false,
          "Startup Cost": 345715.3,
          "Total Cost": 345715.91,
          "Plan Rows": 6,
          "Plan Width": 8,
          "Actual Startup Time": 629.616,
          "Actual Total Time": 684.271,
          "Actual Rows": 7,
          "Actual Loops": 1,
          "Workers Planned": 6,
          "Workers Launched": 6,
          "Single Copy": false,
          "Plans": [
            {
              "Node Type": "Aggregate",
              "Strategy": "Plain",
              "Partial Mode": "Partial",
              "Parent Relationship": "Outer",
              "Parallel Aware": false,
              "Startup Cost": 344715.3,
              "Total Cost": 344715.31,
              "Plan Rows": 1,
              "Plan Width": 8,
              "Actual Startup Time": 620.532,
              "Actual Total Time": 620.533,
              "Actual Rows": 1,
              "Actual Loops": 7,
              "Plans": [
                {
                  "Node Type": "Seq Scan",
                  "Parent Relationship": "Outer",
                  "Parallel Aware": true,
                  "Relation Name": "cast_info",
                  "Alias": "ci",
                  "Startup Cost": 0.0,
                  "Total Cost": 343257.03,
                  "Plan Rows": 583308,
                  "Plan Width": 0,
                  "Actual Startup Time": 0.048,
                  "Actual Total Time": 588.962,
                  "Actual Rows": 678039,
                  "Actual Loops": 7,
                  "Filter": "((person_id < 636503) AND (role_id < 3))",
                  "Rows Removed by Filter": 4499724
                }
              ]
            }
          ]
        }
      ]
    },
    "Planning Time": 0.252,
    "Triggers": [],
    "Execution Time": 684.357
  }
]