[
  {
    "Plan": {
      "Node Type": "Aggregate",
      "Strategy": "Plain",
      "Partial Mode": "Finalize",
      "Parallel Aware": false,
      "Startup Cost": 253636.44,
      "Total Cost": 253636.45,
      "Plan Rows": 1,
      "Plan Width": 8,
      "Actual Startup Time": 911.764,
      "Actual Total Time": 956.52,
      "Actual Rows": 1,
      "Actual Loops": 1,
      "Plans": [
        {
          "Node Type": "Gather",
          "Parent Relationship": "Outer",
          "Parallel Aware": false,
          "Startup Cost": 253635.92,
          "Total Cost": 253636.43,
          "Plan Rows": 5,
          "Plan Width": 8,
          "Actual Startup Time": 907.244,
          "Actual Total Time": 956.507,
          "Actual Rows": 6,
          "Actual Loops": 1,
          "Workers Planned": 5,
          "Workers Launched": 5,
          "Single Copy": false,
          "Plans": [
            {
              "Node Type": "Aggregate",
              "Strategy": "Plain",
              "Partial Mode": "Partial",
              "Parent Relationship": "Outer",
              "Parallel Aware": false,
              "Startup Cost": 252635.92,
              "Total Cost": 252635.93,
              "Plan Rows": 1,
              "Plan Width": 8,
              "Actual Startup Time": 897.354,
              "Actual Total Time": 897.357,
              "Actual Rows": 1,
              "Actual Loops": 6,
              "Plans": [
                {
                  "Node Type": "Hash Join",
                  "Parent Relationship": "Outer",
                  "Parallel Aware": true,
                  "Join Type": "Inner",
                  "Startup Cost": 47494.35,
                  "Total Cost": 251426.25,
                  "Plan Rows": 483868,
                  "Plan Width": 0,
                  "Actual Startup Time": 151.737,
                  "Actual Total Time": 854.915,
                  "Actual Rows": 941553,
                  "Actual Loops": 6,
                  "Inner Unique": true,
                  "Hash Cond": "(mi.movie_id = t.id)",
                  "Plans": [
                    {
                      "Node Type": "Seq Scan",
                      "Parent Relationship": "Outer",
                      "Parallel Aware": true,
                      "Relation Name": "movie_info",
                      "Alias": "mi",
                      "Startup Cost": 0.0,
                      "Total Cost": 198952.16,
                      "Plan Rows": 1897040,
                      "Plan Width": 4,
                      "Actual Startup Time": 0.026,
                      "Actual Total Time": 353.636,
                      "Actual Rows": 1594192,
                      "Actual Loops": 6,
                      "Filter": "(info_type_id < 16)",
                      "Rows Removed by Filter": 878428
                    },
                    {
                      "Node Type": "Hash",
                      "Parent Relationship": "Inner",
                      "Parallel Aware": true,
                      "Startup Cost": 45479.1,
                      "Total Cost": 45479.1,
                      "Plan Rows": 161220,
                      "Plan Width": 4,
                      "Actual Startup Time": 133.586,
                      "Actual Total Time": 133.587,
                      "Actual Rows": 109385,
                      "Actual Loops": 6,
                      "Hash Buckets": 1048576,
                      "Original Hash Buckets": 1048576,
                      "Hash Batches": 1,
                      "Original Hash Batches": 1,
                      "Peak Memory Usage": 33952,
                      "Plans": [
                        {
                          "Node Type": "Seq Scan",
                          "Parent Relationship": "Outer",
                          "Parallel Aware": true,
                          "Relation Name": "title",
                          "Alias": "t",
                          "Startup Cost": 0.0,
                          "Total Cost": 45479.1,
                          "Plan Rows": 161220,
                          "Plan Width": 4,
                          "Actual Startup Time": 45.457,
                          "Actual Total Time": 87.935,
                          "Actual Rows": 109385,
                          "Actual Loops": 6,
                          "Filter": "((kind_id < 2) AND (production_year > 0))",
                          "Rows Removed by Filter": 312000
                        }
                      ]
                    }
                  ]
                }
              ]
            }
          ]
        }
      ]
    },
    "Planning Time": 0.659,
    "Triggers": [],
    "Execution Time": 956.601
  }
]