{
  "Plan": {
    "Node Type": "Aggregate",
    "Strategy": "Plain",
    "Partial Mode": "Finalize",
    "Parallel Aware": false,
    "Startup Cost": 122651.47,
    "Total Cost": 122651.48,
    "Plan Rows": 1,
    "Plan Width": 8,
    "Actual Startup Time": 862.073,
    "Actual Total Time": 891.82,
    "Actual Rows": 1,
    "Actual Loops": 1,
    "Plans": [
      {
        "Node Type": "Gather",
        "Parent Relationship": "Outer",
        "Parallel Aware": false,
        "Startup Cost": 122651.35,
        "Total Cost": 122651.46,
        "Plan Rows": 1,
        "Plan Width": 8,
        "Actual Startup Time": 856.312,
        "Actual Total Time": 891.808,
        "Actual Rows": 2,
        "Actual Loops": 1,
        "Workers Planned": 1,
        "Workers Launched": 1,
        "Single Copy": false,
        "Plans": [
          {
            "Node Type": "Aggregate",
            "Strategy": "Plain",
            "Partial Mode": "Partial",
            "Parent Relationship": "Outer",
            "Parallel Aware": false,
            "Startup Cost": 121651.35,
            "Total Cost": 121651.36,
            "Plan Rows": 1,
            "Plan Width": 8,
            "Actual Startup Time": 841.914,
            "Actual Total Time": 841.921,
            "Actual Rows": 1,
            "Actual Loops": 2,
            "Plans": [
              {
                "Node Type": "Hash Join",
                "Parent Relationship": "Outer",
                "Parallel Aware": true,
                "Join Type": "Inner",
                "Startup Cost": 102349.79,
                "Total Cost": 121590.99,
                "Plan Rows": 24144,
                "Plan Width": 0,
                "Actual Startup Time": 766.562,
                "Actual Total Time": 837.658,
                "Actual Rows": 85208,
                "Actual Loops": 2,
                "Inner Unique": false,
                "Hash Cond": "(mi_idx.movie_id = t.id)",
                "Plans": [
                  {
                    "Node Type": "Seq Scan",
                    "Parent Relationship": "Outer",
                    "Parallel Aware": true,
                    "Relation Name": "movie_info_idx",
                    "Alias": "mi_idx",
                    "Startup Cost": 0.0,
                    "Total Cost": 18082.32,
                    "Plan Rows": 271164,
                    "Plan Width": 4,
                    "Actual Startup Time": 0.025,
                    "Actual Total Time": 60.113,
                    "Actual Rows": 230092,
                    "Actual Loops": 2,
                    "Filter": "(info_type_id > 100)",
                    "Rows Removed by Filter": 459925
                  },
                  {
                    "Node Type": "Hash",
                    "Parent Relationship": "Inner",
                    "Parallel Aware": true,
                    "Startup Cost": 100694.57,
                    "Total Cost": 100694.57,
                    "Plan Rows": 132418,
                    "Plan Width": 8,
                    "Actual Startup Time": 730.675,
                    "Actual Total Time": 730.68,
                    "Actual Rows": 107906,
                    "Actual Loops": 2,
                    "Hash Buckets": 262144,
                    "Original Hash Buckets": 262144,
                    "Hash Batches": 1,
                    "Original Hash Batches": 1,
                    "Peak Memory Usage": 10528,
                    "Plans": [
                      {
                        "Node Type": "Hash Join",
                        "Parent Relationship": "Outer",
                        "Parallel Aware": true,
                        "Join Type": "Inner",
                        "Startup Cost": 74237.74,
                        "Total Cost": 100694.57,
                        "Plan Rows": 132418,
                        "Plan Width": 8,
                        "Actual Startup Time": 616.429,
                        "Actual Total Time": 702.373,
                        "Actual Rows": 107906,
                        "Actual Loops": 2,
                        "Inner Unique": true,
                        "Hash Cond": "(mk.movie_id = t.id)",
                        "Plans": [
                          {
                            "Node Type": "Bitmap Heap Scan",
                            "Parent Relationship": "Outer",
                            "Parallel Aware": true,
                            "Relation Name": "movie_keyword",
                            "Alias": "mk",
                            "Startup Cost": 4777.04,
                            "Total Cost": 30886.27,
                            "Plan Rows": 132418,
                            "Plan Width": 4,
                            "Actual Startup Time": 15.958,
                            "Actual Total Time": 63.667,
                            "Actual Rows": 107906,
                            "Actual Loops": 2,
                            "Recheck Cond": "(keyword_id > 65488)",
                            "Rows Removed by Index Recheck": 0,
                            "Exact Heap Blocks": 9018,
                            "Lossy Heap Blocks": 0,
                            "Plans": [
                              {
                                "Node Type": "Bitmap Index Scan",
                                "Parent Relationship": "Outer",
                                "Parallel Aware": false,
                                "Index Name": "keyword_id_movie_keyword",
                                "Startup Cost": 0.0,
                                "Total Cost": 4720.77,
                                "Plan Rows": 225111,
                                "Plan Width": 0,
                                "Actual Startup Time": 13.002,
                                "Actual Total Time": 13.003,
                                "Actual Rows": 215812,
                                "Actual Loops": 1,
                                "Index Cond": "(keyword_id > 65488)"
                              }
                            ]
                          },
                          {
                            "Node Type": "Hash",
                            "Parent Relationship": "Inner",
                            "Parallel Aware": true,
                            "Startup Cost": 50870.31,
                            "Total Cost": 50870.31,
                            "Plan Rows": 1487231,
                            "Plan Width": 4,
                            "Actual Startup Time": 579.407,
                            "Actual Total Time": 579.408,
                            "Actual Rows": 1264156,
                            "Actual Loops": 2,
                            "Hash Buckets": 4194304,
                            "Original Hash Buckets": 4194304,
                            "Hash Batches": 1,
                            "Original Hash Batches": 1,
                            "Peak Memory Usage": 131680,
                            "Plans": [
                              {
                                "Node Type": "Seq Scan",
                                "Parent Relationship": "Outer",
                                "Parallel Aware": true,
                                "Relation Name": "title",
                                "Alias": "t",
                                "Startup Cost": 0.0,
                                "Total Cost": 50870.31,
                                "Plan Rows": 1487231,
                                "Plan Width": 4,
                                "Actual Startup Time": 0.041,
                                "Actual Total Time": 183.798,
                                "Actual Rows": 1264156,
                                "Actual Loops": 2
                              }
                            ]
                          }
                        ]
                      }
                    ]
                  }
                ]
              }
            ]
          }
        ]
      }
    ]
  },
  "Planning Time": 0.866,
  "Triggers": [],
  "Execution Time": 891.925
}