[
  {
    "Plan": {
      "Node Type": "Aggregate",
      "Strategy": "Plain",
      "Partial Mode": "Finalize",
      "Parallel Aware": false,
      "Startup Cost": 153521.23,
      "Total Cost": 153521.24,
      "Plan Rows": 1,
      "Plan Width": 8,
      "Actual Startup Time": 172.073,
      "Actual Total Time": 203.998,
      "Actual Rows": 1,
      "Actual Loops": 1,
      "Plans": [
        {
          "Node Type": "Gather",
          "Parent Relationship": "Outer",
          "Parallel Aware": false,
          "Startup Cost": 153520.81,
          "Total Cost": 153521.22,
          "Plan Rows": 4,
          "Plan Width": 8,
          "Actual Startup Time": 171.848,
          "Actual Total Time": 203.982,
          "Actual Rows": 5,
          "Actual Loops": 1,
          "Workers Planned": 4,
          "Workers Launched": 4,
          "Single Copy": false,
          "Plans": [
            {
              "Node Type": "Aggregate",
              "Strategy": "Plain",
              "Partial Mode": "Partial",
              "Parent Relationship": "Outer",
              "Parallel Aware": false,
              "Startup Cost": 152520.81,
              "Total Cost": 152520.82,
              "Plan Rows": 1,
              "Plan Width": 8,
              "Actual Startup Time": 165.511,
              "Actual Total Time": 165.513,
              "Actual Rows": 1,
              "Actual Loops": 5,
              "Plans": [
                {
                  "Node Type": "Nested Loop",
                  "Parent Relationship": "Outer",
                  "Parallel Aware": false,
                  "Join Type": "Inner",
                  "Startup Cost": 0.56,
                  "Total Cost": 152488.08,
                  "Plan Rows": 13094,
                  "Plan Width": 0,
                  "Actual Startup Time": 60.575,
                  "Actual Total Time": 163.77,
                  "Actual Rows": 12647,
                  "Actual Loops": 5,
                  "Inner Unique": false,
                  "Plans": [
                    {
                      "Node Type": "Seq Scan",
                      "Parent Relationship": "Outer",
                      "Parallel Aware": true,
                      "Relation Name": "title",
                      "Alias": "t",
                      "Startup Cost": 0.0,
                      "Total Cost": 45479.59,
                      "Plan Rows": 913,
                      "Plan Width": 4,
                      "Actual Startup Time": 60.43,
                      "Actual Total Time": 89.732,
                      "Actual Rows": 811,
                      "Actual Loops": 5,
                      "Filter": "((kind_id = 1) AND (production_year = 1967))",
                      "Rows Removed by Filter": 504852
                    },
                    {
                      "Node Type": "Index Only Scan",
                      "Parent Relationship": "Inner",
                      "Parallel Aware": false,
                      "Scan Direction": "Forward",
                      "Index Name": "movie_id_cast_info",
                      "Relation Name": "cast_info",
                      "Alias": "ci",
                      "Startup Cost": 0.56,
                      "Total Cost": 116.86,
                      "Plan Rows": 35,
                      "Plan Width": 4,
                      "Actual Startup Time": 0.017,
                      "Actual Total Time": 0.088,
                      "Actual Rows": 16,
                      "Actual Loops": 4053,
                      "Index Cond": "(movie_id = t.id)",
                      "Rows Removed by Index Recheck": 0,
                      "Heap Fetches": 63234
                    }
                  ]
                }
              ]
            }
          ]
        }
      ]
    },
    "Planning Time": 0.245,
    "Triggers": [],
    "Execution Time": 204.056
  }
]