[
  {
    "Plan": {
      "Node Type": "Aggregate",
      "Strategy": "Plain",
      "Partial Mode": "Finalize",
      "Parallel Aware": false,
      "Startup Cost": 226432.14,
      "Total Cost": 226432.15,
      "Plan Rows": 1,
      "Plan Width": 8,
      "Actual Startup Time": 117.862,
      "Actual Total Time": 134.36,
      "Actual Rows": 1,
      "Actual Loops": 1,
      "Plans": [
        {
          "Node Type": "Gather",
          "Parent Relationship": "Outer",
          "Parallel Aware": false,
          "Startup Cost": 226431.72,
          "Total Cost": 226432.13,
          "Plan Rows": 4,
          "Plan Width": 8,
          "Actual Startup Time": 117.618,
          "Actual Total Time": 134.351,
          "Actual Rows": 5,
          "Actual Loops": 1,
          "Workers Planned": 4,
          "Workers Launched": 4,
          "Single Copy": false,
          "Plans": [
            {
              "Node Type": "Aggregate",
              "Strategy": "Plain",
              "Partial Mode": "Partial",
              "Parent Relationship": "Outer",
              "Parallel Aware": false,
              "Startup Cost": 225431.72,
              "Total Cost": 225431.73,
              "Plan Rows": 1,
              "Plan Width": 8,
              "Actual Startup Time": 113.107,
              "Actual Total Time": 113.109,
              "Actual Rows": 1,
              "Actual Loops": 5,
              "Plans": [
                {
                  "Node Type": "Nested Loop",
                  "Parent Relationship": "Outer",
                  "Parallel Aware": false,
                  "Join Type": "Inner",
                  "Startup Cost": 1806.53,
                  "Total Cost": 225348.64,
                  "Plan Rows": 33233,
                  "Plan Width": 0,
                  "Actual Startup Time": 4.776,
                  "Actual Total Time": 110.453,
                  "Actual Rows": 39002,
                  "Actual Loops": 5,
                  "Inner Unique": false,
                  "Plans": [
                    {
                      "Node Type": "Bitmap Heap Scan",
                      "Parent Relationship": "Outer",
                      "Parallel Aware": true,
                      "Relation Name": "title",
                      "Alias": "t",
                      "Startup Cost": 1806.09,
                      "Total Cost": 38182.08,
                      "Plan Rows": 5694,
                      "Plan Width": 4,
                      "Actual Startup Time": 4.681,
                      "Actual Total Time": 19.039,
                      "Actual Rows": 5494,
                      "Actual Loops": 5,
                      "Recheck Cond": "(kind_id = 3)",
                      "Rows Removed by Index Recheck": 0,
                      "Filter": "(production_year < 1984)",
                      "Rows Removed by Filter": 14613,
                      "Exact Heap Blocks": 5026,
                      "Lossy Heap Blocks": 0,
                      "Plans": [
                        {
                          "Node Type": "Bitmap Index Scan",
                          "Parent Relationship": "Outer",
                          "Parallel Aware": false,
                          "Index Name": "kind_id_title",
                          "Startup Cost": 0.0,
                          "Total Cost": 1800.4,
                          "Plan Rows": 100796,
                          "Plan Width": 0,
                          "Actual Startup Time": 6.062,
                          "Actual Total Time": 6.063,
                          "Actual Rows": 100537,
                          "Actual Loops": 1,
                          "Index Cond": "(kind_id = 3)"
                        }
                      ]
                    },
                    {
                      "Node Type": "Index Only Scan",
                      "Parent Relationship": "Inner",
                      "Parallel Aware": false,
                      "Scan Direction": "Forward",
                      "Index Name": "movie_id_movie_info",
                      "Relation Name": "movie_info",
                      "Alias": "mi",
                      "Startup Cost": 0.43,
                      "Total Cost": 32.48,
                      "Plan Rows": 39,
                      "Plan Width": 4,
                      "Actual Startup Time": 0.007,
                      "Actual Total Time": 0.016,
                      "Actual Rows": 7,
                      "Actual Loops": 27471,
                      "Index Cond": "(movie_id = t.id)",
                      "Rows Removed by Index Recheck": 0,
                      "Heap Fetches": 195010
                    }
                  ]
                }
              ]
            }
          ]
        }
      ]
    },
    "Planning Time": 0.254,
    "Triggers": [],
    "Execution Time": 134.41
  }
]