[
  {
    "Plan": {
      "Node Type": "Aggregate",
      "Strategy": "Plain",
      "Partial Mode": "Finalize",
      "Parallel Aware": false,
      "Startup Cost": 98345.8,
      "Total Cost": 98345.81,
      "Plan Rows": 1,
      "Plan Width": 8,
      "Actual Startup Time": 495.525,
      "Actual Total Time": 514.437,
      "Actual Rows": 1,
      "Actual Loops": 1,
      "Plans": [
        {
          "Node Type": "Gather",
          "Parent Relationship": "Outer",
          "Parallel Aware": false,
          "Startup Cost": 98345.49,
          "Total Cost": 98345.8,
          "Plan Rows": 3,
          "Plan Width": 8,
          "Actual Startup Time": 491.364,
          "Actual Total Time": 514.43,
          "Actual Rows": 4,
          "Actual Loops": 1,
          "Workers Planned": 3,
          "Workers Launched": 3,
          "Single Copy": false,
          "Plans": [
            {
              "Node Type": "Aggregate",
              "Strategy": "Plain",
              "Partial Mode": "Partial",
              "Parent Relationship": "Outer",
              "Parallel Aware": false,
              "Startup Cost": 97345.49,
              "Total Cost": 97345.5,
              "Plan Rows": 1,
              "Plan Width": 8,
              "Actual Startup Time": 478.758,
              "Actual Total Time": 478.761,
              "Actual Rows": 1,
              "Actual Loops": 4,
              "Plans": [
                {
                  "Node Type": "Hash Join",
                  "Parent Relationship": "Outer",
                  "Parallel Aware": true,
                  "Join Type": "Inner",
                  "Startup Cost": 49402.46,
                  "Total Cost": 95660.67,
                  "Plan Rows": 673926,
                  "Plan Width": 0,
                  "Actual Startup Time": 242.261,
                  "Actual Total Time": 472.88,
                  "Actual Rows": 132583,
                  "Actual Loops": 4,
                  "Inner Unique": true,
                  "Hash Cond": "(mk.movie_id = t.id)",
                  "Plans": [
                    {
                      "Node Type": "Seq Scan",
                      "Parent Relationship": "Outer",
                      "Parallel Aware": true,
                      "Relation Name": "movie_keyword",
                      "Alias": "mk",
                      "Startup Cost": 0.0,
                      "Total Cost": 42695.65,
                      "Plan Rows": 1357160,
                      "Plan Width": 4,
                      "Actual Startup Time": 0.029,
                      "Actual Total Time": 120.279,
                      "Actual Rows": 1053194,
                      "Actual Loops": 4,
                      "Filter": "(keyword_id < 52466)",
                      "Rows Removed by Filter": 77788
                    },
                    {
                      "Node Type": "Hash",
                      "Parent Relationship": "Inner",
                      "Parallel Aware": true,
                      "Startup Cost": 45479.1,
                      "Total Cost": 45479.1,
                      "Plan Rows": 313869,
                      "Plan Width": 4,
                      "Actual Startup Time": 234.416,
                      "Actual Total Time": 234.417,
                      "Actual Rows": 305384,
                      "Actual Loops": 4,
                      "Hash Buckets": 2097152,
                      "Original Hash Buckets": 2097152,
                      "Hash Batches": 1,
                      "Original Hash Batches": 1,
                      "Peak Memory Usage": 64256,
                      "Plans": [
                        {
                          "Node Type": "Seq Scan",
                          "Parent Relationship": "Outer",
                          "Parallel Aware": true,
                          "Relation Name": "title",
                          "Alias": "t",
                          "Startup Cost": 0.0,
                          "Total Cost": 45479.1,
                          "Plan Rows": 313869,
                          "Plan Width": 4,
                          "Actual Startup Time": 0.036,
                          "Actual Total Time": 112.905,
                          "Actual Rows": 305384,
                          "Actual Loops": 4,
                          "Filter": "((production_year < 2011) AND (kind_id = 7))",
                          "Rows Removed by Filter": 326694
                        }
                      ]
                    }
                  ]
                }
              ]
            }
          ]
        }
      ]
    },
    "Planning Time": 0.601,
    "Triggers": [],
    "Execution Time": 514.504
  }
]