{
    "Plan": {
        "Node Type": "Aggregate",
        "Strategy": "Plain",
        "Partial Mode": "Finalize",
        "Parallel Aware": false,
        "Startup Cost": 95958.35,
        "Total Cost": 95958.36,
        "Plan Rows": 1,
        "Plan Width": 8,
        "Actual Startup Time": 383.045,
        "Actual Total Time": 399.933,
        "Actual Rows": 1,
        "Actual Loops": 1,
        "Output": [
            "count(*)"
        ],
        "Plans": [
            {
                "Node Type": "Gather",
                "Parent Relationship": "Outer",
                "Parallel Aware": false,
                "Startup Cost": 95958.03,
                "Total Cost": 95958.34,
                "Plan Rows": 3,
                "Plan Width": 8,
                "Actual Startup Time": 379.536,
                "Actual Total Time": 399.924,
                "Actual Rows": 4,
                "Actual Loops": 1,
                "Output": [
                    "(PARTIAL count(*))"
                ],
                "Workers Planned": 3,
                "Workers Launched": 3,
                "Single Copy": false,
                "Plans": [
                    {
                        "Node Type": "Aggregate",
                        "Strategy": "Plain",
                        "Partial Mode": "Partial",
                        "Parent Relationship": "Outer",
                        "Parallel Aware": false,
                        "Startup Cost": 94958.03,
                        "Total Cost": 94958.04,
                        "Plan Rows": 1,
                        "Plan Width": 8,
                        "Actual Startup Time": 371.206,
                        "Actual Total Time": 371.407,
                        "Actual Rows": 1,
                        "Actual Loops": 4,
                        "Output": [
                            "PARTIAL count(*)"
                        ],
                        "Workers": [
                            {
                                "Worker Number": 0,
                                "Actual Startup Time": 366.233,
                                "Actual Total Time": 366.237,
                                "Actual Rows": 1,
                                "Actual Loops": 1
                            },
                            {
                                "Worker Number": 1,
                                "Actual Startup Time": 374.031,
                                "Actual Total Time": 374.037,
                                "Actual Rows": 1,
                                "Actual Loops": 1
                            },
                            {
                                "Worker Number": 2,
                                "Actual Startup Time": 365.791,
                                "Actual Total Time": 365.796,
                                "Actual Rows": 1,
                                "Actual Loops": 1
                            }
                        ],
                        "Plans": [
                            {
                                "Node Type": "Hash Join",
                                "Parent Relationship": "Outer",
                                "Parallel Aware": true,
                                "Join Type": "Inner",
                                "Startup Cost": 63756.77,
                                "Total Cost": 94903.6,
                                "Plan Rows": 21775,
                                "Plan Width": 0,
                                "Actual Startup Time": 254.672,
                                "Actual Total Time": 366.59,
                                "Actual Rows": 123804,
                                "Actual Loops": 4,
                                "Inner Unique": false,
                                "Hash Cond": "(mc.movie_id = t.id)",
                                "Workers": [
                                    {
                                        "Worker Number": 0,
                                        "Actual Startup Time": 249.37,
                                        "Actual Total Time": 361.443,
                                        "Actual Rows": 121985,
                                        "Actual Loops": 1
                                    },
                                    {
                                        "Worker Number": 1,
                                        "Actual Startup Time": 257.614,
                                        "Actual Total Time": 369.775,
                                        "Actual Rows": 109060,
                                        "Actual Loops": 1
                                    },
                                    {
                                        "Worker Number": 2,
                                        "Actual Startup Time": 249.37,
                                        "Actual Total Time": 361.025,
                                        "Actual Rows": 122081,
                                        "Actual Loops": 1
                                    }
                                ],
                                "Plans": [
                                    {
                                        "Node Type": "Seq Scan",
                                        "Parent Relationship": "Outer",
                                        "Parallel Aware": true,
                                        "Relation Name": "movie_companies",
                                        "Schema": "public",
                                        "Alias": "mc",
                                        "Startup Cost": 0.0,
                                        "Total Cost": 29310.68,
                                        "Plan Rows": 465444,
                                        "Plan Width": 4,
                                        "Actual Startup Time": 6.906,
                                        "Actual Total Time": 65.237,
                                        "Actual Rows": 361384,
                                        "Actual Loops": 4,
                                        "Output": [
                                            "mc.id",
                                            "mc.movie_id",
                                            "mc.company_id",
                                            "mc.company_type_id",
                                            "mc.note"
                                        ],
                                        "Filter": "(mc.company_id > 9646)",
                                        "Rows Removed by Filter": 290898,
                                        "Workers": [
                                            {
                                                "Worker Number": 0,
                                                "Actual Startup Time": 6.917,
                                                "Actual Total Time": 66.512,
                                                "Actual Rows": 356929,
                                                "Actual Loops": 1
                                            },
                                            {
                                                "Worker Number": 1,
                                                "Actual Startup Time": 6.921,
                                                "Actual Total Time": 63.869,
                                                "Actual Rows": 318610,
                                                "Actual Loops": 1
                                            },
                                            {
                                                "Worker Number": 2,
                                                "Actual Startup Time": 6.852,
                                                "Actual Total Time": 66.206,
                                                "Actual Rows": 355919,
                                                "Actual Loops": 1
                                            }
                                        ]
                                    },
                                    {
                                        "Node Type": "Hash",
                                        "Parent Relationship": "Inner",
                                        "Parallel Aware": true,
                                        "Startup Cost": 63140.72,
                                        "Total Cost": 63140.72,
                                        "Plan Rows": 49284,
                                        "Plan Width": 8,
                                        "Actual Startup Time": 243.195,
                                        "Actual Total Time": 243.394,
                                        "Actual Rows": 52535,
                                        "Actual Loops": 4,
                                        "Output": [
                                            "t.id",
                                            "mi_idx.movie_id"
                                        ],
                                        "Hash Buckets": 262144,
                                        "Original Hash Buckets": 131072,
                                        "Hash Batches": 1,
                                        "Original Hash Batches": 1,
                                        "Peak Memory Usage": 11360,
                                        "Workers": [
                                            {
                                                "Worker Number": 0,
                                                "Actual Startup Time": 239.117,
                                                "Actual Total Time": 239.12,
                                                "Actual Rows": 53722,
                                                "Actual Loops": 1
                                            },
                                            {
                                                "Worker Number": 1,
                                                "Actual Startup Time": 247.656,
                                                "Actual Total Time": 247.66,
                                                "Actual Rows": 45098,
                                                "Actual Loops": 1
                                            },
                                            {
                                                "Worker Number": 2,
                                                "Actual Startup Time": 239.023,
                                                "Actual Total Time": 239.027,
                                                "Actual Rows": 53902,
                                                "Actual Loops": 1
                                            }
                                        ],
                                        "Plans": [
                                            {
                                                "Node Type": "Hash Join",
                                                "Parent Relationship": "Outer",
                                                "Parallel Aware": true,
                                                "Join Type": "Inner",
                                                "Startup Cost": 47516.26,
                                                "Total Cost": 63140.72,
                                                "Plan Rows": 49284,
                                                "Plan Width": 8,
                                                "Actual Startup Time": 181.565,
                                                "Actual Total Time": 225.882,
                                                "Actual Rows": 52535,
                                                "Actual Loops": 4,
                                                "Output": [
                                                    "t.id",
                                                    "mi_idx.movie_id"
                                                ],
                                                "Inner Unique": true,
                                                "Hash Cond": "(mi_idx.movie_id = t.id)",
                                                "Workers": [
                                                    {
                                                        "Worker Number": 0,
                                                        "Actual Startup Time": 177.624,
                                                        "Actual Total Time": 221.808,
                                                        "Actual Rows": 53722,
                                                        "Actual Loops": 1
                                                    },
                                                    {
                                                        "Worker Number": 1,
                                                        "Actual Startup Time": 185.497,
                                                        "Actual Total Time": 229.258,
                                                        "Actual Rows": 45098,
                                                        "Actual Loops": 1
                                                    },
                                                    {
                                                        "Worker Number": 2,
                                                        "Actual Startup Time": 177.619,
                                                        "Actual Total Time": 222.356,
                                                        "Actual Rows": 53902,
                                                        "Actual Loops": 1
                                                    }
                                                ],
                                                "Plans": [
                                                    {
                                                        "Node Type": "Seq Scan",
                                                        "Parent Relationship": "Outer",
                                                        "Parallel Aware": true,
                                                        "Relation Name": "movie_info_idx",
                                                        "Schema": "public",
                                                        "Alias": "mi_idx",
                                                        "Startup Cost": 0.0,
                                                        "Total Cost": 15122.68,
                                                        "Plan Rows": 191154,
                                                        "Plan Width": 4,
                                                        "Actual Startup Time": 0.01,
                                                        "Actual Total Time": 30.363,
                                                        "Actual Rows": 115046,
                                                        "Actual Loops": 4,
                                                        "Output": [
                                                            "mi_idx.id",
                                                            "mi_idx.movie_id",
                                                            "mi_idx.info_type_id",
                                                            "mi_idx.info",
                                                            "mi_idx.note"
                                                        ],
                                                        "Filter": "(mi_idx.info_type_id > 100)",
                                                        "Rows Removed by Filter": 229962,
                                                        "Workers": [
                                                            {
                                                                "Worker Number": 0,
                                                                "Actual Startup Time": 0.009,
                                                                "Actual Total Time": 31.542,
                                                                "Actual Rows": 116931,
                                                                "Actual Loops": 1
                                                            },
                                                            {
                                                                "Worker Number": 1,
                                                                "Actual Startup Time": 0.012,
                                                                "Actual Total Time": 29.524,
                                                                "Actual Rows": 98552,
                                                                "Actual Loops": 1
                                                            },
                                                            {
                                                                "Worker Number": 2,
                                                                "Actual Startup Time": 0.009,
                                                                "Actual Total Time": 31.567,
                                                                "Actual Rows": 117292,
                                                                "Actual Loops": 1
                                                            }
                                                        ]
                                                    },
                                                    {
                                                        "Node Type": "Hash",
                                                        "Parent Relationship": "Inner",
                                                        "Parallel Aware": true,
                                                        "Startup Cost": 45479.21,
                                                        "Total Cost": 45479.21,
                                                        "Plan Rows": 162964,
                                                        "Plan Width": 4,
                                                        "Actual Startup Time": 154.097,
                                                        "Actual Total Time": 154.098,
                                                        "Actual Rows": 164078,
                                                        "Actual Loops": 4,
                                                        "Output": [
                                                            "t.id"
                                                        ],
                                                        "Hash Buckets": 1048576,
                                                        "Original Hash Buckets": 1048576,
                                                        "Hash Batches": 1,
                                                        "Original Hash Batches": 1,
                                                        "Peak Memory Usage": 33920,
                                                        "Workers": [
                                                            {
                                                                "Worker Number": 0,
                                                                "Actual Startup Time": 153.887,
                                                                "Actual Total Time": 153.888,
                                                                "Actual Rows": 162660,
                                                                "Actual Loops": 1
                                                            },
                                                            {
                                                                "Worker Number": 1,
                                                                "Actual Startup Time": 161.728,
                                                                "Actual Total Time": 161.729,
                                                                "Actual Rows": 145143,
                                                                "Actual Loops": 1
                                                            },
                                                            {
                                                                "Worker Number": 2,
                                                                "Actual Startup Time": 153.841,
                                                                "Actual Total Time": 153.842,
                                                                "Actual Rows": 163278,
                                                                "Actual Loops": 1
                                                            }
                                                        ],
                                                        "Plans": [
                                                            {
                                                                "Node Type": "Seq Scan",
                                                                "Parent Relationship": "Outer",
                                                                "Parallel Aware": true,
                                                                "Relation Name": "title",
                                                                "Schema": "public",
                                                                "Alias": "t",
                                                                "Startup Cost": 0.0,
                                                                "Total Cost": 45479.21,
                                                                "Plan Rows": 162964,
                                                                "Plan Width": 4,
                                                                "Actual Startup Time": 42.949,
                                                                "Actual Total Time": 97.334,
                                                                "Actual Rows": 164078,
                                                                "Actual Loops": 4,
                                                                "Output": [
                                                                    "t.id"
                                                                ],
                                                                "Filter": "((t.kind_id < 2) AND (t.production_year > 0))",
                                                                "Rows Removed by Filter": 468000,
                                                                "Workers": [
                                                                    {
                                                                        "Worker Number": 0,
                                                                        "Actual Startup Time": 55.136,
                                                                        "Actual Total Time": 98.89,
                                                                        "Actual Rows": 162660,
                                                                        "Actual Loops": 1
                                                                    },
                                                                    {
                                                                        "Worker Number": 1,
                                                                        "Actual Startup Time": 6.304,
                                                                        "Actual Total Time": 95.912,
                                                                        "Actual Rows": 145143,
                                                                        "Actual Loops": 1
                                                                    },
                                                                    {
                                                                        "Worker Number": 2,
                                                                        "Actual Startup Time": 55.188,
                                                                        "Actual Total Time": 98.838,
                                                                        "Actual Rows": 163278,
                                                                        "Actual Loops": 1
                                                                    }
                                                                ]
                                                            }
                                                        ]
                                                    }
                                                ]
                                            }
                                        ]
                                    }
                                ]
                            }
                        ]
                    }
                ]
            }
        ]
    },
    "Planning Time": 1.606,
    "Triggers": [],
    "Execution Time": 400.016
}