[
  {
    "Plan": {
      "Node Type": "Aggregate",
      "Strategy": "Plain",
      "Partial Mode": "Finalize",
      "Parallel Aware": false,
      "Startup Cost": 31505.2,
      "Total Cost": 31505.21,
      "Plan Rows": 1,
      "Plan Width": 8,
      "Actual Startup Time": 98.922,
      "Actual Total Time": 106.918,
      "Actual Rows": 1,
      "Actual Loops": 1,
      "Plans": [
        {
          "Node Type": "Gather",
          "Parent Relationship": "Outer",
          "Parallel Aware": false,
          "Startup Cost": 31504.89,
          "Total Cost": 31505.2,
          "Plan Rows": 3,
          "Plan Width": 8,
          "Actual Startup Time": 98.762,
          "Actual Total Time": 106.905,
          "Actual Rows": 4,
          "Actual Loops": 1,
          "Workers Planned": 3,
          "Workers Launched": 3,
          "Single Copy": false,
          "Plans": [
            {
              "Node Type": "Aggregate",
              "Strategy": "Plain",
              "Partial Mode": "Partial",
              "Parent Relationship": "Outer",
              "Parallel Aware": false,
              "Startup Cost": 30504.89,
              "Total Cost": 30504.9,
              "Plan Rows": 1,
              "Plan Width": 8,
              "Actual Startup Time": 93.804,
              "Actual Total Time": 93.806,
              "Actual Rows": 1,
              "Actual Loops": 4,
              "Plans": [
                {
                  "Node Type": "Seq Scan",
                  "Parent Relationship": "Outer",
                  "Parallel Aware": true,
                  "Relation Name": "movie_companies",
                  "Alias": "mc",
                  "Startup Cost": 0.0,
                  "Total Cost": 29310.68,
                  "Plan Rows": 477682,
                  "Plan Width": 0,
                  "Actual Startup Time": 7.3,
                  "Actual Total Time": 76.556,
                  "Actual Rows": 368144,
                  "Actual Loops": 4,
                  "Filter": "(company_id > 8434)",
                  "Rows Removed by Filter": 284139
                }
              ]
            }
          ]
        }
      ]
    },
    "Planning Time": 0.133,
    "Triggers": [],
    "Execution Time": 106.986
  }
]