[
  {
    "Plan": {
      "Node Type": "Aggregate",
      "Strategy": "Plain",
      "Partial Mode": "Finalize",
      "Parallel Aware": false,
      "Startup Cost": 31497.55,
      "Total Cost": 31497.56,
      "Plan Rows": 1,
      "Plan Width": 8,
      "Actual Startup Time": 106.761,
      "Actual Total Time": 114.879,
      "Actual Rows": 1,
      "Actual Loops": 1,
      "Plans": [
        {
          "Node Type": "Gather",
          "Parent Relationship": "Outer",
          "Parallel Aware": false,
          "Startup Cost": 31497.24,
          "Total Cost": 31497.55,
          "Plan Rows": 3,
          "Plan Width": 8,
          "Actual Startup Time": 106.637,
          "Actual Total Time": 114.871,
          "Actual Rows": 4,
          "Actual Loops": 1,
          "Workers Planned": 3,
          "Workers Launched": 3,
          "Single Copy": false,
          "Plans": [
            {
              "Node Type": "Aggregate",
              "Strategy": "Plain",
              "Partial Mode": "Partial",
              "Parent Relationship": "Outer",
              "Parallel Aware": false,
              "Startup Cost": 30497.24,
              "Total Cost": 30497.25,
              "Plan Rows": 1,
              "Plan Width": 8,
              "Actual Startup Time": 97.393,
              "Actual Total Time": 97.394,
              "Actual Rows": 1,
              "Actual Loops": 4,
              "Plans": [
                {
                  "Node Type": "Seq Scan",
                  "Parent Relationship": "Outer",
                  "Parallel Aware": true,
                  "Relation Name": "movie_companies",
                  "Alias": "mc",
                  "Startup Cost": 0.0,
                  "Total Cost": 29310.68,
                  "Plan Rows": 474622,
                  "Plan Width": 0,
                  "Actual Startup Time": 15.196,
                  "Actual Total Time": 81.998,
                  "Actual Rows": 368144,
                  "Actual Loops": 4,
                  "Filter": "(company_id > 8434)",
                  "Rows Removed by Filter": 284139
                }
              ]
            }
          ]
        }
      ]
    },
    "Planning Time": 0.191,
    "Triggers": [],
    "Execution Time": 114.937
  }
]