[
  {
    "Plan": {
      "Node Type": "Aggregate",
      "Strategy": "Plain",
      "Partial Mode": "Finalize",
      "Parallel Aware": false,
      "Startup Cost": 222154.35,
      "Total Cost": 222154.36,
      "Plan Rows": 1,
      "Plan Width": 8,
      "Actual Startup Time": 158.752,
      "Actual Total Time": 177.077,
      "Actual Rows": 1,
      "Actual Loops": 1,
      "Plans": [
        {
          "Node Type": "Gather",
          "Parent Relationship": "Outer",
          "Parallel Aware": false,
          "Startup Cost": 222153.93,
          "Total Cost": 222154.34,
          "Plan Rows": 4,
          "Plan Width": 8,
          "Actual Startup Time": 158.461,
          "Actual Total Time": 177.068,
          "Actual Rows": 5,
          "Actual Loops": 1,
          "Workers Planned": 4,
          "Workers Launched": 4,
          "Single Copy": false,
          "Plans": [
            {
              "Node Type": "Aggregate",
              "Strategy": "Plain",
              "Partial Mode": "Partial",
              "Parent Relationship": "Outer",
              "Parallel Aware": false,
              "Startup Cost": 221153.93,
              "Total Cost": 221153.94,
              "Plan Rows": 1,
              "Plan Width": 8,
              "Actual Startup Time": 151.262,
              "Actual Total Time": 151.265,
              "Actual Rows": 1,
              "Actual Loops": 5,
              "Plans": [
                {
                  "Node Type": "Nested Loop",
                  "Parent Relationship": "Outer",
                  "Parallel Aware": false,
                  "Join Type": "Inner",
                  "Startup Cost": 0.43,
                  "Total Cost": 221124.37,
                  "Plan Rows": 11823,
                  "Plan Width": 0,
                  "Actual Startup Time": 0.23,
                  "Actual Total Time": 150.514,
                  "Actual Rows": 5828,
                  "Actual Loops": 5,
                  "Inner Unique": false,
                  "Plans": [
                    {
                      "Node Type": "Seq Scan",
                      "Parent Relationship": "Outer",
                      "Parallel Aware": true,
                      "Relation Name": "title",
                      "Alias": "t",
                      "Startup Cost": 0.0,
                      "Total Cost": 45479.59,
                      "Plan Rows": 3032,
                      "Plan Width": 4,
                      "Actual Startup Time": 0.064,
                      "Actual Total Time": 89.462,
                      "Actual Rows": 2318,
                      "Actual Loops": 5,
                      "Filter": "((kind_id = 7) AND (production_year = 1986))",
                      "Rows Removed by Filter": 503345
                    },
                    {
                      "Node Type": "Index Scan",
                      "Parent Relationship": "Inner",
                      "Parallel Aware": false,
                      "Scan Direction": "Forward",
                      "Index Name": "movie_id_movie_info",
                      "Relation Name": "movie_info",
                      "Alias": "mi",
                      "Startup Cost": 0.43,
                      "Total Cost": 57.66,
                      "Plan Rows": 27,
                      "Plan Width": 4,
                      "Actual Startup Time": 0.021,
                      "Actual Total Time": 0.025,
                      "Actual Rows": 3,
                      "Actual Loops": 11588,
                      "Index Cond": "(movie_id = t.id)",
                      "Rows Removed by Index Recheck": 0,
                      "Filter": "(info_type_id > 4)",
                      "Rows Removed by Filter": 1
                    }
                  ]
                }
              ]
            }
          ]
        }
      ]
    },
    "Planning Time": 0.29,
    "Triggers": [],
    "Execution Time": 177.116
  }
]