{
    "Plan": {
        "Node Type": "Aggregate",
        "Strategy": "Plain",
        "Partial Mode": "Finalize",
        "Parallel Aware": false,
        "Startup Cost": 32653.67,
        "Total Cost": 32653.68,
        "Plan Rows": 1,
        "Plan Width": 8,
        "Actual Startup Time": 114.285,
        "Actual Total Time": 125.072,
        "Actual Rows": 1,
        "Actual Loops": 1,
        "Output": [
            "count(*)"
        ],
        "Plans": [
            {
                "Node Type": "Gather",
                "Parent Relationship": "Outer",
                "Parallel Aware": false,
                "Startup Cost": 32653.35,
                "Total Cost": 32653.66,
                "Plan Rows": 3,
                "Plan Width": 8,
                "Actual Startup Time": 114.14,
                "Actual Total Time": 125.062,
                "Actual Rows": 4,
                "Actual Loops": 1,
                "Output": [
                    "(PARTIAL count(*))"
                ],
                "Workers Planned": 3,
                "Workers Launched": 3,
                "Single Copy": false,
                "Plans": [
                    {
                        "Node Type": "Aggregate",
                        "Strategy": "Plain",
                        "Partial Mode": "Partial",
                        "Parent Relationship": "Outer",
                        "Parallel Aware": false,
                        "Startup Cost": 31653.35,
                        "Total Cost": 31653.36,
                        "Plan Rows": 1,
                        "Plan Width": 8,
                        "Actual Startup Time": 107.129,
                        "Actual Total Time": 107.13,
                        "Actual Rows": 1,
                        "Actual Loops": 4,
                        "Output": [
                            "PARTIAL count(*)"
                        ],
                        "Workers": [
                            {
                                "Worker Number": 0,
                                "Actual Startup Time": 102.764,
                                "Actual Total Time": 102.766,
                                "Actual Rows": 1,
                                "Actual Loops": 1
                            },
                            {
                                "Worker Number": 1,
                                "Actual Startup Time": 108.656,
                                "Actual Total Time": 108.658,
                                "Actual Rows": 1,
                                "Actual Loops": 1
                            },
                            {
                                "Worker Number": 2,
                                "Actual Startup Time": 103.548,
                                "Actual Total Time": 103.55,
                                "Actual Rows": 1,
                                "Actual Loops": 1
                            }
                        ],
                        "Plans": [
                            {
                                "Node Type": "Seq Scan",
                                "Parent Relationship": "Outer",
                                "Parallel Aware": true,
                                "Relation Name": "movie_companies",
                                "Schema": "public",
                                "Alias": "mc",
                                "Startup Cost": 0.0,
                                "Total Cost": 31414.82,
                                "Plan Rows": 95412,
                                "Plan Width": 0,
                                "Actual Startup Time": 0.053,
                                "Actual Total Time": 99.303,
                                "Actual Rows": 108543,
                                "Actual Loops": 4,
                                "Output": [
                                    "id",
                                    "movie_id",
                                    "company_id",
                                    "company_type_id",
                                    "note"
                                ],
                                "Filter": "((mc.company_id < 698) AND (mc.company_type_id < 2))",
                                "Rows Removed by Filter": 543739,
                                "Workers": [
                                    {
                                        "Worker Number": 0,
                                        "Actual Startup Time": 0.073,
                                        "Actual Total Time": 95.559,
                                        "Actual Rows": 77647,
                                        "Actual Loops": 1
                                    },
                                    {
                                        "Worker Number": 1,
                                        "Actual Startup Time": 0.032,
                                        "Actual Total Time": 100.608,
                                        "Actual Rows": 121917,
                                        "Actual Loops": 1
                                    },
                                    {
                                        "Worker Number": 2,
                                        "Actual Startup Time": 0.075,
                                        "Actual Total Time": 96.343,
                                        "Actual Rows": 79554,
                                        "Actual Loops": 1
                                    }
                                ]
                            }
                        ]
                    }
                ]
            }
        ]
    },
    "Planning Time": 1.05,
    "Triggers": [],
    "Execution Time": 125.228
}