[
  {
    "Plan": {
      "Node Type": "Aggregate",
      "Strategy": "Plain",
      "Partial Mode": "Finalize",
      "Parallel Aware": false,
      "Startup Cost": 83318.42,
      "Total Cost": 83318.43,
      "Plan Rows": 1,
      "Plan Width": 8,
      "Actual Startup Time": 367.75,
      "Actual Total Time": 385.246,
      "Actual Rows": 1,
      "Actual Loops": 1,
      "Plans": [
        {
          "Node Type": "Gather",
          "Parent Relationship": "Outer",
          "Parallel Aware": false,
          "Startup Cost": 83318.0,
          "Total Cost": 83318.41,
          "Plan Rows": 4,
          "Plan Width": 8,
          "Actual Startup Time": 360.99,
          "Actual Total Time": 385.234,
          "Actual Rows": 5,
          "Actual Loops": 1,
          "Workers Planned": 4,
          "Workers Launched": 4,
          "Single Copy": false,
          "Plans": [
            {
              "Node Type": "Aggregate",
              "Strategy": "Plain",
              "Partial Mode": "Partial",
              "Parent Relationship": "Outer",
              "Parallel Aware": false,
              "Startup Cost": 82318.0,
              "Total Cost": 82318.01,
              "Plan Rows": 1,
              "Plan Width": 8,
              "Actual Startup Time": 350.987,
              "Actual Total Time": 350.99,
              "Actual Rows": 1,
              "Actual Loops": 5,
              "Plans": [
                {
                  "Node Type": "Hash Join",
                  "Parent Relationship": "Outer",
                  "Parallel Aware": true,
                  "Join Type": "Inner",
                  "Startup Cost": 35417.83,
                  "Total Cost": 81697.53,
                  "Plan Rows": 248187,
                  "Plan Width": 0,
                  "Actual Startup Time": 136.568,
                  "Actual Total Time": 343.396,
                  "Actual Rows": 169839,
                  "Actual Loops": 5,
                  "Inner Unique": false,
                  "Hash Cond": "(t.id = mc.movie_id)",
                  "Plans": [
                    {
                      "Node Type": "Seq Scan",
                      "Parent Relationship": "Outer",
                      "Parallel Aware": true,
                      "Relation Name": "title",
                      "Alias": "t",
                      "Startup Cost": 0.0,
                      "Total Cost": 42318.73,
                      "Plan Rows": 632073,
                      "Plan Width": 4,
                      "Actual Startup Time": 0.011,
                      "Actual Total Time": 68.099,
                      "Actual Rows": 505662,
                      "Actual Loops": 5
                    },
                    {
                      "Node Type": "Hash",
                      "Parent Relationship": "Inner",
                      "Parallel Aware": true,
                      "Startup Cost": 31414.82,
                      "Total Cost": 31414.82,
                      "Plan Rows": 320241,
                      "Plan Width": 4,
                      "Actual Startup Time": 131.999,
                      "Actual Total Time": 132.0,
                      "Actual Rows": 169839,
                      "Actual Loops": 5,
                      "Hash Buckets": 1048576,
                      "Original Hash Buckets": 1048576,
                      "Hash Batches": 1,
                      "Original Hash Batches": 1,
                      "Peak Memory Usage": 41504,
                      "Plans": [
                        {
                          "Node Type": "Seq Scan",
                          "Parent Relationship": "Outer",
                          "Parallel Aware": true,
                          "Relation Name": "movie_companies",
                          "Alias": "mc",
                          "Startup Cost": 0.0,
                          "Total Cost": 31414.82,
                          "Plan Rows": 320241,
                          "Plan Width": 4,
                          "Actual Startup Time": 0.397,
                          "Actual Total Time": 74.239,
                          "Actual Rows": 169839,
                          "Actual Loops": 5,
                          "Filter": "((company_id > 666) AND (company_type_id = 1))",
                          "Rows Removed by Filter": 351987
                        }
                      ]
                    }
                  ]
                }
              ]
            }
          ]
        }
      ]
    },
    "Planning Time": 0.703,
    "Triggers": [],
    "Execution Time": 385.318
  }
]