{
  "Plan": {
    "Node Type": "Aggregate",
    "Strategy": "Plain",
    "Partial Mode": "Finalize",
    "Parallel Aware": false,
    "Startup Cost": 124094.13,
    "Total Cost": 124094.14,
    "Plan Rows": 1,
    "Plan Width": 8,
    "Actual Startup Time": 518.791,
    "Actual Total Time": 532.532,
    "Actual Rows": 1,
    "Actual Loops": 1,
    "Plans": [
      {
        "Node Type": "Gather",
        "Parent Relationship": "Outer",
        "Parallel Aware": false,
        "Startup Cost": 124094.02,
        "Total Cost": 124094.13,
        "Plan Rows": 1,
        "Plan Width": 8,
        "Actual Startup Time": 517.796,
        "Actual Total Time": 532.524,
        "Actual Rows": 2,
        "Actual Loops": 1,
        "Workers Planned": 1,
        "Workers Launched": 1,
        "Single Copy": false,
        "Plans": [
          {
            "Node Type": "Aggregate",
            "Strategy": "Plain",
            "Partial Mode": "Partial",
            "Parent Relationship": "Outer",
            "Parallel Aware": false,
            "Startup Cost": 123094.02,
            "Total Cost": 123094.03,
            "Plan Rows": 1,
            "Plan Width": 8,
            "Actual Startup Time": 510.948,
            "Actual Total Time": 510.954,
            "Actual Rows": 1,
            "Actual Loops": 2,
            "Plans": [
              {
                "Node Type": "Hash Join",
                "Parent Relationship": "Outer",
                "Parallel Aware": true,
                "Join Type": "Inner",
                "Startup Cost": 80223.15,
                "Total Cost": 123041.11,
                "Plan Rows": 21165,
                "Plan Width": 0,
                "Actual Startup Time": 422.379,
                "Actual Total Time": 510.9,
                "Actual Rows": 558,
                "Actual Loops": 2,
                "Inner Unique": false,
                "Hash Cond": "(mc.movie_id = t.id)",
                "Plans": [
                  {
                    "Node Type": "Index Scan",
                    "Parent Relationship": "Outer",
                    "Parallel Aware": true,
                    "Scan Direction": "Forward",
                    "Index Name": "company_type_id_movie_companies",
                    "Relation Name": "movie_companies",
                    "Alias": "mc",
                    "Startup Cost": 0.43,
                    "Total Cost": 41574.35,
                    "Plan Rows": 298542,
                    "Plan Width": 4,
                    "Actual Startup Time": 34.172,
                    "Actual Total Time": 109.097,
                    "Actual Rows": 104068,
                    "Actual Loops": 2,
                    "Index Cond": "(company_type_id = 1)",
                    "Rows Removed by Index Recheck": 0,
                    "Filter": "(company_id > 15193)",
                    "Rows Removed by Filter": 533054
                  },
                  {
                    "Node Type": "Hash",
                    "Parent Relationship": "Inner",
                    "Parallel Aware": true,
                    "Startup Cost": 78904.78,
                    "Total Cost": 78904.78,
                    "Plan Rows": 105435,
                    "Plan Width": 8,
                    "Actual Startup Time": 382.539,
                    "Actual Total Time": 382.544,
                    "Actual Rows": 38966,
                    "Actual Loops": 2,
                    "Hash Buckets": 262144,
                    "Original Hash Buckets": 262144,
                    "Hash Batches": 1,
                    "Original Hash Batches": 1,
                    "Peak Memory Usage": 5120,
                    "Plans": [
                      {
                        "Node Type": "Hash Join",
                        "Parent Relationship": "Outer",
                        "Parallel Aware": true,
                        "Join Type": "Inner",
                        "Startup Cost": 60720.99,
                        "Total Cost": 78904.78,
                        "Plan Rows": 105435,
                        "Plan Width": 8,
                        "Actual Startup Time": 222.353,
                        "Actual Total Time": 374.074,
                        "Actual Rows": 38966,
                        "Actual Loops": 2,
                        "Inner Unique": true,
                        "Hash Cond": "(mi_idx.movie_id = t.id)",
                        "Plans": [
                          {
                            "Node Type": "Seq Scan",
                            "Parent Relationship": "Outer",
                            "Parallel Aware": true,
                            "Relation Name": "movie_info_idx",
                            "Alias": "mi_idx",
                            "Startup Cost": 0.0,
                            "Total Cost": 16052.85,
                            "Plan Rows": 811785,
                            "Plan Width": 4,
                            "Actual Startup Time": 0.02,
                            "Actual Total Time": 56.451,
                            "Actual Rows": 690018,
                            "Actual Loops": 2
                          },
                          {
                            "Node Type": "Hash",
                            "Parent Relationship": "Inner",
                            "Parallel Aware": true,
                            "Startup Cost": 58306.47,
                            "Total Cost": 58306.47,
                            "Plan Rows": 193162,
                            "Plan Width": 4,
                            "Actual Startup Time": 218.392,
                            "Actual Total Time": 218.393,
                            "Actual Rows": 175458,
                            "Actual Loops": 2,
                            "Hash Buckets": 524288,
                            "Original Hash Buckets": 524288,
                            "Hash Batches": 1,
                            "Original Hash Batches": 1,
                            "Peak Memory Usage": 17856,
                            "Plans": [
                              {
                                "Node Type": "Seq Scan",
                                "Parent Relationship": "Outer",
                                "Parallel Aware": true,
                                "Relation Name": "title",
                                "Alias": "t",
                                "Startup Cost": 0.0,
                                "Total Cost": 58306.47,
                                "Plan Rows": 193162,
                                "Plan Width": 4,
                                "Actual Startup Time": 0.031,
                                "Actual Total Time": 166.575,
                                "Actual Rows": 175458,
                                "Actual Loops": 2,
                                "Filter": "((kind_id > 4) AND (production_year > 2009))",
                                "Rows Removed by Filter": 1088698
                              }
                            ]
                          }
                        ]
                      }
                    ]
                  }
                ]
              }
            ]
          }
        ]
      }
    ]
  },
  "Planning Time": 1.079,
  "Triggers": [],
  "Execution Time": 532.625
}