{
  "Plan": {
    "Node Type": "Aggregate",
    "Strategy": "Plain",
    "Partial Mode": "Finalize",
    "Parallel Aware": false,
    "Startup Cost": 72362.52,
    "Total Cost": 72362.53,
    "Plan Rows": 1,
    "Plan Width": 8,
    "Actual Startup Time": 150.18,
    "Actual Total Time": 162.621,
    "Actual Rows": 1,
    "Actual Loops": 1,
    "Plans": [
      {
        "Node Type": "Gather",
        "Parent Relationship": "Outer",
        "Parallel Aware": false,
        "Startup Cost": 72362.41,
        "Total Cost": 72362.52,
        "Plan Rows": 1,
        "Plan Width": 8,
        "Actual Startup Time": 150.049,
        "Actual Total Time": 162.614,
        "Actual Rows": 2,
        "Actual Loops": 1,
        "Workers Planned": 1,
        "Workers Launched": 1,
        "Single Copy": false,
        "Plans": [
          {
            "Node Type": "Aggregate",
            "Strategy": "Plain",
            "Partial Mode": "Partial",
            "Parent Relationship": "Outer",
            "Parallel Aware": false,
            "Startup Cost": 71362.41,
            "Total Cost": 71362.42,
            "Plan Rows": 1,
            "Plan Width": 8,
            "Actual Startup Time": 144.015,
            "Actual Total Time": 144.017,
            "Actual Rows": 1,
            "Actual Loops": 2,
            "Plans": [
              {
                "Node Type": "Nested Loop",
                "Parent Relationship": "Outer",
                "Parallel Aware": false,
                "Join Type": "Inner",
                "Startup Cost": 0.43,
                "Total Cost": 71360.11,
                "Plan Rows": 919,
                "Plan Width": 0,
                "Actual Startup Time": 93.401,
                "Actual Total Time": 143.987,
                "Actual Rows": 196,
                "Actual Loops": 2,
                "Inner Unique": false,
                "Plans": [
                  {
                    "Node Type": "Seq Scan",
                    "Parent Relationship": "Outer",
                    "Parallel Aware": true,
                    "Relation Name": "title",
                    "Alias": "t",
                    "Startup Cost": 0.0,
                    "Total Cost": 54588.39,
                    "Plan Rows": 2528,
                    "Plan Width": 4,
                    "Actual Startup Time": 73.072,
                    "Actual Total Time": 135.388,
                    "Actual Rows": 2257,
                    "Actual Loops": 2,
                    "Filter": "(production_year = 1917)",
                    "Rows Removed by Filter": 1261899
                  },
                  {
                    "Node Type": "Index Scan",
                    "Parent Relationship": "Inner",
                    "Parallel Aware": false,
                    "Scan Direction": "Forward",
                    "Index Name": "movie_id_movie_info_idx",
                    "Relation Name": "movie_info_idx",
                    "Alias": "mi_idx",
                    "Startup Cost": 0.43,
                    "Total Cost": 6.61,
                    "Plan Rows": 2,
                    "Plan Width": 4,
                    "Actual Startup Time": 0.003,
                    "Actual Total Time": 0.004,
                    "Actual Rows": 0,
                    "Actual Loops": 4514,
                    "Index Cond": "(movie_id = t.id)",
                    "Rows Removed by Index Recheck": 0,
                    "Filter": "(info_type_id < 101)",
                    "Rows Removed by Filter": 0
                  }
                ]
              }
            ]
          }
        ]
      }
    ]
  },
  "Planning Time": 0.439,
  "Triggers": [],
  "Execution Time": 162.692
}