[
  {
    "Plan": {
      "Node Type": "Aggregate",
      "Strategy": "Plain",
      "Partial Mode": "Finalize",
      "Parallel Aware": false,
      "Startup Cost": 416118.06,
      "Total Cost": 416118.07,
      "Plan Rows": 1,
      "Plan Width": 8,
      "Actual Startup Time": 1889.652,
      "Actual Total Time": 1929.455,
      "Actual Rows": 1,
      "Actual Loops": 1,
      "Plans": [
        {
          "Node Type": "Gather",
          "Parent Relationship": "Outer",
          "Parallel Aware": false,
          "Startup Cost": 416117.44,
          "Total Cost": 416118.05,
          "Plan Rows": 6,
          "Plan Width": 8,
          "Actual Startup Time": 1882.268,
          "Actual Total Time": 1929.441,
          "Actual Rows": 7,
          "Actual Loops": 1,
          "Workers Planned": 6,
          "Workers Launched": 6,
          "Single Copy": false,
          "Plans": [
            {
              "Node Type": "Aggregate",
              "Strategy": "Plain",
              "Partial Mode": "Partial",
              "Parent Relationship": "Outer",
              "Parallel Aware": false,
              "Startup Cost": 415117.44,
              "Total Cost": 415117.45,
              "Plan Rows": 1,
              "Plan Width": 8,
              "Actual Startup Time": 1871.141,
              "Actual Total Time": 1871.41,
              "Actual Rows": 1,
              "Actual Loops": 7,
              "Plans": [
                {
                  "Node Type": "Hash Join",
                  "Parent Relationship": "Outer",
                  "Parallel Aware": true,
                  "Join Type": "Inner",
                  "Startup Cost": 78521.52,
                  "Total Cost": 414072.89,
                  "Plan Rows": 417818,
                  "Plan Width": 0,
                  "Actual Startup Time": 419.683,
                  "Actual Total Time": 1734.564,
                  "Actual Rows": 2154078,
                  "Actual Loops": 7,
                  "Inner Unique": false,
                  "Hash Cond": "(ci.movie_id = t.id)",
                  "Plans": [
                    {
                      "Node Type": "Index Scan",
                      "Parent Relationship": "Outer",
                      "Parallel Aware": true,
                      "Scan Direction": "Forward",
                      "Index Name": "role_id_cast_info",
                      "Relation Name": "cast_info",
                      "Alias": "ci",
                      "Startup Cost": 0.56,
                      "Total Cost": 326490.6,
                      "Plan Rows": 2056946,
                      "Plan Width": 4,
                      "Actual Startup Time": 0.813,
                      "Actual Total Time": 463.004,
                      "Actual Rows": 1730521,
                      "Actual Loops": 7,
                      "Index Cond": "(role_id > 3)",
                      "Rows Removed by Index Recheck": 0
                    },
                    {
                      "Node Type": "Hash",
                      "Parent Relationship": "Inner",
                      "Parallel Aware": true,
                      "Startup Cost": 76450.14,
                      "Total Cost": 76450.14,
                      "Plan Rows": 165665,
                      "Plan Width": 8,
                      "Actual Startup Time": 416.301,
                      "Actual Total Time": 416.567,
                      "Actual Rows": 99405,
                      "Actual Loops": 7,
                      "Hash Buckets": 1048576,
                      "Original Hash Buckets": 524288,
                      "Hash Batches": 1,
                      "Original Hash Batches": 1,
                      "Peak Memory Usage": 39616,
                      "Plans": [
                        {
                          "Node Type": "Hash Join",
                          "Parent Relationship": "Outer",
                          "Parallel Aware": true,
                          "Join Type": "Inner",
                          "Startup Cost": 47034.25,
                          "Total Cost": 76450.14,
                          "Plan Rows": 165665,
                          "Plan Width": 8,
                          "Actual Startup Time": 177.814,
                          "Actual Total Time": 331.171,
                          "Actual Rows": 99405,
                          "Actual Loops": 7,
                          "Inner Unique": true,
                          "Hash Cond": "(mc.movie_id = t.id)",
                          "Plans": [
                            {
                              "Node Type": "Seq Scan",
                              "Parent Relationship": "Outer",
                              "Parallel Aware": true,
                              "Relation Name": "movie_companies",
                              "Alias": "mc",
                              "Startup Cost": 0.0,
                              "Total Cost": 27206.55,
                              "Plan Rows": 841655,
                              "Plan Width": 4,
                              "Actual Startup Time": 0.042,
                              "Actual Total Time": 65.493,
                              "Actual Rows": 372733,
                              "Actual Loops": 7
                            },
                            {
                              "Node Type": "Hash",
                              "Parent Relationship": "Inner",
                              "Parallel Aware": true,
                              "Startup Cost": 45479.1,
                              "Total Cost": 45479.1,
                              "Plan Rows": 124412,
                              "Plan Width": 4,
                              "Actual Startup Time": 145.905,
                              "Actual Total Time": 145.907,
                              "Actual Rows": 52740,
                              "Actual Loops": 7,
                              "Hash Buckets": 524288,
                              "Original Hash Buckets": 524288,
                              "Hash Batches": 1,
                              "Original Hash Batches": 1,
                              "Peak Memory Usage": 18688,
                              "Plans": [
                                {
                                  "Node Type": "Seq Scan",
                                  "Parent Relationship": "Outer",
                                  "Parallel Aware": true,
                                  "Relation Name": "title",
                                  "Alias": "t",
                                  "Startup Cost": 0.0,
                                  "Total Cost": 45479.1,
                                  "Plan Rows": 124412,
                                  "Plan Width": 4,
                                  "Actual Startup Time": 52.439,
                                  "Actual Total Time": 106.144,
                                  "Actual Rows": 52740,
                                  "Actual Loops": 7,
                                  "Filter": "((production_year > 1983) AND (kind_id = 1))",
                                  "Rows Removed by Filter": 308448
                                }
                              ]
                            }
                          ]
                        }
                      ]
                    }
                  ]
                }
              ]
            }
          ]
        }
      ]
    },
    "Planning Time": 1.444,
    "Triggers": [],
    "Execution Time": 1929.558
  }
]