{
    "Plan": {
        "Node Type": "Aggregate",
        "Strategy": "Plain",
        "Partial Mode": "Finalize",
        "Parallel Aware": false,
        "Startup Cost": 46709.24,
        "Total Cost": 46709.25,
        "Plan Rows": 1,
        "Plan Width": 8,
        "Actual Startup Time": 115.866,
        "Actual Total Time": 131.345,
        "Actual Rows": 1,
        "Actual Loops": 1,
        "Output": [
            "count(*)"
        ],
        "Plans": [
            {
                "Node Type": "Gather",
                "Parent Relationship": "Outer",
                "Parallel Aware": false,
                "Startup Cost": 46708.82,
                "Total Cost": 46709.23,
                "Plan Rows": 4,
                "Plan Width": 8,
                "Actual Startup Time": 115.726,
                "Actual Total Time": 131.337,
                "Actual Rows": 5,
                "Actual Loops": 1,
                "Output": [
                    "(PARTIAL count(*))"
                ],
                "Workers Planned": 4,
                "Workers Launched": 4,
                "Single Copy": false,
                "Plans": [
                    {
                        "Node Type": "Aggregate",
                        "Strategy": "Plain",
                        "Partial Mode": "Partial",
                        "Parent Relationship": "Outer",
                        "Parallel Aware": false,
                        "Startup Cost": 45708.82,
                        "Total Cost": 45708.83,
                        "Plan Rows": 1,
                        "Plan Width": 8,
                        "Actual Startup Time": 108.12,
                        "Actual Total Time": 108.121,
                        "Actual Rows": 1,
                        "Actual Loops": 5,
                        "Output": [
                            "PARTIAL count(*)"
                        ],
                        "Workers": [
                            {
                                "Worker Number": 0,
                                "Actual Startup Time": 104.849,
                                "Actual Total Time": 104.85,
                                "Actual Rows": 1,
                                "Actual Loops": 1
                            },
                            {
                                "Worker Number": 1,
                                "Actual Startup Time": 104.839,
                                "Actual Total Time": 104.84,
                                "Actual Rows": 1,
                                "Actual Loops": 1
                            },
                            {
                                "Worker Number": 2,
                                "Actual Startup Time": 106.331,
                                "Actual Total Time": 106.333,
                                "Actual Rows": 1,
                                "Actual Loops": 1
                            },
                            {
                                "Worker Number": 3,
                                "Actual Startup Time": 109.781,
                                "Actual Total Time": 109.783,
                                "Actual Rows": 1,
                                "Actual Loops": 1
                            }
                        ],
                        "Plans": [
                            {
                                "Node Type": "Seq Scan",
                                "Parent Relationship": "Outer",
                                "Parallel Aware": true,
                                "Relation Name": "title",
                                "Schema": "public",
                                "Alias": "t",
                                "Startup Cost": 0.0,
                                "Total Cost": 45479.21,
                                "Plan Rows": 91846,
                                "Plan Width": 0,
                                "Actual Startup Time": 0.069,
                                "Actual Total Time": 104.783,
                                "Actual Rows": 50753,
                                "Actual Loops": 5,
                                "Output": [
                                    "id",
                                    "title",
                                    "imdb_index",
                                    "kind_id",
                                    "production_year",
                                    "imdb_id",
                                    "phonetic_code",
                                    "episode_of_id",
                                    "season_nr",
                                    "episode_nr",
                                    "series_years",
                                    "md5sum"
                                ],
                                "Filter": "((t.production_year < 1986) AND (t.kind_id = 7))",
                                "Rows Removed by Filter": 454909,
                                "Workers": [
                                    {
                                        "Worker Number": 0,
                                        "Actual Startup Time": 0.07,
                                        "Actual Total Time": 101.428,
                                        "Actual Rows": 38013,
                                        "Actual Loops": 1
                                    },
                                    {
                                        "Worker Number": 1,
                                        "Actual Startup Time": 0.071,
                                        "Actual Total Time": 101.649,
                                        "Actual Rows": 51474,
                                        "Actual Loops": 1
                                    },
                                    {
                                        "Worker Number": 2,
                                        "Actual Startup Time": 0.091,
                                        "Actual Total Time": 103.019,
                                        "Actual Rows": 38134,
                                        "Actual Loops": 1
                                    },
                                    {
                                        "Worker Number": 3,
                                        "Actual Startup Time": 0.036,
                                        "Actual Total Time": 106.642,
                                        "Actual Rows": 60972,
                                        "Actual Loops": 1
                                    }
                                ]
                            }
                        ]
                    }
                ]
            }
        ]
    },
    "Planning Time": 1.509,
    "Triggers": [],
    "Execution Time": 131.615
}