{
  "Plan": {
    "Node Type": "Aggregate",
    "Strategy": "Plain",
    "Partial Mode": "Simple",
    "Parallel Aware": false,
    "Startup Cost": 417262.37,
    "Total Cost": 417262.38,
    "Plan Rows": 1,
    "Plan Width": 96,
    "Actual Startup Time": 9232.855,
    "Actual Total Time": 9233.08,
    "Actual Rows": 1,
    "Actual Loops": 1,
    "Plans": [
      {
        "Node Type": "Nested Loop",
        "Parent Relationship": "Outer",
        "Parallel Aware": false,
        "Join Type": "Inner",
        "Startup Cost": 123210.49,
        "Total Cost": 417262.36,
        "Plan Rows": 1,
        "Plan Width": 42,
        "Actual Startup Time": 9232.85,
        "Actual Total Time": 9233.074,
        "Actual Rows": 0,
        "Actual Loops": 1,
        "Inner Unique": true,
        "Plans": [
          {
            "Node Type": "Nested Loop",
            "Parent Relationship": "Outer",
            "Parallel Aware": false,
            "Join Type": "Inner",
            "Startup Cost": 123210.36,
            "Total Cost": 417262.2,
            "Plan Rows": 1,
            "Plan Width": 46,
            "Actual Startup Time": 9232.849,
            "Actual Total Time": 9233.072,
            "Actual Rows": 0,
            "Actual Loops": 1,
            "Inner Unique": true,
            "Join Filter": "(mi.movie_id = t.id)",
            "Rows Removed by Join Filter": 0,
            "Plans": [
              {
                "Node Type": "Nested Loop",
                "Parent Relationship": "Outer",
                "Parallel Aware": false,
                "Join Type": "Inner",
                "Startup Cost": 123209.93,
                "Total Cost": 417261.7,
                "Plan Rows": 1,
                "Plan Width": 41,
                "Actual Startup Time": 5326.906,
                "Actual Total Time": 9151.797,
                "Actual Rows": 40185,
                "Actual Loops": 1,
                "Inner Unique": true,
                "Plans": [
                  {
                    "Node Type": "Nested Loop",
                    "Parent Relationship": "Outer",
                    "Parallel Aware": false,
                    "Join Type": "Inner",
                    "Startup Cost": 123209.79,
                    "Total Cost": 417261.51,
                    "Plan Rows": 1,
                    "Plan Width": 45,
                    "Actual Startup Time": 4143.322,
                    "Actual Total Time": 9074.68,
                    "Actual Rows": 56872,
                    "Actual Loops": 1,
                    "Inner Unique": false,
                    "Join Filter": "(mk.keyword_id = k.id)",
                    "Rows Removed by Join Filter": 16972481,
                    "Plans": [
                      {
                        "Node Type": "Seq Scan",
                        "Parent Relationship": "Outer",
                        "Parallel Aware": false,
                        "Relation Name": "keyword",
                        "Alias": "k",
                        "Startup Cost": 0.0,
                        "Total Cost": 2961.55,
                        "Plan Rows": 4,
                        "Plan Width": 4,
                        "Actual Startup Time": 0.751,
                        "Actual Total Time": 15.517,
                        "Actual Rows": 3,
                        "Actual Loops": 1,
                        "Filter": "(keyword = ANY ('{murder,murder-in-title,blood,violence}'::text[]))",
                        "Rows Removed by Filter": 134167
                      },
                      {
                        "Node Type": "Materialize",
                        "Parent Relationship": "Inner",
                        "Parallel Aware": false,
                        "Startup Cost": 123209.79,
                        "Total Cost": 412487.97,
                        "Plan Rows": 31513,
                        "Plan Width": 49,
                        "Actual Startup Time": 1378.593,
                        "Actual Total Time": 2604.819,
                        "Actual Rows": 5676451,
                        "Actual Loops": 3,
                        "Plans": [
                          {
                            "Node Type": "Hash Join",
                            "Parent Relationship": "Outer",
                            "Parallel Aware": false,
                            "Join Type": "Inner",
                            "Startup Cost": 123209.79,
                            "Total Cost": 412330.4,
                            "Plan Rows": 31513,
                            "Plan Width": 49,
                            "Actual Startup Time": 4135.767,
                            "Actual Total Time": 5417.142,
                            "Actual Rows": 5676451,
                            "Actual Loops": 1,
                            "Inner Unique": false,
                            "Hash Cond": "(mi.movie_id = mk.movie_id)",
                            "Plans": [
                              {
                                "Node Type": "Gather",
                                "Parent Relationship": "Outer",
                                "Parallel Aware": false,
                                "Startup Cost": 1000.0,
                                "Total Cost": 276812.32,
                                "Plan Rows": 692964,
                                "Plan Width": 8,
                                "Actual Startup Time": 2.042,
                                "Actual Total Time": 413.724,
                                "Actual Rows": 669336,
                                "Actual Loops": 1,
                                "Workers Planned": 5,
                                "Workers Launched": 5,
                                "Single Copy": false,
                                "Plans": [
                                  {
                                    "Node Type": "Seq Scan",
                                    "Parent Relationship": "Outer",
                                    "Parallel Aware": true,
                                    "Relation Name": "movie_info",
                                    "Alias": "mi",
                                    "Startup Cost": 0.0,
                                    "Total Cost": 206515.92,
                                    "Plan Rows": 138593,
                                    "Plan Width": 8,
                                    "Actual Startup Time": 0.298,
                                    "Actual Total Time": 780.034,
                                    "Actual Rows": 111556,
                                    "Actual Loops": 6,
                                    "Filter": "(info = ANY ('{Germany,German,USA,American}'::text[]))",
                                    "Rows Removed by Filter": 2361064
                                  }
                                ]
                              },
                              {
                                "Node Type": "Hash",
                                "Parent Relationship": "Inner",
                                "Parallel Aware": false,
                                "Startup Cost": 122000.09,
                                "Total Cost": 122000.09,
                                "Plan Rows": 16776,
                                "Plan Width": 41,
                                "Actual Startup Time": 4133.558,
                                "Actual Total Time": 4133.622,
                                "Actual Rows": 4817242,
                                "Actual Loops": 1,
                                "Hash Buckets": 8388608,
                                "Original Hash Buckets": 32768,
                                "Hash Batches": 1,
                                "Original Hash Batches": 1,
                                "Peak Memory Usage": 414383,
                                "Plans": [
                                  {
                                    "Node Type": "Nested Loop",
                                    "Parent Relationship": "Outer",
                                    "Parallel Aware": false,
                                    "Join Type": "Inner",
                                    "Startup Cost": 100868.4,
                                    "Total Cost": 122000.09,
                                    "Plan Rows": 16776,
                                    "Plan Width": 41,
                                    "Actual Startup Time": 726.899,
                                    "Actual Total Time": 2899.248,
                                    "Actual Rows": 4817242,
                                    "Actual Loops": 1,
                                    "Inner Unique": false,
                                    "Plans": [
                                      {
                                        "Node Type": "Hash Join",
                                        "Parent Relationship": "Outer",
                                        "Parallel Aware": false,
                                        "Join Type": "Inner",
                                        "Startup Cost": 100867.97,
                                        "Total Cost": 118739.78,
                                        "Plan Rows": 1759,
                                        "Plan Width": 33,
                                        "Actual Startup Time": 726.825,
                                        "Actual Total Time": 1280.652,
                                        "Actual Rows": 115293,
                                        "Actual Loops": 1,
                                        "Inner Unique": true,
                                        "Hash Cond": "(mi_idx.info_type_id = it2.id)",
                                        "Plans": [
                                          {
                                            "Node Type": "Hash Join",
                                            "Parent Relationship": "Outer",
                                            "Parallel Aware": false,
                                            "Join Type": "Inner",
                                            "Startup Cost": 100865.54,
                                            "Total Cost": 118196.16,
                                            "Plan Rows": 198711,
                                            "Plan Width": 37,
                                            "Actual Startup Time": 726.789,
                                            "Actual Total Time": 1238.108,
                                            "Actual Rows": 457609,
                                            "Actual Loops": 1,
                                            "Inner Unique": false,
                                            "Hash Cond": "(mc.movie_id = mi_idx.movie_id)",
                                            "Plans": [
                                              {
                                                "Node Type": "Hash Join",
                                                "Parent Relationship": "Outer",
                                                "Parallel Aware": false,
                                                "Join Type": "Inner",
                                                "Startup Cost": 61048.17,
                                                "Total Cost": 75875.37,
                                                "Plan Rows": 82609,
                                                "Plan Width": 23,
                                                "Actual Startup Time": 308.707,
                                                "Actual Total Time": 601.855,
                                                "Actual Rows": 248388,
                                                "Actual Loops": 1,
                                                "Inner Unique": true,
                                                "Hash Cond": "(mc.company_type_id = ct.id)",
                                                "Plans": [
                                                  {
                                                    "Node Type": "Merge Join",
                                                    "Parent Relationship": "Outer",
                                                    "Parallel Aware": false,
                                                    "Join Type": "Inner",
                                                    "Startup Cost": 61047.08,
                                                    "Total Cost": 75427.68,
                                                    "Plan Rows": 82609,
                                                    "Plan Width": 27,
                                                    "Actual Startup Time": 308.669,
                                                    "Actual Total Time": 565.73,
                                                    "Actual Rows": 248388,
                                                    "Actual Loops": 1,
                                                    "Inner Unique": false,
                                                    "Merge Cond": "(cn.id = mc.company_id)",
                                                    "Plans": [
                                                      {
                                                        "Node Type": "Index Scan",
                                                        "Parent Relationship": "Outer",
                                                        "Parallel Aware": false,
                                                        "Scan Direction": "Forward",
                                                        "Index Name": "company_name_pkey",
                                                        "Relation Name": "company_name",
                                                        "Alias": "cn",
                                                        "Startup Cost": 0.42,
                                                        "Total Cost": 12474.79,
                                                        "Plan Rows": 126217,
                                                        "Plan Width": 23,
                                                        "Actual Startup Time": 0.032,
                                                        "Actual Total Time": 128.847,
                                                        "Actual Rows": 125685,
                                                        "Actual Loops": 1,
                                                        "Filter": "((country_code)::text <> '[us]'::text)",
                                                        "Rows Removed by Filter": 108601
                                                      },
                                                      {
                                                        "Node Type": "Sort",
                                                        "Parent Relationship": "Inner",
                                                        "Parallel Aware": false,
                                                        "Startup Cost": 61046.38,
                                                        "Total Cost": 61430.9,
                                                        "Plan Rows": 153806,
                                                        "Plan Width": 12,
                                                        "Actual Startup Time": 308.45,
                                                        "Actual Total Time": 386.146,
                                                        "Actual Rows": 303271,
                                                        "Actual Loops": 1,
                                                        "Sort Key": [
                                                          "mc.company_id"
                                                        ],
                                                        "Sort Method": "quicksort",
                                                        "Sort Space Used": 26504,
                                                        "Sort Space Type": "Memory",
                                                        "Plans": [
                                                          {
                                                            "Node Type": "Gather",
                                                            "Parent Relationship": "Outer",
                                                            "Parallel Aware": false,
                                                            "Startup Cost": 1000.0,
                                                            "Total Cost": 47795.42,
                                                            "Plan Rows": 153806,
                                                            "Plan Width": 12,
                                                            "Actual Startup Time": 0.796,
                                                            "Actual Total Time": 231.311,
                                                            "Actual Rows": 303271,
                                                            "Actual Loops": 1,
                                                            "Workers Planned": 3,
                                                            "Workers Launched": 2,
                                                            "Single Copy": false,
                                                            "Plans": [
                                                              {
                                                                "Node Type": "Seq Scan",
                                                                "Parent Relationship": "Outer",
                                                                "Parallel Aware": true,
                                                                "Relation Name": "movie_companies",
                                                                "Alias": "mc",
                                                                "Startup Cost": 0.0,
                                                                "Total Cost": 31414.82,
                                                                "Plan Rows": 49615,
                                                                "Plan Width": 12,
                                                                "Actual Startup Time": 0.136,
                                                                "Actual Total Time": 209.308,
                                                                "Actual Rows": 101090,
                                                                "Actual Loops": 3,
                                                                "Filter": "((note !~~ '%(USA)%'::text) AND (note ~~ '%(200%)%'::text))",
                                                                "Rows Removed by Filter": 768619
                                                              }
                                                            ]
                                                          }
                                                        ]
                                                      }
                                                    ]
                                                  },
                                                  {
                                                    "Node Type": "Hash",
                                                    "Parent Relationship": "Inner",
                                                    "Parallel Aware": false,
                                                    "Startup Cost": 1.04,
                                                    "Total Cost": 1.04,
                                                    "Plan Rows": 4,
                                                    "Plan Width": 4,
                                                    "Actual Startup Time": 0.017,
                                                    "Actual Total Time": 0.018,
                                                    "Actual Rows": 4,
                                                    "Actual Loops": 1,
                                                    "Hash Buckets": 1024,
                                                    "Original Hash Buckets": 1024,
                                                    "Hash Batches": 1,
                                                    "Original Hash Batches": 1,
                                                    "Peak Memory Usage": 9,
                                                    "Plans": [
                                                      {
                                                        "Node Type": "Seq Scan",
                                                        "Parent Relationship": "Outer",
                                                        "Parallel Aware": false,
                                                        "Relation Name": "company_type",
                                                        "Alias": "ct",
                                                        "Startup Cost": 0.0,
                                                        "Total Cost": 1.04,
                                                        "Plan Rows": 4,
                                                        "Plan Width": 4,
                                                        "Actual Startup Time": 0.01,
                                                        "Actual Total Time": 0.011,
                                                        "Actual Rows": 4,
                                                        "Actual Loops": 1
                                                      }
                                                    ]
                                                  }
                                                ]
                                              },
                                              {
                                                "Node Type": "Hash",
                                                "Parent Relationship": "Inner",
                                                "Parallel Aware": false,
                                                "Startup Cost": 25185.44,
                                                "Total Cost": 25185.44,
                                                "Plan Rows": 1170555,
                                                "Plan Width": 14,
                                                "Actual Startup Time": 410.145,
                                                "Actual Total Time": 410.146,
                                                "Actual Rows": 1172960,
                                                "Actual Loops": 1,
                                                "Hash Buckets": 2097152,
                                                "Original Hash Buckets": 2097152,
                                                "Hash Batches": 1,
                                                "Original Hash Batches": 1,
                                                "Peak Memory Usage": 70439,
                                                "Plans": [
                                                  {
                                                    "Node Type": "Seq Scan",
                                                    "Parent Relationship": "Outer",
                                                    "Parallel Aware": false,
                                                    "Relation Name": "movie_info_idx",
                                                    "Alias": "mi_idx",
                                                    "Startup Cost": 0.0,
                                                    "Total Cost": 25185.44,
                                                    "Plan Rows": 1170555,
                                                    "Plan Width": 14,
                                                    "Actual Startup Time": 0.042,
                                                    "Actual Total Time": 187.932,
                                                    "Actual Rows": 1172960,
                                                    "Actual Loops": 1,
                                                    "Filter": "(info < '7.0'::text)",
                                                    "Rows Removed by Filter": 207075
                                                  }
                                                ]
                                              }
                                            ]
                                          },
                                          {
                                            "Node Type": "Hash",
                                            "Parent Relationship": "Inner",
                                            "Parallel Aware": false,
                                            "Startup Cost": 2.41,
                                            "Total Cost": 2.41,
                                            "Plan Rows": 1,
                                            "Plan Width": 4,
                                            "Actual Startup Time": 0.021,
                                            "Actual Total Time": 0.021,
                                            "Actual Rows": 1,
                                            "Actual Loops": 1,
                                            "Hash Buckets": 1024,
                                            "Original Hash Buckets": 1024,
                                            "Hash Batches": 1,
                                            "Original Hash Batches": 1,
                                            "Peak Memory Usage": 9,
                                            "Plans": [
                                              {
                                                "Node Type": "Seq Scan",
                                                "Parent Relationship": "Outer",
                                                "Parallel Aware": false,
                                                "Relation Name": "info_type",
                                                "Alias": "it2",
                                                "Startup Cost": 0.0,
                                                "Total Cost": 2.41,
                                                "Plan Rows": 1,
                                                "Plan Width": 4,
                                                "Actual Startup Time": 0.016,
                                                "Actual Total Time": 0.018,
                                                "Actual Rows": 1,
                                                "Actual Loops": 1,
                                                "Filter": "((info)::text = 'rating'::text)",
                                                "Rows Removed by Filter": 112
                                              }
                                            ]
                                          }
                                        ]
                                      },
                                      {
                                        "Node Type": "Index Scan",
                                        "Parent Relationship": "Inner",
                                        "Parallel Aware": false,
                                        "Scan Direction": "Forward",
                                        "Index Name": "movie_id_movie_keyword",
                                        "Relation Name": "movie_keyword",
                                        "Alias": "mk",
                                        "Startup Cost": 0.43,
                                        "Total Cost": 1.39,
                                        "Plan Rows": 46,
                                        "Plan Width": 8,
                                        "Actual Startup Time": 0.005,
                                        "Actual Total Time": 0.01,
                                        "Actual Rows": 42,
                                        "Actual Loops": 115293,
                                        "Index Cond": "(movie_id = mi_idx.movie_id)",
                                        "Rows Removed by Index Recheck": 0
                                      }
                                    ]
                                  }
                                ]
                              }
                            ]
                          }
                        ]
                      }
                    ]
                  },
                  {
                    "Node Type": "Index Scan",
                    "Parent Relationship": "Inner",
                    "Parallel Aware": false,
                    "Scan Direction": "Forward",
                    "Index Name": "info_type_pkey",
                    "Relation Name": "info_type",
                    "Alias": "it1",
                    "Startup Cost": 0.14,
                    "Total Cost": 0.16,
                    "Plan Rows": 1,
                    "Plan Width": 4,
                    "Actual Startup Time": 0.001,
                    "Actual Total Time": 0.001,
                    "Actual Rows": 1,
                    "Actual Loops": 56872,
                    "Index Cond": "(id = mi.info_type_id)",
                    "Rows Removed by Index Recheck": 0,
                    "Filter": "((info)::text = 'countries'::text)",
                    "Rows Removed by Filter": 0
                  }
                ]
              },
              {
                "Node Type": "Index Scan",
                "Parent Relationship": "Inner",
                "Parallel Aware": false,
                "Scan Direction": "Forward",
                "Index Name": "title_pkey",
                "Relation Name": "title",
                "Alias": "t",
                "Startup Cost": 0.43,
                "Total Cost": 0.49,
                "Plan Rows": 1,
                "Plan Width": 25,
                "Actual Startup Time": 0.002,
                "Actual Total Time": 0.002,
                "Actual Rows": 0,
                "Actual Loops": 40185,
                "Index Cond": "(id = mk.movie_id)",
                "Rows Removed by Index Recheck": 0,
                "Filter": "(production_year < 1910)",
                "Rows Removed by Filter": 1
              }
            ]
          },
          {
            "Node Type": "Index Scan",
            "Parent Relationship": "Inner",
            "Parallel Aware": false,
            "Scan Direction": "Forward",
            "Index Name": "kind_type_pkey",
            "Relation Name": "kind_type",
            "Alias": "kt",
            "Startup Cost": 0.13,
            "Total Cost": 0.15,
            "Plan Rows": 1,
            "Plan Width": 4,
            "Actual Startup Time": 0.0,
            "Actual Total Time": 0.0,
            "Actual Rows": 0,
            "Actual Loops": 0,
            "Index Cond": "(id = t.kind_id)",
            "Rows Removed by Index Recheck": 0,
            "Filter": "((kind)::text = ANY ('{movie,episode}'::text[]))",
            "Rows Removed by Filter": 0
          }
        ]
      }
    ]
  },
  "Planning Time": 13.941,
  "Triggers": [],
  "Execution Time": 9497.517
}