[
  {
    "Plan": {
      "Node Type": "Aggregate",
      "Strategy": "Plain",
      "Partial Mode": "Finalize",
      "Parallel Aware": false,
      "Startup Cost": 90030.76,
      "Total Cost": 90030.77,
      "Plan Rows": 1,
      "Plan Width": 8,
      "Actual Startup Time": 480.731,
      "Actual Total Time": 506.639,
      "Actual Rows": 1,
      "Actual Loops": 1,
      "Plans": [
        {
          "Node Type": "Gather",
          "Parent Relationship": "Outer",
          "Parallel Aware": false,
          "Startup Cost": 90030.44,
          "Total Cost": 90030.75,
          "Plan Rows": 3,
          "Plan Width": 8,
          "Actual Startup Time": 475.044,
          "Actual Total Time": 506.63,
          "Actual Rows": 4,
          "Actual Loops": 1,
          "Workers Planned": 3,
          "Workers Launched": 3,
          "Single Copy": false,
          "Plans": [
            {
              "Node Type": "Aggregate",
              "Strategy": "Plain",
              "Partial Mode": "Partial",
              "Parent Relationship": "Outer",
              "Parallel Aware": false,
              "Startup Cost": 89030.44,
              "Total Cost": 89030.45,
              "Plan Rows": 1,
              "Plan Width": 8,
              "Actual Startup Time": 465.641,
              "Actual Total Time": 465.645,
              "Actual Rows": 1,
              "Actual Loops": 4,
              "Plans": [
                {
                  "Node Type": "Nested Loop",
                  "Parent Relationship": "Outer",
                  "Parallel Aware": false,
                  "Join Type": "Inner",
                  "Startup Cost": 35905.67,
                  "Total Cost": 89012.03,
                  "Plan Rows": 7364,
                  "Plan Width": 0,
                  "Actual Startup Time": 189.027,
                  "Actual Total Time": 460.571,
                  "Actual Rows": 69647,
                  "Actual Loops": 4,
                  "Inner Unique": true,
                  "Plans": [
                    {
                      "Node Type": "Hash Join",
                      "Parent Relationship": "Outer",
                      "Parallel Aware": true,
                      "Join Type": "Inner",
                      "Startup Cost": 35905.24,
                      "Total Cost": 60995.74,
                      "Plan Rows": 38336,
                      "Plan Width": 8,
                      "Actual Startup Time": 188.928,
                      "Actual Total Time": 246.538,
                      "Actual Rows": 69647,
                      "Actual Loops": 4,
                      "Inner Unique": false,
                      "Hash Cond": "(mk.movie_id = mc.movie_id)",
                      "Plans": [
                        {
                          "Node Type": "Bitmap Heap Scan",
                          "Parent Relationship": "Outer",
                          "Parallel Aware": true,
                          "Relation Name": "movie_keyword",
                          "Alias": "mk",
                          "Startup Cost": 1928.47,
                          "Total Cost": 26748.78,
                          "Plan Rows": 29305,
                          "Plan Width": 4,
                          "Actual Startup Time": 13.16,
                          "Actual Total Time": 45.038,
                          "Actual Rows": 25526,
                          "Actual Loops": 4,
                          "Recheck Cond": "(keyword_id < 101)",
                          "Rows Removed by Index Recheck": 0,
                          "Exact Heap Blocks": 8859,
                          "Lossy Heap Blocks": 0,
                          "Plans": [
                            {
                              "Node Type": "Bitmap Index Scan",
                              "Parent Relationship": "Outer",
                              "Parallel Aware": false,
                              "Index Name": "keyword_id_movie_keyword",
                              "Startup Cost": 0.0,
                              "Total Cost": 1905.76,
                              "Plan Rows": 90844,
                              "Plan Width": 0,
                              "Actual Startup Time": 9.864,
                              "Actual Total Time": 9.864,
                              "Actual Rows": 102103,
                              "Actual Loops": 1,
                              "Index Cond": "(keyword_id < 101)"
                            }
                          ]
                        },
                        {
                          "Node Type": "Hash",
                          "Parent Relationship": "Inner",
                          "Parallel Aware": true,
                          "Startup Cost": 31414.82,
                          "Total Cost": 31414.82,
                          "Plan Rows": 204956,
                          "Plan Width": 4,
                          "Actual Startup Time": 170.781,
                          "Actual Total Time": 170.782,
                          "Actual Rows": 216124,
                          "Actual Loops": 4,
                          "Hash Buckets": 1048576,
                          "Original Hash Buckets": 1048576,
                          "Hash Batches": 1,
                          "Original Hash Batches": 1,
                          "Peak Memory Usage": 42080,
                          "Plans": [
                            {
                              "Node Type": "Seq Scan",
                              "Parent Relationship": "Outer",
                              "Parallel Aware": true,
                              "Relation Name": "movie_companies",
                              "Alias": "mc",
                              "Startup Cost": 0.0,
                              "Total Cost": 31414.82,
                              "Plan Rows": 204956,
                              "Plan Width": 4,
                              "Actual Startup Time": 0.051,
                              "Actual Total Time": 97.758,
                              "Actual Rows": 216124,
                              "Actual Loops": 4,
                              "Filter": "((company_id < 11240) AND (company_type_id < 2))",
                              "Rows Removed by Filter": 436158
                            }
                          ]
                        }
                      ]
                    },
                    {
                      "Node Type": "Index Only Scan",
                      "Parent Relationship": "Inner",
                      "Parallel Aware": false,
                      "Scan Direction": "Forward",
                      "Index Name": "title_pkey",
                      "Relation Name": "title",
                      "Alias": "t",
                      "Startup Cost": 0.43,
                      "Total Cost": 0.73,
                      "Plan Rows": 1,
                      "Plan Width": 4,
                      "Actual Startup Time": 0.003,
                      "Actual Total Time": 0.003,
                      "Actual Rows": 1,
                      "Actual Loops": 278589,
                      "Index Cond": "(id = mc.movie_id)",
                      "Rows Removed by Index Recheck": 0,
                      "Heap Fetches": 278589
                    }
                  ]
                }
              ]
            }
          ]
        }
      ]
    },
    "Planning Time": 1.418,
    "Triggers": [],
    "Execution Time": 506.762
  }
]