[
  {
    "Plan": {
      "Node Type": "Aggregate",
      "Strategy": "Plain",
      "Partial Mode": "Finalize",
      "Parallel Aware": false,
      "Startup Cost": 337448.0,
      "Total Cost": 337448.01,
      "Plan Rows": 1,
      "Plan Width": 8,
      "Actual Startup Time": 688.036,
      "Actual Total Time": 757.703,
      "Actual Rows": 1,
      "Actual Loops": 1,
      "Plans": [
        {
          "Node Type": "Gather",
          "Parent Relationship": "Outer",
          "Parallel Aware": false,
          "Startup Cost": 337447.37,
          "Total Cost": 337447.98,
          "Plan Rows": 6,
          "Plan Width": 8,
          "Actual Startup Time": 687.931,
          "Actual Total Time": 757.692,
          "Actual Rows": 7,
          "Actual Loops": 1,
          "Workers Planned": 6,
          "Workers Launched": 6,
          "Single Copy": false,
          "Plans": [
            {
              "Node Type": "Aggregate",
              "Strategy": "Plain",
              "Partial Mode": "Partial",
              "Parent Relationship": "Outer",
              "Parallel Aware": false,
              "Startup Cost": 336447.37,
              "Total Cost": 336447.38,
              "Plan Rows": 1,
              "Plan Width": 8,
              "Actual Startup Time": 679.818,
              "Actual Total Time": 679.82,
              "Actual Rows": 1,
              "Actual Loops": 7,
              "Plans": [
                {
                  "Node Type": "Seq Scan",
                  "Parent Relationship": "Outer",
                  "Parallel Aware": true,
                  "Relation Name": "cast_info",
                  "Alias": "ci",
                  "Startup Cost": 0.0,
                  "Total Cost": 328162.03,
                  "Plan Rows": 3314139,
                  "Plan Width": 0,
                  "Actual Startup Time": 170.048,
                  "Actual Total Time": 569.116,
                  "Actual Rows": 2843146,
                  "Actual Loops": 7,
                  "Filter": "(person_id > 1618866)",
                  "Rows Removed by Filter": 2334617
                }
              ]
            }
          ]
        }
      ]
    },
    "Planning Time": 0.2,
    "Triggers": [],
    "Execution Time": 757.775
  }
]