[
  {
    "Plan": {
      "Node Type": "Aggregate",
      "Strategy": "Plain",
      "Partial Mode": "Finalize",
      "Parallel Aware": false,
      "Startup Cost": 120440.07,
      "Total Cost": 120440.08,
      "Plan Rows": 1,
      "Plan Width": 8,
      "Actual Startup Time": 210.53,
      "Actual Total Time": 224.592,
      "Actual Rows": 1,
      "Actual Loops": 1,
      "Plans": [
        {
          "Node Type": "Gather",
          "Parent Relationship": "Outer",
          "Parallel Aware": false,
          "Startup Cost": 120439.55,
          "Total Cost": 120440.06,
          "Plan Rows": 5,
          "Plan Width": 8,
          "Actual Startup Time": 210.364,
          "Actual Total Time": 224.58,
          "Actual Rows": 6,
          "Actual Loops": 1,
          "Workers Planned": 5,
          "Workers Launched": 5,
          "Single Copy": false,
          "Plans": [
            {
              "Node Type": "Aggregate",
              "Strategy": "Plain",
              "Partial Mode": "Partial",
              "Parent Relationship": "Outer",
              "Parallel Aware": false,
              "Startup Cost": 119439.55,
              "Total Cost": 119439.56,
              "Plan Rows": 1,
              "Plan Width": 8,
              "Actual Startup Time": 203.406,
              "Actual Total Time": 203.407,
              "Actual Rows": 1,
              "Actual Loops": 6,
              "Plans": [
                {
                  "Node Type": "Index Scan",
                  "Parent Relationship": "Outer",
                  "Parallel Aware": true,
                  "Scan Direction": "Forward",
                  "Index Name": "role_id_cast_info",
                  "Relation Name": "cast_info",
                  "Alias": "ci",
                  "Startup Cost": 0.56,
                  "Total Cost": 118067.1,
                  "Plan Rows": 548978,
                  "Plan Width": 0,
                  "Actual Startup Time": 0.098,
                  "Actual Total Time": 170.893,
                  "Actual Rows": 633540,
                  "Actual Loops": 6,
                  "Index Cond": "(role_id = 10)",
                  "Rows Removed by Index Recheck": 0,
                  "Filter": "(person_id > 1318628)",
                  "Rows Removed by Filter": 86963
                }
              ]
            }
          ]
        }
      ]
    },
    "Planning Time": 0.132,
    "Triggers": [],
    "Execution Time": 224.631
  }
]