[
  {
    "Plan": {
      "Node Type": "Aggregate",
      "Strategy": "Plain",
      "Partial Mode": "Finalize",
      "Parallel Aware": false,
      "Startup Cost": 122006.87,
      "Total Cost": 122006.88,
      "Plan Rows": 1,
      "Plan Width": 8,
      "Actual Startup Time": 211.552,
      "Actual Total Time": 223.98,
      "Actual Rows": 1,
      "Actual Loops": 1,
      "Plans": [
        {
          "Node Type": "Gather",
          "Parent Relationship": "Outer",
          "Parallel Aware": false,
          "Startup Cost": 122006.35,
          "Total Cost": 122006.86,
          "Plan Rows": 5,
          "Plan Width": 8,
          "Actual Startup Time": 211.351,
          "Actual Total Time": 223.967,
          "Actual Rows": 6,
          "Actual Loops": 1,
          "Workers Planned": 5,
          "Workers Launched": 5,
          "Single Copy": false,
          "Plans": [
            {
              "Node Type": "Aggregate",
              "Strategy": "Plain",
              "Partial Mode": "Partial",
              "Parent Relationship": "Outer",
              "Parallel Aware": false,
              "Startup Cost": 121006.35,
              "Total Cost": 121006.36,
              "Plan Rows": 1,
              "Plan Width": 8,
              "Actual Startup Time": 201.459,
              "Actual Total Time": 201.46,
              "Actual Rows": 1,
              "Actual Loops": 6,
              "Plans": [
                {
                  "Node Type": "Index Scan",
                  "Parent Relationship": "Outer",
                  "Parallel Aware": true,
                  "Scan Direction": "Forward",
                  "Index Name": "role_id_cast_info",
                  "Relation Name": "cast_info",
                  "Alias": "ci",
                  "Startup Cost": 0.56,
                  "Total Cost": 119623.46,
                  "Plan Rows": 553158,
                  "Plan Width": 0,
                  "Actual Startup Time": 0.204,
                  "Actual Total Time": 169.691,
                  "Actual Rows": 633540,
                  "Actual Loops": 6,
                  "Index Cond": "(role_id = 10)",
                  "Rows Removed by Index Recheck": 0,
                  "Filter": "(person_id > 1318628)",
                  "Rows Removed by Filter": 86963
                }
              ]
            }
          ]
        }
      ]
    },
    "Planning Time": 0.237,
    "Triggers": [],
    "Execution Time": 224.043
  }
]