{
    "Plan": {
        "Node Type": "Aggregate",
        "Strategy": "Plain",
        "Partial Mode": "Simple",
        "Parallel Aware": false,
        "Startup Cost": 27651.99,
        "Total Cost": 27652.0,
        "Plan Rows": 1,
        "Plan Width": 8,
        "Actual Startup Time": 13.489,
        "Actual Total Time": 13.49,
        "Actual Rows": 1,
        "Actual Loops": 1,
        "Output": [
            "count(*)"
        ],
        "Plans": [
            {
                "Node Type": "Nested Loop",
                "Parent Relationship": "Outer",
                "Parallel Aware": false,
                "Join Type": "Inner",
                "Startup Cost": 0.86,
                "Total Cost": 27645.25,
                "Plan Rows": 2696,
                "Plan Width": 0,
                "Actual Startup Time": 0.111,
                "Actual Total Time": 13.134,
                "Actual Rows": 2436,
                "Actual Loops": 1,
                "Inner Unique": true,
                "Plans": [
                    {
                        "Node Type": "Index Scan",
                        "Parent Relationship": "Outer",
                        "Parallel Aware": false,
                        "Scan Direction": "Forward",
                        "Index Name": "company_id_movie_companies",
                        "Relation Name": "movie_companies",
                        "Schema": "public",
                        "Alias": "mc",
                        "Startup Cost": 0.43,
                        "Total Cost": 6662.79,
                        "Plan Rows": 2696,
                        "Plan Width": 4,
                        "Actual Startup Time": 0.096,
                        "Actual Total Time": 1.92,
                        "Actual Rows": 2436,
                        "Actual Loops": 1,
                        "Output": [
                            "mc.id",
                            "mc.movie_id",
                            "mc.company_id",
                            "mc.company_type_id",
                            "mc.note"
                        ],
                        "Index Cond": "(mc.company_id = 252)",
                        "Rows Removed by Index Recheck": 0
                    },
                    {
                        "Node Type": "Index Only Scan",
                        "Parent Relationship": "Inner",
                        "Parallel Aware": false,
                        "Scan Direction": "Forward",
                        "Index Name": "title_pkey",
                        "Relation Name": "title",
                        "Schema": "public",
                        "Alias": "t",
                        "Startup Cost": 0.43,
                        "Total Cost": 7.78,
                        "Plan Rows": 1,
                        "Plan Width": 4,
                        "Actual Startup Time": 0.004,
                        "Actual Total Time": 0.004,
                        "Actual Rows": 1,
                        "Actual Loops": 2436,
                        "Output": [
                            "t.id"
                        ],
                        "Index Cond": "(t.id = mc.movie_id)",
                        "Rows Removed by Index Recheck": 0,
                        "Heap Fetches": 2436
                    }
                ]
            }
        ]
    },
    "Planning Time": 0.416,
    "Triggers": [],
    "Execution Time": 13.53
}