[
  {
    "Plan": {
      "Node Type": "Aggregate",
      "Strategy": "Plain",
      "Partial Mode": "Simple",
      "Parallel Aware": false,
      "Startup Cost": 17031.87,
      "Total Cost": 17031.88,
      "Plan Rows": 1,
      "Plan Width": 8,
      "Actual Startup Time": 29.934,
      "Actual Total Time": 29.935,
      "Actual Rows": 1,
      "Actual Loops": 1,
      "Plans": [
        {
          "Node Type": "Bitmap Heap Scan",
          "Parent Relationship": "Outer",
          "Parallel Aware": false,
          "Relation Name": "movie_keyword",
          "Alias": "mk",
          "Startup Cost": 175.54,
          "Total Cost": 17011.52,
          "Plan Rows": 8143,
          "Plan Width": 0,
          "Actual Startup Time": 11.966,
          "Actual Total Time": 28.704,
          "Actual Rows": 9226,
          "Actual Loops": 1,
          "Recheck Cond": "(keyword_id = 875)",
          "Rows Removed by Index Recheck": 0,
          "Exact Heap Blocks": 7172,
          "Lossy Heap Blocks": 0,
          "Plans": [
            {
              "Node Type": "Bitmap Index Scan",
              "Parent Relationship": "Outer",
              "Parallel Aware": false,
              "Index Name": "keyword_id_movie_keyword",
              "Startup Cost": 0.0,
              "Total Cost": 173.5,
              "Plan Rows": 8143,
              "Plan Width": 0,
              "Actual Startup Time": 8.459,
              "Actual Total Time": 8.46,
              "Actual Rows": 9226,
              "Actual Loops": 1,
              "Index Cond": "(keyword_id = 875)"
            }
          ]
        }
      ]
    },
    "Planning Time": 0.164,
    "Triggers": [],
    "Execution Time": 29.991
  }
]