[
  {
    "Plan": {
      "Node Type": "Aggregate",
      "Strategy": "Plain",
      "Partial Mode": "Finalize",
      "Parallel Aware": false,
      "Startup Cost": 46083.48,
      "Total Cost": 46083.49,
      "Plan Rows": 1,
      "Plan Width": 8,
      "Actual Startup Time": 35.231,
      "Actual Total Time": 42.616,
      "Actual Rows": 1,
      "Actual Loops": 1,
      "Plans": [
        {
          "Node Type": "Gather",
          "Parent Relationship": "Outer",
          "Parallel Aware": false,
          "Startup Cost": 46083.26,
          "Total Cost": 46083.47,
          "Plan Rows": 2,
          "Plan Width": 8,
          "Actual Startup Time": 35.063,
          "Actual Total Time": 42.608,
          "Actual Rows": 3,
          "Actual Loops": 1,
          "Workers Planned": 2,
          "Workers Launched": 2,
          "Single Copy": false,
          "Plans": [
            {
              "Node Type": "Aggregate",
              "Strategy": "Plain",
              "Partial Mode": "Partial",
              "Parent Relationship": "Outer",
              "Parallel Aware": false,
              "Startup Cost": 45083.26,
              "Total Cost": 45083.27,
              "Plan Rows": 1,
              "Plan Width": 8,
              "Actual Startup Time": 31.554,
              "Actual Total Time": 31.556,
              "Actual Rows": 1,
              "Actual Loops": 3,
              "Plans": [
                {
                  "Node Type": "Nested Loop",
                  "Parent Relationship": "Outer",
                  "Parallel Aware": false,
                  "Join Type": "Inner",
                  "Startup Cost": 207.66,
                  "Total Cost": 45073.21,
                  "Plan Rows": 4021,
                  "Plan Width": 0,
                  "Actual Startup Time": 2.418,
                  "Actual Total Time": 31.162,
                  "Actual Rows": 2624,
                  "Actual Loops": 3,
                  "Inner Unique": true,
                  "Plans": [
                    {
                      "Node Type": "Bitmap Heap Scan",
                      "Parent Relationship": "Outer",
                      "Parallel Aware": true,
                      "Relation Name": "movie_keyword",
                      "Alias": "mk",
                      "Startup Cost": 207.23,
                      "Total Cost": 18617.01,
                      "Plan Rows": 4021,
                      "Plan Width": 4,
                      "Actual Startup Time": 2.336,
                      "Actual Total Time": 6.454,
                      "Actual Rows": 2624,
                      "Actual Loops": 3,
                      "Recheck Cond": "(keyword_id = 3)",
                      "Rows Removed by Index Recheck": 0,
                      "Exact Heap Blocks": 1027,
                      "Lossy Heap Blocks": 0,
                      "Plans": [
                        {
                          "Node Type": "Bitmap Index Scan",
                          "Parent Relationship": "Outer",
                          "Parallel Aware": false,
                          "Index Name": "keyword_id_movie_keyword",
                          "Startup Cost": 0.0,
                          "Total Cost": 204.81,
                          "Plan Rows": 9651,
                          "Plan Width": 0,
                          "Actual Startup Time": 4.282,
                          "Actual Total Time": 4.283,
                          "Actual Rows": 7873,
                          "Actual Loops": 1,
                          "Index Cond": "(keyword_id = 3)"
                        }
                      ]
                    },
                    {
                      "Node Type": "Index Only Scan",
                      "Parent Relationship": "Inner",
                      "Parallel Aware": false,
                      "Scan Direction": "Forward",
                      "Index Name": "title_pkey",
                      "Relation Name": "title",
                      "Alias": "t",
                      "Startup Cost": 0.43,
                      "Total Cost": 6.58,
                      "Plan Rows": 1,
                      "Plan Width": 4,
                      "Actual Startup Time": 0.009,
                      "Actual Total Time": 0.009,
                      "Actual Rows": 1,
                      "Actual Loops": 7873,
                      "Index Cond": "(id = mk.movie_id)",
                      "Rows Removed by Index Recheck": 0,
                      "Heap Fetches": 7873
                    }
                  ]
                }
              ]
            }
          ]
        }
      ]
    },
    "Planning Time": 0.628,
    "Triggers": [],
    "Execution Time": 42.703
  }
]