[
  {
    "Plan": {
      "Node Type": "Aggregate",
      "Strategy": "Plain",
      "Partial Mode": "Finalize",
      "Parallel Aware": false,
      "Startup Cost": 332036.39,
      "Total Cost": 332036.4,
      "Plan Rows": 1,
      "Plan Width": 8,
      "Actual Startup Time": 761.322,
      "Actual Total Time": 817.362,
      "Actual Rows": 1,
      "Actual Loops": 1,
      "Plans": [
        {
          "Node Type": "Gather",
          "Parent Relationship": "Outer",
          "Parallel Aware": false,
          "Startup Cost": 332035.77,
          "Total Cost": 332036.38,
          "Plan Rows": 6,
          "Plan Width": 8,
          "Actual Startup Time": 761.126,
          "Actual Total Time": 817.347,
          "Actual Rows": 7,
          "Actual Loops": 1,
          "Workers Planned": 6,
          "Workers Launched": 6,
          "Single Copy": false,
          "Plans": [
            {
              "Node Type": "Aggregate",
              "Strategy": "Plain",
              "Partial Mode": "Partial",
              "Parent Relationship": "Outer",
              "Parallel Aware": false,
              "Startup Cost": 331035.77,
              "Total Cost": 331035.78,
              "Plan Rows": 1,
              "Plan Width": 8,
              "Actual Startup Time": 754.114,
              "Actual Total Time": 754.116,
              "Actual Rows": 1,
              "Actual Loops": 7,
              "Plans": [
                {
                  "Node Type": "Seq Scan",
                  "Parent Relationship": "Outer",
                  "Parallel Aware": true,
                  "Relation Name": "cast_info",
                  "Alias": "ci",
                  "Startup Cost": 0.0,
                  "Total Cost": 328211.39,
                  "Plan Rows": 1129751,
                  "Plan Width": 0,
                  "Actual Startup Time": 0.044,
                  "Actual Total Time": 688.882,
                  "Actual Rows": 985439,
                  "Actual Loops": 7,
                  "Filter": "(person_id < 666468)",
                  "Rows Removed by Filter": 4192324
                }
              ]
            }
          ]
        }
      ]
    },
    "Planning Time": 0.112,
    "Triggers": [],
    "Execution Time": 817.413
  }
]