[
  {
    "Plan": {
      "Node Type": "Aggregate",
      "Strategy": "Plain",
      "Partial Mode": "Finalize",
      "Parallel Aware": false,
      "Startup Cost": 275957.72,
      "Total Cost": 275957.73,
      "Plan Rows": 1,
      "Plan Width": 8,
      "Actual Startup Time": 889.908,
      "Actual Total Time": 917.003,
      "Actual Rows": 1,
      "Actual Loops": 1,
      "Plans": [
        {
          "Node Type": "Gather",
          "Parent Relationship": "Outer",
          "Parallel Aware": false,
          "Startup Cost": 275957.41,
          "Total Cost": 275957.72,
          "Plan Rows": 3,
          "Plan Width": 8,
          "Actual Startup Time": 873.471,
          "Actual Total Time": 916.994,
          "Actual Rows": 4,
          "Actual Loops": 1,
          "Workers Planned": 3,
          "Workers Launched": 3,
          "Single Copy": false,
          "Plans": [
            {
              "Node Type": "Aggregate",
              "Strategy": "Plain",
              "Partial Mode": "Partial",
              "Parent Relationship": "Outer",
              "Parallel Aware": false,
              "Startup Cost": 274957.41,
              "Total Cost": 274957.42,
              "Plan Rows": 1,
              "Plan Width": 8,
              "Actual Startup Time": 864.033,
              "Actual Total Time": 864.191,
              "Actual Rows": 1,
              "Actual Loops": 4,
              "Plans": [
                {
                  "Node Type": "Hash Join",
                  "Parent Relationship": "Outer",
                  "Parallel Aware": true,
                  "Join Type": "Inner",
                  "Startup Cost": 228825.64,
                  "Total Cost": 274479.96,
                  "Plan Rows": 190979,
                  "Plan Width": 0,
                  "Actual Startup Time": 558.757,
                  "Actual Total Time": 815.48,
                  "Actual Rows": 1088616,
                  "Actual Loops": 4,
                  "Inner Unique": false,
                  "Hash Cond": "(mk.movie_id = t.id)",
                  "Plans": [
                    {
                      "Node Type": "Seq Scan",
                      "Parent Relationship": "Outer",
                      "Parallel Aware": true,
                      "Relation Name": "movie_keyword",
                      "Alias": "mk",
                      "Startup Cost": 0.0,
                      "Total Cost": 42695.65,
                      "Plan Rows": 687121,
                      "Plan Width": 4,
                      "Actual Startup Time": 0.032,
                      "Actual Total Time": 111.32,
                      "Actual Rows": 533900,
                      "Actual Loops": 4,
                      "Filter": "(keyword_id < 3953)",
                      "Rows Removed by Filter": 597083
                    },
                    {
                      "Node Type": "Hash",
                      "Parent Relationship": "Inner",
                      "Parallel Aware": true,
                      "Startup Cost": 227068.85,
                      "Total Cost": 227068.85,
                      "Plan Rows": 140543,
                      "Plan Width": 8,
                      "Actual Startup Time": 553.683,
                      "Actual Total Time": 553.84,
                      "Actual Rows": 165231,
                      "Actual Loops": 4,
                      "Hash Buckets": 1048576,
                      "Original Hash Buckets": 1048576,
                      "Hash Batches": 1,
                      "Original Hash Batches": 1,
                      "Peak Memory Usage": 34080,
                      "Plans": [
                        {
                          "Node Type": "Hash Join",
                          "Parent Relationship": "Outer",
                          "Parallel Aware": true,
                          "Join Type": "Inner",
                          "Startup Cost": 62950.14,
                          "Total Cost": 227068.85,
                          "Plan Rows": 140543,
                          "Plan Width": 8,
                          "Actual Startup Time": 390.048,
                          "Actual Total Time": 488.843,
                          "Actual Rows": 165231,
                          "Actual Loops": 4,
                          "Inner Unique": true,
                          "Hash Cond": "(mi.movie_id = t.id)",
                          "Plans": [
                            {
                              "Node Type": "Bitmap Heap Scan",
                              "Parent Relationship": "Outer",
                              "Parallel Aware": true,
                              "Relation Name": "movie_info",
                              "Alias": "mi",
                              "Startup Cost": 12730.49,
                              "Total Cost": 176480.28,
                              "Plan Rows": 140543,
                              "Plan Width": 4,
                              "Actual Startup Time": 22.501,
                              "Actual Total Time": 50.109,
                              "Actual Rows": 165231,
                              "Actual Loops": 4,
                              "Recheck Cond": "(info_type_id = 18)",
                              "Rows Removed by Index Recheck": 0,
                              "Exact Heap Blocks": 1856,
                              "Lossy Heap Blocks": 0,
                              "Plans": [
                                {
                                  "Node Type": "Bitmap Index Scan",
                                  "Parent Relationship": "Outer",
                                  "Parallel Aware": false,
                                  "Index Name": "info_type_id_movie_info",
                                  "Startup Cost": 0.0,
                                  "Total Cost": 12554.81,
                                  "Plan Rows": 702717,
                                  "Plan Width": 0,
                                  "Actual Startup Time": 21.418,
                                  "Actual Total Time": 21.419,
                                  "Actual Rows": 660923,
                                  "Actual Loops": 1,
                                  "Index Cond": "(info_type_id = 18)"
                                }
                              ]
                            },
                            {
                              "Node Type": "Hash",
                              "Parent Relationship": "Inner",
                              "Parallel Aware": true,
                              "Startup Cost": 42318.73,
                              "Total Cost": 42318.73,
                              "Plan Rows": 632073,
                              "Plan Width": 4,
                              "Actual Startup Time": 359.847,
                              "Actual Total Time": 359.848,
                              "Actual Rows": 632078,
                              "Actual Loops": 4,
                              "Hash Buckets": 4194304,
                              "Original Hash Buckets": 4194304,
                              "Hash Batches": 1,
                              "Original Hash Batches": 1,
                              "Peak Memory Usage": 131744,
                              "Plans": [
                                {
                                  "Node Type": "Seq Scan",
                                  "Parent Relationship": "Outer",
                                  "Parallel Aware": true,
                                  "Relation Name": "title",
                                  "Alias": "t",
                                  "Startup Cost": 0.0,
                                  "Total Cost": 42318.73,
                                  "Plan Rows": 632073,
                                  "Plan Width": 4,
                                  "Actual Startup Time": 0.042,
                                  "Actual Total Time": 103.821,
                                  "Actual Rows": 632078,
                                  "Actual Loops": 4
                                }
                              ]
                            }
                          ]
                        }
                      ]
                    }
                  ]
                }
              ]
            }
          ]
        }
      ]
    },
    "Planning Time": 1.37,
    "Triggers": [],
    "Execution Time": 917.109
  }
]