{
    "Plan": {
        "Node Type": "Aggregate",
        "Strategy": "Plain",
        "Partial Mode": "Simple",
        "Parallel Aware": false,
        "Startup Cost": 4416.36,
        "Total Cost": 4416.37,
        "Plan Rows": 1,
        "Plan Width": 64,
        "Actual Startup Time": 6113.213,
        "Actual Total Time": 6113.218,
        "Actual Rows": 1,
        "Actual Loops": 1,
        "Plans": [
            {
                "Node Type": "Nested Loop",
                "Parent Relationship": "Outer",
                "Parallel Aware": false,
                "Join Type": "Inner",
                "Startup Cost": 9.08,
                "Total Cost": 4416.2,
                "Plan Rows": 33,
                "Plan Width": 15,
                "Actual Startup Time": 15.511,
                "Actual Total Time": 6107.767,
                "Actual Rows": 52306,
                "Actual Loops": 1,
                "Inner Unique": true,
                "Plans": [
                    {
                        "Node Type": "Nested Loop",
                        "Parent Relationship": "Outer",
                        "Parallel Aware": false,
                        "Join Type": "Inner",
                        "Startup Cost": 8.66,
                        "Total Cost": 4401.57,
                        "Plan Rows": 33,
                        "Plan Width": 19,
                        "Actual Startup Time": 15.501,
                        "Actual Total Time": 5968.409,
                        "Actual Rows": 52306,
                        "Actual Loops": 1,
                        "Inner Unique": false,
                        "Plans": [
                            {
                                "Node Type": "Nested Loop",
                                "Parent Relationship": "Outer",
                                "Parallel Aware": false,
                                "Join Type": "Inner",
                                "Startup Cost": 8.23,
                                "Total Cost": 4394.16,
                                "Plan Rows": 13,
                                "Plan Width": 27,
                                "Actual Startup Time": 15.489,
                                "Actual Total Time": 5921.614,
                                "Actual Rows": 6642,
                                "Actual Loops": 1,
                                "Inner Unique": true,
                                "Plans": [
                                    {
                                        "Node Type": "Nested Loop",
                                        "Parent Relationship": "Outer",
                                        "Parallel Aware": false,
                                        "Join Type": "Inner",
                                        "Startup Cost": 7.8,
                                        "Total Cost": 4388.28,
                                        "Plan Rows": 13,
                                        "Plan Width": 23,
                                        "Actual Startup Time": 15.475,
                                        "Actual Total Time": 5891.661,
                                        "Actual Rows": 6642,
                                        "Actual Loops": 1,
                                        "Inner Unique": true,
                                        "Plans": [
                                            {
                                                "Node Type": "Nested Loop",
                                                "Parent Relationship": "Outer",
                                                "Parallel Aware": false,
                                                "Join Type": "Inner",
                                                "Startup Cost": 7.37,
                                                "Total Cost": 3822.02,
                                                "Plan Rows": 1238,
                                                "Plan Width": 12,
                                                "Actual Startup Time": 11.035,
                                                "Actual Total Time": 1777.22,
                                                "Actual Rows": 1038393,
                                                "Actual Loops": 1,
                                                "Inner Unique": false,
                                                "Plans": [
                                                    {
                                                        "Node Type": "Nested Loop",
                                                        "Parent Relationship": "Outer",
                                                        "Parallel Aware": false,
                                                        "Join Type": "Inner",
                                                        "Startup Cost": 6.8,
                                                        "Total Cost": 3757.63,
                                                        "Plan Rows": 34,
                                                        "Plan Width": 4,
                                                        "Actual Startup Time": 11.008,
                                                        "Actual Total Time": 59.438,
                                                        "Actual Rows": 41840,
                                                        "Actual Loops": 1,
                                                        "Inner Unique": false,
                                                        "Plans": [
                                                            {
                                                                "Node Type": "Seq Scan",
                                                                "Parent Relationship": "Outer",
                                                                "Parallel Aware": false,
                                                                "Relation Name": "keyword",
                                                                "Alias": "k",
                                                                "Startup Cost": 0.0,
                                                                "Total Cost": 2626.12,
                                                                "Plan Rows": 1,
                                                                "Plan Width": 4,
                                                                "Actual Startup Time": 1.315,
                                                                "Actual Total Time": 9.751,
                                                                "Actual Rows": 1,
                                                                "Actual Loops": 1,
                                                                "Filter": "(keyword = 'character-name-in-title'::text)",
                                                                "Rows Removed by Filter": 134169
                                                            },
                                                            {
                                                                "Node Type": "Bitmap Heap Scan",
                                                                "Parent Relationship": "Inner",
                                                                "Parallel Aware": false,
                                                                "Relation Name": "movie_keyword",
                                                                "Alias": "mk",
                                                                "Startup Cost": 6.8,
                                                                "Total Cost": 1128.44,
                                                                "Plan Rows": 306,
                                                                "Plan Width": 8,
                                                                "Actual Startup Time": 9.68,
                                                                "Actual Total Time": 44.116,
                                                                "Actual Rows": 41840,
                                                                "Actual Loops": 1,
                                                                "Recheck Cond": "(keyword_id = k.id)",
                                                                "Rows Removed by Index Recheck": 0,
                                                                "Exact Heap Blocks": 11541,
                                                                "Lossy Heap Blocks": 0,
                                                                "Plans": [
                                                                    {
                                                                        "Node Type": "Bitmap Index Scan",
                                                                        "Parent Relationship": "Outer",
                                                                        "Parallel Aware": false,
                                                                        "Index Name": "keyword_id_movie_keyword",
                                                                        "Startup Cost": 0.0,
                                                                        "Total Cost": 6.73,
                                                                        "Plan Rows": 306,
                                                                        "Plan Width": 0,
                                                                        "Actual Startup Time": 6.004,
                                                                        "Actual Total Time": 6.004,
                                                                        "Actual Rows": 41840,
                                                                        "Actual Loops": 1,
                                                                        "Index Cond": "(keyword_id = k.id)"
                                                                    }
                                                                ]
                                                            }
                                                        ]
                                                    },
                                                    {
                                                        "Node Type": "Index Scan",
                                                        "Parent Relationship": "Inner",
                                                        "Parallel Aware": false,
                                                        "Scan Direction": "Forward",
                                                        "Index Name": "movie_id_cast_info",
                                                        "Relation Name": "cast_info",
                                                        "Alias": "ci",
                                                        "Startup Cost": 0.56,
                                                        "Total Cost": 1.52,
                                                        "Plan Rows": 37,
                                                        "Plan Width": 8,
                                                        "Actual Startup Time": 0.004,
                                                        "Actual Total Time": 0.038,
                                                        "Actual Rows": 25,
                                                        "Actual Loops": 41840,
                                                        "Index Cond": "(movie_id = mk.movie_id)",
                                                        "Rows Removed by Index Recheck": 0
                                                    }
                                                ]
                                            },
                                            {
                                                "Node Type": "Index Scan",
                                                "Parent Relationship": "Inner",
                                                "Parallel Aware": false,
                                                "Scan Direction": "Forward",
                                                "Index Name": "name_pkey",
                                                "Relation Name": "name",
                                                "Alias": "n",
                                                "Startup Cost": 0.43,
                                                "Total Cost": 0.46,
                                                "Plan Rows": 1,
                                                "Plan Width": 19,
                                                "Actual Startup Time": 0.004,
                                                "Actual Total Time": 0.004,
                                                "Actual Rows": 0,
                                                "Actual Loops": 1038393,
                                                "Index Cond": "(id = ci.person_id)",
                                                "Rows Removed by Index Recheck": 0,
                                                "Filter": "(name ~~ 'Z%'::text)",
                                                "Rows Removed by Filter": 1
                                            }
                                        ]
                                    },
                                    {
                                        "Node Type": "Index Only Scan",
                                        "Parent Relationship": "Inner",
                                        "Parallel Aware": false,
                                        "Scan Direction": "Forward",
                                        "Index Name": "title_pkey",
                                        "Relation Name": "title",
                                        "Alias": "t",
                                        "Startup Cost": 0.43,
                                        "Total Cost": 0.45,
                                        "Plan Rows": 1,
                                        "Plan Width": 4,
                                        "Actual Startup Time": 0.004,
                                        "Actual Total Time": 0.004,
                                        "Actual Rows": 1,
                                        "Actual Loops": 6642,
                                        "Index Cond": "(id = ci.movie_id)",
                                        "Rows Removed by Index Recheck": 0,
                                        "Heap Fetches": 6642
                                    }
                                ]
                            },
                            {
                                "Node Type": "Index Scan",
                                "Parent Relationship": "Inner",
                                "Parallel Aware": false,
                                "Scan Direction": "Forward",
                                "Index Name": "movie_id_movie_companies",
                                "Relation Name": "movie_companies",
                                "Alias": "mc",
                                "Startup Cost": 0.43,
                                "Total Cost": 0.52,
                                "Plan Rows": 5,
                                "Plan Width": 8,
                                "Actual Startup Time": 0.004,
                                "Actual Total Time": 0.006,
                                "Actual Rows": 8,
                                "Actual Loops": 6642,
                                "Index Cond": "(movie_id = ci.movie_id)",
                                "Rows Removed by Index Recheck": 0
                            }
                        ]
                    },
                    {
                        "Node Type": "Index Only Scan",
                        "Parent Relationship": "Inner",
                        "Parallel Aware": false,
                        "Scan Direction": "Forward",
                        "Index Name": "company_name_pkey",
                        "Relation Name": "company_name",
                        "Alias": "cn",
                        "Startup Cost": 0.42,
                        "Total Cost": 0.44,
                        "Plan Rows": 1,
                        "Plan Width": 4,
                        "Actual Startup Time": 0.002,
                        "Actual Total Time": 0.002,
                        "Actual Rows": 1,
                        "Actual Loops": 52306,
                        "Index Cond": "(id = mc.company_id)",
                        "Rows Removed by Index Recheck": 0,
                        "Heap Fetches": 52306
                    }
                ]
            }
        ]
    },
    "Planning Time": 9.021,
    "Triggers": [],
    "Execution Time": 6113.356
}