{
  "Plan": {
    "Node Type": "Aggregate",
    "Strategy": "Plain",
    "Partial Mode": "Finalize",
    "Parallel Aware": false,
    "Startup Cost": 290872.39,
    "Total Cost": 290872.4,
    "Plan Rows": 1,
    "Plan Width": 8,
    "Actual Startup Time": 645.363,
    "Actual Total Time": 663.747,
    "Actual Rows": 1,
    "Actual Loops": 1,
    "Plans": [
      {
        "Node Type": "Gather",
        "Parent Relationship": "Outer",
        "Parallel Aware": false,
        "Startup Cost": 290872.28,
        "Total Cost": 290872.39,
        "Plan Rows": 1,
        "Plan Width": 8,
        "Actual Startup Time": 584.089,
        "Actual Total Time": 663.73,
        "Actual Rows": 2,
        "Actual Loops": 1,
        "Workers Planned": 1,
        "Workers Launched": 1,
        "Single Copy": false,
        "Plans": [
          {
            "Node Type": "Aggregate",
            "Strategy": "Plain",
            "Partial Mode": "Partial",
            "Parent Relationship": "Outer",
            "Parallel Aware": false,
            "Startup Cost": 289872.28,
            "Total Cost": 289872.29,
            "Plan Rows": 1,
            "Plan Width": 8,
            "Actual Startup Time": 606.574,
            "Actual Total Time": 606.585,
            "Actual Rows": 1,
            "Actual Loops": 2,
            "Plans": [
              {
                "Node Type": "Merge Join",
                "Parent Relationship": "Outer",
                "Parallel Aware": false,
                "Join Type": "Inner",
                "Startup Cost": 287937.8,
                "Total Cost": 289841.58,
                "Plan Rows": 12279,
                "Plan Width": 0,
                "Actual Startup Time": 539.393,
                "Actual Total Time": 599.944,
                "Actual Rows": 127622,
                "Actual Loops": 2,
                "Inner Unique": false,
                "Merge Cond": "(t.id = mi.movie_id)",
                "Plans": [
                  {
                    "Node Type": "Sort",
                    "Parent Relationship": "Outer",
                    "Parallel Aware": false,
                    "Startup Cost": 93031.4,
                    "Total Cost": 93410.92,
                    "Plan Rows": 151809,
                    "Plan Width": 8,
                    "Actual Startup Time": 446.018,
                    "Actual Total Time": 453.993,
                    "Actual Rows": 175344,
                    "Actual Loops": 2,
                    "Sort Key": [
                      "t.id"
                    ],
                    "Sort Method": "quicksort",
                    "Sort Space Used": 16062,
                    "Sort Space Type": "Memory",
                    "Workers": [
                      {
                        "Worker Number": 0,
                        "Sort Method": "quicksort",
                        "Sort Space Used": 12669,
                        "Sort Space Type": "Memory"
                      }
                    ],
                    "Plans": [
                      {
                        "Node Type": "Hash Join",
                        "Parent Relationship": "Outer",
                        "Parallel Aware": true,
                        "Join Type": "Inner",
                        "Startup Cost": 61783.01,
                        "Total Cost": 79966.79,
                        "Plan Rows": 151809,
                        "Plan Width": 8,
                        "Actual Startup Time": 232.381,
                        "Actual Total Time": 401.91,
                        "Actual Rows": 175379,
                        "Actual Loops": 2,
                        "Inner Unique": true,
                        "Hash Cond": "(mi_idx.movie_id = t.id)",
                        "Plans": [
                          {
                            "Node Type": "Seq Scan",
                            "Parent Relationship": "Outer",
                            "Parallel Aware": true,
                            "Relation Name": "movie_info_idx",
                            "Alias": "mi_idx",
                            "Startup Cost": 0.0,
                            "Total Cost": 16052.85,
                            "Plan Rows": 811785,
                            "Plan Width": 4,
                            "Actual Startup Time": 0.021,
                            "Actual Total Time": 58.799,
                            "Actual Rows": 690018,
                            "Actual Loops": 2
                          },
                          {
                            "Node Type": "Hash",
                            "Parent Relationship": "Inner",
                            "Parallel Aware": true,
                            "Startup Cost": 58306.47,
                            "Total Cost": 58306.47,
                            "Plan Rows": 278123,
                            "Plan Width": 4,
                            "Actual Startup Time": 226.687,
                            "Actual Total Time": 226.69,
                            "Actual Rows": 198180,
                            "Actual Loops": 2,
                            "Hash Buckets": 524288,
                            "Original Hash Buckets": 524288,
                            "Hash Batches": 1,
                            "Original Hash Batches": 1,
                            "Peak Memory Usage": 19616,
                            "Plans": [
                              {
                                "Node Type": "Seq Scan",
                                "Parent Relationship": "Outer",
                                "Parallel Aware": true,
                                "Relation Name": "title",
                                "Alias": "t",
                                "Startup Cost": 0.0,
                                "Total Cost": 58306.47,
                                "Plan Rows": 278123,
                                "Plan Width": 4,
                                "Actual Startup Time": 0.029,
                                "Actual Total Time": 173.0,
                                "Actual Rows": 198180,
                                "Actual Loops": 2,
                                "Filter": "((kind_id < 7) AND (production_year > 2003))",
                                "Rows Removed by Filter": 1065976
                              }
                            ]
                          }
                        ]
                      }
                    ]
                  },
                  {
                    "Node Type": "Sort",
                    "Parent Relationship": "Inner",
                    "Parallel Aware": false,
                    "Startup Cost": 194906.38,
                    "Total Cost": 195417.65,
                    "Plan Rows": 204507,
                    "Plan Width": 4,
                    "Actual Startup Time": 93.127,
                    "Actual Total Time": 110.852,
                    "Actual Rows": 281937,
                    "Actual Loops": 2,
                    "Sort Key": [
                      "mi.movie_id"
                    ],
                    "Sort Method": "quicksort",
                    "Sort Space Used": 15414,
                    "Sort Space Type": "Memory",
                    "Workers": [
                      {
                        "Worker Number": 0,
                        "Sort Method": "quicksort",
                        "Sort Space Used": 15414,
                        "Sort Space Type": "Memory"
                      }
                    ],
                    "Plans": [
                      {
                        "Node Type": "Bitmap Heap Scan",
                        "Parent Relationship": "Outer",
                        "Parallel Aware": false,
                        "Relation Name": "movie_info",
                        "Alias": "mi",
                        "Startup Cost": 3705.36,
                        "Total Cost": 176867.04,
                        "Plan Rows": 204507,
                        "Plan Width": 4,
                        "Actual Startup Time": 8.529,
                        "Actual Total Time": 45.593,
                        "Actual Rows": 197754,
                        "Actual Loops": 2,
                        "Recheck Cond": "(info_type_id > 106)",
                        "Rows Removed by Index Recheck": 0,
                        "Exact Heap Blocks": 4967,
                        "Lossy Heap Blocks": 0,
                        "Plans": [
                          {
                            "Node Type": "Bitmap Index Scan",
                            "Parent Relationship": "Outer",
                            "Parallel Aware": false,
                            "Index Name": "info_type_id_movie_info",
                            "Startup Cost": 0.0,
                            "Total Cost": 3654.24,
                            "Plan Rows": 204507,
                            "Plan Width": 0,
                            "Actual Startup Time": 7.813,
                            "Actual Total Time": 7.813,
                            "Actual Rows": 197754,
                            "Actual Loops": 2,
                            "Index Cond": "(info_type_id > 106)"
                          }
                        ]
                      }
                    ]
                  }
                ]
              }
            ]
          }
        ]
      }
    ]
  },
  "Planning Time": 1.042,
  "Triggers": [],
  "Execution Time": 669.319
}