[
    {
        "Bao": {
            "Bao prediction": "NaN",
            "Bao recommended hint": "(no hint)"
        }
    },
    {
        "Plan": {
            "Node Type": "Aggregate",
            "Strategy": "Plain",
            "Partial Mode": "Finalize",
            "Parallel Aware": false,
            "Startup Cost": 394525.1,
            "Total Cost": 394525.11,
            "Plan Rows": 1,
            "Plan Width": 8,
            "Actual Startup Time": 2307.245,
            "Actual Total Time": 2338.266,
            "Actual Rows": 1,
            "Actual Loops": 1,
            "Output": [
                "count(*)"
            ],
            "Plans": [
                {
                    "Node Type": "Gather",
                    "Parent Relationship": "Outer",
                    "Parallel Aware": false,
                    "Startup Cost": 394524.47,
                    "Total Cost": 394525.08,
                    "Plan Rows": 6,
                    "Plan Width": 8,
                    "Actual Startup Time": 2302.582,
                    "Actual Total Time": 2338.253,
                    "Actual Rows": 7,
                    "Actual Loops": 1,
                    "Output": [
                        "(PARTIAL count(*))"
                    ],
                    "Workers Planned": 6,
                    "Workers Launched": 6,
                    "Single Copy": false,
                    "Plans": [
                        {
                            "Node Type": "Aggregate",
                            "Strategy": "Plain",
                            "Partial Mode": "Partial",
                            "Parent Relationship": "Outer",
                            "Parallel Aware": false,
                            "Startup Cost": 393524.47,
                            "Total Cost": 393524.48,
                            "Plan Rows": 1,
                            "Plan Width": 8,
                            "Actual Startup Time": 2293.083,
                            "Actual Total Time": 2293.086,
                            "Actual Rows": 1,
                            "Actual Loops": 7,
                            "Output": [
                                "PARTIAL count(*)"
                            ],
                            "Workers": [
                                {
                                    "Worker Number": 0,
                                    "Actual Startup Time": 2290.53,
                                    "Actual Total Time": 2290.531,
                                    "Actual Rows": 1,
                                    "Actual Loops": 1
                                },
                                {
                                    "Worker Number": 1,
                                    "Actual Startup Time": 2290.944,
                                    "Actual Total Time": 2290.947,
                                    "Actual Rows": 1,
                                    "Actual Loops": 1
                                },
                                {
                                    "Worker Number": 2,
                                    "Actual Startup Time": 2291.241,
                                    "Actual Total Time": 2291.244,
                                    "Actual Rows": 1,
                                    "Actual Loops": 1
                                },
                                {
                                    "Worker Number": 3,
                                    "Actual Startup Time": 2291.695,
                                    "Actual Total Time": 2291.697,
                                    "Actual Rows": 1,
                                    "Actual Loops": 1
                                },
                                {
                                    "Worker Number": 4,
                                    "Actual Startup Time": 2292.874,
                                    "Actual Total Time": 2292.876,
                                    "Actual Rows": 1,
                                    "Actual Loops": 1
                                },
                                {
                                    "Worker Number": 5,
                                    "Actual Startup Time": 2292.231,
                                    "Actual Total Time": 2292.234,
                                    "Actual Rows": 1,
                                    "Actual Loops": 1
                                }
                            ],
                            "Plans": [
                                {
                                    "Node Type": "Hash Join",
                                    "Parent Relationship": "Outer",
                                    "Parallel Aware": true,
                                    "Join Type": "Inner",
                                    "Startup Cost": 46720.31,
                                    "Total Cost": 388806.67,
                                    "Plan Rows": 1887120,
                                    "Plan Width": 0,
                                    "Actual Startup Time": 152.047,
                                    "Actual Total Time": 2186.509,
                                    "Actual Rows": 1727836,
                                    "Actual Loops": 7,
                                    "Inner Unique": true,
                                    "Hash Cond": "(ci.movie_id = t.id)",
                                    "Workers": [
                                        {
                                            "Worker Number": 0,
                                            "Actual Startup Time": 149.637,
                                            "Actual Total Time": 2184.902,
                                            "Actual Rows": 1707712,
                                            "Actual Loops": 1
                                        },
                                        {
                                            "Worker Number": 1,
                                            "Actual Startup Time": 150.098,
                                            "Actual Total Time": 2182.755,
                                            "Actual Rows": 1612224,
                                            "Actual Loops": 1
                                        },
                                        {
                                            "Worker Number": 2,
                                            "Actual Startup Time": 150.346,
                                            "Actual Total Time": 2182.901,
                                            "Actual Rows": 1746080,
                                            "Actual Loops": 1
                                        },
                                        {
                                            "Worker Number": 3,
                                            "Actual Startup Time": 150.964,
                                            "Actual Total Time": 2181.334,
                                            "Actual Rows": 1573165,
                                            "Actual Loops": 1
                                        },
                                        {
                                            "Worker Number": 4,
                                            "Actual Startup Time": 151.084,
                                            "Actual Total Time": 2181.866,
                                            "Actual Rows": 1543732,
                                            "Actual Loops": 1
                                        },
                                        {
                                            "Worker Number": 5,
                                            "Actual Startup Time": 151.195,
                                            "Actual Total Time": 2181.846,
                                            "Actual Rows": 1543824,
                                            "Actual Loops": 1
                                        }
                                    ],
                                    "Plans": [
                                        {
                                            "Node Type": "Seq Scan",
                                            "Parent Relationship": "Outer",
                                            "Parallel Aware": true,
                                            "Relation Name": "cast_info",
                                            "Schema": "public",
                                            "Alias": "ci",
                                            "Startup Cost": 0.0,
                                            "Total Cost": 328213.62,
                                            "Plan Rows": 5284849,
                                            "Plan Width": 4,
                                            "Actual Startup Time": 0.029,
                                            "Actual Total Time": 802.394,
                                            "Actual Rows": 4515030,
                                            "Actual Loops": 7,
                                            "Output": [
                                                "ci.id",
                                                "ci.person_id",
                                                "ci.movie_id",
                                                "ci.person_role_id",
                                                "ci.note",
                                                "ci.nr_order",
                                                "ci.role_id"
                                            ],
                                            "Filter": "(ci.role_id < 10)",
                                            "Rows Removed by Filter": 662734,
                                            "Workers": [
                                                {
                                                    "Worker Number": 0,
                                                    "Actual Startup Time": 0.032,
                                                    "Actual Total Time": 797.483,
                                                    "Actual Rows": 4458574,
                                                    "Actual Loops": 1
                                                },
                                                {
                                                    "Worker Number": 1,
                                                    "Actual Startup Time": 0.03,
                                                    "Actual Total Time": 809.806,
                                                    "Actual Rows": 4220479,
                                                    "Actual Loops": 1
                                                },
                                                {
                                                    "Worker Number": 2,
                                                    "Actual Startup Time": 0.034,
                                                    "Actual Total Time": 806.268,
                                                    "Actual Rows": 4507323,
                                                    "Actual Loops": 1
                                                },
                                                {
                                                    "Worker Number": 3,
                                                    "Actual Startup Time": 0.038,
                                                    "Actual Total Time": 820.927,
                                                    "Actual Rows": 4117271,
                                                    "Actual Loops": 1
                                                },
                                                {
                                                    "Worker Number": 4,
                                                    "Actual Startup Time": 0.03,
                                                    "Actual Total Time": 823.547,
                                                    "Actual Rows": 4040302,
                                                    "Actual Loops": 1
                                                },
                                                {
                                                    "Worker Number": 5,
                                                    "Actual Startup Time": 0.028,
                                                    "Actual Total Time": 819.51,
                                                    "Actual Rows": 4026585,
                                                    "Actual Loops": 1
                                                }
                                            ]
                                        },
                                        {
                                            "Node Type": "Hash",
                                            "Parent Relationship": "Inner",
                                            "Parallel Aware": true,
                                            "Startup Cost": 43899.01,
                                            "Total Cost": 43899.01,
                                            "Plan Rows": 225704,
                                            "Plan Width": 4,
                                            "Actual Startup Time": 149.056,
                                            "Actual Total Time": 149.057,
                                            "Actual Rows": 129213,
                                            "Actual Loops": 7,
                                            "Output": [
                                                "t.id"
                                            ],
                                            "Hash Buckets": 1048576,
                                            "Original Hash Buckets": 1048576,
                                            "Hash Batches": 1,
                                            "Original Hash Batches": 1,
                                            "Peak Memory Usage": 43712,
                                            "Workers": [
                                                {
                                                    "Worker Number": 0,
                                                    "Actual Startup Time": 148.756,
                                                    "Actual Total Time": 148.756,
                                                    "Actual Rows": 120029,
                                                    "Actual Loops": 1
                                                },
                                                {
                                                    "Worker Number": 1,
                                                    "Actual Startup Time": 149.183,
                                                    "Actual Total Time": 149.184,
                                                    "Actual Rows": 114699,
                                                    "Actual Loops": 1
                                                },
                                                {
                                                    "Worker Number": 2,
                                                    "Actual Startup Time": 149.405,
                                                    "Actual Total Time": 149.406,
                                                    "Actual Rows": 118273,
                                                    "Actual Loops": 1
                                                },
                                                {
                                                    "Worker Number": 3,
                                                    "Actual Startup Time": 149.874,
                                                    "Actual Total Time": 149.875,
                                                    "Actual Rows": 114032,
                                                    "Actual Loops": 1
                                                },
                                                {
                                                    "Worker Number": 4,
                                                    "Actual Startup Time": 150.168,
                                                    "Actual Total Time": 150.168,
                                                    "Actual Rows": 115346,
                                                    "Actual Loops": 1
                                                },
                                                {
                                                    "Worker Number": 5,
                                                    "Actual Startup Time": 150.432,
                                                    "Actual Total Time": 150.432,
                                                    "Actual Rows": 116337,
                                                    "Actual Loops": 1
                                                }
                                            ],
                                            "Plans": [
                                                {
                                                    "Node Type": "Seq Scan",
                                                    "Parent Relationship": "Outer",
                                                    "Parallel Aware": true,
                                                    "Relation Name": "title",
                                                    "Schema": "public",
                                                    "Alias": "t",
                                                    "Startup Cost": 0.0,
                                                    "Total Cost": 43899.01,
                                                    "Plan Rows": 225704,
                                                    "Plan Width": 4,
                                                    "Actual Startup Time": 0.045,
                                                    "Actual Total Time": 81.638,
                                                    "Actual Rows": 129213,
                                                    "Actual Loops": 7,
                                                    "Output": [
                                                        "t.id"
                                                    ],
                                                    "Filter": "(t.production_year > 2006)",
                                                    "Rows Removed by Filter": 231974,
                                                    "Workers": [
                                                        {
                                                            "Worker Number": 0,
                                                            "Actual Startup Time": 0.049,
                                                            "Actual Total Time": 83.865,
                                                            "Actual Rows": 120029,
                                                            "Actual Loops": 1
                                                        },
                                                        {
                                                            "Worker Number": 1,
                                                            "Actual Startup Time": 0.065,
                                                            "Actual Total Time": 84.003,
                                                            "Actual Rows": 114699,
                                                            "Actual Loops": 1
                                                        },
                                                        {
                                                            "Worker Number": 2,
                                                            "Actual Startup Time": 0.056,
                                                            "Actual Total Time": 83.592,
                                                            "Actual Rows": 118273,
                                                            "Actual Loops": 1
                                                        },
                                                        {
                                                            "Worker Number": 3,
                                                            "Actual Startup Time": 0.043,
                                                            "Actual Total Time": 83.945,
                                                            "Actual Rows": 114032,
                                                            "Actual Loops": 1
                                                        },
                                                        {
                                                            "Worker Number": 4,
                                                            "Actual Startup Time": 0.047,
                                                            "Actual Total Time": 82.921,
                                                            "Actual Rows": 115346,
                                                            "Actual Loops": 1
                                                        },
                                                        {
                                                            "Worker Number": 5,
                                                            "Actual Startup Time": 0.035,
                                                            "Actual Total Time": 83.4,
                                                            "Actual Rows": 116337,
                                                            "Actual Loops": 1
                                                        }
                                                    ]
                                                }
                                            ]
                                        }
                                    ]
                                }
                            ]
                        }
                    ]
                }
            ]
        },
        "Planning Time": 188.295,
        "Triggers": [],
        "Execution Time": 2338.336
    }
]