[
  {
    "Plan": {
      "Node Type": "Aggregate",
      "Strategy": "Plain",
      "Partial Mode": "Simple",
      "Parallel Aware": false,
      "Startup Cost": 16900.85,
      "Total Cost": 16900.86,
      "Plan Rows": 1,
      "Plan Width": 32,
      "Actual Startup Time": 288.615,
      "Actual Total Time": 288.618,
      "Actual Rows": 1,
      "Actual Loops": 1,
      "Plans": [
        {
          "Node Type": "Nested Loop",
          "Parent Relationship": "Outer",
          "Parallel Aware": false,
          "Join Type": "Inner",
          "Startup Cost": 11.66,
          "Total Cost": 16900.83,
          "Plan Rows": 8,
          "Plan Width": 17,
          "Actual Startup Time": 28.719,
          "Actual Total Time": 288.585,
          "Actual Rows": 24,
          "Actual Loops": 1,
          "Inner Unique": false,
          "Join Filter": "(t.id = mi.movie_id)",
          "Rows Removed by Join Filter": 0,
          "Plans": [
            {
              "Node Type": "Nested Loop",
              "Parent Relationship": "Outer",
              "Parallel Aware": false,
              "Join Type": "Inner",
              "Startup Cost": 11.23,
              "Total Cost": 16598.89,
              "Plan Rows": 207,
              "Plan Width": 25,
              "Actual Startup Time": 10.481,
              "Actual Total Time": 142.845,
              "Actual Rows": 3103,
              "Actual Loops": 1,
              "Inner Unique": true,
              "Plans": [
                {
                  "Node Type": "Nested Loop",
                  "Parent Relationship": "Outer",
                  "Parallel Aware": false,
                  "Join Type": "Inner",
                  "Startup Cost": 10.8,
                  "Total Cost": 16384.36,
                  "Plan Rows": 438,
                  "Plan Width": 4,
                  "Actual Startup Time": 8.48,
                  "Actual Total Time": 65.39,
                  "Actual Rows": 12951,
                  "Actual Loops": 1,
                  "Inner Unique": false,
                  "Plans": [
                    {
                      "Node Type": "Seq Scan",
                      "Parent Relationship": "Outer",
                      "Parallel Aware": false,
                      "Relation Name": "keyword",
                      "Alias": "k",
                      "Startup Cost": 0.0,
                      "Total Cost": 2626.12,
                      "Plan Rows": 13,
                      "Plan Width": 4,
                      "Actual Startup Time": 3.082,
                      "Actual Total Time": 24.646,
                      "Actual Rows": 30,
                      "Actual Loops": 1,
                      "Filter": "(keyword ~~ '%sequel%'::text)",
                      "Rows Removed by Filter": 134140
                    },
                    {
                      "Node Type": "Bitmap Heap Scan",
                      "Parent Relationship": "Inner",
                      "Parallel Aware": false,
                      "Relation Name": "movie_keyword",
                      "Alias": "mk",
                      "Startup Cost": 10.8,
                      "Total Cost": 1055.28,
                      "Plan Rows": 305,
                      "Plan Width": 8,
                      "Actual Startup Time": 0.205,
                      "Actual Total Time": 1.265,
                      "Actual Rows": 432,
                      "Actual Loops": 30,
                      "Recheck Cond": "(keyword_id = k.id)",
                      "Rows Removed by Index Recheck": 0,
                      "Exact Heap Blocks": 6979,
                      "Lossy Heap Blocks": 0,
                      "Plans": [
                        {
                          "Node Type": "Bitmap Index Scan",
                          "Parent Relationship": "Outer",
                          "Parallel Aware": false,
                          "Index Name": "keyword_id_movie_keyword",
                          "Startup Cost": 0.0,
                          "Total Cost": 10.72,
                          "Plan Rows": 305,
                          "Plan Width": 0,
                          "Actual Startup Time": 0.13,
                          "Actual Total Time": 0.13,
                          "Actual Rows": 432,
                          "Actual Loops": 30,
                          "Index Cond": "(keyword_id = k.id)"
                        }
                      ]
                    }
                  ]
                },
                {
                  "Node Type": "Index Scan",
                  "Parent Relationship": "Inner",
                  "Parallel Aware": false,
                  "Scan Direction": "Forward",
                  "Index Name": "title_pkey",
                  "Relation Name": "title",
                  "Alias": "t",
                  "Startup Cost": 0.43,
                  "Total Cost": 0.49,
                  "Plan Rows": 1,
                  "Plan Width": 21,
                  "Actual Startup Time": 0.005,
                  "Actual Total Time": 0.005,
                  "Actual Rows": 0,
                  "Actual Loops": 12951,
                  "Index Cond": "(id = mk.movie_id)",
                  "Rows Removed by Index Recheck": 0,
                  "Filter": "(production_year > 2003)",
                  "Rows Removed by Filter": 1
                }
              ]
            },
            {
              "Node Type": "Index Scan",
              "Parent Relationship": "Inner",
              "Parallel Aware": false,
              "Scan Direction": "Forward",
              "Index Name": "movie_id_movie_info",
              "Relation Name": "movie_info",
              "Alias": "mi",
              "Startup Cost": 0.43,
              "Total Cost": 1.45,
              "Plan Rows": 1,
              "Plan Width": 4,
              "Actual Startup Time": 0.046,
              "Actual Total Time": 0.047,
              "Actual Rows": 0,
              "Actual Loops": 3103,
              "Index Cond": "(movie_id = mk.movie_id)",
              "Rows Removed by Index Recheck": 0,
              "Filter": "(info = 'Denmark'::text)",
              "Rows Removed by Filter": 42
            }
          ]
        }
      ]
    },
    "Planning Time": 7.025,
    "Triggers": [],
    "Execution Time": 288.958
  }
]