{
  "Plan": {
    "Node Type": "Aggregate",
    "Strategy": "Plain",
    "Partial Mode": "Finalize",
    "Parallel Aware": false,
    "Startup Cost": 689105.0,
    "Total Cost": 689105.01,
    "Plan Rows": 1,
    "Plan Width": 8,
    "Actual Startup Time": 4982.897,
    "Actual Total Time": 5055.06,
    "Actual Rows": 1,
    "Actual Loops": 1,
    "Plans": [
      {
        "Node Type": "Gather",
        "Parent Relationship": "Outer",
        "Parallel Aware": false,
        "Startup Cost": 689104.88,
        "Total Cost": 689104.99,
        "Plan Rows": 1,
        "Plan Width": 8,
        "Actual Startup Time": 4980.117,
        "Actual Total Time": 5055.052,
        "Actual Rows": 2,
        "Actual Loops": 1,
        "Workers Planned": 1,
        "Workers Launched": 1,
        "Single Copy": false,
        "Plans": [
          {
            "Node Type": "Aggregate",
            "Strategy": "Plain",
            "Partial Mode": "Partial",
            "Parent Relationship": "Outer",
            "Parallel Aware": false,
            "Startup Cost": 688104.88,
            "Total Cost": 688104.89,
            "Plan Rows": 1,
            "Plan Width": 8,
            "Actual Startup Time": 4973.843,
            "Actual Total Time": 4973.849,
            "Actual Rows": 1,
            "Actual Loops": 2,
            "Plans": [
              {
                "Node Type": "Hash Join",
                "Parent Relationship": "Outer",
                "Parallel Aware": true,
                "Join Type": "Inner",
                "Startup Cost": 108680.58,
                "Total Cost": 678049.06,
                "Plan Rows": 4022330,
                "Plan Width": 0,
                "Actual Startup Time": 861.241,
                "Actual Total Time": 4849.373,
                "Actual Rows": 2788612,
                "Actual Loops": 2,
                "Inner Unique": false,
                "Hash Cond": "(ci.movie_id = t.id)",
                "Plans": [
                  {
                    "Node Type": "Seq Scan",
                    "Parent Relationship": "Outer",
                    "Parallel Aware": true,
                    "Relation Name": "cast_info",
                    "Alias": "ci",
                    "Startup Cost": 0.0,
                    "Total Cost": 465792.95,
                    "Plan Rows": 21310595,
                    "Plan Width": 4,
                    "Actual Startup Time": 0.029,
                    "Actual Total Time": 1449.542,
                    "Actual Rows": 18122172,
                    "Actual Loops": 2
                  },
                  {
                    "Node Type": "Hash",
                    "Parent Relationship": "Inner",
                    "Parallel Aware": true,
                    "Startup Cost": 105171.68,
                    "Total Cost": 105171.68,
                    "Plan Rows": 280712,
                    "Plan Width": 8,
                    "Actual Startup Time": 855.379,
                    "Actual Total Time": 855.382,
                    "Actual Rows": 105331,
                    "Actual Loops": 2,
                    "Hash Buckets": 524288,
                    "Original Hash Buckets": 524288,
                    "Hash Batches": 1,
                    "Original Hash Batches": 1,
                    "Peak Memory Usage": 12352,
                    "Plans": [
                      {
                        "Node Type": "Hash Join",
                        "Parent Relationship": "Outer",
                        "Parallel Aware": true,
                        "Join Type": "Inner",
                        "Startup Cost": 65213.67,
                        "Total Cost": 105171.68,
                        "Plan Rows": 280712,
                        "Plan Width": 8,
                        "Actual Startup Time": 411.166,
                        "Actual Total Time": 812.528,
                        "Actual Rows": 105331,
                        "Actual Loops": 2,
                        "Inner Unique": true,
                        "Hash Cond": "(mc.movie_id = t.id)",
                        "Plans": [
                          {
                            "Node Type": "Seq Scan",
                            "Parent Relationship": "Outer",
                            "Parallel Aware": true,
                            "Relation Name": "movie_companies",
                            "Alias": "mc",
                            "Startup Cost": 0.0,
                            "Total Cost": 37974.77,
                            "Plan Rows": 755522,
                            "Plan Width": 4,
                            "Actual Startup Time": 0.025,
                            "Actual Total Time": 183.899,
                            "Actual Rows": 637123,
                            "Actual Loops": 2,
                            "Filter": "(company_type_id = 1)",
                            "Rows Removed by Filter": 667442
                          },
                          {
                            "Node Type": "Hash",
                            "Parent Relationship": "Inner",
                            "Parallel Aware": true,
                            "Startup Cost": 58306.47,
                            "Total Cost": 58306.47,
                            "Plan Rows": 552576,
                            "Plan Width": 4,
                            "Actual Startup Time": 404.853,
                            "Actual Total Time": 404.854,
                            "Actual Rows": 438018,
                            "Actual Loops": 2,
                            "Hash Buckets": 1048576,
                            "Original Hash Buckets": 1048576,
                            "Hash Batches": 1,
                            "Original Hash Batches": 1,
                            "Peak Memory Usage": 42496,
                            "Plans": [
                              {
                                "Node Type": "Seq Scan",
                                "Parent Relationship": "Outer",
                                "Parallel Aware": true,
                                "Relation Name": "title",
                                "Alias": "t",
                                "Startup Cost": 0.0,
                                "Total Cost": 58306.47,
                                "Plan Rows": 552576,
                                "Plan Width": 4,
                                "Actual Startup Time": 0.039,
                                "Actual Total Time": 245.19,
                                "Actual Rows": 438018,
                                "Actual Loops": 2,
                                "Filter": "((production_year < 2007) AND (kind_id = 7))",
                                "Rows Removed by Filter": 826138
                              }
                            ]
                          }
                        ]
                      }
                    ]
                  }
                ]
              }
            ]
          }
        ]
      }
    ]
  },
  "Planning Time": 1.085,
  "Triggers": [],
  "Execution Time": 5055.161
}