{
  "Plan": {
    "Node Type": "Aggregate",
    "Strategy": "Plain",
    "Partial Mode": "Finalize",
    "Parallel Aware": false,
    "Startup Cost": 210667.38,
    "Total Cost": 210667.39,
    "Plan Rows": 1,
    "Plan Width": 8,
    "Actual Startup Time": 3128.91,
    "Actual Total Time": 3161.359,
    "Actual Rows": 1,
    "Actual Loops": 1,
    "Plans": [
      {
        "Node Type": "Gather",
        "Parent Relationship": "Outer",
        "Parallel Aware": false,
        "Startup Cost": 210667.27,
        "Total Cost": 210667.38,
        "Plan Rows": 1,
        "Plan Width": 8,
        "Actual Startup Time": 3119.378,
        "Actual Total Time": 3161.35,
        "Actual Rows": 2,
        "Actual Loops": 1,
        "Workers Planned": 1,
        "Workers Launched": 1,
        "Single Copy": false,
        "Plans": [
          {
            "Node Type": "Aggregate",
            "Strategy": "Plain",
            "Partial Mode": "Partial",
            "Parent Relationship": "Outer",
            "Parallel Aware": false,
            "Startup Cost": 209667.27,
            "Total Cost": 209667.28,
            "Plan Rows": 1,
            "Plan Width": 8,
            "Actual Startup Time": 3107.121,
            "Actual Total Time": 3107.126,
            "Actual Rows": 1,
            "Actual Loops": 2,
            "Plans": [
              {
                "Node Type": "Hash Join",
                "Parent Relationship": "Outer",
                "Parallel Aware": true,
                "Join Type": "Inner",
                "Startup Cost": 119958.26,
                "Total Cost": 205185.81,
                "Plan Rows": 1792584,
                "Plan Width": 0,
                "Actual Startup Time": 973.127,
                "Actual Total Time": 2590.985,
                "Actual Rows": 11374714,
                "Actual Loops": 2,
                "Inner Unique": false,
                "Hash Cond": "(t.id = mc.movie_id)",
                "Plans": [
                  {
                    "Node Type": "Hash Join",
                    "Parent Relationship": "Outer",
                    "Parallel Aware": true,
                    "Join Type": "Inner",
                    "Startup Cost": 69460.7,
                    "Total Cost": 127511.54,
                    "Plan Rows": 2661135,
                    "Plan Width": 8,
                    "Actual Startup Time": 577.43,
                    "Actual Total Time": 1154.565,
                    "Actual Rows": 2261965,
                    "Actual Loops": 2,
                    "Inner Unique": true,
                    "Hash Cond": "(mk.movie_id = t.id)",
                    "Plans": [
                      {
                        "Node Type": "Seq Scan",
                        "Parent Relationship": "Outer",
                        "Parallel Aware": true,
                        "Relation Name": "movie_keyword",
                        "Alias": "mk",
                        "Startup Cost": 0.0,
                        "Total Cost": 51065.35,
                        "Plan Rows": 2661135,
                        "Plan Width": 4,
                        "Actual Startup Time": 0.009,
                        "Actual Total Time": 165.19,
                        "Actual Rows": 2261965,
                        "Actual Loops": 2
                      },
                      {
                        "Node Type": "Hash",
                        "Parent Relationship": "Inner",
                        "Parallel Aware": true,
                        "Startup Cost": 50870.31,
                        "Total Cost": 50870.31,
                        "Plan Rows": 1487231,
                        "Plan Width": 4,
                        "Actual Startup Time": 564.958,
                        "Actual Total Time": 564.959,
                        "Actual Rows": 1264156,
                        "Actual Loops": 2,
                        "Hash Buckets": 4194304,
                        "Original Hash Buckets": 4194304,
                        "Hash Batches": 1,
                        "Original Hash Batches": 1,
                        "Peak Memory Usage": 131712,
                        "Plans": [
                          {
                            "Node Type": "Seq Scan",
                            "Parent Relationship": "Outer",
                            "Parallel Aware": true,
                            "Relation Name": "title",
                            "Alias": "t",
                            "Startup Cost": 0.0,
                            "Total Cost": 50870.31,
                            "Plan Rows": 1487231,
                            "Plan Width": 4,
                            "Actual Startup Time": 0.021,
                            "Actual Total Time": 175.303,
                            "Actual Rows": 1264156,
                            "Actual Loops": 2
                          }
                        ]
                      }
                    ]
                  },
                  {
                    "Node Type": "Hash",
                    "Parent Relationship": "Inner",
                    "Parallel Aware": true,
                    "Startup Cost": 37974.77,
                    "Total Cost": 37974.77,
                    "Plan Rows": 1001823,
                    "Plan Width": 4,
                    "Actual Startup Time": 381.418,
                    "Actual Total Time": 381.418,
                    "Actual Rows": 852974,
                    "Actual Loops": 2,
                    "Hash Buckets": 2097152,
                    "Original Hash Buckets": 2097152,
                    "Hash Batches": 1,
                    "Original Hash Batches": 1,
                    "Peak Memory Usage": 83168,
                    "Plans": [
                      {
                        "Node Type": "Seq Scan",
                        "Parent Relationship": "Outer",
                        "Parallel Aware": true,
                        "Relation Name": "movie_companies",
                        "Alias": "mc",
                        "Startup Cost": 0.0,
                        "Total Cost": 37974.77,
                        "Plan Rows": 1001823,
                        "Plan Width": 4,
                        "Actual Startup Time": 3.169,
                        "Actual Total Time": 164.747,
                        "Actual Rows": 852974,
                        "Actual Loops": 2,
                        "Filter": "(company_id > 2928)",
                        "Rows Removed by Filter": 451591
                      }
                    ]
                  }
                ]
              }
            ]
          }
        ]
      }
    ]
  },
  "Planning Time": 0.913,
  "Triggers": [],
  "Execution Time": 3161.43
}