{
  "Plan": {
    "Node Type": "Merge Join",
    "Parallel Aware": false,
    "Join Type": "Inner",
    "Startup Cost": 137758.97,
    "Total Cost": 154121.32,
    "Plan Rows": 262758,
    "Plan Width": 4,
    "Actual Startup Time": 928.54,
    "Actual Total Time": 1008.715,
    "Actual Rows": 259406,
    "Actual Loops": 1,
    "Inner Unique": false,
    "Merge Cond": "(cn.id = mc.company_id)",
    "Plans": [
      {
        "Node Type": "Index Only Scan",
        "Parent Relationship": "Outer",
        "Parallel Aware": false,
        "Scan Direction": "Forward",
        "Index Name": "company_name_pkey",
        "Relation Name": "company_name",
        "Alias": "cn",
        "Startup Cost": 0.42,
        "Total Cost": 11881.93,
        "Plan Rows": 234997,
        "Plan Width": 4,
        "Actual Startup Time": 0.056,
        "Actual Total Time": 1.805,
        "Actual Rows": 133,
        "Actual Loops": 1,
        "Heap Fetches": 133
      },
      {
        "Node Type": "Sort",
        "Parent Relationship": "Inner",
        "Parallel Aware": false,
        "Startup Cost": 137718.38,
        "Total Cost": 138375.27,
        "Plan Rows": 262758,
        "Plan Width": 4,
        "Actual Startup Time": 928.472,
        "Actual Total Time": 968.789,
        "Actual Rows": 259406,
        "Actual Loops": 1,
        "Sort Key": [
          "mc.company_id"
        ],
        "Sort Method": "quicksort",
        "Sort Space Used": 18304,
        "Sort Space Type": "Memory",
        "Plans": [
          {
            "Node Type": "Gather",
            "Parent Relationship": "Outer",
            "Parallel Aware": false,
            "Startup Cost": 39282.65,
            "Total Cost": 114065.72,
            "Plan Rows": 262758,
            "Plan Width": 4,
            "Actual Startup Time": 415.229,
            "Actual Total Time": 862.256,
            "Actual Rows": 259406,
            "Actual Loops": 1,
            "Workers Planned": 4,
            "Workers Launched": 4,
            "Single Copy": false,
            "Plans": [
              {
                "Node Type": "Hash Join",
                "Parent Relationship": "Outer",
                "Parallel Aware": false,
                "Join Type": "Inner",
                "Startup Cost": 38282.65,
                "Total Cost": 86789.92,
                "Plan Rows": 65690,
                "Plan Width": 4,
                "Actual Startup Time": 405.472,
                "Actual Total Time": 845.953,
                "Actual Rows": 51881,
                "Actual Loops": 5,
                "Inner Unique": false,
                "Hash Cond": "(t.id = mc.movie_id)",
                "Plans": [
                  {
                    "Node Type": "Seq Scan",
                    "Parent Relationship": "Outer",
                    "Parallel Aware": true,
                    "Relation Name": "title",
                    "Alias": "t",
                    "Startup Cost": 0.0,
                    "Total Cost": 42319.27,
                    "Plan Rows": 632127,
                    "Plan Width": 4,
                    "Actual Startup Time": 0.1,
                    "Actual Total Time": 221.651,
                    "Actual Rows": 505662,
                    "Actual Loops": 5
                  },
                  {
                    "Node Type": "Hash",
                    "Parent Relationship": "Inner",
                    "Parallel Aware": false,
                    "Startup Cost": 34998.17,
                    "Total Cost": 34998.17,
                    "Plan Rows": 262758,
                    "Plan Width": 8,
                    "Actual Startup Time": 397.647,
                    "Actual Total Time": 397.655,
                    "Actual Rows": 259406,
                    "Actual Loops": 5,
                    "Hash Buckets": 524288,
                    "Original Hash Buckets": 524288,
                    "Hash Batches": 1,
                    "Original Hash Batches": 1,
                    "Peak Memory Usage": 14230,
                    "Plans": [
                      {
                        "Node Type": "Hash Join",
                        "Parent Relationship": "Outer",
                        "Parallel Aware": false,
                        "Join Type": "Inner",
                        "Startup Cost": 31055.75,
                        "Total Cost": 34998.17,
                        "Plan Rows": 262758,
                        "Plan Width": 8,
                        "Actual Startup Time": 280.04,
                        "Actual Total Time": 312.344,
                        "Actual Rows": 259406,
                        "Actual Loops": 5,
                        "Inner Unique": false,
                        "Hash Cond": "(ct.id = mc.company_type_id)",
                        "Plans": [
                          {
                            "Node Type": "Seq Scan",
                            "Parent Relationship": "Outer",
                            "Parallel Aware": false,
                            "Relation Name": "company_type",
                            "Alias": "ct",
                            "Startup Cost": 0.0,
                            "Total Cost": 1.04,
                            "Plan Rows": 4,
                            "Plan Width": 4,
                            "Actual Startup Time": 0.082,
                            "Actual Total Time": 0.092,
                            "Actual Rows": 4,
                            "Actual Loops": 5
                          },
                          {
                            "Node Type": "Hash",
                            "Parent Relationship": "Inner",
                            "Parallel Aware": false,
                            "Startup Cost": 27771.28,
                            "Total Cost": 27771.28,
                            "Plan Rows": 262758,
                            "Plan Width": 12,
                            "Actual Startup Time": 271.969,
                            "Actual Total Time": 271.973,
                            "Actual Rows": 259406,
                            "Actual Loops": 5,
                            "Hash Buckets": 524288,
                            "Original Hash Buckets": 524288,
                            "Hash Batches": 1,
                            "Original Hash Batches": 1,
                            "Peak Memory Usage": 15243,
                            "Plans": [
                              {
                                "Node Type": "Bitmap Heap Scan",
                                "Parent Relationship": "Outer",
                                "Parallel Aware": false,
                                "Relation Name": "movie_companies",
                                "Alias": "mc",
                                "Startup Cost": 5696.8,
                                "Total Cost": 27771.28,
                                "Plan Rows": 262758,
                                "Plan Width": 12,
                                "Actual Startup Time": 28.089,
                                "Actual Total Time": 206.5,
                                "Actual Rows": 259406,
                                "Actual Loops": 5,
                                "Recheck Cond": "(company_id < 133)",
                                "Rows Removed by Index Recheck": 0,
                                "Exact Heap Blocks": 17059,
                                "Lossy Heap Blocks": 0,
                                "Plans": [
                                  {
                                    "Node Type": "Bitmap Index Scan",
                                    "Parent Relationship": "Outer",
                                    "Parallel Aware": false,
                                    "Index Name": "company_id_movie_companies",
                                    "Startup Cost": 0.0,
                                    "Total Cost": 5631.11,
                                    "Plan Rows": 262758,
                                    "Plan Width": 0,
                                    "Actual Startup Time": 24.656,
                                    "Actual Total Time": 24.656,
                                    "Actual Rows": 259406,
                                    "Actual Loops": 5,
                                    "Index Cond": "(company_id < 133)"
                                  }
                                ]
                              }
                            ]
                          }
                        ]
                      }
                    ]
                  }
                ]
              }
            ]
          }
        ]
      }
    ]
  },
  "Planning Time": 6.352,
  "Triggers": [],
  "Execution Time": 1027.679
}