[
  {
    "Plan": {
      "Node Type": "Aggregate",
      "Strategy": "Plain",
      "Partial Mode": "Finalize",
      "Parallel Aware": false,
      "Startup Cost": 339462.02,
      "Total Cost": 339462.03,
      "Plan Rows": 1,
      "Plan Width": 8,
      "Actual Startup Time": 727.28,
      "Actual Total Time": 770.489,
      "Actual Rows": 1,
      "Actual Loops": 1,
      "Plans": [
        {
          "Node Type": "Gather",
          "Parent Relationship": "Outer",
          "Parallel Aware": false,
          "Startup Cost": 339461.4,
          "Total Cost": 339462.01,
          "Plan Rows": 6,
          "Plan Width": 8,
          "Actual Startup Time": 727.089,
          "Actual Total Time": 770.476,
          "Actual Rows": 7,
          "Actual Loops": 1,
          "Workers Planned": 6,
          "Workers Launched": 6,
          "Single Copy": false,
          "Plans": [
            {
              "Node Type": "Aggregate",
              "Strategy": "Plain",
              "Partial Mode": "Partial",
              "Parent Relationship": "Outer",
              "Parallel Aware": false,
              "Startup Cost": 338461.4,
              "Total Cost": 338461.41,
              "Plan Rows": 1,
              "Plan Width": 8,
              "Actual Startup Time": 722.442,
              "Actual Total Time": 722.444,
              "Actual Rows": 1,
              "Actual Loops": 7,
              "Plans": [
                {
                  "Node Type": "Seq Scan",
                  "Parent Relationship": "Outer",
                  "Parallel Aware": true,
                  "Relation Name": "cast_info",
                  "Alias": "ci",
                  "Startup Cost": 0.0,
                  "Total Cost": 328211.39,
                  "Plan Rows": 4100002,
                  "Plan Width": 0,
                  "Actual Startup Time": 120.948,
                  "Actual Total Time": 569.339,
                  "Actual Rows": 3498027,
                  "Actual Loops": 7,
                  "Filter": "(person_id > 1155124)",
                  "Rows Removed by Filter": 1679736
                }
              ]
            }
          ]
        }
      ]
    },
    "Planning Time": 0.173,
    "Triggers": [],
    "Execution Time": 770.552
  }
]