[
  {
    "Plan": {
      "Node Type": "Aggregate",
      "Strategy": "Plain",
      "Partial Mode": "Finalize",
      "Parallel Aware": false,
      "Startup Cost": 333863.03,
      "Total Cost": 333863.04,
      "Plan Rows": 1,
      "Plan Width": 8,
      "Actual Startup Time": 685.353,
      "Actual Total Time": 729.255,
      "Actual Rows": 1,
      "Actual Loops": 1,
      "Plans": [
        {
          "Node Type": "Gather",
          "Parent Relationship": "Outer",
          "Parallel Aware": false,
          "Startup Cost": 333862.41,
          "Total Cost": 333863.02,
          "Plan Rows": 6,
          "Plan Width": 8,
          "Actual Startup Time": 685.244,
          "Actual Total Time": 729.241,
          "Actual Rows": 7,
          "Actual Loops": 1,
          "Workers Planned": 6,
          "Workers Launched": 6,
          "Single Copy": false,
          "Plans": [
            {
              "Node Type": "Aggregate",
              "Strategy": "Plain",
              "Partial Mode": "Partial",
              "Parent Relationship": "Outer",
              "Parallel Aware": false,
              "Startup Cost": 332862.41,
              "Total Cost": 332862.42,
              "Plan Rows": 1,
              "Plan Width": 8,
              "Actual Startup Time": 677.177,
              "Actual Total Time": 677.178,
              "Actual Rows": 1,
              "Actual Loops": 7,
              "Plans": [
                {
                  "Node Type": "Seq Scan",
                  "Parent Relationship": "Outer",
                  "Parallel Aware": true,
                  "Relation Name": "cast_info",
                  "Alias": "ci",
                  "Startup Cost": 0.0,
                  "Total Cost": 328211.39,
                  "Plan Rows": 1860406,
                  "Plan Width": 0,
                  "Actual Startup Time": 297.45,
                  "Actual Total Time": 594.495,
                  "Actual Rows": 1577435,
                  "Actual Loops": 7,
                  "Filter": "(person_id > 2599544)",
                  "Rows Removed by Filter": 3600328
                }
              ]
            }
          ]
        }
      ]
    },
    "Planning Time": 0.103,
    "Triggers": [],
    "Execution Time": 729.301
  }
]