[
  {
    "Plan": {
      "Node Type": "Aggregate",
      "Strategy": "Plain",
      "Partial Mode": "Finalize",
      "Parallel Aware": false,
      "Startup Cost": 331931.01,
      "Total Cost": 331931.02,
      "Plan Rows": 1,
      "Plan Width": 8,
      "Actual Startup Time": 2772.715,
      "Actual Total Time": 2826.391,
      "Actual Rows": 1,
      "Actual Loops": 1,
      "Plans": [
        {
          "Node Type": "Gather",
          "Parent Relationship": "Outer",
          "Parallel Aware": false,
          "Startup Cost": 331930.49,
          "Total Cost": 331931.0,
          "Plan Rows": 5,
          "Plan Width": 8,
          "Actual Startup Time": 2766.499,
          "Actual Total Time": 2826.382,
          "Actual Rows": 6,
          "Actual Loops": 1,
          "Workers Planned": 5,
          "Workers Launched": 5,
          "Single Copy": false,
          "Plans": [
            {
              "Node Type": "Aggregate",
              "Strategy": "Plain",
              "Partial Mode": "Partial",
              "Parent Relationship": "Outer",
              "Parallel Aware": false,
              "Startup Cost": 330930.49,
              "Total Cost": 330930.5,
              "Plan Rows": 1,
              "Plan Width": 8,
              "Actual Startup Time": 2760.325,
              "Actual Total Time": 2760.329,
              "Actual Rows": 1,
              "Actual Loops": 6,
              "Plans": [
                {
                  "Node Type": "Nested Loop",
                  "Parent Relationship": "Outer",
                  "Parallel Aware": false,
                  "Join Type": "Inner",
                  "Startup Cost": 56697.34,
                  "Total Cost": 329970.33,
                  "Plan Rows": 384064,
                  "Plan Width": 0,
                  "Actual Startup Time": 143.144,
                  "Actual Total Time": 2599.994,
                  "Actual Rows": 3428709,
                  "Actual Loops": 6,
                  "Inner Unique": false,
                  "Plans": [
                    {
                      "Node Type": "Hash Join",
                      "Parent Relationship": "Outer",
                      "Parallel Aware": true,
                      "Join Type": "Inner",
                      "Startup Cost": 56696.78,
                      "Total Cost": 220104.68,
                      "Plan Rows": 32349,
                      "Plan Width": 8,
                      "Actual Startup Time": 143.037,
                      "Actual Total Time": 187.57,
                      "Actual Rows": 69534,
                      "Actual Loops": 6,
                      "Inner Unique": true,
                      "Hash Cond": "(mi.movie_id = t.id)",
                      "Plans": [
                        {
                          "Node Type": "Bitmap Heap Scan",
                          "Parent Relationship": "Outer",
                          "Parallel Aware": true,
                          "Relation Name": "movie_info",
                          "Alias": "mi",
                          "Startup Cost": 8485.4,
                          "Total Cost": 171647.74,
                          "Plan Rows": 93547,
                          "Plan Width": 4,
                          "Actual Startup Time": 18.292,
                          "Actual Total Time": 29.447,
                          "Actual Rows": 81092,
                          "Actual Loops": 6,
                          "Recheck Cond": "(info_type_id = 5)",
                          "Rows Removed by Index Recheck": 0,
                          "Exact Heap Blocks": 1570,
                          "Lossy Heap Blocks": 0,
                          "Plans": [
                            {
                              "Node Type": "Bitmap Index Scan",
                              "Parent Relationship": "Outer",
                              "Parallel Aware": false,
                              "Index Name": "info_type_id_movie_info",
                              "Startup Cost": 0.0,
                              "Total Cost": 8368.46,
                              "Plan Rows": 467737,
                              "Plan Width": 0,
                              "Actual Startup Time": 17.464,
                              "Actual Total Time": 17.465,
                              "Actual Rows": 486554,
                              "Actual Loops": 1,
                              "Index Cond": "(info_type_id = 5)"
                            }
                          ]
                        },
                        {
                          "Node Type": "Hash",
                          "Parent Relationship": "Inner",
                          "Parallel Aware": true,
                          "Startup Cost": 45479.21,
                          "Total Cost": 45479.21,
                          "Plan Rows": 218574,
                          "Plan Width": 4,
                          "Actual Startup Time": 122.665,
                          "Actual Total Time": 122.666,
                          "Actual Rows": 149465,
                          "Actual Loops": 6,
                          "Hash Buckets": 1048576,
                          "Original Hash Buckets": 1048576,
                          "Hash Batches": 1,
                          "Original Hash Batches": 1,
                          "Peak Memory Usage": 43360,
                          "Plans": [
                            {
                              "Node Type": "Seq Scan",
                              "Parent Relationship": "Outer",
                              "Parallel Aware": true,
                              "Relation Name": "title",
                              "Alias": "t",
                              "Startup Cost": 0.0,
                              "Total Cost": 45479.21,
                              "Plan Rows": 218574,
                              "Plan Width": 4,
                              "Actual Startup Time": 0.025,
                              "Actual Total Time": 70.253,
                              "Actual Rows": 149465,
                              "Actual Loops": 6,
                              "Filter": "((kind_id < 7) AND (production_year < 2012))",
                              "Rows Removed by Filter": 271921
                            }
                          ]
                        }
                      ]
                    },
                    {
                      "Node Type": "Index Scan",
                      "Parent Relationship": "Inner",
                      "Parallel Aware": false,
                      "Scan Direction": "Forward",
                      "Index Name": "movie_id_cast_info",
                      "Relation Name": "cast_info",
                      "Alias": "ci",
                      "Startup Cost": 0.56,
                      "Total Cost": 3.08,
                      "Plan Rows": 32,
                      "Plan Width": 4,
                      "Actual Startup Time": 0.007,
                      "Actual Total Time": 0.031,
                      "Actual Rows": 49,
                      "Actual Loops": 417206,
                      "Index Cond": "(movie_id = t.id)",
                      "Rows Removed by Index Recheck": 0,
                      "Filter": "(person_id > 621602)",
                      "Rows Removed by Filter": 11
                    }
                  ]
                }
              ]
            }
          ]
        }
      ]
    },
    "Planning Time": 0.51,
    "Triggers": [],
    "Execution Time": 2826.465
  }
]