[
  {
    "Plan": {
      "Node Type": "Aggregate",
      "Strategy": "Plain",
      "Partial Mode": "Finalize",
      "Parallel Aware": false,
      "Startup Cost": 119923.1,
      "Total Cost": 119923.11,
      "Plan Rows": 1,
      "Plan Width": 8,
      "Actual Startup Time": 210.295,
      "Actual Total Time": 224.302,
      "Actual Rows": 1,
      "Actual Loops": 1,
      "Plans": [
        {
          "Node Type": "Gather",
          "Parent Relationship": "Outer",
          "Parallel Aware": false,
          "Startup Cost": 119922.58,
          "Total Cost": 119923.09,
          "Plan Rows": 5,
          "Plan Width": 8,
          "Actual Startup Time": 210.158,
          "Actual Total Time": 224.289,
          "Actual Rows": 6,
          "Actual Loops": 1,
          "Workers Planned": 5,
          "Workers Launched": 5,
          "Single Copy": false,
          "Plans": [
            {
              "Node Type": "Aggregate",
              "Strategy": "Plain",
              "Partial Mode": "Partial",
              "Parent Relationship": "Outer",
              "Parallel Aware": false,
              "Startup Cost": 118922.58,
              "Total Cost": 118922.59,
              "Plan Rows": 1,
              "Plan Width": 8,
              "Actual Startup Time": 202.541,
              "Actual Total Time": 202.542,
              "Actual Rows": 1,
              "Actual Loops": 6,
              "Plans": [
                {
                  "Node Type": "Index Scan",
                  "Parent Relationship": "Outer",
                  "Parallel Aware": true,
                  "Scan Direction": "Forward",
                  "Index Name": "role_id_cast_info",
                  "Relation Name": "cast_info",
                  "Alias": "ci",
                  "Startup Cost": 0.56,
                  "Total Cost": 118067.1,
                  "Plan Rows": 342189,
                  "Plan Width": 0,
                  "Actual Startup Time": 0.12,
                  "Actual Total Time": 171.51,
                  "Actual Rows": 577532,
                  "Actual Loops": 6,
                  "Index Cond": "(role_id = 10)",
                  "Rows Removed by Index Recheck": 0,
                  "Filter": "(person_id > 2261937)",
                  "Rows Removed by Filter": 142971
                }
              ]
            }
          ]
        }
      ]
    },
    "Planning Time": 0.206,
    "Triggers": [],
    "Execution Time": 224.357
  }
]