[
  {
    "Plan": {
      "Node Type": "Aggregate",
      "Strategy": "Plain",
      "Partial Mode": "Finalize",
      "Parallel Aware": false,
      "Startup Cost": 45556.92,
      "Total Cost": 45556.93,
      "Plan Rows": 1,
      "Plan Width": 8,
      "Actual Startup Time": 182.652,
      "Actual Total Time": 190.551,
      "Actual Rows": 1,
      "Actual Loops": 1,
      "Plans": [
        {
          "Node Type": "Gather",
          "Parent Relationship": "Outer",
          "Parallel Aware": false,
          "Startup Cost": 45556.6,
          "Total Cost": 45556.91,
          "Plan Rows": 3,
          "Plan Width": 8,
          "Actual Startup Time": 182.558,
          "Actual Total Time": 190.541,
          "Actual Rows": 4,
          "Actual Loops": 1,
          "Workers Planned": 3,
          "Workers Launched": 3,
          "Single Copy": false,
          "Plans": [
            {
              "Node Type": "Aggregate",
              "Strategy": "Plain",
              "Partial Mode": "Partial",
              "Parent Relationship": "Outer",
              "Parallel Aware": false,
              "Startup Cost": 44556.6,
              "Total Cost": 44556.61,
              "Plan Rows": 1,
              "Plan Width": 8,
              "Actual Startup Time": 174.462,
              "Actual Total Time": 174.463,
              "Actual Rows": 1,
              "Actual Loops": 4,
              "Plans": [
                {
                  "Node Type": "Seq Scan",
                  "Parent Relationship": "Outer",
                  "Parallel Aware": true,
                  "Relation Name": "movie_keyword",
                  "Alias": "mk",
                  "Startup Cost": 0.0,
                  "Total Cost": 42695.65,
                  "Plan Rows": 744378,
                  "Plan Width": 0,
                  "Actual Startup Time": 0.06,
                  "Actual Total Time": 140.511,
                  "Actual Rows": 578634,
                  "Actual Loops": 4,
                  "Filter": "(keyword_id < 4988)",
                  "Rows Removed by Filter": 552349
                }
              ]
            }
          ]
        }
      ]
    },
    "Planning Time": 0.185,
    "Triggers": [],
    "Execution Time": 190.613
  }
]