[
    {
        "Bao": {
            "Bao prediction": "NaN",
            "Bao recommended hint": "(no hint)"
        }
    },
    {
        "Plan": {
            "Node Type": "Aggregate",
            "Strategy": "Plain",
            "Partial Mode": "Finalize",
            "Parallel Aware": false,
            "Startup Cost": 30552.91,
            "Total Cost": 30552.92,
            "Plan Rows": 1,
            "Plan Width": 8,
            "Actual Startup Time": 89.97,
            "Actual Total Time": 95.817,
            "Actual Rows": 1,
            "Actual Loops": 1,
            "Output": [
                "count(*)"
            ],
            "Plans": [
                {
                    "Node Type": "Gather",
                    "Parent Relationship": "Outer",
                    "Parallel Aware": false,
                    "Startup Cost": 30552.6,
                    "Total Cost": 30552.91,
                    "Plan Rows": 3,
                    "Plan Width": 8,
                    "Actual Startup Time": 89.696,
                    "Actual Total Time": 95.809,
                    "Actual Rows": 4,
                    "Actual Loops": 1,
                    "Output": [
                        "(PARTIAL count(*))"
                    ],
                    "Workers Planned": 3,
                    "Workers Launched": 3,
                    "Single Copy": false,
                    "Plans": [
                        {
                            "Node Type": "Aggregate",
                            "Strategy": "Plain",
                            "Partial Mode": "Partial",
                            "Parent Relationship": "Outer",
                            "Parallel Aware": false,
                            "Startup Cost": 29552.6,
                            "Total Cost": 29552.61,
                            "Plan Rows": 1,
                            "Plan Width": 8,
                            "Actual Startup Time": 80.952,
                            "Actual Total Time": 80.953,
                            "Actual Rows": 1,
                            "Actual Loops": 4,
                            "Output": [
                                "PARTIAL count(*)"
                            ],
                            "Workers": [
                                {
                                    "Worker Number": 0,
                                    "Actual Startup Time": 77.923,
                                    "Actual Total Time": 77.925,
                                    "Actual Rows": 1,
                                    "Actual Loops": 1
                                },
                                {
                                    "Worker Number": 1,
                                    "Actual Startup Time": 78.16,
                                    "Actual Total Time": 78.161,
                                    "Actual Rows": 1,
                                    "Actual Loops": 1
                                },
                                {
                                    "Worker Number": 2,
                                    "Actual Startup Time": 78.547,
                                    "Actual Total Time": 78.549,
                                    "Actual Rows": 1,
                                    "Actual Loops": 1
                                }
                            ],
                            "Plans": [
                                {
                                    "Node Type": "Bitmap Heap Scan",
                                    "Parent Relationship": "Outer",
                                    "Parallel Aware": true,
                                    "Relation Name": "movie_keyword",
                                    "Schema": "public",
                                    "Alias": "mk",
                                    "Startup Cost": 4152.22,
                                    "Total Cost": 29394.87,
                                    "Plan Rows": 63092,
                                    "Plan Width": 0,
                                    "Actual Startup Time": 23.377,
                                    "Actual Total Time": 77.535,
                                    "Actual Rows": 47194,
                                    "Actual Loops": 4,
                                    "Recheck Cond": "(mk.keyword_id < 137)",
                                    "Rows Removed by Index Recheck": 0,
                                    "Exact Heap Blocks": 13655,
                                    "Lossy Heap Blocks": 0,
                                    "Workers": [
                                        {
                                            "Worker Number": 0,
                                            "Actual Startup Time": 20.505,
                                            "Actual Total Time": 75.034,
                                            "Actual Rows": 23447,
                                            "Actual Loops": 1
                                        },
                                        {
                                            "Worker Number": 1,
                                            "Actual Startup Time": 20.556,
                                            "Actual Total Time": 75.393,
                                            "Actual Rows": 25308,
                                            "Actual Loops": 1
                                        },
                                        {
                                            "Worker Number": 2,
                                            "Actual Startup Time": 21.16,
                                            "Actual Total Time": 75.79,
                                            "Actual Rows": 27130,
                                            "Actual Loops": 1
                                        }
                                    ],
                                    "Plans": [
                                        {
                                            "Node Type": "Bitmap Index Scan",
                                            "Parent Relationship": "Outer",
                                            "Parallel Aware": false,
                                            "Index Name": "keyword_id_movie_keyword",
                                            "Startup Cost": 0.0,
                                            "Total Cost": 4103.32,
                                            "Plan Rows": 195585,
                                            "Plan Width": 0,
                                            "Actual Startup Time": 25.659,
                                            "Actual Total Time": 25.659,
                                            "Actual Rows": 188777,
                                            "Actual Loops": 1,
                                            "Index Cond": "(mk.keyword_id < 137)"
                                        }
                                    ]
                                }
                            ]
                        }
                    ]
                }
            ]
        },
        "Planning Time": 232.47,
        "Triggers": [],
        "Execution Time": 95.904
    }
]