[
  {
    "Plan": {
      "Node Type": "Aggregate",
      "Strategy": "Plain",
      "Partial Mode": "Finalize",
      "Parallel Aware": false,
      "Startup Cost": 453024.24,
      "Total Cost": 453024.25,
      "Plan Rows": 1,
      "Plan Width": 8,
      "Actual Startup Time": 1475.557,
      "Actual Total Time": 1545.421,
      "Actual Rows": 1,
      "Actual Loops": 1,
      "Plans": [
        {
          "Node Type": "Gather",
          "Parent Relationship": "Outer",
          "Parallel Aware": false,
          "Startup Cost": 453023.61,
          "Total Cost": 453024.22,
          "Plan Rows": 6,
          "Plan Width": 8,
          "Actual Startup Time": 1449.559,
          "Actual Total Time": 1545.407,
          "Actual Rows": 7,
          "Actual Loops": 1,
          "Workers Planned": 6,
          "Workers Launched": 6,
          "Single Copy": false,
          "Plans": [
            {
              "Node Type": "Aggregate",
              "Strategy": "Plain",
              "Partial Mode": "Partial",
              "Parent Relationship": "Outer",
              "Parallel Aware": false,
              "Startup Cost": 452023.61,
              "Total Cost": 452023.62,
              "Plan Rows": 1,
              "Plan Width": 8,
              "Actual Startup Time": 1431.189,
              "Actual Total Time": 1431.758,
              "Actual Rows": 1,
              "Actual Loops": 7,
              "Plans": [
                {
                  "Node Type": "Hash Join",
                  "Parent Relationship": "Outer",
                  "Parallel Aware": true,
                  "Join Type": "Inner",
                  "Startup Cost": 102088.69,
                  "Total Cost": 450473.28,
                  "Plan Rows": 620132,
                  "Plan Width": 0,
                  "Actual Startup Time": 783.8,
                  "Actual Total Time": 1388.36,
                  "Actual Rows": 833708,
                  "Actual Loops": 7,
                  "Inner Unique": false,
                  "Hash Cond": "(ci.movie_id = t.id)",
                  "Plans": [
                    {
                      "Node Type": "Seq Scan",
                      "Parent Relationship": "Outer",
                      "Parallel Aware": true,
                      "Relation Name": "cast_info",
                      "Alias": "ci",
                      "Startup Cost": 0.0,
                      "Total Cost": 343257.03,
                      "Plan Rows": 833903,
                      "Plan Width": 4,
                      "Actual Startup Time": 236.057,
                      "Actual Total Time": 663.804,
                      "Actual Rows": 310083,
                      "Actual Loops": 7,
                      "Filter": "((person_id < 761321) AND (role_id > 1))",
                      "Rows Removed by Filter": 4867680
                    },
                    {
                      "Node Type": "Hash",
                      "Parent Relationship": "Inner",
                      "Parallel Aware": true,
                      "Startup Cost": 94507.37,
                      "Total Cost": 94507.37,
                      "Plan Rows": 606505,
                      "Plan Width": 8,
                      "Actual Startup Time": 539.475,
                      "Actual Total Time": 540.042,
                      "Actual Rows": 269443,
                      "Actual Loops": 7,
                      "Hash Buckets": 2097152,
                      "Original Hash Buckets": 2097152,
                      "Hash Batches": 1,
                      "Original Hash Batches": 1,
                      "Peak Memory Usage": 90336,
                      "Plans": [
                        {
                          "Node Type": "Hash Join",
                          "Parent Relationship": "Outer",
                          "Parallel Aware": true,
                          "Join Type": "Inner",
                          "Startup Cost": 50219.64,
                          "Total Cost": 94507.37,
                          "Plan Rows": 606505,
                          "Plan Width": 8,
                          "Actual Startup Time": 290.166,
                          "Actual Total Time": 446.924,
                          "Actual Rows": 269443,
                          "Actual Loops": 7,
                          "Inner Unique": true,
                          "Hash Cond": "(mk.movie_id = t.id)",
                          "Plans": [
                            {
                              "Node Type": "Seq Scan",
                              "Parent Relationship": "Outer",
                              "Parallel Aware": true,
                              "Relation Name": "movie_keyword",
                              "Alias": "mk",
                              "Startup Cost": 0.0,
                              "Total Cost": 42695.65,
                              "Plan Rows": 606505,
                              "Plan Width": 4,
                              "Actual Startup Time": 0.373,
                              "Actual Total Time": 82.974,
                              "Actual Rows": 269443,
                              "Actual Loops": 7,
                              "Filter": "(keyword_id > 7268)",
                              "Rows Removed by Filter": 376833
                            },
                            {
                              "Node Type": "Hash",
                              "Parent Relationship": "Inner",
                              "Parallel Aware": true,
                              "Startup Cost": 42318.73,
                              "Total Cost": 42318.73,
                              "Plan Rows": 632073,
                              "Plan Width": 4,
                              "Actual Startup Time": 284.722,
                              "Actual Total Time": 284.724,
                              "Actual Rows": 361187,
                              "Actual Loops": 7,
                              "Hash Buckets": 4194304,
                              "Original Hash Buckets": 4194304,
                              "Hash Batches": 1,
                              "Original Hash Batches": 1,
                              "Peak Memory Usage": 131808,
                              "Plans": [
                                {
                                  "Node Type": "Seq Scan",
                                  "Parent Relationship": "Outer",
                                  "Parallel Aware": true,
                                  "Relation Name": "title",
                                  "Alias": "t",
                                  "Startup Cost": 0.0,
                                  "Total Cost": 42318.73,
                                  "Plan Rows": 632073,
                                  "Plan Width": 4,
                                  "Actual Startup Time": 0.051,
                                  "Actual Total Time": 81.048,
                                  "Actual Rows": 361187,
                                  "Actual Loops": 7
                                }
                              ]
                            }
                          ]
                        }
                      ]
                    }
                  ]
                }
              ]
            }
          ]
        }
      ]
    },
    "Planning Time": 1.393,
    "Triggers": [],
    "Execution Time": 1545.515
  }
]