{
    "Plan": {
        "Node Type": "Aggregate",
        "Strategy": "Plain",
        "Partial Mode": "Finalize",
        "Parallel Aware": false,
        "Startup Cost": 64467.99,
        "Total Cost": 64468.0,
        "Plan Rows": 1,
        "Plan Width": 8,
        "Actual Startup Time": 117.706,
        "Actual Total Time": 130.474,
        "Actual Rows": 1,
        "Actual Loops": 1,
        "Output": [
            "count(*)"
        ],
        "Plans": [
            {
                "Node Type": "Gather",
                "Parent Relationship": "Outer",
                "Parallel Aware": false,
                "Startup Cost": 64467.57,
                "Total Cost": 64467.98,
                "Plan Rows": 4,
                "Plan Width": 8,
                "Actual Startup Time": 117.57,
                "Actual Total Time": 130.466,
                "Actual Rows": 5,
                "Actual Loops": 1,
                "Output": [
                    "(PARTIAL count(*))"
                ],
                "Workers Planned": 4,
                "Workers Launched": 4,
                "Single Copy": false,
                "Plans": [
                    {
                        "Node Type": "Aggregate",
                        "Strategy": "Plain",
                        "Partial Mode": "Partial",
                        "Parent Relationship": "Outer",
                        "Parallel Aware": false,
                        "Startup Cost": 63467.57,
                        "Total Cost": 63467.58,
                        "Plan Rows": 1,
                        "Plan Width": 8,
                        "Actual Startup Time": 107.426,
                        "Actual Total Time": 107.429,
                        "Actual Rows": 1,
                        "Actual Loops": 5,
                        "Output": [
                            "PARTIAL count(*)"
                        ],
                        "Workers": [
                            {
                                "Worker Number": 0,
                                "Actual Startup Time": 104.654,
                                "Actual Total Time": 104.657,
                                "Actual Rows": 1,
                                "Actual Loops": 1
                            },
                            {
                                "Worker Number": 1,
                                "Actual Startup Time": 104.978,
                                "Actual Total Time": 104.981,
                                "Actual Rows": 1,
                                "Actual Loops": 1
                            },
                            {
                                "Worker Number": 2,
                                "Actual Startup Time": 105.345,
                                "Actual Total Time": 105.348,
                                "Actual Rows": 1,
                                "Actual Loops": 1
                            },
                            {
                                "Worker Number": 3,
                                "Actual Startup Time": 105.417,
                                "Actual Total Time": 105.42,
                                "Actual Rows": 1,
                                "Actual Loops": 1
                            }
                        ],
                        "Plans": [
                            {
                                "Node Type": "Nested Loop",
                                "Parent Relationship": "Outer",
                                "Parallel Aware": false,
                                "Join Type": "Inner",
                                "Startup Cost": 0.86,
                                "Total Cost": 63457.9,
                                "Plan Rows": 3868,
                                "Plan Width": 0,
                                "Actual Startup Time": 1.195,
                                "Actual Total Time": 107.072,
                                "Actual Rows": 3206,
                                "Actual Loops": 5,
                                "Inner Unique": false,
                                "Join Filter": "(t.id = mi.movie_id)",
                                "Rows Removed by Join Filter": 0,
                                "Workers": [
                                    {
                                        "Worker Number": 0,
                                        "Actual Startup Time": 3.399,
                                        "Actual Total Time": 104.304,
                                        "Actual Rows": 2333,
                                        "Actual Loops": 1
                                    },
                                    {
                                        "Worker Number": 1,
                                        "Actual Startup Time": 0.781,
                                        "Actual Total Time": 104.659,
                                        "Actual Rows": 3083,
                                        "Actual Loops": 1
                                    },
                                    {
                                        "Worker Number": 2,
                                        "Actual Startup Time": 0.646,
                                        "Actual Total Time": 104.95,
                                        "Actual Rows": 2301,
                                        "Actual Loops": 1
                                    },
                                    {
                                        "Worker Number": 3,
                                        "Actual Startup Time": 0.94,
                                        "Actual Total Time": 105.109,
                                        "Actual Rows": 2882,
                                        "Actual Loops": 1
                                    }
                                ],
                                "Plans": [
                                    {
                                        "Node Type": "Nested Loop",
                                        "Parent Relationship": "Outer",
                                        "Parallel Aware": false,
                                        "Join Type": "Inner",
                                        "Startup Cost": 0.43,
                                        "Total Cost": 61144.07,
                                        "Plan Rows": 663,
                                        "Plan Width": 8,
                                        "Actual Startup Time": 0.957,
                                        "Actual Total Time": 94.057,
                                        "Actual Rows": 393,
                                        "Actual Loops": 5,
                                        "Output": [
                                            "t.id",
                                            "mi_idx.movie_id"
                                        ],
                                        "Inner Unique": false,
                                        "Workers": [
                                            {
                                                "Worker Number": 0,
                                                "Actual Startup Time": 3.181,
                                                "Actual Total Time": 90.382,
                                                "Actual Rows": 285,
                                                "Actual Loops": 1
                                            },
                                            {
                                                "Worker Number": 1,
                                                "Actual Startup Time": 0.475,
                                                "Actual Total Time": 91.311,
                                                "Actual Rows": 367,
                                                "Actual Loops": 1
                                            },
                                            {
                                                "Worker Number": 2,
                                                "Actual Startup Time": 0.323,
                                                "Actual Total Time": 89.753,
                                                "Actual Rows": 283,
                                                "Actual Loops": 1
                                            },
                                            {
                                                "Worker Number": 3,
                                                "Actual Startup Time": 0.628,
                                                "Actual Total Time": 91.806,
                                                "Actual Rows": 367,
                                                "Actual Loops": 1
                                            }
                                        ],
                                        "Plans": [
                                            {
                                                "Node Type": "Seq Scan",
                                                "Parent Relationship": "Outer",
                                                "Parallel Aware": true,
                                                "Relation Name": "title",
                                                "Schema": "public",
                                                "Alias": "t",
                                                "Startup Cost": 0.0,
                                                "Total Cost": 45479.21,
                                                "Plan Rows": 3653,
                                                "Plan Width": 4,
                                                "Actual Startup Time": 0.063,
                                                "Actual Total Time": 80.549,
                                                "Actual Rows": 2944,
                                                "Actual Loops": 5,
                                                "Output": [
                                                    "t.id",
                                                    "t.title",
                                                    "t.imdb_index",
                                                    "t.kind_id",
                                                    "t.production_year",
                                                    "t.imdb_id",
                                                    "t.phonetic_code",
                                                    "t.episode_of_id",
                                                    "t.season_nr",
                                                    "t.episode_nr",
                                                    "t.series_years",
                                                    "t.md5sum"
                                                ],
                                                "Filter": "((t.kind_id = 7) AND (t.production_year = 1992))",
                                                "Rows Removed by Filter": 502718,
                                                "Workers": [
                                                    {
                                                        "Worker Number": 0,
                                                        "Actual Startup Time": 0.084,
                                                        "Actual Total Time": 76.866,
                                                        "Actual Rows": 2001,
                                                        "Actual Loops": 1
                                                    },
                                                    {
                                                        "Worker Number": 1,
                                                        "Actual Startup Time": 0.062,
                                                        "Actual Total Time": 78.221,
                                                        "Actual Rows": 2776,
                                                        "Actual Loops": 1
                                                    },
                                                    {
                                                        "Worker Number": 2,
                                                        "Actual Startup Time": 0.064,
                                                        "Actual Total Time": 75.668,
                                                        "Actual Rows": 2066,
                                                        "Actual Loops": 1
                                                    },
                                                    {
                                                        "Worker Number": 3,
                                                        "Actual Startup Time": 0.074,
                                                        "Actual Total Time": 78.535,
                                                        "Actual Rows": 2786,
                                                        "Actual Loops": 1
                                                    }
                                                ]
                                            },
                                            {
                                                "Node Type": "Index Scan",
                                                "Parent Relationship": "Inner",
                                                "Parallel Aware": false,
                                                "Scan Direction": "Forward",
                                                "Index Name": "movie_id_movie_info_idx",
                                                "Relation Name": "movie_info_idx",
                                                "Schema": "public",
                                                "Alias": "mi_idx",
                                                "Startup Cost": 0.43,
                                                "Total Cost": 4.28,
                                                "Plan Rows": 1,
                                                "Plan Width": 4,
                                                "Actual Startup Time": 0.004,
                                                "Actual Total Time": 0.004,
                                                "Actual Rows": 0,
                                                "Actual Loops": 14720,
                                                "Output": [
                                                    "mi_idx.id",
                                                    "mi_idx.movie_id",
                                                    "mi_idx.info_type_id",
                                                    "mi_idx.info",
                                                    "mi_idx.note"
                                                ],
                                                "Index Cond": "(mi_idx.movie_id = t.id)",
                                                "Rows Removed by Index Recheck": 0,
                                                "Filter": "(mi_idx.info_type_id = 99)",
                                                "Rows Removed by Filter": 0,
                                                "Workers": [
                                                    {
                                                        "Worker Number": 0,
                                                        "Actual Startup Time": 0.006,
                                                        "Actual Total Time": 0.006,
                                                        "Actual Rows": 0,
                                                        "Actual Loops": 2001
                                                    },
                                                    {
                                                        "Worker Number": 1,
                                                        "Actual Startup Time": 0.004,
                                                        "Actual Total Time": 0.004,
                                                        "Actual Rows": 0,
                                                        "Actual Loops": 2776
                                                    },
                                                    {
                                                        "Worker Number": 2,
                                                        "Actual Startup Time": 0.006,
                                                        "Actual Total Time": 0.006,
                                                        "Actual Rows": 0,
                                                        "Actual Loops": 2066
                                                    },
                                                    {
                                                        "Worker Number": 3,
                                                        "Actual Startup Time": 0.004,
                                                        "Actual Total Time": 0.004,
                                                        "Actual Rows": 0,
                                                        "Actual Loops": 2786
                                                    }
                                                ]
                                            }
                                        ]
                                    },
                                    {
                                        "Node Type": "Index Only Scan",
                                        "Parent Relationship": "Inner",
                                        "Parallel Aware": false,
                                        "Scan Direction": "Forward",
                                        "Index Name": "movie_id_movie_info",
                                        "Relation Name": "movie_info",
                                        "Schema": "public",
                                        "Alias": "mi",
                                        "Startup Cost": 0.43,
                                        "Total Cost": 3.0,
                                        "Plan Rows": 39,
                                        "Plan Width": 4,
                                        "Actual Startup Time": 0.013,
                                        "Actual Total Time": 0.031,
                                        "Actual Rows": 8,
                                        "Actual Loops": 1967,
                                        "Output": [
                                            "mi.movie_id"
                                        ],
                                        "Index Cond": "(mi.movie_id = mi_idx.movie_id)",
                                        "Rows Removed by Index Recheck": 0,
                                        "Heap Fetches": 16031,
                                        "Workers": [
                                            {
                                                "Worker Number": 0,
                                                "Actual Startup Time": 0.019,
                                                "Actual Total Time": 0.046,
                                                "Actual Rows": 8,
                                                "Actual Loops": 285
                                            },
                                            {
                                                "Worker Number": 1,
                                                "Actual Startup Time": 0.014,
                                                "Actual Total Time": 0.035,
                                                "Actual Rows": 8,
                                                "Actual Loops": 367
                                            },
                                            {
                                                "Worker Number": 2,
                                                "Actual Startup Time": 0.02,
                                                "Actual Total Time": 0.051,
                                                "Actual Rows": 8,
                                                "Actual Loops": 283
                                            },
                                            {
                                                "Worker Number": 3,
                                                "Actual Startup Time": 0.014,
                                                "Actual Total Time": 0.035,
                                                "Actual Rows": 8,
                                                "Actual Loops": 367
                                            }
                                        ]
                                    }
                                ]
                            }
                        ]
                    }
                ]
            }
        ]
    },
    "Planning Time": 1.597,
    "Triggers": [],
    "Execution Time": 130.571
}