{
  "Plan": {
    "Node Type": "Aggregate",
    "Strategy": "Plain",
    "Partial Mode": "Finalize",
    "Parallel Aware": false,
    "Startup Cost": 170266.11,
    "Total Cost": 170266.12,
    "Plan Rows": 1,
    "Plan Width": 8,
    "Actual Startup Time": 319.366,
    "Actual Total Time": 331.983,
    "Actual Rows": 1,
    "Actual Loops": 1,
    "Plans": [
      {
        "Node Type": "Gather",
        "Parent Relationship": "Outer",
        "Parallel Aware": false,
        "Startup Cost": 170266.0,
        "Total Cost": 170266.11,
        "Plan Rows": 1,
        "Plan Width": 8,
        "Actual Startup Time": 317.433,
        "Actual Total Time": 331.976,
        "Actual Rows": 2,
        "Actual Loops": 1,
        "Workers Planned": 1,
        "Workers Launched": 1,
        "Single Copy": false,
        "Plans": [
          {
            "Node Type": "Aggregate",
            "Strategy": "Plain",
            "Partial Mode": "Partial",
            "Parent Relationship": "Outer",
            "Parallel Aware": false,
            "Startup Cost": 169266.0,
            "Total Cost": 169266.01,
            "Plan Rows": 1,
            "Plan Width": 8,
            "Actual Startup Time": 311.516,
            "Actual Total Time": 311.519,
            "Actual Rows": 1,
            "Actual Loops": 2,
            "Plans": [
              {
                "Node Type": "Hash Join",
                "Parent Relationship": "Outer",
                "Parallel Aware": true,
                "Join Type": "Inner",
                "Startup Cost": 63012.38,
                "Total Cost": 169236.38,
                "Plan Rows": 11846,
                "Plan Width": 0,
                "Actual Startup Time": 302.435,
                "Actual Total Time": 311.221,
                "Actual Rows": 6528,
                "Actual Loops": 2,
                "Inner Unique": true,
                "Hash Cond": "(mi.movie_id = t.id)",
                "Plans": [
                  {
                    "Node Type": "Bitmap Heap Scan",
                    "Parent Relationship": "Outer",
                    "Parallel Aware": true,
                    "Relation Name": "movie_info",
                    "Alias": "mi",
                    "Startup Cost": 902.17,
                    "Total Cost": 107049.31,
                    "Plan Rows": 29278,
                    "Plan Width": 4,
                    "Actual Startup Time": 3.165,
                    "Actual Total Time": 12.004,
                    "Actual Rows": 25134,
                    "Actual Loops": 2,
                    "Recheck Cond": "(info_type_id > 107)",
                    "Rows Removed by Index Recheck": 0,
                    "Exact Heap Blocks": 2741,
                    "Lossy Heap Blocks": 0,
                    "Plans": [
                      {
                        "Node Type": "Bitmap Index Scan",
                        "Parent Relationship": "Outer",
                        "Parallel Aware": false,
                        "Index Name": "info_type_id_movie_info",
                        "Startup Cost": 0.0,
                        "Total Cost": 889.72,
                        "Plan Rows": 49772,
                        "Plan Width": 0,
                        "Actual Startup Time": 2.491,
                        "Actual Total Time": 2.492,
                        "Actual Rows": 50267,
                        "Actual Loops": 1,
                        "Index Cond": "(info_type_id > 107)"
                      }
                    ]
                  },
                  {
                    "Node Type": "Hash",
                    "Parent Relationship": "Inner",
                    "Parallel Aware": true,
                    "Startup Cost": 54588.39,
                    "Total Cost": 54588.39,
                    "Plan Rows": 601746,
                    "Plan Width": 4,
                    "Actual Startup Time": 283.085,
                    "Actual Total Time": 283.085,
                    "Actual Rows": 506460,
                    "Actual Loops": 2,
                    "Hash Buckets": 1048576,
                    "Original Hash Buckets": 1048576,
                    "Hash Batches": 1,
                    "Original Hash Batches": 1,
                    "Peak Memory Usage": 47840,
                    "Plans": [
                      {
                        "Node Type": "Seq Scan",
                        "Parent Relationship": "Outer",
                        "Parallel Aware": true,
                        "Relation Name": "title",
                        "Alias": "t",
                        "Startup Cost": 0.0,
                        "Total Cost": 54588.39,
                        "Plan Rows": 601746,
                        "Plan Width": 4,
                        "Actual Startup Time": 0.027,
                        "Actual Total Time": 159.086,
                        "Actual Rows": 506460,
                        "Actual Loops": 2,
                        "Filter": "(production_year > 2005)",
                        "Rows Removed by Filter": 757696
                      }
                    ]
                  }
                ]
              }
            ]
          }
        ]
      }
    ]
  },
  "Planning Time": 0.607,
  "Triggers": [],
  "Execution Time": 332.072
}