[
  {
    "Plan": {
      "Node Type": "Aggregate",
      "Strategy": "Plain",
      "Partial Mode": "Finalize",
      "Parallel Aware": false,
      "Startup Cost": 221479.49,
      "Total Cost": 221479.5,
      "Plan Rows": 1,
      "Plan Width": 8,
      "Actual Startup Time": 126.261,
      "Actual Total Time": 142.597,
      "Actual Rows": 1,
      "Actual Loops": 1,
      "Plans": [
        {
          "Node Type": "Gather",
          "Parent Relationship": "Outer",
          "Parallel Aware": false,
          "Startup Cost": 221479.07,
          "Total Cost": 221479.48,
          "Plan Rows": 4,
          "Plan Width": 8,
          "Actual Startup Time": 126.132,
          "Actual Total Time": 142.589,
          "Actual Rows": 5,
          "Actual Loops": 1,
          "Workers Planned": 4,
          "Workers Launched": 4,
          "Single Copy": false,
          "Plans": [
            {
              "Node Type": "Aggregate",
              "Strategy": "Plain",
              "Partial Mode": "Partial",
              "Parent Relationship": "Outer",
              "Parallel Aware": false,
              "Startup Cost": 220479.07,
              "Total Cost": 220479.08,
              "Plan Rows": 1,
              "Plan Width": 8,
              "Actual Startup Time": 116.612,
              "Actual Total Time": 116.614,
              "Actual Rows": 1,
              "Actual Loops": 5,
              "Plans": [
                {
                  "Node Type": "Nested Loop",
                  "Parent Relationship": "Outer",
                  "Parallel Aware": false,
                  "Join Type": "Inner",
                  "Startup Cost": 0.43,
                  "Total Cost": 220436.2,
                  "Plan Rows": 17149,
                  "Plan Width": 0,
                  "Actual Startup Time": 0.328,
                  "Actual Total Time": 115.762,
                  "Actual Rows": 7415,
                  "Actual Loops": 5,
                  "Inner Unique": false,
                  "Plans": [
                    {
                      "Node Type": "Seq Scan",
                      "Parent Relationship": "Outer",
                      "Parallel Aware": true,
                      "Relation Name": "title",
                      "Alias": "t",
                      "Startup Cost": 0.0,
                      "Total Cost": 45479.1,
                      "Plan Rows": 2933,
                      "Plan Width": 4,
                      "Actual Startup Time": 0.144,
                      "Actual Total Time": 84.023,
                      "Actual Rows": 2123,
                      "Actual Loops": 5,
                      "Filter": "((kind_id = 7) AND (production_year = 1985))",
                      "Rows Removed by Filter": 503540
                    },
                    {
                      "Node Type": "Index Only Scan",
                      "Parent Relationship": "Inner",
                      "Parallel Aware": false,
                      "Scan Direction": "Forward",
                      "Index Name": "movie_id_movie_info",
                      "Relation Name": "movie_info",
                      "Alias": "mi",
                      "Startup Cost": 0.43,
                      "Total Cost": 59.23,
                      "Plan Rows": 42,
                      "Plan Width": 4,
                      "Actual Startup Time": 0.009,
                      "Actual Total Time": 0.014,
                      "Actual Rows": 3,
                      "Actual Loops": 10614,
                      "Index Cond": "(movie_id = t.id)",
                      "Rows Removed by Index Recheck": 0,
                      "Heap Fetches": 37075
                    }
                  ]
                }
              ]
            }
          ]
        }
      ]
    },
    "Planning Time": 0.612,
    "Triggers": [],
    "Execution Time": 142.671
  }
]