{
  "Plan": {
    "Node Type": "Aggregate",
    "Strategy": "Plain",
    "Partial Mode": "Finalize",
    "Parallel Aware": false,
    "Startup Cost": 72726.05,
    "Total Cost": 72726.06,
    "Plan Rows": 1,
    "Plan Width": 8,
    "Actual Startup Time": 64.826,
    "Actual Total Time": 74.468,
    "Actual Rows": 1,
    "Actual Loops": 1,
    "Plans": [
      {
        "Node Type": "Gather",
        "Parent Relationship": "Outer",
        "Parallel Aware": false,
        "Startup Cost": 72725.94,
        "Total Cost": 72726.05,
        "Plan Rows": 1,
        "Plan Width": 8,
        "Actual Startup Time": 64.715,
        "Actual Total Time": 74.462,
        "Actual Rows": 2,
        "Actual Loops": 1,
        "Workers Planned": 1,
        "Workers Launched": 1,
        "Single Copy": false,
        "Plans": [
          {
            "Node Type": "Aggregate",
            "Strategy": "Plain",
            "Partial Mode": "Partial",
            "Parent Relationship": "Outer",
            "Parallel Aware": false,
            "Startup Cost": 71725.94,
            "Total Cost": 71725.95,
            "Plan Rows": 1,
            "Plan Width": 8,
            "Actual Startup Time": 58.709,
            "Actual Total Time": 58.71,
            "Actual Rows": 1,
            "Actual Loops": 2,
            "Plans": [
              {
                "Node Type": "Nested Loop",
                "Parent Relationship": "Outer",
                "Parallel Aware": false,
                "Join Type": "Inner",
                "Startup Cost": 296.77,
                "Total Cost": 71717.65,
                "Plan Rows": 3314,
                "Plan Width": 0,
                "Actual Startup Time": 5.025,
                "Actual Total Time": 58.519,
                "Actual Rows": 1394,
                "Actual Loops": 2,
                "Inner Unique": true,
                "Plans": [
                  {
                    "Node Type": "Bitmap Heap Scan",
                    "Parent Relationship": "Outer",
                    "Parallel Aware": true,
                    "Relation Name": "movie_keyword",
                    "Alias": "mk",
                    "Startup Cost": 296.34,
                    "Total Cost": 22105.09,
                    "Plan Rows": 8190,
                    "Plan Width": 4,
                    "Actual Startup Time": 4.269,
                    "Actual Total Time": 15.76,
                    "Actual Rows": 7186,
                    "Actual Loops": 2,
                    "Recheck Cond": "(keyword_id < 3)",
                    "Rows Removed by Index Recheck": 0,
                    "Exact Heap Blocks": 4558,
                    "Lossy Heap Blocks": 0,
                    "Plans": [
                      {
                        "Node Type": "Bitmap Index Scan",
                        "Parent Relationship": "Outer",
                        "Parallel Aware": false,
                        "Index Name": "keyword_id_movie_keyword",
                        "Startup Cost": 0.0,
                        "Total Cost": 292.86,
                        "Plan Rows": 13923,
                        "Plan Width": 0,
                        "Actual Startup Time": 5.32,
                        "Actual Total Time": 5.32,
                        "Actual Rows": 14373,
                        "Actual Loops": 1,
                        "Index Cond": "(keyword_id < 3)"
                      }
                    ]
                  },
                  {
                    "Node Type": "Index Scan",
                    "Parent Relationship": "Inner",
                    "Parallel Aware": false,
                    "Scan Direction": "Forward",
                    "Index Name": "title_pkey",
                    "Relation Name": "title",
                    "Alias": "t",
                    "Startup Cost": 0.43,
                    "Total Cost": 6.06,
                    "Plan Rows": 1,
                    "Plan Width": 4,
                    "Actual Startup Time": 0.006,
                    "Actual Total Time": 0.006,
                    "Actual Rows": 0,
                    "Actual Loops": 14373,
                    "Index Cond": "(id = mk.movie_id)",
                    "Rows Removed by Index Recheck": 0,
                    "Filter": "(production_year > 2005)",
                    "Rows Removed by Filter": 1
                  }
                ]
              }
            ]
          }
        ]
      }
    ]
  },
  "Planning Time": 0.529,
  "Triggers": [],
  "Execution Time": 74.553
}