[
  {
    "Plan": {
      "Node Type": "Aggregate",
      "Strategy": "Plain",
      "Partial Mode": "Finalize",
      "Parallel Aware": false,
      "Startup Cost": 343826.28,
      "Total Cost": 343826.29,
      "Plan Rows": 1,
      "Plan Width": 8,
      "Actual Startup Time": 854.901,
      "Actual Total Time": 920.098,
      "Actual Rows": 1,
      "Actual Loops": 1,
      "Plans": [
        {
          "Node Type": "Gather",
          "Parent Relationship": "Outer",
          "Parallel Aware": false,
          "Startup Cost": 343825.65,
          "Total Cost": 343826.26,
          "Plan Rows": 6,
          "Plan Width": 8,
          "Actual Startup Time": 854.745,
          "Actual Total Time": 920.086,
          "Actual Rows": 7,
          "Actual Loops": 1,
          "Workers Planned": 6,
          "Workers Launched": 6,
          "Single Copy": false,
          "Plans": [
            {
              "Node Type": "Aggregate",
              "Strategy": "Plain",
              "Partial Mode": "Partial",
              "Parent Relationship": "Outer",
              "Parallel Aware": false,
              "Startup Cost": 342825.65,
              "Total Cost": 342825.66,
              "Plan Rows": 1,
              "Plan Width": 8,
              "Actual Startup Time": 844.163,
              "Actual Total Time": 844.164,
              "Actual Rows": 1,
              "Actual Loops": 7,
              "Plans": [
                {
                  "Node Type": "Seq Scan",
                  "Parent Relationship": "Outer",
                  "Parallel Aware": true,
                  "Relation Name": "cast_info",
                  "Alias": "ci",
                  "Startup Cost": 0.0,
                  "Total Cost": 328162.03,
                  "Plan Rows": 5865450,
                  "Plan Width": 0,
                  "Actual Startup Time": 24.995,
                  "Actual Total Time": 641.903,
                  "Actual Rows": 5029558,
                  "Actual Loops": 7,
                  "Filter": "(person_id > 106020)",
                  "Rows Removed by Filter": 148206
                }
              ]
            }
          ]
        }
      ]
    },
    "Planning Time": 0.213,
    "Triggers": [],
    "Execution Time": 920.178
  }
]