[
  {
    "Plan": {
      "Node Type": "Aggregate",
      "Strategy": "Plain",
      "Partial Mode": "Finalize",
      "Parallel Aware": false,
      "Startup Cost": 281611.1,
      "Total Cost": 281611.11,
      "Plan Rows": 1,
      "Plan Width": 8,
      "Actual Startup Time": 683.292,
      "Actual Total Time": 705.547,
      "Actual Rows": 1,
      "Actual Loops": 1,
      "Plans": [
        {
          "Node Type": "Gather",
          "Parent Relationship": "Outer",
          "Parallel Aware": false,
          "Startup Cost": 281610.78,
          "Total Cost": 281611.09,
          "Plan Rows": 3,
          "Plan Width": 8,
          "Actual Startup Time": 677.647,
          "Actual Total Time": 705.537,
          "Actual Rows": 4,
          "Actual Loops": 1,
          "Workers Planned": 3,
          "Workers Launched": 3,
          "Single Copy": false,
          "Plans": [
            {
              "Node Type": "Aggregate",
              "Strategy": "Plain",
              "Partial Mode": "Partial",
              "Parent Relationship": "Outer",
              "Parallel Aware": false,
              "Startup Cost": 280610.78,
              "Total Cost": 280610.79,
              "Plan Rows": 1,
              "Plan Width": 8,
              "Actual Startup Time": 670.428,
              "Actual Total Time": 670.611,
              "Actual Rows": 1,
              "Actual Loops": 4,
              "Plans": [
                {
                  "Node Type": "Hash Join",
                  "Parent Relationship": "Outer",
                  "Parallel Aware": true,
                  "Join Type": "Inner",
                  "Startup Cost": 235414.97,
                  "Total Cost": 280423.88,
                  "Plan Rows": 74759,
                  "Plan Width": 0,
                  "Actual Startup Time": 485.518,
                  "Actual Total Time": 663.227,
                  "Actual Rows": 161006,
                  "Actual Loops": 4,
                  "Inner Unique": false,
                  "Hash Cond": "(mk.movie_id = t.id)",
                  "Plans": [
                    {
                      "Node Type": "Seq Scan",
                      "Parent Relationship": "Outer",
                      "Parallel Aware": true,
                      "Relation Name": "movie_keyword",
                      "Alias": "mk",
                      "Startup Cost": 0.0,
                      "Total Cost": 42695.65,
                      "Plan Rows": 576997,
                      "Plan Width": 4,
                      "Actual Startup Time": 0.03,
                      "Actual Total Time": 107.738,
                      "Actual Rows": 450959,
                      "Actual Loops": 4,
                      "Filter": "(keyword_id < 2926)",
                      "Rows Removed by Filter": 680023
                    },
                    {
                      "Node Type": "Hash",
                      "Parent Relationship": "Inner",
                      "Parallel Aware": true,
                      "Startup Cost": 234596.02,
                      "Total Cost": 234596.02,
                      "Plan Rows": 65516,
                      "Plan Width": 8,
                      "Actual Startup Time": 482.431,
                      "Actual Total Time": 482.613,
                      "Actual Rows": 114258,
                      "Actual Loops": 4,
                      "Hash Buckets": 524288,
                      "Original Hash Buckets": 524288,
                      "Hash Batches": 1,
                      "Original Hash Batches": 1,
                      "Peak Memory Usage": 22016,
                      "Plans": [
                        {
                          "Node Type": "Hash Join",
                          "Parent Relationship": "Outer",
                          "Parallel Aware": true,
                          "Join Type": "Inner",
                          "Startup Cost": 68789.84,
                          "Total Cost": 234596.02,
                          "Plan Rows": 65516,
                          "Plan Width": 8,
                          "Actual Startup Time": 280.565,
                          "Actual Total Time": 439.277,
                          "Actual Rows": 114258,
                          "Actual Loops": 4,
                          "Inner Unique": true,
                          "Hash Cond": "(mi.movie_id = t.id)",
                          "Plans": [
                            {
                              "Node Type": "Bitmap Heap Scan",
                              "Parent Relationship": "Outer",
                              "Parallel Aware": true,
                              "Relation Name": "movie_info",
                              "Alias": "mi",
                              "Startup Cost": 22837.73,
                              "Total Cost": 187982.11,
                              "Plan Rows": 252111,
                              "Plan Width": 4,
                              "Actual Startup Time": 100.753,
                              "Actual Total Time": 146.94,
                              "Actual Rows": 322232,
                              "Actual Loops": 4,
                              "Recheck Cond": "(info_type_id = 2)",
                              "Rows Removed by Index Recheck": 0,
                              "Exact Heap Blocks": 2362,
                              "Lossy Heap Blocks": 0,
                              "Plans": [
                                {
                                  "Node Type": "Bitmap Index Scan",
                                  "Parent Relationship": "Outer",
                                  "Parallel Aware": false,
                                  "Index Name": "info_type_id_movie_info",
                                  "Startup Cost": 0.0,
                                  "Total Cost": 22522.59,
                                  "Plan Rows": 1260554,
                                  "Plan Width": 0,
                                  "Actual Startup Time": 98.629,
                                  "Actual Total Time": 98.629,
                                  "Actual Rows": 1288928,
                                  "Actual Loops": 1,
                                  "Index Cond": "(info_type_id = 2)"
                                }
                              ]
                            },
                            {
                              "Node Type": "Hash",
                              "Parent Relationship": "Inner",
                              "Parallel Aware": true,
                              "Startup Cost": 43898.92,
                              "Total Cost": 43898.92,
                              "Plan Rows": 164256,
                              "Plan Width": 4,
                              "Actual Startup Time": 176.589,
                              "Actual Total Time": 176.59,
                              "Actual Rows": 165708,
                              "Actual Loops": 4,
                              "Hash Buckets": 1048576,
                              "Original Hash Buckets": 1048576,
                              "Hash Batches": 1,
                              "Original Hash Batches": 1,
                              "Peak Memory Usage": 34176,
                              "Plans": [
                                {
                                  "Node Type": "Seq Scan",
                                  "Parent Relationship": "Outer",
                                  "Parallel Aware": true,
                                  "Relation Name": "title",
                                  "Alias": "t",
                                  "Startup Cost": 0.0,
                                  "Total Cost": 43898.92,
                                  "Plan Rows": 164256,
                                  "Plan Width": 4,
                                  "Actual Startup Time": 0.043,
                                  "Actual Total Time": 107.129,
                                  "Actual Rows": 165708,
                                  "Actual Loops": 4,
                                  "Filter": "(production_year < 1989)",
                                  "Rows Removed by Filter": 466370
                                }
                              ]
                            }
                          ]
                        }
                      ]
                    }
                  ]
                }
              ]
            }
          ]
        }
      ]
    },
    "Planning Time": 1.407,
    "Triggers": [],
    "Execution Time": 705.654
  }
]