[
  {
    "Plan": {
      "Node Type": "Aggregate",
      "Strategy": "Plain",
      "Partial Mode": "Finalize",
      "Parallel Aware": false,
      "Startup Cost": 205081.97,
      "Total Cost": 205081.98,
      "Plan Rows": 1,
      "Plan Width": 8,
      "Actual Startup Time": 304.31,
      "Actual Total Time": 325.647,
      "Actual Rows": 1,
      "Actual Loops": 1,
      "Plans": [
        {
          "Node Type": "Gather",
          "Parent Relationship": "Outer",
          "Parallel Aware": false,
          "Startup Cost": 205081.34,
          "Total Cost": 205081.95,
          "Plan Rows": 6,
          "Plan Width": 8,
          "Actual Startup Time": 304.171,
          "Actual Total Time": 325.635,
          "Actual Rows": 7,
          "Actual Loops": 1,
          "Workers Planned": 6,
          "Workers Launched": 6,
          "Single Copy": false,
          "Plans": [
            {
              "Node Type": "Aggregate",
              "Strategy": "Plain",
              "Partial Mode": "Partial",
              "Parent Relationship": "Outer",
              "Parallel Aware": false,
              "Startup Cost": 204081.34,
              "Total Cost": 204081.35,
              "Plan Rows": 1,
              "Plan Width": 8,
              "Actual Startup Time": 297.686,
              "Actual Total Time": 297.687,
              "Actual Rows": 1,
              "Actual Loops": 7,
              "Plans": [
                {
                  "Node Type": "Index Scan",
                  "Parent Relationship": "Outer",
                  "Parallel Aware": true,
                  "Scan Direction": "Forward",
                  "Index Name": "role_id_cast_info",
                  "Relation Name": "cast_info",
                  "Alias": "ci",
                  "Startup Cost": 0.56,
                  "Total Cost": 201884.69,
                  "Plan Rows": 878660,
                  "Plan Width": 0,
                  "Actual Startup Time": 0.107,
                  "Actual Total Time": 244.295,
                  "Actual Rows": 1064312,
                  "Actual Loops": 7,
                  "Index Cond": "(role_id = 2)",
                  "Rows Removed by Index Recheck": 0,
                  "Filter": "(person_id > 1068683)",
                  "Rows Removed by Filter": 256
                }
              ]
            }
          ]
        }
      ]
    },
    "Planning Time": 0.114,
    "Triggers": [],
    "Execution Time": 325.687
  }
]