[
  {
    "Plan": {
      "Node Type": "Aggregate",
      "Strategy": "Plain",
      "Partial Mode": "Finalize",
      "Parallel Aware": false,
      "Startup Cost": 115616.26,
      "Total Cost": 115616.27,
      "Plan Rows": 1,
      "Plan Width": 8,
      "Actual Startup Time": 673.428,
      "Actual Total Time": 690.868,
      "Actual Rows": 1,
      "Actual Loops": 1,
      "Plans": [
        {
          "Node Type": "Gather",
          "Parent Relationship": "Outer",
          "Parallel Aware": false,
          "Startup Cost": 115616.04,
          "Total Cost": 115616.25,
          "Plan Rows": 2,
          "Plan Width": 8,
          "Actual Startup Time": 667.807,
          "Actual Total Time": 690.86,
          "Actual Rows": 3,
          "Actual Loops": 1,
          "Workers Planned": 2,
          "Workers Launched": 2,
          "Single Copy": false,
          "Plans": [
            {
              "Node Type": "Aggregate",
              "Strategy": "Plain",
              "Partial Mode": "Partial",
              "Parent Relationship": "Outer",
              "Parallel Aware": false,
              "Startup Cost": 114616.04,
              "Total Cost": 114616.05,
              "Plan Rows": 1,
              "Plan Width": 8,
              "Actual Startup Time": 664.081,
              "Actual Total Time": 664.332,
              "Actual Rows": 1,
              "Actual Loops": 3,
              "Plans": [
                {
                  "Node Type": "Hash Join",
                  "Parent Relationship": "Outer",
                  "Parallel Aware": true,
                  "Join Type": "Inner",
                  "Startup Cost": 97745.51,
                  "Total Cost": 114166.73,
                  "Plan Rows": 179727,
                  "Plan Width": 0,
                  "Actual Startup Time": 556.029,
                  "Actual Total Time": 654.308,
                  "Actual Rows": 238792,
                  "Actual Loops": 3,
                  "Inner Unique": false,
                  "Hash Cond": "(mi_idx.movie_id = t.id)",
                  "Plans": [
                    {
                      "Node Type": "Seq Scan",
                      "Parent Relationship": "Outer",
                      "Parallel Aware": true,
                      "Relation Name": "movie_info_idx",
                      "Alias": "mi_idx",
                      "Startup Cost": 0.0,
                      "Total Cost": 13685.15,
                      "Plan Rows": 575015,
                      "Plan Width": 4,
                      "Actual Startup Time": 0.015,
                      "Actual Total Time": 34.832,
                      "Actual Rows": 460012,
                      "Actual Loops": 3
                    },
                    {
                      "Node Type": "Hash",
                      "Parent Relationship": "Inner",
                      "Parallel Aware": true,
                      "Startup Cost": 94558.89,
                      "Total Cost": 94558.89,
                      "Plan Rows": 254930,
                      "Plan Width": 8,
                      "Actual Startup Time": 549.45,
                      "Actual Total Time": 549.699,
                      "Actual Rows": 148532,
                      "Actual Loops": 3,
                      "Hash Buckets": 1048576,
                      "Original Hash Buckets": 1048576,
                      "Hash Batches": 1,
                      "Original Hash Batches": 1,
                      "Peak Memory Usage": 25696,
                      "Plans": [
                        {
                          "Node Type": "Hash Join",
                          "Parent Relationship": "Outer",
                          "Parallel Aware": true,
                          "Join Type": "Inner",
                          "Startup Cost": 50885.06,
                          "Total Cost": 94558.89,
                          "Plan Rows": 254930,
                          "Plan Width": 8,
                          "Actual Startup Time": 322.32,
                          "Actual Total Time": 510.576,
                          "Actual Rows": 148532,
                          "Actual Loops": 3,
                          "Inner Unique": true,
                          "Hash Cond": "(mk.movie_id = t.id)",
                          "Plans": [
                            {
                              "Node Type": "Seq Scan",
                              "Parent Relationship": "Outer",
                              "Parallel Aware": true,
                              "Relation Name": "movie_keyword",
                              "Alias": "mk",
                              "Startup Cost": 0.0,
                              "Total Cost": 42695.65,
                              "Plan Rows": 372638,
                              "Plan Width": 4,
                              "Actual Startup Time": 1.459,
                              "Actual Total Time": 119.969,
                              "Actual Rows": 388511,
                              "Actual Loops": 3,
                              "Filter": "(keyword_id > 16065)",
                              "Rows Removed by Filter": 1119465
                            },
                            {
                              "Node Type": "Hash",
                              "Parent Relationship": "Inner",
                              "Parallel Aware": true,
                              "Startup Cost": 45479.59,
                              "Total Cost": 45479.59,
                              "Plan Rows": 432438,
                              "Plan Width": 4,
                              "Actual Startup Time": 316.117,
                              "Actual Total Time": 316.119,
                              "Actual Rows": 599966,
                              "Actual Loops": 3,
                              "Hash Buckets": 2097152,
                              "Original Hash Buckets": 2097152,
                              "Hash Batches": 1,
                              "Original Hash Batches": 1,
                              "Peak Memory Usage": 86848,
                              "Plans": [
                                {
                                  "Node Type": "Seq Scan",
                                  "Parent Relationship": "Outer",
                                  "Parallel Aware": true,
                                  "Relation Name": "title",
                                  "Alias": "t",
                                  "Startup Cost": 0.0,
                                  "Total Cost": 45479.59,
                                  "Plan Rows": 432438,
                                  "Plan Width": 4,
                                  "Actual Startup Time": 0.018,
                                  "Actual Total Time": 133.714,
                                  "Actual Rows": 599966,
                                  "Actual Loops": 3,
                                  "Filter": "((kind_id > 1) AND (production_year > 1933))",
                                  "Rows Removed by Filter": 242805
                                }
                              ]
                            }
                          ]
                        }
                      ]
                    }
                  ]
                }
              ]
            }
          ]
        }
      ]
    },
    "Planning Time": 0.77,
    "Triggers": [],
    "Execution Time": 690.922
  }
]