[
  {
    "Plan": {
      "Node Type": "Aggregate",
      "Strategy": "Plain",
      "Partial Mode": "Finalize",
      "Parallel Aware": false,
      "Startup Cost": 45242.86,
      "Total Cost": 45242.87,
      "Plan Rows": 1,
      "Plan Width": 8,
      "Actual Startup Time": 140.867,
      "Actual Total Time": 149.398,
      "Actual Rows": 1,
      "Actual Loops": 1,
      "Plans": [
        {
          "Node Type": "Gather",
          "Parent Relationship": "Outer",
          "Parallel Aware": false,
          "Startup Cost": 45242.54,
          "Total Cost": 45242.85,
          "Plan Rows": 3,
          "Plan Width": 8,
          "Actual Startup Time": 140.701,
          "Actual Total Time": 149.386,
          "Actual Rows": 4,
          "Actual Loops": 1,
          "Workers Planned": 3,
          "Workers Launched": 3,
          "Single Copy": false,
          "Plans": [
            {
              "Node Type": "Aggregate",
              "Strategy": "Plain",
              "Partial Mode": "Partial",
              "Parent Relationship": "Outer",
              "Parallel Aware": false,
              "Startup Cost": 44242.54,
              "Total Cost": 44242.55,
              "Plan Rows": 1,
              "Plan Width": 8,
              "Actual Startup Time": 137.215,
              "Actual Total Time": 137.217,
              "Actual Rows": 1,
              "Actual Loops": 4,
              "Plans": [
                {
                  "Node Type": "Seq Scan",
                  "Parent Relationship": "Outer",
                  "Parallel Aware": true,
                  "Relation Name": "movie_keyword",
                  "Alias": "mk",
                  "Startup Cost": 0.0,
                  "Total Cost": 42695.65,
                  "Plan Rows": 618754,
                  "Plan Width": 0,
                  "Actual Startup Time": 0.485,
                  "Actual Total Time": 114.359,
                  "Actual Rows": 476262,
                  "Actual Loops": 4,
                  "Filter": "(keyword_id > 7091)",
                  "Rows Removed by Filter": 654720
                }
              ]
            }
          ]
        }
      ]
    },
    "Planning Time": 0.202,
    "Triggers": [],
    "Execution Time": 149.431
  }
]