[
  {
    "Plan": {
      "Node Type": "Aggregate",
      "Strategy": "Plain",
      "Partial Mode": "Finalize",
      "Parallel Aware": false,
      "Startup Cost": 46536.26,
      "Total Cost": 46536.27,
      "Plan Rows": 1,
      "Plan Width": 8,
      "Actual Startup Time": 198.712,
      "Actual Total Time": 207.192,
      "Actual Rows": 1,
      "Actual Loops": 1,
      "Plans": [
        {
          "Node Type": "Gather",
          "Parent Relationship": "Outer",
          "Parallel Aware": false,
          "Startup Cost": 46535.94,
          "Total Cost": 46536.25,
          "Plan Rows": 3,
          "Plan Width": 8,
          "Actual Startup Time": 198.59,
          "Actual Total Time": 207.182,
          "Actual Rows": 4,
          "Actual Loops": 1,
          "Workers Planned": 3,
          "Workers Launched": 3,
          "Single Copy": false,
          "Plans": [
            {
              "Node Type": "Aggregate",
              "Strategy": "Plain",
              "Partial Mode": "Partial",
              "Parent Relationship": "Outer",
              "Parallel Aware": false,
              "Startup Cost": 45535.94,
              "Total Cost": 45535.95,
              "Plan Rows": 1,
              "Plan Width": 8,
              "Actual Startup Time": 189.99,
              "Actual Total Time": 189.991,
              "Actual Rows": 1,
              "Actual Loops": 4,
              "Plans": [
                {
                  "Node Type": "Seq Scan",
                  "Parent Relationship": "Outer",
                  "Parallel Aware": true,
                  "Relation Name": "movie_keyword",
                  "Alias": "mk",
                  "Startup Cost": 0.0,
                  "Total Cost": 42695.65,
                  "Plan Rows": 1136116,
                  "Plan Width": 0,
                  "Actual Startup Time": 0.132,
                  "Actual Total Time": 140.426,
                  "Actual Rows": 879412,
                  "Actual Loops": 4,
                  "Filter": "(keyword_id > 963)",
                  "Rows Removed by Filter": 251571
                }
              ]
            }
          ]
        }
      ]
    },
    "Planning Time": 0.219,
    "Triggers": [],
    "Execution Time": 207.25
  }
]