[
  {
    "Plan": {
      "Node Type": "Aggregate",
      "Strategy": "Plain",
      "Partial Mode": "Finalize",
      "Parallel Aware": false,
      "Startup Cost": 46536.46,
      "Total Cost": 46536.47,
      "Plan Rows": 1,
      "Plan Width": 8,
      "Actual Startup Time": 171.681,
      "Actual Total Time": 182.136,
      "Actual Rows": 1,
      "Actual Loops": 1,
      "Plans": [
        {
          "Node Type": "Gather",
          "Parent Relationship": "Outer",
          "Parallel Aware": false,
          "Startup Cost": 46536.14,
          "Total Cost": 46536.45,
          "Plan Rows": 3,
          "Plan Width": 8,
          "Actual Startup Time": 171.476,
          "Actual Total Time": 182.128,
          "Actual Rows": 4,
          "Actual Loops": 1,
          "Workers Planned": 3,
          "Workers Launched": 3,
          "Single Copy": false,
          "Plans": [
            {
              "Node Type": "Aggregate",
              "Strategy": "Plain",
              "Partial Mode": "Partial",
              "Parent Relationship": "Outer",
              "Parallel Aware": false,
              "Startup Cost": 45536.14,
              "Total Cost": 45536.15,
              "Plan Rows": 1,
              "Plan Width": 8,
              "Actual Startup Time": 163.142,
              "Actual Total Time": 163.143,
              "Actual Rows": 1,
              "Actual Loops": 4,
              "Plans": [
                {
                  "Node Type": "Seq Scan",
                  "Parent Relationship": "Outer",
                  "Parallel Aware": true,
                  "Relation Name": "movie_keyword",
                  "Alias": "mk",
                  "Startup Cost": 0.0,
                  "Total Cost": 42695.65,
                  "Plan Rows": 1136195,
                  "Plan Width": 0,
                  "Actual Startup Time": 0.129,
                  "Actual Total Time": 123.39,
                  "Actual Rows": 879412,
                  "Actual Loops": 4,
                  "Filter": "(keyword_id > 963)",
                  "Rows Removed by Filter": 251571
                }
              ]
            }
          ]
        }
      ]
    },
    "Planning Time": 0.153,
    "Triggers": [],
    "Execution Time": 182.185
  }
]