[
    {
        "Bao": {
            "Bao prediction": "NaN",
            "Bao recommended hint": "(no hint)"
        }
    },
    {
        "Plan": {
            "Node Type": "Aggregate",
            "Strategy": "Plain",
            "Partial Mode": "Finalize",
            "Parallel Aware": false,
            "Startup Cost": 282274.0,
            "Total Cost": 282274.01,
            "Plan Rows": 1,
            "Plan Width": 8,
            "Actual Startup Time": 126.19,
            "Actual Total Time": 130.494,
            "Actual Rows": 1,
            "Actual Loops": 1,
            "Output": [
                "count(*)"
            ],
            "Plans": [
                {
                    "Node Type": "Gather",
                    "Parent Relationship": "Outer",
                    "Parallel Aware": false,
                    "Startup Cost": 282273.38,
                    "Total Cost": 282273.99,
                    "Plan Rows": 6,
                    "Plan Width": 8,
                    "Actual Startup Time": 125.824,
                    "Actual Total Time": 130.488,
                    "Actual Rows": 7,
                    "Actual Loops": 1,
                    "Output": [
                        "(PARTIAL count(*))"
                    ],
                    "Workers Planned": 6,
                    "Workers Launched": 6,
                    "Single Copy": false,
                    "Plans": [
                        {
                            "Node Type": "Aggregate",
                            "Strategy": "Plain",
                            "Partial Mode": "Partial",
                            "Parent Relationship": "Outer",
                            "Parallel Aware": false,
                            "Startup Cost": 281273.38,
                            "Total Cost": 281273.39,
                            "Plan Rows": 1,
                            "Plan Width": 8,
                            "Actual Startup Time": 115.184,
                            "Actual Total Time": 115.186,
                            "Actual Rows": 1,
                            "Actual Loops": 7,
                            "Output": [
                                "PARTIAL count(*)"
                            ],
                            "Workers": [
                                {
                                    "Worker Number": 0,
                                    "Actual Startup Time": 112.632,
                                    "Actual Total Time": 112.633,
                                    "Actual Rows": 1,
                                    "Actual Loops": 1
                                },
                                {
                                    "Worker Number": 1,
                                    "Actual Startup Time": 113.297,
                                    "Actual Total Time": 113.299,
                                    "Actual Rows": 1,
                                    "Actual Loops": 1
                                },
                                {
                                    "Worker Number": 2,
                                    "Actual Startup Time": 113.395,
                                    "Actual Total Time": 113.396,
                                    "Actual Rows": 1,
                                    "Actual Loops": 1
                                },
                                {
                                    "Worker Number": 3,
                                    "Actual Startup Time": 113.371,
                                    "Actual Total Time": 113.373,
                                    "Actual Rows": 1,
                                    "Actual Loops": 1
                                },
                                {
                                    "Worker Number": 4,
                                    "Actual Startup Time": 114.046,
                                    "Actual Total Time": 114.047,
                                    "Actual Rows": 1,
                                    "Actual Loops": 1
                                },
                                {
                                    "Worker Number": 5,
                                    "Actual Startup Time": 114.103,
                                    "Actual Total Time": 114.105,
                                    "Actual Rows": 1,
                                    "Actual Loops": 1
                                }
                            ],
                            "Plans": [
                                {
                                    "Node Type": "Bitmap Heap Scan",
                                    "Parent Relationship": "Outer",
                                    "Parallel Aware": true,
                                    "Relation Name": "cast_info",
                                    "Schema": "public",
                                    "Alias": "ci",
                                    "Startup Cost": 25514.49,
                                    "Total Cost": 281112.65,
                                    "Plan Rows": 64291,
                                    "Plan Width": 0,
                                    "Actual Startup Time": 100.842,
                                    "Actual Total Time": 113.339,
                                    "Actual Rows": 34163,
                                    "Actual Loops": 7,
                                    "Recheck Cond": "(ci.person_id < 120803)",
                                    "Rows Removed by Index Recheck": 0,
                                    "Filter": "(ci.role_id > 3)",
                                    "Rows Removed by Filter": 136763,
                                    "Exact Heap Blocks": 4358,
                                    "Lossy Heap Blocks": 0,
                                    "Workers": [
                                        {
                                            "Worker Number": 0,
                                            "Actual Startup Time": 98.294,
                                            "Actual Total Time": 110.79,
                                            "Actual Rows": 26215,
                                            "Actual Loops": 1
                                        },
                                        {
                                            "Worker Number": 1,
                                            "Actual Startup Time": 98.972,
                                            "Actual Total Time": 111.448,
                                            "Actual Rows": 26472,
                                            "Actual Loops": 1
                                        },
                                        {
                                            "Worker Number": 2,
                                            "Actual Startup Time": 99.036,
                                            "Actual Total Time": 111.554,
                                            "Actual Rows": 26303,
                                            "Actual Loops": 1
                                        },
                                        {
                                            "Worker Number": 3,
                                            "Actual Startup Time": 99.025,
                                            "Actual Total Time": 111.579,
                                            "Actual Rows": 36752,
                                            "Actual Loops": 1
                                        },
                                        {
                                            "Worker Number": 4,
                                            "Actual Startup Time": 99.712,
                                            "Actual Total Time": 112.357,
                                            "Actual Rows": 33445,
                                            "Actual Loops": 1
                                        },
                                        {
                                            "Worker Number": 5,
                                            "Actual Startup Time": 99.768,
                                            "Actual Total Time": 112.439,
                                            "Actual Rows": 32983,
                                            "Actual Loops": 1
                                        }
                                    ],
                                    "Plans": [
                                        {
                                            "Node Type": "Bitmap Index Scan",
                                            "Parent Relationship": "Outer",
                                            "Parallel Aware": false,
                                            "Index Name": "person_id_cast_info",
                                            "Startup Cost": 0.0,
                                            "Total Cost": 25418.05,
                                            "Plan Rows": 1164465,
                                            "Plan Width": 0,
                                            "Actual Startup Time": 68.528,
                                            "Actual Total Time": 68.529,
                                            "Actual Rows": 1196485,
                                            "Actual Loops": 1,
                                            "Index Cond": "(ci.person_id < 120803)"
                                        }
                                    ]
                                }
                            ]
                        }
                    ]
                }
            ]
        },
        "Planning Time": 187.199,
        "Triggers": [],
        "Execution Time": 130.54
    }
]