[
    {
        "Bao": {
            "Bao prediction": 453.79,
            "Bao recommended hint": "SET enable_mergejoin TO off; SET enable_indexscan TO off; "
        }
    },
    {
        "Plan": {
            "Node Type": "Aggregate",
            "Strategy": "Plain",
            "Partial Mode": "Finalize",
            "Parallel Aware": false,
            "Startup Cost": 345712.88,
            "Total Cost": 345712.89,
            "Plan Rows": 1,
            "Plan Width": 8,
            "Actual Startup Time": 633.475,
            "Actual Total Time": 662.59,
            "Actual Rows": 1,
            "Actual Loops": 1,
            "Output": [
                "count(*)"
            ],
            "Plans": [
                {
                    "Node Type": "Gather",
                    "Parent Relationship": "Outer",
                    "Parallel Aware": false,
                    "Startup Cost": 345712.25,
                    "Total Cost": 345712.86,
                    "Plan Rows": 6,
                    "Plan Width": 8,
                    "Actual Startup Time": 633.382,
                    "Actual Total Time": 662.581,
                    "Actual Rows": 7,
                    "Actual Loops": 1,
                    "Output": [
                        "(PARTIAL count(*))"
                    ],
                    "Workers Planned": 6,
                    "Workers Launched": 6,
                    "Single Copy": false,
                    "Plans": [
                        {
                            "Node Type": "Aggregate",
                            "Strategy": "Plain",
                            "Partial Mode": "Partial",
                            "Parent Relationship": "Outer",
                            "Parallel Aware": false,
                            "Startup Cost": 344712.25,
                            "Total Cost": 344712.26,
                            "Plan Rows": 1,
                            "Plan Width": 8,
                            "Actual Startup Time": 623.72,
                            "Actual Total Time": 623.721,
                            "Actual Rows": 1,
                            "Actual Loops": 7,
                            "Output": [
                                "PARTIAL count(*)"
                            ],
                            "Workers": [
                                {
                                    "Worker Number": 0,
                                    "Actual Startup Time": 621.446,
                                    "Actual Total Time": 621.447,
                                    "Actual Rows": 1,
                                    "Actual Loops": 1
                                },
                                {
                                    "Worker Number": 1,
                                    "Actual Startup Time": 621.98,
                                    "Actual Total Time": 621.981,
                                    "Actual Rows": 1,
                                    "Actual Loops": 1
                                },
                                {
                                    "Worker Number": 2,
                                    "Actual Startup Time": 622.243,
                                    "Actual Total Time": 622.244,
                                    "Actual Rows": 1,
                                    "Actual Loops": 1
                                },
                                {
                                    "Worker Number": 3,
                                    "Actual Startup Time": 622.222,
                                    "Actual Total Time": 622.223,
                                    "Actual Rows": 1,
                                    "Actual Loops": 1
                                },
                                {
                                    "Worker Number": 4,
                                    "Actual Startup Time": 622.605,
                                    "Actual Total Time": 622.606,
                                    "Actual Rows": 1,
                                    "Actual Loops": 1
                                },
                                {
                                    "Worker Number": 5,
                                    "Actual Startup Time": 622.956,
                                    "Actual Total Time": 622.957,
                                    "Actual Rows": 1,
                                    "Actual Loops": 1
                                }
                            ],
                            "Plans": [
                                {
                                    "Node Type": "Seq Scan",
                                    "Parent Relationship": "Outer",
                                    "Parallel Aware": true,
                                    "Relation Name": "cast_info",
                                    "Schema": "public",
                                    "Alias": "ci",
                                    "Startup Cost": 0.0,
                                    "Total Cost": 343318.94,
                                    "Plan Rows": 557324,
                                    "Plan Width": 0,
                                    "Actual Startup Time": 370.802,
                                    "Actual Total Time": 575.778,
                                    "Actual Rows": 1115541,
                                    "Actual Loops": 7,
                                    "Output": [
                                        "id",
                                        "person_id",
                                        "movie_id",
                                        "person_role_id",
                                        "note",
                                        "nr_order",
                                        "role_id"
                                    ],
                                    "Filter": "((ci.person_id > 2703007) AND (ci.role_id > 3))",
                                    "Rows Removed by Filter": 4062223,
                                    "Workers": [
                                        {
                                            "Worker Number": 0,
                                            "Actual Startup Time": 368.538,
                                            "Actual Total Time": 572.566,
                                            "Actual Rows": 731623,
                                            "Actual Loops": 1
                                        },
                                        {
                                            "Worker Number": 1,
                                            "Actual Startup Time": 369.077,
                                            "Actual Total Time": 575.28,
                                            "Actual Rows": 1132861,
                                            "Actual Loops": 1
                                        },
                                        {
                                            "Worker Number": 2,
                                            "Actual Startup Time": 369.328,
                                            "Actual Total Time": 575.372,
                                            "Actual Rows": 1139171,
                                            "Actual Loops": 1
                                        },
                                        {
                                            "Worker Number": 3,
                                            "Actual Startup Time": 369.307,
                                            "Actual Total Time": 575.509,
                                            "Actual Rows": 1134111,
                                            "Actual Loops": 1
                                        },
                                        {
                                            "Worker Number": 4,
                                            "Actual Startup Time": 369.675,
                                            "Actual Total Time": 575.925,
                                            "Actual Rows": 1113717,
                                            "Actual Loops": 1
                                        },
                                        {
                                            "Worker Number": 5,
                                            "Actual Startup Time": 370.022,
                                            "Actual Total Time": 576.42,
                                            "Actual Rows": 1129583,
                                            "Actual Loops": 1
                                        }
                                    ]
                                }
                            ]
                        }
                    ]
                }
            ]
        },
        "Planning Time": 472.523,
        "Triggers": [],
        "Execution Time": 662.687
    }
]