[
  {
    "Plan": {
      "Node Type": "Aggregate",
      "Strategy": "Plain",
      "Partial Mode": "Finalize",
      "Parallel Aware": false,
      "Startup Cost": 124428.56,
      "Total Cost": 124428.57,
      "Plan Rows": 1,
      "Plan Width": 8,
      "Actual Startup Time": 780.532,
      "Actual Total Time": 797.357,
      "Actual Rows": 1,
      "Actual Loops": 1,
      "Plans": [
        {
          "Node Type": "Gather",
          "Parent Relationship": "Outer",
          "Parallel Aware": false,
          "Startup Cost": 124428.24,
          "Total Cost": 124428.55,
          "Plan Rows": 3,
          "Plan Width": 8,
          "Actual Startup Time": 775.822,
          "Actual Total Time": 797.35,
          "Actual Rows": 4,
          "Actual Loops": 1,
          "Workers Planned": 3,
          "Workers Launched": 3,
          "Single Copy": false,
          "Plans": [
            {
              "Node Type": "Aggregate",
              "Strategy": "Plain",
              "Partial Mode": "Partial",
              "Parent Relationship": "Outer",
              "Parallel Aware": false,
              "Startup Cost": 123428.24,
              "Total Cost": 123428.25,
              "Plan Rows": 1,
              "Plan Width": 8,
              "Actual Startup Time": 768.393,
              "Actual Total Time": 768.934,
              "Actual Rows": 1,
              "Actual Loops": 4,
              "Plans": [
                {
                  "Node Type": "Hash Join",
                  "Parent Relationship": "Outer",
                  "Parallel Aware": true,
                  "Join Type": "Inner",
                  "Startup Cost": 78438.53,
                  "Total Cost": 123223.08,
                  "Plan Rows": 82067,
                  "Plan Width": 0,
                  "Actual Startup Time": 405.586,
                  "Actual Total Time": 706.24,
                  "Actual Rows": 1163407,
                  "Actual Loops": 4,
                  "Inner Unique": false,
                  "Hash Cond": "(mk.movie_id = t.id)",
                  "Plans": [
                    {
                      "Node Type": "Seq Scan",
                      "Parent Relationship": "Outer",
                      "Parallel Aware": true,
                      "Relation Name": "movie_keyword",
                      "Alias": "mk",
                      "Startup Cost": 0.0,
                      "Total Cost": 39047.32,
                      "Plan Rows": 1459332,
                      "Plan Width": 4,
                      "Actual Startup Time": 0.019,
                      "Actual Total Time": 108.09,
                      "Actual Rows": 1130982,
                      "Actual Loops": 4
                    },
                    {
                      "Node Type": "Hash",
                      "Parent Relationship": "Inner",
                      "Parallel Aware": true,
                      "Startup Cost": 77865.22,
                      "Total Cost": 77865.22,
                      "Plan Rows": 45865,
                      "Plan Width": 8,
                      "Actual Startup Time": 358.195,
                      "Actual Total Time": 358.735,
                      "Actual Rows": 120802,
                      "Actual Loops": 4,
                      "Hash Buckets": 524288,
                      "Original Hash Buckets": 262144,
                      "Hash Batches": 1,
                      "Original Hash Batches": 1,
                      "Peak Memory Usage": 25120,
                      "Plans": [
                        {
                          "Node Type": "Hash Join",
                          "Parent Relationship": "Outer",
                          "Parallel Aware": true,
                          "Join Type": "Inner",
                          "Startup Cost": 45996.98,
                          "Total Cost": 77865.22,
                          "Plan Rows": 45865,
                          "Plan Width": 8,
                          "Actual Startup Time": 232.818,
                          "Actual Total Time": 315.138,
                          "Actual Rows": 120802,
                          "Actual Loops": 4,
                          "Inner Unique": true,
                          "Hash Cond": "(mc.movie_id = t.id)",
                          "Plans": [
                            {
                              "Node Type": "Seq Scan",
                              "Parent Relationship": "Outer",
                              "Parallel Aware": true,
                              "Relation Name": "movie_companies",
                              "Alias": "mc",
                              "Startup Cost": 0.0,
                              "Total Cost": 31414.82,
                              "Plan Rows": 172730,
                              "Plan Width": 4,
                              "Actual Startup Time": 36.803,
                              "Actual Total Time": 84.709,
                              "Actual Rows": 209181,
                              "Actual Loops": 4,
                              "Filter": "((company_id > 14855) AND (company_type_id = 2))",
                              "Rows Removed by Filter": 443101
                            },
                            {
                              "Node Type": "Hash",
                              "Parent Relationship": "Inner",
                              "Parallel Aware": true,
                              "Startup Cost": 43899.01,
                              "Total Cost": 43899.01,
                              "Plan Rows": 167838,
                              "Plan Width": 4,
                              "Actual Startup Time": 159.695,
                              "Actual Total Time": 159.696,
                              "Actual Rows": 165706,
                              "Actual Loops": 4,
                              "Hash Buckets": 1048576,
                              "Original Hash Buckets": 1048576,
                              "Hash Batches": 1,
                              "Original Hash Batches": 1,
                              "Peak Memory Usage": 34176,
                              "Plans": [
                                {
                                  "Node Type": "Seq Scan",
                                  "Parent Relationship": "Outer",
                                  "Parallel Aware": true,
                                  "Relation Name": "title",
                                  "Alias": "t",
                                  "Startup Cost": 0.0,
                                  "Total Cost": 43899.01,
                                  "Plan Rows": 167838,
                                  "Plan Width": 4,
                                  "Actual Startup Time": 41.879,
                                  "Actual Total Time": 102.699,
                                  "Actual Rows": 165706,
                                  "Actual Loops": 4,
                                  "Filter": "(kind_id = 1)",
                                  "Rows Removed by Filter": 466372
                                }
                              ]
                            }
                          ]
                        }
                      ]
                    }
                  ]
                }
              ]
            }
          ]
        }
      ]
    },
    "Planning Time": 0.545,
    "Triggers": [],
    "Execution Time": 797.394
  }
]