{
  "Plan": {
    "Node Type": "Aggregate",
    "Strategy": "Plain",
    "Partial Mode": "Finalize",
    "Parallel Aware": false,
    "Startup Cost": 120632.63,
    "Total Cost": 120632.64,
    "Plan Rows": 1,
    "Plan Width": 8,
    "Actual Startup Time": 837.489,
    "Actual Total Time": 858.058,
    "Actual Rows": 1,
    "Actual Loops": 1,
    "Plans": [
      {
        "Node Type": "Gather",
        "Parent Relationship": "Outer",
        "Parallel Aware": false,
        "Startup Cost": 120632.51,
        "Total Cost": 120632.62,
        "Plan Rows": 1,
        "Plan Width": 8,
        "Actual Startup Time": 832.848,
        "Actual Total Time": 858.049,
        "Actual Rows": 2,
        "Actual Loops": 1,
        "Workers Planned": 1,
        "Workers Launched": 1,
        "Single Copy": false,
        "Plans": [
          {
            "Node Type": "Aggregate",
            "Strategy": "Plain",
            "Partial Mode": "Partial",
            "Parent Relationship": "Outer",
            "Parallel Aware": false,
            "Startup Cost": 119632.51,
            "Total Cost": 119632.52,
            "Plan Rows": 1,
            "Plan Width": 8,
            "Actual Startup Time": 822.299,
            "Actual Total Time": 822.313,
            "Actual Rows": 1,
            "Actual Loops": 2,
            "Plans": [
              {
                "Node Type": "Hash Join",
                "Parent Relationship": "Outer",
                "Parallel Aware": true,
                "Join Type": "Inner",
                "Startup Cost": 86736.03,
                "Total Cost": 118435.0,
                "Plan Rows": 479006,
                "Plan Width": 0,
                "Actual Startup Time": 614.964,
                "Actual Total Time": 804.602,
                "Actual Rows": 401000,
                "Actual Loops": 2,
                "Inner Unique": true,
                "Hash Cond": "(mk.movie_id = t.id)",
                "Plans": [
                  {
                    "Node Type": "Bitmap Heap Scan",
                    "Parent Relationship": "Outer",
                    "Parallel Aware": true,
                    "Relation Name": "movie_keyword",
                    "Alias": "mk",
                    "Startup Cost": 17275.33,
                    "Total Cost": 47716.91,
                    "Plan Rows": 479006,
                    "Plan Width": 4,
                    "Actual Startup Time": 44.854,
                    "Actual Total Time": 135.582,
                    "Actual Rows": 401000,
                    "Actual Loops": 2,
                    "Recheck Cond": "(keyword_id > 23074)",
                    "Rows Removed by Index Recheck": 0,
                    "Exact Heap Blocks": 13886,
                    "Lossy Heap Blocks": 0,
                    "Plans": [
                      {
                        "Node Type": "Bitmap Index Scan",
                        "Parent Relationship": "Outer",
                        "Parallel Aware": false,
                        "Index Name": "keyword_id_movie_keyword",
                        "Startup Cost": 0.0,
                        "Total Cost": 17071.76,
                        "Plan Rows": 814310,
                        "Plan Width": 0,
                        "Actual Startup Time": 41.289,
                        "Actual Total Time": 41.29,
                        "Actual Rows": 801999,
                        "Actual Loops": 1,
                        "Index Cond": "(keyword_id > 23074)"
                      }
                    ]
                  },
                  {
                    "Node Type": "Hash",
                    "Parent Relationship": "Inner",
                    "Parallel Aware": true,
                    "Startup Cost": 50870.31,
                    "Total Cost": 50870.31,
                    "Plan Rows": 1487231,
                    "Plan Width": 4,
                    "Actual Startup Time": 550.696,
                    "Actual Total Time": 550.697,
                    "Actual Rows": 1264156,
                    "Actual Loops": 2,
                    "Hash Buckets": 4194304,
                    "Original Hash Buckets": 4194304,
                    "Hash Batches": 1,
                    "Original Hash Batches": 1,
                    "Peak Memory Usage": 131712,
                    "Plans": [
                      {
                        "Node Type": "Seq Scan",
                        "Parent Relationship": "Outer",
                        "Parallel Aware": true,
                        "Relation Name": "title",
                        "Alias": "t",
                        "Startup Cost": 0.0,
                        "Total Cost": 50870.31,
                        "Plan Rows": 1487231,
                        "Plan Width": 4,
                        "Actual Startup Time": 0.032,
                        "Actual Total Time": 155.111,
                        "Actual Rows": 1264156,
                        "Actual Loops": 2
                      }
                    ]
                  }
                ]
              }
            ]
          }
        ]
      }
    ]
  },
  "Planning Time": 0.46,
  "Triggers": [],
  "Execution Time": 858.119
}