[
  {
    "Plan": {
      "Node Type": "Aggregate",
      "Strategy": "Plain",
      "Partial Mode": "Finalize",
      "Parallel Aware": false,
      "Startup Cost": 336097.65,
      "Total Cost": 336097.66,
      "Plan Rows": 1,
      "Plan Width": 8,
      "Actual Startup Time": 837.846,
      "Actual Total Time": 884.637,
      "Actual Rows": 1,
      "Actual Loops": 1,
      "Plans": [
        {
          "Node Type": "Gather",
          "Parent Relationship": "Outer",
          "Parallel Aware": false,
          "Startup Cost": 336097.02,
          "Total Cost": 336097.63,
          "Plan Rows": 6,
          "Plan Width": 8,
          "Actual Startup Time": 837.625,
          "Actual Total Time": 884.621,
          "Actual Rows": 7,
          "Actual Loops": 1,
          "Workers Planned": 6,
          "Workers Launched": 6,
          "Single Copy": false,
          "Plans": [
            {
              "Node Type": "Aggregate",
              "Strategy": "Plain",
              "Partial Mode": "Partial",
              "Parent Relationship": "Outer",
              "Parallel Aware": false,
              "Startup Cost": 335097.02,
              "Total Cost": 335097.03,
              "Plan Rows": 1,
              "Plan Width": 8,
              "Actual Startup Time": 829.761,
              "Actual Total Time": 829.763,
              "Actual Rows": 1,
              "Actual Loops": 7,
              "Plans": [
                {
                  "Node Type": "Seq Scan",
                  "Parent Relationship": "Outer",
                  "Parallel Aware": true,
                  "Relation Name": "cast_info",
                  "Alias": "ci",
                  "Startup Cost": 0.0,
                  "Total Cost": 328211.39,
                  "Plan Rows": 2754252,
                  "Plan Width": 0,
                  "Actual Startup Time": 0.052,
                  "Actual Total Time": 685.453,
                  "Actual Rows": 2386095,
                  "Actual Loops": 7,
                  "Filter": "(person_id < 1653535)",
                  "Rows Removed by Filter": 2791669
                }
              ]
            }
          ]
        }
      ]
    },
    "Planning Time": 0.209,
    "Triggers": [],
    "Execution Time": 884.713
  }
]