[
  {
    "Plan": {
      "Node Type": "Aggregate",
      "Strategy": "Plain",
      "Partial Mode": "Finalize",
      "Parallel Aware": false,
      "Startup Cost": 336121.48,
      "Total Cost": 336121.49,
      "Plan Rows": 1,
      "Plan Width": 8,
      "Actual Startup Time": 705.864,
      "Actual Total Time": 760.277,
      "Actual Rows": 1,
      "Actual Loops": 1,
      "Plans": [
        {
          "Node Type": "Gather",
          "Parent Relationship": "Outer",
          "Parallel Aware": false,
          "Startup Cost": 336120.86,
          "Total Cost": 336121.47,
          "Plan Rows": 6,
          "Plan Width": 8,
          "Actual Startup Time": 705.744,
          "Actual Total Time": 760.267,
          "Actual Rows": 7,
          "Actual Loops": 1,
          "Workers Planned": 6,
          "Workers Launched": 6,
          "Single Copy": false,
          "Plans": [
            {
              "Node Type": "Aggregate",
              "Strategy": "Plain",
              "Partial Mode": "Partial",
              "Parent Relationship": "Outer",
              "Parallel Aware": false,
              "Startup Cost": 335120.86,
              "Total Cost": 335120.87,
              "Plan Rows": 1,
              "Plan Width": 8,
              "Actual Startup Time": 697.109,
              "Actual Total Time": 697.11,
              "Actual Rows": 1,
              "Actual Loops": 7,
              "Plans": [
                {
                  "Node Type": "Seq Scan",
                  "Parent Relationship": "Outer",
                  "Parallel Aware": true,
                  "Relation Name": "cast_info",
                  "Alias": "ci",
                  "Startup Cost": 0.0,
                  "Total Cost": 328162.03,
                  "Plan Rows": 2783533,
                  "Plan Width": 0,
                  "Actual Startup Time": 0.046,
                  "Actual Total Time": 589.342,
                  "Actual Rows": 2386095,
                  "Actual Loops": 7,
                  "Filter": "(person_id < 1653535)",
                  "Rows Removed by Filter": 2791669
                }
              ]
            }
          ]
        }
      ]
    },
    "Planning Time": 0.192,
    "Triggers": [],
    "Execution Time": 760.349
  }
]