[
  {
    "Plan": {
      "Node Type": "Aggregate",
      "Strategy": "Plain",
      "Partial Mode": "Finalize",
      "Parallel Aware": false,
      "Startup Cost": 90889.47,
      "Total Cost": 90889.48,
      "Plan Rows": 1,
      "Plan Width": 8,
      "Actual Startup Time": 269.342,
      "Actual Total Time": 287.3,
      "Actual Rows": 1,
      "Actual Loops": 1,
      "Plans": [
        {
          "Node Type": "Gather",
          "Parent Relationship": "Outer",
          "Parallel Aware": false,
          "Startup Cost": 90889.15,
          "Total Cost": 90889.46,
          "Plan Rows": 3,
          "Plan Width": 8,
          "Actual Startup Time": 267.071,
          "Actual Total Time": 287.29,
          "Actual Rows": 4,
          "Actual Loops": 1,
          "Workers Planned": 3,
          "Workers Launched": 3,
          "Single Copy": false,
          "Plans": [
            {
              "Node Type": "Aggregate",
              "Strategy": "Plain",
              "Partial Mode": "Partial",
              "Parent Relationship": "Outer",
              "Parallel Aware": false,
              "Startup Cost": 89889.15,
              "Total Cost": 89889.16,
              "Plan Rows": 1,
              "Plan Width": 8,
              "Actual Startup Time": 260.024,
              "Actual Total Time": 260.028,
              "Actual Rows": 1,
              "Actual Loops": 4,
              "Plans": [
                {
                  "Node Type": "Hash Join",
                  "Parent Relationship": "Outer",
                  "Parallel Aware": true,
                  "Join Type": "Inner",
                  "Startup Cost": 46422.82,
                  "Total Cost": 89810.48,
                  "Plan Rows": 31470,
                  "Plan Width": 0,
                  "Actual Startup Time": 131.263,
                  "Actual Total Time": 258.014,
                  "Actual Rows": 36872,
                  "Actual Loops": 4,
                  "Inner Unique": true,
                  "Hash Cond": "(mk.movie_id = t.id)",
                  "Plans": [
                    {
                      "Node Type": "Seq Scan",
                      "Parent Relationship": "Outer",
                      "Parallel Aware": true,
                      "Relation Name": "movie_keyword",
                      "Alias": "mk",
                      "Startup Cost": 0.0,
                      "Total Cost": 42695.65,
                      "Plan Rows": 263619,
                      "Plan Width": 4,
                      "Actual Startup Time": 1.938,
                      "Actual Total Time": 99.982,
                      "Actual Rows": 203187,
                      "Actual Loops": 4,
                      "Filter": "(keyword_id > 22549)",
                      "Rows Removed by Filter": 927796
                    },
                    {
                      "Node Type": "Hash",
                      "Parent Relationship": "Inner",
                      "Parallel Aware": true,
                      "Startup Cost": 45479.59,
                      "Total Cost": 45479.59,
                      "Plan Rows": 75459,
                      "Plan Width": 4,
                      "Actual Startup Time": 126.808,
                      "Actual Total Time": 126.81,
                      "Actual Rows": 62550,
                      "Actual Loops": 4,
                      "Hash Buckets": 524288,
                      "Original Hash Buckets": 524288,
                      "Hash Batches": 1,
                      "Original Hash Batches": 1,
                      "Peak Memory Usage": 13952,
                      "Plans": [
                        {
                          "Node Type": "Seq Scan",
                          "Parent Relationship": "Outer",
                          "Parallel Aware": true,
                          "Relation Name": "title",
                          "Alias": "t",
                          "Startup Cost": 0.0,
                          "Total Cost": 45479.59,
                          "Plan Rows": 75459,
                          "Plan Width": 4,
                          "Actual Startup Time": 0.04,
                          "Actual Total Time": 103.197,
                          "Actual Rows": 62550,
                          "Actual Loops": 4,
                          "Filter": "((kind_id < 3) AND (production_year > 2005))",
                          "Rows Removed by Filter": 569528
                        }
                      ]
                    }
                  ]
                }
              ]
            }
          ]
        }
      ]
    },
    "Planning Time": 0.3,
    "Triggers": [],
    "Execution Time": 287.349
  }
]