[
  {
    "Plan": {
      "Node Type": "Aggregate",
      "Strategy": "Plain",
      "Partial Mode": "Finalize",
      "Parallel Aware": false,
      "Startup Cost": 349260.33,
      "Total Cost": 349260.34,
      "Plan Rows": 1,
      "Plan Width": 8,
      "Actual Startup Time": 680.156,
      "Actual Total Time": 725.992,
      "Actual Rows": 1,
      "Actual Loops": 1,
      "Plans": [
        {
          "Node Type": "Gather",
          "Parent Relationship": "Outer",
          "Parallel Aware": false,
          "Startup Cost": 349259.7,
          "Total Cost": 349260.31,
          "Plan Rows": 6,
          "Plan Width": 8,
          "Actual Startup Time": 679.949,
          "Actual Total Time": 725.973,
          "Actual Rows": 7,
          "Actual Loops": 1,
          "Workers Planned": 6,
          "Workers Launched": 6,
          "Single Copy": false,
          "Plans": [
            {
              "Node Type": "Aggregate",
              "Strategy": "Plain",
              "Partial Mode": "Partial",
              "Parent Relationship": "Outer",
              "Parallel Aware": false,
              "Startup Cost": 348259.7,
              "Total Cost": 348259.71,
              "Plan Rows": 1,
              "Plan Width": 8,
              "Actual Startup Time": 672.585,
              "Actual Total Time": 672.587,
              "Actual Rows": 1,
              "Actual Loops": 7,
              "Plans": [
                {
                  "Node Type": "Seq Scan",
                  "Parent Relationship": "Outer",
                  "Parallel Aware": true,
                  "Relation Name": "cast_info",
                  "Alias": "ci",
                  "Startup Cost": 0.0,
                  "Total Cost": 343316.27,
                  "Plan Rows": 1977373,
                  "Plan Width": 0,
                  "Actual Startup Time": 345.829,
                  "Actual Total Time": 628.022,
                  "Actual Rows": 971207,
                  "Actual Loops": 7,
                  "Filter": "((person_id < 2769775) AND (role_id > 2))",
                  "Rows Removed by Filter": 4206557
                }
              ]
            }
          ]
        }
      ]
    },
    "Planning Time": 0.103,
    "Triggers": [],
    "Execution Time": 726.03
  }
]