[
  {
    "Plan": {
      "Node Type": "Aggregate",
      "Strategy": "Plain",
      "Partial Mode": "Finalize",
      "Parallel Aware": false,
      "Startup Cost": 251926.08,
      "Total Cost": 251926.09,
      "Plan Rows": 1,
      "Plan Width": 8,
      "Actual Startup Time": 705.107,
      "Actual Total Time": 749.033,
      "Actual Rows": 1,
      "Actual Loops": 1,
      "Plans": [
        {
          "Node Type": "Gather",
          "Parent Relationship": "Outer",
          "Parallel Aware": false,
          "Startup Cost": 251925.56,
          "Total Cost": 251926.07,
          "Plan Rows": 5,
          "Plan Width": 8,
          "Actual Startup Time": 702.504,
          "Actual Total Time": 749.019,
          "Actual Rows": 6,
          "Actual Loops": 1,
          "Workers Planned": 5,
          "Workers Launched": 5,
          "Single Copy": false,
          "Plans": [
            {
              "Node Type": "Aggregate",
              "Strategy": "Plain",
              "Partial Mode": "Partial",
              "Parent Relationship": "Outer",
              "Parallel Aware": false,
              "Startup Cost": 250925.56,
              "Total Cost": 250925.57,
              "Plan Rows": 1,
              "Plan Width": 8,
              "Actual Startup Time": 695.268,
              "Actual Total Time": 695.271,
              "Actual Rows": 1,
              "Actual Loops": 6,
              "Plans": [
                {
                  "Node Type": "Hash Join",
                  "Parent Relationship": "Outer",
                  "Parallel Aware": true,
                  "Join Type": "Inner",
                  "Startup Cost": 47118.55,
                  "Total Cost": 250150.44,
                  "Plan Rows": 310048,
                  "Plan Width": 0,
                  "Actual Startup Time": 133.919,
                  "Actual Total Time": 673.386,
                  "Actual Rows": 519806,
                  "Actual Loops": 6,
                  "Inner Unique": true,
                  "Hash Cond": "(mi.movie_id = t.id)",
                  "Plans": [
                    {
                      "Node Type": "Seq Scan",
                      "Parent Relationship": "Outer",
                      "Parallel Aware": true,
                      "Relation Name": "movie_info",
                      "Alias": "mi",
                      "Startup Cost": 0.0,
                      "Total Cost": 199108.24,
                      "Plan Rows": 1494718,
                      "Plan Width": 4,
                      "Actual Startup Time": 15.57,
                      "Actual Total Time": 314.445,
                      "Actual Rows": 1258142,
                      "Actual Loops": 6,
                      "Filter": "(info_type_id > 7)",
                      "Rows Removed by Filter": 1214478
                    },
                    {
                      "Node Type": "Hash",
                      "Parent Relationship": "Inner",
                      "Parallel Aware": true,
                      "Startup Cost": 45479.59,
                      "Total Cost": 45479.59,
                      "Plan Rows": 131117,
                      "Plan Width": 4,
                      "Actual Startup Time": 116.242,
                      "Actual Total Time": 116.243,
                      "Actual Rows": 101589,
                      "Actual Loops": 6,
                      "Hash Buckets": 1048576,
                      "Original Hash Buckets": 1048576,
                      "Hash Batches": 1,
                      "Original Hash Batches": 1,
                      "Peak Memory Usage": 32128,
                      "Plans": [
                        {
                          "Node Type": "Seq Scan",
                          "Parent Relationship": "Outer",
                          "Parallel Aware": true,
                          "Relation Name": "title",
                          "Alias": "t",
                          "Startup Cost": 0.0,
                          "Total Cost": 45479.59,
                          "Plan Rows": 131117,
                          "Plan Width": 4,
                          "Actual Startup Time": 0.045,
                          "Actual Total Time": 76.297,
                          "Actual Rows": 101589,
                          "Actual Loops": 6,
                          "Filter": "((kind_id < 7) AND (production_year < 2005))",
                          "Rows Removed by Filter": 319797
                        }
                      ]
                    }
                  ]
                }
              ]
            }
          ]
        }
      ]
    },
    "Planning Time": 0.272,
    "Triggers": [],
    "Execution Time": 749.076
  }
]