[
  {
    "Plan": {
      "Node Type": "Aggregate",
      "Strategy": "Plain",
      "Partial Mode": "Finalize",
      "Parallel Aware": false,
      "Startup Cost": 54184.82,
      "Total Cost": 54184.83,
      "Plan Rows": 1,
      "Plan Width": 8,
      "Actual Startup Time": 44.793,
      "Actual Total Time": 50.43,
      "Actual Rows": 1,
      "Actual Loops": 1,
      "Plans": [
        {
          "Node Type": "Gather",
          "Parent Relationship": "Outer",
          "Parallel Aware": false,
          "Startup Cost": 54184.5,
          "Total Cost": 54184.81,
          "Plan Rows": 3,
          "Plan Width": 8,
          "Actual Startup Time": 44.556,
          "Actual Total Time": 50.423,
          "Actual Rows": 4,
          "Actual Loops": 1,
          "Workers Planned": 3,
          "Workers Launched": 3,
          "Single Copy": false,
          "Plans": [
            {
              "Node Type": "Aggregate",
              "Strategy": "Plain",
              "Partial Mode": "Partial",
              "Parent Relationship": "Outer",
              "Parallel Aware": false,
              "Startup Cost": 53184.5,
              "Total Cost": 53184.51,
              "Plan Rows": 1,
              "Plan Width": 8,
              "Actual Startup Time": 36.461,
              "Actual Total Time": 36.462,
              "Actual Rows": 1,
              "Actual Loops": 4,
              "Plans": [
                {
                  "Node Type": "Nested Loop",
                  "Parent Relationship": "Outer",
                  "Parallel Aware": false,
                  "Join Type": "Inner",
                  "Startup Cost": 339.99,
                  "Total Cost": 53183.9,
                  "Plan Rows": 240,
                  "Plan Width": 0,
                  "Actual Startup Time": 5.158,
                  "Actual Total Time": 36.448,
                  "Actual Rows": 21,
                  "Actual Loops": 4,
                  "Inner Unique": true,
                  "Plans": [
                    {
                      "Node Type": "Bitmap Heap Scan",
                      "Parent Relationship": "Outer",
                      "Parallel Aware": true,
                      "Relation Name": "movie_keyword",
                      "Alias": "mk",
                      "Startup Cost": 339.56,
                      "Total Cost": 23179.25,
                      "Plan Rows": 5125,
                      "Plan Width": 4,
                      "Actual Startup Time": 3.17,
                      "Actual Total Time": 13.168,
                      "Actual Rows": 3625,
                      "Actual Loops": 4,
                      "Recheck Cond": "(keyword_id > 121529)",
                      "Rows Removed by Index Recheck": 0,
                      "Exact Heap Blocks": 2320,
                      "Lossy Heap Blocks": 0,
                      "Plans": [
                        {
                          "Node Type": "Bitmap Index Scan",
                          "Parent Relationship": "Outer",
                          "Parallel Aware": false,
                          "Index Name": "keyword_id_movie_keyword",
                          "Startup Cost": 0.0,
                          "Total Cost": 335.59,
                          "Plan Rows": 15888,
                          "Plan Width": 0,
                          "Actual Startup Time": 7.461,
                          "Actual Total Time": 7.462,
                          "Actual Rows": 14501,
                          "Actual Loops": 1,
                          "Index Cond": "(keyword_id > 121529)"
                        }
                      ]
                    },
                    {
                      "Node Type": "Index Scan",
                      "Parent Relationship": "Inner",
                      "Parallel Aware": false,
                      "Scan Direction": "Forward",
                      "Index Name": "title_pkey",
                      "Relation Name": "title",
                      "Alias": "t",
                      "Startup Cost": 0.43,
                      "Total Cost": 5.85,
                      "Plan Rows": 1,
                      "Plan Width": 4,
                      "Actual Startup Time": 0.006,
                      "Actual Total Time": 0.006,
                      "Actual Rows": 0,
                      "Actual Loops": 14501,
                      "Index Cond": "(id = mk.movie_id)",
                      "Rows Removed by Index Recheck": 0,
                      "Filter": "((kind_id > 1) AND (production_year = 2012))",
                      "Rows Removed by Filter": 1
                    }
                  ]
                }
              ]
            }
          ]
        }
      ]
    },
    "Planning Time": 0.642,
    "Triggers": [],
    "Execution Time": 50.52
  }
]