{
    "Plan": {
        "Node Type": "Aggregate",
        "Strategy": "Plain",
        "Partial Mode": "Finalize",
        "Parallel Aware": false,
        "Startup Cost": 287755.03,
        "Total Cost": 287755.04,
        "Plan Rows": 1,
        "Plan Width": 8,
        "Actual Startup Time": 985.382,
        "Actual Total Time": 1079.835,
        "Actual Rows": 1,
        "Actual Loops": 1,
        "Output": [
            "count(*)"
        ],
        "Plans": [
            {
                "Node Type": "Gather",
                "Parent Relationship": "Outer",
                "Parallel Aware": false,
                "Startup Cost": 287754.5,
                "Total Cost": 287755.01,
                "Plan Rows": 5,
                "Plan Width": 8,
                "Actual Startup Time": 983.414,
                "Actual Total Time": 1079.823,
                "Actual Rows": 6,
                "Actual Loops": 1,
                "Output": [
                    "(PARTIAL count(*))"
                ],
                "Workers Planned": 5,
                "Workers Launched": 5,
                "Single Copy": false,
                "Plans": [
                    {
                        "Node Type": "Aggregate",
                        "Strategy": "Plain",
                        "Partial Mode": "Partial",
                        "Parent Relationship": "Outer",
                        "Parallel Aware": false,
                        "Startup Cost": 286754.5,
                        "Total Cost": 286754.51,
                        "Plan Rows": 1,
                        "Plan Width": 8,
                        "Actual Startup Time": 972.634,
                        "Actual Total Time": 972.682,
                        "Actual Rows": 1,
                        "Actual Loops": 6,
                        "Output": [
                            "PARTIAL count(*)"
                        ],
                        "Workers": [
                            {
                                "Worker Number": 0,
                                "Actual Startup Time": 970.211,
                                "Actual Total Time": 970.215,
                                "Actual Rows": 1,
                                "Actual Loops": 1
                            },
                            {
                                "Worker Number": 1,
                                "Actual Startup Time": 970.643,
                                "Actual Total Time": 970.648,
                                "Actual Rows": 1,
                                "Actual Loops": 1
                            },
                            {
                                "Worker Number": 2,
                                "Actual Startup Time": 970.5,
                                "Actual Total Time": 970.504,
                                "Actual Rows": 1,
                                "Actual Loops": 1
                            },
                            {
                                "Worker Number": 3,
                                "Actual Startup Time": 970.632,
                                "Actual Total Time": 970.637,
                                "Actual Rows": 1,
                                "Actual Loops": 1
                            },
                            {
                                "Worker Number": 4,
                                "Actual Startup Time": 971.281,
                                "Actual Total Time": 971.286,
                                "Actual Rows": 1,
                                "Actual Loops": 1
                            }
                        ],
                        "Plans": [
                            {
                                "Node Type": "Nested Loop",
                                "Parent Relationship": "Outer",
                                "Parallel Aware": false,
                                "Join Type": "Inner",
                                "Startup Cost": 46078.45,
                                "Total Cost": 286379.11,
                                "Plan Rows": 150156,
                                "Plan Width": 0,
                                "Actual Startup Time": 111.657,
                                "Actual Total Time": 949.103,
                                "Actual Rows": 502482,
                                "Actual Loops": 6,
                                "Inner Unique": false,
                                "Join Filter": "(t.id = ci.movie_id)",
                                "Rows Removed by Join Filter": 0,
                                "Workers": [
                                    {
                                        "Worker Number": 0,
                                        "Actual Startup Time": 109.232,
                                        "Actual Total Time": 946.76,
                                        "Actual Rows": 496457,
                                        "Actual Loops": 1
                                    },
                                    {
                                        "Worker Number": 1,
                                        "Actual Startup Time": 109.758,
                                        "Actual Total Time": 947.542,
                                        "Actual Rows": 474771,
                                        "Actual Loops": 1
                                    },
                                    {
                                        "Worker Number": 2,
                                        "Actual Startup Time": 109.652,
                                        "Actual Total Time": 947.205,
                                        "Actual Rows": 462290,
                                        "Actual Loops": 1
                                    },
                                    {
                                        "Worker Number": 3,
                                        "Actual Startup Time": 109.344,
                                        "Actual Total Time": 950.742,
                                        "Actual Rows": 398140,
                                        "Actual Loops": 1
                                    },
                                    {
                                        "Worker Number": 4,
                                        "Actual Startup Time": 110.357,
                                        "Actual Total Time": 949.167,
                                        "Actual Rows": 464179,
                                        "Actual Loops": 1
                                    }
                                ],
                                "Plans": [
                                    {
                                        "Node Type": "Hash Join",
                                        "Parent Relationship": "Outer",
                                        "Parallel Aware": true,
                                        "Join Type": "Inner",
                                        "Startup Cost": 46077.88,
                                        "Total Cost": 245321.41,
                                        "Plan Rows": 10472,
                                        "Plan Width": 8,
                                        "Actual Startup Time": 111.569,
                                        "Actual Total Time": 391.342,
                                        "Actual Rows": 16106,
                                        "Actual Loops": 6,
                                        "Output": [
                                            "t.id",
                                            "mi.movie_id"
                                        ],
                                        "Inner Unique": true,
                                        "Hash Cond": "(mi.movie_id = t.id)",
                                        "Workers": [
                                            {
                                                "Worker Number": 0,
                                                "Actual Startup Time": 109.119,
                                                "Actual Total Time": 384.514,
                                                "Actual Rows": 15047,
                                                "Actual Loops": 1
                                            },
                                            {
                                                "Worker Number": 1,
                                                "Actual Startup Time": 109.685,
                                                "Actual Total Time": 388.563,
                                                "Actual Rows": 15844,
                                                "Actual Loops": 1
                                            },
                                            {
                                                "Worker Number": 2,
                                                "Actual Startup Time": 109.547,
                                                "Actual Total Time": 387.334,
                                                "Actual Rows": 15116,
                                                "Actual Loops": 1
                                            },
                                            {
                                                "Worker Number": 3,
                                                "Actual Startup Time": 109.232,
                                                "Actual Total Time": 386.439,
                                                "Actual Rows": 13418,
                                                "Actual Loops": 1
                                            },
                                            {
                                                "Worker Number": 4,
                                                "Actual Startup Time": 110.256,
                                                "Actual Total Time": 386.448,
                                                "Actual Rows": 15361,
                                                "Actual Loops": 1
                                            }
                                        ],
                                        "Plans": [
                                            {
                                                "Node Type": "Seq Scan",
                                                "Parent Relationship": "Outer",
                                                "Parallel Aware": true,
                                                "Relation Name": "movie_info",
                                                "Schema": "public",
                                                "Alias": "mi",
                                                "Startup Cost": 0.0,
                                                "Total Cost": 198880.74,
                                                "Plan Rows": 138206,
                                                "Plan Width": 4,
                                                "Actual Startup Time": 14.554,
                                                "Actual Total Time": 266.355,
                                                "Actual Rows": 110154,
                                                "Actual Loops": 6,
                                                "Output": [
                                                    "mi.id",
                                                    "mi.movie_id",
                                                    "mi.info_type_id",
                                                    "mi.info",
                                                    "mi.note"
                                                ],
                                                "Filter": "(mi.info_type_id = 18)",
                                                "Rows Removed by Filter": 2362466,
                                                "Workers": [
                                                    {
                                                        "Worker Number": 0,
                                                        "Actual Startup Time": 14.554,
                                                        "Actual Total Time": 264.83,
                                                        "Actual Rows": 98124,
                                                        "Actual Loops": 1
                                                    },
                                                    {
                                                        "Worker Number": 1,
                                                        "Actual Startup Time": 14.562,
                                                        "Actual Total Time": 266.598,
                                                        "Actual Rows": 106553,
                                                        "Actual Loops": 1
                                                    },
                                                    {
                                                        "Worker Number": 2,
                                                        "Actual Startup Time": 14.556,
                                                        "Actual Total Time": 266.453,
                                                        "Actual Rows": 99222,
                                                        "Actual Loops": 1
                                                    },
                                                    {
                                                        "Worker Number": 3,
                                                        "Actual Startup Time": 14.546,
                                                        "Actual Total Time": 265.359,
                                                        "Actual Rows": 87951,
                                                        "Actual Loops": 1
                                                    },
                                                    {
                                                        "Worker Number": 4,
                                                        "Actual Startup Time": 14.547,
                                                        "Actual Total Time": 265.503,
                                                        "Actual Rows": 98707,
                                                        "Actual Loops": 1
                                                    }
                                                ]
                                            },
                                            {
                                                "Node Type": "Hash",
                                                "Parent Relationship": "Inner",
                                                "Parallel Aware": true,
                                                "Startup Cost": 45479.21,
                                                "Total Cost": 45479.21,
                                                "Plan Rows": 47894,
                                                "Plan Width": 4,
                                                "Actual Startup Time": 95.307,
                                                "Actual Total Time": 95.309,
                                                "Actual Rows": 49053,
                                                "Actual Loops": 6,
                                                "Output": [
                                                    "t.id"
                                                ],
                                                "Hash Buckets": 524288,
                                                "Original Hash Buckets": 262144,
                                                "Hash Batches": 1,
                                                "Original Hash Batches": 1,
                                                "Peak Memory Usage": 17728,
                                                "Workers": [
                                                    {
                                                        "Worker Number": 0,
                                                        "Actual Startup Time": 94.171,
                                                        "Actual Total Time": 94.173,
                                                        "Actual Rows": 48882,
                                                        "Actual Loops": 1
                                                    },
                                                    {
                                                        "Worker Number": 1,
                                                        "Actual Startup Time": 94.626,
                                                        "Actual Total Time": 94.628,
                                                        "Actual Rows": 47833,
                                                        "Actual Loops": 1
                                                    },
                                                    {
                                                        "Worker Number": 2,
                                                        "Actual Startup Time": 94.519,
                                                        "Actual Total Time": 94.52,
                                                        "Actual Rows": 47031,
                                                        "Actual Loops": 1
                                                    },
                                                    {
                                                        "Worker Number": 3,
                                                        "Actual Startup Time": 94.2,
                                                        "Actual Total Time": 94.201,
                                                        "Actual Rows": 40714,
                                                        "Actual Loops": 1
                                                    },
                                                    {
                                                        "Worker Number": 4,
                                                        "Actual Startup Time": 95.308,
                                                        "Actual Total Time": 95.309,
                                                        "Actual Rows": 47965,
                                                        "Actual Loops": 1
                                                    }
                                                ],
                                                "Plans": [
                                                    {
                                                        "Node Type": "Seq Scan",
                                                        "Parent Relationship": "Outer",
                                                        "Parallel Aware": true,
                                                        "Relation Name": "title",
                                                        "Schema": "public",
                                                        "Alias": "t",
                                                        "Startup Cost": 0.0,
                                                        "Total Cost": 45479.21,
                                                        "Plan Rows": 47894,
                                                        "Plan Width": 4,
                                                        "Actual Startup Time": 0.139,
                                                        "Actual Total Time": 73.592,
                                                        "Actual Rows": 49053,
                                                        "Actual Loops": 6,
                                                        "Output": [
                                                            "t.id"
                                                        ],
                                                        "Filter": "((t.kind_id < 7) AND (t.production_year < 1978))",
                                                        "Rows Removed by Filter": 372333,
                                                        "Workers": [
                                                            {
                                                                "Worker Number": 0,
                                                                "Actual Startup Time": 0.273,
                                                                "Actual Total Time": 73.066,
                                                                "Actual Rows": 48882,
                                                                "Actual Loops": 1
                                                            },
                                                            {
                                                                "Worker Number": 1,
                                                                "Actual Startup Time": 0.066,
                                                                "Actual Total Time": 73.47,
                                                                "Actual Rows": 47833,
                                                                "Actual Loops": 1
                                                            },
                                                            {
                                                                "Worker Number": 2,
                                                                "Actual Startup Time": 0.222,
                                                                "Actual Total Time": 72.801,
                                                                "Actual Rows": 47031,
                                                                "Actual Loops": 1
                                                            },
                                                            {
                                                                "Worker Number": 3,
                                                                "Actual Startup Time": 0.129,
                                                                "Actual Total Time": 71.882,
                                                                "Actual Rows": 40714,
                                                                "Actual Loops": 1
                                                            },
                                                            {
                                                                "Worker Number": 4,
                                                                "Actual Startup Time": 0.067,
                                                                "Actual Total Time": 73.861,
                                                                "Actual Rows": 47965,
                                                                "Actual Loops": 1
                                                            }
                                                        ]
                                                    }
                                                ]
                                            }
                                        ]
                                    },
                                    {
                                        "Node Type": "Index Only Scan",
                                        "Parent Relationship": "Inner",
                                        "Parallel Aware": false,
                                        "Scan Direction": "Forward",
                                        "Index Name": "movie_id_cast_info",
                                        "Relation Name": "cast_info",
                                        "Schema": "public",
                                        "Alias": "ci",
                                        "Startup Cost": 0.56,
                                        "Total Cost": 3.45,
                                        "Plan Rows": 38,
                                        "Plan Width": 4,
                                        "Actual Startup Time": 0.005,
                                        "Actual Total Time": 0.032,
                                        "Actual Rows": 31,
                                        "Actual Loops": 96635,
                                        "Output": [
                                            "ci.movie_id"
                                        ],
                                        "Index Cond": "(ci.movie_id = mi.movie_id)",
                                        "Rows Removed by Index Recheck": 0,
                                        "Heap Fetches": 3014894,
                                        "Workers": [
                                            {
                                                "Worker Number": 0,
                                                "Actual Startup Time": 0.005,
                                                "Actual Total Time": 0.034,
                                                "Actual Rows": 33,
                                                "Actual Loops": 15047
                                            },
                                            {
                                                "Worker Number": 1,
                                                "Actual Startup Time": 0.005,
                                                "Actual Total Time": 0.032,
                                                "Actual Rows": 30,
                                                "Actual Loops": 15844
                                            },
                                            {
                                                "Worker Number": 2,
                                                "Actual Startup Time": 0.005,
                                                "Actual Total Time": 0.034,
                                                "Actual Rows": 31,
                                                "Actual Loops": 15116
                                            },
                                            {
                                                "Worker Number": 3,
                                                "Actual Startup Time": 0.007,
                                                "Actual Total Time": 0.039,
                                                "Actual Rows": 30,
                                                "Actual Loops": 13418
                                            },
                                            {
                                                "Worker Number": 4,
                                                "Actual Startup Time": 0.006,
                                                "Actual Total Time": 0.033,
                                                "Actual Rows": 30,
                                                "Actual Loops": 15361
                                            }
                                        ]
                                    }
                                ]
                            }
                        ]
                    }
                ]
            }
        ]
    },
    "Planning Time": 1.59,
    "Triggers": [],
    "Execution Time": 1079.949
}