[
  {
    "Plan": {
      "Node Type": "Aggregate",
      "Strategy": "Plain",
      "Partial Mode": "Simple",
      "Parallel Aware": false,
      "Startup Cost": 2213.17,
      "Total Cost": 2213.18,
      "Plan Rows": 1,
      "Plan Width": 8,
      "Actual Startup Time": 2.683,
      "Actual Total Time": 2.686,
      "Actual Rows": 1,
      "Actual Loops": 1,
      "Plans": [
        {
          "Node Type": "Nested Loop",
          "Parent Relationship": "Outer",
          "Parallel Aware": false,
          "Join Type": "Inner",
          "Startup Cost": 1.42,
          "Total Cost": 2213.02,
          "Plan Rows": 60,
          "Plan Width": 0,
          "Actual Startup Time": 1.664,
          "Actual Total Time": 2.654,
          "Actual Rows": 82,
          "Actual Loops": 1,
          "Inner Unique": false,
          "Plans": [
            {
              "Node Type": "Nested Loop",
              "Parent Relationship": "Outer",
              "Parallel Aware": false,
              "Join Type": "Inner",
              "Startup Cost": 0.99,
              "Total Cost": 2158.17,
              "Plan Rows": 86,
              "Plan Width": 8,
              "Actual Startup Time": 1.619,
              "Actual Total Time": 2.091,
              "Actual Rows": 46,
              "Actual Loops": 1,
              "Inner Unique": true,
              "Plans": [
                {
                  "Node Type": "Index Scan",
                  "Parent Relationship": "Outer",
                  "Parallel Aware": false,
                  "Scan Direction": "Forward",
                  "Index Name": "person_id_cast_info",
                  "Relation Name": "cast_info",
                  "Alias": "ci",
                  "Startup Cost": 0.56,
                  "Total Cost": 1059.67,
                  "Plan Rows": 130,
                  "Plan Width": 4,
                  "Actual Startup Time": 1.561,
                  "Actual Total Time": 1.597,
                  "Actual Rows": 46,
                  "Actual Loops": 1,
                  "Index Cond": "(person_id = 884814)",
                  "Rows Removed by Index Recheck": 0,
                  "Filter": "(role_id > 4)",
                  "Rows Removed by Filter": 865
                },
                {
                  "Node Type": "Index Scan",
                  "Parent Relationship": "Inner",
                  "Parallel Aware": false,
                  "Scan Direction": "Forward",
                  "Index Name": "title_pkey",
                  "Relation Name": "title",
                  "Alias": "t",
                  "Startup Cost": 0.43,
                  "Total Cost": 8.45,
                  "Plan Rows": 1,
                  "Plan Width": 4,
                  "Actual Startup Time": 0.01,
                  "Actual Total Time": 0.01,
                  "Actual Rows": 1,
                  "Actual Loops": 46,
                  "Index Cond": "(id = ci.movie_id)",
                  "Rows Removed by Index Recheck": 0,
                  "Filter": "(production_year < 2008)",
                  "Rows Removed by Filter": 0
                }
              ]
            },
            {
              "Node Type": "Index Scan",
              "Parent Relationship": "Inner",
              "Parallel Aware": false,
              "Scan Direction": "Forward",
              "Index Name": "movie_id_movie_companies",
              "Relation Name": "movie_companies",
              "Alias": "mc",
              "Startup Cost": 0.43,
              "Total Cost": 0.6,
              "Plan Rows": 4,
              "Plan Width": 4,
              "Actual Startup Time": 0.01,
              "Actual Total Time": 0.011,
              "Actual Rows": 2,
              "Actual Loops": 46,
              "Index Cond": "(movie_id = t.id)",
              "Rows Removed by Index Recheck": 0,
              "Filter": "(company_id > 2349)",
              "Rows Removed by Filter": 1
            }
          ]
        }
      ]
    },
    "Planning Time": 1.431,
    "Triggers": [],
    "Execution Time": 2.761
  }
]