[
  {
    "Plan": {
      "Node Type": "Aggregate",
      "Strategy": "Plain",
      "Partial Mode": "Finalize",
      "Parallel Aware": false,
      "Startup Cost": 49093.88,
      "Total Cost": 49093.89,
      "Plan Rows": 1,
      "Plan Width": 8,
      "Actual Startup Time": 89.978,
      "Actual Total Time": 96.268,
      "Actual Rows": 1,
      "Actual Loops": 1,
      "Plans": [
        {
          "Node Type": "Gather",
          "Parent Relationship": "Outer",
          "Parallel Aware": false,
          "Startup Cost": 49093.46,
          "Total Cost": 49093.87,
          "Plan Rows": 4,
          "Plan Width": 8,
          "Actual Startup Time": 89.89,
          "Actual Total Time": 96.259,
          "Actual Rows": 5,
          "Actual Loops": 1,
          "Workers Planned": 4,
          "Workers Launched": 4,
          "Single Copy": false,
          "Plans": [
            {
              "Node Type": "Aggregate",
              "Strategy": "Plain",
              "Partial Mode": "Partial",
              "Parent Relationship": "Outer",
              "Parallel Aware": false,
              "Startup Cost": 48093.46,
              "Total Cost": 48093.47,
              "Plan Rows": 1,
              "Plan Width": 8,
              "Actual Startup Time": 81.368,
              "Actual Total Time": 81.369,
              "Actual Rows": 1,
              "Actual Loops": 5,
              "Plans": [
                {
                  "Node Type": "Index Scan",
                  "Parent Relationship": "Outer",
                  "Parallel Aware": true,
                  "Scan Direction": "Forward",
                  "Index Name": "role_id_cast_info",
                  "Relation Name": "cast_info",
                  "Alias": "ci",
                  "Startup Cost": 0.56,
                  "Total Cost": 47835.41,
                  "Plan Rows": 103223,
                  "Plan Width": 0,
                  "Actual Startup Time": 0.222,
                  "Actual Total Time": 74.749,
                  "Actual Rows": 135658,
                  "Actual Loops": 5,
                  "Index Cond": "(role_id = 8)",
                  "Rows Removed by Index Recheck": 0,
                  "Filter": "(person_id > 2823684)",
                  "Rows Removed by Filter": 205051
                }
              ]
            }
          ]
        }
      ]
    },
    "Planning Time": 0.198,
    "Triggers": [],
    "Execution Time": 96.331
  }
]