[
  {
    "Plan": {
      "Node Type": "Aggregate",
      "Strategy": "Plain",
      "Partial Mode": "Finalize",
      "Parallel Aware": false,
      "Startup Cost": 631830.37,
      "Total Cost": 631830.38,
      "Plan Rows": 1,
      "Plan Width": 8,
      "Actual Startup Time": 3691.37,
      "Actual Total Time": 3768.985,
      "Actual Rows": 1,
      "Actual Loops": 1,
      "Plans": [
        {
          "Node Type": "Gather",
          "Parent Relationship": "Outer",
          "Parallel Aware": false,
          "Startup Cost": 631829.74,
          "Total Cost": 631830.35,
          "Plan Rows": 6,
          "Plan Width": 8,
          "Actual Startup Time": 3676.53,
          "Actual Total Time": 3768.974,
          "Actual Rows": 7,
          "Actual Loops": 1,
          "Workers Planned": 6,
          "Workers Launched": 6,
          "Single Copy": false,
          "Plans": [
            {
              "Node Type": "Aggregate",
              "Strategy": "Plain",
              "Partial Mode": "Partial",
              "Parent Relationship": "Outer",
              "Parallel Aware": false,
              "Startup Cost": 630829.74,
              "Total Cost": 630829.75,
              "Plan Rows": 1,
              "Plan Width": 8,
              "Actual Startup Time": 3662.218,
              "Actual Total Time": 3662.366,
              "Actual Rows": 1,
              "Actual Loops": 7,
              "Plans": [
                {
                  "Node Type": "Hash Join",
                  "Parent Relationship": "Outer",
                  "Parallel Aware": true,
                  "Join Type": "Inner",
                  "Startup Cost": 260697.37,
                  "Total Cost": 611736.1,
                  "Plan Rows": 7637456,
                  "Plan Width": 0,
                  "Actual Startup Time": 896.984,
                  "Actual Total Time": 3419.368,
                  "Actual Rows": 5185656,
                  "Actual Loops": 7,
                  "Inner Unique": false,
                  "Hash Cond": "(ci.movie_id = t.id)",
                  "Plans": [
                    {
                      "Node Type": "Seq Scan",
                      "Parent Relationship": "Outer",
                      "Parallel Aware": true,
                      "Relation Name": "cast_info",
                      "Alias": "ci",
                      "Startup Cost": 0.0,
                      "Total Cost": 313106.51,
                      "Plan Rows": 6041951,
                      "Plan Width": 4,
                      "Actual Startup Time": 0.03,
                      "Actual Total Time": 565.745,
                      "Actual Rows": 5177763,
                      "Actual Loops": 7
                    },
                    {
                      "Node Type": "Hash",
                      "Parent Relationship": "Inner",
                      "Parallel Aware": true,
                      "Startup Cost": 252707.11,
                      "Total Cost": 252707.11,
                      "Plan Rows": 639221,
                      "Plan Width": 8,
                      "Actual Startup Time": 891.804,
                      "Actual Total Time": 891.951,
                      "Actual Rows": 259832,
                      "Actual Loops": 7,
                      "Hash Buckets": 4194304,
                      "Original Hash Buckets": 4194304,
                      "Hash Batches": 1,
                      "Original Hash Batches": 1,
                      "Peak Memory Usage": 104064,
                      "Plans": [
                        {
                          "Node Type": "Hash Join",
                          "Parent Relationship": "Outer",
                          "Parallel Aware": true,
                          "Join Type": "Inner",
                          "Startup Cost": 47744.07,
                          "Total Cost": 252707.11,
                          "Plan Rows": 639221,
                          "Plan Width": 8,
                          "Actual Startup Time": 124.062,
                          "Actual Total Time": 765.363,
                          "Actual Rows": 259832,
                          "Actual Loops": 7,
                          "Inner Unique": true,
                          "Hash Cond": "(mi.movie_id = t.id)",
                          "Plans": [
                            {
                              "Node Type": "Seq Scan",
                              "Parent Relationship": "Outer",
                              "Parallel Aware": true,
                              "Relation Name": "movie_info",
                              "Alias": "mi",
                              "Startup Cost": 0.0,
                              "Total Cost": 199108.24,
                              "Plan Rows": 2230394,
                              "Plan Width": 4,
                              "Actual Startup Time": 0.039,
                              "Actual Total Time": 325.337,
                              "Actual Rows": 1601535,
                              "Actual Loops": 7,
                              "Filter": "(info_type_id > 3)",
                              "Rows Removed by Filter": 517854
                            },
                            {
                              "Node Type": "Hash",
                              "Parent Relationship": "Inner",
                              "Parallel Aware": true,
                              "Startup Cost": 45479.59,
                              "Total Cost": 45479.59,
                              "Plan Rows": 181159,
                              "Plan Width": 4,
                              "Actual Startup Time": 122.849,
                              "Actual Total Time": 122.851,
                              "Actual Rows": 91204,
                              "Actual Loops": 7,
                              "Hash Buckets": 1048576,
                              "Original Hash Buckets": 1048576,
                              "Hash Batches": 1,
                              "Original Hash Batches": 1,
                              "Peak Memory Usage": 33280,
                              "Plans": [
                                {
                                  "Node Type": "Seq Scan",
                                  "Parent Relationship": "Outer",
                                  "Parallel Aware": true,
                                  "Relation Name": "title",
                                  "Alias": "t",
                                  "Startup Cost": 0.0,
                                  "Total Cost": 45479.59,
                                  "Plan Rows": 181159,
                                  "Plan Width": 4,
                                  "Actual Startup Time": 0.065,
                                  "Actual Total Time": 77.44,
                                  "Actual Rows": 91204,
                                  "Actual Loops": 7,
                                  "Filter": "((production_year < 2003) AND (kind_id = 7))",
                                  "Rows Removed by Filter": 269983
                                }
                              ]
                            }
                          ]
                        }
                      ]
                    }
                  ]
                }
              ]
            }
          ]
        }
      ]
    },
    "Planning Time": 0.535,
    "Triggers": [],
    "Execution Time": 3769.047
  }
]