[
  {
    "Plan": {
      "Node Type": "Aggregate",
      "Strategy": "Plain",
      "Partial Mode": "Finalize",
      "Parallel Aware": false,
      "Startup Cost": 33130.68,
      "Total Cost": 33130.69,
      "Plan Rows": 1,
      "Plan Width": 8,
      "Actual Startup Time": 90.893,
      "Actual Total Time": 99.02,
      "Actual Rows": 1,
      "Actual Loops": 1,
      "Plans": [
        {
          "Node Type": "Gather",
          "Parent Relationship": "Outer",
          "Parallel Aware": false,
          "Startup Cost": 33130.36,
          "Total Cost": 33130.67,
          "Plan Rows": 3,
          "Plan Width": 8,
          "Actual Startup Time": 90.772,
          "Actual Total Time": 99.013,
          "Actual Rows": 4,
          "Actual Loops": 1,
          "Workers Planned": 3,
          "Workers Launched": 3,
          "Single Copy": false,
          "Plans": [
            {
              "Node Type": "Aggregate",
              "Strategy": "Plain",
              "Partial Mode": "Partial",
              "Parent Relationship": "Outer",
              "Parallel Aware": false,
              "Startup Cost": 32130.36,
              "Total Cost": 32130.37,
              "Plan Rows": 1,
              "Plan Width": 8,
              "Actual Startup Time": 83.597,
              "Actual Total Time": 83.616,
              "Actual Rows": 1,
              "Actual Loops": 4,
              "Plans": [
                {
                  "Node Type": "Seq Scan",
                  "Parent Relationship": "Outer",
                  "Parallel Aware": true,
                  "Relation Name": "movie_companies",
                  "Alias": "mc",
                  "Startup Cost": 0.0,
                  "Total Cost": 31414.82,
                  "Plan Rows": 286217,
                  "Plan Width": 0,
                  "Actual Startup Time": 47.032,
                  "Actual Total Time": 77.931,
                  "Actual Rows": 141606,
                  "Actual Loops": 4,
                  "Filter": "((company_id < 23222) AND (company_type_id = 2))",
                  "Rows Removed by Filter": 510676
                }
              ]
            }
          ]
        }
      ]
    },
    "Planning Time": 0.181,
    "Triggers": [],
    "Execution Time": 99.075
  }
]