{
  "Plan": {
    "Node Type": "Aggregate",
    "Strategy": "Plain",
    "Partial Mode": "Finalize",
    "Parallel Aware": false,
    "Startup Cost": 693490.55,
    "Total Cost": 693490.56,
    "Plan Rows": 1,
    "Plan Width": 8,
    "Actual Startup Time": 3097.856,
    "Actual Total Time": 3141.96,
    "Actual Rows": 1,
    "Actual Loops": 1,
    "Plans": [
      {
        "Node Type": "Gather",
        "Parent Relationship": "Outer",
        "Parallel Aware": false,
        "Startup Cost": 693490.43,
        "Total Cost": 693490.54,
        "Plan Rows": 1,
        "Plan Width": 8,
        "Actual Startup Time": 3092.448,
        "Actual Total Time": 3141.951,
        "Actual Rows": 2,
        "Actual Loops": 1,
        "Workers Planned": 1,
        "Workers Launched": 1,
        "Single Copy": false,
        "Plans": [
          {
            "Node Type": "Aggregate",
            "Strategy": "Plain",
            "Partial Mode": "Partial",
            "Parent Relationship": "Outer",
            "Parallel Aware": false,
            "Startup Cost": 692490.43,
            "Total Cost": 692490.44,
            "Plan Rows": 1,
            "Plan Width": 8,
            "Actual Startup Time": 3086.391,
            "Actual Total Time": 3086.397,
            "Actual Rows": 1,
            "Actual Loops": 2,
            "Plans": [
              {
                "Node Type": "Hash Join",
                "Parent Relationship": "Outer",
                "Parallel Aware": true,
                "Join Type": "Inner",
                "Startup Cost": 386721.31,
                "Total Cost": 685272.19,
                "Plan Rows": 2887299,
                "Plan Width": 0,
                "Actual Startup Time": 946.414,
                "Actual Total Time": 2941.299,
                "Actual Rows": 3632238,
                "Actual Loops": 2,
                "Inner Unique": false,
                "Hash Cond": "(mi.movie_id = t.id)",
                "Plans": [
                  {
                    "Node Type": "Seq Scan",
                    "Parent Relationship": "Outer",
                    "Parallel Aware": true,
                    "Relation Name": "movie_info",
                    "Alias": "mi",
                    "Startup Cost": 0.0,
                    "Total Cost": 248955.74,
                    "Plan Rows": 8696274,
                    "Plan Width": 4,
                    "Actual Startup Time": 0.021,
                    "Actual Total Time": 602.488,
                    "Actual Rows": 7417860,
                    "Actual Loops": 2
                  },
                  {
                    "Node Type": "Hash",
                    "Parent Relationship": "Inner",
                    "Parallel Aware": true,
                    "Startup Cost": 380549.01,
                    "Total Cost": 380549.01,
                    "Plan Rows": 493784,
                    "Plan Width": 8,
                    "Actual Startup Time": 937.512,
                    "Actual Total Time": 937.517,
                    "Actual Rows": 265522,
                    "Actual Loops": 2,
                    "Hash Buckets": 1048576,
                    "Original Hash Buckets": 1048576,
                    "Hash Batches": 1,
                    "Original Hash Batches": 1,
                    "Peak Memory Usage": 28992,
                    "Plans": [
                      {
                        "Node Type": "Hash Join",
                        "Parent Relationship": "Outer",
                        "Parallel Aware": true,
                        "Join Type": "Inner",
                        "Startup Cost": 110192.48,
                        "Total Cost": 380549.01,
                        "Plan Rows": 493784,
                        "Plan Width": 8,
                        "Actual Startup Time": 694.187,
                        "Actual Total Time": 870.865,
                        "Actual Rows": 265522,
                        "Actual Loops": 2,
                        "Inner Unique": true,
                        "Hash Cond": "(ci.movie_id = t.id)",
                        "Plans": [
                          {
                            "Node Type": "Bitmap Heap Scan",
                            "Parent Relationship": "Outer",
                            "Parallel Aware": true,
                            "Relation Name": "cast_info",
                            "Alias": "ci",
                            "Startup Cost": 40731.78,
                            "Total Cost": 309792.13,
                            "Plan Rows": 493784,
                            "Plan Width": 4,
                            "Actual Startup Time": 172.805,
                            "Actual Total Time": 220.123,
                            "Actual Rows": 265522,
                            "Actual Loops": 2,
                            "Recheck Cond": "(person_id < 184883)",
                            "Rows Removed by Index Recheck": 0,
                            "Filter": "(role_id > 2)",
                            "Rows Removed by Filter": 673541,
                            "Exact Heap Blocks": 11358,
                            "Lossy Heap Blocks": 0,
                            "Plans": [
                              {
                                "Node Type": "Bitmap Index Scan",
                                "Parent Relationship": "Outer",
                                "Parallel Aware": false,
                                "Index Name": "person_id_cast_info",
                                "Startup Cost": 0.0,
                                "Total Cost": 40521.92,
                                "Plan Rows": 1855647,
                                "Plan Width": 0,
                                "Actual Startup Time": 101.862,
                                "Actual Total Time": 101.863,
                                "Actual Rows": 1878126,
                                "Actual Loops": 1,
                                "Index Cond": "(person_id < 184883)"
                              }
                            ]
                          },
                          {
                            "Node Type": "Hash",
                            "Parent Relationship": "Inner",
                            "Parallel Aware": true,
                            "Startup Cost": 50870.31,
                            "Total Cost": 50870.31,
                            "Plan Rows": 1487231,
                            "Plan Width": 4,
                            "Actual Startup Time": 506.502,
                            "Actual Total Time": 506.503,
                            "Actual Rows": 1264156,
                            "Actual Loops": 2,
                            "Hash Buckets": 4194304,
                            "Original Hash Buckets": 4194304,
                            "Hash Batches": 1,
                            "Original Hash Batches": 1,
                            "Peak Memory Usage": 131680,
                            "Plans": [
                              {
                                "Node Type": "Seq Scan",
                                "Parent Relationship": "Outer",
                                "Parallel Aware": true,
                                "Relation Name": "title",
                                "Alias": "t",
                                "Startup Cost": 0.0,
                                "Total Cost": 50870.31,
                                "Plan Rows": 1487231,
                                "Plan Width": 4,
                                "Actual Startup Time": 0.032,
                                "Actual Total Time": 144.753,
                                "Actual Rows": 1264156,
                                "Actual Loops": 2
                              }
                            ]
                          }
                        ]
                      }
                    ]
                  }
                ]
              }
            ]
          }
        ]
      }
    ]
  },
  "Planning Time": 0.905,
  "Triggers": [],
  "Execution Time": 3142.064
}