[
  {
    "Plan": {
      "Node Type": "Aggregate",
      "Strategy": "Plain",
      "Partial Mode": "Finalize",
      "Parallel Aware": false,
      "Startup Cost": 306254.62,
      "Total Cost": 306254.63,
      "Plan Rows": 1,
      "Plan Width": 8,
      "Actual Startup Time": 3507.408,
      "Actual Total Time": 3554.246,
      "Actual Rows": 1,
      "Actual Loops": 1,
      "Plans": [
        {
          "Node Type": "Gather",
          "Parent Relationship": "Outer",
          "Parallel Aware": false,
          "Startup Cost": 306254.1,
          "Total Cost": 306254.61,
          "Plan Rows": 5,
          "Plan Width": 8,
          "Actual Startup Time": 3494.574,
          "Actual Total Time": 3554.205,
          "Actual Rows": 6,
          "Actual Loops": 1,
          "Workers Planned": 5,
          "Workers Launched": 5,
          "Single Copy": false,
          "Plans": [
            {
              "Node Type": "Aggregate",
              "Strategy": "Plain",
              "Partial Mode": "Partial",
              "Parent Relationship": "Outer",
              "Parallel Aware": false,
              "Startup Cost": 305254.1,
              "Total Cost": 305254.11,
              "Plan Rows": 1,
              "Plan Width": 8,
              "Actual Startup Time": 3486.398,
              "Actual Total Time": 3486.91,
              "Actual Rows": 1,
              "Actual Loops": 6,
              "Plans": [
                {
                  "Node Type": "Hash Join",
                  "Parent Relationship": "Outer",
                  "Parallel Aware": true,
                  "Join Type": "Inner",
                  "Startup Cost": 96583.65,
                  "Total Cost": 302699.58,
                  "Plan Rows": 1021809,
                  "Plan Width": 0,
                  "Actual Startup Time": 469.155,
                  "Actual Total Time": 2667.593,
                  "Actual Rows": 19242539,
                  "Actual Loops": 6,
                  "Inner Unique": false,
                  "Hash Cond": "(mi.movie_id = t.id)",
                  "Plans": [
                    {
                      "Node Type": "Seq Scan",
                      "Parent Relationship": "Outer",
                      "Parallel Aware": true,
                      "Relation Name": "movie_info",
                      "Alias": "mi",
                      "Startup Cost": 0.0,
                      "Total Cost": 191685.19,
                      "Plan Rows": 2969219,
                      "Plan Width": 4,
                      "Actual Startup Time": 0.04,
                      "Actual Total Time": 293.791,
                      "Actual Rows": 2472620,
                      "Actual Loops": 6
                    },
                    {
                      "Node Type": "Hash",
                      "Parent Relationship": "Inner",
                      "Parallel Aware": true,
                      "Startup Cost": 93075.11,
                      "Total Cost": 93075.11,
                      "Plan Rows": 280683,
                      "Plan Width": 8,
                      "Actual Startup Time": 465.367,
                      "Actual Total Time": 465.876,
                      "Actual Rows": 338790,
                      "Actual Loops": 6,
                      "Hash Buckets": 2097152,
                      "Original Hash Buckets": 1048576,
                      "Hash Batches": 1,
                      "Original Hash Batches": 1,
                      "Peak Memory Usage": 104192,
                      "Plans": [
                        {
                          "Node Type": "Hash Join",
                          "Parent Relationship": "Outer",
                          "Parallel Aware": true,
                          "Join Type": "Inner",
                          "Startup Cost": 48354.45,
                          "Total Cost": 93075.11,
                          "Plan Rows": 280683,
                          "Plan Width": 8,
                          "Actual Startup Time": 158.254,
                          "Actual Total Time": 329.675,
                          "Actual Rows": 338790,
                          "Actual Loops": 6,
                          "Inner Unique": true,
                          "Hash Cond": "(mk.movie_id = t.id)",
                          "Plans": [
                            {
                              "Node Type": "Seq Scan",
                              "Parent Relationship": "Outer",
                              "Parallel Aware": true,
                              "Relation Name": "movie_keyword",
                              "Alias": "mk",
                              "Startup Cost": 0.0,
                              "Total Cost": 42695.65,
                              "Plan Rows": 771433,
                              "Plan Width": 4,
                              "Actual Startup Time": 0.03,
                              "Actual Total Time": 86.146,
                              "Actual Rows": 401064,
                              "Actual Loops": 6,
                              "Filter": "(keyword_id < 5614)",
                              "Rows Removed by Filter": 352924
                            },
                            {
                              "Node Type": "Hash",
                              "Parent Relationship": "Inner",
                              "Parallel Aware": true,
                              "Startup Cost": 45479.59,
                              "Total Cost": 45479.59,
                              "Plan Rows": 229989,
                              "Plan Width": 4,
                              "Actual Startup Time": 156.643,
                              "Actual Total Time": 156.646,
                              "Actual Rows": 145634,
                              "Actual Loops": 6,
                              "Hash Buckets": 1048576,
                              "Original Hash Buckets": 1048576,
                              "Hash Batches": 1,
                              "Original Hash Batches": 1,
                              "Peak Memory Usage": 42496,
                              "Plans": [
                                {
                                  "Node Type": "Seq Scan",
                                  "Parent Relationship": "Outer",
                                  "Parallel Aware": true,
                                  "Relation Name": "title",
                                  "Alias": "t",
                                  "Startup Cost": 0.0,
                                  "Total Cost": 45479.59,
                                  "Plan Rows": 229989,
                                  "Plan Width": 4,
                                  "Actual Startup Time": 0.047,
                                  "Actual Total Time": 87.088,
                                  "Actual Rows": 145634,
                                  "Actual Loops": 6,
                                  "Filter": "((kind_id < 7) AND (production_year > 1925))",
                                  "Rows Removed by Filter": 275752
                                }
                              ]
                            }
                          ]
                        }
                      ]
                    }
                  ]
                }
              ]
            }
          ]
        }
      ]
    },
    "Planning Time": 0.966,
    "Triggers": [],
    "Execution Time": 3554.314
  }
]