{
  "Plan": {
    "Node Type": "Aggregate",
    "Strategy": "Plain",
    "Partial Mode": "Finalize",
    "Parallel Aware": false,
    "Startup Cost": 92631.6,
    "Total Cost": 92631.61,
    "Plan Rows": 1,
    "Plan Width": 8,
    "Actual Startup Time": 245.097,
    "Actual Total Time": 263.252,
    "Actual Rows": 1,
    "Actual Loops": 1,
    "Plans": [
      {
        "Node Type": "Gather",
        "Parent Relationship": "Outer",
        "Parallel Aware": false,
        "Startup Cost": 92631.49,
        "Total Cost": 92631.6,
        "Plan Rows": 1,
        "Plan Width": 8,
        "Actual Startup Time": 244.605,
        "Actual Total Time": 263.244,
        "Actual Rows": 2,
        "Actual Loops": 1,
        "Workers Planned": 1,
        "Workers Launched": 1,
        "Single Copy": false,
        "Plans": [
          {
            "Node Type": "Aggregate",
            "Strategy": "Plain",
            "Partial Mode": "Partial",
            "Parent Relationship": "Outer",
            "Parallel Aware": false,
            "Startup Cost": 91631.49,
            "Total Cost": 91631.5,
            "Plan Rows": 1,
            "Plan Width": 8,
            "Actual Startup Time": 238.775,
            "Actual Total Time": 238.779,
            "Actual Rows": 1,
            "Actual Loops": 2,
            "Plans": [
              {
                "Node Type": "Hash Join",
                "Parent Relationship": "Outer",
                "Parallel Aware": true,
                "Join Type": "Inner",
                "Startup Cost": 64717.78,
                "Total Cost": 91618.98,
                "Plan Rows": 5006,
                "Plan Width": 0,
                "Actual Startup Time": 172.231,
                "Actual Total Time": 238.729,
                "Actual Rows": 599,
                "Actual Loops": 2,
                "Inner Unique": true,
                "Hash Cond": "(mk.movie_id = t.id)",
                "Plans": [
                  {
                    "Node Type": "Bitmap Heap Scan",
                    "Parent Relationship": "Outer",
                    "Parallel Aware": true,
                    "Relation Name": "movie_keyword",
                    "Alias": "mk",
                    "Startup Cost": 5836.12,
                    "Total Cost": 32312.6,
                    "Plan Rows": 161798,
                    "Plan Width": 4,
                    "Actual Startup Time": 20.895,
                    "Actual Total Time": 69.944,
                    "Actual Rows": 135556,
                    "Actual Loops": 2,
                    "Recheck Cond": "(keyword_id > 58161)",
                    "Rows Removed by Index Recheck": 0,
                    "Exact Heap Blocks": 12222,
                    "Lossy Heap Blocks": 0,
                    "Plans": [
                      {
                        "Node Type": "Bitmap Index Scan",
                        "Parent Relationship": "Outer",
                        "Parallel Aware": false,
                        "Index Name": "keyword_id_movie_keyword",
                        "Startup Cost": 0.0,
                        "Total Cost": 5767.36,
                        "Plan Rows": 275057,
                        "Plan Width": 0,
                        "Actual Startup Time": 17.745,
                        "Actual Total Time": 17.745,
                        "Actual Rows": 271112,
                        "Actual Loops": 1,
                        "Index Cond": "(keyword_id > 58161)"
                      }
                    ]
                  },
                  {
                    "Node Type": "Hash",
                    "Parent Relationship": "Inner",
                    "Parallel Aware": true,
                    "Startup Cost": 58306.47,
                    "Total Cost": 58306.47,
                    "Plan Rows": 46015,
                    "Plan Width": 4,
                    "Actual Startup Time": 148.757,
                    "Actual Total Time": 148.758,
                    "Actual Rows": 42342,
                    "Actual Loops": 2,
                    "Hash Buckets": 131072,
                    "Original Hash Buckets": 131072,
                    "Hash Batches": 1,
                    "Original Hash Batches": 1,
                    "Peak Memory Usage": 4352,
                    "Plans": [
                      {
                        "Node Type": "Seq Scan",
                        "Parent Relationship": "Outer",
                        "Parallel Aware": true,
                        "Relation Name": "title",
                        "Alias": "t",
                        "Startup Cost": 0.0,
                        "Total Cost": 58306.47,
                        "Plan Rows": 46015,
                        "Plan Width": 4,
                        "Actual Startup Time": 0.049,
                        "Actual Total Time": 137.67,
                        "Actual Rows": 42342,
                        "Actual Loops": 2,
                        "Filter": "((kind_id = 7) AND (production_year = 2009))",
                        "Rows Removed by Filter": 1221814
                      }
                    ]
                  }
                ]
              }
            ]
          }
        ]
      }
    ]
  },
  "Planning Time": 0.481,
  "Triggers": [],
  "Execution Time": 263.347
}