{
  "Plan": {
    "Node Type": "Aggregate",
    "Strategy": "Plain",
    "Partial Mode": "Finalize",
    "Parallel Aware": false,
    "Startup Cost": 124877.95,
    "Total Cost": 124877.96,
    "Plan Rows": 1,
    "Plan Width": 8,
    "Actual Startup Time": 161.831,
    "Actual Total Time": 179.326,
    "Actual Rows": 1,
    "Actual Loops": 1,
    "Plans": [
      {
        "Node Type": "Gather",
        "Parent Relationship": "Outer",
        "Parallel Aware": false,
        "Startup Cost": 124877.84,
        "Total Cost": 124877.95,
        "Plan Rows": 1,
        "Plan Width": 8,
        "Actual Startup Time": 161.721,
        "Actual Total Time": 179.319,
        "Actual Rows": 2,
        "Actual Loops": 1,
        "Workers Planned": 1,
        "Workers Launched": 1,
        "Single Copy": false,
        "Plans": [
          {
            "Node Type": "Aggregate",
            "Strategy": "Plain",
            "Partial Mode": "Partial",
            "Parent Relationship": "Outer",
            "Parallel Aware": false,
            "Startup Cost": 123877.84,
            "Total Cost": 123877.85,
            "Plan Rows": 1,
            "Plan Width": 8,
            "Actual Startup Time": 155.87,
            "Actual Total Time": 155.871,
            "Actual Rows": 1,
            "Actual Loops": 2,
            "Plans": [
              {
                "Node Type": "Nested Loop",
                "Parent Relationship": "Outer",
                "Parallel Aware": false,
                "Join Type": "Inner",
                "Startup Cost": 0.43,
                "Total Cost": 123877.04,
                "Plan Rows": 321,
                "Plan Width": 0,
                "Actual Startup Time": 92.626,
                "Actual Total Time": 155.794,
                "Actual Rows": 709,
                "Actual Loops": 2,
                "Inner Unique": false,
                "Plans": [
                  {
                    "Node Type": "Seq Scan",
                    "Parent Relationship": "Outer",
                    "Parallel Aware": true,
                    "Relation Name": "title",
                    "Alias": "t",
                    "Startup Cost": 0.0,
                    "Total Cost": 58306.47,
                    "Plan Rows": 418,
                    "Plan Width": 4,
                    "Actual Startup Time": 92.544,
                    "Actual Total Time": 135.253,
                    "Actual Rows": 874,
                    "Actual Loops": 2,
                    "Filter": "((kind_id < 7) AND (production_year = 1901))",
                    "Rows Removed by Filter": 1263282
                  },
                  {
                    "Node Type": "Index Scan",
                    "Parent Relationship": "Inner",
                    "Parallel Aware": false,
                    "Scan Direction": "Forward",
                    "Index Name": "movie_id_movie_info",
                    "Relation Name": "movie_info",
                    "Alias": "mi",
                    "Startup Cost": 0.43,
                    "Total Cost": 156.81,
                    "Plan Rows": 6,
                    "Plan Width": 4,
                    "Actual Startup Time": 0.016,
                    "Actual Total Time": 0.023,
                    "Actual Rows": 1,
                    "Actual Loops": 1747,
                    "Index Cond": "(movie_id = t.id)",
                    "Rows Removed by Index Recheck": 0,
                    "Filter": "(info_type_id > 17)",
                    "Rows Removed by Filter": 8
                  }
                ]
              }
            ]
          }
        ]
      }
    ]
  },
  "Planning Time": 0.458,
  "Triggers": [],
  "Execution Time": 179.399
}