[
  {
    "Plan": {
      "Node Type": "Aggregate",
      "Strategy": "Plain",
      "Partial Mode": "Finalize",
      "Parallel Aware": false,
      "Startup Cost": 24311.36,
      "Total Cost": 24311.37,
      "Plan Rows": 1,
      "Plan Width": 8,
      "Actual Startup Time": 5.491,
      "Actual Total Time": 6.294,
      "Actual Rows": 1,
      "Actual Loops": 1,
      "Plans": [
        {
          "Node Type": "Gather",
          "Parent Relationship": "Outer",
          "Parallel Aware": false,
          "Startup Cost": 24311.14,
          "Total Cost": 24311.35,
          "Plan Rows": 2,
          "Plan Width": 8,
          "Actual Startup Time": 5.286,
          "Actual Total Time": 6.289,
          "Actual Rows": 3,
          "Actual Loops": 1,
          "Workers Planned": 2,
          "Workers Launched": 2,
          "Single Copy": false,
          "Plans": [
            {
              "Node Type": "Aggregate",
              "Strategy": "Plain",
              "Partial Mode": "Partial",
              "Parent Relationship": "Outer",
              "Parallel Aware": false,
              "Startup Cost": 23311.14,
              "Total Cost": 23311.15,
              "Plan Rows": 1,
              "Plan Width": 8,
              "Actual Startup Time": 1.836,
              "Actual Total Time": 1.837,
              "Actual Rows": 1,
              "Actual Loops": 3,
              "Plans": [
                {
                  "Node Type": "Nested Loop",
                  "Parent Relationship": "Outer",
                  "Parallel Aware": false,
                  "Join Type": "Inner",
                  "Startup Cost": 136.35,
                  "Total Cost": 23309.42,
                  "Plan Rows": 687,
                  "Plan Width": 0,
                  "Actual Startup Time": 0.688,
                  "Actual Total Time": 1.828,
                  "Actual Rows": 69,
                  "Actual Loops": 3,
                  "Inner Unique": false,
                  "Plans": [
                    {
                      "Node Type": "Nested Loop",
                      "Parent Relationship": "Outer",
                      "Parallel Aware": false,
                      "Join Type": "Inner",
                      "Startup Cost": 135.93,
                      "Total Cost": 22639.63,
                      "Plan Rows": 1258,
                      "Plan Width": 8,
                      "Actual Startup Time": 0.683,
                      "Actual Total Time": 1.607,
                      "Actual Rows": 24,
                      "Actual Loops": 3,
                      "Inner Unique": true,
                      "Plans": [
                        {
                          "Node Type": "Bitmap Heap Scan",
                          "Parent Relationship": "Outer",
                          "Parallel Aware": true,
                          "Relation Name": "movie_companies",
                          "Alias": "mc",
                          "Startup Cost": 135.5,
                          "Total Cost": 12936.07,
                          "Plan Rows": 1258,
                          "Plan Width": 4,
                          "Actual Startup Time": 0.677,
                          "Actual Total Time": 1.414,
                          "Actual Rows": 24,
                          "Actual Loops": 3,
                          "Recheck Cond": "(company_id = 1284)",
                          "Rows Removed by Index Recheck": 0,
                          "Filter": "(company_type_id < 2)",
                          "Rows Removed by Filter": 2094,
                          "Exact Heap Blocks": 700,
                          "Lossy Heap Blocks": 0,
                          "Plans": [
                            {
                              "Node Type": "Bitmap Index Scan",
                              "Parent Relationship": "Outer",
                              "Parallel Aware": false,
                              "Index Name": "company_id_movie_companies",
                              "Startup Cost": 0.0,
                              "Total Cost": 134.74,
                              "Plan Rows": 6175,
                              "Plan Width": 0,
                              "Actual Startup Time": 1.413,
                              "Actual Total Time": 1.414,
                              "Actual Rows": 6354,
                              "Actual Loops": 1,
                              "Index Cond": "(company_id = 1284)"
                            }
                          ]
                        },
                        {
                          "Node Type": "Index Only Scan",
                          "Parent Relationship": "Inner",
                          "Parallel Aware": false,
                          "Scan Direction": "Forward",
                          "Index Name": "title_pkey",
                          "Relation Name": "title",
                          "Alias": "t",
                          "Startup Cost": 0.43,
                          "Total Cost": 7.71,
                          "Plan Rows": 1,
                          "Plan Width": 4,
                          "Actual Startup Time": 0.008,
                          "Actual Total Time": 0.008,
                          "Actual Rows": 1,
                          "Actual Loops": 72,
                          "Index Cond": "(id = mc.movie_id)",
                          "Rows Removed by Index Recheck": 0,
                          "Heap Fetches": 72
                        }
                      ]
                    },
                    {
                      "Node Type": "Index Only Scan",
                      "Parent Relationship": "Inner",
                      "Parallel Aware": false,
                      "Scan Direction": "Forward",
                      "Index Name": "movie_id_movie_info_idx",
                      "Relation Name": "movie_info_idx",
                      "Alias": "mi_idx",
                      "Startup Cost": 0.43,
                      "Total Cost": 0.5,
                      "Plan Rows": 3,
                      "Plan Width": 4,
                      "Actual Startup Time": 0.008,
                      "Actual Total Time": 0.009,
                      "Actual Rows": 3,
                      "Actual Loops": 72,
                      "Index Cond": "(movie_id = t.id)",
                      "Rows Removed by Index Recheck": 0,
                      "Heap Fetches": 207
                    }
                  ]
                }
              ]
            }
          ]
        }
      ]
    },
    "Planning Time": 0.459,
    "Triggers": [],
    "Execution Time": 6.334
  }
]