[
  {
    "Plan": {
      "Node Type": "Aggregate",
      "Strategy": "Plain",
      "Partial Mode": "Finalize",
      "Parallel Aware": false,
      "Startup Cost": 299052.62,
      "Total Cost": 299052.63,
      "Plan Rows": 1,
      "Plan Width": 8,
      "Actual Startup Time": 860.169,
      "Actual Total Time": 879.934,
      "Actual Rows": 1,
      "Actual Loops": 1,
      "Plans": [
        {
          "Node Type": "Gather",
          "Parent Relationship": "Outer",
          "Parallel Aware": false,
          "Startup Cost": 299052.3,
          "Total Cost": 299052.61,
          "Plan Rows": 3,
          "Plan Width": 8,
          "Actual Startup Time": 852.696,
          "Actual Total Time": 879.925,
          "Actual Rows": 4,
          "Actual Loops": 1,
          "Workers Planned": 3,
          "Workers Launched": 3,
          "Single Copy": false,
          "Plans": [
            {
              "Node Type": "Aggregate",
              "Strategy": "Plain",
              "Partial Mode": "Partial",
              "Parent Relationship": "Outer",
              "Parallel Aware": false,
              "Startup Cost": 298052.3,
              "Total Cost": 298052.31,
              "Plan Rows": 1,
              "Plan Width": 8,
              "Actual Startup Time": 849.516,
              "Actual Total Time": 849.881,
              "Actual Rows": 1,
              "Actual Loops": 4,
              "Plans": [
                {
                  "Node Type": "Hash Join",
                  "Parent Relationship": "Outer",
                  "Parallel Aware": true,
                  "Join Type": "Inner",
                  "Startup Cost": 251278.47,
                  "Total Cost": 297363.2,
                  "Plan Rows": 275640,
                  "Plan Width": 0,
                  "Actual Startup Time": 696.699,
                  "Actual Total Time": 847.129,
                  "Actual Rows": 65990,
                  "Actual Loops": 4,
                  "Inner Unique": false,
                  "Hash Cond": "(mk.movie_id = t.id)",
                  "Plans": [
                    {
                      "Node Type": "Seq Scan",
                      "Parent Relationship": "Outer",
                      "Parallel Aware": true,
                      "Relation Name": "movie_keyword",
                      "Alias": "mk",
                      "Startup Cost": 0.0,
                      "Total Cost": 42695.65,
                      "Plan Rows": 756747,
                      "Plan Width": 4,
                      "Actual Startup Time": 0.014,
                      "Actual Total Time": 95.005,
                      "Actual Rows": 588008,
                      "Actual Loops": 4,
                      "Filter": "(keyword_id < 5274)",
                      "Rows Removed by Filter": 542974
                    },
                    {
                      "Node Type": "Hash",
                      "Parent Relationship": "Inner",
                      "Parallel Aware": true,
                      "Startup Cost": 248976.15,
                      "Total Cost": 248976.15,
                      "Plan Rows": 184185,
                      "Plan Width": 8,
                      "Actual Startup Time": 694.643,
                      "Actual Total Time": 695.006,
                      "Actual Rows": 87120,
                      "Actual Loops": 4,
                      "Hash Buckets": 1048576,
                      "Original Hash Buckets": 1048576,
                      "Hash Batches": 1,
                      "Original Hash Batches": 1,
                      "Peak Memory Usage": 21888,
                      "Plans": [
                        {
                          "Node Type": "Hash Join",
                          "Parent Relationship": "Outer",
                          "Parallel Aware": true,
                          "Join Type": "Inner",
                          "Startup Cost": 49015.05,
                          "Total Cost": 248976.15,
                          "Plan Rows": 184185,
                          "Plan Width": 8,
                          "Actual Startup Time": 222.955,
                          "Actual Total Time": 663.231,
                          "Actual Rows": 87120,
                          "Actual Loops": 4,
                          "Inner Unique": true,
                          "Hash Cond": "(mi.movie_id = t.id)",
                          "Plans": [
                            {
                              "Node Type": "Seq Scan",
                              "Parent Relationship": "Outer",
                              "Parallel Aware": true,
                              "Relation Name": "movie_info",
                              "Alias": "mi",
                              "Startup Cost": 0.0,
                              "Total Cost": 198880.74,
                              "Plan Rows": 411570,
                              "Plan Width": 4,
                              "Actual Startup Time": 32.112,
                              "Actual Total Time": 336.372,
                              "Actual Rows": 522767,
                              "Actual Loops": 4,
                              "Filter": "(info_type_id < 3)",
                              "Rows Removed by Filter": 3186163
                            },
                            {
                              "Node Type": "Hash",
                              "Parent Relationship": "Inner",
                              "Parallel Aware": true,
                              "Startup Cost": 45479.21,
                              "Total Cost": 45479.21,
                              "Plan Rows": 282867,
                              "Plan Width": 4,
                              "Actual Startup Time": 187.997,
                              "Actual Total Time": 187.998,
                              "Actual Rows": 308822,
                              "Actual Loops": 4,
                              "Hash Buckets": 2097152,
                              "Original Hash Buckets": 2097152,
                              "Hash Batches": 1,
                              "Original Hash Batches": 1,
                              "Peak Memory Usage": 64768,
                              "Plans": [
                                {
                                  "Node Type": "Seq Scan",
                                  "Parent Relationship": "Outer",
                                  "Parallel Aware": true,
                                  "Relation Name": "title",
                                  "Alias": "t",
                                  "Startup Cost": 0.0,
                                  "Total Cost": 45479.21,
                                  "Plan Rows": 282867,
                                  "Plan Width": 4,
                                  "Actual Startup Time": 0.023,
                                  "Actual Total Time": 90.864,
                                  "Actual Rows": 308822,
                                  "Actual Loops": 4,
                                  "Filter": "((production_year > 1984) AND (kind_id = 7))",
                                  "Rows Removed by Filter": 323256
                                }
                              ]
                            }
                          ]
                        }
                      ]
                    }
                  ]
                }
              ]
            }
          ]
        }
      ]
    },
    "Planning Time": 0.492,
    "Triggers": [],
    "Execution Time": 879.971
  }
]