[
  {
    "Plan": {
      "Node Type": "Aggregate",
      "Strategy": "Plain",
      "Partial Mode": "Finalize",
      "Parallel Aware": false,
      "Startup Cost": 39024.45,
      "Total Cost": 39024.46,
      "Plan Rows": 1,
      "Plan Width": 8,
      "Actual Startup Time": 134.663,
      "Actual Total Time": 142.936,
      "Actual Rows": 1,
      "Actual Loops": 1,
      "Plans": [
        {
          "Node Type": "Gather",
          "Parent Relationship": "Outer",
          "Parallel Aware": false,
          "Startup Cost": 39024.13,
          "Total Cost": 39024.44,
          "Plan Rows": 3,
          "Plan Width": 8,
          "Actual Startup Time": 134.454,
          "Actual Total Time": 142.927,
          "Actual Rows": 4,
          "Actual Loops": 1,
          "Workers Planned": 3,
          "Workers Launched": 3,
          "Single Copy": false,
          "Plans": [
            {
              "Node Type": "Aggregate",
              "Strategy": "Plain",
              "Partial Mode": "Partial",
              "Parent Relationship": "Outer",
              "Parallel Aware": false,
              "Startup Cost": 38024.13,
              "Total Cost": 38024.14,
              "Plan Rows": 1,
              "Plan Width": 8,
              "Actual Startup Time": 125.318,
              "Actual Total Time": 125.32,
              "Actual Rows": 1,
              "Actual Loops": 4,
              "Plans": [
                {
                  "Node Type": "Bitmap Heap Scan",
                  "Parent Relationship": "Outer",
                  "Parallel Aware": true,
                  "Relation Name": "movie_keyword",
                  "Alias": "mk",
                  "Startup Cost": 11049.55,
                  "Total Cost": 37604.03,
                  "Plan Rows": 168038,
                  "Plan Width": 0,
                  "Actual Startup Time": 47.523,
                  "Actual Total Time": 118.306,
                  "Actual Rows": 127122,
                  "Actual Loops": 4,
                  "Recheck Cond": "(keyword_id > 35704)",
                  "Rows Removed by Index Recheck": 0,
                  "Exact Heap Blocks": 9734,
                  "Lossy Heap Blocks": 0,
                  "Plans": [
                    {
                      "Node Type": "Bitmap Index Scan",
                      "Parent Relationship": "Outer",
                      "Parallel Aware": false,
                      "Index Name": "keyword_id_movie_keyword",
                      "Startup Cost": 0.0,
                      "Total Cost": 10919.33,
                      "Plan Rows": 520919,
                      "Plan Width": 0,
                      "Actual Startup Time": 52.334,
                      "Actual Total Time": 52.335,
                      "Actual Rows": 508488,
                      "Actual Loops": 1,
                      "Index Cond": "(keyword_id > 35704)"
                    }
                  ]
                }
              ]
            }
          ]
        }
      ]
    },
    "Planning Time": 0.156,
    "Triggers": [],
    "Execution Time": 143.008
  }
]