[
  {
    "Plan": {
      "Node Type": "Aggregate",
      "Strategy": "Plain",
      "Partial Mode": "Finalize",
      "Parallel Aware": false,
      "Startup Cost": 94551.14,
      "Total Cost": 94551.15,
      "Plan Rows": 1,
      "Plan Width": 8,
      "Actual Startup Time": 381.199,
      "Actual Total Time": 399.44,
      "Actual Rows": 1,
      "Actual Loops": 1,
      "Plans": [
        {
          "Node Type": "Gather",
          "Parent Relationship": "Outer",
          "Parallel Aware": false,
          "Startup Cost": 94550.82,
          "Total Cost": 94551.13,
          "Plan Rows": 3,
          "Plan Width": 8,
          "Actual Startup Time": 379.123,
          "Actual Total Time": 399.417,
          "Actual Rows": 4,
          "Actual Loops": 1,
          "Workers Planned": 3,
          "Workers Launched": 3,
          "Single Copy": false,
          "Plans": [
            {
              "Node Type": "Aggregate",
              "Strategy": "Plain",
              "Partial Mode": "Partial",
              "Parent Relationship": "Outer",
              "Parallel Aware": false,
              "Startup Cost": 93550.82,
              "Total Cost": 93550.83,
              "Plan Rows": 1,
              "Plan Width": 8,
              "Actual Startup Time": 368.31,
              "Actual Total Time": 368.374,
              "Actual Rows": 1,
              "Actual Loops": 4,
              "Plans": [
                {
                  "Node Type": "Hash Join",
                  "Parent Relationship": "Outer",
                  "Parallel Aware": true,
                  "Join Type": "Inner",
                  "Startup Cost": 62763.81,
                  "Total Cost": 93391.72,
                  "Plan Rows": 63639,
                  "Plan Width": 0,
                  "Actual Startup Time": 237.835,
                  "Actual Total Time": 359.605,
                  "Actual Rows": 227440,
                  "Actual Loops": 4,
                  "Inner Unique": false,
                  "Hash Cond": "(mc.movie_id = t.id)",
                  "Plans": [
                    {
                      "Node Type": "Seq Scan",
                      "Parent Relationship": "Outer",
                      "Parallel Aware": true,
                      "Relation Name": "movie_companies",
                      "Alias": "mc",
                      "Startup Cost": 0.0,
                      "Total Cost": 27206.55,
                      "Plan Rows": 841655,
                      "Plan Width": 4,
                      "Actual Startup Time": 0.023,
                      "Actual Total Time": 56.264,
                      "Actual Rows": 652282,
                      "Actual Loops": 4
                    },
                    {
                      "Node Type": "Hash",
                      "Parent Relationship": "Inner",
                      "Parallel Aware": true,
                      "Startup Cost": 61768.13,
                      "Total Cost": 61768.13,
                      "Plan Rows": 79654,
                      "Plan Width": 8,
                      "Actual Startup Time": 211.341,
                      "Actual Total Time": 211.403,
                      "Actual Rows": 61607,
                      "Actual Loops": 4,
                      "Hash Buckets": 262144,
                      "Original Hash Buckets": 262144,
                      "Hash Batches": 1,
                      "Original Hash Batches": 1,
                      "Peak Memory Usage": 11744,
                      "Plans": [
                        {
                          "Node Type": "Hash Join",
                          "Parent Relationship": "Outer",
                          "Parallel Aware": true,
                          "Join Type": "Inner",
                          "Startup Cost": 46573.57,
                          "Total Cost": 61768.13,
                          "Plan Rows": 79654,
                          "Plan Width": 8,
                          "Actual Startup Time": 152.205,
                          "Actual Total Time": 197.725,
                          "Actual Rows": 61607,
                          "Actual Loops": 4,
                          "Inner Unique": true,
                          "Hash Cond": "(mi_idx.movie_id = t.id)",
                          "Plans": [
                            {
                              "Node Type": "Seq Scan",
                              "Parent Relationship": "Outer",
                              "Parallel Aware": true,
                              "Relation Name": "movie_info_idx",
                              "Alias": "mi_idx",
                              "Startup Cost": 0.0,
                              "Total Cost": 13685.15,
                              "Plan Rows": 575015,
                              "Plan Width": 4,
                              "Actual Startup Time": 0.022,
                              "Actual Total Time": 27.477,
                              "Actual Rows": 345009,
                              "Actual Loops": 4
                            },
                            {
                              "Node Type": "Hash",
                              "Parent Relationship": "Inner",
                              "Parallel Aware": true,
                              "Startup Cost": 45479.1,
                              "Total Cost": 45479.1,
                              "Plan Rows": 87558,
                              "Plan Width": 4,
                              "Actual Startup Time": 124.372,
                              "Actual Total Time": 124.373,
                              "Actual Rows": 66319,
                              "Actual Loops": 4,
                              "Hash Buckets": 524288,
                              "Original Hash Buckets": 524288,
                              "Hash Batches": 1,
                              "Original Hash Batches": 1,
                              "Peak Memory Usage": 14528,
                              "Plans": [
                                {
                                  "Node Type": "Seq Scan",
                                  "Parent Relationship": "Outer",
                                  "Parallel Aware": true,
                                  "Relation Name": "title",
                                  "Alias": "t",
                                  "Startup Cost": 0.0,
                                  "Total Cost": 45479.1,
                                  "Plan Rows": 87558,
                                  "Plan Width": 4,
                                  "Actual Startup Time": 49.235,
                                  "Actual Total Time": 101.963,
                                  "Actual Rows": 66319,
                                  "Actual Loops": 4,
                                  "Filter": "((production_year > 2001) AND (kind_id = 1))",
                                  "Rows Removed by Filter": 565759
                                }
                              ]
                            }
                          ]
                        }
                      ]
                    }
                  ]
                }
              ]
            }
          ]
        }
      ]
    },
    "Planning Time": 1.446,
    "Triggers": [],
    "Execution Time": 399.526
  }
]