[
  {
    "Plan": {
      "Node Type": "Aggregate",
      "Strategy": "Plain",
      "Partial Mode": "Finalize",
      "Parallel Aware": false,
      "Startup Cost": 109792.46,
      "Total Cost": 109792.47,
      "Plan Rows": 1,
      "Plan Width": 8,
      "Actual Startup Time": 539.903,
      "Actual Total Time": 558.404,
      "Actual Rows": 1,
      "Actual Loops": 1,
      "Plans": [
        {
          "Node Type": "Gather",
          "Parent Relationship": "Outer",
          "Parallel Aware": false,
          "Startup Cost": 109792.25,
          "Total Cost": 109792.46,
          "Plan Rows": 2,
          "Plan Width": 8,
          "Actual Startup Time": 536.695,
          "Actual Total Time": 558.396,
          "Actual Rows": 3,
          "Actual Loops": 1,
          "Workers Planned": 2,
          "Workers Launched": 2,
          "Single Copy": false,
          "Plans": [
            {
              "Node Type": "Aggregate",
              "Strategy": "Plain",
              "Partial Mode": "Partial",
              "Parent Relationship": "Outer",
              "Parallel Aware": false,
              "Startup Cost": 108792.25,
              "Total Cost": 108792.26,
              "Plan Rows": 1,
              "Plan Width": 8,
              "Actual Startup Time": 530.432,
              "Actual Total Time": 530.438,
              "Actual Rows": 1,
              "Actual Loops": 3,
              "Plans": [
                {
                  "Node Type": "Hash Join",
                  "Parent Relationship": "Outer",
                  "Parallel Aware": true,
                  "Join Type": "Inner",
                  "Startup Cost": 92595.24,
                  "Total Cost": 108637.0,
                  "Plan Rows": 62097,
                  "Plan Width": 0,
                  "Actual Startup Time": 441.925,
                  "Actual Total Time": 527.516,
                  "Actual Rows": 60185,
                  "Actual Loops": 3,
                  "Inner Unique": false,
                  "Hash Cond": "(mi_idx.movie_id = t.id)",
                  "Plans": [
                    {
                      "Node Type": "Seq Scan",
                      "Parent Relationship": "Outer",
                      "Parallel Aware": true,
                      "Relation Name": "movie_info_idx",
                      "Alias": "mi_idx",
                      "Startup Cost": 0.0,
                      "Total Cost": 13685.15,
                      "Plan Rows": 575015,
                      "Plan Width": 4,
                      "Actual Startup Time": 0.016,
                      "Actual Total Time": 40.134,
                      "Actual Rows": 460012,
                      "Actual Loops": 3
                    },
                    {
                      "Node Type": "Hash",
                      "Parent Relationship": "Inner",
                      "Parallel Aware": true,
                      "Startup Cost": 91494.24,
                      "Total Cost": 91494.24,
                      "Plan Rows": 88080,
                      "Plan Width": 8,
                      "Actual Startup Time": 433.586,
                      "Actual Total Time": 433.59,
                      "Actual Rows": 35559,
                      "Actual Loops": 3,
                      "Hash Buckets": 524288,
                      "Original Hash Buckets": 524288,
                      "Hash Batches": 1,
                      "Original Hash Batches": 1,
                      "Peak Memory Usage": 8320,
                      "Plans": [
                        {
                          "Node Type": "Hash Join",
                          "Parent Relationship": "Outer",
                          "Parallel Aware": true,
                          "Join Type": "Inner",
                          "Startup Cost": 48101.94,
                          "Total Cost": 91494.24,
                          "Plan Rows": 88080,
                          "Plan Width": 8,
                          "Actual Startup Time": 254.187,
                          "Actual Total Time": 422.825,
                          "Actual Rows": 35559,
                          "Actual Loops": 3,
                          "Inner Unique": true,
                          "Hash Cond": "(mk.movie_id = t.id)",
                          "Plans": [
                            {
                              "Node Type": "Seq Scan",
                              "Parent Relationship": "Outer",
                              "Parallel Aware": true,
                              "Relation Name": "movie_keyword",
                              "Alias": "mk",
                              "Startup Cost": 0.0,
                              "Total Cost": 42695.65,
                              "Plan Rows": 265391,
                              "Plan Width": 4,
                              "Actual Startup Time": 2.208,
                              "Actual Total Time": 121.37,
                              "Actual Rows": 273722,
                              "Actual Loops": 3,
                              "Filter": "(keyword_id > 22334)",
                              "Rows Removed by Filter": 1234255
                            },
                            {
                              "Node Type": "Hash",
                              "Parent Relationship": "Inner",
                              "Parallel Aware": true,
                              "Startup Cost": 45479.59,
                              "Total Cost": 45479.59,
                              "Plan Rows": 209788,
                              "Plan Width": 4,
                              "Actual Startup Time": 247.578,
                              "Actual Total Time": 247.579,
                              "Actual Rows": 307670,
                              "Actual Loops": 3,
                              "Hash Buckets": 1048576,
                              "Original Hash Buckets": 1048576,
                              "Hash Batches": 1,
                              "Original Hash Batches": 1,
                              "Peak Memory Usage": 44352,
                              "Plans": [
                                {
                                  "Node Type": "Seq Scan",
                                  "Parent Relationship": "Outer",
                                  "Parallel Aware": true,
                                  "Relation Name": "title",
                                  "Alias": "t",
                                  "Startup Cost": 0.0,
                                  "Total Cost": 45479.59,
                                  "Plan Rows": 209788,
                                  "Plan Width": 4,
                                  "Actual Startup Time": 0.041,
                                  "Actual Total Time": 134.617,
                                  "Actual Rows": 307670,
                                  "Actual Loops": 3,
                                  "Filter": "((kind_id > 3) AND (production_year > 2002))",
                                  "Rows Removed by Filter": 535101
                                }
                              ]
                            }
                          ]
                        }
                      ]
                    }
                  ]
                }
              ]
            }
          ]
        }
      ]
    },
    "Planning Time": 1.337,
    "Triggers": [],
    "Execution Time": 558.488
  }
]