[
  {
    "Plan": {
      "Node Type": "Aggregate",
      "Strategy": "Plain",
      "Partial Mode": "Finalize",
      "Parallel Aware": false,
      "Startup Cost": 46512.23,
      "Total Cost": 46512.24,
      "Plan Rows": 1,
      "Plan Width": 8,
      "Actual Startup Time": 91.214,
      "Actual Total Time": 102.98,
      "Actual Rows": 1,
      "Actual Loops": 1,
      "Plans": [
        {
          "Node Type": "Gather",
          "Parent Relationship": "Outer",
          "Parallel Aware": false,
          "Startup Cost": 46511.81,
          "Total Cost": 46512.22,
          "Plan Rows": 4,
          "Plan Width": 8,
          "Actual Startup Time": 91.073,
          "Actual Total Time": 102.972,
          "Actual Rows": 5,
          "Actual Loops": 1,
          "Workers Planned": 4,
          "Workers Launched": 4,
          "Single Copy": false,
          "Plans": [
            {
              "Node Type": "Aggregate",
              "Strategy": "Plain",
              "Partial Mode": "Partial",
              "Parent Relationship": "Outer",
              "Parallel Aware": false,
              "Startup Cost": 45511.81,
              "Total Cost": 45511.82,
              "Plan Rows": 1,
              "Plan Width": 8,
              "Actual Startup Time": 83.197,
              "Actual Total Time": 83.198,
              "Actual Rows": 1,
              "Actual Loops": 5,
              "Plans": [
                {
                  "Node Type": "Seq Scan",
                  "Parent Relationship": "Outer",
                  "Parallel Aware": true,
                  "Relation Name": "title",
                  "Alias": "t",
                  "Startup Cost": 0.0,
                  "Total Cost": 45479.1,
                  "Plan Rows": 13084,
                  "Plan Width": 0,
                  "Actual Startup Time": 0.043,
                  "Actual Total Time": 82.135,
                  "Actual Rows": 11382,
                  "Actual Loops": 5,
                  "Filter": "((kind_id > 4) AND (production_year = 2004))",
                  "Rows Removed by Filter": 494280
                }
              ]
            }
          ]
        }
      ]
    },
    "Planning Time": 0.19,
    "Triggers": [],
    "Execution Time": 103.04
  }
]