[
  {
    "Plan": {
      "Node Type": "Aggregate",
      "Strategy": "Plain",
      "Partial Mode": "Finalize",
      "Parallel Aware": false,
      "Startup Cost": 189677.71,
      "Total Cost": 189677.72,
      "Plan Rows": 1,
      "Plan Width": 8,
      "Actual Startup Time": 2089.445,
      "Actual Total Time": 2175.669,
      "Actual Rows": 1,
      "Actual Loops": 1,
      "Plans": [
        {
          "Node Type": "Gather",
          "Parent Relationship": "Outer",
          "Parallel Aware": false,
          "Startup Cost": 189677.39,
          "Total Cost": 189677.7,
          "Plan Rows": 3,
          "Plan Width": 8,
          "Actual Startup Time": 2074.97,
          "Actual Total Time": 2175.658,
          "Actual Rows": 4,
          "Actual Loops": 1,
          "Workers Planned": 3,
          "Workers Launched": 3,
          "Single Copy": false,
          "Plans": [
            {
              "Node Type": "Aggregate",
              "Strategy": "Plain",
              "Partial Mode": "Partial",
              "Parent Relationship": "Outer",
              "Parallel Aware": false,
              "Startup Cost": 188677.39,
              "Total Cost": 188677.4,
              "Plan Rows": 1,
              "Plan Width": 8,
              "Actual Startup Time": 2057.992,
              "Actual Total Time": 2057.997,
              "Actual Rows": 1,
              "Actual Loops": 4,
              "Plans": [
                {
                  "Node Type": "Nested Loop",
                  "Parent Relationship": "Outer",
                  "Parallel Aware": false,
                  "Join Type": "Inner",
                  "Startup Cost": 54779.71,
                  "Total Cost": 186912.38,
                  "Plan Rows": 706003,
                  "Plan Width": 0,
                  "Actual Startup Time": 366.489,
                  "Actual Total Time": 1987.927,
                  "Actual Rows": 1499332,
                  "Actual Loops": 4,
                  "Inner Unique": false,
                  "Plans": [
                    {
                      "Node Type": "Hash Join",
                      "Parent Relationship": "Outer",
                      "Parallel Aware": true,
                      "Join Type": "Inner",
                      "Startup Cost": 54779.15,
                      "Total Cost": 80024.23,
                      "Plan Rows": 49241,
                      "Plan Width": 8,
                      "Actual Startup Time": 366.384,
                      "Actual Total Time": 431.722,
                      "Actual Rows": 39569,
                      "Actual Loops": 4,
                      "Inner Unique": true,
                      "Hash Cond": "(mk.movie_id = t.id)",
                      "Plans": [
                        {
                          "Node Type": "Bitmap Heap Scan",
                          "Parent Relationship": "Outer",
                          "Parallel Aware": true,
                          "Relation Name": "movie_keyword",
                          "Alias": "mk",
                          "Startup Cost": 3441.0,
                          "Total Cost": 28548.78,
                          "Plan Rows": 52303,
                          "Plan Width": 4,
                          "Actual Startup Time": 15.359,
                          "Actual Total Time": 45.941,
                          "Actual Rows": 40952,
                          "Actual Loops": 4,
                          "Recheck Cond": "(keyword_id < 121)",
                          "Rows Removed by Index Recheck": 0,
                          "Exact Heap Blocks": 6800,
                          "Lossy Heap Blocks": 0,
                          "Plans": [
                            {
                              "Node Type": "Bitmap Index Scan",
                              "Parent Relationship": "Outer",
                              "Parallel Aware": false,
                              "Index Name": "keyword_id_movie_keyword",
                              "Startup Cost": 0.0,
                              "Total Cost": 3400.47,
                              "Plan Rows": 162138,
                              "Plan Width": 0,
                              "Actual Startup Time": 11.932,
                              "Actual Total Time": 11.933,
                              "Actual Rows": 163809,
                              "Actual Loops": 1,
                              "Index Cond": "(keyword_id < 121)"
                            }
                          ]
                        },
                        {
                          "Node Type": "Hash",
                          "Parent Relationship": "Inner",
                          "Parallel Aware": true,
                          "Startup Cost": 43899.32,
                          "Total Cost": 43899.32,
                          "Plan Rows": 595106,
                          "Plan Width": 4,
                          "Actual Startup Time": 340.417,
                          "Actual Total Time": 340.417,
                          "Actual Rows": 594588,
                          "Actual Loops": 4,
                          "Hash Buckets": 4194304,
                          "Original Hash Buckets": 4194304,
                          "Hash Batches": 1,
                          "Original Hash Batches": 1,
                          "Peak Memory Usage": 125888,
                          "Plans": [
                            {
                              "Node Type": "Seq Scan",
                              "Parent Relationship": "Outer",
                              "Parallel Aware": true,
                              "Relation Name": "title",
                              "Alias": "t",
                              "Startup Cost": 0.0,
                              "Total Cost": 43899.32,
                              "Plan Rows": 595106,
                              "Plan Width": 4,
                              "Actual Startup Time": 0.045,
                              "Actual Total Time": 111.649,
                              "Actual Rows": 594588,
                              "Actual Loops": 4,
                              "Filter": "(production_year > 1917)",
                              "Rows Removed by Filter": 37490
                            }
                          ]
                        }
                      ]
                    },
                    {
                      "Node Type": "Index Only Scan",
                      "Parent Relationship": "Inner",
                      "Parallel Aware": false,
                      "Scan Direction": "Forward",
                      "Index Name": "movie_id_cast_info",
                      "Relation Name": "cast_info",
                      "Alias": "ci",
                      "Startup Cost": 0.56,
                      "Total Cost": 1.82,
                      "Plan Rows": 35,
                      "Plan Width": 4,
                      "Actual Startup Time": 0.006,
                      "Actual Total Time": 0.036,
                      "Actual Rows": 38,
                      "Actual Loops": 158275,
                      "Index Cond": "(movie_id = t.id)",
                      "Rows Removed by Index Recheck": 0,
                      "Heap Fetches": 5997327
                    }
                  ]
                }
              ]
            }
          ]
        }
      ]
    },
    "Planning Time": 1.148,
    "Triggers": [],
    "Execution Time": 2175.782
  }
]