{
  "Plan": {
    "Node Type": "Aggregate",
    "Strategy": "Plain",
    "Partial Mode": "Finalize",
    "Parallel Aware": false,
    "Startup Cost": 193912.95,
    "Total Cost": 193912.96,
    "Plan Rows": 1,
    "Plan Width": 8,
    "Actual Startup Time": 655.084,
    "Actual Total Time": 676.033,
    "Actual Rows": 1,
    "Actual Loops": 1,
    "Plans": [
      {
        "Node Type": "Gather",
        "Parent Relationship": "Outer",
        "Parallel Aware": false,
        "Startup Cost": 193912.84,
        "Total Cost": 193912.95,
        "Plan Rows": 1,
        "Plan Width": 8,
        "Actual Startup Time": 654.291,
        "Actual Total Time": 676.02,
        "Actual Rows": 2,
        "Actual Loops": 1,
        "Workers Planned": 1,
        "Workers Launched": 1,
        "Single Copy": false,
        "Plans": [
          {
            "Node Type": "Aggregate",
            "Strategy": "Plain",
            "Partial Mode": "Partial",
            "Parent Relationship": "Outer",
            "Parallel Aware": false,
            "Startup Cost": 192912.84,
            "Total Cost": 192912.85,
            "Plan Rows": 1,
            "Plan Width": 8,
            "Actual Startup Time": 647.974,
            "Actual Total Time": 647.984,
            "Actual Rows": 1,
            "Actual Loops": 2,
            "Plans": [
              {
                "Node Type": "Hash Join",
                "Parent Relationship": "Outer",
                "Parallel Aware": true,
                "Join Type": "Inner",
                "Startup Cost": 96098.25,
                "Total Cost": 192782.55,
                "Plan Rows": 52115,
                "Plan Width": 0,
                "Actual Startup Time": 346.183,
                "Actual Total Time": 646.773,
                "Actual Rows": 23548,
                "Actual Loops": 2,
                "Inner Unique": false,
                "Hash Cond": "(ci.movie_id = t.id)",
                "Plans": [
                  {
                    "Node Type": "Index Scan",
                    "Parent Relationship": "Outer",
                    "Parallel Aware": true,
                    "Scan Direction": "Forward",
                    "Index Name": "role_id_cast_info",
                    "Relation Name": "cast_info",
                    "Alias": "ci",
                    "Startup Cost": 0.56,
                    "Total Cost": 91565.57,
                    "Plan Rows": 1283397,
                    "Plan Width": 4,
                    "Actual Startup Time": 0.075,
                    "Actual Total Time": 211.481,
                    "Actual Rows": 815156,
                    "Actual Loops": 2,
                    "Index Cond": "(role_id = 4)",
                    "Rows Removed by Index Recheck": 0,
                    "Filter": "(person_id < 2845143)",
                    "Rows Removed by Filter": 549316
                  },
                  {
                    "Node Type": "Hash",
                    "Parent Relationship": "Inner",
                    "Parallel Aware": true,
                    "Startup Cost": 95342.79,
                    "Total Cost": 95342.79,
                    "Plan Rows": 60392,
                    "Plan Width": 8,
                    "Actual Startup Time": 343.617,
                    "Actual Total Time": 343.624,
                    "Actual Rows": 24527,
                    "Actual Loops": 2,
                    "Hash Buckets": 131072,
                    "Original Hash Buckets": 131072,
                    "Hash Batches": 1,
                    "Original Hash Batches": 1,
                    "Peak Memory Usage": 2976,
                    "Plans": [
                      {
                        "Node Type": "Hash Join",
                        "Parent Relationship": "Outer",
                        "Parallel Aware": true,
                        "Join Type": "Inner",
                        "Startup Cost": 31725.07,
                        "Total Cost": 95342.79,
                        "Plan Rows": 60392,
                        "Plan Width": 8,
                        "Actual Startup Time": 96.968,
                        "Actual Total Time": 335.028,
                        "Actual Rows": 24527,
                        "Actual Loops": 2,
                        "Inner Unique": false,
                        "Hash Cond": "(t.id = mc.movie_id)",
                        "Plans": [
                          {
                            "Node Type": "Seq Scan",
                            "Parent Relationship": "Outer",
                            "Parallel Aware": true,
                            "Relation Name": "title",
                            "Alias": "t",
                            "Startup Cost": 0.0,
                            "Total Cost": 58306.47,
                            "Plan Rows": 792960,
                            "Plan Width": 4,
                            "Actual Startup Time": 0.011,
                            "Actual Total Time": 152.447,
                            "Actual Rows": 662844,
                            "Actual Loops": 2,
                            "Filter": "((kind_id > 2) AND (production_year < 2010))",
                            "Rows Removed by Filter": 601312
                          },
                          {
                            "Node Type": "Hash",
                            "Parent Relationship": "Inner",
                            "Parallel Aware": true,
                            "Startup Cost": 30309.22,
                            "Total Cost": 30309.22,
                            "Plan Rows": 113268,
                            "Plan Width": 4,
                            "Actual Startup Time": 94.568,
                            "Actual Total Time": 94.571,
                            "Actual Rows": 43517,
                            "Actual Loops": 2,
                            "Hash Buckets": 262144,
                            "Original Hash Buckets": 262144,
                            "Hash Batches": 1,
                            "Original Hash Batches": 1,
                            "Peak Memory Usage": 5472,
                            "Plans": [
                              {
                                "Node Type": "Bitmap Heap Scan",
                                "Parent Relationship": "Outer",
                                "Parallel Aware": true,
                                "Relation Name": "movie_companies",
                                "Alias": "mc",
                                "Startup Cost": 8172.92,
                                "Total Cost": 30309.22,
                                "Plan Rows": 113268,
                                "Plan Width": 4,
                                "Actual Startup Time": 68.771,
                                "Actual Total Time": 85.153,
                                "Actual Rows": 43517,
                                "Actual Loops": 2,
                                "Recheck Cond": "(company_id < 225)",
                                "Rows Removed by Index Recheck": 0,
                                "Filter": "(company_type_id > 1)",
                                "Rows Removed by Filter": 144794,
                                "Exact Heap Blocks": 13992,
                                "Lossy Heap Blocks": 0,
                                "Plans": [
                                  {
                                    "Node Type": "Bitmap Index Scan",
                                    "Parent Relationship": "Outer",
                                    "Parallel Aware": false,
                                    "Index Name": "company_id_movie_companies",
                                    "Startup Cost": 0.0,
                                    "Total Cost": 8124.78,
                                    "Plan Rows": 379247,
                                    "Plan Width": 0,
                                    "Actual Startup Time": 29.708,
                                    "Actual Total Time": 29.709,
                                    "Actual Rows": 376622,
                                    "Actual Loops": 1,
                                    "Index Cond": "(company_id < 225)"
                                  }
                                ]
                              }
                            ]
                          }
                        ]
                      }
                    ]
                  }
                ]
              }
            ]
          }
        ]
      }
    ]
  },
  "Planning Time": 1.117,
  "Triggers": [],
  "Execution Time": 676.153
}